<?xml version="1.0" encoding="UTF-8" standalone="yes"?>
<testsuites name="superWild_1" time="583" tests="0" failures="0" errors="1">
    <testsuite name="superWild_1" tests="0" failures="0" errors="1" time="583" timestamp="2019-08-23 18:48:09" hostname="eiralee - 172.20.10.2" id="Test Suites/INT/superWild_1">
        <properties>
            <property name="deviceName" value=""/>
            <property name="devicePlatform" value=""/>
            <property name="logFolder" value="/Users/eiralee/Katalon_Script/SuperWild/Reports/20190823_184757/INT/superWild_1/20190823_184757"/>
            <property name="logFiles" value="/Users/eiralee/Katalon_Script/SuperWild/Reports/20190823_184757/INT/superWild_1/20190823_184757/execution0.log, /Users/eiralee/Katalon_Script/SuperWild/Reports/20190823_184757/INT/superWild_1/20190823_184757/execution1.log, /Users/eiralee/Katalon_Script/SuperWild/Reports/20190823_184757/INT/superWild_1/20190823_184757/execution3.log, /Users/eiralee/Katalon_Script/SuperWild/Reports/20190823_184757/INT/superWild_1/20190823_184757/execution2.log"/>
            <property name="attachments" value=""/>
            <property name="hostName" value="eiralee - 172.20.10.2"/>
            <property name="hostAddress" value="172.20.10.2"/>
            <property name="os" value="Mac OS X 64bit"/>
            <property name="katalonVersion" value="6.3.1.2"/>
        </properties>
        <testcase name="Test Cases/INT_env/1_Free_Spin_CALL" classname="Test Cases/INT_env/1_Free_Spin_CALL" status="ERROR">
            <error type="ERROR" message="Test Cases/INT_env/1_Free_Spin_CALL FAILED.&#xA;Reason:&#xA;com.kms.katalon.core.exception.StepErrorException: Call Test Case 'Test Cases/INT_env/compare_values/1_freeSpin_verify_value' failed because of error(s)&#xA;&#x9;at com.kms.katalon.core.keyword.builtin.CallTestCaseKeyword$_callTestCase_closure1.doCall(CallTestCaseKeyword.groovy:66)&#xA;&#x9;at com.kms.katalon.core.keyword.builtin.CallTestCaseKeyword$_callTestCase_closure1.call(CallTestCaseKeyword.groovy)&#xA;&#x9;at com.kms.katalon.core.keyword.internal.KeywordMain.runKeyword(KeywordMain.groovy:68)&#xA;&#x9;at com.kms.katalon.core.keyword.builtin.CallTestCaseKeyword.callTestCase(CallTestCaseKeyword.groovy:81)&#xA;&#x9;at com.kms.katalon.core.keyword.builtin.CallTestCaseKeyword.execute(CallTestCaseKeyword.groovy:44)&#xA;&#x9;at com.kms.katalon.core.keyword.internal.KeywordExecutor.executeKeywordForPlatform(KeywordExecutor.groovy:56)&#xA;&#x9;at com.kms.katalon.core.keyword.BuiltinKeywords.callTestCase(BuiltinKeywords.groovy:350)&#xA;&#x9;at 1_Free_Spin_CALL.run(1_Free_Spin_CALL:210)&#xA;&#x9;at com.kms.katalon.core.main.ScriptEngine.run(ScriptEngine.java:194)&#xA;&#x9;at com.kms.katalon.core.main.ScriptEngine.runScriptAsRawText(ScriptEngine.java:119)&#xA;&#x9;at com.kms.katalon.core.main.TestCaseExecutor.runScript(TestCaseExecutor.java:337)&#xA;&#x9;at com.kms.katalon.core.main.TestCaseExecutor.doExecute(TestCaseExecutor.java:328)&#xA;&#x9;at com.kms.katalon.core.main.TestCaseExecutor.processExecutionPhase(TestCaseExecutor.java:307)&#xA;&#x9;at com.kms.katalon.core.main.TestCaseExecutor.accessMainPhase(TestCaseExecutor.java:299)&#xA;&#x9;at com.kms.katalon.core.main.TestCaseExecutor.execute(TestCaseExecutor.java:233)&#xA;&#x9;at com.kms.katalon.core.main.TestSuiteExecutor.accessTestCaseMainPhase(TestSuiteExecutor.java:150)&#xA;&#x9;at com.kms.katalon.core.main.TestSuiteExecutor.accessTestSuiteMainPhase(TestSuiteExecutor.java:123)&#xA;&#x9;at com.kms.katalon.core.main.TestSuiteExecutor.execute(TestSuiteExecutor.java:87)&#xA;&#x9;at com.kms.katalon.core.main.TestCaseMain.startTestSuite(TestCaseMain.java:157)&#xA;&#x9;at com.kms.katalon.core.main.TestCaseMain$startTestSuite$0.call(Unknown Source)&#xA;&#x9;at TempTestSuite1566557287207.run(TempTestSuite1566557287207.groovy:35)&#xA;Caused by: groovy.lang.MissingMethodException: No signature of method: java.lang.Integer.plus() is applicable for argument types: (java.util.ArrayList) values: [[[kind:3, line:1, prize:96000, symbol:PIC2, wild_multiplier:0]]]&#xA;Possible solutions: plus(java.lang.Character), plus(java.lang.String), plus(java.lang.Number), abs(), split(groovy.lang.Closure), minus(java.lang.Character)&#xA;&#x9;at 1_freeSpin_verify_value.run(1_freeSpin_verify_value:341)&#xA;&#x9;at com.kms.katalon.core.main.ScriptEngine.run(ScriptEngine.java:194)&#xA;&#x9;at com.kms.katalon.core.main.ScriptEngine.runScriptAsRawText(ScriptEngine.java:119)&#xA;&#x9;at com.kms.katalon.core.main.TestCaseExecutor.runScript(TestCaseExecutor.java:337)&#xA;&#x9;at com.kms.katalon.core.main.TestCaseExecutor.doExecute(TestCaseExecutor.java:328)&#xA;&#x9;at com.kms.katalon.core.main.TestCaseExecutor.processExecutionPhase(TestCaseExecutor.java:307)&#xA;&#x9;at com.kms.katalon.core.main.TestCaseExecutor.accessMainPhase(TestCaseExecutor.java:299)&#xA;&#x9;at com.kms.katalon.core.main.TestCaseExecutor.execute(TestCaseExecutor.java:233)&#xA;&#x9;at com.kms.katalon.core.main.TestCaseMain.runTestCase(TestCaseMain.java:114)&#xA;&#x9;at com.kms.katalon.core.keyword.builtin.CallTestCaseKeyword$_callTestCase_closure1.doCall(CallTestCaseKeyword.groovy:59)&#xA;&#x9;... 20 more&#xA;"/>
            <system-out>2019-08-23 18:48:09 - [TEST_CASE][ERROR] - Test Cases/INT_env/1_Free_Spin_CALL: Test Cases/INT_env/1_Free_Spin_CALL FAILED.
Reason:
com.kms.katalon.core.exception.StepErrorException: Call Test Case 'Test Cases/INT_env/compare_values/1_freeSpin_verify_value' failed because of error(s)
	at com.kms.katalon.core.keyword.builtin.CallTestCaseKeyword$_callTestCase_closure1.doCall(CallTestCaseKeyword.groovy:66)
	at com.kms.katalon.core.keyword.builtin.CallTestCaseKeyword$_callTestCase_closure1.call(CallTestCaseKeyword.groovy)
	at com.kms.katalon.core.keyword.internal.KeywordMain.runKeyword(KeywordMain.groovy:68)
	at com.kms.katalon.core.keyword.builtin.CallTestCaseKeyword.callTestCase(CallTestCaseKeyword.groovy:81)
	at com.kms.katalon.core.keyword.builtin.CallTestCaseKeyword.execute(CallTestCaseKeyword.groovy:44)
	at com.kms.katalon.core.keyword.internal.KeywordExecutor.executeKeywordForPlatform(KeywordExecutor.groovy:56)
	at com.kms.katalon.core.keyword.BuiltinKeywords.callTestCase(BuiltinKeywords.groovy:350)
	at 1_Free_Spin_CALL.run(1_Free_Spin_CALL:210)
	at com.kms.katalon.core.main.ScriptEngine.run(ScriptEngine.java:194)
	at com.kms.katalon.core.main.ScriptEngine.runScriptAsRawText(ScriptEngine.java:119)
	at com.kms.katalon.core.main.TestCaseExecutor.runScript(TestCaseExecutor.java:337)
	at com.kms.katalon.core.main.TestCaseExecutor.doExecute(TestCaseExecutor.java:328)
	at com.kms.katalon.core.main.TestCaseExecutor.processExecutionPhase(TestCaseExecutor.java:307)
	at com.kms.katalon.core.main.TestCaseExecutor.accessMainPhase(TestCaseExecutor.java:299)
	at com.kms.katalon.core.main.TestCaseExecutor.execute(TestCaseExecutor.java:233)
	at com.kms.katalon.core.main.TestSuiteExecutor.accessTestCaseMainPhase(TestSuiteExecutor.java:150)
	at com.kms.katalon.core.main.TestSuiteExecutor.accessTestSuiteMainPhase(TestSuiteExecutor.java:123)
	at com.kms.katalon.core.main.TestSuiteExecutor.execute(TestSuiteExecutor.java:87)
	at com.kms.katalon.core.main.TestCaseMain.startTestSuite(TestCaseMain.java:157)
	at com.kms.katalon.core.main.TestCaseMain$startTestSuite$0.call(Unknown Source)
	at TempTestSuite1566557287207.run(TempTestSuite1566557287207.groovy:35)
Caused by: groovy.lang.MissingMethodException: No signature of method: java.lang.Integer.plus() is applicable for argument types: (java.util.ArrayList) values: [[[kind:3, line:1, prize:96000, symbol:PIC2, wild_multiplier:0]]]
Possible solutions: plus(java.lang.Character), plus(java.lang.String), plus(java.lang.Number), abs(), split(groovy.lang.Closure), minus(java.lang.Character)
	at 1_freeSpin_verify_value.run(1_freeSpin_verify_value:341)
	at com.kms.katalon.core.main.ScriptEngine.run(ScriptEngine.java:194)
	at com.kms.katalon.core.main.ScriptEngine.runScriptAsRawText(ScriptEngine.java:119)
	at com.kms.katalon.core.main.TestCaseExecutor.runScript(TestCaseExecutor.java:337)
	at com.kms.katalon.core.main.TestCaseExecutor.doExecute(TestCaseExecutor.java:328)
	at com.kms.katalon.core.main.TestCaseExecutor.processExecutionPhase(TestCaseExecutor.java:307)
	at com.kms.katalon.core.main.TestCaseExecutor.accessMainPhase(TestCaseExecutor.java:299)
	at com.kms.katalon.core.main.TestCaseExecutor.execute(TestCaseExecutor.java:233)
	at com.kms.katalon.core.main.TestCaseMain.runTestCase(TestCaseMain.java:114)
	at com.kms.katalon.core.keyword.builtin.CallTestCaseKeyword$_callTestCase_closure1.doCall(CallTestCaseKeyword.groovy:59)
	... 20 more


2019-08-23 18:48:10 - [TEST_STEP][PASSED] - NG_top_level = new java.util.ArrayList(): null

2019-08-23 18:48:10 - [TEST_STEP][PASSED] - NG_top_level.add("booster_type"): null

2019-08-23 18:48:10 - [TEST_STEP][PASSED] - NG_top_level.add("currency"): null

2019-08-23 18:48:10 - [TEST_STEP][PASSED] - NG_top_level.add("player_id"): null

2019-08-23 18:48:10 - [TEST_STEP][PASSED] - NG_top_level.add("round_id"): null

2019-08-23 18:48:10 - [TEST_STEP][PASSED] - NG_top_level.add("spin_results"): null

2019-08-23 18:48:10 - [TEST_STEP][PASSED] - NG_spin_result = new java.util.ArrayList(): null

2019-08-23 18:48:10 - [TEST_STEP][PASSED] - NG_spin_result.add("balance"): null

2019-08-23 18:48:10 - [TEST_STEP][PASSED] - NG_spin_result.add("bet_value"): null

2019-08-23 18:48:10 - [TEST_STEP][PASSED] - NG_spin_result.add("features_triggered"): null

2019-08-23 18:48:10 - [TEST_STEP][PASSED] - NG_spin_result.add("line"): null

2019-08-23 18:48:10 - [TEST_STEP][PASSED] - NG_spin_result.add("reel_wins"): null

2019-08-23 18:48:10 - [TEST_STEP][PASSED] - NG_spin_result.add("reels"): null

2019-08-23 18:48:10 - [TEST_STEP][PASSED] - NG_spin_result.add("scatter_win"): null

2019-08-23 18:48:10 - [TEST_STEP][PASSED] - NG_spin_result.add("total_bet"): null

2019-08-23 18:48:10 - [TEST_STEP][PASSED] - NG_spin_result.add("total_win"): null

2019-08-23 18:48:10 - [TEST_STEP][PASSED] - NG_spin_result.add("transaction_id"): null

2019-08-23 18:48:10 - [TEST_STEP][PASSED] - NG_spin_result.add("transaction_time"): null

2019-08-23 18:48:10 - [TEST_STEP][PASSED] - NG_spin_result.add("transaction_type"): null

2019-08-23 18:48:10 - [TEST_STEP][PASSED] - NG_feature_trigger = new java.util.ArrayList(): null

2019-08-23 18:48:10 - [TEST_STEP][PASSED] - NG_feature_trigger.add("complete"): null

2019-08-23 18:48:10 - [TEST_STEP][PASSED] - NG_feature_trigger.add("feature_state"): null

2019-08-23 18:48:10 - [TEST_STEP][PASSED] - NG_feature_trigger.add("subfeatures"): null

2019-08-23 18:48:10 - [TEST_STEP][PASSED] - NG_feature_trigger.add("type"): null

2019-08-23 18:48:10 - [TEST_STEP][PASSED] - NG_feature_state = new java.util.ArrayList(): null

2019-08-23 18:48:10 - [TEST_STEP][PASSED] - NG_feature_state.add("free_spins_left"): null

2019-08-23 18:48:10 - [TEST_STEP][PASSED] - NG_feature_state.add("total_free_spin_count"): null

2019-08-23 18:48:10 - [TEST_STEP][PASSED] - NG_feature_state.add("total_free_spin_win_amount"): null

2019-08-23 18:48:10 - [TEST_STEP][PASSED] - NG_reel = new java.util.ArrayList(): null

2019-08-23 18:48:10 - [TEST_STEP][PASSED] - NG_reel.add("symbols"): null

2019-08-23 18:48:10 - [TEST_STEP][PASSED] - NG_reel_symbol1 = new java.util.ArrayList(): null

2019-08-23 18:48:10 - [TEST_STEP][PASSED] - NG_reel_symbol1.add("symbol"): null

2019-08-23 18:48:10 - [TEST_STEP][PASSED] - NG_reel_symbol2 = new java.util.ArrayList(): null

2019-08-23 18:48:10 - [TEST_STEP][PASSED] - NG_reel_symbol2.add("symbol"): null

2019-08-23 18:48:10 - [TEST_STEP][PASSED] - NG_reel_symbol3 = new java.util.ArrayList(): null

2019-08-23 18:48:10 - [TEST_STEP][PASSED] - NG_reel_symbol3.add("symbol"): null

2019-08-23 18:48:10 - [TEST_STEP][PASSED] - sendRequestAndVerify(findTestObject("INT/Wallet/Get_Session_Token", ["url_krug_gw":url_krug_gw, "partner":Partner, "secret_key":secret_key, "userid":Userid])): Send request and verify the response successfully

2019-08-23 18:48:11 - [MESSAGE][INFO] - HAR: /Users/eiralee/Katalon_Script/SuperWild/Reports/20190823_184757/INT/superWild_1/20190823_184757/requests/main/0.har

2019-08-23 18:48:11 - [TEST_CASE][PASSED] - Start Test Case : Verification: Verification accomplished successfully

2019-08-23 18:48:11 - [TEST_STEP][PASSED] - request = getInstance().getCurrentRequest(): null

2019-08-23 18:48:12 - [TEST_STEP][PASSED] - response = getInstance().getCurrentResponse(): null

2019-08-23 18:48:12 - [TEST_STEP][PASSED] - verifyResponseStatusCode(response, 200): Verify response status code successfully

2019-08-23 18:48:12 - [MESSAGE][PASSED] - Verify response status code successfully

2019-08-23 18:48:12 - [TEST_STEP][PASSED] - getStatusCode()).isEqualTo(200): null

2019-08-23 18:48:12 - [TEST_STEP][PASSED] - getResponseText()).contains("session_token"): null

2019-08-23 18:48:12 - [TEST_STEP][PASSED] - getsession = new groovy.json.JsonSlurper(): null

2019-08-23 18:48:12 - [TEST_STEP][PASSED] - result_getsession = getsession.parseText(response.getResponseBodyContent()): null

2019-08-23 18:48:12 - [TEST_STEP][PASSED] - session_token = session_token: null

2019-08-23 18:48:12 - [TEST_STEP][PASSED] - println("...value extracted is :" + session_token): null

2019-08-23 18:48:12 - [TEST_STEP][PASSED] - session_token = session_token: null

2019-08-23 18:48:13 - [TEST_STEP][PASSED] - println("GlobalVariable is :" + session_token): null

2019-08-23 18:48:13 - [TEST_STEP][PASSED] - internal_balance = internal_balance: null

2019-08-23 18:48:13 - [TEST_STEP][PASSED] - internal_balance = internal_balance: null

2019-08-23 18:48:14 - [MESSAGE][PASSED] - Verify response successfully

2019-08-23 18:48:14 - [MESSAGE][PASSED] - Send request and verify the response successfully

2019-08-23 18:48:14 - [TEST_STEP][PASSED] - M4_login = sendRequestAndVerify(findTestObject("INT/RGS(M4)/M4_Login", ["partner":Partner, "game_code":Game_code, "session_token":session_token])): Send request and verify the response successfully

2019-08-23 18:48:15 - [MESSAGE][INFO] - HAR: /Users/eiralee/Katalon_Script/SuperWild/Reports/20190823_184757/INT/superWild_1/20190823_184757/requests/main/1.har

2019-08-23 18:48:15 - [TEST_CASE][PASSED] - Start Test Case : Verification: Verification accomplished successfully

2019-08-23 18:48:15 - [TEST_STEP][PASSED] - request = getInstance().getCurrentRequest(): null

2019-08-23 18:48:15 - [TEST_STEP][PASSED] - response = getInstance().getCurrentResponse(): null

2019-08-23 18:48:15 - [TEST_STEP][PASSED] - verifyResponseStatusCode(response, 200): Verify response status code successfully

2019-08-23 18:48:15 - [MESSAGE][PASSED] - Verify response status code successfully

2019-08-23 18:48:15 - [TEST_STEP][PASSED] - getStatusCode()).isEqualTo(200): null

2019-08-23 18:48:15 - [TEST_STEP][PASSED] - newline = System.getProperty("line.separator"): null

2019-08-23 18:48:15 - [TEST_STEP][PASSED] - M4_login = new groovy.json.JsonSlurper(): null

2019-08-23 18:48:15 - [TEST_STEP][PASSED] - result_M4_login = M4_login.parseText(response.getResponseBodyContent()): null

2019-08-23 18:48:15 - [TEST_STEP][PASSED] - M4_login_user_id = user_id: null

2019-08-23 18:48:15 - [TEST_STEP][PASSED] - println("playerid is: " + M4_login_user_id): null

2019-08-23 18:48:15 - [TEST_STEP][PASSED] - M4_login_user_id = M4_login_user_id: null

2019-08-23 18:48:15 - [MESSAGE][PASSED] - Verify response successfully

2019-08-23 18:48:15 - [MESSAGE][PASSED] - Send request and verify the response successfully

2019-08-23 18:48:15 - [TEST_STEP][PASSED] - M4_init = sendRequestAndVerify(findTestObject("INT/RGS(M4)/M4_init", ["partner":Partner, "M4_recorder":M4_recorder, "M4_login_user_id":M4_login_user_id])): Send request and verify the response successfully

2019-08-23 18:48:15 - [MESSAGE][INFO] - HAR: /Users/eiralee/Katalon_Script/SuperWild/Reports/20190823_184757/INT/superWild_1/20190823_184757/requests/main/2.har

2019-08-23 18:48:15 - [TEST_CASE][PASSED] - Start Test Case : Verification: Verification accomplished successfully

2019-08-23 18:48:15 - [TEST_STEP][PASSED] - request = getInstance().getCurrentRequest(): null

2019-08-23 18:48:16 - [TEST_STEP][PASSED] - response = getInstance().getCurrentResponse(): null

2019-08-23 18:48:16 - [TEST_STEP][PASSED] - verifyResponseStatusCode(response, 200): Verify response status code successfully

2019-08-23 18:48:16 - [MESSAGE][PASSED] - Verify response status code successfully

2019-08-23 18:48:16 - [TEST_STEP][PASSED] - getStatusCode()).isEqualTo(200): null

2019-08-23 18:48:16 - [TEST_STEP][PASSED] - newline = System.getProperty("line.separator"): null

2019-08-23 18:48:16 - [TEST_STEP][PASSED] - M4_init = new groovy.json.JsonSlurper(): null

2019-08-23 18:48:16 - [TEST_STEP][PASSED] - result_M4_init = M4_init.parseText(response.getResponseBodyContent()): null

2019-08-23 18:48:16 - [TEST_STEP][PASSED] - rgs_session_token = session_token: null

2019-08-23 18:48:16 - [TEST_STEP][PASSED] - rgs_session_token = rgs_session_token: null

2019-08-23 18:48:16 - [TEST_STEP][PASSED] - M4_init_balance = balance: null

2019-08-23 18:48:16 - [TEST_STEP][PASSED] - M4_init_balance = M4_init_balance: null

2019-08-23 18:48:16 - [TEST_STEP][PASSED] - game_code = genesis_id: null

2019-08-23 18:48:16 - [TEST_STEP][PASSED] - game_code = game_code: null

2019-08-23 18:48:16 - [TEST_STEP][PASSED] - M4_free_round = free_round: null

2019-08-23 18:48:16 - [TEST_STEP][PASSED] - M4_free_round = M4_free_round: null

2019-08-23 18:48:16 - [MESSAGE][PASSED] - Verify response successfully

2019-08-23 18:48:16 - [MESSAGE][PASSED] - Send request and verify the response successfully

2019-08-23 18:48:16 - [TEST_STEP][PASSED] - for ([i = 0, i &lt;= 300, (i++)]): null

2019-08-23 18:48:16 - [TEST_STEP][PASSED] - spin_result = sendRequestAndVerify(findTestObject("INT/RGS(M4)/1_M4_spin", ["M4_login_user_id":M4_login_user_id, "rgs_session_token":rgs_session_token, "partner":Partner])): Send request and verify the response successfully

2019-08-23 18:48:16 - [MESSAGE][INFO] - HAR: /Users/eiralee/Katalon_Script/SuperWild/Reports/20190823_184757/INT/superWild_1/20190823_184757/requests/main/3.har

2019-08-23 18:48:16 - [TEST_CASE][PASSED] - Start Test Case : Verification: Verification accomplished successfully

2019-08-23 18:48:16 - [TEST_STEP][PASSED] - request = getInstance().getCurrentRequest(): null

2019-08-23 18:48:16 - [TEST_STEP][PASSED] - response = getInstance().getCurrentResponse(): null

2019-08-23 18:48:16 - [TEST_STEP][PASSED] - verifyResponseStatusCode(response, 200): Verify response status code successfully

2019-08-23 18:48:16 - [MESSAGE][PASSED] - Verify response status code successfully

2019-08-23 18:48:16 - [TEST_STEP][PASSED] - getStatusCode()).isEqualTo(200): null

2019-08-23 18:48:16 - [TEST_STEP][PASSED] - newline = System.getProperty("line.separator"): null

2019-08-23 18:48:16 - [TEST_STEP][PASSED] - M4_spin = new groovy.json.JsonSlurper(): null

2019-08-23 18:48:16 - [TEST_STEP][PASSED] - result_M4_spin = M4_spin.parseText(response.getResponseBodyContent()): null

2019-08-23 18:48:16 - [TEST_STEP][PASSED] - M4_spin_current_balance = current_balance: null

2019-08-23 18:48:16 - [TEST_STEP][PASSED] - M4_spin_current_balance = M4_spin_current_balance: null

2019-08-23 18:48:16 - [TEST_STEP][PASSED] - M4_spin_transaction_id = causality: null

2019-08-23 18:48:16 - [TEST_STEP][PASSED] - M4_spin_transaction_id = M4_spin_transaction_id: null

2019-08-23 18:48:16 - [TEST_STEP][PASSED] - M4_spin_round_id = round_id: null

2019-08-23 18:48:16 - [TEST_STEP][PASSED] - M4_spin_round_id = M4_spin_round_id: null

2019-08-23 18:48:16 - [TEST_STEP][PASSED] - M4_spin_line_wins = line_wins: null

2019-08-23 18:48:16 - [TEST_STEP][PASSED] - M4_spin_line_wins = M4_spin_line_wins: null

2019-08-23 18:48:16 - [TEST_STEP][PASSED] - M4_total_bonus_spins_int = total_bonus_spins: null

2019-08-23 18:48:16 - [TEST_STEP][PASSED] - println("******M4_total_bonus_spins type is:*******" + newline + getClass().getName()): null

2019-08-23 18:48:16 - [TEST_STEP][PASSED] - M4_total_bonus_spins_int = M4_total_bonus_spins_int: null

2019-08-23 18:48:16 - [TEST_STEP][PASSED] - M4_total_bonus_spins = Integer.toString(M4_total_bonus_spins_int): null

2019-08-23 18:48:16 - [TEST_STEP][PASSED] - M4_total_bonus_spins = M4_total_bonus_spins: null

2019-08-23 18:48:16 - [TEST_STEP][PASSED] - println("M4_total_bonus_spins is:" + M4_total_bonus_spins): null

2019-08-23 18:48:16 - [TEST_STEP][PASSED] - M4_spin_bonus_data = bonus_data: null

2019-08-23 18:48:16 - [TEST_STEP][PASSED] - M4_spin_features_triggered = result_M4_spin: null

2019-08-23 18:48:16 - [TEST_STEP][PASSED] - wild = []: null

2019-08-23 18:48:16 - [TEST_STEP][PASSED] - wild[0] = "WILD_Expanding": null

2019-08-23 18:48:16 - [TEST_STEP][PASSED] - wild[1] = "WILD_Normal": null

2019-08-23 18:48:16 - [TEST_STEP][PASSED] - wild[2] = "WILD_Double": null

2019-08-23 18:48:16 - [TEST_STEP][PASSED] - wild[3] = "WILD_ExtraFG": null

2019-08-23 18:48:16 - [TEST_STEP][PASSED] - wild[4] = "WILD_Triple": null

2019-08-23 18:48:16 - [TEST_STEP][PASSED] - wildList = Arrays.asList(wild): null

2019-08-23 18:48:16 - [TEST_STEP][PASSED] - wildList = wildList: null

2019-08-23 18:48:16 - [TEST_STEP][PASSED] - free_spin_reel_counter = []: null

2019-08-23 18:48:16 - [TEST_STEP][PASSED] - free_spin_reel_counter[0] = 0: null

2019-08-23 18:48:16 - [TEST_STEP][PASSED] - free_spin_reel_counter[1] = 0: null

2019-08-23 18:48:16 - [TEST_STEP][PASSED] - free_spin_reel_counter[2] = 0: null

2019-08-23 18:48:16 - [TEST_STEP][PASSED] - M4_spin_reels = reels: null

2019-08-23 18:48:16 - [TEST_STEP][PASSED] - for ([i = 0, i &lt; M4_spin_reels.size(), (i++)]): null

2019-08-23 18:48:16 - [TEST_STEP][PASSED] - symbols = symbols: null

2019-08-23 18:48:16 - [TEST_STEP][PASSED] - for ([j = 0, j &lt; symbols.size(), (j++)]): null

2019-08-23 18:48:16 - [TEST_STEP][PASSED] - symbol = symbol: null

2019-08-23 18:48:16 - [TEST_STEP][PASSED] - println(symbol): null

2019-08-23 18:48:16 - [TEST_STEP][PASSED] - if (i == 2 &amp;&amp; wildList.indexOf(symbol) != -1): null

2019-08-23 18:48:16 - [TEST_STEP][PASSED] - if (i == 3 &amp;&amp; wildList.indexOf(symbol) != -1): null

2019-08-23 18:48:16 - [TEST_STEP][PASSED] - if (i == 4 &amp;&amp; wildList.indexOf(symbol) != -1): null

2019-08-23 18:48:16 - [TEST_STEP][PASSED] - symbol = symbol: null

2019-08-23 18:48:16 - [TEST_STEP][PASSED] - println(symbol): null

2019-08-23 18:48:16 - [TEST_STEP][PASSED] - if (i == 2 &amp;&amp; wildList.indexOf(symbol) != -1): null

2019-08-23 18:48:16 - [TEST_STEP][PASSED] - if (i == 3 &amp;&amp; wildList.indexOf(symbol) != -1): null

2019-08-23 18:48:16 - [TEST_STEP][PASSED] - if (i == 4 &amp;&amp; wildList.indexOf(symbol) != -1): null

2019-08-23 18:48:16 - [TEST_STEP][PASSED] - symbol = symbol: null

2019-08-23 18:48:16 - [TEST_STEP][PASSED] - println(symbol): null

2019-08-23 18:48:16 - [TEST_STEP][PASSED] - if (i == 2 &amp;&amp; wildList.indexOf(symbol) != -1): null

2019-08-23 18:48:16 - [TEST_STEP][PASSED] - if (i == 3 &amp;&amp; wildList.indexOf(symbol) != -1): null

2019-08-23 18:48:16 - [TEST_STEP][PASSED] - if (i == 4 &amp;&amp; wildList.indexOf(symbol) != -1): null

2019-08-23 18:48:16 - [TEST_STEP][PASSED] - symbols = symbols: null

2019-08-23 18:48:16 - [TEST_STEP][PASSED] - for ([j = 0, j &lt; symbols.size(), (j++)]): null

2019-08-23 18:48:16 - [TEST_STEP][PASSED] - symbol = symbol: null

2019-08-23 18:48:16 - [TEST_STEP][PASSED] - println(symbol): null

2019-08-23 18:48:16 - [TEST_STEP][PASSED] - if (i == 2 &amp;&amp; wildList.indexOf(symbol) != -1): null

2019-08-23 18:48:16 - [TEST_STEP][PASSED] - if (i == 3 &amp;&amp; wildList.indexOf(symbol) != -1): null

2019-08-23 18:48:16 - [TEST_STEP][PASSED] - if (i == 4 &amp;&amp; wildList.indexOf(symbol) != -1): null

2019-08-23 18:48:16 - [TEST_STEP][PASSED] - symbol = symbol: null

2019-08-23 18:48:16 - [TEST_STEP][PASSED] - println(symbol): null

2019-08-23 18:48:16 - [TEST_STEP][PASSED] - if (i == 2 &amp;&amp; wildList.indexOf(symbol) != -1): null

2019-08-23 18:48:16 - [TEST_STEP][PASSED] - if (i == 3 &amp;&amp; wildList.indexOf(symbol) != -1): null

2019-08-23 18:48:16 - [TEST_STEP][PASSED] - if (i == 4 &amp;&amp; wildList.indexOf(symbol) != -1): null

2019-08-23 18:48:16 - [TEST_STEP][PASSED] - symbol = symbol: null

2019-08-23 18:48:16 - [TEST_STEP][PASSED] - println(symbol): null

2019-08-23 18:48:16 - [TEST_STEP][PASSED] - if (i == 2 &amp;&amp; wildList.indexOf(symbol) != -1): null

2019-08-23 18:48:16 - [TEST_STEP][PASSED] - if (i == 3 &amp;&amp; wildList.indexOf(symbol) != -1): null

2019-08-23 18:48:16 - [TEST_STEP][PASSED] - if (i == 4 &amp;&amp; wildList.indexOf(symbol) != -1): null

2019-08-23 18:48:16 - [TEST_STEP][PASSED] - symbols = symbols: null

2019-08-23 18:48:16 - [TEST_STEP][PASSED] - for ([j = 0, j &lt; symbols.size(), (j++)]): null

2019-08-23 18:48:16 - [TEST_STEP][PASSED] - symbol = symbol: null

2019-08-23 18:48:16 - [TEST_STEP][PASSED] - println(symbol): null

2019-08-23 18:48:16 - [TEST_STEP][PASSED] - if (i == 2 &amp;&amp; wildList.indexOf(symbol) != -1): null

2019-08-23 18:48:16 - [TEST_STEP][PASSED] - if (i == 3 &amp;&amp; wildList.indexOf(symbol) != -1): null

2019-08-23 18:48:16 - [TEST_STEP][PASSED] - if (i == 4 &amp;&amp; wildList.indexOf(symbol) != -1): null

2019-08-23 18:48:16 - [TEST_STEP][PASSED] - symbol = symbol: null

2019-08-23 18:48:16 - [TEST_STEP][PASSED] - println(symbol): null

2019-08-23 18:48:16 - [TEST_STEP][PASSED] - if (i == 2 &amp;&amp; wildList.indexOf(symbol) != -1): null

2019-08-23 18:48:16 - [TEST_STEP][PASSED] - if (i == 3 &amp;&amp; wildList.indexOf(symbol) != -1): null

2019-08-23 18:48:16 - [TEST_STEP][PASSED] - if (i == 4 &amp;&amp; wildList.indexOf(symbol) != -1): null

2019-08-23 18:48:16 - [TEST_STEP][PASSED] - symbol = symbol: null

2019-08-23 18:48:16 - [TEST_STEP][PASSED] - println(symbol): null

2019-08-23 18:48:16 - [TEST_STEP][PASSED] - if (i == 2 &amp;&amp; wildList.indexOf(symbol) != -1): null

2019-08-23 18:48:16 - [TEST_STEP][PASSED] - if (i == 3 &amp;&amp; wildList.indexOf(symbol) != -1): null

2019-08-23 18:48:16 - [TEST_STEP][PASSED] - if (i == 4 &amp;&amp; wildList.indexOf(symbol) != -1): null

2019-08-23 18:48:16 - [TEST_STEP][PASSED] - symbols = symbols: null

2019-08-23 18:48:16 - [TEST_STEP][PASSED] - for ([j = 0, j &lt; symbols.size(), (j++)]): null

2019-08-23 18:48:16 - [TEST_STEP][PASSED] - symbol = symbol: null

2019-08-23 18:48:16 - [TEST_STEP][PASSED] - println(symbol): null

2019-08-23 18:48:16 - [TEST_STEP][PASSED] - if (i == 2 &amp;&amp; wildList.indexOf(symbol) != -1): null

2019-08-23 18:48:16 - [TEST_STEP][PASSED] - if (i == 3 &amp;&amp; wildList.indexOf(symbol) != -1): null

2019-08-23 18:48:16 - [TEST_STEP][PASSED] - println("wild found on reel 4, adding counter by 1"): null

2019-08-23 18:48:16 - [TEST_STEP][PASSED] - free_spin_reel_counter[1] = free_spin_reel_counter[1] + 1: null

2019-08-23 18:48:16 - [TEST_STEP][PASSED] - if (i == 4 &amp;&amp; wildList.indexOf(symbol) != -1): null

2019-08-23 18:48:16 - [TEST_STEP][PASSED] - symbol = symbol: null

2019-08-23 18:48:16 - [TEST_STEP][PASSED] - println(symbol): null

2019-08-23 18:48:16 - [TEST_STEP][PASSED] - if (i == 2 &amp;&amp; wildList.indexOf(symbol) != -1): null

2019-08-23 18:48:16 - [TEST_STEP][PASSED] - if (i == 3 &amp;&amp; wildList.indexOf(symbol) != -1): null

2019-08-23 18:48:16 - [TEST_STEP][PASSED] - if (i == 4 &amp;&amp; wildList.indexOf(symbol) != -1): null

2019-08-23 18:48:16 - [TEST_STEP][PASSED] - symbol = symbol: null

2019-08-23 18:48:16 - [TEST_STEP][PASSED] - println(symbol): null

2019-08-23 18:48:16 - [TEST_STEP][PASSED] - if (i == 2 &amp;&amp; wildList.indexOf(symbol) != -1): null

2019-08-23 18:48:16 - [TEST_STEP][PASSED] - if (i == 3 &amp;&amp; wildList.indexOf(symbol) != -1): null

2019-08-23 18:48:16 - [TEST_STEP][PASSED] - if (i == 4 &amp;&amp; wildList.indexOf(symbol) != -1): null

2019-08-23 18:48:16 - [TEST_STEP][PASSED] - symbols = symbols: null

2019-08-23 18:48:16 - [TEST_STEP][PASSED] - for ([j = 0, j &lt; symbols.size(), (j++)]): null

2019-08-23 18:48:16 - [TEST_STEP][PASSED] - symbol = symbol: null

2019-08-23 18:48:16 - [TEST_STEP][PASSED] - println(symbol): null

2019-08-23 18:48:16 - [TEST_STEP][PASSED] - if (i == 2 &amp;&amp; wildList.indexOf(symbol) != -1): null

2019-08-23 18:48:16 - [TEST_STEP][PASSED] - if (i == 3 &amp;&amp; wildList.indexOf(symbol) != -1): null

2019-08-23 18:48:16 - [TEST_STEP][PASSED] - if (i == 4 &amp;&amp; wildList.indexOf(symbol) != -1): null

2019-08-23 18:48:16 - [TEST_STEP][PASSED] - symbol = symbol: null

2019-08-23 18:48:16 - [TEST_STEP][PASSED] - println(symbol): null

2019-08-23 18:48:16 - [TEST_STEP][PASSED] - if (i == 2 &amp;&amp; wildList.indexOf(symbol) != -1): null

2019-08-23 18:48:16 - [TEST_STEP][PASSED] - if (i == 3 &amp;&amp; wildList.indexOf(symbol) != -1): null

2019-08-23 18:48:16 - [TEST_STEP][PASSED] - if (i == 4 &amp;&amp; wildList.indexOf(symbol) != -1): null

2019-08-23 18:48:16 - [TEST_STEP][PASSED] - symbol = symbol: null

2019-08-23 18:48:16 - [TEST_STEP][PASSED] - println(symbol): null

2019-08-23 18:48:16 - [TEST_STEP][PASSED] - if (i == 2 &amp;&amp; wildList.indexOf(symbol) != -1): null

2019-08-23 18:48:16 - [TEST_STEP][PASSED] - if (i == 3 &amp;&amp; wildList.indexOf(symbol) != -1): null

2019-08-23 18:48:16 - [TEST_STEP][PASSED] - if (i == 4 &amp;&amp; wildList.indexOf(symbol) != -1): null

2019-08-23 18:48:16 - [TEST_STEP][PASSED] - free_spin_reel_counter = free_spin_reel_counter: null

2019-08-23 18:48:16 - [TEST_STEP][PASSED] - println("reel 3 wild found: " + free_spin_reel_counter[0]): null

2019-08-23 18:48:16 - [TEST_STEP][PASSED] - println("reel 4 wild found: " + free_spin_reel_counter[1]): null

2019-08-23 18:48:16 - [TEST_STEP][PASSED] - println("reel 5 wild found: " + free_spin_reel_counter[2]): null

2019-08-23 18:48:16 - [TEST_STEP][PASSED] - M4_spin_reels = M4_spin_reels: null

2019-08-23 18:48:16 - [TEST_STEP][PASSED] - M4_spin_reels_symbols = symbol: null

2019-08-23 18:48:16 - [TEST_STEP][PASSED] - M4_spin_reels_symbols = M4_spin_reels_symbols: null

2019-08-23 18:48:16 - [TEST_STEP][PASSED] - M4_spin_reel_wins = reel_wins: null

2019-08-23 18:48:16 - [TEST_STEP][PASSED] - M4_spin_reel_wins = M4_spin_reel_wins: null

2019-08-23 18:48:16 - [TEST_STEP][PASSED] - println("GlobalVariable.M4_spin_reel_wins is: " + M4_spin_reel_wins): null

2019-08-23 18:48:16 - [TEST_STEP][PASSED] - M4_spin_total_bonus_win_this_round = total_bonus_win_this_round: null

2019-08-23 18:48:16 - [TEST_STEP][PASSED] - M4_spin_total_bonus_win_this_round = M4_spin_total_bonus_win_this_round: null

2019-08-23 18:48:16 - [TEST_STEP][PASSED] - println("GlobalVariable.M4_spin_total_bonus_win_this_round is: " + M4_spin_total_bonus_win_this_round): null

2019-08-23 18:48:16 - [TEST_STEP][PASSED] - M4_spin_bonus_spin_result = spin_result: null

2019-08-23 18:48:16 - [TEST_STEP][PASSED] - M4_spin_bonus_spin_result = M4_spin_bonus_spin_result: null

2019-08-23 18:48:16 - [MESSAGE][PASSED] - Verify response successfully

2019-08-23 18:48:16 - [MESSAGE][PASSED] - Send request and verify the response successfully

2019-08-23 18:48:16 - [TEST_STEP][PASSED] - if (free_spin_reel_counter[0] &gt;= 1 &amp;&amp; free_spin_reel_counter[1] &gt;= 1 &amp;&amp; free_spin_reel_counter[2] &gt;= 1): null

2019-08-23 18:48:16 - [TEST_STEP][PASSED] - spin_result = sendRequestAndVerify(findTestObject("INT/RGS(M4)/1_M4_spin", ["M4_login_user_id":M4_login_user_id, "rgs_session_token":rgs_session_token, "partner":Partner])): Send request and verify the response successfully

2019-08-23 18:48:17 - [MESSAGE][INFO] - HAR: /Users/eiralee/Katalon_Script/SuperWild/Reports/20190823_184757/INT/superWild_1/20190823_184757/requests/main/4.har

2019-08-23 18:48:17 - [TEST_CASE][PASSED] - Start Test Case : Verification: Verification accomplished successfully

2019-08-23 18:48:17 - [TEST_STEP][PASSED] - request = getInstance().getCurrentRequest(): null

2019-08-23 18:48:17 - [TEST_STEP][PASSED] - response = getInstance().getCurrentResponse(): null

2019-08-23 18:48:17 - [TEST_STEP][PASSED] - verifyResponseStatusCode(response, 200): Verify response status code successfully

2019-08-23 18:48:17 - [MESSAGE][PASSED] - Verify response status code successfully

2019-08-23 18:48:17 - [TEST_STEP][PASSED] - getStatusCode()).isEqualTo(200): null

2019-08-23 18:48:17 - [TEST_STEP][PASSED] - newline = System.getProperty("line.separator"): null

2019-08-23 18:48:17 - [TEST_STEP][PASSED] - M4_spin = new groovy.json.JsonSlurper(): null

2019-08-23 18:48:17 - [TEST_STEP][PASSED] - result_M4_spin = M4_spin.parseText(response.getResponseBodyContent()): null

2019-08-23 18:48:17 - [TEST_STEP][PASSED] - M4_spin_current_balance = current_balance: null

2019-08-23 18:48:17 - [TEST_STEP][PASSED] - M4_spin_current_balance = M4_spin_current_balance: null

2019-08-23 18:48:17 - [TEST_STEP][PASSED] - M4_spin_transaction_id = causality: null

2019-08-23 18:48:17 - [TEST_STEP][PASSED] - M4_spin_transaction_id = M4_spin_transaction_id: null

2019-08-23 18:48:17 - [TEST_STEP][PASSED] - M4_spin_round_id = round_id: null

2019-08-23 18:48:17 - [TEST_STEP][PASSED] - M4_spin_round_id = M4_spin_round_id: null

2019-08-23 18:48:17 - [TEST_STEP][PASSED] - M4_spin_line_wins = line_wins: null

2019-08-23 18:48:17 - [TEST_STEP][PASSED] - M4_spin_line_wins = M4_spin_line_wins: null

2019-08-23 18:48:17 - [TEST_STEP][PASSED] - M4_total_bonus_spins_int = total_bonus_spins: null

2019-08-23 18:48:17 - [TEST_STEP][PASSED] - println("******M4_total_bonus_spins type is:*******" + newline + getClass().getName()): null

2019-08-23 18:48:17 - [TEST_STEP][PASSED] - M4_total_bonus_spins_int = M4_total_bonus_spins_int: null

2019-08-23 18:48:17 - [TEST_STEP][PASSED] - M4_total_bonus_spins = Integer.toString(M4_total_bonus_spins_int): null

2019-08-23 18:48:17 - [TEST_STEP][PASSED] - M4_total_bonus_spins = M4_total_bonus_spins: null

2019-08-23 18:48:17 - [TEST_STEP][PASSED] - println("M4_total_bonus_spins is:" + M4_total_bonus_spins): null

2019-08-23 18:48:17 - [TEST_STEP][PASSED] - M4_spin_bonus_data = bonus_data: null

2019-08-23 18:48:17 - [TEST_STEP][PASSED] - M4_spin_features_triggered = result_M4_spin: null

2019-08-23 18:48:17 - [TEST_STEP][PASSED] - wild = []: null

2019-08-23 18:48:17 - [TEST_STEP][PASSED] - wild[0] = "WILD_Expanding": null

2019-08-23 18:48:17 - [TEST_STEP][PASSED] - wild[1] = "WILD_Normal": null

2019-08-23 18:48:17 - [TEST_STEP][PASSED] - wild[2] = "WILD_Double": null

2019-08-23 18:48:17 - [TEST_STEP][PASSED] - wild[3] = "WILD_ExtraFG": null

2019-08-23 18:48:17 - [TEST_STEP][PASSED] - wild[4] = "WILD_Triple": null

2019-08-23 18:48:17 - [TEST_STEP][PASSED] - wildList = Arrays.asList(wild): null

2019-08-23 18:48:17 - [TEST_STEP][PASSED] - wildList = wildList: null

2019-08-23 18:48:17 - [TEST_STEP][PASSED] - free_spin_reel_counter = []: null

2019-08-23 18:48:17 - [TEST_STEP][PASSED] - free_spin_reel_counter[0] = 0: null

2019-08-23 18:48:17 - [TEST_STEP][PASSED] - free_spin_reel_counter[1] = 0: null

2019-08-23 18:48:17 - [TEST_STEP][PASSED] - free_spin_reel_counter[2] = 0: null

2019-08-23 18:48:17 - [TEST_STEP][PASSED] - M4_spin_reels = reels: null

2019-08-23 18:48:17 - [TEST_STEP][PASSED] - for ([i = 0, i &lt; M4_spin_reels.size(), (i++)]): null

2019-08-23 18:48:17 - [TEST_STEP][PASSED] - symbols = symbols: null

2019-08-23 18:48:17 - [TEST_STEP][PASSED] - for ([j = 0, j &lt; symbols.size(), (j++)]): null

2019-08-23 18:48:17 - [TEST_STEP][PASSED] - symbol = symbol: null

2019-08-23 18:48:17 - [TEST_STEP][PASSED] - println(symbol): null

2019-08-23 18:48:17 - [TEST_STEP][PASSED] - if (i == 2 &amp;&amp; wildList.indexOf(symbol) != -1): null

2019-08-23 18:48:17 - [TEST_STEP][PASSED] - if (i == 3 &amp;&amp; wildList.indexOf(symbol) != -1): null

2019-08-23 18:48:17 - [TEST_STEP][PASSED] - if (i == 4 &amp;&amp; wildList.indexOf(symbol) != -1): null

2019-08-23 18:48:17 - [TEST_STEP][PASSED] - symbol = symbol: null

2019-08-23 18:48:17 - [TEST_STEP][PASSED] - println(symbol): null

2019-08-23 18:48:17 - [TEST_STEP][PASSED] - if (i == 2 &amp;&amp; wildList.indexOf(symbol) != -1): null

2019-08-23 18:48:17 - [TEST_STEP][PASSED] - if (i == 3 &amp;&amp; wildList.indexOf(symbol) != -1): null

2019-08-23 18:48:17 - [TEST_STEP][PASSED] - if (i == 4 &amp;&amp; wildList.indexOf(symbol) != -1): null

2019-08-23 18:48:17 - [TEST_STEP][PASSED] - symbol = symbol: null

2019-08-23 18:48:17 - [TEST_STEP][PASSED] - println(symbol): null

2019-08-23 18:48:17 - [TEST_STEP][PASSED] - if (i == 2 &amp;&amp; wildList.indexOf(symbol) != -1): null

2019-08-23 18:48:17 - [TEST_STEP][PASSED] - if (i == 3 &amp;&amp; wildList.indexOf(symbol) != -1): null

2019-08-23 18:48:17 - [TEST_STEP][PASSED] - if (i == 4 &amp;&amp; wildList.indexOf(symbol) != -1): null

2019-08-23 18:48:17 - [TEST_STEP][PASSED] - symbols = symbols: null

2019-08-23 18:48:17 - [TEST_STEP][PASSED] - for ([j = 0, j &lt; symbols.size(), (j++)]): null

2019-08-23 18:48:17 - [TEST_STEP][PASSED] - symbol = symbol: null

2019-08-23 18:48:17 - [TEST_STEP][PASSED] - println(symbol): null

2019-08-23 18:48:17 - [TEST_STEP][PASSED] - if (i == 2 &amp;&amp; wildList.indexOf(symbol) != -1): null

2019-08-23 18:48:17 - [TEST_STEP][PASSED] - if (i == 3 &amp;&amp; wildList.indexOf(symbol) != -1): null

2019-08-23 18:48:17 - [TEST_STEP][PASSED] - if (i == 4 &amp;&amp; wildList.indexOf(symbol) != -1): null

2019-08-23 18:48:17 - [TEST_STEP][PASSED] - symbol = symbol: null

2019-08-23 18:48:17 - [TEST_STEP][PASSED] - println(symbol): null

2019-08-23 18:48:17 - [TEST_STEP][PASSED] - if (i == 2 &amp;&amp; wildList.indexOf(symbol) != -1): null

2019-08-23 18:48:17 - [TEST_STEP][PASSED] - if (i == 3 &amp;&amp; wildList.indexOf(symbol) != -1): null

2019-08-23 18:48:17 - [TEST_STEP][PASSED] - if (i == 4 &amp;&amp; wildList.indexOf(symbol) != -1): null

2019-08-23 18:48:17 - [TEST_STEP][PASSED] - symbol = symbol: null

2019-08-23 18:48:17 - [TEST_STEP][PASSED] - println(symbol): null

2019-08-23 18:48:17 - [TEST_STEP][PASSED] - if (i == 2 &amp;&amp; wildList.indexOf(symbol) != -1): null

2019-08-23 18:48:17 - [TEST_STEP][PASSED] - if (i == 3 &amp;&amp; wildList.indexOf(symbol) != -1): null

2019-08-23 18:48:17 - [TEST_STEP][PASSED] - if (i == 4 &amp;&amp; wildList.indexOf(symbol) != -1): null

2019-08-23 18:48:17 - [TEST_STEP][PASSED] - symbols = symbols: null

2019-08-23 18:48:17 - [TEST_STEP][PASSED] - for ([j = 0, j &lt; symbols.size(), (j++)]): null

2019-08-23 18:48:17 - [TEST_STEP][PASSED] - symbol = symbol: null

2019-08-23 18:48:17 - [TEST_STEP][PASSED] - println(symbol): null

2019-08-23 18:48:17 - [TEST_STEP][PASSED] - if (i == 2 &amp;&amp; wildList.indexOf(symbol) != -1): null

2019-08-23 18:48:17 - [TEST_STEP][PASSED] - if (i == 3 &amp;&amp; wildList.indexOf(symbol) != -1): null

2019-08-23 18:48:17 - [TEST_STEP][PASSED] - if (i == 4 &amp;&amp; wildList.indexOf(symbol) != -1): null

2019-08-23 18:48:17 - [TEST_STEP][PASSED] - symbol = symbol: null

2019-08-23 18:48:17 - [TEST_STEP][PASSED] - println(symbol): null

2019-08-23 18:48:17 - [TEST_STEP][PASSED] - if (i == 2 &amp;&amp; wildList.indexOf(symbol) != -1): null

2019-08-23 18:48:17 - [TEST_STEP][PASSED] - if (i == 3 &amp;&amp; wildList.indexOf(symbol) != -1): null

2019-08-23 18:48:17 - [TEST_STEP][PASSED] - if (i == 4 &amp;&amp; wildList.indexOf(symbol) != -1): null

2019-08-23 18:48:17 - [TEST_STEP][PASSED] - symbol = symbol: null

2019-08-23 18:48:17 - [TEST_STEP][PASSED] - println(symbol): null

2019-08-23 18:48:17 - [TEST_STEP][PASSED] - if (i == 2 &amp;&amp; wildList.indexOf(symbol) != -1): null

2019-08-23 18:48:17 - [TEST_STEP][PASSED] - if (i == 3 &amp;&amp; wildList.indexOf(symbol) != -1): null

2019-08-23 18:48:17 - [TEST_STEP][PASSED] - if (i == 4 &amp;&amp; wildList.indexOf(symbol) != -1): null

2019-08-23 18:48:17 - [TEST_STEP][PASSED] - symbols = symbols: null

2019-08-23 18:48:17 - [TEST_STEP][PASSED] - for ([j = 0, j &lt; symbols.size(), (j++)]): null

2019-08-23 18:48:17 - [TEST_STEP][PASSED] - symbol = symbol: null

2019-08-23 18:48:17 - [TEST_STEP][PASSED] - println(symbol): null

2019-08-23 18:48:17 - [TEST_STEP][PASSED] - if (i == 2 &amp;&amp; wildList.indexOf(symbol) != -1): null

2019-08-23 18:48:17 - [TEST_STEP][PASSED] - if (i == 3 &amp;&amp; wildList.indexOf(symbol) != -1): null

2019-08-23 18:48:17 - [TEST_STEP][PASSED] - println("wild found on reel 4, adding counter by 1"): null

2019-08-23 18:48:17 - [TEST_STEP][PASSED] - free_spin_reel_counter[1] = free_spin_reel_counter[1] + 1: null

2019-08-23 18:48:17 - [TEST_STEP][PASSED] - if (i == 4 &amp;&amp; wildList.indexOf(symbol) != -1): null

2019-08-23 18:48:17 - [TEST_STEP][PASSED] - symbol = symbol: null

2019-08-23 18:48:17 - [TEST_STEP][PASSED] - println(symbol): null

2019-08-23 18:48:17 - [TEST_STEP][PASSED] - if (i == 2 &amp;&amp; wildList.indexOf(symbol) != -1): null

2019-08-23 18:48:17 - [TEST_STEP][PASSED] - if (i == 3 &amp;&amp; wildList.indexOf(symbol) != -1): null

2019-08-23 18:48:17 - [TEST_STEP][PASSED] - if (i == 4 &amp;&amp; wildList.indexOf(symbol) != -1): null

2019-08-23 18:48:17 - [TEST_STEP][PASSED] - symbol = symbol: null

2019-08-23 18:48:17 - [TEST_STEP][PASSED] - println(symbol): null

2019-08-23 18:48:17 - [TEST_STEP][PASSED] - if (i == 2 &amp;&amp; wildList.indexOf(symbol) != -1): null

2019-08-23 18:48:17 - [TEST_STEP][PASSED] - if (i == 3 &amp;&amp; wildList.indexOf(symbol) != -1): null

2019-08-23 18:48:17 - [TEST_STEP][PASSED] - if (i == 4 &amp;&amp; wildList.indexOf(symbol) != -1): null

2019-08-23 18:48:17 - [TEST_STEP][PASSED] - symbols = symbols: null

2019-08-23 18:48:17 - [TEST_STEP][PASSED] - for ([j = 0, j &lt; symbols.size(), (j++)]): null

2019-08-23 18:48:17 - [TEST_STEP][PASSED] - symbol = symbol: null

2019-08-23 18:48:17 - [TEST_STEP][PASSED] - println(symbol): null

2019-08-23 18:48:17 - [TEST_STEP][PASSED] - if (i == 2 &amp;&amp; wildList.indexOf(symbol) != -1): null

2019-08-23 18:48:17 - [TEST_STEP][PASSED] - if (i == 3 &amp;&amp; wildList.indexOf(symbol) != -1): null

2019-08-23 18:48:17 - [TEST_STEP][PASSED] - if (i == 4 &amp;&amp; wildList.indexOf(symbol) != -1): null

2019-08-23 18:48:17 - [TEST_STEP][PASSED] - symbol = symbol: null

2019-08-23 18:48:17 - [TEST_STEP][PASSED] - println(symbol): null

2019-08-23 18:48:17 - [TEST_STEP][PASSED] - if (i == 2 &amp;&amp; wildList.indexOf(symbol) != -1): null

2019-08-23 18:48:17 - [TEST_STEP][PASSED] - if (i == 3 &amp;&amp; wildList.indexOf(symbol) != -1): null

2019-08-23 18:48:17 - [TEST_STEP][PASSED] - if (i == 4 &amp;&amp; wildList.indexOf(symbol) != -1): null

2019-08-23 18:48:17 - [TEST_STEP][PASSED] - symbol = symbol: null

2019-08-23 18:48:17 - [TEST_STEP][PASSED] - println(symbol): null

2019-08-23 18:48:17 - [TEST_STEP][PASSED] - if (i == 2 &amp;&amp; wildList.indexOf(symbol) != -1): null

2019-08-23 18:48:17 - [TEST_STEP][PASSED] - if (i == 3 &amp;&amp; wildList.indexOf(symbol) != -1): null

2019-08-23 18:48:17 - [TEST_STEP][PASSED] - if (i == 4 &amp;&amp; wildList.indexOf(symbol) != -1): null

2019-08-23 18:48:17 - [TEST_STEP][PASSED] - free_spin_reel_counter = free_spin_reel_counter: null

2019-08-23 18:48:17 - [TEST_STEP][PASSED] - println("reel 3 wild found: " + free_spin_reel_counter[0]): null

2019-08-23 18:48:17 - [TEST_STEP][PASSED] - println("reel 4 wild found: " + free_spin_reel_counter[1]): null

2019-08-23 18:48:17 - [TEST_STEP][PASSED] - println("reel 5 wild found: " + free_spin_reel_counter[2]): null

2019-08-23 18:48:17 - [TEST_STEP][PASSED] - M4_spin_reels = M4_spin_reels: null

2019-08-23 18:48:17 - [TEST_STEP][PASSED] - M4_spin_reels_symbols = symbol: null

2019-08-23 18:48:17 - [TEST_STEP][PASSED] - M4_spin_reels_symbols = M4_spin_reels_symbols: null

2019-08-23 18:48:17 - [TEST_STEP][PASSED] - M4_spin_reel_wins = reel_wins: null

2019-08-23 18:48:17 - [TEST_STEP][PASSED] - M4_spin_reel_wins = M4_spin_reel_wins: null

2019-08-23 18:48:17 - [TEST_STEP][PASSED] - println("GlobalVariable.M4_spin_reel_wins is: " + M4_spin_reel_wins): null

2019-08-23 18:48:17 - [TEST_STEP][PASSED] - M4_spin_total_bonus_win_this_round = total_bonus_win_this_round: null

2019-08-23 18:48:17 - [TEST_STEP][PASSED] - M4_spin_total_bonus_win_this_round = M4_spin_total_bonus_win_this_round: null

2019-08-23 18:48:17 - [TEST_STEP][PASSED] - println("GlobalVariable.M4_spin_total_bonus_win_this_round is: " + M4_spin_total_bonus_win_this_round): null

2019-08-23 18:48:17 - [TEST_STEP][PASSED] - M4_spin_bonus_spin_result = spin_result: null

2019-08-23 18:48:17 - [TEST_STEP][PASSED] - M4_spin_bonus_spin_result = M4_spin_bonus_spin_result: null

2019-08-23 18:48:17 - [MESSAGE][PASSED] - Verify response successfully

2019-08-23 18:48:17 - [MESSAGE][PASSED] - Send request and verify the response successfully

2019-08-23 18:48:17 - [TEST_STEP][PASSED] - if (free_spin_reel_counter[0] &gt;= 1 &amp;&amp; free_spin_reel_counter[1] &gt;= 1 &amp;&amp; free_spin_reel_counter[2] &gt;= 1): null

2019-08-23 18:48:17 - [TEST_STEP][PASSED] - spin_result = sendRequestAndVerify(findTestObject("INT/RGS(M4)/1_M4_spin", ["M4_login_user_id":M4_login_user_id, "rgs_session_token":rgs_session_token, "partner":Partner])): Send request and verify the response successfully

2019-08-23 18:48:17 - [MESSAGE][INFO] - HAR: /Users/eiralee/Katalon_Script/SuperWild/Reports/20190823_184757/INT/superWild_1/20190823_184757/requests/main/5.har

2019-08-23 18:48:18 - [TEST_CASE][PASSED] - Start Test Case : Verification: Verification accomplished successfully

2019-08-23 18:48:18 - [TEST_STEP][PASSED] - request = getInstance().getCurrentRequest(): null

2019-08-23 18:48:18 - [TEST_STEP][PASSED] - response = getInstance().getCurrentResponse(): null

2019-08-23 18:48:18 - [TEST_STEP][PASSED] - verifyResponseStatusCode(response, 200): Verify response status code successfully

2019-08-23 18:48:18 - [MESSAGE][PASSED] - Verify response status code successfully

2019-08-23 18:48:18 - [TEST_STEP][PASSED] - getStatusCode()).isEqualTo(200): null

2019-08-23 18:48:18 - [TEST_STEP][PASSED] - newline = System.getProperty("line.separator"): null

2019-08-23 18:48:18 - [TEST_STEP][PASSED] - M4_spin = new groovy.json.JsonSlurper(): null

2019-08-23 18:48:18 - [TEST_STEP][PASSED] - result_M4_spin = M4_spin.parseText(response.getResponseBodyContent()): null

2019-08-23 18:48:18 - [TEST_STEP][PASSED] - M4_spin_current_balance = current_balance: null

2019-08-23 18:48:18 - [TEST_STEP][PASSED] - M4_spin_current_balance = M4_spin_current_balance: null

2019-08-23 18:48:18 - [TEST_STEP][PASSED] - M4_spin_transaction_id = causality: null

2019-08-23 18:48:18 - [TEST_STEP][PASSED] - M4_spin_transaction_id = M4_spin_transaction_id: null

2019-08-23 18:48:18 - [TEST_STEP][PASSED] - M4_spin_round_id = round_id: null

2019-08-23 18:48:18 - [TEST_STEP][PASSED] - M4_spin_round_id = M4_spin_round_id: null

2019-08-23 18:48:18 - [TEST_STEP][PASSED] - M4_spin_line_wins = line_wins: null

2019-08-23 18:48:18 - [TEST_STEP][PASSED] - M4_spin_line_wins = M4_spin_line_wins: null

2019-08-23 18:48:18 - [TEST_STEP][PASSED] - M4_total_bonus_spins_int = total_bonus_spins: null

2019-08-23 18:48:18 - [TEST_STEP][PASSED] - println("******M4_total_bonus_spins type is:*******" + newline + getClass().getName()): null

2019-08-23 18:48:18 - [TEST_STEP][PASSED] - M4_total_bonus_spins_int = M4_total_bonus_spins_int: null

2019-08-23 18:48:18 - [TEST_STEP][PASSED] - M4_total_bonus_spins = Integer.toString(M4_total_bonus_spins_int): null

2019-08-23 18:48:18 - [TEST_STEP][PASSED] - M4_total_bonus_spins = M4_total_bonus_spins: null

2019-08-23 18:48:18 - [TEST_STEP][PASSED] - println("M4_total_bonus_spins is:" + M4_total_bonus_spins): null

2019-08-23 18:48:18 - [TEST_STEP][PASSED] - M4_spin_bonus_data = bonus_data: null

2019-08-23 18:48:18 - [TEST_STEP][PASSED] - M4_spin_features_triggered = result_M4_spin: null

2019-08-23 18:48:18 - [TEST_STEP][PASSED] - wild = []: null

2019-08-23 18:48:18 - [TEST_STEP][PASSED] - wild[0] = "WILD_Expanding": null

2019-08-23 18:48:18 - [TEST_STEP][PASSED] - wild[1] = "WILD_Normal": null

2019-08-23 18:48:18 - [TEST_STEP][PASSED] - wild[2] = "WILD_Double": null

2019-08-23 18:48:18 - [TEST_STEP][PASSED] - wild[3] = "WILD_ExtraFG": null

2019-08-23 18:48:18 - [TEST_STEP][PASSED] - wild[4] = "WILD_Triple": null

2019-08-23 18:48:18 - [TEST_STEP][PASSED] - wildList = Arrays.asList(wild): null

2019-08-23 18:48:18 - [TEST_STEP][PASSED] - wildList = wildList: null

2019-08-23 18:48:18 - [TEST_STEP][PASSED] - free_spin_reel_counter = []: null

2019-08-23 18:48:18 - [TEST_STEP][PASSED] - free_spin_reel_counter[0] = 0: null

2019-08-23 18:48:18 - [TEST_STEP][PASSED] - free_spin_reel_counter[1] = 0: null

2019-08-23 18:48:18 - [TEST_STEP][PASSED] - free_spin_reel_counter[2] = 0: null

2019-08-23 18:48:18 - [TEST_STEP][PASSED] - M4_spin_reels = reels: null

2019-08-23 18:48:18 - [TEST_STEP][PASSED] - for ([i = 0, i &lt; M4_spin_reels.size(), (i++)]): null

2019-08-23 18:48:18 - [TEST_STEP][PASSED] - symbols = symbols: null

2019-08-23 18:48:18 - [TEST_STEP][PASSED] - for ([j = 0, j &lt; symbols.size(), (j++)]): null

2019-08-23 18:48:18 - [TEST_STEP][PASSED] - symbol = symbol: null

2019-08-23 18:48:18 - [TEST_STEP][PASSED] - println(symbol): null

2019-08-23 18:48:18 - [TEST_STEP][PASSED] - if (i == 2 &amp;&amp; wildList.indexOf(symbol) != -1): null

2019-08-23 18:48:18 - [TEST_STEP][PASSED] - if (i == 3 &amp;&amp; wildList.indexOf(symbol) != -1): null

2019-08-23 18:48:18 - [TEST_STEP][PASSED] - if (i == 4 &amp;&amp; wildList.indexOf(symbol) != -1): null

2019-08-23 18:48:18 - [TEST_STEP][PASSED] - symbol = symbol: null

2019-08-23 18:48:18 - [TEST_STEP][PASSED] - println(symbol): null

2019-08-23 18:48:18 - [TEST_STEP][PASSED] - if (i == 2 &amp;&amp; wildList.indexOf(symbol) != -1): null

2019-08-23 18:48:18 - [TEST_STEP][PASSED] - if (i == 3 &amp;&amp; wildList.indexOf(symbol) != -1): null

2019-08-23 18:48:18 - [TEST_STEP][PASSED] - if (i == 4 &amp;&amp; wildList.indexOf(symbol) != -1): null

2019-08-23 18:48:18 - [TEST_STEP][PASSED] - symbol = symbol: null

2019-08-23 18:48:18 - [TEST_STEP][PASSED] - println(symbol): null

2019-08-23 18:48:18 - [TEST_STEP][PASSED] - if (i == 2 &amp;&amp; wildList.indexOf(symbol) != -1): null

2019-08-23 18:48:18 - [TEST_STEP][PASSED] - if (i == 3 &amp;&amp; wildList.indexOf(symbol) != -1): null

2019-08-23 18:48:18 - [TEST_STEP][PASSED] - if (i == 4 &amp;&amp; wildList.indexOf(symbol) != -1): null

2019-08-23 18:48:18 - [TEST_STEP][PASSED] - symbols = symbols: null

2019-08-23 18:48:18 - [TEST_STEP][PASSED] - for ([j = 0, j &lt; symbols.size(), (j++)]): null

2019-08-23 18:48:18 - [TEST_STEP][PASSED] - symbol = symbol: null

2019-08-23 18:48:18 - [TEST_STEP][PASSED] - println(symbol): null

2019-08-23 18:48:18 - [TEST_STEP][PASSED] - if (i == 2 &amp;&amp; wildList.indexOf(symbol) != -1): null

2019-08-23 18:48:18 - [TEST_STEP][PASSED] - if (i == 3 &amp;&amp; wildList.indexOf(symbol) != -1): null

2019-08-23 18:48:18 - [TEST_STEP][PASSED] - if (i == 4 &amp;&amp; wildList.indexOf(symbol) != -1): null

2019-08-23 18:48:18 - [TEST_STEP][PASSED] - symbol = symbol: null

2019-08-23 18:48:18 - [TEST_STEP][PASSED] - println(symbol): null

2019-08-23 18:48:18 - [TEST_STEP][PASSED] - if (i == 2 &amp;&amp; wildList.indexOf(symbol) != -1): null

2019-08-23 18:48:18 - [TEST_STEP][PASSED] - if (i == 3 &amp;&amp; wildList.indexOf(symbol) != -1): null

2019-08-23 18:48:18 - [TEST_STEP][PASSED] - if (i == 4 &amp;&amp; wildList.indexOf(symbol) != -1): null

2019-08-23 18:48:18 - [TEST_STEP][PASSED] - symbol = symbol: null

2019-08-23 18:48:18 - [TEST_STEP][PASSED] - println(symbol): null

2019-08-23 18:48:18 - [TEST_STEP][PASSED] - if (i == 2 &amp;&amp; wildList.indexOf(symbol) != -1): null

2019-08-23 18:48:18 - [TEST_STEP][PASSED] - if (i == 3 &amp;&amp; wildList.indexOf(symbol) != -1): null

2019-08-23 18:48:18 - [TEST_STEP][PASSED] - if (i == 4 &amp;&amp; wildList.indexOf(symbol) != -1): null

2019-08-23 18:48:18 - [TEST_STEP][PASSED] - symbols = symbols: null

2019-08-23 18:48:18 - [TEST_STEP][PASSED] - for ([j = 0, j &lt; symbols.size(), (j++)]): null

2019-08-23 18:48:18 - [TEST_STEP][PASSED] - symbol = symbol: null

2019-08-23 18:48:18 - [TEST_STEP][PASSED] - println(symbol): null

2019-08-23 18:48:18 - [TEST_STEP][PASSED] - if (i == 2 &amp;&amp; wildList.indexOf(symbol) != -1): null

2019-08-23 18:48:18 - [TEST_STEP][PASSED] - if (i == 3 &amp;&amp; wildList.indexOf(symbol) != -1): null

2019-08-23 18:48:18 - [TEST_STEP][PASSED] - if (i == 4 &amp;&amp; wildList.indexOf(symbol) != -1): null

2019-08-23 18:48:18 - [TEST_STEP][PASSED] - symbol = symbol: null

2019-08-23 18:48:18 - [TEST_STEP][PASSED] - println(symbol): null

2019-08-23 18:48:18 - [TEST_STEP][PASSED] - if (i == 2 &amp;&amp; wildList.indexOf(symbol) != -1): null

2019-08-23 18:48:18 - [TEST_STEP][PASSED] - if (i == 3 &amp;&amp; wildList.indexOf(symbol) != -1): null

2019-08-23 18:48:18 - [TEST_STEP][PASSED] - if (i == 4 &amp;&amp; wildList.indexOf(symbol) != -1): null

2019-08-23 18:48:18 - [TEST_STEP][PASSED] - symbol = symbol: null

2019-08-23 18:48:18 - [TEST_STEP][PASSED] - println(symbol): null

2019-08-23 18:48:18 - [TEST_STEP][PASSED] - if (i == 2 &amp;&amp; wildList.indexOf(symbol) != -1): null

2019-08-23 18:48:18 - [TEST_STEP][PASSED] - println("wild found on reel 3, adding counter by 1"): null

2019-08-23 18:48:18 - [TEST_STEP][PASSED] - free_spin_reel_counter[0] = free_spin_reel_counter[0] + 1: null

2019-08-23 18:48:18 - [TEST_STEP][PASSED] - if (i == 3 &amp;&amp; wildList.indexOf(symbol) != -1): null

2019-08-23 18:48:18 - [TEST_STEP][PASSED] - if (i == 4 &amp;&amp; wildList.indexOf(symbol) != -1): null

2019-08-23 18:48:18 - [TEST_STEP][PASSED] - symbols = symbols: null

2019-08-23 18:48:18 - [TEST_STEP][PASSED] - for ([j = 0, j &lt; symbols.size(), (j++)]): null

2019-08-23 18:48:18 - [TEST_STEP][PASSED] - symbol = symbol: null

2019-08-23 18:48:18 - [TEST_STEP][PASSED] - println(symbol): null

2019-08-23 18:48:18 - [TEST_STEP][PASSED] - if (i == 2 &amp;&amp; wildList.indexOf(symbol) != -1): null

2019-08-23 18:48:18 - [TEST_STEP][PASSED] - if (i == 3 &amp;&amp; wildList.indexOf(symbol) != -1): null

2019-08-23 18:48:18 - [TEST_STEP][PASSED] - if (i == 4 &amp;&amp; wildList.indexOf(symbol) != -1): null

2019-08-23 18:48:18 - [TEST_STEP][PASSED] - symbol = symbol: null

2019-08-23 18:48:18 - [TEST_STEP][PASSED] - println(symbol): null

2019-08-23 18:48:18 - [TEST_STEP][PASSED] - if (i == 2 &amp;&amp; wildList.indexOf(symbol) != -1): null

2019-08-23 18:48:18 - [TEST_STEP][PASSED] - if (i == 3 &amp;&amp; wildList.indexOf(symbol) != -1): null

2019-08-23 18:48:18 - [TEST_STEP][PASSED] - if (i == 4 &amp;&amp; wildList.indexOf(symbol) != -1): null

2019-08-23 18:48:18 - [TEST_STEP][PASSED] - symbol = symbol: null

2019-08-23 18:48:18 - [TEST_STEP][PASSED] - println(symbol): null

2019-08-23 18:48:18 - [TEST_STEP][PASSED] - if (i == 2 &amp;&amp; wildList.indexOf(symbol) != -1): null

2019-08-23 18:48:18 - [TEST_STEP][PASSED] - if (i == 3 &amp;&amp; wildList.indexOf(symbol) != -1): null

2019-08-23 18:48:18 - [TEST_STEP][PASSED] - if (i == 4 &amp;&amp; wildList.indexOf(symbol) != -1): null

2019-08-23 18:48:18 - [TEST_STEP][PASSED] - symbols = symbols: null

2019-08-23 18:48:18 - [TEST_STEP][PASSED] - for ([j = 0, j &lt; symbols.size(), (j++)]): null

2019-08-23 18:48:18 - [TEST_STEP][PASSED] - symbol = symbol: null

2019-08-23 18:48:18 - [TEST_STEP][PASSED] - println(symbol): null

2019-08-23 18:48:18 - [TEST_STEP][PASSED] - if (i == 2 &amp;&amp; wildList.indexOf(symbol) != -1): null

2019-08-23 18:48:18 - [TEST_STEP][PASSED] - if (i == 3 &amp;&amp; wildList.indexOf(symbol) != -1): null

2019-08-23 18:48:18 - [TEST_STEP][PASSED] - if (i == 4 &amp;&amp; wildList.indexOf(symbol) != -1): null

2019-08-23 18:48:18 - [TEST_STEP][PASSED] - symbol = symbol: null

2019-08-23 18:48:18 - [TEST_STEP][PASSED] - println(symbol): null

2019-08-23 18:48:18 - [TEST_STEP][PASSED] - if (i == 2 &amp;&amp; wildList.indexOf(symbol) != -1): null

2019-08-23 18:48:18 - [TEST_STEP][PASSED] - if (i == 3 &amp;&amp; wildList.indexOf(symbol) != -1): null

2019-08-23 18:48:18 - [TEST_STEP][PASSED] - if (i == 4 &amp;&amp; wildList.indexOf(symbol) != -1): null

2019-08-23 18:48:18 - [TEST_STEP][PASSED] - symbol = symbol: null

2019-08-23 18:48:18 - [TEST_STEP][PASSED] - println(symbol): null

2019-08-23 18:48:18 - [TEST_STEP][PASSED] - if (i == 2 &amp;&amp; wildList.indexOf(symbol) != -1): null

2019-08-23 18:48:18 - [TEST_STEP][PASSED] - if (i == 3 &amp;&amp; wildList.indexOf(symbol) != -1): null

2019-08-23 18:48:18 - [TEST_STEP][PASSED] - if (i == 4 &amp;&amp; wildList.indexOf(symbol) != -1): null

2019-08-23 18:48:18 - [TEST_STEP][PASSED] - println("wild found on reel 5, adding counter by 1"): null

2019-08-23 18:48:18 - [TEST_STEP][PASSED] - free_spin_reel_counter[2] = free_spin_reel_counter[2] + 1: null

2019-08-23 18:48:18 - [TEST_STEP][PASSED] - free_spin_reel_counter = free_spin_reel_counter: null

2019-08-23 18:48:18 - [TEST_STEP][PASSED] - println("reel 3 wild found: " + free_spin_reel_counter[0]): null

2019-08-23 18:48:18 - [TEST_STEP][PASSED] - println("reel 4 wild found: " + free_spin_reel_counter[1]): null

2019-08-23 18:48:18 - [TEST_STEP][PASSED] - println("reel 5 wild found: " + free_spin_reel_counter[2]): null

2019-08-23 18:48:18 - [TEST_STEP][PASSED] - M4_spin_reels = M4_spin_reels: null

2019-08-23 18:48:18 - [TEST_STEP][PASSED] - M4_spin_reels_symbols = symbol: null

2019-08-23 18:48:18 - [TEST_STEP][PASSED] - M4_spin_reels_symbols = M4_spin_reels_symbols: null

2019-08-23 18:48:18 - [TEST_STEP][PASSED] - M4_spin_reel_wins = reel_wins: null

2019-08-23 18:48:18 - [TEST_STEP][PASSED] - M4_spin_reel_wins = M4_spin_reel_wins: null

2019-08-23 18:48:18 - [TEST_STEP][PASSED] - println("GlobalVariable.M4_spin_reel_wins is: " + M4_spin_reel_wins): null

2019-08-23 18:48:18 - [TEST_STEP][PASSED] - M4_spin_total_bonus_win_this_round = total_bonus_win_this_round: null

2019-08-23 18:48:18 - [TEST_STEP][PASSED] - M4_spin_total_bonus_win_this_round = M4_spin_total_bonus_win_this_round: null

2019-08-23 18:48:18 - [TEST_STEP][PASSED] - println("GlobalVariable.M4_spin_total_bonus_win_this_round is: " + M4_spin_total_bonus_win_this_round): null

2019-08-23 18:48:18 - [TEST_STEP][PASSED] - M4_spin_bonus_spin_result = spin_result: null

2019-08-23 18:48:18 - [TEST_STEP][PASSED] - M4_spin_bonus_spin_result = M4_spin_bonus_spin_result: null

2019-08-23 18:48:18 - [MESSAGE][PASSED] - Verify response successfully

2019-08-23 18:48:18 - [MESSAGE][PASSED] - Send request and verify the response successfully

2019-08-23 18:48:18 - [TEST_STEP][PASSED] - if (free_spin_reel_counter[0] &gt;= 1 &amp;&amp; free_spin_reel_counter[1] &gt;= 1 &amp;&amp; free_spin_reel_counter[2] &gt;= 1): null

2019-08-23 18:48:18 - [TEST_STEP][PASSED] - spin_result = sendRequestAndVerify(findTestObject("INT/RGS(M4)/1_M4_spin", ["M4_login_user_id":M4_login_user_id, "rgs_session_token":rgs_session_token, "partner":Partner])): Send request and verify the response successfully

2019-08-23 18:48:18 - [MESSAGE][INFO] - HAR: /Users/eiralee/Katalon_Script/SuperWild/Reports/20190823_184757/INT/superWild_1/20190823_184757/requests/main/6.har

2019-08-23 18:48:18 - [TEST_CASE][PASSED] - Start Test Case : Verification: Verification accomplished successfully

2019-08-23 18:48:18 - [TEST_STEP][PASSED] - request = getInstance().getCurrentRequest(): null

2019-08-23 18:48:18 - [TEST_STEP][PASSED] - response = getInstance().getCurrentResponse(): null

2019-08-23 18:48:18 - [TEST_STEP][PASSED] - verifyResponseStatusCode(response, 200): Verify response status code successfully

2019-08-23 18:48:18 - [MESSAGE][PASSED] - Verify response status code successfully

2019-08-23 18:48:18 - [TEST_STEP][PASSED] - getStatusCode()).isEqualTo(200): null

2019-08-23 18:48:18 - [TEST_STEP][PASSED] - newline = System.getProperty("line.separator"): null

2019-08-23 18:48:18 - [TEST_STEP][PASSED] - M4_spin = new groovy.json.JsonSlurper(): null

2019-08-23 18:48:18 - [TEST_STEP][PASSED] - result_M4_spin = M4_spin.parseText(response.getResponseBodyContent()): null

2019-08-23 18:48:18 - [TEST_STEP][PASSED] - M4_spin_current_balance = current_balance: null

2019-08-23 18:48:18 - [TEST_STEP][PASSED] - M4_spin_current_balance = M4_spin_current_balance: null

2019-08-23 18:48:18 - [TEST_STEP][PASSED] - M4_spin_transaction_id = causality: null

2019-08-23 18:48:18 - [TEST_STEP][PASSED] - M4_spin_transaction_id = M4_spin_transaction_id: null

2019-08-23 18:48:18 - [TEST_STEP][PASSED] - M4_spin_round_id = round_id: null

2019-08-23 18:48:18 - [TEST_STEP][PASSED] - M4_spin_round_id = M4_spin_round_id: null

2019-08-23 18:48:18 - [TEST_STEP][PASSED] - M4_spin_line_wins = line_wins: null

2019-08-23 18:48:18 - [TEST_STEP][PASSED] - M4_spin_line_wins = M4_spin_line_wins: null

2019-08-23 18:48:18 - [TEST_STEP][PASSED] - M4_total_bonus_spins_int = total_bonus_spins: null

2019-08-23 18:48:18 - [TEST_STEP][PASSED] - println("******M4_total_bonus_spins type is:*******" + newline + getClass().getName()): null

2019-08-23 18:48:18 - [TEST_STEP][PASSED] - M4_total_bonus_spins_int = M4_total_bonus_spins_int: null

2019-08-23 18:48:18 - [TEST_STEP][PASSED] - M4_total_bonus_spins = Integer.toString(M4_total_bonus_spins_int): null

2019-08-23 18:48:18 - [TEST_STEP][PASSED] - M4_total_bonus_spins = M4_total_bonus_spins: null

2019-08-23 18:48:18 - [TEST_STEP][PASSED] - println("M4_total_bonus_spins is:" + M4_total_bonus_spins): null

2019-08-23 18:48:18 - [TEST_STEP][PASSED] - M4_spin_bonus_data = bonus_data: null

2019-08-23 18:48:18 - [TEST_STEP][PASSED] - M4_spin_features_triggered = result_M4_spin: null

2019-08-23 18:48:18 - [TEST_STEP][PASSED] - wild = []: null

2019-08-23 18:48:18 - [TEST_STEP][PASSED] - wild[0] = "WILD_Expanding": null

2019-08-23 18:48:18 - [TEST_STEP][PASSED] - wild[1] = "WILD_Normal": null

2019-08-23 18:48:18 - [TEST_STEP][PASSED] - wild[2] = "WILD_Double": null

2019-08-23 18:48:18 - [TEST_STEP][PASSED] - wild[3] = "WILD_ExtraFG": null

2019-08-23 18:48:18 - [TEST_STEP][PASSED] - wild[4] = "WILD_Triple": null

2019-08-23 18:48:18 - [TEST_STEP][PASSED] - wildList = Arrays.asList(wild): null

2019-08-23 18:48:18 - [TEST_STEP][PASSED] - wildList = wildList: null

2019-08-23 18:48:18 - [TEST_STEP][PASSED] - free_spin_reel_counter = []: null

2019-08-23 18:48:18 - [TEST_STEP][PASSED] - free_spin_reel_counter[0] = 0: null

2019-08-23 18:48:18 - [TEST_STEP][PASSED] - free_spin_reel_counter[1] = 0: null

2019-08-23 18:48:18 - [TEST_STEP][PASSED] - free_spin_reel_counter[2] = 0: null

2019-08-23 18:48:18 - [TEST_STEP][PASSED] - M4_spin_reels = reels: null

2019-08-23 18:48:18 - [TEST_STEP][PASSED] - for ([i = 0, i &lt; M4_spin_reels.size(), (i++)]): null

2019-08-23 18:48:18 - [TEST_STEP][PASSED] - symbols = symbols: null

2019-08-23 18:48:18 - [TEST_STEP][PASSED] - for ([j = 0, j &lt; symbols.size(), (j++)]): null

2019-08-23 18:48:18 - [TEST_STEP][PASSED] - symbol = symbol: null

2019-08-23 18:48:18 - [TEST_STEP][PASSED] - println(symbol): null

2019-08-23 18:48:18 - [TEST_STEP][PASSED] - if (i == 2 &amp;&amp; wildList.indexOf(symbol) != -1): null

2019-08-23 18:48:18 - [TEST_STEP][PASSED] - if (i == 3 &amp;&amp; wildList.indexOf(symbol) != -1): null

2019-08-23 18:48:18 - [TEST_STEP][PASSED] - if (i == 4 &amp;&amp; wildList.indexOf(symbol) != -1): null

2019-08-23 18:48:18 - [TEST_STEP][PASSED] - symbol = symbol: null

2019-08-23 18:48:18 - [TEST_STEP][PASSED] - println(symbol): null

2019-08-23 18:48:18 - [TEST_STEP][PASSED] - if (i == 2 &amp;&amp; wildList.indexOf(symbol) != -1): null

2019-08-23 18:48:18 - [TEST_STEP][PASSED] - if (i == 3 &amp;&amp; wildList.indexOf(symbol) != -1): null

2019-08-23 18:48:18 - [TEST_STEP][PASSED] - if (i == 4 &amp;&amp; wildList.indexOf(symbol) != -1): null

2019-08-23 18:48:18 - [TEST_STEP][PASSED] - symbol = symbol: null

2019-08-23 18:48:18 - [TEST_STEP][PASSED] - println(symbol): null

2019-08-23 18:48:18 - [TEST_STEP][PASSED] - if (i == 2 &amp;&amp; wildList.indexOf(symbol) != -1): null

2019-08-23 18:48:18 - [TEST_STEP][PASSED] - if (i == 3 &amp;&amp; wildList.indexOf(symbol) != -1): null

2019-08-23 18:48:18 - [TEST_STEP][PASSED] - if (i == 4 &amp;&amp; wildList.indexOf(symbol) != -1): null

2019-08-23 18:48:18 - [TEST_STEP][PASSED] - symbols = symbols: null

2019-08-23 18:48:18 - [TEST_STEP][PASSED] - for ([j = 0, j &lt; symbols.size(), (j++)]): null

2019-08-23 18:48:18 - [TEST_STEP][PASSED] - symbol = symbol: null

2019-08-23 18:48:18 - [TEST_STEP][PASSED] - println(symbol): null

2019-08-23 18:48:18 - [TEST_STEP][PASSED] - if (i == 2 &amp;&amp; wildList.indexOf(symbol) != -1): null

2019-08-23 18:48:18 - [TEST_STEP][PASSED] - if (i == 3 &amp;&amp; wildList.indexOf(symbol) != -1): null

2019-08-23 18:48:18 - [TEST_STEP][PASSED] - if (i == 4 &amp;&amp; wildList.indexOf(symbol) != -1): null

2019-08-23 18:48:18 - [TEST_STEP][PASSED] - symbol = symbol: null

2019-08-23 18:48:18 - [TEST_STEP][PASSED] - println(symbol): null

2019-08-23 18:48:18 - [TEST_STEP][PASSED] - if (i == 2 &amp;&amp; wildList.indexOf(symbol) != -1): null

2019-08-23 18:48:18 - [TEST_STEP][PASSED] - if (i == 3 &amp;&amp; wildList.indexOf(symbol) != -1): null

2019-08-23 18:48:18 - [TEST_STEP][PASSED] - if (i == 4 &amp;&amp; wildList.indexOf(symbol) != -1): null

2019-08-23 18:48:18 - [TEST_STEP][PASSED] - symbol = symbol: null

2019-08-23 18:48:18 - [TEST_STEP][PASSED] - println(symbol): null

2019-08-23 18:48:18 - [TEST_STEP][PASSED] - if (i == 2 &amp;&amp; wildList.indexOf(symbol) != -1): null

2019-08-23 18:48:18 - [TEST_STEP][PASSED] - if (i == 3 &amp;&amp; wildList.indexOf(symbol) != -1): null

2019-08-23 18:48:18 - [TEST_STEP][PASSED] - if (i == 4 &amp;&amp; wildList.indexOf(symbol) != -1): null

2019-08-23 18:48:18 - [TEST_STEP][PASSED] - symbols = symbols: null

2019-08-23 18:48:18 - [TEST_STEP][PASSED] - for ([j = 0, j &lt; symbols.size(), (j++)]): null

2019-08-23 18:48:18 - [TEST_STEP][PASSED] - symbol = symbol: null

2019-08-23 18:48:18 - [TEST_STEP][PASSED] - println(symbol): null

2019-08-23 18:48:18 - [TEST_STEP][PASSED] - if (i == 2 &amp;&amp; wildList.indexOf(symbol) != -1): null

2019-08-23 18:48:18 - [TEST_STEP][PASSED] - if (i == 3 &amp;&amp; wildList.indexOf(symbol) != -1): null

2019-08-23 18:48:18 - [TEST_STEP][PASSED] - if (i == 4 &amp;&amp; wildList.indexOf(symbol) != -1): null

2019-08-23 18:48:18 - [TEST_STEP][PASSED] - symbol = symbol: null

2019-08-23 18:48:18 - [TEST_STEP][PASSED] - println(symbol): null

2019-08-23 18:48:18 - [TEST_STEP][PASSED] - if (i == 2 &amp;&amp; wildList.indexOf(symbol) != -1): null

2019-08-23 18:48:18 - [TEST_STEP][PASSED] - if (i == 3 &amp;&amp; wildList.indexOf(symbol) != -1): null

2019-08-23 18:48:18 - [TEST_STEP][PASSED] - if (i == 4 &amp;&amp; wildList.indexOf(symbol) != -1): null

2019-08-23 18:48:18 - [TEST_STEP][PASSED] - symbol = symbol: null

2019-08-23 18:48:18 - [TEST_STEP][PASSED] - println(symbol): null

2019-08-23 18:48:18 - [TEST_STEP][PASSED] - if (i == 2 &amp;&amp; wildList.indexOf(symbol) != -1): null

2019-08-23 18:48:18 - [TEST_STEP][PASSED] - println("wild found on reel 3, adding counter by 1"): null

2019-08-23 18:48:18 - [TEST_STEP][PASSED] - free_spin_reel_counter[0] = free_spin_reel_counter[0] + 1: null

2019-08-23 18:48:18 - [TEST_STEP][PASSED] - if (i == 3 &amp;&amp; wildList.indexOf(symbol) != -1): null

2019-08-23 18:48:18 - [TEST_STEP][PASSED] - if (i == 4 &amp;&amp; wildList.indexOf(symbol) != -1): null

2019-08-23 18:48:18 - [TEST_STEP][PASSED] - symbols = symbols: null

2019-08-23 18:48:18 - [TEST_STEP][PASSED] - for ([j = 0, j &lt; symbols.size(), (j++)]): null

2019-08-23 18:48:18 - [TEST_STEP][PASSED] - symbol = symbol: null

2019-08-23 18:48:18 - [TEST_STEP][PASSED] - println(symbol): null

2019-08-23 18:48:18 - [TEST_STEP][PASSED] - if (i == 2 &amp;&amp; wildList.indexOf(symbol) != -1): null

2019-08-23 18:48:18 - [TEST_STEP][PASSED] - if (i == 3 &amp;&amp; wildList.indexOf(symbol) != -1): null

2019-08-23 18:48:18 - [TEST_STEP][PASSED] - if (i == 4 &amp;&amp; wildList.indexOf(symbol) != -1): null

2019-08-23 18:48:18 - [TEST_STEP][PASSED] - symbol = symbol: null

2019-08-23 18:48:18 - [TEST_STEP][PASSED] - println(symbol): null

2019-08-23 18:48:18 - [TEST_STEP][PASSED] - if (i == 2 &amp;&amp; wildList.indexOf(symbol) != -1): null

2019-08-23 18:48:18 - [TEST_STEP][PASSED] - if (i == 3 &amp;&amp; wildList.indexOf(symbol) != -1): null

2019-08-23 18:48:18 - [TEST_STEP][PASSED] - if (i == 4 &amp;&amp; wildList.indexOf(symbol) != -1): null

2019-08-23 18:48:18 - [TEST_STEP][PASSED] - symbol = symbol: null

2019-08-23 18:48:18 - [TEST_STEP][PASSED] - println(symbol): null

2019-08-23 18:48:18 - [TEST_STEP][PASSED] - if (i == 2 &amp;&amp; wildList.indexOf(symbol) != -1): null

2019-08-23 18:48:18 - [TEST_STEP][PASSED] - if (i == 3 &amp;&amp; wildList.indexOf(symbol) != -1): null

2019-08-23 18:48:18 - [TEST_STEP][PASSED] - if (i == 4 &amp;&amp; wildList.indexOf(symbol) != -1): null

2019-08-23 18:48:18 - [TEST_STEP][PASSED] - symbols = symbols: null

2019-08-23 18:48:18 - [TEST_STEP][PASSED] - for ([j = 0, j &lt; symbols.size(), (j++)]): null

2019-08-23 18:48:18 - [TEST_STEP][PASSED] - symbol = symbol: null

2019-08-23 18:48:18 - [TEST_STEP][PASSED] - println(symbol): null

2019-08-23 18:48:18 - [TEST_STEP][PASSED] - if (i == 2 &amp;&amp; wildList.indexOf(symbol) != -1): null

2019-08-23 18:48:18 - [TEST_STEP][PASSED] - if (i == 3 &amp;&amp; wildList.indexOf(symbol) != -1): null

2019-08-23 18:48:18 - [TEST_STEP][PASSED] - if (i == 4 &amp;&amp; wildList.indexOf(symbol) != -1): null

2019-08-23 18:48:18 - [TEST_STEP][PASSED] - symbol = symbol: null

2019-08-23 18:48:18 - [TEST_STEP][PASSED] - println(symbol): null

2019-08-23 18:48:18 - [TEST_STEP][PASSED] - if (i == 2 &amp;&amp; wildList.indexOf(symbol) != -1): null

2019-08-23 18:48:18 - [TEST_STEP][PASSED] - if (i == 3 &amp;&amp; wildList.indexOf(symbol) != -1): null

2019-08-23 18:48:18 - [TEST_STEP][PASSED] - if (i == 4 &amp;&amp; wildList.indexOf(symbol) != -1): null

2019-08-23 18:48:18 - [TEST_STEP][PASSED] - symbol = symbol: null

2019-08-23 18:48:18 - [TEST_STEP][PASSED] - println(symbol): null

2019-08-23 18:48:18 - [TEST_STEP][PASSED] - if (i == 2 &amp;&amp; wildList.indexOf(symbol) != -1): null

2019-08-23 18:48:18 - [TEST_STEP][PASSED] - if (i == 3 &amp;&amp; wildList.indexOf(symbol) != -1): null

2019-08-23 18:48:18 - [TEST_STEP][PASSED] - if (i == 4 &amp;&amp; wildList.indexOf(symbol) != -1): null

2019-08-23 18:48:18 - [TEST_STEP][PASSED] - free_spin_reel_counter = free_spin_reel_counter: null

2019-08-23 18:48:18 - [TEST_STEP][PASSED] - println("reel 3 wild found: " + free_spin_reel_counter[0]): null

2019-08-23 18:48:18 - [TEST_STEP][PASSED] - println("reel 4 wild found: " + free_spin_reel_counter[1]): null

2019-08-23 18:48:18 - [TEST_STEP][PASSED] - println("reel 5 wild found: " + free_spin_reel_counter[2]): null

2019-08-23 18:48:18 - [TEST_STEP][PASSED] - M4_spin_reels = M4_spin_reels: null

2019-08-23 18:48:18 - [TEST_STEP][PASSED] - M4_spin_reels_symbols = symbol: null

2019-08-23 18:48:18 - [TEST_STEP][PASSED] - M4_spin_reels_symbols = M4_spin_reels_symbols: null

2019-08-23 18:48:18 - [TEST_STEP][PASSED] - M4_spin_reel_wins = reel_wins: null

2019-08-23 18:48:18 - [TEST_STEP][PASSED] - M4_spin_reel_wins = M4_spin_reel_wins: null

2019-08-23 18:48:18 - [TEST_STEP][PASSED] - println("GlobalVariable.M4_spin_reel_wins is: " + M4_spin_reel_wins): null

2019-08-23 18:48:18 - [TEST_STEP][PASSED] - M4_spin_total_bonus_win_this_round = total_bonus_win_this_round: null

2019-08-23 18:48:18 - [TEST_STEP][PASSED] - M4_spin_total_bonus_win_this_round = M4_spin_total_bonus_win_this_round: null

2019-08-23 18:48:18 - [TEST_STEP][PASSED] - println("GlobalVariable.M4_spin_total_bonus_win_this_round is: " + M4_spin_total_bonus_win_this_round): null

2019-08-23 18:48:18 - [TEST_STEP][PASSED] - M4_spin_bonus_spin_result = spin_result: null

2019-08-23 18:48:18 - [TEST_STEP][PASSED] - M4_spin_bonus_spin_result = M4_spin_bonus_spin_result: null

2019-08-23 18:48:18 - [MESSAGE][PASSED] - Verify response successfully

2019-08-23 18:48:18 - [MESSAGE][PASSED] - Send request and verify the response successfully

2019-08-23 18:48:18 - [TEST_STEP][PASSED] - if (free_spin_reel_counter[0] &gt;= 1 &amp;&amp; free_spin_reel_counter[1] &gt;= 1 &amp;&amp; free_spin_reel_counter[2] &gt;= 1): null

2019-08-23 18:48:18 - [TEST_STEP][PASSED] - spin_result = sendRequestAndVerify(findTestObject("INT/RGS(M4)/1_M4_spin", ["M4_login_user_id":M4_login_user_id, "rgs_session_token":rgs_session_token, "partner":Partner])): Send request and verify the response successfully

2019-08-23 18:48:19 - [MESSAGE][INFO] - HAR: /Users/eiralee/Katalon_Script/SuperWild/Reports/20190823_184757/INT/superWild_1/20190823_184757/requests/main/7.har

2019-08-23 18:48:19 - [TEST_CASE][PASSED] - Start Test Case : Verification: Verification accomplished successfully

2019-08-23 18:48:19 - [TEST_STEP][PASSED] - request = getInstance().getCurrentRequest(): null

2019-08-23 18:48:19 - [TEST_STEP][PASSED] - response = getInstance().getCurrentResponse(): null

2019-08-23 18:48:19 - [TEST_STEP][PASSED] - verifyResponseStatusCode(response, 200): Verify response status code successfully

2019-08-23 18:48:19 - [MESSAGE][PASSED] - Verify response status code successfully

2019-08-23 18:48:19 - [TEST_STEP][PASSED] - getStatusCode()).isEqualTo(200): null

2019-08-23 18:48:19 - [TEST_STEP][PASSED] - newline = System.getProperty("line.separator"): null

2019-08-23 18:48:19 - [TEST_STEP][PASSED] - M4_spin = new groovy.json.JsonSlurper(): null

2019-08-23 18:48:19 - [TEST_STEP][PASSED] - result_M4_spin = M4_spin.parseText(response.getResponseBodyContent()): null

2019-08-23 18:48:19 - [TEST_STEP][PASSED] - M4_spin_current_balance = current_balance: null

2019-08-23 18:48:19 - [TEST_STEP][PASSED] - M4_spin_current_balance = M4_spin_current_balance: null

2019-08-23 18:48:19 - [TEST_STEP][PASSED] - M4_spin_transaction_id = causality: null

2019-08-23 18:48:19 - [TEST_STEP][PASSED] - M4_spin_transaction_id = M4_spin_transaction_id: null

2019-08-23 18:48:19 - [TEST_STEP][PASSED] - M4_spin_round_id = round_id: null

2019-08-23 18:48:19 - [TEST_STEP][PASSED] - M4_spin_round_id = M4_spin_round_id: null

2019-08-23 18:48:19 - [TEST_STEP][PASSED] - M4_spin_line_wins = line_wins: null

2019-08-23 18:48:19 - [TEST_STEP][PASSED] - M4_spin_line_wins = M4_spin_line_wins: null

2019-08-23 18:48:19 - [TEST_STEP][PASSED] - M4_total_bonus_spins_int = total_bonus_spins: null

2019-08-23 18:48:19 - [TEST_STEP][PASSED] - println("******M4_total_bonus_spins type is:*******" + newline + getClass().getName()): null

2019-08-23 18:48:19 - [TEST_STEP][PASSED] - M4_total_bonus_spins_int = M4_total_bonus_spins_int: null

2019-08-23 18:48:19 - [TEST_STEP][PASSED] - M4_total_bonus_spins = Integer.toString(M4_total_bonus_spins_int): null

2019-08-23 18:48:19 - [TEST_STEP][PASSED] - M4_total_bonus_spins = M4_total_bonus_spins: null

2019-08-23 18:48:19 - [TEST_STEP][PASSED] - println("M4_total_bonus_spins is:" + M4_total_bonus_spins): null

2019-08-23 18:48:19 - [TEST_STEP][PASSED] - M4_spin_bonus_data = bonus_data: null

2019-08-23 18:48:19 - [TEST_STEP][PASSED] - M4_spin_features_triggered = result_M4_spin: null

2019-08-23 18:48:19 - [TEST_STEP][PASSED] - wild = []: null

2019-08-23 18:48:19 - [TEST_STEP][PASSED] - wild[0] = "WILD_Expanding": null

2019-08-23 18:48:19 - [TEST_STEP][PASSED] - wild[1] = "WILD_Normal": null

2019-08-23 18:48:19 - [TEST_STEP][PASSED] - wild[2] = "WILD_Double": null

2019-08-23 18:48:19 - [TEST_STEP][PASSED] - wild[3] = "WILD_ExtraFG": null

2019-08-23 18:48:19 - [TEST_STEP][PASSED] - wild[4] = "WILD_Triple": null

2019-08-23 18:48:19 - [TEST_STEP][PASSED] - wildList = Arrays.asList(wild): null

2019-08-23 18:48:19 - [TEST_STEP][PASSED] - wildList = wildList: null

2019-08-23 18:48:19 - [TEST_STEP][PASSED] - free_spin_reel_counter = []: null

2019-08-23 18:48:19 - [TEST_STEP][PASSED] - free_spin_reel_counter[0] = 0: null

2019-08-23 18:48:19 - [TEST_STEP][PASSED] - free_spin_reel_counter[1] = 0: null

2019-08-23 18:48:19 - [TEST_STEP][PASSED] - free_spin_reel_counter[2] = 0: null

2019-08-23 18:48:19 - [TEST_STEP][PASSED] - M4_spin_reels = reels: null

2019-08-23 18:48:19 - [TEST_STEP][PASSED] - for ([i = 0, i &lt; M4_spin_reels.size(), (i++)]): null

2019-08-23 18:48:19 - [TEST_STEP][PASSED] - symbols = symbols: null

2019-08-23 18:48:19 - [TEST_STEP][PASSED] - for ([j = 0, j &lt; symbols.size(), (j++)]): null

2019-08-23 18:48:19 - [TEST_STEP][PASSED] - symbol = symbol: null

2019-08-23 18:48:19 - [TEST_STEP][PASSED] - println(symbol): null

2019-08-23 18:48:19 - [TEST_STEP][PASSED] - if (i == 2 &amp;&amp; wildList.indexOf(symbol) != -1): null

2019-08-23 18:48:19 - [TEST_STEP][PASSED] - if (i == 3 &amp;&amp; wildList.indexOf(symbol) != -1): null

2019-08-23 18:48:19 - [TEST_STEP][PASSED] - if (i == 4 &amp;&amp; wildList.indexOf(symbol) != -1): null

2019-08-23 18:48:19 - [TEST_STEP][PASSED] - symbol = symbol: null

2019-08-23 18:48:19 - [TEST_STEP][PASSED] - println(symbol): null

2019-08-23 18:48:19 - [TEST_STEP][PASSED] - if (i == 2 &amp;&amp; wildList.indexOf(symbol) != -1): null

2019-08-23 18:48:19 - [TEST_STEP][PASSED] - if (i == 3 &amp;&amp; wildList.indexOf(symbol) != -1): null

2019-08-23 18:48:19 - [TEST_STEP][PASSED] - if (i == 4 &amp;&amp; wildList.indexOf(symbol) != -1): null

2019-08-23 18:48:19 - [TEST_STEP][PASSED] - symbol = symbol: null

2019-08-23 18:48:19 - [TEST_STEP][PASSED] - println(symbol): null

2019-08-23 18:48:19 - [TEST_STEP][PASSED] - if (i == 2 &amp;&amp; wildList.indexOf(symbol) != -1): null

2019-08-23 18:48:19 - [TEST_STEP][PASSED] - if (i == 3 &amp;&amp; wildList.indexOf(symbol) != -1): null

2019-08-23 18:48:19 - [TEST_STEP][PASSED] - if (i == 4 &amp;&amp; wildList.indexOf(symbol) != -1): null

2019-08-23 18:48:19 - [TEST_STEP][PASSED] - symbols = symbols: null

2019-08-23 18:48:19 - [TEST_STEP][PASSED] - for ([j = 0, j &lt; symbols.size(), (j++)]): null

2019-08-23 18:48:19 - [TEST_STEP][PASSED] - symbol = symbol: null

2019-08-23 18:48:19 - [TEST_STEP][PASSED] - println(symbol): null

2019-08-23 18:48:19 - [TEST_STEP][PASSED] - if (i == 2 &amp;&amp; wildList.indexOf(symbol) != -1): null

2019-08-23 18:48:19 - [TEST_STEP][PASSED] - if (i == 3 &amp;&amp; wildList.indexOf(symbol) != -1): null

2019-08-23 18:48:19 - [TEST_STEP][PASSED] - if (i == 4 &amp;&amp; wildList.indexOf(symbol) != -1): null

2019-08-23 18:48:19 - [TEST_STEP][PASSED] - symbol = symbol: null

2019-08-23 18:48:19 - [TEST_STEP][PASSED] - println(symbol): null

2019-08-23 18:48:19 - [TEST_STEP][PASSED] - if (i == 2 &amp;&amp; wildList.indexOf(symbol) != -1): null

2019-08-23 18:48:19 - [TEST_STEP][PASSED] - if (i == 3 &amp;&amp; wildList.indexOf(symbol) != -1): null

2019-08-23 18:48:19 - [TEST_STEP][PASSED] - if (i == 4 &amp;&amp; wildList.indexOf(symbol) != -1): null

2019-08-23 18:48:19 - [TEST_STEP][PASSED] - symbol = symbol: null

2019-08-23 18:48:19 - [TEST_STEP][PASSED] - println(symbol): null

2019-08-23 18:48:19 - [TEST_STEP][PASSED] - if (i == 2 &amp;&amp; wildList.indexOf(symbol) != -1): null

2019-08-23 18:48:19 - [TEST_STEP][PASSED] - if (i == 3 &amp;&amp; wildList.indexOf(symbol) != -1): null

2019-08-23 18:48:19 - [TEST_STEP][PASSED] - if (i == 4 &amp;&amp; wildList.indexOf(symbol) != -1): null

2019-08-23 18:48:19 - [TEST_STEP][PASSED] - symbols = symbols: null

2019-08-23 18:48:19 - [TEST_STEP][PASSED] - for ([j = 0, j &lt; symbols.size(), (j++)]): null

2019-08-23 18:48:19 - [TEST_STEP][PASSED] - symbol = symbol: null

2019-08-23 18:48:19 - [TEST_STEP][PASSED] - println(symbol): null

2019-08-23 18:48:19 - [TEST_STEP][PASSED] - if (i == 2 &amp;&amp; wildList.indexOf(symbol) != -1): null

2019-08-23 18:48:19 - [TEST_STEP][PASSED] - if (i == 3 &amp;&amp; wildList.indexOf(symbol) != -1): null

2019-08-23 18:48:19 - [TEST_STEP][PASSED] - if (i == 4 &amp;&amp; wildList.indexOf(symbol) != -1): null

2019-08-23 18:48:19 - [TEST_STEP][PASSED] - symbol = symbol: null

2019-08-23 18:48:19 - [TEST_STEP][PASSED] - println(symbol): null

2019-08-23 18:48:19 - [TEST_STEP][PASSED] - if (i == 2 &amp;&amp; wildList.indexOf(symbol) != -1): null

2019-08-23 18:48:19 - [TEST_STEP][PASSED] - if (i == 3 &amp;&amp; wildList.indexOf(symbol) != -1): null

2019-08-23 18:48:19 - [TEST_STEP][PASSED] - if (i == 4 &amp;&amp; wildList.indexOf(symbol) != -1): null

2019-08-23 18:48:19 - [TEST_STEP][PASSED] - symbol = symbol: null

2019-08-23 18:48:19 - [TEST_STEP][PASSED] - println(symbol): null

2019-08-23 18:48:19 - [TEST_STEP][PASSED] - if (i == 2 &amp;&amp; wildList.indexOf(symbol) != -1): null

2019-08-23 18:48:19 - [TEST_STEP][PASSED] - if (i == 3 &amp;&amp; wildList.indexOf(symbol) != -1): null

2019-08-23 18:48:19 - [TEST_STEP][PASSED] - if (i == 4 &amp;&amp; wildList.indexOf(symbol) != -1): null

2019-08-23 18:48:19 - [TEST_STEP][PASSED] - symbols = symbols: null

2019-08-23 18:48:19 - [TEST_STEP][PASSED] - for ([j = 0, j &lt; symbols.size(), (j++)]): null

2019-08-23 18:48:19 - [TEST_STEP][PASSED] - symbol = symbol: null

2019-08-23 18:48:19 - [TEST_STEP][PASSED] - println(symbol): null

2019-08-23 18:48:19 - [TEST_STEP][PASSED] - if (i == 2 &amp;&amp; wildList.indexOf(symbol) != -1): null

2019-08-23 18:48:19 - [TEST_STEP][PASSED] - if (i == 3 &amp;&amp; wildList.indexOf(symbol) != -1): null

2019-08-23 18:48:19 - [TEST_STEP][PASSED] - if (i == 4 &amp;&amp; wildList.indexOf(symbol) != -1): null

2019-08-23 18:48:19 - [TEST_STEP][PASSED] - symbol = symbol: null

2019-08-23 18:48:19 - [TEST_STEP][PASSED] - println(symbol): null

2019-08-23 18:48:19 - [TEST_STEP][PASSED] - if (i == 2 &amp;&amp; wildList.indexOf(symbol) != -1): null

2019-08-23 18:48:19 - [TEST_STEP][PASSED] - if (i == 3 &amp;&amp; wildList.indexOf(symbol) != -1): null

2019-08-23 18:48:19 - [TEST_STEP][PASSED] - if (i == 4 &amp;&amp; wildList.indexOf(symbol) != -1): null

2019-08-23 18:48:19 - [TEST_STEP][PASSED] - symbol = symbol: null

2019-08-23 18:48:19 - [TEST_STEP][PASSED] - println(symbol): null

2019-08-23 18:48:19 - [TEST_STEP][PASSED] - if (i == 2 &amp;&amp; wildList.indexOf(symbol) != -1): null

2019-08-23 18:48:19 - [TEST_STEP][PASSED] - if (i == 3 &amp;&amp; wildList.indexOf(symbol) != -1): null

2019-08-23 18:48:19 - [TEST_STEP][PASSED] - println("wild found on reel 4, adding counter by 1"): null

2019-08-23 18:48:19 - [TEST_STEP][PASSED] - free_spin_reel_counter[1] = free_spin_reel_counter[1] + 1: null

2019-08-23 18:48:19 - [TEST_STEP][PASSED] - if (i == 4 &amp;&amp; wildList.indexOf(symbol) != -1): null

2019-08-23 18:48:19 - [TEST_STEP][PASSED] - symbols = symbols: null

2019-08-23 18:48:19 - [TEST_STEP][PASSED] - for ([j = 0, j &lt; symbols.size(), (j++)]): null

2019-08-23 18:48:19 - [TEST_STEP][PASSED] - symbol = symbol: null

2019-08-23 18:48:19 - [TEST_STEP][PASSED] - println(symbol): null

2019-08-23 18:48:19 - [TEST_STEP][PASSED] - if (i == 2 &amp;&amp; wildList.indexOf(symbol) != -1): null

2019-08-23 18:48:19 - [TEST_STEP][PASSED] - if (i == 3 &amp;&amp; wildList.indexOf(symbol) != -1): null

2019-08-23 18:48:19 - [TEST_STEP][PASSED] - if (i == 4 &amp;&amp; wildList.indexOf(symbol) != -1): null

2019-08-23 18:48:19 - [TEST_STEP][PASSED] - symbol = symbol: null

2019-08-23 18:48:19 - [TEST_STEP][PASSED] - println(symbol): null

2019-08-23 18:48:19 - [TEST_STEP][PASSED] - if (i == 2 &amp;&amp; wildList.indexOf(symbol) != -1): null

2019-08-23 18:48:19 - [TEST_STEP][PASSED] - if (i == 3 &amp;&amp; wildList.indexOf(symbol) != -1): null

2019-08-23 18:48:19 - [TEST_STEP][PASSED] - if (i == 4 &amp;&amp; wildList.indexOf(symbol) != -1): null

2019-08-23 18:48:19 - [TEST_STEP][PASSED] - symbol = symbol: null

2019-08-23 18:48:19 - [TEST_STEP][PASSED] - println(symbol): null

2019-08-23 18:48:19 - [TEST_STEP][PASSED] - if (i == 2 &amp;&amp; wildList.indexOf(symbol) != -1): null

2019-08-23 18:48:19 - [TEST_STEP][PASSED] - if (i == 3 &amp;&amp; wildList.indexOf(symbol) != -1): null

2019-08-23 18:48:19 - [TEST_STEP][PASSED] - if (i == 4 &amp;&amp; wildList.indexOf(symbol) != -1): null

2019-08-23 18:48:19 - [TEST_STEP][PASSED] - free_spin_reel_counter = free_spin_reel_counter: null

2019-08-23 18:48:19 - [TEST_STEP][PASSED] - println("reel 3 wild found: " + free_spin_reel_counter[0]): null

2019-08-23 18:48:19 - [TEST_STEP][PASSED] - println("reel 4 wild found: " + free_spin_reel_counter[1]): null

2019-08-23 18:48:19 - [TEST_STEP][PASSED] - println("reel 5 wild found: " + free_spin_reel_counter[2]): null

2019-08-23 18:48:19 - [TEST_STEP][PASSED] - M4_spin_reels = M4_spin_reels: null

2019-08-23 18:48:19 - [TEST_STEP][PASSED] - M4_spin_reels_symbols = symbol: null

2019-08-23 18:48:19 - [TEST_STEP][PASSED] - M4_spin_reels_symbols = M4_spin_reels_symbols: null

2019-08-23 18:48:19 - [TEST_STEP][PASSED] - M4_spin_reel_wins = reel_wins: null

2019-08-23 18:48:19 - [TEST_STEP][PASSED] - M4_spin_reel_wins = M4_spin_reel_wins: null

2019-08-23 18:48:19 - [TEST_STEP][PASSED] - println("GlobalVariable.M4_spin_reel_wins is: " + M4_spin_reel_wins): null

2019-08-23 18:48:19 - [TEST_STEP][PASSED] - M4_spin_total_bonus_win_this_round = total_bonus_win_this_round: null

2019-08-23 18:48:19 - [TEST_STEP][PASSED] - M4_spin_total_bonus_win_this_round = M4_spin_total_bonus_win_this_round: null

2019-08-23 18:48:19 - [TEST_STEP][PASSED] - println("GlobalVariable.M4_spin_total_bonus_win_this_round is: " + M4_spin_total_bonus_win_this_round): null

2019-08-23 18:48:19 - [TEST_STEP][PASSED] - M4_spin_bonus_spin_result = spin_result: null

2019-08-23 18:48:19 - [TEST_STEP][PASSED] - M4_spin_bonus_spin_result = M4_spin_bonus_spin_result: null

2019-08-23 18:48:19 - [MESSAGE][PASSED] - Verify response successfully

2019-08-23 18:48:19 - [MESSAGE][PASSED] - Send request and verify the response successfully

2019-08-23 18:48:19 - [TEST_STEP][PASSED] - if (free_spin_reel_counter[0] &gt;= 1 &amp;&amp; free_spin_reel_counter[1] &gt;= 1 &amp;&amp; free_spin_reel_counter[2] &gt;= 1): null

2019-08-23 18:48:19 - [TEST_STEP][PASSED] - spin_result = sendRequestAndVerify(findTestObject("INT/RGS(M4)/1_M4_spin", ["M4_login_user_id":M4_login_user_id, "rgs_session_token":rgs_session_token, "partner":Partner])): Send request and verify the response successfully

2019-08-23 18:48:20 - [MESSAGE][INFO] - HAR: /Users/eiralee/Katalon_Script/SuperWild/Reports/20190823_184757/INT/superWild_1/20190823_184757/requests/main/8.har

2019-08-23 18:48:20 - [TEST_CASE][PASSED] - Start Test Case : Verification: Verification accomplished successfully

2019-08-23 18:48:20 - [TEST_STEP][PASSED] - request = getInstance().getCurrentRequest(): null

2019-08-23 18:48:20 - [TEST_STEP][PASSED] - response = getInstance().getCurrentResponse(): null

2019-08-23 18:48:20 - [TEST_STEP][PASSED] - verifyResponseStatusCode(response, 200): Verify response status code successfully

2019-08-23 18:48:20 - [MESSAGE][PASSED] - Verify response status code successfully

2019-08-23 18:48:20 - [TEST_STEP][PASSED] - getStatusCode()).isEqualTo(200): null

2019-08-23 18:48:20 - [TEST_STEP][PASSED] - newline = System.getProperty("line.separator"): null

2019-08-23 18:48:20 - [TEST_STEP][PASSED] - M4_spin = new groovy.json.JsonSlurper(): null

2019-08-23 18:48:20 - [TEST_STEP][PASSED] - result_M4_spin = M4_spin.parseText(response.getResponseBodyContent()): null

2019-08-23 18:48:20 - [TEST_STEP][PASSED] - M4_spin_current_balance = current_balance: null

2019-08-23 18:48:20 - [TEST_STEP][PASSED] - M4_spin_current_balance = M4_spin_current_balance: null

2019-08-23 18:48:20 - [TEST_STEP][PASSED] - M4_spin_transaction_id = causality: null

2019-08-23 18:48:20 - [TEST_STEP][PASSED] - M4_spin_transaction_id = M4_spin_transaction_id: null

2019-08-23 18:48:20 - [TEST_STEP][PASSED] - M4_spin_round_id = round_id: null

2019-08-23 18:48:20 - [TEST_STEP][PASSED] - M4_spin_round_id = M4_spin_round_id: null

2019-08-23 18:48:20 - [TEST_STEP][PASSED] - M4_spin_line_wins = line_wins: null

2019-08-23 18:48:20 - [TEST_STEP][PASSED] - M4_spin_line_wins = M4_spin_line_wins: null

2019-08-23 18:48:20 - [TEST_STEP][PASSED] - M4_total_bonus_spins_int = total_bonus_spins: null

2019-08-23 18:48:20 - [TEST_STEP][PASSED] - println("******M4_total_bonus_spins type is:*******" + newline + getClass().getName()): null

2019-08-23 18:48:20 - [TEST_STEP][PASSED] - M4_total_bonus_spins_int = M4_total_bonus_spins_int: null

2019-08-23 18:48:20 - [TEST_STEP][PASSED] - M4_total_bonus_spins = Integer.toString(M4_total_bonus_spins_int): null

2019-08-23 18:48:20 - [TEST_STEP][PASSED] - M4_total_bonus_spins = M4_total_bonus_spins: null

2019-08-23 18:48:20 - [TEST_STEP][PASSED] - println("M4_total_bonus_spins is:" + M4_total_bonus_spins): null

2019-08-23 18:48:20 - [TEST_STEP][PASSED] - M4_spin_bonus_data = bonus_data: null

2019-08-23 18:48:20 - [TEST_STEP][PASSED] - M4_spin_features_triggered = result_M4_spin: null

2019-08-23 18:48:20 - [TEST_STEP][PASSED] - wild = []: null

2019-08-23 18:48:20 - [TEST_STEP][PASSED] - wild[0] = "WILD_Expanding": null

2019-08-23 18:48:20 - [TEST_STEP][PASSED] - wild[1] = "WILD_Normal": null

2019-08-23 18:48:20 - [TEST_STEP][PASSED] - wild[2] = "WILD_Double": null

2019-08-23 18:48:20 - [TEST_STEP][PASSED] - wild[3] = "WILD_ExtraFG": null

2019-08-23 18:48:20 - [TEST_STEP][PASSED] - wild[4] = "WILD_Triple": null

2019-08-23 18:48:20 - [TEST_STEP][PASSED] - wildList = Arrays.asList(wild): null

2019-08-23 18:48:20 - [TEST_STEP][PASSED] - wildList = wildList: null

2019-08-23 18:48:20 - [TEST_STEP][PASSED] - free_spin_reel_counter = []: null

2019-08-23 18:48:20 - [TEST_STEP][PASSED] - free_spin_reel_counter[0] = 0: null

2019-08-23 18:48:20 - [TEST_STEP][PASSED] - free_spin_reel_counter[1] = 0: null

2019-08-23 18:48:20 - [TEST_STEP][PASSED] - free_spin_reel_counter[2] = 0: null

2019-08-23 18:48:20 - [TEST_STEP][PASSED] - M4_spin_reels = reels: null

2019-08-23 18:48:20 - [TEST_STEP][PASSED] - for ([i = 0, i &lt; M4_spin_reels.size(), (i++)]): null

2019-08-23 18:48:20 - [TEST_STEP][PASSED] - symbols = symbols: null

2019-08-23 18:48:20 - [TEST_STEP][PASSED] - for ([j = 0, j &lt; symbols.size(), (j++)]): null

2019-08-23 18:48:20 - [TEST_STEP][PASSED] - symbol = symbol: null

2019-08-23 18:48:20 - [TEST_STEP][PASSED] - println(symbol): null

2019-08-23 18:48:20 - [TEST_STEP][PASSED] - if (i == 2 &amp;&amp; wildList.indexOf(symbol) != -1): null

2019-08-23 18:48:20 - [TEST_STEP][PASSED] - if (i == 3 &amp;&amp; wildList.indexOf(symbol) != -1): null

2019-08-23 18:48:20 - [TEST_STEP][PASSED] - if (i == 4 &amp;&amp; wildList.indexOf(symbol) != -1): null

2019-08-23 18:48:20 - [TEST_STEP][PASSED] - symbol = symbol: null

2019-08-23 18:48:20 - [TEST_STEP][PASSED] - println(symbol): null

2019-08-23 18:48:20 - [TEST_STEP][PASSED] - if (i == 2 &amp;&amp; wildList.indexOf(symbol) != -1): null

2019-08-23 18:48:20 - [TEST_STEP][PASSED] - if (i == 3 &amp;&amp; wildList.indexOf(symbol) != -1): null

2019-08-23 18:48:20 - [TEST_STEP][PASSED] - if (i == 4 &amp;&amp; wildList.indexOf(symbol) != -1): null

2019-08-23 18:48:20 - [TEST_STEP][PASSED] - symbol = symbol: null

2019-08-23 18:48:20 - [TEST_STEP][PASSED] - println(symbol): null

2019-08-23 18:48:20 - [TEST_STEP][PASSED] - if (i == 2 &amp;&amp; wildList.indexOf(symbol) != -1): null

2019-08-23 18:48:20 - [TEST_STEP][PASSED] - if (i == 3 &amp;&amp; wildList.indexOf(symbol) != -1): null

2019-08-23 18:48:20 - [TEST_STEP][PASSED] - if (i == 4 &amp;&amp; wildList.indexOf(symbol) != -1): null

2019-08-23 18:48:20 - [TEST_STEP][PASSED] - symbols = symbols: null

2019-08-23 18:48:20 - [TEST_STEP][PASSED] - for ([j = 0, j &lt; symbols.size(), (j++)]): null

2019-08-23 18:48:20 - [TEST_STEP][PASSED] - symbol = symbol: null

2019-08-23 18:48:20 - [TEST_STEP][PASSED] - println(symbol): null

2019-08-23 18:48:20 - [TEST_STEP][PASSED] - if (i == 2 &amp;&amp; wildList.indexOf(symbol) != -1): null

2019-08-23 18:48:20 - [TEST_STEP][PASSED] - if (i == 3 &amp;&amp; wildList.indexOf(symbol) != -1): null

2019-08-23 18:48:20 - [TEST_STEP][PASSED] - if (i == 4 &amp;&amp; wildList.indexOf(symbol) != -1): null

2019-08-23 18:48:20 - [TEST_STEP][PASSED] - symbol = symbol: null

2019-08-23 18:48:20 - [TEST_STEP][PASSED] - println(symbol): null

2019-08-23 18:48:20 - [TEST_STEP][PASSED] - if (i == 2 &amp;&amp; wildList.indexOf(symbol) != -1): null

2019-08-23 18:48:20 - [TEST_STEP][PASSED] - if (i == 3 &amp;&amp; wildList.indexOf(symbol) != -1): null

2019-08-23 18:48:20 - [TEST_STEP][PASSED] - if (i == 4 &amp;&amp; wildList.indexOf(symbol) != -1): null

2019-08-23 18:48:20 - [TEST_STEP][PASSED] - symbol = symbol: null

2019-08-23 18:48:20 - [TEST_STEP][PASSED] - println(symbol): null

2019-08-23 18:48:20 - [TEST_STEP][PASSED] - if (i == 2 &amp;&amp; wildList.indexOf(symbol) != -1): null

2019-08-23 18:48:20 - [TEST_STEP][PASSED] - if (i == 3 &amp;&amp; wildList.indexOf(symbol) != -1): null

2019-08-23 18:48:20 - [TEST_STEP][PASSED] - if (i == 4 &amp;&amp; wildList.indexOf(symbol) != -1): null

2019-08-23 18:48:20 - [TEST_STEP][PASSED] - symbols = symbols: null

2019-08-23 18:48:20 - [TEST_STEP][PASSED] - for ([j = 0, j &lt; symbols.size(), (j++)]): null

2019-08-23 18:48:20 - [TEST_STEP][PASSED] - symbol = symbol: null

2019-08-23 18:48:20 - [TEST_STEP][PASSED] - println(symbol): null

2019-08-23 18:48:20 - [TEST_STEP][PASSED] - if (i == 2 &amp;&amp; wildList.indexOf(symbol) != -1): null

2019-08-23 18:48:20 - [TEST_STEP][PASSED] - println("wild found on reel 3, adding counter by 1"): null

2019-08-23 18:48:20 - [TEST_STEP][PASSED] - free_spin_reel_counter[0] = free_spin_reel_counter[0] + 1: null

2019-08-23 18:48:20 - [TEST_STEP][PASSED] - if (i == 3 &amp;&amp; wildList.indexOf(symbol) != -1): null

2019-08-23 18:48:20 - [TEST_STEP][PASSED] - if (i == 4 &amp;&amp; wildList.indexOf(symbol) != -1): null

2019-08-23 18:48:20 - [TEST_STEP][PASSED] - symbol = symbol: null

2019-08-23 18:48:20 - [TEST_STEP][PASSED] - println(symbol): null

2019-08-23 18:48:20 - [TEST_STEP][PASSED] - if (i == 2 &amp;&amp; wildList.indexOf(symbol) != -1): null

2019-08-23 18:48:20 - [TEST_STEP][PASSED] - if (i == 3 &amp;&amp; wildList.indexOf(symbol) != -1): null

2019-08-23 18:48:20 - [TEST_STEP][PASSED] - if (i == 4 &amp;&amp; wildList.indexOf(symbol) != -1): null

2019-08-23 18:48:20 - [TEST_STEP][PASSED] - symbol = symbol: null

2019-08-23 18:48:20 - [TEST_STEP][PASSED] - println(symbol): null

2019-08-23 18:48:20 - [TEST_STEP][PASSED] - if (i == 2 &amp;&amp; wildList.indexOf(symbol) != -1): null

2019-08-23 18:48:20 - [TEST_STEP][PASSED] - if (i == 3 &amp;&amp; wildList.indexOf(symbol) != -1): null

2019-08-23 18:48:20 - [TEST_STEP][PASSED] - if (i == 4 &amp;&amp; wildList.indexOf(symbol) != -1): null

2019-08-23 18:48:20 - [TEST_STEP][PASSED] - symbols = symbols: null

2019-08-23 18:48:20 - [TEST_STEP][PASSED] - for ([j = 0, j &lt; symbols.size(), (j++)]): null

2019-08-23 18:48:20 - [TEST_STEP][PASSED] - symbol = symbol: null

2019-08-23 18:48:20 - [TEST_STEP][PASSED] - println(symbol): null

2019-08-23 18:48:20 - [TEST_STEP][PASSED] - if (i == 2 &amp;&amp; wildList.indexOf(symbol) != -1): null

2019-08-23 18:48:20 - [TEST_STEP][PASSED] - if (i == 3 &amp;&amp; wildList.indexOf(symbol) != -1): null

2019-08-23 18:48:20 - [TEST_STEP][PASSED] - if (i == 4 &amp;&amp; wildList.indexOf(symbol) != -1): null

2019-08-23 18:48:20 - [TEST_STEP][PASSED] - symbol = symbol: null

2019-08-23 18:48:20 - [TEST_STEP][PASSED] - println(symbol): null

2019-08-23 18:48:20 - [TEST_STEP][PASSED] - if (i == 2 &amp;&amp; wildList.indexOf(symbol) != -1): null

2019-08-23 18:48:20 - [TEST_STEP][PASSED] - if (i == 3 &amp;&amp; wildList.indexOf(symbol) != -1): null

2019-08-23 18:48:20 - [TEST_STEP][PASSED] - if (i == 4 &amp;&amp; wildList.indexOf(symbol) != -1): null

2019-08-23 18:48:20 - [TEST_STEP][PASSED] - symbol = symbol: null

2019-08-23 18:48:20 - [TEST_STEP][PASSED] - println(symbol): null

2019-08-23 18:48:20 - [TEST_STEP][PASSED] - if (i == 2 &amp;&amp; wildList.indexOf(symbol) != -1): null

2019-08-23 18:48:20 - [TEST_STEP][PASSED] - if (i == 3 &amp;&amp; wildList.indexOf(symbol) != -1): null

2019-08-23 18:48:20 - [TEST_STEP][PASSED] - if (i == 4 &amp;&amp; wildList.indexOf(symbol) != -1): null

2019-08-23 18:48:20 - [TEST_STEP][PASSED] - symbols = symbols: null

2019-08-23 18:48:20 - [TEST_STEP][PASSED] - for ([j = 0, j &lt; symbols.size(), (j++)]): null

2019-08-23 18:48:20 - [TEST_STEP][PASSED] - symbol = symbol: null

2019-08-23 18:48:20 - [TEST_STEP][PASSED] - println(symbol): null

2019-08-23 18:48:20 - [TEST_STEP][PASSED] - if (i == 2 &amp;&amp; wildList.indexOf(symbol) != -1): null

2019-08-23 18:48:20 - [TEST_STEP][PASSED] - if (i == 3 &amp;&amp; wildList.indexOf(symbol) != -1): null

2019-08-23 18:48:20 - [TEST_STEP][PASSED] - if (i == 4 &amp;&amp; wildList.indexOf(symbol) != -1): null

2019-08-23 18:48:20 - [TEST_STEP][PASSED] - symbol = symbol: null

2019-08-23 18:48:20 - [TEST_STEP][PASSED] - println(symbol): null

2019-08-23 18:48:20 - [TEST_STEP][PASSED] - if (i == 2 &amp;&amp; wildList.indexOf(symbol) != -1): null

2019-08-23 18:48:20 - [TEST_STEP][PASSED] - if (i == 3 &amp;&amp; wildList.indexOf(symbol) != -1): null

2019-08-23 18:48:20 - [TEST_STEP][PASSED] - if (i == 4 &amp;&amp; wildList.indexOf(symbol) != -1): null

2019-08-23 18:48:20 - [TEST_STEP][PASSED] - symbol = symbol: null

2019-08-23 18:48:20 - [TEST_STEP][PASSED] - println(symbol): null

2019-08-23 18:48:20 - [TEST_STEP][PASSED] - if (i == 2 &amp;&amp; wildList.indexOf(symbol) != -1): null

2019-08-23 18:48:20 - [TEST_STEP][PASSED] - if (i == 3 &amp;&amp; wildList.indexOf(symbol) != -1): null

2019-08-23 18:48:20 - [TEST_STEP][PASSED] - if (i == 4 &amp;&amp; wildList.indexOf(symbol) != -1): null

2019-08-23 18:48:20 - [TEST_STEP][PASSED] - free_spin_reel_counter = free_spin_reel_counter: null

2019-08-23 18:48:20 - [TEST_STEP][PASSED] - println("reel 3 wild found: " + free_spin_reel_counter[0]): null

2019-08-23 18:48:20 - [TEST_STEP][PASSED] - println("reel 4 wild found: " + free_spin_reel_counter[1]): null

2019-08-23 18:48:20 - [TEST_STEP][PASSED] - println("reel 5 wild found: " + free_spin_reel_counter[2]): null

2019-08-23 18:48:20 - [TEST_STEP][PASSED] - M4_spin_reels = M4_spin_reels: null

2019-08-23 18:48:20 - [TEST_STEP][PASSED] - M4_spin_reels_symbols = symbol: null

2019-08-23 18:48:20 - [TEST_STEP][PASSED] - M4_spin_reels_symbols = M4_spin_reels_symbols: null

2019-08-23 18:48:20 - [TEST_STEP][PASSED] - M4_spin_reel_wins = reel_wins: null

2019-08-23 18:48:20 - [TEST_STEP][PASSED] - M4_spin_reel_wins = M4_spin_reel_wins: null

2019-08-23 18:48:20 - [TEST_STEP][PASSED] - println("GlobalVariable.M4_spin_reel_wins is: " + M4_spin_reel_wins): null

2019-08-23 18:48:20 - [TEST_STEP][PASSED] - M4_spin_total_bonus_win_this_round = total_bonus_win_this_round: null

2019-08-23 18:48:20 - [TEST_STEP][PASSED] - M4_spin_total_bonus_win_this_round = M4_spin_total_bonus_win_this_round: null

2019-08-23 18:48:20 - [TEST_STEP][PASSED] - println("GlobalVariable.M4_spin_total_bonus_win_this_round is: " + M4_spin_total_bonus_win_this_round): null

2019-08-23 18:48:20 - [TEST_STEP][PASSED] - M4_spin_bonus_spin_result = spin_result: null

2019-08-23 18:48:20 - [TEST_STEP][PASSED] - M4_spin_bonus_spin_result = M4_spin_bonus_spin_result: null

2019-08-23 18:48:20 - [MESSAGE][PASSED] - Verify response successfully

2019-08-23 18:48:20 - [MESSAGE][PASSED] - Send request and verify the response successfully

2019-08-23 18:48:20 - [TEST_STEP][PASSED] - if (free_spin_reel_counter[0] &gt;= 1 &amp;&amp; free_spin_reel_counter[1] &gt;= 1 &amp;&amp; free_spin_reel_counter[2] &gt;= 1): null

2019-08-23 18:48:20 - [TEST_STEP][PASSED] - spin_result = sendRequestAndVerify(findTestObject("INT/RGS(M4)/1_M4_spin", ["M4_login_user_id":M4_login_user_id, "rgs_session_token":rgs_session_token, "partner":Partner])): Send request and verify the response successfully

2019-08-23 18:48:20 - [MESSAGE][INFO] - HAR: /Users/eiralee/Katalon_Script/SuperWild/Reports/20190823_184757/INT/superWild_1/20190823_184757/requests/main/9.har

2019-08-23 18:48:20 - [TEST_CASE][PASSED] - Start Test Case : Verification: Verification accomplished successfully

2019-08-23 18:48:20 - [TEST_STEP][PASSED] - request = getInstance().getCurrentRequest(): null

2019-08-23 18:48:21 - [TEST_STEP][PASSED] - response = getInstance().getCurrentResponse(): null

2019-08-23 18:48:21 - [TEST_STEP][PASSED] - verifyResponseStatusCode(response, 200): Verify response status code successfully

2019-08-23 18:48:21 - [MESSAGE][PASSED] - Verify response status code successfully

2019-08-23 18:48:21 - [TEST_STEP][PASSED] - getStatusCode()).isEqualTo(200): null

2019-08-23 18:48:21 - [TEST_STEP][PASSED] - newline = System.getProperty("line.separator"): null

2019-08-23 18:48:21 - [TEST_STEP][PASSED] - M4_spin = new groovy.json.JsonSlurper(): null

2019-08-23 18:48:21 - [TEST_STEP][PASSED] - result_M4_spin = M4_spin.parseText(response.getResponseBodyContent()): null

2019-08-23 18:48:21 - [TEST_STEP][PASSED] - M4_spin_current_balance = current_balance: null

2019-08-23 18:48:21 - [TEST_STEP][PASSED] - M4_spin_current_balance = M4_spin_current_balance: null

2019-08-23 18:48:21 - [TEST_STEP][PASSED] - M4_spin_transaction_id = causality: null

2019-08-23 18:48:21 - [TEST_STEP][PASSED] - M4_spin_transaction_id = M4_spin_transaction_id: null

2019-08-23 18:48:21 - [TEST_STEP][PASSED] - M4_spin_round_id = round_id: null

2019-08-23 18:48:21 - [TEST_STEP][PASSED] - M4_spin_round_id = M4_spin_round_id: null

2019-08-23 18:48:21 - [TEST_STEP][PASSED] - M4_spin_line_wins = line_wins: null

2019-08-23 18:48:21 - [TEST_STEP][PASSED] - M4_spin_line_wins = M4_spin_line_wins: null

2019-08-23 18:48:21 - [TEST_STEP][PASSED] - M4_total_bonus_spins_int = total_bonus_spins: null

2019-08-23 18:48:21 - [TEST_STEP][PASSED] - println("******M4_total_bonus_spins type is:*******" + newline + getClass().getName()): null

2019-08-23 18:48:21 - [TEST_STEP][PASSED] - M4_total_bonus_spins_int = M4_total_bonus_spins_int: null

2019-08-23 18:48:21 - [TEST_STEP][PASSED] - M4_total_bonus_spins = Integer.toString(M4_total_bonus_spins_int): null

2019-08-23 18:48:21 - [TEST_STEP][PASSED] - M4_total_bonus_spins = M4_total_bonus_spins: null

2019-08-23 18:48:21 - [TEST_STEP][PASSED] - println("M4_total_bonus_spins is:" + M4_total_bonus_spins): null

2019-08-23 18:48:21 - [TEST_STEP][PASSED] - M4_spin_bonus_data = bonus_data: null

2019-08-23 18:48:21 - [TEST_STEP][PASSED] - M4_spin_features_triggered = result_M4_spin: null

2019-08-23 18:48:21 - [TEST_STEP][PASSED] - wild = []: null

2019-08-23 18:48:21 - [TEST_STEP][PASSED] - wild[0] = "WILD_Expanding": null

2019-08-23 18:48:21 - [TEST_STEP][PASSED] - wild[1] = "WILD_Normal": null

2019-08-23 18:48:21 - [TEST_STEP][PASSED] - wild[2] = "WILD_Double": null

2019-08-23 18:48:21 - [TEST_STEP][PASSED] - wild[3] = "WILD_ExtraFG": null

2019-08-23 18:48:21 - [TEST_STEP][PASSED] - wild[4] = "WILD_Triple": null

2019-08-23 18:48:21 - [TEST_STEP][PASSED] - wildList = Arrays.asList(wild): null

2019-08-23 18:48:21 - [TEST_STEP][PASSED] - wildList = wildList: null

2019-08-23 18:48:21 - [TEST_STEP][PASSED] - free_spin_reel_counter = []: null

2019-08-23 18:48:21 - [TEST_STEP][PASSED] - free_spin_reel_counter[0] = 0: null

2019-08-23 18:48:21 - [TEST_STEP][PASSED] - free_spin_reel_counter[1] = 0: null

2019-08-23 18:48:21 - [TEST_STEP][PASSED] - free_spin_reel_counter[2] = 0: null

2019-08-23 18:48:21 - [TEST_STEP][PASSED] - M4_spin_reels = reels: null

2019-08-23 18:48:21 - [TEST_STEP][PASSED] - for ([i = 0, i &lt; M4_spin_reels.size(), (i++)]): null

2019-08-23 18:48:21 - [TEST_STEP][PASSED] - symbols = symbols: null

2019-08-23 18:48:21 - [TEST_STEP][PASSED] - for ([j = 0, j &lt; symbols.size(), (j++)]): null

2019-08-23 18:48:21 - [TEST_STEP][PASSED] - symbol = symbol: null

2019-08-23 18:48:21 - [TEST_STEP][PASSED] - println(symbol): null

2019-08-23 18:48:35 - [TEST_STEP][PASSED] - if (i == 2 &amp;&amp; wildList.indexOf(symbol) != -1): null

2019-08-23 18:48:35 - [TEST_STEP][PASSED] - if (i == 3 &amp;&amp; wildList.indexOf(symbol) != -1): null

2019-08-23 18:48:35 - [TEST_STEP][PASSED] - if (i == 4 &amp;&amp; wildList.indexOf(symbol) != -1): null

2019-08-23 18:48:35 - [TEST_STEP][PASSED] - symbol = symbol: null

2019-08-23 18:48:35 - [TEST_STEP][PASSED] - println(symbol): null

2019-08-23 18:48:41 - [TEST_STEP][PASSED] - if (i == 2 &amp;&amp; wildList.indexOf(symbol) != -1): null

2019-08-23 18:48:41 - [TEST_STEP][PASSED] - if (i == 3 &amp;&amp; wildList.indexOf(symbol) != -1): null

2019-08-23 18:48:41 - [TEST_STEP][PASSED] - if (i == 4 &amp;&amp; wildList.indexOf(symbol) != -1): null

2019-08-23 18:48:41 - [TEST_STEP][PASSED] - symbol = symbol: null

2019-08-23 18:48:41 - [TEST_STEP][PASSED] - println(symbol): null

2019-08-23 18:48:41 - [TEST_STEP][PASSED] - if (i == 2 &amp;&amp; wildList.indexOf(symbol) != -1): null

2019-08-23 18:48:41 - [TEST_STEP][PASSED] - if (i == 3 &amp;&amp; wildList.indexOf(symbol) != -1): null

2019-08-23 18:48:41 - [TEST_STEP][PASSED] - if (i == 4 &amp;&amp; wildList.indexOf(symbol) != -1): null

2019-08-23 18:48:41 - [TEST_STEP][PASSED] - symbols = symbols: null

2019-08-23 18:48:41 - [TEST_STEP][PASSED] - for ([j = 0, j &lt; symbols.size(), (j++)]): null

2019-08-23 18:48:41 - [TEST_STEP][PASSED] - symbol = symbol: null

2019-08-23 18:48:41 - [TEST_STEP][PASSED] - println(symbol): null

2019-08-23 18:48:41 - [TEST_STEP][PASSED] - if (i == 2 &amp;&amp; wildList.indexOf(symbol) != -1): null

2019-08-23 18:48:41 - [TEST_STEP][PASSED] - if (i == 3 &amp;&amp; wildList.indexOf(symbol) != -1): null

2019-08-23 18:48:41 - [TEST_STEP][PASSED] - if (i == 4 &amp;&amp; wildList.indexOf(symbol) != -1): null

2019-08-23 18:48:41 - [TEST_STEP][PASSED] - symbol = symbol: null

2019-08-23 18:48:41 - [TEST_STEP][PASSED] - println(symbol): null

2019-08-23 18:48:41 - [TEST_STEP][PASSED] - if (i == 2 &amp;&amp; wildList.indexOf(symbol) != -1): null

2019-08-23 18:48:41 - [TEST_STEP][PASSED] - if (i == 3 &amp;&amp; wildList.indexOf(symbol) != -1): null

2019-08-23 18:48:41 - [TEST_STEP][PASSED] - if (i == 4 &amp;&amp; wildList.indexOf(symbol) != -1): null

2019-08-23 18:48:41 - [TEST_STEP][PASSED] - symbol = symbol: null

2019-08-23 18:48:41 - [TEST_STEP][PASSED] - println(symbol): null

2019-08-23 18:48:41 - [TEST_STEP][PASSED] - if (i == 2 &amp;&amp; wildList.indexOf(symbol) != -1): null

2019-08-23 18:48:41 - [TEST_STEP][PASSED] - if (i == 3 &amp;&amp; wildList.indexOf(symbol) != -1): null

2019-08-23 18:48:41 - [TEST_STEP][PASSED] - if (i == 4 &amp;&amp; wildList.indexOf(symbol) != -1): null

2019-08-23 18:48:41 - [TEST_STEP][PASSED] - symbols = symbols: null

2019-08-23 18:48:41 - [TEST_STEP][PASSED] - for ([j = 0, j &lt; symbols.size(), (j++)]): null

2019-08-23 18:48:41 - [TEST_STEP][PASSED] - symbol = symbol: null

2019-08-23 18:48:41 - [TEST_STEP][PASSED] - println(symbol): null

2019-08-23 18:48:41 - [TEST_STEP][PASSED] - if (i == 2 &amp;&amp; wildList.indexOf(symbol) != -1): null

2019-08-23 18:48:41 - [TEST_STEP][PASSED] - println("wild found on reel 3, adding counter by 1"): null

2019-08-23 18:48:41 - [TEST_STEP][PASSED] - free_spin_reel_counter[0] = free_spin_reel_counter[0] + 1: null

2019-08-23 18:48:41 - [TEST_STEP][PASSED] - if (i == 3 &amp;&amp; wildList.indexOf(symbol) != -1): null

2019-08-23 18:48:41 - [TEST_STEP][PASSED] - if (i == 4 &amp;&amp; wildList.indexOf(symbol) != -1): null

2019-08-23 18:48:41 - [TEST_STEP][PASSED] - symbol = symbol: null

2019-08-23 18:48:41 - [TEST_STEP][PASSED] - println(symbol): null

2019-08-23 18:48:41 - [TEST_STEP][PASSED] - if (i == 2 &amp;&amp; wildList.indexOf(symbol) != -1): null

2019-08-23 18:48:41 - [TEST_STEP][PASSED] - if (i == 3 &amp;&amp; wildList.indexOf(symbol) != -1): null

2019-08-23 18:48:41 - [TEST_STEP][PASSED] - if (i == 4 &amp;&amp; wildList.indexOf(symbol) != -1): null

2019-08-23 18:48:41 - [TEST_STEP][PASSED] - symbol = symbol: null

2019-08-23 18:48:41 - [TEST_STEP][PASSED] - println(symbol): null

2019-08-23 18:48:41 - [TEST_STEP][PASSED] - if (i == 2 &amp;&amp; wildList.indexOf(symbol) != -1): null

2019-08-23 18:48:41 - [TEST_STEP][PASSED] - if (i == 3 &amp;&amp; wildList.indexOf(symbol) != -1): null

2019-08-23 18:48:41 - [TEST_STEP][PASSED] - if (i == 4 &amp;&amp; wildList.indexOf(symbol) != -1): null

2019-08-23 18:48:41 - [TEST_STEP][PASSED] - symbols = symbols: null

2019-08-23 18:48:41 - [TEST_STEP][PASSED] - for ([j = 0, j &lt; symbols.size(), (j++)]): null

2019-08-23 18:48:41 - [TEST_STEP][PASSED] - symbol = symbol: null

2019-08-23 18:48:41 - [TEST_STEP][PASSED] - println(symbol): null

2019-08-23 18:48:41 - [TEST_STEP][PASSED] - if (i == 2 &amp;&amp; wildList.indexOf(symbol) != -1): null

2019-08-23 18:48:41 - [TEST_STEP][PASSED] - if (i == 3 &amp;&amp; wildList.indexOf(symbol) != -1): null

2019-08-23 18:48:41 - [TEST_STEP][PASSED] - if (i == 4 &amp;&amp; wildList.indexOf(symbol) != -1): null

2019-08-23 18:48:41 - [TEST_STEP][PASSED] - symbol = symbol: null

2019-08-23 18:48:41 - [TEST_STEP][PASSED] - println(symbol): null

2019-08-23 18:48:41 - [TEST_STEP][PASSED] - if (i == 2 &amp;&amp; wildList.indexOf(symbol) != -1): null

2019-08-23 18:48:41 - [TEST_STEP][PASSED] - if (i == 3 &amp;&amp; wildList.indexOf(symbol) != -1): null

2019-08-23 18:48:41 - [TEST_STEP][PASSED] - if (i == 4 &amp;&amp; wildList.indexOf(symbol) != -1): null

2019-08-23 18:48:41 - [TEST_STEP][PASSED] - symbol = symbol: null

2019-08-23 18:48:41 - [TEST_STEP][PASSED] - println(symbol): null

2019-08-23 18:48:41 - [TEST_STEP][PASSED] - if (i == 2 &amp;&amp; wildList.indexOf(symbol) != -1): null

2019-08-23 18:48:41 - [TEST_STEP][PASSED] - if (i == 3 &amp;&amp; wildList.indexOf(symbol) != -1): null

2019-08-23 18:48:41 - [TEST_STEP][PASSED] - if (i == 4 &amp;&amp; wildList.indexOf(symbol) != -1): null

2019-08-23 18:48:41 - [TEST_STEP][PASSED] - symbols = symbols: null

2019-08-23 18:48:41 - [TEST_STEP][PASSED] - for ([j = 0, j &lt; symbols.size(), (j++)]): null

2019-08-23 18:48:41 - [TEST_STEP][PASSED] - symbol = symbol: null

2019-08-23 18:48:41 - [TEST_STEP][PASSED] - println(symbol): null

2019-08-23 18:48:41 - [TEST_STEP][PASSED] - if (i == 2 &amp;&amp; wildList.indexOf(symbol) != -1): null

2019-08-23 18:48:41 - [TEST_STEP][PASSED] - if (i == 3 &amp;&amp; wildList.indexOf(symbol) != -1): null

2019-08-23 18:48:41 - [TEST_STEP][PASSED] - if (i == 4 &amp;&amp; wildList.indexOf(symbol) != -1): null

2019-08-23 18:48:41 - [TEST_STEP][PASSED] - symbol = symbol: null

2019-08-23 18:48:41 - [TEST_STEP][PASSED] - println(symbol): null

2019-08-23 18:48:41 - [TEST_STEP][PASSED] - if (i == 2 &amp;&amp; wildList.indexOf(symbol) != -1): null

2019-08-23 18:48:41 - [TEST_STEP][PASSED] - if (i == 3 &amp;&amp; wildList.indexOf(symbol) != -1): null

2019-08-23 18:48:41 - [TEST_STEP][PASSED] - if (i == 4 &amp;&amp; wildList.indexOf(symbol) != -1): null

2019-08-23 18:48:41 - [TEST_STEP][PASSED] - symbol = symbol: null

2019-08-23 18:48:41 - [TEST_STEP][PASSED] - println(symbol): null

2019-08-23 18:48:41 - [TEST_STEP][PASSED] - if (i == 2 &amp;&amp; wildList.indexOf(symbol) != -1): null

2019-08-23 18:48:41 - [TEST_STEP][PASSED] - if (i == 3 &amp;&amp; wildList.indexOf(symbol) != -1): null

2019-08-23 18:48:41 - [TEST_STEP][PASSED] - if (i == 4 &amp;&amp; wildList.indexOf(symbol) != -1): null

2019-08-23 18:48:41 - [TEST_STEP][PASSED] - free_spin_reel_counter = free_spin_reel_counter: null

2019-08-23 18:48:41 - [TEST_STEP][PASSED] - println("reel 3 wild found: " + free_spin_reel_counter[0]): null

2019-08-23 18:48:41 - [TEST_STEP][PASSED] - println("reel 4 wild found: " + free_spin_reel_counter[1]): null

2019-08-23 18:48:41 - [TEST_STEP][PASSED] - println("reel 5 wild found: " + free_spin_reel_counter[2]): null

2019-08-23 18:48:41 - [TEST_STEP][PASSED] - M4_spin_reels = M4_spin_reels: null

2019-08-23 18:48:41 - [TEST_STEP][PASSED] - M4_spin_reels_symbols = symbol: null

2019-08-23 18:48:41 - [TEST_STEP][PASSED] - M4_spin_reels_symbols = M4_spin_reels_symbols: null

2019-08-23 18:48:41 - [TEST_STEP][PASSED] - M4_spin_reel_wins = reel_wins: null

2019-08-23 18:48:41 - [TEST_STEP][PASSED] - M4_spin_reel_wins = M4_spin_reel_wins: null

2019-08-23 18:48:41 - [TEST_STEP][PASSED] - println("GlobalVariable.M4_spin_reel_wins is: " + M4_spin_reel_wins): null

2019-08-23 18:48:41 - [TEST_STEP][PASSED] - M4_spin_total_bonus_win_this_round = total_bonus_win_this_round: null

2019-08-23 18:48:41 - [TEST_STEP][PASSED] - M4_spin_total_bonus_win_this_round = M4_spin_total_bonus_win_this_round: null

2019-08-23 18:48:41 - [TEST_STEP][PASSED] - println("GlobalVariable.M4_spin_total_bonus_win_this_round is: " + M4_spin_total_bonus_win_this_round): null

2019-08-23 18:48:41 - [TEST_STEP][PASSED] - M4_spin_bonus_spin_result = spin_result: null

2019-08-23 18:48:41 - [TEST_STEP][PASSED] - M4_spin_bonus_spin_result = M4_spin_bonus_spin_result: null

2019-08-23 18:48:41 - [MESSAGE][PASSED] - Verify response successfully

2019-08-23 18:48:41 - [MESSAGE][PASSED] - Send request and verify the response successfully

2019-08-23 18:48:41 - [TEST_STEP][PASSED] - if (free_spin_reel_counter[0] &gt;= 1 &amp;&amp; free_spin_reel_counter[1] &gt;= 1 &amp;&amp; free_spin_reel_counter[2] &gt;= 1): null

2019-08-23 18:48:41 - [TEST_STEP][PASSED] - spin_result = sendRequestAndVerify(findTestObject("INT/RGS(M4)/1_M4_spin", ["M4_login_user_id":M4_login_user_id, "rgs_session_token":rgs_session_token, "partner":Partner])): Send request and verify the response successfully

2019-08-23 18:48:41 - [MESSAGE][INFO] - HAR: /Users/eiralee/Katalon_Script/SuperWild/Reports/20190823_184757/INT/superWild_1/20190823_184757/requests/main/10.har

2019-08-23 18:48:41 - [TEST_CASE][PASSED] - Start Test Case : Verification: Verification accomplished successfully

2019-08-23 18:48:42 - [TEST_STEP][PASSED] - request = getInstance().getCurrentRequest(): null

2019-08-23 18:48:42 - [TEST_STEP][PASSED] - response = getInstance().getCurrentResponse(): null

2019-08-23 18:48:42 - [TEST_STEP][PASSED] - verifyResponseStatusCode(response, 200): Verify response status code successfully

2019-08-23 18:48:42 - [MESSAGE][PASSED] - Verify response status code successfully

2019-08-23 18:48:42 - [TEST_STEP][PASSED] - getStatusCode()).isEqualTo(200): null

2019-08-23 18:48:42 - [TEST_STEP][PASSED] - newline = System.getProperty("line.separator"): null

2019-08-23 18:48:42 - [TEST_STEP][PASSED] - M4_spin = new groovy.json.JsonSlurper(): null

2019-08-23 18:48:42 - [TEST_STEP][PASSED] - result_M4_spin = M4_spin.parseText(response.getResponseBodyContent()): null

2019-08-23 18:48:42 - [TEST_STEP][PASSED] - M4_spin_current_balance = current_balance: null

2019-08-23 18:48:42 - [TEST_STEP][PASSED] - M4_spin_current_balance = M4_spin_current_balance: null

2019-08-23 18:48:42 - [TEST_STEP][PASSED] - M4_spin_transaction_id = causality: null

2019-08-23 18:48:42 - [TEST_STEP][PASSED] - M4_spin_transaction_id = M4_spin_transaction_id: null

2019-08-23 18:48:42 - [TEST_STEP][PASSED] - M4_spin_round_id = round_id: null

2019-08-23 18:48:42 - [TEST_STEP][PASSED] - M4_spin_round_id = M4_spin_round_id: null

2019-08-23 18:48:42 - [TEST_STEP][PASSED] - M4_spin_line_wins = line_wins: null

2019-08-23 18:48:42 - [TEST_STEP][PASSED] - M4_spin_line_wins = M4_spin_line_wins: null

2019-08-23 18:48:42 - [TEST_STEP][PASSED] - M4_total_bonus_spins_int = total_bonus_spins: null

2019-08-23 18:48:42 - [TEST_STEP][PASSED] - println("******M4_total_bonus_spins type is:*******" + newline + getClass().getName()): null

2019-08-23 18:48:42 - [TEST_STEP][PASSED] - M4_total_bonus_spins_int = M4_total_bonus_spins_int: null

2019-08-23 18:48:42 - [TEST_STEP][PASSED] - M4_total_bonus_spins = Integer.toString(M4_total_bonus_spins_int): null

2019-08-23 18:48:42 - [TEST_STEP][PASSED] - M4_total_bonus_spins = M4_total_bonus_spins: null

2019-08-23 18:48:42 - [TEST_STEP][PASSED] - println("M4_total_bonus_spins is:" + M4_total_bonus_spins): null

2019-08-23 18:48:42 - [TEST_STEP][PASSED] - M4_spin_bonus_data = bonus_data: null

2019-08-23 18:48:42 - [TEST_STEP][PASSED] - M4_spin_features_triggered = result_M4_spin: null

2019-08-23 18:48:42 - [TEST_STEP][PASSED] - wild = []: null

2019-08-23 18:48:42 - [TEST_STEP][PASSED] - wild[0] = "WILD_Expanding": null

2019-08-23 18:48:42 - [TEST_STEP][PASSED] - wild[1] = "WILD_Normal": null

2019-08-23 18:48:42 - [TEST_STEP][PASSED] - wild[2] = "WILD_Double": null

2019-08-23 18:48:42 - [TEST_STEP][PASSED] - wild[3] = "WILD_ExtraFG": null

2019-08-23 18:48:42 - [TEST_STEP][PASSED] - wild[4] = "WILD_Triple": null

2019-08-23 18:48:42 - [TEST_STEP][PASSED] - wildList = Arrays.asList(wild): null

2019-08-23 18:48:42 - [TEST_STEP][PASSED] - wildList = wildList: null

2019-08-23 18:48:42 - [TEST_STEP][PASSED] - free_spin_reel_counter = []: null

2019-08-23 18:48:42 - [TEST_STEP][PASSED] - free_spin_reel_counter[0] = 0: null

2019-08-23 18:48:42 - [TEST_STEP][PASSED] - free_spin_reel_counter[1] = 0: null

2019-08-23 18:48:42 - [TEST_STEP][PASSED] - free_spin_reel_counter[2] = 0: null

2019-08-23 18:48:42 - [TEST_STEP][PASSED] - M4_spin_reels = reels: null

2019-08-23 18:48:42 - [TEST_STEP][PASSED] - for ([i = 0, i &lt; M4_spin_reels.size(), (i++)]): null

2019-08-23 18:48:42 - [TEST_STEP][PASSED] - symbols = symbols: null

2019-08-23 18:48:42 - [TEST_STEP][PASSED] - for ([j = 0, j &lt; symbols.size(), (j++)]): null

2019-08-23 18:48:42 - [TEST_STEP][PASSED] - symbol = symbol: null

2019-08-23 18:48:42 - [TEST_STEP][PASSED] - println(symbol): null

2019-08-23 18:48:42 - [TEST_STEP][PASSED] - if (i == 2 &amp;&amp; wildList.indexOf(symbol) != -1): null

2019-08-23 18:48:42 - [TEST_STEP][PASSED] - if (i == 3 &amp;&amp; wildList.indexOf(symbol) != -1): null

2019-08-23 18:48:42 - [TEST_STEP][PASSED] - if (i == 4 &amp;&amp; wildList.indexOf(symbol) != -1): null

2019-08-23 18:48:42 - [TEST_STEP][PASSED] - symbol = symbol: null

2019-08-23 18:48:42 - [TEST_STEP][PASSED] - println(symbol): null

2019-08-23 18:48:42 - [TEST_STEP][PASSED] - if (i == 2 &amp;&amp; wildList.indexOf(symbol) != -1): null

2019-08-23 18:48:42 - [TEST_STEP][PASSED] - if (i == 3 &amp;&amp; wildList.indexOf(symbol) != -1): null

2019-08-23 18:48:42 - [TEST_STEP][PASSED] - if (i == 4 &amp;&amp; wildList.indexOf(symbol) != -1): null

2019-08-23 18:48:42 - [TEST_STEP][PASSED] - symbol = symbol: null

2019-08-23 18:48:42 - [TEST_STEP][PASSED] - println(symbol): null

2019-08-23 18:48:42 - [TEST_STEP][PASSED] - if (i == 2 &amp;&amp; wildList.indexOf(symbol) != -1): null

2019-08-23 18:48:42 - [TEST_STEP][PASSED] - if (i == 3 &amp;&amp; wildList.indexOf(symbol) != -1): null

2019-08-23 18:48:42 - [TEST_STEP][PASSED] - if (i == 4 &amp;&amp; wildList.indexOf(symbol) != -1): null

2019-08-23 18:48:42 - [TEST_STEP][PASSED] - symbols = symbols: null

2019-08-23 18:48:42 - [TEST_STEP][PASSED] - for ([j = 0, j &lt; symbols.size(), (j++)]): null

2019-08-23 18:48:42 - [TEST_STEP][PASSED] - symbol = symbol: null

2019-08-23 18:48:42 - [TEST_STEP][PASSED] - println(symbol): null

2019-08-23 18:48:42 - [TEST_STEP][PASSED] - if (i == 2 &amp;&amp; wildList.indexOf(symbol) != -1): null

2019-08-23 18:48:42 - [TEST_STEP][PASSED] - if (i == 3 &amp;&amp; wildList.indexOf(symbol) != -1): null

2019-08-23 18:48:42 - [TEST_STEP][PASSED] - if (i == 4 &amp;&amp; wildList.indexOf(symbol) != -1): null

2019-08-23 18:48:42 - [TEST_STEP][PASSED] - symbol = symbol: null

2019-08-23 18:48:42 - [TEST_STEP][PASSED] - println(symbol): null

2019-08-23 18:48:42 - [TEST_STEP][PASSED] - if (i == 2 &amp;&amp; wildList.indexOf(symbol) != -1): null

2019-08-23 18:48:42 - [TEST_STEP][PASSED] - if (i == 3 &amp;&amp; wildList.indexOf(symbol) != -1): null

2019-08-23 18:48:42 - [TEST_STEP][PASSED] - if (i == 4 &amp;&amp; wildList.indexOf(symbol) != -1): null

2019-08-23 18:48:42 - [TEST_STEP][PASSED] - symbol = symbol: null

2019-08-23 18:48:42 - [TEST_STEP][PASSED] - println(symbol): null

2019-08-23 18:48:42 - [TEST_STEP][PASSED] - if (i == 2 &amp;&amp; wildList.indexOf(symbol) != -1): null

2019-08-23 18:48:42 - [TEST_STEP][PASSED] - if (i == 3 &amp;&amp; wildList.indexOf(symbol) != -1): null

2019-08-23 18:48:42 - [TEST_STEP][PASSED] - if (i == 4 &amp;&amp; wildList.indexOf(symbol) != -1): null

2019-08-23 18:48:42 - [TEST_STEP][PASSED] - symbols = symbols: null

2019-08-23 18:48:42 - [TEST_STEP][PASSED] - for ([j = 0, j &lt; symbols.size(), (j++)]): null

2019-08-23 18:48:42 - [TEST_STEP][PASSED] - symbol = symbol: null

2019-08-23 18:48:42 - [TEST_STEP][PASSED] - println(symbol): null

2019-08-23 18:48:42 - [TEST_STEP][PASSED] - if (i == 2 &amp;&amp; wildList.indexOf(symbol) != -1): null

2019-08-23 18:48:42 - [TEST_STEP][PASSED] - if (i == 3 &amp;&amp; wildList.indexOf(symbol) != -1): null

2019-08-23 18:48:42 - [TEST_STEP][PASSED] - if (i == 4 &amp;&amp; wildList.indexOf(symbol) != -1): null

2019-08-23 18:48:42 - [TEST_STEP][PASSED] - symbol = symbol: null

2019-08-23 18:48:42 - [TEST_STEP][PASSED] - println(symbol): null

2019-08-23 18:48:42 - [TEST_STEP][PASSED] - if (i == 2 &amp;&amp; wildList.indexOf(symbol) != -1): null

2019-08-23 18:48:42 - [TEST_STEP][PASSED] - if (i == 3 &amp;&amp; wildList.indexOf(symbol) != -1): null

2019-08-23 18:48:42 - [TEST_STEP][PASSED] - if (i == 4 &amp;&amp; wildList.indexOf(symbol) != -1): null

2019-08-23 18:48:42 - [TEST_STEP][PASSED] - symbol = symbol: null

2019-08-23 18:48:42 - [TEST_STEP][PASSED] - println(symbol): null

2019-08-23 18:48:42 - [TEST_STEP][PASSED] - if (i == 2 &amp;&amp; wildList.indexOf(symbol) != -1): null

2019-08-23 18:48:42 - [TEST_STEP][PASSED] - if (i == 3 &amp;&amp; wildList.indexOf(symbol) != -1): null

2019-08-23 18:48:42 - [TEST_STEP][PASSED] - if (i == 4 &amp;&amp; wildList.indexOf(symbol) != -1): null

2019-08-23 18:48:42 - [TEST_STEP][PASSED] - symbols = symbols: null

2019-08-23 18:48:42 - [TEST_STEP][PASSED] - for ([j = 0, j &lt; symbols.size(), (j++)]): null

2019-08-23 18:48:42 - [TEST_STEP][PASSED] - symbol = symbol: null

2019-08-23 18:48:42 - [TEST_STEP][PASSED] - println(symbol): null

2019-08-23 18:48:42 - [TEST_STEP][PASSED] - if (i == 2 &amp;&amp; wildList.indexOf(symbol) != -1): null

2019-08-23 18:48:42 - [TEST_STEP][PASSED] - if (i == 3 &amp;&amp; wildList.indexOf(symbol) != -1): null

2019-08-23 18:48:42 - [TEST_STEP][PASSED] - if (i == 4 &amp;&amp; wildList.indexOf(symbol) != -1): null

2019-08-23 18:48:42 - [TEST_STEP][PASSED] - symbol = symbol: null

2019-08-23 18:48:42 - [TEST_STEP][PASSED] - println(symbol): null

2019-08-23 18:48:42 - [TEST_STEP][PASSED] - if (i == 2 &amp;&amp; wildList.indexOf(symbol) != -1): null

2019-08-23 18:48:42 - [TEST_STEP][PASSED] - if (i == 3 &amp;&amp; wildList.indexOf(symbol) != -1): null

2019-08-23 18:48:42 - [TEST_STEP][PASSED] - if (i == 4 &amp;&amp; wildList.indexOf(symbol) != -1): null

2019-08-23 18:48:42 - [TEST_STEP][PASSED] - symbol = symbol: null

2019-08-23 18:48:42 - [TEST_STEP][PASSED] - println(symbol): null

2019-08-23 18:48:42 - [TEST_STEP][PASSED] - if (i == 2 &amp;&amp; wildList.indexOf(symbol) != -1): null

2019-08-23 18:48:42 - [TEST_STEP][PASSED] - if (i == 3 &amp;&amp; wildList.indexOf(symbol) != -1): null

2019-08-23 18:48:42 - [TEST_STEP][PASSED] - println("wild found on reel 4, adding counter by 1"): null

2019-08-23 18:48:42 - [TEST_STEP][PASSED] - free_spin_reel_counter[1] = free_spin_reel_counter[1] + 1: null

2019-08-23 18:48:42 - [TEST_STEP][PASSED] - if (i == 4 &amp;&amp; wildList.indexOf(symbol) != -1): null

2019-08-23 18:48:42 - [TEST_STEP][PASSED] - symbols = symbols: null

2019-08-23 18:48:42 - [TEST_STEP][PASSED] - for ([j = 0, j &lt; symbols.size(), (j++)]): null

2019-08-23 18:48:42 - [TEST_STEP][PASSED] - symbol = symbol: null

2019-08-23 18:48:42 - [TEST_STEP][PASSED] - println(symbol): null

2019-08-23 18:48:42 - [TEST_STEP][PASSED] - if (i == 2 &amp;&amp; wildList.indexOf(symbol) != -1): null

2019-08-23 18:48:42 - [TEST_STEP][PASSED] - if (i == 3 &amp;&amp; wildList.indexOf(symbol) != -1): null

2019-08-23 18:48:42 - [TEST_STEP][PASSED] - if (i == 4 &amp;&amp; wildList.indexOf(symbol) != -1): null

2019-08-23 18:48:42 - [TEST_STEP][PASSED] - symbol = symbol: null

2019-08-23 18:48:42 - [TEST_STEP][PASSED] - println(symbol): null

2019-08-23 18:48:42 - [TEST_STEP][PASSED] - if (i == 2 &amp;&amp; wildList.indexOf(symbol) != -1): null

2019-08-23 18:48:42 - [TEST_STEP][PASSED] - if (i == 3 &amp;&amp; wildList.indexOf(symbol) != -1): null

2019-08-23 18:48:42 - [TEST_STEP][PASSED] - if (i == 4 &amp;&amp; wildList.indexOf(symbol) != -1): null

2019-08-23 18:48:42 - [TEST_STEP][PASSED] - symbol = symbol: null

2019-08-23 18:48:42 - [TEST_STEP][PASSED] - println(symbol): null

2019-08-23 18:48:42 - [TEST_STEP][PASSED] - if (i == 2 &amp;&amp; wildList.indexOf(symbol) != -1): null

2019-08-23 18:48:42 - [TEST_STEP][PASSED] - if (i == 3 &amp;&amp; wildList.indexOf(symbol) != -1): null

2019-08-23 18:48:42 - [TEST_STEP][PASSED] - if (i == 4 &amp;&amp; wildList.indexOf(symbol) != -1): null

2019-08-23 18:48:42 - [TEST_STEP][PASSED] - free_spin_reel_counter = free_spin_reel_counter: null

2019-08-23 18:48:42 - [TEST_STEP][PASSED] - println("reel 3 wild found: " + free_spin_reel_counter[0]): null

2019-08-23 18:48:42 - [TEST_STEP][PASSED] - println("reel 4 wild found: " + free_spin_reel_counter[1]): null

2019-08-23 18:48:42 - [TEST_STEP][PASSED] - println("reel 5 wild found: " + free_spin_reel_counter[2]): null

2019-08-23 18:48:42 - [TEST_STEP][PASSED] - M4_spin_reels = M4_spin_reels: null

2019-08-23 18:48:42 - [TEST_STEP][PASSED] - M4_spin_reels_symbols = symbol: null

2019-08-23 18:48:42 - [TEST_STEP][PASSED] - M4_spin_reels_symbols = M4_spin_reels_symbols: null

2019-08-23 18:48:42 - [TEST_STEP][PASSED] - M4_spin_reel_wins = reel_wins: null

2019-08-23 18:48:42 - [TEST_STEP][PASSED] - M4_spin_reel_wins = M4_spin_reel_wins: null

2019-08-23 18:48:42 - [TEST_STEP][PASSED] - println("GlobalVariable.M4_spin_reel_wins is: " + M4_spin_reel_wins): null

2019-08-23 18:48:42 - [TEST_STEP][PASSED] - M4_spin_total_bonus_win_this_round = total_bonus_win_this_round: null

2019-08-23 18:48:42 - [TEST_STEP][PASSED] - M4_spin_total_bonus_win_this_round = M4_spin_total_bonus_win_this_round: null

2019-08-23 18:48:42 - [TEST_STEP][PASSED] - println("GlobalVariable.M4_spin_total_bonus_win_this_round is: " + M4_spin_total_bonus_win_this_round): null

2019-08-23 18:48:42 - [TEST_STEP][PASSED] - M4_spin_bonus_spin_result = spin_result: null

2019-08-23 18:48:42 - [TEST_STEP][PASSED] - M4_spin_bonus_spin_result = M4_spin_bonus_spin_result: null

2019-08-23 18:48:42 - [MESSAGE][PASSED] - Verify response successfully

2019-08-23 18:48:42 - [MESSAGE][PASSED] - Send request and verify the response successfully

2019-08-23 18:48:42 - [TEST_STEP][PASSED] - if (free_spin_reel_counter[0] &gt;= 1 &amp;&amp; free_spin_reel_counter[1] &gt;= 1 &amp;&amp; free_spin_reel_counter[2] &gt;= 1): null

2019-08-23 18:48:42 - [TEST_STEP][PASSED] - spin_result = sendRequestAndVerify(findTestObject("INT/RGS(M4)/1_M4_spin", ["M4_login_user_id":M4_login_user_id, "rgs_session_token":rgs_session_token, "partner":Partner])): Send request and verify the response successfully

2019-08-23 18:48:42 - [MESSAGE][INFO] - HAR: /Users/eiralee/Katalon_Script/SuperWild/Reports/20190823_184757/INT/superWild_1/20190823_184757/requests/main/11.har

2019-08-23 18:48:42 - [TEST_CASE][PASSED] - Start Test Case : Verification: Verification accomplished successfully

2019-08-23 18:48:42 - [TEST_STEP][PASSED] - request = getInstance().getCurrentRequest(): null

2019-08-23 18:48:43 - [TEST_STEP][PASSED] - response = getInstance().getCurrentResponse(): null

2019-08-23 18:48:43 - [TEST_STEP][PASSED] - verifyResponseStatusCode(response, 200): Verify response status code successfully

2019-08-23 18:48:43 - [MESSAGE][PASSED] - Verify response status code successfully

2019-08-23 18:48:43 - [TEST_STEP][PASSED] - getStatusCode()).isEqualTo(200): null

2019-08-23 18:48:43 - [TEST_STEP][PASSED] - newline = System.getProperty("line.separator"): null

2019-08-23 18:48:43 - [TEST_STEP][PASSED] - M4_spin = new groovy.json.JsonSlurper(): null

2019-08-23 18:48:43 - [TEST_STEP][PASSED] - result_M4_spin = M4_spin.parseText(response.getResponseBodyContent()): null

2019-08-23 18:48:43 - [TEST_STEP][PASSED] - M4_spin_current_balance = current_balance: null

2019-08-23 18:48:43 - [TEST_STEP][PASSED] - M4_spin_current_balance = M4_spin_current_balance: null

2019-08-23 18:48:43 - [TEST_STEP][PASSED] - M4_spin_transaction_id = causality: null

2019-08-23 18:48:43 - [TEST_STEP][PASSED] - M4_spin_transaction_id = M4_spin_transaction_id: null

2019-08-23 18:48:43 - [TEST_STEP][PASSED] - M4_spin_round_id = round_id: null

2019-08-23 18:48:43 - [TEST_STEP][PASSED] - M4_spin_round_id = M4_spin_round_id: null

2019-08-23 18:48:43 - [TEST_STEP][PASSED] - M4_spin_line_wins = line_wins: null

2019-08-23 18:48:43 - [TEST_STEP][PASSED] - M4_spin_line_wins = M4_spin_line_wins: null

2019-08-23 18:48:43 - [TEST_STEP][PASSED] - M4_total_bonus_spins_int = total_bonus_spins: null

2019-08-23 18:48:43 - [TEST_STEP][PASSED] - println("******M4_total_bonus_spins type is:*******" + newline + getClass().getName()): null

2019-08-23 18:48:43 - [TEST_STEP][PASSED] - M4_total_bonus_spins_int = M4_total_bonus_spins_int: null

2019-08-23 18:48:43 - [TEST_STEP][PASSED] - M4_total_bonus_spins = Integer.toString(M4_total_bonus_spins_int): null

2019-08-23 18:48:43 - [TEST_STEP][PASSED] - M4_total_bonus_spins = M4_total_bonus_spins: null

2019-08-23 18:48:43 - [TEST_STEP][PASSED] - println("M4_total_bonus_spins is:" + M4_total_bonus_spins): null

2019-08-23 18:48:43 - [TEST_STEP][PASSED] - M4_spin_bonus_data = bonus_data: null

2019-08-23 18:48:43 - [TEST_STEP][PASSED] - M4_spin_features_triggered = result_M4_spin: null

2019-08-23 18:48:43 - [TEST_STEP][PASSED] - wild = []: null

2019-08-23 18:48:43 - [TEST_STEP][PASSED] - wild[0] = "WILD_Expanding": null

2019-08-23 18:48:43 - [TEST_STEP][PASSED] - wild[1] = "WILD_Normal": null

2019-08-23 18:48:43 - [TEST_STEP][PASSED] - wild[2] = "WILD_Double": null

2019-08-23 18:48:43 - [TEST_STEP][PASSED] - wild[3] = "WILD_ExtraFG": null

2019-08-23 18:48:43 - [TEST_STEP][PASSED] - wild[4] = "WILD_Triple": null

2019-08-23 18:48:43 - [TEST_STEP][PASSED] - wildList = Arrays.asList(wild): null

2019-08-23 18:48:43 - [TEST_STEP][PASSED] - wildList = wildList: null

2019-08-23 18:48:43 - [TEST_STEP][PASSED] - free_spin_reel_counter = []: null

2019-08-23 18:48:43 - [TEST_STEP][PASSED] - free_spin_reel_counter[0] = 0: null

2019-08-23 18:48:43 - [TEST_STEP][PASSED] - free_spin_reel_counter[1] = 0: null

2019-08-23 18:48:43 - [TEST_STEP][PASSED] - free_spin_reel_counter[2] = 0: null

2019-08-23 18:48:43 - [TEST_STEP][PASSED] - M4_spin_reels = reels: null

2019-08-23 18:48:43 - [TEST_STEP][PASSED] - for ([i = 0, i &lt; M4_spin_reels.size(), (i++)]): null

2019-08-23 18:48:43 - [TEST_STEP][PASSED] - symbols = symbols: null

2019-08-23 18:48:43 - [TEST_STEP][PASSED] - for ([j = 0, j &lt; symbols.size(), (j++)]): null

2019-08-23 18:48:43 - [TEST_STEP][PASSED] - symbol = symbol: null

2019-08-23 18:48:43 - [TEST_STEP][PASSED] - println(symbol): null

2019-08-23 18:48:43 - [TEST_STEP][PASSED] - if (i == 2 &amp;&amp; wildList.indexOf(symbol) != -1): null

2019-08-23 18:48:43 - [TEST_STEP][PASSED] - if (i == 3 &amp;&amp; wildList.indexOf(symbol) != -1): null

2019-08-23 18:48:43 - [TEST_STEP][PASSED] - if (i == 4 &amp;&amp; wildList.indexOf(symbol) != -1): null

2019-08-23 18:48:43 - [TEST_STEP][PASSED] - symbol = symbol: null

2019-08-23 18:48:43 - [TEST_STEP][PASSED] - println(symbol): null

2019-08-23 18:48:43 - [TEST_STEP][PASSED] - if (i == 2 &amp;&amp; wildList.indexOf(symbol) != -1): null

2019-08-23 18:48:43 - [TEST_STEP][PASSED] - if (i == 3 &amp;&amp; wildList.indexOf(symbol) != -1): null

2019-08-23 18:48:43 - [TEST_STEP][PASSED] - if (i == 4 &amp;&amp; wildList.indexOf(symbol) != -1): null

2019-08-23 18:48:43 - [TEST_STEP][PASSED] - symbol = symbol: null

2019-08-23 18:48:43 - [TEST_STEP][PASSED] - println(symbol): null

2019-08-23 18:48:43 - [TEST_STEP][PASSED] - if (i == 2 &amp;&amp; wildList.indexOf(symbol) != -1): null

2019-08-23 18:48:43 - [TEST_STEP][PASSED] - if (i == 3 &amp;&amp; wildList.indexOf(symbol) != -1): null

2019-08-23 18:48:43 - [TEST_STEP][PASSED] - if (i == 4 &amp;&amp; wildList.indexOf(symbol) != -1): null

2019-08-23 18:48:43 - [TEST_STEP][PASSED] - symbols = symbols: null

2019-08-23 18:48:43 - [TEST_STEP][PASSED] - for ([j = 0, j &lt; symbols.size(), (j++)]): null

2019-08-23 18:48:43 - [TEST_STEP][PASSED] - symbol = symbol: null

2019-08-23 18:48:43 - [TEST_STEP][PASSED] - println(symbol): null

2019-08-23 18:48:43 - [TEST_STEP][PASSED] - if (i == 2 &amp;&amp; wildList.indexOf(symbol) != -1): null

2019-08-23 18:48:43 - [TEST_STEP][PASSED] - if (i == 3 &amp;&amp; wildList.indexOf(symbol) != -1): null

2019-08-23 18:48:43 - [TEST_STEP][PASSED] - if (i == 4 &amp;&amp; wildList.indexOf(symbol) != -1): null

2019-08-23 18:48:43 - [TEST_STEP][PASSED] - symbol = symbol: null

2019-08-23 18:48:43 - [TEST_STEP][PASSED] - println(symbol): null

2019-08-23 18:48:43 - [TEST_STEP][PASSED] - if (i == 2 &amp;&amp; wildList.indexOf(symbol) != -1): null

2019-08-23 18:48:43 - [TEST_STEP][PASSED] - if (i == 3 &amp;&amp; wildList.indexOf(symbol) != -1): null

2019-08-23 18:48:43 - [TEST_STEP][PASSED] - if (i == 4 &amp;&amp; wildList.indexOf(symbol) != -1): null

2019-08-23 18:48:43 - [TEST_STEP][PASSED] - symbol = symbol: null

2019-08-23 18:48:43 - [TEST_STEP][PASSED] - println(symbol): null

2019-08-23 18:48:43 - [TEST_STEP][PASSED] - if (i == 2 &amp;&amp; wildList.indexOf(symbol) != -1): null

2019-08-23 18:48:43 - [TEST_STEP][PASSED] - if (i == 3 &amp;&amp; wildList.indexOf(symbol) != -1): null

2019-08-23 18:48:43 - [TEST_STEP][PASSED] - if (i == 4 &amp;&amp; wildList.indexOf(symbol) != -1): null

2019-08-23 18:48:43 - [TEST_STEP][PASSED] - symbols = symbols: null

2019-08-23 18:48:43 - [TEST_STEP][PASSED] - for ([j = 0, j &lt; symbols.size(), (j++)]): null

2019-08-23 18:48:43 - [TEST_STEP][PASSED] - symbol = symbol: null

2019-08-23 18:48:43 - [TEST_STEP][PASSED] - println(symbol): null

2019-08-23 18:48:43 - [TEST_STEP][PASSED] - if (i == 2 &amp;&amp; wildList.indexOf(symbol) != -1): null

2019-08-23 18:48:43 - [TEST_STEP][PASSED] - if (i == 3 &amp;&amp; wildList.indexOf(symbol) != -1): null

2019-08-23 18:48:43 - [TEST_STEP][PASSED] - if (i == 4 &amp;&amp; wildList.indexOf(symbol) != -1): null

2019-08-23 18:48:43 - [TEST_STEP][PASSED] - symbol = symbol: null

2019-08-23 18:48:43 - [TEST_STEP][PASSED] - println(symbol): null

2019-08-23 18:48:43 - [TEST_STEP][PASSED] - if (i == 2 &amp;&amp; wildList.indexOf(symbol) != -1): null

2019-08-23 18:48:43 - [TEST_STEP][PASSED] - if (i == 3 &amp;&amp; wildList.indexOf(symbol) != -1): null

2019-08-23 18:48:43 - [TEST_STEP][PASSED] - if (i == 4 &amp;&amp; wildList.indexOf(symbol) != -1): null

2019-08-23 18:48:51 - [TEST_STEP][PASSED] - symbol = symbol: null

2019-08-23 18:48:51 - [TEST_STEP][PASSED] - println(symbol): null

2019-08-23 18:48:51 - [TEST_STEP][PASSED] - if (i == 2 &amp;&amp; wildList.indexOf(symbol) != -1): null

2019-08-23 18:48:51 - [TEST_STEP][PASSED] - if (i == 3 &amp;&amp; wildList.indexOf(symbol) != -1): null

2019-08-23 18:48:51 - [TEST_STEP][PASSED] - if (i == 4 &amp;&amp; wildList.indexOf(symbol) != -1): null

2019-08-23 18:48:51 - [TEST_STEP][PASSED] - symbols = symbols: null

2019-08-23 18:48:51 - [TEST_STEP][PASSED] - for ([j = 0, j &lt; symbols.size(), (j++)]): null

2019-08-23 18:48:51 - [TEST_STEP][PASSED] - symbol = symbol: null

2019-08-23 18:48:51 - [TEST_STEP][PASSED] - println(symbol): null

2019-08-23 18:48:51 - [TEST_STEP][PASSED] - if (i == 2 &amp;&amp; wildList.indexOf(symbol) != -1): null

2019-08-23 18:48:51 - [TEST_STEP][PASSED] - if (i == 3 &amp;&amp; wildList.indexOf(symbol) != -1): null

2019-08-23 18:48:51 - [TEST_STEP][PASSED] - if (i == 4 &amp;&amp; wildList.indexOf(symbol) != -1): null

2019-08-23 18:48:51 - [TEST_STEP][PASSED] - symbol = symbol: null

2019-08-23 18:48:51 - [TEST_STEP][PASSED] - println(symbol): null

2019-08-23 18:48:51 - [TEST_STEP][PASSED] - if (i == 2 &amp;&amp; wildList.indexOf(symbol) != -1): null

2019-08-23 18:48:51 - [TEST_STEP][PASSED] - if (i == 3 &amp;&amp; wildList.indexOf(symbol) != -1): null

2019-08-23 18:48:51 - [TEST_STEP][PASSED] - if (i == 4 &amp;&amp; wildList.indexOf(symbol) != -1): null

2019-08-23 18:48:51 - [TEST_STEP][PASSED] - symbol = symbol: null

2019-08-23 18:48:51 - [TEST_STEP][PASSED] - println(symbol): null

2019-08-23 18:48:51 - [TEST_STEP][PASSED] - if (i == 2 &amp;&amp; wildList.indexOf(symbol) != -1): null

2019-08-23 18:48:51 - [TEST_STEP][PASSED] - if (i == 3 &amp;&amp; wildList.indexOf(symbol) != -1): null

2019-08-23 18:48:51 - [TEST_STEP][PASSED] - if (i == 4 &amp;&amp; wildList.indexOf(symbol) != -1): null

2019-08-23 18:48:51 - [TEST_STEP][PASSED] - symbols = symbols: null

2019-08-23 18:48:51 - [TEST_STEP][PASSED] - for ([j = 0, j &lt; symbols.size(), (j++)]): null

2019-08-23 18:48:51 - [TEST_STEP][PASSED] - symbol = symbol: null

2019-08-23 18:48:51 - [TEST_STEP][PASSED] - println(symbol): null

2019-08-23 18:48:51 - [TEST_STEP][PASSED] - if (i == 2 &amp;&amp; wildList.indexOf(symbol) != -1): null

2019-08-23 18:48:51 - [TEST_STEP][PASSED] - if (i == 3 &amp;&amp; wildList.indexOf(symbol) != -1): null

2019-08-23 18:48:51 - [TEST_STEP][PASSED] - if (i == 4 &amp;&amp; wildList.indexOf(symbol) != -1): null

2019-08-23 18:48:51 - [TEST_STEP][PASSED] - symbol = symbol: null

2019-08-23 18:48:51 - [TEST_STEP][PASSED] - println(symbol): null

2019-08-23 18:48:51 - [TEST_STEP][PASSED] - if (i == 2 &amp;&amp; wildList.indexOf(symbol) != -1): null

2019-08-23 18:48:51 - [TEST_STEP][PASSED] - if (i == 3 &amp;&amp; wildList.indexOf(symbol) != -1): null

2019-08-23 18:48:51 - [TEST_STEP][PASSED] - if (i == 4 &amp;&amp; wildList.indexOf(symbol) != -1): null

2019-08-23 18:48:51 - [TEST_STEP][PASSED] - symbol = symbol: null

2019-08-23 18:48:51 - [TEST_STEP][PASSED] - println(symbol): null

2019-08-23 18:48:51 - [TEST_STEP][PASSED] - if (i == 2 &amp;&amp; wildList.indexOf(symbol) != -1): null

2019-08-23 18:48:51 - [TEST_STEP][PASSED] - if (i == 3 &amp;&amp; wildList.indexOf(symbol) != -1): null

2019-08-23 18:48:51 - [TEST_STEP][PASSED] - if (i == 4 &amp;&amp; wildList.indexOf(symbol) != -1): null

2019-08-23 18:48:51 - [TEST_STEP][PASSED] - free_spin_reel_counter = free_spin_reel_counter: null

2019-08-23 18:48:51 - [TEST_STEP][PASSED] - println("reel 3 wild found: " + free_spin_reel_counter[0]): null

2019-08-23 18:48:51 - [TEST_STEP][PASSED] - println("reel 4 wild found: " + free_spin_reel_counter[1]): null

2019-08-23 18:48:51 - [TEST_STEP][PASSED] - println("reel 5 wild found: " + free_spin_reel_counter[2]): null

2019-08-23 18:48:51 - [TEST_STEP][PASSED] - M4_spin_reels = M4_spin_reels: null

2019-08-23 18:48:51 - [TEST_STEP][PASSED] - M4_spin_reels_symbols = symbol: null

2019-08-23 18:48:51 - [TEST_STEP][PASSED] - M4_spin_reels_symbols = M4_spin_reels_symbols: null

2019-08-23 18:48:51 - [TEST_STEP][PASSED] - M4_spin_reel_wins = reel_wins: null

2019-08-23 18:48:51 - [TEST_STEP][PASSED] - M4_spin_reel_wins = M4_spin_reel_wins: null

2019-08-23 18:48:51 - [TEST_STEP][PASSED] - println("GlobalVariable.M4_spin_reel_wins is: " + M4_spin_reel_wins): null

2019-08-23 18:48:51 - [TEST_STEP][PASSED] - M4_spin_total_bonus_win_this_round = total_bonus_win_this_round: null

2019-08-23 18:48:51 - [TEST_STEP][PASSED] - M4_spin_total_bonus_win_this_round = M4_spin_total_bonus_win_this_round: null

2019-08-23 18:48:51 - [TEST_STEP][PASSED] - println("GlobalVariable.M4_spin_total_bonus_win_this_round is: " + M4_spin_total_bonus_win_this_round): null

2019-08-23 18:48:51 - [TEST_STEP][PASSED] - M4_spin_bonus_spin_result = spin_result: null

2019-08-23 18:48:51 - [TEST_STEP][PASSED] - M4_spin_bonus_spin_result = M4_spin_bonus_spin_result: null

2019-08-23 18:48:51 - [MESSAGE][PASSED] - Verify response successfully

2019-08-23 18:48:51 - [MESSAGE][PASSED] - Send request and verify the response successfully

2019-08-23 18:48:51 - [TEST_STEP][PASSED] - if (free_spin_reel_counter[0] &gt;= 1 &amp;&amp; free_spin_reel_counter[1] &gt;= 1 &amp;&amp; free_spin_reel_counter[2] &gt;= 1): null

2019-08-23 18:48:51 - [TEST_STEP][PASSED] - spin_result = sendRequestAndVerify(findTestObject("INT/RGS(M4)/1_M4_spin", ["M4_login_user_id":M4_login_user_id, "rgs_session_token":rgs_session_token, "partner":Partner])): Send request and verify the response successfully

2019-08-23 18:48:51 - [MESSAGE][INFO] - HAR: /Users/eiralee/Katalon_Script/SuperWild/Reports/20190823_184757/INT/superWild_1/20190823_184757/requests/main/12.har

2019-08-23 18:48:51 - [TEST_CASE][PASSED] - Start Test Case : Verification: Verification accomplished successfully

2019-08-23 18:48:51 - [TEST_STEP][PASSED] - request = getInstance().getCurrentRequest(): null

2019-08-23 18:48:51 - [TEST_STEP][PASSED] - response = getInstance().getCurrentResponse(): null

2019-08-23 18:48:51 - [TEST_STEP][PASSED] - verifyResponseStatusCode(response, 200): Verify response status code successfully

2019-08-23 18:48:51 - [MESSAGE][PASSED] - Verify response status code successfully

2019-08-23 18:48:51 - [TEST_STEP][PASSED] - getStatusCode()).isEqualTo(200): null

2019-08-23 18:48:51 - [TEST_STEP][PASSED] - newline = System.getProperty("line.separator"): null

2019-08-23 18:48:51 - [TEST_STEP][PASSED] - M4_spin = new groovy.json.JsonSlurper(): null

2019-08-23 18:48:51 - [TEST_STEP][PASSED] - result_M4_spin = M4_spin.parseText(response.getResponseBodyContent()): null

2019-08-23 18:48:51 - [TEST_STEP][PASSED] - M4_spin_current_balance = current_balance: null

2019-08-23 18:48:51 - [TEST_STEP][PASSED] - M4_spin_current_balance = M4_spin_current_balance: null

2019-08-23 18:48:51 - [TEST_STEP][PASSED] - M4_spin_transaction_id = causality: null

2019-08-23 18:48:51 - [TEST_STEP][PASSED] - M4_spin_transaction_id = M4_spin_transaction_id: null

2019-08-23 18:48:51 - [TEST_STEP][PASSED] - M4_spin_round_id = round_id: null

2019-08-23 18:48:51 - [TEST_STEP][PASSED] - M4_spin_round_id = M4_spin_round_id: null

2019-08-23 18:48:51 - [TEST_STEP][PASSED] - M4_spin_line_wins = line_wins: null

2019-08-23 18:48:51 - [TEST_STEP][PASSED] - M4_spin_line_wins = M4_spin_line_wins: null

2019-08-23 18:48:51 - [TEST_STEP][PASSED] - M4_total_bonus_spins_int = total_bonus_spins: null

2019-08-23 18:48:51 - [TEST_STEP][PASSED] - println("******M4_total_bonus_spins type is:*******" + newline + getClass().getName()): null

2019-08-23 18:48:51 - [TEST_STEP][PASSED] - M4_total_bonus_spins_int = M4_total_bonus_spins_int: null

2019-08-23 18:48:51 - [TEST_STEP][PASSED] - M4_total_bonus_spins = Integer.toString(M4_total_bonus_spins_int): null

2019-08-23 18:48:51 - [TEST_STEP][PASSED] - M4_total_bonus_spins = M4_total_bonus_spins: null

2019-08-23 18:48:51 - [TEST_STEP][PASSED] - println("M4_total_bonus_spins is:" + M4_total_bonus_spins): null

2019-08-23 18:48:51 - [TEST_STEP][PASSED] - M4_spin_bonus_data = bonus_data: null

2019-08-23 18:48:51 - [TEST_STEP][PASSED] - M4_spin_features_triggered = result_M4_spin: null

2019-08-23 18:48:51 - [TEST_STEP][PASSED] - wild = []: null

2019-08-23 18:48:51 - [TEST_STEP][PASSED] - wild[0] = "WILD_Expanding": null

2019-08-23 18:48:51 - [TEST_STEP][PASSED] - wild[1] = "WILD_Normal": null

2019-08-23 18:48:51 - [TEST_STEP][PASSED] - wild[2] = "WILD_Double": null

2019-08-23 18:48:51 - [TEST_STEP][PASSED] - wild[3] = "WILD_ExtraFG": null

2019-08-23 18:48:51 - [TEST_STEP][PASSED] - wild[4] = "WILD_Triple": null

2019-08-23 18:48:51 - [TEST_STEP][PASSED] - wildList = Arrays.asList(wild): null

2019-08-23 18:48:51 - [TEST_STEP][PASSED] - wildList = wildList: null

2019-08-23 18:48:51 - [TEST_STEP][PASSED] - free_spin_reel_counter = []: null

2019-08-23 18:48:51 - [TEST_STEP][PASSED] - free_spin_reel_counter[0] = 0: null

2019-08-23 18:48:51 - [TEST_STEP][PASSED] - free_spin_reel_counter[1] = 0: null

2019-08-23 18:48:51 - [TEST_STEP][PASSED] - free_spin_reel_counter[2] = 0: null

2019-08-23 18:48:51 - [TEST_STEP][PASSED] - M4_spin_reels = reels: null

2019-08-23 18:48:51 - [TEST_STEP][PASSED] - for ([i = 0, i &lt; M4_spin_reels.size(), (i++)]): null

2019-08-23 18:48:51 - [TEST_STEP][PASSED] - symbols = symbols: null

2019-08-23 18:48:51 - [TEST_STEP][PASSED] - for ([j = 0, j &lt; symbols.size(), (j++)]): null

2019-08-23 18:48:51 - [TEST_STEP][PASSED] - symbol = symbol: null

2019-08-23 18:48:51 - [TEST_STEP][PASSED] - println(symbol): null

2019-08-23 18:48:51 - [TEST_STEP][PASSED] - if (i == 2 &amp;&amp; wildList.indexOf(symbol) != -1): null

2019-08-23 18:48:51 - [TEST_STEP][PASSED] - if (i == 3 &amp;&amp; wildList.indexOf(symbol) != -1): null

2019-08-23 18:48:51 - [TEST_STEP][PASSED] - if (i == 4 &amp;&amp; wildList.indexOf(symbol) != -1): null

2019-08-23 18:48:51 - [TEST_STEP][PASSED] - symbol = symbol: null

2019-08-23 18:48:51 - [TEST_STEP][PASSED] - println(symbol): null

2019-08-23 18:48:51 - [TEST_STEP][PASSED] - if (i == 2 &amp;&amp; wildList.indexOf(symbol) != -1): null

2019-08-23 18:48:51 - [TEST_STEP][PASSED] - if (i == 3 &amp;&amp; wildList.indexOf(symbol) != -1): null

2019-08-23 18:48:51 - [TEST_STEP][PASSED] - if (i == 4 &amp;&amp; wildList.indexOf(symbol) != -1): null

2019-08-23 18:48:51 - [TEST_STEP][PASSED] - symbol = symbol: null

2019-08-23 18:48:51 - [TEST_STEP][PASSED] - println(symbol): null

2019-08-23 18:48:51 - [TEST_STEP][PASSED] - if (i == 2 &amp;&amp; wildList.indexOf(symbol) != -1): null

2019-08-23 18:48:51 - [TEST_STEP][PASSED] - if (i == 3 &amp;&amp; wildList.indexOf(symbol) != -1): null

2019-08-23 18:48:51 - [TEST_STEP][PASSED] - if (i == 4 &amp;&amp; wildList.indexOf(symbol) != -1): null

2019-08-23 18:48:51 - [TEST_STEP][PASSED] - symbols = symbols: null

2019-08-23 18:48:51 - [TEST_STEP][PASSED] - for ([j = 0, j &lt; symbols.size(), (j++)]): null

2019-08-23 18:48:51 - [TEST_STEP][PASSED] - symbol = symbol: null

2019-08-23 18:48:51 - [TEST_STEP][PASSED] - println(symbol): null

2019-08-23 18:48:51 - [TEST_STEP][PASSED] - if (i == 2 &amp;&amp; wildList.indexOf(symbol) != -1): null

2019-08-23 18:48:51 - [TEST_STEP][PASSED] - if (i == 3 &amp;&amp; wildList.indexOf(symbol) != -1): null

2019-08-23 18:48:51 - [TEST_STEP][PASSED] - if (i == 4 &amp;&amp; wildList.indexOf(symbol) != -1): null

2019-08-23 18:48:51 - [TEST_STEP][PASSED] - symbol = symbol: null

2019-08-23 18:48:51 - [TEST_STEP][PASSED] - println(symbol): null

2019-08-23 18:48:51 - [TEST_STEP][PASSED] - if (i == 2 &amp;&amp; wildList.indexOf(symbol) != -1): null

2019-08-23 18:48:51 - [TEST_STEP][PASSED] - if (i == 3 &amp;&amp; wildList.indexOf(symbol) != -1): null

2019-08-23 18:48:51 - [TEST_STEP][PASSED] - if (i == 4 &amp;&amp; wildList.indexOf(symbol) != -1): null

2019-08-23 18:48:51 - [TEST_STEP][PASSED] - symbol = symbol: null

2019-08-23 18:48:51 - [TEST_STEP][PASSED] - println(symbol): null

2019-08-23 18:48:51 - [TEST_STEP][PASSED] - if (i == 2 &amp;&amp; wildList.indexOf(symbol) != -1): null

2019-08-23 18:48:51 - [TEST_STEP][PASSED] - if (i == 3 &amp;&amp; wildList.indexOf(symbol) != -1): null

2019-08-23 18:48:51 - [TEST_STEP][PASSED] - if (i == 4 &amp;&amp; wildList.indexOf(symbol) != -1): null

2019-08-23 18:48:51 - [TEST_STEP][PASSED] - symbols = symbols: null

2019-08-23 18:48:51 - [TEST_STEP][PASSED] - for ([j = 0, j &lt; symbols.size(), (j++)]): null

2019-08-23 18:48:51 - [TEST_STEP][PASSED] - symbol = symbol: null

2019-08-23 18:48:51 - [TEST_STEP][PASSED] - println(symbol): null

2019-08-23 18:48:51 - [TEST_STEP][PASSED] - if (i == 2 &amp;&amp; wildList.indexOf(symbol) != -1): null

2019-08-23 18:48:51 - [TEST_STEP][PASSED] - if (i == 3 &amp;&amp; wildList.indexOf(symbol) != -1): null

2019-08-23 18:48:51 - [TEST_STEP][PASSED] - if (i == 4 &amp;&amp; wildList.indexOf(symbol) != -1): null

2019-08-23 18:48:51 - [TEST_STEP][PASSED] - symbol = symbol: null

2019-08-23 18:48:51 - [TEST_STEP][PASSED] - println(symbol): null

2019-08-23 18:48:51 - [TEST_STEP][PASSED] - if (i == 2 &amp;&amp; wildList.indexOf(symbol) != -1): null

2019-08-23 18:48:51 - [TEST_STEP][PASSED] - if (i == 3 &amp;&amp; wildList.indexOf(symbol) != -1): null

2019-08-23 18:48:51 - [TEST_STEP][PASSED] - if (i == 4 &amp;&amp; wildList.indexOf(symbol) != -1): null

2019-08-23 18:48:51 - [TEST_STEP][PASSED] - symbol = symbol: null

2019-08-23 18:48:51 - [TEST_STEP][PASSED] - println(symbol): null

2019-08-23 18:48:51 - [TEST_STEP][PASSED] - if (i == 2 &amp;&amp; wildList.indexOf(symbol) != -1): null

2019-08-23 18:48:51 - [TEST_STEP][PASSED] - if (i == 3 &amp;&amp; wildList.indexOf(symbol) != -1): null

2019-08-23 18:48:51 - [TEST_STEP][PASSED] - if (i == 4 &amp;&amp; wildList.indexOf(symbol) != -1): null

2019-08-23 18:48:51 - [TEST_STEP][PASSED] - symbols = symbols: null

2019-08-23 18:48:51 - [TEST_STEP][PASSED] - for ([j = 0, j &lt; symbols.size(), (j++)]): null

2019-08-23 18:48:51 - [TEST_STEP][PASSED] - symbol = symbol: null

2019-08-23 18:48:51 - [TEST_STEP][PASSED] - println(symbol): null

2019-08-23 18:48:51 - [TEST_STEP][PASSED] - if (i == 2 &amp;&amp; wildList.indexOf(symbol) != -1): null

2019-08-23 18:48:51 - [TEST_STEP][PASSED] - if (i == 3 &amp;&amp; wildList.indexOf(symbol) != -1): null

2019-08-23 18:48:51 - [TEST_STEP][PASSED] - if (i == 4 &amp;&amp; wildList.indexOf(symbol) != -1): null

2019-08-23 18:48:51 - [TEST_STEP][PASSED] - symbol = symbol: null

2019-08-23 18:48:51 - [TEST_STEP][PASSED] - println(symbol): null

2019-08-23 18:48:51 - [TEST_STEP][PASSED] - if (i == 2 &amp;&amp; wildList.indexOf(symbol) != -1): null

2019-08-23 18:48:51 - [TEST_STEP][PASSED] - if (i == 3 &amp;&amp; wildList.indexOf(symbol) != -1): null

2019-08-23 18:48:51 - [TEST_STEP][PASSED] - if (i == 4 &amp;&amp; wildList.indexOf(symbol) != -1): null

2019-08-23 18:48:51 - [TEST_STEP][PASSED] - symbol = symbol: null

2019-08-23 18:48:51 - [TEST_STEP][PASSED] - println(symbol): null

2019-08-23 18:48:51 - [TEST_STEP][PASSED] - if (i == 2 &amp;&amp; wildList.indexOf(symbol) != -1): null

2019-08-23 18:48:51 - [TEST_STEP][PASSED] - if (i == 3 &amp;&amp; wildList.indexOf(symbol) != -1): null

2019-08-23 18:48:51 - [TEST_STEP][PASSED] - if (i == 4 &amp;&amp; wildList.indexOf(symbol) != -1): null

2019-08-23 18:48:51 - [TEST_STEP][PASSED] - symbols = symbols: null

2019-08-23 18:48:51 - [TEST_STEP][PASSED] - for ([j = 0, j &lt; symbols.size(), (j++)]): null

2019-08-23 18:48:51 - [TEST_STEP][PASSED] - symbol = symbol: null

2019-08-23 18:48:51 - [TEST_STEP][PASSED] - println(symbol): null

2019-08-23 18:48:51 - [TEST_STEP][PASSED] - if (i == 2 &amp;&amp; wildList.indexOf(symbol) != -1): null

2019-08-23 18:48:51 - [TEST_STEP][PASSED] - if (i == 3 &amp;&amp; wildList.indexOf(symbol) != -1): null

2019-08-23 18:48:51 - [TEST_STEP][PASSED] - if (i == 4 &amp;&amp; wildList.indexOf(symbol) != -1): null

2019-08-23 18:48:51 - [TEST_STEP][PASSED] - symbol = symbol: null

2019-08-23 18:48:51 - [TEST_STEP][PASSED] - println(symbol): null

2019-08-23 18:48:51 - [TEST_STEP][PASSED] - if (i == 2 &amp;&amp; wildList.indexOf(symbol) != -1): null

2019-08-23 18:48:51 - [TEST_STEP][PASSED] - if (i == 3 &amp;&amp; wildList.indexOf(symbol) != -1): null

2019-08-23 18:48:51 - [TEST_STEP][PASSED] - if (i == 4 &amp;&amp; wildList.indexOf(symbol) != -1): null

2019-08-23 18:48:51 - [TEST_STEP][PASSED] - symbol = symbol: null

2019-08-23 18:48:51 - [TEST_STEP][PASSED] - println(symbol): null

2019-08-23 18:48:51 - [TEST_STEP][PASSED] - if (i == 2 &amp;&amp; wildList.indexOf(symbol) != -1): null

2019-08-23 18:48:51 - [TEST_STEP][PASSED] - if (i == 3 &amp;&amp; wildList.indexOf(symbol) != -1): null

2019-08-23 18:48:51 - [TEST_STEP][PASSED] - if (i == 4 &amp;&amp; wildList.indexOf(symbol) != -1): null

2019-08-23 18:48:51 - [TEST_STEP][PASSED] - free_spin_reel_counter = free_spin_reel_counter: null

2019-08-23 18:48:51 - [TEST_STEP][PASSED] - println("reel 3 wild found: " + free_spin_reel_counter[0]): null

2019-08-23 18:48:51 - [TEST_STEP][PASSED] - println("reel 4 wild found: " + free_spin_reel_counter[1]): null

2019-08-23 18:48:51 - [TEST_STEP][PASSED] - println("reel 5 wild found: " + free_spin_reel_counter[2]): null

2019-08-23 18:48:51 - [TEST_STEP][PASSED] - M4_spin_reels = M4_spin_reels: null

2019-08-23 18:48:51 - [TEST_STEP][PASSED] - M4_spin_reels_symbols = symbol: null

2019-08-23 18:48:51 - [TEST_STEP][PASSED] - M4_spin_reels_symbols = M4_spin_reels_symbols: null

2019-08-23 18:48:51 - [TEST_STEP][PASSED] - M4_spin_reel_wins = reel_wins: null

2019-08-23 18:48:51 - [TEST_STEP][PASSED] - M4_spin_reel_wins = M4_spin_reel_wins: null

2019-08-23 18:48:51 - [TEST_STEP][PASSED] - println("GlobalVariable.M4_spin_reel_wins is: " + M4_spin_reel_wins): null

2019-08-23 18:48:51 - [TEST_STEP][PASSED] - M4_spin_total_bonus_win_this_round = total_bonus_win_this_round: null

2019-08-23 18:48:51 - [TEST_STEP][PASSED] - M4_spin_total_bonus_win_this_round = M4_spin_total_bonus_win_this_round: null

2019-08-23 18:48:51 - [TEST_STEP][PASSED] - println("GlobalVariable.M4_spin_total_bonus_win_this_round is: " + M4_spin_total_bonus_win_this_round): null

2019-08-23 18:48:51 - [TEST_STEP][PASSED] - M4_spin_bonus_spin_result = spin_result: null

2019-08-23 18:48:51 - [TEST_STEP][PASSED] - M4_spin_bonus_spin_result = M4_spin_bonus_spin_result: null

2019-08-23 18:48:51 - [MESSAGE][PASSED] - Verify response successfully

2019-08-23 18:48:51 - [MESSAGE][PASSED] - Send request and verify the response successfully

2019-08-23 18:48:51 - [TEST_STEP][PASSED] - if (free_spin_reel_counter[0] &gt;= 1 &amp;&amp; free_spin_reel_counter[1] &gt;= 1 &amp;&amp; free_spin_reel_counter[2] &gt;= 1): null

2019-08-23 18:48:51 - [TEST_STEP][PASSED] - spin_result = sendRequestAndVerify(findTestObject("INT/RGS(M4)/1_M4_spin", ["M4_login_user_id":M4_login_user_id, "rgs_session_token":rgs_session_token, "partner":Partner])): Send request and verify the response successfully

2019-08-23 18:48:52 - [MESSAGE][INFO] - HAR: /Users/eiralee/Katalon_Script/SuperWild/Reports/20190823_184757/INT/superWild_1/20190823_184757/requests/main/13.har

2019-08-23 18:48:52 - [TEST_CASE][PASSED] - Start Test Case : Verification: Verification accomplished successfully

2019-08-23 18:48:52 - [TEST_STEP][PASSED] - request = getInstance().getCurrentRequest(): null

2019-08-23 18:48:52 - [TEST_STEP][PASSED] - response = getInstance().getCurrentResponse(): null

2019-08-23 18:48:52 - [TEST_STEP][PASSED] - verifyResponseStatusCode(response, 200): Verify response status code successfully

2019-08-23 18:48:52 - [MESSAGE][PASSED] - Verify response status code successfully

2019-08-23 18:48:52 - [TEST_STEP][PASSED] - getStatusCode()).isEqualTo(200): null

2019-08-23 18:48:52 - [TEST_STEP][PASSED] - newline = System.getProperty("line.separator"): null

2019-08-23 18:48:52 - [TEST_STEP][PASSED] - M4_spin = new groovy.json.JsonSlurper(): null

2019-08-23 18:48:52 - [TEST_STEP][PASSED] - result_M4_spin = M4_spin.parseText(response.getResponseBodyContent()): null

2019-08-23 18:48:52 - [TEST_STEP][PASSED] - M4_spin_current_balance = current_balance: null

2019-08-23 18:48:52 - [TEST_STEP][PASSED] - M4_spin_current_balance = M4_spin_current_balance: null

2019-08-23 18:48:52 - [TEST_STEP][PASSED] - M4_spin_transaction_id = causality: null

2019-08-23 18:48:52 - [TEST_STEP][PASSED] - M4_spin_transaction_id = M4_spin_transaction_id: null

2019-08-23 18:48:52 - [TEST_STEP][PASSED] - M4_spin_round_id = round_id: null

2019-08-23 18:48:52 - [TEST_STEP][PASSED] - M4_spin_round_id = M4_spin_round_id: null

2019-08-23 18:48:52 - [TEST_STEP][PASSED] - M4_spin_line_wins = line_wins: null

2019-08-23 18:48:52 - [TEST_STEP][PASSED] - M4_spin_line_wins = M4_spin_line_wins: null

2019-08-23 18:48:52 - [TEST_STEP][PASSED] - M4_total_bonus_spins_int = total_bonus_spins: null

2019-08-23 18:48:52 - [TEST_STEP][PASSED] - println("******M4_total_bonus_spins type is:*******" + newline + getClass().getName()): null

2019-08-23 18:48:52 - [TEST_STEP][PASSED] - M4_total_bonus_spins_int = M4_total_bonus_spins_int: null

2019-08-23 18:48:52 - [TEST_STEP][PASSED] - M4_total_bonus_spins = Integer.toString(M4_total_bonus_spins_int): null

2019-08-23 18:48:52 - [TEST_STEP][PASSED] - M4_total_bonus_spins = M4_total_bonus_spins: null

2019-08-23 18:48:52 - [TEST_STEP][PASSED] - println("M4_total_bonus_spins is:" + M4_total_bonus_spins): null

2019-08-23 18:48:52 - [TEST_STEP][PASSED] - M4_spin_bonus_data = bonus_data: null

2019-08-23 18:48:52 - [TEST_STEP][PASSED] - M4_spin_features_triggered = result_M4_spin: null

2019-08-23 18:48:52 - [TEST_STEP][PASSED] - wild = []: null

2019-08-23 18:48:52 - [TEST_STEP][PASSED] - wild[0] = "WILD_Expanding": null

2019-08-23 18:48:52 - [TEST_STEP][PASSED] - wild[1] = "WILD_Normal": null

2019-08-23 18:48:52 - [TEST_STEP][PASSED] - wild[2] = "WILD_Double": null

2019-08-23 18:48:52 - [TEST_STEP][PASSED] - wild[3] = "WILD_ExtraFG": null

2019-08-23 18:48:52 - [TEST_STEP][PASSED] - wild[4] = "WILD_Triple": null

2019-08-23 18:48:52 - [TEST_STEP][PASSED] - wildList = Arrays.asList(wild): null

2019-08-23 18:48:52 - [TEST_STEP][PASSED] - wildList = wildList: null

2019-08-23 18:48:52 - [TEST_STEP][PASSED] - free_spin_reel_counter = []: null

2019-08-23 18:48:52 - [TEST_STEP][PASSED] - free_spin_reel_counter[0] = 0: null

2019-08-23 18:48:52 - [TEST_STEP][PASSED] - free_spin_reel_counter[1] = 0: null

2019-08-23 18:48:52 - [TEST_STEP][PASSED] - free_spin_reel_counter[2] = 0: null

2019-08-23 18:48:52 - [TEST_STEP][PASSED] - M4_spin_reels = reels: null

2019-08-23 18:48:52 - [TEST_STEP][PASSED] - for ([i = 0, i &lt; M4_spin_reels.size(), (i++)]): null

2019-08-23 18:48:52 - [TEST_STEP][PASSED] - symbols = symbols: null

2019-08-23 18:48:52 - [TEST_STEP][PASSED] - for ([j = 0, j &lt; symbols.size(), (j++)]): null

2019-08-23 18:48:52 - [TEST_STEP][PASSED] - symbol = symbol: null

2019-08-23 18:48:52 - [TEST_STEP][PASSED] - println(symbol): null

2019-08-23 18:48:52 - [TEST_STEP][PASSED] - if (i == 2 &amp;&amp; wildList.indexOf(symbol) != -1): null

2019-08-23 18:48:52 - [TEST_STEP][PASSED] - if (i == 3 &amp;&amp; wildList.indexOf(symbol) != -1): null

2019-08-23 18:48:52 - [TEST_STEP][PASSED] - if (i == 4 &amp;&amp; wildList.indexOf(symbol) != -1): null

2019-08-23 18:48:52 - [TEST_STEP][PASSED] - symbol = symbol: null

2019-08-23 18:48:52 - [TEST_STEP][PASSED] - println(symbol): null

2019-08-23 18:48:52 - [TEST_STEP][PASSED] - if (i == 2 &amp;&amp; wildList.indexOf(symbol) != -1): null

2019-08-23 18:48:52 - [TEST_STEP][PASSED] - if (i == 3 &amp;&amp; wildList.indexOf(symbol) != -1): null

2019-08-23 18:48:52 - [TEST_STEP][PASSED] - if (i == 4 &amp;&amp; wildList.indexOf(symbol) != -1): null

2019-08-23 18:48:52 - [TEST_STEP][PASSED] - symbol = symbol: null

2019-08-23 18:48:52 - [TEST_STEP][PASSED] - println(symbol): null

2019-08-23 18:48:52 - [TEST_STEP][PASSED] - if (i == 2 &amp;&amp; wildList.indexOf(symbol) != -1): null

2019-08-23 18:48:52 - [TEST_STEP][PASSED] - if (i == 3 &amp;&amp; wildList.indexOf(symbol) != -1): null

2019-08-23 18:48:52 - [TEST_STEP][PASSED] - if (i == 4 &amp;&amp; wildList.indexOf(symbol) != -1): null

2019-08-23 18:48:52 - [TEST_STEP][PASSED] - symbols = symbols: null

2019-08-23 18:48:52 - [TEST_STEP][PASSED] - for ([j = 0, j &lt; symbols.size(), (j++)]): null

2019-08-23 18:48:52 - [TEST_STEP][PASSED] - symbol = symbol: null

2019-08-23 18:48:52 - [TEST_STEP][PASSED] - println(symbol): null

2019-08-23 18:48:52 - [TEST_STEP][PASSED] - if (i == 2 &amp;&amp; wildList.indexOf(symbol) != -1): null

2019-08-23 18:48:52 - [TEST_STEP][PASSED] - if (i == 3 &amp;&amp; wildList.indexOf(symbol) != -1): null

2019-08-23 18:48:52 - [TEST_STEP][PASSED] - if (i == 4 &amp;&amp; wildList.indexOf(symbol) != -1): null

2019-08-23 18:48:52 - [TEST_STEP][PASSED] - symbol = symbol: null

2019-08-23 18:48:52 - [TEST_STEP][PASSED] - println(symbol): null

2019-08-23 18:48:52 - [TEST_STEP][PASSED] - if (i == 2 &amp;&amp; wildList.indexOf(symbol) != -1): null

2019-08-23 18:48:52 - [TEST_STEP][PASSED] - if (i == 3 &amp;&amp; wildList.indexOf(symbol) != -1): null

2019-08-23 18:48:52 - [TEST_STEP][PASSED] - if (i == 4 &amp;&amp; wildList.indexOf(symbol) != -1): null

2019-08-23 18:48:52 - [TEST_STEP][PASSED] - symbol = symbol: null

2019-08-23 18:48:52 - [TEST_STEP][PASSED] - println(symbol): null

2019-08-23 18:48:52 - [TEST_STEP][PASSED] - if (i == 2 &amp;&amp; wildList.indexOf(symbol) != -1): null

2019-08-23 18:48:52 - [TEST_STEP][PASSED] - if (i == 3 &amp;&amp; wildList.indexOf(symbol) != -1): null

2019-08-23 18:48:52 - [TEST_STEP][PASSED] - if (i == 4 &amp;&amp; wildList.indexOf(symbol) != -1): null

2019-08-23 18:48:52 - [TEST_STEP][PASSED] - symbols = symbols: null

2019-08-23 18:48:52 - [TEST_STEP][PASSED] - for ([j = 0, j &lt; symbols.size(), (j++)]): null

2019-08-23 18:48:52 - [TEST_STEP][PASSED] - symbol = symbol: null

2019-08-23 18:48:52 - [TEST_STEP][PASSED] - println(symbol): null

2019-08-23 18:48:52 - [TEST_STEP][PASSED] - if (i == 2 &amp;&amp; wildList.indexOf(symbol) != -1): null

2019-08-23 18:48:52 - [TEST_STEP][PASSED] - if (i == 3 &amp;&amp; wildList.indexOf(symbol) != -1): null

2019-08-23 18:48:52 - [TEST_STEP][PASSED] - if (i == 4 &amp;&amp; wildList.indexOf(symbol) != -1): null

2019-08-23 18:48:52 - [TEST_STEP][PASSED] - symbol = symbol: null

2019-08-23 18:48:52 - [TEST_STEP][PASSED] - println(symbol): null

2019-08-23 18:48:52 - [TEST_STEP][PASSED] - if (i == 2 &amp;&amp; wildList.indexOf(symbol) != -1): null

2019-08-23 18:48:52 - [TEST_STEP][PASSED] - if (i == 3 &amp;&amp; wildList.indexOf(symbol) != -1): null

2019-08-23 18:48:52 - [TEST_STEP][PASSED] - if (i == 4 &amp;&amp; wildList.indexOf(symbol) != -1): null

2019-08-23 18:48:52 - [TEST_STEP][PASSED] - symbol = symbol: null

2019-08-23 18:48:52 - [TEST_STEP][PASSED] - println(symbol): null

2019-08-23 18:48:52 - [TEST_STEP][PASSED] - if (i == 2 &amp;&amp; wildList.indexOf(symbol) != -1): null

2019-08-23 18:48:52 - [TEST_STEP][PASSED] - if (i == 3 &amp;&amp; wildList.indexOf(symbol) != -1): null

2019-08-23 18:48:52 - [TEST_STEP][PASSED] - if (i == 4 &amp;&amp; wildList.indexOf(symbol) != -1): null

2019-08-23 18:48:52 - [TEST_STEP][PASSED] - symbols = symbols: null

2019-08-23 18:48:52 - [TEST_STEP][PASSED] - for ([j = 0, j &lt; symbols.size(), (j++)]): null

2019-08-23 18:48:52 - [TEST_STEP][PASSED] - symbol = symbol: null

2019-08-23 18:48:52 - [TEST_STEP][PASSED] - println(symbol): null

2019-08-23 18:48:52 - [TEST_STEP][PASSED] - if (i == 2 &amp;&amp; wildList.indexOf(symbol) != -1): null

2019-08-23 18:48:52 - [TEST_STEP][PASSED] - if (i == 3 &amp;&amp; wildList.indexOf(symbol) != -1): null

2019-08-23 18:48:52 - [TEST_STEP][PASSED] - if (i == 4 &amp;&amp; wildList.indexOf(symbol) != -1): null

2019-08-23 18:48:52 - [TEST_STEP][PASSED] - symbol = symbol: null

2019-08-23 18:48:52 - [TEST_STEP][PASSED] - println(symbol): null

2019-08-23 18:48:52 - [TEST_STEP][PASSED] - if (i == 2 &amp;&amp; wildList.indexOf(symbol) != -1): null

2019-08-23 18:48:52 - [TEST_STEP][PASSED] - if (i == 3 &amp;&amp; wildList.indexOf(symbol) != -1): null

2019-08-23 18:48:52 - [TEST_STEP][PASSED] - if (i == 4 &amp;&amp; wildList.indexOf(symbol) != -1): null

2019-08-23 18:48:52 - [TEST_STEP][PASSED] - symbol = symbol: null

2019-08-23 18:48:52 - [TEST_STEP][PASSED] - println(symbol): null

2019-08-23 18:48:52 - [TEST_STEP][PASSED] - if (i == 2 &amp;&amp; wildList.indexOf(symbol) != -1): null

2019-08-23 18:48:52 - [TEST_STEP][PASSED] - if (i == 3 &amp;&amp; wildList.indexOf(symbol) != -1): null

2019-08-23 18:48:52 - [TEST_STEP][PASSED] - if (i == 4 &amp;&amp; wildList.indexOf(symbol) != -1): null

2019-08-23 18:48:52 - [TEST_STEP][PASSED] - symbols = symbols: null

2019-08-23 18:48:52 - [TEST_STEP][PASSED] - for ([j = 0, j &lt; symbols.size(), (j++)]): null

2019-08-23 18:48:52 - [TEST_STEP][PASSED] - symbol = symbol: null

2019-08-23 18:48:52 - [TEST_STEP][PASSED] - println(symbol): null

2019-08-23 18:48:52 - [TEST_STEP][PASSED] - if (i == 2 &amp;&amp; wildList.indexOf(symbol) != -1): null

2019-08-23 18:48:52 - [TEST_STEP][PASSED] - if (i == 3 &amp;&amp; wildList.indexOf(symbol) != -1): null

2019-08-23 18:48:52 - [TEST_STEP][PASSED] - if (i == 4 &amp;&amp; wildList.indexOf(symbol) != -1): null

2019-08-23 18:48:52 - [TEST_STEP][PASSED] - symbol = symbol: null

2019-08-23 18:48:52 - [TEST_STEP][PASSED] - println(symbol): null

2019-08-23 18:48:52 - [TEST_STEP][PASSED] - if (i == 2 &amp;&amp; wildList.indexOf(symbol) != -1): null

2019-08-23 18:48:52 - [TEST_STEP][PASSED] - if (i == 3 &amp;&amp; wildList.indexOf(symbol) != -1): null

2019-08-23 18:48:52 - [TEST_STEP][PASSED] - if (i == 4 &amp;&amp; wildList.indexOf(symbol) != -1): null

2019-08-23 18:48:52 - [TEST_STEP][PASSED] - symbol = symbol: null

2019-08-23 18:48:52 - [TEST_STEP][PASSED] - println(symbol): null

2019-08-23 18:48:52 - [TEST_STEP][PASSED] - if (i == 2 &amp;&amp; wildList.indexOf(symbol) != -1): null

2019-08-23 18:48:52 - [TEST_STEP][PASSED] - if (i == 3 &amp;&amp; wildList.indexOf(symbol) != -1): null

2019-08-23 18:48:52 - [TEST_STEP][PASSED] - if (i == 4 &amp;&amp; wildList.indexOf(symbol) != -1): null

2019-08-23 18:48:52 - [TEST_STEP][PASSED] - free_spin_reel_counter = free_spin_reel_counter: null

2019-08-23 18:48:52 - [TEST_STEP][PASSED] - println("reel 3 wild found: " + free_spin_reel_counter[0]): null

2019-08-23 18:48:52 - [TEST_STEP][PASSED] - println("reel 4 wild found: " + free_spin_reel_counter[1]): null

2019-08-23 18:48:52 - [TEST_STEP][PASSED] - println("reel 5 wild found: " + free_spin_reel_counter[2]): null

2019-08-23 18:48:52 - [TEST_STEP][PASSED] - M4_spin_reels = M4_spin_reels: null

2019-08-23 18:48:52 - [TEST_STEP][PASSED] - M4_spin_reels_symbols = symbol: null

2019-08-23 18:48:52 - [TEST_STEP][PASSED] - M4_spin_reels_symbols = M4_spin_reels_symbols: null

2019-08-23 18:48:52 - [TEST_STEP][PASSED] - M4_spin_reel_wins = reel_wins: null

2019-08-23 18:48:52 - [TEST_STEP][PASSED] - M4_spin_reel_wins = M4_spin_reel_wins: null

2019-08-23 18:48:52 - [TEST_STEP][PASSED] - println("GlobalVariable.M4_spin_reel_wins is: " + M4_spin_reel_wins): null

2019-08-23 18:48:52 - [TEST_STEP][PASSED] - M4_spin_total_bonus_win_this_round = total_bonus_win_this_round: null

2019-08-23 18:48:52 - [TEST_STEP][PASSED] - M4_spin_total_bonus_win_this_round = M4_spin_total_bonus_win_this_round: null

2019-08-23 18:48:52 - [TEST_STEP][PASSED] - println("GlobalVariable.M4_spin_total_bonus_win_this_round is: " + M4_spin_total_bonus_win_this_round): null

2019-08-23 18:48:52 - [TEST_STEP][PASSED] - M4_spin_bonus_spin_result = spin_result: null

2019-08-23 18:48:52 - [TEST_STEP][PASSED] - M4_spin_bonus_spin_result = M4_spin_bonus_spin_result: null

2019-08-23 18:48:52 - [MESSAGE][PASSED] - Verify response successfully

2019-08-23 18:48:52 - [MESSAGE][PASSED] - Send request and verify the response successfully

2019-08-23 18:48:52 - [TEST_STEP][PASSED] - if (free_spin_reel_counter[0] &gt;= 1 &amp;&amp; free_spin_reel_counter[1] &gt;= 1 &amp;&amp; free_spin_reel_counter[2] &gt;= 1): null

2019-08-23 18:48:52 - [TEST_STEP][PASSED] - spin_result = sendRequestAndVerify(findTestObject("INT/RGS(M4)/1_M4_spin", ["M4_login_user_id":M4_login_user_id, "rgs_session_token":rgs_session_token, "partner":Partner])): Send request and verify the response successfully

2019-08-23 18:48:52 - [MESSAGE][INFO] - HAR: /Users/eiralee/Katalon_Script/SuperWild/Reports/20190823_184757/INT/superWild_1/20190823_184757/requests/main/14.har

2019-08-23 18:48:52 - [TEST_CASE][PASSED] - Start Test Case : Verification: Verification accomplished successfully

2019-08-23 18:48:52 - [TEST_STEP][PASSED] - request = getInstance().getCurrentRequest(): null

2019-08-23 18:48:53 - [TEST_STEP][PASSED] - response = getInstance().getCurrentResponse(): null

2019-08-23 18:48:53 - [TEST_STEP][PASSED] - verifyResponseStatusCode(response, 200): Verify response status code successfully

2019-08-23 18:48:53 - [MESSAGE][PASSED] - Verify response status code successfully

2019-08-23 18:48:53 - [TEST_STEP][PASSED] - getStatusCode()).isEqualTo(200): null

2019-08-23 18:48:53 - [TEST_STEP][PASSED] - newline = System.getProperty("line.separator"): null

2019-08-23 18:48:53 - [TEST_STEP][PASSED] - M4_spin = new groovy.json.JsonSlurper(): null

2019-08-23 18:48:53 - [TEST_STEP][PASSED] - result_M4_spin = M4_spin.parseText(response.getResponseBodyContent()): null

2019-08-23 18:48:53 - [TEST_STEP][PASSED] - M4_spin_current_balance = current_balance: null

2019-08-23 18:48:53 - [TEST_STEP][PASSED] - M4_spin_current_balance = M4_spin_current_balance: null

2019-08-23 18:48:53 - [TEST_STEP][PASSED] - M4_spin_transaction_id = causality: null

2019-08-23 18:48:53 - [TEST_STEP][PASSED] - M4_spin_transaction_id = M4_spin_transaction_id: null

2019-08-23 18:48:53 - [TEST_STEP][PASSED] - M4_spin_round_id = round_id: null

2019-08-23 18:48:53 - [TEST_STEP][PASSED] - M4_spin_round_id = M4_spin_round_id: null

2019-08-23 18:48:53 - [TEST_STEP][PASSED] - M4_spin_line_wins = line_wins: null

2019-08-23 18:48:53 - [TEST_STEP][PASSED] - M4_spin_line_wins = M4_spin_line_wins: null

2019-08-23 18:48:53 - [TEST_STEP][PASSED] - M4_total_bonus_spins_int = total_bonus_spins: null

2019-08-23 18:49:09 - [TEST_STEP][PASSED] - println("******M4_total_bonus_spins type is:*******" + newline + getClass().getName()): null

2019-08-23 18:49:09 - [TEST_STEP][PASSED] - M4_total_bonus_spins_int = M4_total_bonus_spins_int: null

2019-08-23 18:49:09 - [TEST_STEP][PASSED] - M4_total_bonus_spins = Integer.toString(M4_total_bonus_spins_int): null

2019-08-23 18:49:09 - [TEST_STEP][PASSED] - M4_total_bonus_spins = M4_total_bonus_spins: null

2019-08-23 18:49:09 - [TEST_STEP][PASSED] - println("M4_total_bonus_spins is:" + M4_total_bonus_spins): null

2019-08-23 18:49:09 - [TEST_STEP][PASSED] - M4_spin_bonus_data = bonus_data: null

2019-08-23 18:49:09 - [TEST_STEP][PASSED] - M4_spin_features_triggered = result_M4_spin: null

2019-08-23 18:49:09 - [TEST_STEP][PASSED] - wild = []: null

2019-08-23 18:49:09 - [TEST_STEP][PASSED] - wild[0] = "WILD_Expanding": null

2019-08-23 18:49:09 - [TEST_STEP][PASSED] - wild[1] = "WILD_Normal": null

2019-08-23 18:49:09 - [TEST_STEP][PASSED] - wild[2] = "WILD_Double": null

2019-08-23 18:49:09 - [TEST_STEP][PASSED] - wild[3] = "WILD_ExtraFG": null

2019-08-23 18:49:09 - [TEST_STEP][PASSED] - wild[4] = "WILD_Triple": null

2019-08-23 18:49:09 - [TEST_STEP][PASSED] - wildList = Arrays.asList(wild): null

2019-08-23 18:49:09 - [TEST_STEP][PASSED] - wildList = wildList: null

2019-08-23 18:49:09 - [TEST_STEP][PASSED] - free_spin_reel_counter = []: null

2019-08-23 18:49:09 - [TEST_STEP][PASSED] - free_spin_reel_counter[0] = 0: null

2019-08-23 18:49:09 - [TEST_STEP][PASSED] - free_spin_reel_counter[1] = 0: null

2019-08-23 18:49:09 - [TEST_STEP][PASSED] - free_spin_reel_counter[2] = 0: null

2019-08-23 18:49:09 - [TEST_STEP][PASSED] - M4_spin_reels = reels: null

2019-08-23 18:49:09 - [TEST_STEP][PASSED] - for ([i = 0, i &lt; M4_spin_reels.size(), (i++)]): null

2019-08-23 18:49:09 - [TEST_STEP][PASSED] - symbols = symbols: null

2019-08-23 18:49:09 - [TEST_STEP][PASSED] - for ([j = 0, j &lt; symbols.size(), (j++)]): null

2019-08-23 18:49:09 - [TEST_STEP][PASSED] - symbol = symbol: null

2019-08-23 18:49:09 - [TEST_STEP][PASSED] - println(symbol): null

2019-08-23 18:49:09 - [TEST_STEP][PASSED] - if (i == 2 &amp;&amp; wildList.indexOf(symbol) != -1): null

2019-08-23 18:49:09 - [TEST_STEP][PASSED] - if (i == 3 &amp;&amp; wildList.indexOf(symbol) != -1): null

2019-08-23 18:49:09 - [TEST_STEP][PASSED] - if (i == 4 &amp;&amp; wildList.indexOf(symbol) != -1): null

2019-08-23 18:49:09 - [TEST_STEP][PASSED] - symbol = symbol: null

2019-08-23 18:49:09 - [TEST_STEP][PASSED] - println(symbol): null

2019-08-23 18:49:09 - [TEST_STEP][PASSED] - if (i == 2 &amp;&amp; wildList.indexOf(symbol) != -1): null

2019-08-23 18:49:09 - [TEST_STEP][PASSED] - if (i == 3 &amp;&amp; wildList.indexOf(symbol) != -1): null

2019-08-23 18:49:09 - [TEST_STEP][PASSED] - if (i == 4 &amp;&amp; wildList.indexOf(symbol) != -1): null

2019-08-23 18:49:09 - [TEST_STEP][PASSED] - symbol = symbol: null

2019-08-23 18:49:09 - [TEST_STEP][PASSED] - println(symbol): null

2019-08-23 18:49:09 - [TEST_STEP][PASSED] - if (i == 2 &amp;&amp; wildList.indexOf(symbol) != -1): null

2019-08-23 18:49:09 - [TEST_STEP][PASSED] - if (i == 3 &amp;&amp; wildList.indexOf(symbol) != -1): null

2019-08-23 18:49:09 - [TEST_STEP][PASSED] - if (i == 4 &amp;&amp; wildList.indexOf(symbol) != -1): null

2019-08-23 18:49:09 - [TEST_STEP][PASSED] - symbols = symbols: null

2019-08-23 18:49:09 - [TEST_STEP][PASSED] - for ([j = 0, j &lt; symbols.size(), (j++)]): null

2019-08-23 18:49:09 - [TEST_STEP][PASSED] - symbol = symbol: null

2019-08-23 18:49:09 - [TEST_STEP][PASSED] - println(symbol): null

2019-08-23 18:49:09 - [TEST_STEP][PASSED] - if (i == 2 &amp;&amp; wildList.indexOf(symbol) != -1): null

2019-08-23 18:49:09 - [TEST_STEP][PASSED] - if (i == 3 &amp;&amp; wildList.indexOf(symbol) != -1): null

2019-08-23 18:49:09 - [TEST_STEP][PASSED] - if (i == 4 &amp;&amp; wildList.indexOf(symbol) != -1): null

2019-08-23 18:49:09 - [TEST_STEP][PASSED] - symbol = symbol: null

2019-08-23 18:49:09 - [TEST_STEP][PASSED] - println(symbol): null

2019-08-23 18:49:09 - [TEST_STEP][PASSED] - if (i == 2 &amp;&amp; wildList.indexOf(symbol) != -1): null

2019-08-23 18:49:09 - [TEST_STEP][PASSED] - if (i == 3 &amp;&amp; wildList.indexOf(symbol) != -1): null

2019-08-23 18:49:09 - [TEST_STEP][PASSED] - if (i == 4 &amp;&amp; wildList.indexOf(symbol) != -1): null

2019-08-23 18:49:09 - [TEST_STEP][PASSED] - symbol = symbol: null

2019-08-23 18:49:09 - [TEST_STEP][PASSED] - println(symbol): null

2019-08-23 18:49:09 - [TEST_STEP][PASSED] - if (i == 2 &amp;&amp; wildList.indexOf(symbol) != -1): null

2019-08-23 18:49:09 - [TEST_STEP][PASSED] - if (i == 3 &amp;&amp; wildList.indexOf(symbol) != -1): null

2019-08-23 18:49:09 - [TEST_STEP][PASSED] - if (i == 4 &amp;&amp; wildList.indexOf(symbol) != -1): null

2019-08-23 18:49:09 - [TEST_STEP][PASSED] - symbols = symbols: null

2019-08-23 18:49:09 - [TEST_STEP][PASSED] - for ([j = 0, j &lt; symbols.size(), (j++)]): null

2019-08-23 18:49:09 - [TEST_STEP][PASSED] - symbol = symbol: null

2019-08-23 18:49:09 - [TEST_STEP][PASSED] - println(symbol): null

2019-08-23 18:49:09 - [TEST_STEP][PASSED] - if (i == 2 &amp;&amp; wildList.indexOf(symbol) != -1): null

2019-08-23 18:49:09 - [TEST_STEP][PASSED] - if (i == 3 &amp;&amp; wildList.indexOf(symbol) != -1): null

2019-08-23 18:49:09 - [TEST_STEP][PASSED] - if (i == 4 &amp;&amp; wildList.indexOf(symbol) != -1): null

2019-08-23 18:49:09 - [TEST_STEP][PASSED] - symbol = symbol: null

2019-08-23 18:49:09 - [TEST_STEP][PASSED] - println(symbol): null

2019-08-23 18:49:09 - [TEST_STEP][PASSED] - if (i == 2 &amp;&amp; wildList.indexOf(symbol) != -1): null

2019-08-23 18:49:09 - [TEST_STEP][PASSED] - if (i == 3 &amp;&amp; wildList.indexOf(symbol) != -1): null

2019-08-23 18:49:09 - [TEST_STEP][PASSED] - if (i == 4 &amp;&amp; wildList.indexOf(symbol) != -1): null

2019-08-23 18:49:09 - [TEST_STEP][PASSED] - symbol = symbol: null

2019-08-23 18:49:09 - [TEST_STEP][PASSED] - println(symbol): null

2019-08-23 18:49:09 - [TEST_STEP][PASSED] - if (i == 2 &amp;&amp; wildList.indexOf(symbol) != -1): null

2019-08-23 18:49:09 - [TEST_STEP][PASSED] - if (i == 3 &amp;&amp; wildList.indexOf(symbol) != -1): null

2019-08-23 18:49:09 - [TEST_STEP][PASSED] - if (i == 4 &amp;&amp; wildList.indexOf(symbol) != -1): null

2019-08-23 18:49:09 - [TEST_STEP][PASSED] - symbols = symbols: null

2019-08-23 18:49:09 - [TEST_STEP][PASSED] - for ([j = 0, j &lt; symbols.size(), (j++)]): null

2019-08-23 18:49:09 - [TEST_STEP][PASSED] - symbol = symbol: null

2019-08-23 18:49:09 - [TEST_STEP][PASSED] - println(symbol): null

2019-08-23 18:49:09 - [TEST_STEP][PASSED] - if (i == 2 &amp;&amp; wildList.indexOf(symbol) != -1): null

2019-08-23 18:49:09 - [TEST_STEP][PASSED] - if (i == 3 &amp;&amp; wildList.indexOf(symbol) != -1): null

2019-08-23 18:49:09 - [TEST_STEP][PASSED] - if (i == 4 &amp;&amp; wildList.indexOf(symbol) != -1): null

2019-08-23 18:49:09 - [TEST_STEP][PASSED] - symbol = symbol: null

2019-08-23 18:49:09 - [TEST_STEP][PASSED] - println(symbol): null

2019-08-23 18:49:09 - [TEST_STEP][PASSED] - if (i == 2 &amp;&amp; wildList.indexOf(symbol) != -1): null

2019-08-23 18:49:09 - [TEST_STEP][PASSED] - if (i == 3 &amp;&amp; wildList.indexOf(symbol) != -1): null

2019-08-23 18:49:09 - [TEST_STEP][PASSED] - if (i == 4 &amp;&amp; wildList.indexOf(symbol) != -1): null

2019-08-23 18:49:09 - [TEST_STEP][PASSED] - symbol = symbol: null

2019-08-23 18:49:09 - [TEST_STEP][PASSED] - println(symbol): null

2019-08-23 18:49:09 - [TEST_STEP][PASSED] - if (i == 2 &amp;&amp; wildList.indexOf(symbol) != -1): null

2019-08-23 18:49:09 - [TEST_STEP][PASSED] - if (i == 3 &amp;&amp; wildList.indexOf(symbol) != -1): null

2019-08-23 18:49:09 - [TEST_STEP][PASSED] - if (i == 4 &amp;&amp; wildList.indexOf(symbol) != -1): null

2019-08-23 18:49:09 - [TEST_STEP][PASSED] - symbols = symbols: null

2019-08-23 18:49:09 - [TEST_STEP][PASSED] - for ([j = 0, j &lt; symbols.size(), (j++)]): null

2019-08-23 18:49:09 - [TEST_STEP][PASSED] - symbol = symbol: null

2019-08-23 18:49:09 - [TEST_STEP][PASSED] - println(symbol): null

2019-08-23 18:49:09 - [TEST_STEP][PASSED] - if (i == 2 &amp;&amp; wildList.indexOf(symbol) != -1): null

2019-08-23 18:49:09 - [TEST_STEP][PASSED] - if (i == 3 &amp;&amp; wildList.indexOf(symbol) != -1): null

2019-08-23 18:49:09 - [TEST_STEP][PASSED] - if (i == 4 &amp;&amp; wildList.indexOf(symbol) != -1): null

2019-08-23 18:49:09 - [TEST_STEP][PASSED] - symbol = symbol: null

2019-08-23 18:49:09 - [TEST_STEP][PASSED] - println(symbol): null

2019-08-23 18:49:09 - [TEST_STEP][PASSED] - if (i == 2 &amp;&amp; wildList.indexOf(symbol) != -1): null

2019-08-23 18:49:09 - [TEST_STEP][PASSED] - if (i == 3 &amp;&amp; wildList.indexOf(symbol) != -1): null

2019-08-23 18:49:09 - [TEST_STEP][PASSED] - if (i == 4 &amp;&amp; wildList.indexOf(symbol) != -1): null

2019-08-23 18:49:09 - [TEST_STEP][PASSED] - symbol = symbol: null

2019-08-23 18:49:09 - [TEST_STEP][PASSED] - println(symbol): null

2019-08-23 18:49:09 - [TEST_STEP][PASSED] - if (i == 2 &amp;&amp; wildList.indexOf(symbol) != -1): null

2019-08-23 18:49:09 - [TEST_STEP][PASSED] - if (i == 3 &amp;&amp; wildList.indexOf(symbol) != -1): null

2019-08-23 18:49:09 - [TEST_STEP][PASSED] - if (i == 4 &amp;&amp; wildList.indexOf(symbol) != -1): null

2019-08-23 18:49:09 - [TEST_STEP][PASSED] - free_spin_reel_counter = free_spin_reel_counter: null

2019-08-23 18:49:09 - [TEST_STEP][PASSED] - println("reel 3 wild found: " + free_spin_reel_counter[0]): null

2019-08-23 18:49:09 - [TEST_STEP][PASSED] - println("reel 4 wild found: " + free_spin_reel_counter[1]): null

2019-08-23 18:49:09 - [TEST_STEP][PASSED] - println("reel 5 wild found: " + free_spin_reel_counter[2]): null

2019-08-23 18:49:09 - [TEST_STEP][PASSED] - M4_spin_reels = M4_spin_reels: null

2019-08-23 18:49:09 - [TEST_STEP][PASSED] - M4_spin_reels_symbols = symbol: null

2019-08-23 18:49:09 - [TEST_STEP][PASSED] - M4_spin_reels_symbols = M4_spin_reels_symbols: null

2019-08-23 18:49:09 - [TEST_STEP][PASSED] - M4_spin_reel_wins = reel_wins: null

2019-08-23 18:49:09 - [TEST_STEP][PASSED] - M4_spin_reel_wins = M4_spin_reel_wins: null

2019-08-23 18:49:09 - [TEST_STEP][PASSED] - println("GlobalVariable.M4_spin_reel_wins is: " + M4_spin_reel_wins): null

2019-08-23 18:49:09 - [TEST_STEP][PASSED] - M4_spin_total_bonus_win_this_round = total_bonus_win_this_round: null

2019-08-23 18:49:09 - [TEST_STEP][PASSED] - M4_spin_total_bonus_win_this_round = M4_spin_total_bonus_win_this_round: null

2019-08-23 18:49:09 - [TEST_STEP][PASSED] - println("GlobalVariable.M4_spin_total_bonus_win_this_round is: " + M4_spin_total_bonus_win_this_round): null

2019-08-23 18:49:09 - [TEST_STEP][PASSED] - M4_spin_bonus_spin_result = spin_result: null

2019-08-23 18:49:09 - [TEST_STEP][PASSED] - M4_spin_bonus_spin_result = M4_spin_bonus_spin_result: null

2019-08-23 18:49:09 - [MESSAGE][PASSED] - Verify response successfully

2019-08-23 18:49:09 - [MESSAGE][PASSED] - Send request and verify the response successfully

2019-08-23 18:49:09 - [TEST_STEP][PASSED] - if (free_spin_reel_counter[0] &gt;= 1 &amp;&amp; free_spin_reel_counter[1] &gt;= 1 &amp;&amp; free_spin_reel_counter[2] &gt;= 1): null

2019-08-23 18:49:09 - [TEST_STEP][PASSED] - spin_result = sendRequestAndVerify(findTestObject("INT/RGS(M4)/1_M4_spin", ["M4_login_user_id":M4_login_user_id, "rgs_session_token":rgs_session_token, "partner":Partner])): Send request and verify the response successfully

2019-08-23 18:49:09 - [MESSAGE][INFO] - HAR: /Users/eiralee/Katalon_Script/SuperWild/Reports/20190823_184757/INT/superWild_1/20190823_184757/requests/main/15.har

2019-08-23 18:49:09 - [TEST_CASE][PASSED] - Start Test Case : Verification: Verification accomplished successfully

2019-08-23 18:49:09 - [TEST_STEP][PASSED] - request = getInstance().getCurrentRequest(): null

2019-08-23 18:49:09 - [TEST_STEP][PASSED] - response = getInstance().getCurrentResponse(): null

2019-08-23 18:49:09 - [TEST_STEP][PASSED] - verifyResponseStatusCode(response, 200): Verify response status code successfully

2019-08-23 18:49:09 - [MESSAGE][PASSED] - Verify response status code successfully

2019-08-23 18:49:09 - [TEST_STEP][PASSED] - getStatusCode()).isEqualTo(200): null

2019-08-23 18:49:09 - [TEST_STEP][PASSED] - newline = System.getProperty("line.separator"): null

2019-08-23 18:49:09 - [TEST_STEP][PASSED] - M4_spin = new groovy.json.JsonSlurper(): null

2019-08-23 18:49:09 - [TEST_STEP][PASSED] - result_M4_spin = M4_spin.parseText(response.getResponseBodyContent()): null

2019-08-23 18:49:09 - [TEST_STEP][PASSED] - M4_spin_current_balance = current_balance: null

2019-08-23 18:49:09 - [TEST_STEP][PASSED] - M4_spin_current_balance = M4_spin_current_balance: null

2019-08-23 18:49:09 - [TEST_STEP][PASSED] - M4_spin_transaction_id = causality: null

2019-08-23 18:49:09 - [TEST_STEP][PASSED] - M4_spin_transaction_id = M4_spin_transaction_id: null

2019-08-23 18:49:09 - [TEST_STEP][PASSED] - M4_spin_round_id = round_id: null

2019-08-23 18:49:09 - [TEST_STEP][PASSED] - M4_spin_round_id = M4_spin_round_id: null

2019-08-23 18:49:09 - [TEST_STEP][PASSED] - M4_spin_line_wins = line_wins: null

2019-08-23 18:49:09 - [TEST_STEP][PASSED] - M4_spin_line_wins = M4_spin_line_wins: null

2019-08-23 18:49:09 - [TEST_STEP][PASSED] - M4_total_bonus_spins_int = total_bonus_spins: null

2019-08-23 18:49:09 - [TEST_STEP][PASSED] - println("******M4_total_bonus_spins type is:*******" + newline + getClass().getName()): null

2019-08-23 18:49:09 - [TEST_STEP][PASSED] - M4_total_bonus_spins_int = M4_total_bonus_spins_int: null

2019-08-23 18:49:09 - [TEST_STEP][PASSED] - M4_total_bonus_spins = Integer.toString(M4_total_bonus_spins_int): null

2019-08-23 18:49:09 - [TEST_STEP][PASSED] - M4_total_bonus_spins = M4_total_bonus_spins: null

2019-08-23 18:49:09 - [TEST_STEP][PASSED] - println("M4_total_bonus_spins is:" + M4_total_bonus_spins): null

2019-08-23 18:49:09 - [TEST_STEP][PASSED] - M4_spin_bonus_data = bonus_data: null

2019-08-23 18:49:09 - [TEST_STEP][PASSED] - M4_spin_features_triggered = result_M4_spin: null

2019-08-23 18:49:09 - [TEST_STEP][PASSED] - wild = []: null

2019-08-23 18:49:09 - [TEST_STEP][PASSED] - wild[0] = "WILD_Expanding": null

2019-08-23 18:49:09 - [TEST_STEP][PASSED] - wild[1] = "WILD_Normal": null

2019-08-23 18:49:09 - [TEST_STEP][PASSED] - wild[2] = "WILD_Double": null

2019-08-23 18:49:09 - [TEST_STEP][PASSED] - wild[3] = "WILD_ExtraFG": null

2019-08-23 18:49:09 - [TEST_STEP][PASSED] - wild[4] = "WILD_Triple": null

2019-08-23 18:49:09 - [TEST_STEP][PASSED] - wildList = Arrays.asList(wild): null

2019-08-23 18:49:09 - [TEST_STEP][PASSED] - wildList = wildList: null

2019-08-23 18:49:09 - [TEST_STEP][PASSED] - free_spin_reel_counter = []: null

2019-08-23 18:49:09 - [TEST_STEP][PASSED] - free_spin_reel_counter[0] = 0: null

2019-08-23 18:49:09 - [TEST_STEP][PASSED] - free_spin_reel_counter[1] = 0: null

2019-08-23 18:49:09 - [TEST_STEP][PASSED] - free_spin_reel_counter[2] = 0: null

2019-08-23 18:49:09 - [TEST_STEP][PASSED] - M4_spin_reels = reels: null

2019-08-23 18:49:09 - [TEST_STEP][PASSED] - for ([i = 0, i &lt; M4_spin_reels.size(), (i++)]): null

2019-08-23 18:49:09 - [TEST_STEP][PASSED] - symbols = symbols: null

2019-08-23 18:49:09 - [TEST_STEP][PASSED] - for ([j = 0, j &lt; symbols.size(), (j++)]): null

2019-08-23 18:49:09 - [TEST_STEP][PASSED] - symbol = symbol: null

2019-08-23 18:49:09 - [TEST_STEP][PASSED] - println(symbol): null

2019-08-23 18:49:09 - [TEST_STEP][PASSED] - if (i == 2 &amp;&amp; wildList.indexOf(symbol) != -1): null

2019-08-23 18:49:09 - [TEST_STEP][PASSED] - if (i == 3 &amp;&amp; wildList.indexOf(symbol) != -1): null

2019-08-23 18:49:09 - [TEST_STEP][PASSED] - if (i == 4 &amp;&amp; wildList.indexOf(symbol) != -1): null

2019-08-23 18:49:09 - [TEST_STEP][PASSED] - symbol = symbol: null

2019-08-23 18:49:09 - [TEST_STEP][PASSED] - println(symbol): null

2019-08-23 18:49:09 - [TEST_STEP][PASSED] - if (i == 2 &amp;&amp; wildList.indexOf(symbol) != -1): null

2019-08-23 18:49:09 - [TEST_STEP][PASSED] - if (i == 3 &amp;&amp; wildList.indexOf(symbol) != -1): null

2019-08-23 18:49:09 - [TEST_STEP][PASSED] - if (i == 4 &amp;&amp; wildList.indexOf(symbol) != -1): null

2019-08-23 18:49:09 - [TEST_STEP][PASSED] - symbol = symbol: null

2019-08-23 18:49:09 - [TEST_STEP][PASSED] - println(symbol): null

2019-08-23 18:49:09 - [TEST_STEP][PASSED] - if (i == 2 &amp;&amp; wildList.indexOf(symbol) != -1): null

2019-08-23 18:49:09 - [TEST_STEP][PASSED] - if (i == 3 &amp;&amp; wildList.indexOf(symbol) != -1): null

2019-08-23 18:49:09 - [TEST_STEP][PASSED] - if (i == 4 &amp;&amp; wildList.indexOf(symbol) != -1): null

2019-08-23 18:49:09 - [TEST_STEP][PASSED] - symbols = symbols: null

2019-08-23 18:49:09 - [TEST_STEP][PASSED] - for ([j = 0, j &lt; symbols.size(), (j++)]): null

2019-08-23 18:49:09 - [TEST_STEP][PASSED] - symbol = symbol: null

2019-08-23 18:49:09 - [TEST_STEP][PASSED] - println(symbol): null

2019-08-23 18:49:09 - [TEST_STEP][PASSED] - if (i == 2 &amp;&amp; wildList.indexOf(symbol) != -1): null

2019-08-23 18:49:09 - [TEST_STEP][PASSED] - if (i == 3 &amp;&amp; wildList.indexOf(symbol) != -1): null

2019-08-23 18:49:09 - [TEST_STEP][PASSED] - if (i == 4 &amp;&amp; wildList.indexOf(symbol) != -1): null

2019-08-23 18:49:09 - [TEST_STEP][PASSED] - symbol = symbol: null

2019-08-23 18:49:09 - [TEST_STEP][PASSED] - println(symbol): null

2019-08-23 18:49:09 - [TEST_STEP][PASSED] - if (i == 2 &amp;&amp; wildList.indexOf(symbol) != -1): null

2019-08-23 18:49:09 - [TEST_STEP][PASSED] - if (i == 3 &amp;&amp; wildList.indexOf(symbol) != -1): null

2019-08-23 18:49:09 - [TEST_STEP][PASSED] - if (i == 4 &amp;&amp; wildList.indexOf(symbol) != -1): null

2019-08-23 18:49:09 - [TEST_STEP][PASSED] - symbol = symbol: null

2019-08-23 18:49:09 - [TEST_STEP][PASSED] - println(symbol): null

2019-08-23 18:49:09 - [TEST_STEP][PASSED] - if (i == 2 &amp;&amp; wildList.indexOf(symbol) != -1): null

2019-08-23 18:49:09 - [TEST_STEP][PASSED] - if (i == 3 &amp;&amp; wildList.indexOf(symbol) != -1): null

2019-08-23 18:49:09 - [TEST_STEP][PASSED] - if (i == 4 &amp;&amp; wildList.indexOf(symbol) != -1): null

2019-08-23 18:49:09 - [TEST_STEP][PASSED] - symbols = symbols: null

2019-08-23 18:49:09 - [TEST_STEP][PASSED] - for ([j = 0, j &lt; symbols.size(), (j++)]): null

2019-08-23 18:49:09 - [TEST_STEP][PASSED] - symbol = symbol: null

2019-08-23 18:49:09 - [TEST_STEP][PASSED] - println(symbol): null

2019-08-23 18:49:09 - [TEST_STEP][PASSED] - if (i == 2 &amp;&amp; wildList.indexOf(symbol) != -1): null

2019-08-23 18:49:09 - [TEST_STEP][PASSED] - println("wild found on reel 3, adding counter by 1"): null

2019-08-23 18:49:09 - [TEST_STEP][PASSED] - free_spin_reel_counter[0] = free_spin_reel_counter[0] + 1: null

2019-08-23 18:49:09 - [TEST_STEP][PASSED] - if (i == 3 &amp;&amp; wildList.indexOf(symbol) != -1): null

2019-08-23 18:49:09 - [TEST_STEP][PASSED] - if (i == 4 &amp;&amp; wildList.indexOf(symbol) != -1): null

2019-08-23 18:49:09 - [TEST_STEP][PASSED] - symbol = symbol: null

2019-08-23 18:49:09 - [TEST_STEP][PASSED] - println(symbol): null

2019-08-23 18:49:09 - [TEST_STEP][PASSED] - if (i == 2 &amp;&amp; wildList.indexOf(symbol) != -1): null

2019-08-23 18:49:09 - [TEST_STEP][PASSED] - if (i == 3 &amp;&amp; wildList.indexOf(symbol) != -1): null

2019-08-23 18:49:09 - [TEST_STEP][PASSED] - if (i == 4 &amp;&amp; wildList.indexOf(symbol) != -1): null

2019-08-23 18:49:09 - [TEST_STEP][PASSED] - symbol = symbol: null

2019-08-23 18:49:09 - [TEST_STEP][PASSED] - println(symbol): null

2019-08-23 18:49:09 - [TEST_STEP][PASSED] - if (i == 2 &amp;&amp; wildList.indexOf(symbol) != -1): null

2019-08-23 18:49:09 - [TEST_STEP][PASSED] - if (i == 3 &amp;&amp; wildList.indexOf(symbol) != -1): null

2019-08-23 18:49:09 - [TEST_STEP][PASSED] - if (i == 4 &amp;&amp; wildList.indexOf(symbol) != -1): null

2019-08-23 18:49:09 - [TEST_STEP][PASSED] - symbols = symbols: null

2019-08-23 18:49:09 - [TEST_STEP][PASSED] - for ([j = 0, j &lt; symbols.size(), (j++)]): null

2019-08-23 18:49:09 - [TEST_STEP][PASSED] - symbol = symbol: null

2019-08-23 18:49:09 - [TEST_STEP][PASSED] - println(symbol): null

2019-08-23 18:49:09 - [TEST_STEP][PASSED] - if (i == 2 &amp;&amp; wildList.indexOf(symbol) != -1): null

2019-08-23 18:49:09 - [TEST_STEP][PASSED] - if (i == 3 &amp;&amp; wildList.indexOf(symbol) != -1): null

2019-08-23 18:49:09 - [TEST_STEP][PASSED] - if (i == 4 &amp;&amp; wildList.indexOf(symbol) != -1): null

2019-08-23 18:49:09 - [TEST_STEP][PASSED] - symbol = symbol: null

2019-08-23 18:49:09 - [TEST_STEP][PASSED] - println(symbol): null

2019-08-23 18:49:09 - [TEST_STEP][PASSED] - if (i == 2 &amp;&amp; wildList.indexOf(symbol) != -1): null

2019-08-23 18:49:09 - [TEST_STEP][PASSED] - if (i == 3 &amp;&amp; wildList.indexOf(symbol) != -1): null

2019-08-23 18:49:09 - [TEST_STEP][PASSED] - println("wild found on reel 4, adding counter by 1"): null

2019-08-23 18:49:09 - [TEST_STEP][PASSED] - free_spin_reel_counter[1] = free_spin_reel_counter[1] + 1: null

2019-08-23 18:49:09 - [TEST_STEP][PASSED] - if (i == 4 &amp;&amp; wildList.indexOf(symbol) != -1): null

2019-08-23 18:49:09 - [TEST_STEP][PASSED] - symbol = symbol: null

2019-08-23 18:49:09 - [TEST_STEP][PASSED] - println(symbol): null

2019-08-23 18:49:09 - [TEST_STEP][PASSED] - if (i == 2 &amp;&amp; wildList.indexOf(symbol) != -1): null

2019-08-23 18:49:09 - [TEST_STEP][PASSED] - if (i == 3 &amp;&amp; wildList.indexOf(symbol) != -1): null

2019-08-23 18:49:09 - [TEST_STEP][PASSED] - if (i == 4 &amp;&amp; wildList.indexOf(symbol) != -1): null

2019-08-23 18:49:09 - [TEST_STEP][PASSED] - symbols = symbols: null

2019-08-23 18:49:09 - [TEST_STEP][PASSED] - for ([j = 0, j &lt; symbols.size(), (j++)]): null

2019-08-23 18:49:09 - [TEST_STEP][PASSED] - symbol = symbol: null

2019-08-23 18:49:09 - [TEST_STEP][PASSED] - println(symbol): null

2019-08-23 18:49:09 - [TEST_STEP][PASSED] - if (i == 2 &amp;&amp; wildList.indexOf(symbol) != -1): null

2019-08-23 18:49:09 - [TEST_STEP][PASSED] - if (i == 3 &amp;&amp; wildList.indexOf(symbol) != -1): null

2019-08-23 18:49:09 - [TEST_STEP][PASSED] - if (i == 4 &amp;&amp; wildList.indexOf(symbol) != -1): null

2019-08-23 18:49:09 - [TEST_STEP][PASSED] - symbol = symbol: null

2019-08-23 18:49:09 - [TEST_STEP][PASSED] - println(symbol): null

2019-08-23 18:49:09 - [TEST_STEP][PASSED] - if (i == 2 &amp;&amp; wildList.indexOf(symbol) != -1): null

2019-08-23 18:49:09 - [TEST_STEP][PASSED] - if (i == 3 &amp;&amp; wildList.indexOf(symbol) != -1): null

2019-08-23 18:49:09 - [TEST_STEP][PASSED] - if (i == 4 &amp;&amp; wildList.indexOf(symbol) != -1): null

2019-08-23 18:49:09 - [TEST_STEP][PASSED] - symbol = symbol: null

2019-08-23 18:49:09 - [TEST_STEP][PASSED] - println(symbol): null

2019-08-23 18:49:09 - [TEST_STEP][PASSED] - if (i == 2 &amp;&amp; wildList.indexOf(symbol) != -1): null

2019-08-23 18:49:09 - [TEST_STEP][PASSED] - if (i == 3 &amp;&amp; wildList.indexOf(symbol) != -1): null

2019-08-23 18:49:09 - [TEST_STEP][PASSED] - if (i == 4 &amp;&amp; wildList.indexOf(symbol) != -1): null

2019-08-23 18:49:09 - [TEST_STEP][PASSED] - free_spin_reel_counter = free_spin_reel_counter: null

2019-08-23 18:49:09 - [TEST_STEP][PASSED] - println("reel 3 wild found: " + free_spin_reel_counter[0]): null

2019-08-23 18:49:09 - [TEST_STEP][PASSED] - println("reel 4 wild found: " + free_spin_reel_counter[1]): null

2019-08-23 18:49:09 - [TEST_STEP][PASSED] - println("reel 5 wild found: " + free_spin_reel_counter[2]): null

2019-08-23 18:49:09 - [TEST_STEP][PASSED] - M4_spin_reels = M4_spin_reels: null

2019-08-23 18:49:09 - [TEST_STEP][PASSED] - M4_spin_reels_symbols = symbol: null

2019-08-23 18:49:09 - [TEST_STEP][PASSED] - M4_spin_reels_symbols = M4_spin_reels_symbols: null

2019-08-23 18:49:09 - [TEST_STEP][PASSED] - M4_spin_reel_wins = reel_wins: null

2019-08-23 18:49:09 - [TEST_STEP][PASSED] - M4_spin_reel_wins = M4_spin_reel_wins: null

2019-08-23 18:49:09 - [TEST_STEP][PASSED] - println("GlobalVariable.M4_spin_reel_wins is: " + M4_spin_reel_wins): null

2019-08-23 18:49:09 - [TEST_STEP][PASSED] - M4_spin_total_bonus_win_this_round = total_bonus_win_this_round: null

2019-08-23 18:49:09 - [TEST_STEP][PASSED] - M4_spin_total_bonus_win_this_round = M4_spin_total_bonus_win_this_round: null

2019-08-23 18:49:09 - [TEST_STEP][PASSED] - println("GlobalVariable.M4_spin_total_bonus_win_this_round is: " + M4_spin_total_bonus_win_this_round): null

2019-08-23 18:49:09 - [TEST_STEP][PASSED] - M4_spin_bonus_spin_result = spin_result: null

2019-08-23 18:49:09 - [TEST_STEP][PASSED] - M4_spin_bonus_spin_result = M4_spin_bonus_spin_result: null

2019-08-23 18:49:09 - [MESSAGE][PASSED] - Verify response successfully

2019-08-23 18:49:09 - [MESSAGE][PASSED] - Send request and verify the response successfully

2019-08-23 18:49:09 - [TEST_STEP][PASSED] - if (free_spin_reel_counter[0] &gt;= 1 &amp;&amp; free_spin_reel_counter[1] &gt;= 1 &amp;&amp; free_spin_reel_counter[2] &gt;= 1): null

2019-08-23 18:49:09 - [TEST_STEP][PASSED] - spin_result = sendRequestAndVerify(findTestObject("INT/RGS(M4)/1_M4_spin", ["M4_login_user_id":M4_login_user_id, "rgs_session_token":rgs_session_token, "partner":Partner])): Send request and verify the response successfully

2019-08-23 18:49:10 - [MESSAGE][INFO] - HAR: /Users/eiralee/Katalon_Script/SuperWild/Reports/20190823_184757/INT/superWild_1/20190823_184757/requests/main/16.har

2019-08-23 18:49:10 - [TEST_CASE][PASSED] - Start Test Case : Verification: Verification accomplished successfully

2019-08-23 18:49:10 - [TEST_STEP][PASSED] - request = getInstance().getCurrentRequest(): null

2019-08-23 18:49:10 - [TEST_STEP][PASSED] - response = getInstance().getCurrentResponse(): null

2019-08-23 18:49:10 - [TEST_STEP][PASSED] - verifyResponseStatusCode(response, 200): Verify response status code successfully

2019-08-23 18:49:10 - [MESSAGE][PASSED] - Verify response status code successfully

2019-08-23 18:49:10 - [TEST_STEP][PASSED] - getStatusCode()).isEqualTo(200): null

2019-08-23 18:49:10 - [TEST_STEP][PASSED] - newline = System.getProperty("line.separator"): null

2019-08-23 18:49:10 - [TEST_STEP][PASSED] - M4_spin = new groovy.json.JsonSlurper(): null

2019-08-23 18:49:10 - [TEST_STEP][PASSED] - result_M4_spin = M4_spin.parseText(response.getResponseBodyContent()): null

2019-08-23 18:49:10 - [TEST_STEP][PASSED] - M4_spin_current_balance = current_balance: null

2019-08-23 18:49:10 - [TEST_STEP][PASSED] - M4_spin_current_balance = M4_spin_current_balance: null

2019-08-23 18:49:10 - [TEST_STEP][PASSED] - M4_spin_transaction_id = causality: null

2019-08-23 18:49:10 - [TEST_STEP][PASSED] - M4_spin_transaction_id = M4_spin_transaction_id: null

2019-08-23 18:49:10 - [TEST_STEP][PASSED] - M4_spin_round_id = round_id: null

2019-08-23 18:49:10 - [TEST_STEP][PASSED] - M4_spin_round_id = M4_spin_round_id: null

2019-08-23 18:49:10 - [TEST_STEP][PASSED] - M4_spin_line_wins = line_wins: null

2019-08-23 18:49:10 - [TEST_STEP][PASSED] - M4_spin_line_wins = M4_spin_line_wins: null

2019-08-23 18:49:10 - [TEST_STEP][PASSED] - M4_total_bonus_spins_int = total_bonus_spins: null

2019-08-23 18:49:10 - [TEST_STEP][PASSED] - println("******M4_total_bonus_spins type is:*******" + newline + getClass().getName()): null

2019-08-23 18:49:10 - [TEST_STEP][PASSED] - M4_total_bonus_spins_int = M4_total_bonus_spins_int: null

2019-08-23 18:49:10 - [TEST_STEP][PASSED] - M4_total_bonus_spins = Integer.toString(M4_total_bonus_spins_int): null

2019-08-23 18:49:10 - [TEST_STEP][PASSED] - M4_total_bonus_spins = M4_total_bonus_spins: null

2019-08-23 18:49:10 - [TEST_STEP][PASSED] - println("M4_total_bonus_spins is:" + M4_total_bonus_spins): null

2019-08-23 18:49:10 - [TEST_STEP][PASSED] - M4_spin_bonus_data = bonus_data: null

2019-08-23 18:49:10 - [TEST_STEP][PASSED] - M4_spin_features_triggered = result_M4_spin: null

2019-08-23 18:49:10 - [TEST_STEP][PASSED] - wild = []: null

2019-08-23 18:49:10 - [TEST_STEP][PASSED] - wild[0] = "WILD_Expanding": null

2019-08-23 18:49:10 - [TEST_STEP][PASSED] - wild[1] = "WILD_Normal": null

2019-08-23 18:49:10 - [TEST_STEP][PASSED] - wild[2] = "WILD_Double": null

2019-08-23 18:49:10 - [TEST_STEP][PASSED] - wild[3] = "WILD_ExtraFG": null

2019-08-23 18:49:10 - [TEST_STEP][PASSED] - wild[4] = "WILD_Triple": null

2019-08-23 18:49:10 - [TEST_STEP][PASSED] - wildList = Arrays.asList(wild): null

2019-08-23 18:49:10 - [TEST_STEP][PASSED] - wildList = wildList: null

2019-08-23 18:49:10 - [TEST_STEP][PASSED] - free_spin_reel_counter = []: null

2019-08-23 18:49:10 - [TEST_STEP][PASSED] - free_spin_reel_counter[0] = 0: null

2019-08-23 18:49:10 - [TEST_STEP][PASSED] - free_spin_reel_counter[1] = 0: null

2019-08-23 18:49:10 - [TEST_STEP][PASSED] - free_spin_reel_counter[2] = 0: null

2019-08-23 18:49:10 - [TEST_STEP][PASSED] - M4_spin_reels = reels: null

2019-08-23 18:49:10 - [TEST_STEP][PASSED] - for ([i = 0, i &lt; M4_spin_reels.size(), (i++)]): null

2019-08-23 18:49:10 - [TEST_STEP][PASSED] - symbols = symbols: null

2019-08-23 18:49:10 - [TEST_STEP][PASSED] - for ([j = 0, j &lt; symbols.size(), (j++)]): null

2019-08-23 18:49:10 - [TEST_STEP][PASSED] - symbol = symbol: null

2019-08-23 18:49:10 - [TEST_STEP][PASSED] - println(symbol): null

2019-08-23 18:49:10 - [TEST_STEP][PASSED] - if (i == 2 &amp;&amp; wildList.indexOf(symbol) != -1): null

2019-08-23 18:49:10 - [TEST_STEP][PASSED] - if (i == 3 &amp;&amp; wildList.indexOf(symbol) != -1): null

2019-08-23 18:49:10 - [TEST_STEP][PASSED] - if (i == 4 &amp;&amp; wildList.indexOf(symbol) != -1): null

2019-08-23 18:49:10 - [TEST_STEP][PASSED] - symbol = symbol: null

2019-08-23 18:49:10 - [TEST_STEP][PASSED] - println(symbol): null

2019-08-23 18:49:10 - [TEST_STEP][PASSED] - if (i == 2 &amp;&amp; wildList.indexOf(symbol) != -1): null

2019-08-23 18:49:10 - [TEST_STEP][PASSED] - if (i == 3 &amp;&amp; wildList.indexOf(symbol) != -1): null

2019-08-23 18:49:10 - [TEST_STEP][PASSED] - if (i == 4 &amp;&amp; wildList.indexOf(symbol) != -1): null

2019-08-23 18:49:10 - [TEST_STEP][PASSED] - symbol = symbol: null

2019-08-23 18:49:10 - [TEST_STEP][PASSED] - println(symbol): null

2019-08-23 18:49:10 - [TEST_STEP][PASSED] - if (i == 2 &amp;&amp; wildList.indexOf(symbol) != -1): null

2019-08-23 18:49:10 - [TEST_STEP][PASSED] - if (i == 3 &amp;&amp; wildList.indexOf(symbol) != -1): null

2019-08-23 18:49:10 - [TEST_STEP][PASSED] - if (i == 4 &amp;&amp; wildList.indexOf(symbol) != -1): null

2019-08-23 18:49:10 - [TEST_STEP][PASSED] - symbols = symbols: null

2019-08-23 18:49:10 - [TEST_STEP][PASSED] - for ([j = 0, j &lt; symbols.size(), (j++)]): null

2019-08-23 18:49:10 - [TEST_STEP][PASSED] - symbol = symbol: null

2019-08-23 18:49:10 - [TEST_STEP][PASSED] - println(symbol): null

2019-08-23 18:49:10 - [TEST_STEP][PASSED] - if (i == 2 &amp;&amp; wildList.indexOf(symbol) != -1): null

2019-08-23 18:49:10 - [TEST_STEP][PASSED] - if (i == 3 &amp;&amp; wildList.indexOf(symbol) != -1): null

2019-08-23 18:49:10 - [TEST_STEP][PASSED] - if (i == 4 &amp;&amp; wildList.indexOf(symbol) != -1): null

2019-08-23 18:49:10 - [TEST_STEP][PASSED] - symbol = symbol: null

2019-08-23 18:49:10 - [TEST_STEP][PASSED] - println(symbol): null

2019-08-23 18:49:10 - [TEST_STEP][PASSED] - if (i == 2 &amp;&amp; wildList.indexOf(symbol) != -1): null

2019-08-23 18:49:10 - [TEST_STEP][PASSED] - if (i == 3 &amp;&amp; wildList.indexOf(symbol) != -1): null

2019-08-23 18:49:10 - [TEST_STEP][PASSED] - if (i == 4 &amp;&amp; wildList.indexOf(symbol) != -1): null

2019-08-23 18:49:10 - [TEST_STEP][PASSED] - symbol = symbol: null

2019-08-23 18:49:10 - [TEST_STEP][PASSED] - println(symbol): null

2019-08-23 18:49:10 - [TEST_STEP][PASSED] - if (i == 2 &amp;&amp; wildList.indexOf(symbol) != -1): null

2019-08-23 18:49:10 - [TEST_STEP][PASSED] - if (i == 3 &amp;&amp; wildList.indexOf(symbol) != -1): null

2019-08-23 18:49:10 - [TEST_STEP][PASSED] - if (i == 4 &amp;&amp; wildList.indexOf(symbol) != -1): null

2019-08-23 18:49:10 - [TEST_STEP][PASSED] - symbols = symbols: null

2019-08-23 18:49:10 - [TEST_STEP][PASSED] - for ([j = 0, j &lt; symbols.size(), (j++)]): null

2019-08-23 18:49:10 - [TEST_STEP][PASSED] - symbol = symbol: null

2019-08-23 18:49:10 - [TEST_STEP][PASSED] - println(symbol): null

2019-08-23 18:49:10 - [TEST_STEP][PASSED] - if (i == 2 &amp;&amp; wildList.indexOf(symbol) != -1): null

2019-08-23 18:49:10 - [TEST_STEP][PASSED] - if (i == 3 &amp;&amp; wildList.indexOf(symbol) != -1): null

2019-08-23 18:49:10 - [TEST_STEP][PASSED] - if (i == 4 &amp;&amp; wildList.indexOf(symbol) != -1): null

2019-08-23 18:49:10 - [TEST_STEP][PASSED] - symbol = symbol: null

2019-08-23 18:49:10 - [TEST_STEP][PASSED] - println(symbol): null

2019-08-23 18:49:10 - [TEST_STEP][PASSED] - if (i == 2 &amp;&amp; wildList.indexOf(symbol) != -1): null

2019-08-23 18:49:10 - [TEST_STEP][PASSED] - if (i == 3 &amp;&amp; wildList.indexOf(symbol) != -1): null

2019-08-23 18:49:10 - [TEST_STEP][PASSED] - if (i == 4 &amp;&amp; wildList.indexOf(symbol) != -1): null

2019-08-23 18:49:10 - [TEST_STEP][PASSED] - symbol = symbol: null

2019-08-23 18:49:10 - [TEST_STEP][PASSED] - println(symbol): null

2019-08-23 18:49:10 - [TEST_STEP][PASSED] - if (i == 2 &amp;&amp; wildList.indexOf(symbol) != -1): null

2019-08-23 18:49:10 - [TEST_STEP][PASSED] - if (i == 3 &amp;&amp; wildList.indexOf(symbol) != -1): null

2019-08-23 18:49:10 - [TEST_STEP][PASSED] - if (i == 4 &amp;&amp; wildList.indexOf(symbol) != -1): null

2019-08-23 18:49:10 - [TEST_STEP][PASSED] - symbols = symbols: null

2019-08-23 18:49:14 - [TEST_STEP][PASSED] - for ([j = 0, j &lt; symbols.size(), (j++)]): null

2019-08-23 18:49:28 - [TEST_STEP][PASSED] - symbol = symbol: null

2019-08-23 18:49:28 - [TEST_STEP][PASSED] - println(symbol): null

2019-08-23 18:49:28 - [TEST_STEP][PASSED] - if (i == 2 &amp;&amp; wildList.indexOf(symbol) != -1): null

2019-08-23 18:49:28 - [TEST_STEP][PASSED] - if (i == 3 &amp;&amp; wildList.indexOf(symbol) != -1): null

2019-08-23 18:49:28 - [TEST_STEP][PASSED] - if (i == 4 &amp;&amp; wildList.indexOf(symbol) != -1): null

2019-08-23 18:49:28 - [TEST_STEP][PASSED] - symbol = symbol: null

2019-08-23 18:49:28 - [TEST_STEP][PASSED] - println(symbol): null

2019-08-23 18:49:28 - [TEST_STEP][PASSED] - if (i == 2 &amp;&amp; wildList.indexOf(symbol) != -1): null

2019-08-23 18:49:28 - [TEST_STEP][PASSED] - if (i == 3 &amp;&amp; wildList.indexOf(symbol) != -1): null

2019-08-23 18:49:28 - [TEST_STEP][PASSED] - if (i == 4 &amp;&amp; wildList.indexOf(symbol) != -1): null

2019-08-23 18:49:28 - [TEST_STEP][PASSED] - symbol = symbol: null

2019-08-23 18:49:28 - [TEST_STEP][PASSED] - println(symbol): null

2019-08-23 18:49:28 - [TEST_STEP][PASSED] - if (i == 2 &amp;&amp; wildList.indexOf(symbol) != -1): null

2019-08-23 18:49:28 - [TEST_STEP][PASSED] - if (i == 3 &amp;&amp; wildList.indexOf(symbol) != -1): null

2019-08-23 18:49:28 - [TEST_STEP][PASSED] - if (i == 4 &amp;&amp; wildList.indexOf(symbol) != -1): null

2019-08-23 18:49:28 - [TEST_STEP][PASSED] - symbols = symbols: null

2019-08-23 18:49:28 - [TEST_STEP][PASSED] - for ([j = 0, j &lt; symbols.size(), (j++)]): null

2019-08-23 18:49:28 - [TEST_STEP][PASSED] - symbol = symbol: null

2019-08-23 18:49:28 - [TEST_STEP][PASSED] - println(symbol): null

2019-08-23 18:49:28 - [TEST_STEP][PASSED] - if (i == 2 &amp;&amp; wildList.indexOf(symbol) != -1): null

2019-08-23 18:49:28 - [TEST_STEP][PASSED] - if (i == 3 &amp;&amp; wildList.indexOf(symbol) != -1): null

2019-08-23 18:49:28 - [TEST_STEP][PASSED] - if (i == 4 &amp;&amp; wildList.indexOf(symbol) != -1): null

2019-08-23 18:49:28 - [TEST_STEP][PASSED] - symbol = symbol: null

2019-08-23 18:49:28 - [TEST_STEP][PASSED] - println(symbol): null

2019-08-23 18:49:28 - [TEST_STEP][PASSED] - if (i == 2 &amp;&amp; wildList.indexOf(symbol) != -1): null

2019-08-23 18:49:28 - [TEST_STEP][PASSED] - if (i == 3 &amp;&amp; wildList.indexOf(symbol) != -1): null

2019-08-23 18:49:28 - [TEST_STEP][PASSED] - if (i == 4 &amp;&amp; wildList.indexOf(symbol) != -1): null

2019-08-23 18:49:28 - [TEST_STEP][PASSED] - symbol = symbol: null

2019-08-23 18:49:28 - [TEST_STEP][PASSED] - println(symbol): null

2019-08-23 18:49:28 - [TEST_STEP][PASSED] - if (i == 2 &amp;&amp; wildList.indexOf(symbol) != -1): null

2019-08-23 18:49:28 - [TEST_STEP][PASSED] - if (i == 3 &amp;&amp; wildList.indexOf(symbol) != -1): null

2019-08-23 18:49:28 - [TEST_STEP][PASSED] - if (i == 4 &amp;&amp; wildList.indexOf(symbol) != -1): null

2019-08-23 18:49:28 - [TEST_STEP][PASSED] - println("wild found on reel 5, adding counter by 1"): null

2019-08-23 18:49:28 - [TEST_STEP][PASSED] - free_spin_reel_counter[2] = free_spin_reel_counter[2] + 1: null

2019-08-23 18:49:28 - [TEST_STEP][PASSED] - free_spin_reel_counter = free_spin_reel_counter: null

2019-08-23 18:49:28 - [TEST_STEP][PASSED] - println("reel 3 wild found: " + free_spin_reel_counter[0]): null

2019-08-23 18:49:28 - [TEST_STEP][PASSED] - println("reel 4 wild found: " + free_spin_reel_counter[1]): null

2019-08-23 18:49:28 - [TEST_STEP][PASSED] - println("reel 5 wild found: " + free_spin_reel_counter[2]): null

2019-08-23 18:49:28 - [TEST_STEP][PASSED] - M4_spin_reels = M4_spin_reels: null

2019-08-23 18:49:28 - [TEST_STEP][PASSED] - M4_spin_reels_symbols = symbol: null

2019-08-23 18:49:28 - [TEST_STEP][PASSED] - M4_spin_reels_symbols = M4_spin_reels_symbols: null

2019-08-23 18:49:28 - [TEST_STEP][PASSED] - M4_spin_reel_wins = reel_wins: null

2019-08-23 18:49:28 - [TEST_STEP][PASSED] - M4_spin_reel_wins = M4_spin_reel_wins: null

2019-08-23 18:49:28 - [TEST_STEP][PASSED] - println("GlobalVariable.M4_spin_reel_wins is: " + M4_spin_reel_wins): null

2019-08-23 18:49:28 - [TEST_STEP][PASSED] - M4_spin_total_bonus_win_this_round = total_bonus_win_this_round: null

2019-08-23 18:49:28 - [TEST_STEP][PASSED] - M4_spin_total_bonus_win_this_round = M4_spin_total_bonus_win_this_round: null

2019-08-23 18:49:28 - [TEST_STEP][PASSED] - println("GlobalVariable.M4_spin_total_bonus_win_this_round is: " + M4_spin_total_bonus_win_this_round): null

2019-08-23 18:49:28 - [TEST_STEP][PASSED] - M4_spin_bonus_spin_result = spin_result: null

2019-08-23 18:49:28 - [TEST_STEP][PASSED] - M4_spin_bonus_spin_result = M4_spin_bonus_spin_result: null

2019-08-23 18:49:28 - [MESSAGE][PASSED] - Verify response successfully

2019-08-23 18:49:28 - [MESSAGE][PASSED] - Send request and verify the response successfully

2019-08-23 18:49:28 - [TEST_STEP][PASSED] - if (free_spin_reel_counter[0] &gt;= 1 &amp;&amp; free_spin_reel_counter[1] &gt;= 1 &amp;&amp; free_spin_reel_counter[2] &gt;= 1): null

2019-08-23 18:49:28 - [TEST_STEP][PASSED] - spin_result = sendRequestAndVerify(findTestObject("INT/RGS(M4)/1_M4_spin", ["M4_login_user_id":M4_login_user_id, "rgs_session_token":rgs_session_token, "partner":Partner])): Send request and verify the response successfully

2019-08-23 18:49:28 - [MESSAGE][INFO] - HAR: /Users/eiralee/Katalon_Script/SuperWild/Reports/20190823_184757/INT/superWild_1/20190823_184757/requests/main/17.har

2019-08-23 18:49:28 - [TEST_CASE][PASSED] - Start Test Case : Verification: Verification accomplished successfully

2019-08-23 18:49:28 - [TEST_STEP][PASSED] - request = getInstance().getCurrentRequest(): null

2019-08-23 18:49:28 - [TEST_STEP][PASSED] - response = getInstance().getCurrentResponse(): null

2019-08-23 18:49:28 - [TEST_STEP][PASSED] - verifyResponseStatusCode(response, 200): Verify response status code successfully

2019-08-23 18:49:28 - [MESSAGE][PASSED] - Verify response status code successfully

2019-08-23 18:49:28 - [TEST_STEP][PASSED] - getStatusCode()).isEqualTo(200): null

2019-08-23 18:49:28 - [TEST_STEP][PASSED] - newline = System.getProperty("line.separator"): null

2019-08-23 18:49:28 - [TEST_STEP][PASSED] - M4_spin = new groovy.json.JsonSlurper(): null

2019-08-23 18:49:28 - [TEST_STEP][PASSED] - result_M4_spin = M4_spin.parseText(response.getResponseBodyContent()): null

2019-08-23 18:49:28 - [TEST_STEP][PASSED] - M4_spin_current_balance = current_balance: null

2019-08-23 18:49:28 - [TEST_STEP][PASSED] - M4_spin_current_balance = M4_spin_current_balance: null

2019-08-23 18:49:28 - [TEST_STEP][PASSED] - M4_spin_transaction_id = causality: null

2019-08-23 18:49:28 - [TEST_STEP][PASSED] - M4_spin_transaction_id = M4_spin_transaction_id: null

2019-08-23 18:49:28 - [TEST_STEP][PASSED] - M4_spin_round_id = round_id: null

2019-08-23 18:49:28 - [TEST_STEP][PASSED] - M4_spin_round_id = M4_spin_round_id: null

2019-08-23 18:49:28 - [TEST_STEP][PASSED] - M4_spin_line_wins = line_wins: null

2019-08-23 18:49:28 - [TEST_STEP][PASSED] - M4_spin_line_wins = M4_spin_line_wins: null

2019-08-23 18:49:28 - [TEST_STEP][PASSED] - M4_total_bonus_spins_int = total_bonus_spins: null

2019-08-23 18:49:28 - [TEST_STEP][PASSED] - println("******M4_total_bonus_spins type is:*******" + newline + getClass().getName()): null

2019-08-23 18:49:28 - [TEST_STEP][PASSED] - M4_total_bonus_spins_int = M4_total_bonus_spins_int: null

2019-08-23 18:49:28 - [TEST_STEP][PASSED] - M4_total_bonus_spins = Integer.toString(M4_total_bonus_spins_int): null

2019-08-23 18:49:28 - [TEST_STEP][PASSED] - M4_total_bonus_spins = M4_total_bonus_spins: null

2019-08-23 18:49:28 - [TEST_STEP][PASSED] - println("M4_total_bonus_spins is:" + M4_total_bonus_spins): null

2019-08-23 18:49:28 - [TEST_STEP][PASSED] - M4_spin_bonus_data = bonus_data: null

2019-08-23 18:49:28 - [TEST_STEP][PASSED] - M4_spin_features_triggered = result_M4_spin: null

2019-08-23 18:49:28 - [TEST_STEP][PASSED] - wild = []: null

2019-08-23 18:49:28 - [TEST_STEP][PASSED] - wild[0] = "WILD_Expanding": null

2019-08-23 18:49:28 - [TEST_STEP][PASSED] - wild[1] = "WILD_Normal": null

2019-08-23 18:49:28 - [TEST_STEP][PASSED] - wild[2] = "WILD_Double": null

2019-08-23 18:49:28 - [TEST_STEP][PASSED] - wild[3] = "WILD_ExtraFG": null

2019-08-23 18:49:28 - [TEST_STEP][PASSED] - wild[4] = "WILD_Triple": null

2019-08-23 18:49:28 - [TEST_STEP][PASSED] - wildList = Arrays.asList(wild): null

2019-08-23 18:49:28 - [TEST_STEP][PASSED] - wildList = wildList: null

2019-08-23 18:49:28 - [TEST_STEP][PASSED] - free_spin_reel_counter = []: null

2019-08-23 18:49:28 - [TEST_STEP][PASSED] - free_spin_reel_counter[0] = 0: null

2019-08-23 18:49:28 - [TEST_STEP][PASSED] - free_spin_reel_counter[1] = 0: null

2019-08-23 18:49:28 - [TEST_STEP][PASSED] - free_spin_reel_counter[2] = 0: null

2019-08-23 18:49:28 - [TEST_STEP][PASSED] - M4_spin_reels = reels: null

2019-08-23 18:49:28 - [TEST_STEP][PASSED] - for ([i = 0, i &lt; M4_spin_reels.size(), (i++)]): null

2019-08-23 18:49:28 - [TEST_STEP][PASSED] - symbols = symbols: null

2019-08-23 18:49:28 - [TEST_STEP][PASSED] - for ([j = 0, j &lt; symbols.size(), (j++)]): null

2019-08-23 18:49:28 - [TEST_STEP][PASSED] - symbol = symbol: null

2019-08-23 18:49:28 - [TEST_STEP][PASSED] - println(symbol): null

2019-08-23 18:49:28 - [TEST_STEP][PASSED] - if (i == 2 &amp;&amp; wildList.indexOf(symbol) != -1): null

2019-08-23 18:49:28 - [TEST_STEP][PASSED] - if (i == 3 &amp;&amp; wildList.indexOf(symbol) != -1): null

2019-08-23 18:49:28 - [TEST_STEP][PASSED] - if (i == 4 &amp;&amp; wildList.indexOf(symbol) != -1): null

2019-08-23 18:49:28 - [TEST_STEP][PASSED] - symbol = symbol: null

2019-08-23 18:49:28 - [TEST_STEP][PASSED] - println(symbol): null

2019-08-23 18:49:28 - [TEST_STEP][PASSED] - if (i == 2 &amp;&amp; wildList.indexOf(symbol) != -1): null

2019-08-23 18:49:28 - [TEST_STEP][PASSED] - if (i == 3 &amp;&amp; wildList.indexOf(symbol) != -1): null

2019-08-23 18:49:28 - [TEST_STEP][PASSED] - if (i == 4 &amp;&amp; wildList.indexOf(symbol) != -1): null

2019-08-23 18:49:28 - [TEST_STEP][PASSED] - symbol = symbol: null

2019-08-23 18:49:28 - [TEST_STEP][PASSED] - println(symbol): null

2019-08-23 18:49:28 - [TEST_STEP][PASSED] - if (i == 2 &amp;&amp; wildList.indexOf(symbol) != -1): null

2019-08-23 18:49:28 - [TEST_STEP][PASSED] - if (i == 3 &amp;&amp; wildList.indexOf(symbol) != -1): null

2019-08-23 18:49:28 - [TEST_STEP][PASSED] - if (i == 4 &amp;&amp; wildList.indexOf(symbol) != -1): null

2019-08-23 18:49:28 - [TEST_STEP][PASSED] - symbols = symbols: null

2019-08-23 18:49:28 - [TEST_STEP][PASSED] - for ([j = 0, j &lt; symbols.size(), (j++)]): null

2019-08-23 18:49:28 - [TEST_STEP][PASSED] - symbol = symbol: null

2019-08-23 18:49:28 - [TEST_STEP][PASSED] - println(symbol): null

2019-08-23 18:49:28 - [TEST_STEP][PASSED] - if (i == 2 &amp;&amp; wildList.indexOf(symbol) != -1): null

2019-08-23 18:49:28 - [TEST_STEP][PASSED] - if (i == 3 &amp;&amp; wildList.indexOf(symbol) != -1): null

2019-08-23 18:49:28 - [TEST_STEP][PASSED] - if (i == 4 &amp;&amp; wildList.indexOf(symbol) != -1): null

2019-08-23 18:49:28 - [TEST_STEP][PASSED] - symbol = symbol: null

2019-08-23 18:49:28 - [TEST_STEP][PASSED] - println(symbol): null

2019-08-23 18:49:28 - [TEST_STEP][PASSED] - if (i == 2 &amp;&amp; wildList.indexOf(symbol) != -1): null

2019-08-23 18:49:28 - [TEST_STEP][PASSED] - if (i == 3 &amp;&amp; wildList.indexOf(symbol) != -1): null

2019-08-23 18:49:28 - [TEST_STEP][PASSED] - if (i == 4 &amp;&amp; wildList.indexOf(symbol) != -1): null

2019-08-23 18:49:28 - [TEST_STEP][PASSED] - symbol = symbol: null

2019-08-23 18:49:28 - [TEST_STEP][PASSED] - println(symbol): null

2019-08-23 18:49:28 - [TEST_STEP][PASSED] - if (i == 2 &amp;&amp; wildList.indexOf(symbol) != -1): null

2019-08-23 18:49:28 - [TEST_STEP][PASSED] - if (i == 3 &amp;&amp; wildList.indexOf(symbol) != -1): null

2019-08-23 18:49:28 - [TEST_STEP][PASSED] - if (i == 4 &amp;&amp; wildList.indexOf(symbol) != -1): null

2019-08-23 18:49:28 - [TEST_STEP][PASSED] - symbols = symbols: null

2019-08-23 18:49:28 - [TEST_STEP][PASSED] - for ([j = 0, j &lt; symbols.size(), (j++)]): null

2019-08-23 18:49:28 - [TEST_STEP][PASSED] - symbol = symbol: null

2019-08-23 18:49:28 - [TEST_STEP][PASSED] - println(symbol): null

2019-08-23 18:49:28 - [TEST_STEP][PASSED] - if (i == 2 &amp;&amp; wildList.indexOf(symbol) != -1): null

2019-08-23 18:49:28 - [TEST_STEP][PASSED] - if (i == 3 &amp;&amp; wildList.indexOf(symbol) != -1): null

2019-08-23 18:49:28 - [TEST_STEP][PASSED] - if (i == 4 &amp;&amp; wildList.indexOf(symbol) != -1): null

2019-08-23 18:49:28 - [TEST_STEP][PASSED] - symbol = symbol: null

2019-08-23 18:49:28 - [TEST_STEP][PASSED] - println(symbol): null

2019-08-23 18:49:28 - [TEST_STEP][PASSED] - if (i == 2 &amp;&amp; wildList.indexOf(symbol) != -1): null

2019-08-23 18:49:28 - [TEST_STEP][PASSED] - if (i == 3 &amp;&amp; wildList.indexOf(symbol) != -1): null

2019-08-23 18:49:28 - [TEST_STEP][PASSED] - if (i == 4 &amp;&amp; wildList.indexOf(symbol) != -1): null

2019-08-23 18:49:28 - [TEST_STEP][PASSED] - symbol = symbol: null

2019-08-23 18:49:28 - [TEST_STEP][PASSED] - println(symbol): null

2019-08-23 18:49:28 - [TEST_STEP][PASSED] - if (i == 2 &amp;&amp; wildList.indexOf(symbol) != -1): null

2019-08-23 18:49:28 - [TEST_STEP][PASSED] - if (i == 3 &amp;&amp; wildList.indexOf(symbol) != -1): null

2019-08-23 18:49:28 - [TEST_STEP][PASSED] - if (i == 4 &amp;&amp; wildList.indexOf(symbol) != -1): null

2019-08-23 18:49:28 - [TEST_STEP][PASSED] - symbols = symbols: null

2019-08-23 18:49:28 - [TEST_STEP][PASSED] - for ([j = 0, j &lt; symbols.size(), (j++)]): null

2019-08-23 18:49:28 - [TEST_STEP][PASSED] - symbol = symbol: null

2019-08-23 18:49:28 - [TEST_STEP][PASSED] - println(symbol): null

2019-08-23 18:49:28 - [TEST_STEP][PASSED] - if (i == 2 &amp;&amp; wildList.indexOf(symbol) != -1): null

2019-08-23 18:49:28 - [TEST_STEP][PASSED] - if (i == 3 &amp;&amp; wildList.indexOf(symbol) != -1): null

2019-08-23 18:49:28 - [TEST_STEP][PASSED] - if (i == 4 &amp;&amp; wildList.indexOf(symbol) != -1): null

2019-08-23 18:49:28 - [TEST_STEP][PASSED] - symbol = symbol: null

2019-08-23 18:49:28 - [TEST_STEP][PASSED] - println(symbol): null

2019-08-23 18:49:28 - [TEST_STEP][PASSED] - if (i == 2 &amp;&amp; wildList.indexOf(symbol) != -1): null

2019-08-23 18:49:28 - [TEST_STEP][PASSED] - if (i == 3 &amp;&amp; wildList.indexOf(symbol) != -1): null

2019-08-23 18:49:28 - [TEST_STEP][PASSED] - if (i == 4 &amp;&amp; wildList.indexOf(symbol) != -1): null

2019-08-23 18:49:28 - [TEST_STEP][PASSED] - symbol = symbol: null

2019-08-23 18:49:28 - [TEST_STEP][PASSED] - println(symbol): null

2019-08-23 18:49:28 - [TEST_STEP][PASSED] - if (i == 2 &amp;&amp; wildList.indexOf(symbol) != -1): null

2019-08-23 18:49:28 - [TEST_STEP][PASSED] - if (i == 3 &amp;&amp; wildList.indexOf(symbol) != -1): null

2019-08-23 18:49:28 - [TEST_STEP][PASSED] - if (i == 4 &amp;&amp; wildList.indexOf(symbol) != -1): null

2019-08-23 18:49:28 - [TEST_STEP][PASSED] - symbols = symbols: null

2019-08-23 18:49:28 - [TEST_STEP][PASSED] - for ([j = 0, j &lt; symbols.size(), (j++)]): null

2019-08-23 18:49:28 - [TEST_STEP][PASSED] - symbol = symbol: null

2019-08-23 18:49:28 - [TEST_STEP][PASSED] - println(symbol): null

2019-08-23 18:49:28 - [TEST_STEP][PASSED] - if (i == 2 &amp;&amp; wildList.indexOf(symbol) != -1): null

2019-08-23 18:49:28 - [TEST_STEP][PASSED] - if (i == 3 &amp;&amp; wildList.indexOf(symbol) != -1): null

2019-08-23 18:49:28 - [TEST_STEP][PASSED] - if (i == 4 &amp;&amp; wildList.indexOf(symbol) != -1): null

2019-08-23 18:49:28 - [TEST_STEP][PASSED] - symbol = symbol: null

2019-08-23 18:49:28 - [TEST_STEP][PASSED] - println(symbol): null

2019-08-23 18:49:28 - [TEST_STEP][PASSED] - if (i == 2 &amp;&amp; wildList.indexOf(symbol) != -1): null

2019-08-23 18:49:28 - [TEST_STEP][PASSED] - if (i == 3 &amp;&amp; wildList.indexOf(symbol) != -1): null

2019-08-23 18:49:28 - [TEST_STEP][PASSED] - if (i == 4 &amp;&amp; wildList.indexOf(symbol) != -1): null

2019-08-23 18:49:28 - [TEST_STEP][PASSED] - symbol = symbol: null

2019-08-23 18:49:28 - [TEST_STEP][PASSED] - println(symbol): null

2019-08-23 18:49:28 - [TEST_STEP][PASSED] - if (i == 2 &amp;&amp; wildList.indexOf(symbol) != -1): null

2019-08-23 18:49:28 - [TEST_STEP][PASSED] - if (i == 3 &amp;&amp; wildList.indexOf(symbol) != -1): null

2019-08-23 18:49:28 - [TEST_STEP][PASSED] - if (i == 4 &amp;&amp; wildList.indexOf(symbol) != -1): null

2019-08-23 18:49:28 - [TEST_STEP][PASSED] - free_spin_reel_counter = free_spin_reel_counter: null

2019-08-23 18:49:28 - [TEST_STEP][PASSED] - println("reel 3 wild found: " + free_spin_reel_counter[0]): null

2019-08-23 18:49:28 - [TEST_STEP][PASSED] - println("reel 4 wild found: " + free_spin_reel_counter[1]): null

2019-08-23 18:49:28 - [TEST_STEP][PASSED] - println("reel 5 wild found: " + free_spin_reel_counter[2]): null

2019-08-23 18:49:28 - [TEST_STEP][PASSED] - M4_spin_reels = M4_spin_reels: null

2019-08-23 18:49:28 - [TEST_STEP][PASSED] - M4_spin_reels_symbols = symbol: null

2019-08-23 18:49:28 - [TEST_STEP][PASSED] - M4_spin_reels_symbols = M4_spin_reels_symbols: null

2019-08-23 18:49:28 - [TEST_STEP][PASSED] - M4_spin_reel_wins = reel_wins: null

2019-08-23 18:49:28 - [TEST_STEP][PASSED] - M4_spin_reel_wins = M4_spin_reel_wins: null

2019-08-23 18:49:28 - [TEST_STEP][PASSED] - println("GlobalVariable.M4_spin_reel_wins is: " + M4_spin_reel_wins): null

2019-08-23 18:49:28 - [TEST_STEP][PASSED] - M4_spin_total_bonus_win_this_round = total_bonus_win_this_round: null

2019-08-23 18:49:28 - [TEST_STEP][PASSED] - M4_spin_total_bonus_win_this_round = M4_spin_total_bonus_win_this_round: null

2019-08-23 18:49:28 - [TEST_STEP][PASSED] - println("GlobalVariable.M4_spin_total_bonus_win_this_round is: " + M4_spin_total_bonus_win_this_round): null

2019-08-23 18:49:28 - [TEST_STEP][PASSED] - M4_spin_bonus_spin_result = spin_result: null

2019-08-23 18:49:28 - [TEST_STEP][PASSED] - M4_spin_bonus_spin_result = M4_spin_bonus_spin_result: null

2019-08-23 18:49:28 - [MESSAGE][PASSED] - Verify response successfully

2019-08-23 18:49:28 - [MESSAGE][PASSED] - Send request and verify the response successfully

2019-08-23 18:49:28 - [TEST_STEP][PASSED] - if (free_spin_reel_counter[0] &gt;= 1 &amp;&amp; free_spin_reel_counter[1] &gt;= 1 &amp;&amp; free_spin_reel_counter[2] &gt;= 1): null

2019-08-23 18:49:28 - [TEST_STEP][PASSED] - spin_result = sendRequestAndVerify(findTestObject("INT/RGS(M4)/1_M4_spin", ["M4_login_user_id":M4_login_user_id, "rgs_session_token":rgs_session_token, "partner":Partner])): Send request and verify the response successfully

2019-08-23 18:49:29 - [MESSAGE][INFO] - HAR: /Users/eiralee/Katalon_Script/SuperWild/Reports/20190823_184757/INT/superWild_1/20190823_184757/requests/main/18.har

2019-08-23 18:49:29 - [TEST_CASE][PASSED] - Start Test Case : Verification: Verification accomplished successfully

2019-08-23 18:49:29 - [TEST_STEP][PASSED] - request = getInstance().getCurrentRequest(): null

2019-08-23 18:49:29 - [TEST_STEP][PASSED] - response = getInstance().getCurrentResponse(): null

2019-08-23 18:49:29 - [TEST_STEP][PASSED] - verifyResponseStatusCode(response, 200): Verify response status code successfully

2019-08-23 18:49:29 - [MESSAGE][PASSED] - Verify response status code successfully

2019-08-23 18:49:29 - [TEST_STEP][PASSED] - getStatusCode()).isEqualTo(200): null

2019-08-23 18:49:29 - [TEST_STEP][PASSED] - newline = System.getProperty("line.separator"): null

2019-08-23 18:49:29 - [TEST_STEP][PASSED] - M4_spin = new groovy.json.JsonSlurper(): null

2019-08-23 18:49:29 - [TEST_STEP][PASSED] - result_M4_spin = M4_spin.parseText(response.getResponseBodyContent()): null

2019-08-23 18:49:29 - [TEST_STEP][PASSED] - M4_spin_current_balance = current_balance: null

2019-08-23 18:49:29 - [TEST_STEP][PASSED] - M4_spin_current_balance = M4_spin_current_balance: null

2019-08-23 18:49:29 - [TEST_STEP][PASSED] - M4_spin_transaction_id = causality: null

2019-08-23 18:49:29 - [TEST_STEP][PASSED] - M4_spin_transaction_id = M4_spin_transaction_id: null

2019-08-23 18:49:29 - [TEST_STEP][PASSED] - M4_spin_round_id = round_id: null

2019-08-23 18:49:29 - [TEST_STEP][PASSED] - M4_spin_round_id = M4_spin_round_id: null

2019-08-23 18:49:29 - [TEST_STEP][PASSED] - M4_spin_line_wins = line_wins: null

2019-08-23 18:49:29 - [TEST_STEP][PASSED] - M4_spin_line_wins = M4_spin_line_wins: null

2019-08-23 18:49:29 - [TEST_STEP][PASSED] - M4_total_bonus_spins_int = total_bonus_spins: null

2019-08-23 18:49:29 - [TEST_STEP][PASSED] - println("******M4_total_bonus_spins type is:*******" + newline + getClass().getName()): null

2019-08-23 18:49:29 - [TEST_STEP][PASSED] - M4_total_bonus_spins_int = M4_total_bonus_spins_int: null

2019-08-23 18:49:29 - [TEST_STEP][PASSED] - M4_total_bonus_spins = Integer.toString(M4_total_bonus_spins_int): null

2019-08-23 18:49:29 - [TEST_STEP][PASSED] - M4_total_bonus_spins = M4_total_bonus_spins: null

2019-08-23 18:49:29 - [TEST_STEP][PASSED] - println("M4_total_bonus_spins is:" + M4_total_bonus_spins): null

2019-08-23 18:49:29 - [TEST_STEP][PASSED] - M4_spin_bonus_data = bonus_data: null

2019-08-23 18:49:29 - [TEST_STEP][PASSED] - M4_spin_features_triggered = result_M4_spin: null

2019-08-23 18:49:29 - [TEST_STEP][PASSED] - wild = []: null

2019-08-23 18:49:29 - [TEST_STEP][PASSED] - wild[0] = "WILD_Expanding": null

2019-08-23 18:49:29 - [TEST_STEP][PASSED] - wild[1] = "WILD_Normal": null

2019-08-23 18:49:29 - [TEST_STEP][PASSED] - wild[2] = "WILD_Double": null

2019-08-23 18:49:29 - [TEST_STEP][PASSED] - wild[3] = "WILD_ExtraFG": null

2019-08-23 18:49:29 - [TEST_STEP][PASSED] - wild[4] = "WILD_Triple": null

2019-08-23 18:49:29 - [TEST_STEP][PASSED] - wildList = Arrays.asList(wild): null

2019-08-23 18:49:29 - [TEST_STEP][PASSED] - wildList = wildList: null

2019-08-23 18:49:29 - [TEST_STEP][PASSED] - free_spin_reel_counter = []: null

2019-08-23 18:49:29 - [TEST_STEP][PASSED] - free_spin_reel_counter[0] = 0: null

2019-08-23 18:49:29 - [TEST_STEP][PASSED] - free_spin_reel_counter[1] = 0: null

2019-08-23 18:49:29 - [TEST_STEP][PASSED] - free_spin_reel_counter[2] = 0: null

2019-08-23 18:49:29 - [TEST_STEP][PASSED] - M4_spin_reels = reels: null

2019-08-23 18:49:29 - [TEST_STEP][PASSED] - for ([i = 0, i &lt; M4_spin_reels.size(), (i++)]): null

2019-08-23 18:49:29 - [TEST_STEP][PASSED] - symbols = symbols: null

2019-08-23 18:49:29 - [TEST_STEP][PASSED] - for ([j = 0, j &lt; symbols.size(), (j++)]): null

2019-08-23 18:49:29 - [TEST_STEP][PASSED] - symbol = symbol: null

2019-08-23 18:49:29 - [TEST_STEP][PASSED] - println(symbol): null

2019-08-23 18:49:29 - [TEST_STEP][PASSED] - if (i == 2 &amp;&amp; wildList.indexOf(symbol) != -1): null

2019-08-23 18:49:29 - [TEST_STEP][PASSED] - if (i == 3 &amp;&amp; wildList.indexOf(symbol) != -1): null

2019-08-23 18:49:29 - [TEST_STEP][PASSED] - if (i == 4 &amp;&amp; wildList.indexOf(symbol) != -1): null

2019-08-23 18:49:29 - [TEST_STEP][PASSED] - symbol = symbol: null

2019-08-23 18:49:29 - [TEST_STEP][PASSED] - println(symbol): null

2019-08-23 18:49:29 - [TEST_STEP][PASSED] - if (i == 2 &amp;&amp; wildList.indexOf(symbol) != -1): null

2019-08-23 18:49:29 - [TEST_STEP][PASSED] - if (i == 3 &amp;&amp; wildList.indexOf(symbol) != -1): null

2019-08-23 18:49:29 - [TEST_STEP][PASSED] - if (i == 4 &amp;&amp; wildList.indexOf(symbol) != -1): null

2019-08-23 18:49:29 - [TEST_STEP][PASSED] - symbol = symbol: null

2019-08-23 18:49:29 - [TEST_STEP][PASSED] - println(symbol): null

2019-08-23 18:49:29 - [TEST_STEP][PASSED] - if (i == 2 &amp;&amp; wildList.indexOf(symbol) != -1): null

2019-08-23 18:49:29 - [TEST_STEP][PASSED] - if (i == 3 &amp;&amp; wildList.indexOf(symbol) != -1): null

2019-08-23 18:49:29 - [TEST_STEP][PASSED] - if (i == 4 &amp;&amp; wildList.indexOf(symbol) != -1): null

2019-08-23 18:49:29 - [TEST_STEP][PASSED] - symbols = symbols: null

2019-08-23 18:49:29 - [TEST_STEP][PASSED] - for ([j = 0, j &lt; symbols.size(), (j++)]): null

2019-08-23 18:49:29 - [TEST_STEP][PASSED] - symbol = symbol: null

2019-08-23 18:49:29 - [TEST_STEP][PASSED] - println(symbol): null

2019-08-23 18:49:29 - [TEST_STEP][PASSED] - if (i == 2 &amp;&amp; wildList.indexOf(symbol) != -1): null

2019-08-23 18:49:29 - [TEST_STEP][PASSED] - if (i == 3 &amp;&amp; wildList.indexOf(symbol) != -1): null

2019-08-23 18:49:29 - [TEST_STEP][PASSED] - if (i == 4 &amp;&amp; wildList.indexOf(symbol) != -1): null

2019-08-23 18:49:29 - [TEST_STEP][PASSED] - symbol = symbol: null

2019-08-23 18:49:29 - [TEST_STEP][PASSED] - println(symbol): null

2019-08-23 18:49:29 - [TEST_STEP][PASSED] - if (i == 2 &amp;&amp; wildList.indexOf(symbol) != -1): null

2019-08-23 18:49:29 - [TEST_STEP][PASSED] - if (i == 3 &amp;&amp; wildList.indexOf(symbol) != -1): null

2019-08-23 18:49:29 - [TEST_STEP][PASSED] - if (i == 4 &amp;&amp; wildList.indexOf(symbol) != -1): null

2019-08-23 18:49:29 - [TEST_STEP][PASSED] - symbol = symbol: null

2019-08-23 18:49:29 - [TEST_STEP][PASSED] - println(symbol): null

2019-08-23 18:49:29 - [TEST_STEP][PASSED] - if (i == 2 &amp;&amp; wildList.indexOf(symbol) != -1): null

2019-08-23 18:49:29 - [TEST_STEP][PASSED] - if (i == 3 &amp;&amp; wildList.indexOf(symbol) != -1): null

2019-08-23 18:49:29 - [TEST_STEP][PASSED] - if (i == 4 &amp;&amp; wildList.indexOf(symbol) != -1): null

2019-08-23 18:49:29 - [TEST_STEP][PASSED] - symbols = symbols: null

2019-08-23 18:49:29 - [TEST_STEP][PASSED] - for ([j = 0, j &lt; symbols.size(), (j++)]): null

2019-08-23 18:49:29 - [TEST_STEP][PASSED] - symbol = symbol: null

2019-08-23 18:49:29 - [TEST_STEP][PASSED] - println(symbol): null

2019-08-23 18:49:29 - [TEST_STEP][PASSED] - if (i == 2 &amp;&amp; wildList.indexOf(symbol) != -1): null

2019-08-23 18:49:29 - [TEST_STEP][PASSED] - if (i == 3 &amp;&amp; wildList.indexOf(symbol) != -1): null

2019-08-23 18:49:29 - [TEST_STEP][PASSED] - if (i == 4 &amp;&amp; wildList.indexOf(symbol) != -1): null

2019-08-23 18:49:29 - [TEST_STEP][PASSED] - symbol = symbol: null

2019-08-23 18:49:29 - [TEST_STEP][PASSED] - println(symbol): null

2019-08-23 18:49:29 - [TEST_STEP][PASSED] - if (i == 2 &amp;&amp; wildList.indexOf(symbol) != -1): null

2019-08-23 18:49:29 - [TEST_STEP][PASSED] - if (i == 3 &amp;&amp; wildList.indexOf(symbol) != -1): null

2019-08-23 18:49:29 - [TEST_STEP][PASSED] - if (i == 4 &amp;&amp; wildList.indexOf(symbol) != -1): null

2019-08-23 18:49:29 - [TEST_STEP][PASSED] - symbol = symbol: null

2019-08-23 18:49:29 - [TEST_STEP][PASSED] - println(symbol): null

2019-08-23 18:49:29 - [TEST_STEP][PASSED] - if (i == 2 &amp;&amp; wildList.indexOf(symbol) != -1): null

2019-08-23 18:49:29 - [TEST_STEP][PASSED] - if (i == 3 &amp;&amp; wildList.indexOf(symbol) != -1): null

2019-08-23 18:49:29 - [TEST_STEP][PASSED] - if (i == 4 &amp;&amp; wildList.indexOf(symbol) != -1): null

2019-08-23 18:49:29 - [TEST_STEP][PASSED] - symbols = symbols: null

2019-08-23 18:49:29 - [TEST_STEP][PASSED] - for ([j = 0, j &lt; symbols.size(), (j++)]): null

2019-08-23 18:49:29 - [TEST_STEP][PASSED] - symbol = symbol: null

2019-08-23 18:49:29 - [TEST_STEP][PASSED] - println(symbol): null

2019-08-23 18:49:29 - [TEST_STEP][PASSED] - if (i == 2 &amp;&amp; wildList.indexOf(symbol) != -1): null

2019-08-23 18:49:29 - [TEST_STEP][PASSED] - if (i == 3 &amp;&amp; wildList.indexOf(symbol) != -1): null

2019-08-23 18:49:29 - [TEST_STEP][PASSED] - if (i == 4 &amp;&amp; wildList.indexOf(symbol) != -1): null

2019-08-23 18:49:29 - [TEST_STEP][PASSED] - symbol = symbol: null

2019-08-23 18:49:29 - [TEST_STEP][PASSED] - println(symbol): null

2019-08-23 18:49:29 - [TEST_STEP][PASSED] - if (i == 2 &amp;&amp; wildList.indexOf(symbol) != -1): null

2019-08-23 18:49:29 - [TEST_STEP][PASSED] - if (i == 3 &amp;&amp; wildList.indexOf(symbol) != -1): null

2019-08-23 18:49:29 - [TEST_STEP][PASSED] - if (i == 4 &amp;&amp; wildList.indexOf(symbol) != -1): null

2019-08-23 18:49:29 - [TEST_STEP][PASSED] - symbol = symbol: null

2019-08-23 18:49:29 - [TEST_STEP][PASSED] - println(symbol): null

2019-08-23 18:49:29 - [TEST_STEP][PASSED] - if (i == 2 &amp;&amp; wildList.indexOf(symbol) != -1): null

2019-08-23 18:49:29 - [TEST_STEP][PASSED] - if (i == 3 &amp;&amp; wildList.indexOf(symbol) != -1): null

2019-08-23 18:49:29 - [TEST_STEP][PASSED] - if (i == 4 &amp;&amp; wildList.indexOf(symbol) != -1): null

2019-08-23 18:49:29 - [TEST_STEP][PASSED] - symbols = symbols: null

2019-08-23 18:49:29 - [TEST_STEP][PASSED] - for ([j = 0, j &lt; symbols.size(), (j++)]): null

2019-08-23 18:49:29 - [TEST_STEP][PASSED] - symbol = symbol: null

2019-08-23 18:49:29 - [TEST_STEP][PASSED] - println(symbol): null

2019-08-23 18:49:29 - [TEST_STEP][PASSED] - if (i == 2 &amp;&amp; wildList.indexOf(symbol) != -1): null

2019-08-23 18:49:29 - [TEST_STEP][PASSED] - if (i == 3 &amp;&amp; wildList.indexOf(symbol) != -1): null

2019-08-23 18:49:29 - [TEST_STEP][PASSED] - if (i == 4 &amp;&amp; wildList.indexOf(symbol) != -1): null

2019-08-23 18:49:29 - [TEST_STEP][PASSED] - symbol = symbol: null

2019-08-23 18:49:29 - [TEST_STEP][PASSED] - println(symbol): null

2019-08-23 18:49:29 - [TEST_STEP][PASSED] - if (i == 2 &amp;&amp; wildList.indexOf(symbol) != -1): null

2019-08-23 18:49:29 - [TEST_STEP][PASSED] - if (i == 3 &amp;&amp; wildList.indexOf(symbol) != -1): null

2019-08-23 18:49:29 - [TEST_STEP][PASSED] - if (i == 4 &amp;&amp; wildList.indexOf(symbol) != -1): null

2019-08-23 18:49:29 - [TEST_STEP][PASSED] - println("wild found on reel 5, adding counter by 1"): null

2019-08-23 18:49:29 - [TEST_STEP][PASSED] - free_spin_reel_counter[2] = free_spin_reel_counter[2] + 1: null

2019-08-23 18:49:29 - [TEST_STEP][PASSED] - symbol = symbol: null

2019-08-23 18:49:29 - [TEST_STEP][PASSED] - println(symbol): null

2019-08-23 18:49:29 - [TEST_STEP][PASSED] - if (i == 2 &amp;&amp; wildList.indexOf(symbol) != -1): null

2019-08-23 18:49:29 - [TEST_STEP][PASSED] - if (i == 3 &amp;&amp; wildList.indexOf(symbol) != -1): null

2019-08-23 18:49:29 - [TEST_STEP][PASSED] - if (i == 4 &amp;&amp; wildList.indexOf(symbol) != -1): null

2019-08-23 18:49:29 - [TEST_STEP][PASSED] - free_spin_reel_counter = free_spin_reel_counter: null

2019-08-23 18:49:29 - [TEST_STEP][PASSED] - println("reel 3 wild found: " + free_spin_reel_counter[0]): null

2019-08-23 18:49:29 - [TEST_STEP][PASSED] - println("reel 4 wild found: " + free_spin_reel_counter[1]): null

2019-08-23 18:49:29 - [TEST_STEP][PASSED] - println("reel 5 wild found: " + free_spin_reel_counter[2]): null

2019-08-23 18:49:29 - [TEST_STEP][PASSED] - M4_spin_reels = M4_spin_reels: null

2019-08-23 18:49:29 - [TEST_STEP][PASSED] - M4_spin_reels_symbols = symbol: null

2019-08-23 18:49:29 - [TEST_STEP][PASSED] - M4_spin_reels_symbols = M4_spin_reels_symbols: null

2019-08-23 18:49:29 - [TEST_STEP][PASSED] - M4_spin_reel_wins = reel_wins: null

2019-08-23 18:49:29 - [TEST_STEP][PASSED] - M4_spin_reel_wins = M4_spin_reel_wins: null

2019-08-23 18:49:29 - [TEST_STEP][PASSED] - println("GlobalVariable.M4_spin_reel_wins is: " + M4_spin_reel_wins): null

2019-08-23 18:49:29 - [TEST_STEP][PASSED] - M4_spin_total_bonus_win_this_round = total_bonus_win_this_round: null

2019-08-23 18:49:29 - [TEST_STEP][PASSED] - M4_spin_total_bonus_win_this_round = M4_spin_total_bonus_win_this_round: null

2019-08-23 18:49:29 - [TEST_STEP][PASSED] - println("GlobalVariable.M4_spin_total_bonus_win_this_round is: " + M4_spin_total_bonus_win_this_round): null

2019-08-23 18:49:29 - [TEST_STEP][PASSED] - M4_spin_bonus_spin_result = spin_result: null

2019-08-23 18:49:29 - [TEST_STEP][PASSED] - M4_spin_bonus_spin_result = M4_spin_bonus_spin_result: null

2019-08-23 18:49:29 - [MESSAGE][PASSED] - Verify response successfully

2019-08-23 18:49:29 - [MESSAGE][PASSED] - Send request and verify the response successfully

2019-08-23 18:49:29 - [TEST_STEP][PASSED] - if (free_spin_reel_counter[0] &gt;= 1 &amp;&amp; free_spin_reel_counter[1] &gt;= 1 &amp;&amp; free_spin_reel_counter[2] &gt;= 1): null

2019-08-23 18:49:29 - [TEST_STEP][PASSED] - spin_result = sendRequestAndVerify(findTestObject("INT/RGS(M4)/1_M4_spin", ["M4_login_user_id":M4_login_user_id, "rgs_session_token":rgs_session_token, "partner":Partner])): Send request and verify the response successfully

2019-08-23 18:49:29 - [MESSAGE][INFO] - HAR: /Users/eiralee/Katalon_Script/SuperWild/Reports/20190823_184757/INT/superWild_1/20190823_184757/requests/main/19.har

2019-08-23 18:49:30 - [TEST_CASE][PASSED] - Start Test Case : Verification: Verification accomplished successfully

2019-08-23 18:49:30 - [TEST_STEP][PASSED] - request = getInstance().getCurrentRequest(): null

2019-08-23 18:49:30 - [TEST_STEP][PASSED] - response = getInstance().getCurrentResponse(): null

2019-08-23 18:49:30 - [TEST_STEP][PASSED] - verifyResponseStatusCode(response, 200): Verify response status code successfully

2019-08-23 18:49:30 - [MESSAGE][PASSED] - Verify response status code successfully

2019-08-23 18:49:30 - [TEST_STEP][PASSED] - getStatusCode()).isEqualTo(200): null

2019-08-23 18:49:30 - [TEST_STEP][PASSED] - newline = System.getProperty("line.separator"): null

2019-08-23 18:49:30 - [TEST_STEP][PASSED] - M4_spin = new groovy.json.JsonSlurper(): null

2019-08-23 18:49:30 - [TEST_STEP][PASSED] - result_M4_spin = M4_spin.parseText(response.getResponseBodyContent()): null

2019-08-23 18:49:30 - [TEST_STEP][PASSED] - M4_spin_current_balance = current_balance: null

2019-08-23 18:49:30 - [TEST_STEP][PASSED] - M4_spin_current_balance = M4_spin_current_balance: null

2019-08-23 18:49:30 - [TEST_STEP][PASSED] - M4_spin_transaction_id = causality: null

2019-08-23 18:49:30 - [TEST_STEP][PASSED] - M4_spin_transaction_id = M4_spin_transaction_id: null

2019-08-23 18:49:30 - [TEST_STEP][PASSED] - M4_spin_round_id = round_id: null

2019-08-23 18:49:30 - [TEST_STEP][PASSED] - M4_spin_round_id = M4_spin_round_id: null

2019-08-23 18:49:30 - [TEST_STEP][PASSED] - M4_spin_line_wins = line_wins: null

2019-08-23 18:49:30 - [TEST_STEP][PASSED] - M4_spin_line_wins = M4_spin_line_wins: null

2019-08-23 18:49:30 - [TEST_STEP][PASSED] - M4_total_bonus_spins_int = total_bonus_spins: null

2019-08-23 18:49:30 - [TEST_STEP][PASSED] - println("******M4_total_bonus_spins type is:*******" + newline + getClass().getName()): null

2019-08-23 18:49:30 - [TEST_STEP][PASSED] - M4_total_bonus_spins_int = M4_total_bonus_spins_int: null

2019-08-23 18:49:30 - [TEST_STEP][PASSED] - M4_total_bonus_spins = Integer.toString(M4_total_bonus_spins_int): null

2019-08-23 18:49:30 - [TEST_STEP][PASSED] - M4_total_bonus_spins = M4_total_bonus_spins: null

2019-08-23 18:49:30 - [TEST_STEP][PASSED] - println("M4_total_bonus_spins is:" + M4_total_bonus_spins): null

2019-08-23 18:49:30 - [TEST_STEP][PASSED] - M4_spin_bonus_data = bonus_data: null

2019-08-23 18:49:30 - [TEST_STEP][PASSED] - M4_spin_features_triggered = result_M4_spin: null

2019-08-23 18:49:30 - [TEST_STEP][PASSED] - wild = []: null

2019-08-23 18:49:30 - [TEST_STEP][PASSED] - wild[0] = "WILD_Expanding": null

2019-08-23 18:49:30 - [TEST_STEP][PASSED] - wild[1] = "WILD_Normal": null

2019-08-23 18:49:30 - [TEST_STEP][PASSED] - wild[2] = "WILD_Double": null

2019-08-23 18:49:30 - [TEST_STEP][PASSED] - wild[3] = "WILD_ExtraFG": null

2019-08-23 18:49:30 - [TEST_STEP][PASSED] - wild[4] = "WILD_Triple": null

2019-08-23 18:49:47 - [TEST_STEP][PASSED] - wildList = Arrays.asList(wild): null

2019-08-23 18:49:47 - [TEST_STEP][PASSED] - wildList = wildList: null

2019-08-23 18:49:47 - [TEST_STEP][PASSED] - free_spin_reel_counter = []: null

2019-08-23 18:49:47 - [TEST_STEP][PASSED] - free_spin_reel_counter[0] = 0: null

2019-08-23 18:49:47 - [TEST_STEP][PASSED] - free_spin_reel_counter[1] = 0: null

2019-08-23 18:49:47 - [TEST_STEP][PASSED] - free_spin_reel_counter[2] = 0: null

2019-08-23 18:49:47 - [TEST_STEP][PASSED] - M4_spin_reels = reels: null

2019-08-23 18:49:47 - [TEST_STEP][PASSED] - for ([i = 0, i &lt; M4_spin_reels.size(), (i++)]): null

2019-08-23 18:49:47 - [TEST_STEP][PASSED] - symbols = symbols: null

2019-08-23 18:49:47 - [TEST_STEP][PASSED] - for ([j = 0, j &lt; symbols.size(), (j++)]): null

2019-08-23 18:49:47 - [TEST_STEP][PASSED] - symbol = symbol: null

2019-08-23 18:49:47 - [TEST_STEP][PASSED] - println(symbol): null

2019-08-23 18:49:47 - [TEST_STEP][PASSED] - if (i == 2 &amp;&amp; wildList.indexOf(symbol) != -1): null

2019-08-23 18:49:47 - [TEST_STEP][PASSED] - if (i == 3 &amp;&amp; wildList.indexOf(symbol) != -1): null

2019-08-23 18:49:47 - [TEST_STEP][PASSED] - if (i == 4 &amp;&amp; wildList.indexOf(symbol) != -1): null

2019-08-23 18:49:47 - [TEST_STEP][PASSED] - symbol = symbol: null

2019-08-23 18:49:47 - [TEST_STEP][PASSED] - println(symbol): null

2019-08-23 18:49:47 - [TEST_STEP][PASSED] - if (i == 2 &amp;&amp; wildList.indexOf(symbol) != -1): null

2019-08-23 18:49:47 - [TEST_STEP][PASSED] - if (i == 3 &amp;&amp; wildList.indexOf(symbol) != -1): null

2019-08-23 18:49:47 - [TEST_STEP][PASSED] - if (i == 4 &amp;&amp; wildList.indexOf(symbol) != -1): null

2019-08-23 18:49:47 - [TEST_STEP][PASSED] - symbol = symbol: null

2019-08-23 18:49:47 - [TEST_STEP][PASSED] - println(symbol): null

2019-08-23 18:49:47 - [TEST_STEP][PASSED] - if (i == 2 &amp;&amp; wildList.indexOf(symbol) != -1): null

2019-08-23 18:49:47 - [TEST_STEP][PASSED] - if (i == 3 &amp;&amp; wildList.indexOf(symbol) != -1): null

2019-08-23 18:49:47 - [TEST_STEP][PASSED] - if (i == 4 &amp;&amp; wildList.indexOf(symbol) != -1): null

2019-08-23 18:49:47 - [TEST_STEP][PASSED] - symbols = symbols: null

2019-08-23 18:49:47 - [TEST_STEP][PASSED] - for ([j = 0, j &lt; symbols.size(), (j++)]): null

2019-08-23 18:49:47 - [TEST_STEP][PASSED] - symbol = symbol: null

2019-08-23 18:49:47 - [TEST_STEP][PASSED] - println(symbol): null

2019-08-23 18:49:47 - [TEST_STEP][PASSED] - if (i == 2 &amp;&amp; wildList.indexOf(symbol) != -1): null

2019-08-23 18:49:47 - [TEST_STEP][PASSED] - if (i == 3 &amp;&amp; wildList.indexOf(symbol) != -1): null

2019-08-23 18:49:47 - [TEST_STEP][PASSED] - if (i == 4 &amp;&amp; wildList.indexOf(symbol) != -1): null

2019-08-23 18:49:47 - [TEST_STEP][PASSED] - symbol = symbol: null

2019-08-23 18:49:47 - [TEST_STEP][PASSED] - println(symbol): null

2019-08-23 18:49:47 - [TEST_STEP][PASSED] - if (i == 2 &amp;&amp; wildList.indexOf(symbol) != -1): null

2019-08-23 18:49:47 - [TEST_STEP][PASSED] - if (i == 3 &amp;&amp; wildList.indexOf(symbol) != -1): null

2019-08-23 18:49:47 - [TEST_STEP][PASSED] - if (i == 4 &amp;&amp; wildList.indexOf(symbol) != -1): null

2019-08-23 18:49:47 - [TEST_STEP][PASSED] - symbol = symbol: null

2019-08-23 18:49:47 - [TEST_STEP][PASSED] - println(symbol): null

2019-08-23 18:49:47 - [TEST_STEP][PASSED] - if (i == 2 &amp;&amp; wildList.indexOf(symbol) != -1): null

2019-08-23 18:49:47 - [TEST_STEP][PASSED] - if (i == 3 &amp;&amp; wildList.indexOf(symbol) != -1): null

2019-08-23 18:49:47 - [TEST_STEP][PASSED] - if (i == 4 &amp;&amp; wildList.indexOf(symbol) != -1): null

2019-08-23 18:49:47 - [TEST_STEP][PASSED] - symbols = symbols: null

2019-08-23 18:49:47 - [TEST_STEP][PASSED] - for ([j = 0, j &lt; symbols.size(), (j++)]): null

2019-08-23 18:49:47 - [TEST_STEP][PASSED] - symbol = symbol: null

2019-08-23 18:49:47 - [TEST_STEP][PASSED] - println(symbol): null

2019-08-23 18:49:47 - [TEST_STEP][PASSED] - if (i == 2 &amp;&amp; wildList.indexOf(symbol) != -1): null

2019-08-23 18:49:47 - [TEST_STEP][PASSED] - println("wild found on reel 3, adding counter by 1"): null

2019-08-23 18:49:47 - [TEST_STEP][PASSED] - free_spin_reel_counter[0] = free_spin_reel_counter[0] + 1: null

2019-08-23 18:49:47 - [TEST_STEP][PASSED] - if (i == 3 &amp;&amp; wildList.indexOf(symbol) != -1): null

2019-08-23 18:49:47 - [TEST_STEP][PASSED] - if (i == 4 &amp;&amp; wildList.indexOf(symbol) != -1): null

2019-08-23 18:49:47 - [TEST_STEP][PASSED] - symbol = symbol: null

2019-08-23 18:49:47 - [TEST_STEP][PASSED] - println(symbol): null

2019-08-23 18:49:47 - [TEST_STEP][PASSED] - if (i == 2 &amp;&amp; wildList.indexOf(symbol) != -1): null

2019-08-23 18:49:47 - [TEST_STEP][PASSED] - if (i == 3 &amp;&amp; wildList.indexOf(symbol) != -1): null

2019-08-23 18:49:47 - [TEST_STEP][PASSED] - if (i == 4 &amp;&amp; wildList.indexOf(symbol) != -1): null

2019-08-23 18:49:47 - [TEST_STEP][PASSED] - symbol = symbol: null

2019-08-23 18:49:47 - [TEST_STEP][PASSED] - println(symbol): null

2019-08-23 18:49:47 - [TEST_STEP][PASSED] - if (i == 2 &amp;&amp; wildList.indexOf(symbol) != -1): null

2019-08-23 18:49:47 - [TEST_STEP][PASSED] - if (i == 3 &amp;&amp; wildList.indexOf(symbol) != -1): null

2019-08-23 18:49:47 - [TEST_STEP][PASSED] - if (i == 4 &amp;&amp; wildList.indexOf(symbol) != -1): null

2019-08-23 18:49:47 - [TEST_STEP][PASSED] - symbols = symbols: null

2019-08-23 18:49:47 - [TEST_STEP][PASSED] - for ([j = 0, j &lt; symbols.size(), (j++)]): null

2019-08-23 18:49:47 - [TEST_STEP][PASSED] - symbol = symbol: null

2019-08-23 18:49:47 - [TEST_STEP][PASSED] - println(symbol): null

2019-08-23 18:49:47 - [TEST_STEP][PASSED] - if (i == 2 &amp;&amp; wildList.indexOf(symbol) != -1): null

2019-08-23 18:49:47 - [TEST_STEP][PASSED] - if (i == 3 &amp;&amp; wildList.indexOf(symbol) != -1): null

2019-08-23 18:49:47 - [TEST_STEP][PASSED] - if (i == 4 &amp;&amp; wildList.indexOf(symbol) != -1): null

2019-08-23 18:49:47 - [TEST_STEP][PASSED] - symbol = symbol: null

2019-08-23 18:49:47 - [TEST_STEP][PASSED] - println(symbol): null

2019-08-23 18:49:47 - [TEST_STEP][PASSED] - if (i == 2 &amp;&amp; wildList.indexOf(symbol) != -1): null

2019-08-23 18:49:47 - [TEST_STEP][PASSED] - if (i == 3 &amp;&amp; wildList.indexOf(symbol) != -1): null

2019-08-23 18:49:47 - [TEST_STEP][PASSED] - println("wild found on reel 4, adding counter by 1"): null

2019-08-23 18:49:47 - [TEST_STEP][PASSED] - free_spin_reel_counter[1] = free_spin_reel_counter[1] + 1: null

2019-08-23 18:49:47 - [TEST_STEP][PASSED] - if (i == 4 &amp;&amp; wildList.indexOf(symbol) != -1): null

2019-08-23 18:49:47 - [TEST_STEP][PASSED] - symbol = symbol: null

2019-08-23 18:49:47 - [TEST_STEP][PASSED] - println(symbol): null

2019-08-23 18:49:47 - [TEST_STEP][PASSED] - if (i == 2 &amp;&amp; wildList.indexOf(symbol) != -1): null

2019-08-23 18:49:47 - [TEST_STEP][PASSED] - if (i == 3 &amp;&amp; wildList.indexOf(symbol) != -1): null

2019-08-23 18:49:47 - [TEST_STEP][PASSED] - if (i == 4 &amp;&amp; wildList.indexOf(symbol) != -1): null

2019-08-23 18:49:47 - [TEST_STEP][PASSED] - symbols = symbols: null

2019-08-23 18:49:47 - [TEST_STEP][PASSED] - for ([j = 0, j &lt; symbols.size(), (j++)]): null

2019-08-23 18:49:47 - [TEST_STEP][PASSED] - symbol = symbol: null

2019-08-23 18:49:47 - [TEST_STEP][PASSED] - println(symbol): null

2019-08-23 18:49:47 - [TEST_STEP][PASSED] - if (i == 2 &amp;&amp; wildList.indexOf(symbol) != -1): null

2019-08-23 18:49:47 - [TEST_STEP][PASSED] - if (i == 3 &amp;&amp; wildList.indexOf(symbol) != -1): null

2019-08-23 18:49:47 - [TEST_STEP][PASSED] - if (i == 4 &amp;&amp; wildList.indexOf(symbol) != -1): null

2019-08-23 18:49:47 - [TEST_STEP][PASSED] - symbol = symbol: null

2019-08-23 18:49:47 - [TEST_STEP][PASSED] - println(symbol): null

2019-08-23 18:49:47 - [TEST_STEP][PASSED] - if (i == 2 &amp;&amp; wildList.indexOf(symbol) != -1): null

2019-08-23 18:49:47 - [TEST_STEP][PASSED] - if (i == 3 &amp;&amp; wildList.indexOf(symbol) != -1): null

2019-08-23 18:49:47 - [TEST_STEP][PASSED] - if (i == 4 &amp;&amp; wildList.indexOf(symbol) != -1): null

2019-08-23 18:49:47 - [TEST_STEP][PASSED] - symbol = symbol: null

2019-08-23 18:49:47 - [TEST_STEP][PASSED] - println(symbol): null

2019-08-23 18:49:47 - [TEST_STEP][PASSED] - if (i == 2 &amp;&amp; wildList.indexOf(symbol) != -1): null

2019-08-23 18:49:47 - [TEST_STEP][PASSED] - if (i == 3 &amp;&amp; wildList.indexOf(symbol) != -1): null

2019-08-23 18:49:47 - [TEST_STEP][PASSED] - if (i == 4 &amp;&amp; wildList.indexOf(symbol) != -1): null

2019-08-23 18:49:47 - [TEST_STEP][PASSED] - free_spin_reel_counter = free_spin_reel_counter: null

2019-08-23 18:49:47 - [TEST_STEP][PASSED] - println("reel 3 wild found: " + free_spin_reel_counter[0]): null

2019-08-23 18:49:47 - [TEST_STEP][PASSED] - println("reel 4 wild found: " + free_spin_reel_counter[1]): null

2019-08-23 18:49:47 - [TEST_STEP][PASSED] - println("reel 5 wild found: " + free_spin_reel_counter[2]): null

2019-08-23 18:49:47 - [TEST_STEP][PASSED] - M4_spin_reels = M4_spin_reels: null

2019-08-23 18:49:47 - [TEST_STEP][PASSED] - M4_spin_reels_symbols = symbol: null

2019-08-23 18:49:47 - [TEST_STEP][PASSED] - M4_spin_reels_symbols = M4_spin_reels_symbols: null

2019-08-23 18:49:47 - [TEST_STEP][PASSED] - M4_spin_reel_wins = reel_wins: null

2019-08-23 18:49:47 - [TEST_STEP][PASSED] - M4_spin_reel_wins = M4_spin_reel_wins: null

2019-08-23 18:49:47 - [TEST_STEP][PASSED] - println("GlobalVariable.M4_spin_reel_wins is: " + M4_spin_reel_wins): null

2019-08-23 18:49:47 - [TEST_STEP][PASSED] - M4_spin_total_bonus_win_this_round = total_bonus_win_this_round: null

2019-08-23 18:49:47 - [TEST_STEP][PASSED] - M4_spin_total_bonus_win_this_round = M4_spin_total_bonus_win_this_round: null

2019-08-23 18:49:47 - [TEST_STEP][PASSED] - println("GlobalVariable.M4_spin_total_bonus_win_this_round is: " + M4_spin_total_bonus_win_this_round): null

2019-08-23 18:49:47 - [TEST_STEP][PASSED] - M4_spin_bonus_spin_result = spin_result: null

2019-08-23 18:49:47 - [TEST_STEP][PASSED] - M4_spin_bonus_spin_result = M4_spin_bonus_spin_result: null

2019-08-23 18:49:47 - [MESSAGE][PASSED] - Verify response successfully

2019-08-23 18:49:47 - [MESSAGE][PASSED] - Send request and verify the response successfully

2019-08-23 18:49:47 - [TEST_STEP][PASSED] - if (free_spin_reel_counter[0] &gt;= 1 &amp;&amp; free_spin_reel_counter[1] &gt;= 1 &amp;&amp; free_spin_reel_counter[2] &gt;= 1): null

2019-08-23 18:49:47 - [TEST_STEP][PASSED] - spin_result = sendRequestAndVerify(findTestObject("INT/RGS(M4)/1_M4_spin", ["M4_login_user_id":M4_login_user_id, "rgs_session_token":rgs_session_token, "partner":Partner])): Send request and verify the response successfully

2019-08-23 18:49:47 - [MESSAGE][INFO] - HAR: /Users/eiralee/Katalon_Script/SuperWild/Reports/20190823_184757/INT/superWild_1/20190823_184757/requests/main/20.har

2019-08-23 18:49:47 - [TEST_CASE][PASSED] - Start Test Case : Verification: Verification accomplished successfully

2019-08-23 18:49:47 - [TEST_STEP][PASSED] - request = getInstance().getCurrentRequest(): null

2019-08-23 18:49:47 - [TEST_STEP][PASSED] - response = getInstance().getCurrentResponse(): null

2019-08-23 18:49:47 - [TEST_STEP][PASSED] - verifyResponseStatusCode(response, 200): Verify response status code successfully

2019-08-23 18:49:47 - [MESSAGE][PASSED] - Verify response status code successfully

2019-08-23 18:49:47 - [TEST_STEP][PASSED] - getStatusCode()).isEqualTo(200): null

2019-08-23 18:49:47 - [TEST_STEP][PASSED] - newline = System.getProperty("line.separator"): null

2019-08-23 18:49:47 - [TEST_STEP][PASSED] - M4_spin = new groovy.json.JsonSlurper(): null

2019-08-23 18:49:47 - [TEST_STEP][PASSED] - result_M4_spin = M4_spin.parseText(response.getResponseBodyContent()): null

2019-08-23 18:49:47 - [TEST_STEP][PASSED] - M4_spin_current_balance = current_balance: null

2019-08-23 18:49:47 - [TEST_STEP][PASSED] - M4_spin_current_balance = M4_spin_current_balance: null

2019-08-23 18:49:47 - [TEST_STEP][PASSED] - M4_spin_transaction_id = causality: null

2019-08-23 18:49:47 - [TEST_STEP][PASSED] - M4_spin_transaction_id = M4_spin_transaction_id: null

2019-08-23 18:49:47 - [TEST_STEP][PASSED] - M4_spin_round_id = round_id: null

2019-08-23 18:49:47 - [TEST_STEP][PASSED] - M4_spin_round_id = M4_spin_round_id: null

2019-08-23 18:49:47 - [TEST_STEP][PASSED] - M4_spin_line_wins = line_wins: null

2019-08-23 18:49:47 - [TEST_STEP][PASSED] - M4_spin_line_wins = M4_spin_line_wins: null

2019-08-23 18:49:47 - [TEST_STEP][PASSED] - M4_total_bonus_spins_int = total_bonus_spins: null

2019-08-23 18:49:47 - [TEST_STEP][PASSED] - println("******M4_total_bonus_spins type is:*******" + newline + getClass().getName()): null

2019-08-23 18:49:47 - [TEST_STEP][PASSED] - M4_total_bonus_spins_int = M4_total_bonus_spins_int: null

2019-08-23 18:49:47 - [TEST_STEP][PASSED] - M4_total_bonus_spins = Integer.toString(M4_total_bonus_spins_int): null

2019-08-23 18:49:47 - [TEST_STEP][PASSED] - M4_total_bonus_spins = M4_total_bonus_spins: null

2019-08-23 18:49:47 - [TEST_STEP][PASSED] - println("M4_total_bonus_spins is:" + M4_total_bonus_spins): null

2019-08-23 18:49:47 - [TEST_STEP][PASSED] - M4_spin_bonus_data = bonus_data: null

2019-08-23 18:49:47 - [TEST_STEP][PASSED] - M4_spin_features_triggered = result_M4_spin: null

2019-08-23 18:49:47 - [TEST_STEP][PASSED] - wild = []: null

2019-08-23 18:49:47 - [TEST_STEP][PASSED] - wild[0] = "WILD_Expanding": null

2019-08-23 18:49:47 - [TEST_STEP][PASSED] - wild[1] = "WILD_Normal": null

2019-08-23 18:49:47 - [TEST_STEP][PASSED] - wild[2] = "WILD_Double": null

2019-08-23 18:49:47 - [TEST_STEP][PASSED] - wild[3] = "WILD_ExtraFG": null

2019-08-23 18:49:47 - [TEST_STEP][PASSED] - wild[4] = "WILD_Triple": null

2019-08-23 18:49:47 - [TEST_STEP][PASSED] - wildList = Arrays.asList(wild): null

2019-08-23 18:49:47 - [TEST_STEP][PASSED] - wildList = wildList: null

2019-08-23 18:49:47 - [TEST_STEP][PASSED] - free_spin_reel_counter = []: null

2019-08-23 18:49:47 - [TEST_STEP][PASSED] - free_spin_reel_counter[0] = 0: null

2019-08-23 18:49:47 - [TEST_STEP][PASSED] - free_spin_reel_counter[1] = 0: null

2019-08-23 18:49:47 - [TEST_STEP][PASSED] - free_spin_reel_counter[2] = 0: null

2019-08-23 18:49:47 - [TEST_STEP][PASSED] - M4_spin_reels = reels: null

2019-08-23 18:49:47 - [TEST_STEP][PASSED] - for ([i = 0, i &lt; M4_spin_reels.size(), (i++)]): null

2019-08-23 18:49:47 - [TEST_STEP][PASSED] - symbols = symbols: null

2019-08-23 18:49:47 - [TEST_STEP][PASSED] - for ([j = 0, j &lt; symbols.size(), (j++)]): null

2019-08-23 18:49:47 - [TEST_STEP][PASSED] - symbol = symbol: null

2019-08-23 18:49:47 - [TEST_STEP][PASSED] - println(symbol): null

2019-08-23 18:49:47 - [TEST_STEP][PASSED] - if (i == 2 &amp;&amp; wildList.indexOf(symbol) != -1): null

2019-08-23 18:49:47 - [TEST_STEP][PASSED] - if (i == 3 &amp;&amp; wildList.indexOf(symbol) != -1): null

2019-08-23 18:49:47 - [TEST_STEP][PASSED] - if (i == 4 &amp;&amp; wildList.indexOf(symbol) != -1): null

2019-08-23 18:49:47 - [TEST_STEP][PASSED] - symbol = symbol: null

2019-08-23 18:49:47 - [TEST_STEP][PASSED] - println(symbol): null

2019-08-23 18:49:47 - [TEST_STEP][PASSED] - if (i == 2 &amp;&amp; wildList.indexOf(symbol) != -1): null

2019-08-23 18:49:47 - [TEST_STEP][PASSED] - if (i == 3 &amp;&amp; wildList.indexOf(symbol) != -1): null

2019-08-23 18:49:47 - [TEST_STEP][PASSED] - if (i == 4 &amp;&amp; wildList.indexOf(symbol) != -1): null

2019-08-23 18:49:47 - [TEST_STEP][PASSED] - symbol = symbol: null

2019-08-23 18:49:47 - [TEST_STEP][PASSED] - println(symbol): null

2019-08-23 18:49:47 - [TEST_STEP][PASSED] - if (i == 2 &amp;&amp; wildList.indexOf(symbol) != -1): null

2019-08-23 18:49:47 - [TEST_STEP][PASSED] - if (i == 3 &amp;&amp; wildList.indexOf(symbol) != -1): null

2019-08-23 18:49:47 - [TEST_STEP][PASSED] - if (i == 4 &amp;&amp; wildList.indexOf(symbol) != -1): null

2019-08-23 18:49:47 - [TEST_STEP][PASSED] - symbols = symbols: null

2019-08-23 18:49:47 - [TEST_STEP][PASSED] - for ([j = 0, j &lt; symbols.size(), (j++)]): null

2019-08-23 18:49:47 - [TEST_STEP][PASSED] - symbol = symbol: null

2019-08-23 18:49:47 - [TEST_STEP][PASSED] - println(symbol): null

2019-08-23 18:49:47 - [TEST_STEP][PASSED] - if (i == 2 &amp;&amp; wildList.indexOf(symbol) != -1): null

2019-08-23 18:49:47 - [TEST_STEP][PASSED] - if (i == 3 &amp;&amp; wildList.indexOf(symbol) != -1): null

2019-08-23 18:49:47 - [TEST_STEP][PASSED] - if (i == 4 &amp;&amp; wildList.indexOf(symbol) != -1): null

2019-08-23 18:49:47 - [TEST_STEP][PASSED] - symbol = symbol: null

2019-08-23 18:49:47 - [TEST_STEP][PASSED] - println(symbol): null

2019-08-23 18:49:47 - [TEST_STEP][PASSED] - if (i == 2 &amp;&amp; wildList.indexOf(symbol) != -1): null

2019-08-23 18:49:47 - [TEST_STEP][PASSED] - if (i == 3 &amp;&amp; wildList.indexOf(symbol) != -1): null

2019-08-23 18:49:47 - [TEST_STEP][PASSED] - if (i == 4 &amp;&amp; wildList.indexOf(symbol) != -1): null

2019-08-23 18:49:47 - [TEST_STEP][PASSED] - symbol = symbol: null

2019-08-23 18:49:47 - [TEST_STEP][PASSED] - println(symbol): null

2019-08-23 18:49:47 - [TEST_STEP][PASSED] - if (i == 2 &amp;&amp; wildList.indexOf(symbol) != -1): null

2019-08-23 18:49:47 - [TEST_STEP][PASSED] - if (i == 3 &amp;&amp; wildList.indexOf(symbol) != -1): null

2019-08-23 18:49:47 - [TEST_STEP][PASSED] - if (i == 4 &amp;&amp; wildList.indexOf(symbol) != -1): null

2019-08-23 18:49:47 - [TEST_STEP][PASSED] - symbols = symbols: null

2019-08-23 18:49:47 - [TEST_STEP][PASSED] - for ([j = 0, j &lt; symbols.size(), (j++)]): null

2019-08-23 18:49:47 - [TEST_STEP][PASSED] - symbol = symbol: null

2019-08-23 18:49:47 - [TEST_STEP][PASSED] - println(symbol): null

2019-08-23 18:49:47 - [TEST_STEP][PASSED] - if (i == 2 &amp;&amp; wildList.indexOf(symbol) != -1): null

2019-08-23 18:49:47 - [TEST_STEP][PASSED] - if (i == 3 &amp;&amp; wildList.indexOf(symbol) != -1): null

2019-08-23 18:49:47 - [TEST_STEP][PASSED] - if (i == 4 &amp;&amp; wildList.indexOf(symbol) != -1): null

2019-08-23 18:49:47 - [TEST_STEP][PASSED] - symbol = symbol: null

2019-08-23 18:49:47 - [TEST_STEP][PASSED] - println(symbol): null

2019-08-23 18:49:47 - [TEST_STEP][PASSED] - if (i == 2 &amp;&amp; wildList.indexOf(symbol) != -1): null

2019-08-23 18:49:47 - [TEST_STEP][PASSED] - if (i == 3 &amp;&amp; wildList.indexOf(symbol) != -1): null

2019-08-23 18:49:47 - [TEST_STEP][PASSED] - if (i == 4 &amp;&amp; wildList.indexOf(symbol) != -1): null

2019-08-23 18:49:47 - [TEST_STEP][PASSED] - symbol = symbol: null

2019-08-23 18:49:47 - [TEST_STEP][PASSED] - println(symbol): null

2019-08-23 18:49:47 - [TEST_STEP][PASSED] - if (i == 2 &amp;&amp; wildList.indexOf(symbol) != -1): null

2019-08-23 18:49:47 - [TEST_STEP][PASSED] - if (i == 3 &amp;&amp; wildList.indexOf(symbol) != -1): null

2019-08-23 18:49:47 - [TEST_STEP][PASSED] - if (i == 4 &amp;&amp; wildList.indexOf(symbol) != -1): null

2019-08-23 18:49:47 - [TEST_STEP][PASSED] - symbols = symbols: null

2019-08-23 18:49:47 - [TEST_STEP][PASSED] - for ([j = 0, j &lt; symbols.size(), (j++)]): null

2019-08-23 18:49:47 - [TEST_STEP][PASSED] - symbol = symbol: null

2019-08-23 18:49:47 - [TEST_STEP][PASSED] - println(symbol): null

2019-08-23 18:49:47 - [TEST_STEP][PASSED] - if (i == 2 &amp;&amp; wildList.indexOf(symbol) != -1): null

2019-08-23 18:49:47 - [TEST_STEP][PASSED] - if (i == 3 &amp;&amp; wildList.indexOf(symbol) != -1): null

2019-08-23 18:49:47 - [TEST_STEP][PASSED] - println("wild found on reel 4, adding counter by 1"): null

2019-08-23 18:49:47 - [TEST_STEP][PASSED] - free_spin_reel_counter[1] = free_spin_reel_counter[1] + 1: null

2019-08-23 18:49:47 - [TEST_STEP][PASSED] - if (i == 4 &amp;&amp; wildList.indexOf(symbol) != -1): null

2019-08-23 18:49:47 - [TEST_STEP][PASSED] - symbol = symbol: null

2019-08-23 18:49:47 - [TEST_STEP][PASSED] - println(symbol): null

2019-08-23 18:49:47 - [TEST_STEP][PASSED] - if (i == 2 &amp;&amp; wildList.indexOf(symbol) != -1): null

2019-08-23 18:49:47 - [TEST_STEP][PASSED] - if (i == 3 &amp;&amp; wildList.indexOf(symbol) != -1): null

2019-08-23 18:49:47 - [TEST_STEP][PASSED] - if (i == 4 &amp;&amp; wildList.indexOf(symbol) != -1): null

2019-08-23 18:49:47 - [TEST_STEP][PASSED] - symbol = symbol: null

2019-08-23 18:49:47 - [TEST_STEP][PASSED] - println(symbol): null

2019-08-23 18:49:47 - [TEST_STEP][PASSED] - if (i == 2 &amp;&amp; wildList.indexOf(symbol) != -1): null

2019-08-23 18:49:47 - [TEST_STEP][PASSED] - if (i == 3 &amp;&amp; wildList.indexOf(symbol) != -1): null

2019-08-23 18:49:47 - [TEST_STEP][PASSED] - if (i == 4 &amp;&amp; wildList.indexOf(symbol) != -1): null

2019-08-23 18:49:47 - [TEST_STEP][PASSED] - symbols = symbols: null

2019-08-23 18:49:47 - [TEST_STEP][PASSED] - for ([j = 0, j &lt; symbols.size(), (j++)]): null

2019-08-23 18:49:47 - [TEST_STEP][PASSED] - symbol = symbol: null

2019-08-23 18:49:47 - [TEST_STEP][PASSED] - println(symbol): null

2019-08-23 18:49:47 - [TEST_STEP][PASSED] - if (i == 2 &amp;&amp; wildList.indexOf(symbol) != -1): null

2019-08-23 18:49:47 - [TEST_STEP][PASSED] - if (i == 3 &amp;&amp; wildList.indexOf(symbol) != -1): null

2019-08-23 18:49:47 - [TEST_STEP][PASSED] - if (i == 4 &amp;&amp; wildList.indexOf(symbol) != -1): null

2019-08-23 18:49:47 - [TEST_STEP][PASSED] - symbol = symbol: null

2019-08-23 18:49:47 - [TEST_STEP][PASSED] - println(symbol): null

2019-08-23 18:49:47 - [TEST_STEP][PASSED] - if (i == 2 &amp;&amp; wildList.indexOf(symbol) != -1): null

2019-08-23 18:49:47 - [TEST_STEP][PASSED] - if (i == 3 &amp;&amp; wildList.indexOf(symbol) != -1): null

2019-08-23 18:49:47 - [TEST_STEP][PASSED] - if (i == 4 &amp;&amp; wildList.indexOf(symbol) != -1): null

2019-08-23 18:49:47 - [TEST_STEP][PASSED] - symbol = symbol: null

2019-08-23 18:49:47 - [TEST_STEP][PASSED] - println(symbol): null

2019-08-23 18:49:47 - [TEST_STEP][PASSED] - if (i == 2 &amp;&amp; wildList.indexOf(symbol) != -1): null

2019-08-23 18:49:47 - [TEST_STEP][PASSED] - if (i == 3 &amp;&amp; wildList.indexOf(symbol) != -1): null

2019-08-23 18:49:47 - [TEST_STEP][PASSED] - if (i == 4 &amp;&amp; wildList.indexOf(symbol) != -1): null

2019-08-23 18:49:47 - [TEST_STEP][PASSED] - free_spin_reel_counter = free_spin_reel_counter: null

2019-08-23 18:49:47 - [TEST_STEP][PASSED] - println("reel 3 wild found: " + free_spin_reel_counter[0]): null

2019-08-23 18:49:47 - [TEST_STEP][PASSED] - println("reel 4 wild found: " + free_spin_reel_counter[1]): null

2019-08-23 18:49:47 - [TEST_STEP][PASSED] - println("reel 5 wild found: " + free_spin_reel_counter[2]): null

2019-08-23 18:49:47 - [TEST_STEP][PASSED] - M4_spin_reels = M4_spin_reels: null

2019-08-23 18:49:47 - [TEST_STEP][PASSED] - M4_spin_reels_symbols = symbol: null

2019-08-23 18:49:47 - [TEST_STEP][PASSED] - M4_spin_reels_symbols = M4_spin_reels_symbols: null

2019-08-23 18:49:47 - [TEST_STEP][PASSED] - M4_spin_reel_wins = reel_wins: null

2019-08-23 18:49:47 - [TEST_STEP][PASSED] - M4_spin_reel_wins = M4_spin_reel_wins: null

2019-08-23 18:49:47 - [TEST_STEP][PASSED] - println("GlobalVariable.M4_spin_reel_wins is: " + M4_spin_reel_wins): null

2019-08-23 18:49:47 - [TEST_STEP][PASSED] - M4_spin_total_bonus_win_this_round = total_bonus_win_this_round: null

2019-08-23 18:49:47 - [TEST_STEP][PASSED] - M4_spin_total_bonus_win_this_round = M4_spin_total_bonus_win_this_round: null

2019-08-23 18:49:47 - [TEST_STEP][PASSED] - println("GlobalVariable.M4_spin_total_bonus_win_this_round is: " + M4_spin_total_bonus_win_this_round): null

2019-08-23 18:49:47 - [TEST_STEP][PASSED] - M4_spin_bonus_spin_result = spin_result: null

2019-08-23 18:49:47 - [TEST_STEP][PASSED] - M4_spin_bonus_spin_result = M4_spin_bonus_spin_result: null

2019-08-23 18:49:47 - [MESSAGE][PASSED] - Verify response successfully

2019-08-23 18:49:47 - [MESSAGE][PASSED] - Send request and verify the response successfully

2019-08-23 18:49:47 - [TEST_STEP][PASSED] - if (free_spin_reel_counter[0] &gt;= 1 &amp;&amp; free_spin_reel_counter[1] &gt;= 1 &amp;&amp; free_spin_reel_counter[2] &gt;= 1): null

2019-08-23 18:49:47 - [TEST_STEP][PASSED] - spin_result = sendRequestAndVerify(findTestObject("INT/RGS(M4)/1_M4_spin", ["M4_login_user_id":M4_login_user_id, "rgs_session_token":rgs_session_token, "partner":Partner])): Send request and verify the response successfully

2019-08-23 18:49:47 - [MESSAGE][INFO] - HAR: /Users/eiralee/Katalon_Script/SuperWild/Reports/20190823_184757/INT/superWild_1/20190823_184757/requests/main/21.har

2019-08-23 18:49:47 - [TEST_CASE][PASSED] - Start Test Case : Verification: Verification accomplished successfully

2019-08-23 18:49:48 - [TEST_STEP][PASSED] - request = getInstance().getCurrentRequest(): null

2019-08-23 18:49:48 - [TEST_STEP][PASSED] - response = getInstance().getCurrentResponse(): null

2019-08-23 18:49:48 - [TEST_STEP][PASSED] - verifyResponseStatusCode(response, 200): Verify response status code successfully

2019-08-23 18:49:48 - [MESSAGE][PASSED] - Verify response status code successfully

2019-08-23 18:49:48 - [TEST_STEP][PASSED] - getStatusCode()).isEqualTo(200): null

2019-08-23 18:49:48 - [TEST_STEP][PASSED] - newline = System.getProperty("line.separator"): null

2019-08-23 18:49:48 - [TEST_STEP][PASSED] - M4_spin = new groovy.json.JsonSlurper(): null

2019-08-23 18:49:48 - [TEST_STEP][PASSED] - result_M4_spin = M4_spin.parseText(response.getResponseBodyContent()): null

2019-08-23 18:49:48 - [TEST_STEP][PASSED] - M4_spin_current_balance = current_balance: null

2019-08-23 18:49:48 - [TEST_STEP][PASSED] - M4_spin_current_balance = M4_spin_current_balance: null

2019-08-23 18:49:48 - [TEST_STEP][PASSED] - M4_spin_transaction_id = causality: null

2019-08-23 18:49:48 - [TEST_STEP][PASSED] - M4_spin_transaction_id = M4_spin_transaction_id: null

2019-08-23 18:49:48 - [TEST_STEP][PASSED] - M4_spin_round_id = round_id: null

2019-08-23 18:49:48 - [TEST_STEP][PASSED] - M4_spin_round_id = M4_spin_round_id: null

2019-08-23 18:49:48 - [TEST_STEP][PASSED] - M4_spin_line_wins = line_wins: null

2019-08-23 18:49:48 - [TEST_STEP][PASSED] - M4_spin_line_wins = M4_spin_line_wins: null

2019-08-23 18:49:48 - [TEST_STEP][PASSED] - M4_total_bonus_spins_int = total_bonus_spins: null

2019-08-23 18:49:48 - [TEST_STEP][PASSED] - println("******M4_total_bonus_spins type is:*******" + newline + getClass().getName()): null

2019-08-23 18:49:48 - [TEST_STEP][PASSED] - M4_total_bonus_spins_int = M4_total_bonus_spins_int: null

2019-08-23 18:49:48 - [TEST_STEP][PASSED] - M4_total_bonus_spins = Integer.toString(M4_total_bonus_spins_int): null

2019-08-23 18:49:48 - [TEST_STEP][PASSED] - M4_total_bonus_spins = M4_total_bonus_spins: null

2019-08-23 18:49:48 - [TEST_STEP][PASSED] - println("M4_total_bonus_spins is:" + M4_total_bonus_spins): null

2019-08-23 18:49:48 - [TEST_STEP][PASSED] - M4_spin_bonus_data = bonus_data: null

2019-08-23 18:49:48 - [TEST_STEP][PASSED] - M4_spin_features_triggered = result_M4_spin: null

2019-08-23 18:49:48 - [TEST_STEP][PASSED] - wild = []: null

2019-08-23 18:49:48 - [TEST_STEP][PASSED] - wild[0] = "WILD_Expanding": null

2019-08-23 18:49:48 - [TEST_STEP][PASSED] - wild[1] = "WILD_Normal": null

2019-08-23 18:49:48 - [TEST_STEP][PASSED] - wild[2] = "WILD_Double": null

2019-08-23 18:49:48 - [TEST_STEP][PASSED] - wild[3] = "WILD_ExtraFG": null

2019-08-23 18:49:48 - [TEST_STEP][PASSED] - wild[4] = "WILD_Triple": null

2019-08-23 18:49:48 - [TEST_STEP][PASSED] - wildList = Arrays.asList(wild): null

2019-08-23 18:49:48 - [TEST_STEP][PASSED] - wildList = wildList: null

2019-08-23 18:49:48 - [TEST_STEP][PASSED] - free_spin_reel_counter = []: null

2019-08-23 18:49:48 - [TEST_STEP][PASSED] - free_spin_reel_counter[0] = 0: null

2019-08-23 18:49:48 - [TEST_STEP][PASSED] - free_spin_reel_counter[1] = 0: null

2019-08-23 18:49:48 - [TEST_STEP][PASSED] - free_spin_reel_counter[2] = 0: null

2019-08-23 18:49:48 - [TEST_STEP][PASSED] - M4_spin_reels = reels: null

2019-08-23 18:49:48 - [TEST_STEP][PASSED] - for ([i = 0, i &lt; M4_spin_reels.size(), (i++)]): null

2019-08-23 18:49:48 - [TEST_STEP][PASSED] - symbols = symbols: null

2019-08-23 18:49:48 - [TEST_STEP][PASSED] - for ([j = 0, j &lt; symbols.size(), (j++)]): null

2019-08-23 18:49:48 - [TEST_STEP][PASSED] - symbol = symbol: null

2019-08-23 18:49:48 - [TEST_STEP][PASSED] - println(symbol): null

2019-08-23 18:49:48 - [TEST_STEP][PASSED] - if (i == 2 &amp;&amp; wildList.indexOf(symbol) != -1): null

2019-08-23 18:49:48 - [TEST_STEP][PASSED] - if (i == 3 &amp;&amp; wildList.indexOf(symbol) != -1): null

2019-08-23 18:49:48 - [TEST_STEP][PASSED] - if (i == 4 &amp;&amp; wildList.indexOf(symbol) != -1): null

2019-08-23 18:49:48 - [TEST_STEP][PASSED] - symbol = symbol: null

2019-08-23 18:49:48 - [TEST_STEP][PASSED] - println(symbol): null

2019-08-23 18:49:48 - [TEST_STEP][PASSED] - if (i == 2 &amp;&amp; wildList.indexOf(symbol) != -1): null

2019-08-23 18:49:48 - [TEST_STEP][PASSED] - if (i == 3 &amp;&amp; wildList.indexOf(symbol) != -1): null

2019-08-23 18:49:48 - [TEST_STEP][PASSED] - if (i == 4 &amp;&amp; wildList.indexOf(symbol) != -1): null

2019-08-23 18:49:48 - [TEST_STEP][PASSED] - symbol = symbol: null

2019-08-23 18:49:48 - [TEST_STEP][PASSED] - println(symbol): null

2019-08-23 18:49:48 - [TEST_STEP][PASSED] - if (i == 2 &amp;&amp; wildList.indexOf(symbol) != -1): null

2019-08-23 18:49:48 - [TEST_STEP][PASSED] - if (i == 3 &amp;&amp; wildList.indexOf(symbol) != -1): null

2019-08-23 18:49:48 - [TEST_STEP][PASSED] - if (i == 4 &amp;&amp; wildList.indexOf(symbol) != -1): null

2019-08-23 18:49:48 - [TEST_STEP][PASSED] - symbols = symbols: null

2019-08-23 18:49:48 - [TEST_STEP][PASSED] - for ([j = 0, j &lt; symbols.size(), (j++)]): null

2019-08-23 18:49:48 - [TEST_STEP][PASSED] - symbol = symbol: null

2019-08-23 18:49:48 - [TEST_STEP][PASSED] - println(symbol): null

2019-08-23 18:49:48 - [TEST_STEP][PASSED] - if (i == 2 &amp;&amp; wildList.indexOf(symbol) != -1): null

2019-08-23 18:49:48 - [TEST_STEP][PASSED] - if (i == 3 &amp;&amp; wildList.indexOf(symbol) != -1): null

2019-08-23 18:49:48 - [TEST_STEP][PASSED] - if (i == 4 &amp;&amp; wildList.indexOf(symbol) != -1): null

2019-08-23 18:49:48 - [TEST_STEP][PASSED] - symbol = symbol: null

2019-08-23 18:49:48 - [TEST_STEP][PASSED] - println(symbol): null

2019-08-23 18:49:48 - [TEST_STEP][PASSED] - if (i == 2 &amp;&amp; wildList.indexOf(symbol) != -1): null

2019-08-23 18:49:48 - [TEST_STEP][PASSED] - if (i == 3 &amp;&amp; wildList.indexOf(symbol) != -1): null

2019-08-23 18:49:48 - [TEST_STEP][PASSED] - if (i == 4 &amp;&amp; wildList.indexOf(symbol) != -1): null

2019-08-23 18:49:48 - [TEST_STEP][PASSED] - symbol = symbol: null

2019-08-23 18:49:48 - [TEST_STEP][PASSED] - println(symbol): null

2019-08-23 18:49:48 - [TEST_STEP][PASSED] - if (i == 2 &amp;&amp; wildList.indexOf(symbol) != -1): null

2019-08-23 18:49:48 - [TEST_STEP][PASSED] - if (i == 3 &amp;&amp; wildList.indexOf(symbol) != -1): null

2019-08-23 18:49:48 - [TEST_STEP][PASSED] - if (i == 4 &amp;&amp; wildList.indexOf(symbol) != -1): null

2019-08-23 18:49:48 - [TEST_STEP][PASSED] - symbols = symbols: null

2019-08-23 18:49:48 - [TEST_STEP][PASSED] - for ([j = 0, j &lt; symbols.size(), (j++)]): null

2019-08-23 18:49:48 - [TEST_STEP][PASSED] - symbol = symbol: null

2019-08-23 18:49:48 - [TEST_STEP][PASSED] - println(symbol): null

2019-08-23 18:49:48 - [TEST_STEP][PASSED] - if (i == 2 &amp;&amp; wildList.indexOf(symbol) != -1): null

2019-08-23 18:49:48 - [TEST_STEP][PASSED] - if (i == 3 &amp;&amp; wildList.indexOf(symbol) != -1): null

2019-08-23 18:49:48 - [TEST_STEP][PASSED] - if (i == 4 &amp;&amp; wildList.indexOf(symbol) != -1): null

2019-08-23 18:49:48 - [TEST_STEP][PASSED] - symbol = symbol: null

2019-08-23 18:49:48 - [TEST_STEP][PASSED] - println(symbol): null

2019-08-23 18:49:48 - [TEST_STEP][PASSED] - if (i == 2 &amp;&amp; wildList.indexOf(symbol) != -1): null

2019-08-23 18:49:48 - [TEST_STEP][PASSED] - if (i == 3 &amp;&amp; wildList.indexOf(symbol) != -1): null

2019-08-23 18:49:48 - [TEST_STEP][PASSED] - if (i == 4 &amp;&amp; wildList.indexOf(symbol) != -1): null

2019-08-23 18:49:48 - [TEST_STEP][PASSED] - symbol = symbol: null

2019-08-23 18:49:48 - [TEST_STEP][PASSED] - println(symbol): null

2019-08-23 18:49:48 - [TEST_STEP][PASSED] - if (i == 2 &amp;&amp; wildList.indexOf(symbol) != -1): null

2019-08-23 18:49:48 - [TEST_STEP][PASSED] - if (i == 3 &amp;&amp; wildList.indexOf(symbol) != -1): null

2019-08-23 18:49:48 - [TEST_STEP][PASSED] - if (i == 4 &amp;&amp; wildList.indexOf(symbol) != -1): null

2019-08-23 18:49:48 - [TEST_STEP][PASSED] - symbols = symbols: null

2019-08-23 18:49:48 - [TEST_STEP][PASSED] - for ([j = 0, j &lt; symbols.size(), (j++)]): null

2019-08-23 18:49:48 - [TEST_STEP][PASSED] - symbol = symbol: null

2019-08-23 18:49:48 - [TEST_STEP][PASSED] - println(symbol): null

2019-08-23 18:49:48 - [TEST_STEP][PASSED] - if (i == 2 &amp;&amp; wildList.indexOf(symbol) != -1): null

2019-08-23 18:49:48 - [TEST_STEP][PASSED] - if (i == 3 &amp;&amp; wildList.indexOf(symbol) != -1): null

2019-08-23 18:49:48 - [TEST_STEP][PASSED] - if (i == 4 &amp;&amp; wildList.indexOf(symbol) != -1): null

2019-08-23 18:49:48 - [TEST_STEP][PASSED] - symbol = symbol: null

2019-08-23 18:49:48 - [TEST_STEP][PASSED] - println(symbol): null

2019-08-23 18:49:48 - [TEST_STEP][PASSED] - if (i == 2 &amp;&amp; wildList.indexOf(symbol) != -1): null

2019-08-23 18:49:48 - [TEST_STEP][PASSED] - if (i == 3 &amp;&amp; wildList.indexOf(symbol) != -1): null

2019-08-23 18:49:48 - [TEST_STEP][PASSED] - println("wild found on reel 4, adding counter by 1"): null

2019-08-23 18:49:48 - [TEST_STEP][PASSED] - free_spin_reel_counter[1] = free_spin_reel_counter[1] + 1: null

2019-08-23 18:49:48 - [TEST_STEP][PASSED] - if (i == 4 &amp;&amp; wildList.indexOf(symbol) != -1): null

2019-08-23 18:49:48 - [TEST_STEP][PASSED] - symbol = symbol: null

2019-08-23 18:49:48 - [TEST_STEP][PASSED] - println(symbol): null

2019-08-23 18:49:48 - [TEST_STEP][PASSED] - if (i == 2 &amp;&amp; wildList.indexOf(symbol) != -1): null

2019-08-23 18:49:48 - [TEST_STEP][PASSED] - if (i == 3 &amp;&amp; wildList.indexOf(symbol) != -1): null

2019-08-23 18:49:48 - [TEST_STEP][PASSED] - if (i == 4 &amp;&amp; wildList.indexOf(symbol) != -1): null

2019-08-23 18:49:48 - [TEST_STEP][PASSED] - symbols = symbols: null

2019-08-23 18:49:48 - [TEST_STEP][PASSED] - for ([j = 0, j &lt; symbols.size(), (j++)]): null

2019-08-23 18:49:48 - [TEST_STEP][PASSED] - symbol = symbol: null

2019-08-23 18:49:48 - [TEST_STEP][PASSED] - println(symbol): null

2019-08-23 18:50:05 - [TEST_STEP][PASSED] - if (i == 2 &amp;&amp; wildList.indexOf(symbol) != -1): null

2019-08-23 18:50:05 - [TEST_STEP][PASSED] - if (i == 3 &amp;&amp; wildList.indexOf(symbol) != -1): null

2019-08-23 18:50:05 - [TEST_STEP][PASSED] - if (i == 4 &amp;&amp; wildList.indexOf(symbol) != -1): null

2019-08-23 18:50:05 - [TEST_STEP][PASSED] - symbol = symbol: null

2019-08-23 18:50:05 - [TEST_STEP][PASSED] - println(symbol): null

2019-08-23 18:50:05 - [TEST_STEP][PASSED] - if (i == 2 &amp;&amp; wildList.indexOf(symbol) != -1): null

2019-08-23 18:50:05 - [TEST_STEP][PASSED] - if (i == 3 &amp;&amp; wildList.indexOf(symbol) != -1): null

2019-08-23 18:50:05 - [TEST_STEP][PASSED] - if (i == 4 &amp;&amp; wildList.indexOf(symbol) != -1): null

2019-08-23 18:50:05 - [TEST_STEP][PASSED] - symbol = symbol: null

2019-08-23 18:50:05 - [TEST_STEP][PASSED] - println(symbol): null

2019-08-23 18:50:05 - [TEST_STEP][PASSED] - if (i == 2 &amp;&amp; wildList.indexOf(symbol) != -1): null

2019-08-23 18:50:05 - [TEST_STEP][PASSED] - if (i == 3 &amp;&amp; wildList.indexOf(symbol) != -1): null

2019-08-23 18:50:05 - [TEST_STEP][PASSED] - if (i == 4 &amp;&amp; wildList.indexOf(symbol) != -1): null

2019-08-23 18:50:05 - [TEST_STEP][PASSED] - free_spin_reel_counter = free_spin_reel_counter: null

2019-08-23 18:50:05 - [TEST_STEP][PASSED] - println("reel 3 wild found: " + free_spin_reel_counter[0]): null

2019-08-23 18:50:05 - [TEST_STEP][PASSED] - println("reel 4 wild found: " + free_spin_reel_counter[1]): null

2019-08-23 18:50:05 - [TEST_STEP][PASSED] - println("reel 5 wild found: " + free_spin_reel_counter[2]): null

2019-08-23 18:50:05 - [TEST_STEP][PASSED] - M4_spin_reels = M4_spin_reels: null

2019-08-23 18:50:05 - [TEST_STEP][PASSED] - M4_spin_reels_symbols = symbol: null

2019-08-23 18:50:05 - [TEST_STEP][PASSED] - M4_spin_reels_symbols = M4_spin_reels_symbols: null

2019-08-23 18:50:05 - [TEST_STEP][PASSED] - M4_spin_reel_wins = reel_wins: null

2019-08-23 18:50:05 - [TEST_STEP][PASSED] - M4_spin_reel_wins = M4_spin_reel_wins: null

2019-08-23 18:50:05 - [TEST_STEP][PASSED] - println("GlobalVariable.M4_spin_reel_wins is: " + M4_spin_reel_wins): null

2019-08-23 18:50:05 - [TEST_STEP][PASSED] - M4_spin_total_bonus_win_this_round = total_bonus_win_this_round: null

2019-08-23 18:50:05 - [TEST_STEP][PASSED] - M4_spin_total_bonus_win_this_round = M4_spin_total_bonus_win_this_round: null

2019-08-23 18:50:05 - [TEST_STEP][PASSED] - println("GlobalVariable.M4_spin_total_bonus_win_this_round is: " + M4_spin_total_bonus_win_this_round): null

2019-08-23 18:50:05 - [TEST_STEP][PASSED] - M4_spin_bonus_spin_result = spin_result: null

2019-08-23 18:50:05 - [TEST_STEP][PASSED] - M4_spin_bonus_spin_result = M4_spin_bonus_spin_result: null

2019-08-23 18:50:05 - [MESSAGE][PASSED] - Verify response successfully

2019-08-23 18:50:05 - [MESSAGE][PASSED] - Send request and verify the response successfully

2019-08-23 18:50:05 - [TEST_STEP][PASSED] - if (free_spin_reel_counter[0] &gt;= 1 &amp;&amp; free_spin_reel_counter[1] &gt;= 1 &amp;&amp; free_spin_reel_counter[2] &gt;= 1): null

2019-08-23 18:50:05 - [TEST_STEP][PASSED] - spin_result = sendRequestAndVerify(findTestObject("INT/RGS(M4)/1_M4_spin", ["M4_login_user_id":M4_login_user_id, "rgs_session_token":rgs_session_token, "partner":Partner])): Send request and verify the response successfully

2019-08-23 18:50:06 - [MESSAGE][INFO] - HAR: /Users/eiralee/Katalon_Script/SuperWild/Reports/20190823_184757/INT/superWild_1/20190823_184757/requests/main/22.har

2019-08-23 18:50:06 - [TEST_CASE][PASSED] - Start Test Case : Verification: Verification accomplished successfully

2019-08-23 18:50:06 - [TEST_STEP][PASSED] - request = getInstance().getCurrentRequest(): null

2019-08-23 18:50:06 - [TEST_STEP][PASSED] - response = getInstance().getCurrentResponse(): null

2019-08-23 18:50:06 - [TEST_STEP][PASSED] - verifyResponseStatusCode(response, 200): Verify response status code successfully

2019-08-23 18:50:06 - [MESSAGE][PASSED] - Verify response status code successfully

2019-08-23 18:50:06 - [TEST_STEP][PASSED] - getStatusCode()).isEqualTo(200): null

2019-08-23 18:50:06 - [TEST_STEP][PASSED] - newline = System.getProperty("line.separator"): null

2019-08-23 18:50:06 - [TEST_STEP][PASSED] - M4_spin = new groovy.json.JsonSlurper(): null

2019-08-23 18:50:06 - [TEST_STEP][PASSED] - result_M4_spin = M4_spin.parseText(response.getResponseBodyContent()): null

2019-08-23 18:50:06 - [TEST_STEP][PASSED] - M4_spin_current_balance = current_balance: null

2019-08-23 18:50:06 - [TEST_STEP][PASSED] - M4_spin_current_balance = M4_spin_current_balance: null

2019-08-23 18:50:06 - [TEST_STEP][PASSED] - M4_spin_transaction_id = causality: null

2019-08-23 18:50:06 - [TEST_STEP][PASSED] - M4_spin_transaction_id = M4_spin_transaction_id: null

2019-08-23 18:50:06 - [TEST_STEP][PASSED] - M4_spin_round_id = round_id: null

2019-08-23 18:50:06 - [TEST_STEP][PASSED] - M4_spin_round_id = M4_spin_round_id: null

2019-08-23 18:50:06 - [TEST_STEP][PASSED] - M4_spin_line_wins = line_wins: null

2019-08-23 18:50:06 - [TEST_STEP][PASSED] - M4_spin_line_wins = M4_spin_line_wins: null

2019-08-23 18:50:06 - [TEST_STEP][PASSED] - M4_total_bonus_spins_int = total_bonus_spins: null

2019-08-23 18:50:06 - [TEST_STEP][PASSED] - println("******M4_total_bonus_spins type is:*******" + newline + getClass().getName()): null

2019-08-23 18:50:06 - [TEST_STEP][PASSED] - M4_total_bonus_spins_int = M4_total_bonus_spins_int: null

2019-08-23 18:50:06 - [TEST_STEP][PASSED] - M4_total_bonus_spins = Integer.toString(M4_total_bonus_spins_int): null

2019-08-23 18:50:06 - [TEST_STEP][PASSED] - M4_total_bonus_spins = M4_total_bonus_spins: null

2019-08-23 18:50:06 - [TEST_STEP][PASSED] - println("M4_total_bonus_spins is:" + M4_total_bonus_spins): null

2019-08-23 18:50:06 - [TEST_STEP][PASSED] - M4_spin_bonus_data = bonus_data: null

2019-08-23 18:50:06 - [TEST_STEP][PASSED] - M4_spin_features_triggered = result_M4_spin: null

2019-08-23 18:50:06 - [TEST_STEP][PASSED] - wild = []: null

2019-08-23 18:50:06 - [TEST_STEP][PASSED] - wild[0] = "WILD_Expanding": null

2019-08-23 18:50:06 - [TEST_STEP][PASSED] - wild[1] = "WILD_Normal": null

2019-08-23 18:50:06 - [TEST_STEP][PASSED] - wild[2] = "WILD_Double": null

2019-08-23 18:50:06 - [TEST_STEP][PASSED] - wild[3] = "WILD_ExtraFG": null

2019-08-23 18:50:06 - [TEST_STEP][PASSED] - wild[4] = "WILD_Triple": null

2019-08-23 18:50:06 - [TEST_STEP][PASSED] - wildList = Arrays.asList(wild): null

2019-08-23 18:50:06 - [TEST_STEP][PASSED] - wildList = wildList: null

2019-08-23 18:50:06 - [TEST_STEP][PASSED] - free_spin_reel_counter = []: null

2019-08-23 18:50:06 - [TEST_STEP][PASSED] - free_spin_reel_counter[0] = 0: null

2019-08-23 18:50:06 - [TEST_STEP][PASSED] - free_spin_reel_counter[1] = 0: null

2019-08-23 18:50:06 - [TEST_STEP][PASSED] - free_spin_reel_counter[2] = 0: null

2019-08-23 18:50:06 - [TEST_STEP][PASSED] - M4_spin_reels = reels: null

2019-08-23 18:50:06 - [TEST_STEP][PASSED] - for ([i = 0, i &lt; M4_spin_reels.size(), (i++)]): null

2019-08-23 18:50:06 - [TEST_STEP][PASSED] - symbols = symbols: null

2019-08-23 18:50:06 - [TEST_STEP][PASSED] - for ([j = 0, j &lt; symbols.size(), (j++)]): null

2019-08-23 18:50:06 - [TEST_STEP][PASSED] - symbol = symbol: null

2019-08-23 18:50:06 - [TEST_STEP][PASSED] - println(symbol): null

2019-08-23 18:50:06 - [TEST_STEP][PASSED] - if (i == 2 &amp;&amp; wildList.indexOf(symbol) != -1): null

2019-08-23 18:50:06 - [TEST_STEP][PASSED] - if (i == 3 &amp;&amp; wildList.indexOf(symbol) != -1): null

2019-08-23 18:50:06 - [TEST_STEP][PASSED] - if (i == 4 &amp;&amp; wildList.indexOf(symbol) != -1): null

2019-08-23 18:50:06 - [TEST_STEP][PASSED] - symbol = symbol: null

2019-08-23 18:50:06 - [TEST_STEP][PASSED] - println(symbol): null

2019-08-23 18:50:06 - [TEST_STEP][PASSED] - if (i == 2 &amp;&amp; wildList.indexOf(symbol) != -1): null

2019-08-23 18:50:06 - [TEST_STEP][PASSED] - if (i == 3 &amp;&amp; wildList.indexOf(symbol) != -1): null

2019-08-23 18:50:06 - [TEST_STEP][PASSED] - if (i == 4 &amp;&amp; wildList.indexOf(symbol) != -1): null

2019-08-23 18:50:06 - [TEST_STEP][PASSED] - symbol = symbol: null

2019-08-23 18:50:06 - [TEST_STEP][PASSED] - println(symbol): null

2019-08-23 18:50:06 - [TEST_STEP][PASSED] - if (i == 2 &amp;&amp; wildList.indexOf(symbol) != -1): null

2019-08-23 18:50:06 - [TEST_STEP][PASSED] - if (i == 3 &amp;&amp; wildList.indexOf(symbol) != -1): null

2019-08-23 18:50:06 - [TEST_STEP][PASSED] - if (i == 4 &amp;&amp; wildList.indexOf(symbol) != -1): null

2019-08-23 18:50:06 - [TEST_STEP][PASSED] - symbols = symbols: null

2019-08-23 18:50:06 - [TEST_STEP][PASSED] - for ([j = 0, j &lt; symbols.size(), (j++)]): null

2019-08-23 18:50:06 - [TEST_STEP][PASSED] - symbol = symbol: null

2019-08-23 18:50:06 - [TEST_STEP][PASSED] - println(symbol): null

2019-08-23 18:50:06 - [TEST_STEP][PASSED] - if (i == 2 &amp;&amp; wildList.indexOf(symbol) != -1): null

2019-08-23 18:50:06 - [TEST_STEP][PASSED] - if (i == 3 &amp;&amp; wildList.indexOf(symbol) != -1): null

2019-08-23 18:50:06 - [TEST_STEP][PASSED] - if (i == 4 &amp;&amp; wildList.indexOf(symbol) != -1): null

2019-08-23 18:50:06 - [TEST_STEP][PASSED] - symbol = symbol: null

2019-08-23 18:50:06 - [TEST_STEP][PASSED] - println(symbol): null

2019-08-23 18:50:06 - [TEST_STEP][PASSED] - if (i == 2 &amp;&amp; wildList.indexOf(symbol) != -1): null

2019-08-23 18:50:06 - [TEST_STEP][PASSED] - if (i == 3 &amp;&amp; wildList.indexOf(symbol) != -1): null

2019-08-23 18:50:06 - [TEST_STEP][PASSED] - if (i == 4 &amp;&amp; wildList.indexOf(symbol) != -1): null

2019-08-23 18:50:06 - [TEST_STEP][PASSED] - symbol = symbol: null

2019-08-23 18:50:06 - [TEST_STEP][PASSED] - println(symbol): null

2019-08-23 18:50:06 - [TEST_STEP][PASSED] - if (i == 2 &amp;&amp; wildList.indexOf(symbol) != -1): null

2019-08-23 18:50:06 - [TEST_STEP][PASSED] - if (i == 3 &amp;&amp; wildList.indexOf(symbol) != -1): null

2019-08-23 18:50:06 - [TEST_STEP][PASSED] - if (i == 4 &amp;&amp; wildList.indexOf(symbol) != -1): null

2019-08-23 18:50:06 - [TEST_STEP][PASSED] - symbols = symbols: null

2019-08-23 18:50:06 - [TEST_STEP][PASSED] - for ([j = 0, j &lt; symbols.size(), (j++)]): null

2019-08-23 18:50:06 - [TEST_STEP][PASSED] - symbol = symbol: null

2019-08-23 18:50:06 - [TEST_STEP][PASSED] - println(symbol): null

2019-08-23 18:50:06 - [TEST_STEP][PASSED] - if (i == 2 &amp;&amp; wildList.indexOf(symbol) != -1): null

2019-08-23 18:50:06 - [TEST_STEP][PASSED] - println("wild found on reel 3, adding counter by 1"): null

2019-08-23 18:50:06 - [TEST_STEP][PASSED] - free_spin_reel_counter[0] = free_spin_reel_counter[0] + 1: null

2019-08-23 18:50:06 - [TEST_STEP][PASSED] - if (i == 3 &amp;&amp; wildList.indexOf(symbol) != -1): null

2019-08-23 18:50:06 - [TEST_STEP][PASSED] - if (i == 4 &amp;&amp; wildList.indexOf(symbol) != -1): null

2019-08-23 18:50:06 - [TEST_STEP][PASSED] - symbol = symbol: null

2019-08-23 18:50:06 - [TEST_STEP][PASSED] - println(symbol): null

2019-08-23 18:50:06 - [TEST_STEP][PASSED] - if (i == 2 &amp;&amp; wildList.indexOf(symbol) != -1): null

2019-08-23 18:50:06 - [TEST_STEP][PASSED] - if (i == 3 &amp;&amp; wildList.indexOf(symbol) != -1): null

2019-08-23 18:50:06 - [TEST_STEP][PASSED] - if (i == 4 &amp;&amp; wildList.indexOf(symbol) != -1): null

2019-08-23 18:50:06 - [TEST_STEP][PASSED] - symbol = symbol: null

2019-08-23 18:50:06 - [TEST_STEP][PASSED] - println(symbol): null

2019-08-23 18:50:06 - [TEST_STEP][PASSED] - if (i == 2 &amp;&amp; wildList.indexOf(symbol) != -1): null

2019-08-23 18:50:06 - [TEST_STEP][PASSED] - if (i == 3 &amp;&amp; wildList.indexOf(symbol) != -1): null

2019-08-23 18:50:06 - [TEST_STEP][PASSED] - if (i == 4 &amp;&amp; wildList.indexOf(symbol) != -1): null

2019-08-23 18:50:06 - [TEST_STEP][PASSED] - symbols = symbols: null

2019-08-23 18:50:06 - [TEST_STEP][PASSED] - for ([j = 0, j &lt; symbols.size(), (j++)]): null

2019-08-23 18:50:06 - [TEST_STEP][PASSED] - symbol = symbol: null

2019-08-23 18:50:06 - [TEST_STEP][PASSED] - println(symbol): null

2019-08-23 18:50:06 - [TEST_STEP][PASSED] - if (i == 2 &amp;&amp; wildList.indexOf(symbol) != -1): null

2019-08-23 18:50:06 - [TEST_STEP][PASSED] - if (i == 3 &amp;&amp; wildList.indexOf(symbol) != -1): null

2019-08-23 18:50:06 - [TEST_STEP][PASSED] - if (i == 4 &amp;&amp; wildList.indexOf(symbol) != -1): null

2019-08-23 18:50:06 - [TEST_STEP][PASSED] - symbol = symbol: null

2019-08-23 18:50:06 - [TEST_STEP][PASSED] - println(symbol): null

2019-08-23 18:50:06 - [TEST_STEP][PASSED] - if (i == 2 &amp;&amp; wildList.indexOf(symbol) != -1): null

2019-08-23 18:50:06 - [TEST_STEP][PASSED] - if (i == 3 &amp;&amp; wildList.indexOf(symbol) != -1): null

2019-08-23 18:50:06 - [TEST_STEP][PASSED] - if (i == 4 &amp;&amp; wildList.indexOf(symbol) != -1): null

2019-08-23 18:50:06 - [TEST_STEP][PASSED] - symbol = symbol: null

2019-08-23 18:50:06 - [TEST_STEP][PASSED] - println(symbol): null

2019-08-23 18:50:06 - [TEST_STEP][PASSED] - if (i == 2 &amp;&amp; wildList.indexOf(symbol) != -1): null

2019-08-23 18:50:06 - [TEST_STEP][PASSED] - if (i == 3 &amp;&amp; wildList.indexOf(symbol) != -1): null

2019-08-23 18:50:06 - [TEST_STEP][PASSED] - if (i == 4 &amp;&amp; wildList.indexOf(symbol) != -1): null

2019-08-23 18:50:06 - [TEST_STEP][PASSED] - symbols = symbols: null

2019-08-23 18:50:06 - [TEST_STEP][PASSED] - for ([j = 0, j &lt; symbols.size(), (j++)]): null

2019-08-23 18:50:06 - [TEST_STEP][PASSED] - symbol = symbol: null

2019-08-23 18:50:06 - [TEST_STEP][PASSED] - println(symbol): null

2019-08-23 18:50:06 - [TEST_STEP][PASSED] - if (i == 2 &amp;&amp; wildList.indexOf(symbol) != -1): null

2019-08-23 18:50:06 - [TEST_STEP][PASSED] - if (i == 3 &amp;&amp; wildList.indexOf(symbol) != -1): null

2019-08-23 18:50:06 - [TEST_STEP][PASSED] - if (i == 4 &amp;&amp; wildList.indexOf(symbol) != -1): null

2019-08-23 18:50:06 - [TEST_STEP][PASSED] - symbol = symbol: null

2019-08-23 18:50:06 - [TEST_STEP][PASSED] - println(symbol): null

2019-08-23 18:50:06 - [TEST_STEP][PASSED] - if (i == 2 &amp;&amp; wildList.indexOf(symbol) != -1): null

2019-08-23 18:50:06 - [TEST_STEP][PASSED] - if (i == 3 &amp;&amp; wildList.indexOf(symbol) != -1): null

2019-08-23 18:50:06 - [TEST_STEP][PASSED] - if (i == 4 &amp;&amp; wildList.indexOf(symbol) != -1): null

2019-08-23 18:50:06 - [TEST_STEP][PASSED] - symbol = symbol: null

2019-08-23 18:50:06 - [TEST_STEP][PASSED] - println(symbol): null

2019-08-23 18:50:06 - [TEST_STEP][PASSED] - if (i == 2 &amp;&amp; wildList.indexOf(symbol) != -1): null

2019-08-23 18:50:06 - [TEST_STEP][PASSED] - if (i == 3 &amp;&amp; wildList.indexOf(symbol) != -1): null

2019-08-23 18:50:06 - [TEST_STEP][PASSED] - if (i == 4 &amp;&amp; wildList.indexOf(symbol) != -1): null

2019-08-23 18:50:06 - [TEST_STEP][PASSED] - free_spin_reel_counter = free_spin_reel_counter: null

2019-08-23 18:50:06 - [TEST_STEP][PASSED] - println("reel 3 wild found: " + free_spin_reel_counter[0]): null

2019-08-23 18:50:06 - [TEST_STEP][PASSED] - println("reel 4 wild found: " + free_spin_reel_counter[1]): null

2019-08-23 18:50:06 - [TEST_STEP][PASSED] - println("reel 5 wild found: " + free_spin_reel_counter[2]): null

2019-08-23 18:50:06 - [TEST_STEP][PASSED] - M4_spin_reels = M4_spin_reels: null

2019-08-23 18:50:06 - [TEST_STEP][PASSED] - M4_spin_reels_symbols = symbol: null

2019-08-23 18:50:06 - [TEST_STEP][PASSED] - M4_spin_reels_symbols = M4_spin_reels_symbols: null

2019-08-23 18:50:06 - [TEST_STEP][PASSED] - M4_spin_reel_wins = reel_wins: null

2019-08-23 18:50:06 - [TEST_STEP][PASSED] - M4_spin_reel_wins = M4_spin_reel_wins: null

2019-08-23 18:50:06 - [TEST_STEP][PASSED] - println("GlobalVariable.M4_spin_reel_wins is: " + M4_spin_reel_wins): null

2019-08-23 18:50:06 - [TEST_STEP][PASSED] - M4_spin_total_bonus_win_this_round = total_bonus_win_this_round: null

2019-08-23 18:50:06 - [TEST_STEP][PASSED] - M4_spin_total_bonus_win_this_round = M4_spin_total_bonus_win_this_round: null

2019-08-23 18:50:06 - [TEST_STEP][PASSED] - println("GlobalVariable.M4_spin_total_bonus_win_this_round is: " + M4_spin_total_bonus_win_this_round): null

2019-08-23 18:50:06 - [TEST_STEP][PASSED] - M4_spin_bonus_spin_result = spin_result: null

2019-08-23 18:50:06 - [TEST_STEP][PASSED] - M4_spin_bonus_spin_result = M4_spin_bonus_spin_result: null

2019-08-23 18:50:06 - [MESSAGE][PASSED] - Verify response successfully

2019-08-23 18:50:06 - [MESSAGE][PASSED] - Send request and verify the response successfully

2019-08-23 18:50:06 - [TEST_STEP][PASSED] - if (free_spin_reel_counter[0] &gt;= 1 &amp;&amp; free_spin_reel_counter[1] &gt;= 1 &amp;&amp; free_spin_reel_counter[2] &gt;= 1): null

2019-08-23 18:50:06 - [TEST_STEP][PASSED] - spin_result = sendRequestAndVerify(findTestObject("INT/RGS(M4)/1_M4_spin", ["M4_login_user_id":M4_login_user_id, "rgs_session_token":rgs_session_token, "partner":Partner])): Send request and verify the response successfully

2019-08-23 18:50:06 - [MESSAGE][INFO] - HAR: /Users/eiralee/Katalon_Script/SuperWild/Reports/20190823_184757/INT/superWild_1/20190823_184757/requests/main/23.har

2019-08-23 18:50:06 - [TEST_CASE][PASSED] - Start Test Case : Verification: Verification accomplished successfully

2019-08-23 18:50:06 - [TEST_STEP][PASSED] - request = getInstance().getCurrentRequest(): null

2019-08-23 18:50:07 - [TEST_STEP][PASSED] - response = getInstance().getCurrentResponse(): null

2019-08-23 18:50:07 - [TEST_STEP][PASSED] - verifyResponseStatusCode(response, 200): Verify response status code successfully

2019-08-23 18:50:07 - [MESSAGE][PASSED] - Verify response status code successfully

2019-08-23 18:50:07 - [TEST_STEP][PASSED] - getStatusCode()).isEqualTo(200): null

2019-08-23 18:50:07 - [TEST_STEP][PASSED] - newline = System.getProperty("line.separator"): null

2019-08-23 18:50:07 - [TEST_STEP][PASSED] - M4_spin = new groovy.json.JsonSlurper(): null

2019-08-23 18:50:07 - [TEST_STEP][PASSED] - result_M4_spin = M4_spin.parseText(response.getResponseBodyContent()): null

2019-08-23 18:50:07 - [TEST_STEP][PASSED] - M4_spin_current_balance = current_balance: null

2019-08-23 18:50:07 - [TEST_STEP][PASSED] - M4_spin_current_balance = M4_spin_current_balance: null

2019-08-23 18:50:07 - [TEST_STEP][PASSED] - M4_spin_transaction_id = causality: null

2019-08-23 18:50:07 - [TEST_STEP][PASSED] - M4_spin_transaction_id = M4_spin_transaction_id: null

2019-08-23 18:50:07 - [TEST_STEP][PASSED] - M4_spin_round_id = round_id: null

2019-08-23 18:50:07 - [TEST_STEP][PASSED] - M4_spin_round_id = M4_spin_round_id: null

2019-08-23 18:50:07 - [TEST_STEP][PASSED] - M4_spin_line_wins = line_wins: null

2019-08-23 18:50:07 - [TEST_STEP][PASSED] - M4_spin_line_wins = M4_spin_line_wins: null

2019-08-23 18:50:07 - [TEST_STEP][PASSED] - M4_total_bonus_spins_int = total_bonus_spins: null

2019-08-23 18:50:07 - [TEST_STEP][PASSED] - println("******M4_total_bonus_spins type is:*******" + newline + getClass().getName()): null

2019-08-23 18:50:07 - [TEST_STEP][PASSED] - M4_total_bonus_spins_int = M4_total_bonus_spins_int: null

2019-08-23 18:50:07 - [TEST_STEP][PASSED] - M4_total_bonus_spins = Integer.toString(M4_total_bonus_spins_int): null

2019-08-23 18:50:07 - [TEST_STEP][PASSED] - M4_total_bonus_spins = M4_total_bonus_spins: null

2019-08-23 18:50:07 - [TEST_STEP][PASSED] - println("M4_total_bonus_spins is:" + M4_total_bonus_spins): null

2019-08-23 18:50:07 - [TEST_STEP][PASSED] - M4_spin_bonus_data = bonus_data: null

2019-08-23 18:50:07 - [TEST_STEP][PASSED] - M4_spin_features_triggered = result_M4_spin: null

2019-08-23 18:50:07 - [TEST_STEP][PASSED] - wild = []: null

2019-08-23 18:50:07 - [TEST_STEP][PASSED] - wild[0] = "WILD_Expanding": null

2019-08-23 18:50:07 - [TEST_STEP][PASSED] - wild[1] = "WILD_Normal": null

2019-08-23 18:50:07 - [TEST_STEP][PASSED] - wild[2] = "WILD_Double": null

2019-08-23 18:50:07 - [TEST_STEP][PASSED] - wild[3] = "WILD_ExtraFG": null

2019-08-23 18:50:07 - [TEST_STEP][PASSED] - wild[4] = "WILD_Triple": null

2019-08-23 18:50:07 - [TEST_STEP][PASSED] - wildList = Arrays.asList(wild): null

2019-08-23 18:50:07 - [TEST_STEP][PASSED] - wildList = wildList: null

2019-08-23 18:50:07 - [TEST_STEP][PASSED] - free_spin_reel_counter = []: null

2019-08-23 18:50:07 - [TEST_STEP][PASSED] - free_spin_reel_counter[0] = 0: null

2019-08-23 18:50:07 - [TEST_STEP][PASSED] - free_spin_reel_counter[1] = 0: null

2019-08-23 18:50:07 - [TEST_STEP][PASSED] - free_spin_reel_counter[2] = 0: null

2019-08-23 18:50:07 - [TEST_STEP][PASSED] - M4_spin_reels = reels: null

2019-08-23 18:50:07 - [TEST_STEP][PASSED] - for ([i = 0, i &lt; M4_spin_reels.size(), (i++)]): null

2019-08-23 18:50:07 - [TEST_STEP][PASSED] - symbols = symbols: null

2019-08-23 18:50:07 - [TEST_STEP][PASSED] - for ([j = 0, j &lt; symbols.size(), (j++)]): null

2019-08-23 18:50:07 - [TEST_STEP][PASSED] - symbol = symbol: null

2019-08-23 18:50:07 - [TEST_STEP][PASSED] - println(symbol): null

2019-08-23 18:50:07 - [TEST_STEP][PASSED] - if (i == 2 &amp;&amp; wildList.indexOf(symbol) != -1): null

2019-08-23 18:50:07 - [TEST_STEP][PASSED] - if (i == 3 &amp;&amp; wildList.indexOf(symbol) != -1): null

2019-08-23 18:50:07 - [TEST_STEP][PASSED] - if (i == 4 &amp;&amp; wildList.indexOf(symbol) != -1): null

2019-08-23 18:50:07 - [TEST_STEP][PASSED] - symbol = symbol: null

2019-08-23 18:50:07 - [TEST_STEP][PASSED] - println(symbol): null

2019-08-23 18:50:07 - [TEST_STEP][PASSED] - if (i == 2 &amp;&amp; wildList.indexOf(symbol) != -1): null

2019-08-23 18:50:07 - [TEST_STEP][PASSED] - if (i == 3 &amp;&amp; wildList.indexOf(symbol) != -1): null

2019-08-23 18:50:07 - [TEST_STEP][PASSED] - if (i == 4 &amp;&amp; wildList.indexOf(symbol) != -1): null

2019-08-23 18:50:07 - [TEST_STEP][PASSED] - symbol = symbol: null

2019-08-23 18:50:07 - [TEST_STEP][PASSED] - println(symbol): null

2019-08-23 18:50:07 - [TEST_STEP][PASSED] - if (i == 2 &amp;&amp; wildList.indexOf(symbol) != -1): null

2019-08-23 18:50:07 - [TEST_STEP][PASSED] - if (i == 3 &amp;&amp; wildList.indexOf(symbol) != -1): null

2019-08-23 18:50:07 - [TEST_STEP][PASSED] - if (i == 4 &amp;&amp; wildList.indexOf(symbol) != -1): null

2019-08-23 18:50:07 - [TEST_STEP][PASSED] - symbols = symbols: null

2019-08-23 18:50:07 - [TEST_STEP][PASSED] - for ([j = 0, j &lt; symbols.size(), (j++)]): null

2019-08-23 18:50:07 - [TEST_STEP][PASSED] - symbol = symbol: null

2019-08-23 18:50:07 - [TEST_STEP][PASSED] - println(symbol): null

2019-08-23 18:50:07 - [TEST_STEP][PASSED] - if (i == 2 &amp;&amp; wildList.indexOf(symbol) != -1): null

2019-08-23 18:50:07 - [TEST_STEP][PASSED] - if (i == 3 &amp;&amp; wildList.indexOf(symbol) != -1): null

2019-08-23 18:50:07 - [TEST_STEP][PASSED] - if (i == 4 &amp;&amp; wildList.indexOf(symbol) != -1): null

2019-08-23 18:50:07 - [TEST_STEP][PASSED] - symbol = symbol: null

2019-08-23 18:50:07 - [TEST_STEP][PASSED] - println(symbol): null

2019-08-23 18:50:07 - [TEST_STEP][PASSED] - if (i == 2 &amp;&amp; wildList.indexOf(symbol) != -1): null

2019-08-23 18:50:07 - [TEST_STEP][PASSED] - if (i == 3 &amp;&amp; wildList.indexOf(symbol) != -1): null

2019-08-23 18:50:07 - [TEST_STEP][PASSED] - if (i == 4 &amp;&amp; wildList.indexOf(symbol) != -1): null

2019-08-23 18:50:07 - [TEST_STEP][PASSED] - symbol = symbol: null

2019-08-23 18:50:07 - [TEST_STEP][PASSED] - println(symbol): null

2019-08-23 18:50:07 - [TEST_STEP][PASSED] - if (i == 2 &amp;&amp; wildList.indexOf(symbol) != -1): null

2019-08-23 18:50:07 - [TEST_STEP][PASSED] - if (i == 3 &amp;&amp; wildList.indexOf(symbol) != -1): null

2019-08-23 18:50:07 - [TEST_STEP][PASSED] - if (i == 4 &amp;&amp; wildList.indexOf(symbol) != -1): null

2019-08-23 18:50:07 - [TEST_STEP][PASSED] - symbols = symbols: null

2019-08-23 18:50:07 - [TEST_STEP][PASSED] - for ([j = 0, j &lt; symbols.size(), (j++)]): null

2019-08-23 18:50:07 - [TEST_STEP][PASSED] - symbol = symbol: null

2019-08-23 18:50:07 - [TEST_STEP][PASSED] - println(symbol): null

2019-08-23 18:50:07 - [TEST_STEP][PASSED] - if (i == 2 &amp;&amp; wildList.indexOf(symbol) != -1): null

2019-08-23 18:50:07 - [TEST_STEP][PASSED] - if (i == 3 &amp;&amp; wildList.indexOf(symbol) != -1): null

2019-08-23 18:50:07 - [TEST_STEP][PASSED] - if (i == 4 &amp;&amp; wildList.indexOf(symbol) != -1): null

2019-08-23 18:50:07 - [TEST_STEP][PASSED] - symbol = symbol: null

2019-08-23 18:50:07 - [TEST_STEP][PASSED] - println(symbol): null

2019-08-23 18:50:07 - [TEST_STEP][PASSED] - if (i == 2 &amp;&amp; wildList.indexOf(symbol) != -1): null

2019-08-23 18:50:07 - [TEST_STEP][PASSED] - if (i == 3 &amp;&amp; wildList.indexOf(symbol) != -1): null

2019-08-23 18:50:07 - [TEST_STEP][PASSED] - if (i == 4 &amp;&amp; wildList.indexOf(symbol) != -1): null

2019-08-23 18:50:07 - [TEST_STEP][PASSED] - symbol = symbol: null

2019-08-23 18:50:07 - [TEST_STEP][PASSED] - println(symbol): null

2019-08-23 18:50:07 - [TEST_STEP][PASSED] - if (i == 2 &amp;&amp; wildList.indexOf(symbol) != -1): null

2019-08-23 18:50:07 - [TEST_STEP][PASSED] - if (i == 3 &amp;&amp; wildList.indexOf(symbol) != -1): null

2019-08-23 18:50:07 - [TEST_STEP][PASSED] - if (i == 4 &amp;&amp; wildList.indexOf(symbol) != -1): null

2019-08-23 18:50:07 - [TEST_STEP][PASSED] - symbols = symbols: null

2019-08-23 18:50:07 - [TEST_STEP][PASSED] - for ([j = 0, j &lt; symbols.size(), (j++)]): null

2019-08-23 18:50:07 - [TEST_STEP][PASSED] - symbol = symbol: null

2019-08-23 18:50:07 - [TEST_STEP][PASSED] - println(symbol): null

2019-08-23 18:50:07 - [TEST_STEP][PASSED] - if (i == 2 &amp;&amp; wildList.indexOf(symbol) != -1): null

2019-08-23 18:50:07 - [TEST_STEP][PASSED] - if (i == 3 &amp;&amp; wildList.indexOf(symbol) != -1): null

2019-08-23 18:50:07 - [TEST_STEP][PASSED] - if (i == 4 &amp;&amp; wildList.indexOf(symbol) != -1): null

2019-08-23 18:50:07 - [TEST_STEP][PASSED] - symbol = symbol: null

2019-08-23 18:50:07 - [TEST_STEP][PASSED] - println(symbol): null

2019-08-23 18:50:07 - [TEST_STEP][PASSED] - if (i == 2 &amp;&amp; wildList.indexOf(symbol) != -1): null

2019-08-23 18:50:07 - [TEST_STEP][PASSED] - if (i == 3 &amp;&amp; wildList.indexOf(symbol) != -1): null

2019-08-23 18:50:07 - [TEST_STEP][PASSED] - if (i == 4 &amp;&amp; wildList.indexOf(symbol) != -1): null

2019-08-23 18:50:07 - [TEST_STEP][PASSED] - symbol = symbol: null

2019-08-23 18:50:07 - [TEST_STEP][PASSED] - println(symbol): null

2019-08-23 18:50:07 - [TEST_STEP][PASSED] - if (i == 2 &amp;&amp; wildList.indexOf(symbol) != -1): null

2019-08-23 18:50:07 - [TEST_STEP][PASSED] - if (i == 3 &amp;&amp; wildList.indexOf(symbol) != -1): null

2019-08-23 18:50:07 - [TEST_STEP][PASSED] - if (i == 4 &amp;&amp; wildList.indexOf(symbol) != -1): null

2019-08-23 18:50:07 - [TEST_STEP][PASSED] - symbols = symbols: null

2019-08-23 18:50:07 - [TEST_STEP][PASSED] - for ([j = 0, j &lt; symbols.size(), (j++)]): null

2019-08-23 18:50:07 - [TEST_STEP][PASSED] - symbol = symbol: null

2019-08-23 18:50:07 - [TEST_STEP][PASSED] - println(symbol): null

2019-08-23 18:50:07 - [TEST_STEP][PASSED] - if (i == 2 &amp;&amp; wildList.indexOf(symbol) != -1): null

2019-08-23 18:50:07 - [TEST_STEP][PASSED] - if (i == 3 &amp;&amp; wildList.indexOf(symbol) != -1): null

2019-08-23 18:50:07 - [TEST_STEP][PASSED] - if (i == 4 &amp;&amp; wildList.indexOf(symbol) != -1): null

2019-08-23 18:50:07 - [TEST_STEP][PASSED] - symbol = symbol: null

2019-08-23 18:50:07 - [TEST_STEP][PASSED] - println(symbol): null

2019-08-23 18:50:07 - [TEST_STEP][PASSED] - if (i == 2 &amp;&amp; wildList.indexOf(symbol) != -1): null

2019-08-23 18:50:07 - [TEST_STEP][PASSED] - if (i == 3 &amp;&amp; wildList.indexOf(symbol) != -1): null

2019-08-23 18:50:07 - [TEST_STEP][PASSED] - if (i == 4 &amp;&amp; wildList.indexOf(symbol) != -1): null

2019-08-23 18:50:07 - [TEST_STEP][PASSED] - symbol = symbol: null

2019-08-23 18:50:07 - [TEST_STEP][PASSED] - println(symbol): null

2019-08-23 18:50:07 - [TEST_STEP][PASSED] - if (i == 2 &amp;&amp; wildList.indexOf(symbol) != -1): null

2019-08-23 18:50:07 - [TEST_STEP][PASSED] - if (i == 3 &amp;&amp; wildList.indexOf(symbol) != -1): null

2019-08-23 18:50:07 - [TEST_STEP][PASSED] - if (i == 4 &amp;&amp; wildList.indexOf(symbol) != -1): null

2019-08-23 18:50:07 - [TEST_STEP][PASSED] - free_spin_reel_counter = free_spin_reel_counter: null

2019-08-23 18:50:07 - [TEST_STEP][PASSED] - println("reel 3 wild found: " + free_spin_reel_counter[0]): null

2019-08-23 18:50:07 - [TEST_STEP][PASSED] - println("reel 4 wild found: " + free_spin_reel_counter[1]): null

2019-08-23 18:50:07 - [TEST_STEP][PASSED] - println("reel 5 wild found: " + free_spin_reel_counter[2]): null

2019-08-23 18:50:07 - [TEST_STEP][PASSED] - M4_spin_reels = M4_spin_reels: null

2019-08-23 18:50:07 - [TEST_STEP][PASSED] - M4_spin_reels_symbols = symbol: null

2019-08-23 18:50:07 - [TEST_STEP][PASSED] - M4_spin_reels_symbols = M4_spin_reels_symbols: null

2019-08-23 18:50:07 - [TEST_STEP][PASSED] - M4_spin_reel_wins = reel_wins: null

2019-08-23 18:50:07 - [TEST_STEP][PASSED] - M4_spin_reel_wins = M4_spin_reel_wins: null

2019-08-23 18:50:07 - [TEST_STEP][PASSED] - println("GlobalVariable.M4_spin_reel_wins is: " + M4_spin_reel_wins): null

2019-08-23 18:50:07 - [TEST_STEP][PASSED] - M4_spin_total_bonus_win_this_round = total_bonus_win_this_round: null

2019-08-23 18:50:07 - [TEST_STEP][PASSED] - M4_spin_total_bonus_win_this_round = M4_spin_total_bonus_win_this_round: null

2019-08-23 18:50:07 - [TEST_STEP][PASSED] - println("GlobalVariable.M4_spin_total_bonus_win_this_round is: " + M4_spin_total_bonus_win_this_round): null

2019-08-23 18:50:07 - [TEST_STEP][PASSED] - M4_spin_bonus_spin_result = spin_result: null

2019-08-23 18:50:07 - [TEST_STEP][PASSED] - M4_spin_bonus_spin_result = M4_spin_bonus_spin_result: null

2019-08-23 18:50:07 - [MESSAGE][PASSED] - Verify response successfully

2019-08-23 18:50:07 - [MESSAGE][PASSED] - Send request and verify the response successfully

2019-08-23 18:50:07 - [TEST_STEP][PASSED] - if (free_spin_reel_counter[0] &gt;= 1 &amp;&amp; free_spin_reel_counter[1] &gt;= 1 &amp;&amp; free_spin_reel_counter[2] &gt;= 1): null

2019-08-23 18:50:07 - [TEST_STEP][PASSED] - spin_result = sendRequestAndVerify(findTestObject("INT/RGS(M4)/1_M4_spin", ["M4_login_user_id":M4_login_user_id, "rgs_session_token":rgs_session_token, "partner":Partner])): Send request and verify the response successfully

2019-08-23 18:50:07 - [MESSAGE][INFO] - HAR: /Users/eiralee/Katalon_Script/SuperWild/Reports/20190823_184757/INT/superWild_1/20190823_184757/requests/main/24.har

2019-08-23 18:50:07 - [TEST_CASE][PASSED] - Start Test Case : Verification: Verification accomplished successfully

2019-08-23 18:50:07 - [TEST_STEP][PASSED] - request = getInstance().getCurrentRequest(): null

2019-08-23 18:50:07 - [TEST_STEP][PASSED] - response = getInstance().getCurrentResponse(): null

2019-08-23 18:50:07 - [TEST_STEP][PASSED] - verifyResponseStatusCode(response, 200): Verify response status code successfully

2019-08-23 18:50:07 - [MESSAGE][PASSED] - Verify response status code successfully

2019-08-23 18:50:07 - [TEST_STEP][PASSED] - getStatusCode()).isEqualTo(200): null

2019-08-23 18:50:07 - [TEST_STEP][PASSED] - newline = System.getProperty("line.separator"): null

2019-08-23 18:50:07 - [TEST_STEP][PASSED] - M4_spin = new groovy.json.JsonSlurper(): null

2019-08-23 18:50:07 - [TEST_STEP][PASSED] - result_M4_spin = M4_spin.parseText(response.getResponseBodyContent()): null

2019-08-23 18:50:07 - [TEST_STEP][PASSED] - M4_spin_current_balance = current_balance: null

2019-08-23 18:50:07 - [TEST_STEP][PASSED] - M4_spin_current_balance = M4_spin_current_balance: null

2019-08-23 18:50:07 - [TEST_STEP][PASSED] - M4_spin_transaction_id = causality: null

2019-08-23 18:50:07 - [TEST_STEP][PASSED] - M4_spin_transaction_id = M4_spin_transaction_id: null

2019-08-23 18:50:07 - [TEST_STEP][PASSED] - M4_spin_round_id = round_id: null

2019-08-23 18:50:07 - [TEST_STEP][PASSED] - M4_spin_round_id = M4_spin_round_id: null

2019-08-23 18:50:07 - [TEST_STEP][PASSED] - M4_spin_line_wins = line_wins: null

2019-08-23 18:50:07 - [TEST_STEP][PASSED] - M4_spin_line_wins = M4_spin_line_wins: null

2019-08-23 18:50:07 - [TEST_STEP][PASSED] - M4_total_bonus_spins_int = total_bonus_spins: null

2019-08-23 18:50:07 - [TEST_STEP][PASSED] - println("******M4_total_bonus_spins type is:*******" + newline + getClass().getName()): null

2019-08-23 18:50:07 - [TEST_STEP][PASSED] - M4_total_bonus_spins_int = M4_total_bonus_spins_int: null

2019-08-23 18:50:07 - [TEST_STEP][PASSED] - M4_total_bonus_spins = Integer.toString(M4_total_bonus_spins_int): null

2019-08-23 18:50:07 - [TEST_STEP][PASSED] - M4_total_bonus_spins = M4_total_bonus_spins: null

2019-08-23 18:50:07 - [TEST_STEP][PASSED] - println("M4_total_bonus_spins is:" + M4_total_bonus_spins): null

2019-08-23 18:50:07 - [TEST_STEP][PASSED] - M4_spin_bonus_data = bonus_data: null

2019-08-23 18:50:07 - [TEST_STEP][PASSED] - M4_spin_features_triggered = result_M4_spin: null

2019-08-23 18:50:07 - [TEST_STEP][PASSED] - wild = []: null

2019-08-23 18:50:07 - [TEST_STEP][PASSED] - wild[0] = "WILD_Expanding": null

2019-08-23 18:50:07 - [TEST_STEP][PASSED] - wild[1] = "WILD_Normal": null

2019-08-23 18:50:07 - [TEST_STEP][PASSED] - wild[2] = "WILD_Double": null

2019-08-23 18:50:07 - [TEST_STEP][PASSED] - wild[3] = "WILD_ExtraFG": null

2019-08-23 18:50:07 - [TEST_STEP][PASSED] - wild[4] = "WILD_Triple": null

2019-08-23 18:50:07 - [TEST_STEP][PASSED] - wildList = Arrays.asList(wild): null

2019-08-23 18:50:07 - [TEST_STEP][PASSED] - wildList = wildList: null

2019-08-23 18:50:07 - [TEST_STEP][PASSED] - free_spin_reel_counter = []: null

2019-08-23 18:50:07 - [TEST_STEP][PASSED] - free_spin_reel_counter[0] = 0: null

2019-08-23 18:50:07 - [TEST_STEP][PASSED] - free_spin_reel_counter[1] = 0: null

2019-08-23 18:50:07 - [TEST_STEP][PASSED] - free_spin_reel_counter[2] = 0: null

2019-08-23 18:50:07 - [TEST_STEP][PASSED] - M4_spin_reels = reels: null

2019-08-23 18:50:07 - [TEST_STEP][PASSED] - for ([i = 0, i &lt; M4_spin_reels.size(), (i++)]): null

2019-08-23 18:50:07 - [TEST_STEP][PASSED] - symbols = symbols: null

2019-08-23 18:50:07 - [TEST_STEP][PASSED] - for ([j = 0, j &lt; symbols.size(), (j++)]): null

2019-08-23 18:50:07 - [TEST_STEP][PASSED] - symbol = symbol: null

2019-08-23 18:50:07 - [TEST_STEP][PASSED] - println(symbol): null

2019-08-23 18:50:07 - [TEST_STEP][PASSED] - if (i == 2 &amp;&amp; wildList.indexOf(symbol) != -1): null

2019-08-23 18:50:07 - [TEST_STEP][PASSED] - if (i == 3 &amp;&amp; wildList.indexOf(symbol) != -1): null

2019-08-23 18:50:07 - [TEST_STEP][PASSED] - if (i == 4 &amp;&amp; wildList.indexOf(symbol) != -1): null

2019-08-23 18:50:07 - [TEST_STEP][PASSED] - symbol = symbol: null

2019-08-23 18:50:07 - [TEST_STEP][PASSED] - println(symbol): null

2019-08-23 18:50:07 - [TEST_STEP][PASSED] - if (i == 2 &amp;&amp; wildList.indexOf(symbol) != -1): null

2019-08-23 18:50:07 - [TEST_STEP][PASSED] - if (i == 3 &amp;&amp; wildList.indexOf(symbol) != -1): null

2019-08-23 18:50:07 - [TEST_STEP][PASSED] - if (i == 4 &amp;&amp; wildList.indexOf(symbol) != -1): null

2019-08-23 18:50:07 - [TEST_STEP][PASSED] - symbol = symbol: null

2019-08-23 18:50:07 - [TEST_STEP][PASSED] - println(symbol): null

2019-08-23 18:50:07 - [TEST_STEP][PASSED] - if (i == 2 &amp;&amp; wildList.indexOf(symbol) != -1): null

2019-08-23 18:50:07 - [TEST_STEP][PASSED] - if (i == 3 &amp;&amp; wildList.indexOf(symbol) != -1): null

2019-08-23 18:50:07 - [TEST_STEP][PASSED] - if (i == 4 &amp;&amp; wildList.indexOf(symbol) != -1): null

2019-08-23 18:50:07 - [TEST_STEP][PASSED] - symbols = symbols: null

2019-08-23 18:50:07 - [TEST_STEP][PASSED] - for ([j = 0, j &lt; symbols.size(), (j++)]): null

2019-08-23 18:50:07 - [TEST_STEP][PASSED] - symbol = symbol: null

2019-08-23 18:50:07 - [TEST_STEP][PASSED] - println(symbol): null

2019-08-23 18:50:07 - [TEST_STEP][PASSED] - if (i == 2 &amp;&amp; wildList.indexOf(symbol) != -1): null

2019-08-23 18:50:07 - [TEST_STEP][PASSED] - if (i == 3 &amp;&amp; wildList.indexOf(symbol) != -1): null

2019-08-23 18:50:07 - [TEST_STEP][PASSED] - if (i == 4 &amp;&amp; wildList.indexOf(symbol) != -1): null

2019-08-23 18:50:41 - [TEST_STEP][PASSED] - symbol = symbol: null

2019-08-23 18:50:41 - [TEST_STEP][PASSED] - println(symbol): null

2019-08-23 18:50:41 - [TEST_STEP][PASSED] - if (i == 2 &amp;&amp; wildList.indexOf(symbol) != -1): null

2019-08-23 18:50:41 - [TEST_STEP][PASSED] - if (i == 3 &amp;&amp; wildList.indexOf(symbol) != -1): null

2019-08-23 18:50:41 - [TEST_STEP][PASSED] - if (i == 4 &amp;&amp; wildList.indexOf(symbol) != -1): null

2019-08-23 18:50:41 - [TEST_STEP][PASSED] - symbol = symbol: null

2019-08-23 18:50:41 - [TEST_STEP][PASSED] - println(symbol): null

2019-08-23 18:50:41 - [TEST_STEP][PASSED] - if (i == 2 &amp;&amp; wildList.indexOf(symbol) != -1): null

2019-08-23 18:50:41 - [TEST_STEP][PASSED] - if (i == 3 &amp;&amp; wildList.indexOf(symbol) != -1): null

2019-08-23 18:50:41 - [TEST_STEP][PASSED] - if (i == 4 &amp;&amp; wildList.indexOf(symbol) != -1): null

2019-08-23 18:50:41 - [TEST_STEP][PASSED] - symbols = symbols: null

2019-08-23 18:50:41 - [TEST_STEP][PASSED] - for ([j = 0, j &lt; symbols.size(), (j++)]): null

2019-08-23 18:50:41 - [TEST_STEP][PASSED] - symbol = symbol: null

2019-08-23 18:50:41 - [TEST_STEP][PASSED] - println(symbol): null

2019-08-23 18:50:41 - [TEST_STEP][PASSED] - if (i == 2 &amp;&amp; wildList.indexOf(symbol) != -1): null

2019-08-23 18:50:41 - [TEST_STEP][PASSED] - if (i == 3 &amp;&amp; wildList.indexOf(symbol) != -1): null

2019-08-23 18:50:41 - [TEST_STEP][PASSED] - if (i == 4 &amp;&amp; wildList.indexOf(symbol) != -1): null

2019-08-23 18:50:41 - [TEST_STEP][PASSED] - symbol = symbol: null

2019-08-23 18:50:41 - [TEST_STEP][PASSED] - println(symbol): null

2019-08-23 18:50:41 - [TEST_STEP][PASSED] - if (i == 2 &amp;&amp; wildList.indexOf(symbol) != -1): null

2019-08-23 18:50:41 - [TEST_STEP][PASSED] - if (i == 3 &amp;&amp; wildList.indexOf(symbol) != -1): null

2019-08-23 18:50:41 - [TEST_STEP][PASSED] - if (i == 4 &amp;&amp; wildList.indexOf(symbol) != -1): null

2019-08-23 18:50:41 - [TEST_STEP][PASSED] - symbol = symbol: null

2019-08-23 18:50:41 - [TEST_STEP][PASSED] - println(symbol): null

2019-08-23 18:50:41 - [TEST_STEP][PASSED] - if (i == 2 &amp;&amp; wildList.indexOf(symbol) != -1): null

2019-08-23 18:50:41 - [TEST_STEP][PASSED] - if (i == 3 &amp;&amp; wildList.indexOf(symbol) != -1): null

2019-08-23 18:50:41 - [TEST_STEP][PASSED] - if (i == 4 &amp;&amp; wildList.indexOf(symbol) != -1): null

2019-08-23 18:50:41 - [TEST_STEP][PASSED] - symbols = symbols: null

2019-08-23 18:50:41 - [TEST_STEP][PASSED] - for ([j = 0, j &lt; symbols.size(), (j++)]): null

2019-08-23 18:50:41 - [TEST_STEP][PASSED] - symbol = symbol: null

2019-08-23 18:50:41 - [TEST_STEP][PASSED] - println(symbol): null

2019-08-23 18:50:41 - [TEST_STEP][PASSED] - if (i == 2 &amp;&amp; wildList.indexOf(symbol) != -1): null

2019-08-23 18:50:41 - [TEST_STEP][PASSED] - if (i == 3 &amp;&amp; wildList.indexOf(symbol) != -1): null

2019-08-23 18:50:41 - [TEST_STEP][PASSED] - if (i == 4 &amp;&amp; wildList.indexOf(symbol) != -1): null

2019-08-23 18:50:41 - [TEST_STEP][PASSED] - symbol = symbol: null

2019-08-23 18:50:41 - [TEST_STEP][PASSED] - println(symbol): null

2019-08-23 18:50:41 - [TEST_STEP][PASSED] - if (i == 2 &amp;&amp; wildList.indexOf(symbol) != -1): null

2019-08-23 18:50:41 - [TEST_STEP][PASSED] - if (i == 3 &amp;&amp; wildList.indexOf(symbol) != -1): null

2019-08-23 18:50:41 - [TEST_STEP][PASSED] - if (i == 4 &amp;&amp; wildList.indexOf(symbol) != -1): null

2019-08-23 18:50:41 - [TEST_STEP][PASSED] - symbol = symbol: null

2019-08-23 18:50:41 - [TEST_STEP][PASSED] - println(symbol): null

2019-08-23 18:50:41 - [TEST_STEP][PASSED] - if (i == 2 &amp;&amp; wildList.indexOf(symbol) != -1): null

2019-08-23 18:50:41 - [TEST_STEP][PASSED] - if (i == 3 &amp;&amp; wildList.indexOf(symbol) != -1): null

2019-08-23 18:50:41 - [TEST_STEP][PASSED] - if (i == 4 &amp;&amp; wildList.indexOf(symbol) != -1): null

2019-08-23 18:50:41 - [TEST_STEP][PASSED] - symbols = symbols: null

2019-08-23 18:50:41 - [TEST_STEP][PASSED] - for ([j = 0, j &lt; symbols.size(), (j++)]): null

2019-08-23 18:50:41 - [TEST_STEP][PASSED] - symbol = symbol: null

2019-08-23 18:50:41 - [TEST_STEP][PASSED] - println(symbol): null

2019-08-23 18:50:41 - [TEST_STEP][PASSED] - if (i == 2 &amp;&amp; wildList.indexOf(symbol) != -1): null

2019-08-23 18:50:41 - [TEST_STEP][PASSED] - if (i == 3 &amp;&amp; wildList.indexOf(symbol) != -1): null

2019-08-23 18:50:41 - [TEST_STEP][PASSED] - if (i == 4 &amp;&amp; wildList.indexOf(symbol) != -1): null

2019-08-23 18:50:41 - [TEST_STEP][PASSED] - symbol = symbol: null

2019-08-23 18:50:41 - [TEST_STEP][PASSED] - println(symbol): null

2019-08-23 18:50:41 - [TEST_STEP][PASSED] - if (i == 2 &amp;&amp; wildList.indexOf(symbol) != -1): null

2019-08-23 18:50:41 - [TEST_STEP][PASSED] - if (i == 3 &amp;&amp; wildList.indexOf(symbol) != -1): null

2019-08-23 18:50:41 - [TEST_STEP][PASSED] - if (i == 4 &amp;&amp; wildList.indexOf(symbol) != -1): null

2019-08-23 18:50:41 - [TEST_STEP][PASSED] - symbol = symbol: null

2019-08-23 18:50:41 - [TEST_STEP][PASSED] - println(symbol): null

2019-08-23 18:50:41 - [TEST_STEP][PASSED] - if (i == 2 &amp;&amp; wildList.indexOf(symbol) != -1): null

2019-08-23 18:50:41 - [TEST_STEP][PASSED] - if (i == 3 &amp;&amp; wildList.indexOf(symbol) != -1): null

2019-08-23 18:50:41 - [TEST_STEP][PASSED] - if (i == 4 &amp;&amp; wildList.indexOf(symbol) != -1): null

2019-08-23 18:50:41 - [TEST_STEP][PASSED] - free_spin_reel_counter = free_spin_reel_counter: null

2019-08-23 18:50:41 - [TEST_STEP][PASSED] - println("reel 3 wild found: " + free_spin_reel_counter[0]): null

2019-08-23 18:50:41 - [TEST_STEP][PASSED] - println("reel 4 wild found: " + free_spin_reel_counter[1]): null

2019-08-23 18:50:41 - [TEST_STEP][PASSED] - println("reel 5 wild found: " + free_spin_reel_counter[2]): null

2019-08-23 18:50:41 - [TEST_STEP][PASSED] - M4_spin_reels = M4_spin_reels: null

2019-08-23 18:50:41 - [TEST_STEP][PASSED] - M4_spin_reels_symbols = symbol: null

2019-08-23 18:50:41 - [TEST_STEP][PASSED] - M4_spin_reels_symbols = M4_spin_reels_symbols: null

2019-08-23 18:50:41 - [TEST_STEP][PASSED] - M4_spin_reel_wins = reel_wins: null

2019-08-23 18:50:41 - [TEST_STEP][PASSED] - M4_spin_reel_wins = M4_spin_reel_wins: null

2019-08-23 18:50:41 - [TEST_STEP][PASSED] - println("GlobalVariable.M4_spin_reel_wins is: " + M4_spin_reel_wins): null

2019-08-23 18:50:41 - [TEST_STEP][PASSED] - M4_spin_total_bonus_win_this_round = total_bonus_win_this_round: null

2019-08-23 18:50:41 - [TEST_STEP][PASSED] - M4_spin_total_bonus_win_this_round = M4_spin_total_bonus_win_this_round: null

2019-08-23 18:50:41 - [TEST_STEP][PASSED] - println("GlobalVariable.M4_spin_total_bonus_win_this_round is: " + M4_spin_total_bonus_win_this_round): null

2019-08-23 18:50:41 - [TEST_STEP][PASSED] - M4_spin_bonus_spin_result = spin_result: null

2019-08-23 18:50:41 - [TEST_STEP][PASSED] - M4_spin_bonus_spin_result = M4_spin_bonus_spin_result: null

2019-08-23 18:50:41 - [MESSAGE][PASSED] - Verify response successfully

2019-08-23 18:50:41 - [MESSAGE][PASSED] - Send request and verify the response successfully

2019-08-23 18:50:41 - [TEST_STEP][PASSED] - if (free_spin_reel_counter[0] &gt;= 1 &amp;&amp; free_spin_reel_counter[1] &gt;= 1 &amp;&amp; free_spin_reel_counter[2] &gt;= 1): null

2019-08-23 18:50:41 - [TEST_STEP][PASSED] - spin_result = sendRequestAndVerify(findTestObject("INT/RGS(M4)/1_M4_spin", ["M4_login_user_id":M4_login_user_id, "rgs_session_token":rgs_session_token, "partner":Partner])): Send request and verify the response successfully

2019-08-23 18:50:42 - [MESSAGE][INFO] - HAR: /Users/eiralee/Katalon_Script/SuperWild/Reports/20190823_184757/INT/superWild_1/20190823_184757/requests/main/25.har

2019-08-23 18:50:42 - [TEST_CASE][PASSED] - Start Test Case : Verification: Verification accomplished successfully

2019-08-23 18:50:42 - [TEST_STEP][PASSED] - request = getInstance().getCurrentRequest(): null

2019-08-23 18:50:42 - [TEST_STEP][PASSED] - response = getInstance().getCurrentResponse(): null

2019-08-23 18:50:42 - [TEST_STEP][PASSED] - verifyResponseStatusCode(response, 200): Verify response status code successfully

2019-08-23 18:50:42 - [MESSAGE][PASSED] - Verify response status code successfully

2019-08-23 18:50:42 - [TEST_STEP][PASSED] - getStatusCode()).isEqualTo(200): null

2019-08-23 18:50:42 - [TEST_STEP][PASSED] - newline = System.getProperty("line.separator"): null

2019-08-23 18:50:42 - [TEST_STEP][PASSED] - M4_spin = new groovy.json.JsonSlurper(): null

2019-08-23 18:50:42 - [TEST_STEP][PASSED] - result_M4_spin = M4_spin.parseText(response.getResponseBodyContent()): null

2019-08-23 18:50:42 - [TEST_STEP][PASSED] - M4_spin_current_balance = current_balance: null

2019-08-23 18:50:42 - [TEST_STEP][PASSED] - M4_spin_current_balance = M4_spin_current_balance: null

2019-08-23 18:50:42 - [TEST_STEP][PASSED] - M4_spin_transaction_id = causality: null

2019-08-23 18:50:42 - [TEST_STEP][PASSED] - M4_spin_transaction_id = M4_spin_transaction_id: null

2019-08-23 18:50:42 - [TEST_STEP][PASSED] - M4_spin_round_id = round_id: null

2019-08-23 18:50:42 - [TEST_STEP][PASSED] - M4_spin_round_id = M4_spin_round_id: null

2019-08-23 18:50:42 - [TEST_STEP][PASSED] - M4_spin_line_wins = line_wins: null

2019-08-23 18:50:42 - [TEST_STEP][PASSED] - M4_spin_line_wins = M4_spin_line_wins: null

2019-08-23 18:50:42 - [TEST_STEP][PASSED] - M4_total_bonus_spins_int = total_bonus_spins: null

2019-08-23 18:50:42 - [TEST_STEP][PASSED] - println("******M4_total_bonus_spins type is:*******" + newline + getClass().getName()): null

2019-08-23 18:50:42 - [TEST_STEP][PASSED] - M4_total_bonus_spins_int = M4_total_bonus_spins_int: null

2019-08-23 18:50:42 - [TEST_STEP][PASSED] - M4_total_bonus_spins = Integer.toString(M4_total_bonus_spins_int): null

2019-08-23 18:50:42 - [TEST_STEP][PASSED] - M4_total_bonus_spins = M4_total_bonus_spins: null

2019-08-23 18:50:42 - [TEST_STEP][PASSED] - println("M4_total_bonus_spins is:" + M4_total_bonus_spins): null

2019-08-23 18:50:42 - [TEST_STEP][PASSED] - M4_spin_bonus_data = bonus_data: null

2019-08-23 18:50:42 - [TEST_STEP][PASSED] - M4_spin_features_triggered = result_M4_spin: null

2019-08-23 18:50:42 - [TEST_STEP][PASSED] - wild = []: null

2019-08-23 18:50:42 - [TEST_STEP][PASSED] - wild[0] = "WILD_Expanding": null

2019-08-23 18:50:42 - [TEST_STEP][PASSED] - wild[1] = "WILD_Normal": null

2019-08-23 18:50:42 - [TEST_STEP][PASSED] - wild[2] = "WILD_Double": null

2019-08-23 18:50:42 - [TEST_STEP][PASSED] - wild[3] = "WILD_ExtraFG": null

2019-08-23 18:50:42 - [TEST_STEP][PASSED] - wild[4] = "WILD_Triple": null

2019-08-23 18:50:42 - [TEST_STEP][PASSED] - wildList = Arrays.asList(wild): null

2019-08-23 18:50:42 - [TEST_STEP][PASSED] - wildList = wildList: null

2019-08-23 18:50:42 - [TEST_STEP][PASSED] - free_spin_reel_counter = []: null

2019-08-23 18:50:42 - [TEST_STEP][PASSED] - free_spin_reel_counter[0] = 0: null

2019-08-23 18:50:42 - [TEST_STEP][PASSED] - free_spin_reel_counter[1] = 0: null

2019-08-23 18:50:42 - [TEST_STEP][PASSED] - free_spin_reel_counter[2] = 0: null

2019-08-23 18:50:42 - [TEST_STEP][PASSED] - M4_spin_reels = reels: null

2019-08-23 18:50:42 - [TEST_STEP][PASSED] - for ([i = 0, i &lt; M4_spin_reels.size(), (i++)]): null

2019-08-23 18:50:42 - [TEST_STEP][PASSED] - symbols = symbols: null

2019-08-23 18:50:42 - [TEST_STEP][PASSED] - for ([j = 0, j &lt; symbols.size(), (j++)]): null

2019-08-23 18:50:42 - [TEST_STEP][PASSED] - symbol = symbol: null

2019-08-23 18:50:42 - [TEST_STEP][PASSED] - println(symbol): null

2019-08-23 18:50:42 - [TEST_STEP][PASSED] - if (i == 2 &amp;&amp; wildList.indexOf(symbol) != -1): null

2019-08-23 18:50:42 - [TEST_STEP][PASSED] - if (i == 3 &amp;&amp; wildList.indexOf(symbol) != -1): null

2019-08-23 18:50:42 - [TEST_STEP][PASSED] - if (i == 4 &amp;&amp; wildList.indexOf(symbol) != -1): null

2019-08-23 18:50:42 - [TEST_STEP][PASSED] - symbol = symbol: null

2019-08-23 18:50:42 - [TEST_STEP][PASSED] - println(symbol): null

2019-08-23 18:50:42 - [TEST_STEP][PASSED] - if (i == 2 &amp;&amp; wildList.indexOf(symbol) != -1): null

2019-08-23 18:50:42 - [TEST_STEP][PASSED] - if (i == 3 &amp;&amp; wildList.indexOf(symbol) != -1): null

2019-08-23 18:50:42 - [TEST_STEP][PASSED] - if (i == 4 &amp;&amp; wildList.indexOf(symbol) != -1): null

2019-08-23 18:50:42 - [TEST_STEP][PASSED] - symbol = symbol: null

2019-08-23 18:50:42 - [TEST_STEP][PASSED] - println(symbol): null

2019-08-23 18:50:42 - [TEST_STEP][PASSED] - if (i == 2 &amp;&amp; wildList.indexOf(symbol) != -1): null

2019-08-23 18:50:42 - [TEST_STEP][PASSED] - if (i == 3 &amp;&amp; wildList.indexOf(symbol) != -1): null

2019-08-23 18:50:42 - [TEST_STEP][PASSED] - if (i == 4 &amp;&amp; wildList.indexOf(symbol) != -1): null

2019-08-23 18:50:42 - [TEST_STEP][PASSED] - symbols = symbols: null

2019-08-23 18:50:42 - [TEST_STEP][PASSED] - for ([j = 0, j &lt; symbols.size(), (j++)]): null

2019-08-23 18:50:42 - [TEST_STEP][PASSED] - symbol = symbol: null

2019-08-23 18:50:42 - [TEST_STEP][PASSED] - println(symbol): null

2019-08-23 18:50:42 - [TEST_STEP][PASSED] - if (i == 2 &amp;&amp; wildList.indexOf(symbol) != -1): null

2019-08-23 18:50:42 - [TEST_STEP][PASSED] - if (i == 3 &amp;&amp; wildList.indexOf(symbol) != -1): null

2019-08-23 18:50:42 - [TEST_STEP][PASSED] - if (i == 4 &amp;&amp; wildList.indexOf(symbol) != -1): null

2019-08-23 18:50:42 - [TEST_STEP][PASSED] - symbol = symbol: null

2019-08-23 18:50:42 - [TEST_STEP][PASSED] - println(symbol): null

2019-08-23 18:50:42 - [TEST_STEP][PASSED] - if (i == 2 &amp;&amp; wildList.indexOf(symbol) != -1): null

2019-08-23 18:50:42 - [TEST_STEP][PASSED] - if (i == 3 &amp;&amp; wildList.indexOf(symbol) != -1): null

2019-08-23 18:50:42 - [TEST_STEP][PASSED] - if (i == 4 &amp;&amp; wildList.indexOf(symbol) != -1): null

2019-08-23 18:50:42 - [TEST_STEP][PASSED] - symbol = symbol: null

2019-08-23 18:50:42 - [TEST_STEP][PASSED] - println(symbol): null

2019-08-23 18:50:42 - [TEST_STEP][PASSED] - if (i == 2 &amp;&amp; wildList.indexOf(symbol) != -1): null

2019-08-23 18:50:42 - [TEST_STEP][PASSED] - if (i == 3 &amp;&amp; wildList.indexOf(symbol) != -1): null

2019-08-23 18:50:42 - [TEST_STEP][PASSED] - if (i == 4 &amp;&amp; wildList.indexOf(symbol) != -1): null

2019-08-23 18:50:42 - [TEST_STEP][PASSED] - symbols = symbols: null

2019-08-23 18:50:42 - [TEST_STEP][PASSED] - for ([j = 0, j &lt; symbols.size(), (j++)]): null

2019-08-23 18:50:42 - [TEST_STEP][PASSED] - symbol = symbol: null

2019-08-23 18:50:42 - [TEST_STEP][PASSED] - println(symbol): null

2019-08-23 18:50:42 - [TEST_STEP][PASSED] - if (i == 2 &amp;&amp; wildList.indexOf(symbol) != -1): null

2019-08-23 18:50:42 - [TEST_STEP][PASSED] - if (i == 3 &amp;&amp; wildList.indexOf(symbol) != -1): null

2019-08-23 18:50:42 - [TEST_STEP][PASSED] - if (i == 4 &amp;&amp; wildList.indexOf(symbol) != -1): null

2019-08-23 18:50:42 - [TEST_STEP][PASSED] - symbol = symbol: null

2019-08-23 18:50:42 - [TEST_STEP][PASSED] - println(symbol): null

2019-08-23 18:50:42 - [TEST_STEP][PASSED] - if (i == 2 &amp;&amp; wildList.indexOf(symbol) != -1): null

2019-08-23 18:50:42 - [TEST_STEP][PASSED] - println("wild found on reel 3, adding counter by 1"): null

2019-08-23 18:50:42 - [TEST_STEP][PASSED] - free_spin_reel_counter[0] = free_spin_reel_counter[0] + 1: null

2019-08-23 18:50:42 - [TEST_STEP][PASSED] - if (i == 3 &amp;&amp; wildList.indexOf(symbol) != -1): null

2019-08-23 18:50:42 - [TEST_STEP][PASSED] - if (i == 4 &amp;&amp; wildList.indexOf(symbol) != -1): null

2019-08-23 18:50:42 - [TEST_STEP][PASSED] - symbol = symbol: null

2019-08-23 18:50:42 - [TEST_STEP][PASSED] - println(symbol): null

2019-08-23 18:50:42 - [TEST_STEP][PASSED] - if (i == 2 &amp;&amp; wildList.indexOf(symbol) != -1): null

2019-08-23 18:50:42 - [TEST_STEP][PASSED] - if (i == 3 &amp;&amp; wildList.indexOf(symbol) != -1): null

2019-08-23 18:50:42 - [TEST_STEP][PASSED] - if (i == 4 &amp;&amp; wildList.indexOf(symbol) != -1): null

2019-08-23 18:50:42 - [TEST_STEP][PASSED] - symbols = symbols: null

2019-08-23 18:50:42 - [TEST_STEP][PASSED] - for ([j = 0, j &lt; symbols.size(), (j++)]): null

2019-08-23 18:50:42 - [TEST_STEP][PASSED] - symbol = symbol: null

2019-08-23 18:50:42 - [TEST_STEP][PASSED] - println(symbol): null

2019-08-23 18:50:42 - [TEST_STEP][PASSED] - if (i == 2 &amp;&amp; wildList.indexOf(symbol) != -1): null

2019-08-23 18:50:42 - [TEST_STEP][PASSED] - if (i == 3 &amp;&amp; wildList.indexOf(symbol) != -1): null

2019-08-23 18:50:42 - [TEST_STEP][PASSED] - if (i == 4 &amp;&amp; wildList.indexOf(symbol) != -1): null

2019-08-23 18:50:42 - [TEST_STEP][PASSED] - symbol = symbol: null

2019-08-23 18:50:42 - [TEST_STEP][PASSED] - println(symbol): null

2019-08-23 18:50:42 - [TEST_STEP][PASSED] - if (i == 2 &amp;&amp; wildList.indexOf(symbol) != -1): null

2019-08-23 18:50:42 - [TEST_STEP][PASSED] - if (i == 3 &amp;&amp; wildList.indexOf(symbol) != -1): null

2019-08-23 18:50:42 - [TEST_STEP][PASSED] - if (i == 4 &amp;&amp; wildList.indexOf(symbol) != -1): null

2019-08-23 18:50:42 - [TEST_STEP][PASSED] - symbol = symbol: null

2019-08-23 18:50:42 - [TEST_STEP][PASSED] - println(symbol): null

2019-08-23 18:50:42 - [TEST_STEP][PASSED] - if (i == 2 &amp;&amp; wildList.indexOf(symbol) != -1): null

2019-08-23 18:50:42 - [TEST_STEP][PASSED] - if (i == 3 &amp;&amp; wildList.indexOf(symbol) != -1): null

2019-08-23 18:50:42 - [TEST_STEP][PASSED] - if (i == 4 &amp;&amp; wildList.indexOf(symbol) != -1): null

2019-08-23 18:50:42 - [TEST_STEP][PASSED] - symbols = symbols: null

2019-08-23 18:50:42 - [TEST_STEP][PASSED] - for ([j = 0, j &lt; symbols.size(), (j++)]): null

2019-08-23 18:50:42 - [TEST_STEP][PASSED] - symbol = symbol: null

2019-08-23 18:50:42 - [TEST_STEP][PASSED] - println(symbol): null

2019-08-23 18:50:42 - [TEST_STEP][PASSED] - if (i == 2 &amp;&amp; wildList.indexOf(symbol) != -1): null

2019-08-23 18:50:42 - [TEST_STEP][PASSED] - if (i == 3 &amp;&amp; wildList.indexOf(symbol) != -1): null

2019-08-23 18:50:42 - [TEST_STEP][PASSED] - if (i == 4 &amp;&amp; wildList.indexOf(symbol) != -1): null

2019-08-23 18:50:42 - [TEST_STEP][PASSED] - symbol = symbol: null

2019-08-23 18:50:42 - [TEST_STEP][PASSED] - println(symbol): null

2019-08-23 18:50:42 - [TEST_STEP][PASSED] - if (i == 2 &amp;&amp; wildList.indexOf(symbol) != -1): null

2019-08-23 18:50:42 - [TEST_STEP][PASSED] - if (i == 3 &amp;&amp; wildList.indexOf(symbol) != -1): null

2019-08-23 18:50:42 - [TEST_STEP][PASSED] - if (i == 4 &amp;&amp; wildList.indexOf(symbol) != -1): null

2019-08-23 18:50:42 - [TEST_STEP][PASSED] - symbol = symbol: null

2019-08-23 18:50:42 - [TEST_STEP][PASSED] - println(symbol): null

2019-08-23 18:50:42 - [TEST_STEP][PASSED] - if (i == 2 &amp;&amp; wildList.indexOf(symbol) != -1): null

2019-08-23 18:50:42 - [TEST_STEP][PASSED] - if (i == 3 &amp;&amp; wildList.indexOf(symbol) != -1): null

2019-08-23 18:50:42 - [TEST_STEP][PASSED] - if (i == 4 &amp;&amp; wildList.indexOf(symbol) != -1): null

2019-08-23 18:50:42 - [TEST_STEP][PASSED] - free_spin_reel_counter = free_spin_reel_counter: null

2019-08-23 18:50:42 - [TEST_STEP][PASSED] - println("reel 3 wild found: " + free_spin_reel_counter[0]): null

2019-08-23 18:50:42 - [TEST_STEP][PASSED] - println("reel 4 wild found: " + free_spin_reel_counter[1]): null

2019-08-23 18:50:42 - [TEST_STEP][PASSED] - println("reel 5 wild found: " + free_spin_reel_counter[2]): null

2019-08-23 18:50:42 - [TEST_STEP][PASSED] - M4_spin_reels = M4_spin_reels: null

2019-08-23 18:50:42 - [TEST_STEP][PASSED] - M4_spin_reels_symbols = symbol: null

2019-08-23 18:50:42 - [TEST_STEP][PASSED] - M4_spin_reels_symbols = M4_spin_reels_symbols: null

2019-08-23 18:50:42 - [TEST_STEP][PASSED] - M4_spin_reel_wins = reel_wins: null

2019-08-23 18:50:42 - [TEST_STEP][PASSED] - M4_spin_reel_wins = M4_spin_reel_wins: null

2019-08-23 18:50:42 - [TEST_STEP][PASSED] - println("GlobalVariable.M4_spin_reel_wins is: " + M4_spin_reel_wins): null

2019-08-23 18:50:42 - [TEST_STEP][PASSED] - M4_spin_total_bonus_win_this_round = total_bonus_win_this_round: null

2019-08-23 18:50:42 - [TEST_STEP][PASSED] - M4_spin_total_bonus_win_this_round = M4_spin_total_bonus_win_this_round: null

2019-08-23 18:50:42 - [TEST_STEP][PASSED] - println("GlobalVariable.M4_spin_total_bonus_win_this_round is: " + M4_spin_total_bonus_win_this_round): null

2019-08-23 18:50:42 - [TEST_STEP][PASSED] - M4_spin_bonus_spin_result = spin_result: null

2019-08-23 18:50:42 - [TEST_STEP][PASSED] - M4_spin_bonus_spin_result = M4_spin_bonus_spin_result: null

2019-08-23 18:50:42 - [MESSAGE][PASSED] - Verify response successfully

2019-08-23 18:50:42 - [MESSAGE][PASSED] - Send request and verify the response successfully

2019-08-23 18:50:42 - [TEST_STEP][PASSED] - if (free_spin_reel_counter[0] &gt;= 1 &amp;&amp; free_spin_reel_counter[1] &gt;= 1 &amp;&amp; free_spin_reel_counter[2] &gt;= 1): null

2019-08-23 18:50:42 - [TEST_STEP][PASSED] - spin_result = sendRequestAndVerify(findTestObject("INT/RGS(M4)/1_M4_spin", ["M4_login_user_id":M4_login_user_id, "rgs_session_token":rgs_session_token, "partner":Partner])): Send request and verify the response successfully

2019-08-23 18:50:43 - [MESSAGE][INFO] - HAR: /Users/eiralee/Katalon_Script/SuperWild/Reports/20190823_184757/INT/superWild_1/20190823_184757/requests/main/26.har

2019-08-23 18:50:43 - [TEST_CASE][PASSED] - Start Test Case : Verification: Verification accomplished successfully

2019-08-23 18:50:43 - [TEST_STEP][PASSED] - request = getInstance().getCurrentRequest(): null

2019-08-23 18:50:43 - [TEST_STEP][PASSED] - response = getInstance().getCurrentResponse(): null

2019-08-23 18:50:43 - [TEST_STEP][PASSED] - verifyResponseStatusCode(response, 200): Verify response status code successfully

2019-08-23 18:50:43 - [MESSAGE][PASSED] - Verify response status code successfully

2019-08-23 18:50:43 - [TEST_STEP][PASSED] - getStatusCode()).isEqualTo(200): null

2019-08-23 18:50:43 - [TEST_STEP][PASSED] - newline = System.getProperty("line.separator"): null

2019-08-23 18:50:43 - [TEST_STEP][PASSED] - M4_spin = new groovy.json.JsonSlurper(): null

2019-08-23 18:50:43 - [TEST_STEP][PASSED] - result_M4_spin = M4_spin.parseText(response.getResponseBodyContent()): null

2019-08-23 18:50:43 - [TEST_STEP][PASSED] - M4_spin_current_balance = current_balance: null

2019-08-23 18:50:43 - [TEST_STEP][PASSED] - M4_spin_current_balance = M4_spin_current_balance: null

2019-08-23 18:50:43 - [TEST_STEP][PASSED] - M4_spin_transaction_id = causality: null

2019-08-23 18:50:43 - [TEST_STEP][PASSED] - M4_spin_transaction_id = M4_spin_transaction_id: null

2019-08-23 18:50:43 - [TEST_STEP][PASSED] - M4_spin_round_id = round_id: null

2019-08-23 18:50:43 - [TEST_STEP][PASSED] - M4_spin_round_id = M4_spin_round_id: null

2019-08-23 18:50:43 - [TEST_STEP][PASSED] - M4_spin_line_wins = line_wins: null

2019-08-23 18:50:43 - [TEST_STEP][PASSED] - M4_spin_line_wins = M4_spin_line_wins: null

2019-08-23 18:50:43 - [TEST_STEP][PASSED] - M4_total_bonus_spins_int = total_bonus_spins: null

2019-08-23 18:50:43 - [TEST_STEP][PASSED] - println("******M4_total_bonus_spins type is:*******" + newline + getClass().getName()): null

2019-08-23 18:50:43 - [TEST_STEP][PASSED] - M4_total_bonus_spins_int = M4_total_bonus_spins_int: null

2019-08-23 18:50:43 - [TEST_STEP][PASSED] - M4_total_bonus_spins = Integer.toString(M4_total_bonus_spins_int): null

2019-08-23 18:50:43 - [TEST_STEP][PASSED] - M4_total_bonus_spins = M4_total_bonus_spins: null

2019-08-23 18:50:43 - [TEST_STEP][PASSED] - println("M4_total_bonus_spins is:" + M4_total_bonus_spins): null

2019-08-23 18:50:43 - [TEST_STEP][PASSED] - M4_spin_bonus_data = bonus_data: null

2019-08-23 18:50:43 - [TEST_STEP][PASSED] - M4_spin_features_triggered = result_M4_spin: null

2019-08-23 18:50:43 - [TEST_STEP][PASSED] - wild = []: null

2019-08-23 18:50:43 - [TEST_STEP][PASSED] - wild[0] = "WILD_Expanding": null

2019-08-23 18:50:43 - [TEST_STEP][PASSED] - wild[1] = "WILD_Normal": null

2019-08-23 18:50:43 - [TEST_STEP][PASSED] - wild[2] = "WILD_Double": null

2019-08-23 18:50:43 - [TEST_STEP][PASSED] - wild[3] = "WILD_ExtraFG": null

2019-08-23 18:50:43 - [TEST_STEP][PASSED] - wild[4] = "WILD_Triple": null

2019-08-23 18:50:43 - [TEST_STEP][PASSED] - wildList = Arrays.asList(wild): null

2019-08-23 18:50:43 - [TEST_STEP][PASSED] - wildList = wildList: null

2019-08-23 18:50:43 - [TEST_STEP][PASSED] - free_spin_reel_counter = []: null

2019-08-23 18:50:43 - [TEST_STEP][PASSED] - free_spin_reel_counter[0] = 0: null

2019-08-23 18:50:43 - [TEST_STEP][PASSED] - free_spin_reel_counter[1] = 0: null

2019-08-23 18:50:43 - [TEST_STEP][PASSED] - free_spin_reel_counter[2] = 0: null

2019-08-23 18:50:43 - [TEST_STEP][PASSED] - M4_spin_reels = reels: null

2019-08-23 18:50:43 - [TEST_STEP][PASSED] - for ([i = 0, i &lt; M4_spin_reels.size(), (i++)]): null

2019-08-23 18:50:43 - [TEST_STEP][PASSED] - symbols = symbols: null

2019-08-23 18:50:43 - [TEST_STEP][PASSED] - for ([j = 0, j &lt; symbols.size(), (j++)]): null

2019-08-23 18:50:43 - [TEST_STEP][PASSED] - symbol = symbol: null

2019-08-23 18:50:43 - [TEST_STEP][PASSED] - println(symbol): null

2019-08-23 18:50:43 - [TEST_STEP][PASSED] - if (i == 2 &amp;&amp; wildList.indexOf(symbol) != -1): null

2019-08-23 18:50:43 - [TEST_STEP][PASSED] - if (i == 3 &amp;&amp; wildList.indexOf(symbol) != -1): null

2019-08-23 18:50:43 - [TEST_STEP][PASSED] - if (i == 4 &amp;&amp; wildList.indexOf(symbol) != -1): null

2019-08-23 18:50:43 - [TEST_STEP][PASSED] - symbol = symbol: null

2019-08-23 18:50:43 - [TEST_STEP][PASSED] - println(symbol): null

2019-08-23 18:50:43 - [TEST_STEP][PASSED] - if (i == 2 &amp;&amp; wildList.indexOf(symbol) != -1): null

2019-08-23 18:50:43 - [TEST_STEP][PASSED] - if (i == 3 &amp;&amp; wildList.indexOf(symbol) != -1): null

2019-08-23 18:50:43 - [TEST_STEP][PASSED] - if (i == 4 &amp;&amp; wildList.indexOf(symbol) != -1): null

2019-08-23 18:50:43 - [TEST_STEP][PASSED] - symbol = symbol: null

2019-08-23 18:50:43 - [TEST_STEP][PASSED] - println(symbol): null

2019-08-23 18:50:43 - [TEST_STEP][PASSED] - if (i == 2 &amp;&amp; wildList.indexOf(symbol) != -1): null

2019-08-23 18:50:43 - [TEST_STEP][PASSED] - if (i == 3 &amp;&amp; wildList.indexOf(symbol) != -1): null

2019-08-23 18:50:43 - [TEST_STEP][PASSED] - if (i == 4 &amp;&amp; wildList.indexOf(symbol) != -1): null

2019-08-23 18:50:43 - [TEST_STEP][PASSED] - symbols = symbols: null

2019-08-23 18:50:43 - [TEST_STEP][PASSED] - for ([j = 0, j &lt; symbols.size(), (j++)]): null

2019-08-23 18:50:43 - [TEST_STEP][PASSED] - symbol = symbol: null

2019-08-23 18:50:43 - [TEST_STEP][PASSED] - println(symbol): null

2019-08-23 18:50:43 - [TEST_STEP][PASSED] - if (i == 2 &amp;&amp; wildList.indexOf(symbol) != -1): null

2019-08-23 18:50:43 - [TEST_STEP][PASSED] - if (i == 3 &amp;&amp; wildList.indexOf(symbol) != -1): null

2019-08-23 18:50:43 - [TEST_STEP][PASSED] - if (i == 4 &amp;&amp; wildList.indexOf(symbol) != -1): null

2019-08-23 18:50:43 - [TEST_STEP][PASSED] - symbol = symbol: null

2019-08-23 18:50:43 - [TEST_STEP][PASSED] - println(symbol): null

2019-08-23 18:50:43 - [TEST_STEP][PASSED] - if (i == 2 &amp;&amp; wildList.indexOf(symbol) != -1): null

2019-08-23 18:50:43 - [TEST_STEP][PASSED] - if (i == 3 &amp;&amp; wildList.indexOf(symbol) != -1): null

2019-08-23 18:50:43 - [TEST_STEP][PASSED] - if (i == 4 &amp;&amp; wildList.indexOf(symbol) != -1): null

2019-08-23 18:50:43 - [TEST_STEP][PASSED] - symbol = symbol: null

2019-08-23 18:50:43 - [TEST_STEP][PASSED] - println(symbol): null

2019-08-23 18:50:43 - [TEST_STEP][PASSED] - if (i == 2 &amp;&amp; wildList.indexOf(symbol) != -1): null

2019-08-23 18:50:43 - [TEST_STEP][PASSED] - if (i == 3 &amp;&amp; wildList.indexOf(symbol) != -1): null

2019-08-23 18:50:43 - [TEST_STEP][PASSED] - if (i == 4 &amp;&amp; wildList.indexOf(symbol) != -1): null

2019-08-23 18:50:43 - [TEST_STEP][PASSED] - symbols = symbols: null

2019-08-23 18:50:43 - [TEST_STEP][PASSED] - for ([j = 0, j &lt; symbols.size(), (j++)]): null

2019-08-23 18:50:43 - [TEST_STEP][PASSED] - symbol = symbol: null

2019-08-23 18:50:43 - [TEST_STEP][PASSED] - println(symbol): null

2019-08-23 18:50:43 - [TEST_STEP][PASSED] - if (i == 2 &amp;&amp; wildList.indexOf(symbol) != -1): null

2019-08-23 18:50:43 - [TEST_STEP][PASSED] - if (i == 3 &amp;&amp; wildList.indexOf(symbol) != -1): null

2019-08-23 18:50:43 - [TEST_STEP][PASSED] - if (i == 4 &amp;&amp; wildList.indexOf(symbol) != -1): null

2019-08-23 18:50:43 - [TEST_STEP][PASSED] - symbol = symbol: null

2019-08-23 18:50:43 - [TEST_STEP][PASSED] - println(symbol): null

2019-08-23 18:50:43 - [TEST_STEP][PASSED] - if (i == 2 &amp;&amp; wildList.indexOf(symbol) != -1): null

2019-08-23 18:50:43 - [TEST_STEP][PASSED] - if (i == 3 &amp;&amp; wildList.indexOf(symbol) != -1): null

2019-08-23 18:50:43 - [TEST_STEP][PASSED] - if (i == 4 &amp;&amp; wildList.indexOf(symbol) != -1): null

2019-08-23 18:50:43 - [TEST_STEP][PASSED] - symbol = symbol: null

2019-08-23 18:50:43 - [TEST_STEP][PASSED] - println(symbol): null

2019-08-23 18:50:43 - [TEST_STEP][PASSED] - if (i == 2 &amp;&amp; wildList.indexOf(symbol) != -1): null

2019-08-23 18:50:43 - [TEST_STEP][PASSED] - if (i == 3 &amp;&amp; wildList.indexOf(symbol) != -1): null

2019-08-23 18:50:43 - [TEST_STEP][PASSED] - if (i == 4 &amp;&amp; wildList.indexOf(symbol) != -1): null

2019-08-23 18:50:43 - [TEST_STEP][PASSED] - symbols = symbols: null

2019-08-23 18:50:43 - [TEST_STEP][PASSED] - for ([j = 0, j &lt; symbols.size(), (j++)]): null

2019-08-23 18:50:43 - [TEST_STEP][PASSED] - symbol = symbol: null

2019-08-23 18:50:43 - [TEST_STEP][PASSED] - println(symbol): null

2019-08-23 18:50:43 - [TEST_STEP][PASSED] - if (i == 2 &amp;&amp; wildList.indexOf(symbol) != -1): null

2019-08-23 18:50:43 - [TEST_STEP][PASSED] - if (i == 3 &amp;&amp; wildList.indexOf(symbol) != -1): null

2019-08-23 18:50:43 - [TEST_STEP][PASSED] - if (i == 4 &amp;&amp; wildList.indexOf(symbol) != -1): null

2019-08-23 18:50:43 - [TEST_STEP][PASSED] - symbol = symbol: null

2019-08-23 18:50:43 - [TEST_STEP][PASSED] - println(symbol): null

2019-08-23 18:50:43 - [TEST_STEP][PASSED] - if (i == 2 &amp;&amp; wildList.indexOf(symbol) != -1): null

2019-08-23 18:50:43 - [TEST_STEP][PASSED] - if (i == 3 &amp;&amp; wildList.indexOf(symbol) != -1): null

2019-08-23 18:50:43 - [TEST_STEP][PASSED] - if (i == 4 &amp;&amp; wildList.indexOf(symbol) != -1): null

2019-08-23 18:50:43 - [TEST_STEP][PASSED] - symbol = symbol: null

2019-08-23 18:50:43 - [TEST_STEP][PASSED] - println(symbol): null

2019-08-23 18:50:43 - [TEST_STEP][PASSED] - if (i == 2 &amp;&amp; wildList.indexOf(symbol) != -1): null

2019-08-23 18:50:43 - [TEST_STEP][PASSED] - if (i == 3 &amp;&amp; wildList.indexOf(symbol) != -1): null

2019-08-23 18:50:43 - [TEST_STEP][PASSED] - if (i == 4 &amp;&amp; wildList.indexOf(symbol) != -1): null

2019-08-23 18:50:43 - [TEST_STEP][PASSED] - symbols = symbols: null

2019-08-23 18:50:43 - [TEST_STEP][PASSED] - for ([j = 0, j &lt; symbols.size(), (j++)]): null

2019-08-23 18:50:43 - [TEST_STEP][PASSED] - symbol = symbol: null

2019-08-23 18:50:43 - [TEST_STEP][PASSED] - println(symbol): null

2019-08-23 18:50:43 - [TEST_STEP][PASSED] - if (i == 2 &amp;&amp; wildList.indexOf(symbol) != -1): null

2019-08-23 18:50:43 - [TEST_STEP][PASSED] - if (i == 3 &amp;&amp; wildList.indexOf(symbol) != -1): null

2019-08-23 18:50:43 - [TEST_STEP][PASSED] - if (i == 4 &amp;&amp; wildList.indexOf(symbol) != -1): null

2019-08-23 18:50:43 - [TEST_STEP][PASSED] - symbol = symbol: null

2019-08-23 18:50:43 - [TEST_STEP][PASSED] - println(symbol): null

2019-08-23 18:50:43 - [TEST_STEP][PASSED] - if (i == 2 &amp;&amp; wildList.indexOf(symbol) != -1): null

2019-08-23 18:50:43 - [TEST_STEP][PASSED] - if (i == 3 &amp;&amp; wildList.indexOf(symbol) != -1): null

2019-08-23 18:50:43 - [TEST_STEP][PASSED] - if (i == 4 &amp;&amp; wildList.indexOf(symbol) != -1): null

2019-08-23 18:50:43 - [TEST_STEP][PASSED] - symbol = symbol: null

2019-08-23 18:50:43 - [TEST_STEP][PASSED] - println(symbol): null

2019-08-23 18:50:43 - [TEST_STEP][PASSED] - if (i == 2 &amp;&amp; wildList.indexOf(symbol) != -1): null

2019-08-23 18:50:43 - [TEST_STEP][PASSED] - if (i == 3 &amp;&amp; wildList.indexOf(symbol) != -1): null

2019-08-23 18:50:43 - [TEST_STEP][PASSED] - if (i == 4 &amp;&amp; wildList.indexOf(symbol) != -1): null

2019-08-23 18:50:43 - [TEST_STEP][PASSED] - free_spin_reel_counter = free_spin_reel_counter: null

2019-08-23 18:50:43 - [TEST_STEP][PASSED] - println("reel 3 wild found: " + free_spin_reel_counter[0]): null

2019-08-23 18:50:43 - [TEST_STEP][PASSED] - println("reel 4 wild found: " + free_spin_reel_counter[1]): null

2019-08-23 18:50:43 - [TEST_STEP][PASSED] - println("reel 5 wild found: " + free_spin_reel_counter[2]): null

2019-08-23 18:50:43 - [TEST_STEP][PASSED] - M4_spin_reels = M4_spin_reels: null

2019-08-23 18:50:43 - [TEST_STEP][PASSED] - M4_spin_reels_symbols = symbol: null

2019-08-23 18:50:43 - [TEST_STEP][PASSED] - M4_spin_reels_symbols = M4_spin_reels_symbols: null

2019-08-23 18:50:43 - [TEST_STEP][PASSED] - M4_spin_reel_wins = reel_wins: null

2019-08-23 18:50:43 - [TEST_STEP][PASSED] - M4_spin_reel_wins = M4_spin_reel_wins: null

2019-08-23 18:50:43 - [TEST_STEP][PASSED] - println("GlobalVariable.M4_spin_reel_wins is: " + M4_spin_reel_wins): null

2019-08-23 18:50:43 - [TEST_STEP][PASSED] - M4_spin_total_bonus_win_this_round = total_bonus_win_this_round: null

2019-08-23 18:50:43 - [TEST_STEP][PASSED] - M4_spin_total_bonus_win_this_round = M4_spin_total_bonus_win_this_round: null

2019-08-23 18:50:43 - [TEST_STEP][PASSED] - println("GlobalVariable.M4_spin_total_bonus_win_this_round is: " + M4_spin_total_bonus_win_this_round): null

2019-08-23 18:50:43 - [TEST_STEP][PASSED] - M4_spin_bonus_spin_result = spin_result: null

2019-08-23 18:50:43 - [TEST_STEP][PASSED] - M4_spin_bonus_spin_result = M4_spin_bonus_spin_result: null

2019-08-23 18:50:43 - [MESSAGE][PASSED] - Verify response successfully

2019-08-23 18:50:43 - [MESSAGE][PASSED] - Send request and verify the response successfully

2019-08-23 18:50:43 - [TEST_STEP][PASSED] - if (free_spin_reel_counter[0] &gt;= 1 &amp;&amp; free_spin_reel_counter[1] &gt;= 1 &amp;&amp; free_spin_reel_counter[2] &gt;= 1): null

2019-08-23 18:50:43 - [TEST_STEP][PASSED] - spin_result = sendRequestAndVerify(findTestObject("INT/RGS(M4)/1_M4_spin", ["M4_login_user_id":M4_login_user_id, "rgs_session_token":rgs_session_token, "partner":Partner])): Send request and verify the response successfully

2019-08-23 18:50:44 - [MESSAGE][INFO] - HAR: /Users/eiralee/Katalon_Script/SuperWild/Reports/20190823_184757/INT/superWild_1/20190823_184757/requests/main/27.har

2019-08-23 18:50:44 - [TEST_CASE][PASSED] - Start Test Case : Verification: Verification accomplished successfully

2019-08-23 18:50:44 - [TEST_STEP][PASSED] - request = getInstance().getCurrentRequest(): null

2019-08-23 18:50:44 - [TEST_STEP][PASSED] - response = getInstance().getCurrentResponse(): null

2019-08-23 18:50:44 - [TEST_STEP][PASSED] - verifyResponseStatusCode(response, 200): Verify response status code successfully

2019-08-23 18:50:44 - [MESSAGE][PASSED] - Verify response status code successfully

2019-08-23 18:50:44 - [TEST_STEP][PASSED] - getStatusCode()).isEqualTo(200): null

2019-08-23 18:50:44 - [TEST_STEP][PASSED] - newline = System.getProperty("line.separator"): null

2019-08-23 18:50:44 - [TEST_STEP][PASSED] - M4_spin = new groovy.json.JsonSlurper(): null

2019-08-23 18:50:44 - [TEST_STEP][PASSED] - result_M4_spin = M4_spin.parseText(response.getResponseBodyContent()): null

2019-08-23 18:50:44 - [TEST_STEP][PASSED] - M4_spin_current_balance = current_balance: null

2019-08-23 18:50:44 - [TEST_STEP][PASSED] - M4_spin_current_balance = M4_spin_current_balance: null

2019-08-23 18:50:44 - [TEST_STEP][PASSED] - M4_spin_transaction_id = causality: null

2019-08-23 18:50:44 - [TEST_STEP][PASSED] - M4_spin_transaction_id = M4_spin_transaction_id: null

2019-08-23 18:50:44 - [TEST_STEP][PASSED] - M4_spin_round_id = round_id: null

2019-08-23 18:50:44 - [TEST_STEP][PASSED] - M4_spin_round_id = M4_spin_round_id: null

2019-08-23 18:50:44 - [TEST_STEP][PASSED] - M4_spin_line_wins = line_wins: null

2019-08-23 18:50:44 - [TEST_STEP][PASSED] - M4_spin_line_wins = M4_spin_line_wins: null

2019-08-23 18:50:44 - [TEST_STEP][PASSED] - M4_total_bonus_spins_int = total_bonus_spins: null

2019-08-23 18:50:44 - [TEST_STEP][PASSED] - println("******M4_total_bonus_spins type is:*******" + newline + getClass().getName()): null

2019-08-23 18:50:44 - [TEST_STEP][PASSED] - M4_total_bonus_spins_int = M4_total_bonus_spins_int: null

2019-08-23 18:50:44 - [TEST_STEP][PASSED] - M4_total_bonus_spins = Integer.toString(M4_total_bonus_spins_int): null

2019-08-23 18:50:44 - [TEST_STEP][PASSED] - M4_total_bonus_spins = M4_total_bonus_spins: null

2019-08-23 18:50:44 - [TEST_STEP][PASSED] - println("M4_total_bonus_spins is:" + M4_total_bonus_spins): null

2019-08-23 18:50:44 - [TEST_STEP][PASSED] - M4_spin_bonus_data = bonus_data: null

2019-08-23 18:50:44 - [TEST_STEP][PASSED] - M4_spin_features_triggered = result_M4_spin: null

2019-08-23 18:50:44 - [TEST_STEP][PASSED] - wild = []: null

2019-08-23 18:50:44 - [TEST_STEP][PASSED] - wild[0] = "WILD_Expanding": null

2019-08-23 18:50:44 - [TEST_STEP][PASSED] - wild[1] = "WILD_Normal": null

2019-08-23 18:50:44 - [TEST_STEP][PASSED] - wild[2] = "WILD_Double": null

2019-08-23 18:50:44 - [TEST_STEP][PASSED] - wild[3] = "WILD_ExtraFG": null

2019-08-23 18:50:44 - [TEST_STEP][PASSED] - wild[4] = "WILD_Triple": null

2019-08-23 18:50:44 - [TEST_STEP][PASSED] - wildList = Arrays.asList(wild): null

2019-08-23 18:50:44 - [TEST_STEP][PASSED] - wildList = wildList: null

2019-08-23 18:50:44 - [TEST_STEP][PASSED] - free_spin_reel_counter = []: null

2019-08-23 18:50:44 - [TEST_STEP][PASSED] - free_spin_reel_counter[0] = 0: null

2019-08-23 18:50:44 - [TEST_STEP][PASSED] - free_spin_reel_counter[1] = 0: null

2019-08-23 18:50:44 - [TEST_STEP][PASSED] - free_spin_reel_counter[2] = 0: null

2019-08-23 18:50:44 - [TEST_STEP][PASSED] - M4_spin_reels = reels: null

2019-08-23 18:50:44 - [TEST_STEP][PASSED] - for ([i = 0, i &lt; M4_spin_reels.size(), (i++)]): null

2019-08-23 18:50:44 - [TEST_STEP][PASSED] - symbols = symbols: null

2019-08-23 18:50:44 - [TEST_STEP][PASSED] - for ([j = 0, j &lt; symbols.size(), (j++)]): null

2019-08-23 18:50:44 - [TEST_STEP][PASSED] - symbol = symbol: null

2019-08-23 18:50:44 - [TEST_STEP][PASSED] - println(symbol): null

2019-08-23 18:50:44 - [TEST_STEP][PASSED] - if (i == 2 &amp;&amp; wildList.indexOf(symbol) != -1): null

2019-08-23 18:50:44 - [TEST_STEP][PASSED] - if (i == 3 &amp;&amp; wildList.indexOf(symbol) != -1): null

2019-08-23 18:50:44 - [TEST_STEP][PASSED] - if (i == 4 &amp;&amp; wildList.indexOf(symbol) != -1): null

2019-08-23 18:50:44 - [TEST_STEP][PASSED] - symbol = symbol: null

2019-08-23 18:50:44 - [TEST_STEP][PASSED] - println(symbol): null

2019-08-23 18:50:44 - [TEST_STEP][PASSED] - if (i == 2 &amp;&amp; wildList.indexOf(symbol) != -1): null

2019-08-23 18:50:44 - [TEST_STEP][PASSED] - if (i == 3 &amp;&amp; wildList.indexOf(symbol) != -1): null

2019-08-23 18:50:44 - [TEST_STEP][PASSED] - if (i == 4 &amp;&amp; wildList.indexOf(symbol) != -1): null

2019-08-23 18:50:44 - [TEST_STEP][PASSED] - symbol = symbol: null

2019-08-23 18:50:44 - [TEST_STEP][PASSED] - println(symbol): null

2019-08-23 18:50:44 - [TEST_STEP][PASSED] - if (i == 2 &amp;&amp; wildList.indexOf(symbol) != -1): null

2019-08-23 18:50:44 - [TEST_STEP][PASSED] - if (i == 3 &amp;&amp; wildList.indexOf(symbol) != -1): null

2019-08-23 18:50:44 - [TEST_STEP][PASSED] - if (i == 4 &amp;&amp; wildList.indexOf(symbol) != -1): null

2019-08-23 18:50:44 - [TEST_STEP][PASSED] - symbols = symbols: null

2019-08-23 18:50:44 - [TEST_STEP][PASSED] - for ([j = 0, j &lt; symbols.size(), (j++)]): null

2019-08-23 18:50:44 - [TEST_STEP][PASSED] - symbol = symbol: null

2019-08-23 18:50:44 - [TEST_STEP][PASSED] - println(symbol): null

2019-08-23 18:50:44 - [TEST_STEP][PASSED] - if (i == 2 &amp;&amp; wildList.indexOf(symbol) != -1): null

2019-08-23 18:50:44 - [TEST_STEP][PASSED] - if (i == 3 &amp;&amp; wildList.indexOf(symbol) != -1): null

2019-08-23 18:50:44 - [TEST_STEP][PASSED] - if (i == 4 &amp;&amp; wildList.indexOf(symbol) != -1): null

2019-08-23 18:50:44 - [TEST_STEP][PASSED] - symbol = symbol: null

2019-08-23 18:50:44 - [TEST_STEP][PASSED] - println(symbol): null

2019-08-23 18:50:44 - [TEST_STEP][PASSED] - if (i == 2 &amp;&amp; wildList.indexOf(symbol) != -1): null

2019-08-23 18:50:44 - [TEST_STEP][PASSED] - if (i == 3 &amp;&amp; wildList.indexOf(symbol) != -1): null

2019-08-23 18:50:44 - [TEST_STEP][PASSED] - if (i == 4 &amp;&amp; wildList.indexOf(symbol) != -1): null

2019-08-23 18:50:44 - [TEST_STEP][PASSED] - symbol = symbol: null

2019-08-23 18:50:44 - [TEST_STEP][PASSED] - println(symbol): null

2019-08-23 18:50:44 - [TEST_STEP][PASSED] - if (i == 2 &amp;&amp; wildList.indexOf(symbol) != -1): null

2019-08-23 18:50:44 - [TEST_STEP][PASSED] - if (i == 3 &amp;&amp; wildList.indexOf(symbol) != -1): null

2019-08-23 18:50:44 - [TEST_STEP][PASSED] - if (i == 4 &amp;&amp; wildList.indexOf(symbol) != -1): null

2019-08-23 18:50:44 - [TEST_STEP][PASSED] - symbols = symbols: null

2019-08-23 18:50:44 - [TEST_STEP][PASSED] - for ([j = 0, j &lt; symbols.size(), (j++)]): null

2019-08-23 18:50:44 - [TEST_STEP][PASSED] - symbol = symbol: null

2019-08-23 18:50:44 - [TEST_STEP][PASSED] - println(symbol): null

2019-08-23 18:50:44 - [TEST_STEP][PASSED] - if (i == 2 &amp;&amp; wildList.indexOf(symbol) != -1): null

2019-08-23 18:50:44 - [TEST_STEP][PASSED] - if (i == 3 &amp;&amp; wildList.indexOf(symbol) != -1): null

2019-08-23 18:50:44 - [TEST_STEP][PASSED] - if (i == 4 &amp;&amp; wildList.indexOf(symbol) != -1): null

2019-08-23 18:50:44 - [TEST_STEP][PASSED] - symbol = symbol: null

2019-08-23 18:50:44 - [TEST_STEP][PASSED] - println(symbol): null

2019-08-23 18:50:44 - [TEST_STEP][PASSED] - if (i == 2 &amp;&amp; wildList.indexOf(symbol) != -1): null

2019-08-23 18:50:44 - [TEST_STEP][PASSED] - if (i == 3 &amp;&amp; wildList.indexOf(symbol) != -1): null

2019-08-23 18:50:44 - [TEST_STEP][PASSED] - if (i == 4 &amp;&amp; wildList.indexOf(symbol) != -1): null

2019-08-23 18:50:44 - [TEST_STEP][PASSED] - symbol = symbol: null

2019-08-23 18:50:44 - [TEST_STEP][PASSED] - println(symbol): null

2019-08-23 18:50:44 - [TEST_STEP][PASSED] - if (i == 2 &amp;&amp; wildList.indexOf(symbol) != -1): null

2019-08-23 18:50:44 - [TEST_STEP][PASSED] - if (i == 3 &amp;&amp; wildList.indexOf(symbol) != -1): null

2019-08-23 18:50:44 - [TEST_STEP][PASSED] - if (i == 4 &amp;&amp; wildList.indexOf(symbol) != -1): null

2019-08-23 18:50:44 - [TEST_STEP][PASSED] - symbols = symbols: null

2019-08-23 18:50:44 - [TEST_STEP][PASSED] - for ([j = 0, j &lt; symbols.size(), (j++)]): null

2019-08-23 18:50:44 - [TEST_STEP][PASSED] - symbol = symbol: null

2019-08-23 18:50:44 - [TEST_STEP][PASSED] - println(symbol): null

2019-08-23 18:50:44 - [TEST_STEP][PASSED] - if (i == 2 &amp;&amp; wildList.indexOf(symbol) != -1): null

2019-08-23 18:50:44 - [TEST_STEP][PASSED] - if (i == 3 &amp;&amp; wildList.indexOf(symbol) != -1): null

2019-08-23 18:50:44 - [TEST_STEP][PASSED] - if (i == 4 &amp;&amp; wildList.indexOf(symbol) != -1): null

2019-08-23 18:50:44 - [TEST_STEP][PASSED] - symbol = symbol: null

2019-08-23 18:50:44 - [TEST_STEP][PASSED] - println(symbol): null

2019-08-23 18:50:44 - [TEST_STEP][PASSED] - if (i == 2 &amp;&amp; wildList.indexOf(symbol) != -1): null

2019-08-23 18:50:44 - [TEST_STEP][PASSED] - if (i == 3 &amp;&amp; wildList.indexOf(symbol) != -1): null

2019-08-23 18:50:44 - [TEST_STEP][PASSED] - println("wild found on reel 4, adding counter by 1"): null

2019-08-23 18:50:44 - [TEST_STEP][PASSED] - free_spin_reel_counter[1] = free_spin_reel_counter[1] + 1: null

2019-08-23 18:50:44 - [TEST_STEP][PASSED] - if (i == 4 &amp;&amp; wildList.indexOf(symbol) != -1): null

2019-08-23 18:50:44 - [TEST_STEP][PASSED] - symbol = symbol: null

2019-08-23 18:50:44 - [TEST_STEP][PASSED] - println(symbol): null

2019-08-23 18:50:44 - [TEST_STEP][PASSED] - if (i == 2 &amp;&amp; wildList.indexOf(symbol) != -1): null

2019-08-23 18:50:44 - [TEST_STEP][PASSED] - if (i == 3 &amp;&amp; wildList.indexOf(symbol) != -1): null

2019-08-23 18:50:44 - [TEST_STEP][PASSED] - if (i == 4 &amp;&amp; wildList.indexOf(symbol) != -1): null

2019-08-23 18:50:44 - [TEST_STEP][PASSED] - symbols = symbols: null

2019-08-23 18:50:44 - [TEST_STEP][PASSED] - for ([j = 0, j &lt; symbols.size(), (j++)]): null

2019-08-23 18:50:44 - [TEST_STEP][PASSED] - symbol = symbol: null

2019-08-23 18:50:44 - [TEST_STEP][PASSED] - println(symbol): null

2019-08-23 18:50:44 - [TEST_STEP][PASSED] - if (i == 2 &amp;&amp; wildList.indexOf(symbol) != -1): null

2019-08-23 18:50:44 - [TEST_STEP][PASSED] - if (i == 3 &amp;&amp; wildList.indexOf(symbol) != -1): null

2019-08-23 18:50:44 - [TEST_STEP][PASSED] - if (i == 4 &amp;&amp; wildList.indexOf(symbol) != -1): null

2019-08-23 18:50:44 - [TEST_STEP][PASSED] - symbol = symbol: null

2019-08-23 18:50:44 - [TEST_STEP][PASSED] - println(symbol): null

2019-08-23 18:50:44 - [TEST_STEP][PASSED] - if (i == 2 &amp;&amp; wildList.indexOf(symbol) != -1): null

2019-08-23 18:50:44 - [TEST_STEP][PASSED] - if (i == 3 &amp;&amp; wildList.indexOf(symbol) != -1): null

2019-08-23 18:50:44 - [TEST_STEP][PASSED] - if (i == 4 &amp;&amp; wildList.indexOf(symbol) != -1): null

2019-08-23 18:50:44 - [TEST_STEP][PASSED] - symbol = symbol: null

2019-08-23 18:50:44 - [TEST_STEP][PASSED] - println(symbol): null

2019-08-23 18:50:44 - [TEST_STEP][PASSED] - if (i == 2 &amp;&amp; wildList.indexOf(symbol) != -1): null

2019-08-23 18:50:44 - [TEST_STEP][PASSED] - if (i == 3 &amp;&amp; wildList.indexOf(symbol) != -1): null

2019-08-23 18:50:44 - [TEST_STEP][PASSED] - if (i == 4 &amp;&amp; wildList.indexOf(symbol) != -1): null

2019-08-23 18:50:44 - [TEST_STEP][PASSED] - free_spin_reel_counter = free_spin_reel_counter: null

2019-08-23 18:50:44 - [TEST_STEP][PASSED] - println("reel 3 wild found: " + free_spin_reel_counter[0]): null

2019-08-23 18:50:44 - [TEST_STEP][PASSED] - println("reel 4 wild found: " + free_spin_reel_counter[1]): null

2019-08-23 18:50:44 - [TEST_STEP][PASSED] - println("reel 5 wild found: " + free_spin_reel_counter[2]): null

2019-08-23 18:50:44 - [TEST_STEP][PASSED] - M4_spin_reels = M4_spin_reels: null

2019-08-23 18:50:44 - [TEST_STEP][PASSED] - M4_spin_reels_symbols = symbol: null

2019-08-23 18:50:44 - [TEST_STEP][PASSED] - M4_spin_reels_symbols = M4_spin_reels_symbols: null

2019-08-23 18:50:44 - [TEST_STEP][PASSED] - M4_spin_reel_wins = reel_wins: null

2019-08-23 18:50:44 - [TEST_STEP][PASSED] - M4_spin_reel_wins = M4_spin_reel_wins: null

2019-08-23 18:50:44 - [TEST_STEP][PASSED] - println("GlobalVariable.M4_spin_reel_wins is: " + M4_spin_reel_wins): null

2019-08-23 18:50:44 - [TEST_STEP][PASSED] - M4_spin_total_bonus_win_this_round = total_bonus_win_this_round: null

2019-08-23 18:50:44 - [TEST_STEP][PASSED] - M4_spin_total_bonus_win_this_round = M4_spin_total_bonus_win_this_round: null

2019-08-23 18:50:44 - [TEST_STEP][PASSED] - println("GlobalVariable.M4_spin_total_bonus_win_this_round is: " + M4_spin_total_bonus_win_this_round): null

2019-08-23 18:50:44 - [TEST_STEP][PASSED] - M4_spin_bonus_spin_result = spin_result: null

2019-08-23 18:50:44 - [TEST_STEP][PASSED] - M4_spin_bonus_spin_result = M4_spin_bonus_spin_result: null

2019-08-23 18:50:44 - [MESSAGE][PASSED] - Verify response successfully

2019-08-23 18:50:44 - [MESSAGE][PASSED] - Send request and verify the response successfully

2019-08-23 18:50:44 - [TEST_STEP][PASSED] - if (free_spin_reel_counter[0] &gt;= 1 &amp;&amp; free_spin_reel_counter[1] &gt;= 1 &amp;&amp; free_spin_reel_counter[2] &gt;= 1): null

2019-08-23 18:50:44 - [TEST_STEP][PASSED] - spin_result = sendRequestAndVerify(findTestObject("INT/RGS(M4)/1_M4_spin", ["M4_login_user_id":M4_login_user_id, "rgs_session_token":rgs_session_token, "partner":Partner])): Send request and verify the response successfully

2019-08-23 18:50:44 - [MESSAGE][INFO] - HAR: /Users/eiralee/Katalon_Script/SuperWild/Reports/20190823_184757/INT/superWild_1/20190823_184757/requests/main/28.har

2019-08-23 18:50:44 - [TEST_CASE][PASSED] - Start Test Case : Verification: Verification accomplished successfully

2019-08-23 18:50:44 - [TEST_STEP][PASSED] - request = getInstance().getCurrentRequest(): null

2019-08-23 18:50:44 - [TEST_STEP][PASSED] - response = getInstance().getCurrentResponse(): null

2019-08-23 18:50:44 - [TEST_STEP][PASSED] - verifyResponseStatusCode(response, 200): Verify response status code successfully

2019-08-23 18:50:44 - [MESSAGE][PASSED] - Verify response status code successfully

2019-08-23 18:50:44 - [TEST_STEP][PASSED] - getStatusCode()).isEqualTo(200): null

2019-08-23 18:50:44 - [TEST_STEP][PASSED] - newline = System.getProperty("line.separator"): null

2019-08-23 18:50:44 - [TEST_STEP][PASSED] - M4_spin = new groovy.json.JsonSlurper(): null

2019-08-23 18:50:44 - [TEST_STEP][PASSED] - result_M4_spin = M4_spin.parseText(response.getResponseBodyContent()): null

2019-08-23 18:50:44 - [TEST_STEP][PASSED] - M4_spin_current_balance = current_balance: null

2019-08-23 18:50:44 - [TEST_STEP][PASSED] - M4_spin_current_balance = M4_spin_current_balance: null

2019-08-23 18:50:44 - [TEST_STEP][PASSED] - M4_spin_transaction_id = causality: null

2019-08-23 18:50:44 - [TEST_STEP][PASSED] - M4_spin_transaction_id = M4_spin_transaction_id: null

2019-08-23 18:50:44 - [TEST_STEP][PASSED] - M4_spin_round_id = round_id: null

2019-08-23 18:50:44 - [TEST_STEP][PASSED] - M4_spin_round_id = M4_spin_round_id: null

2019-08-23 18:50:44 - [TEST_STEP][PASSED] - M4_spin_line_wins = line_wins: null

2019-08-23 18:50:44 - [TEST_STEP][PASSED] - M4_spin_line_wins = M4_spin_line_wins: null

2019-08-23 18:50:44 - [TEST_STEP][PASSED] - M4_total_bonus_spins_int = total_bonus_spins: null

2019-08-23 18:50:44 - [TEST_STEP][PASSED] - println("******M4_total_bonus_spins type is:*******" + newline + getClass().getName()): null

2019-08-23 18:50:44 - [TEST_STEP][PASSED] - M4_total_bonus_spins_int = M4_total_bonus_spins_int: null

2019-08-23 18:50:44 - [TEST_STEP][PASSED] - M4_total_bonus_spins = Integer.toString(M4_total_bonus_spins_int): null

2019-08-23 18:50:44 - [TEST_STEP][PASSED] - M4_total_bonus_spins = M4_total_bonus_spins: null

2019-08-23 18:50:44 - [TEST_STEP][PASSED] - println("M4_total_bonus_spins is:" + M4_total_bonus_spins): null

2019-08-23 18:50:44 - [TEST_STEP][PASSED] - M4_spin_bonus_data = bonus_data: null

2019-08-23 18:50:44 - [TEST_STEP][PASSED] - M4_spin_features_triggered = result_M4_spin: null

2019-08-23 18:50:44 - [TEST_STEP][PASSED] - wild = []: null

2019-08-23 18:50:44 - [TEST_STEP][PASSED] - wild[0] = "WILD_Expanding": null

2019-08-23 18:50:44 - [TEST_STEP][PASSED] - wild[1] = "WILD_Normal": null

2019-08-23 18:50:44 - [TEST_STEP][PASSED] - wild[2] = "WILD_Double": null

2019-08-23 18:50:44 - [TEST_STEP][PASSED] - wild[3] = "WILD_ExtraFG": null

2019-08-23 18:50:44 - [TEST_STEP][PASSED] - wild[4] = "WILD_Triple": null

2019-08-23 18:50:44 - [TEST_STEP][PASSED] - wildList = Arrays.asList(wild): null

2019-08-23 18:50:44 - [TEST_STEP][PASSED] - wildList = wildList: null

2019-08-23 18:50:44 - [TEST_STEP][PASSED] - free_spin_reel_counter = []: null

2019-08-23 18:50:44 - [TEST_STEP][PASSED] - free_spin_reel_counter[0] = 0: null

2019-08-23 18:50:44 - [TEST_STEP][PASSED] - free_spin_reel_counter[1] = 0: null

2019-08-23 18:50:44 - [TEST_STEP][PASSED] - free_spin_reel_counter[2] = 0: null

2019-08-23 18:50:44 - [TEST_STEP][PASSED] - M4_spin_reels = reels: null

2019-08-23 18:50:44 - [TEST_STEP][PASSED] - for ([i = 0, i &lt; M4_spin_reels.size(), (i++)]): null

2019-08-23 18:50:44 - [TEST_STEP][PASSED] - symbols = symbols: null

2019-08-23 18:50:44 - [TEST_STEP][PASSED] - for ([j = 0, j &lt; symbols.size(), (j++)]): null

2019-08-23 18:50:44 - [TEST_STEP][PASSED] - symbol = symbol: null

2019-08-23 18:50:44 - [TEST_STEP][PASSED] - println(symbol): null

2019-08-23 18:50:44 - [TEST_STEP][PASSED] - if (i == 2 &amp;&amp; wildList.indexOf(symbol) != -1): null

2019-08-23 18:50:44 - [TEST_STEP][PASSED] - if (i == 3 &amp;&amp; wildList.indexOf(symbol) != -1): null

2019-08-23 18:50:44 - [TEST_STEP][PASSED] - if (i == 4 &amp;&amp; wildList.indexOf(symbol) != -1): null

2019-08-23 18:50:44 - [TEST_STEP][PASSED] - symbol = symbol: null

2019-08-23 18:50:44 - [TEST_STEP][PASSED] - println(symbol): null

2019-08-23 18:50:44 - [TEST_STEP][PASSED] - if (i == 2 &amp;&amp; wildList.indexOf(symbol) != -1): null

2019-08-23 18:50:44 - [TEST_STEP][PASSED] - if (i == 3 &amp;&amp; wildList.indexOf(symbol) != -1): null

2019-08-23 18:50:44 - [TEST_STEP][PASSED] - if (i == 4 &amp;&amp; wildList.indexOf(symbol) != -1): null

2019-08-23 18:50:44 - [TEST_STEP][PASSED] - symbol = symbol: null

2019-08-23 18:50:44 - [TEST_STEP][PASSED] - println(symbol): null

2019-08-23 18:50:44 - [TEST_STEP][PASSED] - if (i == 2 &amp;&amp; wildList.indexOf(symbol) != -1): null

2019-08-23 18:50:44 - [TEST_STEP][PASSED] - if (i == 3 &amp;&amp; wildList.indexOf(symbol) != -1): null

2019-08-23 18:50:44 - [TEST_STEP][PASSED] - if (i == 4 &amp;&amp; wildList.indexOf(symbol) != -1): null

2019-08-23 18:50:44 - [TEST_STEP][PASSED] - symbols = symbols: null

2019-08-23 18:50:44 - [TEST_STEP][PASSED] - for ([j = 0, j &lt; symbols.size(), (j++)]): null

2019-08-23 18:50:44 - [TEST_STEP][PASSED] - symbol = symbol: null

2019-08-23 18:50:44 - [TEST_STEP][PASSED] - println(symbol): null

2019-08-23 18:50:44 - [TEST_STEP][PASSED] - if (i == 2 &amp;&amp; wildList.indexOf(symbol) != -1): null

2019-08-23 18:50:44 - [TEST_STEP][PASSED] - if (i == 3 &amp;&amp; wildList.indexOf(symbol) != -1): null

2019-08-23 18:50:44 - [TEST_STEP][PASSED] - if (i == 4 &amp;&amp; wildList.indexOf(symbol) != -1): null

2019-08-23 18:50:44 - [TEST_STEP][PASSED] - symbol = symbol: null

2019-08-23 18:50:44 - [TEST_STEP][PASSED] - println(symbol): null

2019-08-23 18:50:44 - [TEST_STEP][PASSED] - if (i == 2 &amp;&amp; wildList.indexOf(symbol) != -1): null

2019-08-23 18:50:44 - [TEST_STEP][PASSED] - if (i == 3 &amp;&amp; wildList.indexOf(symbol) != -1): null

2019-08-23 18:50:44 - [TEST_STEP][PASSED] - if (i == 4 &amp;&amp; wildList.indexOf(symbol) != -1): null

2019-08-23 18:50:44 - [TEST_STEP][PASSED] - symbol = symbol: null

2019-08-23 18:50:44 - [TEST_STEP][PASSED] - println(symbol): null

2019-08-23 18:50:44 - [TEST_STEP][PASSED] - if (i == 2 &amp;&amp; wildList.indexOf(symbol) != -1): null

2019-08-23 18:50:44 - [TEST_STEP][PASSED] - if (i == 3 &amp;&amp; wildList.indexOf(symbol) != -1): null

2019-08-23 18:50:44 - [TEST_STEP][PASSED] - if (i == 4 &amp;&amp; wildList.indexOf(symbol) != -1): null

2019-08-23 18:50:44 - [TEST_STEP][PASSED] - symbols = symbols: null

2019-08-23 18:50:44 - [TEST_STEP][PASSED] - for ([j = 0, j &lt; symbols.size(), (j++)]): null

2019-08-23 18:50:44 - [TEST_STEP][PASSED] - symbol = symbol: null

2019-08-23 18:50:44 - [TEST_STEP][PASSED] - println(symbol): null

2019-08-23 18:50:44 - [TEST_STEP][PASSED] - if (i == 2 &amp;&amp; wildList.indexOf(symbol) != -1): null

2019-08-23 18:50:44 - [TEST_STEP][PASSED] - println("wild found on reel 3, adding counter by 1"): null

2019-08-23 18:50:44 - [TEST_STEP][PASSED] - free_spin_reel_counter[0] = free_spin_reel_counter[0] + 1: null

2019-08-23 18:50:44 - [TEST_STEP][PASSED] - if (i == 3 &amp;&amp; wildList.indexOf(symbol) != -1): null

2019-08-23 18:50:44 - [TEST_STEP][PASSED] - if (i == 4 &amp;&amp; wildList.indexOf(symbol) != -1): null

2019-08-23 18:50:44 - [TEST_STEP][PASSED] - symbol = symbol: null

2019-08-23 18:50:44 - [TEST_STEP][PASSED] - println(symbol): null

2019-08-23 18:50:44 - [TEST_STEP][PASSED] - if (i == 2 &amp;&amp; wildList.indexOf(symbol) != -1): null

2019-08-23 18:50:44 - [TEST_STEP][PASSED] - if (i == 3 &amp;&amp; wildList.indexOf(symbol) != -1): null

2019-08-23 18:50:44 - [TEST_STEP][PASSED] - if (i == 4 &amp;&amp; wildList.indexOf(symbol) != -1): null

2019-08-23 18:50:44 - [TEST_STEP][PASSED] - symbol = symbol: null

2019-08-23 18:50:44 - [TEST_STEP][PASSED] - println(symbol): null

2019-08-23 18:50:44 - [TEST_STEP][PASSED] - if (i == 2 &amp;&amp; wildList.indexOf(symbol) != -1): null

2019-08-23 18:50:44 - [TEST_STEP][PASSED] - if (i == 3 &amp;&amp; wildList.indexOf(symbol) != -1): null

2019-08-23 18:50:44 - [TEST_STEP][PASSED] - if (i == 4 &amp;&amp; wildList.indexOf(symbol) != -1): null

2019-08-23 18:50:44 - [TEST_STEP][PASSED] - symbols = symbols: null

2019-08-23 18:50:44 - [TEST_STEP][PASSED] - for ([j = 0, j &lt; symbols.size(), (j++)]): null

2019-08-23 18:50:44 - [TEST_STEP][PASSED] - symbol = symbol: null

2019-08-23 18:50:44 - [TEST_STEP][PASSED] - println(symbol): null

2019-08-23 18:50:44 - [TEST_STEP][PASSED] - if (i == 2 &amp;&amp; wildList.indexOf(symbol) != -1): null

2019-08-23 18:50:44 - [TEST_STEP][PASSED] - if (i == 3 &amp;&amp; wildList.indexOf(symbol) != -1): null

2019-08-23 18:50:44 - [TEST_STEP][PASSED] - if (i == 4 &amp;&amp; wildList.indexOf(symbol) != -1): null

2019-08-23 18:50:44 - [TEST_STEP][PASSED] - symbol = symbol: null

2019-08-23 18:50:44 - [TEST_STEP][PASSED] - println(symbol): null

2019-08-23 18:50:44 - [TEST_STEP][PASSED] - if (i == 2 &amp;&amp; wildList.indexOf(symbol) != -1): null

2019-08-23 18:50:44 - [TEST_STEP][PASSED] - if (i == 3 &amp;&amp; wildList.indexOf(symbol) != -1): null

2019-08-23 18:50:44 - [TEST_STEP][PASSED] - if (i == 4 &amp;&amp; wildList.indexOf(symbol) != -1): null

2019-08-23 18:50:44 - [TEST_STEP][PASSED] - symbol = symbol: null

2019-08-23 18:50:44 - [TEST_STEP][PASSED] - println(symbol): null

2019-08-23 18:50:44 - [TEST_STEP][PASSED] - if (i == 2 &amp;&amp; wildList.indexOf(symbol) != -1): null

2019-08-23 18:50:44 - [TEST_STEP][PASSED] - if (i == 3 &amp;&amp; wildList.indexOf(symbol) != -1): null

2019-08-23 18:50:44 - [TEST_STEP][PASSED] - if (i == 4 &amp;&amp; wildList.indexOf(symbol) != -1): null

2019-08-23 18:50:44 - [TEST_STEP][PASSED] - symbols = symbols: null

2019-08-23 18:50:44 - [TEST_STEP][PASSED] - for ([j = 0, j &lt; symbols.size(), (j++)]): null

2019-08-23 18:50:44 - [TEST_STEP][PASSED] - symbol = symbol: null

2019-08-23 18:50:44 - [TEST_STEP][PASSED] - println(symbol): null

2019-08-23 18:50:44 - [TEST_STEP][PASSED] - if (i == 2 &amp;&amp; wildList.indexOf(symbol) != -1): null

2019-08-23 18:50:44 - [TEST_STEP][PASSED] - if (i == 3 &amp;&amp; wildList.indexOf(symbol) != -1): null

2019-08-23 18:50:44 - [TEST_STEP][PASSED] - if (i == 4 &amp;&amp; wildList.indexOf(symbol) != -1): null

2019-08-23 18:50:44 - [TEST_STEP][PASSED] - symbol = symbol: null

2019-08-23 18:50:44 - [TEST_STEP][PASSED] - println(symbol): null

2019-08-23 18:50:44 - [TEST_STEP][PASSED] - if (i == 2 &amp;&amp; wildList.indexOf(symbol) != -1): null

2019-08-23 18:50:44 - [TEST_STEP][PASSED] - if (i == 3 &amp;&amp; wildList.indexOf(symbol) != -1): null

2019-08-23 18:50:44 - [TEST_STEP][PASSED] - if (i == 4 &amp;&amp; wildList.indexOf(symbol) != -1): null

2019-08-23 18:50:44 - [TEST_STEP][PASSED] - symbol = symbol: null

2019-08-23 18:50:44 - [TEST_STEP][PASSED] - println(symbol): null

2019-08-23 18:50:44 - [TEST_STEP][PASSED] - if (i == 2 &amp;&amp; wildList.indexOf(symbol) != -1): null

2019-08-23 18:50:44 - [TEST_STEP][PASSED] - if (i == 3 &amp;&amp; wildList.indexOf(symbol) != -1): null

2019-08-23 18:50:44 - [TEST_STEP][PASSED] - if (i == 4 &amp;&amp; wildList.indexOf(symbol) != -1): null

2019-08-23 18:50:44 - [TEST_STEP][PASSED] - free_spin_reel_counter = free_spin_reel_counter: null

2019-08-23 18:50:44 - [TEST_STEP][PASSED] - println("reel 3 wild found: " + free_spin_reel_counter[0]): null

2019-08-23 18:50:44 - [TEST_STEP][PASSED] - println("reel 4 wild found: " + free_spin_reel_counter[1]): null

2019-08-23 18:50:44 - [TEST_STEP][PASSED] - println("reel 5 wild found: " + free_spin_reel_counter[2]): null

2019-08-23 18:50:44 - [TEST_STEP][PASSED] - M4_spin_reels = M4_spin_reels: null

2019-08-23 18:50:44 - [TEST_STEP][PASSED] - M4_spin_reels_symbols = symbol: null

2019-08-23 18:50:44 - [TEST_STEP][PASSED] - M4_spin_reels_symbols = M4_spin_reels_symbols: null

2019-08-23 18:50:44 - [TEST_STEP][PASSED] - M4_spin_reel_wins = reel_wins: null

2019-08-23 18:50:44 - [TEST_STEP][PASSED] - M4_spin_reel_wins = M4_spin_reel_wins: null

2019-08-23 18:50:44 - [TEST_STEP][PASSED] - println("GlobalVariable.M4_spin_reel_wins is: " + M4_spin_reel_wins): null

2019-08-23 18:50:44 - [TEST_STEP][PASSED] - M4_spin_total_bonus_win_this_round = total_bonus_win_this_round: null

2019-08-23 18:50:44 - [TEST_STEP][PASSED] - M4_spin_total_bonus_win_this_round = M4_spin_total_bonus_win_this_round: null

2019-08-23 18:50:44 - [TEST_STEP][PASSED] - println("GlobalVariable.M4_spin_total_bonus_win_this_round is: " + M4_spin_total_bonus_win_this_round): null

2019-08-23 18:50:44 - [TEST_STEP][PASSED] - M4_spin_bonus_spin_result = spin_result: null

2019-08-23 18:50:44 - [TEST_STEP][PASSED] - M4_spin_bonus_spin_result = M4_spin_bonus_spin_result: null

2019-08-23 18:50:44 - [MESSAGE][PASSED] - Verify response successfully

2019-08-23 18:50:44 - [MESSAGE][PASSED] - Send request and verify the response successfully

2019-08-23 18:50:44 - [TEST_STEP][PASSED] - if (free_spin_reel_counter[0] &gt;= 1 &amp;&amp; free_spin_reel_counter[1] &gt;= 1 &amp;&amp; free_spin_reel_counter[2] &gt;= 1): null

2019-08-23 18:50:44 - [TEST_STEP][PASSED] - spin_result = sendRequestAndVerify(findTestObject("INT/RGS(M4)/1_M4_spin", ["M4_login_user_id":M4_login_user_id, "rgs_session_token":rgs_session_token, "partner":Partner])): Send request and verify the response successfully

2019-08-23 18:50:45 - [MESSAGE][INFO] - HAR: /Users/eiralee/Katalon_Script/SuperWild/Reports/20190823_184757/INT/superWild_1/20190823_184757/requests/main/29.har

2019-08-23 18:50:45 - [TEST_CASE][PASSED] - Start Test Case : Verification: Verification accomplished successfully

2019-08-23 18:50:45 - [TEST_STEP][PASSED] - request = getInstance().getCurrentRequest(): null

2019-08-23 18:50:45 - [TEST_STEP][PASSED] - response = getInstance().getCurrentResponse(): null

2019-08-23 18:50:45 - [TEST_STEP][PASSED] - verifyResponseStatusCode(response, 200): Verify response status code successfully

2019-08-23 18:50:45 - [MESSAGE][PASSED] - Verify response status code successfully

2019-08-23 18:50:45 - [TEST_STEP][PASSED] - getStatusCode()).isEqualTo(200): null

2019-08-23 18:50:45 - [TEST_STEP][PASSED] - newline = System.getProperty("line.separator"): null

2019-08-23 18:50:45 - [TEST_STEP][PASSED] - M4_spin = new groovy.json.JsonSlurper(): null

2019-08-23 18:50:45 - [TEST_STEP][PASSED] - result_M4_spin = M4_spin.parseText(response.getResponseBodyContent()): null

2019-08-23 18:50:45 - [TEST_STEP][PASSED] - M4_spin_current_balance = current_balance: null

2019-08-23 18:50:45 - [TEST_STEP][PASSED] - M4_spin_current_balance = M4_spin_current_balance: null

2019-08-23 18:50:45 - [TEST_STEP][PASSED] - M4_spin_transaction_id = causality: null

2019-08-23 18:50:45 - [TEST_STEP][PASSED] - M4_spin_transaction_id = M4_spin_transaction_id: null

2019-08-23 18:50:45 - [TEST_STEP][PASSED] - M4_spin_round_id = round_id: null

2019-08-23 18:50:45 - [TEST_STEP][PASSED] - M4_spin_round_id = M4_spin_round_id: null

2019-08-23 18:50:45 - [TEST_STEP][PASSED] - M4_spin_line_wins = line_wins: null

2019-08-23 18:50:45 - [TEST_STEP][PASSED] - M4_spin_line_wins = M4_spin_line_wins: null

2019-08-23 18:50:45 - [TEST_STEP][PASSED] - M4_total_bonus_spins_int = total_bonus_spins: null

2019-08-23 18:50:45 - [TEST_STEP][PASSED] - println("******M4_total_bonus_spins type is:*******" + newline + getClass().getName()): null

2019-08-23 18:50:45 - [TEST_STEP][PASSED] - M4_total_bonus_spins_int = M4_total_bonus_spins_int: null

2019-08-23 18:50:45 - [TEST_STEP][PASSED] - M4_total_bonus_spins = Integer.toString(M4_total_bonus_spins_int): null

2019-08-23 18:50:45 - [TEST_STEP][PASSED] - M4_total_bonus_spins = M4_total_bonus_spins: null

2019-08-23 18:50:45 - [TEST_STEP][PASSED] - println("M4_total_bonus_spins is:" + M4_total_bonus_spins): null

2019-08-23 18:50:45 - [TEST_STEP][PASSED] - M4_spin_bonus_data = bonus_data: null

2019-08-23 18:50:45 - [TEST_STEP][PASSED] - M4_spin_features_triggered = result_M4_spin: null

2019-08-23 18:50:45 - [TEST_STEP][PASSED] - wild = []: null

2019-08-23 18:50:45 - [TEST_STEP][PASSED] - wild[0] = "WILD_Expanding": null

2019-08-23 18:50:45 - [TEST_STEP][PASSED] - wild[1] = "WILD_Normal": null

2019-08-23 18:50:45 - [TEST_STEP][PASSED] - wild[2] = "WILD_Double": null

2019-08-23 18:50:45 - [TEST_STEP][PASSED] - wild[3] = "WILD_ExtraFG": null

2019-08-23 18:50:45 - [TEST_STEP][PASSED] - wild[4] = "WILD_Triple": null

2019-08-23 18:50:45 - [TEST_STEP][PASSED] - wildList = Arrays.asList(wild): null

2019-08-23 18:50:48 - [TEST_STEP][PASSED] - wildList = wildList: null

2019-08-23 18:51:00 - [TEST_STEP][PASSED] - free_spin_reel_counter = []: null

2019-08-23 18:51:00 - [TEST_STEP][PASSED] - free_spin_reel_counter[0] = 0: null

2019-08-23 18:51:00 - [TEST_STEP][PASSED] - free_spin_reel_counter[1] = 0: null

2019-08-23 18:51:00 - [TEST_STEP][PASSED] - free_spin_reel_counter[2] = 0: null

2019-08-23 18:51:00 - [TEST_STEP][PASSED] - M4_spin_reels = reels: null

2019-08-23 18:51:00 - [TEST_STEP][PASSED] - for ([i = 0, i &lt; M4_spin_reels.size(), (i++)]): null

2019-08-23 18:51:00 - [TEST_STEP][PASSED] - symbols = symbols: null

2019-08-23 18:51:00 - [TEST_STEP][PASSED] - for ([j = 0, j &lt; symbols.size(), (j++)]): null

2019-08-23 18:51:00 - [TEST_STEP][PASSED] - symbol = symbol: null

2019-08-23 18:51:00 - [TEST_STEP][PASSED] - println(symbol): null

2019-08-23 18:51:00 - [TEST_STEP][PASSED] - if (i == 2 &amp;&amp; wildList.indexOf(symbol) != -1): null

2019-08-23 18:51:00 - [TEST_STEP][PASSED] - if (i == 3 &amp;&amp; wildList.indexOf(symbol) != -1): null

2019-08-23 18:51:00 - [TEST_STEP][PASSED] - if (i == 4 &amp;&amp; wildList.indexOf(symbol) != -1): null

2019-08-23 18:51:00 - [TEST_STEP][PASSED] - symbol = symbol: null

2019-08-23 18:51:00 - [TEST_STEP][PASSED] - println(symbol): null

2019-08-23 18:51:00 - [TEST_STEP][PASSED] - if (i == 2 &amp;&amp; wildList.indexOf(symbol) != -1): null

2019-08-23 18:51:00 - [TEST_STEP][PASSED] - if (i == 3 &amp;&amp; wildList.indexOf(symbol) != -1): null

2019-08-23 18:51:00 - [TEST_STEP][PASSED] - if (i == 4 &amp;&amp; wildList.indexOf(symbol) != -1): null

2019-08-23 18:51:00 - [TEST_STEP][PASSED] - symbol = symbol: null

2019-08-23 18:51:00 - [TEST_STEP][PASSED] - println(symbol): null

2019-08-23 18:51:00 - [TEST_STEP][PASSED] - if (i == 2 &amp;&amp; wildList.indexOf(symbol) != -1): null

2019-08-23 18:51:00 - [TEST_STEP][PASSED] - if (i == 3 &amp;&amp; wildList.indexOf(symbol) != -1): null

2019-08-23 18:51:00 - [TEST_STEP][PASSED] - if (i == 4 &amp;&amp; wildList.indexOf(symbol) != -1): null

2019-08-23 18:51:00 - [TEST_STEP][PASSED] - symbols = symbols: null

2019-08-23 18:51:00 - [TEST_STEP][PASSED] - for ([j = 0, j &lt; symbols.size(), (j++)]): null

2019-08-23 18:51:00 - [TEST_STEP][PASSED] - symbol = symbol: null

2019-08-23 18:51:00 - [TEST_STEP][PASSED] - println(symbol): null

2019-08-23 18:51:00 - [TEST_STEP][PASSED] - if (i == 2 &amp;&amp; wildList.indexOf(symbol) != -1): null

2019-08-23 18:51:00 - [TEST_STEP][PASSED] - if (i == 3 &amp;&amp; wildList.indexOf(symbol) != -1): null

2019-08-23 18:51:00 - [TEST_STEP][PASSED] - if (i == 4 &amp;&amp; wildList.indexOf(symbol) != -1): null

2019-08-23 18:51:00 - [TEST_STEP][PASSED] - symbol = symbol: null

2019-08-23 18:51:00 - [TEST_STEP][PASSED] - println(symbol): null

2019-08-23 18:51:00 - [TEST_STEP][PASSED] - if (i == 2 &amp;&amp; wildList.indexOf(symbol) != -1): null

2019-08-23 18:51:00 - [TEST_STEP][PASSED] - if (i == 3 &amp;&amp; wildList.indexOf(symbol) != -1): null

2019-08-23 18:51:00 - [TEST_STEP][PASSED] - if (i == 4 &amp;&amp; wildList.indexOf(symbol) != -1): null

2019-08-23 18:51:00 - [TEST_STEP][PASSED] - symbol = symbol: null

2019-08-23 18:51:00 - [TEST_STEP][PASSED] - println(symbol): null

2019-08-23 18:51:00 - [TEST_STEP][PASSED] - if (i == 2 &amp;&amp; wildList.indexOf(symbol) != -1): null

2019-08-23 18:51:00 - [TEST_STEP][PASSED] - if (i == 3 &amp;&amp; wildList.indexOf(symbol) != -1): null

2019-08-23 18:51:00 - [TEST_STEP][PASSED] - if (i == 4 &amp;&amp; wildList.indexOf(symbol) != -1): null

2019-08-23 18:51:00 - [TEST_STEP][PASSED] - symbols = symbols: null

2019-08-23 18:51:00 - [TEST_STEP][PASSED] - for ([j = 0, j &lt; symbols.size(), (j++)]): null

2019-08-23 18:51:00 - [TEST_STEP][PASSED] - symbol = symbol: null

2019-08-23 18:51:00 - [TEST_STEP][PASSED] - println(symbol): null

2019-08-23 18:51:00 - [TEST_STEP][PASSED] - if (i == 2 &amp;&amp; wildList.indexOf(symbol) != -1): null

2019-08-23 18:51:00 - [TEST_STEP][PASSED] - if (i == 3 &amp;&amp; wildList.indexOf(symbol) != -1): null

2019-08-23 18:51:00 - [TEST_STEP][PASSED] - if (i == 4 &amp;&amp; wildList.indexOf(symbol) != -1): null

2019-08-23 18:51:00 - [TEST_STEP][PASSED] - symbol = symbol: null

2019-08-23 18:51:00 - [TEST_STEP][PASSED] - println(symbol): null

2019-08-23 18:51:00 - [TEST_STEP][PASSED] - if (i == 2 &amp;&amp; wildList.indexOf(symbol) != -1): null

2019-08-23 18:51:00 - [TEST_STEP][PASSED] - if (i == 3 &amp;&amp; wildList.indexOf(symbol) != -1): null

2019-08-23 18:51:00 - [TEST_STEP][PASSED] - if (i == 4 &amp;&amp; wildList.indexOf(symbol) != -1): null

2019-08-23 18:51:00 - [TEST_STEP][PASSED] - symbol = symbol: null

2019-08-23 18:51:00 - [TEST_STEP][PASSED] - println(symbol): null

2019-08-23 18:51:00 - [TEST_STEP][PASSED] - if (i == 2 &amp;&amp; wildList.indexOf(symbol) != -1): null

2019-08-23 18:51:00 - [TEST_STEP][PASSED] - println("wild found on reel 3, adding counter by 1"): null

2019-08-23 18:51:00 - [TEST_STEP][PASSED] - free_spin_reel_counter[0] = free_spin_reel_counter[0] + 1: null

2019-08-23 18:51:00 - [TEST_STEP][PASSED] - if (i == 3 &amp;&amp; wildList.indexOf(symbol) != -1): null

2019-08-23 18:51:00 - [TEST_STEP][PASSED] - if (i == 4 &amp;&amp; wildList.indexOf(symbol) != -1): null

2019-08-23 18:51:00 - [TEST_STEP][PASSED] - symbols = symbols: null

2019-08-23 18:51:00 - [TEST_STEP][PASSED] - for ([j = 0, j &lt; symbols.size(), (j++)]): null

2019-08-23 18:51:00 - [TEST_STEP][PASSED] - symbol = symbol: null

2019-08-23 18:51:00 - [TEST_STEP][PASSED] - println(symbol): null

2019-08-23 18:51:00 - [TEST_STEP][PASSED] - if (i == 2 &amp;&amp; wildList.indexOf(symbol) != -1): null

2019-08-23 18:51:00 - [TEST_STEP][PASSED] - if (i == 3 &amp;&amp; wildList.indexOf(symbol) != -1): null

2019-08-23 18:51:00 - [TEST_STEP][PASSED] - if (i == 4 &amp;&amp; wildList.indexOf(symbol) != -1): null

2019-08-23 18:51:00 - [TEST_STEP][PASSED] - symbol = symbol: null

2019-08-23 18:51:00 - [TEST_STEP][PASSED] - println(symbol): null

2019-08-23 18:51:00 - [TEST_STEP][PASSED] - if (i == 2 &amp;&amp; wildList.indexOf(symbol) != -1): null

2019-08-23 18:51:00 - [TEST_STEP][PASSED] - if (i == 3 &amp;&amp; wildList.indexOf(symbol) != -1): null

2019-08-23 18:51:00 - [TEST_STEP][PASSED] - if (i == 4 &amp;&amp; wildList.indexOf(symbol) != -1): null

2019-08-23 18:51:00 - [TEST_STEP][PASSED] - symbol = symbol: null

2019-08-23 18:51:00 - [TEST_STEP][PASSED] - println(symbol): null

2019-08-23 18:51:00 - [TEST_STEP][PASSED] - if (i == 2 &amp;&amp; wildList.indexOf(symbol) != -1): null

2019-08-23 18:51:00 - [TEST_STEP][PASSED] - if (i == 3 &amp;&amp; wildList.indexOf(symbol) != -1): null

2019-08-23 18:51:00 - [TEST_STEP][PASSED] - if (i == 4 &amp;&amp; wildList.indexOf(symbol) != -1): null

2019-08-23 18:51:00 - [TEST_STEP][PASSED] - symbols = symbols: null

2019-08-23 18:51:00 - [TEST_STEP][PASSED] - for ([j = 0, j &lt; symbols.size(), (j++)]): null

2019-08-23 18:51:00 - [TEST_STEP][PASSED] - symbol = symbol: null

2019-08-23 18:51:00 - [TEST_STEP][PASSED] - println(symbol): null

2019-08-23 18:51:00 - [TEST_STEP][PASSED] - if (i == 2 &amp;&amp; wildList.indexOf(symbol) != -1): null

2019-08-23 18:51:00 - [TEST_STEP][PASSED] - if (i == 3 &amp;&amp; wildList.indexOf(symbol) != -1): null

2019-08-23 18:51:00 - [TEST_STEP][PASSED] - if (i == 4 &amp;&amp; wildList.indexOf(symbol) != -1): null

2019-08-23 18:51:00 - [TEST_STEP][PASSED] - symbol = symbol: null

2019-08-23 18:51:00 - [TEST_STEP][PASSED] - println(symbol): null

2019-08-23 18:51:00 - [TEST_STEP][PASSED] - if (i == 2 &amp;&amp; wildList.indexOf(symbol) != -1): null

2019-08-23 18:51:00 - [TEST_STEP][PASSED] - if (i == 3 &amp;&amp; wildList.indexOf(symbol) != -1): null

2019-08-23 18:51:00 - [TEST_STEP][PASSED] - if (i == 4 &amp;&amp; wildList.indexOf(symbol) != -1): null

2019-08-23 18:51:00 - [TEST_STEP][PASSED] - symbol = symbol: null

2019-08-23 18:51:00 - [TEST_STEP][PASSED] - println(symbol): null

2019-08-23 18:51:00 - [TEST_STEP][PASSED] - if (i == 2 &amp;&amp; wildList.indexOf(symbol) != -1): null

2019-08-23 18:51:00 - [TEST_STEP][PASSED] - if (i == 3 &amp;&amp; wildList.indexOf(symbol) != -1): null

2019-08-23 18:51:00 - [TEST_STEP][PASSED] - if (i == 4 &amp;&amp; wildList.indexOf(symbol) != -1): null

2019-08-23 18:51:00 - [TEST_STEP][PASSED] - free_spin_reel_counter = free_spin_reel_counter: null

2019-08-23 18:51:00 - [TEST_STEP][PASSED] - println("reel 3 wild found: " + free_spin_reel_counter[0]): null

2019-08-23 18:51:00 - [TEST_STEP][PASSED] - println("reel 4 wild found: " + free_spin_reel_counter[1]): null

2019-08-23 18:51:00 - [TEST_STEP][PASSED] - println("reel 5 wild found: " + free_spin_reel_counter[2]): null

2019-08-23 18:51:00 - [TEST_STEP][PASSED] - M4_spin_reels = M4_spin_reels: null

2019-08-23 18:51:00 - [TEST_STEP][PASSED] - M4_spin_reels_symbols = symbol: null

2019-08-23 18:51:00 - [TEST_STEP][PASSED] - M4_spin_reels_symbols = M4_spin_reels_symbols: null

2019-08-23 18:51:00 - [TEST_STEP][PASSED] - M4_spin_reel_wins = reel_wins: null

2019-08-23 18:51:00 - [TEST_STEP][PASSED] - M4_spin_reel_wins = M4_spin_reel_wins: null

2019-08-23 18:51:00 - [TEST_STEP][PASSED] - println("GlobalVariable.M4_spin_reel_wins is: " + M4_spin_reel_wins): null

2019-08-23 18:51:00 - [TEST_STEP][PASSED] - M4_spin_total_bonus_win_this_round = total_bonus_win_this_round: null

2019-08-23 18:51:00 - [TEST_STEP][PASSED] - M4_spin_total_bonus_win_this_round = M4_spin_total_bonus_win_this_round: null

2019-08-23 18:51:00 - [TEST_STEP][PASSED] - println("GlobalVariable.M4_spin_total_bonus_win_this_round is: " + M4_spin_total_bonus_win_this_round): null

2019-08-23 18:51:00 - [TEST_STEP][PASSED] - M4_spin_bonus_spin_result = spin_result: null

2019-08-23 18:51:00 - [TEST_STEP][PASSED] - M4_spin_bonus_spin_result = M4_spin_bonus_spin_result: null

2019-08-23 18:51:00 - [MESSAGE][PASSED] - Verify response successfully

2019-08-23 18:51:00 - [MESSAGE][PASSED] - Send request and verify the response successfully

2019-08-23 18:51:00 - [TEST_STEP][PASSED] - if (free_spin_reel_counter[0] &gt;= 1 &amp;&amp; free_spin_reel_counter[1] &gt;= 1 &amp;&amp; free_spin_reel_counter[2] &gt;= 1): null

2019-08-23 18:51:00 - [TEST_STEP][PASSED] - spin_result = sendRequestAndVerify(findTestObject("INT/RGS(M4)/1_M4_spin", ["M4_login_user_id":M4_login_user_id, "rgs_session_token":rgs_session_token, "partner":Partner])): Send request and verify the response successfully

2019-08-23 18:51:01 - [MESSAGE][INFO] - HAR: /Users/eiralee/Katalon_Script/SuperWild/Reports/20190823_184757/INT/superWild_1/20190823_184757/requests/main/30.har

2019-08-23 18:51:01 - [TEST_CASE][PASSED] - Start Test Case : Verification: Verification accomplished successfully

2019-08-23 18:51:01 - [TEST_STEP][PASSED] - request = getInstance().getCurrentRequest(): null

2019-08-23 18:51:01 - [TEST_STEP][PASSED] - response = getInstance().getCurrentResponse(): null

2019-08-23 18:51:01 - [TEST_STEP][PASSED] - verifyResponseStatusCode(response, 200): Verify response status code successfully

2019-08-23 18:51:01 - [MESSAGE][PASSED] - Verify response status code successfully

2019-08-23 18:51:01 - [TEST_STEP][PASSED] - getStatusCode()).isEqualTo(200): null

2019-08-23 18:51:01 - [TEST_STEP][PASSED] - newline = System.getProperty("line.separator"): null

2019-08-23 18:51:01 - [TEST_STEP][PASSED] - M4_spin = new groovy.json.JsonSlurper(): null

2019-08-23 18:51:01 - [TEST_STEP][PASSED] - result_M4_spin = M4_spin.parseText(response.getResponseBodyContent()): null

2019-08-23 18:51:01 - [TEST_STEP][PASSED] - M4_spin_current_balance = current_balance: null

2019-08-23 18:51:01 - [TEST_STEP][PASSED] - M4_spin_current_balance = M4_spin_current_balance: null

2019-08-23 18:51:01 - [TEST_STEP][PASSED] - M4_spin_transaction_id = causality: null

2019-08-23 18:51:01 - [TEST_STEP][PASSED] - M4_spin_transaction_id = M4_spin_transaction_id: null

2019-08-23 18:51:01 - [TEST_STEP][PASSED] - M4_spin_round_id = round_id: null

2019-08-23 18:51:01 - [TEST_STEP][PASSED] - M4_spin_round_id = M4_spin_round_id: null

2019-08-23 18:51:01 - [TEST_STEP][PASSED] - M4_spin_line_wins = line_wins: null

2019-08-23 18:51:01 - [TEST_STEP][PASSED] - M4_spin_line_wins = M4_spin_line_wins: null

2019-08-23 18:51:01 - [TEST_STEP][PASSED] - M4_total_bonus_spins_int = total_bonus_spins: null

2019-08-23 18:51:01 - [TEST_STEP][PASSED] - println("******M4_total_bonus_spins type is:*******" + newline + getClass().getName()): null

2019-08-23 18:51:01 - [TEST_STEP][PASSED] - M4_total_bonus_spins_int = M4_total_bonus_spins_int: null

2019-08-23 18:51:01 - [TEST_STEP][PASSED] - M4_total_bonus_spins = Integer.toString(M4_total_bonus_spins_int): null

2019-08-23 18:51:01 - [TEST_STEP][PASSED] - M4_total_bonus_spins = M4_total_bonus_spins: null

2019-08-23 18:51:01 - [TEST_STEP][PASSED] - println("M4_total_bonus_spins is:" + M4_total_bonus_spins): null

2019-08-23 18:51:01 - [TEST_STEP][PASSED] - M4_spin_bonus_data = bonus_data: null

2019-08-23 18:51:01 - [TEST_STEP][PASSED] - M4_spin_features_triggered = result_M4_spin: null

2019-08-23 18:51:01 - [TEST_STEP][PASSED] - wild = []: null

2019-08-23 18:51:01 - [TEST_STEP][PASSED] - wild[0] = "WILD_Expanding": null

2019-08-23 18:51:01 - [TEST_STEP][PASSED] - wild[1] = "WILD_Normal": null

2019-08-23 18:51:01 - [TEST_STEP][PASSED] - wild[2] = "WILD_Double": null

2019-08-23 18:51:01 - [TEST_STEP][PASSED] - wild[3] = "WILD_ExtraFG": null

2019-08-23 18:51:01 - [TEST_STEP][PASSED] - wild[4] = "WILD_Triple": null

2019-08-23 18:51:01 - [TEST_STEP][PASSED] - wildList = Arrays.asList(wild): null

2019-08-23 18:51:01 - [TEST_STEP][PASSED] - wildList = wildList: null

2019-08-23 18:51:01 - [TEST_STEP][PASSED] - free_spin_reel_counter = []: null

2019-08-23 18:51:01 - [TEST_STEP][PASSED] - free_spin_reel_counter[0] = 0: null

2019-08-23 18:51:01 - [TEST_STEP][PASSED] - free_spin_reel_counter[1] = 0: null

2019-08-23 18:51:01 - [TEST_STEP][PASSED] - free_spin_reel_counter[2] = 0: null

2019-08-23 18:51:01 - [TEST_STEP][PASSED] - M4_spin_reels = reels: null

2019-08-23 18:51:01 - [TEST_STEP][PASSED] - for ([i = 0, i &lt; M4_spin_reels.size(), (i++)]): null

2019-08-23 18:51:01 - [TEST_STEP][PASSED] - symbols = symbols: null

2019-08-23 18:51:01 - [TEST_STEP][PASSED] - for ([j = 0, j &lt; symbols.size(), (j++)]): null

2019-08-23 18:51:01 - [TEST_STEP][PASSED] - symbol = symbol: null

2019-08-23 18:51:01 - [TEST_STEP][PASSED] - println(symbol): null

2019-08-23 18:51:01 - [TEST_STEP][PASSED] - if (i == 2 &amp;&amp; wildList.indexOf(symbol) != -1): null

2019-08-23 18:51:01 - [TEST_STEP][PASSED] - if (i == 3 &amp;&amp; wildList.indexOf(symbol) != -1): null

2019-08-23 18:51:01 - [TEST_STEP][PASSED] - if (i == 4 &amp;&amp; wildList.indexOf(symbol) != -1): null

2019-08-23 18:51:01 - [TEST_STEP][PASSED] - symbol = symbol: null

2019-08-23 18:51:01 - [TEST_STEP][PASSED] - println(symbol): null

2019-08-23 18:51:01 - [TEST_STEP][PASSED] - if (i == 2 &amp;&amp; wildList.indexOf(symbol) != -1): null

2019-08-23 18:51:01 - [TEST_STEP][PASSED] - if (i == 3 &amp;&amp; wildList.indexOf(symbol) != -1): null

2019-08-23 18:51:01 - [TEST_STEP][PASSED] - if (i == 4 &amp;&amp; wildList.indexOf(symbol) != -1): null

2019-08-23 18:51:01 - [TEST_STEP][PASSED] - symbol = symbol: null

2019-08-23 18:51:01 - [TEST_STEP][PASSED] - println(symbol): null

2019-08-23 18:51:01 - [TEST_STEP][PASSED] - if (i == 2 &amp;&amp; wildList.indexOf(symbol) != -1): null

2019-08-23 18:51:01 - [TEST_STEP][PASSED] - if (i == 3 &amp;&amp; wildList.indexOf(symbol) != -1): null

2019-08-23 18:51:01 - [TEST_STEP][PASSED] - if (i == 4 &amp;&amp; wildList.indexOf(symbol) != -1): null

2019-08-23 18:51:01 - [TEST_STEP][PASSED] - symbols = symbols: null

2019-08-23 18:51:01 - [TEST_STEP][PASSED] - for ([j = 0, j &lt; symbols.size(), (j++)]): null

2019-08-23 18:51:01 - [TEST_STEP][PASSED] - symbol = symbol: null

2019-08-23 18:51:01 - [TEST_STEP][PASSED] - println(symbol): null

2019-08-23 18:51:01 - [TEST_STEP][PASSED] - if (i == 2 &amp;&amp; wildList.indexOf(symbol) != -1): null

2019-08-23 18:51:01 - [TEST_STEP][PASSED] - if (i == 3 &amp;&amp; wildList.indexOf(symbol) != -1): null

2019-08-23 18:51:01 - [TEST_STEP][PASSED] - if (i == 4 &amp;&amp; wildList.indexOf(symbol) != -1): null

2019-08-23 18:51:01 - [TEST_STEP][PASSED] - symbol = symbol: null

2019-08-23 18:51:01 - [TEST_STEP][PASSED] - println(symbol): null

2019-08-23 18:51:01 - [TEST_STEP][PASSED] - if (i == 2 &amp;&amp; wildList.indexOf(symbol) != -1): null

2019-08-23 18:51:01 - [TEST_STEP][PASSED] - if (i == 3 &amp;&amp; wildList.indexOf(symbol) != -1): null

2019-08-23 18:51:01 - [TEST_STEP][PASSED] - if (i == 4 &amp;&amp; wildList.indexOf(symbol) != -1): null

2019-08-23 18:51:01 - [TEST_STEP][PASSED] - symbol = symbol: null

2019-08-23 18:51:01 - [TEST_STEP][PASSED] - println(symbol): null

2019-08-23 18:51:01 - [TEST_STEP][PASSED] - if (i == 2 &amp;&amp; wildList.indexOf(symbol) != -1): null

2019-08-23 18:51:01 - [TEST_STEP][PASSED] - if (i == 3 &amp;&amp; wildList.indexOf(symbol) != -1): null

2019-08-23 18:51:01 - [TEST_STEP][PASSED] - if (i == 4 &amp;&amp; wildList.indexOf(symbol) != -1): null

2019-08-23 18:51:01 - [TEST_STEP][PASSED] - symbols = symbols: null

2019-08-23 18:51:01 - [TEST_STEP][PASSED] - for ([j = 0, j &lt; symbols.size(), (j++)]): null

2019-08-23 18:51:01 - [TEST_STEP][PASSED] - symbol = symbol: null

2019-08-23 18:51:01 - [TEST_STEP][PASSED] - println(symbol): null

2019-08-23 18:51:01 - [TEST_STEP][PASSED] - if (i == 2 &amp;&amp; wildList.indexOf(symbol) != -1): null

2019-08-23 18:51:01 - [TEST_STEP][PASSED] - if (i == 3 &amp;&amp; wildList.indexOf(symbol) != -1): null

2019-08-23 18:51:01 - [TEST_STEP][PASSED] - if (i == 4 &amp;&amp; wildList.indexOf(symbol) != -1): null

2019-08-23 18:51:01 - [TEST_STEP][PASSED] - symbol = symbol: null

2019-08-23 18:51:01 - [TEST_STEP][PASSED] - println(symbol): null

2019-08-23 18:51:01 - [TEST_STEP][PASSED] - if (i == 2 &amp;&amp; wildList.indexOf(symbol) != -1): null

2019-08-23 18:51:01 - [TEST_STEP][PASSED] - println("wild found on reel 3, adding counter by 1"): null

2019-08-23 18:51:01 - [TEST_STEP][PASSED] - free_spin_reel_counter[0] = free_spin_reel_counter[0] + 1: null

2019-08-23 18:51:01 - [TEST_STEP][PASSED] - if (i == 3 &amp;&amp; wildList.indexOf(symbol) != -1): null

2019-08-23 18:51:01 - [TEST_STEP][PASSED] - if (i == 4 &amp;&amp; wildList.indexOf(symbol) != -1): null

2019-08-23 18:51:01 - [TEST_STEP][PASSED] - symbol = symbol: null

2019-08-23 18:51:01 - [TEST_STEP][PASSED] - println(symbol): null

2019-08-23 18:51:01 - [TEST_STEP][PASSED] - if (i == 2 &amp;&amp; wildList.indexOf(symbol) != -1): null

2019-08-23 18:51:01 - [TEST_STEP][PASSED] - if (i == 3 &amp;&amp; wildList.indexOf(symbol) != -1): null

2019-08-23 18:51:01 - [TEST_STEP][PASSED] - if (i == 4 &amp;&amp; wildList.indexOf(symbol) != -1): null

2019-08-23 18:51:01 - [TEST_STEP][PASSED] - symbols = symbols: null

2019-08-23 18:51:01 - [TEST_STEP][PASSED] - for ([j = 0, j &lt; symbols.size(), (j++)]): null

2019-08-23 18:51:01 - [TEST_STEP][PASSED] - symbol = symbol: null

2019-08-23 18:51:01 - [TEST_STEP][PASSED] - println(symbol): null

2019-08-23 18:51:01 - [TEST_STEP][PASSED] - if (i == 2 &amp;&amp; wildList.indexOf(symbol) != -1): null

2019-08-23 18:51:01 - [TEST_STEP][PASSED] - if (i == 3 &amp;&amp; wildList.indexOf(symbol) != -1): null

2019-08-23 18:51:01 - [TEST_STEP][PASSED] - if (i == 4 &amp;&amp; wildList.indexOf(symbol) != -1): null

2019-08-23 18:51:01 - [TEST_STEP][PASSED] - symbol = symbol: null

2019-08-23 18:51:01 - [TEST_STEP][PASSED] - println(symbol): null

2019-08-23 18:51:01 - [TEST_STEP][PASSED] - if (i == 2 &amp;&amp; wildList.indexOf(symbol) != -1): null

2019-08-23 18:51:01 - [TEST_STEP][PASSED] - if (i == 3 &amp;&amp; wildList.indexOf(symbol) != -1): null

2019-08-23 18:51:01 - [TEST_STEP][PASSED] - if (i == 4 &amp;&amp; wildList.indexOf(symbol) != -1): null

2019-08-23 18:51:01 - [TEST_STEP][PASSED] - symbol = symbol: null

2019-08-23 18:51:01 - [TEST_STEP][PASSED] - println(symbol): null

2019-08-23 18:51:01 - [TEST_STEP][PASSED] - if (i == 2 &amp;&amp; wildList.indexOf(symbol) != -1): null

2019-08-23 18:51:01 - [TEST_STEP][PASSED] - if (i == 3 &amp;&amp; wildList.indexOf(symbol) != -1): null

2019-08-23 18:51:01 - [TEST_STEP][PASSED] - if (i == 4 &amp;&amp; wildList.indexOf(symbol) != -1): null

2019-08-23 18:51:01 - [TEST_STEP][PASSED] - symbols = symbols: null

2019-08-23 18:51:01 - [TEST_STEP][PASSED] - for ([j = 0, j &lt; symbols.size(), (j++)]): null

2019-08-23 18:51:01 - [TEST_STEP][PASSED] - symbol = symbol: null

2019-08-23 18:51:01 - [TEST_STEP][PASSED] - println(symbol): null

2019-08-23 18:51:01 - [TEST_STEP][PASSED] - if (i == 2 &amp;&amp; wildList.indexOf(symbol) != -1): null

2019-08-23 18:51:01 - [TEST_STEP][PASSED] - if (i == 3 &amp;&amp; wildList.indexOf(symbol) != -1): null

2019-08-23 18:51:01 - [TEST_STEP][PASSED] - if (i == 4 &amp;&amp; wildList.indexOf(symbol) != -1): null

2019-08-23 18:51:01 - [TEST_STEP][PASSED] - symbol = symbol: null

2019-08-23 18:51:01 - [TEST_STEP][PASSED] - println(symbol): null

2019-08-23 18:51:01 - [TEST_STEP][PASSED] - if (i == 2 &amp;&amp; wildList.indexOf(symbol) != -1): null

2019-08-23 18:51:01 - [TEST_STEP][PASSED] - if (i == 3 &amp;&amp; wildList.indexOf(symbol) != -1): null

2019-08-23 18:51:01 - [TEST_STEP][PASSED] - if (i == 4 &amp;&amp; wildList.indexOf(symbol) != -1): null

2019-08-23 18:51:01 - [TEST_STEP][PASSED] - symbol = symbol: null

2019-08-23 18:51:01 - [TEST_STEP][PASSED] - println(symbol): null

2019-08-23 18:51:01 - [TEST_STEP][PASSED] - if (i == 2 &amp;&amp; wildList.indexOf(symbol) != -1): null

2019-08-23 18:51:01 - [TEST_STEP][PASSED] - if (i == 3 &amp;&amp; wildList.indexOf(symbol) != -1): null

2019-08-23 18:51:01 - [TEST_STEP][PASSED] - if (i == 4 &amp;&amp; wildList.indexOf(symbol) != -1): null

2019-08-23 18:51:01 - [TEST_STEP][PASSED] - free_spin_reel_counter = free_spin_reel_counter: null

2019-08-23 18:51:01 - [TEST_STEP][PASSED] - println("reel 3 wild found: " + free_spin_reel_counter[0]): null

2019-08-23 18:51:01 - [TEST_STEP][PASSED] - println("reel 4 wild found: " + free_spin_reel_counter[1]): null

2019-08-23 18:51:01 - [TEST_STEP][PASSED] - println("reel 5 wild found: " + free_spin_reel_counter[2]): null

2019-08-23 18:51:01 - [TEST_STEP][PASSED] - M4_spin_reels = M4_spin_reels: null

2019-08-23 18:51:01 - [TEST_STEP][PASSED] - M4_spin_reels_symbols = symbol: null

2019-08-23 18:51:01 - [TEST_STEP][PASSED] - M4_spin_reels_symbols = M4_spin_reels_symbols: null

2019-08-23 18:51:01 - [TEST_STEP][PASSED] - M4_spin_reel_wins = reel_wins: null

2019-08-23 18:51:01 - [TEST_STEP][PASSED] - M4_spin_reel_wins = M4_spin_reel_wins: null

2019-08-23 18:51:01 - [TEST_STEP][PASSED] - println("GlobalVariable.M4_spin_reel_wins is: " + M4_spin_reel_wins): null

2019-08-23 18:51:01 - [TEST_STEP][PASSED] - M4_spin_total_bonus_win_this_round = total_bonus_win_this_round: null

2019-08-23 18:51:01 - [TEST_STEP][PASSED] - M4_spin_total_bonus_win_this_round = M4_spin_total_bonus_win_this_round: null

2019-08-23 18:51:01 - [TEST_STEP][PASSED] - println("GlobalVariable.M4_spin_total_bonus_win_this_round is: " + M4_spin_total_bonus_win_this_round): null

2019-08-23 18:51:01 - [TEST_STEP][PASSED] - M4_spin_bonus_spin_result = spin_result: null

2019-08-23 18:51:01 - [TEST_STEP][PASSED] - M4_spin_bonus_spin_result = M4_spin_bonus_spin_result: null

2019-08-23 18:51:01 - [MESSAGE][PASSED] - Verify response successfully

2019-08-23 18:51:01 - [MESSAGE][PASSED] - Send request and verify the response successfully

2019-08-23 18:51:01 - [TEST_STEP][PASSED] - if (free_spin_reel_counter[0] &gt;= 1 &amp;&amp; free_spin_reel_counter[1] &gt;= 1 &amp;&amp; free_spin_reel_counter[2] &gt;= 1): null

2019-08-23 18:51:01 - [TEST_STEP][PASSED] - spin_result = sendRequestAndVerify(findTestObject("INT/RGS(M4)/1_M4_spin", ["M4_login_user_id":M4_login_user_id, "rgs_session_token":rgs_session_token, "partner":Partner])): Send request and verify the response successfully

2019-08-23 18:51:01 - [MESSAGE][INFO] - HAR: /Users/eiralee/Katalon_Script/SuperWild/Reports/20190823_184757/INT/superWild_1/20190823_184757/requests/main/31.har

2019-08-23 18:51:01 - [TEST_CASE][PASSED] - Start Test Case : Verification: Verification accomplished successfully

2019-08-23 18:51:01 - [TEST_STEP][PASSED] - request = getInstance().getCurrentRequest(): null

2019-08-23 18:51:01 - [TEST_STEP][PASSED] - response = getInstance().getCurrentResponse(): null

2019-08-23 18:51:01 - [TEST_STEP][PASSED] - verifyResponseStatusCode(response, 200): Verify response status code successfully

2019-08-23 18:51:01 - [MESSAGE][PASSED] - Verify response status code successfully

2019-08-23 18:51:01 - [TEST_STEP][PASSED] - getStatusCode()).isEqualTo(200): null

2019-08-23 18:51:01 - [TEST_STEP][PASSED] - newline = System.getProperty("line.separator"): null

2019-08-23 18:51:01 - [TEST_STEP][PASSED] - M4_spin = new groovy.json.JsonSlurper(): null

2019-08-23 18:51:01 - [TEST_STEP][PASSED] - result_M4_spin = M4_spin.parseText(response.getResponseBodyContent()): null

2019-08-23 18:51:01 - [TEST_STEP][PASSED] - M4_spin_current_balance = current_balance: null

2019-08-23 18:51:01 - [TEST_STEP][PASSED] - M4_spin_current_balance = M4_spin_current_balance: null

2019-08-23 18:51:01 - [TEST_STEP][PASSED] - M4_spin_transaction_id = causality: null

2019-08-23 18:51:01 - [TEST_STEP][PASSED] - M4_spin_transaction_id = M4_spin_transaction_id: null

2019-08-23 18:51:01 - [TEST_STEP][PASSED] - M4_spin_round_id = round_id: null

2019-08-23 18:51:01 - [TEST_STEP][PASSED] - M4_spin_round_id = M4_spin_round_id: null

2019-08-23 18:51:01 - [TEST_STEP][PASSED] - M4_spin_line_wins = line_wins: null

2019-08-23 18:51:01 - [TEST_STEP][PASSED] - M4_spin_line_wins = M4_spin_line_wins: null

2019-08-23 18:51:01 - [TEST_STEP][PASSED] - M4_total_bonus_spins_int = total_bonus_spins: null

2019-08-23 18:51:01 - [TEST_STEP][PASSED] - println("******M4_total_bonus_spins type is:*******" + newline + getClass().getName()): null

2019-08-23 18:51:01 - [TEST_STEP][PASSED] - M4_total_bonus_spins_int = M4_total_bonus_spins_int: null

2019-08-23 18:51:01 - [TEST_STEP][PASSED] - M4_total_bonus_spins = Integer.toString(M4_total_bonus_spins_int): null

2019-08-23 18:51:01 - [TEST_STEP][PASSED] - M4_total_bonus_spins = M4_total_bonus_spins: null

2019-08-23 18:51:01 - [TEST_STEP][PASSED] - println("M4_total_bonus_spins is:" + M4_total_bonus_spins): null

2019-08-23 18:51:01 - [TEST_STEP][PASSED] - M4_spin_bonus_data = bonus_data: null

2019-08-23 18:51:01 - [TEST_STEP][PASSED] - M4_spin_features_triggered = result_M4_spin: null

2019-08-23 18:51:01 - [TEST_STEP][PASSED] - wild = []: null

2019-08-23 18:51:01 - [TEST_STEP][PASSED] - wild[0] = "WILD_Expanding": null

2019-08-23 18:51:01 - [TEST_STEP][PASSED] - wild[1] = "WILD_Normal": null

2019-08-23 18:51:01 - [TEST_STEP][PASSED] - wild[2] = "WILD_Double": null

2019-08-23 18:51:01 - [TEST_STEP][PASSED] - wild[3] = "WILD_ExtraFG": null

2019-08-23 18:51:01 - [TEST_STEP][PASSED] - wild[4] = "WILD_Triple": null

2019-08-23 18:51:01 - [TEST_STEP][PASSED] - wildList = Arrays.asList(wild): null

2019-08-23 18:51:01 - [TEST_STEP][PASSED] - wildList = wildList: null

2019-08-23 18:51:01 - [TEST_STEP][PASSED] - free_spin_reel_counter = []: null

2019-08-23 18:51:01 - [TEST_STEP][PASSED] - free_spin_reel_counter[0] = 0: null

2019-08-23 18:51:01 - [TEST_STEP][PASSED] - free_spin_reel_counter[1] = 0: null

2019-08-23 18:51:01 - [TEST_STEP][PASSED] - free_spin_reel_counter[2] = 0: null

2019-08-23 18:51:01 - [TEST_STEP][PASSED] - M4_spin_reels = reels: null

2019-08-23 18:51:01 - [TEST_STEP][PASSED] - for ([i = 0, i &lt; M4_spin_reels.size(), (i++)]): null

2019-08-23 18:51:01 - [TEST_STEP][PASSED] - symbols = symbols: null

2019-08-23 18:51:01 - [TEST_STEP][PASSED] - for ([j = 0, j &lt; symbols.size(), (j++)]): null

2019-08-23 18:51:01 - [TEST_STEP][PASSED] - symbol = symbol: null

2019-08-23 18:51:01 - [TEST_STEP][PASSED] - println(symbol): null

2019-08-23 18:51:01 - [TEST_STEP][PASSED] - if (i == 2 &amp;&amp; wildList.indexOf(symbol) != -1): null

2019-08-23 18:51:01 - [TEST_STEP][PASSED] - if (i == 3 &amp;&amp; wildList.indexOf(symbol) != -1): null

2019-08-23 18:51:01 - [TEST_STEP][PASSED] - if (i == 4 &amp;&amp; wildList.indexOf(symbol) != -1): null

2019-08-23 18:51:01 - [TEST_STEP][PASSED] - symbol = symbol: null

2019-08-23 18:51:01 - [TEST_STEP][PASSED] - println(symbol): null

2019-08-23 18:51:01 - [TEST_STEP][PASSED] - if (i == 2 &amp;&amp; wildList.indexOf(symbol) != -1): null

2019-08-23 18:51:01 - [TEST_STEP][PASSED] - if (i == 3 &amp;&amp; wildList.indexOf(symbol) != -1): null

2019-08-23 18:51:01 - [TEST_STEP][PASSED] - if (i == 4 &amp;&amp; wildList.indexOf(symbol) != -1): null

2019-08-23 18:51:01 - [TEST_STEP][PASSED] - symbol = symbol: null

2019-08-23 18:51:01 - [TEST_STEP][PASSED] - println(symbol): null

2019-08-23 18:51:01 - [TEST_STEP][PASSED] - if (i == 2 &amp;&amp; wildList.indexOf(symbol) != -1): null

2019-08-23 18:51:01 - [TEST_STEP][PASSED] - if (i == 3 &amp;&amp; wildList.indexOf(symbol) != -1): null

2019-08-23 18:51:01 - [TEST_STEP][PASSED] - if (i == 4 &amp;&amp; wildList.indexOf(symbol) != -1): null

2019-08-23 18:51:01 - [TEST_STEP][PASSED] - symbols = symbols: null

2019-08-23 18:51:01 - [TEST_STEP][PASSED] - for ([j = 0, j &lt; symbols.size(), (j++)]): null

2019-08-23 18:51:01 - [TEST_STEP][PASSED] - symbol = symbol: null

2019-08-23 18:51:01 - [TEST_STEP][PASSED] - println(symbol): null

2019-08-23 18:51:01 - [TEST_STEP][PASSED] - if (i == 2 &amp;&amp; wildList.indexOf(symbol) != -1): null

2019-08-23 18:51:01 - [TEST_STEP][PASSED] - if (i == 3 &amp;&amp; wildList.indexOf(symbol) != -1): null

2019-08-23 18:51:01 - [TEST_STEP][PASSED] - if (i == 4 &amp;&amp; wildList.indexOf(symbol) != -1): null

2019-08-23 18:51:01 - [TEST_STEP][PASSED] - symbol = symbol: null

2019-08-23 18:51:01 - [TEST_STEP][PASSED] - println(symbol): null

2019-08-23 18:51:01 - [TEST_STEP][PASSED] - if (i == 2 &amp;&amp; wildList.indexOf(symbol) != -1): null

2019-08-23 18:51:01 - [TEST_STEP][PASSED] - if (i == 3 &amp;&amp; wildList.indexOf(symbol) != -1): null

2019-08-23 18:51:01 - [TEST_STEP][PASSED] - if (i == 4 &amp;&amp; wildList.indexOf(symbol) != -1): null

2019-08-23 18:51:01 - [TEST_STEP][PASSED] - symbol = symbol: null

2019-08-23 18:51:01 - [TEST_STEP][PASSED] - println(symbol): null

2019-08-23 18:51:01 - [TEST_STEP][PASSED] - if (i == 2 &amp;&amp; wildList.indexOf(symbol) != -1): null

2019-08-23 18:51:01 - [TEST_STEP][PASSED] - if (i == 3 &amp;&amp; wildList.indexOf(symbol) != -1): null

2019-08-23 18:51:01 - [TEST_STEP][PASSED] - if (i == 4 &amp;&amp; wildList.indexOf(symbol) != -1): null

2019-08-23 18:51:01 - [TEST_STEP][PASSED] - symbols = symbols: null

2019-08-23 18:51:01 - [TEST_STEP][PASSED] - for ([j = 0, j &lt; symbols.size(), (j++)]): null

2019-08-23 18:51:01 - [TEST_STEP][PASSED] - symbol = symbol: null

2019-08-23 18:51:01 - [TEST_STEP][PASSED] - println(symbol): null

2019-08-23 18:51:06 - [TEST_STEP][PASSED] - if (i == 2 &amp;&amp; wildList.indexOf(symbol) != -1): null

2019-08-23 18:51:06 - [TEST_STEP][PASSED] - if (i == 3 &amp;&amp; wildList.indexOf(symbol) != -1): null

2019-08-23 18:51:06 - [TEST_STEP][PASSED] - if (i == 4 &amp;&amp; wildList.indexOf(symbol) != -1): null

2019-08-23 18:51:06 - [TEST_STEP][PASSED] - symbol = symbol: null

2019-08-23 18:51:06 - [TEST_STEP][PASSED] - println(symbol): null

2019-08-23 18:51:06 - [TEST_STEP][PASSED] - if (i == 2 &amp;&amp; wildList.indexOf(symbol) != -1): null

2019-08-23 18:51:06 - [TEST_STEP][PASSED] - if (i == 3 &amp;&amp; wildList.indexOf(symbol) != -1): null

2019-08-23 18:51:06 - [TEST_STEP][PASSED] - if (i == 4 &amp;&amp; wildList.indexOf(symbol) != -1): null

2019-08-23 18:51:06 - [TEST_STEP][PASSED] - symbol = symbol: null

2019-08-23 18:51:06 - [TEST_STEP][PASSED] - println(symbol): null

2019-08-23 18:51:36 - [TEST_STEP][PASSED] - if (i == 2 &amp;&amp; wildList.indexOf(symbol) != -1): null

2019-08-23 18:51:36 - [TEST_STEP][PASSED] - if (i == 3 &amp;&amp; wildList.indexOf(symbol) != -1): null

2019-08-23 18:51:36 - [TEST_STEP][PASSED] - if (i == 4 &amp;&amp; wildList.indexOf(symbol) != -1): null

2019-08-23 18:51:36 - [TEST_STEP][PASSED] - symbols = symbols: null

2019-08-23 18:51:36 - [TEST_STEP][PASSED] - for ([j = 0, j &lt; symbols.size(), (j++)]): null

2019-08-23 18:51:36 - [TEST_STEP][PASSED] - symbol = symbol: null

2019-08-23 18:51:36 - [TEST_STEP][PASSED] - println(symbol): null

2019-08-23 18:51:36 - [TEST_STEP][PASSED] - if (i == 2 &amp;&amp; wildList.indexOf(symbol) != -1): null

2019-08-23 18:51:36 - [TEST_STEP][PASSED] - if (i == 3 &amp;&amp; wildList.indexOf(symbol) != -1): null

2019-08-23 18:51:36 - [TEST_STEP][PASSED] - println("wild found on reel 4, adding counter by 1"): null

2019-08-23 18:51:36 - [TEST_STEP][PASSED] - free_spin_reel_counter[1] = free_spin_reel_counter[1] + 1: null

2019-08-23 18:51:36 - [TEST_STEP][PASSED] - if (i == 4 &amp;&amp; wildList.indexOf(symbol) != -1): null

2019-08-23 18:51:36 - [TEST_STEP][PASSED] - symbol = symbol: null

2019-08-23 18:51:36 - [TEST_STEP][PASSED] - println(symbol): null

2019-08-23 18:51:36 - [TEST_STEP][PASSED] - if (i == 2 &amp;&amp; wildList.indexOf(symbol) != -1): null

2019-08-23 18:51:36 - [TEST_STEP][PASSED] - if (i == 3 &amp;&amp; wildList.indexOf(symbol) != -1): null

2019-08-23 18:51:36 - [TEST_STEP][PASSED] - if (i == 4 &amp;&amp; wildList.indexOf(symbol) != -1): null

2019-08-23 18:51:36 - [TEST_STEP][PASSED] - symbol = symbol: null

2019-08-23 18:51:36 - [TEST_STEP][PASSED] - println(symbol): null

2019-08-23 18:51:36 - [TEST_STEP][PASSED] - if (i == 2 &amp;&amp; wildList.indexOf(symbol) != -1): null

2019-08-23 18:51:36 - [TEST_STEP][PASSED] - if (i == 3 &amp;&amp; wildList.indexOf(symbol) != -1): null

2019-08-23 18:51:36 - [TEST_STEP][PASSED] - if (i == 4 &amp;&amp; wildList.indexOf(symbol) != -1): null

2019-08-23 18:51:36 - [TEST_STEP][PASSED] - symbols = symbols: null

2019-08-23 18:51:36 - [TEST_STEP][PASSED] - for ([j = 0, j &lt; symbols.size(), (j++)]): null

2019-08-23 18:51:36 - [TEST_STEP][PASSED] - symbol = symbol: null

2019-08-23 18:51:36 - [TEST_STEP][PASSED] - println(symbol): null

2019-08-23 18:51:36 - [TEST_STEP][PASSED] - if (i == 2 &amp;&amp; wildList.indexOf(symbol) != -1): null

2019-08-23 18:51:36 - [TEST_STEP][PASSED] - if (i == 3 &amp;&amp; wildList.indexOf(symbol) != -1): null

2019-08-23 18:51:36 - [TEST_STEP][PASSED] - if (i == 4 &amp;&amp; wildList.indexOf(symbol) != -1): null

2019-08-23 18:51:36 - [TEST_STEP][PASSED] - symbol = symbol: null

2019-08-23 18:51:36 - [TEST_STEP][PASSED] - println(symbol): null

2019-08-23 18:51:36 - [TEST_STEP][PASSED] - if (i == 2 &amp;&amp; wildList.indexOf(symbol) != -1): null

2019-08-23 18:51:36 - [TEST_STEP][PASSED] - if (i == 3 &amp;&amp; wildList.indexOf(symbol) != -1): null

2019-08-23 18:51:36 - [TEST_STEP][PASSED] - if (i == 4 &amp;&amp; wildList.indexOf(symbol) != -1): null

2019-08-23 18:51:36 - [TEST_STEP][PASSED] - symbol = symbol: null

2019-08-23 18:51:36 - [TEST_STEP][PASSED] - println(symbol): null

2019-08-23 18:51:36 - [TEST_STEP][PASSED] - if (i == 2 &amp;&amp; wildList.indexOf(symbol) != -1): null

2019-08-23 18:51:36 - [TEST_STEP][PASSED] - if (i == 3 &amp;&amp; wildList.indexOf(symbol) != -1): null

2019-08-23 18:51:36 - [TEST_STEP][PASSED] - if (i == 4 &amp;&amp; wildList.indexOf(symbol) != -1): null

2019-08-23 18:51:36 - [TEST_STEP][PASSED] - free_spin_reel_counter = free_spin_reel_counter: null

2019-08-23 18:51:36 - [TEST_STEP][PASSED] - println("reel 3 wild found: " + free_spin_reel_counter[0]): null

2019-08-23 18:51:36 - [TEST_STEP][PASSED] - println("reel 4 wild found: " + free_spin_reel_counter[1]): null

2019-08-23 18:51:36 - [TEST_STEP][PASSED] - println("reel 5 wild found: " + free_spin_reel_counter[2]): null

2019-08-23 18:51:36 - [TEST_STEP][PASSED] - M4_spin_reels = M4_spin_reels: null

2019-08-23 18:51:36 - [TEST_STEP][PASSED] - M4_spin_reels_symbols = symbol: null

2019-08-23 18:51:36 - [TEST_STEP][PASSED] - M4_spin_reels_symbols = M4_spin_reels_symbols: null

2019-08-23 18:51:36 - [TEST_STEP][PASSED] - M4_spin_reel_wins = reel_wins: null

2019-08-23 18:51:36 - [TEST_STEP][PASSED] - M4_spin_reel_wins = M4_spin_reel_wins: null

2019-08-23 18:51:36 - [TEST_STEP][PASSED] - println("GlobalVariable.M4_spin_reel_wins is: " + M4_spin_reel_wins): null

2019-08-23 18:51:36 - [TEST_STEP][PASSED] - M4_spin_total_bonus_win_this_round = total_bonus_win_this_round: null

2019-08-23 18:51:36 - [TEST_STEP][PASSED] - M4_spin_total_bonus_win_this_round = M4_spin_total_bonus_win_this_round: null

2019-08-23 18:51:36 - [TEST_STEP][PASSED] - println("GlobalVariable.M4_spin_total_bonus_win_this_round is: " + M4_spin_total_bonus_win_this_round): null

2019-08-23 18:51:36 - [TEST_STEP][PASSED] - M4_spin_bonus_spin_result = spin_result: null

2019-08-23 18:51:36 - [TEST_STEP][PASSED] - M4_spin_bonus_spin_result = M4_spin_bonus_spin_result: null

2019-08-23 18:51:36 - [MESSAGE][PASSED] - Verify response successfully

2019-08-23 18:51:36 - [MESSAGE][PASSED] - Send request and verify the response successfully

2019-08-23 18:51:36 - [TEST_STEP][PASSED] - if (free_spin_reel_counter[0] &gt;= 1 &amp;&amp; free_spin_reel_counter[1] &gt;= 1 &amp;&amp; free_spin_reel_counter[2] &gt;= 1): null

2019-08-23 18:51:36 - [TEST_STEP][PASSED] - spin_result = sendRequestAndVerify(findTestObject("INT/RGS(M4)/1_M4_spin", ["M4_login_user_id":M4_login_user_id, "rgs_session_token":rgs_session_token, "partner":Partner])): Send request and verify the response successfully

2019-08-23 18:51:37 - [MESSAGE][INFO] - HAR: /Users/eiralee/Katalon_Script/SuperWild/Reports/20190823_184757/INT/superWild_1/20190823_184757/requests/main/32.har

2019-08-23 18:51:37 - [TEST_CASE][PASSED] - Start Test Case : Verification: Verification accomplished successfully

2019-08-23 18:51:37 - [TEST_STEP][PASSED] - request = getInstance().getCurrentRequest(): null

2019-08-23 18:51:37 - [TEST_STEP][PASSED] - response = getInstance().getCurrentResponse(): null

2019-08-23 18:51:37 - [TEST_STEP][PASSED] - verifyResponseStatusCode(response, 200): Verify response status code successfully

2019-08-23 18:51:37 - [MESSAGE][PASSED] - Verify response status code successfully

2019-08-23 18:51:37 - [TEST_STEP][PASSED] - getStatusCode()).isEqualTo(200): null

2019-08-23 18:51:37 - [TEST_STEP][PASSED] - newline = System.getProperty("line.separator"): null

2019-08-23 18:51:37 - [TEST_STEP][PASSED] - M4_spin = new groovy.json.JsonSlurper(): null

2019-08-23 18:51:37 - [TEST_STEP][PASSED] - result_M4_spin = M4_spin.parseText(response.getResponseBodyContent()): null

2019-08-23 18:51:37 - [TEST_STEP][PASSED] - M4_spin_current_balance = current_balance: null

2019-08-23 18:51:37 - [TEST_STEP][PASSED] - M4_spin_current_balance = M4_spin_current_balance: null

2019-08-23 18:51:37 - [TEST_STEP][PASSED] - M4_spin_transaction_id = causality: null

2019-08-23 18:51:37 - [TEST_STEP][PASSED] - M4_spin_transaction_id = M4_spin_transaction_id: null

2019-08-23 18:51:37 - [TEST_STEP][PASSED] - M4_spin_round_id = round_id: null

2019-08-23 18:51:37 - [TEST_STEP][PASSED] - M4_spin_round_id = M4_spin_round_id: null

2019-08-23 18:51:37 - [TEST_STEP][PASSED] - M4_spin_line_wins = line_wins: null

2019-08-23 18:51:37 - [TEST_STEP][PASSED] - M4_spin_line_wins = M4_spin_line_wins: null

2019-08-23 18:51:37 - [TEST_STEP][PASSED] - M4_total_bonus_spins_int = total_bonus_spins: null

2019-08-23 18:51:37 - [TEST_STEP][PASSED] - println("******M4_total_bonus_spins type is:*******" + newline + getClass().getName()): null

2019-08-23 18:51:37 - [TEST_STEP][PASSED] - M4_total_bonus_spins_int = M4_total_bonus_spins_int: null

2019-08-23 18:51:37 - [TEST_STEP][PASSED] - M4_total_bonus_spins = Integer.toString(M4_total_bonus_spins_int): null

2019-08-23 18:51:37 - [TEST_STEP][PASSED] - M4_total_bonus_spins = M4_total_bonus_spins: null

2019-08-23 18:51:37 - [TEST_STEP][PASSED] - println("M4_total_bonus_spins is:" + M4_total_bonus_spins): null

2019-08-23 18:51:37 - [TEST_STEP][PASSED] - M4_spin_bonus_data = bonus_data: null

2019-08-23 18:51:37 - [TEST_STEP][PASSED] - M4_spin_features_triggered = result_M4_spin: null

2019-08-23 18:51:37 - [TEST_STEP][PASSED] - wild = []: null

2019-08-23 18:51:37 - [TEST_STEP][PASSED] - wild[0] = "WILD_Expanding": null

2019-08-23 18:51:37 - [TEST_STEP][PASSED] - wild[1] = "WILD_Normal": null

2019-08-23 18:51:37 - [TEST_STEP][PASSED] - wild[2] = "WILD_Double": null

2019-08-23 18:51:37 - [TEST_STEP][PASSED] - wild[3] = "WILD_ExtraFG": null

2019-08-23 18:51:37 - [TEST_STEP][PASSED] - wild[4] = "WILD_Triple": null

2019-08-23 18:51:37 - [TEST_STEP][PASSED] - wildList = Arrays.asList(wild): null

2019-08-23 18:51:37 - [TEST_STEP][PASSED] - wildList = wildList: null

2019-08-23 18:51:37 - [TEST_STEP][PASSED] - free_spin_reel_counter = []: null

2019-08-23 18:51:37 - [TEST_STEP][PASSED] - free_spin_reel_counter[0] = 0: null

2019-08-23 18:51:37 - [TEST_STEP][PASSED] - free_spin_reel_counter[1] = 0: null

2019-08-23 18:51:37 - [TEST_STEP][PASSED] - free_spin_reel_counter[2] = 0: null

2019-08-23 18:51:37 - [TEST_STEP][PASSED] - M4_spin_reels = reels: null

2019-08-23 18:51:37 - [TEST_STEP][PASSED] - for ([i = 0, i &lt; M4_spin_reels.size(), (i++)]): null

2019-08-23 18:51:37 - [TEST_STEP][PASSED] - symbols = symbols: null

2019-08-23 18:51:37 - [TEST_STEP][PASSED] - for ([j = 0, j &lt; symbols.size(), (j++)]): null

2019-08-23 18:51:37 - [TEST_STEP][PASSED] - symbol = symbol: null

2019-08-23 18:51:37 - [TEST_STEP][PASSED] - println(symbol): null

2019-08-23 18:51:37 - [TEST_STEP][PASSED] - if (i == 2 &amp;&amp; wildList.indexOf(symbol) != -1): null

2019-08-23 18:51:37 - [TEST_STEP][PASSED] - if (i == 3 &amp;&amp; wildList.indexOf(symbol) != -1): null

2019-08-23 18:51:37 - [TEST_STEP][PASSED] - if (i == 4 &amp;&amp; wildList.indexOf(symbol) != -1): null

2019-08-23 18:51:37 - [TEST_STEP][PASSED] - symbol = symbol: null

2019-08-23 18:51:37 - [TEST_STEP][PASSED] - println(symbol): null

2019-08-23 18:51:37 - [TEST_STEP][PASSED] - if (i == 2 &amp;&amp; wildList.indexOf(symbol) != -1): null

2019-08-23 18:51:37 - [TEST_STEP][PASSED] - if (i == 3 &amp;&amp; wildList.indexOf(symbol) != -1): null

2019-08-23 18:51:37 - [TEST_STEP][PASSED] - if (i == 4 &amp;&amp; wildList.indexOf(symbol) != -1): null

2019-08-23 18:51:37 - [TEST_STEP][PASSED] - symbol = symbol: null

2019-08-23 18:51:37 - [TEST_STEP][PASSED] - println(symbol): null

2019-08-23 18:51:37 - [TEST_STEP][PASSED] - if (i == 2 &amp;&amp; wildList.indexOf(symbol) != -1): null

2019-08-23 18:51:37 - [TEST_STEP][PASSED] - if (i == 3 &amp;&amp; wildList.indexOf(symbol) != -1): null

2019-08-23 18:51:37 - [TEST_STEP][PASSED] - if (i == 4 &amp;&amp; wildList.indexOf(symbol) != -1): null

2019-08-23 18:51:37 - [TEST_STEP][PASSED] - symbols = symbols: null

2019-08-23 18:51:37 - [TEST_STEP][PASSED] - for ([j = 0, j &lt; symbols.size(), (j++)]): null

2019-08-23 18:51:37 - [TEST_STEP][PASSED] - symbol = symbol: null

2019-08-23 18:51:37 - [TEST_STEP][PASSED] - println(symbol): null

2019-08-23 18:51:37 - [TEST_STEP][PASSED] - if (i == 2 &amp;&amp; wildList.indexOf(symbol) != -1): null

2019-08-23 18:51:37 - [TEST_STEP][PASSED] - if (i == 3 &amp;&amp; wildList.indexOf(symbol) != -1): null

2019-08-23 18:51:37 - [TEST_STEP][PASSED] - if (i == 4 &amp;&amp; wildList.indexOf(symbol) != -1): null

2019-08-23 18:51:37 - [TEST_STEP][PASSED] - symbol = symbol: null

2019-08-23 18:51:37 - [TEST_STEP][PASSED] - println(symbol): null

2019-08-23 18:51:37 - [TEST_STEP][PASSED] - if (i == 2 &amp;&amp; wildList.indexOf(symbol) != -1): null

2019-08-23 18:51:37 - [TEST_STEP][PASSED] - if (i == 3 &amp;&amp; wildList.indexOf(symbol) != -1): null

2019-08-23 18:51:37 - [TEST_STEP][PASSED] - if (i == 4 &amp;&amp; wildList.indexOf(symbol) != -1): null

2019-08-23 18:51:37 - [TEST_STEP][PASSED] - symbol = symbol: null

2019-08-23 18:51:37 - [TEST_STEP][PASSED] - println(symbol): null

2019-08-23 18:51:37 - [TEST_STEP][PASSED] - if (i == 2 &amp;&amp; wildList.indexOf(symbol) != -1): null

2019-08-23 18:51:37 - [TEST_STEP][PASSED] - if (i == 3 &amp;&amp; wildList.indexOf(symbol) != -1): null

2019-08-23 18:51:37 - [TEST_STEP][PASSED] - if (i == 4 &amp;&amp; wildList.indexOf(symbol) != -1): null

2019-08-23 18:51:37 - [TEST_STEP][PASSED] - symbols = symbols: null

2019-08-23 18:51:37 - [TEST_STEP][PASSED] - for ([j = 0, j &lt; symbols.size(), (j++)]): null

2019-08-23 18:51:37 - [TEST_STEP][PASSED] - symbol = symbol: null

2019-08-23 18:51:37 - [TEST_STEP][PASSED] - println(symbol): null

2019-08-23 18:51:37 - [TEST_STEP][PASSED] - if (i == 2 &amp;&amp; wildList.indexOf(symbol) != -1): null

2019-08-23 18:51:37 - [TEST_STEP][PASSED] - if (i == 3 &amp;&amp; wildList.indexOf(symbol) != -1): null

2019-08-23 18:51:37 - [TEST_STEP][PASSED] - if (i == 4 &amp;&amp; wildList.indexOf(symbol) != -1): null

2019-08-23 18:51:37 - [TEST_STEP][PASSED] - symbol = symbol: null

2019-08-23 18:51:37 - [TEST_STEP][PASSED] - println(symbol): null

2019-08-23 18:51:37 - [TEST_STEP][PASSED] - if (i == 2 &amp;&amp; wildList.indexOf(symbol) != -1): null

2019-08-23 18:51:37 - [TEST_STEP][PASSED] - if (i == 3 &amp;&amp; wildList.indexOf(symbol) != -1): null

2019-08-23 18:51:37 - [TEST_STEP][PASSED] - if (i == 4 &amp;&amp; wildList.indexOf(symbol) != -1): null

2019-08-23 18:51:37 - [TEST_STEP][PASSED] - symbol = symbol: null

2019-08-23 18:51:37 - [TEST_STEP][PASSED] - println(symbol): null

2019-08-23 18:51:37 - [TEST_STEP][PASSED] - if (i == 2 &amp;&amp; wildList.indexOf(symbol) != -1): null

2019-08-23 18:51:37 - [TEST_STEP][PASSED] - println("wild found on reel 3, adding counter by 1"): null

2019-08-23 18:51:37 - [TEST_STEP][PASSED] - free_spin_reel_counter[0] = free_spin_reel_counter[0] + 1: null

2019-08-23 18:51:37 - [TEST_STEP][PASSED] - if (i == 3 &amp;&amp; wildList.indexOf(symbol) != -1): null

2019-08-23 18:51:37 - [TEST_STEP][PASSED] - if (i == 4 &amp;&amp; wildList.indexOf(symbol) != -1): null

2019-08-23 18:51:37 - [TEST_STEP][PASSED] - symbols = symbols: null

2019-08-23 18:51:37 - [TEST_STEP][PASSED] - for ([j = 0, j &lt; symbols.size(), (j++)]): null

2019-08-23 18:51:37 - [TEST_STEP][PASSED] - symbol = symbol: null

2019-08-23 18:51:37 - [TEST_STEP][PASSED] - println(symbol): null

2019-08-23 18:51:37 - [TEST_STEP][PASSED] - if (i == 2 &amp;&amp; wildList.indexOf(symbol) != -1): null

2019-08-23 18:51:37 - [TEST_STEP][PASSED] - if (i == 3 &amp;&amp; wildList.indexOf(symbol) != -1): null

2019-08-23 18:51:37 - [TEST_STEP][PASSED] - if (i == 4 &amp;&amp; wildList.indexOf(symbol) != -1): null

2019-08-23 18:51:37 - [TEST_STEP][PASSED] - symbol = symbol: null

2019-08-23 18:51:37 - [TEST_STEP][PASSED] - println(symbol): null

2019-08-23 18:51:37 - [TEST_STEP][PASSED] - if (i == 2 &amp;&amp; wildList.indexOf(symbol) != -1): null

2019-08-23 18:51:37 - [TEST_STEP][PASSED] - if (i == 3 &amp;&amp; wildList.indexOf(symbol) != -1): null

2019-08-23 18:51:37 - [TEST_STEP][PASSED] - if (i == 4 &amp;&amp; wildList.indexOf(symbol) != -1): null

2019-08-23 18:51:37 - [TEST_STEP][PASSED] - symbol = symbol: null

2019-08-23 18:51:37 - [TEST_STEP][PASSED] - println(symbol): null

2019-08-23 18:51:37 - [TEST_STEP][PASSED] - if (i == 2 &amp;&amp; wildList.indexOf(symbol) != -1): null

2019-08-23 18:51:37 - [TEST_STEP][PASSED] - if (i == 3 &amp;&amp; wildList.indexOf(symbol) != -1): null

2019-08-23 18:51:37 - [TEST_STEP][PASSED] - if (i == 4 &amp;&amp; wildList.indexOf(symbol) != -1): null

2019-08-23 18:51:37 - [TEST_STEP][PASSED] - symbols = symbols: null

2019-08-23 18:51:37 - [TEST_STEP][PASSED] - for ([j = 0, j &lt; symbols.size(), (j++)]): null

2019-08-23 18:51:37 - [TEST_STEP][PASSED] - symbol = symbol: null

2019-08-23 18:51:37 - [TEST_STEP][PASSED] - println(symbol): null

2019-08-23 18:51:37 - [TEST_STEP][PASSED] - if (i == 2 &amp;&amp; wildList.indexOf(symbol) != -1): null

2019-08-23 18:51:37 - [TEST_STEP][PASSED] - if (i == 3 &amp;&amp; wildList.indexOf(symbol) != -1): null

2019-08-23 18:51:37 - [TEST_STEP][PASSED] - if (i == 4 &amp;&amp; wildList.indexOf(symbol) != -1): null

2019-08-23 18:51:37 - [TEST_STEP][PASSED] - symbol = symbol: null

2019-08-23 18:51:37 - [TEST_STEP][PASSED] - println(symbol): null

2019-08-23 18:51:37 - [TEST_STEP][PASSED] - if (i == 2 &amp;&amp; wildList.indexOf(symbol) != -1): null

2019-08-23 18:51:37 - [TEST_STEP][PASSED] - if (i == 3 &amp;&amp; wildList.indexOf(symbol) != -1): null

2019-08-23 18:51:37 - [TEST_STEP][PASSED] - if (i == 4 &amp;&amp; wildList.indexOf(symbol) != -1): null

2019-08-23 18:51:37 - [TEST_STEP][PASSED] - symbol = symbol: null

2019-08-23 18:51:37 - [TEST_STEP][PASSED] - println(symbol): null

2019-08-23 18:51:37 - [TEST_STEP][PASSED] - if (i == 2 &amp;&amp; wildList.indexOf(symbol) != -1): null

2019-08-23 18:51:37 - [TEST_STEP][PASSED] - if (i == 3 &amp;&amp; wildList.indexOf(symbol) != -1): null

2019-08-23 18:51:37 - [TEST_STEP][PASSED] - if (i == 4 &amp;&amp; wildList.indexOf(symbol) != -1): null

2019-08-23 18:51:37 - [TEST_STEP][PASSED] - free_spin_reel_counter = free_spin_reel_counter: null

2019-08-23 18:51:37 - [TEST_STEP][PASSED] - println("reel 3 wild found: " + free_spin_reel_counter[0]): null

2019-08-23 18:51:37 - [TEST_STEP][PASSED] - println("reel 4 wild found: " + free_spin_reel_counter[1]): null

2019-08-23 18:51:37 - [TEST_STEP][PASSED] - println("reel 5 wild found: " + free_spin_reel_counter[2]): null

2019-08-23 18:51:37 - [TEST_STEP][PASSED] - M4_spin_reels = M4_spin_reels: null

2019-08-23 18:51:37 - [TEST_STEP][PASSED] - M4_spin_reels_symbols = symbol: null

2019-08-23 18:51:37 - [TEST_STEP][PASSED] - M4_spin_reels_symbols = M4_spin_reels_symbols: null

2019-08-23 18:51:37 - [TEST_STEP][PASSED] - M4_spin_reel_wins = reel_wins: null

2019-08-23 18:51:37 - [TEST_STEP][PASSED] - M4_spin_reel_wins = M4_spin_reel_wins: null

2019-08-23 18:51:37 - [TEST_STEP][PASSED] - println("GlobalVariable.M4_spin_reel_wins is: " + M4_spin_reel_wins): null

2019-08-23 18:51:37 - [TEST_STEP][PASSED] - M4_spin_total_bonus_win_this_round = total_bonus_win_this_round: null

2019-08-23 18:51:37 - [TEST_STEP][PASSED] - M4_spin_total_bonus_win_this_round = M4_spin_total_bonus_win_this_round: null

2019-08-23 18:51:37 - [TEST_STEP][PASSED] - println("GlobalVariable.M4_spin_total_bonus_win_this_round is: " + M4_spin_total_bonus_win_this_round): null

2019-08-23 18:51:37 - [TEST_STEP][PASSED] - M4_spin_bonus_spin_result = spin_result: null

2019-08-23 18:51:37 - [TEST_STEP][PASSED] - M4_spin_bonus_spin_result = M4_spin_bonus_spin_result: null

2019-08-23 18:51:37 - [MESSAGE][PASSED] - Verify response successfully

2019-08-23 18:51:37 - [MESSAGE][PASSED] - Send request and verify the response successfully

2019-08-23 18:51:37 - [TEST_STEP][PASSED] - if (free_spin_reel_counter[0] &gt;= 1 &amp;&amp; free_spin_reel_counter[1] &gt;= 1 &amp;&amp; free_spin_reel_counter[2] &gt;= 1): null

2019-08-23 18:51:37 - [TEST_STEP][PASSED] - spin_result = sendRequestAndVerify(findTestObject("INT/RGS(M4)/1_M4_spin", ["M4_login_user_id":M4_login_user_id, "rgs_session_token":rgs_session_token, "partner":Partner])): Send request and verify the response successfully

2019-08-23 18:51:37 - [MESSAGE][INFO] - HAR: /Users/eiralee/Katalon_Script/SuperWild/Reports/20190823_184757/INT/superWild_1/20190823_184757/requests/main/33.har

2019-08-23 18:51:37 - [TEST_CASE][PASSED] - Start Test Case : Verification: Verification accomplished successfully

2019-08-23 18:51:37 - [TEST_STEP][PASSED] - request = getInstance().getCurrentRequest(): null

2019-08-23 18:51:37 - [TEST_STEP][PASSED] - response = getInstance().getCurrentResponse(): null

2019-08-23 18:51:37 - [TEST_STEP][PASSED] - verifyResponseStatusCode(response, 200): Verify response status code successfully

2019-08-23 18:51:37 - [MESSAGE][PASSED] - Verify response status code successfully

2019-08-23 18:51:37 - [TEST_STEP][PASSED] - getStatusCode()).isEqualTo(200): null

2019-08-23 18:51:37 - [TEST_STEP][PASSED] - newline = System.getProperty("line.separator"): null

2019-08-23 18:51:37 - [TEST_STEP][PASSED] - M4_spin = new groovy.json.JsonSlurper(): null

2019-08-23 18:51:37 - [TEST_STEP][PASSED] - result_M4_spin = M4_spin.parseText(response.getResponseBodyContent()): null

2019-08-23 18:51:37 - [TEST_STEP][PASSED] - M4_spin_current_balance = current_balance: null

2019-08-23 18:51:37 - [TEST_STEP][PASSED] - M4_spin_current_balance = M4_spin_current_balance: null

2019-08-23 18:51:37 - [TEST_STEP][PASSED] - M4_spin_transaction_id = causality: null

2019-08-23 18:51:37 - [TEST_STEP][PASSED] - M4_spin_transaction_id = M4_spin_transaction_id: null

2019-08-23 18:51:37 - [TEST_STEP][PASSED] - M4_spin_round_id = round_id: null

2019-08-23 18:51:37 - [TEST_STEP][PASSED] - M4_spin_round_id = M4_spin_round_id: null

2019-08-23 18:51:37 - [TEST_STEP][PASSED] - M4_spin_line_wins = line_wins: null

2019-08-23 18:51:37 - [TEST_STEP][PASSED] - M4_spin_line_wins = M4_spin_line_wins: null

2019-08-23 18:51:37 - [TEST_STEP][PASSED] - M4_total_bonus_spins_int = total_bonus_spins: null

2019-08-23 18:51:37 - [TEST_STEP][PASSED] - println("******M4_total_bonus_spins type is:*******" + newline + getClass().getName()): null

2019-08-23 18:51:37 - [TEST_STEP][PASSED] - M4_total_bonus_spins_int = M4_total_bonus_spins_int: null

2019-08-23 18:51:37 - [TEST_STEP][PASSED] - M4_total_bonus_spins = Integer.toString(M4_total_bonus_spins_int): null

2019-08-23 18:51:37 - [TEST_STEP][PASSED] - M4_total_bonus_spins = M4_total_bonus_spins: null

2019-08-23 18:51:37 - [TEST_STEP][PASSED] - println("M4_total_bonus_spins is:" + M4_total_bonus_spins): null

2019-08-23 18:51:37 - [TEST_STEP][PASSED] - M4_spin_bonus_data = bonus_data: null

2019-08-23 18:51:37 - [TEST_STEP][PASSED] - M4_spin_features_triggered = result_M4_spin: null

2019-08-23 18:51:37 - [TEST_STEP][PASSED] - wild = []: null

2019-08-23 18:51:37 - [TEST_STEP][PASSED] - wild[0] = "WILD_Expanding": null

2019-08-23 18:51:37 - [TEST_STEP][PASSED] - wild[1] = "WILD_Normal": null

2019-08-23 18:51:37 - [TEST_STEP][PASSED] - wild[2] = "WILD_Double": null

2019-08-23 18:51:37 - [TEST_STEP][PASSED] - wild[3] = "WILD_ExtraFG": null

2019-08-23 18:51:37 - [TEST_STEP][PASSED] - wild[4] = "WILD_Triple": null

2019-08-23 18:51:37 - [TEST_STEP][PASSED] - wildList = Arrays.asList(wild): null

2019-08-23 18:51:37 - [TEST_STEP][PASSED] - wildList = wildList: null

2019-08-23 18:51:37 - [TEST_STEP][PASSED] - free_spin_reel_counter = []: null

2019-08-23 18:51:37 - [TEST_STEP][PASSED] - free_spin_reel_counter[0] = 0: null

2019-08-23 18:51:37 - [TEST_STEP][PASSED] - free_spin_reel_counter[1] = 0: null

2019-08-23 18:51:37 - [TEST_STEP][PASSED] - free_spin_reel_counter[2] = 0: null

2019-08-23 18:51:37 - [TEST_STEP][PASSED] - M4_spin_reels = reels: null

2019-08-23 18:51:37 - [TEST_STEP][PASSED] - for ([i = 0, i &lt; M4_spin_reels.size(), (i++)]): null

2019-08-23 18:51:37 - [TEST_STEP][PASSED] - symbols = symbols: null

2019-08-23 18:51:37 - [TEST_STEP][PASSED] - for ([j = 0, j &lt; symbols.size(), (j++)]): null

2019-08-23 18:51:37 - [TEST_STEP][PASSED] - symbol = symbol: null

2019-08-23 18:51:37 - [TEST_STEP][PASSED] - println(symbol): null

2019-08-23 18:51:37 - [TEST_STEP][PASSED] - if (i == 2 &amp;&amp; wildList.indexOf(symbol) != -1): null

2019-08-23 18:51:37 - [TEST_STEP][PASSED] - if (i == 3 &amp;&amp; wildList.indexOf(symbol) != -1): null

2019-08-23 18:51:37 - [TEST_STEP][PASSED] - if (i == 4 &amp;&amp; wildList.indexOf(symbol) != -1): null

2019-08-23 18:51:37 - [TEST_STEP][PASSED] - symbol = symbol: null

2019-08-23 18:51:37 - [TEST_STEP][PASSED] - println(symbol): null

2019-08-23 18:51:37 - [TEST_STEP][PASSED] - if (i == 2 &amp;&amp; wildList.indexOf(symbol) != -1): null

2019-08-23 18:51:37 - [TEST_STEP][PASSED] - if (i == 3 &amp;&amp; wildList.indexOf(symbol) != -1): null

2019-08-23 18:51:37 - [TEST_STEP][PASSED] - if (i == 4 &amp;&amp; wildList.indexOf(symbol) != -1): null

2019-08-23 18:51:37 - [TEST_STEP][PASSED] - symbol = symbol: null

2019-08-23 18:51:37 - [TEST_STEP][PASSED] - println(symbol): null

2019-08-23 18:51:37 - [TEST_STEP][PASSED] - if (i == 2 &amp;&amp; wildList.indexOf(symbol) != -1): null

2019-08-23 18:51:37 - [TEST_STEP][PASSED] - if (i == 3 &amp;&amp; wildList.indexOf(symbol) != -1): null

2019-08-23 18:51:37 - [TEST_STEP][PASSED] - if (i == 4 &amp;&amp; wildList.indexOf(symbol) != -1): null

2019-08-23 18:51:37 - [TEST_STEP][PASSED] - symbols = symbols: null

2019-08-23 18:51:37 - [TEST_STEP][PASSED] - for ([j = 0, j &lt; symbols.size(), (j++)]): null

2019-08-23 18:51:37 - [TEST_STEP][PASSED] - symbol = symbol: null

2019-08-23 18:51:37 - [TEST_STEP][PASSED] - println(symbol): null

2019-08-23 18:51:37 - [TEST_STEP][PASSED] - if (i == 2 &amp;&amp; wildList.indexOf(symbol) != -1): null

2019-08-23 18:51:37 - [TEST_STEP][PASSED] - if (i == 3 &amp;&amp; wildList.indexOf(symbol) != -1): null

2019-08-23 18:51:37 - [TEST_STEP][PASSED] - if (i == 4 &amp;&amp; wildList.indexOf(symbol) != -1): null

2019-08-23 18:51:37 - [TEST_STEP][PASSED] - symbol = symbol: null

2019-08-23 18:51:37 - [TEST_STEP][PASSED] - println(symbol): null

2019-08-23 18:51:37 - [TEST_STEP][PASSED] - if (i == 2 &amp;&amp; wildList.indexOf(symbol) != -1): null

2019-08-23 18:51:37 - [TEST_STEP][PASSED] - if (i == 3 &amp;&amp; wildList.indexOf(symbol) != -1): null

2019-08-23 18:51:37 - [TEST_STEP][PASSED] - if (i == 4 &amp;&amp; wildList.indexOf(symbol) != -1): null

2019-08-23 18:51:37 - [TEST_STEP][PASSED] - symbol = symbol: null

2019-08-23 18:51:37 - [TEST_STEP][PASSED] - println(symbol): null

2019-08-23 18:51:37 - [TEST_STEP][PASSED] - if (i == 2 &amp;&amp; wildList.indexOf(symbol) != -1): null

2019-08-23 18:51:37 - [TEST_STEP][PASSED] - if (i == 3 &amp;&amp; wildList.indexOf(symbol) != -1): null

2019-08-23 18:51:37 - [TEST_STEP][PASSED] - if (i == 4 &amp;&amp; wildList.indexOf(symbol) != -1): null

2019-08-23 18:51:37 - [TEST_STEP][PASSED] - symbols = symbols: null

2019-08-23 18:51:37 - [TEST_STEP][PASSED] - for ([j = 0, j &lt; symbols.size(), (j++)]): null

2019-08-23 18:51:37 - [TEST_STEP][PASSED] - symbol = symbol: null

2019-08-23 18:51:37 - [TEST_STEP][PASSED] - println(symbol): null

2019-08-23 18:51:37 - [TEST_STEP][PASSED] - if (i == 2 &amp;&amp; wildList.indexOf(symbol) != -1): null

2019-08-23 18:51:37 - [TEST_STEP][PASSED] - if (i == 3 &amp;&amp; wildList.indexOf(symbol) != -1): null

2019-08-23 18:51:37 - [TEST_STEP][PASSED] - if (i == 4 &amp;&amp; wildList.indexOf(symbol) != -1): null

2019-08-23 18:51:37 - [TEST_STEP][PASSED] - symbol = symbol: null

2019-08-23 18:51:37 - [TEST_STEP][PASSED] - println(symbol): null

2019-08-23 18:51:37 - [TEST_STEP][PASSED] - if (i == 2 &amp;&amp; wildList.indexOf(symbol) != -1): null

2019-08-23 18:51:37 - [TEST_STEP][PASSED] - if (i == 3 &amp;&amp; wildList.indexOf(symbol) != -1): null

2019-08-23 18:51:37 - [TEST_STEP][PASSED] - if (i == 4 &amp;&amp; wildList.indexOf(symbol) != -1): null

2019-08-23 18:51:37 - [TEST_STEP][PASSED] - symbol = symbol: null

2019-08-23 18:51:37 - [TEST_STEP][PASSED] - println(symbol): null

2019-08-23 18:51:37 - [TEST_STEP][PASSED] - if (i == 2 &amp;&amp; wildList.indexOf(symbol) != -1): null

2019-08-23 18:51:37 - [TEST_STEP][PASSED] - if (i == 3 &amp;&amp; wildList.indexOf(symbol) != -1): null

2019-08-23 18:51:37 - [TEST_STEP][PASSED] - if (i == 4 &amp;&amp; wildList.indexOf(symbol) != -1): null

2019-08-23 18:51:37 - [TEST_STEP][PASSED] - symbols = symbols: null

2019-08-23 18:51:37 - [TEST_STEP][PASSED] - for ([j = 0, j &lt; symbols.size(), (j++)]): null

2019-08-23 18:51:37 - [TEST_STEP][PASSED] - symbol = symbol: null

2019-08-23 18:51:37 - [TEST_STEP][PASSED] - println(symbol): null

2019-08-23 18:51:37 - [TEST_STEP][PASSED] - if (i == 2 &amp;&amp; wildList.indexOf(symbol) != -1): null

2019-08-23 18:51:37 - [TEST_STEP][PASSED] - if (i == 3 &amp;&amp; wildList.indexOf(symbol) != -1): null

2019-08-23 18:51:37 - [TEST_STEP][PASSED] - println("wild found on reel 4, adding counter by 1"): null

2019-08-23 18:51:37 - [TEST_STEP][PASSED] - free_spin_reel_counter[1] = free_spin_reel_counter[1] + 1: null

2019-08-23 18:51:37 - [TEST_STEP][PASSED] - if (i == 4 &amp;&amp; wildList.indexOf(symbol) != -1): null

2019-08-23 18:51:37 - [TEST_STEP][PASSED] - symbol = symbol: null

2019-08-23 18:51:37 - [TEST_STEP][PASSED] - println(symbol): null

2019-08-23 18:51:37 - [TEST_STEP][PASSED] - if (i == 2 &amp;&amp; wildList.indexOf(symbol) != -1): null

2019-08-23 18:51:37 - [TEST_STEP][PASSED] - if (i == 3 &amp;&amp; wildList.indexOf(symbol) != -1): null

2019-08-23 18:51:37 - [TEST_STEP][PASSED] - if (i == 4 &amp;&amp; wildList.indexOf(symbol) != -1): null

2019-08-23 18:51:37 - [TEST_STEP][PASSED] - symbol = symbol: null

2019-08-23 18:51:37 - [TEST_STEP][PASSED] - println(symbol): null

2019-08-23 18:51:37 - [TEST_STEP][PASSED] - if (i == 2 &amp;&amp; wildList.indexOf(symbol) != -1): null

2019-08-23 18:51:37 - [TEST_STEP][PASSED] - if (i == 3 &amp;&amp; wildList.indexOf(symbol) != -1): null

2019-08-23 18:51:37 - [TEST_STEP][PASSED] - if (i == 4 &amp;&amp; wildList.indexOf(symbol) != -1): null

2019-08-23 18:51:37 - [TEST_STEP][PASSED] - symbols = symbols: null

2019-08-23 18:51:37 - [TEST_STEP][PASSED] - for ([j = 0, j &lt; symbols.size(), (j++)]): null

2019-08-23 18:51:37 - [TEST_STEP][PASSED] - symbol = symbol: null

2019-08-23 18:51:37 - [TEST_STEP][PASSED] - println(symbol): null

2019-08-23 18:51:37 - [TEST_STEP][PASSED] - if (i == 2 &amp;&amp; wildList.indexOf(symbol) != -1): null

2019-08-23 18:51:37 - [TEST_STEP][PASSED] - if (i == 3 &amp;&amp; wildList.indexOf(symbol) != -1): null

2019-08-23 18:51:37 - [TEST_STEP][PASSED] - if (i == 4 &amp;&amp; wildList.indexOf(symbol) != -1): null

2019-08-23 18:51:37 - [TEST_STEP][PASSED] - symbol = symbol: null

2019-08-23 18:51:37 - [TEST_STEP][PASSED] - println(symbol): null

2019-08-23 18:51:37 - [TEST_STEP][PASSED] - if (i == 2 &amp;&amp; wildList.indexOf(symbol) != -1): null

2019-08-23 18:51:37 - [TEST_STEP][PASSED] - if (i == 3 &amp;&amp; wildList.indexOf(symbol) != -1): null

2019-08-23 18:51:37 - [TEST_STEP][PASSED] - if (i == 4 &amp;&amp; wildList.indexOf(symbol) != -1): null

2019-08-23 18:51:37 - [TEST_STEP][PASSED] - symbol = symbol: null

2019-08-23 18:51:37 - [TEST_STEP][PASSED] - println(symbol): null

2019-08-23 18:51:37 - [TEST_STEP][PASSED] - if (i == 2 &amp;&amp; wildList.indexOf(symbol) != -1): null

2019-08-23 18:51:37 - [TEST_STEP][PASSED] - if (i == 3 &amp;&amp; wildList.indexOf(symbol) != -1): null

2019-08-23 18:51:37 - [TEST_STEP][PASSED] - if (i == 4 &amp;&amp; wildList.indexOf(symbol) != -1): null

2019-08-23 18:51:37 - [TEST_STEP][PASSED] - free_spin_reel_counter = free_spin_reel_counter: null

2019-08-23 18:51:37 - [TEST_STEP][PASSED] - println("reel 3 wild found: " + free_spin_reel_counter[0]): null

2019-08-23 18:51:37 - [TEST_STEP][PASSED] - println("reel 4 wild found: " + free_spin_reel_counter[1]): null

2019-08-23 18:51:37 - [TEST_STEP][PASSED] - println("reel 5 wild found: " + free_spin_reel_counter[2]): null

2019-08-23 18:51:37 - [TEST_STEP][PASSED] - M4_spin_reels = M4_spin_reels: null

2019-08-23 18:51:37 - [TEST_STEP][PASSED] - M4_spin_reels_symbols = symbol: null

2019-08-23 18:51:37 - [TEST_STEP][PASSED] - M4_spin_reels_symbols = M4_spin_reels_symbols: null

2019-08-23 18:51:37 - [TEST_STEP][PASSED] - M4_spin_reel_wins = reel_wins: null

2019-08-23 18:51:37 - [TEST_STEP][PASSED] - M4_spin_reel_wins = M4_spin_reel_wins: null

2019-08-23 18:51:37 - [TEST_STEP][PASSED] - println("GlobalVariable.M4_spin_reel_wins is: " + M4_spin_reel_wins): null

2019-08-23 18:51:37 - [TEST_STEP][PASSED] - M4_spin_total_bonus_win_this_round = total_bonus_win_this_round: null

2019-08-23 18:51:37 - [TEST_STEP][PASSED] - M4_spin_total_bonus_win_this_round = M4_spin_total_bonus_win_this_round: null

2019-08-23 18:51:37 - [TEST_STEP][PASSED] - println("GlobalVariable.M4_spin_total_bonus_win_this_round is: " + M4_spin_total_bonus_win_this_round): null

2019-08-23 18:51:37 - [TEST_STEP][PASSED] - M4_spin_bonus_spin_result = spin_result: null

2019-08-23 18:51:37 - [TEST_STEP][PASSED] - M4_spin_bonus_spin_result = M4_spin_bonus_spin_result: null

2019-08-23 18:51:37 - [MESSAGE][PASSED] - Verify response successfully

2019-08-23 18:51:37 - [MESSAGE][PASSED] - Send request and verify the response successfully

2019-08-23 18:51:37 - [TEST_STEP][PASSED] - if (free_spin_reel_counter[0] &gt;= 1 &amp;&amp; free_spin_reel_counter[1] &gt;= 1 &amp;&amp; free_spin_reel_counter[2] &gt;= 1): null

2019-08-23 18:51:37 - [TEST_STEP][PASSED] - spin_result = sendRequestAndVerify(findTestObject("INT/RGS(M4)/1_M4_spin", ["M4_login_user_id":M4_login_user_id, "rgs_session_token":rgs_session_token, "partner":Partner])): Send request and verify the response successfully

2019-08-23 18:51:38 - [MESSAGE][INFO] - HAR: /Users/eiralee/Katalon_Script/SuperWild/Reports/20190823_184757/INT/superWild_1/20190823_184757/requests/main/34.har

2019-08-23 18:51:38 - [TEST_CASE][PASSED] - Start Test Case : Verification: Verification accomplished successfully

2019-08-23 18:51:38 - [TEST_STEP][PASSED] - request = getInstance().getCurrentRequest(): null

2019-08-23 18:51:38 - [TEST_STEP][PASSED] - response = getInstance().getCurrentResponse(): null

2019-08-23 18:51:38 - [TEST_STEP][PASSED] - verifyResponseStatusCode(response, 200): Verify response status code successfully

2019-08-23 18:51:38 - [MESSAGE][PASSED] - Verify response status code successfully

2019-08-23 18:51:38 - [TEST_STEP][PASSED] - getStatusCode()).isEqualTo(200): null

2019-08-23 18:51:38 - [TEST_STEP][PASSED] - newline = System.getProperty("line.separator"): null

2019-08-23 18:51:38 - [TEST_STEP][PASSED] - M4_spin = new groovy.json.JsonSlurper(): null

2019-08-23 18:51:38 - [TEST_STEP][PASSED] - result_M4_spin = M4_spin.parseText(response.getResponseBodyContent()): null

2019-08-23 18:51:38 - [TEST_STEP][PASSED] - M4_spin_current_balance = current_balance: null

2019-08-23 18:51:38 - [TEST_STEP][PASSED] - M4_spin_current_balance = M4_spin_current_balance: null

2019-08-23 18:51:38 - [TEST_STEP][PASSED] - M4_spin_transaction_id = causality: null

2019-08-23 18:51:38 - [TEST_STEP][PASSED] - M4_spin_transaction_id = M4_spin_transaction_id: null

2019-08-23 18:51:38 - [TEST_STEP][PASSED] - M4_spin_round_id = round_id: null

2019-08-23 18:51:38 - [TEST_STEP][PASSED] - M4_spin_round_id = M4_spin_round_id: null

2019-08-23 18:51:38 - [TEST_STEP][PASSED] - M4_spin_line_wins = line_wins: null

2019-08-23 18:51:38 - [TEST_STEP][PASSED] - M4_spin_line_wins = M4_spin_line_wins: null

2019-08-23 18:51:38 - [TEST_STEP][PASSED] - M4_total_bonus_spins_int = total_bonus_spins: null

2019-08-23 18:51:38 - [TEST_STEP][PASSED] - println("******M4_total_bonus_spins type is:*******" + newline + getClass().getName()): null

2019-08-23 18:51:38 - [TEST_STEP][PASSED] - M4_total_bonus_spins_int = M4_total_bonus_spins_int: null

2019-08-23 18:51:38 - [TEST_STEP][PASSED] - M4_total_bonus_spins = Integer.toString(M4_total_bonus_spins_int): null

2019-08-23 18:51:38 - [TEST_STEP][PASSED] - M4_total_bonus_spins = M4_total_bonus_spins: null

2019-08-23 18:51:38 - [TEST_STEP][PASSED] - println("M4_total_bonus_spins is:" + M4_total_bonus_spins): null

2019-08-23 18:51:38 - [TEST_STEP][PASSED] - M4_spin_bonus_data = bonus_data: null

2019-08-23 18:51:38 - [TEST_STEP][PASSED] - M4_spin_features_triggered = result_M4_spin: null

2019-08-23 18:51:38 - [TEST_STEP][PASSED] - wild = []: null

2019-08-23 18:51:38 - [TEST_STEP][PASSED] - wild[0] = "WILD_Expanding": null

2019-08-23 18:51:38 - [TEST_STEP][PASSED] - wild[1] = "WILD_Normal": null

2019-08-23 18:51:38 - [TEST_STEP][PASSED] - wild[2] = "WILD_Double": null

2019-08-23 18:51:38 - [TEST_STEP][PASSED] - wild[3] = "WILD_ExtraFG": null

2019-08-23 18:51:38 - [TEST_STEP][PASSED] - wild[4] = "WILD_Triple": null

2019-08-23 18:51:38 - [TEST_STEP][PASSED] - wildList = Arrays.asList(wild): null

2019-08-23 18:51:38 - [TEST_STEP][PASSED] - wildList = wildList: null

2019-08-23 18:51:38 - [TEST_STEP][PASSED] - free_spin_reel_counter = []: null

2019-08-23 18:51:38 - [TEST_STEP][PASSED] - free_spin_reel_counter[0] = 0: null

2019-08-23 18:51:38 - [TEST_STEP][PASSED] - free_spin_reel_counter[1] = 0: null

2019-08-23 18:51:38 - [TEST_STEP][PASSED] - free_spin_reel_counter[2] = 0: null

2019-08-23 18:51:38 - [TEST_STEP][PASSED] - M4_spin_reels = reels: null

2019-08-23 18:51:38 - [TEST_STEP][PASSED] - for ([i = 0, i &lt; M4_spin_reels.size(), (i++)]): null

2019-08-23 18:51:38 - [TEST_STEP][PASSED] - symbols = symbols: null

2019-08-23 18:51:38 - [TEST_STEP][PASSED] - for ([j = 0, j &lt; symbols.size(), (j++)]): null

2019-08-23 18:51:38 - [TEST_STEP][PASSED] - symbol = symbol: null

2019-08-23 18:51:38 - [TEST_STEP][PASSED] - println(symbol): null

2019-08-23 18:51:38 - [TEST_STEP][PASSED] - if (i == 2 &amp;&amp; wildList.indexOf(symbol) != -1): null

2019-08-23 18:51:38 - [TEST_STEP][PASSED] - if (i == 3 &amp;&amp; wildList.indexOf(symbol) != -1): null

2019-08-23 18:51:38 - [TEST_STEP][PASSED] - if (i == 4 &amp;&amp; wildList.indexOf(symbol) != -1): null

2019-08-23 18:51:38 - [TEST_STEP][PASSED] - symbol = symbol: null

2019-08-23 18:51:38 - [TEST_STEP][PASSED] - println(symbol): null

2019-08-23 18:51:38 - [TEST_STEP][PASSED] - if (i == 2 &amp;&amp; wildList.indexOf(symbol) != -1): null

2019-08-23 18:51:38 - [TEST_STEP][PASSED] - if (i == 3 &amp;&amp; wildList.indexOf(symbol) != -1): null

2019-08-23 18:51:38 - [TEST_STEP][PASSED] - if (i == 4 &amp;&amp; wildList.indexOf(symbol) != -1): null

2019-08-23 18:51:38 - [TEST_STEP][PASSED] - symbol = symbol: null

2019-08-23 18:51:38 - [TEST_STEP][PASSED] - println(symbol): null

2019-08-23 18:51:38 - [TEST_STEP][PASSED] - if (i == 2 &amp;&amp; wildList.indexOf(symbol) != -1): null

2019-08-23 18:51:38 - [TEST_STEP][PASSED] - if (i == 3 &amp;&amp; wildList.indexOf(symbol) != -1): null

2019-08-23 18:51:38 - [TEST_STEP][PASSED] - if (i == 4 &amp;&amp; wildList.indexOf(symbol) != -1): null

2019-08-23 18:51:38 - [TEST_STEP][PASSED] - symbols = symbols: null

2019-08-23 18:51:38 - [TEST_STEP][PASSED] - for ([j = 0, j &lt; symbols.size(), (j++)]): null

2019-08-23 18:51:38 - [TEST_STEP][PASSED] - symbol = symbol: null

2019-08-23 18:51:38 - [TEST_STEP][PASSED] - println(symbol): null

2019-08-23 18:51:38 - [TEST_STEP][PASSED] - if (i == 2 &amp;&amp; wildList.indexOf(symbol) != -1): null

2019-08-23 18:51:38 - [TEST_STEP][PASSED] - if (i == 3 &amp;&amp; wildList.indexOf(symbol) != -1): null

2019-08-23 18:51:38 - [TEST_STEP][PASSED] - if (i == 4 &amp;&amp; wildList.indexOf(symbol) != -1): null

2019-08-23 18:51:38 - [TEST_STEP][PASSED] - symbol = symbol: null

2019-08-23 18:51:38 - [TEST_STEP][PASSED] - println(symbol): null

2019-08-23 18:51:38 - [TEST_STEP][PASSED] - if (i == 2 &amp;&amp; wildList.indexOf(symbol) != -1): null

2019-08-23 18:51:38 - [TEST_STEP][PASSED] - if (i == 3 &amp;&amp; wildList.indexOf(symbol) != -1): null

2019-08-23 18:51:38 - [TEST_STEP][PASSED] - if (i == 4 &amp;&amp; wildList.indexOf(symbol) != -1): null

2019-08-23 18:51:38 - [TEST_STEP][PASSED] - symbol = symbol: null

2019-08-23 18:51:38 - [TEST_STEP][PASSED] - println(symbol): null

2019-08-23 18:51:38 - [TEST_STEP][PASSED] - if (i == 2 &amp;&amp; wildList.indexOf(symbol) != -1): null

2019-08-23 18:51:38 - [TEST_STEP][PASSED] - if (i == 3 &amp;&amp; wildList.indexOf(symbol) != -1): null

2019-08-23 18:51:38 - [TEST_STEP][PASSED] - if (i == 4 &amp;&amp; wildList.indexOf(symbol) != -1): null

2019-08-23 18:51:38 - [TEST_STEP][PASSED] - symbols = symbols: null

2019-08-23 18:51:38 - [TEST_STEP][PASSED] - for ([j = 0, j &lt; symbols.size(), (j++)]): null

2019-08-23 18:51:38 - [TEST_STEP][PASSED] - symbol = symbol: null

2019-08-23 18:51:38 - [TEST_STEP][PASSED] - println(symbol): null

2019-08-23 18:51:38 - [TEST_STEP][PASSED] - if (i == 2 &amp;&amp; wildList.indexOf(symbol) != -1): null

2019-08-23 18:51:38 - [TEST_STEP][PASSED] - if (i == 3 &amp;&amp; wildList.indexOf(symbol) != -1): null

2019-08-23 18:51:38 - [TEST_STEP][PASSED] - if (i == 4 &amp;&amp; wildList.indexOf(symbol) != -1): null

2019-08-23 18:51:38 - [TEST_STEP][PASSED] - symbol = symbol: null

2019-08-23 18:51:38 - [TEST_STEP][PASSED] - println(symbol): null

2019-08-23 18:51:38 - [TEST_STEP][PASSED] - if (i == 2 &amp;&amp; wildList.indexOf(symbol) != -1): null

2019-08-23 18:51:38 - [TEST_STEP][PASSED] - if (i == 3 &amp;&amp; wildList.indexOf(symbol) != -1): null

2019-08-23 18:51:38 - [TEST_STEP][PASSED] - if (i == 4 &amp;&amp; wildList.indexOf(symbol) != -1): null

2019-08-23 18:51:38 - [TEST_STEP][PASSED] - symbol = symbol: null

2019-08-23 18:51:38 - [TEST_STEP][PASSED] - println(symbol): null

2019-08-23 18:51:38 - [TEST_STEP][PASSED] - if (i == 2 &amp;&amp; wildList.indexOf(symbol) != -1): null

2019-08-23 18:51:38 - [TEST_STEP][PASSED] - if (i == 3 &amp;&amp; wildList.indexOf(symbol) != -1): null

2019-08-23 18:51:38 - [TEST_STEP][PASSED] - if (i == 4 &amp;&amp; wildList.indexOf(symbol) != -1): null

2019-08-23 18:51:38 - [TEST_STEP][PASSED] - symbols = symbols: null

2019-08-23 18:51:38 - [TEST_STEP][PASSED] - for ([j = 0, j &lt; symbols.size(), (j++)]): null

2019-08-23 18:51:38 - [TEST_STEP][PASSED] - symbol = symbol: null

2019-08-23 18:51:38 - [TEST_STEP][PASSED] - println(symbol): null

2019-08-23 18:51:38 - [TEST_STEP][PASSED] - if (i == 2 &amp;&amp; wildList.indexOf(symbol) != -1): null

2019-08-23 18:51:38 - [TEST_STEP][PASSED] - if (i == 3 &amp;&amp; wildList.indexOf(symbol) != -1): null

2019-08-23 18:51:38 - [TEST_STEP][PASSED] - if (i == 4 &amp;&amp; wildList.indexOf(symbol) != -1): null

2019-08-23 18:51:38 - [TEST_STEP][PASSED] - symbol = symbol: null

2019-08-23 18:51:38 - [TEST_STEP][PASSED] - println(symbol): null

2019-08-23 18:51:38 - [TEST_STEP][PASSED] - if (i == 2 &amp;&amp; wildList.indexOf(symbol) != -1): null

2019-08-23 18:51:38 - [TEST_STEP][PASSED] - if (i == 3 &amp;&amp; wildList.indexOf(symbol) != -1): null

2019-08-23 18:51:38 - [TEST_STEP][PASSED] - if (i == 4 &amp;&amp; wildList.indexOf(symbol) != -1): null

2019-08-23 18:51:38 - [TEST_STEP][PASSED] - symbol = symbol: null

2019-08-23 18:51:38 - [TEST_STEP][PASSED] - println(symbol): null

2019-08-23 18:51:38 - [TEST_STEP][PASSED] - if (i == 2 &amp;&amp; wildList.indexOf(symbol) != -1): null

2019-08-23 18:51:38 - [TEST_STEP][PASSED] - if (i == 3 &amp;&amp; wildList.indexOf(symbol) != -1): null

2019-08-23 18:51:38 - [TEST_STEP][PASSED] - if (i == 4 &amp;&amp; wildList.indexOf(symbol) != -1): null

2019-08-23 18:51:38 - [TEST_STEP][PASSED] - symbols = symbols: null

2019-08-23 18:51:38 - [TEST_STEP][PASSED] - for ([j = 0, j &lt; symbols.size(), (j++)]): null

2019-08-23 18:51:38 - [TEST_STEP][PASSED] - symbol = symbol: null

2019-08-23 18:51:38 - [TEST_STEP][PASSED] - println(symbol): null

2019-08-23 18:51:38 - [TEST_STEP][PASSED] - if (i == 2 &amp;&amp; wildList.indexOf(symbol) != -1): null

2019-08-23 18:51:38 - [TEST_STEP][PASSED] - if (i == 3 &amp;&amp; wildList.indexOf(symbol) != -1): null

2019-08-23 18:51:38 - [TEST_STEP][PASSED] - if (i == 4 &amp;&amp; wildList.indexOf(symbol) != -1): null

2019-08-23 18:51:38 - [TEST_STEP][PASSED] - symbol = symbol: null

2019-08-23 18:51:38 - [TEST_STEP][PASSED] - println(symbol): null

2019-08-23 18:51:38 - [TEST_STEP][PASSED] - if (i == 2 &amp;&amp; wildList.indexOf(symbol) != -1): null

2019-08-23 18:51:38 - [TEST_STEP][PASSED] - if (i == 3 &amp;&amp; wildList.indexOf(symbol) != -1): null

2019-08-23 18:51:38 - [TEST_STEP][PASSED] - if (i == 4 &amp;&amp; wildList.indexOf(symbol) != -1): null

2019-08-23 18:51:38 - [TEST_STEP][PASSED] - symbol = symbol: null

2019-08-23 18:51:38 - [TEST_STEP][PASSED] - println(symbol): null

2019-08-23 18:51:38 - [TEST_STEP][PASSED] - if (i == 2 &amp;&amp; wildList.indexOf(symbol) != -1): null

2019-08-23 18:51:38 - [TEST_STEP][PASSED] - if (i == 3 &amp;&amp; wildList.indexOf(symbol) != -1): null

2019-08-23 18:51:38 - [TEST_STEP][PASSED] - if (i == 4 &amp;&amp; wildList.indexOf(symbol) != -1): null

2019-08-23 18:51:38 - [TEST_STEP][PASSED] - free_spin_reel_counter = free_spin_reel_counter: null

2019-08-23 18:51:38 - [TEST_STEP][PASSED] - println("reel 3 wild found: " + free_spin_reel_counter[0]): null

2019-08-23 18:51:38 - [TEST_STEP][PASSED] - println("reel 4 wild found: " + free_spin_reel_counter[1]): null

2019-08-23 18:51:38 - [TEST_STEP][PASSED] - println("reel 5 wild found: " + free_spin_reel_counter[2]): null

2019-08-23 18:51:38 - [TEST_STEP][PASSED] - M4_spin_reels = M4_spin_reels: null

2019-08-23 18:51:38 - [TEST_STEP][PASSED] - M4_spin_reels_symbols = symbol: null

2019-08-23 18:51:38 - [TEST_STEP][PASSED] - M4_spin_reels_symbols = M4_spin_reels_symbols: null

2019-08-23 18:51:38 - [TEST_STEP][PASSED] - M4_spin_reel_wins = reel_wins: null

2019-08-23 18:51:38 - [TEST_STEP][PASSED] - M4_spin_reel_wins = M4_spin_reel_wins: null

2019-08-23 18:51:38 - [TEST_STEP][PASSED] - println("GlobalVariable.M4_spin_reel_wins is: " + M4_spin_reel_wins): null

2019-08-23 18:51:38 - [TEST_STEP][PASSED] - M4_spin_total_bonus_win_this_round = total_bonus_win_this_round: null

2019-08-23 18:51:38 - [TEST_STEP][PASSED] - M4_spin_total_bonus_win_this_round = M4_spin_total_bonus_win_this_round: null

2019-08-23 18:51:38 - [TEST_STEP][PASSED] - println("GlobalVariable.M4_spin_total_bonus_win_this_round is: " + M4_spin_total_bonus_win_this_round): null

2019-08-23 18:51:38 - [TEST_STEP][PASSED] - M4_spin_bonus_spin_result = spin_result: null

2019-08-23 18:51:38 - [TEST_STEP][PASSED] - M4_spin_bonus_spin_result = M4_spin_bonus_spin_result: null

2019-08-23 18:51:38 - [MESSAGE][PASSED] - Verify response successfully

2019-08-23 18:51:38 - [MESSAGE][PASSED] - Send request and verify the response successfully

2019-08-23 18:51:38 - [TEST_STEP][PASSED] - if (free_spin_reel_counter[0] &gt;= 1 &amp;&amp; free_spin_reel_counter[1] &gt;= 1 &amp;&amp; free_spin_reel_counter[2] &gt;= 1): null

2019-08-23 18:51:38 - [TEST_STEP][PASSED] - spin_result = sendRequestAndVerify(findTestObject("INT/RGS(M4)/1_M4_spin", ["M4_login_user_id":M4_login_user_id, "rgs_session_token":rgs_session_token, "partner":Partner])): Send request and verify the response successfully

2019-08-23 18:51:38 - [MESSAGE][INFO] - HAR: /Users/eiralee/Katalon_Script/SuperWild/Reports/20190823_184757/INT/superWild_1/20190823_184757/requests/main/35.har

2019-08-23 18:51:38 - [TEST_CASE][PASSED] - Start Test Case : Verification: Verification accomplished successfully

2019-08-23 18:51:38 - [TEST_STEP][PASSED] - request = getInstance().getCurrentRequest(): null

2019-08-23 18:51:39 - [TEST_STEP][PASSED] - response = getInstance().getCurrentResponse(): null

2019-08-23 18:51:39 - [TEST_STEP][PASSED] - verifyResponseStatusCode(response, 200): Verify response status code successfully

2019-08-23 18:51:39 - [MESSAGE][PASSED] - Verify response status code successfully

2019-08-23 18:51:39 - [TEST_STEP][PASSED] - getStatusCode()).isEqualTo(200): null

2019-08-23 18:51:39 - [TEST_STEP][PASSED] - newline = System.getProperty("line.separator"): null

2019-08-23 18:51:39 - [TEST_STEP][PASSED] - M4_spin = new groovy.json.JsonSlurper(): null

2019-08-23 18:51:39 - [TEST_STEP][PASSED] - result_M4_spin = M4_spin.parseText(response.getResponseBodyContent()): null

2019-08-23 18:51:39 - [TEST_STEP][PASSED] - M4_spin_current_balance = current_balance: null

2019-08-23 18:51:39 - [TEST_STEP][PASSED] - M4_spin_current_balance = M4_spin_current_balance: null

2019-08-23 18:51:39 - [TEST_STEP][PASSED] - M4_spin_transaction_id = causality: null

2019-08-23 18:51:39 - [TEST_STEP][PASSED] - M4_spin_transaction_id = M4_spin_transaction_id: null

2019-08-23 18:51:39 - [TEST_STEP][PASSED] - M4_spin_round_id = round_id: null

2019-08-23 18:51:39 - [TEST_STEP][PASSED] - M4_spin_round_id = M4_spin_round_id: null

2019-08-23 18:51:39 - [TEST_STEP][PASSED] - M4_spin_line_wins = line_wins: null

2019-08-23 18:51:39 - [TEST_STEP][PASSED] - M4_spin_line_wins = M4_spin_line_wins: null

2019-08-23 18:51:39 - [TEST_STEP][PASSED] - M4_total_bonus_spins_int = total_bonus_spins: null

2019-08-23 18:51:39 - [TEST_STEP][PASSED] - println("******M4_total_bonus_spins type is:*******" + newline + getClass().getName()): null

2019-08-23 18:51:39 - [TEST_STEP][PASSED] - M4_total_bonus_spins_int = M4_total_bonus_spins_int: null

2019-08-23 18:51:39 - [TEST_STEP][PASSED] - M4_total_bonus_spins = Integer.toString(M4_total_bonus_spins_int): null

2019-08-23 18:51:39 - [TEST_STEP][PASSED] - M4_total_bonus_spins = M4_total_bonus_spins: null

2019-08-23 18:51:39 - [TEST_STEP][PASSED] - println("M4_total_bonus_spins is:" + M4_total_bonus_spins): null

2019-08-23 18:51:39 - [TEST_STEP][PASSED] - M4_spin_bonus_data = bonus_data: null

2019-08-23 18:51:39 - [TEST_STEP][PASSED] - M4_spin_features_triggered = result_M4_spin: null

2019-08-23 18:51:39 - [TEST_STEP][PASSED] - wild = []: null

2019-08-23 18:51:39 - [TEST_STEP][PASSED] - wild[0] = "WILD_Expanding": null

2019-08-23 18:51:39 - [TEST_STEP][PASSED] - wild[1] = "WILD_Normal": null

2019-08-23 18:51:39 - [TEST_STEP][PASSED] - wild[2] = "WILD_Double": null

2019-08-23 18:51:39 - [TEST_STEP][PASSED] - wild[3] = "WILD_ExtraFG": null

2019-08-23 18:51:39 - [TEST_STEP][PASSED] - wild[4] = "WILD_Triple": null

2019-08-23 18:51:39 - [TEST_STEP][PASSED] - wildList = Arrays.asList(wild): null

2019-08-23 18:51:39 - [TEST_STEP][PASSED] - wildList = wildList: null

2019-08-23 18:51:39 - [TEST_STEP][PASSED] - free_spin_reel_counter = []: null

2019-08-23 18:51:39 - [TEST_STEP][PASSED] - free_spin_reel_counter[0] = 0: null

2019-08-23 18:51:39 - [TEST_STEP][PASSED] - free_spin_reel_counter[1] = 0: null

2019-08-23 18:51:39 - [TEST_STEP][PASSED] - free_spin_reel_counter[2] = 0: null

2019-08-23 18:51:39 - [TEST_STEP][PASSED] - M4_spin_reels = reels: null

2019-08-23 18:51:39 - [TEST_STEP][PASSED] - for ([i = 0, i &lt; M4_spin_reels.size(), (i++)]): null

2019-08-23 18:51:39 - [TEST_STEP][PASSED] - symbols = symbols: null

2019-08-23 18:51:39 - [TEST_STEP][PASSED] - for ([j = 0, j &lt; symbols.size(), (j++)]): null

2019-08-23 18:51:39 - [TEST_STEP][PASSED] - symbol = symbol: null

2019-08-23 18:51:39 - [TEST_STEP][PASSED] - println(symbol): null

2019-08-23 18:51:39 - [TEST_STEP][PASSED] - if (i == 2 &amp;&amp; wildList.indexOf(symbol) != -1): null

2019-08-23 18:51:39 - [TEST_STEP][PASSED] - if (i == 3 &amp;&amp; wildList.indexOf(symbol) != -1): null

2019-08-23 18:51:39 - [TEST_STEP][PASSED] - if (i == 4 &amp;&amp; wildList.indexOf(symbol) != -1): null

2019-08-23 18:51:39 - [TEST_STEP][PASSED] - symbol = symbol: null

2019-08-23 18:51:39 - [TEST_STEP][PASSED] - println(symbol): null

2019-08-23 18:51:39 - [TEST_STEP][PASSED] - if (i == 2 &amp;&amp; wildList.indexOf(symbol) != -1): null

2019-08-23 18:51:39 - [TEST_STEP][PASSED] - if (i == 3 &amp;&amp; wildList.indexOf(symbol) != -1): null

2019-08-23 18:51:39 - [TEST_STEP][PASSED] - if (i == 4 &amp;&amp; wildList.indexOf(symbol) != -1): null

2019-08-23 18:51:39 - [TEST_STEP][PASSED] - symbol = symbol: null

2019-08-23 18:51:39 - [TEST_STEP][PASSED] - println(symbol): null

2019-08-23 18:51:39 - [TEST_STEP][PASSED] - if (i == 2 &amp;&amp; wildList.indexOf(symbol) != -1): null

2019-08-23 18:51:39 - [TEST_STEP][PASSED] - if (i == 3 &amp;&amp; wildList.indexOf(symbol) != -1): null

2019-08-23 18:51:39 - [TEST_STEP][PASSED] - if (i == 4 &amp;&amp; wildList.indexOf(symbol) != -1): null

2019-08-23 18:51:39 - [TEST_STEP][PASSED] - symbols = symbols: null

2019-08-23 18:51:39 - [TEST_STEP][PASSED] - for ([j = 0, j &lt; symbols.size(), (j++)]): null

2019-08-23 18:51:39 - [TEST_STEP][PASSED] - symbol = symbol: null

2019-08-23 18:51:39 - [TEST_STEP][PASSED] - println(symbol): null

2019-08-23 18:51:39 - [TEST_STEP][PASSED] - if (i == 2 &amp;&amp; wildList.indexOf(symbol) != -1): null

2019-08-23 18:51:39 - [TEST_STEP][PASSED] - if (i == 3 &amp;&amp; wildList.indexOf(symbol) != -1): null

2019-08-23 18:51:39 - [TEST_STEP][PASSED] - if (i == 4 &amp;&amp; wildList.indexOf(symbol) != -1): null

2019-08-23 18:51:39 - [TEST_STEP][PASSED] - symbol = symbol: null

2019-08-23 18:51:39 - [TEST_STEP][PASSED] - println(symbol): null

2019-08-23 18:51:39 - [TEST_STEP][PASSED] - if (i == 2 &amp;&amp; wildList.indexOf(symbol) != -1): null

2019-08-23 18:51:39 - [TEST_STEP][PASSED] - if (i == 3 &amp;&amp; wildList.indexOf(symbol) != -1): null

2019-08-23 18:51:39 - [TEST_STEP][PASSED] - if (i == 4 &amp;&amp; wildList.indexOf(symbol) != -1): null

2019-08-23 18:51:39 - [TEST_STEP][PASSED] - symbol = symbol: null

2019-08-23 18:51:39 - [TEST_STEP][PASSED] - println(symbol): null

2019-08-23 18:51:39 - [TEST_STEP][PASSED] - if (i == 2 &amp;&amp; wildList.indexOf(symbol) != -1): null

2019-08-23 18:51:39 - [TEST_STEP][PASSED] - if (i == 3 &amp;&amp; wildList.indexOf(symbol) != -1): null

2019-08-23 18:51:39 - [TEST_STEP][PASSED] - if (i == 4 &amp;&amp; wildList.indexOf(symbol) != -1): null

2019-08-23 18:51:39 - [TEST_STEP][PASSED] - symbols = symbols: null

2019-08-23 18:51:39 - [TEST_STEP][PASSED] - for ([j = 0, j &lt; symbols.size(), (j++)]): null

2019-08-23 18:51:39 - [TEST_STEP][PASSED] - symbol = symbol: null

2019-08-23 18:51:39 - [TEST_STEP][PASSED] - println(symbol): null

2019-08-23 18:51:39 - [TEST_STEP][PASSED] - if (i == 2 &amp;&amp; wildList.indexOf(symbol) != -1): null

2019-08-23 18:51:39 - [TEST_STEP][PASSED] - if (i == 3 &amp;&amp; wildList.indexOf(symbol) != -1): null

2019-08-23 18:51:39 - [TEST_STEP][PASSED] - if (i == 4 &amp;&amp; wildList.indexOf(symbol) != -1): null

2019-08-23 18:51:39 - [TEST_STEP][PASSED] - symbol = symbol: null

2019-08-23 18:51:39 - [TEST_STEP][PASSED] - println(symbol): null

2019-08-23 18:51:39 - [TEST_STEP][PASSED] - if (i == 2 &amp;&amp; wildList.indexOf(symbol) != -1): null

2019-08-23 18:51:39 - [TEST_STEP][PASSED] - if (i == 3 &amp;&amp; wildList.indexOf(symbol) != -1): null

2019-08-23 18:51:39 - [TEST_STEP][PASSED] - if (i == 4 &amp;&amp; wildList.indexOf(symbol) != -1): null

2019-08-23 18:51:39 - [TEST_STEP][PASSED] - symbol = symbol: null

2019-08-23 18:51:39 - [TEST_STEP][PASSED] - println(symbol): null

2019-08-23 18:51:39 - [TEST_STEP][PASSED] - if (i == 2 &amp;&amp; wildList.indexOf(symbol) != -1): null

2019-08-23 18:51:39 - [TEST_STEP][PASSED] - if (i == 3 &amp;&amp; wildList.indexOf(symbol) != -1): null

2019-08-23 18:51:39 - [TEST_STEP][PASSED] - if (i == 4 &amp;&amp; wildList.indexOf(symbol) != -1): null

2019-08-23 18:51:39 - [TEST_STEP][PASSED] - symbols = symbols: null

2019-08-23 18:51:39 - [TEST_STEP][PASSED] - for ([j = 0, j &lt; symbols.size(), (j++)]): null

2019-08-23 18:51:39 - [TEST_STEP][PASSED] - symbol = symbol: null

2019-08-23 18:51:39 - [TEST_STEP][PASSED] - println(symbol): null

2019-08-23 18:51:39 - [TEST_STEP][PASSED] - if (i == 2 &amp;&amp; wildList.indexOf(symbol) != -1): null

2019-08-23 18:51:39 - [TEST_STEP][PASSED] - if (i == 3 &amp;&amp; wildList.indexOf(symbol) != -1): null

2019-08-23 18:51:39 - [TEST_STEP][PASSED] - if (i == 4 &amp;&amp; wildList.indexOf(symbol) != -1): null

2019-08-23 18:51:39 - [TEST_STEP][PASSED] - symbol = symbol: null

2019-08-23 18:51:39 - [TEST_STEP][PASSED] - println(symbol): null

2019-08-23 18:51:39 - [TEST_STEP][PASSED] - if (i == 2 &amp;&amp; wildList.indexOf(symbol) != -1): null

2019-08-23 18:51:39 - [TEST_STEP][PASSED] - if (i == 3 &amp;&amp; wildList.indexOf(symbol) != -1): null

2019-08-23 18:51:39 - [TEST_STEP][PASSED] - println("wild found on reel 4, adding counter by 1"): null

2019-08-23 18:51:39 - [TEST_STEP][PASSED] - free_spin_reel_counter[1] = free_spin_reel_counter[1] + 1: null

2019-08-23 18:51:39 - [TEST_STEP][PASSED] - if (i == 4 &amp;&amp; wildList.indexOf(symbol) != -1): null

2019-08-23 18:51:39 - [TEST_STEP][PASSED] - symbol = symbol: null

2019-08-23 18:51:39 - [TEST_STEP][PASSED] - println(symbol): null

2019-08-23 18:51:39 - [TEST_STEP][PASSED] - if (i == 2 &amp;&amp; wildList.indexOf(symbol) != -1): null

2019-08-23 18:51:39 - [TEST_STEP][PASSED] - if (i == 3 &amp;&amp; wildList.indexOf(symbol) != -1): null

2019-08-23 18:51:39 - [TEST_STEP][PASSED] - if (i == 4 &amp;&amp; wildList.indexOf(symbol) != -1): null

2019-08-23 18:51:39 - [TEST_STEP][PASSED] - symbols = symbols: null

2019-08-23 18:51:39 - [TEST_STEP][PASSED] - for ([j = 0, j &lt; symbols.size(), (j++)]): null

2019-08-23 18:51:39 - [TEST_STEP][PASSED] - symbol = symbol: null

2019-08-23 18:51:39 - [TEST_STEP][PASSED] - println(symbol): null

2019-08-23 18:51:39 - [TEST_STEP][PASSED] - if (i == 2 &amp;&amp; wildList.indexOf(symbol) != -1): null

2019-08-23 18:51:39 - [TEST_STEP][PASSED] - if (i == 3 &amp;&amp; wildList.indexOf(symbol) != -1): null

2019-08-23 18:51:39 - [TEST_STEP][PASSED] - if (i == 4 &amp;&amp; wildList.indexOf(symbol) != -1): null

2019-08-23 18:51:39 - [TEST_STEP][PASSED] - symbol = symbol: null

2019-08-23 18:51:39 - [TEST_STEP][PASSED] - println(symbol): null

2019-08-23 18:51:39 - [TEST_STEP][PASSED] - if (i == 2 &amp;&amp; wildList.indexOf(symbol) != -1): null

2019-08-23 18:51:39 - [TEST_STEP][PASSED] - if (i == 3 &amp;&amp; wildList.indexOf(symbol) != -1): null

2019-08-23 18:51:39 - [TEST_STEP][PASSED] - if (i == 4 &amp;&amp; wildList.indexOf(symbol) != -1): null

2019-08-23 18:51:39 - [TEST_STEP][PASSED] - symbol = symbol: null

2019-08-23 18:51:39 - [TEST_STEP][PASSED] - println(symbol): null

2019-08-23 18:51:39 - [TEST_STEP][PASSED] - if (i == 2 &amp;&amp; wildList.indexOf(symbol) != -1): null

2019-08-23 18:51:39 - [TEST_STEP][PASSED] - if (i == 3 &amp;&amp; wildList.indexOf(symbol) != -1): null

2019-08-23 18:51:39 - [TEST_STEP][PASSED] - if (i == 4 &amp;&amp; wildList.indexOf(symbol) != -1): null

2019-08-23 18:51:39 - [TEST_STEP][PASSED] - free_spin_reel_counter = free_spin_reel_counter: null

2019-08-23 18:51:39 - [TEST_STEP][PASSED] - println("reel 3 wild found: " + free_spin_reel_counter[0]): null

2019-08-23 18:51:39 - [TEST_STEP][PASSED] - println("reel 4 wild found: " + free_spin_reel_counter[1]): null

2019-08-23 18:51:39 - [TEST_STEP][PASSED] - println("reel 5 wild found: " + free_spin_reel_counter[2]): null

2019-08-23 18:51:39 - [TEST_STEP][PASSED] - M4_spin_reels = M4_spin_reels: null

2019-08-23 18:51:39 - [TEST_STEP][PASSED] - M4_spin_reels_symbols = symbol: null

2019-08-23 18:51:39 - [TEST_STEP][PASSED] - M4_spin_reels_symbols = M4_spin_reels_symbols: null

2019-08-23 18:51:39 - [TEST_STEP][PASSED] - M4_spin_reel_wins = reel_wins: null

2019-08-23 18:51:39 - [TEST_STEP][PASSED] - M4_spin_reel_wins = M4_spin_reel_wins: null

2019-08-23 18:51:39 - [TEST_STEP][PASSED] - println("GlobalVariable.M4_spin_reel_wins is: " + M4_spin_reel_wins): null

2019-08-23 18:51:39 - [TEST_STEP][PASSED] - M4_spin_total_bonus_win_this_round = total_bonus_win_this_round: null

2019-08-23 18:51:39 - [TEST_STEP][PASSED] - M4_spin_total_bonus_win_this_round = M4_spin_total_bonus_win_this_round: null

2019-08-23 18:51:39 - [TEST_STEP][PASSED] - println("GlobalVariable.M4_spin_total_bonus_win_this_round is: " + M4_spin_total_bonus_win_this_round): null

2019-08-23 18:51:39 - [TEST_STEP][PASSED] - M4_spin_bonus_spin_result = spin_result: null

2019-08-23 18:51:39 - [TEST_STEP][PASSED] - M4_spin_bonus_spin_result = M4_spin_bonus_spin_result: null

2019-08-23 18:51:39 - [MESSAGE][PASSED] - Verify response successfully

2019-08-23 18:51:39 - [MESSAGE][PASSED] - Send request and verify the response successfully

2019-08-23 18:51:39 - [TEST_STEP][PASSED] - if (free_spin_reel_counter[0] &gt;= 1 &amp;&amp; free_spin_reel_counter[1] &gt;= 1 &amp;&amp; free_spin_reel_counter[2] &gt;= 1): null

2019-08-23 18:51:39 - [TEST_STEP][PASSED] - spin_result = sendRequestAndVerify(findTestObject("INT/RGS(M4)/1_M4_spin", ["M4_login_user_id":M4_login_user_id, "rgs_session_token":rgs_session_token, "partner":Partner])): Send request and verify the response successfully

2019-08-23 18:51:39 - [MESSAGE][INFO] - HAR: /Users/eiralee/Katalon_Script/SuperWild/Reports/20190823_184757/INT/superWild_1/20190823_184757/requests/main/36.har

2019-08-23 18:51:39 - [TEST_CASE][PASSED] - Start Test Case : Verification: Verification accomplished successfully

2019-08-23 18:51:39 - [TEST_STEP][PASSED] - request = getInstance().getCurrentRequest(): null

2019-08-23 18:51:39 - [TEST_STEP][PASSED] - response = getInstance().getCurrentResponse(): null

2019-08-23 18:51:39 - [TEST_STEP][PASSED] - verifyResponseStatusCode(response, 200): Verify response status code successfully

2019-08-23 18:51:39 - [MESSAGE][PASSED] - Verify response status code successfully

2019-08-23 18:51:39 - [TEST_STEP][PASSED] - getStatusCode()).isEqualTo(200): null

2019-08-23 18:51:39 - [TEST_STEP][PASSED] - newline = System.getProperty("line.separator"): null

2019-08-23 18:51:39 - [TEST_STEP][PASSED] - M4_spin = new groovy.json.JsonSlurper(): null

2019-08-23 18:51:39 - [TEST_STEP][PASSED] - result_M4_spin = M4_spin.parseText(response.getResponseBodyContent()): null

2019-08-23 18:51:39 - [TEST_STEP][PASSED] - M4_spin_current_balance = current_balance: null

2019-08-23 18:51:39 - [TEST_STEP][PASSED] - M4_spin_current_balance = M4_spin_current_balance: null

2019-08-23 18:51:39 - [TEST_STEP][PASSED] - M4_spin_transaction_id = causality: null

2019-08-23 18:51:39 - [TEST_STEP][PASSED] - M4_spin_transaction_id = M4_spin_transaction_id: null

2019-08-23 18:51:39 - [TEST_STEP][PASSED] - M4_spin_round_id = round_id: null

2019-08-23 18:51:39 - [TEST_STEP][PASSED] - M4_spin_round_id = M4_spin_round_id: null

2019-08-23 18:51:39 - [TEST_STEP][PASSED] - M4_spin_line_wins = line_wins: null

2019-08-23 18:51:39 - [TEST_STEP][PASSED] - M4_spin_line_wins = M4_spin_line_wins: null

2019-08-23 18:51:39 - [TEST_STEP][PASSED] - M4_total_bonus_spins_int = total_bonus_spins: null

2019-08-23 18:51:39 - [TEST_STEP][PASSED] - println("******M4_total_bonus_spins type is:*******" + newline + getClass().getName()): null

2019-08-23 18:51:39 - [TEST_STEP][PASSED] - M4_total_bonus_spins_int = M4_total_bonus_spins_int: null

2019-08-23 18:51:39 - [TEST_STEP][PASSED] - M4_total_bonus_spins = Integer.toString(M4_total_bonus_spins_int): null

2019-08-23 18:51:39 - [TEST_STEP][PASSED] - M4_total_bonus_spins = M4_total_bonus_spins: null

2019-08-23 18:51:39 - [TEST_STEP][PASSED] - println("M4_total_bonus_spins is:" + M4_total_bonus_spins): null

2019-08-23 18:51:39 - [TEST_STEP][PASSED] - M4_spin_bonus_data = bonus_data: null

2019-08-23 18:51:39 - [TEST_STEP][PASSED] - M4_spin_features_triggered = result_M4_spin: null

2019-08-23 18:51:39 - [TEST_STEP][PASSED] - wild = []: null

2019-08-23 18:51:39 - [TEST_STEP][PASSED] - wild[0] = "WILD_Expanding": null

2019-08-23 18:51:39 - [TEST_STEP][PASSED] - wild[1] = "WILD_Normal": null

2019-08-23 18:51:39 - [TEST_STEP][PASSED] - wild[2] = "WILD_Double": null

2019-08-23 18:51:39 - [TEST_STEP][PASSED] - wild[3] = "WILD_ExtraFG": null

2019-08-23 18:51:46 - [TEST_STEP][PASSED] - wild[4] = "WILD_Triple": null

2019-08-23 18:51:46 - [TEST_STEP][PASSED] - wildList = Arrays.asList(wild): null

2019-08-23 18:51:46 - [TEST_STEP][PASSED] - wildList = wildList: null

2019-08-23 18:51:46 - [TEST_STEP][PASSED] - free_spin_reel_counter = []: null

2019-08-23 18:51:46 - [TEST_STEP][PASSED] - free_spin_reel_counter[0] = 0: null

2019-08-23 18:51:46 - [TEST_STEP][PASSED] - free_spin_reel_counter[1] = 0: null

2019-08-23 18:51:46 - [TEST_STEP][PASSED] - free_spin_reel_counter[2] = 0: null

2019-08-23 18:51:46 - [TEST_STEP][PASSED] - M4_spin_reels = reels: null

2019-08-23 18:51:46 - [TEST_STEP][PASSED] - for ([i = 0, i &lt; M4_spin_reels.size(), (i++)]): null

2019-08-23 18:51:46 - [TEST_STEP][PASSED] - symbols = symbols: null

2019-08-23 18:51:46 - [TEST_STEP][PASSED] - for ([j = 0, j &lt; symbols.size(), (j++)]): null

2019-08-23 18:51:46 - [TEST_STEP][PASSED] - symbol = symbol: null

2019-08-23 18:51:46 - [TEST_STEP][PASSED] - println(symbol): null

2019-08-23 18:51:46 - [TEST_STEP][PASSED] - if (i == 2 &amp;&amp; wildList.indexOf(symbol) != -1): null

2019-08-23 18:51:46 - [TEST_STEP][PASSED] - if (i == 3 &amp;&amp; wildList.indexOf(symbol) != -1): null

2019-08-23 18:51:46 - [TEST_STEP][PASSED] - if (i == 4 &amp;&amp; wildList.indexOf(symbol) != -1): null

2019-08-23 18:51:46 - [TEST_STEP][PASSED] - symbol = symbol: null

2019-08-23 18:51:46 - [TEST_STEP][PASSED] - println(symbol): null

2019-08-23 18:51:46 - [TEST_STEP][PASSED] - if (i == 2 &amp;&amp; wildList.indexOf(symbol) != -1): null

2019-08-23 18:51:46 - [TEST_STEP][PASSED] - if (i == 3 &amp;&amp; wildList.indexOf(symbol) != -1): null

2019-08-23 18:51:46 - [TEST_STEP][PASSED] - if (i == 4 &amp;&amp; wildList.indexOf(symbol) != -1): null

2019-08-23 18:51:46 - [TEST_STEP][PASSED] - symbol = symbol: null

2019-08-23 18:51:46 - [TEST_STEP][PASSED] - println(symbol): null

2019-08-23 18:51:46 - [TEST_STEP][PASSED] - if (i == 2 &amp;&amp; wildList.indexOf(symbol) != -1): null

2019-08-23 18:51:46 - [TEST_STEP][PASSED] - if (i == 3 &amp;&amp; wildList.indexOf(symbol) != -1): null

2019-08-23 18:51:46 - [TEST_STEP][PASSED] - if (i == 4 &amp;&amp; wildList.indexOf(symbol) != -1): null

2019-08-23 18:51:46 - [TEST_STEP][PASSED] - symbols = symbols: null

2019-08-23 18:51:46 - [TEST_STEP][PASSED] - for ([j = 0, j &lt; symbols.size(), (j++)]): null

2019-08-23 18:51:46 - [TEST_STEP][PASSED] - symbol = symbol: null

2019-08-23 18:51:46 - [TEST_STEP][PASSED] - println(symbol): null

2019-08-23 18:51:46 - [TEST_STEP][PASSED] - if (i == 2 &amp;&amp; wildList.indexOf(symbol) != -1): null

2019-08-23 18:51:46 - [TEST_STEP][PASSED] - if (i == 3 &amp;&amp; wildList.indexOf(symbol) != -1): null

2019-08-23 18:51:46 - [TEST_STEP][PASSED] - if (i == 4 &amp;&amp; wildList.indexOf(symbol) != -1): null

2019-08-23 18:51:46 - [TEST_STEP][PASSED] - symbol = symbol: null

2019-08-23 18:51:46 - [TEST_STEP][PASSED] - println(symbol): null

2019-08-23 18:51:46 - [TEST_STEP][PASSED] - if (i == 2 &amp;&amp; wildList.indexOf(symbol) != -1): null

2019-08-23 18:51:46 - [TEST_STEP][PASSED] - if (i == 3 &amp;&amp; wildList.indexOf(symbol) != -1): null

2019-08-23 18:51:46 - [TEST_STEP][PASSED] - if (i == 4 &amp;&amp; wildList.indexOf(symbol) != -1): null

2019-08-23 18:51:46 - [TEST_STEP][PASSED] - symbol = symbol: null

2019-08-23 18:51:46 - [TEST_STEP][PASSED] - println(symbol): null

2019-08-23 18:51:46 - [TEST_STEP][PASSED] - if (i == 2 &amp;&amp; wildList.indexOf(symbol) != -1): null

2019-08-23 18:51:46 - [TEST_STEP][PASSED] - if (i == 3 &amp;&amp; wildList.indexOf(symbol) != -1): null

2019-08-23 18:51:46 - [TEST_STEP][PASSED] - if (i == 4 &amp;&amp; wildList.indexOf(symbol) != -1): null

2019-08-23 18:51:46 - [TEST_STEP][PASSED] - symbols = symbols: null

2019-08-23 18:51:46 - [TEST_STEP][PASSED] - for ([j = 0, j &lt; symbols.size(), (j++)]): null

2019-08-23 18:51:46 - [TEST_STEP][PASSED] - symbol = symbol: null

2019-08-23 18:51:46 - [TEST_STEP][PASSED] - println(symbol): null

2019-08-23 18:51:46 - [TEST_STEP][PASSED] - if (i == 2 &amp;&amp; wildList.indexOf(symbol) != -1): null

2019-08-23 18:51:46 - [TEST_STEP][PASSED] - if (i == 3 &amp;&amp; wildList.indexOf(symbol) != -1): null

2019-08-23 18:51:46 - [TEST_STEP][PASSED] - if (i == 4 &amp;&amp; wildList.indexOf(symbol) != -1): null

2019-08-23 18:51:46 - [TEST_STEP][PASSED] - symbol = symbol: null

2019-08-23 18:51:46 - [TEST_STEP][PASSED] - println(symbol): null

2019-08-23 18:51:46 - [TEST_STEP][PASSED] - if (i == 2 &amp;&amp; wildList.indexOf(symbol) != -1): null

2019-08-23 18:51:46 - [TEST_STEP][PASSED] - if (i == 3 &amp;&amp; wildList.indexOf(symbol) != -1): null

2019-08-23 18:51:46 - [TEST_STEP][PASSED] - if (i == 4 &amp;&amp; wildList.indexOf(symbol) != -1): null

2019-08-23 18:51:46 - [TEST_STEP][PASSED] - symbol = symbol: null

2019-08-23 18:51:46 - [TEST_STEP][PASSED] - println(symbol): null

2019-08-23 18:51:46 - [TEST_STEP][PASSED] - if (i == 2 &amp;&amp; wildList.indexOf(symbol) != -1): null

2019-08-23 18:51:46 - [TEST_STEP][PASSED] - if (i == 3 &amp;&amp; wildList.indexOf(symbol) != -1): null

2019-08-23 18:51:46 - [TEST_STEP][PASSED] - if (i == 4 &amp;&amp; wildList.indexOf(symbol) != -1): null

2019-08-23 18:51:46 - [TEST_STEP][PASSED] - symbols = symbols: null

2019-08-23 18:51:46 - [TEST_STEP][PASSED] - for ([j = 0, j &lt; symbols.size(), (j++)]): null

2019-08-23 18:51:46 - [TEST_STEP][PASSED] - symbol = symbol: null

2019-08-23 18:51:46 - [TEST_STEP][PASSED] - println(symbol): null

2019-08-23 18:51:46 - [TEST_STEP][PASSED] - if (i == 2 &amp;&amp; wildList.indexOf(symbol) != -1): null

2019-08-23 18:51:46 - [TEST_STEP][PASSED] - if (i == 3 &amp;&amp; wildList.indexOf(symbol) != -1): null

2019-08-23 18:51:46 - [TEST_STEP][PASSED] - if (i == 4 &amp;&amp; wildList.indexOf(symbol) != -1): null

2019-08-23 18:51:46 - [TEST_STEP][PASSED] - symbol = symbol: null

2019-08-23 18:51:46 - [TEST_STEP][PASSED] - println(symbol): null

2019-08-23 18:51:46 - [TEST_STEP][PASSED] - if (i == 2 &amp;&amp; wildList.indexOf(symbol) != -1): null

2019-08-23 18:51:46 - [TEST_STEP][PASSED] - if (i == 3 &amp;&amp; wildList.indexOf(symbol) != -1): null

2019-08-23 18:51:46 - [TEST_STEP][PASSED] - println("wild found on reel 4, adding counter by 1"): null

2019-08-23 18:51:46 - [TEST_STEP][PASSED] - free_spin_reel_counter[1] = free_spin_reel_counter[1] + 1: null

2019-08-23 18:51:46 - [TEST_STEP][PASSED] - if (i == 4 &amp;&amp; wildList.indexOf(symbol) != -1): null

2019-08-23 18:51:46 - [TEST_STEP][PASSED] - symbol = symbol: null

2019-08-23 18:51:46 - [TEST_STEP][PASSED] - println(symbol): null

2019-08-23 18:51:46 - [TEST_STEP][PASSED] - if (i == 2 &amp;&amp; wildList.indexOf(symbol) != -1): null

2019-08-23 18:51:46 - [TEST_STEP][PASSED] - if (i == 3 &amp;&amp; wildList.indexOf(symbol) != -1): null

2019-08-23 18:51:46 - [TEST_STEP][PASSED] - if (i == 4 &amp;&amp; wildList.indexOf(symbol) != -1): null

2019-08-23 18:51:46 - [TEST_STEP][PASSED] - symbols = symbols: null

2019-08-23 18:51:46 - [TEST_STEP][PASSED] - for ([j = 0, j &lt; symbols.size(), (j++)]): null

2019-08-23 18:51:46 - [TEST_STEP][PASSED] - symbol = symbol: null

2019-08-23 18:51:46 - [TEST_STEP][PASSED] - println(symbol): null

2019-08-23 18:51:46 - [TEST_STEP][PASSED] - if (i == 2 &amp;&amp; wildList.indexOf(symbol) != -1): null

2019-08-23 18:51:46 - [TEST_STEP][PASSED] - if (i == 3 &amp;&amp; wildList.indexOf(symbol) != -1): null

2019-08-23 18:51:46 - [TEST_STEP][PASSED] - if (i == 4 &amp;&amp; wildList.indexOf(symbol) != -1): null

2019-08-23 18:51:46 - [TEST_STEP][PASSED] - symbol = symbol: null

2019-08-23 18:51:46 - [TEST_STEP][PASSED] - println(symbol): null

2019-08-23 18:51:46 - [TEST_STEP][PASSED] - if (i == 2 &amp;&amp; wildList.indexOf(symbol) != -1): null

2019-08-23 18:51:46 - [TEST_STEP][PASSED] - if (i == 3 &amp;&amp; wildList.indexOf(symbol) != -1): null

2019-08-23 18:51:46 - [TEST_STEP][PASSED] - if (i == 4 &amp;&amp; wildList.indexOf(symbol) != -1): null

2019-08-23 18:51:46 - [TEST_STEP][PASSED] - symbol = symbol: null

2019-08-23 18:51:46 - [TEST_STEP][PASSED] - println(symbol): null

2019-08-23 18:51:46 - [TEST_STEP][PASSED] - if (i == 2 &amp;&amp; wildList.indexOf(symbol) != -1): null

2019-08-23 18:51:46 - [TEST_STEP][PASSED] - if (i == 3 &amp;&amp; wildList.indexOf(symbol) != -1): null

2019-08-23 18:51:46 - [TEST_STEP][PASSED] - if (i == 4 &amp;&amp; wildList.indexOf(symbol) != -1): null

2019-08-23 18:51:46 - [TEST_STEP][PASSED] - free_spin_reel_counter = free_spin_reel_counter: null

2019-08-23 18:51:46 - [TEST_STEP][PASSED] - println("reel 3 wild found: " + free_spin_reel_counter[0]): null

2019-08-23 18:51:46 - [TEST_STEP][PASSED] - println("reel 4 wild found: " + free_spin_reel_counter[1]): null

2019-08-23 18:51:46 - [TEST_STEP][PASSED] - println("reel 5 wild found: " + free_spin_reel_counter[2]): null

2019-08-23 18:51:46 - [TEST_STEP][PASSED] - M4_spin_reels = M4_spin_reels: null

2019-08-23 18:51:46 - [TEST_STEP][PASSED] - M4_spin_reels_symbols = symbol: null

2019-08-23 18:51:46 - [TEST_STEP][PASSED] - M4_spin_reels_symbols = M4_spin_reels_symbols: null

2019-08-23 18:51:46 - [TEST_STEP][PASSED] - M4_spin_reel_wins = reel_wins: null

2019-08-23 18:51:46 - [TEST_STEP][PASSED] - M4_spin_reel_wins = M4_spin_reel_wins: null

2019-08-23 18:51:46 - [TEST_STEP][PASSED] - println("GlobalVariable.M4_spin_reel_wins is: " + M4_spin_reel_wins): null

2019-08-23 18:51:46 - [TEST_STEP][PASSED] - M4_spin_total_bonus_win_this_round = total_bonus_win_this_round: null

2019-08-23 18:51:46 - [TEST_STEP][PASSED] - M4_spin_total_bonus_win_this_round = M4_spin_total_bonus_win_this_round: null

2019-08-23 18:51:46 - [TEST_STEP][PASSED] - println("GlobalVariable.M4_spin_total_bonus_win_this_round is: " + M4_spin_total_bonus_win_this_round): null

2019-08-23 18:51:46 - [TEST_STEP][PASSED] - M4_spin_bonus_spin_result = spin_result: null

2019-08-23 18:51:46 - [TEST_STEP][PASSED] - M4_spin_bonus_spin_result = M4_spin_bonus_spin_result: null

2019-08-23 18:51:46 - [MESSAGE][PASSED] - Verify response successfully

2019-08-23 18:51:46 - [MESSAGE][PASSED] - Send request and verify the response successfully

2019-08-23 18:51:46 - [TEST_STEP][PASSED] - if (free_spin_reel_counter[0] &gt;= 1 &amp;&amp; free_spin_reel_counter[1] &gt;= 1 &amp;&amp; free_spin_reel_counter[2] &gt;= 1): null

2019-08-23 18:51:46 - [TEST_STEP][PASSED] - spin_result = sendRequestAndVerify(findTestObject("INT/RGS(M4)/1_M4_spin", ["M4_login_user_id":M4_login_user_id, "rgs_session_token":rgs_session_token, "partner":Partner])): Send request and verify the response successfully

2019-08-23 18:51:46 - [MESSAGE][INFO] - HAR: /Users/eiralee/Katalon_Script/SuperWild/Reports/20190823_184757/INT/superWild_1/20190823_184757/requests/main/37.har

2019-08-23 18:51:47 - [TEST_CASE][PASSED] - Start Test Case : Verification: Verification accomplished successfully

2019-08-23 18:51:47 - [TEST_STEP][PASSED] - request = getInstance().getCurrentRequest(): null

2019-08-23 18:51:47 - [TEST_STEP][PASSED] - response = getInstance().getCurrentResponse(): null

2019-08-23 18:51:47 - [TEST_STEP][PASSED] - verifyResponseStatusCode(response, 200): Verify response status code successfully

2019-08-23 18:51:47 - [MESSAGE][PASSED] - Verify response status code successfully

2019-08-23 18:51:47 - [TEST_STEP][PASSED] - getStatusCode()).isEqualTo(200): null

2019-08-23 18:51:47 - [TEST_STEP][PASSED] - newline = System.getProperty("line.separator"): null

2019-08-23 18:51:47 - [TEST_STEP][PASSED] - M4_spin = new groovy.json.JsonSlurper(): null

2019-08-23 18:51:47 - [TEST_STEP][PASSED] - result_M4_spin = M4_spin.parseText(response.getResponseBodyContent()): null

2019-08-23 18:51:47 - [TEST_STEP][PASSED] - M4_spin_current_balance = current_balance: null

2019-08-23 18:51:47 - [TEST_STEP][PASSED] - M4_spin_current_balance = M4_spin_current_balance: null

2019-08-23 18:51:47 - [TEST_STEP][PASSED] - M4_spin_transaction_id = causality: null

2019-08-23 18:51:47 - [TEST_STEP][PASSED] - M4_spin_transaction_id = M4_spin_transaction_id: null

2019-08-23 18:51:47 - [TEST_STEP][PASSED] - M4_spin_round_id = round_id: null

2019-08-23 18:51:47 - [TEST_STEP][PASSED] - M4_spin_round_id = M4_spin_round_id: null

2019-08-23 18:51:47 - [TEST_STEP][PASSED] - M4_spin_line_wins = line_wins: null

2019-08-23 18:51:47 - [TEST_STEP][PASSED] - M4_spin_line_wins = M4_spin_line_wins: null

2019-08-23 18:51:47 - [TEST_STEP][PASSED] - M4_total_bonus_spins_int = total_bonus_spins: null

2019-08-23 18:51:47 - [TEST_STEP][PASSED] - println("******M4_total_bonus_spins type is:*******" + newline + getClass().getName()): null

2019-08-23 18:51:47 - [TEST_STEP][PASSED] - M4_total_bonus_spins_int = M4_total_bonus_spins_int: null

2019-08-23 18:51:47 - [TEST_STEP][PASSED] - M4_total_bonus_spins = Integer.toString(M4_total_bonus_spins_int): null

2019-08-23 18:51:47 - [TEST_STEP][PASSED] - M4_total_bonus_spins = M4_total_bonus_spins: null

2019-08-23 18:51:47 - [TEST_STEP][PASSED] - println("M4_total_bonus_spins is:" + M4_total_bonus_spins): null

2019-08-23 18:51:47 - [TEST_STEP][PASSED] - M4_spin_bonus_data = bonus_data: null

2019-08-23 18:51:47 - [TEST_STEP][PASSED] - M4_spin_features_triggered = result_M4_spin: null

2019-08-23 18:51:47 - [TEST_STEP][PASSED] - wild = []: null

2019-08-23 18:51:47 - [TEST_STEP][PASSED] - wild[0] = "WILD_Expanding": null

2019-08-23 18:51:47 - [TEST_STEP][PASSED] - wild[1] = "WILD_Normal": null

2019-08-23 18:51:47 - [TEST_STEP][PASSED] - wild[2] = "WILD_Double": null

2019-08-23 18:51:47 - [TEST_STEP][PASSED] - wild[3] = "WILD_ExtraFG": null

2019-08-23 18:51:47 - [TEST_STEP][PASSED] - wild[4] = "WILD_Triple": null

2019-08-23 18:51:47 - [TEST_STEP][PASSED] - wildList = Arrays.asList(wild): null

2019-08-23 18:51:47 - [TEST_STEP][PASSED] - wildList = wildList: null

2019-08-23 18:51:47 - [TEST_STEP][PASSED] - free_spin_reel_counter = []: null

2019-08-23 18:51:47 - [TEST_STEP][PASSED] - free_spin_reel_counter[0] = 0: null

2019-08-23 18:51:47 - [TEST_STEP][PASSED] - free_spin_reel_counter[1] = 0: null

2019-08-23 18:51:47 - [TEST_STEP][PASSED] - free_spin_reel_counter[2] = 0: null

2019-08-23 18:51:47 - [TEST_STEP][PASSED] - M4_spin_reels = reels: null

2019-08-23 18:51:47 - [TEST_STEP][PASSED] - for ([i = 0, i &lt; M4_spin_reels.size(), (i++)]): null

2019-08-23 18:51:47 - [TEST_STEP][PASSED] - symbols = symbols: null

2019-08-23 18:51:47 - [TEST_STEP][PASSED] - for ([j = 0, j &lt; symbols.size(), (j++)]): null

2019-08-23 18:51:47 - [TEST_STEP][PASSED] - symbol = symbol: null

2019-08-23 18:51:47 - [TEST_STEP][PASSED] - println(symbol): null

2019-08-23 18:51:47 - [TEST_STEP][PASSED] - if (i == 2 &amp;&amp; wildList.indexOf(symbol) != -1): null

2019-08-23 18:51:47 - [TEST_STEP][PASSED] - if (i == 3 &amp;&amp; wildList.indexOf(symbol) != -1): null

2019-08-23 18:51:47 - [TEST_STEP][PASSED] - if (i == 4 &amp;&amp; wildList.indexOf(symbol) != -1): null

2019-08-23 18:51:47 - [TEST_STEP][PASSED] - symbol = symbol: null

2019-08-23 18:51:47 - [TEST_STEP][PASSED] - println(symbol): null

2019-08-23 18:51:47 - [TEST_STEP][PASSED] - if (i == 2 &amp;&amp; wildList.indexOf(symbol) != -1): null

2019-08-23 18:51:47 - [TEST_STEP][PASSED] - if (i == 3 &amp;&amp; wildList.indexOf(symbol) != -1): null

2019-08-23 18:51:47 - [TEST_STEP][PASSED] - if (i == 4 &amp;&amp; wildList.indexOf(symbol) != -1): null

2019-08-23 18:51:47 - [TEST_STEP][PASSED] - symbol = symbol: null

2019-08-23 18:51:47 - [TEST_STEP][PASSED] - println(symbol): null

2019-08-23 18:51:47 - [TEST_STEP][PASSED] - if (i == 2 &amp;&amp; wildList.indexOf(symbol) != -1): null

2019-08-23 18:51:47 - [TEST_STEP][PASSED] - if (i == 3 &amp;&amp; wildList.indexOf(symbol) != -1): null

2019-08-23 18:51:47 - [TEST_STEP][PASSED] - if (i == 4 &amp;&amp; wildList.indexOf(symbol) != -1): null

2019-08-23 18:51:47 - [TEST_STEP][PASSED] - symbols = symbols: null

2019-08-23 18:51:47 - [TEST_STEP][PASSED] - for ([j = 0, j &lt; symbols.size(), (j++)]): null

2019-08-23 18:51:47 - [TEST_STEP][PASSED] - symbol = symbol: null

2019-08-23 18:51:47 - [TEST_STEP][PASSED] - println(symbol): null

2019-08-23 18:51:47 - [TEST_STEP][PASSED] - if (i == 2 &amp;&amp; wildList.indexOf(symbol) != -1): null

2019-08-23 18:51:47 - [TEST_STEP][PASSED] - if (i == 3 &amp;&amp; wildList.indexOf(symbol) != -1): null

2019-08-23 18:51:47 - [TEST_STEP][PASSED] - if (i == 4 &amp;&amp; wildList.indexOf(symbol) != -1): null

2019-08-23 18:51:47 - [TEST_STEP][PASSED] - symbol = symbol: null

2019-08-23 18:51:47 - [TEST_STEP][PASSED] - println(symbol): null

2019-08-23 18:51:47 - [TEST_STEP][PASSED] - if (i == 2 &amp;&amp; wildList.indexOf(symbol) != -1): null

2019-08-23 18:51:47 - [TEST_STEP][PASSED] - if (i == 3 &amp;&amp; wildList.indexOf(symbol) != -1): null

2019-08-23 18:51:47 - [TEST_STEP][PASSED] - if (i == 4 &amp;&amp; wildList.indexOf(symbol) != -1): null

2019-08-23 18:51:47 - [TEST_STEP][PASSED] - symbol = symbol: null

2019-08-23 18:51:47 - [TEST_STEP][PASSED] - println(symbol): null

2019-08-23 18:51:47 - [TEST_STEP][PASSED] - if (i == 2 &amp;&amp; wildList.indexOf(symbol) != -1): null

2019-08-23 18:51:47 - [TEST_STEP][PASSED] - if (i == 3 &amp;&amp; wildList.indexOf(symbol) != -1): null

2019-08-23 18:51:47 - [TEST_STEP][PASSED] - if (i == 4 &amp;&amp; wildList.indexOf(symbol) != -1): null

2019-08-23 18:51:47 - [TEST_STEP][PASSED] - symbols = symbols: null

2019-08-23 18:51:47 - [TEST_STEP][PASSED] - for ([j = 0, j &lt; symbols.size(), (j++)]): null

2019-08-23 18:51:47 - [TEST_STEP][PASSED] - symbol = symbol: null

2019-08-23 18:51:47 - [TEST_STEP][PASSED] - println(symbol): null

2019-08-23 18:51:47 - [TEST_STEP][PASSED] - if (i == 2 &amp;&amp; wildList.indexOf(symbol) != -1): null

2019-08-23 18:51:47 - [TEST_STEP][PASSED] - if (i == 3 &amp;&amp; wildList.indexOf(symbol) != -1): null

2019-08-23 18:51:47 - [TEST_STEP][PASSED] - if (i == 4 &amp;&amp; wildList.indexOf(symbol) != -1): null

2019-08-23 18:51:47 - [TEST_STEP][PASSED] - symbol = symbol: null

2019-08-23 18:51:47 - [TEST_STEP][PASSED] - println(symbol): null

2019-08-23 18:51:47 - [TEST_STEP][PASSED] - if (i == 2 &amp;&amp; wildList.indexOf(symbol) != -1): null

2019-08-23 18:51:47 - [TEST_STEP][PASSED] - if (i == 3 &amp;&amp; wildList.indexOf(symbol) != -1): null

2019-08-23 18:51:47 - [TEST_STEP][PASSED] - if (i == 4 &amp;&amp; wildList.indexOf(symbol) != -1): null

2019-08-23 18:51:47 - [TEST_STEP][PASSED] - symbol = symbol: null

2019-08-23 18:51:47 - [TEST_STEP][PASSED] - println(symbol): null

2019-08-23 18:51:47 - [TEST_STEP][PASSED] - if (i == 2 &amp;&amp; wildList.indexOf(symbol) != -1): null

2019-08-23 18:51:47 - [TEST_STEP][PASSED] - if (i == 3 &amp;&amp; wildList.indexOf(symbol) != -1): null

2019-08-23 18:51:47 - [TEST_STEP][PASSED] - if (i == 4 &amp;&amp; wildList.indexOf(symbol) != -1): null

2019-08-23 18:51:47 - [TEST_STEP][PASSED] - symbols = symbols: null

2019-08-23 18:51:47 - [TEST_STEP][PASSED] - for ([j = 0, j &lt; symbols.size(), (j++)]): null

2019-08-23 18:51:47 - [TEST_STEP][PASSED] - symbol = symbol: null

2019-08-23 18:51:47 - [TEST_STEP][PASSED] - println(symbol): null

2019-08-23 18:51:47 - [TEST_STEP][PASSED] - if (i == 2 &amp;&amp; wildList.indexOf(symbol) != -1): null

2019-08-23 18:51:47 - [TEST_STEP][PASSED] - if (i == 3 &amp;&amp; wildList.indexOf(symbol) != -1): null

2019-08-23 18:51:47 - [TEST_STEP][PASSED] - if (i == 4 &amp;&amp; wildList.indexOf(symbol) != -1): null

2019-08-23 18:51:47 - [TEST_STEP][PASSED] - symbol = symbol: null

2019-08-23 18:51:47 - [TEST_STEP][PASSED] - println(symbol): null

2019-08-23 18:51:47 - [TEST_STEP][PASSED] - if (i == 2 &amp;&amp; wildList.indexOf(symbol) != -1): null

2019-08-23 18:51:47 - [TEST_STEP][PASSED] - if (i == 3 &amp;&amp; wildList.indexOf(symbol) != -1): null

2019-08-23 18:51:47 - [TEST_STEP][PASSED] - if (i == 4 &amp;&amp; wildList.indexOf(symbol) != -1): null

2019-08-23 18:51:47 - [TEST_STEP][PASSED] - symbol = symbol: null

2019-08-23 18:51:47 - [TEST_STEP][PASSED] - println(symbol): null

2019-08-23 18:51:47 - [TEST_STEP][PASSED] - if (i == 2 &amp;&amp; wildList.indexOf(symbol) != -1): null

2019-08-23 18:51:47 - [TEST_STEP][PASSED] - if (i == 3 &amp;&amp; wildList.indexOf(symbol) != -1): null

2019-08-23 18:51:47 - [TEST_STEP][PASSED] - if (i == 4 &amp;&amp; wildList.indexOf(symbol) != -1): null

2019-08-23 18:51:47 - [TEST_STEP][PASSED] - symbols = symbols: null

2019-08-23 18:51:47 - [TEST_STEP][PASSED] - for ([j = 0, j &lt; symbols.size(), (j++)]): null

2019-08-23 18:51:47 - [TEST_STEP][PASSED] - symbol = symbol: null

2019-08-23 18:51:47 - [TEST_STEP][PASSED] - println(symbol): null

2019-08-23 18:51:47 - [TEST_STEP][PASSED] - if (i == 2 &amp;&amp; wildList.indexOf(symbol) != -1): null

2019-08-23 18:51:47 - [TEST_STEP][PASSED] - if (i == 3 &amp;&amp; wildList.indexOf(symbol) != -1): null

2019-08-23 18:51:47 - [TEST_STEP][PASSED] - if (i == 4 &amp;&amp; wildList.indexOf(symbol) != -1): null

2019-08-23 18:51:47 - [TEST_STEP][PASSED] - symbol = symbol: null

2019-08-23 18:51:47 - [TEST_STEP][PASSED] - println(symbol): null

2019-08-23 18:51:47 - [TEST_STEP][PASSED] - if (i == 2 &amp;&amp; wildList.indexOf(symbol) != -1): null

2019-08-23 18:51:47 - [TEST_STEP][PASSED] - if (i == 3 &amp;&amp; wildList.indexOf(symbol) != -1): null

2019-08-23 18:51:47 - [TEST_STEP][PASSED] - if (i == 4 &amp;&amp; wildList.indexOf(symbol) != -1): null

2019-08-23 18:51:47 - [TEST_STEP][PASSED] - symbol = symbol: null

2019-08-23 18:51:47 - [TEST_STEP][PASSED] - println(symbol): null

2019-08-23 18:51:47 - [TEST_STEP][PASSED] - if (i == 2 &amp;&amp; wildList.indexOf(symbol) != -1): null

2019-08-23 18:51:47 - [TEST_STEP][PASSED] - if (i == 3 &amp;&amp; wildList.indexOf(symbol) != -1): null

2019-08-23 18:51:47 - [TEST_STEP][PASSED] - if (i == 4 &amp;&amp; wildList.indexOf(symbol) != -1): null

2019-08-23 18:51:47 - [TEST_STEP][PASSED] - free_spin_reel_counter = free_spin_reel_counter: null

2019-08-23 18:51:47 - [TEST_STEP][PASSED] - println("reel 3 wild found: " + free_spin_reel_counter[0]): null

2019-08-23 18:51:47 - [TEST_STEP][PASSED] - println("reel 4 wild found: " + free_spin_reel_counter[1]): null

2019-08-23 18:51:47 - [TEST_STEP][PASSED] - println("reel 5 wild found: " + free_spin_reel_counter[2]): null

2019-08-23 18:51:47 - [TEST_STEP][PASSED] - M4_spin_reels = M4_spin_reels: null

2019-08-23 18:51:47 - [TEST_STEP][PASSED] - M4_spin_reels_symbols = symbol: null

2019-08-23 18:51:47 - [TEST_STEP][PASSED] - M4_spin_reels_symbols = M4_spin_reels_symbols: null

2019-08-23 18:51:47 - [TEST_STEP][PASSED] - M4_spin_reel_wins = reel_wins: null

2019-08-23 18:51:47 - [TEST_STEP][PASSED] - M4_spin_reel_wins = M4_spin_reel_wins: null

2019-08-23 18:51:47 - [TEST_STEP][PASSED] - println("GlobalVariable.M4_spin_reel_wins is: " + M4_spin_reel_wins): null

2019-08-23 18:51:47 - [TEST_STEP][PASSED] - M4_spin_total_bonus_win_this_round = total_bonus_win_this_round: null

2019-08-23 18:51:47 - [TEST_STEP][PASSED] - M4_spin_total_bonus_win_this_round = M4_spin_total_bonus_win_this_round: null

2019-08-23 18:51:47 - [TEST_STEP][PASSED] - println("GlobalVariable.M4_spin_total_bonus_win_this_round is: " + M4_spin_total_bonus_win_this_round): null

2019-08-23 18:51:47 - [TEST_STEP][PASSED] - M4_spin_bonus_spin_result = spin_result: null

2019-08-23 18:51:47 - [TEST_STEP][PASSED] - M4_spin_bonus_spin_result = M4_spin_bonus_spin_result: null

2019-08-23 18:51:47 - [MESSAGE][PASSED] - Verify response successfully

2019-08-23 18:51:47 - [MESSAGE][PASSED] - Send request and verify the response successfully

2019-08-23 18:51:47 - [TEST_STEP][PASSED] - if (free_spin_reel_counter[0] &gt;= 1 &amp;&amp; free_spin_reel_counter[1] &gt;= 1 &amp;&amp; free_spin_reel_counter[2] &gt;= 1): null

2019-08-23 18:51:47 - [TEST_STEP][PASSED] - spin_result = sendRequestAndVerify(findTestObject("INT/RGS(M4)/1_M4_spin", ["M4_login_user_id":M4_login_user_id, "rgs_session_token":rgs_session_token, "partner":Partner])): Send request and verify the response successfully

2019-08-23 18:51:47 - [MESSAGE][INFO] - HAR: /Users/eiralee/Katalon_Script/SuperWild/Reports/20190823_184757/INT/superWild_1/20190823_184757/requests/main/38.har

2019-08-23 18:51:47 - [TEST_CASE][PASSED] - Start Test Case : Verification: Verification accomplished successfully

2019-08-23 18:51:47 - [TEST_STEP][PASSED] - request = getInstance().getCurrentRequest(): null

2019-08-23 18:51:47 - [TEST_STEP][PASSED] - response = getInstance().getCurrentResponse(): null

2019-08-23 18:51:47 - [TEST_STEP][PASSED] - verifyResponseStatusCode(response, 200): Verify response status code successfully

2019-08-23 18:51:47 - [MESSAGE][PASSED] - Verify response status code successfully

2019-08-23 18:51:47 - [TEST_STEP][PASSED] - getStatusCode()).isEqualTo(200): null

2019-08-23 18:51:47 - [TEST_STEP][PASSED] - newline = System.getProperty("line.separator"): null

2019-08-23 18:51:47 - [TEST_STEP][PASSED] - M4_spin = new groovy.json.JsonSlurper(): null

2019-08-23 18:51:47 - [TEST_STEP][PASSED] - result_M4_spin = M4_spin.parseText(response.getResponseBodyContent()): null

2019-08-23 18:51:47 - [TEST_STEP][PASSED] - M4_spin_current_balance = current_balance: null

2019-08-23 18:51:47 - [TEST_STEP][PASSED] - M4_spin_current_balance = M4_spin_current_balance: null

2019-08-23 18:51:47 - [TEST_STEP][PASSED] - M4_spin_transaction_id = causality: null

2019-08-23 18:51:47 - [TEST_STEP][PASSED] - M4_spin_transaction_id = M4_spin_transaction_id: null

2019-08-23 18:51:47 - [TEST_STEP][PASSED] - M4_spin_round_id = round_id: null

2019-08-23 18:51:47 - [TEST_STEP][PASSED] - M4_spin_round_id = M4_spin_round_id: null

2019-08-23 18:51:47 - [TEST_STEP][PASSED] - M4_spin_line_wins = line_wins: null

2019-08-23 18:51:47 - [TEST_STEP][PASSED] - M4_spin_line_wins = M4_spin_line_wins: null

2019-08-23 18:51:47 - [TEST_STEP][PASSED] - M4_total_bonus_spins_int = total_bonus_spins: null

2019-08-23 18:51:47 - [TEST_STEP][PASSED] - println("******M4_total_bonus_spins type is:*******" + newline + getClass().getName()): null

2019-08-23 18:51:47 - [TEST_STEP][PASSED] - M4_total_bonus_spins_int = M4_total_bonus_spins_int: null

2019-08-23 18:51:47 - [TEST_STEP][PASSED] - M4_total_bonus_spins = Integer.toString(M4_total_bonus_spins_int): null

2019-08-23 18:51:47 - [TEST_STEP][PASSED] - M4_total_bonus_spins = M4_total_bonus_spins: null

2019-08-23 18:51:47 - [TEST_STEP][PASSED] - println("M4_total_bonus_spins is:" + M4_total_bonus_spins): null

2019-08-23 18:51:47 - [TEST_STEP][PASSED] - M4_spin_bonus_data = bonus_data: null

2019-08-23 18:51:47 - [TEST_STEP][PASSED] - M4_spin_features_triggered = result_M4_spin: null

2019-08-23 18:51:47 - [TEST_STEP][PASSED] - wild = []: null

2019-08-23 18:51:47 - [TEST_STEP][PASSED] - wild[0] = "WILD_Expanding": null

2019-08-23 18:51:47 - [TEST_STEP][PASSED] - wild[1] = "WILD_Normal": null

2019-08-23 18:51:47 - [TEST_STEP][PASSED] - wild[2] = "WILD_Double": null

2019-08-23 18:51:47 - [TEST_STEP][PASSED] - wild[3] = "WILD_ExtraFG": null

2019-08-23 18:51:47 - [TEST_STEP][PASSED] - wild[4] = "WILD_Triple": null

2019-08-23 18:51:47 - [TEST_STEP][PASSED] - wildList = Arrays.asList(wild): null

2019-08-23 18:51:47 - [TEST_STEP][PASSED] - wildList = wildList: null

2019-08-23 18:51:47 - [TEST_STEP][PASSED] - free_spin_reel_counter = []: null

2019-08-23 18:51:47 - [TEST_STEP][PASSED] - free_spin_reel_counter[0] = 0: null

2019-08-23 18:51:47 - [TEST_STEP][PASSED] - free_spin_reel_counter[1] = 0: null

2019-08-23 18:51:47 - [TEST_STEP][PASSED] - free_spin_reel_counter[2] = 0: null

2019-08-23 18:51:47 - [TEST_STEP][PASSED] - M4_spin_reels = reels: null

2019-08-23 18:51:47 - [TEST_STEP][PASSED] - for ([i = 0, i &lt; M4_spin_reels.size(), (i++)]): null

2019-08-23 18:51:47 - [TEST_STEP][PASSED] - symbols = symbols: null

2019-08-23 18:51:47 - [TEST_STEP][PASSED] - for ([j = 0, j &lt; symbols.size(), (j++)]): null

2019-08-23 18:51:47 - [TEST_STEP][PASSED] - symbol = symbol: null

2019-08-23 18:51:47 - [TEST_STEP][PASSED] - println(symbol): null

2019-08-23 18:51:47 - [TEST_STEP][PASSED] - if (i == 2 &amp;&amp; wildList.indexOf(symbol) != -1): null

2019-08-23 18:51:47 - [TEST_STEP][PASSED] - if (i == 3 &amp;&amp; wildList.indexOf(symbol) != -1): null

2019-08-23 18:51:47 - [TEST_STEP][PASSED] - if (i == 4 &amp;&amp; wildList.indexOf(symbol) != -1): null

2019-08-23 18:51:47 - [TEST_STEP][PASSED] - symbol = symbol: null

2019-08-23 18:51:47 - [TEST_STEP][PASSED] - println(symbol): null

2019-08-23 18:51:47 - [TEST_STEP][PASSED] - if (i == 2 &amp;&amp; wildList.indexOf(symbol) != -1): null

2019-08-23 18:51:47 - [TEST_STEP][PASSED] - if (i == 3 &amp;&amp; wildList.indexOf(symbol) != -1): null

2019-08-23 18:51:47 - [TEST_STEP][PASSED] - if (i == 4 &amp;&amp; wildList.indexOf(symbol) != -1): null

2019-08-23 18:51:47 - [TEST_STEP][PASSED] - symbol = symbol: null

2019-08-23 18:51:47 - [TEST_STEP][PASSED] - println(symbol): null

2019-08-23 18:51:47 - [TEST_STEP][PASSED] - if (i == 2 &amp;&amp; wildList.indexOf(symbol) != -1): null

2019-08-23 18:51:47 - [TEST_STEP][PASSED] - if (i == 3 &amp;&amp; wildList.indexOf(symbol) != -1): null

2019-08-23 18:51:47 - [TEST_STEP][PASSED] - if (i == 4 &amp;&amp; wildList.indexOf(symbol) != -1): null

2019-08-23 18:51:47 - [TEST_STEP][PASSED] - symbols = symbols: null

2019-08-23 18:51:47 - [TEST_STEP][PASSED] - for ([j = 0, j &lt; symbols.size(), (j++)]): null

2019-08-23 18:51:47 - [TEST_STEP][PASSED] - symbol = symbol: null

2019-08-23 18:51:47 - [TEST_STEP][PASSED] - println(symbol): null

2019-08-23 18:51:47 - [TEST_STEP][PASSED] - if (i == 2 &amp;&amp; wildList.indexOf(symbol) != -1): null

2019-08-23 18:51:47 - [TEST_STEP][PASSED] - if (i == 3 &amp;&amp; wildList.indexOf(symbol) != -1): null

2019-08-23 18:51:47 - [TEST_STEP][PASSED] - if (i == 4 &amp;&amp; wildList.indexOf(symbol) != -1): null

2019-08-23 18:51:47 - [TEST_STEP][PASSED] - symbol = symbol: null

2019-08-23 18:51:47 - [TEST_STEP][PASSED] - println(symbol): null

2019-08-23 18:51:49 - [TEST_STEP][PASSED] - if (i == 2 &amp;&amp; wildList.indexOf(symbol) != -1): null

2019-08-23 18:51:49 - [TEST_STEP][PASSED] - if (i == 3 &amp;&amp; wildList.indexOf(symbol) != -1): null

2019-08-23 18:51:49 - [TEST_STEP][PASSED] - if (i == 4 &amp;&amp; wildList.indexOf(symbol) != -1): null

2019-08-23 18:51:49 - [TEST_STEP][PASSED] - symbol = symbol: null

2019-08-23 18:51:49 - [TEST_STEP][PASSED] - println(symbol): null

2019-08-23 18:51:49 - [TEST_STEP][PASSED] - if (i == 2 &amp;&amp; wildList.indexOf(symbol) != -1): null

2019-08-23 18:51:49 - [TEST_STEP][PASSED] - if (i == 3 &amp;&amp; wildList.indexOf(symbol) != -1): null

2019-08-23 18:51:49 - [TEST_STEP][PASSED] - if (i == 4 &amp;&amp; wildList.indexOf(symbol) != -1): null

2019-08-23 18:51:49 - [TEST_STEP][PASSED] - symbols = symbols: null

2019-08-23 18:51:49 - [TEST_STEP][PASSED] - for ([j = 0, j &lt; symbols.size(), (j++)]): null

2019-08-23 18:51:49 - [TEST_STEP][PASSED] - symbol = symbol: null

2019-08-23 18:51:49 - [TEST_STEP][PASSED] - println(symbol): null

2019-08-23 18:51:49 - [TEST_STEP][PASSED] - if (i == 2 &amp;&amp; wildList.indexOf(symbol) != -1): null

2019-08-23 18:51:49 - [TEST_STEP][PASSED] - if (i == 3 &amp;&amp; wildList.indexOf(symbol) != -1): null

2019-08-23 18:51:49 - [TEST_STEP][PASSED] - if (i == 4 &amp;&amp; wildList.indexOf(symbol) != -1): null

2019-08-23 18:51:49 - [TEST_STEP][PASSED] - symbol = symbol: null

2019-08-23 18:51:49 - [TEST_STEP][PASSED] - println(symbol): null

2019-08-23 18:51:49 - [TEST_STEP][PASSED] - if (i == 2 &amp;&amp; wildList.indexOf(symbol) != -1): null

2019-08-23 18:51:49 - [TEST_STEP][PASSED] - if (i == 3 &amp;&amp; wildList.indexOf(symbol) != -1): null

2019-08-23 18:51:49 - [TEST_STEP][PASSED] - if (i == 4 &amp;&amp; wildList.indexOf(symbol) != -1): null

2019-08-23 18:51:49 - [TEST_STEP][PASSED] - symbol = symbol: null

2019-08-23 18:51:49 - [TEST_STEP][PASSED] - println(symbol): null

2019-08-23 18:51:49 - [TEST_STEP][PASSED] - if (i == 2 &amp;&amp; wildList.indexOf(symbol) != -1): null

2019-08-23 18:51:49 - [TEST_STEP][PASSED] - if (i == 3 &amp;&amp; wildList.indexOf(symbol) != -1): null

2019-08-23 18:51:49 - [TEST_STEP][PASSED] - if (i == 4 &amp;&amp; wildList.indexOf(symbol) != -1): null

2019-08-23 18:51:49 - [TEST_STEP][PASSED] - symbols = symbols: null

2019-08-23 18:51:49 - [TEST_STEP][PASSED] - for ([j = 0, j &lt; symbols.size(), (j++)]): null

2019-08-23 18:51:49 - [TEST_STEP][PASSED] - symbol = symbol: null

2019-08-23 18:51:49 - [TEST_STEP][PASSED] - println(symbol): null

2019-08-23 18:51:49 - [TEST_STEP][PASSED] - if (i == 2 &amp;&amp; wildList.indexOf(symbol) != -1): null

2019-08-23 18:51:49 - [TEST_STEP][PASSED] - if (i == 3 &amp;&amp; wildList.indexOf(symbol) != -1): null

2019-08-23 18:51:49 - [TEST_STEP][PASSED] - if (i == 4 &amp;&amp; wildList.indexOf(symbol) != -1): null

2019-08-23 18:51:49 - [TEST_STEP][PASSED] - symbol = symbol: null

2019-08-23 18:51:49 - [TEST_STEP][PASSED] - println(symbol): null

2019-08-23 18:51:49 - [TEST_STEP][PASSED] - if (i == 2 &amp;&amp; wildList.indexOf(symbol) != -1): null

2019-08-23 18:51:49 - [TEST_STEP][PASSED] - if (i == 3 &amp;&amp; wildList.indexOf(symbol) != -1): null

2019-08-23 18:51:49 - [TEST_STEP][PASSED] - if (i == 4 &amp;&amp; wildList.indexOf(symbol) != -1): null

2019-08-23 18:51:49 - [TEST_STEP][PASSED] - symbol = symbol: null

2019-08-23 18:51:49 - [TEST_STEP][PASSED] - println(symbol): null

2019-08-23 18:51:49 - [TEST_STEP][PASSED] - if (i == 2 &amp;&amp; wildList.indexOf(symbol) != -1): null

2019-08-23 18:51:49 - [TEST_STEP][PASSED] - if (i == 3 &amp;&amp; wildList.indexOf(symbol) != -1): null

2019-08-23 18:51:49 - [TEST_STEP][PASSED] - if (i == 4 &amp;&amp; wildList.indexOf(symbol) != -1): null

2019-08-23 18:51:49 - [TEST_STEP][PASSED] - symbols = symbols: null

2019-08-23 18:51:49 - [TEST_STEP][PASSED] - for ([j = 0, j &lt; symbols.size(), (j++)]): null

2019-08-23 18:51:49 - [TEST_STEP][PASSED] - symbol = symbol: null

2019-08-23 18:51:49 - [TEST_STEP][PASSED] - println(symbol): null

2019-08-23 18:51:49 - [TEST_STEP][PASSED] - if (i == 2 &amp;&amp; wildList.indexOf(symbol) != -1): null

2019-08-23 18:51:49 - [TEST_STEP][PASSED] - if (i == 3 &amp;&amp; wildList.indexOf(symbol) != -1): null

2019-08-23 18:51:49 - [TEST_STEP][PASSED] - if (i == 4 &amp;&amp; wildList.indexOf(symbol) != -1): null

2019-08-23 18:51:49 - [TEST_STEP][PASSED] - symbol = symbol: null

2019-08-23 18:51:49 - [TEST_STEP][PASSED] - println(symbol): null

2019-08-23 18:51:49 - [TEST_STEP][PASSED] - if (i == 2 &amp;&amp; wildList.indexOf(symbol) != -1): null

2019-08-23 18:51:49 - [TEST_STEP][PASSED] - if (i == 3 &amp;&amp; wildList.indexOf(symbol) != -1): null

2019-08-23 18:51:49 - [TEST_STEP][PASSED] - if (i == 4 &amp;&amp; wildList.indexOf(symbol) != -1): null

2019-08-23 18:51:49 - [TEST_STEP][PASSED] - symbol = symbol: null

2019-08-23 18:51:49 - [TEST_STEP][PASSED] - println(symbol): null

2019-08-23 18:51:49 - [TEST_STEP][PASSED] - if (i == 2 &amp;&amp; wildList.indexOf(symbol) != -1): null

2019-08-23 18:51:49 - [TEST_STEP][PASSED] - if (i == 3 &amp;&amp; wildList.indexOf(symbol) != -1): null

2019-08-23 18:51:49 - [TEST_STEP][PASSED] - if (i == 4 &amp;&amp; wildList.indexOf(symbol) != -1): null

2019-08-23 18:51:49 - [TEST_STEP][PASSED] - free_spin_reel_counter = free_spin_reel_counter: null

2019-08-23 18:51:49 - [TEST_STEP][PASSED] - println("reel 3 wild found: " + free_spin_reel_counter[0]): null

2019-08-23 18:51:49 - [TEST_STEP][PASSED] - println("reel 4 wild found: " + free_spin_reel_counter[1]): null

2019-08-23 18:51:49 - [TEST_STEP][PASSED] - println("reel 5 wild found: " + free_spin_reel_counter[2]): null

2019-08-23 18:51:49 - [TEST_STEP][PASSED] - M4_spin_reels = M4_spin_reels: null

2019-08-23 18:51:49 - [TEST_STEP][PASSED] - M4_spin_reels_symbols = symbol: null

2019-08-23 18:51:49 - [TEST_STEP][PASSED] - M4_spin_reels_symbols = M4_spin_reels_symbols: null

2019-08-23 18:51:49 - [TEST_STEP][PASSED] - M4_spin_reel_wins = reel_wins: null

2019-08-23 18:51:49 - [TEST_STEP][PASSED] - M4_spin_reel_wins = M4_spin_reel_wins: null

2019-08-23 18:51:49 - [TEST_STEP][PASSED] - println("GlobalVariable.M4_spin_reel_wins is: " + M4_spin_reel_wins): null

2019-08-23 18:51:49 - [TEST_STEP][PASSED] - M4_spin_total_bonus_win_this_round = total_bonus_win_this_round: null

2019-08-23 18:51:49 - [TEST_STEP][PASSED] - M4_spin_total_bonus_win_this_round = M4_spin_total_bonus_win_this_round: null

2019-08-23 18:51:49 - [TEST_STEP][PASSED] - println("GlobalVariable.M4_spin_total_bonus_win_this_round is: " + M4_spin_total_bonus_win_this_round): null

2019-08-23 18:51:49 - [TEST_STEP][PASSED] - M4_spin_bonus_spin_result = spin_result: null

2019-08-23 18:51:49 - [TEST_STEP][PASSED] - M4_spin_bonus_spin_result = M4_spin_bonus_spin_result: null

2019-08-23 18:51:49 - [MESSAGE][PASSED] - Verify response successfully

2019-08-23 18:51:49 - [MESSAGE][PASSED] - Send request and verify the response successfully

2019-08-23 18:51:49 - [TEST_STEP][PASSED] - if (free_spin_reel_counter[0] &gt;= 1 &amp;&amp; free_spin_reel_counter[1] &gt;= 1 &amp;&amp; free_spin_reel_counter[2] &gt;= 1): null

2019-08-23 18:51:49 - [TEST_STEP][PASSED] - spin_result = sendRequestAndVerify(findTestObject("INT/RGS(M4)/1_M4_spin", ["M4_login_user_id":M4_login_user_id, "rgs_session_token":rgs_session_token, "partner":Partner])): Send request and verify the response successfully

2019-08-23 18:51:49 - [MESSAGE][INFO] - HAR: /Users/eiralee/Katalon_Script/SuperWild/Reports/20190823_184757/INT/superWild_1/20190823_184757/requests/main/39.har

2019-08-23 18:51:49 - [TEST_CASE][PASSED] - Start Test Case : Verification: Verification accomplished successfully

2019-08-23 18:51:49 - [TEST_STEP][PASSED] - request = getInstance().getCurrentRequest(): null

2019-08-23 18:51:49 - [TEST_STEP][PASSED] - response = getInstance().getCurrentResponse(): null

2019-08-23 18:51:49 - [TEST_STEP][PASSED] - verifyResponseStatusCode(response, 200): Verify response status code successfully

2019-08-23 18:51:49 - [MESSAGE][PASSED] - Verify response status code successfully

2019-08-23 18:51:49 - [TEST_STEP][PASSED] - getStatusCode()).isEqualTo(200): null

2019-08-23 18:51:49 - [TEST_STEP][PASSED] - newline = System.getProperty("line.separator"): null

2019-08-23 18:51:49 - [TEST_STEP][PASSED] - M4_spin = new groovy.json.JsonSlurper(): null

2019-08-23 18:51:49 - [TEST_STEP][PASSED] - result_M4_spin = M4_spin.parseText(response.getResponseBodyContent()): null

2019-08-23 18:51:49 - [TEST_STEP][PASSED] - M4_spin_current_balance = current_balance: null

2019-08-23 18:51:49 - [TEST_STEP][PASSED] - M4_spin_current_balance = M4_spin_current_balance: null

2019-08-23 18:51:49 - [TEST_STEP][PASSED] - M4_spin_transaction_id = causality: null

2019-08-23 18:51:49 - [TEST_STEP][PASSED] - M4_spin_transaction_id = M4_spin_transaction_id: null

2019-08-23 18:51:49 - [TEST_STEP][PASSED] - M4_spin_round_id = round_id: null

2019-08-23 18:51:49 - [TEST_STEP][PASSED] - M4_spin_round_id = M4_spin_round_id: null

2019-08-23 18:51:49 - [TEST_STEP][PASSED] - M4_spin_line_wins = line_wins: null

2019-08-23 18:51:49 - [TEST_STEP][PASSED] - M4_spin_line_wins = M4_spin_line_wins: null

2019-08-23 18:51:49 - [TEST_STEP][PASSED] - M4_total_bonus_spins_int = total_bonus_spins: null

2019-08-23 18:51:49 - [TEST_STEP][PASSED] - println("******M4_total_bonus_spins type is:*******" + newline + getClass().getName()): null

2019-08-23 18:51:49 - [TEST_STEP][PASSED] - M4_total_bonus_spins_int = M4_total_bonus_spins_int: null

2019-08-23 18:51:49 - [TEST_STEP][PASSED] - M4_total_bonus_spins = Integer.toString(M4_total_bonus_spins_int): null

2019-08-23 18:51:49 - [TEST_STEP][PASSED] - M4_total_bonus_spins = M4_total_bonus_spins: null

2019-08-23 18:51:49 - [TEST_STEP][PASSED] - println("M4_total_bonus_spins is:" + M4_total_bonus_spins): null

2019-08-23 18:51:49 - [TEST_STEP][PASSED] - M4_spin_bonus_data = bonus_data: null

2019-08-23 18:51:49 - [TEST_STEP][PASSED] - M4_spin_features_triggered = result_M4_spin: null

2019-08-23 18:51:49 - [TEST_STEP][PASSED] - wild = []: null

2019-08-23 18:51:49 - [TEST_STEP][PASSED] - wild[0] = "WILD_Expanding": null

2019-08-23 18:51:49 - [TEST_STEP][PASSED] - wild[1] = "WILD_Normal": null

2019-08-23 18:51:49 - [TEST_STEP][PASSED] - wild[2] = "WILD_Double": null

2019-08-23 18:51:49 - [TEST_STEP][PASSED] - wild[3] = "WILD_ExtraFG": null

2019-08-23 18:51:49 - [TEST_STEP][PASSED] - wild[4] = "WILD_Triple": null

2019-08-23 18:51:49 - [TEST_STEP][PASSED] - wildList = Arrays.asList(wild): null

2019-08-23 18:51:49 - [TEST_STEP][PASSED] - wildList = wildList: null

2019-08-23 18:51:49 - [TEST_STEP][PASSED] - free_spin_reel_counter = []: null

2019-08-23 18:51:49 - [TEST_STEP][PASSED] - free_spin_reel_counter[0] = 0: null

2019-08-23 18:51:49 - [TEST_STEP][PASSED] - free_spin_reel_counter[1] = 0: null

2019-08-23 18:51:49 - [TEST_STEP][PASSED] - free_spin_reel_counter[2] = 0: null

2019-08-23 18:51:49 - [TEST_STEP][PASSED] - M4_spin_reels = reels: null

2019-08-23 18:51:49 - [TEST_STEP][PASSED] - for ([i = 0, i &lt; M4_spin_reels.size(), (i++)]): null

2019-08-23 18:51:49 - [TEST_STEP][PASSED] - symbols = symbols: null

2019-08-23 18:51:49 - [TEST_STEP][PASSED] - for ([j = 0, j &lt; symbols.size(), (j++)]): null

2019-08-23 18:51:49 - [TEST_STEP][PASSED] - symbol = symbol: null

2019-08-23 18:51:49 - [TEST_STEP][PASSED] - println(symbol): null

2019-08-23 18:51:49 - [TEST_STEP][PASSED] - if (i == 2 &amp;&amp; wildList.indexOf(symbol) != -1): null

2019-08-23 18:51:49 - [TEST_STEP][PASSED] - if (i == 3 &amp;&amp; wildList.indexOf(symbol) != -1): null

2019-08-23 18:51:49 - [TEST_STEP][PASSED] - if (i == 4 &amp;&amp; wildList.indexOf(symbol) != -1): null

2019-08-23 18:51:49 - [TEST_STEP][PASSED] - symbol = symbol: null

2019-08-23 18:51:49 - [TEST_STEP][PASSED] - println(symbol): null

2019-08-23 18:51:49 - [TEST_STEP][PASSED] - if (i == 2 &amp;&amp; wildList.indexOf(symbol) != -1): null

2019-08-23 18:51:49 - [TEST_STEP][PASSED] - if (i == 3 &amp;&amp; wildList.indexOf(symbol) != -1): null

2019-08-23 18:51:49 - [TEST_STEP][PASSED] - if (i == 4 &amp;&amp; wildList.indexOf(symbol) != -1): null

2019-08-23 18:51:49 - [TEST_STEP][PASSED] - symbol = symbol: null

2019-08-23 18:51:49 - [TEST_STEP][PASSED] - println(symbol): null

2019-08-23 18:51:49 - [TEST_STEP][PASSED] - if (i == 2 &amp;&amp; wildList.indexOf(symbol) != -1): null

2019-08-23 18:51:49 - [TEST_STEP][PASSED] - if (i == 3 &amp;&amp; wildList.indexOf(symbol) != -1): null

2019-08-23 18:51:49 - [TEST_STEP][PASSED] - if (i == 4 &amp;&amp; wildList.indexOf(symbol) != -1): null

2019-08-23 18:51:49 - [TEST_STEP][PASSED] - symbols = symbols: null

2019-08-23 18:51:49 - [TEST_STEP][PASSED] - for ([j = 0, j &lt; symbols.size(), (j++)]): null

2019-08-23 18:51:49 - [TEST_STEP][PASSED] - symbol = symbol: null

2019-08-23 18:51:49 - [TEST_STEP][PASSED] - println(symbol): null

2019-08-23 18:51:49 - [TEST_STEP][PASSED] - if (i == 2 &amp;&amp; wildList.indexOf(symbol) != -1): null

2019-08-23 18:51:49 - [TEST_STEP][PASSED] - if (i == 3 &amp;&amp; wildList.indexOf(symbol) != -1): null

2019-08-23 18:51:49 - [TEST_STEP][PASSED] - if (i == 4 &amp;&amp; wildList.indexOf(symbol) != -1): null

2019-08-23 18:51:49 - [TEST_STEP][PASSED] - symbol = symbol: null

2019-08-23 18:51:49 - [TEST_STEP][PASSED] - println(symbol): null

2019-08-23 18:51:49 - [TEST_STEP][PASSED] - if (i == 2 &amp;&amp; wildList.indexOf(symbol) != -1): null

2019-08-23 18:51:49 - [TEST_STEP][PASSED] - if (i == 3 &amp;&amp; wildList.indexOf(symbol) != -1): null

2019-08-23 18:51:49 - [TEST_STEP][PASSED] - if (i == 4 &amp;&amp; wildList.indexOf(symbol) != -1): null

2019-08-23 18:51:49 - [TEST_STEP][PASSED] - symbol = symbol: null

2019-08-23 18:51:49 - [TEST_STEP][PASSED] - println(symbol): null

2019-08-23 18:51:49 - [TEST_STEP][PASSED] - if (i == 2 &amp;&amp; wildList.indexOf(symbol) != -1): null

2019-08-23 18:51:49 - [TEST_STEP][PASSED] - if (i == 3 &amp;&amp; wildList.indexOf(symbol) != -1): null

2019-08-23 18:51:49 - [TEST_STEP][PASSED] - if (i == 4 &amp;&amp; wildList.indexOf(symbol) != -1): null

2019-08-23 18:51:49 - [TEST_STEP][PASSED] - symbols = symbols: null

2019-08-23 18:51:49 - [TEST_STEP][PASSED] - for ([j = 0, j &lt; symbols.size(), (j++)]): null

2019-08-23 18:51:49 - [TEST_STEP][PASSED] - symbol = symbol: null

2019-08-23 18:51:49 - [TEST_STEP][PASSED] - println(symbol): null

2019-08-23 18:51:49 - [TEST_STEP][PASSED] - if (i == 2 &amp;&amp; wildList.indexOf(symbol) != -1): null

2019-08-23 18:51:49 - [TEST_STEP][PASSED] - if (i == 3 &amp;&amp; wildList.indexOf(symbol) != -1): null

2019-08-23 18:51:49 - [TEST_STEP][PASSED] - if (i == 4 &amp;&amp; wildList.indexOf(symbol) != -1): null

2019-08-23 18:51:49 - [TEST_STEP][PASSED] - symbol = symbol: null

2019-08-23 18:51:49 - [TEST_STEP][PASSED] - println(symbol): null

2019-08-23 18:51:49 - [TEST_STEP][PASSED] - if (i == 2 &amp;&amp; wildList.indexOf(symbol) != -1): null

2019-08-23 18:51:49 - [TEST_STEP][PASSED] - if (i == 3 &amp;&amp; wildList.indexOf(symbol) != -1): null

2019-08-23 18:51:49 - [TEST_STEP][PASSED] - if (i == 4 &amp;&amp; wildList.indexOf(symbol) != -1): null

2019-08-23 18:51:49 - [TEST_STEP][PASSED] - symbol = symbol: null

2019-08-23 18:51:49 - [TEST_STEP][PASSED] - println(symbol): null

2019-08-23 18:51:49 - [TEST_STEP][PASSED] - if (i == 2 &amp;&amp; wildList.indexOf(symbol) != -1): null

2019-08-23 18:51:49 - [TEST_STEP][PASSED] - if (i == 3 &amp;&amp; wildList.indexOf(symbol) != -1): null

2019-08-23 18:51:49 - [TEST_STEP][PASSED] - if (i == 4 &amp;&amp; wildList.indexOf(symbol) != -1): null

2019-08-23 18:51:49 - [TEST_STEP][PASSED] - symbols = symbols: null

2019-08-23 18:51:49 - [TEST_STEP][PASSED] - for ([j = 0, j &lt; symbols.size(), (j++)]): null

2019-08-23 18:51:49 - [TEST_STEP][PASSED] - symbol = symbol: null

2019-08-23 18:51:49 - [TEST_STEP][PASSED] - println(symbol): null

2019-08-23 18:51:49 - [TEST_STEP][PASSED] - if (i == 2 &amp;&amp; wildList.indexOf(symbol) != -1): null

2019-08-23 18:51:49 - [TEST_STEP][PASSED] - if (i == 3 &amp;&amp; wildList.indexOf(symbol) != -1): null

2019-08-23 18:51:49 - [TEST_STEP][PASSED] - if (i == 4 &amp;&amp; wildList.indexOf(symbol) != -1): null

2019-08-23 18:51:49 - [TEST_STEP][PASSED] - symbol = symbol: null

2019-08-23 18:51:49 - [TEST_STEP][PASSED] - println(symbol): null

2019-08-23 18:51:49 - [TEST_STEP][PASSED] - if (i == 2 &amp;&amp; wildList.indexOf(symbol) != -1): null

2019-08-23 18:51:49 - [TEST_STEP][PASSED] - if (i == 3 &amp;&amp; wildList.indexOf(symbol) != -1): null

2019-08-23 18:51:49 - [TEST_STEP][PASSED] - if (i == 4 &amp;&amp; wildList.indexOf(symbol) != -1): null

2019-08-23 18:51:49 - [TEST_STEP][PASSED] - symbol = symbol: null

2019-08-23 18:51:49 - [TEST_STEP][PASSED] - println(symbol): null

2019-08-23 18:51:49 - [TEST_STEP][PASSED] - if (i == 2 &amp;&amp; wildList.indexOf(symbol) != -1): null

2019-08-23 18:51:49 - [TEST_STEP][PASSED] - if (i == 3 &amp;&amp; wildList.indexOf(symbol) != -1): null

2019-08-23 18:51:49 - [TEST_STEP][PASSED] - if (i == 4 &amp;&amp; wildList.indexOf(symbol) != -1): null

2019-08-23 18:51:49 - [TEST_STEP][PASSED] - symbols = symbols: null

2019-08-23 18:51:49 - [TEST_STEP][PASSED] - for ([j = 0, j &lt; symbols.size(), (j++)]): null

2019-08-23 18:51:49 - [TEST_STEP][PASSED] - symbol = symbol: null

2019-08-23 18:51:49 - [TEST_STEP][PASSED] - println(symbol): null

2019-08-23 18:51:49 - [TEST_STEP][PASSED] - if (i == 2 &amp;&amp; wildList.indexOf(symbol) != -1): null

2019-08-23 18:51:49 - [TEST_STEP][PASSED] - if (i == 3 &amp;&amp; wildList.indexOf(symbol) != -1): null

2019-08-23 18:51:49 - [TEST_STEP][PASSED] - if (i == 4 &amp;&amp; wildList.indexOf(symbol) != -1): null

2019-08-23 18:51:49 - [TEST_STEP][PASSED] - symbol = symbol: null

2019-08-23 18:51:49 - [TEST_STEP][PASSED] - println(symbol): null

2019-08-23 18:51:49 - [TEST_STEP][PASSED] - if (i == 2 &amp;&amp; wildList.indexOf(symbol) != -1): null

2019-08-23 18:51:49 - [TEST_STEP][PASSED] - if (i == 3 &amp;&amp; wildList.indexOf(symbol) != -1): null

2019-08-23 18:51:49 - [TEST_STEP][PASSED] - if (i == 4 &amp;&amp; wildList.indexOf(symbol) != -1): null

2019-08-23 18:51:49 - [TEST_STEP][PASSED] - symbol = symbol: null

2019-08-23 18:51:49 - [TEST_STEP][PASSED] - println(symbol): null

2019-08-23 18:51:49 - [TEST_STEP][PASSED] - if (i == 2 &amp;&amp; wildList.indexOf(symbol) != -1): null

2019-08-23 18:51:49 - [TEST_STEP][PASSED] - if (i == 3 &amp;&amp; wildList.indexOf(symbol) != -1): null

2019-08-23 18:51:49 - [TEST_STEP][PASSED] - if (i == 4 &amp;&amp; wildList.indexOf(symbol) != -1): null

2019-08-23 18:51:49 - [TEST_STEP][PASSED] - free_spin_reel_counter = free_spin_reel_counter: null

2019-08-23 18:51:49 - [TEST_STEP][PASSED] - println("reel 3 wild found: " + free_spin_reel_counter[0]): null

2019-08-23 18:51:49 - [TEST_STEP][PASSED] - println("reel 4 wild found: " + free_spin_reel_counter[1]): null

2019-08-23 18:51:49 - [TEST_STEP][PASSED] - println("reel 5 wild found: " + free_spin_reel_counter[2]): null

2019-08-23 18:51:49 - [TEST_STEP][PASSED] - M4_spin_reels = M4_spin_reels: null

2019-08-23 18:51:49 - [TEST_STEP][PASSED] - M4_spin_reels_symbols = symbol: null

2019-08-23 18:51:49 - [TEST_STEP][PASSED] - M4_spin_reels_symbols = M4_spin_reels_symbols: null

2019-08-23 18:51:49 - [TEST_STEP][PASSED] - M4_spin_reel_wins = reel_wins: null

2019-08-23 18:51:49 - [TEST_STEP][PASSED] - M4_spin_reel_wins = M4_spin_reel_wins: null

2019-08-23 18:51:49 - [TEST_STEP][PASSED] - println("GlobalVariable.M4_spin_reel_wins is: " + M4_spin_reel_wins): null

2019-08-23 18:51:49 - [TEST_STEP][PASSED] - M4_spin_total_bonus_win_this_round = total_bonus_win_this_round: null

2019-08-23 18:51:49 - [TEST_STEP][PASSED] - M4_spin_total_bonus_win_this_round = M4_spin_total_bonus_win_this_round: null

2019-08-23 18:51:49 - [TEST_STEP][PASSED] - println("GlobalVariable.M4_spin_total_bonus_win_this_round is: " + M4_spin_total_bonus_win_this_round): null

2019-08-23 18:51:49 - [TEST_STEP][PASSED] - M4_spin_bonus_spin_result = spin_result: null

2019-08-23 18:51:49 - [TEST_STEP][PASSED] - M4_spin_bonus_spin_result = M4_spin_bonus_spin_result: null

2019-08-23 18:51:49 - [MESSAGE][PASSED] - Verify response successfully

2019-08-23 18:51:49 - [MESSAGE][PASSED] - Send request and verify the response successfully

2019-08-23 18:51:49 - [TEST_STEP][PASSED] - if (free_spin_reel_counter[0] &gt;= 1 &amp;&amp; free_spin_reel_counter[1] &gt;= 1 &amp;&amp; free_spin_reel_counter[2] &gt;= 1): null

2019-08-23 18:51:49 - [TEST_STEP][PASSED] - spin_result = sendRequestAndVerify(findTestObject("INT/RGS(M4)/1_M4_spin", ["M4_login_user_id":M4_login_user_id, "rgs_session_token":rgs_session_token, "partner":Partner])): Send request and verify the response successfully

2019-08-23 18:51:50 - [MESSAGE][INFO] - HAR: /Users/eiralee/Katalon_Script/SuperWild/Reports/20190823_184757/INT/superWild_1/20190823_184757/requests/main/40.har

2019-08-23 18:51:50 - [TEST_CASE][PASSED] - Start Test Case : Verification: Verification accomplished successfully

2019-08-23 18:51:50 - [TEST_STEP][PASSED] - request = getInstance().getCurrentRequest(): null

2019-08-23 18:51:50 - [TEST_STEP][PASSED] - response = getInstance().getCurrentResponse(): null

2019-08-23 18:51:50 - [TEST_STEP][PASSED] - verifyResponseStatusCode(response, 200): Verify response status code successfully

2019-08-23 18:51:50 - [MESSAGE][PASSED] - Verify response status code successfully

2019-08-23 18:51:50 - [TEST_STEP][PASSED] - getStatusCode()).isEqualTo(200): null

2019-08-23 18:51:50 - [TEST_STEP][PASSED] - newline = System.getProperty("line.separator"): null

2019-08-23 18:51:50 - [TEST_STEP][PASSED] - M4_spin = new groovy.json.JsonSlurper(): null

2019-08-23 18:51:50 - [TEST_STEP][PASSED] - result_M4_spin = M4_spin.parseText(response.getResponseBodyContent()): null

2019-08-23 18:51:50 - [TEST_STEP][PASSED] - M4_spin_current_balance = current_balance: null

2019-08-23 18:51:50 - [TEST_STEP][PASSED] - M4_spin_current_balance = M4_spin_current_balance: null

2019-08-23 18:51:50 - [TEST_STEP][PASSED] - M4_spin_transaction_id = causality: null

2019-08-23 18:51:50 - [TEST_STEP][PASSED] - M4_spin_transaction_id = M4_spin_transaction_id: null

2019-08-23 18:51:50 - [TEST_STEP][PASSED] - M4_spin_round_id = round_id: null

2019-08-23 18:51:50 - [TEST_STEP][PASSED] - M4_spin_round_id = M4_spin_round_id: null

2019-08-23 18:51:50 - [TEST_STEP][PASSED] - M4_spin_line_wins = line_wins: null

2019-08-23 18:51:50 - [TEST_STEP][PASSED] - M4_spin_line_wins = M4_spin_line_wins: null

2019-08-23 18:51:50 - [TEST_STEP][PASSED] - M4_total_bonus_spins_int = total_bonus_spins: null

2019-08-23 18:51:50 - [TEST_STEP][PASSED] - println("******M4_total_bonus_spins type is:*******" + newline + getClass().getName()): null

2019-08-23 18:51:50 - [TEST_STEP][PASSED] - M4_total_bonus_spins_int = M4_total_bonus_spins_int: null

2019-08-23 18:51:50 - [TEST_STEP][PASSED] - M4_total_bonus_spins = Integer.toString(M4_total_bonus_spins_int): null

2019-08-23 18:51:50 - [TEST_STEP][PASSED] - M4_total_bonus_spins = M4_total_bonus_spins: null

2019-08-23 18:51:50 - [TEST_STEP][PASSED] - println("M4_total_bonus_spins is:" + M4_total_bonus_spins): null

2019-08-23 18:51:50 - [TEST_STEP][PASSED] - M4_spin_bonus_data = bonus_data: null

2019-08-23 18:51:50 - [TEST_STEP][PASSED] - M4_spin_features_triggered = result_M4_spin: null

2019-08-23 18:51:50 - [TEST_STEP][PASSED] - wild = []: null

2019-08-23 18:51:50 - [TEST_STEP][PASSED] - wild[0] = "WILD_Expanding": null

2019-08-23 18:51:50 - [TEST_STEP][PASSED] - wild[1] = "WILD_Normal": null

2019-08-23 18:51:50 - [TEST_STEP][PASSED] - wild[2] = "WILD_Double": null

2019-08-23 18:51:50 - [TEST_STEP][PASSED] - wild[3] = "WILD_ExtraFG": null

2019-08-23 18:51:50 - [TEST_STEP][PASSED] - wild[4] = "WILD_Triple": null

2019-08-23 18:51:50 - [TEST_STEP][PASSED] - wildList = Arrays.asList(wild): null

2019-08-23 18:51:50 - [TEST_STEP][PASSED] - wildList = wildList: null

2019-08-23 18:51:50 - [TEST_STEP][PASSED] - free_spin_reel_counter = []: null

2019-08-23 18:51:50 - [TEST_STEP][PASSED] - free_spin_reel_counter[0] = 0: null

2019-08-23 18:51:50 - [TEST_STEP][PASSED] - free_spin_reel_counter[1] = 0: null

2019-08-23 18:51:50 - [TEST_STEP][PASSED] - free_spin_reel_counter[2] = 0: null

2019-08-23 18:51:50 - [TEST_STEP][PASSED] - M4_spin_reels = reels: null

2019-08-23 18:51:50 - [TEST_STEP][PASSED] - for ([i = 0, i &lt; M4_spin_reels.size(), (i++)]): null

2019-08-23 18:51:50 - [TEST_STEP][PASSED] - symbols = symbols: null

2019-08-23 18:51:50 - [TEST_STEP][PASSED] - for ([j = 0, j &lt; symbols.size(), (j++)]): null

2019-08-23 18:51:50 - [TEST_STEP][PASSED] - symbol = symbol: null

2019-08-23 18:51:50 - [TEST_STEP][PASSED] - println(symbol): null

2019-08-23 18:51:50 - [TEST_STEP][PASSED] - if (i == 2 &amp;&amp; wildList.indexOf(symbol) != -1): null

2019-08-23 18:51:50 - [TEST_STEP][PASSED] - if (i == 3 &amp;&amp; wildList.indexOf(symbol) != -1): null

2019-08-23 18:51:50 - [TEST_STEP][PASSED] - if (i == 4 &amp;&amp; wildList.indexOf(symbol) != -1): null

2019-08-23 18:51:50 - [TEST_STEP][PASSED] - symbol = symbol: null

2019-08-23 18:51:50 - [TEST_STEP][PASSED] - println(symbol): null

2019-08-23 18:51:50 - [TEST_STEP][PASSED] - if (i == 2 &amp;&amp; wildList.indexOf(symbol) != -1): null

2019-08-23 18:51:50 - [TEST_STEP][PASSED] - if (i == 3 &amp;&amp; wildList.indexOf(symbol) != -1): null

2019-08-23 18:51:50 - [TEST_STEP][PASSED] - if (i == 4 &amp;&amp; wildList.indexOf(symbol) != -1): null

2019-08-23 18:51:50 - [TEST_STEP][PASSED] - symbol = symbol: null

2019-08-23 18:51:50 - [TEST_STEP][PASSED] - println(symbol): null

2019-08-23 18:51:50 - [TEST_STEP][PASSED] - if (i == 2 &amp;&amp; wildList.indexOf(symbol) != -1): null

2019-08-23 18:51:50 - [TEST_STEP][PASSED] - if (i == 3 &amp;&amp; wildList.indexOf(symbol) != -1): null

2019-08-23 18:51:50 - [TEST_STEP][PASSED] - if (i == 4 &amp;&amp; wildList.indexOf(symbol) != -1): null

2019-08-23 18:51:50 - [TEST_STEP][PASSED] - symbols = symbols: null

2019-08-23 18:51:50 - [TEST_STEP][PASSED] - for ([j = 0, j &lt; symbols.size(), (j++)]): null

2019-08-23 18:51:50 - [TEST_STEP][PASSED] - symbol = symbol: null

2019-08-23 18:51:50 - [TEST_STEP][PASSED] - println(symbol): null

2019-08-23 18:51:50 - [TEST_STEP][PASSED] - if (i == 2 &amp;&amp; wildList.indexOf(symbol) != -1): null

2019-08-23 18:51:50 - [TEST_STEP][PASSED] - if (i == 3 &amp;&amp; wildList.indexOf(symbol) != -1): null

2019-08-23 18:51:50 - [TEST_STEP][PASSED] - if (i == 4 &amp;&amp; wildList.indexOf(symbol) != -1): null

2019-08-23 18:51:50 - [TEST_STEP][PASSED] - symbol = symbol: null

2019-08-23 18:51:50 - [TEST_STEP][PASSED] - println(symbol): null

2019-08-23 18:51:50 - [TEST_STEP][PASSED] - if (i == 2 &amp;&amp; wildList.indexOf(symbol) != -1): null

2019-08-23 18:51:50 - [TEST_STEP][PASSED] - if (i == 3 &amp;&amp; wildList.indexOf(symbol) != -1): null

2019-08-23 18:51:50 - [TEST_STEP][PASSED] - if (i == 4 &amp;&amp; wildList.indexOf(symbol) != -1): null

2019-08-23 18:51:50 - [TEST_STEP][PASSED] - symbol = symbol: null

2019-08-23 18:51:50 - [TEST_STEP][PASSED] - println(symbol): null

2019-08-23 18:51:50 - [TEST_STEP][PASSED] - if (i == 2 &amp;&amp; wildList.indexOf(symbol) != -1): null

2019-08-23 18:51:50 - [TEST_STEP][PASSED] - if (i == 3 &amp;&amp; wildList.indexOf(symbol) != -1): null

2019-08-23 18:51:50 - [TEST_STEP][PASSED] - if (i == 4 &amp;&amp; wildList.indexOf(symbol) != -1): null

2019-08-23 18:51:50 - [TEST_STEP][PASSED] - symbols = symbols: null

2019-08-23 18:51:50 - [TEST_STEP][PASSED] - for ([j = 0, j &lt; symbols.size(), (j++)]): null

2019-08-23 18:51:50 - [TEST_STEP][PASSED] - symbol = symbol: null

2019-08-23 18:51:50 - [TEST_STEP][PASSED] - println(symbol): null

2019-08-23 18:51:50 - [TEST_STEP][PASSED] - if (i == 2 &amp;&amp; wildList.indexOf(symbol) != -1): null

2019-08-23 18:51:50 - [TEST_STEP][PASSED] - if (i == 3 &amp;&amp; wildList.indexOf(symbol) != -1): null

2019-08-23 18:51:50 - [TEST_STEP][PASSED] - if (i == 4 &amp;&amp; wildList.indexOf(symbol) != -1): null

2019-08-23 18:51:50 - [TEST_STEP][PASSED] - symbol = symbol: null

2019-08-23 18:51:50 - [TEST_STEP][PASSED] - println(symbol): null

2019-08-23 18:51:50 - [TEST_STEP][PASSED] - if (i == 2 &amp;&amp; wildList.indexOf(symbol) != -1): null

2019-08-23 18:51:50 - [TEST_STEP][PASSED] - if (i == 3 &amp;&amp; wildList.indexOf(symbol) != -1): null

2019-08-23 18:51:50 - [TEST_STEP][PASSED] - if (i == 4 &amp;&amp; wildList.indexOf(symbol) != -1): null

2019-08-23 18:51:50 - [TEST_STEP][PASSED] - symbol = symbol: null

2019-08-23 18:51:50 - [TEST_STEP][PASSED] - println(symbol): null

2019-08-23 18:51:50 - [TEST_STEP][PASSED] - if (i == 2 &amp;&amp; wildList.indexOf(symbol) != -1): null

2019-08-23 18:51:50 - [TEST_STEP][PASSED] - if (i == 3 &amp;&amp; wildList.indexOf(symbol) != -1): null

2019-08-23 18:51:50 - [TEST_STEP][PASSED] - if (i == 4 &amp;&amp; wildList.indexOf(symbol) != -1): null

2019-08-23 18:51:50 - [TEST_STEP][PASSED] - symbols = symbols: null

2019-08-23 18:51:50 - [TEST_STEP][PASSED] - for ([j = 0, j &lt; symbols.size(), (j++)]): null

2019-08-23 18:51:50 - [TEST_STEP][PASSED] - symbol = symbol: null

2019-08-23 18:51:50 - [TEST_STEP][PASSED] - println(symbol): null

2019-08-23 18:51:50 - [TEST_STEP][PASSED] - if (i == 2 &amp;&amp; wildList.indexOf(symbol) != -1): null

2019-08-23 18:51:50 - [TEST_STEP][PASSED] - if (i == 3 &amp;&amp; wildList.indexOf(symbol) != -1): null

2019-08-23 18:51:50 - [TEST_STEP][PASSED] - println("wild found on reel 4, adding counter by 1"): null

2019-08-23 18:51:50 - [TEST_STEP][PASSED] - free_spin_reel_counter[1] = free_spin_reel_counter[1] + 1: null

2019-08-23 18:51:50 - [TEST_STEP][PASSED] - if (i == 4 &amp;&amp; wildList.indexOf(symbol) != -1): null

2019-08-23 18:51:50 - [TEST_STEP][PASSED] - symbol = symbol: null

2019-08-23 18:51:50 - [TEST_STEP][PASSED] - println(symbol): null

2019-08-23 18:51:52 - [TEST_STEP][PASSED] - if (i == 2 &amp;&amp; wildList.indexOf(symbol) != -1): null

2019-08-23 18:51:52 - [TEST_STEP][PASSED] - if (i == 3 &amp;&amp; wildList.indexOf(symbol) != -1): null

2019-08-23 18:51:52 - [TEST_STEP][PASSED] - if (i == 4 &amp;&amp; wildList.indexOf(symbol) != -1): null

2019-08-23 18:51:52 - [TEST_STEP][PASSED] - symbol = symbol: null

2019-08-23 18:51:52 - [TEST_STEP][PASSED] - println(symbol): null

2019-08-23 18:51:52 - [TEST_STEP][PASSED] - if (i == 2 &amp;&amp; wildList.indexOf(symbol) != -1): null

2019-08-23 18:51:52 - [TEST_STEP][PASSED] - if (i == 3 &amp;&amp; wildList.indexOf(symbol) != -1): null

2019-08-23 18:51:52 - [TEST_STEP][PASSED] - if (i == 4 &amp;&amp; wildList.indexOf(symbol) != -1): null

2019-08-23 18:51:52 - [TEST_STEP][PASSED] - symbols = symbols: null

2019-08-23 18:51:52 - [TEST_STEP][PASSED] - for ([j = 0, j &lt; symbols.size(), (j++)]): null

2019-08-23 18:51:52 - [TEST_STEP][PASSED] - symbol = symbol: null

2019-08-23 18:51:52 - [TEST_STEP][PASSED] - println(symbol): null

2019-08-23 18:51:52 - [TEST_STEP][PASSED] - if (i == 2 &amp;&amp; wildList.indexOf(symbol) != -1): null

2019-08-23 18:51:52 - [TEST_STEP][PASSED] - if (i == 3 &amp;&amp; wildList.indexOf(symbol) != -1): null

2019-08-23 18:51:52 - [TEST_STEP][PASSED] - if (i == 4 &amp;&amp; wildList.indexOf(symbol) != -1): null

2019-08-23 18:51:52 - [TEST_STEP][PASSED] - symbol = symbol: null

2019-08-23 18:51:52 - [TEST_STEP][PASSED] - println(symbol): null

2019-08-23 18:51:52 - [TEST_STEP][PASSED] - if (i == 2 &amp;&amp; wildList.indexOf(symbol) != -1): null

2019-08-23 18:51:52 - [TEST_STEP][PASSED] - if (i == 3 &amp;&amp; wildList.indexOf(symbol) != -1): null

2019-08-23 18:51:52 - [TEST_STEP][PASSED] - if (i == 4 &amp;&amp; wildList.indexOf(symbol) != -1): null

2019-08-23 18:51:52 - [TEST_STEP][PASSED] - symbol = symbol: null

2019-08-23 18:51:52 - [TEST_STEP][PASSED] - println(symbol): null

2019-08-23 18:51:52 - [TEST_STEP][PASSED] - if (i == 2 &amp;&amp; wildList.indexOf(symbol) != -1): null

2019-08-23 18:51:52 - [TEST_STEP][PASSED] - if (i == 3 &amp;&amp; wildList.indexOf(symbol) != -1): null

2019-08-23 18:51:52 - [TEST_STEP][PASSED] - if (i == 4 &amp;&amp; wildList.indexOf(symbol) != -1): null

2019-08-23 18:51:52 - [TEST_STEP][PASSED] - free_spin_reel_counter = free_spin_reel_counter: null

2019-08-23 18:51:52 - [TEST_STEP][PASSED] - println("reel 3 wild found: " + free_spin_reel_counter[0]): null

2019-08-23 18:51:52 - [TEST_STEP][PASSED] - println("reel 4 wild found: " + free_spin_reel_counter[1]): null

2019-08-23 18:51:52 - [TEST_STEP][PASSED] - println("reel 5 wild found: " + free_spin_reel_counter[2]): null

2019-08-23 18:51:52 - [TEST_STEP][PASSED] - M4_spin_reels = M4_spin_reels: null

2019-08-23 18:51:52 - [TEST_STEP][PASSED] - M4_spin_reels_symbols = symbol: null

2019-08-23 18:51:52 - [TEST_STEP][PASSED] - M4_spin_reels_symbols = M4_spin_reels_symbols: null

2019-08-23 18:51:52 - [TEST_STEP][PASSED] - M4_spin_reel_wins = reel_wins: null

2019-08-23 18:51:52 - [TEST_STEP][PASSED] - M4_spin_reel_wins = M4_spin_reel_wins: null

2019-08-23 18:51:52 - [TEST_STEP][PASSED] - println("GlobalVariable.M4_spin_reel_wins is: " + M4_spin_reel_wins): null

2019-08-23 18:51:52 - [TEST_STEP][PASSED] - M4_spin_total_bonus_win_this_round = total_bonus_win_this_round: null

2019-08-23 18:51:52 - [TEST_STEP][PASSED] - M4_spin_total_bonus_win_this_round = M4_spin_total_bonus_win_this_round: null

2019-08-23 18:51:52 - [TEST_STEP][PASSED] - println("GlobalVariable.M4_spin_total_bonus_win_this_round is: " + M4_spin_total_bonus_win_this_round): null

2019-08-23 18:51:52 - [TEST_STEP][PASSED] - M4_spin_bonus_spin_result = spin_result: null

2019-08-23 18:51:52 - [TEST_STEP][PASSED] - M4_spin_bonus_spin_result = M4_spin_bonus_spin_result: null

2019-08-23 18:51:52 - [MESSAGE][PASSED] - Verify response successfully

2019-08-23 18:51:52 - [MESSAGE][PASSED] - Send request and verify the response successfully

2019-08-23 18:51:52 - [TEST_STEP][PASSED] - if (free_spin_reel_counter[0] &gt;= 1 &amp;&amp; free_spin_reel_counter[1] &gt;= 1 &amp;&amp; free_spin_reel_counter[2] &gt;= 1): null

2019-08-23 18:51:52 - [TEST_STEP][PASSED] - spin_result = sendRequestAndVerify(findTestObject("INT/RGS(M4)/1_M4_spin", ["M4_login_user_id":M4_login_user_id, "rgs_session_token":rgs_session_token, "partner":Partner])): Send request and verify the response successfully

2019-08-23 18:51:52 - [MESSAGE][INFO] - HAR: /Users/eiralee/Katalon_Script/SuperWild/Reports/20190823_184757/INT/superWild_1/20190823_184757/requests/main/41.har

2019-08-23 18:51:52 - [TEST_CASE][PASSED] - Start Test Case : Verification: Verification accomplished successfully

2019-08-23 18:51:53 - [TEST_STEP][PASSED] - request = getInstance().getCurrentRequest(): null

2019-08-23 18:51:53 - [TEST_STEP][PASSED] - response = getInstance().getCurrentResponse(): null

2019-08-23 18:51:53 - [TEST_STEP][PASSED] - verifyResponseStatusCode(response, 200): Verify response status code successfully

2019-08-23 18:51:53 - [MESSAGE][PASSED] - Verify response status code successfully

2019-08-23 18:51:53 - [TEST_STEP][PASSED] - getStatusCode()).isEqualTo(200): null

2019-08-23 18:51:53 - [TEST_STEP][PASSED] - newline = System.getProperty("line.separator"): null

2019-08-23 18:51:53 - [TEST_STEP][PASSED] - M4_spin = new groovy.json.JsonSlurper(): null

2019-08-23 18:51:53 - [TEST_STEP][PASSED] - result_M4_spin = M4_spin.parseText(response.getResponseBodyContent()): null

2019-08-23 18:51:53 - [TEST_STEP][PASSED] - M4_spin_current_balance = current_balance: null

2019-08-23 18:51:53 - [TEST_STEP][PASSED] - M4_spin_current_balance = M4_spin_current_balance: null

2019-08-23 18:51:53 - [TEST_STEP][PASSED] - M4_spin_transaction_id = causality: null

2019-08-23 18:51:53 - [TEST_STEP][PASSED] - M4_spin_transaction_id = M4_spin_transaction_id: null

2019-08-23 18:51:53 - [TEST_STEP][PASSED] - M4_spin_round_id = round_id: null

2019-08-23 18:51:53 - [TEST_STEP][PASSED] - M4_spin_round_id = M4_spin_round_id: null

2019-08-23 18:51:53 - [TEST_STEP][PASSED] - M4_spin_line_wins = line_wins: null

2019-08-23 18:51:53 - [TEST_STEP][PASSED] - M4_spin_line_wins = M4_spin_line_wins: null

2019-08-23 18:51:53 - [TEST_STEP][PASSED] - M4_total_bonus_spins_int = total_bonus_spins: null

2019-08-23 18:51:53 - [TEST_STEP][PASSED] - println("******M4_total_bonus_spins type is:*******" + newline + getClass().getName()): null

2019-08-23 18:51:53 - [TEST_STEP][PASSED] - M4_total_bonus_spins_int = M4_total_bonus_spins_int: null

2019-08-23 18:51:53 - [TEST_STEP][PASSED] - M4_total_bonus_spins = Integer.toString(M4_total_bonus_spins_int): null

2019-08-23 18:51:53 - [TEST_STEP][PASSED] - M4_total_bonus_spins = M4_total_bonus_spins: null

2019-08-23 18:51:53 - [TEST_STEP][PASSED] - println("M4_total_bonus_spins is:" + M4_total_bonus_spins): null

2019-08-23 18:51:53 - [TEST_STEP][PASSED] - M4_spin_bonus_data = bonus_data: null

2019-08-23 18:51:53 - [TEST_STEP][PASSED] - M4_spin_features_triggered = result_M4_spin: null

2019-08-23 18:51:53 - [TEST_STEP][PASSED] - wild = []: null

2019-08-23 18:51:53 - [TEST_STEP][PASSED] - wild[0] = "WILD_Expanding": null

2019-08-23 18:51:53 - [TEST_STEP][PASSED] - wild[1] = "WILD_Normal": null

2019-08-23 18:51:53 - [TEST_STEP][PASSED] - wild[2] = "WILD_Double": null

2019-08-23 18:51:53 - [TEST_STEP][PASSED] - wild[3] = "WILD_ExtraFG": null

2019-08-23 18:51:53 - [TEST_STEP][PASSED] - wild[4] = "WILD_Triple": null

2019-08-23 18:51:53 - [TEST_STEP][PASSED] - wildList = Arrays.asList(wild): null

2019-08-23 18:51:53 - [TEST_STEP][PASSED] - wildList = wildList: null

2019-08-23 18:51:53 - [TEST_STEP][PASSED] - free_spin_reel_counter = []: null

2019-08-23 18:51:53 - [TEST_STEP][PASSED] - free_spin_reel_counter[0] = 0: null

2019-08-23 18:51:53 - [TEST_STEP][PASSED] - free_spin_reel_counter[1] = 0: null

2019-08-23 18:51:53 - [TEST_STEP][PASSED] - free_spin_reel_counter[2] = 0: null

2019-08-23 18:51:53 - [TEST_STEP][PASSED] - M4_spin_reels = reels: null

2019-08-23 18:51:53 - [TEST_STEP][PASSED] - for ([i = 0, i &lt; M4_spin_reels.size(), (i++)]): null

2019-08-23 18:51:53 - [TEST_STEP][PASSED] - symbols = symbols: null

2019-08-23 18:51:53 - [TEST_STEP][PASSED] - for ([j = 0, j &lt; symbols.size(), (j++)]): null

2019-08-23 18:51:53 - [TEST_STEP][PASSED] - symbol = symbol: null

2019-08-23 18:51:53 - [TEST_STEP][PASSED] - println(symbol): null

2019-08-23 18:51:53 - [TEST_STEP][PASSED] - if (i == 2 &amp;&amp; wildList.indexOf(symbol) != -1): null

2019-08-23 18:51:53 - [TEST_STEP][PASSED] - if (i == 3 &amp;&amp; wildList.indexOf(symbol) != -1): null

2019-08-23 18:51:53 - [TEST_STEP][PASSED] - if (i == 4 &amp;&amp; wildList.indexOf(symbol) != -1): null

2019-08-23 18:51:53 - [TEST_STEP][PASSED] - symbol = symbol: null

2019-08-23 18:51:53 - [TEST_STEP][PASSED] - println(symbol): null

2019-08-23 18:51:53 - [TEST_STEP][PASSED] - if (i == 2 &amp;&amp; wildList.indexOf(symbol) != -1): null

2019-08-23 18:51:53 - [TEST_STEP][PASSED] - if (i == 3 &amp;&amp; wildList.indexOf(symbol) != -1): null

2019-08-23 18:51:53 - [TEST_STEP][PASSED] - if (i == 4 &amp;&amp; wildList.indexOf(symbol) != -1): null

2019-08-23 18:51:53 - [TEST_STEP][PASSED] - symbol = symbol: null

2019-08-23 18:51:53 - [TEST_STEP][PASSED] - println(symbol): null

2019-08-23 18:51:53 - [TEST_STEP][PASSED] - if (i == 2 &amp;&amp; wildList.indexOf(symbol) != -1): null

2019-08-23 18:51:53 - [TEST_STEP][PASSED] - if (i == 3 &amp;&amp; wildList.indexOf(symbol) != -1): null

2019-08-23 18:51:53 - [TEST_STEP][PASSED] - if (i == 4 &amp;&amp; wildList.indexOf(symbol) != -1): null

2019-08-23 18:51:53 - [TEST_STEP][PASSED] - symbols = symbols: null

2019-08-23 18:51:53 - [TEST_STEP][PASSED] - for ([j = 0, j &lt; symbols.size(), (j++)]): null

2019-08-23 18:51:53 - [TEST_STEP][PASSED] - symbol = symbol: null

2019-08-23 18:51:53 - [TEST_STEP][PASSED] - println(symbol): null

2019-08-23 18:51:53 - [TEST_STEP][PASSED] - if (i == 2 &amp;&amp; wildList.indexOf(symbol) != -1): null

2019-08-23 18:51:53 - [TEST_STEP][PASSED] - if (i == 3 &amp;&amp; wildList.indexOf(symbol) != -1): null

2019-08-23 18:51:53 - [TEST_STEP][PASSED] - if (i == 4 &amp;&amp; wildList.indexOf(symbol) != -1): null

2019-08-23 18:51:53 - [TEST_STEP][PASSED] - symbol = symbol: null

2019-08-23 18:51:53 - [TEST_STEP][PASSED] - println(symbol): null

2019-08-23 18:51:53 - [TEST_STEP][PASSED] - if (i == 2 &amp;&amp; wildList.indexOf(symbol) != -1): null

2019-08-23 18:51:53 - [TEST_STEP][PASSED] - if (i == 3 &amp;&amp; wildList.indexOf(symbol) != -1): null

2019-08-23 18:51:53 - [TEST_STEP][PASSED] - if (i == 4 &amp;&amp; wildList.indexOf(symbol) != -1): null

2019-08-23 18:51:53 - [TEST_STEP][PASSED] - symbol = symbol: null

2019-08-23 18:51:53 - [TEST_STEP][PASSED] - println(symbol): null

2019-08-23 18:51:53 - [TEST_STEP][PASSED] - if (i == 2 &amp;&amp; wildList.indexOf(symbol) != -1): null

2019-08-23 18:51:53 - [TEST_STEP][PASSED] - if (i == 3 &amp;&amp; wildList.indexOf(symbol) != -1): null

2019-08-23 18:51:53 - [TEST_STEP][PASSED] - if (i == 4 &amp;&amp; wildList.indexOf(symbol) != -1): null

2019-08-23 18:51:53 - [TEST_STEP][PASSED] - symbols = symbols: null

2019-08-23 18:51:53 - [TEST_STEP][PASSED] - for ([j = 0, j &lt; symbols.size(), (j++)]): null

2019-08-23 18:51:53 - [TEST_STEP][PASSED] - symbol = symbol: null

2019-08-23 18:51:53 - [TEST_STEP][PASSED] - println(symbol): null

2019-08-23 18:51:53 - [TEST_STEP][PASSED] - if (i == 2 &amp;&amp; wildList.indexOf(symbol) != -1): null

2019-08-23 18:51:53 - [TEST_STEP][PASSED] - if (i == 3 &amp;&amp; wildList.indexOf(symbol) != -1): null

2019-08-23 18:51:53 - [TEST_STEP][PASSED] - if (i == 4 &amp;&amp; wildList.indexOf(symbol) != -1): null

2019-08-23 18:51:53 - [TEST_STEP][PASSED] - symbol = symbol: null

2019-08-23 18:51:53 - [TEST_STEP][PASSED] - println(symbol): null

2019-08-23 18:51:53 - [TEST_STEP][PASSED] - if (i == 2 &amp;&amp; wildList.indexOf(symbol) != -1): null

2019-08-23 18:51:53 - [TEST_STEP][PASSED] - if (i == 3 &amp;&amp; wildList.indexOf(symbol) != -1): null

2019-08-23 18:51:53 - [TEST_STEP][PASSED] - if (i == 4 &amp;&amp; wildList.indexOf(symbol) != -1): null

2019-08-23 18:51:53 - [TEST_STEP][PASSED] - symbol = symbol: null

2019-08-23 18:51:53 - [TEST_STEP][PASSED] - println(symbol): null

2019-08-23 18:51:53 - [TEST_STEP][PASSED] - if (i == 2 &amp;&amp; wildList.indexOf(symbol) != -1): null

2019-08-23 18:51:53 - [TEST_STEP][PASSED] - if (i == 3 &amp;&amp; wildList.indexOf(symbol) != -1): null

2019-08-23 18:51:53 - [TEST_STEP][PASSED] - if (i == 4 &amp;&amp; wildList.indexOf(symbol) != -1): null

2019-08-23 18:51:53 - [TEST_STEP][PASSED] - symbols = symbols: null

2019-08-23 18:51:53 - [TEST_STEP][PASSED] - for ([j = 0, j &lt; symbols.size(), (j++)]): null

2019-08-23 18:51:53 - [TEST_STEP][PASSED] - symbol = symbol: null

2019-08-23 18:51:53 - [TEST_STEP][PASSED] - println(symbol): null

2019-08-23 18:51:53 - [TEST_STEP][PASSED] - if (i == 2 &amp;&amp; wildList.indexOf(symbol) != -1): null

2019-08-23 18:51:53 - [TEST_STEP][PASSED] - if (i == 3 &amp;&amp; wildList.indexOf(symbol) != -1): null

2019-08-23 18:51:53 - [TEST_STEP][PASSED] - if (i == 4 &amp;&amp; wildList.indexOf(symbol) != -1): null

2019-08-23 18:51:53 - [TEST_STEP][PASSED] - symbol = symbol: null

2019-08-23 18:51:53 - [TEST_STEP][PASSED] - println(symbol): null

2019-08-23 18:51:53 - [TEST_STEP][PASSED] - if (i == 2 &amp;&amp; wildList.indexOf(symbol) != -1): null

2019-08-23 18:51:53 - [TEST_STEP][PASSED] - if (i == 3 &amp;&amp; wildList.indexOf(symbol) != -1): null

2019-08-23 18:51:53 - [TEST_STEP][PASSED] - if (i == 4 &amp;&amp; wildList.indexOf(symbol) != -1): null

2019-08-23 18:51:53 - [TEST_STEP][PASSED] - symbol = symbol: null

2019-08-23 18:51:53 - [TEST_STEP][PASSED] - println(symbol): null

2019-08-23 18:51:53 - [TEST_STEP][PASSED] - if (i == 2 &amp;&amp; wildList.indexOf(symbol) != -1): null

2019-08-23 18:51:53 - [TEST_STEP][PASSED] - if (i == 3 &amp;&amp; wildList.indexOf(symbol) != -1): null

2019-08-23 18:51:53 - [TEST_STEP][PASSED] - if (i == 4 &amp;&amp; wildList.indexOf(symbol) != -1): null

2019-08-23 18:51:53 - [TEST_STEP][PASSED] - symbols = symbols: null

2019-08-23 18:51:53 - [TEST_STEP][PASSED] - for ([j = 0, j &lt; symbols.size(), (j++)]): null

2019-08-23 18:51:53 - [TEST_STEP][PASSED] - symbol = symbol: null

2019-08-23 18:51:53 - [TEST_STEP][PASSED] - println(symbol): null

2019-08-23 18:51:53 - [TEST_STEP][PASSED] - if (i == 2 &amp;&amp; wildList.indexOf(symbol) != -1): null

2019-08-23 18:51:53 - [TEST_STEP][PASSED] - if (i == 3 &amp;&amp; wildList.indexOf(symbol) != -1): null

2019-08-23 18:51:53 - [TEST_STEP][PASSED] - if (i == 4 &amp;&amp; wildList.indexOf(symbol) != -1): null

2019-08-23 18:51:53 - [TEST_STEP][PASSED] - symbol = symbol: null

2019-08-23 18:51:53 - [TEST_STEP][PASSED] - println(symbol): null

2019-08-23 18:51:53 - [TEST_STEP][PASSED] - if (i == 2 &amp;&amp; wildList.indexOf(symbol) != -1): null

2019-08-23 18:51:53 - [TEST_STEP][PASSED] - if (i == 3 &amp;&amp; wildList.indexOf(symbol) != -1): null

2019-08-23 18:51:53 - [TEST_STEP][PASSED] - if (i == 4 &amp;&amp; wildList.indexOf(symbol) != -1): null

2019-08-23 18:51:53 - [TEST_STEP][PASSED] - println("wild found on reel 5, adding counter by 1"): null

2019-08-23 18:51:53 - [TEST_STEP][PASSED] - free_spin_reel_counter[2] = free_spin_reel_counter[2] + 1: null

2019-08-23 18:51:53 - [TEST_STEP][PASSED] - symbol = symbol: null

2019-08-23 18:51:53 - [TEST_STEP][PASSED] - println(symbol): null

2019-08-23 18:51:53 - [TEST_STEP][PASSED] - if (i == 2 &amp;&amp; wildList.indexOf(symbol) != -1): null

2019-08-23 18:51:53 - [TEST_STEP][PASSED] - if (i == 3 &amp;&amp; wildList.indexOf(symbol) != -1): null

2019-08-23 18:51:53 - [TEST_STEP][PASSED] - if (i == 4 &amp;&amp; wildList.indexOf(symbol) != -1): null

2019-08-23 18:51:53 - [TEST_STEP][PASSED] - free_spin_reel_counter = free_spin_reel_counter: null

2019-08-23 18:51:53 - [TEST_STEP][PASSED] - println("reel 3 wild found: " + free_spin_reel_counter[0]): null

2019-08-23 18:51:53 - [TEST_STEP][PASSED] - println("reel 4 wild found: " + free_spin_reel_counter[1]): null

2019-08-23 18:51:53 - [TEST_STEP][PASSED] - println("reel 5 wild found: " + free_spin_reel_counter[2]): null

2019-08-23 18:51:53 - [TEST_STEP][PASSED] - M4_spin_reels = M4_spin_reels: null

2019-08-23 18:51:53 - [TEST_STEP][PASSED] - M4_spin_reels_symbols = symbol: null

2019-08-23 18:51:53 - [TEST_STEP][PASSED] - M4_spin_reels_symbols = M4_spin_reels_symbols: null

2019-08-23 18:51:53 - [TEST_STEP][PASSED] - M4_spin_reel_wins = reel_wins: null

2019-08-23 18:51:53 - [TEST_STEP][PASSED] - M4_spin_reel_wins = M4_spin_reel_wins: null

2019-08-23 18:51:53 - [TEST_STEP][PASSED] - println("GlobalVariable.M4_spin_reel_wins is: " + M4_spin_reel_wins): null

2019-08-23 18:51:53 - [TEST_STEP][PASSED] - M4_spin_total_bonus_win_this_round = total_bonus_win_this_round: null

2019-08-23 18:51:53 - [TEST_STEP][PASSED] - M4_spin_total_bonus_win_this_round = M4_spin_total_bonus_win_this_round: null

2019-08-23 18:51:53 - [TEST_STEP][PASSED] - println("GlobalVariable.M4_spin_total_bonus_win_this_round is: " + M4_spin_total_bonus_win_this_round): null

2019-08-23 18:51:53 - [TEST_STEP][PASSED] - M4_spin_bonus_spin_result = spin_result: null

2019-08-23 18:51:53 - [TEST_STEP][PASSED] - M4_spin_bonus_spin_result = M4_spin_bonus_spin_result: null

2019-08-23 18:51:53 - [MESSAGE][PASSED] - Verify response successfully

2019-08-23 18:51:53 - [MESSAGE][PASSED] - Send request and verify the response successfully

2019-08-23 18:51:53 - [TEST_STEP][PASSED] - if (free_spin_reel_counter[0] &gt;= 1 &amp;&amp; free_spin_reel_counter[1] &gt;= 1 &amp;&amp; free_spin_reel_counter[2] &gt;= 1): null

2019-08-23 18:51:53 - [TEST_STEP][PASSED] - spin_result = sendRequestAndVerify(findTestObject("INT/RGS(M4)/1_M4_spin", ["M4_login_user_id":M4_login_user_id, "rgs_session_token":rgs_session_token, "partner":Partner])): Send request and verify the response successfully

2019-08-23 18:51:53 - [MESSAGE][INFO] - HAR: /Users/eiralee/Katalon_Script/SuperWild/Reports/20190823_184757/INT/superWild_1/20190823_184757/requests/main/42.har

2019-08-23 18:51:53 - [TEST_CASE][PASSED] - Start Test Case : Verification: Verification accomplished successfully

2019-08-23 18:51:53 - [TEST_STEP][PASSED] - request = getInstance().getCurrentRequest(): null

2019-08-23 18:51:53 - [TEST_STEP][PASSED] - response = getInstance().getCurrentResponse(): null

2019-08-23 18:51:53 - [TEST_STEP][PASSED] - verifyResponseStatusCode(response, 200): Verify response status code successfully

2019-08-23 18:51:53 - [MESSAGE][PASSED] - Verify response status code successfully

2019-08-23 18:51:53 - [TEST_STEP][PASSED] - getStatusCode()).isEqualTo(200): null

2019-08-23 18:51:53 - [TEST_STEP][PASSED] - newline = System.getProperty("line.separator"): null

2019-08-23 18:51:53 - [TEST_STEP][PASSED] - M4_spin = new groovy.json.JsonSlurper(): null

2019-08-23 18:51:53 - [TEST_STEP][PASSED] - result_M4_spin = M4_spin.parseText(response.getResponseBodyContent()): null

2019-08-23 18:51:53 - [TEST_STEP][PASSED] - M4_spin_current_balance = current_balance: null

2019-08-23 18:51:53 - [TEST_STEP][PASSED] - M4_spin_current_balance = M4_spin_current_balance: null

2019-08-23 18:51:53 - [TEST_STEP][PASSED] - M4_spin_transaction_id = causality: null

2019-08-23 18:51:53 - [TEST_STEP][PASSED] - M4_spin_transaction_id = M4_spin_transaction_id: null

2019-08-23 18:51:53 - [TEST_STEP][PASSED] - M4_spin_round_id = round_id: null

2019-08-23 18:51:53 - [TEST_STEP][PASSED] - M4_spin_round_id = M4_spin_round_id: null

2019-08-23 18:51:53 - [TEST_STEP][PASSED] - M4_spin_line_wins = line_wins: null

2019-08-23 18:51:53 - [TEST_STEP][PASSED] - M4_spin_line_wins = M4_spin_line_wins: null

2019-08-23 18:51:53 - [TEST_STEP][PASSED] - M4_total_bonus_spins_int = total_bonus_spins: null

2019-08-23 18:51:53 - [TEST_STEP][PASSED] - println("******M4_total_bonus_spins type is:*******" + newline + getClass().getName()): null

2019-08-23 18:51:53 - [TEST_STEP][PASSED] - M4_total_bonus_spins_int = M4_total_bonus_spins_int: null

2019-08-23 18:51:53 - [TEST_STEP][PASSED] - M4_total_bonus_spins = Integer.toString(M4_total_bonus_spins_int): null

2019-08-23 18:51:53 - [TEST_STEP][PASSED] - M4_total_bonus_spins = M4_total_bonus_spins: null

2019-08-23 18:51:53 - [TEST_STEP][PASSED] - println("M4_total_bonus_spins is:" + M4_total_bonus_spins): null

2019-08-23 18:51:53 - [TEST_STEP][PASSED] - M4_spin_bonus_data = bonus_data: null

2019-08-23 18:51:53 - [TEST_STEP][PASSED] - M4_spin_features_triggered = result_M4_spin: null

2019-08-23 18:51:53 - [TEST_STEP][PASSED] - wild = []: null

2019-08-23 18:51:53 - [TEST_STEP][PASSED] - wild[0] = "WILD_Expanding": null

2019-08-23 18:51:53 - [TEST_STEP][PASSED] - wild[1] = "WILD_Normal": null

2019-08-23 18:51:53 - [TEST_STEP][PASSED] - wild[2] = "WILD_Double": null

2019-08-23 18:51:53 - [TEST_STEP][PASSED] - wild[3] = "WILD_ExtraFG": null

2019-08-23 18:51:53 - [TEST_STEP][PASSED] - wild[4] = "WILD_Triple": null

2019-08-23 18:51:53 - [TEST_STEP][PASSED] - wildList = Arrays.asList(wild): null

2019-08-23 18:51:53 - [TEST_STEP][PASSED] - wildList = wildList: null

2019-08-23 18:51:53 - [TEST_STEP][PASSED] - free_spin_reel_counter = []: null

2019-08-23 18:51:53 - [TEST_STEP][PASSED] - free_spin_reel_counter[0] = 0: null

2019-08-23 18:51:53 - [TEST_STEP][PASSED] - free_spin_reel_counter[1] = 0: null

2019-08-23 18:51:53 - [TEST_STEP][PASSED] - free_spin_reel_counter[2] = 0: null

2019-08-23 18:51:53 - [TEST_STEP][PASSED] - M4_spin_reels = reels: null

2019-08-23 18:51:53 - [TEST_STEP][PASSED] - for ([i = 0, i &lt; M4_spin_reels.size(), (i++)]): null

2019-08-23 18:51:53 - [TEST_STEP][PASSED] - symbols = symbols: null

2019-08-23 18:51:53 - [TEST_STEP][PASSED] - for ([j = 0, j &lt; symbols.size(), (j++)]): null

2019-08-23 18:51:53 - [TEST_STEP][PASSED] - symbol = symbol: null

2019-08-23 18:51:53 - [TEST_STEP][PASSED] - println(symbol): null

2019-08-23 18:51:53 - [TEST_STEP][PASSED] - if (i == 2 &amp;&amp; wildList.indexOf(symbol) != -1): null

2019-08-23 18:51:53 - [TEST_STEP][PASSED] - if (i == 3 &amp;&amp; wildList.indexOf(symbol) != -1): null

2019-08-23 18:51:53 - [TEST_STEP][PASSED] - if (i == 4 &amp;&amp; wildList.indexOf(symbol) != -1): null

2019-08-23 18:51:53 - [TEST_STEP][PASSED] - symbol = symbol: null

2019-08-23 18:51:53 - [TEST_STEP][PASSED] - println(symbol): null

2019-08-23 18:51:53 - [TEST_STEP][PASSED] - if (i == 2 &amp;&amp; wildList.indexOf(symbol) != -1): null

2019-08-23 18:51:53 - [TEST_STEP][PASSED] - if (i == 3 &amp;&amp; wildList.indexOf(symbol) != -1): null

2019-08-23 18:51:53 - [TEST_STEP][PASSED] - if (i == 4 &amp;&amp; wildList.indexOf(symbol) != -1): null

2019-08-23 18:51:53 - [TEST_STEP][PASSED] - symbol = symbol: null

2019-08-23 18:51:53 - [TEST_STEP][PASSED] - println(symbol): null

2019-08-23 18:51:53 - [TEST_STEP][PASSED] - if (i == 2 &amp;&amp; wildList.indexOf(symbol) != -1): null

2019-08-23 18:51:53 - [TEST_STEP][PASSED] - if (i == 3 &amp;&amp; wildList.indexOf(symbol) != -1): null

2019-08-23 18:51:53 - [TEST_STEP][PASSED] - if (i == 4 &amp;&amp; wildList.indexOf(symbol) != -1): null

2019-08-23 18:51:53 - [TEST_STEP][PASSED] - symbols = symbols: null

2019-08-23 18:51:53 - [TEST_STEP][PASSED] - for ([j = 0, j &lt; symbols.size(), (j++)]): null

2019-08-23 18:51:53 - [TEST_STEP][PASSED] - symbol = symbol: null

2019-08-23 18:51:53 - [TEST_STEP][PASSED] - println(symbol): null

2019-08-23 18:51:53 - [TEST_STEP][PASSED] - if (i == 2 &amp;&amp; wildList.indexOf(symbol) != -1): null

2019-08-23 18:51:53 - [TEST_STEP][PASSED] - if (i == 3 &amp;&amp; wildList.indexOf(symbol) != -1): null

2019-08-23 18:51:53 - [TEST_STEP][PASSED] - if (i == 4 &amp;&amp; wildList.indexOf(symbol) != -1): null

2019-08-23 18:51:53 - [TEST_STEP][PASSED] - symbol = symbol: null

2019-08-23 18:51:53 - [TEST_STEP][PASSED] - println(symbol): null

2019-08-23 18:51:53 - [TEST_STEP][PASSED] - if (i == 2 &amp;&amp; wildList.indexOf(symbol) != -1): null

2019-08-23 18:51:53 - [TEST_STEP][PASSED] - if (i == 3 &amp;&amp; wildList.indexOf(symbol) != -1): null

2019-08-23 18:51:53 - [TEST_STEP][PASSED] - if (i == 4 &amp;&amp; wildList.indexOf(symbol) != -1): null

2019-08-23 18:51:53 - [TEST_STEP][PASSED] - symbol = symbol: null

2019-08-23 18:51:53 - [TEST_STEP][PASSED] - println(symbol): null

2019-08-23 18:51:53 - [TEST_STEP][PASSED] - if (i == 2 &amp;&amp; wildList.indexOf(symbol) != -1): null

2019-08-23 18:51:53 - [TEST_STEP][PASSED] - if (i == 3 &amp;&amp; wildList.indexOf(symbol) != -1): null

2019-08-23 18:51:53 - [TEST_STEP][PASSED] - if (i == 4 &amp;&amp; wildList.indexOf(symbol) != -1): null

2019-08-23 18:51:53 - [TEST_STEP][PASSED] - symbols = symbols: null

2019-08-23 18:51:53 - [TEST_STEP][PASSED] - for ([j = 0, j &lt; symbols.size(), (j++)]): null

2019-08-23 18:51:53 - [TEST_STEP][PASSED] - symbol = symbol: null

2019-08-23 18:51:53 - [TEST_STEP][PASSED] - println(symbol): null

2019-08-23 18:51:53 - [TEST_STEP][PASSED] - if (i == 2 &amp;&amp; wildList.indexOf(symbol) != -1): null

2019-08-23 18:51:53 - [TEST_STEP][PASSED] - if (i == 3 &amp;&amp; wildList.indexOf(symbol) != -1): null

2019-08-23 18:51:53 - [TEST_STEP][PASSED] - if (i == 4 &amp;&amp; wildList.indexOf(symbol) != -1): null

2019-08-23 18:51:53 - [TEST_STEP][PASSED] - symbol = symbol: null

2019-08-23 18:51:53 - [TEST_STEP][PASSED] - println(symbol): null

2019-08-23 18:51:53 - [TEST_STEP][PASSED] - if (i == 2 &amp;&amp; wildList.indexOf(symbol) != -1): null

2019-08-23 18:51:53 - [TEST_STEP][PASSED] - if (i == 3 &amp;&amp; wildList.indexOf(symbol) != -1): null

2019-08-23 18:51:53 - [TEST_STEP][PASSED] - if (i == 4 &amp;&amp; wildList.indexOf(symbol) != -1): null

2019-08-23 18:51:53 - [TEST_STEP][PASSED] - symbol = symbol: null

2019-08-23 18:51:53 - [TEST_STEP][PASSED] - println(symbol): null

2019-08-23 18:51:53 - [TEST_STEP][PASSED] - if (i == 2 &amp;&amp; wildList.indexOf(symbol) != -1): null

2019-08-23 18:51:53 - [TEST_STEP][PASSED] - if (i == 3 &amp;&amp; wildList.indexOf(symbol) != -1): null

2019-08-23 18:51:53 - [TEST_STEP][PASSED] - if (i == 4 &amp;&amp; wildList.indexOf(symbol) != -1): null

2019-08-23 18:51:53 - [TEST_STEP][PASSED] - symbols = symbols: null

2019-08-23 18:51:53 - [TEST_STEP][PASSED] - for ([j = 0, j &lt; symbols.size(), (j++)]): null

2019-08-23 18:51:53 - [TEST_STEP][PASSED] - symbol = symbol: null

2019-08-23 18:51:53 - [TEST_STEP][PASSED] - println(symbol): null

2019-08-23 18:51:53 - [TEST_STEP][PASSED] - if (i == 2 &amp;&amp; wildList.indexOf(symbol) != -1): null

2019-08-23 18:51:53 - [TEST_STEP][PASSED] - if (i == 3 &amp;&amp; wildList.indexOf(symbol) != -1): null

2019-08-23 18:51:53 - [TEST_STEP][PASSED] - if (i == 4 &amp;&amp; wildList.indexOf(symbol) != -1): null

2019-08-23 18:51:53 - [TEST_STEP][PASSED] - symbol = symbol: null

2019-08-23 18:51:53 - [TEST_STEP][PASSED] - println(symbol): null

2019-08-23 18:51:53 - [TEST_STEP][PASSED] - if (i == 2 &amp;&amp; wildList.indexOf(symbol) != -1): null

2019-08-23 18:51:53 - [TEST_STEP][PASSED] - if (i == 3 &amp;&amp; wildList.indexOf(symbol) != -1): null

2019-08-23 18:51:53 - [TEST_STEP][PASSED] - if (i == 4 &amp;&amp; wildList.indexOf(symbol) != -1): null

2019-08-23 18:51:53 - [TEST_STEP][PASSED] - symbol = symbol: null

2019-08-23 18:51:53 - [TEST_STEP][PASSED] - println(symbol): null

2019-08-23 18:51:53 - [TEST_STEP][PASSED] - if (i == 2 &amp;&amp; wildList.indexOf(symbol) != -1): null

2019-08-23 18:51:53 - [TEST_STEP][PASSED] - if (i == 3 &amp;&amp; wildList.indexOf(symbol) != -1): null

2019-08-23 18:51:53 - [TEST_STEP][PASSED] - if (i == 4 &amp;&amp; wildList.indexOf(symbol) != -1): null

2019-08-23 18:51:53 - [TEST_STEP][PASSED] - symbols = symbols: null

2019-08-23 18:51:53 - [TEST_STEP][PASSED] - for ([j = 0, j &lt; symbols.size(), (j++)]): null

2019-08-23 18:51:53 - [TEST_STEP][PASSED] - symbol = symbol: null

2019-08-23 18:51:53 - [TEST_STEP][PASSED] - println(symbol): null

2019-08-23 18:51:53 - [TEST_STEP][PASSED] - if (i == 2 &amp;&amp; wildList.indexOf(symbol) != -1): null

2019-08-23 18:51:53 - [TEST_STEP][PASSED] - if (i == 3 &amp;&amp; wildList.indexOf(symbol) != -1): null

2019-08-23 18:51:53 - [TEST_STEP][PASSED] - if (i == 4 &amp;&amp; wildList.indexOf(symbol) != -1): null

2019-08-23 18:51:53 - [TEST_STEP][PASSED] - symbol = symbol: null

2019-08-23 18:51:53 - [TEST_STEP][PASSED] - println(symbol): null

2019-08-23 18:51:53 - [TEST_STEP][PASSED] - if (i == 2 &amp;&amp; wildList.indexOf(symbol) != -1): null

2019-08-23 18:51:53 - [TEST_STEP][PASSED] - if (i == 3 &amp;&amp; wildList.indexOf(symbol) != -1): null

2019-08-23 18:51:53 - [TEST_STEP][PASSED] - if (i == 4 &amp;&amp; wildList.indexOf(symbol) != -1): null

2019-08-23 18:51:53 - [TEST_STEP][PASSED] - symbol = symbol: null

2019-08-23 18:51:53 - [TEST_STEP][PASSED] - println(symbol): null

2019-08-23 18:51:53 - [TEST_STEP][PASSED] - if (i == 2 &amp;&amp; wildList.indexOf(symbol) != -1): null

2019-08-23 18:51:53 - [TEST_STEP][PASSED] - if (i == 3 &amp;&amp; wildList.indexOf(symbol) != -1): null

2019-08-23 18:51:53 - [TEST_STEP][PASSED] - if (i == 4 &amp;&amp; wildList.indexOf(symbol) != -1): null

2019-08-23 18:51:53 - [TEST_STEP][PASSED] - free_spin_reel_counter = free_spin_reel_counter: null

2019-08-23 18:51:53 - [TEST_STEP][PASSED] - println("reel 3 wild found: " + free_spin_reel_counter[0]): null

2019-08-23 18:51:53 - [TEST_STEP][PASSED] - println("reel 4 wild found: " + free_spin_reel_counter[1]): null

2019-08-23 18:51:53 - [TEST_STEP][PASSED] - println("reel 5 wild found: " + free_spin_reel_counter[2]): null

2019-08-23 18:51:53 - [TEST_STEP][PASSED] - M4_spin_reels = M4_spin_reels: null

2019-08-23 18:51:53 - [TEST_STEP][PASSED] - M4_spin_reels_symbols = symbol: null

2019-08-23 18:51:53 - [TEST_STEP][PASSED] - M4_spin_reels_symbols = M4_spin_reels_symbols: null

2019-08-23 18:51:53 - [TEST_STEP][PASSED] - M4_spin_reel_wins = reel_wins: null

2019-08-23 18:51:55 - [TEST_STEP][PASSED] - M4_spin_reel_wins = M4_spin_reel_wins: null

2019-08-23 18:51:55 - [TEST_STEP][PASSED] - println("GlobalVariable.M4_spin_reel_wins is: " + M4_spin_reel_wins): null

2019-08-23 18:51:55 - [TEST_STEP][PASSED] - M4_spin_total_bonus_win_this_round = total_bonus_win_this_round: null

2019-08-23 18:51:55 - [TEST_STEP][PASSED] - M4_spin_total_bonus_win_this_round = M4_spin_total_bonus_win_this_round: null

2019-08-23 18:51:55 - [TEST_STEP][PASSED] - println("GlobalVariable.M4_spin_total_bonus_win_this_round is: " + M4_spin_total_bonus_win_this_round): null

2019-08-23 18:51:55 - [TEST_STEP][PASSED] - M4_spin_bonus_spin_result = spin_result: null

2019-08-23 18:51:55 - [TEST_STEP][PASSED] - M4_spin_bonus_spin_result = M4_spin_bonus_spin_result: null

2019-08-23 18:51:55 - [MESSAGE][PASSED] - Verify response successfully

2019-08-23 18:51:55 - [MESSAGE][PASSED] - Send request and verify the response successfully

2019-08-23 18:51:55 - [TEST_STEP][PASSED] - if (free_spin_reel_counter[0] &gt;= 1 &amp;&amp; free_spin_reel_counter[1] &gt;= 1 &amp;&amp; free_spin_reel_counter[2] &gt;= 1): null

2019-08-23 18:51:55 - [TEST_STEP][PASSED] - spin_result = sendRequestAndVerify(findTestObject("INT/RGS(M4)/1_M4_spin", ["M4_login_user_id":M4_login_user_id, "rgs_session_token":rgs_session_token, "partner":Partner])): Send request and verify the response successfully

2019-08-23 18:51:56 - [MESSAGE][INFO] - HAR: /Users/eiralee/Katalon_Script/SuperWild/Reports/20190823_184757/INT/superWild_1/20190823_184757/requests/main/43.har

2019-08-23 18:51:56 - [TEST_CASE][PASSED] - Start Test Case : Verification: Verification accomplished successfully

2019-08-23 18:51:56 - [TEST_STEP][PASSED] - request = getInstance().getCurrentRequest(): null

2019-08-23 18:51:56 - [TEST_STEP][PASSED] - response = getInstance().getCurrentResponse(): null

2019-08-23 18:51:56 - [TEST_STEP][PASSED] - verifyResponseStatusCode(response, 200): Verify response status code successfully

2019-08-23 18:51:56 - [MESSAGE][PASSED] - Verify response status code successfully

2019-08-23 18:51:56 - [TEST_STEP][PASSED] - getStatusCode()).isEqualTo(200): null

2019-08-23 18:51:56 - [TEST_STEP][PASSED] - newline = System.getProperty("line.separator"): null

2019-08-23 18:51:56 - [TEST_STEP][PASSED] - M4_spin = new groovy.json.JsonSlurper(): null

2019-08-23 18:51:56 - [TEST_STEP][PASSED] - result_M4_spin = M4_spin.parseText(response.getResponseBodyContent()): null

2019-08-23 18:51:56 - [TEST_STEP][PASSED] - M4_spin_current_balance = current_balance: null

2019-08-23 18:51:56 - [TEST_STEP][PASSED] - M4_spin_current_balance = M4_spin_current_balance: null

2019-08-23 18:51:56 - [TEST_STEP][PASSED] - M4_spin_transaction_id = causality: null

2019-08-23 18:51:56 - [TEST_STEP][PASSED] - M4_spin_transaction_id = M4_spin_transaction_id: null

2019-08-23 18:51:56 - [TEST_STEP][PASSED] - M4_spin_round_id = round_id: null

2019-08-23 18:51:56 - [TEST_STEP][PASSED] - M4_spin_round_id = M4_spin_round_id: null

2019-08-23 18:51:56 - [TEST_STEP][PASSED] - M4_spin_line_wins = line_wins: null

2019-08-23 18:51:56 - [TEST_STEP][PASSED] - M4_spin_line_wins = M4_spin_line_wins: null

2019-08-23 18:51:56 - [TEST_STEP][PASSED] - M4_total_bonus_spins_int = total_bonus_spins: null

2019-08-23 18:51:56 - [TEST_STEP][PASSED] - println("******M4_total_bonus_spins type is:*******" + newline + getClass().getName()): null

2019-08-23 18:51:56 - [TEST_STEP][PASSED] - M4_total_bonus_spins_int = M4_total_bonus_spins_int: null

2019-08-23 18:51:56 - [TEST_STEP][PASSED] - M4_total_bonus_spins = Integer.toString(M4_total_bonus_spins_int): null

2019-08-23 18:51:56 - [TEST_STEP][PASSED] - M4_total_bonus_spins = M4_total_bonus_spins: null

2019-08-23 18:51:56 - [TEST_STEP][PASSED] - println("M4_total_bonus_spins is:" + M4_total_bonus_spins): null

2019-08-23 18:51:56 - [TEST_STEP][PASSED] - M4_spin_bonus_data = bonus_data: null

2019-08-23 18:51:56 - [TEST_STEP][PASSED] - M4_spin_features_triggered = result_M4_spin: null

2019-08-23 18:51:56 - [TEST_STEP][PASSED] - wild = []: null

2019-08-23 18:51:56 - [TEST_STEP][PASSED] - wild[0] = "WILD_Expanding": null

2019-08-23 18:51:56 - [TEST_STEP][PASSED] - wild[1] = "WILD_Normal": null

2019-08-23 18:51:56 - [TEST_STEP][PASSED] - wild[2] = "WILD_Double": null

2019-08-23 18:51:56 - [TEST_STEP][PASSED] - wild[3] = "WILD_ExtraFG": null

2019-08-23 18:51:56 - [TEST_STEP][PASSED] - wild[4] = "WILD_Triple": null

2019-08-23 18:51:56 - [TEST_STEP][PASSED] - wildList = Arrays.asList(wild): null

2019-08-23 18:51:56 - [TEST_STEP][PASSED] - wildList = wildList: null

2019-08-23 18:51:56 - [TEST_STEP][PASSED] - free_spin_reel_counter = []: null

2019-08-23 18:51:56 - [TEST_STEP][PASSED] - free_spin_reel_counter[0] = 0: null

2019-08-23 18:51:56 - [TEST_STEP][PASSED] - free_spin_reel_counter[1] = 0: null

2019-08-23 18:51:56 - [TEST_STEP][PASSED] - free_spin_reel_counter[2] = 0: null

2019-08-23 18:51:56 - [TEST_STEP][PASSED] - M4_spin_reels = reels: null

2019-08-23 18:51:56 - [TEST_STEP][PASSED] - for ([i = 0, i &lt; M4_spin_reels.size(), (i++)]): null

2019-08-23 18:51:56 - [TEST_STEP][PASSED] - symbols = symbols: null

2019-08-23 18:51:56 - [TEST_STEP][PASSED] - for ([j = 0, j &lt; symbols.size(), (j++)]): null

2019-08-23 18:51:56 - [TEST_STEP][PASSED] - symbol = symbol: null

2019-08-23 18:51:56 - [TEST_STEP][PASSED] - println(symbol): null

2019-08-23 18:51:56 - [TEST_STEP][PASSED] - if (i == 2 &amp;&amp; wildList.indexOf(symbol) != -1): null

2019-08-23 18:51:56 - [TEST_STEP][PASSED] - if (i == 3 &amp;&amp; wildList.indexOf(symbol) != -1): null

2019-08-23 18:51:56 - [TEST_STEP][PASSED] - if (i == 4 &amp;&amp; wildList.indexOf(symbol) != -1): null

2019-08-23 18:51:56 - [TEST_STEP][PASSED] - symbol = symbol: null

2019-08-23 18:51:56 - [TEST_STEP][PASSED] - println(symbol): null

2019-08-23 18:51:56 - [TEST_STEP][PASSED] - if (i == 2 &amp;&amp; wildList.indexOf(symbol) != -1): null

2019-08-23 18:51:56 - [TEST_STEP][PASSED] - if (i == 3 &amp;&amp; wildList.indexOf(symbol) != -1): null

2019-08-23 18:51:56 - [TEST_STEP][PASSED] - if (i == 4 &amp;&amp; wildList.indexOf(symbol) != -1): null

2019-08-23 18:51:56 - [TEST_STEP][PASSED] - symbol = symbol: null

2019-08-23 18:51:56 - [TEST_STEP][PASSED] - println(symbol): null

2019-08-23 18:51:56 - [TEST_STEP][PASSED] - if (i == 2 &amp;&amp; wildList.indexOf(symbol) != -1): null

2019-08-23 18:51:56 - [TEST_STEP][PASSED] - if (i == 3 &amp;&amp; wildList.indexOf(symbol) != -1): null

2019-08-23 18:51:56 - [TEST_STEP][PASSED] - if (i == 4 &amp;&amp; wildList.indexOf(symbol) != -1): null

2019-08-23 18:51:56 - [TEST_STEP][PASSED] - symbols = symbols: null

2019-08-23 18:51:56 - [TEST_STEP][PASSED] - for ([j = 0, j &lt; symbols.size(), (j++)]): null

2019-08-23 18:51:56 - [TEST_STEP][PASSED] - symbol = symbol: null

2019-08-23 18:51:56 - [TEST_STEP][PASSED] - println(symbol): null

2019-08-23 18:51:56 - [TEST_STEP][PASSED] - if (i == 2 &amp;&amp; wildList.indexOf(symbol) != -1): null

2019-08-23 18:51:56 - [TEST_STEP][PASSED] - if (i == 3 &amp;&amp; wildList.indexOf(symbol) != -1): null

2019-08-23 18:51:56 - [TEST_STEP][PASSED] - if (i == 4 &amp;&amp; wildList.indexOf(symbol) != -1): null

2019-08-23 18:51:56 - [TEST_STEP][PASSED] - symbol = symbol: null

2019-08-23 18:51:56 - [TEST_STEP][PASSED] - println(symbol): null

2019-08-23 18:51:56 - [TEST_STEP][PASSED] - if (i == 2 &amp;&amp; wildList.indexOf(symbol) != -1): null

2019-08-23 18:51:56 - [TEST_STEP][PASSED] - if (i == 3 &amp;&amp; wildList.indexOf(symbol) != -1): null

2019-08-23 18:51:56 - [TEST_STEP][PASSED] - if (i == 4 &amp;&amp; wildList.indexOf(symbol) != -1): null

2019-08-23 18:51:56 - [TEST_STEP][PASSED] - symbol = symbol: null

2019-08-23 18:51:56 - [TEST_STEP][PASSED] - println(symbol): null

2019-08-23 18:51:56 - [TEST_STEP][PASSED] - if (i == 2 &amp;&amp; wildList.indexOf(symbol) != -1): null

2019-08-23 18:51:56 - [TEST_STEP][PASSED] - if (i == 3 &amp;&amp; wildList.indexOf(symbol) != -1): null

2019-08-23 18:51:56 - [TEST_STEP][PASSED] - if (i == 4 &amp;&amp; wildList.indexOf(symbol) != -1): null

2019-08-23 18:51:56 - [TEST_STEP][PASSED] - symbols = symbols: null

2019-08-23 18:51:56 - [TEST_STEP][PASSED] - for ([j = 0, j &lt; symbols.size(), (j++)]): null

2019-08-23 18:51:56 - [TEST_STEP][PASSED] - symbol = symbol: null

2019-08-23 18:51:56 - [TEST_STEP][PASSED] - println(symbol): null

2019-08-23 18:51:56 - [TEST_STEP][PASSED] - if (i == 2 &amp;&amp; wildList.indexOf(symbol) != -1): null

2019-08-23 18:51:56 - [TEST_STEP][PASSED] - if (i == 3 &amp;&amp; wildList.indexOf(symbol) != -1): null

2019-08-23 18:51:56 - [TEST_STEP][PASSED] - if (i == 4 &amp;&amp; wildList.indexOf(symbol) != -1): null

2019-08-23 18:51:56 - [TEST_STEP][PASSED] - symbol = symbol: null

2019-08-23 18:51:56 - [TEST_STEP][PASSED] - println(symbol): null

2019-08-23 18:51:56 - [TEST_STEP][PASSED] - if (i == 2 &amp;&amp; wildList.indexOf(symbol) != -1): null

2019-08-23 18:51:56 - [TEST_STEP][PASSED] - if (i == 3 &amp;&amp; wildList.indexOf(symbol) != -1): null

2019-08-23 18:51:56 - [TEST_STEP][PASSED] - if (i == 4 &amp;&amp; wildList.indexOf(symbol) != -1): null

2019-08-23 18:51:56 - [TEST_STEP][PASSED] - symbol = symbol: null

2019-08-23 18:51:56 - [TEST_STEP][PASSED] - println(symbol): null

2019-08-23 18:51:56 - [TEST_STEP][PASSED] - if (i == 2 &amp;&amp; wildList.indexOf(symbol) != -1): null

2019-08-23 18:51:56 - [TEST_STEP][PASSED] - if (i == 3 &amp;&amp; wildList.indexOf(symbol) != -1): null

2019-08-23 18:51:56 - [TEST_STEP][PASSED] - if (i == 4 &amp;&amp; wildList.indexOf(symbol) != -1): null

2019-08-23 18:51:56 - [TEST_STEP][PASSED] - symbols = symbols: null

2019-08-23 18:51:56 - [TEST_STEP][PASSED] - for ([j = 0, j &lt; symbols.size(), (j++)]): null

2019-08-23 18:51:56 - [TEST_STEP][PASSED] - symbol = symbol: null

2019-08-23 18:51:56 - [TEST_STEP][PASSED] - println(symbol): null

2019-08-23 18:51:56 - [TEST_STEP][PASSED] - if (i == 2 &amp;&amp; wildList.indexOf(symbol) != -1): null

2019-08-23 18:51:56 - [TEST_STEP][PASSED] - if (i == 3 &amp;&amp; wildList.indexOf(symbol) != -1): null

2019-08-23 18:51:56 - [TEST_STEP][PASSED] - if (i == 4 &amp;&amp; wildList.indexOf(symbol) != -1): null

2019-08-23 18:51:56 - [TEST_STEP][PASSED] - symbol = symbol: null

2019-08-23 18:51:56 - [TEST_STEP][PASSED] - println(symbol): null

2019-08-23 18:51:56 - [TEST_STEP][PASSED] - if (i == 2 &amp;&amp; wildList.indexOf(symbol) != -1): null

2019-08-23 18:51:56 - [TEST_STEP][PASSED] - if (i == 3 &amp;&amp; wildList.indexOf(symbol) != -1): null

2019-08-23 18:51:56 - [TEST_STEP][PASSED] - if (i == 4 &amp;&amp; wildList.indexOf(symbol) != -1): null

2019-08-23 18:51:56 - [TEST_STEP][PASSED] - symbol = symbol: null

2019-08-23 18:51:56 - [TEST_STEP][PASSED] - println(symbol): null

2019-08-23 18:51:56 - [TEST_STEP][PASSED] - if (i == 2 &amp;&amp; wildList.indexOf(symbol) != -1): null

2019-08-23 18:51:56 - [TEST_STEP][PASSED] - if (i == 3 &amp;&amp; wildList.indexOf(symbol) != -1): null

2019-08-23 18:51:56 - [TEST_STEP][PASSED] - if (i == 4 &amp;&amp; wildList.indexOf(symbol) != -1): null

2019-08-23 18:51:56 - [TEST_STEP][PASSED] - symbols = symbols: null

2019-08-23 18:51:56 - [TEST_STEP][PASSED] - for ([j = 0, j &lt; symbols.size(), (j++)]): null

2019-08-23 18:51:56 - [TEST_STEP][PASSED] - symbol = symbol: null

2019-08-23 18:51:56 - [TEST_STEP][PASSED] - println(symbol): null

2019-08-23 18:51:56 - [TEST_STEP][PASSED] - if (i == 2 &amp;&amp; wildList.indexOf(symbol) != -1): null

2019-08-23 18:51:56 - [TEST_STEP][PASSED] - if (i == 3 &amp;&amp; wildList.indexOf(symbol) != -1): null

2019-08-23 18:51:56 - [TEST_STEP][PASSED] - if (i == 4 &amp;&amp; wildList.indexOf(symbol) != -1): null

2019-08-23 18:51:56 - [TEST_STEP][PASSED] - symbol = symbol: null

2019-08-23 18:51:56 - [TEST_STEP][PASSED] - println(symbol): null

2019-08-23 18:51:56 - [TEST_STEP][PASSED] - if (i == 2 &amp;&amp; wildList.indexOf(symbol) != -1): null

2019-08-23 18:51:56 - [TEST_STEP][PASSED] - if (i == 3 &amp;&amp; wildList.indexOf(symbol) != -1): null

2019-08-23 18:51:56 - [TEST_STEP][PASSED] - if (i == 4 &amp;&amp; wildList.indexOf(symbol) != -1): null

2019-08-23 18:51:56 - [TEST_STEP][PASSED] - symbol = symbol: null

2019-08-23 18:51:56 - [TEST_STEP][PASSED] - println(symbol): null

2019-08-23 18:51:56 - [TEST_STEP][PASSED] - if (i == 2 &amp;&amp; wildList.indexOf(symbol) != -1): null

2019-08-23 18:51:56 - [TEST_STEP][PASSED] - if (i == 3 &amp;&amp; wildList.indexOf(symbol) != -1): null

2019-08-23 18:51:56 - [TEST_STEP][PASSED] - if (i == 4 &amp;&amp; wildList.indexOf(symbol) != -1): null

2019-08-23 18:51:56 - [TEST_STEP][PASSED] - free_spin_reel_counter = free_spin_reel_counter: null

2019-08-23 18:51:56 - [TEST_STEP][PASSED] - println("reel 3 wild found: " + free_spin_reel_counter[0]): null

2019-08-23 18:51:56 - [TEST_STEP][PASSED] - println("reel 4 wild found: " + free_spin_reel_counter[1]): null

2019-08-23 18:51:56 - [TEST_STEP][PASSED] - println("reel 5 wild found: " + free_spin_reel_counter[2]): null

2019-08-23 18:51:56 - [TEST_STEP][PASSED] - M4_spin_reels = M4_spin_reels: null

2019-08-23 18:51:56 - [TEST_STEP][PASSED] - M4_spin_reels_symbols = symbol: null

2019-08-23 18:51:56 - [TEST_STEP][PASSED] - M4_spin_reels_symbols = M4_spin_reels_symbols: null

2019-08-23 18:51:56 - [TEST_STEP][PASSED] - M4_spin_reel_wins = reel_wins: null

2019-08-23 18:51:56 - [TEST_STEP][PASSED] - M4_spin_reel_wins = M4_spin_reel_wins: null

2019-08-23 18:51:56 - [TEST_STEP][PASSED] - println("GlobalVariable.M4_spin_reel_wins is: " + M4_spin_reel_wins): null

2019-08-23 18:51:56 - [TEST_STEP][PASSED] - M4_spin_total_bonus_win_this_round = total_bonus_win_this_round: null

2019-08-23 18:51:56 - [TEST_STEP][PASSED] - M4_spin_total_bonus_win_this_round = M4_spin_total_bonus_win_this_round: null

2019-08-23 18:51:56 - [TEST_STEP][PASSED] - println("GlobalVariable.M4_spin_total_bonus_win_this_round is: " + M4_spin_total_bonus_win_this_round): null

2019-08-23 18:51:56 - [TEST_STEP][PASSED] - M4_spin_bonus_spin_result = spin_result: null

2019-08-23 18:51:56 - [TEST_STEP][PASSED] - M4_spin_bonus_spin_result = M4_spin_bonus_spin_result: null

2019-08-23 18:51:56 - [MESSAGE][PASSED] - Verify response successfully

2019-08-23 18:51:56 - [MESSAGE][PASSED] - Send request and verify the response successfully

2019-08-23 18:51:56 - [TEST_STEP][PASSED] - if (free_spin_reel_counter[0] &gt;= 1 &amp;&amp; free_spin_reel_counter[1] &gt;= 1 &amp;&amp; free_spin_reel_counter[2] &gt;= 1): null

2019-08-23 18:51:56 - [TEST_STEP][PASSED] - spin_result = sendRequestAndVerify(findTestObject("INT/RGS(M4)/1_M4_spin", ["M4_login_user_id":M4_login_user_id, "rgs_session_token":rgs_session_token, "partner":Partner])): Send request and verify the response successfully

2019-08-23 18:51:57 - [MESSAGE][INFO] - HAR: /Users/eiralee/Katalon_Script/SuperWild/Reports/20190823_184757/INT/superWild_1/20190823_184757/requests/main/44.har

2019-08-23 18:51:57 - [TEST_CASE][PASSED] - Start Test Case : Verification: Verification accomplished successfully

2019-08-23 18:51:57 - [TEST_STEP][PASSED] - request = getInstance().getCurrentRequest(): null

2019-08-23 18:51:57 - [TEST_STEP][PASSED] - response = getInstance().getCurrentResponse(): null

2019-08-23 18:51:57 - [TEST_STEP][PASSED] - verifyResponseStatusCode(response, 200): Verify response status code successfully

2019-08-23 18:51:57 - [MESSAGE][PASSED] - Verify response status code successfully

2019-08-23 18:51:57 - [TEST_STEP][PASSED] - getStatusCode()).isEqualTo(200): null

2019-08-23 18:51:57 - [TEST_STEP][PASSED] - newline = System.getProperty("line.separator"): null

2019-08-23 18:51:57 - [TEST_STEP][PASSED] - M4_spin = new groovy.json.JsonSlurper(): null

2019-08-23 18:51:57 - [TEST_STEP][PASSED] - result_M4_spin = M4_spin.parseText(response.getResponseBodyContent()): null

2019-08-23 18:51:57 - [TEST_STEP][PASSED] - M4_spin_current_balance = current_balance: null

2019-08-23 18:51:57 - [TEST_STEP][PASSED] - M4_spin_current_balance = M4_spin_current_balance: null

2019-08-23 18:51:57 - [TEST_STEP][PASSED] - M4_spin_transaction_id = causality: null

2019-08-23 18:51:57 - [TEST_STEP][PASSED] - M4_spin_transaction_id = M4_spin_transaction_id: null

2019-08-23 18:51:57 - [TEST_STEP][PASSED] - M4_spin_round_id = round_id: null

2019-08-23 18:51:57 - [TEST_STEP][PASSED] - M4_spin_round_id = M4_spin_round_id: null

2019-08-23 18:51:57 - [TEST_STEP][PASSED] - M4_spin_line_wins = line_wins: null

2019-08-23 18:51:57 - [TEST_STEP][PASSED] - M4_spin_line_wins = M4_spin_line_wins: null

2019-08-23 18:51:57 - [TEST_STEP][PASSED] - M4_total_bonus_spins_int = total_bonus_spins: null

2019-08-23 18:51:57 - [TEST_STEP][PASSED] - println("******M4_total_bonus_spins type is:*******" + newline + getClass().getName()): null

2019-08-23 18:51:57 - [TEST_STEP][PASSED] - M4_total_bonus_spins_int = M4_total_bonus_spins_int: null

2019-08-23 18:51:57 - [TEST_STEP][PASSED] - M4_total_bonus_spins = Integer.toString(M4_total_bonus_spins_int): null

2019-08-23 18:51:57 - [TEST_STEP][PASSED] - M4_total_bonus_spins = M4_total_bonus_spins: null

2019-08-23 18:51:57 - [TEST_STEP][PASSED] - println("M4_total_bonus_spins is:" + M4_total_bonus_spins): null

2019-08-23 18:51:57 - [TEST_STEP][PASSED] - M4_spin_bonus_data = bonus_data: null

2019-08-23 18:51:57 - [TEST_STEP][PASSED] - M4_spin_features_triggered = result_M4_spin: null

2019-08-23 18:51:57 - [TEST_STEP][PASSED] - wild = []: null

2019-08-23 18:51:57 - [TEST_STEP][PASSED] - wild[0] = "WILD_Expanding": null

2019-08-23 18:51:57 - [TEST_STEP][PASSED] - wild[1] = "WILD_Normal": null

2019-08-23 18:51:57 - [TEST_STEP][PASSED] - wild[2] = "WILD_Double": null

2019-08-23 18:51:57 - [TEST_STEP][PASSED] - wild[3] = "WILD_ExtraFG": null

2019-08-23 18:51:57 - [TEST_STEP][PASSED] - wild[4] = "WILD_Triple": null

2019-08-23 18:51:57 - [TEST_STEP][PASSED] - wildList = Arrays.asList(wild): null

2019-08-23 18:51:57 - [TEST_STEP][PASSED] - wildList = wildList: null

2019-08-23 18:51:57 - [TEST_STEP][PASSED] - free_spin_reel_counter = []: null

2019-08-23 18:51:57 - [TEST_STEP][PASSED] - free_spin_reel_counter[0] = 0: null

2019-08-23 18:51:57 - [TEST_STEP][PASSED] - free_spin_reel_counter[1] = 0: null

2019-08-23 18:51:57 - [TEST_STEP][PASSED] - free_spin_reel_counter[2] = 0: null

2019-08-23 18:51:57 - [TEST_STEP][PASSED] - M4_spin_reels = reels: null

2019-08-23 18:51:57 - [TEST_STEP][PASSED] - for ([i = 0, i &lt; M4_spin_reels.size(), (i++)]): null

2019-08-23 18:51:57 - [TEST_STEP][PASSED] - symbols = symbols: null

2019-08-23 18:51:57 - [TEST_STEP][PASSED] - for ([j = 0, j &lt; symbols.size(), (j++)]): null

2019-08-23 18:51:57 - [TEST_STEP][PASSED] - symbol = symbol: null

2019-08-23 18:51:57 - [TEST_STEP][PASSED] - println(symbol): null

2019-08-23 18:51:57 - [TEST_STEP][PASSED] - if (i == 2 &amp;&amp; wildList.indexOf(symbol) != -1): null

2019-08-23 18:51:57 - [TEST_STEP][PASSED] - if (i == 3 &amp;&amp; wildList.indexOf(symbol) != -1): null

2019-08-23 18:51:57 - [TEST_STEP][PASSED] - if (i == 4 &amp;&amp; wildList.indexOf(symbol) != -1): null

2019-08-23 18:51:57 - [TEST_STEP][PASSED] - symbol = symbol: null

2019-08-23 18:51:57 - [TEST_STEP][PASSED] - println(symbol): null

2019-08-23 18:51:57 - [TEST_STEP][PASSED] - if (i == 2 &amp;&amp; wildList.indexOf(symbol) != -1): null

2019-08-23 18:51:57 - [TEST_STEP][PASSED] - if (i == 3 &amp;&amp; wildList.indexOf(symbol) != -1): null

2019-08-23 18:51:57 - [TEST_STEP][PASSED] - if (i == 4 &amp;&amp; wildList.indexOf(symbol) != -1): null

2019-08-23 18:51:57 - [TEST_STEP][PASSED] - symbol = symbol: null

2019-08-23 18:51:57 - [TEST_STEP][PASSED] - println(symbol): null

2019-08-23 18:51:57 - [TEST_STEP][PASSED] - if (i == 2 &amp;&amp; wildList.indexOf(symbol) != -1): null

2019-08-23 18:51:57 - [TEST_STEP][PASSED] - if (i == 3 &amp;&amp; wildList.indexOf(symbol) != -1): null

2019-08-23 18:51:57 - [TEST_STEP][PASSED] - if (i == 4 &amp;&amp; wildList.indexOf(symbol) != -1): null

2019-08-23 18:51:57 - [TEST_STEP][PASSED] - symbols = symbols: null

2019-08-23 18:51:57 - [TEST_STEP][PASSED] - for ([j = 0, j &lt; symbols.size(), (j++)]): null

2019-08-23 18:51:57 - [TEST_STEP][PASSED] - symbol = symbol: null

2019-08-23 18:51:57 - [TEST_STEP][PASSED] - println(symbol): null

2019-08-23 18:51:57 - [TEST_STEP][PASSED] - if (i == 2 &amp;&amp; wildList.indexOf(symbol) != -1): null

2019-08-23 18:51:57 - [TEST_STEP][PASSED] - if (i == 3 &amp;&amp; wildList.indexOf(symbol) != -1): null

2019-08-23 18:51:57 - [TEST_STEP][PASSED] - if (i == 4 &amp;&amp; wildList.indexOf(symbol) != -1): null

2019-08-23 18:51:57 - [TEST_STEP][PASSED] - symbol = symbol: null

2019-08-23 18:51:57 - [TEST_STEP][PASSED] - println(symbol): null

2019-08-23 18:51:57 - [TEST_STEP][PASSED] - if (i == 2 &amp;&amp; wildList.indexOf(symbol) != -1): null

2019-08-23 18:51:57 - [TEST_STEP][PASSED] - if (i == 3 &amp;&amp; wildList.indexOf(symbol) != -1): null

2019-08-23 18:51:57 - [TEST_STEP][PASSED] - if (i == 4 &amp;&amp; wildList.indexOf(symbol) != -1): null

2019-08-23 18:51:57 - [TEST_STEP][PASSED] - symbol = symbol: null

2019-08-23 18:51:57 - [TEST_STEP][PASSED] - println(symbol): null

2019-08-23 18:51:57 - [TEST_STEP][PASSED] - if (i == 2 &amp;&amp; wildList.indexOf(symbol) != -1): null

2019-08-23 18:51:57 - [TEST_STEP][PASSED] - if (i == 3 &amp;&amp; wildList.indexOf(symbol) != -1): null

2019-08-23 18:51:57 - [TEST_STEP][PASSED] - if (i == 4 &amp;&amp; wildList.indexOf(symbol) != -1): null

2019-08-23 18:51:57 - [TEST_STEP][PASSED] - symbols = symbols: null

2019-08-23 18:51:57 - [TEST_STEP][PASSED] - for ([j = 0, j &lt; symbols.size(), (j++)]): null

2019-08-23 18:51:57 - [TEST_STEP][PASSED] - symbol = symbol: null

2019-08-23 18:51:57 - [TEST_STEP][PASSED] - println(symbol): null

2019-08-23 18:51:57 - [TEST_STEP][PASSED] - if (i == 2 &amp;&amp; wildList.indexOf(symbol) != -1): null

2019-08-23 18:51:57 - [TEST_STEP][PASSED] - if (i == 3 &amp;&amp; wildList.indexOf(symbol) != -1): null

2019-08-23 18:51:57 - [TEST_STEP][PASSED] - if (i == 4 &amp;&amp; wildList.indexOf(symbol) != -1): null

2019-08-23 18:51:57 - [TEST_STEP][PASSED] - symbol = symbol: null

2019-08-23 18:51:57 - [TEST_STEP][PASSED] - println(symbol): null

2019-08-23 18:51:57 - [TEST_STEP][PASSED] - if (i == 2 &amp;&amp; wildList.indexOf(symbol) != -1): null

2019-08-23 18:51:57 - [TEST_STEP][PASSED] - if (i == 3 &amp;&amp; wildList.indexOf(symbol) != -1): null

2019-08-23 18:51:57 - [TEST_STEP][PASSED] - if (i == 4 &amp;&amp; wildList.indexOf(symbol) != -1): null

2019-08-23 18:51:57 - [TEST_STEP][PASSED] - symbol = symbol: null

2019-08-23 18:51:57 - [TEST_STEP][PASSED] - println(symbol): null

2019-08-23 18:51:57 - [TEST_STEP][PASSED] - if (i == 2 &amp;&amp; wildList.indexOf(symbol) != -1): null

2019-08-23 18:51:57 - [TEST_STEP][PASSED] - if (i == 3 &amp;&amp; wildList.indexOf(symbol) != -1): null

2019-08-23 18:51:57 - [TEST_STEP][PASSED] - if (i == 4 &amp;&amp; wildList.indexOf(symbol) != -1): null

2019-08-23 18:51:57 - [TEST_STEP][PASSED] - symbols = symbols: null

2019-08-23 18:51:57 - [TEST_STEP][PASSED] - for ([j = 0, j &lt; symbols.size(), (j++)]): null

2019-08-23 18:51:57 - [TEST_STEP][PASSED] - symbol = symbol: null

2019-08-23 18:51:57 - [TEST_STEP][PASSED] - println(symbol): null

2019-08-23 18:51:57 - [TEST_STEP][PASSED] - if (i == 2 &amp;&amp; wildList.indexOf(symbol) != -1): null

2019-08-23 18:51:57 - [TEST_STEP][PASSED] - if (i == 3 &amp;&amp; wildList.indexOf(symbol) != -1): null

2019-08-23 18:51:57 - [TEST_STEP][PASSED] - if (i == 4 &amp;&amp; wildList.indexOf(symbol) != -1): null

2019-08-23 18:51:57 - [TEST_STEP][PASSED] - symbol = symbol: null

2019-08-23 18:51:57 - [TEST_STEP][PASSED] - println(symbol): null

2019-08-23 18:51:57 - [TEST_STEP][PASSED] - if (i == 2 &amp;&amp; wildList.indexOf(symbol) != -1): null

2019-08-23 18:51:57 - [TEST_STEP][PASSED] - if (i == 3 &amp;&amp; wildList.indexOf(symbol) != -1): null

2019-08-23 18:51:57 - [TEST_STEP][PASSED] - if (i == 4 &amp;&amp; wildList.indexOf(symbol) != -1): null

2019-08-23 18:51:57 - [TEST_STEP][PASSED] - symbol = symbol: null

2019-08-23 18:51:57 - [TEST_STEP][PASSED] - println(symbol): null

2019-08-23 18:51:57 - [TEST_STEP][PASSED] - if (i == 2 &amp;&amp; wildList.indexOf(symbol) != -1): null

2019-08-23 18:51:57 - [TEST_STEP][PASSED] - if (i == 3 &amp;&amp; wildList.indexOf(symbol) != -1): null

2019-08-23 18:51:57 - [TEST_STEP][PASSED] - if (i == 4 &amp;&amp; wildList.indexOf(symbol) != -1): null

2019-08-23 18:51:57 - [TEST_STEP][PASSED] - symbols = symbols: null

2019-08-23 18:51:57 - [TEST_STEP][PASSED] - for ([j = 0, j &lt; symbols.size(), (j++)]): null

2019-08-23 18:51:57 - [TEST_STEP][PASSED] - symbol = symbol: null

2019-08-23 18:51:57 - [TEST_STEP][PASSED] - println(symbol): null

2019-08-23 18:51:57 - [TEST_STEP][PASSED] - if (i == 2 &amp;&amp; wildList.indexOf(symbol) != -1): null

2019-08-23 18:51:57 - [TEST_STEP][PASSED] - if (i == 3 &amp;&amp; wildList.indexOf(symbol) != -1): null

2019-08-23 18:51:57 - [TEST_STEP][PASSED] - if (i == 4 &amp;&amp; wildList.indexOf(symbol) != -1): null

2019-08-23 18:51:57 - [TEST_STEP][PASSED] - symbol = symbol: null

2019-08-23 18:51:57 - [TEST_STEP][PASSED] - println(symbol): null

2019-08-23 18:51:57 - [TEST_STEP][PASSED] - if (i == 2 &amp;&amp; wildList.indexOf(symbol) != -1): null

2019-08-23 18:51:57 - [TEST_STEP][PASSED] - if (i == 3 &amp;&amp; wildList.indexOf(symbol) != -1): null

2019-08-23 18:51:57 - [TEST_STEP][PASSED] - if (i == 4 &amp;&amp; wildList.indexOf(symbol) != -1): null

2019-08-23 18:51:57 - [TEST_STEP][PASSED] - symbol = symbol: null

2019-08-23 18:51:57 - [TEST_STEP][PASSED] - println(symbol): null

2019-08-23 18:51:57 - [TEST_STEP][PASSED] - if (i == 2 &amp;&amp; wildList.indexOf(symbol) != -1): null

2019-08-23 18:51:57 - [TEST_STEP][PASSED] - if (i == 3 &amp;&amp; wildList.indexOf(symbol) != -1): null

2019-08-23 18:51:57 - [TEST_STEP][PASSED] - if (i == 4 &amp;&amp; wildList.indexOf(symbol) != -1): null

2019-08-23 18:51:57 - [TEST_STEP][PASSED] - free_spin_reel_counter = free_spin_reel_counter: null

2019-08-23 18:51:57 - [TEST_STEP][PASSED] - println("reel 3 wild found: " + free_spin_reel_counter[0]): null

2019-08-23 18:51:57 - [TEST_STEP][PASSED] - println("reel 4 wild found: " + free_spin_reel_counter[1]): null

2019-08-23 18:51:57 - [TEST_STEP][PASSED] - println("reel 5 wild found: " + free_spin_reel_counter[2]): null

2019-08-23 18:51:57 - [TEST_STEP][PASSED] - M4_spin_reels = M4_spin_reels: null

2019-08-23 18:51:57 - [TEST_STEP][PASSED] - M4_spin_reels_symbols = symbol: null

2019-08-23 18:51:57 - [TEST_STEP][PASSED] - M4_spin_reels_symbols = M4_spin_reels_symbols: null

2019-08-23 18:51:57 - [TEST_STEP][PASSED] - M4_spin_reel_wins = reel_wins: null

2019-08-23 18:51:57 - [TEST_STEP][PASSED] - M4_spin_reel_wins = M4_spin_reel_wins: null

2019-08-23 18:51:57 - [TEST_STEP][PASSED] - println("GlobalVariable.M4_spin_reel_wins is: " + M4_spin_reel_wins): null

2019-08-23 18:51:57 - [TEST_STEP][PASSED] - M4_spin_total_bonus_win_this_round = total_bonus_win_this_round: null

2019-08-23 18:51:57 - [TEST_STEP][PASSED] - M4_spin_total_bonus_win_this_round = M4_spin_total_bonus_win_this_round: null

2019-08-23 18:51:57 - [TEST_STEP][PASSED] - println("GlobalVariable.M4_spin_total_bonus_win_this_round is: " + M4_spin_total_bonus_win_this_round): null

2019-08-23 18:51:57 - [TEST_STEP][PASSED] - M4_spin_bonus_spin_result = spin_result: null

2019-08-23 18:51:57 - [TEST_STEP][PASSED] - M4_spin_bonus_spin_result = M4_spin_bonus_spin_result: null

2019-08-23 18:51:57 - [MESSAGE][PASSED] - Verify response successfully

2019-08-23 18:51:57 - [MESSAGE][PASSED] - Send request and verify the response successfully

2019-08-23 18:51:57 - [TEST_STEP][PASSED] - if (free_spin_reel_counter[0] &gt;= 1 &amp;&amp; free_spin_reel_counter[1] &gt;= 1 &amp;&amp; free_spin_reel_counter[2] &gt;= 1): null

2019-08-23 18:51:57 - [TEST_STEP][PASSED] - spin_result = sendRequestAndVerify(findTestObject("INT/RGS(M4)/1_M4_spin", ["M4_login_user_id":M4_login_user_id, "rgs_session_token":rgs_session_token, "partner":Partner])): Send request and verify the response successfully

2019-08-23 18:51:57 - [MESSAGE][INFO] - HAR: /Users/eiralee/Katalon_Script/SuperWild/Reports/20190823_184757/INT/superWild_1/20190823_184757/requests/main/45.har

2019-08-23 18:51:57 - [TEST_CASE][PASSED] - Start Test Case : Verification: Verification accomplished successfully

2019-08-23 18:51:57 - [TEST_STEP][PASSED] - request = getInstance().getCurrentRequest(): null

2019-08-23 18:51:57 - [TEST_STEP][PASSED] - response = getInstance().getCurrentResponse(): null

2019-08-23 18:51:57 - [TEST_STEP][PASSED] - verifyResponseStatusCode(response, 200): Verify response status code successfully

2019-08-23 18:51:57 - [MESSAGE][PASSED] - Verify response status code successfully

2019-08-23 18:51:57 - [TEST_STEP][PASSED] - getStatusCode()).isEqualTo(200): null

2019-08-23 18:51:57 - [TEST_STEP][PASSED] - newline = System.getProperty("line.separator"): null

2019-08-23 18:51:57 - [TEST_STEP][PASSED] - M4_spin = new groovy.json.JsonSlurper(): null

2019-08-23 18:51:57 - [TEST_STEP][PASSED] - result_M4_spin = M4_spin.parseText(response.getResponseBodyContent()): null

2019-08-23 18:51:57 - [TEST_STEP][PASSED] - M4_spin_current_balance = current_balance: null

2019-08-23 18:51:57 - [TEST_STEP][PASSED] - M4_spin_current_balance = M4_spin_current_balance: null

2019-08-23 18:51:57 - [TEST_STEP][PASSED] - M4_spin_transaction_id = causality: null

2019-08-23 18:51:57 - [TEST_STEP][PASSED] - M4_spin_transaction_id = M4_spin_transaction_id: null

2019-08-23 18:51:57 - [TEST_STEP][PASSED] - M4_spin_round_id = round_id: null

2019-08-23 18:51:57 - [TEST_STEP][PASSED] - M4_spin_round_id = M4_spin_round_id: null

2019-08-23 18:51:57 - [TEST_STEP][PASSED] - M4_spin_line_wins = line_wins: null

2019-08-23 18:51:57 - [TEST_STEP][PASSED] - M4_spin_line_wins = M4_spin_line_wins: null

2019-08-23 18:51:57 - [TEST_STEP][PASSED] - M4_total_bonus_spins_int = total_bonus_spins: null

2019-08-23 18:51:57 - [TEST_STEP][PASSED] - println("******M4_total_bonus_spins type is:*******" + newline + getClass().getName()): null

2019-08-23 18:51:57 - [TEST_STEP][PASSED] - M4_total_bonus_spins_int = M4_total_bonus_spins_int: null

2019-08-23 18:51:57 - [TEST_STEP][PASSED] - M4_total_bonus_spins = Integer.toString(M4_total_bonus_spins_int): null

2019-08-23 18:51:57 - [TEST_STEP][PASSED] - M4_total_bonus_spins = M4_total_bonus_spins: null

2019-08-23 18:51:57 - [TEST_STEP][PASSED] - println("M4_total_bonus_spins is:" + M4_total_bonus_spins): null

2019-08-23 18:51:57 - [TEST_STEP][PASSED] - M4_spin_bonus_data = bonus_data: null

2019-08-23 18:51:59 - [TEST_STEP][PASSED] - M4_spin_features_triggered = result_M4_spin: null

2019-08-23 18:51:59 - [TEST_STEP][PASSED] - wild = []: null

2019-08-23 18:51:59 - [TEST_STEP][PASSED] - wild[0] = "WILD_Expanding": null

2019-08-23 18:51:59 - [TEST_STEP][PASSED] - wild[1] = "WILD_Normal": null

2019-08-23 18:51:59 - [TEST_STEP][PASSED] - wild[2] = "WILD_Double": null

2019-08-23 18:51:59 - [TEST_STEP][PASSED] - wild[3] = "WILD_ExtraFG": null

2019-08-23 18:51:59 - [TEST_STEP][PASSED] - wild[4] = "WILD_Triple": null

2019-08-23 18:51:59 - [TEST_STEP][PASSED] - wildList = Arrays.asList(wild): null

2019-08-23 18:51:59 - [TEST_STEP][PASSED] - wildList = wildList: null

2019-08-23 18:51:59 - [TEST_STEP][PASSED] - free_spin_reel_counter = []: null

2019-08-23 18:51:59 - [TEST_STEP][PASSED] - free_spin_reel_counter[0] = 0: null

2019-08-23 18:51:59 - [TEST_STEP][PASSED] - free_spin_reel_counter[1] = 0: null

2019-08-23 18:51:59 - [TEST_STEP][PASSED] - free_spin_reel_counter[2] = 0: null

2019-08-23 18:51:59 - [TEST_STEP][PASSED] - M4_spin_reels = reels: null

2019-08-23 18:51:59 - [TEST_STEP][PASSED] - for ([i = 0, i &lt; M4_spin_reels.size(), (i++)]): null

2019-08-23 18:51:59 - [TEST_STEP][PASSED] - symbols = symbols: null

2019-08-23 18:51:59 - [TEST_STEP][PASSED] - for ([j = 0, j &lt; symbols.size(), (j++)]): null

2019-08-23 18:51:59 - [TEST_STEP][PASSED] - symbol = symbol: null

2019-08-23 18:51:59 - [TEST_STEP][PASSED] - println(symbol): null

2019-08-23 18:51:59 - [TEST_STEP][PASSED] - if (i == 2 &amp;&amp; wildList.indexOf(symbol) != -1): null

2019-08-23 18:51:59 - [TEST_STEP][PASSED] - if (i == 3 &amp;&amp; wildList.indexOf(symbol) != -1): null

2019-08-23 18:51:59 - [TEST_STEP][PASSED] - if (i == 4 &amp;&amp; wildList.indexOf(symbol) != -1): null

2019-08-23 18:51:59 - [TEST_STEP][PASSED] - symbol = symbol: null

2019-08-23 18:51:59 - [TEST_STEP][PASSED] - println(symbol): null

2019-08-23 18:51:59 - [TEST_STEP][PASSED] - if (i == 2 &amp;&amp; wildList.indexOf(symbol) != -1): null

2019-08-23 18:51:59 - [TEST_STEP][PASSED] - if (i == 3 &amp;&amp; wildList.indexOf(symbol) != -1): null

2019-08-23 18:51:59 - [TEST_STEP][PASSED] - if (i == 4 &amp;&amp; wildList.indexOf(symbol) != -1): null

2019-08-23 18:51:59 - [TEST_STEP][PASSED] - symbol = symbol: null

2019-08-23 18:51:59 - [TEST_STEP][PASSED] - println(symbol): null

2019-08-23 18:51:59 - [TEST_STEP][PASSED] - if (i == 2 &amp;&amp; wildList.indexOf(symbol) != -1): null

2019-08-23 18:51:59 - [TEST_STEP][PASSED] - if (i == 3 &amp;&amp; wildList.indexOf(symbol) != -1): null

2019-08-23 18:51:59 - [TEST_STEP][PASSED] - if (i == 4 &amp;&amp; wildList.indexOf(symbol) != -1): null

2019-08-23 18:51:59 - [TEST_STEP][PASSED] - symbols = symbols: null

2019-08-23 18:51:59 - [TEST_STEP][PASSED] - for ([j = 0, j &lt; symbols.size(), (j++)]): null

2019-08-23 18:51:59 - [TEST_STEP][PASSED] - symbol = symbol: null

2019-08-23 18:51:59 - [TEST_STEP][PASSED] - println(symbol): null

2019-08-23 18:51:59 - [TEST_STEP][PASSED] - if (i == 2 &amp;&amp; wildList.indexOf(symbol) != -1): null

2019-08-23 18:51:59 - [TEST_STEP][PASSED] - if (i == 3 &amp;&amp; wildList.indexOf(symbol) != -1): null

2019-08-23 18:51:59 - [TEST_STEP][PASSED] - if (i == 4 &amp;&amp; wildList.indexOf(symbol) != -1): null

2019-08-23 18:51:59 - [TEST_STEP][PASSED] - symbol = symbol: null

2019-08-23 18:51:59 - [TEST_STEP][PASSED] - println(symbol): null

2019-08-23 18:51:59 - [TEST_STEP][PASSED] - if (i == 2 &amp;&amp; wildList.indexOf(symbol) != -1): null

2019-08-23 18:51:59 - [TEST_STEP][PASSED] - if (i == 3 &amp;&amp; wildList.indexOf(symbol) != -1): null

2019-08-23 18:51:59 - [TEST_STEP][PASSED] - if (i == 4 &amp;&amp; wildList.indexOf(symbol) != -1): null

2019-08-23 18:51:59 - [TEST_STEP][PASSED] - symbol = symbol: null

2019-08-23 18:51:59 - [TEST_STEP][PASSED] - println(symbol): null

2019-08-23 18:51:59 - [TEST_STEP][PASSED] - if (i == 2 &amp;&amp; wildList.indexOf(symbol) != -1): null

2019-08-23 18:51:59 - [TEST_STEP][PASSED] - if (i == 3 &amp;&amp; wildList.indexOf(symbol) != -1): null

2019-08-23 18:51:59 - [TEST_STEP][PASSED] - if (i == 4 &amp;&amp; wildList.indexOf(symbol) != -1): null

2019-08-23 18:51:59 - [TEST_STEP][PASSED] - symbols = symbols: null

2019-08-23 18:51:59 - [TEST_STEP][PASSED] - for ([j = 0, j &lt; symbols.size(), (j++)]): null

2019-08-23 18:51:59 - [TEST_STEP][PASSED] - symbol = symbol: null

2019-08-23 18:51:59 - [TEST_STEP][PASSED] - println(symbol): null

2019-08-23 18:51:59 - [TEST_STEP][PASSED] - if (i == 2 &amp;&amp; wildList.indexOf(symbol) != -1): null

2019-08-23 18:51:59 - [TEST_STEP][PASSED] - if (i == 3 &amp;&amp; wildList.indexOf(symbol) != -1): null

2019-08-23 18:51:59 - [TEST_STEP][PASSED] - if (i == 4 &amp;&amp; wildList.indexOf(symbol) != -1): null

2019-08-23 18:51:59 - [TEST_STEP][PASSED] - symbol = symbol: null

2019-08-23 18:51:59 - [TEST_STEP][PASSED] - println(symbol): null

2019-08-23 18:51:59 - [TEST_STEP][PASSED] - if (i == 2 &amp;&amp; wildList.indexOf(symbol) != -1): null

2019-08-23 18:51:59 - [TEST_STEP][PASSED] - if (i == 3 &amp;&amp; wildList.indexOf(symbol) != -1): null

2019-08-23 18:51:59 - [TEST_STEP][PASSED] - if (i == 4 &amp;&amp; wildList.indexOf(symbol) != -1): null

2019-08-23 18:51:59 - [TEST_STEP][PASSED] - symbol = symbol: null

2019-08-23 18:51:59 - [TEST_STEP][PASSED] - println(symbol): null

2019-08-23 18:51:59 - [TEST_STEP][PASSED] - if (i == 2 &amp;&amp; wildList.indexOf(symbol) != -1): null

2019-08-23 18:51:59 - [TEST_STEP][PASSED] - if (i == 3 &amp;&amp; wildList.indexOf(symbol) != -1): null

2019-08-23 18:51:59 - [TEST_STEP][PASSED] - if (i == 4 &amp;&amp; wildList.indexOf(symbol) != -1): null

2019-08-23 18:51:59 - [TEST_STEP][PASSED] - symbols = symbols: null

2019-08-23 18:51:59 - [TEST_STEP][PASSED] - for ([j = 0, j &lt; symbols.size(), (j++)]): null

2019-08-23 18:51:59 - [TEST_STEP][PASSED] - symbol = symbol: null

2019-08-23 18:51:59 - [TEST_STEP][PASSED] - println(symbol): null

2019-08-23 18:51:59 - [TEST_STEP][PASSED] - if (i == 2 &amp;&amp; wildList.indexOf(symbol) != -1): null

2019-08-23 18:51:59 - [TEST_STEP][PASSED] - if (i == 3 &amp;&amp; wildList.indexOf(symbol) != -1): null

2019-08-23 18:51:59 - [TEST_STEP][PASSED] - if (i == 4 &amp;&amp; wildList.indexOf(symbol) != -1): null

2019-08-23 18:51:59 - [TEST_STEP][PASSED] - symbol = symbol: null

2019-08-23 18:51:59 - [TEST_STEP][PASSED] - println(symbol): null

2019-08-23 18:51:59 - [TEST_STEP][PASSED] - if (i == 2 &amp;&amp; wildList.indexOf(symbol) != -1): null

2019-08-23 18:51:59 - [TEST_STEP][PASSED] - if (i == 3 &amp;&amp; wildList.indexOf(symbol) != -1): null

2019-08-23 18:51:59 - [TEST_STEP][PASSED] - if (i == 4 &amp;&amp; wildList.indexOf(symbol) != -1): null

2019-08-23 18:51:59 - [TEST_STEP][PASSED] - symbol = symbol: null

2019-08-23 18:51:59 - [TEST_STEP][PASSED] - println(symbol): null

2019-08-23 18:51:59 - [TEST_STEP][PASSED] - if (i == 2 &amp;&amp; wildList.indexOf(symbol) != -1): null

2019-08-23 18:51:59 - [TEST_STEP][PASSED] - if (i == 3 &amp;&amp; wildList.indexOf(symbol) != -1): null

2019-08-23 18:51:59 - [TEST_STEP][PASSED] - if (i == 4 &amp;&amp; wildList.indexOf(symbol) != -1): null

2019-08-23 18:51:59 - [TEST_STEP][PASSED] - symbols = symbols: null

2019-08-23 18:51:59 - [TEST_STEP][PASSED] - for ([j = 0, j &lt; symbols.size(), (j++)]): null

2019-08-23 18:51:59 - [TEST_STEP][PASSED] - symbol = symbol: null

2019-08-23 18:51:59 - [TEST_STEP][PASSED] - println(symbol): null

2019-08-23 18:51:59 - [TEST_STEP][PASSED] - if (i == 2 &amp;&amp; wildList.indexOf(symbol) != -1): null

2019-08-23 18:51:59 - [TEST_STEP][PASSED] - if (i == 3 &amp;&amp; wildList.indexOf(symbol) != -1): null

2019-08-23 18:51:59 - [TEST_STEP][PASSED] - if (i == 4 &amp;&amp; wildList.indexOf(symbol) != -1): null

2019-08-23 18:51:59 - [TEST_STEP][PASSED] - println("wild found on reel 5, adding counter by 1"): null

2019-08-23 18:51:59 - [TEST_STEP][PASSED] - free_spin_reel_counter[2] = free_spin_reel_counter[2] + 1: null

2019-08-23 18:51:59 - [TEST_STEP][PASSED] - symbol = symbol: null

2019-08-23 18:51:59 - [TEST_STEP][PASSED] - println(symbol): null

2019-08-23 18:51:59 - [TEST_STEP][PASSED] - if (i == 2 &amp;&amp; wildList.indexOf(symbol) != -1): null

2019-08-23 18:51:59 - [TEST_STEP][PASSED] - if (i == 3 &amp;&amp; wildList.indexOf(symbol) != -1): null

2019-08-23 18:51:59 - [TEST_STEP][PASSED] - if (i == 4 &amp;&amp; wildList.indexOf(symbol) != -1): null

2019-08-23 18:51:59 - [TEST_STEP][PASSED] - symbol = symbol: null

2019-08-23 18:51:59 - [TEST_STEP][PASSED] - println(symbol): null

2019-08-23 18:51:59 - [TEST_STEP][PASSED] - if (i == 2 &amp;&amp; wildList.indexOf(symbol) != -1): null

2019-08-23 18:51:59 - [TEST_STEP][PASSED] - if (i == 3 &amp;&amp; wildList.indexOf(symbol) != -1): null

2019-08-23 18:51:59 - [TEST_STEP][PASSED] - if (i == 4 &amp;&amp; wildList.indexOf(symbol) != -1): null

2019-08-23 18:51:59 - [TEST_STEP][PASSED] - free_spin_reel_counter = free_spin_reel_counter: null

2019-08-23 18:51:59 - [TEST_STEP][PASSED] - println("reel 3 wild found: " + free_spin_reel_counter[0]): null

2019-08-23 18:51:59 - [TEST_STEP][PASSED] - println("reel 4 wild found: " + free_spin_reel_counter[1]): null

2019-08-23 18:51:59 - [TEST_STEP][PASSED] - println("reel 5 wild found: " + free_spin_reel_counter[2]): null

2019-08-23 18:51:59 - [TEST_STEP][PASSED] - M4_spin_reels = M4_spin_reels: null

2019-08-23 18:51:59 - [TEST_STEP][PASSED] - M4_spin_reels_symbols = symbol: null

2019-08-23 18:51:59 - [TEST_STEP][PASSED] - M4_spin_reels_symbols = M4_spin_reels_symbols: null

2019-08-23 18:51:59 - [TEST_STEP][PASSED] - M4_spin_reel_wins = reel_wins: null

2019-08-23 18:51:59 - [TEST_STEP][PASSED] - M4_spin_reel_wins = M4_spin_reel_wins: null

2019-08-23 18:51:59 - [TEST_STEP][PASSED] - println("GlobalVariable.M4_spin_reel_wins is: " + M4_spin_reel_wins): null

2019-08-23 18:51:59 - [TEST_STEP][PASSED] - M4_spin_total_bonus_win_this_round = total_bonus_win_this_round: null

2019-08-23 18:51:59 - [TEST_STEP][PASSED] - M4_spin_total_bonus_win_this_round = M4_spin_total_bonus_win_this_round: null

2019-08-23 18:51:59 - [TEST_STEP][PASSED] - println("GlobalVariable.M4_spin_total_bonus_win_this_round is: " + M4_spin_total_bonus_win_this_round): null

2019-08-23 18:51:59 - [TEST_STEP][PASSED] - M4_spin_bonus_spin_result = spin_result: null

2019-08-23 18:51:59 - [TEST_STEP][PASSED] - M4_spin_bonus_spin_result = M4_spin_bonus_spin_result: null

2019-08-23 18:51:59 - [MESSAGE][PASSED] - Verify response successfully

2019-08-23 18:51:59 - [MESSAGE][PASSED] - Send request and verify the response successfully

2019-08-23 18:51:59 - [TEST_STEP][PASSED] - if (free_spin_reel_counter[0] &gt;= 1 &amp;&amp; free_spin_reel_counter[1] &gt;= 1 &amp;&amp; free_spin_reel_counter[2] &gt;= 1): null

2019-08-23 18:51:59 - [TEST_STEP][PASSED] - spin_result = sendRequestAndVerify(findTestObject("INT/RGS(M4)/1_M4_spin", ["M4_login_user_id":M4_login_user_id, "rgs_session_token":rgs_session_token, "partner":Partner])): Send request and verify the response successfully

2019-08-23 18:51:59 - [MESSAGE][INFO] - HAR: /Users/eiralee/Katalon_Script/SuperWild/Reports/20190823_184757/INT/superWild_1/20190823_184757/requests/main/46.har

2019-08-23 18:51:59 - [TEST_CASE][PASSED] - Start Test Case : Verification: Verification accomplished successfully

2019-08-23 18:51:59 - [TEST_STEP][PASSED] - request = getInstance().getCurrentRequest(): null

2019-08-23 18:51:59 - [TEST_STEP][PASSED] - response = getInstance().getCurrentResponse(): null

2019-08-23 18:51:59 - [TEST_STEP][PASSED] - verifyResponseStatusCode(response, 200): Verify response status code successfully

2019-08-23 18:51:59 - [MESSAGE][PASSED] - Verify response status code successfully

2019-08-23 18:51:59 - [TEST_STEP][PASSED] - getStatusCode()).isEqualTo(200): null

2019-08-23 18:51:59 - [TEST_STEP][PASSED] - newline = System.getProperty("line.separator"): null

2019-08-23 18:51:59 - [TEST_STEP][PASSED] - M4_spin = new groovy.json.JsonSlurper(): null

2019-08-23 18:51:59 - [TEST_STEP][PASSED] - result_M4_spin = M4_spin.parseText(response.getResponseBodyContent()): null

2019-08-23 18:51:59 - [TEST_STEP][PASSED] - M4_spin_current_balance = current_balance: null

2019-08-23 18:51:59 - [TEST_STEP][PASSED] - M4_spin_current_balance = M4_spin_current_balance: null

2019-08-23 18:51:59 - [TEST_STEP][PASSED] - M4_spin_transaction_id = causality: null

2019-08-23 18:51:59 - [TEST_STEP][PASSED] - M4_spin_transaction_id = M4_spin_transaction_id: null

2019-08-23 18:51:59 - [TEST_STEP][PASSED] - M4_spin_round_id = round_id: null

2019-08-23 18:51:59 - [TEST_STEP][PASSED] - M4_spin_round_id = M4_spin_round_id: null

2019-08-23 18:51:59 - [TEST_STEP][PASSED] - M4_spin_line_wins = line_wins: null

2019-08-23 18:51:59 - [TEST_STEP][PASSED] - M4_spin_line_wins = M4_spin_line_wins: null

2019-08-23 18:51:59 - [TEST_STEP][PASSED] - M4_total_bonus_spins_int = total_bonus_spins: null

2019-08-23 18:51:59 - [TEST_STEP][PASSED] - println("******M4_total_bonus_spins type is:*******" + newline + getClass().getName()): null

2019-08-23 18:51:59 - [TEST_STEP][PASSED] - M4_total_bonus_spins_int = M4_total_bonus_spins_int: null

2019-08-23 18:51:59 - [TEST_STEP][PASSED] - M4_total_bonus_spins = Integer.toString(M4_total_bonus_spins_int): null

2019-08-23 18:51:59 - [TEST_STEP][PASSED] - M4_total_bonus_spins = M4_total_bonus_spins: null

2019-08-23 18:51:59 - [TEST_STEP][PASSED] - println("M4_total_bonus_spins is:" + M4_total_bonus_spins): null

2019-08-23 18:51:59 - [TEST_STEP][PASSED] - M4_spin_bonus_data = bonus_data: null

2019-08-23 18:51:59 - [TEST_STEP][PASSED] - M4_spin_features_triggered = result_M4_spin: null

2019-08-23 18:51:59 - [TEST_STEP][PASSED] - wild = []: null

2019-08-23 18:51:59 - [TEST_STEP][PASSED] - wild[0] = "WILD_Expanding": null

2019-08-23 18:51:59 - [TEST_STEP][PASSED] - wild[1] = "WILD_Normal": null

2019-08-23 18:51:59 - [TEST_STEP][PASSED] - wild[2] = "WILD_Double": null

2019-08-23 18:51:59 - [TEST_STEP][PASSED] - wild[3] = "WILD_ExtraFG": null

2019-08-23 18:51:59 - [TEST_STEP][PASSED] - wild[4] = "WILD_Triple": null

2019-08-23 18:51:59 - [TEST_STEP][PASSED] - wildList = Arrays.asList(wild): null

2019-08-23 18:51:59 - [TEST_STEP][PASSED] - wildList = wildList: null

2019-08-23 18:51:59 - [TEST_STEP][PASSED] - free_spin_reel_counter = []: null

2019-08-23 18:51:59 - [TEST_STEP][PASSED] - free_spin_reel_counter[0] = 0: null

2019-08-23 18:51:59 - [TEST_STEP][PASSED] - free_spin_reel_counter[1] = 0: null

2019-08-23 18:51:59 - [TEST_STEP][PASSED] - free_spin_reel_counter[2] = 0: null

2019-08-23 18:51:59 - [TEST_STEP][PASSED] - M4_spin_reels = reels: null

2019-08-23 18:51:59 - [TEST_STEP][PASSED] - for ([i = 0, i &lt; M4_spin_reels.size(), (i++)]): null

2019-08-23 18:51:59 - [TEST_STEP][PASSED] - symbols = symbols: null

2019-08-23 18:51:59 - [TEST_STEP][PASSED] - for ([j = 0, j &lt; symbols.size(), (j++)]): null

2019-08-23 18:51:59 - [TEST_STEP][PASSED] - symbol = symbol: null

2019-08-23 18:51:59 - [TEST_STEP][PASSED] - println(symbol): null

2019-08-23 18:51:59 - [TEST_STEP][PASSED] - if (i == 2 &amp;&amp; wildList.indexOf(symbol) != -1): null

2019-08-23 18:51:59 - [TEST_STEP][PASSED] - if (i == 3 &amp;&amp; wildList.indexOf(symbol) != -1): null

2019-08-23 18:51:59 - [TEST_STEP][PASSED] - if (i == 4 &amp;&amp; wildList.indexOf(symbol) != -1): null

2019-08-23 18:51:59 - [TEST_STEP][PASSED] - symbol = symbol: null

2019-08-23 18:51:59 - [TEST_STEP][PASSED] - println(symbol): null

2019-08-23 18:51:59 - [TEST_STEP][PASSED] - if (i == 2 &amp;&amp; wildList.indexOf(symbol) != -1): null

2019-08-23 18:51:59 - [TEST_STEP][PASSED] - if (i == 3 &amp;&amp; wildList.indexOf(symbol) != -1): null

2019-08-23 18:51:59 - [TEST_STEP][PASSED] - if (i == 4 &amp;&amp; wildList.indexOf(symbol) != -1): null

2019-08-23 18:51:59 - [TEST_STEP][PASSED] - symbol = symbol: null

2019-08-23 18:51:59 - [TEST_STEP][PASSED] - println(symbol): null

2019-08-23 18:51:59 - [TEST_STEP][PASSED] - if (i == 2 &amp;&amp; wildList.indexOf(symbol) != -1): null

2019-08-23 18:51:59 - [TEST_STEP][PASSED] - if (i == 3 &amp;&amp; wildList.indexOf(symbol) != -1): null

2019-08-23 18:51:59 - [TEST_STEP][PASSED] - if (i == 4 &amp;&amp; wildList.indexOf(symbol) != -1): null

2019-08-23 18:51:59 - [TEST_STEP][PASSED] - symbols = symbols: null

2019-08-23 18:51:59 - [TEST_STEP][PASSED] - for ([j = 0, j &lt; symbols.size(), (j++)]): null

2019-08-23 18:51:59 - [TEST_STEP][PASSED] - symbol = symbol: null

2019-08-23 18:51:59 - [TEST_STEP][PASSED] - println(symbol): null

2019-08-23 18:51:59 - [TEST_STEP][PASSED] - if (i == 2 &amp;&amp; wildList.indexOf(symbol) != -1): null

2019-08-23 18:51:59 - [TEST_STEP][PASSED] - if (i == 3 &amp;&amp; wildList.indexOf(symbol) != -1): null

2019-08-23 18:51:59 - [TEST_STEP][PASSED] - if (i == 4 &amp;&amp; wildList.indexOf(symbol) != -1): null

2019-08-23 18:51:59 - [TEST_STEP][PASSED] - symbol = symbol: null

2019-08-23 18:51:59 - [TEST_STEP][PASSED] - println(symbol): null

2019-08-23 18:51:59 - [TEST_STEP][PASSED] - if (i == 2 &amp;&amp; wildList.indexOf(symbol) != -1): null

2019-08-23 18:51:59 - [TEST_STEP][PASSED] - if (i == 3 &amp;&amp; wildList.indexOf(symbol) != -1): null

2019-08-23 18:51:59 - [TEST_STEP][PASSED] - if (i == 4 &amp;&amp; wildList.indexOf(symbol) != -1): null

2019-08-23 18:51:59 - [TEST_STEP][PASSED] - symbol = symbol: null

2019-08-23 18:51:59 - [TEST_STEP][PASSED] - println(symbol): null

2019-08-23 18:51:59 - [TEST_STEP][PASSED] - if (i == 2 &amp;&amp; wildList.indexOf(symbol) != -1): null

2019-08-23 18:51:59 - [TEST_STEP][PASSED] - if (i == 3 &amp;&amp; wildList.indexOf(symbol) != -1): null

2019-08-23 18:51:59 - [TEST_STEP][PASSED] - if (i == 4 &amp;&amp; wildList.indexOf(symbol) != -1): null

2019-08-23 18:51:59 - [TEST_STEP][PASSED] - symbols = symbols: null

2019-08-23 18:51:59 - [TEST_STEP][PASSED] - for ([j = 0, j &lt; symbols.size(), (j++)]): null

2019-08-23 18:51:59 - [TEST_STEP][PASSED] - symbol = symbol: null

2019-08-23 18:51:59 - [TEST_STEP][PASSED] - println(symbol): null

2019-08-23 18:51:59 - [TEST_STEP][PASSED] - if (i == 2 &amp;&amp; wildList.indexOf(symbol) != -1): null

2019-08-23 18:51:59 - [TEST_STEP][PASSED] - if (i == 3 &amp;&amp; wildList.indexOf(symbol) != -1): null

2019-08-23 18:51:59 - [TEST_STEP][PASSED] - if (i == 4 &amp;&amp; wildList.indexOf(symbol) != -1): null

2019-08-23 18:51:59 - [TEST_STEP][PASSED] - symbol = symbol: null

2019-08-23 18:51:59 - [TEST_STEP][PASSED] - println(symbol): null

2019-08-23 18:51:59 - [TEST_STEP][PASSED] - if (i == 2 &amp;&amp; wildList.indexOf(symbol) != -1): null

2019-08-23 18:51:59 - [TEST_STEP][PASSED] - if (i == 3 &amp;&amp; wildList.indexOf(symbol) != -1): null

2019-08-23 18:51:59 - [TEST_STEP][PASSED] - if (i == 4 &amp;&amp; wildList.indexOf(symbol) != -1): null

2019-08-23 18:51:59 - [TEST_STEP][PASSED] - symbol = symbol: null

2019-08-23 18:51:59 - [TEST_STEP][PASSED] - println(symbol): null

2019-08-23 18:51:59 - [TEST_STEP][PASSED] - if (i == 2 &amp;&amp; wildList.indexOf(symbol) != -1): null

2019-08-23 18:51:59 - [TEST_STEP][PASSED] - if (i == 3 &amp;&amp; wildList.indexOf(symbol) != -1): null

2019-08-23 18:51:59 - [TEST_STEP][PASSED] - if (i == 4 &amp;&amp; wildList.indexOf(symbol) != -1): null

2019-08-23 18:51:59 - [TEST_STEP][PASSED] - symbols = symbols: null

2019-08-23 18:51:59 - [TEST_STEP][PASSED] - for ([j = 0, j &lt; symbols.size(), (j++)]): null

2019-08-23 18:51:59 - [TEST_STEP][PASSED] - symbol = symbol: null

2019-08-23 18:51:59 - [TEST_STEP][PASSED] - println(symbol): null

2019-08-23 18:51:59 - [TEST_STEP][PASSED] - if (i == 2 &amp;&amp; wildList.indexOf(symbol) != -1): null

2019-08-23 18:51:59 - [TEST_STEP][PASSED] - if (i == 3 &amp;&amp; wildList.indexOf(symbol) != -1): null

2019-08-23 18:51:59 - [TEST_STEP][PASSED] - if (i == 4 &amp;&amp; wildList.indexOf(symbol) != -1): null

2019-08-23 18:51:59 - [TEST_STEP][PASSED] - symbol = symbol: null

2019-08-23 18:51:59 - [TEST_STEP][PASSED] - println(symbol): null

2019-08-23 18:51:59 - [TEST_STEP][PASSED] - if (i == 2 &amp;&amp; wildList.indexOf(symbol) != -1): null

2019-08-23 18:51:59 - [TEST_STEP][PASSED] - if (i == 3 &amp;&amp; wildList.indexOf(symbol) != -1): null

2019-08-23 18:51:59 - [TEST_STEP][PASSED] - if (i == 4 &amp;&amp; wildList.indexOf(symbol) != -1): null

2019-08-23 18:51:59 - [TEST_STEP][PASSED] - symbol = symbol: null

2019-08-23 18:51:59 - [TEST_STEP][PASSED] - println(symbol): null

2019-08-23 18:51:59 - [TEST_STEP][PASSED] - if (i == 2 &amp;&amp; wildList.indexOf(symbol) != -1): null

2019-08-23 18:51:59 - [TEST_STEP][PASSED] - if (i == 3 &amp;&amp; wildList.indexOf(symbol) != -1): null

2019-08-23 18:51:59 - [TEST_STEP][PASSED] - if (i == 4 &amp;&amp; wildList.indexOf(symbol) != -1): null

2019-08-23 18:51:59 - [TEST_STEP][PASSED] - symbols = symbols: null

2019-08-23 18:51:59 - [TEST_STEP][PASSED] - for ([j = 0, j &lt; symbols.size(), (j++)]): null

2019-08-23 18:51:59 - [TEST_STEP][PASSED] - symbol = symbol: null

2019-08-23 18:51:59 - [TEST_STEP][PASSED] - println(symbol): null

2019-08-23 18:51:59 - [TEST_STEP][PASSED] - if (i == 2 &amp;&amp; wildList.indexOf(symbol) != -1): null

2019-08-23 18:51:59 - [TEST_STEP][PASSED] - if (i == 3 &amp;&amp; wildList.indexOf(symbol) != -1): null

2019-08-23 18:51:59 - [TEST_STEP][PASSED] - if (i == 4 &amp;&amp; wildList.indexOf(symbol) != -1): null

2019-08-23 18:51:59 - [TEST_STEP][PASSED] - symbol = symbol: null

2019-08-23 18:51:59 - [TEST_STEP][PASSED] - println(symbol): null

2019-08-23 18:51:59 - [TEST_STEP][PASSED] - if (i == 2 &amp;&amp; wildList.indexOf(symbol) != -1): null

2019-08-23 18:51:59 - [TEST_STEP][PASSED] - if (i == 3 &amp;&amp; wildList.indexOf(symbol) != -1): null

2019-08-23 18:51:59 - [TEST_STEP][PASSED] - if (i == 4 &amp;&amp; wildList.indexOf(symbol) != -1): null

2019-08-23 18:51:59 - [TEST_STEP][PASSED] - symbol = symbol: null

2019-08-23 18:51:59 - [TEST_STEP][PASSED] - println(symbol): null

2019-08-23 18:51:59 - [TEST_STEP][PASSED] - if (i == 2 &amp;&amp; wildList.indexOf(symbol) != -1): null

2019-08-23 18:51:59 - [TEST_STEP][PASSED] - if (i == 3 &amp;&amp; wildList.indexOf(symbol) != -1): null

2019-08-23 18:51:59 - [TEST_STEP][PASSED] - if (i == 4 &amp;&amp; wildList.indexOf(symbol) != -1): null

2019-08-23 18:51:59 - [TEST_STEP][PASSED] - free_spin_reel_counter = free_spin_reel_counter: null

2019-08-23 18:51:59 - [TEST_STEP][PASSED] - println("reel 3 wild found: " + free_spin_reel_counter[0]): null

2019-08-23 18:51:59 - [TEST_STEP][PASSED] - println("reel 4 wild found: " + free_spin_reel_counter[1]): null

2019-08-23 18:51:59 - [TEST_STEP][PASSED] - println("reel 5 wild found: " + free_spin_reel_counter[2]): null

2019-08-23 18:51:59 - [TEST_STEP][PASSED] - M4_spin_reels = M4_spin_reels: null

2019-08-23 18:51:59 - [TEST_STEP][PASSED] - M4_spin_reels_symbols = symbol: null

2019-08-23 18:51:59 - [TEST_STEP][PASSED] - M4_spin_reels_symbols = M4_spin_reels_symbols: null

2019-08-23 18:51:59 - [TEST_STEP][PASSED] - M4_spin_reel_wins = reel_wins: null

2019-08-23 18:51:59 - [TEST_STEP][PASSED] - M4_spin_reel_wins = M4_spin_reel_wins: null

2019-08-23 18:51:59 - [TEST_STEP][PASSED] - println("GlobalVariable.M4_spin_reel_wins is: " + M4_spin_reel_wins): null

2019-08-23 18:51:59 - [TEST_STEP][PASSED] - M4_spin_total_bonus_win_this_round = total_bonus_win_this_round: null

2019-08-23 18:51:59 - [TEST_STEP][PASSED] - M4_spin_total_bonus_win_this_round = M4_spin_total_bonus_win_this_round: null

2019-08-23 18:51:59 - [TEST_STEP][PASSED] - println("GlobalVariable.M4_spin_total_bonus_win_this_round is: " + M4_spin_total_bonus_win_this_round): null

2019-08-23 18:51:59 - [TEST_STEP][PASSED] - M4_spin_bonus_spin_result = spin_result: null

2019-08-23 18:51:59 - [TEST_STEP][PASSED] - M4_spin_bonus_spin_result = M4_spin_bonus_spin_result: null

2019-08-23 18:51:59 - [MESSAGE][PASSED] - Verify response successfully

2019-08-23 18:51:59 - [MESSAGE][PASSED] - Send request and verify the response successfully

2019-08-23 18:51:59 - [TEST_STEP][PASSED] - if (free_spin_reel_counter[0] &gt;= 1 &amp;&amp; free_spin_reel_counter[1] &gt;= 1 &amp;&amp; free_spin_reel_counter[2] &gt;= 1): null

2019-08-23 18:51:59 - [TEST_STEP][PASSED] - spin_result = sendRequestAndVerify(findTestObject("INT/RGS(M4)/1_M4_spin", ["M4_login_user_id":M4_login_user_id, "rgs_session_token":rgs_session_token, "partner":Partner])): Send request and verify the response successfully

2019-08-23 18:52:00 - [MESSAGE][INFO] - HAR: /Users/eiralee/Katalon_Script/SuperWild/Reports/20190823_184757/INT/superWild_1/20190823_184757/requests/main/47.har

2019-08-23 18:52:00 - [TEST_CASE][PASSED] - Start Test Case : Verification: Verification accomplished successfully

2019-08-23 18:52:00 - [TEST_STEP][PASSED] - request = getInstance().getCurrentRequest(): null

2019-08-23 18:52:00 - [TEST_STEP][PASSED] - response = getInstance().getCurrentResponse(): null

2019-08-23 18:52:00 - [TEST_STEP][PASSED] - verifyResponseStatusCode(response, 200): Verify response status code successfully

2019-08-23 18:52:00 - [MESSAGE][PASSED] - Verify response status code successfully

2019-08-23 18:52:00 - [TEST_STEP][PASSED] - getStatusCode()).isEqualTo(200): null

2019-08-23 18:52:00 - [TEST_STEP][PASSED] - newline = System.getProperty("line.separator"): null

2019-08-23 18:52:00 - [TEST_STEP][PASSED] - M4_spin = new groovy.json.JsonSlurper(): null

2019-08-23 18:52:00 - [TEST_STEP][PASSED] - result_M4_spin = M4_spin.parseText(response.getResponseBodyContent()): null

2019-08-23 18:52:00 - [TEST_STEP][PASSED] - M4_spin_current_balance = current_balance: null

2019-08-23 18:52:00 - [TEST_STEP][PASSED] - M4_spin_current_balance = M4_spin_current_balance: null

2019-08-23 18:52:00 - [TEST_STEP][PASSED] - M4_spin_transaction_id = causality: null

2019-08-23 18:52:00 - [TEST_STEP][PASSED] - M4_spin_transaction_id = M4_spin_transaction_id: null

2019-08-23 18:52:00 - [TEST_STEP][PASSED] - M4_spin_round_id = round_id: null

2019-08-23 18:52:00 - [TEST_STEP][PASSED] - M4_spin_round_id = M4_spin_round_id: null

2019-08-23 18:52:00 - [TEST_STEP][PASSED] - M4_spin_line_wins = line_wins: null

2019-08-23 18:52:00 - [TEST_STEP][PASSED] - M4_spin_line_wins = M4_spin_line_wins: null

2019-08-23 18:52:00 - [TEST_STEP][PASSED] - M4_total_bonus_spins_int = total_bonus_spins: null

2019-08-23 18:52:00 - [TEST_STEP][PASSED] - println("******M4_total_bonus_spins type is:*******" + newline + getClass().getName()): null

2019-08-23 18:52:00 - [TEST_STEP][PASSED] - M4_total_bonus_spins_int = M4_total_bonus_spins_int: null

2019-08-23 18:52:00 - [TEST_STEP][PASSED] - M4_total_bonus_spins = Integer.toString(M4_total_bonus_spins_int): null

2019-08-23 18:52:00 - [TEST_STEP][PASSED] - M4_total_bonus_spins = M4_total_bonus_spins: null

2019-08-23 18:52:00 - [TEST_STEP][PASSED] - println("M4_total_bonus_spins is:" + M4_total_bonus_spins): null

2019-08-23 18:52:00 - [TEST_STEP][PASSED] - M4_spin_bonus_data = bonus_data: null

2019-08-23 18:52:00 - [TEST_STEP][PASSED] - M4_spin_features_triggered = result_M4_spin: null

2019-08-23 18:52:00 - [TEST_STEP][PASSED] - wild = []: null

2019-08-23 18:52:00 - [TEST_STEP][PASSED] - wild[0] = "WILD_Expanding": null

2019-08-23 18:52:00 - [TEST_STEP][PASSED] - wild[1] = "WILD_Normal": null

2019-08-23 18:52:00 - [TEST_STEP][PASSED] - wild[2] = "WILD_Double": null

2019-08-23 18:52:00 - [TEST_STEP][PASSED] - wild[3] = "WILD_ExtraFG": null

2019-08-23 18:52:00 - [TEST_STEP][PASSED] - wild[4] = "WILD_Triple": null

2019-08-23 18:52:00 - [TEST_STEP][PASSED] - wildList = Arrays.asList(wild): null

2019-08-23 18:52:00 - [TEST_STEP][PASSED] - wildList = wildList: null

2019-08-23 18:52:00 - [TEST_STEP][PASSED] - free_spin_reel_counter = []: null

2019-08-23 18:52:00 - [TEST_STEP][PASSED] - free_spin_reel_counter[0] = 0: null

2019-08-23 18:52:00 - [TEST_STEP][PASSED] - free_spin_reel_counter[1] = 0: null

2019-08-23 18:52:00 - [TEST_STEP][PASSED] - free_spin_reel_counter[2] = 0: null

2019-08-23 18:52:00 - [TEST_STEP][PASSED] - M4_spin_reels = reels: null

2019-08-23 18:52:00 - [TEST_STEP][PASSED] - for ([i = 0, i &lt; M4_spin_reels.size(), (i++)]): null

2019-08-23 18:52:00 - [TEST_STEP][PASSED] - symbols = symbols: null

2019-08-23 18:52:00 - [TEST_STEP][PASSED] - for ([j = 0, j &lt; symbols.size(), (j++)]): null

2019-08-23 18:52:00 - [TEST_STEP][PASSED] - symbol = symbol: null

2019-08-23 18:52:00 - [TEST_STEP][PASSED] - println(symbol): null

2019-08-23 18:52:00 - [TEST_STEP][PASSED] - if (i == 2 &amp;&amp; wildList.indexOf(symbol) != -1): null

2019-08-23 18:52:00 - [TEST_STEP][PASSED] - if (i == 3 &amp;&amp; wildList.indexOf(symbol) != -1): null

2019-08-23 18:52:00 - [TEST_STEP][PASSED] - if (i == 4 &amp;&amp; wildList.indexOf(symbol) != -1): null

2019-08-23 18:52:00 - [TEST_STEP][PASSED] - symbol = symbol: null

2019-08-23 18:52:00 - [TEST_STEP][PASSED] - println(symbol): null

2019-08-23 18:52:00 - [TEST_STEP][PASSED] - if (i == 2 &amp;&amp; wildList.indexOf(symbol) != -1): null

2019-08-23 18:52:00 - [TEST_STEP][PASSED] - if (i == 3 &amp;&amp; wildList.indexOf(symbol) != -1): null

2019-08-23 18:52:00 - [TEST_STEP][PASSED] - if (i == 4 &amp;&amp; wildList.indexOf(symbol) != -1): null

2019-08-23 18:52:00 - [TEST_STEP][PASSED] - symbol = symbol: null

2019-08-23 18:52:00 - [TEST_STEP][PASSED] - println(symbol): null

2019-08-23 18:52:00 - [TEST_STEP][PASSED] - if (i == 2 &amp;&amp; wildList.indexOf(symbol) != -1): null

2019-08-23 18:52:00 - [TEST_STEP][PASSED] - if (i == 3 &amp;&amp; wildList.indexOf(symbol) != -1): null

2019-08-23 18:52:00 - [TEST_STEP][PASSED] - if (i == 4 &amp;&amp; wildList.indexOf(symbol) != -1): null

2019-08-23 18:52:00 - [TEST_STEP][PASSED] - symbols = symbols: null

2019-08-23 18:52:00 - [TEST_STEP][PASSED] - for ([j = 0, j &lt; symbols.size(), (j++)]): null

2019-08-23 18:52:00 - [TEST_STEP][PASSED] - symbol = symbol: null

2019-08-23 18:52:02 - [TEST_STEP][PASSED] - println(symbol): null

2019-08-23 18:52:02 - [TEST_STEP][PASSED] - if (i == 2 &amp;&amp; wildList.indexOf(symbol) != -1): null

2019-08-23 18:52:02 - [TEST_STEP][PASSED] - if (i == 3 &amp;&amp; wildList.indexOf(symbol) != -1): null

2019-08-23 18:52:02 - [TEST_STEP][PASSED] - if (i == 4 &amp;&amp; wildList.indexOf(symbol) != -1): null

2019-08-23 18:52:02 - [TEST_STEP][PASSED] - symbol = symbol: null

2019-08-23 18:52:02 - [TEST_STEP][PASSED] - println(symbol): null

2019-08-23 18:52:02 - [TEST_STEP][PASSED] - if (i == 2 &amp;&amp; wildList.indexOf(symbol) != -1): null

2019-08-23 18:52:02 - [TEST_STEP][PASSED] - if (i == 3 &amp;&amp; wildList.indexOf(symbol) != -1): null

2019-08-23 18:52:02 - [TEST_STEP][PASSED] - if (i == 4 &amp;&amp; wildList.indexOf(symbol) != -1): null

2019-08-23 18:52:02 - [TEST_STEP][PASSED] - symbol = symbol: null

2019-08-23 18:52:02 - [TEST_STEP][PASSED] - println(symbol): null

2019-08-23 18:52:02 - [TEST_STEP][PASSED] - if (i == 2 &amp;&amp; wildList.indexOf(symbol) != -1): null

2019-08-23 18:52:02 - [TEST_STEP][PASSED] - if (i == 3 &amp;&amp; wildList.indexOf(symbol) != -1): null

2019-08-23 18:52:02 - [TEST_STEP][PASSED] - if (i == 4 &amp;&amp; wildList.indexOf(symbol) != -1): null

2019-08-23 18:52:02 - [TEST_STEP][PASSED] - symbols = symbols: null

2019-08-23 18:52:02 - [TEST_STEP][PASSED] - for ([j = 0, j &lt; symbols.size(), (j++)]): null

2019-08-23 18:52:02 - [TEST_STEP][PASSED] - symbol = symbol: null

2019-08-23 18:52:02 - [TEST_STEP][PASSED] - println(symbol): null

2019-08-23 18:52:02 - [TEST_STEP][PASSED] - if (i == 2 &amp;&amp; wildList.indexOf(symbol) != -1): null

2019-08-23 18:52:02 - [TEST_STEP][PASSED] - if (i == 3 &amp;&amp; wildList.indexOf(symbol) != -1): null

2019-08-23 18:52:02 - [TEST_STEP][PASSED] - if (i == 4 &amp;&amp; wildList.indexOf(symbol) != -1): null

2019-08-23 18:52:02 - [TEST_STEP][PASSED] - symbol = symbol: null

2019-08-23 18:52:02 - [TEST_STEP][PASSED] - println(symbol): null

2019-08-23 18:52:02 - [TEST_STEP][PASSED] - if (i == 2 &amp;&amp; wildList.indexOf(symbol) != -1): null

2019-08-23 18:52:02 - [TEST_STEP][PASSED] - if (i == 3 &amp;&amp; wildList.indexOf(symbol) != -1): null

2019-08-23 18:52:02 - [TEST_STEP][PASSED] - if (i == 4 &amp;&amp; wildList.indexOf(symbol) != -1): null

2019-08-23 18:52:02 - [TEST_STEP][PASSED] - symbol = symbol: null

2019-08-23 18:52:02 - [TEST_STEP][PASSED] - println(symbol): null

2019-08-23 18:52:02 - [TEST_STEP][PASSED] - if (i == 2 &amp;&amp; wildList.indexOf(symbol) != -1): null

2019-08-23 18:52:02 - [TEST_STEP][PASSED] - if (i == 3 &amp;&amp; wildList.indexOf(symbol) != -1): null

2019-08-23 18:52:02 - [TEST_STEP][PASSED] - if (i == 4 &amp;&amp; wildList.indexOf(symbol) != -1): null

2019-08-23 18:52:02 - [TEST_STEP][PASSED] - symbols = symbols: null

2019-08-23 18:52:02 - [TEST_STEP][PASSED] - for ([j = 0, j &lt; symbols.size(), (j++)]): null

2019-08-23 18:52:02 - [TEST_STEP][PASSED] - symbol = symbol: null

2019-08-23 18:52:02 - [TEST_STEP][PASSED] - println(symbol): null

2019-08-23 18:52:02 - [TEST_STEP][PASSED] - if (i == 2 &amp;&amp; wildList.indexOf(symbol) != -1): null

2019-08-23 18:52:02 - [TEST_STEP][PASSED] - if (i == 3 &amp;&amp; wildList.indexOf(symbol) != -1): null

2019-08-23 18:52:02 - [TEST_STEP][PASSED] - if (i == 4 &amp;&amp; wildList.indexOf(symbol) != -1): null

2019-08-23 18:52:02 - [TEST_STEP][PASSED] - symbol = symbol: null

2019-08-23 18:52:02 - [TEST_STEP][PASSED] - println(symbol): null

2019-08-23 18:52:02 - [TEST_STEP][PASSED] - if (i == 2 &amp;&amp; wildList.indexOf(symbol) != -1): null

2019-08-23 18:52:02 - [TEST_STEP][PASSED] - if (i == 3 &amp;&amp; wildList.indexOf(symbol) != -1): null

2019-08-23 18:52:02 - [TEST_STEP][PASSED] - if (i == 4 &amp;&amp; wildList.indexOf(symbol) != -1): null

2019-08-23 18:52:02 - [TEST_STEP][PASSED] - symbol = symbol: null

2019-08-23 18:52:02 - [TEST_STEP][PASSED] - println(symbol): null

2019-08-23 18:52:02 - [TEST_STEP][PASSED] - if (i == 2 &amp;&amp; wildList.indexOf(symbol) != -1): null

2019-08-23 18:52:02 - [TEST_STEP][PASSED] - if (i == 3 &amp;&amp; wildList.indexOf(symbol) != -1): null

2019-08-23 18:52:02 - [TEST_STEP][PASSED] - if (i == 4 &amp;&amp; wildList.indexOf(symbol) != -1): null

2019-08-23 18:52:02 - [TEST_STEP][PASSED] - symbols = symbols: null

2019-08-23 18:52:02 - [TEST_STEP][PASSED] - for ([j = 0, j &lt; symbols.size(), (j++)]): null

2019-08-23 18:52:02 - [TEST_STEP][PASSED] - symbol = symbol: null

2019-08-23 18:52:02 - [TEST_STEP][PASSED] - println(symbol): null

2019-08-23 18:52:02 - [TEST_STEP][PASSED] - if (i == 2 &amp;&amp; wildList.indexOf(symbol) != -1): null

2019-08-23 18:52:02 - [TEST_STEP][PASSED] - if (i == 3 &amp;&amp; wildList.indexOf(symbol) != -1): null

2019-08-23 18:52:02 - [TEST_STEP][PASSED] - if (i == 4 &amp;&amp; wildList.indexOf(symbol) != -1): null

2019-08-23 18:52:02 - [TEST_STEP][PASSED] - symbol = symbol: null

2019-08-23 18:52:02 - [TEST_STEP][PASSED] - println(symbol): null

2019-08-23 18:52:02 - [TEST_STEP][PASSED] - if (i == 2 &amp;&amp; wildList.indexOf(symbol) != -1): null

2019-08-23 18:52:02 - [TEST_STEP][PASSED] - if (i == 3 &amp;&amp; wildList.indexOf(symbol) != -1): null

2019-08-23 18:52:02 - [TEST_STEP][PASSED] - if (i == 4 &amp;&amp; wildList.indexOf(symbol) != -1): null

2019-08-23 18:52:02 - [TEST_STEP][PASSED] - symbol = symbol: null

2019-08-23 18:52:02 - [TEST_STEP][PASSED] - println(symbol): null

2019-08-23 18:52:02 - [TEST_STEP][PASSED] - if (i == 2 &amp;&amp; wildList.indexOf(symbol) != -1): null

2019-08-23 18:52:02 - [TEST_STEP][PASSED] - if (i == 3 &amp;&amp; wildList.indexOf(symbol) != -1): null

2019-08-23 18:52:02 - [TEST_STEP][PASSED] - if (i == 4 &amp;&amp; wildList.indexOf(symbol) != -1): null

2019-08-23 18:52:02 - [TEST_STEP][PASSED] - free_spin_reel_counter = free_spin_reel_counter: null

2019-08-23 18:52:02 - [TEST_STEP][PASSED] - println("reel 3 wild found: " + free_spin_reel_counter[0]): null

2019-08-23 18:52:02 - [TEST_STEP][PASSED] - println("reel 4 wild found: " + free_spin_reel_counter[1]): null

2019-08-23 18:52:02 - [TEST_STEP][PASSED] - println("reel 5 wild found: " + free_spin_reel_counter[2]): null

2019-08-23 18:52:02 - [TEST_STEP][PASSED] - M4_spin_reels = M4_spin_reels: null

2019-08-23 18:52:02 - [TEST_STEP][PASSED] - M4_spin_reels_symbols = symbol: null

2019-08-23 18:52:02 - [TEST_STEP][PASSED] - M4_spin_reels_symbols = M4_spin_reels_symbols: null

2019-08-23 18:52:02 - [TEST_STEP][PASSED] - M4_spin_reel_wins = reel_wins: null

2019-08-23 18:52:02 - [TEST_STEP][PASSED] - M4_spin_reel_wins = M4_spin_reel_wins: null

2019-08-23 18:52:02 - [TEST_STEP][PASSED] - println("GlobalVariable.M4_spin_reel_wins is: " + M4_spin_reel_wins): null

2019-08-23 18:52:02 - [TEST_STEP][PASSED] - M4_spin_total_bonus_win_this_round = total_bonus_win_this_round: null

2019-08-23 18:52:02 - [TEST_STEP][PASSED] - M4_spin_total_bonus_win_this_round = M4_spin_total_bonus_win_this_round: null

2019-08-23 18:52:02 - [TEST_STEP][PASSED] - println("GlobalVariable.M4_spin_total_bonus_win_this_round is: " + M4_spin_total_bonus_win_this_round): null

2019-08-23 18:52:02 - [TEST_STEP][PASSED] - M4_spin_bonus_spin_result = spin_result: null

2019-08-23 18:52:02 - [TEST_STEP][PASSED] - M4_spin_bonus_spin_result = M4_spin_bonus_spin_result: null

2019-08-23 18:52:02 - [MESSAGE][PASSED] - Verify response successfully

2019-08-23 18:52:02 - [MESSAGE][PASSED] - Send request and verify the response successfully

2019-08-23 18:52:02 - [TEST_STEP][PASSED] - if (free_spin_reel_counter[0] &gt;= 1 &amp;&amp; free_spin_reel_counter[1] &gt;= 1 &amp;&amp; free_spin_reel_counter[2] &gt;= 1): null

2019-08-23 18:52:02 - [TEST_STEP][PASSED] - spin_result = sendRequestAndVerify(findTestObject("INT/RGS(M4)/1_M4_spin", ["M4_login_user_id":M4_login_user_id, "rgs_session_token":rgs_session_token, "partner":Partner])): Send request and verify the response successfully

2019-08-23 18:52:02 - [MESSAGE][INFO] - HAR: /Users/eiralee/Katalon_Script/SuperWild/Reports/20190823_184757/INT/superWild_1/20190823_184757/requests/main/48.har

2019-08-23 18:52:02 - [TEST_CASE][PASSED] - Start Test Case : Verification: Verification accomplished successfully

2019-08-23 18:52:02 - [TEST_STEP][PASSED] - request = getInstance().getCurrentRequest(): null

2019-08-23 18:52:02 - [TEST_STEP][PASSED] - response = getInstance().getCurrentResponse(): null

2019-08-23 18:52:02 - [TEST_STEP][PASSED] - verifyResponseStatusCode(response, 200): Verify response status code successfully

2019-08-23 18:52:02 - [MESSAGE][PASSED] - Verify response status code successfully

2019-08-23 18:52:02 - [TEST_STEP][PASSED] - getStatusCode()).isEqualTo(200): null

2019-08-23 18:52:02 - [TEST_STEP][PASSED] - newline = System.getProperty("line.separator"): null

2019-08-23 18:52:02 - [TEST_STEP][PASSED] - M4_spin = new groovy.json.JsonSlurper(): null

2019-08-23 18:52:02 - [TEST_STEP][PASSED] - result_M4_spin = M4_spin.parseText(response.getResponseBodyContent()): null

2019-08-23 18:52:02 - [TEST_STEP][PASSED] - M4_spin_current_balance = current_balance: null

2019-08-23 18:52:02 - [TEST_STEP][PASSED] - M4_spin_current_balance = M4_spin_current_balance: null

2019-08-23 18:52:02 - [TEST_STEP][PASSED] - M4_spin_transaction_id = causality: null

2019-08-23 18:52:02 - [TEST_STEP][PASSED] - M4_spin_transaction_id = M4_spin_transaction_id: null

2019-08-23 18:52:02 - [TEST_STEP][PASSED] - M4_spin_round_id = round_id: null

2019-08-23 18:52:02 - [TEST_STEP][PASSED] - M4_spin_round_id = M4_spin_round_id: null

2019-08-23 18:52:02 - [TEST_STEP][PASSED] - M4_spin_line_wins = line_wins: null

2019-08-23 18:52:02 - [TEST_STEP][PASSED] - M4_spin_line_wins = M4_spin_line_wins: null

2019-08-23 18:52:02 - [TEST_STEP][PASSED] - M4_total_bonus_spins_int = total_bonus_spins: null

2019-08-23 18:52:02 - [TEST_STEP][PASSED] - println("******M4_total_bonus_spins type is:*******" + newline + getClass().getName()): null

2019-08-23 18:52:02 - [TEST_STEP][PASSED] - M4_total_bonus_spins_int = M4_total_bonus_spins_int: null

2019-08-23 18:52:02 - [TEST_STEP][PASSED] - M4_total_bonus_spins = Integer.toString(M4_total_bonus_spins_int): null

2019-08-23 18:52:02 - [TEST_STEP][PASSED] - M4_total_bonus_spins = M4_total_bonus_spins: null

2019-08-23 18:52:02 - [TEST_STEP][PASSED] - println("M4_total_bonus_spins is:" + M4_total_bonus_spins): null

2019-08-23 18:52:02 - [TEST_STEP][PASSED] - M4_spin_bonus_data = bonus_data: null

2019-08-23 18:52:02 - [TEST_STEP][PASSED] - M4_spin_features_triggered = result_M4_spin: null

2019-08-23 18:52:02 - [TEST_STEP][PASSED] - wild = []: null

2019-08-23 18:52:02 - [TEST_STEP][PASSED] - wild[0] = "WILD_Expanding": null

2019-08-23 18:52:02 - [TEST_STEP][PASSED] - wild[1] = "WILD_Normal": null

2019-08-23 18:52:02 - [TEST_STEP][PASSED] - wild[2] = "WILD_Double": null

2019-08-23 18:52:02 - [TEST_STEP][PASSED] - wild[3] = "WILD_ExtraFG": null

2019-08-23 18:52:02 - [TEST_STEP][PASSED] - wild[4] = "WILD_Triple": null

2019-08-23 18:52:02 - [TEST_STEP][PASSED] - wildList = Arrays.asList(wild): null

2019-08-23 18:52:02 - [TEST_STEP][PASSED] - wildList = wildList: null

2019-08-23 18:52:02 - [TEST_STEP][PASSED] - free_spin_reel_counter = []: null

2019-08-23 18:52:02 - [TEST_STEP][PASSED] - free_spin_reel_counter[0] = 0: null

2019-08-23 18:52:02 - [TEST_STEP][PASSED] - free_spin_reel_counter[1] = 0: null

2019-08-23 18:52:02 - [TEST_STEP][PASSED] - free_spin_reel_counter[2] = 0: null

2019-08-23 18:52:02 - [TEST_STEP][PASSED] - M4_spin_reels = reels: null

2019-08-23 18:52:02 - [TEST_STEP][PASSED] - for ([i = 0, i &lt; M4_spin_reels.size(), (i++)]): null

2019-08-23 18:52:02 - [TEST_STEP][PASSED] - symbols = symbols: null

2019-08-23 18:52:02 - [TEST_STEP][PASSED] - for ([j = 0, j &lt; symbols.size(), (j++)]): null

2019-08-23 18:52:02 - [TEST_STEP][PASSED] - symbol = symbol: null

2019-08-23 18:52:02 - [TEST_STEP][PASSED] - println(symbol): null

2019-08-23 18:52:02 - [TEST_STEP][PASSED] - if (i == 2 &amp;&amp; wildList.indexOf(symbol) != -1): null

2019-08-23 18:52:02 - [TEST_STEP][PASSED] - if (i == 3 &amp;&amp; wildList.indexOf(symbol) != -1): null

2019-08-23 18:52:02 - [TEST_STEP][PASSED] - if (i == 4 &amp;&amp; wildList.indexOf(symbol) != -1): null

2019-08-23 18:52:02 - [TEST_STEP][PASSED] - symbol = symbol: null

2019-08-23 18:52:02 - [TEST_STEP][PASSED] - println(symbol): null

2019-08-23 18:52:02 - [TEST_STEP][PASSED] - if (i == 2 &amp;&amp; wildList.indexOf(symbol) != -1): null

2019-08-23 18:52:02 - [TEST_STEP][PASSED] - if (i == 3 &amp;&amp; wildList.indexOf(symbol) != -1): null

2019-08-23 18:52:02 - [TEST_STEP][PASSED] - if (i == 4 &amp;&amp; wildList.indexOf(symbol) != -1): null

2019-08-23 18:52:02 - [TEST_STEP][PASSED] - symbol = symbol: null

2019-08-23 18:52:02 - [TEST_STEP][PASSED] - println(symbol): null

2019-08-23 18:52:02 - [TEST_STEP][PASSED] - if (i == 2 &amp;&amp; wildList.indexOf(symbol) != -1): null

2019-08-23 18:52:02 - [TEST_STEP][PASSED] - if (i == 3 &amp;&amp; wildList.indexOf(symbol) != -1): null

2019-08-23 18:52:02 - [TEST_STEP][PASSED] - if (i == 4 &amp;&amp; wildList.indexOf(symbol) != -1): null

2019-08-23 18:52:02 - [TEST_STEP][PASSED] - symbols = symbols: null

2019-08-23 18:52:02 - [TEST_STEP][PASSED] - for ([j = 0, j &lt; symbols.size(), (j++)]): null

2019-08-23 18:52:02 - [TEST_STEP][PASSED] - symbol = symbol: null

2019-08-23 18:52:02 - [TEST_STEP][PASSED] - println(symbol): null

2019-08-23 18:52:02 - [TEST_STEP][PASSED] - if (i == 2 &amp;&amp; wildList.indexOf(symbol) != -1): null

2019-08-23 18:52:02 - [TEST_STEP][PASSED] - if (i == 3 &amp;&amp; wildList.indexOf(symbol) != -1): null

2019-08-23 18:52:02 - [TEST_STEP][PASSED] - if (i == 4 &amp;&amp; wildList.indexOf(symbol) != -1): null

2019-08-23 18:52:02 - [TEST_STEP][PASSED] - symbol = symbol: null

2019-08-23 18:52:02 - [TEST_STEP][PASSED] - println(symbol): null

2019-08-23 18:52:02 - [TEST_STEP][PASSED] - if (i == 2 &amp;&amp; wildList.indexOf(symbol) != -1): null

2019-08-23 18:52:02 - [TEST_STEP][PASSED] - if (i == 3 &amp;&amp; wildList.indexOf(symbol) != -1): null

2019-08-23 18:52:02 - [TEST_STEP][PASSED] - if (i == 4 &amp;&amp; wildList.indexOf(symbol) != -1): null

2019-08-23 18:52:02 - [TEST_STEP][PASSED] - symbol = symbol: null

2019-08-23 18:52:02 - [TEST_STEP][PASSED] - println(symbol): null

2019-08-23 18:52:02 - [TEST_STEP][PASSED] - if (i == 2 &amp;&amp; wildList.indexOf(symbol) != -1): null

2019-08-23 18:52:02 - [TEST_STEP][PASSED] - if (i == 3 &amp;&amp; wildList.indexOf(symbol) != -1): null

2019-08-23 18:52:02 - [TEST_STEP][PASSED] - if (i == 4 &amp;&amp; wildList.indexOf(symbol) != -1): null

2019-08-23 18:52:02 - [TEST_STEP][PASSED] - symbols = symbols: null

2019-08-23 18:52:02 - [TEST_STEP][PASSED] - for ([j = 0, j &lt; symbols.size(), (j++)]): null

2019-08-23 18:52:02 - [TEST_STEP][PASSED] - symbol = symbol: null

2019-08-23 18:52:02 - [TEST_STEP][PASSED] - println(symbol): null

2019-08-23 18:52:02 - [TEST_STEP][PASSED] - if (i == 2 &amp;&amp; wildList.indexOf(symbol) != -1): null

2019-08-23 18:52:02 - [TEST_STEP][PASSED] - if (i == 3 &amp;&amp; wildList.indexOf(symbol) != -1): null

2019-08-23 18:52:02 - [TEST_STEP][PASSED] - if (i == 4 &amp;&amp; wildList.indexOf(symbol) != -1): null

2019-08-23 18:52:02 - [TEST_STEP][PASSED] - symbol = symbol: null

2019-08-23 18:52:02 - [TEST_STEP][PASSED] - println(symbol): null

2019-08-23 18:52:02 - [TEST_STEP][PASSED] - if (i == 2 &amp;&amp; wildList.indexOf(symbol) != -1): null

2019-08-23 18:52:02 - [TEST_STEP][PASSED] - if (i == 3 &amp;&amp; wildList.indexOf(symbol) != -1): null

2019-08-23 18:52:02 - [TEST_STEP][PASSED] - if (i == 4 &amp;&amp; wildList.indexOf(symbol) != -1): null

2019-08-23 18:52:02 - [TEST_STEP][PASSED] - symbol = symbol: null

2019-08-23 18:52:02 - [TEST_STEP][PASSED] - println(symbol): null

2019-08-23 18:52:02 - [TEST_STEP][PASSED] - if (i == 2 &amp;&amp; wildList.indexOf(symbol) != -1): null

2019-08-23 18:52:02 - [TEST_STEP][PASSED] - if (i == 3 &amp;&amp; wildList.indexOf(symbol) != -1): null

2019-08-23 18:52:02 - [TEST_STEP][PASSED] - if (i == 4 &amp;&amp; wildList.indexOf(symbol) != -1): null

2019-08-23 18:52:02 - [TEST_STEP][PASSED] - symbols = symbols: null

2019-08-23 18:52:02 - [TEST_STEP][PASSED] - for ([j = 0, j &lt; symbols.size(), (j++)]): null

2019-08-23 18:52:02 - [TEST_STEP][PASSED] - symbol = symbol: null

2019-08-23 18:52:02 - [TEST_STEP][PASSED] - println(symbol): null

2019-08-23 18:52:02 - [TEST_STEP][PASSED] - if (i == 2 &amp;&amp; wildList.indexOf(symbol) != -1): null

2019-08-23 18:52:02 - [TEST_STEP][PASSED] - if (i == 3 &amp;&amp; wildList.indexOf(symbol) != -1): null

2019-08-23 18:52:02 - [TEST_STEP][PASSED] - if (i == 4 &amp;&amp; wildList.indexOf(symbol) != -1): null

2019-08-23 18:52:02 - [TEST_STEP][PASSED] - symbol = symbol: null

2019-08-23 18:52:02 - [TEST_STEP][PASSED] - println(symbol): null

2019-08-23 18:52:02 - [TEST_STEP][PASSED] - if (i == 2 &amp;&amp; wildList.indexOf(symbol) != -1): null

2019-08-23 18:52:02 - [TEST_STEP][PASSED] - if (i == 3 &amp;&amp; wildList.indexOf(symbol) != -1): null

2019-08-23 18:52:02 - [TEST_STEP][PASSED] - if (i == 4 &amp;&amp; wildList.indexOf(symbol) != -1): null

2019-08-23 18:52:02 - [TEST_STEP][PASSED] - symbol = symbol: null

2019-08-23 18:52:02 - [TEST_STEP][PASSED] - println(symbol): null

2019-08-23 18:52:02 - [TEST_STEP][PASSED] - if (i == 2 &amp;&amp; wildList.indexOf(symbol) != -1): null

2019-08-23 18:52:02 - [TEST_STEP][PASSED] - if (i == 3 &amp;&amp; wildList.indexOf(symbol) != -1): null

2019-08-23 18:52:02 - [TEST_STEP][PASSED] - if (i == 4 &amp;&amp; wildList.indexOf(symbol) != -1): null

2019-08-23 18:52:02 - [TEST_STEP][PASSED] - symbols = symbols: null

2019-08-23 18:52:02 - [TEST_STEP][PASSED] - for ([j = 0, j &lt; symbols.size(), (j++)]): null

2019-08-23 18:52:02 - [TEST_STEP][PASSED] - symbol = symbol: null

2019-08-23 18:52:02 - [TEST_STEP][PASSED] - println(symbol): null

2019-08-23 18:52:02 - [TEST_STEP][PASSED] - if (i == 2 &amp;&amp; wildList.indexOf(symbol) != -1): null

2019-08-23 18:52:02 - [TEST_STEP][PASSED] - if (i == 3 &amp;&amp; wildList.indexOf(symbol) != -1): null

2019-08-23 18:52:02 - [TEST_STEP][PASSED] - if (i == 4 &amp;&amp; wildList.indexOf(symbol) != -1): null

2019-08-23 18:52:02 - [TEST_STEP][PASSED] - symbol = symbol: null

2019-08-23 18:52:02 - [TEST_STEP][PASSED] - println(symbol): null

2019-08-23 18:52:02 - [TEST_STEP][PASSED] - if (i == 2 &amp;&amp; wildList.indexOf(symbol) != -1): null

2019-08-23 18:52:02 - [TEST_STEP][PASSED] - if (i == 3 &amp;&amp; wildList.indexOf(symbol) != -1): null

2019-08-23 18:52:02 - [TEST_STEP][PASSED] - if (i == 4 &amp;&amp; wildList.indexOf(symbol) != -1): null

2019-08-23 18:52:02 - [TEST_STEP][PASSED] - symbol = symbol: null

2019-08-23 18:52:02 - [TEST_STEP][PASSED] - println(symbol): null

2019-08-23 18:52:02 - [TEST_STEP][PASSED] - if (i == 2 &amp;&amp; wildList.indexOf(symbol) != -1): null

2019-08-23 18:52:02 - [TEST_STEP][PASSED] - if (i == 3 &amp;&amp; wildList.indexOf(symbol) != -1): null

2019-08-23 18:52:02 - [TEST_STEP][PASSED] - if (i == 4 &amp;&amp; wildList.indexOf(symbol) != -1): null

2019-08-23 18:52:02 - [TEST_STEP][PASSED] - free_spin_reel_counter = free_spin_reel_counter: null

2019-08-23 18:52:02 - [TEST_STEP][PASSED] - println("reel 3 wild found: " + free_spin_reel_counter[0]): null

2019-08-23 18:52:02 - [TEST_STEP][PASSED] - println("reel 4 wild found: " + free_spin_reel_counter[1]): null

2019-08-23 18:52:02 - [TEST_STEP][PASSED] - println("reel 5 wild found: " + free_spin_reel_counter[2]): null

2019-08-23 18:52:02 - [TEST_STEP][PASSED] - M4_spin_reels = M4_spin_reels: null

2019-08-23 18:52:02 - [TEST_STEP][PASSED] - M4_spin_reels_symbols = symbol: null

2019-08-23 18:52:02 - [TEST_STEP][PASSED] - M4_spin_reels_symbols = M4_spin_reels_symbols: null

2019-08-23 18:52:02 - [TEST_STEP][PASSED] - M4_spin_reel_wins = reel_wins: null

2019-08-23 18:52:02 - [TEST_STEP][PASSED] - M4_spin_reel_wins = M4_spin_reel_wins: null

2019-08-23 18:52:02 - [TEST_STEP][PASSED] - println("GlobalVariable.M4_spin_reel_wins is: " + M4_spin_reel_wins): null

2019-08-23 18:52:02 - [TEST_STEP][PASSED] - M4_spin_total_bonus_win_this_round = total_bonus_win_this_round: null

2019-08-23 18:52:02 - [TEST_STEP][PASSED] - M4_spin_total_bonus_win_this_round = M4_spin_total_bonus_win_this_round: null

2019-08-23 18:52:02 - [TEST_STEP][PASSED] - println("GlobalVariable.M4_spin_total_bonus_win_this_round is: " + M4_spin_total_bonus_win_this_round): null

2019-08-23 18:52:02 - [TEST_STEP][PASSED] - M4_spin_bonus_spin_result = spin_result: null

2019-08-23 18:52:02 - [TEST_STEP][PASSED] - M4_spin_bonus_spin_result = M4_spin_bonus_spin_result: null

2019-08-23 18:52:02 - [MESSAGE][PASSED] - Verify response successfully

2019-08-23 18:52:02 - [MESSAGE][PASSED] - Send request and verify the response successfully

2019-08-23 18:52:02 - [TEST_STEP][PASSED] - if (free_spin_reel_counter[0] &gt;= 1 &amp;&amp; free_spin_reel_counter[1] &gt;= 1 &amp;&amp; free_spin_reel_counter[2] &gt;= 1): null

2019-08-23 18:52:02 - [TEST_STEP][PASSED] - spin_result = sendRequestAndVerify(findTestObject("INT/RGS(M4)/1_M4_spin", ["M4_login_user_id":M4_login_user_id, "rgs_session_token":rgs_session_token, "partner":Partner])): Send request and verify the response successfully

2019-08-23 18:52:03 - [MESSAGE][INFO] - HAR: /Users/eiralee/Katalon_Script/SuperWild/Reports/20190823_184757/INT/superWild_1/20190823_184757/requests/main/49.har

2019-08-23 18:52:03 - [TEST_CASE][PASSED] - Start Test Case : Verification: Verification accomplished successfully

2019-08-23 18:52:03 - [TEST_STEP][PASSED] - request = getInstance().getCurrentRequest(): null

2019-08-23 18:52:03 - [TEST_STEP][PASSED] - response = getInstance().getCurrentResponse(): null

2019-08-23 18:52:03 - [TEST_STEP][PASSED] - verifyResponseStatusCode(response, 200): Verify response status code successfully

2019-08-23 18:52:03 - [MESSAGE][PASSED] - Verify response status code successfully

2019-08-23 18:52:03 - [TEST_STEP][PASSED] - getStatusCode()).isEqualTo(200): null

2019-08-23 18:52:03 - [TEST_STEP][PASSED] - newline = System.getProperty("line.separator"): null

2019-08-23 18:52:03 - [TEST_STEP][PASSED] - M4_spin = new groovy.json.JsonSlurper(): null

2019-08-23 18:52:03 - [TEST_STEP][PASSED] - result_M4_spin = M4_spin.parseText(response.getResponseBodyContent()): null

2019-08-23 18:52:03 - [TEST_STEP][PASSED] - M4_spin_current_balance = current_balance: null

2019-08-23 18:52:03 - [TEST_STEP][PASSED] - M4_spin_current_balance = M4_spin_current_balance: null

2019-08-23 18:52:03 - [TEST_STEP][PASSED] - M4_spin_transaction_id = causality: null

2019-08-23 18:52:03 - [TEST_STEP][PASSED] - M4_spin_transaction_id = M4_spin_transaction_id: null

2019-08-23 18:52:03 - [TEST_STEP][PASSED] - M4_spin_round_id = round_id: null

2019-08-23 18:52:03 - [TEST_STEP][PASSED] - M4_spin_round_id = M4_spin_round_id: null

2019-08-23 18:52:03 - [TEST_STEP][PASSED] - M4_spin_line_wins = line_wins: null

2019-08-23 18:52:03 - [TEST_STEP][PASSED] - M4_spin_line_wins = M4_spin_line_wins: null

2019-08-23 18:52:03 - [TEST_STEP][PASSED] - M4_total_bonus_spins_int = total_bonus_spins: null

2019-08-23 18:52:03 - [TEST_STEP][PASSED] - println("******M4_total_bonus_spins type is:*******" + newline + getClass().getName()): null

2019-08-23 18:52:03 - [TEST_STEP][PASSED] - M4_total_bonus_spins_int = M4_total_bonus_spins_int: null

2019-08-23 18:52:03 - [TEST_STEP][PASSED] - M4_total_bonus_spins = Integer.toString(M4_total_bonus_spins_int): null

2019-08-23 18:52:03 - [TEST_STEP][PASSED] - M4_total_bonus_spins = M4_total_bonus_spins: null

2019-08-23 18:52:03 - [TEST_STEP][PASSED] - println("M4_total_bonus_spins is:" + M4_total_bonus_spins): null

2019-08-23 18:52:03 - [TEST_STEP][PASSED] - M4_spin_bonus_data = bonus_data: null

2019-08-23 18:52:03 - [TEST_STEP][PASSED] - M4_spin_features_triggered = result_M4_spin: null

2019-08-23 18:52:03 - [TEST_STEP][PASSED] - wild = []: null

2019-08-23 18:52:03 - [TEST_STEP][PASSED] - wild[0] = "WILD_Expanding": null

2019-08-23 18:52:03 - [TEST_STEP][PASSED] - wild[1] = "WILD_Normal": null

2019-08-23 18:52:03 - [TEST_STEP][PASSED] - wild[2] = "WILD_Double": null

2019-08-23 18:52:03 - [TEST_STEP][PASSED] - wild[3] = "WILD_ExtraFG": null

2019-08-23 18:52:03 - [TEST_STEP][PASSED] - wild[4] = "WILD_Triple": null

2019-08-23 18:52:03 - [TEST_STEP][PASSED] - wildList = Arrays.asList(wild): null

2019-08-23 18:52:03 - [TEST_STEP][PASSED] - wildList = wildList: null

2019-08-23 18:52:03 - [TEST_STEP][PASSED] - free_spin_reel_counter = []: null

2019-08-23 18:52:03 - [TEST_STEP][PASSED] - free_spin_reel_counter[0] = 0: null

2019-08-23 18:52:03 - [TEST_STEP][PASSED] - free_spin_reel_counter[1] = 0: null

2019-08-23 18:52:03 - [TEST_STEP][PASSED] - free_spin_reel_counter[2] = 0: null

2019-08-23 18:52:03 - [TEST_STEP][PASSED] - M4_spin_reels = reels: null

2019-08-23 18:52:03 - [TEST_STEP][PASSED] - for ([i = 0, i &lt; M4_spin_reels.size(), (i++)]): null

2019-08-23 18:52:03 - [TEST_STEP][PASSED] - symbols = symbols: null

2019-08-23 18:52:03 - [TEST_STEP][PASSED] - for ([j = 0, j &lt; symbols.size(), (j++)]): null

2019-08-23 18:52:03 - [TEST_STEP][PASSED] - symbol = symbol: null

2019-08-23 18:52:03 - [TEST_STEP][PASSED] - println(symbol): null

2019-08-23 18:52:03 - [TEST_STEP][PASSED] - if (i == 2 &amp;&amp; wildList.indexOf(symbol) != -1): null

2019-08-23 18:52:03 - [TEST_STEP][PASSED] - if (i == 3 &amp;&amp; wildList.indexOf(symbol) != -1): null

2019-08-23 18:52:03 - [TEST_STEP][PASSED] - if (i == 4 &amp;&amp; wildList.indexOf(symbol) != -1): null

2019-08-23 18:52:03 - [TEST_STEP][PASSED] - symbol = symbol: null

2019-08-23 18:52:03 - [TEST_STEP][PASSED] - println(symbol): null

2019-08-23 18:52:03 - [TEST_STEP][PASSED] - if (i == 2 &amp;&amp; wildList.indexOf(symbol) != -1): null

2019-08-23 18:52:03 - [TEST_STEP][PASSED] - if (i == 3 &amp;&amp; wildList.indexOf(symbol) != -1): null

2019-08-23 18:52:03 - [TEST_STEP][PASSED] - if (i == 4 &amp;&amp; wildList.indexOf(symbol) != -1): null

2019-08-23 18:52:03 - [TEST_STEP][PASSED] - symbol = symbol: null

2019-08-23 18:52:03 - [TEST_STEP][PASSED] - println(symbol): null

2019-08-23 18:52:03 - [TEST_STEP][PASSED] - if (i == 2 &amp;&amp; wildList.indexOf(symbol) != -1): null

2019-08-23 18:52:03 - [TEST_STEP][PASSED] - if (i == 3 &amp;&amp; wildList.indexOf(symbol) != -1): null

2019-08-23 18:52:03 - [TEST_STEP][PASSED] - if (i == 4 &amp;&amp; wildList.indexOf(symbol) != -1): null

2019-08-23 18:52:03 - [TEST_STEP][PASSED] - symbols = symbols: null

2019-08-23 18:52:03 - [TEST_STEP][PASSED] - for ([j = 0, j &lt; symbols.size(), (j++)]): null

2019-08-23 18:52:03 - [TEST_STEP][PASSED] - symbol = symbol: null

2019-08-23 18:52:03 - [TEST_STEP][PASSED] - println(symbol): null

2019-08-23 18:52:03 - [TEST_STEP][PASSED] - if (i == 2 &amp;&amp; wildList.indexOf(symbol) != -1): null

2019-08-23 18:52:03 - [TEST_STEP][PASSED] - if (i == 3 &amp;&amp; wildList.indexOf(symbol) != -1): null

2019-08-23 18:52:03 - [TEST_STEP][PASSED] - if (i == 4 &amp;&amp; wildList.indexOf(symbol) != -1): null

2019-08-23 18:52:03 - [TEST_STEP][PASSED] - symbol = symbol: null

2019-08-23 18:52:03 - [TEST_STEP][PASSED] - println(symbol): null

2019-08-23 18:52:03 - [TEST_STEP][PASSED] - if (i == 2 &amp;&amp; wildList.indexOf(symbol) != -1): null

2019-08-23 18:52:03 - [TEST_STEP][PASSED] - if (i == 3 &amp;&amp; wildList.indexOf(symbol) != -1): null

2019-08-23 18:52:03 - [TEST_STEP][PASSED] - if (i == 4 &amp;&amp; wildList.indexOf(symbol) != -1): null

2019-08-23 18:52:03 - [TEST_STEP][PASSED] - symbol = symbol: null

2019-08-23 18:52:03 - [TEST_STEP][PASSED] - println(symbol): null

2019-08-23 18:52:03 - [TEST_STEP][PASSED] - if (i == 2 &amp;&amp; wildList.indexOf(symbol) != -1): null

2019-08-23 18:52:03 - [TEST_STEP][PASSED] - if (i == 3 &amp;&amp; wildList.indexOf(symbol) != -1): null

2019-08-23 18:52:03 - [TEST_STEP][PASSED] - if (i == 4 &amp;&amp; wildList.indexOf(symbol) != -1): null

2019-08-23 18:52:03 - [TEST_STEP][PASSED] - symbols = symbols: null

2019-08-23 18:52:03 - [TEST_STEP][PASSED] - for ([j = 0, j &lt; symbols.size(), (j++)]): null

2019-08-23 18:52:03 - [TEST_STEP][PASSED] - symbol = symbol: null

2019-08-23 18:52:03 - [TEST_STEP][PASSED] - println(symbol): null

2019-08-23 18:52:03 - [TEST_STEP][PASSED] - if (i == 2 &amp;&amp; wildList.indexOf(symbol) != -1): null

2019-08-23 18:52:03 - [TEST_STEP][PASSED] - if (i == 3 &amp;&amp; wildList.indexOf(symbol) != -1): null

2019-08-23 18:52:03 - [TEST_STEP][PASSED] - if (i == 4 &amp;&amp; wildList.indexOf(symbol) != -1): null

2019-08-23 18:52:03 - [TEST_STEP][PASSED] - symbol = symbol: null

2019-08-23 18:52:03 - [TEST_STEP][PASSED] - println(symbol): null

2019-08-23 18:52:03 - [TEST_STEP][PASSED] - if (i == 2 &amp;&amp; wildList.indexOf(symbol) != -1): null

2019-08-23 18:52:03 - [TEST_STEP][PASSED] - println("wild found on reel 3, adding counter by 1"): null

2019-08-23 18:52:03 - [TEST_STEP][PASSED] - free_spin_reel_counter[0] = free_spin_reel_counter[0] + 1: null

2019-08-23 18:52:03 - [TEST_STEP][PASSED] - if (i == 3 &amp;&amp; wildList.indexOf(symbol) != -1): null

2019-08-23 18:52:03 - [TEST_STEP][PASSED] - if (i == 4 &amp;&amp; wildList.indexOf(symbol) != -1): null

2019-08-23 18:52:03 - [TEST_STEP][PASSED] - symbol = symbol: null

2019-08-23 18:52:03 - [TEST_STEP][PASSED] - println(symbol): null

2019-08-23 18:52:03 - [TEST_STEP][PASSED] - if (i == 2 &amp;&amp; wildList.indexOf(symbol) != -1): null

2019-08-23 18:52:03 - [TEST_STEP][PASSED] - if (i == 3 &amp;&amp; wildList.indexOf(symbol) != -1): null

2019-08-23 18:52:03 - [TEST_STEP][PASSED] - if (i == 4 &amp;&amp; wildList.indexOf(symbol) != -1): null

2019-08-23 18:52:03 - [TEST_STEP][PASSED] - symbols = symbols: null

2019-08-23 18:52:03 - [TEST_STEP][PASSED] - for ([j = 0, j &lt; symbols.size(), (j++)]): null

2019-08-23 18:52:03 - [TEST_STEP][PASSED] - symbol = symbol: null

2019-08-23 18:52:05 - [TEST_STEP][PASSED] - println(symbol): null

2019-08-23 18:52:05 - [TEST_STEP][PASSED] - if (i == 2 &amp;&amp; wildList.indexOf(symbol) != -1): null

2019-08-23 18:52:05 - [TEST_STEP][PASSED] - if (i == 3 &amp;&amp; wildList.indexOf(symbol) != -1): null

2019-08-23 18:52:05 - [TEST_STEP][PASSED] - println("wild found on reel 4, adding counter by 1"): null

2019-08-23 18:52:05 - [TEST_STEP][PASSED] - free_spin_reel_counter[1] = free_spin_reel_counter[1] + 1: null

2019-08-23 18:52:05 - [TEST_STEP][PASSED] - if (i == 4 &amp;&amp; wildList.indexOf(symbol) != -1): null

2019-08-23 18:52:05 - [TEST_STEP][PASSED] - symbol = symbol: null

2019-08-23 18:52:05 - [TEST_STEP][PASSED] - println(symbol): null

2019-08-23 18:52:05 - [TEST_STEP][PASSED] - if (i == 2 &amp;&amp; wildList.indexOf(symbol) != -1): null

2019-08-23 18:52:05 - [TEST_STEP][PASSED] - if (i == 3 &amp;&amp; wildList.indexOf(symbol) != -1): null

2019-08-23 18:52:05 - [TEST_STEP][PASSED] - if (i == 4 &amp;&amp; wildList.indexOf(symbol) != -1): null

2019-08-23 18:52:05 - [TEST_STEP][PASSED] - symbol = symbol: null

2019-08-23 18:52:05 - [TEST_STEP][PASSED] - println(symbol): null

2019-08-23 18:52:05 - [TEST_STEP][PASSED] - if (i == 2 &amp;&amp; wildList.indexOf(symbol) != -1): null

2019-08-23 18:52:05 - [TEST_STEP][PASSED] - if (i == 3 &amp;&amp; wildList.indexOf(symbol) != -1): null

2019-08-23 18:52:05 - [TEST_STEP][PASSED] - if (i == 4 &amp;&amp; wildList.indexOf(symbol) != -1): null

2019-08-23 18:52:05 - [TEST_STEP][PASSED] - symbols = symbols: null

2019-08-23 18:52:05 - [TEST_STEP][PASSED] - for ([j = 0, j &lt; symbols.size(), (j++)]): null

2019-08-23 18:52:05 - [TEST_STEP][PASSED] - symbol = symbol: null

2019-08-23 18:52:05 - [TEST_STEP][PASSED] - println(symbol): null

2019-08-23 18:52:05 - [TEST_STEP][PASSED] - if (i == 2 &amp;&amp; wildList.indexOf(symbol) != -1): null

2019-08-23 18:52:05 - [TEST_STEP][PASSED] - if (i == 3 &amp;&amp; wildList.indexOf(symbol) != -1): null

2019-08-23 18:52:05 - [TEST_STEP][PASSED] - if (i == 4 &amp;&amp; wildList.indexOf(symbol) != -1): null

2019-08-23 18:52:05 - [TEST_STEP][PASSED] - symbol = symbol: null

2019-08-23 18:52:05 - [TEST_STEP][PASSED] - println(symbol): null

2019-08-23 18:52:05 - [TEST_STEP][PASSED] - if (i == 2 &amp;&amp; wildList.indexOf(symbol) != -1): null

2019-08-23 18:52:05 - [TEST_STEP][PASSED] - if (i == 3 &amp;&amp; wildList.indexOf(symbol) != -1): null

2019-08-23 18:52:05 - [TEST_STEP][PASSED] - if (i == 4 &amp;&amp; wildList.indexOf(symbol) != -1): null

2019-08-23 18:52:05 - [TEST_STEP][PASSED] - symbol = symbol: null

2019-08-23 18:52:05 - [TEST_STEP][PASSED] - println(symbol): null

2019-08-23 18:52:05 - [TEST_STEP][PASSED] - if (i == 2 &amp;&amp; wildList.indexOf(symbol) != -1): null

2019-08-23 18:52:05 - [TEST_STEP][PASSED] - if (i == 3 &amp;&amp; wildList.indexOf(symbol) != -1): null

2019-08-23 18:52:05 - [TEST_STEP][PASSED] - if (i == 4 &amp;&amp; wildList.indexOf(symbol) != -1): null

2019-08-23 18:52:05 - [TEST_STEP][PASSED] - free_spin_reel_counter = free_spin_reel_counter: null

2019-08-23 18:52:05 - [TEST_STEP][PASSED] - println("reel 3 wild found: " + free_spin_reel_counter[0]): null

2019-08-23 18:52:05 - [TEST_STEP][PASSED] - println("reel 4 wild found: " + free_spin_reel_counter[1]): null

2019-08-23 18:52:05 - [TEST_STEP][PASSED] - println("reel 5 wild found: " + free_spin_reel_counter[2]): null

2019-08-23 18:52:05 - [TEST_STEP][PASSED] - M4_spin_reels = M4_spin_reels: null

2019-08-23 18:52:05 - [TEST_STEP][PASSED] - M4_spin_reels_symbols = symbol: null

2019-08-23 18:52:05 - [TEST_STEP][PASSED] - M4_spin_reels_symbols = M4_spin_reels_symbols: null

2019-08-23 18:52:05 - [TEST_STEP][PASSED] - M4_spin_reel_wins = reel_wins: null

2019-08-23 18:52:05 - [TEST_STEP][PASSED] - M4_spin_reel_wins = M4_spin_reel_wins: null

2019-08-23 18:52:05 - [TEST_STEP][PASSED] - println("GlobalVariable.M4_spin_reel_wins is: " + M4_spin_reel_wins): null

2019-08-23 18:52:05 - [TEST_STEP][PASSED] - M4_spin_total_bonus_win_this_round = total_bonus_win_this_round: null

2019-08-23 18:52:05 - [TEST_STEP][PASSED] - M4_spin_total_bonus_win_this_round = M4_spin_total_bonus_win_this_round: null

2019-08-23 18:52:05 - [TEST_STEP][PASSED] - println("GlobalVariable.M4_spin_total_bonus_win_this_round is: " + M4_spin_total_bonus_win_this_round): null

2019-08-23 18:52:05 - [TEST_STEP][PASSED] - M4_spin_bonus_spin_result = spin_result: null

2019-08-23 18:52:05 - [TEST_STEP][PASSED] - M4_spin_bonus_spin_result = M4_spin_bonus_spin_result: null

2019-08-23 18:52:05 - [MESSAGE][PASSED] - Verify response successfully

2019-08-23 18:52:05 - [MESSAGE][PASSED] - Send request and verify the response successfully

2019-08-23 18:52:05 - [TEST_STEP][PASSED] - if (free_spin_reel_counter[0] &gt;= 1 &amp;&amp; free_spin_reel_counter[1] &gt;= 1 &amp;&amp; free_spin_reel_counter[2] &gt;= 1): null

2019-08-23 18:52:05 - [TEST_STEP][PASSED] - spin_result = sendRequestAndVerify(findTestObject("INT/RGS(M4)/1_M4_spin", ["M4_login_user_id":M4_login_user_id, "rgs_session_token":rgs_session_token, "partner":Partner])): Send request and verify the response successfully

2019-08-23 18:52:05 - [MESSAGE][INFO] - HAR: /Users/eiralee/Katalon_Script/SuperWild/Reports/20190823_184757/INT/superWild_1/20190823_184757/requests/main/50.har

2019-08-23 18:52:05 - [TEST_CASE][PASSED] - Start Test Case : Verification: Verification accomplished successfully

2019-08-23 18:52:06 - [TEST_STEP][PASSED] - request = getInstance().getCurrentRequest(): null

2019-08-23 18:52:06 - [TEST_STEP][PASSED] - response = getInstance().getCurrentResponse(): null

2019-08-23 18:52:06 - [TEST_STEP][PASSED] - verifyResponseStatusCode(response, 200): Verify response status code successfully

2019-08-23 18:52:06 - [MESSAGE][PASSED] - Verify response status code successfully

2019-08-23 18:52:06 - [TEST_STEP][PASSED] - getStatusCode()).isEqualTo(200): null

2019-08-23 18:52:06 - [TEST_STEP][PASSED] - newline = System.getProperty("line.separator"): null

2019-08-23 18:52:06 - [TEST_STEP][PASSED] - M4_spin = new groovy.json.JsonSlurper(): null

2019-08-23 18:52:06 - [TEST_STEP][PASSED] - result_M4_spin = M4_spin.parseText(response.getResponseBodyContent()): null

2019-08-23 18:52:06 - [TEST_STEP][PASSED] - M4_spin_current_balance = current_balance: null

2019-08-23 18:52:06 - [TEST_STEP][PASSED] - M4_spin_current_balance = M4_spin_current_balance: null

2019-08-23 18:52:06 - [TEST_STEP][PASSED] - M4_spin_transaction_id = causality: null

2019-08-23 18:52:06 - [TEST_STEP][PASSED] - M4_spin_transaction_id = M4_spin_transaction_id: null

2019-08-23 18:52:06 - [TEST_STEP][PASSED] - M4_spin_round_id = round_id: null

2019-08-23 18:52:06 - [TEST_STEP][PASSED] - M4_spin_round_id = M4_spin_round_id: null

2019-08-23 18:52:06 - [TEST_STEP][PASSED] - M4_spin_line_wins = line_wins: null

2019-08-23 18:52:06 - [TEST_STEP][PASSED] - M4_spin_line_wins = M4_spin_line_wins: null

2019-08-23 18:52:06 - [TEST_STEP][PASSED] - M4_total_bonus_spins_int = total_bonus_spins: null

2019-08-23 18:52:06 - [TEST_STEP][PASSED] - println("******M4_total_bonus_spins type is:*******" + newline + getClass().getName()): null

2019-08-23 18:52:06 - [TEST_STEP][PASSED] - M4_total_bonus_spins_int = M4_total_bonus_spins_int: null

2019-08-23 18:52:06 - [TEST_STEP][PASSED] - M4_total_bonus_spins = Integer.toString(M4_total_bonus_spins_int): null

2019-08-23 18:52:06 - [TEST_STEP][PASSED] - M4_total_bonus_spins = M4_total_bonus_spins: null

2019-08-23 18:52:06 - [TEST_STEP][PASSED] - println("M4_total_bonus_spins is:" + M4_total_bonus_spins): null

2019-08-23 18:52:06 - [TEST_STEP][PASSED] - M4_spin_bonus_data = bonus_data: null

2019-08-23 18:52:06 - [TEST_STEP][PASSED] - M4_spin_features_triggered = result_M4_spin: null

2019-08-23 18:52:06 - [TEST_STEP][PASSED] - wild = []: null

2019-08-23 18:52:06 - [TEST_STEP][PASSED] - wild[0] = "WILD_Expanding": null

2019-08-23 18:52:06 - [TEST_STEP][PASSED] - wild[1] = "WILD_Normal": null

2019-08-23 18:52:06 - [TEST_STEP][PASSED] - wild[2] = "WILD_Double": null

2019-08-23 18:52:06 - [TEST_STEP][PASSED] - wild[3] = "WILD_ExtraFG": null

2019-08-23 18:52:06 - [TEST_STEP][PASSED] - wild[4] = "WILD_Triple": null

2019-08-23 18:52:06 - [TEST_STEP][PASSED] - wildList = Arrays.asList(wild): null

2019-08-23 18:52:06 - [TEST_STEP][PASSED] - wildList = wildList: null

2019-08-23 18:52:06 - [TEST_STEP][PASSED] - free_spin_reel_counter = []: null

2019-08-23 18:52:06 - [TEST_STEP][PASSED] - free_spin_reel_counter[0] = 0: null

2019-08-23 18:52:06 - [TEST_STEP][PASSED] - free_spin_reel_counter[1] = 0: null

2019-08-23 18:52:06 - [TEST_STEP][PASSED] - free_spin_reel_counter[2] = 0: null

2019-08-23 18:52:06 - [TEST_STEP][PASSED] - M4_spin_reels = reels: null

2019-08-23 18:52:06 - [TEST_STEP][PASSED] - for ([i = 0, i &lt; M4_spin_reels.size(), (i++)]): null

2019-08-23 18:52:06 - [TEST_STEP][PASSED] - symbols = symbols: null

2019-08-23 18:52:06 - [TEST_STEP][PASSED] - for ([j = 0, j &lt; symbols.size(), (j++)]): null

2019-08-23 18:52:06 - [TEST_STEP][PASSED] - symbol = symbol: null

2019-08-23 18:52:06 - [TEST_STEP][PASSED] - println(symbol): null

2019-08-23 18:52:06 - [TEST_STEP][PASSED] - if (i == 2 &amp;&amp; wildList.indexOf(symbol) != -1): null

2019-08-23 18:52:06 - [TEST_STEP][PASSED] - if (i == 3 &amp;&amp; wildList.indexOf(symbol) != -1): null

2019-08-23 18:52:06 - [TEST_STEP][PASSED] - if (i == 4 &amp;&amp; wildList.indexOf(symbol) != -1): null

2019-08-23 18:52:06 - [TEST_STEP][PASSED] - symbol = symbol: null

2019-08-23 18:52:06 - [TEST_STEP][PASSED] - println(symbol): null

2019-08-23 18:52:06 - [TEST_STEP][PASSED] - if (i == 2 &amp;&amp; wildList.indexOf(symbol) != -1): null

2019-08-23 18:52:06 - [TEST_STEP][PASSED] - if (i == 3 &amp;&amp; wildList.indexOf(symbol) != -1): null

2019-08-23 18:52:06 - [TEST_STEP][PASSED] - if (i == 4 &amp;&amp; wildList.indexOf(symbol) != -1): null

2019-08-23 18:52:06 - [TEST_STEP][PASSED] - symbol = symbol: null

2019-08-23 18:52:06 - [TEST_STEP][PASSED] - println(symbol): null

2019-08-23 18:52:06 - [TEST_STEP][PASSED] - if (i == 2 &amp;&amp; wildList.indexOf(symbol) != -1): null

2019-08-23 18:52:06 - [TEST_STEP][PASSED] - if (i == 3 &amp;&amp; wildList.indexOf(symbol) != -1): null

2019-08-23 18:52:06 - [TEST_STEP][PASSED] - if (i == 4 &amp;&amp; wildList.indexOf(symbol) != -1): null

2019-08-23 18:52:06 - [TEST_STEP][PASSED] - symbols = symbols: null

2019-08-23 18:52:06 - [TEST_STEP][PASSED] - for ([j = 0, j &lt; symbols.size(), (j++)]): null

2019-08-23 18:52:06 - [TEST_STEP][PASSED] - symbol = symbol: null

2019-08-23 18:52:06 - [TEST_STEP][PASSED] - println(symbol): null

2019-08-23 18:52:06 - [TEST_STEP][PASSED] - if (i == 2 &amp;&amp; wildList.indexOf(symbol) != -1): null

2019-08-23 18:52:06 - [TEST_STEP][PASSED] - if (i == 3 &amp;&amp; wildList.indexOf(symbol) != -1): null

2019-08-23 18:52:06 - [TEST_STEP][PASSED] - if (i == 4 &amp;&amp; wildList.indexOf(symbol) != -1): null

2019-08-23 18:52:06 - [TEST_STEP][PASSED] - symbol = symbol: null

2019-08-23 18:52:06 - [TEST_STEP][PASSED] - println(symbol): null

2019-08-23 18:52:06 - [TEST_STEP][PASSED] - if (i == 2 &amp;&amp; wildList.indexOf(symbol) != -1): null

2019-08-23 18:52:06 - [TEST_STEP][PASSED] - if (i == 3 &amp;&amp; wildList.indexOf(symbol) != -1): null

2019-08-23 18:52:06 - [TEST_STEP][PASSED] - if (i == 4 &amp;&amp; wildList.indexOf(symbol) != -1): null

2019-08-23 18:52:06 - [TEST_STEP][PASSED] - symbol = symbol: null

2019-08-23 18:52:06 - [TEST_STEP][PASSED] - println(symbol): null

2019-08-23 18:52:06 - [TEST_STEP][PASSED] - if (i == 2 &amp;&amp; wildList.indexOf(symbol) != -1): null

2019-08-23 18:52:06 - [TEST_STEP][PASSED] - if (i == 3 &amp;&amp; wildList.indexOf(symbol) != -1): null

2019-08-23 18:52:06 - [TEST_STEP][PASSED] - if (i == 4 &amp;&amp; wildList.indexOf(symbol) != -1): null

2019-08-23 18:52:06 - [TEST_STEP][PASSED] - symbols = symbols: null

2019-08-23 18:52:06 - [TEST_STEP][PASSED] - for ([j = 0, j &lt; symbols.size(), (j++)]): null

2019-08-23 18:52:06 - [TEST_STEP][PASSED] - symbol = symbol: null

2019-08-23 18:52:06 - [TEST_STEP][PASSED] - println(symbol): null

2019-08-23 18:52:06 - [TEST_STEP][PASSED] - if (i == 2 &amp;&amp; wildList.indexOf(symbol) != -1): null

2019-08-23 18:52:06 - [TEST_STEP][PASSED] - if (i == 3 &amp;&amp; wildList.indexOf(symbol) != -1): null

2019-08-23 18:52:06 - [TEST_STEP][PASSED] - if (i == 4 &amp;&amp; wildList.indexOf(symbol) != -1): null

2019-08-23 18:52:06 - [TEST_STEP][PASSED] - symbol = symbol: null

2019-08-23 18:52:06 - [TEST_STEP][PASSED] - println(symbol): null

2019-08-23 18:52:06 - [TEST_STEP][PASSED] - if (i == 2 &amp;&amp; wildList.indexOf(symbol) != -1): null

2019-08-23 18:52:06 - [TEST_STEP][PASSED] - if (i == 3 &amp;&amp; wildList.indexOf(symbol) != -1): null

2019-08-23 18:52:06 - [TEST_STEP][PASSED] - if (i == 4 &amp;&amp; wildList.indexOf(symbol) != -1): null

2019-08-23 18:52:06 - [TEST_STEP][PASSED] - symbol = symbol: null

2019-08-23 18:52:06 - [TEST_STEP][PASSED] - println(symbol): null

2019-08-23 18:52:06 - [TEST_STEP][PASSED] - if (i == 2 &amp;&amp; wildList.indexOf(symbol) != -1): null

2019-08-23 18:52:06 - [TEST_STEP][PASSED] - println("wild found on reel 3, adding counter by 1"): null

2019-08-23 18:52:06 - [TEST_STEP][PASSED] - free_spin_reel_counter[0] = free_spin_reel_counter[0] + 1: null

2019-08-23 18:52:06 - [TEST_STEP][PASSED] - if (i == 3 &amp;&amp; wildList.indexOf(symbol) != -1): null

2019-08-23 18:52:06 - [TEST_STEP][PASSED] - if (i == 4 &amp;&amp; wildList.indexOf(symbol) != -1): null

2019-08-23 18:52:06 - [TEST_STEP][PASSED] - symbols = symbols: null

2019-08-23 18:52:06 - [TEST_STEP][PASSED] - for ([j = 0, j &lt; symbols.size(), (j++)]): null

2019-08-23 18:52:06 - [TEST_STEP][PASSED] - symbol = symbol: null

2019-08-23 18:52:06 - [TEST_STEP][PASSED] - println(symbol): null

2019-08-23 18:52:06 - [TEST_STEP][PASSED] - if (i == 2 &amp;&amp; wildList.indexOf(symbol) != -1): null

2019-08-23 18:52:06 - [TEST_STEP][PASSED] - if (i == 3 &amp;&amp; wildList.indexOf(symbol) != -1): null

2019-08-23 18:52:06 - [TEST_STEP][PASSED] - if (i == 4 &amp;&amp; wildList.indexOf(symbol) != -1): null

2019-08-23 18:52:06 - [TEST_STEP][PASSED] - symbol = symbol: null

2019-08-23 18:52:06 - [TEST_STEP][PASSED] - println(symbol): null

2019-08-23 18:52:06 - [TEST_STEP][PASSED] - if (i == 2 &amp;&amp; wildList.indexOf(symbol) != -1): null

2019-08-23 18:52:06 - [TEST_STEP][PASSED] - if (i == 3 &amp;&amp; wildList.indexOf(symbol) != -1): null

2019-08-23 18:52:06 - [TEST_STEP][PASSED] - if (i == 4 &amp;&amp; wildList.indexOf(symbol) != -1): null

2019-08-23 18:52:06 - [TEST_STEP][PASSED] - symbol = symbol: null

2019-08-23 18:52:06 - [TEST_STEP][PASSED] - println(symbol): null

2019-08-23 18:52:06 - [TEST_STEP][PASSED] - if (i == 2 &amp;&amp; wildList.indexOf(symbol) != -1): null

2019-08-23 18:52:06 - [TEST_STEP][PASSED] - if (i == 3 &amp;&amp; wildList.indexOf(symbol) != -1): null

2019-08-23 18:52:06 - [TEST_STEP][PASSED] - println("wild found on reel 4, adding counter by 1"): null

2019-08-23 18:52:06 - [TEST_STEP][PASSED] - free_spin_reel_counter[1] = free_spin_reel_counter[1] + 1: null

2019-08-23 18:52:06 - [TEST_STEP][PASSED] - if (i == 4 &amp;&amp; wildList.indexOf(symbol) != -1): null

2019-08-23 18:52:06 - [TEST_STEP][PASSED] - symbols = symbols: null

2019-08-23 18:52:06 - [TEST_STEP][PASSED] - for ([j = 0, j &lt; symbols.size(), (j++)]): null

2019-08-23 18:52:06 - [TEST_STEP][PASSED] - symbol = symbol: null

2019-08-23 18:52:06 - [TEST_STEP][PASSED] - println(symbol): null

2019-08-23 18:52:06 - [TEST_STEP][PASSED] - if (i == 2 &amp;&amp; wildList.indexOf(symbol) != -1): null

2019-08-23 18:52:06 - [TEST_STEP][PASSED] - if (i == 3 &amp;&amp; wildList.indexOf(symbol) != -1): null

2019-08-23 18:52:06 - [TEST_STEP][PASSED] - if (i == 4 &amp;&amp; wildList.indexOf(symbol) != -1): null

2019-08-23 18:52:06 - [TEST_STEP][PASSED] - symbol = symbol: null

2019-08-23 18:52:06 - [TEST_STEP][PASSED] - println(symbol): null

2019-08-23 18:52:06 - [TEST_STEP][PASSED] - if (i == 2 &amp;&amp; wildList.indexOf(symbol) != -1): null

2019-08-23 18:52:06 - [TEST_STEP][PASSED] - if (i == 3 &amp;&amp; wildList.indexOf(symbol) != -1): null

2019-08-23 18:52:06 - [TEST_STEP][PASSED] - if (i == 4 &amp;&amp; wildList.indexOf(symbol) != -1): null

2019-08-23 18:52:06 - [TEST_STEP][PASSED] - symbol = symbol: null

2019-08-23 18:52:06 - [TEST_STEP][PASSED] - println(symbol): null

2019-08-23 18:52:06 - [TEST_STEP][PASSED] - if (i == 2 &amp;&amp; wildList.indexOf(symbol) != -1): null

2019-08-23 18:52:06 - [TEST_STEP][PASSED] - if (i == 3 &amp;&amp; wildList.indexOf(symbol) != -1): null

2019-08-23 18:52:06 - [TEST_STEP][PASSED] - if (i == 4 &amp;&amp; wildList.indexOf(symbol) != -1): null

2019-08-23 18:52:06 - [TEST_STEP][PASSED] - free_spin_reel_counter = free_spin_reel_counter: null

2019-08-23 18:52:06 - [TEST_STEP][PASSED] - println("reel 3 wild found: " + free_spin_reel_counter[0]): null

2019-08-23 18:52:06 - [TEST_STEP][PASSED] - println("reel 4 wild found: " + free_spin_reel_counter[1]): null

2019-08-23 18:52:06 - [TEST_STEP][PASSED] - println("reel 5 wild found: " + free_spin_reel_counter[2]): null

2019-08-23 18:52:06 - [TEST_STEP][PASSED] - M4_spin_reels = M4_spin_reels: null

2019-08-23 18:52:06 - [TEST_STEP][PASSED] - M4_spin_reels_symbols = symbol: null

2019-08-23 18:52:06 - [TEST_STEP][PASSED] - M4_spin_reels_symbols = M4_spin_reels_symbols: null

2019-08-23 18:52:06 - [TEST_STEP][PASSED] - M4_spin_reel_wins = reel_wins: null

2019-08-23 18:52:06 - [TEST_STEP][PASSED] - M4_spin_reel_wins = M4_spin_reel_wins: null

2019-08-23 18:52:06 - [TEST_STEP][PASSED] - println("GlobalVariable.M4_spin_reel_wins is: " + M4_spin_reel_wins): null

2019-08-23 18:52:06 - [TEST_STEP][PASSED] - M4_spin_total_bonus_win_this_round = total_bonus_win_this_round: null

2019-08-23 18:52:06 - [TEST_STEP][PASSED] - M4_spin_total_bonus_win_this_round = M4_spin_total_bonus_win_this_round: null

2019-08-23 18:52:06 - [TEST_STEP][PASSED] - println("GlobalVariable.M4_spin_total_bonus_win_this_round is: " + M4_spin_total_bonus_win_this_round): null

2019-08-23 18:52:06 - [TEST_STEP][PASSED] - M4_spin_bonus_spin_result = spin_result: null

2019-08-23 18:52:06 - [TEST_STEP][PASSED] - M4_spin_bonus_spin_result = M4_spin_bonus_spin_result: null

2019-08-23 18:52:06 - [MESSAGE][PASSED] - Verify response successfully

2019-08-23 18:52:06 - [MESSAGE][PASSED] - Send request and verify the response successfully

2019-08-23 18:52:06 - [TEST_STEP][PASSED] - if (free_spin_reel_counter[0] &gt;= 1 &amp;&amp; free_spin_reel_counter[1] &gt;= 1 &amp;&amp; free_spin_reel_counter[2] &gt;= 1): null

2019-08-23 18:52:06 - [TEST_STEP][PASSED] - spin_result = sendRequestAndVerify(findTestObject("INT/RGS(M4)/1_M4_spin", ["M4_login_user_id":M4_login_user_id, "rgs_session_token":rgs_session_token, "partner":Partner])): Send request and verify the response successfully

2019-08-23 18:52:06 - [MESSAGE][INFO] - HAR: /Users/eiralee/Katalon_Script/SuperWild/Reports/20190823_184757/INT/superWild_1/20190823_184757/requests/main/51.har

2019-08-23 18:52:06 - [TEST_CASE][PASSED] - Start Test Case : Verification: Verification accomplished successfully

2019-08-23 18:52:06 - [TEST_STEP][PASSED] - request = getInstance().getCurrentRequest(): null

2019-08-23 18:52:06 - [TEST_STEP][PASSED] - response = getInstance().getCurrentResponse(): null

2019-08-23 18:52:06 - [TEST_STEP][PASSED] - verifyResponseStatusCode(response, 200): Verify response status code successfully

2019-08-23 18:52:06 - [MESSAGE][PASSED] - Verify response status code successfully

2019-08-23 18:52:06 - [TEST_STEP][PASSED] - getStatusCode()).isEqualTo(200): null

2019-08-23 18:52:06 - [TEST_STEP][PASSED] - newline = System.getProperty("line.separator"): null

2019-08-23 18:52:06 - [TEST_STEP][PASSED] - M4_spin = new groovy.json.JsonSlurper(): null

2019-08-23 18:52:06 - [TEST_STEP][PASSED] - result_M4_spin = M4_spin.parseText(response.getResponseBodyContent()): null

2019-08-23 18:52:06 - [TEST_STEP][PASSED] - M4_spin_current_balance = current_balance: null

2019-08-23 18:52:06 - [TEST_STEP][PASSED] - M4_spin_current_balance = M4_spin_current_balance: null

2019-08-23 18:52:06 - [TEST_STEP][PASSED] - M4_spin_transaction_id = causality: null

2019-08-23 18:52:06 - [TEST_STEP][PASSED] - M4_spin_transaction_id = M4_spin_transaction_id: null

2019-08-23 18:52:06 - [TEST_STEP][PASSED] - M4_spin_round_id = round_id: null

2019-08-23 18:52:06 - [TEST_STEP][PASSED] - M4_spin_round_id = M4_spin_round_id: null

2019-08-23 18:52:06 - [TEST_STEP][PASSED] - M4_spin_line_wins = line_wins: null

2019-08-23 18:52:06 - [TEST_STEP][PASSED] - M4_spin_line_wins = M4_spin_line_wins: null

2019-08-23 18:52:06 - [TEST_STEP][PASSED] - M4_total_bonus_spins_int = total_bonus_spins: null

2019-08-23 18:52:06 - [TEST_STEP][PASSED] - println("******M4_total_bonus_spins type is:*******" + newline + getClass().getName()): null

2019-08-23 18:52:06 - [TEST_STEP][PASSED] - M4_total_bonus_spins_int = M4_total_bonus_spins_int: null

2019-08-23 18:52:06 - [TEST_STEP][PASSED] - M4_total_bonus_spins = Integer.toString(M4_total_bonus_spins_int): null

2019-08-23 18:52:06 - [TEST_STEP][PASSED] - M4_total_bonus_spins = M4_total_bonus_spins: null

2019-08-23 18:52:06 - [TEST_STEP][PASSED] - println("M4_total_bonus_spins is:" + M4_total_bonus_spins): null

2019-08-23 18:52:06 - [TEST_STEP][PASSED] - M4_spin_bonus_data = bonus_data: null

2019-08-23 18:52:06 - [TEST_STEP][PASSED] - M4_spin_features_triggered = result_M4_spin: null

2019-08-23 18:52:06 - [TEST_STEP][PASSED] - wild = []: null

2019-08-23 18:52:06 - [TEST_STEP][PASSED] - wild[0] = "WILD_Expanding": null

2019-08-23 18:52:06 - [TEST_STEP][PASSED] - wild[1] = "WILD_Normal": null

2019-08-23 18:52:06 - [TEST_STEP][PASSED] - wild[2] = "WILD_Double": null

2019-08-23 18:52:06 - [TEST_STEP][PASSED] - wild[3] = "WILD_ExtraFG": null

2019-08-23 18:52:06 - [TEST_STEP][PASSED] - wild[4] = "WILD_Triple": null

2019-08-23 18:52:06 - [TEST_STEP][PASSED] - wildList = Arrays.asList(wild): null

2019-08-23 18:52:06 - [TEST_STEP][PASSED] - wildList = wildList: null

2019-08-23 18:52:06 - [TEST_STEP][PASSED] - free_spin_reel_counter = []: null

2019-08-23 18:52:06 - [TEST_STEP][PASSED] - free_spin_reel_counter[0] = 0: null

2019-08-23 18:52:06 - [TEST_STEP][PASSED] - free_spin_reel_counter[1] = 0: null

2019-08-23 18:52:06 - [TEST_STEP][PASSED] - free_spin_reel_counter[2] = 0: null

2019-08-23 18:52:06 - [TEST_STEP][PASSED] - M4_spin_reels = reels: null

2019-08-23 18:52:06 - [TEST_STEP][PASSED] - for ([i = 0, i &lt; M4_spin_reels.size(), (i++)]): null

2019-08-23 18:52:06 - [TEST_STEP][PASSED] - symbols = symbols: null

2019-08-23 18:52:06 - [TEST_STEP][PASSED] - for ([j = 0, j &lt; symbols.size(), (j++)]): null

2019-08-23 18:52:06 - [TEST_STEP][PASSED] - symbol = symbol: null

2019-08-23 18:52:06 - [TEST_STEP][PASSED] - println(symbol): null

2019-08-23 18:52:06 - [TEST_STEP][PASSED] - if (i == 2 &amp;&amp; wildList.indexOf(symbol) != -1): null

2019-08-23 18:52:06 - [TEST_STEP][PASSED] - if (i == 3 &amp;&amp; wildList.indexOf(symbol) != -1): null

2019-08-23 18:52:06 - [TEST_STEP][PASSED] - if (i == 4 &amp;&amp; wildList.indexOf(symbol) != -1): null

2019-08-23 18:52:06 - [TEST_STEP][PASSED] - symbol = symbol: null

2019-08-23 18:52:06 - [TEST_STEP][PASSED] - println(symbol): null

2019-08-23 18:52:06 - [TEST_STEP][PASSED] - if (i == 2 &amp;&amp; wildList.indexOf(symbol) != -1): null

2019-08-23 18:52:06 - [TEST_STEP][PASSED] - if (i == 3 &amp;&amp; wildList.indexOf(symbol) != -1): null

2019-08-23 18:52:06 - [TEST_STEP][PASSED] - if (i == 4 &amp;&amp; wildList.indexOf(symbol) != -1): null

2019-08-23 18:52:06 - [TEST_STEP][PASSED] - symbol = symbol: null

2019-08-23 18:52:06 - [TEST_STEP][PASSED] - println(symbol): null

2019-08-23 18:52:06 - [TEST_STEP][PASSED] - if (i == 2 &amp;&amp; wildList.indexOf(symbol) != -1): null

2019-08-23 18:52:06 - [TEST_STEP][PASSED] - if (i == 3 &amp;&amp; wildList.indexOf(symbol) != -1): null

2019-08-23 18:52:06 - [TEST_STEP][PASSED] - if (i == 4 &amp;&amp; wildList.indexOf(symbol) != -1): null

2019-08-23 18:52:06 - [TEST_STEP][PASSED] - symbols = symbols: null

2019-08-23 18:52:06 - [TEST_STEP][PASSED] - for ([j = 0, j &lt; symbols.size(), (j++)]): null

2019-08-23 18:52:06 - [TEST_STEP][PASSED] - symbol = symbol: null

2019-08-23 18:52:06 - [TEST_STEP][PASSED] - println(symbol): null

2019-08-23 18:52:06 - [TEST_STEP][PASSED] - if (i == 2 &amp;&amp; wildList.indexOf(symbol) != -1): null

2019-08-23 18:52:06 - [TEST_STEP][PASSED] - if (i == 3 &amp;&amp; wildList.indexOf(symbol) != -1): null

2019-08-23 18:52:06 - [TEST_STEP][PASSED] - if (i == 4 &amp;&amp; wildList.indexOf(symbol) != -1): null

2019-08-23 18:52:06 - [TEST_STEP][PASSED] - symbol = symbol: null

2019-08-23 18:52:06 - [TEST_STEP][PASSED] - println(symbol): null

2019-08-23 18:52:06 - [TEST_STEP][PASSED] - if (i == 2 &amp;&amp; wildList.indexOf(symbol) != -1): null

2019-08-23 18:52:06 - [TEST_STEP][PASSED] - if (i == 3 &amp;&amp; wildList.indexOf(symbol) != -1): null

2019-08-23 18:52:06 - [TEST_STEP][PASSED] - if (i == 4 &amp;&amp; wildList.indexOf(symbol) != -1): null

2019-08-23 18:52:06 - [TEST_STEP][PASSED] - symbol = symbol: null

2019-08-23 18:52:06 - [TEST_STEP][PASSED] - println(symbol): null

2019-08-23 18:52:06 - [TEST_STEP][PASSED] - if (i == 2 &amp;&amp; wildList.indexOf(symbol) != -1): null

2019-08-23 18:52:06 - [TEST_STEP][PASSED] - if (i == 3 &amp;&amp; wildList.indexOf(symbol) != -1): null

2019-08-23 18:52:06 - [TEST_STEP][PASSED] - if (i == 4 &amp;&amp; wildList.indexOf(symbol) != -1): null

2019-08-23 18:52:06 - [TEST_STEP][PASSED] - symbols = symbols: null

2019-08-23 18:52:06 - [TEST_STEP][PASSED] - for ([j = 0, j &lt; symbols.size(), (j++)]): null

2019-08-23 18:52:06 - [TEST_STEP][PASSED] - symbol = symbol: null

2019-08-23 18:52:06 - [TEST_STEP][PASSED] - println(symbol): null

2019-08-23 18:52:06 - [TEST_STEP][PASSED] - if (i == 2 &amp;&amp; wildList.indexOf(symbol) != -1): null

2019-08-23 18:52:06 - [TEST_STEP][PASSED] - println("wild found on reel 3, adding counter by 1"): null

2019-08-23 18:52:06 - [TEST_STEP][PASSED] - free_spin_reel_counter[0] = free_spin_reel_counter[0] + 1: null

2019-08-23 18:52:06 - [TEST_STEP][PASSED] - if (i == 3 &amp;&amp; wildList.indexOf(symbol) != -1): null

2019-08-23 18:52:06 - [TEST_STEP][PASSED] - if (i == 4 &amp;&amp; wildList.indexOf(symbol) != -1): null

2019-08-23 18:52:06 - [TEST_STEP][PASSED] - symbol = symbol: null

2019-08-23 18:52:06 - [TEST_STEP][PASSED] - println(symbol): null

2019-08-23 18:52:06 - [TEST_STEP][PASSED] - if (i == 2 &amp;&amp; wildList.indexOf(symbol) != -1): null

2019-08-23 18:52:06 - [TEST_STEP][PASSED] - if (i == 3 &amp;&amp; wildList.indexOf(symbol) != -1): null

2019-08-23 18:52:06 - [TEST_STEP][PASSED] - if (i == 4 &amp;&amp; wildList.indexOf(symbol) != -1): null

2019-08-23 18:52:06 - [TEST_STEP][PASSED] - symbol = symbol: null

2019-08-23 18:52:06 - [TEST_STEP][PASSED] - println(symbol): null

2019-08-23 18:52:06 - [TEST_STEP][PASSED] - if (i == 2 &amp;&amp; wildList.indexOf(symbol) != -1): null

2019-08-23 18:52:06 - [TEST_STEP][PASSED] - if (i == 3 &amp;&amp; wildList.indexOf(symbol) != -1): null

2019-08-23 18:52:06 - [TEST_STEP][PASSED] - if (i == 4 &amp;&amp; wildList.indexOf(symbol) != -1): null

2019-08-23 18:52:06 - [TEST_STEP][PASSED] - symbols = symbols: null

2019-08-23 18:52:06 - [TEST_STEP][PASSED] - for ([j = 0, j &lt; symbols.size(), (j++)]): null

2019-08-23 18:52:06 - [TEST_STEP][PASSED] - symbol = symbol: null

2019-08-23 18:52:06 - [TEST_STEP][PASSED] - println(symbol): null

2019-08-23 18:52:06 - [TEST_STEP][PASSED] - if (i == 2 &amp;&amp; wildList.indexOf(symbol) != -1): null

2019-08-23 18:52:06 - [TEST_STEP][PASSED] - if (i == 3 &amp;&amp; wildList.indexOf(symbol) != -1): null

2019-08-23 18:52:06 - [TEST_STEP][PASSED] - if (i == 4 &amp;&amp; wildList.indexOf(symbol) != -1): null

2019-08-23 18:52:06 - [TEST_STEP][PASSED] - symbol = symbol: null

2019-08-23 18:52:06 - [TEST_STEP][PASSED] - println(symbol): null

2019-08-23 18:52:06 - [TEST_STEP][PASSED] - if (i == 2 &amp;&amp; wildList.indexOf(symbol) != -1): null

2019-08-23 18:52:06 - [TEST_STEP][PASSED] - if (i == 3 &amp;&amp; wildList.indexOf(symbol) != -1): null

2019-08-23 18:52:06 - [TEST_STEP][PASSED] - if (i == 4 &amp;&amp; wildList.indexOf(symbol) != -1): null

2019-08-23 18:52:06 - [TEST_STEP][PASSED] - symbol = symbol: null

2019-08-23 18:52:06 - [TEST_STEP][PASSED] - println(symbol): null

2019-08-23 18:52:06 - [TEST_STEP][PASSED] - if (i == 2 &amp;&amp; wildList.indexOf(symbol) != -1): null

2019-08-23 18:52:06 - [TEST_STEP][PASSED] - if (i == 3 &amp;&amp; wildList.indexOf(symbol) != -1): null

2019-08-23 18:52:06 - [TEST_STEP][PASSED] - if (i == 4 &amp;&amp; wildList.indexOf(symbol) != -1): null

2019-08-23 18:52:06 - [TEST_STEP][PASSED] - symbols = symbols: null

2019-08-23 18:52:06 - [TEST_STEP][PASSED] - for ([j = 0, j &lt; symbols.size(), (j++)]): null

2019-08-23 18:52:06 - [TEST_STEP][PASSED] - symbol = symbol: null

2019-08-23 18:52:06 - [TEST_STEP][PASSED] - println(symbol): null

2019-08-23 18:52:06 - [TEST_STEP][PASSED] - if (i == 2 &amp;&amp; wildList.indexOf(symbol) != -1): null

2019-08-23 18:52:06 - [TEST_STEP][PASSED] - if (i == 3 &amp;&amp; wildList.indexOf(symbol) != -1): null

2019-08-23 18:52:06 - [TEST_STEP][PASSED] - if (i == 4 &amp;&amp; wildList.indexOf(symbol) != -1): null

2019-08-23 18:52:06 - [TEST_STEP][PASSED] - symbol = symbol: null

2019-08-23 18:52:06 - [TEST_STEP][PASSED] - println(symbol): null

2019-08-23 18:52:06 - [TEST_STEP][PASSED] - if (i == 2 &amp;&amp; wildList.indexOf(symbol) != -1): null

2019-08-23 18:52:06 - [TEST_STEP][PASSED] - if (i == 3 &amp;&amp; wildList.indexOf(symbol) != -1): null

2019-08-23 18:52:06 - [TEST_STEP][PASSED] - if (i == 4 &amp;&amp; wildList.indexOf(symbol) != -1): null

2019-08-23 18:52:06 - [TEST_STEP][PASSED] - symbol = symbol: null

2019-08-23 18:52:06 - [TEST_STEP][PASSED] - println(symbol): null

2019-08-23 18:52:08 - [TEST_STEP][PASSED] - if (i == 2 &amp;&amp; wildList.indexOf(symbol) != -1): null

2019-08-23 18:52:08 - [TEST_STEP][PASSED] - if (i == 3 &amp;&amp; wildList.indexOf(symbol) != -1): null

2019-08-23 18:52:08 - [TEST_STEP][PASSED] - if (i == 4 &amp;&amp; wildList.indexOf(symbol) != -1): null

2019-08-23 18:52:08 - [TEST_STEP][PASSED] - free_spin_reel_counter = free_spin_reel_counter: null

2019-08-23 18:52:08 - [TEST_STEP][PASSED] - println("reel 3 wild found: " + free_spin_reel_counter[0]): null

2019-08-23 18:52:08 - [TEST_STEP][PASSED] - println("reel 4 wild found: " + free_spin_reel_counter[1]): null

2019-08-23 18:52:08 - [TEST_STEP][PASSED] - println("reel 5 wild found: " + free_spin_reel_counter[2]): null

2019-08-23 18:52:08 - [TEST_STEP][PASSED] - M4_spin_reels = M4_spin_reels: null

2019-08-23 18:52:08 - [TEST_STEP][PASSED] - M4_spin_reels_symbols = symbol: null

2019-08-23 18:52:08 - [TEST_STEP][PASSED] - M4_spin_reels_symbols = M4_spin_reels_symbols: null

2019-08-23 18:52:08 - [TEST_STEP][PASSED] - M4_spin_reel_wins = reel_wins: null

2019-08-23 18:52:08 - [TEST_STEP][PASSED] - M4_spin_reel_wins = M4_spin_reel_wins: null

2019-08-23 18:52:08 - [TEST_STEP][PASSED] - println("GlobalVariable.M4_spin_reel_wins is: " + M4_spin_reel_wins): null

2019-08-23 18:52:08 - [TEST_STEP][PASSED] - M4_spin_total_bonus_win_this_round = total_bonus_win_this_round: null

2019-08-23 18:52:08 - [TEST_STEP][PASSED] - M4_spin_total_bonus_win_this_round = M4_spin_total_bonus_win_this_round: null

2019-08-23 18:52:08 - [TEST_STEP][PASSED] - println("GlobalVariable.M4_spin_total_bonus_win_this_round is: " + M4_spin_total_bonus_win_this_round): null

2019-08-23 18:52:08 - [TEST_STEP][PASSED] - M4_spin_bonus_spin_result = spin_result: null

2019-08-23 18:52:08 - [TEST_STEP][PASSED] - M4_spin_bonus_spin_result = M4_spin_bonus_spin_result: null

2019-08-23 18:52:08 - [MESSAGE][PASSED] - Verify response successfully

2019-08-23 18:52:08 - [MESSAGE][PASSED] - Send request and verify the response successfully

2019-08-23 18:52:08 - [TEST_STEP][PASSED] - if (free_spin_reel_counter[0] &gt;= 1 &amp;&amp; free_spin_reel_counter[1] &gt;= 1 &amp;&amp; free_spin_reel_counter[2] &gt;= 1): null

2019-08-23 18:52:08 - [TEST_STEP][PASSED] - spin_result = sendRequestAndVerify(findTestObject("INT/RGS(M4)/1_M4_spin", ["M4_login_user_id":M4_login_user_id, "rgs_session_token":rgs_session_token, "partner":Partner])): Send request and verify the response successfully

2019-08-23 18:52:09 - [MESSAGE][INFO] - HAR: /Users/eiralee/Katalon_Script/SuperWild/Reports/20190823_184757/INT/superWild_1/20190823_184757/requests/main/52.har

2019-08-23 18:52:09 - [TEST_CASE][PASSED] - Start Test Case : Verification: Verification accomplished successfully

2019-08-23 18:52:09 - [TEST_STEP][PASSED] - request = getInstance().getCurrentRequest(): null

2019-08-23 18:52:09 - [TEST_STEP][PASSED] - response = getInstance().getCurrentResponse(): null

2019-08-23 18:52:09 - [TEST_STEP][PASSED] - verifyResponseStatusCode(response, 200): Verify response status code successfully

2019-08-23 18:52:09 - [MESSAGE][PASSED] - Verify response status code successfully

2019-08-23 18:52:09 - [TEST_STEP][PASSED] - getStatusCode()).isEqualTo(200): null

2019-08-23 18:52:09 - [TEST_STEP][PASSED] - newline = System.getProperty("line.separator"): null

2019-08-23 18:52:09 - [TEST_STEP][PASSED] - M4_spin = new groovy.json.JsonSlurper(): null

2019-08-23 18:52:09 - [TEST_STEP][PASSED] - result_M4_spin = M4_spin.parseText(response.getResponseBodyContent()): null

2019-08-23 18:52:09 - [TEST_STEP][PASSED] - M4_spin_current_balance = current_balance: null

2019-08-23 18:52:09 - [TEST_STEP][PASSED] - M4_spin_current_balance = M4_spin_current_balance: null

2019-08-23 18:52:09 - [TEST_STEP][PASSED] - M4_spin_transaction_id = causality: null

2019-08-23 18:52:09 - [TEST_STEP][PASSED] - M4_spin_transaction_id = M4_spin_transaction_id: null

2019-08-23 18:52:09 - [TEST_STEP][PASSED] - M4_spin_round_id = round_id: null

2019-08-23 18:52:09 - [TEST_STEP][PASSED] - M4_spin_round_id = M4_spin_round_id: null

2019-08-23 18:52:09 - [TEST_STEP][PASSED] - M4_spin_line_wins = line_wins: null

2019-08-23 18:52:09 - [TEST_STEP][PASSED] - M4_spin_line_wins = M4_spin_line_wins: null

2019-08-23 18:52:09 - [TEST_STEP][PASSED] - M4_total_bonus_spins_int = total_bonus_spins: null

2019-08-23 18:52:09 - [TEST_STEP][PASSED] - println("******M4_total_bonus_spins type is:*******" + newline + getClass().getName()): null

2019-08-23 18:52:09 - [TEST_STEP][PASSED] - M4_total_bonus_spins_int = M4_total_bonus_spins_int: null

2019-08-23 18:52:09 - [TEST_STEP][PASSED] - M4_total_bonus_spins = Integer.toString(M4_total_bonus_spins_int): null

2019-08-23 18:52:09 - [TEST_STEP][PASSED] - M4_total_bonus_spins = M4_total_bonus_spins: null

2019-08-23 18:52:09 - [TEST_STEP][PASSED] - println("M4_total_bonus_spins is:" + M4_total_bonus_spins): null

2019-08-23 18:52:09 - [TEST_STEP][PASSED] - M4_spin_bonus_data = bonus_data: null

2019-08-23 18:52:09 - [TEST_STEP][PASSED] - M4_spin_features_triggered = result_M4_spin: null

2019-08-23 18:52:09 - [TEST_STEP][PASSED] - wild = []: null

2019-08-23 18:52:09 - [TEST_STEP][PASSED] - wild[0] = "WILD_Expanding": null

2019-08-23 18:52:09 - [TEST_STEP][PASSED] - wild[1] = "WILD_Normal": null

2019-08-23 18:52:09 - [TEST_STEP][PASSED] - wild[2] = "WILD_Double": null

2019-08-23 18:52:09 - [TEST_STEP][PASSED] - wild[3] = "WILD_ExtraFG": null

2019-08-23 18:52:09 - [TEST_STEP][PASSED] - wild[4] = "WILD_Triple": null

2019-08-23 18:52:09 - [TEST_STEP][PASSED] - wildList = Arrays.asList(wild): null

2019-08-23 18:52:09 - [TEST_STEP][PASSED] - wildList = wildList: null

2019-08-23 18:52:09 - [TEST_STEP][PASSED] - free_spin_reel_counter = []: null

2019-08-23 18:52:09 - [TEST_STEP][PASSED] - free_spin_reel_counter[0] = 0: null

2019-08-23 18:52:09 - [TEST_STEP][PASSED] - free_spin_reel_counter[1] = 0: null

2019-08-23 18:52:09 - [TEST_STEP][PASSED] - free_spin_reel_counter[2] = 0: null

2019-08-23 18:52:09 - [TEST_STEP][PASSED] - M4_spin_reels = reels: null

2019-08-23 18:52:09 - [TEST_STEP][PASSED] - for ([i = 0, i &lt; M4_spin_reels.size(), (i++)]): null

2019-08-23 18:52:09 - [TEST_STEP][PASSED] - symbols = symbols: null

2019-08-23 18:52:09 - [TEST_STEP][PASSED] - for ([j = 0, j &lt; symbols.size(), (j++)]): null

2019-08-23 18:52:09 - [TEST_STEP][PASSED] - symbol = symbol: null

2019-08-23 18:52:09 - [TEST_STEP][PASSED] - println(symbol): null

2019-08-23 18:52:09 - [TEST_STEP][PASSED] - if (i == 2 &amp;&amp; wildList.indexOf(symbol) != -1): null

2019-08-23 18:52:09 - [TEST_STEP][PASSED] - if (i == 3 &amp;&amp; wildList.indexOf(symbol) != -1): null

2019-08-23 18:52:09 - [TEST_STEP][PASSED] - if (i == 4 &amp;&amp; wildList.indexOf(symbol) != -1): null

2019-08-23 18:52:09 - [TEST_STEP][PASSED] - symbol = symbol: null

2019-08-23 18:52:09 - [TEST_STEP][PASSED] - println(symbol): null

2019-08-23 18:52:09 - [TEST_STEP][PASSED] - if (i == 2 &amp;&amp; wildList.indexOf(symbol) != -1): null

2019-08-23 18:52:09 - [TEST_STEP][PASSED] - if (i == 3 &amp;&amp; wildList.indexOf(symbol) != -1): null

2019-08-23 18:52:09 - [TEST_STEP][PASSED] - if (i == 4 &amp;&amp; wildList.indexOf(symbol) != -1): null

2019-08-23 18:52:09 - [TEST_STEP][PASSED] - symbol = symbol: null

2019-08-23 18:52:09 - [TEST_STEP][PASSED] - println(symbol): null

2019-08-23 18:52:09 - [TEST_STEP][PASSED] - if (i == 2 &amp;&amp; wildList.indexOf(symbol) != -1): null

2019-08-23 18:52:09 - [TEST_STEP][PASSED] - if (i == 3 &amp;&amp; wildList.indexOf(symbol) != -1): null

2019-08-23 18:52:09 - [TEST_STEP][PASSED] - if (i == 4 &amp;&amp; wildList.indexOf(symbol) != -1): null

2019-08-23 18:52:09 - [TEST_STEP][PASSED] - symbols = symbols: null

2019-08-23 18:52:09 - [TEST_STEP][PASSED] - for ([j = 0, j &lt; symbols.size(), (j++)]): null

2019-08-23 18:52:09 - [TEST_STEP][PASSED] - symbol = symbol: null

2019-08-23 18:52:09 - [TEST_STEP][PASSED] - println(symbol): null

2019-08-23 18:52:09 - [TEST_STEP][PASSED] - if (i == 2 &amp;&amp; wildList.indexOf(symbol) != -1): null

2019-08-23 18:52:09 - [TEST_STEP][PASSED] - if (i == 3 &amp;&amp; wildList.indexOf(symbol) != -1): null

2019-08-23 18:52:09 - [TEST_STEP][PASSED] - if (i == 4 &amp;&amp; wildList.indexOf(symbol) != -1): null

2019-08-23 18:52:09 - [TEST_STEP][PASSED] - symbol = symbol: null

2019-08-23 18:52:09 - [TEST_STEP][PASSED] - println(symbol): null

2019-08-23 18:52:09 - [TEST_STEP][PASSED] - if (i == 2 &amp;&amp; wildList.indexOf(symbol) != -1): null

2019-08-23 18:52:09 - [TEST_STEP][PASSED] - if (i == 3 &amp;&amp; wildList.indexOf(symbol) != -1): null

2019-08-23 18:52:09 - [TEST_STEP][PASSED] - if (i == 4 &amp;&amp; wildList.indexOf(symbol) != -1): null

2019-08-23 18:52:09 - [TEST_STEP][PASSED] - symbol = symbol: null

2019-08-23 18:52:09 - [TEST_STEP][PASSED] - println(symbol): null

2019-08-23 18:52:09 - [TEST_STEP][PASSED] - if (i == 2 &amp;&amp; wildList.indexOf(symbol) != -1): null

2019-08-23 18:52:09 - [TEST_STEP][PASSED] - if (i == 3 &amp;&amp; wildList.indexOf(symbol) != -1): null

2019-08-23 18:52:09 - [TEST_STEP][PASSED] - if (i == 4 &amp;&amp; wildList.indexOf(symbol) != -1): null

2019-08-23 18:52:09 - [TEST_STEP][PASSED] - symbols = symbols: null

2019-08-23 18:52:09 - [TEST_STEP][PASSED] - for ([j = 0, j &lt; symbols.size(), (j++)]): null

2019-08-23 18:52:09 - [TEST_STEP][PASSED] - symbol = symbol: null

2019-08-23 18:52:09 - [TEST_STEP][PASSED] - println(symbol): null

2019-08-23 18:52:09 - [TEST_STEP][PASSED] - if (i == 2 &amp;&amp; wildList.indexOf(symbol) != -1): null

2019-08-23 18:52:09 - [TEST_STEP][PASSED] - if (i == 3 &amp;&amp; wildList.indexOf(symbol) != -1): null

2019-08-23 18:52:09 - [TEST_STEP][PASSED] - if (i == 4 &amp;&amp; wildList.indexOf(symbol) != -1): null

2019-08-23 18:52:09 - [TEST_STEP][PASSED] - symbol = symbol: null

2019-08-23 18:52:09 - [TEST_STEP][PASSED] - println(symbol): null

2019-08-23 18:52:09 - [TEST_STEP][PASSED] - if (i == 2 &amp;&amp; wildList.indexOf(symbol) != -1): null

2019-08-23 18:52:09 - [TEST_STEP][PASSED] - if (i == 3 &amp;&amp; wildList.indexOf(symbol) != -1): null

2019-08-23 18:52:09 - [TEST_STEP][PASSED] - if (i == 4 &amp;&amp; wildList.indexOf(symbol) != -1): null

2019-08-23 18:52:09 - [TEST_STEP][PASSED] - symbol = symbol: null

2019-08-23 18:52:09 - [TEST_STEP][PASSED] - println(symbol): null

2019-08-23 18:52:09 - [TEST_STEP][PASSED] - if (i == 2 &amp;&amp; wildList.indexOf(symbol) != -1): null

2019-08-23 18:52:09 - [TEST_STEP][PASSED] - if (i == 3 &amp;&amp; wildList.indexOf(symbol) != -1): null

2019-08-23 18:52:09 - [TEST_STEP][PASSED] - if (i == 4 &amp;&amp; wildList.indexOf(symbol) != -1): null

2019-08-23 18:52:09 - [TEST_STEP][PASSED] - symbols = symbols: null

2019-08-23 18:52:09 - [TEST_STEP][PASSED] - for ([j = 0, j &lt; symbols.size(), (j++)]): null

2019-08-23 18:52:09 - [TEST_STEP][PASSED] - symbol = symbol: null

2019-08-23 18:52:09 - [TEST_STEP][PASSED] - println(symbol): null

2019-08-23 18:52:09 - [TEST_STEP][PASSED] - if (i == 2 &amp;&amp; wildList.indexOf(symbol) != -1): null

2019-08-23 18:52:09 - [TEST_STEP][PASSED] - if (i == 3 &amp;&amp; wildList.indexOf(symbol) != -1): null

2019-08-23 18:52:09 - [TEST_STEP][PASSED] - if (i == 4 &amp;&amp; wildList.indexOf(symbol) != -1): null

2019-08-23 18:52:09 - [TEST_STEP][PASSED] - symbol = symbol: null

2019-08-23 18:52:09 - [TEST_STEP][PASSED] - println(symbol): null

2019-08-23 18:52:09 - [TEST_STEP][PASSED] - if (i == 2 &amp;&amp; wildList.indexOf(symbol) != -1): null

2019-08-23 18:52:09 - [TEST_STEP][PASSED] - if (i == 3 &amp;&amp; wildList.indexOf(symbol) != -1): null

2019-08-23 18:52:09 - [TEST_STEP][PASSED] - if (i == 4 &amp;&amp; wildList.indexOf(symbol) != -1): null

2019-08-23 18:52:09 - [TEST_STEP][PASSED] - symbol = symbol: null

2019-08-23 18:52:09 - [TEST_STEP][PASSED] - println(symbol): null

2019-08-23 18:52:09 - [TEST_STEP][PASSED] - if (i == 2 &amp;&amp; wildList.indexOf(symbol) != -1): null

2019-08-23 18:52:09 - [TEST_STEP][PASSED] - if (i == 3 &amp;&amp; wildList.indexOf(symbol) != -1): null

2019-08-23 18:52:09 - [TEST_STEP][PASSED] - if (i == 4 &amp;&amp; wildList.indexOf(symbol) != -1): null

2019-08-23 18:52:09 - [TEST_STEP][PASSED] - symbols = symbols: null

2019-08-23 18:52:09 - [TEST_STEP][PASSED] - for ([j = 0, j &lt; symbols.size(), (j++)]): null

2019-08-23 18:52:09 - [TEST_STEP][PASSED] - symbol = symbol: null

2019-08-23 18:52:09 - [TEST_STEP][PASSED] - println(symbol): null

2019-08-23 18:52:09 - [TEST_STEP][PASSED] - if (i == 2 &amp;&amp; wildList.indexOf(symbol) != -1): null

2019-08-23 18:52:09 - [TEST_STEP][PASSED] - if (i == 3 &amp;&amp; wildList.indexOf(symbol) != -1): null

2019-08-23 18:52:09 - [TEST_STEP][PASSED] - if (i == 4 &amp;&amp; wildList.indexOf(symbol) != -1): null

2019-08-23 18:52:09 - [TEST_STEP][PASSED] - symbol = symbol: null

2019-08-23 18:52:09 - [TEST_STEP][PASSED] - println(symbol): null

2019-08-23 18:52:09 - [TEST_STEP][PASSED] - if (i == 2 &amp;&amp; wildList.indexOf(symbol) != -1): null

2019-08-23 18:52:09 - [TEST_STEP][PASSED] - if (i == 3 &amp;&amp; wildList.indexOf(symbol) != -1): null

2019-08-23 18:52:09 - [TEST_STEP][PASSED] - if (i == 4 &amp;&amp; wildList.indexOf(symbol) != -1): null

2019-08-23 18:52:09 - [TEST_STEP][PASSED] - symbol = symbol: null

2019-08-23 18:52:09 - [TEST_STEP][PASSED] - println(symbol): null

2019-08-23 18:52:09 - [TEST_STEP][PASSED] - if (i == 2 &amp;&amp; wildList.indexOf(symbol) != -1): null

2019-08-23 18:52:09 - [TEST_STEP][PASSED] - if (i == 3 &amp;&amp; wildList.indexOf(symbol) != -1): null

2019-08-23 18:52:09 - [TEST_STEP][PASSED] - if (i == 4 &amp;&amp; wildList.indexOf(symbol) != -1): null

2019-08-23 18:52:09 - [TEST_STEP][PASSED] - free_spin_reel_counter = free_spin_reel_counter: null

2019-08-23 18:52:09 - [TEST_STEP][PASSED] - println("reel 3 wild found: " + free_spin_reel_counter[0]): null

2019-08-23 18:52:09 - [TEST_STEP][PASSED] - println("reel 4 wild found: " + free_spin_reel_counter[1]): null

2019-08-23 18:52:09 - [TEST_STEP][PASSED] - println("reel 5 wild found: " + free_spin_reel_counter[2]): null

2019-08-23 18:52:09 - [TEST_STEP][PASSED] - M4_spin_reels = M4_spin_reels: null

2019-08-23 18:52:09 - [TEST_STEP][PASSED] - M4_spin_reels_symbols = symbol: null

2019-08-23 18:52:09 - [TEST_STEP][PASSED] - M4_spin_reels_symbols = M4_spin_reels_symbols: null

2019-08-23 18:52:09 - [TEST_STEP][PASSED] - M4_spin_reel_wins = reel_wins: null

2019-08-23 18:52:09 - [TEST_STEP][PASSED] - M4_spin_reel_wins = M4_spin_reel_wins: null

2019-08-23 18:52:09 - [TEST_STEP][PASSED] - println("GlobalVariable.M4_spin_reel_wins is: " + M4_spin_reel_wins): null

2019-08-23 18:52:09 - [TEST_STEP][PASSED] - M4_spin_total_bonus_win_this_round = total_bonus_win_this_round: null

2019-08-23 18:52:09 - [TEST_STEP][PASSED] - M4_spin_total_bonus_win_this_round = M4_spin_total_bonus_win_this_round: null

2019-08-23 18:52:09 - [TEST_STEP][PASSED] - println("GlobalVariable.M4_spin_total_bonus_win_this_round is: " + M4_spin_total_bonus_win_this_round): null

2019-08-23 18:52:09 - [TEST_STEP][PASSED] - M4_spin_bonus_spin_result = spin_result: null

2019-08-23 18:52:09 - [TEST_STEP][PASSED] - M4_spin_bonus_spin_result = M4_spin_bonus_spin_result: null

2019-08-23 18:52:09 - [MESSAGE][PASSED] - Verify response successfully

2019-08-23 18:52:09 - [MESSAGE][PASSED] - Send request and verify the response successfully

2019-08-23 18:52:09 - [TEST_STEP][PASSED] - if (free_spin_reel_counter[0] &gt;= 1 &amp;&amp; free_spin_reel_counter[1] &gt;= 1 &amp;&amp; free_spin_reel_counter[2] &gt;= 1): null

2019-08-23 18:52:09 - [TEST_STEP][PASSED] - spin_result = sendRequestAndVerify(findTestObject("INT/RGS(M4)/1_M4_spin", ["M4_login_user_id":M4_login_user_id, "rgs_session_token":rgs_session_token, "partner":Partner])): Send request and verify the response successfully

2019-08-23 18:52:09 - [MESSAGE][INFO] - HAR: /Users/eiralee/Katalon_Script/SuperWild/Reports/20190823_184757/INT/superWild_1/20190823_184757/requests/main/53.har

2019-08-23 18:52:09 - [TEST_CASE][PASSED] - Start Test Case : Verification: Verification accomplished successfully

2019-08-23 18:52:09 - [TEST_STEP][PASSED] - request = getInstance().getCurrentRequest(): null

2019-08-23 18:52:09 - [TEST_STEP][PASSED] - response = getInstance().getCurrentResponse(): null

2019-08-23 18:52:09 - [TEST_STEP][PASSED] - verifyResponseStatusCode(response, 200): Verify response status code successfully

2019-08-23 18:52:09 - [MESSAGE][PASSED] - Verify response status code successfully

2019-08-23 18:52:09 - [TEST_STEP][PASSED] - getStatusCode()).isEqualTo(200): null

2019-08-23 18:52:09 - [TEST_STEP][PASSED] - newline = System.getProperty("line.separator"): null

2019-08-23 18:52:09 - [TEST_STEP][PASSED] - M4_spin = new groovy.json.JsonSlurper(): null

2019-08-23 18:52:09 - [TEST_STEP][PASSED] - result_M4_spin = M4_spin.parseText(response.getResponseBodyContent()): null

2019-08-23 18:52:09 - [TEST_STEP][PASSED] - M4_spin_current_balance = current_balance: null

2019-08-23 18:52:09 - [TEST_STEP][PASSED] - M4_spin_current_balance = M4_spin_current_balance: null

2019-08-23 18:52:09 - [TEST_STEP][PASSED] - M4_spin_transaction_id = causality: null

2019-08-23 18:52:09 - [TEST_STEP][PASSED] - M4_spin_transaction_id = M4_spin_transaction_id: null

2019-08-23 18:52:09 - [TEST_STEP][PASSED] - M4_spin_round_id = round_id: null

2019-08-23 18:52:09 - [TEST_STEP][PASSED] - M4_spin_round_id = M4_spin_round_id: null

2019-08-23 18:52:09 - [TEST_STEP][PASSED] - M4_spin_line_wins = line_wins: null

2019-08-23 18:52:09 - [TEST_STEP][PASSED] - M4_spin_line_wins = M4_spin_line_wins: null

2019-08-23 18:52:09 - [TEST_STEP][PASSED] - M4_total_bonus_spins_int = total_bonus_spins: null

2019-08-23 18:52:09 - [TEST_STEP][PASSED] - println("******M4_total_bonus_spins type is:*******" + newline + getClass().getName()): null

2019-08-23 18:52:09 - [TEST_STEP][PASSED] - M4_total_bonus_spins_int = M4_total_bonus_spins_int: null

2019-08-23 18:52:09 - [TEST_STEP][PASSED] - M4_total_bonus_spins = Integer.toString(M4_total_bonus_spins_int): null

2019-08-23 18:52:09 - [TEST_STEP][PASSED] - M4_total_bonus_spins = M4_total_bonus_spins: null

2019-08-23 18:52:09 - [TEST_STEP][PASSED] - println("M4_total_bonus_spins is:" + M4_total_bonus_spins): null

2019-08-23 18:52:09 - [TEST_STEP][PASSED] - M4_spin_bonus_data = bonus_data: null

2019-08-23 18:52:09 - [TEST_STEP][PASSED] - M4_spin_features_triggered = result_M4_spin: null

2019-08-23 18:52:09 - [TEST_STEP][PASSED] - wild = []: null

2019-08-23 18:52:09 - [TEST_STEP][PASSED] - wild[0] = "WILD_Expanding": null

2019-08-23 18:52:09 - [TEST_STEP][PASSED] - wild[1] = "WILD_Normal": null

2019-08-23 18:52:09 - [TEST_STEP][PASSED] - wild[2] = "WILD_Double": null

2019-08-23 18:52:09 - [TEST_STEP][PASSED] - wild[3] = "WILD_ExtraFG": null

2019-08-23 18:52:09 - [TEST_STEP][PASSED] - wild[4] = "WILD_Triple": null

2019-08-23 18:52:09 - [TEST_STEP][PASSED] - wildList = Arrays.asList(wild): null

2019-08-23 18:52:09 - [TEST_STEP][PASSED] - wildList = wildList: null

2019-08-23 18:52:09 - [TEST_STEP][PASSED] - free_spin_reel_counter = []: null

2019-08-23 18:52:09 - [TEST_STEP][PASSED] - free_spin_reel_counter[0] = 0: null

2019-08-23 18:52:09 - [TEST_STEP][PASSED] - free_spin_reel_counter[1] = 0: null

2019-08-23 18:52:09 - [TEST_STEP][PASSED] - free_spin_reel_counter[2] = 0: null

2019-08-23 18:52:09 - [TEST_STEP][PASSED] - M4_spin_reels = reels: null

2019-08-23 18:52:09 - [TEST_STEP][PASSED] - for ([i = 0, i &lt; M4_spin_reels.size(), (i++)]): null

2019-08-23 18:52:09 - [TEST_STEP][PASSED] - symbols = symbols: null

2019-08-23 18:52:09 - [TEST_STEP][PASSED] - for ([j = 0, j &lt; symbols.size(), (j++)]): null

2019-08-23 18:52:09 - [TEST_STEP][PASSED] - symbol = symbol: null

2019-08-23 18:52:09 - [TEST_STEP][PASSED] - println(symbol): null

2019-08-23 18:52:09 - [TEST_STEP][PASSED] - if (i == 2 &amp;&amp; wildList.indexOf(symbol) != -1): null

2019-08-23 18:52:09 - [TEST_STEP][PASSED] - if (i == 3 &amp;&amp; wildList.indexOf(symbol) != -1): null

2019-08-23 18:52:09 - [TEST_STEP][PASSED] - if (i == 4 &amp;&amp; wildList.indexOf(symbol) != -1): null

2019-08-23 18:52:09 - [TEST_STEP][PASSED] - symbol = symbol: null

2019-08-23 18:52:09 - [TEST_STEP][PASSED] - println(symbol): null

2019-08-23 18:52:09 - [TEST_STEP][PASSED] - if (i == 2 &amp;&amp; wildList.indexOf(symbol) != -1): null

2019-08-23 18:52:09 - [TEST_STEP][PASSED] - if (i == 3 &amp;&amp; wildList.indexOf(symbol) != -1): null

2019-08-23 18:52:09 - [TEST_STEP][PASSED] - if (i == 4 &amp;&amp; wildList.indexOf(symbol) != -1): null

2019-08-23 18:52:09 - [TEST_STEP][PASSED] - symbol = symbol: null

2019-08-23 18:52:09 - [TEST_STEP][PASSED] - println(symbol): null

2019-08-23 18:52:09 - [TEST_STEP][PASSED] - if (i == 2 &amp;&amp; wildList.indexOf(symbol) != -1): null

2019-08-23 18:52:09 - [TEST_STEP][PASSED] - if (i == 3 &amp;&amp; wildList.indexOf(symbol) != -1): null

2019-08-23 18:52:09 - [TEST_STEP][PASSED] - if (i == 4 &amp;&amp; wildList.indexOf(symbol) != -1): null

2019-08-23 18:52:09 - [TEST_STEP][PASSED] - symbols = symbols: null

2019-08-23 18:52:09 - [TEST_STEP][PASSED] - for ([j = 0, j &lt; symbols.size(), (j++)]): null

2019-08-23 18:52:09 - [TEST_STEP][PASSED] - symbol = symbol: null

2019-08-23 18:52:09 - [TEST_STEP][PASSED] - println(symbol): null

2019-08-23 18:52:09 - [TEST_STEP][PASSED] - if (i == 2 &amp;&amp; wildList.indexOf(symbol) != -1): null

2019-08-23 18:52:09 - [TEST_STEP][PASSED] - if (i == 3 &amp;&amp; wildList.indexOf(symbol) != -1): null

2019-08-23 18:52:09 - [TEST_STEP][PASSED] - if (i == 4 &amp;&amp; wildList.indexOf(symbol) != -1): null

2019-08-23 18:52:09 - [TEST_STEP][PASSED] - symbol = symbol: null

2019-08-23 18:52:09 - [TEST_STEP][PASSED] - println(symbol): null

2019-08-23 18:52:09 - [TEST_STEP][PASSED] - if (i == 2 &amp;&amp; wildList.indexOf(symbol) != -1): null

2019-08-23 18:52:09 - [TEST_STEP][PASSED] - if (i == 3 &amp;&amp; wildList.indexOf(symbol) != -1): null

2019-08-23 18:52:09 - [TEST_STEP][PASSED] - if (i == 4 &amp;&amp; wildList.indexOf(symbol) != -1): null

2019-08-23 18:52:09 - [TEST_STEP][PASSED] - symbol = symbol: null

2019-08-23 18:52:09 - [TEST_STEP][PASSED] - println(symbol): null

2019-08-23 18:52:09 - [TEST_STEP][PASSED] - if (i == 2 &amp;&amp; wildList.indexOf(symbol) != -1): null

2019-08-23 18:52:09 - [TEST_STEP][PASSED] - if (i == 3 &amp;&amp; wildList.indexOf(symbol) != -1): null

2019-08-23 18:52:09 - [TEST_STEP][PASSED] - if (i == 4 &amp;&amp; wildList.indexOf(symbol) != -1): null

2019-08-23 18:52:09 - [TEST_STEP][PASSED] - symbols = symbols: null

2019-08-23 18:52:09 - [TEST_STEP][PASSED] - for ([j = 0, j &lt; symbols.size(), (j++)]): null

2019-08-23 18:52:09 - [TEST_STEP][PASSED] - symbol = symbol: null

2019-08-23 18:52:09 - [TEST_STEP][PASSED] - println(symbol): null

2019-08-23 18:52:09 - [TEST_STEP][PASSED] - if (i == 2 &amp;&amp; wildList.indexOf(symbol) != -1): null

2019-08-23 18:52:09 - [TEST_STEP][PASSED] - println("wild found on reel 3, adding counter by 1"): null

2019-08-23 18:52:09 - [TEST_STEP][PASSED] - free_spin_reel_counter[0] = free_spin_reel_counter[0] + 1: null

2019-08-23 18:52:09 - [TEST_STEP][PASSED] - if (i == 3 &amp;&amp; wildList.indexOf(symbol) != -1): null

2019-08-23 18:52:09 - [TEST_STEP][PASSED] - if (i == 4 &amp;&amp; wildList.indexOf(symbol) != -1): null

2019-08-23 18:52:09 - [TEST_STEP][PASSED] - symbol = symbol: null

2019-08-23 18:52:09 - [TEST_STEP][PASSED] - println(symbol): null

2019-08-23 18:52:09 - [TEST_STEP][PASSED] - if (i == 2 &amp;&amp; wildList.indexOf(symbol) != -1): null

2019-08-23 18:52:09 - [TEST_STEP][PASSED] - if (i == 3 &amp;&amp; wildList.indexOf(symbol) != -1): null

2019-08-23 18:52:09 - [TEST_STEP][PASSED] - if (i == 4 &amp;&amp; wildList.indexOf(symbol) != -1): null

2019-08-23 18:52:09 - [TEST_STEP][PASSED] - symbol = symbol: null

2019-08-23 18:52:09 - [TEST_STEP][PASSED] - println(symbol): null

2019-08-23 18:52:09 - [TEST_STEP][PASSED] - if (i == 2 &amp;&amp; wildList.indexOf(symbol) != -1): null

2019-08-23 18:52:09 - [TEST_STEP][PASSED] - if (i == 3 &amp;&amp; wildList.indexOf(symbol) != -1): null

2019-08-23 18:52:09 - [TEST_STEP][PASSED] - if (i == 4 &amp;&amp; wildList.indexOf(symbol) != -1): null

2019-08-23 18:52:09 - [TEST_STEP][PASSED] - symbols = symbols: null

2019-08-23 18:52:09 - [TEST_STEP][PASSED] - for ([j = 0, j &lt; symbols.size(), (j++)]): null

2019-08-23 18:52:09 - [TEST_STEP][PASSED] - symbol = symbol: null

2019-08-23 18:52:09 - [TEST_STEP][PASSED] - println(symbol): null

2019-08-23 18:52:09 - [TEST_STEP][PASSED] - if (i == 2 &amp;&amp; wildList.indexOf(symbol) != -1): null

2019-08-23 18:52:09 - [TEST_STEP][PASSED] - if (i == 3 &amp;&amp; wildList.indexOf(symbol) != -1): null

2019-08-23 18:52:09 - [TEST_STEP][PASSED] - if (i == 4 &amp;&amp; wildList.indexOf(symbol) != -1): null

2019-08-23 18:52:09 - [TEST_STEP][PASSED] - symbol = symbol: null

2019-08-23 18:52:09 - [TEST_STEP][PASSED] - println(symbol): null

2019-08-23 18:52:09 - [TEST_STEP][PASSED] - if (i == 2 &amp;&amp; wildList.indexOf(symbol) != -1): null

2019-08-23 18:52:09 - [TEST_STEP][PASSED] - if (i == 3 &amp;&amp; wildList.indexOf(symbol) != -1): null

2019-08-23 18:52:09 - [TEST_STEP][PASSED] - if (i == 4 &amp;&amp; wildList.indexOf(symbol) != -1): null

2019-08-23 18:52:09 - [TEST_STEP][PASSED] - symbol = symbol: null

2019-08-23 18:52:09 - [TEST_STEP][PASSED] - println(symbol): null

2019-08-23 18:52:09 - [TEST_STEP][PASSED] - if (i == 2 &amp;&amp; wildList.indexOf(symbol) != -1): null

2019-08-23 18:52:09 - [TEST_STEP][PASSED] - if (i == 3 &amp;&amp; wildList.indexOf(symbol) != -1): null

2019-08-23 18:52:09 - [TEST_STEP][PASSED] - if (i == 4 &amp;&amp; wildList.indexOf(symbol) != -1): null

2019-08-23 18:52:09 - [TEST_STEP][PASSED] - symbols = symbols: null

2019-08-23 18:52:09 - [TEST_STEP][PASSED] - for ([j = 0, j &lt; symbols.size(), (j++)]): null

2019-08-23 18:52:09 - [TEST_STEP][PASSED] - symbol = symbol: null

2019-08-23 18:52:09 - [TEST_STEP][PASSED] - println(symbol): null

2019-08-23 18:52:09 - [TEST_STEP][PASSED] - if (i == 2 &amp;&amp; wildList.indexOf(symbol) != -1): null

2019-08-23 18:52:09 - [TEST_STEP][PASSED] - if (i == 3 &amp;&amp; wildList.indexOf(symbol) != -1): null

2019-08-23 18:52:09 - [TEST_STEP][PASSED] - if (i == 4 &amp;&amp; wildList.indexOf(symbol) != -1): null

2019-08-23 18:52:09 - [TEST_STEP][PASSED] - symbol = symbol: null

2019-08-23 18:52:09 - [TEST_STEP][PASSED] - println(symbol): null

2019-08-23 18:52:09 - [TEST_STEP][PASSED] - if (i == 2 &amp;&amp; wildList.indexOf(symbol) != -1): null

2019-08-23 18:52:09 - [TEST_STEP][PASSED] - if (i == 3 &amp;&amp; wildList.indexOf(symbol) != -1): null

2019-08-23 18:52:09 - [TEST_STEP][PASSED] - if (i == 4 &amp;&amp; wildList.indexOf(symbol) != -1): null

2019-08-23 18:52:09 - [TEST_STEP][PASSED] - symbol = symbol: null

2019-08-23 18:52:09 - [TEST_STEP][PASSED] - println(symbol): null

2019-08-23 18:52:09 - [TEST_STEP][PASSED] - if (i == 2 &amp;&amp; wildList.indexOf(symbol) != -1): null

2019-08-23 18:52:09 - [TEST_STEP][PASSED] - if (i == 3 &amp;&amp; wildList.indexOf(symbol) != -1): null

2019-08-23 18:52:09 - [TEST_STEP][PASSED] - if (i == 4 &amp;&amp; wildList.indexOf(symbol) != -1): null

2019-08-23 18:52:09 - [TEST_STEP][PASSED] - free_spin_reel_counter = free_spin_reel_counter: null

2019-08-23 18:52:09 - [TEST_STEP][PASSED] - println("reel 3 wild found: " + free_spin_reel_counter[0]): null

2019-08-23 18:52:09 - [TEST_STEP][PASSED] - println("reel 4 wild found: " + free_spin_reel_counter[1]): null

2019-08-23 18:52:09 - [TEST_STEP][PASSED] - println("reel 5 wild found: " + free_spin_reel_counter[2]): null

2019-08-23 18:52:09 - [TEST_STEP][PASSED] - M4_spin_reels = M4_spin_reels: null

2019-08-23 18:52:09 - [TEST_STEP][PASSED] - M4_spin_reels_symbols = symbol: null

2019-08-23 18:52:09 - [TEST_STEP][PASSED] - M4_spin_reels_symbols = M4_spin_reels_symbols: null

2019-08-23 18:52:09 - [TEST_STEP][PASSED] - M4_spin_reel_wins = reel_wins: null

2019-08-23 18:52:09 - [TEST_STEP][PASSED] - M4_spin_reel_wins = M4_spin_reel_wins: null

2019-08-23 18:52:09 - [TEST_STEP][PASSED] - println("GlobalVariable.M4_spin_reel_wins is: " + M4_spin_reel_wins): null

2019-08-23 18:52:09 - [TEST_STEP][PASSED] - M4_spin_total_bonus_win_this_round = total_bonus_win_this_round: null

2019-08-23 18:52:09 - [TEST_STEP][PASSED] - M4_spin_total_bonus_win_this_round = M4_spin_total_bonus_win_this_round: null

2019-08-23 18:52:09 - [TEST_STEP][PASSED] - println("GlobalVariable.M4_spin_total_bonus_win_this_round is: " + M4_spin_total_bonus_win_this_round): null

2019-08-23 18:52:09 - [TEST_STEP][PASSED] - M4_spin_bonus_spin_result = spin_result: null

2019-08-23 18:52:09 - [TEST_STEP][PASSED] - M4_spin_bonus_spin_result = M4_spin_bonus_spin_result: null

2019-08-23 18:52:09 - [MESSAGE][PASSED] - Verify response successfully

2019-08-23 18:52:09 - [MESSAGE][PASSED] - Send request and verify the response successfully

2019-08-23 18:52:09 - [TEST_STEP][PASSED] - if (free_spin_reel_counter[0] &gt;= 1 &amp;&amp; free_spin_reel_counter[1] &gt;= 1 &amp;&amp; free_spin_reel_counter[2] &gt;= 1): null

2019-08-23 18:52:09 - [TEST_STEP][PASSED] - spin_result = sendRequestAndVerify(findTestObject("INT/RGS(M4)/1_M4_spin", ["M4_login_user_id":M4_login_user_id, "rgs_session_token":rgs_session_token, "partner":Partner])): Send request and verify the response successfully

2019-08-23 18:52:10 - [MESSAGE][INFO] - HAR: /Users/eiralee/Katalon_Script/SuperWild/Reports/20190823_184757/INT/superWild_1/20190823_184757/requests/main/54.har

2019-08-23 18:52:10 - [TEST_CASE][PASSED] - Start Test Case : Verification: Verification accomplished successfully

2019-08-23 18:52:10 - [TEST_STEP][PASSED] - request = getInstance().getCurrentRequest(): null

2019-08-23 18:52:10 - [TEST_STEP][PASSED] - response = getInstance().getCurrentResponse(): null

2019-08-23 18:52:10 - [TEST_STEP][PASSED] - verifyResponseStatusCode(response, 200): Verify response status code successfully

2019-08-23 18:52:10 - [MESSAGE][PASSED] - Verify response status code successfully

2019-08-23 18:52:10 - [TEST_STEP][PASSED] - getStatusCode()).isEqualTo(200): null

2019-08-23 18:52:10 - [TEST_STEP][PASSED] - newline = System.getProperty("line.separator"): null

2019-08-23 18:52:10 - [TEST_STEP][PASSED] - M4_spin = new groovy.json.JsonSlurper(): null

2019-08-23 18:52:10 - [TEST_STEP][PASSED] - result_M4_spin = M4_spin.parseText(response.getResponseBodyContent()): null

2019-08-23 18:52:10 - [TEST_STEP][PASSED] - M4_spin_current_balance = current_balance: null

2019-08-23 18:52:12 - [TEST_STEP][PASSED] - M4_spin_current_balance = M4_spin_current_balance: null

2019-08-23 18:52:12 - [TEST_STEP][PASSED] - M4_spin_transaction_id = causality: null

2019-08-23 18:52:12 - [TEST_STEP][PASSED] - M4_spin_transaction_id = M4_spin_transaction_id: null

2019-08-23 18:52:12 - [TEST_STEP][PASSED] - M4_spin_round_id = round_id: null

2019-08-23 18:52:12 - [TEST_STEP][PASSED] - M4_spin_round_id = M4_spin_round_id: null

2019-08-23 18:52:12 - [TEST_STEP][PASSED] - M4_spin_line_wins = line_wins: null

2019-08-23 18:52:12 - [TEST_STEP][PASSED] - M4_spin_line_wins = M4_spin_line_wins: null

2019-08-23 18:52:12 - [TEST_STEP][PASSED] - M4_total_bonus_spins_int = total_bonus_spins: null

2019-08-23 18:52:12 - [TEST_STEP][PASSED] - println("******M4_total_bonus_spins type is:*******" + newline + getClass().getName()): null

2019-08-23 18:52:12 - [TEST_STEP][PASSED] - M4_total_bonus_spins_int = M4_total_bonus_spins_int: null

2019-08-23 18:52:12 - [TEST_STEP][PASSED] - M4_total_bonus_spins = Integer.toString(M4_total_bonus_spins_int): null

2019-08-23 18:52:12 - [TEST_STEP][PASSED] - M4_total_bonus_spins = M4_total_bonus_spins: null

2019-08-23 18:52:12 - [TEST_STEP][PASSED] - println("M4_total_bonus_spins is:" + M4_total_bonus_spins): null

2019-08-23 18:52:12 - [TEST_STEP][PASSED] - M4_spin_bonus_data = bonus_data: null

2019-08-23 18:52:12 - [TEST_STEP][PASSED] - M4_spin_features_triggered = result_M4_spin: null

2019-08-23 18:52:12 - [TEST_STEP][PASSED] - wild = []: null

2019-08-23 18:52:12 - [TEST_STEP][PASSED] - wild[0] = "WILD_Expanding": null

2019-08-23 18:52:12 - [TEST_STEP][PASSED] - wild[1] = "WILD_Normal": null

2019-08-23 18:52:12 - [TEST_STEP][PASSED] - wild[2] = "WILD_Double": null

2019-08-23 18:52:12 - [TEST_STEP][PASSED] - wild[3] = "WILD_ExtraFG": null

2019-08-23 18:52:12 - [TEST_STEP][PASSED] - wild[4] = "WILD_Triple": null

2019-08-23 18:52:12 - [TEST_STEP][PASSED] - wildList = Arrays.asList(wild): null

2019-08-23 18:52:12 - [TEST_STEP][PASSED] - wildList = wildList: null

2019-08-23 18:52:12 - [TEST_STEP][PASSED] - free_spin_reel_counter = []: null

2019-08-23 18:52:12 - [TEST_STEP][PASSED] - free_spin_reel_counter[0] = 0: null

2019-08-23 18:52:12 - [TEST_STEP][PASSED] - free_spin_reel_counter[1] = 0: null

2019-08-23 18:52:12 - [TEST_STEP][PASSED] - free_spin_reel_counter[2] = 0: null

2019-08-23 18:52:12 - [TEST_STEP][PASSED] - M4_spin_reels = reels: null

2019-08-23 18:52:12 - [TEST_STEP][PASSED] - for ([i = 0, i &lt; M4_spin_reels.size(), (i++)]): null

2019-08-23 18:52:12 - [TEST_STEP][PASSED] - symbols = symbols: null

2019-08-23 18:52:12 - [TEST_STEP][PASSED] - for ([j = 0, j &lt; symbols.size(), (j++)]): null

2019-08-23 18:52:12 - [TEST_STEP][PASSED] - symbol = symbol: null

2019-08-23 18:52:12 - [TEST_STEP][PASSED] - println(symbol): null

2019-08-23 18:52:12 - [TEST_STEP][PASSED] - if (i == 2 &amp;&amp; wildList.indexOf(symbol) != -1): null

2019-08-23 18:52:12 - [TEST_STEP][PASSED] - if (i == 3 &amp;&amp; wildList.indexOf(symbol) != -1): null

2019-08-23 18:52:12 - [TEST_STEP][PASSED] - if (i == 4 &amp;&amp; wildList.indexOf(symbol) != -1): null

2019-08-23 18:52:12 - [TEST_STEP][PASSED] - symbol = symbol: null

2019-08-23 18:52:12 - [TEST_STEP][PASSED] - println(symbol): null

2019-08-23 18:52:12 - [TEST_STEP][PASSED] - if (i == 2 &amp;&amp; wildList.indexOf(symbol) != -1): null

2019-08-23 18:52:12 - [TEST_STEP][PASSED] - if (i == 3 &amp;&amp; wildList.indexOf(symbol) != -1): null

2019-08-23 18:52:12 - [TEST_STEP][PASSED] - if (i == 4 &amp;&amp; wildList.indexOf(symbol) != -1): null

2019-08-23 18:52:12 - [TEST_STEP][PASSED] - symbol = symbol: null

2019-08-23 18:52:12 - [TEST_STEP][PASSED] - println(symbol): null

2019-08-23 18:52:12 - [TEST_STEP][PASSED] - if (i == 2 &amp;&amp; wildList.indexOf(symbol) != -1): null

2019-08-23 18:52:12 - [TEST_STEP][PASSED] - if (i == 3 &amp;&amp; wildList.indexOf(symbol) != -1): null

2019-08-23 18:52:12 - [TEST_STEP][PASSED] - if (i == 4 &amp;&amp; wildList.indexOf(symbol) != -1): null

2019-08-23 18:52:12 - [TEST_STEP][PASSED] - symbols = symbols: null

2019-08-23 18:52:12 - [TEST_STEP][PASSED] - for ([j = 0, j &lt; symbols.size(), (j++)]): null

2019-08-23 18:52:12 - [TEST_STEP][PASSED] - symbol = symbol: null

2019-08-23 18:52:12 - [TEST_STEP][PASSED] - println(symbol): null

2019-08-23 18:52:12 - [TEST_STEP][PASSED] - if (i == 2 &amp;&amp; wildList.indexOf(symbol) != -1): null

2019-08-23 18:52:12 - [TEST_STEP][PASSED] - if (i == 3 &amp;&amp; wildList.indexOf(symbol) != -1): null

2019-08-23 18:52:12 - [TEST_STEP][PASSED] - if (i == 4 &amp;&amp; wildList.indexOf(symbol) != -1): null

2019-08-23 18:52:12 - [TEST_STEP][PASSED] - symbol = symbol: null

2019-08-23 18:52:12 - [TEST_STEP][PASSED] - println(symbol): null

2019-08-23 18:52:12 - [TEST_STEP][PASSED] - if (i == 2 &amp;&amp; wildList.indexOf(symbol) != -1): null

2019-08-23 18:52:12 - [TEST_STEP][PASSED] - if (i == 3 &amp;&amp; wildList.indexOf(symbol) != -1): null

2019-08-23 18:52:12 - [TEST_STEP][PASSED] - if (i == 4 &amp;&amp; wildList.indexOf(symbol) != -1): null

2019-08-23 18:52:12 - [TEST_STEP][PASSED] - symbol = symbol: null

2019-08-23 18:52:12 - [TEST_STEP][PASSED] - println(symbol): null

2019-08-23 18:52:12 - [TEST_STEP][PASSED] - if (i == 2 &amp;&amp; wildList.indexOf(symbol) != -1): null

2019-08-23 18:52:12 - [TEST_STEP][PASSED] - if (i == 3 &amp;&amp; wildList.indexOf(symbol) != -1): null

2019-08-23 18:52:12 - [TEST_STEP][PASSED] - if (i == 4 &amp;&amp; wildList.indexOf(symbol) != -1): null

2019-08-23 18:52:12 - [TEST_STEP][PASSED] - symbols = symbols: null

2019-08-23 18:52:12 - [TEST_STEP][PASSED] - for ([j = 0, j &lt; symbols.size(), (j++)]): null

2019-08-23 18:52:12 - [TEST_STEP][PASSED] - symbol = symbol: null

2019-08-23 18:52:12 - [TEST_STEP][PASSED] - println(symbol): null

2019-08-23 18:52:12 - [TEST_STEP][PASSED] - if (i == 2 &amp;&amp; wildList.indexOf(symbol) != -1): null

2019-08-23 18:52:12 - [TEST_STEP][PASSED] - if (i == 3 &amp;&amp; wildList.indexOf(symbol) != -1): null

2019-08-23 18:52:12 - [TEST_STEP][PASSED] - if (i == 4 &amp;&amp; wildList.indexOf(symbol) != -1): null

2019-08-23 18:52:12 - [TEST_STEP][PASSED] - symbol = symbol: null

2019-08-23 18:52:12 - [TEST_STEP][PASSED] - println(symbol): null

2019-08-23 18:52:12 - [TEST_STEP][PASSED] - if (i == 2 &amp;&amp; wildList.indexOf(symbol) != -1): null

2019-08-23 18:52:12 - [TEST_STEP][PASSED] - if (i == 3 &amp;&amp; wildList.indexOf(symbol) != -1): null

2019-08-23 18:52:12 - [TEST_STEP][PASSED] - if (i == 4 &amp;&amp; wildList.indexOf(symbol) != -1): null

2019-08-23 18:52:12 - [TEST_STEP][PASSED] - symbol = symbol: null

2019-08-23 18:52:12 - [TEST_STEP][PASSED] - println(symbol): null

2019-08-23 18:52:12 - [TEST_STEP][PASSED] - if (i == 2 &amp;&amp; wildList.indexOf(symbol) != -1): null

2019-08-23 18:52:12 - [TEST_STEP][PASSED] - if (i == 3 &amp;&amp; wildList.indexOf(symbol) != -1): null

2019-08-23 18:52:12 - [TEST_STEP][PASSED] - if (i == 4 &amp;&amp; wildList.indexOf(symbol) != -1): null

2019-08-23 18:52:12 - [TEST_STEP][PASSED] - symbols = symbols: null

2019-08-23 18:52:12 - [TEST_STEP][PASSED] - for ([j = 0, j &lt; symbols.size(), (j++)]): null

2019-08-23 18:52:12 - [TEST_STEP][PASSED] - symbol = symbol: null

2019-08-23 18:52:12 - [TEST_STEP][PASSED] - println(symbol): null

2019-08-23 18:52:12 - [TEST_STEP][PASSED] - if (i == 2 &amp;&amp; wildList.indexOf(symbol) != -1): null

2019-08-23 18:52:12 - [TEST_STEP][PASSED] - if (i == 3 &amp;&amp; wildList.indexOf(symbol) != -1): null

2019-08-23 18:52:12 - [TEST_STEP][PASSED] - if (i == 4 &amp;&amp; wildList.indexOf(symbol) != -1): null

2019-08-23 18:52:12 - [TEST_STEP][PASSED] - symbol = symbol: null

2019-08-23 18:52:12 - [TEST_STEP][PASSED] - println(symbol): null

2019-08-23 18:52:12 - [TEST_STEP][PASSED] - if (i == 2 &amp;&amp; wildList.indexOf(symbol) != -1): null

2019-08-23 18:52:12 - [TEST_STEP][PASSED] - if (i == 3 &amp;&amp; wildList.indexOf(symbol) != -1): null

2019-08-23 18:52:12 - [TEST_STEP][PASSED] - if (i == 4 &amp;&amp; wildList.indexOf(symbol) != -1): null

2019-08-23 18:52:12 - [TEST_STEP][PASSED] - symbol = symbol: null

2019-08-23 18:52:12 - [TEST_STEP][PASSED] - println(symbol): null

2019-08-23 18:52:12 - [TEST_STEP][PASSED] - if (i == 2 &amp;&amp; wildList.indexOf(symbol) != -1): null

2019-08-23 18:52:12 - [TEST_STEP][PASSED] - if (i == 3 &amp;&amp; wildList.indexOf(symbol) != -1): null

2019-08-23 18:52:12 - [TEST_STEP][PASSED] - if (i == 4 &amp;&amp; wildList.indexOf(symbol) != -1): null

2019-08-23 18:52:12 - [TEST_STEP][PASSED] - symbols = symbols: null

2019-08-23 18:52:12 - [TEST_STEP][PASSED] - for ([j = 0, j &lt; symbols.size(), (j++)]): null

2019-08-23 18:52:12 - [TEST_STEP][PASSED] - symbol = symbol: null

2019-08-23 18:52:12 - [TEST_STEP][PASSED] - println(symbol): null

2019-08-23 18:52:12 - [TEST_STEP][PASSED] - if (i == 2 &amp;&amp; wildList.indexOf(symbol) != -1): null

2019-08-23 18:52:12 - [TEST_STEP][PASSED] - if (i == 3 &amp;&amp; wildList.indexOf(symbol) != -1): null

2019-08-23 18:52:12 - [TEST_STEP][PASSED] - if (i == 4 &amp;&amp; wildList.indexOf(symbol) != -1): null

2019-08-23 18:52:12 - [TEST_STEP][PASSED] - symbol = symbol: null

2019-08-23 18:52:12 - [TEST_STEP][PASSED] - println(symbol): null

2019-08-23 18:52:12 - [TEST_STEP][PASSED] - if (i == 2 &amp;&amp; wildList.indexOf(symbol) != -1): null

2019-08-23 18:52:12 - [TEST_STEP][PASSED] - if (i == 3 &amp;&amp; wildList.indexOf(symbol) != -1): null

2019-08-23 18:52:12 - [TEST_STEP][PASSED] - if (i == 4 &amp;&amp; wildList.indexOf(symbol) != -1): null

2019-08-23 18:52:12 - [TEST_STEP][PASSED] - symbol = symbol: null

2019-08-23 18:52:12 - [TEST_STEP][PASSED] - println(symbol): null

2019-08-23 18:52:12 - [TEST_STEP][PASSED] - if (i == 2 &amp;&amp; wildList.indexOf(symbol) != -1): null

2019-08-23 18:52:12 - [TEST_STEP][PASSED] - if (i == 3 &amp;&amp; wildList.indexOf(symbol) != -1): null

2019-08-23 18:52:12 - [TEST_STEP][PASSED] - if (i == 4 &amp;&amp; wildList.indexOf(symbol) != -1): null

2019-08-23 18:52:12 - [TEST_STEP][PASSED] - free_spin_reel_counter = free_spin_reel_counter: null

2019-08-23 18:52:12 - [TEST_STEP][PASSED] - println("reel 3 wild found: " + free_spin_reel_counter[0]): null

2019-08-23 18:52:12 - [TEST_STEP][PASSED] - println("reel 4 wild found: " + free_spin_reel_counter[1]): null

2019-08-23 18:52:12 - [TEST_STEP][PASSED] - println("reel 5 wild found: " + free_spin_reel_counter[2]): null

2019-08-23 18:52:12 - [TEST_STEP][PASSED] - M4_spin_reels = M4_spin_reels: null

2019-08-23 18:52:12 - [TEST_STEP][PASSED] - M4_spin_reels_symbols = symbol: null

2019-08-23 18:52:12 - [TEST_STEP][PASSED] - M4_spin_reels_symbols = M4_spin_reels_symbols: null

2019-08-23 18:52:12 - [TEST_STEP][PASSED] - M4_spin_reel_wins = reel_wins: null

2019-08-23 18:52:12 - [TEST_STEP][PASSED] - M4_spin_reel_wins = M4_spin_reel_wins: null

2019-08-23 18:52:12 - [TEST_STEP][PASSED] - println("GlobalVariable.M4_spin_reel_wins is: " + M4_spin_reel_wins): null

2019-08-23 18:52:12 - [TEST_STEP][PASSED] - M4_spin_total_bonus_win_this_round = total_bonus_win_this_round: null

2019-08-23 18:52:12 - [TEST_STEP][PASSED] - M4_spin_total_bonus_win_this_round = M4_spin_total_bonus_win_this_round: null

2019-08-23 18:52:12 - [TEST_STEP][PASSED] - println("GlobalVariable.M4_spin_total_bonus_win_this_round is: " + M4_spin_total_bonus_win_this_round): null

2019-08-23 18:52:12 - [TEST_STEP][PASSED] - M4_spin_bonus_spin_result = spin_result: null

2019-08-23 18:52:12 - [TEST_STEP][PASSED] - M4_spin_bonus_spin_result = M4_spin_bonus_spin_result: null

2019-08-23 18:52:12 - [MESSAGE][PASSED] - Verify response successfully

2019-08-23 18:52:12 - [MESSAGE][PASSED] - Send request and verify the response successfully

2019-08-23 18:52:12 - [TEST_STEP][PASSED] - if (free_spin_reel_counter[0] &gt;= 1 &amp;&amp; free_spin_reel_counter[1] &gt;= 1 &amp;&amp; free_spin_reel_counter[2] &gt;= 1): null

2019-08-23 18:52:12 - [TEST_STEP][PASSED] - spin_result = sendRequestAndVerify(findTestObject("INT/RGS(M4)/1_M4_spin", ["M4_login_user_id":M4_login_user_id, "rgs_session_token":rgs_session_token, "partner":Partner])): Send request and verify the response successfully

2019-08-23 18:52:12 - [MESSAGE][INFO] - HAR: /Users/eiralee/Katalon_Script/SuperWild/Reports/20190823_184757/INT/superWild_1/20190823_184757/requests/main/55.har

2019-08-23 18:52:12 - [TEST_CASE][PASSED] - Start Test Case : Verification: Verification accomplished successfully

2019-08-23 18:52:12 - [TEST_STEP][PASSED] - request = getInstance().getCurrentRequest(): null

2019-08-23 18:52:12 - [TEST_STEP][PASSED] - response = getInstance().getCurrentResponse(): null

2019-08-23 18:52:12 - [TEST_STEP][PASSED] - verifyResponseStatusCode(response, 200): Verify response status code successfully

2019-08-23 18:52:12 - [MESSAGE][PASSED] - Verify response status code successfully

2019-08-23 18:52:12 - [TEST_STEP][PASSED] - getStatusCode()).isEqualTo(200): null

2019-08-23 18:52:12 - [TEST_STEP][PASSED] - newline = System.getProperty("line.separator"): null

2019-08-23 18:52:12 - [TEST_STEP][PASSED] - M4_spin = new groovy.json.JsonSlurper(): null

2019-08-23 18:52:12 - [TEST_STEP][PASSED] - result_M4_spin = M4_spin.parseText(response.getResponseBodyContent()): null

2019-08-23 18:52:12 - [TEST_STEP][PASSED] - M4_spin_current_balance = current_balance: null

2019-08-23 18:52:12 - [TEST_STEP][PASSED] - M4_spin_current_balance = M4_spin_current_balance: null

2019-08-23 18:52:12 - [TEST_STEP][PASSED] - M4_spin_transaction_id = causality: null

2019-08-23 18:52:12 - [TEST_STEP][PASSED] - M4_spin_transaction_id = M4_spin_transaction_id: null

2019-08-23 18:52:12 - [TEST_STEP][PASSED] - M4_spin_round_id = round_id: null

2019-08-23 18:52:12 - [TEST_STEP][PASSED] - M4_spin_round_id = M4_spin_round_id: null

2019-08-23 18:52:12 - [TEST_STEP][PASSED] - M4_spin_line_wins = line_wins: null

2019-08-23 18:52:12 - [TEST_STEP][PASSED] - M4_spin_line_wins = M4_spin_line_wins: null

2019-08-23 18:52:12 - [TEST_STEP][PASSED] - M4_total_bonus_spins_int = total_bonus_spins: null

2019-08-23 18:52:12 - [TEST_STEP][PASSED] - println("******M4_total_bonus_spins type is:*******" + newline + getClass().getName()): null

2019-08-23 18:52:12 - [TEST_STEP][PASSED] - M4_total_bonus_spins_int = M4_total_bonus_spins_int: null

2019-08-23 18:52:12 - [TEST_STEP][PASSED] - M4_total_bonus_spins = Integer.toString(M4_total_bonus_spins_int): null

2019-08-23 18:52:12 - [TEST_STEP][PASSED] - M4_total_bonus_spins = M4_total_bonus_spins: null

2019-08-23 18:52:12 - [TEST_STEP][PASSED] - println("M4_total_bonus_spins is:" + M4_total_bonus_spins): null

2019-08-23 18:52:12 - [TEST_STEP][PASSED] - M4_spin_bonus_data = bonus_data: null

2019-08-23 18:52:12 - [TEST_STEP][PASSED] - M4_spin_features_triggered = result_M4_spin: null

2019-08-23 18:52:12 - [TEST_STEP][PASSED] - wild = []: null

2019-08-23 18:52:12 - [TEST_STEP][PASSED] - wild[0] = "WILD_Expanding": null

2019-08-23 18:52:12 - [TEST_STEP][PASSED] - wild[1] = "WILD_Normal": null

2019-08-23 18:52:12 - [TEST_STEP][PASSED] - wild[2] = "WILD_Double": null

2019-08-23 18:52:12 - [TEST_STEP][PASSED] - wild[3] = "WILD_ExtraFG": null

2019-08-23 18:52:12 - [TEST_STEP][PASSED] - wild[4] = "WILD_Triple": null

2019-08-23 18:52:12 - [TEST_STEP][PASSED] - wildList = Arrays.asList(wild): null

2019-08-23 18:52:12 - [TEST_STEP][PASSED] - wildList = wildList: null

2019-08-23 18:52:12 - [TEST_STEP][PASSED] - free_spin_reel_counter = []: null

2019-08-23 18:52:12 - [TEST_STEP][PASSED] - free_spin_reel_counter[0] = 0: null

2019-08-23 18:52:12 - [TEST_STEP][PASSED] - free_spin_reel_counter[1] = 0: null

2019-08-23 18:52:12 - [TEST_STEP][PASSED] - free_spin_reel_counter[2] = 0: null

2019-08-23 18:52:12 - [TEST_STEP][PASSED] - M4_spin_reels = reels: null

2019-08-23 18:52:12 - [TEST_STEP][PASSED] - for ([i = 0, i &lt; M4_spin_reels.size(), (i++)]): null

2019-08-23 18:52:12 - [TEST_STEP][PASSED] - symbols = symbols: null

2019-08-23 18:52:12 - [TEST_STEP][PASSED] - for ([j = 0, j &lt; symbols.size(), (j++)]): null

2019-08-23 18:52:12 - [TEST_STEP][PASSED] - symbol = symbol: null

2019-08-23 18:52:12 - [TEST_STEP][PASSED] - println(symbol): null

2019-08-23 18:52:12 - [TEST_STEP][PASSED] - if (i == 2 &amp;&amp; wildList.indexOf(symbol) != -1): null

2019-08-23 18:52:12 - [TEST_STEP][PASSED] - if (i == 3 &amp;&amp; wildList.indexOf(symbol) != -1): null

2019-08-23 18:52:12 - [TEST_STEP][PASSED] - if (i == 4 &amp;&amp; wildList.indexOf(symbol) != -1): null

2019-08-23 18:52:12 - [TEST_STEP][PASSED] - symbol = symbol: null

2019-08-23 18:52:12 - [TEST_STEP][PASSED] - println(symbol): null

2019-08-23 18:52:12 - [TEST_STEP][PASSED] - if (i == 2 &amp;&amp; wildList.indexOf(symbol) != -1): null

2019-08-23 18:52:12 - [TEST_STEP][PASSED] - if (i == 3 &amp;&amp; wildList.indexOf(symbol) != -1): null

2019-08-23 18:52:12 - [TEST_STEP][PASSED] - if (i == 4 &amp;&amp; wildList.indexOf(symbol) != -1): null

2019-08-23 18:52:12 - [TEST_STEP][PASSED] - symbol = symbol: null

2019-08-23 18:52:12 - [TEST_STEP][PASSED] - println(symbol): null

2019-08-23 18:52:12 - [TEST_STEP][PASSED] - if (i == 2 &amp;&amp; wildList.indexOf(symbol) != -1): null

2019-08-23 18:52:12 - [TEST_STEP][PASSED] - if (i == 3 &amp;&amp; wildList.indexOf(symbol) != -1): null

2019-08-23 18:52:12 - [TEST_STEP][PASSED] - if (i == 4 &amp;&amp; wildList.indexOf(symbol) != -1): null

2019-08-23 18:52:12 - [TEST_STEP][PASSED] - symbols = symbols: null

2019-08-23 18:52:12 - [TEST_STEP][PASSED] - for ([j = 0, j &lt; symbols.size(), (j++)]): null

2019-08-23 18:52:12 - [TEST_STEP][PASSED] - symbol = symbol: null

2019-08-23 18:52:12 - [TEST_STEP][PASSED] - println(symbol): null

2019-08-23 18:52:12 - [TEST_STEP][PASSED] - if (i == 2 &amp;&amp; wildList.indexOf(symbol) != -1): null

2019-08-23 18:52:12 - [TEST_STEP][PASSED] - if (i == 3 &amp;&amp; wildList.indexOf(symbol) != -1): null

2019-08-23 18:52:12 - [TEST_STEP][PASSED] - if (i == 4 &amp;&amp; wildList.indexOf(symbol) != -1): null

2019-08-23 18:52:12 - [TEST_STEP][PASSED] - symbol = symbol: null

2019-08-23 18:52:12 - [TEST_STEP][PASSED] - println(symbol): null

2019-08-23 18:52:12 - [TEST_STEP][PASSED] - if (i == 2 &amp;&amp; wildList.indexOf(symbol) != -1): null

2019-08-23 18:52:12 - [TEST_STEP][PASSED] - if (i == 3 &amp;&amp; wildList.indexOf(symbol) != -1): null

2019-08-23 18:52:12 - [TEST_STEP][PASSED] - if (i == 4 &amp;&amp; wildList.indexOf(symbol) != -1): null

2019-08-23 18:52:12 - [TEST_STEP][PASSED] - symbol = symbol: null

2019-08-23 18:52:12 - [TEST_STEP][PASSED] - println(symbol): null

2019-08-23 18:52:12 - [TEST_STEP][PASSED] - if (i == 2 &amp;&amp; wildList.indexOf(symbol) != -1): null

2019-08-23 18:52:12 - [TEST_STEP][PASSED] - if (i == 3 &amp;&amp; wildList.indexOf(symbol) != -1): null

2019-08-23 18:52:12 - [TEST_STEP][PASSED] - if (i == 4 &amp;&amp; wildList.indexOf(symbol) != -1): null

2019-08-23 18:52:12 - [TEST_STEP][PASSED] - symbols = symbols: null

2019-08-23 18:52:12 - [TEST_STEP][PASSED] - for ([j = 0, j &lt; symbols.size(), (j++)]): null

2019-08-23 18:52:12 - [TEST_STEP][PASSED] - symbol = symbol: null

2019-08-23 18:52:12 - [TEST_STEP][PASSED] - println(symbol): null

2019-08-23 18:52:12 - [TEST_STEP][PASSED] - if (i == 2 &amp;&amp; wildList.indexOf(symbol) != -1): null

2019-08-23 18:52:12 - [TEST_STEP][PASSED] - if (i == 3 &amp;&amp; wildList.indexOf(symbol) != -1): null

2019-08-23 18:52:12 - [TEST_STEP][PASSED] - if (i == 4 &amp;&amp; wildList.indexOf(symbol) != -1): null

2019-08-23 18:52:12 - [TEST_STEP][PASSED] - symbol = symbol: null

2019-08-23 18:52:12 - [TEST_STEP][PASSED] - println(symbol): null

2019-08-23 18:52:12 - [TEST_STEP][PASSED] - if (i == 2 &amp;&amp; wildList.indexOf(symbol) != -1): null

2019-08-23 18:52:12 - [TEST_STEP][PASSED] - if (i == 3 &amp;&amp; wildList.indexOf(symbol) != -1): null

2019-08-23 18:52:12 - [TEST_STEP][PASSED] - if (i == 4 &amp;&amp; wildList.indexOf(symbol) != -1): null

2019-08-23 18:52:12 - [TEST_STEP][PASSED] - symbol = symbol: null

2019-08-23 18:52:12 - [TEST_STEP][PASSED] - println(symbol): null

2019-08-23 18:52:12 - [TEST_STEP][PASSED] - if (i == 2 &amp;&amp; wildList.indexOf(symbol) != -1): null

2019-08-23 18:52:12 - [TEST_STEP][PASSED] - if (i == 3 &amp;&amp; wildList.indexOf(symbol) != -1): null

2019-08-23 18:52:12 - [TEST_STEP][PASSED] - if (i == 4 &amp;&amp; wildList.indexOf(symbol) != -1): null

2019-08-23 18:52:12 - [TEST_STEP][PASSED] - symbols = symbols: null

2019-08-23 18:52:12 - [TEST_STEP][PASSED] - for ([j = 0, j &lt; symbols.size(), (j++)]): null

2019-08-23 18:52:12 - [TEST_STEP][PASSED] - symbol = symbol: null

2019-08-23 18:52:12 - [TEST_STEP][PASSED] - println(symbol): null

2019-08-23 18:52:12 - [TEST_STEP][PASSED] - if (i == 2 &amp;&amp; wildList.indexOf(symbol) != -1): null

2019-08-23 18:52:12 - [TEST_STEP][PASSED] - if (i == 3 &amp;&amp; wildList.indexOf(symbol) != -1): null

2019-08-23 18:52:12 - [TEST_STEP][PASSED] - if (i == 4 &amp;&amp; wildList.indexOf(symbol) != -1): null

2019-08-23 18:52:12 - [TEST_STEP][PASSED] - symbol = symbol: null

2019-08-23 18:52:12 - [TEST_STEP][PASSED] - println(symbol): null

2019-08-23 18:52:12 - [TEST_STEP][PASSED] - if (i == 2 &amp;&amp; wildList.indexOf(symbol) != -1): null

2019-08-23 18:52:12 - [TEST_STEP][PASSED] - if (i == 3 &amp;&amp; wildList.indexOf(symbol) != -1): null

2019-08-23 18:52:12 - [TEST_STEP][PASSED] - if (i == 4 &amp;&amp; wildList.indexOf(symbol) != -1): null

2019-08-23 18:52:12 - [TEST_STEP][PASSED] - symbol = symbol: null

2019-08-23 18:52:12 - [TEST_STEP][PASSED] - println(symbol): null

2019-08-23 18:52:12 - [TEST_STEP][PASSED] - if (i == 2 &amp;&amp; wildList.indexOf(symbol) != -1): null

2019-08-23 18:52:12 - [TEST_STEP][PASSED] - if (i == 3 &amp;&amp; wildList.indexOf(symbol) != -1): null

2019-08-23 18:52:12 - [TEST_STEP][PASSED] - println("wild found on reel 4, adding counter by 1"): null

2019-08-23 18:52:12 - [TEST_STEP][PASSED] - free_spin_reel_counter[1] = free_spin_reel_counter[1] + 1: null

2019-08-23 18:52:12 - [TEST_STEP][PASSED] - if (i == 4 &amp;&amp; wildList.indexOf(symbol) != -1): null

2019-08-23 18:52:12 - [TEST_STEP][PASSED] - symbols = symbols: null

2019-08-23 18:52:12 - [TEST_STEP][PASSED] - for ([j = 0, j &lt; symbols.size(), (j++)]): null

2019-08-23 18:52:12 - [TEST_STEP][PASSED] - symbol = symbol: null

2019-08-23 18:52:12 - [TEST_STEP][PASSED] - println(symbol): null

2019-08-23 18:52:12 - [TEST_STEP][PASSED] - if (i == 2 &amp;&amp; wildList.indexOf(symbol) != -1): null

2019-08-23 18:52:12 - [TEST_STEP][PASSED] - if (i == 3 &amp;&amp; wildList.indexOf(symbol) != -1): null

2019-08-23 18:52:12 - [TEST_STEP][PASSED] - if (i == 4 &amp;&amp; wildList.indexOf(symbol) != -1): null

2019-08-23 18:52:12 - [TEST_STEP][PASSED] - symbol = symbol: null

2019-08-23 18:52:12 - [TEST_STEP][PASSED] - println(symbol): null

2019-08-23 18:52:12 - [TEST_STEP][PASSED] - if (i == 2 &amp;&amp; wildList.indexOf(symbol) != -1): null

2019-08-23 18:52:12 - [TEST_STEP][PASSED] - if (i == 3 &amp;&amp; wildList.indexOf(symbol) != -1): null

2019-08-23 18:52:12 - [TEST_STEP][PASSED] - if (i == 4 &amp;&amp; wildList.indexOf(symbol) != -1): null

2019-08-23 18:52:12 - [TEST_STEP][PASSED] - symbol = symbol: null

2019-08-23 18:52:12 - [TEST_STEP][PASSED] - println(symbol): null

2019-08-23 18:52:12 - [TEST_STEP][PASSED] - if (i == 2 &amp;&amp; wildList.indexOf(symbol) != -1): null

2019-08-23 18:52:12 - [TEST_STEP][PASSED] - if (i == 3 &amp;&amp; wildList.indexOf(symbol) != -1): null

2019-08-23 18:52:12 - [TEST_STEP][PASSED] - if (i == 4 &amp;&amp; wildList.indexOf(symbol) != -1): null

2019-08-23 18:52:12 - [TEST_STEP][PASSED] - free_spin_reel_counter = free_spin_reel_counter: null

2019-08-23 18:52:12 - [TEST_STEP][PASSED] - println("reel 3 wild found: " + free_spin_reel_counter[0]): null

2019-08-23 18:52:12 - [TEST_STEP][PASSED] - println("reel 4 wild found: " + free_spin_reel_counter[1]): null

2019-08-23 18:52:12 - [TEST_STEP][PASSED] - println("reel 5 wild found: " + free_spin_reel_counter[2]): null

2019-08-23 18:52:12 - [TEST_STEP][PASSED] - M4_spin_reels = M4_spin_reels: null

2019-08-23 18:52:12 - [TEST_STEP][PASSED] - M4_spin_reels_symbols = symbol: null

2019-08-23 18:52:12 - [TEST_STEP][PASSED] - M4_spin_reels_symbols = M4_spin_reels_symbols: null

2019-08-23 18:52:12 - [TEST_STEP][PASSED] - M4_spin_reel_wins = reel_wins: null

2019-08-23 18:52:12 - [TEST_STEP][PASSED] - M4_spin_reel_wins = M4_spin_reel_wins: null

2019-08-23 18:52:12 - [TEST_STEP][PASSED] - println("GlobalVariable.M4_spin_reel_wins is: " + M4_spin_reel_wins): null

2019-08-23 18:52:12 - [TEST_STEP][PASSED] - M4_spin_total_bonus_win_this_round = total_bonus_win_this_round: null

2019-08-23 18:52:12 - [TEST_STEP][PASSED] - M4_spin_total_bonus_win_this_round = M4_spin_total_bonus_win_this_round: null

2019-08-23 18:52:12 - [TEST_STEP][PASSED] - println("GlobalVariable.M4_spin_total_bonus_win_this_round is: " + M4_spin_total_bonus_win_this_round): null

2019-08-23 18:52:12 - [TEST_STEP][PASSED] - M4_spin_bonus_spin_result = spin_result: null

2019-08-23 18:52:12 - [TEST_STEP][PASSED] - M4_spin_bonus_spin_result = M4_spin_bonus_spin_result: null

2019-08-23 18:52:12 - [MESSAGE][PASSED] - Verify response successfully

2019-08-23 18:52:12 - [MESSAGE][PASSED] - Send request and verify the response successfully

2019-08-23 18:52:12 - [TEST_STEP][PASSED] - if (free_spin_reel_counter[0] &gt;= 1 &amp;&amp; free_spin_reel_counter[1] &gt;= 1 &amp;&amp; free_spin_reel_counter[2] &gt;= 1): null

2019-08-23 18:52:12 - [TEST_STEP][PASSED] - spin_result = sendRequestAndVerify(findTestObject("INT/RGS(M4)/1_M4_spin", ["M4_login_user_id":M4_login_user_id, "rgs_session_token":rgs_session_token, "partner":Partner])): Send request and verify the response successfully

2019-08-23 18:52:12 - [MESSAGE][INFO] - HAR: /Users/eiralee/Katalon_Script/SuperWild/Reports/20190823_184757/INT/superWild_1/20190823_184757/requests/main/56.har

2019-08-23 18:52:12 - [TEST_CASE][PASSED] - Start Test Case : Verification: Verification accomplished successfully

2019-08-23 18:52:13 - [TEST_STEP][PASSED] - request = getInstance().getCurrentRequest(): null

2019-08-23 18:52:13 - [TEST_STEP][PASSED] - response = getInstance().getCurrentResponse(): null

2019-08-23 18:52:13 - [TEST_STEP][PASSED] - verifyResponseStatusCode(response, 200): Verify response status code successfully

2019-08-23 18:52:13 - [MESSAGE][PASSED] - Verify response status code successfully

2019-08-23 18:52:13 - [TEST_STEP][PASSED] - getStatusCode()).isEqualTo(200): null

2019-08-23 18:52:13 - [TEST_STEP][PASSED] - newline = System.getProperty("line.separator"): null

2019-08-23 18:52:13 - [TEST_STEP][PASSED] - M4_spin = new groovy.json.JsonSlurper(): null

2019-08-23 18:52:13 - [TEST_STEP][PASSED] - result_M4_spin = M4_spin.parseText(response.getResponseBodyContent()): null

2019-08-23 18:52:13 - [TEST_STEP][PASSED] - M4_spin_current_balance = current_balance: null

2019-08-23 18:52:13 - [TEST_STEP][PASSED] - M4_spin_current_balance = M4_spin_current_balance: null

2019-08-23 18:52:13 - [TEST_STEP][PASSED] - M4_spin_transaction_id = causality: null

2019-08-23 18:52:13 - [TEST_STEP][PASSED] - M4_spin_transaction_id = M4_spin_transaction_id: null

2019-08-23 18:52:13 - [TEST_STEP][PASSED] - M4_spin_round_id = round_id: null

2019-08-23 18:52:13 - [TEST_STEP][PASSED] - M4_spin_round_id = M4_spin_round_id: null

2019-08-23 18:52:13 - [TEST_STEP][PASSED] - M4_spin_line_wins = line_wins: null

2019-08-23 18:52:13 - [TEST_STEP][PASSED] - M4_spin_line_wins = M4_spin_line_wins: null

2019-08-23 18:52:13 - [TEST_STEP][PASSED] - M4_total_bonus_spins_int = total_bonus_spins: null

2019-08-23 18:52:13 - [TEST_STEP][PASSED] - println("******M4_total_bonus_spins type is:*******" + newline + getClass().getName()): null

2019-08-23 18:52:13 - [TEST_STEP][PASSED] - M4_total_bonus_spins_int = M4_total_bonus_spins_int: null

2019-08-23 18:52:13 - [TEST_STEP][PASSED] - M4_total_bonus_spins = Integer.toString(M4_total_bonus_spins_int): null

2019-08-23 18:52:13 - [TEST_STEP][PASSED] - M4_total_bonus_spins = M4_total_bonus_spins: null

2019-08-23 18:52:13 - [TEST_STEP][PASSED] - println("M4_total_bonus_spins is:" + M4_total_bonus_spins): null

2019-08-23 18:52:13 - [TEST_STEP][PASSED] - M4_spin_bonus_data = bonus_data: null

2019-08-23 18:52:13 - [TEST_STEP][PASSED] - M4_spin_features_triggered = result_M4_spin: null

2019-08-23 18:52:13 - [TEST_STEP][PASSED] - wild = []: null

2019-08-23 18:52:13 - [TEST_STEP][PASSED] - wild[0] = "WILD_Expanding": null

2019-08-23 18:52:13 - [TEST_STEP][PASSED] - wild[1] = "WILD_Normal": null

2019-08-23 18:52:13 - [TEST_STEP][PASSED] - wild[2] = "WILD_Double": null

2019-08-23 18:52:13 - [TEST_STEP][PASSED] - wild[3] = "WILD_ExtraFG": null

2019-08-23 18:52:13 - [TEST_STEP][PASSED] - wild[4] = "WILD_Triple": null

2019-08-23 18:52:13 - [TEST_STEP][PASSED] - wildList = Arrays.asList(wild): null

2019-08-23 18:52:13 - [TEST_STEP][PASSED] - wildList = wildList: null

2019-08-23 18:52:13 - [TEST_STEP][PASSED] - free_spin_reel_counter = []: null

2019-08-23 18:52:13 - [TEST_STEP][PASSED] - free_spin_reel_counter[0] = 0: null

2019-08-23 18:52:13 - [TEST_STEP][PASSED] - free_spin_reel_counter[1] = 0: null

2019-08-23 18:52:13 - [TEST_STEP][PASSED] - free_spin_reel_counter[2] = 0: null

2019-08-23 18:52:13 - [TEST_STEP][PASSED] - M4_spin_reels = reels: null

2019-08-23 18:52:13 - [TEST_STEP][PASSED] - for ([i = 0, i &lt; M4_spin_reels.size(), (i++)]): null

2019-08-23 18:52:13 - [TEST_STEP][PASSED] - symbols = symbols: null

2019-08-23 18:52:13 - [TEST_STEP][PASSED] - for ([j = 0, j &lt; symbols.size(), (j++)]): null

2019-08-23 18:52:13 - [TEST_STEP][PASSED] - symbol = symbol: null

2019-08-23 18:52:13 - [TEST_STEP][PASSED] - println(symbol): null

2019-08-23 18:52:13 - [TEST_STEP][PASSED] - if (i == 2 &amp;&amp; wildList.indexOf(symbol) != -1): null

2019-08-23 18:52:13 - [TEST_STEP][PASSED] - if (i == 3 &amp;&amp; wildList.indexOf(symbol) != -1): null

2019-08-23 18:52:15 - [TEST_STEP][PASSED] - if (i == 4 &amp;&amp; wildList.indexOf(symbol) != -1): null

2019-08-23 18:52:15 - [TEST_STEP][PASSED] - symbol = symbol: null

2019-08-23 18:52:15 - [TEST_STEP][PASSED] - println(symbol): null

2019-08-23 18:52:15 - [TEST_STEP][PASSED] - if (i == 2 &amp;&amp; wildList.indexOf(symbol) != -1): null

2019-08-23 18:52:15 - [TEST_STEP][PASSED] - if (i == 3 &amp;&amp; wildList.indexOf(symbol) != -1): null

2019-08-23 18:52:15 - [TEST_STEP][PASSED] - if (i == 4 &amp;&amp; wildList.indexOf(symbol) != -1): null

2019-08-23 18:52:15 - [TEST_STEP][PASSED] - symbol = symbol: null

2019-08-23 18:52:15 - [TEST_STEP][PASSED] - println(symbol): null

2019-08-23 18:52:15 - [TEST_STEP][PASSED] - if (i == 2 &amp;&amp; wildList.indexOf(symbol) != -1): null

2019-08-23 18:52:15 - [TEST_STEP][PASSED] - if (i == 3 &amp;&amp; wildList.indexOf(symbol) != -1): null

2019-08-23 18:52:15 - [TEST_STEP][PASSED] - if (i == 4 &amp;&amp; wildList.indexOf(symbol) != -1): null

2019-08-23 18:52:15 - [TEST_STEP][PASSED] - symbols = symbols: null

2019-08-23 18:52:15 - [TEST_STEP][PASSED] - for ([j = 0, j &lt; symbols.size(), (j++)]): null

2019-08-23 18:52:15 - [TEST_STEP][PASSED] - symbol = symbol: null

2019-08-23 18:52:15 - [TEST_STEP][PASSED] - println(symbol): null

2019-08-23 18:52:15 - [TEST_STEP][PASSED] - if (i == 2 &amp;&amp; wildList.indexOf(symbol) != -1): null

2019-08-23 18:52:15 - [TEST_STEP][PASSED] - if (i == 3 &amp;&amp; wildList.indexOf(symbol) != -1): null

2019-08-23 18:52:15 - [TEST_STEP][PASSED] - if (i == 4 &amp;&amp; wildList.indexOf(symbol) != -1): null

2019-08-23 18:52:15 - [TEST_STEP][PASSED] - symbol = symbol: null

2019-08-23 18:52:15 - [TEST_STEP][PASSED] - println(symbol): null

2019-08-23 18:52:15 - [TEST_STEP][PASSED] - if (i == 2 &amp;&amp; wildList.indexOf(symbol) != -1): null

2019-08-23 18:52:15 - [TEST_STEP][PASSED] - if (i == 3 &amp;&amp; wildList.indexOf(symbol) != -1): null

2019-08-23 18:52:15 - [TEST_STEP][PASSED] - if (i == 4 &amp;&amp; wildList.indexOf(symbol) != -1): null

2019-08-23 18:52:15 - [TEST_STEP][PASSED] - symbol = symbol: null

2019-08-23 18:52:15 - [TEST_STEP][PASSED] - println(symbol): null

2019-08-23 18:52:15 - [TEST_STEP][PASSED] - if (i == 2 &amp;&amp; wildList.indexOf(symbol) != -1): null

2019-08-23 18:52:15 - [TEST_STEP][PASSED] - if (i == 3 &amp;&amp; wildList.indexOf(symbol) != -1): null

2019-08-23 18:52:15 - [TEST_STEP][PASSED] - if (i == 4 &amp;&amp; wildList.indexOf(symbol) != -1): null

2019-08-23 18:52:15 - [TEST_STEP][PASSED] - symbols = symbols: null

2019-08-23 18:52:15 - [TEST_STEP][PASSED] - for ([j = 0, j &lt; symbols.size(), (j++)]): null

2019-08-23 18:52:15 - [TEST_STEP][PASSED] - symbol = symbol: null

2019-08-23 18:52:15 - [TEST_STEP][PASSED] - println(symbol): null

2019-08-23 18:52:15 - [TEST_STEP][PASSED] - if (i == 2 &amp;&amp; wildList.indexOf(symbol) != -1): null

2019-08-23 18:52:15 - [TEST_STEP][PASSED] - println("wild found on reel 3, adding counter by 1"): null

2019-08-23 18:52:15 - [TEST_STEP][PASSED] - free_spin_reel_counter[0] = free_spin_reel_counter[0] + 1: null

2019-08-23 18:52:15 - [TEST_STEP][PASSED] - if (i == 3 &amp;&amp; wildList.indexOf(symbol) != -1): null

2019-08-23 18:52:15 - [TEST_STEP][PASSED] - if (i == 4 &amp;&amp; wildList.indexOf(symbol) != -1): null

2019-08-23 18:52:15 - [TEST_STEP][PASSED] - symbol = symbol: null

2019-08-23 18:52:15 - [TEST_STEP][PASSED] - println(symbol): null

2019-08-23 18:52:15 - [TEST_STEP][PASSED] - if (i == 2 &amp;&amp; wildList.indexOf(symbol) != -1): null

2019-08-23 18:52:15 - [TEST_STEP][PASSED] - if (i == 3 &amp;&amp; wildList.indexOf(symbol) != -1): null

2019-08-23 18:52:15 - [TEST_STEP][PASSED] - if (i == 4 &amp;&amp; wildList.indexOf(symbol) != -1): null

2019-08-23 18:52:15 - [TEST_STEP][PASSED] - symbol = symbol: null

2019-08-23 18:52:15 - [TEST_STEP][PASSED] - println(symbol): null

2019-08-23 18:52:15 - [TEST_STEP][PASSED] - if (i == 2 &amp;&amp; wildList.indexOf(symbol) != -1): null

2019-08-23 18:52:15 - [TEST_STEP][PASSED] - if (i == 3 &amp;&amp; wildList.indexOf(symbol) != -1): null

2019-08-23 18:52:15 - [TEST_STEP][PASSED] - if (i == 4 &amp;&amp; wildList.indexOf(symbol) != -1): null

2019-08-23 18:52:15 - [TEST_STEP][PASSED] - symbols = symbols: null

2019-08-23 18:52:15 - [TEST_STEP][PASSED] - for ([j = 0, j &lt; symbols.size(), (j++)]): null

2019-08-23 18:52:15 - [TEST_STEP][PASSED] - symbol = symbol: null

2019-08-23 18:52:15 - [TEST_STEP][PASSED] - println(symbol): null

2019-08-23 18:52:15 - [TEST_STEP][PASSED] - if (i == 2 &amp;&amp; wildList.indexOf(symbol) != -1): null

2019-08-23 18:52:15 - [TEST_STEP][PASSED] - if (i == 3 &amp;&amp; wildList.indexOf(symbol) != -1): null

2019-08-23 18:52:15 - [TEST_STEP][PASSED] - if (i == 4 &amp;&amp; wildList.indexOf(symbol) != -1): null

2019-08-23 18:52:15 - [TEST_STEP][PASSED] - symbol = symbol: null

2019-08-23 18:52:15 - [TEST_STEP][PASSED] - println(symbol): null

2019-08-23 18:52:15 - [TEST_STEP][PASSED] - if (i == 2 &amp;&amp; wildList.indexOf(symbol) != -1): null

2019-08-23 18:52:15 - [TEST_STEP][PASSED] - if (i == 3 &amp;&amp; wildList.indexOf(symbol) != -1): null

2019-08-23 18:52:15 - [TEST_STEP][PASSED] - if (i == 4 &amp;&amp; wildList.indexOf(symbol) != -1): null

2019-08-23 18:52:15 - [TEST_STEP][PASSED] - symbol = symbol: null

2019-08-23 18:52:15 - [TEST_STEP][PASSED] - println(symbol): null

2019-08-23 18:52:15 - [TEST_STEP][PASSED] - if (i == 2 &amp;&amp; wildList.indexOf(symbol) != -1): null

2019-08-23 18:52:15 - [TEST_STEP][PASSED] - if (i == 3 &amp;&amp; wildList.indexOf(symbol) != -1): null

2019-08-23 18:52:15 - [TEST_STEP][PASSED] - if (i == 4 &amp;&amp; wildList.indexOf(symbol) != -1): null

2019-08-23 18:52:15 - [TEST_STEP][PASSED] - symbols = symbols: null

2019-08-23 18:52:15 - [TEST_STEP][PASSED] - for ([j = 0, j &lt; symbols.size(), (j++)]): null

2019-08-23 18:52:15 - [TEST_STEP][PASSED] - symbol = symbol: null

2019-08-23 18:52:15 - [TEST_STEP][PASSED] - println(symbol): null

2019-08-23 18:52:15 - [TEST_STEP][PASSED] - if (i == 2 &amp;&amp; wildList.indexOf(symbol) != -1): null

2019-08-23 18:52:15 - [TEST_STEP][PASSED] - if (i == 3 &amp;&amp; wildList.indexOf(symbol) != -1): null

2019-08-23 18:52:15 - [TEST_STEP][PASSED] - if (i == 4 &amp;&amp; wildList.indexOf(symbol) != -1): null

2019-08-23 18:52:15 - [TEST_STEP][PASSED] - symbol = symbol: null

2019-08-23 18:52:15 - [TEST_STEP][PASSED] - println(symbol): null

2019-08-23 18:52:15 - [TEST_STEP][PASSED] - if (i == 2 &amp;&amp; wildList.indexOf(symbol) != -1): null

2019-08-23 18:52:15 - [TEST_STEP][PASSED] - if (i == 3 &amp;&amp; wildList.indexOf(symbol) != -1): null

2019-08-23 18:52:15 - [TEST_STEP][PASSED] - if (i == 4 &amp;&amp; wildList.indexOf(symbol) != -1): null

2019-08-23 18:52:15 - [TEST_STEP][PASSED] - symbol = symbol: null

2019-08-23 18:52:15 - [TEST_STEP][PASSED] - println(symbol): null

2019-08-23 18:52:15 - [TEST_STEP][PASSED] - if (i == 2 &amp;&amp; wildList.indexOf(symbol) != -1): null

2019-08-23 18:52:15 - [TEST_STEP][PASSED] - if (i == 3 &amp;&amp; wildList.indexOf(symbol) != -1): null

2019-08-23 18:52:15 - [TEST_STEP][PASSED] - if (i == 4 &amp;&amp; wildList.indexOf(symbol) != -1): null

2019-08-23 18:52:15 - [TEST_STEP][PASSED] - free_spin_reel_counter = free_spin_reel_counter: null

2019-08-23 18:52:15 - [TEST_STEP][PASSED] - println("reel 3 wild found: " + free_spin_reel_counter[0]): null

2019-08-23 18:52:15 - [TEST_STEP][PASSED] - println("reel 4 wild found: " + free_spin_reel_counter[1]): null

2019-08-23 18:52:15 - [TEST_STEP][PASSED] - println("reel 5 wild found: " + free_spin_reel_counter[2]): null

2019-08-23 18:52:15 - [TEST_STEP][PASSED] - M4_spin_reels = M4_spin_reels: null

2019-08-23 18:52:15 - [TEST_STEP][PASSED] - M4_spin_reels_symbols = symbol: null

2019-08-23 18:52:15 - [TEST_STEP][PASSED] - M4_spin_reels_symbols = M4_spin_reels_symbols: null

2019-08-23 18:52:15 - [TEST_STEP][PASSED] - M4_spin_reel_wins = reel_wins: null

2019-08-23 18:52:15 - [TEST_STEP][PASSED] - M4_spin_reel_wins = M4_spin_reel_wins: null

2019-08-23 18:52:15 - [TEST_STEP][PASSED] - println("GlobalVariable.M4_spin_reel_wins is: " + M4_spin_reel_wins): null

2019-08-23 18:52:15 - [TEST_STEP][PASSED] - M4_spin_total_bonus_win_this_round = total_bonus_win_this_round: null

2019-08-23 18:52:15 - [TEST_STEP][PASSED] - M4_spin_total_bonus_win_this_round = M4_spin_total_bonus_win_this_round: null

2019-08-23 18:52:15 - [TEST_STEP][PASSED] - println("GlobalVariable.M4_spin_total_bonus_win_this_round is: " + M4_spin_total_bonus_win_this_round): null

2019-08-23 18:52:15 - [TEST_STEP][PASSED] - M4_spin_bonus_spin_result = spin_result: null

2019-08-23 18:52:15 - [TEST_STEP][PASSED] - M4_spin_bonus_spin_result = M4_spin_bonus_spin_result: null

2019-08-23 18:52:15 - [MESSAGE][PASSED] - Verify response successfully

2019-08-23 18:52:15 - [MESSAGE][PASSED] - Send request and verify the response successfully

2019-08-23 18:52:15 - [TEST_STEP][PASSED] - if (free_spin_reel_counter[0] &gt;= 1 &amp;&amp; free_spin_reel_counter[1] &gt;= 1 &amp;&amp; free_spin_reel_counter[2] &gt;= 1): null

2019-08-23 18:52:15 - [TEST_STEP][PASSED] - spin_result = sendRequestAndVerify(findTestObject("INT/RGS(M4)/1_M4_spin", ["M4_login_user_id":M4_login_user_id, "rgs_session_token":rgs_session_token, "partner":Partner])): Send request and verify the response successfully

2019-08-23 18:52:15 - [MESSAGE][INFO] - HAR: /Users/eiralee/Katalon_Script/SuperWild/Reports/20190823_184757/INT/superWild_1/20190823_184757/requests/main/57.har

2019-08-23 18:52:15 - [TEST_CASE][PASSED] - Start Test Case : Verification: Verification accomplished successfully

2019-08-23 18:52:15 - [TEST_STEP][PASSED] - request = getInstance().getCurrentRequest(): null

2019-08-23 18:52:15 - [TEST_STEP][PASSED] - response = getInstance().getCurrentResponse(): null

2019-08-23 18:52:15 - [TEST_STEP][PASSED] - verifyResponseStatusCode(response, 200): Verify response status code successfully

2019-08-23 18:52:15 - [MESSAGE][PASSED] - Verify response status code successfully

2019-08-23 18:52:15 - [TEST_STEP][PASSED] - getStatusCode()).isEqualTo(200): null

2019-08-23 18:52:15 - [TEST_STEP][PASSED] - newline = System.getProperty("line.separator"): null

2019-08-23 18:52:15 - [TEST_STEP][PASSED] - M4_spin = new groovy.json.JsonSlurper(): null

2019-08-23 18:52:15 - [TEST_STEP][PASSED] - result_M4_spin = M4_spin.parseText(response.getResponseBodyContent()): null

2019-08-23 18:52:15 - [TEST_STEP][PASSED] - M4_spin_current_balance = current_balance: null

2019-08-23 18:52:15 - [TEST_STEP][PASSED] - M4_spin_current_balance = M4_spin_current_balance: null

2019-08-23 18:52:15 - [TEST_STEP][PASSED] - M4_spin_transaction_id = causality: null

2019-08-23 18:52:15 - [TEST_STEP][PASSED] - M4_spin_transaction_id = M4_spin_transaction_id: null

2019-08-23 18:52:15 - [TEST_STEP][PASSED] - M4_spin_round_id = round_id: null

2019-08-23 18:52:15 - [TEST_STEP][PASSED] - M4_spin_round_id = M4_spin_round_id: null

2019-08-23 18:52:15 - [TEST_STEP][PASSED] - M4_spin_line_wins = line_wins: null

2019-08-23 18:52:15 - [TEST_STEP][PASSED] - M4_spin_line_wins = M4_spin_line_wins: null

2019-08-23 18:52:15 - [TEST_STEP][PASSED] - M4_total_bonus_spins_int = total_bonus_spins: null

2019-08-23 18:52:15 - [TEST_STEP][PASSED] - println("******M4_total_bonus_spins type is:*******" + newline + getClass().getName()): null

2019-08-23 18:52:15 - [TEST_STEP][PASSED] - M4_total_bonus_spins_int = M4_total_bonus_spins_int: null

2019-08-23 18:52:15 - [TEST_STEP][PASSED] - M4_total_bonus_spins = Integer.toString(M4_total_bonus_spins_int): null

2019-08-23 18:52:15 - [TEST_STEP][PASSED] - M4_total_bonus_spins = M4_total_bonus_spins: null

2019-08-23 18:52:15 - [TEST_STEP][PASSED] - println("M4_total_bonus_spins is:" + M4_total_bonus_spins): null

2019-08-23 18:52:15 - [TEST_STEP][PASSED] - M4_spin_bonus_data = bonus_data: null

2019-08-23 18:52:15 - [TEST_STEP][PASSED] - M4_spin_features_triggered = result_M4_spin: null

2019-08-23 18:52:15 - [TEST_STEP][PASSED] - wild = []: null

2019-08-23 18:52:15 - [TEST_STEP][PASSED] - wild[0] = "WILD_Expanding": null

2019-08-23 18:52:15 - [TEST_STEP][PASSED] - wild[1] = "WILD_Normal": null

2019-08-23 18:52:15 - [TEST_STEP][PASSED] - wild[2] = "WILD_Double": null

2019-08-23 18:52:15 - [TEST_STEP][PASSED] - wild[3] = "WILD_ExtraFG": null

2019-08-23 18:52:15 - [TEST_STEP][PASSED] - wild[4] = "WILD_Triple": null

2019-08-23 18:52:15 - [TEST_STEP][PASSED] - wildList = Arrays.asList(wild): null

2019-08-23 18:52:15 - [TEST_STEP][PASSED] - wildList = wildList: null

2019-08-23 18:52:15 - [TEST_STEP][PASSED] - free_spin_reel_counter = []: null

2019-08-23 18:52:15 - [TEST_STEP][PASSED] - free_spin_reel_counter[0] = 0: null

2019-08-23 18:52:15 - [TEST_STEP][PASSED] - free_spin_reel_counter[1] = 0: null

2019-08-23 18:52:15 - [TEST_STEP][PASSED] - free_spin_reel_counter[2] = 0: null

2019-08-23 18:52:15 - [TEST_STEP][PASSED] - M4_spin_reels = reels: null

2019-08-23 18:52:15 - [TEST_STEP][PASSED] - for ([i = 0, i &lt; M4_spin_reels.size(), (i++)]): null

2019-08-23 18:52:15 - [TEST_STEP][PASSED] - symbols = symbols: null

2019-08-23 18:52:15 - [TEST_STEP][PASSED] - for ([j = 0, j &lt; symbols.size(), (j++)]): null

2019-08-23 18:52:15 - [TEST_STEP][PASSED] - symbol = symbol: null

2019-08-23 18:52:15 - [TEST_STEP][PASSED] - println(symbol): null

2019-08-23 18:52:15 - [TEST_STEP][PASSED] - if (i == 2 &amp;&amp; wildList.indexOf(symbol) != -1): null

2019-08-23 18:52:15 - [TEST_STEP][PASSED] - if (i == 3 &amp;&amp; wildList.indexOf(symbol) != -1): null

2019-08-23 18:52:15 - [TEST_STEP][PASSED] - if (i == 4 &amp;&amp; wildList.indexOf(symbol) != -1): null

2019-08-23 18:52:15 - [TEST_STEP][PASSED] - symbol = symbol: null

2019-08-23 18:52:15 - [TEST_STEP][PASSED] - println(symbol): null

2019-08-23 18:52:15 - [TEST_STEP][PASSED] - if (i == 2 &amp;&amp; wildList.indexOf(symbol) != -1): null

2019-08-23 18:52:15 - [TEST_STEP][PASSED] - if (i == 3 &amp;&amp; wildList.indexOf(symbol) != -1): null

2019-08-23 18:52:15 - [TEST_STEP][PASSED] - if (i == 4 &amp;&amp; wildList.indexOf(symbol) != -1): null

2019-08-23 18:52:15 - [TEST_STEP][PASSED] - symbol = symbol: null

2019-08-23 18:52:15 - [TEST_STEP][PASSED] - println(symbol): null

2019-08-23 18:52:15 - [TEST_STEP][PASSED] - if (i == 2 &amp;&amp; wildList.indexOf(symbol) != -1): null

2019-08-23 18:52:15 - [TEST_STEP][PASSED] - if (i == 3 &amp;&amp; wildList.indexOf(symbol) != -1): null

2019-08-23 18:52:15 - [TEST_STEP][PASSED] - if (i == 4 &amp;&amp; wildList.indexOf(symbol) != -1): null

2019-08-23 18:52:15 - [TEST_STEP][PASSED] - symbols = symbols: null

2019-08-23 18:52:15 - [TEST_STEP][PASSED] - for ([j = 0, j &lt; symbols.size(), (j++)]): null

2019-08-23 18:52:15 - [TEST_STEP][PASSED] - symbol = symbol: null

2019-08-23 18:52:15 - [TEST_STEP][PASSED] - println(symbol): null

2019-08-23 18:52:15 - [TEST_STEP][PASSED] - if (i == 2 &amp;&amp; wildList.indexOf(symbol) != -1): null

2019-08-23 18:52:15 - [TEST_STEP][PASSED] - if (i == 3 &amp;&amp; wildList.indexOf(symbol) != -1): null

2019-08-23 18:52:15 - [TEST_STEP][PASSED] - if (i == 4 &amp;&amp; wildList.indexOf(symbol) != -1): null

2019-08-23 18:52:15 - [TEST_STEP][PASSED] - symbol = symbol: null

2019-08-23 18:52:15 - [TEST_STEP][PASSED] - println(symbol): null

2019-08-23 18:52:15 - [TEST_STEP][PASSED] - if (i == 2 &amp;&amp; wildList.indexOf(symbol) != -1): null

2019-08-23 18:52:15 - [TEST_STEP][PASSED] - if (i == 3 &amp;&amp; wildList.indexOf(symbol) != -1): null

2019-08-23 18:52:15 - [TEST_STEP][PASSED] - if (i == 4 &amp;&amp; wildList.indexOf(symbol) != -1): null

2019-08-23 18:52:15 - [TEST_STEP][PASSED] - symbol = symbol: null

2019-08-23 18:52:15 - [TEST_STEP][PASSED] - println(symbol): null

2019-08-23 18:52:15 - [TEST_STEP][PASSED] - if (i == 2 &amp;&amp; wildList.indexOf(symbol) != -1): null

2019-08-23 18:52:15 - [TEST_STEP][PASSED] - if (i == 3 &amp;&amp; wildList.indexOf(symbol) != -1): null

2019-08-23 18:52:15 - [TEST_STEP][PASSED] - if (i == 4 &amp;&amp; wildList.indexOf(symbol) != -1): null

2019-08-23 18:52:15 - [TEST_STEP][PASSED] - symbols = symbols: null

2019-08-23 18:52:15 - [TEST_STEP][PASSED] - for ([j = 0, j &lt; symbols.size(), (j++)]): null

2019-08-23 18:52:15 - [TEST_STEP][PASSED] - symbol = symbol: null

2019-08-23 18:52:15 - [TEST_STEP][PASSED] - println(symbol): null

2019-08-23 18:52:15 - [TEST_STEP][PASSED] - if (i == 2 &amp;&amp; wildList.indexOf(symbol) != -1): null

2019-08-23 18:52:15 - [TEST_STEP][PASSED] - if (i == 3 &amp;&amp; wildList.indexOf(symbol) != -1): null

2019-08-23 18:52:15 - [TEST_STEP][PASSED] - if (i == 4 &amp;&amp; wildList.indexOf(symbol) != -1): null

2019-08-23 18:52:15 - [TEST_STEP][PASSED] - symbol = symbol: null

2019-08-23 18:52:15 - [TEST_STEP][PASSED] - println(symbol): null

2019-08-23 18:52:15 - [TEST_STEP][PASSED] - if (i == 2 &amp;&amp; wildList.indexOf(symbol) != -1): null

2019-08-23 18:52:15 - [TEST_STEP][PASSED] - if (i == 3 &amp;&amp; wildList.indexOf(symbol) != -1): null

2019-08-23 18:52:15 - [TEST_STEP][PASSED] - if (i == 4 &amp;&amp; wildList.indexOf(symbol) != -1): null

2019-08-23 18:52:15 - [TEST_STEP][PASSED] - symbol = symbol: null

2019-08-23 18:52:15 - [TEST_STEP][PASSED] - println(symbol): null

2019-08-23 18:52:15 - [TEST_STEP][PASSED] - if (i == 2 &amp;&amp; wildList.indexOf(symbol) != -1): null

2019-08-23 18:52:15 - [TEST_STEP][PASSED] - if (i == 3 &amp;&amp; wildList.indexOf(symbol) != -1): null

2019-08-23 18:52:15 - [TEST_STEP][PASSED] - if (i == 4 &amp;&amp; wildList.indexOf(symbol) != -1): null

2019-08-23 18:52:15 - [TEST_STEP][PASSED] - symbols = symbols: null

2019-08-23 18:52:15 - [TEST_STEP][PASSED] - for ([j = 0, j &lt; symbols.size(), (j++)]): null

2019-08-23 18:52:15 - [TEST_STEP][PASSED] - symbol = symbol: null

2019-08-23 18:52:15 - [TEST_STEP][PASSED] - println(symbol): null

2019-08-23 18:52:15 - [TEST_STEP][PASSED] - if (i == 2 &amp;&amp; wildList.indexOf(symbol) != -1): null

2019-08-23 18:52:15 - [TEST_STEP][PASSED] - if (i == 3 &amp;&amp; wildList.indexOf(symbol) != -1): null

2019-08-23 18:52:15 - [TEST_STEP][PASSED] - if (i == 4 &amp;&amp; wildList.indexOf(symbol) != -1): null

2019-08-23 18:52:15 - [TEST_STEP][PASSED] - symbol = symbol: null

2019-08-23 18:52:15 - [TEST_STEP][PASSED] - println(symbol): null

2019-08-23 18:52:15 - [TEST_STEP][PASSED] - if (i == 2 &amp;&amp; wildList.indexOf(symbol) != -1): null

2019-08-23 18:52:15 - [TEST_STEP][PASSED] - if (i == 3 &amp;&amp; wildList.indexOf(symbol) != -1): null

2019-08-23 18:52:15 - [TEST_STEP][PASSED] - if (i == 4 &amp;&amp; wildList.indexOf(symbol) != -1): null

2019-08-23 18:52:15 - [TEST_STEP][PASSED] - symbol = symbol: null

2019-08-23 18:52:15 - [TEST_STEP][PASSED] - println(symbol): null

2019-08-23 18:52:15 - [TEST_STEP][PASSED] - if (i == 2 &amp;&amp; wildList.indexOf(symbol) != -1): null

2019-08-23 18:52:15 - [TEST_STEP][PASSED] - if (i == 3 &amp;&amp; wildList.indexOf(symbol) != -1): null

2019-08-23 18:52:15 - [TEST_STEP][PASSED] - println("wild found on reel 4, adding counter by 1"): null

2019-08-23 18:52:15 - [TEST_STEP][PASSED] - free_spin_reel_counter[1] = free_spin_reel_counter[1] + 1: null

2019-08-23 18:52:15 - [TEST_STEP][PASSED] - if (i == 4 &amp;&amp; wildList.indexOf(symbol) != -1): null

2019-08-23 18:52:15 - [TEST_STEP][PASSED] - symbols = symbols: null

2019-08-23 18:52:15 - [TEST_STEP][PASSED] - for ([j = 0, j &lt; symbols.size(), (j++)]): null

2019-08-23 18:52:15 - [TEST_STEP][PASSED] - symbol = symbol: null

2019-08-23 18:52:15 - [TEST_STEP][PASSED] - println(symbol): null

2019-08-23 18:52:15 - [TEST_STEP][PASSED] - if (i == 2 &amp;&amp; wildList.indexOf(symbol) != -1): null

2019-08-23 18:52:15 - [TEST_STEP][PASSED] - if (i == 3 &amp;&amp; wildList.indexOf(symbol) != -1): null

2019-08-23 18:52:15 - [TEST_STEP][PASSED] - if (i == 4 &amp;&amp; wildList.indexOf(symbol) != -1): null

2019-08-23 18:52:15 - [TEST_STEP][PASSED] - println("wild found on reel 5, adding counter by 1"): null

2019-08-23 18:52:15 - [TEST_STEP][PASSED] - free_spin_reel_counter[2] = free_spin_reel_counter[2] + 1: null

2019-08-23 18:52:15 - [TEST_STEP][PASSED] - symbol = symbol: null

2019-08-23 18:52:15 - [TEST_STEP][PASSED] - println(symbol): null

2019-08-23 18:52:15 - [TEST_STEP][PASSED] - if (i == 2 &amp;&amp; wildList.indexOf(symbol) != -1): null

2019-08-23 18:52:15 - [TEST_STEP][PASSED] - if (i == 3 &amp;&amp; wildList.indexOf(symbol) != -1): null

2019-08-23 18:52:15 - [TEST_STEP][PASSED] - if (i == 4 &amp;&amp; wildList.indexOf(symbol) != -1): null

2019-08-23 18:52:15 - [TEST_STEP][PASSED] - symbol = symbol: null

2019-08-23 18:52:15 - [TEST_STEP][PASSED] - println(symbol): null

2019-08-23 18:52:15 - [TEST_STEP][PASSED] - if (i == 2 &amp;&amp; wildList.indexOf(symbol) != -1): null

2019-08-23 18:52:15 - [TEST_STEP][PASSED] - if (i == 3 &amp;&amp; wildList.indexOf(symbol) != -1): null

2019-08-23 18:52:15 - [TEST_STEP][PASSED] - if (i == 4 &amp;&amp; wildList.indexOf(symbol) != -1): null

2019-08-23 18:52:15 - [TEST_STEP][PASSED] - free_spin_reel_counter = free_spin_reel_counter: null

2019-08-23 18:52:15 - [TEST_STEP][PASSED] - println("reel 3 wild found: " + free_spin_reel_counter[0]): null

2019-08-23 18:52:15 - [TEST_STEP][PASSED] - println("reel 4 wild found: " + free_spin_reel_counter[1]): null

2019-08-23 18:52:15 - [TEST_STEP][PASSED] - println("reel 5 wild found: " + free_spin_reel_counter[2]): null

2019-08-23 18:52:15 - [TEST_STEP][PASSED] - M4_spin_reels = M4_spin_reels: null

2019-08-23 18:52:15 - [TEST_STEP][PASSED] - M4_spin_reels_symbols = symbol: null

2019-08-23 18:52:15 - [TEST_STEP][PASSED] - M4_spin_reels_symbols = M4_spin_reels_symbols: null

2019-08-23 18:52:15 - [TEST_STEP][PASSED] - M4_spin_reel_wins = reel_wins: null

2019-08-23 18:52:15 - [TEST_STEP][PASSED] - M4_spin_reel_wins = M4_spin_reel_wins: null

2019-08-23 18:52:15 - [TEST_STEP][PASSED] - println("GlobalVariable.M4_spin_reel_wins is: " + M4_spin_reel_wins): null

2019-08-23 18:52:15 - [TEST_STEP][PASSED] - M4_spin_total_bonus_win_this_round = total_bonus_win_this_round: null

2019-08-23 18:52:15 - [TEST_STEP][PASSED] - M4_spin_total_bonus_win_this_round = M4_spin_total_bonus_win_this_round: null

2019-08-23 18:52:15 - [TEST_STEP][PASSED] - println("GlobalVariable.M4_spin_total_bonus_win_this_round is: " + M4_spin_total_bonus_win_this_round): null

2019-08-23 18:52:15 - [TEST_STEP][PASSED] - M4_spin_bonus_spin_result = spin_result: null

2019-08-23 18:52:15 - [TEST_STEP][PASSED] - M4_spin_bonus_spin_result = M4_spin_bonus_spin_result: null

2019-08-23 18:52:15 - [MESSAGE][PASSED] - Verify response successfully

2019-08-23 18:52:15 - [MESSAGE][PASSED] - Send request and verify the response successfully

2019-08-23 18:52:15 - [TEST_STEP][PASSED] - if (free_spin_reel_counter[0] &gt;= 1 &amp;&amp; free_spin_reel_counter[1] &gt;= 1 &amp;&amp; free_spin_reel_counter[2] &gt;= 1): null

2019-08-23 18:52:15 - [TEST_STEP][PASSED] - spin_result = sendRequestAndVerify(findTestObject("INT/RGS(M4)/1_M4_spin", ["M4_login_user_id":M4_login_user_id, "rgs_session_token":rgs_session_token, "partner":Partner])): Send request and verify the response successfully

2019-08-23 18:52:16 - [MESSAGE][INFO] - HAR: /Users/eiralee/Katalon_Script/SuperWild/Reports/20190823_184757/INT/superWild_1/20190823_184757/requests/main/58.har

2019-08-23 18:52:16 - [TEST_CASE][PASSED] - Start Test Case : Verification: Verification accomplished successfully

2019-08-23 18:52:16 - [TEST_STEP][PASSED] - request = getInstance().getCurrentRequest(): null

2019-08-23 18:52:16 - [TEST_STEP][PASSED] - response = getInstance().getCurrentResponse(): null

2019-08-23 18:52:16 - [TEST_STEP][PASSED] - verifyResponseStatusCode(response, 200): Verify response status code successfully

2019-08-23 18:52:16 - [MESSAGE][PASSED] - Verify response status code successfully

2019-08-23 18:52:16 - [TEST_STEP][PASSED] - getStatusCode()).isEqualTo(200): null

2019-08-23 18:52:16 - [TEST_STEP][PASSED] - newline = System.getProperty("line.separator"): null

2019-08-23 18:52:16 - [TEST_STEP][PASSED] - M4_spin = new groovy.json.JsonSlurper(): null

2019-08-23 18:52:16 - [TEST_STEP][PASSED] - result_M4_spin = M4_spin.parseText(response.getResponseBodyContent()): null

2019-08-23 18:52:16 - [TEST_STEP][PASSED] - M4_spin_current_balance = current_balance: null

2019-08-23 18:52:16 - [TEST_STEP][PASSED] - M4_spin_current_balance = M4_spin_current_balance: null

2019-08-23 18:52:16 - [TEST_STEP][PASSED] - M4_spin_transaction_id = causality: null

2019-08-23 18:52:16 - [TEST_STEP][PASSED] - M4_spin_transaction_id = M4_spin_transaction_id: null

2019-08-23 18:52:16 - [TEST_STEP][PASSED] - M4_spin_round_id = round_id: null

2019-08-23 18:52:16 - [TEST_STEP][PASSED] - M4_spin_round_id = M4_spin_round_id: null

2019-08-23 18:52:16 - [TEST_STEP][PASSED] - M4_spin_line_wins = line_wins: null

2019-08-23 18:52:16 - [TEST_STEP][PASSED] - M4_spin_line_wins = M4_spin_line_wins: null

2019-08-23 18:52:16 - [TEST_STEP][PASSED] - M4_total_bonus_spins_int = total_bonus_spins: null

2019-08-23 18:52:16 - [TEST_STEP][PASSED] - println("******M4_total_bonus_spins type is:*******" + newline + getClass().getName()): null

2019-08-23 18:52:16 - [TEST_STEP][PASSED] - M4_total_bonus_spins_int = M4_total_bonus_spins_int: null

2019-08-23 18:52:16 - [TEST_STEP][PASSED] - M4_total_bonus_spins = Integer.toString(M4_total_bonus_spins_int): null

2019-08-23 18:52:16 - [TEST_STEP][PASSED] - M4_total_bonus_spins = M4_total_bonus_spins: null

2019-08-23 18:52:16 - [TEST_STEP][PASSED] - println("M4_total_bonus_spins is:" + M4_total_bonus_spins): null

2019-08-23 18:52:16 - [TEST_STEP][PASSED] - M4_spin_bonus_data = bonus_data: null

2019-08-23 18:52:16 - [TEST_STEP][PASSED] - M4_spin_features_triggered = result_M4_spin: null

2019-08-23 18:52:16 - [TEST_STEP][PASSED] - wild = []: null

2019-08-23 18:52:16 - [TEST_STEP][PASSED] - wild[0] = "WILD_Expanding": null

2019-08-23 18:52:16 - [TEST_STEP][PASSED] - wild[1] = "WILD_Normal": null

2019-08-23 18:52:16 - [TEST_STEP][PASSED] - wild[2] = "WILD_Double": null

2019-08-23 18:52:16 - [TEST_STEP][PASSED] - wild[3] = "WILD_ExtraFG": null

2019-08-23 18:52:16 - [TEST_STEP][PASSED] - wild[4] = "WILD_Triple": null

2019-08-23 18:52:16 - [TEST_STEP][PASSED] - wildList = Arrays.asList(wild): null

2019-08-23 18:52:16 - [TEST_STEP][PASSED] - wildList = wildList: null

2019-08-23 18:52:16 - [TEST_STEP][PASSED] - free_spin_reel_counter = []: null

2019-08-23 18:52:16 - [TEST_STEP][PASSED] - free_spin_reel_counter[0] = 0: null

2019-08-23 18:52:16 - [TEST_STEP][PASSED] - free_spin_reel_counter[1] = 0: null

2019-08-23 18:52:16 - [TEST_STEP][PASSED] - free_spin_reel_counter[2] = 0: null

2019-08-23 18:52:16 - [TEST_STEP][PASSED] - M4_spin_reels = reels: null

2019-08-23 18:52:16 - [TEST_STEP][PASSED] - for ([i = 0, i &lt; M4_spin_reels.size(), (i++)]): null

2019-08-23 18:52:16 - [TEST_STEP][PASSED] - symbols = symbols: null

2019-08-23 18:52:16 - [TEST_STEP][PASSED] - for ([j = 0, j &lt; symbols.size(), (j++)]): null

2019-08-23 18:52:16 - [TEST_STEP][PASSED] - symbol = symbol: null

2019-08-23 18:52:16 - [TEST_STEP][PASSED] - println(symbol): null

2019-08-23 18:52:16 - [TEST_STEP][PASSED] - if (i == 2 &amp;&amp; wildList.indexOf(symbol) != -1): null

2019-08-23 18:52:16 - [TEST_STEP][PASSED] - if (i == 3 &amp;&amp; wildList.indexOf(symbol) != -1): null

2019-08-23 18:52:16 - [TEST_STEP][PASSED] - if (i == 4 &amp;&amp; wildList.indexOf(symbol) != -1): null

2019-08-23 18:52:16 - [TEST_STEP][PASSED] - symbol = symbol: null

2019-08-23 18:52:16 - [TEST_STEP][PASSED] - println(symbol): null

2019-08-23 18:52:16 - [TEST_STEP][PASSED] - if (i == 2 &amp;&amp; wildList.indexOf(symbol) != -1): null

2019-08-23 18:52:16 - [TEST_STEP][PASSED] - if (i == 3 &amp;&amp; wildList.indexOf(symbol) != -1): null

2019-08-23 18:52:16 - [TEST_STEP][PASSED] - if (i == 4 &amp;&amp; wildList.indexOf(symbol) != -1): null

2019-08-23 18:52:16 - [TEST_STEP][PASSED] - symbol = symbol: null

2019-08-23 18:52:16 - [TEST_STEP][PASSED] - println(symbol): null

2019-08-23 18:52:16 - [TEST_STEP][PASSED] - if (i == 2 &amp;&amp; wildList.indexOf(symbol) != -1): null

2019-08-23 18:52:16 - [TEST_STEP][PASSED] - if (i == 3 &amp;&amp; wildList.indexOf(symbol) != -1): null

2019-08-23 18:52:16 - [TEST_STEP][PASSED] - if (i == 4 &amp;&amp; wildList.indexOf(symbol) != -1): null

2019-08-23 18:52:16 - [TEST_STEP][PASSED] - symbols = symbols: null

2019-08-23 18:52:16 - [TEST_STEP][PASSED] - for ([j = 0, j &lt; symbols.size(), (j++)]): null

2019-08-23 18:52:16 - [TEST_STEP][PASSED] - symbol = symbol: null

2019-08-23 18:52:16 - [TEST_STEP][PASSED] - println(symbol): null

2019-08-23 18:52:16 - [TEST_STEP][PASSED] - if (i == 2 &amp;&amp; wildList.indexOf(symbol) != -1): null

2019-08-23 18:52:16 - [TEST_STEP][PASSED] - if (i == 3 &amp;&amp; wildList.indexOf(symbol) != -1): null

2019-08-23 18:52:16 - [TEST_STEP][PASSED] - if (i == 4 &amp;&amp; wildList.indexOf(symbol) != -1): null

2019-08-23 18:52:16 - [TEST_STEP][PASSED] - symbol = symbol: null

2019-08-23 18:52:16 - [TEST_STEP][PASSED] - println(symbol): null

2019-08-23 18:52:16 - [TEST_STEP][PASSED] - if (i == 2 &amp;&amp; wildList.indexOf(symbol) != -1): null

2019-08-23 18:52:16 - [TEST_STEP][PASSED] - if (i == 3 &amp;&amp; wildList.indexOf(symbol) != -1): null

2019-08-23 18:52:16 - [TEST_STEP][PASSED] - if (i == 4 &amp;&amp; wildList.indexOf(symbol) != -1): null

2019-08-23 18:52:16 - [TEST_STEP][PASSED] - symbol = symbol: null

2019-08-23 18:52:16 - [TEST_STEP][PASSED] - println(symbol): null

2019-08-23 18:52:16 - [TEST_STEP][PASSED] - if (i == 2 &amp;&amp; wildList.indexOf(symbol) != -1): null

2019-08-23 18:52:16 - [TEST_STEP][PASSED] - if (i == 3 &amp;&amp; wildList.indexOf(symbol) != -1): null

2019-08-23 18:52:16 - [TEST_STEP][PASSED] - if (i == 4 &amp;&amp; wildList.indexOf(symbol) != -1): null

2019-08-23 18:52:16 - [TEST_STEP][PASSED] - symbols = symbols: null

2019-08-23 18:52:18 - [TEST_STEP][PASSED] - for ([j = 0, j &lt; symbols.size(), (j++)]): null

2019-08-23 18:52:18 - [TEST_STEP][PASSED] - symbol = symbol: null

2019-08-23 18:52:18 - [TEST_STEP][PASSED] - println(symbol): null

2019-08-23 18:52:18 - [TEST_STEP][PASSED] - if (i == 2 &amp;&amp; wildList.indexOf(symbol) != -1): null

2019-08-23 18:52:18 - [TEST_STEP][PASSED] - if (i == 3 &amp;&amp; wildList.indexOf(symbol) != -1): null

2019-08-23 18:52:18 - [TEST_STEP][PASSED] - if (i == 4 &amp;&amp; wildList.indexOf(symbol) != -1): null

2019-08-23 18:52:18 - [TEST_STEP][PASSED] - symbol = symbol: null

2019-08-23 18:52:18 - [TEST_STEP][PASSED] - println(symbol): null

2019-08-23 18:52:18 - [TEST_STEP][PASSED] - if (i == 2 &amp;&amp; wildList.indexOf(symbol) != -1): null

2019-08-23 18:52:18 - [TEST_STEP][PASSED] - if (i == 3 &amp;&amp; wildList.indexOf(symbol) != -1): null

2019-08-23 18:52:18 - [TEST_STEP][PASSED] - if (i == 4 &amp;&amp; wildList.indexOf(symbol) != -1): null

2019-08-23 18:52:18 - [TEST_STEP][PASSED] - symbol = symbol: null

2019-08-23 18:52:18 - [TEST_STEP][PASSED] - println(symbol): null

2019-08-23 18:52:18 - [TEST_STEP][PASSED] - if (i == 2 &amp;&amp; wildList.indexOf(symbol) != -1): null

2019-08-23 18:52:18 - [TEST_STEP][PASSED] - if (i == 3 &amp;&amp; wildList.indexOf(symbol) != -1): null

2019-08-23 18:52:18 - [TEST_STEP][PASSED] - if (i == 4 &amp;&amp; wildList.indexOf(symbol) != -1): null

2019-08-23 18:52:18 - [TEST_STEP][PASSED] - symbols = symbols: null

2019-08-23 18:52:18 - [TEST_STEP][PASSED] - for ([j = 0, j &lt; symbols.size(), (j++)]): null

2019-08-23 18:52:18 - [TEST_STEP][PASSED] - symbol = symbol: null

2019-08-23 18:52:18 - [TEST_STEP][PASSED] - println(symbol): null

2019-08-23 18:52:18 - [TEST_STEP][PASSED] - if (i == 2 &amp;&amp; wildList.indexOf(symbol) != -1): null

2019-08-23 18:52:18 - [TEST_STEP][PASSED] - if (i == 3 &amp;&amp; wildList.indexOf(symbol) != -1): null

2019-08-23 18:52:18 - [TEST_STEP][PASSED] - if (i == 4 &amp;&amp; wildList.indexOf(symbol) != -1): null

2019-08-23 18:52:18 - [TEST_STEP][PASSED] - symbol = symbol: null

2019-08-23 18:52:18 - [TEST_STEP][PASSED] - println(symbol): null

2019-08-23 18:52:18 - [TEST_STEP][PASSED] - if (i == 2 &amp;&amp; wildList.indexOf(symbol) != -1): null

2019-08-23 18:52:18 - [TEST_STEP][PASSED] - if (i == 3 &amp;&amp; wildList.indexOf(symbol) != -1): null

2019-08-23 18:52:18 - [TEST_STEP][PASSED] - if (i == 4 &amp;&amp; wildList.indexOf(symbol) != -1): null

2019-08-23 18:52:18 - [TEST_STEP][PASSED] - symbol = symbol: null

2019-08-23 18:52:18 - [TEST_STEP][PASSED] - println(symbol): null

2019-08-23 18:52:18 - [TEST_STEP][PASSED] - if (i == 2 &amp;&amp; wildList.indexOf(symbol) != -1): null

2019-08-23 18:52:18 - [TEST_STEP][PASSED] - if (i == 3 &amp;&amp; wildList.indexOf(symbol) != -1): null

2019-08-23 18:52:18 - [TEST_STEP][PASSED] - if (i == 4 &amp;&amp; wildList.indexOf(symbol) != -1): null

2019-08-23 18:52:18 - [TEST_STEP][PASSED] - symbols = symbols: null

2019-08-23 18:52:18 - [TEST_STEP][PASSED] - for ([j = 0, j &lt; symbols.size(), (j++)]): null

2019-08-23 18:52:18 - [TEST_STEP][PASSED] - symbol = symbol: null

2019-08-23 18:52:18 - [TEST_STEP][PASSED] - println(symbol): null

2019-08-23 18:52:18 - [TEST_STEP][PASSED] - if (i == 2 &amp;&amp; wildList.indexOf(symbol) != -1): null

2019-08-23 18:52:18 - [TEST_STEP][PASSED] - if (i == 3 &amp;&amp; wildList.indexOf(symbol) != -1): null

2019-08-23 18:52:18 - [TEST_STEP][PASSED] - if (i == 4 &amp;&amp; wildList.indexOf(symbol) != -1): null

2019-08-23 18:52:18 - [TEST_STEP][PASSED] - symbol = symbol: null

2019-08-23 18:52:18 - [TEST_STEP][PASSED] - println(symbol): null

2019-08-23 18:52:18 - [TEST_STEP][PASSED] - if (i == 2 &amp;&amp; wildList.indexOf(symbol) != -1): null

2019-08-23 18:52:18 - [TEST_STEP][PASSED] - if (i == 3 &amp;&amp; wildList.indexOf(symbol) != -1): null

2019-08-23 18:52:18 - [TEST_STEP][PASSED] - if (i == 4 &amp;&amp; wildList.indexOf(symbol) != -1): null

2019-08-23 18:52:18 - [TEST_STEP][PASSED] - symbol = symbol: null

2019-08-23 18:52:18 - [TEST_STEP][PASSED] - println(symbol): null

2019-08-23 18:52:18 - [TEST_STEP][PASSED] - if (i == 2 &amp;&amp; wildList.indexOf(symbol) != -1): null

2019-08-23 18:52:18 - [TEST_STEP][PASSED] - if (i == 3 &amp;&amp; wildList.indexOf(symbol) != -1): null

2019-08-23 18:52:18 - [TEST_STEP][PASSED] - if (i == 4 &amp;&amp; wildList.indexOf(symbol) != -1): null

2019-08-23 18:52:18 - [TEST_STEP][PASSED] - free_spin_reel_counter = free_spin_reel_counter: null

2019-08-23 18:52:18 - [TEST_STEP][PASSED] - println("reel 3 wild found: " + free_spin_reel_counter[0]): null

2019-08-23 18:52:18 - [TEST_STEP][PASSED] - println("reel 4 wild found: " + free_spin_reel_counter[1]): null

2019-08-23 18:52:18 - [TEST_STEP][PASSED] - println("reel 5 wild found: " + free_spin_reel_counter[2]): null

2019-08-23 18:52:18 - [TEST_STEP][PASSED] - M4_spin_reels = M4_spin_reels: null

2019-08-23 18:52:18 - [TEST_STEP][PASSED] - M4_spin_reels_symbols = symbol: null

2019-08-23 18:52:18 - [TEST_STEP][PASSED] - M4_spin_reels_symbols = M4_spin_reels_symbols: null

2019-08-23 18:52:18 - [TEST_STEP][PASSED] - M4_spin_reel_wins = reel_wins: null

2019-08-23 18:52:18 - [TEST_STEP][PASSED] - M4_spin_reel_wins = M4_spin_reel_wins: null

2019-08-23 18:52:18 - [TEST_STEP][PASSED] - println("GlobalVariable.M4_spin_reel_wins is: " + M4_spin_reel_wins): null

2019-08-23 18:52:18 - [TEST_STEP][PASSED] - M4_spin_total_bonus_win_this_round = total_bonus_win_this_round: null

2019-08-23 18:52:18 - [TEST_STEP][PASSED] - M4_spin_total_bonus_win_this_round = M4_spin_total_bonus_win_this_round: null

2019-08-23 18:52:18 - [TEST_STEP][PASSED] - println("GlobalVariable.M4_spin_total_bonus_win_this_round is: " + M4_spin_total_bonus_win_this_round): null

2019-08-23 18:52:18 - [TEST_STEP][PASSED] - M4_spin_bonus_spin_result = spin_result: null

2019-08-23 18:52:18 - [TEST_STEP][PASSED] - M4_spin_bonus_spin_result = M4_spin_bonus_spin_result: null

2019-08-23 18:52:18 - [MESSAGE][PASSED] - Verify response successfully

2019-08-23 18:52:18 - [MESSAGE][PASSED] - Send request and verify the response successfully

2019-08-23 18:52:18 - [TEST_STEP][PASSED] - if (free_spin_reel_counter[0] &gt;= 1 &amp;&amp; free_spin_reel_counter[1] &gt;= 1 &amp;&amp; free_spin_reel_counter[2] &gt;= 1): null

2019-08-23 18:52:18 - [TEST_STEP][PASSED] - spin_result = sendRequestAndVerify(findTestObject("INT/RGS(M4)/1_M4_spin", ["M4_login_user_id":M4_login_user_id, "rgs_session_token":rgs_session_token, "partner":Partner])): Send request and verify the response successfully

2019-08-23 18:52:18 - [MESSAGE][INFO] - HAR: /Users/eiralee/Katalon_Script/SuperWild/Reports/20190823_184757/INT/superWild_1/20190823_184757/requests/main/59.har

2019-08-23 18:52:18 - [TEST_CASE][PASSED] - Start Test Case : Verification: Verification accomplished successfully

2019-08-23 18:52:19 - [TEST_STEP][PASSED] - request = getInstance().getCurrentRequest(): null

2019-08-23 18:52:19 - [TEST_STEP][PASSED] - response = getInstance().getCurrentResponse(): null

2019-08-23 18:52:19 - [TEST_STEP][PASSED] - verifyResponseStatusCode(response, 200): Verify response status code successfully

2019-08-23 18:52:19 - [MESSAGE][PASSED] - Verify response status code successfully

2019-08-23 18:52:19 - [TEST_STEP][PASSED] - getStatusCode()).isEqualTo(200): null

2019-08-23 18:52:19 - [TEST_STEP][PASSED] - newline = System.getProperty("line.separator"): null

2019-08-23 18:52:19 - [TEST_STEP][PASSED] - M4_spin = new groovy.json.JsonSlurper(): null

2019-08-23 18:52:19 - [TEST_STEP][PASSED] - result_M4_spin = M4_spin.parseText(response.getResponseBodyContent()): null

2019-08-23 18:52:19 - [TEST_STEP][PASSED] - M4_spin_current_balance = current_balance: null

2019-08-23 18:52:19 - [TEST_STEP][PASSED] - M4_spin_current_balance = M4_spin_current_balance: null

2019-08-23 18:52:19 - [TEST_STEP][PASSED] - M4_spin_transaction_id = causality: null

2019-08-23 18:52:19 - [TEST_STEP][PASSED] - M4_spin_transaction_id = M4_spin_transaction_id: null

2019-08-23 18:52:19 - [TEST_STEP][PASSED] - M4_spin_round_id = round_id: null

2019-08-23 18:52:19 - [TEST_STEP][PASSED] - M4_spin_round_id = M4_spin_round_id: null

2019-08-23 18:52:19 - [TEST_STEP][PASSED] - M4_spin_line_wins = line_wins: null

2019-08-23 18:52:19 - [TEST_STEP][PASSED] - M4_spin_line_wins = M4_spin_line_wins: null

2019-08-23 18:52:19 - [TEST_STEP][PASSED] - M4_total_bonus_spins_int = total_bonus_spins: null

2019-08-23 18:52:19 - [TEST_STEP][PASSED] - println("******M4_total_bonus_spins type is:*******" + newline + getClass().getName()): null

2019-08-23 18:52:19 - [TEST_STEP][PASSED] - M4_total_bonus_spins_int = M4_total_bonus_spins_int: null

2019-08-23 18:52:19 - [TEST_STEP][PASSED] - M4_total_bonus_spins = Integer.toString(M4_total_bonus_spins_int): null

2019-08-23 18:52:19 - [TEST_STEP][PASSED] - M4_total_bonus_spins = M4_total_bonus_spins: null

2019-08-23 18:52:19 - [TEST_STEP][PASSED] - println("M4_total_bonus_spins is:" + M4_total_bonus_spins): null

2019-08-23 18:52:19 - [TEST_STEP][PASSED] - M4_spin_bonus_data = bonus_data: null

2019-08-23 18:52:19 - [TEST_STEP][PASSED] - M4_spin_features_triggered = result_M4_spin: null

2019-08-23 18:52:19 - [TEST_STEP][PASSED] - wild = []: null

2019-08-23 18:52:19 - [TEST_STEP][PASSED] - wild[0] = "WILD_Expanding": null

2019-08-23 18:52:19 - [TEST_STEP][PASSED] - wild[1] = "WILD_Normal": null

2019-08-23 18:52:19 - [TEST_STEP][PASSED] - wild[2] = "WILD_Double": null

2019-08-23 18:52:19 - [TEST_STEP][PASSED] - wild[3] = "WILD_ExtraFG": null

2019-08-23 18:52:19 - [TEST_STEP][PASSED] - wild[4] = "WILD_Triple": null

2019-08-23 18:52:19 - [TEST_STEP][PASSED] - wildList = Arrays.asList(wild): null

2019-08-23 18:52:19 - [TEST_STEP][PASSED] - wildList = wildList: null

2019-08-23 18:52:19 - [TEST_STEP][PASSED] - free_spin_reel_counter = []: null

2019-08-23 18:52:19 - [TEST_STEP][PASSED] - free_spin_reel_counter[0] = 0: null

2019-08-23 18:52:19 - [TEST_STEP][PASSED] - free_spin_reel_counter[1] = 0: null

2019-08-23 18:52:19 - [TEST_STEP][PASSED] - free_spin_reel_counter[2] = 0: null

2019-08-23 18:52:19 - [TEST_STEP][PASSED] - M4_spin_reels = reels: null

2019-08-23 18:52:19 - [TEST_STEP][PASSED] - for ([i = 0, i &lt; M4_spin_reels.size(), (i++)]): null

2019-08-23 18:52:19 - [TEST_STEP][PASSED] - symbols = symbols: null

2019-08-23 18:52:19 - [TEST_STEP][PASSED] - for ([j = 0, j &lt; symbols.size(), (j++)]): null

2019-08-23 18:52:19 - [TEST_STEP][PASSED] - symbol = symbol: null

2019-08-23 18:52:19 - [TEST_STEP][PASSED] - println(symbol): null

2019-08-23 18:52:19 - [TEST_STEP][PASSED] - if (i == 2 &amp;&amp; wildList.indexOf(symbol) != -1): null

2019-08-23 18:52:19 - [TEST_STEP][PASSED] - if (i == 3 &amp;&amp; wildList.indexOf(symbol) != -1): null

2019-08-23 18:52:19 - [TEST_STEP][PASSED] - if (i == 4 &amp;&amp; wildList.indexOf(symbol) != -1): null

2019-08-23 18:52:19 - [TEST_STEP][PASSED] - symbol = symbol: null

2019-08-23 18:52:19 - [TEST_STEP][PASSED] - println(symbol): null

2019-08-23 18:52:19 - [TEST_STEP][PASSED] - if (i == 2 &amp;&amp; wildList.indexOf(symbol) != -1): null

2019-08-23 18:52:19 - [TEST_STEP][PASSED] - if (i == 3 &amp;&amp; wildList.indexOf(symbol) != -1): null

2019-08-23 18:52:19 - [TEST_STEP][PASSED] - if (i == 4 &amp;&amp; wildList.indexOf(symbol) != -1): null

2019-08-23 18:52:19 - [TEST_STEP][PASSED] - symbol = symbol: null

2019-08-23 18:52:19 - [TEST_STEP][PASSED] - println(symbol): null

2019-08-23 18:52:19 - [TEST_STEP][PASSED] - if (i == 2 &amp;&amp; wildList.indexOf(symbol) != -1): null

2019-08-23 18:52:19 - [TEST_STEP][PASSED] - if (i == 3 &amp;&amp; wildList.indexOf(symbol) != -1): null

2019-08-23 18:52:19 - [TEST_STEP][PASSED] - if (i == 4 &amp;&amp; wildList.indexOf(symbol) != -1): null

2019-08-23 18:52:19 - [TEST_STEP][PASSED] - symbols = symbols: null

2019-08-23 18:52:19 - [TEST_STEP][PASSED] - for ([j = 0, j &lt; symbols.size(), (j++)]): null

2019-08-23 18:52:19 - [TEST_STEP][PASSED] - symbol = symbol: null

2019-08-23 18:52:19 - [TEST_STEP][PASSED] - println(symbol): null

2019-08-23 18:52:19 - [TEST_STEP][PASSED] - if (i == 2 &amp;&amp; wildList.indexOf(symbol) != -1): null

2019-08-23 18:52:19 - [TEST_STEP][PASSED] - if (i == 3 &amp;&amp; wildList.indexOf(symbol) != -1): null

2019-08-23 18:52:19 - [TEST_STEP][PASSED] - if (i == 4 &amp;&amp; wildList.indexOf(symbol) != -1): null

2019-08-23 18:52:19 - [TEST_STEP][PASSED] - symbol = symbol: null

2019-08-23 18:52:19 - [TEST_STEP][PASSED] - println(symbol): null

2019-08-23 18:52:19 - [TEST_STEP][PASSED] - if (i == 2 &amp;&amp; wildList.indexOf(symbol) != -1): null

2019-08-23 18:52:19 - [TEST_STEP][PASSED] - if (i == 3 &amp;&amp; wildList.indexOf(symbol) != -1): null

2019-08-23 18:52:19 - [TEST_STEP][PASSED] - if (i == 4 &amp;&amp; wildList.indexOf(symbol) != -1): null

2019-08-23 18:52:19 - [TEST_STEP][PASSED] - symbol = symbol: null

2019-08-23 18:52:19 - [TEST_STEP][PASSED] - println(symbol): null

2019-08-23 18:52:19 - [TEST_STEP][PASSED] - if (i == 2 &amp;&amp; wildList.indexOf(symbol) != -1): null

2019-08-23 18:52:19 - [TEST_STEP][PASSED] - if (i == 3 &amp;&amp; wildList.indexOf(symbol) != -1): null

2019-08-23 18:52:19 - [TEST_STEP][PASSED] - if (i == 4 &amp;&amp; wildList.indexOf(symbol) != -1): null

2019-08-23 18:52:19 - [TEST_STEP][PASSED] - symbols = symbols: null

2019-08-23 18:52:19 - [TEST_STEP][PASSED] - for ([j = 0, j &lt; symbols.size(), (j++)]): null

2019-08-23 18:52:19 - [TEST_STEP][PASSED] - symbol = symbol: null

2019-08-23 18:52:19 - [TEST_STEP][PASSED] - println(symbol): null

2019-08-23 18:52:19 - [TEST_STEP][PASSED] - if (i == 2 &amp;&amp; wildList.indexOf(symbol) != -1): null

2019-08-23 18:52:19 - [TEST_STEP][PASSED] - println("wild found on reel 3, adding counter by 1"): null

2019-08-23 18:52:19 - [TEST_STEP][PASSED] - free_spin_reel_counter[0] = free_spin_reel_counter[0] + 1: null

2019-08-23 18:52:19 - [TEST_STEP][PASSED] - if (i == 3 &amp;&amp; wildList.indexOf(symbol) != -1): null

2019-08-23 18:52:19 - [TEST_STEP][PASSED] - if (i == 4 &amp;&amp; wildList.indexOf(symbol) != -1): null

2019-08-23 18:52:19 - [TEST_STEP][PASSED] - symbol = symbol: null

2019-08-23 18:52:19 - [TEST_STEP][PASSED] - println(symbol): null

2019-08-23 18:52:19 - [TEST_STEP][PASSED] - if (i == 2 &amp;&amp; wildList.indexOf(symbol) != -1): null

2019-08-23 18:52:19 - [TEST_STEP][PASSED] - if (i == 3 &amp;&amp; wildList.indexOf(symbol) != -1): null

2019-08-23 18:52:19 - [TEST_STEP][PASSED] - if (i == 4 &amp;&amp; wildList.indexOf(symbol) != -1): null

2019-08-23 18:52:19 - [TEST_STEP][PASSED] - symbol = symbol: null

2019-08-23 18:52:19 - [TEST_STEP][PASSED] - println(symbol): null

2019-08-23 18:52:19 - [TEST_STEP][PASSED] - if (i == 2 &amp;&amp; wildList.indexOf(symbol) != -1): null

2019-08-23 18:52:19 - [TEST_STEP][PASSED] - if (i == 3 &amp;&amp; wildList.indexOf(symbol) != -1): null

2019-08-23 18:52:19 - [TEST_STEP][PASSED] - if (i == 4 &amp;&amp; wildList.indexOf(symbol) != -1): null

2019-08-23 18:52:19 - [TEST_STEP][PASSED] - symbols = symbols: null

2019-08-23 18:52:19 - [TEST_STEP][PASSED] - for ([j = 0, j &lt; symbols.size(), (j++)]): null

2019-08-23 18:52:19 - [TEST_STEP][PASSED] - symbol = symbol: null

2019-08-23 18:52:19 - [TEST_STEP][PASSED] - println(symbol): null

2019-08-23 18:52:19 - [TEST_STEP][PASSED] - if (i == 2 &amp;&amp; wildList.indexOf(symbol) != -1): null

2019-08-23 18:52:19 - [TEST_STEP][PASSED] - if (i == 3 &amp;&amp; wildList.indexOf(symbol) != -1): null

2019-08-23 18:52:19 - [TEST_STEP][PASSED] - if (i == 4 &amp;&amp; wildList.indexOf(symbol) != -1): null

2019-08-23 18:52:19 - [TEST_STEP][PASSED] - symbol = symbol: null

2019-08-23 18:52:19 - [TEST_STEP][PASSED] - println(symbol): null

2019-08-23 18:52:19 - [TEST_STEP][PASSED] - if (i == 2 &amp;&amp; wildList.indexOf(symbol) != -1): null

2019-08-23 18:52:19 - [TEST_STEP][PASSED] - if (i == 3 &amp;&amp; wildList.indexOf(symbol) != -1): null

2019-08-23 18:52:19 - [TEST_STEP][PASSED] - println("wild found on reel 4, adding counter by 1"): null

2019-08-23 18:52:19 - [TEST_STEP][PASSED] - free_spin_reel_counter[1] = free_spin_reel_counter[1] + 1: null

2019-08-23 18:52:19 - [TEST_STEP][PASSED] - if (i == 4 &amp;&amp; wildList.indexOf(symbol) != -1): null

2019-08-23 18:52:19 - [TEST_STEP][PASSED] - symbol = symbol: null

2019-08-23 18:52:19 - [TEST_STEP][PASSED] - println(symbol): null

2019-08-23 18:52:19 - [TEST_STEP][PASSED] - if (i == 2 &amp;&amp; wildList.indexOf(symbol) != -1): null

2019-08-23 18:52:19 - [TEST_STEP][PASSED] - if (i == 3 &amp;&amp; wildList.indexOf(symbol) != -1): null

2019-08-23 18:52:19 - [TEST_STEP][PASSED] - if (i == 4 &amp;&amp; wildList.indexOf(symbol) != -1): null

2019-08-23 18:52:19 - [TEST_STEP][PASSED] - symbols = symbols: null

2019-08-23 18:52:19 - [TEST_STEP][PASSED] - for ([j = 0, j &lt; symbols.size(), (j++)]): null

2019-08-23 18:52:19 - [TEST_STEP][PASSED] - symbol = symbol: null

2019-08-23 18:52:19 - [TEST_STEP][PASSED] - println(symbol): null

2019-08-23 18:52:19 - [TEST_STEP][PASSED] - if (i == 2 &amp;&amp; wildList.indexOf(symbol) != -1): null

2019-08-23 18:52:19 - [TEST_STEP][PASSED] - if (i == 3 &amp;&amp; wildList.indexOf(symbol) != -1): null

2019-08-23 18:52:19 - [TEST_STEP][PASSED] - if (i == 4 &amp;&amp; wildList.indexOf(symbol) != -1): null

2019-08-23 18:52:19 - [TEST_STEP][PASSED] - symbol = symbol: null

2019-08-23 18:52:19 - [TEST_STEP][PASSED] - println(symbol): null

2019-08-23 18:52:19 - [TEST_STEP][PASSED] - if (i == 2 &amp;&amp; wildList.indexOf(symbol) != -1): null

2019-08-23 18:52:19 - [TEST_STEP][PASSED] - if (i == 3 &amp;&amp; wildList.indexOf(symbol) != -1): null

2019-08-23 18:52:19 - [TEST_STEP][PASSED] - if (i == 4 &amp;&amp; wildList.indexOf(symbol) != -1): null

2019-08-23 18:52:19 - [TEST_STEP][PASSED] - symbol = symbol: null

2019-08-23 18:52:19 - [TEST_STEP][PASSED] - println(symbol): null

2019-08-23 18:52:19 - [TEST_STEP][PASSED] - if (i == 2 &amp;&amp; wildList.indexOf(symbol) != -1): null

2019-08-23 18:52:19 - [TEST_STEP][PASSED] - if (i == 3 &amp;&amp; wildList.indexOf(symbol) != -1): null

2019-08-23 18:52:19 - [TEST_STEP][PASSED] - if (i == 4 &amp;&amp; wildList.indexOf(symbol) != -1): null

2019-08-23 18:52:19 - [TEST_STEP][PASSED] - free_spin_reel_counter = free_spin_reel_counter: null

2019-08-23 18:52:19 - [TEST_STEP][PASSED] - println("reel 3 wild found: " + free_spin_reel_counter[0]): null

2019-08-23 18:52:19 - [TEST_STEP][PASSED] - println("reel 4 wild found: " + free_spin_reel_counter[1]): null

2019-08-23 18:52:19 - [TEST_STEP][PASSED] - println("reel 5 wild found: " + free_spin_reel_counter[2]): null

2019-08-23 18:52:19 - [TEST_STEP][PASSED] - M4_spin_reels = M4_spin_reels: null

2019-08-23 18:52:19 - [TEST_STEP][PASSED] - M4_spin_reels_symbols = symbol: null

2019-08-23 18:52:19 - [TEST_STEP][PASSED] - M4_spin_reels_symbols = M4_spin_reels_symbols: null

2019-08-23 18:52:19 - [TEST_STEP][PASSED] - M4_spin_reel_wins = reel_wins: null

2019-08-23 18:52:19 - [TEST_STEP][PASSED] - M4_spin_reel_wins = M4_spin_reel_wins: null

2019-08-23 18:52:19 - [TEST_STEP][PASSED] - println("GlobalVariable.M4_spin_reel_wins is: " + M4_spin_reel_wins): null

2019-08-23 18:52:19 - [TEST_STEP][PASSED] - M4_spin_total_bonus_win_this_round = total_bonus_win_this_round: null

2019-08-23 18:52:19 - [TEST_STEP][PASSED] - M4_spin_total_bonus_win_this_round = M4_spin_total_bonus_win_this_round: null

2019-08-23 18:52:19 - [TEST_STEP][PASSED] - println("GlobalVariable.M4_spin_total_bonus_win_this_round is: " + M4_spin_total_bonus_win_this_round): null

2019-08-23 18:52:19 - [TEST_STEP][PASSED] - M4_spin_bonus_spin_result = spin_result: null

2019-08-23 18:52:19 - [TEST_STEP][PASSED] - M4_spin_bonus_spin_result = M4_spin_bonus_spin_result: null

2019-08-23 18:52:19 - [MESSAGE][PASSED] - Verify response successfully

2019-08-23 18:52:19 - [MESSAGE][PASSED] - Send request and verify the response successfully

2019-08-23 18:52:19 - [TEST_STEP][PASSED] - if (free_spin_reel_counter[0] &gt;= 1 &amp;&amp; free_spin_reel_counter[1] &gt;= 1 &amp;&amp; free_spin_reel_counter[2] &gt;= 1): null

2019-08-23 18:52:19 - [TEST_STEP][PASSED] - spin_result = sendRequestAndVerify(findTestObject("INT/RGS(M4)/1_M4_spin", ["M4_login_user_id":M4_login_user_id, "rgs_session_token":rgs_session_token, "partner":Partner])): Send request and verify the response successfully

2019-08-23 18:52:19 - [MESSAGE][INFO] - HAR: /Users/eiralee/Katalon_Script/SuperWild/Reports/20190823_184757/INT/superWild_1/20190823_184757/requests/main/60.har

2019-08-23 18:52:19 - [TEST_CASE][PASSED] - Start Test Case : Verification: Verification accomplished successfully

2019-08-23 18:52:19 - [TEST_STEP][PASSED] - request = getInstance().getCurrentRequest(): null

2019-08-23 18:52:19 - [TEST_STEP][PASSED] - response = getInstance().getCurrentResponse(): null

2019-08-23 18:52:19 - [TEST_STEP][PASSED] - verifyResponseStatusCode(response, 200): Verify response status code successfully

2019-08-23 18:52:19 - [MESSAGE][PASSED] - Verify response status code successfully

2019-08-23 18:52:19 - [TEST_STEP][PASSED] - getStatusCode()).isEqualTo(200): null

2019-08-23 18:52:19 - [TEST_STEP][PASSED] - newline = System.getProperty("line.separator"): null

2019-08-23 18:52:19 - [TEST_STEP][PASSED] - M4_spin = new groovy.json.JsonSlurper(): null

2019-08-23 18:52:19 - [TEST_STEP][PASSED] - result_M4_spin = M4_spin.parseText(response.getResponseBodyContent()): null

2019-08-23 18:52:19 - [TEST_STEP][PASSED] - M4_spin_current_balance = current_balance: null

2019-08-23 18:52:19 - [TEST_STEP][PASSED] - M4_spin_current_balance = M4_spin_current_balance: null

2019-08-23 18:52:19 - [TEST_STEP][PASSED] - M4_spin_transaction_id = causality: null

2019-08-23 18:52:19 - [TEST_STEP][PASSED] - M4_spin_transaction_id = M4_spin_transaction_id: null

2019-08-23 18:52:19 - [TEST_STEP][PASSED] - M4_spin_round_id = round_id: null

2019-08-23 18:52:19 - [TEST_STEP][PASSED] - M4_spin_round_id = M4_spin_round_id: null

2019-08-23 18:52:19 - [TEST_STEP][PASSED] - M4_spin_line_wins = line_wins: null

2019-08-23 18:52:19 - [TEST_STEP][PASSED] - M4_spin_line_wins = M4_spin_line_wins: null

2019-08-23 18:52:19 - [TEST_STEP][PASSED] - M4_total_bonus_spins_int = total_bonus_spins: null

2019-08-23 18:52:19 - [TEST_STEP][PASSED] - println("******M4_total_bonus_spins type is:*******" + newline + getClass().getName()): null

2019-08-23 18:52:19 - [TEST_STEP][PASSED] - M4_total_bonus_spins_int = M4_total_bonus_spins_int: null

2019-08-23 18:52:19 - [TEST_STEP][PASSED] - M4_total_bonus_spins = Integer.toString(M4_total_bonus_spins_int): null

2019-08-23 18:52:19 - [TEST_STEP][PASSED] - M4_total_bonus_spins = M4_total_bonus_spins: null

2019-08-23 18:52:19 - [TEST_STEP][PASSED] - println("M4_total_bonus_spins is:" + M4_total_bonus_spins): null

2019-08-23 18:52:19 - [TEST_STEP][PASSED] - M4_spin_bonus_data = bonus_data: null

2019-08-23 18:52:19 - [TEST_STEP][PASSED] - M4_spin_features_triggered = result_M4_spin: null

2019-08-23 18:52:19 - [TEST_STEP][PASSED] - wild = []: null

2019-08-23 18:52:19 - [TEST_STEP][PASSED] - wild[0] = "WILD_Expanding": null

2019-08-23 18:52:19 - [TEST_STEP][PASSED] - wild[1] = "WILD_Normal": null

2019-08-23 18:52:19 - [TEST_STEP][PASSED] - wild[2] = "WILD_Double": null

2019-08-23 18:52:19 - [TEST_STEP][PASSED] - wild[3] = "WILD_ExtraFG": null

2019-08-23 18:52:19 - [TEST_STEP][PASSED] - wild[4] = "WILD_Triple": null

2019-08-23 18:52:19 - [TEST_STEP][PASSED] - wildList = Arrays.asList(wild): null

2019-08-23 18:52:19 - [TEST_STEP][PASSED] - wildList = wildList: null

2019-08-23 18:52:19 - [TEST_STEP][PASSED] - free_spin_reel_counter = []: null

2019-08-23 18:52:19 - [TEST_STEP][PASSED] - free_spin_reel_counter[0] = 0: null

2019-08-23 18:52:19 - [TEST_STEP][PASSED] - free_spin_reel_counter[1] = 0: null

2019-08-23 18:52:19 - [TEST_STEP][PASSED] - free_spin_reel_counter[2] = 0: null

2019-08-23 18:52:19 - [TEST_STEP][PASSED] - M4_spin_reels = reels: null

2019-08-23 18:52:19 - [TEST_STEP][PASSED] - for ([i = 0, i &lt; M4_spin_reels.size(), (i++)]): null

2019-08-23 18:52:19 - [TEST_STEP][PASSED] - symbols = symbols: null

2019-08-23 18:52:19 - [TEST_STEP][PASSED] - for ([j = 0, j &lt; symbols.size(), (j++)]): null

2019-08-23 18:52:19 - [TEST_STEP][PASSED] - symbol = symbol: null

2019-08-23 18:52:19 - [TEST_STEP][PASSED] - println(symbol): null

2019-08-23 18:52:19 - [TEST_STEP][PASSED] - if (i == 2 &amp;&amp; wildList.indexOf(symbol) != -1): null

2019-08-23 18:52:19 - [TEST_STEP][PASSED] - if (i == 3 &amp;&amp; wildList.indexOf(symbol) != -1): null

2019-08-23 18:52:19 - [TEST_STEP][PASSED] - if (i == 4 &amp;&amp; wildList.indexOf(symbol) != -1): null

2019-08-23 18:52:19 - [TEST_STEP][PASSED] - symbol = symbol: null

2019-08-23 18:52:19 - [TEST_STEP][PASSED] - println(symbol): null

2019-08-23 18:52:19 - [TEST_STEP][PASSED] - if (i == 2 &amp;&amp; wildList.indexOf(symbol) != -1): null

2019-08-23 18:52:19 - [TEST_STEP][PASSED] - if (i == 3 &amp;&amp; wildList.indexOf(symbol) != -1): null

2019-08-23 18:52:19 - [TEST_STEP][PASSED] - if (i == 4 &amp;&amp; wildList.indexOf(symbol) != -1): null

2019-08-23 18:52:19 - [TEST_STEP][PASSED] - symbol = symbol: null

2019-08-23 18:52:19 - [TEST_STEP][PASSED] - println(symbol): null

2019-08-23 18:52:19 - [TEST_STEP][PASSED] - if (i == 2 &amp;&amp; wildList.indexOf(symbol) != -1): null

2019-08-23 18:52:19 - [TEST_STEP][PASSED] - if (i == 3 &amp;&amp; wildList.indexOf(symbol) != -1): null

2019-08-23 18:52:19 - [TEST_STEP][PASSED] - if (i == 4 &amp;&amp; wildList.indexOf(symbol) != -1): null

2019-08-23 18:52:19 - [TEST_STEP][PASSED] - symbols = symbols: null

2019-08-23 18:52:19 - [TEST_STEP][PASSED] - for ([j = 0, j &lt; symbols.size(), (j++)]): null

2019-08-23 18:52:19 - [TEST_STEP][PASSED] - symbol = symbol: null

2019-08-23 18:52:19 - [TEST_STEP][PASSED] - println(symbol): null

2019-08-23 18:52:19 - [TEST_STEP][PASSED] - if (i == 2 &amp;&amp; wildList.indexOf(symbol) != -1): null

2019-08-23 18:52:19 - [TEST_STEP][PASSED] - if (i == 3 &amp;&amp; wildList.indexOf(symbol) != -1): null

2019-08-23 18:52:19 - [TEST_STEP][PASSED] - if (i == 4 &amp;&amp; wildList.indexOf(symbol) != -1): null

2019-08-23 18:52:19 - [TEST_STEP][PASSED] - symbol = symbol: null

2019-08-23 18:52:19 - [TEST_STEP][PASSED] - println(symbol): null

2019-08-23 18:52:19 - [TEST_STEP][PASSED] - if (i == 2 &amp;&amp; wildList.indexOf(symbol) != -1): null

2019-08-23 18:52:19 - [TEST_STEP][PASSED] - if (i == 3 &amp;&amp; wildList.indexOf(symbol) != -1): null

2019-08-23 18:52:19 - [TEST_STEP][PASSED] - if (i == 4 &amp;&amp; wildList.indexOf(symbol) != -1): null

2019-08-23 18:52:19 - [TEST_STEP][PASSED] - symbol = symbol: null

2019-08-23 18:52:19 - [TEST_STEP][PASSED] - println(symbol): null

2019-08-23 18:52:19 - [TEST_STEP][PASSED] - if (i == 2 &amp;&amp; wildList.indexOf(symbol) != -1): null

2019-08-23 18:52:19 - [TEST_STEP][PASSED] - if (i == 3 &amp;&amp; wildList.indexOf(symbol) != -1): null

2019-08-23 18:52:19 - [TEST_STEP][PASSED] - if (i == 4 &amp;&amp; wildList.indexOf(symbol) != -1): null

2019-08-23 18:52:19 - [TEST_STEP][PASSED] - symbols = symbols: null

2019-08-23 18:52:19 - [TEST_STEP][PASSED] - for ([j = 0, j &lt; symbols.size(), (j++)]): null

2019-08-23 18:52:19 - [TEST_STEP][PASSED] - symbol = symbol: null

2019-08-23 18:52:19 - [TEST_STEP][PASSED] - println(symbol): null

2019-08-23 18:52:19 - [TEST_STEP][PASSED] - if (i == 2 &amp;&amp; wildList.indexOf(symbol) != -1): null

2019-08-23 18:52:19 - [TEST_STEP][PASSED] - if (i == 3 &amp;&amp; wildList.indexOf(symbol) != -1): null

2019-08-23 18:52:19 - [TEST_STEP][PASSED] - if (i == 4 &amp;&amp; wildList.indexOf(symbol) != -1): null

2019-08-23 18:52:19 - [TEST_STEP][PASSED] - symbol = symbol: null

2019-08-23 18:52:19 - [TEST_STEP][PASSED] - println(symbol): null

2019-08-23 18:52:19 - [TEST_STEP][PASSED] - if (i == 2 &amp;&amp; wildList.indexOf(symbol) != -1): null

2019-08-23 18:52:19 - [TEST_STEP][PASSED] - if (i == 3 &amp;&amp; wildList.indexOf(symbol) != -1): null

2019-08-23 18:52:19 - [TEST_STEP][PASSED] - if (i == 4 &amp;&amp; wildList.indexOf(symbol) != -1): null

2019-08-23 18:52:19 - [TEST_STEP][PASSED] - symbol = symbol: null

2019-08-23 18:52:19 - [TEST_STEP][PASSED] - println(symbol): null

2019-08-23 18:52:19 - [TEST_STEP][PASSED] - if (i == 2 &amp;&amp; wildList.indexOf(symbol) != -1): null

2019-08-23 18:52:19 - [TEST_STEP][PASSED] - if (i == 3 &amp;&amp; wildList.indexOf(symbol) != -1): null

2019-08-23 18:52:19 - [TEST_STEP][PASSED] - if (i == 4 &amp;&amp; wildList.indexOf(symbol) != -1): null

2019-08-23 18:52:19 - [TEST_STEP][PASSED] - symbols = symbols: null

2019-08-23 18:52:19 - [TEST_STEP][PASSED] - for ([j = 0, j &lt; symbols.size(), (j++)]): null

2019-08-23 18:52:19 - [TEST_STEP][PASSED] - symbol = symbol: null

2019-08-23 18:52:19 - [TEST_STEP][PASSED] - println(symbol): null

2019-08-23 18:52:19 - [TEST_STEP][PASSED] - if (i == 2 &amp;&amp; wildList.indexOf(symbol) != -1): null

2019-08-23 18:52:19 - [TEST_STEP][PASSED] - if (i == 3 &amp;&amp; wildList.indexOf(symbol) != -1): null

2019-08-23 18:52:19 - [TEST_STEP][PASSED] - if (i == 4 &amp;&amp; wildList.indexOf(symbol) != -1): null

2019-08-23 18:52:19 - [TEST_STEP][PASSED] - symbol = symbol: null

2019-08-23 18:52:19 - [TEST_STEP][PASSED] - println(symbol): null

2019-08-23 18:52:19 - [TEST_STEP][PASSED] - if (i == 2 &amp;&amp; wildList.indexOf(symbol) != -1): null

2019-08-23 18:52:19 - [TEST_STEP][PASSED] - if (i == 3 &amp;&amp; wildList.indexOf(symbol) != -1): null

2019-08-23 18:52:19 - [TEST_STEP][PASSED] - if (i == 4 &amp;&amp; wildList.indexOf(symbol) != -1): null

2019-08-23 18:52:19 - [TEST_STEP][PASSED] - symbol = symbol: null

2019-08-23 18:52:19 - [TEST_STEP][PASSED] - println(symbol): null

2019-08-23 18:52:19 - [TEST_STEP][PASSED] - if (i == 2 &amp;&amp; wildList.indexOf(symbol) != -1): null

2019-08-23 18:52:19 - [TEST_STEP][PASSED] - if (i == 3 &amp;&amp; wildList.indexOf(symbol) != -1): null

2019-08-23 18:52:21 - [TEST_STEP][PASSED] - if (i == 4 &amp;&amp; wildList.indexOf(symbol) != -1): null

2019-08-23 18:52:21 - [TEST_STEP][PASSED] - symbols = symbols: null

2019-08-23 18:52:21 - [TEST_STEP][PASSED] - for ([j = 0, j &lt; symbols.size(), (j++)]): null

2019-08-23 18:52:21 - [TEST_STEP][PASSED] - symbol = symbol: null

2019-08-23 18:52:21 - [TEST_STEP][PASSED] - println(symbol): null

2019-08-23 18:52:21 - [TEST_STEP][PASSED] - if (i == 2 &amp;&amp; wildList.indexOf(symbol) != -1): null

2019-08-23 18:52:21 - [TEST_STEP][PASSED] - if (i == 3 &amp;&amp; wildList.indexOf(symbol) != -1): null

2019-08-23 18:52:21 - [TEST_STEP][PASSED] - if (i == 4 &amp;&amp; wildList.indexOf(symbol) != -1): null

2019-08-23 18:52:21 - [TEST_STEP][PASSED] - symbol = symbol: null

2019-08-23 18:52:21 - [TEST_STEP][PASSED] - println(symbol): null

2019-08-23 18:52:21 - [TEST_STEP][PASSED] - if (i == 2 &amp;&amp; wildList.indexOf(symbol) != -1): null

2019-08-23 18:52:21 - [TEST_STEP][PASSED] - if (i == 3 &amp;&amp; wildList.indexOf(symbol) != -1): null

2019-08-23 18:52:21 - [TEST_STEP][PASSED] - if (i == 4 &amp;&amp; wildList.indexOf(symbol) != -1): null

2019-08-23 18:52:21 - [TEST_STEP][PASSED] - symbol = symbol: null

2019-08-23 18:52:21 - [TEST_STEP][PASSED] - println(symbol): null

2019-08-23 18:52:21 - [TEST_STEP][PASSED] - if (i == 2 &amp;&amp; wildList.indexOf(symbol) != -1): null

2019-08-23 18:52:21 - [TEST_STEP][PASSED] - if (i == 3 &amp;&amp; wildList.indexOf(symbol) != -1): null

2019-08-23 18:52:21 - [TEST_STEP][PASSED] - if (i == 4 &amp;&amp; wildList.indexOf(symbol) != -1): null

2019-08-23 18:52:21 - [TEST_STEP][PASSED] - free_spin_reel_counter = free_spin_reel_counter: null

2019-08-23 18:52:21 - [TEST_STEP][PASSED] - println("reel 3 wild found: " + free_spin_reel_counter[0]): null

2019-08-23 18:52:21 - [TEST_STEP][PASSED] - println("reel 4 wild found: " + free_spin_reel_counter[1]): null

2019-08-23 18:52:21 - [TEST_STEP][PASSED] - println("reel 5 wild found: " + free_spin_reel_counter[2]): null

2019-08-23 18:52:21 - [TEST_STEP][PASSED] - M4_spin_reels = M4_spin_reels: null

2019-08-23 18:52:21 - [TEST_STEP][PASSED] - M4_spin_reels_symbols = symbol: null

2019-08-23 18:52:21 - [TEST_STEP][PASSED] - M4_spin_reels_symbols = M4_spin_reels_symbols: null

2019-08-23 18:52:21 - [TEST_STEP][PASSED] - M4_spin_reel_wins = reel_wins: null

2019-08-23 18:52:21 - [TEST_STEP][PASSED] - M4_spin_reel_wins = M4_spin_reel_wins: null

2019-08-23 18:52:21 - [TEST_STEP][PASSED] - println("GlobalVariable.M4_spin_reel_wins is: " + M4_spin_reel_wins): null

2019-08-23 18:52:21 - [TEST_STEP][PASSED] - M4_spin_total_bonus_win_this_round = total_bonus_win_this_round: null

2019-08-23 18:52:21 - [TEST_STEP][PASSED] - M4_spin_total_bonus_win_this_round = M4_spin_total_bonus_win_this_round: null

2019-08-23 18:52:21 - [TEST_STEP][PASSED] - println("GlobalVariable.M4_spin_total_bonus_win_this_round is: " + M4_spin_total_bonus_win_this_round): null

2019-08-23 18:52:21 - [TEST_STEP][PASSED] - M4_spin_bonus_spin_result = spin_result: null

2019-08-23 18:52:21 - [TEST_STEP][PASSED] - M4_spin_bonus_spin_result = M4_spin_bonus_spin_result: null

2019-08-23 18:52:21 - [MESSAGE][PASSED] - Verify response successfully

2019-08-23 18:52:21 - [MESSAGE][PASSED] - Send request and verify the response successfully

2019-08-23 18:52:21 - [TEST_STEP][PASSED] - if (free_spin_reel_counter[0] &gt;= 1 &amp;&amp; free_spin_reel_counter[1] &gt;= 1 &amp;&amp; free_spin_reel_counter[2] &gt;= 1): null

2019-08-23 18:52:21 - [TEST_STEP][PASSED] - spin_result = sendRequestAndVerify(findTestObject("INT/RGS(M4)/1_M4_spin", ["M4_login_user_id":M4_login_user_id, "rgs_session_token":rgs_session_token, "partner":Partner])): Send request and verify the response successfully

2019-08-23 18:52:22 - [MESSAGE][INFO] - HAR: /Users/eiralee/Katalon_Script/SuperWild/Reports/20190823_184757/INT/superWild_1/20190823_184757/requests/main/61.har

2019-08-23 18:52:22 - [TEST_CASE][PASSED] - Start Test Case : Verification: Verification accomplished successfully

2019-08-23 18:52:22 - [TEST_STEP][PASSED] - request = getInstance().getCurrentRequest(): null

2019-08-23 18:52:22 - [TEST_STEP][PASSED] - response = getInstance().getCurrentResponse(): null

2019-08-23 18:52:22 - [TEST_STEP][PASSED] - verifyResponseStatusCode(response, 200): Verify response status code successfully

2019-08-23 18:52:22 - [MESSAGE][PASSED] - Verify response status code successfully

2019-08-23 18:52:22 - [TEST_STEP][PASSED] - getStatusCode()).isEqualTo(200): null

2019-08-23 18:52:22 - [TEST_STEP][PASSED] - newline = System.getProperty("line.separator"): null

2019-08-23 18:52:22 - [TEST_STEP][PASSED] - M4_spin = new groovy.json.JsonSlurper(): null

2019-08-23 18:52:22 - [TEST_STEP][PASSED] - result_M4_spin = M4_spin.parseText(response.getResponseBodyContent()): null

2019-08-23 18:52:22 - [TEST_STEP][PASSED] - M4_spin_current_balance = current_balance: null

2019-08-23 18:52:22 - [TEST_STEP][PASSED] - M4_spin_current_balance = M4_spin_current_balance: null

2019-08-23 18:52:22 - [TEST_STEP][PASSED] - M4_spin_transaction_id = causality: null

2019-08-23 18:52:22 - [TEST_STEP][PASSED] - M4_spin_transaction_id = M4_spin_transaction_id: null

2019-08-23 18:52:22 - [TEST_STEP][PASSED] - M4_spin_round_id = round_id: null

2019-08-23 18:52:22 - [TEST_STEP][PASSED] - M4_spin_round_id = M4_spin_round_id: null

2019-08-23 18:52:22 - [TEST_STEP][PASSED] - M4_spin_line_wins = line_wins: null

2019-08-23 18:52:22 - [TEST_STEP][PASSED] - M4_spin_line_wins = M4_spin_line_wins: null

2019-08-23 18:52:22 - [TEST_STEP][PASSED] - M4_total_bonus_spins_int = total_bonus_spins: null

2019-08-23 18:52:22 - [TEST_STEP][PASSED] - println("******M4_total_bonus_spins type is:*******" + newline + getClass().getName()): null

2019-08-23 18:52:22 - [TEST_STEP][PASSED] - M4_total_bonus_spins_int = M4_total_bonus_spins_int: null

2019-08-23 18:52:22 - [TEST_STEP][PASSED] - M4_total_bonus_spins = Integer.toString(M4_total_bonus_spins_int): null

2019-08-23 18:52:22 - [TEST_STEP][PASSED] - M4_total_bonus_spins = M4_total_bonus_spins: null

2019-08-23 18:52:22 - [TEST_STEP][PASSED] - println("M4_total_bonus_spins is:" + M4_total_bonus_spins): null

2019-08-23 18:52:22 - [TEST_STEP][PASSED] - M4_spin_bonus_data = bonus_data: null

2019-08-23 18:52:22 - [TEST_STEP][PASSED] - M4_spin_features_triggered = result_M4_spin: null

2019-08-23 18:52:22 - [TEST_STEP][PASSED] - wild = []: null

2019-08-23 18:52:22 - [TEST_STEP][PASSED] - wild[0] = "WILD_Expanding": null

2019-08-23 18:52:22 - [TEST_STEP][PASSED] - wild[1] = "WILD_Normal": null

2019-08-23 18:52:22 - [TEST_STEP][PASSED] - wild[2] = "WILD_Double": null

2019-08-23 18:52:22 - [TEST_STEP][PASSED] - wild[3] = "WILD_ExtraFG": null

2019-08-23 18:52:22 - [TEST_STEP][PASSED] - wild[4] = "WILD_Triple": null

2019-08-23 18:52:22 - [TEST_STEP][PASSED] - wildList = Arrays.asList(wild): null

2019-08-23 18:52:22 - [TEST_STEP][PASSED] - wildList = wildList: null

2019-08-23 18:52:22 - [TEST_STEP][PASSED] - free_spin_reel_counter = []: null

2019-08-23 18:52:22 - [TEST_STEP][PASSED] - free_spin_reel_counter[0] = 0: null

2019-08-23 18:52:22 - [TEST_STEP][PASSED] - free_spin_reel_counter[1] = 0: null

2019-08-23 18:52:22 - [TEST_STEP][PASSED] - free_spin_reel_counter[2] = 0: null

2019-08-23 18:52:22 - [TEST_STEP][PASSED] - M4_spin_reels = reels: null

2019-08-23 18:52:22 - [TEST_STEP][PASSED] - for ([i = 0, i &lt; M4_spin_reels.size(), (i++)]): null

2019-08-23 18:52:22 - [TEST_STEP][PASSED] - symbols = symbols: null

2019-08-23 18:52:22 - [TEST_STEP][PASSED] - for ([j = 0, j &lt; symbols.size(), (j++)]): null

2019-08-23 18:52:22 - [TEST_STEP][PASSED] - symbol = symbol: null

2019-08-23 18:52:22 - [TEST_STEP][PASSED] - println(symbol): null

2019-08-23 18:52:22 - [TEST_STEP][PASSED] - if (i == 2 &amp;&amp; wildList.indexOf(symbol) != -1): null

2019-08-23 18:52:22 - [TEST_STEP][PASSED] - if (i == 3 &amp;&amp; wildList.indexOf(symbol) != -1): null

2019-08-23 18:52:22 - [TEST_STEP][PASSED] - if (i == 4 &amp;&amp; wildList.indexOf(symbol) != -1): null

2019-08-23 18:52:22 - [TEST_STEP][PASSED] - symbol = symbol: null

2019-08-23 18:52:22 - [TEST_STEP][PASSED] - println(symbol): null

2019-08-23 18:52:22 - [TEST_STEP][PASSED] - if (i == 2 &amp;&amp; wildList.indexOf(symbol) != -1): null

2019-08-23 18:52:22 - [TEST_STEP][PASSED] - if (i == 3 &amp;&amp; wildList.indexOf(symbol) != -1): null

2019-08-23 18:52:22 - [TEST_STEP][PASSED] - if (i == 4 &amp;&amp; wildList.indexOf(symbol) != -1): null

2019-08-23 18:52:22 - [TEST_STEP][PASSED] - symbol = symbol: null

2019-08-23 18:52:22 - [TEST_STEP][PASSED] - println(symbol): null

2019-08-23 18:52:22 - [TEST_STEP][PASSED] - if (i == 2 &amp;&amp; wildList.indexOf(symbol) != -1): null

2019-08-23 18:52:22 - [TEST_STEP][PASSED] - if (i == 3 &amp;&amp; wildList.indexOf(symbol) != -1): null

2019-08-23 18:52:22 - [TEST_STEP][PASSED] - if (i == 4 &amp;&amp; wildList.indexOf(symbol) != -1): null

2019-08-23 18:52:22 - [TEST_STEP][PASSED] - symbols = symbols: null

2019-08-23 18:52:22 - [TEST_STEP][PASSED] - for ([j = 0, j &lt; symbols.size(), (j++)]): null

2019-08-23 18:52:22 - [TEST_STEP][PASSED] - symbol = symbol: null

2019-08-23 18:52:22 - [TEST_STEP][PASSED] - println(symbol): null

2019-08-23 18:52:22 - [TEST_STEP][PASSED] - if (i == 2 &amp;&amp; wildList.indexOf(symbol) != -1): null

2019-08-23 18:52:22 - [TEST_STEP][PASSED] - if (i == 3 &amp;&amp; wildList.indexOf(symbol) != -1): null

2019-08-23 18:52:22 - [TEST_STEP][PASSED] - if (i == 4 &amp;&amp; wildList.indexOf(symbol) != -1): null

2019-08-23 18:52:22 - [TEST_STEP][PASSED] - symbol = symbol: null

2019-08-23 18:52:22 - [TEST_STEP][PASSED] - println(symbol): null

2019-08-23 18:52:22 - [TEST_STEP][PASSED] - if (i == 2 &amp;&amp; wildList.indexOf(symbol) != -1): null

2019-08-23 18:52:22 - [TEST_STEP][PASSED] - if (i == 3 &amp;&amp; wildList.indexOf(symbol) != -1): null

2019-08-23 18:52:22 - [TEST_STEP][PASSED] - if (i == 4 &amp;&amp; wildList.indexOf(symbol) != -1): null

2019-08-23 18:52:22 - [TEST_STEP][PASSED] - symbol = symbol: null

2019-08-23 18:52:22 - [TEST_STEP][PASSED] - println(symbol): null

2019-08-23 18:52:22 - [TEST_STEP][PASSED] - if (i == 2 &amp;&amp; wildList.indexOf(symbol) != -1): null

2019-08-23 18:52:22 - [TEST_STEP][PASSED] - if (i == 3 &amp;&amp; wildList.indexOf(symbol) != -1): null

2019-08-23 18:52:22 - [TEST_STEP][PASSED] - if (i == 4 &amp;&amp; wildList.indexOf(symbol) != -1): null

2019-08-23 18:52:22 - [TEST_STEP][PASSED] - symbols = symbols: null

2019-08-23 18:52:22 - [TEST_STEP][PASSED] - for ([j = 0, j &lt; symbols.size(), (j++)]): null

2019-08-23 18:52:22 - [TEST_STEP][PASSED] - symbol = symbol: null

2019-08-23 18:52:22 - [TEST_STEP][PASSED] - println(symbol): null

2019-08-23 18:52:22 - [TEST_STEP][PASSED] - if (i == 2 &amp;&amp; wildList.indexOf(symbol) != -1): null

2019-08-23 18:52:22 - [TEST_STEP][PASSED] - if (i == 3 &amp;&amp; wildList.indexOf(symbol) != -1): null

2019-08-23 18:52:22 - [TEST_STEP][PASSED] - if (i == 4 &amp;&amp; wildList.indexOf(symbol) != -1): null

2019-08-23 18:52:22 - [TEST_STEP][PASSED] - symbol = symbol: null

2019-08-23 18:52:22 - [TEST_STEP][PASSED] - println(symbol): null

2019-08-23 18:52:22 - [TEST_STEP][PASSED] - if (i == 2 &amp;&amp; wildList.indexOf(symbol) != -1): null

2019-08-23 18:52:22 - [TEST_STEP][PASSED] - if (i == 3 &amp;&amp; wildList.indexOf(symbol) != -1): null

2019-08-23 18:52:22 - [TEST_STEP][PASSED] - if (i == 4 &amp;&amp; wildList.indexOf(symbol) != -1): null

2019-08-23 18:52:22 - [TEST_STEP][PASSED] - symbol = symbol: null

2019-08-23 18:52:22 - [TEST_STEP][PASSED] - println(symbol): null

2019-08-23 18:52:22 - [TEST_STEP][PASSED] - if (i == 2 &amp;&amp; wildList.indexOf(symbol) != -1): null

2019-08-23 18:52:22 - [TEST_STEP][PASSED] - if (i == 3 &amp;&amp; wildList.indexOf(symbol) != -1): null

2019-08-23 18:52:22 - [TEST_STEP][PASSED] - if (i == 4 &amp;&amp; wildList.indexOf(symbol) != -1): null

2019-08-23 18:52:22 - [TEST_STEP][PASSED] - symbols = symbols: null

2019-08-23 18:52:22 - [TEST_STEP][PASSED] - for ([j = 0, j &lt; symbols.size(), (j++)]): null

2019-08-23 18:52:22 - [TEST_STEP][PASSED] - symbol = symbol: null

2019-08-23 18:52:22 - [TEST_STEP][PASSED] - println(symbol): null

2019-08-23 18:52:22 - [TEST_STEP][PASSED] - if (i == 2 &amp;&amp; wildList.indexOf(symbol) != -1): null

2019-08-23 18:52:22 - [TEST_STEP][PASSED] - if (i == 3 &amp;&amp; wildList.indexOf(symbol) != -1): null

2019-08-23 18:52:22 - [TEST_STEP][PASSED] - if (i == 4 &amp;&amp; wildList.indexOf(symbol) != -1): null

2019-08-23 18:52:22 - [TEST_STEP][PASSED] - symbol = symbol: null

2019-08-23 18:52:22 - [TEST_STEP][PASSED] - println(symbol): null

2019-08-23 18:52:22 - [TEST_STEP][PASSED] - if (i == 2 &amp;&amp; wildList.indexOf(symbol) != -1): null

2019-08-23 18:52:22 - [TEST_STEP][PASSED] - if (i == 3 &amp;&amp; wildList.indexOf(symbol) != -1): null

2019-08-23 18:52:22 - [TEST_STEP][PASSED] - if (i == 4 &amp;&amp; wildList.indexOf(symbol) != -1): null

2019-08-23 18:52:22 - [TEST_STEP][PASSED] - symbol = symbol: null

2019-08-23 18:52:22 - [TEST_STEP][PASSED] - println(symbol): null

2019-08-23 18:52:22 - [TEST_STEP][PASSED] - if (i == 2 &amp;&amp; wildList.indexOf(symbol) != -1): null

2019-08-23 18:52:22 - [TEST_STEP][PASSED] - if (i == 3 &amp;&amp; wildList.indexOf(symbol) != -1): null

2019-08-23 18:52:22 - [TEST_STEP][PASSED] - if (i == 4 &amp;&amp; wildList.indexOf(symbol) != -1): null

2019-08-23 18:52:22 - [TEST_STEP][PASSED] - symbols = symbols: null

2019-08-23 18:52:22 - [TEST_STEP][PASSED] - for ([j = 0, j &lt; symbols.size(), (j++)]): null

2019-08-23 18:52:22 - [TEST_STEP][PASSED] - symbol = symbol: null

2019-08-23 18:52:22 - [TEST_STEP][PASSED] - println(symbol): null

2019-08-23 18:52:22 - [TEST_STEP][PASSED] - if (i == 2 &amp;&amp; wildList.indexOf(symbol) != -1): null

2019-08-23 18:52:22 - [TEST_STEP][PASSED] - if (i == 3 &amp;&amp; wildList.indexOf(symbol) != -1): null

2019-08-23 18:52:22 - [TEST_STEP][PASSED] - if (i == 4 &amp;&amp; wildList.indexOf(symbol) != -1): null

2019-08-23 18:52:22 - [TEST_STEP][PASSED] - symbol = symbol: null

2019-08-23 18:52:22 - [TEST_STEP][PASSED] - println(symbol): null

2019-08-23 18:52:22 - [TEST_STEP][PASSED] - if (i == 2 &amp;&amp; wildList.indexOf(symbol) != -1): null

2019-08-23 18:52:22 - [TEST_STEP][PASSED] - if (i == 3 &amp;&amp; wildList.indexOf(symbol) != -1): null

2019-08-23 18:52:22 - [TEST_STEP][PASSED] - if (i == 4 &amp;&amp; wildList.indexOf(symbol) != -1): null

2019-08-23 18:52:22 - [TEST_STEP][PASSED] - symbol = symbol: null

2019-08-23 18:52:22 - [TEST_STEP][PASSED] - println(symbol): null

2019-08-23 18:52:22 - [TEST_STEP][PASSED] - if (i == 2 &amp;&amp; wildList.indexOf(symbol) != -1): null

2019-08-23 18:52:22 - [TEST_STEP][PASSED] - if (i == 3 &amp;&amp; wildList.indexOf(symbol) != -1): null

2019-08-23 18:52:22 - [TEST_STEP][PASSED] - if (i == 4 &amp;&amp; wildList.indexOf(symbol) != -1): null

2019-08-23 18:52:22 - [TEST_STEP][PASSED] - free_spin_reel_counter = free_spin_reel_counter: null

2019-08-23 18:52:22 - [TEST_STEP][PASSED] - println("reel 3 wild found: " + free_spin_reel_counter[0]): null

2019-08-23 18:52:22 - [TEST_STEP][PASSED] - println("reel 4 wild found: " + free_spin_reel_counter[1]): null

2019-08-23 18:52:22 - [TEST_STEP][PASSED] - println("reel 5 wild found: " + free_spin_reel_counter[2]): null

2019-08-23 18:52:22 - [TEST_STEP][PASSED] - M4_spin_reels = M4_spin_reels: null

2019-08-23 18:52:22 - [TEST_STEP][PASSED] - M4_spin_reels_symbols = symbol: null

2019-08-23 18:52:22 - [TEST_STEP][PASSED] - M4_spin_reels_symbols = M4_spin_reels_symbols: null

2019-08-23 18:52:22 - [TEST_STEP][PASSED] - M4_spin_reel_wins = reel_wins: null

2019-08-23 18:52:22 - [TEST_STEP][PASSED] - M4_spin_reel_wins = M4_spin_reel_wins: null

2019-08-23 18:52:22 - [TEST_STEP][PASSED] - println("GlobalVariable.M4_spin_reel_wins is: " + M4_spin_reel_wins): null

2019-08-23 18:52:22 - [TEST_STEP][PASSED] - M4_spin_total_bonus_win_this_round = total_bonus_win_this_round: null

2019-08-23 18:52:22 - [TEST_STEP][PASSED] - M4_spin_total_bonus_win_this_round = M4_spin_total_bonus_win_this_round: null

2019-08-23 18:52:22 - [TEST_STEP][PASSED] - println("GlobalVariable.M4_spin_total_bonus_win_this_round is: " + M4_spin_total_bonus_win_this_round): null

2019-08-23 18:52:22 - [TEST_STEP][PASSED] - M4_spin_bonus_spin_result = spin_result: null

2019-08-23 18:52:22 - [TEST_STEP][PASSED] - M4_spin_bonus_spin_result = M4_spin_bonus_spin_result: null

2019-08-23 18:52:22 - [MESSAGE][PASSED] - Verify response successfully

2019-08-23 18:52:22 - [MESSAGE][PASSED] - Send request and verify the response successfully

2019-08-23 18:52:22 - [TEST_STEP][PASSED] - if (free_spin_reel_counter[0] &gt;= 1 &amp;&amp; free_spin_reel_counter[1] &gt;= 1 &amp;&amp; free_spin_reel_counter[2] &gt;= 1): null

2019-08-23 18:52:22 - [TEST_STEP][PASSED] - spin_result = sendRequestAndVerify(findTestObject("INT/RGS(M4)/1_M4_spin", ["M4_login_user_id":M4_login_user_id, "rgs_session_token":rgs_session_token, "partner":Partner])): Send request and verify the response successfully

2019-08-23 18:52:22 - [MESSAGE][INFO] - HAR: /Users/eiralee/Katalon_Script/SuperWild/Reports/20190823_184757/INT/superWild_1/20190823_184757/requests/main/62.har

2019-08-23 18:52:22 - [TEST_CASE][PASSED] - Start Test Case : Verification: Verification accomplished successfully

2019-08-23 18:52:22 - [TEST_STEP][PASSED] - request = getInstance().getCurrentRequest(): null

2019-08-23 18:52:22 - [TEST_STEP][PASSED] - response = getInstance().getCurrentResponse(): null

2019-08-23 18:52:22 - [TEST_STEP][PASSED] - verifyResponseStatusCode(response, 200): Verify response status code successfully

2019-08-23 18:52:22 - [MESSAGE][PASSED] - Verify response status code successfully

2019-08-23 18:52:22 - [TEST_STEP][PASSED] - getStatusCode()).isEqualTo(200): null

2019-08-23 18:52:22 - [TEST_STEP][PASSED] - newline = System.getProperty("line.separator"): null

2019-08-23 18:52:22 - [TEST_STEP][PASSED] - M4_spin = new groovy.json.JsonSlurper(): null

2019-08-23 18:52:22 - [TEST_STEP][PASSED] - result_M4_spin = M4_spin.parseText(response.getResponseBodyContent()): null

2019-08-23 18:52:22 - [TEST_STEP][PASSED] - M4_spin_current_balance = current_balance: null

2019-08-23 18:52:22 - [TEST_STEP][PASSED] - M4_spin_current_balance = M4_spin_current_balance: null

2019-08-23 18:52:22 - [TEST_STEP][PASSED] - M4_spin_transaction_id = causality: null

2019-08-23 18:52:22 - [TEST_STEP][PASSED] - M4_spin_transaction_id = M4_spin_transaction_id: null

2019-08-23 18:52:22 - [TEST_STEP][PASSED] - M4_spin_round_id = round_id: null

2019-08-23 18:52:22 - [TEST_STEP][PASSED] - M4_spin_round_id = M4_spin_round_id: null

2019-08-23 18:52:22 - [TEST_STEP][PASSED] - M4_spin_line_wins = line_wins: null

2019-08-23 18:52:22 - [TEST_STEP][PASSED] - M4_spin_line_wins = M4_spin_line_wins: null

2019-08-23 18:52:22 - [TEST_STEP][PASSED] - M4_total_bonus_spins_int = total_bonus_spins: null

2019-08-23 18:52:22 - [TEST_STEP][PASSED] - println("******M4_total_bonus_spins type is:*******" + newline + getClass().getName()): null

2019-08-23 18:52:22 - [TEST_STEP][PASSED] - M4_total_bonus_spins_int = M4_total_bonus_spins_int: null

2019-08-23 18:52:22 - [TEST_STEP][PASSED] - M4_total_bonus_spins = Integer.toString(M4_total_bonus_spins_int): null

2019-08-23 18:52:22 - [TEST_STEP][PASSED] - M4_total_bonus_spins = M4_total_bonus_spins: null

2019-08-23 18:52:22 - [TEST_STEP][PASSED] - println("M4_total_bonus_spins is:" + M4_total_bonus_spins): null

2019-08-23 18:52:22 - [TEST_STEP][PASSED] - M4_spin_bonus_data = bonus_data: null

2019-08-23 18:52:22 - [TEST_STEP][PASSED] - M4_spin_features_triggered = result_M4_spin: null

2019-08-23 18:52:22 - [TEST_STEP][PASSED] - wild = []: null

2019-08-23 18:52:22 - [TEST_STEP][PASSED] - wild[0] = "WILD_Expanding": null

2019-08-23 18:52:22 - [TEST_STEP][PASSED] - wild[1] = "WILD_Normal": null

2019-08-23 18:52:22 - [TEST_STEP][PASSED] - wild[2] = "WILD_Double": null

2019-08-23 18:52:22 - [TEST_STEP][PASSED] - wild[3] = "WILD_ExtraFG": null

2019-08-23 18:52:22 - [TEST_STEP][PASSED] - wild[4] = "WILD_Triple": null

2019-08-23 18:52:22 - [TEST_STEP][PASSED] - wildList = Arrays.asList(wild): null

2019-08-23 18:52:22 - [TEST_STEP][PASSED] - wildList = wildList: null

2019-08-23 18:52:22 - [TEST_STEP][PASSED] - free_spin_reel_counter = []: null

2019-08-23 18:52:22 - [TEST_STEP][PASSED] - free_spin_reel_counter[0] = 0: null

2019-08-23 18:52:22 - [TEST_STEP][PASSED] - free_spin_reel_counter[1] = 0: null

2019-08-23 18:52:22 - [TEST_STEP][PASSED] - free_spin_reel_counter[2] = 0: null

2019-08-23 18:52:22 - [TEST_STEP][PASSED] - M4_spin_reels = reels: null

2019-08-23 18:52:22 - [TEST_STEP][PASSED] - for ([i = 0, i &lt; M4_spin_reels.size(), (i++)]): null

2019-08-23 18:52:22 - [TEST_STEP][PASSED] - symbols = symbols: null

2019-08-23 18:52:22 - [TEST_STEP][PASSED] - for ([j = 0, j &lt; symbols.size(), (j++)]): null

2019-08-23 18:52:22 - [TEST_STEP][PASSED] - symbol = symbol: null

2019-08-23 18:52:22 - [TEST_STEP][PASSED] - println(symbol): null

2019-08-23 18:52:22 - [TEST_STEP][PASSED] - if (i == 2 &amp;&amp; wildList.indexOf(symbol) != -1): null

2019-08-23 18:52:22 - [TEST_STEP][PASSED] - if (i == 3 &amp;&amp; wildList.indexOf(symbol) != -1): null

2019-08-23 18:52:22 - [TEST_STEP][PASSED] - if (i == 4 &amp;&amp; wildList.indexOf(symbol) != -1): null

2019-08-23 18:52:22 - [TEST_STEP][PASSED] - symbol = symbol: null

2019-08-23 18:52:22 - [TEST_STEP][PASSED] - println(symbol): null

2019-08-23 18:52:22 - [TEST_STEP][PASSED] - if (i == 2 &amp;&amp; wildList.indexOf(symbol) != -1): null

2019-08-23 18:52:22 - [TEST_STEP][PASSED] - if (i == 3 &amp;&amp; wildList.indexOf(symbol) != -1): null

2019-08-23 18:52:22 - [TEST_STEP][PASSED] - if (i == 4 &amp;&amp; wildList.indexOf(symbol) != -1): null

2019-08-23 18:52:22 - [TEST_STEP][PASSED] - symbol = symbol: null

2019-08-23 18:52:22 - [TEST_STEP][PASSED] - println(symbol): null

2019-08-23 18:52:22 - [TEST_STEP][PASSED] - if (i == 2 &amp;&amp; wildList.indexOf(symbol) != -1): null

2019-08-23 18:52:22 - [TEST_STEP][PASSED] - if (i == 3 &amp;&amp; wildList.indexOf(symbol) != -1): null

2019-08-23 18:52:22 - [TEST_STEP][PASSED] - if (i == 4 &amp;&amp; wildList.indexOf(symbol) != -1): null

2019-08-23 18:52:22 - [TEST_STEP][PASSED] - symbols = symbols: null

2019-08-23 18:52:22 - [TEST_STEP][PASSED] - for ([j = 0, j &lt; symbols.size(), (j++)]): null

2019-08-23 18:52:22 - [TEST_STEP][PASSED] - symbol = symbol: null

2019-08-23 18:52:22 - [TEST_STEP][PASSED] - println(symbol): null

2019-08-23 18:52:22 - [TEST_STEP][PASSED] - if (i == 2 &amp;&amp; wildList.indexOf(symbol) != -1): null

2019-08-23 18:52:22 - [TEST_STEP][PASSED] - if (i == 3 &amp;&amp; wildList.indexOf(symbol) != -1): null

2019-08-23 18:52:22 - [TEST_STEP][PASSED] - if (i == 4 &amp;&amp; wildList.indexOf(symbol) != -1): null

2019-08-23 18:52:22 - [TEST_STEP][PASSED] - symbol = symbol: null

2019-08-23 18:52:22 - [TEST_STEP][PASSED] - println(symbol): null

2019-08-23 18:52:22 - [TEST_STEP][PASSED] - if (i == 2 &amp;&amp; wildList.indexOf(symbol) != -1): null

2019-08-23 18:52:22 - [TEST_STEP][PASSED] - if (i == 3 &amp;&amp; wildList.indexOf(symbol) != -1): null

2019-08-23 18:52:22 - [TEST_STEP][PASSED] - if (i == 4 &amp;&amp; wildList.indexOf(symbol) != -1): null

2019-08-23 18:52:22 - [TEST_STEP][PASSED] - symbol = symbol: null

2019-08-23 18:52:22 - [TEST_STEP][PASSED] - println(symbol): null

2019-08-23 18:52:22 - [TEST_STEP][PASSED] - if (i == 2 &amp;&amp; wildList.indexOf(symbol) != -1): null

2019-08-23 18:52:22 - [TEST_STEP][PASSED] - if (i == 3 &amp;&amp; wildList.indexOf(symbol) != -1): null

2019-08-23 18:52:22 - [TEST_STEP][PASSED] - if (i == 4 &amp;&amp; wildList.indexOf(symbol) != -1): null

2019-08-23 18:52:22 - [TEST_STEP][PASSED] - symbols = symbols: null

2019-08-23 18:52:22 - [TEST_STEP][PASSED] - for ([j = 0, j &lt; symbols.size(), (j++)]): null

2019-08-23 18:52:22 - [TEST_STEP][PASSED] - symbol = symbol: null

2019-08-23 18:52:22 - [TEST_STEP][PASSED] - println(symbol): null

2019-08-23 18:52:22 - [TEST_STEP][PASSED] - if (i == 2 &amp;&amp; wildList.indexOf(symbol) != -1): null

2019-08-23 18:52:22 - [TEST_STEP][PASSED] - if (i == 3 &amp;&amp; wildList.indexOf(symbol) != -1): null

2019-08-23 18:52:22 - [TEST_STEP][PASSED] - if (i == 4 &amp;&amp; wildList.indexOf(symbol) != -1): null

2019-08-23 18:52:22 - [TEST_STEP][PASSED] - symbol = symbol: null

2019-08-23 18:52:22 - [TEST_STEP][PASSED] - println(symbol): null

2019-08-23 18:52:22 - [TEST_STEP][PASSED] - if (i == 2 &amp;&amp; wildList.indexOf(symbol) != -1): null

2019-08-23 18:52:22 - [TEST_STEP][PASSED] - if (i == 3 &amp;&amp; wildList.indexOf(symbol) != -1): null

2019-08-23 18:52:22 - [TEST_STEP][PASSED] - if (i == 4 &amp;&amp; wildList.indexOf(symbol) != -1): null

2019-08-23 18:52:22 - [TEST_STEP][PASSED] - symbol = symbol: null

2019-08-23 18:52:22 - [TEST_STEP][PASSED] - println(symbol): null

2019-08-23 18:52:22 - [TEST_STEP][PASSED] - if (i == 2 &amp;&amp; wildList.indexOf(symbol) != -1): null

2019-08-23 18:52:22 - [TEST_STEP][PASSED] - if (i == 3 &amp;&amp; wildList.indexOf(symbol) != -1): null

2019-08-23 18:52:22 - [TEST_STEP][PASSED] - if (i == 4 &amp;&amp; wildList.indexOf(symbol) != -1): null

2019-08-23 18:52:22 - [TEST_STEP][PASSED] - symbols = symbols: null

2019-08-23 18:52:22 - [TEST_STEP][PASSED] - for ([j = 0, j &lt; symbols.size(), (j++)]): null

2019-08-23 18:52:22 - [TEST_STEP][PASSED] - symbol = symbol: null

2019-08-23 18:52:22 - [TEST_STEP][PASSED] - println(symbol): null

2019-08-23 18:52:22 - [TEST_STEP][PASSED] - if (i == 2 &amp;&amp; wildList.indexOf(symbol) != -1): null

2019-08-23 18:52:22 - [TEST_STEP][PASSED] - if (i == 3 &amp;&amp; wildList.indexOf(symbol) != -1): null

2019-08-23 18:52:22 - [TEST_STEP][PASSED] - if (i == 4 &amp;&amp; wildList.indexOf(symbol) != -1): null

2019-08-23 18:52:22 - [TEST_STEP][PASSED] - symbol = symbol: null

2019-08-23 18:52:22 - [TEST_STEP][PASSED] - println(symbol): null

2019-08-23 18:52:22 - [TEST_STEP][PASSED] - if (i == 2 &amp;&amp; wildList.indexOf(symbol) != -1): null

2019-08-23 18:52:22 - [TEST_STEP][PASSED] - if (i == 3 &amp;&amp; wildList.indexOf(symbol) != -1): null

2019-08-23 18:52:22 - [TEST_STEP][PASSED] - if (i == 4 &amp;&amp; wildList.indexOf(symbol) != -1): null

2019-08-23 18:52:22 - [TEST_STEP][PASSED] - symbol = symbol: null

2019-08-23 18:52:22 - [TEST_STEP][PASSED] - println(symbol): null

2019-08-23 18:52:22 - [TEST_STEP][PASSED] - if (i == 2 &amp;&amp; wildList.indexOf(symbol) != -1): null

2019-08-23 18:52:22 - [TEST_STEP][PASSED] - if (i == 3 &amp;&amp; wildList.indexOf(symbol) != -1): null

2019-08-23 18:52:22 - [TEST_STEP][PASSED] - if (i == 4 &amp;&amp; wildList.indexOf(symbol) != -1): null

2019-08-23 18:52:22 - [TEST_STEP][PASSED] - symbols = symbols: null

2019-08-23 18:52:22 - [TEST_STEP][PASSED] - for ([j = 0, j &lt; symbols.size(), (j++)]): null

2019-08-23 18:52:22 - [TEST_STEP][PASSED] - symbol = symbol: null

2019-08-23 18:52:22 - [TEST_STEP][PASSED] - println(symbol): null

2019-08-23 18:52:22 - [TEST_STEP][PASSED] - if (i == 2 &amp;&amp; wildList.indexOf(symbol) != -1): null

2019-08-23 18:52:22 - [TEST_STEP][PASSED] - if (i == 3 &amp;&amp; wildList.indexOf(symbol) != -1): null

2019-08-23 18:52:22 - [TEST_STEP][PASSED] - if (i == 4 &amp;&amp; wildList.indexOf(symbol) != -1): null

2019-08-23 18:52:22 - [TEST_STEP][PASSED] - symbol = symbol: null

2019-08-23 18:52:22 - [TEST_STEP][PASSED] - println(symbol): null

2019-08-23 18:52:22 - [TEST_STEP][PASSED] - if (i == 2 &amp;&amp; wildList.indexOf(symbol) != -1): null

2019-08-23 18:52:22 - [TEST_STEP][PASSED] - if (i == 3 &amp;&amp; wildList.indexOf(symbol) != -1): null

2019-08-23 18:52:22 - [TEST_STEP][PASSED] - if (i == 4 &amp;&amp; wildList.indexOf(symbol) != -1): null

2019-08-23 18:52:22 - [TEST_STEP][PASSED] - symbol = symbol: null

2019-08-23 18:52:22 - [TEST_STEP][PASSED] - println(symbol): null

2019-08-23 18:52:22 - [TEST_STEP][PASSED] - if (i == 2 &amp;&amp; wildList.indexOf(symbol) != -1): null

2019-08-23 18:52:22 - [TEST_STEP][PASSED] - if (i == 3 &amp;&amp; wildList.indexOf(symbol) != -1): null

2019-08-23 18:52:22 - [TEST_STEP][PASSED] - if (i == 4 &amp;&amp; wildList.indexOf(symbol) != -1): null

2019-08-23 18:52:22 - [TEST_STEP][PASSED] - println("wild found on reel 5, adding counter by 1"): null

2019-08-23 18:52:22 - [TEST_STEP][PASSED] - free_spin_reel_counter[2] = free_spin_reel_counter[2] + 1: null

2019-08-23 18:52:22 - [TEST_STEP][PASSED] - free_spin_reel_counter = free_spin_reel_counter: null

2019-08-23 18:52:22 - [TEST_STEP][PASSED] - println("reel 3 wild found: " + free_spin_reel_counter[0]): null

2019-08-23 18:52:22 - [TEST_STEP][PASSED] - println("reel 4 wild found: " + free_spin_reel_counter[1]): null

2019-08-23 18:52:22 - [TEST_STEP][PASSED] - println("reel 5 wild found: " + free_spin_reel_counter[2]): null

2019-08-23 18:52:22 - [TEST_STEP][PASSED] - M4_spin_reels = M4_spin_reels: null

2019-08-23 18:52:22 - [TEST_STEP][PASSED] - M4_spin_reels_symbols = symbol: null

2019-08-23 18:52:22 - [TEST_STEP][PASSED] - M4_spin_reels_symbols = M4_spin_reels_symbols: null

2019-08-23 18:52:22 - [TEST_STEP][PASSED] - M4_spin_reel_wins = reel_wins: null

2019-08-23 18:52:22 - [TEST_STEP][PASSED] - M4_spin_reel_wins = M4_spin_reel_wins: null

2019-08-23 18:52:22 - [TEST_STEP][PASSED] - println("GlobalVariable.M4_spin_reel_wins is: " + M4_spin_reel_wins): null

2019-08-23 18:52:22 - [TEST_STEP][PASSED] - M4_spin_total_bonus_win_this_round = total_bonus_win_this_round: null

2019-08-23 18:52:22 - [TEST_STEP][PASSED] - M4_spin_total_bonus_win_this_round = M4_spin_total_bonus_win_this_round: null

2019-08-23 18:52:22 - [TEST_STEP][PASSED] - println("GlobalVariable.M4_spin_total_bonus_win_this_round is: " + M4_spin_total_bonus_win_this_round): null

2019-08-23 18:52:22 - [TEST_STEP][PASSED] - M4_spin_bonus_spin_result = spin_result: null

2019-08-23 18:52:22 - [TEST_STEP][PASSED] - M4_spin_bonus_spin_result = M4_spin_bonus_spin_result: null

2019-08-23 18:52:25 - [MESSAGE][PASSED] - Verify response successfully

2019-08-23 18:52:25 - [MESSAGE][PASSED] - Send request and verify the response successfully

2019-08-23 18:52:25 - [TEST_STEP][PASSED] - if (free_spin_reel_counter[0] &gt;= 1 &amp;&amp; free_spin_reel_counter[1] &gt;= 1 &amp;&amp; free_spin_reel_counter[2] &gt;= 1): null

2019-08-23 18:52:25 - [TEST_STEP][PASSED] - spin_result = sendRequestAndVerify(findTestObject("INT/RGS(M4)/1_M4_spin", ["M4_login_user_id":M4_login_user_id, "rgs_session_token":rgs_session_token, "partner":Partner])): Send request and verify the response successfully

2019-08-23 18:52:25 - [MESSAGE][INFO] - HAR: /Users/eiralee/Katalon_Script/SuperWild/Reports/20190823_184757/INT/superWild_1/20190823_184757/requests/main/63.har

2019-08-23 18:52:25 - [TEST_CASE][PASSED] - Start Test Case : Verification: Verification accomplished successfully

2019-08-23 18:52:25 - [TEST_STEP][PASSED] - request = getInstance().getCurrentRequest(): null

2019-08-23 18:52:25 - [TEST_STEP][PASSED] - response = getInstance().getCurrentResponse(): null

2019-08-23 18:52:25 - [TEST_STEP][PASSED] - verifyResponseStatusCode(response, 200): Verify response status code successfully

2019-08-23 18:52:25 - [MESSAGE][PASSED] - Verify response status code successfully

2019-08-23 18:52:25 - [TEST_STEP][PASSED] - getStatusCode()).isEqualTo(200): null

2019-08-23 18:52:25 - [TEST_STEP][PASSED] - newline = System.getProperty("line.separator"): null

2019-08-23 18:52:25 - [TEST_STEP][PASSED] - M4_spin = new groovy.json.JsonSlurper(): null

2019-08-23 18:52:25 - [TEST_STEP][PASSED] - result_M4_spin = M4_spin.parseText(response.getResponseBodyContent()): null

2019-08-23 18:52:25 - [TEST_STEP][PASSED] - M4_spin_current_balance = current_balance: null

2019-08-23 18:52:25 - [TEST_STEP][PASSED] - M4_spin_current_balance = M4_spin_current_balance: null

2019-08-23 18:52:25 - [TEST_STEP][PASSED] - M4_spin_transaction_id = causality: null

2019-08-23 18:52:25 - [TEST_STEP][PASSED] - M4_spin_transaction_id = M4_spin_transaction_id: null

2019-08-23 18:52:25 - [TEST_STEP][PASSED] - M4_spin_round_id = round_id: null

2019-08-23 18:52:25 - [TEST_STEP][PASSED] - M4_spin_round_id = M4_spin_round_id: null

2019-08-23 18:52:25 - [TEST_STEP][PASSED] - M4_spin_line_wins = line_wins: null

2019-08-23 18:52:25 - [TEST_STEP][PASSED] - M4_spin_line_wins = M4_spin_line_wins: null

2019-08-23 18:52:25 - [TEST_STEP][PASSED] - M4_total_bonus_spins_int = total_bonus_spins: null

2019-08-23 18:52:25 - [TEST_STEP][PASSED] - println("******M4_total_bonus_spins type is:*******" + newline + getClass().getName()): null

2019-08-23 18:52:25 - [TEST_STEP][PASSED] - M4_total_bonus_spins_int = M4_total_bonus_spins_int: null

2019-08-23 18:52:25 - [TEST_STEP][PASSED] - M4_total_bonus_spins = Integer.toString(M4_total_bonus_spins_int): null

2019-08-23 18:52:25 - [TEST_STEP][PASSED] - M4_total_bonus_spins = M4_total_bonus_spins: null

2019-08-23 18:52:25 - [TEST_STEP][PASSED] - println("M4_total_bonus_spins is:" + M4_total_bonus_spins): null

2019-08-23 18:52:25 - [TEST_STEP][PASSED] - M4_spin_bonus_data = bonus_data: null

2019-08-23 18:52:25 - [TEST_STEP][PASSED] - M4_spin_features_triggered = result_M4_spin: null

2019-08-23 18:52:25 - [TEST_STEP][PASSED] - wild = []: null

2019-08-23 18:52:25 - [TEST_STEP][PASSED] - wild[0] = "WILD_Expanding": null

2019-08-23 18:52:25 - [TEST_STEP][PASSED] - wild[1] = "WILD_Normal": null

2019-08-23 18:52:25 - [TEST_STEP][PASSED] - wild[2] = "WILD_Double": null

2019-08-23 18:52:25 - [TEST_STEP][PASSED] - wild[3] = "WILD_ExtraFG": null

2019-08-23 18:52:25 - [TEST_STEP][PASSED] - wild[4] = "WILD_Triple": null

2019-08-23 18:52:25 - [TEST_STEP][PASSED] - wildList = Arrays.asList(wild): null

2019-08-23 18:52:25 - [TEST_STEP][PASSED] - wildList = wildList: null

2019-08-23 18:52:25 - [TEST_STEP][PASSED] - free_spin_reel_counter = []: null

2019-08-23 18:52:25 - [TEST_STEP][PASSED] - free_spin_reel_counter[0] = 0: null

2019-08-23 18:52:25 - [TEST_STEP][PASSED] - free_spin_reel_counter[1] = 0: null

2019-08-23 18:52:25 - [TEST_STEP][PASSED] - free_spin_reel_counter[2] = 0: null

2019-08-23 18:52:25 - [TEST_STEP][PASSED] - M4_spin_reels = reels: null

2019-08-23 18:52:25 - [TEST_STEP][PASSED] - for ([i = 0, i &lt; M4_spin_reels.size(), (i++)]): null

2019-08-23 18:52:25 - [TEST_STEP][PASSED] - symbols = symbols: null

2019-08-23 18:52:25 - [TEST_STEP][PASSED] - for ([j = 0, j &lt; symbols.size(), (j++)]): null

2019-08-23 18:52:25 - [TEST_STEP][PASSED] - symbol = symbol: null

2019-08-23 18:52:25 - [TEST_STEP][PASSED] - println(symbol): null

2019-08-23 18:52:25 - [TEST_STEP][PASSED] - if (i == 2 &amp;&amp; wildList.indexOf(symbol) != -1): null

2019-08-23 18:52:25 - [TEST_STEP][PASSED] - if (i == 3 &amp;&amp; wildList.indexOf(symbol) != -1): null

2019-08-23 18:52:25 - [TEST_STEP][PASSED] - if (i == 4 &amp;&amp; wildList.indexOf(symbol) != -1): null

2019-08-23 18:52:25 - [TEST_STEP][PASSED] - symbol = symbol: null

2019-08-23 18:52:25 - [TEST_STEP][PASSED] - println(symbol): null

2019-08-23 18:52:25 - [TEST_STEP][PASSED] - if (i == 2 &amp;&amp; wildList.indexOf(symbol) != -1): null

2019-08-23 18:52:25 - [TEST_STEP][PASSED] - if (i == 3 &amp;&amp; wildList.indexOf(symbol) != -1): null

2019-08-23 18:52:25 - [TEST_STEP][PASSED] - if (i == 4 &amp;&amp; wildList.indexOf(symbol) != -1): null

2019-08-23 18:52:25 - [TEST_STEP][PASSED] - symbol = symbol: null

2019-08-23 18:52:25 - [TEST_STEP][PASSED] - println(symbol): null

2019-08-23 18:52:25 - [TEST_STEP][PASSED] - if (i == 2 &amp;&amp; wildList.indexOf(symbol) != -1): null

2019-08-23 18:52:25 - [TEST_STEP][PASSED] - if (i == 3 &amp;&amp; wildList.indexOf(symbol) != -1): null

2019-08-23 18:52:25 - [TEST_STEP][PASSED] - if (i == 4 &amp;&amp; wildList.indexOf(symbol) != -1): null

2019-08-23 18:52:25 - [TEST_STEP][PASSED] - symbols = symbols: null

2019-08-23 18:52:25 - [TEST_STEP][PASSED] - for ([j = 0, j &lt; symbols.size(), (j++)]): null

2019-08-23 18:52:25 - [TEST_STEP][PASSED] - symbol = symbol: null

2019-08-23 18:52:25 - [TEST_STEP][PASSED] - println(symbol): null

2019-08-23 18:52:25 - [TEST_STEP][PASSED] - if (i == 2 &amp;&amp; wildList.indexOf(symbol) != -1): null

2019-08-23 18:52:25 - [TEST_STEP][PASSED] - if (i == 3 &amp;&amp; wildList.indexOf(symbol) != -1): null

2019-08-23 18:52:25 - [TEST_STEP][PASSED] - if (i == 4 &amp;&amp; wildList.indexOf(symbol) != -1): null

2019-08-23 18:52:25 - [TEST_STEP][PASSED] - symbol = symbol: null

2019-08-23 18:52:25 - [TEST_STEP][PASSED] - println(symbol): null

2019-08-23 18:52:25 - [TEST_STEP][PASSED] - if (i == 2 &amp;&amp; wildList.indexOf(symbol) != -1): null

2019-08-23 18:52:25 - [TEST_STEP][PASSED] - if (i == 3 &amp;&amp; wildList.indexOf(symbol) != -1): null

2019-08-23 18:52:25 - [TEST_STEP][PASSED] - if (i == 4 &amp;&amp; wildList.indexOf(symbol) != -1): null

2019-08-23 18:52:25 - [TEST_STEP][PASSED] - symbol = symbol: null

2019-08-23 18:52:25 - [TEST_STEP][PASSED] - println(symbol): null

2019-08-23 18:52:25 - [TEST_STEP][PASSED] - if (i == 2 &amp;&amp; wildList.indexOf(symbol) != -1): null

2019-08-23 18:52:25 - [TEST_STEP][PASSED] - if (i == 3 &amp;&amp; wildList.indexOf(symbol) != -1): null

2019-08-23 18:52:25 - [TEST_STEP][PASSED] - if (i == 4 &amp;&amp; wildList.indexOf(symbol) != -1): null

2019-08-23 18:52:25 - [TEST_STEP][PASSED] - symbols = symbols: null

2019-08-23 18:52:25 - [TEST_STEP][PASSED] - for ([j = 0, j &lt; symbols.size(), (j++)]): null

2019-08-23 18:52:25 - [TEST_STEP][PASSED] - symbol = symbol: null

2019-08-23 18:52:25 - [TEST_STEP][PASSED] - println(symbol): null

2019-08-23 18:52:25 - [TEST_STEP][PASSED] - if (i == 2 &amp;&amp; wildList.indexOf(symbol) != -1): null

2019-08-23 18:52:25 - [TEST_STEP][PASSED] - if (i == 3 &amp;&amp; wildList.indexOf(symbol) != -1): null

2019-08-23 18:52:25 - [TEST_STEP][PASSED] - if (i == 4 &amp;&amp; wildList.indexOf(symbol) != -1): null

2019-08-23 18:52:25 - [TEST_STEP][PASSED] - symbol = symbol: null

2019-08-23 18:52:25 - [TEST_STEP][PASSED] - println(symbol): null

2019-08-23 18:52:25 - [TEST_STEP][PASSED] - if (i == 2 &amp;&amp; wildList.indexOf(symbol) != -1): null

2019-08-23 18:52:25 - [TEST_STEP][PASSED] - if (i == 3 &amp;&amp; wildList.indexOf(symbol) != -1): null

2019-08-23 18:52:25 - [TEST_STEP][PASSED] - if (i == 4 &amp;&amp; wildList.indexOf(symbol) != -1): null

2019-08-23 18:52:25 - [TEST_STEP][PASSED] - symbol = symbol: null

2019-08-23 18:52:25 - [TEST_STEP][PASSED] - println(symbol): null

2019-08-23 18:52:25 - [TEST_STEP][PASSED] - if (i == 2 &amp;&amp; wildList.indexOf(symbol) != -1): null

2019-08-23 18:52:25 - [TEST_STEP][PASSED] - if (i == 3 &amp;&amp; wildList.indexOf(symbol) != -1): null

2019-08-23 18:52:25 - [TEST_STEP][PASSED] - if (i == 4 &amp;&amp; wildList.indexOf(symbol) != -1): null

2019-08-23 18:52:25 - [TEST_STEP][PASSED] - symbols = symbols: null

2019-08-23 18:52:25 - [TEST_STEP][PASSED] - for ([j = 0, j &lt; symbols.size(), (j++)]): null

2019-08-23 18:52:25 - [TEST_STEP][PASSED] - symbol = symbol: null

2019-08-23 18:52:25 - [TEST_STEP][PASSED] - println(symbol): null

2019-08-23 18:52:25 - [TEST_STEP][PASSED] - if (i == 2 &amp;&amp; wildList.indexOf(symbol) != -1): null

2019-08-23 18:52:25 - [TEST_STEP][PASSED] - if (i == 3 &amp;&amp; wildList.indexOf(symbol) != -1): null

2019-08-23 18:52:25 - [TEST_STEP][PASSED] - if (i == 4 &amp;&amp; wildList.indexOf(symbol) != -1): null

2019-08-23 18:52:25 - [TEST_STEP][PASSED] - symbol = symbol: null

2019-08-23 18:52:25 - [TEST_STEP][PASSED] - println(symbol): null

2019-08-23 18:52:25 - [TEST_STEP][PASSED] - if (i == 2 &amp;&amp; wildList.indexOf(symbol) != -1): null

2019-08-23 18:52:25 - [TEST_STEP][PASSED] - if (i == 3 &amp;&amp; wildList.indexOf(symbol) != -1): null

2019-08-23 18:52:25 - [TEST_STEP][PASSED] - if (i == 4 &amp;&amp; wildList.indexOf(symbol) != -1): null

2019-08-23 18:52:25 - [TEST_STEP][PASSED] - symbol = symbol: null

2019-08-23 18:52:25 - [TEST_STEP][PASSED] - println(symbol): null

2019-08-23 18:52:25 - [TEST_STEP][PASSED] - if (i == 2 &amp;&amp; wildList.indexOf(symbol) != -1): null

2019-08-23 18:52:25 - [TEST_STEP][PASSED] - if (i == 3 &amp;&amp; wildList.indexOf(symbol) != -1): null

2019-08-23 18:52:25 - [TEST_STEP][PASSED] - println("wild found on reel 4, adding counter by 1"): null

2019-08-23 18:52:25 - [TEST_STEP][PASSED] - free_spin_reel_counter[1] = free_spin_reel_counter[1] + 1: null

2019-08-23 18:52:25 - [TEST_STEP][PASSED] - if (i == 4 &amp;&amp; wildList.indexOf(symbol) != -1): null

2019-08-23 18:52:25 - [TEST_STEP][PASSED] - symbols = symbols: null

2019-08-23 18:52:25 - [TEST_STEP][PASSED] - for ([j = 0, j &lt; symbols.size(), (j++)]): null

2019-08-23 18:52:25 - [TEST_STEP][PASSED] - symbol = symbol: null

2019-08-23 18:52:25 - [TEST_STEP][PASSED] - println(symbol): null

2019-08-23 18:52:25 - [TEST_STEP][PASSED] - if (i == 2 &amp;&amp; wildList.indexOf(symbol) != -1): null

2019-08-23 18:52:25 - [TEST_STEP][PASSED] - if (i == 3 &amp;&amp; wildList.indexOf(symbol) != -1): null

2019-08-23 18:52:25 - [TEST_STEP][PASSED] - if (i == 4 &amp;&amp; wildList.indexOf(symbol) != -1): null

2019-08-23 18:52:25 - [TEST_STEP][PASSED] - symbol = symbol: null

2019-08-23 18:52:25 - [TEST_STEP][PASSED] - println(symbol): null

2019-08-23 18:52:25 - [TEST_STEP][PASSED] - if (i == 2 &amp;&amp; wildList.indexOf(symbol) != -1): null

2019-08-23 18:52:25 - [TEST_STEP][PASSED] - if (i == 3 &amp;&amp; wildList.indexOf(symbol) != -1): null

2019-08-23 18:52:25 - [TEST_STEP][PASSED] - if (i == 4 &amp;&amp; wildList.indexOf(symbol) != -1): null

2019-08-23 18:52:25 - [TEST_STEP][PASSED] - symbol = symbol: null

2019-08-23 18:52:25 - [TEST_STEP][PASSED] - println(symbol): null

2019-08-23 18:52:25 - [TEST_STEP][PASSED] - if (i == 2 &amp;&amp; wildList.indexOf(symbol) != -1): null

2019-08-23 18:52:25 - [TEST_STEP][PASSED] - if (i == 3 &amp;&amp; wildList.indexOf(symbol) != -1): null

2019-08-23 18:52:25 - [TEST_STEP][PASSED] - if (i == 4 &amp;&amp; wildList.indexOf(symbol) != -1): null

2019-08-23 18:52:25 - [TEST_STEP][PASSED] - free_spin_reel_counter = free_spin_reel_counter: null

2019-08-23 18:52:25 - [TEST_STEP][PASSED] - println("reel 3 wild found: " + free_spin_reel_counter[0]): null

2019-08-23 18:52:25 - [TEST_STEP][PASSED] - println("reel 4 wild found: " + free_spin_reel_counter[1]): null

2019-08-23 18:52:25 - [TEST_STEP][PASSED] - println("reel 5 wild found: " + free_spin_reel_counter[2]): null

2019-08-23 18:52:25 - [TEST_STEP][PASSED] - M4_spin_reels = M4_spin_reels: null

2019-08-23 18:52:25 - [TEST_STEP][PASSED] - M4_spin_reels_symbols = symbol: null

2019-08-23 18:52:25 - [TEST_STEP][PASSED] - M4_spin_reels_symbols = M4_spin_reels_symbols: null

2019-08-23 18:52:25 - [TEST_STEP][PASSED] - M4_spin_reel_wins = reel_wins: null

2019-08-23 18:52:25 - [TEST_STEP][PASSED] - M4_spin_reel_wins = M4_spin_reel_wins: null

2019-08-23 18:52:25 - [TEST_STEP][PASSED] - println("GlobalVariable.M4_spin_reel_wins is: " + M4_spin_reel_wins): null

2019-08-23 18:52:25 - [TEST_STEP][PASSED] - M4_spin_total_bonus_win_this_round = total_bonus_win_this_round: null

2019-08-23 18:52:25 - [TEST_STEP][PASSED] - M4_spin_total_bonus_win_this_round = M4_spin_total_bonus_win_this_round: null

2019-08-23 18:52:25 - [TEST_STEP][PASSED] - println("GlobalVariable.M4_spin_total_bonus_win_this_round is: " + M4_spin_total_bonus_win_this_round): null

2019-08-23 18:52:25 - [TEST_STEP][PASSED] - M4_spin_bonus_spin_result = spin_result: null

2019-08-23 18:52:25 - [TEST_STEP][PASSED] - M4_spin_bonus_spin_result = M4_spin_bonus_spin_result: null

2019-08-23 18:52:25 - [MESSAGE][PASSED] - Verify response successfully

2019-08-23 18:52:25 - [MESSAGE][PASSED] - Send request and verify the response successfully

2019-08-23 18:52:25 - [TEST_STEP][PASSED] - if (free_spin_reel_counter[0] &gt;= 1 &amp;&amp; free_spin_reel_counter[1] &gt;= 1 &amp;&amp; free_spin_reel_counter[2] &gt;= 1): null

2019-08-23 18:52:25 - [TEST_STEP][PASSED] - spin_result = sendRequestAndVerify(findTestObject("INT/RGS(M4)/1_M4_spin", ["M4_login_user_id":M4_login_user_id, "rgs_session_token":rgs_session_token, "partner":Partner])): Send request and verify the response successfully

2019-08-23 18:52:26 - [MESSAGE][INFO] - HAR: /Users/eiralee/Katalon_Script/SuperWild/Reports/20190823_184757/INT/superWild_1/20190823_184757/requests/main/64.har

2019-08-23 18:52:26 - [TEST_CASE][PASSED] - Start Test Case : Verification: Verification accomplished successfully

2019-08-23 18:52:26 - [TEST_STEP][PASSED] - request = getInstance().getCurrentRequest(): null

2019-08-23 18:52:26 - [TEST_STEP][PASSED] - response = getInstance().getCurrentResponse(): null

2019-08-23 18:52:26 - [TEST_STEP][PASSED] - verifyResponseStatusCode(response, 200): Verify response status code successfully

2019-08-23 18:52:26 - [MESSAGE][PASSED] - Verify response status code successfully

2019-08-23 18:52:26 - [TEST_STEP][PASSED] - getStatusCode()).isEqualTo(200): null

2019-08-23 18:52:26 - [TEST_STEP][PASSED] - newline = System.getProperty("line.separator"): null

2019-08-23 18:52:26 - [TEST_STEP][PASSED] - M4_spin = new groovy.json.JsonSlurper(): null

2019-08-23 18:52:26 - [TEST_STEP][PASSED] - result_M4_spin = M4_spin.parseText(response.getResponseBodyContent()): null

2019-08-23 18:52:26 - [TEST_STEP][PASSED] - M4_spin_current_balance = current_balance: null

2019-08-23 18:52:26 - [TEST_STEP][PASSED] - M4_spin_current_balance = M4_spin_current_balance: null

2019-08-23 18:52:26 - [TEST_STEP][PASSED] - M4_spin_transaction_id = causality: null

2019-08-23 18:52:26 - [TEST_STEP][PASSED] - M4_spin_transaction_id = M4_spin_transaction_id: null

2019-08-23 18:52:26 - [TEST_STEP][PASSED] - M4_spin_round_id = round_id: null

2019-08-23 18:52:26 - [TEST_STEP][PASSED] - M4_spin_round_id = M4_spin_round_id: null

2019-08-23 18:52:26 - [TEST_STEP][PASSED] - M4_spin_line_wins = line_wins: null

2019-08-23 18:52:26 - [TEST_STEP][PASSED] - M4_spin_line_wins = M4_spin_line_wins: null

2019-08-23 18:52:26 - [TEST_STEP][PASSED] - M4_total_bonus_spins_int = total_bonus_spins: null

2019-08-23 18:52:26 - [TEST_STEP][PASSED] - println("******M4_total_bonus_spins type is:*******" + newline + getClass().getName()): null

2019-08-23 18:52:26 - [TEST_STEP][PASSED] - M4_total_bonus_spins_int = M4_total_bonus_spins_int: null

2019-08-23 18:52:26 - [TEST_STEP][PASSED] - M4_total_bonus_spins = Integer.toString(M4_total_bonus_spins_int): null

2019-08-23 18:52:26 - [TEST_STEP][PASSED] - M4_total_bonus_spins = M4_total_bonus_spins: null

2019-08-23 18:52:26 - [TEST_STEP][PASSED] - println("M4_total_bonus_spins is:" + M4_total_bonus_spins): null

2019-08-23 18:52:26 - [TEST_STEP][PASSED] - M4_spin_bonus_data = bonus_data: null

2019-08-23 18:52:26 - [TEST_STEP][PASSED] - M4_spin_features_triggered = result_M4_spin: null

2019-08-23 18:52:26 - [TEST_STEP][PASSED] - wild = []: null

2019-08-23 18:52:26 - [TEST_STEP][PASSED] - wild[0] = "WILD_Expanding": null

2019-08-23 18:52:26 - [TEST_STEP][PASSED] - wild[1] = "WILD_Normal": null

2019-08-23 18:52:26 - [TEST_STEP][PASSED] - wild[2] = "WILD_Double": null

2019-08-23 18:52:26 - [TEST_STEP][PASSED] - wild[3] = "WILD_ExtraFG": null

2019-08-23 18:52:26 - [TEST_STEP][PASSED] - wild[4] = "WILD_Triple": null

2019-08-23 18:52:26 - [TEST_STEP][PASSED] - wildList = Arrays.asList(wild): null

2019-08-23 18:52:26 - [TEST_STEP][PASSED] - wildList = wildList: null

2019-08-23 18:52:26 - [TEST_STEP][PASSED] - free_spin_reel_counter = []: null

2019-08-23 18:52:26 - [TEST_STEP][PASSED] - free_spin_reel_counter[0] = 0: null

2019-08-23 18:52:26 - [TEST_STEP][PASSED] - free_spin_reel_counter[1] = 0: null

2019-08-23 18:52:26 - [TEST_STEP][PASSED] - free_spin_reel_counter[2] = 0: null

2019-08-23 18:52:26 - [TEST_STEP][PASSED] - M4_spin_reels = reels: null

2019-08-23 18:52:26 - [TEST_STEP][PASSED] - for ([i = 0, i &lt; M4_spin_reels.size(), (i++)]): null

2019-08-23 18:52:26 - [TEST_STEP][PASSED] - symbols = symbols: null

2019-08-23 18:52:26 - [TEST_STEP][PASSED] - for ([j = 0, j &lt; symbols.size(), (j++)]): null

2019-08-23 18:52:26 - [TEST_STEP][PASSED] - symbol = symbol: null

2019-08-23 18:52:26 - [TEST_STEP][PASSED] - println(symbol): null

2019-08-23 18:52:26 - [TEST_STEP][PASSED] - if (i == 2 &amp;&amp; wildList.indexOf(symbol) != -1): null

2019-08-23 18:52:26 - [TEST_STEP][PASSED] - if (i == 3 &amp;&amp; wildList.indexOf(symbol) != -1): null

2019-08-23 18:52:26 - [TEST_STEP][PASSED] - if (i == 4 &amp;&amp; wildList.indexOf(symbol) != -1): null

2019-08-23 18:52:26 - [TEST_STEP][PASSED] - symbol = symbol: null

2019-08-23 18:52:26 - [TEST_STEP][PASSED] - println(symbol): null

2019-08-23 18:52:26 - [TEST_STEP][PASSED] - if (i == 2 &amp;&amp; wildList.indexOf(symbol) != -1): null

2019-08-23 18:52:26 - [TEST_STEP][PASSED] - if (i == 3 &amp;&amp; wildList.indexOf(symbol) != -1): null

2019-08-23 18:52:26 - [TEST_STEP][PASSED] - if (i == 4 &amp;&amp; wildList.indexOf(symbol) != -1): null

2019-08-23 18:52:26 - [TEST_STEP][PASSED] - symbol = symbol: null

2019-08-23 18:52:26 - [TEST_STEP][PASSED] - println(symbol): null

2019-08-23 18:52:26 - [TEST_STEP][PASSED] - if (i == 2 &amp;&amp; wildList.indexOf(symbol) != -1): null

2019-08-23 18:52:26 - [TEST_STEP][PASSED] - if (i == 3 &amp;&amp; wildList.indexOf(symbol) != -1): null

2019-08-23 18:52:26 - [TEST_STEP][PASSED] - if (i == 4 &amp;&amp; wildList.indexOf(symbol) != -1): null

2019-08-23 18:52:26 - [TEST_STEP][PASSED] - symbols = symbols: null

2019-08-23 18:52:26 - [TEST_STEP][PASSED] - for ([j = 0, j &lt; symbols.size(), (j++)]): null

2019-08-23 18:52:26 - [TEST_STEP][PASSED] - symbol = symbol: null

2019-08-23 18:52:26 - [TEST_STEP][PASSED] - println(symbol): null

2019-08-23 18:52:26 - [TEST_STEP][PASSED] - if (i == 2 &amp;&amp; wildList.indexOf(symbol) != -1): null

2019-08-23 18:52:26 - [TEST_STEP][PASSED] - if (i == 3 &amp;&amp; wildList.indexOf(symbol) != -1): null

2019-08-23 18:52:26 - [TEST_STEP][PASSED] - if (i == 4 &amp;&amp; wildList.indexOf(symbol) != -1): null

2019-08-23 18:52:26 - [TEST_STEP][PASSED] - symbol = symbol: null

2019-08-23 18:52:26 - [TEST_STEP][PASSED] - println(symbol): null

2019-08-23 18:52:26 - [TEST_STEP][PASSED] - if (i == 2 &amp;&amp; wildList.indexOf(symbol) != -1): null

2019-08-23 18:52:26 - [TEST_STEP][PASSED] - if (i == 3 &amp;&amp; wildList.indexOf(symbol) != -1): null

2019-08-23 18:52:26 - [TEST_STEP][PASSED] - if (i == 4 &amp;&amp; wildList.indexOf(symbol) != -1): null

2019-08-23 18:52:26 - [TEST_STEP][PASSED] - symbol = symbol: null

2019-08-23 18:52:26 - [TEST_STEP][PASSED] - println(symbol): null

2019-08-23 18:52:26 - [TEST_STEP][PASSED] - if (i == 2 &amp;&amp; wildList.indexOf(symbol) != -1): null

2019-08-23 18:52:26 - [TEST_STEP][PASSED] - if (i == 3 &amp;&amp; wildList.indexOf(symbol) != -1): null

2019-08-23 18:52:26 - [TEST_STEP][PASSED] - if (i == 4 &amp;&amp; wildList.indexOf(symbol) != -1): null

2019-08-23 18:52:26 - [TEST_STEP][PASSED] - symbols = symbols: null

2019-08-23 18:52:26 - [TEST_STEP][PASSED] - for ([j = 0, j &lt; symbols.size(), (j++)]): null

2019-08-23 18:52:26 - [TEST_STEP][PASSED] - symbol = symbol: null

2019-08-23 18:52:26 - [TEST_STEP][PASSED] - println(symbol): null

2019-08-23 18:52:26 - [TEST_STEP][PASSED] - if (i == 2 &amp;&amp; wildList.indexOf(symbol) != -1): null

2019-08-23 18:52:26 - [TEST_STEP][PASSED] - if (i == 3 &amp;&amp; wildList.indexOf(symbol) != -1): null

2019-08-23 18:52:26 - [TEST_STEP][PASSED] - if (i == 4 &amp;&amp; wildList.indexOf(symbol) != -1): null

2019-08-23 18:52:26 - [TEST_STEP][PASSED] - symbol = symbol: null

2019-08-23 18:52:26 - [TEST_STEP][PASSED] - println(symbol): null

2019-08-23 18:52:26 - [TEST_STEP][PASSED] - if (i == 2 &amp;&amp; wildList.indexOf(symbol) != -1): null

2019-08-23 18:52:26 - [TEST_STEP][PASSED] - if (i == 3 &amp;&amp; wildList.indexOf(symbol) != -1): null

2019-08-23 18:52:26 - [TEST_STEP][PASSED] - if (i == 4 &amp;&amp; wildList.indexOf(symbol) != -1): null

2019-08-23 18:52:26 - [TEST_STEP][PASSED] - symbol = symbol: null

2019-08-23 18:52:26 - [TEST_STEP][PASSED] - println(symbol): null

2019-08-23 18:52:26 - [TEST_STEP][PASSED] - if (i == 2 &amp;&amp; wildList.indexOf(symbol) != -1): null

2019-08-23 18:52:26 - [TEST_STEP][PASSED] - if (i == 3 &amp;&amp; wildList.indexOf(symbol) != -1): null

2019-08-23 18:52:26 - [TEST_STEP][PASSED] - if (i == 4 &amp;&amp; wildList.indexOf(symbol) != -1): null

2019-08-23 18:52:26 - [TEST_STEP][PASSED] - symbols = symbols: null

2019-08-23 18:52:26 - [TEST_STEP][PASSED] - for ([j = 0, j &lt; symbols.size(), (j++)]): null

2019-08-23 18:52:26 - [TEST_STEP][PASSED] - symbol = symbol: null

2019-08-23 18:52:26 - [TEST_STEP][PASSED] - println(symbol): null

2019-08-23 18:52:26 - [TEST_STEP][PASSED] - if (i == 2 &amp;&amp; wildList.indexOf(symbol) != -1): null

2019-08-23 18:52:26 - [TEST_STEP][PASSED] - if (i == 3 &amp;&amp; wildList.indexOf(symbol) != -1): null

2019-08-23 18:52:26 - [TEST_STEP][PASSED] - if (i == 4 &amp;&amp; wildList.indexOf(symbol) != -1): null

2019-08-23 18:52:26 - [TEST_STEP][PASSED] - symbol = symbol: null

2019-08-23 18:52:26 - [TEST_STEP][PASSED] - println(symbol): null

2019-08-23 18:52:26 - [TEST_STEP][PASSED] - if (i == 2 &amp;&amp; wildList.indexOf(symbol) != -1): null

2019-08-23 18:52:26 - [TEST_STEP][PASSED] - if (i == 3 &amp;&amp; wildList.indexOf(symbol) != -1): null

2019-08-23 18:52:26 - [TEST_STEP][PASSED] - if (i == 4 &amp;&amp; wildList.indexOf(symbol) != -1): null

2019-08-23 18:52:26 - [TEST_STEP][PASSED] - symbol = symbol: null

2019-08-23 18:52:26 - [TEST_STEP][PASSED] - println(symbol): null

2019-08-23 18:52:26 - [TEST_STEP][PASSED] - if (i == 2 &amp;&amp; wildList.indexOf(symbol) != -1): null

2019-08-23 18:52:26 - [TEST_STEP][PASSED] - if (i == 3 &amp;&amp; wildList.indexOf(symbol) != -1): null

2019-08-23 18:52:26 - [TEST_STEP][PASSED] - if (i == 4 &amp;&amp; wildList.indexOf(symbol) != -1): null

2019-08-23 18:52:26 - [TEST_STEP][PASSED] - symbols = symbols: null

2019-08-23 18:52:26 - [TEST_STEP][PASSED] - for ([j = 0, j &lt; symbols.size(), (j++)]): null

2019-08-23 18:52:26 - [TEST_STEP][PASSED] - symbol = symbol: null

2019-08-23 18:52:26 - [TEST_STEP][PASSED] - println(symbol): null

2019-08-23 18:52:26 - [TEST_STEP][PASSED] - if (i == 2 &amp;&amp; wildList.indexOf(symbol) != -1): null

2019-08-23 18:52:26 - [TEST_STEP][PASSED] - if (i == 3 &amp;&amp; wildList.indexOf(symbol) != -1): null

2019-08-23 18:52:26 - [TEST_STEP][PASSED] - if (i == 4 &amp;&amp; wildList.indexOf(symbol) != -1): null

2019-08-23 18:52:26 - [TEST_STEP][PASSED] - symbol = symbol: null

2019-08-23 18:52:26 - [TEST_STEP][PASSED] - println(symbol): null

2019-08-23 18:52:26 - [TEST_STEP][PASSED] - if (i == 2 &amp;&amp; wildList.indexOf(symbol) != -1): null

2019-08-23 18:52:26 - [TEST_STEP][PASSED] - if (i == 3 &amp;&amp; wildList.indexOf(symbol) != -1): null

2019-08-23 18:52:26 - [TEST_STEP][PASSED] - if (i == 4 &amp;&amp; wildList.indexOf(symbol) != -1): null

2019-08-23 18:52:26 - [TEST_STEP][PASSED] - symbol = symbol: null

2019-08-23 18:52:26 - [TEST_STEP][PASSED] - println(symbol): null

2019-08-23 18:52:26 - [TEST_STEP][PASSED] - if (i == 2 &amp;&amp; wildList.indexOf(symbol) != -1): null

2019-08-23 18:52:26 - [TEST_STEP][PASSED] - if (i == 3 &amp;&amp; wildList.indexOf(symbol) != -1): null

2019-08-23 18:52:26 - [TEST_STEP][PASSED] - if (i == 4 &amp;&amp; wildList.indexOf(symbol) != -1): null

2019-08-23 18:52:26 - [TEST_STEP][PASSED] - free_spin_reel_counter = free_spin_reel_counter: null

2019-08-23 18:52:26 - [TEST_STEP][PASSED] - println("reel 3 wild found: " + free_spin_reel_counter[0]): null

2019-08-23 18:52:26 - [TEST_STEP][PASSED] - println("reel 4 wild found: " + free_spin_reel_counter[1]): null

2019-08-23 18:52:26 - [TEST_STEP][PASSED] - println("reel 5 wild found: " + free_spin_reel_counter[2]): null

2019-08-23 18:52:26 - [TEST_STEP][PASSED] - M4_spin_reels = M4_spin_reels: null

2019-08-23 18:52:26 - [TEST_STEP][PASSED] - M4_spin_reels_symbols = symbol: null

2019-08-23 18:52:26 - [TEST_STEP][PASSED] - M4_spin_reels_symbols = M4_spin_reels_symbols: null

2019-08-23 18:52:26 - [TEST_STEP][PASSED] - M4_spin_reel_wins = reel_wins: null

2019-08-23 18:52:26 - [TEST_STEP][PASSED] - M4_spin_reel_wins = M4_spin_reel_wins: null

2019-08-23 18:52:26 - [TEST_STEP][PASSED] - println("GlobalVariable.M4_spin_reel_wins is: " + M4_spin_reel_wins): null

2019-08-23 18:52:26 - [TEST_STEP][PASSED] - M4_spin_total_bonus_win_this_round = total_bonus_win_this_round: null

2019-08-23 18:52:26 - [TEST_STEP][PASSED] - M4_spin_total_bonus_win_this_round = M4_spin_total_bonus_win_this_round: null

2019-08-23 18:52:26 - [TEST_STEP][PASSED] - println("GlobalVariable.M4_spin_total_bonus_win_this_round is: " + M4_spin_total_bonus_win_this_round): null

2019-08-23 18:52:26 - [TEST_STEP][PASSED] - M4_spin_bonus_spin_result = spin_result: null

2019-08-23 18:52:26 - [TEST_STEP][PASSED] - M4_spin_bonus_spin_result = M4_spin_bonus_spin_result: null

2019-08-23 18:52:26 - [MESSAGE][PASSED] - Verify response successfully

2019-08-23 18:52:26 - [MESSAGE][PASSED] - Send request and verify the response successfully

2019-08-23 18:52:26 - [TEST_STEP][PASSED] - if (free_spin_reel_counter[0] &gt;= 1 &amp;&amp; free_spin_reel_counter[1] &gt;= 1 &amp;&amp; free_spin_reel_counter[2] &gt;= 1): null

2019-08-23 18:52:26 - [TEST_STEP][PASSED] - spin_result = sendRequestAndVerify(findTestObject("INT/RGS(M4)/1_M4_spin", ["M4_login_user_id":M4_login_user_id, "rgs_session_token":rgs_session_token, "partner":Partner])): Send request and verify the response successfully

2019-08-23 18:52:26 - [MESSAGE][INFO] - HAR: /Users/eiralee/Katalon_Script/SuperWild/Reports/20190823_184757/INT/superWild_1/20190823_184757/requests/main/65.har

2019-08-23 18:52:26 - [TEST_CASE][PASSED] - Start Test Case : Verification: Verification accomplished successfully

2019-08-23 18:52:26 - [TEST_STEP][PASSED] - request = getInstance().getCurrentRequest(): null

2019-08-23 18:52:27 - [TEST_STEP][PASSED] - response = getInstance().getCurrentResponse(): null

2019-08-23 18:52:27 - [TEST_STEP][PASSED] - verifyResponseStatusCode(response, 200): Verify response status code successfully

2019-08-23 18:52:27 - [MESSAGE][PASSED] - Verify response status code successfully

2019-08-23 18:52:27 - [TEST_STEP][PASSED] - getStatusCode()).isEqualTo(200): null

2019-08-23 18:52:27 - [TEST_STEP][PASSED] - newline = System.getProperty("line.separator"): null

2019-08-23 18:52:27 - [TEST_STEP][PASSED] - M4_spin = new groovy.json.JsonSlurper(): null

2019-08-23 18:52:27 - [TEST_STEP][PASSED] - result_M4_spin = M4_spin.parseText(response.getResponseBodyContent()): null

2019-08-23 18:52:27 - [TEST_STEP][PASSED] - M4_spin_current_balance = current_balance: null

2019-08-23 18:52:27 - [TEST_STEP][PASSED] - M4_spin_current_balance = M4_spin_current_balance: null

2019-08-23 18:52:27 - [TEST_STEP][PASSED] - M4_spin_transaction_id = causality: null

2019-08-23 18:52:27 - [TEST_STEP][PASSED] - M4_spin_transaction_id = M4_spin_transaction_id: null

2019-08-23 18:52:27 - [TEST_STEP][PASSED] - M4_spin_round_id = round_id: null

2019-08-23 18:52:27 - [TEST_STEP][PASSED] - M4_spin_round_id = M4_spin_round_id: null

2019-08-23 18:52:27 - [TEST_STEP][PASSED] - M4_spin_line_wins = line_wins: null

2019-08-23 18:52:27 - [TEST_STEP][PASSED] - M4_spin_line_wins = M4_spin_line_wins: null

2019-08-23 18:52:27 - [TEST_STEP][PASSED] - M4_total_bonus_spins_int = total_bonus_spins: null

2019-08-23 18:52:27 - [TEST_STEP][PASSED] - println("******M4_total_bonus_spins type is:*******" + newline + getClass().getName()): null

2019-08-23 18:52:27 - [TEST_STEP][PASSED] - M4_total_bonus_spins_int = M4_total_bonus_spins_int: null

2019-08-23 18:52:27 - [TEST_STEP][PASSED] - M4_total_bonus_spins = Integer.toString(M4_total_bonus_spins_int): null

2019-08-23 18:52:27 - [TEST_STEP][PASSED] - M4_total_bonus_spins = M4_total_bonus_spins: null

2019-08-23 18:52:27 - [TEST_STEP][PASSED] - println("M4_total_bonus_spins is:" + M4_total_bonus_spins): null

2019-08-23 18:52:27 - [TEST_STEP][PASSED] - M4_spin_bonus_data = bonus_data: null

2019-08-23 18:52:27 - [TEST_STEP][PASSED] - M4_spin_features_triggered = result_M4_spin: null

2019-08-23 18:52:27 - [TEST_STEP][PASSED] - wild = []: null

2019-08-23 18:52:27 - [TEST_STEP][PASSED] - wild[0] = "WILD_Expanding": null

2019-08-23 18:52:27 - [TEST_STEP][PASSED] - wild[1] = "WILD_Normal": null

2019-08-23 18:52:27 - [TEST_STEP][PASSED] - wild[2] = "WILD_Double": null

2019-08-23 18:52:28 - [TEST_STEP][PASSED] - wild[3] = "WILD_ExtraFG": null

2019-08-23 18:52:28 - [TEST_STEP][PASSED] - wild[4] = "WILD_Triple": null

2019-08-23 18:52:28 - [TEST_STEP][PASSED] - wildList = Arrays.asList(wild): null

2019-08-23 18:52:28 - [TEST_STEP][PASSED] - wildList = wildList: null

2019-08-23 18:52:28 - [TEST_STEP][PASSED] - free_spin_reel_counter = []: null

2019-08-23 18:52:28 - [TEST_STEP][PASSED] - free_spin_reel_counter[0] = 0: null

2019-08-23 18:52:28 - [TEST_STEP][PASSED] - free_spin_reel_counter[1] = 0: null

2019-08-23 18:52:28 - [TEST_STEP][PASSED] - free_spin_reel_counter[2] = 0: null

2019-08-23 18:52:28 - [TEST_STEP][PASSED] - M4_spin_reels = reels: null

2019-08-23 18:52:28 - [TEST_STEP][PASSED] - for ([i = 0, i &lt; M4_spin_reels.size(), (i++)]): null

2019-08-23 18:52:28 - [TEST_STEP][PASSED] - symbols = symbols: null

2019-08-23 18:52:28 - [TEST_STEP][PASSED] - for ([j = 0, j &lt; symbols.size(), (j++)]): null

2019-08-23 18:52:28 - [TEST_STEP][PASSED] - symbol = symbol: null

2019-08-23 18:52:28 - [TEST_STEP][PASSED] - println(symbol): null

2019-08-23 18:52:28 - [TEST_STEP][PASSED] - if (i == 2 &amp;&amp; wildList.indexOf(symbol) != -1): null

2019-08-23 18:52:28 - [TEST_STEP][PASSED] - if (i == 3 &amp;&amp; wildList.indexOf(symbol) != -1): null

2019-08-23 18:52:28 - [TEST_STEP][PASSED] - if (i == 4 &amp;&amp; wildList.indexOf(symbol) != -1): null

2019-08-23 18:52:28 - [TEST_STEP][PASSED] - symbol = symbol: null

2019-08-23 18:52:28 - [TEST_STEP][PASSED] - println(symbol): null

2019-08-23 18:52:28 - [TEST_STEP][PASSED] - if (i == 2 &amp;&amp; wildList.indexOf(symbol) != -1): null

2019-08-23 18:52:28 - [TEST_STEP][PASSED] - if (i == 3 &amp;&amp; wildList.indexOf(symbol) != -1): null

2019-08-23 18:52:28 - [TEST_STEP][PASSED] - if (i == 4 &amp;&amp; wildList.indexOf(symbol) != -1): null

2019-08-23 18:52:28 - [TEST_STEP][PASSED] - symbol = symbol: null

2019-08-23 18:52:28 - [TEST_STEP][PASSED] - println(symbol): null

2019-08-23 18:52:28 - [TEST_STEP][PASSED] - if (i == 2 &amp;&amp; wildList.indexOf(symbol) != -1): null

2019-08-23 18:52:28 - [TEST_STEP][PASSED] - if (i == 3 &amp;&amp; wildList.indexOf(symbol) != -1): null

2019-08-23 18:52:28 - [TEST_STEP][PASSED] - if (i == 4 &amp;&amp; wildList.indexOf(symbol) != -1): null

2019-08-23 18:52:28 - [TEST_STEP][PASSED] - symbols = symbols: null

2019-08-23 18:52:28 - [TEST_STEP][PASSED] - for ([j = 0, j &lt; symbols.size(), (j++)]): null

2019-08-23 18:52:28 - [TEST_STEP][PASSED] - symbol = symbol: null

2019-08-23 18:52:28 - [TEST_STEP][PASSED] - println(symbol): null

2019-08-23 18:52:28 - [TEST_STEP][PASSED] - if (i == 2 &amp;&amp; wildList.indexOf(symbol) != -1): null

2019-08-23 18:52:28 - [TEST_STEP][PASSED] - if (i == 3 &amp;&amp; wildList.indexOf(symbol) != -1): null

2019-08-23 18:52:28 - [TEST_STEP][PASSED] - if (i == 4 &amp;&amp; wildList.indexOf(symbol) != -1): null

2019-08-23 18:52:28 - [TEST_STEP][PASSED] - symbol = symbol: null

2019-08-23 18:52:28 - [TEST_STEP][PASSED] - println(symbol): null

2019-08-23 18:52:28 - [TEST_STEP][PASSED] - if (i == 2 &amp;&amp; wildList.indexOf(symbol) != -1): null

2019-08-23 18:52:28 - [TEST_STEP][PASSED] - if (i == 3 &amp;&amp; wildList.indexOf(symbol) != -1): null

2019-08-23 18:52:28 - [TEST_STEP][PASSED] - if (i == 4 &amp;&amp; wildList.indexOf(symbol) != -1): null

2019-08-23 18:52:28 - [TEST_STEP][PASSED] - symbol = symbol: null

2019-08-23 18:52:28 - [TEST_STEP][PASSED] - println(symbol): null

2019-08-23 18:52:28 - [TEST_STEP][PASSED] - if (i == 2 &amp;&amp; wildList.indexOf(symbol) != -1): null

2019-08-23 18:52:28 - [TEST_STEP][PASSED] - if (i == 3 &amp;&amp; wildList.indexOf(symbol) != -1): null

2019-08-23 18:52:28 - [TEST_STEP][PASSED] - if (i == 4 &amp;&amp; wildList.indexOf(symbol) != -1): null

2019-08-23 18:52:28 - [TEST_STEP][PASSED] - symbols = symbols: null

2019-08-23 18:52:28 - [TEST_STEP][PASSED] - for ([j = 0, j &lt; symbols.size(), (j++)]): null

2019-08-23 18:52:28 - [TEST_STEP][PASSED] - symbol = symbol: null

2019-08-23 18:52:28 - [TEST_STEP][PASSED] - println(symbol): null

2019-08-23 18:52:28 - [TEST_STEP][PASSED] - if (i == 2 &amp;&amp; wildList.indexOf(symbol) != -1): null

2019-08-23 18:52:28 - [TEST_STEP][PASSED] - if (i == 3 &amp;&amp; wildList.indexOf(symbol) != -1): null

2019-08-23 18:52:28 - [TEST_STEP][PASSED] - if (i == 4 &amp;&amp; wildList.indexOf(symbol) != -1): null

2019-08-23 18:52:28 - [TEST_STEP][PASSED] - symbol = symbol: null

2019-08-23 18:52:28 - [TEST_STEP][PASSED] - println(symbol): null

2019-08-23 18:52:28 - [TEST_STEP][PASSED] - if (i == 2 &amp;&amp; wildList.indexOf(symbol) != -1): null

2019-08-23 18:52:28 - [TEST_STEP][PASSED] - if (i == 3 &amp;&amp; wildList.indexOf(symbol) != -1): null

2019-08-23 18:52:28 - [TEST_STEP][PASSED] - if (i == 4 &amp;&amp; wildList.indexOf(symbol) != -1): null

2019-08-23 18:52:28 - [TEST_STEP][PASSED] - symbol = symbol: null

2019-08-23 18:52:28 - [TEST_STEP][PASSED] - println(symbol): null

2019-08-23 18:52:28 - [TEST_STEP][PASSED] - if (i == 2 &amp;&amp; wildList.indexOf(symbol) != -1): null

2019-08-23 18:52:28 - [TEST_STEP][PASSED] - if (i == 3 &amp;&amp; wildList.indexOf(symbol) != -1): null

2019-08-23 18:52:28 - [TEST_STEP][PASSED] - if (i == 4 &amp;&amp; wildList.indexOf(symbol) != -1): null

2019-08-23 18:52:28 - [TEST_STEP][PASSED] - symbols = symbols: null

2019-08-23 18:52:28 - [TEST_STEP][PASSED] - for ([j = 0, j &lt; symbols.size(), (j++)]): null

2019-08-23 18:52:28 - [TEST_STEP][PASSED] - symbol = symbol: null

2019-08-23 18:52:28 - [TEST_STEP][PASSED] - println(symbol): null

2019-08-23 18:52:28 - [TEST_STEP][PASSED] - if (i == 2 &amp;&amp; wildList.indexOf(symbol) != -1): null

2019-08-23 18:52:28 - [TEST_STEP][PASSED] - if (i == 3 &amp;&amp; wildList.indexOf(symbol) != -1): null

2019-08-23 18:52:28 - [TEST_STEP][PASSED] - if (i == 4 &amp;&amp; wildList.indexOf(symbol) != -1): null

2019-08-23 18:52:28 - [TEST_STEP][PASSED] - symbol = symbol: null

2019-08-23 18:52:28 - [TEST_STEP][PASSED] - println(symbol): null

2019-08-23 18:52:28 - [TEST_STEP][PASSED] - if (i == 2 &amp;&amp; wildList.indexOf(symbol) != -1): null

2019-08-23 18:52:28 - [TEST_STEP][PASSED] - if (i == 3 &amp;&amp; wildList.indexOf(symbol) != -1): null

2019-08-23 18:52:28 - [TEST_STEP][PASSED] - if (i == 4 &amp;&amp; wildList.indexOf(symbol) != -1): null

2019-08-23 18:52:28 - [TEST_STEP][PASSED] - symbol = symbol: null

2019-08-23 18:52:28 - [TEST_STEP][PASSED] - println(symbol): null

2019-08-23 18:52:28 - [TEST_STEP][PASSED] - if (i == 2 &amp;&amp; wildList.indexOf(symbol) != -1): null

2019-08-23 18:52:28 - [TEST_STEP][PASSED] - if (i == 3 &amp;&amp; wildList.indexOf(symbol) != -1): null

2019-08-23 18:52:28 - [TEST_STEP][PASSED] - if (i == 4 &amp;&amp; wildList.indexOf(symbol) != -1): null

2019-08-23 18:52:28 - [TEST_STEP][PASSED] - symbols = symbols: null

2019-08-23 18:52:28 - [TEST_STEP][PASSED] - for ([j = 0, j &lt; symbols.size(), (j++)]): null

2019-08-23 18:52:28 - [TEST_STEP][PASSED] - symbol = symbol: null

2019-08-23 18:52:28 - [TEST_STEP][PASSED] - println(symbol): null

2019-08-23 18:52:28 - [TEST_STEP][PASSED] - if (i == 2 &amp;&amp; wildList.indexOf(symbol) != -1): null

2019-08-23 18:52:28 - [TEST_STEP][PASSED] - if (i == 3 &amp;&amp; wildList.indexOf(symbol) != -1): null

2019-08-23 18:52:28 - [TEST_STEP][PASSED] - if (i == 4 &amp;&amp; wildList.indexOf(symbol) != -1): null

2019-08-23 18:52:28 - [TEST_STEP][PASSED] - symbol = symbol: null

2019-08-23 18:52:28 - [TEST_STEP][PASSED] - println(symbol): null

2019-08-23 18:52:28 - [TEST_STEP][PASSED] - if (i == 2 &amp;&amp; wildList.indexOf(symbol) != -1): null

2019-08-23 18:52:28 - [TEST_STEP][PASSED] - if (i == 3 &amp;&amp; wildList.indexOf(symbol) != -1): null

2019-08-23 18:52:28 - [TEST_STEP][PASSED] - if (i == 4 &amp;&amp; wildList.indexOf(symbol) != -1): null

2019-08-23 18:52:28 - [TEST_STEP][PASSED] - symbol = symbol: null

2019-08-23 18:52:28 - [TEST_STEP][PASSED] - println(symbol): null

2019-08-23 18:52:28 - [TEST_STEP][PASSED] - if (i == 2 &amp;&amp; wildList.indexOf(symbol) != -1): null

2019-08-23 18:52:28 - [TEST_STEP][PASSED] - if (i == 3 &amp;&amp; wildList.indexOf(symbol) != -1): null

2019-08-23 18:52:28 - [TEST_STEP][PASSED] - if (i == 4 &amp;&amp; wildList.indexOf(symbol) != -1): null

2019-08-23 18:52:28 - [TEST_STEP][PASSED] - free_spin_reel_counter = free_spin_reel_counter: null

2019-08-23 18:52:28 - [TEST_STEP][PASSED] - println("reel 3 wild found: " + free_spin_reel_counter[0]): null

2019-08-23 18:52:28 - [TEST_STEP][PASSED] - println("reel 4 wild found: " + free_spin_reel_counter[1]): null

2019-08-23 18:52:28 - [TEST_STEP][PASSED] - println("reel 5 wild found: " + free_spin_reel_counter[2]): null

2019-08-23 18:52:28 - [TEST_STEP][PASSED] - M4_spin_reels = M4_spin_reels: null

2019-08-23 18:52:28 - [TEST_STEP][PASSED] - M4_spin_reels_symbols = symbol: null

2019-08-23 18:52:28 - [TEST_STEP][PASSED] - M4_spin_reels_symbols = M4_spin_reels_symbols: null

2019-08-23 18:52:28 - [TEST_STEP][PASSED] - M4_spin_reel_wins = reel_wins: null

2019-08-23 18:52:28 - [TEST_STEP][PASSED] - M4_spin_reel_wins = M4_spin_reel_wins: null

2019-08-23 18:52:28 - [TEST_STEP][PASSED] - println("GlobalVariable.M4_spin_reel_wins is: " + M4_spin_reel_wins): null

2019-08-23 18:52:28 - [TEST_STEP][PASSED] - M4_spin_total_bonus_win_this_round = total_bonus_win_this_round: null

2019-08-23 18:52:28 - [TEST_STEP][PASSED] - M4_spin_total_bonus_win_this_round = M4_spin_total_bonus_win_this_round: null

2019-08-23 18:52:28 - [TEST_STEP][PASSED] - println("GlobalVariable.M4_spin_total_bonus_win_this_round is: " + M4_spin_total_bonus_win_this_round): null

2019-08-23 18:52:28 - [TEST_STEP][PASSED] - M4_spin_bonus_spin_result = spin_result: null

2019-08-23 18:52:28 - [TEST_STEP][PASSED] - M4_spin_bonus_spin_result = M4_spin_bonus_spin_result: null

2019-08-23 18:52:28 - [MESSAGE][PASSED] - Verify response successfully

2019-08-23 18:52:28 - [MESSAGE][PASSED] - Send request and verify the response successfully

2019-08-23 18:52:28 - [TEST_STEP][PASSED] - if (free_spin_reel_counter[0] &gt;= 1 &amp;&amp; free_spin_reel_counter[1] &gt;= 1 &amp;&amp; free_spin_reel_counter[2] &gt;= 1): null

2019-08-23 18:52:28 - [TEST_STEP][PASSED] - spin_result = sendRequestAndVerify(findTestObject("INT/RGS(M4)/1_M4_spin", ["M4_login_user_id":M4_login_user_id, "rgs_session_token":rgs_session_token, "partner":Partner])): Send request and verify the response successfully

2019-08-23 18:52:29 - [MESSAGE][INFO] - HAR: /Users/eiralee/Katalon_Script/SuperWild/Reports/20190823_184757/INT/superWild_1/20190823_184757/requests/main/66.har

2019-08-23 18:52:29 - [TEST_CASE][PASSED] - Start Test Case : Verification: Verification accomplished successfully

2019-08-23 18:52:29 - [TEST_STEP][PASSED] - request = getInstance().getCurrentRequest(): null

2019-08-23 18:52:29 - [TEST_STEP][PASSED] - response = getInstance().getCurrentResponse(): null

2019-08-23 18:52:29 - [TEST_STEP][PASSED] - verifyResponseStatusCode(response, 200): Verify response status code successfully

2019-08-23 18:52:29 - [MESSAGE][PASSED] - Verify response status code successfully

2019-08-23 18:52:29 - [TEST_STEP][PASSED] - getStatusCode()).isEqualTo(200): null

2019-08-23 18:52:29 - [TEST_STEP][PASSED] - newline = System.getProperty("line.separator"): null

2019-08-23 18:52:29 - [TEST_STEP][PASSED] - M4_spin = new groovy.json.JsonSlurper(): null

2019-08-23 18:52:29 - [TEST_STEP][PASSED] - result_M4_spin = M4_spin.parseText(response.getResponseBodyContent()): null

2019-08-23 18:52:29 - [TEST_STEP][PASSED] - M4_spin_current_balance = current_balance: null

2019-08-23 18:52:29 - [TEST_STEP][PASSED] - M4_spin_current_balance = M4_spin_current_balance: null

2019-08-23 18:52:29 - [TEST_STEP][PASSED] - M4_spin_transaction_id = causality: null

2019-08-23 18:52:29 - [TEST_STEP][PASSED] - M4_spin_transaction_id = M4_spin_transaction_id: null

2019-08-23 18:52:29 - [TEST_STEP][PASSED] - M4_spin_round_id = round_id: null

2019-08-23 18:52:29 - [TEST_STEP][PASSED] - M4_spin_round_id = M4_spin_round_id: null

2019-08-23 18:52:29 - [TEST_STEP][PASSED] - M4_spin_line_wins = line_wins: null

2019-08-23 18:52:29 - [TEST_STEP][PASSED] - M4_spin_line_wins = M4_spin_line_wins: null

2019-08-23 18:52:29 - [TEST_STEP][PASSED] - M4_total_bonus_spins_int = total_bonus_spins: null

2019-08-23 18:52:29 - [TEST_STEP][PASSED] - println("******M4_total_bonus_spins type is:*******" + newline + getClass().getName()): null

2019-08-23 18:52:29 - [TEST_STEP][PASSED] - M4_total_bonus_spins_int = M4_total_bonus_spins_int: null

2019-08-23 18:52:29 - [TEST_STEP][PASSED] - M4_total_bonus_spins = Integer.toString(M4_total_bonus_spins_int): null

2019-08-23 18:52:29 - [TEST_STEP][PASSED] - M4_total_bonus_spins = M4_total_bonus_spins: null

2019-08-23 18:52:29 - [TEST_STEP][PASSED] - println("M4_total_bonus_spins is:" + M4_total_bonus_spins): null

2019-08-23 18:52:29 - [TEST_STEP][PASSED] - M4_spin_bonus_data = bonus_data: null

2019-08-23 18:52:29 - [TEST_STEP][PASSED] - M4_spin_features_triggered = result_M4_spin: null

2019-08-23 18:52:29 - [TEST_STEP][PASSED] - wild = []: null

2019-08-23 18:52:29 - [TEST_STEP][PASSED] - wild[0] = "WILD_Expanding": null

2019-08-23 18:52:29 - [TEST_STEP][PASSED] - wild[1] = "WILD_Normal": null

2019-08-23 18:52:29 - [TEST_STEP][PASSED] - wild[2] = "WILD_Double": null

2019-08-23 18:52:29 - [TEST_STEP][PASSED] - wild[3] = "WILD_ExtraFG": null

2019-08-23 18:52:29 - [TEST_STEP][PASSED] - wild[4] = "WILD_Triple": null

2019-08-23 18:52:29 - [TEST_STEP][PASSED] - wildList = Arrays.asList(wild): null

2019-08-23 18:52:29 - [TEST_STEP][PASSED] - wildList = wildList: null

2019-08-23 18:52:29 - [TEST_STEP][PASSED] - free_spin_reel_counter = []: null

2019-08-23 18:52:29 - [TEST_STEP][PASSED] - free_spin_reel_counter[0] = 0: null

2019-08-23 18:52:29 - [TEST_STEP][PASSED] - free_spin_reel_counter[1] = 0: null

2019-08-23 18:52:29 - [TEST_STEP][PASSED] - free_spin_reel_counter[2] = 0: null

2019-08-23 18:52:29 - [TEST_STEP][PASSED] - M4_spin_reels = reels: null

2019-08-23 18:52:29 - [TEST_STEP][PASSED] - for ([i = 0, i &lt; M4_spin_reels.size(), (i++)]): null

2019-08-23 18:52:29 - [TEST_STEP][PASSED] - symbols = symbols: null

2019-08-23 18:52:29 - [TEST_STEP][PASSED] - for ([j = 0, j &lt; symbols.size(), (j++)]): null

2019-08-23 18:52:29 - [TEST_STEP][PASSED] - symbol = symbol: null

2019-08-23 18:52:29 - [TEST_STEP][PASSED] - println(symbol): null

2019-08-23 18:52:29 - [TEST_STEP][PASSED] - if (i == 2 &amp;&amp; wildList.indexOf(symbol) != -1): null

2019-08-23 18:52:29 - [TEST_STEP][PASSED] - if (i == 3 &amp;&amp; wildList.indexOf(symbol) != -1): null

2019-08-23 18:52:29 - [TEST_STEP][PASSED] - if (i == 4 &amp;&amp; wildList.indexOf(symbol) != -1): null

2019-08-23 18:52:29 - [TEST_STEP][PASSED] - symbol = symbol: null

2019-08-23 18:52:29 - [TEST_STEP][PASSED] - println(symbol): null

2019-08-23 18:52:29 - [TEST_STEP][PASSED] - if (i == 2 &amp;&amp; wildList.indexOf(symbol) != -1): null

2019-08-23 18:52:29 - [TEST_STEP][PASSED] - if (i == 3 &amp;&amp; wildList.indexOf(symbol) != -1): null

2019-08-23 18:52:29 - [TEST_STEP][PASSED] - if (i == 4 &amp;&amp; wildList.indexOf(symbol) != -1): null

2019-08-23 18:52:29 - [TEST_STEP][PASSED] - symbol = symbol: null

2019-08-23 18:52:29 - [TEST_STEP][PASSED] - println(symbol): null

2019-08-23 18:52:29 - [TEST_STEP][PASSED] - if (i == 2 &amp;&amp; wildList.indexOf(symbol) != -1): null

2019-08-23 18:52:29 - [TEST_STEP][PASSED] - if (i == 3 &amp;&amp; wildList.indexOf(symbol) != -1): null

2019-08-23 18:52:29 - [TEST_STEP][PASSED] - if (i == 4 &amp;&amp; wildList.indexOf(symbol) != -1): null

2019-08-23 18:52:29 - [TEST_STEP][PASSED] - symbols = symbols: null

2019-08-23 18:52:29 - [TEST_STEP][PASSED] - for ([j = 0, j &lt; symbols.size(), (j++)]): null

2019-08-23 18:52:29 - [TEST_STEP][PASSED] - symbol = symbol: null

2019-08-23 18:52:29 - [TEST_STEP][PASSED] - println(symbol): null

2019-08-23 18:52:29 - [TEST_STEP][PASSED] - if (i == 2 &amp;&amp; wildList.indexOf(symbol) != -1): null

2019-08-23 18:52:29 - [TEST_STEP][PASSED] - if (i == 3 &amp;&amp; wildList.indexOf(symbol) != -1): null

2019-08-23 18:52:29 - [TEST_STEP][PASSED] - if (i == 4 &amp;&amp; wildList.indexOf(symbol) != -1): null

2019-08-23 18:52:29 - [TEST_STEP][PASSED] - symbol = symbol: null

2019-08-23 18:52:29 - [TEST_STEP][PASSED] - println(symbol): null

2019-08-23 18:52:29 - [TEST_STEP][PASSED] - if (i == 2 &amp;&amp; wildList.indexOf(symbol) != -1): null

2019-08-23 18:52:29 - [TEST_STEP][PASSED] - if (i == 3 &amp;&amp; wildList.indexOf(symbol) != -1): null

2019-08-23 18:52:29 - [TEST_STEP][PASSED] - if (i == 4 &amp;&amp; wildList.indexOf(symbol) != -1): null

2019-08-23 18:52:29 - [TEST_STEP][PASSED] - symbol = symbol: null

2019-08-23 18:52:29 - [TEST_STEP][PASSED] - println(symbol): null

2019-08-23 18:52:29 - [TEST_STEP][PASSED] - if (i == 2 &amp;&amp; wildList.indexOf(symbol) != -1): null

2019-08-23 18:52:29 - [TEST_STEP][PASSED] - if (i == 3 &amp;&amp; wildList.indexOf(symbol) != -1): null

2019-08-23 18:52:29 - [TEST_STEP][PASSED] - if (i == 4 &amp;&amp; wildList.indexOf(symbol) != -1): null

2019-08-23 18:52:29 - [TEST_STEP][PASSED] - symbols = symbols: null

2019-08-23 18:52:29 - [TEST_STEP][PASSED] - for ([j = 0, j &lt; symbols.size(), (j++)]): null

2019-08-23 18:52:29 - [TEST_STEP][PASSED] - symbol = symbol: null

2019-08-23 18:52:29 - [TEST_STEP][PASSED] - println(symbol): null

2019-08-23 18:52:29 - [TEST_STEP][PASSED] - if (i == 2 &amp;&amp; wildList.indexOf(symbol) != -1): null

2019-08-23 18:52:29 - [TEST_STEP][PASSED] - if (i == 3 &amp;&amp; wildList.indexOf(symbol) != -1): null

2019-08-23 18:52:29 - [TEST_STEP][PASSED] - if (i == 4 &amp;&amp; wildList.indexOf(symbol) != -1): null

2019-08-23 18:52:29 - [TEST_STEP][PASSED] - symbol = symbol: null

2019-08-23 18:52:29 - [TEST_STEP][PASSED] - println(symbol): null

2019-08-23 18:52:29 - [TEST_STEP][PASSED] - if (i == 2 &amp;&amp; wildList.indexOf(symbol) != -1): null

2019-08-23 18:52:29 - [TEST_STEP][PASSED] - if (i == 3 &amp;&amp; wildList.indexOf(symbol) != -1): null

2019-08-23 18:52:29 - [TEST_STEP][PASSED] - if (i == 4 &amp;&amp; wildList.indexOf(symbol) != -1): null

2019-08-23 18:52:29 - [TEST_STEP][PASSED] - symbol = symbol: null

2019-08-23 18:52:29 - [TEST_STEP][PASSED] - println(symbol): null

2019-08-23 18:52:29 - [TEST_STEP][PASSED] - if (i == 2 &amp;&amp; wildList.indexOf(symbol) != -1): null

2019-08-23 18:52:29 - [TEST_STEP][PASSED] - if (i == 3 &amp;&amp; wildList.indexOf(symbol) != -1): null

2019-08-23 18:52:29 - [TEST_STEP][PASSED] - if (i == 4 &amp;&amp; wildList.indexOf(symbol) != -1): null

2019-08-23 18:52:29 - [TEST_STEP][PASSED] - symbols = symbols: null

2019-08-23 18:52:29 - [TEST_STEP][PASSED] - for ([j = 0, j &lt; symbols.size(), (j++)]): null

2019-08-23 18:52:29 - [TEST_STEP][PASSED] - symbol = symbol: null

2019-08-23 18:52:29 - [TEST_STEP][PASSED] - println(symbol): null

2019-08-23 18:52:29 - [TEST_STEP][PASSED] - if (i == 2 &amp;&amp; wildList.indexOf(symbol) != -1): null

2019-08-23 18:52:29 - [TEST_STEP][PASSED] - if (i == 3 &amp;&amp; wildList.indexOf(symbol) != -1): null

2019-08-23 18:52:29 - [TEST_STEP][PASSED] - if (i == 4 &amp;&amp; wildList.indexOf(symbol) != -1): null

2019-08-23 18:52:29 - [TEST_STEP][PASSED] - symbol = symbol: null

2019-08-23 18:52:29 - [TEST_STEP][PASSED] - println(symbol): null

2019-08-23 18:52:29 - [TEST_STEP][PASSED] - if (i == 2 &amp;&amp; wildList.indexOf(symbol) != -1): null

2019-08-23 18:52:29 - [TEST_STEP][PASSED] - if (i == 3 &amp;&amp; wildList.indexOf(symbol) != -1): null

2019-08-23 18:52:29 - [TEST_STEP][PASSED] - if (i == 4 &amp;&amp; wildList.indexOf(symbol) != -1): null

2019-08-23 18:52:29 - [TEST_STEP][PASSED] - symbol = symbol: null

2019-08-23 18:52:29 - [TEST_STEP][PASSED] - println(symbol): null

2019-08-23 18:52:29 - [TEST_STEP][PASSED] - if (i == 2 &amp;&amp; wildList.indexOf(symbol) != -1): null

2019-08-23 18:52:29 - [TEST_STEP][PASSED] - if (i == 3 &amp;&amp; wildList.indexOf(symbol) != -1): null

2019-08-23 18:52:29 - [TEST_STEP][PASSED] - if (i == 4 &amp;&amp; wildList.indexOf(symbol) != -1): null

2019-08-23 18:52:29 - [TEST_STEP][PASSED] - symbols = symbols: null

2019-08-23 18:52:29 - [TEST_STEP][PASSED] - for ([j = 0, j &lt; symbols.size(), (j++)]): null

2019-08-23 18:52:29 - [TEST_STEP][PASSED] - symbol = symbol: null

2019-08-23 18:52:29 - [TEST_STEP][PASSED] - println(symbol): null

2019-08-23 18:52:29 - [TEST_STEP][PASSED] - if (i == 2 &amp;&amp; wildList.indexOf(symbol) != -1): null

2019-08-23 18:52:29 - [TEST_STEP][PASSED] - if (i == 3 &amp;&amp; wildList.indexOf(symbol) != -1): null

2019-08-23 18:52:29 - [TEST_STEP][PASSED] - if (i == 4 &amp;&amp; wildList.indexOf(symbol) != -1): null

2019-08-23 18:52:29 - [TEST_STEP][PASSED] - symbol = symbol: null

2019-08-23 18:52:29 - [TEST_STEP][PASSED] - println(symbol): null

2019-08-23 18:52:29 - [TEST_STEP][PASSED] - if (i == 2 &amp;&amp; wildList.indexOf(symbol) != -1): null

2019-08-23 18:52:29 - [TEST_STEP][PASSED] - if (i == 3 &amp;&amp; wildList.indexOf(symbol) != -1): null

2019-08-23 18:52:29 - [TEST_STEP][PASSED] - if (i == 4 &amp;&amp; wildList.indexOf(symbol) != -1): null

2019-08-23 18:52:29 - [TEST_STEP][PASSED] - symbol = symbol: null

2019-08-23 18:52:29 - [TEST_STEP][PASSED] - println(symbol): null

2019-08-23 18:52:29 - [TEST_STEP][PASSED] - if (i == 2 &amp;&amp; wildList.indexOf(symbol) != -1): null

2019-08-23 18:52:29 - [TEST_STEP][PASSED] - if (i == 3 &amp;&amp; wildList.indexOf(symbol) != -1): null

2019-08-23 18:52:29 - [TEST_STEP][PASSED] - if (i == 4 &amp;&amp; wildList.indexOf(symbol) != -1): null

2019-08-23 18:52:29 - [TEST_STEP][PASSED] - free_spin_reel_counter = free_spin_reel_counter: null

2019-08-23 18:52:29 - [TEST_STEP][PASSED] - println("reel 3 wild found: " + free_spin_reel_counter[0]): null

2019-08-23 18:52:29 - [TEST_STEP][PASSED] - println("reel 4 wild found: " + free_spin_reel_counter[1]): null

2019-08-23 18:52:29 - [TEST_STEP][PASSED] - println("reel 5 wild found: " + free_spin_reel_counter[2]): null

2019-08-23 18:52:29 - [TEST_STEP][PASSED] - M4_spin_reels = M4_spin_reels: null

2019-08-23 18:52:29 - [TEST_STEP][PASSED] - M4_spin_reels_symbols = symbol: null

2019-08-23 18:52:29 - [TEST_STEP][PASSED] - M4_spin_reels_symbols = M4_spin_reels_symbols: null

2019-08-23 18:52:29 - [TEST_STEP][PASSED] - M4_spin_reel_wins = reel_wins: null

2019-08-23 18:52:29 - [TEST_STEP][PASSED] - M4_spin_reel_wins = M4_spin_reel_wins: null

2019-08-23 18:52:29 - [TEST_STEP][PASSED] - println("GlobalVariable.M4_spin_reel_wins is: " + M4_spin_reel_wins): null

2019-08-23 18:52:29 - [TEST_STEP][PASSED] - M4_spin_total_bonus_win_this_round = total_bonus_win_this_round: null

2019-08-23 18:52:29 - [TEST_STEP][PASSED] - M4_spin_total_bonus_win_this_round = M4_spin_total_bonus_win_this_round: null

2019-08-23 18:52:29 - [TEST_STEP][PASSED] - println("GlobalVariable.M4_spin_total_bonus_win_this_round is: " + M4_spin_total_bonus_win_this_round): null

2019-08-23 18:52:29 - [TEST_STEP][PASSED] - M4_spin_bonus_spin_result = spin_result: null

2019-08-23 18:52:29 - [TEST_STEP][PASSED] - M4_spin_bonus_spin_result = M4_spin_bonus_spin_result: null

2019-08-23 18:52:29 - [MESSAGE][PASSED] - Verify response successfully

2019-08-23 18:52:29 - [MESSAGE][PASSED] - Send request and verify the response successfully

2019-08-23 18:52:29 - [TEST_STEP][PASSED] - if (free_spin_reel_counter[0] &gt;= 1 &amp;&amp; free_spin_reel_counter[1] &gt;= 1 &amp;&amp; free_spin_reel_counter[2] &gt;= 1): null

2019-08-23 18:52:29 - [TEST_STEP][PASSED] - spin_result = sendRequestAndVerify(findTestObject("INT/RGS(M4)/1_M4_spin", ["M4_login_user_id":M4_login_user_id, "rgs_session_token":rgs_session_token, "partner":Partner])): Send request and verify the response successfully

2019-08-23 18:52:29 - [MESSAGE][INFO] - HAR: /Users/eiralee/Katalon_Script/SuperWild/Reports/20190823_184757/INT/superWild_1/20190823_184757/requests/main/67.har

2019-08-23 18:52:29 - [TEST_CASE][PASSED] - Start Test Case : Verification: Verification accomplished successfully

2019-08-23 18:52:29 - [TEST_STEP][PASSED] - request = getInstance().getCurrentRequest(): null

2019-08-23 18:52:29 - [TEST_STEP][PASSED] - response = getInstance().getCurrentResponse(): null

2019-08-23 18:52:29 - [TEST_STEP][PASSED] - verifyResponseStatusCode(response, 200): Verify response status code successfully

2019-08-23 18:52:29 - [MESSAGE][PASSED] - Verify response status code successfully

2019-08-23 18:52:29 - [TEST_STEP][PASSED] - getStatusCode()).isEqualTo(200): null

2019-08-23 18:52:29 - [TEST_STEP][PASSED] - newline = System.getProperty("line.separator"): null

2019-08-23 18:52:29 - [TEST_STEP][PASSED] - M4_spin = new groovy.json.JsonSlurper(): null

2019-08-23 18:52:29 - [TEST_STEP][PASSED] - result_M4_spin = M4_spin.parseText(response.getResponseBodyContent()): null

2019-08-23 18:52:29 - [TEST_STEP][PASSED] - M4_spin_current_balance = current_balance: null

2019-08-23 18:52:29 - [TEST_STEP][PASSED] - M4_spin_current_balance = M4_spin_current_balance: null

2019-08-23 18:52:29 - [TEST_STEP][PASSED] - M4_spin_transaction_id = causality: null

2019-08-23 18:52:29 - [TEST_STEP][PASSED] - M4_spin_transaction_id = M4_spin_transaction_id: null

2019-08-23 18:52:29 - [TEST_STEP][PASSED] - M4_spin_round_id = round_id: null

2019-08-23 18:52:29 - [TEST_STEP][PASSED] - M4_spin_round_id = M4_spin_round_id: null

2019-08-23 18:52:29 - [TEST_STEP][PASSED] - M4_spin_line_wins = line_wins: null

2019-08-23 18:52:29 - [TEST_STEP][PASSED] - M4_spin_line_wins = M4_spin_line_wins: null

2019-08-23 18:52:29 - [TEST_STEP][PASSED] - M4_total_bonus_spins_int = total_bonus_spins: null

2019-08-23 18:52:29 - [TEST_STEP][PASSED] - println("******M4_total_bonus_spins type is:*******" + newline + getClass().getName()): null

2019-08-23 18:52:29 - [TEST_STEP][PASSED] - M4_total_bonus_spins_int = M4_total_bonus_spins_int: null

2019-08-23 18:52:29 - [TEST_STEP][PASSED] - M4_total_bonus_spins = Integer.toString(M4_total_bonus_spins_int): null

2019-08-23 18:52:29 - [TEST_STEP][PASSED] - M4_total_bonus_spins = M4_total_bonus_spins: null

2019-08-23 18:52:29 - [TEST_STEP][PASSED] - println("M4_total_bonus_spins is:" + M4_total_bonus_spins): null

2019-08-23 18:52:29 - [TEST_STEP][PASSED] - M4_spin_bonus_data = bonus_data: null

2019-08-23 18:52:29 - [TEST_STEP][PASSED] - M4_spin_features_triggered = result_M4_spin: null

2019-08-23 18:52:29 - [TEST_STEP][PASSED] - wild = []: null

2019-08-23 18:52:29 - [TEST_STEP][PASSED] - wild[0] = "WILD_Expanding": null

2019-08-23 18:52:29 - [TEST_STEP][PASSED] - wild[1] = "WILD_Normal": null

2019-08-23 18:52:29 - [TEST_STEP][PASSED] - wild[2] = "WILD_Double": null

2019-08-23 18:52:29 - [TEST_STEP][PASSED] - wild[3] = "WILD_ExtraFG": null

2019-08-23 18:52:29 - [TEST_STEP][PASSED] - wild[4] = "WILD_Triple": null

2019-08-23 18:52:29 - [TEST_STEP][PASSED] - wildList = Arrays.asList(wild): null

2019-08-23 18:52:29 - [TEST_STEP][PASSED] - wildList = wildList: null

2019-08-23 18:52:29 - [TEST_STEP][PASSED] - free_spin_reel_counter = []: null

2019-08-23 18:52:29 - [TEST_STEP][PASSED] - free_spin_reel_counter[0] = 0: null

2019-08-23 18:52:29 - [TEST_STEP][PASSED] - free_spin_reel_counter[1] = 0: null

2019-08-23 18:52:29 - [TEST_STEP][PASSED] - free_spin_reel_counter[2] = 0: null

2019-08-23 18:52:29 - [TEST_STEP][PASSED] - M4_spin_reels = reels: null

2019-08-23 18:52:29 - [TEST_STEP][PASSED] - for ([i = 0, i &lt; M4_spin_reels.size(), (i++)]): null

2019-08-23 18:52:29 - [TEST_STEP][PASSED] - symbols = symbols: null

2019-08-23 18:52:29 - [TEST_STEP][PASSED] - for ([j = 0, j &lt; symbols.size(), (j++)]): null

2019-08-23 18:52:29 - [TEST_STEP][PASSED] - symbol = symbol: null

2019-08-23 18:52:29 - [TEST_STEP][PASSED] - println(symbol): null

2019-08-23 18:52:29 - [TEST_STEP][PASSED] - if (i == 2 &amp;&amp; wildList.indexOf(symbol) != -1): null

2019-08-23 18:52:29 - [TEST_STEP][PASSED] - if (i == 3 &amp;&amp; wildList.indexOf(symbol) != -1): null

2019-08-23 18:52:29 - [TEST_STEP][PASSED] - if (i == 4 &amp;&amp; wildList.indexOf(symbol) != -1): null

2019-08-23 18:52:29 - [TEST_STEP][PASSED] - symbol = symbol: null

2019-08-23 18:52:29 - [TEST_STEP][PASSED] - println(symbol): null

2019-08-23 18:52:29 - [TEST_STEP][PASSED] - if (i == 2 &amp;&amp; wildList.indexOf(symbol) != -1): null

2019-08-23 18:52:29 - [TEST_STEP][PASSED] - if (i == 3 &amp;&amp; wildList.indexOf(symbol) != -1): null

2019-08-23 18:52:29 - [TEST_STEP][PASSED] - if (i == 4 &amp;&amp; wildList.indexOf(symbol) != -1): null

2019-08-23 18:52:29 - [TEST_STEP][PASSED] - symbol = symbol: null

2019-08-23 18:52:29 - [TEST_STEP][PASSED] - println(symbol): null

2019-08-23 18:52:29 - [TEST_STEP][PASSED] - if (i == 2 &amp;&amp; wildList.indexOf(symbol) != -1): null

2019-08-23 18:52:29 - [TEST_STEP][PASSED] - if (i == 3 &amp;&amp; wildList.indexOf(symbol) != -1): null

2019-08-23 18:52:29 - [TEST_STEP][PASSED] - if (i == 4 &amp;&amp; wildList.indexOf(symbol) != -1): null

2019-08-23 18:52:29 - [TEST_STEP][PASSED] - symbols = symbols: null

2019-08-23 18:52:29 - [TEST_STEP][PASSED] - for ([j = 0, j &lt; symbols.size(), (j++)]): null

2019-08-23 18:52:29 - [TEST_STEP][PASSED] - symbol = symbol: null

2019-08-23 18:52:29 - [TEST_STEP][PASSED] - println(symbol): null

2019-08-23 18:52:29 - [TEST_STEP][PASSED] - if (i == 2 &amp;&amp; wildList.indexOf(symbol) != -1): null

2019-08-23 18:52:29 - [TEST_STEP][PASSED] - if (i == 3 &amp;&amp; wildList.indexOf(symbol) != -1): null

2019-08-23 18:52:29 - [TEST_STEP][PASSED] - if (i == 4 &amp;&amp; wildList.indexOf(symbol) != -1): null

2019-08-23 18:52:29 - [TEST_STEP][PASSED] - symbol = symbol: null

2019-08-23 18:52:29 - [TEST_STEP][PASSED] - println(symbol): null

2019-08-23 18:52:29 - [TEST_STEP][PASSED] - if (i == 2 &amp;&amp; wildList.indexOf(symbol) != -1): null

2019-08-23 18:52:29 - [TEST_STEP][PASSED] - if (i == 3 &amp;&amp; wildList.indexOf(symbol) != -1): null

2019-08-23 18:52:31 - [TEST_STEP][PASSED] - if (i == 4 &amp;&amp; wildList.indexOf(symbol) != -1): null

2019-08-23 18:52:31 - [TEST_STEP][PASSED] - symbol = symbol: null

2019-08-23 18:52:31 - [TEST_STEP][PASSED] - println(symbol): null

2019-08-23 18:52:31 - [TEST_STEP][PASSED] - if (i == 2 &amp;&amp; wildList.indexOf(symbol) != -1): null

2019-08-23 18:52:31 - [TEST_STEP][PASSED] - if (i == 3 &amp;&amp; wildList.indexOf(symbol) != -1): null

2019-08-23 18:52:31 - [TEST_STEP][PASSED] - if (i == 4 &amp;&amp; wildList.indexOf(symbol) != -1): null

2019-08-23 18:52:31 - [TEST_STEP][PASSED] - symbols = symbols: null

2019-08-23 18:52:31 - [TEST_STEP][PASSED] - for ([j = 0, j &lt; symbols.size(), (j++)]): null

2019-08-23 18:52:31 - [TEST_STEP][PASSED] - symbol = symbol: null

2019-08-23 18:52:31 - [TEST_STEP][PASSED] - println(symbol): null

2019-08-23 18:52:31 - [TEST_STEP][PASSED] - if (i == 2 &amp;&amp; wildList.indexOf(symbol) != -1): null

2019-08-23 18:52:31 - [TEST_STEP][PASSED] - if (i == 3 &amp;&amp; wildList.indexOf(symbol) != -1): null

2019-08-23 18:52:31 - [TEST_STEP][PASSED] - if (i == 4 &amp;&amp; wildList.indexOf(symbol) != -1): null

2019-08-23 18:52:31 - [TEST_STEP][PASSED] - symbol = symbol: null

2019-08-23 18:52:31 - [TEST_STEP][PASSED] - println(symbol): null

2019-08-23 18:52:31 - [TEST_STEP][PASSED] - if (i == 2 &amp;&amp; wildList.indexOf(symbol) != -1): null

2019-08-23 18:52:31 - [TEST_STEP][PASSED] - if (i == 3 &amp;&amp; wildList.indexOf(symbol) != -1): null

2019-08-23 18:52:31 - [TEST_STEP][PASSED] - if (i == 4 &amp;&amp; wildList.indexOf(symbol) != -1): null

2019-08-23 18:52:31 - [TEST_STEP][PASSED] - symbol = symbol: null

2019-08-23 18:52:31 - [TEST_STEP][PASSED] - println(symbol): null

2019-08-23 18:52:31 - [TEST_STEP][PASSED] - if (i == 2 &amp;&amp; wildList.indexOf(symbol) != -1): null

2019-08-23 18:52:31 - [TEST_STEP][PASSED] - if (i == 3 &amp;&amp; wildList.indexOf(symbol) != -1): null

2019-08-23 18:52:31 - [TEST_STEP][PASSED] - if (i == 4 &amp;&amp; wildList.indexOf(symbol) != -1): null

2019-08-23 18:52:31 - [TEST_STEP][PASSED] - symbols = symbols: null

2019-08-23 18:52:31 - [TEST_STEP][PASSED] - for ([j = 0, j &lt; symbols.size(), (j++)]): null

2019-08-23 18:52:31 - [TEST_STEP][PASSED] - symbol = symbol: null

2019-08-23 18:52:31 - [TEST_STEP][PASSED] - println(symbol): null

2019-08-23 18:52:31 - [TEST_STEP][PASSED] - if (i == 2 &amp;&amp; wildList.indexOf(symbol) != -1): null

2019-08-23 18:52:31 - [TEST_STEP][PASSED] - if (i == 3 &amp;&amp; wildList.indexOf(symbol) != -1): null

2019-08-23 18:52:31 - [TEST_STEP][PASSED] - if (i == 4 &amp;&amp; wildList.indexOf(symbol) != -1): null

2019-08-23 18:52:31 - [TEST_STEP][PASSED] - symbol = symbol: null

2019-08-23 18:52:31 - [TEST_STEP][PASSED] - println(symbol): null

2019-08-23 18:52:31 - [TEST_STEP][PASSED] - if (i == 2 &amp;&amp; wildList.indexOf(symbol) != -1): null

2019-08-23 18:52:31 - [TEST_STEP][PASSED] - if (i == 3 &amp;&amp; wildList.indexOf(symbol) != -1): null

2019-08-23 18:52:31 - [TEST_STEP][PASSED] - if (i == 4 &amp;&amp; wildList.indexOf(symbol) != -1): null

2019-08-23 18:52:31 - [TEST_STEP][PASSED] - symbol = symbol: null

2019-08-23 18:52:31 - [TEST_STEP][PASSED] - println(symbol): null

2019-08-23 18:52:31 - [TEST_STEP][PASSED] - if (i == 2 &amp;&amp; wildList.indexOf(symbol) != -1): null

2019-08-23 18:52:31 - [TEST_STEP][PASSED] - if (i == 3 &amp;&amp; wildList.indexOf(symbol) != -1): null

2019-08-23 18:52:31 - [TEST_STEP][PASSED] - if (i == 4 &amp;&amp; wildList.indexOf(symbol) != -1): null

2019-08-23 18:52:31 - [TEST_STEP][PASSED] - symbols = symbols: null

2019-08-23 18:52:31 - [TEST_STEP][PASSED] - for ([j = 0, j &lt; symbols.size(), (j++)]): null

2019-08-23 18:52:31 - [TEST_STEP][PASSED] - symbol = symbol: null

2019-08-23 18:52:31 - [TEST_STEP][PASSED] - println(symbol): null

2019-08-23 18:52:31 - [TEST_STEP][PASSED] - if (i == 2 &amp;&amp; wildList.indexOf(symbol) != -1): null

2019-08-23 18:52:31 - [TEST_STEP][PASSED] - if (i == 3 &amp;&amp; wildList.indexOf(symbol) != -1): null

2019-08-23 18:52:31 - [TEST_STEP][PASSED] - if (i == 4 &amp;&amp; wildList.indexOf(symbol) != -1): null

2019-08-23 18:52:31 - [TEST_STEP][PASSED] - symbol = symbol: null

2019-08-23 18:52:31 - [TEST_STEP][PASSED] - println(symbol): null

2019-08-23 18:52:31 - [TEST_STEP][PASSED] - if (i == 2 &amp;&amp; wildList.indexOf(symbol) != -1): null

2019-08-23 18:52:31 - [TEST_STEP][PASSED] - if (i == 3 &amp;&amp; wildList.indexOf(symbol) != -1): null

2019-08-23 18:52:31 - [TEST_STEP][PASSED] - if (i == 4 &amp;&amp; wildList.indexOf(symbol) != -1): null

2019-08-23 18:52:31 - [TEST_STEP][PASSED] - symbol = symbol: null

2019-08-23 18:52:31 - [TEST_STEP][PASSED] - println(symbol): null

2019-08-23 18:52:31 - [TEST_STEP][PASSED] - if (i == 2 &amp;&amp; wildList.indexOf(symbol) != -1): null

2019-08-23 18:52:31 - [TEST_STEP][PASSED] - if (i == 3 &amp;&amp; wildList.indexOf(symbol) != -1): null

2019-08-23 18:52:31 - [TEST_STEP][PASSED] - if (i == 4 &amp;&amp; wildList.indexOf(symbol) != -1): null

2019-08-23 18:52:31 - [TEST_STEP][PASSED] - free_spin_reel_counter = free_spin_reel_counter: null

2019-08-23 18:52:31 - [TEST_STEP][PASSED] - println("reel 3 wild found: " + free_spin_reel_counter[0]): null

2019-08-23 18:52:31 - [TEST_STEP][PASSED] - println("reel 4 wild found: " + free_spin_reel_counter[1]): null

2019-08-23 18:52:31 - [TEST_STEP][PASSED] - println("reel 5 wild found: " + free_spin_reel_counter[2]): null

2019-08-23 18:52:31 - [TEST_STEP][PASSED] - M4_spin_reels = M4_spin_reels: null

2019-08-23 18:52:31 - [TEST_STEP][PASSED] - M4_spin_reels_symbols = symbol: null

2019-08-23 18:52:31 - [TEST_STEP][PASSED] - M4_spin_reels_symbols = M4_spin_reels_symbols: null

2019-08-23 18:52:31 - [TEST_STEP][PASSED] - M4_spin_reel_wins = reel_wins: null

2019-08-23 18:52:31 - [TEST_STEP][PASSED] - M4_spin_reel_wins = M4_spin_reel_wins: null

2019-08-23 18:52:31 - [TEST_STEP][PASSED] - println("GlobalVariable.M4_spin_reel_wins is: " + M4_spin_reel_wins): null

2019-08-23 18:52:31 - [TEST_STEP][PASSED] - M4_spin_total_bonus_win_this_round = total_bonus_win_this_round: null

2019-08-23 18:52:31 - [TEST_STEP][PASSED] - M4_spin_total_bonus_win_this_round = M4_spin_total_bonus_win_this_round: null

2019-08-23 18:52:31 - [TEST_STEP][PASSED] - println("GlobalVariable.M4_spin_total_bonus_win_this_round is: " + M4_spin_total_bonus_win_this_round): null

2019-08-23 18:52:31 - [TEST_STEP][PASSED] - M4_spin_bonus_spin_result = spin_result: null

2019-08-23 18:52:31 - [TEST_STEP][PASSED] - M4_spin_bonus_spin_result = M4_spin_bonus_spin_result: null

2019-08-23 18:52:31 - [MESSAGE][PASSED] - Verify response successfully

2019-08-23 18:52:31 - [MESSAGE][PASSED] - Send request and verify the response successfully

2019-08-23 18:52:31 - [TEST_STEP][PASSED] - if (free_spin_reel_counter[0] &gt;= 1 &amp;&amp; free_spin_reel_counter[1] &gt;= 1 &amp;&amp; free_spin_reel_counter[2] &gt;= 1): null

2019-08-23 18:52:31 - [TEST_STEP][PASSED] - spin_result = sendRequestAndVerify(findTestObject("INT/RGS(M4)/1_M4_spin", ["M4_login_user_id":M4_login_user_id, "rgs_session_token":rgs_session_token, "partner":Partner])): Send request and verify the response successfully

2019-08-23 18:52:32 - [MESSAGE][INFO] - HAR: /Users/eiralee/Katalon_Script/SuperWild/Reports/20190823_184757/INT/superWild_1/20190823_184757/requests/main/68.har

2019-08-23 18:52:32 - [TEST_CASE][PASSED] - Start Test Case : Verification: Verification accomplished successfully

2019-08-23 18:52:32 - [TEST_STEP][PASSED] - request = getInstance().getCurrentRequest(): null

2019-08-23 18:52:32 - [TEST_STEP][PASSED] - response = getInstance().getCurrentResponse(): null

2019-08-23 18:52:32 - [TEST_STEP][PASSED] - verifyResponseStatusCode(response, 200): Verify response status code successfully

2019-08-23 18:52:32 - [MESSAGE][PASSED] - Verify response status code successfully

2019-08-23 18:52:32 - [TEST_STEP][PASSED] - getStatusCode()).isEqualTo(200): null

2019-08-23 18:52:32 - [TEST_STEP][PASSED] - newline = System.getProperty("line.separator"): null

2019-08-23 18:52:32 - [TEST_STEP][PASSED] - M4_spin = new groovy.json.JsonSlurper(): null

2019-08-23 18:52:32 - [TEST_STEP][PASSED] - result_M4_spin = M4_spin.parseText(response.getResponseBodyContent()): null

2019-08-23 18:52:32 - [TEST_STEP][PASSED] - M4_spin_current_balance = current_balance: null

2019-08-23 18:52:32 - [TEST_STEP][PASSED] - M4_spin_current_balance = M4_spin_current_balance: null

2019-08-23 18:52:32 - [TEST_STEP][PASSED] - M4_spin_transaction_id = causality: null

2019-08-23 18:52:32 - [TEST_STEP][PASSED] - M4_spin_transaction_id = M4_spin_transaction_id: null

2019-08-23 18:52:32 - [TEST_STEP][PASSED] - M4_spin_round_id = round_id: null

2019-08-23 18:52:32 - [TEST_STEP][PASSED] - M4_spin_round_id = M4_spin_round_id: null

2019-08-23 18:52:32 - [TEST_STEP][PASSED] - M4_spin_line_wins = line_wins: null

2019-08-23 18:52:32 - [TEST_STEP][PASSED] - M4_spin_line_wins = M4_spin_line_wins: null

2019-08-23 18:52:32 - [TEST_STEP][PASSED] - M4_total_bonus_spins_int = total_bonus_spins: null

2019-08-23 18:52:32 - [TEST_STEP][PASSED] - println("******M4_total_bonus_spins type is:*******" + newline + getClass().getName()): null

2019-08-23 18:52:32 - [TEST_STEP][PASSED] - M4_total_bonus_spins_int = M4_total_bonus_spins_int: null

2019-08-23 18:52:32 - [TEST_STEP][PASSED] - M4_total_bonus_spins = Integer.toString(M4_total_bonus_spins_int): null

2019-08-23 18:52:32 - [TEST_STEP][PASSED] - M4_total_bonus_spins = M4_total_bonus_spins: null

2019-08-23 18:52:32 - [TEST_STEP][PASSED] - println("M4_total_bonus_spins is:" + M4_total_bonus_spins): null

2019-08-23 18:52:32 - [TEST_STEP][PASSED] - M4_spin_bonus_data = bonus_data: null

2019-08-23 18:52:32 - [TEST_STEP][PASSED] - M4_spin_features_triggered = result_M4_spin: null

2019-08-23 18:52:32 - [TEST_STEP][PASSED] - wild = []: null

2019-08-23 18:52:32 - [TEST_STEP][PASSED] - wild[0] = "WILD_Expanding": null

2019-08-23 18:52:32 - [TEST_STEP][PASSED] - wild[1] = "WILD_Normal": null

2019-08-23 18:52:32 - [TEST_STEP][PASSED] - wild[2] = "WILD_Double": null

2019-08-23 18:52:32 - [TEST_STEP][PASSED] - wild[3] = "WILD_ExtraFG": null

2019-08-23 18:52:32 - [TEST_STEP][PASSED] - wild[4] = "WILD_Triple": null

2019-08-23 18:52:32 - [TEST_STEP][PASSED] - wildList = Arrays.asList(wild): null

2019-08-23 18:52:32 - [TEST_STEP][PASSED] - wildList = wildList: null

2019-08-23 18:52:32 - [TEST_STEP][PASSED] - free_spin_reel_counter = []: null

2019-08-23 18:52:32 - [TEST_STEP][PASSED] - free_spin_reel_counter[0] = 0: null

2019-08-23 18:52:32 - [TEST_STEP][PASSED] - free_spin_reel_counter[1] = 0: null

2019-08-23 18:52:32 - [TEST_STEP][PASSED] - free_spin_reel_counter[2] = 0: null

2019-08-23 18:52:32 - [TEST_STEP][PASSED] - M4_spin_reels = reels: null

2019-08-23 18:52:32 - [TEST_STEP][PASSED] - for ([i = 0, i &lt; M4_spin_reels.size(), (i++)]): null

2019-08-23 18:52:32 - [TEST_STEP][PASSED] - symbols = symbols: null

2019-08-23 18:52:32 - [TEST_STEP][PASSED] - for ([j = 0, j &lt; symbols.size(), (j++)]): null

2019-08-23 18:52:32 - [TEST_STEP][PASSED] - symbol = symbol: null

2019-08-23 18:52:32 - [TEST_STEP][PASSED] - println(symbol): null

2019-08-23 18:52:32 - [TEST_STEP][PASSED] - if (i == 2 &amp;&amp; wildList.indexOf(symbol) != -1): null

2019-08-23 18:52:32 - [TEST_STEP][PASSED] - if (i == 3 &amp;&amp; wildList.indexOf(symbol) != -1): null

2019-08-23 18:52:32 - [TEST_STEP][PASSED] - if (i == 4 &amp;&amp; wildList.indexOf(symbol) != -1): null

2019-08-23 18:52:32 - [TEST_STEP][PASSED] - symbol = symbol: null

2019-08-23 18:52:32 - [TEST_STEP][PASSED] - println(symbol): null

2019-08-23 18:52:32 - [TEST_STEP][PASSED] - if (i == 2 &amp;&amp; wildList.indexOf(symbol) != -1): null

2019-08-23 18:52:32 - [TEST_STEP][PASSED] - if (i == 3 &amp;&amp; wildList.indexOf(symbol) != -1): null

2019-08-23 18:52:32 - [TEST_STEP][PASSED] - if (i == 4 &amp;&amp; wildList.indexOf(symbol) != -1): null

2019-08-23 18:52:32 - [TEST_STEP][PASSED] - symbol = symbol: null

2019-08-23 18:52:32 - [TEST_STEP][PASSED] - println(symbol): null

2019-08-23 18:52:32 - [TEST_STEP][PASSED] - if (i == 2 &amp;&amp; wildList.indexOf(symbol) != -1): null

2019-08-23 18:52:32 - [TEST_STEP][PASSED] - if (i == 3 &amp;&amp; wildList.indexOf(symbol) != -1): null

2019-08-23 18:52:32 - [TEST_STEP][PASSED] - if (i == 4 &amp;&amp; wildList.indexOf(symbol) != -1): null

2019-08-23 18:52:32 - [TEST_STEP][PASSED] - symbols = symbols: null

2019-08-23 18:52:32 - [TEST_STEP][PASSED] - for ([j = 0, j &lt; symbols.size(), (j++)]): null

2019-08-23 18:52:32 - [TEST_STEP][PASSED] - symbol = symbol: null

2019-08-23 18:52:32 - [TEST_STEP][PASSED] - println(symbol): null

2019-08-23 18:52:32 - [TEST_STEP][PASSED] - if (i == 2 &amp;&amp; wildList.indexOf(symbol) != -1): null

2019-08-23 18:52:32 - [TEST_STEP][PASSED] - if (i == 3 &amp;&amp; wildList.indexOf(symbol) != -1): null

2019-08-23 18:52:32 - [TEST_STEP][PASSED] - if (i == 4 &amp;&amp; wildList.indexOf(symbol) != -1): null

2019-08-23 18:52:32 - [TEST_STEP][PASSED] - symbol = symbol: null

2019-08-23 18:52:32 - [TEST_STEP][PASSED] - println(symbol): null

2019-08-23 18:52:32 - [TEST_STEP][PASSED] - if (i == 2 &amp;&amp; wildList.indexOf(symbol) != -1): null

2019-08-23 18:52:32 - [TEST_STEP][PASSED] - if (i == 3 &amp;&amp; wildList.indexOf(symbol) != -1): null

2019-08-23 18:52:32 - [TEST_STEP][PASSED] - if (i == 4 &amp;&amp; wildList.indexOf(symbol) != -1): null

2019-08-23 18:52:32 - [TEST_STEP][PASSED] - symbol = symbol: null

2019-08-23 18:52:32 - [TEST_STEP][PASSED] - println(symbol): null

2019-08-23 18:52:32 - [TEST_STEP][PASSED] - if (i == 2 &amp;&amp; wildList.indexOf(symbol) != -1): null

2019-08-23 18:52:32 - [TEST_STEP][PASSED] - if (i == 3 &amp;&amp; wildList.indexOf(symbol) != -1): null

2019-08-23 18:52:32 - [TEST_STEP][PASSED] - if (i == 4 &amp;&amp; wildList.indexOf(symbol) != -1): null

2019-08-23 18:52:32 - [TEST_STEP][PASSED] - symbols = symbols: null

2019-08-23 18:52:32 - [TEST_STEP][PASSED] - for ([j = 0, j &lt; symbols.size(), (j++)]): null

2019-08-23 18:52:32 - [TEST_STEP][PASSED] - symbol = symbol: null

2019-08-23 18:52:32 - [TEST_STEP][PASSED] - println(symbol): null

2019-08-23 18:52:32 - [TEST_STEP][PASSED] - if (i == 2 &amp;&amp; wildList.indexOf(symbol) != -1): null

2019-08-23 18:52:32 - [TEST_STEP][PASSED] - if (i == 3 &amp;&amp; wildList.indexOf(symbol) != -1): null

2019-08-23 18:52:32 - [TEST_STEP][PASSED] - if (i == 4 &amp;&amp; wildList.indexOf(symbol) != -1): null

2019-08-23 18:52:32 - [TEST_STEP][PASSED] - symbol = symbol: null

2019-08-23 18:52:32 - [TEST_STEP][PASSED] - println(symbol): null

2019-08-23 18:52:32 - [TEST_STEP][PASSED] - if (i == 2 &amp;&amp; wildList.indexOf(symbol) != -1): null

2019-08-23 18:52:32 - [TEST_STEP][PASSED] - if (i == 3 &amp;&amp; wildList.indexOf(symbol) != -1): null

2019-08-23 18:52:32 - [TEST_STEP][PASSED] - if (i == 4 &amp;&amp; wildList.indexOf(symbol) != -1): null

2019-08-23 18:52:32 - [TEST_STEP][PASSED] - symbol = symbol: null

2019-08-23 18:52:32 - [TEST_STEP][PASSED] - println(symbol): null

2019-08-23 18:52:32 - [TEST_STEP][PASSED] - if (i == 2 &amp;&amp; wildList.indexOf(symbol) != -1): null

2019-08-23 18:52:32 - [TEST_STEP][PASSED] - if (i == 3 &amp;&amp; wildList.indexOf(symbol) != -1): null

2019-08-23 18:52:32 - [TEST_STEP][PASSED] - if (i == 4 &amp;&amp; wildList.indexOf(symbol) != -1): null

2019-08-23 18:52:32 - [TEST_STEP][PASSED] - symbols = symbols: null

2019-08-23 18:52:32 - [TEST_STEP][PASSED] - for ([j = 0, j &lt; symbols.size(), (j++)]): null

2019-08-23 18:52:32 - [TEST_STEP][PASSED] - symbol = symbol: null

2019-08-23 18:52:32 - [TEST_STEP][PASSED] - println(symbol): null

2019-08-23 18:52:32 - [TEST_STEP][PASSED] - if (i == 2 &amp;&amp; wildList.indexOf(symbol) != -1): null

2019-08-23 18:52:32 - [TEST_STEP][PASSED] - if (i == 3 &amp;&amp; wildList.indexOf(symbol) != -1): null

2019-08-23 18:52:32 - [TEST_STEP][PASSED] - if (i == 4 &amp;&amp; wildList.indexOf(symbol) != -1): null

2019-08-23 18:52:32 - [TEST_STEP][PASSED] - symbol = symbol: null

2019-08-23 18:52:32 - [TEST_STEP][PASSED] - println(symbol): null

2019-08-23 18:52:32 - [TEST_STEP][PASSED] - if (i == 2 &amp;&amp; wildList.indexOf(symbol) != -1): null

2019-08-23 18:52:32 - [TEST_STEP][PASSED] - if (i == 3 &amp;&amp; wildList.indexOf(symbol) != -1): null

2019-08-23 18:52:32 - [TEST_STEP][PASSED] - if (i == 4 &amp;&amp; wildList.indexOf(symbol) != -1): null

2019-08-23 18:52:32 - [TEST_STEP][PASSED] - symbol = symbol: null

2019-08-23 18:52:32 - [TEST_STEP][PASSED] - println(symbol): null

2019-08-23 18:52:32 - [TEST_STEP][PASSED] - if (i == 2 &amp;&amp; wildList.indexOf(symbol) != -1): null

2019-08-23 18:52:32 - [TEST_STEP][PASSED] - if (i == 3 &amp;&amp; wildList.indexOf(symbol) != -1): null

2019-08-23 18:52:32 - [TEST_STEP][PASSED] - if (i == 4 &amp;&amp; wildList.indexOf(symbol) != -1): null

2019-08-23 18:52:32 - [TEST_STEP][PASSED] - symbols = symbols: null

2019-08-23 18:52:32 - [TEST_STEP][PASSED] - for ([j = 0, j &lt; symbols.size(), (j++)]): null

2019-08-23 18:52:32 - [TEST_STEP][PASSED] - symbol = symbol: null

2019-08-23 18:52:32 - [TEST_STEP][PASSED] - println(symbol): null

2019-08-23 18:52:32 - [TEST_STEP][PASSED] - if (i == 2 &amp;&amp; wildList.indexOf(symbol) != -1): null

2019-08-23 18:52:32 - [TEST_STEP][PASSED] - if (i == 3 &amp;&amp; wildList.indexOf(symbol) != -1): null

2019-08-23 18:52:32 - [TEST_STEP][PASSED] - if (i == 4 &amp;&amp; wildList.indexOf(symbol) != -1): null

2019-08-23 18:52:32 - [TEST_STEP][PASSED] - symbol = symbol: null

2019-08-23 18:52:32 - [TEST_STEP][PASSED] - println(symbol): null

2019-08-23 18:52:32 - [TEST_STEP][PASSED] - if (i == 2 &amp;&amp; wildList.indexOf(symbol) != -1): null

2019-08-23 18:52:32 - [TEST_STEP][PASSED] - if (i == 3 &amp;&amp; wildList.indexOf(symbol) != -1): null

2019-08-23 18:52:32 - [TEST_STEP][PASSED] - if (i == 4 &amp;&amp; wildList.indexOf(symbol) != -1): null

2019-08-23 18:52:32 - [TEST_STEP][PASSED] - symbol = symbol: null

2019-08-23 18:52:32 - [TEST_STEP][PASSED] - println(symbol): null

2019-08-23 18:52:32 - [TEST_STEP][PASSED] - if (i == 2 &amp;&amp; wildList.indexOf(symbol) != -1): null

2019-08-23 18:52:32 - [TEST_STEP][PASSED] - if (i == 3 &amp;&amp; wildList.indexOf(symbol) != -1): null

2019-08-23 18:52:32 - [TEST_STEP][PASSED] - if (i == 4 &amp;&amp; wildList.indexOf(symbol) != -1): null

2019-08-23 18:52:32 - [TEST_STEP][PASSED] - free_spin_reel_counter = free_spin_reel_counter: null

2019-08-23 18:52:32 - [TEST_STEP][PASSED] - println("reel 3 wild found: " + free_spin_reel_counter[0]): null

2019-08-23 18:52:32 - [TEST_STEP][PASSED] - println("reel 4 wild found: " + free_spin_reel_counter[1]): null

2019-08-23 18:52:32 - [TEST_STEP][PASSED] - println("reel 5 wild found: " + free_spin_reel_counter[2]): null

2019-08-23 18:52:32 - [TEST_STEP][PASSED] - M4_spin_reels = M4_spin_reels: null

2019-08-23 18:52:32 - [TEST_STEP][PASSED] - M4_spin_reels_symbols = symbol: null

2019-08-23 18:52:32 - [TEST_STEP][PASSED] - M4_spin_reels_symbols = M4_spin_reels_symbols: null

2019-08-23 18:52:32 - [TEST_STEP][PASSED] - M4_spin_reel_wins = reel_wins: null

2019-08-23 18:52:32 - [TEST_STEP][PASSED] - M4_spin_reel_wins = M4_spin_reel_wins: null

2019-08-23 18:52:32 - [TEST_STEP][PASSED] - println("GlobalVariable.M4_spin_reel_wins is: " + M4_spin_reel_wins): null

2019-08-23 18:52:32 - [TEST_STEP][PASSED] - M4_spin_total_bonus_win_this_round = total_bonus_win_this_round: null

2019-08-23 18:52:32 - [TEST_STEP][PASSED] - M4_spin_total_bonus_win_this_round = M4_spin_total_bonus_win_this_round: null

2019-08-23 18:52:32 - [TEST_STEP][PASSED] - println("GlobalVariable.M4_spin_total_bonus_win_this_round is: " + M4_spin_total_bonus_win_this_round): null

2019-08-23 18:52:32 - [TEST_STEP][PASSED] - M4_spin_bonus_spin_result = spin_result: null

2019-08-23 18:52:32 - [TEST_STEP][PASSED] - M4_spin_bonus_spin_result = M4_spin_bonus_spin_result: null

2019-08-23 18:52:32 - [MESSAGE][PASSED] - Verify response successfully

2019-08-23 18:52:32 - [MESSAGE][PASSED] - Send request and verify the response successfully

2019-08-23 18:52:32 - [TEST_STEP][PASSED] - if (free_spin_reel_counter[0] &gt;= 1 &amp;&amp; free_spin_reel_counter[1] &gt;= 1 &amp;&amp; free_spin_reel_counter[2] &gt;= 1): null

2019-08-23 18:52:32 - [TEST_STEP][PASSED] - spin_result = sendRequestAndVerify(findTestObject("INT/RGS(M4)/1_M4_spin", ["M4_login_user_id":M4_login_user_id, "rgs_session_token":rgs_session_token, "partner":Partner])): Send request and verify the response successfully

2019-08-23 18:52:32 - [MESSAGE][INFO] - HAR: /Users/eiralee/Katalon_Script/SuperWild/Reports/20190823_184757/INT/superWild_1/20190823_184757/requests/main/69.har

2019-08-23 18:52:32 - [TEST_CASE][PASSED] - Start Test Case : Verification: Verification accomplished successfully

2019-08-23 18:52:32 - [TEST_STEP][PASSED] - request = getInstance().getCurrentRequest(): null

2019-08-23 18:52:33 - [TEST_STEP][PASSED] - response = getInstance().getCurrentResponse(): null

2019-08-23 18:52:33 - [TEST_STEP][PASSED] - verifyResponseStatusCode(response, 200): Verify response status code successfully

2019-08-23 18:52:33 - [MESSAGE][PASSED] - Verify response status code successfully

2019-08-23 18:52:33 - [TEST_STEP][PASSED] - getStatusCode()).isEqualTo(200): null

2019-08-23 18:52:33 - [TEST_STEP][PASSED] - newline = System.getProperty("line.separator"): null

2019-08-23 18:52:33 - [TEST_STEP][PASSED] - M4_spin = new groovy.json.JsonSlurper(): null

2019-08-23 18:52:33 - [TEST_STEP][PASSED] - result_M4_spin = M4_spin.parseText(response.getResponseBodyContent()): null

2019-08-23 18:52:33 - [TEST_STEP][PASSED] - M4_spin_current_balance = current_balance: null

2019-08-23 18:52:33 - [TEST_STEP][PASSED] - M4_spin_current_balance = M4_spin_current_balance: null

2019-08-23 18:52:33 - [TEST_STEP][PASSED] - M4_spin_transaction_id = causality: null

2019-08-23 18:52:33 - [TEST_STEP][PASSED] - M4_spin_transaction_id = M4_spin_transaction_id: null

2019-08-23 18:52:33 - [TEST_STEP][PASSED] - M4_spin_round_id = round_id: null

2019-08-23 18:52:33 - [TEST_STEP][PASSED] - M4_spin_round_id = M4_spin_round_id: null

2019-08-23 18:52:33 - [TEST_STEP][PASSED] - M4_spin_line_wins = line_wins: null

2019-08-23 18:52:33 - [TEST_STEP][PASSED] - M4_spin_line_wins = M4_spin_line_wins: null

2019-08-23 18:52:33 - [TEST_STEP][PASSED] - M4_total_bonus_spins_int = total_bonus_spins: null

2019-08-23 18:52:33 - [TEST_STEP][PASSED] - println("******M4_total_bonus_spins type is:*******" + newline + getClass().getName()): null

2019-08-23 18:52:33 - [TEST_STEP][PASSED] - M4_total_bonus_spins_int = M4_total_bonus_spins_int: null

2019-08-23 18:52:33 - [TEST_STEP][PASSED] - M4_total_bonus_spins = Integer.toString(M4_total_bonus_spins_int): null

2019-08-23 18:52:33 - [TEST_STEP][PASSED] - M4_total_bonus_spins = M4_total_bonus_spins: null

2019-08-23 18:52:33 - [TEST_STEP][PASSED] - println("M4_total_bonus_spins is:" + M4_total_bonus_spins): null

2019-08-23 18:52:33 - [TEST_STEP][PASSED] - M4_spin_bonus_data = bonus_data: null

2019-08-23 18:52:33 - [TEST_STEP][PASSED] - M4_spin_features_triggered = result_M4_spin: null

2019-08-23 18:52:33 - [TEST_STEP][PASSED] - wild = []: null

2019-08-23 18:52:33 - [TEST_STEP][PASSED] - wild[0] = "WILD_Expanding": null

2019-08-23 18:52:33 - [TEST_STEP][PASSED] - wild[1] = "WILD_Normal": null

2019-08-23 18:52:33 - [TEST_STEP][PASSED] - wild[2] = "WILD_Double": null

2019-08-23 18:52:33 - [TEST_STEP][PASSED] - wild[3] = "WILD_ExtraFG": null

2019-08-23 18:52:33 - [TEST_STEP][PASSED] - wild[4] = "WILD_Triple": null

2019-08-23 18:52:33 - [TEST_STEP][PASSED] - wildList = Arrays.asList(wild): null

2019-08-23 18:52:33 - [TEST_STEP][PASSED] - wildList = wildList: null

2019-08-23 18:52:33 - [TEST_STEP][PASSED] - free_spin_reel_counter = []: null

2019-08-23 18:52:33 - [TEST_STEP][PASSED] - free_spin_reel_counter[0] = 0: null

2019-08-23 18:52:33 - [TEST_STEP][PASSED] - free_spin_reel_counter[1] = 0: null

2019-08-23 18:52:33 - [TEST_STEP][PASSED] - free_spin_reel_counter[2] = 0: null

2019-08-23 18:52:33 - [TEST_STEP][PASSED] - M4_spin_reels = reels: null

2019-08-23 18:52:33 - [TEST_STEP][PASSED] - for ([i = 0, i &lt; M4_spin_reels.size(), (i++)]): null

2019-08-23 18:52:33 - [TEST_STEP][PASSED] - symbols = symbols: null

2019-08-23 18:52:33 - [TEST_STEP][PASSED] - for ([j = 0, j &lt; symbols.size(), (j++)]): null

2019-08-23 18:52:33 - [TEST_STEP][PASSED] - symbol = symbol: null

2019-08-23 18:52:33 - [TEST_STEP][PASSED] - println(symbol): null

2019-08-23 18:52:33 - [TEST_STEP][PASSED] - if (i == 2 &amp;&amp; wildList.indexOf(symbol) != -1): null

2019-08-23 18:52:33 - [TEST_STEP][PASSED] - if (i == 3 &amp;&amp; wildList.indexOf(symbol) != -1): null

2019-08-23 18:52:33 - [TEST_STEP][PASSED] - if (i == 4 &amp;&amp; wildList.indexOf(symbol) != -1): null

2019-08-23 18:52:33 - [TEST_STEP][PASSED] - symbol = symbol: null

2019-08-23 18:52:33 - [TEST_STEP][PASSED] - println(symbol): null

2019-08-23 18:52:33 - [TEST_STEP][PASSED] - if (i == 2 &amp;&amp; wildList.indexOf(symbol) != -1): null

2019-08-23 18:52:33 - [TEST_STEP][PASSED] - if (i == 3 &amp;&amp; wildList.indexOf(symbol) != -1): null

2019-08-23 18:52:33 - [TEST_STEP][PASSED] - if (i == 4 &amp;&amp; wildList.indexOf(symbol) != -1): null

2019-08-23 18:52:33 - [TEST_STEP][PASSED] - symbol = symbol: null

2019-08-23 18:52:33 - [TEST_STEP][PASSED] - println(symbol): null

2019-08-23 18:52:33 - [TEST_STEP][PASSED] - if (i == 2 &amp;&amp; wildList.indexOf(symbol) != -1): null

2019-08-23 18:52:33 - [TEST_STEP][PASSED] - if (i == 3 &amp;&amp; wildList.indexOf(symbol) != -1): null

2019-08-23 18:52:33 - [TEST_STEP][PASSED] - if (i == 4 &amp;&amp; wildList.indexOf(symbol) != -1): null

2019-08-23 18:52:33 - [TEST_STEP][PASSED] - symbols = symbols: null

2019-08-23 18:52:33 - [TEST_STEP][PASSED] - for ([j = 0, j &lt; symbols.size(), (j++)]): null

2019-08-23 18:52:33 - [TEST_STEP][PASSED] - symbol = symbol: null

2019-08-23 18:52:33 - [TEST_STEP][PASSED] - println(symbol): null

2019-08-23 18:52:33 - [TEST_STEP][PASSED] - if (i == 2 &amp;&amp; wildList.indexOf(symbol) != -1): null

2019-08-23 18:52:33 - [TEST_STEP][PASSED] - if (i == 3 &amp;&amp; wildList.indexOf(symbol) != -1): null

2019-08-23 18:52:33 - [TEST_STEP][PASSED] - if (i == 4 &amp;&amp; wildList.indexOf(symbol) != -1): null

2019-08-23 18:52:33 - [TEST_STEP][PASSED] - symbol = symbol: null

2019-08-23 18:52:33 - [TEST_STEP][PASSED] - println(symbol): null

2019-08-23 18:52:33 - [TEST_STEP][PASSED] - if (i == 2 &amp;&amp; wildList.indexOf(symbol) != -1): null

2019-08-23 18:52:33 - [TEST_STEP][PASSED] - if (i == 3 &amp;&amp; wildList.indexOf(symbol) != -1): null

2019-08-23 18:52:33 - [TEST_STEP][PASSED] - if (i == 4 &amp;&amp; wildList.indexOf(symbol) != -1): null

2019-08-23 18:52:33 - [TEST_STEP][PASSED] - symbol = symbol: null

2019-08-23 18:52:33 - [TEST_STEP][PASSED] - println(symbol): null

2019-08-23 18:52:33 - [TEST_STEP][PASSED] - if (i == 2 &amp;&amp; wildList.indexOf(symbol) != -1): null

2019-08-23 18:52:33 - [TEST_STEP][PASSED] - if (i == 3 &amp;&amp; wildList.indexOf(symbol) != -1): null

2019-08-23 18:52:33 - [TEST_STEP][PASSED] - if (i == 4 &amp;&amp; wildList.indexOf(symbol) != -1): null

2019-08-23 18:52:33 - [TEST_STEP][PASSED] - symbols = symbols: null

2019-08-23 18:52:33 - [TEST_STEP][PASSED] - for ([j = 0, j &lt; symbols.size(), (j++)]): null

2019-08-23 18:52:33 - [TEST_STEP][PASSED] - symbol = symbol: null

2019-08-23 18:52:33 - [TEST_STEP][PASSED] - println(symbol): null

2019-08-23 18:52:33 - [TEST_STEP][PASSED] - if (i == 2 &amp;&amp; wildList.indexOf(symbol) != -1): null

2019-08-23 18:52:33 - [TEST_STEP][PASSED] - if (i == 3 &amp;&amp; wildList.indexOf(symbol) != -1): null

2019-08-23 18:52:33 - [TEST_STEP][PASSED] - if (i == 4 &amp;&amp; wildList.indexOf(symbol) != -1): null

2019-08-23 18:52:33 - [TEST_STEP][PASSED] - symbol = symbol: null

2019-08-23 18:52:33 - [TEST_STEP][PASSED] - println(symbol): null

2019-08-23 18:52:33 - [TEST_STEP][PASSED] - if (i == 2 &amp;&amp; wildList.indexOf(symbol) != -1): null

2019-08-23 18:52:33 - [TEST_STEP][PASSED] - println("wild found on reel 3, adding counter by 1"): null

2019-08-23 18:52:33 - [TEST_STEP][PASSED] - free_spin_reel_counter[0] = free_spin_reel_counter[0] + 1: null

2019-08-23 18:52:33 - [TEST_STEP][PASSED] - if (i == 3 &amp;&amp; wildList.indexOf(symbol) != -1): null

2019-08-23 18:52:33 - [TEST_STEP][PASSED] - if (i == 4 &amp;&amp; wildList.indexOf(symbol) != -1): null

2019-08-23 18:52:33 - [TEST_STEP][PASSED] - symbol = symbol: null

2019-08-23 18:52:33 - [TEST_STEP][PASSED] - println(symbol): null

2019-08-23 18:52:33 - [TEST_STEP][PASSED] - if (i == 2 &amp;&amp; wildList.indexOf(symbol) != -1): null

2019-08-23 18:52:33 - [TEST_STEP][PASSED] - if (i == 3 &amp;&amp; wildList.indexOf(symbol) != -1): null

2019-08-23 18:52:33 - [TEST_STEP][PASSED] - if (i == 4 &amp;&amp; wildList.indexOf(symbol) != -1): null

2019-08-23 18:52:33 - [TEST_STEP][PASSED] - symbols = symbols: null

2019-08-23 18:52:33 - [TEST_STEP][PASSED] - for ([j = 0, j &lt; symbols.size(), (j++)]): null

2019-08-23 18:52:33 - [TEST_STEP][PASSED] - symbol = symbol: null

2019-08-23 18:52:33 - [TEST_STEP][PASSED] - println(symbol): null

2019-08-23 18:52:33 - [TEST_STEP][PASSED] - if (i == 2 &amp;&amp; wildList.indexOf(symbol) != -1): null

2019-08-23 18:52:33 - [TEST_STEP][PASSED] - if (i == 3 &amp;&amp; wildList.indexOf(symbol) != -1): null

2019-08-23 18:52:33 - [TEST_STEP][PASSED] - if (i == 4 &amp;&amp; wildList.indexOf(symbol) != -1): null

2019-08-23 18:52:33 - [TEST_STEP][PASSED] - symbol = symbol: null

2019-08-23 18:52:33 - [TEST_STEP][PASSED] - println(symbol): null

2019-08-23 18:52:33 - [TEST_STEP][PASSED] - if (i == 2 &amp;&amp; wildList.indexOf(symbol) != -1): null

2019-08-23 18:52:33 - [TEST_STEP][PASSED] - if (i == 3 &amp;&amp; wildList.indexOf(symbol) != -1): null

2019-08-23 18:52:35 - [TEST_STEP][PASSED] - if (i == 4 &amp;&amp; wildList.indexOf(symbol) != -1): null

2019-08-23 18:52:35 - [TEST_STEP][PASSED] - symbol = symbol: null

2019-08-23 18:52:35 - [TEST_STEP][PASSED] - println(symbol): null

2019-08-23 18:52:35 - [TEST_STEP][PASSED] - if (i == 2 &amp;&amp; wildList.indexOf(symbol) != -1): null

2019-08-23 18:52:35 - [TEST_STEP][PASSED] - if (i == 3 &amp;&amp; wildList.indexOf(symbol) != -1): null

2019-08-23 18:52:35 - [TEST_STEP][PASSED] - if (i == 4 &amp;&amp; wildList.indexOf(symbol) != -1): null

2019-08-23 18:52:35 - [TEST_STEP][PASSED] - symbols = symbols: null

2019-08-23 18:52:35 - [TEST_STEP][PASSED] - for ([j = 0, j &lt; symbols.size(), (j++)]): null

2019-08-23 18:52:35 - [TEST_STEP][PASSED] - symbol = symbol: null

2019-08-23 18:52:35 - [TEST_STEP][PASSED] - println(symbol): null

2019-08-23 18:52:35 - [TEST_STEP][PASSED] - if (i == 2 &amp;&amp; wildList.indexOf(symbol) != -1): null

2019-08-23 18:52:35 - [TEST_STEP][PASSED] - if (i == 3 &amp;&amp; wildList.indexOf(symbol) != -1): null

2019-08-23 18:52:35 - [TEST_STEP][PASSED] - if (i == 4 &amp;&amp; wildList.indexOf(symbol) != -1): null

2019-08-23 18:52:35 - [TEST_STEP][PASSED] - symbol = symbol: null

2019-08-23 18:52:35 - [TEST_STEP][PASSED] - println(symbol): null

2019-08-23 18:52:35 - [TEST_STEP][PASSED] - if (i == 2 &amp;&amp; wildList.indexOf(symbol) != -1): null

2019-08-23 18:52:35 - [TEST_STEP][PASSED] - if (i == 3 &amp;&amp; wildList.indexOf(symbol) != -1): null

2019-08-23 18:52:35 - [TEST_STEP][PASSED] - if (i == 4 &amp;&amp; wildList.indexOf(symbol) != -1): null

2019-08-23 18:52:35 - [TEST_STEP][PASSED] - symbol = symbol: null

2019-08-23 18:52:35 - [TEST_STEP][PASSED] - println(symbol): null

2019-08-23 18:52:35 - [TEST_STEP][PASSED] - if (i == 2 &amp;&amp; wildList.indexOf(symbol) != -1): null

2019-08-23 18:52:35 - [TEST_STEP][PASSED] - if (i == 3 &amp;&amp; wildList.indexOf(symbol) != -1): null

2019-08-23 18:52:35 - [TEST_STEP][PASSED] - if (i == 4 &amp;&amp; wildList.indexOf(symbol) != -1): null

2019-08-23 18:52:35 - [TEST_STEP][PASSED] - println("wild found on reel 5, adding counter by 1"): null

2019-08-23 18:52:35 - [TEST_STEP][PASSED] - free_spin_reel_counter[2] = free_spin_reel_counter[2] + 1: null

2019-08-23 18:52:35 - [TEST_STEP][PASSED] - free_spin_reel_counter = free_spin_reel_counter: null

2019-08-23 18:52:35 - [TEST_STEP][PASSED] - println("reel 3 wild found: " + free_spin_reel_counter[0]): null

2019-08-23 18:52:35 - [TEST_STEP][PASSED] - println("reel 4 wild found: " + free_spin_reel_counter[1]): null

2019-08-23 18:52:35 - [TEST_STEP][PASSED] - println("reel 5 wild found: " + free_spin_reel_counter[2]): null

2019-08-23 18:52:35 - [TEST_STEP][PASSED] - M4_spin_reels = M4_spin_reels: null

2019-08-23 18:52:35 - [TEST_STEP][PASSED] - M4_spin_reels_symbols = symbol: null

2019-08-23 18:52:35 - [TEST_STEP][PASSED] - M4_spin_reels_symbols = M4_spin_reels_symbols: null

2019-08-23 18:52:35 - [TEST_STEP][PASSED] - M4_spin_reel_wins = reel_wins: null

2019-08-23 18:52:35 - [TEST_STEP][PASSED] - M4_spin_reel_wins = M4_spin_reel_wins: null

2019-08-23 18:52:35 - [TEST_STEP][PASSED] - println("GlobalVariable.M4_spin_reel_wins is: " + M4_spin_reel_wins): null

2019-08-23 18:52:35 - [TEST_STEP][PASSED] - M4_spin_total_bonus_win_this_round = total_bonus_win_this_round: null

2019-08-23 18:52:35 - [TEST_STEP][PASSED] - M4_spin_total_bonus_win_this_round = M4_spin_total_bonus_win_this_round: null

2019-08-23 18:52:35 - [TEST_STEP][PASSED] - println("GlobalVariable.M4_spin_total_bonus_win_this_round is: " + M4_spin_total_bonus_win_this_round): null

2019-08-23 18:52:35 - [TEST_STEP][PASSED] - M4_spin_bonus_spin_result = spin_result: null

2019-08-23 18:52:35 - [TEST_STEP][PASSED] - M4_spin_bonus_spin_result = M4_spin_bonus_spin_result: null

2019-08-23 18:52:35 - [MESSAGE][PASSED] - Verify response successfully

2019-08-23 18:52:35 - [MESSAGE][PASSED] - Send request and verify the response successfully

2019-08-23 18:52:35 - [TEST_STEP][PASSED] - if (free_spin_reel_counter[0] &gt;= 1 &amp;&amp; free_spin_reel_counter[1] &gt;= 1 &amp;&amp; free_spin_reel_counter[2] &gt;= 1): null

2019-08-23 18:52:35 - [TEST_STEP][PASSED] - spin_result = sendRequestAndVerify(findTestObject("INT/RGS(M4)/1_M4_spin", ["M4_login_user_id":M4_login_user_id, "rgs_session_token":rgs_session_token, "partner":Partner])): Send request and verify the response successfully

2019-08-23 18:52:35 - [MESSAGE][INFO] - HAR: /Users/eiralee/Katalon_Script/SuperWild/Reports/20190823_184757/INT/superWild_1/20190823_184757/requests/main/70.har

2019-08-23 18:52:35 - [TEST_CASE][PASSED] - Start Test Case : Verification: Verification accomplished successfully

2019-08-23 18:52:35 - [TEST_STEP][PASSED] - request = getInstance().getCurrentRequest(): null

2019-08-23 18:52:35 - [TEST_STEP][PASSED] - response = getInstance().getCurrentResponse(): null

2019-08-23 18:52:35 - [TEST_STEP][PASSED] - verifyResponseStatusCode(response, 200): Verify response status code successfully

2019-08-23 18:52:35 - [MESSAGE][PASSED] - Verify response status code successfully

2019-08-23 18:52:35 - [TEST_STEP][PASSED] - getStatusCode()).isEqualTo(200): null

2019-08-23 18:52:35 - [TEST_STEP][PASSED] - newline = System.getProperty("line.separator"): null

2019-08-23 18:52:35 - [TEST_STEP][PASSED] - M4_spin = new groovy.json.JsonSlurper(): null

2019-08-23 18:52:35 - [TEST_STEP][PASSED] - result_M4_spin = M4_spin.parseText(response.getResponseBodyContent()): null

2019-08-23 18:52:35 - [TEST_STEP][PASSED] - M4_spin_current_balance = current_balance: null

2019-08-23 18:52:35 - [TEST_STEP][PASSED] - M4_spin_current_balance = M4_spin_current_balance: null

2019-08-23 18:52:35 - [TEST_STEP][PASSED] - M4_spin_transaction_id = causality: null

2019-08-23 18:52:35 - [TEST_STEP][PASSED] - M4_spin_transaction_id = M4_spin_transaction_id: null

2019-08-23 18:52:35 - [TEST_STEP][PASSED] - M4_spin_round_id = round_id: null

2019-08-23 18:52:35 - [TEST_STEP][PASSED] - M4_spin_round_id = M4_spin_round_id: null

2019-08-23 18:52:35 - [TEST_STEP][PASSED] - M4_spin_line_wins = line_wins: null

2019-08-23 18:52:35 - [TEST_STEP][PASSED] - M4_spin_line_wins = M4_spin_line_wins: null

2019-08-23 18:52:35 - [TEST_STEP][PASSED] - M4_total_bonus_spins_int = total_bonus_spins: null

2019-08-23 18:52:35 - [TEST_STEP][PASSED] - println("******M4_total_bonus_spins type is:*******" + newline + getClass().getName()): null

2019-08-23 18:52:35 - [TEST_STEP][PASSED] - M4_total_bonus_spins_int = M4_total_bonus_spins_int: null

2019-08-23 18:52:35 - [TEST_STEP][PASSED] - M4_total_bonus_spins = Integer.toString(M4_total_bonus_spins_int): null

2019-08-23 18:52:35 - [TEST_STEP][PASSED] - M4_total_bonus_spins = M4_total_bonus_spins: null

2019-08-23 18:52:35 - [TEST_STEP][PASSED] - println("M4_total_bonus_spins is:" + M4_total_bonus_spins): null

2019-08-23 18:52:35 - [TEST_STEP][PASSED] - M4_spin_bonus_data = bonus_data: null

2019-08-23 18:52:35 - [TEST_STEP][PASSED] - M4_spin_features_triggered = result_M4_spin: null

2019-08-23 18:52:35 - [TEST_STEP][PASSED] - wild = []: null

2019-08-23 18:52:35 - [TEST_STEP][PASSED] - wild[0] = "WILD_Expanding": null

2019-08-23 18:52:35 - [TEST_STEP][PASSED] - wild[1] = "WILD_Normal": null

2019-08-23 18:52:35 - [TEST_STEP][PASSED] - wild[2] = "WILD_Double": null

2019-08-23 18:52:35 - [TEST_STEP][PASSED] - wild[3] = "WILD_ExtraFG": null

2019-08-23 18:52:35 - [TEST_STEP][PASSED] - wild[4] = "WILD_Triple": null

2019-08-23 18:52:35 - [TEST_STEP][PASSED] - wildList = Arrays.asList(wild): null

2019-08-23 18:52:35 - [TEST_STEP][PASSED] - wildList = wildList: null

2019-08-23 18:52:35 - [TEST_STEP][PASSED] - free_spin_reel_counter = []: null

2019-08-23 18:52:35 - [TEST_STEP][PASSED] - free_spin_reel_counter[0] = 0: null

2019-08-23 18:52:35 - [TEST_STEP][PASSED] - free_spin_reel_counter[1] = 0: null

2019-08-23 18:52:35 - [TEST_STEP][PASSED] - free_spin_reel_counter[2] = 0: null

2019-08-23 18:52:35 - [TEST_STEP][PASSED] - M4_spin_reels = reels: null

2019-08-23 18:52:35 - [TEST_STEP][PASSED] - for ([i = 0, i &lt; M4_spin_reels.size(), (i++)]): null

2019-08-23 18:52:35 - [TEST_STEP][PASSED] - symbols = symbols: null

2019-08-23 18:52:35 - [TEST_STEP][PASSED] - for ([j = 0, j &lt; symbols.size(), (j++)]): null

2019-08-23 18:52:35 - [TEST_STEP][PASSED] - symbol = symbol: null

2019-08-23 18:52:35 - [TEST_STEP][PASSED] - println(symbol): null

2019-08-23 18:52:35 - [TEST_STEP][PASSED] - if (i == 2 &amp;&amp; wildList.indexOf(symbol) != -1): null

2019-08-23 18:52:35 - [TEST_STEP][PASSED] - if (i == 3 &amp;&amp; wildList.indexOf(symbol) != -1): null

2019-08-23 18:52:35 - [TEST_STEP][PASSED] - if (i == 4 &amp;&amp; wildList.indexOf(symbol) != -1): null

2019-08-23 18:52:35 - [TEST_STEP][PASSED] - symbol = symbol: null

2019-08-23 18:52:35 - [TEST_STEP][PASSED] - println(symbol): null

2019-08-23 18:52:35 - [TEST_STEP][PASSED] - if (i == 2 &amp;&amp; wildList.indexOf(symbol) != -1): null

2019-08-23 18:52:35 - [TEST_STEP][PASSED] - if (i == 3 &amp;&amp; wildList.indexOf(symbol) != -1): null

2019-08-23 18:52:35 - [TEST_STEP][PASSED] - if (i == 4 &amp;&amp; wildList.indexOf(symbol) != -1): null

2019-08-23 18:52:35 - [TEST_STEP][PASSED] - symbol = symbol: null

2019-08-23 18:52:35 - [TEST_STEP][PASSED] - println(symbol): null

2019-08-23 18:52:35 - [TEST_STEP][PASSED] - if (i == 2 &amp;&amp; wildList.indexOf(symbol) != -1): null

2019-08-23 18:52:35 - [TEST_STEP][PASSED] - if (i == 3 &amp;&amp; wildList.indexOf(symbol) != -1): null

2019-08-23 18:52:35 - [TEST_STEP][PASSED] - if (i == 4 &amp;&amp; wildList.indexOf(symbol) != -1): null

2019-08-23 18:52:35 - [TEST_STEP][PASSED] - symbols = symbols: null

2019-08-23 18:52:35 - [TEST_STEP][PASSED] - for ([j = 0, j &lt; symbols.size(), (j++)]): null

2019-08-23 18:52:35 - [TEST_STEP][PASSED] - symbol = symbol: null

2019-08-23 18:52:35 - [TEST_STEP][PASSED] - println(symbol): null

2019-08-23 18:52:35 - [TEST_STEP][PASSED] - if (i == 2 &amp;&amp; wildList.indexOf(symbol) != -1): null

2019-08-23 18:52:35 - [TEST_STEP][PASSED] - if (i == 3 &amp;&amp; wildList.indexOf(symbol) != -1): null

2019-08-23 18:52:35 - [TEST_STEP][PASSED] - if (i == 4 &amp;&amp; wildList.indexOf(symbol) != -1): null

2019-08-23 18:52:35 - [TEST_STEP][PASSED] - symbol = symbol: null

2019-08-23 18:52:35 - [TEST_STEP][PASSED] - println(symbol): null

2019-08-23 18:52:35 - [TEST_STEP][PASSED] - if (i == 2 &amp;&amp; wildList.indexOf(symbol) != -1): null

2019-08-23 18:52:35 - [TEST_STEP][PASSED] - if (i == 3 &amp;&amp; wildList.indexOf(symbol) != -1): null

2019-08-23 18:52:35 - [TEST_STEP][PASSED] - if (i == 4 &amp;&amp; wildList.indexOf(symbol) != -1): null

2019-08-23 18:52:35 - [TEST_STEP][PASSED] - symbol = symbol: null

2019-08-23 18:52:35 - [TEST_STEP][PASSED] - println(symbol): null

2019-08-23 18:52:35 - [TEST_STEP][PASSED] - if (i == 2 &amp;&amp; wildList.indexOf(symbol) != -1): null

2019-08-23 18:52:35 - [TEST_STEP][PASSED] - if (i == 3 &amp;&amp; wildList.indexOf(symbol) != -1): null

2019-08-23 18:52:35 - [TEST_STEP][PASSED] - if (i == 4 &amp;&amp; wildList.indexOf(symbol) != -1): null

2019-08-23 18:52:35 - [TEST_STEP][PASSED] - symbols = symbols: null

2019-08-23 18:52:35 - [TEST_STEP][PASSED] - for ([j = 0, j &lt; symbols.size(), (j++)]): null

2019-08-23 18:52:35 - [TEST_STEP][PASSED] - symbol = symbol: null

2019-08-23 18:52:35 - [TEST_STEP][PASSED] - println(symbol): null

2019-08-23 18:52:35 - [TEST_STEP][PASSED] - if (i == 2 &amp;&amp; wildList.indexOf(symbol) != -1): null

2019-08-23 18:52:35 - [TEST_STEP][PASSED] - if (i == 3 &amp;&amp; wildList.indexOf(symbol) != -1): null

2019-08-23 18:52:35 - [TEST_STEP][PASSED] - if (i == 4 &amp;&amp; wildList.indexOf(symbol) != -1): null

2019-08-23 18:52:35 - [TEST_STEP][PASSED] - symbol = symbol: null

2019-08-23 18:52:35 - [TEST_STEP][PASSED] - println(symbol): null

2019-08-23 18:52:35 - [TEST_STEP][PASSED] - if (i == 2 &amp;&amp; wildList.indexOf(symbol) != -1): null

2019-08-23 18:52:35 - [TEST_STEP][PASSED] - if (i == 3 &amp;&amp; wildList.indexOf(symbol) != -1): null

2019-08-23 18:52:35 - [TEST_STEP][PASSED] - if (i == 4 &amp;&amp; wildList.indexOf(symbol) != -1): null

2019-08-23 18:52:35 - [TEST_STEP][PASSED] - symbol = symbol: null

2019-08-23 18:52:35 - [TEST_STEP][PASSED] - println(symbol): null

2019-08-23 18:52:35 - [TEST_STEP][PASSED] - if (i == 2 &amp;&amp; wildList.indexOf(symbol) != -1): null

2019-08-23 18:52:35 - [TEST_STEP][PASSED] - if (i == 3 &amp;&amp; wildList.indexOf(symbol) != -1): null

2019-08-23 18:52:35 - [TEST_STEP][PASSED] - if (i == 4 &amp;&amp; wildList.indexOf(symbol) != -1): null

2019-08-23 18:52:35 - [TEST_STEP][PASSED] - symbols = symbols: null

2019-08-23 18:52:35 - [TEST_STEP][PASSED] - for ([j = 0, j &lt; symbols.size(), (j++)]): null

2019-08-23 18:52:35 - [TEST_STEP][PASSED] - symbol = symbol: null

2019-08-23 18:52:35 - [TEST_STEP][PASSED] - println(symbol): null

2019-08-23 18:52:35 - [TEST_STEP][PASSED] - if (i == 2 &amp;&amp; wildList.indexOf(symbol) != -1): null

2019-08-23 18:52:35 - [TEST_STEP][PASSED] - if (i == 3 &amp;&amp; wildList.indexOf(symbol) != -1): null

2019-08-23 18:52:35 - [TEST_STEP][PASSED] - if (i == 4 &amp;&amp; wildList.indexOf(symbol) != -1): null

2019-08-23 18:52:35 - [TEST_STEP][PASSED] - symbol = symbol: null

2019-08-23 18:52:35 - [TEST_STEP][PASSED] - println(symbol): null

2019-08-23 18:52:35 - [TEST_STEP][PASSED] - if (i == 2 &amp;&amp; wildList.indexOf(symbol) != -1): null

2019-08-23 18:52:35 - [TEST_STEP][PASSED] - if (i == 3 &amp;&amp; wildList.indexOf(symbol) != -1): null

2019-08-23 18:52:35 - [TEST_STEP][PASSED] - println("wild found on reel 4, adding counter by 1"): null

2019-08-23 18:52:35 - [TEST_STEP][PASSED] - free_spin_reel_counter[1] = free_spin_reel_counter[1] + 1: null

2019-08-23 18:52:35 - [TEST_STEP][PASSED] - if (i == 4 &amp;&amp; wildList.indexOf(symbol) != -1): null

2019-08-23 18:52:35 - [TEST_STEP][PASSED] - symbol = symbol: null

2019-08-23 18:52:35 - [TEST_STEP][PASSED] - println(symbol): null

2019-08-23 18:52:35 - [TEST_STEP][PASSED] - if (i == 2 &amp;&amp; wildList.indexOf(symbol) != -1): null

2019-08-23 18:52:35 - [TEST_STEP][PASSED] - if (i == 3 &amp;&amp; wildList.indexOf(symbol) != -1): null

2019-08-23 18:52:35 - [TEST_STEP][PASSED] - if (i == 4 &amp;&amp; wildList.indexOf(symbol) != -1): null

2019-08-23 18:52:35 - [TEST_STEP][PASSED] - symbols = symbols: null

2019-08-23 18:52:35 - [TEST_STEP][PASSED] - for ([j = 0, j &lt; symbols.size(), (j++)]): null

2019-08-23 18:52:35 - [TEST_STEP][PASSED] - symbol = symbol: null

2019-08-23 18:52:35 - [TEST_STEP][PASSED] - println(symbol): null

2019-08-23 18:52:35 - [TEST_STEP][PASSED] - if (i == 2 &amp;&amp; wildList.indexOf(symbol) != -1): null

2019-08-23 18:52:35 - [TEST_STEP][PASSED] - if (i == 3 &amp;&amp; wildList.indexOf(symbol) != -1): null

2019-08-23 18:52:35 - [TEST_STEP][PASSED] - if (i == 4 &amp;&amp; wildList.indexOf(symbol) != -1): null

2019-08-23 18:52:35 - [TEST_STEP][PASSED] - symbol = symbol: null

2019-08-23 18:52:35 - [TEST_STEP][PASSED] - println(symbol): null

2019-08-23 18:52:35 - [TEST_STEP][PASSED] - if (i == 2 &amp;&amp; wildList.indexOf(symbol) != -1): null

2019-08-23 18:52:35 - [TEST_STEP][PASSED] - if (i == 3 &amp;&amp; wildList.indexOf(symbol) != -1): null

2019-08-23 18:52:35 - [TEST_STEP][PASSED] - if (i == 4 &amp;&amp; wildList.indexOf(symbol) != -1): null

2019-08-23 18:52:35 - [TEST_STEP][PASSED] - symbol = symbol: null

2019-08-23 18:52:35 - [TEST_STEP][PASSED] - println(symbol): null

2019-08-23 18:52:35 - [TEST_STEP][PASSED] - if (i == 2 &amp;&amp; wildList.indexOf(symbol) != -1): null

2019-08-23 18:52:35 - [TEST_STEP][PASSED] - if (i == 3 &amp;&amp; wildList.indexOf(symbol) != -1): null

2019-08-23 18:52:35 - [TEST_STEP][PASSED] - if (i == 4 &amp;&amp; wildList.indexOf(symbol) != -1): null

2019-08-23 18:52:35 - [TEST_STEP][PASSED] - free_spin_reel_counter = free_spin_reel_counter: null

2019-08-23 18:52:35 - [TEST_STEP][PASSED] - println("reel 3 wild found: " + free_spin_reel_counter[0]): null

2019-08-23 18:52:35 - [TEST_STEP][PASSED] - println("reel 4 wild found: " + free_spin_reel_counter[1]): null

2019-08-23 18:52:35 - [TEST_STEP][PASSED] - println("reel 5 wild found: " + free_spin_reel_counter[2]): null

2019-08-23 18:52:35 - [TEST_STEP][PASSED] - M4_spin_reels = M4_spin_reels: null

2019-08-23 18:52:35 - [TEST_STEP][PASSED] - M4_spin_reels_symbols = symbol: null

2019-08-23 18:52:35 - [TEST_STEP][PASSED] - M4_spin_reels_symbols = M4_spin_reels_symbols: null

2019-08-23 18:52:35 - [TEST_STEP][PASSED] - M4_spin_reel_wins = reel_wins: null

2019-08-23 18:52:35 - [TEST_STEP][PASSED] - M4_spin_reel_wins = M4_spin_reel_wins: null

2019-08-23 18:52:35 - [TEST_STEP][PASSED] - println("GlobalVariable.M4_spin_reel_wins is: " + M4_spin_reel_wins): null

2019-08-23 18:52:35 - [TEST_STEP][PASSED] - M4_spin_total_bonus_win_this_round = total_bonus_win_this_round: null

2019-08-23 18:52:35 - [TEST_STEP][PASSED] - M4_spin_total_bonus_win_this_round = M4_spin_total_bonus_win_this_round: null

2019-08-23 18:52:35 - [TEST_STEP][PASSED] - println("GlobalVariable.M4_spin_total_bonus_win_this_round is: " + M4_spin_total_bonus_win_this_round): null

2019-08-23 18:52:35 - [TEST_STEP][PASSED] - M4_spin_bonus_spin_result = spin_result: null

2019-08-23 18:52:35 - [TEST_STEP][PASSED] - M4_spin_bonus_spin_result = M4_spin_bonus_spin_result: null

2019-08-23 18:52:35 - [MESSAGE][PASSED] - Verify response successfully

2019-08-23 18:52:35 - [MESSAGE][PASSED] - Send request and verify the response successfully

2019-08-23 18:52:35 - [TEST_STEP][PASSED] - if (free_spin_reel_counter[0] &gt;= 1 &amp;&amp; free_spin_reel_counter[1] &gt;= 1 &amp;&amp; free_spin_reel_counter[2] &gt;= 1): null

2019-08-23 18:52:35 - [TEST_STEP][PASSED] - spin_result = sendRequestAndVerify(findTestObject("INT/RGS(M4)/1_M4_spin", ["M4_login_user_id":M4_login_user_id, "rgs_session_token":rgs_session_token, "partner":Partner])): Send request and verify the response successfully

2019-08-23 18:52:36 - [MESSAGE][INFO] - HAR: /Users/eiralee/Katalon_Script/SuperWild/Reports/20190823_184757/INT/superWild_1/20190823_184757/requests/main/71.har

2019-08-23 18:52:36 - [TEST_CASE][PASSED] - Start Test Case : Verification: Verification accomplished successfully

2019-08-23 18:52:36 - [TEST_STEP][PASSED] - request = getInstance().getCurrentRequest(): null

2019-08-23 18:52:36 - [TEST_STEP][PASSED] - response = getInstance().getCurrentResponse(): null

2019-08-23 18:52:36 - [TEST_STEP][PASSED] - verifyResponseStatusCode(response, 200): Verify response status code successfully

2019-08-23 18:52:36 - [MESSAGE][PASSED] - Verify response status code successfully

2019-08-23 18:52:36 - [TEST_STEP][PASSED] - getStatusCode()).isEqualTo(200): null

2019-08-23 18:52:36 - [TEST_STEP][PASSED] - newline = System.getProperty("line.separator"): null

2019-08-23 18:52:36 - [TEST_STEP][PASSED] - M4_spin = new groovy.json.JsonSlurper(): null

2019-08-23 18:52:36 - [TEST_STEP][PASSED] - result_M4_spin = M4_spin.parseText(response.getResponseBodyContent()): null

2019-08-23 18:52:36 - [TEST_STEP][PASSED] - M4_spin_current_balance = current_balance: null

2019-08-23 18:52:36 - [TEST_STEP][PASSED] - M4_spin_current_balance = M4_spin_current_balance: null

2019-08-23 18:52:36 - [TEST_STEP][PASSED] - M4_spin_transaction_id = causality: null

2019-08-23 18:52:36 - [TEST_STEP][PASSED] - M4_spin_transaction_id = M4_spin_transaction_id: null

2019-08-23 18:52:36 - [TEST_STEP][PASSED] - M4_spin_round_id = round_id: null

2019-08-23 18:52:36 - [TEST_STEP][PASSED] - M4_spin_round_id = M4_spin_round_id: null

2019-08-23 18:52:36 - [TEST_STEP][PASSED] - M4_spin_line_wins = line_wins: null

2019-08-23 18:52:36 - [TEST_STEP][PASSED] - M4_spin_line_wins = M4_spin_line_wins: null

2019-08-23 18:52:36 - [TEST_STEP][PASSED] - M4_total_bonus_spins_int = total_bonus_spins: null

2019-08-23 18:52:36 - [TEST_STEP][PASSED] - println("******M4_total_bonus_spins type is:*******" + newline + getClass().getName()): null

2019-08-23 18:52:36 - [TEST_STEP][PASSED] - M4_total_bonus_spins_int = M4_total_bonus_spins_int: null

2019-08-23 18:52:36 - [TEST_STEP][PASSED] - M4_total_bonus_spins = Integer.toString(M4_total_bonus_spins_int): null

2019-08-23 18:52:36 - [TEST_STEP][PASSED] - M4_total_bonus_spins = M4_total_bonus_spins: null

2019-08-23 18:52:36 - [TEST_STEP][PASSED] - println("M4_total_bonus_spins is:" + M4_total_bonus_spins): null

2019-08-23 18:52:36 - [TEST_STEP][PASSED] - M4_spin_bonus_data = bonus_data: null

2019-08-23 18:52:36 - [TEST_STEP][PASSED] - M4_spin_features_triggered = result_M4_spin: null

2019-08-23 18:52:36 - [TEST_STEP][PASSED] - wild = []: null

2019-08-23 18:52:36 - [TEST_STEP][PASSED] - wild[0] = "WILD_Expanding": null

2019-08-23 18:52:36 - [TEST_STEP][PASSED] - wild[1] = "WILD_Normal": null

2019-08-23 18:52:36 - [TEST_STEP][PASSED] - wild[2] = "WILD_Double": null

2019-08-23 18:52:36 - [TEST_STEP][PASSED] - wild[3] = "WILD_ExtraFG": null

2019-08-23 18:52:36 - [TEST_STEP][PASSED] - wild[4] = "WILD_Triple": null

2019-08-23 18:52:36 - [TEST_STEP][PASSED] - wildList = Arrays.asList(wild): null

2019-08-23 18:52:36 - [TEST_STEP][PASSED] - wildList = wildList: null

2019-08-23 18:52:36 - [TEST_STEP][PASSED] - free_spin_reel_counter = []: null

2019-08-23 18:52:36 - [TEST_STEP][PASSED] - free_spin_reel_counter[0] = 0: null

2019-08-23 18:52:36 - [TEST_STEP][PASSED] - free_spin_reel_counter[1] = 0: null

2019-08-23 18:52:36 - [TEST_STEP][PASSED] - free_spin_reel_counter[2] = 0: null

2019-08-23 18:52:36 - [TEST_STEP][PASSED] - M4_spin_reels = reels: null

2019-08-23 18:52:36 - [TEST_STEP][PASSED] - for ([i = 0, i &lt; M4_spin_reels.size(), (i++)]): null

2019-08-23 18:52:36 - [TEST_STEP][PASSED] - symbols = symbols: null

2019-08-23 18:52:36 - [TEST_STEP][PASSED] - for ([j = 0, j &lt; symbols.size(), (j++)]): null

2019-08-23 18:52:36 - [TEST_STEP][PASSED] - symbol = symbol: null

2019-08-23 18:52:36 - [TEST_STEP][PASSED] - println(symbol): null

2019-08-23 18:52:36 - [TEST_STEP][PASSED] - if (i == 2 &amp;&amp; wildList.indexOf(symbol) != -1): null

2019-08-23 18:52:36 - [TEST_STEP][PASSED] - if (i == 3 &amp;&amp; wildList.indexOf(symbol) != -1): null

2019-08-23 18:52:36 - [TEST_STEP][PASSED] - if (i == 4 &amp;&amp; wildList.indexOf(symbol) != -1): null

2019-08-23 18:52:36 - [TEST_STEP][PASSED] - symbol = symbol: null

2019-08-23 18:52:36 - [TEST_STEP][PASSED] - println(symbol): null

2019-08-23 18:52:36 - [TEST_STEP][PASSED] - if (i == 2 &amp;&amp; wildList.indexOf(symbol) != -1): null

2019-08-23 18:52:36 - [TEST_STEP][PASSED] - if (i == 3 &amp;&amp; wildList.indexOf(symbol) != -1): null

2019-08-23 18:52:36 - [TEST_STEP][PASSED] - if (i == 4 &amp;&amp; wildList.indexOf(symbol) != -1): null

2019-08-23 18:52:36 - [TEST_STEP][PASSED] - symbol = symbol: null

2019-08-23 18:52:36 - [TEST_STEP][PASSED] - println(symbol): null

2019-08-23 18:52:36 - [TEST_STEP][PASSED] - if (i == 2 &amp;&amp; wildList.indexOf(symbol) != -1): null

2019-08-23 18:52:36 - [TEST_STEP][PASSED] - if (i == 3 &amp;&amp; wildList.indexOf(symbol) != -1): null

2019-08-23 18:52:36 - [TEST_STEP][PASSED] - if (i == 4 &amp;&amp; wildList.indexOf(symbol) != -1): null

2019-08-23 18:52:36 - [TEST_STEP][PASSED] - symbols = symbols: null

2019-08-23 18:52:36 - [TEST_STEP][PASSED] - for ([j = 0, j &lt; symbols.size(), (j++)]): null

2019-08-23 18:52:36 - [TEST_STEP][PASSED] - symbol = symbol: null

2019-08-23 18:52:36 - [TEST_STEP][PASSED] - println(symbol): null

2019-08-23 18:52:36 - [TEST_STEP][PASSED] - if (i == 2 &amp;&amp; wildList.indexOf(symbol) != -1): null

2019-08-23 18:52:36 - [TEST_STEP][PASSED] - if (i == 3 &amp;&amp; wildList.indexOf(symbol) != -1): null

2019-08-23 18:52:36 - [TEST_STEP][PASSED] - if (i == 4 &amp;&amp; wildList.indexOf(symbol) != -1): null

2019-08-23 18:52:36 - [TEST_STEP][PASSED] - symbol = symbol: null

2019-08-23 18:52:36 - [TEST_STEP][PASSED] - println(symbol): null

2019-08-23 18:52:36 - [TEST_STEP][PASSED] - if (i == 2 &amp;&amp; wildList.indexOf(symbol) != -1): null

2019-08-23 18:52:36 - [TEST_STEP][PASSED] - if (i == 3 &amp;&amp; wildList.indexOf(symbol) != -1): null

2019-08-23 18:52:36 - [TEST_STEP][PASSED] - if (i == 4 &amp;&amp; wildList.indexOf(symbol) != -1): null

2019-08-23 18:52:36 - [TEST_STEP][PASSED] - symbol = symbol: null

2019-08-23 18:52:36 - [TEST_STEP][PASSED] - println(symbol): null

2019-08-23 18:52:36 - [TEST_STEP][PASSED] - if (i == 2 &amp;&amp; wildList.indexOf(symbol) != -1): null

2019-08-23 18:52:36 - [TEST_STEP][PASSED] - if (i == 3 &amp;&amp; wildList.indexOf(symbol) != -1): null

2019-08-23 18:52:36 - [TEST_STEP][PASSED] - if (i == 4 &amp;&amp; wildList.indexOf(symbol) != -1): null

2019-08-23 18:52:36 - [TEST_STEP][PASSED] - symbols = symbols: null

2019-08-23 18:52:36 - [TEST_STEP][PASSED] - for ([j = 0, j &lt; symbols.size(), (j++)]): null

2019-08-23 18:52:36 - [TEST_STEP][PASSED] - symbol = symbol: null

2019-08-23 18:52:36 - [TEST_STEP][PASSED] - println(symbol): null

2019-08-23 18:52:36 - [TEST_STEP][PASSED] - if (i == 2 &amp;&amp; wildList.indexOf(symbol) != -1): null

2019-08-23 18:52:36 - [TEST_STEP][PASSED] - if (i == 3 &amp;&amp; wildList.indexOf(symbol) != -1): null

2019-08-23 18:52:36 - [TEST_STEP][PASSED] - if (i == 4 &amp;&amp; wildList.indexOf(symbol) != -1): null

2019-08-23 18:52:36 - [TEST_STEP][PASSED] - symbol = symbol: null

2019-08-23 18:52:36 - [TEST_STEP][PASSED] - println(symbol): null

2019-08-23 18:52:36 - [TEST_STEP][PASSED] - if (i == 2 &amp;&amp; wildList.indexOf(symbol) != -1): null

2019-08-23 18:52:36 - [TEST_STEP][PASSED] - if (i == 3 &amp;&amp; wildList.indexOf(symbol) != -1): null

2019-08-23 18:52:36 - [TEST_STEP][PASSED] - if (i == 4 &amp;&amp; wildList.indexOf(symbol) != -1): null

2019-08-23 18:52:36 - [TEST_STEP][PASSED] - symbol = symbol: null

2019-08-23 18:52:36 - [TEST_STEP][PASSED] - println(symbol): null

2019-08-23 18:52:36 - [TEST_STEP][PASSED] - if (i == 2 &amp;&amp; wildList.indexOf(symbol) != -1): null

2019-08-23 18:52:36 - [TEST_STEP][PASSED] - if (i == 3 &amp;&amp; wildList.indexOf(symbol) != -1): null

2019-08-23 18:52:36 - [TEST_STEP][PASSED] - if (i == 4 &amp;&amp; wildList.indexOf(symbol) != -1): null

2019-08-23 18:52:36 - [TEST_STEP][PASSED] - symbols = symbols: null

2019-08-23 18:52:36 - [TEST_STEP][PASSED] - for ([j = 0, j &lt; symbols.size(), (j++)]): null

2019-08-23 18:52:36 - [TEST_STEP][PASSED] - symbol = symbol: null

2019-08-23 18:52:36 - [TEST_STEP][PASSED] - println(symbol): null

2019-08-23 18:52:36 - [TEST_STEP][PASSED] - if (i == 2 &amp;&amp; wildList.indexOf(symbol) != -1): null

2019-08-23 18:52:36 - [TEST_STEP][PASSED] - if (i == 3 &amp;&amp; wildList.indexOf(symbol) != -1): null

2019-08-23 18:52:36 - [TEST_STEP][PASSED] - if (i == 4 &amp;&amp; wildList.indexOf(symbol) != -1): null

2019-08-23 18:52:36 - [TEST_STEP][PASSED] - symbol = symbol: null

2019-08-23 18:52:36 - [TEST_STEP][PASSED] - println(symbol): null

2019-08-23 18:52:36 - [TEST_STEP][PASSED] - if (i == 2 &amp;&amp; wildList.indexOf(symbol) != -1): null

2019-08-23 18:52:36 - [TEST_STEP][PASSED] - if (i == 3 &amp;&amp; wildList.indexOf(symbol) != -1): null

2019-08-23 18:52:36 - [TEST_STEP][PASSED] - if (i == 4 &amp;&amp; wildList.indexOf(symbol) != -1): null

2019-08-23 18:52:36 - [TEST_STEP][PASSED] - symbol = symbol: null

2019-08-23 18:52:36 - [TEST_STEP][PASSED] - println(symbol): null

2019-08-23 18:52:36 - [TEST_STEP][PASSED] - if (i == 2 &amp;&amp; wildList.indexOf(symbol) != -1): null

2019-08-23 18:52:36 - [TEST_STEP][PASSED] - if (i == 3 &amp;&amp; wildList.indexOf(symbol) != -1): null

2019-08-23 18:52:36 - [TEST_STEP][PASSED] - println("wild found on reel 4, adding counter by 1"): null

2019-08-23 18:52:36 - [TEST_STEP][PASSED] - free_spin_reel_counter[1] = free_spin_reel_counter[1] + 1: null

2019-08-23 18:52:36 - [TEST_STEP][PASSED] - if (i == 4 &amp;&amp; wildList.indexOf(symbol) != -1): null

2019-08-23 18:52:36 - [TEST_STEP][PASSED] - symbols = symbols: null

2019-08-23 18:52:36 - [TEST_STEP][PASSED] - for ([j = 0, j &lt; symbols.size(), (j++)]): null

2019-08-23 18:52:36 - [TEST_STEP][PASSED] - symbol = symbol: null

2019-08-23 18:52:36 - [TEST_STEP][PASSED] - println(symbol): null

2019-08-23 18:52:36 - [TEST_STEP][PASSED] - if (i == 2 &amp;&amp; wildList.indexOf(symbol) != -1): null

2019-08-23 18:52:36 - [TEST_STEP][PASSED] - if (i == 3 &amp;&amp; wildList.indexOf(symbol) != -1): null

2019-08-23 18:52:36 - [TEST_STEP][PASSED] - if (i == 4 &amp;&amp; wildList.indexOf(symbol) != -1): null

2019-08-23 18:52:36 - [TEST_STEP][PASSED] - symbol = symbol: null

2019-08-23 18:52:36 - [TEST_STEP][PASSED] - println(symbol): null

2019-08-23 18:52:36 - [TEST_STEP][PASSED] - if (i == 2 &amp;&amp; wildList.indexOf(symbol) != -1): null

2019-08-23 18:52:36 - [TEST_STEP][PASSED] - if (i == 3 &amp;&amp; wildList.indexOf(symbol) != -1): null

2019-08-23 18:52:36 - [TEST_STEP][PASSED] - if (i == 4 &amp;&amp; wildList.indexOf(symbol) != -1): null

2019-08-23 18:52:36 - [TEST_STEP][PASSED] - symbol = symbol: null

2019-08-23 18:52:36 - [TEST_STEP][PASSED] - println(symbol): null

2019-08-23 18:52:36 - [TEST_STEP][PASSED] - if (i == 2 &amp;&amp; wildList.indexOf(symbol) != -1): null

2019-08-23 18:52:36 - [TEST_STEP][PASSED] - if (i == 3 &amp;&amp; wildList.indexOf(symbol) != -1): null

2019-08-23 18:52:36 - [TEST_STEP][PASSED] - if (i == 4 &amp;&amp; wildList.indexOf(symbol) != -1): null

2019-08-23 18:52:36 - [TEST_STEP][PASSED] - free_spin_reel_counter = free_spin_reel_counter: null

2019-08-23 18:52:36 - [TEST_STEP][PASSED] - println("reel 3 wild found: " + free_spin_reel_counter[0]): null

2019-08-23 18:52:36 - [TEST_STEP][PASSED] - println("reel 4 wild found: " + free_spin_reel_counter[1]): null

2019-08-23 18:52:36 - [TEST_STEP][PASSED] - println("reel 5 wild found: " + free_spin_reel_counter[2]): null

2019-08-23 18:52:36 - [TEST_STEP][PASSED] - M4_spin_reels = M4_spin_reels: null

2019-08-23 18:52:38 - [TEST_STEP][PASSED] - M4_spin_reels_symbols = symbol: null

2019-08-23 18:52:38 - [TEST_STEP][PASSED] - M4_spin_reels_symbols = M4_spin_reels_symbols: null

2019-08-23 18:52:38 - [TEST_STEP][PASSED] - M4_spin_reel_wins = reel_wins: null

2019-08-23 18:52:38 - [TEST_STEP][PASSED] - M4_spin_reel_wins = M4_spin_reel_wins: null

2019-08-23 18:52:38 - [TEST_STEP][PASSED] - println("GlobalVariable.M4_spin_reel_wins is: " + M4_spin_reel_wins): null

2019-08-23 18:52:38 - [TEST_STEP][PASSED] - M4_spin_total_bonus_win_this_round = total_bonus_win_this_round: null

2019-08-23 18:52:38 - [TEST_STEP][PASSED] - M4_spin_total_bonus_win_this_round = M4_spin_total_bonus_win_this_round: null

2019-08-23 18:52:38 - [TEST_STEP][PASSED] - println("GlobalVariable.M4_spin_total_bonus_win_this_round is: " + M4_spin_total_bonus_win_this_round): null

2019-08-23 18:52:38 - [TEST_STEP][PASSED] - M4_spin_bonus_spin_result = spin_result: null

2019-08-23 18:52:38 - [TEST_STEP][PASSED] - M4_spin_bonus_spin_result = M4_spin_bonus_spin_result: null

2019-08-23 18:52:38 - [MESSAGE][PASSED] - Verify response successfully

2019-08-23 18:52:38 - [MESSAGE][PASSED] - Send request and verify the response successfully

2019-08-23 18:52:38 - [TEST_STEP][PASSED] - if (free_spin_reel_counter[0] &gt;= 1 &amp;&amp; free_spin_reel_counter[1] &gt;= 1 &amp;&amp; free_spin_reel_counter[2] &gt;= 1): null

2019-08-23 18:52:38 - [TEST_STEP][PASSED] - spin_result = sendRequestAndVerify(findTestObject("INT/RGS(M4)/1_M4_spin", ["M4_login_user_id":M4_login_user_id, "rgs_session_token":rgs_session_token, "partner":Partner])): Send request and verify the response successfully

2019-08-23 18:52:38 - [MESSAGE][INFO] - HAR: /Users/eiralee/Katalon_Script/SuperWild/Reports/20190823_184757/INT/superWild_1/20190823_184757/requests/main/72.har

2019-08-23 18:52:38 - [TEST_CASE][PASSED] - Start Test Case : Verification: Verification accomplished successfully

2019-08-23 18:52:38 - [TEST_STEP][PASSED] - request = getInstance().getCurrentRequest(): null

2019-08-23 18:52:38 - [TEST_STEP][PASSED] - response = getInstance().getCurrentResponse(): null

2019-08-23 18:52:38 - [TEST_STEP][PASSED] - verifyResponseStatusCode(response, 200): Verify response status code successfully

2019-08-23 18:52:38 - [MESSAGE][PASSED] - Verify response status code successfully

2019-08-23 18:52:38 - [TEST_STEP][PASSED] - getStatusCode()).isEqualTo(200): null

2019-08-23 18:52:38 - [TEST_STEP][PASSED] - newline = System.getProperty("line.separator"): null

2019-08-23 18:52:38 - [TEST_STEP][PASSED] - M4_spin = new groovy.json.JsonSlurper(): null

2019-08-23 18:52:38 - [TEST_STEP][PASSED] - result_M4_spin = M4_spin.parseText(response.getResponseBodyContent()): null

2019-08-23 18:52:38 - [TEST_STEP][PASSED] - M4_spin_current_balance = current_balance: null

2019-08-23 18:52:38 - [TEST_STEP][PASSED] - M4_spin_current_balance = M4_spin_current_balance: null

2019-08-23 18:52:38 - [TEST_STEP][PASSED] - M4_spin_transaction_id = causality: null

2019-08-23 18:52:38 - [TEST_STEP][PASSED] - M4_spin_transaction_id = M4_spin_transaction_id: null

2019-08-23 18:52:38 - [TEST_STEP][PASSED] - M4_spin_round_id = round_id: null

2019-08-23 18:52:38 - [TEST_STEP][PASSED] - M4_spin_round_id = M4_spin_round_id: null

2019-08-23 18:52:38 - [TEST_STEP][PASSED] - M4_spin_line_wins = line_wins: null

2019-08-23 18:52:38 - [TEST_STEP][PASSED] - M4_spin_line_wins = M4_spin_line_wins: null

2019-08-23 18:52:38 - [TEST_STEP][PASSED] - M4_total_bonus_spins_int = total_bonus_spins: null

2019-08-23 18:52:38 - [TEST_STEP][PASSED] - println("******M4_total_bonus_spins type is:*******" + newline + getClass().getName()): null

2019-08-23 18:52:38 - [TEST_STEP][PASSED] - M4_total_bonus_spins_int = M4_total_bonus_spins_int: null

2019-08-23 18:52:38 - [TEST_STEP][PASSED] - M4_total_bonus_spins = Integer.toString(M4_total_bonus_spins_int): null

2019-08-23 18:52:38 - [TEST_STEP][PASSED] - M4_total_bonus_spins = M4_total_bonus_spins: null

2019-08-23 18:52:38 - [TEST_STEP][PASSED] - println("M4_total_bonus_spins is:" + M4_total_bonus_spins): null

2019-08-23 18:52:38 - [TEST_STEP][PASSED] - M4_spin_bonus_data = bonus_data: null

2019-08-23 18:52:38 - [TEST_STEP][PASSED] - M4_spin_features_triggered = result_M4_spin: null

2019-08-23 18:52:38 - [TEST_STEP][PASSED] - wild = []: null

2019-08-23 18:52:38 - [TEST_STEP][PASSED] - wild[0] = "WILD_Expanding": null

2019-08-23 18:52:38 - [TEST_STEP][PASSED] - wild[1] = "WILD_Normal": null

2019-08-23 18:52:38 - [TEST_STEP][PASSED] - wild[2] = "WILD_Double": null

2019-08-23 18:52:38 - [TEST_STEP][PASSED] - wild[3] = "WILD_ExtraFG": null

2019-08-23 18:52:38 - [TEST_STEP][PASSED] - wild[4] = "WILD_Triple": null

2019-08-23 18:52:38 - [TEST_STEP][PASSED] - wildList = Arrays.asList(wild): null

2019-08-23 18:52:38 - [TEST_STEP][PASSED] - wildList = wildList: null

2019-08-23 18:52:38 - [TEST_STEP][PASSED] - free_spin_reel_counter = []: null

2019-08-23 18:52:38 - [TEST_STEP][PASSED] - free_spin_reel_counter[0] = 0: null

2019-08-23 18:52:38 - [TEST_STEP][PASSED] - free_spin_reel_counter[1] = 0: null

2019-08-23 18:52:38 - [TEST_STEP][PASSED] - free_spin_reel_counter[2] = 0: null

2019-08-23 18:52:38 - [TEST_STEP][PASSED] - M4_spin_reels = reels: null

2019-08-23 18:52:38 - [TEST_STEP][PASSED] - for ([i = 0, i &lt; M4_spin_reels.size(), (i++)]): null

2019-08-23 18:52:38 - [TEST_STEP][PASSED] - symbols = symbols: null

2019-08-23 18:52:38 - [TEST_STEP][PASSED] - for ([j = 0, j &lt; symbols.size(), (j++)]): null

2019-08-23 18:52:38 - [TEST_STEP][PASSED] - symbol = symbol: null

2019-08-23 18:52:38 - [TEST_STEP][PASSED] - println(symbol): null

2019-08-23 18:52:38 - [TEST_STEP][PASSED] - if (i == 2 &amp;&amp; wildList.indexOf(symbol) != -1): null

2019-08-23 18:52:38 - [TEST_STEP][PASSED] - if (i == 3 &amp;&amp; wildList.indexOf(symbol) != -1): null

2019-08-23 18:52:38 - [TEST_STEP][PASSED] - if (i == 4 &amp;&amp; wildList.indexOf(symbol) != -1): null

2019-08-23 18:52:38 - [TEST_STEP][PASSED] - symbol = symbol: null

2019-08-23 18:52:38 - [TEST_STEP][PASSED] - println(symbol): null

2019-08-23 18:52:38 - [TEST_STEP][PASSED] - if (i == 2 &amp;&amp; wildList.indexOf(symbol) != -1): null

2019-08-23 18:52:38 - [TEST_STEP][PASSED] - if (i == 3 &amp;&amp; wildList.indexOf(symbol) != -1): null

2019-08-23 18:52:38 - [TEST_STEP][PASSED] - if (i == 4 &amp;&amp; wildList.indexOf(symbol) != -1): null

2019-08-23 18:52:38 - [TEST_STEP][PASSED] - symbol = symbol: null

2019-08-23 18:52:38 - [TEST_STEP][PASSED] - println(symbol): null

2019-08-23 18:52:38 - [TEST_STEP][PASSED] - if (i == 2 &amp;&amp; wildList.indexOf(symbol) != -1): null

2019-08-23 18:52:38 - [TEST_STEP][PASSED] - if (i == 3 &amp;&amp; wildList.indexOf(symbol) != -1): null

2019-08-23 18:52:38 - [TEST_STEP][PASSED] - if (i == 4 &amp;&amp; wildList.indexOf(symbol) != -1): null

2019-08-23 18:52:38 - [TEST_STEP][PASSED] - symbols = symbols: null

2019-08-23 18:52:38 - [TEST_STEP][PASSED] - for ([j = 0, j &lt; symbols.size(), (j++)]): null

2019-08-23 18:52:38 - [TEST_STEP][PASSED] - symbol = symbol: null

2019-08-23 18:52:38 - [TEST_STEP][PASSED] - println(symbol): null

2019-08-23 18:52:38 - [TEST_STEP][PASSED] - if (i == 2 &amp;&amp; wildList.indexOf(symbol) != -1): null

2019-08-23 18:52:38 - [TEST_STEP][PASSED] - if (i == 3 &amp;&amp; wildList.indexOf(symbol) != -1): null

2019-08-23 18:52:38 - [TEST_STEP][PASSED] - if (i == 4 &amp;&amp; wildList.indexOf(symbol) != -1): null

2019-08-23 18:52:38 - [TEST_STEP][PASSED] - symbol = symbol: null

2019-08-23 18:52:38 - [TEST_STEP][PASSED] - println(symbol): null

2019-08-23 18:52:38 - [TEST_STEP][PASSED] - if (i == 2 &amp;&amp; wildList.indexOf(symbol) != -1): null

2019-08-23 18:52:38 - [TEST_STEP][PASSED] - if (i == 3 &amp;&amp; wildList.indexOf(symbol) != -1): null

2019-08-23 18:52:38 - [TEST_STEP][PASSED] - if (i == 4 &amp;&amp; wildList.indexOf(symbol) != -1): null

2019-08-23 18:52:38 - [TEST_STEP][PASSED] - symbol = symbol: null

2019-08-23 18:52:38 - [TEST_STEP][PASSED] - println(symbol): null

2019-08-23 18:52:38 - [TEST_STEP][PASSED] - if (i == 2 &amp;&amp; wildList.indexOf(symbol) != -1): null

2019-08-23 18:52:38 - [TEST_STEP][PASSED] - if (i == 3 &amp;&amp; wildList.indexOf(symbol) != -1): null

2019-08-23 18:52:38 - [TEST_STEP][PASSED] - if (i == 4 &amp;&amp; wildList.indexOf(symbol) != -1): null

2019-08-23 18:52:38 - [TEST_STEP][PASSED] - symbols = symbols: null

2019-08-23 18:52:38 - [TEST_STEP][PASSED] - for ([j = 0, j &lt; symbols.size(), (j++)]): null

2019-08-23 18:52:38 - [TEST_STEP][PASSED] - symbol = symbol: null

2019-08-23 18:52:38 - [TEST_STEP][PASSED] - println(symbol): null

2019-08-23 18:52:38 - [TEST_STEP][PASSED] - if (i == 2 &amp;&amp; wildList.indexOf(symbol) != -1): null

2019-08-23 18:52:38 - [TEST_STEP][PASSED] - if (i == 3 &amp;&amp; wildList.indexOf(symbol) != -1): null

2019-08-23 18:52:38 - [TEST_STEP][PASSED] - if (i == 4 &amp;&amp; wildList.indexOf(symbol) != -1): null

2019-08-23 18:52:38 - [TEST_STEP][PASSED] - symbol = symbol: null

2019-08-23 18:52:38 - [TEST_STEP][PASSED] - println(symbol): null

2019-08-23 18:52:38 - [TEST_STEP][PASSED] - if (i == 2 &amp;&amp; wildList.indexOf(symbol) != -1): null

2019-08-23 18:52:38 - [TEST_STEP][PASSED] - println("wild found on reel 3, adding counter by 1"): null

2019-08-23 18:52:38 - [TEST_STEP][PASSED] - free_spin_reel_counter[0] = free_spin_reel_counter[0] + 1: null

2019-08-23 18:52:38 - [TEST_STEP][PASSED] - if (i == 3 &amp;&amp; wildList.indexOf(symbol) != -1): null

2019-08-23 18:52:38 - [TEST_STEP][PASSED] - if (i == 4 &amp;&amp; wildList.indexOf(symbol) != -1): null

2019-08-23 18:52:38 - [TEST_STEP][PASSED] - symbol = symbol: null

2019-08-23 18:52:38 - [TEST_STEP][PASSED] - println(symbol): null

2019-08-23 18:52:38 - [TEST_STEP][PASSED] - if (i == 2 &amp;&amp; wildList.indexOf(symbol) != -1): null

2019-08-23 18:52:38 - [TEST_STEP][PASSED] - if (i == 3 &amp;&amp; wildList.indexOf(symbol) != -1): null

2019-08-23 18:52:38 - [TEST_STEP][PASSED] - if (i == 4 &amp;&amp; wildList.indexOf(symbol) != -1): null

2019-08-23 18:52:38 - [TEST_STEP][PASSED] - symbols = symbols: null

2019-08-23 18:52:38 - [TEST_STEP][PASSED] - for ([j = 0, j &lt; symbols.size(), (j++)]): null

2019-08-23 18:52:38 - [TEST_STEP][PASSED] - symbol = symbol: null

2019-08-23 18:52:38 - [TEST_STEP][PASSED] - println(symbol): null

2019-08-23 18:52:38 - [TEST_STEP][PASSED] - if (i == 2 &amp;&amp; wildList.indexOf(symbol) != -1): null

2019-08-23 18:52:38 - [TEST_STEP][PASSED] - if (i == 3 &amp;&amp; wildList.indexOf(symbol) != -1): null

2019-08-23 18:52:38 - [TEST_STEP][PASSED] - if (i == 4 &amp;&amp; wildList.indexOf(symbol) != -1): null

2019-08-23 18:52:38 - [TEST_STEP][PASSED] - symbol = symbol: null

2019-08-23 18:52:38 - [TEST_STEP][PASSED] - println(symbol): null

2019-08-23 18:52:38 - [TEST_STEP][PASSED] - if (i == 2 &amp;&amp; wildList.indexOf(symbol) != -1): null

2019-08-23 18:52:38 - [TEST_STEP][PASSED] - if (i == 3 &amp;&amp; wildList.indexOf(symbol) != -1): null

2019-08-23 18:52:38 - [TEST_STEP][PASSED] - if (i == 4 &amp;&amp; wildList.indexOf(symbol) != -1): null

2019-08-23 18:52:38 - [TEST_STEP][PASSED] - symbol = symbol: null

2019-08-23 18:52:38 - [TEST_STEP][PASSED] - println(symbol): null

2019-08-23 18:52:38 - [TEST_STEP][PASSED] - if (i == 2 &amp;&amp; wildList.indexOf(symbol) != -1): null

2019-08-23 18:52:38 - [TEST_STEP][PASSED] - if (i == 3 &amp;&amp; wildList.indexOf(symbol) != -1): null

2019-08-23 18:52:38 - [TEST_STEP][PASSED] - if (i == 4 &amp;&amp; wildList.indexOf(symbol) != -1): null

2019-08-23 18:52:38 - [TEST_STEP][PASSED] - symbols = symbols: null

2019-08-23 18:52:38 - [TEST_STEP][PASSED] - for ([j = 0, j &lt; symbols.size(), (j++)]): null

2019-08-23 18:52:38 - [TEST_STEP][PASSED] - symbol = symbol: null

2019-08-23 18:52:38 - [TEST_STEP][PASSED] - println(symbol): null

2019-08-23 18:52:38 - [TEST_STEP][PASSED] - if (i == 2 &amp;&amp; wildList.indexOf(symbol) != -1): null

2019-08-23 18:52:38 - [TEST_STEP][PASSED] - if (i == 3 &amp;&amp; wildList.indexOf(symbol) != -1): null

2019-08-23 18:52:38 - [TEST_STEP][PASSED] - if (i == 4 &amp;&amp; wildList.indexOf(symbol) != -1): null

2019-08-23 18:52:38 - [TEST_STEP][PASSED] - symbol = symbol: null

2019-08-23 18:52:38 - [TEST_STEP][PASSED] - println(symbol): null

2019-08-23 18:52:38 - [TEST_STEP][PASSED] - if (i == 2 &amp;&amp; wildList.indexOf(symbol) != -1): null

2019-08-23 18:52:38 - [TEST_STEP][PASSED] - if (i == 3 &amp;&amp; wildList.indexOf(symbol) != -1): null

2019-08-23 18:52:38 - [TEST_STEP][PASSED] - if (i == 4 &amp;&amp; wildList.indexOf(symbol) != -1): null

2019-08-23 18:52:38 - [TEST_STEP][PASSED] - symbol = symbol: null

2019-08-23 18:52:38 - [TEST_STEP][PASSED] - println(symbol): null

2019-08-23 18:52:38 - [TEST_STEP][PASSED] - if (i == 2 &amp;&amp; wildList.indexOf(symbol) != -1): null

2019-08-23 18:52:38 - [TEST_STEP][PASSED] - if (i == 3 &amp;&amp; wildList.indexOf(symbol) != -1): null

2019-08-23 18:52:38 - [TEST_STEP][PASSED] - if (i == 4 &amp;&amp; wildList.indexOf(symbol) != -1): null

2019-08-23 18:52:38 - [TEST_STEP][PASSED] - free_spin_reel_counter = free_spin_reel_counter: null

2019-08-23 18:52:38 - [TEST_STEP][PASSED] - println("reel 3 wild found: " + free_spin_reel_counter[0]): null

2019-08-23 18:52:38 - [TEST_STEP][PASSED] - println("reel 4 wild found: " + free_spin_reel_counter[1]): null

2019-08-23 18:52:38 - [TEST_STEP][PASSED] - println("reel 5 wild found: " + free_spin_reel_counter[2]): null

2019-08-23 18:52:38 - [TEST_STEP][PASSED] - M4_spin_reels = M4_spin_reels: null

2019-08-23 18:52:38 - [TEST_STEP][PASSED] - M4_spin_reels_symbols = symbol: null

2019-08-23 18:52:38 - [TEST_STEP][PASSED] - M4_spin_reels_symbols = M4_spin_reels_symbols: null

2019-08-23 18:52:38 - [TEST_STEP][PASSED] - M4_spin_reel_wins = reel_wins: null

2019-08-23 18:52:38 - [TEST_STEP][PASSED] - M4_spin_reel_wins = M4_spin_reel_wins: null

2019-08-23 18:52:38 - [TEST_STEP][PASSED] - println("GlobalVariable.M4_spin_reel_wins is: " + M4_spin_reel_wins): null

2019-08-23 18:52:38 - [TEST_STEP][PASSED] - M4_spin_total_bonus_win_this_round = total_bonus_win_this_round: null

2019-08-23 18:52:38 - [TEST_STEP][PASSED] - M4_spin_total_bonus_win_this_round = M4_spin_total_bonus_win_this_round: null

2019-08-23 18:52:38 - [TEST_STEP][PASSED] - println("GlobalVariable.M4_spin_total_bonus_win_this_round is: " + M4_spin_total_bonus_win_this_round): null

2019-08-23 18:52:38 - [TEST_STEP][PASSED] - M4_spin_bonus_spin_result = spin_result: null

2019-08-23 18:52:38 - [TEST_STEP][PASSED] - M4_spin_bonus_spin_result = M4_spin_bonus_spin_result: null

2019-08-23 18:52:38 - [MESSAGE][PASSED] - Verify response successfully

2019-08-23 18:52:38 - [MESSAGE][PASSED] - Send request and verify the response successfully

2019-08-23 18:52:38 - [TEST_STEP][PASSED] - if (free_spin_reel_counter[0] &gt;= 1 &amp;&amp; free_spin_reel_counter[1] &gt;= 1 &amp;&amp; free_spin_reel_counter[2] &gt;= 1): null

2019-08-23 18:52:38 - [TEST_STEP][PASSED] - spin_result = sendRequestAndVerify(findTestObject("INT/RGS(M4)/1_M4_spin", ["M4_login_user_id":M4_login_user_id, "rgs_session_token":rgs_session_token, "partner":Partner])): Send request and verify the response successfully

2019-08-23 18:52:39 - [MESSAGE][INFO] - HAR: /Users/eiralee/Katalon_Script/SuperWild/Reports/20190823_184757/INT/superWild_1/20190823_184757/requests/main/73.har

2019-08-23 18:52:39 - [TEST_CASE][PASSED] - Start Test Case : Verification: Verification accomplished successfully

2019-08-23 18:52:39 - [TEST_STEP][PASSED] - request = getInstance().getCurrentRequest(): null

2019-08-23 18:52:39 - [TEST_STEP][PASSED] - response = getInstance().getCurrentResponse(): null

2019-08-23 18:52:39 - [TEST_STEP][PASSED] - verifyResponseStatusCode(response, 200): Verify response status code successfully

2019-08-23 18:52:39 - [MESSAGE][PASSED] - Verify response status code successfully

2019-08-23 18:52:39 - [TEST_STEP][PASSED] - getStatusCode()).isEqualTo(200): null

2019-08-23 18:52:39 - [TEST_STEP][PASSED] - newline = System.getProperty("line.separator"): null

2019-08-23 18:52:39 - [TEST_STEP][PASSED] - M4_spin = new groovy.json.JsonSlurper(): null

2019-08-23 18:52:39 - [TEST_STEP][PASSED] - result_M4_spin = M4_spin.parseText(response.getResponseBodyContent()): null

2019-08-23 18:52:39 - [TEST_STEP][PASSED] - M4_spin_current_balance = current_balance: null

2019-08-23 18:52:39 - [TEST_STEP][PASSED] - M4_spin_current_balance = M4_spin_current_balance: null

2019-08-23 18:52:39 - [TEST_STEP][PASSED] - M4_spin_transaction_id = causality: null

2019-08-23 18:52:39 - [TEST_STEP][PASSED] - M4_spin_transaction_id = M4_spin_transaction_id: null

2019-08-23 18:52:39 - [TEST_STEP][PASSED] - M4_spin_round_id = round_id: null

2019-08-23 18:52:39 - [TEST_STEP][PASSED] - M4_spin_round_id = M4_spin_round_id: null

2019-08-23 18:52:39 - [TEST_STEP][PASSED] - M4_spin_line_wins = line_wins: null

2019-08-23 18:52:39 - [TEST_STEP][PASSED] - M4_spin_line_wins = M4_spin_line_wins: null

2019-08-23 18:52:39 - [TEST_STEP][PASSED] - M4_total_bonus_spins_int = total_bonus_spins: null

2019-08-23 18:52:39 - [TEST_STEP][PASSED] - println("******M4_total_bonus_spins type is:*******" + newline + getClass().getName()): null

2019-08-23 18:52:39 - [TEST_STEP][PASSED] - M4_total_bonus_spins_int = M4_total_bonus_spins_int: null

2019-08-23 18:52:39 - [TEST_STEP][PASSED] - M4_total_bonus_spins = Integer.toString(M4_total_bonus_spins_int): null

2019-08-23 18:52:39 - [TEST_STEP][PASSED] - M4_total_bonus_spins = M4_total_bonus_spins: null

2019-08-23 18:52:39 - [TEST_STEP][PASSED] - println("M4_total_bonus_spins is:" + M4_total_bonus_spins): null

2019-08-23 18:52:39 - [TEST_STEP][PASSED] - M4_spin_bonus_data = bonus_data: null

2019-08-23 18:52:39 - [TEST_STEP][PASSED] - M4_spin_features_triggered = result_M4_spin: null

2019-08-23 18:52:39 - [TEST_STEP][PASSED] - wild = []: null

2019-08-23 18:52:39 - [TEST_STEP][PASSED] - wild[0] = "WILD_Expanding": null

2019-08-23 18:52:39 - [TEST_STEP][PASSED] - wild[1] = "WILD_Normal": null

2019-08-23 18:52:39 - [TEST_STEP][PASSED] - wild[2] = "WILD_Double": null

2019-08-23 18:52:39 - [TEST_STEP][PASSED] - wild[3] = "WILD_ExtraFG": null

2019-08-23 18:52:39 - [TEST_STEP][PASSED] - wild[4] = "WILD_Triple": null

2019-08-23 18:52:39 - [TEST_STEP][PASSED] - wildList = Arrays.asList(wild): null

2019-08-23 18:52:39 - [TEST_STEP][PASSED] - wildList = wildList: null

2019-08-23 18:52:39 - [TEST_STEP][PASSED] - free_spin_reel_counter = []: null

2019-08-23 18:52:39 - [TEST_STEP][PASSED] - free_spin_reel_counter[0] = 0: null

2019-08-23 18:52:39 - [TEST_STEP][PASSED] - free_spin_reel_counter[1] = 0: null

2019-08-23 18:52:39 - [TEST_STEP][PASSED] - free_spin_reel_counter[2] = 0: null

2019-08-23 18:52:39 - [TEST_STEP][PASSED] - M4_spin_reels = reels: null

2019-08-23 18:52:39 - [TEST_STEP][PASSED] - for ([i = 0, i &lt; M4_spin_reels.size(), (i++)]): null

2019-08-23 18:52:39 - [TEST_STEP][PASSED] - symbols = symbols: null

2019-08-23 18:52:39 - [TEST_STEP][PASSED] - for ([j = 0, j &lt; symbols.size(), (j++)]): null

2019-08-23 18:52:39 - [TEST_STEP][PASSED] - symbol = symbol: null

2019-08-23 18:52:39 - [TEST_STEP][PASSED] - println(symbol): null

2019-08-23 18:52:39 - [TEST_STEP][PASSED] - if (i == 2 &amp;&amp; wildList.indexOf(symbol) != -1): null

2019-08-23 18:52:39 - [TEST_STEP][PASSED] - if (i == 3 &amp;&amp; wildList.indexOf(symbol) != -1): null

2019-08-23 18:52:39 - [TEST_STEP][PASSED] - if (i == 4 &amp;&amp; wildList.indexOf(symbol) != -1): null

2019-08-23 18:52:39 - [TEST_STEP][PASSED] - symbol = symbol: null

2019-08-23 18:52:39 - [TEST_STEP][PASSED] - println(symbol): null

2019-08-23 18:52:39 - [TEST_STEP][PASSED] - if (i == 2 &amp;&amp; wildList.indexOf(symbol) != -1): null

2019-08-23 18:52:39 - [TEST_STEP][PASSED] - if (i == 3 &amp;&amp; wildList.indexOf(symbol) != -1): null

2019-08-23 18:52:39 - [TEST_STEP][PASSED] - if (i == 4 &amp;&amp; wildList.indexOf(symbol) != -1): null

2019-08-23 18:52:39 - [TEST_STEP][PASSED] - symbol = symbol: null

2019-08-23 18:52:39 - [TEST_STEP][PASSED] - println(symbol): null

2019-08-23 18:52:39 - [TEST_STEP][PASSED] - if (i == 2 &amp;&amp; wildList.indexOf(symbol) != -1): null

2019-08-23 18:52:39 - [TEST_STEP][PASSED] - if (i == 3 &amp;&amp; wildList.indexOf(symbol) != -1): null

2019-08-23 18:52:39 - [TEST_STEP][PASSED] - if (i == 4 &amp;&amp; wildList.indexOf(symbol) != -1): null

2019-08-23 18:52:39 - [TEST_STEP][PASSED] - symbols = symbols: null

2019-08-23 18:52:39 - [TEST_STEP][PASSED] - for ([j = 0, j &lt; symbols.size(), (j++)]): null

2019-08-23 18:52:39 - [TEST_STEP][PASSED] - symbol = symbol: null

2019-08-23 18:52:39 - [TEST_STEP][PASSED] - println(symbol): null

2019-08-23 18:52:39 - [TEST_STEP][PASSED] - if (i == 2 &amp;&amp; wildList.indexOf(symbol) != -1): null

2019-08-23 18:52:39 - [TEST_STEP][PASSED] - if (i == 3 &amp;&amp; wildList.indexOf(symbol) != -1): null

2019-08-23 18:52:39 - [TEST_STEP][PASSED] - if (i == 4 &amp;&amp; wildList.indexOf(symbol) != -1): null

2019-08-23 18:52:39 - [TEST_STEP][PASSED] - symbol = symbol: null

2019-08-23 18:52:39 - [TEST_STEP][PASSED] - println(symbol): null

2019-08-23 18:52:39 - [TEST_STEP][PASSED] - if (i == 2 &amp;&amp; wildList.indexOf(symbol) != -1): null

2019-08-23 18:52:39 - [TEST_STEP][PASSED] - if (i == 3 &amp;&amp; wildList.indexOf(symbol) != -1): null

2019-08-23 18:52:39 - [TEST_STEP][PASSED] - if (i == 4 &amp;&amp; wildList.indexOf(symbol) != -1): null

2019-08-23 18:52:39 - [TEST_STEP][PASSED] - symbol = symbol: null

2019-08-23 18:52:39 - [TEST_STEP][PASSED] - println(symbol): null

2019-08-23 18:52:39 - [TEST_STEP][PASSED] - if (i == 2 &amp;&amp; wildList.indexOf(symbol) != -1): null

2019-08-23 18:52:39 - [TEST_STEP][PASSED] - if (i == 3 &amp;&amp; wildList.indexOf(symbol) != -1): null

2019-08-23 18:52:39 - [TEST_STEP][PASSED] - if (i == 4 &amp;&amp; wildList.indexOf(symbol) != -1): null

2019-08-23 18:52:39 - [TEST_STEP][PASSED] - symbols = symbols: null

2019-08-23 18:52:39 - [TEST_STEP][PASSED] - for ([j = 0, j &lt; symbols.size(), (j++)]): null

2019-08-23 18:52:39 - [TEST_STEP][PASSED] - symbol = symbol: null

2019-08-23 18:52:39 - [TEST_STEP][PASSED] - println(symbol): null

2019-08-23 18:52:39 - [TEST_STEP][PASSED] - if (i == 2 &amp;&amp; wildList.indexOf(symbol) != -1): null

2019-08-23 18:52:39 - [TEST_STEP][PASSED] - if (i == 3 &amp;&amp; wildList.indexOf(symbol) != -1): null

2019-08-23 18:52:39 - [TEST_STEP][PASSED] - if (i == 4 &amp;&amp; wildList.indexOf(symbol) != -1): null

2019-08-23 18:52:39 - [TEST_STEP][PASSED] - symbol = symbol: null

2019-08-23 18:52:39 - [TEST_STEP][PASSED] - println(symbol): null

2019-08-23 18:52:39 - [TEST_STEP][PASSED] - if (i == 2 &amp;&amp; wildList.indexOf(symbol) != -1): null

2019-08-23 18:52:39 - [TEST_STEP][PASSED] - if (i == 3 &amp;&amp; wildList.indexOf(symbol) != -1): null

2019-08-23 18:52:39 - [TEST_STEP][PASSED] - if (i == 4 &amp;&amp; wildList.indexOf(symbol) != -1): null

2019-08-23 18:52:39 - [TEST_STEP][PASSED] - symbol = symbol: null

2019-08-23 18:52:39 - [TEST_STEP][PASSED] - println(symbol): null

2019-08-23 18:52:39 - [TEST_STEP][PASSED] - if (i == 2 &amp;&amp; wildList.indexOf(symbol) != -1): null

2019-08-23 18:52:39 - [TEST_STEP][PASSED] - if (i == 3 &amp;&amp; wildList.indexOf(symbol) != -1): null

2019-08-23 18:52:39 - [TEST_STEP][PASSED] - if (i == 4 &amp;&amp; wildList.indexOf(symbol) != -1): null

2019-08-23 18:52:39 - [TEST_STEP][PASSED] - symbols = symbols: null

2019-08-23 18:52:39 - [TEST_STEP][PASSED] - for ([j = 0, j &lt; symbols.size(), (j++)]): null

2019-08-23 18:52:39 - [TEST_STEP][PASSED] - symbol = symbol: null

2019-08-23 18:52:39 - [TEST_STEP][PASSED] - println(symbol): null

2019-08-23 18:52:39 - [TEST_STEP][PASSED] - if (i == 2 &amp;&amp; wildList.indexOf(symbol) != -1): null

2019-08-23 18:52:39 - [TEST_STEP][PASSED] - if (i == 3 &amp;&amp; wildList.indexOf(symbol) != -1): null

2019-08-23 18:52:39 - [TEST_STEP][PASSED] - println("wild found on reel 4, adding counter by 1"): null

2019-08-23 18:52:39 - [TEST_STEP][PASSED] - free_spin_reel_counter[1] = free_spin_reel_counter[1] + 1: null

2019-08-23 18:52:39 - [TEST_STEP][PASSED] - if (i == 4 &amp;&amp; wildList.indexOf(symbol) != -1): null

2019-08-23 18:52:39 - [TEST_STEP][PASSED] - symbol = symbol: null

2019-08-23 18:52:39 - [TEST_STEP][PASSED] - println(symbol): null

2019-08-23 18:52:39 - [TEST_STEP][PASSED] - if (i == 2 &amp;&amp; wildList.indexOf(symbol) != -1): null

2019-08-23 18:52:39 - [TEST_STEP][PASSED] - if (i == 3 &amp;&amp; wildList.indexOf(symbol) != -1): null

2019-08-23 18:52:39 - [TEST_STEP][PASSED] - if (i == 4 &amp;&amp; wildList.indexOf(symbol) != -1): null

2019-08-23 18:52:39 - [TEST_STEP][PASSED] - symbol = symbol: null

2019-08-23 18:52:39 - [TEST_STEP][PASSED] - println(symbol): null

2019-08-23 18:52:39 - [TEST_STEP][PASSED] - if (i == 2 &amp;&amp; wildList.indexOf(symbol) != -1): null

2019-08-23 18:52:39 - [TEST_STEP][PASSED] - if (i == 3 &amp;&amp; wildList.indexOf(symbol) != -1): null

2019-08-23 18:52:39 - [TEST_STEP][PASSED] - if (i == 4 &amp;&amp; wildList.indexOf(symbol) != -1): null

2019-08-23 18:52:39 - [TEST_STEP][PASSED] - symbols = symbols: null

2019-08-23 18:52:39 - [TEST_STEP][PASSED] - for ([j = 0, j &lt; symbols.size(), (j++)]): null

2019-08-23 18:52:39 - [TEST_STEP][PASSED] - symbol = symbol: null

2019-08-23 18:52:39 - [TEST_STEP][PASSED] - println(symbol): null

2019-08-23 18:52:39 - [TEST_STEP][PASSED] - if (i == 2 &amp;&amp; wildList.indexOf(symbol) != -1): null

2019-08-23 18:52:39 - [TEST_STEP][PASSED] - if (i == 3 &amp;&amp; wildList.indexOf(symbol) != -1): null

2019-08-23 18:52:39 - [TEST_STEP][PASSED] - if (i == 4 &amp;&amp; wildList.indexOf(symbol) != -1): null

2019-08-23 18:52:39 - [TEST_STEP][PASSED] - symbol = symbol: null

2019-08-23 18:52:39 - [TEST_STEP][PASSED] - println(symbol): null

2019-08-23 18:52:39 - [TEST_STEP][PASSED] - if (i == 2 &amp;&amp; wildList.indexOf(symbol) != -1): null

2019-08-23 18:52:39 - [TEST_STEP][PASSED] - if (i == 3 &amp;&amp; wildList.indexOf(symbol) != -1): null

2019-08-23 18:52:39 - [TEST_STEP][PASSED] - if (i == 4 &amp;&amp; wildList.indexOf(symbol) != -1): null

2019-08-23 18:52:39 - [TEST_STEP][PASSED] - symbol = symbol: null

2019-08-23 18:52:39 - [TEST_STEP][PASSED] - println(symbol): null

2019-08-23 18:52:39 - [TEST_STEP][PASSED] - if (i == 2 &amp;&amp; wildList.indexOf(symbol) != -1): null

2019-08-23 18:52:39 - [TEST_STEP][PASSED] - if (i == 3 &amp;&amp; wildList.indexOf(symbol) != -1): null

2019-08-23 18:52:39 - [TEST_STEP][PASSED] - if (i == 4 &amp;&amp; wildList.indexOf(symbol) != -1): null

2019-08-23 18:52:39 - [TEST_STEP][PASSED] - free_spin_reel_counter = free_spin_reel_counter: null

2019-08-23 18:52:39 - [TEST_STEP][PASSED] - println("reel 3 wild found: " + free_spin_reel_counter[0]): null

2019-08-23 18:52:39 - [TEST_STEP][PASSED] - println("reel 4 wild found: " + free_spin_reel_counter[1]): null

2019-08-23 18:52:39 - [TEST_STEP][PASSED] - println("reel 5 wild found: " + free_spin_reel_counter[2]): null

2019-08-23 18:52:39 - [TEST_STEP][PASSED] - M4_spin_reels = M4_spin_reels: null

2019-08-23 18:52:39 - [TEST_STEP][PASSED] - M4_spin_reels_symbols = symbol: null

2019-08-23 18:52:39 - [TEST_STEP][PASSED] - M4_spin_reels_symbols = M4_spin_reels_symbols: null

2019-08-23 18:52:39 - [TEST_STEP][PASSED] - M4_spin_reel_wins = reel_wins: null

2019-08-23 18:52:39 - [TEST_STEP][PASSED] - M4_spin_reel_wins = M4_spin_reel_wins: null

2019-08-23 18:52:39 - [TEST_STEP][PASSED] - println("GlobalVariable.M4_spin_reel_wins is: " + M4_spin_reel_wins): null

2019-08-23 18:52:39 - [TEST_STEP][PASSED] - M4_spin_total_bonus_win_this_round = total_bonus_win_this_round: null

2019-08-23 18:52:39 - [TEST_STEP][PASSED] - M4_spin_total_bonus_win_this_round = M4_spin_total_bonus_win_this_round: null

2019-08-23 18:52:39 - [TEST_STEP][PASSED] - println("GlobalVariable.M4_spin_total_bonus_win_this_round is: " + M4_spin_total_bonus_win_this_round): null

2019-08-23 18:52:39 - [TEST_STEP][PASSED] - M4_spin_bonus_spin_result = spin_result: null

2019-08-23 18:52:39 - [TEST_STEP][PASSED] - M4_spin_bonus_spin_result = M4_spin_bonus_spin_result: null

2019-08-23 18:52:39 - [MESSAGE][PASSED] - Verify response successfully

2019-08-23 18:52:39 - [MESSAGE][PASSED] - Send request and verify the response successfully

2019-08-23 18:52:39 - [TEST_STEP][PASSED] - if (free_spin_reel_counter[0] &gt;= 1 &amp;&amp; free_spin_reel_counter[1] &gt;= 1 &amp;&amp; free_spin_reel_counter[2] &gt;= 1): null

2019-08-23 18:52:39 - [TEST_STEP][PASSED] - spin_result = sendRequestAndVerify(findTestObject("INT/RGS(M4)/1_M4_spin", ["M4_login_user_id":M4_login_user_id, "rgs_session_token":rgs_session_token, "partner":Partner])): Send request and verify the response successfully

2019-08-23 18:52:39 - [MESSAGE][INFO] - HAR: /Users/eiralee/Katalon_Script/SuperWild/Reports/20190823_184757/INT/superWild_1/20190823_184757/requests/main/74.har

2019-08-23 18:52:39 - [TEST_CASE][PASSED] - Start Test Case : Verification: Verification accomplished successfully

2019-08-23 18:52:39 - [TEST_STEP][PASSED] - request = getInstance().getCurrentRequest(): null

2019-08-23 18:52:40 - [TEST_STEP][PASSED] - response = getInstance().getCurrentResponse(): null

2019-08-23 18:52:40 - [TEST_STEP][PASSED] - verifyResponseStatusCode(response, 200): Verify response status code successfully

2019-08-23 18:52:40 - [MESSAGE][PASSED] - Verify response status code successfully

2019-08-23 18:52:40 - [TEST_STEP][PASSED] - getStatusCode()).isEqualTo(200): null

2019-08-23 18:52:40 - [TEST_STEP][PASSED] - newline = System.getProperty("line.separator"): null

2019-08-23 18:52:40 - [TEST_STEP][PASSED] - M4_spin = new groovy.json.JsonSlurper(): null

2019-08-23 18:52:40 - [TEST_STEP][PASSED] - result_M4_spin = M4_spin.parseText(response.getResponseBodyContent()): null

2019-08-23 18:52:40 - [TEST_STEP][PASSED] - M4_spin_current_balance = current_balance: null

2019-08-23 18:52:40 - [TEST_STEP][PASSED] - M4_spin_current_balance = M4_spin_current_balance: null

2019-08-23 18:52:40 - [TEST_STEP][PASSED] - M4_spin_transaction_id = causality: null

2019-08-23 18:52:40 - [TEST_STEP][PASSED] - M4_spin_transaction_id = M4_spin_transaction_id: null

2019-08-23 18:52:40 - [TEST_STEP][PASSED] - M4_spin_round_id = round_id: null

2019-08-23 18:52:40 - [TEST_STEP][PASSED] - M4_spin_round_id = M4_spin_round_id: null

2019-08-23 18:52:40 - [TEST_STEP][PASSED] - M4_spin_line_wins = line_wins: null

2019-08-23 18:52:40 - [TEST_STEP][PASSED] - M4_spin_line_wins = M4_spin_line_wins: null

2019-08-23 18:52:41 - [TEST_STEP][PASSED] - M4_total_bonus_spins_int = total_bonus_spins: null

2019-08-23 18:52:41 - [TEST_STEP][PASSED] - println("******M4_total_bonus_spins type is:*******" + newline + getClass().getName()): null

2019-08-23 18:52:41 - [TEST_STEP][PASSED] - M4_total_bonus_spins_int = M4_total_bonus_spins_int: null

2019-08-23 18:52:41 - [TEST_STEP][PASSED] - M4_total_bonus_spins = Integer.toString(M4_total_bonus_spins_int): null

2019-08-23 18:52:41 - [TEST_STEP][PASSED] - M4_total_bonus_spins = M4_total_bonus_spins: null

2019-08-23 18:52:41 - [TEST_STEP][PASSED] - println("M4_total_bonus_spins is:" + M4_total_bonus_spins): null

2019-08-23 18:52:41 - [TEST_STEP][PASSED] - M4_spin_bonus_data = bonus_data: null

2019-08-23 18:52:41 - [TEST_STEP][PASSED] - M4_spin_features_triggered = result_M4_spin: null

2019-08-23 18:52:41 - [TEST_STEP][PASSED] - wild = []: null

2019-08-23 18:52:41 - [TEST_STEP][PASSED] - wild[0] = "WILD_Expanding": null

2019-08-23 18:52:41 - [TEST_STEP][PASSED] - wild[1] = "WILD_Normal": null

2019-08-23 18:52:41 - [TEST_STEP][PASSED] - wild[2] = "WILD_Double": null

2019-08-23 18:52:41 - [TEST_STEP][PASSED] - wild[3] = "WILD_ExtraFG": null

2019-08-23 18:52:41 - [TEST_STEP][PASSED] - wild[4] = "WILD_Triple": null

2019-08-23 18:52:41 - [TEST_STEP][PASSED] - wildList = Arrays.asList(wild): null

2019-08-23 18:52:41 - [TEST_STEP][PASSED] - wildList = wildList: null

2019-08-23 18:52:41 - [TEST_STEP][PASSED] - free_spin_reel_counter = []: null

2019-08-23 18:52:41 - [TEST_STEP][PASSED] - free_spin_reel_counter[0] = 0: null

2019-08-23 18:52:41 - [TEST_STEP][PASSED] - free_spin_reel_counter[1] = 0: null

2019-08-23 18:52:41 - [TEST_STEP][PASSED] - free_spin_reel_counter[2] = 0: null

2019-08-23 18:52:41 - [TEST_STEP][PASSED] - M4_spin_reels = reels: null

2019-08-23 18:52:41 - [TEST_STEP][PASSED] - for ([i = 0, i &lt; M4_spin_reels.size(), (i++)]): null

2019-08-23 18:52:41 - [TEST_STEP][PASSED] - symbols = symbols: null

2019-08-23 18:52:41 - [TEST_STEP][PASSED] - for ([j = 0, j &lt; symbols.size(), (j++)]): null

2019-08-23 18:52:41 - [TEST_STEP][PASSED] - symbol = symbol: null

2019-08-23 18:52:41 - [TEST_STEP][PASSED] - println(symbol): null

2019-08-23 18:52:41 - [TEST_STEP][PASSED] - if (i == 2 &amp;&amp; wildList.indexOf(symbol) != -1): null

2019-08-23 18:52:41 - [TEST_STEP][PASSED] - if (i == 3 &amp;&amp; wildList.indexOf(symbol) != -1): null

2019-08-23 18:52:41 - [TEST_STEP][PASSED] - if (i == 4 &amp;&amp; wildList.indexOf(symbol) != -1): null

2019-08-23 18:52:41 - [TEST_STEP][PASSED] - symbol = symbol: null

2019-08-23 18:52:41 - [TEST_STEP][PASSED] - println(symbol): null

2019-08-23 18:52:41 - [TEST_STEP][PASSED] - if (i == 2 &amp;&amp; wildList.indexOf(symbol) != -1): null

2019-08-23 18:52:41 - [TEST_STEP][PASSED] - if (i == 3 &amp;&amp; wildList.indexOf(symbol) != -1): null

2019-08-23 18:52:41 - [TEST_STEP][PASSED] - if (i == 4 &amp;&amp; wildList.indexOf(symbol) != -1): null

2019-08-23 18:52:41 - [TEST_STEP][PASSED] - symbol = symbol: null

2019-08-23 18:52:41 - [TEST_STEP][PASSED] - println(symbol): null

2019-08-23 18:52:41 - [TEST_STEP][PASSED] - if (i == 2 &amp;&amp; wildList.indexOf(symbol) != -1): null

2019-08-23 18:52:41 - [TEST_STEP][PASSED] - if (i == 3 &amp;&amp; wildList.indexOf(symbol) != -1): null

2019-08-23 18:52:41 - [TEST_STEP][PASSED] - if (i == 4 &amp;&amp; wildList.indexOf(symbol) != -1): null

2019-08-23 18:52:41 - [TEST_STEP][PASSED] - symbols = symbols: null

2019-08-23 18:52:41 - [TEST_STEP][PASSED] - for ([j = 0, j &lt; symbols.size(), (j++)]): null

2019-08-23 18:52:41 - [TEST_STEP][PASSED] - symbol = symbol: null

2019-08-23 18:52:41 - [TEST_STEP][PASSED] - println(symbol): null

2019-08-23 18:52:41 - [TEST_STEP][PASSED] - if (i == 2 &amp;&amp; wildList.indexOf(symbol) != -1): null

2019-08-23 18:52:41 - [TEST_STEP][PASSED] - if (i == 3 &amp;&amp; wildList.indexOf(symbol) != -1): null

2019-08-23 18:52:41 - [TEST_STEP][PASSED] - if (i == 4 &amp;&amp; wildList.indexOf(symbol) != -1): null

2019-08-23 18:52:41 - [TEST_STEP][PASSED] - symbol = symbol: null

2019-08-23 18:52:41 - [TEST_STEP][PASSED] - println(symbol): null

2019-08-23 18:52:41 - [TEST_STEP][PASSED] - if (i == 2 &amp;&amp; wildList.indexOf(symbol) != -1): null

2019-08-23 18:52:41 - [TEST_STEP][PASSED] - if (i == 3 &amp;&amp; wildList.indexOf(symbol) != -1): null

2019-08-23 18:52:41 - [TEST_STEP][PASSED] - if (i == 4 &amp;&amp; wildList.indexOf(symbol) != -1): null

2019-08-23 18:52:41 - [TEST_STEP][PASSED] - symbol = symbol: null

2019-08-23 18:52:41 - [TEST_STEP][PASSED] - println(symbol): null

2019-08-23 18:52:41 - [TEST_STEP][PASSED] - if (i == 2 &amp;&amp; wildList.indexOf(symbol) != -1): null

2019-08-23 18:52:41 - [TEST_STEP][PASSED] - if (i == 3 &amp;&amp; wildList.indexOf(symbol) != -1): null

2019-08-23 18:52:41 - [TEST_STEP][PASSED] - if (i == 4 &amp;&amp; wildList.indexOf(symbol) != -1): null

2019-08-23 18:52:41 - [TEST_STEP][PASSED] - symbols = symbols: null

2019-08-23 18:52:41 - [TEST_STEP][PASSED] - for ([j = 0, j &lt; symbols.size(), (j++)]): null

2019-08-23 18:52:41 - [TEST_STEP][PASSED] - symbol = symbol: null

2019-08-23 18:52:41 - [TEST_STEP][PASSED] - println(symbol): null

2019-08-23 18:52:41 - [TEST_STEP][PASSED] - if (i == 2 &amp;&amp; wildList.indexOf(symbol) != -1): null

2019-08-23 18:52:41 - [TEST_STEP][PASSED] - if (i == 3 &amp;&amp; wildList.indexOf(symbol) != -1): null

2019-08-23 18:52:41 - [TEST_STEP][PASSED] - if (i == 4 &amp;&amp; wildList.indexOf(symbol) != -1): null

2019-08-23 18:52:41 - [TEST_STEP][PASSED] - symbol = symbol: null

2019-08-23 18:52:41 - [TEST_STEP][PASSED] - println(symbol): null

2019-08-23 18:52:41 - [TEST_STEP][PASSED] - if (i == 2 &amp;&amp; wildList.indexOf(symbol) != -1): null

2019-08-23 18:52:41 - [TEST_STEP][PASSED] - if (i == 3 &amp;&amp; wildList.indexOf(symbol) != -1): null

2019-08-23 18:52:41 - [TEST_STEP][PASSED] - if (i == 4 &amp;&amp; wildList.indexOf(symbol) != -1): null

2019-08-23 18:52:41 - [TEST_STEP][PASSED] - symbol = symbol: null

2019-08-23 18:52:41 - [TEST_STEP][PASSED] - println(symbol): null

2019-08-23 18:52:41 - [TEST_STEP][PASSED] - if (i == 2 &amp;&amp; wildList.indexOf(symbol) != -1): null

2019-08-23 18:52:41 - [TEST_STEP][PASSED] - if (i == 3 &amp;&amp; wildList.indexOf(symbol) != -1): null

2019-08-23 18:52:41 - [TEST_STEP][PASSED] - if (i == 4 &amp;&amp; wildList.indexOf(symbol) != -1): null

2019-08-23 18:52:41 - [TEST_STEP][PASSED] - symbols = symbols: null

2019-08-23 18:52:41 - [TEST_STEP][PASSED] - for ([j = 0, j &lt; symbols.size(), (j++)]): null

2019-08-23 18:52:41 - [TEST_STEP][PASSED] - symbol = symbol: null

2019-08-23 18:52:41 - [TEST_STEP][PASSED] - println(symbol): null

2019-08-23 18:52:41 - [TEST_STEP][PASSED] - if (i == 2 &amp;&amp; wildList.indexOf(symbol) != -1): null

2019-08-23 18:52:41 - [TEST_STEP][PASSED] - if (i == 3 &amp;&amp; wildList.indexOf(symbol) != -1): null

2019-08-23 18:52:41 - [TEST_STEP][PASSED] - if (i == 4 &amp;&amp; wildList.indexOf(symbol) != -1): null

2019-08-23 18:52:41 - [TEST_STEP][PASSED] - symbol = symbol: null

2019-08-23 18:52:41 - [TEST_STEP][PASSED] - println(symbol): null

2019-08-23 18:52:41 - [TEST_STEP][PASSED] - if (i == 2 &amp;&amp; wildList.indexOf(symbol) != -1): null

2019-08-23 18:52:41 - [TEST_STEP][PASSED] - if (i == 3 &amp;&amp; wildList.indexOf(symbol) != -1): null

2019-08-23 18:52:41 - [TEST_STEP][PASSED] - if (i == 4 &amp;&amp; wildList.indexOf(symbol) != -1): null

2019-08-23 18:52:41 - [TEST_STEP][PASSED] - symbol = symbol: null

2019-08-23 18:52:41 - [TEST_STEP][PASSED] - println(symbol): null

2019-08-23 18:52:41 - [TEST_STEP][PASSED] - if (i == 2 &amp;&amp; wildList.indexOf(symbol) != -1): null

2019-08-23 18:52:41 - [TEST_STEP][PASSED] - if (i == 3 &amp;&amp; wildList.indexOf(symbol) != -1): null

2019-08-23 18:52:41 - [TEST_STEP][PASSED] - if (i == 4 &amp;&amp; wildList.indexOf(symbol) != -1): null

2019-08-23 18:52:41 - [TEST_STEP][PASSED] - symbols = symbols: null

2019-08-23 18:52:41 - [TEST_STEP][PASSED] - for ([j = 0, j &lt; symbols.size(), (j++)]): null

2019-08-23 18:52:41 - [TEST_STEP][PASSED] - symbol = symbol: null

2019-08-23 18:52:41 - [TEST_STEP][PASSED] - println(symbol): null

2019-08-23 18:52:41 - [TEST_STEP][PASSED] - if (i == 2 &amp;&amp; wildList.indexOf(symbol) != -1): null

2019-08-23 18:52:41 - [TEST_STEP][PASSED] - if (i == 3 &amp;&amp; wildList.indexOf(symbol) != -1): null

2019-08-23 18:52:41 - [TEST_STEP][PASSED] - if (i == 4 &amp;&amp; wildList.indexOf(symbol) != -1): null

2019-08-23 18:52:41 - [TEST_STEP][PASSED] - symbol = symbol: null

2019-08-23 18:52:41 - [TEST_STEP][PASSED] - println(symbol): null

2019-08-23 18:52:41 - [TEST_STEP][PASSED] - if (i == 2 &amp;&amp; wildList.indexOf(symbol) != -1): null

2019-08-23 18:52:41 - [TEST_STEP][PASSED] - if (i == 3 &amp;&amp; wildList.indexOf(symbol) != -1): null

2019-08-23 18:52:41 - [TEST_STEP][PASSED] - if (i == 4 &amp;&amp; wildList.indexOf(symbol) != -1): null

2019-08-23 18:52:41 - [TEST_STEP][PASSED] - symbol = symbol: null

2019-08-23 18:52:41 - [TEST_STEP][PASSED] - println(symbol): null

2019-08-23 18:52:41 - [TEST_STEP][PASSED] - if (i == 2 &amp;&amp; wildList.indexOf(symbol) != -1): null

2019-08-23 18:52:41 - [TEST_STEP][PASSED] - if (i == 3 &amp;&amp; wildList.indexOf(symbol) != -1): null

2019-08-23 18:52:41 - [TEST_STEP][PASSED] - if (i == 4 &amp;&amp; wildList.indexOf(symbol) != -1): null

2019-08-23 18:52:41 - [TEST_STEP][PASSED] - free_spin_reel_counter = free_spin_reel_counter: null

2019-08-23 18:52:41 - [TEST_STEP][PASSED] - println("reel 3 wild found: " + free_spin_reel_counter[0]): null

2019-08-23 18:52:41 - [TEST_STEP][PASSED] - println("reel 4 wild found: " + free_spin_reel_counter[1]): null

2019-08-23 18:52:41 - [TEST_STEP][PASSED] - println("reel 5 wild found: " + free_spin_reel_counter[2]): null

2019-08-23 18:52:41 - [TEST_STEP][PASSED] - M4_spin_reels = M4_spin_reels: null

2019-08-23 18:52:41 - [TEST_STEP][PASSED] - M4_spin_reels_symbols = symbol: null

2019-08-23 18:52:41 - [TEST_STEP][PASSED] - M4_spin_reels_symbols = M4_spin_reels_symbols: null

2019-08-23 18:52:41 - [TEST_STEP][PASSED] - M4_spin_reel_wins = reel_wins: null

2019-08-23 18:52:41 - [TEST_STEP][PASSED] - M4_spin_reel_wins = M4_spin_reel_wins: null

2019-08-23 18:52:41 - [TEST_STEP][PASSED] - println("GlobalVariable.M4_spin_reel_wins is: " + M4_spin_reel_wins): null

2019-08-23 18:52:41 - [TEST_STEP][PASSED] - M4_spin_total_bonus_win_this_round = total_bonus_win_this_round: null

2019-08-23 18:52:41 - [TEST_STEP][PASSED] - M4_spin_total_bonus_win_this_round = M4_spin_total_bonus_win_this_round: null

2019-08-23 18:52:41 - [TEST_STEP][PASSED] - println("GlobalVariable.M4_spin_total_bonus_win_this_round is: " + M4_spin_total_bonus_win_this_round): null

2019-08-23 18:52:41 - [TEST_STEP][PASSED] - M4_spin_bonus_spin_result = spin_result: null

2019-08-23 18:52:41 - [TEST_STEP][PASSED] - M4_spin_bonus_spin_result = M4_spin_bonus_spin_result: null

2019-08-23 18:52:41 - [MESSAGE][PASSED] - Verify response successfully

2019-08-23 18:52:41 - [MESSAGE][PASSED] - Send request and verify the response successfully

2019-08-23 18:52:41 - [TEST_STEP][PASSED] - if (free_spin_reel_counter[0] &gt;= 1 &amp;&amp; free_spin_reel_counter[1] &gt;= 1 &amp;&amp; free_spin_reel_counter[2] &gt;= 1): null

2019-08-23 18:52:41 - [TEST_STEP][PASSED] - spin_result = sendRequestAndVerify(findTestObject("INT/RGS(M4)/1_M4_spin", ["M4_login_user_id":M4_login_user_id, "rgs_session_token":rgs_session_token, "partner":Partner])): Send request and verify the response successfully

2019-08-23 18:52:42 - [MESSAGE][INFO] - HAR: /Users/eiralee/Katalon_Script/SuperWild/Reports/20190823_184757/INT/superWild_1/20190823_184757/requests/main/75.har

2019-08-23 18:52:42 - [TEST_CASE][PASSED] - Start Test Case : Verification: Verification accomplished successfully

2019-08-23 18:52:42 - [TEST_STEP][PASSED] - request = getInstance().getCurrentRequest(): null

2019-08-23 18:52:42 - [TEST_STEP][PASSED] - response = getInstance().getCurrentResponse(): null

2019-08-23 18:52:42 - [TEST_STEP][PASSED] - verifyResponseStatusCode(response, 200): Verify response status code successfully

2019-08-23 18:52:42 - [MESSAGE][PASSED] - Verify response status code successfully

2019-08-23 18:52:42 - [TEST_STEP][PASSED] - getStatusCode()).isEqualTo(200): null

2019-08-23 18:52:42 - [TEST_STEP][PASSED] - newline = System.getProperty("line.separator"): null

2019-08-23 18:52:42 - [TEST_STEP][PASSED] - M4_spin = new groovy.json.JsonSlurper(): null

2019-08-23 18:52:42 - [TEST_STEP][PASSED] - result_M4_spin = M4_spin.parseText(response.getResponseBodyContent()): null

2019-08-23 18:52:42 - [TEST_STEP][PASSED] - M4_spin_current_balance = current_balance: null

2019-08-23 18:52:42 - [TEST_STEP][PASSED] - M4_spin_current_balance = M4_spin_current_balance: null

2019-08-23 18:52:42 - [TEST_STEP][PASSED] - M4_spin_transaction_id = causality: null

2019-08-23 18:52:42 - [TEST_STEP][PASSED] - M4_spin_transaction_id = M4_spin_transaction_id: null

2019-08-23 18:52:42 - [TEST_STEP][PASSED] - M4_spin_round_id = round_id: null

2019-08-23 18:52:42 - [TEST_STEP][PASSED] - M4_spin_round_id = M4_spin_round_id: null

2019-08-23 18:52:42 - [TEST_STEP][PASSED] - M4_spin_line_wins = line_wins: null

2019-08-23 18:52:42 - [TEST_STEP][PASSED] - M4_spin_line_wins = M4_spin_line_wins: null

2019-08-23 18:52:42 - [TEST_STEP][PASSED] - M4_total_bonus_spins_int = total_bonus_spins: null

2019-08-23 18:52:42 - [TEST_STEP][PASSED] - println("******M4_total_bonus_spins type is:*******" + newline + getClass().getName()): null

2019-08-23 18:52:42 - [TEST_STEP][PASSED] - M4_total_bonus_spins_int = M4_total_bonus_spins_int: null

2019-08-23 18:52:42 - [TEST_STEP][PASSED] - M4_total_bonus_spins = Integer.toString(M4_total_bonus_spins_int): null

2019-08-23 18:52:42 - [TEST_STEP][PASSED] - M4_total_bonus_spins = M4_total_bonus_spins: null

2019-08-23 18:52:42 - [TEST_STEP][PASSED] - println("M4_total_bonus_spins is:" + M4_total_bonus_spins): null

2019-08-23 18:52:42 - [TEST_STEP][PASSED] - M4_spin_bonus_data = bonus_data: null

2019-08-23 18:52:42 - [TEST_STEP][PASSED] - M4_spin_features_triggered = result_M4_spin: null

2019-08-23 18:52:42 - [TEST_STEP][PASSED] - wild = []: null

2019-08-23 18:52:42 - [TEST_STEP][PASSED] - wild[0] = "WILD_Expanding": null

2019-08-23 18:52:42 - [TEST_STEP][PASSED] - wild[1] = "WILD_Normal": null

2019-08-23 18:52:42 - [TEST_STEP][PASSED] - wild[2] = "WILD_Double": null

2019-08-23 18:52:42 - [TEST_STEP][PASSED] - wild[3] = "WILD_ExtraFG": null

2019-08-23 18:52:42 - [TEST_STEP][PASSED] - wild[4] = "WILD_Triple": null

2019-08-23 18:52:42 - [TEST_STEP][PASSED] - wildList = Arrays.asList(wild): null

2019-08-23 18:52:42 - [TEST_STEP][PASSED] - wildList = wildList: null

2019-08-23 18:52:42 - [TEST_STEP][PASSED] - free_spin_reel_counter = []: null

2019-08-23 18:52:42 - [TEST_STEP][PASSED] - free_spin_reel_counter[0] = 0: null

2019-08-23 18:52:42 - [TEST_STEP][PASSED] - free_spin_reel_counter[1] = 0: null

2019-08-23 18:52:42 - [TEST_STEP][PASSED] - free_spin_reel_counter[2] = 0: null

2019-08-23 18:52:42 - [TEST_STEP][PASSED] - M4_spin_reels = reels: null

2019-08-23 18:52:42 - [TEST_STEP][PASSED] - for ([i = 0, i &lt; M4_spin_reels.size(), (i++)]): null

2019-08-23 18:52:42 - [TEST_STEP][PASSED] - symbols = symbols: null

2019-08-23 18:52:42 - [TEST_STEP][PASSED] - for ([j = 0, j &lt; symbols.size(), (j++)]): null

2019-08-23 18:52:42 - [TEST_STEP][PASSED] - symbol = symbol: null

2019-08-23 18:52:42 - [TEST_STEP][PASSED] - println(symbol): null

2019-08-23 18:52:42 - [TEST_STEP][PASSED] - if (i == 2 &amp;&amp; wildList.indexOf(symbol) != -1): null

2019-08-23 18:52:42 - [TEST_STEP][PASSED] - if (i == 3 &amp;&amp; wildList.indexOf(symbol) != -1): null

2019-08-23 18:52:42 - [TEST_STEP][PASSED] - if (i == 4 &amp;&amp; wildList.indexOf(symbol) != -1): null

2019-08-23 18:52:42 - [TEST_STEP][PASSED] - symbol = symbol: null

2019-08-23 18:52:42 - [TEST_STEP][PASSED] - println(symbol): null

2019-08-23 18:52:42 - [TEST_STEP][PASSED] - if (i == 2 &amp;&amp; wildList.indexOf(symbol) != -1): null

2019-08-23 18:52:42 - [TEST_STEP][PASSED] - if (i == 3 &amp;&amp; wildList.indexOf(symbol) != -1): null

2019-08-23 18:52:42 - [TEST_STEP][PASSED] - if (i == 4 &amp;&amp; wildList.indexOf(symbol) != -1): null

2019-08-23 18:52:42 - [TEST_STEP][PASSED] - symbol = symbol: null

2019-08-23 18:52:42 - [TEST_STEP][PASSED] - println(symbol): null

2019-08-23 18:52:42 - [TEST_STEP][PASSED] - if (i == 2 &amp;&amp; wildList.indexOf(symbol) != -1): null

2019-08-23 18:52:42 - [TEST_STEP][PASSED] - if (i == 3 &amp;&amp; wildList.indexOf(symbol) != -1): null

2019-08-23 18:52:42 - [TEST_STEP][PASSED] - if (i == 4 &amp;&amp; wildList.indexOf(symbol) != -1): null

2019-08-23 18:52:42 - [TEST_STEP][PASSED] - symbols = symbols: null

2019-08-23 18:52:42 - [TEST_STEP][PASSED] - for ([j = 0, j &lt; symbols.size(), (j++)]): null

2019-08-23 18:52:42 - [TEST_STEP][PASSED] - symbol = symbol: null

2019-08-23 18:52:42 - [TEST_STEP][PASSED] - println(symbol): null

2019-08-23 18:52:42 - [TEST_STEP][PASSED] - if (i == 2 &amp;&amp; wildList.indexOf(symbol) != -1): null

2019-08-23 18:52:42 - [TEST_STEP][PASSED] - if (i == 3 &amp;&amp; wildList.indexOf(symbol) != -1): null

2019-08-23 18:52:42 - [TEST_STEP][PASSED] - if (i == 4 &amp;&amp; wildList.indexOf(symbol) != -1): null

2019-08-23 18:52:42 - [TEST_STEP][PASSED] - symbol = symbol: null

2019-08-23 18:52:42 - [TEST_STEP][PASSED] - println(symbol): null

2019-08-23 18:52:42 - [TEST_STEP][PASSED] - if (i == 2 &amp;&amp; wildList.indexOf(symbol) != -1): null

2019-08-23 18:52:42 - [TEST_STEP][PASSED] - if (i == 3 &amp;&amp; wildList.indexOf(symbol) != -1): null

2019-08-23 18:52:42 - [TEST_STEP][PASSED] - if (i == 4 &amp;&amp; wildList.indexOf(symbol) != -1): null

2019-08-23 18:52:42 - [TEST_STEP][PASSED] - symbol = symbol: null

2019-08-23 18:52:42 - [TEST_STEP][PASSED] - println(symbol): null

2019-08-23 18:52:42 - [TEST_STEP][PASSED] - if (i == 2 &amp;&amp; wildList.indexOf(symbol) != -1): null

2019-08-23 18:52:42 - [TEST_STEP][PASSED] - if (i == 3 &amp;&amp; wildList.indexOf(symbol) != -1): null

2019-08-23 18:52:42 - [TEST_STEP][PASSED] - if (i == 4 &amp;&amp; wildList.indexOf(symbol) != -1): null

2019-08-23 18:52:42 - [TEST_STEP][PASSED] - symbols = symbols: null

2019-08-23 18:52:42 - [TEST_STEP][PASSED] - for ([j = 0, j &lt; symbols.size(), (j++)]): null

2019-08-23 18:52:42 - [TEST_STEP][PASSED] - symbol = symbol: null

2019-08-23 18:52:42 - [TEST_STEP][PASSED] - println(symbol): null

2019-08-23 18:52:42 - [TEST_STEP][PASSED] - if (i == 2 &amp;&amp; wildList.indexOf(symbol) != -1): null

2019-08-23 18:52:42 - [TEST_STEP][PASSED] - if (i == 3 &amp;&amp; wildList.indexOf(symbol) != -1): null

2019-08-23 18:52:42 - [TEST_STEP][PASSED] - if (i == 4 &amp;&amp; wildList.indexOf(symbol) != -1): null

2019-08-23 18:52:42 - [TEST_STEP][PASSED] - symbol = symbol: null

2019-08-23 18:52:42 - [TEST_STEP][PASSED] - println(symbol): null

2019-08-23 18:52:42 - [TEST_STEP][PASSED] - if (i == 2 &amp;&amp; wildList.indexOf(symbol) != -1): null

2019-08-23 18:52:42 - [TEST_STEP][PASSED] - println("wild found on reel 3, adding counter by 1"): null

2019-08-23 18:52:42 - [TEST_STEP][PASSED] - free_spin_reel_counter[0] = free_spin_reel_counter[0] + 1: null

2019-08-23 18:52:42 - [TEST_STEP][PASSED] - if (i == 3 &amp;&amp; wildList.indexOf(symbol) != -1): null

2019-08-23 18:52:42 - [TEST_STEP][PASSED] - if (i == 4 &amp;&amp; wildList.indexOf(symbol) != -1): null

2019-08-23 18:52:42 - [TEST_STEP][PASSED] - symbol = symbol: null

2019-08-23 18:52:42 - [TEST_STEP][PASSED] - println(symbol): null

2019-08-23 18:52:42 - [TEST_STEP][PASSED] - if (i == 2 &amp;&amp; wildList.indexOf(symbol) != -1): null

2019-08-23 18:52:42 - [TEST_STEP][PASSED] - if (i == 3 &amp;&amp; wildList.indexOf(symbol) != -1): null

2019-08-23 18:52:42 - [TEST_STEP][PASSED] - if (i == 4 &amp;&amp; wildList.indexOf(symbol) != -1): null

2019-08-23 18:52:42 - [TEST_STEP][PASSED] - symbols = symbols: null

2019-08-23 18:52:42 - [TEST_STEP][PASSED] - for ([j = 0, j &lt; symbols.size(), (j++)]): null

2019-08-23 18:52:42 - [TEST_STEP][PASSED] - symbol = symbol: null

2019-08-23 18:52:42 - [TEST_STEP][PASSED] - println(symbol): null

2019-08-23 18:52:42 - [TEST_STEP][PASSED] - if (i == 2 &amp;&amp; wildList.indexOf(symbol) != -1): null

2019-08-23 18:52:42 - [TEST_STEP][PASSED] - if (i == 3 &amp;&amp; wildList.indexOf(symbol) != -1): null

2019-08-23 18:52:42 - [TEST_STEP][PASSED] - if (i == 4 &amp;&amp; wildList.indexOf(symbol) != -1): null

2019-08-23 18:52:42 - [TEST_STEP][PASSED] - symbol = symbol: null

2019-08-23 18:52:42 - [TEST_STEP][PASSED] - println(symbol): null

2019-08-23 18:52:42 - [TEST_STEP][PASSED] - if (i == 2 &amp;&amp; wildList.indexOf(symbol) != -1): null

2019-08-23 18:52:42 - [TEST_STEP][PASSED] - if (i == 3 &amp;&amp; wildList.indexOf(symbol) != -1): null

2019-08-23 18:52:42 - [TEST_STEP][PASSED] - if (i == 4 &amp;&amp; wildList.indexOf(symbol) != -1): null

2019-08-23 18:52:42 - [TEST_STEP][PASSED] - symbol = symbol: null

2019-08-23 18:52:42 - [TEST_STEP][PASSED] - println(symbol): null

2019-08-23 18:52:42 - [TEST_STEP][PASSED] - if (i == 2 &amp;&amp; wildList.indexOf(symbol) != -1): null

2019-08-23 18:52:42 - [TEST_STEP][PASSED] - if (i == 3 &amp;&amp; wildList.indexOf(symbol) != -1): null

2019-08-23 18:52:42 - [TEST_STEP][PASSED] - if (i == 4 &amp;&amp; wildList.indexOf(symbol) != -1): null

2019-08-23 18:52:42 - [TEST_STEP][PASSED] - symbols = symbols: null

2019-08-23 18:52:42 - [TEST_STEP][PASSED] - for ([j = 0, j &lt; symbols.size(), (j++)]): null

2019-08-23 18:52:42 - [TEST_STEP][PASSED] - symbol = symbol: null

2019-08-23 18:52:42 - [TEST_STEP][PASSED] - println(symbol): null

2019-08-23 18:52:42 - [TEST_STEP][PASSED] - if (i == 2 &amp;&amp; wildList.indexOf(symbol) != -1): null

2019-08-23 18:52:42 - [TEST_STEP][PASSED] - if (i == 3 &amp;&amp; wildList.indexOf(symbol) != -1): null

2019-08-23 18:52:42 - [TEST_STEP][PASSED] - if (i == 4 &amp;&amp; wildList.indexOf(symbol) != -1): null

2019-08-23 18:52:42 - [TEST_STEP][PASSED] - symbol = symbol: null

2019-08-23 18:52:42 - [TEST_STEP][PASSED] - println(symbol): null

2019-08-23 18:52:42 - [TEST_STEP][PASSED] - if (i == 2 &amp;&amp; wildList.indexOf(symbol) != -1): null

2019-08-23 18:52:42 - [TEST_STEP][PASSED] - if (i == 3 &amp;&amp; wildList.indexOf(symbol) != -1): null

2019-08-23 18:52:42 - [TEST_STEP][PASSED] - if (i == 4 &amp;&amp; wildList.indexOf(symbol) != -1): null

2019-08-23 18:52:42 - [TEST_STEP][PASSED] - symbol = symbol: null

2019-08-23 18:52:42 - [TEST_STEP][PASSED] - println(symbol): null

2019-08-23 18:52:42 - [TEST_STEP][PASSED] - if (i == 2 &amp;&amp; wildList.indexOf(symbol) != -1): null

2019-08-23 18:52:42 - [TEST_STEP][PASSED] - if (i == 3 &amp;&amp; wildList.indexOf(symbol) != -1): null

2019-08-23 18:52:42 - [TEST_STEP][PASSED] - if (i == 4 &amp;&amp; wildList.indexOf(symbol) != -1): null

2019-08-23 18:52:42 - [TEST_STEP][PASSED] - free_spin_reel_counter = free_spin_reel_counter: null

2019-08-23 18:52:42 - [TEST_STEP][PASSED] - println("reel 3 wild found: " + free_spin_reel_counter[0]): null

2019-08-23 18:52:42 - [TEST_STEP][PASSED] - println("reel 4 wild found: " + free_spin_reel_counter[1]): null

2019-08-23 18:52:42 - [TEST_STEP][PASSED] - println("reel 5 wild found: " + free_spin_reel_counter[2]): null

2019-08-23 18:52:42 - [TEST_STEP][PASSED] - M4_spin_reels = M4_spin_reels: null

2019-08-23 18:52:42 - [TEST_STEP][PASSED] - M4_spin_reels_symbols = symbol: null

2019-08-23 18:52:42 - [TEST_STEP][PASSED] - M4_spin_reels_symbols = M4_spin_reels_symbols: null

2019-08-23 18:52:42 - [TEST_STEP][PASSED] - M4_spin_reel_wins = reel_wins: null

2019-08-23 18:52:42 - [TEST_STEP][PASSED] - M4_spin_reel_wins = M4_spin_reel_wins: null

2019-08-23 18:52:42 - [TEST_STEP][PASSED] - println("GlobalVariable.M4_spin_reel_wins is: " + M4_spin_reel_wins): null

2019-08-23 18:52:42 - [TEST_STEP][PASSED] - M4_spin_total_bonus_win_this_round = total_bonus_win_this_round: null

2019-08-23 18:52:42 - [TEST_STEP][PASSED] - M4_spin_total_bonus_win_this_round = M4_spin_total_bonus_win_this_round: null

2019-08-23 18:52:42 - [TEST_STEP][PASSED] - println("GlobalVariable.M4_spin_total_bonus_win_this_round is: " + M4_spin_total_bonus_win_this_round): null

2019-08-23 18:52:42 - [TEST_STEP][PASSED] - M4_spin_bonus_spin_result = spin_result: null

2019-08-23 18:52:42 - [TEST_STEP][PASSED] - M4_spin_bonus_spin_result = M4_spin_bonus_spin_result: null

2019-08-23 18:52:42 - [MESSAGE][PASSED] - Verify response successfully

2019-08-23 18:52:42 - [MESSAGE][PASSED] - Send request and verify the response successfully

2019-08-23 18:52:42 - [TEST_STEP][PASSED] - if (free_spin_reel_counter[0] &gt;= 1 &amp;&amp; free_spin_reel_counter[1] &gt;= 1 &amp;&amp; free_spin_reel_counter[2] &gt;= 1): null

2019-08-23 18:52:42 - [TEST_STEP][PASSED] - spin_result = sendRequestAndVerify(findTestObject("INT/RGS(M4)/1_M4_spin", ["M4_login_user_id":M4_login_user_id, "rgs_session_token":rgs_session_token, "partner":Partner])): Send request and verify the response successfully

2019-08-23 18:52:43 - [MESSAGE][INFO] - HAR: /Users/eiralee/Katalon_Script/SuperWild/Reports/20190823_184757/INT/superWild_1/20190823_184757/requests/main/76.har

2019-08-23 18:52:43 - [TEST_CASE][PASSED] - Start Test Case : Verification: Verification accomplished successfully

2019-08-23 18:52:43 - [TEST_STEP][PASSED] - request = getInstance().getCurrentRequest(): null

2019-08-23 18:52:43 - [TEST_STEP][PASSED] - response = getInstance().getCurrentResponse(): null

2019-08-23 18:52:43 - [TEST_STEP][PASSED] - verifyResponseStatusCode(response, 200): Verify response status code successfully

2019-08-23 18:52:43 - [MESSAGE][PASSED] - Verify response status code successfully

2019-08-23 18:52:43 - [TEST_STEP][PASSED] - getStatusCode()).isEqualTo(200): null

2019-08-23 18:52:43 - [TEST_STEP][PASSED] - newline = System.getProperty("line.separator"): null

2019-08-23 18:52:43 - [TEST_STEP][PASSED] - M4_spin = new groovy.json.JsonSlurper(): null

2019-08-23 18:52:43 - [TEST_STEP][PASSED] - result_M4_spin = M4_spin.parseText(response.getResponseBodyContent()): null

2019-08-23 18:52:43 - [TEST_STEP][PASSED] - M4_spin_current_balance = current_balance: null

2019-08-23 18:52:43 - [TEST_STEP][PASSED] - M4_spin_current_balance = M4_spin_current_balance: null

2019-08-23 18:52:43 - [TEST_STEP][PASSED] - M4_spin_transaction_id = causality: null

2019-08-23 18:52:43 - [TEST_STEP][PASSED] - M4_spin_transaction_id = M4_spin_transaction_id: null

2019-08-23 18:52:43 - [TEST_STEP][PASSED] - M4_spin_round_id = round_id: null

2019-08-23 18:52:43 - [TEST_STEP][PASSED] - M4_spin_round_id = M4_spin_round_id: null

2019-08-23 18:52:43 - [TEST_STEP][PASSED] - M4_spin_line_wins = line_wins: null

2019-08-23 18:52:43 - [TEST_STEP][PASSED] - M4_spin_line_wins = M4_spin_line_wins: null

2019-08-23 18:52:43 - [TEST_STEP][PASSED] - M4_total_bonus_spins_int = total_bonus_spins: null

2019-08-23 18:52:43 - [TEST_STEP][PASSED] - println("******M4_total_bonus_spins type is:*******" + newline + getClass().getName()): null

2019-08-23 18:52:43 - [TEST_STEP][PASSED] - M4_total_bonus_spins_int = M4_total_bonus_spins_int: null

2019-08-23 18:52:43 - [TEST_STEP][PASSED] - M4_total_bonus_spins = Integer.toString(M4_total_bonus_spins_int): null

2019-08-23 18:52:43 - [TEST_STEP][PASSED] - M4_total_bonus_spins = M4_total_bonus_spins: null

2019-08-23 18:52:43 - [TEST_STEP][PASSED] - println("M4_total_bonus_spins is:" + M4_total_bonus_spins): null

2019-08-23 18:52:43 - [TEST_STEP][PASSED] - M4_spin_bonus_data = bonus_data: null

2019-08-23 18:52:43 - [TEST_STEP][PASSED] - M4_spin_features_triggered = result_M4_spin: null

2019-08-23 18:52:43 - [TEST_STEP][PASSED] - wild = []: null

2019-08-23 18:52:43 - [TEST_STEP][PASSED] - wild[0] = "WILD_Expanding": null

2019-08-23 18:52:43 - [TEST_STEP][PASSED] - wild[1] = "WILD_Normal": null

2019-08-23 18:52:43 - [TEST_STEP][PASSED] - wild[2] = "WILD_Double": null

2019-08-23 18:52:43 - [TEST_STEP][PASSED] - wild[3] = "WILD_ExtraFG": null

2019-08-23 18:52:43 - [TEST_STEP][PASSED] - wild[4] = "WILD_Triple": null

2019-08-23 18:52:43 - [TEST_STEP][PASSED] - wildList = Arrays.asList(wild): null

2019-08-23 18:52:43 - [TEST_STEP][PASSED] - wildList = wildList: null

2019-08-23 18:52:43 - [TEST_STEP][PASSED] - free_spin_reel_counter = []: null

2019-08-23 18:52:43 - [TEST_STEP][PASSED] - free_spin_reel_counter[0] = 0: null

2019-08-23 18:52:43 - [TEST_STEP][PASSED] - free_spin_reel_counter[1] = 0: null

2019-08-23 18:52:43 - [TEST_STEP][PASSED] - free_spin_reel_counter[2] = 0: null

2019-08-23 18:52:43 - [TEST_STEP][PASSED] - M4_spin_reels = reels: null

2019-08-23 18:52:43 - [TEST_STEP][PASSED] - for ([i = 0, i &lt; M4_spin_reels.size(), (i++)]): null

2019-08-23 18:52:43 - [TEST_STEP][PASSED] - symbols = symbols: null

2019-08-23 18:52:43 - [TEST_STEP][PASSED] - for ([j = 0, j &lt; symbols.size(), (j++)]): null

2019-08-23 18:52:43 - [TEST_STEP][PASSED] - symbol = symbol: null

2019-08-23 18:52:43 - [TEST_STEP][PASSED] - println(symbol): null

2019-08-23 18:52:43 - [TEST_STEP][PASSED] - if (i == 2 &amp;&amp; wildList.indexOf(symbol) != -1): null

2019-08-23 18:52:43 - [TEST_STEP][PASSED] - if (i == 3 &amp;&amp; wildList.indexOf(symbol) != -1): null

2019-08-23 18:52:43 - [TEST_STEP][PASSED] - if (i == 4 &amp;&amp; wildList.indexOf(symbol) != -1): null

2019-08-23 18:52:43 - [TEST_STEP][PASSED] - symbol = symbol: null

2019-08-23 18:52:43 - [TEST_STEP][PASSED] - println(symbol): null

2019-08-23 18:52:43 - [TEST_STEP][PASSED] - if (i == 2 &amp;&amp; wildList.indexOf(symbol) != -1): null

2019-08-23 18:52:43 - [TEST_STEP][PASSED] - if (i == 3 &amp;&amp; wildList.indexOf(symbol) != -1): null

2019-08-23 18:52:43 - [TEST_STEP][PASSED] - if (i == 4 &amp;&amp; wildList.indexOf(symbol) != -1): null

2019-08-23 18:52:43 - [TEST_STEP][PASSED] - symbol = symbol: null

2019-08-23 18:52:44 - [TEST_STEP][PASSED] - println(symbol): null

2019-08-23 18:52:44 - [TEST_STEP][PASSED] - if (i == 2 &amp;&amp; wildList.indexOf(symbol) != -1): null

2019-08-23 18:52:44 - [TEST_STEP][PASSED] - if (i == 3 &amp;&amp; wildList.indexOf(symbol) != -1): null

2019-08-23 18:52:44 - [TEST_STEP][PASSED] - if (i == 4 &amp;&amp; wildList.indexOf(symbol) != -1): null

2019-08-23 18:52:44 - [TEST_STEP][PASSED] - symbols = symbols: null

2019-08-23 18:52:44 - [TEST_STEP][PASSED] - for ([j = 0, j &lt; symbols.size(), (j++)]): null

2019-08-23 18:52:44 - [TEST_STEP][PASSED] - symbol = symbol: null

2019-08-23 18:52:44 - [TEST_STEP][PASSED] - println(symbol): null

2019-08-23 18:52:44 - [TEST_STEP][PASSED] - if (i == 2 &amp;&amp; wildList.indexOf(symbol) != -1): null

2019-08-23 18:52:44 - [TEST_STEP][PASSED] - if (i == 3 &amp;&amp; wildList.indexOf(symbol) != -1): null

2019-08-23 18:52:44 - [TEST_STEP][PASSED] - if (i == 4 &amp;&amp; wildList.indexOf(symbol) != -1): null

2019-08-23 18:52:44 - [TEST_STEP][PASSED] - symbol = symbol: null

2019-08-23 18:52:44 - [TEST_STEP][PASSED] - println(symbol): null

2019-08-23 18:52:44 - [TEST_STEP][PASSED] - if (i == 2 &amp;&amp; wildList.indexOf(symbol) != -1): null

2019-08-23 18:52:44 - [TEST_STEP][PASSED] - if (i == 3 &amp;&amp; wildList.indexOf(symbol) != -1): null

2019-08-23 18:52:44 - [TEST_STEP][PASSED] - if (i == 4 &amp;&amp; wildList.indexOf(symbol) != -1): null

2019-08-23 18:52:44 - [TEST_STEP][PASSED] - symbol = symbol: null

2019-08-23 18:52:44 - [TEST_STEP][PASSED] - println(symbol): null

2019-08-23 18:52:44 - [TEST_STEP][PASSED] - if (i == 2 &amp;&amp; wildList.indexOf(symbol) != -1): null

2019-08-23 18:52:44 - [TEST_STEP][PASSED] - if (i == 3 &amp;&amp; wildList.indexOf(symbol) != -1): null

2019-08-23 18:52:44 - [TEST_STEP][PASSED] - if (i == 4 &amp;&amp; wildList.indexOf(symbol) != -1): null

2019-08-23 18:52:44 - [TEST_STEP][PASSED] - symbols = symbols: null

2019-08-23 18:52:44 - [TEST_STEP][PASSED] - for ([j = 0, j &lt; symbols.size(), (j++)]): null

2019-08-23 18:52:44 - [TEST_STEP][PASSED] - symbol = symbol: null

2019-08-23 18:52:44 - [TEST_STEP][PASSED] - println(symbol): null

2019-08-23 18:52:44 - [TEST_STEP][PASSED] - if (i == 2 &amp;&amp; wildList.indexOf(symbol) != -1): null

2019-08-23 18:52:44 - [TEST_STEP][PASSED] - if (i == 3 &amp;&amp; wildList.indexOf(symbol) != -1): null

2019-08-23 18:52:44 - [TEST_STEP][PASSED] - if (i == 4 &amp;&amp; wildList.indexOf(symbol) != -1): null

2019-08-23 18:52:44 - [TEST_STEP][PASSED] - symbol = symbol: null

2019-08-23 18:52:44 - [TEST_STEP][PASSED] - println(symbol): null

2019-08-23 18:52:44 - [TEST_STEP][PASSED] - if (i == 2 &amp;&amp; wildList.indexOf(symbol) != -1): null

2019-08-23 18:52:44 - [TEST_STEP][PASSED] - if (i == 3 &amp;&amp; wildList.indexOf(symbol) != -1): null

2019-08-23 18:52:44 - [TEST_STEP][PASSED] - if (i == 4 &amp;&amp; wildList.indexOf(symbol) != -1): null

2019-08-23 18:52:44 - [TEST_STEP][PASSED] - symbol = symbol: null

2019-08-23 18:52:44 - [TEST_STEP][PASSED] - println(symbol): null

2019-08-23 18:52:44 - [TEST_STEP][PASSED] - if (i == 2 &amp;&amp; wildList.indexOf(symbol) != -1): null

2019-08-23 18:52:44 - [TEST_STEP][PASSED] - if (i == 3 &amp;&amp; wildList.indexOf(symbol) != -1): null

2019-08-23 18:52:44 - [TEST_STEP][PASSED] - if (i == 4 &amp;&amp; wildList.indexOf(symbol) != -1): null

2019-08-23 18:52:44 - [TEST_STEP][PASSED] - symbols = symbols: null

2019-08-23 18:52:44 - [TEST_STEP][PASSED] - for ([j = 0, j &lt; symbols.size(), (j++)]): null

2019-08-23 18:52:44 - [TEST_STEP][PASSED] - symbol = symbol: null

2019-08-23 18:52:44 - [TEST_STEP][PASSED] - println(symbol): null

2019-08-23 18:52:44 - [TEST_STEP][PASSED] - if (i == 2 &amp;&amp; wildList.indexOf(symbol) != -1): null

2019-08-23 18:52:44 - [TEST_STEP][PASSED] - if (i == 3 &amp;&amp; wildList.indexOf(symbol) != -1): null

2019-08-23 18:52:44 - [TEST_STEP][PASSED] - println("wild found on reel 4, adding counter by 1"): null

2019-08-23 18:52:44 - [TEST_STEP][PASSED] - free_spin_reel_counter[1] = free_spin_reel_counter[1] + 1: null

2019-08-23 18:52:44 - [TEST_STEP][PASSED] - if (i == 4 &amp;&amp; wildList.indexOf(symbol) != -1): null

2019-08-23 18:52:44 - [TEST_STEP][PASSED] - symbol = symbol: null

2019-08-23 18:52:44 - [TEST_STEP][PASSED] - println(symbol): null

2019-08-23 18:52:44 - [TEST_STEP][PASSED] - if (i == 2 &amp;&amp; wildList.indexOf(symbol) != -1): null

2019-08-23 18:52:44 - [TEST_STEP][PASSED] - if (i == 3 &amp;&amp; wildList.indexOf(symbol) != -1): null

2019-08-23 18:52:44 - [TEST_STEP][PASSED] - if (i == 4 &amp;&amp; wildList.indexOf(symbol) != -1): null

2019-08-23 18:52:44 - [TEST_STEP][PASSED] - symbol = symbol: null

2019-08-23 18:52:44 - [TEST_STEP][PASSED] - println(symbol): null

2019-08-23 18:52:44 - [TEST_STEP][PASSED] - if (i == 2 &amp;&amp; wildList.indexOf(symbol) != -1): null

2019-08-23 18:52:44 - [TEST_STEP][PASSED] - if (i == 3 &amp;&amp; wildList.indexOf(symbol) != -1): null

2019-08-23 18:52:44 - [TEST_STEP][PASSED] - if (i == 4 &amp;&amp; wildList.indexOf(symbol) != -1): null

2019-08-23 18:52:44 - [TEST_STEP][PASSED] - symbols = symbols: null

2019-08-23 18:52:44 - [TEST_STEP][PASSED] - for ([j = 0, j &lt; symbols.size(), (j++)]): null

2019-08-23 18:52:44 - [TEST_STEP][PASSED] - symbol = symbol: null

2019-08-23 18:52:44 - [TEST_STEP][PASSED] - println(symbol): null

2019-08-23 18:52:45 - [TEST_STEP][PASSED] - if (i == 2 &amp;&amp; wildList.indexOf(symbol) != -1): null

2019-08-23 18:52:45 - [TEST_STEP][PASSED] - if (i == 3 &amp;&amp; wildList.indexOf(symbol) != -1): null

2019-08-23 18:52:45 - [TEST_STEP][PASSED] - if (i == 4 &amp;&amp; wildList.indexOf(symbol) != -1): null

2019-08-23 18:52:45 - [TEST_STEP][PASSED] - symbol = symbol: null

2019-08-23 18:52:45 - [TEST_STEP][PASSED] - println(symbol): null

2019-08-23 18:52:45 - [TEST_STEP][PASSED] - if (i == 2 &amp;&amp; wildList.indexOf(symbol) != -1): null

2019-08-23 18:52:45 - [TEST_STEP][PASSED] - if (i == 3 &amp;&amp; wildList.indexOf(symbol) != -1): null

2019-08-23 18:52:45 - [TEST_STEP][PASSED] - if (i == 4 &amp;&amp; wildList.indexOf(symbol) != -1): null

2019-08-23 18:52:45 - [TEST_STEP][PASSED] - symbol = symbol: null

2019-08-23 18:52:45 - [TEST_STEP][PASSED] - println(symbol): null

2019-08-23 18:52:45 - [TEST_STEP][PASSED] - if (i == 2 &amp;&amp; wildList.indexOf(symbol) != -1): null

2019-08-23 18:52:45 - [TEST_STEP][PASSED] - if (i == 3 &amp;&amp; wildList.indexOf(symbol) != -1): null

2019-08-23 18:52:45 - [TEST_STEP][PASSED] - if (i == 4 &amp;&amp; wildList.indexOf(symbol) != -1): null

2019-08-23 18:52:45 - [TEST_STEP][PASSED] - free_spin_reel_counter = free_spin_reel_counter: null

2019-08-23 18:52:45 - [TEST_STEP][PASSED] - println("reel 3 wild found: " + free_spin_reel_counter[0]): null

2019-08-23 18:52:45 - [TEST_STEP][PASSED] - println("reel 4 wild found: " + free_spin_reel_counter[1]): null

2019-08-23 18:52:45 - [TEST_STEP][PASSED] - println("reel 5 wild found: " + free_spin_reel_counter[2]): null

2019-08-23 18:52:45 - [TEST_STEP][PASSED] - M4_spin_reels = M4_spin_reels: null

2019-08-23 18:52:45 - [TEST_STEP][PASSED] - M4_spin_reels_symbols = symbol: null

2019-08-23 18:52:45 - [TEST_STEP][PASSED] - M4_spin_reels_symbols = M4_spin_reels_symbols: null

2019-08-23 18:52:45 - [TEST_STEP][PASSED] - M4_spin_reel_wins = reel_wins: null

2019-08-23 18:52:45 - [TEST_STEP][PASSED] - M4_spin_reel_wins = M4_spin_reel_wins: null

2019-08-23 18:52:45 - [TEST_STEP][PASSED] - println("GlobalVariable.M4_spin_reel_wins is: " + M4_spin_reel_wins): null

2019-08-23 18:52:45 - [TEST_STEP][PASSED] - M4_spin_total_bonus_win_this_round = total_bonus_win_this_round: null

2019-08-23 18:52:45 - [TEST_STEP][PASSED] - M4_spin_total_bonus_win_this_round = M4_spin_total_bonus_win_this_round: null

2019-08-23 18:52:45 - [TEST_STEP][PASSED] - println("GlobalVariable.M4_spin_total_bonus_win_this_round is: " + M4_spin_total_bonus_win_this_round): null

2019-08-23 18:52:45 - [TEST_STEP][PASSED] - M4_spin_bonus_spin_result = spin_result: null

2019-08-23 18:52:45 - [TEST_STEP][PASSED] - M4_spin_bonus_spin_result = M4_spin_bonus_spin_result: null

2019-08-23 18:52:45 - [MESSAGE][PASSED] - Verify response successfully

2019-08-23 18:52:45 - [MESSAGE][PASSED] - Send request and verify the response successfully

2019-08-23 18:52:45 - [TEST_STEP][PASSED] - if (free_spin_reel_counter[0] &gt;= 1 &amp;&amp; free_spin_reel_counter[1] &gt;= 1 &amp;&amp; free_spin_reel_counter[2] &gt;= 1): null

2019-08-23 18:52:45 - [TEST_STEP][PASSED] - spin_result = sendRequestAndVerify(findTestObject("INT/RGS(M4)/1_M4_spin", ["M4_login_user_id":M4_login_user_id, "rgs_session_token":rgs_session_token, "partner":Partner])): Send request and verify the response successfully

2019-08-23 18:52:45 - [MESSAGE][INFO] - HAR: /Users/eiralee/Katalon_Script/SuperWild/Reports/20190823_184757/INT/superWild_1/20190823_184757/requests/main/77.har

2019-08-23 18:52:45 - [TEST_CASE][PASSED] - Start Test Case : Verification: Verification accomplished successfully

2019-08-23 18:52:45 - [TEST_STEP][PASSED] - request = getInstance().getCurrentRequest(): null

2019-08-23 18:52:45 - [TEST_STEP][PASSED] - response = getInstance().getCurrentResponse(): null

2019-08-23 18:52:45 - [TEST_STEP][PASSED] - verifyResponseStatusCode(response, 200): Verify response status code successfully

2019-08-23 18:52:45 - [MESSAGE][PASSED] - Verify response status code successfully

2019-08-23 18:52:45 - [TEST_STEP][PASSED] - getStatusCode()).isEqualTo(200): null

2019-08-23 18:52:45 - [TEST_STEP][PASSED] - newline = System.getProperty("line.separator"): null

2019-08-23 18:52:45 - [TEST_STEP][PASSED] - M4_spin = new groovy.json.JsonSlurper(): null

2019-08-23 18:52:45 - [TEST_STEP][PASSED] - result_M4_spin = M4_spin.parseText(response.getResponseBodyContent()): null

2019-08-23 18:52:45 - [TEST_STEP][PASSED] - M4_spin_current_balance = current_balance: null

2019-08-23 18:52:45 - [TEST_STEP][PASSED] - M4_spin_current_balance = M4_spin_current_balance: null

2019-08-23 18:52:45 - [TEST_STEP][PASSED] - M4_spin_transaction_id = causality: null

2019-08-23 18:52:45 - [TEST_STEP][PASSED] - M4_spin_transaction_id = M4_spin_transaction_id: null

2019-08-23 18:52:45 - [TEST_STEP][PASSED] - M4_spin_round_id = round_id: null

2019-08-23 18:52:45 - [TEST_STEP][PASSED] - M4_spin_round_id = M4_spin_round_id: null

2019-08-23 18:52:45 - [TEST_STEP][PASSED] - M4_spin_line_wins = line_wins: null

2019-08-23 18:52:45 - [TEST_STEP][PASSED] - M4_spin_line_wins = M4_spin_line_wins: null

2019-08-23 18:52:45 - [TEST_STEP][PASSED] - M4_total_bonus_spins_int = total_bonus_spins: null

2019-08-23 18:52:45 - [TEST_STEP][PASSED] - println("******M4_total_bonus_spins type is:*******" + newline + getClass().getName()): null

2019-08-23 18:52:45 - [TEST_STEP][PASSED] - M4_total_bonus_spins_int = M4_total_bonus_spins_int: null

2019-08-23 18:52:45 - [TEST_STEP][PASSED] - M4_total_bonus_spins = Integer.toString(M4_total_bonus_spins_int): null

2019-08-23 18:52:45 - [TEST_STEP][PASSED] - M4_total_bonus_spins = M4_total_bonus_spins: null

2019-08-23 18:52:45 - [TEST_STEP][PASSED] - println("M4_total_bonus_spins is:" + M4_total_bonus_spins): null

2019-08-23 18:52:45 - [TEST_STEP][PASSED] - M4_spin_bonus_data = bonus_data: null

2019-08-23 18:52:45 - [TEST_STEP][PASSED] - M4_spin_features_triggered = result_M4_spin: null

2019-08-23 18:52:45 - [TEST_STEP][PASSED] - wild = []: null

2019-08-23 18:52:45 - [TEST_STEP][PASSED] - wild[0] = "WILD_Expanding": null

2019-08-23 18:52:45 - [TEST_STEP][PASSED] - wild[1] = "WILD_Normal": null

2019-08-23 18:52:45 - [TEST_STEP][PASSED] - wild[2] = "WILD_Double": null

2019-08-23 18:52:45 - [TEST_STEP][PASSED] - wild[3] = "WILD_ExtraFG": null

2019-08-23 18:52:45 - [TEST_STEP][PASSED] - wild[4] = "WILD_Triple": null

2019-08-23 18:52:45 - [TEST_STEP][PASSED] - wildList = Arrays.asList(wild): null

2019-08-23 18:52:45 - [TEST_STEP][PASSED] - wildList = wildList: null

2019-08-23 18:52:45 - [TEST_STEP][PASSED] - free_spin_reel_counter = []: null

2019-08-23 18:52:45 - [TEST_STEP][PASSED] - free_spin_reel_counter[0] = 0: null

2019-08-23 18:52:45 - [TEST_STEP][PASSED] - free_spin_reel_counter[1] = 0: null

2019-08-23 18:52:45 - [TEST_STEP][PASSED] - free_spin_reel_counter[2] = 0: null

2019-08-23 18:52:45 - [TEST_STEP][PASSED] - M4_spin_reels = reels: null

2019-08-23 18:52:45 - [TEST_STEP][PASSED] - for ([i = 0, i &lt; M4_spin_reels.size(), (i++)]): null

2019-08-23 18:52:45 - [TEST_STEP][PASSED] - symbols = symbols: null

2019-08-23 18:52:45 - [TEST_STEP][PASSED] - for ([j = 0, j &lt; symbols.size(), (j++)]): null

2019-08-23 18:52:45 - [TEST_STEP][PASSED] - symbol = symbol: null

2019-08-23 18:52:45 - [TEST_STEP][PASSED] - println(symbol): null

2019-08-23 18:52:45 - [TEST_STEP][PASSED] - if (i == 2 &amp;&amp; wildList.indexOf(symbol) != -1): null

2019-08-23 18:52:45 - [TEST_STEP][PASSED] - if (i == 3 &amp;&amp; wildList.indexOf(symbol) != -1): null

2019-08-23 18:52:45 - [TEST_STEP][PASSED] - if (i == 4 &amp;&amp; wildList.indexOf(symbol) != -1): null

2019-08-23 18:52:45 - [TEST_STEP][PASSED] - symbol = symbol: null

2019-08-23 18:52:45 - [TEST_STEP][PASSED] - println(symbol): null

2019-08-23 18:52:45 - [TEST_STEP][PASSED] - if (i == 2 &amp;&amp; wildList.indexOf(symbol) != -1): null

2019-08-23 18:52:45 - [TEST_STEP][PASSED] - if (i == 3 &amp;&amp; wildList.indexOf(symbol) != -1): null

2019-08-23 18:52:45 - [TEST_STEP][PASSED] - if (i == 4 &amp;&amp; wildList.indexOf(symbol) != -1): null

2019-08-23 18:52:45 - [TEST_STEP][PASSED] - symbol = symbol: null

2019-08-23 18:52:45 - [TEST_STEP][PASSED] - println(symbol): null

2019-08-23 18:52:45 - [TEST_STEP][PASSED] - if (i == 2 &amp;&amp; wildList.indexOf(symbol) != -1): null

2019-08-23 18:52:45 - [TEST_STEP][PASSED] - if (i == 3 &amp;&amp; wildList.indexOf(symbol) != -1): null

2019-08-23 18:52:45 - [TEST_STEP][PASSED] - if (i == 4 &amp;&amp; wildList.indexOf(symbol) != -1): null

2019-08-23 18:52:45 - [TEST_STEP][PASSED] - symbols = symbols: null

2019-08-23 18:52:45 - [TEST_STEP][PASSED] - for ([j = 0, j &lt; symbols.size(), (j++)]): null

2019-08-23 18:52:45 - [TEST_STEP][PASSED] - symbol = symbol: null

2019-08-23 18:52:45 - [TEST_STEP][PASSED] - println(symbol): null

2019-08-23 18:52:45 - [TEST_STEP][PASSED] - if (i == 2 &amp;&amp; wildList.indexOf(symbol) != -1): null

2019-08-23 18:52:45 - [TEST_STEP][PASSED] - if (i == 3 &amp;&amp; wildList.indexOf(symbol) != -1): null

2019-08-23 18:52:45 - [TEST_STEP][PASSED] - if (i == 4 &amp;&amp; wildList.indexOf(symbol) != -1): null

2019-08-23 18:52:45 - [TEST_STEP][PASSED] - symbol = symbol: null

2019-08-23 18:52:45 - [TEST_STEP][PASSED] - println(symbol): null

2019-08-23 18:52:45 - [TEST_STEP][PASSED] - if (i == 2 &amp;&amp; wildList.indexOf(symbol) != -1): null

2019-08-23 18:52:45 - [TEST_STEP][PASSED] - if (i == 3 &amp;&amp; wildList.indexOf(symbol) != -1): null

2019-08-23 18:52:45 - [TEST_STEP][PASSED] - if (i == 4 &amp;&amp; wildList.indexOf(symbol) != -1): null

2019-08-23 18:52:45 - [TEST_STEP][PASSED] - symbol = symbol: null

2019-08-23 18:52:45 - [TEST_STEP][PASSED] - println(symbol): null

2019-08-23 18:52:45 - [TEST_STEP][PASSED] - if (i == 2 &amp;&amp; wildList.indexOf(symbol) != -1): null

2019-08-23 18:52:45 - [TEST_STEP][PASSED] - if (i == 3 &amp;&amp; wildList.indexOf(symbol) != -1): null

2019-08-23 18:52:45 - [TEST_STEP][PASSED] - if (i == 4 &amp;&amp; wildList.indexOf(symbol) != -1): null

2019-08-23 18:52:45 - [TEST_STEP][PASSED] - symbols = symbols: null

2019-08-23 18:52:45 - [TEST_STEP][PASSED] - for ([j = 0, j &lt; symbols.size(), (j++)]): null

2019-08-23 18:52:45 - [TEST_STEP][PASSED] - symbol = symbol: null

2019-08-23 18:52:45 - [TEST_STEP][PASSED] - println(symbol): null

2019-08-23 18:52:45 - [TEST_STEP][PASSED] - if (i == 2 &amp;&amp; wildList.indexOf(symbol) != -1): null

2019-08-23 18:52:45 - [TEST_STEP][PASSED] - if (i == 3 &amp;&amp; wildList.indexOf(symbol) != -1): null

2019-08-23 18:52:45 - [TEST_STEP][PASSED] - if (i == 4 &amp;&amp; wildList.indexOf(symbol) != -1): null

2019-08-23 18:52:45 - [TEST_STEP][PASSED] - symbol = symbol: null

2019-08-23 18:52:45 - [TEST_STEP][PASSED] - println(symbol): null

2019-08-23 18:52:45 - [TEST_STEP][PASSED] - if (i == 2 &amp;&amp; wildList.indexOf(symbol) != -1): null

2019-08-23 18:52:45 - [TEST_STEP][PASSED] - if (i == 3 &amp;&amp; wildList.indexOf(symbol) != -1): null

2019-08-23 18:52:45 - [TEST_STEP][PASSED] - if (i == 4 &amp;&amp; wildList.indexOf(symbol) != -1): null

2019-08-23 18:52:45 - [TEST_STEP][PASSED] - symbol = symbol: null

2019-08-23 18:52:45 - [TEST_STEP][PASSED] - println(symbol): null

2019-08-23 18:52:45 - [TEST_STEP][PASSED] - if (i == 2 &amp;&amp; wildList.indexOf(symbol) != -1): null

2019-08-23 18:52:45 - [TEST_STEP][PASSED] - if (i == 3 &amp;&amp; wildList.indexOf(symbol) != -1): null

2019-08-23 18:52:45 - [TEST_STEP][PASSED] - if (i == 4 &amp;&amp; wildList.indexOf(symbol) != -1): null

2019-08-23 18:52:45 - [TEST_STEP][PASSED] - symbols = symbols: null

2019-08-23 18:52:45 - [TEST_STEP][PASSED] - for ([j = 0, j &lt; symbols.size(), (j++)]): null

2019-08-23 18:52:45 - [TEST_STEP][PASSED] - symbol = symbol: null

2019-08-23 18:52:45 - [TEST_STEP][PASSED] - println(symbol): null

2019-08-23 18:52:45 - [TEST_STEP][PASSED] - if (i == 2 &amp;&amp; wildList.indexOf(symbol) != -1): null

2019-08-23 18:52:45 - [TEST_STEP][PASSED] - if (i == 3 &amp;&amp; wildList.indexOf(symbol) != -1): null

2019-08-23 18:52:45 - [TEST_STEP][PASSED] - if (i == 4 &amp;&amp; wildList.indexOf(symbol) != -1): null

2019-08-23 18:52:45 - [TEST_STEP][PASSED] - symbol = symbol: null

2019-08-23 18:52:45 - [TEST_STEP][PASSED] - println(symbol): null

2019-08-23 18:52:45 - [TEST_STEP][PASSED] - if (i == 2 &amp;&amp; wildList.indexOf(symbol) != -1): null

2019-08-23 18:52:45 - [TEST_STEP][PASSED] - if (i == 3 &amp;&amp; wildList.indexOf(symbol) != -1): null

2019-08-23 18:52:45 - [TEST_STEP][PASSED] - println("wild found on reel 4, adding counter by 1"): null

2019-08-23 18:52:45 - [TEST_STEP][PASSED] - free_spin_reel_counter[1] = free_spin_reel_counter[1] + 1: null

2019-08-23 18:52:45 - [TEST_STEP][PASSED] - if (i == 4 &amp;&amp; wildList.indexOf(symbol) != -1): null

2019-08-23 18:52:45 - [TEST_STEP][PASSED] - symbol = symbol: null

2019-08-23 18:52:45 - [TEST_STEP][PASSED] - println(symbol): null

2019-08-23 18:52:45 - [TEST_STEP][PASSED] - if (i == 2 &amp;&amp; wildList.indexOf(symbol) != -1): null

2019-08-23 18:52:45 - [TEST_STEP][PASSED] - if (i == 3 &amp;&amp; wildList.indexOf(symbol) != -1): null

2019-08-23 18:52:45 - [TEST_STEP][PASSED] - if (i == 4 &amp;&amp; wildList.indexOf(symbol) != -1): null

2019-08-23 18:52:45 - [TEST_STEP][PASSED] - symbols = symbols: null

2019-08-23 18:52:45 - [TEST_STEP][PASSED] - for ([j = 0, j &lt; symbols.size(), (j++)]): null

2019-08-23 18:52:45 - [TEST_STEP][PASSED] - symbol = symbol: null

2019-08-23 18:52:45 - [TEST_STEP][PASSED] - println(symbol): null

2019-08-23 18:52:45 - [TEST_STEP][PASSED] - if (i == 2 &amp;&amp; wildList.indexOf(symbol) != -1): null

2019-08-23 18:52:45 - [TEST_STEP][PASSED] - if (i == 3 &amp;&amp; wildList.indexOf(symbol) != -1): null

2019-08-23 18:52:45 - [TEST_STEP][PASSED] - if (i == 4 &amp;&amp; wildList.indexOf(symbol) != -1): null

2019-08-23 18:52:45 - [TEST_STEP][PASSED] - symbol = symbol: null

2019-08-23 18:52:45 - [TEST_STEP][PASSED] - println(symbol): null

2019-08-23 18:52:45 - [TEST_STEP][PASSED] - if (i == 2 &amp;&amp; wildList.indexOf(symbol) != -1): null

2019-08-23 18:52:45 - [TEST_STEP][PASSED] - if (i == 3 &amp;&amp; wildList.indexOf(symbol) != -1): null

2019-08-23 18:52:45 - [TEST_STEP][PASSED] - if (i == 4 &amp;&amp; wildList.indexOf(symbol) != -1): null

2019-08-23 18:52:45 - [TEST_STEP][PASSED] - symbol = symbol: null

2019-08-23 18:52:45 - [TEST_STEP][PASSED] - println(symbol): null

2019-08-23 18:52:45 - [TEST_STEP][PASSED] - if (i == 2 &amp;&amp; wildList.indexOf(symbol) != -1): null

2019-08-23 18:52:45 - [TEST_STEP][PASSED] - if (i == 3 &amp;&amp; wildList.indexOf(symbol) != -1): null

2019-08-23 18:52:45 - [TEST_STEP][PASSED] - if (i == 4 &amp;&amp; wildList.indexOf(symbol) != -1): null

2019-08-23 18:52:45 - [TEST_STEP][PASSED] - free_spin_reel_counter = free_spin_reel_counter: null

2019-08-23 18:52:45 - [TEST_STEP][PASSED] - println("reel 3 wild found: " + free_spin_reel_counter[0]): null

2019-08-23 18:52:45 - [TEST_STEP][PASSED] - println("reel 4 wild found: " + free_spin_reel_counter[1]): null

2019-08-23 18:52:45 - [TEST_STEP][PASSED] - println("reel 5 wild found: " + free_spin_reel_counter[2]): null

2019-08-23 18:52:45 - [TEST_STEP][PASSED] - M4_spin_reels = M4_spin_reels: null

2019-08-23 18:52:45 - [TEST_STEP][PASSED] - M4_spin_reels_symbols = symbol: null

2019-08-23 18:52:45 - [TEST_STEP][PASSED] - M4_spin_reels_symbols = M4_spin_reels_symbols: null

2019-08-23 18:52:45 - [TEST_STEP][PASSED] - M4_spin_reel_wins = reel_wins: null

2019-08-23 18:52:45 - [TEST_STEP][PASSED] - M4_spin_reel_wins = M4_spin_reel_wins: null

2019-08-23 18:52:45 - [TEST_STEP][PASSED] - println("GlobalVariable.M4_spin_reel_wins is: " + M4_spin_reel_wins): null

2019-08-23 18:52:45 - [TEST_STEP][PASSED] - M4_spin_total_bonus_win_this_round = total_bonus_win_this_round: null

2019-08-23 18:52:45 - [TEST_STEP][PASSED] - M4_spin_total_bonus_win_this_round = M4_spin_total_bonus_win_this_round: null

2019-08-23 18:52:45 - [TEST_STEP][PASSED] - println("GlobalVariable.M4_spin_total_bonus_win_this_round is: " + M4_spin_total_bonus_win_this_round): null

2019-08-23 18:52:45 - [TEST_STEP][PASSED] - M4_spin_bonus_spin_result = spin_result: null

2019-08-23 18:52:45 - [TEST_STEP][PASSED] - M4_spin_bonus_spin_result = M4_spin_bonus_spin_result: null

2019-08-23 18:52:45 - [MESSAGE][PASSED] - Verify response successfully

2019-08-23 18:52:45 - [MESSAGE][PASSED] - Send request and verify the response successfully

2019-08-23 18:52:45 - [TEST_STEP][PASSED] - if (free_spin_reel_counter[0] &gt;= 1 &amp;&amp; free_spin_reel_counter[1] &gt;= 1 &amp;&amp; free_spin_reel_counter[2] &gt;= 1): null

2019-08-23 18:52:45 - [TEST_STEP][PASSED] - spin_result = sendRequestAndVerify(findTestObject("INT/RGS(M4)/1_M4_spin", ["M4_login_user_id":M4_login_user_id, "rgs_session_token":rgs_session_token, "partner":Partner])): Send request and verify the response successfully

2019-08-23 18:52:46 - [MESSAGE][INFO] - HAR: /Users/eiralee/Katalon_Script/SuperWild/Reports/20190823_184757/INT/superWild_1/20190823_184757/requests/main/78.har

2019-08-23 18:52:46 - [TEST_CASE][PASSED] - Start Test Case : Verification: Verification accomplished successfully

2019-08-23 18:52:46 - [TEST_STEP][PASSED] - request = getInstance().getCurrentRequest(): null

2019-08-23 18:52:46 - [TEST_STEP][PASSED] - response = getInstance().getCurrentResponse(): null

2019-08-23 18:52:46 - [TEST_STEP][PASSED] - verifyResponseStatusCode(response, 200): Verify response status code successfully

2019-08-23 18:52:46 - [MESSAGE][PASSED] - Verify response status code successfully

2019-08-23 18:52:46 - [TEST_STEP][PASSED] - getStatusCode()).isEqualTo(200): null

2019-08-23 18:52:46 - [TEST_STEP][PASSED] - newline = System.getProperty("line.separator"): null

2019-08-23 18:52:46 - [TEST_STEP][PASSED] - M4_spin = new groovy.json.JsonSlurper(): null

2019-08-23 18:52:46 - [TEST_STEP][PASSED] - result_M4_spin = M4_spin.parseText(response.getResponseBodyContent()): null

2019-08-23 18:52:46 - [TEST_STEP][PASSED] - M4_spin_current_balance = current_balance: null

2019-08-23 18:52:46 - [TEST_STEP][PASSED] - M4_spin_current_balance = M4_spin_current_balance: null

2019-08-23 18:52:46 - [TEST_STEP][PASSED] - M4_spin_transaction_id = causality: null

2019-08-23 18:52:46 - [TEST_STEP][PASSED] - M4_spin_transaction_id = M4_spin_transaction_id: null

2019-08-23 18:52:46 - [TEST_STEP][PASSED] - M4_spin_round_id = round_id: null

2019-08-23 18:52:46 - [TEST_STEP][PASSED] - M4_spin_round_id = M4_spin_round_id: null

2019-08-23 18:52:46 - [TEST_STEP][PASSED] - M4_spin_line_wins = line_wins: null

2019-08-23 18:52:46 - [TEST_STEP][PASSED] - M4_spin_line_wins = M4_spin_line_wins: null

2019-08-23 18:52:46 - [TEST_STEP][PASSED] - M4_total_bonus_spins_int = total_bonus_spins: null

2019-08-23 18:52:46 - [TEST_STEP][PASSED] - println("******M4_total_bonus_spins type is:*******" + newline + getClass().getName()): null

2019-08-23 18:52:46 - [TEST_STEP][PASSED] - M4_total_bonus_spins_int = M4_total_bonus_spins_int: null

2019-08-23 18:52:46 - [TEST_STEP][PASSED] - M4_total_bonus_spins = Integer.toString(M4_total_bonus_spins_int): null

2019-08-23 18:52:46 - [TEST_STEP][PASSED] - M4_total_bonus_spins = M4_total_bonus_spins: null

2019-08-23 18:52:46 - [TEST_STEP][PASSED] - println("M4_total_bonus_spins is:" + M4_total_bonus_spins): null

2019-08-23 18:52:46 - [TEST_STEP][PASSED] - M4_spin_bonus_data = bonus_data: null

2019-08-23 18:52:46 - [TEST_STEP][PASSED] - M4_spin_features_triggered = result_M4_spin: null

2019-08-23 18:52:46 - [TEST_STEP][PASSED] - wild = []: null

2019-08-23 18:52:46 - [TEST_STEP][PASSED] - wild[0] = "WILD_Expanding": null

2019-08-23 18:52:46 - [TEST_STEP][PASSED] - wild[1] = "WILD_Normal": null

2019-08-23 18:52:46 - [TEST_STEP][PASSED] - wild[2] = "WILD_Double": null

2019-08-23 18:52:46 - [TEST_STEP][PASSED] - wild[3] = "WILD_ExtraFG": null

2019-08-23 18:52:46 - [TEST_STEP][PASSED] - wild[4] = "WILD_Triple": null

2019-08-23 18:52:46 - [TEST_STEP][PASSED] - wildList = Arrays.asList(wild): null

2019-08-23 18:52:46 - [TEST_STEP][PASSED] - wildList = wildList: null

2019-08-23 18:52:46 - [TEST_STEP][PASSED] - free_spin_reel_counter = []: null

2019-08-23 18:52:46 - [TEST_STEP][PASSED] - free_spin_reel_counter[0] = 0: null

2019-08-23 18:52:46 - [TEST_STEP][PASSED] - free_spin_reel_counter[1] = 0: null

2019-08-23 18:52:46 - [TEST_STEP][PASSED] - free_spin_reel_counter[2] = 0: null

2019-08-23 18:52:46 - [TEST_STEP][PASSED] - M4_spin_reels = reels: null

2019-08-23 18:52:46 - [TEST_STEP][PASSED] - for ([i = 0, i &lt; M4_spin_reels.size(), (i++)]): null

2019-08-23 18:52:46 - [TEST_STEP][PASSED] - symbols = symbols: null

2019-08-23 18:52:46 - [TEST_STEP][PASSED] - for ([j = 0, j &lt; symbols.size(), (j++)]): null

2019-08-23 18:52:46 - [TEST_STEP][PASSED] - symbol = symbol: null

2019-08-23 18:52:46 - [TEST_STEP][PASSED] - println(symbol): null

2019-08-23 18:52:46 - [TEST_STEP][PASSED] - if (i == 2 &amp;&amp; wildList.indexOf(symbol) != -1): null

2019-08-23 18:52:46 - [TEST_STEP][PASSED] - if (i == 3 &amp;&amp; wildList.indexOf(symbol) != -1): null

2019-08-23 18:52:46 - [TEST_STEP][PASSED] - if (i == 4 &amp;&amp; wildList.indexOf(symbol) != -1): null

2019-08-23 18:52:46 - [TEST_STEP][PASSED] - symbol = symbol: null

2019-08-23 18:52:46 - [TEST_STEP][PASSED] - println(symbol): null

2019-08-23 18:52:46 - [TEST_STEP][PASSED] - if (i == 2 &amp;&amp; wildList.indexOf(symbol) != -1): null

2019-08-23 18:52:46 - [TEST_STEP][PASSED] - if (i == 3 &amp;&amp; wildList.indexOf(symbol) != -1): null

2019-08-23 18:52:46 - [TEST_STEP][PASSED] - if (i == 4 &amp;&amp; wildList.indexOf(symbol) != -1): null

2019-08-23 18:52:46 - [TEST_STEP][PASSED] - symbol = symbol: null

2019-08-23 18:52:46 - [TEST_STEP][PASSED] - println(symbol): null

2019-08-23 18:52:46 - [TEST_STEP][PASSED] - if (i == 2 &amp;&amp; wildList.indexOf(symbol) != -1): null

2019-08-23 18:52:46 - [TEST_STEP][PASSED] - if (i == 3 &amp;&amp; wildList.indexOf(symbol) != -1): null

2019-08-23 18:52:46 - [TEST_STEP][PASSED] - if (i == 4 &amp;&amp; wildList.indexOf(symbol) != -1): null

2019-08-23 18:52:46 - [TEST_STEP][PASSED] - symbols = symbols: null

2019-08-23 18:52:46 - [TEST_STEP][PASSED] - for ([j = 0, j &lt; symbols.size(), (j++)]): null

2019-08-23 18:52:46 - [TEST_STEP][PASSED] - symbol = symbol: null

2019-08-23 18:52:46 - [TEST_STEP][PASSED] - println(symbol): null

2019-08-23 18:52:46 - [TEST_STEP][PASSED] - if (i == 2 &amp;&amp; wildList.indexOf(symbol) != -1): null

2019-08-23 18:52:46 - [TEST_STEP][PASSED] - if (i == 3 &amp;&amp; wildList.indexOf(symbol) != -1): null

2019-08-23 18:52:46 - [TEST_STEP][PASSED] - if (i == 4 &amp;&amp; wildList.indexOf(symbol) != -1): null

2019-08-23 18:52:46 - [TEST_STEP][PASSED] - symbol = symbol: null

2019-08-23 18:52:46 - [TEST_STEP][PASSED] - println(symbol): null

2019-08-23 18:52:46 - [TEST_STEP][PASSED] - if (i == 2 &amp;&amp; wildList.indexOf(symbol) != -1): null

2019-08-23 18:52:46 - [TEST_STEP][PASSED] - if (i == 3 &amp;&amp; wildList.indexOf(symbol) != -1): null

2019-08-23 18:52:46 - [TEST_STEP][PASSED] - if (i == 4 &amp;&amp; wildList.indexOf(symbol) != -1): null

2019-08-23 18:52:46 - [TEST_STEP][PASSED] - symbol = symbol: null

2019-08-23 18:52:46 - [TEST_STEP][PASSED] - println(symbol): null

2019-08-23 18:52:46 - [TEST_STEP][PASSED] - if (i == 2 &amp;&amp; wildList.indexOf(symbol) != -1): null

2019-08-23 18:52:46 - [TEST_STEP][PASSED] - if (i == 3 &amp;&amp; wildList.indexOf(symbol) != -1): null

2019-08-23 18:52:46 - [TEST_STEP][PASSED] - if (i == 4 &amp;&amp; wildList.indexOf(symbol) != -1): null

2019-08-23 18:52:46 - [TEST_STEP][PASSED] - symbols = symbols: null

2019-08-23 18:52:46 - [TEST_STEP][PASSED] - for ([j = 0, j &lt; symbols.size(), (j++)]): null

2019-08-23 18:52:46 - [TEST_STEP][PASSED] - symbol = symbol: null

2019-08-23 18:52:46 - [TEST_STEP][PASSED] - println(symbol): null

2019-08-23 18:52:46 - [TEST_STEP][PASSED] - if (i == 2 &amp;&amp; wildList.indexOf(symbol) != -1): null

2019-08-23 18:52:46 - [TEST_STEP][PASSED] - if (i == 3 &amp;&amp; wildList.indexOf(symbol) != -1): null

2019-08-23 18:52:46 - [TEST_STEP][PASSED] - if (i == 4 &amp;&amp; wildList.indexOf(symbol) != -1): null

2019-08-23 18:52:46 - [TEST_STEP][PASSED] - symbol = symbol: null

2019-08-23 18:52:46 - [TEST_STEP][PASSED] - println(symbol): null

2019-08-23 18:52:46 - [TEST_STEP][PASSED] - if (i == 2 &amp;&amp; wildList.indexOf(symbol) != -1): null

2019-08-23 18:52:46 - [TEST_STEP][PASSED] - if (i == 3 &amp;&amp; wildList.indexOf(symbol) != -1): null

2019-08-23 18:52:48 - [TEST_STEP][PASSED] - if (i == 4 &amp;&amp; wildList.indexOf(symbol) != -1): null

2019-08-23 18:52:48 - [TEST_STEP][PASSED] - symbol = symbol: null

2019-08-23 18:52:48 - [TEST_STEP][PASSED] - println(symbol): null

2019-08-23 18:52:48 - [TEST_STEP][PASSED] - if (i == 2 &amp;&amp; wildList.indexOf(symbol) != -1): null

2019-08-23 18:52:48 - [TEST_STEP][PASSED] - if (i == 3 &amp;&amp; wildList.indexOf(symbol) != -1): null

2019-08-23 18:52:48 - [TEST_STEP][PASSED] - if (i == 4 &amp;&amp; wildList.indexOf(symbol) != -1): null

2019-08-23 18:52:48 - [TEST_STEP][PASSED] - symbols = symbols: null

2019-08-23 18:52:48 - [TEST_STEP][PASSED] - for ([j = 0, j &lt; symbols.size(), (j++)]): null

2019-08-23 18:52:48 - [TEST_STEP][PASSED] - symbol = symbol: null

2019-08-23 18:52:48 - [TEST_STEP][PASSED] - println(symbol): null

2019-08-23 18:52:48 - [TEST_STEP][PASSED] - if (i == 2 &amp;&amp; wildList.indexOf(symbol) != -1): null

2019-08-23 18:52:48 - [TEST_STEP][PASSED] - if (i == 3 &amp;&amp; wildList.indexOf(symbol) != -1): null

2019-08-23 18:52:48 - [TEST_STEP][PASSED] - if (i == 4 &amp;&amp; wildList.indexOf(symbol) != -1): null

2019-08-23 18:52:48 - [TEST_STEP][PASSED] - symbol = symbol: null

2019-08-23 18:52:48 - [TEST_STEP][PASSED] - println(symbol): null

2019-08-23 18:52:48 - [TEST_STEP][PASSED] - if (i == 2 &amp;&amp; wildList.indexOf(symbol) != -1): null

2019-08-23 18:52:48 - [TEST_STEP][PASSED] - if (i == 3 &amp;&amp; wildList.indexOf(symbol) != -1): null

2019-08-23 18:52:48 - [TEST_STEP][PASSED] - if (i == 4 &amp;&amp; wildList.indexOf(symbol) != -1): null

2019-08-23 18:52:48 - [TEST_STEP][PASSED] - symbol = symbol: null

2019-08-23 18:52:48 - [TEST_STEP][PASSED] - println(symbol): null

2019-08-23 18:52:48 - [TEST_STEP][PASSED] - if (i == 2 &amp;&amp; wildList.indexOf(symbol) != -1): null

2019-08-23 18:52:48 - [TEST_STEP][PASSED] - if (i == 3 &amp;&amp; wildList.indexOf(symbol) != -1): null

2019-08-23 18:52:48 - [TEST_STEP][PASSED] - if (i == 4 &amp;&amp; wildList.indexOf(symbol) != -1): null

2019-08-23 18:52:48 - [TEST_STEP][PASSED] - symbols = symbols: null

2019-08-23 18:52:48 - [TEST_STEP][PASSED] - for ([j = 0, j &lt; symbols.size(), (j++)]): null

2019-08-23 18:52:48 - [TEST_STEP][PASSED] - symbol = symbol: null

2019-08-23 18:52:48 - [TEST_STEP][PASSED] - println(symbol): null

2019-08-23 18:52:48 - [TEST_STEP][PASSED] - if (i == 2 &amp;&amp; wildList.indexOf(symbol) != -1): null

2019-08-23 18:52:48 - [TEST_STEP][PASSED] - if (i == 3 &amp;&amp; wildList.indexOf(symbol) != -1): null

2019-08-23 18:52:48 - [TEST_STEP][PASSED] - if (i == 4 &amp;&amp; wildList.indexOf(symbol) != -1): null

2019-08-23 18:52:48 - [TEST_STEP][PASSED] - symbol = symbol: null

2019-08-23 18:52:48 - [TEST_STEP][PASSED] - println(symbol): null

2019-08-23 18:52:48 - [TEST_STEP][PASSED] - if (i == 2 &amp;&amp; wildList.indexOf(symbol) != -1): null

2019-08-23 18:52:48 - [TEST_STEP][PASSED] - if (i == 3 &amp;&amp; wildList.indexOf(symbol) != -1): null

2019-08-23 18:52:48 - [TEST_STEP][PASSED] - if (i == 4 &amp;&amp; wildList.indexOf(symbol) != -1): null

2019-08-23 18:52:48 - [TEST_STEP][PASSED] - symbol = symbol: null

2019-08-23 18:52:48 - [TEST_STEP][PASSED] - println(symbol): null

2019-08-23 18:52:48 - [TEST_STEP][PASSED] - if (i == 2 &amp;&amp; wildList.indexOf(symbol) != -1): null

2019-08-23 18:52:48 - [TEST_STEP][PASSED] - if (i == 3 &amp;&amp; wildList.indexOf(symbol) != -1): null

2019-08-23 18:52:48 - [TEST_STEP][PASSED] - if (i == 4 &amp;&amp; wildList.indexOf(symbol) != -1): null

2019-08-23 18:52:48 - [TEST_STEP][PASSED] - free_spin_reel_counter = free_spin_reel_counter: null

2019-08-23 18:52:48 - [TEST_STEP][PASSED] - println("reel 3 wild found: " + free_spin_reel_counter[0]): null

2019-08-23 18:52:48 - [TEST_STEP][PASSED] - println("reel 4 wild found: " + free_spin_reel_counter[1]): null

2019-08-23 18:52:48 - [TEST_STEP][PASSED] - println("reel 5 wild found: " + free_spin_reel_counter[2]): null

2019-08-23 18:52:48 - [TEST_STEP][PASSED] - M4_spin_reels = M4_spin_reels: null

2019-08-23 18:52:48 - [TEST_STEP][PASSED] - M4_spin_reels_symbols = symbol: null

2019-08-23 18:52:48 - [TEST_STEP][PASSED] - M4_spin_reels_symbols = M4_spin_reels_symbols: null

2019-08-23 18:52:48 - [TEST_STEP][PASSED] - M4_spin_reel_wins = reel_wins: null

2019-08-23 18:52:48 - [TEST_STEP][PASSED] - M4_spin_reel_wins = M4_spin_reel_wins: null

2019-08-23 18:52:48 - [TEST_STEP][PASSED] - println("GlobalVariable.M4_spin_reel_wins is: " + M4_spin_reel_wins): null

2019-08-23 18:52:48 - [TEST_STEP][PASSED] - M4_spin_total_bonus_win_this_round = total_bonus_win_this_round: null

2019-08-23 18:52:48 - [TEST_STEP][PASSED] - M4_spin_total_bonus_win_this_round = M4_spin_total_bonus_win_this_round: null

2019-08-23 18:52:48 - [TEST_STEP][PASSED] - println("GlobalVariable.M4_spin_total_bonus_win_this_round is: " + M4_spin_total_bonus_win_this_round): null

2019-08-23 18:52:48 - [TEST_STEP][PASSED] - M4_spin_bonus_spin_result = spin_result: null

2019-08-23 18:52:48 - [TEST_STEP][PASSED] - M4_spin_bonus_spin_result = M4_spin_bonus_spin_result: null

2019-08-23 18:52:48 - [MESSAGE][PASSED] - Verify response successfully

2019-08-23 18:52:48 - [MESSAGE][PASSED] - Send request and verify the response successfully

2019-08-23 18:52:48 - [TEST_STEP][PASSED] - if (free_spin_reel_counter[0] &gt;= 1 &amp;&amp; free_spin_reel_counter[1] &gt;= 1 &amp;&amp; free_spin_reel_counter[2] &gt;= 1): null

2019-08-23 18:52:48 - [TEST_STEP][PASSED] - spin_result = sendRequestAndVerify(findTestObject("INT/RGS(M4)/1_M4_spin", ["M4_login_user_id":M4_login_user_id, "rgs_session_token":rgs_session_token, "partner":Partner])): Send request and verify the response successfully

2019-08-23 18:52:49 - [MESSAGE][INFO] - HAR: /Users/eiralee/Katalon_Script/SuperWild/Reports/20190823_184757/INT/superWild_1/20190823_184757/requests/main/79.har

2019-08-23 18:52:49 - [TEST_CASE][PASSED] - Start Test Case : Verification: Verification accomplished successfully

2019-08-23 18:52:49 - [TEST_STEP][PASSED] - request = getInstance().getCurrentRequest(): null

2019-08-23 18:52:49 - [TEST_STEP][PASSED] - response = getInstance().getCurrentResponse(): null

2019-08-23 18:52:49 - [TEST_STEP][PASSED] - verifyResponseStatusCode(response, 200): Verify response status code successfully

2019-08-23 18:52:49 - [MESSAGE][PASSED] - Verify response status code successfully

2019-08-23 18:52:49 - [TEST_STEP][PASSED] - getStatusCode()).isEqualTo(200): null

2019-08-23 18:52:49 - [TEST_STEP][PASSED] - newline = System.getProperty("line.separator"): null

2019-08-23 18:52:49 - [TEST_STEP][PASSED] - M4_spin = new groovy.json.JsonSlurper(): null

2019-08-23 18:52:49 - [TEST_STEP][PASSED] - result_M4_spin = M4_spin.parseText(response.getResponseBodyContent()): null

2019-08-23 18:52:49 - [TEST_STEP][PASSED] - M4_spin_current_balance = current_balance: null

2019-08-23 18:52:49 - [TEST_STEP][PASSED] - M4_spin_current_balance = M4_spin_current_balance: null

2019-08-23 18:52:49 - [TEST_STEP][PASSED] - M4_spin_transaction_id = causality: null

2019-08-23 18:52:49 - [TEST_STEP][PASSED] - M4_spin_transaction_id = M4_spin_transaction_id: null

2019-08-23 18:52:49 - [TEST_STEP][PASSED] - M4_spin_round_id = round_id: null

2019-08-23 18:52:49 - [TEST_STEP][PASSED] - M4_spin_round_id = M4_spin_round_id: null

2019-08-23 18:52:49 - [TEST_STEP][PASSED] - M4_spin_line_wins = line_wins: null

2019-08-23 18:52:49 - [TEST_STEP][PASSED] - M4_spin_line_wins = M4_spin_line_wins: null

2019-08-23 18:52:49 - [TEST_STEP][PASSED] - M4_total_bonus_spins_int = total_bonus_spins: null

2019-08-23 18:52:49 - [TEST_STEP][PASSED] - println("******M4_total_bonus_spins type is:*******" + newline + getClass().getName()): null

2019-08-23 18:52:49 - [TEST_STEP][PASSED] - M4_total_bonus_spins_int = M4_total_bonus_spins_int: null

2019-08-23 18:52:49 - [TEST_STEP][PASSED] - M4_total_bonus_spins = Integer.toString(M4_total_bonus_spins_int): null

2019-08-23 18:52:49 - [TEST_STEP][PASSED] - M4_total_bonus_spins = M4_total_bonus_spins: null

2019-08-23 18:52:49 - [TEST_STEP][PASSED] - println("M4_total_bonus_spins is:" + M4_total_bonus_spins): null

2019-08-23 18:52:49 - [TEST_STEP][PASSED] - M4_spin_bonus_data = bonus_data: null

2019-08-23 18:52:49 - [TEST_STEP][PASSED] - M4_spin_features_triggered = result_M4_spin: null

2019-08-23 18:52:49 - [TEST_STEP][PASSED] - wild = []: null

2019-08-23 18:52:49 - [TEST_STEP][PASSED] - wild[0] = "WILD_Expanding": null

2019-08-23 18:52:49 - [TEST_STEP][PASSED] - wild[1] = "WILD_Normal": null

2019-08-23 18:52:49 - [TEST_STEP][PASSED] - wild[2] = "WILD_Double": null

2019-08-23 18:52:49 - [TEST_STEP][PASSED] - wild[3] = "WILD_ExtraFG": null

2019-08-23 18:52:49 - [TEST_STEP][PASSED] - wild[4] = "WILD_Triple": null

2019-08-23 18:52:49 - [TEST_STEP][PASSED] - wildList = Arrays.asList(wild): null

2019-08-23 18:52:49 - [TEST_STEP][PASSED] - wildList = wildList: null

2019-08-23 18:52:49 - [TEST_STEP][PASSED] - free_spin_reel_counter = []: null

2019-08-23 18:52:49 - [TEST_STEP][PASSED] - free_spin_reel_counter[0] = 0: null

2019-08-23 18:52:49 - [TEST_STEP][PASSED] - free_spin_reel_counter[1] = 0: null

2019-08-23 18:52:49 - [TEST_STEP][PASSED] - free_spin_reel_counter[2] = 0: null

2019-08-23 18:52:49 - [TEST_STEP][PASSED] - M4_spin_reels = reels: null

2019-08-23 18:52:49 - [TEST_STEP][PASSED] - for ([i = 0, i &lt; M4_spin_reels.size(), (i++)]): null

2019-08-23 18:52:49 - [TEST_STEP][PASSED] - symbols = symbols: null

2019-08-23 18:52:49 - [TEST_STEP][PASSED] - for ([j = 0, j &lt; symbols.size(), (j++)]): null

2019-08-23 18:52:49 - [TEST_STEP][PASSED] - symbol = symbol: null

2019-08-23 18:52:49 - [TEST_STEP][PASSED] - println(symbol): null

2019-08-23 18:52:49 - [TEST_STEP][PASSED] - if (i == 2 &amp;&amp; wildList.indexOf(symbol) != -1): null

2019-08-23 18:52:49 - [TEST_STEP][PASSED] - if (i == 3 &amp;&amp; wildList.indexOf(symbol) != -1): null

2019-08-23 18:52:49 - [TEST_STEP][PASSED] - if (i == 4 &amp;&amp; wildList.indexOf(symbol) != -1): null

2019-08-23 18:52:49 - [TEST_STEP][PASSED] - symbol = symbol: null

2019-08-23 18:52:49 - [TEST_STEP][PASSED] - println(symbol): null

2019-08-23 18:52:49 - [TEST_STEP][PASSED] - if (i == 2 &amp;&amp; wildList.indexOf(symbol) != -1): null

2019-08-23 18:52:49 - [TEST_STEP][PASSED] - if (i == 3 &amp;&amp; wildList.indexOf(symbol) != -1): null

2019-08-23 18:52:49 - [TEST_STEP][PASSED] - if (i == 4 &amp;&amp; wildList.indexOf(symbol) != -1): null

2019-08-23 18:52:49 - [TEST_STEP][PASSED] - symbol = symbol: null

2019-08-23 18:52:49 - [TEST_STEP][PASSED] - println(symbol): null

2019-08-23 18:52:49 - [TEST_STEP][PASSED] - if (i == 2 &amp;&amp; wildList.indexOf(symbol) != -1): null

2019-08-23 18:52:49 - [TEST_STEP][PASSED] - if (i == 3 &amp;&amp; wildList.indexOf(symbol) != -1): null

2019-08-23 18:52:49 - [TEST_STEP][PASSED] - if (i == 4 &amp;&amp; wildList.indexOf(symbol) != -1): null

2019-08-23 18:52:49 - [TEST_STEP][PASSED] - symbols = symbols: null

2019-08-23 18:52:49 - [TEST_STEP][PASSED] - for ([j = 0, j &lt; symbols.size(), (j++)]): null

2019-08-23 18:52:49 - [TEST_STEP][PASSED] - symbol = symbol: null

2019-08-23 18:52:49 - [TEST_STEP][PASSED] - println(symbol): null

2019-08-23 18:52:49 - [TEST_STEP][PASSED] - if (i == 2 &amp;&amp; wildList.indexOf(symbol) != -1): null

2019-08-23 18:52:49 - [TEST_STEP][PASSED] - if (i == 3 &amp;&amp; wildList.indexOf(symbol) != -1): null

2019-08-23 18:52:49 - [TEST_STEP][PASSED] - if (i == 4 &amp;&amp; wildList.indexOf(symbol) != -1): null

2019-08-23 18:52:49 - [TEST_STEP][PASSED] - symbol = symbol: null

2019-08-23 18:52:49 - [TEST_STEP][PASSED] - println(symbol): null

2019-08-23 18:52:49 - [TEST_STEP][PASSED] - if (i == 2 &amp;&amp; wildList.indexOf(symbol) != -1): null

2019-08-23 18:52:49 - [TEST_STEP][PASSED] - if (i == 3 &amp;&amp; wildList.indexOf(symbol) != -1): null

2019-08-23 18:52:49 - [TEST_STEP][PASSED] - if (i == 4 &amp;&amp; wildList.indexOf(symbol) != -1): null

2019-08-23 18:52:49 - [TEST_STEP][PASSED] - symbol = symbol: null

2019-08-23 18:52:49 - [TEST_STEP][PASSED] - println(symbol): null

2019-08-23 18:52:49 - [TEST_STEP][PASSED] - if (i == 2 &amp;&amp; wildList.indexOf(symbol) != -1): null

2019-08-23 18:52:49 - [TEST_STEP][PASSED] - if (i == 3 &amp;&amp; wildList.indexOf(symbol) != -1): null

2019-08-23 18:52:49 - [TEST_STEP][PASSED] - if (i == 4 &amp;&amp; wildList.indexOf(symbol) != -1): null

2019-08-23 18:52:49 - [TEST_STEP][PASSED] - symbols = symbols: null

2019-08-23 18:52:49 - [TEST_STEP][PASSED] - for ([j = 0, j &lt; symbols.size(), (j++)]): null

2019-08-23 18:52:49 - [TEST_STEP][PASSED] - symbol = symbol: null

2019-08-23 18:52:49 - [TEST_STEP][PASSED] - println(symbol): null

2019-08-23 18:52:49 - [TEST_STEP][PASSED] - if (i == 2 &amp;&amp; wildList.indexOf(symbol) != -1): null

2019-08-23 18:52:49 - [TEST_STEP][PASSED] - println("wild found on reel 3, adding counter by 1"): null

2019-08-23 18:52:49 - [TEST_STEP][PASSED] - free_spin_reel_counter[0] = free_spin_reel_counter[0] + 1: null

2019-08-23 18:52:49 - [TEST_STEP][PASSED] - if (i == 3 &amp;&amp; wildList.indexOf(symbol) != -1): null

2019-08-23 18:52:49 - [TEST_STEP][PASSED] - if (i == 4 &amp;&amp; wildList.indexOf(symbol) != -1): null

2019-08-23 18:52:49 - [TEST_STEP][PASSED] - symbol = symbol: null

2019-08-23 18:52:49 - [TEST_STEP][PASSED] - println(symbol): null

2019-08-23 18:52:49 - [TEST_STEP][PASSED] - if (i == 2 &amp;&amp; wildList.indexOf(symbol) != -1): null

2019-08-23 18:52:49 - [TEST_STEP][PASSED] - if (i == 3 &amp;&amp; wildList.indexOf(symbol) != -1): null

2019-08-23 18:52:49 - [TEST_STEP][PASSED] - if (i == 4 &amp;&amp; wildList.indexOf(symbol) != -1): null

2019-08-23 18:52:49 - [TEST_STEP][PASSED] - symbol = symbol: null

2019-08-23 18:52:49 - [TEST_STEP][PASSED] - println(symbol): null

2019-08-23 18:52:49 - [TEST_STEP][PASSED] - if (i == 2 &amp;&amp; wildList.indexOf(symbol) != -1): null

2019-08-23 18:52:49 - [TEST_STEP][PASSED] - if (i == 3 &amp;&amp; wildList.indexOf(symbol) != -1): null

2019-08-23 18:52:49 - [TEST_STEP][PASSED] - if (i == 4 &amp;&amp; wildList.indexOf(symbol) != -1): null

2019-08-23 18:52:49 - [TEST_STEP][PASSED] - symbols = symbols: null

2019-08-23 18:52:49 - [TEST_STEP][PASSED] - for ([j = 0, j &lt; symbols.size(), (j++)]): null

2019-08-23 18:52:49 - [TEST_STEP][PASSED] - symbol = symbol: null

2019-08-23 18:52:49 - [TEST_STEP][PASSED] - println(symbol): null

2019-08-23 18:52:49 - [TEST_STEP][PASSED] - if (i == 2 &amp;&amp; wildList.indexOf(symbol) != -1): null

2019-08-23 18:52:49 - [TEST_STEP][PASSED] - if (i == 3 &amp;&amp; wildList.indexOf(symbol) != -1): null

2019-08-23 18:52:49 - [TEST_STEP][PASSED] - if (i == 4 &amp;&amp; wildList.indexOf(symbol) != -1): null

2019-08-23 18:52:49 - [TEST_STEP][PASSED] - symbol = symbol: null

2019-08-23 18:52:49 - [TEST_STEP][PASSED] - println(symbol): null

2019-08-23 18:52:49 - [TEST_STEP][PASSED] - if (i == 2 &amp;&amp; wildList.indexOf(symbol) != -1): null

2019-08-23 18:52:49 - [TEST_STEP][PASSED] - if (i == 3 &amp;&amp; wildList.indexOf(symbol) != -1): null

2019-08-23 18:52:49 - [TEST_STEP][PASSED] - if (i == 4 &amp;&amp; wildList.indexOf(symbol) != -1): null

2019-08-23 18:52:49 - [TEST_STEP][PASSED] - symbol = symbol: null

2019-08-23 18:52:49 - [TEST_STEP][PASSED] - println(symbol): null

2019-08-23 18:52:49 - [TEST_STEP][PASSED] - if (i == 2 &amp;&amp; wildList.indexOf(symbol) != -1): null

2019-08-23 18:52:49 - [TEST_STEP][PASSED] - if (i == 3 &amp;&amp; wildList.indexOf(symbol) != -1): null

2019-08-23 18:52:49 - [TEST_STEP][PASSED] - if (i == 4 &amp;&amp; wildList.indexOf(symbol) != -1): null

2019-08-23 18:52:49 - [TEST_STEP][PASSED] - symbols = symbols: null

2019-08-23 18:52:49 - [TEST_STEP][PASSED] - for ([j = 0, j &lt; symbols.size(), (j++)]): null

2019-08-23 18:52:49 - [TEST_STEP][PASSED] - symbol = symbol: null

2019-08-23 18:52:49 - [TEST_STEP][PASSED] - println(symbol): null

2019-08-23 18:52:49 - [TEST_STEP][PASSED] - if (i == 2 &amp;&amp; wildList.indexOf(symbol) != -1): null

2019-08-23 18:52:49 - [TEST_STEP][PASSED] - if (i == 3 &amp;&amp; wildList.indexOf(symbol) != -1): null

2019-08-23 18:52:49 - [TEST_STEP][PASSED] - if (i == 4 &amp;&amp; wildList.indexOf(symbol) != -1): null

2019-08-23 18:52:49 - [TEST_STEP][PASSED] - symbol = symbol: null

2019-08-23 18:52:49 - [TEST_STEP][PASSED] - println(symbol): null

2019-08-23 18:52:49 - [TEST_STEP][PASSED] - if (i == 2 &amp;&amp; wildList.indexOf(symbol) != -1): null

2019-08-23 18:52:49 - [TEST_STEP][PASSED] - if (i == 3 &amp;&amp; wildList.indexOf(symbol) != -1): null

2019-08-23 18:52:49 - [TEST_STEP][PASSED] - if (i == 4 &amp;&amp; wildList.indexOf(symbol) != -1): null

2019-08-23 18:52:49 - [TEST_STEP][PASSED] - symbol = symbol: null

2019-08-23 18:52:49 - [TEST_STEP][PASSED] - println(symbol): null

2019-08-23 18:52:49 - [TEST_STEP][PASSED] - if (i == 2 &amp;&amp; wildList.indexOf(symbol) != -1): null

2019-08-23 18:52:49 - [TEST_STEP][PASSED] - if (i == 3 &amp;&amp; wildList.indexOf(symbol) != -1): null

2019-08-23 18:52:49 - [TEST_STEP][PASSED] - if (i == 4 &amp;&amp; wildList.indexOf(symbol) != -1): null

2019-08-23 18:52:49 - [TEST_STEP][PASSED] - free_spin_reel_counter = free_spin_reel_counter: null

2019-08-23 18:52:49 - [TEST_STEP][PASSED] - println("reel 3 wild found: " + free_spin_reel_counter[0]): null

2019-08-23 18:52:49 - [TEST_STEP][PASSED] - println("reel 4 wild found: " + free_spin_reel_counter[1]): null

2019-08-23 18:52:49 - [TEST_STEP][PASSED] - println("reel 5 wild found: " + free_spin_reel_counter[2]): null

2019-08-23 18:52:49 - [TEST_STEP][PASSED] - M4_spin_reels = M4_spin_reels: null

2019-08-23 18:52:49 - [TEST_STEP][PASSED] - M4_spin_reels_symbols = symbol: null

2019-08-23 18:52:49 - [TEST_STEP][PASSED] - M4_spin_reels_symbols = M4_spin_reels_symbols: null

2019-08-23 18:52:49 - [TEST_STEP][PASSED] - M4_spin_reel_wins = reel_wins: null

2019-08-23 18:52:49 - [TEST_STEP][PASSED] - M4_spin_reel_wins = M4_spin_reel_wins: null

2019-08-23 18:52:49 - [TEST_STEP][PASSED] - println("GlobalVariable.M4_spin_reel_wins is: " + M4_spin_reel_wins): null

2019-08-23 18:52:49 - [TEST_STEP][PASSED] - M4_spin_total_bonus_win_this_round = total_bonus_win_this_round: null

2019-08-23 18:52:49 - [TEST_STEP][PASSED] - M4_spin_total_bonus_win_this_round = M4_spin_total_bonus_win_this_round: null

2019-08-23 18:52:49 - [TEST_STEP][PASSED] - println("GlobalVariable.M4_spin_total_bonus_win_this_round is: " + M4_spin_total_bonus_win_this_round): null

2019-08-23 18:52:49 - [TEST_STEP][PASSED] - M4_spin_bonus_spin_result = spin_result: null

2019-08-23 18:52:49 - [TEST_STEP][PASSED] - M4_spin_bonus_spin_result = M4_spin_bonus_spin_result: null

2019-08-23 18:52:49 - [MESSAGE][PASSED] - Verify response successfully

2019-08-23 18:52:49 - [MESSAGE][PASSED] - Send request and verify the response successfully

2019-08-23 18:52:49 - [TEST_STEP][PASSED] - if (free_spin_reel_counter[0] &gt;= 1 &amp;&amp; free_spin_reel_counter[1] &gt;= 1 &amp;&amp; free_spin_reel_counter[2] &gt;= 1): null

2019-08-23 18:52:49 - [TEST_STEP][PASSED] - spin_result = sendRequestAndVerify(findTestObject("INT/RGS(M4)/1_M4_spin", ["M4_login_user_id":M4_login_user_id, "rgs_session_token":rgs_session_token, "partner":Partner])): Send request and verify the response successfully

2019-08-23 18:52:49 - [MESSAGE][INFO] - HAR: /Users/eiralee/Katalon_Script/SuperWild/Reports/20190823_184757/INT/superWild_1/20190823_184757/requests/main/80.har

2019-08-23 18:52:49 - [TEST_CASE][PASSED] - Start Test Case : Verification: Verification accomplished successfully

2019-08-23 18:52:49 - [TEST_STEP][PASSED] - request = getInstance().getCurrentRequest(): null

2019-08-23 18:52:50 - [TEST_STEP][PASSED] - response = getInstance().getCurrentResponse(): null

2019-08-23 18:52:50 - [TEST_STEP][PASSED] - verifyResponseStatusCode(response, 200): Verify response status code successfully

2019-08-23 18:52:50 - [MESSAGE][PASSED] - Verify response status code successfully

2019-08-23 18:52:50 - [TEST_STEP][PASSED] - getStatusCode()).isEqualTo(200): null

2019-08-23 18:52:50 - [TEST_STEP][PASSED] - newline = System.getProperty("line.separator"): null

2019-08-23 18:52:50 - [TEST_STEP][PASSED] - M4_spin = new groovy.json.JsonSlurper(): null

2019-08-23 18:52:50 - [TEST_STEP][PASSED] - result_M4_spin = M4_spin.parseText(response.getResponseBodyContent()): null

2019-08-23 18:52:50 - [TEST_STEP][PASSED] - M4_spin_current_balance = current_balance: null

2019-08-23 18:52:50 - [TEST_STEP][PASSED] - M4_spin_current_balance = M4_spin_current_balance: null

2019-08-23 18:52:50 - [TEST_STEP][PASSED] - M4_spin_transaction_id = causality: null

2019-08-23 18:52:50 - [TEST_STEP][PASSED] - M4_spin_transaction_id = M4_spin_transaction_id: null

2019-08-23 18:52:50 - [TEST_STEP][PASSED] - M4_spin_round_id = round_id: null

2019-08-23 18:52:50 - [TEST_STEP][PASSED] - M4_spin_round_id = M4_spin_round_id: null

2019-08-23 18:52:50 - [TEST_STEP][PASSED] - M4_spin_line_wins = line_wins: null

2019-08-23 18:52:50 - [TEST_STEP][PASSED] - M4_spin_line_wins = M4_spin_line_wins: null

2019-08-23 18:52:50 - [TEST_STEP][PASSED] - M4_total_bonus_spins_int = total_bonus_spins: null

2019-08-23 18:52:50 - [TEST_STEP][PASSED] - println("******M4_total_bonus_spins type is:*******" + newline + getClass().getName()): null

2019-08-23 18:52:50 - [TEST_STEP][PASSED] - M4_total_bonus_spins_int = M4_total_bonus_spins_int: null

2019-08-23 18:52:50 - [TEST_STEP][PASSED] - M4_total_bonus_spins = Integer.toString(M4_total_bonus_spins_int): null

2019-08-23 18:52:50 - [TEST_STEP][PASSED] - M4_total_bonus_spins = M4_total_bonus_spins: null

2019-08-23 18:52:50 - [TEST_STEP][PASSED] - println("M4_total_bonus_spins is:" + M4_total_bonus_spins): null

2019-08-23 18:52:50 - [TEST_STEP][PASSED] - M4_spin_bonus_data = bonus_data: null

2019-08-23 18:52:50 - [TEST_STEP][PASSED] - M4_spin_features_triggered = result_M4_spin: null

2019-08-23 18:52:50 - [TEST_STEP][PASSED] - wild = []: null

2019-08-23 18:52:50 - [TEST_STEP][PASSED] - wild[0] = "WILD_Expanding": null

2019-08-23 18:52:50 - [TEST_STEP][PASSED] - wild[1] = "WILD_Normal": null

2019-08-23 18:52:50 - [TEST_STEP][PASSED] - wild[2] = "WILD_Double": null

2019-08-23 18:52:50 - [TEST_STEP][PASSED] - wild[3] = "WILD_ExtraFG": null

2019-08-23 18:52:50 - [TEST_STEP][PASSED] - wild[4] = "WILD_Triple": null

2019-08-23 18:52:50 - [TEST_STEP][PASSED] - wildList = Arrays.asList(wild): null

2019-08-23 18:52:50 - [TEST_STEP][PASSED] - wildList = wildList: null

2019-08-23 18:52:50 - [TEST_STEP][PASSED] - free_spin_reel_counter = []: null

2019-08-23 18:52:50 - [TEST_STEP][PASSED] - free_spin_reel_counter[0] = 0: null

2019-08-23 18:52:50 - [TEST_STEP][PASSED] - free_spin_reel_counter[1] = 0: null

2019-08-23 18:52:50 - [TEST_STEP][PASSED] - free_spin_reel_counter[2] = 0: null

2019-08-23 18:52:50 - [TEST_STEP][PASSED] - M4_spin_reels = reels: null

2019-08-23 18:52:50 - [TEST_STEP][PASSED] - for ([i = 0, i &lt; M4_spin_reels.size(), (i++)]): null

2019-08-23 18:52:50 - [TEST_STEP][PASSED] - symbols = symbols: null

2019-08-23 18:52:50 - [TEST_STEP][PASSED] - for ([j = 0, j &lt; symbols.size(), (j++)]): null

2019-08-23 18:52:50 - [TEST_STEP][PASSED] - symbol = symbol: null

2019-08-23 18:52:50 - [TEST_STEP][PASSED] - println(symbol): null

2019-08-23 18:52:50 - [TEST_STEP][PASSED] - if (i == 2 &amp;&amp; wildList.indexOf(symbol) != -1): null

2019-08-23 18:52:50 - [TEST_STEP][PASSED] - if (i == 3 &amp;&amp; wildList.indexOf(symbol) != -1): null

2019-08-23 18:52:50 - [TEST_STEP][PASSED] - if (i == 4 &amp;&amp; wildList.indexOf(symbol) != -1): null

2019-08-23 18:52:50 - [TEST_STEP][PASSED] - symbol = symbol: null

2019-08-23 18:52:50 - [TEST_STEP][PASSED] - println(symbol): null

2019-08-23 18:52:50 - [TEST_STEP][PASSED] - if (i == 2 &amp;&amp; wildList.indexOf(symbol) != -1): null

2019-08-23 18:52:50 - [TEST_STEP][PASSED] - if (i == 3 &amp;&amp; wildList.indexOf(symbol) != -1): null

2019-08-23 18:52:50 - [TEST_STEP][PASSED] - if (i == 4 &amp;&amp; wildList.indexOf(symbol) != -1): null

2019-08-23 18:52:50 - [TEST_STEP][PASSED] - symbol = symbol: null

2019-08-23 18:52:50 - [TEST_STEP][PASSED] - println(symbol): null

2019-08-23 18:52:50 - [TEST_STEP][PASSED] - if (i == 2 &amp;&amp; wildList.indexOf(symbol) != -1): null

2019-08-23 18:52:50 - [TEST_STEP][PASSED] - if (i == 3 &amp;&amp; wildList.indexOf(symbol) != -1): null

2019-08-23 18:52:50 - [TEST_STEP][PASSED] - if (i == 4 &amp;&amp; wildList.indexOf(symbol) != -1): null

2019-08-23 18:52:50 - [TEST_STEP][PASSED] - symbols = symbols: null

2019-08-23 18:52:50 - [TEST_STEP][PASSED] - for ([j = 0, j &lt; symbols.size(), (j++)]): null

2019-08-23 18:52:50 - [TEST_STEP][PASSED] - symbol = symbol: null

2019-08-23 18:52:50 - [TEST_STEP][PASSED] - println(symbol): null

2019-08-23 18:52:50 - [TEST_STEP][PASSED] - if (i == 2 &amp;&amp; wildList.indexOf(symbol) != -1): null

2019-08-23 18:52:50 - [TEST_STEP][PASSED] - if (i == 3 &amp;&amp; wildList.indexOf(symbol) != -1): null

2019-08-23 18:52:50 - [TEST_STEP][PASSED] - if (i == 4 &amp;&amp; wildList.indexOf(symbol) != -1): null

2019-08-23 18:52:50 - [TEST_STEP][PASSED] - symbol = symbol: null

2019-08-23 18:52:50 - [TEST_STEP][PASSED] - println(symbol): null

2019-08-23 18:52:50 - [TEST_STEP][PASSED] - if (i == 2 &amp;&amp; wildList.indexOf(symbol) != -1): null

2019-08-23 18:52:50 - [TEST_STEP][PASSED] - if (i == 3 &amp;&amp; wildList.indexOf(symbol) != -1): null

2019-08-23 18:52:50 - [TEST_STEP][PASSED] - if (i == 4 &amp;&amp; wildList.indexOf(symbol) != -1): null

2019-08-23 18:52:50 - [TEST_STEP][PASSED] - symbol = symbol: null

2019-08-23 18:52:50 - [TEST_STEP][PASSED] - println(symbol): null

2019-08-23 18:52:50 - [TEST_STEP][PASSED] - if (i == 2 &amp;&amp; wildList.indexOf(symbol) != -1): null

2019-08-23 18:52:50 - [TEST_STEP][PASSED] - if (i == 3 &amp;&amp; wildList.indexOf(symbol) != -1): null

2019-08-23 18:52:50 - [TEST_STEP][PASSED] - if (i == 4 &amp;&amp; wildList.indexOf(symbol) != -1): null

2019-08-23 18:52:50 - [TEST_STEP][PASSED] - symbols = symbols: null

2019-08-23 18:52:50 - [TEST_STEP][PASSED] - for ([j = 0, j &lt; symbols.size(), (j++)]): null

2019-08-23 18:52:50 - [TEST_STEP][PASSED] - symbol = symbol: null

2019-08-23 18:52:50 - [TEST_STEP][PASSED] - println(symbol): null

2019-08-23 18:52:50 - [TEST_STEP][PASSED] - if (i == 2 &amp;&amp; wildList.indexOf(symbol) != -1): null

2019-08-23 18:52:50 - [TEST_STEP][PASSED] - if (i == 3 &amp;&amp; wildList.indexOf(symbol) != -1): null

2019-08-23 18:52:50 - [TEST_STEP][PASSED] - if (i == 4 &amp;&amp; wildList.indexOf(symbol) != -1): null

2019-08-23 18:52:50 - [TEST_STEP][PASSED] - symbol = symbol: null

2019-08-23 18:52:50 - [TEST_STEP][PASSED] - println(symbol): null

2019-08-23 18:52:50 - [TEST_STEP][PASSED] - if (i == 2 &amp;&amp; wildList.indexOf(symbol) != -1): null

2019-08-23 18:52:50 - [TEST_STEP][PASSED] - if (i == 3 &amp;&amp; wildList.indexOf(symbol) != -1): null

2019-08-23 18:52:50 - [TEST_STEP][PASSED] - if (i == 4 &amp;&amp; wildList.indexOf(symbol) != -1): null

2019-08-23 18:52:50 - [TEST_STEP][PASSED] - symbol = symbol: null

2019-08-23 18:52:50 - [TEST_STEP][PASSED] - println(symbol): null

2019-08-23 18:52:50 - [TEST_STEP][PASSED] - if (i == 2 &amp;&amp; wildList.indexOf(symbol) != -1): null

2019-08-23 18:52:50 - [TEST_STEP][PASSED] - if (i == 3 &amp;&amp; wildList.indexOf(symbol) != -1): null

2019-08-23 18:52:50 - [TEST_STEP][PASSED] - if (i == 4 &amp;&amp; wildList.indexOf(symbol) != -1): null

2019-08-23 18:52:50 - [TEST_STEP][PASSED] - symbols = symbols: null

2019-08-23 18:52:50 - [TEST_STEP][PASSED] - for ([j = 0, j &lt; symbols.size(), (j++)]): null

2019-08-23 18:52:50 - [TEST_STEP][PASSED] - symbol = symbol: null

2019-08-23 18:52:50 - [TEST_STEP][PASSED] - println(symbol): null

2019-08-23 18:52:50 - [TEST_STEP][PASSED] - if (i == 2 &amp;&amp; wildList.indexOf(symbol) != -1): null

2019-08-23 18:52:50 - [TEST_STEP][PASSED] - if (i == 3 &amp;&amp; wildList.indexOf(symbol) != -1): null

2019-08-23 18:52:50 - [TEST_STEP][PASSED] - if (i == 4 &amp;&amp; wildList.indexOf(symbol) != -1): null

2019-08-23 18:52:50 - [TEST_STEP][PASSED] - symbol = symbol: null

2019-08-23 18:52:50 - [TEST_STEP][PASSED] - println(symbol): null

2019-08-23 18:52:50 - [TEST_STEP][PASSED] - if (i == 2 &amp;&amp; wildList.indexOf(symbol) != -1): null

2019-08-23 18:52:50 - [TEST_STEP][PASSED] - if (i == 3 &amp;&amp; wildList.indexOf(symbol) != -1): null

2019-08-23 18:52:50 - [TEST_STEP][PASSED] - println("wild found on reel 4, adding counter by 1"): null

2019-08-23 18:52:50 - [TEST_STEP][PASSED] - free_spin_reel_counter[1] = free_spin_reel_counter[1] + 1: null

2019-08-23 18:52:50 - [TEST_STEP][PASSED] - if (i == 4 &amp;&amp; wildList.indexOf(symbol) != -1): null

2019-08-23 18:52:50 - [TEST_STEP][PASSED] - symbol = symbol: null

2019-08-23 18:52:50 - [TEST_STEP][PASSED] - println(symbol): null

2019-08-23 18:52:50 - [TEST_STEP][PASSED] - if (i == 2 &amp;&amp; wildList.indexOf(symbol) != -1): null

2019-08-23 18:52:50 - [TEST_STEP][PASSED] - if (i == 3 &amp;&amp; wildList.indexOf(symbol) != -1): null

2019-08-23 18:52:50 - [TEST_STEP][PASSED] - if (i == 4 &amp;&amp; wildList.indexOf(symbol) != -1): null

2019-08-23 18:52:50 - [TEST_STEP][PASSED] - symbols = symbols: null

2019-08-23 18:52:50 - [TEST_STEP][PASSED] - for ([j = 0, j &lt; symbols.size(), (j++)]): null

2019-08-23 18:52:50 - [TEST_STEP][PASSED] - symbol = symbol: null

2019-08-23 18:52:50 - [TEST_STEP][PASSED] - println(symbol): null

2019-08-23 18:52:50 - [TEST_STEP][PASSED] - if (i == 2 &amp;&amp; wildList.indexOf(symbol) != -1): null

2019-08-23 18:52:50 - [TEST_STEP][PASSED] - if (i == 3 &amp;&amp; wildList.indexOf(symbol) != -1): null

2019-08-23 18:52:50 - [TEST_STEP][PASSED] - if (i == 4 &amp;&amp; wildList.indexOf(symbol) != -1): null

2019-08-23 18:52:50 - [TEST_STEP][PASSED] - symbol = symbol: null

2019-08-23 18:52:50 - [TEST_STEP][PASSED] - println(symbol): null

2019-08-23 18:52:51 - [TEST_STEP][PASSED] - if (i == 2 &amp;&amp; wildList.indexOf(symbol) != -1): null

2019-08-23 18:52:51 - [TEST_STEP][PASSED] - if (i == 3 &amp;&amp; wildList.indexOf(symbol) != -1): null

2019-08-23 18:52:51 - [TEST_STEP][PASSED] - if (i == 4 &amp;&amp; wildList.indexOf(symbol) != -1): null

2019-08-23 18:52:51 - [TEST_STEP][PASSED] - symbol = symbol: null

2019-08-23 18:52:51 - [TEST_STEP][PASSED] - println(symbol): null

2019-08-23 18:52:51 - [TEST_STEP][PASSED] - if (i == 2 &amp;&amp; wildList.indexOf(symbol) != -1): null

2019-08-23 18:52:51 - [TEST_STEP][PASSED] - if (i == 3 &amp;&amp; wildList.indexOf(symbol) != -1): null

2019-08-23 18:52:51 - [TEST_STEP][PASSED] - if (i == 4 &amp;&amp; wildList.indexOf(symbol) != -1): null

2019-08-23 18:52:51 - [TEST_STEP][PASSED] - free_spin_reel_counter = free_spin_reel_counter: null

2019-08-23 18:52:51 - [TEST_STEP][PASSED] - println("reel 3 wild found: " + free_spin_reel_counter[0]): null

2019-08-23 18:52:51 - [TEST_STEP][PASSED] - println("reel 4 wild found: " + free_spin_reel_counter[1]): null

2019-08-23 18:52:51 - [TEST_STEP][PASSED] - println("reel 5 wild found: " + free_spin_reel_counter[2]): null

2019-08-23 18:52:51 - [TEST_STEP][PASSED] - M4_spin_reels = M4_spin_reels: null

2019-08-23 18:52:51 - [TEST_STEP][PASSED] - M4_spin_reels_symbols = symbol: null

2019-08-23 18:52:51 - [TEST_STEP][PASSED] - M4_spin_reels_symbols = M4_spin_reels_symbols: null

2019-08-23 18:52:51 - [TEST_STEP][PASSED] - M4_spin_reel_wins = reel_wins: null

2019-08-23 18:52:51 - [TEST_STEP][PASSED] - M4_spin_reel_wins = M4_spin_reel_wins: null

2019-08-23 18:52:51 - [TEST_STEP][PASSED] - println("GlobalVariable.M4_spin_reel_wins is: " + M4_spin_reel_wins): null

2019-08-23 18:52:51 - [TEST_STEP][PASSED] - M4_spin_total_bonus_win_this_round = total_bonus_win_this_round: null

2019-08-23 18:52:51 - [TEST_STEP][PASSED] - M4_spin_total_bonus_win_this_round = M4_spin_total_bonus_win_this_round: null

2019-08-23 18:52:51 - [TEST_STEP][PASSED] - println("GlobalVariable.M4_spin_total_bonus_win_this_round is: " + M4_spin_total_bonus_win_this_round): null

2019-08-23 18:52:51 - [TEST_STEP][PASSED] - M4_spin_bonus_spin_result = spin_result: null

2019-08-23 18:52:51 - [TEST_STEP][PASSED] - M4_spin_bonus_spin_result = M4_spin_bonus_spin_result: null

2019-08-23 18:52:51 - [MESSAGE][PASSED] - Verify response successfully

2019-08-23 18:52:51 - [MESSAGE][PASSED] - Send request and verify the response successfully

2019-08-23 18:52:51 - [TEST_STEP][PASSED] - if (free_spin_reel_counter[0] &gt;= 1 &amp;&amp; free_spin_reel_counter[1] &gt;= 1 &amp;&amp; free_spin_reel_counter[2] &gt;= 1): null

2019-08-23 18:52:51 - [TEST_STEP][PASSED] - spin_result = sendRequestAndVerify(findTestObject("INT/RGS(M4)/1_M4_spin", ["M4_login_user_id":M4_login_user_id, "rgs_session_token":rgs_session_token, "partner":Partner])): Send request and verify the response successfully

2019-08-23 18:52:51 - [MESSAGE][INFO] - HAR: /Users/eiralee/Katalon_Script/SuperWild/Reports/20190823_184757/INT/superWild_1/20190823_184757/requests/main/81.har

2019-08-23 18:52:51 - [TEST_CASE][PASSED] - Start Test Case : Verification: Verification accomplished successfully

2019-08-23 18:52:51 - [TEST_STEP][PASSED] - request = getInstance().getCurrentRequest(): null

2019-08-23 18:52:51 - [TEST_STEP][PASSED] - response = getInstance().getCurrentResponse(): null

2019-08-23 18:52:51 - [TEST_STEP][PASSED] - verifyResponseStatusCode(response, 200): Verify response status code successfully

2019-08-23 18:52:51 - [MESSAGE][PASSED] - Verify response status code successfully

2019-08-23 18:52:51 - [TEST_STEP][PASSED] - getStatusCode()).isEqualTo(200): null

2019-08-23 18:52:51 - [TEST_STEP][PASSED] - newline = System.getProperty("line.separator"): null

2019-08-23 18:52:51 - [TEST_STEP][PASSED] - M4_spin = new groovy.json.JsonSlurper(): null

2019-08-23 18:52:51 - [TEST_STEP][PASSED] - result_M4_spin = M4_spin.parseText(response.getResponseBodyContent()): null

2019-08-23 18:52:51 - [TEST_STEP][PASSED] - M4_spin_current_balance = current_balance: null

2019-08-23 18:52:51 - [TEST_STEP][PASSED] - M4_spin_current_balance = M4_spin_current_balance: null

2019-08-23 18:52:51 - [TEST_STEP][PASSED] - M4_spin_transaction_id = causality: null

2019-08-23 18:52:51 - [TEST_STEP][PASSED] - M4_spin_transaction_id = M4_spin_transaction_id: null

2019-08-23 18:52:51 - [TEST_STEP][PASSED] - M4_spin_round_id = round_id: null

2019-08-23 18:52:51 - [TEST_STEP][PASSED] - M4_spin_round_id = M4_spin_round_id: null

2019-08-23 18:52:51 - [TEST_STEP][PASSED] - M4_spin_line_wins = line_wins: null

2019-08-23 18:52:51 - [TEST_STEP][PASSED] - M4_spin_line_wins = M4_spin_line_wins: null

2019-08-23 18:52:51 - [TEST_STEP][PASSED] - M4_total_bonus_spins_int = total_bonus_spins: null

2019-08-23 18:52:51 - [TEST_STEP][PASSED] - println("******M4_total_bonus_spins type is:*******" + newline + getClass().getName()): null

2019-08-23 18:52:51 - [TEST_STEP][PASSED] - M4_total_bonus_spins_int = M4_total_bonus_spins_int: null

2019-08-23 18:52:51 - [TEST_STEP][PASSED] - M4_total_bonus_spins = Integer.toString(M4_total_bonus_spins_int): null

2019-08-23 18:52:51 - [TEST_STEP][PASSED] - M4_total_bonus_spins = M4_total_bonus_spins: null

2019-08-23 18:52:51 - [TEST_STEP][PASSED] - println("M4_total_bonus_spins is:" + M4_total_bonus_spins): null

2019-08-23 18:52:51 - [TEST_STEP][PASSED] - M4_spin_bonus_data = bonus_data: null

2019-08-23 18:52:51 - [TEST_STEP][PASSED] - M4_spin_features_triggered = result_M4_spin: null

2019-08-23 18:52:51 - [TEST_STEP][PASSED] - wild = []: null

2019-08-23 18:52:51 - [TEST_STEP][PASSED] - wild[0] = "WILD_Expanding": null

2019-08-23 18:52:51 - [TEST_STEP][PASSED] - wild[1] = "WILD_Normal": null

2019-08-23 18:52:51 - [TEST_STEP][PASSED] - wild[2] = "WILD_Double": null

2019-08-23 18:52:51 - [TEST_STEP][PASSED] - wild[3] = "WILD_ExtraFG": null

2019-08-23 18:52:51 - [TEST_STEP][PASSED] - wild[4] = "WILD_Triple": null

2019-08-23 18:52:51 - [TEST_STEP][PASSED] - wildList = Arrays.asList(wild): null

2019-08-23 18:52:51 - [TEST_STEP][PASSED] - wildList = wildList: null

2019-08-23 18:52:51 - [TEST_STEP][PASSED] - free_spin_reel_counter = []: null

2019-08-23 18:52:51 - [TEST_STEP][PASSED] - free_spin_reel_counter[0] = 0: null

2019-08-23 18:52:51 - [TEST_STEP][PASSED] - free_spin_reel_counter[1] = 0: null

2019-08-23 18:52:51 - [TEST_STEP][PASSED] - free_spin_reel_counter[2] = 0: null

2019-08-23 18:52:51 - [TEST_STEP][PASSED] - M4_spin_reels = reels: null

2019-08-23 18:52:51 - [TEST_STEP][PASSED] - for ([i = 0, i &lt; M4_spin_reels.size(), (i++)]): null

2019-08-23 18:52:51 - [TEST_STEP][PASSED] - symbols = symbols: null

2019-08-23 18:52:51 - [TEST_STEP][PASSED] - for ([j = 0, j &lt; symbols.size(), (j++)]): null

2019-08-23 18:52:51 - [TEST_STEP][PASSED] - symbol = symbol: null

2019-08-23 18:52:51 - [TEST_STEP][PASSED] - println(symbol): null

2019-08-23 18:52:51 - [TEST_STEP][PASSED] - if (i == 2 &amp;&amp; wildList.indexOf(symbol) != -1): null

2019-08-23 18:52:51 - [TEST_STEP][PASSED] - if (i == 3 &amp;&amp; wildList.indexOf(symbol) != -1): null

2019-08-23 18:52:51 - [TEST_STEP][PASSED] - if (i == 4 &amp;&amp; wildList.indexOf(symbol) != -1): null

2019-08-23 18:52:51 - [TEST_STEP][PASSED] - symbol = symbol: null

2019-08-23 18:52:51 - [TEST_STEP][PASSED] - println(symbol): null

2019-08-23 18:52:51 - [TEST_STEP][PASSED] - if (i == 2 &amp;&amp; wildList.indexOf(symbol) != -1): null

2019-08-23 18:52:51 - [TEST_STEP][PASSED] - if (i == 3 &amp;&amp; wildList.indexOf(symbol) != -1): null

2019-08-23 18:52:51 - [TEST_STEP][PASSED] - if (i == 4 &amp;&amp; wildList.indexOf(symbol) != -1): null

2019-08-23 18:52:51 - [TEST_STEP][PASSED] - symbol = symbol: null

2019-08-23 18:52:51 - [TEST_STEP][PASSED] - println(symbol): null

2019-08-23 18:52:51 - [TEST_STEP][PASSED] - if (i == 2 &amp;&amp; wildList.indexOf(symbol) != -1): null

2019-08-23 18:52:51 - [TEST_STEP][PASSED] - if (i == 3 &amp;&amp; wildList.indexOf(symbol) != -1): null

2019-08-23 18:52:51 - [TEST_STEP][PASSED] - if (i == 4 &amp;&amp; wildList.indexOf(symbol) != -1): null

2019-08-23 18:52:51 - [TEST_STEP][PASSED] - symbols = symbols: null

2019-08-23 18:52:51 - [TEST_STEP][PASSED] - for ([j = 0, j &lt; symbols.size(), (j++)]): null

2019-08-23 18:52:51 - [TEST_STEP][PASSED] - symbol = symbol: null

2019-08-23 18:52:51 - [TEST_STEP][PASSED] - println(symbol): null

2019-08-23 18:52:51 - [TEST_STEP][PASSED] - if (i == 2 &amp;&amp; wildList.indexOf(symbol) != -1): null

2019-08-23 18:52:51 - [TEST_STEP][PASSED] - if (i == 3 &amp;&amp; wildList.indexOf(symbol) != -1): null

2019-08-23 18:52:51 - [TEST_STEP][PASSED] - if (i == 4 &amp;&amp; wildList.indexOf(symbol) != -1): null

2019-08-23 18:52:51 - [TEST_STEP][PASSED] - symbol = symbol: null

2019-08-23 18:52:51 - [TEST_STEP][PASSED] - println(symbol): null

2019-08-23 18:52:51 - [TEST_STEP][PASSED] - if (i == 2 &amp;&amp; wildList.indexOf(symbol) != -1): null

2019-08-23 18:52:51 - [TEST_STEP][PASSED] - if (i == 3 &amp;&amp; wildList.indexOf(symbol) != -1): null

2019-08-23 18:52:51 - [TEST_STEP][PASSED] - if (i == 4 &amp;&amp; wildList.indexOf(symbol) != -1): null

2019-08-23 18:52:51 - [TEST_STEP][PASSED] - symbol = symbol: null

2019-08-23 18:52:51 - [TEST_STEP][PASSED] - println(symbol): null

2019-08-23 18:52:51 - [TEST_STEP][PASSED] - if (i == 2 &amp;&amp; wildList.indexOf(symbol) != -1): null

2019-08-23 18:52:51 - [TEST_STEP][PASSED] - if (i == 3 &amp;&amp; wildList.indexOf(symbol) != -1): null

2019-08-23 18:52:51 - [TEST_STEP][PASSED] - if (i == 4 &amp;&amp; wildList.indexOf(symbol) != -1): null

2019-08-23 18:52:51 - [TEST_STEP][PASSED] - symbols = symbols: null

2019-08-23 18:52:51 - [TEST_STEP][PASSED] - for ([j = 0, j &lt; symbols.size(), (j++)]): null

2019-08-23 18:52:51 - [TEST_STEP][PASSED] - symbol = symbol: null

2019-08-23 18:52:51 - [TEST_STEP][PASSED] - println(symbol): null

2019-08-23 18:52:51 - [TEST_STEP][PASSED] - if (i == 2 &amp;&amp; wildList.indexOf(symbol) != -1): null

2019-08-23 18:52:51 - [TEST_STEP][PASSED] - if (i == 3 &amp;&amp; wildList.indexOf(symbol) != -1): null

2019-08-23 18:52:51 - [TEST_STEP][PASSED] - if (i == 4 &amp;&amp; wildList.indexOf(symbol) != -1): null

2019-08-23 18:52:51 - [TEST_STEP][PASSED] - symbol = symbol: null

2019-08-23 18:52:51 - [TEST_STEP][PASSED] - println(symbol): null

2019-08-23 18:52:51 - [TEST_STEP][PASSED] - if (i == 2 &amp;&amp; wildList.indexOf(symbol) != -1): null

2019-08-23 18:52:51 - [TEST_STEP][PASSED] - if (i == 3 &amp;&amp; wildList.indexOf(symbol) != -1): null

2019-08-23 18:52:51 - [TEST_STEP][PASSED] - if (i == 4 &amp;&amp; wildList.indexOf(symbol) != -1): null

2019-08-23 18:52:51 - [TEST_STEP][PASSED] - symbol = symbol: null

2019-08-23 18:52:51 - [TEST_STEP][PASSED] - println(symbol): null

2019-08-23 18:52:51 - [TEST_STEP][PASSED] - if (i == 2 &amp;&amp; wildList.indexOf(symbol) != -1): null

2019-08-23 18:52:51 - [TEST_STEP][PASSED] - if (i == 3 &amp;&amp; wildList.indexOf(symbol) != -1): null

2019-08-23 18:52:51 - [TEST_STEP][PASSED] - if (i == 4 &amp;&amp; wildList.indexOf(symbol) != -1): null

2019-08-23 18:52:51 - [TEST_STEP][PASSED] - symbols = symbols: null

2019-08-23 18:52:51 - [TEST_STEP][PASSED] - for ([j = 0, j &lt; symbols.size(), (j++)]): null

2019-08-23 18:52:51 - [TEST_STEP][PASSED] - symbol = symbol: null

2019-08-23 18:52:51 - [TEST_STEP][PASSED] - println(symbol): null

2019-08-23 18:52:51 - [TEST_STEP][PASSED] - if (i == 2 &amp;&amp; wildList.indexOf(symbol) != -1): null

2019-08-23 18:52:51 - [TEST_STEP][PASSED] - if (i == 3 &amp;&amp; wildList.indexOf(symbol) != -1): null

2019-08-23 18:52:51 - [TEST_STEP][PASSED] - if (i == 4 &amp;&amp; wildList.indexOf(symbol) != -1): null

2019-08-23 18:52:51 - [TEST_STEP][PASSED] - symbol = symbol: null

2019-08-23 18:52:51 - [TEST_STEP][PASSED] - println(symbol): null

2019-08-23 18:52:51 - [TEST_STEP][PASSED] - if (i == 2 &amp;&amp; wildList.indexOf(symbol) != -1): null

2019-08-23 18:52:51 - [TEST_STEP][PASSED] - if (i == 3 &amp;&amp; wildList.indexOf(symbol) != -1): null

2019-08-23 18:52:51 - [TEST_STEP][PASSED] - if (i == 4 &amp;&amp; wildList.indexOf(symbol) != -1): null

2019-08-23 18:52:51 - [TEST_STEP][PASSED] - symbol = symbol: null

2019-08-23 18:52:51 - [TEST_STEP][PASSED] - println(symbol): null

2019-08-23 18:52:51 - [TEST_STEP][PASSED] - if (i == 2 &amp;&amp; wildList.indexOf(symbol) != -1): null

2019-08-23 18:52:51 - [TEST_STEP][PASSED] - if (i == 3 &amp;&amp; wildList.indexOf(symbol) != -1): null

2019-08-23 18:52:51 - [TEST_STEP][PASSED] - if (i == 4 &amp;&amp; wildList.indexOf(symbol) != -1): null

2019-08-23 18:52:51 - [TEST_STEP][PASSED] - symbols = symbols: null

2019-08-23 18:52:51 - [TEST_STEP][PASSED] - for ([j = 0, j &lt; symbols.size(), (j++)]): null

2019-08-23 18:52:51 - [TEST_STEP][PASSED] - symbol = symbol: null

2019-08-23 18:52:51 - [TEST_STEP][PASSED] - println(symbol): null

2019-08-23 18:52:51 - [TEST_STEP][PASSED] - if (i == 2 &amp;&amp; wildList.indexOf(symbol) != -1): null

2019-08-23 18:52:51 - [TEST_STEP][PASSED] - if (i == 3 &amp;&amp; wildList.indexOf(symbol) != -1): null

2019-08-23 18:52:51 - [TEST_STEP][PASSED] - if (i == 4 &amp;&amp; wildList.indexOf(symbol) != -1): null

2019-08-23 18:52:51 - [TEST_STEP][PASSED] - symbol = symbol: null

2019-08-23 18:52:51 - [TEST_STEP][PASSED] - println(symbol): null

2019-08-23 18:52:51 - [TEST_STEP][PASSED] - if (i == 2 &amp;&amp; wildList.indexOf(symbol) != -1): null

2019-08-23 18:52:51 - [TEST_STEP][PASSED] - if (i == 3 &amp;&amp; wildList.indexOf(symbol) != -1): null

2019-08-23 18:52:51 - [TEST_STEP][PASSED] - if (i == 4 &amp;&amp; wildList.indexOf(symbol) != -1): null

2019-08-23 18:52:51 - [TEST_STEP][PASSED] - symbol = symbol: null

2019-08-23 18:52:51 - [TEST_STEP][PASSED] - println(symbol): null

2019-08-23 18:52:51 - [TEST_STEP][PASSED] - if (i == 2 &amp;&amp; wildList.indexOf(symbol) != -1): null

2019-08-23 18:52:51 - [TEST_STEP][PASSED] - if (i == 3 &amp;&amp; wildList.indexOf(symbol) != -1): null

2019-08-23 18:52:51 - [TEST_STEP][PASSED] - if (i == 4 &amp;&amp; wildList.indexOf(symbol) != -1): null

2019-08-23 18:52:51 - [TEST_STEP][PASSED] - free_spin_reel_counter = free_spin_reel_counter: null

2019-08-23 18:52:51 - [TEST_STEP][PASSED] - println("reel 3 wild found: " + free_spin_reel_counter[0]): null

2019-08-23 18:52:51 - [TEST_STEP][PASSED] - println("reel 4 wild found: " + free_spin_reel_counter[1]): null

2019-08-23 18:52:51 - [TEST_STEP][PASSED] - println("reel 5 wild found: " + free_spin_reel_counter[2]): null

2019-08-23 18:52:51 - [TEST_STEP][PASSED] - M4_spin_reels = M4_spin_reels: null

2019-08-23 18:52:51 - [TEST_STEP][PASSED] - M4_spin_reels_symbols = symbol: null

2019-08-23 18:52:51 - [TEST_STEP][PASSED] - M4_spin_reels_symbols = M4_spin_reels_symbols: null

2019-08-23 18:52:51 - [TEST_STEP][PASSED] - M4_spin_reel_wins = reel_wins: null

2019-08-23 18:52:51 - [TEST_STEP][PASSED] - M4_spin_reel_wins = M4_spin_reel_wins: null

2019-08-23 18:52:51 - [TEST_STEP][PASSED] - println("GlobalVariable.M4_spin_reel_wins is: " + M4_spin_reel_wins): null

2019-08-23 18:52:51 - [TEST_STEP][PASSED] - M4_spin_total_bonus_win_this_round = total_bonus_win_this_round: null

2019-08-23 18:52:51 - [TEST_STEP][PASSED] - M4_spin_total_bonus_win_this_round = M4_spin_total_bonus_win_this_round: null

2019-08-23 18:52:51 - [TEST_STEP][PASSED] - println("GlobalVariable.M4_spin_total_bonus_win_this_round is: " + M4_spin_total_bonus_win_this_round): null

2019-08-23 18:52:51 - [TEST_STEP][PASSED] - M4_spin_bonus_spin_result = spin_result: null

2019-08-23 18:52:51 - [TEST_STEP][PASSED] - M4_spin_bonus_spin_result = M4_spin_bonus_spin_result: null

2019-08-23 18:52:51 - [MESSAGE][PASSED] - Verify response successfully

2019-08-23 18:52:51 - [MESSAGE][PASSED] - Send request and verify the response successfully

2019-08-23 18:52:51 - [TEST_STEP][PASSED] - if (free_spin_reel_counter[0] &gt;= 1 &amp;&amp; free_spin_reel_counter[1] &gt;= 1 &amp;&amp; free_spin_reel_counter[2] &gt;= 1): null

2019-08-23 18:52:51 - [TEST_STEP][PASSED] - spin_result = sendRequestAndVerify(findTestObject("INT/RGS(M4)/1_M4_spin", ["M4_login_user_id":M4_login_user_id, "rgs_session_token":rgs_session_token, "partner":Partner])): Send request and verify the response successfully

2019-08-23 18:52:52 - [MESSAGE][INFO] - HAR: /Users/eiralee/Katalon_Script/SuperWild/Reports/20190823_184757/INT/superWild_1/20190823_184757/requests/main/82.har

2019-08-23 18:52:52 - [TEST_CASE][PASSED] - Start Test Case : Verification: Verification accomplished successfully

2019-08-23 18:52:52 - [TEST_STEP][PASSED] - request = getInstance().getCurrentRequest(): null

2019-08-23 18:52:52 - [TEST_STEP][PASSED] - response = getInstance().getCurrentResponse(): null

2019-08-23 18:52:52 - [TEST_STEP][PASSED] - verifyResponseStatusCode(response, 200): Verify response status code successfully

2019-08-23 18:52:52 - [MESSAGE][PASSED] - Verify response status code successfully

2019-08-23 18:52:52 - [TEST_STEP][PASSED] - getStatusCode()).isEqualTo(200): null

2019-08-23 18:52:52 - [TEST_STEP][PASSED] - newline = System.getProperty("line.separator"): null

2019-08-23 18:52:52 - [TEST_STEP][PASSED] - M4_spin = new groovy.json.JsonSlurper(): null

2019-08-23 18:52:52 - [TEST_STEP][PASSED] - result_M4_spin = M4_spin.parseText(response.getResponseBodyContent()): null

2019-08-23 18:52:52 - [TEST_STEP][PASSED] - M4_spin_current_balance = current_balance: null

2019-08-23 18:52:52 - [TEST_STEP][PASSED] - M4_spin_current_balance = M4_spin_current_balance: null

2019-08-23 18:52:52 - [TEST_STEP][PASSED] - M4_spin_transaction_id = causality: null

2019-08-23 18:52:52 - [TEST_STEP][PASSED] - M4_spin_transaction_id = M4_spin_transaction_id: null

2019-08-23 18:52:52 - [TEST_STEP][PASSED] - M4_spin_round_id = round_id: null

2019-08-23 18:52:52 - [TEST_STEP][PASSED] - M4_spin_round_id = M4_spin_round_id: null

2019-08-23 18:52:52 - [TEST_STEP][PASSED] - M4_spin_line_wins = line_wins: null

2019-08-23 18:52:52 - [TEST_STEP][PASSED] - M4_spin_line_wins = M4_spin_line_wins: null

2019-08-23 18:52:52 - [TEST_STEP][PASSED] - M4_total_bonus_spins_int = total_bonus_spins: null

2019-08-23 18:52:52 - [TEST_STEP][PASSED] - println("******M4_total_bonus_spins type is:*******" + newline + getClass().getName()): null

2019-08-23 18:52:52 - [TEST_STEP][PASSED] - M4_total_bonus_spins_int = M4_total_bonus_spins_int: null

2019-08-23 18:52:52 - [TEST_STEP][PASSED] - M4_total_bonus_spins = Integer.toString(M4_total_bonus_spins_int): null

2019-08-23 18:52:52 - [TEST_STEP][PASSED] - M4_total_bonus_spins = M4_total_bonus_spins: null

2019-08-23 18:52:52 - [TEST_STEP][PASSED] - println("M4_total_bonus_spins is:" + M4_total_bonus_spins): null

2019-08-23 18:52:52 - [TEST_STEP][PASSED] - M4_spin_bonus_data = bonus_data: null

2019-08-23 18:52:52 - [TEST_STEP][PASSED] - M4_spin_features_triggered = result_M4_spin: null

2019-08-23 18:52:52 - [TEST_STEP][PASSED] - wild = []: null

2019-08-23 18:52:52 - [TEST_STEP][PASSED] - wild[0] = "WILD_Expanding": null

2019-08-23 18:52:52 - [TEST_STEP][PASSED] - wild[1] = "WILD_Normal": null

2019-08-23 18:52:52 - [TEST_STEP][PASSED] - wild[2] = "WILD_Double": null

2019-08-23 18:52:52 - [TEST_STEP][PASSED] - wild[3] = "WILD_ExtraFG": null

2019-08-23 18:52:52 - [TEST_STEP][PASSED] - wild[4] = "WILD_Triple": null

2019-08-23 18:52:52 - [TEST_STEP][PASSED] - wildList = Arrays.asList(wild): null

2019-08-23 18:52:52 - [TEST_STEP][PASSED] - wildList = wildList: null

2019-08-23 18:52:52 - [TEST_STEP][PASSED] - free_spin_reel_counter = []: null

2019-08-23 18:52:52 - [TEST_STEP][PASSED] - free_spin_reel_counter[0] = 0: null

2019-08-23 18:52:52 - [TEST_STEP][PASSED] - free_spin_reel_counter[1] = 0: null

2019-08-23 18:52:52 - [TEST_STEP][PASSED] - free_spin_reel_counter[2] = 0: null

2019-08-23 18:52:52 - [TEST_STEP][PASSED] - M4_spin_reels = reels: null

2019-08-23 18:52:52 - [TEST_STEP][PASSED] - for ([i = 0, i &lt; M4_spin_reels.size(), (i++)]): null

2019-08-23 18:52:52 - [TEST_STEP][PASSED] - symbols = symbols: null

2019-08-23 18:52:52 - [TEST_STEP][PASSED] - for ([j = 0, j &lt; symbols.size(), (j++)]): null

2019-08-23 18:52:52 - [TEST_STEP][PASSED] - symbol = symbol: null

2019-08-23 18:52:52 - [TEST_STEP][PASSED] - println(symbol): null

2019-08-23 18:52:52 - [TEST_STEP][PASSED] - if (i == 2 &amp;&amp; wildList.indexOf(symbol) != -1): null

2019-08-23 18:52:52 - [TEST_STEP][PASSED] - if (i == 3 &amp;&amp; wildList.indexOf(symbol) != -1): null

2019-08-23 18:52:52 - [TEST_STEP][PASSED] - if (i == 4 &amp;&amp; wildList.indexOf(symbol) != -1): null

2019-08-23 18:52:52 - [TEST_STEP][PASSED] - symbol = symbol: null

2019-08-23 18:52:52 - [TEST_STEP][PASSED] - println(symbol): null

2019-08-23 18:52:52 - [TEST_STEP][PASSED] - if (i == 2 &amp;&amp; wildList.indexOf(symbol) != -1): null

2019-08-23 18:52:52 - [TEST_STEP][PASSED] - if (i == 3 &amp;&amp; wildList.indexOf(symbol) != -1): null

2019-08-23 18:52:52 - [TEST_STEP][PASSED] - if (i == 4 &amp;&amp; wildList.indexOf(symbol) != -1): null

2019-08-23 18:52:52 - [TEST_STEP][PASSED] - symbol = symbol: null

2019-08-23 18:52:52 - [TEST_STEP][PASSED] - println(symbol): null

2019-08-23 18:52:52 - [TEST_STEP][PASSED] - if (i == 2 &amp;&amp; wildList.indexOf(symbol) != -1): null

2019-08-23 18:52:52 - [TEST_STEP][PASSED] - if (i == 3 &amp;&amp; wildList.indexOf(symbol) != -1): null

2019-08-23 18:52:52 - [TEST_STEP][PASSED] - if (i == 4 &amp;&amp; wildList.indexOf(symbol) != -1): null

2019-08-23 18:52:52 - [TEST_STEP][PASSED] - symbols = symbols: null

2019-08-23 18:52:52 - [TEST_STEP][PASSED] - for ([j = 0, j &lt; symbols.size(), (j++)]): null

2019-08-23 18:52:52 - [TEST_STEP][PASSED] - symbol = symbol: null

2019-08-23 18:52:52 - [TEST_STEP][PASSED] - println(symbol): null

2019-08-23 18:52:52 - [TEST_STEP][PASSED] - if (i == 2 &amp;&amp; wildList.indexOf(symbol) != -1): null

2019-08-23 18:52:52 - [TEST_STEP][PASSED] - if (i == 3 &amp;&amp; wildList.indexOf(symbol) != -1): null

2019-08-23 18:52:52 - [TEST_STEP][PASSED] - if (i == 4 &amp;&amp; wildList.indexOf(symbol) != -1): null

2019-08-23 18:52:52 - [TEST_STEP][PASSED] - symbol = symbol: null

2019-08-23 18:52:52 - [TEST_STEP][PASSED] - println(symbol): null

2019-08-23 18:52:52 - [TEST_STEP][PASSED] - if (i == 2 &amp;&amp; wildList.indexOf(symbol) != -1): null

2019-08-23 18:52:52 - [TEST_STEP][PASSED] - if (i == 3 &amp;&amp; wildList.indexOf(symbol) != -1): null

2019-08-23 18:52:52 - [TEST_STEP][PASSED] - if (i == 4 &amp;&amp; wildList.indexOf(symbol) != -1): null

2019-08-23 18:52:52 - [TEST_STEP][PASSED] - symbol = symbol: null

2019-08-23 18:52:52 - [TEST_STEP][PASSED] - println(symbol): null

2019-08-23 18:52:52 - [TEST_STEP][PASSED] - if (i == 2 &amp;&amp; wildList.indexOf(symbol) != -1): null

2019-08-23 18:52:52 - [TEST_STEP][PASSED] - if (i == 3 &amp;&amp; wildList.indexOf(symbol) != -1): null

2019-08-23 18:52:52 - [TEST_STEP][PASSED] - if (i == 4 &amp;&amp; wildList.indexOf(symbol) != -1): null

2019-08-23 18:52:52 - [TEST_STEP][PASSED] - symbols = symbols: null

2019-08-23 18:52:52 - [TEST_STEP][PASSED] - for ([j = 0, j &lt; symbols.size(), (j++)]): null

2019-08-23 18:52:52 - [TEST_STEP][PASSED] - symbol = symbol: null

2019-08-23 18:52:52 - [TEST_STEP][PASSED] - println(symbol): null

2019-08-23 18:52:52 - [TEST_STEP][PASSED] - if (i == 2 &amp;&amp; wildList.indexOf(symbol) != -1): null

2019-08-23 18:52:52 - [TEST_STEP][PASSED] - if (i == 3 &amp;&amp; wildList.indexOf(symbol) != -1): null

2019-08-23 18:52:52 - [TEST_STEP][PASSED] - if (i == 4 &amp;&amp; wildList.indexOf(symbol) != -1): null

2019-08-23 18:52:52 - [TEST_STEP][PASSED] - symbol = symbol: null

2019-08-23 18:52:52 - [TEST_STEP][PASSED] - println(symbol): null

2019-08-23 18:52:52 - [TEST_STEP][PASSED] - if (i == 2 &amp;&amp; wildList.indexOf(symbol) != -1): null

2019-08-23 18:52:52 - [TEST_STEP][PASSED] - if (i == 3 &amp;&amp; wildList.indexOf(symbol) != -1): null

2019-08-23 18:52:52 - [TEST_STEP][PASSED] - if (i == 4 &amp;&amp; wildList.indexOf(symbol) != -1): null

2019-08-23 18:52:52 - [TEST_STEP][PASSED] - symbol = symbol: null

2019-08-23 18:52:52 - [TEST_STEP][PASSED] - println(symbol): null

2019-08-23 18:52:52 - [TEST_STEP][PASSED] - if (i == 2 &amp;&amp; wildList.indexOf(symbol) != -1): null

2019-08-23 18:52:52 - [TEST_STEP][PASSED] - if (i == 3 &amp;&amp; wildList.indexOf(symbol) != -1): null

2019-08-23 18:52:52 - [TEST_STEP][PASSED] - if (i == 4 &amp;&amp; wildList.indexOf(symbol) != -1): null

2019-08-23 18:52:52 - [TEST_STEP][PASSED] - symbols = symbols: null

2019-08-23 18:52:52 - [TEST_STEP][PASSED] - for ([j = 0, j &lt; symbols.size(), (j++)]): null

2019-08-23 18:52:52 - [TEST_STEP][PASSED] - symbol = symbol: null

2019-08-23 18:52:52 - [TEST_STEP][PASSED] - println(symbol): null

2019-08-23 18:52:52 - [TEST_STEP][PASSED] - if (i == 2 &amp;&amp; wildList.indexOf(symbol) != -1): null

2019-08-23 18:52:52 - [TEST_STEP][PASSED] - if (i == 3 &amp;&amp; wildList.indexOf(symbol) != -1): null

2019-08-23 18:52:52 - [TEST_STEP][PASSED] - if (i == 4 &amp;&amp; wildList.indexOf(symbol) != -1): null

2019-08-23 18:52:52 - [TEST_STEP][PASSED] - symbol = symbol: null

2019-08-23 18:52:52 - [TEST_STEP][PASSED] - println(symbol): null

2019-08-23 18:52:52 - [TEST_STEP][PASSED] - if (i == 2 &amp;&amp; wildList.indexOf(symbol) != -1): null

2019-08-23 18:52:52 - [TEST_STEP][PASSED] - if (i == 3 &amp;&amp; wildList.indexOf(symbol) != -1): null

2019-08-23 18:52:52 - [TEST_STEP][PASSED] - if (i == 4 &amp;&amp; wildList.indexOf(symbol) != -1): null

2019-08-23 18:52:52 - [TEST_STEP][PASSED] - symbol = symbol: null

2019-08-23 18:52:52 - [TEST_STEP][PASSED] - println(symbol): null

2019-08-23 18:52:52 - [TEST_STEP][PASSED] - if (i == 2 &amp;&amp; wildList.indexOf(symbol) != -1): null

2019-08-23 18:52:52 - [TEST_STEP][PASSED] - if (i == 3 &amp;&amp; wildList.indexOf(symbol) != -1): null

2019-08-23 18:52:52 - [TEST_STEP][PASSED] - if (i == 4 &amp;&amp; wildList.indexOf(symbol) != -1): null

2019-08-23 18:52:52 - [TEST_STEP][PASSED] - symbols = symbols: null

2019-08-23 18:52:52 - [TEST_STEP][PASSED] - for ([j = 0, j &lt; symbols.size(), (j++)]): null

2019-08-23 18:52:52 - [TEST_STEP][PASSED] - symbol = symbol: null

2019-08-23 18:52:52 - [TEST_STEP][PASSED] - println(symbol): null

2019-08-23 18:52:52 - [TEST_STEP][PASSED] - if (i == 2 &amp;&amp; wildList.indexOf(symbol) != -1): null

2019-08-23 18:52:52 - [TEST_STEP][PASSED] - if (i == 3 &amp;&amp; wildList.indexOf(symbol) != -1): null

2019-08-23 18:52:52 - [TEST_STEP][PASSED] - if (i == 4 &amp;&amp; wildList.indexOf(symbol) != -1): null

2019-08-23 18:52:52 - [TEST_STEP][PASSED] - symbol = symbol: null

2019-08-23 18:52:52 - [TEST_STEP][PASSED] - println(symbol): null

2019-08-23 18:52:52 - [TEST_STEP][PASSED] - if (i == 2 &amp;&amp; wildList.indexOf(symbol) != -1): null

2019-08-23 18:52:52 - [TEST_STEP][PASSED] - if (i == 3 &amp;&amp; wildList.indexOf(symbol) != -1): null

2019-08-23 18:52:52 - [TEST_STEP][PASSED] - if (i == 4 &amp;&amp; wildList.indexOf(symbol) != -1): null

2019-08-23 18:52:52 - [TEST_STEP][PASSED] - symbol = symbol: null

2019-08-23 18:52:52 - [TEST_STEP][PASSED] - println(symbol): null

2019-08-23 18:52:52 - [TEST_STEP][PASSED] - if (i == 2 &amp;&amp; wildList.indexOf(symbol) != -1): null

2019-08-23 18:52:52 - [TEST_STEP][PASSED] - if (i == 3 &amp;&amp; wildList.indexOf(symbol) != -1): null

2019-08-23 18:52:52 - [TEST_STEP][PASSED] - if (i == 4 &amp;&amp; wildList.indexOf(symbol) != -1): null

2019-08-23 18:52:52 - [TEST_STEP][PASSED] - free_spin_reel_counter = free_spin_reel_counter: null

2019-08-23 18:52:52 - [TEST_STEP][PASSED] - println("reel 3 wild found: " + free_spin_reel_counter[0]): null

2019-08-23 18:52:52 - [TEST_STEP][PASSED] - println("reel 4 wild found: " + free_spin_reel_counter[1]): null

2019-08-23 18:52:52 - [TEST_STEP][PASSED] - println("reel 5 wild found: " + free_spin_reel_counter[2]): null

2019-08-23 18:52:52 - [TEST_STEP][PASSED] - M4_spin_reels = M4_spin_reels: null

2019-08-23 18:52:52 - [TEST_STEP][PASSED] - M4_spin_reels_symbols = symbol: null

2019-08-23 18:52:52 - [TEST_STEP][PASSED] - M4_spin_reels_symbols = M4_spin_reels_symbols: null

2019-08-23 18:52:52 - [TEST_STEP][PASSED] - M4_spin_reel_wins = reel_wins: null

2019-08-23 18:52:52 - [TEST_STEP][PASSED] - M4_spin_reel_wins = M4_spin_reel_wins: null

2019-08-23 18:52:52 - [TEST_STEP][PASSED] - println("GlobalVariable.M4_spin_reel_wins is: " + M4_spin_reel_wins): null

2019-08-23 18:52:52 - [TEST_STEP][PASSED] - M4_spin_total_bonus_win_this_round = total_bonus_win_this_round: null

2019-08-23 18:52:52 - [TEST_STEP][PASSED] - M4_spin_total_bonus_win_this_round = M4_spin_total_bonus_win_this_round: null

2019-08-23 18:52:52 - [TEST_STEP][PASSED] - println("GlobalVariable.M4_spin_total_bonus_win_this_round is: " + M4_spin_total_bonus_win_this_round): null

2019-08-23 18:52:52 - [TEST_STEP][PASSED] - M4_spin_bonus_spin_result = spin_result: null

2019-08-23 18:52:52 - [TEST_STEP][PASSED] - M4_spin_bonus_spin_result = M4_spin_bonus_spin_result: null

2019-08-23 18:52:52 - [MESSAGE][PASSED] - Verify response successfully

2019-08-23 18:52:52 - [MESSAGE][PASSED] - Send request and verify the response successfully

2019-08-23 18:52:52 - [TEST_STEP][PASSED] - if (free_spin_reel_counter[0] &gt;= 1 &amp;&amp; free_spin_reel_counter[1] &gt;= 1 &amp;&amp; free_spin_reel_counter[2] &gt;= 1): null

2019-08-23 18:52:52 - [TEST_STEP][PASSED] - spin_result = sendRequestAndVerify(findTestObject("INT/RGS(M4)/1_M4_spin", ["M4_login_user_id":M4_login_user_id, "rgs_session_token":rgs_session_token, "partner":Partner])): Send request and verify the response successfully

2019-08-23 18:52:52 - [MESSAGE][INFO] - HAR: /Users/eiralee/Katalon_Script/SuperWild/Reports/20190823_184757/INT/superWild_1/20190823_184757/requests/main/83.har

2019-08-23 18:52:52 - [TEST_CASE][PASSED] - Start Test Case : Verification: Verification accomplished successfully

2019-08-23 18:52:52 - [TEST_STEP][PASSED] - request = getInstance().getCurrentRequest(): null

2019-08-23 18:52:53 - [TEST_STEP][PASSED] - response = getInstance().getCurrentResponse(): null

2019-08-23 18:52:53 - [TEST_STEP][PASSED] - verifyResponseStatusCode(response, 200): Verify response status code successfully

2019-08-23 18:52:53 - [MESSAGE][PASSED] - Verify response status code successfully

2019-08-23 18:52:53 - [TEST_STEP][PASSED] - getStatusCode()).isEqualTo(200): null

2019-08-23 18:52:53 - [TEST_STEP][PASSED] - newline = System.getProperty("line.separator"): null

2019-08-23 18:52:54 - [TEST_STEP][PASSED] - M4_spin = new groovy.json.JsonSlurper(): null

2019-08-23 18:52:54 - [TEST_STEP][PASSED] - result_M4_spin = M4_spin.parseText(response.getResponseBodyContent()): null

2019-08-23 18:52:54 - [TEST_STEP][PASSED] - M4_spin_current_balance = current_balance: null

2019-08-23 18:52:54 - [TEST_STEP][PASSED] - M4_spin_current_balance = M4_spin_current_balance: null

2019-08-23 18:52:54 - [TEST_STEP][PASSED] - M4_spin_transaction_id = causality: null

2019-08-23 18:52:54 - [TEST_STEP][PASSED] - M4_spin_transaction_id = M4_spin_transaction_id: null

2019-08-23 18:52:54 - [TEST_STEP][PASSED] - M4_spin_round_id = round_id: null

2019-08-23 18:52:54 - [TEST_STEP][PASSED] - M4_spin_round_id = M4_spin_round_id: null

2019-08-23 18:52:54 - [TEST_STEP][PASSED] - M4_spin_line_wins = line_wins: null

2019-08-23 18:52:54 - [TEST_STEP][PASSED] - M4_spin_line_wins = M4_spin_line_wins: null

2019-08-23 18:52:54 - [TEST_STEP][PASSED] - M4_total_bonus_spins_int = total_bonus_spins: null

2019-08-23 18:52:54 - [TEST_STEP][PASSED] - println("******M4_total_bonus_spins type is:*******" + newline + getClass().getName()): null

2019-08-23 18:52:54 - [TEST_STEP][PASSED] - M4_total_bonus_spins_int = M4_total_bonus_spins_int: null

2019-08-23 18:52:54 - [TEST_STEP][PASSED] - M4_total_bonus_spins = Integer.toString(M4_total_bonus_spins_int): null

2019-08-23 18:52:54 - [TEST_STEP][PASSED] - M4_total_bonus_spins = M4_total_bonus_spins: null

2019-08-23 18:52:54 - [TEST_STEP][PASSED] - println("M4_total_bonus_spins is:" + M4_total_bonus_spins): null

2019-08-23 18:52:54 - [TEST_STEP][PASSED] - M4_spin_bonus_data = bonus_data: null

2019-08-23 18:52:54 - [TEST_STEP][PASSED] - M4_spin_features_triggered = result_M4_spin: null

2019-08-23 18:52:54 - [TEST_STEP][PASSED] - wild = []: null

2019-08-23 18:52:54 - [TEST_STEP][PASSED] - wild[0] = "WILD_Expanding": null

2019-08-23 18:52:54 - [TEST_STEP][PASSED] - wild[1] = "WILD_Normal": null

2019-08-23 18:52:54 - [TEST_STEP][PASSED] - wild[2] = "WILD_Double": null

2019-08-23 18:52:54 - [TEST_STEP][PASSED] - wild[3] = "WILD_ExtraFG": null

2019-08-23 18:52:54 - [TEST_STEP][PASSED] - wild[4] = "WILD_Triple": null

2019-08-23 18:52:54 - [TEST_STEP][PASSED] - wildList = Arrays.asList(wild): null

2019-08-23 18:52:54 - [TEST_STEP][PASSED] - wildList = wildList: null

2019-08-23 18:52:54 - [TEST_STEP][PASSED] - free_spin_reel_counter = []: null

2019-08-23 18:52:54 - [TEST_STEP][PASSED] - free_spin_reel_counter[0] = 0: null

2019-08-23 18:52:54 - [TEST_STEP][PASSED] - free_spin_reel_counter[1] = 0: null

2019-08-23 18:52:54 - [TEST_STEP][PASSED] - free_spin_reel_counter[2] = 0: null

2019-08-23 18:52:54 - [TEST_STEP][PASSED] - M4_spin_reels = reels: null

2019-08-23 18:52:54 - [TEST_STEP][PASSED] - for ([i = 0, i &lt; M4_spin_reels.size(), (i++)]): null

2019-08-23 18:52:54 - [TEST_STEP][PASSED] - symbols = symbols: null

2019-08-23 18:52:54 - [TEST_STEP][PASSED] - for ([j = 0, j &lt; symbols.size(), (j++)]): null

2019-08-23 18:52:54 - [TEST_STEP][PASSED] - symbol = symbol: null

2019-08-23 18:52:54 - [TEST_STEP][PASSED] - println(symbol): null

2019-08-23 18:52:54 - [TEST_STEP][PASSED] - if (i == 2 &amp;&amp; wildList.indexOf(symbol) != -1): null

2019-08-23 18:52:54 - [TEST_STEP][PASSED] - if (i == 3 &amp;&amp; wildList.indexOf(symbol) != -1): null

2019-08-23 18:52:54 - [TEST_STEP][PASSED] - if (i == 4 &amp;&amp; wildList.indexOf(symbol) != -1): null

2019-08-23 18:52:54 - [TEST_STEP][PASSED] - symbol = symbol: null

2019-08-23 18:52:54 - [TEST_STEP][PASSED] - println(symbol): null

2019-08-23 18:52:54 - [TEST_STEP][PASSED] - if (i == 2 &amp;&amp; wildList.indexOf(symbol) != -1): null

2019-08-23 18:52:54 - [TEST_STEP][PASSED] - if (i == 3 &amp;&amp; wildList.indexOf(symbol) != -1): null

2019-08-23 18:52:54 - [TEST_STEP][PASSED] - if (i == 4 &amp;&amp; wildList.indexOf(symbol) != -1): null

2019-08-23 18:52:54 - [TEST_STEP][PASSED] - symbol = symbol: null

2019-08-23 18:52:54 - [TEST_STEP][PASSED] - println(symbol): null

2019-08-23 18:52:54 - [TEST_STEP][PASSED] - if (i == 2 &amp;&amp; wildList.indexOf(symbol) != -1): null

2019-08-23 18:52:54 - [TEST_STEP][PASSED] - if (i == 3 &amp;&amp; wildList.indexOf(symbol) != -1): null

2019-08-23 18:52:54 - [TEST_STEP][PASSED] - if (i == 4 &amp;&amp; wildList.indexOf(symbol) != -1): null

2019-08-23 18:52:54 - [TEST_STEP][PASSED] - symbols = symbols: null

2019-08-23 18:52:54 - [TEST_STEP][PASSED] - for ([j = 0, j &lt; symbols.size(), (j++)]): null

2019-08-23 18:52:54 - [TEST_STEP][PASSED] - symbol = symbol: null

2019-08-23 18:52:54 - [TEST_STEP][PASSED] - println(symbol): null

2019-08-23 18:52:54 - [TEST_STEP][PASSED] - if (i == 2 &amp;&amp; wildList.indexOf(symbol) != -1): null

2019-08-23 18:52:54 - [TEST_STEP][PASSED] - if (i == 3 &amp;&amp; wildList.indexOf(symbol) != -1): null

2019-08-23 18:52:54 - [TEST_STEP][PASSED] - if (i == 4 &amp;&amp; wildList.indexOf(symbol) != -1): null

2019-08-23 18:52:54 - [TEST_STEP][PASSED] - symbol = symbol: null

2019-08-23 18:52:54 - [TEST_STEP][PASSED] - println(symbol): null

2019-08-23 18:52:54 - [TEST_STEP][PASSED] - if (i == 2 &amp;&amp; wildList.indexOf(symbol) != -1): null

2019-08-23 18:52:54 - [TEST_STEP][PASSED] - if (i == 3 &amp;&amp; wildList.indexOf(symbol) != -1): null

2019-08-23 18:52:54 - [TEST_STEP][PASSED] - if (i == 4 &amp;&amp; wildList.indexOf(symbol) != -1): null

2019-08-23 18:52:54 - [TEST_STEP][PASSED] - symbol = symbol: null

2019-08-23 18:52:54 - [TEST_STEP][PASSED] - println(symbol): null

2019-08-23 18:52:54 - [TEST_STEP][PASSED] - if (i == 2 &amp;&amp; wildList.indexOf(symbol) != -1): null

2019-08-23 18:52:54 - [TEST_STEP][PASSED] - if (i == 3 &amp;&amp; wildList.indexOf(symbol) != -1): null

2019-08-23 18:52:54 - [TEST_STEP][PASSED] - if (i == 4 &amp;&amp; wildList.indexOf(symbol) != -1): null

2019-08-23 18:52:54 - [TEST_STEP][PASSED] - symbols = symbols: null

2019-08-23 18:52:54 - [TEST_STEP][PASSED] - for ([j = 0, j &lt; symbols.size(), (j++)]): null

2019-08-23 18:52:54 - [TEST_STEP][PASSED] - symbol = symbol: null

2019-08-23 18:52:54 - [TEST_STEP][PASSED] - println(symbol): null

2019-08-23 18:52:54 - [TEST_STEP][PASSED] - if (i == 2 &amp;&amp; wildList.indexOf(symbol) != -1): null

2019-08-23 18:52:54 - [TEST_STEP][PASSED] - if (i == 3 &amp;&amp; wildList.indexOf(symbol) != -1): null

2019-08-23 18:52:54 - [TEST_STEP][PASSED] - if (i == 4 &amp;&amp; wildList.indexOf(symbol) != -1): null

2019-08-23 18:52:54 - [TEST_STEP][PASSED] - symbol = symbol: null

2019-08-23 18:52:54 - [TEST_STEP][PASSED] - println(symbol): null

2019-08-23 18:52:54 - [TEST_STEP][PASSED] - if (i == 2 &amp;&amp; wildList.indexOf(symbol) != -1): null

2019-08-23 18:52:54 - [TEST_STEP][PASSED] - if (i == 3 &amp;&amp; wildList.indexOf(symbol) != -1): null

2019-08-23 18:52:54 - [TEST_STEP][PASSED] - if (i == 4 &amp;&amp; wildList.indexOf(symbol) != -1): null

2019-08-23 18:52:54 - [TEST_STEP][PASSED] - symbol = symbol: null

2019-08-23 18:52:54 - [TEST_STEP][PASSED] - println(symbol): null

2019-08-23 18:52:54 - [TEST_STEP][PASSED] - if (i == 2 &amp;&amp; wildList.indexOf(symbol) != -1): null

2019-08-23 18:52:54 - [TEST_STEP][PASSED] - println("wild found on reel 3, adding counter by 1"): null

2019-08-23 18:52:54 - [TEST_STEP][PASSED] - free_spin_reel_counter[0] = free_spin_reel_counter[0] + 1: null

2019-08-23 18:52:54 - [TEST_STEP][PASSED] - if (i == 3 &amp;&amp; wildList.indexOf(symbol) != -1): null

2019-08-23 18:52:54 - [TEST_STEP][PASSED] - if (i == 4 &amp;&amp; wildList.indexOf(symbol) != -1): null

2019-08-23 18:52:54 - [TEST_STEP][PASSED] - symbols = symbols: null

2019-08-23 18:52:54 - [TEST_STEP][PASSED] - for ([j = 0, j &lt; symbols.size(), (j++)]): null

2019-08-23 18:52:54 - [TEST_STEP][PASSED] - symbol = symbol: null

2019-08-23 18:52:54 - [TEST_STEP][PASSED] - println(symbol): null

2019-08-23 18:52:54 - [TEST_STEP][PASSED] - if (i == 2 &amp;&amp; wildList.indexOf(symbol) != -1): null

2019-08-23 18:52:54 - [TEST_STEP][PASSED] - if (i == 3 &amp;&amp; wildList.indexOf(symbol) != -1): null

2019-08-23 18:52:54 - [TEST_STEP][PASSED] - if (i == 4 &amp;&amp; wildList.indexOf(symbol) != -1): null

2019-08-23 18:52:54 - [TEST_STEP][PASSED] - symbol = symbol: null

2019-08-23 18:52:54 - [TEST_STEP][PASSED] - println(symbol): null

2019-08-23 18:52:54 - [TEST_STEP][PASSED] - if (i == 2 &amp;&amp; wildList.indexOf(symbol) != -1): null

2019-08-23 18:52:54 - [TEST_STEP][PASSED] - if (i == 3 &amp;&amp; wildList.indexOf(symbol) != -1): null

2019-08-23 18:52:54 - [TEST_STEP][PASSED] - if (i == 4 &amp;&amp; wildList.indexOf(symbol) != -1): null

2019-08-23 18:52:54 - [TEST_STEP][PASSED] - symbol = symbol: null

2019-08-23 18:52:54 - [TEST_STEP][PASSED] - println(symbol): null

2019-08-23 18:52:54 - [TEST_STEP][PASSED] - if (i == 2 &amp;&amp; wildList.indexOf(symbol) != -1): null

2019-08-23 18:52:54 - [TEST_STEP][PASSED] - if (i == 3 &amp;&amp; wildList.indexOf(symbol) != -1): null

2019-08-23 18:52:54 - [TEST_STEP][PASSED] - if (i == 4 &amp;&amp; wildList.indexOf(symbol) != -1): null

2019-08-23 18:52:54 - [TEST_STEP][PASSED] - symbols = symbols: null

2019-08-23 18:52:54 - [TEST_STEP][PASSED] - for ([j = 0, j &lt; symbols.size(), (j++)]): null

2019-08-23 18:52:54 - [TEST_STEP][PASSED] - symbol = symbol: null

2019-08-23 18:52:54 - [TEST_STEP][PASSED] - println(symbol): null

2019-08-23 18:52:54 - [TEST_STEP][PASSED] - if (i == 2 &amp;&amp; wildList.indexOf(symbol) != -1): null

2019-08-23 18:52:54 - [TEST_STEP][PASSED] - if (i == 3 &amp;&amp; wildList.indexOf(symbol) != -1): null

2019-08-23 18:52:54 - [TEST_STEP][PASSED] - if (i == 4 &amp;&amp; wildList.indexOf(symbol) != -1): null

2019-08-23 18:52:54 - [TEST_STEP][PASSED] - symbol = symbol: null

2019-08-23 18:52:54 - [TEST_STEP][PASSED] - println(symbol): null

2019-08-23 18:52:54 - [TEST_STEP][PASSED] - if (i == 2 &amp;&amp; wildList.indexOf(symbol) != -1): null

2019-08-23 18:52:54 - [TEST_STEP][PASSED] - if (i == 3 &amp;&amp; wildList.indexOf(symbol) != -1): null

2019-08-23 18:52:54 - [TEST_STEP][PASSED] - if (i == 4 &amp;&amp; wildList.indexOf(symbol) != -1): null

2019-08-23 18:52:54 - [TEST_STEP][PASSED] - symbol = symbol: null

2019-08-23 18:52:54 - [TEST_STEP][PASSED] - println(symbol): null

2019-08-23 18:52:54 - [TEST_STEP][PASSED] - if (i == 2 &amp;&amp; wildList.indexOf(symbol) != -1): null

2019-08-23 18:52:54 - [TEST_STEP][PASSED] - if (i == 3 &amp;&amp; wildList.indexOf(symbol) != -1): null

2019-08-23 18:52:54 - [TEST_STEP][PASSED] - if (i == 4 &amp;&amp; wildList.indexOf(symbol) != -1): null

2019-08-23 18:52:54 - [TEST_STEP][PASSED] - free_spin_reel_counter = free_spin_reel_counter: null

2019-08-23 18:52:54 - [TEST_STEP][PASSED] - println("reel 3 wild found: " + free_spin_reel_counter[0]): null

2019-08-23 18:52:54 - [TEST_STEP][PASSED] - println("reel 4 wild found: " + free_spin_reel_counter[1]): null

2019-08-23 18:52:54 - [TEST_STEP][PASSED] - println("reel 5 wild found: " + free_spin_reel_counter[2]): null

2019-08-23 18:52:54 - [TEST_STEP][PASSED] - M4_spin_reels = M4_spin_reels: null

2019-08-23 18:52:54 - [TEST_STEP][PASSED] - M4_spin_reels_symbols = symbol: null

2019-08-23 18:52:54 - [TEST_STEP][PASSED] - M4_spin_reels_symbols = M4_spin_reels_symbols: null

2019-08-23 18:52:54 - [TEST_STEP][PASSED] - M4_spin_reel_wins = reel_wins: null

2019-08-23 18:52:54 - [TEST_STEP][PASSED] - M4_spin_reel_wins = M4_spin_reel_wins: null

2019-08-23 18:52:54 - [TEST_STEP][PASSED] - println("GlobalVariable.M4_spin_reel_wins is: " + M4_spin_reel_wins): null

2019-08-23 18:52:54 - [TEST_STEP][PASSED] - M4_spin_total_bonus_win_this_round = total_bonus_win_this_round: null

2019-08-23 18:52:54 - [TEST_STEP][PASSED] - M4_spin_total_bonus_win_this_round = M4_spin_total_bonus_win_this_round: null

2019-08-23 18:52:54 - [TEST_STEP][PASSED] - println("GlobalVariable.M4_spin_total_bonus_win_this_round is: " + M4_spin_total_bonus_win_this_round): null

2019-08-23 18:52:54 - [TEST_STEP][PASSED] - M4_spin_bonus_spin_result = spin_result: null

2019-08-23 18:52:54 - [TEST_STEP][PASSED] - M4_spin_bonus_spin_result = M4_spin_bonus_spin_result: null

2019-08-23 18:52:54 - [MESSAGE][PASSED] - Verify response successfully

2019-08-23 18:52:54 - [MESSAGE][PASSED] - Send request and verify the response successfully

2019-08-23 18:52:54 - [TEST_STEP][PASSED] - if (free_spin_reel_counter[0] &gt;= 1 &amp;&amp; free_spin_reel_counter[1] &gt;= 1 &amp;&amp; free_spin_reel_counter[2] &gt;= 1): null

2019-08-23 18:52:54 - [TEST_STEP][PASSED] - spin_result = sendRequestAndVerify(findTestObject("INT/RGS(M4)/1_M4_spin", ["M4_login_user_id":M4_login_user_id, "rgs_session_token":rgs_session_token, "partner":Partner])): Send request and verify the response successfully

2019-08-23 18:52:55 - [MESSAGE][INFO] - HAR: /Users/eiralee/Katalon_Script/SuperWild/Reports/20190823_184757/INT/superWild_1/20190823_184757/requests/main/84.har

2019-08-23 18:52:55 - [TEST_CASE][PASSED] - Start Test Case : Verification: Verification accomplished successfully

2019-08-23 18:52:55 - [TEST_STEP][PASSED] - request = getInstance().getCurrentRequest(): null

2019-08-23 18:52:55 - [TEST_STEP][PASSED] - response = getInstance().getCurrentResponse(): null

2019-08-23 18:52:55 - [TEST_STEP][PASSED] - verifyResponseStatusCode(response, 200): Verify response status code successfully

2019-08-23 18:52:55 - [MESSAGE][PASSED] - Verify response status code successfully

2019-08-23 18:52:55 - [TEST_STEP][PASSED] - getStatusCode()).isEqualTo(200): null

2019-08-23 18:52:55 - [TEST_STEP][PASSED] - newline = System.getProperty("line.separator"): null

2019-08-23 18:52:55 - [TEST_STEP][PASSED] - M4_spin = new groovy.json.JsonSlurper(): null

2019-08-23 18:52:55 - [TEST_STEP][PASSED] - result_M4_spin = M4_spin.parseText(response.getResponseBodyContent()): null

2019-08-23 18:52:55 - [TEST_STEP][PASSED] - M4_spin_current_balance = current_balance: null

2019-08-23 18:52:55 - [TEST_STEP][PASSED] - M4_spin_current_balance = M4_spin_current_balance: null

2019-08-23 18:52:55 - [TEST_STEP][PASSED] - M4_spin_transaction_id = causality: null

2019-08-23 18:52:55 - [TEST_STEP][PASSED] - M4_spin_transaction_id = M4_spin_transaction_id: null

2019-08-23 18:52:55 - [TEST_STEP][PASSED] - M4_spin_round_id = round_id: null

2019-08-23 18:52:55 - [TEST_STEP][PASSED] - M4_spin_round_id = M4_spin_round_id: null

2019-08-23 18:52:55 - [TEST_STEP][PASSED] - M4_spin_line_wins = line_wins: null

2019-08-23 18:52:55 - [TEST_STEP][PASSED] - M4_spin_line_wins = M4_spin_line_wins: null

2019-08-23 18:52:55 - [TEST_STEP][PASSED] - M4_total_bonus_spins_int = total_bonus_spins: null

2019-08-23 18:52:55 - [TEST_STEP][PASSED] - println("******M4_total_bonus_spins type is:*******" + newline + getClass().getName()): null

2019-08-23 18:52:55 - [TEST_STEP][PASSED] - M4_total_bonus_spins_int = M4_total_bonus_spins_int: null

2019-08-23 18:52:55 - [TEST_STEP][PASSED] - M4_total_bonus_spins = Integer.toString(M4_total_bonus_spins_int): null

2019-08-23 18:52:55 - [TEST_STEP][PASSED] - M4_total_bonus_spins = M4_total_bonus_spins: null

2019-08-23 18:52:55 - [TEST_STEP][PASSED] - println("M4_total_bonus_spins is:" + M4_total_bonus_spins): null

2019-08-23 18:52:55 - [TEST_STEP][PASSED] - M4_spin_bonus_data = bonus_data: null

2019-08-23 18:52:55 - [TEST_STEP][PASSED] - M4_spin_features_triggered = result_M4_spin: null

2019-08-23 18:52:55 - [TEST_STEP][PASSED] - wild = []: null

2019-08-23 18:52:55 - [TEST_STEP][PASSED] - wild[0] = "WILD_Expanding": null

2019-08-23 18:52:55 - [TEST_STEP][PASSED] - wild[1] = "WILD_Normal": null

2019-08-23 18:52:55 - [TEST_STEP][PASSED] - wild[2] = "WILD_Double": null

2019-08-23 18:52:55 - [TEST_STEP][PASSED] - wild[3] = "WILD_ExtraFG": null

2019-08-23 18:52:55 - [TEST_STEP][PASSED] - wild[4] = "WILD_Triple": null

2019-08-23 18:52:55 - [TEST_STEP][PASSED] - wildList = Arrays.asList(wild): null

2019-08-23 18:52:55 - [TEST_STEP][PASSED] - wildList = wildList: null

2019-08-23 18:52:55 - [TEST_STEP][PASSED] - free_spin_reel_counter = []: null

2019-08-23 18:52:55 - [TEST_STEP][PASSED] - free_spin_reel_counter[0] = 0: null

2019-08-23 18:52:55 - [TEST_STEP][PASSED] - free_spin_reel_counter[1] = 0: null

2019-08-23 18:52:55 - [TEST_STEP][PASSED] - free_spin_reel_counter[2] = 0: null

2019-08-23 18:52:55 - [TEST_STEP][PASSED] - M4_spin_reels = reels: null

2019-08-23 18:52:55 - [TEST_STEP][PASSED] - for ([i = 0, i &lt; M4_spin_reels.size(), (i++)]): null

2019-08-23 18:52:55 - [TEST_STEP][PASSED] - symbols = symbols: null

2019-08-23 18:52:55 - [TEST_STEP][PASSED] - for ([j = 0, j &lt; symbols.size(), (j++)]): null

2019-08-23 18:52:55 - [TEST_STEP][PASSED] - symbol = symbol: null

2019-08-23 18:52:55 - [TEST_STEP][PASSED] - println(symbol): null

2019-08-23 18:52:55 - [TEST_STEP][PASSED] - if (i == 2 &amp;&amp; wildList.indexOf(symbol) != -1): null

2019-08-23 18:52:55 - [TEST_STEP][PASSED] - if (i == 3 &amp;&amp; wildList.indexOf(symbol) != -1): null

2019-08-23 18:52:55 - [TEST_STEP][PASSED] - if (i == 4 &amp;&amp; wildList.indexOf(symbol) != -1): null

2019-08-23 18:52:55 - [TEST_STEP][PASSED] - symbol = symbol: null

2019-08-23 18:52:55 - [TEST_STEP][PASSED] - println(symbol): null

2019-08-23 18:52:55 - [TEST_STEP][PASSED] - if (i == 2 &amp;&amp; wildList.indexOf(symbol) != -1): null

2019-08-23 18:52:55 - [TEST_STEP][PASSED] - if (i == 3 &amp;&amp; wildList.indexOf(symbol) != -1): null

2019-08-23 18:52:55 - [TEST_STEP][PASSED] - if (i == 4 &amp;&amp; wildList.indexOf(symbol) != -1): null

2019-08-23 18:52:55 - [TEST_STEP][PASSED] - symbol = symbol: null

2019-08-23 18:52:55 - [TEST_STEP][PASSED] - println(symbol): null

2019-08-23 18:52:55 - [TEST_STEP][PASSED] - if (i == 2 &amp;&amp; wildList.indexOf(symbol) != -1): null

2019-08-23 18:52:55 - [TEST_STEP][PASSED] - if (i == 3 &amp;&amp; wildList.indexOf(symbol) != -1): null

2019-08-23 18:52:55 - [TEST_STEP][PASSED] - if (i == 4 &amp;&amp; wildList.indexOf(symbol) != -1): null

2019-08-23 18:52:55 - [TEST_STEP][PASSED] - symbols = symbols: null

2019-08-23 18:52:55 - [TEST_STEP][PASSED] - for ([j = 0, j &lt; symbols.size(), (j++)]): null

2019-08-23 18:52:55 - [TEST_STEP][PASSED] - symbol = symbol: null

2019-08-23 18:52:55 - [TEST_STEP][PASSED] - println(symbol): null

2019-08-23 18:52:55 - [TEST_STEP][PASSED] - if (i == 2 &amp;&amp; wildList.indexOf(symbol) != -1): null

2019-08-23 18:52:55 - [TEST_STEP][PASSED] - if (i == 3 &amp;&amp; wildList.indexOf(symbol) != -1): null

2019-08-23 18:52:55 - [TEST_STEP][PASSED] - if (i == 4 &amp;&amp; wildList.indexOf(symbol) != -1): null

2019-08-23 18:52:55 - [TEST_STEP][PASSED] - symbol = symbol: null

2019-08-23 18:52:55 - [TEST_STEP][PASSED] - println(symbol): null

2019-08-23 18:52:55 - [TEST_STEP][PASSED] - if (i == 2 &amp;&amp; wildList.indexOf(symbol) != -1): null

2019-08-23 18:52:55 - [TEST_STEP][PASSED] - if (i == 3 &amp;&amp; wildList.indexOf(symbol) != -1): null

2019-08-23 18:52:55 - [TEST_STEP][PASSED] - if (i == 4 &amp;&amp; wildList.indexOf(symbol) != -1): null

2019-08-23 18:52:55 - [TEST_STEP][PASSED] - symbol = symbol: null

2019-08-23 18:52:55 - [TEST_STEP][PASSED] - println(symbol): null

2019-08-23 18:52:55 - [TEST_STEP][PASSED] - if (i == 2 &amp;&amp; wildList.indexOf(symbol) != -1): null

2019-08-23 18:52:55 - [TEST_STEP][PASSED] - if (i == 3 &amp;&amp; wildList.indexOf(symbol) != -1): null

2019-08-23 18:52:55 - [TEST_STEP][PASSED] - if (i == 4 &amp;&amp; wildList.indexOf(symbol) != -1): null

2019-08-23 18:52:55 - [TEST_STEP][PASSED] - symbols = symbols: null

2019-08-23 18:52:55 - [TEST_STEP][PASSED] - for ([j = 0, j &lt; symbols.size(), (j++)]): null

2019-08-23 18:52:55 - [TEST_STEP][PASSED] - symbol = symbol: null

2019-08-23 18:52:55 - [TEST_STEP][PASSED] - println(symbol): null

2019-08-23 18:52:55 - [TEST_STEP][PASSED] - if (i == 2 &amp;&amp; wildList.indexOf(symbol) != -1): null

2019-08-23 18:52:55 - [TEST_STEP][PASSED] - if (i == 3 &amp;&amp; wildList.indexOf(symbol) != -1): null

2019-08-23 18:52:55 - [TEST_STEP][PASSED] - if (i == 4 &amp;&amp; wildList.indexOf(symbol) != -1): null

2019-08-23 18:52:55 - [TEST_STEP][PASSED] - symbol = symbol: null

2019-08-23 18:52:55 - [TEST_STEP][PASSED] - println(symbol): null

2019-08-23 18:52:55 - [TEST_STEP][PASSED] - if (i == 2 &amp;&amp; wildList.indexOf(symbol) != -1): null

2019-08-23 18:52:55 - [TEST_STEP][PASSED] - if (i == 3 &amp;&amp; wildList.indexOf(symbol) != -1): null

2019-08-23 18:52:55 - [TEST_STEP][PASSED] - if (i == 4 &amp;&amp; wildList.indexOf(symbol) != -1): null

2019-08-23 18:52:55 - [TEST_STEP][PASSED] - symbol = symbol: null

2019-08-23 18:52:55 - [TEST_STEP][PASSED] - println(symbol): null

2019-08-23 18:52:55 - [TEST_STEP][PASSED] - if (i == 2 &amp;&amp; wildList.indexOf(symbol) != -1): null

2019-08-23 18:52:55 - [TEST_STEP][PASSED] - if (i == 3 &amp;&amp; wildList.indexOf(symbol) != -1): null

2019-08-23 18:52:55 - [TEST_STEP][PASSED] - if (i == 4 &amp;&amp; wildList.indexOf(symbol) != -1): null

2019-08-23 18:52:55 - [TEST_STEP][PASSED] - symbols = symbols: null

2019-08-23 18:52:55 - [TEST_STEP][PASSED] - for ([j = 0, j &lt; symbols.size(), (j++)]): null

2019-08-23 18:52:55 - [TEST_STEP][PASSED] - symbol = symbol: null

2019-08-23 18:52:55 - [TEST_STEP][PASSED] - println(symbol): null

2019-08-23 18:52:55 - [TEST_STEP][PASSED] - if (i == 2 &amp;&amp; wildList.indexOf(symbol) != -1): null

2019-08-23 18:52:55 - [TEST_STEP][PASSED] - if (i == 3 &amp;&amp; wildList.indexOf(symbol) != -1): null

2019-08-23 18:52:55 - [TEST_STEP][PASSED] - if (i == 4 &amp;&amp; wildList.indexOf(symbol) != -1): null

2019-08-23 18:52:55 - [TEST_STEP][PASSED] - symbol = symbol: null

2019-08-23 18:52:55 - [TEST_STEP][PASSED] - println(symbol): null

2019-08-23 18:52:55 - [TEST_STEP][PASSED] - if (i == 2 &amp;&amp; wildList.indexOf(symbol) != -1): null

2019-08-23 18:52:55 - [TEST_STEP][PASSED] - if (i == 3 &amp;&amp; wildList.indexOf(symbol) != -1): null

2019-08-23 18:52:55 - [TEST_STEP][PASSED] - println("wild found on reel 4, adding counter by 1"): null

2019-08-23 18:52:55 - [TEST_STEP][PASSED] - free_spin_reel_counter[1] = free_spin_reel_counter[1] + 1: null

2019-08-23 18:52:55 - [TEST_STEP][PASSED] - if (i == 4 &amp;&amp; wildList.indexOf(symbol) != -1): null

2019-08-23 18:52:55 - [TEST_STEP][PASSED] - symbol = symbol: null

2019-08-23 18:52:55 - [TEST_STEP][PASSED] - println(symbol): null

2019-08-23 18:52:55 - [TEST_STEP][PASSED] - if (i == 2 &amp;&amp; wildList.indexOf(symbol) != -1): null

2019-08-23 18:52:55 - [TEST_STEP][PASSED] - if (i == 3 &amp;&amp; wildList.indexOf(symbol) != -1): null

2019-08-23 18:52:55 - [TEST_STEP][PASSED] - if (i == 4 &amp;&amp; wildList.indexOf(symbol) != -1): null

2019-08-23 18:52:55 - [TEST_STEP][PASSED] - symbols = symbols: null

2019-08-23 18:52:55 - [TEST_STEP][PASSED] - for ([j = 0, j &lt; symbols.size(), (j++)]): null

2019-08-23 18:52:55 - [TEST_STEP][PASSED] - symbol = symbol: null

2019-08-23 18:52:55 - [TEST_STEP][PASSED] - println(symbol): null

2019-08-23 18:52:55 - [TEST_STEP][PASSED] - if (i == 2 &amp;&amp; wildList.indexOf(symbol) != -1): null

2019-08-23 18:52:55 - [TEST_STEP][PASSED] - if (i == 3 &amp;&amp; wildList.indexOf(symbol) != -1): null

2019-08-23 18:52:55 - [TEST_STEP][PASSED] - if (i == 4 &amp;&amp; wildList.indexOf(symbol) != -1): null

2019-08-23 18:52:55 - [TEST_STEP][PASSED] - symbol = symbol: null

2019-08-23 18:52:55 - [TEST_STEP][PASSED] - println(symbol): null

2019-08-23 18:52:55 - [TEST_STEP][PASSED] - if (i == 2 &amp;&amp; wildList.indexOf(symbol) != -1): null

2019-08-23 18:52:55 - [TEST_STEP][PASSED] - if (i == 3 &amp;&amp; wildList.indexOf(symbol) != -1): null

2019-08-23 18:52:55 - [TEST_STEP][PASSED] - if (i == 4 &amp;&amp; wildList.indexOf(symbol) != -1): null

2019-08-23 18:52:55 - [TEST_STEP][PASSED] - symbol = symbol: null

2019-08-23 18:52:55 - [TEST_STEP][PASSED] - println(symbol): null

2019-08-23 18:52:55 - [TEST_STEP][PASSED] - if (i == 2 &amp;&amp; wildList.indexOf(symbol) != -1): null

2019-08-23 18:52:55 - [TEST_STEP][PASSED] - if (i == 3 &amp;&amp; wildList.indexOf(symbol) != -1): null

2019-08-23 18:52:55 - [TEST_STEP][PASSED] - if (i == 4 &amp;&amp; wildList.indexOf(symbol) != -1): null

2019-08-23 18:52:55 - [TEST_STEP][PASSED] - free_spin_reel_counter = free_spin_reel_counter: null

2019-08-23 18:52:55 - [TEST_STEP][PASSED] - println("reel 3 wild found: " + free_spin_reel_counter[0]): null

2019-08-23 18:52:55 - [TEST_STEP][PASSED] - println("reel 4 wild found: " + free_spin_reel_counter[1]): null

2019-08-23 18:52:55 - [TEST_STEP][PASSED] - println("reel 5 wild found: " + free_spin_reel_counter[2]): null

2019-08-23 18:52:55 - [TEST_STEP][PASSED] - M4_spin_reels = M4_spin_reels: null

2019-08-23 18:52:55 - [TEST_STEP][PASSED] - M4_spin_reels_symbols = symbol: null

2019-08-23 18:52:55 - [TEST_STEP][PASSED] - M4_spin_reels_symbols = M4_spin_reels_symbols: null

2019-08-23 18:52:55 - [TEST_STEP][PASSED] - M4_spin_reel_wins = reel_wins: null

2019-08-23 18:52:55 - [TEST_STEP][PASSED] - M4_spin_reel_wins = M4_spin_reel_wins: null

2019-08-23 18:52:55 - [TEST_STEP][PASSED] - println("GlobalVariable.M4_spin_reel_wins is: " + M4_spin_reel_wins): null

2019-08-23 18:52:55 - [TEST_STEP][PASSED] - M4_spin_total_bonus_win_this_round = total_bonus_win_this_round: null

2019-08-23 18:52:55 - [TEST_STEP][PASSED] - M4_spin_total_bonus_win_this_round = M4_spin_total_bonus_win_this_round: null

2019-08-23 18:52:55 - [TEST_STEP][PASSED] - println("GlobalVariable.M4_spin_total_bonus_win_this_round is: " + M4_spin_total_bonus_win_this_round): null

2019-08-23 18:52:55 - [TEST_STEP][PASSED] - M4_spin_bonus_spin_result = spin_result: null

2019-08-23 18:52:55 - [TEST_STEP][PASSED] - M4_spin_bonus_spin_result = M4_spin_bonus_spin_result: null

2019-08-23 18:52:55 - [MESSAGE][PASSED] - Verify response successfully

2019-08-23 18:52:55 - [MESSAGE][PASSED] - Send request and verify the response successfully

2019-08-23 18:52:55 - [TEST_STEP][PASSED] - if (free_spin_reel_counter[0] &gt;= 1 &amp;&amp; free_spin_reel_counter[1] &gt;= 1 &amp;&amp; free_spin_reel_counter[2] &gt;= 1): null

2019-08-23 18:52:55 - [TEST_STEP][PASSED] - spin_result = sendRequestAndVerify(findTestObject("INT/RGS(M4)/1_M4_spin", ["M4_login_user_id":M4_login_user_id, "rgs_session_token":rgs_session_token, "partner":Partner])): Send request and verify the response successfully

2019-08-23 18:52:55 - [MESSAGE][INFO] - HAR: /Users/eiralee/Katalon_Script/SuperWild/Reports/20190823_184757/INT/superWild_1/20190823_184757/requests/main/85.har

2019-08-23 18:52:55 - [TEST_CASE][PASSED] - Start Test Case : Verification: Verification accomplished successfully

2019-08-23 18:52:55 - [TEST_STEP][PASSED] - request = getInstance().getCurrentRequest(): null

2019-08-23 18:52:55 - [TEST_STEP][PASSED] - response = getInstance().getCurrentResponse(): null

2019-08-23 18:52:55 - [TEST_STEP][PASSED] - verifyResponseStatusCode(response, 200): Verify response status code successfully

2019-08-23 18:52:55 - [MESSAGE][PASSED] - Verify response status code successfully

2019-08-23 18:52:55 - [TEST_STEP][PASSED] - getStatusCode()).isEqualTo(200): null

2019-08-23 18:52:55 - [TEST_STEP][PASSED] - newline = System.getProperty("line.separator"): null

2019-08-23 18:52:55 - [TEST_STEP][PASSED] - M4_spin = new groovy.json.JsonSlurper(): null

2019-08-23 18:52:55 - [TEST_STEP][PASSED] - result_M4_spin = M4_spin.parseText(response.getResponseBodyContent()): null

2019-08-23 18:52:55 - [TEST_STEP][PASSED] - M4_spin_current_balance = current_balance: null

2019-08-23 18:52:55 - [TEST_STEP][PASSED] - M4_spin_current_balance = M4_spin_current_balance: null

2019-08-23 18:52:55 - [TEST_STEP][PASSED] - M4_spin_transaction_id = causality: null

2019-08-23 18:52:55 - [TEST_STEP][PASSED] - M4_spin_transaction_id = M4_spin_transaction_id: null

2019-08-23 18:52:55 - [TEST_STEP][PASSED] - M4_spin_round_id = round_id: null

2019-08-23 18:52:55 - [TEST_STEP][PASSED] - M4_spin_round_id = M4_spin_round_id: null

2019-08-23 18:52:55 - [TEST_STEP][PASSED] - M4_spin_line_wins = line_wins: null

2019-08-23 18:52:55 - [TEST_STEP][PASSED] - M4_spin_line_wins = M4_spin_line_wins: null

2019-08-23 18:52:55 - [TEST_STEP][PASSED] - M4_total_bonus_spins_int = total_bonus_spins: null

2019-08-23 18:52:55 - [TEST_STEP][PASSED] - println("******M4_total_bonus_spins type is:*******" + newline + getClass().getName()): null

2019-08-23 18:52:55 - [TEST_STEP][PASSED] - M4_total_bonus_spins_int = M4_total_bonus_spins_int: null

2019-08-23 18:52:55 - [TEST_STEP][PASSED] - M4_total_bonus_spins = Integer.toString(M4_total_bonus_spins_int): null

2019-08-23 18:52:55 - [TEST_STEP][PASSED] - M4_total_bonus_spins = M4_total_bonus_spins: null

2019-08-23 18:52:55 - [TEST_STEP][PASSED] - println("M4_total_bonus_spins is:" + M4_total_bonus_spins): null

2019-08-23 18:52:55 - [TEST_STEP][PASSED] - M4_spin_bonus_data = bonus_data: null

2019-08-23 18:52:55 - [TEST_STEP][PASSED] - M4_spin_features_triggered = result_M4_spin: null

2019-08-23 18:52:55 - [TEST_STEP][PASSED] - wild = []: null

2019-08-23 18:52:55 - [TEST_STEP][PASSED] - wild[0] = "WILD_Expanding": null

2019-08-23 18:52:55 - [TEST_STEP][PASSED] - wild[1] = "WILD_Normal": null

2019-08-23 18:52:55 - [TEST_STEP][PASSED] - wild[2] = "WILD_Double": null

2019-08-23 18:52:55 - [TEST_STEP][PASSED] - wild[3] = "WILD_ExtraFG": null

2019-08-23 18:52:55 - [TEST_STEP][PASSED] - wild[4] = "WILD_Triple": null

2019-08-23 18:52:55 - [TEST_STEP][PASSED] - wildList = Arrays.asList(wild): null

2019-08-23 18:52:55 - [TEST_STEP][PASSED] - wildList = wildList: null

2019-08-23 18:52:55 - [TEST_STEP][PASSED] - free_spin_reel_counter = []: null

2019-08-23 18:52:55 - [TEST_STEP][PASSED] - free_spin_reel_counter[0] = 0: null

2019-08-23 18:52:55 - [TEST_STEP][PASSED] - free_spin_reel_counter[1] = 0: null

2019-08-23 18:52:55 - [TEST_STEP][PASSED] - free_spin_reel_counter[2] = 0: null

2019-08-23 18:52:55 - [TEST_STEP][PASSED] - M4_spin_reels = reels: null

2019-08-23 18:52:55 - [TEST_STEP][PASSED] - for ([i = 0, i &lt; M4_spin_reels.size(), (i++)]): null

2019-08-23 18:53:00 - [TEST_STEP][PASSED] - symbols = symbols: null

2019-08-23 18:53:00 - [TEST_STEP][PASSED] - for ([j = 0, j &lt; symbols.size(), (j++)]): null

2019-08-23 18:53:00 - [TEST_STEP][PASSED] - symbol = symbol: null

2019-08-23 18:53:00 - [TEST_STEP][PASSED] - println(symbol): null

2019-08-23 18:53:00 - [TEST_STEP][PASSED] - if (i == 2 &amp;&amp; wildList.indexOf(symbol) != -1): null

2019-08-23 18:53:00 - [TEST_STEP][PASSED] - if (i == 3 &amp;&amp; wildList.indexOf(symbol) != -1): null

2019-08-23 18:53:00 - [TEST_STEP][PASSED] - if (i == 4 &amp;&amp; wildList.indexOf(symbol) != -1): null

2019-08-23 18:53:00 - [TEST_STEP][PASSED] - symbol = symbol: null

2019-08-23 18:53:00 - [TEST_STEP][PASSED] - println(symbol): null

2019-08-23 18:53:00 - [TEST_STEP][PASSED] - if (i == 2 &amp;&amp; wildList.indexOf(symbol) != -1): null

2019-08-23 18:53:00 - [TEST_STEP][PASSED] - if (i == 3 &amp;&amp; wildList.indexOf(symbol) != -1): null

2019-08-23 18:53:02 - [TEST_STEP][PASSED] - if (i == 4 &amp;&amp; wildList.indexOf(symbol) != -1): null

2019-08-23 18:53:02 - [TEST_STEP][PASSED] - symbol = symbol: null

2019-08-23 18:53:02 - [TEST_STEP][PASSED] - println(symbol): null

2019-08-23 18:53:02 - [TEST_STEP][PASSED] - if (i == 2 &amp;&amp; wildList.indexOf(symbol) != -1): null

2019-08-23 18:53:02 - [TEST_STEP][PASSED] - if (i == 3 &amp;&amp; wildList.indexOf(symbol) != -1): null

2019-08-23 18:53:02 - [TEST_STEP][PASSED] - if (i == 4 &amp;&amp; wildList.indexOf(symbol) != -1): null

2019-08-23 18:53:02 - [TEST_STEP][PASSED] - symbols = symbols: null

2019-08-23 18:53:02 - [TEST_STEP][PASSED] - for ([j = 0, j &lt; symbols.size(), (j++)]): null

2019-08-23 18:53:02 - [TEST_STEP][PASSED] - symbol = symbol: null

2019-08-23 18:53:02 - [TEST_STEP][PASSED] - println(symbol): null

2019-08-23 18:53:02 - [TEST_STEP][PASSED] - if (i == 2 &amp;&amp; wildList.indexOf(symbol) != -1): null

2019-08-23 18:53:02 - [TEST_STEP][PASSED] - if (i == 3 &amp;&amp; wildList.indexOf(symbol) != -1): null

2019-08-23 18:53:02 - [TEST_STEP][PASSED] - if (i == 4 &amp;&amp; wildList.indexOf(symbol) != -1): null

2019-08-23 18:53:02 - [TEST_STEP][PASSED] - symbol = symbol: null

2019-08-23 18:53:02 - [TEST_STEP][PASSED] - println(symbol): null

2019-08-23 18:53:02 - [TEST_STEP][PASSED] - if (i == 2 &amp;&amp; wildList.indexOf(symbol) != -1): null

2019-08-23 18:53:02 - [TEST_STEP][PASSED] - if (i == 3 &amp;&amp; wildList.indexOf(symbol) != -1): null

2019-08-23 18:53:02 - [TEST_STEP][PASSED] - if (i == 4 &amp;&amp; wildList.indexOf(symbol) != -1): null

2019-08-23 18:53:02 - [TEST_STEP][PASSED] - symbol = symbol: null

2019-08-23 18:53:02 - [TEST_STEP][PASSED] - println(symbol): null

2019-08-23 18:53:02 - [TEST_STEP][PASSED] - if (i == 2 &amp;&amp; wildList.indexOf(symbol) != -1): null

2019-08-23 18:53:02 - [TEST_STEP][PASSED] - if (i == 3 &amp;&amp; wildList.indexOf(symbol) != -1): null

2019-08-23 18:53:02 - [TEST_STEP][PASSED] - if (i == 4 &amp;&amp; wildList.indexOf(symbol) != -1): null

2019-08-23 18:53:02 - [TEST_STEP][PASSED] - symbols = symbols: null

2019-08-23 18:53:02 - [TEST_STEP][PASSED] - for ([j = 0, j &lt; symbols.size(), (j++)]): null

2019-08-23 18:53:02 - [TEST_STEP][PASSED] - symbol = symbol: null

2019-08-23 18:53:02 - [TEST_STEP][PASSED] - println(symbol): null

2019-08-23 18:53:02 - [TEST_STEP][PASSED] - if (i == 2 &amp;&amp; wildList.indexOf(symbol) != -1): null

2019-08-23 18:53:02 - [TEST_STEP][PASSED] - println("wild found on reel 3, adding counter by 1"): null

2019-08-23 18:53:02 - [TEST_STEP][PASSED] - free_spin_reel_counter[0] = free_spin_reel_counter[0] + 1: null

2019-08-23 18:53:02 - [TEST_STEP][PASSED] - if (i == 3 &amp;&amp; wildList.indexOf(symbol) != -1): null

2019-08-23 18:53:02 - [TEST_STEP][PASSED] - if (i == 4 &amp;&amp; wildList.indexOf(symbol) != -1): null

2019-08-23 18:53:02 - [TEST_STEP][PASSED] - symbol = symbol: null

2019-08-23 18:53:02 - [TEST_STEP][PASSED] - println(symbol): null

2019-08-23 18:53:02 - [TEST_STEP][PASSED] - if (i == 2 &amp;&amp; wildList.indexOf(symbol) != -1): null

2019-08-23 18:53:02 - [TEST_STEP][PASSED] - if (i == 3 &amp;&amp; wildList.indexOf(symbol) != -1): null

2019-08-23 18:53:02 - [TEST_STEP][PASSED] - if (i == 4 &amp;&amp; wildList.indexOf(symbol) != -1): null

2019-08-23 18:53:02 - [TEST_STEP][PASSED] - symbol = symbol: null

2019-08-23 18:53:02 - [TEST_STEP][PASSED] - println(symbol): null

2019-08-23 18:53:02 - [TEST_STEP][PASSED] - if (i == 2 &amp;&amp; wildList.indexOf(symbol) != -1): null

2019-08-23 18:53:02 - [TEST_STEP][PASSED] - if (i == 3 &amp;&amp; wildList.indexOf(symbol) != -1): null

2019-08-23 18:53:02 - [TEST_STEP][PASSED] - if (i == 4 &amp;&amp; wildList.indexOf(symbol) != -1): null

2019-08-23 18:53:02 - [TEST_STEP][PASSED] - symbols = symbols: null

2019-08-23 18:53:02 - [TEST_STEP][PASSED] - for ([j = 0, j &lt; symbols.size(), (j++)]): null

2019-08-23 18:53:02 - [TEST_STEP][PASSED] - symbol = symbol: null

2019-08-23 18:53:02 - [TEST_STEP][PASSED] - println(symbol): null

2019-08-23 18:53:02 - [TEST_STEP][PASSED] - if (i == 2 &amp;&amp; wildList.indexOf(symbol) != -1): null

2019-08-23 18:53:02 - [TEST_STEP][PASSED] - if (i == 3 &amp;&amp; wildList.indexOf(symbol) != -1): null

2019-08-23 18:53:02 - [TEST_STEP][PASSED] - if (i == 4 &amp;&amp; wildList.indexOf(symbol) != -1): null

2019-08-23 18:53:02 - [TEST_STEP][PASSED] - symbol = symbol: null

2019-08-23 18:53:02 - [TEST_STEP][PASSED] - println(symbol): null

2019-08-23 18:53:02 - [TEST_STEP][PASSED] - if (i == 2 &amp;&amp; wildList.indexOf(symbol) != -1): null

2019-08-23 18:53:02 - [TEST_STEP][PASSED] - if (i == 3 &amp;&amp; wildList.indexOf(symbol) != -1): null

2019-08-23 18:53:02 - [TEST_STEP][PASSED] - if (i == 4 &amp;&amp; wildList.indexOf(symbol) != -1): null

2019-08-23 18:53:02 - [TEST_STEP][PASSED] - symbol = symbol: null

2019-08-23 18:53:02 - [TEST_STEP][PASSED] - println(symbol): null

2019-08-23 18:53:02 - [TEST_STEP][PASSED] - if (i == 2 &amp;&amp; wildList.indexOf(symbol) != -1): null

2019-08-23 18:53:02 - [TEST_STEP][PASSED] - if (i == 3 &amp;&amp; wildList.indexOf(symbol) != -1): null

2019-08-23 18:53:02 - [TEST_STEP][PASSED] - if (i == 4 &amp;&amp; wildList.indexOf(symbol) != -1): null

2019-08-23 18:53:02 - [TEST_STEP][PASSED] - symbols = symbols: null

2019-08-23 18:53:02 - [TEST_STEP][PASSED] - for ([j = 0, j &lt; symbols.size(), (j++)]): null

2019-08-23 18:53:02 - [TEST_STEP][PASSED] - symbol = symbol: null

2019-08-23 18:53:02 - [TEST_STEP][PASSED] - println(symbol): null

2019-08-23 18:53:02 - [TEST_STEP][PASSED] - if (i == 2 &amp;&amp; wildList.indexOf(symbol) != -1): null

2019-08-23 18:53:02 - [TEST_STEP][PASSED] - if (i == 3 &amp;&amp; wildList.indexOf(symbol) != -1): null

2019-08-23 18:53:02 - [TEST_STEP][PASSED] - if (i == 4 &amp;&amp; wildList.indexOf(symbol) != -1): null

2019-08-23 18:53:02 - [TEST_STEP][PASSED] - symbol = symbol: null

2019-08-23 18:53:02 - [TEST_STEP][PASSED] - println(symbol): null

2019-08-23 18:53:02 - [TEST_STEP][PASSED] - if (i == 2 &amp;&amp; wildList.indexOf(symbol) != -1): null

2019-08-23 18:53:02 - [TEST_STEP][PASSED] - if (i == 3 &amp;&amp; wildList.indexOf(symbol) != -1): null

2019-08-23 18:53:02 - [TEST_STEP][PASSED] - if (i == 4 &amp;&amp; wildList.indexOf(symbol) != -1): null

2019-08-23 18:53:02 - [TEST_STEP][PASSED] - symbol = symbol: null

2019-08-23 18:53:02 - [TEST_STEP][PASSED] - println(symbol): null

2019-08-23 18:53:02 - [TEST_STEP][PASSED] - if (i == 2 &amp;&amp; wildList.indexOf(symbol) != -1): null

2019-08-23 18:53:02 - [TEST_STEP][PASSED] - if (i == 3 &amp;&amp; wildList.indexOf(symbol) != -1): null

2019-08-23 18:53:02 - [TEST_STEP][PASSED] - if (i == 4 &amp;&amp; wildList.indexOf(symbol) != -1): null

2019-08-23 18:53:02 - [TEST_STEP][PASSED] - free_spin_reel_counter = free_spin_reel_counter: null

2019-08-23 18:53:02 - [TEST_STEP][PASSED] - println("reel 3 wild found: " + free_spin_reel_counter[0]): null

2019-08-23 18:53:02 - [TEST_STEP][PASSED] - println("reel 4 wild found: " + free_spin_reel_counter[1]): null

2019-08-23 18:53:02 - [TEST_STEP][PASSED] - println("reel 5 wild found: " + free_spin_reel_counter[2]): null

2019-08-23 18:53:02 - [TEST_STEP][PASSED] - M4_spin_reels = M4_spin_reels: null

2019-08-23 18:53:02 - [TEST_STEP][PASSED] - M4_spin_reels_symbols = symbol: null

2019-08-23 18:53:02 - [TEST_STEP][PASSED] - M4_spin_reels_symbols = M4_spin_reels_symbols: null

2019-08-23 18:53:02 - [TEST_STEP][PASSED] - M4_spin_reel_wins = reel_wins: null

2019-08-23 18:53:02 - [TEST_STEP][PASSED] - M4_spin_reel_wins = M4_spin_reel_wins: null

2019-08-23 18:53:02 - [TEST_STEP][PASSED] - println("GlobalVariable.M4_spin_reel_wins is: " + M4_spin_reel_wins): null

2019-08-23 18:53:02 - [TEST_STEP][PASSED] - M4_spin_total_bonus_win_this_round = total_bonus_win_this_round: null

2019-08-23 18:53:02 - [TEST_STEP][PASSED] - M4_spin_total_bonus_win_this_round = M4_spin_total_bonus_win_this_round: null

2019-08-23 18:53:02 - [TEST_STEP][PASSED] - println("GlobalVariable.M4_spin_total_bonus_win_this_round is: " + M4_spin_total_bonus_win_this_round): null

2019-08-23 18:53:02 - [TEST_STEP][PASSED] - M4_spin_bonus_spin_result = spin_result: null

2019-08-23 18:53:02 - [TEST_STEP][PASSED] - M4_spin_bonus_spin_result = M4_spin_bonus_spin_result: null

2019-08-23 18:53:02 - [MESSAGE][PASSED] - Verify response successfully

2019-08-23 18:53:02 - [MESSAGE][PASSED] - Send request and verify the response successfully

2019-08-23 18:53:02 - [TEST_STEP][PASSED] - if (free_spin_reel_counter[0] &gt;= 1 &amp;&amp; free_spin_reel_counter[1] &gt;= 1 &amp;&amp; free_spin_reel_counter[2] &gt;= 1): null

2019-08-23 18:53:02 - [TEST_STEP][PASSED] - spin_result = sendRequestAndVerify(findTestObject("INT/RGS(M4)/1_M4_spin", ["M4_login_user_id":M4_login_user_id, "rgs_session_token":rgs_session_token, "partner":Partner])): Send request and verify the response successfully

2019-08-23 18:53:02 - [MESSAGE][INFO] - HAR: /Users/eiralee/Katalon_Script/SuperWild/Reports/20190823_184757/INT/superWild_1/20190823_184757/requests/main/86.har

2019-08-23 18:53:02 - [TEST_CASE][PASSED] - Start Test Case : Verification: Verification accomplished successfully

2019-08-23 18:53:02 - [TEST_STEP][PASSED] - request = getInstance().getCurrentRequest(): null

2019-08-23 18:53:02 - [TEST_STEP][PASSED] - response = getInstance().getCurrentResponse(): null

2019-08-23 18:53:02 - [TEST_STEP][PASSED] - verifyResponseStatusCode(response, 200): Verify response status code successfully

2019-08-23 18:53:02 - [MESSAGE][PASSED] - Verify response status code successfully

2019-08-23 18:53:02 - [TEST_STEP][PASSED] - getStatusCode()).isEqualTo(200): null

2019-08-23 18:53:02 - [TEST_STEP][PASSED] - newline = System.getProperty("line.separator"): null

2019-08-23 18:53:02 - [TEST_STEP][PASSED] - M4_spin = new groovy.json.JsonSlurper(): null

2019-08-23 18:53:02 - [TEST_STEP][PASSED] - result_M4_spin = M4_spin.parseText(response.getResponseBodyContent()): null

2019-08-23 18:53:02 - [TEST_STEP][PASSED] - M4_spin_current_balance = current_balance: null

2019-08-23 18:53:02 - [TEST_STEP][PASSED] - M4_spin_current_balance = M4_spin_current_balance: null

2019-08-23 18:53:02 - [TEST_STEP][PASSED] - M4_spin_transaction_id = causality: null

2019-08-23 18:53:02 - [TEST_STEP][PASSED] - M4_spin_transaction_id = M4_spin_transaction_id: null

2019-08-23 18:53:02 - [TEST_STEP][PASSED] - M4_spin_round_id = round_id: null

2019-08-23 18:53:02 - [TEST_STEP][PASSED] - M4_spin_round_id = M4_spin_round_id: null

2019-08-23 18:53:02 - [TEST_STEP][PASSED] - M4_spin_line_wins = line_wins: null

2019-08-23 18:53:02 - [TEST_STEP][PASSED] - M4_spin_line_wins = M4_spin_line_wins: null

2019-08-23 18:53:02 - [TEST_STEP][PASSED] - M4_total_bonus_spins_int = total_bonus_spins: null

2019-08-23 18:53:02 - [TEST_STEP][PASSED] - println("******M4_total_bonus_spins type is:*******" + newline + getClass().getName()): null

2019-08-23 18:53:02 - [TEST_STEP][PASSED] - M4_total_bonus_spins_int = M4_total_bonus_spins_int: null

2019-08-23 18:53:02 - [TEST_STEP][PASSED] - M4_total_bonus_spins = Integer.toString(M4_total_bonus_spins_int): null

2019-08-23 18:53:02 - [TEST_STEP][PASSED] - M4_total_bonus_spins = M4_total_bonus_spins: null

2019-08-23 18:53:02 - [TEST_STEP][PASSED] - println("M4_total_bonus_spins is:" + M4_total_bonus_spins): null

2019-08-23 18:53:02 - [TEST_STEP][PASSED] - M4_spin_bonus_data = bonus_data: null

2019-08-23 18:53:02 - [TEST_STEP][PASSED] - M4_spin_features_triggered = result_M4_spin: null

2019-08-23 18:53:02 - [TEST_STEP][PASSED] - wild = []: null

2019-08-23 18:53:02 - [TEST_STEP][PASSED] - wild[0] = "WILD_Expanding": null

2019-08-23 18:53:02 - [TEST_STEP][PASSED] - wild[1] = "WILD_Normal": null

2019-08-23 18:53:02 - [TEST_STEP][PASSED] - wild[2] = "WILD_Double": null

2019-08-23 18:53:02 - [TEST_STEP][PASSED] - wild[3] = "WILD_ExtraFG": null

2019-08-23 18:53:02 - [TEST_STEP][PASSED] - wild[4] = "WILD_Triple": null

2019-08-23 18:53:02 - [TEST_STEP][PASSED] - wildList = Arrays.asList(wild): null

2019-08-23 18:53:02 - [TEST_STEP][PASSED] - wildList = wildList: null

2019-08-23 18:53:02 - [TEST_STEP][PASSED] - free_spin_reel_counter = []: null

2019-08-23 18:53:02 - [TEST_STEP][PASSED] - free_spin_reel_counter[0] = 0: null

2019-08-23 18:53:02 - [TEST_STEP][PASSED] - free_spin_reel_counter[1] = 0: null

2019-08-23 18:53:02 - [TEST_STEP][PASSED] - free_spin_reel_counter[2] = 0: null

2019-08-23 18:53:02 - [TEST_STEP][PASSED] - M4_spin_reels = reels: null

2019-08-23 18:53:02 - [TEST_STEP][PASSED] - for ([i = 0, i &lt; M4_spin_reels.size(), (i++)]): null

2019-08-23 18:53:02 - [TEST_STEP][PASSED] - symbols = symbols: null

2019-08-23 18:53:02 - [TEST_STEP][PASSED] - for ([j = 0, j &lt; symbols.size(), (j++)]): null

2019-08-23 18:53:02 - [TEST_STEP][PASSED] - symbol = symbol: null

2019-08-23 18:53:02 - [TEST_STEP][PASSED] - println(symbol): null

2019-08-23 18:53:02 - [TEST_STEP][PASSED] - if (i == 2 &amp;&amp; wildList.indexOf(symbol) != -1): null

2019-08-23 18:53:02 - [TEST_STEP][PASSED] - if (i == 3 &amp;&amp; wildList.indexOf(symbol) != -1): null

2019-08-23 18:53:02 - [TEST_STEP][PASSED] - if (i == 4 &amp;&amp; wildList.indexOf(symbol) != -1): null

2019-08-23 18:53:02 - [TEST_STEP][PASSED] - symbol = symbol: null

2019-08-23 18:53:02 - [TEST_STEP][PASSED] - println(symbol): null

2019-08-23 18:53:02 - [TEST_STEP][PASSED] - if (i == 2 &amp;&amp; wildList.indexOf(symbol) != -1): null

2019-08-23 18:53:02 - [TEST_STEP][PASSED] - if (i == 3 &amp;&amp; wildList.indexOf(symbol) != -1): null

2019-08-23 18:53:02 - [TEST_STEP][PASSED] - if (i == 4 &amp;&amp; wildList.indexOf(symbol) != -1): null

2019-08-23 18:53:02 - [TEST_STEP][PASSED] - symbol = symbol: null

2019-08-23 18:53:02 - [TEST_STEP][PASSED] - println(symbol): null

2019-08-23 18:53:02 - [TEST_STEP][PASSED] - if (i == 2 &amp;&amp; wildList.indexOf(symbol) != -1): null

2019-08-23 18:53:02 - [TEST_STEP][PASSED] - if (i == 3 &amp;&amp; wildList.indexOf(symbol) != -1): null

2019-08-23 18:53:02 - [TEST_STEP][PASSED] - if (i == 4 &amp;&amp; wildList.indexOf(symbol) != -1): null

2019-08-23 18:53:02 - [TEST_STEP][PASSED] - symbols = symbols: null

2019-08-23 18:53:02 - [TEST_STEP][PASSED] - for ([j = 0, j &lt; symbols.size(), (j++)]): null

2019-08-23 18:53:02 - [TEST_STEP][PASSED] - symbol = symbol: null

2019-08-23 18:53:02 - [TEST_STEP][PASSED] - println(symbol): null

2019-08-23 18:53:02 - [TEST_STEP][PASSED] - if (i == 2 &amp;&amp; wildList.indexOf(symbol) != -1): null

2019-08-23 18:53:02 - [TEST_STEP][PASSED] - if (i == 3 &amp;&amp; wildList.indexOf(symbol) != -1): null

2019-08-23 18:53:02 - [TEST_STEP][PASSED] - if (i == 4 &amp;&amp; wildList.indexOf(symbol) != -1): null

2019-08-23 18:53:02 - [TEST_STEP][PASSED] - symbol = symbol: null

2019-08-23 18:53:02 - [TEST_STEP][PASSED] - println(symbol): null

2019-08-23 18:53:02 - [TEST_STEP][PASSED] - if (i == 2 &amp;&amp; wildList.indexOf(symbol) != -1): null

2019-08-23 18:53:02 - [TEST_STEP][PASSED] - if (i == 3 &amp;&amp; wildList.indexOf(symbol) != -1): null

2019-08-23 18:53:02 - [TEST_STEP][PASSED] - if (i == 4 &amp;&amp; wildList.indexOf(symbol) != -1): null

2019-08-23 18:53:02 - [TEST_STEP][PASSED] - symbol = symbol: null

2019-08-23 18:53:02 - [TEST_STEP][PASSED] - println(symbol): null

2019-08-23 18:53:02 - [TEST_STEP][PASSED] - if (i == 2 &amp;&amp; wildList.indexOf(symbol) != -1): null

2019-08-23 18:53:02 - [TEST_STEP][PASSED] - if (i == 3 &amp;&amp; wildList.indexOf(symbol) != -1): null

2019-08-23 18:53:02 - [TEST_STEP][PASSED] - if (i == 4 &amp;&amp; wildList.indexOf(symbol) != -1): null

2019-08-23 18:53:02 - [TEST_STEP][PASSED] - symbols = symbols: null

2019-08-23 18:53:02 - [TEST_STEP][PASSED] - for ([j = 0, j &lt; symbols.size(), (j++)]): null

2019-08-23 18:53:02 - [TEST_STEP][PASSED] - symbol = symbol: null

2019-08-23 18:53:02 - [TEST_STEP][PASSED] - println(symbol): null

2019-08-23 18:53:02 - [TEST_STEP][PASSED] - if (i == 2 &amp;&amp; wildList.indexOf(symbol) != -1): null

2019-08-23 18:53:02 - [TEST_STEP][PASSED] - if (i == 3 &amp;&amp; wildList.indexOf(symbol) != -1): null

2019-08-23 18:53:02 - [TEST_STEP][PASSED] - if (i == 4 &amp;&amp; wildList.indexOf(symbol) != -1): null

2019-08-23 18:53:02 - [TEST_STEP][PASSED] - symbol = symbol: null

2019-08-23 18:53:02 - [TEST_STEP][PASSED] - println(symbol): null

2019-08-23 18:53:02 - [TEST_STEP][PASSED] - if (i == 2 &amp;&amp; wildList.indexOf(symbol) != -1): null

2019-08-23 18:53:02 - [TEST_STEP][PASSED] - if (i == 3 &amp;&amp; wildList.indexOf(symbol) != -1): null

2019-08-23 18:53:02 - [TEST_STEP][PASSED] - if (i == 4 &amp;&amp; wildList.indexOf(symbol) != -1): null

2019-08-23 18:53:02 - [TEST_STEP][PASSED] - symbol = symbol: null

2019-08-23 18:53:02 - [TEST_STEP][PASSED] - println(symbol): null

2019-08-23 18:53:02 - [TEST_STEP][PASSED] - if (i == 2 &amp;&amp; wildList.indexOf(symbol) != -1): null

2019-08-23 18:53:02 - [TEST_STEP][PASSED] - if (i == 3 &amp;&amp; wildList.indexOf(symbol) != -1): null

2019-08-23 18:53:02 - [TEST_STEP][PASSED] - if (i == 4 &amp;&amp; wildList.indexOf(symbol) != -1): null

2019-08-23 18:53:02 - [TEST_STEP][PASSED] - symbols = symbols: null

2019-08-23 18:53:02 - [TEST_STEP][PASSED] - for ([j = 0, j &lt; symbols.size(), (j++)]): null

2019-08-23 18:53:02 - [TEST_STEP][PASSED] - symbol = symbol: null

2019-08-23 18:53:02 - [TEST_STEP][PASSED] - println(symbol): null

2019-08-23 18:53:02 - [TEST_STEP][PASSED] - if (i == 2 &amp;&amp; wildList.indexOf(symbol) != -1): null

2019-08-23 18:53:02 - [TEST_STEP][PASSED] - if (i == 3 &amp;&amp; wildList.indexOf(symbol) != -1): null

2019-08-23 18:53:02 - [TEST_STEP][PASSED] - println("wild found on reel 4, adding counter by 1"): null

2019-08-23 18:53:02 - [TEST_STEP][PASSED] - free_spin_reel_counter[1] = free_spin_reel_counter[1] + 1: null

2019-08-23 18:53:02 - [TEST_STEP][PASSED] - if (i == 4 &amp;&amp; wildList.indexOf(symbol) != -1): null

2019-08-23 18:53:02 - [TEST_STEP][PASSED] - symbol = symbol: null

2019-08-23 18:53:02 - [TEST_STEP][PASSED] - println(symbol): null

2019-08-23 18:53:02 - [TEST_STEP][PASSED] - if (i == 2 &amp;&amp; wildList.indexOf(symbol) != -1): null

2019-08-23 18:53:02 - [TEST_STEP][PASSED] - if (i == 3 &amp;&amp; wildList.indexOf(symbol) != -1): null

2019-08-23 18:53:02 - [TEST_STEP][PASSED] - if (i == 4 &amp;&amp; wildList.indexOf(symbol) != -1): null

2019-08-23 18:53:02 - [TEST_STEP][PASSED] - symbol = symbol: null

2019-08-23 18:53:02 - [TEST_STEP][PASSED] - println(symbol): null

2019-08-23 18:53:02 - [TEST_STEP][PASSED] - if (i == 2 &amp;&amp; wildList.indexOf(symbol) != -1): null

2019-08-23 18:53:02 - [TEST_STEP][PASSED] - if (i == 3 &amp;&amp; wildList.indexOf(symbol) != -1): null

2019-08-23 18:53:02 - [TEST_STEP][PASSED] - if (i == 4 &amp;&amp; wildList.indexOf(symbol) != -1): null

2019-08-23 18:53:02 - [TEST_STEP][PASSED] - symbols = symbols: null

2019-08-23 18:53:02 - [TEST_STEP][PASSED] - for ([j = 0, j &lt; symbols.size(), (j++)]): null

2019-08-23 18:53:02 - [TEST_STEP][PASSED] - symbol = symbol: null

2019-08-23 18:53:02 - [TEST_STEP][PASSED] - println(symbol): null

2019-08-23 18:53:02 - [TEST_STEP][PASSED] - if (i == 2 &amp;&amp; wildList.indexOf(symbol) != -1): null

2019-08-23 18:53:02 - [TEST_STEP][PASSED] - if (i == 3 &amp;&amp; wildList.indexOf(symbol) != -1): null

2019-08-23 18:53:02 - [TEST_STEP][PASSED] - if (i == 4 &amp;&amp; wildList.indexOf(symbol) != -1): null

2019-08-23 18:53:02 - [TEST_STEP][PASSED] - symbol = symbol: null

2019-08-23 18:53:02 - [TEST_STEP][PASSED] - println(symbol): null

2019-08-23 18:53:02 - [TEST_STEP][PASSED] - if (i == 2 &amp;&amp; wildList.indexOf(symbol) != -1): null

2019-08-23 18:53:02 - [TEST_STEP][PASSED] - if (i == 3 &amp;&amp; wildList.indexOf(symbol) != -1): null

2019-08-23 18:53:02 - [TEST_STEP][PASSED] - if (i == 4 &amp;&amp; wildList.indexOf(symbol) != -1): null

2019-08-23 18:53:02 - [TEST_STEP][PASSED] - symbol = symbol: null

2019-08-23 18:53:02 - [TEST_STEP][PASSED] - println(symbol): null

2019-08-23 18:53:02 - [TEST_STEP][PASSED] - if (i == 2 &amp;&amp; wildList.indexOf(symbol) != -1): null

2019-08-23 18:53:02 - [TEST_STEP][PASSED] - if (i == 3 &amp;&amp; wildList.indexOf(symbol) != -1): null

2019-08-23 18:53:02 - [TEST_STEP][PASSED] - if (i == 4 &amp;&amp; wildList.indexOf(symbol) != -1): null

2019-08-23 18:53:02 - [TEST_STEP][PASSED] - free_spin_reel_counter = free_spin_reel_counter: null

2019-08-23 18:53:02 - [TEST_STEP][PASSED] - println("reel 3 wild found: " + free_spin_reel_counter[0]): null

2019-08-23 18:53:02 - [TEST_STEP][PASSED] - println("reel 4 wild found: " + free_spin_reel_counter[1]): null

2019-08-23 18:53:02 - [TEST_STEP][PASSED] - println("reel 5 wild found: " + free_spin_reel_counter[2]): null

2019-08-23 18:53:02 - [TEST_STEP][PASSED] - M4_spin_reels = M4_spin_reels: null

2019-08-23 18:53:02 - [TEST_STEP][PASSED] - M4_spin_reels_symbols = symbol: null

2019-08-23 18:53:02 - [TEST_STEP][PASSED] - M4_spin_reels_symbols = M4_spin_reels_symbols: null

2019-08-23 18:53:02 - [TEST_STEP][PASSED] - M4_spin_reel_wins = reel_wins: null

2019-08-23 18:53:02 - [TEST_STEP][PASSED] - M4_spin_reel_wins = M4_spin_reel_wins: null

2019-08-23 18:53:02 - [TEST_STEP][PASSED] - println("GlobalVariable.M4_spin_reel_wins is: " + M4_spin_reel_wins): null

2019-08-23 18:53:02 - [TEST_STEP][PASSED] - M4_spin_total_bonus_win_this_round = total_bonus_win_this_round: null

2019-08-23 18:53:02 - [TEST_STEP][PASSED] - M4_spin_total_bonus_win_this_round = M4_spin_total_bonus_win_this_round: null

2019-08-23 18:53:02 - [TEST_STEP][PASSED] - println("GlobalVariable.M4_spin_total_bonus_win_this_round is: " + M4_spin_total_bonus_win_this_round): null

2019-08-23 18:53:02 - [TEST_STEP][PASSED] - M4_spin_bonus_spin_result = spin_result: null

2019-08-23 18:53:02 - [TEST_STEP][PASSED] - M4_spin_bonus_spin_result = M4_spin_bonus_spin_result: null

2019-08-23 18:53:02 - [MESSAGE][PASSED] - Verify response successfully

2019-08-23 18:53:02 - [MESSAGE][PASSED] - Send request and verify the response successfully

2019-08-23 18:53:02 - [TEST_STEP][PASSED] - if (free_spin_reel_counter[0] &gt;= 1 &amp;&amp; free_spin_reel_counter[1] &gt;= 1 &amp;&amp; free_spin_reel_counter[2] &gt;= 1): null

2019-08-23 18:53:02 - [TEST_STEP][PASSED] - spin_result = sendRequestAndVerify(findTestObject("INT/RGS(M4)/1_M4_spin", ["M4_login_user_id":M4_login_user_id, "rgs_session_token":rgs_session_token, "partner":Partner])): Send request and verify the response successfully

2019-08-23 18:53:03 - [MESSAGE][INFO] - HAR: /Users/eiralee/Katalon_Script/SuperWild/Reports/20190823_184757/INT/superWild_1/20190823_184757/requests/main/87.har

2019-08-23 18:53:03 - [TEST_CASE][PASSED] - Start Test Case : Verification: Verification accomplished successfully

2019-08-23 18:53:03 - [TEST_STEP][PASSED] - request = getInstance().getCurrentRequest(): null

2019-08-23 18:53:03 - [TEST_STEP][PASSED] - response = getInstance().getCurrentResponse(): null

2019-08-23 18:53:03 - [TEST_STEP][PASSED] - verifyResponseStatusCode(response, 200): Verify response status code successfully

2019-08-23 18:53:03 - [MESSAGE][PASSED] - Verify response status code successfully

2019-08-23 18:53:03 - [TEST_STEP][PASSED] - getStatusCode()).isEqualTo(200): null

2019-08-23 18:53:03 - [TEST_STEP][PASSED] - newline = System.getProperty("line.separator"): null

2019-08-23 18:53:03 - [TEST_STEP][PASSED] - M4_spin = new groovy.json.JsonSlurper(): null

2019-08-23 18:53:03 - [TEST_STEP][PASSED] - result_M4_spin = M4_spin.parseText(response.getResponseBodyContent()): null

2019-08-23 18:53:03 - [TEST_STEP][PASSED] - M4_spin_current_balance = current_balance: null

2019-08-23 18:53:03 - [TEST_STEP][PASSED] - M4_spin_current_balance = M4_spin_current_balance: null

2019-08-23 18:53:03 - [TEST_STEP][PASSED] - M4_spin_transaction_id = causality: null

2019-08-23 18:53:03 - [TEST_STEP][PASSED] - M4_spin_transaction_id = M4_spin_transaction_id: null

2019-08-23 18:53:03 - [TEST_STEP][PASSED] - M4_spin_round_id = round_id: null

2019-08-23 18:53:03 - [TEST_STEP][PASSED] - M4_spin_round_id = M4_spin_round_id: null

2019-08-23 18:53:03 - [TEST_STEP][PASSED] - M4_spin_line_wins = line_wins: null

2019-08-23 18:53:03 - [TEST_STEP][PASSED] - M4_spin_line_wins = M4_spin_line_wins: null

2019-08-23 18:53:03 - [TEST_STEP][PASSED] - M4_total_bonus_spins_int = total_bonus_spins: null

2019-08-23 18:53:03 - [TEST_STEP][PASSED] - println("******M4_total_bonus_spins type is:*******" + newline + getClass().getName()): null

2019-08-23 18:53:03 - [TEST_STEP][PASSED] - M4_total_bonus_spins_int = M4_total_bonus_spins_int: null

2019-08-23 18:53:03 - [TEST_STEP][PASSED] - M4_total_bonus_spins = Integer.toString(M4_total_bonus_spins_int): null

2019-08-23 18:53:03 - [TEST_STEP][PASSED] - M4_total_bonus_spins = M4_total_bonus_spins: null

2019-08-23 18:53:03 - [TEST_STEP][PASSED] - println("M4_total_bonus_spins is:" + M4_total_bonus_spins): null

2019-08-23 18:53:03 - [TEST_STEP][PASSED] - M4_spin_bonus_data = bonus_data: null

2019-08-23 18:53:03 - [TEST_STEP][PASSED] - M4_spin_features_triggered = result_M4_spin: null

2019-08-23 18:53:03 - [TEST_STEP][PASSED] - wild = []: null

2019-08-23 18:53:03 - [TEST_STEP][PASSED] - wild[0] = "WILD_Expanding": null

2019-08-23 18:53:03 - [TEST_STEP][PASSED] - wild[1] = "WILD_Normal": null

2019-08-23 18:53:03 - [TEST_STEP][PASSED] - wild[2] = "WILD_Double": null

2019-08-23 18:53:03 - [TEST_STEP][PASSED] - wild[3] = "WILD_ExtraFG": null

2019-08-23 18:53:03 - [TEST_STEP][PASSED] - wild[4] = "WILD_Triple": null

2019-08-23 18:53:03 - [TEST_STEP][PASSED] - wildList = Arrays.asList(wild): null

2019-08-23 18:53:03 - [TEST_STEP][PASSED] - wildList = wildList: null

2019-08-23 18:53:03 - [TEST_STEP][PASSED] - free_spin_reel_counter = []: null

2019-08-23 18:53:03 - [TEST_STEP][PASSED] - free_spin_reel_counter[0] = 0: null

2019-08-23 18:53:03 - [TEST_STEP][PASSED] - free_spin_reel_counter[1] = 0: null

2019-08-23 18:53:03 - [TEST_STEP][PASSED] - free_spin_reel_counter[2] = 0: null

2019-08-23 18:53:03 - [TEST_STEP][PASSED] - M4_spin_reels = reels: null

2019-08-23 18:53:03 - [TEST_STEP][PASSED] - for ([i = 0, i &lt; M4_spin_reels.size(), (i++)]): null

2019-08-23 18:53:03 - [TEST_STEP][PASSED] - symbols = symbols: null

2019-08-23 18:53:03 - [TEST_STEP][PASSED] - for ([j = 0, j &lt; symbols.size(), (j++)]): null

2019-08-23 18:53:03 - [TEST_STEP][PASSED] - symbol = symbol: null

2019-08-23 18:53:03 - [TEST_STEP][PASSED] - println(symbol): null

2019-08-23 18:53:03 - [TEST_STEP][PASSED] - if (i == 2 &amp;&amp; wildList.indexOf(symbol) != -1): null

2019-08-23 18:53:03 - [TEST_STEP][PASSED] - if (i == 3 &amp;&amp; wildList.indexOf(symbol) != -1): null

2019-08-23 18:53:03 - [TEST_STEP][PASSED] - if (i == 4 &amp;&amp; wildList.indexOf(symbol) != -1): null

2019-08-23 18:53:03 - [TEST_STEP][PASSED] - symbol = symbol: null

2019-08-23 18:53:03 - [TEST_STEP][PASSED] - println(symbol): null

2019-08-23 18:53:03 - [TEST_STEP][PASSED] - if (i == 2 &amp;&amp; wildList.indexOf(symbol) != -1): null

2019-08-23 18:53:03 - [TEST_STEP][PASSED] - if (i == 3 &amp;&amp; wildList.indexOf(symbol) != -1): null

2019-08-23 18:53:03 - [TEST_STEP][PASSED] - if (i == 4 &amp;&amp; wildList.indexOf(symbol) != -1): null

2019-08-23 18:53:03 - [TEST_STEP][PASSED] - symbol = symbol: null

2019-08-23 18:53:03 - [TEST_STEP][PASSED] - println(symbol): null

2019-08-23 18:53:03 - [TEST_STEP][PASSED] - if (i == 2 &amp;&amp; wildList.indexOf(symbol) != -1): null

2019-08-23 18:53:03 - [TEST_STEP][PASSED] - if (i == 3 &amp;&amp; wildList.indexOf(symbol) != -1): null

2019-08-23 18:53:03 - [TEST_STEP][PASSED] - if (i == 4 &amp;&amp; wildList.indexOf(symbol) != -1): null

2019-08-23 18:53:03 - [TEST_STEP][PASSED] - symbols = symbols: null

2019-08-23 18:53:03 - [TEST_STEP][PASSED] - for ([j = 0, j &lt; symbols.size(), (j++)]): null

2019-08-23 18:53:03 - [TEST_STEP][PASSED] - symbol = symbol: null

2019-08-23 18:53:03 - [TEST_STEP][PASSED] - println(symbol): null

2019-08-23 18:53:03 - [TEST_STEP][PASSED] - if (i == 2 &amp;&amp; wildList.indexOf(symbol) != -1): null

2019-08-23 18:53:03 - [TEST_STEP][PASSED] - if (i == 3 &amp;&amp; wildList.indexOf(symbol) != -1): null

2019-08-23 18:53:03 - [TEST_STEP][PASSED] - if (i == 4 &amp;&amp; wildList.indexOf(symbol) != -1): null

2019-08-23 18:53:03 - [TEST_STEP][PASSED] - symbol = symbol: null

2019-08-23 18:53:03 - [TEST_STEP][PASSED] - println(symbol): null

2019-08-23 18:53:03 - [TEST_STEP][PASSED] - if (i == 2 &amp;&amp; wildList.indexOf(symbol) != -1): null

2019-08-23 18:53:03 - [TEST_STEP][PASSED] - if (i == 3 &amp;&amp; wildList.indexOf(symbol) != -1): null

2019-08-23 18:53:03 - [TEST_STEP][PASSED] - if (i == 4 &amp;&amp; wildList.indexOf(symbol) != -1): null

2019-08-23 18:53:03 - [TEST_STEP][PASSED] - symbol = symbol: null

2019-08-23 18:53:03 - [TEST_STEP][PASSED] - println(symbol): null

2019-08-23 18:53:03 - [TEST_STEP][PASSED] - if (i == 2 &amp;&amp; wildList.indexOf(symbol) != -1): null

2019-08-23 18:53:03 - [TEST_STEP][PASSED] - if (i == 3 &amp;&amp; wildList.indexOf(symbol) != -1): null

2019-08-23 18:53:03 - [TEST_STEP][PASSED] - if (i == 4 &amp;&amp; wildList.indexOf(symbol) != -1): null

2019-08-23 18:53:03 - [TEST_STEP][PASSED] - symbols = symbols: null

2019-08-23 18:53:03 - [TEST_STEP][PASSED] - for ([j = 0, j &lt; symbols.size(), (j++)]): null

2019-08-23 18:53:03 - [TEST_STEP][PASSED] - symbol = symbol: null

2019-08-23 18:53:03 - [TEST_STEP][PASSED] - println(symbol): null

2019-08-23 18:53:03 - [TEST_STEP][PASSED] - if (i == 2 &amp;&amp; wildList.indexOf(symbol) != -1): null

2019-08-23 18:53:03 - [TEST_STEP][PASSED] - if (i == 3 &amp;&amp; wildList.indexOf(symbol) != -1): null

2019-08-23 18:53:03 - [TEST_STEP][PASSED] - if (i == 4 &amp;&amp; wildList.indexOf(symbol) != -1): null

2019-08-23 18:53:03 - [TEST_STEP][PASSED] - symbol = symbol: null

2019-08-23 18:53:03 - [TEST_STEP][PASSED] - println(symbol): null

2019-08-23 18:53:07 - [TEST_STEP][PASSED] - if (i == 2 &amp;&amp; wildList.indexOf(symbol) != -1): null

2019-08-23 18:53:07 - [TEST_STEP][PASSED] - if (i == 3 &amp;&amp; wildList.indexOf(symbol) != -1): null

2019-08-23 18:53:07 - [TEST_STEP][PASSED] - if (i == 4 &amp;&amp; wildList.indexOf(symbol) != -1): null

2019-08-23 18:53:07 - [TEST_STEP][PASSED] - symbol = symbol: null

2019-08-23 18:53:07 - [TEST_STEP][PASSED] - println(symbol): null

2019-08-23 18:53:07 - [TEST_STEP][PASSED] - if (i == 2 &amp;&amp; wildList.indexOf(symbol) != -1): null

2019-08-23 18:53:07 - [TEST_STEP][PASSED] - if (i == 3 &amp;&amp; wildList.indexOf(symbol) != -1): null

2019-08-23 18:53:07 - [TEST_STEP][PASSED] - if (i == 4 &amp;&amp; wildList.indexOf(symbol) != -1): null

2019-08-23 18:53:07 - [TEST_STEP][PASSED] - symbols = symbols: null

2019-08-23 18:53:07 - [TEST_STEP][PASSED] - for ([j = 0, j &lt; symbols.size(), (j++)]): null

2019-08-23 18:53:12 - [TEST_STEP][PASSED] - symbol = symbol: null

2019-08-23 18:53:12 - [TEST_STEP][PASSED] - println(symbol): null

2019-08-23 18:53:12 - [TEST_STEP][PASSED] - if (i == 2 &amp;&amp; wildList.indexOf(symbol) != -1): null

2019-08-23 18:53:12 - [TEST_STEP][PASSED] - if (i == 3 &amp;&amp; wildList.indexOf(symbol) != -1): null

2019-08-23 18:53:12 - [TEST_STEP][PASSED] - if (i == 4 &amp;&amp; wildList.indexOf(symbol) != -1): null

2019-08-23 18:53:12 - [TEST_STEP][PASSED] - symbol = symbol: null

2019-08-23 18:53:12 - [TEST_STEP][PASSED] - println(symbol): null

2019-08-23 18:53:12 - [TEST_STEP][PASSED] - if (i == 2 &amp;&amp; wildList.indexOf(symbol) != -1): null

2019-08-23 18:53:12 - [TEST_STEP][PASSED] - if (i == 3 &amp;&amp; wildList.indexOf(symbol) != -1): null

2019-08-23 18:53:12 - [TEST_STEP][PASSED] - if (i == 4 &amp;&amp; wildList.indexOf(symbol) != -1): null

2019-08-23 18:53:12 - [TEST_STEP][PASSED] - symbol = symbol: null

2019-08-23 18:53:12 - [TEST_STEP][PASSED] - println(symbol): null

2019-08-23 18:53:12 - [TEST_STEP][PASSED] - if (i == 2 &amp;&amp; wildList.indexOf(symbol) != -1): null

2019-08-23 18:53:12 - [TEST_STEP][PASSED] - if (i == 3 &amp;&amp; wildList.indexOf(symbol) != -1): null

2019-08-23 18:53:12 - [TEST_STEP][PASSED] - if (i == 4 &amp;&amp; wildList.indexOf(symbol) != -1): null

2019-08-23 18:53:12 - [TEST_STEP][PASSED] - symbols = symbols: null

2019-08-23 18:53:12 - [TEST_STEP][PASSED] - for ([j = 0, j &lt; symbols.size(), (j++)]): null

2019-08-23 18:53:12 - [TEST_STEP][PASSED] - symbol = symbol: null

2019-08-23 18:53:12 - [TEST_STEP][PASSED] - println(symbol): null

2019-08-23 18:53:12 - [TEST_STEP][PASSED] - if (i == 2 &amp;&amp; wildList.indexOf(symbol) != -1): null

2019-08-23 18:53:12 - [TEST_STEP][PASSED] - if (i == 3 &amp;&amp; wildList.indexOf(symbol) != -1): null

2019-08-23 18:53:12 - [TEST_STEP][PASSED] - if (i == 4 &amp;&amp; wildList.indexOf(symbol) != -1): null

2019-08-23 18:53:12 - [TEST_STEP][PASSED] - symbol = symbol: null

2019-08-23 18:53:12 - [TEST_STEP][PASSED] - println(symbol): null

2019-08-23 18:53:12 - [TEST_STEP][PASSED] - if (i == 2 &amp;&amp; wildList.indexOf(symbol) != -1): null

2019-08-23 18:53:12 - [TEST_STEP][PASSED] - if (i == 3 &amp;&amp; wildList.indexOf(symbol) != -1): null

2019-08-23 18:53:12 - [TEST_STEP][PASSED] - if (i == 4 &amp;&amp; wildList.indexOf(symbol) != -1): null

2019-08-23 18:53:12 - [TEST_STEP][PASSED] - symbol = symbol: null

2019-08-23 18:53:12 - [TEST_STEP][PASSED] - println(symbol): null

2019-08-23 18:53:12 - [TEST_STEP][PASSED] - if (i == 2 &amp;&amp; wildList.indexOf(symbol) != -1): null

2019-08-23 18:53:12 - [TEST_STEP][PASSED] - if (i == 3 &amp;&amp; wildList.indexOf(symbol) != -1): null

2019-08-23 18:53:12 - [TEST_STEP][PASSED] - if (i == 4 &amp;&amp; wildList.indexOf(symbol) != -1): null

2019-08-23 18:53:12 - [TEST_STEP][PASSED] - println("wild found on reel 5, adding counter by 1"): null

2019-08-23 18:53:12 - [TEST_STEP][PASSED] - free_spin_reel_counter[2] = free_spin_reel_counter[2] + 1: null

2019-08-23 18:53:12 - [TEST_STEP][PASSED] - free_spin_reel_counter = free_spin_reel_counter: null

2019-08-23 18:53:12 - [TEST_STEP][PASSED] - println("reel 3 wild found: " + free_spin_reel_counter[0]): null

2019-08-23 18:53:12 - [TEST_STEP][PASSED] - println("reel 4 wild found: " + free_spin_reel_counter[1]): null

2019-08-23 18:53:12 - [TEST_STEP][PASSED] - println("reel 5 wild found: " + free_spin_reel_counter[2]): null

2019-08-23 18:53:12 - [TEST_STEP][PASSED] - M4_spin_reels = M4_spin_reels: null

2019-08-23 18:53:12 - [TEST_STEP][PASSED] - M4_spin_reels_symbols = symbol: null

2019-08-23 18:53:12 - [TEST_STEP][PASSED] - M4_spin_reels_symbols = M4_spin_reels_symbols: null

2019-08-23 18:53:12 - [TEST_STEP][PASSED] - M4_spin_reel_wins = reel_wins: null

2019-08-23 18:53:12 - [TEST_STEP][PASSED] - M4_spin_reel_wins = M4_spin_reel_wins: null

2019-08-23 18:53:12 - [TEST_STEP][PASSED] - println("GlobalVariable.M4_spin_reel_wins is: " + M4_spin_reel_wins): null

2019-08-23 18:53:12 - [TEST_STEP][PASSED] - M4_spin_total_bonus_win_this_round = total_bonus_win_this_round: null

2019-08-23 18:53:12 - [TEST_STEP][PASSED] - M4_spin_total_bonus_win_this_round = M4_spin_total_bonus_win_this_round: null

2019-08-23 18:53:12 - [TEST_STEP][PASSED] - println("GlobalVariable.M4_spin_total_bonus_win_this_round is: " + M4_spin_total_bonus_win_this_round): null

2019-08-23 18:53:12 - [TEST_STEP][PASSED] - M4_spin_bonus_spin_result = spin_result: null

2019-08-23 18:53:12 - [TEST_STEP][PASSED] - M4_spin_bonus_spin_result = M4_spin_bonus_spin_result: null

2019-08-23 18:53:12 - [MESSAGE][PASSED] - Verify response successfully

2019-08-23 18:53:12 - [MESSAGE][PASSED] - Send request and verify the response successfully

2019-08-23 18:53:12 - [TEST_STEP][PASSED] - if (free_spin_reel_counter[0] &gt;= 1 &amp;&amp; free_spin_reel_counter[1] &gt;= 1 &amp;&amp; free_spin_reel_counter[2] &gt;= 1): null

2019-08-23 18:53:12 - [TEST_STEP][PASSED] - spin_result = sendRequestAndVerify(findTestObject("INT/RGS(M4)/1_M4_spin", ["M4_login_user_id":M4_login_user_id, "rgs_session_token":rgs_session_token, "partner":Partner])): Send request and verify the response successfully

2019-08-23 18:53:13 - [MESSAGE][INFO] - HAR: /Users/eiralee/Katalon_Script/SuperWild/Reports/20190823_184757/INT/superWild_1/20190823_184757/requests/main/88.har

2019-08-23 18:53:13 - [TEST_CASE][PASSED] - Start Test Case : Verification: Verification accomplished successfully

2019-08-23 18:53:13 - [TEST_STEP][PASSED] - request = getInstance().getCurrentRequest(): null

2019-08-23 18:53:13 - [TEST_STEP][PASSED] - response = getInstance().getCurrentResponse(): null

2019-08-23 18:53:13 - [TEST_STEP][PASSED] - verifyResponseStatusCode(response, 200): Verify response status code successfully

2019-08-23 18:53:13 - [MESSAGE][PASSED] - Verify response status code successfully

2019-08-23 18:53:13 - [TEST_STEP][PASSED] - getStatusCode()).isEqualTo(200): null

2019-08-23 18:53:13 - [TEST_STEP][PASSED] - newline = System.getProperty("line.separator"): null

2019-08-23 18:53:13 - [TEST_STEP][PASSED] - M4_spin = new groovy.json.JsonSlurper(): null

2019-08-23 18:53:13 - [TEST_STEP][PASSED] - result_M4_spin = M4_spin.parseText(response.getResponseBodyContent()): null

2019-08-23 18:53:13 - [TEST_STEP][PASSED] - M4_spin_current_balance = current_balance: null

2019-08-23 18:53:13 - [TEST_STEP][PASSED] - M4_spin_current_balance = M4_spin_current_balance: null

2019-08-23 18:53:13 - [TEST_STEP][PASSED] - M4_spin_transaction_id = causality: null

2019-08-23 18:53:13 - [TEST_STEP][PASSED] - M4_spin_transaction_id = M4_spin_transaction_id: null

2019-08-23 18:53:13 - [TEST_STEP][PASSED] - M4_spin_round_id = round_id: null

2019-08-23 18:53:13 - [TEST_STEP][PASSED] - M4_spin_round_id = M4_spin_round_id: null

2019-08-23 18:53:13 - [TEST_STEP][PASSED] - M4_spin_line_wins = line_wins: null

2019-08-23 18:53:13 - [TEST_STEP][PASSED] - M4_spin_line_wins = M4_spin_line_wins: null

2019-08-23 18:53:13 - [TEST_STEP][PASSED] - M4_total_bonus_spins_int = total_bonus_spins: null

2019-08-23 18:53:13 - [TEST_STEP][PASSED] - println("******M4_total_bonus_spins type is:*******" + newline + getClass().getName()): null

2019-08-23 18:53:13 - [TEST_STEP][PASSED] - M4_total_bonus_spins_int = M4_total_bonus_spins_int: null

2019-08-23 18:53:13 - [TEST_STEP][PASSED] - M4_total_bonus_spins = Integer.toString(M4_total_bonus_spins_int): null

2019-08-23 18:53:13 - [TEST_STEP][PASSED] - M4_total_bonus_spins = M4_total_bonus_spins: null

2019-08-23 18:53:13 - [TEST_STEP][PASSED] - println("M4_total_bonus_spins is:" + M4_total_bonus_spins): null

2019-08-23 18:53:13 - [TEST_STEP][PASSED] - M4_spin_bonus_data = bonus_data: null

2019-08-23 18:53:13 - [TEST_STEP][PASSED] - M4_spin_features_triggered = result_M4_spin: null

2019-08-23 18:53:13 - [TEST_STEP][PASSED] - wild = []: null

2019-08-23 18:53:13 - [TEST_STEP][PASSED] - wild[0] = "WILD_Expanding": null

2019-08-23 18:53:13 - [TEST_STEP][PASSED] - wild[1] = "WILD_Normal": null

2019-08-23 18:53:13 - [TEST_STEP][PASSED] - wild[2] = "WILD_Double": null

2019-08-23 18:53:13 - [TEST_STEP][PASSED] - wild[3] = "WILD_ExtraFG": null

2019-08-23 18:53:13 - [TEST_STEP][PASSED] - wild[4] = "WILD_Triple": null

2019-08-23 18:53:13 - [TEST_STEP][PASSED] - wildList = Arrays.asList(wild): null

2019-08-23 18:53:13 - [TEST_STEP][PASSED] - wildList = wildList: null

2019-08-23 18:53:13 - [TEST_STEP][PASSED] - free_spin_reel_counter = []: null

2019-08-23 18:53:13 - [TEST_STEP][PASSED] - free_spin_reel_counter[0] = 0: null

2019-08-23 18:53:13 - [TEST_STEP][PASSED] - free_spin_reel_counter[1] = 0: null

2019-08-23 18:53:13 - [TEST_STEP][PASSED] - free_spin_reel_counter[2] = 0: null

2019-08-23 18:53:13 - [TEST_STEP][PASSED] - M4_spin_reels = reels: null

2019-08-23 18:53:13 - [TEST_STEP][PASSED] - for ([i = 0, i &lt; M4_spin_reels.size(), (i++)]): null

2019-08-23 18:53:13 - [TEST_STEP][PASSED] - symbols = symbols: null

2019-08-23 18:53:13 - [TEST_STEP][PASSED] - for ([j = 0, j &lt; symbols.size(), (j++)]): null

2019-08-23 18:53:13 - [TEST_STEP][PASSED] - symbol = symbol: null

2019-08-23 18:53:13 - [TEST_STEP][PASSED] - println(symbol): null

2019-08-23 18:53:13 - [TEST_STEP][PASSED] - if (i == 2 &amp;&amp; wildList.indexOf(symbol) != -1): null

2019-08-23 18:53:13 - [TEST_STEP][PASSED] - if (i == 3 &amp;&amp; wildList.indexOf(symbol) != -1): null

2019-08-23 18:53:13 - [TEST_STEP][PASSED] - if (i == 4 &amp;&amp; wildList.indexOf(symbol) != -1): null

2019-08-23 18:53:13 - [TEST_STEP][PASSED] - symbol = symbol: null

2019-08-23 18:53:13 - [TEST_STEP][PASSED] - println(symbol): null

2019-08-23 18:53:13 - [TEST_STEP][PASSED] - if (i == 2 &amp;&amp; wildList.indexOf(symbol) != -1): null

2019-08-23 18:53:13 - [TEST_STEP][PASSED] - if (i == 3 &amp;&amp; wildList.indexOf(symbol) != -1): null

2019-08-23 18:53:13 - [TEST_STEP][PASSED] - if (i == 4 &amp;&amp; wildList.indexOf(symbol) != -1): null

2019-08-23 18:53:13 - [TEST_STEP][PASSED] - symbol = symbol: null

2019-08-23 18:53:13 - [TEST_STEP][PASSED] - println(symbol): null

2019-08-23 18:53:13 - [TEST_STEP][PASSED] - if (i == 2 &amp;&amp; wildList.indexOf(symbol) != -1): null

2019-08-23 18:53:13 - [TEST_STEP][PASSED] - if (i == 3 &amp;&amp; wildList.indexOf(symbol) != -1): null

2019-08-23 18:53:13 - [TEST_STEP][PASSED] - if (i == 4 &amp;&amp; wildList.indexOf(symbol) != -1): null

2019-08-23 18:53:13 - [TEST_STEP][PASSED] - symbols = symbols: null

2019-08-23 18:53:13 - [TEST_STEP][PASSED] - for ([j = 0, j &lt; symbols.size(), (j++)]): null

2019-08-23 18:53:13 - [TEST_STEP][PASSED] - symbol = symbol: null

2019-08-23 18:53:13 - [TEST_STEP][PASSED] - println(symbol): null

2019-08-23 18:53:13 - [TEST_STEP][PASSED] - if (i == 2 &amp;&amp; wildList.indexOf(symbol) != -1): null

2019-08-23 18:53:13 - [TEST_STEP][PASSED] - if (i == 3 &amp;&amp; wildList.indexOf(symbol) != -1): null

2019-08-23 18:53:13 - [TEST_STEP][PASSED] - if (i == 4 &amp;&amp; wildList.indexOf(symbol) != -1): null

2019-08-23 18:53:13 - [TEST_STEP][PASSED] - symbol = symbol: null

2019-08-23 18:53:13 - [TEST_STEP][PASSED] - println(symbol): null

2019-08-23 18:53:13 - [TEST_STEP][PASSED] - if (i == 2 &amp;&amp; wildList.indexOf(symbol) != -1): null

2019-08-23 18:53:13 - [TEST_STEP][PASSED] - if (i == 3 &amp;&amp; wildList.indexOf(symbol) != -1): null

2019-08-23 18:53:13 - [TEST_STEP][PASSED] - if (i == 4 &amp;&amp; wildList.indexOf(symbol) != -1): null

2019-08-23 18:53:13 - [TEST_STEP][PASSED] - symbol = symbol: null

2019-08-23 18:53:13 - [TEST_STEP][PASSED] - println(symbol): null

2019-08-23 18:53:13 - [TEST_STEP][PASSED] - if (i == 2 &amp;&amp; wildList.indexOf(symbol) != -1): null

2019-08-23 18:53:13 - [TEST_STEP][PASSED] - if (i == 3 &amp;&amp; wildList.indexOf(symbol) != -1): null

2019-08-23 18:53:13 - [TEST_STEP][PASSED] - if (i == 4 &amp;&amp; wildList.indexOf(symbol) != -1): null

2019-08-23 18:53:13 - [TEST_STEP][PASSED] - symbols = symbols: null

2019-08-23 18:53:13 - [TEST_STEP][PASSED] - for ([j = 0, j &lt; symbols.size(), (j++)]): null

2019-08-23 18:53:13 - [TEST_STEP][PASSED] - symbol = symbol: null

2019-08-23 18:53:13 - [TEST_STEP][PASSED] - println(symbol): null

2019-08-23 18:53:13 - [TEST_STEP][PASSED] - if (i == 2 &amp;&amp; wildList.indexOf(symbol) != -1): null

2019-08-23 18:53:13 - [TEST_STEP][PASSED] - if (i == 3 &amp;&amp; wildList.indexOf(symbol) != -1): null

2019-08-23 18:53:13 - [TEST_STEP][PASSED] - if (i == 4 &amp;&amp; wildList.indexOf(symbol) != -1): null

2019-08-23 18:53:13 - [TEST_STEP][PASSED] - symbol = symbol: null

2019-08-23 18:53:13 - [TEST_STEP][PASSED] - println(symbol): null

2019-08-23 18:53:13 - [TEST_STEP][PASSED] - if (i == 2 &amp;&amp; wildList.indexOf(symbol) != -1): null

2019-08-23 18:53:13 - [TEST_STEP][PASSED] - if (i == 3 &amp;&amp; wildList.indexOf(symbol) != -1): null

2019-08-23 18:53:13 - [TEST_STEP][PASSED] - if (i == 4 &amp;&amp; wildList.indexOf(symbol) != -1): null

2019-08-23 18:53:13 - [TEST_STEP][PASSED] - symbol = symbol: null

2019-08-23 18:53:13 - [TEST_STEP][PASSED] - println(symbol): null

2019-08-23 18:53:13 - [TEST_STEP][PASSED] - if (i == 2 &amp;&amp; wildList.indexOf(symbol) != -1): null

2019-08-23 18:53:13 - [TEST_STEP][PASSED] - if (i == 3 &amp;&amp; wildList.indexOf(symbol) != -1): null

2019-08-23 18:53:13 - [TEST_STEP][PASSED] - if (i == 4 &amp;&amp; wildList.indexOf(symbol) != -1): null

2019-08-23 18:53:13 - [TEST_STEP][PASSED] - symbols = symbols: null

2019-08-23 18:53:13 - [TEST_STEP][PASSED] - for ([j = 0, j &lt; symbols.size(), (j++)]): null

2019-08-23 18:53:13 - [TEST_STEP][PASSED] - symbol = symbol: null

2019-08-23 18:53:13 - [TEST_STEP][PASSED] - println(symbol): null

2019-08-23 18:53:13 - [TEST_STEP][PASSED] - if (i == 2 &amp;&amp; wildList.indexOf(symbol) != -1): null

2019-08-23 18:53:13 - [TEST_STEP][PASSED] - if (i == 3 &amp;&amp; wildList.indexOf(symbol) != -1): null

2019-08-23 18:53:13 - [TEST_STEP][PASSED] - if (i == 4 &amp;&amp; wildList.indexOf(symbol) != -1): null

2019-08-23 18:53:13 - [TEST_STEP][PASSED] - symbol = symbol: null

2019-08-23 18:53:13 - [TEST_STEP][PASSED] - println(symbol): null

2019-08-23 18:53:13 - [TEST_STEP][PASSED] - if (i == 2 &amp;&amp; wildList.indexOf(symbol) != -1): null

2019-08-23 18:53:13 - [TEST_STEP][PASSED] - if (i == 3 &amp;&amp; wildList.indexOf(symbol) != -1): null

2019-08-23 18:53:13 - [TEST_STEP][PASSED] - if (i == 4 &amp;&amp; wildList.indexOf(symbol) != -1): null

2019-08-23 18:53:13 - [TEST_STEP][PASSED] - symbol = symbol: null

2019-08-23 18:53:13 - [TEST_STEP][PASSED] - println(symbol): null

2019-08-23 18:53:13 - [TEST_STEP][PASSED] - if (i == 2 &amp;&amp; wildList.indexOf(symbol) != -1): null

2019-08-23 18:53:13 - [TEST_STEP][PASSED] - if (i == 3 &amp;&amp; wildList.indexOf(symbol) != -1): null

2019-08-23 18:53:13 - [TEST_STEP][PASSED] - if (i == 4 &amp;&amp; wildList.indexOf(symbol) != -1): null

2019-08-23 18:53:13 - [TEST_STEP][PASSED] - symbols = symbols: null

2019-08-23 18:53:13 - [TEST_STEP][PASSED] - for ([j = 0, j &lt; symbols.size(), (j++)]): null

2019-08-23 18:53:13 - [TEST_STEP][PASSED] - symbol = symbol: null

2019-08-23 18:53:13 - [TEST_STEP][PASSED] - println(symbol): null

2019-08-23 18:53:13 - [TEST_STEP][PASSED] - if (i == 2 &amp;&amp; wildList.indexOf(symbol) != -1): null

2019-08-23 18:53:13 - [TEST_STEP][PASSED] - if (i == 3 &amp;&amp; wildList.indexOf(symbol) != -1): null

2019-08-23 18:53:13 - [TEST_STEP][PASSED] - if (i == 4 &amp;&amp; wildList.indexOf(symbol) != -1): null

2019-08-23 18:53:13 - [TEST_STEP][PASSED] - symbol = symbol: null

2019-08-23 18:53:13 - [TEST_STEP][PASSED] - println(symbol): null

2019-08-23 18:53:13 - [TEST_STEP][PASSED] - if (i == 2 &amp;&amp; wildList.indexOf(symbol) != -1): null

2019-08-23 18:53:13 - [TEST_STEP][PASSED] - if (i == 3 &amp;&amp; wildList.indexOf(symbol) != -1): null

2019-08-23 18:53:13 - [TEST_STEP][PASSED] - if (i == 4 &amp;&amp; wildList.indexOf(symbol) != -1): null

2019-08-23 18:53:13 - [TEST_STEP][PASSED] - symbol = symbol: null

2019-08-23 18:53:13 - [TEST_STEP][PASSED] - println(symbol): null

2019-08-23 18:53:13 - [TEST_STEP][PASSED] - if (i == 2 &amp;&amp; wildList.indexOf(symbol) != -1): null

2019-08-23 18:53:13 - [TEST_STEP][PASSED] - if (i == 3 &amp;&amp; wildList.indexOf(symbol) != -1): null

2019-08-23 18:53:13 - [TEST_STEP][PASSED] - if (i == 4 &amp;&amp; wildList.indexOf(symbol) != -1): null

2019-08-23 18:53:13 - [TEST_STEP][PASSED] - free_spin_reel_counter = free_spin_reel_counter: null

2019-08-23 18:53:13 - [TEST_STEP][PASSED] - println("reel 3 wild found: " + free_spin_reel_counter[0]): null

2019-08-23 18:53:13 - [TEST_STEP][PASSED] - println("reel 4 wild found: " + free_spin_reel_counter[1]): null

2019-08-23 18:53:13 - [TEST_STEP][PASSED] - println("reel 5 wild found: " + free_spin_reel_counter[2]): null

2019-08-23 18:53:13 - [TEST_STEP][PASSED] - M4_spin_reels = M4_spin_reels: null

2019-08-23 18:53:13 - [TEST_STEP][PASSED] - M4_spin_reels_symbols = symbol: null

2019-08-23 18:53:13 - [TEST_STEP][PASSED] - M4_spin_reels_symbols = M4_spin_reels_symbols: null

2019-08-23 18:53:13 - [TEST_STEP][PASSED] - M4_spin_reel_wins = reel_wins: null

2019-08-23 18:53:13 - [TEST_STEP][PASSED] - M4_spin_reel_wins = M4_spin_reel_wins: null

2019-08-23 18:53:13 - [TEST_STEP][PASSED] - println("GlobalVariable.M4_spin_reel_wins is: " + M4_spin_reel_wins): null

2019-08-23 18:53:13 - [TEST_STEP][PASSED] - M4_spin_total_bonus_win_this_round = total_bonus_win_this_round: null

2019-08-23 18:53:13 - [TEST_STEP][PASSED] - M4_spin_total_bonus_win_this_round = M4_spin_total_bonus_win_this_round: null

2019-08-23 18:53:13 - [TEST_STEP][PASSED] - println("GlobalVariable.M4_spin_total_bonus_win_this_round is: " + M4_spin_total_bonus_win_this_round): null

2019-08-23 18:53:13 - [TEST_STEP][PASSED] - M4_spin_bonus_spin_result = spin_result: null

2019-08-23 18:53:13 - [TEST_STEP][PASSED] - M4_spin_bonus_spin_result = M4_spin_bonus_spin_result: null

2019-08-23 18:53:13 - [MESSAGE][PASSED] - Verify response successfully

2019-08-23 18:53:13 - [MESSAGE][PASSED] - Send request and verify the response successfully

2019-08-23 18:53:13 - [TEST_STEP][PASSED] - if (free_spin_reel_counter[0] &gt;= 1 &amp;&amp; free_spin_reel_counter[1] &gt;= 1 &amp;&amp; free_spin_reel_counter[2] &gt;= 1): null

2019-08-23 18:53:13 - [TEST_STEP][PASSED] - spin_result = sendRequestAndVerify(findTestObject("INT/RGS(M4)/1_M4_spin", ["M4_login_user_id":M4_login_user_id, "rgs_session_token":rgs_session_token, "partner":Partner])): Send request and verify the response successfully

2019-08-23 18:53:13 - [MESSAGE][INFO] - HAR: /Users/eiralee/Katalon_Script/SuperWild/Reports/20190823_184757/INT/superWild_1/20190823_184757/requests/main/89.har

2019-08-23 18:53:13 - [TEST_CASE][PASSED] - Start Test Case : Verification: Verification accomplished successfully

2019-08-23 18:53:13 - [TEST_STEP][PASSED] - request = getInstance().getCurrentRequest(): null

2019-08-23 18:53:13 - [TEST_STEP][PASSED] - response = getInstance().getCurrentResponse(): null

2019-08-23 18:53:13 - [TEST_STEP][PASSED] - verifyResponseStatusCode(response, 200): Verify response status code successfully

2019-08-23 18:53:13 - [MESSAGE][PASSED] - Verify response status code successfully

2019-08-23 18:53:13 - [TEST_STEP][PASSED] - getStatusCode()).isEqualTo(200): null

2019-08-23 18:53:13 - [TEST_STEP][PASSED] - newline = System.getProperty("line.separator"): null

2019-08-23 18:53:13 - [TEST_STEP][PASSED] - M4_spin = new groovy.json.JsonSlurper(): null

2019-08-23 18:53:13 - [TEST_STEP][PASSED] - result_M4_spin = M4_spin.parseText(response.getResponseBodyContent()): null

2019-08-23 18:53:13 - [TEST_STEP][PASSED] - M4_spin_current_balance = current_balance: null

2019-08-23 18:53:13 - [TEST_STEP][PASSED] - M4_spin_current_balance = M4_spin_current_balance: null

2019-08-23 18:53:13 - [TEST_STEP][PASSED] - M4_spin_transaction_id = causality: null

2019-08-23 18:53:13 - [TEST_STEP][PASSED] - M4_spin_transaction_id = M4_spin_transaction_id: null

2019-08-23 18:53:13 - [TEST_STEP][PASSED] - M4_spin_round_id = round_id: null

2019-08-23 18:53:13 - [TEST_STEP][PASSED] - M4_spin_round_id = M4_spin_round_id: null

2019-08-23 18:53:13 - [TEST_STEP][PASSED] - M4_spin_line_wins = line_wins: null

2019-08-23 18:53:13 - [TEST_STEP][PASSED] - M4_spin_line_wins = M4_spin_line_wins: null

2019-08-23 18:53:13 - [TEST_STEP][PASSED] - M4_total_bonus_spins_int = total_bonus_spins: null

2019-08-23 18:53:13 - [TEST_STEP][PASSED] - println("******M4_total_bonus_spins type is:*******" + newline + getClass().getName()): null

2019-08-23 18:53:13 - [TEST_STEP][PASSED] - M4_total_bonus_spins_int = M4_total_bonus_spins_int: null

2019-08-23 18:53:13 - [TEST_STEP][PASSED] - M4_total_bonus_spins = Integer.toString(M4_total_bonus_spins_int): null

2019-08-23 18:53:13 - [TEST_STEP][PASSED] - M4_total_bonus_spins = M4_total_bonus_spins: null

2019-08-23 18:53:13 - [TEST_STEP][PASSED] - println("M4_total_bonus_spins is:" + M4_total_bonus_spins): null

2019-08-23 18:53:13 - [TEST_STEP][PASSED] - M4_spin_bonus_data = bonus_data: null

2019-08-23 18:53:13 - [TEST_STEP][PASSED] - M4_spin_features_triggered = result_M4_spin: null

2019-08-23 18:53:13 - [TEST_STEP][PASSED] - wild = []: null

2019-08-23 18:53:13 - [TEST_STEP][PASSED] - wild[0] = "WILD_Expanding": null

2019-08-23 18:53:13 - [TEST_STEP][PASSED] - wild[1] = "WILD_Normal": null

2019-08-23 18:53:13 - [TEST_STEP][PASSED] - wild[2] = "WILD_Double": null

2019-08-23 18:53:13 - [TEST_STEP][PASSED] - wild[3] = "WILD_ExtraFG": null

2019-08-23 18:53:13 - [TEST_STEP][PASSED] - wild[4] = "WILD_Triple": null

2019-08-23 18:53:13 - [TEST_STEP][PASSED] - wildList = Arrays.asList(wild): null

2019-08-23 18:53:13 - [TEST_STEP][PASSED] - wildList = wildList: null

2019-08-23 18:53:13 - [TEST_STEP][PASSED] - free_spin_reel_counter = []: null

2019-08-23 18:53:13 - [TEST_STEP][PASSED] - free_spin_reel_counter[0] = 0: null

2019-08-23 18:53:13 - [TEST_STEP][PASSED] - free_spin_reel_counter[1] = 0: null

2019-08-23 18:53:13 - [TEST_STEP][PASSED] - free_spin_reel_counter[2] = 0: null

2019-08-23 18:53:13 - [TEST_STEP][PASSED] - M4_spin_reels = reels: null

2019-08-23 18:53:13 - [TEST_STEP][PASSED] - for ([i = 0, i &lt; M4_spin_reels.size(), (i++)]): null

2019-08-23 18:53:13 - [TEST_STEP][PASSED] - symbols = symbols: null

2019-08-23 18:53:13 - [TEST_STEP][PASSED] - for ([j = 0, j &lt; symbols.size(), (j++)]): null

2019-08-23 18:53:13 - [TEST_STEP][PASSED] - symbol = symbol: null

2019-08-23 18:53:13 - [TEST_STEP][PASSED] - println(symbol): null

2019-08-23 18:53:13 - [TEST_STEP][PASSED] - if (i == 2 &amp;&amp; wildList.indexOf(symbol) != -1): null

2019-08-23 18:53:13 - [TEST_STEP][PASSED] - if (i == 3 &amp;&amp; wildList.indexOf(symbol) != -1): null

2019-08-23 18:53:13 - [TEST_STEP][PASSED] - if (i == 4 &amp;&amp; wildList.indexOf(symbol) != -1): null

2019-08-23 18:53:13 - [TEST_STEP][PASSED] - symbol = symbol: null

2019-08-23 18:53:13 - [TEST_STEP][PASSED] - println(symbol): null

2019-08-23 18:53:13 - [TEST_STEP][PASSED] - if (i == 2 &amp;&amp; wildList.indexOf(symbol) != -1): null

2019-08-23 18:53:13 - [TEST_STEP][PASSED] - if (i == 3 &amp;&amp; wildList.indexOf(symbol) != -1): null

2019-08-23 18:53:13 - [TEST_STEP][PASSED] - if (i == 4 &amp;&amp; wildList.indexOf(symbol) != -1): null

2019-08-23 18:53:13 - [TEST_STEP][PASSED] - symbol = symbol: null

2019-08-23 18:53:13 - [TEST_STEP][PASSED] - println(symbol): null

2019-08-23 18:53:13 - [TEST_STEP][PASSED] - if (i == 2 &amp;&amp; wildList.indexOf(symbol) != -1): null

2019-08-23 18:53:13 - [TEST_STEP][PASSED] - if (i == 3 &amp;&amp; wildList.indexOf(symbol) != -1): null

2019-08-23 18:53:13 - [TEST_STEP][PASSED] - if (i == 4 &amp;&amp; wildList.indexOf(symbol) != -1): null

2019-08-23 18:53:13 - [TEST_STEP][PASSED] - symbols = symbols: null

2019-08-23 18:53:13 - [TEST_STEP][PASSED] - for ([j = 0, j &lt; symbols.size(), (j++)]): null

2019-08-23 18:53:13 - [TEST_STEP][PASSED] - symbol = symbol: null

2019-08-23 18:53:13 - [TEST_STEP][PASSED] - println(symbol): null

2019-08-23 18:53:13 - [TEST_STEP][PASSED] - if (i == 2 &amp;&amp; wildList.indexOf(symbol) != -1): null

2019-08-23 18:53:13 - [TEST_STEP][PASSED] - if (i == 3 &amp;&amp; wildList.indexOf(symbol) != -1): null

2019-08-23 18:53:13 - [TEST_STEP][PASSED] - if (i == 4 &amp;&amp; wildList.indexOf(symbol) != -1): null

2019-08-23 18:53:13 - [TEST_STEP][PASSED] - symbol = symbol: null

2019-08-23 18:53:13 - [TEST_STEP][PASSED] - println(symbol): null

2019-08-23 18:53:13 - [TEST_STEP][PASSED] - if (i == 2 &amp;&amp; wildList.indexOf(symbol) != -1): null

2019-08-23 18:53:13 - [TEST_STEP][PASSED] - if (i == 3 &amp;&amp; wildList.indexOf(symbol) != -1): null

2019-08-23 18:53:13 - [TEST_STEP][PASSED] - if (i == 4 &amp;&amp; wildList.indexOf(symbol) != -1): null

2019-08-23 18:53:13 - [TEST_STEP][PASSED] - symbol = symbol: null

2019-08-23 18:53:13 - [TEST_STEP][PASSED] - println(symbol): null

2019-08-23 18:53:13 - [TEST_STEP][PASSED] - if (i == 2 &amp;&amp; wildList.indexOf(symbol) != -1): null

2019-08-23 18:53:13 - [TEST_STEP][PASSED] - if (i == 3 &amp;&amp; wildList.indexOf(symbol) != -1): null

2019-08-23 18:53:13 - [TEST_STEP][PASSED] - if (i == 4 &amp;&amp; wildList.indexOf(symbol) != -1): null

2019-08-23 18:53:13 - [TEST_STEP][PASSED] - symbols = symbols: null

2019-08-23 18:53:13 - [TEST_STEP][PASSED] - for ([j = 0, j &lt; symbols.size(), (j++)]): null

2019-08-23 18:53:13 - [TEST_STEP][PASSED] - symbol = symbol: null

2019-08-23 18:53:13 - [TEST_STEP][PASSED] - println(symbol): null

2019-08-23 18:53:13 - [TEST_STEP][PASSED] - if (i == 2 &amp;&amp; wildList.indexOf(symbol) != -1): null

2019-08-23 18:53:13 - [TEST_STEP][PASSED] - if (i == 3 &amp;&amp; wildList.indexOf(symbol) != -1): null

2019-08-23 18:53:13 - [TEST_STEP][PASSED] - if (i == 4 &amp;&amp; wildList.indexOf(symbol) != -1): null

2019-08-23 18:53:13 - [TEST_STEP][PASSED] - symbol = symbol: null

2019-08-23 18:53:13 - [TEST_STEP][PASSED] - println(symbol): null

2019-08-23 18:53:13 - [TEST_STEP][PASSED] - if (i == 2 &amp;&amp; wildList.indexOf(symbol) != -1): null

2019-08-23 18:53:13 - [TEST_STEP][PASSED] - if (i == 3 &amp;&amp; wildList.indexOf(symbol) != -1): null

2019-08-23 18:53:13 - [TEST_STEP][PASSED] - if (i == 4 &amp;&amp; wildList.indexOf(symbol) != -1): null

2019-08-23 18:53:13 - [TEST_STEP][PASSED] - symbol = symbol: null

2019-08-23 18:53:13 - [TEST_STEP][PASSED] - println(symbol): null

2019-08-23 18:53:13 - [TEST_STEP][PASSED] - if (i == 2 &amp;&amp; wildList.indexOf(symbol) != -1): null

2019-08-23 18:53:13 - [TEST_STEP][PASSED] - if (i == 3 &amp;&amp; wildList.indexOf(symbol) != -1): null

2019-08-23 18:53:13 - [TEST_STEP][PASSED] - if (i == 4 &amp;&amp; wildList.indexOf(symbol) != -1): null

2019-08-23 18:53:13 - [TEST_STEP][PASSED] - symbols = symbols: null

2019-08-23 18:53:13 - [TEST_STEP][PASSED] - for ([j = 0, j &lt; symbols.size(), (j++)]): null

2019-08-23 18:53:13 - [TEST_STEP][PASSED] - symbol = symbol: null

2019-08-23 18:53:13 - [TEST_STEP][PASSED] - println(symbol): null

2019-08-23 18:53:13 - [TEST_STEP][PASSED] - if (i == 2 &amp;&amp; wildList.indexOf(symbol) != -1): null

2019-08-23 18:53:13 - [TEST_STEP][PASSED] - if (i == 3 &amp;&amp; wildList.indexOf(symbol) != -1): null

2019-08-23 18:53:13 - [TEST_STEP][PASSED] - if (i == 4 &amp;&amp; wildList.indexOf(symbol) != -1): null

2019-08-23 18:53:13 - [TEST_STEP][PASSED] - symbol = symbol: null

2019-08-23 18:53:13 - [TEST_STEP][PASSED] - println(symbol): null

2019-08-23 18:53:13 - [TEST_STEP][PASSED] - if (i == 2 &amp;&amp; wildList.indexOf(symbol) != -1): null

2019-08-23 18:53:13 - [TEST_STEP][PASSED] - if (i == 3 &amp;&amp; wildList.indexOf(symbol) != -1): null

2019-08-23 18:53:13 - [TEST_STEP][PASSED] - if (i == 4 &amp;&amp; wildList.indexOf(symbol) != -1): null

2019-08-23 18:53:13 - [TEST_STEP][PASSED] - symbol = symbol: null

2019-08-23 18:53:13 - [TEST_STEP][PASSED] - println(symbol): null

2019-08-23 18:53:13 - [TEST_STEP][PASSED] - if (i == 2 &amp;&amp; wildList.indexOf(symbol) != -1): null

2019-08-23 18:53:13 - [TEST_STEP][PASSED] - if (i == 3 &amp;&amp; wildList.indexOf(symbol) != -1): null

2019-08-23 18:53:13 - [TEST_STEP][PASSED] - println("wild found on reel 4, adding counter by 1"): null

2019-08-23 18:53:13 - [TEST_STEP][PASSED] - free_spin_reel_counter[1] = free_spin_reel_counter[1] + 1: null

2019-08-23 18:53:13 - [TEST_STEP][PASSED] - if (i == 4 &amp;&amp; wildList.indexOf(symbol) != -1): null

2019-08-23 18:53:13 - [TEST_STEP][PASSED] - symbols = symbols: null

2019-08-23 18:53:13 - [TEST_STEP][PASSED] - for ([j = 0, j &lt; symbols.size(), (j++)]): null

2019-08-23 18:53:13 - [TEST_STEP][PASSED] - symbol = symbol: null

2019-08-23 18:53:13 - [TEST_STEP][PASSED] - println(symbol): null

2019-08-23 18:53:13 - [TEST_STEP][PASSED] - if (i == 2 &amp;&amp; wildList.indexOf(symbol) != -1): null

2019-08-23 18:53:13 - [TEST_STEP][PASSED] - if (i == 3 &amp;&amp; wildList.indexOf(symbol) != -1): null

2019-08-23 18:53:13 - [TEST_STEP][PASSED] - if (i == 4 &amp;&amp; wildList.indexOf(symbol) != -1): null

2019-08-23 18:53:13 - [TEST_STEP][PASSED] - symbol = symbol: null

2019-08-23 18:53:13 - [TEST_STEP][PASSED] - println(symbol): null

2019-08-23 18:53:13 - [TEST_STEP][PASSED] - if (i == 2 &amp;&amp; wildList.indexOf(symbol) != -1): null

2019-08-23 18:53:13 - [TEST_STEP][PASSED] - if (i == 3 &amp;&amp; wildList.indexOf(symbol) != -1): null

2019-08-23 18:53:13 - [TEST_STEP][PASSED] - if (i == 4 &amp;&amp; wildList.indexOf(symbol) != -1): null

2019-08-23 18:53:13 - [TEST_STEP][PASSED] - symbol = symbol: null

2019-08-23 18:53:13 - [TEST_STEP][PASSED] - println(symbol): null

2019-08-23 18:53:13 - [TEST_STEP][PASSED] - if (i == 2 &amp;&amp; wildList.indexOf(symbol) != -1): null

2019-08-23 18:53:13 - [TEST_STEP][PASSED] - if (i == 3 &amp;&amp; wildList.indexOf(symbol) != -1): null

2019-08-23 18:53:13 - [TEST_STEP][PASSED] - if (i == 4 &amp;&amp; wildList.indexOf(symbol) != -1): null

2019-08-23 18:53:15 - [TEST_STEP][PASSED] - free_spin_reel_counter = free_spin_reel_counter: null

2019-08-23 18:53:15 - [TEST_STEP][PASSED] - println("reel 3 wild found: " + free_spin_reel_counter[0]): null

2019-08-23 18:53:15 - [TEST_STEP][PASSED] - println("reel 4 wild found: " + free_spin_reel_counter[1]): null

2019-08-23 18:53:15 - [TEST_STEP][PASSED] - println("reel 5 wild found: " + free_spin_reel_counter[2]): null

2019-08-23 18:53:15 - [TEST_STEP][PASSED] - M4_spin_reels = M4_spin_reels: null

2019-08-23 18:53:15 - [TEST_STEP][PASSED] - M4_spin_reels_symbols = symbol: null

2019-08-23 18:53:15 - [TEST_STEP][PASSED] - M4_spin_reels_symbols = M4_spin_reels_symbols: null

2019-08-23 18:53:15 - [TEST_STEP][PASSED] - M4_spin_reel_wins = reel_wins: null

2019-08-23 18:53:15 - [TEST_STEP][PASSED] - M4_spin_reel_wins = M4_spin_reel_wins: null

2019-08-23 18:53:15 - [TEST_STEP][PASSED] - println("GlobalVariable.M4_spin_reel_wins is: " + M4_spin_reel_wins): null

2019-08-23 18:53:15 - [TEST_STEP][PASSED] - M4_spin_total_bonus_win_this_round = total_bonus_win_this_round: null

2019-08-23 18:53:15 - [TEST_STEP][PASSED] - M4_spin_total_bonus_win_this_round = M4_spin_total_bonus_win_this_round: null

2019-08-23 18:53:15 - [TEST_STEP][PASSED] - println("GlobalVariable.M4_spin_total_bonus_win_this_round is: " + M4_spin_total_bonus_win_this_round): null

2019-08-23 18:53:15 - [TEST_STEP][PASSED] - M4_spin_bonus_spin_result = spin_result: null

2019-08-23 18:53:15 - [TEST_STEP][PASSED] - M4_spin_bonus_spin_result = M4_spin_bonus_spin_result: null

2019-08-23 18:53:15 - [MESSAGE][PASSED] - Verify response successfully

2019-08-23 18:53:15 - [MESSAGE][PASSED] - Send request and verify the response successfully

2019-08-23 18:53:15 - [TEST_STEP][PASSED] - if (free_spin_reel_counter[0] &gt;= 1 &amp;&amp; free_spin_reel_counter[1] &gt;= 1 &amp;&amp; free_spin_reel_counter[2] &gt;= 1): null

2019-08-23 18:53:15 - [TEST_STEP][PASSED] - spin_result = sendRequestAndVerify(findTestObject("INT/RGS(M4)/1_M4_spin", ["M4_login_user_id":M4_login_user_id, "rgs_session_token":rgs_session_token, "partner":Partner])): Send request and verify the response successfully

2019-08-23 18:53:16 - [MESSAGE][INFO] - HAR: /Users/eiralee/Katalon_Script/SuperWild/Reports/20190823_184757/INT/superWild_1/20190823_184757/requests/main/90.har

2019-08-23 18:53:16 - [TEST_CASE][PASSED] - Start Test Case : Verification: Verification accomplished successfully

2019-08-23 18:53:16 - [TEST_STEP][PASSED] - request = getInstance().getCurrentRequest(): null

2019-08-23 18:53:16 - [TEST_STEP][PASSED] - response = getInstance().getCurrentResponse(): null

2019-08-23 18:53:16 - [TEST_STEP][PASSED] - verifyResponseStatusCode(response, 200): Verify response status code successfully

2019-08-23 18:53:16 - [MESSAGE][PASSED] - Verify response status code successfully

2019-08-23 18:53:16 - [TEST_STEP][PASSED] - getStatusCode()).isEqualTo(200): null

2019-08-23 18:53:16 - [TEST_STEP][PASSED] - newline = System.getProperty("line.separator"): null

2019-08-23 18:53:16 - [TEST_STEP][PASSED] - M4_spin = new groovy.json.JsonSlurper(): null

2019-08-23 18:53:16 - [TEST_STEP][PASSED] - result_M4_spin = M4_spin.parseText(response.getResponseBodyContent()): null

2019-08-23 18:53:16 - [TEST_STEP][PASSED] - M4_spin_current_balance = current_balance: null

2019-08-23 18:53:16 - [TEST_STEP][PASSED] - M4_spin_current_balance = M4_spin_current_balance: null

2019-08-23 18:53:16 - [TEST_STEP][PASSED] - M4_spin_transaction_id = causality: null

2019-08-23 18:53:16 - [TEST_STEP][PASSED] - M4_spin_transaction_id = M4_spin_transaction_id: null

2019-08-23 18:53:16 - [TEST_STEP][PASSED] - M4_spin_round_id = round_id: null

2019-08-23 18:53:16 - [TEST_STEP][PASSED] - M4_spin_round_id = M4_spin_round_id: null

2019-08-23 18:53:16 - [TEST_STEP][PASSED] - M4_spin_line_wins = line_wins: null

2019-08-23 18:53:16 - [TEST_STEP][PASSED] - M4_spin_line_wins = M4_spin_line_wins: null

2019-08-23 18:53:16 - [TEST_STEP][PASSED] - M4_total_bonus_spins_int = total_bonus_spins: null

2019-08-23 18:53:16 - [TEST_STEP][PASSED] - println("******M4_total_bonus_spins type is:*******" + newline + getClass().getName()): null

2019-08-23 18:53:16 - [TEST_STEP][PASSED] - M4_total_bonus_spins_int = M4_total_bonus_spins_int: null

2019-08-23 18:53:16 - [TEST_STEP][PASSED] - M4_total_bonus_spins = Integer.toString(M4_total_bonus_spins_int): null

2019-08-23 18:53:16 - [TEST_STEP][PASSED] - M4_total_bonus_spins = M4_total_bonus_spins: null

2019-08-23 18:53:16 - [TEST_STEP][PASSED] - println("M4_total_bonus_spins is:" + M4_total_bonus_spins): null

2019-08-23 18:53:16 - [TEST_STEP][PASSED] - M4_spin_bonus_data = bonus_data: null

2019-08-23 18:53:16 - [TEST_STEP][PASSED] - M4_spin_features_triggered = result_M4_spin: null

2019-08-23 18:53:16 - [TEST_STEP][PASSED] - wild = []: null

2019-08-23 18:53:16 - [TEST_STEP][PASSED] - wild[0] = "WILD_Expanding": null

2019-08-23 18:53:16 - [TEST_STEP][PASSED] - wild[1] = "WILD_Normal": null

2019-08-23 18:53:16 - [TEST_STEP][PASSED] - wild[2] = "WILD_Double": null

2019-08-23 18:53:16 - [TEST_STEP][PASSED] - wild[3] = "WILD_ExtraFG": null

2019-08-23 18:53:16 - [TEST_STEP][PASSED] - wild[4] = "WILD_Triple": null

2019-08-23 18:53:16 - [TEST_STEP][PASSED] - wildList = Arrays.asList(wild): null

2019-08-23 18:53:16 - [TEST_STEP][PASSED] - wildList = wildList: null

2019-08-23 18:53:16 - [TEST_STEP][PASSED] - free_spin_reel_counter = []: null

2019-08-23 18:53:16 - [TEST_STEP][PASSED] - free_spin_reel_counter[0] = 0: null

2019-08-23 18:53:16 - [TEST_STEP][PASSED] - free_spin_reel_counter[1] = 0: null

2019-08-23 18:53:16 - [TEST_STEP][PASSED] - free_spin_reel_counter[2] = 0: null

2019-08-23 18:53:16 - [TEST_STEP][PASSED] - M4_spin_reels = reels: null

2019-08-23 18:53:16 - [TEST_STEP][PASSED] - for ([i = 0, i &lt; M4_spin_reels.size(), (i++)]): null

2019-08-23 18:53:16 - [TEST_STEP][PASSED] - symbols = symbols: null

2019-08-23 18:53:16 - [TEST_STEP][PASSED] - for ([j = 0, j &lt; symbols.size(), (j++)]): null

2019-08-23 18:53:16 - [TEST_STEP][PASSED] - symbol = symbol: null

2019-08-23 18:53:16 - [TEST_STEP][PASSED] - println(symbol): null

2019-08-23 18:53:16 - [TEST_STEP][PASSED] - if (i == 2 &amp;&amp; wildList.indexOf(symbol) != -1): null

2019-08-23 18:53:16 - [TEST_STEP][PASSED] - if (i == 3 &amp;&amp; wildList.indexOf(symbol) != -1): null

2019-08-23 18:53:16 - [TEST_STEP][PASSED] - if (i == 4 &amp;&amp; wildList.indexOf(symbol) != -1): null

2019-08-23 18:53:16 - [TEST_STEP][PASSED] - symbol = symbol: null

2019-08-23 18:53:16 - [TEST_STEP][PASSED] - println(symbol): null

2019-08-23 18:53:16 - [TEST_STEP][PASSED] - if (i == 2 &amp;&amp; wildList.indexOf(symbol) != -1): null

2019-08-23 18:53:16 - [TEST_STEP][PASSED] - if (i == 3 &amp;&amp; wildList.indexOf(symbol) != -1): null

2019-08-23 18:53:16 - [TEST_STEP][PASSED] - if (i == 4 &amp;&amp; wildList.indexOf(symbol) != -1): null

2019-08-23 18:53:16 - [TEST_STEP][PASSED] - symbol = symbol: null

2019-08-23 18:53:16 - [TEST_STEP][PASSED] - println(symbol): null

2019-08-23 18:53:16 - [TEST_STEP][PASSED] - if (i == 2 &amp;&amp; wildList.indexOf(symbol) != -1): null

2019-08-23 18:53:16 - [TEST_STEP][PASSED] - if (i == 3 &amp;&amp; wildList.indexOf(symbol) != -1): null

2019-08-23 18:53:16 - [TEST_STEP][PASSED] - if (i == 4 &amp;&amp; wildList.indexOf(symbol) != -1): null

2019-08-23 18:53:16 - [TEST_STEP][PASSED] - symbols = symbols: null

2019-08-23 18:53:16 - [TEST_STEP][PASSED] - for ([j = 0, j &lt; symbols.size(), (j++)]): null

2019-08-23 18:53:16 - [TEST_STEP][PASSED] - symbol = symbol: null

2019-08-23 18:53:16 - [TEST_STEP][PASSED] - println(symbol): null

2019-08-23 18:53:16 - [TEST_STEP][PASSED] - if (i == 2 &amp;&amp; wildList.indexOf(symbol) != -1): null

2019-08-23 18:53:16 - [TEST_STEP][PASSED] - if (i == 3 &amp;&amp; wildList.indexOf(symbol) != -1): null

2019-08-23 18:53:16 - [TEST_STEP][PASSED] - if (i == 4 &amp;&amp; wildList.indexOf(symbol) != -1): null

2019-08-23 18:53:16 - [TEST_STEP][PASSED] - symbol = symbol: null

2019-08-23 18:53:16 - [TEST_STEP][PASSED] - println(symbol): null

2019-08-23 18:53:16 - [TEST_STEP][PASSED] - if (i == 2 &amp;&amp; wildList.indexOf(symbol) != -1): null

2019-08-23 18:53:16 - [TEST_STEP][PASSED] - if (i == 3 &amp;&amp; wildList.indexOf(symbol) != -1): null

2019-08-23 18:53:16 - [TEST_STEP][PASSED] - if (i == 4 &amp;&amp; wildList.indexOf(symbol) != -1): null

2019-08-23 18:53:16 - [TEST_STEP][PASSED] - symbol = symbol: null

2019-08-23 18:53:16 - [TEST_STEP][PASSED] - println(symbol): null

2019-08-23 18:53:16 - [TEST_STEP][PASSED] - if (i == 2 &amp;&amp; wildList.indexOf(symbol) != -1): null

2019-08-23 18:53:16 - [TEST_STEP][PASSED] - if (i == 3 &amp;&amp; wildList.indexOf(symbol) != -1): null

2019-08-23 18:53:16 - [TEST_STEP][PASSED] - if (i == 4 &amp;&amp; wildList.indexOf(symbol) != -1): null

2019-08-23 18:53:16 - [TEST_STEP][PASSED] - symbols = symbols: null

2019-08-23 18:53:16 - [TEST_STEP][PASSED] - for ([j = 0, j &lt; symbols.size(), (j++)]): null

2019-08-23 18:53:16 - [TEST_STEP][PASSED] - symbol = symbol: null

2019-08-23 18:53:16 - [TEST_STEP][PASSED] - println(symbol): null

2019-08-23 18:53:16 - [TEST_STEP][PASSED] - if (i == 2 &amp;&amp; wildList.indexOf(symbol) != -1): null

2019-08-23 18:53:16 - [TEST_STEP][PASSED] - if (i == 3 &amp;&amp; wildList.indexOf(symbol) != -1): null

2019-08-23 18:53:16 - [TEST_STEP][PASSED] - if (i == 4 &amp;&amp; wildList.indexOf(symbol) != -1): null

2019-08-23 18:53:16 - [TEST_STEP][PASSED] - symbol = symbol: null

2019-08-23 18:53:16 - [TEST_STEP][PASSED] - println(symbol): null

2019-08-23 18:53:16 - [TEST_STEP][PASSED] - if (i == 2 &amp;&amp; wildList.indexOf(symbol) != -1): null

2019-08-23 18:53:16 - [TEST_STEP][PASSED] - if (i == 3 &amp;&amp; wildList.indexOf(symbol) != -1): null

2019-08-23 18:53:16 - [TEST_STEP][PASSED] - if (i == 4 &amp;&amp; wildList.indexOf(symbol) != -1): null

2019-08-23 18:53:16 - [TEST_STEP][PASSED] - symbol = symbol: null

2019-08-23 18:53:16 - [TEST_STEP][PASSED] - println(symbol): null

2019-08-23 18:53:16 - [TEST_STEP][PASSED] - if (i == 2 &amp;&amp; wildList.indexOf(symbol) != -1): null

2019-08-23 18:53:16 - [TEST_STEP][PASSED] - println("wild found on reel 3, adding counter by 1"): null

2019-08-23 18:53:16 - [TEST_STEP][PASSED] - free_spin_reel_counter[0] = free_spin_reel_counter[0] + 1: null

2019-08-23 18:53:16 - [TEST_STEP][PASSED] - if (i == 3 &amp;&amp; wildList.indexOf(symbol) != -1): null

2019-08-23 18:53:16 - [TEST_STEP][PASSED] - if (i == 4 &amp;&amp; wildList.indexOf(symbol) != -1): null

2019-08-23 18:53:16 - [TEST_STEP][PASSED] - symbols = symbols: null

2019-08-23 18:53:16 - [TEST_STEP][PASSED] - for ([j = 0, j &lt; symbols.size(), (j++)]): null

2019-08-23 18:53:16 - [TEST_STEP][PASSED] - symbol = symbol: null

2019-08-23 18:53:16 - [TEST_STEP][PASSED] - println(symbol): null

2019-08-23 18:53:16 - [TEST_STEP][PASSED] - if (i == 2 &amp;&amp; wildList.indexOf(symbol) != -1): null

2019-08-23 18:53:16 - [TEST_STEP][PASSED] - if (i == 3 &amp;&amp; wildList.indexOf(symbol) != -1): null

2019-08-23 18:53:16 - [TEST_STEP][PASSED] - if (i == 4 &amp;&amp; wildList.indexOf(symbol) != -1): null

2019-08-23 18:53:16 - [TEST_STEP][PASSED] - symbol = symbol: null

2019-08-23 18:53:16 - [TEST_STEP][PASSED] - println(symbol): null

2019-08-23 18:53:16 - [TEST_STEP][PASSED] - if (i == 2 &amp;&amp; wildList.indexOf(symbol) != -1): null

2019-08-23 18:53:16 - [TEST_STEP][PASSED] - if (i == 3 &amp;&amp; wildList.indexOf(symbol) != -1): null

2019-08-23 18:53:16 - [TEST_STEP][PASSED] - if (i == 4 &amp;&amp; wildList.indexOf(symbol) != -1): null

2019-08-23 18:53:16 - [TEST_STEP][PASSED] - symbol = symbol: null

2019-08-23 18:53:16 - [TEST_STEP][PASSED] - println(symbol): null

2019-08-23 18:53:16 - [TEST_STEP][PASSED] - if (i == 2 &amp;&amp; wildList.indexOf(symbol) != -1): null

2019-08-23 18:53:16 - [TEST_STEP][PASSED] - if (i == 3 &amp;&amp; wildList.indexOf(symbol) != -1): null

2019-08-23 18:53:16 - [TEST_STEP][PASSED] - if (i == 4 &amp;&amp; wildList.indexOf(symbol) != -1): null

2019-08-23 18:53:16 - [TEST_STEP][PASSED] - symbols = symbols: null

2019-08-23 18:53:16 - [TEST_STEP][PASSED] - for ([j = 0, j &lt; symbols.size(), (j++)]): null

2019-08-23 18:53:16 - [TEST_STEP][PASSED] - symbol = symbol: null

2019-08-23 18:53:16 - [TEST_STEP][PASSED] - println(symbol): null

2019-08-23 18:53:16 - [TEST_STEP][PASSED] - if (i == 2 &amp;&amp; wildList.indexOf(symbol) != -1): null

2019-08-23 18:53:16 - [TEST_STEP][PASSED] - if (i == 3 &amp;&amp; wildList.indexOf(symbol) != -1): null

2019-08-23 18:53:16 - [TEST_STEP][PASSED] - if (i == 4 &amp;&amp; wildList.indexOf(symbol) != -1): null

2019-08-23 18:53:16 - [TEST_STEP][PASSED] - symbol = symbol: null

2019-08-23 18:53:16 - [TEST_STEP][PASSED] - println(symbol): null

2019-08-23 18:53:16 - [TEST_STEP][PASSED] - if (i == 2 &amp;&amp; wildList.indexOf(symbol) != -1): null

2019-08-23 18:53:16 - [TEST_STEP][PASSED] - if (i == 3 &amp;&amp; wildList.indexOf(symbol) != -1): null

2019-08-23 18:53:16 - [TEST_STEP][PASSED] - if (i == 4 &amp;&amp; wildList.indexOf(symbol) != -1): null

2019-08-23 18:53:16 - [TEST_STEP][PASSED] - symbol = symbol: null

2019-08-23 18:53:16 - [TEST_STEP][PASSED] - println(symbol): null

2019-08-23 18:53:16 - [TEST_STEP][PASSED] - if (i == 2 &amp;&amp; wildList.indexOf(symbol) != -1): null

2019-08-23 18:53:16 - [TEST_STEP][PASSED] - if (i == 3 &amp;&amp; wildList.indexOf(symbol) != -1): null

2019-08-23 18:53:16 - [TEST_STEP][PASSED] - if (i == 4 &amp;&amp; wildList.indexOf(symbol) != -1): null

2019-08-23 18:53:16 - [TEST_STEP][PASSED] - free_spin_reel_counter = free_spin_reel_counter: null

2019-08-23 18:53:16 - [TEST_STEP][PASSED] - println("reel 3 wild found: " + free_spin_reel_counter[0]): null

2019-08-23 18:53:16 - [TEST_STEP][PASSED] - println("reel 4 wild found: " + free_spin_reel_counter[1]): null

2019-08-23 18:53:16 - [TEST_STEP][PASSED] - println("reel 5 wild found: " + free_spin_reel_counter[2]): null

2019-08-23 18:53:16 - [TEST_STEP][PASSED] - M4_spin_reels = M4_spin_reels: null

2019-08-23 18:53:16 - [TEST_STEP][PASSED] - M4_spin_reels_symbols = symbol: null

2019-08-23 18:53:16 - [TEST_STEP][PASSED] - M4_spin_reels_symbols = M4_spin_reels_symbols: null

2019-08-23 18:53:16 - [TEST_STEP][PASSED] - M4_spin_reel_wins = reel_wins: null

2019-08-23 18:53:16 - [TEST_STEP][PASSED] - M4_spin_reel_wins = M4_spin_reel_wins: null

2019-08-23 18:53:16 - [TEST_STEP][PASSED] - println("GlobalVariable.M4_spin_reel_wins is: " + M4_spin_reel_wins): null

2019-08-23 18:53:16 - [TEST_STEP][PASSED] - M4_spin_total_bonus_win_this_round = total_bonus_win_this_round: null

2019-08-23 18:53:16 - [TEST_STEP][PASSED] - M4_spin_total_bonus_win_this_round = M4_spin_total_bonus_win_this_round: null

2019-08-23 18:53:16 - [TEST_STEP][PASSED] - println("GlobalVariable.M4_spin_total_bonus_win_this_round is: " + M4_spin_total_bonus_win_this_round): null

2019-08-23 18:53:16 - [TEST_STEP][PASSED] - M4_spin_bonus_spin_result = spin_result: null

2019-08-23 18:53:16 - [TEST_STEP][PASSED] - M4_spin_bonus_spin_result = M4_spin_bonus_spin_result: null

2019-08-23 18:53:16 - [MESSAGE][PASSED] - Verify response successfully

2019-08-23 18:53:16 - [MESSAGE][PASSED] - Send request and verify the response successfully

2019-08-23 18:53:16 - [TEST_STEP][PASSED] - if (free_spin_reel_counter[0] &gt;= 1 &amp;&amp; free_spin_reel_counter[1] &gt;= 1 &amp;&amp; free_spin_reel_counter[2] &gt;= 1): null

2019-08-23 18:53:16 - [TEST_STEP][PASSED] - spin_result = sendRequestAndVerify(findTestObject("INT/RGS(M4)/1_M4_spin", ["M4_login_user_id":M4_login_user_id, "rgs_session_token":rgs_session_token, "partner":Partner])): Send request and verify the response successfully

2019-08-23 18:53:16 - [MESSAGE][INFO] - HAR: /Users/eiralee/Katalon_Script/SuperWild/Reports/20190823_184757/INT/superWild_1/20190823_184757/requests/main/91.har

2019-08-23 18:53:16 - [TEST_CASE][PASSED] - Start Test Case : Verification: Verification accomplished successfully

2019-08-23 18:53:16 - [TEST_STEP][PASSED] - request = getInstance().getCurrentRequest(): null

2019-08-23 18:53:17 - [TEST_STEP][PASSED] - response = getInstance().getCurrentResponse(): null

2019-08-23 18:53:17 - [TEST_STEP][PASSED] - verifyResponseStatusCode(response, 200): Verify response status code successfully

2019-08-23 18:53:17 - [MESSAGE][PASSED] - Verify response status code successfully

2019-08-23 18:53:17 - [TEST_STEP][PASSED] - getStatusCode()).isEqualTo(200): null

2019-08-23 18:53:17 - [TEST_STEP][PASSED] - newline = System.getProperty("line.separator"): null

2019-08-23 18:53:17 - [TEST_STEP][PASSED] - M4_spin = new groovy.json.JsonSlurper(): null

2019-08-23 18:53:17 - [TEST_STEP][PASSED] - result_M4_spin = M4_spin.parseText(response.getResponseBodyContent()): null

2019-08-23 18:53:17 - [TEST_STEP][PASSED] - M4_spin_current_balance = current_balance: null

2019-08-23 18:53:17 - [TEST_STEP][PASSED] - M4_spin_current_balance = M4_spin_current_balance: null

2019-08-23 18:53:17 - [TEST_STEP][PASSED] - M4_spin_transaction_id = causality: null

2019-08-23 18:53:17 - [TEST_STEP][PASSED] - M4_spin_transaction_id = M4_spin_transaction_id: null

2019-08-23 18:53:17 - [TEST_STEP][PASSED] - M4_spin_round_id = round_id: null

2019-08-23 18:53:17 - [TEST_STEP][PASSED] - M4_spin_round_id = M4_spin_round_id: null

2019-08-23 18:53:17 - [TEST_STEP][PASSED] - M4_spin_line_wins = line_wins: null

2019-08-23 18:53:17 - [TEST_STEP][PASSED] - M4_spin_line_wins = M4_spin_line_wins: null

2019-08-23 18:53:17 - [TEST_STEP][PASSED] - M4_total_bonus_spins_int = total_bonus_spins: null

2019-08-23 18:53:17 - [TEST_STEP][PASSED] - println("******M4_total_bonus_spins type is:*******" + newline + getClass().getName()): null

2019-08-23 18:53:17 - [TEST_STEP][PASSED] - M4_total_bonus_spins_int = M4_total_bonus_spins_int: null

2019-08-23 18:53:17 - [TEST_STEP][PASSED] - M4_total_bonus_spins = Integer.toString(M4_total_bonus_spins_int): null

2019-08-23 18:53:17 - [TEST_STEP][PASSED] - M4_total_bonus_spins = M4_total_bonus_spins: null

2019-08-23 18:53:17 - [TEST_STEP][PASSED] - println("M4_total_bonus_spins is:" + M4_total_bonus_spins): null

2019-08-23 18:53:17 - [TEST_STEP][PASSED] - M4_spin_bonus_data = bonus_data: null

2019-08-23 18:53:17 - [TEST_STEP][PASSED] - M4_spin_features_triggered = result_M4_spin: null

2019-08-23 18:53:17 - [TEST_STEP][PASSED] - wild = []: null

2019-08-23 18:53:17 - [TEST_STEP][PASSED] - wild[0] = "WILD_Expanding": null

2019-08-23 18:53:17 - [TEST_STEP][PASSED] - wild[1] = "WILD_Normal": null

2019-08-23 18:53:17 - [TEST_STEP][PASSED] - wild[2] = "WILD_Double": null

2019-08-23 18:53:17 - [TEST_STEP][PASSED] - wild[3] = "WILD_ExtraFG": null

2019-08-23 18:53:17 - [TEST_STEP][PASSED] - wild[4] = "WILD_Triple": null

2019-08-23 18:53:17 - [TEST_STEP][PASSED] - wildList = Arrays.asList(wild): null

2019-08-23 18:53:17 - [TEST_STEP][PASSED] - wildList = wildList: null

2019-08-23 18:53:17 - [TEST_STEP][PASSED] - free_spin_reel_counter = []: null

2019-08-23 18:53:17 - [TEST_STEP][PASSED] - free_spin_reel_counter[0] = 0: null

2019-08-23 18:53:17 - [TEST_STEP][PASSED] - free_spin_reel_counter[1] = 0: null

2019-08-23 18:53:17 - [TEST_STEP][PASSED] - free_spin_reel_counter[2] = 0: null

2019-08-23 18:53:17 - [TEST_STEP][PASSED] - M4_spin_reels = reels: null

2019-08-23 18:53:17 - [TEST_STEP][PASSED] - for ([i = 0, i &lt; M4_spin_reels.size(), (i++)]): null

2019-08-23 18:53:17 - [TEST_STEP][PASSED] - symbols = symbols: null

2019-08-23 18:53:17 - [TEST_STEP][PASSED] - for ([j = 0, j &lt; symbols.size(), (j++)]): null

2019-08-23 18:53:17 - [TEST_STEP][PASSED] - symbol = symbol: null

2019-08-23 18:53:17 - [TEST_STEP][PASSED] - println(symbol): null

2019-08-23 18:53:17 - [TEST_STEP][PASSED] - if (i == 2 &amp;&amp; wildList.indexOf(symbol) != -1): null

2019-08-23 18:53:17 - [TEST_STEP][PASSED] - if (i == 3 &amp;&amp; wildList.indexOf(symbol) != -1): null

2019-08-23 18:53:17 - [TEST_STEP][PASSED] - if (i == 4 &amp;&amp; wildList.indexOf(symbol) != -1): null

2019-08-23 18:53:17 - [TEST_STEP][PASSED] - symbol = symbol: null

2019-08-23 18:53:17 - [TEST_STEP][PASSED] - println(symbol): null

2019-08-23 18:53:17 - [TEST_STEP][PASSED] - if (i == 2 &amp;&amp; wildList.indexOf(symbol) != -1): null

2019-08-23 18:53:17 - [TEST_STEP][PASSED] - if (i == 3 &amp;&amp; wildList.indexOf(symbol) != -1): null

2019-08-23 18:53:17 - [TEST_STEP][PASSED] - if (i == 4 &amp;&amp; wildList.indexOf(symbol) != -1): null

2019-08-23 18:53:17 - [TEST_STEP][PASSED] - symbol = symbol: null

2019-08-23 18:53:17 - [TEST_STEP][PASSED] - println(symbol): null

2019-08-23 18:53:17 - [TEST_STEP][PASSED] - if (i == 2 &amp;&amp; wildList.indexOf(symbol) != -1): null

2019-08-23 18:53:17 - [TEST_STEP][PASSED] - if (i == 3 &amp;&amp; wildList.indexOf(symbol) != -1): null

2019-08-23 18:53:17 - [TEST_STEP][PASSED] - if (i == 4 &amp;&amp; wildList.indexOf(symbol) != -1): null

2019-08-23 18:53:17 - [TEST_STEP][PASSED] - symbols = symbols: null

2019-08-23 18:53:17 - [TEST_STEP][PASSED] - for ([j = 0, j &lt; symbols.size(), (j++)]): null

2019-08-23 18:53:17 - [TEST_STEP][PASSED] - symbol = symbol: null

2019-08-23 18:53:17 - [TEST_STEP][PASSED] - println(symbol): null

2019-08-23 18:53:17 - [TEST_STEP][PASSED] - if (i == 2 &amp;&amp; wildList.indexOf(symbol) != -1): null

2019-08-23 18:53:17 - [TEST_STEP][PASSED] - if (i == 3 &amp;&amp; wildList.indexOf(symbol) != -1): null

2019-08-23 18:53:17 - [TEST_STEP][PASSED] - if (i == 4 &amp;&amp; wildList.indexOf(symbol) != -1): null

2019-08-23 18:53:17 - [TEST_STEP][PASSED] - symbol = symbol: null

2019-08-23 18:53:17 - [TEST_STEP][PASSED] - println(symbol): null

2019-08-23 18:53:17 - [TEST_STEP][PASSED] - if (i == 2 &amp;&amp; wildList.indexOf(symbol) != -1): null

2019-08-23 18:53:17 - [TEST_STEP][PASSED] - if (i == 3 &amp;&amp; wildList.indexOf(symbol) != -1): null

2019-08-23 18:53:17 - [TEST_STEP][PASSED] - if (i == 4 &amp;&amp; wildList.indexOf(symbol) != -1): null

2019-08-23 18:53:17 - [TEST_STEP][PASSED] - symbol = symbol: null

2019-08-23 18:53:17 - [TEST_STEP][PASSED] - println(symbol): null

2019-08-23 18:53:17 - [TEST_STEP][PASSED] - if (i == 2 &amp;&amp; wildList.indexOf(symbol) != -1): null

2019-08-23 18:53:17 - [TEST_STEP][PASSED] - if (i == 3 &amp;&amp; wildList.indexOf(symbol) != -1): null

2019-08-23 18:53:17 - [TEST_STEP][PASSED] - if (i == 4 &amp;&amp; wildList.indexOf(symbol) != -1): null

2019-08-23 18:53:17 - [TEST_STEP][PASSED] - symbols = symbols: null

2019-08-23 18:53:17 - [TEST_STEP][PASSED] - for ([j = 0, j &lt; symbols.size(), (j++)]): null

2019-08-23 18:53:17 - [TEST_STEP][PASSED] - symbol = symbol: null

2019-08-23 18:53:17 - [TEST_STEP][PASSED] - println(symbol): null

2019-08-23 18:53:17 - [TEST_STEP][PASSED] - if (i == 2 &amp;&amp; wildList.indexOf(symbol) != -1): null

2019-08-23 18:53:17 - [TEST_STEP][PASSED] - if (i == 3 &amp;&amp; wildList.indexOf(symbol) != -1): null

2019-08-23 18:53:17 - [TEST_STEP][PASSED] - if (i == 4 &amp;&amp; wildList.indexOf(symbol) != -1): null

2019-08-23 18:53:17 - [TEST_STEP][PASSED] - symbol = symbol: null

2019-08-23 18:53:17 - [TEST_STEP][PASSED] - println(symbol): null

2019-08-23 18:53:17 - [TEST_STEP][PASSED] - if (i == 2 &amp;&amp; wildList.indexOf(symbol) != -1): null

2019-08-23 18:53:17 - [TEST_STEP][PASSED] - if (i == 3 &amp;&amp; wildList.indexOf(symbol) != -1): null

2019-08-23 18:53:17 - [TEST_STEP][PASSED] - if (i == 4 &amp;&amp; wildList.indexOf(symbol) != -1): null

2019-08-23 18:53:17 - [TEST_STEP][PASSED] - symbol = symbol: null

2019-08-23 18:53:17 - [TEST_STEP][PASSED] - println(symbol): null

2019-08-23 18:53:17 - [TEST_STEP][PASSED] - if (i == 2 &amp;&amp; wildList.indexOf(symbol) != -1): null

2019-08-23 18:53:17 - [TEST_STEP][PASSED] - if (i == 3 &amp;&amp; wildList.indexOf(symbol) != -1): null

2019-08-23 18:53:17 - [TEST_STEP][PASSED] - if (i == 4 &amp;&amp; wildList.indexOf(symbol) != -1): null

2019-08-23 18:53:17 - [TEST_STEP][PASSED] - symbols = symbols: null

2019-08-23 18:53:17 - [TEST_STEP][PASSED] - for ([j = 0, j &lt; symbols.size(), (j++)]): null

2019-08-23 18:53:17 - [TEST_STEP][PASSED] - symbol = symbol: null

2019-08-23 18:53:17 - [TEST_STEP][PASSED] - println(symbol): null

2019-08-23 18:53:17 - [TEST_STEP][PASSED] - if (i == 2 &amp;&amp; wildList.indexOf(symbol) != -1): null

2019-08-23 18:53:17 - [TEST_STEP][PASSED] - if (i == 3 &amp;&amp; wildList.indexOf(symbol) != -1): null

2019-08-23 18:53:17 - [TEST_STEP][PASSED] - if (i == 4 &amp;&amp; wildList.indexOf(symbol) != -1): null

2019-08-23 18:53:17 - [TEST_STEP][PASSED] - symbol = symbol: null

2019-08-23 18:53:17 - [TEST_STEP][PASSED] - println(symbol): null

2019-08-23 18:53:17 - [TEST_STEP][PASSED] - if (i == 2 &amp;&amp; wildList.indexOf(symbol) != -1): null

2019-08-23 18:53:17 - [TEST_STEP][PASSED] - if (i == 3 &amp;&amp; wildList.indexOf(symbol) != -1): null

2019-08-23 18:53:17 - [TEST_STEP][PASSED] - if (i == 4 &amp;&amp; wildList.indexOf(symbol) != -1): null

2019-08-23 18:53:17 - [TEST_STEP][PASSED] - symbol = symbol: null

2019-08-23 18:53:17 - [TEST_STEP][PASSED] - println(symbol): null

2019-08-23 18:53:17 - [TEST_STEP][PASSED] - if (i == 2 &amp;&amp; wildList.indexOf(symbol) != -1): null

2019-08-23 18:53:17 - [TEST_STEP][PASSED] - if (i == 3 &amp;&amp; wildList.indexOf(symbol) != -1): null

2019-08-23 18:53:17 - [TEST_STEP][PASSED] - if (i == 4 &amp;&amp; wildList.indexOf(symbol) != -1): null

2019-08-23 18:53:17 - [TEST_STEP][PASSED] - symbols = symbols: null

2019-08-23 18:53:17 - [TEST_STEP][PASSED] - for ([j = 0, j &lt; symbols.size(), (j++)]): null

2019-08-23 18:53:17 - [TEST_STEP][PASSED] - symbol = symbol: null

2019-08-23 18:53:17 - [TEST_STEP][PASSED] - println(symbol): null

2019-08-23 18:53:17 - [TEST_STEP][PASSED] - if (i == 2 &amp;&amp; wildList.indexOf(symbol) != -1): null

2019-08-23 18:53:17 - [TEST_STEP][PASSED] - if (i == 3 &amp;&amp; wildList.indexOf(symbol) != -1): null

2019-08-23 18:53:17 - [TEST_STEP][PASSED] - if (i == 4 &amp;&amp; wildList.indexOf(symbol) != -1): null

2019-08-23 18:53:17 - [TEST_STEP][PASSED] - symbol = symbol: null

2019-08-23 18:53:17 - [TEST_STEP][PASSED] - println(symbol): null

2019-08-23 18:53:17 - [TEST_STEP][PASSED] - if (i == 2 &amp;&amp; wildList.indexOf(symbol) != -1): null

2019-08-23 18:53:17 - [TEST_STEP][PASSED] - if (i == 3 &amp;&amp; wildList.indexOf(symbol) != -1): null

2019-08-23 18:53:17 - [TEST_STEP][PASSED] - if (i == 4 &amp;&amp; wildList.indexOf(symbol) != -1): null

2019-08-23 18:53:17 - [TEST_STEP][PASSED] - symbol = symbol: null

2019-08-23 18:53:17 - [TEST_STEP][PASSED] - println(symbol): null

2019-08-23 18:53:17 - [TEST_STEP][PASSED] - if (i == 2 &amp;&amp; wildList.indexOf(symbol) != -1): null

2019-08-23 18:53:17 - [TEST_STEP][PASSED] - if (i == 3 &amp;&amp; wildList.indexOf(symbol) != -1): null

2019-08-23 18:53:17 - [TEST_STEP][PASSED] - if (i == 4 &amp;&amp; wildList.indexOf(symbol) != -1): null

2019-08-23 18:53:17 - [TEST_STEP][PASSED] - free_spin_reel_counter = free_spin_reel_counter: null

2019-08-23 18:53:17 - [TEST_STEP][PASSED] - println("reel 3 wild found: " + free_spin_reel_counter[0]): null

2019-08-23 18:53:17 - [TEST_STEP][PASSED] - println("reel 4 wild found: " + free_spin_reel_counter[1]): null

2019-08-23 18:53:17 - [TEST_STEP][PASSED] - println("reel 5 wild found: " + free_spin_reel_counter[2]): null

2019-08-23 18:53:17 - [TEST_STEP][PASSED] - M4_spin_reels = M4_spin_reels: null

2019-08-23 18:53:17 - [TEST_STEP][PASSED] - M4_spin_reels_symbols = symbol: null

2019-08-23 18:53:17 - [TEST_STEP][PASSED] - M4_spin_reels_symbols = M4_spin_reels_symbols: null

2019-08-23 18:53:17 - [TEST_STEP][PASSED] - M4_spin_reel_wins = reel_wins: null

2019-08-23 18:53:17 - [TEST_STEP][PASSED] - M4_spin_reel_wins = M4_spin_reel_wins: null

2019-08-23 18:53:17 - [TEST_STEP][PASSED] - println("GlobalVariable.M4_spin_reel_wins is: " + M4_spin_reel_wins): null

2019-08-23 18:53:17 - [TEST_STEP][PASSED] - M4_spin_total_bonus_win_this_round = total_bonus_win_this_round: null

2019-08-23 18:53:17 - [TEST_STEP][PASSED] - M4_spin_total_bonus_win_this_round = M4_spin_total_bonus_win_this_round: null

2019-08-23 18:53:17 - [TEST_STEP][PASSED] - println("GlobalVariable.M4_spin_total_bonus_win_this_round is: " + M4_spin_total_bonus_win_this_round): null

2019-08-23 18:53:17 - [TEST_STEP][PASSED] - M4_spin_bonus_spin_result = spin_result: null

2019-08-23 18:53:17 - [TEST_STEP][PASSED] - M4_spin_bonus_spin_result = M4_spin_bonus_spin_result: null

2019-08-23 18:53:17 - [MESSAGE][PASSED] - Verify response successfully

2019-08-23 18:53:17 - [MESSAGE][PASSED] - Send request and verify the response successfully

2019-08-23 18:53:17 - [TEST_STEP][PASSED] - if (free_spin_reel_counter[0] &gt;= 1 &amp;&amp; free_spin_reel_counter[1] &gt;= 1 &amp;&amp; free_spin_reel_counter[2] &gt;= 1): null

2019-08-23 18:53:17 - [TEST_STEP][PASSED] - spin_result = sendRequestAndVerify(findTestObject("INT/RGS(M4)/1_M4_spin", ["M4_login_user_id":M4_login_user_id, "rgs_session_token":rgs_session_token, "partner":Partner])): Send request and verify the response successfully

2019-08-23 18:53:17 - [MESSAGE][INFO] - HAR: /Users/eiralee/Katalon_Script/SuperWild/Reports/20190823_184757/INT/superWild_1/20190823_184757/requests/main/92.har

2019-08-23 18:53:17 - [TEST_CASE][PASSED] - Start Test Case : Verification: Verification accomplished successfully

2019-08-23 18:53:17 - [TEST_STEP][PASSED] - request = getInstance().getCurrentRequest(): null

2019-08-23 18:53:17 - [TEST_STEP][PASSED] - response = getInstance().getCurrentResponse(): null

2019-08-23 18:53:17 - [TEST_STEP][PASSED] - verifyResponseStatusCode(response, 200): Verify response status code successfully

2019-08-23 18:53:17 - [MESSAGE][PASSED] - Verify response status code successfully

2019-08-23 18:53:17 - [TEST_STEP][PASSED] - getStatusCode()).isEqualTo(200): null

2019-08-23 18:53:17 - [TEST_STEP][PASSED] - newline = System.getProperty("line.separator"): null

2019-08-23 18:53:17 - [TEST_STEP][PASSED] - M4_spin = new groovy.json.JsonSlurper(): null

2019-08-23 18:53:17 - [TEST_STEP][PASSED] - result_M4_spin = M4_spin.parseText(response.getResponseBodyContent()): null

2019-08-23 18:53:17 - [TEST_STEP][PASSED] - M4_spin_current_balance = current_balance: null

2019-08-23 18:53:17 - [TEST_STEP][PASSED] - M4_spin_current_balance = M4_spin_current_balance: null

2019-08-23 18:53:17 - [TEST_STEP][PASSED] - M4_spin_transaction_id = causality: null

2019-08-23 18:53:17 - [TEST_STEP][PASSED] - M4_spin_transaction_id = M4_spin_transaction_id: null

2019-08-23 18:53:19 - [TEST_STEP][PASSED] - M4_spin_round_id = round_id: null

2019-08-23 18:53:19 - [TEST_STEP][PASSED] - M4_spin_round_id = M4_spin_round_id: null

2019-08-23 18:53:19 - [TEST_STEP][PASSED] - M4_spin_line_wins = line_wins: null

2019-08-23 18:53:19 - [TEST_STEP][PASSED] - M4_spin_line_wins = M4_spin_line_wins: null

2019-08-23 18:53:19 - [TEST_STEP][PASSED] - M4_total_bonus_spins_int = total_bonus_spins: null

2019-08-23 18:53:19 - [TEST_STEP][PASSED] - println("******M4_total_bonus_spins type is:*******" + newline + getClass().getName()): null

2019-08-23 18:53:19 - [TEST_STEP][PASSED] - M4_total_bonus_spins_int = M4_total_bonus_spins_int: null

2019-08-23 18:53:19 - [TEST_STEP][PASSED] - M4_total_bonus_spins = Integer.toString(M4_total_bonus_spins_int): null

2019-08-23 18:53:19 - [TEST_STEP][PASSED] - M4_total_bonus_spins = M4_total_bonus_spins: null

2019-08-23 18:53:19 - [TEST_STEP][PASSED] - println("M4_total_bonus_spins is:" + M4_total_bonus_spins): null

2019-08-23 18:53:19 - [TEST_STEP][PASSED] - M4_spin_bonus_data = bonus_data: null

2019-08-23 18:53:19 - [TEST_STEP][PASSED] - M4_spin_features_triggered = result_M4_spin: null

2019-08-23 18:53:19 - [TEST_STEP][PASSED] - wild = []: null

2019-08-23 18:53:19 - [TEST_STEP][PASSED] - wild[0] = "WILD_Expanding": null

2019-08-23 18:53:19 - [TEST_STEP][PASSED] - wild[1] = "WILD_Normal": null

2019-08-23 18:53:19 - [TEST_STEP][PASSED] - wild[2] = "WILD_Double": null

2019-08-23 18:53:19 - [TEST_STEP][PASSED] - wild[3] = "WILD_ExtraFG": null

2019-08-23 18:53:19 - [TEST_STEP][PASSED] - wild[4] = "WILD_Triple": null

2019-08-23 18:53:19 - [TEST_STEP][PASSED] - wildList = Arrays.asList(wild): null

2019-08-23 18:53:19 - [TEST_STEP][PASSED] - wildList = wildList: null

2019-08-23 18:53:19 - [TEST_STEP][PASSED] - free_spin_reel_counter = []: null

2019-08-23 18:53:19 - [TEST_STEP][PASSED] - free_spin_reel_counter[0] = 0: null

2019-08-23 18:53:19 - [TEST_STEP][PASSED] - free_spin_reel_counter[1] = 0: null

2019-08-23 18:53:19 - [TEST_STEP][PASSED] - free_spin_reel_counter[2] = 0: null

2019-08-23 18:53:19 - [TEST_STEP][PASSED] - M4_spin_reels = reels: null

2019-08-23 18:53:19 - [TEST_STEP][PASSED] - for ([i = 0, i &lt; M4_spin_reels.size(), (i++)]): null

2019-08-23 18:53:19 - [TEST_STEP][PASSED] - symbols = symbols: null

2019-08-23 18:53:19 - [TEST_STEP][PASSED] - for ([j = 0, j &lt; symbols.size(), (j++)]): null

2019-08-23 18:53:19 - [TEST_STEP][PASSED] - symbol = symbol: null

2019-08-23 18:53:19 - [TEST_STEP][PASSED] - println(symbol): null

2019-08-23 18:53:19 - [TEST_STEP][PASSED] - if (i == 2 &amp;&amp; wildList.indexOf(symbol) != -1): null

2019-08-23 18:53:19 - [TEST_STEP][PASSED] - if (i == 3 &amp;&amp; wildList.indexOf(symbol) != -1): null

2019-08-23 18:53:19 - [TEST_STEP][PASSED] - if (i == 4 &amp;&amp; wildList.indexOf(symbol) != -1): null

2019-08-23 18:53:19 - [TEST_STEP][PASSED] - symbol = symbol: null

2019-08-23 18:53:19 - [TEST_STEP][PASSED] - println(symbol): null

2019-08-23 18:53:19 - [TEST_STEP][PASSED] - if (i == 2 &amp;&amp; wildList.indexOf(symbol) != -1): null

2019-08-23 18:53:19 - [TEST_STEP][PASSED] - if (i == 3 &amp;&amp; wildList.indexOf(symbol) != -1): null

2019-08-23 18:53:19 - [TEST_STEP][PASSED] - if (i == 4 &amp;&amp; wildList.indexOf(symbol) != -1): null

2019-08-23 18:53:19 - [TEST_STEP][PASSED] - symbol = symbol: null

2019-08-23 18:53:19 - [TEST_STEP][PASSED] - println(symbol): null

2019-08-23 18:53:19 - [TEST_STEP][PASSED] - if (i == 2 &amp;&amp; wildList.indexOf(symbol) != -1): null

2019-08-23 18:53:19 - [TEST_STEP][PASSED] - if (i == 3 &amp;&amp; wildList.indexOf(symbol) != -1): null

2019-08-23 18:53:19 - [TEST_STEP][PASSED] - if (i == 4 &amp;&amp; wildList.indexOf(symbol) != -1): null

2019-08-23 18:53:19 - [TEST_STEP][PASSED] - symbols = symbols: null

2019-08-23 18:53:19 - [TEST_STEP][PASSED] - for ([j = 0, j &lt; symbols.size(), (j++)]): null

2019-08-23 18:53:19 - [TEST_STEP][PASSED] - symbol = symbol: null

2019-08-23 18:53:19 - [TEST_STEP][PASSED] - println(symbol): null

2019-08-23 18:53:19 - [TEST_STEP][PASSED] - if (i == 2 &amp;&amp; wildList.indexOf(symbol) != -1): null

2019-08-23 18:53:19 - [TEST_STEP][PASSED] - if (i == 3 &amp;&amp; wildList.indexOf(symbol) != -1): null

2019-08-23 18:53:19 - [TEST_STEP][PASSED] - if (i == 4 &amp;&amp; wildList.indexOf(symbol) != -1): null

2019-08-23 18:53:19 - [TEST_STEP][PASSED] - symbol = symbol: null

2019-08-23 18:53:19 - [TEST_STEP][PASSED] - println(symbol): null

2019-08-23 18:53:19 - [TEST_STEP][PASSED] - if (i == 2 &amp;&amp; wildList.indexOf(symbol) != -1): null

2019-08-23 18:53:19 - [TEST_STEP][PASSED] - if (i == 3 &amp;&amp; wildList.indexOf(symbol) != -1): null

2019-08-23 18:53:19 - [TEST_STEP][PASSED] - if (i == 4 &amp;&amp; wildList.indexOf(symbol) != -1): null

2019-08-23 18:53:19 - [TEST_STEP][PASSED] - symbol = symbol: null

2019-08-23 18:53:19 - [TEST_STEP][PASSED] - println(symbol): null

2019-08-23 18:53:19 - [TEST_STEP][PASSED] - if (i == 2 &amp;&amp; wildList.indexOf(symbol) != -1): null

2019-08-23 18:53:19 - [TEST_STEP][PASSED] - if (i == 3 &amp;&amp; wildList.indexOf(symbol) != -1): null

2019-08-23 18:53:19 - [TEST_STEP][PASSED] - if (i == 4 &amp;&amp; wildList.indexOf(symbol) != -1): null

2019-08-23 18:53:19 - [TEST_STEP][PASSED] - symbols = symbols: null

2019-08-23 18:53:19 - [TEST_STEP][PASSED] - for ([j = 0, j &lt; symbols.size(), (j++)]): null

2019-08-23 18:53:19 - [TEST_STEP][PASSED] - symbol = symbol: null

2019-08-23 18:53:19 - [TEST_STEP][PASSED] - println(symbol): null

2019-08-23 18:53:19 - [TEST_STEP][PASSED] - if (i == 2 &amp;&amp; wildList.indexOf(symbol) != -1): null

2019-08-23 18:53:19 - [TEST_STEP][PASSED] - if (i == 3 &amp;&amp; wildList.indexOf(symbol) != -1): null

2019-08-23 18:53:19 - [TEST_STEP][PASSED] - if (i == 4 &amp;&amp; wildList.indexOf(symbol) != -1): null

2019-08-23 18:53:19 - [TEST_STEP][PASSED] - symbol = symbol: null

2019-08-23 18:53:19 - [TEST_STEP][PASSED] - println(symbol): null

2019-08-23 18:53:19 - [TEST_STEP][PASSED] - if (i == 2 &amp;&amp; wildList.indexOf(symbol) != -1): null

2019-08-23 18:53:19 - [TEST_STEP][PASSED] - if (i == 3 &amp;&amp; wildList.indexOf(symbol) != -1): null

2019-08-23 18:53:19 - [TEST_STEP][PASSED] - if (i == 4 &amp;&amp; wildList.indexOf(symbol) != -1): null

2019-08-23 18:53:19 - [TEST_STEP][PASSED] - symbol = symbol: null

2019-08-23 18:53:19 - [TEST_STEP][PASSED] - println(symbol): null

2019-08-23 18:53:19 - [TEST_STEP][PASSED] - if (i == 2 &amp;&amp; wildList.indexOf(symbol) != -1): null

2019-08-23 18:53:19 - [TEST_STEP][PASSED] - if (i == 3 &amp;&amp; wildList.indexOf(symbol) != -1): null

2019-08-23 18:53:19 - [TEST_STEP][PASSED] - if (i == 4 &amp;&amp; wildList.indexOf(symbol) != -1): null

2019-08-23 18:53:19 - [TEST_STEP][PASSED] - symbols = symbols: null

2019-08-23 18:53:19 - [TEST_STEP][PASSED] - for ([j = 0, j &lt; symbols.size(), (j++)]): null

2019-08-23 18:53:19 - [TEST_STEP][PASSED] - symbol = symbol: null

2019-08-23 18:53:19 - [TEST_STEP][PASSED] - println(symbol): null

2019-08-23 18:53:19 - [TEST_STEP][PASSED] - if (i == 2 &amp;&amp; wildList.indexOf(symbol) != -1): null

2019-08-23 18:53:19 - [TEST_STEP][PASSED] - if (i == 3 &amp;&amp; wildList.indexOf(symbol) != -1): null

2019-08-23 18:53:19 - [TEST_STEP][PASSED] - if (i == 4 &amp;&amp; wildList.indexOf(symbol) != -1): null

2019-08-23 18:53:19 - [TEST_STEP][PASSED] - symbol = symbol: null

2019-08-23 18:53:19 - [TEST_STEP][PASSED] - println(symbol): null

2019-08-23 18:53:19 - [TEST_STEP][PASSED] - if (i == 2 &amp;&amp; wildList.indexOf(symbol) != -1): null

2019-08-23 18:53:19 - [TEST_STEP][PASSED] - if (i == 3 &amp;&amp; wildList.indexOf(symbol) != -1): null

2019-08-23 18:53:19 - [TEST_STEP][PASSED] - if (i == 4 &amp;&amp; wildList.indexOf(symbol) != -1): null

2019-08-23 18:53:19 - [TEST_STEP][PASSED] - symbol = symbol: null

2019-08-23 18:53:19 - [TEST_STEP][PASSED] - println(symbol): null

2019-08-23 18:53:19 - [TEST_STEP][PASSED] - if (i == 2 &amp;&amp; wildList.indexOf(symbol) != -1): null

2019-08-23 18:53:19 - [TEST_STEP][PASSED] - if (i == 3 &amp;&amp; wildList.indexOf(symbol) != -1): null

2019-08-23 18:53:19 - [TEST_STEP][PASSED] - if (i == 4 &amp;&amp; wildList.indexOf(symbol) != -1): null

2019-08-23 18:53:19 - [TEST_STEP][PASSED] - symbols = symbols: null

2019-08-23 18:53:19 - [TEST_STEP][PASSED] - for ([j = 0, j &lt; symbols.size(), (j++)]): null

2019-08-23 18:53:19 - [TEST_STEP][PASSED] - symbol = symbol: null

2019-08-23 18:53:19 - [TEST_STEP][PASSED] - println(symbol): null

2019-08-23 18:53:19 - [TEST_STEP][PASSED] - if (i == 2 &amp;&amp; wildList.indexOf(symbol) != -1): null

2019-08-23 18:53:19 - [TEST_STEP][PASSED] - if (i == 3 &amp;&amp; wildList.indexOf(symbol) != -1): null

2019-08-23 18:53:19 - [TEST_STEP][PASSED] - if (i == 4 &amp;&amp; wildList.indexOf(symbol) != -1): null

2019-08-23 18:53:19 - [TEST_STEP][PASSED] - symbol = symbol: null

2019-08-23 18:53:19 - [TEST_STEP][PASSED] - println(symbol): null

2019-08-23 18:53:19 - [TEST_STEP][PASSED] - if (i == 2 &amp;&amp; wildList.indexOf(symbol) != -1): null

2019-08-23 18:53:19 - [TEST_STEP][PASSED] - if (i == 3 &amp;&amp; wildList.indexOf(symbol) != -1): null

2019-08-23 18:53:19 - [TEST_STEP][PASSED] - if (i == 4 &amp;&amp; wildList.indexOf(symbol) != -1): null

2019-08-23 18:53:19 - [TEST_STEP][PASSED] - symbol = symbol: null

2019-08-23 18:53:19 - [TEST_STEP][PASSED] - println(symbol): null

2019-08-23 18:53:19 - [TEST_STEP][PASSED] - if (i == 2 &amp;&amp; wildList.indexOf(symbol) != -1): null

2019-08-23 18:53:19 - [TEST_STEP][PASSED] - if (i == 3 &amp;&amp; wildList.indexOf(symbol) != -1): null

2019-08-23 18:53:19 - [TEST_STEP][PASSED] - if (i == 4 &amp;&amp; wildList.indexOf(symbol) != -1): null

2019-08-23 18:53:19 - [TEST_STEP][PASSED] - free_spin_reel_counter = free_spin_reel_counter: null

2019-08-23 18:53:19 - [TEST_STEP][PASSED] - println("reel 3 wild found: " + free_spin_reel_counter[0]): null

2019-08-23 18:53:19 - [TEST_STEP][PASSED] - println("reel 4 wild found: " + free_spin_reel_counter[1]): null

2019-08-23 18:53:19 - [TEST_STEP][PASSED] - println("reel 5 wild found: " + free_spin_reel_counter[2]): null

2019-08-23 18:53:19 - [TEST_STEP][PASSED] - M4_spin_reels = M4_spin_reels: null

2019-08-23 18:53:19 - [TEST_STEP][PASSED] - M4_spin_reels_symbols = symbol: null

2019-08-23 18:53:19 - [TEST_STEP][PASSED] - M4_spin_reels_symbols = M4_spin_reels_symbols: null

2019-08-23 18:53:19 - [TEST_STEP][PASSED] - M4_spin_reel_wins = reel_wins: null

2019-08-23 18:53:19 - [TEST_STEP][PASSED] - M4_spin_reel_wins = M4_spin_reel_wins: null

2019-08-23 18:53:19 - [TEST_STEP][PASSED] - println("GlobalVariable.M4_spin_reel_wins is: " + M4_spin_reel_wins): null

2019-08-23 18:53:19 - [TEST_STEP][PASSED] - M4_spin_total_bonus_win_this_round = total_bonus_win_this_round: null

2019-08-23 18:53:19 - [TEST_STEP][PASSED] - M4_spin_total_bonus_win_this_round = M4_spin_total_bonus_win_this_round: null

2019-08-23 18:53:19 - [TEST_STEP][PASSED] - println("GlobalVariable.M4_spin_total_bonus_win_this_round is: " + M4_spin_total_bonus_win_this_round): null

2019-08-23 18:53:19 - [TEST_STEP][PASSED] - M4_spin_bonus_spin_result = spin_result: null

2019-08-23 18:53:19 - [TEST_STEP][PASSED] - M4_spin_bonus_spin_result = M4_spin_bonus_spin_result: null

2019-08-23 18:53:19 - [MESSAGE][PASSED] - Verify response successfully

2019-08-23 18:53:19 - [MESSAGE][PASSED] - Send request and verify the response successfully

2019-08-23 18:53:19 - [TEST_STEP][PASSED] - if (free_spin_reel_counter[0] &gt;= 1 &amp;&amp; free_spin_reel_counter[1] &gt;= 1 &amp;&amp; free_spin_reel_counter[2] &gt;= 1): null

2019-08-23 18:53:19 - [TEST_STEP][PASSED] - spin_result = sendRequestAndVerify(findTestObject("INT/RGS(M4)/1_M4_spin", ["M4_login_user_id":M4_login_user_id, "rgs_session_token":rgs_session_token, "partner":Partner])): Send request and verify the response successfully

2019-08-23 18:53:19 - [MESSAGE][INFO] - HAR: /Users/eiralee/Katalon_Script/SuperWild/Reports/20190823_184757/INT/superWild_1/20190823_184757/requests/main/93.har

2019-08-23 18:53:19 - [TEST_CASE][PASSED] - Start Test Case : Verification: Verification accomplished successfully

2019-08-23 18:53:19 - [TEST_STEP][PASSED] - request = getInstance().getCurrentRequest(): null

2019-08-23 18:53:19 - [TEST_STEP][PASSED] - response = getInstance().getCurrentResponse(): null

2019-08-23 18:53:19 - [TEST_STEP][PASSED] - verifyResponseStatusCode(response, 200): Verify response status code successfully

2019-08-23 18:53:19 - [MESSAGE][PASSED] - Verify response status code successfully

2019-08-23 18:53:19 - [TEST_STEP][PASSED] - getStatusCode()).isEqualTo(200): null

2019-08-23 18:53:19 - [TEST_STEP][PASSED] - newline = System.getProperty("line.separator"): null

2019-08-23 18:53:19 - [TEST_STEP][PASSED] - M4_spin = new groovy.json.JsonSlurper(): null

2019-08-23 18:53:19 - [TEST_STEP][PASSED] - result_M4_spin = M4_spin.parseText(response.getResponseBodyContent()): null

2019-08-23 18:53:19 - [TEST_STEP][PASSED] - M4_spin_current_balance = current_balance: null

2019-08-23 18:53:19 - [TEST_STEP][PASSED] - M4_spin_current_balance = M4_spin_current_balance: null

2019-08-23 18:53:19 - [TEST_STEP][PASSED] - M4_spin_transaction_id = causality: null

2019-08-23 18:53:19 - [TEST_STEP][PASSED] - M4_spin_transaction_id = M4_spin_transaction_id: null

2019-08-23 18:53:19 - [TEST_STEP][PASSED] - M4_spin_round_id = round_id: null

2019-08-23 18:53:19 - [TEST_STEP][PASSED] - M4_spin_round_id = M4_spin_round_id: null

2019-08-23 18:53:19 - [TEST_STEP][PASSED] - M4_spin_line_wins = line_wins: null

2019-08-23 18:53:19 - [TEST_STEP][PASSED] - M4_spin_line_wins = M4_spin_line_wins: null

2019-08-23 18:53:19 - [TEST_STEP][PASSED] - M4_total_bonus_spins_int = total_bonus_spins: null

2019-08-23 18:53:19 - [TEST_STEP][PASSED] - println("******M4_total_bonus_spins type is:*******" + newline + getClass().getName()): null

2019-08-23 18:53:19 - [TEST_STEP][PASSED] - M4_total_bonus_spins_int = M4_total_bonus_spins_int: null

2019-08-23 18:53:19 - [TEST_STEP][PASSED] - M4_total_bonus_spins = Integer.toString(M4_total_bonus_spins_int): null

2019-08-23 18:53:19 - [TEST_STEP][PASSED] - M4_total_bonus_spins = M4_total_bonus_spins: null

2019-08-23 18:53:19 - [TEST_STEP][PASSED] - println("M4_total_bonus_spins is:" + M4_total_bonus_spins): null

2019-08-23 18:53:19 - [TEST_STEP][PASSED] - M4_spin_bonus_data = bonus_data: null

2019-08-23 18:53:19 - [TEST_STEP][PASSED] - M4_spin_features_triggered = result_M4_spin: null

2019-08-23 18:53:19 - [TEST_STEP][PASSED] - wild = []: null

2019-08-23 18:53:19 - [TEST_STEP][PASSED] - wild[0] = "WILD_Expanding": null

2019-08-23 18:53:19 - [TEST_STEP][PASSED] - wild[1] = "WILD_Normal": null

2019-08-23 18:53:19 - [TEST_STEP][PASSED] - wild[2] = "WILD_Double": null

2019-08-23 18:53:19 - [TEST_STEP][PASSED] - wild[3] = "WILD_ExtraFG": null

2019-08-23 18:53:19 - [TEST_STEP][PASSED] - wild[4] = "WILD_Triple": null

2019-08-23 18:53:19 - [TEST_STEP][PASSED] - wildList = Arrays.asList(wild): null

2019-08-23 18:53:19 - [TEST_STEP][PASSED] - wildList = wildList: null

2019-08-23 18:53:19 - [TEST_STEP][PASSED] - free_spin_reel_counter = []: null

2019-08-23 18:53:19 - [TEST_STEP][PASSED] - free_spin_reel_counter[0] = 0: null

2019-08-23 18:53:19 - [TEST_STEP][PASSED] - free_spin_reel_counter[1] = 0: null

2019-08-23 18:53:19 - [TEST_STEP][PASSED] - free_spin_reel_counter[2] = 0: null

2019-08-23 18:53:19 - [TEST_STEP][PASSED] - M4_spin_reels = reels: null

2019-08-23 18:53:19 - [TEST_STEP][PASSED] - for ([i = 0, i &lt; M4_spin_reels.size(), (i++)]): null

2019-08-23 18:53:19 - [TEST_STEP][PASSED] - symbols = symbols: null

2019-08-23 18:53:19 - [TEST_STEP][PASSED] - for ([j = 0, j &lt; symbols.size(), (j++)]): null

2019-08-23 18:53:19 - [TEST_STEP][PASSED] - symbol = symbol: null

2019-08-23 18:53:19 - [TEST_STEP][PASSED] - println(symbol): null

2019-08-23 18:53:19 - [TEST_STEP][PASSED] - if (i == 2 &amp;&amp; wildList.indexOf(symbol) != -1): null

2019-08-23 18:53:19 - [TEST_STEP][PASSED] - if (i == 3 &amp;&amp; wildList.indexOf(symbol) != -1): null

2019-08-23 18:53:19 - [TEST_STEP][PASSED] - if (i == 4 &amp;&amp; wildList.indexOf(symbol) != -1): null

2019-08-23 18:53:19 - [TEST_STEP][PASSED] - symbol = symbol: null

2019-08-23 18:53:19 - [TEST_STEP][PASSED] - println(symbol): null

2019-08-23 18:53:19 - [TEST_STEP][PASSED] - if (i == 2 &amp;&amp; wildList.indexOf(symbol) != -1): null

2019-08-23 18:53:19 - [TEST_STEP][PASSED] - if (i == 3 &amp;&amp; wildList.indexOf(symbol) != -1): null

2019-08-23 18:53:19 - [TEST_STEP][PASSED] - if (i == 4 &amp;&amp; wildList.indexOf(symbol) != -1): null

2019-08-23 18:53:19 - [TEST_STEP][PASSED] - symbol = symbol: null

2019-08-23 18:53:19 - [TEST_STEP][PASSED] - println(symbol): null

2019-08-23 18:53:19 - [TEST_STEP][PASSED] - if (i == 2 &amp;&amp; wildList.indexOf(symbol) != -1): null

2019-08-23 18:53:19 - [TEST_STEP][PASSED] - if (i == 3 &amp;&amp; wildList.indexOf(symbol) != -1): null

2019-08-23 18:53:19 - [TEST_STEP][PASSED] - if (i == 4 &amp;&amp; wildList.indexOf(symbol) != -1): null

2019-08-23 18:53:19 - [TEST_STEP][PASSED] - symbols = symbols: null

2019-08-23 18:53:19 - [TEST_STEP][PASSED] - for ([j = 0, j &lt; symbols.size(), (j++)]): null

2019-08-23 18:53:19 - [TEST_STEP][PASSED] - symbol = symbol: null

2019-08-23 18:53:19 - [TEST_STEP][PASSED] - println(symbol): null

2019-08-23 18:53:19 - [TEST_STEP][PASSED] - if (i == 2 &amp;&amp; wildList.indexOf(symbol) != -1): null

2019-08-23 18:53:19 - [TEST_STEP][PASSED] - if (i == 3 &amp;&amp; wildList.indexOf(symbol) != -1): null

2019-08-23 18:53:19 - [TEST_STEP][PASSED] - if (i == 4 &amp;&amp; wildList.indexOf(symbol) != -1): null

2019-08-23 18:53:19 - [TEST_STEP][PASSED] - symbol = symbol: null

2019-08-23 18:53:19 - [TEST_STEP][PASSED] - println(symbol): null

2019-08-23 18:53:19 - [TEST_STEP][PASSED] - if (i == 2 &amp;&amp; wildList.indexOf(symbol) != -1): null

2019-08-23 18:53:19 - [TEST_STEP][PASSED] - if (i == 3 &amp;&amp; wildList.indexOf(symbol) != -1): null

2019-08-23 18:53:19 - [TEST_STEP][PASSED] - if (i == 4 &amp;&amp; wildList.indexOf(symbol) != -1): null

2019-08-23 18:53:19 - [TEST_STEP][PASSED] - symbol = symbol: null

2019-08-23 18:53:19 - [TEST_STEP][PASSED] - println(symbol): null

2019-08-23 18:53:19 - [TEST_STEP][PASSED] - if (i == 2 &amp;&amp; wildList.indexOf(symbol) != -1): null

2019-08-23 18:53:19 - [TEST_STEP][PASSED] - if (i == 3 &amp;&amp; wildList.indexOf(symbol) != -1): null

2019-08-23 18:53:19 - [TEST_STEP][PASSED] - if (i == 4 &amp;&amp; wildList.indexOf(symbol) != -1): null

2019-08-23 18:53:19 - [TEST_STEP][PASSED] - symbols = symbols: null

2019-08-23 18:53:19 - [TEST_STEP][PASSED] - for ([j = 0, j &lt; symbols.size(), (j++)]): null

2019-08-23 18:53:19 - [TEST_STEP][PASSED] - symbol = symbol: null

2019-08-23 18:53:19 - [TEST_STEP][PASSED] - println(symbol): null

2019-08-23 18:53:19 - [TEST_STEP][PASSED] - if (i == 2 &amp;&amp; wildList.indexOf(symbol) != -1): null

2019-08-23 18:53:19 - [TEST_STEP][PASSED] - if (i == 3 &amp;&amp; wildList.indexOf(symbol) != -1): null

2019-08-23 18:53:19 - [TEST_STEP][PASSED] - if (i == 4 &amp;&amp; wildList.indexOf(symbol) != -1): null

2019-08-23 18:53:19 - [TEST_STEP][PASSED] - symbol = symbol: null

2019-08-23 18:53:19 - [TEST_STEP][PASSED] - println(symbol): null

2019-08-23 18:53:19 - [TEST_STEP][PASSED] - if (i == 2 &amp;&amp; wildList.indexOf(symbol) != -1): null

2019-08-23 18:53:19 - [TEST_STEP][PASSED] - if (i == 3 &amp;&amp; wildList.indexOf(symbol) != -1): null

2019-08-23 18:53:19 - [TEST_STEP][PASSED] - if (i == 4 &amp;&amp; wildList.indexOf(symbol) != -1): null

2019-08-23 18:53:19 - [TEST_STEP][PASSED] - symbol = symbol: null

2019-08-23 18:53:19 - [TEST_STEP][PASSED] - println(symbol): null

2019-08-23 18:53:19 - [TEST_STEP][PASSED] - if (i == 2 &amp;&amp; wildList.indexOf(symbol) != -1): null

2019-08-23 18:53:19 - [TEST_STEP][PASSED] - if (i == 3 &amp;&amp; wildList.indexOf(symbol) != -1): null

2019-08-23 18:53:19 - [TEST_STEP][PASSED] - if (i == 4 &amp;&amp; wildList.indexOf(symbol) != -1): null

2019-08-23 18:53:19 - [TEST_STEP][PASSED] - symbols = symbols: null

2019-08-23 18:53:19 - [TEST_STEP][PASSED] - for ([j = 0, j &lt; symbols.size(), (j++)]): null

2019-08-23 18:53:19 - [TEST_STEP][PASSED] - symbol = symbol: null

2019-08-23 18:53:19 - [TEST_STEP][PASSED] - println(symbol): null

2019-08-23 18:53:19 - [TEST_STEP][PASSED] - if (i == 2 &amp;&amp; wildList.indexOf(symbol) != -1): null

2019-08-23 18:53:19 - [TEST_STEP][PASSED] - if (i == 3 &amp;&amp; wildList.indexOf(symbol) != -1): null

2019-08-23 18:53:19 - [TEST_STEP][PASSED] - if (i == 4 &amp;&amp; wildList.indexOf(symbol) != -1): null

2019-08-23 18:53:19 - [TEST_STEP][PASSED] - symbol = symbol: null

2019-08-23 18:53:19 - [TEST_STEP][PASSED] - println(symbol): null

2019-08-23 18:53:19 - [TEST_STEP][PASSED] - if (i == 2 &amp;&amp; wildList.indexOf(symbol) != -1): null

2019-08-23 18:53:19 - [TEST_STEP][PASSED] - if (i == 3 &amp;&amp; wildList.indexOf(symbol) != -1): null

2019-08-23 18:53:19 - [TEST_STEP][PASSED] - if (i == 4 &amp;&amp; wildList.indexOf(symbol) != -1): null

2019-08-23 18:53:19 - [TEST_STEP][PASSED] - symbol = symbol: null

2019-08-23 18:53:19 - [TEST_STEP][PASSED] - println(symbol): null

2019-08-23 18:53:19 - [TEST_STEP][PASSED] - if (i == 2 &amp;&amp; wildList.indexOf(symbol) != -1): null

2019-08-23 18:53:19 - [TEST_STEP][PASSED] - if (i == 3 &amp;&amp; wildList.indexOf(symbol) != -1): null

2019-08-23 18:53:19 - [TEST_STEP][PASSED] - if (i == 4 &amp;&amp; wildList.indexOf(symbol) != -1): null

2019-08-23 18:53:19 - [TEST_STEP][PASSED] - symbols = symbols: null

2019-08-23 18:53:19 - [TEST_STEP][PASSED] - for ([j = 0, j &lt; symbols.size(), (j++)]): null

2019-08-23 18:53:19 - [TEST_STEP][PASSED] - symbol = symbol: null

2019-08-23 18:53:19 - [TEST_STEP][PASSED] - println(symbol): null

2019-08-23 18:53:19 - [TEST_STEP][PASSED] - if (i == 2 &amp;&amp; wildList.indexOf(symbol) != -1): null

2019-08-23 18:53:19 - [TEST_STEP][PASSED] - if (i == 3 &amp;&amp; wildList.indexOf(symbol) != -1): null

2019-08-23 18:53:19 - [TEST_STEP][PASSED] - if (i == 4 &amp;&amp; wildList.indexOf(symbol) != -1): null

2019-08-23 18:53:19 - [TEST_STEP][PASSED] - symbol = symbol: null

2019-08-23 18:53:19 - [TEST_STEP][PASSED] - println(symbol): null

2019-08-23 18:53:19 - [TEST_STEP][PASSED] - if (i == 2 &amp;&amp; wildList.indexOf(symbol) != -1): null

2019-08-23 18:53:19 - [TEST_STEP][PASSED] - if (i == 3 &amp;&amp; wildList.indexOf(symbol) != -1): null

2019-08-23 18:53:19 - [TEST_STEP][PASSED] - if (i == 4 &amp;&amp; wildList.indexOf(symbol) != -1): null

2019-08-23 18:53:19 - [TEST_STEP][PASSED] - symbol = symbol: null

2019-08-23 18:53:19 - [TEST_STEP][PASSED] - println(symbol): null

2019-08-23 18:53:19 - [TEST_STEP][PASSED] - if (i == 2 &amp;&amp; wildList.indexOf(symbol) != -1): null

2019-08-23 18:53:19 - [TEST_STEP][PASSED] - if (i == 3 &amp;&amp; wildList.indexOf(symbol) != -1): null

2019-08-23 18:53:19 - [TEST_STEP][PASSED] - if (i == 4 &amp;&amp; wildList.indexOf(symbol) != -1): null

2019-08-23 18:53:19 - [TEST_STEP][PASSED] - free_spin_reel_counter = free_spin_reel_counter: null

2019-08-23 18:53:19 - [TEST_STEP][PASSED] - println("reel 3 wild found: " + free_spin_reel_counter[0]): null

2019-08-23 18:53:19 - [TEST_STEP][PASSED] - println("reel 4 wild found: " + free_spin_reel_counter[1]): null

2019-08-23 18:53:19 - [TEST_STEP][PASSED] - println("reel 5 wild found: " + free_spin_reel_counter[2]): null

2019-08-23 18:53:19 - [TEST_STEP][PASSED] - M4_spin_reels = M4_spin_reels: null

2019-08-23 18:53:19 - [TEST_STEP][PASSED] - M4_spin_reels_symbols = symbol: null

2019-08-23 18:53:19 - [TEST_STEP][PASSED] - M4_spin_reels_symbols = M4_spin_reels_symbols: null

2019-08-23 18:53:19 - [TEST_STEP][PASSED] - M4_spin_reel_wins = reel_wins: null

2019-08-23 18:53:19 - [TEST_STEP][PASSED] - M4_spin_reel_wins = M4_spin_reel_wins: null

2019-08-23 18:53:19 - [TEST_STEP][PASSED] - println("GlobalVariable.M4_spin_reel_wins is: " + M4_spin_reel_wins): null

2019-08-23 18:53:19 - [TEST_STEP][PASSED] - M4_spin_total_bonus_win_this_round = total_bonus_win_this_round: null

2019-08-23 18:53:19 - [TEST_STEP][PASSED] - M4_spin_total_bonus_win_this_round = M4_spin_total_bonus_win_this_round: null

2019-08-23 18:53:19 - [TEST_STEP][PASSED] - println("GlobalVariable.M4_spin_total_bonus_win_this_round is: " + M4_spin_total_bonus_win_this_round): null

2019-08-23 18:53:19 - [TEST_STEP][PASSED] - M4_spin_bonus_spin_result = spin_result: null

2019-08-23 18:53:19 - [TEST_STEP][PASSED] - M4_spin_bonus_spin_result = M4_spin_bonus_spin_result: null

2019-08-23 18:53:19 - [MESSAGE][PASSED] - Verify response successfully

2019-08-23 18:53:19 - [MESSAGE][PASSED] - Send request and verify the response successfully

2019-08-23 18:53:19 - [TEST_STEP][PASSED] - if (free_spin_reel_counter[0] &gt;= 1 &amp;&amp; free_spin_reel_counter[1] &gt;= 1 &amp;&amp; free_spin_reel_counter[2] &gt;= 1): null

2019-08-23 18:53:19 - [TEST_STEP][PASSED] - spin_result = sendRequestAndVerify(findTestObject("INT/RGS(M4)/1_M4_spin", ["M4_login_user_id":M4_login_user_id, "rgs_session_token":rgs_session_token, "partner":Partner])): Send request and verify the response successfully

2019-08-23 18:53:20 - [MESSAGE][INFO] - HAR: /Users/eiralee/Katalon_Script/SuperWild/Reports/20190823_184757/INT/superWild_1/20190823_184757/requests/main/94.har

2019-08-23 18:53:20 - [TEST_CASE][PASSED] - Start Test Case : Verification: Verification accomplished successfully

2019-08-23 18:53:20 - [TEST_STEP][PASSED] - request = getInstance().getCurrentRequest(): null

2019-08-23 18:53:20 - [TEST_STEP][PASSED] - response = getInstance().getCurrentResponse(): null

2019-08-23 18:53:20 - [TEST_STEP][PASSED] - verifyResponseStatusCode(response, 200): Verify response status code successfully

2019-08-23 18:53:20 - [MESSAGE][PASSED] - Verify response status code successfully

2019-08-23 18:53:20 - [TEST_STEP][PASSED] - getStatusCode()).isEqualTo(200): null

2019-08-23 18:53:20 - [TEST_STEP][PASSED] - newline = System.getProperty("line.separator"): null

2019-08-23 18:53:20 - [TEST_STEP][PASSED] - M4_spin = new groovy.json.JsonSlurper(): null

2019-08-23 18:53:20 - [TEST_STEP][PASSED] - result_M4_spin = M4_spin.parseText(response.getResponseBodyContent()): null

2019-08-23 18:53:20 - [TEST_STEP][PASSED] - M4_spin_current_balance = current_balance: null

2019-08-23 18:53:20 - [TEST_STEP][PASSED] - M4_spin_current_balance = M4_spin_current_balance: null

2019-08-23 18:53:20 - [TEST_STEP][PASSED] - M4_spin_transaction_id = causality: null

2019-08-23 18:53:20 - [TEST_STEP][PASSED] - M4_spin_transaction_id = M4_spin_transaction_id: null

2019-08-23 18:53:20 - [TEST_STEP][PASSED] - M4_spin_round_id = round_id: null

2019-08-23 18:53:20 - [TEST_STEP][PASSED] - M4_spin_round_id = M4_spin_round_id: null

2019-08-23 18:53:20 - [TEST_STEP][PASSED] - M4_spin_line_wins = line_wins: null

2019-08-23 18:53:20 - [TEST_STEP][PASSED] - M4_spin_line_wins = M4_spin_line_wins: null

2019-08-23 18:53:20 - [TEST_STEP][PASSED] - M4_total_bonus_spins_int = total_bonus_spins: null

2019-08-23 18:53:20 - [TEST_STEP][PASSED] - println("******M4_total_bonus_spins type is:*******" + newline + getClass().getName()): null

2019-08-23 18:53:20 - [TEST_STEP][PASSED] - M4_total_bonus_spins_int = M4_total_bonus_spins_int: null

2019-08-23 18:53:20 - [TEST_STEP][PASSED] - M4_total_bonus_spins = Integer.toString(M4_total_bonus_spins_int): null

2019-08-23 18:53:20 - [TEST_STEP][PASSED] - M4_total_bonus_spins = M4_total_bonus_spins: null

2019-08-23 18:53:20 - [TEST_STEP][PASSED] - println("M4_total_bonus_spins is:" + M4_total_bonus_spins): null

2019-08-23 18:53:20 - [TEST_STEP][PASSED] - M4_spin_bonus_data = bonus_data: null

2019-08-23 18:53:20 - [TEST_STEP][PASSED] - M4_spin_features_triggered = result_M4_spin: null

2019-08-23 18:53:20 - [TEST_STEP][PASSED] - wild = []: null

2019-08-23 18:53:20 - [TEST_STEP][PASSED] - wild[0] = "WILD_Expanding": null

2019-08-23 18:53:20 - [TEST_STEP][PASSED] - wild[1] = "WILD_Normal": null

2019-08-23 18:53:20 - [TEST_STEP][PASSED] - wild[2] = "WILD_Double": null

2019-08-23 18:53:20 - [TEST_STEP][PASSED] - wild[3] = "WILD_ExtraFG": null

2019-08-23 18:53:20 - [TEST_STEP][PASSED] - wild[4] = "WILD_Triple": null

2019-08-23 18:53:20 - [TEST_STEP][PASSED] - wildList = Arrays.asList(wild): null

2019-08-23 18:53:20 - [TEST_STEP][PASSED] - wildList = wildList: null

2019-08-23 18:53:20 - [TEST_STEP][PASSED] - free_spin_reel_counter = []: null

2019-08-23 18:53:20 - [TEST_STEP][PASSED] - free_spin_reel_counter[0] = 0: null

2019-08-23 18:53:20 - [TEST_STEP][PASSED] - free_spin_reel_counter[1] = 0: null

2019-08-23 18:53:20 - [TEST_STEP][PASSED] - free_spin_reel_counter[2] = 0: null

2019-08-23 18:53:20 - [TEST_STEP][PASSED] - M4_spin_reels = reels: null

2019-08-23 18:53:20 - [TEST_STEP][PASSED] - for ([i = 0, i &lt; M4_spin_reels.size(), (i++)]): null

2019-08-23 18:53:20 - [TEST_STEP][PASSED] - symbols = symbols: null

2019-08-23 18:53:20 - [TEST_STEP][PASSED] - for ([j = 0, j &lt; symbols.size(), (j++)]): null

2019-08-23 18:53:20 - [TEST_STEP][PASSED] - symbol = symbol: null

2019-08-23 18:53:20 - [TEST_STEP][PASSED] - println(symbol): null

2019-08-23 18:53:20 - [TEST_STEP][PASSED] - if (i == 2 &amp;&amp; wildList.indexOf(symbol) != -1): null

2019-08-23 18:53:20 - [TEST_STEP][PASSED] - if (i == 3 &amp;&amp; wildList.indexOf(symbol) != -1): null

2019-08-23 18:53:20 - [TEST_STEP][PASSED] - if (i == 4 &amp;&amp; wildList.indexOf(symbol) != -1): null

2019-08-23 18:53:20 - [TEST_STEP][PASSED] - symbol = symbol: null

2019-08-23 18:53:20 - [TEST_STEP][PASSED] - println(symbol): null

2019-08-23 18:53:20 - [TEST_STEP][PASSED] - if (i == 2 &amp;&amp; wildList.indexOf(symbol) != -1): null

2019-08-23 18:53:20 - [TEST_STEP][PASSED] - if (i == 3 &amp;&amp; wildList.indexOf(symbol) != -1): null

2019-08-23 18:53:22 - [TEST_STEP][PASSED] - if (i == 4 &amp;&amp; wildList.indexOf(symbol) != -1): null

2019-08-23 18:53:22 - [TEST_STEP][PASSED] - symbol = symbol: null

2019-08-23 18:53:22 - [TEST_STEP][PASSED] - println(symbol): null

2019-08-23 18:53:22 - [TEST_STEP][PASSED] - if (i == 2 &amp;&amp; wildList.indexOf(symbol) != -1): null

2019-08-23 18:53:22 - [TEST_STEP][PASSED] - if (i == 3 &amp;&amp; wildList.indexOf(symbol) != -1): null

2019-08-23 18:53:22 - [TEST_STEP][PASSED] - if (i == 4 &amp;&amp; wildList.indexOf(symbol) != -1): null

2019-08-23 18:53:22 - [TEST_STEP][PASSED] - symbols = symbols: null

2019-08-23 18:53:22 - [TEST_STEP][PASSED] - for ([j = 0, j &lt; symbols.size(), (j++)]): null

2019-08-23 18:53:22 - [TEST_STEP][PASSED] - symbol = symbol: null

2019-08-23 18:53:22 - [TEST_STEP][PASSED] - println(symbol): null

2019-08-23 18:53:22 - [TEST_STEP][PASSED] - if (i == 2 &amp;&amp; wildList.indexOf(symbol) != -1): null

2019-08-23 18:53:22 - [TEST_STEP][PASSED] - if (i == 3 &amp;&amp; wildList.indexOf(symbol) != -1): null

2019-08-23 18:53:22 - [TEST_STEP][PASSED] - if (i == 4 &amp;&amp; wildList.indexOf(symbol) != -1): null

2019-08-23 18:53:22 - [TEST_STEP][PASSED] - symbol = symbol: null

2019-08-23 18:53:22 - [TEST_STEP][PASSED] - println(symbol): null

2019-08-23 18:53:22 - [TEST_STEP][PASSED] - if (i == 2 &amp;&amp; wildList.indexOf(symbol) != -1): null

2019-08-23 18:53:22 - [TEST_STEP][PASSED] - if (i == 3 &amp;&amp; wildList.indexOf(symbol) != -1): null

2019-08-23 18:53:22 - [TEST_STEP][PASSED] - if (i == 4 &amp;&amp; wildList.indexOf(symbol) != -1): null

2019-08-23 18:53:22 - [TEST_STEP][PASSED] - symbol = symbol: null

2019-08-23 18:53:22 - [TEST_STEP][PASSED] - println(symbol): null

2019-08-23 18:53:22 - [TEST_STEP][PASSED] - if (i == 2 &amp;&amp; wildList.indexOf(symbol) != -1): null

2019-08-23 18:53:22 - [TEST_STEP][PASSED] - if (i == 3 &amp;&amp; wildList.indexOf(symbol) != -1): null

2019-08-23 18:53:22 - [TEST_STEP][PASSED] - if (i == 4 &amp;&amp; wildList.indexOf(symbol) != -1): null

2019-08-23 18:53:22 - [TEST_STEP][PASSED] - symbols = symbols: null

2019-08-23 18:53:22 - [TEST_STEP][PASSED] - for ([j = 0, j &lt; symbols.size(), (j++)]): null

2019-08-23 18:53:22 - [TEST_STEP][PASSED] - symbol = symbol: null

2019-08-23 18:53:22 - [TEST_STEP][PASSED] - println(symbol): null

2019-08-23 18:53:22 - [TEST_STEP][PASSED] - if (i == 2 &amp;&amp; wildList.indexOf(symbol) != -1): null

2019-08-23 18:53:22 - [TEST_STEP][PASSED] - if (i == 3 &amp;&amp; wildList.indexOf(symbol) != -1): null

2019-08-23 18:53:22 - [TEST_STEP][PASSED] - if (i == 4 &amp;&amp; wildList.indexOf(symbol) != -1): null

2019-08-23 18:53:22 - [TEST_STEP][PASSED] - symbol = symbol: null

2019-08-23 18:53:22 - [TEST_STEP][PASSED] - println(symbol): null

2019-08-23 18:53:22 - [TEST_STEP][PASSED] - if (i == 2 &amp;&amp; wildList.indexOf(symbol) != -1): null

2019-08-23 18:53:22 - [TEST_STEP][PASSED] - if (i == 3 &amp;&amp; wildList.indexOf(symbol) != -1): null

2019-08-23 18:53:22 - [TEST_STEP][PASSED] - if (i == 4 &amp;&amp; wildList.indexOf(symbol) != -1): null

2019-08-23 18:53:22 - [TEST_STEP][PASSED] - symbol = symbol: null

2019-08-23 18:53:22 - [TEST_STEP][PASSED] - println(symbol): null

2019-08-23 18:53:22 - [TEST_STEP][PASSED] - if (i == 2 &amp;&amp; wildList.indexOf(symbol) != -1): null

2019-08-23 18:53:22 - [TEST_STEP][PASSED] - if (i == 3 &amp;&amp; wildList.indexOf(symbol) != -1): null

2019-08-23 18:53:22 - [TEST_STEP][PASSED] - if (i == 4 &amp;&amp; wildList.indexOf(symbol) != -1): null

2019-08-23 18:53:22 - [TEST_STEP][PASSED] - symbols = symbols: null

2019-08-23 18:53:22 - [TEST_STEP][PASSED] - for ([j = 0, j &lt; symbols.size(), (j++)]): null

2019-08-23 18:53:22 - [TEST_STEP][PASSED] - symbol = symbol: null

2019-08-23 18:53:22 - [TEST_STEP][PASSED] - println(symbol): null

2019-08-23 18:53:22 - [TEST_STEP][PASSED] - if (i == 2 &amp;&amp; wildList.indexOf(symbol) != -1): null

2019-08-23 18:53:22 - [TEST_STEP][PASSED] - if (i == 3 &amp;&amp; wildList.indexOf(symbol) != -1): null

2019-08-23 18:53:22 - [TEST_STEP][PASSED] - if (i == 4 &amp;&amp; wildList.indexOf(symbol) != -1): null

2019-08-23 18:53:22 - [TEST_STEP][PASSED] - symbol = symbol: null

2019-08-23 18:53:22 - [TEST_STEP][PASSED] - println(symbol): null

2019-08-23 18:53:22 - [TEST_STEP][PASSED] - if (i == 2 &amp;&amp; wildList.indexOf(symbol) != -1): null

2019-08-23 18:53:22 - [TEST_STEP][PASSED] - if (i == 3 &amp;&amp; wildList.indexOf(symbol) != -1): null

2019-08-23 18:53:22 - [TEST_STEP][PASSED] - if (i == 4 &amp;&amp; wildList.indexOf(symbol) != -1): null

2019-08-23 18:53:22 - [TEST_STEP][PASSED] - symbol = symbol: null

2019-08-23 18:53:22 - [TEST_STEP][PASSED] - println(symbol): null

2019-08-23 18:53:22 - [TEST_STEP][PASSED] - if (i == 2 &amp;&amp; wildList.indexOf(symbol) != -1): null

2019-08-23 18:53:22 - [TEST_STEP][PASSED] - if (i == 3 &amp;&amp; wildList.indexOf(symbol) != -1): null

2019-08-23 18:53:22 - [TEST_STEP][PASSED] - if (i == 4 &amp;&amp; wildList.indexOf(symbol) != -1): null

2019-08-23 18:53:22 - [TEST_STEP][PASSED] - symbols = symbols: null

2019-08-23 18:53:22 - [TEST_STEP][PASSED] - for ([j = 0, j &lt; symbols.size(), (j++)]): null

2019-08-23 18:53:22 - [TEST_STEP][PASSED] - symbol = symbol: null

2019-08-23 18:53:22 - [TEST_STEP][PASSED] - println(symbol): null

2019-08-23 18:53:22 - [TEST_STEP][PASSED] - if (i == 2 &amp;&amp; wildList.indexOf(symbol) != -1): null

2019-08-23 18:53:22 - [TEST_STEP][PASSED] - if (i == 3 &amp;&amp; wildList.indexOf(symbol) != -1): null

2019-08-23 18:53:22 - [TEST_STEP][PASSED] - if (i == 4 &amp;&amp; wildList.indexOf(symbol) != -1): null

2019-08-23 18:53:22 - [TEST_STEP][PASSED] - symbol = symbol: null

2019-08-23 18:53:22 - [TEST_STEP][PASSED] - println(symbol): null

2019-08-23 18:53:22 - [TEST_STEP][PASSED] - if (i == 2 &amp;&amp; wildList.indexOf(symbol) != -1): null

2019-08-23 18:53:22 - [TEST_STEP][PASSED] - if (i == 3 &amp;&amp; wildList.indexOf(symbol) != -1): null

2019-08-23 18:53:22 - [TEST_STEP][PASSED] - if (i == 4 &amp;&amp; wildList.indexOf(symbol) != -1): null

2019-08-23 18:53:22 - [TEST_STEP][PASSED] - symbol = symbol: null

2019-08-23 18:53:22 - [TEST_STEP][PASSED] - println(symbol): null

2019-08-23 18:53:22 - [TEST_STEP][PASSED] - if (i == 2 &amp;&amp; wildList.indexOf(symbol) != -1): null

2019-08-23 18:53:22 - [TEST_STEP][PASSED] - if (i == 3 &amp;&amp; wildList.indexOf(symbol) != -1): null

2019-08-23 18:53:22 - [TEST_STEP][PASSED] - if (i == 4 &amp;&amp; wildList.indexOf(symbol) != -1): null

2019-08-23 18:53:22 - [TEST_STEP][PASSED] - free_spin_reel_counter = free_spin_reel_counter: null

2019-08-23 18:53:22 - [TEST_STEP][PASSED] - println("reel 3 wild found: " + free_spin_reel_counter[0]): null

2019-08-23 18:53:22 - [TEST_STEP][PASSED] - println("reel 4 wild found: " + free_spin_reel_counter[1]): null

2019-08-23 18:53:22 - [TEST_STEP][PASSED] - println("reel 5 wild found: " + free_spin_reel_counter[2]): null

2019-08-23 18:53:22 - [TEST_STEP][PASSED] - M4_spin_reels = M4_spin_reels: null

2019-08-23 18:53:22 - [TEST_STEP][PASSED] - M4_spin_reels_symbols = symbol: null

2019-08-23 18:53:22 - [TEST_STEP][PASSED] - M4_spin_reels_symbols = M4_spin_reels_symbols: null

2019-08-23 18:53:22 - [TEST_STEP][PASSED] - M4_spin_reel_wins = reel_wins: null

2019-08-23 18:53:22 - [TEST_STEP][PASSED] - M4_spin_reel_wins = M4_spin_reel_wins: null

2019-08-23 18:53:22 - [TEST_STEP][PASSED] - println("GlobalVariable.M4_spin_reel_wins is: " + M4_spin_reel_wins): null

2019-08-23 18:53:22 - [TEST_STEP][PASSED] - M4_spin_total_bonus_win_this_round = total_bonus_win_this_round: null

2019-08-23 18:53:22 - [TEST_STEP][PASSED] - M4_spin_total_bonus_win_this_round = M4_spin_total_bonus_win_this_round: null

2019-08-23 18:53:22 - [TEST_STEP][PASSED] - println("GlobalVariable.M4_spin_total_bonus_win_this_round is: " + M4_spin_total_bonus_win_this_round): null

2019-08-23 18:53:22 - [TEST_STEP][PASSED] - M4_spin_bonus_spin_result = spin_result: null

2019-08-23 18:53:22 - [TEST_STEP][PASSED] - M4_spin_bonus_spin_result = M4_spin_bonus_spin_result: null

2019-08-23 18:53:22 - [MESSAGE][PASSED] - Verify response successfully

2019-08-23 18:53:22 - [MESSAGE][PASSED] - Send request and verify the response successfully

2019-08-23 18:53:22 - [TEST_STEP][PASSED] - if (free_spin_reel_counter[0] &gt;= 1 &amp;&amp; free_spin_reel_counter[1] &gt;= 1 &amp;&amp; free_spin_reel_counter[2] &gt;= 1): null

2019-08-23 18:53:22 - [TEST_STEP][PASSED] - spin_result = sendRequestAndVerify(findTestObject("INT/RGS(M4)/1_M4_spin", ["M4_login_user_id":M4_login_user_id, "rgs_session_token":rgs_session_token, "partner":Partner])): Send request and verify the response successfully

2019-08-23 18:53:22 - [MESSAGE][INFO] - HAR: /Users/eiralee/Katalon_Script/SuperWild/Reports/20190823_184757/INT/superWild_1/20190823_184757/requests/main/95.har

2019-08-23 18:53:22 - [TEST_CASE][PASSED] - Start Test Case : Verification: Verification accomplished successfully

2019-08-23 18:53:22 - [TEST_STEP][PASSED] - request = getInstance().getCurrentRequest(): null

2019-08-23 18:53:23 - [TEST_STEP][PASSED] - response = getInstance().getCurrentResponse(): null

2019-08-23 18:53:23 - [TEST_STEP][PASSED] - verifyResponseStatusCode(response, 200): Verify response status code successfully

2019-08-23 18:53:23 - [MESSAGE][PASSED] - Verify response status code successfully

2019-08-23 18:53:23 - [TEST_STEP][PASSED] - getStatusCode()).isEqualTo(200): null

2019-08-23 18:53:23 - [TEST_STEP][PASSED] - newline = System.getProperty("line.separator"): null

2019-08-23 18:53:23 - [TEST_STEP][PASSED] - M4_spin = new groovy.json.JsonSlurper(): null

2019-08-23 18:53:23 - [TEST_STEP][PASSED] - result_M4_spin = M4_spin.parseText(response.getResponseBodyContent()): null

2019-08-23 18:53:23 - [TEST_STEP][PASSED] - M4_spin_current_balance = current_balance: null

2019-08-23 18:53:23 - [TEST_STEP][PASSED] - M4_spin_current_balance = M4_spin_current_balance: null

2019-08-23 18:53:23 - [TEST_STEP][PASSED] - M4_spin_transaction_id = causality: null

2019-08-23 18:53:23 - [TEST_STEP][PASSED] - M4_spin_transaction_id = M4_spin_transaction_id: null

2019-08-23 18:53:23 - [TEST_STEP][PASSED] - M4_spin_round_id = round_id: null

2019-08-23 18:53:23 - [TEST_STEP][PASSED] - M4_spin_round_id = M4_spin_round_id: null

2019-08-23 18:53:23 - [TEST_STEP][PASSED] - M4_spin_line_wins = line_wins: null

2019-08-23 18:53:23 - [TEST_STEP][PASSED] - M4_spin_line_wins = M4_spin_line_wins: null

2019-08-23 18:53:23 - [TEST_STEP][PASSED] - M4_total_bonus_spins_int = total_bonus_spins: null

2019-08-23 18:53:23 - [TEST_STEP][PASSED] - println("******M4_total_bonus_spins type is:*******" + newline + getClass().getName()): null

2019-08-23 18:53:23 - [TEST_STEP][PASSED] - M4_total_bonus_spins_int = M4_total_bonus_spins_int: null

2019-08-23 18:53:23 - [TEST_STEP][PASSED] - M4_total_bonus_spins = Integer.toString(M4_total_bonus_spins_int): null

2019-08-23 18:53:23 - [TEST_STEP][PASSED] - M4_total_bonus_spins = M4_total_bonus_spins: null

2019-08-23 18:53:23 - [TEST_STEP][PASSED] - println("M4_total_bonus_spins is:" + M4_total_bonus_spins): null

2019-08-23 18:53:23 - [TEST_STEP][PASSED] - M4_spin_bonus_data = bonus_data: null

2019-08-23 18:53:23 - [TEST_STEP][PASSED] - M4_spin_features_triggered = result_M4_spin: null

2019-08-23 18:53:23 - [TEST_STEP][PASSED] - wild = []: null

2019-08-23 18:53:23 - [TEST_STEP][PASSED] - wild[0] = "WILD_Expanding": null

2019-08-23 18:53:23 - [TEST_STEP][PASSED] - wild[1] = "WILD_Normal": null

2019-08-23 18:53:23 - [TEST_STEP][PASSED] - wild[2] = "WILD_Double": null

2019-08-23 18:53:23 - [TEST_STEP][PASSED] - wild[3] = "WILD_ExtraFG": null

2019-08-23 18:53:23 - [TEST_STEP][PASSED] - wild[4] = "WILD_Triple": null

2019-08-23 18:53:23 - [TEST_STEP][PASSED] - wildList = Arrays.asList(wild): null

2019-08-23 18:53:23 - [TEST_STEP][PASSED] - wildList = wildList: null

2019-08-23 18:53:23 - [TEST_STEP][PASSED] - free_spin_reel_counter = []: null

2019-08-23 18:53:23 - [TEST_STEP][PASSED] - free_spin_reel_counter[0] = 0: null

2019-08-23 18:53:23 - [TEST_STEP][PASSED] - free_spin_reel_counter[1] = 0: null

2019-08-23 18:53:23 - [TEST_STEP][PASSED] - free_spin_reel_counter[2] = 0: null

2019-08-23 18:53:23 - [TEST_STEP][PASSED] - M4_spin_reels = reels: null

2019-08-23 18:53:23 - [TEST_STEP][PASSED] - for ([i = 0, i &lt; M4_spin_reels.size(), (i++)]): null

2019-08-23 18:53:23 - [TEST_STEP][PASSED] - symbols = symbols: null

2019-08-23 18:53:23 - [TEST_STEP][PASSED] - for ([j = 0, j &lt; symbols.size(), (j++)]): null

2019-08-23 18:53:23 - [TEST_STEP][PASSED] - symbol = symbol: null

2019-08-23 18:53:23 - [TEST_STEP][PASSED] - println(symbol): null

2019-08-23 18:53:23 - [TEST_STEP][PASSED] - if (i == 2 &amp;&amp; wildList.indexOf(symbol) != -1): null

2019-08-23 18:53:23 - [TEST_STEP][PASSED] - if (i == 3 &amp;&amp; wildList.indexOf(symbol) != -1): null

2019-08-23 18:53:23 - [TEST_STEP][PASSED] - if (i == 4 &amp;&amp; wildList.indexOf(symbol) != -1): null

2019-08-23 18:53:23 - [TEST_STEP][PASSED] - symbol = symbol: null

2019-08-23 18:53:23 - [TEST_STEP][PASSED] - println(symbol): null

2019-08-23 18:53:23 - [TEST_STEP][PASSED] - if (i == 2 &amp;&amp; wildList.indexOf(symbol) != -1): null

2019-08-23 18:53:23 - [TEST_STEP][PASSED] - if (i == 3 &amp;&amp; wildList.indexOf(symbol) != -1): null

2019-08-23 18:53:23 - [TEST_STEP][PASSED] - if (i == 4 &amp;&amp; wildList.indexOf(symbol) != -1): null

2019-08-23 18:53:23 - [TEST_STEP][PASSED] - symbol = symbol: null

2019-08-23 18:53:23 - [TEST_STEP][PASSED] - println(symbol): null

2019-08-23 18:53:23 - [TEST_STEP][PASSED] - if (i == 2 &amp;&amp; wildList.indexOf(symbol) != -1): null

2019-08-23 18:53:23 - [TEST_STEP][PASSED] - if (i == 3 &amp;&amp; wildList.indexOf(symbol) != -1): null

2019-08-23 18:53:23 - [TEST_STEP][PASSED] - if (i == 4 &amp;&amp; wildList.indexOf(symbol) != -1): null

2019-08-23 18:53:23 - [TEST_STEP][PASSED] - symbols = symbols: null

2019-08-23 18:53:23 - [TEST_STEP][PASSED] - for ([j = 0, j &lt; symbols.size(), (j++)]): null

2019-08-23 18:53:23 - [TEST_STEP][PASSED] - symbol = symbol: null

2019-08-23 18:53:23 - [TEST_STEP][PASSED] - println(symbol): null

2019-08-23 18:53:23 - [TEST_STEP][PASSED] - if (i == 2 &amp;&amp; wildList.indexOf(symbol) != -1): null

2019-08-23 18:53:23 - [TEST_STEP][PASSED] - if (i == 3 &amp;&amp; wildList.indexOf(symbol) != -1): null

2019-08-23 18:53:23 - [TEST_STEP][PASSED] - if (i == 4 &amp;&amp; wildList.indexOf(symbol) != -1): null

2019-08-23 18:53:23 - [TEST_STEP][PASSED] - symbol = symbol: null

2019-08-23 18:53:23 - [TEST_STEP][PASSED] - println(symbol): null

2019-08-23 18:53:23 - [TEST_STEP][PASSED] - if (i == 2 &amp;&amp; wildList.indexOf(symbol) != -1): null

2019-08-23 18:53:23 - [TEST_STEP][PASSED] - if (i == 3 &amp;&amp; wildList.indexOf(symbol) != -1): null

2019-08-23 18:53:23 - [TEST_STEP][PASSED] - if (i == 4 &amp;&amp; wildList.indexOf(symbol) != -1): null

2019-08-23 18:53:23 - [TEST_STEP][PASSED] - symbol = symbol: null

2019-08-23 18:53:23 - [TEST_STEP][PASSED] - println(symbol): null

2019-08-23 18:53:23 - [TEST_STEP][PASSED] - if (i == 2 &amp;&amp; wildList.indexOf(symbol) != -1): null

2019-08-23 18:53:23 - [TEST_STEP][PASSED] - if (i == 3 &amp;&amp; wildList.indexOf(symbol) != -1): null

2019-08-23 18:53:23 - [TEST_STEP][PASSED] - if (i == 4 &amp;&amp; wildList.indexOf(symbol) != -1): null

2019-08-23 18:53:23 - [TEST_STEP][PASSED] - symbols = symbols: null

2019-08-23 18:53:23 - [TEST_STEP][PASSED] - for ([j = 0, j &lt; symbols.size(), (j++)]): null

2019-08-23 18:53:23 - [TEST_STEP][PASSED] - symbol = symbol: null

2019-08-23 18:53:23 - [TEST_STEP][PASSED] - println(symbol): null

2019-08-23 18:53:23 - [TEST_STEP][PASSED] - if (i == 2 &amp;&amp; wildList.indexOf(symbol) != -1): null

2019-08-23 18:53:23 - [TEST_STEP][PASSED] - if (i == 3 &amp;&amp; wildList.indexOf(symbol) != -1): null

2019-08-23 18:53:23 - [TEST_STEP][PASSED] - if (i == 4 &amp;&amp; wildList.indexOf(symbol) != -1): null

2019-08-23 18:53:23 - [TEST_STEP][PASSED] - symbol = symbol: null

2019-08-23 18:53:23 - [TEST_STEP][PASSED] - println(symbol): null

2019-08-23 18:53:23 - [TEST_STEP][PASSED] - if (i == 2 &amp;&amp; wildList.indexOf(symbol) != -1): null

2019-08-23 18:53:23 - [TEST_STEP][PASSED] - println("wild found on reel 3, adding counter by 1"): null

2019-08-23 18:53:23 - [TEST_STEP][PASSED] - free_spin_reel_counter[0] = free_spin_reel_counter[0] + 1: null

2019-08-23 18:53:23 - [TEST_STEP][PASSED] - if (i == 3 &amp;&amp; wildList.indexOf(symbol) != -1): null

2019-08-23 18:53:23 - [TEST_STEP][PASSED] - if (i == 4 &amp;&amp; wildList.indexOf(symbol) != -1): null

2019-08-23 18:53:23 - [TEST_STEP][PASSED] - symbol = symbol: null

2019-08-23 18:53:23 - [TEST_STEP][PASSED] - println(symbol): null

2019-08-23 18:53:23 - [TEST_STEP][PASSED] - if (i == 2 &amp;&amp; wildList.indexOf(symbol) != -1): null

2019-08-23 18:53:23 - [TEST_STEP][PASSED] - if (i == 3 &amp;&amp; wildList.indexOf(symbol) != -1): null

2019-08-23 18:53:23 - [TEST_STEP][PASSED] - if (i == 4 &amp;&amp; wildList.indexOf(symbol) != -1): null

2019-08-23 18:53:23 - [TEST_STEP][PASSED] - symbols = symbols: null

2019-08-23 18:53:23 - [TEST_STEP][PASSED] - for ([j = 0, j &lt; symbols.size(), (j++)]): null

2019-08-23 18:53:23 - [TEST_STEP][PASSED] - symbol = symbol: null

2019-08-23 18:53:23 - [TEST_STEP][PASSED] - println(symbol): null

2019-08-23 18:53:23 - [TEST_STEP][PASSED] - if (i == 2 &amp;&amp; wildList.indexOf(symbol) != -1): null

2019-08-23 18:53:23 - [TEST_STEP][PASSED] - if (i == 3 &amp;&amp; wildList.indexOf(symbol) != -1): null

2019-08-23 18:53:23 - [TEST_STEP][PASSED] - if (i == 4 &amp;&amp; wildList.indexOf(symbol) != -1): null

2019-08-23 18:53:23 - [TEST_STEP][PASSED] - symbol = symbol: null

2019-08-23 18:53:23 - [TEST_STEP][PASSED] - println(symbol): null

2019-08-23 18:53:23 - [TEST_STEP][PASSED] - if (i == 2 &amp;&amp; wildList.indexOf(symbol) != -1): null

2019-08-23 18:53:23 - [TEST_STEP][PASSED] - if (i == 3 &amp;&amp; wildList.indexOf(symbol) != -1): null

2019-08-23 18:53:23 - [TEST_STEP][PASSED] - if (i == 4 &amp;&amp; wildList.indexOf(symbol) != -1): null

2019-08-23 18:53:23 - [TEST_STEP][PASSED] - symbol = symbol: null

2019-08-23 18:53:23 - [TEST_STEP][PASSED] - println(symbol): null

2019-08-23 18:53:23 - [TEST_STEP][PASSED] - if (i == 2 &amp;&amp; wildList.indexOf(symbol) != -1): null

2019-08-23 18:53:23 - [TEST_STEP][PASSED] - if (i == 3 &amp;&amp; wildList.indexOf(symbol) != -1): null

2019-08-23 18:53:23 - [TEST_STEP][PASSED] - if (i == 4 &amp;&amp; wildList.indexOf(symbol) != -1): null

2019-08-23 18:53:23 - [TEST_STEP][PASSED] - symbols = symbols: null

2019-08-23 18:53:23 - [TEST_STEP][PASSED] - for ([j = 0, j &lt; symbols.size(), (j++)]): null

2019-08-23 18:53:23 - [TEST_STEP][PASSED] - symbol = symbol: null

2019-08-23 18:53:23 - [TEST_STEP][PASSED] - println(symbol): null

2019-08-23 18:53:23 - [TEST_STEP][PASSED] - if (i == 2 &amp;&amp; wildList.indexOf(symbol) != -1): null

2019-08-23 18:53:23 - [TEST_STEP][PASSED] - if (i == 3 &amp;&amp; wildList.indexOf(symbol) != -1): null

2019-08-23 18:53:23 - [TEST_STEP][PASSED] - if (i == 4 &amp;&amp; wildList.indexOf(symbol) != -1): null

2019-08-23 18:53:23 - [TEST_STEP][PASSED] - symbol = symbol: null

2019-08-23 18:53:23 - [TEST_STEP][PASSED] - println(symbol): null

2019-08-23 18:53:23 - [TEST_STEP][PASSED] - if (i == 2 &amp;&amp; wildList.indexOf(symbol) != -1): null

2019-08-23 18:53:23 - [TEST_STEP][PASSED] - if (i == 3 &amp;&amp; wildList.indexOf(symbol) != -1): null

2019-08-23 18:53:23 - [TEST_STEP][PASSED] - if (i == 4 &amp;&amp; wildList.indexOf(symbol) != -1): null

2019-08-23 18:53:23 - [TEST_STEP][PASSED] - symbol = symbol: null

2019-08-23 18:53:23 - [TEST_STEP][PASSED] - println(symbol): null

2019-08-23 18:53:23 - [TEST_STEP][PASSED] - if (i == 2 &amp;&amp; wildList.indexOf(symbol) != -1): null

2019-08-23 18:53:23 - [TEST_STEP][PASSED] - if (i == 3 &amp;&amp; wildList.indexOf(symbol) != -1): null

2019-08-23 18:53:23 - [TEST_STEP][PASSED] - if (i == 4 &amp;&amp; wildList.indexOf(symbol) != -1): null

2019-08-23 18:53:23 - [TEST_STEP][PASSED] - free_spin_reel_counter = free_spin_reel_counter: null

2019-08-23 18:53:23 - [TEST_STEP][PASSED] - println("reel 3 wild found: " + free_spin_reel_counter[0]): null

2019-08-23 18:53:23 - [TEST_STEP][PASSED] - println("reel 4 wild found: " + free_spin_reel_counter[1]): null

2019-08-23 18:53:23 - [TEST_STEP][PASSED] - println("reel 5 wild found: " + free_spin_reel_counter[2]): null

2019-08-23 18:53:23 - [TEST_STEP][PASSED] - M4_spin_reels = M4_spin_reels: null

2019-08-23 18:53:23 - [TEST_STEP][PASSED] - M4_spin_reels_symbols = symbol: null

2019-08-23 18:53:23 - [TEST_STEP][PASSED] - M4_spin_reels_symbols = M4_spin_reels_symbols: null

2019-08-23 18:53:23 - [TEST_STEP][PASSED] - M4_spin_reel_wins = reel_wins: null

2019-08-23 18:53:23 - [TEST_STEP][PASSED] - M4_spin_reel_wins = M4_spin_reel_wins: null

2019-08-23 18:53:23 - [TEST_STEP][PASSED] - println("GlobalVariable.M4_spin_reel_wins is: " + M4_spin_reel_wins): null

2019-08-23 18:53:23 - [TEST_STEP][PASSED] - M4_spin_total_bonus_win_this_round = total_bonus_win_this_round: null

2019-08-23 18:53:23 - [TEST_STEP][PASSED] - M4_spin_total_bonus_win_this_round = M4_spin_total_bonus_win_this_round: null

2019-08-23 18:53:23 - [TEST_STEP][PASSED] - println("GlobalVariable.M4_spin_total_bonus_win_this_round is: " + M4_spin_total_bonus_win_this_round): null

2019-08-23 18:53:23 - [TEST_STEP][PASSED] - M4_spin_bonus_spin_result = spin_result: null

2019-08-23 18:53:23 - [TEST_STEP][PASSED] - M4_spin_bonus_spin_result = M4_spin_bonus_spin_result: null

2019-08-23 18:53:23 - [MESSAGE][PASSED] - Verify response successfully

2019-08-23 18:53:23 - [MESSAGE][PASSED] - Send request and verify the response successfully

2019-08-23 18:53:23 - [TEST_STEP][PASSED] - if (free_spin_reel_counter[0] &gt;= 1 &amp;&amp; free_spin_reel_counter[1] &gt;= 1 &amp;&amp; free_spin_reel_counter[2] &gt;= 1): null

2019-08-23 18:53:23 - [TEST_STEP][PASSED] - spin_result = sendRequestAndVerify(findTestObject("INT/RGS(M4)/1_M4_spin", ["M4_login_user_id":M4_login_user_id, "rgs_session_token":rgs_session_token, "partner":Partner])): Send request and verify the response successfully

2019-08-23 18:53:23 - [MESSAGE][INFO] - HAR: /Users/eiralee/Katalon_Script/SuperWild/Reports/20190823_184757/INT/superWild_1/20190823_184757/requests/main/96.har

2019-08-23 18:53:23 - [TEST_CASE][PASSED] - Start Test Case : Verification: Verification accomplished successfully

2019-08-23 18:53:23 - [TEST_STEP][PASSED] - request = getInstance().getCurrentRequest(): null

2019-08-23 18:53:23 - [TEST_STEP][PASSED] - response = getInstance().getCurrentResponse(): null

2019-08-23 18:53:23 - [TEST_STEP][PASSED] - verifyResponseStatusCode(response, 200): Verify response status code successfully

2019-08-23 18:53:23 - [MESSAGE][PASSED] - Verify response status code successfully

2019-08-23 18:53:23 - [TEST_STEP][PASSED] - getStatusCode()).isEqualTo(200): null

2019-08-23 18:53:23 - [TEST_STEP][PASSED] - newline = System.getProperty("line.separator"): null

2019-08-23 18:53:23 - [TEST_STEP][PASSED] - M4_spin = new groovy.json.JsonSlurper(): null

2019-08-23 18:53:23 - [TEST_STEP][PASSED] - result_M4_spin = M4_spin.parseText(response.getResponseBodyContent()): null

2019-08-23 18:53:23 - [TEST_STEP][PASSED] - M4_spin_current_balance = current_balance: null

2019-08-23 18:53:23 - [TEST_STEP][PASSED] - M4_spin_current_balance = M4_spin_current_balance: null

2019-08-23 18:53:23 - [TEST_STEP][PASSED] - M4_spin_transaction_id = causality: null

2019-08-23 18:53:23 - [TEST_STEP][PASSED] - M4_spin_transaction_id = M4_spin_transaction_id: null

2019-08-23 18:53:23 - [TEST_STEP][PASSED] - M4_spin_round_id = round_id: null

2019-08-23 18:53:23 - [TEST_STEP][PASSED] - M4_spin_round_id = M4_spin_round_id: null

2019-08-23 18:53:23 - [TEST_STEP][PASSED] - M4_spin_line_wins = line_wins: null

2019-08-23 18:53:23 - [TEST_STEP][PASSED] - M4_spin_line_wins = M4_spin_line_wins: null

2019-08-23 18:53:23 - [TEST_STEP][PASSED] - M4_total_bonus_spins_int = total_bonus_spins: null

2019-08-23 18:53:23 - [TEST_STEP][PASSED] - println("******M4_total_bonus_spins type is:*******" + newline + getClass().getName()): null

2019-08-23 18:53:23 - [TEST_STEP][PASSED] - M4_total_bonus_spins_int = M4_total_bonus_spins_int: null

2019-08-23 18:53:23 - [TEST_STEP][PASSED] - M4_total_bonus_spins = Integer.toString(M4_total_bonus_spins_int): null

2019-08-23 18:53:23 - [TEST_STEP][PASSED] - M4_total_bonus_spins = M4_total_bonus_spins: null

2019-08-23 18:53:23 - [TEST_STEP][PASSED] - println("M4_total_bonus_spins is:" + M4_total_bonus_spins): null

2019-08-23 18:53:23 - [TEST_STEP][PASSED] - M4_spin_bonus_data = bonus_data: null

2019-08-23 18:53:23 - [TEST_STEP][PASSED] - M4_spin_features_triggered = result_M4_spin: null

2019-08-23 18:53:23 - [TEST_STEP][PASSED] - wild = []: null

2019-08-23 18:53:23 - [TEST_STEP][PASSED] - wild[0] = "WILD_Expanding": null

2019-08-23 18:53:23 - [TEST_STEP][PASSED] - wild[1] = "WILD_Normal": null

2019-08-23 18:53:23 - [TEST_STEP][PASSED] - wild[2] = "WILD_Double": null

2019-08-23 18:53:23 - [TEST_STEP][PASSED] - wild[3] = "WILD_ExtraFG": null

2019-08-23 18:53:23 - [TEST_STEP][PASSED] - wild[4] = "WILD_Triple": null

2019-08-23 18:53:23 - [TEST_STEP][PASSED] - wildList = Arrays.asList(wild): null

2019-08-23 18:53:23 - [TEST_STEP][PASSED] - wildList = wildList: null

2019-08-23 18:53:23 - [TEST_STEP][PASSED] - free_spin_reel_counter = []: null

2019-08-23 18:53:23 - [TEST_STEP][PASSED] - free_spin_reel_counter[0] = 0: null

2019-08-23 18:53:23 - [TEST_STEP][PASSED] - free_spin_reel_counter[1] = 0: null

2019-08-23 18:53:23 - [TEST_STEP][PASSED] - free_spin_reel_counter[2] = 0: null

2019-08-23 18:53:23 - [TEST_STEP][PASSED] - M4_spin_reels = reels: null

2019-08-23 18:53:23 - [TEST_STEP][PASSED] - for ([i = 0, i &lt; M4_spin_reels.size(), (i++)]): null

2019-08-23 18:53:23 - [TEST_STEP][PASSED] - symbols = symbols: null

2019-08-23 18:53:23 - [TEST_STEP][PASSED] - for ([j = 0, j &lt; symbols.size(), (j++)]): null

2019-08-23 18:53:23 - [TEST_STEP][PASSED] - symbol = symbol: null

2019-08-23 18:53:23 - [TEST_STEP][PASSED] - println(symbol): null

2019-08-23 18:53:23 - [TEST_STEP][PASSED] - if (i == 2 &amp;&amp; wildList.indexOf(symbol) != -1): null

2019-08-23 18:53:23 - [TEST_STEP][PASSED] - if (i == 3 &amp;&amp; wildList.indexOf(symbol) != -1): null

2019-08-23 18:53:23 - [TEST_STEP][PASSED] - if (i == 4 &amp;&amp; wildList.indexOf(symbol) != -1): null

2019-08-23 18:53:23 - [TEST_STEP][PASSED] - symbol = symbol: null

2019-08-23 18:53:23 - [TEST_STEP][PASSED] - println(symbol): null

2019-08-23 18:53:23 - [TEST_STEP][PASSED] - if (i == 2 &amp;&amp; wildList.indexOf(symbol) != -1): null

2019-08-23 18:53:23 - [TEST_STEP][PASSED] - if (i == 3 &amp;&amp; wildList.indexOf(symbol) != -1): null

2019-08-23 18:53:23 - [TEST_STEP][PASSED] - if (i == 4 &amp;&amp; wildList.indexOf(symbol) != -1): null

2019-08-23 18:53:23 - [TEST_STEP][PASSED] - symbol = symbol: null

2019-08-23 18:53:23 - [TEST_STEP][PASSED] - println(symbol): null

2019-08-23 18:53:23 - [TEST_STEP][PASSED] - if (i == 2 &amp;&amp; wildList.indexOf(symbol) != -1): null

2019-08-23 18:53:23 - [TEST_STEP][PASSED] - if (i == 3 &amp;&amp; wildList.indexOf(symbol) != -1): null

2019-08-23 18:53:23 - [TEST_STEP][PASSED] - if (i == 4 &amp;&amp; wildList.indexOf(symbol) != -1): null

2019-08-23 18:53:23 - [TEST_STEP][PASSED] - symbols = symbols: null

2019-08-23 18:53:23 - [TEST_STEP][PASSED] - for ([j = 0, j &lt; symbols.size(), (j++)]): null

2019-08-23 18:53:23 - [TEST_STEP][PASSED] - symbol = symbol: null

2019-08-23 18:53:23 - [TEST_STEP][PASSED] - println(symbol): null

2019-08-23 18:53:23 - [TEST_STEP][PASSED] - if (i == 2 &amp;&amp; wildList.indexOf(symbol) != -1): null

2019-08-23 18:53:23 - [TEST_STEP][PASSED] - if (i == 3 &amp;&amp; wildList.indexOf(symbol) != -1): null

2019-08-23 18:53:23 - [TEST_STEP][PASSED] - if (i == 4 &amp;&amp; wildList.indexOf(symbol) != -1): null

2019-08-23 18:53:23 - [TEST_STEP][PASSED] - symbol = symbol: null

2019-08-23 18:53:23 - [TEST_STEP][PASSED] - println(symbol): null

2019-08-23 18:53:23 - [TEST_STEP][PASSED] - if (i == 2 &amp;&amp; wildList.indexOf(symbol) != -1): null

2019-08-23 18:53:23 - [TEST_STEP][PASSED] - if (i == 3 &amp;&amp; wildList.indexOf(symbol) != -1): null

2019-08-23 18:53:23 - [TEST_STEP][PASSED] - if (i == 4 &amp;&amp; wildList.indexOf(symbol) != -1): null

2019-08-23 18:53:23 - [TEST_STEP][PASSED] - symbol = symbol: null

2019-08-23 18:53:23 - [TEST_STEP][PASSED] - println(symbol): null

2019-08-23 18:53:23 - [TEST_STEP][PASSED] - if (i == 2 &amp;&amp; wildList.indexOf(symbol) != -1): null

2019-08-23 18:53:23 - [TEST_STEP][PASSED] - if (i == 3 &amp;&amp; wildList.indexOf(symbol) != -1): null

2019-08-23 18:53:23 - [TEST_STEP][PASSED] - if (i == 4 &amp;&amp; wildList.indexOf(symbol) != -1): null

2019-08-23 18:53:23 - [TEST_STEP][PASSED] - symbols = symbols: null

2019-08-23 18:53:23 - [TEST_STEP][PASSED] - for ([j = 0, j &lt; symbols.size(), (j++)]): null

2019-08-23 18:53:23 - [TEST_STEP][PASSED] - symbol = symbol: null

2019-08-23 18:53:23 - [TEST_STEP][PASSED] - println(symbol): null

2019-08-23 18:53:23 - [TEST_STEP][PASSED] - if (i == 2 &amp;&amp; wildList.indexOf(symbol) != -1): null

2019-08-23 18:53:23 - [TEST_STEP][PASSED] - if (i == 3 &amp;&amp; wildList.indexOf(symbol) != -1): null

2019-08-23 18:53:23 - [TEST_STEP][PASSED] - if (i == 4 &amp;&amp; wildList.indexOf(symbol) != -1): null

2019-08-23 18:53:23 - [TEST_STEP][PASSED] - symbol = symbol: null

2019-08-23 18:53:23 - [TEST_STEP][PASSED] - println(symbol): null

2019-08-23 18:53:23 - [TEST_STEP][PASSED] - if (i == 2 &amp;&amp; wildList.indexOf(symbol) != -1): null

2019-08-23 18:53:23 - [TEST_STEP][PASSED] - if (i == 3 &amp;&amp; wildList.indexOf(symbol) != -1): null

2019-08-23 18:53:25 - [TEST_STEP][PASSED] - if (i == 4 &amp;&amp; wildList.indexOf(symbol) != -1): null

2019-08-23 18:53:25 - [TEST_STEP][PASSED] - symbol = symbol: null

2019-08-23 18:53:25 - [TEST_STEP][PASSED] - println(symbol): null

2019-08-23 18:53:25 - [TEST_STEP][PASSED] - if (i == 2 &amp;&amp; wildList.indexOf(symbol) != -1): null

2019-08-23 18:53:25 - [TEST_STEP][PASSED] - if (i == 3 &amp;&amp; wildList.indexOf(symbol) != -1): null

2019-08-23 18:53:25 - [TEST_STEP][PASSED] - if (i == 4 &amp;&amp; wildList.indexOf(symbol) != -1): null

2019-08-23 18:53:25 - [TEST_STEP][PASSED] - symbols = symbols: null

2019-08-23 18:53:25 - [TEST_STEP][PASSED] - for ([j = 0, j &lt; symbols.size(), (j++)]): null

2019-08-23 18:53:25 - [TEST_STEP][PASSED] - symbol = symbol: null

2019-08-23 18:53:25 - [TEST_STEP][PASSED] - println(symbol): null

2019-08-23 18:53:25 - [TEST_STEP][PASSED] - if (i == 2 &amp;&amp; wildList.indexOf(symbol) != -1): null

2019-08-23 18:53:25 - [TEST_STEP][PASSED] - if (i == 3 &amp;&amp; wildList.indexOf(symbol) != -1): null

2019-08-23 18:53:25 - [TEST_STEP][PASSED] - if (i == 4 &amp;&amp; wildList.indexOf(symbol) != -1): null

2019-08-23 18:53:25 - [TEST_STEP][PASSED] - symbol = symbol: null

2019-08-23 18:53:25 - [TEST_STEP][PASSED] - println(symbol): null

2019-08-23 18:53:25 - [TEST_STEP][PASSED] - if (i == 2 &amp;&amp; wildList.indexOf(symbol) != -1): null

2019-08-23 18:53:25 - [TEST_STEP][PASSED] - if (i == 3 &amp;&amp; wildList.indexOf(symbol) != -1): null

2019-08-23 18:53:25 - [TEST_STEP][PASSED] - if (i == 4 &amp;&amp; wildList.indexOf(symbol) != -1): null

2019-08-23 18:53:25 - [TEST_STEP][PASSED] - symbol = symbol: null

2019-08-23 18:53:25 - [TEST_STEP][PASSED] - println(symbol): null

2019-08-23 18:53:25 - [TEST_STEP][PASSED] - if (i == 2 &amp;&amp; wildList.indexOf(symbol) != -1): null

2019-08-23 18:53:25 - [TEST_STEP][PASSED] - if (i == 3 &amp;&amp; wildList.indexOf(symbol) != -1): null

2019-08-23 18:53:25 - [TEST_STEP][PASSED] - if (i == 4 &amp;&amp; wildList.indexOf(symbol) != -1): null

2019-08-23 18:53:25 - [TEST_STEP][PASSED] - symbols = symbols: null

2019-08-23 18:53:25 - [TEST_STEP][PASSED] - for ([j = 0, j &lt; symbols.size(), (j++)]): null

2019-08-23 18:53:25 - [TEST_STEP][PASSED] - symbol = symbol: null

2019-08-23 18:53:25 - [TEST_STEP][PASSED] - println(symbol): null

2019-08-23 18:53:25 - [TEST_STEP][PASSED] - if (i == 2 &amp;&amp; wildList.indexOf(symbol) != -1): null

2019-08-23 18:53:25 - [TEST_STEP][PASSED] - if (i == 3 &amp;&amp; wildList.indexOf(symbol) != -1): null

2019-08-23 18:53:25 - [TEST_STEP][PASSED] - if (i == 4 &amp;&amp; wildList.indexOf(symbol) != -1): null

2019-08-23 18:53:25 - [TEST_STEP][PASSED] - symbol = symbol: null

2019-08-23 18:53:25 - [TEST_STEP][PASSED] - println(symbol): null

2019-08-23 18:53:25 - [TEST_STEP][PASSED] - if (i == 2 &amp;&amp; wildList.indexOf(symbol) != -1): null

2019-08-23 18:53:25 - [TEST_STEP][PASSED] - if (i == 3 &amp;&amp; wildList.indexOf(symbol) != -1): null

2019-08-23 18:53:25 - [TEST_STEP][PASSED] - if (i == 4 &amp;&amp; wildList.indexOf(symbol) != -1): null

2019-08-23 18:53:25 - [TEST_STEP][PASSED] - symbol = symbol: null

2019-08-23 18:53:25 - [TEST_STEP][PASSED] - println(symbol): null

2019-08-23 18:53:25 - [TEST_STEP][PASSED] - if (i == 2 &amp;&amp; wildList.indexOf(symbol) != -1): null

2019-08-23 18:53:25 - [TEST_STEP][PASSED] - if (i == 3 &amp;&amp; wildList.indexOf(symbol) != -1): null

2019-08-23 18:53:25 - [TEST_STEP][PASSED] - if (i == 4 &amp;&amp; wildList.indexOf(symbol) != -1): null

2019-08-23 18:53:25 - [TEST_STEP][PASSED] - free_spin_reel_counter = free_spin_reel_counter: null

2019-08-23 18:53:25 - [TEST_STEP][PASSED] - println("reel 3 wild found: " + free_spin_reel_counter[0]): null

2019-08-23 18:53:25 - [TEST_STEP][PASSED] - println("reel 4 wild found: " + free_spin_reel_counter[1]): null

2019-08-23 18:53:25 - [TEST_STEP][PASSED] - println("reel 5 wild found: " + free_spin_reel_counter[2]): null

2019-08-23 18:53:25 - [TEST_STEP][PASSED] - M4_spin_reels = M4_spin_reels: null

2019-08-23 18:53:25 - [TEST_STEP][PASSED] - M4_spin_reels_symbols = symbol: null

2019-08-23 18:53:25 - [TEST_STEP][PASSED] - M4_spin_reels_symbols = M4_spin_reels_symbols: null

2019-08-23 18:53:25 - [TEST_STEP][PASSED] - M4_spin_reel_wins = reel_wins: null

2019-08-23 18:53:25 - [TEST_STEP][PASSED] - M4_spin_reel_wins = M4_spin_reel_wins: null

2019-08-23 18:53:25 - [TEST_STEP][PASSED] - println("GlobalVariable.M4_spin_reel_wins is: " + M4_spin_reel_wins): null

2019-08-23 18:53:25 - [TEST_STEP][PASSED] - M4_spin_total_bonus_win_this_round = total_bonus_win_this_round: null

2019-08-23 18:53:25 - [TEST_STEP][PASSED] - M4_spin_total_bonus_win_this_round = M4_spin_total_bonus_win_this_round: null

2019-08-23 18:53:25 - [TEST_STEP][PASSED] - println("GlobalVariable.M4_spin_total_bonus_win_this_round is: " + M4_spin_total_bonus_win_this_round): null

2019-08-23 18:53:25 - [TEST_STEP][PASSED] - M4_spin_bonus_spin_result = spin_result: null

2019-08-23 18:53:25 - [TEST_STEP][PASSED] - M4_spin_bonus_spin_result = M4_spin_bonus_spin_result: null

2019-08-23 18:53:25 - [MESSAGE][PASSED] - Verify response successfully

2019-08-23 18:53:25 - [MESSAGE][PASSED] - Send request and verify the response successfully

2019-08-23 18:53:25 - [TEST_STEP][PASSED] - if (free_spin_reel_counter[0] &gt;= 1 &amp;&amp; free_spin_reel_counter[1] &gt;= 1 &amp;&amp; free_spin_reel_counter[2] &gt;= 1): null

2019-08-23 18:53:25 - [TEST_STEP][PASSED] - spin_result = sendRequestAndVerify(findTestObject("INT/RGS(M4)/1_M4_spin", ["M4_login_user_id":M4_login_user_id, "rgs_session_token":rgs_session_token, "partner":Partner])): Send request and verify the response successfully

2019-08-23 18:53:26 - [MESSAGE][INFO] - HAR: /Users/eiralee/Katalon_Script/SuperWild/Reports/20190823_184757/INT/superWild_1/20190823_184757/requests/main/97.har

2019-08-23 18:53:26 - [TEST_CASE][PASSED] - Start Test Case : Verification: Verification accomplished successfully

2019-08-23 18:53:26 - [TEST_STEP][PASSED] - request = getInstance().getCurrentRequest(): null

2019-08-23 18:53:26 - [TEST_STEP][PASSED] - response = getInstance().getCurrentResponse(): null

2019-08-23 18:53:26 - [TEST_STEP][PASSED] - verifyResponseStatusCode(response, 200): Verify response status code successfully

2019-08-23 18:53:26 - [MESSAGE][PASSED] - Verify response status code successfully

2019-08-23 18:53:26 - [TEST_STEP][PASSED] - getStatusCode()).isEqualTo(200): null

2019-08-23 18:53:26 - [TEST_STEP][PASSED] - newline = System.getProperty("line.separator"): null

2019-08-23 18:53:26 - [TEST_STEP][PASSED] - M4_spin = new groovy.json.JsonSlurper(): null

2019-08-23 18:53:26 - [TEST_STEP][PASSED] - result_M4_spin = M4_spin.parseText(response.getResponseBodyContent()): null

2019-08-23 18:53:26 - [TEST_STEP][PASSED] - M4_spin_current_balance = current_balance: null

2019-08-23 18:53:26 - [TEST_STEP][PASSED] - M4_spin_current_balance = M4_spin_current_balance: null

2019-08-23 18:53:26 - [TEST_STEP][PASSED] - M4_spin_transaction_id = causality: null

2019-08-23 18:53:26 - [TEST_STEP][PASSED] - M4_spin_transaction_id = M4_spin_transaction_id: null

2019-08-23 18:53:26 - [TEST_STEP][PASSED] - M4_spin_round_id = round_id: null

2019-08-23 18:53:26 - [TEST_STEP][PASSED] - M4_spin_round_id = M4_spin_round_id: null

2019-08-23 18:53:26 - [TEST_STEP][PASSED] - M4_spin_line_wins = line_wins: null

2019-08-23 18:53:26 - [TEST_STEP][PASSED] - M4_spin_line_wins = M4_spin_line_wins: null

2019-08-23 18:53:26 - [TEST_STEP][PASSED] - M4_total_bonus_spins_int = total_bonus_spins: null

2019-08-23 18:53:26 - [TEST_STEP][PASSED] - println("******M4_total_bonus_spins type is:*******" + newline + getClass().getName()): null

2019-08-23 18:53:26 - [TEST_STEP][PASSED] - M4_total_bonus_spins_int = M4_total_bonus_spins_int: null

2019-08-23 18:53:26 - [TEST_STEP][PASSED] - M4_total_bonus_spins = Integer.toString(M4_total_bonus_spins_int): null

2019-08-23 18:53:26 - [TEST_STEP][PASSED] - M4_total_bonus_spins = M4_total_bonus_spins: null

2019-08-23 18:53:26 - [TEST_STEP][PASSED] - println("M4_total_bonus_spins is:" + M4_total_bonus_spins): null

2019-08-23 18:53:26 - [TEST_STEP][PASSED] - M4_spin_bonus_data = bonus_data: null

2019-08-23 18:53:26 - [TEST_STEP][PASSED] - M4_spin_features_triggered = result_M4_spin: null

2019-08-23 18:53:26 - [TEST_STEP][PASSED] - wild = []: null

2019-08-23 18:53:26 - [TEST_STEP][PASSED] - wild[0] = "WILD_Expanding": null

2019-08-23 18:53:26 - [TEST_STEP][PASSED] - wild[1] = "WILD_Normal": null

2019-08-23 18:53:26 - [TEST_STEP][PASSED] - wild[2] = "WILD_Double": null

2019-08-23 18:53:26 - [TEST_STEP][PASSED] - wild[3] = "WILD_ExtraFG": null

2019-08-23 18:53:26 - [TEST_STEP][PASSED] - wild[4] = "WILD_Triple": null

2019-08-23 18:53:26 - [TEST_STEP][PASSED] - wildList = Arrays.asList(wild): null

2019-08-23 18:53:26 - [TEST_STEP][PASSED] - wildList = wildList: null

2019-08-23 18:53:26 - [TEST_STEP][PASSED] - free_spin_reel_counter = []: null

2019-08-23 18:53:26 - [TEST_STEP][PASSED] - free_spin_reel_counter[0] = 0: null

2019-08-23 18:53:26 - [TEST_STEP][PASSED] - free_spin_reel_counter[1] = 0: null

2019-08-23 18:53:26 - [TEST_STEP][PASSED] - free_spin_reel_counter[2] = 0: null

2019-08-23 18:53:26 - [TEST_STEP][PASSED] - M4_spin_reels = reels: null

2019-08-23 18:53:26 - [TEST_STEP][PASSED] - for ([i = 0, i &lt; M4_spin_reels.size(), (i++)]): null

2019-08-23 18:53:26 - [TEST_STEP][PASSED] - symbols = symbols: null

2019-08-23 18:53:26 - [TEST_STEP][PASSED] - for ([j = 0, j &lt; symbols.size(), (j++)]): null

2019-08-23 18:53:26 - [TEST_STEP][PASSED] - symbol = symbol: null

2019-08-23 18:53:26 - [TEST_STEP][PASSED] - println(symbol): null

2019-08-23 18:53:26 - [TEST_STEP][PASSED] - if (i == 2 &amp;&amp; wildList.indexOf(symbol) != -1): null

2019-08-23 18:53:26 - [TEST_STEP][PASSED] - if (i == 3 &amp;&amp; wildList.indexOf(symbol) != -1): null

2019-08-23 18:53:26 - [TEST_STEP][PASSED] - if (i == 4 &amp;&amp; wildList.indexOf(symbol) != -1): null

2019-08-23 18:53:26 - [TEST_STEP][PASSED] - symbol = symbol: null

2019-08-23 18:53:26 - [TEST_STEP][PASSED] - println(symbol): null

2019-08-23 18:53:26 - [TEST_STEP][PASSED] - if (i == 2 &amp;&amp; wildList.indexOf(symbol) != -1): null

2019-08-23 18:53:26 - [TEST_STEP][PASSED] - if (i == 3 &amp;&amp; wildList.indexOf(symbol) != -1): null

2019-08-23 18:53:26 - [TEST_STEP][PASSED] - if (i == 4 &amp;&amp; wildList.indexOf(symbol) != -1): null

2019-08-23 18:53:26 - [TEST_STEP][PASSED] - symbol = symbol: null

2019-08-23 18:53:26 - [TEST_STEP][PASSED] - println(symbol): null

2019-08-23 18:53:26 - [TEST_STEP][PASSED] - if (i == 2 &amp;&amp; wildList.indexOf(symbol) != -1): null

2019-08-23 18:53:26 - [TEST_STEP][PASSED] - if (i == 3 &amp;&amp; wildList.indexOf(symbol) != -1): null

2019-08-23 18:53:26 - [TEST_STEP][PASSED] - if (i == 4 &amp;&amp; wildList.indexOf(symbol) != -1): null

2019-08-23 18:53:26 - [TEST_STEP][PASSED] - symbols = symbols: null

2019-08-23 18:53:26 - [TEST_STEP][PASSED] - for ([j = 0, j &lt; symbols.size(), (j++)]): null

2019-08-23 18:53:26 - [TEST_STEP][PASSED] - symbol = symbol: null

2019-08-23 18:53:26 - [TEST_STEP][PASSED] - println(symbol): null

2019-08-23 18:53:26 - [TEST_STEP][PASSED] - if (i == 2 &amp;&amp; wildList.indexOf(symbol) != -1): null

2019-08-23 18:53:26 - [TEST_STEP][PASSED] - if (i == 3 &amp;&amp; wildList.indexOf(symbol) != -1): null

2019-08-23 18:53:26 - [TEST_STEP][PASSED] - if (i == 4 &amp;&amp; wildList.indexOf(symbol) != -1): null

2019-08-23 18:53:26 - [TEST_STEP][PASSED] - symbol = symbol: null

2019-08-23 18:53:26 - [TEST_STEP][PASSED] - println(symbol): null

2019-08-23 18:53:26 - [TEST_STEP][PASSED] - if (i == 2 &amp;&amp; wildList.indexOf(symbol) != -1): null

2019-08-23 18:53:26 - [TEST_STEP][PASSED] - if (i == 3 &amp;&amp; wildList.indexOf(symbol) != -1): null

2019-08-23 18:53:26 - [TEST_STEP][PASSED] - if (i == 4 &amp;&amp; wildList.indexOf(symbol) != -1): null

2019-08-23 18:53:26 - [TEST_STEP][PASSED] - symbol = symbol: null

2019-08-23 18:53:26 - [TEST_STEP][PASSED] - println(symbol): null

2019-08-23 18:53:26 - [TEST_STEP][PASSED] - if (i == 2 &amp;&amp; wildList.indexOf(symbol) != -1): null

2019-08-23 18:53:26 - [TEST_STEP][PASSED] - if (i == 3 &amp;&amp; wildList.indexOf(symbol) != -1): null

2019-08-23 18:53:26 - [TEST_STEP][PASSED] - if (i == 4 &amp;&amp; wildList.indexOf(symbol) != -1): null

2019-08-23 18:53:26 - [TEST_STEP][PASSED] - symbols = symbols: null

2019-08-23 18:53:26 - [TEST_STEP][PASSED] - for ([j = 0, j &lt; symbols.size(), (j++)]): null

2019-08-23 18:53:26 - [TEST_STEP][PASSED] - symbol = symbol: null

2019-08-23 18:53:26 - [TEST_STEP][PASSED] - println(symbol): null

2019-08-23 18:53:26 - [TEST_STEP][PASSED] - if (i == 2 &amp;&amp; wildList.indexOf(symbol) != -1): null

2019-08-23 18:53:26 - [TEST_STEP][PASSED] - if (i == 3 &amp;&amp; wildList.indexOf(symbol) != -1): null

2019-08-23 18:53:26 - [TEST_STEP][PASSED] - if (i == 4 &amp;&amp; wildList.indexOf(symbol) != -1): null

2019-08-23 18:53:26 - [TEST_STEP][PASSED] - symbol = symbol: null

2019-08-23 18:53:26 - [TEST_STEP][PASSED] - println(symbol): null

2019-08-23 18:53:26 - [TEST_STEP][PASSED] - if (i == 2 &amp;&amp; wildList.indexOf(symbol) != -1): null

2019-08-23 18:53:26 - [TEST_STEP][PASSED] - if (i == 3 &amp;&amp; wildList.indexOf(symbol) != -1): null

2019-08-23 18:53:26 - [TEST_STEP][PASSED] - if (i == 4 &amp;&amp; wildList.indexOf(symbol) != -1): null

2019-08-23 18:53:26 - [TEST_STEP][PASSED] - symbol = symbol: null

2019-08-23 18:53:26 - [TEST_STEP][PASSED] - println(symbol): null

2019-08-23 18:53:26 - [TEST_STEP][PASSED] - if (i == 2 &amp;&amp; wildList.indexOf(symbol) != -1): null

2019-08-23 18:53:26 - [TEST_STEP][PASSED] - if (i == 3 &amp;&amp; wildList.indexOf(symbol) != -1): null

2019-08-23 18:53:26 - [TEST_STEP][PASSED] - if (i == 4 &amp;&amp; wildList.indexOf(symbol) != -1): null

2019-08-23 18:53:26 - [TEST_STEP][PASSED] - symbols = symbols: null

2019-08-23 18:53:26 - [TEST_STEP][PASSED] - for ([j = 0, j &lt; symbols.size(), (j++)]): null

2019-08-23 18:53:26 - [TEST_STEP][PASSED] - symbol = symbol: null

2019-08-23 18:53:26 - [TEST_STEP][PASSED] - println(symbol): null

2019-08-23 18:53:26 - [TEST_STEP][PASSED] - if (i == 2 &amp;&amp; wildList.indexOf(symbol) != -1): null

2019-08-23 18:53:26 - [TEST_STEP][PASSED] - if (i == 3 &amp;&amp; wildList.indexOf(symbol) != -1): null

2019-08-23 18:53:26 - [TEST_STEP][PASSED] - if (i == 4 &amp;&amp; wildList.indexOf(symbol) != -1): null

2019-08-23 18:53:26 - [TEST_STEP][PASSED] - symbol = symbol: null

2019-08-23 18:53:26 - [TEST_STEP][PASSED] - println(symbol): null

2019-08-23 18:53:26 - [TEST_STEP][PASSED] - if (i == 2 &amp;&amp; wildList.indexOf(symbol) != -1): null

2019-08-23 18:53:26 - [TEST_STEP][PASSED] - if (i == 3 &amp;&amp; wildList.indexOf(symbol) != -1): null

2019-08-23 18:53:26 - [TEST_STEP][PASSED] - if (i == 4 &amp;&amp; wildList.indexOf(symbol) != -1): null

2019-08-23 18:53:26 - [TEST_STEP][PASSED] - symbol = symbol: null

2019-08-23 18:53:26 - [TEST_STEP][PASSED] - println(symbol): null

2019-08-23 18:53:26 - [TEST_STEP][PASSED] - if (i == 2 &amp;&amp; wildList.indexOf(symbol) != -1): null

2019-08-23 18:53:26 - [TEST_STEP][PASSED] - if (i == 3 &amp;&amp; wildList.indexOf(symbol) != -1): null

2019-08-23 18:53:26 - [TEST_STEP][PASSED] - if (i == 4 &amp;&amp; wildList.indexOf(symbol) != -1): null

2019-08-23 18:53:26 - [TEST_STEP][PASSED] - symbols = symbols: null

2019-08-23 18:53:26 - [TEST_STEP][PASSED] - for ([j = 0, j &lt; symbols.size(), (j++)]): null

2019-08-23 18:53:26 - [TEST_STEP][PASSED] - symbol = symbol: null

2019-08-23 18:53:26 - [TEST_STEP][PASSED] - println(symbol): null

2019-08-23 18:53:26 - [TEST_STEP][PASSED] - if (i == 2 &amp;&amp; wildList.indexOf(symbol) != -1): null

2019-08-23 18:53:26 - [TEST_STEP][PASSED] - if (i == 3 &amp;&amp; wildList.indexOf(symbol) != -1): null

2019-08-23 18:53:26 - [TEST_STEP][PASSED] - if (i == 4 &amp;&amp; wildList.indexOf(symbol) != -1): null

2019-08-23 18:53:26 - [TEST_STEP][PASSED] - symbol = symbol: null

2019-08-23 18:53:26 - [TEST_STEP][PASSED] - println(symbol): null

2019-08-23 18:53:26 - [TEST_STEP][PASSED] - if (i == 2 &amp;&amp; wildList.indexOf(symbol) != -1): null

2019-08-23 18:53:26 - [TEST_STEP][PASSED] - if (i == 3 &amp;&amp; wildList.indexOf(symbol) != -1): null

2019-08-23 18:53:26 - [TEST_STEP][PASSED] - if (i == 4 &amp;&amp; wildList.indexOf(symbol) != -1): null

2019-08-23 18:53:26 - [TEST_STEP][PASSED] - symbol = symbol: null

2019-08-23 18:53:26 - [TEST_STEP][PASSED] - println(symbol): null

2019-08-23 18:53:26 - [TEST_STEP][PASSED] - if (i == 2 &amp;&amp; wildList.indexOf(symbol) != -1): null

2019-08-23 18:53:26 - [TEST_STEP][PASSED] - if (i == 3 &amp;&amp; wildList.indexOf(symbol) != -1): null

2019-08-23 18:53:26 - [TEST_STEP][PASSED] - if (i == 4 &amp;&amp; wildList.indexOf(symbol) != -1): null

2019-08-23 18:53:26 - [TEST_STEP][PASSED] - free_spin_reel_counter = free_spin_reel_counter: null

2019-08-23 18:53:26 - [TEST_STEP][PASSED] - println("reel 3 wild found: " + free_spin_reel_counter[0]): null

2019-08-23 18:53:26 - [TEST_STEP][PASSED] - println("reel 4 wild found: " + free_spin_reel_counter[1]): null

2019-08-23 18:53:26 - [TEST_STEP][PASSED] - println("reel 5 wild found: " + free_spin_reel_counter[2]): null

2019-08-23 18:53:26 - [TEST_STEP][PASSED] - M4_spin_reels = M4_spin_reels: null

2019-08-23 18:53:26 - [TEST_STEP][PASSED] - M4_spin_reels_symbols = symbol: null

2019-08-23 18:53:26 - [TEST_STEP][PASSED] - M4_spin_reels_symbols = M4_spin_reels_symbols: null

2019-08-23 18:53:26 - [TEST_STEP][PASSED] - M4_spin_reel_wins = reel_wins: null

2019-08-23 18:53:26 - [TEST_STEP][PASSED] - M4_spin_reel_wins = M4_spin_reel_wins: null

2019-08-23 18:53:26 - [TEST_STEP][PASSED] - println("GlobalVariable.M4_spin_reel_wins is: " + M4_spin_reel_wins): null

2019-08-23 18:53:26 - [TEST_STEP][PASSED] - M4_spin_total_bonus_win_this_round = total_bonus_win_this_round: null

2019-08-23 18:53:26 - [TEST_STEP][PASSED] - M4_spin_total_bonus_win_this_round = M4_spin_total_bonus_win_this_round: null

2019-08-23 18:53:26 - [TEST_STEP][PASSED] - println("GlobalVariable.M4_spin_total_bonus_win_this_round is: " + M4_spin_total_bonus_win_this_round): null

2019-08-23 18:53:26 - [TEST_STEP][PASSED] - M4_spin_bonus_spin_result = spin_result: null

2019-08-23 18:53:26 - [TEST_STEP][PASSED] - M4_spin_bonus_spin_result = M4_spin_bonus_spin_result: null

2019-08-23 18:53:26 - [MESSAGE][PASSED] - Verify response successfully

2019-08-23 18:53:26 - [MESSAGE][PASSED] - Send request and verify the response successfully

2019-08-23 18:53:26 - [TEST_STEP][PASSED] - if (free_spin_reel_counter[0] &gt;= 1 &amp;&amp; free_spin_reel_counter[1] &gt;= 1 &amp;&amp; free_spin_reel_counter[2] &gt;= 1): null

2019-08-23 18:53:26 - [TEST_STEP][PASSED] - spin_result = sendRequestAndVerify(findTestObject("INT/RGS(M4)/1_M4_spin", ["M4_login_user_id":M4_login_user_id, "rgs_session_token":rgs_session_token, "partner":Partner])): Send request and verify the response successfully

2019-08-23 18:53:26 - [MESSAGE][INFO] - HAR: /Users/eiralee/Katalon_Script/SuperWild/Reports/20190823_184757/INT/superWild_1/20190823_184757/requests/main/98.har

2019-08-23 18:53:26 - [TEST_CASE][PASSED] - Start Test Case : Verification: Verification accomplished successfully

2019-08-23 18:53:26 - [TEST_STEP][PASSED] - request = getInstance().getCurrentRequest(): null

2019-08-23 18:53:26 - [TEST_STEP][PASSED] - response = getInstance().getCurrentResponse(): null

2019-08-23 18:53:26 - [TEST_STEP][PASSED] - verifyResponseStatusCode(response, 200): Verify response status code successfully

2019-08-23 18:53:26 - [MESSAGE][PASSED] - Verify response status code successfully

2019-08-23 18:53:26 - [TEST_STEP][PASSED] - getStatusCode()).isEqualTo(200): null

2019-08-23 18:53:26 - [TEST_STEP][PASSED] - newline = System.getProperty("line.separator"): null

2019-08-23 18:53:26 - [TEST_STEP][PASSED] - M4_spin = new groovy.json.JsonSlurper(): null

2019-08-23 18:53:26 - [TEST_STEP][PASSED] - result_M4_spin = M4_spin.parseText(response.getResponseBodyContent()): null

2019-08-23 18:53:26 - [TEST_STEP][PASSED] - M4_spin_current_balance = current_balance: null

2019-08-23 18:53:26 - [TEST_STEP][PASSED] - M4_spin_current_balance = M4_spin_current_balance: null

2019-08-23 18:53:26 - [TEST_STEP][PASSED] - M4_spin_transaction_id = causality: null

2019-08-23 18:53:26 - [TEST_STEP][PASSED] - M4_spin_transaction_id = M4_spin_transaction_id: null

2019-08-23 18:53:26 - [TEST_STEP][PASSED] - M4_spin_round_id = round_id: null

2019-08-23 18:53:26 - [TEST_STEP][PASSED] - M4_spin_round_id = M4_spin_round_id: null

2019-08-23 18:53:26 - [TEST_STEP][PASSED] - M4_spin_line_wins = line_wins: null

2019-08-23 18:53:26 - [TEST_STEP][PASSED] - M4_spin_line_wins = M4_spin_line_wins: null

2019-08-23 18:53:26 - [TEST_STEP][PASSED] - M4_total_bonus_spins_int = total_bonus_spins: null

2019-08-23 18:53:26 - [TEST_STEP][PASSED] - println("******M4_total_bonus_spins type is:*******" + newline + getClass().getName()): null

2019-08-23 18:53:26 - [TEST_STEP][PASSED] - M4_total_bonus_spins_int = M4_total_bonus_spins_int: null

2019-08-23 18:53:26 - [TEST_STEP][PASSED] - M4_total_bonus_spins = Integer.toString(M4_total_bonus_spins_int): null

2019-08-23 18:53:26 - [TEST_STEP][PASSED] - M4_total_bonus_spins = M4_total_bonus_spins: null

2019-08-23 18:53:26 - [TEST_STEP][PASSED] - println("M4_total_bonus_spins is:" + M4_total_bonus_spins): null

2019-08-23 18:53:26 - [TEST_STEP][PASSED] - M4_spin_bonus_data = bonus_data: null

2019-08-23 18:53:26 - [TEST_STEP][PASSED] - M4_spin_features_triggered = result_M4_spin: null

2019-08-23 18:53:26 - [TEST_STEP][PASSED] - wild = []: null

2019-08-23 18:53:26 - [TEST_STEP][PASSED] - wild[0] = "WILD_Expanding": null

2019-08-23 18:53:26 - [TEST_STEP][PASSED] - wild[1] = "WILD_Normal": null

2019-08-23 18:53:26 - [TEST_STEP][PASSED] - wild[2] = "WILD_Double": null

2019-08-23 18:53:26 - [TEST_STEP][PASSED] - wild[3] = "WILD_ExtraFG": null

2019-08-23 18:53:26 - [TEST_STEP][PASSED] - wild[4] = "WILD_Triple": null

2019-08-23 18:53:26 - [TEST_STEP][PASSED] - wildList = Arrays.asList(wild): null

2019-08-23 18:53:26 - [TEST_STEP][PASSED] - wildList = wildList: null

2019-08-23 18:53:26 - [TEST_STEP][PASSED] - free_spin_reel_counter = []: null

2019-08-23 18:53:26 - [TEST_STEP][PASSED] - free_spin_reel_counter[0] = 0: null

2019-08-23 18:53:26 - [TEST_STEP][PASSED] - free_spin_reel_counter[1] = 0: null

2019-08-23 18:53:26 - [TEST_STEP][PASSED] - free_spin_reel_counter[2] = 0: null

2019-08-23 18:53:26 - [TEST_STEP][PASSED] - M4_spin_reels = reels: null

2019-08-23 18:53:26 - [TEST_STEP][PASSED] - for ([i = 0, i &lt; M4_spin_reels.size(), (i++)]): null

2019-08-23 18:53:26 - [TEST_STEP][PASSED] - symbols = symbols: null

2019-08-23 18:53:26 - [TEST_STEP][PASSED] - for ([j = 0, j &lt; symbols.size(), (j++)]): null

2019-08-23 18:53:26 - [TEST_STEP][PASSED] - symbol = symbol: null

2019-08-23 18:53:26 - [TEST_STEP][PASSED] - println(symbol): null

2019-08-23 18:53:26 - [TEST_STEP][PASSED] - if (i == 2 &amp;&amp; wildList.indexOf(symbol) != -1): null

2019-08-23 18:53:26 - [TEST_STEP][PASSED] - if (i == 3 &amp;&amp; wildList.indexOf(symbol) != -1): null

2019-08-23 18:53:26 - [TEST_STEP][PASSED] - if (i == 4 &amp;&amp; wildList.indexOf(symbol) != -1): null

2019-08-23 18:53:26 - [TEST_STEP][PASSED] - symbol = symbol: null

2019-08-23 18:53:26 - [TEST_STEP][PASSED] - println(symbol): null

2019-08-23 18:53:26 - [TEST_STEP][PASSED] - if (i == 2 &amp;&amp; wildList.indexOf(symbol) != -1): null

2019-08-23 18:53:26 - [TEST_STEP][PASSED] - if (i == 3 &amp;&amp; wildList.indexOf(symbol) != -1): null

2019-08-23 18:53:26 - [TEST_STEP][PASSED] - if (i == 4 &amp;&amp; wildList.indexOf(symbol) != -1): null

2019-08-23 18:53:26 - [TEST_STEP][PASSED] - symbol = symbol: null

2019-08-23 18:53:26 - [TEST_STEP][PASSED] - println(symbol): null

2019-08-23 18:53:26 - [TEST_STEP][PASSED] - if (i == 2 &amp;&amp; wildList.indexOf(symbol) != -1): null

2019-08-23 18:53:26 - [TEST_STEP][PASSED] - if (i == 3 &amp;&amp; wildList.indexOf(symbol) != -1): null

2019-08-23 18:53:26 - [TEST_STEP][PASSED] - if (i == 4 &amp;&amp; wildList.indexOf(symbol) != -1): null

2019-08-23 18:53:26 - [TEST_STEP][PASSED] - symbols = symbols: null

2019-08-23 18:53:26 - [TEST_STEP][PASSED] - for ([j = 0, j &lt; symbols.size(), (j++)]): null

2019-08-23 18:53:26 - [TEST_STEP][PASSED] - symbol = symbol: null

2019-08-23 18:53:26 - [TEST_STEP][PASSED] - println(symbol): null

2019-08-23 18:53:26 - [TEST_STEP][PASSED] - if (i == 2 &amp;&amp; wildList.indexOf(symbol) != -1): null

2019-08-23 18:53:26 - [TEST_STEP][PASSED] - if (i == 3 &amp;&amp; wildList.indexOf(symbol) != -1): null

2019-08-23 18:53:26 - [TEST_STEP][PASSED] - if (i == 4 &amp;&amp; wildList.indexOf(symbol) != -1): null

2019-08-23 18:53:26 - [TEST_STEP][PASSED] - symbol = symbol: null

2019-08-23 18:53:26 - [TEST_STEP][PASSED] - println(symbol): null

2019-08-23 18:53:26 - [TEST_STEP][PASSED] - if (i == 2 &amp;&amp; wildList.indexOf(symbol) != -1): null

2019-08-23 18:53:26 - [TEST_STEP][PASSED] - if (i == 3 &amp;&amp; wildList.indexOf(symbol) != -1): null

2019-08-23 18:53:26 - [TEST_STEP][PASSED] - if (i == 4 &amp;&amp; wildList.indexOf(symbol) != -1): null

2019-08-23 18:53:26 - [TEST_STEP][PASSED] - symbol = symbol: null

2019-08-23 18:53:26 - [TEST_STEP][PASSED] - println(symbol): null

2019-08-23 18:53:26 - [TEST_STEP][PASSED] - if (i == 2 &amp;&amp; wildList.indexOf(symbol) != -1): null

2019-08-23 18:53:26 - [TEST_STEP][PASSED] - if (i == 3 &amp;&amp; wildList.indexOf(symbol) != -1): null

2019-08-23 18:53:26 - [TEST_STEP][PASSED] - if (i == 4 &amp;&amp; wildList.indexOf(symbol) != -1): null

2019-08-23 18:53:26 - [TEST_STEP][PASSED] - symbols = symbols: null

2019-08-23 18:53:26 - [TEST_STEP][PASSED] - for ([j = 0, j &lt; symbols.size(), (j++)]): null

2019-08-23 18:53:26 - [TEST_STEP][PASSED] - symbol = symbol: null

2019-08-23 18:53:26 - [TEST_STEP][PASSED] - println(symbol): null

2019-08-23 18:53:26 - [TEST_STEP][PASSED] - if (i == 2 &amp;&amp; wildList.indexOf(symbol) != -1): null

2019-08-23 18:53:26 - [TEST_STEP][PASSED] - if (i == 3 &amp;&amp; wildList.indexOf(symbol) != -1): null

2019-08-23 18:53:26 - [TEST_STEP][PASSED] - if (i == 4 &amp;&amp; wildList.indexOf(symbol) != -1): null

2019-08-23 18:53:26 - [TEST_STEP][PASSED] - symbol = symbol: null

2019-08-23 18:53:26 - [TEST_STEP][PASSED] - println(symbol): null

2019-08-23 18:53:26 - [TEST_STEP][PASSED] - if (i == 2 &amp;&amp; wildList.indexOf(symbol) != -1): null

2019-08-23 18:53:26 - [TEST_STEP][PASSED] - if (i == 3 &amp;&amp; wildList.indexOf(symbol) != -1): null

2019-08-23 18:53:26 - [TEST_STEP][PASSED] - if (i == 4 &amp;&amp; wildList.indexOf(symbol) != -1): null

2019-08-23 18:53:26 - [TEST_STEP][PASSED] - symbol = symbol: null

2019-08-23 18:53:26 - [TEST_STEP][PASSED] - println(symbol): null

2019-08-23 18:53:26 - [TEST_STEP][PASSED] - if (i == 2 &amp;&amp; wildList.indexOf(symbol) != -1): null

2019-08-23 18:53:26 - [TEST_STEP][PASSED] - if (i == 3 &amp;&amp; wildList.indexOf(symbol) != -1): null

2019-08-23 18:53:26 - [TEST_STEP][PASSED] - if (i == 4 &amp;&amp; wildList.indexOf(symbol) != -1): null

2019-08-23 18:53:26 - [TEST_STEP][PASSED] - symbols = symbols: null

2019-08-23 18:53:26 - [TEST_STEP][PASSED] - for ([j = 0, j &lt; symbols.size(), (j++)]): null

2019-08-23 18:53:26 - [TEST_STEP][PASSED] - symbol = symbol: null

2019-08-23 18:53:26 - [TEST_STEP][PASSED] - println(symbol): null

2019-08-23 18:53:26 - [TEST_STEP][PASSED] - if (i == 2 &amp;&amp; wildList.indexOf(symbol) != -1): null

2019-08-23 18:53:26 - [TEST_STEP][PASSED] - if (i == 3 &amp;&amp; wildList.indexOf(symbol) != -1): null

2019-08-23 18:53:26 - [TEST_STEP][PASSED] - if (i == 4 &amp;&amp; wildList.indexOf(symbol) != -1): null

2019-08-23 18:53:26 - [TEST_STEP][PASSED] - symbol = symbol: null

2019-08-23 18:53:26 - [TEST_STEP][PASSED] - println(symbol): null

2019-08-23 18:53:26 - [TEST_STEP][PASSED] - if (i == 2 &amp;&amp; wildList.indexOf(symbol) != -1): null

2019-08-23 18:53:26 - [TEST_STEP][PASSED] - if (i == 3 &amp;&amp; wildList.indexOf(symbol) != -1): null

2019-08-23 18:53:26 - [TEST_STEP][PASSED] - if (i == 4 &amp;&amp; wildList.indexOf(symbol) != -1): null

2019-08-23 18:53:26 - [TEST_STEP][PASSED] - symbol = symbol: null

2019-08-23 18:53:26 - [TEST_STEP][PASSED] - println(symbol): null

2019-08-23 18:53:26 - [TEST_STEP][PASSED] - if (i == 2 &amp;&amp; wildList.indexOf(symbol) != -1): null

2019-08-23 18:53:26 - [TEST_STEP][PASSED] - if (i == 3 &amp;&amp; wildList.indexOf(symbol) != -1): null

2019-08-23 18:53:26 - [TEST_STEP][PASSED] - if (i == 4 &amp;&amp; wildList.indexOf(symbol) != -1): null

2019-08-23 18:53:26 - [TEST_STEP][PASSED] - symbols = symbols: null

2019-08-23 18:53:26 - [TEST_STEP][PASSED] - for ([j = 0, j &lt; symbols.size(), (j++)]): null

2019-08-23 18:53:26 - [TEST_STEP][PASSED] - symbol = symbol: null

2019-08-23 18:53:26 - [TEST_STEP][PASSED] - println(symbol): null

2019-08-23 18:53:26 - [TEST_STEP][PASSED] - if (i == 2 &amp;&amp; wildList.indexOf(symbol) != -1): null

2019-08-23 18:53:26 - [TEST_STEP][PASSED] - if (i == 3 &amp;&amp; wildList.indexOf(symbol) != -1): null

2019-08-23 18:53:26 - [TEST_STEP][PASSED] - if (i == 4 &amp;&amp; wildList.indexOf(symbol) != -1): null

2019-08-23 18:53:26 - [TEST_STEP][PASSED] - println("wild found on reel 5, adding counter by 1"): null

2019-08-23 18:53:26 - [TEST_STEP][PASSED] - free_spin_reel_counter[2] = free_spin_reel_counter[2] + 1: null

2019-08-23 18:53:26 - [TEST_STEP][PASSED] - symbol = symbol: null

2019-08-23 18:53:26 - [TEST_STEP][PASSED] - println(symbol): null

2019-08-23 18:53:26 - [TEST_STEP][PASSED] - if (i == 2 &amp;&amp; wildList.indexOf(symbol) != -1): null

2019-08-23 18:53:26 - [TEST_STEP][PASSED] - if (i == 3 &amp;&amp; wildList.indexOf(symbol) != -1): null

2019-08-23 18:53:30 - [TEST_STEP][PASSED] - if (i == 4 &amp;&amp; wildList.indexOf(symbol) != -1): null

2019-08-23 18:53:30 - [TEST_STEP][PASSED] - symbol = symbol: null

2019-08-23 18:53:30 - [TEST_STEP][PASSED] - println(symbol): null

2019-08-23 18:53:30 - [TEST_STEP][PASSED] - if (i == 2 &amp;&amp; wildList.indexOf(symbol) != -1): null

2019-08-23 18:53:30 - [TEST_STEP][PASSED] - if (i == 3 &amp;&amp; wildList.indexOf(symbol) != -1): null

2019-08-23 18:53:30 - [TEST_STEP][PASSED] - if (i == 4 &amp;&amp; wildList.indexOf(symbol) != -1): null

2019-08-23 18:53:30 - [TEST_STEP][PASSED] - free_spin_reel_counter = free_spin_reel_counter: null

2019-08-23 18:53:30 - [TEST_STEP][PASSED] - println("reel 3 wild found: " + free_spin_reel_counter[0]): null

2019-08-23 18:53:30 - [TEST_STEP][PASSED] - println("reel 4 wild found: " + free_spin_reel_counter[1]): null

2019-08-23 18:53:32 - [TEST_STEP][PASSED] - println("reel 5 wild found: " + free_spin_reel_counter[2]): null

2019-08-23 18:53:32 - [TEST_STEP][PASSED] - M4_spin_reels = M4_spin_reels: null

2019-08-23 18:53:32 - [TEST_STEP][PASSED] - M4_spin_reels_symbols = symbol: null

2019-08-23 18:53:32 - [TEST_STEP][PASSED] - M4_spin_reels_symbols = M4_spin_reels_symbols: null

2019-08-23 18:53:32 - [TEST_STEP][PASSED] - M4_spin_reel_wins = reel_wins: null

2019-08-23 18:53:32 - [TEST_STEP][PASSED] - M4_spin_reel_wins = M4_spin_reel_wins: null

2019-08-23 18:53:32 - [TEST_STEP][PASSED] - println("GlobalVariable.M4_spin_reel_wins is: " + M4_spin_reel_wins): null

2019-08-23 18:53:32 - [TEST_STEP][PASSED] - M4_spin_total_bonus_win_this_round = total_bonus_win_this_round: null

2019-08-23 18:53:32 - [TEST_STEP][PASSED] - M4_spin_total_bonus_win_this_round = M4_spin_total_bonus_win_this_round: null

2019-08-23 18:53:32 - [TEST_STEP][PASSED] - println("GlobalVariable.M4_spin_total_bonus_win_this_round is: " + M4_spin_total_bonus_win_this_round): null

2019-08-23 18:53:32 - [TEST_STEP][PASSED] - M4_spin_bonus_spin_result = spin_result: null

2019-08-23 18:53:32 - [TEST_STEP][PASSED] - M4_spin_bonus_spin_result = M4_spin_bonus_spin_result: null

2019-08-23 18:53:32 - [MESSAGE][PASSED] - Verify response successfully

2019-08-23 18:53:32 - [MESSAGE][PASSED] - Send request and verify the response successfully

2019-08-23 18:53:32 - [TEST_STEP][PASSED] - if (free_spin_reel_counter[0] &gt;= 1 &amp;&amp; free_spin_reel_counter[1] &gt;= 1 &amp;&amp; free_spin_reel_counter[2] &gt;= 1): null

2019-08-23 18:53:32 - [TEST_STEP][PASSED] - spin_result = sendRequestAndVerify(findTestObject("INT/RGS(M4)/1_M4_spin", ["M4_login_user_id":M4_login_user_id, "rgs_session_token":rgs_session_token, "partner":Partner])): Send request and verify the response successfully

2019-08-23 18:53:32 - [MESSAGE][INFO] - HAR: /Users/eiralee/Katalon_Script/SuperWild/Reports/20190823_184757/INT/superWild_1/20190823_184757/requests/main/99.har

2019-08-23 18:53:32 - [TEST_CASE][PASSED] - Start Test Case : Verification: Verification accomplished successfully

2019-08-23 18:53:32 - [TEST_STEP][PASSED] - request = getInstance().getCurrentRequest(): null

2019-08-23 18:53:32 - [TEST_STEP][PASSED] - response = getInstance().getCurrentResponse(): null

2019-08-23 18:53:32 - [TEST_STEP][PASSED] - verifyResponseStatusCode(response, 200): Verify response status code successfully

2019-08-23 18:53:32 - [MESSAGE][PASSED] - Verify response status code successfully

2019-08-23 18:53:32 - [TEST_STEP][PASSED] - getStatusCode()).isEqualTo(200): null

2019-08-23 18:53:32 - [TEST_STEP][PASSED] - newline = System.getProperty("line.separator"): null

2019-08-23 18:53:32 - [TEST_STEP][PASSED] - M4_spin = new groovy.json.JsonSlurper(): null

2019-08-23 18:53:32 - [TEST_STEP][PASSED] - result_M4_spin = M4_spin.parseText(response.getResponseBodyContent()): null

2019-08-23 18:53:32 - [TEST_STEP][PASSED] - M4_spin_current_balance = current_balance: null

2019-08-23 18:53:32 - [TEST_STEP][PASSED] - M4_spin_current_balance = M4_spin_current_balance: null

2019-08-23 18:53:32 - [TEST_STEP][PASSED] - M4_spin_transaction_id = causality: null

2019-08-23 18:53:32 - [TEST_STEP][PASSED] - M4_spin_transaction_id = M4_spin_transaction_id: null

2019-08-23 18:53:32 - [TEST_STEP][PASSED] - M4_spin_round_id = round_id: null

2019-08-23 18:53:32 - [TEST_STEP][PASSED] - M4_spin_round_id = M4_spin_round_id: null

2019-08-23 18:53:32 - [TEST_STEP][PASSED] - M4_spin_line_wins = line_wins: null

2019-08-23 18:53:32 - [TEST_STEP][PASSED] - M4_spin_line_wins = M4_spin_line_wins: null

2019-08-23 18:53:32 - [TEST_STEP][PASSED] - M4_total_bonus_spins_int = total_bonus_spins: null

2019-08-23 18:53:32 - [TEST_STEP][PASSED] - println("******M4_total_bonus_spins type is:*******" + newline + getClass().getName()): null

2019-08-23 18:53:32 - [TEST_STEP][PASSED] - M4_total_bonus_spins_int = M4_total_bonus_spins_int: null

2019-08-23 18:53:32 - [TEST_STEP][PASSED] - M4_total_bonus_spins = Integer.toString(M4_total_bonus_spins_int): null

2019-08-23 18:53:32 - [TEST_STEP][PASSED] - M4_total_bonus_spins = M4_total_bonus_spins: null

2019-08-23 18:53:32 - [TEST_STEP][PASSED] - println("M4_total_bonus_spins is:" + M4_total_bonus_spins): null

2019-08-23 18:53:32 - [TEST_STEP][PASSED] - M4_spin_bonus_data = bonus_data: null

2019-08-23 18:53:32 - [TEST_STEP][PASSED] - M4_spin_features_triggered = result_M4_spin: null

2019-08-23 18:53:32 - [TEST_STEP][PASSED] - wild = []: null

2019-08-23 18:53:32 - [TEST_STEP][PASSED] - wild[0] = "WILD_Expanding": null

2019-08-23 18:53:32 - [TEST_STEP][PASSED] - wild[1] = "WILD_Normal": null

2019-08-23 18:53:32 - [TEST_STEP][PASSED] - wild[2] = "WILD_Double": null

2019-08-23 18:53:32 - [TEST_STEP][PASSED] - wild[3] = "WILD_ExtraFG": null

2019-08-23 18:53:32 - [TEST_STEP][PASSED] - wild[4] = "WILD_Triple": null

2019-08-23 18:53:32 - [TEST_STEP][PASSED] - wildList = Arrays.asList(wild): null

2019-08-23 18:53:32 - [TEST_STEP][PASSED] - wildList = wildList: null

2019-08-23 18:53:32 - [TEST_STEP][PASSED] - free_spin_reel_counter = []: null

2019-08-23 18:53:32 - [TEST_STEP][PASSED] - free_spin_reel_counter[0] = 0: null

2019-08-23 18:53:32 - [TEST_STEP][PASSED] - free_spin_reel_counter[1] = 0: null

2019-08-23 18:53:32 - [TEST_STEP][PASSED] - free_spin_reel_counter[2] = 0: null

2019-08-23 18:53:32 - [TEST_STEP][PASSED] - M4_spin_reels = reels: null

2019-08-23 18:53:32 - [TEST_STEP][PASSED] - for ([i = 0, i &lt; M4_spin_reels.size(), (i++)]): null

2019-08-23 18:53:32 - [TEST_STEP][PASSED] - symbols = symbols: null

2019-08-23 18:53:32 - [TEST_STEP][PASSED] - for ([j = 0, j &lt; symbols.size(), (j++)]): null

2019-08-23 18:53:32 - [TEST_STEP][PASSED] - symbol = symbol: null

2019-08-23 18:53:32 - [TEST_STEP][PASSED] - println(symbol): null

2019-08-23 18:53:32 - [TEST_STEP][PASSED] - if (i == 2 &amp;&amp; wildList.indexOf(symbol) != -1): null

2019-08-23 18:53:32 - [TEST_STEP][PASSED] - if (i == 3 &amp;&amp; wildList.indexOf(symbol) != -1): null

2019-08-23 18:53:32 - [TEST_STEP][PASSED] - if (i == 4 &amp;&amp; wildList.indexOf(symbol) != -1): null

2019-08-23 18:53:32 - [TEST_STEP][PASSED] - symbol = symbol: null

2019-08-23 18:53:32 - [TEST_STEP][PASSED] - println(symbol): null

2019-08-23 18:53:32 - [TEST_STEP][PASSED] - if (i == 2 &amp;&amp; wildList.indexOf(symbol) != -1): null

2019-08-23 18:53:32 - [TEST_STEP][PASSED] - if (i == 3 &amp;&amp; wildList.indexOf(symbol) != -1): null

2019-08-23 18:53:32 - [TEST_STEP][PASSED] - if (i == 4 &amp;&amp; wildList.indexOf(symbol) != -1): null

2019-08-23 18:53:32 - [TEST_STEP][PASSED] - symbol = symbol: null

2019-08-23 18:53:32 - [TEST_STEP][PASSED] - println(symbol): null

2019-08-23 18:53:32 - [TEST_STEP][PASSED] - if (i == 2 &amp;&amp; wildList.indexOf(symbol) != -1): null

2019-08-23 18:53:32 - [TEST_STEP][PASSED] - if (i == 3 &amp;&amp; wildList.indexOf(symbol) != -1): null

2019-08-23 18:53:32 - [TEST_STEP][PASSED] - if (i == 4 &amp;&amp; wildList.indexOf(symbol) != -1): null

2019-08-23 18:53:32 - [TEST_STEP][PASSED] - symbols = symbols: null

2019-08-23 18:53:32 - [TEST_STEP][PASSED] - for ([j = 0, j &lt; symbols.size(), (j++)]): null

2019-08-23 18:53:32 - [TEST_STEP][PASSED] - symbol = symbol: null

2019-08-23 18:53:32 - [TEST_STEP][PASSED] - println(symbol): null

2019-08-23 18:53:32 - [TEST_STEP][PASSED] - if (i == 2 &amp;&amp; wildList.indexOf(symbol) != -1): null

2019-08-23 18:53:32 - [TEST_STEP][PASSED] - if (i == 3 &amp;&amp; wildList.indexOf(symbol) != -1): null

2019-08-23 18:53:32 - [TEST_STEP][PASSED] - if (i == 4 &amp;&amp; wildList.indexOf(symbol) != -1): null

2019-08-23 18:53:32 - [TEST_STEP][PASSED] - symbol = symbol: null

2019-08-23 18:53:32 - [TEST_STEP][PASSED] - println(symbol): null

2019-08-23 18:53:32 - [TEST_STEP][PASSED] - if (i == 2 &amp;&amp; wildList.indexOf(symbol) != -1): null

2019-08-23 18:53:32 - [TEST_STEP][PASSED] - if (i == 3 &amp;&amp; wildList.indexOf(symbol) != -1): null

2019-08-23 18:53:32 - [TEST_STEP][PASSED] - if (i == 4 &amp;&amp; wildList.indexOf(symbol) != -1): null

2019-08-23 18:53:32 - [TEST_STEP][PASSED] - symbol = symbol: null

2019-08-23 18:53:32 - [TEST_STEP][PASSED] - println(symbol): null

2019-08-23 18:53:32 - [TEST_STEP][PASSED] - if (i == 2 &amp;&amp; wildList.indexOf(symbol) != -1): null

2019-08-23 18:53:32 - [TEST_STEP][PASSED] - if (i == 3 &amp;&amp; wildList.indexOf(symbol) != -1): null

2019-08-23 18:53:32 - [TEST_STEP][PASSED] - if (i == 4 &amp;&amp; wildList.indexOf(symbol) != -1): null

2019-08-23 18:53:32 - [TEST_STEP][PASSED] - symbols = symbols: null

2019-08-23 18:53:32 - [TEST_STEP][PASSED] - for ([j = 0, j &lt; symbols.size(), (j++)]): null

2019-08-23 18:53:32 - [TEST_STEP][PASSED] - symbol = symbol: null

2019-08-23 18:53:32 - [TEST_STEP][PASSED] - println(symbol): null

2019-08-23 18:53:32 - [TEST_STEP][PASSED] - if (i == 2 &amp;&amp; wildList.indexOf(symbol) != -1): null

2019-08-23 18:53:32 - [TEST_STEP][PASSED] - if (i == 3 &amp;&amp; wildList.indexOf(symbol) != -1): null

2019-08-23 18:53:32 - [TEST_STEP][PASSED] - if (i == 4 &amp;&amp; wildList.indexOf(symbol) != -1): null

2019-08-23 18:53:32 - [TEST_STEP][PASSED] - symbol = symbol: null

2019-08-23 18:53:32 - [TEST_STEP][PASSED] - println(symbol): null

2019-08-23 18:53:32 - [TEST_STEP][PASSED] - if (i == 2 &amp;&amp; wildList.indexOf(symbol) != -1): null

2019-08-23 18:53:32 - [TEST_STEP][PASSED] - if (i == 3 &amp;&amp; wildList.indexOf(symbol) != -1): null

2019-08-23 18:53:32 - [TEST_STEP][PASSED] - if (i == 4 &amp;&amp; wildList.indexOf(symbol) != -1): null

2019-08-23 18:53:32 - [TEST_STEP][PASSED] - symbol = symbol: null

2019-08-23 18:53:32 - [TEST_STEP][PASSED] - println(symbol): null

2019-08-23 18:53:32 - [TEST_STEP][PASSED] - if (i == 2 &amp;&amp; wildList.indexOf(symbol) != -1): null

2019-08-23 18:53:32 - [TEST_STEP][PASSED] - if (i == 3 &amp;&amp; wildList.indexOf(symbol) != -1): null

2019-08-23 18:53:32 - [TEST_STEP][PASSED] - if (i == 4 &amp;&amp; wildList.indexOf(symbol) != -1): null

2019-08-23 18:53:32 - [TEST_STEP][PASSED] - symbols = symbols: null

2019-08-23 18:53:32 - [TEST_STEP][PASSED] - for ([j = 0, j &lt; symbols.size(), (j++)]): null

2019-08-23 18:53:32 - [TEST_STEP][PASSED] - symbol = symbol: null

2019-08-23 18:53:32 - [TEST_STEP][PASSED] - println(symbol): null

2019-08-23 18:53:32 - [TEST_STEP][PASSED] - if (i == 2 &amp;&amp; wildList.indexOf(symbol) != -1): null

2019-08-23 18:53:32 - [TEST_STEP][PASSED] - if (i == 3 &amp;&amp; wildList.indexOf(symbol) != -1): null

2019-08-23 18:53:32 - [TEST_STEP][PASSED] - if (i == 4 &amp;&amp; wildList.indexOf(symbol) != -1): null

2019-08-23 18:53:32 - [TEST_STEP][PASSED] - symbol = symbol: null

2019-08-23 18:53:32 - [TEST_STEP][PASSED] - println(symbol): null

2019-08-23 18:53:32 - [TEST_STEP][PASSED] - if (i == 2 &amp;&amp; wildList.indexOf(symbol) != -1): null

2019-08-23 18:53:32 - [TEST_STEP][PASSED] - if (i == 3 &amp;&amp; wildList.indexOf(symbol) != -1): null

2019-08-23 18:53:32 - [TEST_STEP][PASSED] - if (i == 4 &amp;&amp; wildList.indexOf(symbol) != -1): null

2019-08-23 18:53:32 - [TEST_STEP][PASSED] - symbol = symbol: null

2019-08-23 18:53:32 - [TEST_STEP][PASSED] - println(symbol): null

2019-08-23 18:53:32 - [TEST_STEP][PASSED] - if (i == 2 &amp;&amp; wildList.indexOf(symbol) != -1): null

2019-08-23 18:53:32 - [TEST_STEP][PASSED] - if (i == 3 &amp;&amp; wildList.indexOf(symbol) != -1): null

2019-08-23 18:53:32 - [TEST_STEP][PASSED] - if (i == 4 &amp;&amp; wildList.indexOf(symbol) != -1): null

2019-08-23 18:53:32 - [TEST_STEP][PASSED] - symbols = symbols: null

2019-08-23 18:53:32 - [TEST_STEP][PASSED] - for ([j = 0, j &lt; symbols.size(), (j++)]): null

2019-08-23 18:53:32 - [TEST_STEP][PASSED] - symbol = symbol: null

2019-08-23 18:53:32 - [TEST_STEP][PASSED] - println(symbol): null

2019-08-23 18:53:32 - [TEST_STEP][PASSED] - if (i == 2 &amp;&amp; wildList.indexOf(symbol) != -1): null

2019-08-23 18:53:32 - [TEST_STEP][PASSED] - if (i == 3 &amp;&amp; wildList.indexOf(symbol) != -1): null

2019-08-23 18:53:32 - [TEST_STEP][PASSED] - if (i == 4 &amp;&amp; wildList.indexOf(symbol) != -1): null

2019-08-23 18:53:32 - [TEST_STEP][PASSED] - symbol = symbol: null

2019-08-23 18:53:32 - [TEST_STEP][PASSED] - println(symbol): null

2019-08-23 18:53:32 - [TEST_STEP][PASSED] - if (i == 2 &amp;&amp; wildList.indexOf(symbol) != -1): null

2019-08-23 18:53:32 - [TEST_STEP][PASSED] - if (i == 3 &amp;&amp; wildList.indexOf(symbol) != -1): null

2019-08-23 18:53:32 - [TEST_STEP][PASSED] - if (i == 4 &amp;&amp; wildList.indexOf(symbol) != -1): null

2019-08-23 18:53:32 - [TEST_STEP][PASSED] - symbol = symbol: null

2019-08-23 18:53:32 - [TEST_STEP][PASSED] - println(symbol): null

2019-08-23 18:53:32 - [TEST_STEP][PASSED] - if (i == 2 &amp;&amp; wildList.indexOf(symbol) != -1): null

2019-08-23 18:53:32 - [TEST_STEP][PASSED] - if (i == 3 &amp;&amp; wildList.indexOf(symbol) != -1): null

2019-08-23 18:53:32 - [TEST_STEP][PASSED] - if (i == 4 &amp;&amp; wildList.indexOf(symbol) != -1): null

2019-08-23 18:53:32 - [TEST_STEP][PASSED] - free_spin_reel_counter = free_spin_reel_counter: null

2019-08-23 18:53:32 - [TEST_STEP][PASSED] - println("reel 3 wild found: " + free_spin_reel_counter[0]): null

2019-08-23 18:53:32 - [TEST_STEP][PASSED] - println("reel 4 wild found: " + free_spin_reel_counter[1]): null

2019-08-23 18:53:32 - [TEST_STEP][PASSED] - println("reel 5 wild found: " + free_spin_reel_counter[2]): null

2019-08-23 18:53:32 - [TEST_STEP][PASSED] - M4_spin_reels = M4_spin_reels: null

2019-08-23 18:53:32 - [TEST_STEP][PASSED] - M4_spin_reels_symbols = symbol: null

2019-08-23 18:53:32 - [TEST_STEP][PASSED] - M4_spin_reels_symbols = M4_spin_reels_symbols: null

2019-08-23 18:53:32 - [TEST_STEP][PASSED] - M4_spin_reel_wins = reel_wins: null

2019-08-23 18:53:32 - [TEST_STEP][PASSED] - M4_spin_reel_wins = M4_spin_reel_wins: null

2019-08-23 18:53:32 - [TEST_STEP][PASSED] - println("GlobalVariable.M4_spin_reel_wins is: " + M4_spin_reel_wins): null

2019-08-23 18:53:32 - [TEST_STEP][PASSED] - M4_spin_total_bonus_win_this_round = total_bonus_win_this_round: null

2019-08-23 18:53:32 - [TEST_STEP][PASSED] - M4_spin_total_bonus_win_this_round = M4_spin_total_bonus_win_this_round: null

2019-08-23 18:53:32 - [TEST_STEP][PASSED] - println("GlobalVariable.M4_spin_total_bonus_win_this_round is: " + M4_spin_total_bonus_win_this_round): null

2019-08-23 18:53:32 - [TEST_STEP][PASSED] - M4_spin_bonus_spin_result = spin_result: null

2019-08-23 18:53:32 - [TEST_STEP][PASSED] - M4_spin_bonus_spin_result = M4_spin_bonus_spin_result: null

2019-08-23 18:53:32 - [MESSAGE][PASSED] - Verify response successfully

2019-08-23 18:53:32 - [MESSAGE][PASSED] - Send request and verify the response successfully

2019-08-23 18:53:32 - [TEST_STEP][PASSED] - if (free_spin_reel_counter[0] &gt;= 1 &amp;&amp; free_spin_reel_counter[1] &gt;= 1 &amp;&amp; free_spin_reel_counter[2] &gt;= 1): null

2019-08-23 18:53:32 - [TEST_STEP][PASSED] - spin_result = sendRequestAndVerify(findTestObject("INT/RGS(M4)/1_M4_spin", ["M4_login_user_id":M4_login_user_id, "rgs_session_token":rgs_session_token, "partner":Partner])): Send request and verify the response successfully

2019-08-23 18:53:32 - [MESSAGE][INFO] - HAR: /Users/eiralee/Katalon_Script/SuperWild/Reports/20190823_184757/INT/superWild_1/20190823_184757/requests/main/100.har

2019-08-23 18:53:32 - [TEST_CASE][PASSED] - Start Test Case : Verification: Verification accomplished successfully

2019-08-23 18:53:32 - [TEST_STEP][PASSED] - request = getInstance().getCurrentRequest(): null

2019-08-23 18:53:33 - [TEST_STEP][PASSED] - response = getInstance().getCurrentResponse(): null

2019-08-23 18:53:33 - [TEST_STEP][PASSED] - verifyResponseStatusCode(response, 200): Verify response status code successfully

2019-08-23 18:53:33 - [MESSAGE][PASSED] - Verify response status code successfully

2019-08-23 18:53:33 - [TEST_STEP][PASSED] - getStatusCode()).isEqualTo(200): null

2019-08-23 18:53:33 - [TEST_STEP][PASSED] - newline = System.getProperty("line.separator"): null

2019-08-23 18:53:33 - [TEST_STEP][PASSED] - M4_spin = new groovy.json.JsonSlurper(): null

2019-08-23 18:53:33 - [TEST_STEP][PASSED] - result_M4_spin = M4_spin.parseText(response.getResponseBodyContent()): null

2019-08-23 18:53:33 - [TEST_STEP][PASSED] - M4_spin_current_balance = current_balance: null

2019-08-23 18:53:33 - [TEST_STEP][PASSED] - M4_spin_current_balance = M4_spin_current_balance: null

2019-08-23 18:53:33 - [TEST_STEP][PASSED] - M4_spin_transaction_id = causality: null

2019-08-23 18:53:33 - [TEST_STEP][PASSED] - M4_spin_transaction_id = M4_spin_transaction_id: null

2019-08-23 18:53:33 - [TEST_STEP][PASSED] - M4_spin_round_id = round_id: null

2019-08-23 18:53:33 - [TEST_STEP][PASSED] - M4_spin_round_id = M4_spin_round_id: null

2019-08-23 18:53:33 - [TEST_STEP][PASSED] - M4_spin_line_wins = line_wins: null

2019-08-23 18:53:33 - [TEST_STEP][PASSED] - M4_spin_line_wins = M4_spin_line_wins: null

2019-08-23 18:53:33 - [TEST_STEP][PASSED] - M4_total_bonus_spins_int = total_bonus_spins: null

2019-08-23 18:53:33 - [TEST_STEP][PASSED] - println("******M4_total_bonus_spins type is:*******" + newline + getClass().getName()): null

2019-08-23 18:53:33 - [TEST_STEP][PASSED] - M4_total_bonus_spins_int = M4_total_bonus_spins_int: null

2019-08-23 18:53:33 - [TEST_STEP][PASSED] - M4_total_bonus_spins = Integer.toString(M4_total_bonus_spins_int): null

2019-08-23 18:53:33 - [TEST_STEP][PASSED] - M4_total_bonus_spins = M4_total_bonus_spins: null

2019-08-23 18:53:33 - [TEST_STEP][PASSED] - println("M4_total_bonus_spins is:" + M4_total_bonus_spins): null

2019-08-23 18:53:33 - [TEST_STEP][PASSED] - M4_spin_bonus_data = bonus_data: null

2019-08-23 18:53:33 - [TEST_STEP][PASSED] - M4_spin_features_triggered = result_M4_spin: null

2019-08-23 18:53:33 - [TEST_STEP][PASSED] - wild = []: null

2019-08-23 18:53:33 - [TEST_STEP][PASSED] - wild[0] = "WILD_Expanding": null

2019-08-23 18:53:33 - [TEST_STEP][PASSED] - wild[1] = "WILD_Normal": null

2019-08-23 18:53:33 - [TEST_STEP][PASSED] - wild[2] = "WILD_Double": null

2019-08-23 18:53:33 - [TEST_STEP][PASSED] - wild[3] = "WILD_ExtraFG": null

2019-08-23 18:53:33 - [TEST_STEP][PASSED] - wild[4] = "WILD_Triple": null

2019-08-23 18:53:33 - [TEST_STEP][PASSED] - wildList = Arrays.asList(wild): null

2019-08-23 18:53:33 - [TEST_STEP][PASSED] - wildList = wildList: null

2019-08-23 18:53:33 - [TEST_STEP][PASSED] - free_spin_reel_counter = []: null

2019-08-23 18:53:33 - [TEST_STEP][PASSED] - free_spin_reel_counter[0] = 0: null

2019-08-23 18:53:33 - [TEST_STEP][PASSED] - free_spin_reel_counter[1] = 0: null

2019-08-23 18:53:33 - [TEST_STEP][PASSED] - free_spin_reel_counter[2] = 0: null

2019-08-23 18:53:33 - [TEST_STEP][PASSED] - M4_spin_reels = reels: null

2019-08-23 18:53:33 - [TEST_STEP][PASSED] - for ([i = 0, i &lt; M4_spin_reels.size(), (i++)]): null

2019-08-23 18:53:33 - [TEST_STEP][PASSED] - symbols = symbols: null

2019-08-23 18:53:33 - [TEST_STEP][PASSED] - for ([j = 0, j &lt; symbols.size(), (j++)]): null

2019-08-23 18:53:33 - [TEST_STEP][PASSED] - symbol = symbol: null

2019-08-23 18:53:33 - [TEST_STEP][PASSED] - println(symbol): null

2019-08-23 18:53:33 - [TEST_STEP][PASSED] - if (i == 2 &amp;&amp; wildList.indexOf(symbol) != -1): null

2019-08-23 18:53:33 - [TEST_STEP][PASSED] - if (i == 3 &amp;&amp; wildList.indexOf(symbol) != -1): null

2019-08-23 18:53:33 - [TEST_STEP][PASSED] - if (i == 4 &amp;&amp; wildList.indexOf(symbol) != -1): null

2019-08-23 18:53:33 - [TEST_STEP][PASSED] - symbol = symbol: null

2019-08-23 18:53:33 - [TEST_STEP][PASSED] - println(symbol): null

2019-08-23 18:53:33 - [TEST_STEP][PASSED] - if (i == 2 &amp;&amp; wildList.indexOf(symbol) != -1): null

2019-08-23 18:53:33 - [TEST_STEP][PASSED] - if (i == 3 &amp;&amp; wildList.indexOf(symbol) != -1): null

2019-08-23 18:53:33 - [TEST_STEP][PASSED] - if (i == 4 &amp;&amp; wildList.indexOf(symbol) != -1): null

2019-08-23 18:53:33 - [TEST_STEP][PASSED] - symbol = symbol: null

2019-08-23 18:53:33 - [TEST_STEP][PASSED] - println(symbol): null

2019-08-23 18:53:33 - [TEST_STEP][PASSED] - if (i == 2 &amp;&amp; wildList.indexOf(symbol) != -1): null

2019-08-23 18:53:33 - [TEST_STEP][PASSED] - if (i == 3 &amp;&amp; wildList.indexOf(symbol) != -1): null

2019-08-23 18:53:33 - [TEST_STEP][PASSED] - if (i == 4 &amp;&amp; wildList.indexOf(symbol) != -1): null

2019-08-23 18:53:33 - [TEST_STEP][PASSED] - symbols = symbols: null

2019-08-23 18:53:33 - [TEST_STEP][PASSED] - for ([j = 0, j &lt; symbols.size(), (j++)]): null

2019-08-23 18:53:33 - [TEST_STEP][PASSED] - symbol = symbol: null

2019-08-23 18:53:33 - [TEST_STEP][PASSED] - println(symbol): null

2019-08-23 18:53:33 - [TEST_STEP][PASSED] - if (i == 2 &amp;&amp; wildList.indexOf(symbol) != -1): null

2019-08-23 18:53:33 - [TEST_STEP][PASSED] - if (i == 3 &amp;&amp; wildList.indexOf(symbol) != -1): null

2019-08-23 18:53:33 - [TEST_STEP][PASSED] - if (i == 4 &amp;&amp; wildList.indexOf(symbol) != -1): null

2019-08-23 18:53:33 - [TEST_STEP][PASSED] - symbol = symbol: null

2019-08-23 18:53:33 - [TEST_STEP][PASSED] - println(symbol): null

2019-08-23 18:53:33 - [TEST_STEP][PASSED] - if (i == 2 &amp;&amp; wildList.indexOf(symbol) != -1): null

2019-08-23 18:53:33 - [TEST_STEP][PASSED] - if (i == 3 &amp;&amp; wildList.indexOf(symbol) != -1): null

2019-08-23 18:53:33 - [TEST_STEP][PASSED] - if (i == 4 &amp;&amp; wildList.indexOf(symbol) != -1): null

2019-08-23 18:53:33 - [TEST_STEP][PASSED] - symbol = symbol: null

2019-08-23 18:53:33 - [TEST_STEP][PASSED] - println(symbol): null

2019-08-23 18:53:33 - [TEST_STEP][PASSED] - if (i == 2 &amp;&amp; wildList.indexOf(symbol) != -1): null

2019-08-23 18:53:33 - [TEST_STEP][PASSED] - if (i == 3 &amp;&amp; wildList.indexOf(symbol) != -1): null

2019-08-23 18:53:33 - [TEST_STEP][PASSED] - if (i == 4 &amp;&amp; wildList.indexOf(symbol) != -1): null

2019-08-23 18:53:33 - [TEST_STEP][PASSED] - symbols = symbols: null

2019-08-23 18:53:33 - [TEST_STEP][PASSED] - for ([j = 0, j &lt; symbols.size(), (j++)]): null

2019-08-23 18:53:33 - [TEST_STEP][PASSED] - symbol = symbol: null

2019-08-23 18:53:33 - [TEST_STEP][PASSED] - println(symbol): null

2019-08-23 18:53:33 - [TEST_STEP][PASSED] - if (i == 2 &amp;&amp; wildList.indexOf(symbol) != -1): null

2019-08-23 18:53:33 - [TEST_STEP][PASSED] - if (i == 3 &amp;&amp; wildList.indexOf(symbol) != -1): null

2019-08-23 18:53:33 - [TEST_STEP][PASSED] - if (i == 4 &amp;&amp; wildList.indexOf(symbol) != -1): null

2019-08-23 18:53:33 - [TEST_STEP][PASSED] - symbol = symbol: null

2019-08-23 18:53:33 - [TEST_STEP][PASSED] - println(symbol): null

2019-08-23 18:53:33 - [TEST_STEP][PASSED] - if (i == 2 &amp;&amp; wildList.indexOf(symbol) != -1): null

2019-08-23 18:53:33 - [TEST_STEP][PASSED] - if (i == 3 &amp;&amp; wildList.indexOf(symbol) != -1): null

2019-08-23 18:53:33 - [TEST_STEP][PASSED] - if (i == 4 &amp;&amp; wildList.indexOf(symbol) != -1): null

2019-08-23 18:53:33 - [TEST_STEP][PASSED] - symbol = symbol: null

2019-08-23 18:53:33 - [TEST_STEP][PASSED] - println(symbol): null

2019-08-23 18:53:33 - [TEST_STEP][PASSED] - if (i == 2 &amp;&amp; wildList.indexOf(symbol) != -1): null

2019-08-23 18:53:33 - [TEST_STEP][PASSED] - if (i == 3 &amp;&amp; wildList.indexOf(symbol) != -1): null

2019-08-23 18:53:33 - [TEST_STEP][PASSED] - if (i == 4 &amp;&amp; wildList.indexOf(symbol) != -1): null

2019-08-23 18:53:33 - [TEST_STEP][PASSED] - symbols = symbols: null

2019-08-23 18:53:33 - [TEST_STEP][PASSED] - for ([j = 0, j &lt; symbols.size(), (j++)]): null

2019-08-23 18:53:33 - [TEST_STEP][PASSED] - symbol = symbol: null

2019-08-23 18:53:33 - [TEST_STEP][PASSED] - println(symbol): null

2019-08-23 18:53:33 - [TEST_STEP][PASSED] - if (i == 2 &amp;&amp; wildList.indexOf(symbol) != -1): null

2019-08-23 18:53:33 - [TEST_STEP][PASSED] - if (i == 3 &amp;&amp; wildList.indexOf(symbol) != -1): null

2019-08-23 18:53:33 - [TEST_STEP][PASSED] - if (i == 4 &amp;&amp; wildList.indexOf(symbol) != -1): null

2019-08-23 18:53:33 - [TEST_STEP][PASSED] - symbol = symbol: null

2019-08-23 18:53:33 - [TEST_STEP][PASSED] - println(symbol): null

2019-08-23 18:53:33 - [TEST_STEP][PASSED] - if (i == 2 &amp;&amp; wildList.indexOf(symbol) != -1): null

2019-08-23 18:53:33 - [TEST_STEP][PASSED] - if (i == 3 &amp;&amp; wildList.indexOf(symbol) != -1): null

2019-08-23 18:53:33 - [TEST_STEP][PASSED] - if (i == 4 &amp;&amp; wildList.indexOf(symbol) != -1): null

2019-08-23 18:53:33 - [TEST_STEP][PASSED] - symbol = symbol: null

2019-08-23 18:53:33 - [TEST_STEP][PASSED] - println(symbol): null

2019-08-23 18:53:33 - [TEST_STEP][PASSED] - if (i == 2 &amp;&amp; wildList.indexOf(symbol) != -1): null

2019-08-23 18:53:33 - [TEST_STEP][PASSED] - if (i == 3 &amp;&amp; wildList.indexOf(symbol) != -1): null

2019-08-23 18:53:33 - [TEST_STEP][PASSED] - if (i == 4 &amp;&amp; wildList.indexOf(symbol) != -1): null

2019-08-23 18:53:33 - [TEST_STEP][PASSED] - symbols = symbols: null

2019-08-23 18:53:33 - [TEST_STEP][PASSED] - for ([j = 0, j &lt; symbols.size(), (j++)]): null

2019-08-23 18:53:33 - [TEST_STEP][PASSED] - symbol = symbol: null

2019-08-23 18:53:33 - [TEST_STEP][PASSED] - println(symbol): null

2019-08-23 18:53:33 - [TEST_STEP][PASSED] - if (i == 2 &amp;&amp; wildList.indexOf(symbol) != -1): null

2019-08-23 18:53:33 - [TEST_STEP][PASSED] - if (i == 3 &amp;&amp; wildList.indexOf(symbol) != -1): null

2019-08-23 18:53:33 - [TEST_STEP][PASSED] - if (i == 4 &amp;&amp; wildList.indexOf(symbol) != -1): null

2019-08-23 18:53:33 - [TEST_STEP][PASSED] - symbol = symbol: null

2019-08-23 18:53:33 - [TEST_STEP][PASSED] - println(symbol): null

2019-08-23 18:53:33 - [TEST_STEP][PASSED] - if (i == 2 &amp;&amp; wildList.indexOf(symbol) != -1): null

2019-08-23 18:53:33 - [TEST_STEP][PASSED] - if (i == 3 &amp;&amp; wildList.indexOf(symbol) != -1): null

2019-08-23 18:53:33 - [TEST_STEP][PASSED] - if (i == 4 &amp;&amp; wildList.indexOf(symbol) != -1): null

2019-08-23 18:53:33 - [TEST_STEP][PASSED] - println("wild found on reel 5, adding counter by 1"): null

2019-08-23 18:53:33 - [TEST_STEP][PASSED] - free_spin_reel_counter[2] = free_spin_reel_counter[2] + 1: null

2019-08-23 18:53:33 - [TEST_STEP][PASSED] - symbol = symbol: null

2019-08-23 18:53:33 - [TEST_STEP][PASSED] - println(symbol): null

2019-08-23 18:53:33 - [TEST_STEP][PASSED] - if (i == 2 &amp;&amp; wildList.indexOf(symbol) != -1): null

2019-08-23 18:53:33 - [TEST_STEP][PASSED] - if (i == 3 &amp;&amp; wildList.indexOf(symbol) != -1): null

2019-08-23 18:53:33 - [TEST_STEP][PASSED] - if (i == 4 &amp;&amp; wildList.indexOf(symbol) != -1): null

2019-08-23 18:53:33 - [TEST_STEP][PASSED] - free_spin_reel_counter = free_spin_reel_counter: null

2019-08-23 18:53:33 - [TEST_STEP][PASSED] - println("reel 3 wild found: " + free_spin_reel_counter[0]): null

2019-08-23 18:53:33 - [TEST_STEP][PASSED] - println("reel 4 wild found: " + free_spin_reel_counter[1]): null

2019-08-23 18:53:33 - [TEST_STEP][PASSED] - println("reel 5 wild found: " + free_spin_reel_counter[2]): null

2019-08-23 18:53:33 - [TEST_STEP][PASSED] - M4_spin_reels = M4_spin_reels: null

2019-08-23 18:53:33 - [TEST_STEP][PASSED] - M4_spin_reels_symbols = symbol: null

2019-08-23 18:53:33 - [TEST_STEP][PASSED] - M4_spin_reels_symbols = M4_spin_reels_symbols: null

2019-08-23 18:53:33 - [TEST_STEP][PASSED] - M4_spin_reel_wins = reel_wins: null

2019-08-23 18:53:33 - [TEST_STEP][PASSED] - M4_spin_reel_wins = M4_spin_reel_wins: null

2019-08-23 18:53:33 - [TEST_STEP][PASSED] - println("GlobalVariable.M4_spin_reel_wins is: " + M4_spin_reel_wins): null

2019-08-23 18:53:33 - [TEST_STEP][PASSED] - M4_spin_total_bonus_win_this_round = total_bonus_win_this_round: null

2019-08-23 18:53:33 - [TEST_STEP][PASSED] - M4_spin_total_bonus_win_this_round = M4_spin_total_bonus_win_this_round: null

2019-08-23 18:53:33 - [TEST_STEP][PASSED] - println("GlobalVariable.M4_spin_total_bonus_win_this_round is: " + M4_spin_total_bonus_win_this_round): null

2019-08-23 18:53:33 - [TEST_STEP][PASSED] - M4_spin_bonus_spin_result = spin_result: null

2019-08-23 18:53:33 - [TEST_STEP][PASSED] - M4_spin_bonus_spin_result = M4_spin_bonus_spin_result: null

2019-08-23 18:53:33 - [MESSAGE][PASSED] - Verify response successfully

2019-08-23 18:53:33 - [MESSAGE][PASSED] - Send request and verify the response successfully

2019-08-23 18:53:33 - [TEST_STEP][PASSED] - if (free_spin_reel_counter[0] &gt;= 1 &amp;&amp; free_spin_reel_counter[1] &gt;= 1 &amp;&amp; free_spin_reel_counter[2] &gt;= 1): null

2019-08-23 18:53:33 - [TEST_STEP][PASSED] - spin_result = sendRequestAndVerify(findTestObject("INT/RGS(M4)/1_M4_spin", ["M4_login_user_id":M4_login_user_id, "rgs_session_token":rgs_session_token, "partner":Partner])): Send request and verify the response successfully

2019-08-23 18:53:33 - [MESSAGE][INFO] - HAR: /Users/eiralee/Katalon_Script/SuperWild/Reports/20190823_184757/INT/superWild_1/20190823_184757/requests/main/101.har

2019-08-23 18:53:33 - [TEST_CASE][PASSED] - Start Test Case : Verification: Verification accomplished successfully

2019-08-23 18:53:33 - [TEST_STEP][PASSED] - request = getInstance().getCurrentRequest(): null

2019-08-23 18:53:33 - [TEST_STEP][PASSED] - response = getInstance().getCurrentResponse(): null

2019-08-23 18:53:33 - [TEST_STEP][PASSED] - verifyResponseStatusCode(response, 200): Verify response status code successfully

2019-08-23 18:53:33 - [MESSAGE][PASSED] - Verify response status code successfully

2019-08-23 18:53:33 - [TEST_STEP][PASSED] - getStatusCode()).isEqualTo(200): null

2019-08-23 18:53:33 - [TEST_STEP][PASSED] - newline = System.getProperty("line.separator"): null

2019-08-23 18:53:33 - [TEST_STEP][PASSED] - M4_spin = new groovy.json.JsonSlurper(): null

2019-08-23 18:53:33 - [TEST_STEP][PASSED] - result_M4_spin = M4_spin.parseText(response.getResponseBodyContent()): null

2019-08-23 18:53:33 - [TEST_STEP][PASSED] - M4_spin_current_balance = current_balance: null

2019-08-23 18:53:33 - [TEST_STEP][PASSED] - M4_spin_current_balance = M4_spin_current_balance: null

2019-08-23 18:53:33 - [TEST_STEP][PASSED] - M4_spin_transaction_id = causality: null

2019-08-23 18:53:33 - [TEST_STEP][PASSED] - M4_spin_transaction_id = M4_spin_transaction_id: null

2019-08-23 18:53:33 - [TEST_STEP][PASSED] - M4_spin_round_id = round_id: null

2019-08-23 18:53:33 - [TEST_STEP][PASSED] - M4_spin_round_id = M4_spin_round_id: null

2019-08-23 18:53:33 - [TEST_STEP][PASSED] - M4_spin_line_wins = line_wins: null

2019-08-23 18:53:33 - [TEST_STEP][PASSED] - M4_spin_line_wins = M4_spin_line_wins: null

2019-08-23 18:53:35 - [TEST_STEP][PASSED] - M4_total_bonus_spins_int = total_bonus_spins: null

2019-08-23 18:53:35 - [TEST_STEP][PASSED] - println("******M4_total_bonus_spins type is:*******" + newline + getClass().getName()): null

2019-08-23 18:53:35 - [TEST_STEP][PASSED] - M4_total_bonus_spins_int = M4_total_bonus_spins_int: null

2019-08-23 18:53:35 - [TEST_STEP][PASSED] - M4_total_bonus_spins = Integer.toString(M4_total_bonus_spins_int): null

2019-08-23 18:53:35 - [TEST_STEP][PASSED] - M4_total_bonus_spins = M4_total_bonus_spins: null

2019-08-23 18:53:35 - [TEST_STEP][PASSED] - println("M4_total_bonus_spins is:" + M4_total_bonus_spins): null

2019-08-23 18:53:35 - [TEST_STEP][PASSED] - M4_spin_bonus_data = bonus_data: null

2019-08-23 18:53:35 - [TEST_STEP][PASSED] - M4_spin_features_triggered = result_M4_spin: null

2019-08-23 18:53:35 - [TEST_STEP][PASSED] - wild = []: null

2019-08-23 18:53:35 - [TEST_STEP][PASSED] - wild[0] = "WILD_Expanding": null

2019-08-23 18:53:35 - [TEST_STEP][PASSED] - wild[1] = "WILD_Normal": null

2019-08-23 18:53:35 - [TEST_STEP][PASSED] - wild[2] = "WILD_Double": null

2019-08-23 18:53:35 - [TEST_STEP][PASSED] - wild[3] = "WILD_ExtraFG": null

2019-08-23 18:53:35 - [TEST_STEP][PASSED] - wild[4] = "WILD_Triple": null

2019-08-23 18:53:35 - [TEST_STEP][PASSED] - wildList = Arrays.asList(wild): null

2019-08-23 18:53:35 - [TEST_STEP][PASSED] - wildList = wildList: null

2019-08-23 18:53:35 - [TEST_STEP][PASSED] - free_spin_reel_counter = []: null

2019-08-23 18:53:35 - [TEST_STEP][PASSED] - free_spin_reel_counter[0] = 0: null

2019-08-23 18:53:35 - [TEST_STEP][PASSED] - free_spin_reel_counter[1] = 0: null

2019-08-23 18:53:35 - [TEST_STEP][PASSED] - free_spin_reel_counter[2] = 0: null

2019-08-23 18:53:35 - [TEST_STEP][PASSED] - M4_spin_reels = reels: null

2019-08-23 18:53:35 - [TEST_STEP][PASSED] - for ([i = 0, i &lt; M4_spin_reels.size(), (i++)]): null

2019-08-23 18:53:35 - [TEST_STEP][PASSED] - symbols = symbols: null

2019-08-23 18:53:35 - [TEST_STEP][PASSED] - for ([j = 0, j &lt; symbols.size(), (j++)]): null

2019-08-23 18:53:35 - [TEST_STEP][PASSED] - symbol = symbol: null

2019-08-23 18:53:35 - [TEST_STEP][PASSED] - println(symbol): null

2019-08-23 18:53:35 - [TEST_STEP][PASSED] - if (i == 2 &amp;&amp; wildList.indexOf(symbol) != -1): null

2019-08-23 18:53:35 - [TEST_STEP][PASSED] - if (i == 3 &amp;&amp; wildList.indexOf(symbol) != -1): null

2019-08-23 18:53:35 - [TEST_STEP][PASSED] - if (i == 4 &amp;&amp; wildList.indexOf(symbol) != -1): null

2019-08-23 18:53:35 - [TEST_STEP][PASSED] - symbol = symbol: null

2019-08-23 18:53:35 - [TEST_STEP][PASSED] - println(symbol): null

2019-08-23 18:53:35 - [TEST_STEP][PASSED] - if (i == 2 &amp;&amp; wildList.indexOf(symbol) != -1): null

2019-08-23 18:53:35 - [TEST_STEP][PASSED] - if (i == 3 &amp;&amp; wildList.indexOf(symbol) != -1): null

2019-08-23 18:53:35 - [TEST_STEP][PASSED] - if (i == 4 &amp;&amp; wildList.indexOf(symbol) != -1): null

2019-08-23 18:53:35 - [TEST_STEP][PASSED] - symbol = symbol: null

2019-08-23 18:53:35 - [TEST_STEP][PASSED] - println(symbol): null

2019-08-23 18:53:35 - [TEST_STEP][PASSED] - if (i == 2 &amp;&amp; wildList.indexOf(symbol) != -1): null

2019-08-23 18:53:35 - [TEST_STEP][PASSED] - if (i == 3 &amp;&amp; wildList.indexOf(symbol) != -1): null

2019-08-23 18:53:35 - [TEST_STEP][PASSED] - if (i == 4 &amp;&amp; wildList.indexOf(symbol) != -1): null

2019-08-23 18:53:35 - [TEST_STEP][PASSED] - symbols = symbols: null

2019-08-23 18:53:35 - [TEST_STEP][PASSED] - for ([j = 0, j &lt; symbols.size(), (j++)]): null

2019-08-23 18:53:35 - [TEST_STEP][PASSED] - symbol = symbol: null

2019-08-23 18:53:35 - [TEST_STEP][PASSED] - println(symbol): null

2019-08-23 18:53:35 - [TEST_STEP][PASSED] - if (i == 2 &amp;&amp; wildList.indexOf(symbol) != -1): null

2019-08-23 18:53:35 - [TEST_STEP][PASSED] - if (i == 3 &amp;&amp; wildList.indexOf(symbol) != -1): null

2019-08-23 18:53:35 - [TEST_STEP][PASSED] - if (i == 4 &amp;&amp; wildList.indexOf(symbol) != -1): null

2019-08-23 18:53:35 - [TEST_STEP][PASSED] - symbol = symbol: null

2019-08-23 18:53:35 - [TEST_STEP][PASSED] - println(symbol): null

2019-08-23 18:53:35 - [TEST_STEP][PASSED] - if (i == 2 &amp;&amp; wildList.indexOf(symbol) != -1): null

2019-08-23 18:53:35 - [TEST_STEP][PASSED] - if (i == 3 &amp;&amp; wildList.indexOf(symbol) != -1): null

2019-08-23 18:53:35 - [TEST_STEP][PASSED] - if (i == 4 &amp;&amp; wildList.indexOf(symbol) != -1): null

2019-08-23 18:53:35 - [TEST_STEP][PASSED] - symbol = symbol: null

2019-08-23 18:53:35 - [TEST_STEP][PASSED] - println(symbol): null

2019-08-23 18:53:35 - [TEST_STEP][PASSED] - if (i == 2 &amp;&amp; wildList.indexOf(symbol) != -1): null

2019-08-23 18:53:35 - [TEST_STEP][PASSED] - if (i == 3 &amp;&amp; wildList.indexOf(symbol) != -1): null

2019-08-23 18:53:35 - [TEST_STEP][PASSED] - if (i == 4 &amp;&amp; wildList.indexOf(symbol) != -1): null

2019-08-23 18:53:35 - [TEST_STEP][PASSED] - symbols = symbols: null

2019-08-23 18:53:35 - [TEST_STEP][PASSED] - for ([j = 0, j &lt; symbols.size(), (j++)]): null

2019-08-23 18:53:35 - [TEST_STEP][PASSED] - symbol = symbol: null

2019-08-23 18:53:35 - [TEST_STEP][PASSED] - println(symbol): null

2019-08-23 18:53:35 - [TEST_STEP][PASSED] - if (i == 2 &amp;&amp; wildList.indexOf(symbol) != -1): null

2019-08-23 18:53:35 - [TEST_STEP][PASSED] - if (i == 3 &amp;&amp; wildList.indexOf(symbol) != -1): null

2019-08-23 18:53:35 - [TEST_STEP][PASSED] - if (i == 4 &amp;&amp; wildList.indexOf(symbol) != -1): null

2019-08-23 18:53:35 - [TEST_STEP][PASSED] - symbol = symbol: null

2019-08-23 18:53:35 - [TEST_STEP][PASSED] - println(symbol): null

2019-08-23 18:53:35 - [TEST_STEP][PASSED] - if (i == 2 &amp;&amp; wildList.indexOf(symbol) != -1): null

2019-08-23 18:53:35 - [TEST_STEP][PASSED] - println("wild found on reel 3, adding counter by 1"): null

2019-08-23 18:53:35 - [TEST_STEP][PASSED] - free_spin_reel_counter[0] = free_spin_reel_counter[0] + 1: null

2019-08-23 18:53:35 - [TEST_STEP][PASSED] - if (i == 3 &amp;&amp; wildList.indexOf(symbol) != -1): null

2019-08-23 18:53:35 - [TEST_STEP][PASSED] - if (i == 4 &amp;&amp; wildList.indexOf(symbol) != -1): null

2019-08-23 18:53:35 - [TEST_STEP][PASSED] - symbol = symbol: null

2019-08-23 18:53:35 - [TEST_STEP][PASSED] - println(symbol): null

2019-08-23 18:53:35 - [TEST_STEP][PASSED] - if (i == 2 &amp;&amp; wildList.indexOf(symbol) != -1): null

2019-08-23 18:53:35 - [TEST_STEP][PASSED] - if (i == 3 &amp;&amp; wildList.indexOf(symbol) != -1): null

2019-08-23 18:53:35 - [TEST_STEP][PASSED] - if (i == 4 &amp;&amp; wildList.indexOf(symbol) != -1): null

2019-08-23 18:53:35 - [TEST_STEP][PASSED] - symbols = symbols: null

2019-08-23 18:53:35 - [TEST_STEP][PASSED] - for ([j = 0, j &lt; symbols.size(), (j++)]): null

2019-08-23 18:53:35 - [TEST_STEP][PASSED] - symbol = symbol: null

2019-08-23 18:53:35 - [TEST_STEP][PASSED] - println(symbol): null

2019-08-23 18:53:35 - [TEST_STEP][PASSED] - if (i == 2 &amp;&amp; wildList.indexOf(symbol) != -1): null

2019-08-23 18:53:35 - [TEST_STEP][PASSED] - if (i == 3 &amp;&amp; wildList.indexOf(symbol) != -1): null

2019-08-23 18:53:35 - [TEST_STEP][PASSED] - println("wild found on reel 4, adding counter by 1"): null

2019-08-23 18:53:35 - [TEST_STEP][PASSED] - free_spin_reel_counter[1] = free_spin_reel_counter[1] + 1: null

2019-08-23 18:53:35 - [TEST_STEP][PASSED] - if (i == 4 &amp;&amp; wildList.indexOf(symbol) != -1): null

2019-08-23 18:53:35 - [TEST_STEP][PASSED] - symbol = symbol: null

2019-08-23 18:53:35 - [TEST_STEP][PASSED] - println(symbol): null

2019-08-23 18:53:35 - [TEST_STEP][PASSED] - if (i == 2 &amp;&amp; wildList.indexOf(symbol) != -1): null

2019-08-23 18:53:35 - [TEST_STEP][PASSED] - if (i == 3 &amp;&amp; wildList.indexOf(symbol) != -1): null

2019-08-23 18:53:35 - [TEST_STEP][PASSED] - if (i == 4 &amp;&amp; wildList.indexOf(symbol) != -1): null

2019-08-23 18:53:35 - [TEST_STEP][PASSED] - symbol = symbol: null

2019-08-23 18:53:35 - [TEST_STEP][PASSED] - println(symbol): null

2019-08-23 18:53:35 - [TEST_STEP][PASSED] - if (i == 2 &amp;&amp; wildList.indexOf(symbol) != -1): null

2019-08-23 18:53:35 - [TEST_STEP][PASSED] - if (i == 3 &amp;&amp; wildList.indexOf(symbol) != -1): null

2019-08-23 18:53:35 - [TEST_STEP][PASSED] - if (i == 4 &amp;&amp; wildList.indexOf(symbol) != -1): null

2019-08-23 18:53:35 - [TEST_STEP][PASSED] - symbols = symbols: null

2019-08-23 18:53:35 - [TEST_STEP][PASSED] - for ([j = 0, j &lt; symbols.size(), (j++)]): null

2019-08-23 18:53:35 - [TEST_STEP][PASSED] - symbol = symbol: null

2019-08-23 18:53:35 - [TEST_STEP][PASSED] - println(symbol): null

2019-08-23 18:53:35 - [TEST_STEP][PASSED] - if (i == 2 &amp;&amp; wildList.indexOf(symbol) != -1): null

2019-08-23 18:53:35 - [TEST_STEP][PASSED] - if (i == 3 &amp;&amp; wildList.indexOf(symbol) != -1): null

2019-08-23 18:53:35 - [TEST_STEP][PASSED] - if (i == 4 &amp;&amp; wildList.indexOf(symbol) != -1): null

2019-08-23 18:53:35 - [TEST_STEP][PASSED] - symbol = symbol: null

2019-08-23 18:53:35 - [TEST_STEP][PASSED] - println(symbol): null

2019-08-23 18:53:35 - [TEST_STEP][PASSED] - if (i == 2 &amp;&amp; wildList.indexOf(symbol) != -1): null

2019-08-23 18:53:35 - [TEST_STEP][PASSED] - if (i == 3 &amp;&amp; wildList.indexOf(symbol) != -1): null

2019-08-23 18:53:35 - [TEST_STEP][PASSED] - if (i == 4 &amp;&amp; wildList.indexOf(symbol) != -1): null

2019-08-23 18:53:35 - [TEST_STEP][PASSED] - symbol = symbol: null

2019-08-23 18:53:35 - [TEST_STEP][PASSED] - println(symbol): null

2019-08-23 18:53:35 - [TEST_STEP][PASSED] - if (i == 2 &amp;&amp; wildList.indexOf(symbol) != -1): null

2019-08-23 18:53:35 - [TEST_STEP][PASSED] - if (i == 3 &amp;&amp; wildList.indexOf(symbol) != -1): null

2019-08-23 18:53:35 - [TEST_STEP][PASSED] - if (i == 4 &amp;&amp; wildList.indexOf(symbol) != -1): null

2019-08-23 18:53:35 - [TEST_STEP][PASSED] - free_spin_reel_counter = free_spin_reel_counter: null

2019-08-23 18:53:35 - [TEST_STEP][PASSED] - println("reel 3 wild found: " + free_spin_reel_counter[0]): null

2019-08-23 18:53:35 - [TEST_STEP][PASSED] - println("reel 4 wild found: " + free_spin_reel_counter[1]): null

2019-08-23 18:53:35 - [TEST_STEP][PASSED] - println("reel 5 wild found: " + free_spin_reel_counter[2]): null

2019-08-23 18:53:35 - [TEST_STEP][PASSED] - M4_spin_reels = M4_spin_reels: null

2019-08-23 18:53:35 - [TEST_STEP][PASSED] - M4_spin_reels_symbols = symbol: null

2019-08-23 18:53:35 - [TEST_STEP][PASSED] - M4_spin_reels_symbols = M4_spin_reels_symbols: null

2019-08-23 18:53:35 - [TEST_STEP][PASSED] - M4_spin_reel_wins = reel_wins: null

2019-08-23 18:53:35 - [TEST_STEP][PASSED] - M4_spin_reel_wins = M4_spin_reel_wins: null

2019-08-23 18:53:35 - [TEST_STEP][PASSED] - println("GlobalVariable.M4_spin_reel_wins is: " + M4_spin_reel_wins): null

2019-08-23 18:53:35 - [TEST_STEP][PASSED] - M4_spin_total_bonus_win_this_round = total_bonus_win_this_round: null

2019-08-23 18:53:35 - [TEST_STEP][PASSED] - M4_spin_total_bonus_win_this_round = M4_spin_total_bonus_win_this_round: null

2019-08-23 18:53:35 - [TEST_STEP][PASSED] - println("GlobalVariable.M4_spin_total_bonus_win_this_round is: " + M4_spin_total_bonus_win_this_round): null

2019-08-23 18:53:35 - [TEST_STEP][PASSED] - M4_spin_bonus_spin_result = spin_result: null

2019-08-23 18:53:35 - [TEST_STEP][PASSED] - M4_spin_bonus_spin_result = M4_spin_bonus_spin_result: null

2019-08-23 18:53:35 - [MESSAGE][PASSED] - Verify response successfully

2019-08-23 18:53:35 - [MESSAGE][PASSED] - Send request and verify the response successfully

2019-08-23 18:53:35 - [TEST_STEP][PASSED] - if (free_spin_reel_counter[0] &gt;= 1 &amp;&amp; free_spin_reel_counter[1] &gt;= 1 &amp;&amp; free_spin_reel_counter[2] &gt;= 1): null

2019-08-23 18:53:35 - [TEST_STEP][PASSED] - spin_result = sendRequestAndVerify(findTestObject("INT/RGS(M4)/1_M4_spin", ["M4_login_user_id":M4_login_user_id, "rgs_session_token":rgs_session_token, "partner":Partner])): Send request and verify the response successfully

2019-08-23 18:53:35 - [MESSAGE][INFO] - HAR: /Users/eiralee/Katalon_Script/SuperWild/Reports/20190823_184757/INT/superWild_1/20190823_184757/requests/main/102.har

2019-08-23 18:53:35 - [TEST_CASE][PASSED] - Start Test Case : Verification: Verification accomplished successfully

2019-08-23 18:53:35 - [TEST_STEP][PASSED] - request = getInstance().getCurrentRequest(): null

2019-08-23 18:53:35 - [TEST_STEP][PASSED] - response = getInstance().getCurrentResponse(): null

2019-08-23 18:53:35 - [TEST_STEP][PASSED] - verifyResponseStatusCode(response, 200): Verify response status code successfully

2019-08-23 18:53:35 - [MESSAGE][PASSED] - Verify response status code successfully

2019-08-23 18:53:35 - [TEST_STEP][PASSED] - getStatusCode()).isEqualTo(200): null

2019-08-23 18:53:35 - [TEST_STEP][PASSED] - newline = System.getProperty("line.separator"): null

2019-08-23 18:53:35 - [TEST_STEP][PASSED] - M4_spin = new groovy.json.JsonSlurper(): null

2019-08-23 18:53:35 - [TEST_STEP][PASSED] - result_M4_spin = M4_spin.parseText(response.getResponseBodyContent()): null

2019-08-23 18:53:35 - [TEST_STEP][PASSED] - M4_spin_current_balance = current_balance: null

2019-08-23 18:53:35 - [TEST_STEP][PASSED] - M4_spin_current_balance = M4_spin_current_balance: null

2019-08-23 18:53:35 - [TEST_STEP][PASSED] - M4_spin_transaction_id = causality: null

2019-08-23 18:53:35 - [TEST_STEP][PASSED] - M4_spin_transaction_id = M4_spin_transaction_id: null

2019-08-23 18:53:35 - [TEST_STEP][PASSED] - M4_spin_round_id = round_id: null

2019-08-23 18:53:35 - [TEST_STEP][PASSED] - M4_spin_round_id = M4_spin_round_id: null

2019-08-23 18:53:35 - [TEST_STEP][PASSED] - M4_spin_line_wins = line_wins: null

2019-08-23 18:53:35 - [TEST_STEP][PASSED] - M4_spin_line_wins = M4_spin_line_wins: null

2019-08-23 18:53:35 - [TEST_STEP][PASSED] - M4_total_bonus_spins_int = total_bonus_spins: null

2019-08-23 18:53:35 - [TEST_STEP][PASSED] - println("******M4_total_bonus_spins type is:*******" + newline + getClass().getName()): null

2019-08-23 18:53:35 - [TEST_STEP][PASSED] - M4_total_bonus_spins_int = M4_total_bonus_spins_int: null

2019-08-23 18:53:35 - [TEST_STEP][PASSED] - M4_total_bonus_spins = Integer.toString(M4_total_bonus_spins_int): null

2019-08-23 18:53:35 - [TEST_STEP][PASSED] - M4_total_bonus_spins = M4_total_bonus_spins: null

2019-08-23 18:53:35 - [TEST_STEP][PASSED] - println("M4_total_bonus_spins is:" + M4_total_bonus_spins): null

2019-08-23 18:53:35 - [TEST_STEP][PASSED] - M4_spin_bonus_data = bonus_data: null

2019-08-23 18:53:35 - [TEST_STEP][PASSED] - M4_spin_features_triggered = result_M4_spin: null

2019-08-23 18:53:35 - [TEST_STEP][PASSED] - wild = []: null

2019-08-23 18:53:35 - [TEST_STEP][PASSED] - wild[0] = "WILD_Expanding": null

2019-08-23 18:53:35 - [TEST_STEP][PASSED] - wild[1] = "WILD_Normal": null

2019-08-23 18:53:35 - [TEST_STEP][PASSED] - wild[2] = "WILD_Double": null

2019-08-23 18:53:35 - [TEST_STEP][PASSED] - wild[3] = "WILD_ExtraFG": null

2019-08-23 18:53:35 - [TEST_STEP][PASSED] - wild[4] = "WILD_Triple": null

2019-08-23 18:53:35 - [TEST_STEP][PASSED] - wildList = Arrays.asList(wild): null

2019-08-23 18:53:35 - [TEST_STEP][PASSED] - wildList = wildList: null

2019-08-23 18:53:35 - [TEST_STEP][PASSED] - free_spin_reel_counter = []: null

2019-08-23 18:53:35 - [TEST_STEP][PASSED] - free_spin_reel_counter[0] = 0: null

2019-08-23 18:53:35 - [TEST_STEP][PASSED] - free_spin_reel_counter[1] = 0: null

2019-08-23 18:53:35 - [TEST_STEP][PASSED] - free_spin_reel_counter[2] = 0: null

2019-08-23 18:53:35 - [TEST_STEP][PASSED] - M4_spin_reels = reels: null

2019-08-23 18:53:35 - [TEST_STEP][PASSED] - for ([i = 0, i &lt; M4_spin_reels.size(), (i++)]): null

2019-08-23 18:53:35 - [TEST_STEP][PASSED] - symbols = symbols: null

2019-08-23 18:53:35 - [TEST_STEP][PASSED] - for ([j = 0, j &lt; symbols.size(), (j++)]): null

2019-08-23 18:53:35 - [TEST_STEP][PASSED] - symbol = symbol: null

2019-08-23 18:53:35 - [TEST_STEP][PASSED] - println(symbol): null

2019-08-23 18:53:35 - [TEST_STEP][PASSED] - if (i == 2 &amp;&amp; wildList.indexOf(symbol) != -1): null

2019-08-23 18:53:35 - [TEST_STEP][PASSED] - if (i == 3 &amp;&amp; wildList.indexOf(symbol) != -1): null

2019-08-23 18:53:35 - [TEST_STEP][PASSED] - if (i == 4 &amp;&amp; wildList.indexOf(symbol) != -1): null

2019-08-23 18:53:35 - [TEST_STEP][PASSED] - symbol = symbol: null

2019-08-23 18:53:35 - [TEST_STEP][PASSED] - println(symbol): null

2019-08-23 18:53:35 - [TEST_STEP][PASSED] - if (i == 2 &amp;&amp; wildList.indexOf(symbol) != -1): null

2019-08-23 18:53:35 - [TEST_STEP][PASSED] - if (i == 3 &amp;&amp; wildList.indexOf(symbol) != -1): null

2019-08-23 18:53:35 - [TEST_STEP][PASSED] - if (i == 4 &amp;&amp; wildList.indexOf(symbol) != -1): null

2019-08-23 18:53:35 - [TEST_STEP][PASSED] - symbol = symbol: null

2019-08-23 18:53:35 - [TEST_STEP][PASSED] - println(symbol): null

2019-08-23 18:53:35 - [TEST_STEP][PASSED] - if (i == 2 &amp;&amp; wildList.indexOf(symbol) != -1): null

2019-08-23 18:53:35 - [TEST_STEP][PASSED] - if (i == 3 &amp;&amp; wildList.indexOf(symbol) != -1): null

2019-08-23 18:53:35 - [TEST_STEP][PASSED] - if (i == 4 &amp;&amp; wildList.indexOf(symbol) != -1): null

2019-08-23 18:53:35 - [TEST_STEP][PASSED] - symbols = symbols: null

2019-08-23 18:53:35 - [TEST_STEP][PASSED] - for ([j = 0, j &lt; symbols.size(), (j++)]): null

2019-08-23 18:53:35 - [TEST_STEP][PASSED] - symbol = symbol: null

2019-08-23 18:53:35 - [TEST_STEP][PASSED] - println(symbol): null

2019-08-23 18:53:35 - [TEST_STEP][PASSED] - if (i == 2 &amp;&amp; wildList.indexOf(symbol) != -1): null

2019-08-23 18:53:35 - [TEST_STEP][PASSED] - if (i == 3 &amp;&amp; wildList.indexOf(symbol) != -1): null

2019-08-23 18:53:35 - [TEST_STEP][PASSED] - if (i == 4 &amp;&amp; wildList.indexOf(symbol) != -1): null

2019-08-23 18:53:35 - [TEST_STEP][PASSED] - symbol = symbol: null

2019-08-23 18:53:35 - [TEST_STEP][PASSED] - println(symbol): null

2019-08-23 18:53:35 - [TEST_STEP][PASSED] - if (i == 2 &amp;&amp; wildList.indexOf(symbol) != -1): null

2019-08-23 18:53:35 - [TEST_STEP][PASSED] - if (i == 3 &amp;&amp; wildList.indexOf(symbol) != -1): null

2019-08-23 18:53:35 - [TEST_STEP][PASSED] - if (i == 4 &amp;&amp; wildList.indexOf(symbol) != -1): null

2019-08-23 18:53:35 - [TEST_STEP][PASSED] - symbol = symbol: null

2019-08-23 18:53:35 - [TEST_STEP][PASSED] - println(symbol): null

2019-08-23 18:53:35 - [TEST_STEP][PASSED] - if (i == 2 &amp;&amp; wildList.indexOf(symbol) != -1): null

2019-08-23 18:53:35 - [TEST_STEP][PASSED] - if (i == 3 &amp;&amp; wildList.indexOf(symbol) != -1): null

2019-08-23 18:53:35 - [TEST_STEP][PASSED] - if (i == 4 &amp;&amp; wildList.indexOf(symbol) != -1): null

2019-08-23 18:53:35 - [TEST_STEP][PASSED] - symbols = symbols: null

2019-08-23 18:53:35 - [TEST_STEP][PASSED] - for ([j = 0, j &lt; symbols.size(), (j++)]): null

2019-08-23 18:53:35 - [TEST_STEP][PASSED] - symbol = symbol: null

2019-08-23 18:53:35 - [TEST_STEP][PASSED] - println(symbol): null

2019-08-23 18:53:35 - [TEST_STEP][PASSED] - if (i == 2 &amp;&amp; wildList.indexOf(symbol) != -1): null

2019-08-23 18:53:35 - [TEST_STEP][PASSED] - if (i == 3 &amp;&amp; wildList.indexOf(symbol) != -1): null

2019-08-23 18:53:35 - [TEST_STEP][PASSED] - if (i == 4 &amp;&amp; wildList.indexOf(symbol) != -1): null

2019-08-23 18:53:35 - [TEST_STEP][PASSED] - symbol = symbol: null

2019-08-23 18:53:35 - [TEST_STEP][PASSED] - println(symbol): null

2019-08-23 18:53:35 - [TEST_STEP][PASSED] - if (i == 2 &amp;&amp; wildList.indexOf(symbol) != -1): null

2019-08-23 18:53:35 - [TEST_STEP][PASSED] - println("wild found on reel 3, adding counter by 1"): null

2019-08-23 18:53:35 - [TEST_STEP][PASSED] - free_spin_reel_counter[0] = free_spin_reel_counter[0] + 1: null

2019-08-23 18:53:35 - [TEST_STEP][PASSED] - if (i == 3 &amp;&amp; wildList.indexOf(symbol) != -1): null

2019-08-23 18:53:35 - [TEST_STEP][PASSED] - if (i == 4 &amp;&amp; wildList.indexOf(symbol) != -1): null

2019-08-23 18:53:35 - [TEST_STEP][PASSED] - symbol = symbol: null

2019-08-23 18:53:35 - [TEST_STEP][PASSED] - println(symbol): null

2019-08-23 18:53:35 - [TEST_STEP][PASSED] - if (i == 2 &amp;&amp; wildList.indexOf(symbol) != -1): null

2019-08-23 18:53:35 - [TEST_STEP][PASSED] - if (i == 3 &amp;&amp; wildList.indexOf(symbol) != -1): null

2019-08-23 18:53:35 - [TEST_STEP][PASSED] - if (i == 4 &amp;&amp; wildList.indexOf(symbol) != -1): null

2019-08-23 18:53:35 - [TEST_STEP][PASSED] - symbols = symbols: null

2019-08-23 18:53:35 - [TEST_STEP][PASSED] - for ([j = 0, j &lt; symbols.size(), (j++)]): null

2019-08-23 18:53:35 - [TEST_STEP][PASSED] - symbol = symbol: null

2019-08-23 18:53:35 - [TEST_STEP][PASSED] - println(symbol): null

2019-08-23 18:53:35 - [TEST_STEP][PASSED] - if (i == 2 &amp;&amp; wildList.indexOf(symbol) != -1): null

2019-08-23 18:53:35 - [TEST_STEP][PASSED] - if (i == 3 &amp;&amp; wildList.indexOf(symbol) != -1): null

2019-08-23 18:53:35 - [TEST_STEP][PASSED] - if (i == 4 &amp;&amp; wildList.indexOf(symbol) != -1): null

2019-08-23 18:53:35 - [TEST_STEP][PASSED] - symbol = symbol: null

2019-08-23 18:53:35 - [TEST_STEP][PASSED] - println(symbol): null

2019-08-23 18:53:35 - [TEST_STEP][PASSED] - if (i == 2 &amp;&amp; wildList.indexOf(symbol) != -1): null

2019-08-23 18:53:35 - [TEST_STEP][PASSED] - if (i == 3 &amp;&amp; wildList.indexOf(symbol) != -1): null

2019-08-23 18:53:35 - [TEST_STEP][PASSED] - if (i == 4 &amp;&amp; wildList.indexOf(symbol) != -1): null

2019-08-23 18:53:35 - [TEST_STEP][PASSED] - symbol = symbol: null

2019-08-23 18:53:35 - [TEST_STEP][PASSED] - println(symbol): null

2019-08-23 18:53:35 - [TEST_STEP][PASSED] - if (i == 2 &amp;&amp; wildList.indexOf(symbol) != -1): null

2019-08-23 18:53:35 - [TEST_STEP][PASSED] - if (i == 3 &amp;&amp; wildList.indexOf(symbol) != -1): null

2019-08-23 18:53:35 - [TEST_STEP][PASSED] - if (i == 4 &amp;&amp; wildList.indexOf(symbol) != -1): null

2019-08-23 18:53:35 - [TEST_STEP][PASSED] - symbols = symbols: null

2019-08-23 18:53:35 - [TEST_STEP][PASSED] - for ([j = 0, j &lt; symbols.size(), (j++)]): null

2019-08-23 18:53:35 - [TEST_STEP][PASSED] - symbol = symbol: null

2019-08-23 18:53:35 - [TEST_STEP][PASSED] - println(symbol): null

2019-08-23 18:53:35 - [TEST_STEP][PASSED] - if (i == 2 &amp;&amp; wildList.indexOf(symbol) != -1): null

2019-08-23 18:53:35 - [TEST_STEP][PASSED] - if (i == 3 &amp;&amp; wildList.indexOf(symbol) != -1): null

2019-08-23 18:53:35 - [TEST_STEP][PASSED] - if (i == 4 &amp;&amp; wildList.indexOf(symbol) != -1): null

2019-08-23 18:53:35 - [TEST_STEP][PASSED] - symbol = symbol: null

2019-08-23 18:53:35 - [TEST_STEP][PASSED] - println(symbol): null

2019-08-23 18:53:35 - [TEST_STEP][PASSED] - if (i == 2 &amp;&amp; wildList.indexOf(symbol) != -1): null

2019-08-23 18:53:35 - [TEST_STEP][PASSED] - if (i == 3 &amp;&amp; wildList.indexOf(symbol) != -1): null

2019-08-23 18:53:35 - [TEST_STEP][PASSED] - if (i == 4 &amp;&amp; wildList.indexOf(symbol) != -1): null

2019-08-23 18:53:35 - [TEST_STEP][PASSED] - symbol = symbol: null

2019-08-23 18:53:35 - [TEST_STEP][PASSED] - println(symbol): null

2019-08-23 18:53:35 - [TEST_STEP][PASSED] - if (i == 2 &amp;&amp; wildList.indexOf(symbol) != -1): null

2019-08-23 18:53:35 - [TEST_STEP][PASSED] - if (i == 3 &amp;&amp; wildList.indexOf(symbol) != -1): null

2019-08-23 18:53:35 - [TEST_STEP][PASSED] - if (i == 4 &amp;&amp; wildList.indexOf(symbol) != -1): null

2019-08-23 18:53:35 - [TEST_STEP][PASSED] - free_spin_reel_counter = free_spin_reel_counter: null

2019-08-23 18:53:35 - [TEST_STEP][PASSED] - println("reel 3 wild found: " + free_spin_reel_counter[0]): null

2019-08-23 18:53:35 - [TEST_STEP][PASSED] - println("reel 4 wild found: " + free_spin_reel_counter[1]): null

2019-08-23 18:53:35 - [TEST_STEP][PASSED] - println("reel 5 wild found: " + free_spin_reel_counter[2]): null

2019-08-23 18:53:35 - [TEST_STEP][PASSED] - M4_spin_reels = M4_spin_reels: null

2019-08-23 18:53:35 - [TEST_STEP][PASSED] - M4_spin_reels_symbols = symbol: null

2019-08-23 18:53:35 - [TEST_STEP][PASSED] - M4_spin_reels_symbols = M4_spin_reels_symbols: null

2019-08-23 18:53:35 - [TEST_STEP][PASSED] - M4_spin_reel_wins = reel_wins: null

2019-08-23 18:53:35 - [TEST_STEP][PASSED] - M4_spin_reel_wins = M4_spin_reel_wins: null

2019-08-23 18:53:35 - [TEST_STEP][PASSED] - println("GlobalVariable.M4_spin_reel_wins is: " + M4_spin_reel_wins): null

2019-08-23 18:53:35 - [TEST_STEP][PASSED] - M4_spin_total_bonus_win_this_round = total_bonus_win_this_round: null

2019-08-23 18:53:35 - [TEST_STEP][PASSED] - M4_spin_total_bonus_win_this_round = M4_spin_total_bonus_win_this_round: null

2019-08-23 18:53:35 - [TEST_STEP][PASSED] - println("GlobalVariable.M4_spin_total_bonus_win_this_round is: " + M4_spin_total_bonus_win_this_round): null

2019-08-23 18:53:35 - [TEST_STEP][PASSED] - M4_spin_bonus_spin_result = spin_result: null

2019-08-23 18:53:35 - [TEST_STEP][PASSED] - M4_spin_bonus_spin_result = M4_spin_bonus_spin_result: null

2019-08-23 18:53:35 - [MESSAGE][PASSED] - Verify response successfully

2019-08-23 18:53:35 - [MESSAGE][PASSED] - Send request and verify the response successfully

2019-08-23 18:53:35 - [TEST_STEP][PASSED] - if (free_spin_reel_counter[0] &gt;= 1 &amp;&amp; free_spin_reel_counter[1] &gt;= 1 &amp;&amp; free_spin_reel_counter[2] &gt;= 1): null

2019-08-23 18:53:35 - [TEST_STEP][PASSED] - spin_result = sendRequestAndVerify(findTestObject("INT/RGS(M4)/1_M4_spin", ["M4_login_user_id":M4_login_user_id, "rgs_session_token":rgs_session_token, "partner":Partner])): Send request and verify the response successfully

2019-08-23 18:53:36 - [MESSAGE][INFO] - HAR: /Users/eiralee/Katalon_Script/SuperWild/Reports/20190823_184757/INT/superWild_1/20190823_184757/requests/main/103.har

2019-08-23 18:53:36 - [TEST_CASE][PASSED] - Start Test Case : Verification: Verification accomplished successfully

2019-08-23 18:53:36 - [TEST_STEP][PASSED] - request = getInstance().getCurrentRequest(): null

2019-08-23 18:53:36 - [TEST_STEP][PASSED] - response = getInstance().getCurrentResponse(): null

2019-08-23 18:53:36 - [TEST_STEP][PASSED] - verifyResponseStatusCode(response, 200): Verify response status code successfully

2019-08-23 18:53:36 - [MESSAGE][PASSED] - Verify response status code successfully

2019-08-23 18:53:36 - [TEST_STEP][PASSED] - getStatusCode()).isEqualTo(200): null

2019-08-23 18:53:36 - [TEST_STEP][PASSED] - newline = System.getProperty("line.separator"): null

2019-08-23 18:53:36 - [TEST_STEP][PASSED] - M4_spin = new groovy.json.JsonSlurper(): null

2019-08-23 18:53:36 - [TEST_STEP][PASSED] - result_M4_spin = M4_spin.parseText(response.getResponseBodyContent()): null

2019-08-23 18:53:36 - [TEST_STEP][PASSED] - M4_spin_current_balance = current_balance: null

2019-08-23 18:53:36 - [TEST_STEP][PASSED] - M4_spin_current_balance = M4_spin_current_balance: null

2019-08-23 18:53:36 - [TEST_STEP][PASSED] - M4_spin_transaction_id = causality: null

2019-08-23 18:53:36 - [TEST_STEP][PASSED] - M4_spin_transaction_id = M4_spin_transaction_id: null

2019-08-23 18:53:36 - [TEST_STEP][PASSED] - M4_spin_round_id = round_id: null

2019-08-23 18:53:36 - [TEST_STEP][PASSED] - M4_spin_round_id = M4_spin_round_id: null

2019-08-23 18:53:36 - [TEST_STEP][PASSED] - M4_spin_line_wins = line_wins: null

2019-08-23 18:53:36 - [TEST_STEP][PASSED] - M4_spin_line_wins = M4_spin_line_wins: null

2019-08-23 18:53:36 - [TEST_STEP][PASSED] - M4_total_bonus_spins_int = total_bonus_spins: null

2019-08-23 18:53:36 - [TEST_STEP][PASSED] - println("******M4_total_bonus_spins type is:*******" + newline + getClass().getName()): null

2019-08-23 18:53:36 - [TEST_STEP][PASSED] - M4_total_bonus_spins_int = M4_total_bonus_spins_int: null

2019-08-23 18:53:36 - [TEST_STEP][PASSED] - M4_total_bonus_spins = Integer.toString(M4_total_bonus_spins_int): null

2019-08-23 18:53:36 - [TEST_STEP][PASSED] - M4_total_bonus_spins = M4_total_bonus_spins: null

2019-08-23 18:53:36 - [TEST_STEP][PASSED] - println("M4_total_bonus_spins is:" + M4_total_bonus_spins): null

2019-08-23 18:53:36 - [TEST_STEP][PASSED] - M4_spin_bonus_data = bonus_data: null

2019-08-23 18:53:36 - [TEST_STEP][PASSED] - M4_spin_features_triggered = result_M4_spin: null

2019-08-23 18:53:36 - [TEST_STEP][PASSED] - wild = []: null

2019-08-23 18:53:36 - [TEST_STEP][PASSED] - wild[0] = "WILD_Expanding": null

2019-08-23 18:53:36 - [TEST_STEP][PASSED] - wild[1] = "WILD_Normal": null

2019-08-23 18:53:36 - [TEST_STEP][PASSED] - wild[2] = "WILD_Double": null

2019-08-23 18:53:36 - [TEST_STEP][PASSED] - wild[3] = "WILD_ExtraFG": null

2019-08-23 18:53:36 - [TEST_STEP][PASSED] - wild[4] = "WILD_Triple": null

2019-08-23 18:53:36 - [TEST_STEP][PASSED] - wildList = Arrays.asList(wild): null

2019-08-23 18:53:36 - [TEST_STEP][PASSED] - wildList = wildList: null

2019-08-23 18:53:36 - [TEST_STEP][PASSED] - free_spin_reel_counter = []: null

2019-08-23 18:53:36 - [TEST_STEP][PASSED] - free_spin_reel_counter[0] = 0: null

2019-08-23 18:53:36 - [TEST_STEP][PASSED] - free_spin_reel_counter[1] = 0: null

2019-08-23 18:53:36 - [TEST_STEP][PASSED] - free_spin_reel_counter[2] = 0: null

2019-08-23 18:53:36 - [TEST_STEP][PASSED] - M4_spin_reels = reels: null

2019-08-23 18:53:36 - [TEST_STEP][PASSED] - for ([i = 0, i &lt; M4_spin_reels.size(), (i++)]): null

2019-08-23 18:53:36 - [TEST_STEP][PASSED] - symbols = symbols: null

2019-08-23 18:53:36 - [TEST_STEP][PASSED] - for ([j = 0, j &lt; symbols.size(), (j++)]): null

2019-08-23 18:53:36 - [TEST_STEP][PASSED] - symbol = symbol: null

2019-08-23 18:53:36 - [TEST_STEP][PASSED] - println(symbol): null

2019-08-23 18:53:36 - [TEST_STEP][PASSED] - if (i == 2 &amp;&amp; wildList.indexOf(symbol) != -1): null

2019-08-23 18:53:36 - [TEST_STEP][PASSED] - if (i == 3 &amp;&amp; wildList.indexOf(symbol) != -1): null

2019-08-23 18:53:36 - [TEST_STEP][PASSED] - if (i == 4 &amp;&amp; wildList.indexOf(symbol) != -1): null

2019-08-23 18:53:36 - [TEST_STEP][PASSED] - symbol = symbol: null

2019-08-23 18:53:36 - [TEST_STEP][PASSED] - println(symbol): null

2019-08-23 18:53:38 - [TEST_STEP][PASSED] - if (i == 2 &amp;&amp; wildList.indexOf(symbol) != -1): null

2019-08-23 18:53:38 - [TEST_STEP][PASSED] - if (i == 3 &amp;&amp; wildList.indexOf(symbol) != -1): null

2019-08-23 18:53:38 - [TEST_STEP][PASSED] - if (i == 4 &amp;&amp; wildList.indexOf(symbol) != -1): null

2019-08-23 18:53:38 - [TEST_STEP][PASSED] - symbol = symbol: null

2019-08-23 18:53:38 - [TEST_STEP][PASSED] - println(symbol): null

2019-08-23 18:53:38 - [TEST_STEP][PASSED] - if (i == 2 &amp;&amp; wildList.indexOf(symbol) != -1): null

2019-08-23 18:53:38 - [TEST_STEP][PASSED] - if (i == 3 &amp;&amp; wildList.indexOf(symbol) != -1): null

2019-08-23 18:53:38 - [TEST_STEP][PASSED] - if (i == 4 &amp;&amp; wildList.indexOf(symbol) != -1): null

2019-08-23 18:53:38 - [TEST_STEP][PASSED] - symbols = symbols: null

2019-08-23 18:53:38 - [TEST_STEP][PASSED] - for ([j = 0, j &lt; symbols.size(), (j++)]): null

2019-08-23 18:53:38 - [TEST_STEP][PASSED] - symbol = symbol: null

2019-08-23 18:53:38 - [TEST_STEP][PASSED] - println(symbol): null

2019-08-23 18:53:38 - [TEST_STEP][PASSED] - if (i == 2 &amp;&amp; wildList.indexOf(symbol) != -1): null

2019-08-23 18:53:38 - [TEST_STEP][PASSED] - if (i == 3 &amp;&amp; wildList.indexOf(symbol) != -1): null

2019-08-23 18:53:38 - [TEST_STEP][PASSED] - if (i == 4 &amp;&amp; wildList.indexOf(symbol) != -1): null

2019-08-23 18:53:38 - [TEST_STEP][PASSED] - symbol = symbol: null

2019-08-23 18:53:38 - [TEST_STEP][PASSED] - println(symbol): null

2019-08-23 18:53:38 - [TEST_STEP][PASSED] - if (i == 2 &amp;&amp; wildList.indexOf(symbol) != -1): null

2019-08-23 18:53:38 - [TEST_STEP][PASSED] - if (i == 3 &amp;&amp; wildList.indexOf(symbol) != -1): null

2019-08-23 18:53:38 - [TEST_STEP][PASSED] - if (i == 4 &amp;&amp; wildList.indexOf(symbol) != -1): null

2019-08-23 18:53:38 - [TEST_STEP][PASSED] - symbol = symbol: null

2019-08-23 18:53:38 - [TEST_STEP][PASSED] - println(symbol): null

2019-08-23 18:53:38 - [TEST_STEP][PASSED] - if (i == 2 &amp;&amp; wildList.indexOf(symbol) != -1): null

2019-08-23 18:53:38 - [TEST_STEP][PASSED] - if (i == 3 &amp;&amp; wildList.indexOf(symbol) != -1): null

2019-08-23 18:53:38 - [TEST_STEP][PASSED] - if (i == 4 &amp;&amp; wildList.indexOf(symbol) != -1): null

2019-08-23 18:53:38 - [TEST_STEP][PASSED] - symbols = symbols: null

2019-08-23 18:53:38 - [TEST_STEP][PASSED] - for ([j = 0, j &lt; symbols.size(), (j++)]): null

2019-08-23 18:53:38 - [TEST_STEP][PASSED] - symbol = symbol: null

2019-08-23 18:53:38 - [TEST_STEP][PASSED] - println(symbol): null

2019-08-23 18:53:38 - [TEST_STEP][PASSED] - if (i == 2 &amp;&amp; wildList.indexOf(symbol) != -1): null

2019-08-23 18:53:38 - [TEST_STEP][PASSED] - if (i == 3 &amp;&amp; wildList.indexOf(symbol) != -1): null

2019-08-23 18:53:38 - [TEST_STEP][PASSED] - if (i == 4 &amp;&amp; wildList.indexOf(symbol) != -1): null

2019-08-23 18:53:38 - [TEST_STEP][PASSED] - symbol = symbol: null

2019-08-23 18:53:38 - [TEST_STEP][PASSED] - println(symbol): null

2019-08-23 18:53:38 - [TEST_STEP][PASSED] - if (i == 2 &amp;&amp; wildList.indexOf(symbol) != -1): null

2019-08-23 18:53:38 - [TEST_STEP][PASSED] - if (i == 3 &amp;&amp; wildList.indexOf(symbol) != -1): null

2019-08-23 18:53:38 - [TEST_STEP][PASSED] - if (i == 4 &amp;&amp; wildList.indexOf(symbol) != -1): null

2019-08-23 18:53:38 - [TEST_STEP][PASSED] - symbol = symbol: null

2019-08-23 18:53:38 - [TEST_STEP][PASSED] - println(symbol): null

2019-08-23 18:53:38 - [TEST_STEP][PASSED] - if (i == 2 &amp;&amp; wildList.indexOf(symbol) != -1): null

2019-08-23 18:53:38 - [TEST_STEP][PASSED] - if (i == 3 &amp;&amp; wildList.indexOf(symbol) != -1): null

2019-08-23 18:53:38 - [TEST_STEP][PASSED] - if (i == 4 &amp;&amp; wildList.indexOf(symbol) != -1): null

2019-08-23 18:53:38 - [TEST_STEP][PASSED] - symbols = symbols: null

2019-08-23 18:53:38 - [TEST_STEP][PASSED] - for ([j = 0, j &lt; symbols.size(), (j++)]): null

2019-08-23 18:53:38 - [TEST_STEP][PASSED] - symbol = symbol: null

2019-08-23 18:53:38 - [TEST_STEP][PASSED] - println(symbol): null

2019-08-23 18:53:38 - [TEST_STEP][PASSED] - if (i == 2 &amp;&amp; wildList.indexOf(symbol) != -1): null

2019-08-23 18:53:38 - [TEST_STEP][PASSED] - if (i == 3 &amp;&amp; wildList.indexOf(symbol) != -1): null

2019-08-23 18:53:38 - [TEST_STEP][PASSED] - if (i == 4 &amp;&amp; wildList.indexOf(symbol) != -1): null

2019-08-23 18:53:38 - [TEST_STEP][PASSED] - symbol = symbol: null

2019-08-23 18:53:38 - [TEST_STEP][PASSED] - println(symbol): null

2019-08-23 18:53:38 - [TEST_STEP][PASSED] - if (i == 2 &amp;&amp; wildList.indexOf(symbol) != -1): null

2019-08-23 18:53:38 - [TEST_STEP][PASSED] - if (i == 3 &amp;&amp; wildList.indexOf(symbol) != -1): null

2019-08-23 18:53:38 - [TEST_STEP][PASSED] - println("wild found on reel 4, adding counter by 1"): null

2019-08-23 18:53:38 - [TEST_STEP][PASSED] - free_spin_reel_counter[1] = free_spin_reel_counter[1] + 1: null

2019-08-23 18:53:38 - [TEST_STEP][PASSED] - if (i == 4 &amp;&amp; wildList.indexOf(symbol) != -1): null

2019-08-23 18:53:38 - [TEST_STEP][PASSED] - symbol = symbol: null

2019-08-23 18:53:38 - [TEST_STEP][PASSED] - println(symbol): null

2019-08-23 18:53:38 - [TEST_STEP][PASSED] - if (i == 2 &amp;&amp; wildList.indexOf(symbol) != -1): null

2019-08-23 18:53:38 - [TEST_STEP][PASSED] - if (i == 3 &amp;&amp; wildList.indexOf(symbol) != -1): null

2019-08-23 18:53:38 - [TEST_STEP][PASSED] - if (i == 4 &amp;&amp; wildList.indexOf(symbol) != -1): null

2019-08-23 18:53:38 - [TEST_STEP][PASSED] - symbols = symbols: null

2019-08-23 18:53:38 - [TEST_STEP][PASSED] - for ([j = 0, j &lt; symbols.size(), (j++)]): null

2019-08-23 18:53:38 - [TEST_STEP][PASSED] - symbol = symbol: null

2019-08-23 18:53:38 - [TEST_STEP][PASSED] - println(symbol): null

2019-08-23 18:53:38 - [TEST_STEP][PASSED] - if (i == 2 &amp;&amp; wildList.indexOf(symbol) != -1): null

2019-08-23 18:53:38 - [TEST_STEP][PASSED] - if (i == 3 &amp;&amp; wildList.indexOf(symbol) != -1): null

2019-08-23 18:53:38 - [TEST_STEP][PASSED] - if (i == 4 &amp;&amp; wildList.indexOf(symbol) != -1): null

2019-08-23 18:53:38 - [TEST_STEP][PASSED] - println("wild found on reel 5, adding counter by 1"): null

2019-08-23 18:53:38 - [TEST_STEP][PASSED] - free_spin_reel_counter[2] = free_spin_reel_counter[2] + 1: null

2019-08-23 18:53:38 - [TEST_STEP][PASSED] - symbol = symbol: null

2019-08-23 18:53:38 - [TEST_STEP][PASSED] - println(symbol): null

2019-08-23 18:53:38 - [TEST_STEP][PASSED] - if (i == 2 &amp;&amp; wildList.indexOf(symbol) != -1): null

2019-08-23 18:53:38 - [TEST_STEP][PASSED] - if (i == 3 &amp;&amp; wildList.indexOf(symbol) != -1): null

2019-08-23 18:53:38 - [TEST_STEP][PASSED] - if (i == 4 &amp;&amp; wildList.indexOf(symbol) != -1): null

2019-08-23 18:53:38 - [TEST_STEP][PASSED] - symbol = symbol: null

2019-08-23 18:53:38 - [TEST_STEP][PASSED] - println(symbol): null

2019-08-23 18:53:38 - [TEST_STEP][PASSED] - if (i == 2 &amp;&amp; wildList.indexOf(symbol) != -1): null

2019-08-23 18:53:38 - [TEST_STEP][PASSED] - if (i == 3 &amp;&amp; wildList.indexOf(symbol) != -1): null

2019-08-23 18:53:38 - [TEST_STEP][PASSED] - if (i == 4 &amp;&amp; wildList.indexOf(symbol) != -1): null

2019-08-23 18:53:38 - [TEST_STEP][PASSED] - free_spin_reel_counter = free_spin_reel_counter: null

2019-08-23 18:53:38 - [TEST_STEP][PASSED] - println("reel 3 wild found: " + free_spin_reel_counter[0]): null

2019-08-23 18:53:38 - [TEST_STEP][PASSED] - println("reel 4 wild found: " + free_spin_reel_counter[1]): null

2019-08-23 18:53:38 - [TEST_STEP][PASSED] - println("reel 5 wild found: " + free_spin_reel_counter[2]): null

2019-08-23 18:53:38 - [TEST_STEP][PASSED] - M4_spin_reels = M4_spin_reels: null

2019-08-23 18:53:38 - [TEST_STEP][PASSED] - M4_spin_reels_symbols = symbol: null

2019-08-23 18:53:38 - [TEST_STEP][PASSED] - M4_spin_reels_symbols = M4_spin_reels_symbols: null

2019-08-23 18:53:38 - [TEST_STEP][PASSED] - M4_spin_reel_wins = reel_wins: null

2019-08-23 18:53:38 - [TEST_STEP][PASSED] - M4_spin_reel_wins = M4_spin_reel_wins: null

2019-08-23 18:53:38 - [TEST_STEP][PASSED] - println("GlobalVariable.M4_spin_reel_wins is: " + M4_spin_reel_wins): null

2019-08-23 18:53:38 - [TEST_STEP][PASSED] - M4_spin_total_bonus_win_this_round = total_bonus_win_this_round: null

2019-08-23 18:53:38 - [TEST_STEP][PASSED] - M4_spin_total_bonus_win_this_round = M4_spin_total_bonus_win_this_round: null

2019-08-23 18:53:38 - [TEST_STEP][PASSED] - println("GlobalVariable.M4_spin_total_bonus_win_this_round is: " + M4_spin_total_bonus_win_this_round): null

2019-08-23 18:53:38 - [TEST_STEP][PASSED] - M4_spin_bonus_spin_result = spin_result: null

2019-08-23 18:53:38 - [TEST_STEP][PASSED] - M4_spin_bonus_spin_result = M4_spin_bonus_spin_result: null

2019-08-23 18:53:38 - [MESSAGE][PASSED] - Verify response successfully

2019-08-23 18:53:38 - [MESSAGE][PASSED] - Send request and verify the response successfully

2019-08-23 18:53:38 - [TEST_STEP][PASSED] - if (free_spin_reel_counter[0] &gt;= 1 &amp;&amp; free_spin_reel_counter[1] &gt;= 1 &amp;&amp; free_spin_reel_counter[2] &gt;= 1): null

2019-08-23 18:53:38 - [TEST_STEP][PASSED] - spin_result = sendRequestAndVerify(findTestObject("INT/RGS(M4)/1_M4_spin", ["M4_login_user_id":M4_login_user_id, "rgs_session_token":rgs_session_token, "partner":Partner])): Send request and verify the response successfully

2019-08-23 18:53:38 - [MESSAGE][INFO] - HAR: /Users/eiralee/Katalon_Script/SuperWild/Reports/20190823_184757/INT/superWild_1/20190823_184757/requests/main/104.har

2019-08-23 18:53:38 - [TEST_CASE][PASSED] - Start Test Case : Verification: Verification accomplished successfully

2019-08-23 18:53:38 - [TEST_STEP][PASSED] - request = getInstance().getCurrentRequest(): null

2019-08-23 18:53:39 - [TEST_STEP][PASSED] - response = getInstance().getCurrentResponse(): null

2019-08-23 18:53:39 - [TEST_STEP][PASSED] - verifyResponseStatusCode(response, 200): Verify response status code successfully

2019-08-23 18:53:39 - [MESSAGE][PASSED] - Verify response status code successfully

2019-08-23 18:53:39 - [TEST_STEP][PASSED] - getStatusCode()).isEqualTo(200): null

2019-08-23 18:53:39 - [TEST_STEP][PASSED] - newline = System.getProperty("line.separator"): null

2019-08-23 18:53:39 - [TEST_STEP][PASSED] - M4_spin = new groovy.json.JsonSlurper(): null

2019-08-23 18:53:39 - [TEST_STEP][PASSED] - result_M4_spin = M4_spin.parseText(response.getResponseBodyContent()): null

2019-08-23 18:53:39 - [TEST_STEP][PASSED] - M4_spin_current_balance = current_balance: null

2019-08-23 18:53:39 - [TEST_STEP][PASSED] - M4_spin_current_balance = M4_spin_current_balance: null

2019-08-23 18:53:39 - [TEST_STEP][PASSED] - M4_spin_transaction_id = causality: null

2019-08-23 18:53:39 - [TEST_STEP][PASSED] - M4_spin_transaction_id = M4_spin_transaction_id: null

2019-08-23 18:53:39 - [TEST_STEP][PASSED] - M4_spin_round_id = round_id: null

2019-08-23 18:53:39 - [TEST_STEP][PASSED] - M4_spin_round_id = M4_spin_round_id: null

2019-08-23 18:53:39 - [TEST_STEP][PASSED] - M4_spin_line_wins = line_wins: null

2019-08-23 18:53:39 - [TEST_STEP][PASSED] - M4_spin_line_wins = M4_spin_line_wins: null

2019-08-23 18:53:39 - [TEST_STEP][PASSED] - M4_total_bonus_spins_int = total_bonus_spins: null

2019-08-23 18:53:39 - [TEST_STEP][PASSED] - println("******M4_total_bonus_spins type is:*******" + newline + getClass().getName()): null

2019-08-23 18:53:39 - [TEST_STEP][PASSED] - M4_total_bonus_spins_int = M4_total_bonus_spins_int: null

2019-08-23 18:53:39 - [TEST_STEP][PASSED] - M4_total_bonus_spins = Integer.toString(M4_total_bonus_spins_int): null

2019-08-23 18:53:39 - [TEST_STEP][PASSED] - M4_total_bonus_spins = M4_total_bonus_spins: null

2019-08-23 18:53:39 - [TEST_STEP][PASSED] - println("M4_total_bonus_spins is:" + M4_total_bonus_spins): null

2019-08-23 18:53:39 - [TEST_STEP][PASSED] - M4_spin_bonus_data = bonus_data: null

2019-08-23 18:53:39 - [TEST_STEP][PASSED] - M4_spin_features_triggered = result_M4_spin: null

2019-08-23 18:53:39 - [TEST_STEP][PASSED] - wild = []: null

2019-08-23 18:53:39 - [TEST_STEP][PASSED] - wild[0] = "WILD_Expanding": null

2019-08-23 18:53:39 - [TEST_STEP][PASSED] - wild[1] = "WILD_Normal": null

2019-08-23 18:53:39 - [TEST_STEP][PASSED] - wild[2] = "WILD_Double": null

2019-08-23 18:53:39 - [TEST_STEP][PASSED] - wild[3] = "WILD_ExtraFG": null

2019-08-23 18:53:39 - [TEST_STEP][PASSED] - wild[4] = "WILD_Triple": null

2019-08-23 18:53:39 - [TEST_STEP][PASSED] - wildList = Arrays.asList(wild): null

2019-08-23 18:53:39 - [TEST_STEP][PASSED] - wildList = wildList: null

2019-08-23 18:53:39 - [TEST_STEP][PASSED] - free_spin_reel_counter = []: null

2019-08-23 18:53:39 - [TEST_STEP][PASSED] - free_spin_reel_counter[0] = 0: null

2019-08-23 18:53:39 - [TEST_STEP][PASSED] - free_spin_reel_counter[1] = 0: null

2019-08-23 18:53:39 - [TEST_STEP][PASSED] - free_spin_reel_counter[2] = 0: null

2019-08-23 18:53:39 - [TEST_STEP][PASSED] - M4_spin_reels = reels: null

2019-08-23 18:53:39 - [TEST_STEP][PASSED] - for ([i = 0, i &lt; M4_spin_reels.size(), (i++)]): null

2019-08-23 18:53:39 - [TEST_STEP][PASSED] - symbols = symbols: null

2019-08-23 18:53:39 - [TEST_STEP][PASSED] - for ([j = 0, j &lt; symbols.size(), (j++)]): null

2019-08-23 18:53:39 - [TEST_STEP][PASSED] - symbol = symbol: null

2019-08-23 18:53:39 - [TEST_STEP][PASSED] - println(symbol): null

2019-08-23 18:53:39 - [TEST_STEP][PASSED] - if (i == 2 &amp;&amp; wildList.indexOf(symbol) != -1): null

2019-08-23 18:53:39 - [TEST_STEP][PASSED] - if (i == 3 &amp;&amp; wildList.indexOf(symbol) != -1): null

2019-08-23 18:53:39 - [TEST_STEP][PASSED] - if (i == 4 &amp;&amp; wildList.indexOf(symbol) != -1): null

2019-08-23 18:53:39 - [TEST_STEP][PASSED] - symbol = symbol: null

2019-08-23 18:53:39 - [TEST_STEP][PASSED] - println(symbol): null

2019-08-23 18:53:39 - [TEST_STEP][PASSED] - if (i == 2 &amp;&amp; wildList.indexOf(symbol) != -1): null

2019-08-23 18:53:39 - [TEST_STEP][PASSED] - if (i == 3 &amp;&amp; wildList.indexOf(symbol) != -1): null

2019-08-23 18:53:39 - [TEST_STEP][PASSED] - if (i == 4 &amp;&amp; wildList.indexOf(symbol) != -1): null

2019-08-23 18:53:39 - [TEST_STEP][PASSED] - symbol = symbol: null

2019-08-23 18:53:39 - [TEST_STEP][PASSED] - println(symbol): null

2019-08-23 18:53:39 - [TEST_STEP][PASSED] - if (i == 2 &amp;&amp; wildList.indexOf(symbol) != -1): null

2019-08-23 18:53:39 - [TEST_STEP][PASSED] - if (i == 3 &amp;&amp; wildList.indexOf(symbol) != -1): null

2019-08-23 18:53:39 - [TEST_STEP][PASSED] - if (i == 4 &amp;&amp; wildList.indexOf(symbol) != -1): null

2019-08-23 18:53:39 - [TEST_STEP][PASSED] - symbols = symbols: null

2019-08-23 18:53:39 - [TEST_STEP][PASSED] - for ([j = 0, j &lt; symbols.size(), (j++)]): null

2019-08-23 18:53:39 - [TEST_STEP][PASSED] - symbol = symbol: null

2019-08-23 18:53:39 - [TEST_STEP][PASSED] - println(symbol): null

2019-08-23 18:53:39 - [TEST_STEP][PASSED] - if (i == 2 &amp;&amp; wildList.indexOf(symbol) != -1): null

2019-08-23 18:53:39 - [TEST_STEP][PASSED] - if (i == 3 &amp;&amp; wildList.indexOf(symbol) != -1): null

2019-08-23 18:53:39 - [TEST_STEP][PASSED] - if (i == 4 &amp;&amp; wildList.indexOf(symbol) != -1): null

2019-08-23 18:53:39 - [TEST_STEP][PASSED] - symbol = symbol: null

2019-08-23 18:53:39 - [TEST_STEP][PASSED] - println(symbol): null

2019-08-23 18:53:39 - [TEST_STEP][PASSED] - if (i == 2 &amp;&amp; wildList.indexOf(symbol) != -1): null

2019-08-23 18:53:39 - [TEST_STEP][PASSED] - if (i == 3 &amp;&amp; wildList.indexOf(symbol) != -1): null

2019-08-23 18:53:39 - [TEST_STEP][PASSED] - if (i == 4 &amp;&amp; wildList.indexOf(symbol) != -1): null

2019-08-23 18:53:39 - [TEST_STEP][PASSED] - symbol = symbol: null

2019-08-23 18:53:39 - [TEST_STEP][PASSED] - println(symbol): null

2019-08-23 18:53:39 - [TEST_STEP][PASSED] - if (i == 2 &amp;&amp; wildList.indexOf(symbol) != -1): null

2019-08-23 18:53:39 - [TEST_STEP][PASSED] - if (i == 3 &amp;&amp; wildList.indexOf(symbol) != -1): null

2019-08-23 18:53:39 - [TEST_STEP][PASSED] - if (i == 4 &amp;&amp; wildList.indexOf(symbol) != -1): null

2019-08-23 18:53:39 - [TEST_STEP][PASSED] - symbols = symbols: null

2019-08-23 18:53:39 - [TEST_STEP][PASSED] - for ([j = 0, j &lt; symbols.size(), (j++)]): null

2019-08-23 18:53:39 - [TEST_STEP][PASSED] - symbol = symbol: null

2019-08-23 18:53:39 - [TEST_STEP][PASSED] - println(symbol): null

2019-08-23 18:53:39 - [TEST_STEP][PASSED] - if (i == 2 &amp;&amp; wildList.indexOf(symbol) != -1): null

2019-08-23 18:53:39 - [TEST_STEP][PASSED] - println("wild found on reel 3, adding counter by 1"): null

2019-08-23 18:53:39 - [TEST_STEP][PASSED] - free_spin_reel_counter[0] = free_spin_reel_counter[0] + 1: null

2019-08-23 18:53:39 - [TEST_STEP][PASSED] - if (i == 3 &amp;&amp; wildList.indexOf(symbol) != -1): null

2019-08-23 18:53:39 - [TEST_STEP][PASSED] - if (i == 4 &amp;&amp; wildList.indexOf(symbol) != -1): null

2019-08-23 18:53:39 - [TEST_STEP][PASSED] - symbol = symbol: null

2019-08-23 18:53:39 - [TEST_STEP][PASSED] - println(symbol): null

2019-08-23 18:53:39 - [TEST_STEP][PASSED] - if (i == 2 &amp;&amp; wildList.indexOf(symbol) != -1): null

2019-08-23 18:53:39 - [TEST_STEP][PASSED] - if (i == 3 &amp;&amp; wildList.indexOf(symbol) != -1): null

2019-08-23 18:53:39 - [TEST_STEP][PASSED] - if (i == 4 &amp;&amp; wildList.indexOf(symbol) != -1): null

2019-08-23 18:53:39 - [TEST_STEP][PASSED] - symbol = symbol: null

2019-08-23 18:53:39 - [TEST_STEP][PASSED] - println(symbol): null

2019-08-23 18:53:39 - [TEST_STEP][PASSED] - if (i == 2 &amp;&amp; wildList.indexOf(symbol) != -1): null

2019-08-23 18:53:39 - [TEST_STEP][PASSED] - if (i == 3 &amp;&amp; wildList.indexOf(symbol) != -1): null

2019-08-23 18:53:39 - [TEST_STEP][PASSED] - if (i == 4 &amp;&amp; wildList.indexOf(symbol) != -1): null

2019-08-23 18:53:39 - [TEST_STEP][PASSED] - symbols = symbols: null

2019-08-23 18:53:39 - [TEST_STEP][PASSED] - for ([j = 0, j &lt; symbols.size(), (j++)]): null

2019-08-23 18:53:39 - [TEST_STEP][PASSED] - symbol = symbol: null

2019-08-23 18:53:39 - [TEST_STEP][PASSED] - println(symbol): null

2019-08-23 18:53:39 - [TEST_STEP][PASSED] - if (i == 2 &amp;&amp; wildList.indexOf(symbol) != -1): null

2019-08-23 18:53:39 - [TEST_STEP][PASSED] - if (i == 3 &amp;&amp; wildList.indexOf(symbol) != -1): null

2019-08-23 18:53:39 - [TEST_STEP][PASSED] - if (i == 4 &amp;&amp; wildList.indexOf(symbol) != -1): null

2019-08-23 18:53:39 - [TEST_STEP][PASSED] - symbol = symbol: null

2019-08-23 18:53:39 - [TEST_STEP][PASSED] - println(symbol): null

2019-08-23 18:53:39 - [TEST_STEP][PASSED] - if (i == 2 &amp;&amp; wildList.indexOf(symbol) != -1): null

2019-08-23 18:53:39 - [TEST_STEP][PASSED] - if (i == 3 &amp;&amp; wildList.indexOf(symbol) != -1): null

2019-08-23 18:53:39 - [TEST_STEP][PASSED] - if (i == 4 &amp;&amp; wildList.indexOf(symbol) != -1): null

2019-08-23 18:53:39 - [TEST_STEP][PASSED] - symbol = symbol: null

2019-08-23 18:53:39 - [TEST_STEP][PASSED] - println(symbol): null

2019-08-23 18:53:39 - [TEST_STEP][PASSED] - if (i == 2 &amp;&amp; wildList.indexOf(symbol) != -1): null

2019-08-23 18:53:39 - [TEST_STEP][PASSED] - if (i == 3 &amp;&amp; wildList.indexOf(symbol) != -1): null

2019-08-23 18:53:39 - [TEST_STEP][PASSED] - println("wild found on reel 4, adding counter by 1"): null

2019-08-23 18:53:39 - [TEST_STEP][PASSED] - free_spin_reel_counter[1] = free_spin_reel_counter[1] + 1: null

2019-08-23 18:53:39 - [TEST_STEP][PASSED] - if (i == 4 &amp;&amp; wildList.indexOf(symbol) != -1): null

2019-08-23 18:53:39 - [TEST_STEP][PASSED] - symbols = symbols: null

2019-08-23 18:53:39 - [TEST_STEP][PASSED] - for ([j = 0, j &lt; symbols.size(), (j++)]): null

2019-08-23 18:53:39 - [TEST_STEP][PASSED] - symbol = symbol: null

2019-08-23 18:53:39 - [TEST_STEP][PASSED] - println(symbol): null

2019-08-23 18:53:39 - [TEST_STEP][PASSED] - if (i == 2 &amp;&amp; wildList.indexOf(symbol) != -1): null

2019-08-23 18:53:39 - [TEST_STEP][PASSED] - if (i == 3 &amp;&amp; wildList.indexOf(symbol) != -1): null

2019-08-23 18:53:39 - [TEST_STEP][PASSED] - if (i == 4 &amp;&amp; wildList.indexOf(symbol) != -1): null

2019-08-23 18:53:39 - [TEST_STEP][PASSED] - symbol = symbol: null

2019-08-23 18:53:39 - [TEST_STEP][PASSED] - println(symbol): null

2019-08-23 18:53:39 - [TEST_STEP][PASSED] - if (i == 2 &amp;&amp; wildList.indexOf(symbol) != -1): null

2019-08-23 18:53:39 - [TEST_STEP][PASSED] - if (i == 3 &amp;&amp; wildList.indexOf(symbol) != -1): null

2019-08-23 18:53:39 - [TEST_STEP][PASSED] - if (i == 4 &amp;&amp; wildList.indexOf(symbol) != -1): null

2019-08-23 18:53:39 - [TEST_STEP][PASSED] - symbol = symbol: null

2019-08-23 18:53:39 - [TEST_STEP][PASSED] - println(symbol): null

2019-08-23 18:53:39 - [TEST_STEP][PASSED] - if (i == 2 &amp;&amp; wildList.indexOf(symbol) != -1): null

2019-08-23 18:53:39 - [TEST_STEP][PASSED] - if (i == 3 &amp;&amp; wildList.indexOf(symbol) != -1): null

2019-08-23 18:53:39 - [TEST_STEP][PASSED] - if (i == 4 &amp;&amp; wildList.indexOf(symbol) != -1): null

2019-08-23 18:53:39 - [TEST_STEP][PASSED] - free_spin_reel_counter = free_spin_reel_counter: null

2019-08-23 18:53:39 - [TEST_STEP][PASSED] - println("reel 3 wild found: " + free_spin_reel_counter[0]): null

2019-08-23 18:53:39 - [TEST_STEP][PASSED] - println("reel 4 wild found: " + free_spin_reel_counter[1]): null

2019-08-23 18:53:39 - [TEST_STEP][PASSED] - println("reel 5 wild found: " + free_spin_reel_counter[2]): null

2019-08-23 18:53:39 - [TEST_STEP][PASSED] - M4_spin_reels = M4_spin_reels: null

2019-08-23 18:53:39 - [TEST_STEP][PASSED] - M4_spin_reels_symbols = symbol: null

2019-08-23 18:53:39 - [TEST_STEP][PASSED] - M4_spin_reels_symbols = M4_spin_reels_symbols: null

2019-08-23 18:53:39 - [TEST_STEP][PASSED] - M4_spin_reel_wins = reel_wins: null

2019-08-23 18:53:39 - [TEST_STEP][PASSED] - M4_spin_reel_wins = M4_spin_reel_wins: null

2019-08-23 18:53:39 - [TEST_STEP][PASSED] - println("GlobalVariable.M4_spin_reel_wins is: " + M4_spin_reel_wins): null

2019-08-23 18:53:39 - [TEST_STEP][PASSED] - M4_spin_total_bonus_win_this_round = total_bonus_win_this_round: null

2019-08-23 18:53:39 - [TEST_STEP][PASSED] - M4_spin_total_bonus_win_this_round = M4_spin_total_bonus_win_this_round: null

2019-08-23 18:53:39 - [TEST_STEP][PASSED] - println("GlobalVariable.M4_spin_total_bonus_win_this_round is: " + M4_spin_total_bonus_win_this_round): null

2019-08-23 18:53:39 - [TEST_STEP][PASSED] - M4_spin_bonus_spin_result = spin_result: null

2019-08-23 18:53:39 - [TEST_STEP][PASSED] - M4_spin_bonus_spin_result = M4_spin_bonus_spin_result: null

2019-08-23 18:53:39 - [MESSAGE][PASSED] - Verify response successfully

2019-08-23 18:53:39 - [MESSAGE][PASSED] - Send request and verify the response successfully

2019-08-23 18:53:39 - [TEST_STEP][PASSED] - if (free_spin_reel_counter[0] &gt;= 1 &amp;&amp; free_spin_reel_counter[1] &gt;= 1 &amp;&amp; free_spin_reel_counter[2] &gt;= 1): null

2019-08-23 18:53:39 - [TEST_STEP][PASSED] - spin_result = sendRequestAndVerify(findTestObject("INT/RGS(M4)/1_M4_spin", ["M4_login_user_id":M4_login_user_id, "rgs_session_token":rgs_session_token, "partner":Partner])): Send request and verify the response successfully

2019-08-23 18:53:39 - [MESSAGE][INFO] - HAR: /Users/eiralee/Katalon_Script/SuperWild/Reports/20190823_184757/INT/superWild_1/20190823_184757/requests/main/105.har

2019-08-23 18:53:39 - [TEST_CASE][PASSED] - Start Test Case : Verification: Verification accomplished successfully

2019-08-23 18:53:39 - [TEST_STEP][PASSED] - request = getInstance().getCurrentRequest(): null

2019-08-23 18:53:39 - [TEST_STEP][PASSED] - response = getInstance().getCurrentResponse(): null

2019-08-23 18:53:39 - [TEST_STEP][PASSED] - verifyResponseStatusCode(response, 200): Verify response status code successfully

2019-08-23 18:53:39 - [MESSAGE][PASSED] - Verify response status code successfully

2019-08-23 18:53:39 - [TEST_STEP][PASSED] - getStatusCode()).isEqualTo(200): null

2019-08-23 18:53:39 - [TEST_STEP][PASSED] - newline = System.getProperty("line.separator"): null

2019-08-23 18:53:39 - [TEST_STEP][PASSED] - M4_spin = new groovy.json.JsonSlurper(): null

2019-08-23 18:53:39 - [TEST_STEP][PASSED] - result_M4_spin = M4_spin.parseText(response.getResponseBodyContent()): null

2019-08-23 18:53:39 - [TEST_STEP][PASSED] - M4_spin_current_balance = current_balance: null

2019-08-23 18:53:39 - [TEST_STEP][PASSED] - M4_spin_current_balance = M4_spin_current_balance: null

2019-08-23 18:53:39 - [TEST_STEP][PASSED] - M4_spin_transaction_id = causality: null

2019-08-23 18:53:39 - [TEST_STEP][PASSED] - M4_spin_transaction_id = M4_spin_transaction_id: null

2019-08-23 18:53:39 - [TEST_STEP][PASSED] - M4_spin_round_id = round_id: null

2019-08-23 18:53:39 - [TEST_STEP][PASSED] - M4_spin_round_id = M4_spin_round_id: null

2019-08-23 18:53:39 - [TEST_STEP][PASSED] - M4_spin_line_wins = line_wins: null

2019-08-23 18:53:39 - [TEST_STEP][PASSED] - M4_spin_line_wins = M4_spin_line_wins: null

2019-08-23 18:53:39 - [TEST_STEP][PASSED] - M4_total_bonus_spins_int = total_bonus_spins: null

2019-08-23 18:53:39 - [TEST_STEP][PASSED] - println("******M4_total_bonus_spins type is:*******" + newline + getClass().getName()): null

2019-08-23 18:53:39 - [TEST_STEP][PASSED] - M4_total_bonus_spins_int = M4_total_bonus_spins_int: null

2019-08-23 18:53:39 - [TEST_STEP][PASSED] - M4_total_bonus_spins = Integer.toString(M4_total_bonus_spins_int): null

2019-08-23 18:53:39 - [TEST_STEP][PASSED] - M4_total_bonus_spins = M4_total_bonus_spins: null

2019-08-23 18:53:39 - [TEST_STEP][PASSED] - println("M4_total_bonus_spins is:" + M4_total_bonus_spins): null

2019-08-23 18:53:39 - [TEST_STEP][PASSED] - M4_spin_bonus_data = bonus_data: null

2019-08-23 18:53:39 - [TEST_STEP][PASSED] - M4_spin_features_triggered = result_M4_spin: null

2019-08-23 18:53:39 - [TEST_STEP][PASSED] - wild = []: null

2019-08-23 18:53:39 - [TEST_STEP][PASSED] - wild[0] = "WILD_Expanding": null

2019-08-23 18:53:39 - [TEST_STEP][PASSED] - wild[1] = "WILD_Normal": null

2019-08-23 18:53:39 - [TEST_STEP][PASSED] - wild[2] = "WILD_Double": null

2019-08-23 18:53:39 - [TEST_STEP][PASSED] - wild[3] = "WILD_ExtraFG": null

2019-08-23 18:53:39 - [TEST_STEP][PASSED] - wild[4] = "WILD_Triple": null

2019-08-23 18:53:39 - [TEST_STEP][PASSED] - wildList = Arrays.asList(wild): null

2019-08-23 18:53:39 - [TEST_STEP][PASSED] - wildList = wildList: null

2019-08-23 18:53:39 - [TEST_STEP][PASSED] - free_spin_reel_counter = []: null

2019-08-23 18:53:39 - [TEST_STEP][PASSED] - free_spin_reel_counter[0] = 0: null

2019-08-23 18:53:39 - [TEST_STEP][PASSED] - free_spin_reel_counter[1] = 0: null

2019-08-23 18:53:39 - [TEST_STEP][PASSED] - free_spin_reel_counter[2] = 0: null

2019-08-23 18:53:39 - [TEST_STEP][PASSED] - M4_spin_reels = reels: null

2019-08-23 18:53:39 - [TEST_STEP][PASSED] - for ([i = 0, i &lt; M4_spin_reels.size(), (i++)]): null

2019-08-23 18:53:39 - [TEST_STEP][PASSED] - symbols = symbols: null

2019-08-23 18:53:39 - [TEST_STEP][PASSED] - for ([j = 0, j &lt; symbols.size(), (j++)]): null

2019-08-23 18:53:39 - [TEST_STEP][PASSED] - symbol = symbol: null

2019-08-23 18:53:39 - [TEST_STEP][PASSED] - println(symbol): null

2019-08-23 18:53:39 - [TEST_STEP][PASSED] - if (i == 2 &amp;&amp; wildList.indexOf(symbol) != -1): null

2019-08-23 18:53:39 - [TEST_STEP][PASSED] - if (i == 3 &amp;&amp; wildList.indexOf(symbol) != -1): null

2019-08-23 18:53:39 - [TEST_STEP][PASSED] - if (i == 4 &amp;&amp; wildList.indexOf(symbol) != -1): null

2019-08-23 18:53:39 - [TEST_STEP][PASSED] - symbol = symbol: null

2019-08-23 18:53:39 - [TEST_STEP][PASSED] - println(symbol): null

2019-08-23 18:53:39 - [TEST_STEP][PASSED] - if (i == 2 &amp;&amp; wildList.indexOf(symbol) != -1): null

2019-08-23 18:53:39 - [TEST_STEP][PASSED] - if (i == 3 &amp;&amp; wildList.indexOf(symbol) != -1): null

2019-08-23 18:53:39 - [TEST_STEP][PASSED] - if (i == 4 &amp;&amp; wildList.indexOf(symbol) != -1): null

2019-08-23 18:53:39 - [TEST_STEP][PASSED] - symbol = symbol: null

2019-08-23 18:53:39 - [TEST_STEP][PASSED] - println(symbol): null

2019-08-23 18:53:39 - [TEST_STEP][PASSED] - if (i == 2 &amp;&amp; wildList.indexOf(symbol) != -1): null

2019-08-23 18:53:39 - [TEST_STEP][PASSED] - if (i == 3 &amp;&amp; wildList.indexOf(symbol) != -1): null

2019-08-23 18:53:39 - [TEST_STEP][PASSED] - if (i == 4 &amp;&amp; wildList.indexOf(symbol) != -1): null

2019-08-23 18:53:39 - [TEST_STEP][PASSED] - symbols = symbols: null

2019-08-23 18:53:39 - [TEST_STEP][PASSED] - for ([j = 0, j &lt; symbols.size(), (j++)]): null

2019-08-23 18:53:39 - [TEST_STEP][PASSED] - symbol = symbol: null

2019-08-23 18:53:39 - [TEST_STEP][PASSED] - println(symbol): null

2019-08-23 18:53:39 - [TEST_STEP][PASSED] - if (i == 2 &amp;&amp; wildList.indexOf(symbol) != -1): null

2019-08-23 18:53:39 - [TEST_STEP][PASSED] - if (i == 3 &amp;&amp; wildList.indexOf(symbol) != -1): null

2019-08-23 18:53:39 - [TEST_STEP][PASSED] - if (i == 4 &amp;&amp; wildList.indexOf(symbol) != -1): null

2019-08-23 18:53:39 - [TEST_STEP][PASSED] - symbol = symbol: null

2019-08-23 18:53:39 - [TEST_STEP][PASSED] - println(symbol): null

2019-08-23 18:53:39 - [TEST_STEP][PASSED] - if (i == 2 &amp;&amp; wildList.indexOf(symbol) != -1): null

2019-08-23 18:53:39 - [TEST_STEP][PASSED] - if (i == 3 &amp;&amp; wildList.indexOf(symbol) != -1): null

2019-08-23 18:53:39 - [TEST_STEP][PASSED] - if (i == 4 &amp;&amp; wildList.indexOf(symbol) != -1): null

2019-08-23 18:53:39 - [TEST_STEP][PASSED] - symbol = symbol: null

2019-08-23 18:53:39 - [TEST_STEP][PASSED] - println(symbol): null

2019-08-23 18:53:39 - [TEST_STEP][PASSED] - if (i == 2 &amp;&amp; wildList.indexOf(symbol) != -1): null

2019-08-23 18:53:39 - [TEST_STEP][PASSED] - if (i == 3 &amp;&amp; wildList.indexOf(symbol) != -1): null

2019-08-23 18:53:39 - [TEST_STEP][PASSED] - if (i == 4 &amp;&amp; wildList.indexOf(symbol) != -1): null

2019-08-23 18:53:39 - [TEST_STEP][PASSED] - symbols = symbols: null

2019-08-23 18:53:39 - [TEST_STEP][PASSED] - for ([j = 0, j &lt; symbols.size(), (j++)]): null

2019-08-23 18:53:41 - [TEST_STEP][PASSED] - symbol = symbol: null

2019-08-23 18:53:41 - [TEST_STEP][PASSED] - println(symbol): null

2019-08-23 18:53:41 - [TEST_STEP][PASSED] - if (i == 2 &amp;&amp; wildList.indexOf(symbol) != -1): null

2019-08-23 18:53:41 - [TEST_STEP][PASSED] - if (i == 3 &amp;&amp; wildList.indexOf(symbol) != -1): null

2019-08-23 18:53:41 - [TEST_STEP][PASSED] - if (i == 4 &amp;&amp; wildList.indexOf(symbol) != -1): null

2019-08-23 18:53:41 - [TEST_STEP][PASSED] - symbol = symbol: null

2019-08-23 18:53:41 - [TEST_STEP][PASSED] - println(symbol): null

2019-08-23 18:53:41 - [TEST_STEP][PASSED] - if (i == 2 &amp;&amp; wildList.indexOf(symbol) != -1): null

2019-08-23 18:53:41 - [TEST_STEP][PASSED] - if (i == 3 &amp;&amp; wildList.indexOf(symbol) != -1): null

2019-08-23 18:53:41 - [TEST_STEP][PASSED] - if (i == 4 &amp;&amp; wildList.indexOf(symbol) != -1): null

2019-08-23 18:53:41 - [TEST_STEP][PASSED] - symbol = symbol: null

2019-08-23 18:53:41 - [TEST_STEP][PASSED] - println(symbol): null

2019-08-23 18:53:41 - [TEST_STEP][PASSED] - if (i == 2 &amp;&amp; wildList.indexOf(symbol) != -1): null

2019-08-23 18:53:41 - [TEST_STEP][PASSED] - if (i == 3 &amp;&amp; wildList.indexOf(symbol) != -1): null

2019-08-23 18:53:41 - [TEST_STEP][PASSED] - if (i == 4 &amp;&amp; wildList.indexOf(symbol) != -1): null

2019-08-23 18:53:41 - [TEST_STEP][PASSED] - symbols = symbols: null

2019-08-23 18:53:41 - [TEST_STEP][PASSED] - for ([j = 0, j &lt; symbols.size(), (j++)]): null

2019-08-23 18:53:41 - [TEST_STEP][PASSED] - symbol = symbol: null

2019-08-23 18:53:41 - [TEST_STEP][PASSED] - println(symbol): null

2019-08-23 18:53:41 - [TEST_STEP][PASSED] - if (i == 2 &amp;&amp; wildList.indexOf(symbol) != -1): null

2019-08-23 18:53:41 - [TEST_STEP][PASSED] - if (i == 3 &amp;&amp; wildList.indexOf(symbol) != -1): null

2019-08-23 18:53:41 - [TEST_STEP][PASSED] - if (i == 4 &amp;&amp; wildList.indexOf(symbol) != -1): null

2019-08-23 18:53:41 - [TEST_STEP][PASSED] - symbol = symbol: null

2019-08-23 18:53:41 - [TEST_STEP][PASSED] - println(symbol): null

2019-08-23 18:53:41 - [TEST_STEP][PASSED] - if (i == 2 &amp;&amp; wildList.indexOf(symbol) != -1): null

2019-08-23 18:53:41 - [TEST_STEP][PASSED] - if (i == 3 &amp;&amp; wildList.indexOf(symbol) != -1): null

2019-08-23 18:53:41 - [TEST_STEP][PASSED] - if (i == 4 &amp;&amp; wildList.indexOf(symbol) != -1): null

2019-08-23 18:53:41 - [TEST_STEP][PASSED] - symbol = symbol: null

2019-08-23 18:53:41 - [TEST_STEP][PASSED] - println(symbol): null

2019-08-23 18:53:41 - [TEST_STEP][PASSED] - if (i == 2 &amp;&amp; wildList.indexOf(symbol) != -1): null

2019-08-23 18:53:41 - [TEST_STEP][PASSED] - if (i == 3 &amp;&amp; wildList.indexOf(symbol) != -1): null

2019-08-23 18:53:41 - [TEST_STEP][PASSED] - if (i == 4 &amp;&amp; wildList.indexOf(symbol) != -1): null

2019-08-23 18:53:41 - [TEST_STEP][PASSED] - symbols = symbols: null

2019-08-23 18:53:41 - [TEST_STEP][PASSED] - for ([j = 0, j &lt; symbols.size(), (j++)]): null

2019-08-23 18:53:41 - [TEST_STEP][PASSED] - symbol = symbol: null

2019-08-23 18:53:41 - [TEST_STEP][PASSED] - println(symbol): null

2019-08-23 18:53:41 - [TEST_STEP][PASSED] - if (i == 2 &amp;&amp; wildList.indexOf(symbol) != -1): null

2019-08-23 18:53:41 - [TEST_STEP][PASSED] - if (i == 3 &amp;&amp; wildList.indexOf(symbol) != -1): null

2019-08-23 18:53:41 - [TEST_STEP][PASSED] - if (i == 4 &amp;&amp; wildList.indexOf(symbol) != -1): null

2019-08-23 18:53:41 - [TEST_STEP][PASSED] - symbol = symbol: null

2019-08-23 18:53:41 - [TEST_STEP][PASSED] - println(symbol): null

2019-08-23 18:53:41 - [TEST_STEP][PASSED] - if (i == 2 &amp;&amp; wildList.indexOf(symbol) != -1): null

2019-08-23 18:53:41 - [TEST_STEP][PASSED] - if (i == 3 &amp;&amp; wildList.indexOf(symbol) != -1): null

2019-08-23 18:53:41 - [TEST_STEP][PASSED] - if (i == 4 &amp;&amp; wildList.indexOf(symbol) != -1): null

2019-08-23 18:53:41 - [TEST_STEP][PASSED] - symbol = symbol: null

2019-08-23 18:53:41 - [TEST_STEP][PASSED] - println(symbol): null

2019-08-23 18:53:41 - [TEST_STEP][PASSED] - if (i == 2 &amp;&amp; wildList.indexOf(symbol) != -1): null

2019-08-23 18:53:41 - [TEST_STEP][PASSED] - if (i == 3 &amp;&amp; wildList.indexOf(symbol) != -1): null

2019-08-23 18:53:41 - [TEST_STEP][PASSED] - if (i == 4 &amp;&amp; wildList.indexOf(symbol) != -1): null

2019-08-23 18:53:41 - [TEST_STEP][PASSED] - free_spin_reel_counter = free_spin_reel_counter: null

2019-08-23 18:53:41 - [TEST_STEP][PASSED] - println("reel 3 wild found: " + free_spin_reel_counter[0]): null

2019-08-23 18:53:41 - [TEST_STEP][PASSED] - println("reel 4 wild found: " + free_spin_reel_counter[1]): null

2019-08-23 18:53:41 - [TEST_STEP][PASSED] - println("reel 5 wild found: " + free_spin_reel_counter[2]): null

2019-08-23 18:53:41 - [TEST_STEP][PASSED] - M4_spin_reels = M4_spin_reels: null

2019-08-23 18:53:41 - [TEST_STEP][PASSED] - M4_spin_reels_symbols = symbol: null

2019-08-23 18:53:41 - [TEST_STEP][PASSED] - M4_spin_reels_symbols = M4_spin_reels_symbols: null

2019-08-23 18:53:41 - [TEST_STEP][PASSED] - M4_spin_reel_wins = reel_wins: null

2019-08-23 18:53:41 - [TEST_STEP][PASSED] - M4_spin_reel_wins = M4_spin_reel_wins: null

2019-08-23 18:53:41 - [TEST_STEP][PASSED] - println("GlobalVariable.M4_spin_reel_wins is: " + M4_spin_reel_wins): null

2019-08-23 18:53:41 - [TEST_STEP][PASSED] - M4_spin_total_bonus_win_this_round = total_bonus_win_this_round: null

2019-08-23 18:53:41 - [TEST_STEP][PASSED] - M4_spin_total_bonus_win_this_round = M4_spin_total_bonus_win_this_round: null

2019-08-23 18:53:41 - [TEST_STEP][PASSED] - println("GlobalVariable.M4_spin_total_bonus_win_this_round is: " + M4_spin_total_bonus_win_this_round): null

2019-08-23 18:53:41 - [TEST_STEP][PASSED] - M4_spin_bonus_spin_result = spin_result: null

2019-08-23 18:53:41 - [TEST_STEP][PASSED] - M4_spin_bonus_spin_result = M4_spin_bonus_spin_result: null

2019-08-23 18:53:41 - [MESSAGE][PASSED] - Verify response successfully

2019-08-23 18:53:41 - [MESSAGE][PASSED] - Send request and verify the response successfully

2019-08-23 18:53:41 - [TEST_STEP][PASSED] - if (free_spin_reel_counter[0] &gt;= 1 &amp;&amp; free_spin_reel_counter[1] &gt;= 1 &amp;&amp; free_spin_reel_counter[2] &gt;= 1): null

2019-08-23 18:53:41 - [TEST_STEP][PASSED] - spin_result = sendRequestAndVerify(findTestObject("INT/RGS(M4)/1_M4_spin", ["M4_login_user_id":M4_login_user_id, "rgs_session_token":rgs_session_token, "partner":Partner])): Send request and verify the response successfully

2019-08-23 18:53:42 - [MESSAGE][INFO] - HAR: /Users/eiralee/Katalon_Script/SuperWild/Reports/20190823_184757/INT/superWild_1/20190823_184757/requests/main/106.har

2019-08-23 18:53:42 - [TEST_CASE][PASSED] - Start Test Case : Verification: Verification accomplished successfully

2019-08-23 18:53:42 - [TEST_STEP][PASSED] - request = getInstance().getCurrentRequest(): null

2019-08-23 18:53:42 - [TEST_STEP][PASSED] - response = getInstance().getCurrentResponse(): null

2019-08-23 18:53:42 - [TEST_STEP][PASSED] - verifyResponseStatusCode(response, 200): Verify response status code successfully

2019-08-23 18:53:42 - [MESSAGE][PASSED] - Verify response status code successfully

2019-08-23 18:53:42 - [TEST_STEP][PASSED] - getStatusCode()).isEqualTo(200): null

2019-08-23 18:53:42 - [TEST_STEP][PASSED] - newline = System.getProperty("line.separator"): null

2019-08-23 18:53:42 - [TEST_STEP][PASSED] - M4_spin = new groovy.json.JsonSlurper(): null

2019-08-23 18:53:42 - [TEST_STEP][PASSED] - result_M4_spin = M4_spin.parseText(response.getResponseBodyContent()): null

2019-08-23 18:53:42 - [TEST_STEP][PASSED] - M4_spin_current_balance = current_balance: null

2019-08-23 18:53:42 - [TEST_STEP][PASSED] - M4_spin_current_balance = M4_spin_current_balance: null

2019-08-23 18:53:42 - [TEST_STEP][PASSED] - M4_spin_transaction_id = causality: null

2019-08-23 18:53:42 - [TEST_STEP][PASSED] - M4_spin_transaction_id = M4_spin_transaction_id: null

2019-08-23 18:53:42 - [TEST_STEP][PASSED] - M4_spin_round_id = round_id: null

2019-08-23 18:53:42 - [TEST_STEP][PASSED] - M4_spin_round_id = M4_spin_round_id: null

2019-08-23 18:53:42 - [TEST_STEP][PASSED] - M4_spin_line_wins = line_wins: null

2019-08-23 18:53:42 - [TEST_STEP][PASSED] - M4_spin_line_wins = M4_spin_line_wins: null

2019-08-23 18:53:42 - [TEST_STEP][PASSED] - M4_total_bonus_spins_int = total_bonus_spins: null

2019-08-23 18:53:42 - [TEST_STEP][PASSED] - println("******M4_total_bonus_spins type is:*******" + newline + getClass().getName()): null

2019-08-23 18:53:42 - [TEST_STEP][PASSED] - M4_total_bonus_spins_int = M4_total_bonus_spins_int: null

2019-08-23 18:53:42 - [TEST_STEP][PASSED] - M4_total_bonus_spins = Integer.toString(M4_total_bonus_spins_int): null

2019-08-23 18:53:42 - [TEST_STEP][PASSED] - M4_total_bonus_spins = M4_total_bonus_spins: null

2019-08-23 18:53:42 - [TEST_STEP][PASSED] - println("M4_total_bonus_spins is:" + M4_total_bonus_spins): null

2019-08-23 18:53:42 - [TEST_STEP][PASSED] - M4_spin_bonus_data = bonus_data: null

2019-08-23 18:53:42 - [TEST_STEP][PASSED] - M4_spin_features_triggered = result_M4_spin: null

2019-08-23 18:53:42 - [TEST_STEP][PASSED] - wild = []: null

2019-08-23 18:53:42 - [TEST_STEP][PASSED] - wild[0] = "WILD_Expanding": null

2019-08-23 18:53:42 - [TEST_STEP][PASSED] - wild[1] = "WILD_Normal": null

2019-08-23 18:53:42 - [TEST_STEP][PASSED] - wild[2] = "WILD_Double": null

2019-08-23 18:53:42 - [TEST_STEP][PASSED] - wild[3] = "WILD_ExtraFG": null

2019-08-23 18:53:42 - [TEST_STEP][PASSED] - wild[4] = "WILD_Triple": null

2019-08-23 18:53:42 - [TEST_STEP][PASSED] - wildList = Arrays.asList(wild): null

2019-08-23 18:53:42 - [TEST_STEP][PASSED] - wildList = wildList: null

2019-08-23 18:53:42 - [TEST_STEP][PASSED] - free_spin_reel_counter = []: null

2019-08-23 18:53:42 - [TEST_STEP][PASSED] - free_spin_reel_counter[0] = 0: null

2019-08-23 18:53:42 - [TEST_STEP][PASSED] - free_spin_reel_counter[1] = 0: null

2019-08-23 18:53:42 - [TEST_STEP][PASSED] - free_spin_reel_counter[2] = 0: null

2019-08-23 18:53:42 - [TEST_STEP][PASSED] - M4_spin_reels = reels: null

2019-08-23 18:53:42 - [TEST_STEP][PASSED] - for ([i = 0, i &lt; M4_spin_reels.size(), (i++)]): null

2019-08-23 18:53:42 - [TEST_STEP][PASSED] - symbols = symbols: null

2019-08-23 18:53:42 - [TEST_STEP][PASSED] - for ([j = 0, j &lt; symbols.size(), (j++)]): null

2019-08-23 18:53:42 - [TEST_STEP][PASSED] - symbol = symbol: null

2019-08-23 18:53:42 - [TEST_STEP][PASSED] - println(symbol): null

2019-08-23 18:53:42 - [TEST_STEP][PASSED] - if (i == 2 &amp;&amp; wildList.indexOf(symbol) != -1): null

2019-08-23 18:53:42 - [TEST_STEP][PASSED] - if (i == 3 &amp;&amp; wildList.indexOf(symbol) != -1): null

2019-08-23 18:53:42 - [TEST_STEP][PASSED] - if (i == 4 &amp;&amp; wildList.indexOf(symbol) != -1): null

2019-08-23 18:53:42 - [TEST_STEP][PASSED] - symbol = symbol: null

2019-08-23 18:53:42 - [TEST_STEP][PASSED] - println(symbol): null

2019-08-23 18:53:42 - [TEST_STEP][PASSED] - if (i == 2 &amp;&amp; wildList.indexOf(symbol) != -1): null

2019-08-23 18:53:42 - [TEST_STEP][PASSED] - if (i == 3 &amp;&amp; wildList.indexOf(symbol) != -1): null

2019-08-23 18:53:42 - [TEST_STEP][PASSED] - if (i == 4 &amp;&amp; wildList.indexOf(symbol) != -1): null

2019-08-23 18:53:42 - [TEST_STEP][PASSED] - symbol = symbol: null

2019-08-23 18:53:42 - [TEST_STEP][PASSED] - println(symbol): null

2019-08-23 18:53:42 - [TEST_STEP][PASSED] - if (i == 2 &amp;&amp; wildList.indexOf(symbol) != -1): null

2019-08-23 18:53:42 - [TEST_STEP][PASSED] - if (i == 3 &amp;&amp; wildList.indexOf(symbol) != -1): null

2019-08-23 18:53:42 - [TEST_STEP][PASSED] - if (i == 4 &amp;&amp; wildList.indexOf(symbol) != -1): null

2019-08-23 18:53:42 - [TEST_STEP][PASSED] - symbols = symbols: null

2019-08-23 18:53:42 - [TEST_STEP][PASSED] - for ([j = 0, j &lt; symbols.size(), (j++)]): null

2019-08-23 18:53:42 - [TEST_STEP][PASSED] - symbol = symbol: null

2019-08-23 18:53:42 - [TEST_STEP][PASSED] - println(symbol): null

2019-08-23 18:53:42 - [TEST_STEP][PASSED] - if (i == 2 &amp;&amp; wildList.indexOf(symbol) != -1): null

2019-08-23 18:53:42 - [TEST_STEP][PASSED] - if (i == 3 &amp;&amp; wildList.indexOf(symbol) != -1): null

2019-08-23 18:53:42 - [TEST_STEP][PASSED] - if (i == 4 &amp;&amp; wildList.indexOf(symbol) != -1): null

2019-08-23 18:53:42 - [TEST_STEP][PASSED] - symbol = symbol: null

2019-08-23 18:53:42 - [TEST_STEP][PASSED] - println(symbol): null

2019-08-23 18:53:42 - [TEST_STEP][PASSED] - if (i == 2 &amp;&amp; wildList.indexOf(symbol) != -1): null

2019-08-23 18:53:42 - [TEST_STEP][PASSED] - if (i == 3 &amp;&amp; wildList.indexOf(symbol) != -1): null

2019-08-23 18:53:42 - [TEST_STEP][PASSED] - if (i == 4 &amp;&amp; wildList.indexOf(symbol) != -1): null

2019-08-23 18:53:42 - [TEST_STEP][PASSED] - symbol = symbol: null

2019-08-23 18:53:42 - [TEST_STEP][PASSED] - println(symbol): null

2019-08-23 18:53:42 - [TEST_STEP][PASSED] - if (i == 2 &amp;&amp; wildList.indexOf(symbol) != -1): null

2019-08-23 18:53:42 - [TEST_STEP][PASSED] - if (i == 3 &amp;&amp; wildList.indexOf(symbol) != -1): null

2019-08-23 18:53:42 - [TEST_STEP][PASSED] - if (i == 4 &amp;&amp; wildList.indexOf(symbol) != -1): null

2019-08-23 18:53:42 - [TEST_STEP][PASSED] - symbols = symbols: null

2019-08-23 18:53:42 - [TEST_STEP][PASSED] - for ([j = 0, j &lt; symbols.size(), (j++)]): null

2019-08-23 18:53:42 - [TEST_STEP][PASSED] - symbol = symbol: null

2019-08-23 18:53:42 - [TEST_STEP][PASSED] - println(symbol): null

2019-08-23 18:53:42 - [TEST_STEP][PASSED] - if (i == 2 &amp;&amp; wildList.indexOf(symbol) != -1): null

2019-08-23 18:53:42 - [TEST_STEP][PASSED] - if (i == 3 &amp;&amp; wildList.indexOf(symbol) != -1): null

2019-08-23 18:53:42 - [TEST_STEP][PASSED] - if (i == 4 &amp;&amp; wildList.indexOf(symbol) != -1): null

2019-08-23 18:53:42 - [TEST_STEP][PASSED] - symbol = symbol: null

2019-08-23 18:53:42 - [TEST_STEP][PASSED] - println(symbol): null

2019-08-23 18:53:42 - [TEST_STEP][PASSED] - if (i == 2 &amp;&amp; wildList.indexOf(symbol) != -1): null

2019-08-23 18:53:42 - [TEST_STEP][PASSED] - if (i == 3 &amp;&amp; wildList.indexOf(symbol) != -1): null

2019-08-23 18:53:42 - [TEST_STEP][PASSED] - if (i == 4 &amp;&amp; wildList.indexOf(symbol) != -1): null

2019-08-23 18:53:42 - [TEST_STEP][PASSED] - symbol = symbol: null

2019-08-23 18:53:42 - [TEST_STEP][PASSED] - println(symbol): null

2019-08-23 18:53:42 - [TEST_STEP][PASSED] - if (i == 2 &amp;&amp; wildList.indexOf(symbol) != -1): null

2019-08-23 18:53:42 - [TEST_STEP][PASSED] - println("wild found on reel 3, adding counter by 1"): null

2019-08-23 18:53:42 - [TEST_STEP][PASSED] - free_spin_reel_counter[0] = free_spin_reel_counter[0] + 1: null

2019-08-23 18:53:42 - [TEST_STEP][PASSED] - if (i == 3 &amp;&amp; wildList.indexOf(symbol) != -1): null

2019-08-23 18:53:42 - [TEST_STEP][PASSED] - if (i == 4 &amp;&amp; wildList.indexOf(symbol) != -1): null

2019-08-23 18:53:42 - [TEST_STEP][PASSED] - symbols = symbols: null

2019-08-23 18:53:42 - [TEST_STEP][PASSED] - for ([j = 0, j &lt; symbols.size(), (j++)]): null

2019-08-23 18:53:42 - [TEST_STEP][PASSED] - symbol = symbol: null

2019-08-23 18:53:42 - [TEST_STEP][PASSED] - println(symbol): null

2019-08-23 18:53:42 - [TEST_STEP][PASSED] - if (i == 2 &amp;&amp; wildList.indexOf(symbol) != -1): null

2019-08-23 18:53:42 - [TEST_STEP][PASSED] - if (i == 3 &amp;&amp; wildList.indexOf(symbol) != -1): null

2019-08-23 18:53:42 - [TEST_STEP][PASSED] - if (i == 4 &amp;&amp; wildList.indexOf(symbol) != -1): null

2019-08-23 18:53:42 - [TEST_STEP][PASSED] - symbol = symbol: null

2019-08-23 18:53:42 - [TEST_STEP][PASSED] - println(symbol): null

2019-08-23 18:53:42 - [TEST_STEP][PASSED] - if (i == 2 &amp;&amp; wildList.indexOf(symbol) != -1): null

2019-08-23 18:53:42 - [TEST_STEP][PASSED] - if (i == 3 &amp;&amp; wildList.indexOf(symbol) != -1): null

2019-08-23 18:53:42 - [TEST_STEP][PASSED] - if (i == 4 &amp;&amp; wildList.indexOf(symbol) != -1): null

2019-08-23 18:53:42 - [TEST_STEP][PASSED] - symbol = symbol: null

2019-08-23 18:53:42 - [TEST_STEP][PASSED] - println(symbol): null

2019-08-23 18:53:42 - [TEST_STEP][PASSED] - if (i == 2 &amp;&amp; wildList.indexOf(symbol) != -1): null

2019-08-23 18:53:42 - [TEST_STEP][PASSED] - if (i == 3 &amp;&amp; wildList.indexOf(symbol) != -1): null

2019-08-23 18:53:42 - [TEST_STEP][PASSED] - if (i == 4 &amp;&amp; wildList.indexOf(symbol) != -1): null

2019-08-23 18:53:42 - [TEST_STEP][PASSED] - symbols = symbols: null

2019-08-23 18:53:42 - [TEST_STEP][PASSED] - for ([j = 0, j &lt; symbols.size(), (j++)]): null

2019-08-23 18:53:42 - [TEST_STEP][PASSED] - symbol = symbol: null

2019-08-23 18:53:42 - [TEST_STEP][PASSED] - println(symbol): null

2019-08-23 18:53:42 - [TEST_STEP][PASSED] - if (i == 2 &amp;&amp; wildList.indexOf(symbol) != -1): null

2019-08-23 18:53:42 - [TEST_STEP][PASSED] - if (i == 3 &amp;&amp; wildList.indexOf(symbol) != -1): null

2019-08-23 18:53:42 - [TEST_STEP][PASSED] - if (i == 4 &amp;&amp; wildList.indexOf(symbol) != -1): null

2019-08-23 18:53:42 - [TEST_STEP][PASSED] - symbol = symbol: null

2019-08-23 18:53:42 - [TEST_STEP][PASSED] - println(symbol): null

2019-08-23 18:53:42 - [TEST_STEP][PASSED] - if (i == 2 &amp;&amp; wildList.indexOf(symbol) != -1): null

2019-08-23 18:53:42 - [TEST_STEP][PASSED] - if (i == 3 &amp;&amp; wildList.indexOf(symbol) != -1): null

2019-08-23 18:53:42 - [TEST_STEP][PASSED] - if (i == 4 &amp;&amp; wildList.indexOf(symbol) != -1): null

2019-08-23 18:53:42 - [TEST_STEP][PASSED] - symbol = symbol: null

2019-08-23 18:53:42 - [TEST_STEP][PASSED] - println(symbol): null

2019-08-23 18:53:42 - [TEST_STEP][PASSED] - if (i == 2 &amp;&amp; wildList.indexOf(symbol) != -1): null

2019-08-23 18:53:42 - [TEST_STEP][PASSED] - if (i == 3 &amp;&amp; wildList.indexOf(symbol) != -1): null

2019-08-23 18:53:42 - [TEST_STEP][PASSED] - if (i == 4 &amp;&amp; wildList.indexOf(symbol) != -1): null

2019-08-23 18:53:42 - [TEST_STEP][PASSED] - free_spin_reel_counter = free_spin_reel_counter: null

2019-08-23 18:53:42 - [TEST_STEP][PASSED] - println("reel 3 wild found: " + free_spin_reel_counter[0]): null

2019-08-23 18:53:42 - [TEST_STEP][PASSED] - println("reel 4 wild found: " + free_spin_reel_counter[1]): null

2019-08-23 18:53:42 - [TEST_STEP][PASSED] - println("reel 5 wild found: " + free_spin_reel_counter[2]): null

2019-08-23 18:53:42 - [TEST_STEP][PASSED] - M4_spin_reels = M4_spin_reels: null

2019-08-23 18:53:42 - [TEST_STEP][PASSED] - M4_spin_reels_symbols = symbol: null

2019-08-23 18:53:42 - [TEST_STEP][PASSED] - M4_spin_reels_symbols = M4_spin_reels_symbols: null

2019-08-23 18:53:42 - [TEST_STEP][PASSED] - M4_spin_reel_wins = reel_wins: null

2019-08-23 18:53:42 - [TEST_STEP][PASSED] - M4_spin_reel_wins = M4_spin_reel_wins: null

2019-08-23 18:53:42 - [TEST_STEP][PASSED] - println("GlobalVariable.M4_spin_reel_wins is: " + M4_spin_reel_wins): null

2019-08-23 18:53:42 - [TEST_STEP][PASSED] - M4_spin_total_bonus_win_this_round = total_bonus_win_this_round: null

2019-08-23 18:53:42 - [TEST_STEP][PASSED] - M4_spin_total_bonus_win_this_round = M4_spin_total_bonus_win_this_round: null

2019-08-23 18:53:42 - [TEST_STEP][PASSED] - println("GlobalVariable.M4_spin_total_bonus_win_this_round is: " + M4_spin_total_bonus_win_this_round): null

2019-08-23 18:53:42 - [TEST_STEP][PASSED] - M4_spin_bonus_spin_result = spin_result: null

2019-08-23 18:53:42 - [TEST_STEP][PASSED] - M4_spin_bonus_spin_result = M4_spin_bonus_spin_result: null

2019-08-23 18:53:42 - [MESSAGE][PASSED] - Verify response successfully

2019-08-23 18:53:42 - [MESSAGE][PASSED] - Send request and verify the response successfully

2019-08-23 18:53:42 - [TEST_STEP][PASSED] - if (free_spin_reel_counter[0] &gt;= 1 &amp;&amp; free_spin_reel_counter[1] &gt;= 1 &amp;&amp; free_spin_reel_counter[2] &gt;= 1): null

2019-08-23 18:53:42 - [TEST_STEP][PASSED] - spin_result = sendRequestAndVerify(findTestObject("INT/RGS(M4)/1_M4_spin", ["M4_login_user_id":M4_login_user_id, "rgs_session_token":rgs_session_token, "partner":Partner])): Send request and verify the response successfully

2019-08-23 18:53:42 - [MESSAGE][INFO] - HAR: /Users/eiralee/Katalon_Script/SuperWild/Reports/20190823_184757/INT/superWild_1/20190823_184757/requests/main/107.har

2019-08-23 18:53:42 - [TEST_CASE][PASSED] - Start Test Case : Verification: Verification accomplished successfully

2019-08-23 18:53:42 - [TEST_STEP][PASSED] - request = getInstance().getCurrentRequest(): null

2019-08-23 18:53:42 - [TEST_STEP][PASSED] - response = getInstance().getCurrentResponse(): null

2019-08-23 18:53:42 - [TEST_STEP][PASSED] - verifyResponseStatusCode(response, 200): Verify response status code successfully

2019-08-23 18:53:42 - [MESSAGE][PASSED] - Verify response status code successfully

2019-08-23 18:53:42 - [TEST_STEP][PASSED] - getStatusCode()).isEqualTo(200): null

2019-08-23 18:53:42 - [TEST_STEP][PASSED] - newline = System.getProperty("line.separator"): null

2019-08-23 18:53:42 - [TEST_STEP][PASSED] - M4_spin = new groovy.json.JsonSlurper(): null

2019-08-23 18:53:42 - [TEST_STEP][PASSED] - result_M4_spin = M4_spin.parseText(response.getResponseBodyContent()): null

2019-08-23 18:53:42 - [TEST_STEP][PASSED] - M4_spin_current_balance = current_balance: null

2019-08-23 18:53:42 - [TEST_STEP][PASSED] - M4_spin_current_balance = M4_spin_current_balance: null

2019-08-23 18:53:42 - [TEST_STEP][PASSED] - M4_spin_transaction_id = causality: null

2019-08-23 18:53:42 - [TEST_STEP][PASSED] - M4_spin_transaction_id = M4_spin_transaction_id: null

2019-08-23 18:53:42 - [TEST_STEP][PASSED] - M4_spin_round_id = round_id: null

2019-08-23 18:53:42 - [TEST_STEP][PASSED] - M4_spin_round_id = M4_spin_round_id: null

2019-08-23 18:53:42 - [TEST_STEP][PASSED] - M4_spin_line_wins = line_wins: null

2019-08-23 18:53:42 - [TEST_STEP][PASSED] - M4_spin_line_wins = M4_spin_line_wins: null

2019-08-23 18:53:42 - [TEST_STEP][PASSED] - M4_total_bonus_spins_int = total_bonus_spins: null

2019-08-23 18:53:42 - [TEST_STEP][PASSED] - println("******M4_total_bonus_spins type is:*******" + newline + getClass().getName()): null

2019-08-23 18:53:42 - [TEST_STEP][PASSED] - M4_total_bonus_spins_int = M4_total_bonus_spins_int: null

2019-08-23 18:53:42 - [TEST_STEP][PASSED] - M4_total_bonus_spins = Integer.toString(M4_total_bonus_spins_int): null

2019-08-23 18:53:42 - [TEST_STEP][PASSED] - M4_total_bonus_spins = M4_total_bonus_spins: null

2019-08-23 18:53:42 - [TEST_STEP][PASSED] - println("M4_total_bonus_spins is:" + M4_total_bonus_spins): null

2019-08-23 18:53:42 - [TEST_STEP][PASSED] - M4_spin_bonus_data = bonus_data: null

2019-08-23 18:53:42 - [TEST_STEP][PASSED] - M4_spin_features_triggered = result_M4_spin: null

2019-08-23 18:53:42 - [TEST_STEP][PASSED] - wild = []: null

2019-08-23 18:53:42 - [TEST_STEP][PASSED] - wild[0] = "WILD_Expanding": null

2019-08-23 18:53:42 - [TEST_STEP][PASSED] - wild[1] = "WILD_Normal": null

2019-08-23 18:53:42 - [TEST_STEP][PASSED] - wild[2] = "WILD_Double": null

2019-08-23 18:53:42 - [TEST_STEP][PASSED] - wild[3] = "WILD_ExtraFG": null

2019-08-23 18:53:42 - [TEST_STEP][PASSED] - wild[4] = "WILD_Triple": null

2019-08-23 18:53:42 - [TEST_STEP][PASSED] - wildList = Arrays.asList(wild): null

2019-08-23 18:53:42 - [TEST_STEP][PASSED] - wildList = wildList: null

2019-08-23 18:53:42 - [TEST_STEP][PASSED] - free_spin_reel_counter = []: null

2019-08-23 18:53:42 - [TEST_STEP][PASSED] - free_spin_reel_counter[0] = 0: null

2019-08-23 18:53:42 - [TEST_STEP][PASSED] - free_spin_reel_counter[1] = 0: null

2019-08-23 18:53:42 - [TEST_STEP][PASSED] - free_spin_reel_counter[2] = 0: null

2019-08-23 18:53:42 - [TEST_STEP][PASSED] - M4_spin_reels = reels: null

2019-08-23 18:53:42 - [TEST_STEP][PASSED] - for ([i = 0, i &lt; M4_spin_reels.size(), (i++)]): null

2019-08-23 18:53:42 - [TEST_STEP][PASSED] - symbols = symbols: null

2019-08-23 18:53:42 - [TEST_STEP][PASSED] - for ([j = 0, j &lt; symbols.size(), (j++)]): null

2019-08-23 18:53:42 - [TEST_STEP][PASSED] - symbol = symbol: null

2019-08-23 18:53:42 - [TEST_STEP][PASSED] - println(symbol): null

2019-08-23 18:53:42 - [TEST_STEP][PASSED] - if (i == 2 &amp;&amp; wildList.indexOf(symbol) != -1): null

2019-08-23 18:53:42 - [TEST_STEP][PASSED] - if (i == 3 &amp;&amp; wildList.indexOf(symbol) != -1): null

2019-08-23 18:53:42 - [TEST_STEP][PASSED] - if (i == 4 &amp;&amp; wildList.indexOf(symbol) != -1): null

2019-08-23 18:53:42 - [TEST_STEP][PASSED] - symbol = symbol: null

2019-08-23 18:53:42 - [TEST_STEP][PASSED] - println(symbol): null

2019-08-23 18:53:42 - [TEST_STEP][PASSED] - if (i == 2 &amp;&amp; wildList.indexOf(symbol) != -1): null

2019-08-23 18:53:42 - [TEST_STEP][PASSED] - if (i == 3 &amp;&amp; wildList.indexOf(symbol) != -1): null

2019-08-23 18:53:42 - [TEST_STEP][PASSED] - if (i == 4 &amp;&amp; wildList.indexOf(symbol) != -1): null

2019-08-23 18:53:42 - [TEST_STEP][PASSED] - symbol = symbol: null

2019-08-23 18:53:42 - [TEST_STEP][PASSED] - println(symbol): null

2019-08-23 18:53:42 - [TEST_STEP][PASSED] - if (i == 2 &amp;&amp; wildList.indexOf(symbol) != -1): null

2019-08-23 18:53:42 - [TEST_STEP][PASSED] - if (i == 3 &amp;&amp; wildList.indexOf(symbol) != -1): null

2019-08-23 18:53:42 - [TEST_STEP][PASSED] - if (i == 4 &amp;&amp; wildList.indexOf(symbol) != -1): null

2019-08-23 18:53:42 - [TEST_STEP][PASSED] - symbols = symbols: null

2019-08-23 18:53:42 - [TEST_STEP][PASSED] - for ([j = 0, j &lt; symbols.size(), (j++)]): null

2019-08-23 18:53:42 - [TEST_STEP][PASSED] - symbol = symbol: null

2019-08-23 18:53:42 - [TEST_STEP][PASSED] - println(symbol): null

2019-08-23 18:53:42 - [TEST_STEP][PASSED] - if (i == 2 &amp;&amp; wildList.indexOf(symbol) != -1): null

2019-08-23 18:53:42 - [TEST_STEP][PASSED] - if (i == 3 &amp;&amp; wildList.indexOf(symbol) != -1): null

2019-08-23 18:53:42 - [TEST_STEP][PASSED] - if (i == 4 &amp;&amp; wildList.indexOf(symbol) != -1): null

2019-08-23 18:53:42 - [TEST_STEP][PASSED] - symbol = symbol: null

2019-08-23 18:53:42 - [TEST_STEP][PASSED] - println(symbol): null

2019-08-23 18:53:42 - [TEST_STEP][PASSED] - if (i == 2 &amp;&amp; wildList.indexOf(symbol) != -1): null

2019-08-23 18:53:42 - [TEST_STEP][PASSED] - if (i == 3 &amp;&amp; wildList.indexOf(symbol) != -1): null

2019-08-23 18:53:42 - [TEST_STEP][PASSED] - if (i == 4 &amp;&amp; wildList.indexOf(symbol) != -1): null

2019-08-23 18:53:42 - [TEST_STEP][PASSED] - symbol = symbol: null

2019-08-23 18:53:42 - [TEST_STEP][PASSED] - println(symbol): null

2019-08-23 18:53:42 - [TEST_STEP][PASSED] - if (i == 2 &amp;&amp; wildList.indexOf(symbol) != -1): null

2019-08-23 18:53:42 - [TEST_STEP][PASSED] - if (i == 3 &amp;&amp; wildList.indexOf(symbol) != -1): null

2019-08-23 18:53:42 - [TEST_STEP][PASSED] - if (i == 4 &amp;&amp; wildList.indexOf(symbol) != -1): null

2019-08-23 18:53:42 - [TEST_STEP][PASSED] - symbols = symbols: null

2019-08-23 18:53:42 - [TEST_STEP][PASSED] - for ([j = 0, j &lt; symbols.size(), (j++)]): null

2019-08-23 18:53:42 - [TEST_STEP][PASSED] - symbol = symbol: null

2019-08-23 18:53:42 - [TEST_STEP][PASSED] - println(symbol): null

2019-08-23 18:53:42 - [TEST_STEP][PASSED] - if (i == 2 &amp;&amp; wildList.indexOf(symbol) != -1): null

2019-08-23 18:53:42 - [TEST_STEP][PASSED] - if (i == 3 &amp;&amp; wildList.indexOf(symbol) != -1): null

2019-08-23 18:53:42 - [TEST_STEP][PASSED] - if (i == 4 &amp;&amp; wildList.indexOf(symbol) != -1): null

2019-08-23 18:53:42 - [TEST_STEP][PASSED] - symbol = symbol: null

2019-08-23 18:53:42 - [TEST_STEP][PASSED] - println(symbol): null

2019-08-23 18:53:42 - [TEST_STEP][PASSED] - if (i == 2 &amp;&amp; wildList.indexOf(symbol) != -1): null

2019-08-23 18:53:42 - [TEST_STEP][PASSED] - if (i == 3 &amp;&amp; wildList.indexOf(symbol) != -1): null

2019-08-23 18:53:42 - [TEST_STEP][PASSED] - if (i == 4 &amp;&amp; wildList.indexOf(symbol) != -1): null

2019-08-23 18:53:42 - [TEST_STEP][PASSED] - symbol = symbol: null

2019-08-23 18:53:42 - [TEST_STEP][PASSED] - println(symbol): null

2019-08-23 18:53:42 - [TEST_STEP][PASSED] - if (i == 2 &amp;&amp; wildList.indexOf(symbol) != -1): null

2019-08-23 18:53:42 - [TEST_STEP][PASSED] - if (i == 3 &amp;&amp; wildList.indexOf(symbol) != -1): null

2019-08-23 18:53:42 - [TEST_STEP][PASSED] - if (i == 4 &amp;&amp; wildList.indexOf(symbol) != -1): null

2019-08-23 18:53:42 - [TEST_STEP][PASSED] - symbols = symbols: null

2019-08-23 18:53:42 - [TEST_STEP][PASSED] - for ([j = 0, j &lt; symbols.size(), (j++)]): null

2019-08-23 18:53:42 - [TEST_STEP][PASSED] - symbol = symbol: null

2019-08-23 18:53:42 - [TEST_STEP][PASSED] - println(symbol): null

2019-08-23 18:53:42 - [TEST_STEP][PASSED] - if (i == 2 &amp;&amp; wildList.indexOf(symbol) != -1): null

2019-08-23 18:53:42 - [TEST_STEP][PASSED] - if (i == 3 &amp;&amp; wildList.indexOf(symbol) != -1): null

2019-08-23 18:53:42 - [TEST_STEP][PASSED] - if (i == 4 &amp;&amp; wildList.indexOf(symbol) != -1): null

2019-08-23 18:53:42 - [TEST_STEP][PASSED] - symbol = symbol: null

2019-08-23 18:53:42 - [TEST_STEP][PASSED] - println(symbol): null

2019-08-23 18:53:42 - [TEST_STEP][PASSED] - if (i == 2 &amp;&amp; wildList.indexOf(symbol) != -1): null

2019-08-23 18:53:42 - [TEST_STEP][PASSED] - if (i == 3 &amp;&amp; wildList.indexOf(symbol) != -1): null

2019-08-23 18:53:42 - [TEST_STEP][PASSED] - if (i == 4 &amp;&amp; wildList.indexOf(symbol) != -1): null

2019-08-23 18:53:42 - [TEST_STEP][PASSED] - symbol = symbol: null

2019-08-23 18:53:42 - [TEST_STEP][PASSED] - println(symbol): null

2019-08-23 18:53:42 - [TEST_STEP][PASSED] - if (i == 2 &amp;&amp; wildList.indexOf(symbol) != -1): null

2019-08-23 18:53:42 - [TEST_STEP][PASSED] - if (i == 3 &amp;&amp; wildList.indexOf(symbol) != -1): null

2019-08-23 18:53:42 - [TEST_STEP][PASSED] - if (i == 4 &amp;&amp; wildList.indexOf(symbol) != -1): null

2019-08-23 18:53:42 - [TEST_STEP][PASSED] - symbols = symbols: null

2019-08-23 18:53:42 - [TEST_STEP][PASSED] - for ([j = 0, j &lt; symbols.size(), (j++)]): null

2019-08-23 18:53:45 - [TEST_STEP][PASSED] - symbol = symbol: null

2019-08-23 18:53:45 - [TEST_STEP][PASSED] - println(symbol): null

2019-08-23 18:53:45 - [TEST_STEP][PASSED] - if (i == 2 &amp;&amp; wildList.indexOf(symbol) != -1): null

2019-08-23 18:53:45 - [TEST_STEP][PASSED] - if (i == 3 &amp;&amp; wildList.indexOf(symbol) != -1): null

2019-08-23 18:53:45 - [TEST_STEP][PASSED] - if (i == 4 &amp;&amp; wildList.indexOf(symbol) != -1): null

2019-08-23 18:53:45 - [TEST_STEP][PASSED] - symbol = symbol: null

2019-08-23 18:53:45 - [TEST_STEP][PASSED] - println(symbol): null

2019-08-23 18:53:45 - [TEST_STEP][PASSED] - if (i == 2 &amp;&amp; wildList.indexOf(symbol) != -1): null

2019-08-23 18:53:45 - [TEST_STEP][PASSED] - if (i == 3 &amp;&amp; wildList.indexOf(symbol) != -1): null

2019-08-23 18:53:45 - [TEST_STEP][PASSED] - if (i == 4 &amp;&amp; wildList.indexOf(symbol) != -1): null

2019-08-23 18:53:45 - [TEST_STEP][PASSED] - symbol = symbol: null

2019-08-23 18:53:45 - [TEST_STEP][PASSED] - println(symbol): null

2019-08-23 18:53:45 - [TEST_STEP][PASSED] - if (i == 2 &amp;&amp; wildList.indexOf(symbol) != -1): null

2019-08-23 18:53:45 - [TEST_STEP][PASSED] - if (i == 3 &amp;&amp; wildList.indexOf(symbol) != -1): null

2019-08-23 18:53:45 - [TEST_STEP][PASSED] - if (i == 4 &amp;&amp; wildList.indexOf(symbol) != -1): null

2019-08-23 18:53:45 - [TEST_STEP][PASSED] - free_spin_reel_counter = free_spin_reel_counter: null

2019-08-23 18:53:45 - [TEST_STEP][PASSED] - println("reel 3 wild found: " + free_spin_reel_counter[0]): null

2019-08-23 18:53:45 - [TEST_STEP][PASSED] - println("reel 4 wild found: " + free_spin_reel_counter[1]): null

2019-08-23 18:53:45 - [TEST_STEP][PASSED] - println("reel 5 wild found: " + free_spin_reel_counter[2]): null

2019-08-23 18:53:45 - [TEST_STEP][PASSED] - M4_spin_reels = M4_spin_reels: null

2019-08-23 18:53:45 - [TEST_STEP][PASSED] - M4_spin_reels_symbols = symbol: null

2019-08-23 18:53:45 - [TEST_STEP][PASSED] - M4_spin_reels_symbols = M4_spin_reels_symbols: null

2019-08-23 18:53:45 - [TEST_STEP][PASSED] - M4_spin_reel_wins = reel_wins: null

2019-08-23 18:53:45 - [TEST_STEP][PASSED] - M4_spin_reel_wins = M4_spin_reel_wins: null

2019-08-23 18:53:45 - [TEST_STEP][PASSED] - println("GlobalVariable.M4_spin_reel_wins is: " + M4_spin_reel_wins): null

2019-08-23 18:53:45 - [TEST_STEP][PASSED] - M4_spin_total_bonus_win_this_round = total_bonus_win_this_round: null

2019-08-23 18:53:45 - [TEST_STEP][PASSED] - M4_spin_total_bonus_win_this_round = M4_spin_total_bonus_win_this_round: null

2019-08-23 18:53:45 - [TEST_STEP][PASSED] - println("GlobalVariable.M4_spin_total_bonus_win_this_round is: " + M4_spin_total_bonus_win_this_round): null

2019-08-23 18:53:45 - [TEST_STEP][PASSED] - M4_spin_bonus_spin_result = spin_result: null

2019-08-23 18:53:45 - [TEST_STEP][PASSED] - M4_spin_bonus_spin_result = M4_spin_bonus_spin_result: null

2019-08-23 18:53:45 - [MESSAGE][PASSED] - Verify response successfully

2019-08-23 18:53:45 - [MESSAGE][PASSED] - Send request and verify the response successfully

2019-08-23 18:53:45 - [TEST_STEP][PASSED] - if (free_spin_reel_counter[0] &gt;= 1 &amp;&amp; free_spin_reel_counter[1] &gt;= 1 &amp;&amp; free_spin_reel_counter[2] &gt;= 1): null

2019-08-23 18:53:45 - [TEST_STEP][PASSED] - spin_result = sendRequestAndVerify(findTestObject("INT/RGS(M4)/1_M4_spin", ["M4_login_user_id":M4_login_user_id, "rgs_session_token":rgs_session_token, "partner":Partner])): Send request and verify the response successfully

2019-08-23 18:53:45 - [MESSAGE][INFO] - HAR: /Users/eiralee/Katalon_Script/SuperWild/Reports/20190823_184757/INT/superWild_1/20190823_184757/requests/main/108.har

2019-08-23 18:53:45 - [TEST_CASE][PASSED] - Start Test Case : Verification: Verification accomplished successfully

2019-08-23 18:53:45 - [TEST_STEP][PASSED] - request = getInstance().getCurrentRequest(): null

2019-08-23 18:53:45 - [TEST_STEP][PASSED] - response = getInstance().getCurrentResponse(): null

2019-08-23 18:53:45 - [TEST_STEP][PASSED] - verifyResponseStatusCode(response, 200): Verify response status code successfully

2019-08-23 18:53:45 - [MESSAGE][PASSED] - Verify response status code successfully

2019-08-23 18:53:45 - [TEST_STEP][PASSED] - getStatusCode()).isEqualTo(200): null

2019-08-23 18:53:45 - [TEST_STEP][PASSED] - newline = System.getProperty("line.separator"): null

2019-08-23 18:53:45 - [TEST_STEP][PASSED] - M4_spin = new groovy.json.JsonSlurper(): null

2019-08-23 18:53:45 - [TEST_STEP][PASSED] - result_M4_spin = M4_spin.parseText(response.getResponseBodyContent()): null

2019-08-23 18:53:45 - [TEST_STEP][PASSED] - M4_spin_current_balance = current_balance: null

2019-08-23 18:53:45 - [TEST_STEP][PASSED] - M4_spin_current_balance = M4_spin_current_balance: null

2019-08-23 18:53:45 - [TEST_STEP][PASSED] - M4_spin_transaction_id = causality: null

2019-08-23 18:53:45 - [TEST_STEP][PASSED] - M4_spin_transaction_id = M4_spin_transaction_id: null

2019-08-23 18:53:45 - [TEST_STEP][PASSED] - M4_spin_round_id = round_id: null

2019-08-23 18:53:45 - [TEST_STEP][PASSED] - M4_spin_round_id = M4_spin_round_id: null

2019-08-23 18:53:45 - [TEST_STEP][PASSED] - M4_spin_line_wins = line_wins: null

2019-08-23 18:53:45 - [TEST_STEP][PASSED] - M4_spin_line_wins = M4_spin_line_wins: null

2019-08-23 18:53:45 - [TEST_STEP][PASSED] - M4_total_bonus_spins_int = total_bonus_spins: null

2019-08-23 18:53:45 - [TEST_STEP][PASSED] - println("******M4_total_bonus_spins type is:*******" + newline + getClass().getName()): null

2019-08-23 18:53:45 - [TEST_STEP][PASSED] - M4_total_bonus_spins_int = M4_total_bonus_spins_int: null

2019-08-23 18:53:45 - [TEST_STEP][PASSED] - M4_total_bonus_spins = Integer.toString(M4_total_bonus_spins_int): null

2019-08-23 18:53:45 - [TEST_STEP][PASSED] - M4_total_bonus_spins = M4_total_bonus_spins: null

2019-08-23 18:53:45 - [TEST_STEP][PASSED] - println("M4_total_bonus_spins is:" + M4_total_bonus_spins): null

2019-08-23 18:53:45 - [TEST_STEP][PASSED] - M4_spin_bonus_data = bonus_data: null

2019-08-23 18:53:45 - [TEST_STEP][PASSED] - M4_spin_features_triggered = result_M4_spin: null

2019-08-23 18:53:45 - [TEST_STEP][PASSED] - wild = []: null

2019-08-23 18:53:45 - [TEST_STEP][PASSED] - wild[0] = "WILD_Expanding": null

2019-08-23 18:53:45 - [TEST_STEP][PASSED] - wild[1] = "WILD_Normal": null

2019-08-23 18:53:45 - [TEST_STEP][PASSED] - wild[2] = "WILD_Double": null

2019-08-23 18:53:45 - [TEST_STEP][PASSED] - wild[3] = "WILD_ExtraFG": null

2019-08-23 18:53:45 - [TEST_STEP][PASSED] - wild[4] = "WILD_Triple": null

2019-08-23 18:53:45 - [TEST_STEP][PASSED] - wildList = Arrays.asList(wild): null

2019-08-23 18:53:45 - [TEST_STEP][PASSED] - wildList = wildList: null

2019-08-23 18:53:45 - [TEST_STEP][PASSED] - free_spin_reel_counter = []: null

2019-08-23 18:53:45 - [TEST_STEP][PASSED] - free_spin_reel_counter[0] = 0: null

2019-08-23 18:53:45 - [TEST_STEP][PASSED] - free_spin_reel_counter[1] = 0: null

2019-08-23 18:53:45 - [TEST_STEP][PASSED] - free_spin_reel_counter[2] = 0: null

2019-08-23 18:53:45 - [TEST_STEP][PASSED] - M4_spin_reels = reels: null

2019-08-23 18:53:45 - [TEST_STEP][PASSED] - for ([i = 0, i &lt; M4_spin_reels.size(), (i++)]): null

2019-08-23 18:53:45 - [TEST_STEP][PASSED] - symbols = symbols: null

2019-08-23 18:53:45 - [TEST_STEP][PASSED] - for ([j = 0, j &lt; symbols.size(), (j++)]): null

2019-08-23 18:53:45 - [TEST_STEP][PASSED] - symbol = symbol: null

2019-08-23 18:53:45 - [TEST_STEP][PASSED] - println(symbol): null

2019-08-23 18:53:45 - [TEST_STEP][PASSED] - if (i == 2 &amp;&amp; wildList.indexOf(symbol) != -1): null

2019-08-23 18:53:45 - [TEST_STEP][PASSED] - if (i == 3 &amp;&amp; wildList.indexOf(symbol) != -1): null

2019-08-23 18:53:45 - [TEST_STEP][PASSED] - if (i == 4 &amp;&amp; wildList.indexOf(symbol) != -1): null

2019-08-23 18:53:45 - [TEST_STEP][PASSED] - symbol = symbol: null

2019-08-23 18:53:45 - [TEST_STEP][PASSED] - println(symbol): null

2019-08-23 18:53:45 - [TEST_STEP][PASSED] - if (i == 2 &amp;&amp; wildList.indexOf(symbol) != -1): null

2019-08-23 18:53:45 - [TEST_STEP][PASSED] - if (i == 3 &amp;&amp; wildList.indexOf(symbol) != -1): null

2019-08-23 18:53:45 - [TEST_STEP][PASSED] - if (i == 4 &amp;&amp; wildList.indexOf(symbol) != -1): null

2019-08-23 18:53:45 - [TEST_STEP][PASSED] - symbol = symbol: null

2019-08-23 18:53:45 - [TEST_STEP][PASSED] - println(symbol): null

2019-08-23 18:53:45 - [TEST_STEP][PASSED] - if (i == 2 &amp;&amp; wildList.indexOf(symbol) != -1): null

2019-08-23 18:53:45 - [TEST_STEP][PASSED] - if (i == 3 &amp;&amp; wildList.indexOf(symbol) != -1): null

2019-08-23 18:53:45 - [TEST_STEP][PASSED] - if (i == 4 &amp;&amp; wildList.indexOf(symbol) != -1): null

2019-08-23 18:53:45 - [TEST_STEP][PASSED] - symbols = symbols: null

2019-08-23 18:53:45 - [TEST_STEP][PASSED] - for ([j = 0, j &lt; symbols.size(), (j++)]): null

2019-08-23 18:53:45 - [TEST_STEP][PASSED] - symbol = symbol: null

2019-08-23 18:53:45 - [TEST_STEP][PASSED] - println(symbol): null

2019-08-23 18:53:45 - [TEST_STEP][PASSED] - if (i == 2 &amp;&amp; wildList.indexOf(symbol) != -1): null

2019-08-23 18:53:45 - [TEST_STEP][PASSED] - if (i == 3 &amp;&amp; wildList.indexOf(symbol) != -1): null

2019-08-23 18:53:45 - [TEST_STEP][PASSED] - if (i == 4 &amp;&amp; wildList.indexOf(symbol) != -1): null

2019-08-23 18:53:45 - [TEST_STEP][PASSED] - symbol = symbol: null

2019-08-23 18:53:45 - [TEST_STEP][PASSED] - println(symbol): null

2019-08-23 18:53:45 - [TEST_STEP][PASSED] - if (i == 2 &amp;&amp; wildList.indexOf(symbol) != -1): null

2019-08-23 18:53:45 - [TEST_STEP][PASSED] - if (i == 3 &amp;&amp; wildList.indexOf(symbol) != -1): null

2019-08-23 18:53:45 - [TEST_STEP][PASSED] - if (i == 4 &amp;&amp; wildList.indexOf(symbol) != -1): null

2019-08-23 18:53:45 - [TEST_STEP][PASSED] - symbol = symbol: null

2019-08-23 18:53:45 - [TEST_STEP][PASSED] - println(symbol): null

2019-08-23 18:53:45 - [TEST_STEP][PASSED] - if (i == 2 &amp;&amp; wildList.indexOf(symbol) != -1): null

2019-08-23 18:53:45 - [TEST_STEP][PASSED] - if (i == 3 &amp;&amp; wildList.indexOf(symbol) != -1): null

2019-08-23 18:53:45 - [TEST_STEP][PASSED] - if (i == 4 &amp;&amp; wildList.indexOf(symbol) != -1): null

2019-08-23 18:53:45 - [TEST_STEP][PASSED] - symbols = symbols: null

2019-08-23 18:53:45 - [TEST_STEP][PASSED] - for ([j = 0, j &lt; symbols.size(), (j++)]): null

2019-08-23 18:53:45 - [TEST_STEP][PASSED] - symbol = symbol: null

2019-08-23 18:53:45 - [TEST_STEP][PASSED] - println(symbol): null

2019-08-23 18:53:45 - [TEST_STEP][PASSED] - if (i == 2 &amp;&amp; wildList.indexOf(symbol) != -1): null

2019-08-23 18:53:45 - [TEST_STEP][PASSED] - if (i == 3 &amp;&amp; wildList.indexOf(symbol) != -1): null

2019-08-23 18:53:45 - [TEST_STEP][PASSED] - if (i == 4 &amp;&amp; wildList.indexOf(symbol) != -1): null

2019-08-23 18:53:45 - [TEST_STEP][PASSED] - symbol = symbol: null

2019-08-23 18:53:45 - [TEST_STEP][PASSED] - println(symbol): null

2019-08-23 18:53:45 - [TEST_STEP][PASSED] - if (i == 2 &amp;&amp; wildList.indexOf(symbol) != -1): null

2019-08-23 18:53:45 - [TEST_STEP][PASSED] - if (i == 3 &amp;&amp; wildList.indexOf(symbol) != -1): null

2019-08-23 18:53:45 - [TEST_STEP][PASSED] - if (i == 4 &amp;&amp; wildList.indexOf(symbol) != -1): null

2019-08-23 18:53:45 - [TEST_STEP][PASSED] - symbol = symbol: null

2019-08-23 18:53:45 - [TEST_STEP][PASSED] - println(symbol): null

2019-08-23 18:53:45 - [TEST_STEP][PASSED] - if (i == 2 &amp;&amp; wildList.indexOf(symbol) != -1): null

2019-08-23 18:53:45 - [TEST_STEP][PASSED] - if (i == 3 &amp;&amp; wildList.indexOf(symbol) != -1): null

2019-08-23 18:53:45 - [TEST_STEP][PASSED] - if (i == 4 &amp;&amp; wildList.indexOf(symbol) != -1): null

2019-08-23 18:53:45 - [TEST_STEP][PASSED] - symbols = symbols: null

2019-08-23 18:53:45 - [TEST_STEP][PASSED] - for ([j = 0, j &lt; symbols.size(), (j++)]): null

2019-08-23 18:53:45 - [TEST_STEP][PASSED] - symbol = symbol: null

2019-08-23 18:53:45 - [TEST_STEP][PASSED] - println(symbol): null

2019-08-23 18:53:45 - [TEST_STEP][PASSED] - if (i == 2 &amp;&amp; wildList.indexOf(symbol) != -1): null

2019-08-23 18:53:45 - [TEST_STEP][PASSED] - if (i == 3 &amp;&amp; wildList.indexOf(symbol) != -1): null

2019-08-23 18:53:45 - [TEST_STEP][PASSED] - if (i == 4 &amp;&amp; wildList.indexOf(symbol) != -1): null

2019-08-23 18:53:45 - [TEST_STEP][PASSED] - symbol = symbol: null

2019-08-23 18:53:45 - [TEST_STEP][PASSED] - println(symbol): null

2019-08-23 18:53:45 - [TEST_STEP][PASSED] - if (i == 2 &amp;&amp; wildList.indexOf(symbol) != -1): null

2019-08-23 18:53:45 - [TEST_STEP][PASSED] - if (i == 3 &amp;&amp; wildList.indexOf(symbol) != -1): null

2019-08-23 18:53:45 - [TEST_STEP][PASSED] - if (i == 4 &amp;&amp; wildList.indexOf(symbol) != -1): null

2019-08-23 18:53:45 - [TEST_STEP][PASSED] - symbol = symbol: null

2019-08-23 18:53:45 - [TEST_STEP][PASSED] - println(symbol): null

2019-08-23 18:53:45 - [TEST_STEP][PASSED] - if (i == 2 &amp;&amp; wildList.indexOf(symbol) != -1): null

2019-08-23 18:53:45 - [TEST_STEP][PASSED] - if (i == 3 &amp;&amp; wildList.indexOf(symbol) != -1): null

2019-08-23 18:53:45 - [TEST_STEP][PASSED] - if (i == 4 &amp;&amp; wildList.indexOf(symbol) != -1): null

2019-08-23 18:53:45 - [TEST_STEP][PASSED] - symbols = symbols: null

2019-08-23 18:53:45 - [TEST_STEP][PASSED] - for ([j = 0, j &lt; symbols.size(), (j++)]): null

2019-08-23 18:53:45 - [TEST_STEP][PASSED] - symbol = symbol: null

2019-08-23 18:53:45 - [TEST_STEP][PASSED] - println(symbol): null

2019-08-23 18:53:45 - [TEST_STEP][PASSED] - if (i == 2 &amp;&amp; wildList.indexOf(symbol) != -1): null

2019-08-23 18:53:45 - [TEST_STEP][PASSED] - if (i == 3 &amp;&amp; wildList.indexOf(symbol) != -1): null

2019-08-23 18:53:45 - [TEST_STEP][PASSED] - if (i == 4 &amp;&amp; wildList.indexOf(symbol) != -1): null

2019-08-23 18:53:45 - [TEST_STEP][PASSED] - symbol = symbol: null

2019-08-23 18:53:45 - [TEST_STEP][PASSED] - println(symbol): null

2019-08-23 18:53:45 - [TEST_STEP][PASSED] - if (i == 2 &amp;&amp; wildList.indexOf(symbol) != -1): null

2019-08-23 18:53:45 - [TEST_STEP][PASSED] - if (i == 3 &amp;&amp; wildList.indexOf(symbol) != -1): null

2019-08-23 18:53:45 - [TEST_STEP][PASSED] - if (i == 4 &amp;&amp; wildList.indexOf(symbol) != -1): null

2019-08-23 18:53:45 - [TEST_STEP][PASSED] - symbol = symbol: null

2019-08-23 18:53:45 - [TEST_STEP][PASSED] - println(symbol): null

2019-08-23 18:53:45 - [TEST_STEP][PASSED] - if (i == 2 &amp;&amp; wildList.indexOf(symbol) != -1): null

2019-08-23 18:53:45 - [TEST_STEP][PASSED] - if (i == 3 &amp;&amp; wildList.indexOf(symbol) != -1): null

2019-08-23 18:53:45 - [TEST_STEP][PASSED] - if (i == 4 &amp;&amp; wildList.indexOf(symbol) != -1): null

2019-08-23 18:53:45 - [TEST_STEP][PASSED] - free_spin_reel_counter = free_spin_reel_counter: null

2019-08-23 18:53:45 - [TEST_STEP][PASSED] - println("reel 3 wild found: " + free_spin_reel_counter[0]): null

2019-08-23 18:53:45 - [TEST_STEP][PASSED] - println("reel 4 wild found: " + free_spin_reel_counter[1]): null

2019-08-23 18:53:45 - [TEST_STEP][PASSED] - println("reel 5 wild found: " + free_spin_reel_counter[2]): null

2019-08-23 18:53:45 - [TEST_STEP][PASSED] - M4_spin_reels = M4_spin_reels: null

2019-08-23 18:53:45 - [TEST_STEP][PASSED] - M4_spin_reels_symbols = symbol: null

2019-08-23 18:53:45 - [TEST_STEP][PASSED] - M4_spin_reels_symbols = M4_spin_reels_symbols: null

2019-08-23 18:53:45 - [TEST_STEP][PASSED] - M4_spin_reel_wins = reel_wins: null

2019-08-23 18:53:45 - [TEST_STEP][PASSED] - M4_spin_reel_wins = M4_spin_reel_wins: null

2019-08-23 18:53:45 - [TEST_STEP][PASSED] - println("GlobalVariable.M4_spin_reel_wins is: " + M4_spin_reel_wins): null

2019-08-23 18:53:45 - [TEST_STEP][PASSED] - M4_spin_total_bonus_win_this_round = total_bonus_win_this_round: null

2019-08-23 18:53:45 - [TEST_STEP][PASSED] - M4_spin_total_bonus_win_this_round = M4_spin_total_bonus_win_this_round: null

2019-08-23 18:53:45 - [TEST_STEP][PASSED] - println("GlobalVariable.M4_spin_total_bonus_win_this_round is: " + M4_spin_total_bonus_win_this_round): null

2019-08-23 18:53:45 - [TEST_STEP][PASSED] - M4_spin_bonus_spin_result = spin_result: null

2019-08-23 18:53:45 - [TEST_STEP][PASSED] - M4_spin_bonus_spin_result = M4_spin_bonus_spin_result: null

2019-08-23 18:53:45 - [MESSAGE][PASSED] - Verify response successfully

2019-08-23 18:53:45 - [MESSAGE][PASSED] - Send request and verify the response successfully

2019-08-23 18:53:45 - [TEST_STEP][PASSED] - if (free_spin_reel_counter[0] &gt;= 1 &amp;&amp; free_spin_reel_counter[1] &gt;= 1 &amp;&amp; free_spin_reel_counter[2] &gt;= 1): null

2019-08-23 18:53:45 - [TEST_STEP][PASSED] - spin_result = sendRequestAndVerify(findTestObject("INT/RGS(M4)/1_M4_spin", ["M4_login_user_id":M4_login_user_id, "rgs_session_token":rgs_session_token, "partner":Partner])): Send request and verify the response successfully

2019-08-23 18:53:46 - [MESSAGE][INFO] - HAR: /Users/eiralee/Katalon_Script/SuperWild/Reports/20190823_184757/INT/superWild_1/20190823_184757/requests/main/109.har

2019-08-23 18:53:46 - [TEST_CASE][PASSED] - Start Test Case : Verification: Verification accomplished successfully

2019-08-23 18:53:46 - [TEST_STEP][PASSED] - request = getInstance().getCurrentRequest(): null

2019-08-23 18:53:46 - [TEST_STEP][PASSED] - response = getInstance().getCurrentResponse(): null

2019-08-23 18:53:46 - [TEST_STEP][PASSED] - verifyResponseStatusCode(response, 200): Verify response status code successfully

2019-08-23 18:53:46 - [MESSAGE][PASSED] - Verify response status code successfully

2019-08-23 18:53:46 - [TEST_STEP][PASSED] - getStatusCode()).isEqualTo(200): null

2019-08-23 18:53:46 - [TEST_STEP][PASSED] - newline = System.getProperty("line.separator"): null

2019-08-23 18:53:46 - [TEST_STEP][PASSED] - M4_spin = new groovy.json.JsonSlurper(): null

2019-08-23 18:53:46 - [TEST_STEP][PASSED] - result_M4_spin = M4_spin.parseText(response.getResponseBodyContent()): null

2019-08-23 18:53:46 - [TEST_STEP][PASSED] - M4_spin_current_balance = current_balance: null

2019-08-23 18:53:46 - [TEST_STEP][PASSED] - M4_spin_current_balance = M4_spin_current_balance: null

2019-08-23 18:53:46 - [TEST_STEP][PASSED] - M4_spin_transaction_id = causality: null

2019-08-23 18:53:46 - [TEST_STEP][PASSED] - M4_spin_transaction_id = M4_spin_transaction_id: null

2019-08-23 18:53:46 - [TEST_STEP][PASSED] - M4_spin_round_id = round_id: null

2019-08-23 18:53:46 - [TEST_STEP][PASSED] - M4_spin_round_id = M4_spin_round_id: null

2019-08-23 18:53:46 - [TEST_STEP][PASSED] - M4_spin_line_wins = line_wins: null

2019-08-23 18:53:46 - [TEST_STEP][PASSED] - M4_spin_line_wins = M4_spin_line_wins: null

2019-08-23 18:53:46 - [TEST_STEP][PASSED] - M4_total_bonus_spins_int = total_bonus_spins: null

2019-08-23 18:53:46 - [TEST_STEP][PASSED] - println("******M4_total_bonus_spins type is:*******" + newline + getClass().getName()): null

2019-08-23 18:53:46 - [TEST_STEP][PASSED] - M4_total_bonus_spins_int = M4_total_bonus_spins_int: null

2019-08-23 18:53:46 - [TEST_STEP][PASSED] - M4_total_bonus_spins = Integer.toString(M4_total_bonus_spins_int): null

2019-08-23 18:53:46 - [TEST_STEP][PASSED] - M4_total_bonus_spins = M4_total_bonus_spins: null

2019-08-23 18:53:46 - [TEST_STEP][PASSED] - println("M4_total_bonus_spins is:" + M4_total_bonus_spins): null

2019-08-23 18:53:46 - [TEST_STEP][PASSED] - M4_spin_bonus_data = bonus_data: null

2019-08-23 18:53:46 - [TEST_STEP][PASSED] - M4_spin_features_triggered = result_M4_spin: null

2019-08-23 18:53:46 - [TEST_STEP][PASSED] - wild = []: null

2019-08-23 18:53:46 - [TEST_STEP][PASSED] - wild[0] = "WILD_Expanding": null

2019-08-23 18:53:46 - [TEST_STEP][PASSED] - wild[1] = "WILD_Normal": null

2019-08-23 18:53:46 - [TEST_STEP][PASSED] - wild[2] = "WILD_Double": null

2019-08-23 18:53:46 - [TEST_STEP][PASSED] - wild[3] = "WILD_ExtraFG": null

2019-08-23 18:53:46 - [TEST_STEP][PASSED] - wild[4] = "WILD_Triple": null

2019-08-23 18:53:46 - [TEST_STEP][PASSED] - wildList = Arrays.asList(wild): null

2019-08-23 18:53:46 - [TEST_STEP][PASSED] - wildList = wildList: null

2019-08-23 18:53:46 - [TEST_STEP][PASSED] - free_spin_reel_counter = []: null

2019-08-23 18:53:46 - [TEST_STEP][PASSED] - free_spin_reel_counter[0] = 0: null

2019-08-23 18:53:46 - [TEST_STEP][PASSED] - free_spin_reel_counter[1] = 0: null

2019-08-23 18:53:46 - [TEST_STEP][PASSED] - free_spin_reel_counter[2] = 0: null

2019-08-23 18:53:46 - [TEST_STEP][PASSED] - M4_spin_reels = reels: null

2019-08-23 18:53:46 - [TEST_STEP][PASSED] - for ([i = 0, i &lt; M4_spin_reels.size(), (i++)]): null

2019-08-23 18:53:46 - [TEST_STEP][PASSED] - symbols = symbols: null

2019-08-23 18:53:46 - [TEST_STEP][PASSED] - for ([j = 0, j &lt; symbols.size(), (j++)]): null

2019-08-23 18:53:46 - [TEST_STEP][PASSED] - symbol = symbol: null

2019-08-23 18:53:46 - [TEST_STEP][PASSED] - println(symbol): null

2019-08-23 18:53:46 - [TEST_STEP][PASSED] - if (i == 2 &amp;&amp; wildList.indexOf(symbol) != -1): null

2019-08-23 18:53:46 - [TEST_STEP][PASSED] - if (i == 3 &amp;&amp; wildList.indexOf(symbol) != -1): null

2019-08-23 18:53:46 - [TEST_STEP][PASSED] - if (i == 4 &amp;&amp; wildList.indexOf(symbol) != -1): null

2019-08-23 18:53:46 - [TEST_STEP][PASSED] - symbol = symbol: null

2019-08-23 18:53:46 - [TEST_STEP][PASSED] - println(symbol): null

2019-08-23 18:53:46 - [TEST_STEP][PASSED] - if (i == 2 &amp;&amp; wildList.indexOf(symbol) != -1): null

2019-08-23 18:53:46 - [TEST_STEP][PASSED] - if (i == 3 &amp;&amp; wildList.indexOf(symbol) != -1): null

2019-08-23 18:53:46 - [TEST_STEP][PASSED] - if (i == 4 &amp;&amp; wildList.indexOf(symbol) != -1): null

2019-08-23 18:53:46 - [TEST_STEP][PASSED] - symbol = symbol: null

2019-08-23 18:53:46 - [TEST_STEP][PASSED] - println(symbol): null

2019-08-23 18:53:46 - [TEST_STEP][PASSED] - if (i == 2 &amp;&amp; wildList.indexOf(symbol) != -1): null

2019-08-23 18:53:46 - [TEST_STEP][PASSED] - if (i == 3 &amp;&amp; wildList.indexOf(symbol) != -1): null

2019-08-23 18:53:46 - [TEST_STEP][PASSED] - if (i == 4 &amp;&amp; wildList.indexOf(symbol) != -1): null

2019-08-23 18:53:46 - [TEST_STEP][PASSED] - symbols = symbols: null

2019-08-23 18:53:46 - [TEST_STEP][PASSED] - for ([j = 0, j &lt; symbols.size(), (j++)]): null

2019-08-23 18:53:46 - [TEST_STEP][PASSED] - symbol = symbol: null

2019-08-23 18:53:46 - [TEST_STEP][PASSED] - println(symbol): null

2019-08-23 18:53:46 - [TEST_STEP][PASSED] - if (i == 2 &amp;&amp; wildList.indexOf(symbol) != -1): null

2019-08-23 18:53:46 - [TEST_STEP][PASSED] - if (i == 3 &amp;&amp; wildList.indexOf(symbol) != -1): null

2019-08-23 18:53:46 - [TEST_STEP][PASSED] - if (i == 4 &amp;&amp; wildList.indexOf(symbol) != -1): null

2019-08-23 18:53:46 - [TEST_STEP][PASSED] - symbol = symbol: null

2019-08-23 18:53:46 - [TEST_STEP][PASSED] - println(symbol): null

2019-08-23 18:53:46 - [TEST_STEP][PASSED] - if (i == 2 &amp;&amp; wildList.indexOf(symbol) != -1): null

2019-08-23 18:53:46 - [TEST_STEP][PASSED] - if (i == 3 &amp;&amp; wildList.indexOf(symbol) != -1): null

2019-08-23 18:53:46 - [TEST_STEP][PASSED] - if (i == 4 &amp;&amp; wildList.indexOf(symbol) != -1): null

2019-08-23 18:53:46 - [TEST_STEP][PASSED] - symbol = symbol: null

2019-08-23 18:53:46 - [TEST_STEP][PASSED] - println(symbol): null

2019-08-23 18:53:46 - [TEST_STEP][PASSED] - if (i == 2 &amp;&amp; wildList.indexOf(symbol) != -1): null

2019-08-23 18:53:46 - [TEST_STEP][PASSED] - if (i == 3 &amp;&amp; wildList.indexOf(symbol) != -1): null

2019-08-23 18:53:46 - [TEST_STEP][PASSED] - if (i == 4 &amp;&amp; wildList.indexOf(symbol) != -1): null

2019-08-23 18:53:46 - [TEST_STEP][PASSED] - symbols = symbols: null

2019-08-23 18:53:46 - [TEST_STEP][PASSED] - for ([j = 0, j &lt; symbols.size(), (j++)]): null

2019-08-23 18:53:46 - [TEST_STEP][PASSED] - symbol = symbol: null

2019-08-23 18:53:46 - [TEST_STEP][PASSED] - println(symbol): null

2019-08-23 18:53:46 - [TEST_STEP][PASSED] - if (i == 2 &amp;&amp; wildList.indexOf(symbol) != -1): null

2019-08-23 18:53:46 - [TEST_STEP][PASSED] - if (i == 3 &amp;&amp; wildList.indexOf(symbol) != -1): null

2019-08-23 18:53:46 - [TEST_STEP][PASSED] - if (i == 4 &amp;&amp; wildList.indexOf(symbol) != -1): null

2019-08-23 18:53:46 - [TEST_STEP][PASSED] - symbol = symbol: null

2019-08-23 18:53:46 - [TEST_STEP][PASSED] - println(symbol): null

2019-08-23 18:53:46 - [TEST_STEP][PASSED] - if (i == 2 &amp;&amp; wildList.indexOf(symbol) != -1): null

2019-08-23 18:53:46 - [TEST_STEP][PASSED] - if (i == 3 &amp;&amp; wildList.indexOf(symbol) != -1): null

2019-08-23 18:53:46 - [TEST_STEP][PASSED] - if (i == 4 &amp;&amp; wildList.indexOf(symbol) != -1): null

2019-08-23 18:53:46 - [TEST_STEP][PASSED] - symbol = symbol: null

2019-08-23 18:53:46 - [TEST_STEP][PASSED] - println(symbol): null

2019-08-23 18:53:46 - [TEST_STEP][PASSED] - if (i == 2 &amp;&amp; wildList.indexOf(symbol) != -1): null

2019-08-23 18:53:46 - [TEST_STEP][PASSED] - if (i == 3 &amp;&amp; wildList.indexOf(symbol) != -1): null

2019-08-23 18:53:46 - [TEST_STEP][PASSED] - if (i == 4 &amp;&amp; wildList.indexOf(symbol) != -1): null

2019-08-23 18:53:46 - [TEST_STEP][PASSED] - symbols = symbols: null

2019-08-23 18:53:46 - [TEST_STEP][PASSED] - for ([j = 0, j &lt; symbols.size(), (j++)]): null

2019-08-23 18:53:46 - [TEST_STEP][PASSED] - symbol = symbol: null

2019-08-23 18:53:46 - [TEST_STEP][PASSED] - println(symbol): null

2019-08-23 18:53:46 - [TEST_STEP][PASSED] - if (i == 2 &amp;&amp; wildList.indexOf(symbol) != -1): null

2019-08-23 18:53:46 - [TEST_STEP][PASSED] - if (i == 3 &amp;&amp; wildList.indexOf(symbol) != -1): null

2019-08-23 18:53:46 - [TEST_STEP][PASSED] - if (i == 4 &amp;&amp; wildList.indexOf(symbol) != -1): null

2019-08-23 18:53:46 - [TEST_STEP][PASSED] - symbol = symbol: null

2019-08-23 18:53:46 - [TEST_STEP][PASSED] - println(symbol): null

2019-08-23 18:53:46 - [TEST_STEP][PASSED] - if (i == 2 &amp;&amp; wildList.indexOf(symbol) != -1): null

2019-08-23 18:53:46 - [TEST_STEP][PASSED] - if (i == 3 &amp;&amp; wildList.indexOf(symbol) != -1): null

2019-08-23 18:53:46 - [TEST_STEP][PASSED] - if (i == 4 &amp;&amp; wildList.indexOf(symbol) != -1): null

2019-08-23 18:53:46 - [TEST_STEP][PASSED] - symbol = symbol: null

2019-08-23 18:53:46 - [TEST_STEP][PASSED] - println(symbol): null

2019-08-23 18:53:46 - [TEST_STEP][PASSED] - if (i == 2 &amp;&amp; wildList.indexOf(symbol) != -1): null

2019-08-23 18:53:46 - [TEST_STEP][PASSED] - if (i == 3 &amp;&amp; wildList.indexOf(symbol) != -1): null

2019-08-23 18:53:46 - [TEST_STEP][PASSED] - if (i == 4 &amp;&amp; wildList.indexOf(symbol) != -1): null

2019-08-23 18:53:46 - [TEST_STEP][PASSED] - symbols = symbols: null

2019-08-23 18:53:46 - [TEST_STEP][PASSED] - for ([j = 0, j &lt; symbols.size(), (j++)]): null

2019-08-23 18:53:46 - [TEST_STEP][PASSED] - symbol = symbol: null

2019-08-23 18:53:46 - [TEST_STEP][PASSED] - println(symbol): null

2019-08-23 18:53:46 - [TEST_STEP][PASSED] - if (i == 2 &amp;&amp; wildList.indexOf(symbol) != -1): null

2019-08-23 18:53:46 - [TEST_STEP][PASSED] - if (i == 3 &amp;&amp; wildList.indexOf(symbol) != -1): null

2019-08-23 18:53:46 - [TEST_STEP][PASSED] - if (i == 4 &amp;&amp; wildList.indexOf(symbol) != -1): null

2019-08-23 18:53:46 - [TEST_STEP][PASSED] - symbol = symbol: null

2019-08-23 18:53:46 - [TEST_STEP][PASSED] - println(symbol): null

2019-08-23 18:53:46 - [TEST_STEP][PASSED] - if (i == 2 &amp;&amp; wildList.indexOf(symbol) != -1): null

2019-08-23 18:53:46 - [TEST_STEP][PASSED] - if (i == 3 &amp;&amp; wildList.indexOf(symbol) != -1): null

2019-08-23 18:53:46 - [TEST_STEP][PASSED] - if (i == 4 &amp;&amp; wildList.indexOf(symbol) != -1): null

2019-08-23 18:53:46 - [TEST_STEP][PASSED] - symbol = symbol: null

2019-08-23 18:53:46 - [TEST_STEP][PASSED] - println(symbol): null

2019-08-23 18:53:46 - [TEST_STEP][PASSED] - if (i == 2 &amp;&amp; wildList.indexOf(symbol) != -1): null

2019-08-23 18:53:46 - [TEST_STEP][PASSED] - if (i == 3 &amp;&amp; wildList.indexOf(symbol) != -1): null

2019-08-23 18:53:46 - [TEST_STEP][PASSED] - if (i == 4 &amp;&amp; wildList.indexOf(symbol) != -1): null

2019-08-23 18:53:46 - [TEST_STEP][PASSED] - free_spin_reel_counter = free_spin_reel_counter: null

2019-08-23 18:53:46 - [TEST_STEP][PASSED] - println("reel 3 wild found: " + free_spin_reel_counter[0]): null

2019-08-23 18:53:46 - [TEST_STEP][PASSED] - println("reel 4 wild found: " + free_spin_reel_counter[1]): null

2019-08-23 18:53:46 - [TEST_STEP][PASSED] - println("reel 5 wild found: " + free_spin_reel_counter[2]): null

2019-08-23 18:53:46 - [TEST_STEP][PASSED] - M4_spin_reels = M4_spin_reels: null

2019-08-23 18:53:46 - [TEST_STEP][PASSED] - M4_spin_reels_symbols = symbol: null

2019-08-23 18:53:46 - [TEST_STEP][PASSED] - M4_spin_reels_symbols = M4_spin_reels_symbols: null

2019-08-23 18:53:46 - [TEST_STEP][PASSED] - M4_spin_reel_wins = reel_wins: null

2019-08-23 18:53:46 - [TEST_STEP][PASSED] - M4_spin_reel_wins = M4_spin_reel_wins: null

2019-08-23 18:53:46 - [TEST_STEP][PASSED] - println("GlobalVariable.M4_spin_reel_wins is: " + M4_spin_reel_wins): null

2019-08-23 18:53:46 - [TEST_STEP][PASSED] - M4_spin_total_bonus_win_this_round = total_bonus_win_this_round: null

2019-08-23 18:53:46 - [TEST_STEP][PASSED] - M4_spin_total_bonus_win_this_round = M4_spin_total_bonus_win_this_round: null

2019-08-23 18:53:46 - [TEST_STEP][PASSED] - println("GlobalVariable.M4_spin_total_bonus_win_this_round is: " + M4_spin_total_bonus_win_this_round): null

2019-08-23 18:53:46 - [TEST_STEP][PASSED] - M4_spin_bonus_spin_result = spin_result: null

2019-08-23 18:53:46 - [TEST_STEP][PASSED] - M4_spin_bonus_spin_result = M4_spin_bonus_spin_result: null

2019-08-23 18:53:46 - [MESSAGE][PASSED] - Verify response successfully

2019-08-23 18:53:46 - [MESSAGE][PASSED] - Send request and verify the response successfully

2019-08-23 18:53:46 - [TEST_STEP][PASSED] - if (free_spin_reel_counter[0] &gt;= 1 &amp;&amp; free_spin_reel_counter[1] &gt;= 1 &amp;&amp; free_spin_reel_counter[2] &gt;= 1): null

2019-08-23 18:53:46 - [TEST_STEP][PASSED] - spin_result = sendRequestAndVerify(findTestObject("INT/RGS(M4)/1_M4_spin", ["M4_login_user_id":M4_login_user_id, "rgs_session_token":rgs_session_token, "partner":Partner])): Send request and verify the response successfully

2019-08-23 18:53:49 - [MESSAGE][INFO] - HAR: /Users/eiralee/Katalon_Script/SuperWild/Reports/20190823_184757/INT/superWild_1/20190823_184757/requests/main/110.har

2019-08-23 18:53:49 - [TEST_CASE][PASSED] - Start Test Case : Verification: Verification accomplished successfully

2019-08-23 18:53:49 - [TEST_STEP][PASSED] - request = getInstance().getCurrentRequest(): null

2019-08-23 18:53:49 - [TEST_STEP][PASSED] - response = getInstance().getCurrentResponse(): null

2019-08-23 18:53:49 - [TEST_STEP][PASSED] - verifyResponseStatusCode(response, 200): Verify response status code successfully

2019-08-23 18:53:49 - [MESSAGE][PASSED] - Verify response status code successfully

2019-08-23 18:53:49 - [TEST_STEP][PASSED] - getStatusCode()).isEqualTo(200): null

2019-08-23 18:53:49 - [TEST_STEP][PASSED] - newline = System.getProperty("line.separator"): null

2019-08-23 18:53:49 - [TEST_STEP][PASSED] - M4_spin = new groovy.json.JsonSlurper(): null

2019-08-23 18:53:49 - [TEST_STEP][PASSED] - result_M4_spin = M4_spin.parseText(response.getResponseBodyContent()): null

2019-08-23 18:53:49 - [TEST_STEP][PASSED] - M4_spin_current_balance = current_balance: null

2019-08-23 18:53:49 - [TEST_STEP][PASSED] - M4_spin_current_balance = M4_spin_current_balance: null

2019-08-23 18:53:49 - [TEST_STEP][PASSED] - M4_spin_transaction_id = causality: null

2019-08-23 18:53:49 - [TEST_STEP][PASSED] - M4_spin_transaction_id = M4_spin_transaction_id: null

2019-08-23 18:53:49 - [TEST_STEP][PASSED] - M4_spin_round_id = round_id: null

2019-08-23 18:53:49 - [TEST_STEP][PASSED] - M4_spin_round_id = M4_spin_round_id: null

2019-08-23 18:53:49 - [TEST_STEP][PASSED] - M4_spin_line_wins = line_wins: null

2019-08-23 18:53:49 - [TEST_STEP][PASSED] - M4_spin_line_wins = M4_spin_line_wins: null

2019-08-23 18:53:49 - [TEST_STEP][PASSED] - M4_total_bonus_spins_int = total_bonus_spins: null

2019-08-23 18:53:49 - [TEST_STEP][PASSED] - println("******M4_total_bonus_spins type is:*******" + newline + getClass().getName()): null

2019-08-23 18:53:49 - [TEST_STEP][PASSED] - M4_total_bonus_spins_int = M4_total_bonus_spins_int: null

2019-08-23 18:53:49 - [TEST_STEP][PASSED] - M4_total_bonus_spins = Integer.toString(M4_total_bonus_spins_int): null

2019-08-23 18:53:49 - [TEST_STEP][PASSED] - M4_total_bonus_spins = M4_total_bonus_spins: null

2019-08-23 18:53:49 - [TEST_STEP][PASSED] - println("M4_total_bonus_spins is:" + M4_total_bonus_spins): null

2019-08-23 18:53:49 - [TEST_STEP][PASSED] - M4_spin_bonus_data = bonus_data: null

2019-08-23 18:53:49 - [TEST_STEP][PASSED] - M4_spin_features_triggered = result_M4_spin: null

2019-08-23 18:53:49 - [TEST_STEP][PASSED] - wild = []: null

2019-08-23 18:53:49 - [TEST_STEP][PASSED] - wild[0] = "WILD_Expanding": null

2019-08-23 18:53:49 - [TEST_STEP][PASSED] - wild[1] = "WILD_Normal": null

2019-08-23 18:53:49 - [TEST_STEP][PASSED] - wild[2] = "WILD_Double": null

2019-08-23 18:53:49 - [TEST_STEP][PASSED] - wild[3] = "WILD_ExtraFG": null

2019-08-23 18:53:49 - [TEST_STEP][PASSED] - wild[4] = "WILD_Triple": null

2019-08-23 18:53:49 - [TEST_STEP][PASSED] - wildList = Arrays.asList(wild): null

2019-08-23 18:53:49 - [TEST_STEP][PASSED] - wildList = wildList: null

2019-08-23 18:53:49 - [TEST_STEP][PASSED] - free_spin_reel_counter = []: null

2019-08-23 18:53:49 - [TEST_STEP][PASSED] - free_spin_reel_counter[0] = 0: null

2019-08-23 18:53:49 - [TEST_STEP][PASSED] - free_spin_reel_counter[1] = 0: null

2019-08-23 18:53:49 - [TEST_STEP][PASSED] - free_spin_reel_counter[2] = 0: null

2019-08-23 18:53:49 - [TEST_STEP][PASSED] - M4_spin_reels = reels: null

2019-08-23 18:53:49 - [TEST_STEP][PASSED] - for ([i = 0, i &lt; M4_spin_reels.size(), (i++)]): null

2019-08-23 18:53:49 - [TEST_STEP][PASSED] - symbols = symbols: null

2019-08-23 18:53:49 - [TEST_STEP][PASSED] - for ([j = 0, j &lt; symbols.size(), (j++)]): null

2019-08-23 18:53:49 - [TEST_STEP][PASSED] - symbol = symbol: null

2019-08-23 18:53:49 - [TEST_STEP][PASSED] - println(symbol): null

2019-08-23 18:53:49 - [TEST_STEP][PASSED] - if (i == 2 &amp;&amp; wildList.indexOf(symbol) != -1): null

2019-08-23 18:53:49 - [TEST_STEP][PASSED] - if (i == 3 &amp;&amp; wildList.indexOf(symbol) != -1): null

2019-08-23 18:53:49 - [TEST_STEP][PASSED] - if (i == 4 &amp;&amp; wildList.indexOf(symbol) != -1): null

2019-08-23 18:53:49 - [TEST_STEP][PASSED] - symbol = symbol: null

2019-08-23 18:53:49 - [TEST_STEP][PASSED] - println(symbol): null

2019-08-23 18:53:49 - [TEST_STEP][PASSED] - if (i == 2 &amp;&amp; wildList.indexOf(symbol) != -1): null

2019-08-23 18:53:49 - [TEST_STEP][PASSED] - if (i == 3 &amp;&amp; wildList.indexOf(symbol) != -1): null

2019-08-23 18:53:49 - [TEST_STEP][PASSED] - if (i == 4 &amp;&amp; wildList.indexOf(symbol) != -1): null

2019-08-23 18:53:49 - [TEST_STEP][PASSED] - symbol = symbol: null

2019-08-23 18:53:49 - [TEST_STEP][PASSED] - println(symbol): null

2019-08-23 18:53:49 - [TEST_STEP][PASSED] - if (i == 2 &amp;&amp; wildList.indexOf(symbol) != -1): null

2019-08-23 18:53:49 - [TEST_STEP][PASSED] - if (i == 3 &amp;&amp; wildList.indexOf(symbol) != -1): null

2019-08-23 18:53:49 - [TEST_STEP][PASSED] - if (i == 4 &amp;&amp; wildList.indexOf(symbol) != -1): null

2019-08-23 18:53:49 - [TEST_STEP][PASSED] - symbols = symbols: null

2019-08-23 18:53:49 - [TEST_STEP][PASSED] - for ([j = 0, j &lt; symbols.size(), (j++)]): null

2019-08-23 18:53:49 - [TEST_STEP][PASSED] - symbol = symbol: null

2019-08-23 18:53:49 - [TEST_STEP][PASSED] - println(symbol): null

2019-08-23 18:53:49 - [TEST_STEP][PASSED] - if (i == 2 &amp;&amp; wildList.indexOf(symbol) != -1): null

2019-08-23 18:53:49 - [TEST_STEP][PASSED] - if (i == 3 &amp;&amp; wildList.indexOf(symbol) != -1): null

2019-08-23 18:53:49 - [TEST_STEP][PASSED] - if (i == 4 &amp;&amp; wildList.indexOf(symbol) != -1): null

2019-08-23 18:53:49 - [TEST_STEP][PASSED] - symbol = symbol: null

2019-08-23 18:53:49 - [TEST_STEP][PASSED] - println(symbol): null

2019-08-23 18:53:49 - [TEST_STEP][PASSED] - if (i == 2 &amp;&amp; wildList.indexOf(symbol) != -1): null

2019-08-23 18:53:49 - [TEST_STEP][PASSED] - if (i == 3 &amp;&amp; wildList.indexOf(symbol) != -1): null

2019-08-23 18:53:49 - [TEST_STEP][PASSED] - if (i == 4 &amp;&amp; wildList.indexOf(symbol) != -1): null

2019-08-23 18:53:49 - [TEST_STEP][PASSED] - symbol = symbol: null

2019-08-23 18:53:49 - [TEST_STEP][PASSED] - println(symbol): null

2019-08-23 18:53:49 - [TEST_STEP][PASSED] - if (i == 2 &amp;&amp; wildList.indexOf(symbol) != -1): null

2019-08-23 18:53:49 - [TEST_STEP][PASSED] - if (i == 3 &amp;&amp; wildList.indexOf(symbol) != -1): null

2019-08-23 18:53:49 - [TEST_STEP][PASSED] - if (i == 4 &amp;&amp; wildList.indexOf(symbol) != -1): null

2019-08-23 18:53:49 - [TEST_STEP][PASSED] - symbols = symbols: null

2019-08-23 18:53:49 - [TEST_STEP][PASSED] - for ([j = 0, j &lt; symbols.size(), (j++)]): null

2019-08-23 18:53:49 - [TEST_STEP][PASSED] - symbol = symbol: null

2019-08-23 18:53:49 - [TEST_STEP][PASSED] - println(symbol): null

2019-08-23 18:53:49 - [TEST_STEP][PASSED] - if (i == 2 &amp;&amp; wildList.indexOf(symbol) != -1): null

2019-08-23 18:53:49 - [TEST_STEP][PASSED] - if (i == 3 &amp;&amp; wildList.indexOf(symbol) != -1): null

2019-08-23 18:53:49 - [TEST_STEP][PASSED] - if (i == 4 &amp;&amp; wildList.indexOf(symbol) != -1): null

2019-08-23 18:53:49 - [TEST_STEP][PASSED] - symbol = symbol: null

2019-08-23 18:53:49 - [TEST_STEP][PASSED] - println(symbol): null

2019-08-23 18:53:49 - [TEST_STEP][PASSED] - if (i == 2 &amp;&amp; wildList.indexOf(symbol) != -1): null

2019-08-23 18:53:49 - [TEST_STEP][PASSED] - if (i == 3 &amp;&amp; wildList.indexOf(symbol) != -1): null

2019-08-23 18:53:49 - [TEST_STEP][PASSED] - if (i == 4 &amp;&amp; wildList.indexOf(symbol) != -1): null

2019-08-23 18:53:49 - [TEST_STEP][PASSED] - symbol = symbol: null

2019-08-23 18:53:49 - [TEST_STEP][PASSED] - println(symbol): null

2019-08-23 18:53:49 - [TEST_STEP][PASSED] - if (i == 2 &amp;&amp; wildList.indexOf(symbol) != -1): null

2019-08-23 18:53:49 - [TEST_STEP][PASSED] - println("wild found on reel 3, adding counter by 1"): null

2019-08-23 18:53:49 - [TEST_STEP][PASSED] - free_spin_reel_counter[0] = free_spin_reel_counter[0] + 1: null

2019-08-23 18:53:49 - [TEST_STEP][PASSED] - if (i == 3 &amp;&amp; wildList.indexOf(symbol) != -1): null

2019-08-23 18:53:49 - [TEST_STEP][PASSED] - if (i == 4 &amp;&amp; wildList.indexOf(symbol) != -1): null

2019-08-23 18:53:49 - [TEST_STEP][PASSED] - symbols = symbols: null

2019-08-23 18:53:49 - [TEST_STEP][PASSED] - for ([j = 0, j &lt; symbols.size(), (j++)]): null

2019-08-23 18:53:49 - [TEST_STEP][PASSED] - symbol = symbol: null

2019-08-23 18:53:49 - [TEST_STEP][PASSED] - println(symbol): null

2019-08-23 18:53:49 - [TEST_STEP][PASSED] - if (i == 2 &amp;&amp; wildList.indexOf(symbol) != -1): null

2019-08-23 18:53:49 - [TEST_STEP][PASSED] - if (i == 3 &amp;&amp; wildList.indexOf(symbol) != -1): null

2019-08-23 18:53:49 - [TEST_STEP][PASSED] - if (i == 4 &amp;&amp; wildList.indexOf(symbol) != -1): null

2019-08-23 18:53:49 - [TEST_STEP][PASSED] - symbol = symbol: null

2019-08-23 18:53:49 - [TEST_STEP][PASSED] - println(symbol): null

2019-08-23 18:53:49 - [TEST_STEP][PASSED] - if (i == 2 &amp;&amp; wildList.indexOf(symbol) != -1): null

2019-08-23 18:53:49 - [TEST_STEP][PASSED] - if (i == 3 &amp;&amp; wildList.indexOf(symbol) != -1): null

2019-08-23 18:53:49 - [TEST_STEP][PASSED] - if (i == 4 &amp;&amp; wildList.indexOf(symbol) != -1): null

2019-08-23 18:53:49 - [TEST_STEP][PASSED] - symbol = symbol: null

2019-08-23 18:53:49 - [TEST_STEP][PASSED] - println(symbol): null

2019-08-23 18:53:49 - [TEST_STEP][PASSED] - if (i == 2 &amp;&amp; wildList.indexOf(symbol) != -1): null

2019-08-23 18:53:49 - [TEST_STEP][PASSED] - if (i == 3 &amp;&amp; wildList.indexOf(symbol) != -1): null

2019-08-23 18:53:49 - [TEST_STEP][PASSED] - if (i == 4 &amp;&amp; wildList.indexOf(symbol) != -1): null

2019-08-23 18:53:49 - [TEST_STEP][PASSED] - symbols = symbols: null

2019-08-23 18:53:49 - [TEST_STEP][PASSED] - for ([j = 0, j &lt; symbols.size(), (j++)]): null

2019-08-23 18:53:49 - [TEST_STEP][PASSED] - symbol = symbol: null

2019-08-23 18:53:49 - [TEST_STEP][PASSED] - println(symbol): null

2019-08-23 18:53:49 - [TEST_STEP][PASSED] - if (i == 2 &amp;&amp; wildList.indexOf(symbol) != -1): null

2019-08-23 18:53:49 - [TEST_STEP][PASSED] - if (i == 3 &amp;&amp; wildList.indexOf(symbol) != -1): null

2019-08-23 18:53:49 - [TEST_STEP][PASSED] - if (i == 4 &amp;&amp; wildList.indexOf(symbol) != -1): null

2019-08-23 18:53:49 - [TEST_STEP][PASSED] - symbol = symbol: null

2019-08-23 18:53:49 - [TEST_STEP][PASSED] - println(symbol): null

2019-08-23 18:53:49 - [TEST_STEP][PASSED] - if (i == 2 &amp;&amp; wildList.indexOf(symbol) != -1): null

2019-08-23 18:53:49 - [TEST_STEP][PASSED] - if (i == 3 &amp;&amp; wildList.indexOf(symbol) != -1): null

2019-08-23 18:53:49 - [TEST_STEP][PASSED] - if (i == 4 &amp;&amp; wildList.indexOf(symbol) != -1): null

2019-08-23 18:53:49 - [TEST_STEP][PASSED] - symbol = symbol: null

2019-08-23 18:53:49 - [TEST_STEP][PASSED] - println(symbol): null

2019-08-23 18:53:49 - [TEST_STEP][PASSED] - if (i == 2 &amp;&amp; wildList.indexOf(symbol) != -1): null

2019-08-23 18:53:49 - [TEST_STEP][PASSED] - if (i == 3 &amp;&amp; wildList.indexOf(symbol) != -1): null

2019-08-23 18:53:49 - [TEST_STEP][PASSED] - if (i == 4 &amp;&amp; wildList.indexOf(symbol) != -1): null

2019-08-23 18:53:49 - [TEST_STEP][PASSED] - free_spin_reel_counter = free_spin_reel_counter: null

2019-08-23 18:53:49 - [TEST_STEP][PASSED] - println("reel 3 wild found: " + free_spin_reel_counter[0]): null

2019-08-23 18:53:49 - [TEST_STEP][PASSED] - println("reel 4 wild found: " + free_spin_reel_counter[1]): null

2019-08-23 18:53:49 - [TEST_STEP][PASSED] - println("reel 5 wild found: " + free_spin_reel_counter[2]): null

2019-08-23 18:53:49 - [TEST_STEP][PASSED] - M4_spin_reels = M4_spin_reels: null

2019-08-23 18:53:49 - [TEST_STEP][PASSED] - M4_spin_reels_symbols = symbol: null

2019-08-23 18:53:49 - [TEST_STEP][PASSED] - M4_spin_reels_symbols = M4_spin_reels_symbols: null

2019-08-23 18:53:49 - [TEST_STEP][PASSED] - M4_spin_reel_wins = reel_wins: null

2019-08-23 18:53:49 - [TEST_STEP][PASSED] - M4_spin_reel_wins = M4_spin_reel_wins: null

2019-08-23 18:53:49 - [TEST_STEP][PASSED] - println("GlobalVariable.M4_spin_reel_wins is: " + M4_spin_reel_wins): null

2019-08-23 18:53:49 - [TEST_STEP][PASSED] - M4_spin_total_bonus_win_this_round = total_bonus_win_this_round: null

2019-08-23 18:53:49 - [TEST_STEP][PASSED] - M4_spin_total_bonus_win_this_round = M4_spin_total_bonus_win_this_round: null

2019-08-23 18:53:49 - [TEST_STEP][PASSED] - println("GlobalVariable.M4_spin_total_bonus_win_this_round is: " + M4_spin_total_bonus_win_this_round): null

2019-08-23 18:53:49 - [TEST_STEP][PASSED] - M4_spin_bonus_spin_result = spin_result: null

2019-08-23 18:53:49 - [TEST_STEP][PASSED] - M4_spin_bonus_spin_result = M4_spin_bonus_spin_result: null

2019-08-23 18:53:49 - [MESSAGE][PASSED] - Verify response successfully

2019-08-23 18:53:49 - [MESSAGE][PASSED] - Send request and verify the response successfully

2019-08-23 18:53:49 - [TEST_STEP][PASSED] - if (free_spin_reel_counter[0] &gt;= 1 &amp;&amp; free_spin_reel_counter[1] &gt;= 1 &amp;&amp; free_spin_reel_counter[2] &gt;= 1): null

2019-08-23 18:53:49 - [TEST_STEP][PASSED] - spin_result = sendRequestAndVerify(findTestObject("INT/RGS(M4)/1_M4_spin", ["M4_login_user_id":M4_login_user_id, "rgs_session_token":rgs_session_token, "partner":Partner])): Send request and verify the response successfully

2019-08-23 18:53:49 - [MESSAGE][INFO] - HAR: /Users/eiralee/Katalon_Script/SuperWild/Reports/20190823_184757/INT/superWild_1/20190823_184757/requests/main/111.har

2019-08-23 18:53:49 - [TEST_CASE][PASSED] - Start Test Case : Verification: Verification accomplished successfully

2019-08-23 18:53:49 - [TEST_STEP][PASSED] - request = getInstance().getCurrentRequest(): null

2019-08-23 18:53:49 - [TEST_STEP][PASSED] - response = getInstance().getCurrentResponse(): null

2019-08-23 18:53:49 - [TEST_STEP][PASSED] - verifyResponseStatusCode(response, 200): Verify response status code successfully

2019-08-23 18:53:49 - [MESSAGE][PASSED] - Verify response status code successfully

2019-08-23 18:53:49 - [TEST_STEP][PASSED] - getStatusCode()).isEqualTo(200): null

2019-08-23 18:53:49 - [TEST_STEP][PASSED] - newline = System.getProperty("line.separator"): null

2019-08-23 18:53:49 - [TEST_STEP][PASSED] - M4_spin = new groovy.json.JsonSlurper(): null

2019-08-23 18:53:49 - [TEST_STEP][PASSED] - result_M4_spin = M4_spin.parseText(response.getResponseBodyContent()): null

2019-08-23 18:53:49 - [TEST_STEP][PASSED] - M4_spin_current_balance = current_balance: null

2019-08-23 18:53:49 - [TEST_STEP][PASSED] - M4_spin_current_balance = M4_spin_current_balance: null

2019-08-23 18:53:49 - [TEST_STEP][PASSED] - M4_spin_transaction_id = causality: null

2019-08-23 18:53:49 - [TEST_STEP][PASSED] - M4_spin_transaction_id = M4_spin_transaction_id: null

2019-08-23 18:53:49 - [TEST_STEP][PASSED] - M4_spin_round_id = round_id: null

2019-08-23 18:53:49 - [TEST_STEP][PASSED] - M4_spin_round_id = M4_spin_round_id: null

2019-08-23 18:53:49 - [TEST_STEP][PASSED] - M4_spin_line_wins = line_wins: null

2019-08-23 18:53:49 - [TEST_STEP][PASSED] - M4_spin_line_wins = M4_spin_line_wins: null

2019-08-23 18:53:49 - [TEST_STEP][PASSED] - M4_total_bonus_spins_int = total_bonus_spins: null

2019-08-23 18:53:49 - [TEST_STEP][PASSED] - println("******M4_total_bonus_spins type is:*******" + newline + getClass().getName()): null

2019-08-23 18:53:49 - [TEST_STEP][PASSED] - M4_total_bonus_spins_int = M4_total_bonus_spins_int: null

2019-08-23 18:53:49 - [TEST_STEP][PASSED] - M4_total_bonus_spins = Integer.toString(M4_total_bonus_spins_int): null

2019-08-23 18:53:49 - [TEST_STEP][PASSED] - M4_total_bonus_spins = M4_total_bonus_spins: null

2019-08-23 18:53:49 - [TEST_STEP][PASSED] - println("M4_total_bonus_spins is:" + M4_total_bonus_spins): null

2019-08-23 18:53:49 - [TEST_STEP][PASSED] - M4_spin_bonus_data = bonus_data: null

2019-08-23 18:53:49 - [TEST_STEP][PASSED] - M4_spin_features_triggered = result_M4_spin: null

2019-08-23 18:53:49 - [TEST_STEP][PASSED] - wild = []: null

2019-08-23 18:53:49 - [TEST_STEP][PASSED] - wild[0] = "WILD_Expanding": null

2019-08-23 18:53:49 - [TEST_STEP][PASSED] - wild[1] = "WILD_Normal": null

2019-08-23 18:53:49 - [TEST_STEP][PASSED] - wild[2] = "WILD_Double": null

2019-08-23 18:53:49 - [TEST_STEP][PASSED] - wild[3] = "WILD_ExtraFG": null

2019-08-23 18:53:49 - [TEST_STEP][PASSED] - wild[4] = "WILD_Triple": null

2019-08-23 18:53:49 - [TEST_STEP][PASSED] - wildList = Arrays.asList(wild): null

2019-08-23 18:53:49 - [TEST_STEP][PASSED] - wildList = wildList: null

2019-08-23 18:53:49 - [TEST_STEP][PASSED] - free_spin_reel_counter = []: null

2019-08-23 18:53:49 - [TEST_STEP][PASSED] - free_spin_reel_counter[0] = 0: null

2019-08-23 18:53:49 - [TEST_STEP][PASSED] - free_spin_reel_counter[1] = 0: null

2019-08-23 18:53:49 - [TEST_STEP][PASSED] - free_spin_reel_counter[2] = 0: null

2019-08-23 18:53:49 - [TEST_STEP][PASSED] - M4_spin_reels = reels: null

2019-08-23 18:53:49 - [TEST_STEP][PASSED] - for ([i = 0, i &lt; M4_spin_reels.size(), (i++)]): null

2019-08-23 18:53:49 - [TEST_STEP][PASSED] - symbols = symbols: null

2019-08-23 18:53:49 - [TEST_STEP][PASSED] - for ([j = 0, j &lt; symbols.size(), (j++)]): null

2019-08-23 18:53:49 - [TEST_STEP][PASSED] - symbol = symbol: null

2019-08-23 18:53:49 - [TEST_STEP][PASSED] - println(symbol): null

2019-08-23 18:53:49 - [TEST_STEP][PASSED] - if (i == 2 &amp;&amp; wildList.indexOf(symbol) != -1): null

2019-08-23 18:53:49 - [TEST_STEP][PASSED] - if (i == 3 &amp;&amp; wildList.indexOf(symbol) != -1): null

2019-08-23 18:53:49 - [TEST_STEP][PASSED] - if (i == 4 &amp;&amp; wildList.indexOf(symbol) != -1): null

2019-08-23 18:53:49 - [TEST_STEP][PASSED] - symbol = symbol: null

2019-08-23 18:53:49 - [TEST_STEP][PASSED] - println(symbol): null

2019-08-23 18:53:49 - [TEST_STEP][PASSED] - if (i == 2 &amp;&amp; wildList.indexOf(symbol) != -1): null

2019-08-23 18:53:49 - [TEST_STEP][PASSED] - if (i == 3 &amp;&amp; wildList.indexOf(symbol) != -1): null

2019-08-23 18:53:49 - [TEST_STEP][PASSED] - if (i == 4 &amp;&amp; wildList.indexOf(symbol) != -1): null

2019-08-23 18:53:49 - [TEST_STEP][PASSED] - symbol = symbol: null

2019-08-23 18:53:49 - [TEST_STEP][PASSED] - println(symbol): null

2019-08-23 18:53:49 - [TEST_STEP][PASSED] - if (i == 2 &amp;&amp; wildList.indexOf(symbol) != -1): null

2019-08-23 18:53:49 - [TEST_STEP][PASSED] - if (i == 3 &amp;&amp; wildList.indexOf(symbol) != -1): null

2019-08-23 18:53:49 - [TEST_STEP][PASSED] - if (i == 4 &amp;&amp; wildList.indexOf(symbol) != -1): null

2019-08-23 18:53:49 - [TEST_STEP][PASSED] - symbols = symbols: null

2019-08-23 18:53:49 - [TEST_STEP][PASSED] - for ([j = 0, j &lt; symbols.size(), (j++)]): null

2019-08-23 18:53:49 - [TEST_STEP][PASSED] - symbol = symbol: null

2019-08-23 18:53:49 - [TEST_STEP][PASSED] - println(symbol): null

2019-08-23 18:53:49 - [TEST_STEP][PASSED] - if (i == 2 &amp;&amp; wildList.indexOf(symbol) != -1): null

2019-08-23 18:53:49 - [TEST_STEP][PASSED] - if (i == 3 &amp;&amp; wildList.indexOf(symbol) != -1): null

2019-08-23 18:53:49 - [TEST_STEP][PASSED] - if (i == 4 &amp;&amp; wildList.indexOf(symbol) != -1): null

2019-08-23 18:53:49 - [TEST_STEP][PASSED] - symbol = symbol: null

2019-08-23 18:53:49 - [TEST_STEP][PASSED] - println(symbol): null

2019-08-23 18:53:49 - [TEST_STEP][PASSED] - if (i == 2 &amp;&amp; wildList.indexOf(symbol) != -1): null

2019-08-23 18:53:49 - [TEST_STEP][PASSED] - if (i == 3 &amp;&amp; wildList.indexOf(symbol) != -1): null

2019-08-23 18:53:49 - [TEST_STEP][PASSED] - if (i == 4 &amp;&amp; wildList.indexOf(symbol) != -1): null

2019-08-23 18:53:49 - [TEST_STEP][PASSED] - symbol = symbol: null

2019-08-23 18:53:49 - [TEST_STEP][PASSED] - println(symbol): null

2019-08-23 18:53:49 - [TEST_STEP][PASSED] - if (i == 2 &amp;&amp; wildList.indexOf(symbol) != -1): null

2019-08-23 18:53:49 - [TEST_STEP][PASSED] - if (i == 3 &amp;&amp; wildList.indexOf(symbol) != -1): null

2019-08-23 18:53:49 - [TEST_STEP][PASSED] - if (i == 4 &amp;&amp; wildList.indexOf(symbol) != -1): null

2019-08-23 18:53:49 - [TEST_STEP][PASSED] - symbols = symbols: null

2019-08-23 18:53:49 - [TEST_STEP][PASSED] - for ([j = 0, j &lt; symbols.size(), (j++)]): null

2019-08-23 18:53:49 - [TEST_STEP][PASSED] - symbol = symbol: null

2019-08-23 18:53:49 - [TEST_STEP][PASSED] - println(symbol): null

2019-08-23 18:53:49 - [TEST_STEP][PASSED] - if (i == 2 &amp;&amp; wildList.indexOf(symbol) != -1): null

2019-08-23 18:53:49 - [TEST_STEP][PASSED] - if (i == 3 &amp;&amp; wildList.indexOf(symbol) != -1): null

2019-08-23 18:53:49 - [TEST_STEP][PASSED] - if (i == 4 &amp;&amp; wildList.indexOf(symbol) != -1): null

2019-08-23 18:53:49 - [TEST_STEP][PASSED] - symbol = symbol: null

2019-08-23 18:53:49 - [TEST_STEP][PASSED] - println(symbol): null

2019-08-23 18:53:49 - [TEST_STEP][PASSED] - if (i == 2 &amp;&amp; wildList.indexOf(symbol) != -1): null

2019-08-23 18:53:49 - [TEST_STEP][PASSED] - if (i == 3 &amp;&amp; wildList.indexOf(symbol) != -1): null

2019-08-23 18:53:49 - [TEST_STEP][PASSED] - if (i == 4 &amp;&amp; wildList.indexOf(symbol) != -1): null

2019-08-23 18:53:49 - [TEST_STEP][PASSED] - symbol = symbol: null

2019-08-23 18:53:49 - [TEST_STEP][PASSED] - println(symbol): null

2019-08-23 18:53:49 - [TEST_STEP][PASSED] - if (i == 2 &amp;&amp; wildList.indexOf(symbol) != -1): null

2019-08-23 18:53:49 - [TEST_STEP][PASSED] - if (i == 3 &amp;&amp; wildList.indexOf(symbol) != -1): null

2019-08-23 18:53:49 - [TEST_STEP][PASSED] - if (i == 4 &amp;&amp; wildList.indexOf(symbol) != -1): null

2019-08-23 18:53:49 - [TEST_STEP][PASSED] - symbols = symbols: null

2019-08-23 18:53:49 - [TEST_STEP][PASSED] - for ([j = 0, j &lt; symbols.size(), (j++)]): null

2019-08-23 18:53:49 - [TEST_STEP][PASSED] - symbol = symbol: null

2019-08-23 18:53:49 - [TEST_STEP][PASSED] - println(symbol): null

2019-08-23 18:53:49 - [TEST_STEP][PASSED] - if (i == 2 &amp;&amp; wildList.indexOf(symbol) != -1): null

2019-08-23 18:53:49 - [TEST_STEP][PASSED] - if (i == 3 &amp;&amp; wildList.indexOf(symbol) != -1): null

2019-08-23 18:53:49 - [TEST_STEP][PASSED] - if (i == 4 &amp;&amp; wildList.indexOf(symbol) != -1): null

2019-08-23 18:53:49 - [TEST_STEP][PASSED] - symbol = symbol: null

2019-08-23 18:53:49 - [TEST_STEP][PASSED] - println(symbol): null

2019-08-23 18:53:49 - [TEST_STEP][PASSED] - if (i == 2 &amp;&amp; wildList.indexOf(symbol) != -1): null

2019-08-23 18:53:49 - [TEST_STEP][PASSED] - if (i == 3 &amp;&amp; wildList.indexOf(symbol) != -1): null

2019-08-23 18:53:49 - [TEST_STEP][PASSED] - if (i == 4 &amp;&amp; wildList.indexOf(symbol) != -1): null

2019-08-23 18:53:49 - [TEST_STEP][PASSED] - symbol = symbol: null

2019-08-23 18:53:49 - [TEST_STEP][PASSED] - println(symbol): null

2019-08-23 18:53:49 - [TEST_STEP][PASSED] - if (i == 2 &amp;&amp; wildList.indexOf(symbol) != -1): null

2019-08-23 18:53:49 - [TEST_STEP][PASSED] - if (i == 3 &amp;&amp; wildList.indexOf(symbol) != -1): null

2019-08-23 18:53:49 - [TEST_STEP][PASSED] - if (i == 4 &amp;&amp; wildList.indexOf(symbol) != -1): null

2019-08-23 18:53:49 - [TEST_STEP][PASSED] - symbols = symbols: null

2019-08-23 18:53:49 - [TEST_STEP][PASSED] - for ([j = 0, j &lt; symbols.size(), (j++)]): null

2019-08-23 18:53:49 - [TEST_STEP][PASSED] - symbol = symbol: null

2019-08-23 18:53:49 - [TEST_STEP][PASSED] - println(symbol): null

2019-08-23 18:53:49 - [TEST_STEP][PASSED] - if (i == 2 &amp;&amp; wildList.indexOf(symbol) != -1): null

2019-08-23 18:53:49 - [TEST_STEP][PASSED] - if (i == 3 &amp;&amp; wildList.indexOf(symbol) != -1): null

2019-08-23 18:53:49 - [TEST_STEP][PASSED] - if (i == 4 &amp;&amp; wildList.indexOf(symbol) != -1): null

2019-08-23 18:53:49 - [TEST_STEP][PASSED] - symbol = symbol: null

2019-08-23 18:53:49 - [TEST_STEP][PASSED] - println(symbol): null

2019-08-23 18:53:49 - [TEST_STEP][PASSED] - if (i == 2 &amp;&amp; wildList.indexOf(symbol) != -1): null

2019-08-23 18:53:49 - [TEST_STEP][PASSED] - if (i == 3 &amp;&amp; wildList.indexOf(symbol) != -1): null

2019-08-23 18:53:49 - [TEST_STEP][PASSED] - if (i == 4 &amp;&amp; wildList.indexOf(symbol) != -1): null

2019-08-23 18:53:49 - [TEST_STEP][PASSED] - symbol = symbol: null

2019-08-23 18:53:49 - [TEST_STEP][PASSED] - println(symbol): null

2019-08-23 18:53:49 - [TEST_STEP][PASSED] - if (i == 2 &amp;&amp; wildList.indexOf(symbol) != -1): null

2019-08-23 18:53:49 - [TEST_STEP][PASSED] - if (i == 3 &amp;&amp; wildList.indexOf(symbol) != -1): null

2019-08-23 18:53:49 - [TEST_STEP][PASSED] - if (i == 4 &amp;&amp; wildList.indexOf(symbol) != -1): null

2019-08-23 18:53:49 - [TEST_STEP][PASSED] - free_spin_reel_counter = free_spin_reel_counter: null

2019-08-23 18:53:49 - [TEST_STEP][PASSED] - println("reel 3 wild found: " + free_spin_reel_counter[0]): null

2019-08-23 18:53:49 - [TEST_STEP][PASSED] - println("reel 4 wild found: " + free_spin_reel_counter[1]): null

2019-08-23 18:53:49 - [TEST_STEP][PASSED] - println("reel 5 wild found: " + free_spin_reel_counter[2]): null

2019-08-23 18:53:49 - [TEST_STEP][PASSED] - M4_spin_reels = M4_spin_reels: null

2019-08-23 18:53:49 - [TEST_STEP][PASSED] - M4_spin_reels_symbols = symbol: null

2019-08-23 18:53:49 - [TEST_STEP][PASSED] - M4_spin_reels_symbols = M4_spin_reels_symbols: null

2019-08-23 18:53:49 - [TEST_STEP][PASSED] - M4_spin_reel_wins = reel_wins: null

2019-08-23 18:53:49 - [TEST_STEP][PASSED] - M4_spin_reel_wins = M4_spin_reel_wins: null

2019-08-23 18:53:49 - [TEST_STEP][PASSED] - println("GlobalVariable.M4_spin_reel_wins is: " + M4_spin_reel_wins): null

2019-08-23 18:53:49 - [TEST_STEP][PASSED] - M4_spin_total_bonus_win_this_round = total_bonus_win_this_round: null

2019-08-23 18:53:49 - [TEST_STEP][PASSED] - M4_spin_total_bonus_win_this_round = M4_spin_total_bonus_win_this_round: null

2019-08-23 18:53:49 - [TEST_STEP][PASSED] - println("GlobalVariable.M4_spin_total_bonus_win_this_round is: " + M4_spin_total_bonus_win_this_round): null

2019-08-23 18:53:49 - [TEST_STEP][PASSED] - M4_spin_bonus_spin_result = spin_result: null

2019-08-23 18:53:49 - [TEST_STEP][PASSED] - M4_spin_bonus_spin_result = M4_spin_bonus_spin_result: null

2019-08-23 18:53:49 - [MESSAGE][PASSED] - Verify response successfully

2019-08-23 18:53:49 - [MESSAGE][PASSED] - Send request and verify the response successfully

2019-08-23 18:53:49 - [TEST_STEP][PASSED] - if (free_spin_reel_counter[0] &gt;= 1 &amp;&amp; free_spin_reel_counter[1] &gt;= 1 &amp;&amp; free_spin_reel_counter[2] &gt;= 1): null

2019-08-23 18:53:49 - [TEST_STEP][PASSED] - spin_result = sendRequestAndVerify(findTestObject("INT/RGS(M4)/1_M4_spin", ["M4_login_user_id":M4_login_user_id, "rgs_session_token":rgs_session_token, "partner":Partner])): Send request and verify the response successfully

2019-08-23 18:53:50 - [MESSAGE][INFO] - HAR: /Users/eiralee/Katalon_Script/SuperWild/Reports/20190823_184757/INT/superWild_1/20190823_184757/requests/main/112.har

2019-08-23 18:53:50 - [TEST_CASE][PASSED] - Start Test Case : Verification: Verification accomplished successfully

2019-08-23 18:53:50 - [TEST_STEP][PASSED] - request = getInstance().getCurrentRequest(): null

2019-08-23 18:53:50 - [TEST_STEP][PASSED] - response = getInstance().getCurrentResponse(): null

2019-08-23 18:53:50 - [TEST_STEP][PASSED] - verifyResponseStatusCode(response, 200): Verify response status code successfully

2019-08-23 18:53:50 - [MESSAGE][PASSED] - Verify response status code successfully

2019-08-23 18:53:50 - [TEST_STEP][PASSED] - getStatusCode()).isEqualTo(200): null

2019-08-23 18:53:50 - [TEST_STEP][PASSED] - newline = System.getProperty("line.separator"): null

2019-08-23 18:53:50 - [TEST_STEP][PASSED] - M4_spin = new groovy.json.JsonSlurper(): null

2019-08-23 18:53:50 - [TEST_STEP][PASSED] - result_M4_spin = M4_spin.parseText(response.getResponseBodyContent()): null

2019-08-23 18:53:50 - [TEST_STEP][PASSED] - M4_spin_current_balance = current_balance: null

2019-08-23 18:53:50 - [TEST_STEP][PASSED] - M4_spin_current_balance = M4_spin_current_balance: null

2019-08-23 18:53:50 - [TEST_STEP][PASSED] - M4_spin_transaction_id = causality: null

2019-08-23 18:53:50 - [TEST_STEP][PASSED] - M4_spin_transaction_id = M4_spin_transaction_id: null

2019-08-23 18:53:50 - [TEST_STEP][PASSED] - M4_spin_round_id = round_id: null

2019-08-23 18:53:50 - [TEST_STEP][PASSED] - M4_spin_round_id = M4_spin_round_id: null

2019-08-23 18:53:50 - [TEST_STEP][PASSED] - M4_spin_line_wins = line_wins: null

2019-08-23 18:53:50 - [TEST_STEP][PASSED] - M4_spin_line_wins = M4_spin_line_wins: null

2019-08-23 18:53:50 - [TEST_STEP][PASSED] - M4_total_bonus_spins_int = total_bonus_spins: null

2019-08-23 18:53:50 - [TEST_STEP][PASSED] - println("******M4_total_bonus_spins type is:*******" + newline + getClass().getName()): null

2019-08-23 18:53:50 - [TEST_STEP][PASSED] - M4_total_bonus_spins_int = M4_total_bonus_spins_int: null

2019-08-23 18:53:50 - [TEST_STEP][PASSED] - M4_total_bonus_spins = Integer.toString(M4_total_bonus_spins_int): null

2019-08-23 18:53:50 - [TEST_STEP][PASSED] - M4_total_bonus_spins = M4_total_bonus_spins: null

2019-08-23 18:53:50 - [TEST_STEP][PASSED] - println("M4_total_bonus_spins is:" + M4_total_bonus_spins): null

2019-08-23 18:53:50 - [TEST_STEP][PASSED] - M4_spin_bonus_data = bonus_data: null

2019-08-23 18:53:50 - [TEST_STEP][PASSED] - M4_spin_features_triggered = result_M4_spin: null

2019-08-23 18:53:50 - [TEST_STEP][PASSED] - wild = []: null

2019-08-23 18:53:50 - [TEST_STEP][PASSED] - wild[0] = "WILD_Expanding": null

2019-08-23 18:53:50 - [TEST_STEP][PASSED] - wild[1] = "WILD_Normal": null

2019-08-23 18:53:50 - [TEST_STEP][PASSED] - wild[2] = "WILD_Double": null

2019-08-23 18:53:50 - [TEST_STEP][PASSED] - wild[3] = "WILD_ExtraFG": null

2019-08-23 18:53:50 - [TEST_STEP][PASSED] - wild[4] = "WILD_Triple": null

2019-08-23 18:53:50 - [TEST_STEP][PASSED] - wildList = Arrays.asList(wild): null

2019-08-23 18:53:50 - [TEST_STEP][PASSED] - wildList = wildList: null

2019-08-23 18:53:50 - [TEST_STEP][PASSED] - free_spin_reel_counter = []: null

2019-08-23 18:53:51 - [TEST_STEP][PASSED] - free_spin_reel_counter[0] = 0: null

2019-08-23 18:53:51 - [TEST_STEP][PASSED] - free_spin_reel_counter[1] = 0: null

2019-08-23 18:53:51 - [TEST_STEP][PASSED] - free_spin_reel_counter[2] = 0: null

2019-08-23 18:53:51 - [TEST_STEP][PASSED] - M4_spin_reels = reels: null

2019-08-23 18:53:51 - [TEST_STEP][PASSED] - for ([i = 0, i &lt; M4_spin_reels.size(), (i++)]): null

2019-08-23 18:53:51 - [TEST_STEP][PASSED] - symbols = symbols: null

2019-08-23 18:53:51 - [TEST_STEP][PASSED] - for ([j = 0, j &lt; symbols.size(), (j++)]): null

2019-08-23 18:53:51 - [TEST_STEP][PASSED] - symbol = symbol: null

2019-08-23 18:53:51 - [TEST_STEP][PASSED] - println(symbol): null

2019-08-23 18:53:51 - [TEST_STEP][PASSED] - if (i == 2 &amp;&amp; wildList.indexOf(symbol) != -1): null

2019-08-23 18:53:51 - [TEST_STEP][PASSED] - if (i == 3 &amp;&amp; wildList.indexOf(symbol) != -1): null

2019-08-23 18:53:51 - [TEST_STEP][PASSED] - if (i == 4 &amp;&amp; wildList.indexOf(symbol) != -1): null

2019-08-23 18:53:51 - [TEST_STEP][PASSED] - symbol = symbol: null

2019-08-23 18:53:51 - [TEST_STEP][PASSED] - println(symbol): null

2019-08-23 18:53:51 - [TEST_STEP][PASSED] - if (i == 2 &amp;&amp; wildList.indexOf(symbol) != -1): null

2019-08-23 18:53:51 - [TEST_STEP][PASSED] - if (i == 3 &amp;&amp; wildList.indexOf(symbol) != -1): null

2019-08-23 18:53:51 - [TEST_STEP][PASSED] - if (i == 4 &amp;&amp; wildList.indexOf(symbol) != -1): null

2019-08-23 18:53:51 - [TEST_STEP][PASSED] - symbol = symbol: null

2019-08-23 18:53:51 - [TEST_STEP][PASSED] - println(symbol): null

2019-08-23 18:53:51 - [TEST_STEP][PASSED] - if (i == 2 &amp;&amp; wildList.indexOf(symbol) != -1): null

2019-08-23 18:53:51 - [TEST_STEP][PASSED] - if (i == 3 &amp;&amp; wildList.indexOf(symbol) != -1): null

2019-08-23 18:53:51 - [TEST_STEP][PASSED] - if (i == 4 &amp;&amp; wildList.indexOf(symbol) != -1): null

2019-08-23 18:53:51 - [TEST_STEP][PASSED] - symbols = symbols: null

2019-08-23 18:53:51 - [TEST_STEP][PASSED] - for ([j = 0, j &lt; symbols.size(), (j++)]): null

2019-08-23 18:53:51 - [TEST_STEP][PASSED] - symbol = symbol: null

2019-08-23 18:53:51 - [TEST_STEP][PASSED] - println(symbol): null

2019-08-23 18:53:51 - [TEST_STEP][PASSED] - if (i == 2 &amp;&amp; wildList.indexOf(symbol) != -1): null

2019-08-23 18:53:51 - [TEST_STEP][PASSED] - if (i == 3 &amp;&amp; wildList.indexOf(symbol) != -1): null

2019-08-23 18:53:51 - [TEST_STEP][PASSED] - if (i == 4 &amp;&amp; wildList.indexOf(symbol) != -1): null

2019-08-23 18:53:51 - [TEST_STEP][PASSED] - symbol = symbol: null

2019-08-23 18:53:51 - [TEST_STEP][PASSED] - println(symbol): null

2019-08-23 18:53:51 - [TEST_STEP][PASSED] - if (i == 2 &amp;&amp; wildList.indexOf(symbol) != -1): null

2019-08-23 18:53:51 - [TEST_STEP][PASSED] - if (i == 3 &amp;&amp; wildList.indexOf(symbol) != -1): null

2019-08-23 18:53:51 - [TEST_STEP][PASSED] - if (i == 4 &amp;&amp; wildList.indexOf(symbol) != -1): null

2019-08-23 18:53:51 - [TEST_STEP][PASSED] - symbol = symbol: null

2019-08-23 18:53:51 - [TEST_STEP][PASSED] - println(symbol): null

2019-08-23 18:53:51 - [TEST_STEP][PASSED] - if (i == 2 &amp;&amp; wildList.indexOf(symbol) != -1): null

2019-08-23 18:53:51 - [TEST_STEP][PASSED] - if (i == 3 &amp;&amp; wildList.indexOf(symbol) != -1): null

2019-08-23 18:53:51 - [TEST_STEP][PASSED] - if (i == 4 &amp;&amp; wildList.indexOf(symbol) != -1): null

2019-08-23 18:53:51 - [TEST_STEP][PASSED] - symbols = symbols: null

2019-08-23 18:53:51 - [TEST_STEP][PASSED] - for ([j = 0, j &lt; symbols.size(), (j++)]): null

2019-08-23 18:53:51 - [TEST_STEP][PASSED] - symbol = symbol: null

2019-08-23 18:53:51 - [TEST_STEP][PASSED] - println(symbol): null

2019-08-23 18:53:51 - [TEST_STEP][PASSED] - if (i == 2 &amp;&amp; wildList.indexOf(symbol) != -1): null

2019-08-23 18:53:51 - [TEST_STEP][PASSED] - if (i == 3 &amp;&amp; wildList.indexOf(symbol) != -1): null

2019-08-23 18:53:51 - [TEST_STEP][PASSED] - if (i == 4 &amp;&amp; wildList.indexOf(symbol) != -1): null

2019-08-23 18:53:51 - [TEST_STEP][PASSED] - symbol = symbol: null

2019-08-23 18:53:51 - [TEST_STEP][PASSED] - println(symbol): null

2019-08-23 18:53:51 - [TEST_STEP][PASSED] - if (i == 2 &amp;&amp; wildList.indexOf(symbol) != -1): null

2019-08-23 18:53:51 - [TEST_STEP][PASSED] - println("wild found on reel 3, adding counter by 1"): null

2019-08-23 18:53:51 - [TEST_STEP][PASSED] - free_spin_reel_counter[0] = free_spin_reel_counter[0] + 1: null

2019-08-23 18:53:51 - [TEST_STEP][PASSED] - if (i == 3 &amp;&amp; wildList.indexOf(symbol) != -1): null

2019-08-23 18:53:51 - [TEST_STEP][PASSED] - if (i == 4 &amp;&amp; wildList.indexOf(symbol) != -1): null

2019-08-23 18:53:51 - [TEST_STEP][PASSED] - symbol = symbol: null

2019-08-23 18:53:51 - [TEST_STEP][PASSED] - println(symbol): null

2019-08-23 18:53:51 - [TEST_STEP][PASSED] - if (i == 2 &amp;&amp; wildList.indexOf(symbol) != -1): null

2019-08-23 18:53:51 - [TEST_STEP][PASSED] - if (i == 3 &amp;&amp; wildList.indexOf(symbol) != -1): null

2019-08-23 18:53:51 - [TEST_STEP][PASSED] - if (i == 4 &amp;&amp; wildList.indexOf(symbol) != -1): null

2019-08-23 18:53:51 - [TEST_STEP][PASSED] - symbols = symbols: null

2019-08-23 18:53:51 - [TEST_STEP][PASSED] - for ([j = 0, j &lt; symbols.size(), (j++)]): null

2019-08-23 18:53:51 - [TEST_STEP][PASSED] - symbol = symbol: null

2019-08-23 18:53:51 - [TEST_STEP][PASSED] - println(symbol): null

2019-08-23 18:53:51 - [TEST_STEP][PASSED] - if (i == 2 &amp;&amp; wildList.indexOf(symbol) != -1): null

2019-08-23 18:53:51 - [TEST_STEP][PASSED] - if (i == 3 &amp;&amp; wildList.indexOf(symbol) != -1): null

2019-08-23 18:53:51 - [TEST_STEP][PASSED] - if (i == 4 &amp;&amp; wildList.indexOf(symbol) != -1): null

2019-08-23 18:53:51 - [TEST_STEP][PASSED] - symbol = symbol: null

2019-08-23 18:53:51 - [TEST_STEP][PASSED] - println(symbol): null

2019-08-23 18:53:51 - [TEST_STEP][PASSED] - if (i == 2 &amp;&amp; wildList.indexOf(symbol) != -1): null

2019-08-23 18:53:51 - [TEST_STEP][PASSED] - if (i == 3 &amp;&amp; wildList.indexOf(symbol) != -1): null

2019-08-23 18:53:51 - [TEST_STEP][PASSED] - if (i == 4 &amp;&amp; wildList.indexOf(symbol) != -1): null

2019-08-23 18:53:51 - [TEST_STEP][PASSED] - symbol = symbol: null

2019-08-23 18:53:51 - [TEST_STEP][PASSED] - println(symbol): null

2019-08-23 18:53:51 - [TEST_STEP][PASSED] - if (i == 2 &amp;&amp; wildList.indexOf(symbol) != -1): null

2019-08-23 18:53:51 - [TEST_STEP][PASSED] - if (i == 3 &amp;&amp; wildList.indexOf(symbol) != -1): null

2019-08-23 18:53:51 - [TEST_STEP][PASSED] - if (i == 4 &amp;&amp; wildList.indexOf(symbol) != -1): null

2019-08-23 18:53:51 - [TEST_STEP][PASSED] - symbols = symbols: null

2019-08-23 18:53:51 - [TEST_STEP][PASSED] - for ([j = 0, j &lt; symbols.size(), (j++)]): null

2019-08-23 18:53:51 - [TEST_STEP][PASSED] - symbol = symbol: null

2019-08-23 18:53:51 - [TEST_STEP][PASSED] - println(symbol): null

2019-08-23 18:53:51 - [TEST_STEP][PASSED] - if (i == 2 &amp;&amp; wildList.indexOf(symbol) != -1): null

2019-08-23 18:53:51 - [TEST_STEP][PASSED] - if (i == 3 &amp;&amp; wildList.indexOf(symbol) != -1): null

2019-08-23 18:53:51 - [TEST_STEP][PASSED] - if (i == 4 &amp;&amp; wildList.indexOf(symbol) != -1): null

2019-08-23 18:53:51 - [TEST_STEP][PASSED] - symbol = symbol: null

2019-08-23 18:53:51 - [TEST_STEP][PASSED] - println(symbol): null

2019-08-23 18:53:51 - [TEST_STEP][PASSED] - if (i == 2 &amp;&amp; wildList.indexOf(symbol) != -1): null

2019-08-23 18:53:51 - [TEST_STEP][PASSED] - if (i == 3 &amp;&amp; wildList.indexOf(symbol) != -1): null

2019-08-23 18:53:51 - [TEST_STEP][PASSED] - if (i == 4 &amp;&amp; wildList.indexOf(symbol) != -1): null

2019-08-23 18:53:51 - [TEST_STEP][PASSED] - symbol = symbol: null

2019-08-23 18:53:51 - [TEST_STEP][PASSED] - println(symbol): null

2019-08-23 18:53:51 - [TEST_STEP][PASSED] - if (i == 2 &amp;&amp; wildList.indexOf(symbol) != -1): null

2019-08-23 18:53:51 - [TEST_STEP][PASSED] - if (i == 3 &amp;&amp; wildList.indexOf(symbol) != -1): null

2019-08-23 18:53:51 - [TEST_STEP][PASSED] - if (i == 4 &amp;&amp; wildList.indexOf(symbol) != -1): null

2019-08-23 18:53:51 - [TEST_STEP][PASSED] - free_spin_reel_counter = free_spin_reel_counter: null

2019-08-23 18:53:51 - [TEST_STEP][PASSED] - println("reel 3 wild found: " + free_spin_reel_counter[0]): null

2019-08-23 18:53:51 - [TEST_STEP][PASSED] - println("reel 4 wild found: " + free_spin_reel_counter[1]): null

2019-08-23 18:53:51 - [TEST_STEP][PASSED] - println("reel 5 wild found: " + free_spin_reel_counter[2]): null

2019-08-23 18:53:51 - [TEST_STEP][PASSED] - M4_spin_reels = M4_spin_reels: null

2019-08-23 18:53:51 - [TEST_STEP][PASSED] - M4_spin_reels_symbols = symbol: null

2019-08-23 18:53:51 - [TEST_STEP][PASSED] - M4_spin_reels_symbols = M4_spin_reels_symbols: null

2019-08-23 18:53:51 - [TEST_STEP][PASSED] - M4_spin_reel_wins = reel_wins: null

2019-08-23 18:53:51 - [TEST_STEP][PASSED] - M4_spin_reel_wins = M4_spin_reel_wins: null

2019-08-23 18:53:51 - [TEST_STEP][PASSED] - println("GlobalVariable.M4_spin_reel_wins is: " + M4_spin_reel_wins): null

2019-08-23 18:53:51 - [TEST_STEP][PASSED] - M4_spin_total_bonus_win_this_round = total_bonus_win_this_round: null

2019-08-23 18:53:51 - [TEST_STEP][PASSED] - M4_spin_total_bonus_win_this_round = M4_spin_total_bonus_win_this_round: null

2019-08-23 18:53:51 - [TEST_STEP][PASSED] - println("GlobalVariable.M4_spin_total_bonus_win_this_round is: " + M4_spin_total_bonus_win_this_round): null

2019-08-23 18:53:51 - [TEST_STEP][PASSED] - M4_spin_bonus_spin_result = spin_result: null

2019-08-23 18:53:51 - [TEST_STEP][PASSED] - M4_spin_bonus_spin_result = M4_spin_bonus_spin_result: null

2019-08-23 18:53:51 - [MESSAGE][PASSED] - Verify response successfully

2019-08-23 18:53:51 - [MESSAGE][PASSED] - Send request and verify the response successfully

2019-08-23 18:53:51 - [TEST_STEP][PASSED] - if (free_spin_reel_counter[0] &gt;= 1 &amp;&amp; free_spin_reel_counter[1] &gt;= 1 &amp;&amp; free_spin_reel_counter[2] &gt;= 1): null

2019-08-23 18:53:51 - [TEST_STEP][PASSED] - spin_result = sendRequestAndVerify(findTestObject("INT/RGS(M4)/1_M4_spin", ["M4_login_user_id":M4_login_user_id, "rgs_session_token":rgs_session_token, "partner":Partner])): Send request and verify the response successfully

2019-08-23 18:53:52 - [MESSAGE][INFO] - HAR: /Users/eiralee/Katalon_Script/SuperWild/Reports/20190823_184757/INT/superWild_1/20190823_184757/requests/main/113.har

2019-08-23 18:53:52 - [TEST_CASE][PASSED] - Start Test Case : Verification: Verification accomplished successfully

2019-08-23 18:53:52 - [TEST_STEP][PASSED] - request = getInstance().getCurrentRequest(): null

2019-08-23 18:53:52 - [TEST_STEP][PASSED] - response = getInstance().getCurrentResponse(): null

2019-08-23 18:53:52 - [TEST_STEP][PASSED] - verifyResponseStatusCode(response, 200): Verify response status code successfully

2019-08-23 18:53:52 - [MESSAGE][PASSED] - Verify response status code successfully

2019-08-23 18:53:52 - [TEST_STEP][PASSED] - getStatusCode()).isEqualTo(200): null

2019-08-23 18:53:52 - [TEST_STEP][PASSED] - newline = System.getProperty("line.separator"): null

2019-08-23 18:53:52 - [TEST_STEP][PASSED] - M4_spin = new groovy.json.JsonSlurper(): null

2019-08-23 18:53:52 - [TEST_STEP][PASSED] - result_M4_spin = M4_spin.parseText(response.getResponseBodyContent()): null

2019-08-23 18:53:52 - [TEST_STEP][PASSED] - M4_spin_current_balance = current_balance: null

2019-08-23 18:53:52 - [TEST_STEP][PASSED] - M4_spin_current_balance = M4_spin_current_balance: null

2019-08-23 18:53:52 - [TEST_STEP][PASSED] - M4_spin_transaction_id = causality: null

2019-08-23 18:53:52 - [TEST_STEP][PASSED] - M4_spin_transaction_id = M4_spin_transaction_id: null

2019-08-23 18:53:52 - [TEST_STEP][PASSED] - M4_spin_round_id = round_id: null

2019-08-23 18:53:52 - [TEST_STEP][PASSED] - M4_spin_round_id = M4_spin_round_id: null

2019-08-23 18:53:52 - [TEST_STEP][PASSED] - M4_spin_line_wins = line_wins: null

2019-08-23 18:53:52 - [TEST_STEP][PASSED] - M4_spin_line_wins = M4_spin_line_wins: null

2019-08-23 18:53:52 - [TEST_STEP][PASSED] - M4_total_bonus_spins_int = total_bonus_spins: null

2019-08-23 18:53:52 - [TEST_STEP][PASSED] - println("******M4_total_bonus_spins type is:*******" + newline + getClass().getName()): null

2019-08-23 18:53:52 - [TEST_STEP][PASSED] - M4_total_bonus_spins_int = M4_total_bonus_spins_int: null

2019-08-23 18:53:52 - [TEST_STEP][PASSED] - M4_total_bonus_spins = Integer.toString(M4_total_bonus_spins_int): null

2019-08-23 18:53:52 - [TEST_STEP][PASSED] - M4_total_bonus_spins = M4_total_bonus_spins: null

2019-08-23 18:53:52 - [TEST_STEP][PASSED] - println("M4_total_bonus_spins is:" + M4_total_bonus_spins): null

2019-08-23 18:53:52 - [TEST_STEP][PASSED] - M4_spin_bonus_data = bonus_data: null

2019-08-23 18:53:52 - [TEST_STEP][PASSED] - M4_spin_features_triggered = result_M4_spin: null

2019-08-23 18:53:52 - [TEST_STEP][PASSED] - wild = []: null

2019-08-23 18:53:52 - [TEST_STEP][PASSED] - wild[0] = "WILD_Expanding": null

2019-08-23 18:53:52 - [TEST_STEP][PASSED] - wild[1] = "WILD_Normal": null

2019-08-23 18:53:52 - [TEST_STEP][PASSED] - wild[2] = "WILD_Double": null

2019-08-23 18:53:52 - [TEST_STEP][PASSED] - wild[3] = "WILD_ExtraFG": null

2019-08-23 18:53:52 - [TEST_STEP][PASSED] - wild[4] = "WILD_Triple": null

2019-08-23 18:53:52 - [TEST_STEP][PASSED] - wildList = Arrays.asList(wild): null

2019-08-23 18:53:52 - [TEST_STEP][PASSED] - wildList = wildList: null

2019-08-23 18:53:52 - [TEST_STEP][PASSED] - free_spin_reel_counter = []: null

2019-08-23 18:53:52 - [TEST_STEP][PASSED] - free_spin_reel_counter[0] = 0: null

2019-08-23 18:53:52 - [TEST_STEP][PASSED] - free_spin_reel_counter[1] = 0: null

2019-08-23 18:53:52 - [TEST_STEP][PASSED] - free_spin_reel_counter[2] = 0: null

2019-08-23 18:53:52 - [TEST_STEP][PASSED] - M4_spin_reels = reels: null

2019-08-23 18:53:52 - [TEST_STEP][PASSED] - for ([i = 0, i &lt; M4_spin_reels.size(), (i++)]): null

2019-08-23 18:53:52 - [TEST_STEP][PASSED] - symbols = symbols: null

2019-08-23 18:53:52 - [TEST_STEP][PASSED] - for ([j = 0, j &lt; symbols.size(), (j++)]): null

2019-08-23 18:53:52 - [TEST_STEP][PASSED] - symbol = symbol: null

2019-08-23 18:53:52 - [TEST_STEP][PASSED] - println(symbol): null

2019-08-23 18:53:52 - [TEST_STEP][PASSED] - if (i == 2 &amp;&amp; wildList.indexOf(symbol) != -1): null

2019-08-23 18:53:52 - [TEST_STEP][PASSED] - if (i == 3 &amp;&amp; wildList.indexOf(symbol) != -1): null

2019-08-23 18:53:52 - [TEST_STEP][PASSED] - if (i == 4 &amp;&amp; wildList.indexOf(symbol) != -1): null

2019-08-23 18:53:52 - [TEST_STEP][PASSED] - symbol = symbol: null

2019-08-23 18:53:52 - [TEST_STEP][PASSED] - println(symbol): null

2019-08-23 18:53:52 - [TEST_STEP][PASSED] - if (i == 2 &amp;&amp; wildList.indexOf(symbol) != -1): null

2019-08-23 18:53:52 - [TEST_STEP][PASSED] - if (i == 3 &amp;&amp; wildList.indexOf(symbol) != -1): null

2019-08-23 18:53:52 - [TEST_STEP][PASSED] - if (i == 4 &amp;&amp; wildList.indexOf(symbol) != -1): null

2019-08-23 18:53:52 - [TEST_STEP][PASSED] - symbol = symbol: null

2019-08-23 18:53:52 - [TEST_STEP][PASSED] - println(symbol): null

2019-08-23 18:53:52 - [TEST_STEP][PASSED] - if (i == 2 &amp;&amp; wildList.indexOf(symbol) != -1): null

2019-08-23 18:53:52 - [TEST_STEP][PASSED] - if (i == 3 &amp;&amp; wildList.indexOf(symbol) != -1): null

2019-08-23 18:53:52 - [TEST_STEP][PASSED] - if (i == 4 &amp;&amp; wildList.indexOf(symbol) != -1): null

2019-08-23 18:53:52 - [TEST_STEP][PASSED] - symbols = symbols: null

2019-08-23 18:53:52 - [TEST_STEP][PASSED] - for ([j = 0, j &lt; symbols.size(), (j++)]): null

2019-08-23 18:53:52 - [TEST_STEP][PASSED] - symbol = symbol: null

2019-08-23 18:53:52 - [TEST_STEP][PASSED] - println(symbol): null

2019-08-23 18:53:52 - [TEST_STEP][PASSED] - if (i == 2 &amp;&amp; wildList.indexOf(symbol) != -1): null

2019-08-23 18:53:52 - [TEST_STEP][PASSED] - if (i == 3 &amp;&amp; wildList.indexOf(symbol) != -1): null

2019-08-23 18:53:52 - [TEST_STEP][PASSED] - if (i == 4 &amp;&amp; wildList.indexOf(symbol) != -1): null

2019-08-23 18:53:52 - [TEST_STEP][PASSED] - symbol = symbol: null

2019-08-23 18:53:52 - [TEST_STEP][PASSED] - println(symbol): null

2019-08-23 18:53:52 - [TEST_STEP][PASSED] - if (i == 2 &amp;&amp; wildList.indexOf(symbol) != -1): null

2019-08-23 18:53:52 - [TEST_STEP][PASSED] - if (i == 3 &amp;&amp; wildList.indexOf(symbol) != -1): null

2019-08-23 18:53:52 - [TEST_STEP][PASSED] - if (i == 4 &amp;&amp; wildList.indexOf(symbol) != -1): null

2019-08-23 18:53:52 - [TEST_STEP][PASSED] - symbol = symbol: null

2019-08-23 18:53:52 - [TEST_STEP][PASSED] - println(symbol): null

2019-08-23 18:53:52 - [TEST_STEP][PASSED] - if (i == 2 &amp;&amp; wildList.indexOf(symbol) != -1): null

2019-08-23 18:53:52 - [TEST_STEP][PASSED] - if (i == 3 &amp;&amp; wildList.indexOf(symbol) != -1): null

2019-08-23 18:53:52 - [TEST_STEP][PASSED] - if (i == 4 &amp;&amp; wildList.indexOf(symbol) != -1): null

2019-08-23 18:53:52 - [TEST_STEP][PASSED] - symbols = symbols: null

2019-08-23 18:53:52 - [TEST_STEP][PASSED] - for ([j = 0, j &lt; symbols.size(), (j++)]): null

2019-08-23 18:53:52 - [TEST_STEP][PASSED] - symbol = symbol: null

2019-08-23 18:53:52 - [TEST_STEP][PASSED] - println(symbol): null

2019-08-23 18:53:52 - [TEST_STEP][PASSED] - if (i == 2 &amp;&amp; wildList.indexOf(symbol) != -1): null

2019-08-23 18:53:52 - [TEST_STEP][PASSED] - if (i == 3 &amp;&amp; wildList.indexOf(symbol) != -1): null

2019-08-23 18:53:52 - [TEST_STEP][PASSED] - if (i == 4 &amp;&amp; wildList.indexOf(symbol) != -1): null

2019-08-23 18:53:52 - [TEST_STEP][PASSED] - symbol = symbol: null

2019-08-23 18:53:52 - [TEST_STEP][PASSED] - println(symbol): null

2019-08-23 18:53:52 - [TEST_STEP][PASSED] - if (i == 2 &amp;&amp; wildList.indexOf(symbol) != -1): null

2019-08-23 18:53:52 - [TEST_STEP][PASSED] - if (i == 3 &amp;&amp; wildList.indexOf(symbol) != -1): null

2019-08-23 18:53:52 - [TEST_STEP][PASSED] - if (i == 4 &amp;&amp; wildList.indexOf(symbol) != -1): null

2019-08-23 18:53:52 - [TEST_STEP][PASSED] - symbol = symbol: null

2019-08-23 18:53:52 - [TEST_STEP][PASSED] - println(symbol): null

2019-08-23 18:53:52 - [TEST_STEP][PASSED] - if (i == 2 &amp;&amp; wildList.indexOf(symbol) != -1): null

2019-08-23 18:53:52 - [TEST_STEP][PASSED] - if (i == 3 &amp;&amp; wildList.indexOf(symbol) != -1): null

2019-08-23 18:53:52 - [TEST_STEP][PASSED] - if (i == 4 &amp;&amp; wildList.indexOf(symbol) != -1): null

2019-08-23 18:53:52 - [TEST_STEP][PASSED] - symbols = symbols: null

2019-08-23 18:53:52 - [TEST_STEP][PASSED] - for ([j = 0, j &lt; symbols.size(), (j++)]): null

2019-08-23 18:53:52 - [TEST_STEP][PASSED] - symbol = symbol: null

2019-08-23 18:53:52 - [TEST_STEP][PASSED] - println(symbol): null

2019-08-23 18:53:52 - [TEST_STEP][PASSED] - if (i == 2 &amp;&amp; wildList.indexOf(symbol) != -1): null

2019-08-23 18:53:52 - [TEST_STEP][PASSED] - if (i == 3 &amp;&amp; wildList.indexOf(symbol) != -1): null

2019-08-23 18:53:52 - [TEST_STEP][PASSED] - if (i == 4 &amp;&amp; wildList.indexOf(symbol) != -1): null

2019-08-23 18:53:52 - [TEST_STEP][PASSED] - symbol = symbol: null

2019-08-23 18:53:52 - [TEST_STEP][PASSED] - println(symbol): null

2019-08-23 18:53:52 - [TEST_STEP][PASSED] - if (i == 2 &amp;&amp; wildList.indexOf(symbol) != -1): null

2019-08-23 18:53:52 - [TEST_STEP][PASSED] - if (i == 3 &amp;&amp; wildList.indexOf(symbol) != -1): null

2019-08-23 18:53:52 - [TEST_STEP][PASSED] - if (i == 4 &amp;&amp; wildList.indexOf(symbol) != -1): null

2019-08-23 18:53:52 - [TEST_STEP][PASSED] - symbol = symbol: null

2019-08-23 18:53:52 - [TEST_STEP][PASSED] - println(symbol): null

2019-08-23 18:53:52 - [TEST_STEP][PASSED] - if (i == 2 &amp;&amp; wildList.indexOf(symbol) != -1): null

2019-08-23 18:53:52 - [TEST_STEP][PASSED] - if (i == 3 &amp;&amp; wildList.indexOf(symbol) != -1): null

2019-08-23 18:53:52 - [TEST_STEP][PASSED] - if (i == 4 &amp;&amp; wildList.indexOf(symbol) != -1): null

2019-08-23 18:53:52 - [TEST_STEP][PASSED] - symbols = symbols: null

2019-08-23 18:53:52 - [TEST_STEP][PASSED] - for ([j = 0, j &lt; symbols.size(), (j++)]): null

2019-08-23 18:53:52 - [TEST_STEP][PASSED] - symbol = symbol: null

2019-08-23 18:53:52 - [TEST_STEP][PASSED] - println(symbol): null

2019-08-23 18:53:52 - [TEST_STEP][PASSED] - if (i == 2 &amp;&amp; wildList.indexOf(symbol) != -1): null

2019-08-23 18:53:52 - [TEST_STEP][PASSED] - if (i == 3 &amp;&amp; wildList.indexOf(symbol) != -1): null

2019-08-23 18:53:52 - [TEST_STEP][PASSED] - if (i == 4 &amp;&amp; wildList.indexOf(symbol) != -1): null

2019-08-23 18:53:52 - [TEST_STEP][PASSED] - symbol = symbol: null

2019-08-23 18:53:52 - [TEST_STEP][PASSED] - println(symbol): null

2019-08-23 18:53:52 - [TEST_STEP][PASSED] - if (i == 2 &amp;&amp; wildList.indexOf(symbol) != -1): null

2019-08-23 18:53:52 - [TEST_STEP][PASSED] - if (i == 3 &amp;&amp; wildList.indexOf(symbol) != -1): null

2019-08-23 18:53:52 - [TEST_STEP][PASSED] - if (i == 4 &amp;&amp; wildList.indexOf(symbol) != -1): null

2019-08-23 18:53:52 - [TEST_STEP][PASSED] - symbol = symbol: null

2019-08-23 18:53:52 - [TEST_STEP][PASSED] - println(symbol): null

2019-08-23 18:53:52 - [TEST_STEP][PASSED] - if (i == 2 &amp;&amp; wildList.indexOf(symbol) != -1): null

2019-08-23 18:53:52 - [TEST_STEP][PASSED] - if (i == 3 &amp;&amp; wildList.indexOf(symbol) != -1): null

2019-08-23 18:53:52 - [TEST_STEP][PASSED] - if (i == 4 &amp;&amp; wildList.indexOf(symbol) != -1): null

2019-08-23 18:53:52 - [TEST_STEP][PASSED] - free_spin_reel_counter = free_spin_reel_counter: null

2019-08-23 18:53:52 - [TEST_STEP][PASSED] - println("reel 3 wild found: " + free_spin_reel_counter[0]): null

2019-08-23 18:53:52 - [TEST_STEP][PASSED] - println("reel 4 wild found: " + free_spin_reel_counter[1]): null

2019-08-23 18:53:52 - [TEST_STEP][PASSED] - println("reel 5 wild found: " + free_spin_reel_counter[2]): null

2019-08-23 18:53:52 - [TEST_STEP][PASSED] - M4_spin_reels = M4_spin_reels: null

2019-08-23 18:53:52 - [TEST_STEP][PASSED] - M4_spin_reels_symbols = symbol: null

2019-08-23 18:53:52 - [TEST_STEP][PASSED] - M4_spin_reels_symbols = M4_spin_reels_symbols: null

2019-08-23 18:53:52 - [TEST_STEP][PASSED] - M4_spin_reel_wins = reel_wins: null

2019-08-23 18:53:52 - [TEST_STEP][PASSED] - M4_spin_reel_wins = M4_spin_reel_wins: null

2019-08-23 18:53:52 - [TEST_STEP][PASSED] - println("GlobalVariable.M4_spin_reel_wins is: " + M4_spin_reel_wins): null

2019-08-23 18:53:52 - [TEST_STEP][PASSED] - M4_spin_total_bonus_win_this_round = total_bonus_win_this_round: null

2019-08-23 18:53:52 - [TEST_STEP][PASSED] - M4_spin_total_bonus_win_this_round = M4_spin_total_bonus_win_this_round: null

2019-08-23 18:53:52 - [TEST_STEP][PASSED] - println("GlobalVariable.M4_spin_total_bonus_win_this_round is: " + M4_spin_total_bonus_win_this_round): null

2019-08-23 18:53:52 - [TEST_STEP][PASSED] - M4_spin_bonus_spin_result = spin_result: null

2019-08-23 18:53:52 - [TEST_STEP][PASSED] - M4_spin_bonus_spin_result = M4_spin_bonus_spin_result: null

2019-08-23 18:53:52 - [MESSAGE][PASSED] - Verify response successfully

2019-08-23 18:53:52 - [MESSAGE][PASSED] - Send request and verify the response successfully

2019-08-23 18:53:52 - [TEST_STEP][PASSED] - if (free_spin_reel_counter[0] &gt;= 1 &amp;&amp; free_spin_reel_counter[1] &gt;= 1 &amp;&amp; free_spin_reel_counter[2] &gt;= 1): null

2019-08-23 18:53:52 - [TEST_STEP][PASSED] - spin_result = sendRequestAndVerify(findTestObject("INT/RGS(M4)/1_M4_spin", ["M4_login_user_id":M4_login_user_id, "rgs_session_token":rgs_session_token, "partner":Partner])): Send request and verify the response successfully

2019-08-23 18:53:52 - [MESSAGE][INFO] - HAR: /Users/eiralee/Katalon_Script/SuperWild/Reports/20190823_184757/INT/superWild_1/20190823_184757/requests/main/114.har

2019-08-23 18:53:52 - [TEST_CASE][PASSED] - Start Test Case : Verification: Verification accomplished successfully

2019-08-23 18:53:52 - [TEST_STEP][PASSED] - request = getInstance().getCurrentRequest(): null

2019-08-23 18:53:52 - [TEST_STEP][PASSED] - response = getInstance().getCurrentResponse(): null

2019-08-23 18:53:52 - [TEST_STEP][PASSED] - verifyResponseStatusCode(response, 200): Verify response status code successfully

2019-08-23 18:53:52 - [MESSAGE][PASSED] - Verify response status code successfully

2019-08-23 18:53:52 - [TEST_STEP][PASSED] - getStatusCode()).isEqualTo(200): null

2019-08-23 18:53:52 - [TEST_STEP][PASSED] - newline = System.getProperty("line.separator"): null

2019-08-23 18:53:52 - [TEST_STEP][PASSED] - M4_spin = new groovy.json.JsonSlurper(): null

2019-08-23 18:53:52 - [TEST_STEP][PASSED] - result_M4_spin = M4_spin.parseText(response.getResponseBodyContent()): null

2019-08-23 18:53:52 - [TEST_STEP][PASSED] - M4_spin_current_balance = current_balance: null

2019-08-23 18:53:52 - [TEST_STEP][PASSED] - M4_spin_current_balance = M4_spin_current_balance: null

2019-08-23 18:53:52 - [TEST_STEP][PASSED] - M4_spin_transaction_id = causality: null

2019-08-23 18:53:52 - [TEST_STEP][PASSED] - M4_spin_transaction_id = M4_spin_transaction_id: null

2019-08-23 18:53:52 - [TEST_STEP][PASSED] - M4_spin_round_id = round_id: null

2019-08-23 18:53:52 - [TEST_STEP][PASSED] - M4_spin_round_id = M4_spin_round_id: null

2019-08-23 18:53:52 - [TEST_STEP][PASSED] - M4_spin_line_wins = line_wins: null

2019-08-23 18:53:52 - [TEST_STEP][PASSED] - M4_spin_line_wins = M4_spin_line_wins: null

2019-08-23 18:53:52 - [TEST_STEP][PASSED] - M4_total_bonus_spins_int = total_bonus_spins: null

2019-08-23 18:53:52 - [TEST_STEP][PASSED] - println("******M4_total_bonus_spins type is:*******" + newline + getClass().getName()): null

2019-08-23 18:53:52 - [TEST_STEP][PASSED] - M4_total_bonus_spins_int = M4_total_bonus_spins_int: null

2019-08-23 18:53:52 - [TEST_STEP][PASSED] - M4_total_bonus_spins = Integer.toString(M4_total_bonus_spins_int): null

2019-08-23 18:53:52 - [TEST_STEP][PASSED] - M4_total_bonus_spins = M4_total_bonus_spins: null

2019-08-23 18:53:52 - [TEST_STEP][PASSED] - println("M4_total_bonus_spins is:" + M4_total_bonus_spins): null

2019-08-23 18:53:52 - [TEST_STEP][PASSED] - M4_spin_bonus_data = bonus_data: null

2019-08-23 18:53:52 - [TEST_STEP][PASSED] - M4_spin_features_triggered = result_M4_spin: null

2019-08-23 18:53:52 - [TEST_STEP][PASSED] - wild = []: null

2019-08-23 18:53:52 - [TEST_STEP][PASSED] - wild[0] = "WILD_Expanding": null

2019-08-23 18:53:52 - [TEST_STEP][PASSED] - wild[1] = "WILD_Normal": null

2019-08-23 18:53:52 - [TEST_STEP][PASSED] - wild[2] = "WILD_Double": null

2019-08-23 18:53:52 - [TEST_STEP][PASSED] - wild[3] = "WILD_ExtraFG": null

2019-08-23 18:53:52 - [TEST_STEP][PASSED] - wild[4] = "WILD_Triple": null

2019-08-23 18:53:52 - [TEST_STEP][PASSED] - wildList = Arrays.asList(wild): null

2019-08-23 18:53:52 - [TEST_STEP][PASSED] - wildList = wildList: null

2019-08-23 18:53:52 - [TEST_STEP][PASSED] - free_spin_reel_counter = []: null

2019-08-23 18:53:52 - [TEST_STEP][PASSED] - free_spin_reel_counter[0] = 0: null

2019-08-23 18:53:52 - [TEST_STEP][PASSED] - free_spin_reel_counter[1] = 0: null

2019-08-23 18:53:52 - [TEST_STEP][PASSED] - free_spin_reel_counter[2] = 0: null

2019-08-23 18:53:52 - [TEST_STEP][PASSED] - M4_spin_reels = reels: null

2019-08-23 18:53:52 - [TEST_STEP][PASSED] - for ([i = 0, i &lt; M4_spin_reels.size(), (i++)]): null

2019-08-23 18:53:52 - [TEST_STEP][PASSED] - symbols = symbols: null

2019-08-23 18:53:52 - [TEST_STEP][PASSED] - for ([j = 0, j &lt; symbols.size(), (j++)]): null

2019-08-23 18:53:52 - [TEST_STEP][PASSED] - symbol = symbol: null

2019-08-23 18:53:52 - [TEST_STEP][PASSED] - println(symbol): null

2019-08-23 18:53:52 - [TEST_STEP][PASSED] - if (i == 2 &amp;&amp; wildList.indexOf(symbol) != -1): null

2019-08-23 18:53:52 - [TEST_STEP][PASSED] - if (i == 3 &amp;&amp; wildList.indexOf(symbol) != -1): null

2019-08-23 18:53:52 - [TEST_STEP][PASSED] - if (i == 4 &amp;&amp; wildList.indexOf(symbol) != -1): null

2019-08-23 18:53:52 - [TEST_STEP][PASSED] - symbol = symbol: null

2019-08-23 18:53:52 - [TEST_STEP][PASSED] - println(symbol): null

2019-08-23 18:53:52 - [TEST_STEP][PASSED] - if (i == 2 &amp;&amp; wildList.indexOf(symbol) != -1): null

2019-08-23 18:53:52 - [TEST_STEP][PASSED] - if (i == 3 &amp;&amp; wildList.indexOf(symbol) != -1): null

2019-08-23 18:53:52 - [TEST_STEP][PASSED] - if (i == 4 &amp;&amp; wildList.indexOf(symbol) != -1): null

2019-08-23 18:53:52 - [TEST_STEP][PASSED] - symbol = symbol: null

2019-08-23 18:53:52 - [TEST_STEP][PASSED] - println(symbol): null

2019-08-23 18:53:52 - [TEST_STEP][PASSED] - if (i == 2 &amp;&amp; wildList.indexOf(symbol) != -1): null

2019-08-23 18:53:52 - [TEST_STEP][PASSED] - if (i == 3 &amp;&amp; wildList.indexOf(symbol) != -1): null

2019-08-23 18:53:52 - [TEST_STEP][PASSED] - if (i == 4 &amp;&amp; wildList.indexOf(symbol) != -1): null

2019-08-23 18:53:52 - [TEST_STEP][PASSED] - symbols = symbols: null

2019-08-23 18:53:52 - [TEST_STEP][PASSED] - for ([j = 0, j &lt; symbols.size(), (j++)]): null

2019-08-23 18:53:52 - [TEST_STEP][PASSED] - symbol = symbol: null

2019-08-23 18:53:52 - [TEST_STEP][PASSED] - println(symbol): null

2019-08-23 18:53:52 - [TEST_STEP][PASSED] - if (i == 2 &amp;&amp; wildList.indexOf(symbol) != -1): null

2019-08-23 18:53:52 - [TEST_STEP][PASSED] - if (i == 3 &amp;&amp; wildList.indexOf(symbol) != -1): null

2019-08-23 18:53:52 - [TEST_STEP][PASSED] - if (i == 4 &amp;&amp; wildList.indexOf(symbol) != -1): null

2019-08-23 18:53:52 - [TEST_STEP][PASSED] - symbol = symbol: null

2019-08-23 18:53:52 - [TEST_STEP][PASSED] - println(symbol): null

2019-08-23 18:53:52 - [TEST_STEP][PASSED] - if (i == 2 &amp;&amp; wildList.indexOf(symbol) != -1): null

2019-08-23 18:53:52 - [TEST_STEP][PASSED] - if (i == 3 &amp;&amp; wildList.indexOf(symbol) != -1): null

2019-08-23 18:53:52 - [TEST_STEP][PASSED] - if (i == 4 &amp;&amp; wildList.indexOf(symbol) != -1): null

2019-08-23 18:53:52 - [TEST_STEP][PASSED] - symbol = symbol: null

2019-08-23 18:53:52 - [TEST_STEP][PASSED] - println(symbol): null

2019-08-23 18:53:55 - [TEST_STEP][PASSED] - if (i == 2 &amp;&amp; wildList.indexOf(symbol) != -1): null

2019-08-23 18:53:55 - [TEST_STEP][PASSED] - if (i == 3 &amp;&amp; wildList.indexOf(symbol) != -1): null

2019-08-23 18:53:55 - [TEST_STEP][PASSED] - if (i == 4 &amp;&amp; wildList.indexOf(symbol) != -1): null

2019-08-23 18:53:55 - [TEST_STEP][PASSED] - symbols = symbols: null

2019-08-23 18:53:55 - [TEST_STEP][PASSED] - for ([j = 0, j &lt; symbols.size(), (j++)]): null

2019-08-23 18:53:55 - [TEST_STEP][PASSED] - symbol = symbol: null

2019-08-23 18:53:55 - [TEST_STEP][PASSED] - println(symbol): null

2019-08-23 18:53:55 - [TEST_STEP][PASSED] - if (i == 2 &amp;&amp; wildList.indexOf(symbol) != -1): null

2019-08-23 18:53:55 - [TEST_STEP][PASSED] - if (i == 3 &amp;&amp; wildList.indexOf(symbol) != -1): null

2019-08-23 18:53:55 - [TEST_STEP][PASSED] - if (i == 4 &amp;&amp; wildList.indexOf(symbol) != -1): null

2019-08-23 18:53:55 - [TEST_STEP][PASSED] - symbol = symbol: null

2019-08-23 18:53:55 - [TEST_STEP][PASSED] - println(symbol): null

2019-08-23 18:53:55 - [TEST_STEP][PASSED] - if (i == 2 &amp;&amp; wildList.indexOf(symbol) != -1): null

2019-08-23 18:53:55 - [TEST_STEP][PASSED] - if (i == 3 &amp;&amp; wildList.indexOf(symbol) != -1): null

2019-08-23 18:53:55 - [TEST_STEP][PASSED] - if (i == 4 &amp;&amp; wildList.indexOf(symbol) != -1): null

2019-08-23 18:53:55 - [TEST_STEP][PASSED] - symbol = symbol: null

2019-08-23 18:53:55 - [TEST_STEP][PASSED] - println(symbol): null

2019-08-23 18:53:55 - [TEST_STEP][PASSED] - if (i == 2 &amp;&amp; wildList.indexOf(symbol) != -1): null

2019-08-23 18:53:55 - [TEST_STEP][PASSED] - if (i == 3 &amp;&amp; wildList.indexOf(symbol) != -1): null

2019-08-23 18:53:55 - [TEST_STEP][PASSED] - if (i == 4 &amp;&amp; wildList.indexOf(symbol) != -1): null

2019-08-23 18:53:55 - [TEST_STEP][PASSED] - symbols = symbols: null

2019-08-23 18:53:55 - [TEST_STEP][PASSED] - for ([j = 0, j &lt; symbols.size(), (j++)]): null

2019-08-23 18:53:55 - [TEST_STEP][PASSED] - symbol = symbol: null

2019-08-23 18:53:55 - [TEST_STEP][PASSED] - println(symbol): null

2019-08-23 18:53:55 - [TEST_STEP][PASSED] - if (i == 2 &amp;&amp; wildList.indexOf(symbol) != -1): null

2019-08-23 18:53:55 - [TEST_STEP][PASSED] - if (i == 3 &amp;&amp; wildList.indexOf(symbol) != -1): null

2019-08-23 18:53:55 - [TEST_STEP][PASSED] - if (i == 4 &amp;&amp; wildList.indexOf(symbol) != -1): null

2019-08-23 18:53:55 - [TEST_STEP][PASSED] - symbol = symbol: null

2019-08-23 18:53:55 - [TEST_STEP][PASSED] - println(symbol): null

2019-08-23 18:53:55 - [TEST_STEP][PASSED] - if (i == 2 &amp;&amp; wildList.indexOf(symbol) != -1): null

2019-08-23 18:53:55 - [TEST_STEP][PASSED] - if (i == 3 &amp;&amp; wildList.indexOf(symbol) != -1): null

2019-08-23 18:53:55 - [TEST_STEP][PASSED] - if (i == 4 &amp;&amp; wildList.indexOf(symbol) != -1): null

2019-08-23 18:53:55 - [TEST_STEP][PASSED] - symbol = symbol: null

2019-08-23 18:53:55 - [TEST_STEP][PASSED] - println(symbol): null

2019-08-23 18:53:55 - [TEST_STEP][PASSED] - if (i == 2 &amp;&amp; wildList.indexOf(symbol) != -1): null

2019-08-23 18:53:55 - [TEST_STEP][PASSED] - if (i == 3 &amp;&amp; wildList.indexOf(symbol) != -1): null

2019-08-23 18:53:55 - [TEST_STEP][PASSED] - if (i == 4 &amp;&amp; wildList.indexOf(symbol) != -1): null

2019-08-23 18:53:55 - [TEST_STEP][PASSED] - symbols = symbols: null

2019-08-23 18:53:55 - [TEST_STEP][PASSED] - for ([j = 0, j &lt; symbols.size(), (j++)]): null

2019-08-23 18:53:55 - [TEST_STEP][PASSED] - symbol = symbol: null

2019-08-23 18:53:55 - [TEST_STEP][PASSED] - println(symbol): null

2019-08-23 18:53:55 - [TEST_STEP][PASSED] - if (i == 2 &amp;&amp; wildList.indexOf(symbol) != -1): null

2019-08-23 18:53:55 - [TEST_STEP][PASSED] - if (i == 3 &amp;&amp; wildList.indexOf(symbol) != -1): null

2019-08-23 18:53:55 - [TEST_STEP][PASSED] - if (i == 4 &amp;&amp; wildList.indexOf(symbol) != -1): null

2019-08-23 18:53:55 - [TEST_STEP][PASSED] - symbol = symbol: null

2019-08-23 18:53:55 - [TEST_STEP][PASSED] - println(symbol): null

2019-08-23 18:53:55 - [TEST_STEP][PASSED] - if (i == 2 &amp;&amp; wildList.indexOf(symbol) != -1): null

2019-08-23 18:53:55 - [TEST_STEP][PASSED] - if (i == 3 &amp;&amp; wildList.indexOf(symbol) != -1): null

2019-08-23 18:53:55 - [TEST_STEP][PASSED] - if (i == 4 &amp;&amp; wildList.indexOf(symbol) != -1): null

2019-08-23 18:53:55 - [TEST_STEP][PASSED] - symbol = symbol: null

2019-08-23 18:53:55 - [TEST_STEP][PASSED] - println(symbol): null

2019-08-23 18:53:55 - [TEST_STEP][PASSED] - if (i == 2 &amp;&amp; wildList.indexOf(symbol) != -1): null

2019-08-23 18:53:55 - [TEST_STEP][PASSED] - if (i == 3 &amp;&amp; wildList.indexOf(symbol) != -1): null

2019-08-23 18:53:55 - [TEST_STEP][PASSED] - if (i == 4 &amp;&amp; wildList.indexOf(symbol) != -1): null

2019-08-23 18:53:55 - [TEST_STEP][PASSED] - free_spin_reel_counter = free_spin_reel_counter: null

2019-08-23 18:53:55 - [TEST_STEP][PASSED] - println("reel 3 wild found: " + free_spin_reel_counter[0]): null

2019-08-23 18:53:55 - [TEST_STEP][PASSED] - println("reel 4 wild found: " + free_spin_reel_counter[1]): null

2019-08-23 18:53:55 - [TEST_STEP][PASSED] - println("reel 5 wild found: " + free_spin_reel_counter[2]): null

2019-08-23 18:53:55 - [TEST_STEP][PASSED] - M4_spin_reels = M4_spin_reels: null

2019-08-23 18:53:55 - [TEST_STEP][PASSED] - M4_spin_reels_symbols = symbol: null

2019-08-23 18:53:55 - [TEST_STEP][PASSED] - M4_spin_reels_symbols = M4_spin_reels_symbols: null

2019-08-23 18:53:55 - [TEST_STEP][PASSED] - M4_spin_reel_wins = reel_wins: null

2019-08-23 18:53:55 - [TEST_STEP][PASSED] - M4_spin_reel_wins = M4_spin_reel_wins: null

2019-08-23 18:53:55 - [TEST_STEP][PASSED] - println("GlobalVariable.M4_spin_reel_wins is: " + M4_spin_reel_wins): null

2019-08-23 18:53:55 - [TEST_STEP][PASSED] - M4_spin_total_bonus_win_this_round = total_bonus_win_this_round: null

2019-08-23 18:53:55 - [TEST_STEP][PASSED] - M4_spin_total_bonus_win_this_round = M4_spin_total_bonus_win_this_round: null

2019-08-23 18:53:55 - [TEST_STEP][PASSED] - println("GlobalVariable.M4_spin_total_bonus_win_this_round is: " + M4_spin_total_bonus_win_this_round): null

2019-08-23 18:53:55 - [TEST_STEP][PASSED] - M4_spin_bonus_spin_result = spin_result: null

2019-08-23 18:53:55 - [TEST_STEP][PASSED] - M4_spin_bonus_spin_result = M4_spin_bonus_spin_result: null

2019-08-23 18:53:55 - [MESSAGE][PASSED] - Verify response successfully

2019-08-23 18:53:55 - [MESSAGE][PASSED] - Send request and verify the response successfully

2019-08-23 18:53:55 - [TEST_STEP][PASSED] - if (free_spin_reel_counter[0] &gt;= 1 &amp;&amp; free_spin_reel_counter[1] &gt;= 1 &amp;&amp; free_spin_reel_counter[2] &gt;= 1): null

2019-08-23 18:53:55 - [TEST_STEP][PASSED] - spin_result = sendRequestAndVerify(findTestObject("INT/RGS(M4)/1_M4_spin", ["M4_login_user_id":M4_login_user_id, "rgs_session_token":rgs_session_token, "partner":Partner])): Send request and verify the response successfully

2019-08-23 18:53:55 - [MESSAGE][INFO] - HAR: /Users/eiralee/Katalon_Script/SuperWild/Reports/20190823_184757/INT/superWild_1/20190823_184757/requests/main/115.har

2019-08-23 18:53:55 - [TEST_CASE][PASSED] - Start Test Case : Verification: Verification accomplished successfully

2019-08-23 18:53:55 - [TEST_STEP][PASSED] - request = getInstance().getCurrentRequest(): null

2019-08-23 18:53:55 - [TEST_STEP][PASSED] - response = getInstance().getCurrentResponse(): null

2019-08-23 18:53:55 - [TEST_STEP][PASSED] - verifyResponseStatusCode(response, 200): Verify response status code successfully

2019-08-23 18:53:55 - [MESSAGE][PASSED] - Verify response status code successfully

2019-08-23 18:53:55 - [TEST_STEP][PASSED] - getStatusCode()).isEqualTo(200): null

2019-08-23 18:53:55 - [TEST_STEP][PASSED] - newline = System.getProperty("line.separator"): null

2019-08-23 18:53:55 - [TEST_STEP][PASSED] - M4_spin = new groovy.json.JsonSlurper(): null

2019-08-23 18:53:55 - [TEST_STEP][PASSED] - result_M4_spin = M4_spin.parseText(response.getResponseBodyContent()): null

2019-08-23 18:53:55 - [TEST_STEP][PASSED] - M4_spin_current_balance = current_balance: null

2019-08-23 18:53:55 - [TEST_STEP][PASSED] - M4_spin_current_balance = M4_spin_current_balance: null

2019-08-23 18:53:55 - [TEST_STEP][PASSED] - M4_spin_transaction_id = causality: null

2019-08-23 18:53:55 - [TEST_STEP][PASSED] - M4_spin_transaction_id = M4_spin_transaction_id: null

2019-08-23 18:53:55 - [TEST_STEP][PASSED] - M4_spin_round_id = round_id: null

2019-08-23 18:53:55 - [TEST_STEP][PASSED] - M4_spin_round_id = M4_spin_round_id: null

2019-08-23 18:53:55 - [TEST_STEP][PASSED] - M4_spin_line_wins = line_wins: null

2019-08-23 18:53:55 - [TEST_STEP][PASSED] - M4_spin_line_wins = M4_spin_line_wins: null

2019-08-23 18:53:55 - [TEST_STEP][PASSED] - M4_total_bonus_spins_int = total_bonus_spins: null

2019-08-23 18:53:55 - [TEST_STEP][PASSED] - println("******M4_total_bonus_spins type is:*******" + newline + getClass().getName()): null

2019-08-23 18:53:55 - [TEST_STEP][PASSED] - M4_total_bonus_spins_int = M4_total_bonus_spins_int: null

2019-08-23 18:53:55 - [TEST_STEP][PASSED] - M4_total_bonus_spins = Integer.toString(M4_total_bonus_spins_int): null

2019-08-23 18:53:55 - [TEST_STEP][PASSED] - M4_total_bonus_spins = M4_total_bonus_spins: null

2019-08-23 18:53:55 - [TEST_STEP][PASSED] - println("M4_total_bonus_spins is:" + M4_total_bonus_spins): null

2019-08-23 18:53:55 - [TEST_STEP][PASSED] - M4_spin_bonus_data = bonus_data: null

2019-08-23 18:53:55 - [TEST_STEP][PASSED] - M4_spin_features_triggered = result_M4_spin: null

2019-08-23 18:53:55 - [TEST_STEP][PASSED] - wild = []: null

2019-08-23 18:53:55 - [TEST_STEP][PASSED] - wild[0] = "WILD_Expanding": null

2019-08-23 18:53:55 - [TEST_STEP][PASSED] - wild[1] = "WILD_Normal": null

2019-08-23 18:53:55 - [TEST_STEP][PASSED] - wild[2] = "WILD_Double": null

2019-08-23 18:53:55 - [TEST_STEP][PASSED] - wild[3] = "WILD_ExtraFG": null

2019-08-23 18:53:55 - [TEST_STEP][PASSED] - wild[4] = "WILD_Triple": null

2019-08-23 18:53:55 - [TEST_STEP][PASSED] - wildList = Arrays.asList(wild): null

2019-08-23 18:53:55 - [TEST_STEP][PASSED] - wildList = wildList: null

2019-08-23 18:53:55 - [TEST_STEP][PASSED] - free_spin_reel_counter = []: null

2019-08-23 18:53:55 - [TEST_STEP][PASSED] - free_spin_reel_counter[0] = 0: null

2019-08-23 18:53:55 - [TEST_STEP][PASSED] - free_spin_reel_counter[1] = 0: null

2019-08-23 18:53:55 - [TEST_STEP][PASSED] - free_spin_reel_counter[2] = 0: null

2019-08-23 18:53:55 - [TEST_STEP][PASSED] - M4_spin_reels = reels: null

2019-08-23 18:53:55 - [TEST_STEP][PASSED] - for ([i = 0, i &lt; M4_spin_reels.size(), (i++)]): null

2019-08-23 18:53:55 - [TEST_STEP][PASSED] - symbols = symbols: null

2019-08-23 18:53:55 - [TEST_STEP][PASSED] - for ([j = 0, j &lt; symbols.size(), (j++)]): null

2019-08-23 18:53:55 - [TEST_STEP][PASSED] - symbol = symbol: null

2019-08-23 18:53:55 - [TEST_STEP][PASSED] - println(symbol): null

2019-08-23 18:53:55 - [TEST_STEP][PASSED] - if (i == 2 &amp;&amp; wildList.indexOf(symbol) != -1): null

2019-08-23 18:53:55 - [TEST_STEP][PASSED] - if (i == 3 &amp;&amp; wildList.indexOf(symbol) != -1): null

2019-08-23 18:53:55 - [TEST_STEP][PASSED] - if (i == 4 &amp;&amp; wildList.indexOf(symbol) != -1): null

2019-08-23 18:53:55 - [TEST_STEP][PASSED] - symbol = symbol: null

2019-08-23 18:53:55 - [TEST_STEP][PASSED] - println(symbol): null

2019-08-23 18:53:55 - [TEST_STEP][PASSED] - if (i == 2 &amp;&amp; wildList.indexOf(symbol) != -1): null

2019-08-23 18:53:55 - [TEST_STEP][PASSED] - if (i == 3 &amp;&amp; wildList.indexOf(symbol) != -1): null

2019-08-23 18:53:55 - [TEST_STEP][PASSED] - if (i == 4 &amp;&amp; wildList.indexOf(symbol) != -1): null

2019-08-23 18:53:55 - [TEST_STEP][PASSED] - symbol = symbol: null

2019-08-23 18:53:55 - [TEST_STEP][PASSED] - println(symbol): null

2019-08-23 18:53:55 - [TEST_STEP][PASSED] - if (i == 2 &amp;&amp; wildList.indexOf(symbol) != -1): null

2019-08-23 18:53:55 - [TEST_STEP][PASSED] - if (i == 3 &amp;&amp; wildList.indexOf(symbol) != -1): null

2019-08-23 18:53:55 - [TEST_STEP][PASSED] - if (i == 4 &amp;&amp; wildList.indexOf(symbol) != -1): null

2019-08-23 18:53:55 - [TEST_STEP][PASSED] - symbols = symbols: null

2019-08-23 18:53:55 - [TEST_STEP][PASSED] - for ([j = 0, j &lt; symbols.size(), (j++)]): null

2019-08-23 18:53:55 - [TEST_STEP][PASSED] - symbol = symbol: null

2019-08-23 18:53:55 - [TEST_STEP][PASSED] - println(symbol): null

2019-08-23 18:53:55 - [TEST_STEP][PASSED] - if (i == 2 &amp;&amp; wildList.indexOf(symbol) != -1): null

2019-08-23 18:53:55 - [TEST_STEP][PASSED] - if (i == 3 &amp;&amp; wildList.indexOf(symbol) != -1): null

2019-08-23 18:53:55 - [TEST_STEP][PASSED] - if (i == 4 &amp;&amp; wildList.indexOf(symbol) != -1): null

2019-08-23 18:53:55 - [TEST_STEP][PASSED] - symbol = symbol: null

2019-08-23 18:53:55 - [TEST_STEP][PASSED] - println(symbol): null

2019-08-23 18:53:55 - [TEST_STEP][PASSED] - if (i == 2 &amp;&amp; wildList.indexOf(symbol) != -1): null

2019-08-23 18:53:55 - [TEST_STEP][PASSED] - if (i == 3 &amp;&amp; wildList.indexOf(symbol) != -1): null

2019-08-23 18:53:55 - [TEST_STEP][PASSED] - if (i == 4 &amp;&amp; wildList.indexOf(symbol) != -1): null

2019-08-23 18:53:55 - [TEST_STEP][PASSED] - symbol = symbol: null

2019-08-23 18:53:55 - [TEST_STEP][PASSED] - println(symbol): null

2019-08-23 18:53:55 - [TEST_STEP][PASSED] - if (i == 2 &amp;&amp; wildList.indexOf(symbol) != -1): null

2019-08-23 18:53:55 - [TEST_STEP][PASSED] - if (i == 3 &amp;&amp; wildList.indexOf(symbol) != -1): null

2019-08-23 18:53:55 - [TEST_STEP][PASSED] - if (i == 4 &amp;&amp; wildList.indexOf(symbol) != -1): null

2019-08-23 18:53:55 - [TEST_STEP][PASSED] - symbols = symbols: null

2019-08-23 18:53:55 - [TEST_STEP][PASSED] - for ([j = 0, j &lt; symbols.size(), (j++)]): null

2019-08-23 18:53:55 - [TEST_STEP][PASSED] - symbol = symbol: null

2019-08-23 18:53:55 - [TEST_STEP][PASSED] - println(symbol): null

2019-08-23 18:53:55 - [TEST_STEP][PASSED] - if (i == 2 &amp;&amp; wildList.indexOf(symbol) != -1): null

2019-08-23 18:53:55 - [TEST_STEP][PASSED] - if (i == 3 &amp;&amp; wildList.indexOf(symbol) != -1): null

2019-08-23 18:53:55 - [TEST_STEP][PASSED] - if (i == 4 &amp;&amp; wildList.indexOf(symbol) != -1): null

2019-08-23 18:53:55 - [TEST_STEP][PASSED] - symbol = symbol: null

2019-08-23 18:53:55 - [TEST_STEP][PASSED] - println(symbol): null

2019-08-23 18:53:55 - [TEST_STEP][PASSED] - if (i == 2 &amp;&amp; wildList.indexOf(symbol) != -1): null

2019-08-23 18:53:55 - [TEST_STEP][PASSED] - if (i == 3 &amp;&amp; wildList.indexOf(symbol) != -1): null

2019-08-23 18:53:55 - [TEST_STEP][PASSED] - if (i == 4 &amp;&amp; wildList.indexOf(symbol) != -1): null

2019-08-23 18:53:55 - [TEST_STEP][PASSED] - symbol = symbol: null

2019-08-23 18:53:55 - [TEST_STEP][PASSED] - println(symbol): null

2019-08-23 18:53:55 - [TEST_STEP][PASSED] - if (i == 2 &amp;&amp; wildList.indexOf(symbol) != -1): null

2019-08-23 18:53:55 - [TEST_STEP][PASSED] - if (i == 3 &amp;&amp; wildList.indexOf(symbol) != -1): null

2019-08-23 18:53:55 - [TEST_STEP][PASSED] - if (i == 4 &amp;&amp; wildList.indexOf(symbol) != -1): null

2019-08-23 18:53:55 - [TEST_STEP][PASSED] - symbols = symbols: null

2019-08-23 18:53:55 - [TEST_STEP][PASSED] - for ([j = 0, j &lt; symbols.size(), (j++)]): null

2019-08-23 18:53:55 - [TEST_STEP][PASSED] - symbol = symbol: null

2019-08-23 18:53:55 - [TEST_STEP][PASSED] - println(symbol): null

2019-08-23 18:53:55 - [TEST_STEP][PASSED] - if (i == 2 &amp;&amp; wildList.indexOf(symbol) != -1): null

2019-08-23 18:53:55 - [TEST_STEP][PASSED] - if (i == 3 &amp;&amp; wildList.indexOf(symbol) != -1): null

2019-08-23 18:53:55 - [TEST_STEP][PASSED] - println("wild found on reel 4, adding counter by 1"): null

2019-08-23 18:53:55 - [TEST_STEP][PASSED] - free_spin_reel_counter[1] = free_spin_reel_counter[1] + 1: null

2019-08-23 18:53:55 - [TEST_STEP][PASSED] - if (i == 4 &amp;&amp; wildList.indexOf(symbol) != -1): null

2019-08-23 18:53:55 - [TEST_STEP][PASSED] - symbol = symbol: null

2019-08-23 18:53:55 - [TEST_STEP][PASSED] - println(symbol): null

2019-08-23 18:53:55 - [TEST_STEP][PASSED] - if (i == 2 &amp;&amp; wildList.indexOf(symbol) != -1): null

2019-08-23 18:53:55 - [TEST_STEP][PASSED] - if (i == 3 &amp;&amp; wildList.indexOf(symbol) != -1): null

2019-08-23 18:53:55 - [TEST_STEP][PASSED] - if (i == 4 &amp;&amp; wildList.indexOf(symbol) != -1): null

2019-08-23 18:53:55 - [TEST_STEP][PASSED] - symbol = symbol: null

2019-08-23 18:53:55 - [TEST_STEP][PASSED] - println(symbol): null

2019-08-23 18:53:55 - [TEST_STEP][PASSED] - if (i == 2 &amp;&amp; wildList.indexOf(symbol) != -1): null

2019-08-23 18:53:55 - [TEST_STEP][PASSED] - if (i == 3 &amp;&amp; wildList.indexOf(symbol) != -1): null

2019-08-23 18:53:55 - [TEST_STEP][PASSED] - if (i == 4 &amp;&amp; wildList.indexOf(symbol) != -1): null

2019-08-23 18:53:55 - [TEST_STEP][PASSED] - symbols = symbols: null

2019-08-23 18:53:55 - [TEST_STEP][PASSED] - for ([j = 0, j &lt; symbols.size(), (j++)]): null

2019-08-23 18:53:55 - [TEST_STEP][PASSED] - symbol = symbol: null

2019-08-23 18:53:55 - [TEST_STEP][PASSED] - println(symbol): null

2019-08-23 18:53:55 - [TEST_STEP][PASSED] - if (i == 2 &amp;&amp; wildList.indexOf(symbol) != -1): null

2019-08-23 18:53:55 - [TEST_STEP][PASSED] - if (i == 3 &amp;&amp; wildList.indexOf(symbol) != -1): null

2019-08-23 18:53:55 - [TEST_STEP][PASSED] - if (i == 4 &amp;&amp; wildList.indexOf(symbol) != -1): null

2019-08-23 18:53:55 - [TEST_STEP][PASSED] - symbol = symbol: null

2019-08-23 18:53:55 - [TEST_STEP][PASSED] - println(symbol): null

2019-08-23 18:53:55 - [TEST_STEP][PASSED] - if (i == 2 &amp;&amp; wildList.indexOf(symbol) != -1): null

2019-08-23 18:53:55 - [TEST_STEP][PASSED] - if (i == 3 &amp;&amp; wildList.indexOf(symbol) != -1): null

2019-08-23 18:53:55 - [TEST_STEP][PASSED] - if (i == 4 &amp;&amp; wildList.indexOf(symbol) != -1): null

2019-08-23 18:53:55 - [TEST_STEP][PASSED] - symbol = symbol: null

2019-08-23 18:53:55 - [TEST_STEP][PASSED] - println(symbol): null

2019-08-23 18:53:55 - [TEST_STEP][PASSED] - if (i == 2 &amp;&amp; wildList.indexOf(symbol) != -1): null

2019-08-23 18:53:55 - [TEST_STEP][PASSED] - if (i == 3 &amp;&amp; wildList.indexOf(symbol) != -1): null

2019-08-23 18:53:55 - [TEST_STEP][PASSED] - if (i == 4 &amp;&amp; wildList.indexOf(symbol) != -1): null

2019-08-23 18:53:55 - [TEST_STEP][PASSED] - free_spin_reel_counter = free_spin_reel_counter: null

2019-08-23 18:53:55 - [TEST_STEP][PASSED] - println("reel 3 wild found: " + free_spin_reel_counter[0]): null

2019-08-23 18:53:55 - [TEST_STEP][PASSED] - println("reel 4 wild found: " + free_spin_reel_counter[1]): null

2019-08-23 18:53:55 - [TEST_STEP][PASSED] - println("reel 5 wild found: " + free_spin_reel_counter[2]): null

2019-08-23 18:53:55 - [TEST_STEP][PASSED] - M4_spin_reels = M4_spin_reels: null

2019-08-23 18:53:55 - [TEST_STEP][PASSED] - M4_spin_reels_symbols = symbol: null

2019-08-23 18:53:55 - [TEST_STEP][PASSED] - M4_spin_reels_symbols = M4_spin_reels_symbols: null

2019-08-23 18:53:55 - [TEST_STEP][PASSED] - M4_spin_reel_wins = reel_wins: null

2019-08-23 18:53:55 - [TEST_STEP][PASSED] - M4_spin_reel_wins = M4_spin_reel_wins: null

2019-08-23 18:53:55 - [TEST_STEP][PASSED] - println("GlobalVariable.M4_spin_reel_wins is: " + M4_spin_reel_wins): null

2019-08-23 18:53:55 - [TEST_STEP][PASSED] - M4_spin_total_bonus_win_this_round = total_bonus_win_this_round: null

2019-08-23 18:53:55 - [TEST_STEP][PASSED] - M4_spin_total_bonus_win_this_round = M4_spin_total_bonus_win_this_round: null

2019-08-23 18:53:55 - [TEST_STEP][PASSED] - println("GlobalVariable.M4_spin_total_bonus_win_this_round is: " + M4_spin_total_bonus_win_this_round): null

2019-08-23 18:53:55 - [TEST_STEP][PASSED] - M4_spin_bonus_spin_result = spin_result: null

2019-08-23 18:53:55 - [TEST_STEP][PASSED] - M4_spin_bonus_spin_result = M4_spin_bonus_spin_result: null

2019-08-23 18:53:55 - [MESSAGE][PASSED] - Verify response successfully

2019-08-23 18:53:55 - [MESSAGE][PASSED] - Send request and verify the response successfully

2019-08-23 18:53:55 - [TEST_STEP][PASSED] - if (free_spin_reel_counter[0] &gt;= 1 &amp;&amp; free_spin_reel_counter[1] &gt;= 1 &amp;&amp; free_spin_reel_counter[2] &gt;= 1): null

2019-08-23 18:53:55 - [TEST_STEP][PASSED] - spin_result = sendRequestAndVerify(findTestObject("INT/RGS(M4)/1_M4_spin", ["M4_login_user_id":M4_login_user_id, "rgs_session_token":rgs_session_token, "partner":Partner])): Send request and verify the response successfully

2019-08-23 18:53:55 - [MESSAGE][INFO] - HAR: /Users/eiralee/Katalon_Script/SuperWild/Reports/20190823_184757/INT/superWild_1/20190823_184757/requests/main/116.har

2019-08-23 18:53:55 - [TEST_CASE][PASSED] - Start Test Case : Verification: Verification accomplished successfully

2019-08-23 18:53:56 - [TEST_STEP][PASSED] - request = getInstance().getCurrentRequest(): null

2019-08-23 18:53:56 - [TEST_STEP][PASSED] - response = getInstance().getCurrentResponse(): null

2019-08-23 18:53:56 - [TEST_STEP][PASSED] - verifyResponseStatusCode(response, 200): Verify response status code successfully

2019-08-23 18:53:56 - [MESSAGE][PASSED] - Verify response status code successfully

2019-08-23 18:53:56 - [TEST_STEP][PASSED] - getStatusCode()).isEqualTo(200): null

2019-08-23 18:53:56 - [TEST_STEP][PASSED] - newline = System.getProperty("line.separator"): null

2019-08-23 18:53:56 - [TEST_STEP][PASSED] - M4_spin = new groovy.json.JsonSlurper(): null

2019-08-23 18:53:56 - [TEST_STEP][PASSED] - result_M4_spin = M4_spin.parseText(response.getResponseBodyContent()): null

2019-08-23 18:53:56 - [TEST_STEP][PASSED] - M4_spin_current_balance = current_balance: null

2019-08-23 18:53:56 - [TEST_STEP][PASSED] - M4_spin_current_balance = M4_spin_current_balance: null

2019-08-23 18:53:56 - [TEST_STEP][PASSED] - M4_spin_transaction_id = causality: null

2019-08-23 18:53:56 - [TEST_STEP][PASSED] - M4_spin_transaction_id = M4_spin_transaction_id: null

2019-08-23 18:53:56 - [TEST_STEP][PASSED] - M4_spin_round_id = round_id: null

2019-08-23 18:53:56 - [TEST_STEP][PASSED] - M4_spin_round_id = M4_spin_round_id: null

2019-08-23 18:53:56 - [TEST_STEP][PASSED] - M4_spin_line_wins = line_wins: null

2019-08-23 18:53:56 - [TEST_STEP][PASSED] - M4_spin_line_wins = M4_spin_line_wins: null

2019-08-23 18:53:56 - [TEST_STEP][PASSED] - M4_total_bonus_spins_int = total_bonus_spins: null

2019-08-23 18:53:56 - [TEST_STEP][PASSED] - println("******M4_total_bonus_spins type is:*******" + newline + getClass().getName()): null

2019-08-23 18:53:56 - [TEST_STEP][PASSED] - M4_total_bonus_spins_int = M4_total_bonus_spins_int: null

2019-08-23 18:53:56 - [TEST_STEP][PASSED] - M4_total_bonus_spins = Integer.toString(M4_total_bonus_spins_int): null

2019-08-23 18:53:56 - [TEST_STEP][PASSED] - M4_total_bonus_spins = M4_total_bonus_spins: null

2019-08-23 18:53:56 - [TEST_STEP][PASSED] - println("M4_total_bonus_spins is:" + M4_total_bonus_spins): null

2019-08-23 18:53:56 - [TEST_STEP][PASSED] - M4_spin_bonus_data = bonus_data: null

2019-08-23 18:53:56 - [TEST_STEP][PASSED] - M4_spin_features_triggered = result_M4_spin: null

2019-08-23 18:53:56 - [TEST_STEP][PASSED] - wild = []: null

2019-08-23 18:53:56 - [TEST_STEP][PASSED] - wild[0] = "WILD_Expanding": null

2019-08-23 18:53:56 - [TEST_STEP][PASSED] - wild[1] = "WILD_Normal": null

2019-08-23 18:53:56 - [TEST_STEP][PASSED] - wild[2] = "WILD_Double": null

2019-08-23 18:53:56 - [TEST_STEP][PASSED] - wild[3] = "WILD_ExtraFG": null

2019-08-23 18:53:56 - [TEST_STEP][PASSED] - wild[4] = "WILD_Triple": null

2019-08-23 18:53:56 - [TEST_STEP][PASSED] - wildList = Arrays.asList(wild): null

2019-08-23 18:53:56 - [TEST_STEP][PASSED] - wildList = wildList: null

2019-08-23 18:53:56 - [TEST_STEP][PASSED] - free_spin_reel_counter = []: null

2019-08-23 18:53:56 - [TEST_STEP][PASSED] - free_spin_reel_counter[0] = 0: null

2019-08-23 18:53:56 - [TEST_STEP][PASSED] - free_spin_reel_counter[1] = 0: null

2019-08-23 18:53:56 - [TEST_STEP][PASSED] - free_spin_reel_counter[2] = 0: null

2019-08-23 18:53:56 - [TEST_STEP][PASSED] - M4_spin_reels = reels: null

2019-08-23 18:53:56 - [TEST_STEP][PASSED] - for ([i = 0, i &lt; M4_spin_reels.size(), (i++)]): null

2019-08-23 18:53:56 - [TEST_STEP][PASSED] - symbols = symbols: null

2019-08-23 18:53:56 - [TEST_STEP][PASSED] - for ([j = 0, j &lt; symbols.size(), (j++)]): null

2019-08-23 18:53:56 - [TEST_STEP][PASSED] - symbol = symbol: null

2019-08-23 18:53:56 - [TEST_STEP][PASSED] - println(symbol): null

2019-08-23 18:53:56 - [TEST_STEP][PASSED] - if (i == 2 &amp;&amp; wildList.indexOf(symbol) != -1): null

2019-08-23 18:53:56 - [TEST_STEP][PASSED] - if (i == 3 &amp;&amp; wildList.indexOf(symbol) != -1): null

2019-08-23 18:53:56 - [TEST_STEP][PASSED] - if (i == 4 &amp;&amp; wildList.indexOf(symbol) != -1): null

2019-08-23 18:53:56 - [TEST_STEP][PASSED] - symbol = symbol: null

2019-08-23 18:53:56 - [TEST_STEP][PASSED] - println(symbol): null

2019-08-23 18:53:56 - [TEST_STEP][PASSED] - if (i == 2 &amp;&amp; wildList.indexOf(symbol) != -1): null

2019-08-23 18:53:56 - [TEST_STEP][PASSED] - if (i == 3 &amp;&amp; wildList.indexOf(symbol) != -1): null

2019-08-23 18:53:56 - [TEST_STEP][PASSED] - if (i == 4 &amp;&amp; wildList.indexOf(symbol) != -1): null

2019-08-23 18:53:56 - [TEST_STEP][PASSED] - symbol = symbol: null

2019-08-23 18:53:56 - [TEST_STEP][PASSED] - println(symbol): null

2019-08-23 18:53:56 - [TEST_STEP][PASSED] - if (i == 2 &amp;&amp; wildList.indexOf(symbol) != -1): null

2019-08-23 18:53:56 - [TEST_STEP][PASSED] - if (i == 3 &amp;&amp; wildList.indexOf(symbol) != -1): null

2019-08-23 18:53:56 - [TEST_STEP][PASSED] - if (i == 4 &amp;&amp; wildList.indexOf(symbol) != -1): null

2019-08-23 18:53:56 - [TEST_STEP][PASSED] - symbols = symbols: null

2019-08-23 18:53:56 - [TEST_STEP][PASSED] - for ([j = 0, j &lt; symbols.size(), (j++)]): null

2019-08-23 18:53:56 - [TEST_STEP][PASSED] - symbol = symbol: null

2019-08-23 18:53:56 - [TEST_STEP][PASSED] - println(symbol): null

2019-08-23 18:53:56 - [TEST_STEP][PASSED] - if (i == 2 &amp;&amp; wildList.indexOf(symbol) != -1): null

2019-08-23 18:53:56 - [TEST_STEP][PASSED] - if (i == 3 &amp;&amp; wildList.indexOf(symbol) != -1): null

2019-08-23 18:53:56 - [TEST_STEP][PASSED] - if (i == 4 &amp;&amp; wildList.indexOf(symbol) != -1): null

2019-08-23 18:53:56 - [TEST_STEP][PASSED] - symbol = symbol: null

2019-08-23 18:53:56 - [TEST_STEP][PASSED] - println(symbol): null

2019-08-23 18:53:56 - [TEST_STEP][PASSED] - if (i == 2 &amp;&amp; wildList.indexOf(symbol) != -1): null

2019-08-23 18:53:56 - [TEST_STEP][PASSED] - if (i == 3 &amp;&amp; wildList.indexOf(symbol) != -1): null

2019-08-23 18:53:56 - [TEST_STEP][PASSED] - if (i == 4 &amp;&amp; wildList.indexOf(symbol) != -1): null

2019-08-23 18:53:56 - [TEST_STEP][PASSED] - symbol = symbol: null

2019-08-23 18:53:56 - [TEST_STEP][PASSED] - println(symbol): null

2019-08-23 18:53:56 - [TEST_STEP][PASSED] - if (i == 2 &amp;&amp; wildList.indexOf(symbol) != -1): null

2019-08-23 18:53:56 - [TEST_STEP][PASSED] - if (i == 3 &amp;&amp; wildList.indexOf(symbol) != -1): null

2019-08-23 18:53:56 - [TEST_STEP][PASSED] - if (i == 4 &amp;&amp; wildList.indexOf(symbol) != -1): null

2019-08-23 18:53:56 - [TEST_STEP][PASSED] - symbols = symbols: null

2019-08-23 18:53:56 - [TEST_STEP][PASSED] - for ([j = 0, j &lt; symbols.size(), (j++)]): null

2019-08-23 18:53:56 - [TEST_STEP][PASSED] - symbol = symbol: null

2019-08-23 18:53:56 - [TEST_STEP][PASSED] - println(symbol): null

2019-08-23 18:53:56 - [TEST_STEP][PASSED] - if (i == 2 &amp;&amp; wildList.indexOf(symbol) != -1): null

2019-08-23 18:53:56 - [TEST_STEP][PASSED] - if (i == 3 &amp;&amp; wildList.indexOf(symbol) != -1): null

2019-08-23 18:53:56 - [TEST_STEP][PASSED] - if (i == 4 &amp;&amp; wildList.indexOf(symbol) != -1): null

2019-08-23 18:53:56 - [TEST_STEP][PASSED] - symbol = symbol: null

2019-08-23 18:53:56 - [TEST_STEP][PASSED] - println(symbol): null

2019-08-23 18:53:56 - [TEST_STEP][PASSED] - if (i == 2 &amp;&amp; wildList.indexOf(symbol) != -1): null

2019-08-23 18:53:56 - [TEST_STEP][PASSED] - if (i == 3 &amp;&amp; wildList.indexOf(symbol) != -1): null

2019-08-23 18:53:56 - [TEST_STEP][PASSED] - if (i == 4 &amp;&amp; wildList.indexOf(symbol) != -1): null

2019-08-23 18:53:56 - [TEST_STEP][PASSED] - symbol = symbol: null

2019-08-23 18:53:56 - [TEST_STEP][PASSED] - println(symbol): null

2019-08-23 18:53:56 - [TEST_STEP][PASSED] - if (i == 2 &amp;&amp; wildList.indexOf(symbol) != -1): null

2019-08-23 18:53:56 - [TEST_STEP][PASSED] - if (i == 3 &amp;&amp; wildList.indexOf(symbol) != -1): null

2019-08-23 18:53:56 - [TEST_STEP][PASSED] - if (i == 4 &amp;&amp; wildList.indexOf(symbol) != -1): null

2019-08-23 18:53:56 - [TEST_STEP][PASSED] - symbols = symbols: null

2019-08-23 18:53:56 - [TEST_STEP][PASSED] - for ([j = 0, j &lt; symbols.size(), (j++)]): null

2019-08-23 18:53:56 - [TEST_STEP][PASSED] - symbol = symbol: null

2019-08-23 18:53:56 - [TEST_STEP][PASSED] - println(symbol): null

2019-08-23 18:53:56 - [TEST_STEP][PASSED] - if (i == 2 &amp;&amp; wildList.indexOf(symbol) != -1): null

2019-08-23 18:53:56 - [TEST_STEP][PASSED] - if (i == 3 &amp;&amp; wildList.indexOf(symbol) != -1): null

2019-08-23 18:53:56 - [TEST_STEP][PASSED] - if (i == 4 &amp;&amp; wildList.indexOf(symbol) != -1): null

2019-08-23 18:53:56 - [TEST_STEP][PASSED] - symbol = symbol: null

2019-08-23 18:53:56 - [TEST_STEP][PASSED] - println(symbol): null

2019-08-23 18:53:56 - [TEST_STEP][PASSED] - if (i == 2 &amp;&amp; wildList.indexOf(symbol) != -1): null

2019-08-23 18:53:56 - [TEST_STEP][PASSED] - if (i == 3 &amp;&amp; wildList.indexOf(symbol) != -1): null

2019-08-23 18:53:56 - [TEST_STEP][PASSED] - if (i == 4 &amp;&amp; wildList.indexOf(symbol) != -1): null

2019-08-23 18:53:56 - [TEST_STEP][PASSED] - symbol = symbol: null

2019-08-23 18:53:58 - [TEST_STEP][PASSED] - println(symbol): null

2019-08-23 18:53:58 - [TEST_STEP][PASSED] - if (i == 2 &amp;&amp; wildList.indexOf(symbol) != -1): null

2019-08-23 18:53:58 - [TEST_STEP][PASSED] - if (i == 3 &amp;&amp; wildList.indexOf(symbol) != -1): null

2019-08-23 18:53:58 - [TEST_STEP][PASSED] - if (i == 4 &amp;&amp; wildList.indexOf(symbol) != -1): null

2019-08-23 18:53:58 - [TEST_STEP][PASSED] - symbols = symbols: null

2019-08-23 18:53:58 - [TEST_STEP][PASSED] - for ([j = 0, j &lt; symbols.size(), (j++)]): null

2019-08-23 18:53:58 - [TEST_STEP][PASSED] - symbol = symbol: null

2019-08-23 18:53:58 - [TEST_STEP][PASSED] - println(symbol): null

2019-08-23 18:53:58 - [TEST_STEP][PASSED] - if (i == 2 &amp;&amp; wildList.indexOf(symbol) != -1): null

2019-08-23 18:53:58 - [TEST_STEP][PASSED] - if (i == 3 &amp;&amp; wildList.indexOf(symbol) != -1): null

2019-08-23 18:53:58 - [TEST_STEP][PASSED] - if (i == 4 &amp;&amp; wildList.indexOf(symbol) != -1): null

2019-08-23 18:53:58 - [TEST_STEP][PASSED] - symbol = symbol: null

2019-08-23 18:53:58 - [TEST_STEP][PASSED] - println(symbol): null

2019-08-23 18:53:58 - [TEST_STEP][PASSED] - if (i == 2 &amp;&amp; wildList.indexOf(symbol) != -1): null

2019-08-23 18:53:58 - [TEST_STEP][PASSED] - if (i == 3 &amp;&amp; wildList.indexOf(symbol) != -1): null

2019-08-23 18:53:58 - [TEST_STEP][PASSED] - if (i == 4 &amp;&amp; wildList.indexOf(symbol) != -1): null

2019-08-23 18:53:58 - [TEST_STEP][PASSED] - symbol = symbol: null

2019-08-23 18:53:58 - [TEST_STEP][PASSED] - println(symbol): null

2019-08-23 18:53:58 - [TEST_STEP][PASSED] - if (i == 2 &amp;&amp; wildList.indexOf(symbol) != -1): null

2019-08-23 18:53:58 - [TEST_STEP][PASSED] - if (i == 3 &amp;&amp; wildList.indexOf(symbol) != -1): null

2019-08-23 18:53:58 - [TEST_STEP][PASSED] - if (i == 4 &amp;&amp; wildList.indexOf(symbol) != -1): null

2019-08-23 18:53:58 - [TEST_STEP][PASSED] - free_spin_reel_counter = free_spin_reel_counter: null

2019-08-23 18:53:58 - [TEST_STEP][PASSED] - println("reel 3 wild found: " + free_spin_reel_counter[0]): null

2019-08-23 18:53:58 - [TEST_STEP][PASSED] - println("reel 4 wild found: " + free_spin_reel_counter[1]): null

2019-08-23 18:53:58 - [TEST_STEP][PASSED] - println("reel 5 wild found: " + free_spin_reel_counter[2]): null

2019-08-23 18:53:58 - [TEST_STEP][PASSED] - M4_spin_reels = M4_spin_reels: null

2019-08-23 18:53:58 - [TEST_STEP][PASSED] - M4_spin_reels_symbols = symbol: null

2019-08-23 18:53:58 - [TEST_STEP][PASSED] - M4_spin_reels_symbols = M4_spin_reels_symbols: null

2019-08-23 18:53:58 - [TEST_STEP][PASSED] - M4_spin_reel_wins = reel_wins: null

2019-08-23 18:53:58 - [TEST_STEP][PASSED] - M4_spin_reel_wins = M4_spin_reel_wins: null

2019-08-23 18:53:58 - [TEST_STEP][PASSED] - println("GlobalVariable.M4_spin_reel_wins is: " + M4_spin_reel_wins): null

2019-08-23 18:53:58 - [TEST_STEP][PASSED] - M4_spin_total_bonus_win_this_round = total_bonus_win_this_round: null

2019-08-23 18:53:58 - [TEST_STEP][PASSED] - M4_spin_total_bonus_win_this_round = M4_spin_total_bonus_win_this_round: null

2019-08-23 18:53:58 - [TEST_STEP][PASSED] - println("GlobalVariable.M4_spin_total_bonus_win_this_round is: " + M4_spin_total_bonus_win_this_round): null

2019-08-23 18:53:58 - [TEST_STEP][PASSED] - M4_spin_bonus_spin_result = spin_result: null

2019-08-23 18:53:58 - [TEST_STEP][PASSED] - M4_spin_bonus_spin_result = M4_spin_bonus_spin_result: null

2019-08-23 18:53:58 - [MESSAGE][PASSED] - Verify response successfully

2019-08-23 18:53:58 - [MESSAGE][PASSED] - Send request and verify the response successfully

2019-08-23 18:53:58 - [TEST_STEP][PASSED] - if (free_spin_reel_counter[0] &gt;= 1 &amp;&amp; free_spin_reel_counter[1] &gt;= 1 &amp;&amp; free_spin_reel_counter[2] &gt;= 1): null

2019-08-23 18:53:58 - [TEST_STEP][PASSED] - spin_result = sendRequestAndVerify(findTestObject("INT/RGS(M4)/1_M4_spin", ["M4_login_user_id":M4_login_user_id, "rgs_session_token":rgs_session_token, "partner":Partner])): Send request and verify the response successfully

2019-08-23 18:53:58 - [MESSAGE][INFO] - HAR: /Users/eiralee/Katalon_Script/SuperWild/Reports/20190823_184757/INT/superWild_1/20190823_184757/requests/main/117.har

2019-08-23 18:53:58 - [TEST_CASE][PASSED] - Start Test Case : Verification: Verification accomplished successfully

2019-08-23 18:53:58 - [TEST_STEP][PASSED] - request = getInstance().getCurrentRequest(): null

2019-08-23 18:53:58 - [TEST_STEP][PASSED] - response = getInstance().getCurrentResponse(): null

2019-08-23 18:53:58 - [TEST_STEP][PASSED] - verifyResponseStatusCode(response, 200): Verify response status code successfully

2019-08-23 18:53:58 - [MESSAGE][PASSED] - Verify response status code successfully

2019-08-23 18:53:58 - [TEST_STEP][PASSED] - getStatusCode()).isEqualTo(200): null

2019-08-23 18:53:58 - [TEST_STEP][PASSED] - newline = System.getProperty("line.separator"): null

2019-08-23 18:53:58 - [TEST_STEP][PASSED] - M4_spin = new groovy.json.JsonSlurper(): null

2019-08-23 18:53:58 - [TEST_STEP][PASSED] - result_M4_spin = M4_spin.parseText(response.getResponseBodyContent()): null

2019-08-23 18:53:58 - [TEST_STEP][PASSED] - M4_spin_current_balance = current_balance: null

2019-08-23 18:53:58 - [TEST_STEP][PASSED] - M4_spin_current_balance = M4_spin_current_balance: null

2019-08-23 18:53:58 - [TEST_STEP][PASSED] - M4_spin_transaction_id = causality: null

2019-08-23 18:53:58 - [TEST_STEP][PASSED] - M4_spin_transaction_id = M4_spin_transaction_id: null

2019-08-23 18:53:58 - [TEST_STEP][PASSED] - M4_spin_round_id = round_id: null

2019-08-23 18:53:58 - [TEST_STEP][PASSED] - M4_spin_round_id = M4_spin_round_id: null

2019-08-23 18:53:58 - [TEST_STEP][PASSED] - M4_spin_line_wins = line_wins: null

2019-08-23 18:53:58 - [TEST_STEP][PASSED] - M4_spin_line_wins = M4_spin_line_wins: null

2019-08-23 18:53:58 - [TEST_STEP][PASSED] - M4_total_bonus_spins_int = total_bonus_spins: null

2019-08-23 18:53:58 - [TEST_STEP][PASSED] - println("******M4_total_bonus_spins type is:*******" + newline + getClass().getName()): null

2019-08-23 18:53:58 - [TEST_STEP][PASSED] - M4_total_bonus_spins_int = M4_total_bonus_spins_int: null

2019-08-23 18:53:58 - [TEST_STEP][PASSED] - M4_total_bonus_spins = Integer.toString(M4_total_bonus_spins_int): null

2019-08-23 18:53:58 - [TEST_STEP][PASSED] - M4_total_bonus_spins = M4_total_bonus_spins: null

2019-08-23 18:53:58 - [TEST_STEP][PASSED] - println("M4_total_bonus_spins is:" + M4_total_bonus_spins): null

2019-08-23 18:53:58 - [TEST_STEP][PASSED] - M4_spin_bonus_data = bonus_data: null

2019-08-23 18:53:58 - [TEST_STEP][PASSED] - M4_spin_features_triggered = result_M4_spin: null

2019-08-23 18:53:58 - [TEST_STEP][PASSED] - wild = []: null

2019-08-23 18:53:58 - [TEST_STEP][PASSED] - wild[0] = "WILD_Expanding": null

2019-08-23 18:53:58 - [TEST_STEP][PASSED] - wild[1] = "WILD_Normal": null

2019-08-23 18:53:58 - [TEST_STEP][PASSED] - wild[2] = "WILD_Double": null

2019-08-23 18:53:58 - [TEST_STEP][PASSED] - wild[3] = "WILD_ExtraFG": null

2019-08-23 18:53:58 - [TEST_STEP][PASSED] - wild[4] = "WILD_Triple": null

2019-08-23 18:53:58 - [TEST_STEP][PASSED] - wildList = Arrays.asList(wild): null

2019-08-23 18:53:58 - [TEST_STEP][PASSED] - wildList = wildList: null

2019-08-23 18:53:58 - [TEST_STEP][PASSED] - free_spin_reel_counter = []: null

2019-08-23 18:53:58 - [TEST_STEP][PASSED] - free_spin_reel_counter[0] = 0: null

2019-08-23 18:53:58 - [TEST_STEP][PASSED] - free_spin_reel_counter[1] = 0: null

2019-08-23 18:53:58 - [TEST_STEP][PASSED] - free_spin_reel_counter[2] = 0: null

2019-08-23 18:53:58 - [TEST_STEP][PASSED] - M4_spin_reels = reels: null

2019-08-23 18:53:58 - [TEST_STEP][PASSED] - for ([i = 0, i &lt; M4_spin_reels.size(), (i++)]): null

2019-08-23 18:53:58 - [TEST_STEP][PASSED] - symbols = symbols: null

2019-08-23 18:53:58 - [TEST_STEP][PASSED] - for ([j = 0, j &lt; symbols.size(), (j++)]): null

2019-08-23 18:53:58 - [TEST_STEP][PASSED] - symbol = symbol: null

2019-08-23 18:53:58 - [TEST_STEP][PASSED] - println(symbol): null

2019-08-23 18:53:58 - [TEST_STEP][PASSED] - if (i == 2 &amp;&amp; wildList.indexOf(symbol) != -1): null

2019-08-23 18:53:58 - [TEST_STEP][PASSED] - if (i == 3 &amp;&amp; wildList.indexOf(symbol) != -1): null

2019-08-23 18:53:58 - [TEST_STEP][PASSED] - if (i == 4 &amp;&amp; wildList.indexOf(symbol) != -1): null

2019-08-23 18:53:58 - [TEST_STEP][PASSED] - symbol = symbol: null

2019-08-23 18:53:58 - [TEST_STEP][PASSED] - println(symbol): null

2019-08-23 18:53:58 - [TEST_STEP][PASSED] - if (i == 2 &amp;&amp; wildList.indexOf(symbol) != -1): null

2019-08-23 18:53:58 - [TEST_STEP][PASSED] - if (i == 3 &amp;&amp; wildList.indexOf(symbol) != -1): null

2019-08-23 18:53:58 - [TEST_STEP][PASSED] - if (i == 4 &amp;&amp; wildList.indexOf(symbol) != -1): null

2019-08-23 18:53:58 - [TEST_STEP][PASSED] - symbol = symbol: null

2019-08-23 18:53:58 - [TEST_STEP][PASSED] - println(symbol): null

2019-08-23 18:53:58 - [TEST_STEP][PASSED] - if (i == 2 &amp;&amp; wildList.indexOf(symbol) != -1): null

2019-08-23 18:53:58 - [TEST_STEP][PASSED] - if (i == 3 &amp;&amp; wildList.indexOf(symbol) != -1): null

2019-08-23 18:53:58 - [TEST_STEP][PASSED] - if (i == 4 &amp;&amp; wildList.indexOf(symbol) != -1): null

2019-08-23 18:53:58 - [TEST_STEP][PASSED] - symbols = symbols: null

2019-08-23 18:53:58 - [TEST_STEP][PASSED] - for ([j = 0, j &lt; symbols.size(), (j++)]): null

2019-08-23 18:53:58 - [TEST_STEP][PASSED] - symbol = symbol: null

2019-08-23 18:53:58 - [TEST_STEP][PASSED] - println(symbol): null

2019-08-23 18:53:58 - [TEST_STEP][PASSED] - if (i == 2 &amp;&amp; wildList.indexOf(symbol) != -1): null

2019-08-23 18:53:58 - [TEST_STEP][PASSED] - if (i == 3 &amp;&amp; wildList.indexOf(symbol) != -1): null

2019-08-23 18:53:58 - [TEST_STEP][PASSED] - if (i == 4 &amp;&amp; wildList.indexOf(symbol) != -1): null

2019-08-23 18:53:58 - [TEST_STEP][PASSED] - symbol = symbol: null

2019-08-23 18:53:58 - [TEST_STEP][PASSED] - println(symbol): null

2019-08-23 18:53:58 - [TEST_STEP][PASSED] - if (i == 2 &amp;&amp; wildList.indexOf(symbol) != -1): null

2019-08-23 18:53:58 - [TEST_STEP][PASSED] - if (i == 3 &amp;&amp; wildList.indexOf(symbol) != -1): null

2019-08-23 18:53:58 - [TEST_STEP][PASSED] - if (i == 4 &amp;&amp; wildList.indexOf(symbol) != -1): null

2019-08-23 18:53:58 - [TEST_STEP][PASSED] - symbol = symbol: null

2019-08-23 18:53:58 - [TEST_STEP][PASSED] - println(symbol): null

2019-08-23 18:53:58 - [TEST_STEP][PASSED] - if (i == 2 &amp;&amp; wildList.indexOf(symbol) != -1): null

2019-08-23 18:53:58 - [TEST_STEP][PASSED] - if (i == 3 &amp;&amp; wildList.indexOf(symbol) != -1): null

2019-08-23 18:53:58 - [TEST_STEP][PASSED] - if (i == 4 &amp;&amp; wildList.indexOf(symbol) != -1): null

2019-08-23 18:53:58 - [TEST_STEP][PASSED] - symbols = symbols: null

2019-08-23 18:53:58 - [TEST_STEP][PASSED] - for ([j = 0, j &lt; symbols.size(), (j++)]): null

2019-08-23 18:53:58 - [TEST_STEP][PASSED] - symbol = symbol: null

2019-08-23 18:53:58 - [TEST_STEP][PASSED] - println(symbol): null

2019-08-23 18:53:58 - [TEST_STEP][PASSED] - if (i == 2 &amp;&amp; wildList.indexOf(symbol) != -1): null

2019-08-23 18:53:58 - [TEST_STEP][PASSED] - if (i == 3 &amp;&amp; wildList.indexOf(symbol) != -1): null

2019-08-23 18:53:58 - [TEST_STEP][PASSED] - if (i == 4 &amp;&amp; wildList.indexOf(symbol) != -1): null

2019-08-23 18:53:58 - [TEST_STEP][PASSED] - symbol = symbol: null

2019-08-23 18:53:58 - [TEST_STEP][PASSED] - println(symbol): null

2019-08-23 18:53:58 - [TEST_STEP][PASSED] - if (i == 2 &amp;&amp; wildList.indexOf(symbol) != -1): null

2019-08-23 18:53:58 - [TEST_STEP][PASSED] - if (i == 3 &amp;&amp; wildList.indexOf(symbol) != -1): null

2019-08-23 18:53:58 - [TEST_STEP][PASSED] - if (i == 4 &amp;&amp; wildList.indexOf(symbol) != -1): null

2019-08-23 18:53:58 - [TEST_STEP][PASSED] - symbol = symbol: null

2019-08-23 18:53:58 - [TEST_STEP][PASSED] - println(symbol): null

2019-08-23 18:53:58 - [TEST_STEP][PASSED] - if (i == 2 &amp;&amp; wildList.indexOf(symbol) != -1): null

2019-08-23 18:53:58 - [TEST_STEP][PASSED] - if (i == 3 &amp;&amp; wildList.indexOf(symbol) != -1): null

2019-08-23 18:53:58 - [TEST_STEP][PASSED] - if (i == 4 &amp;&amp; wildList.indexOf(symbol) != -1): null

2019-08-23 18:53:58 - [TEST_STEP][PASSED] - symbols = symbols: null

2019-08-23 18:53:58 - [TEST_STEP][PASSED] - for ([j = 0, j &lt; symbols.size(), (j++)]): null

2019-08-23 18:53:58 - [TEST_STEP][PASSED] - symbol = symbol: null

2019-08-23 18:53:58 - [TEST_STEP][PASSED] - println(symbol): null

2019-08-23 18:53:58 - [TEST_STEP][PASSED] - if (i == 2 &amp;&amp; wildList.indexOf(symbol) != -1): null

2019-08-23 18:53:58 - [TEST_STEP][PASSED] - if (i == 3 &amp;&amp; wildList.indexOf(symbol) != -1): null

2019-08-23 18:53:58 - [TEST_STEP][PASSED] - if (i == 4 &amp;&amp; wildList.indexOf(symbol) != -1): null

2019-08-23 18:53:58 - [TEST_STEP][PASSED] - symbol = symbol: null

2019-08-23 18:53:58 - [TEST_STEP][PASSED] - println(symbol): null

2019-08-23 18:53:58 - [TEST_STEP][PASSED] - if (i == 2 &amp;&amp; wildList.indexOf(symbol) != -1): null

2019-08-23 18:53:58 - [TEST_STEP][PASSED] - if (i == 3 &amp;&amp; wildList.indexOf(symbol) != -1): null

2019-08-23 18:53:58 - [TEST_STEP][PASSED] - if (i == 4 &amp;&amp; wildList.indexOf(symbol) != -1): null

2019-08-23 18:53:58 - [TEST_STEP][PASSED] - symbol = symbol: null

2019-08-23 18:53:58 - [TEST_STEP][PASSED] - println(symbol): null

2019-08-23 18:53:58 - [TEST_STEP][PASSED] - if (i == 2 &amp;&amp; wildList.indexOf(symbol) != -1): null

2019-08-23 18:53:58 - [TEST_STEP][PASSED] - if (i == 3 &amp;&amp; wildList.indexOf(symbol) != -1): null

2019-08-23 18:53:58 - [TEST_STEP][PASSED] - if (i == 4 &amp;&amp; wildList.indexOf(symbol) != -1): null

2019-08-23 18:53:58 - [TEST_STEP][PASSED] - symbols = symbols: null

2019-08-23 18:53:58 - [TEST_STEP][PASSED] - for ([j = 0, j &lt; symbols.size(), (j++)]): null

2019-08-23 18:53:58 - [TEST_STEP][PASSED] - symbol = symbol: null

2019-08-23 18:53:58 - [TEST_STEP][PASSED] - println(symbol): null

2019-08-23 18:53:58 - [TEST_STEP][PASSED] - if (i == 2 &amp;&amp; wildList.indexOf(symbol) != -1): null

2019-08-23 18:53:58 - [TEST_STEP][PASSED] - if (i == 3 &amp;&amp; wildList.indexOf(symbol) != -1): null

2019-08-23 18:53:58 - [TEST_STEP][PASSED] - if (i == 4 &amp;&amp; wildList.indexOf(symbol) != -1): null

2019-08-23 18:53:58 - [TEST_STEP][PASSED] - symbol = symbol: null

2019-08-23 18:53:58 - [TEST_STEP][PASSED] - println(symbol): null

2019-08-23 18:53:58 - [TEST_STEP][PASSED] - if (i == 2 &amp;&amp; wildList.indexOf(symbol) != -1): null

2019-08-23 18:53:58 - [TEST_STEP][PASSED] - if (i == 3 &amp;&amp; wildList.indexOf(symbol) != -1): null

2019-08-23 18:53:58 - [TEST_STEP][PASSED] - if (i == 4 &amp;&amp; wildList.indexOf(symbol) != -1): null

2019-08-23 18:53:58 - [TEST_STEP][PASSED] - symbol = symbol: null

2019-08-23 18:53:58 - [TEST_STEP][PASSED] - println(symbol): null

2019-08-23 18:53:58 - [TEST_STEP][PASSED] - if (i == 2 &amp;&amp; wildList.indexOf(symbol) != -1): null

2019-08-23 18:53:58 - [TEST_STEP][PASSED] - if (i == 3 &amp;&amp; wildList.indexOf(symbol) != -1): null

2019-08-23 18:53:58 - [TEST_STEP][PASSED] - if (i == 4 &amp;&amp; wildList.indexOf(symbol) != -1): null

2019-08-23 18:53:58 - [TEST_STEP][PASSED] - free_spin_reel_counter = free_spin_reel_counter: null

2019-08-23 18:53:58 - [TEST_STEP][PASSED] - println("reel 3 wild found: " + free_spin_reel_counter[0]): null

2019-08-23 18:53:58 - [TEST_STEP][PASSED] - println("reel 4 wild found: " + free_spin_reel_counter[1]): null

2019-08-23 18:53:58 - [TEST_STEP][PASSED] - println("reel 5 wild found: " + free_spin_reel_counter[2]): null

2019-08-23 18:53:58 - [TEST_STEP][PASSED] - M4_spin_reels = M4_spin_reels: null

2019-08-23 18:53:58 - [TEST_STEP][PASSED] - M4_spin_reels_symbols = symbol: null

2019-08-23 18:53:58 - [TEST_STEP][PASSED] - M4_spin_reels_symbols = M4_spin_reels_symbols: null

2019-08-23 18:53:58 - [TEST_STEP][PASSED] - M4_spin_reel_wins = reel_wins: null

2019-08-23 18:53:58 - [TEST_STEP][PASSED] - M4_spin_reel_wins = M4_spin_reel_wins: null

2019-08-23 18:53:58 - [TEST_STEP][PASSED] - println("GlobalVariable.M4_spin_reel_wins is: " + M4_spin_reel_wins): null

2019-08-23 18:53:58 - [TEST_STEP][PASSED] - M4_spin_total_bonus_win_this_round = total_bonus_win_this_round: null

2019-08-23 18:53:58 - [TEST_STEP][PASSED] - M4_spin_total_bonus_win_this_round = M4_spin_total_bonus_win_this_round: null

2019-08-23 18:53:58 - [TEST_STEP][PASSED] - println("GlobalVariable.M4_spin_total_bonus_win_this_round is: " + M4_spin_total_bonus_win_this_round): null

2019-08-23 18:53:58 - [TEST_STEP][PASSED] - M4_spin_bonus_spin_result = spin_result: null

2019-08-23 18:53:58 - [TEST_STEP][PASSED] - M4_spin_bonus_spin_result = M4_spin_bonus_spin_result: null

2019-08-23 18:53:58 - [MESSAGE][PASSED] - Verify response successfully

2019-08-23 18:53:58 - [MESSAGE][PASSED] - Send request and verify the response successfully

2019-08-23 18:53:58 - [TEST_STEP][PASSED] - if (free_spin_reel_counter[0] &gt;= 1 &amp;&amp; free_spin_reel_counter[1] &gt;= 1 &amp;&amp; free_spin_reel_counter[2] &gt;= 1): null

2019-08-23 18:53:58 - [TEST_STEP][PASSED] - spin_result = sendRequestAndVerify(findTestObject("INT/RGS(M4)/1_M4_spin", ["M4_login_user_id":M4_login_user_id, "rgs_session_token":rgs_session_token, "partner":Partner])): Send request and verify the response successfully

2019-08-23 18:53:59 - [MESSAGE][INFO] - HAR: /Users/eiralee/Katalon_Script/SuperWild/Reports/20190823_184757/INT/superWild_1/20190823_184757/requests/main/118.har

2019-08-23 18:53:59 - [TEST_CASE][PASSED] - Start Test Case : Verification: Verification accomplished successfully

2019-08-23 18:53:59 - [TEST_STEP][PASSED] - request = getInstance().getCurrentRequest(): null

2019-08-23 18:53:59 - [TEST_STEP][PASSED] - response = getInstance().getCurrentResponse(): null

2019-08-23 18:53:59 - [TEST_STEP][PASSED] - verifyResponseStatusCode(response, 200): Verify response status code successfully

2019-08-23 18:53:59 - [MESSAGE][PASSED] - Verify response status code successfully

2019-08-23 18:53:59 - [TEST_STEP][PASSED] - getStatusCode()).isEqualTo(200): null

2019-08-23 18:53:59 - [TEST_STEP][PASSED] - newline = System.getProperty("line.separator"): null

2019-08-23 18:53:59 - [TEST_STEP][PASSED] - M4_spin = new groovy.json.JsonSlurper(): null

2019-08-23 18:53:59 - [TEST_STEP][PASSED] - result_M4_spin = M4_spin.parseText(response.getResponseBodyContent()): null

2019-08-23 18:53:59 - [TEST_STEP][PASSED] - M4_spin_current_balance = current_balance: null

2019-08-23 18:53:59 - [TEST_STEP][PASSED] - M4_spin_current_balance = M4_spin_current_balance: null

2019-08-23 18:53:59 - [TEST_STEP][PASSED] - M4_spin_transaction_id = causality: null

2019-08-23 18:53:59 - [TEST_STEP][PASSED] - M4_spin_transaction_id = M4_spin_transaction_id: null

2019-08-23 18:53:59 - [TEST_STEP][PASSED] - M4_spin_round_id = round_id: null

2019-08-23 18:53:59 - [TEST_STEP][PASSED] - M4_spin_round_id = M4_spin_round_id: null

2019-08-23 18:53:59 - [TEST_STEP][PASSED] - M4_spin_line_wins = line_wins: null

2019-08-23 18:53:59 - [TEST_STEP][PASSED] - M4_spin_line_wins = M4_spin_line_wins: null

2019-08-23 18:53:59 - [TEST_STEP][PASSED] - M4_total_bonus_spins_int = total_bonus_spins: null

2019-08-23 18:53:59 - [TEST_STEP][PASSED] - println("******M4_total_bonus_spins type is:*******" + newline + getClass().getName()): null

2019-08-23 18:53:59 - [TEST_STEP][PASSED] - M4_total_bonus_spins_int = M4_total_bonus_spins_int: null

2019-08-23 18:53:59 - [TEST_STEP][PASSED] - M4_total_bonus_spins = Integer.toString(M4_total_bonus_spins_int): null

2019-08-23 18:53:59 - [TEST_STEP][PASSED] - M4_total_bonus_spins = M4_total_bonus_spins: null

2019-08-23 18:53:59 - [TEST_STEP][PASSED] - println("M4_total_bonus_spins is:" + M4_total_bonus_spins): null

2019-08-23 18:53:59 - [TEST_STEP][PASSED] - M4_spin_bonus_data = bonus_data: null

2019-08-23 18:53:59 - [TEST_STEP][PASSED] - M4_spin_features_triggered = result_M4_spin: null

2019-08-23 18:53:59 - [TEST_STEP][PASSED] - wild = []: null

2019-08-23 18:53:59 - [TEST_STEP][PASSED] - wild[0] = "WILD_Expanding": null

2019-08-23 18:53:59 - [TEST_STEP][PASSED] - wild[1] = "WILD_Normal": null

2019-08-23 18:53:59 - [TEST_STEP][PASSED] - wild[2] = "WILD_Double": null

2019-08-23 18:53:59 - [TEST_STEP][PASSED] - wild[3] = "WILD_ExtraFG": null

2019-08-23 18:53:59 - [TEST_STEP][PASSED] - wild[4] = "WILD_Triple": null

2019-08-23 18:53:59 - [TEST_STEP][PASSED] - wildList = Arrays.asList(wild): null

2019-08-23 18:53:59 - [TEST_STEP][PASSED] - wildList = wildList: null

2019-08-23 18:53:59 - [TEST_STEP][PASSED] - free_spin_reel_counter = []: null

2019-08-23 18:53:59 - [TEST_STEP][PASSED] - free_spin_reel_counter[0] = 0: null

2019-08-23 18:53:59 - [TEST_STEP][PASSED] - free_spin_reel_counter[1] = 0: null

2019-08-23 18:53:59 - [TEST_STEP][PASSED] - free_spin_reel_counter[2] = 0: null

2019-08-23 18:53:59 - [TEST_STEP][PASSED] - M4_spin_reels = reels: null

2019-08-23 18:53:59 - [TEST_STEP][PASSED] - for ([i = 0, i &lt; M4_spin_reels.size(), (i++)]): null

2019-08-23 18:53:59 - [TEST_STEP][PASSED] - symbols = symbols: null

2019-08-23 18:53:59 - [TEST_STEP][PASSED] - for ([j = 0, j &lt; symbols.size(), (j++)]): null

2019-08-23 18:53:59 - [TEST_STEP][PASSED] - symbol = symbol: null

2019-08-23 18:53:59 - [TEST_STEP][PASSED] - println(symbol): null

2019-08-23 18:53:59 - [TEST_STEP][PASSED] - if (i == 2 &amp;&amp; wildList.indexOf(symbol) != -1): null

2019-08-23 18:53:59 - [TEST_STEP][PASSED] - if (i == 3 &amp;&amp; wildList.indexOf(symbol) != -1): null

2019-08-23 18:53:59 - [TEST_STEP][PASSED] - if (i == 4 &amp;&amp; wildList.indexOf(symbol) != -1): null

2019-08-23 18:53:59 - [TEST_STEP][PASSED] - symbol = symbol: null

2019-08-23 18:53:59 - [TEST_STEP][PASSED] - println(symbol): null

2019-08-23 18:53:59 - [TEST_STEP][PASSED] - if (i == 2 &amp;&amp; wildList.indexOf(symbol) != -1): null

2019-08-23 18:53:59 - [TEST_STEP][PASSED] - if (i == 3 &amp;&amp; wildList.indexOf(symbol) != -1): null

2019-08-23 18:53:59 - [TEST_STEP][PASSED] - if (i == 4 &amp;&amp; wildList.indexOf(symbol) != -1): null

2019-08-23 18:53:59 - [TEST_STEP][PASSED] - symbol = symbol: null

2019-08-23 18:53:59 - [TEST_STEP][PASSED] - println(symbol): null

2019-08-23 18:53:59 - [TEST_STEP][PASSED] - if (i == 2 &amp;&amp; wildList.indexOf(symbol) != -1): null

2019-08-23 18:53:59 - [TEST_STEP][PASSED] - if (i == 3 &amp;&amp; wildList.indexOf(symbol) != -1): null

2019-08-23 18:53:59 - [TEST_STEP][PASSED] - if (i == 4 &amp;&amp; wildList.indexOf(symbol) != -1): null

2019-08-23 18:53:59 - [TEST_STEP][PASSED] - symbols = symbols: null

2019-08-23 18:53:59 - [TEST_STEP][PASSED] - for ([j = 0, j &lt; symbols.size(), (j++)]): null

2019-08-23 18:53:59 - [TEST_STEP][PASSED] - symbol = symbol: null

2019-08-23 18:53:59 - [TEST_STEP][PASSED] - println(symbol): null

2019-08-23 18:53:59 - [TEST_STEP][PASSED] - if (i == 2 &amp;&amp; wildList.indexOf(symbol) != -1): null

2019-08-23 18:53:59 - [TEST_STEP][PASSED] - if (i == 3 &amp;&amp; wildList.indexOf(symbol) != -1): null

2019-08-23 18:53:59 - [TEST_STEP][PASSED] - if (i == 4 &amp;&amp; wildList.indexOf(symbol) != -1): null

2019-08-23 18:53:59 - [TEST_STEP][PASSED] - symbol = symbol: null

2019-08-23 18:53:59 - [TEST_STEP][PASSED] - println(symbol): null

2019-08-23 18:53:59 - [TEST_STEP][PASSED] - if (i == 2 &amp;&amp; wildList.indexOf(symbol) != -1): null

2019-08-23 18:53:59 - [TEST_STEP][PASSED] - if (i == 3 &amp;&amp; wildList.indexOf(symbol) != -1): null

2019-08-23 18:53:59 - [TEST_STEP][PASSED] - if (i == 4 &amp;&amp; wildList.indexOf(symbol) != -1): null

2019-08-23 18:53:59 - [TEST_STEP][PASSED] - symbol = symbol: null

2019-08-23 18:53:59 - [TEST_STEP][PASSED] - println(symbol): null

2019-08-23 18:53:59 - [TEST_STEP][PASSED] - if (i == 2 &amp;&amp; wildList.indexOf(symbol) != -1): null

2019-08-23 18:53:59 - [TEST_STEP][PASSED] - if (i == 3 &amp;&amp; wildList.indexOf(symbol) != -1): null

2019-08-23 18:53:59 - [TEST_STEP][PASSED] - if (i == 4 &amp;&amp; wildList.indexOf(symbol) != -1): null

2019-08-23 18:53:59 - [TEST_STEP][PASSED] - symbols = symbols: null

2019-08-23 18:53:59 - [TEST_STEP][PASSED] - for ([j = 0, j &lt; symbols.size(), (j++)]): null

2019-08-23 18:53:59 - [TEST_STEP][PASSED] - symbol = symbol: null

2019-08-23 18:53:59 - [TEST_STEP][PASSED] - println(symbol): null

2019-08-23 18:53:59 - [TEST_STEP][PASSED] - if (i == 2 &amp;&amp; wildList.indexOf(symbol) != -1): null

2019-08-23 18:53:59 - [TEST_STEP][PASSED] - if (i == 3 &amp;&amp; wildList.indexOf(symbol) != -1): null

2019-08-23 18:53:59 - [TEST_STEP][PASSED] - if (i == 4 &amp;&amp; wildList.indexOf(symbol) != -1): null

2019-08-23 18:53:59 - [TEST_STEP][PASSED] - symbol = symbol: null

2019-08-23 18:53:59 - [TEST_STEP][PASSED] - println(symbol): null

2019-08-23 18:53:59 - [TEST_STEP][PASSED] - if (i == 2 &amp;&amp; wildList.indexOf(symbol) != -1): null

2019-08-23 18:53:59 - [TEST_STEP][PASSED] - if (i == 3 &amp;&amp; wildList.indexOf(symbol) != -1): null

2019-08-23 18:53:59 - [TEST_STEP][PASSED] - if (i == 4 &amp;&amp; wildList.indexOf(symbol) != -1): null

2019-08-23 18:53:59 - [TEST_STEP][PASSED] - symbol = symbol: null

2019-08-23 18:53:59 - [TEST_STEP][PASSED] - println(symbol): null

2019-08-23 18:53:59 - [TEST_STEP][PASSED] - if (i == 2 &amp;&amp; wildList.indexOf(symbol) != -1): null

2019-08-23 18:53:59 - [TEST_STEP][PASSED] - if (i == 3 &amp;&amp; wildList.indexOf(symbol) != -1): null

2019-08-23 18:53:59 - [TEST_STEP][PASSED] - if (i == 4 &amp;&amp; wildList.indexOf(symbol) != -1): null

2019-08-23 18:53:59 - [TEST_STEP][PASSED] - symbols = symbols: null

2019-08-23 18:53:59 - [TEST_STEP][PASSED] - for ([j = 0, j &lt; symbols.size(), (j++)]): null

2019-08-23 18:53:59 - [TEST_STEP][PASSED] - symbol = symbol: null

2019-08-23 18:53:59 - [TEST_STEP][PASSED] - println(symbol): null

2019-08-23 18:53:59 - [TEST_STEP][PASSED] - if (i == 2 &amp;&amp; wildList.indexOf(symbol) != -1): null

2019-08-23 18:53:59 - [TEST_STEP][PASSED] - if (i == 3 &amp;&amp; wildList.indexOf(symbol) != -1): null

2019-08-23 18:53:59 - [TEST_STEP][PASSED] - if (i == 4 &amp;&amp; wildList.indexOf(symbol) != -1): null

2019-08-23 18:53:59 - [TEST_STEP][PASSED] - symbol = symbol: null

2019-08-23 18:53:59 - [TEST_STEP][PASSED] - println(symbol): null

2019-08-23 18:53:59 - [TEST_STEP][PASSED] - if (i == 2 &amp;&amp; wildList.indexOf(symbol) != -1): null

2019-08-23 18:53:59 - [TEST_STEP][PASSED] - if (i == 3 &amp;&amp; wildList.indexOf(symbol) != -1): null

2019-08-23 18:53:59 - [TEST_STEP][PASSED] - if (i == 4 &amp;&amp; wildList.indexOf(symbol) != -1): null

2019-08-23 18:53:59 - [TEST_STEP][PASSED] - symbol = symbol: null

2019-08-23 18:53:59 - [TEST_STEP][PASSED] - println(symbol): null

2019-08-23 18:53:59 - [TEST_STEP][PASSED] - if (i == 2 &amp;&amp; wildList.indexOf(symbol) != -1): null

2019-08-23 18:53:59 - [TEST_STEP][PASSED] - if (i == 3 &amp;&amp; wildList.indexOf(symbol) != -1): null

2019-08-23 18:53:59 - [TEST_STEP][PASSED] - if (i == 4 &amp;&amp; wildList.indexOf(symbol) != -1): null

2019-08-23 18:53:59 - [TEST_STEP][PASSED] - symbols = symbols: null

2019-08-23 18:53:59 - [TEST_STEP][PASSED] - for ([j = 0, j &lt; symbols.size(), (j++)]): null

2019-08-23 18:53:59 - [TEST_STEP][PASSED] - symbol = symbol: null

2019-08-23 18:53:59 - [TEST_STEP][PASSED] - println(symbol): null

2019-08-23 18:53:59 - [TEST_STEP][PASSED] - if (i == 2 &amp;&amp; wildList.indexOf(symbol) != -1): null

2019-08-23 18:53:59 - [TEST_STEP][PASSED] - if (i == 3 &amp;&amp; wildList.indexOf(symbol) != -1): null

2019-08-23 18:53:59 - [TEST_STEP][PASSED] - if (i == 4 &amp;&amp; wildList.indexOf(symbol) != -1): null

2019-08-23 18:53:59 - [TEST_STEP][PASSED] - symbol = symbol: null

2019-08-23 18:53:59 - [TEST_STEP][PASSED] - println(symbol): null

2019-08-23 18:53:59 - [TEST_STEP][PASSED] - if (i == 2 &amp;&amp; wildList.indexOf(symbol) != -1): null

2019-08-23 18:53:59 - [TEST_STEP][PASSED] - if (i == 3 &amp;&amp; wildList.indexOf(symbol) != -1): null

2019-08-23 18:53:59 - [TEST_STEP][PASSED] - if (i == 4 &amp;&amp; wildList.indexOf(symbol) != -1): null

2019-08-23 18:53:59 - [TEST_STEP][PASSED] - symbol = symbol: null

2019-08-23 18:53:59 - [TEST_STEP][PASSED] - println(symbol): null

2019-08-23 18:53:59 - [TEST_STEP][PASSED] - if (i == 2 &amp;&amp; wildList.indexOf(symbol) != -1): null

2019-08-23 18:53:59 - [TEST_STEP][PASSED] - if (i == 3 &amp;&amp; wildList.indexOf(symbol) != -1): null

2019-08-23 18:53:59 - [TEST_STEP][PASSED] - if (i == 4 &amp;&amp; wildList.indexOf(symbol) != -1): null

2019-08-23 18:53:59 - [TEST_STEP][PASSED] - free_spin_reel_counter = free_spin_reel_counter: null

2019-08-23 18:53:59 - [TEST_STEP][PASSED] - println("reel 3 wild found: " + free_spin_reel_counter[0]): null

2019-08-23 18:53:59 - [TEST_STEP][PASSED] - println("reel 4 wild found: " + free_spin_reel_counter[1]): null

2019-08-23 18:53:59 - [TEST_STEP][PASSED] - println("reel 5 wild found: " + free_spin_reel_counter[2]): null

2019-08-23 18:53:59 - [TEST_STEP][PASSED] - M4_spin_reels = M4_spin_reels: null

2019-08-23 18:53:59 - [TEST_STEP][PASSED] - M4_spin_reels_symbols = symbol: null

2019-08-23 18:53:59 - [TEST_STEP][PASSED] - M4_spin_reels_symbols = M4_spin_reels_symbols: null

2019-08-23 18:53:59 - [TEST_STEP][PASSED] - M4_spin_reel_wins = reel_wins: null

2019-08-23 18:53:59 - [TEST_STEP][PASSED] - M4_spin_reel_wins = M4_spin_reel_wins: null

2019-08-23 18:53:59 - [TEST_STEP][PASSED] - println("GlobalVariable.M4_spin_reel_wins is: " + M4_spin_reel_wins): null

2019-08-23 18:53:59 - [TEST_STEP][PASSED] - M4_spin_total_bonus_win_this_round = total_bonus_win_this_round: null

2019-08-23 18:53:59 - [TEST_STEP][PASSED] - M4_spin_total_bonus_win_this_round = M4_spin_total_bonus_win_this_round: null

2019-08-23 18:53:59 - [TEST_STEP][PASSED] - println("GlobalVariable.M4_spin_total_bonus_win_this_round is: " + M4_spin_total_bonus_win_this_round): null

2019-08-23 18:53:59 - [TEST_STEP][PASSED] - M4_spin_bonus_spin_result = spin_result: null

2019-08-23 18:54:01 - [TEST_STEP][PASSED] - M4_spin_bonus_spin_result = M4_spin_bonus_spin_result: null

2019-08-23 18:54:01 - [MESSAGE][PASSED] - Verify response successfully

2019-08-23 18:54:01 - [MESSAGE][PASSED] - Send request and verify the response successfully

2019-08-23 18:54:01 - [TEST_STEP][PASSED] - if (free_spin_reel_counter[0] &gt;= 1 &amp;&amp; free_spin_reel_counter[1] &gt;= 1 &amp;&amp; free_spin_reel_counter[2] &gt;= 1): null

2019-08-23 18:54:01 - [TEST_STEP][PASSED] - spin_result = sendRequestAndVerify(findTestObject("INT/RGS(M4)/1_M4_spin", ["M4_login_user_id":M4_login_user_id, "rgs_session_token":rgs_session_token, "partner":Partner])): Send request and verify the response successfully

2019-08-23 18:54:01 - [MESSAGE][INFO] - HAR: /Users/eiralee/Katalon_Script/SuperWild/Reports/20190823_184757/INT/superWild_1/20190823_184757/requests/main/119.har

2019-08-23 18:54:01 - [TEST_CASE][PASSED] - Start Test Case : Verification: Verification accomplished successfully

2019-08-23 18:54:02 - [TEST_STEP][PASSED] - request = getInstance().getCurrentRequest(): null

2019-08-23 18:54:02 - [TEST_STEP][PASSED] - response = getInstance().getCurrentResponse(): null

2019-08-23 18:54:02 - [TEST_STEP][PASSED] - verifyResponseStatusCode(response, 200): Verify response status code successfully

2019-08-23 18:54:02 - [MESSAGE][PASSED] - Verify response status code successfully

2019-08-23 18:54:02 - [TEST_STEP][PASSED] - getStatusCode()).isEqualTo(200): null

2019-08-23 18:54:02 - [TEST_STEP][PASSED] - newline = System.getProperty("line.separator"): null

2019-08-23 18:54:02 - [TEST_STEP][PASSED] - M4_spin = new groovy.json.JsonSlurper(): null

2019-08-23 18:54:02 - [TEST_STEP][PASSED] - result_M4_spin = M4_spin.parseText(response.getResponseBodyContent()): null

2019-08-23 18:54:02 - [TEST_STEP][PASSED] - M4_spin_current_balance = current_balance: null

2019-08-23 18:54:02 - [TEST_STEP][PASSED] - M4_spin_current_balance = M4_spin_current_balance: null

2019-08-23 18:54:02 - [TEST_STEP][PASSED] - M4_spin_transaction_id = causality: null

2019-08-23 18:54:02 - [TEST_STEP][PASSED] - M4_spin_transaction_id = M4_spin_transaction_id: null

2019-08-23 18:54:02 - [TEST_STEP][PASSED] - M4_spin_round_id = round_id: null

2019-08-23 18:54:02 - [TEST_STEP][PASSED] - M4_spin_round_id = M4_spin_round_id: null

2019-08-23 18:54:02 - [TEST_STEP][PASSED] - M4_spin_line_wins = line_wins: null

2019-08-23 18:54:02 - [TEST_STEP][PASSED] - M4_spin_line_wins = M4_spin_line_wins: null

2019-08-23 18:54:02 - [TEST_STEP][PASSED] - M4_total_bonus_spins_int = total_bonus_spins: null

2019-08-23 18:54:02 - [TEST_STEP][PASSED] - println("******M4_total_bonus_spins type is:*******" + newline + getClass().getName()): null

2019-08-23 18:54:02 - [TEST_STEP][PASSED] - M4_total_bonus_spins_int = M4_total_bonus_spins_int: null

2019-08-23 18:54:02 - [TEST_STEP][PASSED] - M4_total_bonus_spins = Integer.toString(M4_total_bonus_spins_int): null

2019-08-23 18:54:02 - [TEST_STEP][PASSED] - M4_total_bonus_spins = M4_total_bonus_spins: null

2019-08-23 18:54:02 - [TEST_STEP][PASSED] - println("M4_total_bonus_spins is:" + M4_total_bonus_spins): null

2019-08-23 18:54:02 - [TEST_STEP][PASSED] - M4_spin_bonus_data = bonus_data: null

2019-08-23 18:54:02 - [TEST_STEP][PASSED] - M4_spin_features_triggered = result_M4_spin: null

2019-08-23 18:54:02 - [TEST_STEP][PASSED] - wild = []: null

2019-08-23 18:54:02 - [TEST_STEP][PASSED] - wild[0] = "WILD_Expanding": null

2019-08-23 18:54:02 - [TEST_STEP][PASSED] - wild[1] = "WILD_Normal": null

2019-08-23 18:54:02 - [TEST_STEP][PASSED] - wild[2] = "WILD_Double": null

2019-08-23 18:54:02 - [TEST_STEP][PASSED] - wild[3] = "WILD_ExtraFG": null

2019-08-23 18:54:02 - [TEST_STEP][PASSED] - wild[4] = "WILD_Triple": null

2019-08-23 18:54:02 - [TEST_STEP][PASSED] - wildList = Arrays.asList(wild): null

2019-08-23 18:54:02 - [TEST_STEP][PASSED] - wildList = wildList: null

2019-08-23 18:54:02 - [TEST_STEP][PASSED] - free_spin_reel_counter = []: null

2019-08-23 18:54:02 - [TEST_STEP][PASSED] - free_spin_reel_counter[0] = 0: null

2019-08-23 18:54:02 - [TEST_STEP][PASSED] - free_spin_reel_counter[1] = 0: null

2019-08-23 18:54:02 - [TEST_STEP][PASSED] - free_spin_reel_counter[2] = 0: null

2019-08-23 18:54:02 - [TEST_STEP][PASSED] - M4_spin_reels = reels: null

2019-08-23 18:54:02 - [TEST_STEP][PASSED] - for ([i = 0, i &lt; M4_spin_reels.size(), (i++)]): null

2019-08-23 18:54:02 - [TEST_STEP][PASSED] - symbols = symbols: null

2019-08-23 18:54:02 - [TEST_STEP][PASSED] - for ([j = 0, j &lt; symbols.size(), (j++)]): null

2019-08-23 18:54:02 - [TEST_STEP][PASSED] - symbol = symbol: null

2019-08-23 18:54:02 - [TEST_STEP][PASSED] - println(symbol): null

2019-08-23 18:54:02 - [TEST_STEP][PASSED] - if (i == 2 &amp;&amp; wildList.indexOf(symbol) != -1): null

2019-08-23 18:54:02 - [TEST_STEP][PASSED] - if (i == 3 &amp;&amp; wildList.indexOf(symbol) != -1): null

2019-08-23 18:54:02 - [TEST_STEP][PASSED] - if (i == 4 &amp;&amp; wildList.indexOf(symbol) != -1): null

2019-08-23 18:54:02 - [TEST_STEP][PASSED] - symbol = symbol: null

2019-08-23 18:54:02 - [TEST_STEP][PASSED] - println(symbol): null

2019-08-23 18:54:02 - [TEST_STEP][PASSED] - if (i == 2 &amp;&amp; wildList.indexOf(symbol) != -1): null

2019-08-23 18:54:02 - [TEST_STEP][PASSED] - if (i == 3 &amp;&amp; wildList.indexOf(symbol) != -1): null

2019-08-23 18:54:02 - [TEST_STEP][PASSED] - if (i == 4 &amp;&amp; wildList.indexOf(symbol) != -1): null

2019-08-23 18:54:02 - [TEST_STEP][PASSED] - symbol = symbol: null

2019-08-23 18:54:02 - [TEST_STEP][PASSED] - println(symbol): null

2019-08-23 18:54:02 - [TEST_STEP][PASSED] - if (i == 2 &amp;&amp; wildList.indexOf(symbol) != -1): null

2019-08-23 18:54:02 - [TEST_STEP][PASSED] - if (i == 3 &amp;&amp; wildList.indexOf(symbol) != -1): null

2019-08-23 18:54:02 - [TEST_STEP][PASSED] - if (i == 4 &amp;&amp; wildList.indexOf(symbol) != -1): null

2019-08-23 18:54:02 - [TEST_STEP][PASSED] - symbols = symbols: null

2019-08-23 18:54:02 - [TEST_STEP][PASSED] - for ([j = 0, j &lt; symbols.size(), (j++)]): null

2019-08-23 18:54:02 - [TEST_STEP][PASSED] - symbol = symbol: null

2019-08-23 18:54:02 - [TEST_STEP][PASSED] - println(symbol): null

2019-08-23 18:54:02 - [TEST_STEP][PASSED] - if (i == 2 &amp;&amp; wildList.indexOf(symbol) != -1): null

2019-08-23 18:54:02 - [TEST_STEP][PASSED] - if (i == 3 &amp;&amp; wildList.indexOf(symbol) != -1): null

2019-08-23 18:54:02 - [TEST_STEP][PASSED] - if (i == 4 &amp;&amp; wildList.indexOf(symbol) != -1): null

2019-08-23 18:54:02 - [TEST_STEP][PASSED] - symbol = symbol: null

2019-08-23 18:54:02 - [TEST_STEP][PASSED] - println(symbol): null

2019-08-23 18:54:02 - [TEST_STEP][PASSED] - if (i == 2 &amp;&amp; wildList.indexOf(symbol) != -1): null

2019-08-23 18:54:02 - [TEST_STEP][PASSED] - if (i == 3 &amp;&amp; wildList.indexOf(symbol) != -1): null

2019-08-23 18:54:02 - [TEST_STEP][PASSED] - if (i == 4 &amp;&amp; wildList.indexOf(symbol) != -1): null

2019-08-23 18:54:02 - [TEST_STEP][PASSED] - symbol = symbol: null

2019-08-23 18:54:02 - [TEST_STEP][PASSED] - println(symbol): null

2019-08-23 18:54:02 - [TEST_STEP][PASSED] - if (i == 2 &amp;&amp; wildList.indexOf(symbol) != -1): null

2019-08-23 18:54:02 - [TEST_STEP][PASSED] - if (i == 3 &amp;&amp; wildList.indexOf(symbol) != -1): null

2019-08-23 18:54:02 - [TEST_STEP][PASSED] - if (i == 4 &amp;&amp; wildList.indexOf(symbol) != -1): null

2019-08-23 18:54:02 - [TEST_STEP][PASSED] - symbols = symbols: null

2019-08-23 18:54:02 - [TEST_STEP][PASSED] - for ([j = 0, j &lt; symbols.size(), (j++)]): null

2019-08-23 18:54:02 - [TEST_STEP][PASSED] - symbol = symbol: null

2019-08-23 18:54:02 - [TEST_STEP][PASSED] - println(symbol): null

2019-08-23 18:54:02 - [TEST_STEP][PASSED] - if (i == 2 &amp;&amp; wildList.indexOf(symbol) != -1): null

2019-08-23 18:54:02 - [TEST_STEP][PASSED] - if (i == 3 &amp;&amp; wildList.indexOf(symbol) != -1): null

2019-08-23 18:54:02 - [TEST_STEP][PASSED] - if (i == 4 &amp;&amp; wildList.indexOf(symbol) != -1): null

2019-08-23 18:54:02 - [TEST_STEP][PASSED] - symbol = symbol: null

2019-08-23 18:54:02 - [TEST_STEP][PASSED] - println(symbol): null

2019-08-23 18:54:02 - [TEST_STEP][PASSED] - if (i == 2 &amp;&amp; wildList.indexOf(symbol) != -1): null

2019-08-23 18:54:02 - [TEST_STEP][PASSED] - if (i == 3 &amp;&amp; wildList.indexOf(symbol) != -1): null

2019-08-23 18:54:02 - [TEST_STEP][PASSED] - if (i == 4 &amp;&amp; wildList.indexOf(symbol) != -1): null

2019-08-23 18:54:02 - [TEST_STEP][PASSED] - symbol = symbol: null

2019-08-23 18:54:02 - [TEST_STEP][PASSED] - println(symbol): null

2019-08-23 18:54:02 - [TEST_STEP][PASSED] - if (i == 2 &amp;&amp; wildList.indexOf(symbol) != -1): null

2019-08-23 18:54:02 - [TEST_STEP][PASSED] - if (i == 3 &amp;&amp; wildList.indexOf(symbol) != -1): null

2019-08-23 18:54:02 - [TEST_STEP][PASSED] - if (i == 4 &amp;&amp; wildList.indexOf(symbol) != -1): null

2019-08-23 18:54:02 - [TEST_STEP][PASSED] - symbols = symbols: null

2019-08-23 18:54:02 - [TEST_STEP][PASSED] - for ([j = 0, j &lt; symbols.size(), (j++)]): null

2019-08-23 18:54:02 - [TEST_STEP][PASSED] - symbol = symbol: null

2019-08-23 18:54:02 - [TEST_STEP][PASSED] - println(symbol): null

2019-08-23 18:54:02 - [TEST_STEP][PASSED] - if (i == 2 &amp;&amp; wildList.indexOf(symbol) != -1): null

2019-08-23 18:54:02 - [TEST_STEP][PASSED] - if (i == 3 &amp;&amp; wildList.indexOf(symbol) != -1): null

2019-08-23 18:54:02 - [TEST_STEP][PASSED] - if (i == 4 &amp;&amp; wildList.indexOf(symbol) != -1): null

2019-08-23 18:54:02 - [TEST_STEP][PASSED] - symbol = symbol: null

2019-08-23 18:54:02 - [TEST_STEP][PASSED] - println(symbol): null

2019-08-23 18:54:02 - [TEST_STEP][PASSED] - if (i == 2 &amp;&amp; wildList.indexOf(symbol) != -1): null

2019-08-23 18:54:02 - [TEST_STEP][PASSED] - if (i == 3 &amp;&amp; wildList.indexOf(symbol) != -1): null

2019-08-23 18:54:02 - [TEST_STEP][PASSED] - if (i == 4 &amp;&amp; wildList.indexOf(symbol) != -1): null

2019-08-23 18:54:02 - [TEST_STEP][PASSED] - symbol = symbol: null

2019-08-23 18:54:02 - [TEST_STEP][PASSED] - println(symbol): null

2019-08-23 18:54:02 - [TEST_STEP][PASSED] - if (i == 2 &amp;&amp; wildList.indexOf(symbol) != -1): null

2019-08-23 18:54:02 - [TEST_STEP][PASSED] - if (i == 3 &amp;&amp; wildList.indexOf(symbol) != -1): null

2019-08-23 18:54:02 - [TEST_STEP][PASSED] - if (i == 4 &amp;&amp; wildList.indexOf(symbol) != -1): null

2019-08-23 18:54:02 - [TEST_STEP][PASSED] - symbols = symbols: null

2019-08-23 18:54:02 - [TEST_STEP][PASSED] - for ([j = 0, j &lt; symbols.size(), (j++)]): null

2019-08-23 18:54:02 - [TEST_STEP][PASSED] - symbol = symbol: null

2019-08-23 18:54:02 - [TEST_STEP][PASSED] - println(symbol): null

2019-08-23 18:54:02 - [TEST_STEP][PASSED] - if (i == 2 &amp;&amp; wildList.indexOf(symbol) != -1): null

2019-08-23 18:54:02 - [TEST_STEP][PASSED] - if (i == 3 &amp;&amp; wildList.indexOf(symbol) != -1): null

2019-08-23 18:54:02 - [TEST_STEP][PASSED] - if (i == 4 &amp;&amp; wildList.indexOf(symbol) != -1): null

2019-08-23 18:54:02 - [TEST_STEP][PASSED] - symbol = symbol: null

2019-08-23 18:54:02 - [TEST_STEP][PASSED] - println(symbol): null

2019-08-23 18:54:02 - [TEST_STEP][PASSED] - if (i == 2 &amp;&amp; wildList.indexOf(symbol) != -1): null

2019-08-23 18:54:02 - [TEST_STEP][PASSED] - if (i == 3 &amp;&amp; wildList.indexOf(symbol) != -1): null

2019-08-23 18:54:02 - [TEST_STEP][PASSED] - if (i == 4 &amp;&amp; wildList.indexOf(symbol) != -1): null

2019-08-23 18:54:02 - [TEST_STEP][PASSED] - symbol = symbol: null

2019-08-23 18:54:02 - [TEST_STEP][PASSED] - println(symbol): null

2019-08-23 18:54:02 - [TEST_STEP][PASSED] - if (i == 2 &amp;&amp; wildList.indexOf(symbol) != -1): null

2019-08-23 18:54:02 - [TEST_STEP][PASSED] - if (i == 3 &amp;&amp; wildList.indexOf(symbol) != -1): null

2019-08-23 18:54:02 - [TEST_STEP][PASSED] - if (i == 4 &amp;&amp; wildList.indexOf(symbol) != -1): null

2019-08-23 18:54:02 - [TEST_STEP][PASSED] - free_spin_reel_counter = free_spin_reel_counter: null

2019-08-23 18:54:02 - [TEST_STEP][PASSED] - println("reel 3 wild found: " + free_spin_reel_counter[0]): null

2019-08-23 18:54:02 - [TEST_STEP][PASSED] - println("reel 4 wild found: " + free_spin_reel_counter[1]): null

2019-08-23 18:54:02 - [TEST_STEP][PASSED] - println("reel 5 wild found: " + free_spin_reel_counter[2]): null

2019-08-23 18:54:02 - [TEST_STEP][PASSED] - M4_spin_reels = M4_spin_reels: null

2019-08-23 18:54:02 - [TEST_STEP][PASSED] - M4_spin_reels_symbols = symbol: null

2019-08-23 18:54:02 - [TEST_STEP][PASSED] - M4_spin_reels_symbols = M4_spin_reels_symbols: null

2019-08-23 18:54:02 - [TEST_STEP][PASSED] - M4_spin_reel_wins = reel_wins: null

2019-08-23 18:54:02 - [TEST_STEP][PASSED] - M4_spin_reel_wins = M4_spin_reel_wins: null

2019-08-23 18:54:02 - [TEST_STEP][PASSED] - println("GlobalVariable.M4_spin_reel_wins is: " + M4_spin_reel_wins): null

2019-08-23 18:54:02 - [TEST_STEP][PASSED] - M4_spin_total_bonus_win_this_round = total_bonus_win_this_round: null

2019-08-23 18:54:02 - [TEST_STEP][PASSED] - M4_spin_total_bonus_win_this_round = M4_spin_total_bonus_win_this_round: null

2019-08-23 18:54:02 - [TEST_STEP][PASSED] - println("GlobalVariable.M4_spin_total_bonus_win_this_round is: " + M4_spin_total_bonus_win_this_round): null

2019-08-23 18:54:02 - [TEST_STEP][PASSED] - M4_spin_bonus_spin_result = spin_result: null

2019-08-23 18:54:02 - [TEST_STEP][PASSED] - M4_spin_bonus_spin_result = M4_spin_bonus_spin_result: null

2019-08-23 18:54:02 - [MESSAGE][PASSED] - Verify response successfully

2019-08-23 18:54:02 - [MESSAGE][PASSED] - Send request and verify the response successfully

2019-08-23 18:54:02 - [TEST_STEP][PASSED] - if (free_spin_reel_counter[0] &gt;= 1 &amp;&amp; free_spin_reel_counter[1] &gt;= 1 &amp;&amp; free_spin_reel_counter[2] &gt;= 1): null

2019-08-23 18:54:02 - [TEST_STEP][PASSED] - spin_result = sendRequestAndVerify(findTestObject("INT/RGS(M4)/1_M4_spin", ["M4_login_user_id":M4_login_user_id, "rgs_session_token":rgs_session_token, "partner":Partner])): Send request and verify the response successfully

2019-08-23 18:54:02 - [MESSAGE][INFO] - HAR: /Users/eiralee/Katalon_Script/SuperWild/Reports/20190823_184757/INT/superWild_1/20190823_184757/requests/main/120.har

2019-08-23 18:54:02 - [TEST_CASE][PASSED] - Start Test Case : Verification: Verification accomplished successfully

2019-08-23 18:54:02 - [TEST_STEP][PASSED] - request = getInstance().getCurrentRequest(): null

2019-08-23 18:54:02 - [TEST_STEP][PASSED] - response = getInstance().getCurrentResponse(): null

2019-08-23 18:54:02 - [TEST_STEP][PASSED] - verifyResponseStatusCode(response, 200): Verify response status code successfully

2019-08-23 18:54:02 - [MESSAGE][PASSED] - Verify response status code successfully

2019-08-23 18:54:02 - [TEST_STEP][PASSED] - getStatusCode()).isEqualTo(200): null

2019-08-23 18:54:02 - [TEST_STEP][PASSED] - newline = System.getProperty("line.separator"): null

2019-08-23 18:54:02 - [TEST_STEP][PASSED] - M4_spin = new groovy.json.JsonSlurper(): null

2019-08-23 18:54:02 - [TEST_STEP][PASSED] - result_M4_spin = M4_spin.parseText(response.getResponseBodyContent()): null

2019-08-23 18:54:02 - [TEST_STEP][PASSED] - M4_spin_current_balance = current_balance: null

2019-08-23 18:54:02 - [TEST_STEP][PASSED] - M4_spin_current_balance = M4_spin_current_balance: null

2019-08-23 18:54:02 - [TEST_STEP][PASSED] - M4_spin_transaction_id = causality: null

2019-08-23 18:54:02 - [TEST_STEP][PASSED] - M4_spin_transaction_id = M4_spin_transaction_id: null

2019-08-23 18:54:02 - [TEST_STEP][PASSED] - M4_spin_round_id = round_id: null

2019-08-23 18:54:02 - [TEST_STEP][PASSED] - M4_spin_round_id = M4_spin_round_id: null

2019-08-23 18:54:02 - [TEST_STEP][PASSED] - M4_spin_line_wins = line_wins: null

2019-08-23 18:54:02 - [TEST_STEP][PASSED] - M4_spin_line_wins = M4_spin_line_wins: null

2019-08-23 18:54:02 - [TEST_STEP][PASSED] - M4_total_bonus_spins_int = total_bonus_spins: null

2019-08-23 18:54:02 - [TEST_STEP][PASSED] - println("******M4_total_bonus_spins type is:*******" + newline + getClass().getName()): null

2019-08-23 18:54:02 - [TEST_STEP][PASSED] - M4_total_bonus_spins_int = M4_total_bonus_spins_int: null

2019-08-23 18:54:02 - [TEST_STEP][PASSED] - M4_total_bonus_spins = Integer.toString(M4_total_bonus_spins_int): null

2019-08-23 18:54:02 - [TEST_STEP][PASSED] - M4_total_bonus_spins = M4_total_bonus_spins: null

2019-08-23 18:54:02 - [TEST_STEP][PASSED] - println("M4_total_bonus_spins is:" + M4_total_bonus_spins): null

2019-08-23 18:54:02 - [TEST_STEP][PASSED] - M4_spin_bonus_data = bonus_data: null

2019-08-23 18:54:02 - [TEST_STEP][PASSED] - M4_spin_features_triggered = result_M4_spin: null

2019-08-23 18:54:02 - [TEST_STEP][PASSED] - wild = []: null

2019-08-23 18:54:02 - [TEST_STEP][PASSED] - wild[0] = "WILD_Expanding": null

2019-08-23 18:54:02 - [TEST_STEP][PASSED] - wild[1] = "WILD_Normal": null

2019-08-23 18:54:02 - [TEST_STEP][PASSED] - wild[2] = "WILD_Double": null

2019-08-23 18:54:02 - [TEST_STEP][PASSED] - wild[3] = "WILD_ExtraFG": null

2019-08-23 18:54:02 - [TEST_STEP][PASSED] - wild[4] = "WILD_Triple": null

2019-08-23 18:54:02 - [TEST_STEP][PASSED] - wildList = Arrays.asList(wild): null

2019-08-23 18:54:02 - [TEST_STEP][PASSED] - wildList = wildList: null

2019-08-23 18:54:02 - [TEST_STEP][PASSED] - free_spin_reel_counter = []: null

2019-08-23 18:54:02 - [TEST_STEP][PASSED] - free_spin_reel_counter[0] = 0: null

2019-08-23 18:54:02 - [TEST_STEP][PASSED] - free_spin_reel_counter[1] = 0: null

2019-08-23 18:54:02 - [TEST_STEP][PASSED] - free_spin_reel_counter[2] = 0: null

2019-08-23 18:54:02 - [TEST_STEP][PASSED] - M4_spin_reels = reels: null

2019-08-23 18:54:02 - [TEST_STEP][PASSED] - for ([i = 0, i &lt; M4_spin_reels.size(), (i++)]): null

2019-08-23 18:54:02 - [TEST_STEP][PASSED] - symbols = symbols: null

2019-08-23 18:54:02 - [TEST_STEP][PASSED] - for ([j = 0, j &lt; symbols.size(), (j++)]): null

2019-08-23 18:54:02 - [TEST_STEP][PASSED] - symbol = symbol: null

2019-08-23 18:54:02 - [TEST_STEP][PASSED] - println(symbol): null

2019-08-23 18:54:02 - [TEST_STEP][PASSED] - if (i == 2 &amp;&amp; wildList.indexOf(symbol) != -1): null

2019-08-23 18:54:02 - [TEST_STEP][PASSED] - if (i == 3 &amp;&amp; wildList.indexOf(symbol) != -1): null

2019-08-23 18:54:02 - [TEST_STEP][PASSED] - if (i == 4 &amp;&amp; wildList.indexOf(symbol) != -1): null

2019-08-23 18:54:02 - [TEST_STEP][PASSED] - symbol = symbol: null

2019-08-23 18:54:02 - [TEST_STEP][PASSED] - println(symbol): null

2019-08-23 18:54:02 - [TEST_STEP][PASSED] - if (i == 2 &amp;&amp; wildList.indexOf(symbol) != -1): null

2019-08-23 18:54:02 - [TEST_STEP][PASSED] - if (i == 3 &amp;&amp; wildList.indexOf(symbol) != -1): null

2019-08-23 18:54:02 - [TEST_STEP][PASSED] - if (i == 4 &amp;&amp; wildList.indexOf(symbol) != -1): null

2019-08-23 18:54:02 - [TEST_STEP][PASSED] - symbol = symbol: null

2019-08-23 18:54:02 - [TEST_STEP][PASSED] - println(symbol): null

2019-08-23 18:54:02 - [TEST_STEP][PASSED] - if (i == 2 &amp;&amp; wildList.indexOf(symbol) != -1): null

2019-08-23 18:54:02 - [TEST_STEP][PASSED] - if (i == 3 &amp;&amp; wildList.indexOf(symbol) != -1): null

2019-08-23 18:54:02 - [TEST_STEP][PASSED] - if (i == 4 &amp;&amp; wildList.indexOf(symbol) != -1): null

2019-08-23 18:54:02 - [TEST_STEP][PASSED] - symbols = symbols: null

2019-08-23 18:54:02 - [TEST_STEP][PASSED] - for ([j = 0, j &lt; symbols.size(), (j++)]): null

2019-08-23 18:54:02 - [TEST_STEP][PASSED] - symbol = symbol: null

2019-08-23 18:54:02 - [TEST_STEP][PASSED] - println(symbol): null

2019-08-23 18:54:02 - [TEST_STEP][PASSED] - if (i == 2 &amp;&amp; wildList.indexOf(symbol) != -1): null

2019-08-23 18:54:02 - [TEST_STEP][PASSED] - if (i == 3 &amp;&amp; wildList.indexOf(symbol) != -1): null

2019-08-23 18:54:02 - [TEST_STEP][PASSED] - if (i == 4 &amp;&amp; wildList.indexOf(symbol) != -1): null

2019-08-23 18:54:02 - [TEST_STEP][PASSED] - symbol = symbol: null

2019-08-23 18:54:02 - [TEST_STEP][PASSED] - println(symbol): null

2019-08-23 18:54:02 - [TEST_STEP][PASSED] - if (i == 2 &amp;&amp; wildList.indexOf(symbol) != -1): null

2019-08-23 18:54:02 - [TEST_STEP][PASSED] - if (i == 3 &amp;&amp; wildList.indexOf(symbol) != -1): null

2019-08-23 18:54:02 - [TEST_STEP][PASSED] - if (i == 4 &amp;&amp; wildList.indexOf(symbol) != -1): null

2019-08-23 18:54:02 - [TEST_STEP][PASSED] - symbol = symbol: null

2019-08-23 18:54:02 - [TEST_STEP][PASSED] - println(symbol): null

2019-08-23 18:54:02 - [TEST_STEP][PASSED] - if (i == 2 &amp;&amp; wildList.indexOf(symbol) != -1): null

2019-08-23 18:54:02 - [TEST_STEP][PASSED] - if (i == 3 &amp;&amp; wildList.indexOf(symbol) != -1): null

2019-08-23 18:54:02 - [TEST_STEP][PASSED] - if (i == 4 &amp;&amp; wildList.indexOf(symbol) != -1): null

2019-08-23 18:54:02 - [TEST_STEP][PASSED] - symbols = symbols: null

2019-08-23 18:54:02 - [TEST_STEP][PASSED] - for ([j = 0, j &lt; symbols.size(), (j++)]): null

2019-08-23 18:54:02 - [TEST_STEP][PASSED] - symbol = symbol: null

2019-08-23 18:54:02 - [TEST_STEP][PASSED] - println(symbol): null

2019-08-23 18:54:02 - [TEST_STEP][PASSED] - if (i == 2 &amp;&amp; wildList.indexOf(symbol) != -1): null

2019-08-23 18:54:02 - [TEST_STEP][PASSED] - if (i == 3 &amp;&amp; wildList.indexOf(symbol) != -1): null

2019-08-23 18:54:02 - [TEST_STEP][PASSED] - if (i == 4 &amp;&amp; wildList.indexOf(symbol) != -1): null

2019-08-23 18:54:02 - [TEST_STEP][PASSED] - symbol = symbol: null

2019-08-23 18:54:02 - [TEST_STEP][PASSED] - println(symbol): null

2019-08-23 18:54:02 - [TEST_STEP][PASSED] - if (i == 2 &amp;&amp; wildList.indexOf(symbol) != -1): null

2019-08-23 18:54:02 - [TEST_STEP][PASSED] - if (i == 3 &amp;&amp; wildList.indexOf(symbol) != -1): null

2019-08-23 18:54:02 - [TEST_STEP][PASSED] - if (i == 4 &amp;&amp; wildList.indexOf(symbol) != -1): null

2019-08-23 18:54:02 - [TEST_STEP][PASSED] - symbol = symbol: null

2019-08-23 18:54:02 - [TEST_STEP][PASSED] - println(symbol): null

2019-08-23 18:54:02 - [TEST_STEP][PASSED] - if (i == 2 &amp;&amp; wildList.indexOf(symbol) != -1): null

2019-08-23 18:54:02 - [TEST_STEP][PASSED] - if (i == 3 &amp;&amp; wildList.indexOf(symbol) != -1): null

2019-08-23 18:54:02 - [TEST_STEP][PASSED] - if (i == 4 &amp;&amp; wildList.indexOf(symbol) != -1): null

2019-08-23 18:54:02 - [TEST_STEP][PASSED] - symbols = symbols: null

2019-08-23 18:54:02 - [TEST_STEP][PASSED] - for ([j = 0, j &lt; symbols.size(), (j++)]): null

2019-08-23 18:54:02 - [TEST_STEP][PASSED] - symbol = symbol: null

2019-08-23 18:54:02 - [TEST_STEP][PASSED] - println(symbol): null

2019-08-23 18:54:02 - [TEST_STEP][PASSED] - if (i == 2 &amp;&amp; wildList.indexOf(symbol) != -1): null

2019-08-23 18:54:02 - [TEST_STEP][PASSED] - if (i == 3 &amp;&amp; wildList.indexOf(symbol) != -1): null

2019-08-23 18:54:02 - [TEST_STEP][PASSED] - if (i == 4 &amp;&amp; wildList.indexOf(symbol) != -1): null

2019-08-23 18:54:02 - [TEST_STEP][PASSED] - symbol = symbol: null

2019-08-23 18:54:02 - [TEST_STEP][PASSED] - println(symbol): null

2019-08-23 18:54:02 - [TEST_STEP][PASSED] - if (i == 2 &amp;&amp; wildList.indexOf(symbol) != -1): null

2019-08-23 18:54:02 - [TEST_STEP][PASSED] - if (i == 3 &amp;&amp; wildList.indexOf(symbol) != -1): null

2019-08-23 18:54:02 - [TEST_STEP][PASSED] - if (i == 4 &amp;&amp; wildList.indexOf(symbol) != -1): null

2019-08-23 18:54:02 - [TEST_STEP][PASSED] - symbol = symbol: null

2019-08-23 18:54:02 - [TEST_STEP][PASSED] - println(symbol): null

2019-08-23 18:54:02 - [TEST_STEP][PASSED] - if (i == 2 &amp;&amp; wildList.indexOf(symbol) != -1): null

2019-08-23 18:54:02 - [TEST_STEP][PASSED] - if (i == 3 &amp;&amp; wildList.indexOf(symbol) != -1): null

2019-08-23 18:54:02 - [TEST_STEP][PASSED] - if (i == 4 &amp;&amp; wildList.indexOf(symbol) != -1): null

2019-08-23 18:54:02 - [TEST_STEP][PASSED] - symbols = symbols: null

2019-08-23 18:54:02 - [TEST_STEP][PASSED] - for ([j = 0, j &lt; symbols.size(), (j++)]): null

2019-08-23 18:54:02 - [TEST_STEP][PASSED] - symbol = symbol: null

2019-08-23 18:54:02 - [TEST_STEP][PASSED] - println(symbol): null

2019-08-23 18:54:02 - [TEST_STEP][PASSED] - if (i == 2 &amp;&amp; wildList.indexOf(symbol) != -1): null

2019-08-23 18:54:02 - [TEST_STEP][PASSED] - if (i == 3 &amp;&amp; wildList.indexOf(symbol) != -1): null

2019-08-23 18:54:02 - [TEST_STEP][PASSED] - if (i == 4 &amp;&amp; wildList.indexOf(symbol) != -1): null

2019-08-23 18:54:02 - [TEST_STEP][PASSED] - symbol = symbol: null

2019-08-23 18:54:02 - [TEST_STEP][PASSED] - println(symbol): null

2019-08-23 18:54:02 - [TEST_STEP][PASSED] - if (i == 2 &amp;&amp; wildList.indexOf(symbol) != -1): null

2019-08-23 18:54:02 - [TEST_STEP][PASSED] - if (i == 3 &amp;&amp; wildList.indexOf(symbol) != -1): null

2019-08-23 18:54:02 - [TEST_STEP][PASSED] - if (i == 4 &amp;&amp; wildList.indexOf(symbol) != -1): null

2019-08-23 18:54:02 - [TEST_STEP][PASSED] - symbol = symbol: null

2019-08-23 18:54:02 - [TEST_STEP][PASSED] - println(symbol): null

2019-08-23 18:54:02 - [TEST_STEP][PASSED] - if (i == 2 &amp;&amp; wildList.indexOf(symbol) != -1): null

2019-08-23 18:54:02 - [TEST_STEP][PASSED] - if (i == 3 &amp;&amp; wildList.indexOf(symbol) != -1): null

2019-08-23 18:54:02 - [TEST_STEP][PASSED] - if (i == 4 &amp;&amp; wildList.indexOf(symbol) != -1): null

2019-08-23 18:54:02 - [TEST_STEP][PASSED] - free_spin_reel_counter = free_spin_reel_counter: null

2019-08-23 18:54:02 - [TEST_STEP][PASSED] - println("reel 3 wild found: " + free_spin_reel_counter[0]): null

2019-08-23 18:54:02 - [TEST_STEP][PASSED] - println("reel 4 wild found: " + free_spin_reel_counter[1]): null

2019-08-23 18:54:02 - [TEST_STEP][PASSED] - println("reel 5 wild found: " + free_spin_reel_counter[2]): null

2019-08-23 18:54:02 - [TEST_STEP][PASSED] - M4_spin_reels = M4_spin_reels: null

2019-08-23 18:54:02 - [TEST_STEP][PASSED] - M4_spin_reels_symbols = symbol: null

2019-08-23 18:54:02 - [TEST_STEP][PASSED] - M4_spin_reels_symbols = M4_spin_reels_symbols: null

2019-08-23 18:54:02 - [TEST_STEP][PASSED] - M4_spin_reel_wins = reel_wins: null

2019-08-23 18:54:02 - [TEST_STEP][PASSED] - M4_spin_reel_wins = M4_spin_reel_wins: null

2019-08-23 18:54:02 - [TEST_STEP][PASSED] - println("GlobalVariable.M4_spin_reel_wins is: " + M4_spin_reel_wins): null

2019-08-23 18:54:02 - [TEST_STEP][PASSED] - M4_spin_total_bonus_win_this_round = total_bonus_win_this_round: null

2019-08-23 18:54:02 - [TEST_STEP][PASSED] - M4_spin_total_bonus_win_this_round = M4_spin_total_bonus_win_this_round: null

2019-08-23 18:54:02 - [TEST_STEP][PASSED] - println("GlobalVariable.M4_spin_total_bonus_win_this_round is: " + M4_spin_total_bonus_win_this_round): null

2019-08-23 18:54:02 - [TEST_STEP][PASSED] - M4_spin_bonus_spin_result = spin_result: null

2019-08-23 18:54:02 - [TEST_STEP][PASSED] - M4_spin_bonus_spin_result = M4_spin_bonus_spin_result: null

2019-08-23 18:54:02 - [MESSAGE][PASSED] - Verify response successfully

2019-08-23 18:54:02 - [MESSAGE][PASSED] - Send request and verify the response successfully

2019-08-23 18:54:02 - [TEST_STEP][PASSED] - if (free_spin_reel_counter[0] &gt;= 1 &amp;&amp; free_spin_reel_counter[1] &gt;= 1 &amp;&amp; free_spin_reel_counter[2] &gt;= 1): null

2019-08-23 18:54:02 - [TEST_STEP][PASSED] - spin_result = sendRequestAndVerify(findTestObject("INT/RGS(M4)/1_M4_spin", ["M4_login_user_id":M4_login_user_id, "rgs_session_token":rgs_session_token, "partner":Partner])): Send request and verify the response successfully

2019-08-23 18:54:03 - [MESSAGE][INFO] - HAR: /Users/eiralee/Katalon_Script/SuperWild/Reports/20190823_184757/INT/superWild_1/20190823_184757/requests/main/121.har

2019-08-23 18:54:03 - [TEST_CASE][PASSED] - Start Test Case : Verification: Verification accomplished successfully

2019-08-23 18:54:03 - [TEST_STEP][PASSED] - request = getInstance().getCurrentRequest(): null

2019-08-23 18:54:03 - [TEST_STEP][PASSED] - response = getInstance().getCurrentResponse(): null

2019-08-23 18:54:03 - [TEST_STEP][PASSED] - verifyResponseStatusCode(response, 200): Verify response status code successfully

2019-08-23 18:54:03 - [MESSAGE][PASSED] - Verify response status code successfully

2019-08-23 18:54:03 - [TEST_STEP][PASSED] - getStatusCode()).isEqualTo(200): null

2019-08-23 18:54:03 - [TEST_STEP][PASSED] - newline = System.getProperty("line.separator"): null

2019-08-23 18:54:03 - [TEST_STEP][PASSED] - M4_spin = new groovy.json.JsonSlurper(): null

2019-08-23 18:54:03 - [TEST_STEP][PASSED] - result_M4_spin = M4_spin.parseText(response.getResponseBodyContent()): null

2019-08-23 18:54:03 - [TEST_STEP][PASSED] - M4_spin_current_balance = current_balance: null

2019-08-23 18:54:03 - [TEST_STEP][PASSED] - M4_spin_current_balance = M4_spin_current_balance: null

2019-08-23 18:54:03 - [TEST_STEP][PASSED] - M4_spin_transaction_id = causality: null

2019-08-23 18:54:03 - [TEST_STEP][PASSED] - M4_spin_transaction_id = M4_spin_transaction_id: null

2019-08-23 18:54:03 - [TEST_STEP][PASSED] - M4_spin_round_id = round_id: null

2019-08-23 18:54:03 - [TEST_STEP][PASSED] - M4_spin_round_id = M4_spin_round_id: null

2019-08-23 18:54:03 - [TEST_STEP][PASSED] - M4_spin_line_wins = line_wins: null

2019-08-23 18:54:03 - [TEST_STEP][PASSED] - M4_spin_line_wins = M4_spin_line_wins: null

2019-08-23 18:54:03 - [TEST_STEP][PASSED] - M4_total_bonus_spins_int = total_bonus_spins: null

2019-08-23 18:54:03 - [TEST_STEP][PASSED] - println("******M4_total_bonus_spins type is:*******" + newline + getClass().getName()): null

2019-08-23 18:54:03 - [TEST_STEP][PASSED] - M4_total_bonus_spins_int = M4_total_bonus_spins_int: null

2019-08-23 18:54:03 - [TEST_STEP][PASSED] - M4_total_bonus_spins = Integer.toString(M4_total_bonus_spins_int): null

2019-08-23 18:54:03 - [TEST_STEP][PASSED] - M4_total_bonus_spins = M4_total_bonus_spins: null

2019-08-23 18:54:03 - [TEST_STEP][PASSED] - println("M4_total_bonus_spins is:" + M4_total_bonus_spins): null

2019-08-23 18:54:03 - [TEST_STEP][PASSED] - M4_spin_bonus_data = bonus_data: null

2019-08-23 18:54:03 - [TEST_STEP][PASSED] - M4_spin_features_triggered = result_M4_spin: null

2019-08-23 18:54:03 - [TEST_STEP][PASSED] - wild = []: null

2019-08-23 18:54:03 - [TEST_STEP][PASSED] - wild[0] = "WILD_Expanding": null

2019-08-23 18:54:03 - [TEST_STEP][PASSED] - wild[1] = "WILD_Normal": null

2019-08-23 18:54:03 - [TEST_STEP][PASSED] - wild[2] = "WILD_Double": null

2019-08-23 18:54:03 - [TEST_STEP][PASSED] - wild[3] = "WILD_ExtraFG": null

2019-08-23 18:54:03 - [TEST_STEP][PASSED] - wild[4] = "WILD_Triple": null

2019-08-23 18:54:05 - [TEST_STEP][PASSED] - wildList = Arrays.asList(wild): null

2019-08-23 18:54:05 - [TEST_STEP][PASSED] - wildList = wildList: null

2019-08-23 18:54:05 - [TEST_STEP][PASSED] - free_spin_reel_counter = []: null

2019-08-23 18:54:05 - [TEST_STEP][PASSED] - free_spin_reel_counter[0] = 0: null

2019-08-23 18:54:05 - [TEST_STEP][PASSED] - free_spin_reel_counter[1] = 0: null

2019-08-23 18:54:05 - [TEST_STEP][PASSED] - free_spin_reel_counter[2] = 0: null

2019-08-23 18:54:05 - [TEST_STEP][PASSED] - M4_spin_reels = reels: null

2019-08-23 18:54:05 - [TEST_STEP][PASSED] - for ([i = 0, i &lt; M4_spin_reels.size(), (i++)]): null

2019-08-23 18:54:05 - [TEST_STEP][PASSED] - symbols = symbols: null

2019-08-23 18:54:05 - [TEST_STEP][PASSED] - for ([j = 0, j &lt; symbols.size(), (j++)]): null

2019-08-23 18:54:05 - [TEST_STEP][PASSED] - symbol = symbol: null

2019-08-23 18:54:05 - [TEST_STEP][PASSED] - println(symbol): null

2019-08-23 18:54:05 - [TEST_STEP][PASSED] - if (i == 2 &amp;&amp; wildList.indexOf(symbol) != -1): null

2019-08-23 18:54:05 - [TEST_STEP][PASSED] - if (i == 3 &amp;&amp; wildList.indexOf(symbol) != -1): null

2019-08-23 18:54:05 - [TEST_STEP][PASSED] - if (i == 4 &amp;&amp; wildList.indexOf(symbol) != -1): null

2019-08-23 18:54:05 - [TEST_STEP][PASSED] - symbol = symbol: null

2019-08-23 18:54:05 - [TEST_STEP][PASSED] - println(symbol): null

2019-08-23 18:54:05 - [TEST_STEP][PASSED] - if (i == 2 &amp;&amp; wildList.indexOf(symbol) != -1): null

2019-08-23 18:54:05 - [TEST_STEP][PASSED] - if (i == 3 &amp;&amp; wildList.indexOf(symbol) != -1): null

2019-08-23 18:54:05 - [TEST_STEP][PASSED] - if (i == 4 &amp;&amp; wildList.indexOf(symbol) != -1): null

2019-08-23 18:54:05 - [TEST_STEP][PASSED] - symbol = symbol: null

2019-08-23 18:54:05 - [TEST_STEP][PASSED] - println(symbol): null

2019-08-23 18:54:05 - [TEST_STEP][PASSED] - if (i == 2 &amp;&amp; wildList.indexOf(symbol) != -1): null

2019-08-23 18:54:05 - [TEST_STEP][PASSED] - if (i == 3 &amp;&amp; wildList.indexOf(symbol) != -1): null

2019-08-23 18:54:05 - [TEST_STEP][PASSED] - if (i == 4 &amp;&amp; wildList.indexOf(symbol) != -1): null

2019-08-23 18:54:05 - [TEST_STEP][PASSED] - symbols = symbols: null

2019-08-23 18:54:05 - [TEST_STEP][PASSED] - for ([j = 0, j &lt; symbols.size(), (j++)]): null

2019-08-23 18:54:05 - [TEST_STEP][PASSED] - symbol = symbol: null

2019-08-23 18:54:05 - [TEST_STEP][PASSED] - println(symbol): null

2019-08-23 18:54:05 - [TEST_STEP][PASSED] - if (i == 2 &amp;&amp; wildList.indexOf(symbol) != -1): null

2019-08-23 18:54:05 - [TEST_STEP][PASSED] - if (i == 3 &amp;&amp; wildList.indexOf(symbol) != -1): null

2019-08-23 18:54:05 - [TEST_STEP][PASSED] - if (i == 4 &amp;&amp; wildList.indexOf(symbol) != -1): null

2019-08-23 18:54:05 - [TEST_STEP][PASSED] - symbol = symbol: null

2019-08-23 18:54:05 - [TEST_STEP][PASSED] - println(symbol): null

2019-08-23 18:54:05 - [TEST_STEP][PASSED] - if (i == 2 &amp;&amp; wildList.indexOf(symbol) != -1): null

2019-08-23 18:54:05 - [TEST_STEP][PASSED] - if (i == 3 &amp;&amp; wildList.indexOf(symbol) != -1): null

2019-08-23 18:54:05 - [TEST_STEP][PASSED] - if (i == 4 &amp;&amp; wildList.indexOf(symbol) != -1): null

2019-08-23 18:54:05 - [TEST_STEP][PASSED] - symbol = symbol: null

2019-08-23 18:54:05 - [TEST_STEP][PASSED] - println(symbol): null

2019-08-23 18:54:05 - [TEST_STEP][PASSED] - if (i == 2 &amp;&amp; wildList.indexOf(symbol) != -1): null

2019-08-23 18:54:05 - [TEST_STEP][PASSED] - if (i == 3 &amp;&amp; wildList.indexOf(symbol) != -1): null

2019-08-23 18:54:05 - [TEST_STEP][PASSED] - if (i == 4 &amp;&amp; wildList.indexOf(symbol) != -1): null

2019-08-23 18:54:05 - [TEST_STEP][PASSED] - symbols = symbols: null

2019-08-23 18:54:05 - [TEST_STEP][PASSED] - for ([j = 0, j &lt; symbols.size(), (j++)]): null

2019-08-23 18:54:05 - [TEST_STEP][PASSED] - symbol = symbol: null

2019-08-23 18:54:05 - [TEST_STEP][PASSED] - println(symbol): null

2019-08-23 18:54:05 - [TEST_STEP][PASSED] - if (i == 2 &amp;&amp; wildList.indexOf(symbol) != -1): null

2019-08-23 18:54:05 - [TEST_STEP][PASSED] - if (i == 3 &amp;&amp; wildList.indexOf(symbol) != -1): null

2019-08-23 18:54:05 - [TEST_STEP][PASSED] - if (i == 4 &amp;&amp; wildList.indexOf(symbol) != -1): null

2019-08-23 18:54:05 - [TEST_STEP][PASSED] - symbol = symbol: null

2019-08-23 18:54:05 - [TEST_STEP][PASSED] - println(symbol): null

2019-08-23 18:54:05 - [TEST_STEP][PASSED] - if (i == 2 &amp;&amp; wildList.indexOf(symbol) != -1): null

2019-08-23 18:54:05 - [TEST_STEP][PASSED] - if (i == 3 &amp;&amp; wildList.indexOf(symbol) != -1): null

2019-08-23 18:54:05 - [TEST_STEP][PASSED] - if (i == 4 &amp;&amp; wildList.indexOf(symbol) != -1): null

2019-08-23 18:54:05 - [TEST_STEP][PASSED] - symbol = symbol: null

2019-08-23 18:54:05 - [TEST_STEP][PASSED] - println(symbol): null

2019-08-23 18:54:05 - [TEST_STEP][PASSED] - if (i == 2 &amp;&amp; wildList.indexOf(symbol) != -1): null

2019-08-23 18:54:05 - [TEST_STEP][PASSED] - if (i == 3 &amp;&amp; wildList.indexOf(symbol) != -1): null

2019-08-23 18:54:05 - [TEST_STEP][PASSED] - if (i == 4 &amp;&amp; wildList.indexOf(symbol) != -1): null

2019-08-23 18:54:05 - [TEST_STEP][PASSED] - symbols = symbols: null

2019-08-23 18:54:05 - [TEST_STEP][PASSED] - for ([j = 0, j &lt; symbols.size(), (j++)]): null

2019-08-23 18:54:05 - [TEST_STEP][PASSED] - symbol = symbol: null

2019-08-23 18:54:05 - [TEST_STEP][PASSED] - println(symbol): null

2019-08-23 18:54:05 - [TEST_STEP][PASSED] - if (i == 2 &amp;&amp; wildList.indexOf(symbol) != -1): null

2019-08-23 18:54:05 - [TEST_STEP][PASSED] - if (i == 3 &amp;&amp; wildList.indexOf(symbol) != -1): null

2019-08-23 18:54:05 - [TEST_STEP][PASSED] - println("wild found on reel 4, adding counter by 1"): null

2019-08-23 18:54:05 - [TEST_STEP][PASSED] - free_spin_reel_counter[1] = free_spin_reel_counter[1] + 1: null

2019-08-23 18:54:05 - [TEST_STEP][PASSED] - if (i == 4 &amp;&amp; wildList.indexOf(symbol) != -1): null

2019-08-23 18:54:05 - [TEST_STEP][PASSED] - symbol = symbol: null

2019-08-23 18:54:05 - [TEST_STEP][PASSED] - println(symbol): null

2019-08-23 18:54:05 - [TEST_STEP][PASSED] - if (i == 2 &amp;&amp; wildList.indexOf(symbol) != -1): null

2019-08-23 18:54:05 - [TEST_STEP][PASSED] - if (i == 3 &amp;&amp; wildList.indexOf(symbol) != -1): null

2019-08-23 18:54:05 - [TEST_STEP][PASSED] - if (i == 4 &amp;&amp; wildList.indexOf(symbol) != -1): null

2019-08-23 18:54:05 - [TEST_STEP][PASSED] - symbol = symbol: null

2019-08-23 18:54:05 - [TEST_STEP][PASSED] - println(symbol): null

2019-08-23 18:54:05 - [TEST_STEP][PASSED] - if (i == 2 &amp;&amp; wildList.indexOf(symbol) != -1): null

2019-08-23 18:54:05 - [TEST_STEP][PASSED] - if (i == 3 &amp;&amp; wildList.indexOf(symbol) != -1): null

2019-08-23 18:54:05 - [TEST_STEP][PASSED] - if (i == 4 &amp;&amp; wildList.indexOf(symbol) != -1): null

2019-08-23 18:54:05 - [TEST_STEP][PASSED] - symbols = symbols: null

2019-08-23 18:54:05 - [TEST_STEP][PASSED] - for ([j = 0, j &lt; symbols.size(), (j++)]): null

2019-08-23 18:54:05 - [TEST_STEP][PASSED] - symbol = symbol: null

2019-08-23 18:54:05 - [TEST_STEP][PASSED] - println(symbol): null

2019-08-23 18:54:05 - [TEST_STEP][PASSED] - if (i == 2 &amp;&amp; wildList.indexOf(symbol) != -1): null

2019-08-23 18:54:05 - [TEST_STEP][PASSED] - if (i == 3 &amp;&amp; wildList.indexOf(symbol) != -1): null

2019-08-23 18:54:05 - [TEST_STEP][PASSED] - if (i == 4 &amp;&amp; wildList.indexOf(symbol) != -1): null

2019-08-23 18:54:05 - [TEST_STEP][PASSED] - symbol = symbol: null

2019-08-23 18:54:05 - [TEST_STEP][PASSED] - println(symbol): null

2019-08-23 18:54:05 - [TEST_STEP][PASSED] - if (i == 2 &amp;&amp; wildList.indexOf(symbol) != -1): null

2019-08-23 18:54:05 - [TEST_STEP][PASSED] - if (i == 3 &amp;&amp; wildList.indexOf(symbol) != -1): null

2019-08-23 18:54:05 - [TEST_STEP][PASSED] - if (i == 4 &amp;&amp; wildList.indexOf(symbol) != -1): null

2019-08-23 18:54:05 - [TEST_STEP][PASSED] - symbol = symbol: null

2019-08-23 18:54:05 - [TEST_STEP][PASSED] - println(symbol): null

2019-08-23 18:54:05 - [TEST_STEP][PASSED] - if (i == 2 &amp;&amp; wildList.indexOf(symbol) != -1): null

2019-08-23 18:54:05 - [TEST_STEP][PASSED] - if (i == 3 &amp;&amp; wildList.indexOf(symbol) != -1): null

2019-08-23 18:54:05 - [TEST_STEP][PASSED] - if (i == 4 &amp;&amp; wildList.indexOf(symbol) != -1): null

2019-08-23 18:54:05 - [TEST_STEP][PASSED] - free_spin_reel_counter = free_spin_reel_counter: null

2019-08-23 18:54:05 - [TEST_STEP][PASSED] - println("reel 3 wild found: " + free_spin_reel_counter[0]): null

2019-08-23 18:54:05 - [TEST_STEP][PASSED] - println("reel 4 wild found: " + free_spin_reel_counter[1]): null

2019-08-23 18:54:05 - [TEST_STEP][PASSED] - println("reel 5 wild found: " + free_spin_reel_counter[2]): null

2019-08-23 18:54:05 - [TEST_STEP][PASSED] - M4_spin_reels = M4_spin_reels: null

2019-08-23 18:54:05 - [TEST_STEP][PASSED] - M4_spin_reels_symbols = symbol: null

2019-08-23 18:54:05 - [TEST_STEP][PASSED] - M4_spin_reels_symbols = M4_spin_reels_symbols: null

2019-08-23 18:54:05 - [TEST_STEP][PASSED] - M4_spin_reel_wins = reel_wins: null

2019-08-23 18:54:05 - [TEST_STEP][PASSED] - M4_spin_reel_wins = M4_spin_reel_wins: null

2019-08-23 18:54:05 - [TEST_STEP][PASSED] - println("GlobalVariable.M4_spin_reel_wins is: " + M4_spin_reel_wins): null

2019-08-23 18:54:05 - [TEST_STEP][PASSED] - M4_spin_total_bonus_win_this_round = total_bonus_win_this_round: null

2019-08-23 18:54:05 - [TEST_STEP][PASSED] - M4_spin_total_bonus_win_this_round = M4_spin_total_bonus_win_this_round: null

2019-08-23 18:54:05 - [TEST_STEP][PASSED] - println("GlobalVariable.M4_spin_total_bonus_win_this_round is: " + M4_spin_total_bonus_win_this_round): null

2019-08-23 18:54:05 - [TEST_STEP][PASSED] - M4_spin_bonus_spin_result = spin_result: null

2019-08-23 18:54:05 - [TEST_STEP][PASSED] - M4_spin_bonus_spin_result = M4_spin_bonus_spin_result: null

2019-08-23 18:54:05 - [MESSAGE][PASSED] - Verify response successfully

2019-08-23 18:54:05 - [MESSAGE][PASSED] - Send request and verify the response successfully

2019-08-23 18:54:05 - [TEST_STEP][PASSED] - if (free_spin_reel_counter[0] &gt;= 1 &amp;&amp; free_spin_reel_counter[1] &gt;= 1 &amp;&amp; free_spin_reel_counter[2] &gt;= 1): null

2019-08-23 18:54:05 - [TEST_STEP][PASSED] - spin_result = sendRequestAndVerify(findTestObject("INT/RGS(M4)/1_M4_spin", ["M4_login_user_id":M4_login_user_id, "rgs_session_token":rgs_session_token, "partner":Partner])): Send request and verify the response successfully

2019-08-23 18:54:05 - [MESSAGE][INFO] - HAR: /Users/eiralee/Katalon_Script/SuperWild/Reports/20190823_184757/INT/superWild_1/20190823_184757/requests/main/122.har

2019-08-23 18:54:05 - [TEST_CASE][PASSED] - Start Test Case : Verification: Verification accomplished successfully

2019-08-23 18:54:05 - [TEST_STEP][PASSED] - request = getInstance().getCurrentRequest(): null

2019-08-23 18:54:05 - [TEST_STEP][PASSED] - response = getInstance().getCurrentResponse(): null

2019-08-23 18:54:05 - [TEST_STEP][PASSED] - verifyResponseStatusCode(response, 200): Verify response status code successfully

2019-08-23 18:54:05 - [MESSAGE][PASSED] - Verify response status code successfully

2019-08-23 18:54:05 - [TEST_STEP][PASSED] - getStatusCode()).isEqualTo(200): null

2019-08-23 18:54:05 - [TEST_STEP][PASSED] - newline = System.getProperty("line.separator"): null

2019-08-23 18:54:05 - [TEST_STEP][PASSED] - M4_spin = new groovy.json.JsonSlurper(): null

2019-08-23 18:54:05 - [TEST_STEP][PASSED] - result_M4_spin = M4_spin.parseText(response.getResponseBodyContent()): null

2019-08-23 18:54:05 - [TEST_STEP][PASSED] - M4_spin_current_balance = current_balance: null

2019-08-23 18:54:05 - [TEST_STEP][PASSED] - M4_spin_current_balance = M4_spin_current_balance: null

2019-08-23 18:54:05 - [TEST_STEP][PASSED] - M4_spin_transaction_id = causality: null

2019-08-23 18:54:05 - [TEST_STEP][PASSED] - M4_spin_transaction_id = M4_spin_transaction_id: null

2019-08-23 18:54:05 - [TEST_STEP][PASSED] - M4_spin_round_id = round_id: null

2019-08-23 18:54:05 - [TEST_STEP][PASSED] - M4_spin_round_id = M4_spin_round_id: null

2019-08-23 18:54:05 - [TEST_STEP][PASSED] - M4_spin_line_wins = line_wins: null

2019-08-23 18:54:05 - [TEST_STEP][PASSED] - M4_spin_line_wins = M4_spin_line_wins: null

2019-08-23 18:54:05 - [TEST_STEP][PASSED] - M4_total_bonus_spins_int = total_bonus_spins: null

2019-08-23 18:54:05 - [TEST_STEP][PASSED] - println("******M4_total_bonus_spins type is:*******" + newline + getClass().getName()): null

2019-08-23 18:54:05 - [TEST_STEP][PASSED] - M4_total_bonus_spins_int = M4_total_bonus_spins_int: null

2019-08-23 18:54:05 - [TEST_STEP][PASSED] - M4_total_bonus_spins = Integer.toString(M4_total_bonus_spins_int): null

2019-08-23 18:54:05 - [TEST_STEP][PASSED] - M4_total_bonus_spins = M4_total_bonus_spins: null

2019-08-23 18:54:05 - [TEST_STEP][PASSED] - println("M4_total_bonus_spins is:" + M4_total_bonus_spins): null

2019-08-23 18:54:05 - [TEST_STEP][PASSED] - M4_spin_bonus_data = bonus_data: null

2019-08-23 18:54:05 - [TEST_STEP][PASSED] - M4_spin_features_triggered = result_M4_spin: null

2019-08-23 18:54:05 - [TEST_STEP][PASSED] - wild = []: null

2019-08-23 18:54:05 - [TEST_STEP][PASSED] - wild[0] = "WILD_Expanding": null

2019-08-23 18:54:05 - [TEST_STEP][PASSED] - wild[1] = "WILD_Normal": null

2019-08-23 18:54:05 - [TEST_STEP][PASSED] - wild[2] = "WILD_Double": null

2019-08-23 18:54:05 - [TEST_STEP][PASSED] - wild[3] = "WILD_ExtraFG": null

2019-08-23 18:54:05 - [TEST_STEP][PASSED] - wild[4] = "WILD_Triple": null

2019-08-23 18:54:05 - [TEST_STEP][PASSED] - wildList = Arrays.asList(wild): null

2019-08-23 18:54:05 - [TEST_STEP][PASSED] - wildList = wildList: null

2019-08-23 18:54:05 - [TEST_STEP][PASSED] - free_spin_reel_counter = []: null

2019-08-23 18:54:05 - [TEST_STEP][PASSED] - free_spin_reel_counter[0] = 0: null

2019-08-23 18:54:05 - [TEST_STEP][PASSED] - free_spin_reel_counter[1] = 0: null

2019-08-23 18:54:05 - [TEST_STEP][PASSED] - free_spin_reel_counter[2] = 0: null

2019-08-23 18:54:05 - [TEST_STEP][PASSED] - M4_spin_reels = reels: null

2019-08-23 18:54:05 - [TEST_STEP][PASSED] - for ([i = 0, i &lt; M4_spin_reels.size(), (i++)]): null

2019-08-23 18:54:05 - [TEST_STEP][PASSED] - symbols = symbols: null

2019-08-23 18:54:05 - [TEST_STEP][PASSED] - for ([j = 0, j &lt; symbols.size(), (j++)]): null

2019-08-23 18:54:05 - [TEST_STEP][PASSED] - symbol = symbol: null

2019-08-23 18:54:05 - [TEST_STEP][PASSED] - println(symbol): null

2019-08-23 18:54:05 - [TEST_STEP][PASSED] - if (i == 2 &amp;&amp; wildList.indexOf(symbol) != -1): null

2019-08-23 18:54:05 - [TEST_STEP][PASSED] - if (i == 3 &amp;&amp; wildList.indexOf(symbol) != -1): null

2019-08-23 18:54:05 - [TEST_STEP][PASSED] - if (i == 4 &amp;&amp; wildList.indexOf(symbol) != -1): null

2019-08-23 18:54:05 - [TEST_STEP][PASSED] - symbol = symbol: null

2019-08-23 18:54:05 - [TEST_STEP][PASSED] - println(symbol): null

2019-08-23 18:54:05 - [TEST_STEP][PASSED] - if (i == 2 &amp;&amp; wildList.indexOf(symbol) != -1): null

2019-08-23 18:54:05 - [TEST_STEP][PASSED] - if (i == 3 &amp;&amp; wildList.indexOf(symbol) != -1): null

2019-08-23 18:54:05 - [TEST_STEP][PASSED] - if (i == 4 &amp;&amp; wildList.indexOf(symbol) != -1): null

2019-08-23 18:54:05 - [TEST_STEP][PASSED] - symbol = symbol: null

2019-08-23 18:54:05 - [TEST_STEP][PASSED] - println(symbol): null

2019-08-23 18:54:05 - [TEST_STEP][PASSED] - if (i == 2 &amp;&amp; wildList.indexOf(symbol) != -1): null

2019-08-23 18:54:05 - [TEST_STEP][PASSED] - if (i == 3 &amp;&amp; wildList.indexOf(symbol) != -1): null

2019-08-23 18:54:05 - [TEST_STEP][PASSED] - if (i == 4 &amp;&amp; wildList.indexOf(symbol) != -1): null

2019-08-23 18:54:05 - [TEST_STEP][PASSED] - symbols = symbols: null

2019-08-23 18:54:05 - [TEST_STEP][PASSED] - for ([j = 0, j &lt; symbols.size(), (j++)]): null

2019-08-23 18:54:05 - [TEST_STEP][PASSED] - symbol = symbol: null

2019-08-23 18:54:05 - [TEST_STEP][PASSED] - println(symbol): null

2019-08-23 18:54:05 - [TEST_STEP][PASSED] - if (i == 2 &amp;&amp; wildList.indexOf(symbol) != -1): null

2019-08-23 18:54:05 - [TEST_STEP][PASSED] - if (i == 3 &amp;&amp; wildList.indexOf(symbol) != -1): null

2019-08-23 18:54:05 - [TEST_STEP][PASSED] - if (i == 4 &amp;&amp; wildList.indexOf(symbol) != -1): null

2019-08-23 18:54:05 - [TEST_STEP][PASSED] - symbol = symbol: null

2019-08-23 18:54:05 - [TEST_STEP][PASSED] - println(symbol): null

2019-08-23 18:54:05 - [TEST_STEP][PASSED] - if (i == 2 &amp;&amp; wildList.indexOf(symbol) != -1): null

2019-08-23 18:54:05 - [TEST_STEP][PASSED] - if (i == 3 &amp;&amp; wildList.indexOf(symbol) != -1): null

2019-08-23 18:54:05 - [TEST_STEP][PASSED] - if (i == 4 &amp;&amp; wildList.indexOf(symbol) != -1): null

2019-08-23 18:54:05 - [TEST_STEP][PASSED] - symbol = symbol: null

2019-08-23 18:54:05 - [TEST_STEP][PASSED] - println(symbol): null

2019-08-23 18:54:05 - [TEST_STEP][PASSED] - if (i == 2 &amp;&amp; wildList.indexOf(symbol) != -1): null

2019-08-23 18:54:05 - [TEST_STEP][PASSED] - if (i == 3 &amp;&amp; wildList.indexOf(symbol) != -1): null

2019-08-23 18:54:05 - [TEST_STEP][PASSED] - if (i == 4 &amp;&amp; wildList.indexOf(symbol) != -1): null

2019-08-23 18:54:05 - [TEST_STEP][PASSED] - symbols = symbols: null

2019-08-23 18:54:05 - [TEST_STEP][PASSED] - for ([j = 0, j &lt; symbols.size(), (j++)]): null

2019-08-23 18:54:05 - [TEST_STEP][PASSED] - symbol = symbol: null

2019-08-23 18:54:05 - [TEST_STEP][PASSED] - println(symbol): null

2019-08-23 18:54:05 - [TEST_STEP][PASSED] - if (i == 2 &amp;&amp; wildList.indexOf(symbol) != -1): null

2019-08-23 18:54:05 - [TEST_STEP][PASSED] - if (i == 3 &amp;&amp; wildList.indexOf(symbol) != -1): null

2019-08-23 18:54:05 - [TEST_STEP][PASSED] - if (i == 4 &amp;&amp; wildList.indexOf(symbol) != -1): null

2019-08-23 18:54:05 - [TEST_STEP][PASSED] - symbol = symbol: null

2019-08-23 18:54:05 - [TEST_STEP][PASSED] - println(symbol): null

2019-08-23 18:54:05 - [TEST_STEP][PASSED] - if (i == 2 &amp;&amp; wildList.indexOf(symbol) != -1): null

2019-08-23 18:54:05 - [TEST_STEP][PASSED] - println("wild found on reel 3, adding counter by 1"): null

2019-08-23 18:54:05 - [TEST_STEP][PASSED] - free_spin_reel_counter[0] = free_spin_reel_counter[0] + 1: null

2019-08-23 18:54:05 - [TEST_STEP][PASSED] - if (i == 3 &amp;&amp; wildList.indexOf(symbol) != -1): null

2019-08-23 18:54:05 - [TEST_STEP][PASSED] - if (i == 4 &amp;&amp; wildList.indexOf(symbol) != -1): null

2019-08-23 18:54:05 - [TEST_STEP][PASSED] - symbol = symbol: null

2019-08-23 18:54:05 - [TEST_STEP][PASSED] - println(symbol): null

2019-08-23 18:54:05 - [TEST_STEP][PASSED] - if (i == 2 &amp;&amp; wildList.indexOf(symbol) != -1): null

2019-08-23 18:54:05 - [TEST_STEP][PASSED] - if (i == 3 &amp;&amp; wildList.indexOf(symbol) != -1): null

2019-08-23 18:54:05 - [TEST_STEP][PASSED] - if (i == 4 &amp;&amp; wildList.indexOf(symbol) != -1): null

2019-08-23 18:54:05 - [TEST_STEP][PASSED] - symbols = symbols: null

2019-08-23 18:54:05 - [TEST_STEP][PASSED] - for ([j = 0, j &lt; symbols.size(), (j++)]): null

2019-08-23 18:54:05 - [TEST_STEP][PASSED] - symbol = symbol: null

2019-08-23 18:54:05 - [TEST_STEP][PASSED] - println(symbol): null

2019-08-23 18:54:05 - [TEST_STEP][PASSED] - if (i == 2 &amp;&amp; wildList.indexOf(symbol) != -1): null

2019-08-23 18:54:05 - [TEST_STEP][PASSED] - if (i == 3 &amp;&amp; wildList.indexOf(symbol) != -1): null

2019-08-23 18:54:05 - [TEST_STEP][PASSED] - if (i == 4 &amp;&amp; wildList.indexOf(symbol) != -1): null

2019-08-23 18:54:05 - [TEST_STEP][PASSED] - symbol = symbol: null

2019-08-23 18:54:05 - [TEST_STEP][PASSED] - println(symbol): null

2019-08-23 18:54:05 - [TEST_STEP][PASSED] - if (i == 2 &amp;&amp; wildList.indexOf(symbol) != -1): null

2019-08-23 18:54:05 - [TEST_STEP][PASSED] - if (i == 3 &amp;&amp; wildList.indexOf(symbol) != -1): null

2019-08-23 18:54:05 - [TEST_STEP][PASSED] - if (i == 4 &amp;&amp; wildList.indexOf(symbol) != -1): null

2019-08-23 18:54:05 - [TEST_STEP][PASSED] - symbol = symbol: null

2019-08-23 18:54:05 - [TEST_STEP][PASSED] - println(symbol): null

2019-08-23 18:54:05 - [TEST_STEP][PASSED] - if (i == 2 &amp;&amp; wildList.indexOf(symbol) != -1): null

2019-08-23 18:54:05 - [TEST_STEP][PASSED] - if (i == 3 &amp;&amp; wildList.indexOf(symbol) != -1): null

2019-08-23 18:54:05 - [TEST_STEP][PASSED] - if (i == 4 &amp;&amp; wildList.indexOf(symbol) != -1): null

2019-08-23 18:54:05 - [TEST_STEP][PASSED] - symbols = symbols: null

2019-08-23 18:54:05 - [TEST_STEP][PASSED] - for ([j = 0, j &lt; symbols.size(), (j++)]): null

2019-08-23 18:54:05 - [TEST_STEP][PASSED] - symbol = symbol: null

2019-08-23 18:54:05 - [TEST_STEP][PASSED] - println(symbol): null

2019-08-23 18:54:05 - [TEST_STEP][PASSED] - if (i == 2 &amp;&amp; wildList.indexOf(symbol) != -1): null

2019-08-23 18:54:05 - [TEST_STEP][PASSED] - if (i == 3 &amp;&amp; wildList.indexOf(symbol) != -1): null

2019-08-23 18:54:05 - [TEST_STEP][PASSED] - if (i == 4 &amp;&amp; wildList.indexOf(symbol) != -1): null

2019-08-23 18:54:05 - [TEST_STEP][PASSED] - symbol = symbol: null

2019-08-23 18:54:05 - [TEST_STEP][PASSED] - println(symbol): null

2019-08-23 18:54:05 - [TEST_STEP][PASSED] - if (i == 2 &amp;&amp; wildList.indexOf(symbol) != -1): null

2019-08-23 18:54:05 - [TEST_STEP][PASSED] - if (i == 3 &amp;&amp; wildList.indexOf(symbol) != -1): null

2019-08-23 18:54:05 - [TEST_STEP][PASSED] - if (i == 4 &amp;&amp; wildList.indexOf(symbol) != -1): null

2019-08-23 18:54:05 - [TEST_STEP][PASSED] - println("wild found on reel 5, adding counter by 1"): null

2019-08-23 18:54:05 - [TEST_STEP][PASSED] - free_spin_reel_counter[2] = free_spin_reel_counter[2] + 1: null

2019-08-23 18:54:05 - [TEST_STEP][PASSED] - symbol = symbol: null

2019-08-23 18:54:05 - [TEST_STEP][PASSED] - println(symbol): null

2019-08-23 18:54:05 - [TEST_STEP][PASSED] - if (i == 2 &amp;&amp; wildList.indexOf(symbol) != -1): null

2019-08-23 18:54:05 - [TEST_STEP][PASSED] - if (i == 3 &amp;&amp; wildList.indexOf(symbol) != -1): null

2019-08-23 18:54:05 - [TEST_STEP][PASSED] - if (i == 4 &amp;&amp; wildList.indexOf(symbol) != -1): null

2019-08-23 18:54:05 - [TEST_STEP][PASSED] - free_spin_reel_counter = free_spin_reel_counter: null

2019-08-23 18:54:05 - [TEST_STEP][PASSED] - println("reel 3 wild found: " + free_spin_reel_counter[0]): null

2019-08-23 18:54:05 - [TEST_STEP][PASSED] - println("reel 4 wild found: " + free_spin_reel_counter[1]): null

2019-08-23 18:54:05 - [TEST_STEP][PASSED] - println("reel 5 wild found: " + free_spin_reel_counter[2]): null

2019-08-23 18:54:05 - [TEST_STEP][PASSED] - M4_spin_reels = M4_spin_reels: null

2019-08-23 18:54:05 - [TEST_STEP][PASSED] - M4_spin_reels_symbols = symbol: null

2019-08-23 18:54:05 - [TEST_STEP][PASSED] - M4_spin_reels_symbols = M4_spin_reels_symbols: null

2019-08-23 18:54:05 - [TEST_STEP][PASSED] - M4_spin_reel_wins = reel_wins: null

2019-08-23 18:54:05 - [TEST_STEP][PASSED] - M4_spin_reel_wins = M4_spin_reel_wins: null

2019-08-23 18:54:05 - [TEST_STEP][PASSED] - println("GlobalVariable.M4_spin_reel_wins is: " + M4_spin_reel_wins): null

2019-08-23 18:54:05 - [TEST_STEP][PASSED] - M4_spin_total_bonus_win_this_round = total_bonus_win_this_round: null

2019-08-23 18:54:05 - [TEST_STEP][PASSED] - M4_spin_total_bonus_win_this_round = M4_spin_total_bonus_win_this_round: null

2019-08-23 18:54:05 - [TEST_STEP][PASSED] - println("GlobalVariable.M4_spin_total_bonus_win_this_round is: " + M4_spin_total_bonus_win_this_round): null

2019-08-23 18:54:05 - [TEST_STEP][PASSED] - M4_spin_bonus_spin_result = spin_result: null

2019-08-23 18:54:05 - [TEST_STEP][PASSED] - M4_spin_bonus_spin_result = M4_spin_bonus_spin_result: null

2019-08-23 18:54:05 - [MESSAGE][PASSED] - Verify response successfully

2019-08-23 18:54:05 - [MESSAGE][PASSED] - Send request and verify the response successfully

2019-08-23 18:54:05 - [TEST_STEP][PASSED] - if (free_spin_reel_counter[0] &gt;= 1 &amp;&amp; free_spin_reel_counter[1] &gt;= 1 &amp;&amp; free_spin_reel_counter[2] &gt;= 1): null

2019-08-23 18:54:05 - [TEST_STEP][PASSED] - spin_result = sendRequestAndVerify(findTestObject("INT/RGS(M4)/1_M4_spin", ["M4_login_user_id":M4_login_user_id, "rgs_session_token":rgs_session_token, "partner":Partner])): Send request and verify the response successfully

2019-08-23 18:54:05 - [MESSAGE][INFO] - HAR: /Users/eiralee/Katalon_Script/SuperWild/Reports/20190823_184757/INT/superWild_1/20190823_184757/requests/main/123.har

2019-08-23 18:54:06 - [TEST_CASE][PASSED] - Start Test Case : Verification: Verification accomplished successfully

2019-08-23 18:54:06 - [TEST_STEP][PASSED] - request = getInstance().getCurrentRequest(): null

2019-08-23 18:54:06 - [TEST_STEP][PASSED] - response = getInstance().getCurrentResponse(): null

2019-08-23 18:54:06 - [TEST_STEP][PASSED] - verifyResponseStatusCode(response, 200): Verify response status code successfully

2019-08-23 18:54:06 - [MESSAGE][PASSED] - Verify response status code successfully

2019-08-23 18:54:06 - [TEST_STEP][PASSED] - getStatusCode()).isEqualTo(200): null

2019-08-23 18:54:06 - [TEST_STEP][PASSED] - newline = System.getProperty("line.separator"): null

2019-08-23 18:54:06 - [TEST_STEP][PASSED] - M4_spin = new groovy.json.JsonSlurper(): null

2019-08-23 18:54:06 - [TEST_STEP][PASSED] - result_M4_spin = M4_spin.parseText(response.getResponseBodyContent()): null

2019-08-23 18:54:06 - [TEST_STEP][PASSED] - M4_spin_current_balance = current_balance: null

2019-08-23 18:54:06 - [TEST_STEP][PASSED] - M4_spin_current_balance = M4_spin_current_balance: null

2019-08-23 18:54:06 - [TEST_STEP][PASSED] - M4_spin_transaction_id = causality: null

2019-08-23 18:54:06 - [TEST_STEP][PASSED] - M4_spin_transaction_id = M4_spin_transaction_id: null

2019-08-23 18:54:06 - [TEST_STEP][PASSED] - M4_spin_round_id = round_id: null

2019-08-23 18:54:06 - [TEST_STEP][PASSED] - M4_spin_round_id = M4_spin_round_id: null

2019-08-23 18:54:06 - [TEST_STEP][PASSED] - M4_spin_line_wins = line_wins: null

2019-08-23 18:54:06 - [TEST_STEP][PASSED] - M4_spin_line_wins = M4_spin_line_wins: null

2019-08-23 18:54:06 - [TEST_STEP][PASSED] - M4_total_bonus_spins_int = total_bonus_spins: null

2019-08-23 18:54:06 - [TEST_STEP][PASSED] - println("******M4_total_bonus_spins type is:*******" + newline + getClass().getName()): null

2019-08-23 18:54:06 - [TEST_STEP][PASSED] - M4_total_bonus_spins_int = M4_total_bonus_spins_int: null

2019-08-23 18:54:06 - [TEST_STEP][PASSED] - M4_total_bonus_spins = Integer.toString(M4_total_bonus_spins_int): null

2019-08-23 18:54:06 - [TEST_STEP][PASSED] - M4_total_bonus_spins = M4_total_bonus_spins: null

2019-08-23 18:54:06 - [TEST_STEP][PASSED] - println("M4_total_bonus_spins is:" + M4_total_bonus_spins): null

2019-08-23 18:54:06 - [TEST_STEP][PASSED] - M4_spin_bonus_data = bonus_data: null

2019-08-23 18:54:06 - [TEST_STEP][PASSED] - M4_spin_features_triggered = result_M4_spin: null

2019-08-23 18:54:06 - [TEST_STEP][PASSED] - wild = []: null

2019-08-23 18:54:06 - [TEST_STEP][PASSED] - wild[0] = "WILD_Expanding": null

2019-08-23 18:54:06 - [TEST_STEP][PASSED] - wild[1] = "WILD_Normal": null

2019-08-23 18:54:06 - [TEST_STEP][PASSED] - wild[2] = "WILD_Double": null

2019-08-23 18:54:06 - [TEST_STEP][PASSED] - wild[3] = "WILD_ExtraFG": null

2019-08-23 18:54:06 - [TEST_STEP][PASSED] - wild[4] = "WILD_Triple": null

2019-08-23 18:54:06 - [TEST_STEP][PASSED] - wildList = Arrays.asList(wild): null

2019-08-23 18:54:06 - [TEST_STEP][PASSED] - wildList = wildList: null

2019-08-23 18:54:06 - [TEST_STEP][PASSED] - free_spin_reel_counter = []: null

2019-08-23 18:54:06 - [TEST_STEP][PASSED] - free_spin_reel_counter[0] = 0: null

2019-08-23 18:54:06 - [TEST_STEP][PASSED] - free_spin_reel_counter[1] = 0: null

2019-08-23 18:54:06 - [TEST_STEP][PASSED] - free_spin_reel_counter[2] = 0: null

2019-08-23 18:54:06 - [TEST_STEP][PASSED] - M4_spin_reels = reels: null

2019-08-23 18:54:06 - [TEST_STEP][PASSED] - for ([i = 0, i &lt; M4_spin_reels.size(), (i++)]): null

2019-08-23 18:54:06 - [TEST_STEP][PASSED] - symbols = symbols: null

2019-08-23 18:54:06 - [TEST_STEP][PASSED] - for ([j = 0, j &lt; symbols.size(), (j++)]): null

2019-08-23 18:54:06 - [TEST_STEP][PASSED] - symbol = symbol: null

2019-08-23 18:54:06 - [TEST_STEP][PASSED] - println(symbol): null

2019-08-23 18:54:06 - [TEST_STEP][PASSED] - if (i == 2 &amp;&amp; wildList.indexOf(symbol) != -1): null

2019-08-23 18:54:06 - [TEST_STEP][PASSED] - if (i == 3 &amp;&amp; wildList.indexOf(symbol) != -1): null

2019-08-23 18:54:06 - [TEST_STEP][PASSED] - if (i == 4 &amp;&amp; wildList.indexOf(symbol) != -1): null

2019-08-23 18:54:06 - [TEST_STEP][PASSED] - symbol = symbol: null

2019-08-23 18:54:06 - [TEST_STEP][PASSED] - println(symbol): null

2019-08-23 18:54:06 - [TEST_STEP][PASSED] - if (i == 2 &amp;&amp; wildList.indexOf(symbol) != -1): null

2019-08-23 18:54:06 - [TEST_STEP][PASSED] - if (i == 3 &amp;&amp; wildList.indexOf(symbol) != -1): null

2019-08-23 18:54:06 - [TEST_STEP][PASSED] - if (i == 4 &amp;&amp; wildList.indexOf(symbol) != -1): null

2019-08-23 18:54:06 - [TEST_STEP][PASSED] - symbol = symbol: null

2019-08-23 18:54:06 - [TEST_STEP][PASSED] - println(symbol): null

2019-08-23 18:54:06 - [TEST_STEP][PASSED] - if (i == 2 &amp;&amp; wildList.indexOf(symbol) != -1): null

2019-08-23 18:54:06 - [TEST_STEP][PASSED] - if (i == 3 &amp;&amp; wildList.indexOf(symbol) != -1): null

2019-08-23 18:54:06 - [TEST_STEP][PASSED] - if (i == 4 &amp;&amp; wildList.indexOf(symbol) != -1): null

2019-08-23 18:54:06 - [TEST_STEP][PASSED] - symbols = symbols: null

2019-08-23 18:54:06 - [TEST_STEP][PASSED] - for ([j = 0, j &lt; symbols.size(), (j++)]): null

2019-08-23 18:54:06 - [TEST_STEP][PASSED] - symbol = symbol: null

2019-08-23 18:54:06 - [TEST_STEP][PASSED] - println(symbol): null

2019-08-23 18:54:06 - [TEST_STEP][PASSED] - if (i == 2 &amp;&amp; wildList.indexOf(symbol) != -1): null

2019-08-23 18:54:08 - [TEST_STEP][PASSED] - if (i == 3 &amp;&amp; wildList.indexOf(symbol) != -1): null

2019-08-23 18:54:08 - [TEST_STEP][PASSED] - if (i == 4 &amp;&amp; wildList.indexOf(symbol) != -1): null

2019-08-23 18:54:08 - [TEST_STEP][PASSED] - symbol = symbol: null

2019-08-23 18:54:08 - [TEST_STEP][PASSED] - println(symbol): null

2019-08-23 18:54:08 - [TEST_STEP][PASSED] - if (i == 2 &amp;&amp; wildList.indexOf(symbol) != -1): null

2019-08-23 18:54:08 - [TEST_STEP][PASSED] - if (i == 3 &amp;&amp; wildList.indexOf(symbol) != -1): null

2019-08-23 18:54:08 - [TEST_STEP][PASSED] - if (i == 4 &amp;&amp; wildList.indexOf(symbol) != -1): null

2019-08-23 18:54:08 - [TEST_STEP][PASSED] - symbol = symbol: null

2019-08-23 18:54:08 - [TEST_STEP][PASSED] - println(symbol): null

2019-08-23 18:54:08 - [TEST_STEP][PASSED] - if (i == 2 &amp;&amp; wildList.indexOf(symbol) != -1): null

2019-08-23 18:54:08 - [TEST_STEP][PASSED] - if (i == 3 &amp;&amp; wildList.indexOf(symbol) != -1): null

2019-08-23 18:54:08 - [TEST_STEP][PASSED] - if (i == 4 &amp;&amp; wildList.indexOf(symbol) != -1): null

2019-08-23 18:54:08 - [TEST_STEP][PASSED] - symbols = symbols: null

2019-08-23 18:54:08 - [TEST_STEP][PASSED] - for ([j = 0, j &lt; symbols.size(), (j++)]): null

2019-08-23 18:54:08 - [TEST_STEP][PASSED] - symbol = symbol: null

2019-08-23 18:54:08 - [TEST_STEP][PASSED] - println(symbol): null

2019-08-23 18:54:08 - [TEST_STEP][PASSED] - if (i == 2 &amp;&amp; wildList.indexOf(symbol) != -1): null

2019-08-23 18:54:08 - [TEST_STEP][PASSED] - if (i == 3 &amp;&amp; wildList.indexOf(symbol) != -1): null

2019-08-23 18:54:08 - [TEST_STEP][PASSED] - if (i == 4 &amp;&amp; wildList.indexOf(symbol) != -1): null

2019-08-23 18:54:08 - [TEST_STEP][PASSED] - symbol = symbol: null

2019-08-23 18:54:08 - [TEST_STEP][PASSED] - println(symbol): null

2019-08-23 18:54:08 - [TEST_STEP][PASSED] - if (i == 2 &amp;&amp; wildList.indexOf(symbol) != -1): null

2019-08-23 18:54:08 - [TEST_STEP][PASSED] - if (i == 3 &amp;&amp; wildList.indexOf(symbol) != -1): null

2019-08-23 18:54:08 - [TEST_STEP][PASSED] - if (i == 4 &amp;&amp; wildList.indexOf(symbol) != -1): null

2019-08-23 18:54:08 - [TEST_STEP][PASSED] - symbol = symbol: null

2019-08-23 18:54:08 - [TEST_STEP][PASSED] - println(symbol): null

2019-08-23 18:54:08 - [TEST_STEP][PASSED] - if (i == 2 &amp;&amp; wildList.indexOf(symbol) != -1): null

2019-08-23 18:54:08 - [TEST_STEP][PASSED] - if (i == 3 &amp;&amp; wildList.indexOf(symbol) != -1): null

2019-08-23 18:54:08 - [TEST_STEP][PASSED] - if (i == 4 &amp;&amp; wildList.indexOf(symbol) != -1): null

2019-08-23 18:54:08 - [TEST_STEP][PASSED] - symbols = symbols: null

2019-08-23 18:54:08 - [TEST_STEP][PASSED] - for ([j = 0, j &lt; symbols.size(), (j++)]): null

2019-08-23 18:54:08 - [TEST_STEP][PASSED] - symbol = symbol: null

2019-08-23 18:54:08 - [TEST_STEP][PASSED] - println(symbol): null

2019-08-23 18:54:08 - [TEST_STEP][PASSED] - if (i == 2 &amp;&amp; wildList.indexOf(symbol) != -1): null

2019-08-23 18:54:08 - [TEST_STEP][PASSED] - if (i == 3 &amp;&amp; wildList.indexOf(symbol) != -1): null

2019-08-23 18:54:08 - [TEST_STEP][PASSED] - if (i == 4 &amp;&amp; wildList.indexOf(symbol) != -1): null

2019-08-23 18:54:08 - [TEST_STEP][PASSED] - symbol = symbol: null

2019-08-23 18:54:08 - [TEST_STEP][PASSED] - println(symbol): null

2019-08-23 18:54:08 - [TEST_STEP][PASSED] - if (i == 2 &amp;&amp; wildList.indexOf(symbol) != -1): null

2019-08-23 18:54:08 - [TEST_STEP][PASSED] - if (i == 3 &amp;&amp; wildList.indexOf(symbol) != -1): null

2019-08-23 18:54:08 - [TEST_STEP][PASSED] - if (i == 4 &amp;&amp; wildList.indexOf(symbol) != -1): null

2019-08-23 18:54:08 - [TEST_STEP][PASSED] - symbol = symbol: null

2019-08-23 18:54:08 - [TEST_STEP][PASSED] - println(symbol): null

2019-08-23 18:54:08 - [TEST_STEP][PASSED] - if (i == 2 &amp;&amp; wildList.indexOf(symbol) != -1): null

2019-08-23 18:54:08 - [TEST_STEP][PASSED] - if (i == 3 &amp;&amp; wildList.indexOf(symbol) != -1): null

2019-08-23 18:54:08 - [TEST_STEP][PASSED] - println("wild found on reel 4, adding counter by 1"): null

2019-08-23 18:54:08 - [TEST_STEP][PASSED] - free_spin_reel_counter[1] = free_spin_reel_counter[1] + 1: null

2019-08-23 18:54:08 - [TEST_STEP][PASSED] - if (i == 4 &amp;&amp; wildList.indexOf(symbol) != -1): null

2019-08-23 18:54:08 - [TEST_STEP][PASSED] - symbols = symbols: null

2019-08-23 18:54:08 - [TEST_STEP][PASSED] - for ([j = 0, j &lt; symbols.size(), (j++)]): null

2019-08-23 18:54:08 - [TEST_STEP][PASSED] - symbol = symbol: null

2019-08-23 18:54:08 - [TEST_STEP][PASSED] - println(symbol): null

2019-08-23 18:54:08 - [TEST_STEP][PASSED] - if (i == 2 &amp;&amp; wildList.indexOf(symbol) != -1): null

2019-08-23 18:54:08 - [TEST_STEP][PASSED] - if (i == 3 &amp;&amp; wildList.indexOf(symbol) != -1): null

2019-08-23 18:54:08 - [TEST_STEP][PASSED] - if (i == 4 &amp;&amp; wildList.indexOf(symbol) != -1): null

2019-08-23 18:54:08 - [TEST_STEP][PASSED] - symbol = symbol: null

2019-08-23 18:54:08 - [TEST_STEP][PASSED] - println(symbol): null

2019-08-23 18:54:08 - [TEST_STEP][PASSED] - if (i == 2 &amp;&amp; wildList.indexOf(symbol) != -1): null

2019-08-23 18:54:08 - [TEST_STEP][PASSED] - if (i == 3 &amp;&amp; wildList.indexOf(symbol) != -1): null

2019-08-23 18:54:08 - [TEST_STEP][PASSED] - if (i == 4 &amp;&amp; wildList.indexOf(symbol) != -1): null

2019-08-23 18:54:08 - [TEST_STEP][PASSED] - symbol = symbol: null

2019-08-23 18:54:08 - [TEST_STEP][PASSED] - println(symbol): null

2019-08-23 18:54:08 - [TEST_STEP][PASSED] - if (i == 2 &amp;&amp; wildList.indexOf(symbol) != -1): null

2019-08-23 18:54:08 - [TEST_STEP][PASSED] - if (i == 3 &amp;&amp; wildList.indexOf(symbol) != -1): null

2019-08-23 18:54:08 - [TEST_STEP][PASSED] - if (i == 4 &amp;&amp; wildList.indexOf(symbol) != -1): null

2019-08-23 18:54:08 - [TEST_STEP][PASSED] - free_spin_reel_counter = free_spin_reel_counter: null

2019-08-23 18:54:08 - [TEST_STEP][PASSED] - println("reel 3 wild found: " + free_spin_reel_counter[0]): null

2019-08-23 18:54:08 - [TEST_STEP][PASSED] - println("reel 4 wild found: " + free_spin_reel_counter[1]): null

2019-08-23 18:54:08 - [TEST_STEP][PASSED] - println("reel 5 wild found: " + free_spin_reel_counter[2]): null

2019-08-23 18:54:08 - [TEST_STEP][PASSED] - M4_spin_reels = M4_spin_reels: null

2019-08-23 18:54:08 - [TEST_STEP][PASSED] - M4_spin_reels_symbols = symbol: null

2019-08-23 18:54:08 - [TEST_STEP][PASSED] - M4_spin_reels_symbols = M4_spin_reels_symbols: null

2019-08-23 18:54:08 - [TEST_STEP][PASSED] - M4_spin_reel_wins = reel_wins: null

2019-08-23 18:54:08 - [TEST_STEP][PASSED] - M4_spin_reel_wins = M4_spin_reel_wins: null

2019-08-23 18:54:08 - [TEST_STEP][PASSED] - println("GlobalVariable.M4_spin_reel_wins is: " + M4_spin_reel_wins): null

2019-08-23 18:54:08 - [TEST_STEP][PASSED] - M4_spin_total_bonus_win_this_round = total_bonus_win_this_round: null

2019-08-23 18:54:08 - [TEST_STEP][PASSED] - M4_spin_total_bonus_win_this_round = M4_spin_total_bonus_win_this_round: null

2019-08-23 18:54:08 - [TEST_STEP][PASSED] - println("GlobalVariable.M4_spin_total_bonus_win_this_round is: " + M4_spin_total_bonus_win_this_round): null

2019-08-23 18:54:08 - [TEST_STEP][PASSED] - M4_spin_bonus_spin_result = spin_result: null

2019-08-23 18:54:08 - [TEST_STEP][PASSED] - M4_spin_bonus_spin_result = M4_spin_bonus_spin_result: null

2019-08-23 18:54:08 - [MESSAGE][PASSED] - Verify response successfully

2019-08-23 18:54:08 - [MESSAGE][PASSED] - Send request and verify the response successfully

2019-08-23 18:54:08 - [TEST_STEP][PASSED] - if (free_spin_reel_counter[0] &gt;= 1 &amp;&amp; free_spin_reel_counter[1] &gt;= 1 &amp;&amp; free_spin_reel_counter[2] &gt;= 1): null

2019-08-23 18:54:08 - [TEST_STEP][PASSED] - spin_result = sendRequestAndVerify(findTestObject("INT/RGS(M4)/1_M4_spin", ["M4_login_user_id":M4_login_user_id, "rgs_session_token":rgs_session_token, "partner":Partner])): Send request and verify the response successfully

2019-08-23 18:54:08 - [MESSAGE][INFO] - HAR: /Users/eiralee/Katalon_Script/SuperWild/Reports/20190823_184757/INT/superWild_1/20190823_184757/requests/main/124.har

2019-08-23 18:54:08 - [TEST_CASE][PASSED] - Start Test Case : Verification: Verification accomplished successfully

2019-08-23 18:54:08 - [TEST_STEP][PASSED] - request = getInstance().getCurrentRequest(): null

2019-08-23 18:54:08 - [TEST_STEP][PASSED] - response = getInstance().getCurrentResponse(): null

2019-08-23 18:54:08 - [TEST_STEP][PASSED] - verifyResponseStatusCode(response, 200): Verify response status code successfully

2019-08-23 18:54:08 - [MESSAGE][PASSED] - Verify response status code successfully

2019-08-23 18:54:08 - [TEST_STEP][PASSED] - getStatusCode()).isEqualTo(200): null

2019-08-23 18:54:08 - [TEST_STEP][PASSED] - newline = System.getProperty("line.separator"): null

2019-08-23 18:54:08 - [TEST_STEP][PASSED] - M4_spin = new groovy.json.JsonSlurper(): null

2019-08-23 18:54:08 - [TEST_STEP][PASSED] - result_M4_spin = M4_spin.parseText(response.getResponseBodyContent()): null

2019-08-23 18:54:08 - [TEST_STEP][PASSED] - M4_spin_current_balance = current_balance: null

2019-08-23 18:54:08 - [TEST_STEP][PASSED] - M4_spin_current_balance = M4_spin_current_balance: null

2019-08-23 18:54:08 - [TEST_STEP][PASSED] - M4_spin_transaction_id = causality: null

2019-08-23 18:54:08 - [TEST_STEP][PASSED] - M4_spin_transaction_id = M4_spin_transaction_id: null

2019-08-23 18:54:08 - [TEST_STEP][PASSED] - M4_spin_round_id = round_id: null

2019-08-23 18:54:08 - [TEST_STEP][PASSED] - M4_spin_round_id = M4_spin_round_id: null

2019-08-23 18:54:08 - [TEST_STEP][PASSED] - M4_spin_line_wins = line_wins: null

2019-08-23 18:54:08 - [TEST_STEP][PASSED] - M4_spin_line_wins = M4_spin_line_wins: null

2019-08-23 18:54:08 - [TEST_STEP][PASSED] - M4_total_bonus_spins_int = total_bonus_spins: null

2019-08-23 18:54:08 - [TEST_STEP][PASSED] - println("******M4_total_bonus_spins type is:*******" + newline + getClass().getName()): null

2019-08-23 18:54:08 - [TEST_STEP][PASSED] - M4_total_bonus_spins_int = M4_total_bonus_spins_int: null

2019-08-23 18:54:08 - [TEST_STEP][PASSED] - M4_total_bonus_spins = Integer.toString(M4_total_bonus_spins_int): null

2019-08-23 18:54:08 - [TEST_STEP][PASSED] - M4_total_bonus_spins = M4_total_bonus_spins: null

2019-08-23 18:54:08 - [TEST_STEP][PASSED] - println("M4_total_bonus_spins is:" + M4_total_bonus_spins): null

2019-08-23 18:54:08 - [TEST_STEP][PASSED] - M4_spin_bonus_data = bonus_data: null

2019-08-23 18:54:08 - [TEST_STEP][PASSED] - M4_spin_features_triggered = result_M4_spin: null

2019-08-23 18:54:08 - [TEST_STEP][PASSED] - wild = []: null

2019-08-23 18:54:08 - [TEST_STEP][PASSED] - wild[0] = "WILD_Expanding": null

2019-08-23 18:54:08 - [TEST_STEP][PASSED] - wild[1] = "WILD_Normal": null

2019-08-23 18:54:08 - [TEST_STEP][PASSED] - wild[2] = "WILD_Double": null

2019-08-23 18:54:08 - [TEST_STEP][PASSED] - wild[3] = "WILD_ExtraFG": null

2019-08-23 18:54:08 - [TEST_STEP][PASSED] - wild[4] = "WILD_Triple": null

2019-08-23 18:54:08 - [TEST_STEP][PASSED] - wildList = Arrays.asList(wild): null

2019-08-23 18:54:08 - [TEST_STEP][PASSED] - wildList = wildList: null

2019-08-23 18:54:08 - [TEST_STEP][PASSED] - free_spin_reel_counter = []: null

2019-08-23 18:54:08 - [TEST_STEP][PASSED] - free_spin_reel_counter[0] = 0: null

2019-08-23 18:54:08 - [TEST_STEP][PASSED] - free_spin_reel_counter[1] = 0: null

2019-08-23 18:54:08 - [TEST_STEP][PASSED] - free_spin_reel_counter[2] = 0: null

2019-08-23 18:54:08 - [TEST_STEP][PASSED] - M4_spin_reels = reels: null

2019-08-23 18:54:08 - [TEST_STEP][PASSED] - for ([i = 0, i &lt; M4_spin_reels.size(), (i++)]): null

2019-08-23 18:54:08 - [TEST_STEP][PASSED] - symbols = symbols: null

2019-08-23 18:54:08 - [TEST_STEP][PASSED] - for ([j = 0, j &lt; symbols.size(), (j++)]): null

2019-08-23 18:54:08 - [TEST_STEP][PASSED] - symbol = symbol: null

2019-08-23 18:54:08 - [TEST_STEP][PASSED] - println(symbol): null

2019-08-23 18:54:08 - [TEST_STEP][PASSED] - if (i == 2 &amp;&amp; wildList.indexOf(symbol) != -1): null

2019-08-23 18:54:08 - [TEST_STEP][PASSED] - if (i == 3 &amp;&amp; wildList.indexOf(symbol) != -1): null

2019-08-23 18:54:08 - [TEST_STEP][PASSED] - if (i == 4 &amp;&amp; wildList.indexOf(symbol) != -1): null

2019-08-23 18:54:08 - [TEST_STEP][PASSED] - symbol = symbol: null

2019-08-23 18:54:08 - [TEST_STEP][PASSED] - println(symbol): null

2019-08-23 18:54:08 - [TEST_STEP][PASSED] - if (i == 2 &amp;&amp; wildList.indexOf(symbol) != -1): null

2019-08-23 18:54:08 - [TEST_STEP][PASSED] - if (i == 3 &amp;&amp; wildList.indexOf(symbol) != -1): null

2019-08-23 18:54:08 - [TEST_STEP][PASSED] - if (i == 4 &amp;&amp; wildList.indexOf(symbol) != -1): null

2019-08-23 18:54:08 - [TEST_STEP][PASSED] - symbol = symbol: null

2019-08-23 18:54:08 - [TEST_STEP][PASSED] - println(symbol): null

2019-08-23 18:54:08 - [TEST_STEP][PASSED] - if (i == 2 &amp;&amp; wildList.indexOf(symbol) != -1): null

2019-08-23 18:54:08 - [TEST_STEP][PASSED] - if (i == 3 &amp;&amp; wildList.indexOf(symbol) != -1): null

2019-08-23 18:54:08 - [TEST_STEP][PASSED] - if (i == 4 &amp;&amp; wildList.indexOf(symbol) != -1): null

2019-08-23 18:54:08 - [TEST_STEP][PASSED] - symbols = symbols: null

2019-08-23 18:54:08 - [TEST_STEP][PASSED] - for ([j = 0, j &lt; symbols.size(), (j++)]): null

2019-08-23 18:54:08 - [TEST_STEP][PASSED] - symbol = symbol: null

2019-08-23 18:54:08 - [TEST_STEP][PASSED] - println(symbol): null

2019-08-23 18:54:08 - [TEST_STEP][PASSED] - if (i == 2 &amp;&amp; wildList.indexOf(symbol) != -1): null

2019-08-23 18:54:08 - [TEST_STEP][PASSED] - if (i == 3 &amp;&amp; wildList.indexOf(symbol) != -1): null

2019-08-23 18:54:08 - [TEST_STEP][PASSED] - if (i == 4 &amp;&amp; wildList.indexOf(symbol) != -1): null

2019-08-23 18:54:08 - [TEST_STEP][PASSED] - symbol = symbol: null

2019-08-23 18:54:08 - [TEST_STEP][PASSED] - println(symbol): null

2019-08-23 18:54:08 - [TEST_STEP][PASSED] - if (i == 2 &amp;&amp; wildList.indexOf(symbol) != -1): null

2019-08-23 18:54:08 - [TEST_STEP][PASSED] - if (i == 3 &amp;&amp; wildList.indexOf(symbol) != -1): null

2019-08-23 18:54:08 - [TEST_STEP][PASSED] - if (i == 4 &amp;&amp; wildList.indexOf(symbol) != -1): null

2019-08-23 18:54:08 - [TEST_STEP][PASSED] - symbol = symbol: null

2019-08-23 18:54:08 - [TEST_STEP][PASSED] - println(symbol): null

2019-08-23 18:54:08 - [TEST_STEP][PASSED] - if (i == 2 &amp;&amp; wildList.indexOf(symbol) != -1): null

2019-08-23 18:54:08 - [TEST_STEP][PASSED] - if (i == 3 &amp;&amp; wildList.indexOf(symbol) != -1): null

2019-08-23 18:54:08 - [TEST_STEP][PASSED] - if (i == 4 &amp;&amp; wildList.indexOf(symbol) != -1): null

2019-08-23 18:54:08 - [TEST_STEP][PASSED] - symbols = symbols: null

2019-08-23 18:54:08 - [TEST_STEP][PASSED] - for ([j = 0, j &lt; symbols.size(), (j++)]): null

2019-08-23 18:54:08 - [TEST_STEP][PASSED] - symbol = symbol: null

2019-08-23 18:54:08 - [TEST_STEP][PASSED] - println(symbol): null

2019-08-23 18:54:08 - [TEST_STEP][PASSED] - if (i == 2 &amp;&amp; wildList.indexOf(symbol) != -1): null

2019-08-23 18:54:08 - [TEST_STEP][PASSED] - if (i == 3 &amp;&amp; wildList.indexOf(symbol) != -1): null

2019-08-23 18:54:08 - [TEST_STEP][PASSED] - if (i == 4 &amp;&amp; wildList.indexOf(symbol) != -1): null

2019-08-23 18:54:08 - [TEST_STEP][PASSED] - symbol = symbol: null

2019-08-23 18:54:08 - [TEST_STEP][PASSED] - println(symbol): null

2019-08-23 18:54:08 - [TEST_STEP][PASSED] - if (i == 2 &amp;&amp; wildList.indexOf(symbol) != -1): null

2019-08-23 18:54:08 - [TEST_STEP][PASSED] - if (i == 3 &amp;&amp; wildList.indexOf(symbol) != -1): null

2019-08-23 18:54:08 - [TEST_STEP][PASSED] - if (i == 4 &amp;&amp; wildList.indexOf(symbol) != -1): null

2019-08-23 18:54:08 - [TEST_STEP][PASSED] - symbol = symbol: null

2019-08-23 18:54:08 - [TEST_STEP][PASSED] - println(symbol): null

2019-08-23 18:54:08 - [TEST_STEP][PASSED] - if (i == 2 &amp;&amp; wildList.indexOf(symbol) != -1): null

2019-08-23 18:54:08 - [TEST_STEP][PASSED] - if (i == 3 &amp;&amp; wildList.indexOf(symbol) != -1): null

2019-08-23 18:54:08 - [TEST_STEP][PASSED] - if (i == 4 &amp;&amp; wildList.indexOf(symbol) != -1): null

2019-08-23 18:54:08 - [TEST_STEP][PASSED] - symbols = symbols: null

2019-08-23 18:54:08 - [TEST_STEP][PASSED] - for ([j = 0, j &lt; symbols.size(), (j++)]): null

2019-08-23 18:54:08 - [TEST_STEP][PASSED] - symbol = symbol: null

2019-08-23 18:54:08 - [TEST_STEP][PASSED] - println(symbol): null

2019-08-23 18:54:08 - [TEST_STEP][PASSED] - if (i == 2 &amp;&amp; wildList.indexOf(symbol) != -1): null

2019-08-23 18:54:08 - [TEST_STEP][PASSED] - if (i == 3 &amp;&amp; wildList.indexOf(symbol) != -1): null

2019-08-23 18:54:08 - [TEST_STEP][PASSED] - if (i == 4 &amp;&amp; wildList.indexOf(symbol) != -1): null

2019-08-23 18:54:08 - [TEST_STEP][PASSED] - symbol = symbol: null

2019-08-23 18:54:08 - [TEST_STEP][PASSED] - println(symbol): null

2019-08-23 18:54:08 - [TEST_STEP][PASSED] - if (i == 2 &amp;&amp; wildList.indexOf(symbol) != -1): null

2019-08-23 18:54:08 - [TEST_STEP][PASSED] - if (i == 3 &amp;&amp; wildList.indexOf(symbol) != -1): null

2019-08-23 18:54:08 - [TEST_STEP][PASSED] - if (i == 4 &amp;&amp; wildList.indexOf(symbol) != -1): null

2019-08-23 18:54:08 - [TEST_STEP][PASSED] - symbol = symbol: null

2019-08-23 18:54:08 - [TEST_STEP][PASSED] - println(symbol): null

2019-08-23 18:54:08 - [TEST_STEP][PASSED] - if (i == 2 &amp;&amp; wildList.indexOf(symbol) != -1): null

2019-08-23 18:54:08 - [TEST_STEP][PASSED] - if (i == 3 &amp;&amp; wildList.indexOf(symbol) != -1): null

2019-08-23 18:54:08 - [TEST_STEP][PASSED] - if (i == 4 &amp;&amp; wildList.indexOf(symbol) != -1): null

2019-08-23 18:54:08 - [TEST_STEP][PASSED] - symbols = symbols: null

2019-08-23 18:54:08 - [TEST_STEP][PASSED] - for ([j = 0, j &lt; symbols.size(), (j++)]): null

2019-08-23 18:54:08 - [TEST_STEP][PASSED] - symbol = symbol: null

2019-08-23 18:54:08 - [TEST_STEP][PASSED] - println(symbol): null

2019-08-23 18:54:08 - [TEST_STEP][PASSED] - if (i == 2 &amp;&amp; wildList.indexOf(symbol) != -1): null

2019-08-23 18:54:08 - [TEST_STEP][PASSED] - if (i == 3 &amp;&amp; wildList.indexOf(symbol) != -1): null

2019-08-23 18:54:08 - [TEST_STEP][PASSED] - if (i == 4 &amp;&amp; wildList.indexOf(symbol) != -1): null

2019-08-23 18:54:08 - [TEST_STEP][PASSED] - symbol = symbol: null

2019-08-23 18:54:08 - [TEST_STEP][PASSED] - println(symbol): null

2019-08-23 18:54:08 - [TEST_STEP][PASSED] - if (i == 2 &amp;&amp; wildList.indexOf(symbol) != -1): null

2019-08-23 18:54:08 - [TEST_STEP][PASSED] - if (i == 3 &amp;&amp; wildList.indexOf(symbol) != -1): null

2019-08-23 18:54:08 - [TEST_STEP][PASSED] - if (i == 4 &amp;&amp; wildList.indexOf(symbol) != -1): null

2019-08-23 18:54:08 - [TEST_STEP][PASSED] - symbol = symbol: null

2019-08-23 18:54:08 - [TEST_STEP][PASSED] - println(symbol): null

2019-08-23 18:54:08 - [TEST_STEP][PASSED] - if (i == 2 &amp;&amp; wildList.indexOf(symbol) != -1): null

2019-08-23 18:54:08 - [TEST_STEP][PASSED] - if (i == 3 &amp;&amp; wildList.indexOf(symbol) != -1): null

2019-08-23 18:54:08 - [TEST_STEP][PASSED] - if (i == 4 &amp;&amp; wildList.indexOf(symbol) != -1): null

2019-08-23 18:54:08 - [TEST_STEP][PASSED] - free_spin_reel_counter = free_spin_reel_counter: null

2019-08-23 18:54:08 - [TEST_STEP][PASSED] - println("reel 3 wild found: " + free_spin_reel_counter[0]): null

2019-08-23 18:54:08 - [TEST_STEP][PASSED] - println("reel 4 wild found: " + free_spin_reel_counter[1]): null

2019-08-23 18:54:08 - [TEST_STEP][PASSED] - println("reel 5 wild found: " + free_spin_reel_counter[2]): null

2019-08-23 18:54:08 - [TEST_STEP][PASSED] - M4_spin_reels = M4_spin_reels: null

2019-08-23 18:54:08 - [TEST_STEP][PASSED] - M4_spin_reels_symbols = symbol: null

2019-08-23 18:54:08 - [TEST_STEP][PASSED] - M4_spin_reels_symbols = M4_spin_reels_symbols: null

2019-08-23 18:54:08 - [TEST_STEP][PASSED] - M4_spin_reel_wins = reel_wins: null

2019-08-23 18:54:08 - [TEST_STEP][PASSED] - M4_spin_reel_wins = M4_spin_reel_wins: null

2019-08-23 18:54:08 - [TEST_STEP][PASSED] - println("GlobalVariable.M4_spin_reel_wins is: " + M4_spin_reel_wins): null

2019-08-23 18:54:08 - [TEST_STEP][PASSED] - M4_spin_total_bonus_win_this_round = total_bonus_win_this_round: null

2019-08-23 18:54:08 - [TEST_STEP][PASSED] - M4_spin_total_bonus_win_this_round = M4_spin_total_bonus_win_this_round: null

2019-08-23 18:54:08 - [TEST_STEP][PASSED] - println("GlobalVariable.M4_spin_total_bonus_win_this_round is: " + M4_spin_total_bonus_win_this_round): null

2019-08-23 18:54:08 - [TEST_STEP][PASSED] - M4_spin_bonus_spin_result = spin_result: null

2019-08-23 18:54:08 - [TEST_STEP][PASSED] - M4_spin_bonus_spin_result = M4_spin_bonus_spin_result: null

2019-08-23 18:54:08 - [MESSAGE][PASSED] - Verify response successfully

2019-08-23 18:54:08 - [MESSAGE][PASSED] - Send request and verify the response successfully

2019-08-23 18:54:08 - [TEST_STEP][PASSED] - if (free_spin_reel_counter[0] &gt;= 1 &amp;&amp; free_spin_reel_counter[1] &gt;= 1 &amp;&amp; free_spin_reel_counter[2] &gt;= 1): null

2019-08-23 18:54:08 - [TEST_STEP][PASSED] - spin_result = sendRequestAndVerify(findTestObject("INT/RGS(M4)/1_M4_spin", ["M4_login_user_id":M4_login_user_id, "rgs_session_token":rgs_session_token, "partner":Partner])): Send request and verify the response successfully

2019-08-23 18:54:09 - [MESSAGE][INFO] - HAR: /Users/eiralee/Katalon_Script/SuperWild/Reports/20190823_184757/INT/superWild_1/20190823_184757/requests/main/125.har

2019-08-23 18:54:09 - [TEST_CASE][PASSED] - Start Test Case : Verification: Verification accomplished successfully

2019-08-23 18:54:09 - [TEST_STEP][PASSED] - request = getInstance().getCurrentRequest(): null

2019-08-23 18:54:09 - [TEST_STEP][PASSED] - response = getInstance().getCurrentResponse(): null

2019-08-23 18:54:09 - [TEST_STEP][PASSED] - verifyResponseStatusCode(response, 200): Verify response status code successfully

2019-08-23 18:54:09 - [MESSAGE][PASSED] - Verify response status code successfully

2019-08-23 18:54:09 - [TEST_STEP][PASSED] - getStatusCode()).isEqualTo(200): null

2019-08-23 18:54:09 - [TEST_STEP][PASSED] - newline = System.getProperty("line.separator"): null

2019-08-23 18:54:09 - [TEST_STEP][PASSED] - M4_spin = new groovy.json.JsonSlurper(): null

2019-08-23 18:54:09 - [TEST_STEP][PASSED] - result_M4_spin = M4_spin.parseText(response.getResponseBodyContent()): null

2019-08-23 18:54:09 - [TEST_STEP][PASSED] - M4_spin_current_balance = current_balance: null

2019-08-23 18:54:09 - [TEST_STEP][PASSED] - M4_spin_current_balance = M4_spin_current_balance: null

2019-08-23 18:54:09 - [TEST_STEP][PASSED] - M4_spin_transaction_id = causality: null

2019-08-23 18:54:09 - [TEST_STEP][PASSED] - M4_spin_transaction_id = M4_spin_transaction_id: null

2019-08-23 18:54:09 - [TEST_STEP][PASSED] - M4_spin_round_id = round_id: null

2019-08-23 18:54:09 - [TEST_STEP][PASSED] - M4_spin_round_id = M4_spin_round_id: null

2019-08-23 18:54:09 - [TEST_STEP][PASSED] - M4_spin_line_wins = line_wins: null

2019-08-23 18:54:09 - [TEST_STEP][PASSED] - M4_spin_line_wins = M4_spin_line_wins: null

2019-08-23 18:54:09 - [TEST_STEP][PASSED] - M4_total_bonus_spins_int = total_bonus_spins: null

2019-08-23 18:54:09 - [TEST_STEP][PASSED] - println("******M4_total_bonus_spins type is:*******" + newline + getClass().getName()): null

2019-08-23 18:54:09 - [TEST_STEP][PASSED] - M4_total_bonus_spins_int = M4_total_bonus_spins_int: null

2019-08-23 18:54:09 - [TEST_STEP][PASSED] - M4_total_bonus_spins = Integer.toString(M4_total_bonus_spins_int): null

2019-08-23 18:54:09 - [TEST_STEP][PASSED] - M4_total_bonus_spins = M4_total_bonus_spins: null

2019-08-23 18:54:09 - [TEST_STEP][PASSED] - println("M4_total_bonus_spins is:" + M4_total_bonus_spins): null

2019-08-23 18:54:09 - [TEST_STEP][PASSED] - M4_spin_bonus_data = bonus_data: null

2019-08-23 18:54:09 - [TEST_STEP][PASSED] - M4_spin_features_triggered = result_M4_spin: null

2019-08-23 18:54:09 - [TEST_STEP][PASSED] - wild = []: null

2019-08-23 18:54:09 - [TEST_STEP][PASSED] - wild[0] = "WILD_Expanding": null

2019-08-23 18:54:09 - [TEST_STEP][PASSED] - wild[1] = "WILD_Normal": null

2019-08-23 18:54:09 - [TEST_STEP][PASSED] - wild[2] = "WILD_Double": null

2019-08-23 18:54:09 - [TEST_STEP][PASSED] - wild[3] = "WILD_ExtraFG": null

2019-08-23 18:54:09 - [TEST_STEP][PASSED] - wild[4] = "WILD_Triple": null

2019-08-23 18:54:09 - [TEST_STEP][PASSED] - wildList = Arrays.asList(wild): null

2019-08-23 18:54:09 - [TEST_STEP][PASSED] - wildList = wildList: null

2019-08-23 18:54:09 - [TEST_STEP][PASSED] - free_spin_reel_counter = []: null

2019-08-23 18:54:09 - [TEST_STEP][PASSED] - free_spin_reel_counter[0] = 0: null

2019-08-23 18:54:09 - [TEST_STEP][PASSED] - free_spin_reel_counter[1] = 0: null

2019-08-23 18:54:09 - [TEST_STEP][PASSED] - free_spin_reel_counter[2] = 0: null

2019-08-23 18:54:09 - [TEST_STEP][PASSED] - M4_spin_reels = reels: null

2019-08-23 18:54:09 - [TEST_STEP][PASSED] - for ([i = 0, i &lt; M4_spin_reels.size(), (i++)]): null

2019-08-23 18:54:09 - [TEST_STEP][PASSED] - symbols = symbols: null

2019-08-23 18:54:09 - [TEST_STEP][PASSED] - for ([j = 0, j &lt; symbols.size(), (j++)]): null

2019-08-23 18:54:09 - [TEST_STEP][PASSED] - symbol = symbol: null

2019-08-23 18:54:09 - [TEST_STEP][PASSED] - println(symbol): null

2019-08-23 18:54:09 - [TEST_STEP][PASSED] - if (i == 2 &amp;&amp; wildList.indexOf(symbol) != -1): null

2019-08-23 18:54:09 - [TEST_STEP][PASSED] - if (i == 3 &amp;&amp; wildList.indexOf(symbol) != -1): null

2019-08-23 18:54:09 - [TEST_STEP][PASSED] - if (i == 4 &amp;&amp; wildList.indexOf(symbol) != -1): null

2019-08-23 18:54:09 - [TEST_STEP][PASSED] - symbol = symbol: null

2019-08-23 18:54:09 - [TEST_STEP][PASSED] - println(symbol): null

2019-08-23 18:54:09 - [TEST_STEP][PASSED] - if (i == 2 &amp;&amp; wildList.indexOf(symbol) != -1): null

2019-08-23 18:54:09 - [TEST_STEP][PASSED] - if (i == 3 &amp;&amp; wildList.indexOf(symbol) != -1): null

2019-08-23 18:54:09 - [TEST_STEP][PASSED] - if (i == 4 &amp;&amp; wildList.indexOf(symbol) != -1): null

2019-08-23 18:54:09 - [TEST_STEP][PASSED] - symbol = symbol: null

2019-08-23 18:54:09 - [TEST_STEP][PASSED] - println(symbol): null

2019-08-23 18:54:09 - [TEST_STEP][PASSED] - if (i == 2 &amp;&amp; wildList.indexOf(symbol) != -1): null

2019-08-23 18:54:09 - [TEST_STEP][PASSED] - if (i == 3 &amp;&amp; wildList.indexOf(symbol) != -1): null

2019-08-23 18:54:09 - [TEST_STEP][PASSED] - if (i == 4 &amp;&amp; wildList.indexOf(symbol) != -1): null

2019-08-23 18:54:09 - [TEST_STEP][PASSED] - symbols = symbols: null

2019-08-23 18:54:09 - [TEST_STEP][PASSED] - for ([j = 0, j &lt; symbols.size(), (j++)]): null

2019-08-23 18:54:09 - [TEST_STEP][PASSED] - symbol = symbol: null

2019-08-23 18:54:09 - [TEST_STEP][PASSED] - println(symbol): null

2019-08-23 18:54:09 - [TEST_STEP][PASSED] - if (i == 2 &amp;&amp; wildList.indexOf(symbol) != -1): null

2019-08-23 18:54:09 - [TEST_STEP][PASSED] - if (i == 3 &amp;&amp; wildList.indexOf(symbol) != -1): null

2019-08-23 18:54:09 - [TEST_STEP][PASSED] - if (i == 4 &amp;&amp; wildList.indexOf(symbol) != -1): null

2019-08-23 18:54:09 - [TEST_STEP][PASSED] - symbol = symbol: null

2019-08-23 18:54:09 - [TEST_STEP][PASSED] - println(symbol): null

2019-08-23 18:54:09 - [TEST_STEP][PASSED] - if (i == 2 &amp;&amp; wildList.indexOf(symbol) != -1): null

2019-08-23 18:54:09 - [TEST_STEP][PASSED] - if (i == 3 &amp;&amp; wildList.indexOf(symbol) != -1): null

2019-08-23 18:54:09 - [TEST_STEP][PASSED] - if (i == 4 &amp;&amp; wildList.indexOf(symbol) != -1): null

2019-08-23 18:54:09 - [TEST_STEP][PASSED] - symbol = symbol: null

2019-08-23 18:54:09 - [TEST_STEP][PASSED] - println(symbol): null

2019-08-23 18:54:09 - [TEST_STEP][PASSED] - if (i == 2 &amp;&amp; wildList.indexOf(symbol) != -1): null

2019-08-23 18:54:09 - [TEST_STEP][PASSED] - if (i == 3 &amp;&amp; wildList.indexOf(symbol) != -1): null

2019-08-23 18:54:09 - [TEST_STEP][PASSED] - if (i == 4 &amp;&amp; wildList.indexOf(symbol) != -1): null

2019-08-23 18:54:09 - [TEST_STEP][PASSED] - symbols = symbols: null

2019-08-23 18:54:09 - [TEST_STEP][PASSED] - for ([j = 0, j &lt; symbols.size(), (j++)]): null

2019-08-23 18:54:09 - [TEST_STEP][PASSED] - symbol = symbol: null

2019-08-23 18:54:09 - [TEST_STEP][PASSED] - println(symbol): null

2019-08-23 18:54:09 - [TEST_STEP][PASSED] - if (i == 2 &amp;&amp; wildList.indexOf(symbol) != -1): null

2019-08-23 18:54:09 - [TEST_STEP][PASSED] - if (i == 3 &amp;&amp; wildList.indexOf(symbol) != -1): null

2019-08-23 18:54:09 - [TEST_STEP][PASSED] - if (i == 4 &amp;&amp; wildList.indexOf(symbol) != -1): null

2019-08-23 18:54:09 - [TEST_STEP][PASSED] - symbol = symbol: null

2019-08-23 18:54:09 - [TEST_STEP][PASSED] - println(symbol): null

2019-08-23 18:54:09 - [TEST_STEP][PASSED] - if (i == 2 &amp;&amp; wildList.indexOf(symbol) != -1): null

2019-08-23 18:54:09 - [TEST_STEP][PASSED] - if (i == 3 &amp;&amp; wildList.indexOf(symbol) != -1): null

2019-08-23 18:54:09 - [TEST_STEP][PASSED] - if (i == 4 &amp;&amp; wildList.indexOf(symbol) != -1): null

2019-08-23 18:54:09 - [TEST_STEP][PASSED] - symbol = symbol: null

2019-08-23 18:54:09 - [TEST_STEP][PASSED] - println(symbol): null

2019-08-23 18:54:09 - [TEST_STEP][PASSED] - if (i == 2 &amp;&amp; wildList.indexOf(symbol) != -1): null

2019-08-23 18:54:09 - [TEST_STEP][PASSED] - println("wild found on reel 3, adding counter by 1"): null

2019-08-23 18:54:09 - [TEST_STEP][PASSED] - free_spin_reel_counter[0] = free_spin_reel_counter[0] + 1: null

2019-08-23 18:54:09 - [TEST_STEP][PASSED] - if (i == 3 &amp;&amp; wildList.indexOf(symbol) != -1): null

2019-08-23 18:54:09 - [TEST_STEP][PASSED] - if (i == 4 &amp;&amp; wildList.indexOf(symbol) != -1): null

2019-08-23 18:54:09 - [TEST_STEP][PASSED] - symbols = symbols: null

2019-08-23 18:54:09 - [TEST_STEP][PASSED] - for ([j = 0, j &lt; symbols.size(), (j++)]): null

2019-08-23 18:54:09 - [TEST_STEP][PASSED] - symbol = symbol: null

2019-08-23 18:54:11 - [TEST_STEP][PASSED] - println(symbol): null

2019-08-23 18:54:11 - [TEST_STEP][PASSED] - if (i == 2 &amp;&amp; wildList.indexOf(symbol) != -1): null

2019-08-23 18:54:11 - [TEST_STEP][PASSED] - if (i == 3 &amp;&amp; wildList.indexOf(symbol) != -1): null

2019-08-23 18:54:11 - [TEST_STEP][PASSED] - if (i == 4 &amp;&amp; wildList.indexOf(symbol) != -1): null

2019-08-23 18:54:11 - [TEST_STEP][PASSED] - symbol = symbol: null

2019-08-23 18:54:11 - [TEST_STEP][PASSED] - println(symbol): null

2019-08-23 18:54:11 - [TEST_STEP][PASSED] - if (i == 2 &amp;&amp; wildList.indexOf(symbol) != -1): null

2019-08-23 18:54:11 - [TEST_STEP][PASSED] - if (i == 3 &amp;&amp; wildList.indexOf(symbol) != -1): null

2019-08-23 18:54:11 - [TEST_STEP][PASSED] - if (i == 4 &amp;&amp; wildList.indexOf(symbol) != -1): null

2019-08-23 18:54:11 - [TEST_STEP][PASSED] - symbol = symbol: null

2019-08-23 18:54:11 - [TEST_STEP][PASSED] - println(symbol): null

2019-08-23 18:54:11 - [TEST_STEP][PASSED] - if (i == 2 &amp;&amp; wildList.indexOf(symbol) != -1): null

2019-08-23 18:54:11 - [TEST_STEP][PASSED] - if (i == 3 &amp;&amp; wildList.indexOf(symbol) != -1): null

2019-08-23 18:54:11 - [TEST_STEP][PASSED] - if (i == 4 &amp;&amp; wildList.indexOf(symbol) != -1): null

2019-08-23 18:54:11 - [TEST_STEP][PASSED] - symbols = symbols: null

2019-08-23 18:54:11 - [TEST_STEP][PASSED] - for ([j = 0, j &lt; symbols.size(), (j++)]): null

2019-08-23 18:54:11 - [TEST_STEP][PASSED] - symbol = symbol: null

2019-08-23 18:54:11 - [TEST_STEP][PASSED] - println(symbol): null

2019-08-23 18:54:11 - [TEST_STEP][PASSED] - if (i == 2 &amp;&amp; wildList.indexOf(symbol) != -1): null

2019-08-23 18:54:11 - [TEST_STEP][PASSED] - if (i == 3 &amp;&amp; wildList.indexOf(symbol) != -1): null

2019-08-23 18:54:11 - [TEST_STEP][PASSED] - if (i == 4 &amp;&amp; wildList.indexOf(symbol) != -1): null

2019-08-23 18:54:11 - [TEST_STEP][PASSED] - symbol = symbol: null

2019-08-23 18:54:11 - [TEST_STEP][PASSED] - println(symbol): null

2019-08-23 18:54:11 - [TEST_STEP][PASSED] - if (i == 2 &amp;&amp; wildList.indexOf(symbol) != -1): null

2019-08-23 18:54:11 - [TEST_STEP][PASSED] - if (i == 3 &amp;&amp; wildList.indexOf(symbol) != -1): null

2019-08-23 18:54:11 - [TEST_STEP][PASSED] - if (i == 4 &amp;&amp; wildList.indexOf(symbol) != -1): null

2019-08-23 18:54:11 - [TEST_STEP][PASSED] - symbol = symbol: null

2019-08-23 18:54:11 - [TEST_STEP][PASSED] - println(symbol): null

2019-08-23 18:54:11 - [TEST_STEP][PASSED] - if (i == 2 &amp;&amp; wildList.indexOf(symbol) != -1): null

2019-08-23 18:54:11 - [TEST_STEP][PASSED] - if (i == 3 &amp;&amp; wildList.indexOf(symbol) != -1): null

2019-08-23 18:54:11 - [TEST_STEP][PASSED] - if (i == 4 &amp;&amp; wildList.indexOf(symbol) != -1): null

2019-08-23 18:54:11 - [TEST_STEP][PASSED] - free_spin_reel_counter = free_spin_reel_counter: null

2019-08-23 18:54:11 - [TEST_STEP][PASSED] - println("reel 3 wild found: " + free_spin_reel_counter[0]): null

2019-08-23 18:54:11 - [TEST_STEP][PASSED] - println("reel 4 wild found: " + free_spin_reel_counter[1]): null

2019-08-23 18:54:11 - [TEST_STEP][PASSED] - println("reel 5 wild found: " + free_spin_reel_counter[2]): null

2019-08-23 18:54:11 - [TEST_STEP][PASSED] - M4_spin_reels = M4_spin_reels: null

2019-08-23 18:54:11 - [TEST_STEP][PASSED] - M4_spin_reels_symbols = symbol: null

2019-08-23 18:54:11 - [TEST_STEP][PASSED] - M4_spin_reels_symbols = M4_spin_reels_symbols: null

2019-08-23 18:54:11 - [TEST_STEP][PASSED] - M4_spin_reel_wins = reel_wins: null

2019-08-23 18:54:11 - [TEST_STEP][PASSED] - M4_spin_reel_wins = M4_spin_reel_wins: null

2019-08-23 18:54:11 - [TEST_STEP][PASSED] - println("GlobalVariable.M4_spin_reel_wins is: " + M4_spin_reel_wins): null

2019-08-23 18:54:11 - [TEST_STEP][PASSED] - M4_spin_total_bonus_win_this_round = total_bonus_win_this_round: null

2019-08-23 18:54:11 - [TEST_STEP][PASSED] - M4_spin_total_bonus_win_this_round = M4_spin_total_bonus_win_this_round: null

2019-08-23 18:54:11 - [TEST_STEP][PASSED] - println("GlobalVariable.M4_spin_total_bonus_win_this_round is: " + M4_spin_total_bonus_win_this_round): null

2019-08-23 18:54:11 - [TEST_STEP][PASSED] - M4_spin_bonus_spin_result = spin_result: null

2019-08-23 18:54:11 - [TEST_STEP][PASSED] - M4_spin_bonus_spin_result = M4_spin_bonus_spin_result: null

2019-08-23 18:54:11 - [MESSAGE][PASSED] - Verify response successfully

2019-08-23 18:54:11 - [MESSAGE][PASSED] - Send request and verify the response successfully

2019-08-23 18:54:11 - [TEST_STEP][PASSED] - if (free_spin_reel_counter[0] &gt;= 1 &amp;&amp; free_spin_reel_counter[1] &gt;= 1 &amp;&amp; free_spin_reel_counter[2] &gt;= 1): null

2019-08-23 18:54:11 - [TEST_STEP][PASSED] - spin_result = sendRequestAndVerify(findTestObject("INT/RGS(M4)/1_M4_spin", ["M4_login_user_id":M4_login_user_id, "rgs_session_token":rgs_session_token, "partner":Partner])): Send request and verify the response successfully

2019-08-23 18:54:11 - [MESSAGE][INFO] - HAR: /Users/eiralee/Katalon_Script/SuperWild/Reports/20190823_184757/INT/superWild_1/20190823_184757/requests/main/126.har

2019-08-23 18:54:11 - [TEST_CASE][PASSED] - Start Test Case : Verification: Verification accomplished successfully

2019-08-23 18:54:11 - [TEST_STEP][PASSED] - request = getInstance().getCurrentRequest(): null

2019-08-23 18:54:12 - [TEST_STEP][PASSED] - response = getInstance().getCurrentResponse(): null

2019-08-23 18:54:12 - [TEST_STEP][PASSED] - verifyResponseStatusCode(response, 200): Verify response status code successfully

2019-08-23 18:54:12 - [MESSAGE][PASSED] - Verify response status code successfully

2019-08-23 18:54:12 - [TEST_STEP][PASSED] - getStatusCode()).isEqualTo(200): null

2019-08-23 18:54:12 - [TEST_STEP][PASSED] - newline = System.getProperty("line.separator"): null

2019-08-23 18:54:12 - [TEST_STEP][PASSED] - M4_spin = new groovy.json.JsonSlurper(): null

2019-08-23 18:54:12 - [TEST_STEP][PASSED] - result_M4_spin = M4_spin.parseText(response.getResponseBodyContent()): null

2019-08-23 18:54:12 - [TEST_STEP][PASSED] - M4_spin_current_balance = current_balance: null

2019-08-23 18:54:12 - [TEST_STEP][PASSED] - M4_spin_current_balance = M4_spin_current_balance: null

2019-08-23 18:54:12 - [TEST_STEP][PASSED] - M4_spin_transaction_id = causality: null

2019-08-23 18:54:12 - [TEST_STEP][PASSED] - M4_spin_transaction_id = M4_spin_transaction_id: null

2019-08-23 18:54:12 - [TEST_STEP][PASSED] - M4_spin_round_id = round_id: null

2019-08-23 18:54:12 - [TEST_STEP][PASSED] - M4_spin_round_id = M4_spin_round_id: null

2019-08-23 18:54:12 - [TEST_STEP][PASSED] - M4_spin_line_wins = line_wins: null

2019-08-23 18:54:12 - [TEST_STEP][PASSED] - M4_spin_line_wins = M4_spin_line_wins: null

2019-08-23 18:54:12 - [TEST_STEP][PASSED] - M4_total_bonus_spins_int = total_bonus_spins: null

2019-08-23 18:54:12 - [TEST_STEP][PASSED] - println("******M4_total_bonus_spins type is:*******" + newline + getClass().getName()): null

2019-08-23 18:54:12 - [TEST_STEP][PASSED] - M4_total_bonus_spins_int = M4_total_bonus_spins_int: null

2019-08-23 18:54:12 - [TEST_STEP][PASSED] - M4_total_bonus_spins = Integer.toString(M4_total_bonus_spins_int): null

2019-08-23 18:54:12 - [TEST_STEP][PASSED] - M4_total_bonus_spins = M4_total_bonus_spins: null

2019-08-23 18:54:12 - [TEST_STEP][PASSED] - println("M4_total_bonus_spins is:" + M4_total_bonus_spins): null

2019-08-23 18:54:12 - [TEST_STEP][PASSED] - M4_spin_bonus_data = bonus_data: null

2019-08-23 18:54:12 - [TEST_STEP][PASSED] - M4_spin_features_triggered = result_M4_spin: null

2019-08-23 18:54:12 - [TEST_STEP][PASSED] - wild = []: null

2019-08-23 18:54:12 - [TEST_STEP][PASSED] - wild[0] = "WILD_Expanding": null

2019-08-23 18:54:12 - [TEST_STEP][PASSED] - wild[1] = "WILD_Normal": null

2019-08-23 18:54:12 - [TEST_STEP][PASSED] - wild[2] = "WILD_Double": null

2019-08-23 18:54:12 - [TEST_STEP][PASSED] - wild[3] = "WILD_ExtraFG": null

2019-08-23 18:54:12 - [TEST_STEP][PASSED] - wild[4] = "WILD_Triple": null

2019-08-23 18:54:12 - [TEST_STEP][PASSED] - wildList = Arrays.asList(wild): null

2019-08-23 18:54:12 - [TEST_STEP][PASSED] - wildList = wildList: null

2019-08-23 18:54:12 - [TEST_STEP][PASSED] - free_spin_reel_counter = []: null

2019-08-23 18:54:12 - [TEST_STEP][PASSED] - free_spin_reel_counter[0] = 0: null

2019-08-23 18:54:12 - [TEST_STEP][PASSED] - free_spin_reel_counter[1] = 0: null

2019-08-23 18:54:12 - [TEST_STEP][PASSED] - free_spin_reel_counter[2] = 0: null

2019-08-23 18:54:12 - [TEST_STEP][PASSED] - M4_spin_reels = reels: null

2019-08-23 18:54:12 - [TEST_STEP][PASSED] - for ([i = 0, i &lt; M4_spin_reels.size(), (i++)]): null

2019-08-23 18:54:12 - [TEST_STEP][PASSED] - symbols = symbols: null

2019-08-23 18:54:12 - [TEST_STEP][PASSED] - for ([j = 0, j &lt; symbols.size(), (j++)]): null

2019-08-23 18:54:12 - [TEST_STEP][PASSED] - symbol = symbol: null

2019-08-23 18:54:12 - [TEST_STEP][PASSED] - println(symbol): null

2019-08-23 18:54:12 - [TEST_STEP][PASSED] - if (i == 2 &amp;&amp; wildList.indexOf(symbol) != -1): null

2019-08-23 18:54:12 - [TEST_STEP][PASSED] - if (i == 3 &amp;&amp; wildList.indexOf(symbol) != -1): null

2019-08-23 18:54:12 - [TEST_STEP][PASSED] - if (i == 4 &amp;&amp; wildList.indexOf(symbol) != -1): null

2019-08-23 18:54:12 - [TEST_STEP][PASSED] - symbol = symbol: null

2019-08-23 18:54:12 - [TEST_STEP][PASSED] - println(symbol): null

2019-08-23 18:54:12 - [TEST_STEP][PASSED] - if (i == 2 &amp;&amp; wildList.indexOf(symbol) != -1): null

2019-08-23 18:54:12 - [TEST_STEP][PASSED] - if (i == 3 &amp;&amp; wildList.indexOf(symbol) != -1): null

2019-08-23 18:54:12 - [TEST_STEP][PASSED] - if (i == 4 &amp;&amp; wildList.indexOf(symbol) != -1): null

2019-08-23 18:54:12 - [TEST_STEP][PASSED] - symbol = symbol: null

2019-08-23 18:54:12 - [TEST_STEP][PASSED] - println(symbol): null

2019-08-23 18:54:12 - [TEST_STEP][PASSED] - if (i == 2 &amp;&amp; wildList.indexOf(symbol) != -1): null

2019-08-23 18:54:12 - [TEST_STEP][PASSED] - if (i == 3 &amp;&amp; wildList.indexOf(symbol) != -1): null

2019-08-23 18:54:12 - [TEST_STEP][PASSED] - if (i == 4 &amp;&amp; wildList.indexOf(symbol) != -1): null

2019-08-23 18:54:12 - [TEST_STEP][PASSED] - symbols = symbols: null

2019-08-23 18:54:12 - [TEST_STEP][PASSED] - for ([j = 0, j &lt; symbols.size(), (j++)]): null

2019-08-23 18:54:12 - [TEST_STEP][PASSED] - symbol = symbol: null

2019-08-23 18:54:12 - [TEST_STEP][PASSED] - println(symbol): null

2019-08-23 18:54:12 - [TEST_STEP][PASSED] - if (i == 2 &amp;&amp; wildList.indexOf(symbol) != -1): null

2019-08-23 18:54:12 - [TEST_STEP][PASSED] - if (i == 3 &amp;&amp; wildList.indexOf(symbol) != -1): null

2019-08-23 18:54:12 - [TEST_STEP][PASSED] - if (i == 4 &amp;&amp; wildList.indexOf(symbol) != -1): null

2019-08-23 18:54:12 - [TEST_STEP][PASSED] - symbol = symbol: null

2019-08-23 18:54:12 - [TEST_STEP][PASSED] - println(symbol): null

2019-08-23 18:54:12 - [TEST_STEP][PASSED] - if (i == 2 &amp;&amp; wildList.indexOf(symbol) != -1): null

2019-08-23 18:54:12 - [TEST_STEP][PASSED] - if (i == 3 &amp;&amp; wildList.indexOf(symbol) != -1): null

2019-08-23 18:54:12 - [TEST_STEP][PASSED] - if (i == 4 &amp;&amp; wildList.indexOf(symbol) != -1): null

2019-08-23 18:54:12 - [TEST_STEP][PASSED] - symbol = symbol: null

2019-08-23 18:54:12 - [TEST_STEP][PASSED] - println(symbol): null

2019-08-23 18:54:12 - [TEST_STEP][PASSED] - if (i == 2 &amp;&amp; wildList.indexOf(symbol) != -1): null

2019-08-23 18:54:12 - [TEST_STEP][PASSED] - if (i == 3 &amp;&amp; wildList.indexOf(symbol) != -1): null

2019-08-23 18:54:12 - [TEST_STEP][PASSED] - if (i == 4 &amp;&amp; wildList.indexOf(symbol) != -1): null

2019-08-23 18:54:12 - [TEST_STEP][PASSED] - symbols = symbols: null

2019-08-23 18:54:12 - [TEST_STEP][PASSED] - for ([j = 0, j &lt; symbols.size(), (j++)]): null

2019-08-23 18:54:12 - [TEST_STEP][PASSED] - symbol = symbol: null

2019-08-23 18:54:12 - [TEST_STEP][PASSED] - println(symbol): null

2019-08-23 18:54:12 - [TEST_STEP][PASSED] - if (i == 2 &amp;&amp; wildList.indexOf(symbol) != -1): null

2019-08-23 18:54:12 - [TEST_STEP][PASSED] - if (i == 3 &amp;&amp; wildList.indexOf(symbol) != -1): null

2019-08-23 18:54:12 - [TEST_STEP][PASSED] - if (i == 4 &amp;&amp; wildList.indexOf(symbol) != -1): null

2019-08-23 18:54:12 - [TEST_STEP][PASSED] - symbol = symbol: null

2019-08-23 18:54:12 - [TEST_STEP][PASSED] - println(symbol): null

2019-08-23 18:54:12 - [TEST_STEP][PASSED] - if (i == 2 &amp;&amp; wildList.indexOf(symbol) != -1): null

2019-08-23 18:54:12 - [TEST_STEP][PASSED] - if (i == 3 &amp;&amp; wildList.indexOf(symbol) != -1): null

2019-08-23 18:54:12 - [TEST_STEP][PASSED] - if (i == 4 &amp;&amp; wildList.indexOf(symbol) != -1): null

2019-08-23 18:54:12 - [TEST_STEP][PASSED] - symbol = symbol: null

2019-08-23 18:54:12 - [TEST_STEP][PASSED] - println(symbol): null

2019-08-23 18:54:12 - [TEST_STEP][PASSED] - if (i == 2 &amp;&amp; wildList.indexOf(symbol) != -1): null

2019-08-23 18:54:12 - [TEST_STEP][PASSED] - if (i == 3 &amp;&amp; wildList.indexOf(symbol) != -1): null

2019-08-23 18:54:12 - [TEST_STEP][PASSED] - if (i == 4 &amp;&amp; wildList.indexOf(symbol) != -1): null

2019-08-23 18:54:12 - [TEST_STEP][PASSED] - symbols = symbols: null

2019-08-23 18:54:12 - [TEST_STEP][PASSED] - for ([j = 0, j &lt; symbols.size(), (j++)]): null

2019-08-23 18:54:12 - [TEST_STEP][PASSED] - symbol = symbol: null

2019-08-23 18:54:12 - [TEST_STEP][PASSED] - println(symbol): null

2019-08-23 18:54:12 - [TEST_STEP][PASSED] - if (i == 2 &amp;&amp; wildList.indexOf(symbol) != -1): null

2019-08-23 18:54:12 - [TEST_STEP][PASSED] - if (i == 3 &amp;&amp; wildList.indexOf(symbol) != -1): null

2019-08-23 18:54:12 - [TEST_STEP][PASSED] - if (i == 4 &amp;&amp; wildList.indexOf(symbol) != -1): null

2019-08-23 18:54:12 - [TEST_STEP][PASSED] - symbol = symbol: null

2019-08-23 18:54:12 - [TEST_STEP][PASSED] - println(symbol): null

2019-08-23 18:54:12 - [TEST_STEP][PASSED] - if (i == 2 &amp;&amp; wildList.indexOf(symbol) != -1): null

2019-08-23 18:54:12 - [TEST_STEP][PASSED] - if (i == 3 &amp;&amp; wildList.indexOf(symbol) != -1): null

2019-08-23 18:54:12 - [TEST_STEP][PASSED] - if (i == 4 &amp;&amp; wildList.indexOf(symbol) != -1): null

2019-08-23 18:54:12 - [TEST_STEP][PASSED] - symbol = symbol: null

2019-08-23 18:54:12 - [TEST_STEP][PASSED] - println(symbol): null

2019-08-23 18:54:12 - [TEST_STEP][PASSED] - if (i == 2 &amp;&amp; wildList.indexOf(symbol) != -1): null

2019-08-23 18:54:12 - [TEST_STEP][PASSED] - if (i == 3 &amp;&amp; wildList.indexOf(symbol) != -1): null

2019-08-23 18:54:12 - [TEST_STEP][PASSED] - if (i == 4 &amp;&amp; wildList.indexOf(symbol) != -1): null

2019-08-23 18:54:12 - [TEST_STEP][PASSED] - symbols = symbols: null

2019-08-23 18:54:12 - [TEST_STEP][PASSED] - for ([j = 0, j &lt; symbols.size(), (j++)]): null

2019-08-23 18:54:12 - [TEST_STEP][PASSED] - symbol = symbol: null

2019-08-23 18:54:12 - [TEST_STEP][PASSED] - println(symbol): null

2019-08-23 18:54:12 - [TEST_STEP][PASSED] - if (i == 2 &amp;&amp; wildList.indexOf(symbol) != -1): null

2019-08-23 18:54:12 - [TEST_STEP][PASSED] - if (i == 3 &amp;&amp; wildList.indexOf(symbol) != -1): null

2019-08-23 18:54:12 - [TEST_STEP][PASSED] - if (i == 4 &amp;&amp; wildList.indexOf(symbol) != -1): null

2019-08-23 18:54:12 - [TEST_STEP][PASSED] - symbol = symbol: null

2019-08-23 18:54:12 - [TEST_STEP][PASSED] - println(symbol): null

2019-08-23 18:54:12 - [TEST_STEP][PASSED] - if (i == 2 &amp;&amp; wildList.indexOf(symbol) != -1): null

2019-08-23 18:54:12 - [TEST_STEP][PASSED] - if (i == 3 &amp;&amp; wildList.indexOf(symbol) != -1): null

2019-08-23 18:54:12 - [TEST_STEP][PASSED] - if (i == 4 &amp;&amp; wildList.indexOf(symbol) != -1): null

2019-08-23 18:54:12 - [TEST_STEP][PASSED] - symbol = symbol: null

2019-08-23 18:54:12 - [TEST_STEP][PASSED] - println(symbol): null

2019-08-23 18:54:12 - [TEST_STEP][PASSED] - if (i == 2 &amp;&amp; wildList.indexOf(symbol) != -1): null

2019-08-23 18:54:12 - [TEST_STEP][PASSED] - if (i == 3 &amp;&amp; wildList.indexOf(symbol) != -1): null

2019-08-23 18:54:12 - [TEST_STEP][PASSED] - if (i == 4 &amp;&amp; wildList.indexOf(symbol) != -1): null

2019-08-23 18:54:12 - [TEST_STEP][PASSED] - free_spin_reel_counter = free_spin_reel_counter: null

2019-08-23 18:54:12 - [TEST_STEP][PASSED] - println("reel 3 wild found: " + free_spin_reel_counter[0]): null

2019-08-23 18:54:12 - [TEST_STEP][PASSED] - println("reel 4 wild found: " + free_spin_reel_counter[1]): null

2019-08-23 18:54:12 - [TEST_STEP][PASSED] - println("reel 5 wild found: " + free_spin_reel_counter[2]): null

2019-08-23 18:54:12 - [TEST_STEP][PASSED] - M4_spin_reels = M4_spin_reels: null

2019-08-23 18:54:12 - [TEST_STEP][PASSED] - M4_spin_reels_symbols = symbol: null

2019-08-23 18:54:12 - [TEST_STEP][PASSED] - M4_spin_reels_symbols = M4_spin_reels_symbols: null

2019-08-23 18:54:12 - [TEST_STEP][PASSED] - M4_spin_reel_wins = reel_wins: null

2019-08-23 18:54:12 - [TEST_STEP][PASSED] - M4_spin_reel_wins = M4_spin_reel_wins: null

2019-08-23 18:54:12 - [TEST_STEP][PASSED] - println("GlobalVariable.M4_spin_reel_wins is: " + M4_spin_reel_wins): null

2019-08-23 18:54:12 - [TEST_STEP][PASSED] - M4_spin_total_bonus_win_this_round = total_bonus_win_this_round: null

2019-08-23 18:54:12 - [TEST_STEP][PASSED] - M4_spin_total_bonus_win_this_round = M4_spin_total_bonus_win_this_round: null

2019-08-23 18:54:12 - [TEST_STEP][PASSED] - println("GlobalVariable.M4_spin_total_bonus_win_this_round is: " + M4_spin_total_bonus_win_this_round): null

2019-08-23 18:54:12 - [TEST_STEP][PASSED] - M4_spin_bonus_spin_result = spin_result: null

2019-08-23 18:54:12 - [TEST_STEP][PASSED] - M4_spin_bonus_spin_result = M4_spin_bonus_spin_result: null

2019-08-23 18:54:12 - [MESSAGE][PASSED] - Verify response successfully

2019-08-23 18:54:12 - [MESSAGE][PASSED] - Send request and verify the response successfully

2019-08-23 18:54:12 - [TEST_STEP][PASSED] - if (free_spin_reel_counter[0] &gt;= 1 &amp;&amp; free_spin_reel_counter[1] &gt;= 1 &amp;&amp; free_spin_reel_counter[2] &gt;= 1): null

2019-08-23 18:54:12 - [TEST_STEP][PASSED] - spin_result = sendRequestAndVerify(findTestObject("INT/RGS(M4)/1_M4_spin", ["M4_login_user_id":M4_login_user_id, "rgs_session_token":rgs_session_token, "partner":Partner])): Send request and verify the response successfully

2019-08-23 18:54:12 - [MESSAGE][INFO] - HAR: /Users/eiralee/Katalon_Script/SuperWild/Reports/20190823_184757/INT/superWild_1/20190823_184757/requests/main/127.har

2019-08-23 18:54:12 - [TEST_CASE][PASSED] - Start Test Case : Verification: Verification accomplished successfully

2019-08-23 18:54:12 - [TEST_STEP][PASSED] - request = getInstance().getCurrentRequest(): null

2019-08-23 18:54:12 - [TEST_STEP][PASSED] - response = getInstance().getCurrentResponse(): null

2019-08-23 18:54:12 - [TEST_STEP][PASSED] - verifyResponseStatusCode(response, 200): Verify response status code successfully

2019-08-23 18:54:12 - [MESSAGE][PASSED] - Verify response status code successfully

2019-08-23 18:54:12 - [TEST_STEP][PASSED] - getStatusCode()).isEqualTo(200): null

2019-08-23 18:54:12 - [TEST_STEP][PASSED] - newline = System.getProperty("line.separator"): null

2019-08-23 18:54:12 - [TEST_STEP][PASSED] - M4_spin = new groovy.json.JsonSlurper(): null

2019-08-23 18:54:12 - [TEST_STEP][PASSED] - result_M4_spin = M4_spin.parseText(response.getResponseBodyContent()): null

2019-08-23 18:54:12 - [TEST_STEP][PASSED] - M4_spin_current_balance = current_balance: null

2019-08-23 18:54:12 - [TEST_STEP][PASSED] - M4_spin_current_balance = M4_spin_current_balance: null

2019-08-23 18:54:12 - [TEST_STEP][PASSED] - M4_spin_transaction_id = causality: null

2019-08-23 18:54:12 - [TEST_STEP][PASSED] - M4_spin_transaction_id = M4_spin_transaction_id: null

2019-08-23 18:54:12 - [TEST_STEP][PASSED] - M4_spin_round_id = round_id: null

2019-08-23 18:54:12 - [TEST_STEP][PASSED] - M4_spin_round_id = M4_spin_round_id: null

2019-08-23 18:54:12 - [TEST_STEP][PASSED] - M4_spin_line_wins = line_wins: null

2019-08-23 18:54:12 - [TEST_STEP][PASSED] - M4_spin_line_wins = M4_spin_line_wins: null

2019-08-23 18:54:12 - [TEST_STEP][PASSED] - M4_total_bonus_spins_int = total_bonus_spins: null

2019-08-23 18:54:12 - [TEST_STEP][PASSED] - println("******M4_total_bonus_spins type is:*******" + newline + getClass().getName()): null

2019-08-23 18:54:12 - [TEST_STEP][PASSED] - M4_total_bonus_spins_int = M4_total_bonus_spins_int: null

2019-08-23 18:54:12 - [TEST_STEP][PASSED] - M4_total_bonus_spins = Integer.toString(M4_total_bonus_spins_int): null

2019-08-23 18:54:12 - [TEST_STEP][PASSED] - M4_total_bonus_spins = M4_total_bonus_spins: null

2019-08-23 18:54:12 - [TEST_STEP][PASSED] - println("M4_total_bonus_spins is:" + M4_total_bonus_spins): null

2019-08-23 18:54:12 - [TEST_STEP][PASSED] - M4_spin_bonus_data = bonus_data: null

2019-08-23 18:54:12 - [TEST_STEP][PASSED] - M4_spin_features_triggered = result_M4_spin: null

2019-08-23 18:54:12 - [TEST_STEP][PASSED] - wild = []: null

2019-08-23 18:54:12 - [TEST_STEP][PASSED] - wild[0] = "WILD_Expanding": null

2019-08-23 18:54:12 - [TEST_STEP][PASSED] - wild[1] = "WILD_Normal": null

2019-08-23 18:54:12 - [TEST_STEP][PASSED] - wild[2] = "WILD_Double": null

2019-08-23 18:54:12 - [TEST_STEP][PASSED] - wild[3] = "WILD_ExtraFG": null

2019-08-23 18:54:12 - [TEST_STEP][PASSED] - wild[4] = "WILD_Triple": null

2019-08-23 18:54:12 - [TEST_STEP][PASSED] - wildList = Arrays.asList(wild): null

2019-08-23 18:54:12 - [TEST_STEP][PASSED] - wildList = wildList: null

2019-08-23 18:54:12 - [TEST_STEP][PASSED] - free_spin_reel_counter = []: null

2019-08-23 18:54:12 - [TEST_STEP][PASSED] - free_spin_reel_counter[0] = 0: null

2019-08-23 18:54:12 - [TEST_STEP][PASSED] - free_spin_reel_counter[1] = 0: null

2019-08-23 18:54:12 - [TEST_STEP][PASSED] - free_spin_reel_counter[2] = 0: null

2019-08-23 18:54:12 - [TEST_STEP][PASSED] - M4_spin_reels = reels: null

2019-08-23 18:54:12 - [TEST_STEP][PASSED] - for ([i = 0, i &lt; M4_spin_reels.size(), (i++)]): null

2019-08-23 18:54:12 - [TEST_STEP][PASSED] - symbols = symbols: null

2019-08-23 18:54:12 - [TEST_STEP][PASSED] - for ([j = 0, j &lt; symbols.size(), (j++)]): null

2019-08-23 18:54:12 - [TEST_STEP][PASSED] - symbol = symbol: null

2019-08-23 18:54:12 - [TEST_STEP][PASSED] - println(symbol): null

2019-08-23 18:54:12 - [TEST_STEP][PASSED] - if (i == 2 &amp;&amp; wildList.indexOf(symbol) != -1): null

2019-08-23 18:54:12 - [TEST_STEP][PASSED] - if (i == 3 &amp;&amp; wildList.indexOf(symbol) != -1): null

2019-08-23 18:54:12 - [TEST_STEP][PASSED] - if (i == 4 &amp;&amp; wildList.indexOf(symbol) != -1): null

2019-08-23 18:54:12 - [TEST_STEP][PASSED] - symbol = symbol: null

2019-08-23 18:54:12 - [TEST_STEP][PASSED] - println(symbol): null

2019-08-23 18:54:12 - [TEST_STEP][PASSED] - if (i == 2 &amp;&amp; wildList.indexOf(symbol) != -1): null

2019-08-23 18:54:12 - [TEST_STEP][PASSED] - if (i == 3 &amp;&amp; wildList.indexOf(symbol) != -1): null

2019-08-23 18:54:12 - [TEST_STEP][PASSED] - if (i == 4 &amp;&amp; wildList.indexOf(symbol) != -1): null

2019-08-23 18:54:12 - [TEST_STEP][PASSED] - symbol = symbol: null

2019-08-23 18:54:12 - [TEST_STEP][PASSED] - println(symbol): null

2019-08-23 18:54:12 - [TEST_STEP][PASSED] - if (i == 2 &amp;&amp; wildList.indexOf(symbol) != -1): null

2019-08-23 18:54:12 - [TEST_STEP][PASSED] - if (i == 3 &amp;&amp; wildList.indexOf(symbol) != -1): null

2019-08-23 18:54:12 - [TEST_STEP][PASSED] - if (i == 4 &amp;&amp; wildList.indexOf(symbol) != -1): null

2019-08-23 18:54:12 - [TEST_STEP][PASSED] - symbols = symbols: null

2019-08-23 18:54:12 - [TEST_STEP][PASSED] - for ([j = 0, j &lt; symbols.size(), (j++)]): null

2019-08-23 18:54:12 - [TEST_STEP][PASSED] - symbol = symbol: null

2019-08-23 18:54:12 - [TEST_STEP][PASSED] - println(symbol): null

2019-08-23 18:54:12 - [TEST_STEP][PASSED] - if (i == 2 &amp;&amp; wildList.indexOf(symbol) != -1): null

2019-08-23 18:54:12 - [TEST_STEP][PASSED] - if (i == 3 &amp;&amp; wildList.indexOf(symbol) != -1): null

2019-08-23 18:54:12 - [TEST_STEP][PASSED] - if (i == 4 &amp;&amp; wildList.indexOf(symbol) != -1): null

2019-08-23 18:54:12 - [TEST_STEP][PASSED] - symbol = symbol: null

2019-08-23 18:54:12 - [TEST_STEP][PASSED] - println(symbol): null

2019-08-23 18:54:12 - [TEST_STEP][PASSED] - if (i == 2 &amp;&amp; wildList.indexOf(symbol) != -1): null

2019-08-23 18:54:12 - [TEST_STEP][PASSED] - if (i == 3 &amp;&amp; wildList.indexOf(symbol) != -1): null

2019-08-23 18:54:12 - [TEST_STEP][PASSED] - if (i == 4 &amp;&amp; wildList.indexOf(symbol) != -1): null

2019-08-23 18:54:12 - [TEST_STEP][PASSED] - symbol = symbol: null

2019-08-23 18:54:12 - [TEST_STEP][PASSED] - println(symbol): null

2019-08-23 18:54:12 - [TEST_STEP][PASSED] - if (i == 2 &amp;&amp; wildList.indexOf(symbol) != -1): null

2019-08-23 18:54:12 - [TEST_STEP][PASSED] - if (i == 3 &amp;&amp; wildList.indexOf(symbol) != -1): null

2019-08-23 18:54:12 - [TEST_STEP][PASSED] - if (i == 4 &amp;&amp; wildList.indexOf(symbol) != -1): null

2019-08-23 18:54:12 - [TEST_STEP][PASSED] - symbols = symbols: null

2019-08-23 18:54:12 - [TEST_STEP][PASSED] - for ([j = 0, j &lt; symbols.size(), (j++)]): null

2019-08-23 18:54:12 - [TEST_STEP][PASSED] - symbol = symbol: null

2019-08-23 18:54:12 - [TEST_STEP][PASSED] - println(symbol): null

2019-08-23 18:54:12 - [TEST_STEP][PASSED] - if (i == 2 &amp;&amp; wildList.indexOf(symbol) != -1): null

2019-08-23 18:54:12 - [TEST_STEP][PASSED] - if (i == 3 &amp;&amp; wildList.indexOf(symbol) != -1): null

2019-08-23 18:54:12 - [TEST_STEP][PASSED] - if (i == 4 &amp;&amp; wildList.indexOf(symbol) != -1): null

2019-08-23 18:54:12 - [TEST_STEP][PASSED] - symbol = symbol: null

2019-08-23 18:54:12 - [TEST_STEP][PASSED] - println(symbol): null

2019-08-23 18:54:12 - [TEST_STEP][PASSED] - if (i == 2 &amp;&amp; wildList.indexOf(symbol) != -1): null

2019-08-23 18:54:12 - [TEST_STEP][PASSED] - if (i == 3 &amp;&amp; wildList.indexOf(symbol) != -1): null

2019-08-23 18:54:12 - [TEST_STEP][PASSED] - if (i == 4 &amp;&amp; wildList.indexOf(symbol) != -1): null

2019-08-23 18:54:12 - [TEST_STEP][PASSED] - symbol = symbol: null

2019-08-23 18:54:12 - [TEST_STEP][PASSED] - println(symbol): null

2019-08-23 18:54:12 - [TEST_STEP][PASSED] - if (i == 2 &amp;&amp; wildList.indexOf(symbol) != -1): null

2019-08-23 18:54:12 - [TEST_STEP][PASSED] - println("wild found on reel 3, adding counter by 1"): null

2019-08-23 18:54:12 - [TEST_STEP][PASSED] - free_spin_reel_counter[0] = free_spin_reel_counter[0] + 1: null

2019-08-23 18:54:12 - [TEST_STEP][PASSED] - if (i == 3 &amp;&amp; wildList.indexOf(symbol) != -1): null

2019-08-23 18:54:12 - [TEST_STEP][PASSED] - if (i == 4 &amp;&amp; wildList.indexOf(symbol) != -1): null

2019-08-23 18:54:12 - [TEST_STEP][PASSED] - symbols = symbols: null

2019-08-23 18:54:12 - [TEST_STEP][PASSED] - for ([j = 0, j &lt; symbols.size(), (j++)]): null

2019-08-23 18:54:12 - [TEST_STEP][PASSED] - symbol = symbol: null

2019-08-23 18:54:12 - [TEST_STEP][PASSED] - println(symbol): null

2019-08-23 18:54:12 - [TEST_STEP][PASSED] - if (i == 2 &amp;&amp; wildList.indexOf(symbol) != -1): null

2019-08-23 18:54:12 - [TEST_STEP][PASSED] - if (i == 3 &amp;&amp; wildList.indexOf(symbol) != -1): null

2019-08-23 18:54:12 - [TEST_STEP][PASSED] - if (i == 4 &amp;&amp; wildList.indexOf(symbol) != -1): null

2019-08-23 18:54:12 - [TEST_STEP][PASSED] - symbol = symbol: null

2019-08-23 18:54:12 - [TEST_STEP][PASSED] - println(symbol): null

2019-08-23 18:54:12 - [TEST_STEP][PASSED] - if (i == 2 &amp;&amp; wildList.indexOf(symbol) != -1): null

2019-08-23 18:54:12 - [TEST_STEP][PASSED] - if (i == 3 &amp;&amp; wildList.indexOf(symbol) != -1): null

2019-08-23 18:54:12 - [TEST_STEP][PASSED] - if (i == 4 &amp;&amp; wildList.indexOf(symbol) != -1): null

2019-08-23 18:54:12 - [TEST_STEP][PASSED] - symbol = symbol: null

2019-08-23 18:54:12 - [TEST_STEP][PASSED] - println(symbol): null

2019-08-23 18:54:12 - [TEST_STEP][PASSED] - if (i == 2 &amp;&amp; wildList.indexOf(symbol) != -1): null

2019-08-23 18:54:12 - [TEST_STEP][PASSED] - if (i == 3 &amp;&amp; wildList.indexOf(symbol) != -1): null

2019-08-23 18:54:12 - [TEST_STEP][PASSED] - if (i == 4 &amp;&amp; wildList.indexOf(symbol) != -1): null

2019-08-23 18:54:12 - [TEST_STEP][PASSED] - symbols = symbols: null

2019-08-23 18:54:12 - [TEST_STEP][PASSED] - for ([j = 0, j &lt; symbols.size(), (j++)]): null

2019-08-23 18:54:12 - [TEST_STEP][PASSED] - symbol = symbol: null

2019-08-23 18:54:12 - [TEST_STEP][PASSED] - println(symbol): null

2019-08-23 18:54:12 - [TEST_STEP][PASSED] - if (i == 2 &amp;&amp; wildList.indexOf(symbol) != -1): null

2019-08-23 18:54:12 - [TEST_STEP][PASSED] - if (i == 3 &amp;&amp; wildList.indexOf(symbol) != -1): null

2019-08-23 18:54:12 - [TEST_STEP][PASSED] - if (i == 4 &amp;&amp; wildList.indexOf(symbol) != -1): null

2019-08-23 18:54:12 - [TEST_STEP][PASSED] - symbol = symbol: null

2019-08-23 18:54:12 - [TEST_STEP][PASSED] - println(symbol): null

2019-08-23 18:54:12 - [TEST_STEP][PASSED] - if (i == 2 &amp;&amp; wildList.indexOf(symbol) != -1): null

2019-08-23 18:54:12 - [TEST_STEP][PASSED] - if (i == 3 &amp;&amp; wildList.indexOf(symbol) != -1): null

2019-08-23 18:54:12 - [TEST_STEP][PASSED] - if (i == 4 &amp;&amp; wildList.indexOf(symbol) != -1): null

2019-08-23 18:54:12 - [TEST_STEP][PASSED] - symbol = symbol: null

2019-08-23 18:54:12 - [TEST_STEP][PASSED] - println(symbol): null

2019-08-23 18:54:12 - [TEST_STEP][PASSED] - if (i == 2 &amp;&amp; wildList.indexOf(symbol) != -1): null

2019-08-23 18:54:12 - [TEST_STEP][PASSED] - if (i == 3 &amp;&amp; wildList.indexOf(symbol) != -1): null

2019-08-23 18:54:12 - [TEST_STEP][PASSED] - if (i == 4 &amp;&amp; wildList.indexOf(symbol) != -1): null

2019-08-23 18:54:12 - [TEST_STEP][PASSED] - free_spin_reel_counter = free_spin_reel_counter: null

2019-08-23 18:54:12 - [TEST_STEP][PASSED] - println("reel 3 wild found: " + free_spin_reel_counter[0]): null

2019-08-23 18:54:14 - [TEST_STEP][PASSED] - println("reel 4 wild found: " + free_spin_reel_counter[1]): null

2019-08-23 18:54:14 - [TEST_STEP][PASSED] - println("reel 5 wild found: " + free_spin_reel_counter[2]): null

2019-08-23 18:54:14 - [TEST_STEP][PASSED] - M4_spin_reels = M4_spin_reels: null

2019-08-23 18:54:14 - [TEST_STEP][PASSED] - M4_spin_reels_symbols = symbol: null

2019-08-23 18:54:14 - [TEST_STEP][PASSED] - M4_spin_reels_symbols = M4_spin_reels_symbols: null

2019-08-23 18:54:14 - [TEST_STEP][PASSED] - M4_spin_reel_wins = reel_wins: null

2019-08-23 18:54:14 - [TEST_STEP][PASSED] - M4_spin_reel_wins = M4_spin_reel_wins: null

2019-08-23 18:54:14 - [TEST_STEP][PASSED] - println("GlobalVariable.M4_spin_reel_wins is: " + M4_spin_reel_wins): null

2019-08-23 18:54:14 - [TEST_STEP][PASSED] - M4_spin_total_bonus_win_this_round = total_bonus_win_this_round: null

2019-08-23 18:54:14 - [TEST_STEP][PASSED] - M4_spin_total_bonus_win_this_round = M4_spin_total_bonus_win_this_round: null

2019-08-23 18:54:14 - [TEST_STEP][PASSED] - println("GlobalVariable.M4_spin_total_bonus_win_this_round is: " + M4_spin_total_bonus_win_this_round): null

2019-08-23 18:54:14 - [TEST_STEP][PASSED] - M4_spin_bonus_spin_result = spin_result: null

2019-08-23 18:54:14 - [TEST_STEP][PASSED] - M4_spin_bonus_spin_result = M4_spin_bonus_spin_result: null

2019-08-23 18:54:14 - [MESSAGE][PASSED] - Verify response successfully

2019-08-23 18:54:14 - [MESSAGE][PASSED] - Send request and verify the response successfully

2019-08-23 18:54:14 - [TEST_STEP][PASSED] - if (free_spin_reel_counter[0] &gt;= 1 &amp;&amp; free_spin_reel_counter[1] &gt;= 1 &amp;&amp; free_spin_reel_counter[2] &gt;= 1): null

2019-08-23 18:54:14 - [TEST_STEP][PASSED] - spin_result = sendRequestAndVerify(findTestObject("INT/RGS(M4)/1_M4_spin", ["M4_login_user_id":M4_login_user_id, "rgs_session_token":rgs_session_token, "partner":Partner])): Send request and verify the response successfully

2019-08-23 18:54:15 - [MESSAGE][INFO] - HAR: /Users/eiralee/Katalon_Script/SuperWild/Reports/20190823_184757/INT/superWild_1/20190823_184757/requests/main/128.har

2019-08-23 18:54:15 - [TEST_CASE][PASSED] - Start Test Case : Verification: Verification accomplished successfully

2019-08-23 18:54:15 - [TEST_STEP][PASSED] - request = getInstance().getCurrentRequest(): null

2019-08-23 18:54:15 - [TEST_STEP][PASSED] - response = getInstance().getCurrentResponse(): null

2019-08-23 18:54:15 - [TEST_STEP][PASSED] - verifyResponseStatusCode(response, 200): Verify response status code successfully

2019-08-23 18:54:15 - [MESSAGE][PASSED] - Verify response status code successfully

2019-08-23 18:54:15 - [TEST_STEP][PASSED] - getStatusCode()).isEqualTo(200): null

2019-08-23 18:54:15 - [TEST_STEP][PASSED] - newline = System.getProperty("line.separator"): null

2019-08-23 18:54:15 - [TEST_STEP][PASSED] - M4_spin = new groovy.json.JsonSlurper(): null

2019-08-23 18:54:15 - [TEST_STEP][PASSED] - result_M4_spin = M4_spin.parseText(response.getResponseBodyContent()): null

2019-08-23 18:54:15 - [TEST_STEP][PASSED] - M4_spin_current_balance = current_balance: null

2019-08-23 18:54:15 - [TEST_STEP][PASSED] - M4_spin_current_balance = M4_spin_current_balance: null

2019-08-23 18:54:15 - [TEST_STEP][PASSED] - M4_spin_transaction_id = causality: null

2019-08-23 18:54:15 - [TEST_STEP][PASSED] - M4_spin_transaction_id = M4_spin_transaction_id: null

2019-08-23 18:54:15 - [TEST_STEP][PASSED] - M4_spin_round_id = round_id: null

2019-08-23 18:54:15 - [TEST_STEP][PASSED] - M4_spin_round_id = M4_spin_round_id: null

2019-08-23 18:54:15 - [TEST_STEP][PASSED] - M4_spin_line_wins = line_wins: null

2019-08-23 18:54:15 - [TEST_STEP][PASSED] - M4_spin_line_wins = M4_spin_line_wins: null

2019-08-23 18:54:15 - [TEST_STEP][PASSED] - M4_total_bonus_spins_int = total_bonus_spins: null

2019-08-23 18:54:15 - [TEST_STEP][PASSED] - println("******M4_total_bonus_spins type is:*******" + newline + getClass().getName()): null

2019-08-23 18:54:15 - [TEST_STEP][PASSED] - M4_total_bonus_spins_int = M4_total_bonus_spins_int: null

2019-08-23 18:54:15 - [TEST_STEP][PASSED] - M4_total_bonus_spins = Integer.toString(M4_total_bonus_spins_int): null

2019-08-23 18:54:15 - [TEST_STEP][PASSED] - M4_total_bonus_spins = M4_total_bonus_spins: null

2019-08-23 18:54:15 - [TEST_STEP][PASSED] - println("M4_total_bonus_spins is:" + M4_total_bonus_spins): null

2019-08-23 18:54:15 - [TEST_STEP][PASSED] - M4_spin_bonus_data = bonus_data: null

2019-08-23 18:54:15 - [TEST_STEP][PASSED] - M4_spin_features_triggered = result_M4_spin: null

2019-08-23 18:54:15 - [TEST_STEP][PASSED] - wild = []: null

2019-08-23 18:54:15 - [TEST_STEP][PASSED] - wild[0] = "WILD_Expanding": null

2019-08-23 18:54:15 - [TEST_STEP][PASSED] - wild[1] = "WILD_Normal": null

2019-08-23 18:54:15 - [TEST_STEP][PASSED] - wild[2] = "WILD_Double": null

2019-08-23 18:54:15 - [TEST_STEP][PASSED] - wild[3] = "WILD_ExtraFG": null

2019-08-23 18:54:15 - [TEST_STEP][PASSED] - wild[4] = "WILD_Triple": null

2019-08-23 18:54:15 - [TEST_STEP][PASSED] - wildList = Arrays.asList(wild): null

2019-08-23 18:54:15 - [TEST_STEP][PASSED] - wildList = wildList: null

2019-08-23 18:54:15 - [TEST_STEP][PASSED] - free_spin_reel_counter = []: null

2019-08-23 18:54:15 - [TEST_STEP][PASSED] - free_spin_reel_counter[0] = 0: null

2019-08-23 18:54:15 - [TEST_STEP][PASSED] - free_spin_reel_counter[1] = 0: null

2019-08-23 18:54:15 - [TEST_STEP][PASSED] - free_spin_reel_counter[2] = 0: null

2019-08-23 18:54:15 - [TEST_STEP][PASSED] - M4_spin_reels = reels: null

2019-08-23 18:54:15 - [TEST_STEP][PASSED] - for ([i = 0, i &lt; M4_spin_reels.size(), (i++)]): null

2019-08-23 18:54:15 - [TEST_STEP][PASSED] - symbols = symbols: null

2019-08-23 18:54:15 - [TEST_STEP][PASSED] - for ([j = 0, j &lt; symbols.size(), (j++)]): null

2019-08-23 18:54:15 - [TEST_STEP][PASSED] - symbol = symbol: null

2019-08-23 18:54:15 - [TEST_STEP][PASSED] - println(symbol): null

2019-08-23 18:54:15 - [TEST_STEP][PASSED] - if (i == 2 &amp;&amp; wildList.indexOf(symbol) != -1): null

2019-08-23 18:54:15 - [TEST_STEP][PASSED] - if (i == 3 &amp;&amp; wildList.indexOf(symbol) != -1): null

2019-08-23 18:54:15 - [TEST_STEP][PASSED] - if (i == 4 &amp;&amp; wildList.indexOf(symbol) != -1): null

2019-08-23 18:54:15 - [TEST_STEP][PASSED] - symbol = symbol: null

2019-08-23 18:54:15 - [TEST_STEP][PASSED] - println(symbol): null

2019-08-23 18:54:15 - [TEST_STEP][PASSED] - if (i == 2 &amp;&amp; wildList.indexOf(symbol) != -1): null

2019-08-23 18:54:15 - [TEST_STEP][PASSED] - if (i == 3 &amp;&amp; wildList.indexOf(symbol) != -1): null

2019-08-23 18:54:15 - [TEST_STEP][PASSED] - if (i == 4 &amp;&amp; wildList.indexOf(symbol) != -1): null

2019-08-23 18:54:15 - [TEST_STEP][PASSED] - symbol = symbol: null

2019-08-23 18:54:15 - [TEST_STEP][PASSED] - println(symbol): null

2019-08-23 18:54:15 - [TEST_STEP][PASSED] - if (i == 2 &amp;&amp; wildList.indexOf(symbol) != -1): null

2019-08-23 18:54:15 - [TEST_STEP][PASSED] - if (i == 3 &amp;&amp; wildList.indexOf(symbol) != -1): null

2019-08-23 18:54:15 - [TEST_STEP][PASSED] - if (i == 4 &amp;&amp; wildList.indexOf(symbol) != -1): null

2019-08-23 18:54:15 - [TEST_STEP][PASSED] - symbols = symbols: null

2019-08-23 18:54:15 - [TEST_STEP][PASSED] - for ([j = 0, j &lt; symbols.size(), (j++)]): null

2019-08-23 18:54:15 - [TEST_STEP][PASSED] - symbol = symbol: null

2019-08-23 18:54:15 - [TEST_STEP][PASSED] - println(symbol): null

2019-08-23 18:54:15 - [TEST_STEP][PASSED] - if (i == 2 &amp;&amp; wildList.indexOf(symbol) != -1): null

2019-08-23 18:54:15 - [TEST_STEP][PASSED] - if (i == 3 &amp;&amp; wildList.indexOf(symbol) != -1): null

2019-08-23 18:54:15 - [TEST_STEP][PASSED] - if (i == 4 &amp;&amp; wildList.indexOf(symbol) != -1): null

2019-08-23 18:54:15 - [TEST_STEP][PASSED] - symbol = symbol: null

2019-08-23 18:54:15 - [TEST_STEP][PASSED] - println(symbol): null

2019-08-23 18:54:15 - [TEST_STEP][PASSED] - if (i == 2 &amp;&amp; wildList.indexOf(symbol) != -1): null

2019-08-23 18:54:15 - [TEST_STEP][PASSED] - if (i == 3 &amp;&amp; wildList.indexOf(symbol) != -1): null

2019-08-23 18:54:15 - [TEST_STEP][PASSED] - if (i == 4 &amp;&amp; wildList.indexOf(symbol) != -1): null

2019-08-23 18:54:15 - [TEST_STEP][PASSED] - symbol = symbol: null

2019-08-23 18:54:15 - [TEST_STEP][PASSED] - println(symbol): null

2019-08-23 18:54:15 - [TEST_STEP][PASSED] - if (i == 2 &amp;&amp; wildList.indexOf(symbol) != -1): null

2019-08-23 18:54:15 - [TEST_STEP][PASSED] - if (i == 3 &amp;&amp; wildList.indexOf(symbol) != -1): null

2019-08-23 18:54:15 - [TEST_STEP][PASSED] - if (i == 4 &amp;&amp; wildList.indexOf(symbol) != -1): null

2019-08-23 18:54:15 - [TEST_STEP][PASSED] - symbols = symbols: null

2019-08-23 18:54:15 - [TEST_STEP][PASSED] - for ([j = 0, j &lt; symbols.size(), (j++)]): null

2019-08-23 18:54:15 - [TEST_STEP][PASSED] - symbol = symbol: null

2019-08-23 18:54:15 - [TEST_STEP][PASSED] - println(symbol): null

2019-08-23 18:54:15 - [TEST_STEP][PASSED] - if (i == 2 &amp;&amp; wildList.indexOf(symbol) != -1): null

2019-08-23 18:54:15 - [TEST_STEP][PASSED] - if (i == 3 &amp;&amp; wildList.indexOf(symbol) != -1): null

2019-08-23 18:54:15 - [TEST_STEP][PASSED] - if (i == 4 &amp;&amp; wildList.indexOf(symbol) != -1): null

2019-08-23 18:54:15 - [TEST_STEP][PASSED] - symbol = symbol: null

2019-08-23 18:54:15 - [TEST_STEP][PASSED] - println(symbol): null

2019-08-23 18:54:15 - [TEST_STEP][PASSED] - if (i == 2 &amp;&amp; wildList.indexOf(symbol) != -1): null

2019-08-23 18:54:15 - [TEST_STEP][PASSED] - if (i == 3 &amp;&amp; wildList.indexOf(symbol) != -1): null

2019-08-23 18:54:15 - [TEST_STEP][PASSED] - if (i == 4 &amp;&amp; wildList.indexOf(symbol) != -1): null

2019-08-23 18:54:15 - [TEST_STEP][PASSED] - symbol = symbol: null

2019-08-23 18:54:15 - [TEST_STEP][PASSED] - println(symbol): null

2019-08-23 18:54:15 - [TEST_STEP][PASSED] - if (i == 2 &amp;&amp; wildList.indexOf(symbol) != -1): null

2019-08-23 18:54:15 - [TEST_STEP][PASSED] - if (i == 3 &amp;&amp; wildList.indexOf(symbol) != -1): null

2019-08-23 18:54:15 - [TEST_STEP][PASSED] - if (i == 4 &amp;&amp; wildList.indexOf(symbol) != -1): null

2019-08-23 18:54:15 - [TEST_STEP][PASSED] - symbols = symbols: null

2019-08-23 18:54:15 - [TEST_STEP][PASSED] - for ([j = 0, j &lt; symbols.size(), (j++)]): null

2019-08-23 18:54:15 - [TEST_STEP][PASSED] - symbol = symbol: null

2019-08-23 18:54:15 - [TEST_STEP][PASSED] - println(symbol): null

2019-08-23 18:54:15 - [TEST_STEP][PASSED] - if (i == 2 &amp;&amp; wildList.indexOf(symbol) != -1): null

2019-08-23 18:54:15 - [TEST_STEP][PASSED] - if (i == 3 &amp;&amp; wildList.indexOf(symbol) != -1): null

2019-08-23 18:54:15 - [TEST_STEP][PASSED] - if (i == 4 &amp;&amp; wildList.indexOf(symbol) != -1): null

2019-08-23 18:54:15 - [TEST_STEP][PASSED] - symbol = symbol: null

2019-08-23 18:54:15 - [TEST_STEP][PASSED] - println(symbol): null

2019-08-23 18:54:15 - [TEST_STEP][PASSED] - if (i == 2 &amp;&amp; wildList.indexOf(symbol) != -1): null

2019-08-23 18:54:15 - [TEST_STEP][PASSED] - if (i == 3 &amp;&amp; wildList.indexOf(symbol) != -1): null

2019-08-23 18:54:15 - [TEST_STEP][PASSED] - if (i == 4 &amp;&amp; wildList.indexOf(symbol) != -1): null

2019-08-23 18:54:15 - [TEST_STEP][PASSED] - symbol = symbol: null

2019-08-23 18:54:15 - [TEST_STEP][PASSED] - println(symbol): null

2019-08-23 18:54:15 - [TEST_STEP][PASSED] - if (i == 2 &amp;&amp; wildList.indexOf(symbol) != -1): null

2019-08-23 18:54:15 - [TEST_STEP][PASSED] - if (i == 3 &amp;&amp; wildList.indexOf(symbol) != -1): null

2019-08-23 18:54:15 - [TEST_STEP][PASSED] - println("wild found on reel 4, adding counter by 1"): null

2019-08-23 18:54:15 - [TEST_STEP][PASSED] - free_spin_reel_counter[1] = free_spin_reel_counter[1] + 1: null

2019-08-23 18:54:15 - [TEST_STEP][PASSED] - if (i == 4 &amp;&amp; wildList.indexOf(symbol) != -1): null

2019-08-23 18:54:15 - [TEST_STEP][PASSED] - symbols = symbols: null

2019-08-23 18:54:15 - [TEST_STEP][PASSED] - for ([j = 0, j &lt; symbols.size(), (j++)]): null

2019-08-23 18:54:15 - [TEST_STEP][PASSED] - symbol = symbol: null

2019-08-23 18:54:15 - [TEST_STEP][PASSED] - println(symbol): null

2019-08-23 18:54:15 - [TEST_STEP][PASSED] - if (i == 2 &amp;&amp; wildList.indexOf(symbol) != -1): null

2019-08-23 18:54:15 - [TEST_STEP][PASSED] - if (i == 3 &amp;&amp; wildList.indexOf(symbol) != -1): null

2019-08-23 18:54:15 - [TEST_STEP][PASSED] - if (i == 4 &amp;&amp; wildList.indexOf(symbol) != -1): null

2019-08-23 18:54:15 - [TEST_STEP][PASSED] - symbol = symbol: null

2019-08-23 18:54:15 - [TEST_STEP][PASSED] - println(symbol): null

2019-08-23 18:54:15 - [TEST_STEP][PASSED] - if (i == 2 &amp;&amp; wildList.indexOf(symbol) != -1): null

2019-08-23 18:54:15 - [TEST_STEP][PASSED] - if (i == 3 &amp;&amp; wildList.indexOf(symbol) != -1): null

2019-08-23 18:54:15 - [TEST_STEP][PASSED] - if (i == 4 &amp;&amp; wildList.indexOf(symbol) != -1): null

2019-08-23 18:54:15 - [TEST_STEP][PASSED] - symbol = symbol: null

2019-08-23 18:54:15 - [TEST_STEP][PASSED] - println(symbol): null

2019-08-23 18:54:15 - [TEST_STEP][PASSED] - if (i == 2 &amp;&amp; wildList.indexOf(symbol) != -1): null

2019-08-23 18:54:15 - [TEST_STEP][PASSED] - if (i == 3 &amp;&amp; wildList.indexOf(symbol) != -1): null

2019-08-23 18:54:15 - [TEST_STEP][PASSED] - if (i == 4 &amp;&amp; wildList.indexOf(symbol) != -1): null

2019-08-23 18:54:15 - [TEST_STEP][PASSED] - free_spin_reel_counter = free_spin_reel_counter: null

2019-08-23 18:54:15 - [TEST_STEP][PASSED] - println("reel 3 wild found: " + free_spin_reel_counter[0]): null

2019-08-23 18:54:15 - [TEST_STEP][PASSED] - println("reel 4 wild found: " + free_spin_reel_counter[1]): null

2019-08-23 18:54:15 - [TEST_STEP][PASSED] - println("reel 5 wild found: " + free_spin_reel_counter[2]): null

2019-08-23 18:54:15 - [TEST_STEP][PASSED] - M4_spin_reels = M4_spin_reels: null

2019-08-23 18:54:15 - [TEST_STEP][PASSED] - M4_spin_reels_symbols = symbol: null

2019-08-23 18:54:15 - [TEST_STEP][PASSED] - M4_spin_reels_symbols = M4_spin_reels_symbols: null

2019-08-23 18:54:15 - [TEST_STEP][PASSED] - M4_spin_reel_wins = reel_wins: null

2019-08-23 18:54:15 - [TEST_STEP][PASSED] - M4_spin_reel_wins = M4_spin_reel_wins: null

2019-08-23 18:54:15 - [TEST_STEP][PASSED] - println("GlobalVariable.M4_spin_reel_wins is: " + M4_spin_reel_wins): null

2019-08-23 18:54:15 - [TEST_STEP][PASSED] - M4_spin_total_bonus_win_this_round = total_bonus_win_this_round: null

2019-08-23 18:54:15 - [TEST_STEP][PASSED] - M4_spin_total_bonus_win_this_round = M4_spin_total_bonus_win_this_round: null

2019-08-23 18:54:15 - [TEST_STEP][PASSED] - println("GlobalVariable.M4_spin_total_bonus_win_this_round is: " + M4_spin_total_bonus_win_this_round): null

2019-08-23 18:54:15 - [TEST_STEP][PASSED] - M4_spin_bonus_spin_result = spin_result: null

2019-08-23 18:54:15 - [TEST_STEP][PASSED] - M4_spin_bonus_spin_result = M4_spin_bonus_spin_result: null

2019-08-23 18:54:15 - [MESSAGE][PASSED] - Verify response successfully

2019-08-23 18:54:15 - [MESSAGE][PASSED] - Send request and verify the response successfully

2019-08-23 18:54:15 - [TEST_STEP][PASSED] - if (free_spin_reel_counter[0] &gt;= 1 &amp;&amp; free_spin_reel_counter[1] &gt;= 1 &amp;&amp; free_spin_reel_counter[2] &gt;= 1): null

2019-08-23 18:54:15 - [TEST_STEP][PASSED] - spin_result = sendRequestAndVerify(findTestObject("INT/RGS(M4)/1_M4_spin", ["M4_login_user_id":M4_login_user_id, "rgs_session_token":rgs_session_token, "partner":Partner])): Send request and verify the response successfully

2019-08-23 18:54:16 - [MESSAGE][INFO] - HAR: /Users/eiralee/Katalon_Script/SuperWild/Reports/20190823_184757/INT/superWild_1/20190823_184757/requests/main/129.har

2019-08-23 18:54:16 - [TEST_CASE][PASSED] - Start Test Case : Verification: Verification accomplished successfully

2019-08-23 18:54:16 - [TEST_STEP][PASSED] - request = getInstance().getCurrentRequest(): null

2019-08-23 18:54:16 - [TEST_STEP][PASSED] - response = getInstance().getCurrentResponse(): null

2019-08-23 18:54:16 - [TEST_STEP][PASSED] - verifyResponseStatusCode(response, 200): Verify response status code successfully

2019-08-23 18:54:16 - [MESSAGE][PASSED] - Verify response status code successfully

2019-08-23 18:54:16 - [TEST_STEP][PASSED] - getStatusCode()).isEqualTo(200): null

2019-08-23 18:54:16 - [TEST_STEP][PASSED] - newline = System.getProperty("line.separator"): null

2019-08-23 18:54:16 - [TEST_STEP][PASSED] - M4_spin = new groovy.json.JsonSlurper(): null

2019-08-23 18:54:16 - [TEST_STEP][PASSED] - result_M4_spin = M4_spin.parseText(response.getResponseBodyContent()): null

2019-08-23 18:54:16 - [TEST_STEP][PASSED] - M4_spin_current_balance = current_balance: null

2019-08-23 18:54:16 - [TEST_STEP][PASSED] - M4_spin_current_balance = M4_spin_current_balance: null

2019-08-23 18:54:16 - [TEST_STEP][PASSED] - M4_spin_transaction_id = causality: null

2019-08-23 18:54:16 - [TEST_STEP][PASSED] - M4_spin_transaction_id = M4_spin_transaction_id: null

2019-08-23 18:54:16 - [TEST_STEP][PASSED] - M4_spin_round_id = round_id: null

2019-08-23 18:54:16 - [TEST_STEP][PASSED] - M4_spin_round_id = M4_spin_round_id: null

2019-08-23 18:54:16 - [TEST_STEP][PASSED] - M4_spin_line_wins = line_wins: null

2019-08-23 18:54:16 - [TEST_STEP][PASSED] - M4_spin_line_wins = M4_spin_line_wins: null

2019-08-23 18:54:16 - [TEST_STEP][PASSED] - M4_total_bonus_spins_int = total_bonus_spins: null

2019-08-23 18:54:16 - [TEST_STEP][PASSED] - println("******M4_total_bonus_spins type is:*******" + newline + getClass().getName()): null

2019-08-23 18:54:16 - [TEST_STEP][PASSED] - M4_total_bonus_spins_int = M4_total_bonus_spins_int: null

2019-08-23 18:54:16 - [TEST_STEP][PASSED] - M4_total_bonus_spins = Integer.toString(M4_total_bonus_spins_int): null

2019-08-23 18:54:16 - [TEST_STEP][PASSED] - M4_total_bonus_spins = M4_total_bonus_spins: null

2019-08-23 18:54:16 - [TEST_STEP][PASSED] - println("M4_total_bonus_spins is:" + M4_total_bonus_spins): null

2019-08-23 18:54:16 - [TEST_STEP][PASSED] - M4_spin_bonus_data = bonus_data: null

2019-08-23 18:54:16 - [TEST_STEP][PASSED] - M4_spin_features_triggered = result_M4_spin: null

2019-08-23 18:54:16 - [TEST_STEP][PASSED] - wild = []: null

2019-08-23 18:54:16 - [TEST_STEP][PASSED] - wild[0] = "WILD_Expanding": null

2019-08-23 18:54:16 - [TEST_STEP][PASSED] - wild[1] = "WILD_Normal": null

2019-08-23 18:54:16 - [TEST_STEP][PASSED] - wild[2] = "WILD_Double": null

2019-08-23 18:54:16 - [TEST_STEP][PASSED] - wild[3] = "WILD_ExtraFG": null

2019-08-23 18:54:16 - [TEST_STEP][PASSED] - wild[4] = "WILD_Triple": null

2019-08-23 18:54:16 - [TEST_STEP][PASSED] - wildList = Arrays.asList(wild): null

2019-08-23 18:54:16 - [TEST_STEP][PASSED] - wildList = wildList: null

2019-08-23 18:54:16 - [TEST_STEP][PASSED] - free_spin_reel_counter = []: null

2019-08-23 18:54:16 - [TEST_STEP][PASSED] - free_spin_reel_counter[0] = 0: null

2019-08-23 18:54:16 - [TEST_STEP][PASSED] - free_spin_reel_counter[1] = 0: null

2019-08-23 18:54:16 - [TEST_STEP][PASSED] - free_spin_reel_counter[2] = 0: null

2019-08-23 18:54:16 - [TEST_STEP][PASSED] - M4_spin_reels = reels: null

2019-08-23 18:54:16 - [TEST_STEP][PASSED] - for ([i = 0, i &lt; M4_spin_reels.size(), (i++)]): null

2019-08-23 18:54:16 - [TEST_STEP][PASSED] - symbols = symbols: null

2019-08-23 18:54:16 - [TEST_STEP][PASSED] - for ([j = 0, j &lt; symbols.size(), (j++)]): null

2019-08-23 18:54:16 - [TEST_STEP][PASSED] - symbol = symbol: null

2019-08-23 18:54:16 - [TEST_STEP][PASSED] - println(symbol): null

2019-08-23 18:54:16 - [TEST_STEP][PASSED] - if (i == 2 &amp;&amp; wildList.indexOf(symbol) != -1): null

2019-08-23 18:54:16 - [TEST_STEP][PASSED] - if (i == 3 &amp;&amp; wildList.indexOf(symbol) != -1): null

2019-08-23 18:54:16 - [TEST_STEP][PASSED] - if (i == 4 &amp;&amp; wildList.indexOf(symbol) != -1): null

2019-08-23 18:54:16 - [TEST_STEP][PASSED] - symbol = symbol: null

2019-08-23 18:54:16 - [TEST_STEP][PASSED] - println(symbol): null

2019-08-23 18:54:16 - [TEST_STEP][PASSED] - if (i == 2 &amp;&amp; wildList.indexOf(symbol) != -1): null

2019-08-23 18:54:16 - [TEST_STEP][PASSED] - if (i == 3 &amp;&amp; wildList.indexOf(symbol) != -1): null

2019-08-23 18:54:16 - [TEST_STEP][PASSED] - if (i == 4 &amp;&amp; wildList.indexOf(symbol) != -1): null

2019-08-23 18:54:16 - [TEST_STEP][PASSED] - symbol = symbol: null

2019-08-23 18:54:16 - [TEST_STEP][PASSED] - println(symbol): null

2019-08-23 18:54:16 - [TEST_STEP][PASSED] - if (i == 2 &amp;&amp; wildList.indexOf(symbol) != -1): null

2019-08-23 18:54:16 - [TEST_STEP][PASSED] - if (i == 3 &amp;&amp; wildList.indexOf(symbol) != -1): null

2019-08-23 18:54:16 - [TEST_STEP][PASSED] - if (i == 4 &amp;&amp; wildList.indexOf(symbol) != -1): null

2019-08-23 18:54:16 - [TEST_STEP][PASSED] - symbols = symbols: null

2019-08-23 18:54:16 - [TEST_STEP][PASSED] - for ([j = 0, j &lt; symbols.size(), (j++)]): null

2019-08-23 18:54:16 - [TEST_STEP][PASSED] - symbol = symbol: null

2019-08-23 18:54:16 - [TEST_STEP][PASSED] - println(symbol): null

2019-08-23 18:54:16 - [TEST_STEP][PASSED] - if (i == 2 &amp;&amp; wildList.indexOf(symbol) != -1): null

2019-08-23 18:54:16 - [TEST_STEP][PASSED] - if (i == 3 &amp;&amp; wildList.indexOf(symbol) != -1): null

2019-08-23 18:54:16 - [TEST_STEP][PASSED] - if (i == 4 &amp;&amp; wildList.indexOf(symbol) != -1): null

2019-08-23 18:54:16 - [TEST_STEP][PASSED] - symbol = symbol: null

2019-08-23 18:54:16 - [TEST_STEP][PASSED] - println(symbol): null

2019-08-23 18:54:16 - [TEST_STEP][PASSED] - if (i == 2 &amp;&amp; wildList.indexOf(symbol) != -1): null

2019-08-23 18:54:16 - [TEST_STEP][PASSED] - if (i == 3 &amp;&amp; wildList.indexOf(symbol) != -1): null

2019-08-23 18:54:16 - [TEST_STEP][PASSED] - if (i == 4 &amp;&amp; wildList.indexOf(symbol) != -1): null

2019-08-23 18:54:16 - [TEST_STEP][PASSED] - symbol = symbol: null

2019-08-23 18:54:16 - [TEST_STEP][PASSED] - println(symbol): null

2019-08-23 18:54:16 - [TEST_STEP][PASSED] - if (i == 2 &amp;&amp; wildList.indexOf(symbol) != -1): null

2019-08-23 18:54:16 - [TEST_STEP][PASSED] - if (i == 3 &amp;&amp; wildList.indexOf(symbol) != -1): null

2019-08-23 18:54:16 - [TEST_STEP][PASSED] - if (i == 4 &amp;&amp; wildList.indexOf(symbol) != -1): null

2019-08-23 18:54:16 - [TEST_STEP][PASSED] - symbols = symbols: null

2019-08-23 18:54:16 - [TEST_STEP][PASSED] - for ([j = 0, j &lt; symbols.size(), (j++)]): null

2019-08-23 18:54:16 - [TEST_STEP][PASSED] - symbol = symbol: null

2019-08-23 18:54:16 - [TEST_STEP][PASSED] - println(symbol): null

2019-08-23 18:54:16 - [TEST_STEP][PASSED] - if (i == 2 &amp;&amp; wildList.indexOf(symbol) != -1): null

2019-08-23 18:54:16 - [TEST_STEP][PASSED] - if (i == 3 &amp;&amp; wildList.indexOf(symbol) != -1): null

2019-08-23 18:54:16 - [TEST_STEP][PASSED] - if (i == 4 &amp;&amp; wildList.indexOf(symbol) != -1): null

2019-08-23 18:54:16 - [TEST_STEP][PASSED] - symbol = symbol: null

2019-08-23 18:54:16 - [TEST_STEP][PASSED] - println(symbol): null

2019-08-23 18:54:16 - [TEST_STEP][PASSED] - if (i == 2 &amp;&amp; wildList.indexOf(symbol) != -1): null

2019-08-23 18:54:16 - [TEST_STEP][PASSED] - if (i == 3 &amp;&amp; wildList.indexOf(symbol) != -1): null

2019-08-23 18:54:16 - [TEST_STEP][PASSED] - if (i == 4 &amp;&amp; wildList.indexOf(symbol) != -1): null

2019-08-23 18:54:16 - [TEST_STEP][PASSED] - symbol = symbol: null

2019-08-23 18:54:16 - [TEST_STEP][PASSED] - println(symbol): null

2019-08-23 18:54:16 - [TEST_STEP][PASSED] - if (i == 2 &amp;&amp; wildList.indexOf(symbol) != -1): null

2019-08-23 18:54:16 - [TEST_STEP][PASSED] - if (i == 3 &amp;&amp; wildList.indexOf(symbol) != -1): null

2019-08-23 18:54:16 - [TEST_STEP][PASSED] - if (i == 4 &amp;&amp; wildList.indexOf(symbol) != -1): null

2019-08-23 18:54:16 - [TEST_STEP][PASSED] - symbols = symbols: null

2019-08-23 18:54:16 - [TEST_STEP][PASSED] - for ([j = 0, j &lt; symbols.size(), (j++)]): null

2019-08-23 18:54:16 - [TEST_STEP][PASSED] - symbol = symbol: null

2019-08-23 18:54:16 - [TEST_STEP][PASSED] - println(symbol): null

2019-08-23 18:54:16 - [TEST_STEP][PASSED] - if (i == 2 &amp;&amp; wildList.indexOf(symbol) != -1): null

2019-08-23 18:54:16 - [TEST_STEP][PASSED] - if (i == 3 &amp;&amp; wildList.indexOf(symbol) != -1): null

2019-08-23 18:54:16 - [TEST_STEP][PASSED] - if (i == 4 &amp;&amp; wildList.indexOf(symbol) != -1): null

2019-08-23 18:54:16 - [TEST_STEP][PASSED] - symbol = symbol: null

2019-08-23 18:54:16 - [TEST_STEP][PASSED] - println(symbol): null

2019-08-23 18:54:16 - [TEST_STEP][PASSED] - if (i == 2 &amp;&amp; wildList.indexOf(symbol) != -1): null

2019-08-23 18:54:16 - [TEST_STEP][PASSED] - if (i == 3 &amp;&amp; wildList.indexOf(symbol) != -1): null

2019-08-23 18:54:16 - [TEST_STEP][PASSED] - if (i == 4 &amp;&amp; wildList.indexOf(symbol) != -1): null

2019-08-23 18:54:16 - [TEST_STEP][PASSED] - symbol = symbol: null

2019-08-23 18:54:16 - [TEST_STEP][PASSED] - println(symbol): null

2019-08-23 18:54:16 - [TEST_STEP][PASSED] - if (i == 2 &amp;&amp; wildList.indexOf(symbol) != -1): null

2019-08-23 18:54:16 - [TEST_STEP][PASSED] - if (i == 3 &amp;&amp; wildList.indexOf(symbol) != -1): null

2019-08-23 18:54:16 - [TEST_STEP][PASSED] - if (i == 4 &amp;&amp; wildList.indexOf(symbol) != -1): null

2019-08-23 18:54:16 - [TEST_STEP][PASSED] - symbols = symbols: null

2019-08-23 18:54:16 - [TEST_STEP][PASSED] - for ([j = 0, j &lt; symbols.size(), (j++)]): null

2019-08-23 18:54:16 - [TEST_STEP][PASSED] - symbol = symbol: null

2019-08-23 18:54:16 - [TEST_STEP][PASSED] - println(symbol): null

2019-08-23 18:54:16 - [TEST_STEP][PASSED] - if (i == 2 &amp;&amp; wildList.indexOf(symbol) != -1): null

2019-08-23 18:54:16 - [TEST_STEP][PASSED] - if (i == 3 &amp;&amp; wildList.indexOf(symbol) != -1): null

2019-08-23 18:54:16 - [TEST_STEP][PASSED] - if (i == 4 &amp;&amp; wildList.indexOf(symbol) != -1): null

2019-08-23 18:54:16 - [TEST_STEP][PASSED] - symbol = symbol: null

2019-08-23 18:54:16 - [TEST_STEP][PASSED] - println(symbol): null

2019-08-23 18:54:16 - [TEST_STEP][PASSED] - if (i == 2 &amp;&amp; wildList.indexOf(symbol) != -1): null

2019-08-23 18:54:16 - [TEST_STEP][PASSED] - if (i == 3 &amp;&amp; wildList.indexOf(symbol) != -1): null

2019-08-23 18:54:16 - [TEST_STEP][PASSED] - if (i == 4 &amp;&amp; wildList.indexOf(symbol) != -1): null

2019-08-23 18:54:16 - [TEST_STEP][PASSED] - symbol = symbol: null

2019-08-23 18:54:16 - [TEST_STEP][PASSED] - println(symbol): null

2019-08-23 18:54:16 - [TEST_STEP][PASSED] - if (i == 2 &amp;&amp; wildList.indexOf(symbol) != -1): null

2019-08-23 18:54:16 - [TEST_STEP][PASSED] - if (i == 3 &amp;&amp; wildList.indexOf(symbol) != -1): null

2019-08-23 18:54:16 - [TEST_STEP][PASSED] - if (i == 4 &amp;&amp; wildList.indexOf(symbol) != -1): null

2019-08-23 18:54:16 - [TEST_STEP][PASSED] - free_spin_reel_counter = free_spin_reel_counter: null

2019-08-23 18:54:16 - [TEST_STEP][PASSED] - println("reel 3 wild found: " + free_spin_reel_counter[0]): null

2019-08-23 18:54:16 - [TEST_STEP][PASSED] - println("reel 4 wild found: " + free_spin_reel_counter[1]): null

2019-08-23 18:54:16 - [TEST_STEP][PASSED] - println("reel 5 wild found: " + free_spin_reel_counter[2]): null

2019-08-23 18:54:16 - [TEST_STEP][PASSED] - M4_spin_reels = M4_spin_reels: null

2019-08-23 18:54:16 - [TEST_STEP][PASSED] - M4_spin_reels_symbols = symbol: null

2019-08-23 18:54:16 - [TEST_STEP][PASSED] - M4_spin_reels_symbols = M4_spin_reels_symbols: null

2019-08-23 18:54:16 - [TEST_STEP][PASSED] - M4_spin_reel_wins = reel_wins: null

2019-08-23 18:54:16 - [TEST_STEP][PASSED] - M4_spin_reel_wins = M4_spin_reel_wins: null

2019-08-23 18:54:16 - [TEST_STEP][PASSED] - println("GlobalVariable.M4_spin_reel_wins is: " + M4_spin_reel_wins): null

2019-08-23 18:54:16 - [TEST_STEP][PASSED] - M4_spin_total_bonus_win_this_round = total_bonus_win_this_round: null

2019-08-23 18:54:16 - [TEST_STEP][PASSED] - M4_spin_total_bonus_win_this_round = M4_spin_total_bonus_win_this_round: null

2019-08-23 18:54:16 - [TEST_STEP][PASSED] - println("GlobalVariable.M4_spin_total_bonus_win_this_round is: " + M4_spin_total_bonus_win_this_round): null

2019-08-23 18:54:16 - [TEST_STEP][PASSED] - M4_spin_bonus_spin_result = spin_result: null

2019-08-23 18:54:16 - [TEST_STEP][PASSED] - M4_spin_bonus_spin_result = M4_spin_bonus_spin_result: null

2019-08-23 18:54:16 - [MESSAGE][PASSED] - Verify response successfully

2019-08-23 18:54:16 - [MESSAGE][PASSED] - Send request and verify the response successfully

2019-08-23 18:54:16 - [TEST_STEP][PASSED] - if (free_spin_reel_counter[0] &gt;= 1 &amp;&amp; free_spin_reel_counter[1] &gt;= 1 &amp;&amp; free_spin_reel_counter[2] &gt;= 1): null

2019-08-23 18:54:16 - [TEST_STEP][PASSED] - spin_result = sendRequestAndVerify(findTestObject("INT/RGS(M4)/1_M4_spin", ["M4_login_user_id":M4_login_user_id, "rgs_session_token":rgs_session_token, "partner":Partner])): Send request and verify the response successfully

2019-08-23 18:54:16 - [MESSAGE][INFO] - HAR: /Users/eiralee/Katalon_Script/SuperWild/Reports/20190823_184757/INT/superWild_1/20190823_184757/requests/main/130.har

2019-08-23 18:54:16 - [TEST_CASE][PASSED] - Start Test Case : Verification: Verification accomplished successfully

2019-08-23 18:54:16 - [TEST_STEP][PASSED] - request = getInstance().getCurrentRequest(): null

2019-08-23 18:54:16 - [TEST_STEP][PASSED] - response = getInstance().getCurrentResponse(): null

2019-08-23 18:54:16 - [TEST_STEP][PASSED] - verifyResponseStatusCode(response, 200): Verify response status code successfully

2019-08-23 18:54:16 - [MESSAGE][PASSED] - Verify response status code successfully

2019-08-23 18:54:16 - [TEST_STEP][PASSED] - getStatusCode()).isEqualTo(200): null

2019-08-23 18:54:16 - [TEST_STEP][PASSED] - newline = System.getProperty("line.separator"): null

2019-08-23 18:54:16 - [TEST_STEP][PASSED] - M4_spin = new groovy.json.JsonSlurper(): null

2019-08-23 18:54:16 - [TEST_STEP][PASSED] - result_M4_spin = M4_spin.parseText(response.getResponseBodyContent()): null

2019-08-23 18:54:16 - [TEST_STEP][PASSED] - M4_spin_current_balance = current_balance: null

2019-08-23 18:54:16 - [TEST_STEP][PASSED] - M4_spin_current_balance = M4_spin_current_balance: null

2019-08-23 18:54:16 - [TEST_STEP][PASSED] - M4_spin_transaction_id = causality: null

2019-08-23 18:54:16 - [TEST_STEP][PASSED] - M4_spin_transaction_id = M4_spin_transaction_id: null

2019-08-23 18:54:16 - [TEST_STEP][PASSED] - M4_spin_round_id = round_id: null

2019-08-23 18:54:16 - [TEST_STEP][PASSED] - M4_spin_round_id = M4_spin_round_id: null

2019-08-23 18:54:16 - [TEST_STEP][PASSED] - M4_spin_line_wins = line_wins: null

2019-08-23 18:54:18 - [TEST_STEP][PASSED] - M4_spin_line_wins = M4_spin_line_wins: null

2019-08-23 18:54:18 - [TEST_STEP][PASSED] - M4_total_bonus_spins_int = total_bonus_spins: null

2019-08-23 18:54:18 - [TEST_STEP][PASSED] - println("******M4_total_bonus_spins type is:*******" + newline + getClass().getName()): null

2019-08-23 18:54:18 - [TEST_STEP][PASSED] - M4_total_bonus_spins_int = M4_total_bonus_spins_int: null

2019-08-23 18:54:18 - [TEST_STEP][PASSED] - M4_total_bonus_spins = Integer.toString(M4_total_bonus_spins_int): null

2019-08-23 18:54:18 - [TEST_STEP][PASSED] - M4_total_bonus_spins = M4_total_bonus_spins: null

2019-08-23 18:54:18 - [TEST_STEP][PASSED] - println("M4_total_bonus_spins is:" + M4_total_bonus_spins): null

2019-08-23 18:54:18 - [TEST_STEP][PASSED] - M4_spin_bonus_data = bonus_data: null

2019-08-23 18:54:18 - [TEST_STEP][PASSED] - M4_spin_features_triggered = result_M4_spin: null

2019-08-23 18:54:18 - [TEST_STEP][PASSED] - wild = []: null

2019-08-23 18:54:18 - [TEST_STEP][PASSED] - wild[0] = "WILD_Expanding": null

2019-08-23 18:54:18 - [TEST_STEP][PASSED] - wild[1] = "WILD_Normal": null

2019-08-23 18:54:18 - [TEST_STEP][PASSED] - wild[2] = "WILD_Double": null

2019-08-23 18:54:18 - [TEST_STEP][PASSED] - wild[3] = "WILD_ExtraFG": null

2019-08-23 18:54:18 - [TEST_STEP][PASSED] - wild[4] = "WILD_Triple": null

2019-08-23 18:54:18 - [TEST_STEP][PASSED] - wildList = Arrays.asList(wild): null

2019-08-23 18:54:18 - [TEST_STEP][PASSED] - wildList = wildList: null

2019-08-23 18:54:18 - [TEST_STEP][PASSED] - free_spin_reel_counter = []: null

2019-08-23 18:54:18 - [TEST_STEP][PASSED] - free_spin_reel_counter[0] = 0: null

2019-08-23 18:54:18 - [TEST_STEP][PASSED] - free_spin_reel_counter[1] = 0: null

2019-08-23 18:54:18 - [TEST_STEP][PASSED] - free_spin_reel_counter[2] = 0: null

2019-08-23 18:54:18 - [TEST_STEP][PASSED] - M4_spin_reels = reels: null

2019-08-23 18:54:18 - [TEST_STEP][PASSED] - for ([i = 0, i &lt; M4_spin_reels.size(), (i++)]): null

2019-08-23 18:54:18 - [TEST_STEP][PASSED] - symbols = symbols: null

2019-08-23 18:54:18 - [TEST_STEP][PASSED] - for ([j = 0, j &lt; symbols.size(), (j++)]): null

2019-08-23 18:54:18 - [TEST_STEP][PASSED] - symbol = symbol: null

2019-08-23 18:54:18 - [TEST_STEP][PASSED] - println(symbol): null

2019-08-23 18:54:18 - [TEST_STEP][PASSED] - if (i == 2 &amp;&amp; wildList.indexOf(symbol) != -1): null

2019-08-23 18:54:18 - [TEST_STEP][PASSED] - if (i == 3 &amp;&amp; wildList.indexOf(symbol) != -1): null

2019-08-23 18:54:18 - [TEST_STEP][PASSED] - if (i == 4 &amp;&amp; wildList.indexOf(symbol) != -1): null

2019-08-23 18:54:18 - [TEST_STEP][PASSED] - symbol = symbol: null

2019-08-23 18:54:18 - [TEST_STEP][PASSED] - println(symbol): null

2019-08-23 18:54:18 - [TEST_STEP][PASSED] - if (i == 2 &amp;&amp; wildList.indexOf(symbol) != -1): null

2019-08-23 18:54:18 - [TEST_STEP][PASSED] - if (i == 3 &amp;&amp; wildList.indexOf(symbol) != -1): null

2019-08-23 18:54:18 - [TEST_STEP][PASSED] - if (i == 4 &amp;&amp; wildList.indexOf(symbol) != -1): null

2019-08-23 18:54:18 - [TEST_STEP][PASSED] - symbol = symbol: null

2019-08-23 18:54:18 - [TEST_STEP][PASSED] - println(symbol): null

2019-08-23 18:54:18 - [TEST_STEP][PASSED] - if (i == 2 &amp;&amp; wildList.indexOf(symbol) != -1): null

2019-08-23 18:54:18 - [TEST_STEP][PASSED] - if (i == 3 &amp;&amp; wildList.indexOf(symbol) != -1): null

2019-08-23 18:54:18 - [TEST_STEP][PASSED] - if (i == 4 &amp;&amp; wildList.indexOf(symbol) != -1): null

2019-08-23 18:54:18 - [TEST_STEP][PASSED] - symbols = symbols: null

2019-08-23 18:54:18 - [TEST_STEP][PASSED] - for ([j = 0, j &lt; symbols.size(), (j++)]): null

2019-08-23 18:54:18 - [TEST_STEP][PASSED] - symbol = symbol: null

2019-08-23 18:54:18 - [TEST_STEP][PASSED] - println(symbol): null

2019-08-23 18:54:18 - [TEST_STEP][PASSED] - if (i == 2 &amp;&amp; wildList.indexOf(symbol) != -1): null

2019-08-23 18:54:18 - [TEST_STEP][PASSED] - if (i == 3 &amp;&amp; wildList.indexOf(symbol) != -1): null

2019-08-23 18:54:18 - [TEST_STEP][PASSED] - if (i == 4 &amp;&amp; wildList.indexOf(symbol) != -1): null

2019-08-23 18:54:18 - [TEST_STEP][PASSED] - symbol = symbol: null

2019-08-23 18:54:18 - [TEST_STEP][PASSED] - println(symbol): null

2019-08-23 18:54:18 - [TEST_STEP][PASSED] - if (i == 2 &amp;&amp; wildList.indexOf(symbol) != -1): null

2019-08-23 18:54:18 - [TEST_STEP][PASSED] - if (i == 3 &amp;&amp; wildList.indexOf(symbol) != -1): null

2019-08-23 18:54:18 - [TEST_STEP][PASSED] - if (i == 4 &amp;&amp; wildList.indexOf(symbol) != -1): null

2019-08-23 18:54:18 - [TEST_STEP][PASSED] - symbol = symbol: null

2019-08-23 18:54:18 - [TEST_STEP][PASSED] - println(symbol): null

2019-08-23 18:54:18 - [TEST_STEP][PASSED] - if (i == 2 &amp;&amp; wildList.indexOf(symbol) != -1): null

2019-08-23 18:54:18 - [TEST_STEP][PASSED] - if (i == 3 &amp;&amp; wildList.indexOf(symbol) != -1): null

2019-08-23 18:54:18 - [TEST_STEP][PASSED] - if (i == 4 &amp;&amp; wildList.indexOf(symbol) != -1): null

2019-08-23 18:54:18 - [TEST_STEP][PASSED] - symbols = symbols: null

2019-08-23 18:54:18 - [TEST_STEP][PASSED] - for ([j = 0, j &lt; symbols.size(), (j++)]): null

2019-08-23 18:54:18 - [TEST_STEP][PASSED] - symbol = symbol: null

2019-08-23 18:54:18 - [TEST_STEP][PASSED] - println(symbol): null

2019-08-23 18:54:18 - [TEST_STEP][PASSED] - if (i == 2 &amp;&amp; wildList.indexOf(symbol) != -1): null

2019-08-23 18:54:18 - [TEST_STEP][PASSED] - println("wild found on reel 3, adding counter by 1"): null

2019-08-23 18:54:18 - [TEST_STEP][PASSED] - free_spin_reel_counter[0] = free_spin_reel_counter[0] + 1: null

2019-08-23 18:54:18 - [TEST_STEP][PASSED] - if (i == 3 &amp;&amp; wildList.indexOf(symbol) != -1): null

2019-08-23 18:54:18 - [TEST_STEP][PASSED] - if (i == 4 &amp;&amp; wildList.indexOf(symbol) != -1): null

2019-08-23 18:54:18 - [TEST_STEP][PASSED] - symbol = symbol: null

2019-08-23 18:54:18 - [TEST_STEP][PASSED] - println(symbol): null

2019-08-23 18:54:18 - [TEST_STEP][PASSED] - if (i == 2 &amp;&amp; wildList.indexOf(symbol) != -1): null

2019-08-23 18:54:18 - [TEST_STEP][PASSED] - if (i == 3 &amp;&amp; wildList.indexOf(symbol) != -1): null

2019-08-23 18:54:18 - [TEST_STEP][PASSED] - if (i == 4 &amp;&amp; wildList.indexOf(symbol) != -1): null

2019-08-23 18:54:18 - [TEST_STEP][PASSED] - symbol = symbol: null

2019-08-23 18:54:18 - [TEST_STEP][PASSED] - println(symbol): null

2019-08-23 18:54:18 - [TEST_STEP][PASSED] - if (i == 2 &amp;&amp; wildList.indexOf(symbol) != -1): null

2019-08-23 18:54:18 - [TEST_STEP][PASSED] - if (i == 3 &amp;&amp; wildList.indexOf(symbol) != -1): null

2019-08-23 18:54:18 - [TEST_STEP][PASSED] - if (i == 4 &amp;&amp; wildList.indexOf(symbol) != -1): null

2019-08-23 18:54:18 - [TEST_STEP][PASSED] - symbols = symbols: null

2019-08-23 18:54:18 - [TEST_STEP][PASSED] - for ([j = 0, j &lt; symbols.size(), (j++)]): null

2019-08-23 18:54:18 - [TEST_STEP][PASSED] - symbol = symbol: null

2019-08-23 18:54:18 - [TEST_STEP][PASSED] - println(symbol): null

2019-08-23 18:54:18 - [TEST_STEP][PASSED] - if (i == 2 &amp;&amp; wildList.indexOf(symbol) != -1): null

2019-08-23 18:54:18 - [TEST_STEP][PASSED] - if (i == 3 &amp;&amp; wildList.indexOf(symbol) != -1): null

2019-08-23 18:54:18 - [TEST_STEP][PASSED] - if (i == 4 &amp;&amp; wildList.indexOf(symbol) != -1): null

2019-08-23 18:54:18 - [TEST_STEP][PASSED] - symbol = symbol: null

2019-08-23 18:54:18 - [TEST_STEP][PASSED] - println(symbol): null

2019-08-23 18:54:18 - [TEST_STEP][PASSED] - if (i == 2 &amp;&amp; wildList.indexOf(symbol) != -1): null

2019-08-23 18:54:18 - [TEST_STEP][PASSED] - if (i == 3 &amp;&amp; wildList.indexOf(symbol) != -1): null

2019-08-23 18:54:18 - [TEST_STEP][PASSED] - if (i == 4 &amp;&amp; wildList.indexOf(symbol) != -1): null

2019-08-23 18:54:18 - [TEST_STEP][PASSED] - symbol = symbol: null

2019-08-23 18:54:18 - [TEST_STEP][PASSED] - println(symbol): null

2019-08-23 18:54:18 - [TEST_STEP][PASSED] - if (i == 2 &amp;&amp; wildList.indexOf(symbol) != -1): null

2019-08-23 18:54:18 - [TEST_STEP][PASSED] - if (i == 3 &amp;&amp; wildList.indexOf(symbol) != -1): null

2019-08-23 18:54:18 - [TEST_STEP][PASSED] - if (i == 4 &amp;&amp; wildList.indexOf(symbol) != -1): null

2019-08-23 18:54:18 - [TEST_STEP][PASSED] - symbols = symbols: null

2019-08-23 18:54:18 - [TEST_STEP][PASSED] - for ([j = 0, j &lt; symbols.size(), (j++)]): null

2019-08-23 18:54:18 - [TEST_STEP][PASSED] - symbol = symbol: null

2019-08-23 18:54:18 - [TEST_STEP][PASSED] - println(symbol): null

2019-08-23 18:54:18 - [TEST_STEP][PASSED] - if (i == 2 &amp;&amp; wildList.indexOf(symbol) != -1): null

2019-08-23 18:54:18 - [TEST_STEP][PASSED] - if (i == 3 &amp;&amp; wildList.indexOf(symbol) != -1): null

2019-08-23 18:54:18 - [TEST_STEP][PASSED] - if (i == 4 &amp;&amp; wildList.indexOf(symbol) != -1): null

2019-08-23 18:54:18 - [TEST_STEP][PASSED] - symbol = symbol: null

2019-08-23 18:54:18 - [TEST_STEP][PASSED] - println(symbol): null

2019-08-23 18:54:18 - [TEST_STEP][PASSED] - if (i == 2 &amp;&amp; wildList.indexOf(symbol) != -1): null

2019-08-23 18:54:18 - [TEST_STEP][PASSED] - if (i == 3 &amp;&amp; wildList.indexOf(symbol) != -1): null

2019-08-23 18:54:18 - [TEST_STEP][PASSED] - if (i == 4 &amp;&amp; wildList.indexOf(symbol) != -1): null

2019-08-23 18:54:18 - [TEST_STEP][PASSED] - symbol = symbol: null

2019-08-23 18:54:18 - [TEST_STEP][PASSED] - println(symbol): null

2019-08-23 18:54:18 - [TEST_STEP][PASSED] - if (i == 2 &amp;&amp; wildList.indexOf(symbol) != -1): null

2019-08-23 18:54:18 - [TEST_STEP][PASSED] - if (i == 3 &amp;&amp; wildList.indexOf(symbol) != -1): null

2019-08-23 18:54:18 - [TEST_STEP][PASSED] - if (i == 4 &amp;&amp; wildList.indexOf(symbol) != -1): null

2019-08-23 18:54:18 - [TEST_STEP][PASSED] - free_spin_reel_counter = free_spin_reel_counter: null

2019-08-23 18:54:18 - [TEST_STEP][PASSED] - println("reel 3 wild found: " + free_spin_reel_counter[0]): null

2019-08-23 18:54:18 - [TEST_STEP][PASSED] - println("reel 4 wild found: " + free_spin_reel_counter[1]): null

2019-08-23 18:54:18 - [TEST_STEP][PASSED] - println("reel 5 wild found: " + free_spin_reel_counter[2]): null

2019-08-23 18:54:18 - [TEST_STEP][PASSED] - M4_spin_reels = M4_spin_reels: null

2019-08-23 18:54:18 - [TEST_STEP][PASSED] - M4_spin_reels_symbols = symbol: null

2019-08-23 18:54:18 - [TEST_STEP][PASSED] - M4_spin_reels_symbols = M4_spin_reels_symbols: null

2019-08-23 18:54:18 - [TEST_STEP][PASSED] - M4_spin_reel_wins = reel_wins: null

2019-08-23 18:54:18 - [TEST_STEP][PASSED] - M4_spin_reel_wins = M4_spin_reel_wins: null

2019-08-23 18:54:18 - [TEST_STEP][PASSED] - println("GlobalVariable.M4_spin_reel_wins is: " + M4_spin_reel_wins): null

2019-08-23 18:54:18 - [TEST_STEP][PASSED] - M4_spin_total_bonus_win_this_round = total_bonus_win_this_round: null

2019-08-23 18:54:18 - [TEST_STEP][PASSED] - M4_spin_total_bonus_win_this_round = M4_spin_total_bonus_win_this_round: null

2019-08-23 18:54:18 - [TEST_STEP][PASSED] - println("GlobalVariable.M4_spin_total_bonus_win_this_round is: " + M4_spin_total_bonus_win_this_round): null

2019-08-23 18:54:18 - [TEST_STEP][PASSED] - M4_spin_bonus_spin_result = spin_result: null

2019-08-23 18:54:18 - [TEST_STEP][PASSED] - M4_spin_bonus_spin_result = M4_spin_bonus_spin_result: null

2019-08-23 18:54:18 - [MESSAGE][PASSED] - Verify response successfully

2019-08-23 18:54:18 - [MESSAGE][PASSED] - Send request and verify the response successfully

2019-08-23 18:54:18 - [TEST_STEP][PASSED] - if (free_spin_reel_counter[0] &gt;= 1 &amp;&amp; free_spin_reel_counter[1] &gt;= 1 &amp;&amp; free_spin_reel_counter[2] &gt;= 1): null

2019-08-23 18:54:18 - [TEST_STEP][PASSED] - spin_result = sendRequestAndVerify(findTestObject("INT/RGS(M4)/1_M4_spin", ["M4_login_user_id":M4_login_user_id, "rgs_session_token":rgs_session_token, "partner":Partner])): Send request and verify the response successfully

2019-08-23 18:54:18 - [MESSAGE][INFO] - HAR: /Users/eiralee/Katalon_Script/SuperWild/Reports/20190823_184757/INT/superWild_1/20190823_184757/requests/main/131.har

2019-08-23 18:54:18 - [TEST_CASE][PASSED] - Start Test Case : Verification: Verification accomplished successfully

2019-08-23 18:54:18 - [TEST_STEP][PASSED] - request = getInstance().getCurrentRequest(): null

2019-08-23 18:54:18 - [TEST_STEP][PASSED] - response = getInstance().getCurrentResponse(): null

2019-08-23 18:54:18 - [TEST_STEP][PASSED] - verifyResponseStatusCode(response, 200): Verify response status code successfully

2019-08-23 18:54:18 - [MESSAGE][PASSED] - Verify response status code successfully

2019-08-23 18:54:18 - [TEST_STEP][PASSED] - getStatusCode()).isEqualTo(200): null

2019-08-23 18:54:18 - [TEST_STEP][PASSED] - newline = System.getProperty("line.separator"): null

2019-08-23 18:54:18 - [TEST_STEP][PASSED] - M4_spin = new groovy.json.JsonSlurper(): null

2019-08-23 18:54:18 - [TEST_STEP][PASSED] - result_M4_spin = M4_spin.parseText(response.getResponseBodyContent()): null

2019-08-23 18:54:18 - [TEST_STEP][PASSED] - M4_spin_current_balance = current_balance: null

2019-08-23 18:54:18 - [TEST_STEP][PASSED] - M4_spin_current_balance = M4_spin_current_balance: null

2019-08-23 18:54:18 - [TEST_STEP][PASSED] - M4_spin_transaction_id = causality: null

2019-08-23 18:54:18 - [TEST_STEP][PASSED] - M4_spin_transaction_id = M4_spin_transaction_id: null

2019-08-23 18:54:18 - [TEST_STEP][PASSED] - M4_spin_round_id = round_id: null

2019-08-23 18:54:18 - [TEST_STEP][PASSED] - M4_spin_round_id = M4_spin_round_id: null

2019-08-23 18:54:18 - [TEST_STEP][PASSED] - M4_spin_line_wins = line_wins: null

2019-08-23 18:54:18 - [TEST_STEP][PASSED] - M4_spin_line_wins = M4_spin_line_wins: null

2019-08-23 18:54:18 - [TEST_STEP][PASSED] - M4_total_bonus_spins_int = total_bonus_spins: null

2019-08-23 18:54:18 - [TEST_STEP][PASSED] - println("******M4_total_bonus_spins type is:*******" + newline + getClass().getName()): null

2019-08-23 18:54:18 - [TEST_STEP][PASSED] - M4_total_bonus_spins_int = M4_total_bonus_spins_int: null

2019-08-23 18:54:18 - [TEST_STEP][PASSED] - M4_total_bonus_spins = Integer.toString(M4_total_bonus_spins_int): null

2019-08-23 18:54:18 - [TEST_STEP][PASSED] - M4_total_bonus_spins = M4_total_bonus_spins: null

2019-08-23 18:54:18 - [TEST_STEP][PASSED] - println("M4_total_bonus_spins is:" + M4_total_bonus_spins): null

2019-08-23 18:54:18 - [TEST_STEP][PASSED] - M4_spin_bonus_data = bonus_data: null

2019-08-23 18:54:18 - [TEST_STEP][PASSED] - M4_spin_features_triggered = result_M4_spin: null

2019-08-23 18:54:18 - [TEST_STEP][PASSED] - wild = []: null

2019-08-23 18:54:18 - [TEST_STEP][PASSED] - wild[0] = "WILD_Expanding": null

2019-08-23 18:54:18 - [TEST_STEP][PASSED] - wild[1] = "WILD_Normal": null

2019-08-23 18:54:18 - [TEST_STEP][PASSED] - wild[2] = "WILD_Double": null

2019-08-23 18:54:18 - [TEST_STEP][PASSED] - wild[3] = "WILD_ExtraFG": null

2019-08-23 18:54:18 - [TEST_STEP][PASSED] - wild[4] = "WILD_Triple": null

2019-08-23 18:54:18 - [TEST_STEP][PASSED] - wildList = Arrays.asList(wild): null

2019-08-23 18:54:18 - [TEST_STEP][PASSED] - wildList = wildList: null

2019-08-23 18:54:18 - [TEST_STEP][PASSED] - free_spin_reel_counter = []: null

2019-08-23 18:54:18 - [TEST_STEP][PASSED] - free_spin_reel_counter[0] = 0: null

2019-08-23 18:54:18 - [TEST_STEP][PASSED] - free_spin_reel_counter[1] = 0: null

2019-08-23 18:54:18 - [TEST_STEP][PASSED] - free_spin_reel_counter[2] = 0: null

2019-08-23 18:54:18 - [TEST_STEP][PASSED] - M4_spin_reels = reels: null

2019-08-23 18:54:18 - [TEST_STEP][PASSED] - for ([i = 0, i &lt; M4_spin_reels.size(), (i++)]): null

2019-08-23 18:54:18 - [TEST_STEP][PASSED] - symbols = symbols: null

2019-08-23 18:54:18 - [TEST_STEP][PASSED] - for ([j = 0, j &lt; symbols.size(), (j++)]): null

2019-08-23 18:54:18 - [TEST_STEP][PASSED] - symbol = symbol: null

2019-08-23 18:54:18 - [TEST_STEP][PASSED] - println(symbol): null

2019-08-23 18:54:18 - [TEST_STEP][PASSED] - if (i == 2 &amp;&amp; wildList.indexOf(symbol) != -1): null

2019-08-23 18:54:18 - [TEST_STEP][PASSED] - if (i == 3 &amp;&amp; wildList.indexOf(symbol) != -1): null

2019-08-23 18:54:18 - [TEST_STEP][PASSED] - if (i == 4 &amp;&amp; wildList.indexOf(symbol) != -1): null

2019-08-23 18:54:18 - [TEST_STEP][PASSED] - symbol = symbol: null

2019-08-23 18:54:18 - [TEST_STEP][PASSED] - println(symbol): null

2019-08-23 18:54:18 - [TEST_STEP][PASSED] - if (i == 2 &amp;&amp; wildList.indexOf(symbol) != -1): null

2019-08-23 18:54:18 - [TEST_STEP][PASSED] - if (i == 3 &amp;&amp; wildList.indexOf(symbol) != -1): null

2019-08-23 18:54:18 - [TEST_STEP][PASSED] - if (i == 4 &amp;&amp; wildList.indexOf(symbol) != -1): null

2019-08-23 18:54:18 - [TEST_STEP][PASSED] - symbol = symbol: null

2019-08-23 18:54:18 - [TEST_STEP][PASSED] - println(symbol): null

2019-08-23 18:54:18 - [TEST_STEP][PASSED] - if (i == 2 &amp;&amp; wildList.indexOf(symbol) != -1): null

2019-08-23 18:54:18 - [TEST_STEP][PASSED] - if (i == 3 &amp;&amp; wildList.indexOf(symbol) != -1): null

2019-08-23 18:54:18 - [TEST_STEP][PASSED] - if (i == 4 &amp;&amp; wildList.indexOf(symbol) != -1): null

2019-08-23 18:54:18 - [TEST_STEP][PASSED] - symbols = symbols: null

2019-08-23 18:54:18 - [TEST_STEP][PASSED] - for ([j = 0, j &lt; symbols.size(), (j++)]): null

2019-08-23 18:54:18 - [TEST_STEP][PASSED] - symbol = symbol: null

2019-08-23 18:54:18 - [TEST_STEP][PASSED] - println(symbol): null

2019-08-23 18:54:18 - [TEST_STEP][PASSED] - if (i == 2 &amp;&amp; wildList.indexOf(symbol) != -1): null

2019-08-23 18:54:18 - [TEST_STEP][PASSED] - if (i == 3 &amp;&amp; wildList.indexOf(symbol) != -1): null

2019-08-23 18:54:18 - [TEST_STEP][PASSED] - if (i == 4 &amp;&amp; wildList.indexOf(symbol) != -1): null

2019-08-23 18:54:18 - [TEST_STEP][PASSED] - symbol = symbol: null

2019-08-23 18:54:18 - [TEST_STEP][PASSED] - println(symbol): null

2019-08-23 18:54:18 - [TEST_STEP][PASSED] - if (i == 2 &amp;&amp; wildList.indexOf(symbol) != -1): null

2019-08-23 18:54:18 - [TEST_STEP][PASSED] - if (i == 3 &amp;&amp; wildList.indexOf(symbol) != -1): null

2019-08-23 18:54:18 - [TEST_STEP][PASSED] - if (i == 4 &amp;&amp; wildList.indexOf(symbol) != -1): null

2019-08-23 18:54:18 - [TEST_STEP][PASSED] - symbol = symbol: null

2019-08-23 18:54:18 - [TEST_STEP][PASSED] - println(symbol): null

2019-08-23 18:54:18 - [TEST_STEP][PASSED] - if (i == 2 &amp;&amp; wildList.indexOf(symbol) != -1): null

2019-08-23 18:54:18 - [TEST_STEP][PASSED] - if (i == 3 &amp;&amp; wildList.indexOf(symbol) != -1): null

2019-08-23 18:54:18 - [TEST_STEP][PASSED] - if (i == 4 &amp;&amp; wildList.indexOf(symbol) != -1): null

2019-08-23 18:54:18 - [TEST_STEP][PASSED] - symbols = symbols: null

2019-08-23 18:54:18 - [TEST_STEP][PASSED] - for ([j = 0, j &lt; symbols.size(), (j++)]): null

2019-08-23 18:54:18 - [TEST_STEP][PASSED] - symbol = symbol: null

2019-08-23 18:54:18 - [TEST_STEP][PASSED] - println(symbol): null

2019-08-23 18:54:18 - [TEST_STEP][PASSED] - if (i == 2 &amp;&amp; wildList.indexOf(symbol) != -1): null

2019-08-23 18:54:18 - [TEST_STEP][PASSED] - if (i == 3 &amp;&amp; wildList.indexOf(symbol) != -1): null

2019-08-23 18:54:18 - [TEST_STEP][PASSED] - if (i == 4 &amp;&amp; wildList.indexOf(symbol) != -1): null

2019-08-23 18:54:18 - [TEST_STEP][PASSED] - symbol = symbol: null

2019-08-23 18:54:18 - [TEST_STEP][PASSED] - println(symbol): null

2019-08-23 18:54:18 - [TEST_STEP][PASSED] - if (i == 2 &amp;&amp; wildList.indexOf(symbol) != -1): null

2019-08-23 18:54:18 - [TEST_STEP][PASSED] - if (i == 3 &amp;&amp; wildList.indexOf(symbol) != -1): null

2019-08-23 18:54:18 - [TEST_STEP][PASSED] - if (i == 4 &amp;&amp; wildList.indexOf(symbol) != -1): null

2019-08-23 18:54:18 - [TEST_STEP][PASSED] - symbol = symbol: null

2019-08-23 18:54:18 - [TEST_STEP][PASSED] - println(symbol): null

2019-08-23 18:54:18 - [TEST_STEP][PASSED] - if (i == 2 &amp;&amp; wildList.indexOf(symbol) != -1): null

2019-08-23 18:54:18 - [TEST_STEP][PASSED] - if (i == 3 &amp;&amp; wildList.indexOf(symbol) != -1): null

2019-08-23 18:54:18 - [TEST_STEP][PASSED] - if (i == 4 &amp;&amp; wildList.indexOf(symbol) != -1): null

2019-08-23 18:54:18 - [TEST_STEP][PASSED] - symbols = symbols: null

2019-08-23 18:54:18 - [TEST_STEP][PASSED] - for ([j = 0, j &lt; symbols.size(), (j++)]): null

2019-08-23 18:54:18 - [TEST_STEP][PASSED] - symbol = symbol: null

2019-08-23 18:54:18 - [TEST_STEP][PASSED] - println(symbol): null

2019-08-23 18:54:18 - [TEST_STEP][PASSED] - if (i == 2 &amp;&amp; wildList.indexOf(symbol) != -1): null

2019-08-23 18:54:18 - [TEST_STEP][PASSED] - if (i == 3 &amp;&amp; wildList.indexOf(symbol) != -1): null

2019-08-23 18:54:18 - [TEST_STEP][PASSED] - println("wild found on reel 4, adding counter by 1"): null

2019-08-23 18:54:18 - [TEST_STEP][PASSED] - free_spin_reel_counter[1] = free_spin_reel_counter[1] + 1: null

2019-08-23 18:54:18 - [TEST_STEP][PASSED] - if (i == 4 &amp;&amp; wildList.indexOf(symbol) != -1): null

2019-08-23 18:54:18 - [TEST_STEP][PASSED] - symbol = symbol: null

2019-08-23 18:54:18 - [TEST_STEP][PASSED] - println(symbol): null

2019-08-23 18:54:18 - [TEST_STEP][PASSED] - if (i == 2 &amp;&amp; wildList.indexOf(symbol) != -1): null

2019-08-23 18:54:18 - [TEST_STEP][PASSED] - if (i == 3 &amp;&amp; wildList.indexOf(symbol) != -1): null

2019-08-23 18:54:18 - [TEST_STEP][PASSED] - if (i == 4 &amp;&amp; wildList.indexOf(symbol) != -1): null

2019-08-23 18:54:18 - [TEST_STEP][PASSED] - symbol = symbol: null

2019-08-23 18:54:18 - [TEST_STEP][PASSED] - println(symbol): null

2019-08-23 18:54:18 - [TEST_STEP][PASSED] - if (i == 2 &amp;&amp; wildList.indexOf(symbol) != -1): null

2019-08-23 18:54:18 - [TEST_STEP][PASSED] - if (i == 3 &amp;&amp; wildList.indexOf(symbol) != -1): null

2019-08-23 18:54:18 - [TEST_STEP][PASSED] - if (i == 4 &amp;&amp; wildList.indexOf(symbol) != -1): null

2019-08-23 18:54:18 - [TEST_STEP][PASSED] - symbols = symbols: null

2019-08-23 18:54:18 - [TEST_STEP][PASSED] - for ([j = 0, j &lt; symbols.size(), (j++)]): null

2019-08-23 18:54:18 - [TEST_STEP][PASSED] - symbol = symbol: null

2019-08-23 18:54:18 - [TEST_STEP][PASSED] - println(symbol): null

2019-08-23 18:54:18 - [TEST_STEP][PASSED] - if (i == 2 &amp;&amp; wildList.indexOf(symbol) != -1): null

2019-08-23 18:54:18 - [TEST_STEP][PASSED] - if (i == 3 &amp;&amp; wildList.indexOf(symbol) != -1): null

2019-08-23 18:54:18 - [TEST_STEP][PASSED] - if (i == 4 &amp;&amp; wildList.indexOf(symbol) != -1): null

2019-08-23 18:54:18 - [TEST_STEP][PASSED] - symbol = symbol: null

2019-08-23 18:54:18 - [TEST_STEP][PASSED] - println(symbol): null

2019-08-23 18:54:18 - [TEST_STEP][PASSED] - if (i == 2 &amp;&amp; wildList.indexOf(symbol) != -1): null

2019-08-23 18:54:18 - [TEST_STEP][PASSED] - if (i == 3 &amp;&amp; wildList.indexOf(symbol) != -1): null

2019-08-23 18:54:18 - [TEST_STEP][PASSED] - if (i == 4 &amp;&amp; wildList.indexOf(symbol) != -1): null

2019-08-23 18:54:18 - [TEST_STEP][PASSED] - symbol = symbol: null

2019-08-23 18:54:18 - [TEST_STEP][PASSED] - println(symbol): null

2019-08-23 18:54:18 - [TEST_STEP][PASSED] - if (i == 2 &amp;&amp; wildList.indexOf(symbol) != -1): null

2019-08-23 18:54:18 - [TEST_STEP][PASSED] - if (i == 3 &amp;&amp; wildList.indexOf(symbol) != -1): null

2019-08-23 18:54:18 - [TEST_STEP][PASSED] - if (i == 4 &amp;&amp; wildList.indexOf(symbol) != -1): null

2019-08-23 18:54:18 - [TEST_STEP][PASSED] - free_spin_reel_counter = free_spin_reel_counter: null

2019-08-23 18:54:18 - [TEST_STEP][PASSED] - println("reel 3 wild found: " + free_spin_reel_counter[0]): null

2019-08-23 18:54:18 - [TEST_STEP][PASSED] - println("reel 4 wild found: " + free_spin_reel_counter[1]): null

2019-08-23 18:54:18 - [TEST_STEP][PASSED] - println("reel 5 wild found: " + free_spin_reel_counter[2]): null

2019-08-23 18:54:18 - [TEST_STEP][PASSED] - M4_spin_reels = M4_spin_reels: null

2019-08-23 18:54:18 - [TEST_STEP][PASSED] - M4_spin_reels_symbols = symbol: null

2019-08-23 18:54:18 - [TEST_STEP][PASSED] - M4_spin_reels_symbols = M4_spin_reels_symbols: null

2019-08-23 18:54:18 - [TEST_STEP][PASSED] - M4_spin_reel_wins = reel_wins: null

2019-08-23 18:54:18 - [TEST_STEP][PASSED] - M4_spin_reel_wins = M4_spin_reel_wins: null

2019-08-23 18:54:18 - [TEST_STEP][PASSED] - println("GlobalVariable.M4_spin_reel_wins is: " + M4_spin_reel_wins): null

2019-08-23 18:54:18 - [TEST_STEP][PASSED] - M4_spin_total_bonus_win_this_round = total_bonus_win_this_round: null

2019-08-23 18:54:18 - [TEST_STEP][PASSED] - M4_spin_total_bonus_win_this_round = M4_spin_total_bonus_win_this_round: null

2019-08-23 18:54:18 - [TEST_STEP][PASSED] - println("GlobalVariable.M4_spin_total_bonus_win_this_round is: " + M4_spin_total_bonus_win_this_round): null

2019-08-23 18:54:18 - [TEST_STEP][PASSED] - M4_spin_bonus_spin_result = spin_result: null

2019-08-23 18:54:18 - [TEST_STEP][PASSED] - M4_spin_bonus_spin_result = M4_spin_bonus_spin_result: null

2019-08-23 18:54:18 - [MESSAGE][PASSED] - Verify response successfully

2019-08-23 18:54:18 - [MESSAGE][PASSED] - Send request and verify the response successfully

2019-08-23 18:54:18 - [TEST_STEP][PASSED] - if (free_spin_reel_counter[0] &gt;= 1 &amp;&amp; free_spin_reel_counter[1] &gt;= 1 &amp;&amp; free_spin_reel_counter[2] &gt;= 1): null

2019-08-23 18:54:18 - [TEST_STEP][PASSED] - spin_result = sendRequestAndVerify(findTestObject("INT/RGS(M4)/1_M4_spin", ["M4_login_user_id":M4_login_user_id, "rgs_session_token":rgs_session_token, "partner":Partner])): Send request and verify the response successfully

2019-08-23 18:54:19 - [MESSAGE][INFO] - HAR: /Users/eiralee/Katalon_Script/SuperWild/Reports/20190823_184757/INT/superWild_1/20190823_184757/requests/main/132.har

2019-08-23 18:54:19 - [TEST_CASE][PASSED] - Start Test Case : Verification: Verification accomplished successfully

2019-08-23 18:54:19 - [TEST_STEP][PASSED] - request = getInstance().getCurrentRequest(): null

2019-08-23 18:54:19 - [TEST_STEP][PASSED] - response = getInstance().getCurrentResponse(): null

2019-08-23 18:54:19 - [TEST_STEP][PASSED] - verifyResponseStatusCode(response, 200): Verify response status code successfully

2019-08-23 18:54:19 - [MESSAGE][PASSED] - Verify response status code successfully

2019-08-23 18:54:19 - [TEST_STEP][PASSED] - getStatusCode()).isEqualTo(200): null

2019-08-23 18:54:19 - [TEST_STEP][PASSED] - newline = System.getProperty("line.separator"): null

2019-08-23 18:54:19 - [TEST_STEP][PASSED] - M4_spin = new groovy.json.JsonSlurper(): null

2019-08-23 18:54:19 - [TEST_STEP][PASSED] - result_M4_spin = M4_spin.parseText(response.getResponseBodyContent()): null

2019-08-23 18:54:19 - [TEST_STEP][PASSED] - M4_spin_current_balance = current_balance: null

2019-08-23 18:54:19 - [TEST_STEP][PASSED] - M4_spin_current_balance = M4_spin_current_balance: null

2019-08-23 18:54:19 - [TEST_STEP][PASSED] - M4_spin_transaction_id = causality: null

2019-08-23 18:54:19 - [TEST_STEP][PASSED] - M4_spin_transaction_id = M4_spin_transaction_id: null

2019-08-23 18:54:19 - [TEST_STEP][PASSED] - M4_spin_round_id = round_id: null

2019-08-23 18:54:19 - [TEST_STEP][PASSED] - M4_spin_round_id = M4_spin_round_id: null

2019-08-23 18:54:19 - [TEST_STEP][PASSED] - M4_spin_line_wins = line_wins: null

2019-08-23 18:54:19 - [TEST_STEP][PASSED] - M4_spin_line_wins = M4_spin_line_wins: null

2019-08-23 18:54:19 - [TEST_STEP][PASSED] - M4_total_bonus_spins_int = total_bonus_spins: null

2019-08-23 18:54:19 - [TEST_STEP][PASSED] - println("******M4_total_bonus_spins type is:*******" + newline + getClass().getName()): null

2019-08-23 18:54:19 - [TEST_STEP][PASSED] - M4_total_bonus_spins_int = M4_total_bonus_spins_int: null

2019-08-23 18:54:19 - [TEST_STEP][PASSED] - M4_total_bonus_spins = Integer.toString(M4_total_bonus_spins_int): null

2019-08-23 18:54:19 - [TEST_STEP][PASSED] - M4_total_bonus_spins = M4_total_bonus_spins: null

2019-08-23 18:54:19 - [TEST_STEP][PASSED] - println("M4_total_bonus_spins is:" + M4_total_bonus_spins): null

2019-08-23 18:54:19 - [TEST_STEP][PASSED] - M4_spin_bonus_data = bonus_data: null

2019-08-23 18:54:19 - [TEST_STEP][PASSED] - M4_spin_features_triggered = result_M4_spin: null

2019-08-23 18:54:19 - [TEST_STEP][PASSED] - wild = []: null

2019-08-23 18:54:19 - [TEST_STEP][PASSED] - wild[0] = "WILD_Expanding": null

2019-08-23 18:54:19 - [TEST_STEP][PASSED] - wild[1] = "WILD_Normal": null

2019-08-23 18:54:19 - [TEST_STEP][PASSED] - wild[2] = "WILD_Double": null

2019-08-23 18:54:19 - [TEST_STEP][PASSED] - wild[3] = "WILD_ExtraFG": null

2019-08-23 18:54:19 - [TEST_STEP][PASSED] - wild[4] = "WILD_Triple": null

2019-08-23 18:54:19 - [TEST_STEP][PASSED] - wildList = Arrays.asList(wild): null

2019-08-23 18:54:19 - [TEST_STEP][PASSED] - wildList = wildList: null

2019-08-23 18:54:19 - [TEST_STEP][PASSED] - free_spin_reel_counter = []: null

2019-08-23 18:54:19 - [TEST_STEP][PASSED] - free_spin_reel_counter[0] = 0: null

2019-08-23 18:54:19 - [TEST_STEP][PASSED] - free_spin_reel_counter[1] = 0: null

2019-08-23 18:54:19 - [TEST_STEP][PASSED] - free_spin_reel_counter[2] = 0: null

2019-08-23 18:54:19 - [TEST_STEP][PASSED] - M4_spin_reels = reels: null

2019-08-23 18:54:19 - [TEST_STEP][PASSED] - for ([i = 0, i &lt; M4_spin_reels.size(), (i++)]): null

2019-08-23 18:54:19 - [TEST_STEP][PASSED] - symbols = symbols: null

2019-08-23 18:54:19 - [TEST_STEP][PASSED] - for ([j = 0, j &lt; symbols.size(), (j++)]): null

2019-08-23 18:54:19 - [TEST_STEP][PASSED] - symbol = symbol: null

2019-08-23 18:54:19 - [TEST_STEP][PASSED] - println(symbol): null

2019-08-23 18:54:19 - [TEST_STEP][PASSED] - if (i == 2 &amp;&amp; wildList.indexOf(symbol) != -1): null

2019-08-23 18:54:19 - [TEST_STEP][PASSED] - if (i == 3 &amp;&amp; wildList.indexOf(symbol) != -1): null

2019-08-23 18:54:19 - [TEST_STEP][PASSED] - if (i == 4 &amp;&amp; wildList.indexOf(symbol) != -1): null

2019-08-23 18:54:19 - [TEST_STEP][PASSED] - symbol = symbol: null

2019-08-23 18:54:19 - [TEST_STEP][PASSED] - println(symbol): null

2019-08-23 18:54:19 - [TEST_STEP][PASSED] - if (i == 2 &amp;&amp; wildList.indexOf(symbol) != -1): null

2019-08-23 18:54:21 - [TEST_STEP][PASSED] - if (i == 3 &amp;&amp; wildList.indexOf(symbol) != -1): null

2019-08-23 18:54:21 - [TEST_STEP][PASSED] - if (i == 4 &amp;&amp; wildList.indexOf(symbol) != -1): null

2019-08-23 18:54:21 - [TEST_STEP][PASSED] - symbol = symbol: null

2019-08-23 18:54:21 - [TEST_STEP][PASSED] - println(symbol): null

2019-08-23 18:54:21 - [TEST_STEP][PASSED] - if (i == 2 &amp;&amp; wildList.indexOf(symbol) != -1): null

2019-08-23 18:54:21 - [TEST_STEP][PASSED] - if (i == 3 &amp;&amp; wildList.indexOf(symbol) != -1): null

2019-08-23 18:54:21 - [TEST_STEP][PASSED] - if (i == 4 &amp;&amp; wildList.indexOf(symbol) != -1): null

2019-08-23 18:54:21 - [TEST_STEP][PASSED] - symbols = symbols: null

2019-08-23 18:54:21 - [TEST_STEP][PASSED] - for ([j = 0, j &lt; symbols.size(), (j++)]): null

2019-08-23 18:54:21 - [TEST_STEP][PASSED] - symbol = symbol: null

2019-08-23 18:54:21 - [TEST_STEP][PASSED] - println(symbol): null

2019-08-23 18:54:21 - [TEST_STEP][PASSED] - if (i == 2 &amp;&amp; wildList.indexOf(symbol) != -1): null

2019-08-23 18:54:21 - [TEST_STEP][PASSED] - if (i == 3 &amp;&amp; wildList.indexOf(symbol) != -1): null

2019-08-23 18:54:21 - [TEST_STEP][PASSED] - if (i == 4 &amp;&amp; wildList.indexOf(symbol) != -1): null

2019-08-23 18:54:21 - [TEST_STEP][PASSED] - symbol = symbol: null

2019-08-23 18:54:21 - [TEST_STEP][PASSED] - println(symbol): null

2019-08-23 18:54:21 - [TEST_STEP][PASSED] - if (i == 2 &amp;&amp; wildList.indexOf(symbol) != -1): null

2019-08-23 18:54:21 - [TEST_STEP][PASSED] - if (i == 3 &amp;&amp; wildList.indexOf(symbol) != -1): null

2019-08-23 18:54:21 - [TEST_STEP][PASSED] - if (i == 4 &amp;&amp; wildList.indexOf(symbol) != -1): null

2019-08-23 18:54:21 - [TEST_STEP][PASSED] - symbol = symbol: null

2019-08-23 18:54:21 - [TEST_STEP][PASSED] - println(symbol): null

2019-08-23 18:54:21 - [TEST_STEP][PASSED] - if (i == 2 &amp;&amp; wildList.indexOf(symbol) != -1): null

2019-08-23 18:54:21 - [TEST_STEP][PASSED] - if (i == 3 &amp;&amp; wildList.indexOf(symbol) != -1): null

2019-08-23 18:54:21 - [TEST_STEP][PASSED] - if (i == 4 &amp;&amp; wildList.indexOf(symbol) != -1): null

2019-08-23 18:54:21 - [TEST_STEP][PASSED] - symbols = symbols: null

2019-08-23 18:54:21 - [TEST_STEP][PASSED] - for ([j = 0, j &lt; symbols.size(), (j++)]): null

2019-08-23 18:54:21 - [TEST_STEP][PASSED] - symbol = symbol: null

2019-08-23 18:54:21 - [TEST_STEP][PASSED] - println(symbol): null

2019-08-23 18:54:21 - [TEST_STEP][PASSED] - if (i == 2 &amp;&amp; wildList.indexOf(symbol) != -1): null

2019-08-23 18:54:21 - [TEST_STEP][PASSED] - if (i == 3 &amp;&amp; wildList.indexOf(symbol) != -1): null

2019-08-23 18:54:21 - [TEST_STEP][PASSED] - if (i == 4 &amp;&amp; wildList.indexOf(symbol) != -1): null

2019-08-23 18:54:21 - [TEST_STEP][PASSED] - symbol = symbol: null

2019-08-23 18:54:21 - [TEST_STEP][PASSED] - println(symbol): null

2019-08-23 18:54:21 - [TEST_STEP][PASSED] - if (i == 2 &amp;&amp; wildList.indexOf(symbol) != -1): null

2019-08-23 18:54:21 - [TEST_STEP][PASSED] - if (i == 3 &amp;&amp; wildList.indexOf(symbol) != -1): null

2019-08-23 18:54:21 - [TEST_STEP][PASSED] - if (i == 4 &amp;&amp; wildList.indexOf(symbol) != -1): null

2019-08-23 18:54:21 - [TEST_STEP][PASSED] - symbol = symbol: null

2019-08-23 18:54:21 - [TEST_STEP][PASSED] - println(symbol): null

2019-08-23 18:54:21 - [TEST_STEP][PASSED] - if (i == 2 &amp;&amp; wildList.indexOf(symbol) != -1): null

2019-08-23 18:54:21 - [TEST_STEP][PASSED] - println("wild found on reel 3, adding counter by 1"): null

2019-08-23 18:54:21 - [TEST_STEP][PASSED] - free_spin_reel_counter[0] = free_spin_reel_counter[0] + 1: null

2019-08-23 18:54:21 - [TEST_STEP][PASSED] - if (i == 3 &amp;&amp; wildList.indexOf(symbol) != -1): null

2019-08-23 18:54:21 - [TEST_STEP][PASSED] - if (i == 4 &amp;&amp; wildList.indexOf(symbol) != -1): null

2019-08-23 18:54:21 - [TEST_STEP][PASSED] - symbols = symbols: null

2019-08-23 18:54:21 - [TEST_STEP][PASSED] - for ([j = 0, j &lt; symbols.size(), (j++)]): null

2019-08-23 18:54:21 - [TEST_STEP][PASSED] - symbol = symbol: null

2019-08-23 18:54:21 - [TEST_STEP][PASSED] - println(symbol): null

2019-08-23 18:54:21 - [TEST_STEP][PASSED] - if (i == 2 &amp;&amp; wildList.indexOf(symbol) != -1): null

2019-08-23 18:54:21 - [TEST_STEP][PASSED] - if (i == 3 &amp;&amp; wildList.indexOf(symbol) != -1): null

2019-08-23 18:54:21 - [TEST_STEP][PASSED] - if (i == 4 &amp;&amp; wildList.indexOf(symbol) != -1): null

2019-08-23 18:54:21 - [TEST_STEP][PASSED] - symbol = symbol: null

2019-08-23 18:54:21 - [TEST_STEP][PASSED] - println(symbol): null

2019-08-23 18:54:21 - [TEST_STEP][PASSED] - if (i == 2 &amp;&amp; wildList.indexOf(symbol) != -1): null

2019-08-23 18:54:21 - [TEST_STEP][PASSED] - if (i == 3 &amp;&amp; wildList.indexOf(symbol) != -1): null

2019-08-23 18:54:21 - [TEST_STEP][PASSED] - if (i == 4 &amp;&amp; wildList.indexOf(symbol) != -1): null

2019-08-23 18:54:21 - [TEST_STEP][PASSED] - symbol = symbol: null

2019-08-23 18:54:21 - [TEST_STEP][PASSED] - println(symbol): null

2019-08-23 18:54:21 - [TEST_STEP][PASSED] - if (i == 2 &amp;&amp; wildList.indexOf(symbol) != -1): null

2019-08-23 18:54:21 - [TEST_STEP][PASSED] - if (i == 3 &amp;&amp; wildList.indexOf(symbol) != -1): null

2019-08-23 18:54:21 - [TEST_STEP][PASSED] - println("wild found on reel 4, adding counter by 1"): null

2019-08-23 18:54:21 - [TEST_STEP][PASSED] - free_spin_reel_counter[1] = free_spin_reel_counter[1] + 1: null

2019-08-23 18:54:21 - [TEST_STEP][PASSED] - if (i == 4 &amp;&amp; wildList.indexOf(symbol) != -1): null

2019-08-23 18:54:21 - [TEST_STEP][PASSED] - symbols = symbols: null

2019-08-23 18:54:21 - [TEST_STEP][PASSED] - for ([j = 0, j &lt; symbols.size(), (j++)]): null

2019-08-23 18:54:21 - [TEST_STEP][PASSED] - symbol = symbol: null

2019-08-23 18:54:21 - [TEST_STEP][PASSED] - println(symbol): null

2019-08-23 18:54:21 - [TEST_STEP][PASSED] - if (i == 2 &amp;&amp; wildList.indexOf(symbol) != -1): null

2019-08-23 18:54:21 - [TEST_STEP][PASSED] - if (i == 3 &amp;&amp; wildList.indexOf(symbol) != -1): null

2019-08-23 18:54:21 - [TEST_STEP][PASSED] - if (i == 4 &amp;&amp; wildList.indexOf(symbol) != -1): null

2019-08-23 18:54:21 - [TEST_STEP][PASSED] - symbol = symbol: null

2019-08-23 18:54:21 - [TEST_STEP][PASSED] - println(symbol): null

2019-08-23 18:54:21 - [TEST_STEP][PASSED] - if (i == 2 &amp;&amp; wildList.indexOf(symbol) != -1): null

2019-08-23 18:54:21 - [TEST_STEP][PASSED] - if (i == 3 &amp;&amp; wildList.indexOf(symbol) != -1): null

2019-08-23 18:54:21 - [TEST_STEP][PASSED] - if (i == 4 &amp;&amp; wildList.indexOf(symbol) != -1): null

2019-08-23 18:54:21 - [TEST_STEP][PASSED] - symbol = symbol: null

2019-08-23 18:54:21 - [TEST_STEP][PASSED] - println(symbol): null

2019-08-23 18:54:21 - [TEST_STEP][PASSED] - if (i == 2 &amp;&amp; wildList.indexOf(symbol) != -1): null

2019-08-23 18:54:21 - [TEST_STEP][PASSED] - if (i == 3 &amp;&amp; wildList.indexOf(symbol) != -1): null

2019-08-23 18:54:21 - [TEST_STEP][PASSED] - if (i == 4 &amp;&amp; wildList.indexOf(symbol) != -1): null

2019-08-23 18:54:21 - [TEST_STEP][PASSED] - free_spin_reel_counter = free_spin_reel_counter: null

2019-08-23 18:54:21 - [TEST_STEP][PASSED] - println("reel 3 wild found: " + free_spin_reel_counter[0]): null

2019-08-23 18:54:21 - [TEST_STEP][PASSED] - println("reel 4 wild found: " + free_spin_reel_counter[1]): null

2019-08-23 18:54:21 - [TEST_STEP][PASSED] - println("reel 5 wild found: " + free_spin_reel_counter[2]): null

2019-08-23 18:54:21 - [TEST_STEP][PASSED] - M4_spin_reels = M4_spin_reels: null

2019-08-23 18:54:21 - [TEST_STEP][PASSED] - M4_spin_reels_symbols = symbol: null

2019-08-23 18:54:21 - [TEST_STEP][PASSED] - M4_spin_reels_symbols = M4_spin_reels_symbols: null

2019-08-23 18:54:21 - [TEST_STEP][PASSED] - M4_spin_reel_wins = reel_wins: null

2019-08-23 18:54:21 - [TEST_STEP][PASSED] - M4_spin_reel_wins = M4_spin_reel_wins: null

2019-08-23 18:54:21 - [TEST_STEP][PASSED] - println("GlobalVariable.M4_spin_reel_wins is: " + M4_spin_reel_wins): null

2019-08-23 18:54:21 - [TEST_STEP][PASSED] - M4_spin_total_bonus_win_this_round = total_bonus_win_this_round: null

2019-08-23 18:54:21 - [TEST_STEP][PASSED] - M4_spin_total_bonus_win_this_round = M4_spin_total_bonus_win_this_round: null

2019-08-23 18:54:21 - [TEST_STEP][PASSED] - println("GlobalVariable.M4_spin_total_bonus_win_this_round is: " + M4_spin_total_bonus_win_this_round): null

2019-08-23 18:54:21 - [TEST_STEP][PASSED] - M4_spin_bonus_spin_result = spin_result: null

2019-08-23 18:54:21 - [TEST_STEP][PASSED] - M4_spin_bonus_spin_result = M4_spin_bonus_spin_result: null

2019-08-23 18:54:21 - [MESSAGE][PASSED] - Verify response successfully

2019-08-23 18:54:21 - [MESSAGE][PASSED] - Send request and verify the response successfully

2019-08-23 18:54:21 - [TEST_STEP][PASSED] - if (free_spin_reel_counter[0] &gt;= 1 &amp;&amp; free_spin_reel_counter[1] &gt;= 1 &amp;&amp; free_spin_reel_counter[2] &gt;= 1): null

2019-08-23 18:54:21 - [TEST_STEP][PASSED] - spin_result = sendRequestAndVerify(findTestObject("INT/RGS(M4)/1_M4_spin", ["M4_login_user_id":M4_login_user_id, "rgs_session_token":rgs_session_token, "partner":Partner])): Send request and verify the response successfully

2019-08-23 18:54:21 - [MESSAGE][INFO] - HAR: /Users/eiralee/Katalon_Script/SuperWild/Reports/20190823_184757/INT/superWild_1/20190823_184757/requests/main/133.har

2019-08-23 18:54:22 - [TEST_CASE][PASSED] - Start Test Case : Verification: Verification accomplished successfully

2019-08-23 18:54:22 - [TEST_STEP][PASSED] - request = getInstance().getCurrentRequest(): null

2019-08-23 18:54:22 - [TEST_STEP][PASSED] - response = getInstance().getCurrentResponse(): null

2019-08-23 18:54:22 - [TEST_STEP][PASSED] - verifyResponseStatusCode(response, 200): Verify response status code successfully

2019-08-23 18:54:22 - [MESSAGE][PASSED] - Verify response status code successfully

2019-08-23 18:54:22 - [TEST_STEP][PASSED] - getStatusCode()).isEqualTo(200): null

2019-08-23 18:54:22 - [TEST_STEP][PASSED] - newline = System.getProperty("line.separator"): null

2019-08-23 18:54:22 - [TEST_STEP][PASSED] - M4_spin = new groovy.json.JsonSlurper(): null

2019-08-23 18:54:22 - [TEST_STEP][PASSED] - result_M4_spin = M4_spin.parseText(response.getResponseBodyContent()): null

2019-08-23 18:54:22 - [TEST_STEP][PASSED] - M4_spin_current_balance = current_balance: null

2019-08-23 18:54:22 - [TEST_STEP][PASSED] - M4_spin_current_balance = M4_spin_current_balance: null

2019-08-23 18:54:22 - [TEST_STEP][PASSED] - M4_spin_transaction_id = causality: null

2019-08-23 18:54:22 - [TEST_STEP][PASSED] - M4_spin_transaction_id = M4_spin_transaction_id: null

2019-08-23 18:54:22 - [TEST_STEP][PASSED] - M4_spin_round_id = round_id: null

2019-08-23 18:54:22 - [TEST_STEP][PASSED] - M4_spin_round_id = M4_spin_round_id: null

2019-08-23 18:54:22 - [TEST_STEP][PASSED] - M4_spin_line_wins = line_wins: null

2019-08-23 18:54:22 - [TEST_STEP][PASSED] - M4_spin_line_wins = M4_spin_line_wins: null

2019-08-23 18:54:22 - [TEST_STEP][PASSED] - M4_total_bonus_spins_int = total_bonus_spins: null

2019-08-23 18:54:22 - [TEST_STEP][PASSED] - println("******M4_total_bonus_spins type is:*******" + newline + getClass().getName()): null

2019-08-23 18:54:22 - [TEST_STEP][PASSED] - M4_total_bonus_spins_int = M4_total_bonus_spins_int: null

2019-08-23 18:54:22 - [TEST_STEP][PASSED] - M4_total_bonus_spins = Integer.toString(M4_total_bonus_spins_int): null

2019-08-23 18:54:22 - [TEST_STEP][PASSED] - M4_total_bonus_spins = M4_total_bonus_spins: null

2019-08-23 18:54:22 - [TEST_STEP][PASSED] - println("M4_total_bonus_spins is:" + M4_total_bonus_spins): null

2019-08-23 18:54:22 - [TEST_STEP][PASSED] - M4_spin_bonus_data = bonus_data: null

2019-08-23 18:54:22 - [TEST_STEP][PASSED] - M4_spin_features_triggered = result_M4_spin: null

2019-08-23 18:54:22 - [TEST_STEP][PASSED] - wild = []: null

2019-08-23 18:54:22 - [TEST_STEP][PASSED] - wild[0] = "WILD_Expanding": null

2019-08-23 18:54:22 - [TEST_STEP][PASSED] - wild[1] = "WILD_Normal": null

2019-08-23 18:54:22 - [TEST_STEP][PASSED] - wild[2] = "WILD_Double": null

2019-08-23 18:54:22 - [TEST_STEP][PASSED] - wild[3] = "WILD_ExtraFG": null

2019-08-23 18:54:22 - [TEST_STEP][PASSED] - wild[4] = "WILD_Triple": null

2019-08-23 18:54:22 - [TEST_STEP][PASSED] - wildList = Arrays.asList(wild): null

2019-08-23 18:54:22 - [TEST_STEP][PASSED] - wildList = wildList: null

2019-08-23 18:54:22 - [TEST_STEP][PASSED] - free_spin_reel_counter = []: null

2019-08-23 18:54:22 - [TEST_STEP][PASSED] - free_spin_reel_counter[0] = 0: null

2019-08-23 18:54:22 - [TEST_STEP][PASSED] - free_spin_reel_counter[1] = 0: null

2019-08-23 18:54:22 - [TEST_STEP][PASSED] - free_spin_reel_counter[2] = 0: null

2019-08-23 18:54:22 - [TEST_STEP][PASSED] - M4_spin_reels = reels: null

2019-08-23 18:54:22 - [TEST_STEP][PASSED] - for ([i = 0, i &lt; M4_spin_reels.size(), (i++)]): null

2019-08-23 18:54:22 - [TEST_STEP][PASSED] - symbols = symbols: null

2019-08-23 18:54:22 - [TEST_STEP][PASSED] - for ([j = 0, j &lt; symbols.size(), (j++)]): null

2019-08-23 18:54:22 - [TEST_STEP][PASSED] - symbol = symbol: null

2019-08-23 18:54:22 - [TEST_STEP][PASSED] - println(symbol): null

2019-08-23 18:54:22 - [TEST_STEP][PASSED] - if (i == 2 &amp;&amp; wildList.indexOf(symbol) != -1): null

2019-08-23 18:54:22 - [TEST_STEP][PASSED] - if (i == 3 &amp;&amp; wildList.indexOf(symbol) != -1): null

2019-08-23 18:54:22 - [TEST_STEP][PASSED] - if (i == 4 &amp;&amp; wildList.indexOf(symbol) != -1): null

2019-08-23 18:54:22 - [TEST_STEP][PASSED] - symbol = symbol: null

2019-08-23 18:54:22 - [TEST_STEP][PASSED] - println(symbol): null

2019-08-23 18:54:22 - [TEST_STEP][PASSED] - if (i == 2 &amp;&amp; wildList.indexOf(symbol) != -1): null

2019-08-23 18:54:22 - [TEST_STEP][PASSED] - if (i == 3 &amp;&amp; wildList.indexOf(symbol) != -1): null

2019-08-23 18:54:22 - [TEST_STEP][PASSED] - if (i == 4 &amp;&amp; wildList.indexOf(symbol) != -1): null

2019-08-23 18:54:22 - [TEST_STEP][PASSED] - symbol = symbol: null

2019-08-23 18:54:22 - [TEST_STEP][PASSED] - println(symbol): null

2019-08-23 18:54:22 - [TEST_STEP][PASSED] - if (i == 2 &amp;&amp; wildList.indexOf(symbol) != -1): null

2019-08-23 18:54:22 - [TEST_STEP][PASSED] - if (i == 3 &amp;&amp; wildList.indexOf(symbol) != -1): null

2019-08-23 18:54:22 - [TEST_STEP][PASSED] - if (i == 4 &amp;&amp; wildList.indexOf(symbol) != -1): null

2019-08-23 18:54:22 - [TEST_STEP][PASSED] - symbols = symbols: null

2019-08-23 18:54:22 - [TEST_STEP][PASSED] - for ([j = 0, j &lt; symbols.size(), (j++)]): null

2019-08-23 18:54:22 - [TEST_STEP][PASSED] - symbol = symbol: null

2019-08-23 18:54:22 - [TEST_STEP][PASSED] - println(symbol): null

2019-08-23 18:54:22 - [TEST_STEP][PASSED] - if (i == 2 &amp;&amp; wildList.indexOf(symbol) != -1): null

2019-08-23 18:54:22 - [TEST_STEP][PASSED] - if (i == 3 &amp;&amp; wildList.indexOf(symbol) != -1): null

2019-08-23 18:54:22 - [TEST_STEP][PASSED] - if (i == 4 &amp;&amp; wildList.indexOf(symbol) != -1): null

2019-08-23 18:54:22 - [TEST_STEP][PASSED] - symbol = symbol: null

2019-08-23 18:54:22 - [TEST_STEP][PASSED] - println(symbol): null

2019-08-23 18:54:22 - [TEST_STEP][PASSED] - if (i == 2 &amp;&amp; wildList.indexOf(symbol) != -1): null

2019-08-23 18:54:22 - [TEST_STEP][PASSED] - if (i == 3 &amp;&amp; wildList.indexOf(symbol) != -1): null

2019-08-23 18:54:22 - [TEST_STEP][PASSED] - if (i == 4 &amp;&amp; wildList.indexOf(symbol) != -1): null

2019-08-23 18:54:22 - [TEST_STEP][PASSED] - symbol = symbol: null

2019-08-23 18:54:22 - [TEST_STEP][PASSED] - println(symbol): null

2019-08-23 18:54:22 - [TEST_STEP][PASSED] - if (i == 2 &amp;&amp; wildList.indexOf(symbol) != -1): null

2019-08-23 18:54:22 - [TEST_STEP][PASSED] - if (i == 3 &amp;&amp; wildList.indexOf(symbol) != -1): null

2019-08-23 18:54:22 - [TEST_STEP][PASSED] - if (i == 4 &amp;&amp; wildList.indexOf(symbol) != -1): null

2019-08-23 18:54:22 - [TEST_STEP][PASSED] - symbols = symbols: null

2019-08-23 18:54:22 - [TEST_STEP][PASSED] - for ([j = 0, j &lt; symbols.size(), (j++)]): null

2019-08-23 18:54:22 - [TEST_STEP][PASSED] - symbol = symbol: null

2019-08-23 18:54:22 - [TEST_STEP][PASSED] - println(symbol): null

2019-08-23 18:54:22 - [TEST_STEP][PASSED] - if (i == 2 &amp;&amp; wildList.indexOf(symbol) != -1): null

2019-08-23 18:54:22 - [TEST_STEP][PASSED] - if (i == 3 &amp;&amp; wildList.indexOf(symbol) != -1): null

2019-08-23 18:54:22 - [TEST_STEP][PASSED] - if (i == 4 &amp;&amp; wildList.indexOf(symbol) != -1): null

2019-08-23 18:54:22 - [TEST_STEP][PASSED] - symbol = symbol: null

2019-08-23 18:54:22 - [TEST_STEP][PASSED] - println(symbol): null

2019-08-23 18:54:22 - [TEST_STEP][PASSED] - if (i == 2 &amp;&amp; wildList.indexOf(symbol) != -1): null

2019-08-23 18:54:22 - [TEST_STEP][PASSED] - if (i == 3 &amp;&amp; wildList.indexOf(symbol) != -1): null

2019-08-23 18:54:22 - [TEST_STEP][PASSED] - if (i == 4 &amp;&amp; wildList.indexOf(symbol) != -1): null

2019-08-23 18:54:22 - [TEST_STEP][PASSED] - symbol = symbol: null

2019-08-23 18:54:22 - [TEST_STEP][PASSED] - println(symbol): null

2019-08-23 18:54:22 - [TEST_STEP][PASSED] - if (i == 2 &amp;&amp; wildList.indexOf(symbol) != -1): null

2019-08-23 18:54:22 - [TEST_STEP][PASSED] - if (i == 3 &amp;&amp; wildList.indexOf(symbol) != -1): null

2019-08-23 18:54:22 - [TEST_STEP][PASSED] - if (i == 4 &amp;&amp; wildList.indexOf(symbol) != -1): null

2019-08-23 18:54:22 - [TEST_STEP][PASSED] - symbols = symbols: null

2019-08-23 18:54:22 - [TEST_STEP][PASSED] - for ([j = 0, j &lt; symbols.size(), (j++)]): null

2019-08-23 18:54:22 - [TEST_STEP][PASSED] - symbol = symbol: null

2019-08-23 18:54:22 - [TEST_STEP][PASSED] - println(symbol): null

2019-08-23 18:54:22 - [TEST_STEP][PASSED] - if (i == 2 &amp;&amp; wildList.indexOf(symbol) != -1): null

2019-08-23 18:54:22 - [TEST_STEP][PASSED] - if (i == 3 &amp;&amp; wildList.indexOf(symbol) != -1): null

2019-08-23 18:54:22 - [TEST_STEP][PASSED] - if (i == 4 &amp;&amp; wildList.indexOf(symbol) != -1): null

2019-08-23 18:54:22 - [TEST_STEP][PASSED] - symbol = symbol: null

2019-08-23 18:54:22 - [TEST_STEP][PASSED] - println(symbol): null

2019-08-23 18:54:22 - [TEST_STEP][PASSED] - if (i == 2 &amp;&amp; wildList.indexOf(symbol) != -1): null

2019-08-23 18:54:22 - [TEST_STEP][PASSED] - if (i == 3 &amp;&amp; wildList.indexOf(symbol) != -1): null

2019-08-23 18:54:22 - [TEST_STEP][PASSED] - if (i == 4 &amp;&amp; wildList.indexOf(symbol) != -1): null

2019-08-23 18:54:22 - [TEST_STEP][PASSED] - symbol = symbol: null

2019-08-23 18:54:22 - [TEST_STEP][PASSED] - println(symbol): null

2019-08-23 18:54:22 - [TEST_STEP][PASSED] - if (i == 2 &amp;&amp; wildList.indexOf(symbol) != -1): null

2019-08-23 18:54:22 - [TEST_STEP][PASSED] - if (i == 3 &amp;&amp; wildList.indexOf(symbol) != -1): null

2019-08-23 18:54:22 - [TEST_STEP][PASSED] - if (i == 4 &amp;&amp; wildList.indexOf(symbol) != -1): null

2019-08-23 18:54:22 - [TEST_STEP][PASSED] - symbols = symbols: null

2019-08-23 18:54:22 - [TEST_STEP][PASSED] - for ([j = 0, j &lt; symbols.size(), (j++)]): null

2019-08-23 18:54:22 - [TEST_STEP][PASSED] - symbol = symbol: null

2019-08-23 18:54:22 - [TEST_STEP][PASSED] - println(symbol): null

2019-08-23 18:54:22 - [TEST_STEP][PASSED] - if (i == 2 &amp;&amp; wildList.indexOf(symbol) != -1): null

2019-08-23 18:54:22 - [TEST_STEP][PASSED] - if (i == 3 &amp;&amp; wildList.indexOf(symbol) != -1): null

2019-08-23 18:54:22 - [TEST_STEP][PASSED] - if (i == 4 &amp;&amp; wildList.indexOf(symbol) != -1): null

2019-08-23 18:54:22 - [TEST_STEP][PASSED] - symbol = symbol: null

2019-08-23 18:54:22 - [TEST_STEP][PASSED] - println(symbol): null

2019-08-23 18:54:22 - [TEST_STEP][PASSED] - if (i == 2 &amp;&amp; wildList.indexOf(symbol) != -1): null

2019-08-23 18:54:22 - [TEST_STEP][PASSED] - if (i == 3 &amp;&amp; wildList.indexOf(symbol) != -1): null

2019-08-23 18:54:22 - [TEST_STEP][PASSED] - if (i == 4 &amp;&amp; wildList.indexOf(symbol) != -1): null

2019-08-23 18:54:22 - [TEST_STEP][PASSED] - symbol = symbol: null

2019-08-23 18:54:22 - [TEST_STEP][PASSED] - println(symbol): null

2019-08-23 18:54:22 - [TEST_STEP][PASSED] - if (i == 2 &amp;&amp; wildList.indexOf(symbol) != -1): null

2019-08-23 18:54:22 - [TEST_STEP][PASSED] - if (i == 3 &amp;&amp; wildList.indexOf(symbol) != -1): null

2019-08-23 18:54:22 - [TEST_STEP][PASSED] - if (i == 4 &amp;&amp; wildList.indexOf(symbol) != -1): null

2019-08-23 18:54:22 - [TEST_STEP][PASSED] - free_spin_reel_counter = free_spin_reel_counter: null

2019-08-23 18:54:22 - [TEST_STEP][PASSED] - println("reel 3 wild found: " + free_spin_reel_counter[0]): null

2019-08-23 18:54:22 - [TEST_STEP][PASSED] - println("reel 4 wild found: " + free_spin_reel_counter[1]): null

2019-08-23 18:54:22 - [TEST_STEP][PASSED] - println("reel 5 wild found: " + free_spin_reel_counter[2]): null

2019-08-23 18:54:22 - [TEST_STEP][PASSED] - M4_spin_reels = M4_spin_reels: null

2019-08-23 18:54:22 - [TEST_STEP][PASSED] - M4_spin_reels_symbols = symbol: null

2019-08-23 18:54:22 - [TEST_STEP][PASSED] - M4_spin_reels_symbols = M4_spin_reels_symbols: null

2019-08-23 18:54:22 - [TEST_STEP][PASSED] - M4_spin_reel_wins = reel_wins: null

2019-08-23 18:54:22 - [TEST_STEP][PASSED] - M4_spin_reel_wins = M4_spin_reel_wins: null

2019-08-23 18:54:22 - [TEST_STEP][PASSED] - println("GlobalVariable.M4_spin_reel_wins is: " + M4_spin_reel_wins): null

2019-08-23 18:54:22 - [TEST_STEP][PASSED] - M4_spin_total_bonus_win_this_round = total_bonus_win_this_round: null

2019-08-23 18:54:22 - [TEST_STEP][PASSED] - M4_spin_total_bonus_win_this_round = M4_spin_total_bonus_win_this_round: null

2019-08-23 18:54:22 - [TEST_STEP][PASSED] - println("GlobalVariable.M4_spin_total_bonus_win_this_round is: " + M4_spin_total_bonus_win_this_round): null

2019-08-23 18:54:22 - [TEST_STEP][PASSED] - M4_spin_bonus_spin_result = spin_result: null

2019-08-23 18:54:22 - [TEST_STEP][PASSED] - M4_spin_bonus_spin_result = M4_spin_bonus_spin_result: null

2019-08-23 18:54:22 - [MESSAGE][PASSED] - Verify response successfully

2019-08-23 18:54:22 - [MESSAGE][PASSED] - Send request and verify the response successfully

2019-08-23 18:54:22 - [TEST_STEP][PASSED] - if (free_spin_reel_counter[0] &gt;= 1 &amp;&amp; free_spin_reel_counter[1] &gt;= 1 &amp;&amp; free_spin_reel_counter[2] &gt;= 1): null

2019-08-23 18:54:22 - [TEST_STEP][PASSED] - spin_result = sendRequestAndVerify(findTestObject("INT/RGS(M4)/1_M4_spin", ["M4_login_user_id":M4_login_user_id, "rgs_session_token":rgs_session_token, "partner":Partner])): Send request and verify the response successfully

2019-08-23 18:54:22 - [MESSAGE][INFO] - HAR: /Users/eiralee/Katalon_Script/SuperWild/Reports/20190823_184757/INT/superWild_1/20190823_184757/requests/main/134.har

2019-08-23 18:54:22 - [TEST_CASE][PASSED] - Start Test Case : Verification: Verification accomplished successfully

2019-08-23 18:54:22 - [TEST_STEP][PASSED] - request = getInstance().getCurrentRequest(): null

2019-08-23 18:54:22 - [TEST_STEP][PASSED] - response = getInstance().getCurrentResponse(): null

2019-08-23 18:54:22 - [TEST_STEP][PASSED] - verifyResponseStatusCode(response, 200): Verify response status code successfully

2019-08-23 18:54:22 - [MESSAGE][PASSED] - Verify response status code successfully

2019-08-23 18:54:22 - [TEST_STEP][PASSED] - getStatusCode()).isEqualTo(200): null

2019-08-23 18:54:22 - [TEST_STEP][PASSED] - newline = System.getProperty("line.separator"): null

2019-08-23 18:54:22 - [TEST_STEP][PASSED] - M4_spin = new groovy.json.JsonSlurper(): null

2019-08-23 18:54:22 - [TEST_STEP][PASSED] - result_M4_spin = M4_spin.parseText(response.getResponseBodyContent()): null

2019-08-23 18:54:22 - [TEST_STEP][PASSED] - M4_spin_current_balance = current_balance: null

2019-08-23 18:54:22 - [TEST_STEP][PASSED] - M4_spin_current_balance = M4_spin_current_balance: null

2019-08-23 18:54:22 - [TEST_STEP][PASSED] - M4_spin_transaction_id = causality: null

2019-08-23 18:54:22 - [TEST_STEP][PASSED] - M4_spin_transaction_id = M4_spin_transaction_id: null

2019-08-23 18:54:22 - [TEST_STEP][PASSED] - M4_spin_round_id = round_id: null

2019-08-23 18:54:22 - [TEST_STEP][PASSED] - M4_spin_round_id = M4_spin_round_id: null

2019-08-23 18:54:22 - [TEST_STEP][PASSED] - M4_spin_line_wins = line_wins: null

2019-08-23 18:54:22 - [TEST_STEP][PASSED] - M4_spin_line_wins = M4_spin_line_wins: null

2019-08-23 18:54:22 - [TEST_STEP][PASSED] - M4_total_bonus_spins_int = total_bonus_spins: null

2019-08-23 18:54:22 - [TEST_STEP][PASSED] - println("******M4_total_bonus_spins type is:*******" + newline + getClass().getName()): null

2019-08-23 18:54:22 - [TEST_STEP][PASSED] - M4_total_bonus_spins_int = M4_total_bonus_spins_int: null

2019-08-23 18:54:22 - [TEST_STEP][PASSED] - M4_total_bonus_spins = Integer.toString(M4_total_bonus_spins_int): null

2019-08-23 18:54:22 - [TEST_STEP][PASSED] - M4_total_bonus_spins = M4_total_bonus_spins: null

2019-08-23 18:54:22 - [TEST_STEP][PASSED] - println("M4_total_bonus_spins is:" + M4_total_bonus_spins): null

2019-08-23 18:54:22 - [TEST_STEP][PASSED] - M4_spin_bonus_data = bonus_data: null

2019-08-23 18:54:22 - [TEST_STEP][PASSED] - M4_spin_features_triggered = result_M4_spin: null

2019-08-23 18:54:22 - [TEST_STEP][PASSED] - wild = []: null

2019-08-23 18:54:22 - [TEST_STEP][PASSED] - wild[0] = "WILD_Expanding": null

2019-08-23 18:54:22 - [TEST_STEP][PASSED] - wild[1] = "WILD_Normal": null

2019-08-23 18:54:22 - [TEST_STEP][PASSED] - wild[2] = "WILD_Double": null

2019-08-23 18:54:22 - [TEST_STEP][PASSED] - wild[3] = "WILD_ExtraFG": null

2019-08-23 18:54:22 - [TEST_STEP][PASSED] - wild[4] = "WILD_Triple": null

2019-08-23 18:54:22 - [TEST_STEP][PASSED] - wildList = Arrays.asList(wild): null

2019-08-23 18:54:22 - [TEST_STEP][PASSED] - wildList = wildList: null

2019-08-23 18:54:22 - [TEST_STEP][PASSED] - free_spin_reel_counter = []: null

2019-08-23 18:54:22 - [TEST_STEP][PASSED] - free_spin_reel_counter[0] = 0: null

2019-08-23 18:54:22 - [TEST_STEP][PASSED] - free_spin_reel_counter[1] = 0: null

2019-08-23 18:54:22 - [TEST_STEP][PASSED] - free_spin_reel_counter[2] = 0: null

2019-08-23 18:54:22 - [TEST_STEP][PASSED] - M4_spin_reels = reels: null

2019-08-23 18:54:22 - [TEST_STEP][PASSED] - for ([i = 0, i &lt; M4_spin_reels.size(), (i++)]): null

2019-08-23 18:54:22 - [TEST_STEP][PASSED] - symbols = symbols: null

2019-08-23 18:54:22 - [TEST_STEP][PASSED] - for ([j = 0, j &lt; symbols.size(), (j++)]): null

2019-08-23 18:54:22 - [TEST_STEP][PASSED] - symbol = symbol: null

2019-08-23 18:54:22 - [TEST_STEP][PASSED] - println(symbol): null

2019-08-23 18:54:22 - [TEST_STEP][PASSED] - if (i == 2 &amp;&amp; wildList.indexOf(symbol) != -1): null

2019-08-23 18:54:22 - [TEST_STEP][PASSED] - if (i == 3 &amp;&amp; wildList.indexOf(symbol) != -1): null

2019-08-23 18:54:22 - [TEST_STEP][PASSED] - if (i == 4 &amp;&amp; wildList.indexOf(symbol) != -1): null

2019-08-23 18:54:22 - [TEST_STEP][PASSED] - symbol = symbol: null

2019-08-23 18:54:22 - [TEST_STEP][PASSED] - println(symbol): null

2019-08-23 18:54:22 - [TEST_STEP][PASSED] - if (i == 2 &amp;&amp; wildList.indexOf(symbol) != -1): null

2019-08-23 18:54:22 - [TEST_STEP][PASSED] - if (i == 3 &amp;&amp; wildList.indexOf(symbol) != -1): null

2019-08-23 18:54:22 - [TEST_STEP][PASSED] - if (i == 4 &amp;&amp; wildList.indexOf(symbol) != -1): null

2019-08-23 18:54:22 - [TEST_STEP][PASSED] - symbol = symbol: null

2019-08-23 18:54:22 - [TEST_STEP][PASSED] - println(symbol): null

2019-08-23 18:54:22 - [TEST_STEP][PASSED] - if (i == 2 &amp;&amp; wildList.indexOf(symbol) != -1): null

2019-08-23 18:54:22 - [TEST_STEP][PASSED] - if (i == 3 &amp;&amp; wildList.indexOf(symbol) != -1): null

2019-08-23 18:54:22 - [TEST_STEP][PASSED] - if (i == 4 &amp;&amp; wildList.indexOf(symbol) != -1): null

2019-08-23 18:54:22 - [TEST_STEP][PASSED] - symbols = symbols: null

2019-08-23 18:54:22 - [TEST_STEP][PASSED] - for ([j = 0, j &lt; symbols.size(), (j++)]): null

2019-08-23 18:54:22 - [TEST_STEP][PASSED] - symbol = symbol: null

2019-08-23 18:54:22 - [TEST_STEP][PASSED] - println(symbol): null

2019-08-23 18:54:22 - [TEST_STEP][PASSED] - if (i == 2 &amp;&amp; wildList.indexOf(symbol) != -1): null

2019-08-23 18:54:22 - [TEST_STEP][PASSED] - if (i == 3 &amp;&amp; wildList.indexOf(symbol) != -1): null

2019-08-23 18:54:22 - [TEST_STEP][PASSED] - if (i == 4 &amp;&amp; wildList.indexOf(symbol) != -1): null

2019-08-23 18:54:22 - [TEST_STEP][PASSED] - symbol = symbol: null

2019-08-23 18:54:22 - [TEST_STEP][PASSED] - println(symbol): null

2019-08-23 18:54:22 - [TEST_STEP][PASSED] - if (i == 2 &amp;&amp; wildList.indexOf(symbol) != -1): null

2019-08-23 18:54:22 - [TEST_STEP][PASSED] - if (i == 3 &amp;&amp; wildList.indexOf(symbol) != -1): null

2019-08-23 18:54:22 - [TEST_STEP][PASSED] - if (i == 4 &amp;&amp; wildList.indexOf(symbol) != -1): null

2019-08-23 18:54:22 - [TEST_STEP][PASSED] - symbol = symbol: null

2019-08-23 18:54:22 - [TEST_STEP][PASSED] - println(symbol): null

2019-08-23 18:54:22 - [TEST_STEP][PASSED] - if (i == 2 &amp;&amp; wildList.indexOf(symbol) != -1): null

2019-08-23 18:54:22 - [TEST_STEP][PASSED] - if (i == 3 &amp;&amp; wildList.indexOf(symbol) != -1): null

2019-08-23 18:54:22 - [TEST_STEP][PASSED] - if (i == 4 &amp;&amp; wildList.indexOf(symbol) != -1): null

2019-08-23 18:54:22 - [TEST_STEP][PASSED] - symbols = symbols: null

2019-08-23 18:54:22 - [TEST_STEP][PASSED] - for ([j = 0, j &lt; symbols.size(), (j++)]): null

2019-08-23 18:54:22 - [TEST_STEP][PASSED] - symbol = symbol: null

2019-08-23 18:54:22 - [TEST_STEP][PASSED] - println(symbol): null

2019-08-23 18:54:22 - [TEST_STEP][PASSED] - if (i == 2 &amp;&amp; wildList.indexOf(symbol) != -1): null

2019-08-23 18:54:22 - [TEST_STEP][PASSED] - if (i == 3 &amp;&amp; wildList.indexOf(symbol) != -1): null

2019-08-23 18:54:22 - [TEST_STEP][PASSED] - if (i == 4 &amp;&amp; wildList.indexOf(symbol) != -1): null

2019-08-23 18:54:22 - [TEST_STEP][PASSED] - symbol = symbol: null

2019-08-23 18:54:24 - [TEST_STEP][PASSED] - println(symbol): null

2019-08-23 18:54:24 - [TEST_STEP][PASSED] - if (i == 2 &amp;&amp; wildList.indexOf(symbol) != -1): null

2019-08-23 18:54:24 - [TEST_STEP][PASSED] - if (i == 3 &amp;&amp; wildList.indexOf(symbol) != -1): null

2019-08-23 18:54:24 - [TEST_STEP][PASSED] - if (i == 4 &amp;&amp; wildList.indexOf(symbol) != -1): null

2019-08-23 18:54:24 - [TEST_STEP][PASSED] - symbol = symbol: null

2019-08-23 18:54:24 - [TEST_STEP][PASSED] - println(symbol): null

2019-08-23 18:54:24 - [TEST_STEP][PASSED] - if (i == 2 &amp;&amp; wildList.indexOf(symbol) != -1): null

2019-08-23 18:54:24 - [TEST_STEP][PASSED] - if (i == 3 &amp;&amp; wildList.indexOf(symbol) != -1): null

2019-08-23 18:54:24 - [TEST_STEP][PASSED] - if (i == 4 &amp;&amp; wildList.indexOf(symbol) != -1): null

2019-08-23 18:54:24 - [TEST_STEP][PASSED] - symbols = symbols: null

2019-08-23 18:54:24 - [TEST_STEP][PASSED] - for ([j = 0, j &lt; symbols.size(), (j++)]): null

2019-08-23 18:54:24 - [TEST_STEP][PASSED] - symbol = symbol: null

2019-08-23 18:54:24 - [TEST_STEP][PASSED] - println(symbol): null

2019-08-23 18:54:24 - [TEST_STEP][PASSED] - if (i == 2 &amp;&amp; wildList.indexOf(symbol) != -1): null

2019-08-23 18:54:24 - [TEST_STEP][PASSED] - if (i == 3 &amp;&amp; wildList.indexOf(symbol) != -1): null

2019-08-23 18:54:24 - [TEST_STEP][PASSED] - if (i == 4 &amp;&amp; wildList.indexOf(symbol) != -1): null

2019-08-23 18:54:24 - [TEST_STEP][PASSED] - symbol = symbol: null

2019-08-23 18:54:24 - [TEST_STEP][PASSED] - println(symbol): null

2019-08-23 18:54:24 - [TEST_STEP][PASSED] - if (i == 2 &amp;&amp; wildList.indexOf(symbol) != -1): null

2019-08-23 18:54:24 - [TEST_STEP][PASSED] - if (i == 3 &amp;&amp; wildList.indexOf(symbol) != -1): null

2019-08-23 18:54:24 - [TEST_STEP][PASSED] - if (i == 4 &amp;&amp; wildList.indexOf(symbol) != -1): null

2019-08-23 18:54:24 - [TEST_STEP][PASSED] - symbol = symbol: null

2019-08-23 18:54:24 - [TEST_STEP][PASSED] - println(symbol): null

2019-08-23 18:54:24 - [TEST_STEP][PASSED] - if (i == 2 &amp;&amp; wildList.indexOf(symbol) != -1): null

2019-08-23 18:54:24 - [TEST_STEP][PASSED] - if (i == 3 &amp;&amp; wildList.indexOf(symbol) != -1): null

2019-08-23 18:54:24 - [TEST_STEP][PASSED] - println("wild found on reel 4, adding counter by 1"): null

2019-08-23 18:54:24 - [TEST_STEP][PASSED] - free_spin_reel_counter[1] = free_spin_reel_counter[1] + 1: null

2019-08-23 18:54:24 - [TEST_STEP][PASSED] - if (i == 4 &amp;&amp; wildList.indexOf(symbol) != -1): null

2019-08-23 18:54:24 - [TEST_STEP][PASSED] - symbols = symbols: null

2019-08-23 18:54:24 - [TEST_STEP][PASSED] - for ([j = 0, j &lt; symbols.size(), (j++)]): null

2019-08-23 18:54:24 - [TEST_STEP][PASSED] - symbol = symbol: null

2019-08-23 18:54:24 - [TEST_STEP][PASSED] - println(symbol): null

2019-08-23 18:54:24 - [TEST_STEP][PASSED] - if (i == 2 &amp;&amp; wildList.indexOf(symbol) != -1): null

2019-08-23 18:54:24 - [TEST_STEP][PASSED] - if (i == 3 &amp;&amp; wildList.indexOf(symbol) != -1): null

2019-08-23 18:54:24 - [TEST_STEP][PASSED] - if (i == 4 &amp;&amp; wildList.indexOf(symbol) != -1): null

2019-08-23 18:54:24 - [TEST_STEP][PASSED] - symbol = symbol: null

2019-08-23 18:54:24 - [TEST_STEP][PASSED] - println(symbol): null

2019-08-23 18:54:24 - [TEST_STEP][PASSED] - if (i == 2 &amp;&amp; wildList.indexOf(symbol) != -1): null

2019-08-23 18:54:24 - [TEST_STEP][PASSED] - if (i == 3 &amp;&amp; wildList.indexOf(symbol) != -1): null

2019-08-23 18:54:24 - [TEST_STEP][PASSED] - if (i == 4 &amp;&amp; wildList.indexOf(symbol) != -1): null

2019-08-23 18:54:24 - [TEST_STEP][PASSED] - symbol = symbol: null

2019-08-23 18:54:24 - [TEST_STEP][PASSED] - println(symbol): null

2019-08-23 18:54:24 - [TEST_STEP][PASSED] - if (i == 2 &amp;&amp; wildList.indexOf(symbol) != -1): null

2019-08-23 18:54:24 - [TEST_STEP][PASSED] - if (i == 3 &amp;&amp; wildList.indexOf(symbol) != -1): null

2019-08-23 18:54:24 - [TEST_STEP][PASSED] - if (i == 4 &amp;&amp; wildList.indexOf(symbol) != -1): null

2019-08-23 18:54:24 - [TEST_STEP][PASSED] - free_spin_reel_counter = free_spin_reel_counter: null

2019-08-23 18:54:24 - [TEST_STEP][PASSED] - println("reel 3 wild found: " + free_spin_reel_counter[0]): null

2019-08-23 18:54:24 - [TEST_STEP][PASSED] - println("reel 4 wild found: " + free_spin_reel_counter[1]): null

2019-08-23 18:54:24 - [TEST_STEP][PASSED] - println("reel 5 wild found: " + free_spin_reel_counter[2]): null

2019-08-23 18:54:24 - [TEST_STEP][PASSED] - M4_spin_reels = M4_spin_reels: null

2019-08-23 18:54:24 - [TEST_STEP][PASSED] - M4_spin_reels_symbols = symbol: null

2019-08-23 18:54:24 - [TEST_STEP][PASSED] - M4_spin_reels_symbols = M4_spin_reels_symbols: null

2019-08-23 18:54:24 - [TEST_STEP][PASSED] - M4_spin_reel_wins = reel_wins: null

2019-08-23 18:54:24 - [TEST_STEP][PASSED] - M4_spin_reel_wins = M4_spin_reel_wins: null

2019-08-23 18:54:24 - [TEST_STEP][PASSED] - println("GlobalVariable.M4_spin_reel_wins is: " + M4_spin_reel_wins): null

2019-08-23 18:54:24 - [TEST_STEP][PASSED] - M4_spin_total_bonus_win_this_round = total_bonus_win_this_round: null

2019-08-23 18:54:24 - [TEST_STEP][PASSED] - M4_spin_total_bonus_win_this_round = M4_spin_total_bonus_win_this_round: null

2019-08-23 18:54:24 - [TEST_STEP][PASSED] - println("GlobalVariable.M4_spin_total_bonus_win_this_round is: " + M4_spin_total_bonus_win_this_round): null

2019-08-23 18:54:24 - [TEST_STEP][PASSED] - M4_spin_bonus_spin_result = spin_result: null

2019-08-23 18:54:24 - [TEST_STEP][PASSED] - M4_spin_bonus_spin_result = M4_spin_bonus_spin_result: null

2019-08-23 18:54:24 - [MESSAGE][PASSED] - Verify response successfully

2019-08-23 18:54:24 - [MESSAGE][PASSED] - Send request and verify the response successfully

2019-08-23 18:54:24 - [TEST_STEP][PASSED] - if (free_spin_reel_counter[0] &gt;= 1 &amp;&amp; free_spin_reel_counter[1] &gt;= 1 &amp;&amp; free_spin_reel_counter[2] &gt;= 1): null

2019-08-23 18:54:24 - [TEST_STEP][PASSED] - spin_result = sendRequestAndVerify(findTestObject("INT/RGS(M4)/1_M4_spin", ["M4_login_user_id":M4_login_user_id, "rgs_session_token":rgs_session_token, "partner":Partner])): Send request and verify the response successfully

2019-08-23 18:54:25 - [MESSAGE][INFO] - HAR: /Users/eiralee/Katalon_Script/SuperWild/Reports/20190823_184757/INT/superWild_1/20190823_184757/requests/main/135.har

2019-08-23 18:54:25 - [TEST_CASE][PASSED] - Start Test Case : Verification: Verification accomplished successfully

2019-08-23 18:54:25 - [TEST_STEP][PASSED] - request = getInstance().getCurrentRequest(): null

2019-08-23 18:54:25 - [TEST_STEP][PASSED] - response = getInstance().getCurrentResponse(): null

2019-08-23 18:54:25 - [TEST_STEP][PASSED] - verifyResponseStatusCode(response, 200): Verify response status code successfully

2019-08-23 18:54:25 - [MESSAGE][PASSED] - Verify response status code successfully

2019-08-23 18:54:25 - [TEST_STEP][PASSED] - getStatusCode()).isEqualTo(200): null

2019-08-23 18:54:25 - [TEST_STEP][PASSED] - newline = System.getProperty("line.separator"): null

2019-08-23 18:54:25 - [TEST_STEP][PASSED] - M4_spin = new groovy.json.JsonSlurper(): null

2019-08-23 18:54:25 - [TEST_STEP][PASSED] - result_M4_spin = M4_spin.parseText(response.getResponseBodyContent()): null

2019-08-23 18:54:25 - [TEST_STEP][PASSED] - M4_spin_current_balance = current_balance: null

2019-08-23 18:54:25 - [TEST_STEP][PASSED] - M4_spin_current_balance = M4_spin_current_balance: null

2019-08-23 18:54:25 - [TEST_STEP][PASSED] - M4_spin_transaction_id = causality: null

2019-08-23 18:54:25 - [TEST_STEP][PASSED] - M4_spin_transaction_id = M4_spin_transaction_id: null

2019-08-23 18:54:25 - [TEST_STEP][PASSED] - M4_spin_round_id = round_id: null

2019-08-23 18:54:25 - [TEST_STEP][PASSED] - M4_spin_round_id = M4_spin_round_id: null

2019-08-23 18:54:25 - [TEST_STEP][PASSED] - M4_spin_line_wins = line_wins: null

2019-08-23 18:54:25 - [TEST_STEP][PASSED] - M4_spin_line_wins = M4_spin_line_wins: null

2019-08-23 18:54:25 - [TEST_STEP][PASSED] - M4_total_bonus_spins_int = total_bonus_spins: null

2019-08-23 18:54:25 - [TEST_STEP][PASSED] - println("******M4_total_bonus_spins type is:*******" + newline + getClass().getName()): null

2019-08-23 18:54:25 - [TEST_STEP][PASSED] - M4_total_bonus_spins_int = M4_total_bonus_spins_int: null

2019-08-23 18:54:25 - [TEST_STEP][PASSED] - M4_total_bonus_spins = Integer.toString(M4_total_bonus_spins_int): null

2019-08-23 18:54:25 - [TEST_STEP][PASSED] - M4_total_bonus_spins = M4_total_bonus_spins: null

2019-08-23 18:54:25 - [TEST_STEP][PASSED] - println("M4_total_bonus_spins is:" + M4_total_bonus_spins): null

2019-08-23 18:54:25 - [TEST_STEP][PASSED] - M4_spin_bonus_data = bonus_data: null

2019-08-23 18:54:25 - [TEST_STEP][PASSED] - M4_spin_features_triggered = result_M4_spin: null

2019-08-23 18:54:25 - [TEST_STEP][PASSED] - wild = []: null

2019-08-23 18:54:25 - [TEST_STEP][PASSED] - wild[0] = "WILD_Expanding": null

2019-08-23 18:54:25 - [TEST_STEP][PASSED] - wild[1] = "WILD_Normal": null

2019-08-23 18:54:25 - [TEST_STEP][PASSED] - wild[2] = "WILD_Double": null

2019-08-23 18:54:25 - [TEST_STEP][PASSED] - wild[3] = "WILD_ExtraFG": null

2019-08-23 18:54:25 - [TEST_STEP][PASSED] - wild[4] = "WILD_Triple": null

2019-08-23 18:54:25 - [TEST_STEP][PASSED] - wildList = Arrays.asList(wild): null

2019-08-23 18:54:25 - [TEST_STEP][PASSED] - wildList = wildList: null

2019-08-23 18:54:25 - [TEST_STEP][PASSED] - free_spin_reel_counter = []: null

2019-08-23 18:54:25 - [TEST_STEP][PASSED] - free_spin_reel_counter[0] = 0: null

2019-08-23 18:54:25 - [TEST_STEP][PASSED] - free_spin_reel_counter[1] = 0: null

2019-08-23 18:54:25 - [TEST_STEP][PASSED] - free_spin_reel_counter[2] = 0: null

2019-08-23 18:54:25 - [TEST_STEP][PASSED] - M4_spin_reels = reels: null

2019-08-23 18:54:25 - [TEST_STEP][PASSED] - for ([i = 0, i &lt; M4_spin_reels.size(), (i++)]): null

2019-08-23 18:54:25 - [TEST_STEP][PASSED] - symbols = symbols: null

2019-08-23 18:54:25 - [TEST_STEP][PASSED] - for ([j = 0, j &lt; symbols.size(), (j++)]): null

2019-08-23 18:54:25 - [TEST_STEP][PASSED] - symbol = symbol: null

2019-08-23 18:54:25 - [TEST_STEP][PASSED] - println(symbol): null

2019-08-23 18:54:25 - [TEST_STEP][PASSED] - if (i == 2 &amp;&amp; wildList.indexOf(symbol) != -1): null

2019-08-23 18:54:25 - [TEST_STEP][PASSED] - if (i == 3 &amp;&amp; wildList.indexOf(symbol) != -1): null

2019-08-23 18:54:25 - [TEST_STEP][PASSED] - if (i == 4 &amp;&amp; wildList.indexOf(symbol) != -1): null

2019-08-23 18:54:25 - [TEST_STEP][PASSED] - symbol = symbol: null

2019-08-23 18:54:25 - [TEST_STEP][PASSED] - println(symbol): null

2019-08-23 18:54:25 - [TEST_STEP][PASSED] - if (i == 2 &amp;&amp; wildList.indexOf(symbol) != -1): null

2019-08-23 18:54:25 - [TEST_STEP][PASSED] - if (i == 3 &amp;&amp; wildList.indexOf(symbol) != -1): null

2019-08-23 18:54:25 - [TEST_STEP][PASSED] - if (i == 4 &amp;&amp; wildList.indexOf(symbol) != -1): null

2019-08-23 18:54:25 - [TEST_STEP][PASSED] - symbol = symbol: null

2019-08-23 18:54:25 - [TEST_STEP][PASSED] - println(symbol): null

2019-08-23 18:54:25 - [TEST_STEP][PASSED] - if (i == 2 &amp;&amp; wildList.indexOf(symbol) != -1): null

2019-08-23 18:54:25 - [TEST_STEP][PASSED] - if (i == 3 &amp;&amp; wildList.indexOf(symbol) != -1): null

2019-08-23 18:54:25 - [TEST_STEP][PASSED] - if (i == 4 &amp;&amp; wildList.indexOf(symbol) != -1): null

2019-08-23 18:54:25 - [TEST_STEP][PASSED] - symbols = symbols: null

2019-08-23 18:54:25 - [TEST_STEP][PASSED] - for ([j = 0, j &lt; symbols.size(), (j++)]): null

2019-08-23 18:54:25 - [TEST_STEP][PASSED] - symbol = symbol: null

2019-08-23 18:54:25 - [TEST_STEP][PASSED] - println(symbol): null

2019-08-23 18:54:25 - [TEST_STEP][PASSED] - if (i == 2 &amp;&amp; wildList.indexOf(symbol) != -1): null

2019-08-23 18:54:25 - [TEST_STEP][PASSED] - if (i == 3 &amp;&amp; wildList.indexOf(symbol) != -1): null

2019-08-23 18:54:25 - [TEST_STEP][PASSED] - if (i == 4 &amp;&amp; wildList.indexOf(symbol) != -1): null

2019-08-23 18:54:25 - [TEST_STEP][PASSED] - symbol = symbol: null

2019-08-23 18:54:25 - [TEST_STEP][PASSED] - println(symbol): null

2019-08-23 18:54:25 - [TEST_STEP][PASSED] - if (i == 2 &amp;&amp; wildList.indexOf(symbol) != -1): null

2019-08-23 18:54:25 - [TEST_STEP][PASSED] - if (i == 3 &amp;&amp; wildList.indexOf(symbol) != -1): null

2019-08-23 18:54:25 - [TEST_STEP][PASSED] - if (i == 4 &amp;&amp; wildList.indexOf(symbol) != -1): null

2019-08-23 18:54:25 - [TEST_STEP][PASSED] - symbol = symbol: null

2019-08-23 18:54:25 - [TEST_STEP][PASSED] - println(symbol): null

2019-08-23 18:54:25 - [TEST_STEP][PASSED] - if (i == 2 &amp;&amp; wildList.indexOf(symbol) != -1): null

2019-08-23 18:54:25 - [TEST_STEP][PASSED] - if (i == 3 &amp;&amp; wildList.indexOf(symbol) != -1): null

2019-08-23 18:54:25 - [TEST_STEP][PASSED] - if (i == 4 &amp;&amp; wildList.indexOf(symbol) != -1): null

2019-08-23 18:54:25 - [TEST_STEP][PASSED] - symbols = symbols: null

2019-08-23 18:54:25 - [TEST_STEP][PASSED] - for ([j = 0, j &lt; symbols.size(), (j++)]): null

2019-08-23 18:54:25 - [TEST_STEP][PASSED] - symbol = symbol: null

2019-08-23 18:54:25 - [TEST_STEP][PASSED] - println(symbol): null

2019-08-23 18:54:25 - [TEST_STEP][PASSED] - if (i == 2 &amp;&amp; wildList.indexOf(symbol) != -1): null

2019-08-23 18:54:25 - [TEST_STEP][PASSED] - if (i == 3 &amp;&amp; wildList.indexOf(symbol) != -1): null

2019-08-23 18:54:25 - [TEST_STEP][PASSED] - if (i == 4 &amp;&amp; wildList.indexOf(symbol) != -1): null

2019-08-23 18:54:25 - [TEST_STEP][PASSED] - symbol = symbol: null

2019-08-23 18:54:25 - [TEST_STEP][PASSED] - println(symbol): null

2019-08-23 18:54:25 - [TEST_STEP][PASSED] - if (i == 2 &amp;&amp; wildList.indexOf(symbol) != -1): null

2019-08-23 18:54:25 - [TEST_STEP][PASSED] - if (i == 3 &amp;&amp; wildList.indexOf(symbol) != -1): null

2019-08-23 18:54:25 - [TEST_STEP][PASSED] - if (i == 4 &amp;&amp; wildList.indexOf(symbol) != -1): null

2019-08-23 18:54:25 - [TEST_STEP][PASSED] - symbol = symbol: null

2019-08-23 18:54:25 - [TEST_STEP][PASSED] - println(symbol): null

2019-08-23 18:54:25 - [TEST_STEP][PASSED] - if (i == 2 &amp;&amp; wildList.indexOf(symbol) != -1): null

2019-08-23 18:54:25 - [TEST_STEP][PASSED] - if (i == 3 &amp;&amp; wildList.indexOf(symbol) != -1): null

2019-08-23 18:54:25 - [TEST_STEP][PASSED] - if (i == 4 &amp;&amp; wildList.indexOf(symbol) != -1): null

2019-08-23 18:54:25 - [TEST_STEP][PASSED] - symbols = symbols: null

2019-08-23 18:54:25 - [TEST_STEP][PASSED] - for ([j = 0, j &lt; symbols.size(), (j++)]): null

2019-08-23 18:54:25 - [TEST_STEP][PASSED] - symbol = symbol: null

2019-08-23 18:54:25 - [TEST_STEP][PASSED] - println(symbol): null

2019-08-23 18:54:25 - [TEST_STEP][PASSED] - if (i == 2 &amp;&amp; wildList.indexOf(symbol) != -1): null

2019-08-23 18:54:25 - [TEST_STEP][PASSED] - if (i == 3 &amp;&amp; wildList.indexOf(symbol) != -1): null

2019-08-23 18:54:25 - [TEST_STEP][PASSED] - println("wild found on reel 4, adding counter by 1"): null

2019-08-23 18:54:25 - [TEST_STEP][PASSED] - free_spin_reel_counter[1] = free_spin_reel_counter[1] + 1: null

2019-08-23 18:54:25 - [TEST_STEP][PASSED] - if (i == 4 &amp;&amp; wildList.indexOf(symbol) != -1): null

2019-08-23 18:54:25 - [TEST_STEP][PASSED] - symbol = symbol: null

2019-08-23 18:54:25 - [TEST_STEP][PASSED] - println(symbol): null

2019-08-23 18:54:25 - [TEST_STEP][PASSED] - if (i == 2 &amp;&amp; wildList.indexOf(symbol) != -1): null

2019-08-23 18:54:25 - [TEST_STEP][PASSED] - if (i == 3 &amp;&amp; wildList.indexOf(symbol) != -1): null

2019-08-23 18:54:25 - [TEST_STEP][PASSED] - if (i == 4 &amp;&amp; wildList.indexOf(symbol) != -1): null

2019-08-23 18:54:25 - [TEST_STEP][PASSED] - symbol = symbol: null

2019-08-23 18:54:25 - [TEST_STEP][PASSED] - println(symbol): null

2019-08-23 18:54:25 - [TEST_STEP][PASSED] - if (i == 2 &amp;&amp; wildList.indexOf(symbol) != -1): null

2019-08-23 18:54:25 - [TEST_STEP][PASSED] - if (i == 3 &amp;&amp; wildList.indexOf(symbol) != -1): null

2019-08-23 18:54:25 - [TEST_STEP][PASSED] - if (i == 4 &amp;&amp; wildList.indexOf(symbol) != -1): null

2019-08-23 18:54:25 - [TEST_STEP][PASSED] - symbols = symbols: null

2019-08-23 18:54:25 - [TEST_STEP][PASSED] - for ([j = 0, j &lt; symbols.size(), (j++)]): null

2019-08-23 18:54:25 - [TEST_STEP][PASSED] - symbol = symbol: null

2019-08-23 18:54:25 - [TEST_STEP][PASSED] - println(symbol): null

2019-08-23 18:54:25 - [TEST_STEP][PASSED] - if (i == 2 &amp;&amp; wildList.indexOf(symbol) != -1): null

2019-08-23 18:54:25 - [TEST_STEP][PASSED] - if (i == 3 &amp;&amp; wildList.indexOf(symbol) != -1): null

2019-08-23 18:54:25 - [TEST_STEP][PASSED] - if (i == 4 &amp;&amp; wildList.indexOf(symbol) != -1): null

2019-08-23 18:54:25 - [TEST_STEP][PASSED] - symbol = symbol: null

2019-08-23 18:54:25 - [TEST_STEP][PASSED] - println(symbol): null

2019-08-23 18:54:25 - [TEST_STEP][PASSED] - if (i == 2 &amp;&amp; wildList.indexOf(symbol) != -1): null

2019-08-23 18:54:25 - [TEST_STEP][PASSED] - if (i == 3 &amp;&amp; wildList.indexOf(symbol) != -1): null

2019-08-23 18:54:25 - [TEST_STEP][PASSED] - if (i == 4 &amp;&amp; wildList.indexOf(symbol) != -1): null

2019-08-23 18:54:25 - [TEST_STEP][PASSED] - symbol = symbol: null

2019-08-23 18:54:25 - [TEST_STEP][PASSED] - println(symbol): null

2019-08-23 18:54:25 - [TEST_STEP][PASSED] - if (i == 2 &amp;&amp; wildList.indexOf(symbol) != -1): null

2019-08-23 18:54:25 - [TEST_STEP][PASSED] - if (i == 3 &amp;&amp; wildList.indexOf(symbol) != -1): null

2019-08-23 18:54:25 - [TEST_STEP][PASSED] - if (i == 4 &amp;&amp; wildList.indexOf(symbol) != -1): null

2019-08-23 18:54:25 - [TEST_STEP][PASSED] - free_spin_reel_counter = free_spin_reel_counter: null

2019-08-23 18:54:25 - [TEST_STEP][PASSED] - println("reel 3 wild found: " + free_spin_reel_counter[0]): null

2019-08-23 18:54:25 - [TEST_STEP][PASSED] - println("reel 4 wild found: " + free_spin_reel_counter[1]): null

2019-08-23 18:54:25 - [TEST_STEP][PASSED] - println("reel 5 wild found: " + free_spin_reel_counter[2]): null

2019-08-23 18:54:25 - [TEST_STEP][PASSED] - M4_spin_reels = M4_spin_reels: null

2019-08-23 18:54:25 - [TEST_STEP][PASSED] - M4_spin_reels_symbols = symbol: null

2019-08-23 18:54:25 - [TEST_STEP][PASSED] - M4_spin_reels_symbols = M4_spin_reels_symbols: null

2019-08-23 18:54:25 - [TEST_STEP][PASSED] - M4_spin_reel_wins = reel_wins: null

2019-08-23 18:54:25 - [TEST_STEP][PASSED] - M4_spin_reel_wins = M4_spin_reel_wins: null

2019-08-23 18:54:25 - [TEST_STEP][PASSED] - println("GlobalVariable.M4_spin_reel_wins is: " + M4_spin_reel_wins): null

2019-08-23 18:54:25 - [TEST_STEP][PASSED] - M4_spin_total_bonus_win_this_round = total_bonus_win_this_round: null

2019-08-23 18:54:25 - [TEST_STEP][PASSED] - M4_spin_total_bonus_win_this_round = M4_spin_total_bonus_win_this_round: null

2019-08-23 18:54:25 - [TEST_STEP][PASSED] - println("GlobalVariable.M4_spin_total_bonus_win_this_round is: " + M4_spin_total_bonus_win_this_round): null

2019-08-23 18:54:25 - [TEST_STEP][PASSED] - M4_spin_bonus_spin_result = spin_result: null

2019-08-23 18:54:25 - [TEST_STEP][PASSED] - M4_spin_bonus_spin_result = M4_spin_bonus_spin_result: null

2019-08-23 18:54:25 - [MESSAGE][PASSED] - Verify response successfully

2019-08-23 18:54:25 - [MESSAGE][PASSED] - Send request and verify the response successfully

2019-08-23 18:54:25 - [TEST_STEP][PASSED] - if (free_spin_reel_counter[0] &gt;= 1 &amp;&amp; free_spin_reel_counter[1] &gt;= 1 &amp;&amp; free_spin_reel_counter[2] &gt;= 1): null

2019-08-23 18:54:25 - [TEST_STEP][PASSED] - spin_result = sendRequestAndVerify(findTestObject("INT/RGS(M4)/1_M4_spin", ["M4_login_user_id":M4_login_user_id, "rgs_session_token":rgs_session_token, "partner":Partner])): Send request and verify the response successfully

2019-08-23 18:54:25 - [MESSAGE][INFO] - HAR: /Users/eiralee/Katalon_Script/SuperWild/Reports/20190823_184757/INT/superWild_1/20190823_184757/requests/main/136.har

2019-08-23 18:54:25 - [TEST_CASE][PASSED] - Start Test Case : Verification: Verification accomplished successfully

2019-08-23 18:54:25 - [TEST_STEP][PASSED] - request = getInstance().getCurrentRequest(): null

2019-08-23 18:54:25 - [TEST_STEP][PASSED] - response = getInstance().getCurrentResponse(): null

2019-08-23 18:54:25 - [TEST_STEP][PASSED] - verifyResponseStatusCode(response, 200): Verify response status code successfully

2019-08-23 18:54:25 - [MESSAGE][PASSED] - Verify response status code successfully

2019-08-23 18:54:25 - [TEST_STEP][PASSED] - getStatusCode()).isEqualTo(200): null

2019-08-23 18:54:25 - [TEST_STEP][PASSED] - newline = System.getProperty("line.separator"): null

2019-08-23 18:54:25 - [TEST_STEP][PASSED] - M4_spin = new groovy.json.JsonSlurper(): null

2019-08-23 18:54:25 - [TEST_STEP][PASSED] - result_M4_spin = M4_spin.parseText(response.getResponseBodyContent()): null

2019-08-23 18:54:25 - [TEST_STEP][PASSED] - M4_spin_current_balance = current_balance: null

2019-08-23 18:54:25 - [TEST_STEP][PASSED] - M4_spin_current_balance = M4_spin_current_balance: null

2019-08-23 18:54:25 - [TEST_STEP][PASSED] - M4_spin_transaction_id = causality: null

2019-08-23 18:54:25 - [TEST_STEP][PASSED] - M4_spin_transaction_id = M4_spin_transaction_id: null

2019-08-23 18:54:25 - [TEST_STEP][PASSED] - M4_spin_round_id = round_id: null

2019-08-23 18:54:25 - [TEST_STEP][PASSED] - M4_spin_round_id = M4_spin_round_id: null

2019-08-23 18:54:25 - [TEST_STEP][PASSED] - M4_spin_line_wins = line_wins: null

2019-08-23 18:54:25 - [TEST_STEP][PASSED] - M4_spin_line_wins = M4_spin_line_wins: null

2019-08-23 18:54:25 - [TEST_STEP][PASSED] - M4_total_bonus_spins_int = total_bonus_spins: null

2019-08-23 18:54:25 - [TEST_STEP][PASSED] - println("******M4_total_bonus_spins type is:*******" + newline + getClass().getName()): null

2019-08-23 18:54:25 - [TEST_STEP][PASSED] - M4_total_bonus_spins_int = M4_total_bonus_spins_int: null

2019-08-23 18:54:25 - [TEST_STEP][PASSED] - M4_total_bonus_spins = Integer.toString(M4_total_bonus_spins_int): null

2019-08-23 18:54:25 - [TEST_STEP][PASSED] - M4_total_bonus_spins = M4_total_bonus_spins: null

2019-08-23 18:54:25 - [TEST_STEP][PASSED] - println("M4_total_bonus_spins is:" + M4_total_bonus_spins): null

2019-08-23 18:54:25 - [TEST_STEP][PASSED] - M4_spin_bonus_data = bonus_data: null

2019-08-23 18:54:25 - [TEST_STEP][PASSED] - M4_spin_features_triggered = result_M4_spin: null

2019-08-23 18:54:25 - [TEST_STEP][PASSED] - wild = []: null

2019-08-23 18:54:25 - [TEST_STEP][PASSED] - wild[0] = "WILD_Expanding": null

2019-08-23 18:54:25 - [TEST_STEP][PASSED] - wild[1] = "WILD_Normal": null

2019-08-23 18:54:25 - [TEST_STEP][PASSED] - wild[2] = "WILD_Double": null

2019-08-23 18:54:25 - [TEST_STEP][PASSED] - wild[3] = "WILD_ExtraFG": null

2019-08-23 18:54:25 - [TEST_STEP][PASSED] - wild[4] = "WILD_Triple": null

2019-08-23 18:54:25 - [TEST_STEP][PASSED] - wildList = Arrays.asList(wild): null

2019-08-23 18:54:25 - [TEST_STEP][PASSED] - wildList = wildList: null

2019-08-23 18:54:25 - [TEST_STEP][PASSED] - free_spin_reel_counter = []: null

2019-08-23 18:54:25 - [TEST_STEP][PASSED] - free_spin_reel_counter[0] = 0: null

2019-08-23 18:54:25 - [TEST_STEP][PASSED] - free_spin_reel_counter[1] = 0: null

2019-08-23 18:54:25 - [TEST_STEP][PASSED] - free_spin_reel_counter[2] = 0: null

2019-08-23 18:54:25 - [TEST_STEP][PASSED] - M4_spin_reels = reels: null

2019-08-23 18:54:25 - [TEST_STEP][PASSED] - for ([i = 0, i &lt; M4_spin_reels.size(), (i++)]): null

2019-08-23 18:54:25 - [TEST_STEP][PASSED] - symbols = symbols: null

2019-08-23 18:54:25 - [TEST_STEP][PASSED] - for ([j = 0, j &lt; symbols.size(), (j++)]): null

2019-08-23 18:54:25 - [TEST_STEP][PASSED] - symbol = symbol: null

2019-08-23 18:54:25 - [TEST_STEP][PASSED] - println(symbol): null

2019-08-23 18:54:25 - [TEST_STEP][PASSED] - if (i == 2 &amp;&amp; wildList.indexOf(symbol) != -1): null

2019-08-23 18:54:25 - [TEST_STEP][PASSED] - if (i == 3 &amp;&amp; wildList.indexOf(symbol) != -1): null

2019-08-23 18:54:25 - [TEST_STEP][PASSED] - if (i == 4 &amp;&amp; wildList.indexOf(symbol) != -1): null

2019-08-23 18:54:25 - [TEST_STEP][PASSED] - symbol = symbol: null

2019-08-23 18:54:25 - [TEST_STEP][PASSED] - println(symbol): null

2019-08-23 18:54:25 - [TEST_STEP][PASSED] - if (i == 2 &amp;&amp; wildList.indexOf(symbol) != -1): null

2019-08-23 18:54:25 - [TEST_STEP][PASSED] - if (i == 3 &amp;&amp; wildList.indexOf(symbol) != -1): null

2019-08-23 18:54:25 - [TEST_STEP][PASSED] - if (i == 4 &amp;&amp; wildList.indexOf(symbol) != -1): null

2019-08-23 18:54:25 - [TEST_STEP][PASSED] - symbol = symbol: null

2019-08-23 18:54:25 - [TEST_STEP][PASSED] - println(symbol): null

2019-08-23 18:54:25 - [TEST_STEP][PASSED] - if (i == 2 &amp;&amp; wildList.indexOf(symbol) != -1): null

2019-08-23 18:54:25 - [TEST_STEP][PASSED] - if (i == 3 &amp;&amp; wildList.indexOf(symbol) != -1): null

2019-08-23 18:54:25 - [TEST_STEP][PASSED] - if (i == 4 &amp;&amp; wildList.indexOf(symbol) != -1): null

2019-08-23 18:54:25 - [TEST_STEP][PASSED] - symbols = symbols: null

2019-08-23 18:54:25 - [TEST_STEP][PASSED] - for ([j = 0, j &lt; symbols.size(), (j++)]): null

2019-08-23 18:54:25 - [TEST_STEP][PASSED] - symbol = symbol: null

2019-08-23 18:54:25 - [TEST_STEP][PASSED] - println(symbol): null

2019-08-23 18:54:25 - [TEST_STEP][PASSED] - if (i == 2 &amp;&amp; wildList.indexOf(symbol) != -1): null

2019-08-23 18:54:25 - [TEST_STEP][PASSED] - if (i == 3 &amp;&amp; wildList.indexOf(symbol) != -1): null

2019-08-23 18:54:25 - [TEST_STEP][PASSED] - if (i == 4 &amp;&amp; wildList.indexOf(symbol) != -1): null

2019-08-23 18:54:25 - [TEST_STEP][PASSED] - symbol = symbol: null

2019-08-23 18:54:25 - [TEST_STEP][PASSED] - println(symbol): null

2019-08-23 18:54:25 - [TEST_STEP][PASSED] - if (i == 2 &amp;&amp; wildList.indexOf(symbol) != -1): null

2019-08-23 18:54:25 - [TEST_STEP][PASSED] - if (i == 3 &amp;&amp; wildList.indexOf(symbol) != -1): null

2019-08-23 18:54:25 - [TEST_STEP][PASSED] - if (i == 4 &amp;&amp; wildList.indexOf(symbol) != -1): null

2019-08-23 18:54:25 - [TEST_STEP][PASSED] - symbol = symbol: null

2019-08-23 18:54:25 - [TEST_STEP][PASSED] - println(symbol): null

2019-08-23 18:54:25 - [TEST_STEP][PASSED] - if (i == 2 &amp;&amp; wildList.indexOf(symbol) != -1): null

2019-08-23 18:54:25 - [TEST_STEP][PASSED] - if (i == 3 &amp;&amp; wildList.indexOf(symbol) != -1): null

2019-08-23 18:54:25 - [TEST_STEP][PASSED] - if (i == 4 &amp;&amp; wildList.indexOf(symbol) != -1): null

2019-08-23 18:54:25 - [TEST_STEP][PASSED] - symbols = symbols: null

2019-08-23 18:54:25 - [TEST_STEP][PASSED] - for ([j = 0, j &lt; symbols.size(), (j++)]): null

2019-08-23 18:54:25 - [TEST_STEP][PASSED] - symbol = symbol: null

2019-08-23 18:54:25 - [TEST_STEP][PASSED] - println(symbol): null

2019-08-23 18:54:25 - [TEST_STEP][PASSED] - if (i == 2 &amp;&amp; wildList.indexOf(symbol) != -1): null

2019-08-23 18:54:25 - [TEST_STEP][PASSED] - if (i == 3 &amp;&amp; wildList.indexOf(symbol) != -1): null

2019-08-23 18:54:25 - [TEST_STEP][PASSED] - if (i == 4 &amp;&amp; wildList.indexOf(symbol) != -1): null

2019-08-23 18:54:25 - [TEST_STEP][PASSED] - symbol = symbol: null

2019-08-23 18:54:25 - [TEST_STEP][PASSED] - println(symbol): null

2019-08-23 18:54:25 - [TEST_STEP][PASSED] - if (i == 2 &amp;&amp; wildList.indexOf(symbol) != -1): null

2019-08-23 18:54:25 - [TEST_STEP][PASSED] - if (i == 3 &amp;&amp; wildList.indexOf(symbol) != -1): null

2019-08-23 18:54:25 - [TEST_STEP][PASSED] - if (i == 4 &amp;&amp; wildList.indexOf(symbol) != -1): null

2019-08-23 18:54:25 - [TEST_STEP][PASSED] - symbol = symbol: null

2019-08-23 18:54:25 - [TEST_STEP][PASSED] - println(symbol): null

2019-08-23 18:54:25 - [TEST_STEP][PASSED] - if (i == 2 &amp;&amp; wildList.indexOf(symbol) != -1): null

2019-08-23 18:54:25 - [TEST_STEP][PASSED] - if (i == 3 &amp;&amp; wildList.indexOf(symbol) != -1): null

2019-08-23 18:54:25 - [TEST_STEP][PASSED] - if (i == 4 &amp;&amp; wildList.indexOf(symbol) != -1): null

2019-08-23 18:54:25 - [TEST_STEP][PASSED] - symbols = symbols: null

2019-08-23 18:54:25 - [TEST_STEP][PASSED] - for ([j = 0, j &lt; symbols.size(), (j++)]): null

2019-08-23 18:54:25 - [TEST_STEP][PASSED] - symbol = symbol: null

2019-08-23 18:54:25 - [TEST_STEP][PASSED] - println(symbol): null

2019-08-23 18:54:25 - [TEST_STEP][PASSED] - if (i == 2 &amp;&amp; wildList.indexOf(symbol) != -1): null

2019-08-23 18:54:25 - [TEST_STEP][PASSED] - if (i == 3 &amp;&amp; wildList.indexOf(symbol) != -1): null

2019-08-23 18:54:25 - [TEST_STEP][PASSED] - if (i == 4 &amp;&amp; wildList.indexOf(symbol) != -1): null

2019-08-23 18:54:25 - [TEST_STEP][PASSED] - symbol = symbol: null

2019-08-23 18:54:25 - [TEST_STEP][PASSED] - println(symbol): null

2019-08-23 18:54:25 - [TEST_STEP][PASSED] - if (i == 2 &amp;&amp; wildList.indexOf(symbol) != -1): null

2019-08-23 18:54:25 - [TEST_STEP][PASSED] - if (i == 3 &amp;&amp; wildList.indexOf(symbol) != -1): null

2019-08-23 18:54:25 - [TEST_STEP][PASSED] - if (i == 4 &amp;&amp; wildList.indexOf(symbol) != -1): null

2019-08-23 18:54:25 - [TEST_STEP][PASSED] - symbol = symbol: null

2019-08-23 18:54:25 - [TEST_STEP][PASSED] - println(symbol): null

2019-08-23 18:54:25 - [TEST_STEP][PASSED] - if (i == 2 &amp;&amp; wildList.indexOf(symbol) != -1): null

2019-08-23 18:54:25 - [TEST_STEP][PASSED] - if (i == 3 &amp;&amp; wildList.indexOf(symbol) != -1): null

2019-08-23 18:54:25 - [TEST_STEP][PASSED] - if (i == 4 &amp;&amp; wildList.indexOf(symbol) != -1): null

2019-08-23 18:54:25 - [TEST_STEP][PASSED] - symbols = symbols: null

2019-08-23 18:54:25 - [TEST_STEP][PASSED] - for ([j = 0, j &lt; symbols.size(), (j++)]): null

2019-08-23 18:54:25 - [TEST_STEP][PASSED] - symbol = symbol: null

2019-08-23 18:54:25 - [TEST_STEP][PASSED] - println(symbol): null

2019-08-23 18:54:25 - [TEST_STEP][PASSED] - if (i == 2 &amp;&amp; wildList.indexOf(symbol) != -1): null

2019-08-23 18:54:25 - [TEST_STEP][PASSED] - if (i == 3 &amp;&amp; wildList.indexOf(symbol) != -1): null

2019-08-23 18:54:28 - [TEST_STEP][PASSED] - if (i == 4 &amp;&amp; wildList.indexOf(symbol) != -1): null

2019-08-23 18:54:28 - [TEST_STEP][PASSED] - symbol = symbol: null

2019-08-23 18:54:28 - [TEST_STEP][PASSED] - println(symbol): null

2019-08-23 18:54:28 - [TEST_STEP][PASSED] - if (i == 2 &amp;&amp; wildList.indexOf(symbol) != -1): null

2019-08-23 18:54:28 - [TEST_STEP][PASSED] - if (i == 3 &amp;&amp; wildList.indexOf(symbol) != -1): null

2019-08-23 18:54:28 - [TEST_STEP][PASSED] - if (i == 4 &amp;&amp; wildList.indexOf(symbol) != -1): null

2019-08-23 18:54:28 - [TEST_STEP][PASSED] - symbol = symbol: null

2019-08-23 18:54:28 - [TEST_STEP][PASSED] - println(symbol): null

2019-08-23 18:54:28 - [TEST_STEP][PASSED] - if (i == 2 &amp;&amp; wildList.indexOf(symbol) != -1): null

2019-08-23 18:54:28 - [TEST_STEP][PASSED] - if (i == 3 &amp;&amp; wildList.indexOf(symbol) != -1): null

2019-08-23 18:54:28 - [TEST_STEP][PASSED] - if (i == 4 &amp;&amp; wildList.indexOf(symbol) != -1): null

2019-08-23 18:54:28 - [TEST_STEP][PASSED] - free_spin_reel_counter = free_spin_reel_counter: null

2019-08-23 18:54:28 - [TEST_STEP][PASSED] - println("reel 3 wild found: " + free_spin_reel_counter[0]): null

2019-08-23 18:54:28 - [TEST_STEP][PASSED] - println("reel 4 wild found: " + free_spin_reel_counter[1]): null

2019-08-23 18:54:28 - [TEST_STEP][PASSED] - println("reel 5 wild found: " + free_spin_reel_counter[2]): null

2019-08-23 18:54:28 - [TEST_STEP][PASSED] - M4_spin_reels = M4_spin_reels: null

2019-08-23 18:54:28 - [TEST_STEP][PASSED] - M4_spin_reels_symbols = symbol: null

2019-08-23 18:54:28 - [TEST_STEP][PASSED] - M4_spin_reels_symbols = M4_spin_reels_symbols: null

2019-08-23 18:54:28 - [TEST_STEP][PASSED] - M4_spin_reel_wins = reel_wins: null

2019-08-23 18:54:28 - [TEST_STEP][PASSED] - M4_spin_reel_wins = M4_spin_reel_wins: null

2019-08-23 18:54:28 - [TEST_STEP][PASSED] - println("GlobalVariable.M4_spin_reel_wins is: " + M4_spin_reel_wins): null

2019-08-23 18:54:28 - [TEST_STEP][PASSED] - M4_spin_total_bonus_win_this_round = total_bonus_win_this_round: null

2019-08-23 18:54:28 - [TEST_STEP][PASSED] - M4_spin_total_bonus_win_this_round = M4_spin_total_bonus_win_this_round: null

2019-08-23 18:54:28 - [TEST_STEP][PASSED] - println("GlobalVariable.M4_spin_total_bonus_win_this_round is: " + M4_spin_total_bonus_win_this_round): null

2019-08-23 18:54:28 - [TEST_STEP][PASSED] - M4_spin_bonus_spin_result = spin_result: null

2019-08-23 18:54:28 - [TEST_STEP][PASSED] - M4_spin_bonus_spin_result = M4_spin_bonus_spin_result: null

2019-08-23 18:54:28 - [MESSAGE][PASSED] - Verify response successfully

2019-08-23 18:54:28 - [MESSAGE][PASSED] - Send request and verify the response successfully

2019-08-23 18:54:28 - [TEST_STEP][PASSED] - if (free_spin_reel_counter[0] &gt;= 1 &amp;&amp; free_spin_reel_counter[1] &gt;= 1 &amp;&amp; free_spin_reel_counter[2] &gt;= 1): null

2019-08-23 18:54:28 - [TEST_STEP][PASSED] - spin_result = sendRequestAndVerify(findTestObject("INT/RGS(M4)/1_M4_spin", ["M4_login_user_id":M4_login_user_id, "rgs_session_token":rgs_session_token, "partner":Partner])): Send request and verify the response successfully

2019-08-23 18:54:28 - [MESSAGE][INFO] - HAR: /Users/eiralee/Katalon_Script/SuperWild/Reports/20190823_184757/INT/superWild_1/20190823_184757/requests/main/137.har

2019-08-23 18:54:28 - [TEST_CASE][PASSED] - Start Test Case : Verification: Verification accomplished successfully

2019-08-23 18:54:28 - [TEST_STEP][PASSED] - request = getInstance().getCurrentRequest(): null

2019-08-23 18:54:28 - [TEST_STEP][PASSED] - response = getInstance().getCurrentResponse(): null

2019-08-23 18:54:28 - [TEST_STEP][PASSED] - verifyResponseStatusCode(response, 200): Verify response status code successfully

2019-08-23 18:54:28 - [MESSAGE][PASSED] - Verify response status code successfully

2019-08-23 18:54:28 - [TEST_STEP][PASSED] - getStatusCode()).isEqualTo(200): null

2019-08-23 18:54:28 - [TEST_STEP][PASSED] - newline = System.getProperty("line.separator"): null

2019-08-23 18:54:28 - [TEST_STEP][PASSED] - M4_spin = new groovy.json.JsonSlurper(): null

2019-08-23 18:54:28 - [TEST_STEP][PASSED] - result_M4_spin = M4_spin.parseText(response.getResponseBodyContent()): null

2019-08-23 18:54:28 - [TEST_STEP][PASSED] - M4_spin_current_balance = current_balance: null

2019-08-23 18:54:28 - [TEST_STEP][PASSED] - M4_spin_current_balance = M4_spin_current_balance: null

2019-08-23 18:54:28 - [TEST_STEP][PASSED] - M4_spin_transaction_id = causality: null

2019-08-23 18:54:28 - [TEST_STEP][PASSED] - M4_spin_transaction_id = M4_spin_transaction_id: null

2019-08-23 18:54:28 - [TEST_STEP][PASSED] - M4_spin_round_id = round_id: null

2019-08-23 18:54:28 - [TEST_STEP][PASSED] - M4_spin_round_id = M4_spin_round_id: null

2019-08-23 18:54:28 - [TEST_STEP][PASSED] - M4_spin_line_wins = line_wins: null

2019-08-23 18:54:28 - [TEST_STEP][PASSED] - M4_spin_line_wins = M4_spin_line_wins: null

2019-08-23 18:54:28 - [TEST_STEP][PASSED] - M4_total_bonus_spins_int = total_bonus_spins: null

2019-08-23 18:54:28 - [TEST_STEP][PASSED] - println("******M4_total_bonus_spins type is:*******" + newline + getClass().getName()): null

2019-08-23 18:54:28 - [TEST_STEP][PASSED] - M4_total_bonus_spins_int = M4_total_bonus_spins_int: null

2019-08-23 18:54:28 - [TEST_STEP][PASSED] - M4_total_bonus_spins = Integer.toString(M4_total_bonus_spins_int): null

2019-08-23 18:54:28 - [TEST_STEP][PASSED] - M4_total_bonus_spins = M4_total_bonus_spins: null

2019-08-23 18:54:28 - [TEST_STEP][PASSED] - println("M4_total_bonus_spins is:" + M4_total_bonus_spins): null

2019-08-23 18:54:28 - [TEST_STEP][PASSED] - M4_spin_bonus_data = bonus_data: null

2019-08-23 18:54:28 - [TEST_STEP][PASSED] - M4_spin_features_triggered = result_M4_spin: null

2019-08-23 18:54:28 - [TEST_STEP][PASSED] - wild = []: null

2019-08-23 18:54:28 - [TEST_STEP][PASSED] - wild[0] = "WILD_Expanding": null

2019-08-23 18:54:28 - [TEST_STEP][PASSED] - wild[1] = "WILD_Normal": null

2019-08-23 18:54:28 - [TEST_STEP][PASSED] - wild[2] = "WILD_Double": null

2019-08-23 18:54:28 - [TEST_STEP][PASSED] - wild[3] = "WILD_ExtraFG": null

2019-08-23 18:54:28 - [TEST_STEP][PASSED] - wild[4] = "WILD_Triple": null

2019-08-23 18:54:28 - [TEST_STEP][PASSED] - wildList = Arrays.asList(wild): null

2019-08-23 18:54:28 - [TEST_STEP][PASSED] - wildList = wildList: null

2019-08-23 18:54:28 - [TEST_STEP][PASSED] - free_spin_reel_counter = []: null

2019-08-23 18:54:28 - [TEST_STEP][PASSED] - free_spin_reel_counter[0] = 0: null

2019-08-23 18:54:28 - [TEST_STEP][PASSED] - free_spin_reel_counter[1] = 0: null

2019-08-23 18:54:28 - [TEST_STEP][PASSED] - free_spin_reel_counter[2] = 0: null

2019-08-23 18:54:28 - [TEST_STEP][PASSED] - M4_spin_reels = reels: null

2019-08-23 18:54:28 - [TEST_STEP][PASSED] - for ([i = 0, i &lt; M4_spin_reels.size(), (i++)]): null

2019-08-23 18:54:28 - [TEST_STEP][PASSED] - symbols = symbols: null

2019-08-23 18:54:28 - [TEST_STEP][PASSED] - for ([j = 0, j &lt; symbols.size(), (j++)]): null

2019-08-23 18:54:28 - [TEST_STEP][PASSED] - symbol = symbol: null

2019-08-23 18:54:28 - [TEST_STEP][PASSED] - println(symbol): null

2019-08-23 18:54:28 - [TEST_STEP][PASSED] - if (i == 2 &amp;&amp; wildList.indexOf(symbol) != -1): null

2019-08-23 18:54:28 - [TEST_STEP][PASSED] - if (i == 3 &amp;&amp; wildList.indexOf(symbol) != -1): null

2019-08-23 18:54:28 - [TEST_STEP][PASSED] - if (i == 4 &amp;&amp; wildList.indexOf(symbol) != -1): null

2019-08-23 18:54:28 - [TEST_STEP][PASSED] - symbol = symbol: null

2019-08-23 18:54:28 - [TEST_STEP][PASSED] - println(symbol): null

2019-08-23 18:54:28 - [TEST_STEP][PASSED] - if (i == 2 &amp;&amp; wildList.indexOf(symbol) != -1): null

2019-08-23 18:54:28 - [TEST_STEP][PASSED] - if (i == 3 &amp;&amp; wildList.indexOf(symbol) != -1): null

2019-08-23 18:54:28 - [TEST_STEP][PASSED] - if (i == 4 &amp;&amp; wildList.indexOf(symbol) != -1): null

2019-08-23 18:54:28 - [TEST_STEP][PASSED] - symbol = symbol: null

2019-08-23 18:54:28 - [TEST_STEP][PASSED] - println(symbol): null

2019-08-23 18:54:28 - [TEST_STEP][PASSED] - if (i == 2 &amp;&amp; wildList.indexOf(symbol) != -1): null

2019-08-23 18:54:28 - [TEST_STEP][PASSED] - if (i == 3 &amp;&amp; wildList.indexOf(symbol) != -1): null

2019-08-23 18:54:28 - [TEST_STEP][PASSED] - if (i == 4 &amp;&amp; wildList.indexOf(symbol) != -1): null

2019-08-23 18:54:28 - [TEST_STEP][PASSED] - symbols = symbols: null

2019-08-23 18:54:28 - [TEST_STEP][PASSED] - for ([j = 0, j &lt; symbols.size(), (j++)]): null

2019-08-23 18:54:28 - [TEST_STEP][PASSED] - symbol = symbol: null

2019-08-23 18:54:28 - [TEST_STEP][PASSED] - println(symbol): null

2019-08-23 18:54:28 - [TEST_STEP][PASSED] - if (i == 2 &amp;&amp; wildList.indexOf(symbol) != -1): null

2019-08-23 18:54:28 - [TEST_STEP][PASSED] - if (i == 3 &amp;&amp; wildList.indexOf(symbol) != -1): null

2019-08-23 18:54:28 - [TEST_STEP][PASSED] - if (i == 4 &amp;&amp; wildList.indexOf(symbol) != -1): null

2019-08-23 18:54:28 - [TEST_STEP][PASSED] - symbol = symbol: null

2019-08-23 18:54:28 - [TEST_STEP][PASSED] - println(symbol): null

2019-08-23 18:54:28 - [TEST_STEP][PASSED] - if (i == 2 &amp;&amp; wildList.indexOf(symbol) != -1): null

2019-08-23 18:54:28 - [TEST_STEP][PASSED] - if (i == 3 &amp;&amp; wildList.indexOf(symbol) != -1): null

2019-08-23 18:54:28 - [TEST_STEP][PASSED] - if (i == 4 &amp;&amp; wildList.indexOf(symbol) != -1): null

2019-08-23 18:54:28 - [TEST_STEP][PASSED] - symbol = symbol: null

2019-08-23 18:54:28 - [TEST_STEP][PASSED] - println(symbol): null

2019-08-23 18:54:28 - [TEST_STEP][PASSED] - if (i == 2 &amp;&amp; wildList.indexOf(symbol) != -1): null

2019-08-23 18:54:28 - [TEST_STEP][PASSED] - if (i == 3 &amp;&amp; wildList.indexOf(symbol) != -1): null

2019-08-23 18:54:28 - [TEST_STEP][PASSED] - if (i == 4 &amp;&amp; wildList.indexOf(symbol) != -1): null

2019-08-23 18:54:28 - [TEST_STEP][PASSED] - symbols = symbols: null

2019-08-23 18:54:28 - [TEST_STEP][PASSED] - for ([j = 0, j &lt; symbols.size(), (j++)]): null

2019-08-23 18:54:28 - [TEST_STEP][PASSED] - symbol = symbol: null

2019-08-23 18:54:28 - [TEST_STEP][PASSED] - println(symbol): null

2019-08-23 18:54:28 - [TEST_STEP][PASSED] - if (i == 2 &amp;&amp; wildList.indexOf(symbol) != -1): null

2019-08-23 18:54:28 - [TEST_STEP][PASSED] - if (i == 3 &amp;&amp; wildList.indexOf(symbol) != -1): null

2019-08-23 18:54:28 - [TEST_STEP][PASSED] - if (i == 4 &amp;&amp; wildList.indexOf(symbol) != -1): null

2019-08-23 18:54:28 - [TEST_STEP][PASSED] - symbol = symbol: null

2019-08-23 18:54:28 - [TEST_STEP][PASSED] - println(symbol): null

2019-08-23 18:54:28 - [TEST_STEP][PASSED] - if (i == 2 &amp;&amp; wildList.indexOf(symbol) != -1): null

2019-08-23 18:54:28 - [TEST_STEP][PASSED] - if (i == 3 &amp;&amp; wildList.indexOf(symbol) != -1): null

2019-08-23 18:54:28 - [TEST_STEP][PASSED] - if (i == 4 &amp;&amp; wildList.indexOf(symbol) != -1): null

2019-08-23 18:54:28 - [TEST_STEP][PASSED] - symbol = symbol: null

2019-08-23 18:54:28 - [TEST_STEP][PASSED] - println(symbol): null

2019-08-23 18:54:28 - [TEST_STEP][PASSED] - if (i == 2 &amp;&amp; wildList.indexOf(symbol) != -1): null

2019-08-23 18:54:28 - [TEST_STEP][PASSED] - if (i == 3 &amp;&amp; wildList.indexOf(symbol) != -1): null

2019-08-23 18:54:28 - [TEST_STEP][PASSED] - if (i == 4 &amp;&amp; wildList.indexOf(symbol) != -1): null

2019-08-23 18:54:28 - [TEST_STEP][PASSED] - symbols = symbols: null

2019-08-23 18:54:28 - [TEST_STEP][PASSED] - for ([j = 0, j &lt; symbols.size(), (j++)]): null

2019-08-23 18:54:28 - [TEST_STEP][PASSED] - symbol = symbol: null

2019-08-23 18:54:28 - [TEST_STEP][PASSED] - println(symbol): null

2019-08-23 18:54:28 - [TEST_STEP][PASSED] - if (i == 2 &amp;&amp; wildList.indexOf(symbol) != -1): null

2019-08-23 18:54:28 - [TEST_STEP][PASSED] - if (i == 3 &amp;&amp; wildList.indexOf(symbol) != -1): null

2019-08-23 18:54:28 - [TEST_STEP][PASSED] - if (i == 4 &amp;&amp; wildList.indexOf(symbol) != -1): null

2019-08-23 18:54:28 - [TEST_STEP][PASSED] - symbol = symbol: null

2019-08-23 18:54:28 - [TEST_STEP][PASSED] - println(symbol): null

2019-08-23 18:54:28 - [TEST_STEP][PASSED] - if (i == 2 &amp;&amp; wildList.indexOf(symbol) != -1): null

2019-08-23 18:54:28 - [TEST_STEP][PASSED] - if (i == 3 &amp;&amp; wildList.indexOf(symbol) != -1): null

2019-08-23 18:54:28 - [TEST_STEP][PASSED] - if (i == 4 &amp;&amp; wildList.indexOf(symbol) != -1): null

2019-08-23 18:54:28 - [TEST_STEP][PASSED] - symbol = symbol: null

2019-08-23 18:54:28 - [TEST_STEP][PASSED] - println(symbol): null

2019-08-23 18:54:28 - [TEST_STEP][PASSED] - if (i == 2 &amp;&amp; wildList.indexOf(symbol) != -1): null

2019-08-23 18:54:28 - [TEST_STEP][PASSED] - if (i == 3 &amp;&amp; wildList.indexOf(symbol) != -1): null

2019-08-23 18:54:28 - [TEST_STEP][PASSED] - println("wild found on reel 4, adding counter by 1"): null

2019-08-23 18:54:28 - [TEST_STEP][PASSED] - free_spin_reel_counter[1] = free_spin_reel_counter[1] + 1: null

2019-08-23 18:54:28 - [TEST_STEP][PASSED] - if (i == 4 &amp;&amp; wildList.indexOf(symbol) != -1): null

2019-08-23 18:54:28 - [TEST_STEP][PASSED] - symbols = symbols: null

2019-08-23 18:54:28 - [TEST_STEP][PASSED] - for ([j = 0, j &lt; symbols.size(), (j++)]): null

2019-08-23 18:54:28 - [TEST_STEP][PASSED] - symbol = symbol: null

2019-08-23 18:54:28 - [TEST_STEP][PASSED] - println(symbol): null

2019-08-23 18:54:28 - [TEST_STEP][PASSED] - if (i == 2 &amp;&amp; wildList.indexOf(symbol) != -1): null

2019-08-23 18:54:28 - [TEST_STEP][PASSED] - if (i == 3 &amp;&amp; wildList.indexOf(symbol) != -1): null

2019-08-23 18:54:28 - [TEST_STEP][PASSED] - if (i == 4 &amp;&amp; wildList.indexOf(symbol) != -1): null

2019-08-23 18:54:28 - [TEST_STEP][PASSED] - symbol = symbol: null

2019-08-23 18:54:28 - [TEST_STEP][PASSED] - println(symbol): null

2019-08-23 18:54:28 - [TEST_STEP][PASSED] - if (i == 2 &amp;&amp; wildList.indexOf(symbol) != -1): null

2019-08-23 18:54:28 - [TEST_STEP][PASSED] - if (i == 3 &amp;&amp; wildList.indexOf(symbol) != -1): null

2019-08-23 18:54:28 - [TEST_STEP][PASSED] - if (i == 4 &amp;&amp; wildList.indexOf(symbol) != -1): null

2019-08-23 18:54:28 - [TEST_STEP][PASSED] - symbol = symbol: null

2019-08-23 18:54:28 - [TEST_STEP][PASSED] - println(symbol): null

2019-08-23 18:54:28 - [TEST_STEP][PASSED] - if (i == 2 &amp;&amp; wildList.indexOf(symbol) != -1): null

2019-08-23 18:54:28 - [TEST_STEP][PASSED] - if (i == 3 &amp;&amp; wildList.indexOf(symbol) != -1): null

2019-08-23 18:54:28 - [TEST_STEP][PASSED] - if (i == 4 &amp;&amp; wildList.indexOf(symbol) != -1): null

2019-08-23 18:54:28 - [TEST_STEP][PASSED] - free_spin_reel_counter = free_spin_reel_counter: null

2019-08-23 18:54:28 - [TEST_STEP][PASSED] - println("reel 3 wild found: " + free_spin_reel_counter[0]): null

2019-08-23 18:54:28 - [TEST_STEP][PASSED] - println("reel 4 wild found: " + free_spin_reel_counter[1]): null

2019-08-23 18:54:28 - [TEST_STEP][PASSED] - println("reel 5 wild found: " + free_spin_reel_counter[2]): null

2019-08-23 18:54:28 - [TEST_STEP][PASSED] - M4_spin_reels = M4_spin_reels: null

2019-08-23 18:54:28 - [TEST_STEP][PASSED] - M4_spin_reels_symbols = symbol: null

2019-08-23 18:54:28 - [TEST_STEP][PASSED] - M4_spin_reels_symbols = M4_spin_reels_symbols: null

2019-08-23 18:54:28 - [TEST_STEP][PASSED] - M4_spin_reel_wins = reel_wins: null

2019-08-23 18:54:28 - [TEST_STEP][PASSED] - M4_spin_reel_wins = M4_spin_reel_wins: null

2019-08-23 18:54:28 - [TEST_STEP][PASSED] - println("GlobalVariable.M4_spin_reel_wins is: " + M4_spin_reel_wins): null

2019-08-23 18:54:28 - [TEST_STEP][PASSED] - M4_spin_total_bonus_win_this_round = total_bonus_win_this_round: null

2019-08-23 18:54:28 - [TEST_STEP][PASSED] - M4_spin_total_bonus_win_this_round = M4_spin_total_bonus_win_this_round: null

2019-08-23 18:54:28 - [TEST_STEP][PASSED] - println("GlobalVariable.M4_spin_total_bonus_win_this_round is: " + M4_spin_total_bonus_win_this_round): null

2019-08-23 18:54:28 - [TEST_STEP][PASSED] - M4_spin_bonus_spin_result = spin_result: null

2019-08-23 18:54:28 - [TEST_STEP][PASSED] - M4_spin_bonus_spin_result = M4_spin_bonus_spin_result: null

2019-08-23 18:54:28 - [MESSAGE][PASSED] - Verify response successfully

2019-08-23 18:54:28 - [MESSAGE][PASSED] - Send request and verify the response successfully

2019-08-23 18:54:28 - [TEST_STEP][PASSED] - if (free_spin_reel_counter[0] &gt;= 1 &amp;&amp; free_spin_reel_counter[1] &gt;= 1 &amp;&amp; free_spin_reel_counter[2] &gt;= 1): null

2019-08-23 18:54:28 - [TEST_STEP][PASSED] - spin_result = sendRequestAndVerify(findTestObject("INT/RGS(M4)/1_M4_spin", ["M4_login_user_id":M4_login_user_id, "rgs_session_token":rgs_session_token, "partner":Partner])): Send request and verify the response successfully

2019-08-23 18:54:29 - [MESSAGE][INFO] - HAR: /Users/eiralee/Katalon_Script/SuperWild/Reports/20190823_184757/INT/superWild_1/20190823_184757/requests/main/138.har

2019-08-23 18:54:29 - [TEST_CASE][PASSED] - Start Test Case : Verification: Verification accomplished successfully

2019-08-23 18:54:29 - [TEST_STEP][PASSED] - request = getInstance().getCurrentRequest(): null

2019-08-23 18:54:29 - [TEST_STEP][PASSED] - response = getInstance().getCurrentResponse(): null

2019-08-23 18:54:29 - [TEST_STEP][PASSED] - verifyResponseStatusCode(response, 200): Verify response status code successfully

2019-08-23 18:54:29 - [MESSAGE][PASSED] - Verify response status code successfully

2019-08-23 18:54:29 - [TEST_STEP][PASSED] - getStatusCode()).isEqualTo(200): null

2019-08-23 18:54:29 - [TEST_STEP][PASSED] - newline = System.getProperty("line.separator"): null

2019-08-23 18:54:29 - [TEST_STEP][PASSED] - M4_spin = new groovy.json.JsonSlurper(): null

2019-08-23 18:54:29 - [TEST_STEP][PASSED] - result_M4_spin = M4_spin.parseText(response.getResponseBodyContent()): null

2019-08-23 18:54:29 - [TEST_STEP][PASSED] - M4_spin_current_balance = current_balance: null

2019-08-23 18:54:29 - [TEST_STEP][PASSED] - M4_spin_current_balance = M4_spin_current_balance: null

2019-08-23 18:54:29 - [TEST_STEP][PASSED] - M4_spin_transaction_id = causality: null

2019-08-23 18:54:29 - [TEST_STEP][PASSED] - M4_spin_transaction_id = M4_spin_transaction_id: null

2019-08-23 18:54:29 - [TEST_STEP][PASSED] - M4_spin_round_id = round_id: null

2019-08-23 18:54:29 - [TEST_STEP][PASSED] - M4_spin_round_id = M4_spin_round_id: null

2019-08-23 18:54:29 - [TEST_STEP][PASSED] - M4_spin_line_wins = line_wins: null

2019-08-23 18:54:29 - [TEST_STEP][PASSED] - M4_spin_line_wins = M4_spin_line_wins: null

2019-08-23 18:54:29 - [TEST_STEP][PASSED] - M4_total_bonus_spins_int = total_bonus_spins: null

2019-08-23 18:54:29 - [TEST_STEP][PASSED] - println("******M4_total_bonus_spins type is:*******" + newline + getClass().getName()): null

2019-08-23 18:54:29 - [TEST_STEP][PASSED] - M4_total_bonus_spins_int = M4_total_bonus_spins_int: null

2019-08-23 18:54:29 - [TEST_STEP][PASSED] - M4_total_bonus_spins = Integer.toString(M4_total_bonus_spins_int): null

2019-08-23 18:54:29 - [TEST_STEP][PASSED] - M4_total_bonus_spins = M4_total_bonus_spins: null

2019-08-23 18:54:29 - [TEST_STEP][PASSED] - println("M4_total_bonus_spins is:" + M4_total_bonus_spins): null

2019-08-23 18:54:29 - [TEST_STEP][PASSED] - M4_spin_bonus_data = bonus_data: null

2019-08-23 18:54:29 - [TEST_STEP][PASSED] - M4_spin_features_triggered = result_M4_spin: null

2019-08-23 18:54:29 - [TEST_STEP][PASSED] - wild = []: null

2019-08-23 18:54:29 - [TEST_STEP][PASSED] - wild[0] = "WILD_Expanding": null

2019-08-23 18:54:29 - [TEST_STEP][PASSED] - wild[1] = "WILD_Normal": null

2019-08-23 18:54:29 - [TEST_STEP][PASSED] - wild[2] = "WILD_Double": null

2019-08-23 18:54:29 - [TEST_STEP][PASSED] - wild[3] = "WILD_ExtraFG": null

2019-08-23 18:54:29 - [TEST_STEP][PASSED] - wild[4] = "WILD_Triple": null

2019-08-23 18:54:29 - [TEST_STEP][PASSED] - wildList = Arrays.asList(wild): null

2019-08-23 18:54:29 - [TEST_STEP][PASSED] - wildList = wildList: null

2019-08-23 18:54:29 - [TEST_STEP][PASSED] - free_spin_reel_counter = []: null

2019-08-23 18:54:29 - [TEST_STEP][PASSED] - free_spin_reel_counter[0] = 0: null

2019-08-23 18:54:29 - [TEST_STEP][PASSED] - free_spin_reel_counter[1] = 0: null

2019-08-23 18:54:29 - [TEST_STEP][PASSED] - free_spin_reel_counter[2] = 0: null

2019-08-23 18:54:29 - [TEST_STEP][PASSED] - M4_spin_reels = reels: null

2019-08-23 18:54:29 - [TEST_STEP][PASSED] - for ([i = 0, i &lt; M4_spin_reels.size(), (i++)]): null

2019-08-23 18:54:29 - [TEST_STEP][PASSED] - symbols = symbols: null

2019-08-23 18:54:29 - [TEST_STEP][PASSED] - for ([j = 0, j &lt; symbols.size(), (j++)]): null

2019-08-23 18:54:29 - [TEST_STEP][PASSED] - symbol = symbol: null

2019-08-23 18:54:29 - [TEST_STEP][PASSED] - println(symbol): null

2019-08-23 18:54:29 - [TEST_STEP][PASSED] - if (i == 2 &amp;&amp; wildList.indexOf(symbol) != -1): null

2019-08-23 18:54:29 - [TEST_STEP][PASSED] - if (i == 3 &amp;&amp; wildList.indexOf(symbol) != -1): null

2019-08-23 18:54:29 - [TEST_STEP][PASSED] - if (i == 4 &amp;&amp; wildList.indexOf(symbol) != -1): null

2019-08-23 18:54:29 - [TEST_STEP][PASSED] - symbol = symbol: null

2019-08-23 18:54:29 - [TEST_STEP][PASSED] - println(symbol): null

2019-08-23 18:54:29 - [TEST_STEP][PASSED] - if (i == 2 &amp;&amp; wildList.indexOf(symbol) != -1): null

2019-08-23 18:54:29 - [TEST_STEP][PASSED] - if (i == 3 &amp;&amp; wildList.indexOf(symbol) != -1): null

2019-08-23 18:54:29 - [TEST_STEP][PASSED] - if (i == 4 &amp;&amp; wildList.indexOf(symbol) != -1): null

2019-08-23 18:54:29 - [TEST_STEP][PASSED] - symbol = symbol: null

2019-08-23 18:54:29 - [TEST_STEP][PASSED] - println(symbol): null

2019-08-23 18:54:29 - [TEST_STEP][PASSED] - if (i == 2 &amp;&amp; wildList.indexOf(symbol) != -1): null

2019-08-23 18:54:29 - [TEST_STEP][PASSED] - if (i == 3 &amp;&amp; wildList.indexOf(symbol) != -1): null

2019-08-23 18:54:29 - [TEST_STEP][PASSED] - if (i == 4 &amp;&amp; wildList.indexOf(symbol) != -1): null

2019-08-23 18:54:29 - [TEST_STEP][PASSED] - symbols = symbols: null

2019-08-23 18:54:29 - [TEST_STEP][PASSED] - for ([j = 0, j &lt; symbols.size(), (j++)]): null

2019-08-23 18:54:29 - [TEST_STEP][PASSED] - symbol = symbol: null

2019-08-23 18:54:29 - [TEST_STEP][PASSED] - println(symbol): null

2019-08-23 18:54:29 - [TEST_STEP][PASSED] - if (i == 2 &amp;&amp; wildList.indexOf(symbol) != -1): null

2019-08-23 18:54:29 - [TEST_STEP][PASSED] - if (i == 3 &amp;&amp; wildList.indexOf(symbol) != -1): null

2019-08-23 18:54:29 - [TEST_STEP][PASSED] - if (i == 4 &amp;&amp; wildList.indexOf(symbol) != -1): null

2019-08-23 18:54:29 - [TEST_STEP][PASSED] - symbol = symbol: null

2019-08-23 18:54:29 - [TEST_STEP][PASSED] - println(symbol): null

2019-08-23 18:54:29 - [TEST_STEP][PASSED] - if (i == 2 &amp;&amp; wildList.indexOf(symbol) != -1): null

2019-08-23 18:54:29 - [TEST_STEP][PASSED] - if (i == 3 &amp;&amp; wildList.indexOf(symbol) != -1): null

2019-08-23 18:54:29 - [TEST_STEP][PASSED] - if (i == 4 &amp;&amp; wildList.indexOf(symbol) != -1): null

2019-08-23 18:54:29 - [TEST_STEP][PASSED] - symbol = symbol: null

2019-08-23 18:54:29 - [TEST_STEP][PASSED] - println(symbol): null

2019-08-23 18:54:29 - [TEST_STEP][PASSED] - if (i == 2 &amp;&amp; wildList.indexOf(symbol) != -1): null

2019-08-23 18:54:29 - [TEST_STEP][PASSED] - if (i == 3 &amp;&amp; wildList.indexOf(symbol) != -1): null

2019-08-23 18:54:29 - [TEST_STEP][PASSED] - if (i == 4 &amp;&amp; wildList.indexOf(symbol) != -1): null

2019-08-23 18:54:29 - [TEST_STEP][PASSED] - symbols = symbols: null

2019-08-23 18:54:29 - [TEST_STEP][PASSED] - for ([j = 0, j &lt; symbols.size(), (j++)]): null

2019-08-23 18:54:29 - [TEST_STEP][PASSED] - symbol = symbol: null

2019-08-23 18:54:29 - [TEST_STEP][PASSED] - println(symbol): null

2019-08-23 18:54:29 - [TEST_STEP][PASSED] - if (i == 2 &amp;&amp; wildList.indexOf(symbol) != -1): null

2019-08-23 18:54:29 - [TEST_STEP][PASSED] - if (i == 3 &amp;&amp; wildList.indexOf(symbol) != -1): null

2019-08-23 18:54:29 - [TEST_STEP][PASSED] - if (i == 4 &amp;&amp; wildList.indexOf(symbol) != -1): null

2019-08-23 18:54:29 - [TEST_STEP][PASSED] - symbol = symbol: null

2019-08-23 18:54:29 - [TEST_STEP][PASSED] - println(symbol): null

2019-08-23 18:54:29 - [TEST_STEP][PASSED] - if (i == 2 &amp;&amp; wildList.indexOf(symbol) != -1): null

2019-08-23 18:54:29 - [TEST_STEP][PASSED] - if (i == 3 &amp;&amp; wildList.indexOf(symbol) != -1): null

2019-08-23 18:54:29 - [TEST_STEP][PASSED] - if (i == 4 &amp;&amp; wildList.indexOf(symbol) != -1): null

2019-08-23 18:54:29 - [TEST_STEP][PASSED] - symbol = symbol: null

2019-08-23 18:54:29 - [TEST_STEP][PASSED] - println(symbol): null

2019-08-23 18:54:29 - [TEST_STEP][PASSED] - if (i == 2 &amp;&amp; wildList.indexOf(symbol) != -1): null

2019-08-23 18:54:29 - [TEST_STEP][PASSED] - if (i == 3 &amp;&amp; wildList.indexOf(symbol) != -1): null

2019-08-23 18:54:29 - [TEST_STEP][PASSED] - if (i == 4 &amp;&amp; wildList.indexOf(symbol) != -1): null

2019-08-23 18:54:29 - [TEST_STEP][PASSED] - symbols = symbols: null

2019-08-23 18:54:29 - [TEST_STEP][PASSED] - for ([j = 0, j &lt; symbols.size(), (j++)]): null

2019-08-23 18:54:29 - [TEST_STEP][PASSED] - symbol = symbol: null

2019-08-23 18:54:29 - [TEST_STEP][PASSED] - println(symbol): null

2019-08-23 18:54:29 - [TEST_STEP][PASSED] - if (i == 2 &amp;&amp; wildList.indexOf(symbol) != -1): null

2019-08-23 18:54:29 - [TEST_STEP][PASSED] - if (i == 3 &amp;&amp; wildList.indexOf(symbol) != -1): null

2019-08-23 18:54:29 - [TEST_STEP][PASSED] - if (i == 4 &amp;&amp; wildList.indexOf(symbol) != -1): null

2019-08-23 18:54:29 - [TEST_STEP][PASSED] - symbol = symbol: null

2019-08-23 18:54:29 - [TEST_STEP][PASSED] - println(symbol): null

2019-08-23 18:54:29 - [TEST_STEP][PASSED] - if (i == 2 &amp;&amp; wildList.indexOf(symbol) != -1): null

2019-08-23 18:54:29 - [TEST_STEP][PASSED] - if (i == 3 &amp;&amp; wildList.indexOf(symbol) != -1): null

2019-08-23 18:54:29 - [TEST_STEP][PASSED] - if (i == 4 &amp;&amp; wildList.indexOf(symbol) != -1): null

2019-08-23 18:54:29 - [TEST_STEP][PASSED] - symbol = symbol: null

2019-08-23 18:54:29 - [TEST_STEP][PASSED] - println(symbol): null

2019-08-23 18:54:29 - [TEST_STEP][PASSED] - if (i == 2 &amp;&amp; wildList.indexOf(symbol) != -1): null

2019-08-23 18:54:29 - [TEST_STEP][PASSED] - if (i == 3 &amp;&amp; wildList.indexOf(symbol) != -1): null

2019-08-23 18:54:29 - [TEST_STEP][PASSED] - if (i == 4 &amp;&amp; wildList.indexOf(symbol) != -1): null

2019-08-23 18:54:29 - [TEST_STEP][PASSED] - symbols = symbols: null

2019-08-23 18:54:29 - [TEST_STEP][PASSED] - for ([j = 0, j &lt; symbols.size(), (j++)]): null

2019-08-23 18:54:29 - [TEST_STEP][PASSED] - symbol = symbol: null

2019-08-23 18:54:29 - [TEST_STEP][PASSED] - println(symbol): null

2019-08-23 18:54:29 - [TEST_STEP][PASSED] - if (i == 2 &amp;&amp; wildList.indexOf(symbol) != -1): null

2019-08-23 18:54:29 - [TEST_STEP][PASSED] - if (i == 3 &amp;&amp; wildList.indexOf(symbol) != -1): null

2019-08-23 18:54:29 - [TEST_STEP][PASSED] - if (i == 4 &amp;&amp; wildList.indexOf(symbol) != -1): null

2019-08-23 18:54:29 - [TEST_STEP][PASSED] - symbol = symbol: null

2019-08-23 18:54:29 - [TEST_STEP][PASSED] - println(symbol): null

2019-08-23 18:54:29 - [TEST_STEP][PASSED] - if (i == 2 &amp;&amp; wildList.indexOf(symbol) != -1): null

2019-08-23 18:54:29 - [TEST_STEP][PASSED] - if (i == 3 &amp;&amp; wildList.indexOf(symbol) != -1): null

2019-08-23 18:54:29 - [TEST_STEP][PASSED] - if (i == 4 &amp;&amp; wildList.indexOf(symbol) != -1): null

2019-08-23 18:54:29 - [TEST_STEP][PASSED] - symbol = symbol: null

2019-08-23 18:54:29 - [TEST_STEP][PASSED] - println(symbol): null

2019-08-23 18:54:29 - [TEST_STEP][PASSED] - if (i == 2 &amp;&amp; wildList.indexOf(symbol) != -1): null

2019-08-23 18:54:29 - [TEST_STEP][PASSED] - if (i == 3 &amp;&amp; wildList.indexOf(symbol) != -1): null

2019-08-23 18:54:29 - [TEST_STEP][PASSED] - if (i == 4 &amp;&amp; wildList.indexOf(symbol) != -1): null

2019-08-23 18:54:29 - [TEST_STEP][PASSED] - println("wild found on reel 5, adding counter by 1"): null

2019-08-23 18:54:29 - [TEST_STEP][PASSED] - free_spin_reel_counter[2] = free_spin_reel_counter[2] + 1: null

2019-08-23 18:54:29 - [TEST_STEP][PASSED] - free_spin_reel_counter = free_spin_reel_counter: null

2019-08-23 18:54:29 - [TEST_STEP][PASSED] - println("reel 3 wild found: " + free_spin_reel_counter[0]): null

2019-08-23 18:54:29 - [TEST_STEP][PASSED] - println("reel 4 wild found: " + free_spin_reel_counter[1]): null

2019-08-23 18:54:29 - [TEST_STEP][PASSED] - println("reel 5 wild found: " + free_spin_reel_counter[2]): null

2019-08-23 18:54:29 - [TEST_STEP][PASSED] - M4_spin_reels = M4_spin_reels: null

2019-08-23 18:54:29 - [TEST_STEP][PASSED] - M4_spin_reels_symbols = symbol: null

2019-08-23 18:54:29 - [TEST_STEP][PASSED] - M4_spin_reels_symbols = M4_spin_reels_symbols: null

2019-08-23 18:54:29 - [TEST_STEP][PASSED] - M4_spin_reel_wins = reel_wins: null

2019-08-23 18:54:29 - [TEST_STEP][PASSED] - M4_spin_reel_wins = M4_spin_reel_wins: null

2019-08-23 18:54:29 - [TEST_STEP][PASSED] - println("GlobalVariable.M4_spin_reel_wins is: " + M4_spin_reel_wins): null

2019-08-23 18:54:29 - [TEST_STEP][PASSED] - M4_spin_total_bonus_win_this_round = total_bonus_win_this_round: null

2019-08-23 18:54:29 - [TEST_STEP][PASSED] - M4_spin_total_bonus_win_this_round = M4_spin_total_bonus_win_this_round: null

2019-08-23 18:54:29 - [TEST_STEP][PASSED] - println("GlobalVariable.M4_spin_total_bonus_win_this_round is: " + M4_spin_total_bonus_win_this_round): null

2019-08-23 18:54:29 - [TEST_STEP][PASSED] - M4_spin_bonus_spin_result = spin_result: null

2019-08-23 18:54:29 - [TEST_STEP][PASSED] - M4_spin_bonus_spin_result = M4_spin_bonus_spin_result: null

2019-08-23 18:54:29 - [MESSAGE][PASSED] - Verify response successfully

2019-08-23 18:54:29 - [MESSAGE][PASSED] - Send request and verify the response successfully

2019-08-23 18:54:29 - [TEST_STEP][PASSED] - if (free_spin_reel_counter[0] &gt;= 1 &amp;&amp; free_spin_reel_counter[1] &gt;= 1 &amp;&amp; free_spin_reel_counter[2] &gt;= 1): null

2019-08-23 18:54:31 - [TEST_STEP][PASSED] - spin_result = sendRequestAndVerify(findTestObject("INT/RGS(M4)/1_M4_spin", ["M4_login_user_id":M4_login_user_id, "rgs_session_token":rgs_session_token, "partner":Partner])): Send request and verify the response successfully

2019-08-23 18:54:31 - [MESSAGE][INFO] - HAR: /Users/eiralee/Katalon_Script/SuperWild/Reports/20190823_184757/INT/superWild_1/20190823_184757/requests/main/139.har

2019-08-23 18:54:32 - [TEST_CASE][PASSED] - Start Test Case : Verification: Verification accomplished successfully

2019-08-23 18:54:32 - [TEST_STEP][PASSED] - request = getInstance().getCurrentRequest(): null

2019-08-23 18:54:32 - [TEST_STEP][PASSED] - response = getInstance().getCurrentResponse(): null

2019-08-23 18:54:32 - [TEST_STEP][PASSED] - verifyResponseStatusCode(response, 200): Verify response status code successfully

2019-08-23 18:54:32 - [MESSAGE][PASSED] - Verify response status code successfully

2019-08-23 18:54:32 - [TEST_STEP][PASSED] - getStatusCode()).isEqualTo(200): null

2019-08-23 18:54:32 - [TEST_STEP][PASSED] - newline = System.getProperty("line.separator"): null

2019-08-23 18:54:32 - [TEST_STEP][PASSED] - M4_spin = new groovy.json.JsonSlurper(): null

2019-08-23 18:54:32 - [TEST_STEP][PASSED] - result_M4_spin = M4_spin.parseText(response.getResponseBodyContent()): null

2019-08-23 18:54:32 - [TEST_STEP][PASSED] - M4_spin_current_balance = current_balance: null

2019-08-23 18:54:32 - [TEST_STEP][PASSED] - M4_spin_current_balance = M4_spin_current_balance: null

2019-08-23 18:54:32 - [TEST_STEP][PASSED] - M4_spin_transaction_id = causality: null

2019-08-23 18:54:32 - [TEST_STEP][PASSED] - M4_spin_transaction_id = M4_spin_transaction_id: null

2019-08-23 18:54:32 - [TEST_STEP][PASSED] - M4_spin_round_id = round_id: null

2019-08-23 18:54:32 - [TEST_STEP][PASSED] - M4_spin_round_id = M4_spin_round_id: null

2019-08-23 18:54:32 - [TEST_STEP][PASSED] - M4_spin_line_wins = line_wins: null

2019-08-23 18:54:32 - [TEST_STEP][PASSED] - M4_spin_line_wins = M4_spin_line_wins: null

2019-08-23 18:54:32 - [TEST_STEP][PASSED] - M4_total_bonus_spins_int = total_bonus_spins: null

2019-08-23 18:54:32 - [TEST_STEP][PASSED] - println("******M4_total_bonus_spins type is:*******" + newline + getClass().getName()): null

2019-08-23 18:54:32 - [TEST_STEP][PASSED] - M4_total_bonus_spins_int = M4_total_bonus_spins_int: null

2019-08-23 18:54:32 - [TEST_STEP][PASSED] - M4_total_bonus_spins = Integer.toString(M4_total_bonus_spins_int): null

2019-08-23 18:54:32 - [TEST_STEP][PASSED] - M4_total_bonus_spins = M4_total_bonus_spins: null

2019-08-23 18:54:32 - [TEST_STEP][PASSED] - println("M4_total_bonus_spins is:" + M4_total_bonus_spins): null

2019-08-23 18:54:32 - [TEST_STEP][PASSED] - M4_spin_bonus_data = bonus_data: null

2019-08-23 18:54:32 - [TEST_STEP][PASSED] - M4_spin_features_triggered = result_M4_spin: null

2019-08-23 18:54:32 - [TEST_STEP][PASSED] - wild = []: null

2019-08-23 18:54:32 - [TEST_STEP][PASSED] - wild[0] = "WILD_Expanding": null

2019-08-23 18:54:32 - [TEST_STEP][PASSED] - wild[1] = "WILD_Normal": null

2019-08-23 18:54:32 - [TEST_STEP][PASSED] - wild[2] = "WILD_Double": null

2019-08-23 18:54:32 - [TEST_STEP][PASSED] - wild[3] = "WILD_ExtraFG": null

2019-08-23 18:54:32 - [TEST_STEP][PASSED] - wild[4] = "WILD_Triple": null

2019-08-23 18:54:32 - [TEST_STEP][PASSED] - wildList = Arrays.asList(wild): null

2019-08-23 18:54:32 - [TEST_STEP][PASSED] - wildList = wildList: null

2019-08-23 18:54:32 - [TEST_STEP][PASSED] - free_spin_reel_counter = []: null

2019-08-23 18:54:32 - [TEST_STEP][PASSED] - free_spin_reel_counter[0] = 0: null

2019-08-23 18:54:32 - [TEST_STEP][PASSED] - free_spin_reel_counter[1] = 0: null

2019-08-23 18:54:32 - [TEST_STEP][PASSED] - free_spin_reel_counter[2] = 0: null

2019-08-23 18:54:32 - [TEST_STEP][PASSED] - M4_spin_reels = reels: null

2019-08-23 18:54:32 - [TEST_STEP][PASSED] - for ([i = 0, i &lt; M4_spin_reels.size(), (i++)]): null

2019-08-23 18:54:32 - [TEST_STEP][PASSED] - symbols = symbols: null

2019-08-23 18:54:32 - [TEST_STEP][PASSED] - for ([j = 0, j &lt; symbols.size(), (j++)]): null

2019-08-23 18:54:32 - [TEST_STEP][PASSED] - symbol = symbol: null

2019-08-23 18:54:32 - [TEST_STEP][PASSED] - println(symbol): null

2019-08-23 18:54:32 - [TEST_STEP][PASSED] - if (i == 2 &amp;&amp; wildList.indexOf(symbol) != -1): null

2019-08-23 18:54:32 - [TEST_STEP][PASSED] - if (i == 3 &amp;&amp; wildList.indexOf(symbol) != -1): null

2019-08-23 18:54:32 - [TEST_STEP][PASSED] - if (i == 4 &amp;&amp; wildList.indexOf(symbol) != -1): null

2019-08-23 18:54:32 - [TEST_STEP][PASSED] - symbol = symbol: null

2019-08-23 18:54:32 - [TEST_STEP][PASSED] - println(symbol): null

2019-08-23 18:54:32 - [TEST_STEP][PASSED] - if (i == 2 &amp;&amp; wildList.indexOf(symbol) != -1): null

2019-08-23 18:54:32 - [TEST_STEP][PASSED] - if (i == 3 &amp;&amp; wildList.indexOf(symbol) != -1): null

2019-08-23 18:54:32 - [TEST_STEP][PASSED] - if (i == 4 &amp;&amp; wildList.indexOf(symbol) != -1): null

2019-08-23 18:54:32 - [TEST_STEP][PASSED] - symbol = symbol: null

2019-08-23 18:54:32 - [TEST_STEP][PASSED] - println(symbol): null

2019-08-23 18:54:32 - [TEST_STEP][PASSED] - if (i == 2 &amp;&amp; wildList.indexOf(symbol) != -1): null

2019-08-23 18:54:32 - [TEST_STEP][PASSED] - if (i == 3 &amp;&amp; wildList.indexOf(symbol) != -1): null

2019-08-23 18:54:32 - [TEST_STEP][PASSED] - if (i == 4 &amp;&amp; wildList.indexOf(symbol) != -1): null

2019-08-23 18:54:32 - [TEST_STEP][PASSED] - symbols = symbols: null

2019-08-23 18:54:32 - [TEST_STEP][PASSED] - for ([j = 0, j &lt; symbols.size(), (j++)]): null

2019-08-23 18:54:32 - [TEST_STEP][PASSED] - symbol = symbol: null

2019-08-23 18:54:32 - [TEST_STEP][PASSED] - println(symbol): null

2019-08-23 18:54:32 - [TEST_STEP][PASSED] - if (i == 2 &amp;&amp; wildList.indexOf(symbol) != -1): null

2019-08-23 18:54:32 - [TEST_STEP][PASSED] - if (i == 3 &amp;&amp; wildList.indexOf(symbol) != -1): null

2019-08-23 18:54:32 - [TEST_STEP][PASSED] - if (i == 4 &amp;&amp; wildList.indexOf(symbol) != -1): null

2019-08-23 18:54:32 - [TEST_STEP][PASSED] - symbol = symbol: null

2019-08-23 18:54:32 - [TEST_STEP][PASSED] - println(symbol): null

2019-08-23 18:54:32 - [TEST_STEP][PASSED] - if (i == 2 &amp;&amp; wildList.indexOf(symbol) != -1): null

2019-08-23 18:54:32 - [TEST_STEP][PASSED] - if (i == 3 &amp;&amp; wildList.indexOf(symbol) != -1): null

2019-08-23 18:54:32 - [TEST_STEP][PASSED] - if (i == 4 &amp;&amp; wildList.indexOf(symbol) != -1): null

2019-08-23 18:54:32 - [TEST_STEP][PASSED] - symbol = symbol: null

2019-08-23 18:54:32 - [TEST_STEP][PASSED] - println(symbol): null

2019-08-23 18:54:32 - [TEST_STEP][PASSED] - if (i == 2 &amp;&amp; wildList.indexOf(symbol) != -1): null

2019-08-23 18:54:32 - [TEST_STEP][PASSED] - if (i == 3 &amp;&amp; wildList.indexOf(symbol) != -1): null

2019-08-23 18:54:32 - [TEST_STEP][PASSED] - if (i == 4 &amp;&amp; wildList.indexOf(symbol) != -1): null

2019-08-23 18:54:32 - [TEST_STEP][PASSED] - symbols = symbols: null

2019-08-23 18:54:32 - [TEST_STEP][PASSED] - for ([j = 0, j &lt; symbols.size(), (j++)]): null

2019-08-23 18:54:32 - [TEST_STEP][PASSED] - symbol = symbol: null

2019-08-23 18:54:32 - [TEST_STEP][PASSED] - println(symbol): null

2019-08-23 18:54:32 - [TEST_STEP][PASSED] - if (i == 2 &amp;&amp; wildList.indexOf(symbol) != -1): null

2019-08-23 18:54:32 - [TEST_STEP][PASSED] - if (i == 3 &amp;&amp; wildList.indexOf(symbol) != -1): null

2019-08-23 18:54:32 - [TEST_STEP][PASSED] - if (i == 4 &amp;&amp; wildList.indexOf(symbol) != -1): null

2019-08-23 18:54:32 - [TEST_STEP][PASSED] - symbol = symbol: null

2019-08-23 18:54:32 - [TEST_STEP][PASSED] - println(symbol): null

2019-08-23 18:54:32 - [TEST_STEP][PASSED] - if (i == 2 &amp;&amp; wildList.indexOf(symbol) != -1): null

2019-08-23 18:54:32 - [TEST_STEP][PASSED] - if (i == 3 &amp;&amp; wildList.indexOf(symbol) != -1): null

2019-08-23 18:54:32 - [TEST_STEP][PASSED] - if (i == 4 &amp;&amp; wildList.indexOf(symbol) != -1): null

2019-08-23 18:54:32 - [TEST_STEP][PASSED] - symbol = symbol: null

2019-08-23 18:54:32 - [TEST_STEP][PASSED] - println(symbol): null

2019-08-23 18:54:32 - [TEST_STEP][PASSED] - if (i == 2 &amp;&amp; wildList.indexOf(symbol) != -1): null

2019-08-23 18:54:32 - [TEST_STEP][PASSED] - if (i == 3 &amp;&amp; wildList.indexOf(symbol) != -1): null

2019-08-23 18:54:32 - [TEST_STEP][PASSED] - if (i == 4 &amp;&amp; wildList.indexOf(symbol) != -1): null

2019-08-23 18:54:32 - [TEST_STEP][PASSED] - symbols = symbols: null

2019-08-23 18:54:32 - [TEST_STEP][PASSED] - for ([j = 0, j &lt; symbols.size(), (j++)]): null

2019-08-23 18:54:32 - [TEST_STEP][PASSED] - symbol = symbol: null

2019-08-23 18:54:32 - [TEST_STEP][PASSED] - println(symbol): null

2019-08-23 18:54:32 - [TEST_STEP][PASSED] - if (i == 2 &amp;&amp; wildList.indexOf(symbol) != -1): null

2019-08-23 18:54:32 - [TEST_STEP][PASSED] - if (i == 3 &amp;&amp; wildList.indexOf(symbol) != -1): null

2019-08-23 18:54:32 - [TEST_STEP][PASSED] - if (i == 4 &amp;&amp; wildList.indexOf(symbol) != -1): null

2019-08-23 18:54:32 - [TEST_STEP][PASSED] - symbol = symbol: null

2019-08-23 18:54:32 - [TEST_STEP][PASSED] - println(symbol): null

2019-08-23 18:54:32 - [TEST_STEP][PASSED] - if (i == 2 &amp;&amp; wildList.indexOf(symbol) != -1): null

2019-08-23 18:54:32 - [TEST_STEP][PASSED] - if (i == 3 &amp;&amp; wildList.indexOf(symbol) != -1): null

2019-08-23 18:54:32 - [TEST_STEP][PASSED] - if (i == 4 &amp;&amp; wildList.indexOf(symbol) != -1): null

2019-08-23 18:54:32 - [TEST_STEP][PASSED] - symbol = symbol: null

2019-08-23 18:54:32 - [TEST_STEP][PASSED] - println(symbol): null

2019-08-23 18:54:32 - [TEST_STEP][PASSED] - if (i == 2 &amp;&amp; wildList.indexOf(symbol) != -1): null

2019-08-23 18:54:32 - [TEST_STEP][PASSED] - if (i == 3 &amp;&amp; wildList.indexOf(symbol) != -1): null

2019-08-23 18:54:32 - [TEST_STEP][PASSED] - if (i == 4 &amp;&amp; wildList.indexOf(symbol) != -1): null

2019-08-23 18:54:32 - [TEST_STEP][PASSED] - symbols = symbols: null

2019-08-23 18:54:32 - [TEST_STEP][PASSED] - for ([j = 0, j &lt; symbols.size(), (j++)]): null

2019-08-23 18:54:32 - [TEST_STEP][PASSED] - symbol = symbol: null

2019-08-23 18:54:32 - [TEST_STEP][PASSED] - println(symbol): null

2019-08-23 18:54:32 - [TEST_STEP][PASSED] - if (i == 2 &amp;&amp; wildList.indexOf(symbol) != -1): null

2019-08-23 18:54:32 - [TEST_STEP][PASSED] - if (i == 3 &amp;&amp; wildList.indexOf(symbol) != -1): null

2019-08-23 18:54:32 - [TEST_STEP][PASSED] - if (i == 4 &amp;&amp; wildList.indexOf(symbol) != -1): null

2019-08-23 18:54:32 - [TEST_STEP][PASSED] - symbol = symbol: null

2019-08-23 18:54:32 - [TEST_STEP][PASSED] - println(symbol): null

2019-08-23 18:54:32 - [TEST_STEP][PASSED] - if (i == 2 &amp;&amp; wildList.indexOf(symbol) != -1): null

2019-08-23 18:54:32 - [TEST_STEP][PASSED] - if (i == 3 &amp;&amp; wildList.indexOf(symbol) != -1): null

2019-08-23 18:54:32 - [TEST_STEP][PASSED] - if (i == 4 &amp;&amp; wildList.indexOf(symbol) != -1): null

2019-08-23 18:54:32 - [TEST_STEP][PASSED] - symbol = symbol: null

2019-08-23 18:54:32 - [TEST_STEP][PASSED] - println(symbol): null

2019-08-23 18:54:32 - [TEST_STEP][PASSED] - if (i == 2 &amp;&amp; wildList.indexOf(symbol) != -1): null

2019-08-23 18:54:32 - [TEST_STEP][PASSED] - if (i == 3 &amp;&amp; wildList.indexOf(symbol) != -1): null

2019-08-23 18:54:32 - [TEST_STEP][PASSED] - if (i == 4 &amp;&amp; wildList.indexOf(symbol) != -1): null

2019-08-23 18:54:32 - [TEST_STEP][PASSED] - free_spin_reel_counter = free_spin_reel_counter: null

2019-08-23 18:54:32 - [TEST_STEP][PASSED] - println("reel 3 wild found: " + free_spin_reel_counter[0]): null

2019-08-23 18:54:32 - [TEST_STEP][PASSED] - println("reel 4 wild found: " + free_spin_reel_counter[1]): null

2019-08-23 18:54:32 - [TEST_STEP][PASSED] - println("reel 5 wild found: " + free_spin_reel_counter[2]): null

2019-08-23 18:54:32 - [TEST_STEP][PASSED] - M4_spin_reels = M4_spin_reels: null

2019-08-23 18:54:32 - [TEST_STEP][PASSED] - M4_spin_reels_symbols = symbol: null

2019-08-23 18:54:32 - [TEST_STEP][PASSED] - M4_spin_reels_symbols = M4_spin_reels_symbols: null

2019-08-23 18:54:32 - [TEST_STEP][PASSED] - M4_spin_reel_wins = reel_wins: null

2019-08-23 18:54:32 - [TEST_STEP][PASSED] - M4_spin_reel_wins = M4_spin_reel_wins: null

2019-08-23 18:54:32 - [TEST_STEP][PASSED] - println("GlobalVariable.M4_spin_reel_wins is: " + M4_spin_reel_wins): null

2019-08-23 18:54:32 - [TEST_STEP][PASSED] - M4_spin_total_bonus_win_this_round = total_bonus_win_this_round: null

2019-08-23 18:54:32 - [TEST_STEP][PASSED] - M4_spin_total_bonus_win_this_round = M4_spin_total_bonus_win_this_round: null

2019-08-23 18:54:32 - [TEST_STEP][PASSED] - println("GlobalVariable.M4_spin_total_bonus_win_this_round is: " + M4_spin_total_bonus_win_this_round): null

2019-08-23 18:54:32 - [TEST_STEP][PASSED] - M4_spin_bonus_spin_result = spin_result: null

2019-08-23 18:54:32 - [TEST_STEP][PASSED] - M4_spin_bonus_spin_result = M4_spin_bonus_spin_result: null

2019-08-23 18:54:32 - [MESSAGE][PASSED] - Verify response successfully

2019-08-23 18:54:32 - [MESSAGE][PASSED] - Send request and verify the response successfully

2019-08-23 18:54:32 - [TEST_STEP][PASSED] - if (free_spin_reel_counter[0] &gt;= 1 &amp;&amp; free_spin_reel_counter[1] &gt;= 1 &amp;&amp; free_spin_reel_counter[2] &gt;= 1): null

2019-08-23 18:54:32 - [TEST_STEP][PASSED] - spin_result = sendRequestAndVerify(findTestObject("INT/RGS(M4)/1_M4_spin", ["M4_login_user_id":M4_login_user_id, "rgs_session_token":rgs_session_token, "partner":Partner])): Send request and verify the response successfully

2019-08-23 18:54:32 - [MESSAGE][INFO] - HAR: /Users/eiralee/Katalon_Script/SuperWild/Reports/20190823_184757/INT/superWild_1/20190823_184757/requests/main/140.har

2019-08-23 18:54:32 - [TEST_CASE][PASSED] - Start Test Case : Verification: Verification accomplished successfully

2019-08-23 18:54:32 - [TEST_STEP][PASSED] - request = getInstance().getCurrentRequest(): null

2019-08-23 18:54:32 - [TEST_STEP][PASSED] - response = getInstance().getCurrentResponse(): null

2019-08-23 18:54:32 - [TEST_STEP][PASSED] - verifyResponseStatusCode(response, 200): Verify response status code successfully

2019-08-23 18:54:32 - [MESSAGE][PASSED] - Verify response status code successfully

2019-08-23 18:54:32 - [TEST_STEP][PASSED] - getStatusCode()).isEqualTo(200): null

2019-08-23 18:54:32 - [TEST_STEP][PASSED] - newline = System.getProperty("line.separator"): null

2019-08-23 18:54:32 - [TEST_STEP][PASSED] - M4_spin = new groovy.json.JsonSlurper(): null

2019-08-23 18:54:32 - [TEST_STEP][PASSED] - result_M4_spin = M4_spin.parseText(response.getResponseBodyContent()): null

2019-08-23 18:54:32 - [TEST_STEP][PASSED] - M4_spin_current_balance = current_balance: null

2019-08-23 18:54:32 - [TEST_STEP][PASSED] - M4_spin_current_balance = M4_spin_current_balance: null

2019-08-23 18:54:32 - [TEST_STEP][PASSED] - M4_spin_transaction_id = causality: null

2019-08-23 18:54:32 - [TEST_STEP][PASSED] - M4_spin_transaction_id = M4_spin_transaction_id: null

2019-08-23 18:54:32 - [TEST_STEP][PASSED] - M4_spin_round_id = round_id: null

2019-08-23 18:54:32 - [TEST_STEP][PASSED] - M4_spin_round_id = M4_spin_round_id: null

2019-08-23 18:54:32 - [TEST_STEP][PASSED] - M4_spin_line_wins = line_wins: null

2019-08-23 18:54:32 - [TEST_STEP][PASSED] - M4_spin_line_wins = M4_spin_line_wins: null

2019-08-23 18:54:32 - [TEST_STEP][PASSED] - M4_total_bonus_spins_int = total_bonus_spins: null

2019-08-23 18:54:32 - [TEST_STEP][PASSED] - println("******M4_total_bonus_spins type is:*******" + newline + getClass().getName()): null

2019-08-23 18:54:32 - [TEST_STEP][PASSED] - M4_total_bonus_spins_int = M4_total_bonus_spins_int: null

2019-08-23 18:54:32 - [TEST_STEP][PASSED] - M4_total_bonus_spins = Integer.toString(M4_total_bonus_spins_int): null

2019-08-23 18:54:32 - [TEST_STEP][PASSED] - M4_total_bonus_spins = M4_total_bonus_spins: null

2019-08-23 18:54:32 - [TEST_STEP][PASSED] - println("M4_total_bonus_spins is:" + M4_total_bonus_spins): null

2019-08-23 18:54:32 - [TEST_STEP][PASSED] - M4_spin_bonus_data = bonus_data: null

2019-08-23 18:54:32 - [TEST_STEP][PASSED] - M4_spin_features_triggered = result_M4_spin: null

2019-08-23 18:54:32 - [TEST_STEP][PASSED] - wild = []: null

2019-08-23 18:54:32 - [TEST_STEP][PASSED] - wild[0] = "WILD_Expanding": null

2019-08-23 18:54:32 - [TEST_STEP][PASSED] - wild[1] = "WILD_Normal": null

2019-08-23 18:54:32 - [TEST_STEP][PASSED] - wild[2] = "WILD_Double": null

2019-08-23 18:54:32 - [TEST_STEP][PASSED] - wild[3] = "WILD_ExtraFG": null

2019-08-23 18:54:32 - [TEST_STEP][PASSED] - wild[4] = "WILD_Triple": null

2019-08-23 18:54:32 - [TEST_STEP][PASSED] - wildList = Arrays.asList(wild): null

2019-08-23 18:54:32 - [TEST_STEP][PASSED] - wildList = wildList: null

2019-08-23 18:54:32 - [TEST_STEP][PASSED] - free_spin_reel_counter = []: null

2019-08-23 18:54:32 - [TEST_STEP][PASSED] - free_spin_reel_counter[0] = 0: null

2019-08-23 18:54:32 - [TEST_STEP][PASSED] - free_spin_reel_counter[1] = 0: null

2019-08-23 18:54:32 - [TEST_STEP][PASSED] - free_spin_reel_counter[2] = 0: null

2019-08-23 18:54:32 - [TEST_STEP][PASSED] - M4_spin_reels = reels: null

2019-08-23 18:54:32 - [TEST_STEP][PASSED] - for ([i = 0, i &lt; M4_spin_reels.size(), (i++)]): null

2019-08-23 18:54:32 - [TEST_STEP][PASSED] - symbols = symbols: null

2019-08-23 18:54:32 - [TEST_STEP][PASSED] - for ([j = 0, j &lt; symbols.size(), (j++)]): null

2019-08-23 18:54:32 - [TEST_STEP][PASSED] - symbol = symbol: null

2019-08-23 18:54:32 - [TEST_STEP][PASSED] - println(symbol): null

2019-08-23 18:54:32 - [TEST_STEP][PASSED] - if (i == 2 &amp;&amp; wildList.indexOf(symbol) != -1): null

2019-08-23 18:54:32 - [TEST_STEP][PASSED] - if (i == 3 &amp;&amp; wildList.indexOf(symbol) != -1): null

2019-08-23 18:54:32 - [TEST_STEP][PASSED] - if (i == 4 &amp;&amp; wildList.indexOf(symbol) != -1): null

2019-08-23 18:54:32 - [TEST_STEP][PASSED] - symbol = symbol: null

2019-08-23 18:54:32 - [TEST_STEP][PASSED] - println(symbol): null

2019-08-23 18:54:32 - [TEST_STEP][PASSED] - if (i == 2 &amp;&amp; wildList.indexOf(symbol) != -1): null

2019-08-23 18:54:32 - [TEST_STEP][PASSED] - if (i == 3 &amp;&amp; wildList.indexOf(symbol) != -1): null

2019-08-23 18:54:32 - [TEST_STEP][PASSED] - if (i == 4 &amp;&amp; wildList.indexOf(symbol) != -1): null

2019-08-23 18:54:32 - [TEST_STEP][PASSED] - symbol = symbol: null

2019-08-23 18:54:32 - [TEST_STEP][PASSED] - println(symbol): null

2019-08-23 18:54:32 - [TEST_STEP][PASSED] - if (i == 2 &amp;&amp; wildList.indexOf(symbol) != -1): null

2019-08-23 18:54:32 - [TEST_STEP][PASSED] - if (i == 3 &amp;&amp; wildList.indexOf(symbol) != -1): null

2019-08-23 18:54:32 - [TEST_STEP][PASSED] - if (i == 4 &amp;&amp; wildList.indexOf(symbol) != -1): null

2019-08-23 18:54:32 - [TEST_STEP][PASSED] - symbols = symbols: null

2019-08-23 18:54:32 - [TEST_STEP][PASSED] - for ([j = 0, j &lt; symbols.size(), (j++)]): null

2019-08-23 18:54:32 - [TEST_STEP][PASSED] - symbol = symbol: null

2019-08-23 18:54:32 - [TEST_STEP][PASSED] - println(symbol): null

2019-08-23 18:54:32 - [TEST_STEP][PASSED] - if (i == 2 &amp;&amp; wildList.indexOf(symbol) != -1): null

2019-08-23 18:54:32 - [TEST_STEP][PASSED] - if (i == 3 &amp;&amp; wildList.indexOf(symbol) != -1): null

2019-08-23 18:54:32 - [TEST_STEP][PASSED] - if (i == 4 &amp;&amp; wildList.indexOf(symbol) != -1): null

2019-08-23 18:54:32 - [TEST_STEP][PASSED] - symbol = symbol: null

2019-08-23 18:54:32 - [TEST_STEP][PASSED] - println(symbol): null

2019-08-23 18:54:32 - [TEST_STEP][PASSED] - if (i == 2 &amp;&amp; wildList.indexOf(symbol) != -1): null

2019-08-23 18:54:32 - [TEST_STEP][PASSED] - if (i == 3 &amp;&amp; wildList.indexOf(symbol) != -1): null

2019-08-23 18:54:32 - [TEST_STEP][PASSED] - if (i == 4 &amp;&amp; wildList.indexOf(symbol) != -1): null

2019-08-23 18:54:32 - [TEST_STEP][PASSED] - symbol = symbol: null

2019-08-23 18:54:32 - [TEST_STEP][PASSED] - println(symbol): null

2019-08-23 18:54:32 - [TEST_STEP][PASSED] - if (i == 2 &amp;&amp; wildList.indexOf(symbol) != -1): null

2019-08-23 18:54:32 - [TEST_STEP][PASSED] - if (i == 3 &amp;&amp; wildList.indexOf(symbol) != -1): null

2019-08-23 18:54:32 - [TEST_STEP][PASSED] - if (i == 4 &amp;&amp; wildList.indexOf(symbol) != -1): null

2019-08-23 18:54:32 - [TEST_STEP][PASSED] - symbols = symbols: null

2019-08-23 18:54:32 - [TEST_STEP][PASSED] - for ([j = 0, j &lt; symbols.size(), (j++)]): null

2019-08-23 18:54:32 - [TEST_STEP][PASSED] - symbol = symbol: null

2019-08-23 18:54:32 - [TEST_STEP][PASSED] - println(symbol): null

2019-08-23 18:54:32 - [TEST_STEP][PASSED] - if (i == 2 &amp;&amp; wildList.indexOf(symbol) != -1): null

2019-08-23 18:54:32 - [TEST_STEP][PASSED] - if (i == 3 &amp;&amp; wildList.indexOf(symbol) != -1): null

2019-08-23 18:54:32 - [TEST_STEP][PASSED] - if (i == 4 &amp;&amp; wildList.indexOf(symbol) != -1): null

2019-08-23 18:54:32 - [TEST_STEP][PASSED] - symbol = symbol: null

2019-08-23 18:54:32 - [TEST_STEP][PASSED] - println(symbol): null

2019-08-23 18:54:32 - [TEST_STEP][PASSED] - if (i == 2 &amp;&amp; wildList.indexOf(symbol) != -1): null

2019-08-23 18:54:32 - [TEST_STEP][PASSED] - if (i == 3 &amp;&amp; wildList.indexOf(symbol) != -1): null

2019-08-23 18:54:32 - [TEST_STEP][PASSED] - if (i == 4 &amp;&amp; wildList.indexOf(symbol) != -1): null

2019-08-23 18:54:32 - [TEST_STEP][PASSED] - symbol = symbol: null

2019-08-23 18:54:32 - [TEST_STEP][PASSED] - println(symbol): null

2019-08-23 18:54:32 - [TEST_STEP][PASSED] - if (i == 2 &amp;&amp; wildList.indexOf(symbol) != -1): null

2019-08-23 18:54:32 - [TEST_STEP][PASSED] - if (i == 3 &amp;&amp; wildList.indexOf(symbol) != -1): null

2019-08-23 18:54:32 - [TEST_STEP][PASSED] - if (i == 4 &amp;&amp; wildList.indexOf(symbol) != -1): null

2019-08-23 18:54:32 - [TEST_STEP][PASSED] - symbols = symbols: null

2019-08-23 18:54:32 - [TEST_STEP][PASSED] - for ([j = 0, j &lt; symbols.size(), (j++)]): null

2019-08-23 18:54:32 - [TEST_STEP][PASSED] - symbol = symbol: null

2019-08-23 18:54:32 - [TEST_STEP][PASSED] - println(symbol): null

2019-08-23 18:54:32 - [TEST_STEP][PASSED] - if (i == 2 &amp;&amp; wildList.indexOf(symbol) != -1): null

2019-08-23 18:54:32 - [TEST_STEP][PASSED] - if (i == 3 &amp;&amp; wildList.indexOf(symbol) != -1): null

2019-08-23 18:54:32 - [TEST_STEP][PASSED] - if (i == 4 &amp;&amp; wildList.indexOf(symbol) != -1): null

2019-08-23 18:54:32 - [TEST_STEP][PASSED] - symbol = symbol: null

2019-08-23 18:54:32 - [TEST_STEP][PASSED] - println(symbol): null

2019-08-23 18:54:32 - [TEST_STEP][PASSED] - if (i == 2 &amp;&amp; wildList.indexOf(symbol) != -1): null

2019-08-23 18:54:32 - [TEST_STEP][PASSED] - if (i == 3 &amp;&amp; wildList.indexOf(symbol) != -1): null

2019-08-23 18:54:32 - [TEST_STEP][PASSED] - if (i == 4 &amp;&amp; wildList.indexOf(symbol) != -1): null

2019-08-23 18:54:32 - [TEST_STEP][PASSED] - symbol = symbol: null

2019-08-23 18:54:32 - [TEST_STEP][PASSED] - println(symbol): null

2019-08-23 18:54:32 - [TEST_STEP][PASSED] - if (i == 2 &amp;&amp; wildList.indexOf(symbol) != -1): null

2019-08-23 18:54:32 - [TEST_STEP][PASSED] - if (i == 3 &amp;&amp; wildList.indexOf(symbol) != -1): null

2019-08-23 18:54:32 - [TEST_STEP][PASSED] - if (i == 4 &amp;&amp; wildList.indexOf(symbol) != -1): null

2019-08-23 18:54:32 - [TEST_STEP][PASSED] - symbols = symbols: null

2019-08-23 18:54:32 - [TEST_STEP][PASSED] - for ([j = 0, j &lt; symbols.size(), (j++)]): null

2019-08-23 18:54:32 - [TEST_STEP][PASSED] - symbol = symbol: null

2019-08-23 18:54:32 - [TEST_STEP][PASSED] - println(symbol): null

2019-08-23 18:54:32 - [TEST_STEP][PASSED] - if (i == 2 &amp;&amp; wildList.indexOf(symbol) != -1): null

2019-08-23 18:54:32 - [TEST_STEP][PASSED] - if (i == 3 &amp;&amp; wildList.indexOf(symbol) != -1): null

2019-08-23 18:54:32 - [TEST_STEP][PASSED] - if (i == 4 &amp;&amp; wildList.indexOf(symbol) != -1): null

2019-08-23 18:54:32 - [TEST_STEP][PASSED] - symbol = symbol: null

2019-08-23 18:54:32 - [TEST_STEP][PASSED] - println(symbol): null

2019-08-23 18:54:32 - [TEST_STEP][PASSED] - if (i == 2 &amp;&amp; wildList.indexOf(symbol) != -1): null

2019-08-23 18:54:32 - [TEST_STEP][PASSED] - if (i == 3 &amp;&amp; wildList.indexOf(symbol) != -1): null

2019-08-23 18:54:32 - [TEST_STEP][PASSED] - if (i == 4 &amp;&amp; wildList.indexOf(symbol) != -1): null

2019-08-23 18:54:32 - [TEST_STEP][PASSED] - symbol = symbol: null

2019-08-23 18:54:32 - [TEST_STEP][PASSED] - println(symbol): null

2019-08-23 18:54:32 - [TEST_STEP][PASSED] - if (i == 2 &amp;&amp; wildList.indexOf(symbol) != -1): null

2019-08-23 18:54:32 - [TEST_STEP][PASSED] - if (i == 3 &amp;&amp; wildList.indexOf(symbol) != -1): null

2019-08-23 18:54:32 - [TEST_STEP][PASSED] - if (i == 4 &amp;&amp; wildList.indexOf(symbol) != -1): null

2019-08-23 18:54:32 - [TEST_STEP][PASSED] - free_spin_reel_counter = free_spin_reel_counter: null

2019-08-23 18:54:32 - [TEST_STEP][PASSED] - println("reel 3 wild found: " + free_spin_reel_counter[0]): null

2019-08-23 18:54:32 - [TEST_STEP][PASSED] - println("reel 4 wild found: " + free_spin_reel_counter[1]): null

2019-08-23 18:54:32 - [TEST_STEP][PASSED] - println("reel 5 wild found: " + free_spin_reel_counter[2]): null

2019-08-23 18:54:32 - [TEST_STEP][PASSED] - M4_spin_reels = M4_spin_reels: null

2019-08-23 18:54:32 - [TEST_STEP][PASSED] - M4_spin_reels_symbols = symbol: null

2019-08-23 18:54:32 - [TEST_STEP][PASSED] - M4_spin_reels_symbols = M4_spin_reels_symbols: null

2019-08-23 18:54:32 - [TEST_STEP][PASSED] - M4_spin_reel_wins = reel_wins: null

2019-08-23 18:54:32 - [TEST_STEP][PASSED] - M4_spin_reel_wins = M4_spin_reel_wins: null

2019-08-23 18:54:32 - [TEST_STEP][PASSED] - println("GlobalVariable.M4_spin_reel_wins is: " + M4_spin_reel_wins): null

2019-08-23 18:54:32 - [TEST_STEP][PASSED] - M4_spin_total_bonus_win_this_round = total_bonus_win_this_round: null

2019-08-23 18:54:32 - [TEST_STEP][PASSED] - M4_spin_total_bonus_win_this_round = M4_spin_total_bonus_win_this_round: null

2019-08-23 18:54:32 - [TEST_STEP][PASSED] - println("GlobalVariable.M4_spin_total_bonus_win_this_round is: " + M4_spin_total_bonus_win_this_round): null

2019-08-23 18:54:32 - [TEST_STEP][PASSED] - M4_spin_bonus_spin_result = spin_result: null

2019-08-23 18:54:32 - [TEST_STEP][PASSED] - M4_spin_bonus_spin_result = M4_spin_bonus_spin_result: null

2019-08-23 18:54:32 - [MESSAGE][PASSED] - Verify response successfully

2019-08-23 18:54:32 - [MESSAGE][PASSED] - Send request and verify the response successfully

2019-08-23 18:54:32 - [TEST_STEP][PASSED] - if (free_spin_reel_counter[0] &gt;= 1 &amp;&amp; free_spin_reel_counter[1] &gt;= 1 &amp;&amp; free_spin_reel_counter[2] &gt;= 1): null

2019-08-23 18:54:32 - [TEST_STEP][PASSED] - spin_result = sendRequestAndVerify(findTestObject("INT/RGS(M4)/1_M4_spin", ["M4_login_user_id":M4_login_user_id, "rgs_session_token":rgs_session_token, "partner":Partner])): Send request and verify the response successfully

2019-08-23 18:54:33 - [MESSAGE][INFO] - HAR: /Users/eiralee/Katalon_Script/SuperWild/Reports/20190823_184757/INT/superWild_1/20190823_184757/requests/main/141.har

2019-08-23 18:54:33 - [TEST_CASE][PASSED] - Start Test Case : Verification: Verification accomplished successfully

2019-08-23 18:54:33 - [TEST_STEP][PASSED] - request = getInstance().getCurrentRequest(): null

2019-08-23 18:54:33 - [TEST_STEP][PASSED] - response = getInstance().getCurrentResponse(): null

2019-08-23 18:54:33 - [TEST_STEP][PASSED] - verifyResponseStatusCode(response, 200): Verify response status code successfully

2019-08-23 18:54:33 - [MESSAGE][PASSED] - Verify response status code successfully

2019-08-23 18:54:33 - [TEST_STEP][PASSED] - getStatusCode()).isEqualTo(200): null

2019-08-23 18:54:33 - [TEST_STEP][PASSED] - newline = System.getProperty("line.separator"): null

2019-08-23 18:54:33 - [TEST_STEP][PASSED] - M4_spin = new groovy.json.JsonSlurper(): null

2019-08-23 18:54:33 - [TEST_STEP][PASSED] - result_M4_spin = M4_spin.parseText(response.getResponseBodyContent()): null

2019-08-23 18:54:33 - [TEST_STEP][PASSED] - M4_spin_current_balance = current_balance: null

2019-08-23 18:54:33 - [TEST_STEP][PASSED] - M4_spin_current_balance = M4_spin_current_balance: null

2019-08-23 18:54:33 - [TEST_STEP][PASSED] - M4_spin_transaction_id = causality: null

2019-08-23 18:54:33 - [TEST_STEP][PASSED] - M4_spin_transaction_id = M4_spin_transaction_id: null

2019-08-23 18:54:33 - [TEST_STEP][PASSED] - M4_spin_round_id = round_id: null

2019-08-23 18:54:33 - [TEST_STEP][PASSED] - M4_spin_round_id = M4_spin_round_id: null

2019-08-23 18:54:33 - [TEST_STEP][PASSED] - M4_spin_line_wins = line_wins: null

2019-08-23 18:54:33 - [TEST_STEP][PASSED] - M4_spin_line_wins = M4_spin_line_wins: null

2019-08-23 18:54:33 - [TEST_STEP][PASSED] - M4_total_bonus_spins_int = total_bonus_spins: null

2019-08-23 18:54:33 - [TEST_STEP][PASSED] - println("******M4_total_bonus_spins type is:*******" + newline + getClass().getName()): null

2019-08-23 18:54:33 - [TEST_STEP][PASSED] - M4_total_bonus_spins_int = M4_total_bonus_spins_int: null

2019-08-23 18:54:33 - [TEST_STEP][PASSED] - M4_total_bonus_spins = Integer.toString(M4_total_bonus_spins_int): null

2019-08-23 18:54:33 - [TEST_STEP][PASSED] - M4_total_bonus_spins = M4_total_bonus_spins: null

2019-08-23 18:54:33 - [TEST_STEP][PASSED] - println("M4_total_bonus_spins is:" + M4_total_bonus_spins): null

2019-08-23 18:54:33 - [TEST_STEP][PASSED] - M4_spin_bonus_data = bonus_data: null

2019-08-23 18:54:33 - [TEST_STEP][PASSED] - M4_spin_features_triggered = result_M4_spin: null

2019-08-23 18:54:33 - [TEST_STEP][PASSED] - wild = []: null

2019-08-23 18:54:33 - [TEST_STEP][PASSED] - wild[0] = "WILD_Expanding": null

2019-08-23 18:54:33 - [TEST_STEP][PASSED] - wild[1] = "WILD_Normal": null

2019-08-23 18:54:33 - [TEST_STEP][PASSED] - wild[2] = "WILD_Double": null

2019-08-23 18:54:33 - [TEST_STEP][PASSED] - wild[3] = "WILD_ExtraFG": null

2019-08-23 18:54:33 - [TEST_STEP][PASSED] - wild[4] = "WILD_Triple": null

2019-08-23 18:54:33 - [TEST_STEP][PASSED] - wildList = Arrays.asList(wild): null

2019-08-23 18:54:33 - [TEST_STEP][PASSED] - wildList = wildList: null

2019-08-23 18:54:33 - [TEST_STEP][PASSED] - free_spin_reel_counter = []: null

2019-08-23 18:54:33 - [TEST_STEP][PASSED] - free_spin_reel_counter[0] = 0: null

2019-08-23 18:54:33 - [TEST_STEP][PASSED] - free_spin_reel_counter[1] = 0: null

2019-08-23 18:54:35 - [TEST_STEP][PASSED] - free_spin_reel_counter[2] = 0: null

2019-08-23 18:54:35 - [TEST_STEP][PASSED] - M4_spin_reels = reels: null

2019-08-23 18:54:35 - [TEST_STEP][PASSED] - for ([i = 0, i &lt; M4_spin_reels.size(), (i++)]): null

2019-08-23 18:54:35 - [TEST_STEP][PASSED] - symbols = symbols: null

2019-08-23 18:54:35 - [TEST_STEP][PASSED] - for ([j = 0, j &lt; symbols.size(), (j++)]): null

2019-08-23 18:54:35 - [TEST_STEP][PASSED] - symbol = symbol: null

2019-08-23 18:54:35 - [TEST_STEP][PASSED] - println(symbol): null

2019-08-23 18:54:35 - [TEST_STEP][PASSED] - if (i == 2 &amp;&amp; wildList.indexOf(symbol) != -1): null

2019-08-23 18:54:35 - [TEST_STEP][PASSED] - if (i == 3 &amp;&amp; wildList.indexOf(symbol) != -1): null

2019-08-23 18:54:35 - [TEST_STEP][PASSED] - if (i == 4 &amp;&amp; wildList.indexOf(symbol) != -1): null

2019-08-23 18:54:35 - [TEST_STEP][PASSED] - symbol = symbol: null

2019-08-23 18:54:35 - [TEST_STEP][PASSED] - println(symbol): null

2019-08-23 18:54:35 - [TEST_STEP][PASSED] - if (i == 2 &amp;&amp; wildList.indexOf(symbol) != -1): null

2019-08-23 18:54:35 - [TEST_STEP][PASSED] - if (i == 3 &amp;&amp; wildList.indexOf(symbol) != -1): null

2019-08-23 18:54:35 - [TEST_STEP][PASSED] - if (i == 4 &amp;&amp; wildList.indexOf(symbol) != -1): null

2019-08-23 18:54:35 - [TEST_STEP][PASSED] - symbol = symbol: null

2019-08-23 18:54:35 - [TEST_STEP][PASSED] - println(symbol): null

2019-08-23 18:54:35 - [TEST_STEP][PASSED] - if (i == 2 &amp;&amp; wildList.indexOf(symbol) != -1): null

2019-08-23 18:54:35 - [TEST_STEP][PASSED] - if (i == 3 &amp;&amp; wildList.indexOf(symbol) != -1): null

2019-08-23 18:54:35 - [TEST_STEP][PASSED] - if (i == 4 &amp;&amp; wildList.indexOf(symbol) != -1): null

2019-08-23 18:54:35 - [TEST_STEP][PASSED] - symbols = symbols: null

2019-08-23 18:54:35 - [TEST_STEP][PASSED] - for ([j = 0, j &lt; symbols.size(), (j++)]): null

2019-08-23 18:54:35 - [TEST_STEP][PASSED] - symbol = symbol: null

2019-08-23 18:54:35 - [TEST_STEP][PASSED] - println(symbol): null

2019-08-23 18:54:35 - [TEST_STEP][PASSED] - if (i == 2 &amp;&amp; wildList.indexOf(symbol) != -1): null

2019-08-23 18:54:35 - [TEST_STEP][PASSED] - if (i == 3 &amp;&amp; wildList.indexOf(symbol) != -1): null

2019-08-23 18:54:35 - [TEST_STEP][PASSED] - if (i == 4 &amp;&amp; wildList.indexOf(symbol) != -1): null

2019-08-23 18:54:35 - [TEST_STEP][PASSED] - symbol = symbol: null

2019-08-23 18:54:35 - [TEST_STEP][PASSED] - println(symbol): null

2019-08-23 18:54:35 - [TEST_STEP][PASSED] - if (i == 2 &amp;&amp; wildList.indexOf(symbol) != -1): null

2019-08-23 18:54:35 - [TEST_STEP][PASSED] - if (i == 3 &amp;&amp; wildList.indexOf(symbol) != -1): null

2019-08-23 18:54:35 - [TEST_STEP][PASSED] - if (i == 4 &amp;&amp; wildList.indexOf(symbol) != -1): null

2019-08-23 18:54:35 - [TEST_STEP][PASSED] - symbol = symbol: null

2019-08-23 18:54:35 - [TEST_STEP][PASSED] - println(symbol): null

2019-08-23 18:54:35 - [TEST_STEP][PASSED] - if (i == 2 &amp;&amp; wildList.indexOf(symbol) != -1): null

2019-08-23 18:54:35 - [TEST_STEP][PASSED] - if (i == 3 &amp;&amp; wildList.indexOf(symbol) != -1): null

2019-08-23 18:54:35 - [TEST_STEP][PASSED] - if (i == 4 &amp;&amp; wildList.indexOf(symbol) != -1): null

2019-08-23 18:54:35 - [TEST_STEP][PASSED] - symbols = symbols: null

2019-08-23 18:54:35 - [TEST_STEP][PASSED] - for ([j = 0, j &lt; symbols.size(), (j++)]): null

2019-08-23 18:54:35 - [TEST_STEP][PASSED] - symbol = symbol: null

2019-08-23 18:54:35 - [TEST_STEP][PASSED] - println(symbol): null

2019-08-23 18:54:35 - [TEST_STEP][PASSED] - if (i == 2 &amp;&amp; wildList.indexOf(symbol) != -1): null

2019-08-23 18:54:35 - [TEST_STEP][PASSED] - if (i == 3 &amp;&amp; wildList.indexOf(symbol) != -1): null

2019-08-23 18:54:35 - [TEST_STEP][PASSED] - if (i == 4 &amp;&amp; wildList.indexOf(symbol) != -1): null

2019-08-23 18:54:35 - [TEST_STEP][PASSED] - symbol = symbol: null

2019-08-23 18:54:35 - [TEST_STEP][PASSED] - println(symbol): null

2019-08-23 18:54:35 - [TEST_STEP][PASSED] - if (i == 2 &amp;&amp; wildList.indexOf(symbol) != -1): null

2019-08-23 18:54:35 - [TEST_STEP][PASSED] - println("wild found on reel 3, adding counter by 1"): null

2019-08-23 18:54:35 - [TEST_STEP][PASSED] - free_spin_reel_counter[0] = free_spin_reel_counter[0] + 1: null

2019-08-23 18:54:35 - [TEST_STEP][PASSED] - if (i == 3 &amp;&amp; wildList.indexOf(symbol) != -1): null

2019-08-23 18:54:35 - [TEST_STEP][PASSED] - if (i == 4 &amp;&amp; wildList.indexOf(symbol) != -1): null

2019-08-23 18:54:35 - [TEST_STEP][PASSED] - symbol = symbol: null

2019-08-23 18:54:35 - [TEST_STEP][PASSED] - println(symbol): null

2019-08-23 18:54:35 - [TEST_STEP][PASSED] - if (i == 2 &amp;&amp; wildList.indexOf(symbol) != -1): null

2019-08-23 18:54:35 - [TEST_STEP][PASSED] - if (i == 3 &amp;&amp; wildList.indexOf(symbol) != -1): null

2019-08-23 18:54:35 - [TEST_STEP][PASSED] - if (i == 4 &amp;&amp; wildList.indexOf(symbol) != -1): null

2019-08-23 18:54:35 - [TEST_STEP][PASSED] - symbols = symbols: null

2019-08-23 18:54:35 - [TEST_STEP][PASSED] - for ([j = 0, j &lt; symbols.size(), (j++)]): null

2019-08-23 18:54:35 - [TEST_STEP][PASSED] - symbol = symbol: null

2019-08-23 18:54:35 - [TEST_STEP][PASSED] - println(symbol): null

2019-08-23 18:54:35 - [TEST_STEP][PASSED] - if (i == 2 &amp;&amp; wildList.indexOf(symbol) != -1): null

2019-08-23 18:54:35 - [TEST_STEP][PASSED] - if (i == 3 &amp;&amp; wildList.indexOf(symbol) != -1): null

2019-08-23 18:54:35 - [TEST_STEP][PASSED] - if (i == 4 &amp;&amp; wildList.indexOf(symbol) != -1): null

2019-08-23 18:54:35 - [TEST_STEP][PASSED] - symbol = symbol: null

2019-08-23 18:54:35 - [TEST_STEP][PASSED] - println(symbol): null

2019-08-23 18:54:35 - [TEST_STEP][PASSED] - if (i == 2 &amp;&amp; wildList.indexOf(symbol) != -1): null

2019-08-23 18:54:35 - [TEST_STEP][PASSED] - if (i == 3 &amp;&amp; wildList.indexOf(symbol) != -1): null

2019-08-23 18:54:35 - [TEST_STEP][PASSED] - if (i == 4 &amp;&amp; wildList.indexOf(symbol) != -1): null

2019-08-23 18:54:35 - [TEST_STEP][PASSED] - symbol = symbol: null

2019-08-23 18:54:35 - [TEST_STEP][PASSED] - println(symbol): null

2019-08-23 18:54:35 - [TEST_STEP][PASSED] - if (i == 2 &amp;&amp; wildList.indexOf(symbol) != -1): null

2019-08-23 18:54:35 - [TEST_STEP][PASSED] - if (i == 3 &amp;&amp; wildList.indexOf(symbol) != -1): null

2019-08-23 18:54:35 - [TEST_STEP][PASSED] - if (i == 4 &amp;&amp; wildList.indexOf(symbol) != -1): null

2019-08-23 18:54:35 - [TEST_STEP][PASSED] - symbols = symbols: null

2019-08-23 18:54:35 - [TEST_STEP][PASSED] - for ([j = 0, j &lt; symbols.size(), (j++)]): null

2019-08-23 18:54:35 - [TEST_STEP][PASSED] - symbol = symbol: null

2019-08-23 18:54:35 - [TEST_STEP][PASSED] - println(symbol): null

2019-08-23 18:54:35 - [TEST_STEP][PASSED] - if (i == 2 &amp;&amp; wildList.indexOf(symbol) != -1): null

2019-08-23 18:54:35 - [TEST_STEP][PASSED] - if (i == 3 &amp;&amp; wildList.indexOf(symbol) != -1): null

2019-08-23 18:54:35 - [TEST_STEP][PASSED] - if (i == 4 &amp;&amp; wildList.indexOf(symbol) != -1): null

2019-08-23 18:54:35 - [TEST_STEP][PASSED] - symbol = symbol: null

2019-08-23 18:54:35 - [TEST_STEP][PASSED] - println(symbol): null

2019-08-23 18:54:35 - [TEST_STEP][PASSED] - if (i == 2 &amp;&amp; wildList.indexOf(symbol) != -1): null

2019-08-23 18:54:35 - [TEST_STEP][PASSED] - if (i == 3 &amp;&amp; wildList.indexOf(symbol) != -1): null

2019-08-23 18:54:35 - [TEST_STEP][PASSED] - if (i == 4 &amp;&amp; wildList.indexOf(symbol) != -1): null

2019-08-23 18:54:35 - [TEST_STEP][PASSED] - symbol = symbol: null

2019-08-23 18:54:35 - [TEST_STEP][PASSED] - println(symbol): null

2019-08-23 18:54:35 - [TEST_STEP][PASSED] - if (i == 2 &amp;&amp; wildList.indexOf(symbol) != -1): null

2019-08-23 18:54:35 - [TEST_STEP][PASSED] - if (i == 3 &amp;&amp; wildList.indexOf(symbol) != -1): null

2019-08-23 18:54:35 - [TEST_STEP][PASSED] - if (i == 4 &amp;&amp; wildList.indexOf(symbol) != -1): null

2019-08-23 18:54:35 - [TEST_STEP][PASSED] - free_spin_reel_counter = free_spin_reel_counter: null

2019-08-23 18:54:35 - [TEST_STEP][PASSED] - println("reel 3 wild found: " + free_spin_reel_counter[0]): null

2019-08-23 18:54:35 - [TEST_STEP][PASSED] - println("reel 4 wild found: " + free_spin_reel_counter[1]): null

2019-08-23 18:54:35 - [TEST_STEP][PASSED] - println("reel 5 wild found: " + free_spin_reel_counter[2]): null

2019-08-23 18:54:35 - [TEST_STEP][PASSED] - M4_spin_reels = M4_spin_reels: null

2019-08-23 18:54:35 - [TEST_STEP][PASSED] - M4_spin_reels_symbols = symbol: null

2019-08-23 18:54:35 - [TEST_STEP][PASSED] - M4_spin_reels_symbols = M4_spin_reels_symbols: null

2019-08-23 18:54:35 - [TEST_STEP][PASSED] - M4_spin_reel_wins = reel_wins: null

2019-08-23 18:54:35 - [TEST_STEP][PASSED] - M4_spin_reel_wins = M4_spin_reel_wins: null

2019-08-23 18:54:35 - [TEST_STEP][PASSED] - println("GlobalVariable.M4_spin_reel_wins is: " + M4_spin_reel_wins): null

2019-08-23 18:54:35 - [TEST_STEP][PASSED] - M4_spin_total_bonus_win_this_round = total_bonus_win_this_round: null

2019-08-23 18:54:35 - [TEST_STEP][PASSED] - M4_spin_total_bonus_win_this_round = M4_spin_total_bonus_win_this_round: null

2019-08-23 18:54:35 - [TEST_STEP][PASSED] - println("GlobalVariable.M4_spin_total_bonus_win_this_round is: " + M4_spin_total_bonus_win_this_round): null

2019-08-23 18:54:35 - [TEST_STEP][PASSED] - M4_spin_bonus_spin_result = spin_result: null

2019-08-23 18:54:35 - [TEST_STEP][PASSED] - M4_spin_bonus_spin_result = M4_spin_bonus_spin_result: null

2019-08-23 18:54:35 - [MESSAGE][PASSED] - Verify response successfully

2019-08-23 18:54:35 - [MESSAGE][PASSED] - Send request and verify the response successfully

2019-08-23 18:54:35 - [TEST_STEP][PASSED] - if (free_spin_reel_counter[0] &gt;= 1 &amp;&amp; free_spin_reel_counter[1] &gt;= 1 &amp;&amp; free_spin_reel_counter[2] &gt;= 1): null

2019-08-23 18:54:35 - [TEST_STEP][PASSED] - spin_result = sendRequestAndVerify(findTestObject("INT/RGS(M4)/1_M4_spin", ["M4_login_user_id":M4_login_user_id, "rgs_session_token":rgs_session_token, "partner":Partner])): Send request and verify the response successfully

2019-08-23 18:54:35 - [MESSAGE][INFO] - HAR: /Users/eiralee/Katalon_Script/SuperWild/Reports/20190823_184757/INT/superWild_1/20190823_184757/requests/main/142.har

2019-08-23 18:54:35 - [TEST_CASE][PASSED] - Start Test Case : Verification: Verification accomplished successfully

2019-08-23 18:54:35 - [TEST_STEP][PASSED] - request = getInstance().getCurrentRequest(): null

2019-08-23 18:54:35 - [TEST_STEP][PASSED] - response = getInstance().getCurrentResponse(): null

2019-08-23 18:54:35 - [TEST_STEP][PASSED] - verifyResponseStatusCode(response, 200): Verify response status code successfully

2019-08-23 18:54:35 - [MESSAGE][PASSED] - Verify response status code successfully

2019-08-23 18:54:35 - [TEST_STEP][PASSED] - getStatusCode()).isEqualTo(200): null

2019-08-23 18:54:35 - [TEST_STEP][PASSED] - newline = System.getProperty("line.separator"): null

2019-08-23 18:54:35 - [TEST_STEP][PASSED] - M4_spin = new groovy.json.JsonSlurper(): null

2019-08-23 18:54:35 - [TEST_STEP][PASSED] - result_M4_spin = M4_spin.parseText(response.getResponseBodyContent()): null

2019-08-23 18:54:35 - [TEST_STEP][PASSED] - M4_spin_current_balance = current_balance: null

2019-08-23 18:54:35 - [TEST_STEP][PASSED] - M4_spin_current_balance = M4_spin_current_balance: null

2019-08-23 18:54:35 - [TEST_STEP][PASSED] - M4_spin_transaction_id = causality: null

2019-08-23 18:54:35 - [TEST_STEP][PASSED] - M4_spin_transaction_id = M4_spin_transaction_id: null

2019-08-23 18:54:35 - [TEST_STEP][PASSED] - M4_spin_round_id = round_id: null

2019-08-23 18:54:35 - [TEST_STEP][PASSED] - M4_spin_round_id = M4_spin_round_id: null

2019-08-23 18:54:35 - [TEST_STEP][PASSED] - M4_spin_line_wins = line_wins: null

2019-08-23 18:54:35 - [TEST_STEP][PASSED] - M4_spin_line_wins = M4_spin_line_wins: null

2019-08-23 18:54:35 - [TEST_STEP][PASSED] - M4_total_bonus_spins_int = total_bonus_spins: null

2019-08-23 18:54:35 - [TEST_STEP][PASSED] - println("******M4_total_bonus_spins type is:*******" + newline + getClass().getName()): null

2019-08-23 18:54:35 - [TEST_STEP][PASSED] - M4_total_bonus_spins_int = M4_total_bonus_spins_int: null

2019-08-23 18:54:35 - [TEST_STEP][PASSED] - M4_total_bonus_spins = Integer.toString(M4_total_bonus_spins_int): null

2019-08-23 18:54:35 - [TEST_STEP][PASSED] - M4_total_bonus_spins = M4_total_bonus_spins: null

2019-08-23 18:54:35 - [TEST_STEP][PASSED] - println("M4_total_bonus_spins is:" + M4_total_bonus_spins): null

2019-08-23 18:54:35 - [TEST_STEP][PASSED] - M4_spin_bonus_data = bonus_data: null

2019-08-23 18:54:35 - [TEST_STEP][PASSED] - M4_spin_features_triggered = result_M4_spin: null

2019-08-23 18:54:35 - [TEST_STEP][PASSED] - wild = []: null

2019-08-23 18:54:35 - [TEST_STEP][PASSED] - wild[0] = "WILD_Expanding": null

2019-08-23 18:54:35 - [TEST_STEP][PASSED] - wild[1] = "WILD_Normal": null

2019-08-23 18:54:35 - [TEST_STEP][PASSED] - wild[2] = "WILD_Double": null

2019-08-23 18:54:35 - [TEST_STEP][PASSED] - wild[3] = "WILD_ExtraFG": null

2019-08-23 18:54:35 - [TEST_STEP][PASSED] - wild[4] = "WILD_Triple": null

2019-08-23 18:54:35 - [TEST_STEP][PASSED] - wildList = Arrays.asList(wild): null

2019-08-23 18:54:35 - [TEST_STEP][PASSED] - wildList = wildList: null

2019-08-23 18:54:35 - [TEST_STEP][PASSED] - free_spin_reel_counter = []: null

2019-08-23 18:54:35 - [TEST_STEP][PASSED] - free_spin_reel_counter[0] = 0: null

2019-08-23 18:54:35 - [TEST_STEP][PASSED] - free_spin_reel_counter[1] = 0: null

2019-08-23 18:54:35 - [TEST_STEP][PASSED] - free_spin_reel_counter[2] = 0: null

2019-08-23 18:54:35 - [TEST_STEP][PASSED] - M4_spin_reels = reels: null

2019-08-23 18:54:35 - [TEST_STEP][PASSED] - for ([i = 0, i &lt; M4_spin_reels.size(), (i++)]): null

2019-08-23 18:54:35 - [TEST_STEP][PASSED] - symbols = symbols: null

2019-08-23 18:54:35 - [TEST_STEP][PASSED] - for ([j = 0, j &lt; symbols.size(), (j++)]): null

2019-08-23 18:54:35 - [TEST_STEP][PASSED] - symbol = symbol: null

2019-08-23 18:54:35 - [TEST_STEP][PASSED] - println(symbol): null

2019-08-23 18:54:35 - [TEST_STEP][PASSED] - if (i == 2 &amp;&amp; wildList.indexOf(symbol) != -1): null

2019-08-23 18:54:35 - [TEST_STEP][PASSED] - if (i == 3 &amp;&amp; wildList.indexOf(symbol) != -1): null

2019-08-23 18:54:35 - [TEST_STEP][PASSED] - if (i == 4 &amp;&amp; wildList.indexOf(symbol) != -1): null

2019-08-23 18:54:35 - [TEST_STEP][PASSED] - symbol = symbol: null

2019-08-23 18:54:35 - [TEST_STEP][PASSED] - println(symbol): null

2019-08-23 18:54:35 - [TEST_STEP][PASSED] - if (i == 2 &amp;&amp; wildList.indexOf(symbol) != -1): null

2019-08-23 18:54:35 - [TEST_STEP][PASSED] - if (i == 3 &amp;&amp; wildList.indexOf(symbol) != -1): null

2019-08-23 18:54:35 - [TEST_STEP][PASSED] - if (i == 4 &amp;&amp; wildList.indexOf(symbol) != -1): null

2019-08-23 18:54:35 - [TEST_STEP][PASSED] - symbol = symbol: null

2019-08-23 18:54:35 - [TEST_STEP][PASSED] - println(symbol): null

2019-08-23 18:54:35 - [TEST_STEP][PASSED] - if (i == 2 &amp;&amp; wildList.indexOf(symbol) != -1): null

2019-08-23 18:54:35 - [TEST_STEP][PASSED] - if (i == 3 &amp;&amp; wildList.indexOf(symbol) != -1): null

2019-08-23 18:54:35 - [TEST_STEP][PASSED] - if (i == 4 &amp;&amp; wildList.indexOf(symbol) != -1): null

2019-08-23 18:54:35 - [TEST_STEP][PASSED] - symbols = symbols: null

2019-08-23 18:54:35 - [TEST_STEP][PASSED] - for ([j = 0, j &lt; symbols.size(), (j++)]): null

2019-08-23 18:54:35 - [TEST_STEP][PASSED] - symbol = symbol: null

2019-08-23 18:54:35 - [TEST_STEP][PASSED] - println(symbol): null

2019-08-23 18:54:35 - [TEST_STEP][PASSED] - if (i == 2 &amp;&amp; wildList.indexOf(symbol) != -1): null

2019-08-23 18:54:35 - [TEST_STEP][PASSED] - if (i == 3 &amp;&amp; wildList.indexOf(symbol) != -1): null

2019-08-23 18:54:35 - [TEST_STEP][PASSED] - if (i == 4 &amp;&amp; wildList.indexOf(symbol) != -1): null

2019-08-23 18:54:35 - [TEST_STEP][PASSED] - symbol = symbol: null

2019-08-23 18:54:35 - [TEST_STEP][PASSED] - println(symbol): null

2019-08-23 18:54:35 - [TEST_STEP][PASSED] - if (i == 2 &amp;&amp; wildList.indexOf(symbol) != -1): null

2019-08-23 18:54:35 - [TEST_STEP][PASSED] - if (i == 3 &amp;&amp; wildList.indexOf(symbol) != -1): null

2019-08-23 18:54:35 - [TEST_STEP][PASSED] - if (i == 4 &amp;&amp; wildList.indexOf(symbol) != -1): null

2019-08-23 18:54:35 - [TEST_STEP][PASSED] - symbol = symbol: null

2019-08-23 18:54:35 - [TEST_STEP][PASSED] - println(symbol): null

2019-08-23 18:54:35 - [TEST_STEP][PASSED] - if (i == 2 &amp;&amp; wildList.indexOf(symbol) != -1): null

2019-08-23 18:54:35 - [TEST_STEP][PASSED] - if (i == 3 &amp;&amp; wildList.indexOf(symbol) != -1): null

2019-08-23 18:54:35 - [TEST_STEP][PASSED] - if (i == 4 &amp;&amp; wildList.indexOf(symbol) != -1): null

2019-08-23 18:54:35 - [TEST_STEP][PASSED] - symbols = symbols: null

2019-08-23 18:54:35 - [TEST_STEP][PASSED] - for ([j = 0, j &lt; symbols.size(), (j++)]): null

2019-08-23 18:54:35 - [TEST_STEP][PASSED] - symbol = symbol: null

2019-08-23 18:54:35 - [TEST_STEP][PASSED] - println(symbol): null

2019-08-23 18:54:35 - [TEST_STEP][PASSED] - if (i == 2 &amp;&amp; wildList.indexOf(symbol) != -1): null

2019-08-23 18:54:35 - [TEST_STEP][PASSED] - if (i == 3 &amp;&amp; wildList.indexOf(symbol) != -1): null

2019-08-23 18:54:35 - [TEST_STEP][PASSED] - if (i == 4 &amp;&amp; wildList.indexOf(symbol) != -1): null

2019-08-23 18:54:35 - [TEST_STEP][PASSED] - symbol = symbol: null

2019-08-23 18:54:35 - [TEST_STEP][PASSED] - println(symbol): null

2019-08-23 18:54:35 - [TEST_STEP][PASSED] - if (i == 2 &amp;&amp; wildList.indexOf(symbol) != -1): null

2019-08-23 18:54:35 - [TEST_STEP][PASSED] - if (i == 3 &amp;&amp; wildList.indexOf(symbol) != -1): null

2019-08-23 18:54:35 - [TEST_STEP][PASSED] - if (i == 4 &amp;&amp; wildList.indexOf(symbol) != -1): null

2019-08-23 18:54:35 - [TEST_STEP][PASSED] - symbol = symbol: null

2019-08-23 18:54:35 - [TEST_STEP][PASSED] - println(symbol): null

2019-08-23 18:54:35 - [TEST_STEP][PASSED] - if (i == 2 &amp;&amp; wildList.indexOf(symbol) != -1): null

2019-08-23 18:54:35 - [TEST_STEP][PASSED] - if (i == 3 &amp;&amp; wildList.indexOf(symbol) != -1): null

2019-08-23 18:54:35 - [TEST_STEP][PASSED] - if (i == 4 &amp;&amp; wildList.indexOf(symbol) != -1): null

2019-08-23 18:54:35 - [TEST_STEP][PASSED] - symbols = symbols: null

2019-08-23 18:54:35 - [TEST_STEP][PASSED] - for ([j = 0, j &lt; symbols.size(), (j++)]): null

2019-08-23 18:54:35 - [TEST_STEP][PASSED] - symbol = symbol: null

2019-08-23 18:54:35 - [TEST_STEP][PASSED] - println(symbol): null

2019-08-23 18:54:35 - [TEST_STEP][PASSED] - if (i == 2 &amp;&amp; wildList.indexOf(symbol) != -1): null

2019-08-23 18:54:35 - [TEST_STEP][PASSED] - if (i == 3 &amp;&amp; wildList.indexOf(symbol) != -1): null

2019-08-23 18:54:35 - [TEST_STEP][PASSED] - if (i == 4 &amp;&amp; wildList.indexOf(symbol) != -1): null

2019-08-23 18:54:35 - [TEST_STEP][PASSED] - symbol = symbol: null

2019-08-23 18:54:35 - [TEST_STEP][PASSED] - println(symbol): null

2019-08-23 18:54:35 - [TEST_STEP][PASSED] - if (i == 2 &amp;&amp; wildList.indexOf(symbol) != -1): null

2019-08-23 18:54:35 - [TEST_STEP][PASSED] - if (i == 3 &amp;&amp; wildList.indexOf(symbol) != -1): null

2019-08-23 18:54:35 - [TEST_STEP][PASSED] - if (i == 4 &amp;&amp; wildList.indexOf(symbol) != -1): null

2019-08-23 18:54:35 - [TEST_STEP][PASSED] - symbol = symbol: null

2019-08-23 18:54:35 - [TEST_STEP][PASSED] - println(symbol): null

2019-08-23 18:54:35 - [TEST_STEP][PASSED] - if (i == 2 &amp;&amp; wildList.indexOf(symbol) != -1): null

2019-08-23 18:54:35 - [TEST_STEP][PASSED] - if (i == 3 &amp;&amp; wildList.indexOf(symbol) != -1): null

2019-08-23 18:54:35 - [TEST_STEP][PASSED] - if (i == 4 &amp;&amp; wildList.indexOf(symbol) != -1): null

2019-08-23 18:54:35 - [TEST_STEP][PASSED] - symbols = symbols: null

2019-08-23 18:54:35 - [TEST_STEP][PASSED] - for ([j = 0, j &lt; symbols.size(), (j++)]): null

2019-08-23 18:54:35 - [TEST_STEP][PASSED] - symbol = symbol: null

2019-08-23 18:54:35 - [TEST_STEP][PASSED] - println(symbol): null

2019-08-23 18:54:35 - [TEST_STEP][PASSED] - if (i == 2 &amp;&amp; wildList.indexOf(symbol) != -1): null

2019-08-23 18:54:35 - [TEST_STEP][PASSED] - if (i == 3 &amp;&amp; wildList.indexOf(symbol) != -1): null

2019-08-23 18:54:35 - [TEST_STEP][PASSED] - if (i == 4 &amp;&amp; wildList.indexOf(symbol) != -1): null

2019-08-23 18:54:35 - [TEST_STEP][PASSED] - symbol = symbol: null

2019-08-23 18:54:35 - [TEST_STEP][PASSED] - println(symbol): null

2019-08-23 18:54:35 - [TEST_STEP][PASSED] - if (i == 2 &amp;&amp; wildList.indexOf(symbol) != -1): null

2019-08-23 18:54:35 - [TEST_STEP][PASSED] - if (i == 3 &amp;&amp; wildList.indexOf(symbol) != -1): null

2019-08-23 18:54:35 - [TEST_STEP][PASSED] - if (i == 4 &amp;&amp; wildList.indexOf(symbol) != -1): null

2019-08-23 18:54:35 - [TEST_STEP][PASSED] - symbol = symbol: null

2019-08-23 18:54:35 - [TEST_STEP][PASSED] - println(symbol): null

2019-08-23 18:54:35 - [TEST_STEP][PASSED] - if (i == 2 &amp;&amp; wildList.indexOf(symbol) != -1): null

2019-08-23 18:54:35 - [TEST_STEP][PASSED] - if (i == 3 &amp;&amp; wildList.indexOf(symbol) != -1): null

2019-08-23 18:54:35 - [TEST_STEP][PASSED] - if (i == 4 &amp;&amp; wildList.indexOf(symbol) != -1): null

2019-08-23 18:54:35 - [TEST_STEP][PASSED] - free_spin_reel_counter = free_spin_reel_counter: null

2019-08-23 18:54:35 - [TEST_STEP][PASSED] - println("reel 3 wild found: " + free_spin_reel_counter[0]): null

2019-08-23 18:54:35 - [TEST_STEP][PASSED] - println("reel 4 wild found: " + free_spin_reel_counter[1]): null

2019-08-23 18:54:35 - [TEST_STEP][PASSED] - println("reel 5 wild found: " + free_spin_reel_counter[2]): null

2019-08-23 18:54:35 - [TEST_STEP][PASSED] - M4_spin_reels = M4_spin_reels: null

2019-08-23 18:54:35 - [TEST_STEP][PASSED] - M4_spin_reels_symbols = symbol: null

2019-08-23 18:54:35 - [TEST_STEP][PASSED] - M4_spin_reels_symbols = M4_spin_reels_symbols: null

2019-08-23 18:54:35 - [TEST_STEP][PASSED] - M4_spin_reel_wins = reel_wins: null

2019-08-23 18:54:35 - [TEST_STEP][PASSED] - M4_spin_reel_wins = M4_spin_reel_wins: null

2019-08-23 18:54:35 - [TEST_STEP][PASSED] - println("GlobalVariable.M4_spin_reel_wins is: " + M4_spin_reel_wins): null

2019-08-23 18:54:35 - [TEST_STEP][PASSED] - M4_spin_total_bonus_win_this_round = total_bonus_win_this_round: null

2019-08-23 18:54:35 - [TEST_STEP][PASSED] - M4_spin_total_bonus_win_this_round = M4_spin_total_bonus_win_this_round: null

2019-08-23 18:54:35 - [TEST_STEP][PASSED] - println("GlobalVariable.M4_spin_total_bonus_win_this_round is: " + M4_spin_total_bonus_win_this_round): null

2019-08-23 18:54:35 - [TEST_STEP][PASSED] - M4_spin_bonus_spin_result = spin_result: null

2019-08-23 18:54:35 - [TEST_STEP][PASSED] - M4_spin_bonus_spin_result = M4_spin_bonus_spin_result: null

2019-08-23 18:54:35 - [MESSAGE][PASSED] - Verify response successfully

2019-08-23 18:54:35 - [MESSAGE][PASSED] - Send request and verify the response successfully

2019-08-23 18:54:35 - [TEST_STEP][PASSED] - if (free_spin_reel_counter[0] &gt;= 1 &amp;&amp; free_spin_reel_counter[1] &gt;= 1 &amp;&amp; free_spin_reel_counter[2] &gt;= 1): null

2019-08-23 18:54:35 - [TEST_STEP][PASSED] - spin_result = sendRequestAndVerify(findTestObject("INT/RGS(M4)/1_M4_spin", ["M4_login_user_id":M4_login_user_id, "rgs_session_token":rgs_session_token, "partner":Partner])): Send request and verify the response successfully

2019-08-23 18:54:36 - [MESSAGE][INFO] - HAR: /Users/eiralee/Katalon_Script/SuperWild/Reports/20190823_184757/INT/superWild_1/20190823_184757/requests/main/143.har

2019-08-23 18:54:36 - [TEST_CASE][PASSED] - Start Test Case : Verification: Verification accomplished successfully

2019-08-23 18:54:36 - [TEST_STEP][PASSED] - request = getInstance().getCurrentRequest(): null

2019-08-23 18:54:36 - [TEST_STEP][PASSED] - response = getInstance().getCurrentResponse(): null

2019-08-23 18:54:36 - [TEST_STEP][PASSED] - verifyResponseStatusCode(response, 200): Verify response status code successfully

2019-08-23 18:54:36 - [MESSAGE][PASSED] - Verify response status code successfully

2019-08-23 18:54:36 - [TEST_STEP][PASSED] - getStatusCode()).isEqualTo(200): null

2019-08-23 18:54:36 - [TEST_STEP][PASSED] - newline = System.getProperty("line.separator"): null

2019-08-23 18:54:36 - [TEST_STEP][PASSED] - M4_spin = new groovy.json.JsonSlurper(): null

2019-08-23 18:54:36 - [TEST_STEP][PASSED] - result_M4_spin = M4_spin.parseText(response.getResponseBodyContent()): null

2019-08-23 18:54:36 - [TEST_STEP][PASSED] - M4_spin_current_balance = current_balance: null

2019-08-23 18:54:36 - [TEST_STEP][PASSED] - M4_spin_current_balance = M4_spin_current_balance: null

2019-08-23 18:54:36 - [TEST_STEP][PASSED] - M4_spin_transaction_id = causality: null

2019-08-23 18:54:36 - [TEST_STEP][PASSED] - M4_spin_transaction_id = M4_spin_transaction_id: null

2019-08-23 18:54:36 - [TEST_STEP][PASSED] - M4_spin_round_id = round_id: null

2019-08-23 18:54:36 - [TEST_STEP][PASSED] - M4_spin_round_id = M4_spin_round_id: null

2019-08-23 18:54:36 - [TEST_STEP][PASSED] - M4_spin_line_wins = line_wins: null

2019-08-23 18:54:36 - [TEST_STEP][PASSED] - M4_spin_line_wins = M4_spin_line_wins: null

2019-08-23 18:54:36 - [TEST_STEP][PASSED] - M4_total_bonus_spins_int = total_bonus_spins: null

2019-08-23 18:54:36 - [TEST_STEP][PASSED] - println("******M4_total_bonus_spins type is:*******" + newline + getClass().getName()): null

2019-08-23 18:54:36 - [TEST_STEP][PASSED] - M4_total_bonus_spins_int = M4_total_bonus_spins_int: null

2019-08-23 18:54:36 - [TEST_STEP][PASSED] - M4_total_bonus_spins = Integer.toString(M4_total_bonus_spins_int): null

2019-08-23 18:54:36 - [TEST_STEP][PASSED] - M4_total_bonus_spins = M4_total_bonus_spins: null

2019-08-23 18:54:36 - [TEST_STEP][PASSED] - println("M4_total_bonus_spins is:" + M4_total_bonus_spins): null

2019-08-23 18:54:36 - [TEST_STEP][PASSED] - M4_spin_bonus_data = bonus_data: null

2019-08-23 18:54:36 - [TEST_STEP][PASSED] - M4_spin_features_triggered = result_M4_spin: null

2019-08-23 18:54:36 - [TEST_STEP][PASSED] - wild = []: null

2019-08-23 18:54:36 - [TEST_STEP][PASSED] - wild[0] = "WILD_Expanding": null

2019-08-23 18:54:36 - [TEST_STEP][PASSED] - wild[1] = "WILD_Normal": null

2019-08-23 18:54:36 - [TEST_STEP][PASSED] - wild[2] = "WILD_Double": null

2019-08-23 18:54:36 - [TEST_STEP][PASSED] - wild[3] = "WILD_ExtraFG": null

2019-08-23 18:54:36 - [TEST_STEP][PASSED] - wild[4] = "WILD_Triple": null

2019-08-23 18:54:36 - [TEST_STEP][PASSED] - wildList = Arrays.asList(wild): null

2019-08-23 18:54:36 - [TEST_STEP][PASSED] - wildList = wildList: null

2019-08-23 18:54:36 - [TEST_STEP][PASSED] - free_spin_reel_counter = []: null

2019-08-23 18:54:36 - [TEST_STEP][PASSED] - free_spin_reel_counter[0] = 0: null

2019-08-23 18:54:36 - [TEST_STEP][PASSED] - free_spin_reel_counter[1] = 0: null

2019-08-23 18:54:36 - [TEST_STEP][PASSED] - free_spin_reel_counter[2] = 0: null

2019-08-23 18:54:36 - [TEST_STEP][PASSED] - M4_spin_reels = reels: null

2019-08-23 18:54:36 - [TEST_STEP][PASSED] - for ([i = 0, i &lt; M4_spin_reels.size(), (i++)]): null

2019-08-23 18:54:36 - [TEST_STEP][PASSED] - symbols = symbols: null

2019-08-23 18:54:36 - [TEST_STEP][PASSED] - for ([j = 0, j &lt; symbols.size(), (j++)]): null

2019-08-23 18:54:36 - [TEST_STEP][PASSED] - symbol = symbol: null

2019-08-23 18:54:36 - [TEST_STEP][PASSED] - println(symbol): null

2019-08-23 18:54:36 - [TEST_STEP][PASSED] - if (i == 2 &amp;&amp; wildList.indexOf(symbol) != -1): null

2019-08-23 18:54:36 - [TEST_STEP][PASSED] - if (i == 3 &amp;&amp; wildList.indexOf(symbol) != -1): null

2019-08-23 18:54:36 - [TEST_STEP][PASSED] - if (i == 4 &amp;&amp; wildList.indexOf(symbol) != -1): null

2019-08-23 18:54:36 - [TEST_STEP][PASSED] - symbol = symbol: null

2019-08-23 18:54:36 - [TEST_STEP][PASSED] - println(symbol): null

2019-08-23 18:54:36 - [TEST_STEP][PASSED] - if (i == 2 &amp;&amp; wildList.indexOf(symbol) != -1): null

2019-08-23 18:54:36 - [TEST_STEP][PASSED] - if (i == 3 &amp;&amp; wildList.indexOf(symbol) != -1): null

2019-08-23 18:54:36 - [TEST_STEP][PASSED] - if (i == 4 &amp;&amp; wildList.indexOf(symbol) != -1): null

2019-08-23 18:54:36 - [TEST_STEP][PASSED] - symbol = symbol: null

2019-08-23 18:54:36 - [TEST_STEP][PASSED] - println(symbol): null

2019-08-23 18:54:36 - [TEST_STEP][PASSED] - if (i == 2 &amp;&amp; wildList.indexOf(symbol) != -1): null

2019-08-23 18:54:36 - [TEST_STEP][PASSED] - if (i == 3 &amp;&amp; wildList.indexOf(symbol) != -1): null

2019-08-23 18:54:36 - [TEST_STEP][PASSED] - if (i == 4 &amp;&amp; wildList.indexOf(symbol) != -1): null

2019-08-23 18:54:36 - [TEST_STEP][PASSED] - symbols = symbols: null

2019-08-23 18:54:36 - [TEST_STEP][PASSED] - for ([j = 0, j &lt; symbols.size(), (j++)]): null

2019-08-23 18:54:36 - [TEST_STEP][PASSED] - symbol = symbol: null

2019-08-23 18:54:36 - [TEST_STEP][PASSED] - println(symbol): null

2019-08-23 18:54:36 - [TEST_STEP][PASSED] - if (i == 2 &amp;&amp; wildList.indexOf(symbol) != -1): null

2019-08-23 18:54:36 - [TEST_STEP][PASSED] - if (i == 3 &amp;&amp; wildList.indexOf(symbol) != -1): null

2019-08-23 18:54:36 - [TEST_STEP][PASSED] - if (i == 4 &amp;&amp; wildList.indexOf(symbol) != -1): null

2019-08-23 18:54:36 - [TEST_STEP][PASSED] - symbol = symbol: null

2019-08-23 18:54:36 - [TEST_STEP][PASSED] - println(symbol): null

2019-08-23 18:54:36 - [TEST_STEP][PASSED] - if (i == 2 &amp;&amp; wildList.indexOf(symbol) != -1): null

2019-08-23 18:54:36 - [TEST_STEP][PASSED] - if (i == 3 &amp;&amp; wildList.indexOf(symbol) != -1): null

2019-08-23 18:54:36 - [TEST_STEP][PASSED] - if (i == 4 &amp;&amp; wildList.indexOf(symbol) != -1): null

2019-08-23 18:54:36 - [TEST_STEP][PASSED] - symbol = symbol: null

2019-08-23 18:54:36 - [TEST_STEP][PASSED] - println(symbol): null

2019-08-23 18:54:36 - [TEST_STEP][PASSED] - if (i == 2 &amp;&amp; wildList.indexOf(symbol) != -1): null

2019-08-23 18:54:38 - [TEST_STEP][PASSED] - if (i == 3 &amp;&amp; wildList.indexOf(symbol) != -1): null

2019-08-23 18:54:38 - [TEST_STEP][PASSED] - if (i == 4 &amp;&amp; wildList.indexOf(symbol) != -1): null

2019-08-23 18:54:38 - [TEST_STEP][PASSED] - symbols = symbols: null

2019-08-23 18:54:38 - [TEST_STEP][PASSED] - for ([j = 0, j &lt; symbols.size(), (j++)]): null

2019-08-23 18:54:38 - [TEST_STEP][PASSED] - symbol = symbol: null

2019-08-23 18:54:38 - [TEST_STEP][PASSED] - println(symbol): null

2019-08-23 18:54:38 - [TEST_STEP][PASSED] - if (i == 2 &amp;&amp; wildList.indexOf(symbol) != -1): null

2019-08-23 18:54:38 - [TEST_STEP][PASSED] - if (i == 3 &amp;&amp; wildList.indexOf(symbol) != -1): null

2019-08-23 18:54:38 - [TEST_STEP][PASSED] - if (i == 4 &amp;&amp; wildList.indexOf(symbol) != -1): null

2019-08-23 18:54:38 - [TEST_STEP][PASSED] - symbol = symbol: null

2019-08-23 18:54:38 - [TEST_STEP][PASSED] - println(symbol): null

2019-08-23 18:54:38 - [TEST_STEP][PASSED] - if (i == 2 &amp;&amp; wildList.indexOf(symbol) != -1): null

2019-08-23 18:54:38 - [TEST_STEP][PASSED] - if (i == 3 &amp;&amp; wildList.indexOf(symbol) != -1): null

2019-08-23 18:54:38 - [TEST_STEP][PASSED] - if (i == 4 &amp;&amp; wildList.indexOf(symbol) != -1): null

2019-08-23 18:54:38 - [TEST_STEP][PASSED] - symbol = symbol: null

2019-08-23 18:54:38 - [TEST_STEP][PASSED] - println(symbol): null

2019-08-23 18:54:38 - [TEST_STEP][PASSED] - if (i == 2 &amp;&amp; wildList.indexOf(symbol) != -1): null

2019-08-23 18:54:38 - [TEST_STEP][PASSED] - if (i == 3 &amp;&amp; wildList.indexOf(symbol) != -1): null

2019-08-23 18:54:38 - [TEST_STEP][PASSED] - if (i == 4 &amp;&amp; wildList.indexOf(symbol) != -1): null

2019-08-23 18:54:38 - [TEST_STEP][PASSED] - symbols = symbols: null

2019-08-23 18:54:38 - [TEST_STEP][PASSED] - for ([j = 0, j &lt; symbols.size(), (j++)]): null

2019-08-23 18:54:38 - [TEST_STEP][PASSED] - symbol = symbol: null

2019-08-23 18:54:38 - [TEST_STEP][PASSED] - println(symbol): null

2019-08-23 18:54:38 - [TEST_STEP][PASSED] - if (i == 2 &amp;&amp; wildList.indexOf(symbol) != -1): null

2019-08-23 18:54:38 - [TEST_STEP][PASSED] - if (i == 3 &amp;&amp; wildList.indexOf(symbol) != -1): null

2019-08-23 18:54:38 - [TEST_STEP][PASSED] - if (i == 4 &amp;&amp; wildList.indexOf(symbol) != -1): null

2019-08-23 18:54:38 - [TEST_STEP][PASSED] - symbol = symbol: null

2019-08-23 18:54:38 - [TEST_STEP][PASSED] - println(symbol): null

2019-08-23 18:54:38 - [TEST_STEP][PASSED] - if (i == 2 &amp;&amp; wildList.indexOf(symbol) != -1): null

2019-08-23 18:54:38 - [TEST_STEP][PASSED] - if (i == 3 &amp;&amp; wildList.indexOf(symbol) != -1): null

2019-08-23 18:54:38 - [TEST_STEP][PASSED] - if (i == 4 &amp;&amp; wildList.indexOf(symbol) != -1): null

2019-08-23 18:54:38 - [TEST_STEP][PASSED] - symbol = symbol: null

2019-08-23 18:54:38 - [TEST_STEP][PASSED] - println(symbol): null

2019-08-23 18:54:38 - [TEST_STEP][PASSED] - if (i == 2 &amp;&amp; wildList.indexOf(symbol) != -1): null

2019-08-23 18:54:38 - [TEST_STEP][PASSED] - if (i == 3 &amp;&amp; wildList.indexOf(symbol) != -1): null

2019-08-23 18:54:38 - [TEST_STEP][PASSED] - if (i == 4 &amp;&amp; wildList.indexOf(symbol) != -1): null

2019-08-23 18:54:38 - [TEST_STEP][PASSED] - symbols = symbols: null

2019-08-23 18:54:38 - [TEST_STEP][PASSED] - for ([j = 0, j &lt; symbols.size(), (j++)]): null

2019-08-23 18:54:38 - [TEST_STEP][PASSED] - symbol = symbol: null

2019-08-23 18:54:38 - [TEST_STEP][PASSED] - println(symbol): null

2019-08-23 18:54:38 - [TEST_STEP][PASSED] - if (i == 2 &amp;&amp; wildList.indexOf(symbol) != -1): null

2019-08-23 18:54:38 - [TEST_STEP][PASSED] - if (i == 3 &amp;&amp; wildList.indexOf(symbol) != -1): null

2019-08-23 18:54:38 - [TEST_STEP][PASSED] - if (i == 4 &amp;&amp; wildList.indexOf(symbol) != -1): null

2019-08-23 18:54:38 - [TEST_STEP][PASSED] - println("wild found on reel 5, adding counter by 1"): null

2019-08-23 18:54:38 - [TEST_STEP][PASSED] - free_spin_reel_counter[2] = free_spin_reel_counter[2] + 1: null

2019-08-23 18:54:38 - [TEST_STEP][PASSED] - symbol = symbol: null

2019-08-23 18:54:38 - [TEST_STEP][PASSED] - println(symbol): null

2019-08-23 18:54:38 - [TEST_STEP][PASSED] - if (i == 2 &amp;&amp; wildList.indexOf(symbol) != -1): null

2019-08-23 18:54:38 - [TEST_STEP][PASSED] - if (i == 3 &amp;&amp; wildList.indexOf(symbol) != -1): null

2019-08-23 18:54:38 - [TEST_STEP][PASSED] - if (i == 4 &amp;&amp; wildList.indexOf(symbol) != -1): null

2019-08-23 18:54:38 - [TEST_STEP][PASSED] - symbol = symbol: null

2019-08-23 18:54:38 - [TEST_STEP][PASSED] - println(symbol): null

2019-08-23 18:54:38 - [TEST_STEP][PASSED] - if (i == 2 &amp;&amp; wildList.indexOf(symbol) != -1): null

2019-08-23 18:54:38 - [TEST_STEP][PASSED] - if (i == 3 &amp;&amp; wildList.indexOf(symbol) != -1): null

2019-08-23 18:54:38 - [TEST_STEP][PASSED] - if (i == 4 &amp;&amp; wildList.indexOf(symbol) != -1): null

2019-08-23 18:54:38 - [TEST_STEP][PASSED] - free_spin_reel_counter = free_spin_reel_counter: null

2019-08-23 18:54:38 - [TEST_STEP][PASSED] - println("reel 3 wild found: " + free_spin_reel_counter[0]): null

2019-08-23 18:54:38 - [TEST_STEP][PASSED] - println("reel 4 wild found: " + free_spin_reel_counter[1]): null

2019-08-23 18:54:38 - [TEST_STEP][PASSED] - println("reel 5 wild found: " + free_spin_reel_counter[2]): null

2019-08-23 18:54:38 - [TEST_STEP][PASSED] - M4_spin_reels = M4_spin_reels: null

2019-08-23 18:54:38 - [TEST_STEP][PASSED] - M4_spin_reels_symbols = symbol: null

2019-08-23 18:54:38 - [TEST_STEP][PASSED] - M4_spin_reels_symbols = M4_spin_reels_symbols: null

2019-08-23 18:54:38 - [TEST_STEP][PASSED] - M4_spin_reel_wins = reel_wins: null

2019-08-23 18:54:38 - [TEST_STEP][PASSED] - M4_spin_reel_wins = M4_spin_reel_wins: null

2019-08-23 18:54:38 - [TEST_STEP][PASSED] - println("GlobalVariable.M4_spin_reel_wins is: " + M4_spin_reel_wins): null

2019-08-23 18:54:38 - [TEST_STEP][PASSED] - M4_spin_total_bonus_win_this_round = total_bonus_win_this_round: null

2019-08-23 18:54:38 - [TEST_STEP][PASSED] - M4_spin_total_bonus_win_this_round = M4_spin_total_bonus_win_this_round: null

2019-08-23 18:54:38 - [TEST_STEP][PASSED] - println("GlobalVariable.M4_spin_total_bonus_win_this_round is: " + M4_spin_total_bonus_win_this_round): null

2019-08-23 18:54:38 - [TEST_STEP][PASSED] - M4_spin_bonus_spin_result = spin_result: null

2019-08-23 18:54:38 - [TEST_STEP][PASSED] - M4_spin_bonus_spin_result = M4_spin_bonus_spin_result: null

2019-08-23 18:54:38 - [MESSAGE][PASSED] - Verify response successfully

2019-08-23 18:54:38 - [MESSAGE][PASSED] - Send request and verify the response successfully

2019-08-23 18:54:38 - [TEST_STEP][PASSED] - if (free_spin_reel_counter[0] &gt;= 1 &amp;&amp; free_spin_reel_counter[1] &gt;= 1 &amp;&amp; free_spin_reel_counter[2] &gt;= 1): null

2019-08-23 18:54:38 - [TEST_STEP][PASSED] - spin_result = sendRequestAndVerify(findTestObject("INT/RGS(M4)/1_M4_spin", ["M4_login_user_id":M4_login_user_id, "rgs_session_token":rgs_session_token, "partner":Partner])): Send request and verify the response successfully

2019-08-23 18:54:38 - [MESSAGE][INFO] - HAR: /Users/eiralee/Katalon_Script/SuperWild/Reports/20190823_184757/INT/superWild_1/20190823_184757/requests/main/144.har

2019-08-23 18:54:38 - [TEST_CASE][PASSED] - Start Test Case : Verification: Verification accomplished successfully

2019-08-23 18:54:38 - [TEST_STEP][PASSED] - request = getInstance().getCurrentRequest(): null

2019-08-23 18:54:38 - [TEST_STEP][PASSED] - response = getInstance().getCurrentResponse(): null

2019-08-23 18:54:38 - [TEST_STEP][PASSED] - verifyResponseStatusCode(response, 200): Verify response status code successfully

2019-08-23 18:54:38 - [MESSAGE][PASSED] - Verify response status code successfully

2019-08-23 18:54:38 - [TEST_STEP][PASSED] - getStatusCode()).isEqualTo(200): null

2019-08-23 18:54:38 - [TEST_STEP][PASSED] - newline = System.getProperty("line.separator"): null

2019-08-23 18:54:38 - [TEST_STEP][PASSED] - M4_spin = new groovy.json.JsonSlurper(): null

2019-08-23 18:54:38 - [TEST_STEP][PASSED] - result_M4_spin = M4_spin.parseText(response.getResponseBodyContent()): null

2019-08-23 18:54:38 - [TEST_STEP][PASSED] - M4_spin_current_balance = current_balance: null

2019-08-23 18:54:38 - [TEST_STEP][PASSED] - M4_spin_current_balance = M4_spin_current_balance: null

2019-08-23 18:54:38 - [TEST_STEP][PASSED] - M4_spin_transaction_id = causality: null

2019-08-23 18:54:38 - [TEST_STEP][PASSED] - M4_spin_transaction_id = M4_spin_transaction_id: null

2019-08-23 18:54:38 - [TEST_STEP][PASSED] - M4_spin_round_id = round_id: null

2019-08-23 18:54:38 - [TEST_STEP][PASSED] - M4_spin_round_id = M4_spin_round_id: null

2019-08-23 18:54:38 - [TEST_STEP][PASSED] - M4_spin_line_wins = line_wins: null

2019-08-23 18:54:38 - [TEST_STEP][PASSED] - M4_spin_line_wins = M4_spin_line_wins: null

2019-08-23 18:54:38 - [TEST_STEP][PASSED] - M4_total_bonus_spins_int = total_bonus_spins: null

2019-08-23 18:54:38 - [TEST_STEP][PASSED] - println("******M4_total_bonus_spins type is:*******" + newline + getClass().getName()): null

2019-08-23 18:54:38 - [TEST_STEP][PASSED] - M4_total_bonus_spins_int = M4_total_bonus_spins_int: null

2019-08-23 18:54:38 - [TEST_STEP][PASSED] - M4_total_bonus_spins = Integer.toString(M4_total_bonus_spins_int): null

2019-08-23 18:54:38 - [TEST_STEP][PASSED] - M4_total_bonus_spins = M4_total_bonus_spins: null

2019-08-23 18:54:38 - [TEST_STEP][PASSED] - println("M4_total_bonus_spins is:" + M4_total_bonus_spins): null

2019-08-23 18:54:38 - [TEST_STEP][PASSED] - M4_spin_bonus_data = bonus_data: null

2019-08-23 18:54:38 - [TEST_STEP][PASSED] - M4_spin_features_triggered = result_M4_spin: null

2019-08-23 18:54:38 - [TEST_STEP][PASSED] - wild = []: null

2019-08-23 18:54:38 - [TEST_STEP][PASSED] - wild[0] = "WILD_Expanding": null

2019-08-23 18:54:38 - [TEST_STEP][PASSED] - wild[1] = "WILD_Normal": null

2019-08-23 18:54:38 - [TEST_STEP][PASSED] - wild[2] = "WILD_Double": null

2019-08-23 18:54:38 - [TEST_STEP][PASSED] - wild[3] = "WILD_ExtraFG": null

2019-08-23 18:54:38 - [TEST_STEP][PASSED] - wild[4] = "WILD_Triple": null

2019-08-23 18:54:38 - [TEST_STEP][PASSED] - wildList = Arrays.asList(wild): null

2019-08-23 18:54:38 - [TEST_STEP][PASSED] - wildList = wildList: null

2019-08-23 18:54:38 - [TEST_STEP][PASSED] - free_spin_reel_counter = []: null

2019-08-23 18:54:38 - [TEST_STEP][PASSED] - free_spin_reel_counter[0] = 0: null

2019-08-23 18:54:38 - [TEST_STEP][PASSED] - free_spin_reel_counter[1] = 0: null

2019-08-23 18:54:38 - [TEST_STEP][PASSED] - free_spin_reel_counter[2] = 0: null

2019-08-23 18:54:38 - [TEST_STEP][PASSED] - M4_spin_reels = reels: null

2019-08-23 18:54:38 - [TEST_STEP][PASSED] - for ([i = 0, i &lt; M4_spin_reels.size(), (i++)]): null

2019-08-23 18:54:38 - [TEST_STEP][PASSED] - symbols = symbols: null

2019-08-23 18:54:38 - [TEST_STEP][PASSED] - for ([j = 0, j &lt; symbols.size(), (j++)]): null

2019-08-23 18:54:38 - [TEST_STEP][PASSED] - symbol = symbol: null

2019-08-23 18:54:38 - [TEST_STEP][PASSED] - println(symbol): null

2019-08-23 18:54:38 - [TEST_STEP][PASSED] - if (i == 2 &amp;&amp; wildList.indexOf(symbol) != -1): null

2019-08-23 18:54:38 - [TEST_STEP][PASSED] - if (i == 3 &amp;&amp; wildList.indexOf(symbol) != -1): null

2019-08-23 18:54:38 - [TEST_STEP][PASSED] - if (i == 4 &amp;&amp; wildList.indexOf(symbol) != -1): null

2019-08-23 18:54:38 - [TEST_STEP][PASSED] - symbol = symbol: null

2019-08-23 18:54:38 - [TEST_STEP][PASSED] - println(symbol): null

2019-08-23 18:54:38 - [TEST_STEP][PASSED] - if (i == 2 &amp;&amp; wildList.indexOf(symbol) != -1): null

2019-08-23 18:54:38 - [TEST_STEP][PASSED] - if (i == 3 &amp;&amp; wildList.indexOf(symbol) != -1): null

2019-08-23 18:54:38 - [TEST_STEP][PASSED] - if (i == 4 &amp;&amp; wildList.indexOf(symbol) != -1): null

2019-08-23 18:54:38 - [TEST_STEP][PASSED] - symbol = symbol: null

2019-08-23 18:54:38 - [TEST_STEP][PASSED] - println(symbol): null

2019-08-23 18:54:38 - [TEST_STEP][PASSED] - if (i == 2 &amp;&amp; wildList.indexOf(symbol) != -1): null

2019-08-23 18:54:38 - [TEST_STEP][PASSED] - if (i == 3 &amp;&amp; wildList.indexOf(symbol) != -1): null

2019-08-23 18:54:38 - [TEST_STEP][PASSED] - if (i == 4 &amp;&amp; wildList.indexOf(symbol) != -1): null

2019-08-23 18:54:38 - [TEST_STEP][PASSED] - symbols = symbols: null

2019-08-23 18:54:38 - [TEST_STEP][PASSED] - for ([j = 0, j &lt; symbols.size(), (j++)]): null

2019-08-23 18:54:38 - [TEST_STEP][PASSED] - symbol = symbol: null

2019-08-23 18:54:38 - [TEST_STEP][PASSED] - println(symbol): null

2019-08-23 18:54:38 - [TEST_STEP][PASSED] - if (i == 2 &amp;&amp; wildList.indexOf(symbol) != -1): null

2019-08-23 18:54:38 - [TEST_STEP][PASSED] - if (i == 3 &amp;&amp; wildList.indexOf(symbol) != -1): null

2019-08-23 18:54:38 - [TEST_STEP][PASSED] - if (i == 4 &amp;&amp; wildList.indexOf(symbol) != -1): null

2019-08-23 18:54:38 - [TEST_STEP][PASSED] - symbol = symbol: null

2019-08-23 18:54:38 - [TEST_STEP][PASSED] - println(symbol): null

2019-08-23 18:54:38 - [TEST_STEP][PASSED] - if (i == 2 &amp;&amp; wildList.indexOf(symbol) != -1): null

2019-08-23 18:54:38 - [TEST_STEP][PASSED] - if (i == 3 &amp;&amp; wildList.indexOf(symbol) != -1): null

2019-08-23 18:54:38 - [TEST_STEP][PASSED] - if (i == 4 &amp;&amp; wildList.indexOf(symbol) != -1): null

2019-08-23 18:54:38 - [TEST_STEP][PASSED] - symbol = symbol: null

2019-08-23 18:54:38 - [TEST_STEP][PASSED] - println(symbol): null

2019-08-23 18:54:38 - [TEST_STEP][PASSED] - if (i == 2 &amp;&amp; wildList.indexOf(symbol) != -1): null

2019-08-23 18:54:38 - [TEST_STEP][PASSED] - if (i == 3 &amp;&amp; wildList.indexOf(symbol) != -1): null

2019-08-23 18:54:38 - [TEST_STEP][PASSED] - if (i == 4 &amp;&amp; wildList.indexOf(symbol) != -1): null

2019-08-23 18:54:38 - [TEST_STEP][PASSED] - symbols = symbols: null

2019-08-23 18:54:38 - [TEST_STEP][PASSED] - for ([j = 0, j &lt; symbols.size(), (j++)]): null

2019-08-23 18:54:38 - [TEST_STEP][PASSED] - symbol = symbol: null

2019-08-23 18:54:38 - [TEST_STEP][PASSED] - println(symbol): null

2019-08-23 18:54:38 - [TEST_STEP][PASSED] - if (i == 2 &amp;&amp; wildList.indexOf(symbol) != -1): null

2019-08-23 18:54:38 - [TEST_STEP][PASSED] - if (i == 3 &amp;&amp; wildList.indexOf(symbol) != -1): null

2019-08-23 18:54:38 - [TEST_STEP][PASSED] - if (i == 4 &amp;&amp; wildList.indexOf(symbol) != -1): null

2019-08-23 18:54:38 - [TEST_STEP][PASSED] - symbol = symbol: null

2019-08-23 18:54:38 - [TEST_STEP][PASSED] - println(symbol): null

2019-08-23 18:54:38 - [TEST_STEP][PASSED] - if (i == 2 &amp;&amp; wildList.indexOf(symbol) != -1): null

2019-08-23 18:54:38 - [TEST_STEP][PASSED] - if (i == 3 &amp;&amp; wildList.indexOf(symbol) != -1): null

2019-08-23 18:54:38 - [TEST_STEP][PASSED] - if (i == 4 &amp;&amp; wildList.indexOf(symbol) != -1): null

2019-08-23 18:54:38 - [TEST_STEP][PASSED] - symbol = symbol: null

2019-08-23 18:54:38 - [TEST_STEP][PASSED] - println(symbol): null

2019-08-23 18:54:38 - [TEST_STEP][PASSED] - if (i == 2 &amp;&amp; wildList.indexOf(symbol) != -1): null

2019-08-23 18:54:38 - [TEST_STEP][PASSED] - if (i == 3 &amp;&amp; wildList.indexOf(symbol) != -1): null

2019-08-23 18:54:38 - [TEST_STEP][PASSED] - if (i == 4 &amp;&amp; wildList.indexOf(symbol) != -1): null

2019-08-23 18:54:38 - [TEST_STEP][PASSED] - symbols = symbols: null

2019-08-23 18:54:38 - [TEST_STEP][PASSED] - for ([j = 0, j &lt; symbols.size(), (j++)]): null

2019-08-23 18:54:38 - [TEST_STEP][PASSED] - symbol = symbol: null

2019-08-23 18:54:38 - [TEST_STEP][PASSED] - println(symbol): null

2019-08-23 18:54:38 - [TEST_STEP][PASSED] - if (i == 2 &amp;&amp; wildList.indexOf(symbol) != -1): null

2019-08-23 18:54:38 - [TEST_STEP][PASSED] - if (i == 3 &amp;&amp; wildList.indexOf(symbol) != -1): null

2019-08-23 18:54:38 - [TEST_STEP][PASSED] - if (i == 4 &amp;&amp; wildList.indexOf(symbol) != -1): null

2019-08-23 18:54:38 - [TEST_STEP][PASSED] - symbol = symbol: null

2019-08-23 18:54:38 - [TEST_STEP][PASSED] - println(symbol): null

2019-08-23 18:54:38 - [TEST_STEP][PASSED] - if (i == 2 &amp;&amp; wildList.indexOf(symbol) != -1): null

2019-08-23 18:54:38 - [TEST_STEP][PASSED] - if (i == 3 &amp;&amp; wildList.indexOf(symbol) != -1): null

2019-08-23 18:54:38 - [TEST_STEP][PASSED] - if (i == 4 &amp;&amp; wildList.indexOf(symbol) != -1): null

2019-08-23 18:54:38 - [TEST_STEP][PASSED] - symbol = symbol: null

2019-08-23 18:54:38 - [TEST_STEP][PASSED] - println(symbol): null

2019-08-23 18:54:38 - [TEST_STEP][PASSED] - if (i == 2 &amp;&amp; wildList.indexOf(symbol) != -1): null

2019-08-23 18:54:38 - [TEST_STEP][PASSED] - if (i == 3 &amp;&amp; wildList.indexOf(symbol) != -1): null

2019-08-23 18:54:38 - [TEST_STEP][PASSED] - if (i == 4 &amp;&amp; wildList.indexOf(symbol) != -1): null

2019-08-23 18:54:38 - [TEST_STEP][PASSED] - symbols = symbols: null

2019-08-23 18:54:38 - [TEST_STEP][PASSED] - for ([j = 0, j &lt; symbols.size(), (j++)]): null

2019-08-23 18:54:38 - [TEST_STEP][PASSED] - symbol = symbol: null

2019-08-23 18:54:38 - [TEST_STEP][PASSED] - println(symbol): null

2019-08-23 18:54:38 - [TEST_STEP][PASSED] - if (i == 2 &amp;&amp; wildList.indexOf(symbol) != -1): null

2019-08-23 18:54:38 - [TEST_STEP][PASSED] - if (i == 3 &amp;&amp; wildList.indexOf(symbol) != -1): null

2019-08-23 18:54:38 - [TEST_STEP][PASSED] - if (i == 4 &amp;&amp; wildList.indexOf(symbol) != -1): null

2019-08-23 18:54:38 - [TEST_STEP][PASSED] - symbol = symbol: null

2019-08-23 18:54:38 - [TEST_STEP][PASSED] - println(symbol): null

2019-08-23 18:54:38 - [TEST_STEP][PASSED] - if (i == 2 &amp;&amp; wildList.indexOf(symbol) != -1): null

2019-08-23 18:54:38 - [TEST_STEP][PASSED] - if (i == 3 &amp;&amp; wildList.indexOf(symbol) != -1): null

2019-08-23 18:54:38 - [TEST_STEP][PASSED] - if (i == 4 &amp;&amp; wildList.indexOf(symbol) != -1): null

2019-08-23 18:54:38 - [TEST_STEP][PASSED] - symbol = symbol: null

2019-08-23 18:54:38 - [TEST_STEP][PASSED] - println(symbol): null

2019-08-23 18:54:38 - [TEST_STEP][PASSED] - if (i == 2 &amp;&amp; wildList.indexOf(symbol) != -1): null

2019-08-23 18:54:38 - [TEST_STEP][PASSED] - if (i == 3 &amp;&amp; wildList.indexOf(symbol) != -1): null

2019-08-23 18:54:38 - [TEST_STEP][PASSED] - if (i == 4 &amp;&amp; wildList.indexOf(symbol) != -1): null

2019-08-23 18:54:38 - [TEST_STEP][PASSED] - free_spin_reel_counter = free_spin_reel_counter: null

2019-08-23 18:54:38 - [TEST_STEP][PASSED] - println("reel 3 wild found: " + free_spin_reel_counter[0]): null

2019-08-23 18:54:38 - [TEST_STEP][PASSED] - println("reel 4 wild found: " + free_spin_reel_counter[1]): null

2019-08-23 18:54:38 - [TEST_STEP][PASSED] - println("reel 5 wild found: " + free_spin_reel_counter[2]): null

2019-08-23 18:54:38 - [TEST_STEP][PASSED] - M4_spin_reels = M4_spin_reels: null

2019-08-23 18:54:38 - [TEST_STEP][PASSED] - M4_spin_reels_symbols = symbol: null

2019-08-23 18:54:38 - [TEST_STEP][PASSED] - M4_spin_reels_symbols = M4_spin_reels_symbols: null

2019-08-23 18:54:38 - [TEST_STEP][PASSED] - M4_spin_reel_wins = reel_wins: null

2019-08-23 18:54:38 - [TEST_STEP][PASSED] - M4_spin_reel_wins = M4_spin_reel_wins: null

2019-08-23 18:54:39 - [TEST_STEP][PASSED] - println("GlobalVariable.M4_spin_reel_wins is: " + M4_spin_reel_wins): null

2019-08-23 18:54:39 - [TEST_STEP][PASSED] - M4_spin_total_bonus_win_this_round = total_bonus_win_this_round: null

2019-08-23 18:54:39 - [TEST_STEP][PASSED] - M4_spin_total_bonus_win_this_round = M4_spin_total_bonus_win_this_round: null

2019-08-23 18:54:39 - [TEST_STEP][PASSED] - println("GlobalVariable.M4_spin_total_bonus_win_this_round is: " + M4_spin_total_bonus_win_this_round): null

2019-08-23 18:54:39 - [TEST_STEP][PASSED] - M4_spin_bonus_spin_result = spin_result: null

2019-08-23 18:54:39 - [TEST_STEP][PASSED] - M4_spin_bonus_spin_result = M4_spin_bonus_spin_result: null

2019-08-23 18:54:39 - [MESSAGE][PASSED] - Verify response successfully

2019-08-23 18:54:39 - [MESSAGE][PASSED] - Send request and verify the response successfully

2019-08-23 18:54:39 - [TEST_STEP][PASSED] - if (free_spin_reel_counter[0] &gt;= 1 &amp;&amp; free_spin_reel_counter[1] &gt;= 1 &amp;&amp; free_spin_reel_counter[2] &gt;= 1): null

2019-08-23 18:54:39 - [TEST_STEP][PASSED] - spin_result = sendRequestAndVerify(findTestObject("INT/RGS(M4)/1_M4_spin", ["M4_login_user_id":M4_login_user_id, "rgs_session_token":rgs_session_token, "partner":Partner])): Send request and verify the response successfully

2019-08-23 18:54:39 - [MESSAGE][INFO] - HAR: /Users/eiralee/Katalon_Script/SuperWild/Reports/20190823_184757/INT/superWild_1/20190823_184757/requests/main/145.har

2019-08-23 18:54:39 - [TEST_CASE][PASSED] - Start Test Case : Verification: Verification accomplished successfully

2019-08-23 18:54:39 - [TEST_STEP][PASSED] - request = getInstance().getCurrentRequest(): null

2019-08-23 18:54:39 - [TEST_STEP][PASSED] - response = getInstance().getCurrentResponse(): null

2019-08-23 18:54:39 - [TEST_STEP][PASSED] - verifyResponseStatusCode(response, 200): Verify response status code successfully

2019-08-23 18:54:39 - [MESSAGE][PASSED] - Verify response status code successfully

2019-08-23 18:54:39 - [TEST_STEP][PASSED] - getStatusCode()).isEqualTo(200): null

2019-08-23 18:54:39 - [TEST_STEP][PASSED] - newline = System.getProperty("line.separator"): null

2019-08-23 18:54:39 - [TEST_STEP][PASSED] - M4_spin = new groovy.json.JsonSlurper(): null

2019-08-23 18:54:39 - [TEST_STEP][PASSED] - result_M4_spin = M4_spin.parseText(response.getResponseBodyContent()): null

2019-08-23 18:54:39 - [TEST_STEP][PASSED] - M4_spin_current_balance = current_balance: null

2019-08-23 18:54:39 - [TEST_STEP][PASSED] - M4_spin_current_balance = M4_spin_current_balance: null

2019-08-23 18:54:39 - [TEST_STEP][PASSED] - M4_spin_transaction_id = causality: null

2019-08-23 18:54:39 - [TEST_STEP][PASSED] - M4_spin_transaction_id = M4_spin_transaction_id: null

2019-08-23 18:54:39 - [TEST_STEP][PASSED] - M4_spin_round_id = round_id: null

2019-08-23 18:54:39 - [TEST_STEP][PASSED] - M4_spin_round_id = M4_spin_round_id: null

2019-08-23 18:54:39 - [TEST_STEP][PASSED] - M4_spin_line_wins = line_wins: null

2019-08-23 18:54:39 - [TEST_STEP][PASSED] - M4_spin_line_wins = M4_spin_line_wins: null

2019-08-23 18:54:39 - [TEST_STEP][PASSED] - M4_total_bonus_spins_int = total_bonus_spins: null

2019-08-23 18:54:39 - [TEST_STEP][PASSED] - println("******M4_total_bonus_spins type is:*******" + newline + getClass().getName()): null

2019-08-23 18:54:39 - [TEST_STEP][PASSED] - M4_total_bonus_spins_int = M4_total_bonus_spins_int: null

2019-08-23 18:54:39 - [TEST_STEP][PASSED] - M4_total_bonus_spins = Integer.toString(M4_total_bonus_spins_int): null

2019-08-23 18:54:39 - [TEST_STEP][PASSED] - M4_total_bonus_spins = M4_total_bonus_spins: null

2019-08-23 18:54:39 - [TEST_STEP][PASSED] - println("M4_total_bonus_spins is:" + M4_total_bonus_spins): null

2019-08-23 18:54:39 - [TEST_STEP][PASSED] - M4_spin_bonus_data = bonus_data: null

2019-08-23 18:54:39 - [TEST_STEP][PASSED] - M4_spin_features_triggered = result_M4_spin: null

2019-08-23 18:54:39 - [TEST_STEP][PASSED] - wild = []: null

2019-08-23 18:54:39 - [TEST_STEP][PASSED] - wild[0] = "WILD_Expanding": null

2019-08-23 18:54:39 - [TEST_STEP][PASSED] - wild[1] = "WILD_Normal": null

2019-08-23 18:54:39 - [TEST_STEP][PASSED] - wild[2] = "WILD_Double": null

2019-08-23 18:54:39 - [TEST_STEP][PASSED] - wild[3] = "WILD_ExtraFG": null

2019-08-23 18:54:39 - [TEST_STEP][PASSED] - wild[4] = "WILD_Triple": null

2019-08-23 18:54:39 - [TEST_STEP][PASSED] - wildList = Arrays.asList(wild): null

2019-08-23 18:54:39 - [TEST_STEP][PASSED] - wildList = wildList: null

2019-08-23 18:54:39 - [TEST_STEP][PASSED] - free_spin_reel_counter = []: null

2019-08-23 18:54:39 - [TEST_STEP][PASSED] - free_spin_reel_counter[0] = 0: null

2019-08-23 18:54:39 - [TEST_STEP][PASSED] - free_spin_reel_counter[1] = 0: null

2019-08-23 18:54:39 - [TEST_STEP][PASSED] - free_spin_reel_counter[2] = 0: null

2019-08-23 18:54:39 - [TEST_STEP][PASSED] - M4_spin_reels = reels: null

2019-08-23 18:54:39 - [TEST_STEP][PASSED] - for ([i = 0, i &lt; M4_spin_reels.size(), (i++)]): null

2019-08-23 18:54:39 - [TEST_STEP][PASSED] - symbols = symbols: null

2019-08-23 18:54:39 - [TEST_STEP][PASSED] - for ([j = 0, j &lt; symbols.size(), (j++)]): null

2019-08-23 18:54:39 - [TEST_STEP][PASSED] - symbol = symbol: null

2019-08-23 18:54:39 - [TEST_STEP][PASSED] - println(symbol): null

2019-08-23 18:54:39 - [TEST_STEP][PASSED] - if (i == 2 &amp;&amp; wildList.indexOf(symbol) != -1): null

2019-08-23 18:54:39 - [TEST_STEP][PASSED] - if (i == 3 &amp;&amp; wildList.indexOf(symbol) != -1): null

2019-08-23 18:54:39 - [TEST_STEP][PASSED] - if (i == 4 &amp;&amp; wildList.indexOf(symbol) != -1): null

2019-08-23 18:54:39 - [TEST_STEP][PASSED] - symbol = symbol: null

2019-08-23 18:54:39 - [TEST_STEP][PASSED] - println(symbol): null

2019-08-23 18:54:39 - [TEST_STEP][PASSED] - if (i == 2 &amp;&amp; wildList.indexOf(symbol) != -1): null

2019-08-23 18:54:39 - [TEST_STEP][PASSED] - if (i == 3 &amp;&amp; wildList.indexOf(symbol) != -1): null

2019-08-23 18:54:39 - [TEST_STEP][PASSED] - if (i == 4 &amp;&amp; wildList.indexOf(symbol) != -1): null

2019-08-23 18:54:39 - [TEST_STEP][PASSED] - symbol = symbol: null

2019-08-23 18:54:39 - [TEST_STEP][PASSED] - println(symbol): null

2019-08-23 18:54:39 - [TEST_STEP][PASSED] - if (i == 2 &amp;&amp; wildList.indexOf(symbol) != -1): null

2019-08-23 18:54:39 - [TEST_STEP][PASSED] - if (i == 3 &amp;&amp; wildList.indexOf(symbol) != -1): null

2019-08-23 18:54:39 - [TEST_STEP][PASSED] - if (i == 4 &amp;&amp; wildList.indexOf(symbol) != -1): null

2019-08-23 18:54:39 - [TEST_STEP][PASSED] - symbols = symbols: null

2019-08-23 18:54:39 - [TEST_STEP][PASSED] - for ([j = 0, j &lt; symbols.size(), (j++)]): null

2019-08-23 18:54:39 - [TEST_STEP][PASSED] - symbol = symbol: null

2019-08-23 18:54:39 - [TEST_STEP][PASSED] - println(symbol): null

2019-08-23 18:54:39 - [TEST_STEP][PASSED] - if (i == 2 &amp;&amp; wildList.indexOf(symbol) != -1): null

2019-08-23 18:54:39 - [TEST_STEP][PASSED] - if (i == 3 &amp;&amp; wildList.indexOf(symbol) != -1): null

2019-08-23 18:54:39 - [TEST_STEP][PASSED] - if (i == 4 &amp;&amp; wildList.indexOf(symbol) != -1): null

2019-08-23 18:54:39 - [TEST_STEP][PASSED] - symbol = symbol: null

2019-08-23 18:54:39 - [TEST_STEP][PASSED] - println(symbol): null

2019-08-23 18:54:39 - [TEST_STEP][PASSED] - if (i == 2 &amp;&amp; wildList.indexOf(symbol) != -1): null

2019-08-23 18:54:39 - [TEST_STEP][PASSED] - if (i == 3 &amp;&amp; wildList.indexOf(symbol) != -1): null

2019-08-23 18:54:39 - [TEST_STEP][PASSED] - if (i == 4 &amp;&amp; wildList.indexOf(symbol) != -1): null

2019-08-23 18:54:39 - [TEST_STEP][PASSED] - symbol = symbol: null

2019-08-23 18:54:39 - [TEST_STEP][PASSED] - println(symbol): null

2019-08-23 18:54:39 - [TEST_STEP][PASSED] - if (i == 2 &amp;&amp; wildList.indexOf(symbol) != -1): null

2019-08-23 18:54:39 - [TEST_STEP][PASSED] - if (i == 3 &amp;&amp; wildList.indexOf(symbol) != -1): null

2019-08-23 18:54:39 - [TEST_STEP][PASSED] - if (i == 4 &amp;&amp; wildList.indexOf(symbol) != -1): null

2019-08-23 18:54:39 - [TEST_STEP][PASSED] - symbols = symbols: null

2019-08-23 18:54:39 - [TEST_STEP][PASSED] - for ([j = 0, j &lt; symbols.size(), (j++)]): null

2019-08-23 18:54:39 - [TEST_STEP][PASSED] - symbol = symbol: null

2019-08-23 18:54:39 - [TEST_STEP][PASSED] - println(symbol): null

2019-08-23 18:54:39 - [TEST_STEP][PASSED] - if (i == 2 &amp;&amp; wildList.indexOf(symbol) != -1): null

2019-08-23 18:54:39 - [TEST_STEP][PASSED] - if (i == 3 &amp;&amp; wildList.indexOf(symbol) != -1): null

2019-08-23 18:54:39 - [TEST_STEP][PASSED] - if (i == 4 &amp;&amp; wildList.indexOf(symbol) != -1): null

2019-08-23 18:54:39 - [TEST_STEP][PASSED] - symbol = symbol: null

2019-08-23 18:54:39 - [TEST_STEP][PASSED] - println(symbol): null

2019-08-23 18:54:39 - [TEST_STEP][PASSED] - if (i == 2 &amp;&amp; wildList.indexOf(symbol) != -1): null

2019-08-23 18:54:39 - [TEST_STEP][PASSED] - if (i == 3 &amp;&amp; wildList.indexOf(symbol) != -1): null

2019-08-23 18:54:39 - [TEST_STEP][PASSED] - if (i == 4 &amp;&amp; wildList.indexOf(symbol) != -1): null

2019-08-23 18:54:39 - [TEST_STEP][PASSED] - symbol = symbol: null

2019-08-23 18:54:39 - [TEST_STEP][PASSED] - println(symbol): null

2019-08-23 18:54:39 - [TEST_STEP][PASSED] - if (i == 2 &amp;&amp; wildList.indexOf(symbol) != -1): null

2019-08-23 18:54:39 - [TEST_STEP][PASSED] - if (i == 3 &amp;&amp; wildList.indexOf(symbol) != -1): null

2019-08-23 18:54:39 - [TEST_STEP][PASSED] - if (i == 4 &amp;&amp; wildList.indexOf(symbol) != -1): null

2019-08-23 18:54:39 - [TEST_STEP][PASSED] - symbols = symbols: null

2019-08-23 18:54:39 - [TEST_STEP][PASSED] - for ([j = 0, j &lt; symbols.size(), (j++)]): null

2019-08-23 18:54:39 - [TEST_STEP][PASSED] - symbol = symbol: null

2019-08-23 18:54:39 - [TEST_STEP][PASSED] - println(symbol): null

2019-08-23 18:54:39 - [TEST_STEP][PASSED] - if (i == 2 &amp;&amp; wildList.indexOf(symbol) != -1): null

2019-08-23 18:54:39 - [TEST_STEP][PASSED] - if (i == 3 &amp;&amp; wildList.indexOf(symbol) != -1): null

2019-08-23 18:54:39 - [TEST_STEP][PASSED] - if (i == 4 &amp;&amp; wildList.indexOf(symbol) != -1): null

2019-08-23 18:54:39 - [TEST_STEP][PASSED] - symbol = symbol: null

2019-08-23 18:54:39 - [TEST_STEP][PASSED] - println(symbol): null

2019-08-23 18:54:39 - [TEST_STEP][PASSED] - if (i == 2 &amp;&amp; wildList.indexOf(symbol) != -1): null

2019-08-23 18:54:39 - [TEST_STEP][PASSED] - if (i == 3 &amp;&amp; wildList.indexOf(symbol) != -1): null

2019-08-23 18:54:39 - [TEST_STEP][PASSED] - if (i == 4 &amp;&amp; wildList.indexOf(symbol) != -1): null

2019-08-23 18:54:39 - [TEST_STEP][PASSED] - symbol = symbol: null

2019-08-23 18:54:39 - [TEST_STEP][PASSED] - println(symbol): null

2019-08-23 18:54:39 - [TEST_STEP][PASSED] - if (i == 2 &amp;&amp; wildList.indexOf(symbol) != -1): null

2019-08-23 18:54:41 - [TEST_STEP][PASSED] - if (i == 3 &amp;&amp; wildList.indexOf(symbol) != -1): null

2019-08-23 18:54:41 - [TEST_STEP][PASSED] - if (i == 4 &amp;&amp; wildList.indexOf(symbol) != -1): null

2019-08-23 18:54:41 - [TEST_STEP][PASSED] - symbols = symbols: null

2019-08-23 18:54:41 - [TEST_STEP][PASSED] - for ([j = 0, j &lt; symbols.size(), (j++)]): null

2019-08-23 18:54:41 - [TEST_STEP][PASSED] - symbol = symbol: null

2019-08-23 18:54:41 - [TEST_STEP][PASSED] - println(symbol): null

2019-08-23 18:54:41 - [TEST_STEP][PASSED] - if (i == 2 &amp;&amp; wildList.indexOf(symbol) != -1): null

2019-08-23 18:54:41 - [TEST_STEP][PASSED] - if (i == 3 &amp;&amp; wildList.indexOf(symbol) != -1): null

2019-08-23 18:54:41 - [TEST_STEP][PASSED] - if (i == 4 &amp;&amp; wildList.indexOf(symbol) != -1): null

2019-08-23 18:54:41 - [TEST_STEP][PASSED] - symbol = symbol: null

2019-08-23 18:54:41 - [TEST_STEP][PASSED] - println(symbol): null

2019-08-23 18:54:41 - [TEST_STEP][PASSED] - if (i == 2 &amp;&amp; wildList.indexOf(symbol) != -1): null

2019-08-23 18:54:41 - [TEST_STEP][PASSED] - if (i == 3 &amp;&amp; wildList.indexOf(symbol) != -1): null

2019-08-23 18:54:41 - [TEST_STEP][PASSED] - if (i == 4 &amp;&amp; wildList.indexOf(symbol) != -1): null

2019-08-23 18:54:41 - [TEST_STEP][PASSED] - symbol = symbol: null

2019-08-23 18:54:41 - [TEST_STEP][PASSED] - println(symbol): null

2019-08-23 18:54:41 - [TEST_STEP][PASSED] - if (i == 2 &amp;&amp; wildList.indexOf(symbol) != -1): null

2019-08-23 18:54:41 - [TEST_STEP][PASSED] - if (i == 3 &amp;&amp; wildList.indexOf(symbol) != -1): null

2019-08-23 18:54:41 - [TEST_STEP][PASSED] - if (i == 4 &amp;&amp; wildList.indexOf(symbol) != -1): null

2019-08-23 18:54:41 - [TEST_STEP][PASSED] - free_spin_reel_counter = free_spin_reel_counter: null

2019-08-23 18:54:41 - [TEST_STEP][PASSED] - println("reel 3 wild found: " + free_spin_reel_counter[0]): null

2019-08-23 18:54:41 - [TEST_STEP][PASSED] - println("reel 4 wild found: " + free_spin_reel_counter[1]): null

2019-08-23 18:54:41 - [TEST_STEP][PASSED] - println("reel 5 wild found: " + free_spin_reel_counter[2]): null

2019-08-23 18:54:41 - [TEST_STEP][PASSED] - M4_spin_reels = M4_spin_reels: null

2019-08-23 18:54:41 - [TEST_STEP][PASSED] - M4_spin_reels_symbols = symbol: null

2019-08-23 18:54:41 - [TEST_STEP][PASSED] - M4_spin_reels_symbols = M4_spin_reels_symbols: null

2019-08-23 18:54:41 - [TEST_STEP][PASSED] - M4_spin_reel_wins = reel_wins: null

2019-08-23 18:54:41 - [TEST_STEP][PASSED] - M4_spin_reel_wins = M4_spin_reel_wins: null

2019-08-23 18:54:41 - [TEST_STEP][PASSED] - println("GlobalVariable.M4_spin_reel_wins is: " + M4_spin_reel_wins): null

2019-08-23 18:54:41 - [TEST_STEP][PASSED] - M4_spin_total_bonus_win_this_round = total_bonus_win_this_round: null

2019-08-23 18:54:41 - [TEST_STEP][PASSED] - M4_spin_total_bonus_win_this_round = M4_spin_total_bonus_win_this_round: null

2019-08-23 18:54:41 - [TEST_STEP][PASSED] - println("GlobalVariable.M4_spin_total_bonus_win_this_round is: " + M4_spin_total_bonus_win_this_round): null

2019-08-23 18:54:41 - [TEST_STEP][PASSED] - M4_spin_bonus_spin_result = spin_result: null

2019-08-23 18:54:41 - [TEST_STEP][PASSED] - M4_spin_bonus_spin_result = M4_spin_bonus_spin_result: null

2019-08-23 18:54:41 - [MESSAGE][PASSED] - Verify response successfully

2019-08-23 18:54:41 - [MESSAGE][PASSED] - Send request and verify the response successfully

2019-08-23 18:54:41 - [TEST_STEP][PASSED] - if (free_spin_reel_counter[0] &gt;= 1 &amp;&amp; free_spin_reel_counter[1] &gt;= 1 &amp;&amp; free_spin_reel_counter[2] &gt;= 1): null

2019-08-23 18:54:41 - [TEST_STEP][PASSED] - spin_result = sendRequestAndVerify(findTestObject("INT/RGS(M4)/1_M4_spin", ["M4_login_user_id":M4_login_user_id, "rgs_session_token":rgs_session_token, "partner":Partner])): Send request and verify the response successfully

2019-08-23 18:54:41 - [MESSAGE][INFO] - HAR: /Users/eiralee/Katalon_Script/SuperWild/Reports/20190823_184757/INT/superWild_1/20190823_184757/requests/main/146.har

2019-08-23 18:54:42 - [TEST_CASE][PASSED] - Start Test Case : Verification: Verification accomplished successfully

2019-08-23 18:54:42 - [TEST_STEP][PASSED] - request = getInstance().getCurrentRequest(): null

2019-08-23 18:54:42 - [TEST_STEP][PASSED] - response = getInstance().getCurrentResponse(): null

2019-08-23 18:54:42 - [TEST_STEP][PASSED] - verifyResponseStatusCode(response, 200): Verify response status code successfully

2019-08-23 18:54:42 - [MESSAGE][PASSED] - Verify response status code successfully

2019-08-23 18:54:42 - [TEST_STEP][PASSED] - getStatusCode()).isEqualTo(200): null

2019-08-23 18:54:42 - [TEST_STEP][PASSED] - newline = System.getProperty("line.separator"): null

2019-08-23 18:54:42 - [TEST_STEP][PASSED] - M4_spin = new groovy.json.JsonSlurper(): null

2019-08-23 18:54:42 - [TEST_STEP][PASSED] - result_M4_spin = M4_spin.parseText(response.getResponseBodyContent()): null

2019-08-23 18:54:42 - [TEST_STEP][PASSED] - M4_spin_current_balance = current_balance: null

2019-08-23 18:54:42 - [TEST_STEP][PASSED] - M4_spin_current_balance = M4_spin_current_balance: null

2019-08-23 18:54:42 - [TEST_STEP][PASSED] - M4_spin_transaction_id = causality: null

2019-08-23 18:54:42 - [TEST_STEP][PASSED] - M4_spin_transaction_id = M4_spin_transaction_id: null

2019-08-23 18:54:42 - [TEST_STEP][PASSED] - M4_spin_round_id = round_id: null

2019-08-23 18:54:42 - [TEST_STEP][PASSED] - M4_spin_round_id = M4_spin_round_id: null

2019-08-23 18:54:42 - [TEST_STEP][PASSED] - M4_spin_line_wins = line_wins: null

2019-08-23 18:54:42 - [TEST_STEP][PASSED] - M4_spin_line_wins = M4_spin_line_wins: null

2019-08-23 18:54:42 - [TEST_STEP][PASSED] - M4_total_bonus_spins_int = total_bonus_spins: null

2019-08-23 18:54:42 - [TEST_STEP][PASSED] - println("******M4_total_bonus_spins type is:*******" + newline + getClass().getName()): null

2019-08-23 18:54:42 - [TEST_STEP][PASSED] - M4_total_bonus_spins_int = M4_total_bonus_spins_int: null

2019-08-23 18:54:42 - [TEST_STEP][PASSED] - M4_total_bonus_spins = Integer.toString(M4_total_bonus_spins_int): null

2019-08-23 18:54:42 - [TEST_STEP][PASSED] - M4_total_bonus_spins = M4_total_bonus_spins: null

2019-08-23 18:54:42 - [TEST_STEP][PASSED] - println("M4_total_bonus_spins is:" + M4_total_bonus_spins): null

2019-08-23 18:54:42 - [TEST_STEP][PASSED] - M4_spin_bonus_data = bonus_data: null

2019-08-23 18:54:42 - [TEST_STEP][PASSED] - M4_spin_features_triggered = result_M4_spin: null

2019-08-23 18:54:42 - [TEST_STEP][PASSED] - wild = []: null

2019-08-23 18:54:42 - [TEST_STEP][PASSED] - wild[0] = "WILD_Expanding": null

2019-08-23 18:54:42 - [TEST_STEP][PASSED] - wild[1] = "WILD_Normal": null

2019-08-23 18:54:42 - [TEST_STEP][PASSED] - wild[2] = "WILD_Double": null

2019-08-23 18:54:42 - [TEST_STEP][PASSED] - wild[3] = "WILD_ExtraFG": null

2019-08-23 18:54:42 - [TEST_STEP][PASSED] - wild[4] = "WILD_Triple": null

2019-08-23 18:54:42 - [TEST_STEP][PASSED] - wildList = Arrays.asList(wild): null

2019-08-23 18:54:42 - [TEST_STEP][PASSED] - wildList = wildList: null

2019-08-23 18:54:42 - [TEST_STEP][PASSED] - free_spin_reel_counter = []: null

2019-08-23 18:54:42 - [TEST_STEP][PASSED] - free_spin_reel_counter[0] = 0: null

2019-08-23 18:54:42 - [TEST_STEP][PASSED] - free_spin_reel_counter[1] = 0: null

2019-08-23 18:54:42 - [TEST_STEP][PASSED] - free_spin_reel_counter[2] = 0: null

2019-08-23 18:54:42 - [TEST_STEP][PASSED] - M4_spin_reels = reels: null

2019-08-23 18:54:42 - [TEST_STEP][PASSED] - for ([i = 0, i &lt; M4_spin_reels.size(), (i++)]): null

2019-08-23 18:54:42 - [TEST_STEP][PASSED] - symbols = symbols: null

2019-08-23 18:54:42 - [TEST_STEP][PASSED] - for ([j = 0, j &lt; symbols.size(), (j++)]): null

2019-08-23 18:54:42 - [TEST_STEP][PASSED] - symbol = symbol: null

2019-08-23 18:54:42 - [TEST_STEP][PASSED] - println(symbol): null

2019-08-23 18:54:42 - [TEST_STEP][PASSED] - if (i == 2 &amp;&amp; wildList.indexOf(symbol) != -1): null

2019-08-23 18:54:42 - [TEST_STEP][PASSED] - if (i == 3 &amp;&amp; wildList.indexOf(symbol) != -1): null

2019-08-23 18:54:42 - [TEST_STEP][PASSED] - if (i == 4 &amp;&amp; wildList.indexOf(symbol) != -1): null

2019-08-23 18:54:42 - [TEST_STEP][PASSED] - symbol = symbol: null

2019-08-23 18:54:42 - [TEST_STEP][PASSED] - println(symbol): null

2019-08-23 18:54:42 - [TEST_STEP][PASSED] - if (i == 2 &amp;&amp; wildList.indexOf(symbol) != -1): null

2019-08-23 18:54:42 - [TEST_STEP][PASSED] - if (i == 3 &amp;&amp; wildList.indexOf(symbol) != -1): null

2019-08-23 18:54:42 - [TEST_STEP][PASSED] - if (i == 4 &amp;&amp; wildList.indexOf(symbol) != -1): null

2019-08-23 18:54:42 - [TEST_STEP][PASSED] - symbol = symbol: null

2019-08-23 18:54:42 - [TEST_STEP][PASSED] - println(symbol): null

2019-08-23 18:54:42 - [TEST_STEP][PASSED] - if (i == 2 &amp;&amp; wildList.indexOf(symbol) != -1): null

2019-08-23 18:54:42 - [TEST_STEP][PASSED] - if (i == 3 &amp;&amp; wildList.indexOf(symbol) != -1): null

2019-08-23 18:54:42 - [TEST_STEP][PASSED] - if (i == 4 &amp;&amp; wildList.indexOf(symbol) != -1): null

2019-08-23 18:54:42 - [TEST_STEP][PASSED] - symbols = symbols: null

2019-08-23 18:54:42 - [TEST_STEP][PASSED] - for ([j = 0, j &lt; symbols.size(), (j++)]): null

2019-08-23 18:54:42 - [TEST_STEP][PASSED] - symbol = symbol: null

2019-08-23 18:54:42 - [TEST_STEP][PASSED] - println(symbol): null

2019-08-23 18:54:42 - [TEST_STEP][PASSED] - if (i == 2 &amp;&amp; wildList.indexOf(symbol) != -1): null

2019-08-23 18:54:42 - [TEST_STEP][PASSED] - if (i == 3 &amp;&amp; wildList.indexOf(symbol) != -1): null

2019-08-23 18:54:42 - [TEST_STEP][PASSED] - if (i == 4 &amp;&amp; wildList.indexOf(symbol) != -1): null

2019-08-23 18:54:42 - [TEST_STEP][PASSED] - symbol = symbol: null

2019-08-23 18:54:42 - [TEST_STEP][PASSED] - println(symbol): null

2019-08-23 18:54:42 - [TEST_STEP][PASSED] - if (i == 2 &amp;&amp; wildList.indexOf(symbol) != -1): null

2019-08-23 18:54:42 - [TEST_STEP][PASSED] - if (i == 3 &amp;&amp; wildList.indexOf(symbol) != -1): null

2019-08-23 18:54:42 - [TEST_STEP][PASSED] - if (i == 4 &amp;&amp; wildList.indexOf(symbol) != -1): null

2019-08-23 18:54:42 - [TEST_STEP][PASSED] - symbol = symbol: null

2019-08-23 18:54:42 - [TEST_STEP][PASSED] - println(symbol): null

2019-08-23 18:54:42 - [TEST_STEP][PASSED] - if (i == 2 &amp;&amp; wildList.indexOf(symbol) != -1): null

2019-08-23 18:54:42 - [TEST_STEP][PASSED] - if (i == 3 &amp;&amp; wildList.indexOf(symbol) != -1): null

2019-08-23 18:54:42 - [TEST_STEP][PASSED] - if (i == 4 &amp;&amp; wildList.indexOf(symbol) != -1): null

2019-08-23 18:54:42 - [TEST_STEP][PASSED] - symbols = symbols: null

2019-08-23 18:54:42 - [TEST_STEP][PASSED] - for ([j = 0, j &lt; symbols.size(), (j++)]): null

2019-08-23 18:54:42 - [TEST_STEP][PASSED] - symbol = symbol: null

2019-08-23 18:54:42 - [TEST_STEP][PASSED] - println(symbol): null

2019-08-23 18:54:42 - [TEST_STEP][PASSED] - if (i == 2 &amp;&amp; wildList.indexOf(symbol) != -1): null

2019-08-23 18:54:42 - [TEST_STEP][PASSED] - if (i == 3 &amp;&amp; wildList.indexOf(symbol) != -1): null

2019-08-23 18:54:42 - [TEST_STEP][PASSED] - if (i == 4 &amp;&amp; wildList.indexOf(symbol) != -1): null

2019-08-23 18:54:42 - [TEST_STEP][PASSED] - symbol = symbol: null

2019-08-23 18:54:42 - [TEST_STEP][PASSED] - println(symbol): null

2019-08-23 18:54:42 - [TEST_STEP][PASSED] - if (i == 2 &amp;&amp; wildList.indexOf(symbol) != -1): null

2019-08-23 18:54:42 - [TEST_STEP][PASSED] - if (i == 3 &amp;&amp; wildList.indexOf(symbol) != -1): null

2019-08-23 18:54:42 - [TEST_STEP][PASSED] - if (i == 4 &amp;&amp; wildList.indexOf(symbol) != -1): null

2019-08-23 18:54:42 - [TEST_STEP][PASSED] - symbol = symbol: null

2019-08-23 18:54:42 - [TEST_STEP][PASSED] - println(symbol): null

2019-08-23 18:54:42 - [TEST_STEP][PASSED] - if (i == 2 &amp;&amp; wildList.indexOf(symbol) != -1): null

2019-08-23 18:54:42 - [TEST_STEP][PASSED] - if (i == 3 &amp;&amp; wildList.indexOf(symbol) != -1): null

2019-08-23 18:54:42 - [TEST_STEP][PASSED] - if (i == 4 &amp;&amp; wildList.indexOf(symbol) != -1): null

2019-08-23 18:54:42 - [TEST_STEP][PASSED] - symbols = symbols: null

2019-08-23 18:54:42 - [TEST_STEP][PASSED] - for ([j = 0, j &lt; symbols.size(), (j++)]): null

2019-08-23 18:54:42 - [TEST_STEP][PASSED] - symbol = symbol: null

2019-08-23 18:54:42 - [TEST_STEP][PASSED] - println(symbol): null

2019-08-23 18:54:42 - [TEST_STEP][PASSED] - if (i == 2 &amp;&amp; wildList.indexOf(symbol) != -1): null

2019-08-23 18:54:42 - [TEST_STEP][PASSED] - if (i == 3 &amp;&amp; wildList.indexOf(symbol) != -1): null

2019-08-23 18:54:42 - [TEST_STEP][PASSED] - if (i == 4 &amp;&amp; wildList.indexOf(symbol) != -1): null

2019-08-23 18:54:42 - [TEST_STEP][PASSED] - symbol = symbol: null

2019-08-23 18:54:42 - [TEST_STEP][PASSED] - println(symbol): null

2019-08-23 18:54:42 - [TEST_STEP][PASSED] - if (i == 2 &amp;&amp; wildList.indexOf(symbol) != -1): null

2019-08-23 18:54:42 - [TEST_STEP][PASSED] - if (i == 3 &amp;&amp; wildList.indexOf(symbol) != -1): null

2019-08-23 18:54:42 - [TEST_STEP][PASSED] - if (i == 4 &amp;&amp; wildList.indexOf(symbol) != -1): null

2019-08-23 18:54:42 - [TEST_STEP][PASSED] - symbol = symbol: null

2019-08-23 18:54:42 - [TEST_STEP][PASSED] - println(symbol): null

2019-08-23 18:54:42 - [TEST_STEP][PASSED] - if (i == 2 &amp;&amp; wildList.indexOf(symbol) != -1): null

2019-08-23 18:54:42 - [TEST_STEP][PASSED] - if (i == 3 &amp;&amp; wildList.indexOf(symbol) != -1): null

2019-08-23 18:54:42 - [TEST_STEP][PASSED] - if (i == 4 &amp;&amp; wildList.indexOf(symbol) != -1): null

2019-08-23 18:54:42 - [TEST_STEP][PASSED] - symbols = symbols: null

2019-08-23 18:54:42 - [TEST_STEP][PASSED] - for ([j = 0, j &lt; symbols.size(), (j++)]): null

2019-08-23 18:54:42 - [TEST_STEP][PASSED] - symbol = symbol: null

2019-08-23 18:54:42 - [TEST_STEP][PASSED] - println(symbol): null

2019-08-23 18:54:42 - [TEST_STEP][PASSED] - if (i == 2 &amp;&amp; wildList.indexOf(symbol) != -1): null

2019-08-23 18:54:42 - [TEST_STEP][PASSED] - if (i == 3 &amp;&amp; wildList.indexOf(symbol) != -1): null

2019-08-23 18:54:42 - [TEST_STEP][PASSED] - if (i == 4 &amp;&amp; wildList.indexOf(symbol) != -1): null

2019-08-23 18:54:42 - [TEST_STEP][PASSED] - symbol = symbol: null

2019-08-23 18:54:42 - [TEST_STEP][PASSED] - println(symbol): null

2019-08-23 18:54:42 - [TEST_STEP][PASSED] - if (i == 2 &amp;&amp; wildList.indexOf(symbol) != -1): null

2019-08-23 18:54:42 - [TEST_STEP][PASSED] - if (i == 3 &amp;&amp; wildList.indexOf(symbol) != -1): null

2019-08-23 18:54:42 - [TEST_STEP][PASSED] - if (i == 4 &amp;&amp; wildList.indexOf(symbol) != -1): null

2019-08-23 18:54:42 - [TEST_STEP][PASSED] - symbol = symbol: null

2019-08-23 18:54:42 - [TEST_STEP][PASSED] - println(symbol): null

2019-08-23 18:54:42 - [TEST_STEP][PASSED] - if (i == 2 &amp;&amp; wildList.indexOf(symbol) != -1): null

2019-08-23 18:54:42 - [TEST_STEP][PASSED] - if (i == 3 &amp;&amp; wildList.indexOf(symbol) != -1): null

2019-08-23 18:54:42 - [TEST_STEP][PASSED] - if (i == 4 &amp;&amp; wildList.indexOf(symbol) != -1): null

2019-08-23 18:54:42 - [TEST_STEP][PASSED] - free_spin_reel_counter = free_spin_reel_counter: null

2019-08-23 18:54:42 - [TEST_STEP][PASSED] - println("reel 3 wild found: " + free_spin_reel_counter[0]): null

2019-08-23 18:54:42 - [TEST_STEP][PASSED] - println("reel 4 wild found: " + free_spin_reel_counter[1]): null

2019-08-23 18:54:42 - [TEST_STEP][PASSED] - println("reel 5 wild found: " + free_spin_reel_counter[2]): null

2019-08-23 18:54:42 - [TEST_STEP][PASSED] - M4_spin_reels = M4_spin_reels: null

2019-08-23 18:54:42 - [TEST_STEP][PASSED] - M4_spin_reels_symbols = symbol: null

2019-08-23 18:54:42 - [TEST_STEP][PASSED] - M4_spin_reels_symbols = M4_spin_reels_symbols: null

2019-08-23 18:54:42 - [TEST_STEP][PASSED] - M4_spin_reel_wins = reel_wins: null

2019-08-23 18:54:42 - [TEST_STEP][PASSED] - M4_spin_reel_wins = M4_spin_reel_wins: null

2019-08-23 18:54:42 - [TEST_STEP][PASSED] - println("GlobalVariable.M4_spin_reel_wins is: " + M4_spin_reel_wins): null

2019-08-23 18:54:42 - [TEST_STEP][PASSED] - M4_spin_total_bonus_win_this_round = total_bonus_win_this_round: null

2019-08-23 18:54:42 - [TEST_STEP][PASSED] - M4_spin_total_bonus_win_this_round = M4_spin_total_bonus_win_this_round: null

2019-08-23 18:54:42 - [TEST_STEP][PASSED] - println("GlobalVariable.M4_spin_total_bonus_win_this_round is: " + M4_spin_total_bonus_win_this_round): null

2019-08-23 18:54:42 - [TEST_STEP][PASSED] - M4_spin_bonus_spin_result = spin_result: null

2019-08-23 18:54:42 - [TEST_STEP][PASSED] - M4_spin_bonus_spin_result = M4_spin_bonus_spin_result: null

2019-08-23 18:54:42 - [MESSAGE][PASSED] - Verify response successfully

2019-08-23 18:54:42 - [MESSAGE][PASSED] - Send request and verify the response successfully

2019-08-23 18:54:42 - [TEST_STEP][PASSED] - if (free_spin_reel_counter[0] &gt;= 1 &amp;&amp; free_spin_reel_counter[1] &gt;= 1 &amp;&amp; free_spin_reel_counter[2] &gt;= 1): null

2019-08-23 18:54:42 - [TEST_STEP][PASSED] - spin_result = sendRequestAndVerify(findTestObject("INT/RGS(M4)/1_M4_spin", ["M4_login_user_id":M4_login_user_id, "rgs_session_token":rgs_session_token, "partner":Partner])): Send request and verify the response successfully

2019-08-23 18:54:42 - [MESSAGE][INFO] - HAR: /Users/eiralee/Katalon_Script/SuperWild/Reports/20190823_184757/INT/superWild_1/20190823_184757/requests/main/147.har

2019-08-23 18:54:42 - [TEST_CASE][PASSED] - Start Test Case : Verification: Verification accomplished successfully

2019-08-23 18:54:42 - [TEST_STEP][PASSED] - request = getInstance().getCurrentRequest(): null

2019-08-23 18:54:42 - [TEST_STEP][PASSED] - response = getInstance().getCurrentResponse(): null

2019-08-23 18:54:42 - [TEST_STEP][PASSED] - verifyResponseStatusCode(response, 200): Verify response status code successfully

2019-08-23 18:54:42 - [MESSAGE][PASSED] - Verify response status code successfully

2019-08-23 18:54:42 - [TEST_STEP][PASSED] - getStatusCode()).isEqualTo(200): null

2019-08-23 18:54:42 - [TEST_STEP][PASSED] - newline = System.getProperty("line.separator"): null

2019-08-23 18:54:42 - [TEST_STEP][PASSED] - M4_spin = new groovy.json.JsonSlurper(): null

2019-08-23 18:54:42 - [TEST_STEP][PASSED] - result_M4_spin = M4_spin.parseText(response.getResponseBodyContent()): null

2019-08-23 18:54:42 - [TEST_STEP][PASSED] - M4_spin_current_balance = current_balance: null

2019-08-23 18:54:42 - [TEST_STEP][PASSED] - M4_spin_current_balance = M4_spin_current_balance: null

2019-08-23 18:54:42 - [TEST_STEP][PASSED] - M4_spin_transaction_id = causality: null

2019-08-23 18:54:42 - [TEST_STEP][PASSED] - M4_spin_transaction_id = M4_spin_transaction_id: null

2019-08-23 18:54:42 - [TEST_STEP][PASSED] - M4_spin_round_id = round_id: null

2019-08-23 18:54:42 - [TEST_STEP][PASSED] - M4_spin_round_id = M4_spin_round_id: null

2019-08-23 18:54:42 - [TEST_STEP][PASSED] - M4_spin_line_wins = line_wins: null

2019-08-23 18:54:42 - [TEST_STEP][PASSED] - M4_spin_line_wins = M4_spin_line_wins: null

2019-08-23 18:54:42 - [TEST_STEP][PASSED] - M4_total_bonus_spins_int = total_bonus_spins: null

2019-08-23 18:54:42 - [TEST_STEP][PASSED] - println("******M4_total_bonus_spins type is:*******" + newline + getClass().getName()): null

2019-08-23 18:54:42 - [TEST_STEP][PASSED] - M4_total_bonus_spins_int = M4_total_bonus_spins_int: null

2019-08-23 18:54:42 - [TEST_STEP][PASSED] - M4_total_bonus_spins = Integer.toString(M4_total_bonus_spins_int): null

2019-08-23 18:54:42 - [TEST_STEP][PASSED] - M4_total_bonus_spins = M4_total_bonus_spins: null

2019-08-23 18:54:42 - [TEST_STEP][PASSED] - println("M4_total_bonus_spins is:" + M4_total_bonus_spins): null

2019-08-23 18:54:42 - [TEST_STEP][PASSED] - M4_spin_bonus_data = bonus_data: null

2019-08-23 18:54:42 - [TEST_STEP][PASSED] - M4_spin_features_triggered = result_M4_spin: null

2019-08-23 18:54:42 - [TEST_STEP][PASSED] - wild = []: null

2019-08-23 18:54:42 - [TEST_STEP][PASSED] - wild[0] = "WILD_Expanding": null

2019-08-23 18:54:42 - [TEST_STEP][PASSED] - wild[1] = "WILD_Normal": null

2019-08-23 18:54:42 - [TEST_STEP][PASSED] - wild[2] = "WILD_Double": null

2019-08-23 18:54:42 - [TEST_STEP][PASSED] - wild[3] = "WILD_ExtraFG": null

2019-08-23 18:54:42 - [TEST_STEP][PASSED] - wild[4] = "WILD_Triple": null

2019-08-23 18:54:42 - [TEST_STEP][PASSED] - wildList = Arrays.asList(wild): null

2019-08-23 18:54:42 - [TEST_STEP][PASSED] - wildList = wildList: null

2019-08-23 18:54:42 - [TEST_STEP][PASSED] - free_spin_reel_counter = []: null

2019-08-23 18:54:42 - [TEST_STEP][PASSED] - free_spin_reel_counter[0] = 0: null

2019-08-23 18:54:42 - [TEST_STEP][PASSED] - free_spin_reel_counter[1] = 0: null

2019-08-23 18:54:42 - [TEST_STEP][PASSED] - free_spin_reel_counter[2] = 0: null

2019-08-23 18:54:42 - [TEST_STEP][PASSED] - M4_spin_reels = reels: null

2019-08-23 18:54:42 - [TEST_STEP][PASSED] - for ([i = 0, i &lt; M4_spin_reels.size(), (i++)]): null

2019-08-23 18:54:42 - [TEST_STEP][PASSED] - symbols = symbols: null

2019-08-23 18:54:42 - [TEST_STEP][PASSED] - for ([j = 0, j &lt; symbols.size(), (j++)]): null

2019-08-23 18:54:42 - [TEST_STEP][PASSED] - symbol = symbol: null

2019-08-23 18:54:42 - [TEST_STEP][PASSED] - println(symbol): null

2019-08-23 18:54:42 - [TEST_STEP][PASSED] - if (i == 2 &amp;&amp; wildList.indexOf(symbol) != -1): null

2019-08-23 18:54:42 - [TEST_STEP][PASSED] - if (i == 3 &amp;&amp; wildList.indexOf(symbol) != -1): null

2019-08-23 18:54:42 - [TEST_STEP][PASSED] - if (i == 4 &amp;&amp; wildList.indexOf(symbol) != -1): null

2019-08-23 18:54:42 - [TEST_STEP][PASSED] - symbol = symbol: null

2019-08-23 18:54:42 - [TEST_STEP][PASSED] - println(symbol): null

2019-08-23 18:54:42 - [TEST_STEP][PASSED] - if (i == 2 &amp;&amp; wildList.indexOf(symbol) != -1): null

2019-08-23 18:54:42 - [TEST_STEP][PASSED] - if (i == 3 &amp;&amp; wildList.indexOf(symbol) != -1): null

2019-08-23 18:54:42 - [TEST_STEP][PASSED] - if (i == 4 &amp;&amp; wildList.indexOf(symbol) != -1): null

2019-08-23 18:54:42 - [TEST_STEP][PASSED] - symbol = symbol: null

2019-08-23 18:54:42 - [TEST_STEP][PASSED] - println(symbol): null

2019-08-23 18:54:42 - [TEST_STEP][PASSED] - if (i == 2 &amp;&amp; wildList.indexOf(symbol) != -1): null

2019-08-23 18:54:42 - [TEST_STEP][PASSED] - if (i == 3 &amp;&amp; wildList.indexOf(symbol) != -1): null

2019-08-23 18:54:42 - [TEST_STEP][PASSED] - if (i == 4 &amp;&amp; wildList.indexOf(symbol) != -1): null

2019-08-23 18:54:42 - [TEST_STEP][PASSED] - symbols = symbols: null

2019-08-23 18:54:42 - [TEST_STEP][PASSED] - for ([j = 0, j &lt; symbols.size(), (j++)]): null

2019-08-23 18:54:42 - [TEST_STEP][PASSED] - symbol = symbol: null

2019-08-23 18:54:42 - [TEST_STEP][PASSED] - println(symbol): null

2019-08-23 18:54:42 - [TEST_STEP][PASSED] - if (i == 2 &amp;&amp; wildList.indexOf(symbol) != -1): null

2019-08-23 18:54:42 - [TEST_STEP][PASSED] - if (i == 3 &amp;&amp; wildList.indexOf(symbol) != -1): null

2019-08-23 18:54:42 - [TEST_STEP][PASSED] - if (i == 4 &amp;&amp; wildList.indexOf(symbol) != -1): null

2019-08-23 18:54:42 - [TEST_STEP][PASSED] - symbol = symbol: null

2019-08-23 18:54:42 - [TEST_STEP][PASSED] - println(symbol): null

2019-08-23 18:54:42 - [TEST_STEP][PASSED] - if (i == 2 &amp;&amp; wildList.indexOf(symbol) != -1): null

2019-08-23 18:54:42 - [TEST_STEP][PASSED] - if (i == 3 &amp;&amp; wildList.indexOf(symbol) != -1): null

2019-08-23 18:54:42 - [TEST_STEP][PASSED] - if (i == 4 &amp;&amp; wildList.indexOf(symbol) != -1): null

2019-08-23 18:54:42 - [TEST_STEP][PASSED] - symbol = symbol: null

2019-08-23 18:54:42 - [TEST_STEP][PASSED] - println(symbol): null

2019-08-23 18:54:42 - [TEST_STEP][PASSED] - if (i == 2 &amp;&amp; wildList.indexOf(symbol) != -1): null

2019-08-23 18:54:42 - [TEST_STEP][PASSED] - if (i == 3 &amp;&amp; wildList.indexOf(symbol) != -1): null

2019-08-23 18:54:42 - [TEST_STEP][PASSED] - if (i == 4 &amp;&amp; wildList.indexOf(symbol) != -1): null

2019-08-23 18:54:42 - [TEST_STEP][PASSED] - symbols = symbols: null

2019-08-23 18:54:42 - [TEST_STEP][PASSED] - for ([j = 0, j &lt; symbols.size(), (j++)]): null

2019-08-23 18:54:42 - [TEST_STEP][PASSED] - symbol = symbol: null

2019-08-23 18:54:42 - [TEST_STEP][PASSED] - println(symbol): null

2019-08-23 18:54:42 - [TEST_STEP][PASSED] - if (i == 2 &amp;&amp; wildList.indexOf(symbol) != -1): null

2019-08-23 18:54:42 - [TEST_STEP][PASSED] - if (i == 3 &amp;&amp; wildList.indexOf(symbol) != -1): null

2019-08-23 18:54:42 - [TEST_STEP][PASSED] - if (i == 4 &amp;&amp; wildList.indexOf(symbol) != -1): null

2019-08-23 18:54:42 - [TEST_STEP][PASSED] - symbol = symbol: null

2019-08-23 18:54:42 - [TEST_STEP][PASSED] - println(symbol): null

2019-08-23 18:54:42 - [TEST_STEP][PASSED] - if (i == 2 &amp;&amp; wildList.indexOf(symbol) != -1): null

2019-08-23 18:54:42 - [TEST_STEP][PASSED] - if (i == 3 &amp;&amp; wildList.indexOf(symbol) != -1): null

2019-08-23 18:54:42 - [TEST_STEP][PASSED] - if (i == 4 &amp;&amp; wildList.indexOf(symbol) != -1): null

2019-08-23 18:54:42 - [TEST_STEP][PASSED] - symbol = symbol: null

2019-08-23 18:54:42 - [TEST_STEP][PASSED] - println(symbol): null

2019-08-23 18:54:42 - [TEST_STEP][PASSED] - if (i == 2 &amp;&amp; wildList.indexOf(symbol) != -1): null

2019-08-23 18:54:42 - [TEST_STEP][PASSED] - if (i == 3 &amp;&amp; wildList.indexOf(symbol) != -1): null

2019-08-23 18:54:42 - [TEST_STEP][PASSED] - if (i == 4 &amp;&amp; wildList.indexOf(symbol) != -1): null

2019-08-23 18:54:42 - [TEST_STEP][PASSED] - symbols = symbols: null

2019-08-23 18:54:42 - [TEST_STEP][PASSED] - for ([j = 0, j &lt; symbols.size(), (j++)]): null

2019-08-23 18:54:42 - [TEST_STEP][PASSED] - symbol = symbol: null

2019-08-23 18:54:42 - [TEST_STEP][PASSED] - println(symbol): null

2019-08-23 18:54:42 - [TEST_STEP][PASSED] - if (i == 2 &amp;&amp; wildList.indexOf(symbol) != -1): null

2019-08-23 18:54:42 - [TEST_STEP][PASSED] - if (i == 3 &amp;&amp; wildList.indexOf(symbol) != -1): null

2019-08-23 18:54:42 - [TEST_STEP][PASSED] - if (i == 4 &amp;&amp; wildList.indexOf(symbol) != -1): null

2019-08-23 18:54:42 - [TEST_STEP][PASSED] - symbol = symbol: null

2019-08-23 18:54:42 - [TEST_STEP][PASSED] - println(symbol): null

2019-08-23 18:54:42 - [TEST_STEP][PASSED] - if (i == 2 &amp;&amp; wildList.indexOf(symbol) != -1): null

2019-08-23 18:54:42 - [TEST_STEP][PASSED] - if (i == 3 &amp;&amp; wildList.indexOf(symbol) != -1): null

2019-08-23 18:54:42 - [TEST_STEP][PASSED] - if (i == 4 &amp;&amp; wildList.indexOf(symbol) != -1): null

2019-08-23 18:54:42 - [TEST_STEP][PASSED] - symbol = symbol: null

2019-08-23 18:54:42 - [TEST_STEP][PASSED] - println(symbol): null

2019-08-23 18:54:42 - [TEST_STEP][PASSED] - if (i == 2 &amp;&amp; wildList.indexOf(symbol) != -1): null

2019-08-23 18:54:42 - [TEST_STEP][PASSED] - if (i == 3 &amp;&amp; wildList.indexOf(symbol) != -1): null

2019-08-23 18:54:42 - [TEST_STEP][PASSED] - if (i == 4 &amp;&amp; wildList.indexOf(symbol) != -1): null

2019-08-23 18:54:42 - [TEST_STEP][PASSED] - symbols = symbols: null

2019-08-23 18:54:42 - [TEST_STEP][PASSED] - for ([j = 0, j &lt; symbols.size(), (j++)]): null

2019-08-23 18:54:42 - [TEST_STEP][PASSED] - symbol = symbol: null

2019-08-23 18:54:42 - [TEST_STEP][PASSED] - println(symbol): null

2019-08-23 18:54:42 - [TEST_STEP][PASSED] - if (i == 2 &amp;&amp; wildList.indexOf(symbol) != -1): null

2019-08-23 18:54:42 - [TEST_STEP][PASSED] - if (i == 3 &amp;&amp; wildList.indexOf(symbol) != -1): null

2019-08-23 18:54:42 - [TEST_STEP][PASSED] - if (i == 4 &amp;&amp; wildList.indexOf(symbol) != -1): null

2019-08-23 18:54:42 - [TEST_STEP][PASSED] - symbol = symbol: null

2019-08-23 18:54:42 - [TEST_STEP][PASSED] - println(symbol): null

2019-08-23 18:54:42 - [TEST_STEP][PASSED] - if (i == 2 &amp;&amp; wildList.indexOf(symbol) != -1): null

2019-08-23 18:54:42 - [TEST_STEP][PASSED] - if (i == 3 &amp;&amp; wildList.indexOf(symbol) != -1): null

2019-08-23 18:54:42 - [TEST_STEP][PASSED] - if (i == 4 &amp;&amp; wildList.indexOf(symbol) != -1): null

2019-08-23 18:54:42 - [TEST_STEP][PASSED] - symbol = symbol: null

2019-08-23 18:54:42 - [TEST_STEP][PASSED] - println(symbol): null

2019-08-23 18:54:42 - [TEST_STEP][PASSED] - if (i == 2 &amp;&amp; wildList.indexOf(symbol) != -1): null

2019-08-23 18:54:42 - [TEST_STEP][PASSED] - if (i == 3 &amp;&amp; wildList.indexOf(symbol) != -1): null

2019-08-23 18:54:42 - [TEST_STEP][PASSED] - if (i == 4 &amp;&amp; wildList.indexOf(symbol) != -1): null

2019-08-23 18:54:42 - [TEST_STEP][PASSED] - free_spin_reel_counter = free_spin_reel_counter: null

2019-08-23 18:54:42 - [TEST_STEP][PASSED] - println("reel 3 wild found: " + free_spin_reel_counter[0]): null

2019-08-23 18:54:42 - [TEST_STEP][PASSED] - println("reel 4 wild found: " + free_spin_reel_counter[1]): null

2019-08-23 18:54:42 - [TEST_STEP][PASSED] - println("reel 5 wild found: " + free_spin_reel_counter[2]): null

2019-08-23 18:54:42 - [TEST_STEP][PASSED] - M4_spin_reels = M4_spin_reels: null

2019-08-23 18:54:42 - [TEST_STEP][PASSED] - M4_spin_reels_symbols = symbol: null

2019-08-23 18:54:42 - [TEST_STEP][PASSED] - M4_spin_reels_symbols = M4_spin_reels_symbols: null

2019-08-23 18:54:42 - [TEST_STEP][PASSED] - M4_spin_reel_wins = reel_wins: null

2019-08-23 18:54:42 - [TEST_STEP][PASSED] - M4_spin_reel_wins = M4_spin_reel_wins: null

2019-08-23 18:54:42 - [TEST_STEP][PASSED] - println("GlobalVariable.M4_spin_reel_wins is: " + M4_spin_reel_wins): null

2019-08-23 18:54:42 - [TEST_STEP][PASSED] - M4_spin_total_bonus_win_this_round = total_bonus_win_this_round: null

2019-08-23 18:54:42 - [TEST_STEP][PASSED] - M4_spin_total_bonus_win_this_round = M4_spin_total_bonus_win_this_round: null

2019-08-23 18:54:42 - [TEST_STEP][PASSED] - println("GlobalVariable.M4_spin_total_bonus_win_this_round is: " + M4_spin_total_bonus_win_this_round): null

2019-08-23 18:54:42 - [TEST_STEP][PASSED] - M4_spin_bonus_spin_result = spin_result: null

2019-08-23 18:54:42 - [TEST_STEP][PASSED] - M4_spin_bonus_spin_result = M4_spin_bonus_spin_result: null

2019-08-23 18:54:44 - [MESSAGE][PASSED] - Verify response successfully

2019-08-23 18:54:44 - [MESSAGE][PASSED] - Send request and verify the response successfully

2019-08-23 18:54:44 - [TEST_STEP][PASSED] - if (free_spin_reel_counter[0] &gt;= 1 &amp;&amp; free_spin_reel_counter[1] &gt;= 1 &amp;&amp; free_spin_reel_counter[2] &gt;= 1): null

2019-08-23 18:54:44 - [TEST_STEP][PASSED] - spin_result = sendRequestAndVerify(findTestObject("INT/RGS(M4)/1_M4_spin", ["M4_login_user_id":M4_login_user_id, "rgs_session_token":rgs_session_token, "partner":Partner])): Send request and verify the response successfully

2019-08-23 18:54:45 - [MESSAGE][INFO] - HAR: /Users/eiralee/Katalon_Script/SuperWild/Reports/20190823_184757/INT/superWild_1/20190823_184757/requests/main/148.har

2019-08-23 18:54:45 - [TEST_CASE][PASSED] - Start Test Case : Verification: Verification accomplished successfully

2019-08-23 18:54:45 - [TEST_STEP][PASSED] - request = getInstance().getCurrentRequest(): null

2019-08-23 18:54:45 - [TEST_STEP][PASSED] - response = getInstance().getCurrentResponse(): null

2019-08-23 18:54:45 - [TEST_STEP][PASSED] - verifyResponseStatusCode(response, 200): Verify response status code successfully

2019-08-23 18:54:45 - [MESSAGE][PASSED] - Verify response status code successfully

2019-08-23 18:54:45 - [TEST_STEP][PASSED] - getStatusCode()).isEqualTo(200): null

2019-08-23 18:54:45 - [TEST_STEP][PASSED] - newline = System.getProperty("line.separator"): null

2019-08-23 18:54:45 - [TEST_STEP][PASSED] - M4_spin = new groovy.json.JsonSlurper(): null

2019-08-23 18:54:45 - [TEST_STEP][PASSED] - result_M4_spin = M4_spin.parseText(response.getResponseBodyContent()): null

2019-08-23 18:54:45 - [TEST_STEP][PASSED] - M4_spin_current_balance = current_balance: null

2019-08-23 18:54:45 - [TEST_STEP][PASSED] - M4_spin_current_balance = M4_spin_current_balance: null

2019-08-23 18:54:45 - [TEST_STEP][PASSED] - M4_spin_transaction_id = causality: null

2019-08-23 18:54:45 - [TEST_STEP][PASSED] - M4_spin_transaction_id = M4_spin_transaction_id: null

2019-08-23 18:54:45 - [TEST_STEP][PASSED] - M4_spin_round_id = round_id: null

2019-08-23 18:54:45 - [TEST_STEP][PASSED] - M4_spin_round_id = M4_spin_round_id: null

2019-08-23 18:54:45 - [TEST_STEP][PASSED] - M4_spin_line_wins = line_wins: null

2019-08-23 18:54:45 - [TEST_STEP][PASSED] - M4_spin_line_wins = M4_spin_line_wins: null

2019-08-23 18:54:45 - [TEST_STEP][PASSED] - M4_total_bonus_spins_int = total_bonus_spins: null

2019-08-23 18:54:45 - [TEST_STEP][PASSED] - println("******M4_total_bonus_spins type is:*******" + newline + getClass().getName()): null

2019-08-23 18:54:45 - [TEST_STEP][PASSED] - M4_total_bonus_spins_int = M4_total_bonus_spins_int: null

2019-08-23 18:54:45 - [TEST_STEP][PASSED] - M4_total_bonus_spins = Integer.toString(M4_total_bonus_spins_int): null

2019-08-23 18:54:45 - [TEST_STEP][PASSED] - M4_total_bonus_spins = M4_total_bonus_spins: null

2019-08-23 18:54:45 - [TEST_STEP][PASSED] - println("M4_total_bonus_spins is:" + M4_total_bonus_spins): null

2019-08-23 18:54:45 - [TEST_STEP][PASSED] - M4_spin_bonus_data = bonus_data: null

2019-08-23 18:54:45 - [TEST_STEP][PASSED] - M4_spin_features_triggered = result_M4_spin: null

2019-08-23 18:54:45 - [TEST_STEP][PASSED] - wild = []: null

2019-08-23 18:54:45 - [TEST_STEP][PASSED] - wild[0] = "WILD_Expanding": null

2019-08-23 18:54:45 - [TEST_STEP][PASSED] - wild[1] = "WILD_Normal": null

2019-08-23 18:54:45 - [TEST_STEP][PASSED] - wild[2] = "WILD_Double": null

2019-08-23 18:54:45 - [TEST_STEP][PASSED] - wild[3] = "WILD_ExtraFG": null

2019-08-23 18:54:45 - [TEST_STEP][PASSED] - wild[4] = "WILD_Triple": null

2019-08-23 18:54:45 - [TEST_STEP][PASSED] - wildList = Arrays.asList(wild): null

2019-08-23 18:54:45 - [TEST_STEP][PASSED] - wildList = wildList: null

2019-08-23 18:54:45 - [TEST_STEP][PASSED] - free_spin_reel_counter = []: null

2019-08-23 18:54:45 - [TEST_STEP][PASSED] - free_spin_reel_counter[0] = 0: null

2019-08-23 18:54:45 - [TEST_STEP][PASSED] - free_spin_reel_counter[1] = 0: null

2019-08-23 18:54:45 - [TEST_STEP][PASSED] - free_spin_reel_counter[2] = 0: null

2019-08-23 18:54:45 - [TEST_STEP][PASSED] - M4_spin_reels = reels: null

2019-08-23 18:54:45 - [TEST_STEP][PASSED] - for ([i = 0, i &lt; M4_spin_reels.size(), (i++)]): null

2019-08-23 18:54:45 - [TEST_STEP][PASSED] - symbols = symbols: null

2019-08-23 18:54:45 - [TEST_STEP][PASSED] - for ([j = 0, j &lt; symbols.size(), (j++)]): null

2019-08-23 18:54:45 - [TEST_STEP][PASSED] - symbol = symbol: null

2019-08-23 18:54:45 - [TEST_STEP][PASSED] - println(symbol): null

2019-08-23 18:54:45 - [TEST_STEP][PASSED] - if (i == 2 &amp;&amp; wildList.indexOf(symbol) != -1): null

2019-08-23 18:54:45 - [TEST_STEP][PASSED] - if (i == 3 &amp;&amp; wildList.indexOf(symbol) != -1): null

2019-08-23 18:54:45 - [TEST_STEP][PASSED] - if (i == 4 &amp;&amp; wildList.indexOf(symbol) != -1): null

2019-08-23 18:54:45 - [TEST_STEP][PASSED] - symbol = symbol: null

2019-08-23 18:54:45 - [TEST_STEP][PASSED] - println(symbol): null

2019-08-23 18:54:45 - [TEST_STEP][PASSED] - if (i == 2 &amp;&amp; wildList.indexOf(symbol) != -1): null

2019-08-23 18:54:45 - [TEST_STEP][PASSED] - if (i == 3 &amp;&amp; wildList.indexOf(symbol) != -1): null

2019-08-23 18:54:45 - [TEST_STEP][PASSED] - if (i == 4 &amp;&amp; wildList.indexOf(symbol) != -1): null

2019-08-23 18:54:45 - [TEST_STEP][PASSED] - symbol = symbol: null

2019-08-23 18:54:45 - [TEST_STEP][PASSED] - println(symbol): null

2019-08-23 18:54:45 - [TEST_STEP][PASSED] - if (i == 2 &amp;&amp; wildList.indexOf(symbol) != -1): null

2019-08-23 18:54:45 - [TEST_STEP][PASSED] - if (i == 3 &amp;&amp; wildList.indexOf(symbol) != -1): null

2019-08-23 18:54:45 - [TEST_STEP][PASSED] - if (i == 4 &amp;&amp; wildList.indexOf(symbol) != -1): null

2019-08-23 18:54:45 - [TEST_STEP][PASSED] - symbols = symbols: null

2019-08-23 18:54:45 - [TEST_STEP][PASSED] - for ([j = 0, j &lt; symbols.size(), (j++)]): null

2019-08-23 18:54:45 - [TEST_STEP][PASSED] - symbol = symbol: null

2019-08-23 18:54:45 - [TEST_STEP][PASSED] - println(symbol): null

2019-08-23 18:54:45 - [TEST_STEP][PASSED] - if (i == 2 &amp;&amp; wildList.indexOf(symbol) != -1): null

2019-08-23 18:54:45 - [TEST_STEP][PASSED] - if (i == 3 &amp;&amp; wildList.indexOf(symbol) != -1): null

2019-08-23 18:54:45 - [TEST_STEP][PASSED] - if (i == 4 &amp;&amp; wildList.indexOf(symbol) != -1): null

2019-08-23 18:54:45 - [TEST_STEP][PASSED] - symbol = symbol: null

2019-08-23 18:54:45 - [TEST_STEP][PASSED] - println(symbol): null

2019-08-23 18:54:45 - [TEST_STEP][PASSED] - if (i == 2 &amp;&amp; wildList.indexOf(symbol) != -1): null

2019-08-23 18:54:45 - [TEST_STEP][PASSED] - if (i == 3 &amp;&amp; wildList.indexOf(symbol) != -1): null

2019-08-23 18:54:45 - [TEST_STEP][PASSED] - if (i == 4 &amp;&amp; wildList.indexOf(symbol) != -1): null

2019-08-23 18:54:45 - [TEST_STEP][PASSED] - symbol = symbol: null

2019-08-23 18:54:45 - [TEST_STEP][PASSED] - println(symbol): null

2019-08-23 18:54:45 - [TEST_STEP][PASSED] - if (i == 2 &amp;&amp; wildList.indexOf(symbol) != -1): null

2019-08-23 18:54:45 - [TEST_STEP][PASSED] - if (i == 3 &amp;&amp; wildList.indexOf(symbol) != -1): null

2019-08-23 18:54:45 - [TEST_STEP][PASSED] - if (i == 4 &amp;&amp; wildList.indexOf(symbol) != -1): null

2019-08-23 18:54:45 - [TEST_STEP][PASSED] - symbols = symbols: null

2019-08-23 18:54:45 - [TEST_STEP][PASSED] - for ([j = 0, j &lt; symbols.size(), (j++)]): null

2019-08-23 18:54:45 - [TEST_STEP][PASSED] - symbol = symbol: null

2019-08-23 18:54:45 - [TEST_STEP][PASSED] - println(symbol): null

2019-08-23 18:54:45 - [TEST_STEP][PASSED] - if (i == 2 &amp;&amp; wildList.indexOf(symbol) != -1): null

2019-08-23 18:54:45 - [TEST_STEP][PASSED] - if (i == 3 &amp;&amp; wildList.indexOf(symbol) != -1): null

2019-08-23 18:54:45 - [TEST_STEP][PASSED] - if (i == 4 &amp;&amp; wildList.indexOf(symbol) != -1): null

2019-08-23 18:54:45 - [TEST_STEP][PASSED] - symbol = symbol: null

2019-08-23 18:54:45 - [TEST_STEP][PASSED] - println(symbol): null

2019-08-23 18:54:45 - [TEST_STEP][PASSED] - if (i == 2 &amp;&amp; wildList.indexOf(symbol) != -1): null

2019-08-23 18:54:45 - [TEST_STEP][PASSED] - if (i == 3 &amp;&amp; wildList.indexOf(symbol) != -1): null

2019-08-23 18:54:45 - [TEST_STEP][PASSED] - if (i == 4 &amp;&amp; wildList.indexOf(symbol) != -1): null

2019-08-23 18:54:45 - [TEST_STEP][PASSED] - symbol = symbol: null

2019-08-23 18:54:45 - [TEST_STEP][PASSED] - println(symbol): null

2019-08-23 18:54:45 - [TEST_STEP][PASSED] - if (i == 2 &amp;&amp; wildList.indexOf(symbol) != -1): null

2019-08-23 18:54:45 - [TEST_STEP][PASSED] - if (i == 3 &amp;&amp; wildList.indexOf(symbol) != -1): null

2019-08-23 18:54:45 - [TEST_STEP][PASSED] - if (i == 4 &amp;&amp; wildList.indexOf(symbol) != -1): null

2019-08-23 18:54:45 - [TEST_STEP][PASSED] - symbols = symbols: null

2019-08-23 18:54:45 - [TEST_STEP][PASSED] - for ([j = 0, j &lt; symbols.size(), (j++)]): null

2019-08-23 18:54:45 - [TEST_STEP][PASSED] - symbol = symbol: null

2019-08-23 18:54:45 - [TEST_STEP][PASSED] - println(symbol): null

2019-08-23 18:54:45 - [TEST_STEP][PASSED] - if (i == 2 &amp;&amp; wildList.indexOf(symbol) != -1): null

2019-08-23 18:54:45 - [TEST_STEP][PASSED] - if (i == 3 &amp;&amp; wildList.indexOf(symbol) != -1): null

2019-08-23 18:54:45 - [TEST_STEP][PASSED] - if (i == 4 &amp;&amp; wildList.indexOf(symbol) != -1): null

2019-08-23 18:54:45 - [TEST_STEP][PASSED] - symbol = symbol: null

2019-08-23 18:54:45 - [TEST_STEP][PASSED] - println(symbol): null

2019-08-23 18:54:45 - [TEST_STEP][PASSED] - if (i == 2 &amp;&amp; wildList.indexOf(symbol) != -1): null

2019-08-23 18:54:45 - [TEST_STEP][PASSED] - if (i == 3 &amp;&amp; wildList.indexOf(symbol) != -1): null

2019-08-23 18:54:45 - [TEST_STEP][PASSED] - if (i == 4 &amp;&amp; wildList.indexOf(symbol) != -1): null

2019-08-23 18:54:45 - [TEST_STEP][PASSED] - symbol = symbol: null

2019-08-23 18:54:45 - [TEST_STEP][PASSED] - println(symbol): null

2019-08-23 18:54:45 - [TEST_STEP][PASSED] - if (i == 2 &amp;&amp; wildList.indexOf(symbol) != -1): null

2019-08-23 18:54:45 - [TEST_STEP][PASSED] - if (i == 3 &amp;&amp; wildList.indexOf(symbol) != -1): null

2019-08-23 18:54:45 - [TEST_STEP][PASSED] - if (i == 4 &amp;&amp; wildList.indexOf(symbol) != -1): null

2019-08-23 18:54:45 - [TEST_STEP][PASSED] - symbols = symbols: null

2019-08-23 18:54:45 - [TEST_STEP][PASSED] - for ([j = 0, j &lt; symbols.size(), (j++)]): null

2019-08-23 18:54:45 - [TEST_STEP][PASSED] - symbol = symbol: null

2019-08-23 18:54:45 - [TEST_STEP][PASSED] - println(symbol): null

2019-08-23 18:54:45 - [TEST_STEP][PASSED] - if (i == 2 &amp;&amp; wildList.indexOf(symbol) != -1): null

2019-08-23 18:54:45 - [TEST_STEP][PASSED] - if (i == 3 &amp;&amp; wildList.indexOf(symbol) != -1): null

2019-08-23 18:54:45 - [TEST_STEP][PASSED] - if (i == 4 &amp;&amp; wildList.indexOf(symbol) != -1): null

2019-08-23 18:54:45 - [TEST_STEP][PASSED] - symbol = symbol: null

2019-08-23 18:54:45 - [TEST_STEP][PASSED] - println(symbol): null

2019-08-23 18:54:45 - [TEST_STEP][PASSED] - if (i == 2 &amp;&amp; wildList.indexOf(symbol) != -1): null

2019-08-23 18:54:45 - [TEST_STEP][PASSED] - if (i == 3 &amp;&amp; wildList.indexOf(symbol) != -1): null

2019-08-23 18:54:45 - [TEST_STEP][PASSED] - if (i == 4 &amp;&amp; wildList.indexOf(symbol) != -1): null

2019-08-23 18:54:45 - [TEST_STEP][PASSED] - symbol = symbol: null

2019-08-23 18:54:45 - [TEST_STEP][PASSED] - println(symbol): null

2019-08-23 18:54:45 - [TEST_STEP][PASSED] - if (i == 2 &amp;&amp; wildList.indexOf(symbol) != -1): null

2019-08-23 18:54:45 - [TEST_STEP][PASSED] - if (i == 3 &amp;&amp; wildList.indexOf(symbol) != -1): null

2019-08-23 18:54:45 - [TEST_STEP][PASSED] - if (i == 4 &amp;&amp; wildList.indexOf(symbol) != -1): null

2019-08-23 18:54:45 - [TEST_STEP][PASSED] - free_spin_reel_counter = free_spin_reel_counter: null

2019-08-23 18:54:45 - [TEST_STEP][PASSED] - println("reel 3 wild found: " + free_spin_reel_counter[0]): null

2019-08-23 18:54:45 - [TEST_STEP][PASSED] - println("reel 4 wild found: " + free_spin_reel_counter[1]): null

2019-08-23 18:54:45 - [TEST_STEP][PASSED] - println("reel 5 wild found: " + free_spin_reel_counter[2]): null

2019-08-23 18:54:45 - [TEST_STEP][PASSED] - M4_spin_reels = M4_spin_reels: null

2019-08-23 18:54:45 - [TEST_STEP][PASSED] - M4_spin_reels_symbols = symbol: null

2019-08-23 18:54:45 - [TEST_STEP][PASSED] - M4_spin_reels_symbols = M4_spin_reels_symbols: null

2019-08-23 18:54:45 - [TEST_STEP][PASSED] - M4_spin_reel_wins = reel_wins: null

2019-08-23 18:54:45 - [TEST_STEP][PASSED] - M4_spin_reel_wins = M4_spin_reel_wins: null

2019-08-23 18:54:45 - [TEST_STEP][PASSED] - println("GlobalVariable.M4_spin_reel_wins is: " + M4_spin_reel_wins): null

2019-08-23 18:54:45 - [TEST_STEP][PASSED] - M4_spin_total_bonus_win_this_round = total_bonus_win_this_round: null

2019-08-23 18:54:45 - [TEST_STEP][PASSED] - M4_spin_total_bonus_win_this_round = M4_spin_total_bonus_win_this_round: null

2019-08-23 18:54:45 - [TEST_STEP][PASSED] - println("GlobalVariable.M4_spin_total_bonus_win_this_round is: " + M4_spin_total_bonus_win_this_round): null

2019-08-23 18:54:45 - [TEST_STEP][PASSED] - M4_spin_bonus_spin_result = spin_result: null

2019-08-23 18:54:45 - [TEST_STEP][PASSED] - M4_spin_bonus_spin_result = M4_spin_bonus_spin_result: null

2019-08-23 18:54:45 - [MESSAGE][PASSED] - Verify response successfully

2019-08-23 18:54:45 - [MESSAGE][PASSED] - Send request and verify the response successfully

2019-08-23 18:54:45 - [TEST_STEP][PASSED] - if (free_spin_reel_counter[0] &gt;= 1 &amp;&amp; free_spin_reel_counter[1] &gt;= 1 &amp;&amp; free_spin_reel_counter[2] &gt;= 1): null

2019-08-23 18:54:45 - [TEST_STEP][PASSED] - spin_result = sendRequestAndVerify(findTestObject("INT/RGS(M4)/1_M4_spin", ["M4_login_user_id":M4_login_user_id, "rgs_session_token":rgs_session_token, "partner":Partner])): Send request and verify the response successfully

2019-08-23 18:54:46 - [MESSAGE][INFO] - HAR: /Users/eiralee/Katalon_Script/SuperWild/Reports/20190823_184757/INT/superWild_1/20190823_184757/requests/main/149.har

2019-08-23 18:54:46 - [TEST_CASE][PASSED] - Start Test Case : Verification: Verification accomplished successfully

2019-08-23 18:54:46 - [TEST_STEP][PASSED] - request = getInstance().getCurrentRequest(): null

2019-08-23 18:54:46 - [TEST_STEP][PASSED] - response = getInstance().getCurrentResponse(): null

2019-08-23 18:54:46 - [TEST_STEP][PASSED] - verifyResponseStatusCode(response, 200): Verify response status code successfully

2019-08-23 18:54:46 - [MESSAGE][PASSED] - Verify response status code successfully

2019-08-23 18:54:46 - [TEST_STEP][PASSED] - getStatusCode()).isEqualTo(200): null

2019-08-23 18:54:46 - [TEST_STEP][PASSED] - newline = System.getProperty("line.separator"): null

2019-08-23 18:54:46 - [TEST_STEP][PASSED] - M4_spin = new groovy.json.JsonSlurper(): null

2019-08-23 18:54:46 - [TEST_STEP][PASSED] - result_M4_spin = M4_spin.parseText(response.getResponseBodyContent()): null

2019-08-23 18:54:46 - [TEST_STEP][PASSED] - M4_spin_current_balance = current_balance: null

2019-08-23 18:54:46 - [TEST_STEP][PASSED] - M4_spin_current_balance = M4_spin_current_balance: null

2019-08-23 18:54:46 - [TEST_STEP][PASSED] - M4_spin_transaction_id = causality: null

2019-08-23 18:54:46 - [TEST_STEP][PASSED] - M4_spin_transaction_id = M4_spin_transaction_id: null

2019-08-23 18:54:46 - [TEST_STEP][PASSED] - M4_spin_round_id = round_id: null

2019-08-23 18:54:46 - [TEST_STEP][PASSED] - M4_spin_round_id = M4_spin_round_id: null

2019-08-23 18:54:46 - [TEST_STEP][PASSED] - M4_spin_line_wins = line_wins: null

2019-08-23 18:54:46 - [TEST_STEP][PASSED] - M4_spin_line_wins = M4_spin_line_wins: null

2019-08-23 18:54:46 - [TEST_STEP][PASSED] - M4_total_bonus_spins_int = total_bonus_spins: null

2019-08-23 18:54:46 - [TEST_STEP][PASSED] - println("******M4_total_bonus_spins type is:*******" + newline + getClass().getName()): null

2019-08-23 18:54:46 - [TEST_STEP][PASSED] - M4_total_bonus_spins_int = M4_total_bonus_spins_int: null

2019-08-23 18:54:46 - [TEST_STEP][PASSED] - M4_total_bonus_spins = Integer.toString(M4_total_bonus_spins_int): null

2019-08-23 18:54:46 - [TEST_STEP][PASSED] - M4_total_bonus_spins = M4_total_bonus_spins: null

2019-08-23 18:54:46 - [TEST_STEP][PASSED] - println("M4_total_bonus_spins is:" + M4_total_bonus_spins): null

2019-08-23 18:54:46 - [TEST_STEP][PASSED] - M4_spin_bonus_data = bonus_data: null

2019-08-23 18:54:46 - [TEST_STEP][PASSED] - M4_spin_features_triggered = result_M4_spin: null

2019-08-23 18:54:46 - [TEST_STEP][PASSED] - wild = []: null

2019-08-23 18:54:46 - [TEST_STEP][PASSED] - wild[0] = "WILD_Expanding": null

2019-08-23 18:54:46 - [TEST_STEP][PASSED] - wild[1] = "WILD_Normal": null

2019-08-23 18:54:46 - [TEST_STEP][PASSED] - wild[2] = "WILD_Double": null

2019-08-23 18:54:46 - [TEST_STEP][PASSED] - wild[3] = "WILD_ExtraFG": null

2019-08-23 18:54:46 - [TEST_STEP][PASSED] - wild[4] = "WILD_Triple": null

2019-08-23 18:54:46 - [TEST_STEP][PASSED] - wildList = Arrays.asList(wild): null

2019-08-23 18:54:46 - [TEST_STEP][PASSED] - wildList = wildList: null

2019-08-23 18:54:46 - [TEST_STEP][PASSED] - free_spin_reel_counter = []: null

2019-08-23 18:54:46 - [TEST_STEP][PASSED] - free_spin_reel_counter[0] = 0: null

2019-08-23 18:54:46 - [TEST_STEP][PASSED] - free_spin_reel_counter[1] = 0: null

2019-08-23 18:54:46 - [TEST_STEP][PASSED] - free_spin_reel_counter[2] = 0: null

2019-08-23 18:54:46 - [TEST_STEP][PASSED] - M4_spin_reels = reels: null

2019-08-23 18:54:46 - [TEST_STEP][PASSED] - for ([i = 0, i &lt; M4_spin_reels.size(), (i++)]): null

2019-08-23 18:54:46 - [TEST_STEP][PASSED] - symbols = symbols: null

2019-08-23 18:54:46 - [TEST_STEP][PASSED] - for ([j = 0, j &lt; symbols.size(), (j++)]): null

2019-08-23 18:54:46 - [TEST_STEP][PASSED] - symbol = symbol: null

2019-08-23 18:54:46 - [TEST_STEP][PASSED] - println(symbol): null

2019-08-23 18:54:46 - [TEST_STEP][PASSED] - if (i == 2 &amp;&amp; wildList.indexOf(symbol) != -1): null

2019-08-23 18:54:46 - [TEST_STEP][PASSED] - if (i == 3 &amp;&amp; wildList.indexOf(symbol) != -1): null

2019-08-23 18:54:46 - [TEST_STEP][PASSED] - if (i == 4 &amp;&amp; wildList.indexOf(symbol) != -1): null

2019-08-23 18:54:46 - [TEST_STEP][PASSED] - symbol = symbol: null

2019-08-23 18:54:46 - [TEST_STEP][PASSED] - println(symbol): null

2019-08-23 18:54:46 - [TEST_STEP][PASSED] - if (i == 2 &amp;&amp; wildList.indexOf(symbol) != -1): null

2019-08-23 18:54:46 - [TEST_STEP][PASSED] - if (i == 3 &amp;&amp; wildList.indexOf(symbol) != -1): null

2019-08-23 18:54:46 - [TEST_STEP][PASSED] - if (i == 4 &amp;&amp; wildList.indexOf(symbol) != -1): null

2019-08-23 18:54:46 - [TEST_STEP][PASSED] - symbol = symbol: null

2019-08-23 18:54:46 - [TEST_STEP][PASSED] - println(symbol): null

2019-08-23 18:54:46 - [TEST_STEP][PASSED] - if (i == 2 &amp;&amp; wildList.indexOf(symbol) != -1): null

2019-08-23 18:54:46 - [TEST_STEP][PASSED] - if (i == 3 &amp;&amp; wildList.indexOf(symbol) != -1): null

2019-08-23 18:54:46 - [TEST_STEP][PASSED] - if (i == 4 &amp;&amp; wildList.indexOf(symbol) != -1): null

2019-08-23 18:54:46 - [TEST_STEP][PASSED] - symbols = symbols: null

2019-08-23 18:54:46 - [TEST_STEP][PASSED] - for ([j = 0, j &lt; symbols.size(), (j++)]): null

2019-08-23 18:54:46 - [TEST_STEP][PASSED] - symbol = symbol: null

2019-08-23 18:54:46 - [TEST_STEP][PASSED] - println(symbol): null

2019-08-23 18:54:46 - [TEST_STEP][PASSED] - if (i == 2 &amp;&amp; wildList.indexOf(symbol) != -1): null

2019-08-23 18:54:46 - [TEST_STEP][PASSED] - if (i == 3 &amp;&amp; wildList.indexOf(symbol) != -1): null

2019-08-23 18:54:46 - [TEST_STEP][PASSED] - if (i == 4 &amp;&amp; wildList.indexOf(symbol) != -1): null

2019-08-23 18:54:46 - [TEST_STEP][PASSED] - symbol = symbol: null

2019-08-23 18:54:46 - [TEST_STEP][PASSED] - println(symbol): null

2019-08-23 18:54:46 - [TEST_STEP][PASSED] - if (i == 2 &amp;&amp; wildList.indexOf(symbol) != -1): null

2019-08-23 18:54:46 - [TEST_STEP][PASSED] - if (i == 3 &amp;&amp; wildList.indexOf(symbol) != -1): null

2019-08-23 18:54:46 - [TEST_STEP][PASSED] - if (i == 4 &amp;&amp; wildList.indexOf(symbol) != -1): null

2019-08-23 18:54:46 - [TEST_STEP][PASSED] - symbol = symbol: null

2019-08-23 18:54:46 - [TEST_STEP][PASSED] - println(symbol): null

2019-08-23 18:54:46 - [TEST_STEP][PASSED] - if (i == 2 &amp;&amp; wildList.indexOf(symbol) != -1): null

2019-08-23 18:54:46 - [TEST_STEP][PASSED] - if (i == 3 &amp;&amp; wildList.indexOf(symbol) != -1): null

2019-08-23 18:54:46 - [TEST_STEP][PASSED] - if (i == 4 &amp;&amp; wildList.indexOf(symbol) != -1): null

2019-08-23 18:54:46 - [TEST_STEP][PASSED] - symbols = symbols: null

2019-08-23 18:54:46 - [TEST_STEP][PASSED] - for ([j = 0, j &lt; symbols.size(), (j++)]): null

2019-08-23 18:54:46 - [TEST_STEP][PASSED] - symbol = symbol: null

2019-08-23 18:54:46 - [TEST_STEP][PASSED] - println(symbol): null

2019-08-23 18:54:46 - [TEST_STEP][PASSED] - if (i == 2 &amp;&amp; wildList.indexOf(symbol) != -1): null

2019-08-23 18:54:46 - [TEST_STEP][PASSED] - if (i == 3 &amp;&amp; wildList.indexOf(symbol) != -1): null

2019-08-23 18:54:46 - [TEST_STEP][PASSED] - if (i == 4 &amp;&amp; wildList.indexOf(symbol) != -1): null

2019-08-23 18:54:46 - [TEST_STEP][PASSED] - symbol = symbol: null

2019-08-23 18:54:46 - [TEST_STEP][PASSED] - println(symbol): null

2019-08-23 18:54:46 - [TEST_STEP][PASSED] - if (i == 2 &amp;&amp; wildList.indexOf(symbol) != -1): null

2019-08-23 18:54:46 - [TEST_STEP][PASSED] - if (i == 3 &amp;&amp; wildList.indexOf(symbol) != -1): null

2019-08-23 18:54:46 - [TEST_STEP][PASSED] - if (i == 4 &amp;&amp; wildList.indexOf(symbol) != -1): null

2019-08-23 18:54:46 - [TEST_STEP][PASSED] - symbol = symbol: null

2019-08-23 18:54:46 - [TEST_STEP][PASSED] - println(symbol): null

2019-08-23 18:54:46 - [TEST_STEP][PASSED] - if (i == 2 &amp;&amp; wildList.indexOf(symbol) != -1): null

2019-08-23 18:54:46 - [TEST_STEP][PASSED] - if (i == 3 &amp;&amp; wildList.indexOf(symbol) != -1): null

2019-08-23 18:54:46 - [TEST_STEP][PASSED] - if (i == 4 &amp;&amp; wildList.indexOf(symbol) != -1): null

2019-08-23 18:54:46 - [TEST_STEP][PASSED] - symbols = symbols: null

2019-08-23 18:54:46 - [TEST_STEP][PASSED] - for ([j = 0, j &lt; symbols.size(), (j++)]): null

2019-08-23 18:54:46 - [TEST_STEP][PASSED] - symbol = symbol: null

2019-08-23 18:54:46 - [TEST_STEP][PASSED] - println(symbol): null

2019-08-23 18:54:46 - [TEST_STEP][PASSED] - if (i == 2 &amp;&amp; wildList.indexOf(symbol) != -1): null

2019-08-23 18:54:46 - [TEST_STEP][PASSED] - if (i == 3 &amp;&amp; wildList.indexOf(symbol) != -1): null

2019-08-23 18:54:46 - [TEST_STEP][PASSED] - if (i == 4 &amp;&amp; wildList.indexOf(symbol) != -1): null

2019-08-23 18:54:46 - [TEST_STEP][PASSED] - symbol = symbol: null

2019-08-23 18:54:46 - [TEST_STEP][PASSED] - println(symbol): null

2019-08-23 18:54:46 - [TEST_STEP][PASSED] - if (i == 2 &amp;&amp; wildList.indexOf(symbol) != -1): null

2019-08-23 18:54:46 - [TEST_STEP][PASSED] - if (i == 3 &amp;&amp; wildList.indexOf(symbol) != -1): null

2019-08-23 18:54:46 - [TEST_STEP][PASSED] - println("wild found on reel 4, adding counter by 1"): null

2019-08-23 18:54:46 - [TEST_STEP][PASSED] - free_spin_reel_counter[1] = free_spin_reel_counter[1] + 1: null

2019-08-23 18:54:46 - [TEST_STEP][PASSED] - if (i == 4 &amp;&amp; wildList.indexOf(symbol) != -1): null

2019-08-23 18:54:46 - [TEST_STEP][PASSED] - symbol = symbol: null

2019-08-23 18:54:46 - [TEST_STEP][PASSED] - println(symbol): null

2019-08-23 18:54:46 - [TEST_STEP][PASSED] - if (i == 2 &amp;&amp; wildList.indexOf(symbol) != -1): null

2019-08-23 18:54:46 - [TEST_STEP][PASSED] - if (i == 3 &amp;&amp; wildList.indexOf(symbol) != -1): null

2019-08-23 18:54:46 - [TEST_STEP][PASSED] - if (i == 4 &amp;&amp; wildList.indexOf(symbol) != -1): null

2019-08-23 18:54:46 - [TEST_STEP][PASSED] - symbols = symbols: null

2019-08-23 18:54:46 - [TEST_STEP][PASSED] - for ([j = 0, j &lt; symbols.size(), (j++)]): null

2019-08-23 18:54:46 - [TEST_STEP][PASSED] - symbol = symbol: null

2019-08-23 18:54:46 - [TEST_STEP][PASSED] - println(symbol): null

2019-08-23 18:54:46 - [TEST_STEP][PASSED] - if (i == 2 &amp;&amp; wildList.indexOf(symbol) != -1): null

2019-08-23 18:54:46 - [TEST_STEP][PASSED] - if (i == 3 &amp;&amp; wildList.indexOf(symbol) != -1): null

2019-08-23 18:54:46 - [TEST_STEP][PASSED] - if (i == 4 &amp;&amp; wildList.indexOf(symbol) != -1): null

2019-08-23 18:54:46 - [TEST_STEP][PASSED] - symbol = symbol: null

2019-08-23 18:54:46 - [TEST_STEP][PASSED] - println(symbol): null

2019-08-23 18:54:46 - [TEST_STEP][PASSED] - if (i == 2 &amp;&amp; wildList.indexOf(symbol) != -1): null

2019-08-23 18:54:46 - [TEST_STEP][PASSED] - if (i == 3 &amp;&amp; wildList.indexOf(symbol) != -1): null

2019-08-23 18:54:46 - [TEST_STEP][PASSED] - if (i == 4 &amp;&amp; wildList.indexOf(symbol) != -1): null

2019-08-23 18:54:46 - [TEST_STEP][PASSED] - symbol = symbol: null

2019-08-23 18:54:46 - [TEST_STEP][PASSED] - println(symbol): null

2019-08-23 18:54:46 - [TEST_STEP][PASSED] - if (i == 2 &amp;&amp; wildList.indexOf(symbol) != -1): null

2019-08-23 18:54:46 - [TEST_STEP][PASSED] - if (i == 3 &amp;&amp; wildList.indexOf(symbol) != -1): null

2019-08-23 18:54:46 - [TEST_STEP][PASSED] - if (i == 4 &amp;&amp; wildList.indexOf(symbol) != -1): null

2019-08-23 18:54:46 - [TEST_STEP][PASSED] - free_spin_reel_counter = free_spin_reel_counter: null

2019-08-23 18:54:46 - [TEST_STEP][PASSED] - println("reel 3 wild found: " + free_spin_reel_counter[0]): null

2019-08-23 18:54:46 - [TEST_STEP][PASSED] - println("reel 4 wild found: " + free_spin_reel_counter[1]): null

2019-08-23 18:54:46 - [TEST_STEP][PASSED] - println("reel 5 wild found: " + free_spin_reel_counter[2]): null

2019-08-23 18:54:46 - [TEST_STEP][PASSED] - M4_spin_reels = M4_spin_reels: null

2019-08-23 18:54:46 - [TEST_STEP][PASSED] - M4_spin_reels_symbols = symbol: null

2019-08-23 18:54:46 - [TEST_STEP][PASSED] - M4_spin_reels_symbols = M4_spin_reels_symbols: null

2019-08-23 18:54:46 - [TEST_STEP][PASSED] - M4_spin_reel_wins = reel_wins: null

2019-08-23 18:54:46 - [TEST_STEP][PASSED] - M4_spin_reel_wins = M4_spin_reel_wins: null

2019-08-23 18:54:46 - [TEST_STEP][PASSED] - println("GlobalVariable.M4_spin_reel_wins is: " + M4_spin_reel_wins): null

2019-08-23 18:54:46 - [TEST_STEP][PASSED] - M4_spin_total_bonus_win_this_round = total_bonus_win_this_round: null

2019-08-23 18:54:46 - [TEST_STEP][PASSED] - M4_spin_total_bonus_win_this_round = M4_spin_total_bonus_win_this_round: null

2019-08-23 18:54:46 - [TEST_STEP][PASSED] - println("GlobalVariable.M4_spin_total_bonus_win_this_round is: " + M4_spin_total_bonus_win_this_round): null

2019-08-23 18:54:46 - [TEST_STEP][PASSED] - M4_spin_bonus_spin_result = spin_result: null

2019-08-23 18:54:46 - [TEST_STEP][PASSED] - M4_spin_bonus_spin_result = M4_spin_bonus_spin_result: null

2019-08-23 18:54:46 - [MESSAGE][PASSED] - Verify response successfully

2019-08-23 18:54:46 - [MESSAGE][PASSED] - Send request and verify the response successfully

2019-08-23 18:54:46 - [TEST_STEP][PASSED] - if (free_spin_reel_counter[0] &gt;= 1 &amp;&amp; free_spin_reel_counter[1] &gt;= 1 &amp;&amp; free_spin_reel_counter[2] &gt;= 1): null

2019-08-23 18:54:46 - [TEST_STEP][PASSED] - spin_result = sendRequestAndVerify(findTestObject("INT/RGS(M4)/1_M4_spin", ["M4_login_user_id":M4_login_user_id, "rgs_session_token":rgs_session_token, "partner":Partner])): Send request and verify the response successfully

2019-08-23 18:54:47 - [MESSAGE][INFO] - HAR: /Users/eiralee/Katalon_Script/SuperWild/Reports/20190823_184757/INT/superWild_1/20190823_184757/requests/main/150.har

2019-08-23 18:54:47 - [TEST_CASE][PASSED] - Start Test Case : Verification: Verification accomplished successfully

2019-08-23 18:54:47 - [TEST_STEP][PASSED] - request = getInstance().getCurrentRequest(): null

2019-08-23 18:54:47 - [TEST_STEP][PASSED] - response = getInstance().getCurrentResponse(): null

2019-08-23 18:54:47 - [TEST_STEP][PASSED] - verifyResponseStatusCode(response, 200): Verify response status code successfully

2019-08-23 18:54:47 - [MESSAGE][PASSED] - Verify response status code successfully

2019-08-23 18:54:47 - [TEST_STEP][PASSED] - getStatusCode()).isEqualTo(200): null

2019-08-23 18:54:47 - [TEST_STEP][PASSED] - newline = System.getProperty("line.separator"): null

2019-08-23 18:54:47 - [TEST_STEP][PASSED] - M4_spin = new groovy.json.JsonSlurper(): null

2019-08-23 18:54:47 - [TEST_STEP][PASSED] - result_M4_spin = M4_spin.parseText(response.getResponseBodyContent()): null

2019-08-23 18:54:47 - [TEST_STEP][PASSED] - M4_spin_current_balance = current_balance: null

2019-08-23 18:54:47 - [TEST_STEP][PASSED] - M4_spin_current_balance = M4_spin_current_balance: null

2019-08-23 18:54:47 - [TEST_STEP][PASSED] - M4_spin_transaction_id = causality: null

2019-08-23 18:54:47 - [TEST_STEP][PASSED] - M4_spin_transaction_id = M4_spin_transaction_id: null

2019-08-23 18:54:47 - [TEST_STEP][PASSED] - M4_spin_round_id = round_id: null

2019-08-23 18:54:47 - [TEST_STEP][PASSED] - M4_spin_round_id = M4_spin_round_id: null

2019-08-23 18:54:47 - [TEST_STEP][PASSED] - M4_spin_line_wins = line_wins: null

2019-08-23 18:54:47 - [TEST_STEP][PASSED] - M4_spin_line_wins = M4_spin_line_wins: null

2019-08-23 18:54:47 - [TEST_STEP][PASSED] - M4_total_bonus_spins_int = total_bonus_spins: null

2019-08-23 18:54:47 - [TEST_STEP][PASSED] - println("******M4_total_bonus_spins type is:*******" + newline + getClass().getName()): null

2019-08-23 18:54:47 - [TEST_STEP][PASSED] - M4_total_bonus_spins_int = M4_total_bonus_spins_int: null

2019-08-23 18:54:47 - [TEST_STEP][PASSED] - M4_total_bonus_spins = Integer.toString(M4_total_bonus_spins_int): null

2019-08-23 18:54:47 - [TEST_STEP][PASSED] - M4_total_bonus_spins = M4_total_bonus_spins: null

2019-08-23 18:54:47 - [TEST_STEP][PASSED] - println("M4_total_bonus_spins is:" + M4_total_bonus_spins): null

2019-08-23 18:54:47 - [TEST_STEP][PASSED] - M4_spin_bonus_data = bonus_data: null

2019-08-23 18:54:47 - [TEST_STEP][PASSED] - M4_spin_features_triggered = result_M4_spin: null

2019-08-23 18:54:47 - [TEST_STEP][PASSED] - wild = []: null

2019-08-23 18:54:47 - [TEST_STEP][PASSED] - wild[0] = "WILD_Expanding": null

2019-08-23 18:54:47 - [TEST_STEP][PASSED] - wild[1] = "WILD_Normal": null

2019-08-23 18:54:47 - [TEST_STEP][PASSED] - wild[2] = "WILD_Double": null

2019-08-23 18:54:47 - [TEST_STEP][PASSED] - wild[3] = "WILD_ExtraFG": null

2019-08-23 18:54:48 - [TEST_STEP][PASSED] - wild[4] = "WILD_Triple": null

2019-08-23 18:54:48 - [TEST_STEP][PASSED] - wildList = Arrays.asList(wild): null

2019-08-23 18:54:48 - [TEST_STEP][PASSED] - wildList = wildList: null

2019-08-23 18:54:48 - [TEST_STEP][PASSED] - free_spin_reel_counter = []: null

2019-08-23 18:54:48 - [TEST_STEP][PASSED] - free_spin_reel_counter[0] = 0: null

2019-08-23 18:54:48 - [TEST_STEP][PASSED] - free_spin_reel_counter[1] = 0: null

2019-08-23 18:54:48 - [TEST_STEP][PASSED] - free_spin_reel_counter[2] = 0: null

2019-08-23 18:54:48 - [TEST_STEP][PASSED] - M4_spin_reels = reels: null

2019-08-23 18:54:48 - [TEST_STEP][PASSED] - for ([i = 0, i &lt; M4_spin_reels.size(), (i++)]): null

2019-08-23 18:54:48 - [TEST_STEP][PASSED] - symbols = symbols: null

2019-08-23 18:54:48 - [TEST_STEP][PASSED] - for ([j = 0, j &lt; symbols.size(), (j++)]): null

2019-08-23 18:54:48 - [TEST_STEP][PASSED] - symbol = symbol: null

2019-08-23 18:54:48 - [TEST_STEP][PASSED] - println(symbol): null

2019-08-23 18:54:48 - [TEST_STEP][PASSED] - if (i == 2 &amp;&amp; wildList.indexOf(symbol) != -1): null

2019-08-23 18:54:48 - [TEST_STEP][PASSED] - if (i == 3 &amp;&amp; wildList.indexOf(symbol) != -1): null

2019-08-23 18:54:48 - [TEST_STEP][PASSED] - if (i == 4 &amp;&amp; wildList.indexOf(symbol) != -1): null

2019-08-23 18:54:48 - [TEST_STEP][PASSED] - symbol = symbol: null

2019-08-23 18:54:48 - [TEST_STEP][PASSED] - println(symbol): null

2019-08-23 18:54:48 - [TEST_STEP][PASSED] - if (i == 2 &amp;&amp; wildList.indexOf(symbol) != -1): null

2019-08-23 18:54:48 - [TEST_STEP][PASSED] - if (i == 3 &amp;&amp; wildList.indexOf(symbol) != -1): null

2019-08-23 18:54:48 - [TEST_STEP][PASSED] - if (i == 4 &amp;&amp; wildList.indexOf(symbol) != -1): null

2019-08-23 18:54:48 - [TEST_STEP][PASSED] - symbol = symbol: null

2019-08-23 18:54:48 - [TEST_STEP][PASSED] - println(symbol): null

2019-08-23 18:54:48 - [TEST_STEP][PASSED] - if (i == 2 &amp;&amp; wildList.indexOf(symbol) != -1): null

2019-08-23 18:54:48 - [TEST_STEP][PASSED] - if (i == 3 &amp;&amp; wildList.indexOf(symbol) != -1): null

2019-08-23 18:54:48 - [TEST_STEP][PASSED] - if (i == 4 &amp;&amp; wildList.indexOf(symbol) != -1): null

2019-08-23 18:54:48 - [TEST_STEP][PASSED] - symbols = symbols: null

2019-08-23 18:54:48 - [TEST_STEP][PASSED] - for ([j = 0, j &lt; symbols.size(), (j++)]): null

2019-08-23 18:54:48 - [TEST_STEP][PASSED] - symbol = symbol: null

2019-08-23 18:54:48 - [TEST_STEP][PASSED] - println(symbol): null

2019-08-23 18:54:48 - [TEST_STEP][PASSED] - if (i == 2 &amp;&amp; wildList.indexOf(symbol) != -1): null

2019-08-23 18:54:48 - [TEST_STEP][PASSED] - if (i == 3 &amp;&amp; wildList.indexOf(symbol) != -1): null

2019-08-23 18:54:48 - [TEST_STEP][PASSED] - if (i == 4 &amp;&amp; wildList.indexOf(symbol) != -1): null

2019-08-23 18:54:48 - [TEST_STEP][PASSED] - symbol = symbol: null

2019-08-23 18:54:48 - [TEST_STEP][PASSED] - println(symbol): null

2019-08-23 18:54:48 - [TEST_STEP][PASSED] - if (i == 2 &amp;&amp; wildList.indexOf(symbol) != -1): null

2019-08-23 18:54:48 - [TEST_STEP][PASSED] - if (i == 3 &amp;&amp; wildList.indexOf(symbol) != -1): null

2019-08-23 18:54:48 - [TEST_STEP][PASSED] - if (i == 4 &amp;&amp; wildList.indexOf(symbol) != -1): null

2019-08-23 18:54:48 - [TEST_STEP][PASSED] - symbol = symbol: null

2019-08-23 18:54:48 - [TEST_STEP][PASSED] - println(symbol): null

2019-08-23 18:54:48 - [TEST_STEP][PASSED] - if (i == 2 &amp;&amp; wildList.indexOf(symbol) != -1): null

2019-08-23 18:54:48 - [TEST_STEP][PASSED] - if (i == 3 &amp;&amp; wildList.indexOf(symbol) != -1): null

2019-08-23 18:54:48 - [TEST_STEP][PASSED] - if (i == 4 &amp;&amp; wildList.indexOf(symbol) != -1): null

2019-08-23 18:54:48 - [TEST_STEP][PASSED] - symbols = symbols: null

2019-08-23 18:54:48 - [TEST_STEP][PASSED] - for ([j = 0, j &lt; symbols.size(), (j++)]): null

2019-08-23 18:54:48 - [TEST_STEP][PASSED] - symbol = symbol: null

2019-08-23 18:54:48 - [TEST_STEP][PASSED] - println(symbol): null

2019-08-23 18:54:48 - [TEST_STEP][PASSED] - if (i == 2 &amp;&amp; wildList.indexOf(symbol) != -1): null

2019-08-23 18:54:48 - [TEST_STEP][PASSED] - if (i == 3 &amp;&amp; wildList.indexOf(symbol) != -1): null

2019-08-23 18:54:48 - [TEST_STEP][PASSED] - if (i == 4 &amp;&amp; wildList.indexOf(symbol) != -1): null

2019-08-23 18:54:48 - [TEST_STEP][PASSED] - symbol = symbol: null

2019-08-23 18:54:48 - [TEST_STEP][PASSED] - println(symbol): null

2019-08-23 18:54:48 - [TEST_STEP][PASSED] - if (i == 2 &amp;&amp; wildList.indexOf(symbol) != -1): null

2019-08-23 18:54:48 - [TEST_STEP][PASSED] - if (i == 3 &amp;&amp; wildList.indexOf(symbol) != -1): null

2019-08-23 18:54:48 - [TEST_STEP][PASSED] - if (i == 4 &amp;&amp; wildList.indexOf(symbol) != -1): null

2019-08-23 18:54:48 - [TEST_STEP][PASSED] - symbol = symbol: null

2019-08-23 18:54:48 - [TEST_STEP][PASSED] - println(symbol): null

2019-08-23 18:54:48 - [TEST_STEP][PASSED] - if (i == 2 &amp;&amp; wildList.indexOf(symbol) != -1): null

2019-08-23 18:54:48 - [TEST_STEP][PASSED] - if (i == 3 &amp;&amp; wildList.indexOf(symbol) != -1): null

2019-08-23 18:54:48 - [TEST_STEP][PASSED] - if (i == 4 &amp;&amp; wildList.indexOf(symbol) != -1): null

2019-08-23 18:54:48 - [TEST_STEP][PASSED] - symbols = symbols: null

2019-08-23 18:54:48 - [TEST_STEP][PASSED] - for ([j = 0, j &lt; symbols.size(), (j++)]): null

2019-08-23 18:54:48 - [TEST_STEP][PASSED] - symbol = symbol: null

2019-08-23 18:54:48 - [TEST_STEP][PASSED] - println(symbol): null

2019-08-23 18:54:48 - [TEST_STEP][PASSED] - if (i == 2 &amp;&amp; wildList.indexOf(symbol) != -1): null

2019-08-23 18:54:48 - [TEST_STEP][PASSED] - if (i == 3 &amp;&amp; wildList.indexOf(symbol) != -1): null

2019-08-23 18:54:48 - [TEST_STEP][PASSED] - if (i == 4 &amp;&amp; wildList.indexOf(symbol) != -1): null

2019-08-23 18:54:48 - [TEST_STEP][PASSED] - symbol = symbol: null

2019-08-23 18:54:48 - [TEST_STEP][PASSED] - println(symbol): null

2019-08-23 18:54:48 - [TEST_STEP][PASSED] - if (i == 2 &amp;&amp; wildList.indexOf(symbol) != -1): null

2019-08-23 18:54:48 - [TEST_STEP][PASSED] - if (i == 3 &amp;&amp; wildList.indexOf(symbol) != -1): null

2019-08-23 18:54:48 - [TEST_STEP][PASSED] - if (i == 4 &amp;&amp; wildList.indexOf(symbol) != -1): null

2019-08-23 18:54:48 - [TEST_STEP][PASSED] - symbol = symbol: null

2019-08-23 18:54:48 - [TEST_STEP][PASSED] - println(symbol): null

2019-08-23 18:54:48 - [TEST_STEP][PASSED] - if (i == 2 &amp;&amp; wildList.indexOf(symbol) != -1): null

2019-08-23 18:54:48 - [TEST_STEP][PASSED] - if (i == 3 &amp;&amp; wildList.indexOf(symbol) != -1): null

2019-08-23 18:54:48 - [TEST_STEP][PASSED] - if (i == 4 &amp;&amp; wildList.indexOf(symbol) != -1): null

2019-08-23 18:54:48 - [TEST_STEP][PASSED] - symbols = symbols: null

2019-08-23 18:54:48 - [TEST_STEP][PASSED] - for ([j = 0, j &lt; symbols.size(), (j++)]): null

2019-08-23 18:54:48 - [TEST_STEP][PASSED] - symbol = symbol: null

2019-08-23 18:54:48 - [TEST_STEP][PASSED] - println(symbol): null

2019-08-23 18:54:48 - [TEST_STEP][PASSED] - if (i == 2 &amp;&amp; wildList.indexOf(symbol) != -1): null

2019-08-23 18:54:48 - [TEST_STEP][PASSED] - if (i == 3 &amp;&amp; wildList.indexOf(symbol) != -1): null

2019-08-23 18:54:48 - [TEST_STEP][PASSED] - if (i == 4 &amp;&amp; wildList.indexOf(symbol) != -1): null

2019-08-23 18:54:48 - [TEST_STEP][PASSED] - symbol = symbol: null

2019-08-23 18:54:48 - [TEST_STEP][PASSED] - println(symbol): null

2019-08-23 18:54:48 - [TEST_STEP][PASSED] - if (i == 2 &amp;&amp; wildList.indexOf(symbol) != -1): null

2019-08-23 18:54:48 - [TEST_STEP][PASSED] - if (i == 3 &amp;&amp; wildList.indexOf(symbol) != -1): null

2019-08-23 18:54:48 - [TEST_STEP][PASSED] - if (i == 4 &amp;&amp; wildList.indexOf(symbol) != -1): null

2019-08-23 18:54:48 - [TEST_STEP][PASSED] - symbol = symbol: null

2019-08-23 18:54:48 - [TEST_STEP][PASSED] - println(symbol): null

2019-08-23 18:54:48 - [TEST_STEP][PASSED] - if (i == 2 &amp;&amp; wildList.indexOf(symbol) != -1): null

2019-08-23 18:54:48 - [TEST_STEP][PASSED] - if (i == 3 &amp;&amp; wildList.indexOf(symbol) != -1): null

2019-08-23 18:54:48 - [TEST_STEP][PASSED] - if (i == 4 &amp;&amp; wildList.indexOf(symbol) != -1): null

2019-08-23 18:54:48 - [TEST_STEP][PASSED] - free_spin_reel_counter = free_spin_reel_counter: null

2019-08-23 18:54:48 - [TEST_STEP][PASSED] - println("reel 3 wild found: " + free_spin_reel_counter[0]): null

2019-08-23 18:54:48 - [TEST_STEP][PASSED] - println("reel 4 wild found: " + free_spin_reel_counter[1]): null

2019-08-23 18:54:48 - [TEST_STEP][PASSED] - println("reel 5 wild found: " + free_spin_reel_counter[2]): null

2019-08-23 18:54:48 - [TEST_STEP][PASSED] - M4_spin_reels = M4_spin_reels: null

2019-08-23 18:54:48 - [TEST_STEP][PASSED] - M4_spin_reels_symbols = symbol: null

2019-08-23 18:54:48 - [TEST_STEP][PASSED] - M4_spin_reels_symbols = M4_spin_reels_symbols: null

2019-08-23 18:54:48 - [TEST_STEP][PASSED] - M4_spin_reel_wins = reel_wins: null

2019-08-23 18:54:48 - [TEST_STEP][PASSED] - M4_spin_reel_wins = M4_spin_reel_wins: null

2019-08-23 18:54:48 - [TEST_STEP][PASSED] - println("GlobalVariable.M4_spin_reel_wins is: " + M4_spin_reel_wins): null

2019-08-23 18:54:48 - [TEST_STEP][PASSED] - M4_spin_total_bonus_win_this_round = total_bonus_win_this_round: null

2019-08-23 18:54:48 - [TEST_STEP][PASSED] - M4_spin_total_bonus_win_this_round = M4_spin_total_bonus_win_this_round: null

2019-08-23 18:54:48 - [TEST_STEP][PASSED] - println("GlobalVariable.M4_spin_total_bonus_win_this_round is: " + M4_spin_total_bonus_win_this_round): null

2019-08-23 18:54:48 - [TEST_STEP][PASSED] - M4_spin_bonus_spin_result = spin_result: null

2019-08-23 18:54:48 - [TEST_STEP][PASSED] - M4_spin_bonus_spin_result = M4_spin_bonus_spin_result: null

2019-08-23 18:54:48 - [MESSAGE][PASSED] - Verify response successfully

2019-08-23 18:54:48 - [MESSAGE][PASSED] - Send request and verify the response successfully

2019-08-23 18:54:48 - [TEST_STEP][PASSED] - if (free_spin_reel_counter[0] &gt;= 1 &amp;&amp; free_spin_reel_counter[1] &gt;= 1 &amp;&amp; free_spin_reel_counter[2] &gt;= 1): null

2019-08-23 18:54:48 - [TEST_STEP][PASSED] - spin_result = sendRequestAndVerify(findTestObject("INT/RGS(M4)/1_M4_spin", ["M4_login_user_id":M4_login_user_id, "rgs_session_token":rgs_session_token, "partner":Partner])): Send request and verify the response successfully

2019-08-23 18:54:48 - [MESSAGE][INFO] - HAR: /Users/eiralee/Katalon_Script/SuperWild/Reports/20190823_184757/INT/superWild_1/20190823_184757/requests/main/151.har

2019-08-23 18:54:48 - [TEST_CASE][PASSED] - Start Test Case : Verification: Verification accomplished successfully

2019-08-23 18:54:48 - [TEST_STEP][PASSED] - request = getInstance().getCurrentRequest(): null

2019-08-23 18:54:48 - [TEST_STEP][PASSED] - response = getInstance().getCurrentResponse(): null

2019-08-23 18:54:48 - [TEST_STEP][PASSED] - verifyResponseStatusCode(response, 200): Verify response status code successfully

2019-08-23 18:54:48 - [MESSAGE][PASSED] - Verify response status code successfully

2019-08-23 18:54:48 - [TEST_STEP][PASSED] - getStatusCode()).isEqualTo(200): null

2019-08-23 18:54:48 - [TEST_STEP][PASSED] - newline = System.getProperty("line.separator"): null

2019-08-23 18:54:48 - [TEST_STEP][PASSED] - M4_spin = new groovy.json.JsonSlurper(): null

2019-08-23 18:54:48 - [TEST_STEP][PASSED] - result_M4_spin = M4_spin.parseText(response.getResponseBodyContent()): null

2019-08-23 18:54:48 - [TEST_STEP][PASSED] - M4_spin_current_balance = current_balance: null

2019-08-23 18:54:48 - [TEST_STEP][PASSED] - M4_spin_current_balance = M4_spin_current_balance: null

2019-08-23 18:54:48 - [TEST_STEP][PASSED] - M4_spin_transaction_id = causality: null

2019-08-23 18:54:48 - [TEST_STEP][PASSED] - M4_spin_transaction_id = M4_spin_transaction_id: null

2019-08-23 18:54:48 - [TEST_STEP][PASSED] - M4_spin_round_id = round_id: null

2019-08-23 18:54:48 - [TEST_STEP][PASSED] - M4_spin_round_id = M4_spin_round_id: null

2019-08-23 18:54:48 - [TEST_STEP][PASSED] - M4_spin_line_wins = line_wins: null

2019-08-23 18:54:48 - [TEST_STEP][PASSED] - M4_spin_line_wins = M4_spin_line_wins: null

2019-08-23 18:54:48 - [TEST_STEP][PASSED] - M4_total_bonus_spins_int = total_bonus_spins: null

2019-08-23 18:54:48 - [TEST_STEP][PASSED] - println("******M4_total_bonus_spins type is:*******" + newline + getClass().getName()): null

2019-08-23 18:54:48 - [TEST_STEP][PASSED] - M4_total_bonus_spins_int = M4_total_bonus_spins_int: null

2019-08-23 18:54:48 - [TEST_STEP][PASSED] - M4_total_bonus_spins = Integer.toString(M4_total_bonus_spins_int): null

2019-08-23 18:54:48 - [TEST_STEP][PASSED] - M4_total_bonus_spins = M4_total_bonus_spins: null

2019-08-23 18:54:48 - [TEST_STEP][PASSED] - println("M4_total_bonus_spins is:" + M4_total_bonus_spins): null

2019-08-23 18:54:48 - [TEST_STEP][PASSED] - M4_spin_bonus_data = bonus_data: null

2019-08-23 18:54:48 - [TEST_STEP][PASSED] - M4_spin_features_triggered = result_M4_spin: null

2019-08-23 18:54:48 - [TEST_STEP][PASSED] - wild = []: null

2019-08-23 18:54:48 - [TEST_STEP][PASSED] - wild[0] = "WILD_Expanding": null

2019-08-23 18:54:48 - [TEST_STEP][PASSED] - wild[1] = "WILD_Normal": null

2019-08-23 18:54:48 - [TEST_STEP][PASSED] - wild[2] = "WILD_Double": null

2019-08-23 18:54:48 - [TEST_STEP][PASSED] - wild[3] = "WILD_ExtraFG": null

2019-08-23 18:54:48 - [TEST_STEP][PASSED] - wild[4] = "WILD_Triple": null

2019-08-23 18:54:48 - [TEST_STEP][PASSED] - wildList = Arrays.asList(wild): null

2019-08-23 18:54:48 - [TEST_STEP][PASSED] - wildList = wildList: null

2019-08-23 18:54:48 - [TEST_STEP][PASSED] - free_spin_reel_counter = []: null

2019-08-23 18:54:48 - [TEST_STEP][PASSED] - free_spin_reel_counter[0] = 0: null

2019-08-23 18:54:48 - [TEST_STEP][PASSED] - free_spin_reel_counter[1] = 0: null

2019-08-23 18:54:48 - [TEST_STEP][PASSED] - free_spin_reel_counter[2] = 0: null

2019-08-23 18:54:48 - [TEST_STEP][PASSED] - M4_spin_reels = reels: null

2019-08-23 18:54:48 - [TEST_STEP][PASSED] - for ([i = 0, i &lt; M4_spin_reels.size(), (i++)]): null

2019-08-23 18:54:48 - [TEST_STEP][PASSED] - symbols = symbols: null

2019-08-23 18:54:48 - [TEST_STEP][PASSED] - for ([j = 0, j &lt; symbols.size(), (j++)]): null

2019-08-23 18:54:48 - [TEST_STEP][PASSED] - symbol = symbol: null

2019-08-23 18:54:48 - [TEST_STEP][PASSED] - println(symbol): null

2019-08-23 18:54:48 - [TEST_STEP][PASSED] - if (i == 2 &amp;&amp; wildList.indexOf(symbol) != -1): null

2019-08-23 18:54:48 - [TEST_STEP][PASSED] - if (i == 3 &amp;&amp; wildList.indexOf(symbol) != -1): null

2019-08-23 18:54:48 - [TEST_STEP][PASSED] - if (i == 4 &amp;&amp; wildList.indexOf(symbol) != -1): null

2019-08-23 18:54:48 - [TEST_STEP][PASSED] - symbol = symbol: null

2019-08-23 18:54:48 - [TEST_STEP][PASSED] - println(symbol): null

2019-08-23 18:54:48 - [TEST_STEP][PASSED] - if (i == 2 &amp;&amp; wildList.indexOf(symbol) != -1): null

2019-08-23 18:54:48 - [TEST_STEP][PASSED] - if (i == 3 &amp;&amp; wildList.indexOf(symbol) != -1): null

2019-08-23 18:54:48 - [TEST_STEP][PASSED] - if (i == 4 &amp;&amp; wildList.indexOf(symbol) != -1): null

2019-08-23 18:54:48 - [TEST_STEP][PASSED] - symbol = symbol: null

2019-08-23 18:54:48 - [TEST_STEP][PASSED] - println(symbol): null

2019-08-23 18:54:48 - [TEST_STEP][PASSED] - if (i == 2 &amp;&amp; wildList.indexOf(symbol) != -1): null

2019-08-23 18:54:48 - [TEST_STEP][PASSED] - if (i == 3 &amp;&amp; wildList.indexOf(symbol) != -1): null

2019-08-23 18:54:48 - [TEST_STEP][PASSED] - if (i == 4 &amp;&amp; wildList.indexOf(symbol) != -1): null

2019-08-23 18:54:48 - [TEST_STEP][PASSED] - symbols = symbols: null

2019-08-23 18:54:48 - [TEST_STEP][PASSED] - for ([j = 0, j &lt; symbols.size(), (j++)]): null

2019-08-23 18:54:48 - [TEST_STEP][PASSED] - symbol = symbol: null

2019-08-23 18:54:48 - [TEST_STEP][PASSED] - println(symbol): null

2019-08-23 18:54:48 - [TEST_STEP][PASSED] - if (i == 2 &amp;&amp; wildList.indexOf(symbol) != -1): null

2019-08-23 18:54:48 - [TEST_STEP][PASSED] - if (i == 3 &amp;&amp; wildList.indexOf(symbol) != -1): null

2019-08-23 18:54:48 - [TEST_STEP][PASSED] - if (i == 4 &amp;&amp; wildList.indexOf(symbol) != -1): null

2019-08-23 18:54:48 - [TEST_STEP][PASSED] - symbol = symbol: null

2019-08-23 18:54:48 - [TEST_STEP][PASSED] - println(symbol): null

2019-08-23 18:54:48 - [TEST_STEP][PASSED] - if (i == 2 &amp;&amp; wildList.indexOf(symbol) != -1): null

2019-08-23 18:54:48 - [TEST_STEP][PASSED] - if (i == 3 &amp;&amp; wildList.indexOf(symbol) != -1): null

2019-08-23 18:54:48 - [TEST_STEP][PASSED] - if (i == 4 &amp;&amp; wildList.indexOf(symbol) != -1): null

2019-08-23 18:54:48 - [TEST_STEP][PASSED] - symbol = symbol: null

2019-08-23 18:54:48 - [TEST_STEP][PASSED] - println(symbol): null

2019-08-23 18:54:48 - [TEST_STEP][PASSED] - if (i == 2 &amp;&amp; wildList.indexOf(symbol) != -1): null

2019-08-23 18:54:48 - [TEST_STEP][PASSED] - if (i == 3 &amp;&amp; wildList.indexOf(symbol) != -1): null

2019-08-23 18:54:48 - [TEST_STEP][PASSED] - if (i == 4 &amp;&amp; wildList.indexOf(symbol) != -1): null

2019-08-23 18:54:48 - [TEST_STEP][PASSED] - symbols = symbols: null

2019-08-23 18:54:48 - [TEST_STEP][PASSED] - for ([j = 0, j &lt; symbols.size(), (j++)]): null

2019-08-23 18:54:48 - [TEST_STEP][PASSED] - symbol = symbol: null

2019-08-23 18:54:48 - [TEST_STEP][PASSED] - println(symbol): null

2019-08-23 18:54:48 - [TEST_STEP][PASSED] - if (i == 2 &amp;&amp; wildList.indexOf(symbol) != -1): null

2019-08-23 18:54:48 - [TEST_STEP][PASSED] - if (i == 3 &amp;&amp; wildList.indexOf(symbol) != -1): null

2019-08-23 18:54:48 - [TEST_STEP][PASSED] - if (i == 4 &amp;&amp; wildList.indexOf(symbol) != -1): null

2019-08-23 18:54:48 - [TEST_STEP][PASSED] - symbol = symbol: null

2019-08-23 18:54:48 - [TEST_STEP][PASSED] - println(symbol): null

2019-08-23 18:54:48 - [TEST_STEP][PASSED] - if (i == 2 &amp;&amp; wildList.indexOf(symbol) != -1): null

2019-08-23 18:54:48 - [TEST_STEP][PASSED] - if (i == 3 &amp;&amp; wildList.indexOf(symbol) != -1): null

2019-08-23 18:54:48 - [TEST_STEP][PASSED] - if (i == 4 &amp;&amp; wildList.indexOf(symbol) != -1): null

2019-08-23 18:54:48 - [TEST_STEP][PASSED] - symbol = symbol: null

2019-08-23 18:54:48 - [TEST_STEP][PASSED] - println(symbol): null

2019-08-23 18:54:48 - [TEST_STEP][PASSED] - if (i == 2 &amp;&amp; wildList.indexOf(symbol) != -1): null

2019-08-23 18:54:48 - [TEST_STEP][PASSED] - if (i == 3 &amp;&amp; wildList.indexOf(symbol) != -1): null

2019-08-23 18:54:48 - [TEST_STEP][PASSED] - if (i == 4 &amp;&amp; wildList.indexOf(symbol) != -1): null

2019-08-23 18:54:48 - [TEST_STEP][PASSED] - symbols = symbols: null

2019-08-23 18:54:48 - [TEST_STEP][PASSED] - for ([j = 0, j &lt; symbols.size(), (j++)]): null

2019-08-23 18:54:48 - [TEST_STEP][PASSED] - symbol = symbol: null

2019-08-23 18:54:48 - [TEST_STEP][PASSED] - println(symbol): null

2019-08-23 18:54:48 - [TEST_STEP][PASSED] - if (i == 2 &amp;&amp; wildList.indexOf(symbol) != -1): null

2019-08-23 18:54:48 - [TEST_STEP][PASSED] - if (i == 3 &amp;&amp; wildList.indexOf(symbol) != -1): null

2019-08-23 18:54:48 - [TEST_STEP][PASSED] - if (i == 4 &amp;&amp; wildList.indexOf(symbol) != -1): null

2019-08-23 18:54:48 - [TEST_STEP][PASSED] - symbol = symbol: null

2019-08-23 18:54:48 - [TEST_STEP][PASSED] - println(symbol): null

2019-08-23 18:54:48 - [TEST_STEP][PASSED] - if (i == 2 &amp;&amp; wildList.indexOf(symbol) != -1): null

2019-08-23 18:54:48 - [TEST_STEP][PASSED] - if (i == 3 &amp;&amp; wildList.indexOf(symbol) != -1): null

2019-08-23 18:54:48 - [TEST_STEP][PASSED] - if (i == 4 &amp;&amp; wildList.indexOf(symbol) != -1): null

2019-08-23 18:54:48 - [TEST_STEP][PASSED] - symbol = symbol: null

2019-08-23 18:54:48 - [TEST_STEP][PASSED] - println(symbol): null

2019-08-23 18:54:48 - [TEST_STEP][PASSED] - if (i == 2 &amp;&amp; wildList.indexOf(symbol) != -1): null

2019-08-23 18:54:48 - [TEST_STEP][PASSED] - if (i == 3 &amp;&amp; wildList.indexOf(symbol) != -1): null

2019-08-23 18:54:48 - [TEST_STEP][PASSED] - if (i == 4 &amp;&amp; wildList.indexOf(symbol) != -1): null

2019-08-23 18:54:48 - [TEST_STEP][PASSED] - symbols = symbols: null

2019-08-23 18:54:48 - [TEST_STEP][PASSED] - for ([j = 0, j &lt; symbols.size(), (j++)]): null

2019-08-23 18:54:48 - [TEST_STEP][PASSED] - symbol = symbol: null

2019-08-23 18:54:48 - [TEST_STEP][PASSED] - println(symbol): null

2019-08-23 18:54:48 - [TEST_STEP][PASSED] - if (i == 2 &amp;&amp; wildList.indexOf(symbol) != -1): null

2019-08-23 18:54:48 - [TEST_STEP][PASSED] - if (i == 3 &amp;&amp; wildList.indexOf(symbol) != -1): null

2019-08-23 18:54:48 - [TEST_STEP][PASSED] - if (i == 4 &amp;&amp; wildList.indexOf(symbol) != -1): null

2019-08-23 18:54:48 - [TEST_STEP][PASSED] - symbol = symbol: null

2019-08-23 18:54:48 - [TEST_STEP][PASSED] - println(symbol): null

2019-08-23 18:54:48 - [TEST_STEP][PASSED] - if (i == 2 &amp;&amp; wildList.indexOf(symbol) != -1): null

2019-08-23 18:54:48 - [TEST_STEP][PASSED] - if (i == 3 &amp;&amp; wildList.indexOf(symbol) != -1): null

2019-08-23 18:54:48 - [TEST_STEP][PASSED] - if (i == 4 &amp;&amp; wildList.indexOf(symbol) != -1): null

2019-08-23 18:54:48 - [TEST_STEP][PASSED] - symbol = symbol: null

2019-08-23 18:54:48 - [TEST_STEP][PASSED] - println(symbol): null

2019-08-23 18:54:48 - [TEST_STEP][PASSED] - if (i == 2 &amp;&amp; wildList.indexOf(symbol) != -1): null

2019-08-23 18:54:48 - [TEST_STEP][PASSED] - if (i == 3 &amp;&amp; wildList.indexOf(symbol) != -1): null

2019-08-23 18:54:48 - [TEST_STEP][PASSED] - if (i == 4 &amp;&amp; wildList.indexOf(symbol) != -1): null

2019-08-23 18:54:48 - [TEST_STEP][PASSED] - free_spin_reel_counter = free_spin_reel_counter: null

2019-08-23 18:54:48 - [TEST_STEP][PASSED] - println("reel 3 wild found: " + free_spin_reel_counter[0]): null

2019-08-23 18:54:48 - [TEST_STEP][PASSED] - println("reel 4 wild found: " + free_spin_reel_counter[1]): null

2019-08-23 18:54:48 - [TEST_STEP][PASSED] - println("reel 5 wild found: " + free_spin_reel_counter[2]): null

2019-08-23 18:54:48 - [TEST_STEP][PASSED] - M4_spin_reels = M4_spin_reels: null

2019-08-23 18:54:48 - [TEST_STEP][PASSED] - M4_spin_reels_symbols = symbol: null

2019-08-23 18:54:48 - [TEST_STEP][PASSED] - M4_spin_reels_symbols = M4_spin_reels_symbols: null

2019-08-23 18:54:48 - [TEST_STEP][PASSED] - M4_spin_reel_wins = reel_wins: null

2019-08-23 18:54:48 - [TEST_STEP][PASSED] - M4_spin_reel_wins = M4_spin_reel_wins: null

2019-08-23 18:54:48 - [TEST_STEP][PASSED] - println("GlobalVariable.M4_spin_reel_wins is: " + M4_spin_reel_wins): null

2019-08-23 18:54:48 - [TEST_STEP][PASSED] - M4_spin_total_bonus_win_this_round = total_bonus_win_this_round: null

2019-08-23 18:54:48 - [TEST_STEP][PASSED] - M4_spin_total_bonus_win_this_round = M4_spin_total_bonus_win_this_round: null

2019-08-23 18:54:48 - [TEST_STEP][PASSED] - println("GlobalVariable.M4_spin_total_bonus_win_this_round is: " + M4_spin_total_bonus_win_this_round): null

2019-08-23 18:54:48 - [TEST_STEP][PASSED] - M4_spin_bonus_spin_result = spin_result: null

2019-08-23 18:54:48 - [TEST_STEP][PASSED] - M4_spin_bonus_spin_result = M4_spin_bonus_spin_result: null

2019-08-23 18:54:48 - [MESSAGE][PASSED] - Verify response successfully

2019-08-23 18:54:48 - [MESSAGE][PASSED] - Send request and verify the response successfully

2019-08-23 18:54:48 - [TEST_STEP][PASSED] - if (free_spin_reel_counter[0] &gt;= 1 &amp;&amp; free_spin_reel_counter[1] &gt;= 1 &amp;&amp; free_spin_reel_counter[2] &gt;= 1): null

2019-08-23 18:54:48 - [TEST_STEP][PASSED] - spin_result = sendRequestAndVerify(findTestObject("INT/RGS(M4)/1_M4_spin", ["M4_login_user_id":M4_login_user_id, "rgs_session_token":rgs_session_token, "partner":Partner])): Send request and verify the response successfully

2019-08-23 18:54:49 - [MESSAGE][INFO] - HAR: /Users/eiralee/Katalon_Script/SuperWild/Reports/20190823_184757/INT/superWild_1/20190823_184757/requests/main/152.har

2019-08-23 18:54:49 - [TEST_CASE][PASSED] - Start Test Case : Verification: Verification accomplished successfully

2019-08-23 18:54:50 - [TEST_STEP][PASSED] - request = getInstance().getCurrentRequest(): null

2019-08-23 18:54:50 - [TEST_STEP][PASSED] - response = getInstance().getCurrentResponse(): null

2019-08-23 18:54:50 - [TEST_STEP][PASSED] - verifyResponseStatusCode(response, 200): Verify response status code successfully

2019-08-23 18:54:50 - [MESSAGE][PASSED] - Verify response status code successfully

2019-08-23 18:54:50 - [TEST_STEP][PASSED] - getStatusCode()).isEqualTo(200): null

2019-08-23 18:54:50 - [TEST_STEP][PASSED] - newline = System.getProperty("line.separator"): null

2019-08-23 18:54:50 - [TEST_STEP][PASSED] - M4_spin = new groovy.json.JsonSlurper(): null

2019-08-23 18:54:50 - [TEST_STEP][PASSED] - result_M4_spin = M4_spin.parseText(response.getResponseBodyContent()): null

2019-08-23 18:54:50 - [TEST_STEP][PASSED] - M4_spin_current_balance = current_balance: null

2019-08-23 18:54:50 - [TEST_STEP][PASSED] - M4_spin_current_balance = M4_spin_current_balance: null

2019-08-23 18:54:50 - [TEST_STEP][PASSED] - M4_spin_transaction_id = causality: null

2019-08-23 18:54:50 - [TEST_STEP][PASSED] - M4_spin_transaction_id = M4_spin_transaction_id: null

2019-08-23 18:54:50 - [TEST_STEP][PASSED] - M4_spin_round_id = round_id: null

2019-08-23 18:54:50 - [TEST_STEP][PASSED] - M4_spin_round_id = M4_spin_round_id: null

2019-08-23 18:54:50 - [TEST_STEP][PASSED] - M4_spin_line_wins = line_wins: null

2019-08-23 18:54:50 - [TEST_STEP][PASSED] - M4_spin_line_wins = M4_spin_line_wins: null

2019-08-23 18:54:50 - [TEST_STEP][PASSED] - M4_total_bonus_spins_int = total_bonus_spins: null

2019-08-23 18:54:50 - [TEST_STEP][PASSED] - println("******M4_total_bonus_spins type is:*******" + newline + getClass().getName()): null

2019-08-23 18:54:50 - [TEST_STEP][PASSED] - M4_total_bonus_spins_int = M4_total_bonus_spins_int: null

2019-08-23 18:54:50 - [TEST_STEP][PASSED] - M4_total_bonus_spins = Integer.toString(M4_total_bonus_spins_int): null

2019-08-23 18:54:50 - [TEST_STEP][PASSED] - M4_total_bonus_spins = M4_total_bonus_spins: null

2019-08-23 18:54:50 - [TEST_STEP][PASSED] - println("M4_total_bonus_spins is:" + M4_total_bonus_spins): null

2019-08-23 18:54:50 - [TEST_STEP][PASSED] - M4_spin_bonus_data = bonus_data: null

2019-08-23 18:54:50 - [TEST_STEP][PASSED] - M4_spin_features_triggered = result_M4_spin: null

2019-08-23 18:54:50 - [TEST_STEP][PASSED] - wild = []: null

2019-08-23 18:54:50 - [TEST_STEP][PASSED] - wild[0] = "WILD_Expanding": null

2019-08-23 18:54:50 - [TEST_STEP][PASSED] - wild[1] = "WILD_Normal": null

2019-08-23 18:54:50 - [TEST_STEP][PASSED] - wild[2] = "WILD_Double": null

2019-08-23 18:54:50 - [TEST_STEP][PASSED] - wild[3] = "WILD_ExtraFG": null

2019-08-23 18:54:50 - [TEST_STEP][PASSED] - wild[4] = "WILD_Triple": null

2019-08-23 18:54:50 - [TEST_STEP][PASSED] - wildList = Arrays.asList(wild): null

2019-08-23 18:54:50 - [TEST_STEP][PASSED] - wildList = wildList: null

2019-08-23 18:54:50 - [TEST_STEP][PASSED] - free_spin_reel_counter = []: null

2019-08-23 18:54:50 - [TEST_STEP][PASSED] - free_spin_reel_counter[0] = 0: null

2019-08-23 18:54:50 - [TEST_STEP][PASSED] - free_spin_reel_counter[1] = 0: null

2019-08-23 18:54:50 - [TEST_STEP][PASSED] - free_spin_reel_counter[2] = 0: null

2019-08-23 18:54:50 - [TEST_STEP][PASSED] - M4_spin_reels = reels: null

2019-08-23 18:54:50 - [TEST_STEP][PASSED] - for ([i = 0, i &lt; M4_spin_reels.size(), (i++)]): null

2019-08-23 18:54:50 - [TEST_STEP][PASSED] - symbols = symbols: null

2019-08-23 18:54:50 - [TEST_STEP][PASSED] - for ([j = 0, j &lt; symbols.size(), (j++)]): null

2019-08-23 18:54:50 - [TEST_STEP][PASSED] - symbol = symbol: null

2019-08-23 18:54:50 - [TEST_STEP][PASSED] - println(symbol): null

2019-08-23 18:54:50 - [TEST_STEP][PASSED] - if (i == 2 &amp;&amp; wildList.indexOf(symbol) != -1): null

2019-08-23 18:54:50 - [TEST_STEP][PASSED] - if (i == 3 &amp;&amp; wildList.indexOf(symbol) != -1): null

2019-08-23 18:54:50 - [TEST_STEP][PASSED] - if (i == 4 &amp;&amp; wildList.indexOf(symbol) != -1): null

2019-08-23 18:54:50 - [TEST_STEP][PASSED] - symbol = symbol: null

2019-08-23 18:54:50 - [TEST_STEP][PASSED] - println(symbol): null

2019-08-23 18:54:50 - [TEST_STEP][PASSED] - if (i == 2 &amp;&amp; wildList.indexOf(symbol) != -1): null

2019-08-23 18:54:50 - [TEST_STEP][PASSED] - if (i == 3 &amp;&amp; wildList.indexOf(symbol) != -1): null

2019-08-23 18:54:50 - [TEST_STEP][PASSED] - if (i == 4 &amp;&amp; wildList.indexOf(symbol) != -1): null

2019-08-23 18:54:50 - [TEST_STEP][PASSED] - symbol = symbol: null

2019-08-23 18:54:50 - [TEST_STEP][PASSED] - println(symbol): null

2019-08-23 18:54:50 - [TEST_STEP][PASSED] - if (i == 2 &amp;&amp; wildList.indexOf(symbol) != -1): null

2019-08-23 18:54:50 - [TEST_STEP][PASSED] - if (i == 3 &amp;&amp; wildList.indexOf(symbol) != -1): null

2019-08-23 18:54:50 - [TEST_STEP][PASSED] - if (i == 4 &amp;&amp; wildList.indexOf(symbol) != -1): null

2019-08-23 18:54:50 - [TEST_STEP][PASSED] - symbols = symbols: null

2019-08-23 18:54:50 - [TEST_STEP][PASSED] - for ([j = 0, j &lt; symbols.size(), (j++)]): null

2019-08-23 18:54:50 - [TEST_STEP][PASSED] - symbol = symbol: null

2019-08-23 18:54:50 - [TEST_STEP][PASSED] - println(symbol): null

2019-08-23 18:54:50 - [TEST_STEP][PASSED] - if (i == 2 &amp;&amp; wildList.indexOf(symbol) != -1): null

2019-08-23 18:54:50 - [TEST_STEP][PASSED] - if (i == 3 &amp;&amp; wildList.indexOf(symbol) != -1): null

2019-08-23 18:54:50 - [TEST_STEP][PASSED] - if (i == 4 &amp;&amp; wildList.indexOf(symbol) != -1): null

2019-08-23 18:54:50 - [TEST_STEP][PASSED] - symbol = symbol: null

2019-08-23 18:54:50 - [TEST_STEP][PASSED] - println(symbol): null

2019-08-23 18:54:50 - [TEST_STEP][PASSED] - if (i == 2 &amp;&amp; wildList.indexOf(symbol) != -1): null

2019-08-23 18:54:50 - [TEST_STEP][PASSED] - if (i == 3 &amp;&amp; wildList.indexOf(symbol) != -1): null

2019-08-23 18:54:51 - [TEST_STEP][PASSED] - if (i == 4 &amp;&amp; wildList.indexOf(symbol) != -1): null

2019-08-23 18:54:51 - [TEST_STEP][PASSED] - symbol = symbol: null

2019-08-23 18:54:51 - [TEST_STEP][PASSED] - println(symbol): null

2019-08-23 18:54:51 - [TEST_STEP][PASSED] - if (i == 2 &amp;&amp; wildList.indexOf(symbol) != -1): null

2019-08-23 18:54:51 - [TEST_STEP][PASSED] - if (i == 3 &amp;&amp; wildList.indexOf(symbol) != -1): null

2019-08-23 18:54:51 - [TEST_STEP][PASSED] - if (i == 4 &amp;&amp; wildList.indexOf(symbol) != -1): null

2019-08-23 18:54:51 - [TEST_STEP][PASSED] - symbols = symbols: null

2019-08-23 18:54:51 - [TEST_STEP][PASSED] - for ([j = 0, j &lt; symbols.size(), (j++)]): null

2019-08-23 18:54:51 - [TEST_STEP][PASSED] - symbol = symbol: null

2019-08-23 18:54:51 - [TEST_STEP][PASSED] - println(symbol): null

2019-08-23 18:54:51 - [TEST_STEP][PASSED] - if (i == 2 &amp;&amp; wildList.indexOf(symbol) != -1): null

2019-08-23 18:54:51 - [TEST_STEP][PASSED] - if (i == 3 &amp;&amp; wildList.indexOf(symbol) != -1): null

2019-08-23 18:54:51 - [TEST_STEP][PASSED] - if (i == 4 &amp;&amp; wildList.indexOf(symbol) != -1): null

2019-08-23 18:54:51 - [TEST_STEP][PASSED] - symbol = symbol: null

2019-08-23 18:54:51 - [TEST_STEP][PASSED] - println(symbol): null

2019-08-23 18:54:51 - [TEST_STEP][PASSED] - if (i == 2 &amp;&amp; wildList.indexOf(symbol) != -1): null

2019-08-23 18:54:51 - [TEST_STEP][PASSED] - if (i == 3 &amp;&amp; wildList.indexOf(symbol) != -1): null

2019-08-23 18:54:51 - [TEST_STEP][PASSED] - if (i == 4 &amp;&amp; wildList.indexOf(symbol) != -1): null

2019-08-23 18:54:51 - [TEST_STEP][PASSED] - symbol = symbol: null

2019-08-23 18:54:51 - [TEST_STEP][PASSED] - println(symbol): null

2019-08-23 18:54:51 - [TEST_STEP][PASSED] - if (i == 2 &amp;&amp; wildList.indexOf(symbol) != -1): null

2019-08-23 18:54:51 - [TEST_STEP][PASSED] - if (i == 3 &amp;&amp; wildList.indexOf(symbol) != -1): null

2019-08-23 18:54:51 - [TEST_STEP][PASSED] - if (i == 4 &amp;&amp; wildList.indexOf(symbol) != -1): null

2019-08-23 18:54:51 - [TEST_STEP][PASSED] - symbols = symbols: null

2019-08-23 18:54:51 - [TEST_STEP][PASSED] - for ([j = 0, j &lt; symbols.size(), (j++)]): null

2019-08-23 18:54:51 - [TEST_STEP][PASSED] - symbol = symbol: null

2019-08-23 18:54:51 - [TEST_STEP][PASSED] - println(symbol): null

2019-08-23 18:54:51 - [TEST_STEP][PASSED] - if (i == 2 &amp;&amp; wildList.indexOf(symbol) != -1): null

2019-08-23 18:54:51 - [TEST_STEP][PASSED] - if (i == 3 &amp;&amp; wildList.indexOf(symbol) != -1): null

2019-08-23 18:54:51 - [TEST_STEP][PASSED] - if (i == 4 &amp;&amp; wildList.indexOf(symbol) != -1): null

2019-08-23 18:54:51 - [TEST_STEP][PASSED] - symbol = symbol: null

2019-08-23 18:54:51 - [TEST_STEP][PASSED] - println(symbol): null

2019-08-23 18:54:51 - [TEST_STEP][PASSED] - if (i == 2 &amp;&amp; wildList.indexOf(symbol) != -1): null

2019-08-23 18:54:51 - [TEST_STEP][PASSED] - if (i == 3 &amp;&amp; wildList.indexOf(symbol) != -1): null

2019-08-23 18:54:51 - [TEST_STEP][PASSED] - if (i == 4 &amp;&amp; wildList.indexOf(symbol) != -1): null

2019-08-23 18:54:51 - [TEST_STEP][PASSED] - symbol = symbol: null

2019-08-23 18:54:51 - [TEST_STEP][PASSED] - println(symbol): null

2019-08-23 18:54:51 - [TEST_STEP][PASSED] - if (i == 2 &amp;&amp; wildList.indexOf(symbol) != -1): null

2019-08-23 18:54:51 - [TEST_STEP][PASSED] - if (i == 3 &amp;&amp; wildList.indexOf(symbol) != -1): null

2019-08-23 18:54:51 - [TEST_STEP][PASSED] - if (i == 4 &amp;&amp; wildList.indexOf(symbol) != -1): null

2019-08-23 18:54:51 - [TEST_STEP][PASSED] - symbols = symbols: null

2019-08-23 18:54:51 - [TEST_STEP][PASSED] - for ([j = 0, j &lt; symbols.size(), (j++)]): null

2019-08-23 18:54:51 - [TEST_STEP][PASSED] - symbol = symbol: null

2019-08-23 18:54:51 - [TEST_STEP][PASSED] - println(symbol): null

2019-08-23 18:54:51 - [TEST_STEP][PASSED] - if (i == 2 &amp;&amp; wildList.indexOf(symbol) != -1): null

2019-08-23 18:54:51 - [TEST_STEP][PASSED] - if (i == 3 &amp;&amp; wildList.indexOf(symbol) != -1): null

2019-08-23 18:54:51 - [TEST_STEP][PASSED] - if (i == 4 &amp;&amp; wildList.indexOf(symbol) != -1): null

2019-08-23 18:54:51 - [TEST_STEP][PASSED] - symbol = symbol: null

2019-08-23 18:54:51 - [TEST_STEP][PASSED] - println(symbol): null

2019-08-23 18:54:51 - [TEST_STEP][PASSED] - if (i == 2 &amp;&amp; wildList.indexOf(symbol) != -1): null

2019-08-23 18:54:51 - [TEST_STEP][PASSED] - if (i == 3 &amp;&amp; wildList.indexOf(symbol) != -1): null

2019-08-23 18:54:51 - [TEST_STEP][PASSED] - if (i == 4 &amp;&amp; wildList.indexOf(symbol) != -1): null

2019-08-23 18:54:51 - [TEST_STEP][PASSED] - symbol = symbol: null

2019-08-23 18:54:51 - [TEST_STEP][PASSED] - println(symbol): null

2019-08-23 18:54:51 - [TEST_STEP][PASSED] - if (i == 2 &amp;&amp; wildList.indexOf(symbol) != -1): null

2019-08-23 18:54:51 - [TEST_STEP][PASSED] - if (i == 3 &amp;&amp; wildList.indexOf(symbol) != -1): null

2019-08-23 18:54:51 - [TEST_STEP][PASSED] - if (i == 4 &amp;&amp; wildList.indexOf(symbol) != -1): null

2019-08-23 18:54:51 - [TEST_STEP][PASSED] - free_spin_reel_counter = free_spin_reel_counter: null

2019-08-23 18:54:51 - [TEST_STEP][PASSED] - println("reel 3 wild found: " + free_spin_reel_counter[0]): null

2019-08-23 18:54:51 - [TEST_STEP][PASSED] - println("reel 4 wild found: " + free_spin_reel_counter[1]): null

2019-08-23 18:54:51 - [TEST_STEP][PASSED] - println("reel 5 wild found: " + free_spin_reel_counter[2]): null

2019-08-23 18:54:51 - [TEST_STEP][PASSED] - M4_spin_reels = M4_spin_reels: null

2019-08-23 18:54:51 - [TEST_STEP][PASSED] - M4_spin_reels_symbols = symbol: null

2019-08-23 18:54:51 - [TEST_STEP][PASSED] - M4_spin_reels_symbols = M4_spin_reels_symbols: null

2019-08-23 18:54:51 - [TEST_STEP][PASSED] - M4_spin_reel_wins = reel_wins: null

2019-08-23 18:54:51 - [TEST_STEP][PASSED] - M4_spin_reel_wins = M4_spin_reel_wins: null

2019-08-23 18:54:51 - [TEST_STEP][PASSED] - println("GlobalVariable.M4_spin_reel_wins is: " + M4_spin_reel_wins): null

2019-08-23 18:54:51 - [TEST_STEP][PASSED] - M4_spin_total_bonus_win_this_round = total_bonus_win_this_round: null

2019-08-23 18:54:51 - [TEST_STEP][PASSED] - M4_spin_total_bonus_win_this_round = M4_spin_total_bonus_win_this_round: null

2019-08-23 18:54:51 - [TEST_STEP][PASSED] - println("GlobalVariable.M4_spin_total_bonus_win_this_round is: " + M4_spin_total_bonus_win_this_round): null

2019-08-23 18:54:51 - [TEST_STEP][PASSED] - M4_spin_bonus_spin_result = spin_result: null

2019-08-23 18:54:51 - [TEST_STEP][PASSED] - M4_spin_bonus_spin_result = M4_spin_bonus_spin_result: null

2019-08-23 18:54:51 - [MESSAGE][PASSED] - Verify response successfully

2019-08-23 18:54:51 - [MESSAGE][PASSED] - Send request and verify the response successfully

2019-08-23 18:54:51 - [TEST_STEP][PASSED] - if (free_spin_reel_counter[0] &gt;= 1 &amp;&amp; free_spin_reel_counter[1] &gt;= 1 &amp;&amp; free_spin_reel_counter[2] &gt;= 1): null

2019-08-23 18:54:51 - [TEST_STEP][PASSED] - spin_result = sendRequestAndVerify(findTestObject("INT/RGS(M4)/1_M4_spin", ["M4_login_user_id":M4_login_user_id, "rgs_session_token":rgs_session_token, "partner":Partner])): Send request and verify the response successfully

2019-08-23 18:54:51 - [MESSAGE][INFO] - HAR: /Users/eiralee/Katalon_Script/SuperWild/Reports/20190823_184757/INT/superWild_1/20190823_184757/requests/main/153.har

2019-08-23 18:54:51 - [TEST_CASE][PASSED] - Start Test Case : Verification: Verification accomplished successfully

2019-08-23 18:54:52 - [TEST_STEP][PASSED] - request = getInstance().getCurrentRequest(): null

2019-08-23 18:54:52 - [TEST_STEP][PASSED] - response = getInstance().getCurrentResponse(): null

2019-08-23 18:54:52 - [TEST_STEP][PASSED] - verifyResponseStatusCode(response, 200): Verify response status code successfully

2019-08-23 18:54:52 - [MESSAGE][PASSED] - Verify response status code successfully

2019-08-23 18:54:52 - [TEST_STEP][PASSED] - getStatusCode()).isEqualTo(200): null

2019-08-23 18:54:52 - [TEST_STEP][PASSED] - newline = System.getProperty("line.separator"): null

2019-08-23 18:54:52 - [TEST_STEP][PASSED] - M4_spin = new groovy.json.JsonSlurper(): null

2019-08-23 18:54:52 - [TEST_STEP][PASSED] - result_M4_spin = M4_spin.parseText(response.getResponseBodyContent()): null

2019-08-23 18:54:52 - [TEST_STEP][PASSED] - M4_spin_current_balance = current_balance: null

2019-08-23 18:54:52 - [TEST_STEP][PASSED] - M4_spin_current_balance = M4_spin_current_balance: null

2019-08-23 18:54:52 - [TEST_STEP][PASSED] - M4_spin_transaction_id = causality: null

2019-08-23 18:54:52 - [TEST_STEP][PASSED] - M4_spin_transaction_id = M4_spin_transaction_id: null

2019-08-23 18:54:52 - [TEST_STEP][PASSED] - M4_spin_round_id = round_id: null

2019-08-23 18:54:52 - [TEST_STEP][PASSED] - M4_spin_round_id = M4_spin_round_id: null

2019-08-23 18:54:52 - [TEST_STEP][PASSED] - M4_spin_line_wins = line_wins: null

2019-08-23 18:54:52 - [TEST_STEP][PASSED] - M4_spin_line_wins = M4_spin_line_wins: null

2019-08-23 18:54:52 - [TEST_STEP][PASSED] - M4_total_bonus_spins_int = total_bonus_spins: null

2019-08-23 18:54:52 - [TEST_STEP][PASSED] - println("******M4_total_bonus_spins type is:*******" + newline + getClass().getName()): null

2019-08-23 18:54:52 - [TEST_STEP][PASSED] - M4_total_bonus_spins_int = M4_total_bonus_spins_int: null

2019-08-23 18:54:52 - [TEST_STEP][PASSED] - M4_total_bonus_spins = Integer.toString(M4_total_bonus_spins_int): null

2019-08-23 18:54:52 - [TEST_STEP][PASSED] - M4_total_bonus_spins = M4_total_bonus_spins: null

2019-08-23 18:54:52 - [TEST_STEP][PASSED] - println("M4_total_bonus_spins is:" + M4_total_bonus_spins): null

2019-08-23 18:54:52 - [TEST_STEP][PASSED] - M4_spin_bonus_data = bonus_data: null

2019-08-23 18:54:52 - [TEST_STEP][PASSED] - M4_spin_features_triggered = result_M4_spin: null

2019-08-23 18:54:52 - [TEST_STEP][PASSED] - wild = []: null

2019-08-23 18:54:52 - [TEST_STEP][PASSED] - wild[0] = "WILD_Expanding": null

2019-08-23 18:54:52 - [TEST_STEP][PASSED] - wild[1] = "WILD_Normal": null

2019-08-23 18:54:52 - [TEST_STEP][PASSED] - wild[2] = "WILD_Double": null

2019-08-23 18:54:52 - [TEST_STEP][PASSED] - wild[3] = "WILD_ExtraFG": null

2019-08-23 18:54:52 - [TEST_STEP][PASSED] - wild[4] = "WILD_Triple": null

2019-08-23 18:54:52 - [TEST_STEP][PASSED] - wildList = Arrays.asList(wild): null

2019-08-23 18:54:52 - [TEST_STEP][PASSED] - wildList = wildList: null

2019-08-23 18:54:52 - [TEST_STEP][PASSED] - free_spin_reel_counter = []: null

2019-08-23 18:54:52 - [TEST_STEP][PASSED] - free_spin_reel_counter[0] = 0: null

2019-08-23 18:54:52 - [TEST_STEP][PASSED] - free_spin_reel_counter[1] = 0: null

2019-08-23 18:54:52 - [TEST_STEP][PASSED] - free_spin_reel_counter[2] = 0: null

2019-08-23 18:54:52 - [TEST_STEP][PASSED] - M4_spin_reels = reels: null

2019-08-23 18:54:52 - [TEST_STEP][PASSED] - for ([i = 0, i &lt; M4_spin_reels.size(), (i++)]): null

2019-08-23 18:54:52 - [TEST_STEP][PASSED] - symbols = symbols: null

2019-08-23 18:54:52 - [TEST_STEP][PASSED] - for ([j = 0, j &lt; symbols.size(), (j++)]): null

2019-08-23 18:54:52 - [TEST_STEP][PASSED] - symbol = symbol: null

2019-08-23 18:54:52 - [TEST_STEP][PASSED] - println(symbol): null

2019-08-23 18:54:52 - [TEST_STEP][PASSED] - if (i == 2 &amp;&amp; wildList.indexOf(symbol) != -1): null

2019-08-23 18:54:52 - [TEST_STEP][PASSED] - if (i == 3 &amp;&amp; wildList.indexOf(symbol) != -1): null

2019-08-23 18:54:52 - [TEST_STEP][PASSED] - if (i == 4 &amp;&amp; wildList.indexOf(symbol) != -1): null

2019-08-23 18:54:52 - [TEST_STEP][PASSED] - symbol = symbol: null

2019-08-23 18:54:52 - [TEST_STEP][PASSED] - println(symbol): null

2019-08-23 18:54:52 - [TEST_STEP][PASSED] - if (i == 2 &amp;&amp; wildList.indexOf(symbol) != -1): null

2019-08-23 18:54:52 - [TEST_STEP][PASSED] - if (i == 3 &amp;&amp; wildList.indexOf(symbol) != -1): null

2019-08-23 18:54:52 - [TEST_STEP][PASSED] - if (i == 4 &amp;&amp; wildList.indexOf(symbol) != -1): null

2019-08-23 18:54:52 - [TEST_STEP][PASSED] - symbol = symbol: null

2019-08-23 18:54:52 - [TEST_STEP][PASSED] - println(symbol): null

2019-08-23 18:54:52 - [TEST_STEP][PASSED] - if (i == 2 &amp;&amp; wildList.indexOf(symbol) != -1): null

2019-08-23 18:54:52 - [TEST_STEP][PASSED] - if (i == 3 &amp;&amp; wildList.indexOf(symbol) != -1): null

2019-08-23 18:54:52 - [TEST_STEP][PASSED] - if (i == 4 &amp;&amp; wildList.indexOf(symbol) != -1): null

2019-08-23 18:54:52 - [TEST_STEP][PASSED] - symbols = symbols: null

2019-08-23 18:54:52 - [TEST_STEP][PASSED] - for ([j = 0, j &lt; symbols.size(), (j++)]): null

2019-08-23 18:54:52 - [TEST_STEP][PASSED] - symbol = symbol: null

2019-08-23 18:54:52 - [TEST_STEP][PASSED] - println(symbol): null

2019-08-23 18:54:52 - [TEST_STEP][PASSED] - if (i == 2 &amp;&amp; wildList.indexOf(symbol) != -1): null

2019-08-23 18:54:52 - [TEST_STEP][PASSED] - if (i == 3 &amp;&amp; wildList.indexOf(symbol) != -1): null

2019-08-23 18:54:52 - [TEST_STEP][PASSED] - if (i == 4 &amp;&amp; wildList.indexOf(symbol) != -1): null

2019-08-23 18:54:52 - [TEST_STEP][PASSED] - symbol = symbol: null

2019-08-23 18:54:52 - [TEST_STEP][PASSED] - println(symbol): null

2019-08-23 18:54:52 - [TEST_STEP][PASSED] - if (i == 2 &amp;&amp; wildList.indexOf(symbol) != -1): null

2019-08-23 18:54:52 - [TEST_STEP][PASSED] - if (i == 3 &amp;&amp; wildList.indexOf(symbol) != -1): null

2019-08-23 18:54:52 - [TEST_STEP][PASSED] - if (i == 4 &amp;&amp; wildList.indexOf(symbol) != -1): null

2019-08-23 18:54:52 - [TEST_STEP][PASSED] - symbol = symbol: null

2019-08-23 18:54:52 - [TEST_STEP][PASSED] - println(symbol): null

2019-08-23 18:54:52 - [TEST_STEP][PASSED] - if (i == 2 &amp;&amp; wildList.indexOf(symbol) != -1): null

2019-08-23 18:54:52 - [TEST_STEP][PASSED] - if (i == 3 &amp;&amp; wildList.indexOf(symbol) != -1): null

2019-08-23 18:54:52 - [TEST_STEP][PASSED] - if (i == 4 &amp;&amp; wildList.indexOf(symbol) != -1): null

2019-08-23 18:54:52 - [TEST_STEP][PASSED] - symbols = symbols: null

2019-08-23 18:54:52 - [TEST_STEP][PASSED] - for ([j = 0, j &lt; symbols.size(), (j++)]): null

2019-08-23 18:54:52 - [TEST_STEP][PASSED] - symbol = symbol: null

2019-08-23 18:54:52 - [TEST_STEP][PASSED] - println(symbol): null

2019-08-23 18:54:52 - [TEST_STEP][PASSED] - if (i == 2 &amp;&amp; wildList.indexOf(symbol) != -1): null

2019-08-23 18:54:52 - [TEST_STEP][PASSED] - if (i == 3 &amp;&amp; wildList.indexOf(symbol) != -1): null

2019-08-23 18:54:52 - [TEST_STEP][PASSED] - if (i == 4 &amp;&amp; wildList.indexOf(symbol) != -1): null

2019-08-23 18:54:52 - [TEST_STEP][PASSED] - symbol = symbol: null

2019-08-23 18:54:52 - [TEST_STEP][PASSED] - println(symbol): null

2019-08-23 18:54:52 - [TEST_STEP][PASSED] - if (i == 2 &amp;&amp; wildList.indexOf(symbol) != -1): null

2019-08-23 18:54:52 - [TEST_STEP][PASSED] - if (i == 3 &amp;&amp; wildList.indexOf(symbol) != -1): null

2019-08-23 18:54:52 - [TEST_STEP][PASSED] - if (i == 4 &amp;&amp; wildList.indexOf(symbol) != -1): null

2019-08-23 18:54:52 - [TEST_STEP][PASSED] - symbol = symbol: null

2019-08-23 18:54:52 - [TEST_STEP][PASSED] - println(symbol): null

2019-08-23 18:54:52 - [TEST_STEP][PASSED] - if (i == 2 &amp;&amp; wildList.indexOf(symbol) != -1): null

2019-08-23 18:54:52 - [TEST_STEP][PASSED] - if (i == 3 &amp;&amp; wildList.indexOf(symbol) != -1): null

2019-08-23 18:54:52 - [TEST_STEP][PASSED] - if (i == 4 &amp;&amp; wildList.indexOf(symbol) != -1): null

2019-08-23 18:54:52 - [TEST_STEP][PASSED] - symbols = symbols: null

2019-08-23 18:54:52 - [TEST_STEP][PASSED] - for ([j = 0, j &lt; symbols.size(), (j++)]): null

2019-08-23 18:54:52 - [TEST_STEP][PASSED] - symbol = symbol: null

2019-08-23 18:54:52 - [TEST_STEP][PASSED] - println(symbol): null

2019-08-23 18:54:52 - [TEST_STEP][PASSED] - if (i == 2 &amp;&amp; wildList.indexOf(symbol) != -1): null

2019-08-23 18:54:52 - [TEST_STEP][PASSED] - if (i == 3 &amp;&amp; wildList.indexOf(symbol) != -1): null

2019-08-23 18:54:52 - [TEST_STEP][PASSED] - if (i == 4 &amp;&amp; wildList.indexOf(symbol) != -1): null

2019-08-23 18:54:52 - [TEST_STEP][PASSED] - symbol = symbol: null

2019-08-23 18:54:52 - [TEST_STEP][PASSED] - println(symbol): null

2019-08-23 18:54:52 - [TEST_STEP][PASSED] - if (i == 2 &amp;&amp; wildList.indexOf(symbol) != -1): null

2019-08-23 18:54:52 - [TEST_STEP][PASSED] - if (i == 3 &amp;&amp; wildList.indexOf(symbol) != -1): null

2019-08-23 18:54:52 - [TEST_STEP][PASSED] - if (i == 4 &amp;&amp; wildList.indexOf(symbol) != -1): null

2019-08-23 18:54:52 - [TEST_STEP][PASSED] - symbol = symbol: null

2019-08-23 18:54:52 - [TEST_STEP][PASSED] - println(symbol): null

2019-08-23 18:54:52 - [TEST_STEP][PASSED] - if (i == 2 &amp;&amp; wildList.indexOf(symbol) != -1): null

2019-08-23 18:54:52 - [TEST_STEP][PASSED] - if (i == 3 &amp;&amp; wildList.indexOf(symbol) != -1): null

2019-08-23 18:54:52 - [TEST_STEP][PASSED] - if (i == 4 &amp;&amp; wildList.indexOf(symbol) != -1): null

2019-08-23 18:54:52 - [TEST_STEP][PASSED] - symbols = symbols: null

2019-08-23 18:54:52 - [TEST_STEP][PASSED] - for ([j = 0, j &lt; symbols.size(), (j++)]): null

2019-08-23 18:54:52 - [TEST_STEP][PASSED] - symbol = symbol: null

2019-08-23 18:54:52 - [TEST_STEP][PASSED] - println(symbol): null

2019-08-23 18:54:52 - [TEST_STEP][PASSED] - if (i == 2 &amp;&amp; wildList.indexOf(symbol) != -1): null

2019-08-23 18:54:52 - [TEST_STEP][PASSED] - if (i == 3 &amp;&amp; wildList.indexOf(symbol) != -1): null

2019-08-23 18:54:52 - [TEST_STEP][PASSED] - if (i == 4 &amp;&amp; wildList.indexOf(symbol) != -1): null

2019-08-23 18:54:52 - [TEST_STEP][PASSED] - symbol = symbol: null

2019-08-23 18:54:52 - [TEST_STEP][PASSED] - println(symbol): null

2019-08-23 18:54:52 - [TEST_STEP][PASSED] - if (i == 2 &amp;&amp; wildList.indexOf(symbol) != -1): null

2019-08-23 18:54:52 - [TEST_STEP][PASSED] - if (i == 3 &amp;&amp; wildList.indexOf(symbol) != -1): null

2019-08-23 18:54:52 - [TEST_STEP][PASSED] - if (i == 4 &amp;&amp; wildList.indexOf(symbol) != -1): null

2019-08-23 18:54:52 - [TEST_STEP][PASSED] - symbol = symbol: null

2019-08-23 18:54:52 - [TEST_STEP][PASSED] - println(symbol): null

2019-08-23 18:54:52 - [TEST_STEP][PASSED] - if (i == 2 &amp;&amp; wildList.indexOf(symbol) != -1): null

2019-08-23 18:54:52 - [TEST_STEP][PASSED] - if (i == 3 &amp;&amp; wildList.indexOf(symbol) != -1): null

2019-08-23 18:54:52 - [TEST_STEP][PASSED] - if (i == 4 &amp;&amp; wildList.indexOf(symbol) != -1): null

2019-08-23 18:54:52 - [TEST_STEP][PASSED] - free_spin_reel_counter = free_spin_reel_counter: null

2019-08-23 18:54:52 - [TEST_STEP][PASSED] - println("reel 3 wild found: " + free_spin_reel_counter[0]): null

2019-08-23 18:54:52 - [TEST_STEP][PASSED] - println("reel 4 wild found: " + free_spin_reel_counter[1]): null

2019-08-23 18:54:52 - [TEST_STEP][PASSED] - println("reel 5 wild found: " + free_spin_reel_counter[2]): null

2019-08-23 18:54:52 - [TEST_STEP][PASSED] - M4_spin_reels = M4_spin_reels: null

2019-08-23 18:54:52 - [TEST_STEP][PASSED] - M4_spin_reels_symbols = symbol: null

2019-08-23 18:54:52 - [TEST_STEP][PASSED] - M4_spin_reels_symbols = M4_spin_reels_symbols: null

2019-08-23 18:54:52 - [TEST_STEP][PASSED] - M4_spin_reel_wins = reel_wins: null

2019-08-23 18:54:52 - [TEST_STEP][PASSED] - M4_spin_reel_wins = M4_spin_reel_wins: null

2019-08-23 18:54:52 - [TEST_STEP][PASSED] - println("GlobalVariable.M4_spin_reel_wins is: " + M4_spin_reel_wins): null

2019-08-23 18:54:52 - [TEST_STEP][PASSED] - M4_spin_total_bonus_win_this_round = total_bonus_win_this_round: null

2019-08-23 18:54:52 - [TEST_STEP][PASSED] - M4_spin_total_bonus_win_this_round = M4_spin_total_bonus_win_this_round: null

2019-08-23 18:54:52 - [TEST_STEP][PASSED] - println("GlobalVariable.M4_spin_total_bonus_win_this_round is: " + M4_spin_total_bonus_win_this_round): null

2019-08-23 18:54:52 - [TEST_STEP][PASSED] - M4_spin_bonus_spin_result = spin_result: null

2019-08-23 18:54:52 - [TEST_STEP][PASSED] - M4_spin_bonus_spin_result = M4_spin_bonus_spin_result: null

2019-08-23 18:54:52 - [MESSAGE][PASSED] - Verify response successfully

2019-08-23 18:54:52 - [MESSAGE][PASSED] - Send request and verify the response successfully

2019-08-23 18:54:52 - [TEST_STEP][PASSED] - if (free_spin_reel_counter[0] &gt;= 1 &amp;&amp; free_spin_reel_counter[1] &gt;= 1 &amp;&amp; free_spin_reel_counter[2] &gt;= 1): null

2019-08-23 18:54:52 - [TEST_STEP][PASSED] - spin_result = sendRequestAndVerify(findTestObject("INT/RGS(M4)/1_M4_spin", ["M4_login_user_id":M4_login_user_id, "rgs_session_token":rgs_session_token, "partner":Partner])): Send request and verify the response successfully

2019-08-23 18:54:52 - [MESSAGE][INFO] - HAR: /Users/eiralee/Katalon_Script/SuperWild/Reports/20190823_184757/INT/superWild_1/20190823_184757/requests/main/154.har

2019-08-23 18:54:52 - [TEST_CASE][PASSED] - Start Test Case : Verification: Verification accomplished successfully

2019-08-23 18:54:52 - [TEST_STEP][PASSED] - request = getInstance().getCurrentRequest(): null

2019-08-23 18:54:52 - [TEST_STEP][PASSED] - response = getInstance().getCurrentResponse(): null

2019-08-23 18:54:52 - [TEST_STEP][PASSED] - verifyResponseStatusCode(response, 200): Verify response status code successfully

2019-08-23 18:54:52 - [MESSAGE][PASSED] - Verify response status code successfully

2019-08-23 18:54:52 - [TEST_STEP][PASSED] - getStatusCode()).isEqualTo(200): null

2019-08-23 18:54:52 - [TEST_STEP][PASSED] - newline = System.getProperty("line.separator"): null

2019-08-23 18:54:52 - [TEST_STEP][PASSED] - M4_spin = new groovy.json.JsonSlurper(): null

2019-08-23 18:54:52 - [TEST_STEP][PASSED] - result_M4_spin = M4_spin.parseText(response.getResponseBodyContent()): null

2019-08-23 18:54:52 - [TEST_STEP][PASSED] - M4_spin_current_balance = current_balance: null

2019-08-23 18:54:52 - [TEST_STEP][PASSED] - M4_spin_current_balance = M4_spin_current_balance: null

2019-08-23 18:54:52 - [TEST_STEP][PASSED] - M4_spin_transaction_id = causality: null

2019-08-23 18:54:52 - [TEST_STEP][PASSED] - M4_spin_transaction_id = M4_spin_transaction_id: null

2019-08-23 18:54:52 - [TEST_STEP][PASSED] - M4_spin_round_id = round_id: null

2019-08-23 18:54:52 - [TEST_STEP][PASSED] - M4_spin_round_id = M4_spin_round_id: null

2019-08-23 18:54:52 - [TEST_STEP][PASSED] - M4_spin_line_wins = line_wins: null

2019-08-23 18:54:52 - [TEST_STEP][PASSED] - M4_spin_line_wins = M4_spin_line_wins: null

2019-08-23 18:54:52 - [TEST_STEP][PASSED] - M4_total_bonus_spins_int = total_bonus_spins: null

2019-08-23 18:54:52 - [TEST_STEP][PASSED] - println("******M4_total_bonus_spins type is:*******" + newline + getClass().getName()): null

2019-08-23 18:54:52 - [TEST_STEP][PASSED] - M4_total_bonus_spins_int = M4_total_bonus_spins_int: null

2019-08-23 18:54:52 - [TEST_STEP][PASSED] - M4_total_bonus_spins = Integer.toString(M4_total_bonus_spins_int): null

2019-08-23 18:54:52 - [TEST_STEP][PASSED] - M4_total_bonus_spins = M4_total_bonus_spins: null

2019-08-23 18:54:52 - [TEST_STEP][PASSED] - println("M4_total_bonus_spins is:" + M4_total_bonus_spins): null

2019-08-23 18:54:52 - [TEST_STEP][PASSED] - M4_spin_bonus_data = bonus_data: null

2019-08-23 18:54:52 - [TEST_STEP][PASSED] - M4_spin_features_triggered = result_M4_spin: null

2019-08-23 18:54:52 - [TEST_STEP][PASSED] - wild = []: null

2019-08-23 18:54:52 - [TEST_STEP][PASSED] - wild[0] = "WILD_Expanding": null

2019-08-23 18:54:52 - [TEST_STEP][PASSED] - wild[1] = "WILD_Normal": null

2019-08-23 18:54:52 - [TEST_STEP][PASSED] - wild[2] = "WILD_Double": null

2019-08-23 18:54:52 - [TEST_STEP][PASSED] - wild[3] = "WILD_ExtraFG": null

2019-08-23 18:54:52 - [TEST_STEP][PASSED] - wild[4] = "WILD_Triple": null

2019-08-23 18:54:52 - [TEST_STEP][PASSED] - wildList = Arrays.asList(wild): null

2019-08-23 18:54:52 - [TEST_STEP][PASSED] - wildList = wildList: null

2019-08-23 18:54:52 - [TEST_STEP][PASSED] - free_spin_reel_counter = []: null

2019-08-23 18:54:52 - [TEST_STEP][PASSED] - free_spin_reel_counter[0] = 0: null

2019-08-23 18:54:52 - [TEST_STEP][PASSED] - free_spin_reel_counter[1] = 0: null

2019-08-23 18:54:52 - [TEST_STEP][PASSED] - free_spin_reel_counter[2] = 0: null

2019-08-23 18:54:52 - [TEST_STEP][PASSED] - M4_spin_reels = reels: null

2019-08-23 18:54:52 - [TEST_STEP][PASSED] - for ([i = 0, i &lt; M4_spin_reels.size(), (i++)]): null

2019-08-23 18:54:52 - [TEST_STEP][PASSED] - symbols = symbols: null

2019-08-23 18:54:52 - [TEST_STEP][PASSED] - for ([j = 0, j &lt; symbols.size(), (j++)]): null

2019-08-23 18:54:52 - [TEST_STEP][PASSED] - symbol = symbol: null

2019-08-23 18:54:52 - [TEST_STEP][PASSED] - println(symbol): null

2019-08-23 18:54:52 - [TEST_STEP][PASSED] - if (i == 2 &amp;&amp; wildList.indexOf(symbol) != -1): null

2019-08-23 18:54:52 - [TEST_STEP][PASSED] - if (i == 3 &amp;&amp; wildList.indexOf(symbol) != -1): null

2019-08-23 18:54:52 - [TEST_STEP][PASSED] - if (i == 4 &amp;&amp; wildList.indexOf(symbol) != -1): null

2019-08-23 18:54:52 - [TEST_STEP][PASSED] - symbol = symbol: null

2019-08-23 18:54:52 - [TEST_STEP][PASSED] - println(symbol): null

2019-08-23 18:54:52 - [TEST_STEP][PASSED] - if (i == 2 &amp;&amp; wildList.indexOf(symbol) != -1): null

2019-08-23 18:54:52 - [TEST_STEP][PASSED] - if (i == 3 &amp;&amp; wildList.indexOf(symbol) != -1): null

2019-08-23 18:54:52 - [TEST_STEP][PASSED] - if (i == 4 &amp;&amp; wildList.indexOf(symbol) != -1): null

2019-08-23 18:54:52 - [TEST_STEP][PASSED] - symbol = symbol: null

2019-08-23 18:54:52 - [TEST_STEP][PASSED] - println(symbol): null

2019-08-23 18:54:52 - [TEST_STEP][PASSED] - if (i == 2 &amp;&amp; wildList.indexOf(symbol) != -1): null

2019-08-23 18:54:52 - [TEST_STEP][PASSED] - if (i == 3 &amp;&amp; wildList.indexOf(symbol) != -1): null

2019-08-23 18:54:52 - [TEST_STEP][PASSED] - if (i == 4 &amp;&amp; wildList.indexOf(symbol) != -1): null

2019-08-23 18:54:52 - [TEST_STEP][PASSED] - symbols = symbols: null

2019-08-23 18:54:52 - [TEST_STEP][PASSED] - for ([j = 0, j &lt; symbols.size(), (j++)]): null

2019-08-23 18:54:52 - [TEST_STEP][PASSED] - symbol = symbol: null

2019-08-23 18:54:52 - [TEST_STEP][PASSED] - println(symbol): null

2019-08-23 18:54:52 - [TEST_STEP][PASSED] - if (i == 2 &amp;&amp; wildList.indexOf(symbol) != -1): null

2019-08-23 18:54:52 - [TEST_STEP][PASSED] - if (i == 3 &amp;&amp; wildList.indexOf(symbol) != -1): null

2019-08-23 18:54:52 - [TEST_STEP][PASSED] - if (i == 4 &amp;&amp; wildList.indexOf(symbol) != -1): null

2019-08-23 18:54:52 - [TEST_STEP][PASSED] - symbol = symbol: null

2019-08-23 18:54:52 - [TEST_STEP][PASSED] - println(symbol): null

2019-08-23 18:54:52 - [TEST_STEP][PASSED] - if (i == 2 &amp;&amp; wildList.indexOf(symbol) != -1): null

2019-08-23 18:54:52 - [TEST_STEP][PASSED] - if (i == 3 &amp;&amp; wildList.indexOf(symbol) != -1): null

2019-08-23 18:54:52 - [TEST_STEP][PASSED] - if (i == 4 &amp;&amp; wildList.indexOf(symbol) != -1): null

2019-08-23 18:54:52 - [TEST_STEP][PASSED] - symbol = symbol: null

2019-08-23 18:54:52 - [TEST_STEP][PASSED] - println(symbol): null

2019-08-23 18:54:52 - [TEST_STEP][PASSED] - if (i == 2 &amp;&amp; wildList.indexOf(symbol) != -1): null

2019-08-23 18:54:52 - [TEST_STEP][PASSED] - if (i == 3 &amp;&amp; wildList.indexOf(symbol) != -1): null

2019-08-23 18:54:52 - [TEST_STEP][PASSED] - if (i == 4 &amp;&amp; wildList.indexOf(symbol) != -1): null

2019-08-23 18:54:52 - [TEST_STEP][PASSED] - symbols = symbols: null

2019-08-23 18:54:52 - [TEST_STEP][PASSED] - for ([j = 0, j &lt; symbols.size(), (j++)]): null

2019-08-23 18:54:52 - [TEST_STEP][PASSED] - symbol = symbol: null

2019-08-23 18:54:52 - [TEST_STEP][PASSED] - println(symbol): null

2019-08-23 18:54:52 - [TEST_STEP][PASSED] - if (i == 2 &amp;&amp; wildList.indexOf(symbol) != -1): null

2019-08-23 18:54:52 - [TEST_STEP][PASSED] - println("wild found on reel 3, adding counter by 1"): null

2019-08-23 18:54:52 - [TEST_STEP][PASSED] - free_spin_reel_counter[0] = free_spin_reel_counter[0] + 1: null

2019-08-23 18:54:52 - [TEST_STEP][PASSED] - if (i == 3 &amp;&amp; wildList.indexOf(symbol) != -1): null

2019-08-23 18:54:52 - [TEST_STEP][PASSED] - if (i == 4 &amp;&amp; wildList.indexOf(symbol) != -1): null

2019-08-23 18:54:52 - [TEST_STEP][PASSED] - symbol = symbol: null

2019-08-23 18:54:52 - [TEST_STEP][PASSED] - println(symbol): null

2019-08-23 18:54:52 - [TEST_STEP][PASSED] - if (i == 2 &amp;&amp; wildList.indexOf(symbol) != -1): null

2019-08-23 18:54:52 - [TEST_STEP][PASSED] - if (i == 3 &amp;&amp; wildList.indexOf(symbol) != -1): null

2019-08-23 18:54:52 - [TEST_STEP][PASSED] - if (i == 4 &amp;&amp; wildList.indexOf(symbol) != -1): null

2019-08-23 18:54:52 - [TEST_STEP][PASSED] - symbol = symbol: null

2019-08-23 18:54:52 - [TEST_STEP][PASSED] - println(symbol): null

2019-08-23 18:54:52 - [TEST_STEP][PASSED] - if (i == 2 &amp;&amp; wildList.indexOf(symbol) != -1): null

2019-08-23 18:54:52 - [TEST_STEP][PASSED] - if (i == 3 &amp;&amp; wildList.indexOf(symbol) != -1): null

2019-08-23 18:54:52 - [TEST_STEP][PASSED] - if (i == 4 &amp;&amp; wildList.indexOf(symbol) != -1): null

2019-08-23 18:54:52 - [TEST_STEP][PASSED] - symbols = symbols: null

2019-08-23 18:54:52 - [TEST_STEP][PASSED] - for ([j = 0, j &lt; symbols.size(), (j++)]): null

2019-08-23 18:54:52 - [TEST_STEP][PASSED] - symbol = symbol: null

2019-08-23 18:54:52 - [TEST_STEP][PASSED] - println(symbol): null

2019-08-23 18:54:52 - [TEST_STEP][PASSED] - if (i == 2 &amp;&amp; wildList.indexOf(symbol) != -1): null

2019-08-23 18:54:52 - [TEST_STEP][PASSED] - if (i == 3 &amp;&amp; wildList.indexOf(symbol) != -1): null

2019-08-23 18:54:52 - [TEST_STEP][PASSED] - if (i == 4 &amp;&amp; wildList.indexOf(symbol) != -1): null

2019-08-23 18:54:52 - [TEST_STEP][PASSED] - symbol = symbol: null

2019-08-23 18:54:52 - [TEST_STEP][PASSED] - println(symbol): null

2019-08-23 18:54:52 - [TEST_STEP][PASSED] - if (i == 2 &amp;&amp; wildList.indexOf(symbol) != -1): null

2019-08-23 18:54:52 - [TEST_STEP][PASSED] - if (i == 3 &amp;&amp; wildList.indexOf(symbol) != -1): null

2019-08-23 18:54:55 - [TEST_STEP][PASSED] - if (i == 4 &amp;&amp; wildList.indexOf(symbol) != -1): null

2019-08-23 18:54:55 - [TEST_STEP][PASSED] - symbol = symbol: null

2019-08-23 18:54:55 - [TEST_STEP][PASSED] - println(symbol): null

2019-08-23 18:54:55 - [TEST_STEP][PASSED] - if (i == 2 &amp;&amp; wildList.indexOf(symbol) != -1): null

2019-08-23 18:54:55 - [TEST_STEP][PASSED] - if (i == 3 &amp;&amp; wildList.indexOf(symbol) != -1): null

2019-08-23 18:54:55 - [TEST_STEP][PASSED] - println("wild found on reel 4, adding counter by 1"): null

2019-08-23 18:54:55 - [TEST_STEP][PASSED] - free_spin_reel_counter[1] = free_spin_reel_counter[1] + 1: null

2019-08-23 18:54:55 - [TEST_STEP][PASSED] - if (i == 4 &amp;&amp; wildList.indexOf(symbol) != -1): null

2019-08-23 18:54:55 - [TEST_STEP][PASSED] - symbols = symbols: null

2019-08-23 18:54:55 - [TEST_STEP][PASSED] - for ([j = 0, j &lt; symbols.size(), (j++)]): null

2019-08-23 18:54:55 - [TEST_STEP][PASSED] - symbol = symbol: null

2019-08-23 18:54:55 - [TEST_STEP][PASSED] - println(symbol): null

2019-08-23 18:54:55 - [TEST_STEP][PASSED] - if (i == 2 &amp;&amp; wildList.indexOf(symbol) != -1): null

2019-08-23 18:54:55 - [TEST_STEP][PASSED] - if (i == 3 &amp;&amp; wildList.indexOf(symbol) != -1): null

2019-08-23 18:54:55 - [TEST_STEP][PASSED] - if (i == 4 &amp;&amp; wildList.indexOf(symbol) != -1): null

2019-08-23 18:54:55 - [TEST_STEP][PASSED] - symbol = symbol: null

2019-08-23 18:54:55 - [TEST_STEP][PASSED] - println(symbol): null

2019-08-23 18:54:55 - [TEST_STEP][PASSED] - if (i == 2 &amp;&amp; wildList.indexOf(symbol) != -1): null

2019-08-23 18:54:55 - [TEST_STEP][PASSED] - if (i == 3 &amp;&amp; wildList.indexOf(symbol) != -1): null

2019-08-23 18:54:55 - [TEST_STEP][PASSED] - if (i == 4 &amp;&amp; wildList.indexOf(symbol) != -1): null

2019-08-23 18:54:55 - [TEST_STEP][PASSED] - symbol = symbol: null

2019-08-23 18:54:55 - [TEST_STEP][PASSED] - println(symbol): null

2019-08-23 18:54:55 - [TEST_STEP][PASSED] - if (i == 2 &amp;&amp; wildList.indexOf(symbol) != -1): null

2019-08-23 18:54:55 - [TEST_STEP][PASSED] - if (i == 3 &amp;&amp; wildList.indexOf(symbol) != -1): null

2019-08-23 18:54:55 - [TEST_STEP][PASSED] - if (i == 4 &amp;&amp; wildList.indexOf(symbol) != -1): null

2019-08-23 18:54:55 - [TEST_STEP][PASSED] - free_spin_reel_counter = free_spin_reel_counter: null

2019-08-23 18:54:55 - [TEST_STEP][PASSED] - println("reel 3 wild found: " + free_spin_reel_counter[0]): null

2019-08-23 18:54:55 - [TEST_STEP][PASSED] - println("reel 4 wild found: " + free_spin_reel_counter[1]): null

2019-08-23 18:54:55 - [TEST_STEP][PASSED] - println("reel 5 wild found: " + free_spin_reel_counter[2]): null

2019-08-23 18:54:55 - [TEST_STEP][PASSED] - M4_spin_reels = M4_spin_reels: null

2019-08-23 18:54:55 - [TEST_STEP][PASSED] - M4_spin_reels_symbols = symbol: null

2019-08-23 18:54:55 - [TEST_STEP][PASSED] - M4_spin_reels_symbols = M4_spin_reels_symbols: null

2019-08-23 18:54:55 - [TEST_STEP][PASSED] - M4_spin_reel_wins = reel_wins: null

2019-08-23 18:54:55 - [TEST_STEP][PASSED] - M4_spin_reel_wins = M4_spin_reel_wins: null

2019-08-23 18:54:55 - [TEST_STEP][PASSED] - println("GlobalVariable.M4_spin_reel_wins is: " + M4_spin_reel_wins): null

2019-08-23 18:54:55 - [TEST_STEP][PASSED] - M4_spin_total_bonus_win_this_round = total_bonus_win_this_round: null

2019-08-23 18:54:55 - [TEST_STEP][PASSED] - M4_spin_total_bonus_win_this_round = M4_spin_total_bonus_win_this_round: null

2019-08-23 18:54:55 - [TEST_STEP][PASSED] - println("GlobalVariable.M4_spin_total_bonus_win_this_round is: " + M4_spin_total_bonus_win_this_round): null

2019-08-23 18:54:55 - [TEST_STEP][PASSED] - M4_spin_bonus_spin_result = spin_result: null

2019-08-23 18:54:55 - [TEST_STEP][PASSED] - M4_spin_bonus_spin_result = M4_spin_bonus_spin_result: null

2019-08-23 18:54:55 - [MESSAGE][PASSED] - Verify response successfully

2019-08-23 18:54:55 - [MESSAGE][PASSED] - Send request and verify the response successfully

2019-08-23 18:54:55 - [TEST_STEP][PASSED] - if (free_spin_reel_counter[0] &gt;= 1 &amp;&amp; free_spin_reel_counter[1] &gt;= 1 &amp;&amp; free_spin_reel_counter[2] &gt;= 1): null

2019-08-23 18:54:55 - [TEST_STEP][PASSED] - spin_result = sendRequestAndVerify(findTestObject("INT/RGS(M4)/1_M4_spin", ["M4_login_user_id":M4_login_user_id, "rgs_session_token":rgs_session_token, "partner":Partner])): Send request and verify the response successfully

2019-08-23 18:54:55 - [MESSAGE][INFO] - HAR: /Users/eiralee/Katalon_Script/SuperWild/Reports/20190823_184757/INT/superWild_1/20190823_184757/requests/main/155.har

2019-08-23 18:54:55 - [TEST_CASE][PASSED] - Start Test Case : Verification: Verification accomplished successfully

2019-08-23 18:54:55 - [TEST_STEP][PASSED] - request = getInstance().getCurrentRequest(): null

2019-08-23 18:54:55 - [TEST_STEP][PASSED] - response = getInstance().getCurrentResponse(): null

2019-08-23 18:54:55 - [TEST_STEP][PASSED] - verifyResponseStatusCode(response, 200): Verify response status code successfully

2019-08-23 18:54:55 - [MESSAGE][PASSED] - Verify response status code successfully

2019-08-23 18:54:55 - [TEST_STEP][PASSED] - getStatusCode()).isEqualTo(200): null

2019-08-23 18:54:55 - [TEST_STEP][PASSED] - newline = System.getProperty("line.separator"): null

2019-08-23 18:54:55 - [TEST_STEP][PASSED] - M4_spin = new groovy.json.JsonSlurper(): null

2019-08-23 18:54:55 - [TEST_STEP][PASSED] - result_M4_spin = M4_spin.parseText(response.getResponseBodyContent()): null

2019-08-23 18:54:55 - [TEST_STEP][PASSED] - M4_spin_current_balance = current_balance: null

2019-08-23 18:54:55 - [TEST_STEP][PASSED] - M4_spin_current_balance = M4_spin_current_balance: null

2019-08-23 18:54:55 - [TEST_STEP][PASSED] - M4_spin_transaction_id = causality: null

2019-08-23 18:54:55 - [TEST_STEP][PASSED] - M4_spin_transaction_id = M4_spin_transaction_id: null

2019-08-23 18:54:55 - [TEST_STEP][PASSED] - M4_spin_round_id = round_id: null

2019-08-23 18:54:55 - [TEST_STEP][PASSED] - M4_spin_round_id = M4_spin_round_id: null

2019-08-23 18:54:55 - [TEST_STEP][PASSED] - M4_spin_line_wins = line_wins: null

2019-08-23 18:54:55 - [TEST_STEP][PASSED] - M4_spin_line_wins = M4_spin_line_wins: null

2019-08-23 18:54:55 - [TEST_STEP][PASSED] - M4_total_bonus_spins_int = total_bonus_spins: null

2019-08-23 18:54:55 - [TEST_STEP][PASSED] - println("******M4_total_bonus_spins type is:*******" + newline + getClass().getName()): null

2019-08-23 18:54:55 - [TEST_STEP][PASSED] - M4_total_bonus_spins_int = M4_total_bonus_spins_int: null

2019-08-23 18:54:55 - [TEST_STEP][PASSED] - M4_total_bonus_spins = Integer.toString(M4_total_bonus_spins_int): null

2019-08-23 18:54:55 - [TEST_STEP][PASSED] - M4_total_bonus_spins = M4_total_bonus_spins: null

2019-08-23 18:54:55 - [TEST_STEP][PASSED] - println("M4_total_bonus_spins is:" + M4_total_bonus_spins): null

2019-08-23 18:54:55 - [TEST_STEP][PASSED] - M4_spin_bonus_data = bonus_data: null

2019-08-23 18:54:55 - [TEST_STEP][PASSED] - M4_spin_features_triggered = result_M4_spin: null

2019-08-23 18:54:55 - [TEST_STEP][PASSED] - wild = []: null

2019-08-23 18:54:55 - [TEST_STEP][PASSED] - wild[0] = "WILD_Expanding": null

2019-08-23 18:54:55 - [TEST_STEP][PASSED] - wild[1] = "WILD_Normal": null

2019-08-23 18:54:55 - [TEST_STEP][PASSED] - wild[2] = "WILD_Double": null

2019-08-23 18:54:55 - [TEST_STEP][PASSED] - wild[3] = "WILD_ExtraFG": null

2019-08-23 18:54:55 - [TEST_STEP][PASSED] - wild[4] = "WILD_Triple": null

2019-08-23 18:54:55 - [TEST_STEP][PASSED] - wildList = Arrays.asList(wild): null

2019-08-23 18:54:55 - [TEST_STEP][PASSED] - wildList = wildList: null

2019-08-23 18:54:55 - [TEST_STEP][PASSED] - free_spin_reel_counter = []: null

2019-08-23 18:54:55 - [TEST_STEP][PASSED] - free_spin_reel_counter[0] = 0: null

2019-08-23 18:54:55 - [TEST_STEP][PASSED] - free_spin_reel_counter[1] = 0: null

2019-08-23 18:54:55 - [TEST_STEP][PASSED] - free_spin_reel_counter[2] = 0: null

2019-08-23 18:54:55 - [TEST_STEP][PASSED] - M4_spin_reels = reels: null

2019-08-23 18:54:55 - [TEST_STEP][PASSED] - for ([i = 0, i &lt; M4_spin_reels.size(), (i++)]): null

2019-08-23 18:54:55 - [TEST_STEP][PASSED] - symbols = symbols: null

2019-08-23 18:54:55 - [TEST_STEP][PASSED] - for ([j = 0, j &lt; symbols.size(), (j++)]): null

2019-08-23 18:54:55 - [TEST_STEP][PASSED] - symbol = symbol: null

2019-08-23 18:54:55 - [TEST_STEP][PASSED] - println(symbol): null

2019-08-23 18:54:55 - [TEST_STEP][PASSED] - if (i == 2 &amp;&amp; wildList.indexOf(symbol) != -1): null

2019-08-23 18:54:55 - [TEST_STEP][PASSED] - if (i == 3 &amp;&amp; wildList.indexOf(symbol) != -1): null

2019-08-23 18:54:55 - [TEST_STEP][PASSED] - if (i == 4 &amp;&amp; wildList.indexOf(symbol) != -1): null

2019-08-23 18:54:55 - [TEST_STEP][PASSED] - symbol = symbol: null

2019-08-23 18:54:55 - [TEST_STEP][PASSED] - println(symbol): null

2019-08-23 18:54:55 - [TEST_STEP][PASSED] - if (i == 2 &amp;&amp; wildList.indexOf(symbol) != -1): null

2019-08-23 18:54:55 - [TEST_STEP][PASSED] - if (i == 3 &amp;&amp; wildList.indexOf(symbol) != -1): null

2019-08-23 18:54:55 - [TEST_STEP][PASSED] - if (i == 4 &amp;&amp; wildList.indexOf(symbol) != -1): null

2019-08-23 18:54:55 - [TEST_STEP][PASSED] - symbol = symbol: null

2019-08-23 18:54:55 - [TEST_STEP][PASSED] - println(symbol): null

2019-08-23 18:54:55 - [TEST_STEP][PASSED] - if (i == 2 &amp;&amp; wildList.indexOf(symbol) != -1): null

2019-08-23 18:54:55 - [TEST_STEP][PASSED] - if (i == 3 &amp;&amp; wildList.indexOf(symbol) != -1): null

2019-08-23 18:54:55 - [TEST_STEP][PASSED] - if (i == 4 &amp;&amp; wildList.indexOf(symbol) != -1): null

2019-08-23 18:54:55 - [TEST_STEP][PASSED] - symbols = symbols: null

2019-08-23 18:54:55 - [TEST_STEP][PASSED] - for ([j = 0, j &lt; symbols.size(), (j++)]): null

2019-08-23 18:54:55 - [TEST_STEP][PASSED] - symbol = symbol: null

2019-08-23 18:54:55 - [TEST_STEP][PASSED] - println(symbol): null

2019-08-23 18:54:55 - [TEST_STEP][PASSED] - if (i == 2 &amp;&amp; wildList.indexOf(symbol) != -1): null

2019-08-23 18:54:55 - [TEST_STEP][PASSED] - if (i == 3 &amp;&amp; wildList.indexOf(symbol) != -1): null

2019-08-23 18:54:55 - [TEST_STEP][PASSED] - if (i == 4 &amp;&amp; wildList.indexOf(symbol) != -1): null

2019-08-23 18:54:55 - [TEST_STEP][PASSED] - symbol = symbol: null

2019-08-23 18:54:55 - [TEST_STEP][PASSED] - println(symbol): null

2019-08-23 18:54:55 - [TEST_STEP][PASSED] - if (i == 2 &amp;&amp; wildList.indexOf(symbol) != -1): null

2019-08-23 18:54:55 - [TEST_STEP][PASSED] - if (i == 3 &amp;&amp; wildList.indexOf(symbol) != -1): null

2019-08-23 18:54:55 - [TEST_STEP][PASSED] - if (i == 4 &amp;&amp; wildList.indexOf(symbol) != -1): null

2019-08-23 18:54:55 - [TEST_STEP][PASSED] - symbol = symbol: null

2019-08-23 18:54:55 - [TEST_STEP][PASSED] - println(symbol): null

2019-08-23 18:54:55 - [TEST_STEP][PASSED] - if (i == 2 &amp;&amp; wildList.indexOf(symbol) != -1): null

2019-08-23 18:54:55 - [TEST_STEP][PASSED] - if (i == 3 &amp;&amp; wildList.indexOf(symbol) != -1): null

2019-08-23 18:54:55 - [TEST_STEP][PASSED] - if (i == 4 &amp;&amp; wildList.indexOf(symbol) != -1): null

2019-08-23 18:54:55 - [TEST_STEP][PASSED] - symbols = symbols: null

2019-08-23 18:54:55 - [TEST_STEP][PASSED] - for ([j = 0, j &lt; symbols.size(), (j++)]): null

2019-08-23 18:54:55 - [TEST_STEP][PASSED] - symbol = symbol: null

2019-08-23 18:54:55 - [TEST_STEP][PASSED] - println(symbol): null

2019-08-23 18:54:55 - [TEST_STEP][PASSED] - if (i == 2 &amp;&amp; wildList.indexOf(symbol) != -1): null

2019-08-23 18:54:55 - [TEST_STEP][PASSED] - if (i == 3 &amp;&amp; wildList.indexOf(symbol) != -1): null

2019-08-23 18:54:55 - [TEST_STEP][PASSED] - if (i == 4 &amp;&amp; wildList.indexOf(symbol) != -1): null

2019-08-23 18:54:55 - [TEST_STEP][PASSED] - symbol = symbol: null

2019-08-23 18:54:55 - [TEST_STEP][PASSED] - println(symbol): null

2019-08-23 18:54:55 - [TEST_STEP][PASSED] - if (i == 2 &amp;&amp; wildList.indexOf(symbol) != -1): null

2019-08-23 18:54:55 - [TEST_STEP][PASSED] - if (i == 3 &amp;&amp; wildList.indexOf(symbol) != -1): null

2019-08-23 18:54:55 - [TEST_STEP][PASSED] - if (i == 4 &amp;&amp; wildList.indexOf(symbol) != -1): null

2019-08-23 18:54:55 - [TEST_STEP][PASSED] - symbol = symbol: null

2019-08-23 18:54:55 - [TEST_STEP][PASSED] - println(symbol): null

2019-08-23 18:54:55 - [TEST_STEP][PASSED] - if (i == 2 &amp;&amp; wildList.indexOf(symbol) != -1): null

2019-08-23 18:54:55 - [TEST_STEP][PASSED] - println("wild found on reel 3, adding counter by 1"): null

2019-08-23 18:54:55 - [TEST_STEP][PASSED] - free_spin_reel_counter[0] = free_spin_reel_counter[0] + 1: null

2019-08-23 18:54:55 - [TEST_STEP][PASSED] - if (i == 3 &amp;&amp; wildList.indexOf(symbol) != -1): null

2019-08-23 18:54:55 - [TEST_STEP][PASSED] - if (i == 4 &amp;&amp; wildList.indexOf(symbol) != -1): null

2019-08-23 18:54:55 - [TEST_STEP][PASSED] - symbols = symbols: null

2019-08-23 18:54:55 - [TEST_STEP][PASSED] - for ([j = 0, j &lt; symbols.size(), (j++)]): null

2019-08-23 18:54:55 - [TEST_STEP][PASSED] - symbol = symbol: null

2019-08-23 18:54:55 - [TEST_STEP][PASSED] - println(symbol): null

2019-08-23 18:54:55 - [TEST_STEP][PASSED] - if (i == 2 &amp;&amp; wildList.indexOf(symbol) != -1): null

2019-08-23 18:54:55 - [TEST_STEP][PASSED] - if (i == 3 &amp;&amp; wildList.indexOf(symbol) != -1): null

2019-08-23 18:54:55 - [TEST_STEP][PASSED] - if (i == 4 &amp;&amp; wildList.indexOf(symbol) != -1): null

2019-08-23 18:54:55 - [TEST_STEP][PASSED] - symbol = symbol: null

2019-08-23 18:54:55 - [TEST_STEP][PASSED] - println(symbol): null

2019-08-23 18:54:55 - [TEST_STEP][PASSED] - if (i == 2 &amp;&amp; wildList.indexOf(symbol) != -1): null

2019-08-23 18:54:55 - [TEST_STEP][PASSED] - if (i == 3 &amp;&amp; wildList.indexOf(symbol) != -1): null

2019-08-23 18:54:55 - [TEST_STEP][PASSED] - if (i == 4 &amp;&amp; wildList.indexOf(symbol) != -1): null

2019-08-23 18:54:55 - [TEST_STEP][PASSED] - symbol = symbol: null

2019-08-23 18:54:55 - [TEST_STEP][PASSED] - println(symbol): null

2019-08-23 18:54:55 - [TEST_STEP][PASSED] - if (i == 2 &amp;&amp; wildList.indexOf(symbol) != -1): null

2019-08-23 18:54:55 - [TEST_STEP][PASSED] - if (i == 3 &amp;&amp; wildList.indexOf(symbol) != -1): null

2019-08-23 18:54:55 - [TEST_STEP][PASSED] - if (i == 4 &amp;&amp; wildList.indexOf(symbol) != -1): null

2019-08-23 18:54:55 - [TEST_STEP][PASSED] - symbols = symbols: null

2019-08-23 18:54:55 - [TEST_STEP][PASSED] - for ([j = 0, j &lt; symbols.size(), (j++)]): null

2019-08-23 18:54:55 - [TEST_STEP][PASSED] - symbol = symbol: null

2019-08-23 18:54:55 - [TEST_STEP][PASSED] - println(symbol): null

2019-08-23 18:54:55 - [TEST_STEP][PASSED] - if (i == 2 &amp;&amp; wildList.indexOf(symbol) != -1): null

2019-08-23 18:54:55 - [TEST_STEP][PASSED] - if (i == 3 &amp;&amp; wildList.indexOf(symbol) != -1): null

2019-08-23 18:54:55 - [TEST_STEP][PASSED] - if (i == 4 &amp;&amp; wildList.indexOf(symbol) != -1): null

2019-08-23 18:54:55 - [TEST_STEP][PASSED] - symbol = symbol: null

2019-08-23 18:54:55 - [TEST_STEP][PASSED] - println(symbol): null

2019-08-23 18:54:55 - [TEST_STEP][PASSED] - if (i == 2 &amp;&amp; wildList.indexOf(symbol) != -1): null

2019-08-23 18:54:55 - [TEST_STEP][PASSED] - if (i == 3 &amp;&amp; wildList.indexOf(symbol) != -1): null

2019-08-23 18:54:55 - [TEST_STEP][PASSED] - if (i == 4 &amp;&amp; wildList.indexOf(symbol) != -1): null

2019-08-23 18:54:55 - [TEST_STEP][PASSED] - symbol = symbol: null

2019-08-23 18:54:55 - [TEST_STEP][PASSED] - println(symbol): null

2019-08-23 18:54:55 - [TEST_STEP][PASSED] - if (i == 2 &amp;&amp; wildList.indexOf(symbol) != -1): null

2019-08-23 18:54:55 - [TEST_STEP][PASSED] - if (i == 3 &amp;&amp; wildList.indexOf(symbol) != -1): null

2019-08-23 18:54:55 - [TEST_STEP][PASSED] - if (i == 4 &amp;&amp; wildList.indexOf(symbol) != -1): null

2019-08-23 18:54:55 - [TEST_STEP][PASSED] - free_spin_reel_counter = free_spin_reel_counter: null

2019-08-23 18:54:55 - [TEST_STEP][PASSED] - println("reel 3 wild found: " + free_spin_reel_counter[0]): null

2019-08-23 18:54:55 - [TEST_STEP][PASSED] - println("reel 4 wild found: " + free_spin_reel_counter[1]): null

2019-08-23 18:54:55 - [TEST_STEP][PASSED] - println("reel 5 wild found: " + free_spin_reel_counter[2]): null

2019-08-23 18:54:55 - [TEST_STEP][PASSED] - M4_spin_reels = M4_spin_reels: null

2019-08-23 18:54:55 - [TEST_STEP][PASSED] - M4_spin_reels_symbols = symbol: null

2019-08-23 18:54:55 - [TEST_STEP][PASSED] - M4_spin_reels_symbols = M4_spin_reels_symbols: null

2019-08-23 18:54:55 - [TEST_STEP][PASSED] - M4_spin_reel_wins = reel_wins: null

2019-08-23 18:54:55 - [TEST_STEP][PASSED] - M4_spin_reel_wins = M4_spin_reel_wins: null

2019-08-23 18:54:55 - [TEST_STEP][PASSED] - println("GlobalVariable.M4_spin_reel_wins is: " + M4_spin_reel_wins): null

2019-08-23 18:54:55 - [TEST_STEP][PASSED] - M4_spin_total_bonus_win_this_round = total_bonus_win_this_round: null

2019-08-23 18:54:55 - [TEST_STEP][PASSED] - M4_spin_total_bonus_win_this_round = M4_spin_total_bonus_win_this_round: null

2019-08-23 18:54:55 - [TEST_STEP][PASSED] - println("GlobalVariable.M4_spin_total_bonus_win_this_round is: " + M4_spin_total_bonus_win_this_round): null

2019-08-23 18:54:55 - [TEST_STEP][PASSED] - M4_spin_bonus_spin_result = spin_result: null

2019-08-23 18:54:55 - [TEST_STEP][PASSED] - M4_spin_bonus_spin_result = M4_spin_bonus_spin_result: null

2019-08-23 18:54:55 - [MESSAGE][PASSED] - Verify response successfully

2019-08-23 18:54:55 - [MESSAGE][PASSED] - Send request and verify the response successfully

2019-08-23 18:54:55 - [TEST_STEP][PASSED] - if (free_spin_reel_counter[0] &gt;= 1 &amp;&amp; free_spin_reel_counter[1] &gt;= 1 &amp;&amp; free_spin_reel_counter[2] &gt;= 1): null

2019-08-23 18:54:55 - [TEST_STEP][PASSED] - spin_result = sendRequestAndVerify(findTestObject("INT/RGS(M4)/1_M4_spin", ["M4_login_user_id":M4_login_user_id, "rgs_session_token":rgs_session_token, "partner":Partner])): Send request and verify the response successfully

2019-08-23 18:54:56 - [MESSAGE][INFO] - HAR: /Users/eiralee/Katalon_Script/SuperWild/Reports/20190823_184757/INT/superWild_1/20190823_184757/requests/main/156.har

2019-08-23 18:54:56 - [TEST_CASE][PASSED] - Start Test Case : Verification: Verification accomplished successfully

2019-08-23 18:54:56 - [TEST_STEP][PASSED] - request = getInstance().getCurrentRequest(): null

2019-08-23 18:54:56 - [TEST_STEP][PASSED] - response = getInstance().getCurrentResponse(): null

2019-08-23 18:54:56 - [TEST_STEP][PASSED] - verifyResponseStatusCode(response, 200): Verify response status code successfully

2019-08-23 18:54:56 - [MESSAGE][PASSED] - Verify response status code successfully

2019-08-23 18:54:56 - [TEST_STEP][PASSED] - getStatusCode()).isEqualTo(200): null

2019-08-23 18:54:56 - [TEST_STEP][PASSED] - newline = System.getProperty("line.separator"): null

2019-08-23 18:54:56 - [TEST_STEP][PASSED] - M4_spin = new groovy.json.JsonSlurper(): null

2019-08-23 18:54:56 - [TEST_STEP][PASSED] - result_M4_spin = M4_spin.parseText(response.getResponseBodyContent()): null

2019-08-23 18:54:56 - [TEST_STEP][PASSED] - M4_spin_current_balance = current_balance: null

2019-08-23 18:54:56 - [TEST_STEP][PASSED] - M4_spin_current_balance = M4_spin_current_balance: null

2019-08-23 18:54:56 - [TEST_STEP][PASSED] - M4_spin_transaction_id = causality: null

2019-08-23 18:54:56 - [TEST_STEP][PASSED] - M4_spin_transaction_id = M4_spin_transaction_id: null

2019-08-23 18:54:56 - [TEST_STEP][PASSED] - M4_spin_round_id = round_id: null

2019-08-23 18:54:56 - [TEST_STEP][PASSED] - M4_spin_round_id = M4_spin_round_id: null

2019-08-23 18:54:56 - [TEST_STEP][PASSED] - M4_spin_line_wins = line_wins: null

2019-08-23 18:54:56 - [TEST_STEP][PASSED] - M4_spin_line_wins = M4_spin_line_wins: null

2019-08-23 18:54:56 - [TEST_STEP][PASSED] - M4_total_bonus_spins_int = total_bonus_spins: null

2019-08-23 18:54:56 - [TEST_STEP][PASSED] - println("******M4_total_bonus_spins type is:*******" + newline + getClass().getName()): null

2019-08-23 18:54:56 - [TEST_STEP][PASSED] - M4_total_bonus_spins_int = M4_total_bonus_spins_int: null

2019-08-23 18:54:56 - [TEST_STEP][PASSED] - M4_total_bonus_spins = Integer.toString(M4_total_bonus_spins_int): null

2019-08-23 18:54:56 - [TEST_STEP][PASSED] - M4_total_bonus_spins = M4_total_bonus_spins: null

2019-08-23 18:54:56 - [TEST_STEP][PASSED] - println("M4_total_bonus_spins is:" + M4_total_bonus_spins): null

2019-08-23 18:54:56 - [TEST_STEP][PASSED] - M4_spin_bonus_data = bonus_data: null

2019-08-23 18:54:56 - [TEST_STEP][PASSED] - M4_spin_features_triggered = result_M4_spin: null

2019-08-23 18:54:56 - [TEST_STEP][PASSED] - wild = []: null

2019-08-23 18:54:56 - [TEST_STEP][PASSED] - wild[0] = "WILD_Expanding": null

2019-08-23 18:54:56 - [TEST_STEP][PASSED] - wild[1] = "WILD_Normal": null

2019-08-23 18:54:56 - [TEST_STEP][PASSED] - wild[2] = "WILD_Double": null

2019-08-23 18:54:56 - [TEST_STEP][PASSED] - wild[3] = "WILD_ExtraFG": null

2019-08-23 18:54:56 - [TEST_STEP][PASSED] - wild[4] = "WILD_Triple": null

2019-08-23 18:54:56 - [TEST_STEP][PASSED] - wildList = Arrays.asList(wild): null

2019-08-23 18:54:56 - [TEST_STEP][PASSED] - wildList = wildList: null

2019-08-23 18:54:56 - [TEST_STEP][PASSED] - free_spin_reel_counter = []: null

2019-08-23 18:54:56 - [TEST_STEP][PASSED] - free_spin_reel_counter[0] = 0: null

2019-08-23 18:54:56 - [TEST_STEP][PASSED] - free_spin_reel_counter[1] = 0: null

2019-08-23 18:54:56 - [TEST_STEP][PASSED] - free_spin_reel_counter[2] = 0: null

2019-08-23 18:54:56 - [TEST_STEP][PASSED] - M4_spin_reels = reels: null

2019-08-23 18:54:56 - [TEST_STEP][PASSED] - for ([i = 0, i &lt; M4_spin_reels.size(), (i++)]): null

2019-08-23 18:54:56 - [TEST_STEP][PASSED] - symbols = symbols: null

2019-08-23 18:54:56 - [TEST_STEP][PASSED] - for ([j = 0, j &lt; symbols.size(), (j++)]): null

2019-08-23 18:54:56 - [TEST_STEP][PASSED] - symbol = symbol: null

2019-08-23 18:54:56 - [TEST_STEP][PASSED] - println(symbol): null

2019-08-23 18:54:56 - [TEST_STEP][PASSED] - if (i == 2 &amp;&amp; wildList.indexOf(symbol) != -1): null

2019-08-23 18:54:56 - [TEST_STEP][PASSED] - if (i == 3 &amp;&amp; wildList.indexOf(symbol) != -1): null

2019-08-23 18:54:56 - [TEST_STEP][PASSED] - if (i == 4 &amp;&amp; wildList.indexOf(symbol) != -1): null

2019-08-23 18:54:56 - [TEST_STEP][PASSED] - symbol = symbol: null

2019-08-23 18:54:56 - [TEST_STEP][PASSED] - println(symbol): null

2019-08-23 18:54:56 - [TEST_STEP][PASSED] - if (i == 2 &amp;&amp; wildList.indexOf(symbol) != -1): null

2019-08-23 18:54:56 - [TEST_STEP][PASSED] - if (i == 3 &amp;&amp; wildList.indexOf(symbol) != -1): null

2019-08-23 18:54:56 - [TEST_STEP][PASSED] - if (i == 4 &amp;&amp; wildList.indexOf(symbol) != -1): null

2019-08-23 18:54:56 - [TEST_STEP][PASSED] - symbol = symbol: null

2019-08-23 18:54:56 - [TEST_STEP][PASSED] - println(symbol): null

2019-08-23 18:54:56 - [TEST_STEP][PASSED] - if (i == 2 &amp;&amp; wildList.indexOf(symbol) != -1): null

2019-08-23 18:54:56 - [TEST_STEP][PASSED] - if (i == 3 &amp;&amp; wildList.indexOf(symbol) != -1): null

2019-08-23 18:54:56 - [TEST_STEP][PASSED] - if (i == 4 &amp;&amp; wildList.indexOf(symbol) != -1): null

2019-08-23 18:54:56 - [TEST_STEP][PASSED] - symbols = symbols: null

2019-08-23 18:54:56 - [TEST_STEP][PASSED] - for ([j = 0, j &lt; symbols.size(), (j++)]): null

2019-08-23 18:54:56 - [TEST_STEP][PASSED] - symbol = symbol: null

2019-08-23 18:54:56 - [TEST_STEP][PASSED] - println(symbol): null

2019-08-23 18:54:56 - [TEST_STEP][PASSED] - if (i == 2 &amp;&amp; wildList.indexOf(symbol) != -1): null

2019-08-23 18:54:56 - [TEST_STEP][PASSED] - if (i == 3 &amp;&amp; wildList.indexOf(symbol) != -1): null

2019-08-23 18:54:56 - [TEST_STEP][PASSED] - if (i == 4 &amp;&amp; wildList.indexOf(symbol) != -1): null

2019-08-23 18:54:56 - [TEST_STEP][PASSED] - symbol = symbol: null

2019-08-23 18:54:56 - [TEST_STEP][PASSED] - println(symbol): null

2019-08-23 18:54:56 - [TEST_STEP][PASSED] - if (i == 2 &amp;&amp; wildList.indexOf(symbol) != -1): null

2019-08-23 18:54:56 - [TEST_STEP][PASSED] - if (i == 3 &amp;&amp; wildList.indexOf(symbol) != -1): null

2019-08-23 18:54:56 - [TEST_STEP][PASSED] - if (i == 4 &amp;&amp; wildList.indexOf(symbol) != -1): null

2019-08-23 18:54:56 - [TEST_STEP][PASSED] - symbol = symbol: null

2019-08-23 18:54:56 - [TEST_STEP][PASSED] - println(symbol): null

2019-08-23 18:54:56 - [TEST_STEP][PASSED] - if (i == 2 &amp;&amp; wildList.indexOf(symbol) != -1): null

2019-08-23 18:54:56 - [TEST_STEP][PASSED] - if (i == 3 &amp;&amp; wildList.indexOf(symbol) != -1): null

2019-08-23 18:54:56 - [TEST_STEP][PASSED] - if (i == 4 &amp;&amp; wildList.indexOf(symbol) != -1): null

2019-08-23 18:54:56 - [TEST_STEP][PASSED] - symbols = symbols: null

2019-08-23 18:54:56 - [TEST_STEP][PASSED] - for ([j = 0, j &lt; symbols.size(), (j++)]): null

2019-08-23 18:54:56 - [TEST_STEP][PASSED] - symbol = symbol: null

2019-08-23 18:54:56 - [TEST_STEP][PASSED] - println(symbol): null

2019-08-23 18:54:56 - [TEST_STEP][PASSED] - if (i == 2 &amp;&amp; wildList.indexOf(symbol) != -1): null

2019-08-23 18:54:56 - [TEST_STEP][PASSED] - if (i == 3 &amp;&amp; wildList.indexOf(symbol) != -1): null

2019-08-23 18:54:56 - [TEST_STEP][PASSED] - if (i == 4 &amp;&amp; wildList.indexOf(symbol) != -1): null

2019-08-23 18:54:56 - [TEST_STEP][PASSED] - symbol = symbol: null

2019-08-23 18:54:56 - [TEST_STEP][PASSED] - println(symbol): null

2019-08-23 18:54:56 - [TEST_STEP][PASSED] - if (i == 2 &amp;&amp; wildList.indexOf(symbol) != -1): null

2019-08-23 18:54:56 - [TEST_STEP][PASSED] - if (i == 3 &amp;&amp; wildList.indexOf(symbol) != -1): null

2019-08-23 18:54:56 - [TEST_STEP][PASSED] - if (i == 4 &amp;&amp; wildList.indexOf(symbol) != -1): null

2019-08-23 18:54:56 - [TEST_STEP][PASSED] - symbol = symbol: null

2019-08-23 18:54:56 - [TEST_STEP][PASSED] - println(symbol): null

2019-08-23 18:54:56 - [TEST_STEP][PASSED] - if (i == 2 &amp;&amp; wildList.indexOf(symbol) != -1): null

2019-08-23 18:54:56 - [TEST_STEP][PASSED] - if (i == 3 &amp;&amp; wildList.indexOf(symbol) != -1): null

2019-08-23 18:54:56 - [TEST_STEP][PASSED] - if (i == 4 &amp;&amp; wildList.indexOf(symbol) != -1): null

2019-08-23 18:54:56 - [TEST_STEP][PASSED] - symbols = symbols: null

2019-08-23 18:54:56 - [TEST_STEP][PASSED] - for ([j = 0, j &lt; symbols.size(), (j++)]): null

2019-08-23 18:54:56 - [TEST_STEP][PASSED] - symbol = symbol: null

2019-08-23 18:54:56 - [TEST_STEP][PASSED] - println(symbol): null

2019-08-23 18:54:56 - [TEST_STEP][PASSED] - if (i == 2 &amp;&amp; wildList.indexOf(symbol) != -1): null

2019-08-23 18:54:56 - [TEST_STEP][PASSED] - if (i == 3 &amp;&amp; wildList.indexOf(symbol) != -1): null

2019-08-23 18:54:56 - [TEST_STEP][PASSED] - if (i == 4 &amp;&amp; wildList.indexOf(symbol) != -1): null

2019-08-23 18:54:56 - [TEST_STEP][PASSED] - symbol = symbol: null

2019-08-23 18:54:56 - [TEST_STEP][PASSED] - println(symbol): null

2019-08-23 18:54:56 - [TEST_STEP][PASSED] - if (i == 2 &amp;&amp; wildList.indexOf(symbol) != -1): null

2019-08-23 18:54:56 - [TEST_STEP][PASSED] - if (i == 3 &amp;&amp; wildList.indexOf(symbol) != -1): null

2019-08-23 18:54:56 - [TEST_STEP][PASSED] - if (i == 4 &amp;&amp; wildList.indexOf(symbol) != -1): null

2019-08-23 18:54:56 - [TEST_STEP][PASSED] - symbol = symbol: null

2019-08-23 18:54:56 - [TEST_STEP][PASSED] - println(symbol): null

2019-08-23 18:54:56 - [TEST_STEP][PASSED] - if (i == 2 &amp;&amp; wildList.indexOf(symbol) != -1): null

2019-08-23 18:54:56 - [TEST_STEP][PASSED] - if (i == 3 &amp;&amp; wildList.indexOf(symbol) != -1): null

2019-08-23 18:54:56 - [TEST_STEP][PASSED] - println("wild found on reel 4, adding counter by 1"): null

2019-08-23 18:54:56 - [TEST_STEP][PASSED] - free_spin_reel_counter[1] = free_spin_reel_counter[1] + 1: null

2019-08-23 18:54:56 - [TEST_STEP][PASSED] - if (i == 4 &amp;&amp; wildList.indexOf(symbol) != -1): null

2019-08-23 18:54:56 - [TEST_STEP][PASSED] - symbols = symbols: null

2019-08-23 18:54:56 - [TEST_STEP][PASSED] - for ([j = 0, j &lt; symbols.size(), (j++)]): null

2019-08-23 18:54:56 - [TEST_STEP][PASSED] - symbol = symbol: null

2019-08-23 18:54:56 - [TEST_STEP][PASSED] - println(symbol): null

2019-08-23 18:54:56 - [TEST_STEP][PASSED] - if (i == 2 &amp;&amp; wildList.indexOf(symbol) != -1): null

2019-08-23 18:54:56 - [TEST_STEP][PASSED] - if (i == 3 &amp;&amp; wildList.indexOf(symbol) != -1): null

2019-08-23 18:54:56 - [TEST_STEP][PASSED] - if (i == 4 &amp;&amp; wildList.indexOf(symbol) != -1): null

2019-08-23 18:54:56 - [TEST_STEP][PASSED] - symbol = symbol: null

2019-08-23 18:54:56 - [TEST_STEP][PASSED] - println(symbol): null

2019-08-23 18:54:56 - [TEST_STEP][PASSED] - if (i == 2 &amp;&amp; wildList.indexOf(symbol) != -1): null

2019-08-23 18:54:56 - [TEST_STEP][PASSED] - if (i == 3 &amp;&amp; wildList.indexOf(symbol) != -1): null

2019-08-23 18:54:56 - [TEST_STEP][PASSED] - if (i == 4 &amp;&amp; wildList.indexOf(symbol) != -1): null

2019-08-23 18:54:56 - [TEST_STEP][PASSED] - symbol = symbol: null

2019-08-23 18:54:56 - [TEST_STEP][PASSED] - println(symbol): null

2019-08-23 18:54:56 - [TEST_STEP][PASSED] - if (i == 2 &amp;&amp; wildList.indexOf(symbol) != -1): null

2019-08-23 18:54:56 - [TEST_STEP][PASSED] - if (i == 3 &amp;&amp; wildList.indexOf(symbol) != -1): null

2019-08-23 18:54:56 - [TEST_STEP][PASSED] - if (i == 4 &amp;&amp; wildList.indexOf(symbol) != -1): null

2019-08-23 18:54:56 - [TEST_STEP][PASSED] - free_spin_reel_counter = free_spin_reel_counter: null

2019-08-23 18:54:56 - [TEST_STEP][PASSED] - println("reel 3 wild found: " + free_spin_reel_counter[0]): null

2019-08-23 18:54:56 - [TEST_STEP][PASSED] - println("reel 4 wild found: " + free_spin_reel_counter[1]): null

2019-08-23 18:54:56 - [TEST_STEP][PASSED] - println("reel 5 wild found: " + free_spin_reel_counter[2]): null

2019-08-23 18:54:56 - [TEST_STEP][PASSED] - M4_spin_reels = M4_spin_reels: null

2019-08-23 18:54:58 - [TEST_STEP][PASSED] - M4_spin_reels_symbols = symbol: null

2019-08-23 18:54:58 - [TEST_STEP][PASSED] - M4_spin_reels_symbols = M4_spin_reels_symbols: null

2019-08-23 18:54:58 - [TEST_STEP][PASSED] - M4_spin_reel_wins = reel_wins: null

2019-08-23 18:54:58 - [TEST_STEP][PASSED] - M4_spin_reel_wins = M4_spin_reel_wins: null

2019-08-23 18:54:58 - [TEST_STEP][PASSED] - println("GlobalVariable.M4_spin_reel_wins is: " + M4_spin_reel_wins): null

2019-08-23 18:54:58 - [TEST_STEP][PASSED] - M4_spin_total_bonus_win_this_round = total_bonus_win_this_round: null

2019-08-23 18:54:58 - [TEST_STEP][PASSED] - M4_spin_total_bonus_win_this_round = M4_spin_total_bonus_win_this_round: null

2019-08-23 18:54:58 - [TEST_STEP][PASSED] - println("GlobalVariable.M4_spin_total_bonus_win_this_round is: " + M4_spin_total_bonus_win_this_round): null

2019-08-23 18:54:58 - [TEST_STEP][PASSED] - M4_spin_bonus_spin_result = spin_result: null

2019-08-23 18:54:58 - [TEST_STEP][PASSED] - M4_spin_bonus_spin_result = M4_spin_bonus_spin_result: null

2019-08-23 18:54:58 - [MESSAGE][PASSED] - Verify response successfully

2019-08-23 18:54:58 - [MESSAGE][PASSED] - Send request and verify the response successfully

2019-08-23 18:54:58 - [TEST_STEP][PASSED] - if (free_spin_reel_counter[0] &gt;= 1 &amp;&amp; free_spin_reel_counter[1] &gt;= 1 &amp;&amp; free_spin_reel_counter[2] &gt;= 1): null

2019-08-23 18:54:58 - [TEST_STEP][PASSED] - spin_result = sendRequestAndVerify(findTestObject("INT/RGS(M4)/1_M4_spin", ["M4_login_user_id":M4_login_user_id, "rgs_session_token":rgs_session_token, "partner":Partner])): Send request and verify the response successfully

2019-08-23 18:54:58 - [MESSAGE][INFO] - HAR: /Users/eiralee/Katalon_Script/SuperWild/Reports/20190823_184757/INT/superWild_1/20190823_184757/requests/main/157.har

2019-08-23 18:54:58 - [TEST_CASE][PASSED] - Start Test Case : Verification: Verification accomplished successfully

2019-08-23 18:54:58 - [TEST_STEP][PASSED] - request = getInstance().getCurrentRequest(): null

2019-08-23 18:54:58 - [TEST_STEP][PASSED] - response = getInstance().getCurrentResponse(): null

2019-08-23 18:54:58 - [TEST_STEP][PASSED] - verifyResponseStatusCode(response, 200): Verify response status code successfully

2019-08-23 18:54:58 - [MESSAGE][PASSED] - Verify response status code successfully

2019-08-23 18:54:58 - [TEST_STEP][PASSED] - getStatusCode()).isEqualTo(200): null

2019-08-23 18:54:58 - [TEST_STEP][PASSED] - newline = System.getProperty("line.separator"): null

2019-08-23 18:54:58 - [TEST_STEP][PASSED] - M4_spin = new groovy.json.JsonSlurper(): null

2019-08-23 18:54:58 - [TEST_STEP][PASSED] - result_M4_spin = M4_spin.parseText(response.getResponseBodyContent()): null

2019-08-23 18:54:58 - [TEST_STEP][PASSED] - M4_spin_current_balance = current_balance: null

2019-08-23 18:54:58 - [TEST_STEP][PASSED] - M4_spin_current_balance = M4_spin_current_balance: null

2019-08-23 18:54:58 - [TEST_STEP][PASSED] - M4_spin_transaction_id = causality: null

2019-08-23 18:54:58 - [TEST_STEP][PASSED] - M4_spin_transaction_id = M4_spin_transaction_id: null

2019-08-23 18:54:58 - [TEST_STEP][PASSED] - M4_spin_round_id = round_id: null

2019-08-23 18:54:58 - [TEST_STEP][PASSED] - M4_spin_round_id = M4_spin_round_id: null

2019-08-23 18:54:58 - [TEST_STEP][PASSED] - M4_spin_line_wins = line_wins: null

2019-08-23 18:54:58 - [TEST_STEP][PASSED] - M4_spin_line_wins = M4_spin_line_wins: null

2019-08-23 18:54:58 - [TEST_STEP][PASSED] - M4_total_bonus_spins_int = total_bonus_spins: null

2019-08-23 18:54:58 - [TEST_STEP][PASSED] - println("******M4_total_bonus_spins type is:*******" + newline + getClass().getName()): null

2019-08-23 18:54:58 - [TEST_STEP][PASSED] - M4_total_bonus_spins_int = M4_total_bonus_spins_int: null

2019-08-23 18:54:58 - [TEST_STEP][PASSED] - M4_total_bonus_spins = Integer.toString(M4_total_bonus_spins_int): null

2019-08-23 18:54:58 - [TEST_STEP][PASSED] - M4_total_bonus_spins = M4_total_bonus_spins: null

2019-08-23 18:54:58 - [TEST_STEP][PASSED] - println("M4_total_bonus_spins is:" + M4_total_bonus_spins): null

2019-08-23 18:54:58 - [TEST_STEP][PASSED] - M4_spin_bonus_data = bonus_data: null

2019-08-23 18:54:58 - [TEST_STEP][PASSED] - M4_spin_features_triggered = result_M4_spin: null

2019-08-23 18:54:58 - [TEST_STEP][PASSED] - wild = []: null

2019-08-23 18:54:58 - [TEST_STEP][PASSED] - wild[0] = "WILD_Expanding": null

2019-08-23 18:54:58 - [TEST_STEP][PASSED] - wild[1] = "WILD_Normal": null

2019-08-23 18:54:58 - [TEST_STEP][PASSED] - wild[2] = "WILD_Double": null

2019-08-23 18:54:58 - [TEST_STEP][PASSED] - wild[3] = "WILD_ExtraFG": null

2019-08-23 18:54:58 - [TEST_STEP][PASSED] - wild[4] = "WILD_Triple": null

2019-08-23 18:54:58 - [TEST_STEP][PASSED] - wildList = Arrays.asList(wild): null

2019-08-23 18:54:58 - [TEST_STEP][PASSED] - wildList = wildList: null

2019-08-23 18:54:58 - [TEST_STEP][PASSED] - free_spin_reel_counter = []: null

2019-08-23 18:54:58 - [TEST_STEP][PASSED] - free_spin_reel_counter[0] = 0: null

2019-08-23 18:54:58 - [TEST_STEP][PASSED] - free_spin_reel_counter[1] = 0: null

2019-08-23 18:54:58 - [TEST_STEP][PASSED] - free_spin_reel_counter[2] = 0: null

2019-08-23 18:54:58 - [TEST_STEP][PASSED] - M4_spin_reels = reels: null

2019-08-23 18:54:58 - [TEST_STEP][PASSED] - for ([i = 0, i &lt; M4_spin_reels.size(), (i++)]): null

2019-08-23 18:54:58 - [TEST_STEP][PASSED] - symbols = symbols: null

2019-08-23 18:54:58 - [TEST_STEP][PASSED] - for ([j = 0, j &lt; symbols.size(), (j++)]): null

2019-08-23 18:54:58 - [TEST_STEP][PASSED] - symbol = symbol: null

2019-08-23 18:54:58 - [TEST_STEP][PASSED] - println(symbol): null

2019-08-23 18:54:58 - [TEST_STEP][PASSED] - if (i == 2 &amp;&amp; wildList.indexOf(symbol) != -1): null

2019-08-23 18:54:58 - [TEST_STEP][PASSED] - if (i == 3 &amp;&amp; wildList.indexOf(symbol) != -1): null

2019-08-23 18:54:58 - [TEST_STEP][PASSED] - if (i == 4 &amp;&amp; wildList.indexOf(symbol) != -1): null

2019-08-23 18:54:58 - [TEST_STEP][PASSED] - symbol = symbol: null

2019-08-23 18:54:58 - [TEST_STEP][PASSED] - println(symbol): null

2019-08-23 18:54:58 - [TEST_STEP][PASSED] - if (i == 2 &amp;&amp; wildList.indexOf(symbol) != -1): null

2019-08-23 18:54:58 - [TEST_STEP][PASSED] - if (i == 3 &amp;&amp; wildList.indexOf(symbol) != -1): null

2019-08-23 18:54:58 - [TEST_STEP][PASSED] - if (i == 4 &amp;&amp; wildList.indexOf(symbol) != -1): null

2019-08-23 18:54:58 - [TEST_STEP][PASSED] - symbol = symbol: null

2019-08-23 18:54:58 - [TEST_STEP][PASSED] - println(symbol): null

2019-08-23 18:54:58 - [TEST_STEP][PASSED] - if (i == 2 &amp;&amp; wildList.indexOf(symbol) != -1): null

2019-08-23 18:54:58 - [TEST_STEP][PASSED] - if (i == 3 &amp;&amp; wildList.indexOf(symbol) != -1): null

2019-08-23 18:54:58 - [TEST_STEP][PASSED] - if (i == 4 &amp;&amp; wildList.indexOf(symbol) != -1): null

2019-08-23 18:54:58 - [TEST_STEP][PASSED] - symbols = symbols: null

2019-08-23 18:54:58 - [TEST_STEP][PASSED] - for ([j = 0, j &lt; symbols.size(), (j++)]): null

2019-08-23 18:54:58 - [TEST_STEP][PASSED] - symbol = symbol: null

2019-08-23 18:54:58 - [TEST_STEP][PASSED] - println(symbol): null

2019-08-23 18:54:58 - [TEST_STEP][PASSED] - if (i == 2 &amp;&amp; wildList.indexOf(symbol) != -1): null

2019-08-23 18:54:58 - [TEST_STEP][PASSED] - if (i == 3 &amp;&amp; wildList.indexOf(symbol) != -1): null

2019-08-23 18:54:58 - [TEST_STEP][PASSED] - if (i == 4 &amp;&amp; wildList.indexOf(symbol) != -1): null

2019-08-23 18:54:58 - [TEST_STEP][PASSED] - symbol = symbol: null

2019-08-23 18:54:58 - [TEST_STEP][PASSED] - println(symbol): null

2019-08-23 18:54:58 - [TEST_STEP][PASSED] - if (i == 2 &amp;&amp; wildList.indexOf(symbol) != -1): null

2019-08-23 18:54:58 - [TEST_STEP][PASSED] - if (i == 3 &amp;&amp; wildList.indexOf(symbol) != -1): null

2019-08-23 18:54:58 - [TEST_STEP][PASSED] - if (i == 4 &amp;&amp; wildList.indexOf(symbol) != -1): null

2019-08-23 18:54:58 - [TEST_STEP][PASSED] - symbol = symbol: null

2019-08-23 18:54:58 - [TEST_STEP][PASSED] - println(symbol): null

2019-08-23 18:54:58 - [TEST_STEP][PASSED] - if (i == 2 &amp;&amp; wildList.indexOf(symbol) != -1): null

2019-08-23 18:54:58 - [TEST_STEP][PASSED] - if (i == 3 &amp;&amp; wildList.indexOf(symbol) != -1): null

2019-08-23 18:54:58 - [TEST_STEP][PASSED] - if (i == 4 &amp;&amp; wildList.indexOf(symbol) != -1): null

2019-08-23 18:54:58 - [TEST_STEP][PASSED] - symbols = symbols: null

2019-08-23 18:54:58 - [TEST_STEP][PASSED] - for ([j = 0, j &lt; symbols.size(), (j++)]): null

2019-08-23 18:54:58 - [TEST_STEP][PASSED] - symbol = symbol: null

2019-08-23 18:54:58 - [TEST_STEP][PASSED] - println(symbol): null

2019-08-23 18:54:58 - [TEST_STEP][PASSED] - if (i == 2 &amp;&amp; wildList.indexOf(symbol) != -1): null

2019-08-23 18:54:58 - [TEST_STEP][PASSED] - if (i == 3 &amp;&amp; wildList.indexOf(symbol) != -1): null

2019-08-23 18:54:58 - [TEST_STEP][PASSED] - if (i == 4 &amp;&amp; wildList.indexOf(symbol) != -1): null

2019-08-23 18:54:58 - [TEST_STEP][PASSED] - symbol = symbol: null

2019-08-23 18:54:58 - [TEST_STEP][PASSED] - println(symbol): null

2019-08-23 18:54:58 - [TEST_STEP][PASSED] - if (i == 2 &amp;&amp; wildList.indexOf(symbol) != -1): null

2019-08-23 18:54:58 - [TEST_STEP][PASSED] - if (i == 3 &amp;&amp; wildList.indexOf(symbol) != -1): null

2019-08-23 18:54:58 - [TEST_STEP][PASSED] - if (i == 4 &amp;&amp; wildList.indexOf(symbol) != -1): null

2019-08-23 18:54:58 - [TEST_STEP][PASSED] - symbol = symbol: null

2019-08-23 18:54:58 - [TEST_STEP][PASSED] - println(symbol): null

2019-08-23 18:54:58 - [TEST_STEP][PASSED] - if (i == 2 &amp;&amp; wildList.indexOf(symbol) != -1): null

2019-08-23 18:54:58 - [TEST_STEP][PASSED] - println("wild found on reel 3, adding counter by 1"): null

2019-08-23 18:54:58 - [TEST_STEP][PASSED] - free_spin_reel_counter[0] = free_spin_reel_counter[0] + 1: null

2019-08-23 18:54:58 - [TEST_STEP][PASSED] - if (i == 3 &amp;&amp; wildList.indexOf(symbol) != -1): null

2019-08-23 18:54:58 - [TEST_STEP][PASSED] - if (i == 4 &amp;&amp; wildList.indexOf(symbol) != -1): null

2019-08-23 18:54:58 - [TEST_STEP][PASSED] - symbols = symbols: null

2019-08-23 18:54:58 - [TEST_STEP][PASSED] - for ([j = 0, j &lt; symbols.size(), (j++)]): null

2019-08-23 18:54:58 - [TEST_STEP][PASSED] - symbol = symbol: null

2019-08-23 18:54:58 - [TEST_STEP][PASSED] - println(symbol): null

2019-08-23 18:54:58 - [TEST_STEP][PASSED] - if (i == 2 &amp;&amp; wildList.indexOf(symbol) != -1): null

2019-08-23 18:54:58 - [TEST_STEP][PASSED] - if (i == 3 &amp;&amp; wildList.indexOf(symbol) != -1): null

2019-08-23 18:54:58 - [TEST_STEP][PASSED] - if (i == 4 &amp;&amp; wildList.indexOf(symbol) != -1): null

2019-08-23 18:54:58 - [TEST_STEP][PASSED] - symbol = symbol: null

2019-08-23 18:54:58 - [TEST_STEP][PASSED] - println(symbol): null

2019-08-23 18:54:58 - [TEST_STEP][PASSED] - if (i == 2 &amp;&amp; wildList.indexOf(symbol) != -1): null

2019-08-23 18:54:58 - [TEST_STEP][PASSED] - if (i == 3 &amp;&amp; wildList.indexOf(symbol) != -1): null

2019-08-23 18:54:58 - [TEST_STEP][PASSED] - if (i == 4 &amp;&amp; wildList.indexOf(symbol) != -1): null

2019-08-23 18:54:58 - [TEST_STEP][PASSED] - symbol = symbol: null

2019-08-23 18:54:58 - [TEST_STEP][PASSED] - println(symbol): null

2019-08-23 18:54:58 - [TEST_STEP][PASSED] - if (i == 2 &amp;&amp; wildList.indexOf(symbol) != -1): null

2019-08-23 18:54:58 - [TEST_STEP][PASSED] - if (i == 3 &amp;&amp; wildList.indexOf(symbol) != -1): null

2019-08-23 18:54:58 - [TEST_STEP][PASSED] - if (i == 4 &amp;&amp; wildList.indexOf(symbol) != -1): null

2019-08-23 18:54:58 - [TEST_STEP][PASSED] - symbols = symbols: null

2019-08-23 18:54:58 - [TEST_STEP][PASSED] - for ([j = 0, j &lt; symbols.size(), (j++)]): null

2019-08-23 18:54:58 - [TEST_STEP][PASSED] - symbol = symbol: null

2019-08-23 18:54:58 - [TEST_STEP][PASSED] - println(symbol): null

2019-08-23 18:54:58 - [TEST_STEP][PASSED] - if (i == 2 &amp;&amp; wildList.indexOf(symbol) != -1): null

2019-08-23 18:54:58 - [TEST_STEP][PASSED] - if (i == 3 &amp;&amp; wildList.indexOf(symbol) != -1): null

2019-08-23 18:54:58 - [TEST_STEP][PASSED] - if (i == 4 &amp;&amp; wildList.indexOf(symbol) != -1): null

2019-08-23 18:54:58 - [TEST_STEP][PASSED] - symbol = symbol: null

2019-08-23 18:54:58 - [TEST_STEP][PASSED] - println(symbol): null

2019-08-23 18:54:58 - [TEST_STEP][PASSED] - if (i == 2 &amp;&amp; wildList.indexOf(symbol) != -1): null

2019-08-23 18:54:58 - [TEST_STEP][PASSED] - if (i == 3 &amp;&amp; wildList.indexOf(symbol) != -1): null

2019-08-23 18:54:58 - [TEST_STEP][PASSED] - if (i == 4 &amp;&amp; wildList.indexOf(symbol) != -1): null

2019-08-23 18:54:58 - [TEST_STEP][PASSED] - symbol = symbol: null

2019-08-23 18:54:58 - [TEST_STEP][PASSED] - println(symbol): null

2019-08-23 18:54:58 - [TEST_STEP][PASSED] - if (i == 2 &amp;&amp; wildList.indexOf(symbol) != -1): null

2019-08-23 18:54:58 - [TEST_STEP][PASSED] - if (i == 3 &amp;&amp; wildList.indexOf(symbol) != -1): null

2019-08-23 18:54:58 - [TEST_STEP][PASSED] - if (i == 4 &amp;&amp; wildList.indexOf(symbol) != -1): null

2019-08-23 18:54:58 - [TEST_STEP][PASSED] - free_spin_reel_counter = free_spin_reel_counter: null

2019-08-23 18:54:58 - [TEST_STEP][PASSED] - println("reel 3 wild found: " + free_spin_reel_counter[0]): null

2019-08-23 18:54:58 - [TEST_STEP][PASSED] - println("reel 4 wild found: " + free_spin_reel_counter[1]): null

2019-08-23 18:54:58 - [TEST_STEP][PASSED] - println("reel 5 wild found: " + free_spin_reel_counter[2]): null

2019-08-23 18:54:58 - [TEST_STEP][PASSED] - M4_spin_reels = M4_spin_reels: null

2019-08-23 18:54:58 - [TEST_STEP][PASSED] - M4_spin_reels_symbols = symbol: null

2019-08-23 18:54:58 - [TEST_STEP][PASSED] - M4_spin_reels_symbols = M4_spin_reels_symbols: null

2019-08-23 18:54:58 - [TEST_STEP][PASSED] - M4_spin_reel_wins = reel_wins: null

2019-08-23 18:54:58 - [TEST_STEP][PASSED] - M4_spin_reel_wins = M4_spin_reel_wins: null

2019-08-23 18:54:58 - [TEST_STEP][PASSED] - println("GlobalVariable.M4_spin_reel_wins is: " + M4_spin_reel_wins): null

2019-08-23 18:54:58 - [TEST_STEP][PASSED] - M4_spin_total_bonus_win_this_round = total_bonus_win_this_round: null

2019-08-23 18:54:58 - [TEST_STEP][PASSED] - M4_spin_total_bonus_win_this_round = M4_spin_total_bonus_win_this_round: null

2019-08-23 18:54:58 - [TEST_STEP][PASSED] - println("GlobalVariable.M4_spin_total_bonus_win_this_round is: " + M4_spin_total_bonus_win_this_round): null

2019-08-23 18:54:58 - [TEST_STEP][PASSED] - M4_spin_bonus_spin_result = spin_result: null

2019-08-23 18:54:58 - [TEST_STEP][PASSED] - M4_spin_bonus_spin_result = M4_spin_bonus_spin_result: null

2019-08-23 18:54:58 - [MESSAGE][PASSED] - Verify response successfully

2019-08-23 18:54:58 - [MESSAGE][PASSED] - Send request and verify the response successfully

2019-08-23 18:54:58 - [TEST_STEP][PASSED] - if (free_spin_reel_counter[0] &gt;= 1 &amp;&amp; free_spin_reel_counter[1] &gt;= 1 &amp;&amp; free_spin_reel_counter[2] &gt;= 1): null

2019-08-23 18:54:58 - [TEST_STEP][PASSED] - spin_result = sendRequestAndVerify(findTestObject("INT/RGS(M4)/1_M4_spin", ["M4_login_user_id":M4_login_user_id, "rgs_session_token":rgs_session_token, "partner":Partner])): Send request and verify the response successfully

2019-08-23 18:54:59 - [MESSAGE][INFO] - HAR: /Users/eiralee/Katalon_Script/SuperWild/Reports/20190823_184757/INT/superWild_1/20190823_184757/requests/main/158.har

2019-08-23 18:54:59 - [TEST_CASE][PASSED] - Start Test Case : Verification: Verification accomplished successfully

2019-08-23 18:54:59 - [TEST_STEP][PASSED] - request = getInstance().getCurrentRequest(): null

2019-08-23 18:54:59 - [TEST_STEP][PASSED] - response = getInstance().getCurrentResponse(): null

2019-08-23 18:54:59 - [TEST_STEP][PASSED] - verifyResponseStatusCode(response, 200): Verify response status code successfully

2019-08-23 18:54:59 - [MESSAGE][PASSED] - Verify response status code successfully

2019-08-23 18:54:59 - [TEST_STEP][PASSED] - getStatusCode()).isEqualTo(200): null

2019-08-23 18:54:59 - [TEST_STEP][PASSED] - newline = System.getProperty("line.separator"): null

2019-08-23 18:54:59 - [TEST_STEP][PASSED] - M4_spin = new groovy.json.JsonSlurper(): null

2019-08-23 18:54:59 - [TEST_STEP][PASSED] - result_M4_spin = M4_spin.parseText(response.getResponseBodyContent()): null

2019-08-23 18:54:59 - [TEST_STEP][PASSED] - M4_spin_current_balance = current_balance: null

2019-08-23 18:54:59 - [TEST_STEP][PASSED] - M4_spin_current_balance = M4_spin_current_balance: null

2019-08-23 18:54:59 - [TEST_STEP][PASSED] - M4_spin_transaction_id = causality: null

2019-08-23 18:54:59 - [TEST_STEP][PASSED] - M4_spin_transaction_id = M4_spin_transaction_id: null

2019-08-23 18:54:59 - [TEST_STEP][PASSED] - M4_spin_round_id = round_id: null

2019-08-23 18:54:59 - [TEST_STEP][PASSED] - M4_spin_round_id = M4_spin_round_id: null

2019-08-23 18:54:59 - [TEST_STEP][PASSED] - M4_spin_line_wins = line_wins: null

2019-08-23 18:54:59 - [TEST_STEP][PASSED] - M4_spin_line_wins = M4_spin_line_wins: null

2019-08-23 18:54:59 - [TEST_STEP][PASSED] - M4_total_bonus_spins_int = total_bonus_spins: null

2019-08-23 18:54:59 - [TEST_STEP][PASSED] - println("******M4_total_bonus_spins type is:*******" + newline + getClass().getName()): null

2019-08-23 18:54:59 - [TEST_STEP][PASSED] - M4_total_bonus_spins_int = M4_total_bonus_spins_int: null

2019-08-23 18:54:59 - [TEST_STEP][PASSED] - M4_total_bonus_spins = Integer.toString(M4_total_bonus_spins_int): null

2019-08-23 18:54:59 - [TEST_STEP][PASSED] - M4_total_bonus_spins = M4_total_bonus_spins: null

2019-08-23 18:54:59 - [TEST_STEP][PASSED] - println("M4_total_bonus_spins is:" + M4_total_bonus_spins): null

2019-08-23 18:54:59 - [TEST_STEP][PASSED] - M4_spin_bonus_data = bonus_data: null

2019-08-23 18:54:59 - [TEST_STEP][PASSED] - M4_spin_features_triggered = result_M4_spin: null

2019-08-23 18:54:59 - [TEST_STEP][PASSED] - wild = []: null

2019-08-23 18:54:59 - [TEST_STEP][PASSED] - wild[0] = "WILD_Expanding": null

2019-08-23 18:54:59 - [TEST_STEP][PASSED] - wild[1] = "WILD_Normal": null

2019-08-23 18:54:59 - [TEST_STEP][PASSED] - wild[2] = "WILD_Double": null

2019-08-23 18:54:59 - [TEST_STEP][PASSED] - wild[3] = "WILD_ExtraFG": null

2019-08-23 18:54:59 - [TEST_STEP][PASSED] - wild[4] = "WILD_Triple": null

2019-08-23 18:54:59 - [TEST_STEP][PASSED] - wildList = Arrays.asList(wild): null

2019-08-23 18:54:59 - [TEST_STEP][PASSED] - wildList = wildList: null

2019-08-23 18:54:59 - [TEST_STEP][PASSED] - free_spin_reel_counter = []: null

2019-08-23 18:54:59 - [TEST_STEP][PASSED] - free_spin_reel_counter[0] = 0: null

2019-08-23 18:54:59 - [TEST_STEP][PASSED] - free_spin_reel_counter[1] = 0: null

2019-08-23 18:54:59 - [TEST_STEP][PASSED] - free_spin_reel_counter[2] = 0: null

2019-08-23 18:54:59 - [TEST_STEP][PASSED] - M4_spin_reels = reels: null

2019-08-23 18:54:59 - [TEST_STEP][PASSED] - for ([i = 0, i &lt; M4_spin_reels.size(), (i++)]): null

2019-08-23 18:54:59 - [TEST_STEP][PASSED] - symbols = symbols: null

2019-08-23 18:54:59 - [TEST_STEP][PASSED] - for ([j = 0, j &lt; symbols.size(), (j++)]): null

2019-08-23 18:54:59 - [TEST_STEP][PASSED] - symbol = symbol: null

2019-08-23 18:54:59 - [TEST_STEP][PASSED] - println(symbol): null

2019-08-23 18:54:59 - [TEST_STEP][PASSED] - if (i == 2 &amp;&amp; wildList.indexOf(symbol) != -1): null

2019-08-23 18:54:59 - [TEST_STEP][PASSED] - if (i == 3 &amp;&amp; wildList.indexOf(symbol) != -1): null

2019-08-23 18:54:59 - [TEST_STEP][PASSED] - if (i == 4 &amp;&amp; wildList.indexOf(symbol) != -1): null

2019-08-23 18:54:59 - [TEST_STEP][PASSED] - symbol = symbol: null

2019-08-23 18:54:59 - [TEST_STEP][PASSED] - println(symbol): null

2019-08-23 18:54:59 - [TEST_STEP][PASSED] - if (i == 2 &amp;&amp; wildList.indexOf(symbol) != -1): null

2019-08-23 18:54:59 - [TEST_STEP][PASSED] - if (i == 3 &amp;&amp; wildList.indexOf(symbol) != -1): null

2019-08-23 18:54:59 - [TEST_STEP][PASSED] - if (i == 4 &amp;&amp; wildList.indexOf(symbol) != -1): null

2019-08-23 18:54:59 - [TEST_STEP][PASSED] - symbol = symbol: null

2019-08-23 18:54:59 - [TEST_STEP][PASSED] - println(symbol): null

2019-08-23 18:54:59 - [TEST_STEP][PASSED] - if (i == 2 &amp;&amp; wildList.indexOf(symbol) != -1): null

2019-08-23 18:54:59 - [TEST_STEP][PASSED] - if (i == 3 &amp;&amp; wildList.indexOf(symbol) != -1): null

2019-08-23 18:54:59 - [TEST_STEP][PASSED] - if (i == 4 &amp;&amp; wildList.indexOf(symbol) != -1): null

2019-08-23 18:54:59 - [TEST_STEP][PASSED] - symbols = symbols: null

2019-08-23 18:54:59 - [TEST_STEP][PASSED] - for ([j = 0, j &lt; symbols.size(), (j++)]): null

2019-08-23 18:54:59 - [TEST_STEP][PASSED] - symbol = symbol: null

2019-08-23 18:54:59 - [TEST_STEP][PASSED] - println(symbol): null

2019-08-23 18:54:59 - [TEST_STEP][PASSED] - if (i == 2 &amp;&amp; wildList.indexOf(symbol) != -1): null

2019-08-23 18:54:59 - [TEST_STEP][PASSED] - if (i == 3 &amp;&amp; wildList.indexOf(symbol) != -1): null

2019-08-23 18:54:59 - [TEST_STEP][PASSED] - if (i == 4 &amp;&amp; wildList.indexOf(symbol) != -1): null

2019-08-23 18:54:59 - [TEST_STEP][PASSED] - symbol = symbol: null

2019-08-23 18:54:59 - [TEST_STEP][PASSED] - println(symbol): null

2019-08-23 18:54:59 - [TEST_STEP][PASSED] - if (i == 2 &amp;&amp; wildList.indexOf(symbol) != -1): null

2019-08-23 18:54:59 - [TEST_STEP][PASSED] - if (i == 3 &amp;&amp; wildList.indexOf(symbol) != -1): null

2019-08-23 18:54:59 - [TEST_STEP][PASSED] - if (i == 4 &amp;&amp; wildList.indexOf(symbol) != -1): null

2019-08-23 18:54:59 - [TEST_STEP][PASSED] - symbol = symbol: null

2019-08-23 18:54:59 - [TEST_STEP][PASSED] - println(symbol): null

2019-08-23 18:54:59 - [TEST_STEP][PASSED] - if (i == 2 &amp;&amp; wildList.indexOf(symbol) != -1): null

2019-08-23 18:54:59 - [TEST_STEP][PASSED] - if (i == 3 &amp;&amp; wildList.indexOf(symbol) != -1): null

2019-08-23 18:54:59 - [TEST_STEP][PASSED] - if (i == 4 &amp;&amp; wildList.indexOf(symbol) != -1): null

2019-08-23 18:54:59 - [TEST_STEP][PASSED] - symbols = symbols: null

2019-08-23 18:54:59 - [TEST_STEP][PASSED] - for ([j = 0, j &lt; symbols.size(), (j++)]): null

2019-08-23 18:54:59 - [TEST_STEP][PASSED] - symbol = symbol: null

2019-08-23 18:54:59 - [TEST_STEP][PASSED] - println(symbol): null

2019-08-23 18:54:59 - [TEST_STEP][PASSED] - if (i == 2 &amp;&amp; wildList.indexOf(symbol) != -1): null

2019-08-23 18:54:59 - [TEST_STEP][PASSED] - if (i == 3 &amp;&amp; wildList.indexOf(symbol) != -1): null

2019-08-23 18:54:59 - [TEST_STEP][PASSED] - if (i == 4 &amp;&amp; wildList.indexOf(symbol) != -1): null

2019-08-23 18:54:59 - [TEST_STEP][PASSED] - symbol = symbol: null

2019-08-23 18:54:59 - [TEST_STEP][PASSED] - println(symbol): null

2019-08-23 18:54:59 - [TEST_STEP][PASSED] - if (i == 2 &amp;&amp; wildList.indexOf(symbol) != -1): null

2019-08-23 18:54:59 - [TEST_STEP][PASSED] - if (i == 3 &amp;&amp; wildList.indexOf(symbol) != -1): null

2019-08-23 18:54:59 - [TEST_STEP][PASSED] - if (i == 4 &amp;&amp; wildList.indexOf(symbol) != -1): null

2019-08-23 18:54:59 - [TEST_STEP][PASSED] - symbol = symbol: null

2019-08-23 18:54:59 - [TEST_STEP][PASSED] - println(symbol): null

2019-08-23 18:54:59 - [TEST_STEP][PASSED] - if (i == 2 &amp;&amp; wildList.indexOf(symbol) != -1): null

2019-08-23 18:54:59 - [TEST_STEP][PASSED] - if (i == 3 &amp;&amp; wildList.indexOf(symbol) != -1): null

2019-08-23 18:54:59 - [TEST_STEP][PASSED] - if (i == 4 &amp;&amp; wildList.indexOf(symbol) != -1): null

2019-08-23 18:54:59 - [TEST_STEP][PASSED] - symbols = symbols: null

2019-08-23 18:54:59 - [TEST_STEP][PASSED] - for ([j = 0, j &lt; symbols.size(), (j++)]): null

2019-08-23 18:54:59 - [TEST_STEP][PASSED] - symbol = symbol: null

2019-08-23 18:54:59 - [TEST_STEP][PASSED] - println(symbol): null

2019-08-23 18:54:59 - [TEST_STEP][PASSED] - if (i == 2 &amp;&amp; wildList.indexOf(symbol) != -1): null

2019-08-23 18:54:59 - [TEST_STEP][PASSED] - if (i == 3 &amp;&amp; wildList.indexOf(symbol) != -1): null

2019-08-23 18:54:59 - [TEST_STEP][PASSED] - if (i == 4 &amp;&amp; wildList.indexOf(symbol) != -1): null

2019-08-23 18:54:59 - [TEST_STEP][PASSED] - symbol = symbol: null

2019-08-23 18:54:59 - [TEST_STEP][PASSED] - println(symbol): null

2019-08-23 18:54:59 - [TEST_STEP][PASSED] - if (i == 2 &amp;&amp; wildList.indexOf(symbol) != -1): null

2019-08-23 18:54:59 - [TEST_STEP][PASSED] - if (i == 3 &amp;&amp; wildList.indexOf(symbol) != -1): null

2019-08-23 18:54:59 - [TEST_STEP][PASSED] - if (i == 4 &amp;&amp; wildList.indexOf(symbol) != -1): null

2019-08-23 18:54:59 - [TEST_STEP][PASSED] - symbol = symbol: null

2019-08-23 18:54:59 - [TEST_STEP][PASSED] - println(symbol): null

2019-08-23 18:54:59 - [TEST_STEP][PASSED] - if (i == 2 &amp;&amp; wildList.indexOf(symbol) != -1): null

2019-08-23 18:54:59 - [TEST_STEP][PASSED] - if (i == 3 &amp;&amp; wildList.indexOf(symbol) != -1): null

2019-08-23 18:54:59 - [TEST_STEP][PASSED] - if (i == 4 &amp;&amp; wildList.indexOf(symbol) != -1): null

2019-08-23 18:54:59 - [TEST_STEP][PASSED] - symbols = symbols: null

2019-08-23 18:54:59 - [TEST_STEP][PASSED] - for ([j = 0, j &lt; symbols.size(), (j++)]): null

2019-08-23 18:54:59 - [TEST_STEP][PASSED] - symbol = symbol: null

2019-08-23 18:54:59 - [TEST_STEP][PASSED] - println(symbol): null

2019-08-23 18:54:59 - [TEST_STEP][PASSED] - if (i == 2 &amp;&amp; wildList.indexOf(symbol) != -1): null

2019-08-23 18:54:59 - [TEST_STEP][PASSED] - if (i == 3 &amp;&amp; wildList.indexOf(symbol) != -1): null

2019-08-23 18:54:59 - [TEST_STEP][PASSED] - if (i == 4 &amp;&amp; wildList.indexOf(symbol) != -1): null

2019-08-23 18:54:59 - [TEST_STEP][PASSED] - symbol = symbol: null

2019-08-23 18:54:59 - [TEST_STEP][PASSED] - println(symbol): null

2019-08-23 18:54:59 - [TEST_STEP][PASSED] - if (i == 2 &amp;&amp; wildList.indexOf(symbol) != -1): null

2019-08-23 18:54:59 - [TEST_STEP][PASSED] - if (i == 3 &amp;&amp; wildList.indexOf(symbol) != -1): null

2019-08-23 18:54:59 - [TEST_STEP][PASSED] - if (i == 4 &amp;&amp; wildList.indexOf(symbol) != -1): null

2019-08-23 18:54:59 - [TEST_STEP][PASSED] - symbol = symbol: null

2019-08-23 18:54:59 - [TEST_STEP][PASSED] - println(symbol): null

2019-08-23 18:54:59 - [TEST_STEP][PASSED] - if (i == 2 &amp;&amp; wildList.indexOf(symbol) != -1): null

2019-08-23 18:54:59 - [TEST_STEP][PASSED] - if (i == 3 &amp;&amp; wildList.indexOf(symbol) != -1): null

2019-08-23 18:54:59 - [TEST_STEP][PASSED] - if (i == 4 &amp;&amp; wildList.indexOf(symbol) != -1): null

2019-08-23 18:54:59 - [TEST_STEP][PASSED] - free_spin_reel_counter = free_spin_reel_counter: null

2019-08-23 18:54:59 - [TEST_STEP][PASSED] - println("reel 3 wild found: " + free_spin_reel_counter[0]): null

2019-08-23 18:54:59 - [TEST_STEP][PASSED] - println("reel 4 wild found: " + free_spin_reel_counter[1]): null

2019-08-23 18:54:59 - [TEST_STEP][PASSED] - println("reel 5 wild found: " + free_spin_reel_counter[2]): null

2019-08-23 18:54:59 - [TEST_STEP][PASSED] - M4_spin_reels = M4_spin_reels: null

2019-08-23 18:54:59 - [TEST_STEP][PASSED] - M4_spin_reels_symbols = symbol: null

2019-08-23 18:54:59 - [TEST_STEP][PASSED] - M4_spin_reels_symbols = M4_spin_reels_symbols: null

2019-08-23 18:54:59 - [TEST_STEP][PASSED] - M4_spin_reel_wins = reel_wins: null

2019-08-23 18:54:59 - [TEST_STEP][PASSED] - M4_spin_reel_wins = M4_spin_reel_wins: null

2019-08-23 18:54:59 - [TEST_STEP][PASSED] - println("GlobalVariable.M4_spin_reel_wins is: " + M4_spin_reel_wins): null

2019-08-23 18:54:59 - [TEST_STEP][PASSED] - M4_spin_total_bonus_win_this_round = total_bonus_win_this_round: null

2019-08-23 18:54:59 - [TEST_STEP][PASSED] - M4_spin_total_bonus_win_this_round = M4_spin_total_bonus_win_this_round: null

2019-08-23 18:54:59 - [TEST_STEP][PASSED] - println("GlobalVariable.M4_spin_total_bonus_win_this_round is: " + M4_spin_total_bonus_win_this_round): null

2019-08-23 18:54:59 - [TEST_STEP][PASSED] - M4_spin_bonus_spin_result = spin_result: null

2019-08-23 18:54:59 - [TEST_STEP][PASSED] - M4_spin_bonus_spin_result = M4_spin_bonus_spin_result: null

2019-08-23 18:54:59 - [MESSAGE][PASSED] - Verify response successfully

2019-08-23 18:54:59 - [MESSAGE][PASSED] - Send request and verify the response successfully

2019-08-23 18:54:59 - [TEST_STEP][PASSED] - if (free_spin_reel_counter[0] &gt;= 1 &amp;&amp; free_spin_reel_counter[1] &gt;= 1 &amp;&amp; free_spin_reel_counter[2] &gt;= 1): null

2019-08-23 18:54:59 - [TEST_STEP][PASSED] - spin_result = sendRequestAndVerify(findTestObject("INT/RGS(M4)/1_M4_spin", ["M4_login_user_id":M4_login_user_id, "rgs_session_token":rgs_session_token, "partner":Partner])): Send request and verify the response successfully

2019-08-23 18:54:59 - [MESSAGE][INFO] - HAR: /Users/eiralee/Katalon_Script/SuperWild/Reports/20190823_184757/INT/superWild_1/20190823_184757/requests/main/159.har

2019-08-23 18:54:59 - [TEST_CASE][PASSED] - Start Test Case : Verification: Verification accomplished successfully

2019-08-23 18:54:59 - [TEST_STEP][PASSED] - request = getInstance().getCurrentRequest(): null

2019-08-23 18:55:00 - [TEST_STEP][PASSED] - response = getInstance().getCurrentResponse(): null

2019-08-23 18:55:00 - [TEST_STEP][PASSED] - verifyResponseStatusCode(response, 200): Verify response status code successfully

2019-08-23 18:55:00 - [MESSAGE][PASSED] - Verify response status code successfully

2019-08-23 18:55:00 - [TEST_STEP][PASSED] - getStatusCode()).isEqualTo(200): null

2019-08-23 18:55:00 - [TEST_STEP][PASSED] - newline = System.getProperty("line.separator"): null

2019-08-23 18:55:00 - [TEST_STEP][PASSED] - M4_spin = new groovy.json.JsonSlurper(): null

2019-08-23 18:55:00 - [TEST_STEP][PASSED] - result_M4_spin = M4_spin.parseText(response.getResponseBodyContent()): null

2019-08-23 18:55:00 - [TEST_STEP][PASSED] - M4_spin_current_balance = current_balance: null

2019-08-23 18:55:00 - [TEST_STEP][PASSED] - M4_spin_current_balance = M4_spin_current_balance: null

2019-08-23 18:55:00 - [TEST_STEP][PASSED] - M4_spin_transaction_id = causality: null

2019-08-23 18:55:00 - [TEST_STEP][PASSED] - M4_spin_transaction_id = M4_spin_transaction_id: null

2019-08-23 18:55:00 - [TEST_STEP][PASSED] - M4_spin_round_id = round_id: null

2019-08-23 18:55:00 - [TEST_STEP][PASSED] - M4_spin_round_id = M4_spin_round_id: null

2019-08-23 18:55:00 - [TEST_STEP][PASSED] - M4_spin_line_wins = line_wins: null

2019-08-23 18:55:00 - [TEST_STEP][PASSED] - M4_spin_line_wins = M4_spin_line_wins: null

2019-08-23 18:55:00 - [TEST_STEP][PASSED] - M4_total_bonus_spins_int = total_bonus_spins: null

2019-08-23 18:55:00 - [TEST_STEP][PASSED] - println("******M4_total_bonus_spins type is:*******" + newline + getClass().getName()): null

2019-08-23 18:55:00 - [TEST_STEP][PASSED] - M4_total_bonus_spins_int = M4_total_bonus_spins_int: null

2019-08-23 18:55:01 - [TEST_STEP][PASSED] - M4_total_bonus_spins = Integer.toString(M4_total_bonus_spins_int): null

2019-08-23 18:55:01 - [TEST_STEP][PASSED] - M4_total_bonus_spins = M4_total_bonus_spins: null

2019-08-23 18:55:01 - [TEST_STEP][PASSED] - println("M4_total_bonus_spins is:" + M4_total_bonus_spins): null

2019-08-23 18:55:01 - [TEST_STEP][PASSED] - M4_spin_bonus_data = bonus_data: null

2019-08-23 18:55:01 - [TEST_STEP][PASSED] - M4_spin_features_triggered = result_M4_spin: null

2019-08-23 18:55:01 - [TEST_STEP][PASSED] - wild = []: null

2019-08-23 18:55:01 - [TEST_STEP][PASSED] - wild[0] = "WILD_Expanding": null

2019-08-23 18:55:01 - [TEST_STEP][PASSED] - wild[1] = "WILD_Normal": null

2019-08-23 18:55:01 - [TEST_STEP][PASSED] - wild[2] = "WILD_Double": null

2019-08-23 18:55:01 - [TEST_STEP][PASSED] - wild[3] = "WILD_ExtraFG": null

2019-08-23 18:55:01 - [TEST_STEP][PASSED] - wild[4] = "WILD_Triple": null

2019-08-23 18:55:01 - [TEST_STEP][PASSED] - wildList = Arrays.asList(wild): null

2019-08-23 18:55:01 - [TEST_STEP][PASSED] - wildList = wildList: null

2019-08-23 18:55:01 - [TEST_STEP][PASSED] - free_spin_reel_counter = []: null

2019-08-23 18:55:01 - [TEST_STEP][PASSED] - free_spin_reel_counter[0] = 0: null

2019-08-23 18:55:01 - [TEST_STEP][PASSED] - free_spin_reel_counter[1] = 0: null

2019-08-23 18:55:01 - [TEST_STEP][PASSED] - free_spin_reel_counter[2] = 0: null

2019-08-23 18:55:01 - [TEST_STEP][PASSED] - M4_spin_reels = reels: null

2019-08-23 18:55:01 - [TEST_STEP][PASSED] - for ([i = 0, i &lt; M4_spin_reels.size(), (i++)]): null

2019-08-23 18:55:01 - [TEST_STEP][PASSED] - symbols = symbols: null

2019-08-23 18:55:01 - [TEST_STEP][PASSED] - for ([j = 0, j &lt; symbols.size(), (j++)]): null

2019-08-23 18:55:01 - [TEST_STEP][PASSED] - symbol = symbol: null

2019-08-23 18:55:01 - [TEST_STEP][PASSED] - println(symbol): null

2019-08-23 18:55:01 - [TEST_STEP][PASSED] - if (i == 2 &amp;&amp; wildList.indexOf(symbol) != -1): null

2019-08-23 18:55:01 - [TEST_STEP][PASSED] - if (i == 3 &amp;&amp; wildList.indexOf(symbol) != -1): null

2019-08-23 18:55:01 - [TEST_STEP][PASSED] - if (i == 4 &amp;&amp; wildList.indexOf(symbol) != -1): null

2019-08-23 18:55:01 - [TEST_STEP][PASSED] - symbol = symbol: null

2019-08-23 18:55:01 - [TEST_STEP][PASSED] - println(symbol): null

2019-08-23 18:55:01 - [TEST_STEP][PASSED] - if (i == 2 &amp;&amp; wildList.indexOf(symbol) != -1): null

2019-08-23 18:55:01 - [TEST_STEP][PASSED] - if (i == 3 &amp;&amp; wildList.indexOf(symbol) != -1): null

2019-08-23 18:55:01 - [TEST_STEP][PASSED] - if (i == 4 &amp;&amp; wildList.indexOf(symbol) != -1): null

2019-08-23 18:55:01 - [TEST_STEP][PASSED] - symbol = symbol: null

2019-08-23 18:55:01 - [TEST_STEP][PASSED] - println(symbol): null

2019-08-23 18:55:01 - [TEST_STEP][PASSED] - if (i == 2 &amp;&amp; wildList.indexOf(symbol) != -1): null

2019-08-23 18:55:01 - [TEST_STEP][PASSED] - if (i == 3 &amp;&amp; wildList.indexOf(symbol) != -1): null

2019-08-23 18:55:01 - [TEST_STEP][PASSED] - if (i == 4 &amp;&amp; wildList.indexOf(symbol) != -1): null

2019-08-23 18:55:01 - [TEST_STEP][PASSED] - symbols = symbols: null

2019-08-23 18:55:01 - [TEST_STEP][PASSED] - for ([j = 0, j &lt; symbols.size(), (j++)]): null

2019-08-23 18:55:01 - [TEST_STEP][PASSED] - symbol = symbol: null

2019-08-23 18:55:01 - [TEST_STEP][PASSED] - println(symbol): null

2019-08-23 18:55:01 - [TEST_STEP][PASSED] - if (i == 2 &amp;&amp; wildList.indexOf(symbol) != -1): null

2019-08-23 18:55:01 - [TEST_STEP][PASSED] - if (i == 3 &amp;&amp; wildList.indexOf(symbol) != -1): null

2019-08-23 18:55:01 - [TEST_STEP][PASSED] - if (i == 4 &amp;&amp; wildList.indexOf(symbol) != -1): null

2019-08-23 18:55:01 - [TEST_STEP][PASSED] - symbol = symbol: null

2019-08-23 18:55:01 - [TEST_STEP][PASSED] - println(symbol): null

2019-08-23 18:55:01 - [TEST_STEP][PASSED] - if (i == 2 &amp;&amp; wildList.indexOf(symbol) != -1): null

2019-08-23 18:55:01 - [TEST_STEP][PASSED] - if (i == 3 &amp;&amp; wildList.indexOf(symbol) != -1): null

2019-08-23 18:55:01 - [TEST_STEP][PASSED] - if (i == 4 &amp;&amp; wildList.indexOf(symbol) != -1): null

2019-08-23 18:55:01 - [TEST_STEP][PASSED] - symbol = symbol: null

2019-08-23 18:55:01 - [TEST_STEP][PASSED] - println(symbol): null

2019-08-23 18:55:01 - [TEST_STEP][PASSED] - if (i == 2 &amp;&amp; wildList.indexOf(symbol) != -1): null

2019-08-23 18:55:01 - [TEST_STEP][PASSED] - if (i == 3 &amp;&amp; wildList.indexOf(symbol) != -1): null

2019-08-23 18:55:01 - [TEST_STEP][PASSED] - if (i == 4 &amp;&amp; wildList.indexOf(symbol) != -1): null

2019-08-23 18:55:01 - [TEST_STEP][PASSED] - symbols = symbols: null

2019-08-23 18:55:01 - [TEST_STEP][PASSED] - for ([j = 0, j &lt; symbols.size(), (j++)]): null

2019-08-23 18:55:01 - [TEST_STEP][PASSED] - symbol = symbol: null

2019-08-23 18:55:01 - [TEST_STEP][PASSED] - println(symbol): null

2019-08-23 18:55:01 - [TEST_STEP][PASSED] - if (i == 2 &amp;&amp; wildList.indexOf(symbol) != -1): null

2019-08-23 18:55:01 - [TEST_STEP][PASSED] - if (i == 3 &amp;&amp; wildList.indexOf(symbol) != -1): null

2019-08-23 18:55:01 - [TEST_STEP][PASSED] - if (i == 4 &amp;&amp; wildList.indexOf(symbol) != -1): null

2019-08-23 18:55:01 - [TEST_STEP][PASSED] - symbol = symbol: null

2019-08-23 18:55:01 - [TEST_STEP][PASSED] - println(symbol): null

2019-08-23 18:55:01 - [TEST_STEP][PASSED] - if (i == 2 &amp;&amp; wildList.indexOf(symbol) != -1): null

2019-08-23 18:55:01 - [TEST_STEP][PASSED] - println("wild found on reel 3, adding counter by 1"): null

2019-08-23 18:55:01 - [TEST_STEP][PASSED] - free_spin_reel_counter[0] = free_spin_reel_counter[0] + 1: null

2019-08-23 18:55:01 - [TEST_STEP][PASSED] - if (i == 3 &amp;&amp; wildList.indexOf(symbol) != -1): null

2019-08-23 18:55:01 - [TEST_STEP][PASSED] - if (i == 4 &amp;&amp; wildList.indexOf(symbol) != -1): null

2019-08-23 18:55:01 - [TEST_STEP][PASSED] - symbol = symbol: null

2019-08-23 18:55:01 - [TEST_STEP][PASSED] - println(symbol): null

2019-08-23 18:55:01 - [TEST_STEP][PASSED] - if (i == 2 &amp;&amp; wildList.indexOf(symbol) != -1): null

2019-08-23 18:55:01 - [TEST_STEP][PASSED] - if (i == 3 &amp;&amp; wildList.indexOf(symbol) != -1): null

2019-08-23 18:55:01 - [TEST_STEP][PASSED] - if (i == 4 &amp;&amp; wildList.indexOf(symbol) != -1): null

2019-08-23 18:55:01 - [TEST_STEP][PASSED] - symbols = symbols: null

2019-08-23 18:55:01 - [TEST_STEP][PASSED] - for ([j = 0, j &lt; symbols.size(), (j++)]): null

2019-08-23 18:55:01 - [TEST_STEP][PASSED] - symbol = symbol: null

2019-08-23 18:55:01 - [TEST_STEP][PASSED] - println(symbol): null

2019-08-23 18:55:01 - [TEST_STEP][PASSED] - if (i == 2 &amp;&amp; wildList.indexOf(symbol) != -1): null

2019-08-23 18:55:01 - [TEST_STEP][PASSED] - if (i == 3 &amp;&amp; wildList.indexOf(symbol) != -1): null

2019-08-23 18:55:01 - [TEST_STEP][PASSED] - if (i == 4 &amp;&amp; wildList.indexOf(symbol) != -1): null

2019-08-23 18:55:01 - [TEST_STEP][PASSED] - symbol = symbol: null

2019-08-23 18:55:01 - [TEST_STEP][PASSED] - println(symbol): null

2019-08-23 18:55:01 - [TEST_STEP][PASSED] - if (i == 2 &amp;&amp; wildList.indexOf(symbol) != -1): null

2019-08-23 18:55:01 - [TEST_STEP][PASSED] - if (i == 3 &amp;&amp; wildList.indexOf(symbol) != -1): null

2019-08-23 18:55:01 - [TEST_STEP][PASSED] - if (i == 4 &amp;&amp; wildList.indexOf(symbol) != -1): null

2019-08-23 18:55:01 - [TEST_STEP][PASSED] - symbol = symbol: null

2019-08-23 18:55:01 - [TEST_STEP][PASSED] - println(symbol): null

2019-08-23 18:55:01 - [TEST_STEP][PASSED] - if (i == 2 &amp;&amp; wildList.indexOf(symbol) != -1): null

2019-08-23 18:55:01 - [TEST_STEP][PASSED] - if (i == 3 &amp;&amp; wildList.indexOf(symbol) != -1): null

2019-08-23 18:55:01 - [TEST_STEP][PASSED] - if (i == 4 &amp;&amp; wildList.indexOf(symbol) != -1): null

2019-08-23 18:55:01 - [TEST_STEP][PASSED] - symbols = symbols: null

2019-08-23 18:55:01 - [TEST_STEP][PASSED] - for ([j = 0, j &lt; symbols.size(), (j++)]): null

2019-08-23 18:55:01 - [TEST_STEP][PASSED] - symbol = symbol: null

2019-08-23 18:55:01 - [TEST_STEP][PASSED] - println(symbol): null

2019-08-23 18:55:01 - [TEST_STEP][PASSED] - if (i == 2 &amp;&amp; wildList.indexOf(symbol) != -1): null

2019-08-23 18:55:01 - [TEST_STEP][PASSED] - if (i == 3 &amp;&amp; wildList.indexOf(symbol) != -1): null

2019-08-23 18:55:01 - [TEST_STEP][PASSED] - if (i == 4 &amp;&amp; wildList.indexOf(symbol) != -1): null

2019-08-23 18:55:01 - [TEST_STEP][PASSED] - symbol = symbol: null

2019-08-23 18:55:01 - [TEST_STEP][PASSED] - println(symbol): null

2019-08-23 18:55:01 - [TEST_STEP][PASSED] - if (i == 2 &amp;&amp; wildList.indexOf(symbol) != -1): null

2019-08-23 18:55:01 - [TEST_STEP][PASSED] - if (i == 3 &amp;&amp; wildList.indexOf(symbol) != -1): null

2019-08-23 18:55:01 - [TEST_STEP][PASSED] - if (i == 4 &amp;&amp; wildList.indexOf(symbol) != -1): null

2019-08-23 18:55:01 - [TEST_STEP][PASSED] - symbol = symbol: null

2019-08-23 18:55:01 - [TEST_STEP][PASSED] - println(symbol): null

2019-08-23 18:55:01 - [TEST_STEP][PASSED] - if (i == 2 &amp;&amp; wildList.indexOf(symbol) != -1): null

2019-08-23 18:55:01 - [TEST_STEP][PASSED] - if (i == 3 &amp;&amp; wildList.indexOf(symbol) != -1): null

2019-08-23 18:55:01 - [TEST_STEP][PASSED] - if (i == 4 &amp;&amp; wildList.indexOf(symbol) != -1): null

2019-08-23 18:55:01 - [TEST_STEP][PASSED] - free_spin_reel_counter = free_spin_reel_counter: null

2019-08-23 18:55:01 - [TEST_STEP][PASSED] - println("reel 3 wild found: " + free_spin_reel_counter[0]): null

2019-08-23 18:55:01 - [TEST_STEP][PASSED] - println("reel 4 wild found: " + free_spin_reel_counter[1]): null

2019-08-23 18:55:01 - [TEST_STEP][PASSED] - println("reel 5 wild found: " + free_spin_reel_counter[2]): null

2019-08-23 18:55:01 - [TEST_STEP][PASSED] - M4_spin_reels = M4_spin_reels: null

2019-08-23 18:55:01 - [TEST_STEP][PASSED] - M4_spin_reels_symbols = symbol: null

2019-08-23 18:55:01 - [TEST_STEP][PASSED] - M4_spin_reels_symbols = M4_spin_reels_symbols: null

2019-08-23 18:55:01 - [TEST_STEP][PASSED] - M4_spin_reel_wins = reel_wins: null

2019-08-23 18:55:01 - [TEST_STEP][PASSED] - M4_spin_reel_wins = M4_spin_reel_wins: null

2019-08-23 18:55:01 - [TEST_STEP][PASSED] - println("GlobalVariable.M4_spin_reel_wins is: " + M4_spin_reel_wins): null

2019-08-23 18:55:01 - [TEST_STEP][PASSED] - M4_spin_total_bonus_win_this_round = total_bonus_win_this_round: null

2019-08-23 18:55:01 - [TEST_STEP][PASSED] - M4_spin_total_bonus_win_this_round = M4_spin_total_bonus_win_this_round: null

2019-08-23 18:55:01 - [TEST_STEP][PASSED] - println("GlobalVariable.M4_spin_total_bonus_win_this_round is: " + M4_spin_total_bonus_win_this_round): null

2019-08-23 18:55:01 - [TEST_STEP][PASSED] - M4_spin_bonus_spin_result = spin_result: null

2019-08-23 18:55:01 - [TEST_STEP][PASSED] - M4_spin_bonus_spin_result = M4_spin_bonus_spin_result: null

2019-08-23 18:55:01 - [MESSAGE][PASSED] - Verify response successfully

2019-08-23 18:55:01 - [MESSAGE][PASSED] - Send request and verify the response successfully

2019-08-23 18:55:01 - [TEST_STEP][PASSED] - if (free_spin_reel_counter[0] &gt;= 1 &amp;&amp; free_spin_reel_counter[1] &gt;= 1 &amp;&amp; free_spin_reel_counter[2] &gt;= 1): null

2019-08-23 18:55:01 - [TEST_STEP][PASSED] - spin_result = sendRequestAndVerify(findTestObject("INT/RGS(M4)/1_M4_spin", ["M4_login_user_id":M4_login_user_id, "rgs_session_token":rgs_session_token, "partner":Partner])): Send request and verify the response successfully

2019-08-23 18:55:02 - [MESSAGE][INFO] - HAR: /Users/eiralee/Katalon_Script/SuperWild/Reports/20190823_184757/INT/superWild_1/20190823_184757/requests/main/160.har

2019-08-23 18:55:02 - [TEST_CASE][PASSED] - Start Test Case : Verification: Verification accomplished successfully

2019-08-23 18:55:02 - [TEST_STEP][PASSED] - request = getInstance().getCurrentRequest(): null

2019-08-23 18:55:02 - [TEST_STEP][PASSED] - response = getInstance().getCurrentResponse(): null

2019-08-23 18:55:02 - [TEST_STEP][PASSED] - verifyResponseStatusCode(response, 200): Verify response status code successfully

2019-08-23 18:55:02 - [MESSAGE][PASSED] - Verify response status code successfully

2019-08-23 18:55:02 - [TEST_STEP][PASSED] - getStatusCode()).isEqualTo(200): null

2019-08-23 18:55:02 - [TEST_STEP][PASSED] - newline = System.getProperty("line.separator"): null

2019-08-23 18:55:02 - [TEST_STEP][PASSED] - M4_spin = new groovy.json.JsonSlurper(): null

2019-08-23 18:55:02 - [TEST_STEP][PASSED] - result_M4_spin = M4_spin.parseText(response.getResponseBodyContent()): null

2019-08-23 18:55:02 - [TEST_STEP][PASSED] - M4_spin_current_balance = current_balance: null

2019-08-23 18:55:02 - [TEST_STEP][PASSED] - M4_spin_current_balance = M4_spin_current_balance: null

2019-08-23 18:55:02 - [TEST_STEP][PASSED] - M4_spin_transaction_id = causality: null

2019-08-23 18:55:02 - [TEST_STEP][PASSED] - M4_spin_transaction_id = M4_spin_transaction_id: null

2019-08-23 18:55:02 - [TEST_STEP][PASSED] - M4_spin_round_id = round_id: null

2019-08-23 18:55:02 - [TEST_STEP][PASSED] - M4_spin_round_id = M4_spin_round_id: null

2019-08-23 18:55:02 - [TEST_STEP][PASSED] - M4_spin_line_wins = line_wins: null

2019-08-23 18:55:02 - [TEST_STEP][PASSED] - M4_spin_line_wins = M4_spin_line_wins: null

2019-08-23 18:55:02 - [TEST_STEP][PASSED] - M4_total_bonus_spins_int = total_bonus_spins: null

2019-08-23 18:55:02 - [TEST_STEP][PASSED] - println("******M4_total_bonus_spins type is:*******" + newline + getClass().getName()): null

2019-08-23 18:55:02 - [TEST_STEP][PASSED] - M4_total_bonus_spins_int = M4_total_bonus_spins_int: null

2019-08-23 18:55:02 - [TEST_STEP][PASSED] - M4_total_bonus_spins = Integer.toString(M4_total_bonus_spins_int): null

2019-08-23 18:55:02 - [TEST_STEP][PASSED] - M4_total_bonus_spins = M4_total_bonus_spins: null

2019-08-23 18:55:02 - [TEST_STEP][PASSED] - println("M4_total_bonus_spins is:" + M4_total_bonus_spins): null

2019-08-23 18:55:02 - [TEST_STEP][PASSED] - M4_spin_bonus_data = bonus_data: null

2019-08-23 18:55:02 - [TEST_STEP][PASSED] - M4_spin_features_triggered = result_M4_spin: null

2019-08-23 18:55:02 - [TEST_STEP][PASSED] - wild = []: null

2019-08-23 18:55:02 - [TEST_STEP][PASSED] - wild[0] = "WILD_Expanding": null

2019-08-23 18:55:02 - [TEST_STEP][PASSED] - wild[1] = "WILD_Normal": null

2019-08-23 18:55:02 - [TEST_STEP][PASSED] - wild[2] = "WILD_Double": null

2019-08-23 18:55:02 - [TEST_STEP][PASSED] - wild[3] = "WILD_ExtraFG": null

2019-08-23 18:55:02 - [TEST_STEP][PASSED] - wild[4] = "WILD_Triple": null

2019-08-23 18:55:02 - [TEST_STEP][PASSED] - wildList = Arrays.asList(wild): null

2019-08-23 18:55:02 - [TEST_STEP][PASSED] - wildList = wildList: null

2019-08-23 18:55:02 - [TEST_STEP][PASSED] - free_spin_reel_counter = []: null

2019-08-23 18:55:02 - [TEST_STEP][PASSED] - free_spin_reel_counter[0] = 0: null

2019-08-23 18:55:02 - [TEST_STEP][PASSED] - free_spin_reel_counter[1] = 0: null

2019-08-23 18:55:02 - [TEST_STEP][PASSED] - free_spin_reel_counter[2] = 0: null

2019-08-23 18:55:02 - [TEST_STEP][PASSED] - M4_spin_reels = reels: null

2019-08-23 18:55:02 - [TEST_STEP][PASSED] - for ([i = 0, i &lt; M4_spin_reels.size(), (i++)]): null

2019-08-23 18:55:02 - [TEST_STEP][PASSED] - symbols = symbols: null

2019-08-23 18:55:02 - [TEST_STEP][PASSED] - for ([j = 0, j &lt; symbols.size(), (j++)]): null

2019-08-23 18:55:02 - [TEST_STEP][PASSED] - symbol = symbol: null

2019-08-23 18:55:02 - [TEST_STEP][PASSED] - println(symbol): null

2019-08-23 18:55:02 - [TEST_STEP][PASSED] - if (i == 2 &amp;&amp; wildList.indexOf(symbol) != -1): null

2019-08-23 18:55:02 - [TEST_STEP][PASSED] - if (i == 3 &amp;&amp; wildList.indexOf(symbol) != -1): null

2019-08-23 18:55:02 - [TEST_STEP][PASSED] - if (i == 4 &amp;&amp; wildList.indexOf(symbol) != -1): null

2019-08-23 18:55:02 - [TEST_STEP][PASSED] - symbol = symbol: null

2019-08-23 18:55:02 - [TEST_STEP][PASSED] - println(symbol): null

2019-08-23 18:55:02 - [TEST_STEP][PASSED] - if (i == 2 &amp;&amp; wildList.indexOf(symbol) != -1): null

2019-08-23 18:55:02 - [TEST_STEP][PASSED] - if (i == 3 &amp;&amp; wildList.indexOf(symbol) != -1): null

2019-08-23 18:55:02 - [TEST_STEP][PASSED] - if (i == 4 &amp;&amp; wildList.indexOf(symbol) != -1): null

2019-08-23 18:55:02 - [TEST_STEP][PASSED] - symbol = symbol: null

2019-08-23 18:55:02 - [TEST_STEP][PASSED] - println(symbol): null

2019-08-23 18:55:02 - [TEST_STEP][PASSED] - if (i == 2 &amp;&amp; wildList.indexOf(symbol) != -1): null

2019-08-23 18:55:02 - [TEST_STEP][PASSED] - if (i == 3 &amp;&amp; wildList.indexOf(symbol) != -1): null

2019-08-23 18:55:02 - [TEST_STEP][PASSED] - if (i == 4 &amp;&amp; wildList.indexOf(symbol) != -1): null

2019-08-23 18:55:02 - [TEST_STEP][PASSED] - symbols = symbols: null

2019-08-23 18:55:02 - [TEST_STEP][PASSED] - for ([j = 0, j &lt; symbols.size(), (j++)]): null

2019-08-23 18:55:02 - [TEST_STEP][PASSED] - symbol = symbol: null

2019-08-23 18:55:02 - [TEST_STEP][PASSED] - println(symbol): null

2019-08-23 18:55:02 - [TEST_STEP][PASSED] - if (i == 2 &amp;&amp; wildList.indexOf(symbol) != -1): null

2019-08-23 18:55:02 - [TEST_STEP][PASSED] - if (i == 3 &amp;&amp; wildList.indexOf(symbol) != -1): null

2019-08-23 18:55:02 - [TEST_STEP][PASSED] - if (i == 4 &amp;&amp; wildList.indexOf(symbol) != -1): null

2019-08-23 18:55:02 - [TEST_STEP][PASSED] - symbol = symbol: null

2019-08-23 18:55:02 - [TEST_STEP][PASSED] - println(symbol): null

2019-08-23 18:55:02 - [TEST_STEP][PASSED] - if (i == 2 &amp;&amp; wildList.indexOf(symbol) != -1): null

2019-08-23 18:55:02 - [TEST_STEP][PASSED] - if (i == 3 &amp;&amp; wildList.indexOf(symbol) != -1): null

2019-08-23 18:55:02 - [TEST_STEP][PASSED] - if (i == 4 &amp;&amp; wildList.indexOf(symbol) != -1): null

2019-08-23 18:55:02 - [TEST_STEP][PASSED] - symbol = symbol: null

2019-08-23 18:55:02 - [TEST_STEP][PASSED] - println(symbol): null

2019-08-23 18:55:02 - [TEST_STEP][PASSED] - if (i == 2 &amp;&amp; wildList.indexOf(symbol) != -1): null

2019-08-23 18:55:02 - [TEST_STEP][PASSED] - if (i == 3 &amp;&amp; wildList.indexOf(symbol) != -1): null

2019-08-23 18:55:02 - [TEST_STEP][PASSED] - if (i == 4 &amp;&amp; wildList.indexOf(symbol) != -1): null

2019-08-23 18:55:02 - [TEST_STEP][PASSED] - symbols = symbols: null

2019-08-23 18:55:02 - [TEST_STEP][PASSED] - for ([j = 0, j &lt; symbols.size(), (j++)]): null

2019-08-23 18:55:02 - [TEST_STEP][PASSED] - symbol = symbol: null

2019-08-23 18:55:02 - [TEST_STEP][PASSED] - println(symbol): null

2019-08-23 18:55:02 - [TEST_STEP][PASSED] - if (i == 2 &amp;&amp; wildList.indexOf(symbol) != -1): null

2019-08-23 18:55:02 - [TEST_STEP][PASSED] - if (i == 3 &amp;&amp; wildList.indexOf(symbol) != -1): null

2019-08-23 18:55:02 - [TEST_STEP][PASSED] - if (i == 4 &amp;&amp; wildList.indexOf(symbol) != -1): null

2019-08-23 18:55:02 - [TEST_STEP][PASSED] - symbol = symbol: null

2019-08-23 18:55:02 - [TEST_STEP][PASSED] - println(symbol): null

2019-08-23 18:55:02 - [TEST_STEP][PASSED] - if (i == 2 &amp;&amp; wildList.indexOf(symbol) != -1): null

2019-08-23 18:55:02 - [TEST_STEP][PASSED] - if (i == 3 &amp;&amp; wildList.indexOf(symbol) != -1): null

2019-08-23 18:55:02 - [TEST_STEP][PASSED] - if (i == 4 &amp;&amp; wildList.indexOf(symbol) != -1): null

2019-08-23 18:55:02 - [TEST_STEP][PASSED] - symbol = symbol: null

2019-08-23 18:55:02 - [TEST_STEP][PASSED] - println(symbol): null

2019-08-23 18:55:02 - [TEST_STEP][PASSED] - if (i == 2 &amp;&amp; wildList.indexOf(symbol) != -1): null

2019-08-23 18:55:02 - [TEST_STEP][PASSED] - if (i == 3 &amp;&amp; wildList.indexOf(symbol) != -1): null

2019-08-23 18:55:02 - [TEST_STEP][PASSED] - if (i == 4 &amp;&amp; wildList.indexOf(symbol) != -1): null

2019-08-23 18:55:02 - [TEST_STEP][PASSED] - symbols = symbols: null

2019-08-23 18:55:02 - [TEST_STEP][PASSED] - for ([j = 0, j &lt; symbols.size(), (j++)]): null

2019-08-23 18:55:02 - [TEST_STEP][PASSED] - symbol = symbol: null

2019-08-23 18:55:02 - [TEST_STEP][PASSED] - println(symbol): null

2019-08-23 18:55:02 - [TEST_STEP][PASSED] - if (i == 2 &amp;&amp; wildList.indexOf(symbol) != -1): null

2019-08-23 18:55:02 - [TEST_STEP][PASSED] - if (i == 3 &amp;&amp; wildList.indexOf(symbol) != -1): null

2019-08-23 18:55:02 - [TEST_STEP][PASSED] - if (i == 4 &amp;&amp; wildList.indexOf(symbol) != -1): null

2019-08-23 18:55:02 - [TEST_STEP][PASSED] - symbol = symbol: null

2019-08-23 18:55:02 - [TEST_STEP][PASSED] - println(symbol): null

2019-08-23 18:55:02 - [TEST_STEP][PASSED] - if (i == 2 &amp;&amp; wildList.indexOf(symbol) != -1): null

2019-08-23 18:55:02 - [TEST_STEP][PASSED] - if (i == 3 &amp;&amp; wildList.indexOf(symbol) != -1): null

2019-08-23 18:55:02 - [TEST_STEP][PASSED] - if (i == 4 &amp;&amp; wildList.indexOf(symbol) != -1): null

2019-08-23 18:55:02 - [TEST_STEP][PASSED] - symbol = symbol: null

2019-08-23 18:55:02 - [TEST_STEP][PASSED] - println(symbol): null

2019-08-23 18:55:02 - [TEST_STEP][PASSED] - if (i == 2 &amp;&amp; wildList.indexOf(symbol) != -1): null

2019-08-23 18:55:02 - [TEST_STEP][PASSED] - if (i == 3 &amp;&amp; wildList.indexOf(symbol) != -1): null

2019-08-23 18:55:02 - [TEST_STEP][PASSED] - println("wild found on reel 4, adding counter by 1"): null

2019-08-23 18:55:02 - [TEST_STEP][PASSED] - free_spin_reel_counter[1] = free_spin_reel_counter[1] + 1: null

2019-08-23 18:55:02 - [TEST_STEP][PASSED] - if (i == 4 &amp;&amp; wildList.indexOf(symbol) != -1): null

2019-08-23 18:55:02 - [TEST_STEP][PASSED] - symbols = symbols: null

2019-08-23 18:55:02 - [TEST_STEP][PASSED] - for ([j = 0, j &lt; symbols.size(), (j++)]): null

2019-08-23 18:55:02 - [TEST_STEP][PASSED] - symbol = symbol: null

2019-08-23 18:55:02 - [TEST_STEP][PASSED] - println(symbol): null

2019-08-23 18:55:02 - [TEST_STEP][PASSED] - if (i == 2 &amp;&amp; wildList.indexOf(symbol) != -1): null

2019-08-23 18:55:02 - [TEST_STEP][PASSED] - if (i == 3 &amp;&amp; wildList.indexOf(symbol) != -1): null

2019-08-23 18:55:02 - [TEST_STEP][PASSED] - if (i == 4 &amp;&amp; wildList.indexOf(symbol) != -1): null

2019-08-23 18:55:02 - [TEST_STEP][PASSED] - println("wild found on reel 5, adding counter by 1"): null

2019-08-23 18:55:02 - [TEST_STEP][PASSED] - free_spin_reel_counter[2] = free_spin_reel_counter[2] + 1: null

2019-08-23 18:55:02 - [TEST_STEP][PASSED] - symbol = symbol: null

2019-08-23 18:55:02 - [TEST_STEP][PASSED] - println(symbol): null

2019-08-23 18:55:02 - [TEST_STEP][PASSED] - if (i == 2 &amp;&amp; wildList.indexOf(symbol) != -1): null

2019-08-23 18:55:02 - [TEST_STEP][PASSED] - if (i == 3 &amp;&amp; wildList.indexOf(symbol) != -1): null

2019-08-23 18:55:02 - [TEST_STEP][PASSED] - if (i == 4 &amp;&amp; wildList.indexOf(symbol) != -1): null

2019-08-23 18:55:02 - [TEST_STEP][PASSED] - symbol = symbol: null

2019-08-23 18:55:02 - [TEST_STEP][PASSED] - println(symbol): null

2019-08-23 18:55:02 - [TEST_STEP][PASSED] - if (i == 2 &amp;&amp; wildList.indexOf(symbol) != -1): null

2019-08-23 18:55:02 - [TEST_STEP][PASSED] - if (i == 3 &amp;&amp; wildList.indexOf(symbol) != -1): null

2019-08-23 18:55:02 - [TEST_STEP][PASSED] - if (i == 4 &amp;&amp; wildList.indexOf(symbol) != -1): null

2019-08-23 18:55:02 - [TEST_STEP][PASSED] - free_spin_reel_counter = free_spin_reel_counter: null

2019-08-23 18:55:02 - [TEST_STEP][PASSED] - println("reel 3 wild found: " + free_spin_reel_counter[0]): null

2019-08-23 18:55:02 - [TEST_STEP][PASSED] - println("reel 4 wild found: " + free_spin_reel_counter[1]): null

2019-08-23 18:55:02 - [TEST_STEP][PASSED] - println("reel 5 wild found: " + free_spin_reel_counter[2]): null

2019-08-23 18:55:02 - [TEST_STEP][PASSED] - M4_spin_reels = M4_spin_reels: null

2019-08-23 18:55:02 - [TEST_STEP][PASSED] - M4_spin_reels_symbols = symbol: null

2019-08-23 18:55:02 - [TEST_STEP][PASSED] - M4_spin_reels_symbols = M4_spin_reels_symbols: null

2019-08-23 18:55:02 - [TEST_STEP][PASSED] - M4_spin_reel_wins = reel_wins: null

2019-08-23 18:55:02 - [TEST_STEP][PASSED] - M4_spin_reel_wins = M4_spin_reel_wins: null

2019-08-23 18:55:02 - [TEST_STEP][PASSED] - println("GlobalVariable.M4_spin_reel_wins is: " + M4_spin_reel_wins): null

2019-08-23 18:55:02 - [TEST_STEP][PASSED] - M4_spin_total_bonus_win_this_round = total_bonus_win_this_round: null

2019-08-23 18:55:02 - [TEST_STEP][PASSED] - M4_spin_total_bonus_win_this_round = M4_spin_total_bonus_win_this_round: null

2019-08-23 18:55:02 - [TEST_STEP][PASSED] - println("GlobalVariable.M4_spin_total_bonus_win_this_round is: " + M4_spin_total_bonus_win_this_round): null

2019-08-23 18:55:02 - [TEST_STEP][PASSED] - M4_spin_bonus_spin_result = spin_result: null

2019-08-23 18:55:02 - [TEST_STEP][PASSED] - M4_spin_bonus_spin_result = M4_spin_bonus_spin_result: null

2019-08-23 18:55:02 - [MESSAGE][PASSED] - Verify response successfully

2019-08-23 18:55:02 - [MESSAGE][PASSED] - Send request and verify the response successfully

2019-08-23 18:55:02 - [TEST_STEP][PASSED] - if (free_spin_reel_counter[0] &gt;= 1 &amp;&amp; free_spin_reel_counter[1] &gt;= 1 &amp;&amp; free_spin_reel_counter[2] &gt;= 1): null

2019-08-23 18:55:02 - [TEST_STEP][PASSED] - spin_result = sendRequestAndVerify(findTestObject("INT/RGS(M4)/1_M4_spin", ["M4_login_user_id":M4_login_user_id, "rgs_session_token":rgs_session_token, "partner":Partner])): Send request and verify the response successfully

2019-08-23 18:55:02 - [MESSAGE][INFO] - HAR: /Users/eiralee/Katalon_Script/SuperWild/Reports/20190823_184757/INT/superWild_1/20190823_184757/requests/main/161.har

2019-08-23 18:55:02 - [TEST_CASE][PASSED] - Start Test Case : Verification: Verification accomplished successfully

2019-08-23 18:55:02 - [TEST_STEP][PASSED] - request = getInstance().getCurrentRequest(): null

2019-08-23 18:55:02 - [TEST_STEP][PASSED] - response = getInstance().getCurrentResponse(): null

2019-08-23 18:55:02 - [TEST_STEP][PASSED] - verifyResponseStatusCode(response, 200): Verify response status code successfully

2019-08-23 18:55:02 - [MESSAGE][PASSED] - Verify response status code successfully

2019-08-23 18:55:02 - [TEST_STEP][PASSED] - getStatusCode()).isEqualTo(200): null

2019-08-23 18:55:02 - [TEST_STEP][PASSED] - newline = System.getProperty("line.separator"): null

2019-08-23 18:55:02 - [TEST_STEP][PASSED] - M4_spin = new groovy.json.JsonSlurper(): null

2019-08-23 18:55:02 - [TEST_STEP][PASSED] - result_M4_spin = M4_spin.parseText(response.getResponseBodyContent()): null

2019-08-23 18:55:02 - [TEST_STEP][PASSED] - M4_spin_current_balance = current_balance: null

2019-08-23 18:55:02 - [TEST_STEP][PASSED] - M4_spin_current_balance = M4_spin_current_balance: null

2019-08-23 18:55:02 - [TEST_STEP][PASSED] - M4_spin_transaction_id = causality: null

2019-08-23 18:55:02 - [TEST_STEP][PASSED] - M4_spin_transaction_id = M4_spin_transaction_id: null

2019-08-23 18:55:02 - [TEST_STEP][PASSED] - M4_spin_round_id = round_id: null

2019-08-23 18:55:02 - [TEST_STEP][PASSED] - M4_spin_round_id = M4_spin_round_id: null

2019-08-23 18:55:02 - [TEST_STEP][PASSED] - M4_spin_line_wins = line_wins: null

2019-08-23 18:55:02 - [TEST_STEP][PASSED] - M4_spin_line_wins = M4_spin_line_wins: null

2019-08-23 18:55:02 - [TEST_STEP][PASSED] - M4_total_bonus_spins_int = total_bonus_spins: null

2019-08-23 18:55:02 - [TEST_STEP][PASSED] - println("******M4_total_bonus_spins type is:*******" + newline + getClass().getName()): null

2019-08-23 18:55:02 - [TEST_STEP][PASSED] - M4_total_bonus_spins_int = M4_total_bonus_spins_int: null

2019-08-23 18:55:02 - [TEST_STEP][PASSED] - M4_total_bonus_spins = Integer.toString(M4_total_bonus_spins_int): null

2019-08-23 18:55:02 - [TEST_STEP][PASSED] - M4_total_bonus_spins = M4_total_bonus_spins: null

2019-08-23 18:55:02 - [TEST_STEP][PASSED] - println("M4_total_bonus_spins is:" + M4_total_bonus_spins): null

2019-08-23 18:55:02 - [TEST_STEP][PASSED] - M4_spin_bonus_data = bonus_data: null

2019-08-23 18:55:02 - [TEST_STEP][PASSED] - M4_spin_features_triggered = result_M4_spin: null

2019-08-23 18:55:02 - [TEST_STEP][PASSED] - wild = []: null

2019-08-23 18:55:02 - [TEST_STEP][PASSED] - wild[0] = "WILD_Expanding": null

2019-08-23 18:55:02 - [TEST_STEP][PASSED] - wild[1] = "WILD_Normal": null

2019-08-23 18:55:02 - [TEST_STEP][PASSED] - wild[2] = "WILD_Double": null

2019-08-23 18:55:02 - [TEST_STEP][PASSED] - wild[3] = "WILD_ExtraFG": null

2019-08-23 18:55:02 - [TEST_STEP][PASSED] - wild[4] = "WILD_Triple": null

2019-08-23 18:55:02 - [TEST_STEP][PASSED] - wildList = Arrays.asList(wild): null

2019-08-23 18:55:02 - [TEST_STEP][PASSED] - wildList = wildList: null

2019-08-23 18:55:02 - [TEST_STEP][PASSED] - free_spin_reel_counter = []: null

2019-08-23 18:55:02 - [TEST_STEP][PASSED] - free_spin_reel_counter[0] = 0: null

2019-08-23 18:55:02 - [TEST_STEP][PASSED] - free_spin_reel_counter[1] = 0: null

2019-08-23 18:55:02 - [TEST_STEP][PASSED] - free_spin_reel_counter[2] = 0: null

2019-08-23 18:55:02 - [TEST_STEP][PASSED] - M4_spin_reels = reels: null

2019-08-23 18:55:02 - [TEST_STEP][PASSED] - for ([i = 0, i &lt; M4_spin_reels.size(), (i++)]): null

2019-08-23 18:55:02 - [TEST_STEP][PASSED] - symbols = symbols: null

2019-08-23 18:55:02 - [TEST_STEP][PASSED] - for ([j = 0, j &lt; symbols.size(), (j++)]): null

2019-08-23 18:55:02 - [TEST_STEP][PASSED] - symbol = symbol: null

2019-08-23 18:55:02 - [TEST_STEP][PASSED] - println(symbol): null

2019-08-23 18:55:02 - [TEST_STEP][PASSED] - if (i == 2 &amp;&amp; wildList.indexOf(symbol) != -1): null

2019-08-23 18:55:02 - [TEST_STEP][PASSED] - if (i == 3 &amp;&amp; wildList.indexOf(symbol) != -1): null

2019-08-23 18:55:02 - [TEST_STEP][PASSED] - if (i == 4 &amp;&amp; wildList.indexOf(symbol) != -1): null

2019-08-23 18:55:02 - [TEST_STEP][PASSED] - symbol = symbol: null

2019-08-23 18:55:02 - [TEST_STEP][PASSED] - println(symbol): null

2019-08-23 18:55:02 - [TEST_STEP][PASSED] - if (i == 2 &amp;&amp; wildList.indexOf(symbol) != -1): null

2019-08-23 18:55:02 - [TEST_STEP][PASSED] - if (i == 3 &amp;&amp; wildList.indexOf(symbol) != -1): null

2019-08-23 18:55:05 - [TEST_STEP][PASSED] - if (i == 4 &amp;&amp; wildList.indexOf(symbol) != -1): null

2019-08-23 18:55:05 - [TEST_STEP][PASSED] - symbol = symbol: null

2019-08-23 18:55:05 - [TEST_STEP][PASSED] - println(symbol): null

2019-08-23 18:55:05 - [TEST_STEP][PASSED] - if (i == 2 &amp;&amp; wildList.indexOf(symbol) != -1): null

2019-08-23 18:55:05 - [TEST_STEP][PASSED] - if (i == 3 &amp;&amp; wildList.indexOf(symbol) != -1): null

2019-08-23 18:55:05 - [TEST_STEP][PASSED] - if (i == 4 &amp;&amp; wildList.indexOf(symbol) != -1): null

2019-08-23 18:55:05 - [TEST_STEP][PASSED] - symbols = symbols: null

2019-08-23 18:55:05 - [TEST_STEP][PASSED] - for ([j = 0, j &lt; symbols.size(), (j++)]): null

2019-08-23 18:55:05 - [TEST_STEP][PASSED] - symbol = symbol: null

2019-08-23 18:55:05 - [TEST_STEP][PASSED] - println(symbol): null

2019-08-23 18:55:05 - [TEST_STEP][PASSED] - if (i == 2 &amp;&amp; wildList.indexOf(symbol) != -1): null

2019-08-23 18:55:05 - [TEST_STEP][PASSED] - if (i == 3 &amp;&amp; wildList.indexOf(symbol) != -1): null

2019-08-23 18:55:05 - [TEST_STEP][PASSED] - if (i == 4 &amp;&amp; wildList.indexOf(symbol) != -1): null

2019-08-23 18:55:05 - [TEST_STEP][PASSED] - symbol = symbol: null

2019-08-23 18:55:05 - [TEST_STEP][PASSED] - println(symbol): null

2019-08-23 18:55:05 - [TEST_STEP][PASSED] - if (i == 2 &amp;&amp; wildList.indexOf(symbol) != -1): null

2019-08-23 18:55:05 - [TEST_STEP][PASSED] - if (i == 3 &amp;&amp; wildList.indexOf(symbol) != -1): null

2019-08-23 18:55:05 - [TEST_STEP][PASSED] - if (i == 4 &amp;&amp; wildList.indexOf(symbol) != -1): null

2019-08-23 18:55:05 - [TEST_STEP][PASSED] - symbol = symbol: null

2019-08-23 18:55:05 - [TEST_STEP][PASSED] - println(symbol): null

2019-08-23 18:55:05 - [TEST_STEP][PASSED] - if (i == 2 &amp;&amp; wildList.indexOf(symbol) != -1): null

2019-08-23 18:55:05 - [TEST_STEP][PASSED] - if (i == 3 &amp;&amp; wildList.indexOf(symbol) != -1): null

2019-08-23 18:55:05 - [TEST_STEP][PASSED] - if (i == 4 &amp;&amp; wildList.indexOf(symbol) != -1): null

2019-08-23 18:55:05 - [TEST_STEP][PASSED] - symbols = symbols: null

2019-08-23 18:55:05 - [TEST_STEP][PASSED] - for ([j = 0, j &lt; symbols.size(), (j++)]): null

2019-08-23 18:55:05 - [TEST_STEP][PASSED] - symbol = symbol: null

2019-08-23 18:55:05 - [TEST_STEP][PASSED] - println(symbol): null

2019-08-23 18:55:05 - [TEST_STEP][PASSED] - if (i == 2 &amp;&amp; wildList.indexOf(symbol) != -1): null

2019-08-23 18:55:05 - [TEST_STEP][PASSED] - if (i == 3 &amp;&amp; wildList.indexOf(symbol) != -1): null

2019-08-23 18:55:05 - [TEST_STEP][PASSED] - if (i == 4 &amp;&amp; wildList.indexOf(symbol) != -1): null

2019-08-23 18:55:05 - [TEST_STEP][PASSED] - symbol = symbol: null

2019-08-23 18:55:05 - [TEST_STEP][PASSED] - println(symbol): null

2019-08-23 18:55:05 - [TEST_STEP][PASSED] - if (i == 2 &amp;&amp; wildList.indexOf(symbol) != -1): null

2019-08-23 18:55:05 - [TEST_STEP][PASSED] - if (i == 3 &amp;&amp; wildList.indexOf(symbol) != -1): null

2019-08-23 18:55:05 - [TEST_STEP][PASSED] - if (i == 4 &amp;&amp; wildList.indexOf(symbol) != -1): null

2019-08-23 18:55:05 - [TEST_STEP][PASSED] - symbol = symbol: null

2019-08-23 18:55:05 - [TEST_STEP][PASSED] - println(symbol): null

2019-08-23 18:55:05 - [TEST_STEP][PASSED] - if (i == 2 &amp;&amp; wildList.indexOf(symbol) != -1): null

2019-08-23 18:55:05 - [TEST_STEP][PASSED] - println("wild found on reel 3, adding counter by 1"): null

2019-08-23 18:55:05 - [TEST_STEP][PASSED] - free_spin_reel_counter[0] = free_spin_reel_counter[0] + 1: null

2019-08-23 18:55:05 - [TEST_STEP][PASSED] - if (i == 3 &amp;&amp; wildList.indexOf(symbol) != -1): null

2019-08-23 18:55:05 - [TEST_STEP][PASSED] - if (i == 4 &amp;&amp; wildList.indexOf(symbol) != -1): null

2019-08-23 18:55:05 - [TEST_STEP][PASSED] - symbols = symbols: null

2019-08-23 18:55:05 - [TEST_STEP][PASSED] - for ([j = 0, j &lt; symbols.size(), (j++)]): null

2019-08-23 18:55:05 - [TEST_STEP][PASSED] - symbol = symbol: null

2019-08-23 18:55:05 - [TEST_STEP][PASSED] - println(symbol): null

2019-08-23 18:55:05 - [TEST_STEP][PASSED] - if (i == 2 &amp;&amp; wildList.indexOf(symbol) != -1): null

2019-08-23 18:55:05 - [TEST_STEP][PASSED] - if (i == 3 &amp;&amp; wildList.indexOf(symbol) != -1): null

2019-08-23 18:55:05 - [TEST_STEP][PASSED] - if (i == 4 &amp;&amp; wildList.indexOf(symbol) != -1): null

2019-08-23 18:55:05 - [TEST_STEP][PASSED] - symbol = symbol: null

2019-08-23 18:55:05 - [TEST_STEP][PASSED] - println(symbol): null

2019-08-23 18:55:05 - [TEST_STEP][PASSED] - if (i == 2 &amp;&amp; wildList.indexOf(symbol) != -1): null

2019-08-23 18:55:05 - [TEST_STEP][PASSED] - if (i == 3 &amp;&amp; wildList.indexOf(symbol) != -1): null

2019-08-23 18:55:05 - [TEST_STEP][PASSED] - if (i == 4 &amp;&amp; wildList.indexOf(symbol) != -1): null

2019-08-23 18:55:05 - [TEST_STEP][PASSED] - symbol = symbol: null

2019-08-23 18:55:05 - [TEST_STEP][PASSED] - println(symbol): null

2019-08-23 18:55:05 - [TEST_STEP][PASSED] - if (i == 2 &amp;&amp; wildList.indexOf(symbol) != -1): null

2019-08-23 18:55:05 - [TEST_STEP][PASSED] - if (i == 3 &amp;&amp; wildList.indexOf(symbol) != -1): null

2019-08-23 18:55:05 - [TEST_STEP][PASSED] - println("wild found on reel 4, adding counter by 1"): null

2019-08-23 18:55:05 - [TEST_STEP][PASSED] - free_spin_reel_counter[1] = free_spin_reel_counter[1] + 1: null

2019-08-23 18:55:05 - [TEST_STEP][PASSED] - if (i == 4 &amp;&amp; wildList.indexOf(symbol) != -1): null

2019-08-23 18:55:05 - [TEST_STEP][PASSED] - symbols = symbols: null

2019-08-23 18:55:05 - [TEST_STEP][PASSED] - for ([j = 0, j &lt; symbols.size(), (j++)]): null

2019-08-23 18:55:05 - [TEST_STEP][PASSED] - symbol = symbol: null

2019-08-23 18:55:05 - [TEST_STEP][PASSED] - println(symbol): null

2019-08-23 18:55:05 - [TEST_STEP][PASSED] - if (i == 2 &amp;&amp; wildList.indexOf(symbol) != -1): null

2019-08-23 18:55:05 - [TEST_STEP][PASSED] - if (i == 3 &amp;&amp; wildList.indexOf(symbol) != -1): null

2019-08-23 18:55:05 - [TEST_STEP][PASSED] - if (i == 4 &amp;&amp; wildList.indexOf(symbol) != -1): null

2019-08-23 18:55:05 - [TEST_STEP][PASSED] - symbol = symbol: null

2019-08-23 18:55:05 - [TEST_STEP][PASSED] - println(symbol): null

2019-08-23 18:55:05 - [TEST_STEP][PASSED] - if (i == 2 &amp;&amp; wildList.indexOf(symbol) != -1): null

2019-08-23 18:55:05 - [TEST_STEP][PASSED] - if (i == 3 &amp;&amp; wildList.indexOf(symbol) != -1): null

2019-08-23 18:55:05 - [TEST_STEP][PASSED] - if (i == 4 &amp;&amp; wildList.indexOf(symbol) != -1): null

2019-08-23 18:55:05 - [TEST_STEP][PASSED] - symbol = symbol: null

2019-08-23 18:55:05 - [TEST_STEP][PASSED] - println(symbol): null

2019-08-23 18:55:05 - [TEST_STEP][PASSED] - if (i == 2 &amp;&amp; wildList.indexOf(symbol) != -1): null

2019-08-23 18:55:05 - [TEST_STEP][PASSED] - if (i == 3 &amp;&amp; wildList.indexOf(symbol) != -1): null

2019-08-23 18:55:05 - [TEST_STEP][PASSED] - if (i == 4 &amp;&amp; wildList.indexOf(symbol) != -1): null

2019-08-23 18:55:05 - [TEST_STEP][PASSED] - free_spin_reel_counter = free_spin_reel_counter: null

2019-08-23 18:55:05 - [TEST_STEP][PASSED] - println("reel 3 wild found: " + free_spin_reel_counter[0]): null

2019-08-23 18:55:05 - [TEST_STEP][PASSED] - println("reel 4 wild found: " + free_spin_reel_counter[1]): null

2019-08-23 18:55:05 - [TEST_STEP][PASSED] - println("reel 5 wild found: " + free_spin_reel_counter[2]): null

2019-08-23 18:55:05 - [TEST_STEP][PASSED] - M4_spin_reels = M4_spin_reels: null

2019-08-23 18:55:05 - [TEST_STEP][PASSED] - M4_spin_reels_symbols = symbol: null

2019-08-23 18:55:05 - [TEST_STEP][PASSED] - M4_spin_reels_symbols = M4_spin_reels_symbols: null

2019-08-23 18:55:05 - [TEST_STEP][PASSED] - M4_spin_reel_wins = reel_wins: null

2019-08-23 18:55:05 - [TEST_STEP][PASSED] - M4_spin_reel_wins = M4_spin_reel_wins: null

2019-08-23 18:55:05 - [TEST_STEP][PASSED] - println("GlobalVariable.M4_spin_reel_wins is: " + M4_spin_reel_wins): null

2019-08-23 18:55:05 - [TEST_STEP][PASSED] - M4_spin_total_bonus_win_this_round = total_bonus_win_this_round: null

2019-08-23 18:55:05 - [TEST_STEP][PASSED] - M4_spin_total_bonus_win_this_round = M4_spin_total_bonus_win_this_round: null

2019-08-23 18:55:05 - [TEST_STEP][PASSED] - println("GlobalVariable.M4_spin_total_bonus_win_this_round is: " + M4_spin_total_bonus_win_this_round): null

2019-08-23 18:55:05 - [TEST_STEP][PASSED] - M4_spin_bonus_spin_result = spin_result: null

2019-08-23 18:55:05 - [TEST_STEP][PASSED] - M4_spin_bonus_spin_result = M4_spin_bonus_spin_result: null

2019-08-23 18:55:05 - [MESSAGE][PASSED] - Verify response successfully

2019-08-23 18:55:05 - [MESSAGE][PASSED] - Send request and verify the response successfully

2019-08-23 18:55:05 - [TEST_STEP][PASSED] - if (free_spin_reel_counter[0] &gt;= 1 &amp;&amp; free_spin_reel_counter[1] &gt;= 1 &amp;&amp; free_spin_reel_counter[2] &gt;= 1): null

2019-08-23 18:55:05 - [TEST_STEP][PASSED] - spin_result = sendRequestAndVerify(findTestObject("INT/RGS(M4)/1_M4_spin", ["M4_login_user_id":M4_login_user_id, "rgs_session_token":rgs_session_token, "partner":Partner])): Send request and verify the response successfully

2019-08-23 18:55:05 - [MESSAGE][INFO] - HAR: /Users/eiralee/Katalon_Script/SuperWild/Reports/20190823_184757/INT/superWild_1/20190823_184757/requests/main/162.har

2019-08-23 18:55:05 - [TEST_CASE][PASSED] - Start Test Case : Verification: Verification accomplished successfully

2019-08-23 18:55:05 - [TEST_STEP][PASSED] - request = getInstance().getCurrentRequest(): null

2019-08-23 18:55:05 - [TEST_STEP][PASSED] - response = getInstance().getCurrentResponse(): null

2019-08-23 18:55:05 - [TEST_STEP][PASSED] - verifyResponseStatusCode(response, 200): Verify response status code successfully

2019-08-23 18:55:05 - [MESSAGE][PASSED] - Verify response status code successfully

2019-08-23 18:55:05 - [TEST_STEP][PASSED] - getStatusCode()).isEqualTo(200): null

2019-08-23 18:55:05 - [TEST_STEP][PASSED] - newline = System.getProperty("line.separator"): null

2019-08-23 18:55:05 - [TEST_STEP][PASSED] - M4_spin = new groovy.json.JsonSlurper(): null

2019-08-23 18:55:05 - [TEST_STEP][PASSED] - result_M4_spin = M4_spin.parseText(response.getResponseBodyContent()): null

2019-08-23 18:55:05 - [TEST_STEP][PASSED] - M4_spin_current_balance = current_balance: null

2019-08-23 18:55:05 - [TEST_STEP][PASSED] - M4_spin_current_balance = M4_spin_current_balance: null

2019-08-23 18:55:05 - [TEST_STEP][PASSED] - M4_spin_transaction_id = causality: null

2019-08-23 18:55:05 - [TEST_STEP][PASSED] - M4_spin_transaction_id = M4_spin_transaction_id: null

2019-08-23 18:55:05 - [TEST_STEP][PASSED] - M4_spin_round_id = round_id: null

2019-08-23 18:55:05 - [TEST_STEP][PASSED] - M4_spin_round_id = M4_spin_round_id: null

2019-08-23 18:55:05 - [TEST_STEP][PASSED] - M4_spin_line_wins = line_wins: null

2019-08-23 18:55:05 - [TEST_STEP][PASSED] - M4_spin_line_wins = M4_spin_line_wins: null

2019-08-23 18:55:05 - [TEST_STEP][PASSED] - M4_total_bonus_spins_int = total_bonus_spins: null

2019-08-23 18:55:05 - [TEST_STEP][PASSED] - println("******M4_total_bonus_spins type is:*******" + newline + getClass().getName()): null

2019-08-23 18:55:05 - [TEST_STEP][PASSED] - M4_total_bonus_spins_int = M4_total_bonus_spins_int: null

2019-08-23 18:55:05 - [TEST_STEP][PASSED] - M4_total_bonus_spins = Integer.toString(M4_total_bonus_spins_int): null

2019-08-23 18:55:05 - [TEST_STEP][PASSED] - M4_total_bonus_spins = M4_total_bonus_spins: null

2019-08-23 18:55:05 - [TEST_STEP][PASSED] - println("M4_total_bonus_spins is:" + M4_total_bonus_spins): null

2019-08-23 18:55:05 - [TEST_STEP][PASSED] - M4_spin_bonus_data = bonus_data: null

2019-08-23 18:55:05 - [TEST_STEP][PASSED] - M4_spin_features_triggered = result_M4_spin: null

2019-08-23 18:55:05 - [TEST_STEP][PASSED] - wild = []: null

2019-08-23 18:55:05 - [TEST_STEP][PASSED] - wild[0] = "WILD_Expanding": null

2019-08-23 18:55:05 - [TEST_STEP][PASSED] - wild[1] = "WILD_Normal": null

2019-08-23 18:55:05 - [TEST_STEP][PASSED] - wild[2] = "WILD_Double": null

2019-08-23 18:55:05 - [TEST_STEP][PASSED] - wild[3] = "WILD_ExtraFG": null

2019-08-23 18:55:05 - [TEST_STEP][PASSED] - wild[4] = "WILD_Triple": null

2019-08-23 18:55:05 - [TEST_STEP][PASSED] - wildList = Arrays.asList(wild): null

2019-08-23 18:55:05 - [TEST_STEP][PASSED] - wildList = wildList: null

2019-08-23 18:55:05 - [TEST_STEP][PASSED] - free_spin_reel_counter = []: null

2019-08-23 18:55:05 - [TEST_STEP][PASSED] - free_spin_reel_counter[0] = 0: null

2019-08-23 18:55:05 - [TEST_STEP][PASSED] - free_spin_reel_counter[1] = 0: null

2019-08-23 18:55:05 - [TEST_STEP][PASSED] - free_spin_reel_counter[2] = 0: null

2019-08-23 18:55:05 - [TEST_STEP][PASSED] - M4_spin_reels = reels: null

2019-08-23 18:55:05 - [TEST_STEP][PASSED] - for ([i = 0, i &lt; M4_spin_reels.size(), (i++)]): null

2019-08-23 18:55:05 - [TEST_STEP][PASSED] - symbols = symbols: null

2019-08-23 18:55:05 - [TEST_STEP][PASSED] - for ([j = 0, j &lt; symbols.size(), (j++)]): null

2019-08-23 18:55:05 - [TEST_STEP][PASSED] - symbol = symbol: null

2019-08-23 18:55:05 - [TEST_STEP][PASSED] - println(symbol): null

2019-08-23 18:55:05 - [TEST_STEP][PASSED] - if (i == 2 &amp;&amp; wildList.indexOf(symbol) != -1): null

2019-08-23 18:55:05 - [TEST_STEP][PASSED] - if (i == 3 &amp;&amp; wildList.indexOf(symbol) != -1): null

2019-08-23 18:55:05 - [TEST_STEP][PASSED] - if (i == 4 &amp;&amp; wildList.indexOf(symbol) != -1): null

2019-08-23 18:55:05 - [TEST_STEP][PASSED] - symbol = symbol: null

2019-08-23 18:55:05 - [TEST_STEP][PASSED] - println(symbol): null

2019-08-23 18:55:05 - [TEST_STEP][PASSED] - if (i == 2 &amp;&amp; wildList.indexOf(symbol) != -1): null

2019-08-23 18:55:05 - [TEST_STEP][PASSED] - if (i == 3 &amp;&amp; wildList.indexOf(symbol) != -1): null

2019-08-23 18:55:05 - [TEST_STEP][PASSED] - if (i == 4 &amp;&amp; wildList.indexOf(symbol) != -1): null

2019-08-23 18:55:05 - [TEST_STEP][PASSED] - symbol = symbol: null

2019-08-23 18:55:05 - [TEST_STEP][PASSED] - println(symbol): null

2019-08-23 18:55:05 - [TEST_STEP][PASSED] - if (i == 2 &amp;&amp; wildList.indexOf(symbol) != -1): null

2019-08-23 18:55:05 - [TEST_STEP][PASSED] - if (i == 3 &amp;&amp; wildList.indexOf(symbol) != -1): null

2019-08-23 18:55:05 - [TEST_STEP][PASSED] - if (i == 4 &amp;&amp; wildList.indexOf(symbol) != -1): null

2019-08-23 18:55:05 - [TEST_STEP][PASSED] - symbols = symbols: null

2019-08-23 18:55:05 - [TEST_STEP][PASSED] - for ([j = 0, j &lt; symbols.size(), (j++)]): null

2019-08-23 18:55:05 - [TEST_STEP][PASSED] - symbol = symbol: null

2019-08-23 18:55:05 - [TEST_STEP][PASSED] - println(symbol): null

2019-08-23 18:55:05 - [TEST_STEP][PASSED] - if (i == 2 &amp;&amp; wildList.indexOf(symbol) != -1): null

2019-08-23 18:55:05 - [TEST_STEP][PASSED] - if (i == 3 &amp;&amp; wildList.indexOf(symbol) != -1): null

2019-08-23 18:55:05 - [TEST_STEP][PASSED] - if (i == 4 &amp;&amp; wildList.indexOf(symbol) != -1): null

2019-08-23 18:55:05 - [TEST_STEP][PASSED] - symbol = symbol: null

2019-08-23 18:55:05 - [TEST_STEP][PASSED] - println(symbol): null

2019-08-23 18:55:05 - [TEST_STEP][PASSED] - if (i == 2 &amp;&amp; wildList.indexOf(symbol) != -1): null

2019-08-23 18:55:05 - [TEST_STEP][PASSED] - if (i == 3 &amp;&amp; wildList.indexOf(symbol) != -1): null

2019-08-23 18:55:05 - [TEST_STEP][PASSED] - if (i == 4 &amp;&amp; wildList.indexOf(symbol) != -1): null

2019-08-23 18:55:05 - [TEST_STEP][PASSED] - symbol = symbol: null

2019-08-23 18:55:05 - [TEST_STEP][PASSED] - println(symbol): null

2019-08-23 18:55:05 - [TEST_STEP][PASSED] - if (i == 2 &amp;&amp; wildList.indexOf(symbol) != -1): null

2019-08-23 18:55:05 - [TEST_STEP][PASSED] - if (i == 3 &amp;&amp; wildList.indexOf(symbol) != -1): null

2019-08-23 18:55:05 - [TEST_STEP][PASSED] - if (i == 4 &amp;&amp; wildList.indexOf(symbol) != -1): null

2019-08-23 18:55:05 - [TEST_STEP][PASSED] - symbols = symbols: null

2019-08-23 18:55:05 - [TEST_STEP][PASSED] - for ([j = 0, j &lt; symbols.size(), (j++)]): null

2019-08-23 18:55:05 - [TEST_STEP][PASSED] - symbol = symbol: null

2019-08-23 18:55:05 - [TEST_STEP][PASSED] - println(symbol): null

2019-08-23 18:55:05 - [TEST_STEP][PASSED] - if (i == 2 &amp;&amp; wildList.indexOf(symbol) != -1): null

2019-08-23 18:55:05 - [TEST_STEP][PASSED] - if (i == 3 &amp;&amp; wildList.indexOf(symbol) != -1): null

2019-08-23 18:55:05 - [TEST_STEP][PASSED] - if (i == 4 &amp;&amp; wildList.indexOf(symbol) != -1): null

2019-08-23 18:55:05 - [TEST_STEP][PASSED] - symbol = symbol: null

2019-08-23 18:55:05 - [TEST_STEP][PASSED] - println(symbol): null

2019-08-23 18:55:05 - [TEST_STEP][PASSED] - if (i == 2 &amp;&amp; wildList.indexOf(symbol) != -1): null

2019-08-23 18:55:05 - [TEST_STEP][PASSED] - if (i == 3 &amp;&amp; wildList.indexOf(symbol) != -1): null

2019-08-23 18:55:05 - [TEST_STEP][PASSED] - if (i == 4 &amp;&amp; wildList.indexOf(symbol) != -1): null

2019-08-23 18:55:05 - [TEST_STEP][PASSED] - symbol = symbol: null

2019-08-23 18:55:05 - [TEST_STEP][PASSED] - println(symbol): null

2019-08-23 18:55:05 - [TEST_STEP][PASSED] - if (i == 2 &amp;&amp; wildList.indexOf(symbol) != -1): null

2019-08-23 18:55:05 - [TEST_STEP][PASSED] - if (i == 3 &amp;&amp; wildList.indexOf(symbol) != -1): null

2019-08-23 18:55:05 - [TEST_STEP][PASSED] - if (i == 4 &amp;&amp; wildList.indexOf(symbol) != -1): null

2019-08-23 18:55:05 - [TEST_STEP][PASSED] - symbols = symbols: null

2019-08-23 18:55:05 - [TEST_STEP][PASSED] - for ([j = 0, j &lt; symbols.size(), (j++)]): null

2019-08-23 18:55:05 - [TEST_STEP][PASSED] - symbol = symbol: null

2019-08-23 18:55:05 - [TEST_STEP][PASSED] - println(symbol): null

2019-08-23 18:55:05 - [TEST_STEP][PASSED] - if (i == 2 &amp;&amp; wildList.indexOf(symbol) != -1): null

2019-08-23 18:55:05 - [TEST_STEP][PASSED] - if (i == 3 &amp;&amp; wildList.indexOf(symbol) != -1): null

2019-08-23 18:55:05 - [TEST_STEP][PASSED] - println("wild found on reel 4, adding counter by 1"): null

2019-08-23 18:55:05 - [TEST_STEP][PASSED] - free_spin_reel_counter[1] = free_spin_reel_counter[1] + 1: null

2019-08-23 18:55:05 - [TEST_STEP][PASSED] - if (i == 4 &amp;&amp; wildList.indexOf(symbol) != -1): null

2019-08-23 18:55:05 - [TEST_STEP][PASSED] - symbol = symbol: null

2019-08-23 18:55:05 - [TEST_STEP][PASSED] - println(symbol): null

2019-08-23 18:55:05 - [TEST_STEP][PASSED] - if (i == 2 &amp;&amp; wildList.indexOf(symbol) != -1): null

2019-08-23 18:55:05 - [TEST_STEP][PASSED] - if (i == 3 &amp;&amp; wildList.indexOf(symbol) != -1): null

2019-08-23 18:55:05 - [TEST_STEP][PASSED] - if (i == 4 &amp;&amp; wildList.indexOf(symbol) != -1): null

2019-08-23 18:55:05 - [TEST_STEP][PASSED] - symbol = symbol: null

2019-08-23 18:55:05 - [TEST_STEP][PASSED] - println(symbol): null

2019-08-23 18:55:05 - [TEST_STEP][PASSED] - if (i == 2 &amp;&amp; wildList.indexOf(symbol) != -1): null

2019-08-23 18:55:05 - [TEST_STEP][PASSED] - if (i == 3 &amp;&amp; wildList.indexOf(symbol) != -1): null

2019-08-23 18:55:05 - [TEST_STEP][PASSED] - if (i == 4 &amp;&amp; wildList.indexOf(symbol) != -1): null

2019-08-23 18:55:05 - [TEST_STEP][PASSED] - symbols = symbols: null

2019-08-23 18:55:05 - [TEST_STEP][PASSED] - for ([j = 0, j &lt; symbols.size(), (j++)]): null

2019-08-23 18:55:05 - [TEST_STEP][PASSED] - symbol = symbol: null

2019-08-23 18:55:05 - [TEST_STEP][PASSED] - println(symbol): null

2019-08-23 18:55:05 - [TEST_STEP][PASSED] - if (i == 2 &amp;&amp; wildList.indexOf(symbol) != -1): null

2019-08-23 18:55:05 - [TEST_STEP][PASSED] - if (i == 3 &amp;&amp; wildList.indexOf(symbol) != -1): null

2019-08-23 18:55:05 - [TEST_STEP][PASSED] - if (i == 4 &amp;&amp; wildList.indexOf(symbol) != -1): null

2019-08-23 18:55:05 - [TEST_STEP][PASSED] - symbol = symbol: null

2019-08-23 18:55:05 - [TEST_STEP][PASSED] - println(symbol): null

2019-08-23 18:55:05 - [TEST_STEP][PASSED] - if (i == 2 &amp;&amp; wildList.indexOf(symbol) != -1): null

2019-08-23 18:55:05 - [TEST_STEP][PASSED] - if (i == 3 &amp;&amp; wildList.indexOf(symbol) != -1): null

2019-08-23 18:55:05 - [TEST_STEP][PASSED] - if (i == 4 &amp;&amp; wildList.indexOf(symbol) != -1): null

2019-08-23 18:55:05 - [TEST_STEP][PASSED] - symbol = symbol: null

2019-08-23 18:55:05 - [TEST_STEP][PASSED] - println(symbol): null

2019-08-23 18:55:05 - [TEST_STEP][PASSED] - if (i == 2 &amp;&amp; wildList.indexOf(symbol) != -1): null

2019-08-23 18:55:05 - [TEST_STEP][PASSED] - if (i == 3 &amp;&amp; wildList.indexOf(symbol) != -1): null

2019-08-23 18:55:05 - [TEST_STEP][PASSED] - if (i == 4 &amp;&amp; wildList.indexOf(symbol) != -1): null

2019-08-23 18:55:05 - [TEST_STEP][PASSED] - free_spin_reel_counter = free_spin_reel_counter: null

2019-08-23 18:55:05 - [TEST_STEP][PASSED] - println("reel 3 wild found: " + free_spin_reel_counter[0]): null

2019-08-23 18:55:05 - [TEST_STEP][PASSED] - println("reel 4 wild found: " + free_spin_reel_counter[1]): null

2019-08-23 18:55:05 - [TEST_STEP][PASSED] - println("reel 5 wild found: " + free_spin_reel_counter[2]): null

2019-08-23 18:55:05 - [TEST_STEP][PASSED] - M4_spin_reels = M4_spin_reels: null

2019-08-23 18:55:05 - [TEST_STEP][PASSED] - M4_spin_reels_symbols = symbol: null

2019-08-23 18:55:05 - [TEST_STEP][PASSED] - M4_spin_reels_symbols = M4_spin_reels_symbols: null

2019-08-23 18:55:05 - [TEST_STEP][PASSED] - M4_spin_reel_wins = reel_wins: null

2019-08-23 18:55:05 - [TEST_STEP][PASSED] - M4_spin_reel_wins = M4_spin_reel_wins: null

2019-08-23 18:55:05 - [TEST_STEP][PASSED] - println("GlobalVariable.M4_spin_reel_wins is: " + M4_spin_reel_wins): null

2019-08-23 18:55:05 - [TEST_STEP][PASSED] - M4_spin_total_bonus_win_this_round = total_bonus_win_this_round: null

2019-08-23 18:55:05 - [TEST_STEP][PASSED] - M4_spin_total_bonus_win_this_round = M4_spin_total_bonus_win_this_round: null

2019-08-23 18:55:05 - [TEST_STEP][PASSED] - println("GlobalVariable.M4_spin_total_bonus_win_this_round is: " + M4_spin_total_bonus_win_this_round): null

2019-08-23 18:55:05 - [TEST_STEP][PASSED] - M4_spin_bonus_spin_result = spin_result: null

2019-08-23 18:55:05 - [TEST_STEP][PASSED] - M4_spin_bonus_spin_result = M4_spin_bonus_spin_result: null

2019-08-23 18:55:05 - [MESSAGE][PASSED] - Verify response successfully

2019-08-23 18:55:05 - [MESSAGE][PASSED] - Send request and verify the response successfully

2019-08-23 18:55:05 - [TEST_STEP][PASSED] - if (free_spin_reel_counter[0] &gt;= 1 &amp;&amp; free_spin_reel_counter[1] &gt;= 1 &amp;&amp; free_spin_reel_counter[2] &gt;= 1): null

2019-08-23 18:55:05 - [TEST_STEP][PASSED] - spin_result = sendRequestAndVerify(findTestObject("INT/RGS(M4)/1_M4_spin", ["M4_login_user_id":M4_login_user_id, "rgs_session_token":rgs_session_token, "partner":Partner])): Send request and verify the response successfully

2019-08-23 18:55:06 - [MESSAGE][INFO] - HAR: /Users/eiralee/Katalon_Script/SuperWild/Reports/20190823_184757/INT/superWild_1/20190823_184757/requests/main/163.har

2019-08-23 18:55:06 - [TEST_CASE][PASSED] - Start Test Case : Verification: Verification accomplished successfully

2019-08-23 18:55:06 - [TEST_STEP][PASSED] - request = getInstance().getCurrentRequest(): null

2019-08-23 18:55:06 - [TEST_STEP][PASSED] - response = getInstance().getCurrentResponse(): null

2019-08-23 18:55:06 - [TEST_STEP][PASSED] - verifyResponseStatusCode(response, 200): Verify response status code successfully

2019-08-23 18:55:06 - [MESSAGE][PASSED] - Verify response status code successfully

2019-08-23 18:55:06 - [TEST_STEP][PASSED] - getStatusCode()).isEqualTo(200): null

2019-08-23 18:55:06 - [TEST_STEP][PASSED] - newline = System.getProperty("line.separator"): null

2019-08-23 18:55:06 - [TEST_STEP][PASSED] - M4_spin = new groovy.json.JsonSlurper(): null

2019-08-23 18:55:06 - [TEST_STEP][PASSED] - result_M4_spin = M4_spin.parseText(response.getResponseBodyContent()): null

2019-08-23 18:55:06 - [TEST_STEP][PASSED] - M4_spin_current_balance = current_balance: null

2019-08-23 18:55:06 - [TEST_STEP][PASSED] - M4_spin_current_balance = M4_spin_current_balance: null

2019-08-23 18:55:06 - [TEST_STEP][PASSED] - M4_spin_transaction_id = causality: null

2019-08-23 18:55:06 - [TEST_STEP][PASSED] - M4_spin_transaction_id = M4_spin_transaction_id: null

2019-08-23 18:55:06 - [TEST_STEP][PASSED] - M4_spin_round_id = round_id: null

2019-08-23 18:55:06 - [TEST_STEP][PASSED] - M4_spin_round_id = M4_spin_round_id: null

2019-08-23 18:55:06 - [TEST_STEP][PASSED] - M4_spin_line_wins = line_wins: null

2019-08-23 18:55:06 - [TEST_STEP][PASSED] - M4_spin_line_wins = M4_spin_line_wins: null

2019-08-23 18:55:06 - [TEST_STEP][PASSED] - M4_total_bonus_spins_int = total_bonus_spins: null

2019-08-23 18:55:06 - [TEST_STEP][PASSED] - println("******M4_total_bonus_spins type is:*******" + newline + getClass().getName()): null

2019-08-23 18:55:06 - [TEST_STEP][PASSED] - M4_total_bonus_spins_int = M4_total_bonus_spins_int: null

2019-08-23 18:55:06 - [TEST_STEP][PASSED] - M4_total_bonus_spins = Integer.toString(M4_total_bonus_spins_int): null

2019-08-23 18:55:06 - [TEST_STEP][PASSED] - M4_total_bonus_spins = M4_total_bonus_spins: null

2019-08-23 18:55:06 - [TEST_STEP][PASSED] - println("M4_total_bonus_spins is:" + M4_total_bonus_spins): null

2019-08-23 18:55:06 - [TEST_STEP][PASSED] - M4_spin_bonus_data = bonus_data: null

2019-08-23 18:55:06 - [TEST_STEP][PASSED] - M4_spin_features_triggered = result_M4_spin: null

2019-08-23 18:55:06 - [TEST_STEP][PASSED] - wild = []: null

2019-08-23 18:55:06 - [TEST_STEP][PASSED] - wild[0] = "WILD_Expanding": null

2019-08-23 18:55:06 - [TEST_STEP][PASSED] - wild[1] = "WILD_Normal": null

2019-08-23 18:55:06 - [TEST_STEP][PASSED] - wild[2] = "WILD_Double": null

2019-08-23 18:55:06 - [TEST_STEP][PASSED] - wild[3] = "WILD_ExtraFG": null

2019-08-23 18:55:06 - [TEST_STEP][PASSED] - wild[4] = "WILD_Triple": null

2019-08-23 18:55:06 - [TEST_STEP][PASSED] - wildList = Arrays.asList(wild): null

2019-08-23 18:55:06 - [TEST_STEP][PASSED] - wildList = wildList: null

2019-08-23 18:55:06 - [TEST_STEP][PASSED] - free_spin_reel_counter = []: null

2019-08-23 18:55:06 - [TEST_STEP][PASSED] - free_spin_reel_counter[0] = 0: null

2019-08-23 18:55:06 - [TEST_STEP][PASSED] - free_spin_reel_counter[1] = 0: null

2019-08-23 18:55:06 - [TEST_STEP][PASSED] - free_spin_reel_counter[2] = 0: null

2019-08-23 18:55:06 - [TEST_STEP][PASSED] - M4_spin_reels = reels: null

2019-08-23 18:55:06 - [TEST_STEP][PASSED] - for ([i = 0, i &lt; M4_spin_reels.size(), (i++)]): null

2019-08-23 18:55:06 - [TEST_STEP][PASSED] - symbols = symbols: null

2019-08-23 18:55:06 - [TEST_STEP][PASSED] - for ([j = 0, j &lt; symbols.size(), (j++)]): null

2019-08-23 18:55:06 - [TEST_STEP][PASSED] - symbol = symbol: null

2019-08-23 18:55:06 - [TEST_STEP][PASSED] - println(symbol): null

2019-08-23 18:55:06 - [TEST_STEP][PASSED] - if (i == 2 &amp;&amp; wildList.indexOf(symbol) != -1): null

2019-08-23 18:55:06 - [TEST_STEP][PASSED] - if (i == 3 &amp;&amp; wildList.indexOf(symbol) != -1): null

2019-08-23 18:55:06 - [TEST_STEP][PASSED] - if (i == 4 &amp;&amp; wildList.indexOf(symbol) != -1): null

2019-08-23 18:55:06 - [TEST_STEP][PASSED] - symbol = symbol: null

2019-08-23 18:55:06 - [TEST_STEP][PASSED] - println(symbol): null

2019-08-23 18:55:06 - [TEST_STEP][PASSED] - if (i == 2 &amp;&amp; wildList.indexOf(symbol) != -1): null

2019-08-23 18:55:06 - [TEST_STEP][PASSED] - if (i == 3 &amp;&amp; wildList.indexOf(symbol) != -1): null

2019-08-23 18:55:06 - [TEST_STEP][PASSED] - if (i == 4 &amp;&amp; wildList.indexOf(symbol) != -1): null

2019-08-23 18:55:06 - [TEST_STEP][PASSED] - symbol = symbol: null

2019-08-23 18:55:06 - [TEST_STEP][PASSED] - println(symbol): null

2019-08-23 18:55:06 - [TEST_STEP][PASSED] - if (i == 2 &amp;&amp; wildList.indexOf(symbol) != -1): null

2019-08-23 18:55:06 - [TEST_STEP][PASSED] - if (i == 3 &amp;&amp; wildList.indexOf(symbol) != -1): null

2019-08-23 18:55:06 - [TEST_STEP][PASSED] - if (i == 4 &amp;&amp; wildList.indexOf(symbol) != -1): null

2019-08-23 18:55:06 - [TEST_STEP][PASSED] - symbols = symbols: null

2019-08-23 18:55:06 - [TEST_STEP][PASSED] - for ([j = 0, j &lt; symbols.size(), (j++)]): null

2019-08-23 18:55:06 - [TEST_STEP][PASSED] - symbol = symbol: null

2019-08-23 18:55:06 - [TEST_STEP][PASSED] - println(symbol): null

2019-08-23 18:55:06 - [TEST_STEP][PASSED] - if (i == 2 &amp;&amp; wildList.indexOf(symbol) != -1): null

2019-08-23 18:55:06 - [TEST_STEP][PASSED] - if (i == 3 &amp;&amp; wildList.indexOf(symbol) != -1): null

2019-08-23 18:55:06 - [TEST_STEP][PASSED] - if (i == 4 &amp;&amp; wildList.indexOf(symbol) != -1): null

2019-08-23 18:55:06 - [TEST_STEP][PASSED] - symbol = symbol: null

2019-08-23 18:55:06 - [TEST_STEP][PASSED] - println(symbol): null

2019-08-23 18:55:06 - [TEST_STEP][PASSED] - if (i == 2 &amp;&amp; wildList.indexOf(symbol) != -1): null

2019-08-23 18:55:06 - [TEST_STEP][PASSED] - if (i == 3 &amp;&amp; wildList.indexOf(symbol) != -1): null

2019-08-23 18:55:06 - [TEST_STEP][PASSED] - if (i == 4 &amp;&amp; wildList.indexOf(symbol) != -1): null

2019-08-23 18:55:06 - [TEST_STEP][PASSED] - symbol = symbol: null

2019-08-23 18:55:06 - [TEST_STEP][PASSED] - println(symbol): null

2019-08-23 18:55:06 - [TEST_STEP][PASSED] - if (i == 2 &amp;&amp; wildList.indexOf(symbol) != -1): null

2019-08-23 18:55:06 - [TEST_STEP][PASSED] - if (i == 3 &amp;&amp; wildList.indexOf(symbol) != -1): null

2019-08-23 18:55:06 - [TEST_STEP][PASSED] - if (i == 4 &amp;&amp; wildList.indexOf(symbol) != -1): null

2019-08-23 18:55:06 - [TEST_STEP][PASSED] - symbols = symbols: null

2019-08-23 18:55:06 - [TEST_STEP][PASSED] - for ([j = 0, j &lt; symbols.size(), (j++)]): null

2019-08-23 18:55:06 - [TEST_STEP][PASSED] - symbol = symbol: null

2019-08-23 18:55:06 - [TEST_STEP][PASSED] - println(symbol): null

2019-08-23 18:55:06 - [TEST_STEP][PASSED] - if (i == 2 &amp;&amp; wildList.indexOf(symbol) != -1): null

2019-08-23 18:55:06 - [TEST_STEP][PASSED] - println("wild found on reel 3, adding counter by 1"): null

2019-08-23 18:55:06 - [TEST_STEP][PASSED] - free_spin_reel_counter[0] = free_spin_reel_counter[0] + 1: null

2019-08-23 18:55:08 - [TEST_STEP][PASSED] - if (i == 3 &amp;&amp; wildList.indexOf(symbol) != -1): null

2019-08-23 18:55:08 - [TEST_STEP][PASSED] - if (i == 4 &amp;&amp; wildList.indexOf(symbol) != -1): null

2019-08-23 18:55:08 - [TEST_STEP][PASSED] - symbol = symbol: null

2019-08-23 18:55:08 - [TEST_STEP][PASSED] - println(symbol): null

2019-08-23 18:55:08 - [TEST_STEP][PASSED] - if (i == 2 &amp;&amp; wildList.indexOf(symbol) != -1): null

2019-08-23 18:55:08 - [TEST_STEP][PASSED] - if (i == 3 &amp;&amp; wildList.indexOf(symbol) != -1): null

2019-08-23 18:55:08 - [TEST_STEP][PASSED] - if (i == 4 &amp;&amp; wildList.indexOf(symbol) != -1): null

2019-08-23 18:55:08 - [TEST_STEP][PASSED] - symbol = symbol: null

2019-08-23 18:55:08 - [TEST_STEP][PASSED] - println(symbol): null

2019-08-23 18:55:08 - [TEST_STEP][PASSED] - if (i == 2 &amp;&amp; wildList.indexOf(symbol) != -1): null

2019-08-23 18:55:08 - [TEST_STEP][PASSED] - if (i == 3 &amp;&amp; wildList.indexOf(symbol) != -1): null

2019-08-23 18:55:08 - [TEST_STEP][PASSED] - if (i == 4 &amp;&amp; wildList.indexOf(symbol) != -1): null

2019-08-23 18:55:08 - [TEST_STEP][PASSED] - symbols = symbols: null

2019-08-23 18:55:08 - [TEST_STEP][PASSED] - for ([j = 0, j &lt; symbols.size(), (j++)]): null

2019-08-23 18:55:08 - [TEST_STEP][PASSED] - symbol = symbol: null

2019-08-23 18:55:08 - [TEST_STEP][PASSED] - println(symbol): null

2019-08-23 18:55:08 - [TEST_STEP][PASSED] - if (i == 2 &amp;&amp; wildList.indexOf(symbol) != -1): null

2019-08-23 18:55:08 - [TEST_STEP][PASSED] - if (i == 3 &amp;&amp; wildList.indexOf(symbol) != -1): null

2019-08-23 18:55:08 - [TEST_STEP][PASSED] - if (i == 4 &amp;&amp; wildList.indexOf(symbol) != -1): null

2019-08-23 18:55:08 - [TEST_STEP][PASSED] - symbol = symbol: null

2019-08-23 18:55:08 - [TEST_STEP][PASSED] - println(symbol): null

2019-08-23 18:55:08 - [TEST_STEP][PASSED] - if (i == 2 &amp;&amp; wildList.indexOf(symbol) != -1): null

2019-08-23 18:55:08 - [TEST_STEP][PASSED] - if (i == 3 &amp;&amp; wildList.indexOf(symbol) != -1): null

2019-08-23 18:55:08 - [TEST_STEP][PASSED] - if (i == 4 &amp;&amp; wildList.indexOf(symbol) != -1): null

2019-08-23 18:55:08 - [TEST_STEP][PASSED] - symbol = symbol: null

2019-08-23 18:55:08 - [TEST_STEP][PASSED] - println(symbol): null

2019-08-23 18:55:08 - [TEST_STEP][PASSED] - if (i == 2 &amp;&amp; wildList.indexOf(symbol) != -1): null

2019-08-23 18:55:08 - [TEST_STEP][PASSED] - if (i == 3 &amp;&amp; wildList.indexOf(symbol) != -1): null

2019-08-23 18:55:08 - [TEST_STEP][PASSED] - if (i == 4 &amp;&amp; wildList.indexOf(symbol) != -1): null

2019-08-23 18:55:08 - [TEST_STEP][PASSED] - symbols = symbols: null

2019-08-23 18:55:08 - [TEST_STEP][PASSED] - for ([j = 0, j &lt; symbols.size(), (j++)]): null

2019-08-23 18:55:08 - [TEST_STEP][PASSED] - symbol = symbol: null

2019-08-23 18:55:08 - [TEST_STEP][PASSED] - println(symbol): null

2019-08-23 18:55:08 - [TEST_STEP][PASSED] - if (i == 2 &amp;&amp; wildList.indexOf(symbol) != -1): null

2019-08-23 18:55:08 - [TEST_STEP][PASSED] - if (i == 3 &amp;&amp; wildList.indexOf(symbol) != -1): null

2019-08-23 18:55:08 - [TEST_STEP][PASSED] - if (i == 4 &amp;&amp; wildList.indexOf(symbol) != -1): null

2019-08-23 18:55:08 - [TEST_STEP][PASSED] - symbol = symbol: null

2019-08-23 18:55:08 - [TEST_STEP][PASSED] - println(symbol): null

2019-08-23 18:55:08 - [TEST_STEP][PASSED] - if (i == 2 &amp;&amp; wildList.indexOf(symbol) != -1): null

2019-08-23 18:55:08 - [TEST_STEP][PASSED] - if (i == 3 &amp;&amp; wildList.indexOf(symbol) != -1): null

2019-08-23 18:55:08 - [TEST_STEP][PASSED] - if (i == 4 &amp;&amp; wildList.indexOf(symbol) != -1): null

2019-08-23 18:55:08 - [TEST_STEP][PASSED] - symbol = symbol: null

2019-08-23 18:55:08 - [TEST_STEP][PASSED] - println(symbol): null

2019-08-23 18:55:08 - [TEST_STEP][PASSED] - if (i == 2 &amp;&amp; wildList.indexOf(symbol) != -1): null

2019-08-23 18:55:08 - [TEST_STEP][PASSED] - if (i == 3 &amp;&amp; wildList.indexOf(symbol) != -1): null

2019-08-23 18:55:08 - [TEST_STEP][PASSED] - if (i == 4 &amp;&amp; wildList.indexOf(symbol) != -1): null

2019-08-23 18:55:08 - [TEST_STEP][PASSED] - free_spin_reel_counter = free_spin_reel_counter: null

2019-08-23 18:55:08 - [TEST_STEP][PASSED] - println("reel 3 wild found: " + free_spin_reel_counter[0]): null

2019-08-23 18:55:08 - [TEST_STEP][PASSED] - println("reel 4 wild found: " + free_spin_reel_counter[1]): null

2019-08-23 18:55:08 - [TEST_STEP][PASSED] - println("reel 5 wild found: " + free_spin_reel_counter[2]): null

2019-08-23 18:55:08 - [TEST_STEP][PASSED] - M4_spin_reels = M4_spin_reels: null

2019-08-23 18:55:08 - [TEST_STEP][PASSED] - M4_spin_reels_symbols = symbol: null

2019-08-23 18:55:08 - [TEST_STEP][PASSED] - M4_spin_reels_symbols = M4_spin_reels_symbols: null

2019-08-23 18:55:08 - [TEST_STEP][PASSED] - M4_spin_reel_wins = reel_wins: null

2019-08-23 18:55:08 - [TEST_STEP][PASSED] - M4_spin_reel_wins = M4_spin_reel_wins: null

2019-08-23 18:55:08 - [TEST_STEP][PASSED] - println("GlobalVariable.M4_spin_reel_wins is: " + M4_spin_reel_wins): null

2019-08-23 18:55:08 - [TEST_STEP][PASSED] - M4_spin_total_bonus_win_this_round = total_bonus_win_this_round: null

2019-08-23 18:55:08 - [TEST_STEP][PASSED] - M4_spin_total_bonus_win_this_round = M4_spin_total_bonus_win_this_round: null

2019-08-23 18:55:08 - [TEST_STEP][PASSED] - println("GlobalVariable.M4_spin_total_bonus_win_this_round is: " + M4_spin_total_bonus_win_this_round): null

2019-08-23 18:55:08 - [TEST_STEP][PASSED] - M4_spin_bonus_spin_result = spin_result: null

2019-08-23 18:55:08 - [TEST_STEP][PASSED] - M4_spin_bonus_spin_result = M4_spin_bonus_spin_result: null

2019-08-23 18:55:08 - [MESSAGE][PASSED] - Verify response successfully

2019-08-23 18:55:08 - [MESSAGE][PASSED] - Send request and verify the response successfully

2019-08-23 18:55:08 - [TEST_STEP][PASSED] - if (free_spin_reel_counter[0] &gt;= 1 &amp;&amp; free_spin_reel_counter[1] &gt;= 1 &amp;&amp; free_spin_reel_counter[2] &gt;= 1): null

2019-08-23 18:55:08 - [TEST_STEP][PASSED] - spin_result = sendRequestAndVerify(findTestObject("INT/RGS(M4)/1_M4_spin", ["M4_login_user_id":M4_login_user_id, "rgs_session_token":rgs_session_token, "partner":Partner])): Send request and verify the response successfully

2019-08-23 18:55:08 - [MESSAGE][INFO] - HAR: /Users/eiralee/Katalon_Script/SuperWild/Reports/20190823_184757/INT/superWild_1/20190823_184757/requests/main/164.har

2019-08-23 18:55:08 - [TEST_CASE][PASSED] - Start Test Case : Verification: Verification accomplished successfully

2019-08-23 18:55:09 - [TEST_STEP][PASSED] - request = getInstance().getCurrentRequest(): null

2019-08-23 18:55:09 - [TEST_STEP][PASSED] - response = getInstance().getCurrentResponse(): null

2019-08-23 18:55:09 - [TEST_STEP][PASSED] - verifyResponseStatusCode(response, 200): Verify response status code successfully

2019-08-23 18:55:09 - [MESSAGE][PASSED] - Verify response status code successfully

2019-08-23 18:55:09 - [TEST_STEP][PASSED] - getStatusCode()).isEqualTo(200): null

2019-08-23 18:55:09 - [TEST_STEP][PASSED] - newline = System.getProperty("line.separator"): null

2019-08-23 18:55:09 - [TEST_STEP][PASSED] - M4_spin = new groovy.json.JsonSlurper(): null

2019-08-23 18:55:09 - [TEST_STEP][PASSED] - result_M4_spin = M4_spin.parseText(response.getResponseBodyContent()): null

2019-08-23 18:55:09 - [TEST_STEP][PASSED] - M4_spin_current_balance = current_balance: null

2019-08-23 18:55:09 - [TEST_STEP][PASSED] - M4_spin_current_balance = M4_spin_current_balance: null

2019-08-23 18:55:09 - [TEST_STEP][PASSED] - M4_spin_transaction_id = causality: null

2019-08-23 18:55:09 - [TEST_STEP][PASSED] - M4_spin_transaction_id = M4_spin_transaction_id: null

2019-08-23 18:55:09 - [TEST_STEP][PASSED] - M4_spin_round_id = round_id: null

2019-08-23 18:55:09 - [TEST_STEP][PASSED] - M4_spin_round_id = M4_spin_round_id: null

2019-08-23 18:55:09 - [TEST_STEP][PASSED] - M4_spin_line_wins = line_wins: null

2019-08-23 18:55:09 - [TEST_STEP][PASSED] - M4_spin_line_wins = M4_spin_line_wins: null

2019-08-23 18:55:09 - [TEST_STEP][PASSED] - M4_total_bonus_spins_int = total_bonus_spins: null

2019-08-23 18:55:09 - [TEST_STEP][PASSED] - println("******M4_total_bonus_spins type is:*******" + newline + getClass().getName()): null

2019-08-23 18:55:09 - [TEST_STEP][PASSED] - M4_total_bonus_spins_int = M4_total_bonus_spins_int: null

2019-08-23 18:55:09 - [TEST_STEP][PASSED] - M4_total_bonus_spins = Integer.toString(M4_total_bonus_spins_int): null

2019-08-23 18:55:09 - [TEST_STEP][PASSED] - M4_total_bonus_spins = M4_total_bonus_spins: null

2019-08-23 18:55:09 - [TEST_STEP][PASSED] - println("M4_total_bonus_spins is:" + M4_total_bonus_spins): null

2019-08-23 18:55:09 - [TEST_STEP][PASSED] - M4_spin_bonus_data = bonus_data: null

2019-08-23 18:55:09 - [TEST_STEP][PASSED] - M4_spin_features_triggered = result_M4_spin: null

2019-08-23 18:55:09 - [TEST_STEP][PASSED] - wild = []: null

2019-08-23 18:55:09 - [TEST_STEP][PASSED] - wild[0] = "WILD_Expanding": null

2019-08-23 18:55:09 - [TEST_STEP][PASSED] - wild[1] = "WILD_Normal": null

2019-08-23 18:55:09 - [TEST_STEP][PASSED] - wild[2] = "WILD_Double": null

2019-08-23 18:55:09 - [TEST_STEP][PASSED] - wild[3] = "WILD_ExtraFG": null

2019-08-23 18:55:09 - [TEST_STEP][PASSED] - wild[4] = "WILD_Triple": null

2019-08-23 18:55:09 - [TEST_STEP][PASSED] - wildList = Arrays.asList(wild): null

2019-08-23 18:55:09 - [TEST_STEP][PASSED] - wildList = wildList: null

2019-08-23 18:55:09 - [TEST_STEP][PASSED] - free_spin_reel_counter = []: null

2019-08-23 18:55:09 - [TEST_STEP][PASSED] - free_spin_reel_counter[0] = 0: null

2019-08-23 18:55:09 - [TEST_STEP][PASSED] - free_spin_reel_counter[1] = 0: null

2019-08-23 18:55:09 - [TEST_STEP][PASSED] - free_spin_reel_counter[2] = 0: null

2019-08-23 18:55:09 - [TEST_STEP][PASSED] - M4_spin_reels = reels: null

2019-08-23 18:55:09 - [TEST_STEP][PASSED] - for ([i = 0, i &lt; M4_spin_reels.size(), (i++)]): null

2019-08-23 18:55:09 - [TEST_STEP][PASSED] - symbols = symbols: null

2019-08-23 18:55:09 - [TEST_STEP][PASSED] - for ([j = 0, j &lt; symbols.size(), (j++)]): null

2019-08-23 18:55:09 - [TEST_STEP][PASSED] - symbol = symbol: null

2019-08-23 18:55:09 - [TEST_STEP][PASSED] - println(symbol): null

2019-08-23 18:55:09 - [TEST_STEP][PASSED] - if (i == 2 &amp;&amp; wildList.indexOf(symbol) != -1): null

2019-08-23 18:55:09 - [TEST_STEP][PASSED] - if (i == 3 &amp;&amp; wildList.indexOf(symbol) != -1): null

2019-08-23 18:55:09 - [TEST_STEP][PASSED] - if (i == 4 &amp;&amp; wildList.indexOf(symbol) != -1): null

2019-08-23 18:55:09 - [TEST_STEP][PASSED] - symbol = symbol: null

2019-08-23 18:55:09 - [TEST_STEP][PASSED] - println(symbol): null

2019-08-23 18:55:09 - [TEST_STEP][PASSED] - if (i == 2 &amp;&amp; wildList.indexOf(symbol) != -1): null

2019-08-23 18:55:09 - [TEST_STEP][PASSED] - if (i == 3 &amp;&amp; wildList.indexOf(symbol) != -1): null

2019-08-23 18:55:09 - [TEST_STEP][PASSED] - if (i == 4 &amp;&amp; wildList.indexOf(symbol) != -1): null

2019-08-23 18:55:09 - [TEST_STEP][PASSED] - symbol = symbol: null

2019-08-23 18:55:09 - [TEST_STEP][PASSED] - println(symbol): null

2019-08-23 18:55:09 - [TEST_STEP][PASSED] - if (i == 2 &amp;&amp; wildList.indexOf(symbol) != -1): null

2019-08-23 18:55:09 - [TEST_STEP][PASSED] - if (i == 3 &amp;&amp; wildList.indexOf(symbol) != -1): null

2019-08-23 18:55:09 - [TEST_STEP][PASSED] - if (i == 4 &amp;&amp; wildList.indexOf(symbol) != -1): null

2019-08-23 18:55:09 - [TEST_STEP][PASSED] - symbols = symbols: null

2019-08-23 18:55:09 - [TEST_STEP][PASSED] - for ([j = 0, j &lt; symbols.size(), (j++)]): null

2019-08-23 18:55:09 - [TEST_STEP][PASSED] - symbol = symbol: null

2019-08-23 18:55:09 - [TEST_STEP][PASSED] - println(symbol): null

2019-08-23 18:55:09 - [TEST_STEP][PASSED] - if (i == 2 &amp;&amp; wildList.indexOf(symbol) != -1): null

2019-08-23 18:55:09 - [TEST_STEP][PASSED] - if (i == 3 &amp;&amp; wildList.indexOf(symbol) != -1): null

2019-08-23 18:55:09 - [TEST_STEP][PASSED] - if (i == 4 &amp;&amp; wildList.indexOf(symbol) != -1): null

2019-08-23 18:55:09 - [TEST_STEP][PASSED] - symbol = symbol: null

2019-08-23 18:55:09 - [TEST_STEP][PASSED] - println(symbol): null

2019-08-23 18:55:09 - [TEST_STEP][PASSED] - if (i == 2 &amp;&amp; wildList.indexOf(symbol) != -1): null

2019-08-23 18:55:09 - [TEST_STEP][PASSED] - if (i == 3 &amp;&amp; wildList.indexOf(symbol) != -1): null

2019-08-23 18:55:09 - [TEST_STEP][PASSED] - if (i == 4 &amp;&amp; wildList.indexOf(symbol) != -1): null

2019-08-23 18:55:09 - [TEST_STEP][PASSED] - symbol = symbol: null

2019-08-23 18:55:09 - [TEST_STEP][PASSED] - println(symbol): null

2019-08-23 18:55:09 - [TEST_STEP][PASSED] - if (i == 2 &amp;&amp; wildList.indexOf(symbol) != -1): null

2019-08-23 18:55:09 - [TEST_STEP][PASSED] - if (i == 3 &amp;&amp; wildList.indexOf(symbol) != -1): null

2019-08-23 18:55:09 - [TEST_STEP][PASSED] - if (i == 4 &amp;&amp; wildList.indexOf(symbol) != -1): null

2019-08-23 18:55:09 - [TEST_STEP][PASSED] - symbols = symbols: null

2019-08-23 18:55:09 - [TEST_STEP][PASSED] - for ([j = 0, j &lt; symbols.size(), (j++)]): null

2019-08-23 18:55:09 - [TEST_STEP][PASSED] - symbol = symbol: null

2019-08-23 18:55:09 - [TEST_STEP][PASSED] - println(symbol): null

2019-08-23 18:55:09 - [TEST_STEP][PASSED] - if (i == 2 &amp;&amp; wildList.indexOf(symbol) != -1): null

2019-08-23 18:55:09 - [TEST_STEP][PASSED] - if (i == 3 &amp;&amp; wildList.indexOf(symbol) != -1): null

2019-08-23 18:55:09 - [TEST_STEP][PASSED] - if (i == 4 &amp;&amp; wildList.indexOf(symbol) != -1): null

2019-08-23 18:55:09 - [TEST_STEP][PASSED] - symbol = symbol: null

2019-08-23 18:55:09 - [TEST_STEP][PASSED] - println(symbol): null

2019-08-23 18:55:09 - [TEST_STEP][PASSED] - if (i == 2 &amp;&amp; wildList.indexOf(symbol) != -1): null

2019-08-23 18:55:09 - [TEST_STEP][PASSED] - if (i == 3 &amp;&amp; wildList.indexOf(symbol) != -1): null

2019-08-23 18:55:09 - [TEST_STEP][PASSED] - if (i == 4 &amp;&amp; wildList.indexOf(symbol) != -1): null

2019-08-23 18:55:09 - [TEST_STEP][PASSED] - symbol = symbol: null

2019-08-23 18:55:09 - [TEST_STEP][PASSED] - println(symbol): null

2019-08-23 18:55:09 - [TEST_STEP][PASSED] - if (i == 2 &amp;&amp; wildList.indexOf(symbol) != -1): null

2019-08-23 18:55:09 - [TEST_STEP][PASSED] - if (i == 3 &amp;&amp; wildList.indexOf(symbol) != -1): null

2019-08-23 18:55:09 - [TEST_STEP][PASSED] - if (i == 4 &amp;&amp; wildList.indexOf(symbol) != -1): null

2019-08-23 18:55:09 - [TEST_STEP][PASSED] - symbols = symbols: null

2019-08-23 18:55:09 - [TEST_STEP][PASSED] - for ([j = 0, j &lt; symbols.size(), (j++)]): null

2019-08-23 18:55:09 - [TEST_STEP][PASSED] - symbol = symbol: null

2019-08-23 18:55:09 - [TEST_STEP][PASSED] - println(symbol): null

2019-08-23 18:55:09 - [TEST_STEP][PASSED] - if (i == 2 &amp;&amp; wildList.indexOf(symbol) != -1): null

2019-08-23 18:55:09 - [TEST_STEP][PASSED] - if (i == 3 &amp;&amp; wildList.indexOf(symbol) != -1): null

2019-08-23 18:55:09 - [TEST_STEP][PASSED] - if (i == 4 &amp;&amp; wildList.indexOf(symbol) != -1): null

2019-08-23 18:55:09 - [TEST_STEP][PASSED] - symbol = symbol: null

2019-08-23 18:55:09 - [TEST_STEP][PASSED] - println(symbol): null

2019-08-23 18:55:09 - [TEST_STEP][PASSED] - if (i == 2 &amp;&amp; wildList.indexOf(symbol) != -1): null

2019-08-23 18:55:09 - [TEST_STEP][PASSED] - if (i == 3 &amp;&amp; wildList.indexOf(symbol) != -1): null

2019-08-23 18:55:09 - [TEST_STEP][PASSED] - if (i == 4 &amp;&amp; wildList.indexOf(symbol) != -1): null

2019-08-23 18:55:09 - [TEST_STEP][PASSED] - symbol = symbol: null

2019-08-23 18:55:09 - [TEST_STEP][PASSED] - println(symbol): null

2019-08-23 18:55:09 - [TEST_STEP][PASSED] - if (i == 2 &amp;&amp; wildList.indexOf(symbol) != -1): null

2019-08-23 18:55:09 - [TEST_STEP][PASSED] - if (i == 3 &amp;&amp; wildList.indexOf(symbol) != -1): null

2019-08-23 18:55:09 - [TEST_STEP][PASSED] - if (i == 4 &amp;&amp; wildList.indexOf(symbol) != -1): null

2019-08-23 18:55:09 - [TEST_STEP][PASSED] - symbols = symbols: null

2019-08-23 18:55:09 - [TEST_STEP][PASSED] - for ([j = 0, j &lt; symbols.size(), (j++)]): null

2019-08-23 18:55:09 - [TEST_STEP][PASSED] - symbol = symbol: null

2019-08-23 18:55:09 - [TEST_STEP][PASSED] - println(symbol): null

2019-08-23 18:55:09 - [TEST_STEP][PASSED] - if (i == 2 &amp;&amp; wildList.indexOf(symbol) != -1): null

2019-08-23 18:55:09 - [TEST_STEP][PASSED] - if (i == 3 &amp;&amp; wildList.indexOf(symbol) != -1): null

2019-08-23 18:55:09 - [TEST_STEP][PASSED] - if (i == 4 &amp;&amp; wildList.indexOf(symbol) != -1): null

2019-08-23 18:55:09 - [TEST_STEP][PASSED] - symbol = symbol: null

2019-08-23 18:55:09 - [TEST_STEP][PASSED] - println(symbol): null

2019-08-23 18:55:09 - [TEST_STEP][PASSED] - if (i == 2 &amp;&amp; wildList.indexOf(symbol) != -1): null

2019-08-23 18:55:09 - [TEST_STEP][PASSED] - if (i == 3 &amp;&amp; wildList.indexOf(symbol) != -1): null

2019-08-23 18:55:09 - [TEST_STEP][PASSED] - if (i == 4 &amp;&amp; wildList.indexOf(symbol) != -1): null

2019-08-23 18:55:09 - [TEST_STEP][PASSED] - symbol = symbol: null

2019-08-23 18:55:09 - [TEST_STEP][PASSED] - println(symbol): null

2019-08-23 18:55:09 - [TEST_STEP][PASSED] - if (i == 2 &amp;&amp; wildList.indexOf(symbol) != -1): null

2019-08-23 18:55:09 - [TEST_STEP][PASSED] - if (i == 3 &amp;&amp; wildList.indexOf(symbol) != -1): null

2019-08-23 18:55:09 - [TEST_STEP][PASSED] - if (i == 4 &amp;&amp; wildList.indexOf(symbol) != -1): null

2019-08-23 18:55:09 - [TEST_STEP][PASSED] - free_spin_reel_counter = free_spin_reel_counter: null

2019-08-23 18:55:09 - [TEST_STEP][PASSED] - println("reel 3 wild found: " + free_spin_reel_counter[0]): null

2019-08-23 18:55:09 - [TEST_STEP][PASSED] - println("reel 4 wild found: " + free_spin_reel_counter[1]): null

2019-08-23 18:55:09 - [TEST_STEP][PASSED] - println("reel 5 wild found: " + free_spin_reel_counter[2]): null

2019-08-23 18:55:09 - [TEST_STEP][PASSED] - M4_spin_reels = M4_spin_reels: null

2019-08-23 18:55:09 - [TEST_STEP][PASSED] - M4_spin_reels_symbols = symbol: null

2019-08-23 18:55:09 - [TEST_STEP][PASSED] - M4_spin_reels_symbols = M4_spin_reels_symbols: null

2019-08-23 18:55:09 - [TEST_STEP][PASSED] - M4_spin_reel_wins = reel_wins: null

2019-08-23 18:55:09 - [TEST_STEP][PASSED] - M4_spin_reel_wins = M4_spin_reel_wins: null

2019-08-23 18:55:09 - [TEST_STEP][PASSED] - println("GlobalVariable.M4_spin_reel_wins is: " + M4_spin_reel_wins): null

2019-08-23 18:55:09 - [TEST_STEP][PASSED] - M4_spin_total_bonus_win_this_round = total_bonus_win_this_round: null

2019-08-23 18:55:09 - [TEST_STEP][PASSED] - M4_spin_total_bonus_win_this_round = M4_spin_total_bonus_win_this_round: null

2019-08-23 18:55:09 - [TEST_STEP][PASSED] - println("GlobalVariable.M4_spin_total_bonus_win_this_round is: " + M4_spin_total_bonus_win_this_round): null

2019-08-23 18:55:09 - [TEST_STEP][PASSED] - M4_spin_bonus_spin_result = spin_result: null

2019-08-23 18:55:09 - [TEST_STEP][PASSED] - M4_spin_bonus_spin_result = M4_spin_bonus_spin_result: null

2019-08-23 18:55:09 - [MESSAGE][PASSED] - Verify response successfully

2019-08-23 18:55:09 - [MESSAGE][PASSED] - Send request and verify the response successfully

2019-08-23 18:55:09 - [TEST_STEP][PASSED] - if (free_spin_reel_counter[0] &gt;= 1 &amp;&amp; free_spin_reel_counter[1] &gt;= 1 &amp;&amp; free_spin_reel_counter[2] &gt;= 1): null

2019-08-23 18:55:09 - [TEST_STEP][PASSED] - spin_result = sendRequestAndVerify(findTestObject("INT/RGS(M4)/1_M4_spin", ["M4_login_user_id":M4_login_user_id, "rgs_session_token":rgs_session_token, "partner":Partner])): Send request and verify the response successfully

2019-08-23 18:55:09 - [MESSAGE][INFO] - HAR: /Users/eiralee/Katalon_Script/SuperWild/Reports/20190823_184757/INT/superWild_1/20190823_184757/requests/main/165.har

2019-08-23 18:55:09 - [TEST_CASE][PASSED] - Start Test Case : Verification: Verification accomplished successfully

2019-08-23 18:55:09 - [TEST_STEP][PASSED] - request = getInstance().getCurrentRequest(): null

2019-08-23 18:55:09 - [TEST_STEP][PASSED] - response = getInstance().getCurrentResponse(): null

2019-08-23 18:55:09 - [TEST_STEP][PASSED] - verifyResponseStatusCode(response, 200): Verify response status code successfully

2019-08-23 18:55:09 - [MESSAGE][PASSED] - Verify response status code successfully

2019-08-23 18:55:09 - [TEST_STEP][PASSED] - getStatusCode()).isEqualTo(200): null

2019-08-23 18:55:09 - [TEST_STEP][PASSED] - newline = System.getProperty("line.separator"): null

2019-08-23 18:55:09 - [TEST_STEP][PASSED] - M4_spin = new groovy.json.JsonSlurper(): null

2019-08-23 18:55:09 - [TEST_STEP][PASSED] - result_M4_spin = M4_spin.parseText(response.getResponseBodyContent()): null

2019-08-23 18:55:09 - [TEST_STEP][PASSED] - M4_spin_current_balance = current_balance: null

2019-08-23 18:55:09 - [TEST_STEP][PASSED] - M4_spin_current_balance = M4_spin_current_balance: null

2019-08-23 18:55:09 - [TEST_STEP][PASSED] - M4_spin_transaction_id = causality: null

2019-08-23 18:55:09 - [TEST_STEP][PASSED] - M4_spin_transaction_id = M4_spin_transaction_id: null

2019-08-23 18:55:09 - [TEST_STEP][PASSED] - M4_spin_round_id = round_id: null

2019-08-23 18:55:09 - [TEST_STEP][PASSED] - M4_spin_round_id = M4_spin_round_id: null

2019-08-23 18:55:09 - [TEST_STEP][PASSED] - M4_spin_line_wins = line_wins: null

2019-08-23 18:55:09 - [TEST_STEP][PASSED] - M4_spin_line_wins = M4_spin_line_wins: null

2019-08-23 18:55:09 - [TEST_STEP][PASSED] - M4_total_bonus_spins_int = total_bonus_spins: null

2019-08-23 18:55:09 - [TEST_STEP][PASSED] - println("******M4_total_bonus_spins type is:*******" + newline + getClass().getName()): null

2019-08-23 18:55:09 - [TEST_STEP][PASSED] - M4_total_bonus_spins_int = M4_total_bonus_spins_int: null

2019-08-23 18:55:09 - [TEST_STEP][PASSED] - M4_total_bonus_spins = Integer.toString(M4_total_bonus_spins_int): null

2019-08-23 18:55:09 - [TEST_STEP][PASSED] - M4_total_bonus_spins = M4_total_bonus_spins: null

2019-08-23 18:55:09 - [TEST_STEP][PASSED] - println("M4_total_bonus_spins is:" + M4_total_bonus_spins): null

2019-08-23 18:55:09 - [TEST_STEP][PASSED] - M4_spin_bonus_data = bonus_data: null

2019-08-23 18:55:09 - [TEST_STEP][PASSED] - M4_spin_features_triggered = result_M4_spin: null

2019-08-23 18:55:09 - [TEST_STEP][PASSED] - wild = []: null

2019-08-23 18:55:09 - [TEST_STEP][PASSED] - wild[0] = "WILD_Expanding": null

2019-08-23 18:55:09 - [TEST_STEP][PASSED] - wild[1] = "WILD_Normal": null

2019-08-23 18:55:09 - [TEST_STEP][PASSED] - wild[2] = "WILD_Double": null

2019-08-23 18:55:09 - [TEST_STEP][PASSED] - wild[3] = "WILD_ExtraFG": null

2019-08-23 18:55:09 - [TEST_STEP][PASSED] - wild[4] = "WILD_Triple": null

2019-08-23 18:55:09 - [TEST_STEP][PASSED] - wildList = Arrays.asList(wild): null

2019-08-23 18:55:09 - [TEST_STEP][PASSED] - wildList = wildList: null

2019-08-23 18:55:09 - [TEST_STEP][PASSED] - free_spin_reel_counter = []: null

2019-08-23 18:55:09 - [TEST_STEP][PASSED] - free_spin_reel_counter[0] = 0: null

2019-08-23 18:55:09 - [TEST_STEP][PASSED] - free_spin_reel_counter[1] = 0: null

2019-08-23 18:55:09 - [TEST_STEP][PASSED] - free_spin_reel_counter[2] = 0: null

2019-08-23 18:55:09 - [TEST_STEP][PASSED] - M4_spin_reels = reels: null

2019-08-23 18:55:09 - [TEST_STEP][PASSED] - for ([i = 0, i &lt; M4_spin_reels.size(), (i++)]): null

2019-08-23 18:55:09 - [TEST_STEP][PASSED] - symbols = symbols: null

2019-08-23 18:55:09 - [TEST_STEP][PASSED] - for ([j = 0, j &lt; symbols.size(), (j++)]): null

2019-08-23 18:55:09 - [TEST_STEP][PASSED] - symbol = symbol: null

2019-08-23 18:55:09 - [TEST_STEP][PASSED] - println(symbol): null

2019-08-23 18:55:09 - [TEST_STEP][PASSED] - if (i == 2 &amp;&amp; wildList.indexOf(symbol) != -1): null

2019-08-23 18:55:09 - [TEST_STEP][PASSED] - if (i == 3 &amp;&amp; wildList.indexOf(symbol) != -1): null

2019-08-23 18:55:09 - [TEST_STEP][PASSED] - if (i == 4 &amp;&amp; wildList.indexOf(symbol) != -1): null

2019-08-23 18:55:09 - [TEST_STEP][PASSED] - symbol = symbol: null

2019-08-23 18:55:09 - [TEST_STEP][PASSED] - println(symbol): null

2019-08-23 18:55:09 - [TEST_STEP][PASSED] - if (i == 2 &amp;&amp; wildList.indexOf(symbol) != -1): null

2019-08-23 18:55:09 - [TEST_STEP][PASSED] - if (i == 3 &amp;&amp; wildList.indexOf(symbol) != -1): null

2019-08-23 18:55:09 - [TEST_STEP][PASSED] - if (i == 4 &amp;&amp; wildList.indexOf(symbol) != -1): null

2019-08-23 18:55:09 - [TEST_STEP][PASSED] - symbol = symbol: null

2019-08-23 18:55:09 - [TEST_STEP][PASSED] - println(symbol): null

2019-08-23 18:55:09 - [TEST_STEP][PASSED] - if (i == 2 &amp;&amp; wildList.indexOf(symbol) != -1): null

2019-08-23 18:55:09 - [TEST_STEP][PASSED] - if (i == 3 &amp;&amp; wildList.indexOf(symbol) != -1): null

2019-08-23 18:55:09 - [TEST_STEP][PASSED] - if (i == 4 &amp;&amp; wildList.indexOf(symbol) != -1): null

2019-08-23 18:55:09 - [TEST_STEP][PASSED] - symbols = symbols: null

2019-08-23 18:55:09 - [TEST_STEP][PASSED] - for ([j = 0, j &lt; symbols.size(), (j++)]): null

2019-08-23 18:55:09 - [TEST_STEP][PASSED] - symbol = symbol: null

2019-08-23 18:55:09 - [TEST_STEP][PASSED] - println(symbol): null

2019-08-23 18:55:09 - [TEST_STEP][PASSED] - if (i == 2 &amp;&amp; wildList.indexOf(symbol) != -1): null

2019-08-23 18:55:09 - [TEST_STEP][PASSED] - if (i == 3 &amp;&amp; wildList.indexOf(symbol) != -1): null

2019-08-23 18:55:09 - [TEST_STEP][PASSED] - if (i == 4 &amp;&amp; wildList.indexOf(symbol) != -1): null

2019-08-23 18:55:09 - [TEST_STEP][PASSED] - symbol = symbol: null

2019-08-23 18:55:09 - [TEST_STEP][PASSED] - println(symbol): null

2019-08-23 18:55:09 - [TEST_STEP][PASSED] - if (i == 2 &amp;&amp; wildList.indexOf(symbol) != -1): null

2019-08-23 18:55:09 - [TEST_STEP][PASSED] - if (i == 3 &amp;&amp; wildList.indexOf(symbol) != -1): null

2019-08-23 18:55:09 - [TEST_STEP][PASSED] - if (i == 4 &amp;&amp; wildList.indexOf(symbol) != -1): null

2019-08-23 18:55:09 - [TEST_STEP][PASSED] - symbol = symbol: null

2019-08-23 18:55:09 - [TEST_STEP][PASSED] - println(symbol): null

2019-08-23 18:55:09 - [TEST_STEP][PASSED] - if (i == 2 &amp;&amp; wildList.indexOf(symbol) != -1): null

2019-08-23 18:55:09 - [TEST_STEP][PASSED] - if (i == 3 &amp;&amp; wildList.indexOf(symbol) != -1): null

2019-08-23 18:55:09 - [TEST_STEP][PASSED] - if (i == 4 &amp;&amp; wildList.indexOf(symbol) != -1): null

2019-08-23 18:55:09 - [TEST_STEP][PASSED] - symbols = symbols: null

2019-08-23 18:55:09 - [TEST_STEP][PASSED] - for ([j = 0, j &lt; symbols.size(), (j++)]): null

2019-08-23 18:55:09 - [TEST_STEP][PASSED] - symbol = symbol: null

2019-08-23 18:55:09 - [TEST_STEP][PASSED] - println(symbol): null

2019-08-23 18:55:09 - [TEST_STEP][PASSED] - if (i == 2 &amp;&amp; wildList.indexOf(symbol) != -1): null

2019-08-23 18:55:09 - [TEST_STEP][PASSED] - if (i == 3 &amp;&amp; wildList.indexOf(symbol) != -1): null

2019-08-23 18:55:09 - [TEST_STEP][PASSED] - if (i == 4 &amp;&amp; wildList.indexOf(symbol) != -1): null

2019-08-23 18:55:09 - [TEST_STEP][PASSED] - symbol = symbol: null

2019-08-23 18:55:09 - [TEST_STEP][PASSED] - println(symbol): null

2019-08-23 18:55:09 - [TEST_STEP][PASSED] - if (i == 2 &amp;&amp; wildList.indexOf(symbol) != -1): null

2019-08-23 18:55:09 - [TEST_STEP][PASSED] - println("wild found on reel 3, adding counter by 1"): null

2019-08-23 18:55:09 - [TEST_STEP][PASSED] - free_spin_reel_counter[0] = free_spin_reel_counter[0] + 1: null

2019-08-23 18:55:09 - [TEST_STEP][PASSED] - if (i == 3 &amp;&amp; wildList.indexOf(symbol) != -1): null

2019-08-23 18:55:09 - [TEST_STEP][PASSED] - if (i == 4 &amp;&amp; wildList.indexOf(symbol) != -1): null

2019-08-23 18:55:09 - [TEST_STEP][PASSED] - symbol = symbol: null

2019-08-23 18:55:09 - [TEST_STEP][PASSED] - println(symbol): null

2019-08-23 18:55:09 - [TEST_STEP][PASSED] - if (i == 2 &amp;&amp; wildList.indexOf(symbol) != -1): null

2019-08-23 18:55:09 - [TEST_STEP][PASSED] - if (i == 3 &amp;&amp; wildList.indexOf(symbol) != -1): null

2019-08-23 18:55:09 - [TEST_STEP][PASSED] - if (i == 4 &amp;&amp; wildList.indexOf(symbol) != -1): null

2019-08-23 18:55:09 - [TEST_STEP][PASSED] - symbols = symbols: null

2019-08-23 18:55:09 - [TEST_STEP][PASSED] - for ([j = 0, j &lt; symbols.size(), (j++)]): null

2019-08-23 18:55:09 - [TEST_STEP][PASSED] - symbol = symbol: null

2019-08-23 18:55:09 - [TEST_STEP][PASSED] - println(symbol): null

2019-08-23 18:55:09 - [TEST_STEP][PASSED] - if (i == 2 &amp;&amp; wildList.indexOf(symbol) != -1): null

2019-08-23 18:55:09 - [TEST_STEP][PASSED] - if (i == 3 &amp;&amp; wildList.indexOf(symbol) != -1): null

2019-08-23 18:55:09 - [TEST_STEP][PASSED] - if (i == 4 &amp;&amp; wildList.indexOf(symbol) != -1): null

2019-08-23 18:55:09 - [TEST_STEP][PASSED] - symbol = symbol: null

2019-08-23 18:55:09 - [TEST_STEP][PASSED] - println(symbol): null

2019-08-23 18:55:09 - [TEST_STEP][PASSED] - if (i == 2 &amp;&amp; wildList.indexOf(symbol) != -1): null

2019-08-23 18:55:09 - [TEST_STEP][PASSED] - if (i == 3 &amp;&amp; wildList.indexOf(symbol) != -1): null

2019-08-23 18:55:09 - [TEST_STEP][PASSED] - if (i == 4 &amp;&amp; wildList.indexOf(symbol) != -1): null

2019-08-23 18:55:09 - [TEST_STEP][PASSED] - symbol = symbol: null

2019-08-23 18:55:09 - [TEST_STEP][PASSED] - println(symbol): null

2019-08-23 18:55:09 - [TEST_STEP][PASSED] - if (i == 2 &amp;&amp; wildList.indexOf(symbol) != -1): null

2019-08-23 18:55:09 - [TEST_STEP][PASSED] - if (i == 3 &amp;&amp; wildList.indexOf(symbol) != -1): null

2019-08-23 18:55:09 - [TEST_STEP][PASSED] - println("wild found on reel 4, adding counter by 1"): null

2019-08-23 18:55:09 - [TEST_STEP][PASSED] - free_spin_reel_counter[1] = free_spin_reel_counter[1] + 1: null

2019-08-23 18:55:09 - [TEST_STEP][PASSED] - if (i == 4 &amp;&amp; wildList.indexOf(symbol) != -1): null

2019-08-23 18:55:09 - [TEST_STEP][PASSED] - symbols = symbols: null

2019-08-23 18:55:09 - [TEST_STEP][PASSED] - for ([j = 0, j &lt; symbols.size(), (j++)]): null

2019-08-23 18:55:09 - [TEST_STEP][PASSED] - symbol = symbol: null

2019-08-23 18:55:11 - [TEST_STEP][PASSED] - println(symbol): null

2019-08-23 18:55:11 - [TEST_STEP][PASSED] - if (i == 2 &amp;&amp; wildList.indexOf(symbol) != -1): null

2019-08-23 18:55:11 - [TEST_STEP][PASSED] - if (i == 3 &amp;&amp; wildList.indexOf(symbol) != -1): null

2019-08-23 18:55:11 - [TEST_STEP][PASSED] - if (i == 4 &amp;&amp; wildList.indexOf(symbol) != -1): null

2019-08-23 18:55:11 - [TEST_STEP][PASSED] - symbol = symbol: null

2019-08-23 18:55:11 - [TEST_STEP][PASSED] - println(symbol): null

2019-08-23 18:55:11 - [TEST_STEP][PASSED] - if (i == 2 &amp;&amp; wildList.indexOf(symbol) != -1): null

2019-08-23 18:55:11 - [TEST_STEP][PASSED] - if (i == 3 &amp;&amp; wildList.indexOf(symbol) != -1): null

2019-08-23 18:55:11 - [TEST_STEP][PASSED] - if (i == 4 &amp;&amp; wildList.indexOf(symbol) != -1): null

2019-08-23 18:55:11 - [TEST_STEP][PASSED] - symbol = symbol: null

2019-08-23 18:55:11 - [TEST_STEP][PASSED] - println(symbol): null

2019-08-23 18:55:11 - [TEST_STEP][PASSED] - if (i == 2 &amp;&amp; wildList.indexOf(symbol) != -1): null

2019-08-23 18:55:11 - [TEST_STEP][PASSED] - if (i == 3 &amp;&amp; wildList.indexOf(symbol) != -1): null

2019-08-23 18:55:11 - [TEST_STEP][PASSED] - if (i == 4 &amp;&amp; wildList.indexOf(symbol) != -1): null

2019-08-23 18:55:11 - [TEST_STEP][PASSED] - free_spin_reel_counter = free_spin_reel_counter: null

2019-08-23 18:55:11 - [TEST_STEP][PASSED] - println("reel 3 wild found: " + free_spin_reel_counter[0]): null

2019-08-23 18:55:11 - [TEST_STEP][PASSED] - println("reel 4 wild found: " + free_spin_reel_counter[1]): null

2019-08-23 18:55:11 - [TEST_STEP][PASSED] - println("reel 5 wild found: " + free_spin_reel_counter[2]): null

2019-08-23 18:55:11 - [TEST_STEP][PASSED] - M4_spin_reels = M4_spin_reels: null

2019-08-23 18:55:11 - [TEST_STEP][PASSED] - M4_spin_reels_symbols = symbol: null

2019-08-23 18:55:11 - [TEST_STEP][PASSED] - M4_spin_reels_symbols = M4_spin_reels_symbols: null

2019-08-23 18:55:11 - [TEST_STEP][PASSED] - M4_spin_reel_wins = reel_wins: null

2019-08-23 18:55:11 - [TEST_STEP][PASSED] - M4_spin_reel_wins = M4_spin_reel_wins: null

2019-08-23 18:55:11 - [TEST_STEP][PASSED] - println("GlobalVariable.M4_spin_reel_wins is: " + M4_spin_reel_wins): null

2019-08-23 18:55:11 - [TEST_STEP][PASSED] - M4_spin_total_bonus_win_this_round = total_bonus_win_this_round: null

2019-08-23 18:55:11 - [TEST_STEP][PASSED] - M4_spin_total_bonus_win_this_round = M4_spin_total_bonus_win_this_round: null

2019-08-23 18:55:11 - [TEST_STEP][PASSED] - println("GlobalVariable.M4_spin_total_bonus_win_this_round is: " + M4_spin_total_bonus_win_this_round): null

2019-08-23 18:55:11 - [TEST_STEP][PASSED] - M4_spin_bonus_spin_result = spin_result: null

2019-08-23 18:55:11 - [TEST_STEP][PASSED] - M4_spin_bonus_spin_result = M4_spin_bonus_spin_result: null

2019-08-23 18:55:11 - [MESSAGE][PASSED] - Verify response successfully

2019-08-23 18:55:11 - [MESSAGE][PASSED] - Send request and verify the response successfully

2019-08-23 18:55:11 - [TEST_STEP][PASSED] - if (free_spin_reel_counter[0] &gt;= 1 &amp;&amp; free_spin_reel_counter[1] &gt;= 1 &amp;&amp; free_spin_reel_counter[2] &gt;= 1): null

2019-08-23 18:55:11 - [TEST_STEP][PASSED] - spin_result = sendRequestAndVerify(findTestObject("INT/RGS(M4)/1_M4_spin", ["M4_login_user_id":M4_login_user_id, "rgs_session_token":rgs_session_token, "partner":Partner])): Send request and verify the response successfully

2019-08-23 18:55:12 - [MESSAGE][INFO] - HAR: /Users/eiralee/Katalon_Script/SuperWild/Reports/20190823_184757/INT/superWild_1/20190823_184757/requests/main/166.har

2019-08-23 18:55:12 - [TEST_CASE][PASSED] - Start Test Case : Verification: Verification accomplished successfully

2019-08-23 18:55:12 - [TEST_STEP][PASSED] - request = getInstance().getCurrentRequest(): null

2019-08-23 18:55:12 - [TEST_STEP][PASSED] - response = getInstance().getCurrentResponse(): null

2019-08-23 18:55:12 - [TEST_STEP][PASSED] - verifyResponseStatusCode(response, 200): Verify response status code successfully

2019-08-23 18:55:12 - [MESSAGE][PASSED] - Verify response status code successfully

2019-08-23 18:55:12 - [TEST_STEP][PASSED] - getStatusCode()).isEqualTo(200): null

2019-08-23 18:55:12 - [TEST_STEP][PASSED] - newline = System.getProperty("line.separator"): null

2019-08-23 18:55:12 - [TEST_STEP][PASSED] - M4_spin = new groovy.json.JsonSlurper(): null

2019-08-23 18:55:12 - [TEST_STEP][PASSED] - result_M4_spin = M4_spin.parseText(response.getResponseBodyContent()): null

2019-08-23 18:55:12 - [TEST_STEP][PASSED] - M4_spin_current_balance = current_balance: null

2019-08-23 18:55:12 - [TEST_STEP][PASSED] - M4_spin_current_balance = M4_spin_current_balance: null

2019-08-23 18:55:12 - [TEST_STEP][PASSED] - M4_spin_transaction_id = causality: null

2019-08-23 18:55:12 - [TEST_STEP][PASSED] - M4_spin_transaction_id = M4_spin_transaction_id: null

2019-08-23 18:55:12 - [TEST_STEP][PASSED] - M4_spin_round_id = round_id: null

2019-08-23 18:55:12 - [TEST_STEP][PASSED] - M4_spin_round_id = M4_spin_round_id: null

2019-08-23 18:55:12 - [TEST_STEP][PASSED] - M4_spin_line_wins = line_wins: null

2019-08-23 18:55:12 - [TEST_STEP][PASSED] - M4_spin_line_wins = M4_spin_line_wins: null

2019-08-23 18:55:12 - [TEST_STEP][PASSED] - M4_total_bonus_spins_int = total_bonus_spins: null

2019-08-23 18:55:12 - [TEST_STEP][PASSED] - println("******M4_total_bonus_spins type is:*******" + newline + getClass().getName()): null

2019-08-23 18:55:12 - [TEST_STEP][PASSED] - M4_total_bonus_spins_int = M4_total_bonus_spins_int: null

2019-08-23 18:55:12 - [TEST_STEP][PASSED] - M4_total_bonus_spins = Integer.toString(M4_total_bonus_spins_int): null

2019-08-23 18:55:12 - [TEST_STEP][PASSED] - M4_total_bonus_spins = M4_total_bonus_spins: null

2019-08-23 18:55:12 - [TEST_STEP][PASSED] - println("M4_total_bonus_spins is:" + M4_total_bonus_spins): null

2019-08-23 18:55:12 - [TEST_STEP][PASSED] - M4_spin_bonus_data = bonus_data: null

2019-08-23 18:55:12 - [TEST_STEP][PASSED] - M4_spin_features_triggered = result_M4_spin: null

2019-08-23 18:55:12 - [TEST_STEP][PASSED] - wild = []: null

2019-08-23 18:55:12 - [TEST_STEP][PASSED] - wild[0] = "WILD_Expanding": null

2019-08-23 18:55:12 - [TEST_STEP][PASSED] - wild[1] = "WILD_Normal": null

2019-08-23 18:55:12 - [TEST_STEP][PASSED] - wild[2] = "WILD_Double": null

2019-08-23 18:55:12 - [TEST_STEP][PASSED] - wild[3] = "WILD_ExtraFG": null

2019-08-23 18:55:12 - [TEST_STEP][PASSED] - wild[4] = "WILD_Triple": null

2019-08-23 18:55:12 - [TEST_STEP][PASSED] - wildList = Arrays.asList(wild): null

2019-08-23 18:55:12 - [TEST_STEP][PASSED] - wildList = wildList: null

2019-08-23 18:55:12 - [TEST_STEP][PASSED] - free_spin_reel_counter = []: null

2019-08-23 18:55:12 - [TEST_STEP][PASSED] - free_spin_reel_counter[0] = 0: null

2019-08-23 18:55:12 - [TEST_STEP][PASSED] - free_spin_reel_counter[1] = 0: null

2019-08-23 18:55:12 - [TEST_STEP][PASSED] - free_spin_reel_counter[2] = 0: null

2019-08-23 18:55:12 - [TEST_STEP][PASSED] - M4_spin_reels = reels: null

2019-08-23 18:55:12 - [TEST_STEP][PASSED] - for ([i = 0, i &lt; M4_spin_reels.size(), (i++)]): null

2019-08-23 18:55:12 - [TEST_STEP][PASSED] - symbols = symbols: null

2019-08-23 18:55:12 - [TEST_STEP][PASSED] - for ([j = 0, j &lt; symbols.size(), (j++)]): null

2019-08-23 18:55:12 - [TEST_STEP][PASSED] - symbol = symbol: null

2019-08-23 18:55:12 - [TEST_STEP][PASSED] - println(symbol): null

2019-08-23 18:55:12 - [TEST_STEP][PASSED] - if (i == 2 &amp;&amp; wildList.indexOf(symbol) != -1): null

2019-08-23 18:55:12 - [TEST_STEP][PASSED] - if (i == 3 &amp;&amp; wildList.indexOf(symbol) != -1): null

2019-08-23 18:55:12 - [TEST_STEP][PASSED] - if (i == 4 &amp;&amp; wildList.indexOf(symbol) != -1): null

2019-08-23 18:55:12 - [TEST_STEP][PASSED] - symbol = symbol: null

2019-08-23 18:55:12 - [TEST_STEP][PASSED] - println(symbol): null

2019-08-23 18:55:12 - [TEST_STEP][PASSED] - if (i == 2 &amp;&amp; wildList.indexOf(symbol) != -1): null

2019-08-23 18:55:12 - [TEST_STEP][PASSED] - if (i == 3 &amp;&amp; wildList.indexOf(symbol) != -1): null

2019-08-23 18:55:12 - [TEST_STEP][PASSED] - if (i == 4 &amp;&amp; wildList.indexOf(symbol) != -1): null

2019-08-23 18:55:12 - [TEST_STEP][PASSED] - symbol = symbol: null

2019-08-23 18:55:12 - [TEST_STEP][PASSED] - println(symbol): null

2019-08-23 18:55:12 - [TEST_STEP][PASSED] - if (i == 2 &amp;&amp; wildList.indexOf(symbol) != -1): null

2019-08-23 18:55:12 - [TEST_STEP][PASSED] - if (i == 3 &amp;&amp; wildList.indexOf(symbol) != -1): null

2019-08-23 18:55:12 - [TEST_STEP][PASSED] - if (i == 4 &amp;&amp; wildList.indexOf(symbol) != -1): null

2019-08-23 18:55:12 - [TEST_STEP][PASSED] - symbols = symbols: null

2019-08-23 18:55:12 - [TEST_STEP][PASSED] - for ([j = 0, j &lt; symbols.size(), (j++)]): null

2019-08-23 18:55:12 - [TEST_STEP][PASSED] - symbol = symbol: null

2019-08-23 18:55:12 - [TEST_STEP][PASSED] - println(symbol): null

2019-08-23 18:55:12 - [TEST_STEP][PASSED] - if (i == 2 &amp;&amp; wildList.indexOf(symbol) != -1): null

2019-08-23 18:55:12 - [TEST_STEP][PASSED] - if (i == 3 &amp;&amp; wildList.indexOf(symbol) != -1): null

2019-08-23 18:55:12 - [TEST_STEP][PASSED] - if (i == 4 &amp;&amp; wildList.indexOf(symbol) != -1): null

2019-08-23 18:55:12 - [TEST_STEP][PASSED] - symbol = symbol: null

2019-08-23 18:55:12 - [TEST_STEP][PASSED] - println(symbol): null

2019-08-23 18:55:12 - [TEST_STEP][PASSED] - if (i == 2 &amp;&amp; wildList.indexOf(symbol) != -1): null

2019-08-23 18:55:12 - [TEST_STEP][PASSED] - if (i == 3 &amp;&amp; wildList.indexOf(symbol) != -1): null

2019-08-23 18:55:12 - [TEST_STEP][PASSED] - if (i == 4 &amp;&amp; wildList.indexOf(symbol) != -1): null

2019-08-23 18:55:12 - [TEST_STEP][PASSED] - symbol = symbol: null

2019-08-23 18:55:12 - [TEST_STEP][PASSED] - println(symbol): null

2019-08-23 18:55:12 - [TEST_STEP][PASSED] - if (i == 2 &amp;&amp; wildList.indexOf(symbol) != -1): null

2019-08-23 18:55:12 - [TEST_STEP][PASSED] - if (i == 3 &amp;&amp; wildList.indexOf(symbol) != -1): null

2019-08-23 18:55:12 - [TEST_STEP][PASSED] - if (i == 4 &amp;&amp; wildList.indexOf(symbol) != -1): null

2019-08-23 18:55:12 - [TEST_STEP][PASSED] - symbols = symbols: null

2019-08-23 18:55:12 - [TEST_STEP][PASSED] - for ([j = 0, j &lt; symbols.size(), (j++)]): null

2019-08-23 18:55:12 - [TEST_STEP][PASSED] - symbol = symbol: null

2019-08-23 18:55:12 - [TEST_STEP][PASSED] - println(symbol): null

2019-08-23 18:55:12 - [TEST_STEP][PASSED] - if (i == 2 &amp;&amp; wildList.indexOf(symbol) != -1): null

2019-08-23 18:55:12 - [TEST_STEP][PASSED] - if (i == 3 &amp;&amp; wildList.indexOf(symbol) != -1): null

2019-08-23 18:55:12 - [TEST_STEP][PASSED] - if (i == 4 &amp;&amp; wildList.indexOf(symbol) != -1): null

2019-08-23 18:55:12 - [TEST_STEP][PASSED] - symbol = symbol: null

2019-08-23 18:55:12 - [TEST_STEP][PASSED] - println(symbol): null

2019-08-23 18:55:12 - [TEST_STEP][PASSED] - if (i == 2 &amp;&amp; wildList.indexOf(symbol) != -1): null

2019-08-23 18:55:12 - [TEST_STEP][PASSED] - if (i == 3 &amp;&amp; wildList.indexOf(symbol) != -1): null

2019-08-23 18:55:12 - [TEST_STEP][PASSED] - if (i == 4 &amp;&amp; wildList.indexOf(symbol) != -1): null

2019-08-23 18:55:12 - [TEST_STEP][PASSED] - symbol = symbol: null

2019-08-23 18:55:12 - [TEST_STEP][PASSED] - println(symbol): null

2019-08-23 18:55:12 - [TEST_STEP][PASSED] - if (i == 2 &amp;&amp; wildList.indexOf(symbol) != -1): null

2019-08-23 18:55:12 - [TEST_STEP][PASSED] - if (i == 3 &amp;&amp; wildList.indexOf(symbol) != -1): null

2019-08-23 18:55:12 - [TEST_STEP][PASSED] - if (i == 4 &amp;&amp; wildList.indexOf(symbol) != -1): null

2019-08-23 18:55:12 - [TEST_STEP][PASSED] - symbols = symbols: null

2019-08-23 18:55:12 - [TEST_STEP][PASSED] - for ([j = 0, j &lt; symbols.size(), (j++)]): null

2019-08-23 18:55:12 - [TEST_STEP][PASSED] - symbol = symbol: null

2019-08-23 18:55:12 - [TEST_STEP][PASSED] - println(symbol): null

2019-08-23 18:55:12 - [TEST_STEP][PASSED] - if (i == 2 &amp;&amp; wildList.indexOf(symbol) != -1): null

2019-08-23 18:55:12 - [TEST_STEP][PASSED] - if (i == 3 &amp;&amp; wildList.indexOf(symbol) != -1): null

2019-08-23 18:55:12 - [TEST_STEP][PASSED] - if (i == 4 &amp;&amp; wildList.indexOf(symbol) != -1): null

2019-08-23 18:55:12 - [TEST_STEP][PASSED] - symbol = symbol: null

2019-08-23 18:55:12 - [TEST_STEP][PASSED] - println(symbol): null

2019-08-23 18:55:12 - [TEST_STEP][PASSED] - if (i == 2 &amp;&amp; wildList.indexOf(symbol) != -1): null

2019-08-23 18:55:12 - [TEST_STEP][PASSED] - if (i == 3 &amp;&amp; wildList.indexOf(symbol) != -1): null

2019-08-23 18:55:12 - [TEST_STEP][PASSED] - if (i == 4 &amp;&amp; wildList.indexOf(symbol) != -1): null

2019-08-23 18:55:12 - [TEST_STEP][PASSED] - symbol = symbol: null

2019-08-23 18:55:12 - [TEST_STEP][PASSED] - println(symbol): null

2019-08-23 18:55:12 - [TEST_STEP][PASSED] - if (i == 2 &amp;&amp; wildList.indexOf(symbol) != -1): null

2019-08-23 18:55:12 - [TEST_STEP][PASSED] - if (i == 3 &amp;&amp; wildList.indexOf(symbol) != -1): null

2019-08-23 18:55:12 - [TEST_STEP][PASSED] - if (i == 4 &amp;&amp; wildList.indexOf(symbol) != -1): null

2019-08-23 18:55:12 - [TEST_STEP][PASSED] - symbols = symbols: null

2019-08-23 18:55:12 - [TEST_STEP][PASSED] - for ([j = 0, j &lt; symbols.size(), (j++)]): null

2019-08-23 18:55:12 - [TEST_STEP][PASSED] - symbol = symbol: null

2019-08-23 18:55:12 - [TEST_STEP][PASSED] - println(symbol): null

2019-08-23 18:55:12 - [TEST_STEP][PASSED] - if (i == 2 &amp;&amp; wildList.indexOf(symbol) != -1): null

2019-08-23 18:55:12 - [TEST_STEP][PASSED] - if (i == 3 &amp;&amp; wildList.indexOf(symbol) != -1): null

2019-08-23 18:55:12 - [TEST_STEP][PASSED] - if (i == 4 &amp;&amp; wildList.indexOf(symbol) != -1): null

2019-08-23 18:55:12 - [TEST_STEP][PASSED] - symbol = symbol: null

2019-08-23 18:55:12 - [TEST_STEP][PASSED] - println(symbol): null

2019-08-23 18:55:12 - [TEST_STEP][PASSED] - if (i == 2 &amp;&amp; wildList.indexOf(symbol) != -1): null

2019-08-23 18:55:12 - [TEST_STEP][PASSED] - if (i == 3 &amp;&amp; wildList.indexOf(symbol) != -1): null

2019-08-23 18:55:12 - [TEST_STEP][PASSED] - if (i == 4 &amp;&amp; wildList.indexOf(symbol) != -1): null

2019-08-23 18:55:12 - [TEST_STEP][PASSED] - symbol = symbol: null

2019-08-23 18:55:12 - [TEST_STEP][PASSED] - println(symbol): null

2019-08-23 18:55:12 - [TEST_STEP][PASSED] - if (i == 2 &amp;&amp; wildList.indexOf(symbol) != -1): null

2019-08-23 18:55:12 - [TEST_STEP][PASSED] - if (i == 3 &amp;&amp; wildList.indexOf(symbol) != -1): null

2019-08-23 18:55:12 - [TEST_STEP][PASSED] - if (i == 4 &amp;&amp; wildList.indexOf(symbol) != -1): null

2019-08-23 18:55:12 - [TEST_STEP][PASSED] - free_spin_reel_counter = free_spin_reel_counter: null

2019-08-23 18:55:12 - [TEST_STEP][PASSED] - println("reel 3 wild found: " + free_spin_reel_counter[0]): null

2019-08-23 18:55:12 - [TEST_STEP][PASSED] - println("reel 4 wild found: " + free_spin_reel_counter[1]): null

2019-08-23 18:55:12 - [TEST_STEP][PASSED] - println("reel 5 wild found: " + free_spin_reel_counter[2]): null

2019-08-23 18:55:12 - [TEST_STEP][PASSED] - M4_spin_reels = M4_spin_reels: null

2019-08-23 18:55:12 - [TEST_STEP][PASSED] - M4_spin_reels_symbols = symbol: null

2019-08-23 18:55:12 - [TEST_STEP][PASSED] - M4_spin_reels_symbols = M4_spin_reels_symbols: null

2019-08-23 18:55:12 - [TEST_STEP][PASSED] - M4_spin_reel_wins = reel_wins: null

2019-08-23 18:55:12 - [TEST_STEP][PASSED] - M4_spin_reel_wins = M4_spin_reel_wins: null

2019-08-23 18:55:12 - [TEST_STEP][PASSED] - println("GlobalVariable.M4_spin_reel_wins is: " + M4_spin_reel_wins): null

2019-08-23 18:55:12 - [TEST_STEP][PASSED] - M4_spin_total_bonus_win_this_round = total_bonus_win_this_round: null

2019-08-23 18:55:12 - [TEST_STEP][PASSED] - M4_spin_total_bonus_win_this_round = M4_spin_total_bonus_win_this_round: null

2019-08-23 18:55:12 - [TEST_STEP][PASSED] - println("GlobalVariable.M4_spin_total_bonus_win_this_round is: " + M4_spin_total_bonus_win_this_round): null

2019-08-23 18:55:12 - [TEST_STEP][PASSED] - M4_spin_bonus_spin_result = spin_result: null

2019-08-23 18:55:12 - [TEST_STEP][PASSED] - M4_spin_bonus_spin_result = M4_spin_bonus_spin_result: null

2019-08-23 18:55:12 - [MESSAGE][PASSED] - Verify response successfully

2019-08-23 18:55:12 - [MESSAGE][PASSED] - Send request and verify the response successfully

2019-08-23 18:55:12 - [TEST_STEP][PASSED] - if (free_spin_reel_counter[0] &gt;= 1 &amp;&amp; free_spin_reel_counter[1] &gt;= 1 &amp;&amp; free_spin_reel_counter[2] &gt;= 1): null

2019-08-23 18:55:12 - [TEST_STEP][PASSED] - spin_result = sendRequestAndVerify(findTestObject("INT/RGS(M4)/1_M4_spin", ["M4_login_user_id":M4_login_user_id, "rgs_session_token":rgs_session_token, "partner":Partner])): Send request and verify the response successfully

2019-08-23 18:55:12 - [MESSAGE][INFO] - HAR: /Users/eiralee/Katalon_Script/SuperWild/Reports/20190823_184757/INT/superWild_1/20190823_184757/requests/main/167.har

2019-08-23 18:55:13 - [TEST_CASE][PASSED] - Start Test Case : Verification: Verification accomplished successfully

2019-08-23 18:55:13 - [TEST_STEP][PASSED] - request = getInstance().getCurrentRequest(): null

2019-08-23 18:55:13 - [TEST_STEP][PASSED] - response = getInstance().getCurrentResponse(): null

2019-08-23 18:55:13 - [TEST_STEP][PASSED] - verifyResponseStatusCode(response, 200): Verify response status code successfully

2019-08-23 18:55:13 - [MESSAGE][PASSED] - Verify response status code successfully

2019-08-23 18:55:13 - [TEST_STEP][PASSED] - getStatusCode()).isEqualTo(200): null

2019-08-23 18:55:13 - [TEST_STEP][PASSED] - newline = System.getProperty("line.separator"): null

2019-08-23 18:55:13 - [TEST_STEP][PASSED] - M4_spin = new groovy.json.JsonSlurper(): null

2019-08-23 18:55:13 - [TEST_STEP][PASSED] - result_M4_spin = M4_spin.parseText(response.getResponseBodyContent()): null

2019-08-23 18:55:13 - [TEST_STEP][PASSED] - M4_spin_current_balance = current_balance: null

2019-08-23 18:55:13 - [TEST_STEP][PASSED] - M4_spin_current_balance = M4_spin_current_balance: null

2019-08-23 18:55:13 - [TEST_STEP][PASSED] - M4_spin_transaction_id = causality: null

2019-08-23 18:55:13 - [TEST_STEP][PASSED] - M4_spin_transaction_id = M4_spin_transaction_id: null

2019-08-23 18:55:13 - [TEST_STEP][PASSED] - M4_spin_round_id = round_id: null

2019-08-23 18:55:13 - [TEST_STEP][PASSED] - M4_spin_round_id = M4_spin_round_id: null

2019-08-23 18:55:13 - [TEST_STEP][PASSED] - M4_spin_line_wins = line_wins: null

2019-08-23 18:55:13 - [TEST_STEP][PASSED] - M4_spin_line_wins = M4_spin_line_wins: null

2019-08-23 18:55:13 - [TEST_STEP][PASSED] - M4_total_bonus_spins_int = total_bonus_spins: null

2019-08-23 18:55:13 - [TEST_STEP][PASSED] - println("******M4_total_bonus_spins type is:*******" + newline + getClass().getName()): null

2019-08-23 18:55:13 - [TEST_STEP][PASSED] - M4_total_bonus_spins_int = M4_total_bonus_spins_int: null

2019-08-23 18:55:13 - [TEST_STEP][PASSED] - M4_total_bonus_spins = Integer.toString(M4_total_bonus_spins_int): null

2019-08-23 18:55:13 - [TEST_STEP][PASSED] - M4_total_bonus_spins = M4_total_bonus_spins: null

2019-08-23 18:55:13 - [TEST_STEP][PASSED] - println("M4_total_bonus_spins is:" + M4_total_bonus_spins): null

2019-08-23 18:55:13 - [TEST_STEP][PASSED] - M4_spin_bonus_data = bonus_data: null

2019-08-23 18:55:13 - [TEST_STEP][PASSED] - M4_spin_features_triggered = result_M4_spin: null

2019-08-23 18:55:13 - [TEST_STEP][PASSED] - wild = []: null

2019-08-23 18:55:13 - [TEST_STEP][PASSED] - wild[0] = "WILD_Expanding": null

2019-08-23 18:55:13 - [TEST_STEP][PASSED] - wild[1] = "WILD_Normal": null

2019-08-23 18:55:13 - [TEST_STEP][PASSED] - wild[2] = "WILD_Double": null

2019-08-23 18:55:13 - [TEST_STEP][PASSED] - wild[3] = "WILD_ExtraFG": null

2019-08-23 18:55:13 - [TEST_STEP][PASSED] - wild[4] = "WILD_Triple": null

2019-08-23 18:55:13 - [TEST_STEP][PASSED] - wildList = Arrays.asList(wild): null

2019-08-23 18:55:13 - [TEST_STEP][PASSED] - wildList = wildList: null

2019-08-23 18:55:13 - [TEST_STEP][PASSED] - free_spin_reel_counter = []: null

2019-08-23 18:55:13 - [TEST_STEP][PASSED] - free_spin_reel_counter[0] = 0: null

2019-08-23 18:55:13 - [TEST_STEP][PASSED] - free_spin_reel_counter[1] = 0: null

2019-08-23 18:55:13 - [TEST_STEP][PASSED] - free_spin_reel_counter[2] = 0: null

2019-08-23 18:55:13 - [TEST_STEP][PASSED] - M4_spin_reels = reels: null

2019-08-23 18:55:13 - [TEST_STEP][PASSED] - for ([i = 0, i &lt; M4_spin_reels.size(), (i++)]): null

2019-08-23 18:55:13 - [TEST_STEP][PASSED] - symbols = symbols: null

2019-08-23 18:55:13 - [TEST_STEP][PASSED] - for ([j = 0, j &lt; symbols.size(), (j++)]): null

2019-08-23 18:55:13 - [TEST_STEP][PASSED] - symbol = symbol: null

2019-08-23 18:55:13 - [TEST_STEP][PASSED] - println(symbol): null

2019-08-23 18:55:13 - [TEST_STEP][PASSED] - if (i == 2 &amp;&amp; wildList.indexOf(symbol) != -1): null

2019-08-23 18:55:13 - [TEST_STEP][PASSED] - if (i == 3 &amp;&amp; wildList.indexOf(symbol) != -1): null

2019-08-23 18:55:13 - [TEST_STEP][PASSED] - if (i == 4 &amp;&amp; wildList.indexOf(symbol) != -1): null

2019-08-23 18:55:13 - [TEST_STEP][PASSED] - symbol = symbol: null

2019-08-23 18:55:13 - [TEST_STEP][PASSED] - println(symbol): null

2019-08-23 18:55:13 - [TEST_STEP][PASSED] - if (i == 2 &amp;&amp; wildList.indexOf(symbol) != -1): null

2019-08-23 18:55:13 - [TEST_STEP][PASSED] - if (i == 3 &amp;&amp; wildList.indexOf(symbol) != -1): null

2019-08-23 18:55:13 - [TEST_STEP][PASSED] - if (i == 4 &amp;&amp; wildList.indexOf(symbol) != -1): null

2019-08-23 18:55:13 - [TEST_STEP][PASSED] - symbol = symbol: null

2019-08-23 18:55:13 - [TEST_STEP][PASSED] - println(symbol): null

2019-08-23 18:55:13 - [TEST_STEP][PASSED] - if (i == 2 &amp;&amp; wildList.indexOf(symbol) != -1): null

2019-08-23 18:55:13 - [TEST_STEP][PASSED] - if (i == 3 &amp;&amp; wildList.indexOf(symbol) != -1): null

2019-08-23 18:55:13 - [TEST_STEP][PASSED] - if (i == 4 &amp;&amp; wildList.indexOf(symbol) != -1): null

2019-08-23 18:55:13 - [TEST_STEP][PASSED] - symbols = symbols: null

2019-08-23 18:55:13 - [TEST_STEP][PASSED] - for ([j = 0, j &lt; symbols.size(), (j++)]): null

2019-08-23 18:55:13 - [TEST_STEP][PASSED] - symbol = symbol: null

2019-08-23 18:55:13 - [TEST_STEP][PASSED] - println(symbol): null

2019-08-23 18:55:13 - [TEST_STEP][PASSED] - if (i == 2 &amp;&amp; wildList.indexOf(symbol) != -1): null

2019-08-23 18:55:13 - [TEST_STEP][PASSED] - if (i == 3 &amp;&amp; wildList.indexOf(symbol) != -1): null

2019-08-23 18:55:13 - [TEST_STEP][PASSED] - if (i == 4 &amp;&amp; wildList.indexOf(symbol) != -1): null

2019-08-23 18:55:13 - [TEST_STEP][PASSED] - symbol = symbol: null

2019-08-23 18:55:13 - [TEST_STEP][PASSED] - println(symbol): null

2019-08-23 18:55:13 - [TEST_STEP][PASSED] - if (i == 2 &amp;&amp; wildList.indexOf(symbol) != -1): null

2019-08-23 18:55:13 - [TEST_STEP][PASSED] - if (i == 3 &amp;&amp; wildList.indexOf(symbol) != -1): null

2019-08-23 18:55:13 - [TEST_STEP][PASSED] - if (i == 4 &amp;&amp; wildList.indexOf(symbol) != -1): null

2019-08-23 18:55:13 - [TEST_STEP][PASSED] - symbol = symbol: null

2019-08-23 18:55:13 - [TEST_STEP][PASSED] - println(symbol): null

2019-08-23 18:55:13 - [TEST_STEP][PASSED] - if (i == 2 &amp;&amp; wildList.indexOf(symbol) != -1): null

2019-08-23 18:55:13 - [TEST_STEP][PASSED] - if (i == 3 &amp;&amp; wildList.indexOf(symbol) != -1): null

2019-08-23 18:55:13 - [TEST_STEP][PASSED] - if (i == 4 &amp;&amp; wildList.indexOf(symbol) != -1): null

2019-08-23 18:55:13 - [TEST_STEP][PASSED] - symbols = symbols: null

2019-08-23 18:55:13 - [TEST_STEP][PASSED] - for ([j = 0, j &lt; symbols.size(), (j++)]): null

2019-08-23 18:55:13 - [TEST_STEP][PASSED] - symbol = symbol: null

2019-08-23 18:55:13 - [TEST_STEP][PASSED] - println(symbol): null

2019-08-23 18:55:13 - [TEST_STEP][PASSED] - if (i == 2 &amp;&amp; wildList.indexOf(symbol) != -1): null

2019-08-23 18:55:13 - [TEST_STEP][PASSED] - if (i == 3 &amp;&amp; wildList.indexOf(symbol) != -1): null

2019-08-23 18:55:13 - [TEST_STEP][PASSED] - if (i == 4 &amp;&amp; wildList.indexOf(symbol) != -1): null

2019-08-23 18:55:13 - [TEST_STEP][PASSED] - symbol = symbol: null

2019-08-23 18:55:13 - [TEST_STEP][PASSED] - println(symbol): null

2019-08-23 18:55:13 - [TEST_STEP][PASSED] - if (i == 2 &amp;&amp; wildList.indexOf(symbol) != -1): null

2019-08-23 18:55:13 - [TEST_STEP][PASSED] - if (i == 3 &amp;&amp; wildList.indexOf(symbol) != -1): null

2019-08-23 18:55:13 - [TEST_STEP][PASSED] - if (i == 4 &amp;&amp; wildList.indexOf(symbol) != -1): null

2019-08-23 18:55:13 - [TEST_STEP][PASSED] - symbol = symbol: null

2019-08-23 18:55:13 - [TEST_STEP][PASSED] - println(symbol): null

2019-08-23 18:55:13 - [TEST_STEP][PASSED] - if (i == 2 &amp;&amp; wildList.indexOf(symbol) != -1): null

2019-08-23 18:55:13 - [TEST_STEP][PASSED] - if (i == 3 &amp;&amp; wildList.indexOf(symbol) != -1): null

2019-08-23 18:55:13 - [TEST_STEP][PASSED] - if (i == 4 &amp;&amp; wildList.indexOf(symbol) != -1): null

2019-08-23 18:55:13 - [TEST_STEP][PASSED] - symbols = symbols: null

2019-08-23 18:55:13 - [TEST_STEP][PASSED] - for ([j = 0, j &lt; symbols.size(), (j++)]): null

2019-08-23 18:55:13 - [TEST_STEP][PASSED] - symbol = symbol: null

2019-08-23 18:55:13 - [TEST_STEP][PASSED] - println(symbol): null

2019-08-23 18:55:13 - [TEST_STEP][PASSED] - if (i == 2 &amp;&amp; wildList.indexOf(symbol) != -1): null

2019-08-23 18:55:13 - [TEST_STEP][PASSED] - if (i == 3 &amp;&amp; wildList.indexOf(symbol) != -1): null

2019-08-23 18:55:13 - [TEST_STEP][PASSED] - println("wild found on reel 4, adding counter by 1"): null

2019-08-23 18:55:13 - [TEST_STEP][PASSED] - free_spin_reel_counter[1] = free_spin_reel_counter[1] + 1: null

2019-08-23 18:55:13 - [TEST_STEP][PASSED] - if (i == 4 &amp;&amp; wildList.indexOf(symbol) != -1): null

2019-08-23 18:55:13 - [TEST_STEP][PASSED] - symbol = symbol: null

2019-08-23 18:55:13 - [TEST_STEP][PASSED] - println(symbol): null

2019-08-23 18:55:13 - [TEST_STEP][PASSED] - if (i == 2 &amp;&amp; wildList.indexOf(symbol) != -1): null

2019-08-23 18:55:13 - [TEST_STEP][PASSED] - if (i == 3 &amp;&amp; wildList.indexOf(symbol) != -1): null

2019-08-23 18:55:13 - [TEST_STEP][PASSED] - if (i == 4 &amp;&amp; wildList.indexOf(symbol) != -1): null

2019-08-23 18:55:13 - [TEST_STEP][PASSED] - symbol = symbol: null

2019-08-23 18:55:13 - [TEST_STEP][PASSED] - println(symbol): null

2019-08-23 18:55:13 - [TEST_STEP][PASSED] - if (i == 2 &amp;&amp; wildList.indexOf(symbol) != -1): null

2019-08-23 18:55:13 - [TEST_STEP][PASSED] - if (i == 3 &amp;&amp; wildList.indexOf(symbol) != -1): null

2019-08-23 18:55:13 - [TEST_STEP][PASSED] - if (i == 4 &amp;&amp; wildList.indexOf(symbol) != -1): null

2019-08-23 18:55:13 - [TEST_STEP][PASSED] - symbols = symbols: null

2019-08-23 18:55:13 - [TEST_STEP][PASSED] - for ([j = 0, j &lt; symbols.size(), (j++)]): null

2019-08-23 18:55:13 - [TEST_STEP][PASSED] - symbol = symbol: null

2019-08-23 18:55:13 - [TEST_STEP][PASSED] - println(symbol): null

2019-08-23 18:55:13 - [TEST_STEP][PASSED] - if (i == 2 &amp;&amp; wildList.indexOf(symbol) != -1): null

2019-08-23 18:55:13 - [TEST_STEP][PASSED] - if (i == 3 &amp;&amp; wildList.indexOf(symbol) != -1): null

2019-08-23 18:55:13 - [TEST_STEP][PASSED] - if (i == 4 &amp;&amp; wildList.indexOf(symbol) != -1): null

2019-08-23 18:55:13 - [TEST_STEP][PASSED] - symbol = symbol: null

2019-08-23 18:55:13 - [TEST_STEP][PASSED] - println(symbol): null

2019-08-23 18:55:13 - [TEST_STEP][PASSED] - if (i == 2 &amp;&amp; wildList.indexOf(symbol) != -1): null

2019-08-23 18:55:13 - [TEST_STEP][PASSED] - if (i == 3 &amp;&amp; wildList.indexOf(symbol) != -1): null

2019-08-23 18:55:13 - [TEST_STEP][PASSED] - if (i == 4 &amp;&amp; wildList.indexOf(symbol) != -1): null

2019-08-23 18:55:13 - [TEST_STEP][PASSED] - symbol = symbol: null

2019-08-23 18:55:13 - [TEST_STEP][PASSED] - println(symbol): null

2019-08-23 18:55:13 - [TEST_STEP][PASSED] - if (i == 2 &amp;&amp; wildList.indexOf(symbol) != -1): null

2019-08-23 18:55:13 - [TEST_STEP][PASSED] - if (i == 3 &amp;&amp; wildList.indexOf(symbol) != -1): null

2019-08-23 18:55:13 - [TEST_STEP][PASSED] - if (i == 4 &amp;&amp; wildList.indexOf(symbol) != -1): null

2019-08-23 18:55:13 - [TEST_STEP][PASSED] - free_spin_reel_counter = free_spin_reel_counter: null

2019-08-23 18:55:13 - [TEST_STEP][PASSED] - println("reel 3 wild found: " + free_spin_reel_counter[0]): null

2019-08-23 18:55:13 - [TEST_STEP][PASSED] - println("reel 4 wild found: " + free_spin_reel_counter[1]): null

2019-08-23 18:55:13 - [TEST_STEP][PASSED] - println("reel 5 wild found: " + free_spin_reel_counter[2]): null

2019-08-23 18:55:13 - [TEST_STEP][PASSED] - M4_spin_reels = M4_spin_reels: null

2019-08-23 18:55:13 - [TEST_STEP][PASSED] - M4_spin_reels_symbols = symbol: null

2019-08-23 18:55:13 - [TEST_STEP][PASSED] - M4_spin_reels_symbols = M4_spin_reels_symbols: null

2019-08-23 18:55:13 - [TEST_STEP][PASSED] - M4_spin_reel_wins = reel_wins: null

2019-08-23 18:55:13 - [TEST_STEP][PASSED] - M4_spin_reel_wins = M4_spin_reel_wins: null

2019-08-23 18:55:13 - [TEST_STEP][PASSED] - println("GlobalVariable.M4_spin_reel_wins is: " + M4_spin_reel_wins): null

2019-08-23 18:55:13 - [TEST_STEP][PASSED] - M4_spin_total_bonus_win_this_round = total_bonus_win_this_round: null

2019-08-23 18:55:13 - [TEST_STEP][PASSED] - M4_spin_total_bonus_win_this_round = M4_spin_total_bonus_win_this_round: null

2019-08-23 18:55:13 - [TEST_STEP][PASSED] - println("GlobalVariable.M4_spin_total_bonus_win_this_round is: " + M4_spin_total_bonus_win_this_round): null

2019-08-23 18:55:13 - [TEST_STEP][PASSED] - M4_spin_bonus_spin_result = spin_result: null

2019-08-23 18:55:13 - [TEST_STEP][PASSED] - M4_spin_bonus_spin_result = M4_spin_bonus_spin_result: null

2019-08-23 18:55:13 - [MESSAGE][PASSED] - Verify response successfully

2019-08-23 18:55:13 - [MESSAGE][PASSED] - Send request and verify the response successfully

2019-08-23 18:55:13 - [TEST_STEP][PASSED] - if (free_spin_reel_counter[0] &gt;= 1 &amp;&amp; free_spin_reel_counter[1] &gt;= 1 &amp;&amp; free_spin_reel_counter[2] &gt;= 1): null

2019-08-23 18:55:15 - [TEST_STEP][PASSED] - spin_result = sendRequestAndVerify(findTestObject("INT/RGS(M4)/1_M4_spin", ["M4_login_user_id":M4_login_user_id, "rgs_session_token":rgs_session_token, "partner":Partner])): Send request and verify the response successfully

2019-08-23 18:55:15 - [MESSAGE][INFO] - HAR: /Users/eiralee/Katalon_Script/SuperWild/Reports/20190823_184757/INT/superWild_1/20190823_184757/requests/main/168.har

2019-08-23 18:55:15 - [TEST_CASE][PASSED] - Start Test Case : Verification: Verification accomplished successfully

2019-08-23 18:55:15 - [TEST_STEP][PASSED] - request = getInstance().getCurrentRequest(): null

2019-08-23 18:55:15 - [TEST_STEP][PASSED] - response = getInstance().getCurrentResponse(): null

2019-08-23 18:55:15 - [TEST_STEP][PASSED] - verifyResponseStatusCode(response, 200): Verify response status code successfully

2019-08-23 18:55:15 - [MESSAGE][PASSED] - Verify response status code successfully

2019-08-23 18:55:15 - [TEST_STEP][PASSED] - getStatusCode()).isEqualTo(200): null

2019-08-23 18:55:15 - [TEST_STEP][PASSED] - newline = System.getProperty("line.separator"): null

2019-08-23 18:55:15 - [TEST_STEP][PASSED] - M4_spin = new groovy.json.JsonSlurper(): null

2019-08-23 18:55:15 - [TEST_STEP][PASSED] - result_M4_spin = M4_spin.parseText(response.getResponseBodyContent()): null

2019-08-23 18:55:15 - [TEST_STEP][PASSED] - M4_spin_current_balance = current_balance: null

2019-08-23 18:55:15 - [TEST_STEP][PASSED] - M4_spin_current_balance = M4_spin_current_balance: null

2019-08-23 18:55:15 - [TEST_STEP][PASSED] - M4_spin_transaction_id = causality: null

2019-08-23 18:55:15 - [TEST_STEP][PASSED] - M4_spin_transaction_id = M4_spin_transaction_id: null

2019-08-23 18:55:15 - [TEST_STEP][PASSED] - M4_spin_round_id = round_id: null

2019-08-23 18:55:15 - [TEST_STEP][PASSED] - M4_spin_round_id = M4_spin_round_id: null

2019-08-23 18:55:15 - [TEST_STEP][PASSED] - M4_spin_line_wins = line_wins: null

2019-08-23 18:55:15 - [TEST_STEP][PASSED] - M4_spin_line_wins = M4_spin_line_wins: null

2019-08-23 18:55:15 - [TEST_STEP][PASSED] - M4_total_bonus_spins_int = total_bonus_spins: null

2019-08-23 18:55:15 - [TEST_STEP][PASSED] - println("******M4_total_bonus_spins type is:*******" + newline + getClass().getName()): null

2019-08-23 18:55:15 - [TEST_STEP][PASSED] - M4_total_bonus_spins_int = M4_total_bonus_spins_int: null

2019-08-23 18:55:15 - [TEST_STEP][PASSED] - M4_total_bonus_spins = Integer.toString(M4_total_bonus_spins_int): null

2019-08-23 18:55:15 - [TEST_STEP][PASSED] - M4_total_bonus_spins = M4_total_bonus_spins: null

2019-08-23 18:55:15 - [TEST_STEP][PASSED] - println("M4_total_bonus_spins is:" + M4_total_bonus_spins): null

2019-08-23 18:55:15 - [TEST_STEP][PASSED] - M4_spin_bonus_data = bonus_data: null

2019-08-23 18:55:15 - [TEST_STEP][PASSED] - M4_spin_features_triggered = result_M4_spin: null

2019-08-23 18:55:15 - [TEST_STEP][PASSED] - wild = []: null

2019-08-23 18:55:15 - [TEST_STEP][PASSED] - wild[0] = "WILD_Expanding": null

2019-08-23 18:55:15 - [TEST_STEP][PASSED] - wild[1] = "WILD_Normal": null

2019-08-23 18:55:15 - [TEST_STEP][PASSED] - wild[2] = "WILD_Double": null

2019-08-23 18:55:15 - [TEST_STEP][PASSED] - wild[3] = "WILD_ExtraFG": null

2019-08-23 18:55:15 - [TEST_STEP][PASSED] - wild[4] = "WILD_Triple": null

2019-08-23 18:55:15 - [TEST_STEP][PASSED] - wildList = Arrays.asList(wild): null

2019-08-23 18:55:15 - [TEST_STEP][PASSED] - wildList = wildList: null

2019-08-23 18:55:15 - [TEST_STEP][PASSED] - free_spin_reel_counter = []: null

2019-08-23 18:55:15 - [TEST_STEP][PASSED] - free_spin_reel_counter[0] = 0: null

2019-08-23 18:55:15 - [TEST_STEP][PASSED] - free_spin_reel_counter[1] = 0: null

2019-08-23 18:55:15 - [TEST_STEP][PASSED] - free_spin_reel_counter[2] = 0: null

2019-08-23 18:55:15 - [TEST_STEP][PASSED] - M4_spin_reels = reels: null

2019-08-23 18:55:15 - [TEST_STEP][PASSED] - for ([i = 0, i &lt; M4_spin_reels.size(), (i++)]): null

2019-08-23 18:55:15 - [TEST_STEP][PASSED] - symbols = symbols: null

2019-08-23 18:55:15 - [TEST_STEP][PASSED] - for ([j = 0, j &lt; symbols.size(), (j++)]): null

2019-08-23 18:55:15 - [TEST_STEP][PASSED] - symbol = symbol: null

2019-08-23 18:55:15 - [TEST_STEP][PASSED] - println(symbol): null

2019-08-23 18:55:15 - [TEST_STEP][PASSED] - if (i == 2 &amp;&amp; wildList.indexOf(symbol) != -1): null

2019-08-23 18:55:15 - [TEST_STEP][PASSED] - if (i == 3 &amp;&amp; wildList.indexOf(symbol) != -1): null

2019-08-23 18:55:15 - [TEST_STEP][PASSED] - if (i == 4 &amp;&amp; wildList.indexOf(symbol) != -1): null

2019-08-23 18:55:15 - [TEST_STEP][PASSED] - symbol = symbol: null

2019-08-23 18:55:15 - [TEST_STEP][PASSED] - println(symbol): null

2019-08-23 18:55:15 - [TEST_STEP][PASSED] - if (i == 2 &amp;&amp; wildList.indexOf(symbol) != -1): null

2019-08-23 18:55:15 - [TEST_STEP][PASSED] - if (i == 3 &amp;&amp; wildList.indexOf(symbol) != -1): null

2019-08-23 18:55:15 - [TEST_STEP][PASSED] - if (i == 4 &amp;&amp; wildList.indexOf(symbol) != -1): null

2019-08-23 18:55:15 - [TEST_STEP][PASSED] - symbol = symbol: null

2019-08-23 18:55:15 - [TEST_STEP][PASSED] - println(symbol): null

2019-08-23 18:55:15 - [TEST_STEP][PASSED] - if (i == 2 &amp;&amp; wildList.indexOf(symbol) != -1): null

2019-08-23 18:55:15 - [TEST_STEP][PASSED] - if (i == 3 &amp;&amp; wildList.indexOf(symbol) != -1): null

2019-08-23 18:55:15 - [TEST_STEP][PASSED] - if (i == 4 &amp;&amp; wildList.indexOf(symbol) != -1): null

2019-08-23 18:55:15 - [TEST_STEP][PASSED] - symbols = symbols: null

2019-08-23 18:55:15 - [TEST_STEP][PASSED] - for ([j = 0, j &lt; symbols.size(), (j++)]): null

2019-08-23 18:55:15 - [TEST_STEP][PASSED] - symbol = symbol: null

2019-08-23 18:55:15 - [TEST_STEP][PASSED] - println(symbol): null

2019-08-23 18:55:15 - [TEST_STEP][PASSED] - if (i == 2 &amp;&amp; wildList.indexOf(symbol) != -1): null

2019-08-23 18:55:15 - [TEST_STEP][PASSED] - if (i == 3 &amp;&amp; wildList.indexOf(symbol) != -1): null

2019-08-23 18:55:15 - [TEST_STEP][PASSED] - if (i == 4 &amp;&amp; wildList.indexOf(symbol) != -1): null

2019-08-23 18:55:15 - [TEST_STEP][PASSED] - symbol = symbol: null

2019-08-23 18:55:15 - [TEST_STEP][PASSED] - println(symbol): null

2019-08-23 18:55:15 - [TEST_STEP][PASSED] - if (i == 2 &amp;&amp; wildList.indexOf(symbol) != -1): null

2019-08-23 18:55:15 - [TEST_STEP][PASSED] - if (i == 3 &amp;&amp; wildList.indexOf(symbol) != -1): null

2019-08-23 18:55:15 - [TEST_STEP][PASSED] - if (i == 4 &amp;&amp; wildList.indexOf(symbol) != -1): null

2019-08-23 18:55:15 - [TEST_STEP][PASSED] - symbol = symbol: null

2019-08-23 18:55:15 - [TEST_STEP][PASSED] - println(symbol): null

2019-08-23 18:55:15 - [TEST_STEP][PASSED] - if (i == 2 &amp;&amp; wildList.indexOf(symbol) != -1): null

2019-08-23 18:55:15 - [TEST_STEP][PASSED] - if (i == 3 &amp;&amp; wildList.indexOf(symbol) != -1): null

2019-08-23 18:55:15 - [TEST_STEP][PASSED] - if (i == 4 &amp;&amp; wildList.indexOf(symbol) != -1): null

2019-08-23 18:55:15 - [TEST_STEP][PASSED] - symbols = symbols: null

2019-08-23 18:55:15 - [TEST_STEP][PASSED] - for ([j = 0, j &lt; symbols.size(), (j++)]): null

2019-08-23 18:55:15 - [TEST_STEP][PASSED] - symbol = symbol: null

2019-08-23 18:55:15 - [TEST_STEP][PASSED] - println(symbol): null

2019-08-23 18:55:15 - [TEST_STEP][PASSED] - if (i == 2 &amp;&amp; wildList.indexOf(symbol) != -1): null

2019-08-23 18:55:15 - [TEST_STEP][PASSED] - println("wild found on reel 3, adding counter by 1"): null

2019-08-23 18:55:15 - [TEST_STEP][PASSED] - free_spin_reel_counter[0] = free_spin_reel_counter[0] + 1: null

2019-08-23 18:55:15 - [TEST_STEP][PASSED] - if (i == 3 &amp;&amp; wildList.indexOf(symbol) != -1): null

2019-08-23 18:55:15 - [TEST_STEP][PASSED] - if (i == 4 &amp;&amp; wildList.indexOf(symbol) != -1): null

2019-08-23 18:55:15 - [TEST_STEP][PASSED] - symbol = symbol: null

2019-08-23 18:55:15 - [TEST_STEP][PASSED] - println(symbol): null

2019-08-23 18:55:15 - [TEST_STEP][PASSED] - if (i == 2 &amp;&amp; wildList.indexOf(symbol) != -1): null

2019-08-23 18:55:15 - [TEST_STEP][PASSED] - if (i == 3 &amp;&amp; wildList.indexOf(symbol) != -1): null

2019-08-23 18:55:15 - [TEST_STEP][PASSED] - if (i == 4 &amp;&amp; wildList.indexOf(symbol) != -1): null

2019-08-23 18:55:15 - [TEST_STEP][PASSED] - symbol = symbol: null

2019-08-23 18:55:15 - [TEST_STEP][PASSED] - println(symbol): null

2019-08-23 18:55:15 - [TEST_STEP][PASSED] - if (i == 2 &amp;&amp; wildList.indexOf(symbol) != -1): null

2019-08-23 18:55:15 - [TEST_STEP][PASSED] - if (i == 3 &amp;&amp; wildList.indexOf(symbol) != -1): null

2019-08-23 18:55:15 - [TEST_STEP][PASSED] - if (i == 4 &amp;&amp; wildList.indexOf(symbol) != -1): null

2019-08-23 18:55:15 - [TEST_STEP][PASSED] - symbols = symbols: null

2019-08-23 18:55:15 - [TEST_STEP][PASSED] - for ([j = 0, j &lt; symbols.size(), (j++)]): null

2019-08-23 18:55:15 - [TEST_STEP][PASSED] - symbol = symbol: null

2019-08-23 18:55:15 - [TEST_STEP][PASSED] - println(symbol): null

2019-08-23 18:55:15 - [TEST_STEP][PASSED] - if (i == 2 &amp;&amp; wildList.indexOf(symbol) != -1): null

2019-08-23 18:55:15 - [TEST_STEP][PASSED] - if (i == 3 &amp;&amp; wildList.indexOf(symbol) != -1): null

2019-08-23 18:55:15 - [TEST_STEP][PASSED] - if (i == 4 &amp;&amp; wildList.indexOf(symbol) != -1): null

2019-08-23 18:55:15 - [TEST_STEP][PASSED] - symbol = symbol: null

2019-08-23 18:55:15 - [TEST_STEP][PASSED] - println(symbol): null

2019-08-23 18:55:15 - [TEST_STEP][PASSED] - if (i == 2 &amp;&amp; wildList.indexOf(symbol) != -1): null

2019-08-23 18:55:15 - [TEST_STEP][PASSED] - if (i == 3 &amp;&amp; wildList.indexOf(symbol) != -1): null

2019-08-23 18:55:15 - [TEST_STEP][PASSED] - if (i == 4 &amp;&amp; wildList.indexOf(symbol) != -1): null

2019-08-23 18:55:15 - [TEST_STEP][PASSED] - symbol = symbol: null

2019-08-23 18:55:15 - [TEST_STEP][PASSED] - println(symbol): null

2019-08-23 18:55:15 - [TEST_STEP][PASSED] - if (i == 2 &amp;&amp; wildList.indexOf(symbol) != -1): null

2019-08-23 18:55:15 - [TEST_STEP][PASSED] - if (i == 3 &amp;&amp; wildList.indexOf(symbol) != -1): null

2019-08-23 18:55:15 - [TEST_STEP][PASSED] - if (i == 4 &amp;&amp; wildList.indexOf(symbol) != -1): null

2019-08-23 18:55:15 - [TEST_STEP][PASSED] - symbols = symbols: null

2019-08-23 18:55:15 - [TEST_STEP][PASSED] - for ([j = 0, j &lt; symbols.size(), (j++)]): null

2019-08-23 18:55:15 - [TEST_STEP][PASSED] - symbol = symbol: null

2019-08-23 18:55:15 - [TEST_STEP][PASSED] - println(symbol): null

2019-08-23 18:55:15 - [TEST_STEP][PASSED] - if (i == 2 &amp;&amp; wildList.indexOf(symbol) != -1): null

2019-08-23 18:55:15 - [TEST_STEP][PASSED] - if (i == 3 &amp;&amp; wildList.indexOf(symbol) != -1): null

2019-08-23 18:55:15 - [TEST_STEP][PASSED] - if (i == 4 &amp;&amp; wildList.indexOf(symbol) != -1): null

2019-08-23 18:55:15 - [TEST_STEP][PASSED] - symbol = symbol: null

2019-08-23 18:55:15 - [TEST_STEP][PASSED] - println(symbol): null

2019-08-23 18:55:15 - [TEST_STEP][PASSED] - if (i == 2 &amp;&amp; wildList.indexOf(symbol) != -1): null

2019-08-23 18:55:15 - [TEST_STEP][PASSED] - if (i == 3 &amp;&amp; wildList.indexOf(symbol) != -1): null

2019-08-23 18:55:15 - [TEST_STEP][PASSED] - if (i == 4 &amp;&amp; wildList.indexOf(symbol) != -1): null

2019-08-23 18:55:15 - [TEST_STEP][PASSED] - symbol = symbol: null

2019-08-23 18:55:15 - [TEST_STEP][PASSED] - println(symbol): null

2019-08-23 18:55:15 - [TEST_STEP][PASSED] - if (i == 2 &amp;&amp; wildList.indexOf(symbol) != -1): null

2019-08-23 18:55:15 - [TEST_STEP][PASSED] - if (i == 3 &amp;&amp; wildList.indexOf(symbol) != -1): null

2019-08-23 18:55:15 - [TEST_STEP][PASSED] - if (i == 4 &amp;&amp; wildList.indexOf(symbol) != -1): null

2019-08-23 18:55:15 - [TEST_STEP][PASSED] - free_spin_reel_counter = free_spin_reel_counter: null

2019-08-23 18:55:15 - [TEST_STEP][PASSED] - println("reel 3 wild found: " + free_spin_reel_counter[0]): null

2019-08-23 18:55:15 - [TEST_STEP][PASSED] - println("reel 4 wild found: " + free_spin_reel_counter[1]): null

2019-08-23 18:55:15 - [TEST_STEP][PASSED] - println("reel 5 wild found: " + free_spin_reel_counter[2]): null

2019-08-23 18:55:15 - [TEST_STEP][PASSED] - M4_spin_reels = M4_spin_reels: null

2019-08-23 18:55:15 - [TEST_STEP][PASSED] - M4_spin_reels_symbols = symbol: null

2019-08-23 18:55:15 - [TEST_STEP][PASSED] - M4_spin_reels_symbols = M4_spin_reels_symbols: null

2019-08-23 18:55:15 - [TEST_STEP][PASSED] - M4_spin_reel_wins = reel_wins: null

2019-08-23 18:55:15 - [TEST_STEP][PASSED] - M4_spin_reel_wins = M4_spin_reel_wins: null

2019-08-23 18:55:15 - [TEST_STEP][PASSED] - println("GlobalVariable.M4_spin_reel_wins is: " + M4_spin_reel_wins): null

2019-08-23 18:55:15 - [TEST_STEP][PASSED] - M4_spin_total_bonus_win_this_round = total_bonus_win_this_round: null

2019-08-23 18:55:15 - [TEST_STEP][PASSED] - M4_spin_total_bonus_win_this_round = M4_spin_total_bonus_win_this_round: null

2019-08-23 18:55:15 - [TEST_STEP][PASSED] - println("GlobalVariable.M4_spin_total_bonus_win_this_round is: " + M4_spin_total_bonus_win_this_round): null

2019-08-23 18:55:15 - [TEST_STEP][PASSED] - M4_spin_bonus_spin_result = spin_result: null

2019-08-23 18:55:15 - [TEST_STEP][PASSED] - M4_spin_bonus_spin_result = M4_spin_bonus_spin_result: null

2019-08-23 18:55:15 - [MESSAGE][PASSED] - Verify response successfully

2019-08-23 18:55:15 - [MESSAGE][PASSED] - Send request and verify the response successfully

2019-08-23 18:55:15 - [TEST_STEP][PASSED] - if (free_spin_reel_counter[0] &gt;= 1 &amp;&amp; free_spin_reel_counter[1] &gt;= 1 &amp;&amp; free_spin_reel_counter[2] &gt;= 1): null

2019-08-23 18:55:15 - [TEST_STEP][PASSED] - spin_result = sendRequestAndVerify(findTestObject("INT/RGS(M4)/1_M4_spin", ["M4_login_user_id":M4_login_user_id, "rgs_session_token":rgs_session_token, "partner":Partner])): Send request and verify the response successfully

2019-08-23 18:55:16 - [MESSAGE][INFO] - HAR: /Users/eiralee/Katalon_Script/SuperWild/Reports/20190823_184757/INT/superWild_1/20190823_184757/requests/main/169.har

2019-08-23 18:55:16 - [TEST_CASE][PASSED] - Start Test Case : Verification: Verification accomplished successfully

2019-08-23 18:55:16 - [TEST_STEP][PASSED] - request = getInstance().getCurrentRequest(): null

2019-08-23 18:55:16 - [TEST_STEP][PASSED] - response = getInstance().getCurrentResponse(): null

2019-08-23 18:55:16 - [TEST_STEP][PASSED] - verifyResponseStatusCode(response, 200): Verify response status code successfully

2019-08-23 18:55:16 - [MESSAGE][PASSED] - Verify response status code successfully

2019-08-23 18:55:16 - [TEST_STEP][PASSED] - getStatusCode()).isEqualTo(200): null

2019-08-23 18:55:16 - [TEST_STEP][PASSED] - newline = System.getProperty("line.separator"): null

2019-08-23 18:55:16 - [TEST_STEP][PASSED] - M4_spin = new groovy.json.JsonSlurper(): null

2019-08-23 18:55:16 - [TEST_STEP][PASSED] - result_M4_spin = M4_spin.parseText(response.getResponseBodyContent()): null

2019-08-23 18:55:16 - [TEST_STEP][PASSED] - M4_spin_current_balance = current_balance: null

2019-08-23 18:55:16 - [TEST_STEP][PASSED] - M4_spin_current_balance = M4_spin_current_balance: null

2019-08-23 18:55:16 - [TEST_STEP][PASSED] - M4_spin_transaction_id = causality: null

2019-08-23 18:55:16 - [TEST_STEP][PASSED] - M4_spin_transaction_id = M4_spin_transaction_id: null

2019-08-23 18:55:16 - [TEST_STEP][PASSED] - M4_spin_round_id = round_id: null

2019-08-23 18:55:16 - [TEST_STEP][PASSED] - M4_spin_round_id = M4_spin_round_id: null

2019-08-23 18:55:16 - [TEST_STEP][PASSED] - M4_spin_line_wins = line_wins: null

2019-08-23 18:55:16 - [TEST_STEP][PASSED] - M4_spin_line_wins = M4_spin_line_wins: null

2019-08-23 18:55:16 - [TEST_STEP][PASSED] - M4_total_bonus_spins_int = total_bonus_spins: null

2019-08-23 18:55:16 - [TEST_STEP][PASSED] - println("******M4_total_bonus_spins type is:*******" + newline + getClass().getName()): null

2019-08-23 18:55:16 - [TEST_STEP][PASSED] - M4_total_bonus_spins_int = M4_total_bonus_spins_int: null

2019-08-23 18:55:16 - [TEST_STEP][PASSED] - M4_total_bonus_spins = Integer.toString(M4_total_bonus_spins_int): null

2019-08-23 18:55:16 - [TEST_STEP][PASSED] - M4_total_bonus_spins = M4_total_bonus_spins: null

2019-08-23 18:55:16 - [TEST_STEP][PASSED] - println("M4_total_bonus_spins is:" + M4_total_bonus_spins): null

2019-08-23 18:55:16 - [TEST_STEP][PASSED] - M4_spin_bonus_data = bonus_data: null

2019-08-23 18:55:16 - [TEST_STEP][PASSED] - M4_spin_features_triggered = result_M4_spin: null

2019-08-23 18:55:16 - [TEST_STEP][PASSED] - wild = []: null

2019-08-23 18:55:16 - [TEST_STEP][PASSED] - wild[0] = "WILD_Expanding": null

2019-08-23 18:55:16 - [TEST_STEP][PASSED] - wild[1] = "WILD_Normal": null

2019-08-23 18:55:16 - [TEST_STEP][PASSED] - wild[2] = "WILD_Double": null

2019-08-23 18:55:16 - [TEST_STEP][PASSED] - wild[3] = "WILD_ExtraFG": null

2019-08-23 18:55:16 - [TEST_STEP][PASSED] - wild[4] = "WILD_Triple": null

2019-08-23 18:55:16 - [TEST_STEP][PASSED] - wildList = Arrays.asList(wild): null

2019-08-23 18:55:16 - [TEST_STEP][PASSED] - wildList = wildList: null

2019-08-23 18:55:16 - [TEST_STEP][PASSED] - free_spin_reel_counter = []: null

2019-08-23 18:55:16 - [TEST_STEP][PASSED] - free_spin_reel_counter[0] = 0: null

2019-08-23 18:55:16 - [TEST_STEP][PASSED] - free_spin_reel_counter[1] = 0: null

2019-08-23 18:55:16 - [TEST_STEP][PASSED] - free_spin_reel_counter[2] = 0: null

2019-08-23 18:55:16 - [TEST_STEP][PASSED] - M4_spin_reels = reels: null

2019-08-23 18:55:16 - [TEST_STEP][PASSED] - for ([i = 0, i &lt; M4_spin_reels.size(), (i++)]): null

2019-08-23 18:55:16 - [TEST_STEP][PASSED] - symbols = symbols: null

2019-08-23 18:55:16 - [TEST_STEP][PASSED] - for ([j = 0, j &lt; symbols.size(), (j++)]): null

2019-08-23 18:55:16 - [TEST_STEP][PASSED] - symbol = symbol: null

2019-08-23 18:55:16 - [TEST_STEP][PASSED] - println(symbol): null

2019-08-23 18:55:16 - [TEST_STEP][PASSED] - if (i == 2 &amp;&amp; wildList.indexOf(symbol) != -1): null

2019-08-23 18:55:16 - [TEST_STEP][PASSED] - if (i == 3 &amp;&amp; wildList.indexOf(symbol) != -1): null

2019-08-23 18:55:16 - [TEST_STEP][PASSED] - if (i == 4 &amp;&amp; wildList.indexOf(symbol) != -1): null

2019-08-23 18:55:16 - [TEST_STEP][PASSED] - symbol = symbol: null

2019-08-23 18:55:16 - [TEST_STEP][PASSED] - println(symbol): null

2019-08-23 18:55:16 - [TEST_STEP][PASSED] - if (i == 2 &amp;&amp; wildList.indexOf(symbol) != -1): null

2019-08-23 18:55:16 - [TEST_STEP][PASSED] - if (i == 3 &amp;&amp; wildList.indexOf(symbol) != -1): null

2019-08-23 18:55:16 - [TEST_STEP][PASSED] - if (i == 4 &amp;&amp; wildList.indexOf(symbol) != -1): null

2019-08-23 18:55:16 - [TEST_STEP][PASSED] - symbol = symbol: null

2019-08-23 18:55:16 - [TEST_STEP][PASSED] - println(symbol): null

2019-08-23 18:55:16 - [TEST_STEP][PASSED] - if (i == 2 &amp;&amp; wildList.indexOf(symbol) != -1): null

2019-08-23 18:55:16 - [TEST_STEP][PASSED] - if (i == 3 &amp;&amp; wildList.indexOf(symbol) != -1): null

2019-08-23 18:55:16 - [TEST_STEP][PASSED] - if (i == 4 &amp;&amp; wildList.indexOf(symbol) != -1): null

2019-08-23 18:55:16 - [TEST_STEP][PASSED] - symbols = symbols: null

2019-08-23 18:55:16 - [TEST_STEP][PASSED] - for ([j = 0, j &lt; symbols.size(), (j++)]): null

2019-08-23 18:55:16 - [TEST_STEP][PASSED] - symbol = symbol: null

2019-08-23 18:55:16 - [TEST_STEP][PASSED] - println(symbol): null

2019-08-23 18:55:16 - [TEST_STEP][PASSED] - if (i == 2 &amp;&amp; wildList.indexOf(symbol) != -1): null

2019-08-23 18:55:16 - [TEST_STEP][PASSED] - if (i == 3 &amp;&amp; wildList.indexOf(symbol) != -1): null

2019-08-23 18:55:16 - [TEST_STEP][PASSED] - if (i == 4 &amp;&amp; wildList.indexOf(symbol) != -1): null

2019-08-23 18:55:16 - [TEST_STEP][PASSED] - symbol = symbol: null

2019-08-23 18:55:16 - [TEST_STEP][PASSED] - println(symbol): null

2019-08-23 18:55:16 - [TEST_STEP][PASSED] - if (i == 2 &amp;&amp; wildList.indexOf(symbol) != -1): null

2019-08-23 18:55:16 - [TEST_STEP][PASSED] - if (i == 3 &amp;&amp; wildList.indexOf(symbol) != -1): null

2019-08-23 18:55:16 - [TEST_STEP][PASSED] - if (i == 4 &amp;&amp; wildList.indexOf(symbol) != -1): null

2019-08-23 18:55:16 - [TEST_STEP][PASSED] - symbol = symbol: null

2019-08-23 18:55:16 - [TEST_STEP][PASSED] - println(symbol): null

2019-08-23 18:55:16 - [TEST_STEP][PASSED] - if (i == 2 &amp;&amp; wildList.indexOf(symbol) != -1): null

2019-08-23 18:55:16 - [TEST_STEP][PASSED] - if (i == 3 &amp;&amp; wildList.indexOf(symbol) != -1): null

2019-08-23 18:55:16 - [TEST_STEP][PASSED] - if (i == 4 &amp;&amp; wildList.indexOf(symbol) != -1): null

2019-08-23 18:55:16 - [TEST_STEP][PASSED] - symbols = symbols: null

2019-08-23 18:55:16 - [TEST_STEP][PASSED] - for ([j = 0, j &lt; symbols.size(), (j++)]): null

2019-08-23 18:55:16 - [TEST_STEP][PASSED] - symbol = symbol: null

2019-08-23 18:55:16 - [TEST_STEP][PASSED] - println(symbol): null

2019-08-23 18:55:16 - [TEST_STEP][PASSED] - if (i == 2 &amp;&amp; wildList.indexOf(symbol) != -1): null

2019-08-23 18:55:16 - [TEST_STEP][PASSED] - if (i == 3 &amp;&amp; wildList.indexOf(symbol) != -1): null

2019-08-23 18:55:16 - [TEST_STEP][PASSED] - if (i == 4 &amp;&amp; wildList.indexOf(symbol) != -1): null

2019-08-23 18:55:16 - [TEST_STEP][PASSED] - symbol = symbol: null

2019-08-23 18:55:16 - [TEST_STEP][PASSED] - println(symbol): null

2019-08-23 18:55:16 - [TEST_STEP][PASSED] - if (i == 2 &amp;&amp; wildList.indexOf(symbol) != -1): null

2019-08-23 18:55:16 - [TEST_STEP][PASSED] - if (i == 3 &amp;&amp; wildList.indexOf(symbol) != -1): null

2019-08-23 18:55:16 - [TEST_STEP][PASSED] - if (i == 4 &amp;&amp; wildList.indexOf(symbol) != -1): null

2019-08-23 18:55:16 - [TEST_STEP][PASSED] - symbol = symbol: null

2019-08-23 18:55:16 - [TEST_STEP][PASSED] - println(symbol): null

2019-08-23 18:55:16 - [TEST_STEP][PASSED] - if (i == 2 &amp;&amp; wildList.indexOf(symbol) != -1): null

2019-08-23 18:55:16 - [TEST_STEP][PASSED] - if (i == 3 &amp;&amp; wildList.indexOf(symbol) != -1): null

2019-08-23 18:55:16 - [TEST_STEP][PASSED] - if (i == 4 &amp;&amp; wildList.indexOf(symbol) != -1): null

2019-08-23 18:55:16 - [TEST_STEP][PASSED] - symbols = symbols: null

2019-08-23 18:55:16 - [TEST_STEP][PASSED] - for ([j = 0, j &lt; symbols.size(), (j++)]): null

2019-08-23 18:55:16 - [TEST_STEP][PASSED] - symbol = symbol: null

2019-08-23 18:55:16 - [TEST_STEP][PASSED] - println(symbol): null

2019-08-23 18:55:16 - [TEST_STEP][PASSED] - if (i == 2 &amp;&amp; wildList.indexOf(symbol) != -1): null

2019-08-23 18:55:16 - [TEST_STEP][PASSED] - if (i == 3 &amp;&amp; wildList.indexOf(symbol) != -1): null

2019-08-23 18:55:16 - [TEST_STEP][PASSED] - if (i == 4 &amp;&amp; wildList.indexOf(symbol) != -1): null

2019-08-23 18:55:16 - [TEST_STEP][PASSED] - symbol = symbol: null

2019-08-23 18:55:16 - [TEST_STEP][PASSED] - println(symbol): null

2019-08-23 18:55:16 - [TEST_STEP][PASSED] - if (i == 2 &amp;&amp; wildList.indexOf(symbol) != -1): null

2019-08-23 18:55:16 - [TEST_STEP][PASSED] - if (i == 3 &amp;&amp; wildList.indexOf(symbol) != -1): null

2019-08-23 18:55:16 - [TEST_STEP][PASSED] - if (i == 4 &amp;&amp; wildList.indexOf(symbol) != -1): null

2019-08-23 18:55:16 - [TEST_STEP][PASSED] - symbol = symbol: null

2019-08-23 18:55:16 - [TEST_STEP][PASSED] - println(symbol): null

2019-08-23 18:55:16 - [TEST_STEP][PASSED] - if (i == 2 &amp;&amp; wildList.indexOf(symbol) != -1): null

2019-08-23 18:55:16 - [TEST_STEP][PASSED] - if (i == 3 &amp;&amp; wildList.indexOf(symbol) != -1): null

2019-08-23 18:55:16 - [TEST_STEP][PASSED] - if (i == 4 &amp;&amp; wildList.indexOf(symbol) != -1): null

2019-08-23 18:55:16 - [TEST_STEP][PASSED] - symbols = symbols: null

2019-08-23 18:55:16 - [TEST_STEP][PASSED] - for ([j = 0, j &lt; symbols.size(), (j++)]): null

2019-08-23 18:55:16 - [TEST_STEP][PASSED] - symbol = symbol: null

2019-08-23 18:55:16 - [TEST_STEP][PASSED] - println(symbol): null

2019-08-23 18:55:16 - [TEST_STEP][PASSED] - if (i == 2 &amp;&amp; wildList.indexOf(symbol) != -1): null

2019-08-23 18:55:16 - [TEST_STEP][PASSED] - if (i == 3 &amp;&amp; wildList.indexOf(symbol) != -1): null

2019-08-23 18:55:16 - [TEST_STEP][PASSED] - if (i == 4 &amp;&amp; wildList.indexOf(symbol) != -1): null

2019-08-23 18:55:16 - [TEST_STEP][PASSED] - symbol = symbol: null

2019-08-23 18:55:16 - [TEST_STEP][PASSED] - println(symbol): null

2019-08-23 18:55:16 - [TEST_STEP][PASSED] - if (i == 2 &amp;&amp; wildList.indexOf(symbol) != -1): null

2019-08-23 18:55:16 - [TEST_STEP][PASSED] - if (i == 3 &amp;&amp; wildList.indexOf(symbol) != -1): null

2019-08-23 18:55:16 - [TEST_STEP][PASSED] - if (i == 4 &amp;&amp; wildList.indexOf(symbol) != -1): null

2019-08-23 18:55:16 - [TEST_STEP][PASSED] - symbol = symbol: null

2019-08-23 18:55:16 - [TEST_STEP][PASSED] - println(symbol): null

2019-08-23 18:55:16 - [TEST_STEP][PASSED] - if (i == 2 &amp;&amp; wildList.indexOf(symbol) != -1): null

2019-08-23 18:55:16 - [TEST_STEP][PASSED] - if (i == 3 &amp;&amp; wildList.indexOf(symbol) != -1): null

2019-08-23 18:55:16 - [TEST_STEP][PASSED] - if (i == 4 &amp;&amp; wildList.indexOf(symbol) != -1): null

2019-08-23 18:55:16 - [TEST_STEP][PASSED] - free_spin_reel_counter = free_spin_reel_counter: null

2019-08-23 18:55:16 - [TEST_STEP][PASSED] - println("reel 3 wild found: " + free_spin_reel_counter[0]): null

2019-08-23 18:55:16 - [TEST_STEP][PASSED] - println("reel 4 wild found: " + free_spin_reel_counter[1]): null

2019-08-23 18:55:16 - [TEST_STEP][PASSED] - println("reel 5 wild found: " + free_spin_reel_counter[2]): null

2019-08-23 18:55:16 - [TEST_STEP][PASSED] - M4_spin_reels = M4_spin_reels: null

2019-08-23 18:55:16 - [TEST_STEP][PASSED] - M4_spin_reels_symbols = symbol: null

2019-08-23 18:55:16 - [TEST_STEP][PASSED] - M4_spin_reels_symbols = M4_spin_reels_symbols: null

2019-08-23 18:55:16 - [TEST_STEP][PASSED] - M4_spin_reel_wins = reel_wins: null

2019-08-23 18:55:16 - [TEST_STEP][PASSED] - M4_spin_reel_wins = M4_spin_reel_wins: null

2019-08-23 18:55:16 - [TEST_STEP][PASSED] - println("GlobalVariable.M4_spin_reel_wins is: " + M4_spin_reel_wins): null

2019-08-23 18:55:16 - [TEST_STEP][PASSED] - M4_spin_total_bonus_win_this_round = total_bonus_win_this_round: null

2019-08-23 18:55:16 - [TEST_STEP][PASSED] - M4_spin_total_bonus_win_this_round = M4_spin_total_bonus_win_this_round: null

2019-08-23 18:55:16 - [TEST_STEP][PASSED] - println("GlobalVariable.M4_spin_total_bonus_win_this_round is: " + M4_spin_total_bonus_win_this_round): null

2019-08-23 18:55:16 - [TEST_STEP][PASSED] - M4_spin_bonus_spin_result = spin_result: null

2019-08-23 18:55:16 - [TEST_STEP][PASSED] - M4_spin_bonus_spin_result = M4_spin_bonus_spin_result: null

2019-08-23 18:55:16 - [MESSAGE][PASSED] - Verify response successfully

2019-08-23 18:55:16 - [MESSAGE][PASSED] - Send request and verify the response successfully

2019-08-23 18:55:16 - [TEST_STEP][PASSED] - if (free_spin_reel_counter[0] &gt;= 1 &amp;&amp; free_spin_reel_counter[1] &gt;= 1 &amp;&amp; free_spin_reel_counter[2] &gt;= 1): null

2019-08-23 18:55:16 - [TEST_STEP][PASSED] - spin_result = sendRequestAndVerify(findTestObject("INT/RGS(M4)/1_M4_spin", ["M4_login_user_id":M4_login_user_id, "rgs_session_token":rgs_session_token, "partner":Partner])): Send request and verify the response successfully

2019-08-23 18:55:16 - [MESSAGE][INFO] - HAR: /Users/eiralee/Katalon_Script/SuperWild/Reports/20190823_184757/INT/superWild_1/20190823_184757/requests/main/170.har

2019-08-23 18:55:16 - [TEST_CASE][PASSED] - Start Test Case : Verification: Verification accomplished successfully

2019-08-23 18:55:16 - [TEST_STEP][PASSED] - request = getInstance().getCurrentRequest(): null

2019-08-23 18:55:16 - [TEST_STEP][PASSED] - response = getInstance().getCurrentResponse(): null

2019-08-23 18:55:16 - [TEST_STEP][PASSED] - verifyResponseStatusCode(response, 200): Verify response status code successfully

2019-08-23 18:55:16 - [MESSAGE][PASSED] - Verify response status code successfully

2019-08-23 18:55:16 - [TEST_STEP][PASSED] - getStatusCode()).isEqualTo(200): null

2019-08-23 18:55:16 - [TEST_STEP][PASSED] - newline = System.getProperty("line.separator"): null

2019-08-23 18:55:16 - [TEST_STEP][PASSED] - M4_spin = new groovy.json.JsonSlurper(): null

2019-08-23 18:55:16 - [TEST_STEP][PASSED] - result_M4_spin = M4_spin.parseText(response.getResponseBodyContent()): null

2019-08-23 18:55:16 - [TEST_STEP][PASSED] - M4_spin_current_balance = current_balance: null

2019-08-23 18:55:16 - [TEST_STEP][PASSED] - M4_spin_current_balance = M4_spin_current_balance: null

2019-08-23 18:55:16 - [TEST_STEP][PASSED] - M4_spin_transaction_id = causality: null

2019-08-23 18:55:16 - [TEST_STEP][PASSED] - M4_spin_transaction_id = M4_spin_transaction_id: null

2019-08-23 18:55:16 - [TEST_STEP][PASSED] - M4_spin_round_id = round_id: null

2019-08-23 18:55:16 - [TEST_STEP][PASSED] - M4_spin_round_id = M4_spin_round_id: null

2019-08-23 18:55:16 - [TEST_STEP][PASSED] - M4_spin_line_wins = line_wins: null

2019-08-23 18:55:16 - [TEST_STEP][PASSED] - M4_spin_line_wins = M4_spin_line_wins: null

2019-08-23 18:55:16 - [TEST_STEP][PASSED] - M4_total_bonus_spins_int = total_bonus_spins: null

2019-08-23 18:55:16 - [TEST_STEP][PASSED] - println("******M4_total_bonus_spins type is:*******" + newline + getClass().getName()): null

2019-08-23 18:55:16 - [TEST_STEP][PASSED] - M4_total_bonus_spins_int = M4_total_bonus_spins_int: null

2019-08-23 18:55:16 - [TEST_STEP][PASSED] - M4_total_bonus_spins = Integer.toString(M4_total_bonus_spins_int): null

2019-08-23 18:55:16 - [TEST_STEP][PASSED] - M4_total_bonus_spins = M4_total_bonus_spins: null

2019-08-23 18:55:16 - [TEST_STEP][PASSED] - println("M4_total_bonus_spins is:" + M4_total_bonus_spins): null

2019-08-23 18:55:16 - [TEST_STEP][PASSED] - M4_spin_bonus_data = bonus_data: null

2019-08-23 18:55:16 - [TEST_STEP][PASSED] - M4_spin_features_triggered = result_M4_spin: null

2019-08-23 18:55:16 - [TEST_STEP][PASSED] - wild = []: null

2019-08-23 18:55:16 - [TEST_STEP][PASSED] - wild[0] = "WILD_Expanding": null

2019-08-23 18:55:16 - [TEST_STEP][PASSED] - wild[1] = "WILD_Normal": null

2019-08-23 18:55:16 - [TEST_STEP][PASSED] - wild[2] = "WILD_Double": null

2019-08-23 18:55:16 - [TEST_STEP][PASSED] - wild[3] = "WILD_ExtraFG": null

2019-08-23 18:55:16 - [TEST_STEP][PASSED] - wild[4] = "WILD_Triple": null

2019-08-23 18:55:16 - [TEST_STEP][PASSED] - wildList = Arrays.asList(wild): null

2019-08-23 18:55:16 - [TEST_STEP][PASSED] - wildList = wildList: null

2019-08-23 18:55:18 - [TEST_STEP][PASSED] - free_spin_reel_counter = []: null

2019-08-23 18:55:18 - [TEST_STEP][PASSED] - free_spin_reel_counter[0] = 0: null

2019-08-23 18:55:18 - [TEST_STEP][PASSED] - free_spin_reel_counter[1] = 0: null

2019-08-23 18:55:18 - [TEST_STEP][PASSED] - free_spin_reel_counter[2] = 0: null

2019-08-23 18:55:18 - [TEST_STEP][PASSED] - M4_spin_reels = reels: null

2019-08-23 18:55:18 - [TEST_STEP][PASSED] - for ([i = 0, i &lt; M4_spin_reels.size(), (i++)]): null

2019-08-23 18:55:18 - [TEST_STEP][PASSED] - symbols = symbols: null

2019-08-23 18:55:18 - [TEST_STEP][PASSED] - for ([j = 0, j &lt; symbols.size(), (j++)]): null

2019-08-23 18:55:18 - [TEST_STEP][PASSED] - symbol = symbol: null

2019-08-23 18:55:18 - [TEST_STEP][PASSED] - println(symbol): null

2019-08-23 18:55:18 - [TEST_STEP][PASSED] - if (i == 2 &amp;&amp; wildList.indexOf(symbol) != -1): null

2019-08-23 18:55:18 - [TEST_STEP][PASSED] - if (i == 3 &amp;&amp; wildList.indexOf(symbol) != -1): null

2019-08-23 18:55:18 - [TEST_STEP][PASSED] - if (i == 4 &amp;&amp; wildList.indexOf(symbol) != -1): null

2019-08-23 18:55:18 - [TEST_STEP][PASSED] - symbol = symbol: null

2019-08-23 18:55:18 - [TEST_STEP][PASSED] - println(symbol): null

2019-08-23 18:55:18 - [TEST_STEP][PASSED] - if (i == 2 &amp;&amp; wildList.indexOf(symbol) != -1): null

2019-08-23 18:55:18 - [TEST_STEP][PASSED] - if (i == 3 &amp;&amp; wildList.indexOf(symbol) != -1): null

2019-08-23 18:55:18 - [TEST_STEP][PASSED] - if (i == 4 &amp;&amp; wildList.indexOf(symbol) != -1): null

2019-08-23 18:55:18 - [TEST_STEP][PASSED] - symbol = symbol: null

2019-08-23 18:55:18 - [TEST_STEP][PASSED] - println(symbol): null

2019-08-23 18:55:18 - [TEST_STEP][PASSED] - if (i == 2 &amp;&amp; wildList.indexOf(symbol) != -1): null

2019-08-23 18:55:18 - [TEST_STEP][PASSED] - if (i == 3 &amp;&amp; wildList.indexOf(symbol) != -1): null

2019-08-23 18:55:18 - [TEST_STEP][PASSED] - if (i == 4 &amp;&amp; wildList.indexOf(symbol) != -1): null

2019-08-23 18:55:18 - [TEST_STEP][PASSED] - symbols = symbols: null

2019-08-23 18:55:18 - [TEST_STEP][PASSED] - for ([j = 0, j &lt; symbols.size(), (j++)]): null

2019-08-23 18:55:18 - [TEST_STEP][PASSED] - symbol = symbol: null

2019-08-23 18:55:18 - [TEST_STEP][PASSED] - println(symbol): null

2019-08-23 18:55:18 - [TEST_STEP][PASSED] - if (i == 2 &amp;&amp; wildList.indexOf(symbol) != -1): null

2019-08-23 18:55:18 - [TEST_STEP][PASSED] - if (i == 3 &amp;&amp; wildList.indexOf(symbol) != -1): null

2019-08-23 18:55:18 - [TEST_STEP][PASSED] - if (i == 4 &amp;&amp; wildList.indexOf(symbol) != -1): null

2019-08-23 18:55:18 - [TEST_STEP][PASSED] - symbol = symbol: null

2019-08-23 18:55:18 - [TEST_STEP][PASSED] - println(symbol): null

2019-08-23 18:55:18 - [TEST_STEP][PASSED] - if (i == 2 &amp;&amp; wildList.indexOf(symbol) != -1): null

2019-08-23 18:55:18 - [TEST_STEP][PASSED] - if (i == 3 &amp;&amp; wildList.indexOf(symbol) != -1): null

2019-08-23 18:55:18 - [TEST_STEP][PASSED] - if (i == 4 &amp;&amp; wildList.indexOf(symbol) != -1): null

2019-08-23 18:55:18 - [TEST_STEP][PASSED] - symbol = symbol: null

2019-08-23 18:55:18 - [TEST_STEP][PASSED] - println(symbol): null

2019-08-23 18:55:18 - [TEST_STEP][PASSED] - if (i == 2 &amp;&amp; wildList.indexOf(symbol) != -1): null

2019-08-23 18:55:18 - [TEST_STEP][PASSED] - if (i == 3 &amp;&amp; wildList.indexOf(symbol) != -1): null

2019-08-23 18:55:18 - [TEST_STEP][PASSED] - if (i == 4 &amp;&amp; wildList.indexOf(symbol) != -1): null

2019-08-23 18:55:18 - [TEST_STEP][PASSED] - symbols = symbols: null

2019-08-23 18:55:18 - [TEST_STEP][PASSED] - for ([j = 0, j &lt; symbols.size(), (j++)]): null

2019-08-23 18:55:18 - [TEST_STEP][PASSED] - symbol = symbol: null

2019-08-23 18:55:18 - [TEST_STEP][PASSED] - println(symbol): null

2019-08-23 18:55:18 - [TEST_STEP][PASSED] - if (i == 2 &amp;&amp; wildList.indexOf(symbol) != -1): null

2019-08-23 18:55:18 - [TEST_STEP][PASSED] - if (i == 3 &amp;&amp; wildList.indexOf(symbol) != -1): null

2019-08-23 18:55:18 - [TEST_STEP][PASSED] - if (i == 4 &amp;&amp; wildList.indexOf(symbol) != -1): null

2019-08-23 18:55:18 - [TEST_STEP][PASSED] - symbol = symbol: null

2019-08-23 18:55:18 - [TEST_STEP][PASSED] - println(symbol): null

2019-08-23 18:55:18 - [TEST_STEP][PASSED] - if (i == 2 &amp;&amp; wildList.indexOf(symbol) != -1): null

2019-08-23 18:55:18 - [TEST_STEP][PASSED] - if (i == 3 &amp;&amp; wildList.indexOf(symbol) != -1): null

2019-08-23 18:55:18 - [TEST_STEP][PASSED] - if (i == 4 &amp;&amp; wildList.indexOf(symbol) != -1): null

2019-08-23 18:55:18 - [TEST_STEP][PASSED] - symbol = symbol: null

2019-08-23 18:55:18 - [TEST_STEP][PASSED] - println(symbol): null

2019-08-23 18:55:18 - [TEST_STEP][PASSED] - if (i == 2 &amp;&amp; wildList.indexOf(symbol) != -1): null

2019-08-23 18:55:18 - [TEST_STEP][PASSED] - if (i == 3 &amp;&amp; wildList.indexOf(symbol) != -1): null

2019-08-23 18:55:18 - [TEST_STEP][PASSED] - if (i == 4 &amp;&amp; wildList.indexOf(symbol) != -1): null

2019-08-23 18:55:18 - [TEST_STEP][PASSED] - symbols = symbols: null

2019-08-23 18:55:18 - [TEST_STEP][PASSED] - for ([j = 0, j &lt; symbols.size(), (j++)]): null

2019-08-23 18:55:18 - [TEST_STEP][PASSED] - symbol = symbol: null

2019-08-23 18:55:18 - [TEST_STEP][PASSED] - println(symbol): null

2019-08-23 18:55:18 - [TEST_STEP][PASSED] - if (i == 2 &amp;&amp; wildList.indexOf(symbol) != -1): null

2019-08-23 18:55:18 - [TEST_STEP][PASSED] - if (i == 3 &amp;&amp; wildList.indexOf(symbol) != -1): null

2019-08-23 18:55:18 - [TEST_STEP][PASSED] - if (i == 4 &amp;&amp; wildList.indexOf(symbol) != -1): null

2019-08-23 18:55:18 - [TEST_STEP][PASSED] - symbol = symbol: null

2019-08-23 18:55:18 - [TEST_STEP][PASSED] - println(symbol): null

2019-08-23 18:55:18 - [TEST_STEP][PASSED] - if (i == 2 &amp;&amp; wildList.indexOf(symbol) != -1): null

2019-08-23 18:55:18 - [TEST_STEP][PASSED] - if (i == 3 &amp;&amp; wildList.indexOf(symbol) != -1): null

2019-08-23 18:55:18 - [TEST_STEP][PASSED] - if (i == 4 &amp;&amp; wildList.indexOf(symbol) != -1): null

2019-08-23 18:55:18 - [TEST_STEP][PASSED] - symbol = symbol: null

2019-08-23 18:55:18 - [TEST_STEP][PASSED] - println(symbol): null

2019-08-23 18:55:18 - [TEST_STEP][PASSED] - if (i == 2 &amp;&amp; wildList.indexOf(symbol) != -1): null

2019-08-23 18:55:18 - [TEST_STEP][PASSED] - if (i == 3 &amp;&amp; wildList.indexOf(symbol) != -1): null

2019-08-23 18:55:18 - [TEST_STEP][PASSED] - if (i == 4 &amp;&amp; wildList.indexOf(symbol) != -1): null

2019-08-23 18:55:18 - [TEST_STEP][PASSED] - symbols = symbols: null

2019-08-23 18:55:18 - [TEST_STEP][PASSED] - for ([j = 0, j &lt; symbols.size(), (j++)]): null

2019-08-23 18:55:18 - [TEST_STEP][PASSED] - symbol = symbol: null

2019-08-23 18:55:18 - [TEST_STEP][PASSED] - println(symbol): null

2019-08-23 18:55:18 - [TEST_STEP][PASSED] - if (i == 2 &amp;&amp; wildList.indexOf(symbol) != -1): null

2019-08-23 18:55:18 - [TEST_STEP][PASSED] - if (i == 3 &amp;&amp; wildList.indexOf(symbol) != -1): null

2019-08-23 18:55:18 - [TEST_STEP][PASSED] - if (i == 4 &amp;&amp; wildList.indexOf(symbol) != -1): null

2019-08-23 18:55:18 - [TEST_STEP][PASSED] - symbol = symbol: null

2019-08-23 18:55:18 - [TEST_STEP][PASSED] - println(symbol): null

2019-08-23 18:55:18 - [TEST_STEP][PASSED] - if (i == 2 &amp;&amp; wildList.indexOf(symbol) != -1): null

2019-08-23 18:55:18 - [TEST_STEP][PASSED] - if (i == 3 &amp;&amp; wildList.indexOf(symbol) != -1): null

2019-08-23 18:55:18 - [TEST_STEP][PASSED] - if (i == 4 &amp;&amp; wildList.indexOf(symbol) != -1): null

2019-08-23 18:55:18 - [TEST_STEP][PASSED] - symbol = symbol: null

2019-08-23 18:55:18 - [TEST_STEP][PASSED] - println(symbol): null

2019-08-23 18:55:18 - [TEST_STEP][PASSED] - if (i == 2 &amp;&amp; wildList.indexOf(symbol) != -1): null

2019-08-23 18:55:18 - [TEST_STEP][PASSED] - if (i == 3 &amp;&amp; wildList.indexOf(symbol) != -1): null

2019-08-23 18:55:18 - [TEST_STEP][PASSED] - if (i == 4 &amp;&amp; wildList.indexOf(symbol) != -1): null

2019-08-23 18:55:18 - [TEST_STEP][PASSED] - free_spin_reel_counter = free_spin_reel_counter: null

2019-08-23 18:55:18 - [TEST_STEP][PASSED] - println("reel 3 wild found: " + free_spin_reel_counter[0]): null

2019-08-23 18:55:18 - [TEST_STEP][PASSED] - println("reel 4 wild found: " + free_spin_reel_counter[1]): null

2019-08-23 18:55:18 - [TEST_STEP][PASSED] - println("reel 5 wild found: " + free_spin_reel_counter[2]): null

2019-08-23 18:55:18 - [TEST_STEP][PASSED] - M4_spin_reels = M4_spin_reels: null

2019-08-23 18:55:18 - [TEST_STEP][PASSED] - M4_spin_reels_symbols = symbol: null

2019-08-23 18:55:18 - [TEST_STEP][PASSED] - M4_spin_reels_symbols = M4_spin_reels_symbols: null

2019-08-23 18:55:18 - [TEST_STEP][PASSED] - M4_spin_reel_wins = reel_wins: null

2019-08-23 18:55:18 - [TEST_STEP][PASSED] - M4_spin_reel_wins = M4_spin_reel_wins: null

2019-08-23 18:55:18 - [TEST_STEP][PASSED] - println("GlobalVariable.M4_spin_reel_wins is: " + M4_spin_reel_wins): null

2019-08-23 18:55:18 - [TEST_STEP][PASSED] - M4_spin_total_bonus_win_this_round = total_bonus_win_this_round: null

2019-08-23 18:55:18 - [TEST_STEP][PASSED] - M4_spin_total_bonus_win_this_round = M4_spin_total_bonus_win_this_round: null

2019-08-23 18:55:18 - [TEST_STEP][PASSED] - println("GlobalVariable.M4_spin_total_bonus_win_this_round is: " + M4_spin_total_bonus_win_this_round): null

2019-08-23 18:55:18 - [TEST_STEP][PASSED] - M4_spin_bonus_spin_result = spin_result: null

2019-08-23 18:55:18 - [TEST_STEP][PASSED] - M4_spin_bonus_spin_result = M4_spin_bonus_spin_result: null

2019-08-23 18:55:18 - [MESSAGE][PASSED] - Verify response successfully

2019-08-23 18:55:18 - [MESSAGE][PASSED] - Send request and verify the response successfully

2019-08-23 18:55:18 - [TEST_STEP][PASSED] - if (free_spin_reel_counter[0] &gt;= 1 &amp;&amp; free_spin_reel_counter[1] &gt;= 1 &amp;&amp; free_spin_reel_counter[2] &gt;= 1): null

2019-08-23 18:55:18 - [TEST_STEP][PASSED] - spin_result = sendRequestAndVerify(findTestObject("INT/RGS(M4)/1_M4_spin", ["M4_login_user_id":M4_login_user_id, "rgs_session_token":rgs_session_token, "partner":Partner])): Send request and verify the response successfully

2019-08-23 18:55:19 - [MESSAGE][INFO] - HAR: /Users/eiralee/Katalon_Script/SuperWild/Reports/20190823_184757/INT/superWild_1/20190823_184757/requests/main/171.har

2019-08-23 18:55:19 - [TEST_CASE][PASSED] - Start Test Case : Verification: Verification accomplished successfully

2019-08-23 18:55:19 - [TEST_STEP][PASSED] - request = getInstance().getCurrentRequest(): null

2019-08-23 18:55:19 - [TEST_STEP][PASSED] - response = getInstance().getCurrentResponse(): null

2019-08-23 18:55:19 - [TEST_STEP][PASSED] - verifyResponseStatusCode(response, 200): Verify response status code successfully

2019-08-23 18:55:19 - [MESSAGE][PASSED] - Verify response status code successfully

2019-08-23 18:55:19 - [TEST_STEP][PASSED] - getStatusCode()).isEqualTo(200): null

2019-08-23 18:55:19 - [TEST_STEP][PASSED] - newline = System.getProperty("line.separator"): null

2019-08-23 18:55:19 - [TEST_STEP][PASSED] - M4_spin = new groovy.json.JsonSlurper(): null

2019-08-23 18:55:19 - [TEST_STEP][PASSED] - result_M4_spin = M4_spin.parseText(response.getResponseBodyContent()): null

2019-08-23 18:55:19 - [TEST_STEP][PASSED] - M4_spin_current_balance = current_balance: null

2019-08-23 18:55:19 - [TEST_STEP][PASSED] - M4_spin_current_balance = M4_spin_current_balance: null

2019-08-23 18:55:19 - [TEST_STEP][PASSED] - M4_spin_transaction_id = causality: null

2019-08-23 18:55:19 - [TEST_STEP][PASSED] - M4_spin_transaction_id = M4_spin_transaction_id: null

2019-08-23 18:55:19 - [TEST_STEP][PASSED] - M4_spin_round_id = round_id: null

2019-08-23 18:55:19 - [TEST_STEP][PASSED] - M4_spin_round_id = M4_spin_round_id: null

2019-08-23 18:55:19 - [TEST_STEP][PASSED] - M4_spin_line_wins = line_wins: null

2019-08-23 18:55:19 - [TEST_STEP][PASSED] - M4_spin_line_wins = M4_spin_line_wins: null

2019-08-23 18:55:19 - [TEST_STEP][PASSED] - M4_total_bonus_spins_int = total_bonus_spins: null

2019-08-23 18:55:19 - [TEST_STEP][PASSED] - println("******M4_total_bonus_spins type is:*******" + newline + getClass().getName()): null

2019-08-23 18:55:19 - [TEST_STEP][PASSED] - M4_total_bonus_spins_int = M4_total_bonus_spins_int: null

2019-08-23 18:55:19 - [TEST_STEP][PASSED] - M4_total_bonus_spins = Integer.toString(M4_total_bonus_spins_int): null

2019-08-23 18:55:19 - [TEST_STEP][PASSED] - M4_total_bonus_spins = M4_total_bonus_spins: null

2019-08-23 18:55:19 - [TEST_STEP][PASSED] - println("M4_total_bonus_spins is:" + M4_total_bonus_spins): null

2019-08-23 18:55:19 - [TEST_STEP][PASSED] - M4_spin_bonus_data = bonus_data: null

2019-08-23 18:55:19 - [TEST_STEP][PASSED] - M4_spin_features_triggered = result_M4_spin: null

2019-08-23 18:55:19 - [TEST_STEP][PASSED] - wild = []: null

2019-08-23 18:55:19 - [TEST_STEP][PASSED] - wild[0] = "WILD_Expanding": null

2019-08-23 18:55:19 - [TEST_STEP][PASSED] - wild[1] = "WILD_Normal": null

2019-08-23 18:55:19 - [TEST_STEP][PASSED] - wild[2] = "WILD_Double": null

2019-08-23 18:55:19 - [TEST_STEP][PASSED] - wild[3] = "WILD_ExtraFG": null

2019-08-23 18:55:19 - [TEST_STEP][PASSED] - wild[4] = "WILD_Triple": null

2019-08-23 18:55:19 - [TEST_STEP][PASSED] - wildList = Arrays.asList(wild): null

2019-08-23 18:55:19 - [TEST_STEP][PASSED] - wildList = wildList: null

2019-08-23 18:55:19 - [TEST_STEP][PASSED] - free_spin_reel_counter = []: null

2019-08-23 18:55:19 - [TEST_STEP][PASSED] - free_spin_reel_counter[0] = 0: null

2019-08-23 18:55:19 - [TEST_STEP][PASSED] - free_spin_reel_counter[1] = 0: null

2019-08-23 18:55:19 - [TEST_STEP][PASSED] - free_spin_reel_counter[2] = 0: null

2019-08-23 18:55:19 - [TEST_STEP][PASSED] - M4_spin_reels = reels: null

2019-08-23 18:55:19 - [TEST_STEP][PASSED] - for ([i = 0, i &lt; M4_spin_reels.size(), (i++)]): null

2019-08-23 18:55:19 - [TEST_STEP][PASSED] - symbols = symbols: null

2019-08-23 18:55:19 - [TEST_STEP][PASSED] - for ([j = 0, j &lt; symbols.size(), (j++)]): null

2019-08-23 18:55:19 - [TEST_STEP][PASSED] - symbol = symbol: null

2019-08-23 18:55:19 - [TEST_STEP][PASSED] - println(symbol): null

2019-08-23 18:55:19 - [TEST_STEP][PASSED] - if (i == 2 &amp;&amp; wildList.indexOf(symbol) != -1): null

2019-08-23 18:55:19 - [TEST_STEP][PASSED] - if (i == 3 &amp;&amp; wildList.indexOf(symbol) != -1): null

2019-08-23 18:55:19 - [TEST_STEP][PASSED] - if (i == 4 &amp;&amp; wildList.indexOf(symbol) != -1): null

2019-08-23 18:55:19 - [TEST_STEP][PASSED] - symbol = symbol: null

2019-08-23 18:55:19 - [TEST_STEP][PASSED] - println(symbol): null

2019-08-23 18:55:19 - [TEST_STEP][PASSED] - if (i == 2 &amp;&amp; wildList.indexOf(symbol) != -1): null

2019-08-23 18:55:19 - [TEST_STEP][PASSED] - if (i == 3 &amp;&amp; wildList.indexOf(symbol) != -1): null

2019-08-23 18:55:19 - [TEST_STEP][PASSED] - if (i == 4 &amp;&amp; wildList.indexOf(symbol) != -1): null

2019-08-23 18:55:19 - [TEST_STEP][PASSED] - symbol = symbol: null

2019-08-23 18:55:19 - [TEST_STEP][PASSED] - println(symbol): null

2019-08-23 18:55:19 - [TEST_STEP][PASSED] - if (i == 2 &amp;&amp; wildList.indexOf(symbol) != -1): null

2019-08-23 18:55:19 - [TEST_STEP][PASSED] - if (i == 3 &amp;&amp; wildList.indexOf(symbol) != -1): null

2019-08-23 18:55:19 - [TEST_STEP][PASSED] - if (i == 4 &amp;&amp; wildList.indexOf(symbol) != -1): null

2019-08-23 18:55:19 - [TEST_STEP][PASSED] - symbols = symbols: null

2019-08-23 18:55:19 - [TEST_STEP][PASSED] - for ([j = 0, j &lt; symbols.size(), (j++)]): null

2019-08-23 18:55:19 - [TEST_STEP][PASSED] - symbol = symbol: null

2019-08-23 18:55:19 - [TEST_STEP][PASSED] - println(symbol): null

2019-08-23 18:55:19 - [TEST_STEP][PASSED] - if (i == 2 &amp;&amp; wildList.indexOf(symbol) != -1): null

2019-08-23 18:55:19 - [TEST_STEP][PASSED] - if (i == 3 &amp;&amp; wildList.indexOf(symbol) != -1): null

2019-08-23 18:55:19 - [TEST_STEP][PASSED] - if (i == 4 &amp;&amp; wildList.indexOf(symbol) != -1): null

2019-08-23 18:55:19 - [TEST_STEP][PASSED] - symbol = symbol: null

2019-08-23 18:55:19 - [TEST_STEP][PASSED] - println(symbol): null

2019-08-23 18:55:19 - [TEST_STEP][PASSED] - if (i == 2 &amp;&amp; wildList.indexOf(symbol) != -1): null

2019-08-23 18:55:19 - [TEST_STEP][PASSED] - if (i == 3 &amp;&amp; wildList.indexOf(symbol) != -1): null

2019-08-23 18:55:19 - [TEST_STEP][PASSED] - if (i == 4 &amp;&amp; wildList.indexOf(symbol) != -1): null

2019-08-23 18:55:19 - [TEST_STEP][PASSED] - symbol = symbol: null

2019-08-23 18:55:19 - [TEST_STEP][PASSED] - println(symbol): null

2019-08-23 18:55:19 - [TEST_STEP][PASSED] - if (i == 2 &amp;&amp; wildList.indexOf(symbol) != -1): null

2019-08-23 18:55:19 - [TEST_STEP][PASSED] - if (i == 3 &amp;&amp; wildList.indexOf(symbol) != -1): null

2019-08-23 18:55:19 - [TEST_STEP][PASSED] - if (i == 4 &amp;&amp; wildList.indexOf(symbol) != -1): null

2019-08-23 18:55:19 - [TEST_STEP][PASSED] - symbols = symbols: null

2019-08-23 18:55:19 - [TEST_STEP][PASSED] - for ([j = 0, j &lt; symbols.size(), (j++)]): null

2019-08-23 18:55:19 - [TEST_STEP][PASSED] - symbol = symbol: null

2019-08-23 18:55:19 - [TEST_STEP][PASSED] - println(symbol): null

2019-08-23 18:55:19 - [TEST_STEP][PASSED] - if (i == 2 &amp;&amp; wildList.indexOf(symbol) != -1): null

2019-08-23 18:55:19 - [TEST_STEP][PASSED] - if (i == 3 &amp;&amp; wildList.indexOf(symbol) != -1): null

2019-08-23 18:55:19 - [TEST_STEP][PASSED] - if (i == 4 &amp;&amp; wildList.indexOf(symbol) != -1): null

2019-08-23 18:55:19 - [TEST_STEP][PASSED] - symbol = symbol: null

2019-08-23 18:55:19 - [TEST_STEP][PASSED] - println(symbol): null

2019-08-23 18:55:19 - [TEST_STEP][PASSED] - if (i == 2 &amp;&amp; wildList.indexOf(symbol) != -1): null

2019-08-23 18:55:19 - [TEST_STEP][PASSED] - if (i == 3 &amp;&amp; wildList.indexOf(symbol) != -1): null

2019-08-23 18:55:19 - [TEST_STEP][PASSED] - if (i == 4 &amp;&amp; wildList.indexOf(symbol) != -1): null

2019-08-23 18:55:19 - [TEST_STEP][PASSED] - symbol = symbol: null

2019-08-23 18:55:19 - [TEST_STEP][PASSED] - println(symbol): null

2019-08-23 18:55:19 - [TEST_STEP][PASSED] - if (i == 2 &amp;&amp; wildList.indexOf(symbol) != -1): null

2019-08-23 18:55:19 - [TEST_STEP][PASSED] - if (i == 3 &amp;&amp; wildList.indexOf(symbol) != -1): null

2019-08-23 18:55:19 - [TEST_STEP][PASSED] - if (i == 4 &amp;&amp; wildList.indexOf(symbol) != -1): null

2019-08-23 18:55:19 - [TEST_STEP][PASSED] - symbols = symbols: null

2019-08-23 18:55:19 - [TEST_STEP][PASSED] - for ([j = 0, j &lt; symbols.size(), (j++)]): null

2019-08-23 18:55:19 - [TEST_STEP][PASSED] - symbol = symbol: null

2019-08-23 18:55:19 - [TEST_STEP][PASSED] - println(symbol): null

2019-08-23 18:55:19 - [TEST_STEP][PASSED] - if (i == 2 &amp;&amp; wildList.indexOf(symbol) != -1): null

2019-08-23 18:55:19 - [TEST_STEP][PASSED] - if (i == 3 &amp;&amp; wildList.indexOf(symbol) != -1): null

2019-08-23 18:55:19 - [TEST_STEP][PASSED] - println("wild found on reel 4, adding counter by 1"): null

2019-08-23 18:55:19 - [TEST_STEP][PASSED] - free_spin_reel_counter[1] = free_spin_reel_counter[1] + 1: null

2019-08-23 18:55:19 - [TEST_STEP][PASSED] - if (i == 4 &amp;&amp; wildList.indexOf(symbol) != -1): null

2019-08-23 18:55:19 - [TEST_STEP][PASSED] - symbol = symbol: null

2019-08-23 18:55:19 - [TEST_STEP][PASSED] - println(symbol): null

2019-08-23 18:55:19 - [TEST_STEP][PASSED] - if (i == 2 &amp;&amp; wildList.indexOf(symbol) != -1): null

2019-08-23 18:55:19 - [TEST_STEP][PASSED] - if (i == 3 &amp;&amp; wildList.indexOf(symbol) != -1): null

2019-08-23 18:55:19 - [TEST_STEP][PASSED] - if (i == 4 &amp;&amp; wildList.indexOf(symbol) != -1): null

2019-08-23 18:55:19 - [TEST_STEP][PASSED] - symbol = symbol: null

2019-08-23 18:55:19 - [TEST_STEP][PASSED] - println(symbol): null

2019-08-23 18:55:19 - [TEST_STEP][PASSED] - if (i == 2 &amp;&amp; wildList.indexOf(symbol) != -1): null

2019-08-23 18:55:19 - [TEST_STEP][PASSED] - if (i == 3 &amp;&amp; wildList.indexOf(symbol) != -1): null

2019-08-23 18:55:19 - [TEST_STEP][PASSED] - if (i == 4 &amp;&amp; wildList.indexOf(symbol) != -1): null

2019-08-23 18:55:19 - [TEST_STEP][PASSED] - symbols = symbols: null

2019-08-23 18:55:19 - [TEST_STEP][PASSED] - for ([j = 0, j &lt; symbols.size(), (j++)]): null

2019-08-23 18:55:19 - [TEST_STEP][PASSED] - symbol = symbol: null

2019-08-23 18:55:19 - [TEST_STEP][PASSED] - println(symbol): null

2019-08-23 18:55:19 - [TEST_STEP][PASSED] - if (i == 2 &amp;&amp; wildList.indexOf(symbol) != -1): null

2019-08-23 18:55:19 - [TEST_STEP][PASSED] - if (i == 3 &amp;&amp; wildList.indexOf(symbol) != -1): null

2019-08-23 18:55:19 - [TEST_STEP][PASSED] - if (i == 4 &amp;&amp; wildList.indexOf(symbol) != -1): null

2019-08-23 18:55:19 - [TEST_STEP][PASSED] - symbol = symbol: null

2019-08-23 18:55:19 - [TEST_STEP][PASSED] - println(symbol): null

2019-08-23 18:55:19 - [TEST_STEP][PASSED] - if (i == 2 &amp;&amp; wildList.indexOf(symbol) != -1): null

2019-08-23 18:55:19 - [TEST_STEP][PASSED] - if (i == 3 &amp;&amp; wildList.indexOf(symbol) != -1): null

2019-08-23 18:55:19 - [TEST_STEP][PASSED] - if (i == 4 &amp;&amp; wildList.indexOf(symbol) != -1): null

2019-08-23 18:55:19 - [TEST_STEP][PASSED] - symbol = symbol: null

2019-08-23 18:55:19 - [TEST_STEP][PASSED] - println(symbol): null

2019-08-23 18:55:19 - [TEST_STEP][PASSED] - if (i == 2 &amp;&amp; wildList.indexOf(symbol) != -1): null

2019-08-23 18:55:19 - [TEST_STEP][PASSED] - if (i == 3 &amp;&amp; wildList.indexOf(symbol) != -1): null

2019-08-23 18:55:19 - [TEST_STEP][PASSED] - if (i == 4 &amp;&amp; wildList.indexOf(symbol) != -1): null

2019-08-23 18:55:19 - [TEST_STEP][PASSED] - println("wild found on reel 5, adding counter by 1"): null

2019-08-23 18:55:19 - [TEST_STEP][PASSED] - free_spin_reel_counter[2] = free_spin_reel_counter[2] + 1: null

2019-08-23 18:55:19 - [TEST_STEP][PASSED] - free_spin_reel_counter = free_spin_reel_counter: null

2019-08-23 18:55:19 - [TEST_STEP][PASSED] - println("reel 3 wild found: " + free_spin_reel_counter[0]): null

2019-08-23 18:55:19 - [TEST_STEP][PASSED] - println("reel 4 wild found: " + free_spin_reel_counter[1]): null

2019-08-23 18:55:19 - [TEST_STEP][PASSED] - println("reel 5 wild found: " + free_spin_reel_counter[2]): null

2019-08-23 18:55:19 - [TEST_STEP][PASSED] - M4_spin_reels = M4_spin_reels: null

2019-08-23 18:55:19 - [TEST_STEP][PASSED] - M4_spin_reels_symbols = symbol: null

2019-08-23 18:55:19 - [TEST_STEP][PASSED] - M4_spin_reels_symbols = M4_spin_reels_symbols: null

2019-08-23 18:55:19 - [TEST_STEP][PASSED] - M4_spin_reel_wins = reel_wins: null

2019-08-23 18:55:19 - [TEST_STEP][PASSED] - M4_spin_reel_wins = M4_spin_reel_wins: null

2019-08-23 18:55:19 - [TEST_STEP][PASSED] - println("GlobalVariable.M4_spin_reel_wins is: " + M4_spin_reel_wins): null

2019-08-23 18:55:19 - [TEST_STEP][PASSED] - M4_spin_total_bonus_win_this_round = total_bonus_win_this_round: null

2019-08-23 18:55:19 - [TEST_STEP][PASSED] - M4_spin_total_bonus_win_this_round = M4_spin_total_bonus_win_this_round: null

2019-08-23 18:55:19 - [TEST_STEP][PASSED] - println("GlobalVariable.M4_spin_total_bonus_win_this_round is: " + M4_spin_total_bonus_win_this_round): null

2019-08-23 18:55:19 - [TEST_STEP][PASSED] - M4_spin_bonus_spin_result = spin_result: null

2019-08-23 18:55:19 - [TEST_STEP][PASSED] - M4_spin_bonus_spin_result = M4_spin_bonus_spin_result: null

2019-08-23 18:55:19 - [MESSAGE][PASSED] - Verify response successfully

2019-08-23 18:55:19 - [MESSAGE][PASSED] - Send request and verify the response successfully

2019-08-23 18:55:19 - [TEST_STEP][PASSED] - if (free_spin_reel_counter[0] &gt;= 1 &amp;&amp; free_spin_reel_counter[1] &gt;= 1 &amp;&amp; free_spin_reel_counter[2] &gt;= 1): null

2019-08-23 18:55:19 - [TEST_STEP][PASSED] - spin_result = sendRequestAndVerify(findTestObject("INT/RGS(M4)/1_M4_spin", ["M4_login_user_id":M4_login_user_id, "rgs_session_token":rgs_session_token, "partner":Partner])): Send request and verify the response successfully

2019-08-23 18:55:19 - [MESSAGE][INFO] - HAR: /Users/eiralee/Katalon_Script/SuperWild/Reports/20190823_184757/INT/superWild_1/20190823_184757/requests/main/172.har

2019-08-23 18:55:19 - [TEST_CASE][PASSED] - Start Test Case : Verification: Verification accomplished successfully

2019-08-23 18:55:19 - [TEST_STEP][PASSED] - request = getInstance().getCurrentRequest(): null

2019-08-23 18:55:19 - [TEST_STEP][PASSED] - response = getInstance().getCurrentResponse(): null

2019-08-23 18:55:19 - [TEST_STEP][PASSED] - verifyResponseStatusCode(response, 200): Verify response status code successfully

2019-08-23 18:55:19 - [MESSAGE][PASSED] - Verify response status code successfully

2019-08-23 18:55:19 - [TEST_STEP][PASSED] - getStatusCode()).isEqualTo(200): null

2019-08-23 18:55:19 - [TEST_STEP][PASSED] - newline = System.getProperty("line.separator"): null

2019-08-23 18:55:19 - [TEST_STEP][PASSED] - M4_spin = new groovy.json.JsonSlurper(): null

2019-08-23 18:55:19 - [TEST_STEP][PASSED] - result_M4_spin = M4_spin.parseText(response.getResponseBodyContent()): null

2019-08-23 18:55:19 - [TEST_STEP][PASSED] - M4_spin_current_balance = current_balance: null

2019-08-23 18:55:19 - [TEST_STEP][PASSED] - M4_spin_current_balance = M4_spin_current_balance: null

2019-08-23 18:55:19 - [TEST_STEP][PASSED] - M4_spin_transaction_id = causality: null

2019-08-23 18:55:19 - [TEST_STEP][PASSED] - M4_spin_transaction_id = M4_spin_transaction_id: null

2019-08-23 18:55:19 - [TEST_STEP][PASSED] - M4_spin_round_id = round_id: null

2019-08-23 18:55:19 - [TEST_STEP][PASSED] - M4_spin_round_id = M4_spin_round_id: null

2019-08-23 18:55:19 - [TEST_STEP][PASSED] - M4_spin_line_wins = line_wins: null

2019-08-23 18:55:19 - [TEST_STEP][PASSED] - M4_spin_line_wins = M4_spin_line_wins: null

2019-08-23 18:55:19 - [TEST_STEP][PASSED] - M4_total_bonus_spins_int = total_bonus_spins: null

2019-08-23 18:55:19 - [TEST_STEP][PASSED] - println("******M4_total_bonus_spins type is:*******" + newline + getClass().getName()): null

2019-08-23 18:55:19 - [TEST_STEP][PASSED] - M4_total_bonus_spins_int = M4_total_bonus_spins_int: null

2019-08-23 18:55:19 - [TEST_STEP][PASSED] - M4_total_bonus_spins = Integer.toString(M4_total_bonus_spins_int): null

2019-08-23 18:55:19 - [TEST_STEP][PASSED] - M4_total_bonus_spins = M4_total_bonus_spins: null

2019-08-23 18:55:19 - [TEST_STEP][PASSED] - println("M4_total_bonus_spins is:" + M4_total_bonus_spins): null

2019-08-23 18:55:19 - [TEST_STEP][PASSED] - M4_spin_bonus_data = bonus_data: null

2019-08-23 18:55:19 - [TEST_STEP][PASSED] - M4_spin_features_triggered = result_M4_spin: null

2019-08-23 18:55:19 - [TEST_STEP][PASSED] - wild = []: null

2019-08-23 18:55:19 - [TEST_STEP][PASSED] - wild[0] = "WILD_Expanding": null

2019-08-23 18:55:19 - [TEST_STEP][PASSED] - wild[1] = "WILD_Normal": null

2019-08-23 18:55:19 - [TEST_STEP][PASSED] - wild[2] = "WILD_Double": null

2019-08-23 18:55:19 - [TEST_STEP][PASSED] - wild[3] = "WILD_ExtraFG": null

2019-08-23 18:55:19 - [TEST_STEP][PASSED] - wild[4] = "WILD_Triple": null

2019-08-23 18:55:19 - [TEST_STEP][PASSED] - wildList = Arrays.asList(wild): null

2019-08-23 18:55:19 - [TEST_STEP][PASSED] - wildList = wildList: null

2019-08-23 18:55:19 - [TEST_STEP][PASSED] - free_spin_reel_counter = []: null

2019-08-23 18:55:19 - [TEST_STEP][PASSED] - free_spin_reel_counter[0] = 0: null

2019-08-23 18:55:19 - [TEST_STEP][PASSED] - free_spin_reel_counter[1] = 0: null

2019-08-23 18:55:19 - [TEST_STEP][PASSED] - free_spin_reel_counter[2] = 0: null

2019-08-23 18:55:19 - [TEST_STEP][PASSED] - M4_spin_reels = reels: null

2019-08-23 18:55:19 - [TEST_STEP][PASSED] - for ([i = 0, i &lt; M4_spin_reels.size(), (i++)]): null

2019-08-23 18:55:19 - [TEST_STEP][PASSED] - symbols = symbols: null

2019-08-23 18:55:19 - [TEST_STEP][PASSED] - for ([j = 0, j &lt; symbols.size(), (j++)]): null

2019-08-23 18:55:19 - [TEST_STEP][PASSED] - symbol = symbol: null

2019-08-23 18:55:19 - [TEST_STEP][PASSED] - println(symbol): null

2019-08-23 18:55:19 - [TEST_STEP][PASSED] - if (i == 2 &amp;&amp; wildList.indexOf(symbol) != -1): null

2019-08-23 18:55:19 - [TEST_STEP][PASSED] - if (i == 3 &amp;&amp; wildList.indexOf(symbol) != -1): null

2019-08-23 18:55:19 - [TEST_STEP][PASSED] - if (i == 4 &amp;&amp; wildList.indexOf(symbol) != -1): null

2019-08-23 18:55:19 - [TEST_STEP][PASSED] - symbol = symbol: null

2019-08-23 18:55:19 - [TEST_STEP][PASSED] - println(symbol): null

2019-08-23 18:55:19 - [TEST_STEP][PASSED] - if (i == 2 &amp;&amp; wildList.indexOf(symbol) != -1): null

2019-08-23 18:55:19 - [TEST_STEP][PASSED] - if (i == 3 &amp;&amp; wildList.indexOf(symbol) != -1): null

2019-08-23 18:55:19 - [TEST_STEP][PASSED] - if (i == 4 &amp;&amp; wildList.indexOf(symbol) != -1): null

2019-08-23 18:55:19 - [TEST_STEP][PASSED] - symbol = symbol: null

2019-08-23 18:55:19 - [TEST_STEP][PASSED] - println(symbol): null

2019-08-23 18:55:19 - [TEST_STEP][PASSED] - if (i == 2 &amp;&amp; wildList.indexOf(symbol) != -1): null

2019-08-23 18:55:19 - [TEST_STEP][PASSED] - if (i == 3 &amp;&amp; wildList.indexOf(symbol) != -1): null

2019-08-23 18:55:19 - [TEST_STEP][PASSED] - if (i == 4 &amp;&amp; wildList.indexOf(symbol) != -1): null

2019-08-23 18:55:19 - [TEST_STEP][PASSED] - symbols = symbols: null

2019-08-23 18:55:19 - [TEST_STEP][PASSED] - for ([j = 0, j &lt; symbols.size(), (j++)]): null

2019-08-23 18:55:19 - [TEST_STEP][PASSED] - symbol = symbol: null

2019-08-23 18:55:19 - [TEST_STEP][PASSED] - println(symbol): null

2019-08-23 18:55:19 - [TEST_STEP][PASSED] - if (i == 2 &amp;&amp; wildList.indexOf(symbol) != -1): null

2019-08-23 18:55:19 - [TEST_STEP][PASSED] - if (i == 3 &amp;&amp; wildList.indexOf(symbol) != -1): null

2019-08-23 18:55:19 - [TEST_STEP][PASSED] - if (i == 4 &amp;&amp; wildList.indexOf(symbol) != -1): null

2019-08-23 18:55:19 - [TEST_STEP][PASSED] - symbol = symbol: null

2019-08-23 18:55:19 - [TEST_STEP][PASSED] - println(symbol): null

2019-08-23 18:55:19 - [TEST_STEP][PASSED] - if (i == 2 &amp;&amp; wildList.indexOf(symbol) != -1): null

2019-08-23 18:55:22 - [TEST_STEP][PASSED] - if (i == 3 &amp;&amp; wildList.indexOf(symbol) != -1): null

2019-08-23 18:55:22 - [TEST_STEP][PASSED] - if (i == 4 &amp;&amp; wildList.indexOf(symbol) != -1): null

2019-08-23 18:55:22 - [TEST_STEP][PASSED] - symbol = symbol: null

2019-08-23 18:55:22 - [TEST_STEP][PASSED] - println(symbol): null

2019-08-23 18:55:22 - [TEST_STEP][PASSED] - if (i == 2 &amp;&amp; wildList.indexOf(symbol) != -1): null

2019-08-23 18:55:22 - [TEST_STEP][PASSED] - if (i == 3 &amp;&amp; wildList.indexOf(symbol) != -1): null

2019-08-23 18:55:22 - [TEST_STEP][PASSED] - if (i == 4 &amp;&amp; wildList.indexOf(symbol) != -1): null

2019-08-23 18:55:22 - [TEST_STEP][PASSED] - symbols = symbols: null

2019-08-23 18:55:22 - [TEST_STEP][PASSED] - for ([j = 0, j &lt; symbols.size(), (j++)]): null

2019-08-23 18:55:22 - [TEST_STEP][PASSED] - symbol = symbol: null

2019-08-23 18:55:22 - [TEST_STEP][PASSED] - println(symbol): null

2019-08-23 18:55:22 - [TEST_STEP][PASSED] - if (i == 2 &amp;&amp; wildList.indexOf(symbol) != -1): null

2019-08-23 18:55:22 - [TEST_STEP][PASSED] - if (i == 3 &amp;&amp; wildList.indexOf(symbol) != -1): null

2019-08-23 18:55:22 - [TEST_STEP][PASSED] - if (i == 4 &amp;&amp; wildList.indexOf(symbol) != -1): null

2019-08-23 18:55:22 - [TEST_STEP][PASSED] - symbol = symbol: null

2019-08-23 18:55:22 - [TEST_STEP][PASSED] - println(symbol): null

2019-08-23 18:55:22 - [TEST_STEP][PASSED] - if (i == 2 &amp;&amp; wildList.indexOf(symbol) != -1): null

2019-08-23 18:55:22 - [TEST_STEP][PASSED] - if (i == 3 &amp;&amp; wildList.indexOf(symbol) != -1): null

2019-08-23 18:55:22 - [TEST_STEP][PASSED] - if (i == 4 &amp;&amp; wildList.indexOf(symbol) != -1): null

2019-08-23 18:55:22 - [TEST_STEP][PASSED] - symbol = symbol: null

2019-08-23 18:55:22 - [TEST_STEP][PASSED] - println(symbol): null

2019-08-23 18:55:22 - [TEST_STEP][PASSED] - if (i == 2 &amp;&amp; wildList.indexOf(symbol) != -1): null

2019-08-23 18:55:22 - [TEST_STEP][PASSED] - if (i == 3 &amp;&amp; wildList.indexOf(symbol) != -1): null

2019-08-23 18:55:22 - [TEST_STEP][PASSED] - if (i == 4 &amp;&amp; wildList.indexOf(symbol) != -1): null

2019-08-23 18:55:22 - [TEST_STEP][PASSED] - symbols = symbols: null

2019-08-23 18:55:22 - [TEST_STEP][PASSED] - for ([j = 0, j &lt; symbols.size(), (j++)]): null

2019-08-23 18:55:22 - [TEST_STEP][PASSED] - symbol = symbol: null

2019-08-23 18:55:22 - [TEST_STEP][PASSED] - println(symbol): null

2019-08-23 18:55:22 - [TEST_STEP][PASSED] - if (i == 2 &amp;&amp; wildList.indexOf(symbol) != -1): null

2019-08-23 18:55:22 - [TEST_STEP][PASSED] - if (i == 3 &amp;&amp; wildList.indexOf(symbol) != -1): null

2019-08-23 18:55:22 - [TEST_STEP][PASSED] - if (i == 4 &amp;&amp; wildList.indexOf(symbol) != -1): null

2019-08-23 18:55:22 - [TEST_STEP][PASSED] - symbol = symbol: null

2019-08-23 18:55:22 - [TEST_STEP][PASSED] - println(symbol): null

2019-08-23 18:55:22 - [TEST_STEP][PASSED] - if (i == 2 &amp;&amp; wildList.indexOf(symbol) != -1): null

2019-08-23 18:55:22 - [TEST_STEP][PASSED] - if (i == 3 &amp;&amp; wildList.indexOf(symbol) != -1): null

2019-08-23 18:55:22 - [TEST_STEP][PASSED] - if (i == 4 &amp;&amp; wildList.indexOf(symbol) != -1): null

2019-08-23 18:55:22 - [TEST_STEP][PASSED] - symbol = symbol: null

2019-08-23 18:55:22 - [TEST_STEP][PASSED] - println(symbol): null

2019-08-23 18:55:22 - [TEST_STEP][PASSED] - if (i == 2 &amp;&amp; wildList.indexOf(symbol) != -1): null

2019-08-23 18:55:22 - [TEST_STEP][PASSED] - if (i == 3 &amp;&amp; wildList.indexOf(symbol) != -1): null

2019-08-23 18:55:22 - [TEST_STEP][PASSED] - println("wild found on reel 4, adding counter by 1"): null

2019-08-23 18:55:22 - [TEST_STEP][PASSED] - free_spin_reel_counter[1] = free_spin_reel_counter[1] + 1: null

2019-08-23 18:55:22 - [TEST_STEP][PASSED] - if (i == 4 &amp;&amp; wildList.indexOf(symbol) != -1): null

2019-08-23 18:55:22 - [TEST_STEP][PASSED] - symbols = symbols: null

2019-08-23 18:55:22 - [TEST_STEP][PASSED] - for ([j = 0, j &lt; symbols.size(), (j++)]): null

2019-08-23 18:55:22 - [TEST_STEP][PASSED] - symbol = symbol: null

2019-08-23 18:55:22 - [TEST_STEP][PASSED] - println(symbol): null

2019-08-23 18:55:22 - [TEST_STEP][PASSED] - if (i == 2 &amp;&amp; wildList.indexOf(symbol) != -1): null

2019-08-23 18:55:22 - [TEST_STEP][PASSED] - if (i == 3 &amp;&amp; wildList.indexOf(symbol) != -1): null

2019-08-23 18:55:22 - [TEST_STEP][PASSED] - if (i == 4 &amp;&amp; wildList.indexOf(symbol) != -1): null

2019-08-23 18:55:22 - [TEST_STEP][PASSED] - symbol = symbol: null

2019-08-23 18:55:22 - [TEST_STEP][PASSED] - println(symbol): null

2019-08-23 18:55:22 - [TEST_STEP][PASSED] - if (i == 2 &amp;&amp; wildList.indexOf(symbol) != -1): null

2019-08-23 18:55:22 - [TEST_STEP][PASSED] - if (i == 3 &amp;&amp; wildList.indexOf(symbol) != -1): null

2019-08-23 18:55:22 - [TEST_STEP][PASSED] - if (i == 4 &amp;&amp; wildList.indexOf(symbol) != -1): null

2019-08-23 18:55:22 - [TEST_STEP][PASSED] - symbol = symbol: null

2019-08-23 18:55:22 - [TEST_STEP][PASSED] - println(symbol): null

2019-08-23 18:55:22 - [TEST_STEP][PASSED] - if (i == 2 &amp;&amp; wildList.indexOf(symbol) != -1): null

2019-08-23 18:55:22 - [TEST_STEP][PASSED] - if (i == 3 &amp;&amp; wildList.indexOf(symbol) != -1): null

2019-08-23 18:55:22 - [TEST_STEP][PASSED] - if (i == 4 &amp;&amp; wildList.indexOf(symbol) != -1): null

2019-08-23 18:55:22 - [TEST_STEP][PASSED] - free_spin_reel_counter = free_spin_reel_counter: null

2019-08-23 18:55:22 - [TEST_STEP][PASSED] - println("reel 3 wild found: " + free_spin_reel_counter[0]): null

2019-08-23 18:55:22 - [TEST_STEP][PASSED] - println("reel 4 wild found: " + free_spin_reel_counter[1]): null

2019-08-23 18:55:22 - [TEST_STEP][PASSED] - println("reel 5 wild found: " + free_spin_reel_counter[2]): null

2019-08-23 18:55:22 - [TEST_STEP][PASSED] - M4_spin_reels = M4_spin_reels: null

2019-08-23 18:55:22 - [TEST_STEP][PASSED] - M4_spin_reels_symbols = symbol: null

2019-08-23 18:55:22 - [TEST_STEP][PASSED] - M4_spin_reels_symbols = M4_spin_reels_symbols: null

2019-08-23 18:55:22 - [TEST_STEP][PASSED] - M4_spin_reel_wins = reel_wins: null

2019-08-23 18:55:22 - [TEST_STEP][PASSED] - M4_spin_reel_wins = M4_spin_reel_wins: null

2019-08-23 18:55:22 - [TEST_STEP][PASSED] - println("GlobalVariable.M4_spin_reel_wins is: " + M4_spin_reel_wins): null

2019-08-23 18:55:22 - [TEST_STEP][PASSED] - M4_spin_total_bonus_win_this_round = total_bonus_win_this_round: null

2019-08-23 18:55:22 - [TEST_STEP][PASSED] - M4_spin_total_bonus_win_this_round = M4_spin_total_bonus_win_this_round: null

2019-08-23 18:55:22 - [TEST_STEP][PASSED] - println("GlobalVariable.M4_spin_total_bonus_win_this_round is: " + M4_spin_total_bonus_win_this_round): null

2019-08-23 18:55:22 - [TEST_STEP][PASSED] - M4_spin_bonus_spin_result = spin_result: null

2019-08-23 18:55:22 - [TEST_STEP][PASSED] - M4_spin_bonus_spin_result = M4_spin_bonus_spin_result: null

2019-08-23 18:55:22 - [MESSAGE][PASSED] - Verify response successfully

2019-08-23 18:55:22 - [MESSAGE][PASSED] - Send request and verify the response successfully

2019-08-23 18:55:22 - [TEST_STEP][PASSED] - if (free_spin_reel_counter[0] &gt;= 1 &amp;&amp; free_spin_reel_counter[1] &gt;= 1 &amp;&amp; free_spin_reel_counter[2] &gt;= 1): null

2019-08-23 18:55:22 - [TEST_STEP][PASSED] - spin_result = sendRequestAndVerify(findTestObject("INT/RGS(M4)/1_M4_spin", ["M4_login_user_id":M4_login_user_id, "rgs_session_token":rgs_session_token, "partner":Partner])): Send request and verify the response successfully

2019-08-23 18:55:22 - [MESSAGE][INFO] - HAR: /Users/eiralee/Katalon_Script/SuperWild/Reports/20190823_184757/INT/superWild_1/20190823_184757/requests/main/173.har

2019-08-23 18:55:22 - [TEST_CASE][PASSED] - Start Test Case : Verification: Verification accomplished successfully

2019-08-23 18:55:22 - [TEST_STEP][PASSED] - request = getInstance().getCurrentRequest(): null

2019-08-23 18:55:22 - [TEST_STEP][PASSED] - response = getInstance().getCurrentResponse(): null

2019-08-23 18:55:22 - [TEST_STEP][PASSED] - verifyResponseStatusCode(response, 200): Verify response status code successfully

2019-08-23 18:55:22 - [MESSAGE][PASSED] - Verify response status code successfully

2019-08-23 18:55:22 - [TEST_STEP][PASSED] - getStatusCode()).isEqualTo(200): null

2019-08-23 18:55:22 - [TEST_STEP][PASSED] - newline = System.getProperty("line.separator"): null

2019-08-23 18:55:22 - [TEST_STEP][PASSED] - M4_spin = new groovy.json.JsonSlurper(): null

2019-08-23 18:55:22 - [TEST_STEP][PASSED] - result_M4_spin = M4_spin.parseText(response.getResponseBodyContent()): null

2019-08-23 18:55:22 - [TEST_STEP][PASSED] - M4_spin_current_balance = current_balance: null

2019-08-23 18:55:22 - [TEST_STEP][PASSED] - M4_spin_current_balance = M4_spin_current_balance: null

2019-08-23 18:55:22 - [TEST_STEP][PASSED] - M4_spin_transaction_id = causality: null

2019-08-23 18:55:22 - [TEST_STEP][PASSED] - M4_spin_transaction_id = M4_spin_transaction_id: null

2019-08-23 18:55:22 - [TEST_STEP][PASSED] - M4_spin_round_id = round_id: null

2019-08-23 18:55:22 - [TEST_STEP][PASSED] - M4_spin_round_id = M4_spin_round_id: null

2019-08-23 18:55:22 - [TEST_STEP][PASSED] - M4_spin_line_wins = line_wins: null

2019-08-23 18:55:22 - [TEST_STEP][PASSED] - M4_spin_line_wins = M4_spin_line_wins: null

2019-08-23 18:55:22 - [TEST_STEP][PASSED] - M4_total_bonus_spins_int = total_bonus_spins: null

2019-08-23 18:55:22 - [TEST_STEP][PASSED] - println("******M4_total_bonus_spins type is:*******" + newline + getClass().getName()): null

2019-08-23 18:55:22 - [TEST_STEP][PASSED] - M4_total_bonus_spins_int = M4_total_bonus_spins_int: null

2019-08-23 18:55:22 - [TEST_STEP][PASSED] - M4_total_bonus_spins = Integer.toString(M4_total_bonus_spins_int): null

2019-08-23 18:55:22 - [TEST_STEP][PASSED] - M4_total_bonus_spins = M4_total_bonus_spins: null

2019-08-23 18:55:22 - [TEST_STEP][PASSED] - println("M4_total_bonus_spins is:" + M4_total_bonus_spins): null

2019-08-23 18:55:22 - [TEST_STEP][PASSED] - M4_spin_bonus_data = bonus_data: null

2019-08-23 18:55:22 - [TEST_STEP][PASSED] - M4_spin_features_triggered = result_M4_spin: null

2019-08-23 18:55:22 - [TEST_STEP][PASSED] - wild = []: null

2019-08-23 18:55:22 - [TEST_STEP][PASSED] - wild[0] = "WILD_Expanding": null

2019-08-23 18:55:22 - [TEST_STEP][PASSED] - wild[1] = "WILD_Normal": null

2019-08-23 18:55:22 - [TEST_STEP][PASSED] - wild[2] = "WILD_Double": null

2019-08-23 18:55:22 - [TEST_STEP][PASSED] - wild[3] = "WILD_ExtraFG": null

2019-08-23 18:55:22 - [TEST_STEP][PASSED] - wild[4] = "WILD_Triple": null

2019-08-23 18:55:22 - [TEST_STEP][PASSED] - wildList = Arrays.asList(wild): null

2019-08-23 18:55:22 - [TEST_STEP][PASSED] - wildList = wildList: null

2019-08-23 18:55:22 - [TEST_STEP][PASSED] - free_spin_reel_counter = []: null

2019-08-23 18:55:22 - [TEST_STEP][PASSED] - free_spin_reel_counter[0] = 0: null

2019-08-23 18:55:22 - [TEST_STEP][PASSED] - free_spin_reel_counter[1] = 0: null

2019-08-23 18:55:22 - [TEST_STEP][PASSED] - free_spin_reel_counter[2] = 0: null

2019-08-23 18:55:22 - [TEST_STEP][PASSED] - M4_spin_reels = reels: null

2019-08-23 18:55:22 - [TEST_STEP][PASSED] - for ([i = 0, i &lt; M4_spin_reels.size(), (i++)]): null

2019-08-23 18:55:22 - [TEST_STEP][PASSED] - symbols = symbols: null

2019-08-23 18:55:22 - [TEST_STEP][PASSED] - for ([j = 0, j &lt; symbols.size(), (j++)]): null

2019-08-23 18:55:22 - [TEST_STEP][PASSED] - symbol = symbol: null

2019-08-23 18:55:22 - [TEST_STEP][PASSED] - println(symbol): null

2019-08-23 18:55:22 - [TEST_STEP][PASSED] - if (i == 2 &amp;&amp; wildList.indexOf(symbol) != -1): null

2019-08-23 18:55:22 - [TEST_STEP][PASSED] - if (i == 3 &amp;&amp; wildList.indexOf(symbol) != -1): null

2019-08-23 18:55:22 - [TEST_STEP][PASSED] - if (i == 4 &amp;&amp; wildList.indexOf(symbol) != -1): null

2019-08-23 18:55:22 - [TEST_STEP][PASSED] - symbol = symbol: null

2019-08-23 18:55:22 - [TEST_STEP][PASSED] - println(symbol): null

2019-08-23 18:55:22 - [TEST_STEP][PASSED] - if (i == 2 &amp;&amp; wildList.indexOf(symbol) != -1): null

2019-08-23 18:55:22 - [TEST_STEP][PASSED] - if (i == 3 &amp;&amp; wildList.indexOf(symbol) != -1): null

2019-08-23 18:55:22 - [TEST_STEP][PASSED] - if (i == 4 &amp;&amp; wildList.indexOf(symbol) != -1): null

2019-08-23 18:55:22 - [TEST_STEP][PASSED] - symbol = symbol: null

2019-08-23 18:55:22 - [TEST_STEP][PASSED] - println(symbol): null

2019-08-23 18:55:22 - [TEST_STEP][PASSED] - if (i == 2 &amp;&amp; wildList.indexOf(symbol) != -1): null

2019-08-23 18:55:22 - [TEST_STEP][PASSED] - if (i == 3 &amp;&amp; wildList.indexOf(symbol) != -1): null

2019-08-23 18:55:22 - [TEST_STEP][PASSED] - if (i == 4 &amp;&amp; wildList.indexOf(symbol) != -1): null

2019-08-23 18:55:22 - [TEST_STEP][PASSED] - symbols = symbols: null

2019-08-23 18:55:22 - [TEST_STEP][PASSED] - for ([j = 0, j &lt; symbols.size(), (j++)]): null

2019-08-23 18:55:22 - [TEST_STEP][PASSED] - symbol = symbol: null

2019-08-23 18:55:22 - [TEST_STEP][PASSED] - println(symbol): null

2019-08-23 18:55:22 - [TEST_STEP][PASSED] - if (i == 2 &amp;&amp; wildList.indexOf(symbol) != -1): null

2019-08-23 18:55:22 - [TEST_STEP][PASSED] - if (i == 3 &amp;&amp; wildList.indexOf(symbol) != -1): null

2019-08-23 18:55:22 - [TEST_STEP][PASSED] - if (i == 4 &amp;&amp; wildList.indexOf(symbol) != -1): null

2019-08-23 18:55:22 - [TEST_STEP][PASSED] - symbol = symbol: null

2019-08-23 18:55:22 - [TEST_STEP][PASSED] - println(symbol): null

2019-08-23 18:55:22 - [TEST_STEP][PASSED] - if (i == 2 &amp;&amp; wildList.indexOf(symbol) != -1): null

2019-08-23 18:55:22 - [TEST_STEP][PASSED] - if (i == 3 &amp;&amp; wildList.indexOf(symbol) != -1): null

2019-08-23 18:55:22 - [TEST_STEP][PASSED] - if (i == 4 &amp;&amp; wildList.indexOf(symbol) != -1): null

2019-08-23 18:55:22 - [TEST_STEP][PASSED] - symbol = symbol: null

2019-08-23 18:55:22 - [TEST_STEP][PASSED] - println(symbol): null

2019-08-23 18:55:22 - [TEST_STEP][PASSED] - if (i == 2 &amp;&amp; wildList.indexOf(symbol) != -1): null

2019-08-23 18:55:22 - [TEST_STEP][PASSED] - if (i == 3 &amp;&amp; wildList.indexOf(symbol) != -1): null

2019-08-23 18:55:22 - [TEST_STEP][PASSED] - if (i == 4 &amp;&amp; wildList.indexOf(symbol) != -1): null

2019-08-23 18:55:22 - [TEST_STEP][PASSED] - symbols = symbols: null

2019-08-23 18:55:22 - [TEST_STEP][PASSED] - for ([j = 0, j &lt; symbols.size(), (j++)]): null

2019-08-23 18:55:22 - [TEST_STEP][PASSED] - symbol = symbol: null

2019-08-23 18:55:22 - [TEST_STEP][PASSED] - println(symbol): null

2019-08-23 18:55:22 - [TEST_STEP][PASSED] - if (i == 2 &amp;&amp; wildList.indexOf(symbol) != -1): null

2019-08-23 18:55:22 - [TEST_STEP][PASSED] - if (i == 3 &amp;&amp; wildList.indexOf(symbol) != -1): null

2019-08-23 18:55:22 - [TEST_STEP][PASSED] - if (i == 4 &amp;&amp; wildList.indexOf(symbol) != -1): null

2019-08-23 18:55:22 - [TEST_STEP][PASSED] - symbol = symbol: null

2019-08-23 18:55:22 - [TEST_STEP][PASSED] - println(symbol): null

2019-08-23 18:55:22 - [TEST_STEP][PASSED] - if (i == 2 &amp;&amp; wildList.indexOf(symbol) != -1): null

2019-08-23 18:55:22 - [TEST_STEP][PASSED] - if (i == 3 &amp;&amp; wildList.indexOf(symbol) != -1): null

2019-08-23 18:55:22 - [TEST_STEP][PASSED] - if (i == 4 &amp;&amp; wildList.indexOf(symbol) != -1): null

2019-08-23 18:55:22 - [TEST_STEP][PASSED] - symbol = symbol: null

2019-08-23 18:55:22 - [TEST_STEP][PASSED] - println(symbol): null

2019-08-23 18:55:22 - [TEST_STEP][PASSED] - if (i == 2 &amp;&amp; wildList.indexOf(symbol) != -1): null

2019-08-23 18:55:22 - [TEST_STEP][PASSED] - if (i == 3 &amp;&amp; wildList.indexOf(symbol) != -1): null

2019-08-23 18:55:22 - [TEST_STEP][PASSED] - if (i == 4 &amp;&amp; wildList.indexOf(symbol) != -1): null

2019-08-23 18:55:22 - [TEST_STEP][PASSED] - symbols = symbols: null

2019-08-23 18:55:22 - [TEST_STEP][PASSED] - for ([j = 0, j &lt; symbols.size(), (j++)]): null

2019-08-23 18:55:22 - [TEST_STEP][PASSED] - symbol = symbol: null

2019-08-23 18:55:22 - [TEST_STEP][PASSED] - println(symbol): null

2019-08-23 18:55:22 - [TEST_STEP][PASSED] - if (i == 2 &amp;&amp; wildList.indexOf(symbol) != -1): null

2019-08-23 18:55:22 - [TEST_STEP][PASSED] - if (i == 3 &amp;&amp; wildList.indexOf(symbol) != -1): null

2019-08-23 18:55:22 - [TEST_STEP][PASSED] - if (i == 4 &amp;&amp; wildList.indexOf(symbol) != -1): null

2019-08-23 18:55:22 - [TEST_STEP][PASSED] - symbol = symbol: null

2019-08-23 18:55:22 - [TEST_STEP][PASSED] - println(symbol): null

2019-08-23 18:55:22 - [TEST_STEP][PASSED] - if (i == 2 &amp;&amp; wildList.indexOf(symbol) != -1): null

2019-08-23 18:55:22 - [TEST_STEP][PASSED] - if (i == 3 &amp;&amp; wildList.indexOf(symbol) != -1): null

2019-08-23 18:55:22 - [TEST_STEP][PASSED] - if (i == 4 &amp;&amp; wildList.indexOf(symbol) != -1): null

2019-08-23 18:55:22 - [TEST_STEP][PASSED] - symbol = symbol: null

2019-08-23 18:55:22 - [TEST_STEP][PASSED] - println(symbol): null

2019-08-23 18:55:22 - [TEST_STEP][PASSED] - if (i == 2 &amp;&amp; wildList.indexOf(symbol) != -1): null

2019-08-23 18:55:22 - [TEST_STEP][PASSED] - if (i == 3 &amp;&amp; wildList.indexOf(symbol) != -1): null

2019-08-23 18:55:22 - [TEST_STEP][PASSED] - if (i == 4 &amp;&amp; wildList.indexOf(symbol) != -1): null

2019-08-23 18:55:22 - [TEST_STEP][PASSED] - symbols = symbols: null

2019-08-23 18:55:22 - [TEST_STEP][PASSED] - for ([j = 0, j &lt; symbols.size(), (j++)]): null

2019-08-23 18:55:22 - [TEST_STEP][PASSED] - symbol = symbol: null

2019-08-23 18:55:22 - [TEST_STEP][PASSED] - println(symbol): null

2019-08-23 18:55:22 - [TEST_STEP][PASSED] - if (i == 2 &amp;&amp; wildList.indexOf(symbol) != -1): null

2019-08-23 18:55:22 - [TEST_STEP][PASSED] - if (i == 3 &amp;&amp; wildList.indexOf(symbol) != -1): null

2019-08-23 18:55:22 - [TEST_STEP][PASSED] - if (i == 4 &amp;&amp; wildList.indexOf(symbol) != -1): null

2019-08-23 18:55:22 - [TEST_STEP][PASSED] - symbol = symbol: null

2019-08-23 18:55:22 - [TEST_STEP][PASSED] - println(symbol): null

2019-08-23 18:55:22 - [TEST_STEP][PASSED] - if (i == 2 &amp;&amp; wildList.indexOf(symbol) != -1): null

2019-08-23 18:55:22 - [TEST_STEP][PASSED] - if (i == 3 &amp;&amp; wildList.indexOf(symbol) != -1): null

2019-08-23 18:55:22 - [TEST_STEP][PASSED] - if (i == 4 &amp;&amp; wildList.indexOf(symbol) != -1): null

2019-08-23 18:55:22 - [TEST_STEP][PASSED] - symbol = symbol: null

2019-08-23 18:55:22 - [TEST_STEP][PASSED] - println(symbol): null

2019-08-23 18:55:22 - [TEST_STEP][PASSED] - if (i == 2 &amp;&amp; wildList.indexOf(symbol) != -1): null

2019-08-23 18:55:22 - [TEST_STEP][PASSED] - if (i == 3 &amp;&amp; wildList.indexOf(symbol) != -1): null

2019-08-23 18:55:22 - [TEST_STEP][PASSED] - if (i == 4 &amp;&amp; wildList.indexOf(symbol) != -1): null

2019-08-23 18:55:22 - [TEST_STEP][PASSED] - free_spin_reel_counter = free_spin_reel_counter: null

2019-08-23 18:55:22 - [TEST_STEP][PASSED] - println("reel 3 wild found: " + free_spin_reel_counter[0]): null

2019-08-23 18:55:22 - [TEST_STEP][PASSED] - println("reel 4 wild found: " + free_spin_reel_counter[1]): null

2019-08-23 18:55:22 - [TEST_STEP][PASSED] - println("reel 5 wild found: " + free_spin_reel_counter[2]): null

2019-08-23 18:55:22 - [TEST_STEP][PASSED] - M4_spin_reels = M4_spin_reels: null

2019-08-23 18:55:22 - [TEST_STEP][PASSED] - M4_spin_reels_symbols = symbol: null

2019-08-23 18:55:22 - [TEST_STEP][PASSED] - M4_spin_reels_symbols = M4_spin_reels_symbols: null

2019-08-23 18:55:22 - [TEST_STEP][PASSED] - M4_spin_reel_wins = reel_wins: null

2019-08-23 18:55:22 - [TEST_STEP][PASSED] - M4_spin_reel_wins = M4_spin_reel_wins: null

2019-08-23 18:55:22 - [TEST_STEP][PASSED] - println("GlobalVariable.M4_spin_reel_wins is: " + M4_spin_reel_wins): null

2019-08-23 18:55:22 - [TEST_STEP][PASSED] - M4_spin_total_bonus_win_this_round = total_bonus_win_this_round: null

2019-08-23 18:55:22 - [TEST_STEP][PASSED] - M4_spin_total_bonus_win_this_round = M4_spin_total_bonus_win_this_round: null

2019-08-23 18:55:22 - [TEST_STEP][PASSED] - println("GlobalVariable.M4_spin_total_bonus_win_this_round is: " + M4_spin_total_bonus_win_this_round): null

2019-08-23 18:55:22 - [TEST_STEP][PASSED] - M4_spin_bonus_spin_result = spin_result: null

2019-08-23 18:55:22 - [TEST_STEP][PASSED] - M4_spin_bonus_spin_result = M4_spin_bonus_spin_result: null

2019-08-23 18:55:22 - [MESSAGE][PASSED] - Verify response successfully

2019-08-23 18:55:22 - [MESSAGE][PASSED] - Send request and verify the response successfully

2019-08-23 18:55:22 - [TEST_STEP][PASSED] - if (free_spin_reel_counter[0] &gt;= 1 &amp;&amp; free_spin_reel_counter[1] &gt;= 1 &amp;&amp; free_spin_reel_counter[2] &gt;= 1): null

2019-08-23 18:55:22 - [TEST_STEP][PASSED] - spin_result = sendRequestAndVerify(findTestObject("INT/RGS(M4)/1_M4_spin", ["M4_login_user_id":M4_login_user_id, "rgs_session_token":rgs_session_token, "partner":Partner])): Send request and verify the response successfully

2019-08-23 18:55:23 - [MESSAGE][INFO] - HAR: /Users/eiralee/Katalon_Script/SuperWild/Reports/20190823_184757/INT/superWild_1/20190823_184757/requests/main/174.har

2019-08-23 18:55:23 - [TEST_CASE][PASSED] - Start Test Case : Verification: Verification accomplished successfully

2019-08-23 18:55:23 - [TEST_STEP][PASSED] - request = getInstance().getCurrentRequest(): null

2019-08-23 18:55:23 - [TEST_STEP][PASSED] - response = getInstance().getCurrentResponse(): null

2019-08-23 18:55:23 - [TEST_STEP][PASSED] - verifyResponseStatusCode(response, 200): Verify response status code successfully

2019-08-23 18:55:23 - [MESSAGE][PASSED] - Verify response status code successfully

2019-08-23 18:55:23 - [TEST_STEP][PASSED] - getStatusCode()).isEqualTo(200): null

2019-08-23 18:55:23 - [TEST_STEP][PASSED] - newline = System.getProperty("line.separator"): null

2019-08-23 18:55:23 - [TEST_STEP][PASSED] - M4_spin = new groovy.json.JsonSlurper(): null

2019-08-23 18:55:23 - [TEST_STEP][PASSED] - result_M4_spin = M4_spin.parseText(response.getResponseBodyContent()): null

2019-08-23 18:55:23 - [TEST_STEP][PASSED] - M4_spin_current_balance = current_balance: null

2019-08-23 18:55:23 - [TEST_STEP][PASSED] - M4_spin_current_balance = M4_spin_current_balance: null

2019-08-23 18:55:23 - [TEST_STEP][PASSED] - M4_spin_transaction_id = causality: null

2019-08-23 18:55:23 - [TEST_STEP][PASSED] - M4_spin_transaction_id = M4_spin_transaction_id: null

2019-08-23 18:55:23 - [TEST_STEP][PASSED] - M4_spin_round_id = round_id: null

2019-08-23 18:55:23 - [TEST_STEP][PASSED] - M4_spin_round_id = M4_spin_round_id: null

2019-08-23 18:55:23 - [TEST_STEP][PASSED] - M4_spin_line_wins = line_wins: null

2019-08-23 18:55:23 - [TEST_STEP][PASSED] - M4_spin_line_wins = M4_spin_line_wins: null

2019-08-23 18:55:23 - [TEST_STEP][PASSED] - M4_total_bonus_spins_int = total_bonus_spins: null

2019-08-23 18:55:23 - [TEST_STEP][PASSED] - println("******M4_total_bonus_spins type is:*******" + newline + getClass().getName()): null

2019-08-23 18:55:23 - [TEST_STEP][PASSED] - M4_total_bonus_spins_int = M4_total_bonus_spins_int: null

2019-08-23 18:55:23 - [TEST_STEP][PASSED] - M4_total_bonus_spins = Integer.toString(M4_total_bonus_spins_int): null

2019-08-23 18:55:23 - [TEST_STEP][PASSED] - M4_total_bonus_spins = M4_total_bonus_spins: null

2019-08-23 18:55:23 - [TEST_STEP][PASSED] - println("M4_total_bonus_spins is:" + M4_total_bonus_spins): null

2019-08-23 18:55:23 - [TEST_STEP][PASSED] - M4_spin_bonus_data = bonus_data: null

2019-08-23 18:55:23 - [TEST_STEP][PASSED] - M4_spin_features_triggered = result_M4_spin: null

2019-08-23 18:55:23 - [TEST_STEP][PASSED] - wild = []: null

2019-08-23 18:55:23 - [TEST_STEP][PASSED] - wild[0] = "WILD_Expanding": null

2019-08-23 18:55:23 - [TEST_STEP][PASSED] - wild[1] = "WILD_Normal": null

2019-08-23 18:55:23 - [TEST_STEP][PASSED] - wild[2] = "WILD_Double": null

2019-08-23 18:55:23 - [TEST_STEP][PASSED] - wild[3] = "WILD_ExtraFG": null

2019-08-23 18:55:23 - [TEST_STEP][PASSED] - wild[4] = "WILD_Triple": null

2019-08-23 18:55:23 - [TEST_STEP][PASSED] - wildList = Arrays.asList(wild): null

2019-08-23 18:55:23 - [TEST_STEP][PASSED] - wildList = wildList: null

2019-08-23 18:55:23 - [TEST_STEP][PASSED] - free_spin_reel_counter = []: null

2019-08-23 18:55:23 - [TEST_STEP][PASSED] - free_spin_reel_counter[0] = 0: null

2019-08-23 18:55:23 - [TEST_STEP][PASSED] - free_spin_reel_counter[1] = 0: null

2019-08-23 18:55:23 - [TEST_STEP][PASSED] - free_spin_reel_counter[2] = 0: null

2019-08-23 18:55:23 - [TEST_STEP][PASSED] - M4_spin_reels = reels: null

2019-08-23 18:55:23 - [TEST_STEP][PASSED] - for ([i = 0, i &lt; M4_spin_reels.size(), (i++)]): null

2019-08-23 18:55:23 - [TEST_STEP][PASSED] - symbols = symbols: null

2019-08-23 18:55:23 - [TEST_STEP][PASSED] - for ([j = 0, j &lt; symbols.size(), (j++)]): null

2019-08-23 18:55:23 - [TEST_STEP][PASSED] - symbol = symbol: null

2019-08-23 18:55:23 - [TEST_STEP][PASSED] - println(symbol): null

2019-08-23 18:55:23 - [TEST_STEP][PASSED] - if (i == 2 &amp;&amp; wildList.indexOf(symbol) != -1): null

2019-08-23 18:55:23 - [TEST_STEP][PASSED] - if (i == 3 &amp;&amp; wildList.indexOf(symbol) != -1): null

2019-08-23 18:55:23 - [TEST_STEP][PASSED] - if (i == 4 &amp;&amp; wildList.indexOf(symbol) != -1): null

2019-08-23 18:55:23 - [TEST_STEP][PASSED] - symbol = symbol: null

2019-08-23 18:55:23 - [TEST_STEP][PASSED] - println(symbol): null

2019-08-23 18:55:23 - [TEST_STEP][PASSED] - if (i == 2 &amp;&amp; wildList.indexOf(symbol) != -1): null

2019-08-23 18:55:23 - [TEST_STEP][PASSED] - if (i == 3 &amp;&amp; wildList.indexOf(symbol) != -1): null

2019-08-23 18:55:23 - [TEST_STEP][PASSED] - if (i == 4 &amp;&amp; wildList.indexOf(symbol) != -1): null

2019-08-23 18:55:23 - [TEST_STEP][PASSED] - symbol = symbol: null

2019-08-23 18:55:23 - [TEST_STEP][PASSED] - println(symbol): null

2019-08-23 18:55:23 - [TEST_STEP][PASSED] - if (i == 2 &amp;&amp; wildList.indexOf(symbol) != -1): null

2019-08-23 18:55:23 - [TEST_STEP][PASSED] - if (i == 3 &amp;&amp; wildList.indexOf(symbol) != -1): null

2019-08-23 18:55:23 - [TEST_STEP][PASSED] - if (i == 4 &amp;&amp; wildList.indexOf(symbol) != -1): null

2019-08-23 18:55:23 - [TEST_STEP][PASSED] - symbols = symbols: null

2019-08-23 18:55:23 - [TEST_STEP][PASSED] - for ([j = 0, j &lt; symbols.size(), (j++)]): null

2019-08-23 18:55:23 - [TEST_STEP][PASSED] - symbol = symbol: null

2019-08-23 18:55:23 - [TEST_STEP][PASSED] - println(symbol): null

2019-08-23 18:55:23 - [TEST_STEP][PASSED] - if (i == 2 &amp;&amp; wildList.indexOf(symbol) != -1): null

2019-08-23 18:55:23 - [TEST_STEP][PASSED] - if (i == 3 &amp;&amp; wildList.indexOf(symbol) != -1): null

2019-08-23 18:55:23 - [TEST_STEP][PASSED] - if (i == 4 &amp;&amp; wildList.indexOf(symbol) != -1): null

2019-08-23 18:55:23 - [TEST_STEP][PASSED] - symbol = symbol: null

2019-08-23 18:55:23 - [TEST_STEP][PASSED] - println(symbol): null

2019-08-23 18:55:23 - [TEST_STEP][PASSED] - if (i == 2 &amp;&amp; wildList.indexOf(symbol) != -1): null

2019-08-23 18:55:23 - [TEST_STEP][PASSED] - if (i == 3 &amp;&amp; wildList.indexOf(symbol) != -1): null

2019-08-23 18:55:23 - [TEST_STEP][PASSED] - if (i == 4 &amp;&amp; wildList.indexOf(symbol) != -1): null

2019-08-23 18:55:23 - [TEST_STEP][PASSED] - symbol = symbol: null

2019-08-23 18:55:23 - [TEST_STEP][PASSED] - println(symbol): null

2019-08-23 18:55:23 - [TEST_STEP][PASSED] - if (i == 2 &amp;&amp; wildList.indexOf(symbol) != -1): null

2019-08-23 18:55:23 - [TEST_STEP][PASSED] - if (i == 3 &amp;&amp; wildList.indexOf(symbol) != -1): null

2019-08-23 18:55:23 - [TEST_STEP][PASSED] - if (i == 4 &amp;&amp; wildList.indexOf(symbol) != -1): null

2019-08-23 18:55:23 - [TEST_STEP][PASSED] - symbols = symbols: null

2019-08-23 18:55:23 - [TEST_STEP][PASSED] - for ([j = 0, j &lt; symbols.size(), (j++)]): null

2019-08-23 18:55:23 - [TEST_STEP][PASSED] - symbol = symbol: null

2019-08-23 18:55:23 - [TEST_STEP][PASSED] - println(symbol): null

2019-08-23 18:55:23 - [TEST_STEP][PASSED] - if (i == 2 &amp;&amp; wildList.indexOf(symbol) != -1): null

2019-08-23 18:55:23 - [TEST_STEP][PASSED] - if (i == 3 &amp;&amp; wildList.indexOf(symbol) != -1): null

2019-08-23 18:55:23 - [TEST_STEP][PASSED] - if (i == 4 &amp;&amp; wildList.indexOf(symbol) != -1): null

2019-08-23 18:55:23 - [TEST_STEP][PASSED] - symbol = symbol: null

2019-08-23 18:55:23 - [TEST_STEP][PASSED] - println(symbol): null

2019-08-23 18:55:23 - [TEST_STEP][PASSED] - if (i == 2 &amp;&amp; wildList.indexOf(symbol) != -1): null

2019-08-23 18:55:23 - [TEST_STEP][PASSED] - println("wild found on reel 3, adding counter by 1"): null

2019-08-23 18:55:23 - [TEST_STEP][PASSED] - free_spin_reel_counter[0] = free_spin_reel_counter[0] + 1: null

2019-08-23 18:55:23 - [TEST_STEP][PASSED] - if (i == 3 &amp;&amp; wildList.indexOf(symbol) != -1): null

2019-08-23 18:55:23 - [TEST_STEP][PASSED] - if (i == 4 &amp;&amp; wildList.indexOf(symbol) != -1): null

2019-08-23 18:55:23 - [TEST_STEP][PASSED] - symbol = symbol: null

2019-08-23 18:55:23 - [TEST_STEP][PASSED] - println(symbol): null

2019-08-23 18:55:23 - [TEST_STEP][PASSED] - if (i == 2 &amp;&amp; wildList.indexOf(symbol) != -1): null

2019-08-23 18:55:23 - [TEST_STEP][PASSED] - if (i == 3 &amp;&amp; wildList.indexOf(symbol) != -1): null

2019-08-23 18:55:23 - [TEST_STEP][PASSED] - if (i == 4 &amp;&amp; wildList.indexOf(symbol) != -1): null

2019-08-23 18:55:23 - [TEST_STEP][PASSED] - symbols = symbols: null

2019-08-23 18:55:23 - [TEST_STEP][PASSED] - for ([j = 0, j &lt; symbols.size(), (j++)]): null

2019-08-23 18:55:23 - [TEST_STEP][PASSED] - symbol = symbol: null

2019-08-23 18:55:23 - [TEST_STEP][PASSED] - println(symbol): null

2019-08-23 18:55:23 - [TEST_STEP][PASSED] - if (i == 2 &amp;&amp; wildList.indexOf(symbol) != -1): null

2019-08-23 18:55:23 - [TEST_STEP][PASSED] - if (i == 3 &amp;&amp; wildList.indexOf(symbol) != -1): null

2019-08-23 18:55:23 - [TEST_STEP][PASSED] - if (i == 4 &amp;&amp; wildList.indexOf(symbol) != -1): null

2019-08-23 18:55:25 - [TEST_STEP][PASSED] - symbol = symbol: null

2019-08-23 18:55:25 - [TEST_STEP][PASSED] - println(symbol): null

2019-08-23 18:55:25 - [TEST_STEP][PASSED] - if (i == 2 &amp;&amp; wildList.indexOf(symbol) != -1): null

2019-08-23 18:55:25 - [TEST_STEP][PASSED] - if (i == 3 &amp;&amp; wildList.indexOf(symbol) != -1): null

2019-08-23 18:55:25 - [TEST_STEP][PASSED] - println("wild found on reel 4, adding counter by 1"): null

2019-08-23 18:55:25 - [TEST_STEP][PASSED] - free_spin_reel_counter[1] = free_spin_reel_counter[1] + 1: null

2019-08-23 18:55:25 - [TEST_STEP][PASSED] - if (i == 4 &amp;&amp; wildList.indexOf(symbol) != -1): null

2019-08-23 18:55:25 - [TEST_STEP][PASSED] - symbol = symbol: null

2019-08-23 18:55:25 - [TEST_STEP][PASSED] - println(symbol): null

2019-08-23 18:55:25 - [TEST_STEP][PASSED] - if (i == 2 &amp;&amp; wildList.indexOf(symbol) != -1): null

2019-08-23 18:55:25 - [TEST_STEP][PASSED] - if (i == 3 &amp;&amp; wildList.indexOf(symbol) != -1): null

2019-08-23 18:55:25 - [TEST_STEP][PASSED] - if (i == 4 &amp;&amp; wildList.indexOf(symbol) != -1): null

2019-08-23 18:55:25 - [TEST_STEP][PASSED] - symbols = symbols: null

2019-08-23 18:55:25 - [TEST_STEP][PASSED] - for ([j = 0, j &lt; symbols.size(), (j++)]): null

2019-08-23 18:55:25 - [TEST_STEP][PASSED] - symbol = symbol: null

2019-08-23 18:55:25 - [TEST_STEP][PASSED] - println(symbol): null

2019-08-23 18:55:25 - [TEST_STEP][PASSED] - if (i == 2 &amp;&amp; wildList.indexOf(symbol) != -1): null

2019-08-23 18:55:25 - [TEST_STEP][PASSED] - if (i == 3 &amp;&amp; wildList.indexOf(symbol) != -1): null

2019-08-23 18:55:25 - [TEST_STEP][PASSED] - if (i == 4 &amp;&amp; wildList.indexOf(symbol) != -1): null

2019-08-23 18:55:25 - [TEST_STEP][PASSED] - symbol = symbol: null

2019-08-23 18:55:25 - [TEST_STEP][PASSED] - println(symbol): null

2019-08-23 18:55:25 - [TEST_STEP][PASSED] - if (i == 2 &amp;&amp; wildList.indexOf(symbol) != -1): null

2019-08-23 18:55:25 - [TEST_STEP][PASSED] - if (i == 3 &amp;&amp; wildList.indexOf(symbol) != -1): null

2019-08-23 18:55:25 - [TEST_STEP][PASSED] - if (i == 4 &amp;&amp; wildList.indexOf(symbol) != -1): null

2019-08-23 18:55:25 - [TEST_STEP][PASSED] - symbol = symbol: null

2019-08-23 18:55:25 - [TEST_STEP][PASSED] - println(symbol): null

2019-08-23 18:55:25 - [TEST_STEP][PASSED] - if (i == 2 &amp;&amp; wildList.indexOf(symbol) != -1): null

2019-08-23 18:55:25 - [TEST_STEP][PASSED] - if (i == 3 &amp;&amp; wildList.indexOf(symbol) != -1): null

2019-08-23 18:55:25 - [TEST_STEP][PASSED] - if (i == 4 &amp;&amp; wildList.indexOf(symbol) != -1): null

2019-08-23 18:55:25 - [TEST_STEP][PASSED] - free_spin_reel_counter = free_spin_reel_counter: null

2019-08-23 18:55:25 - [TEST_STEP][PASSED] - println("reel 3 wild found: " + free_spin_reel_counter[0]): null

2019-08-23 18:55:25 - [TEST_STEP][PASSED] - println("reel 4 wild found: " + free_spin_reel_counter[1]): null

2019-08-23 18:55:25 - [TEST_STEP][PASSED] - println("reel 5 wild found: " + free_spin_reel_counter[2]): null

2019-08-23 18:55:25 - [TEST_STEP][PASSED] - M4_spin_reels = M4_spin_reels: null

2019-08-23 18:55:25 - [TEST_STEP][PASSED] - M4_spin_reels_symbols = symbol: null

2019-08-23 18:55:25 - [TEST_STEP][PASSED] - M4_spin_reels_symbols = M4_spin_reels_symbols: null

2019-08-23 18:55:25 - [TEST_STEP][PASSED] - M4_spin_reel_wins = reel_wins: null

2019-08-23 18:55:25 - [TEST_STEP][PASSED] - M4_spin_reel_wins = M4_spin_reel_wins: null

2019-08-23 18:55:25 - [TEST_STEP][PASSED] - println("GlobalVariable.M4_spin_reel_wins is: " + M4_spin_reel_wins): null

2019-08-23 18:55:25 - [TEST_STEP][PASSED] - M4_spin_total_bonus_win_this_round = total_bonus_win_this_round: null

2019-08-23 18:55:25 - [TEST_STEP][PASSED] - M4_spin_total_bonus_win_this_round = M4_spin_total_bonus_win_this_round: null

2019-08-23 18:55:25 - [TEST_STEP][PASSED] - println("GlobalVariable.M4_spin_total_bonus_win_this_round is: " + M4_spin_total_bonus_win_this_round): null

2019-08-23 18:55:25 - [TEST_STEP][PASSED] - M4_spin_bonus_spin_result = spin_result: null

2019-08-23 18:55:25 - [TEST_STEP][PASSED] - M4_spin_bonus_spin_result = M4_spin_bonus_spin_result: null

2019-08-23 18:55:25 - [MESSAGE][PASSED] - Verify response successfully

2019-08-23 18:55:25 - [MESSAGE][PASSED] - Send request and verify the response successfully

2019-08-23 18:55:25 - [TEST_STEP][PASSED] - if (free_spin_reel_counter[0] &gt;= 1 &amp;&amp; free_spin_reel_counter[1] &gt;= 1 &amp;&amp; free_spin_reel_counter[2] &gt;= 1): null

2019-08-23 18:55:25 - [TEST_STEP][PASSED] - spin_result = sendRequestAndVerify(findTestObject("INT/RGS(M4)/1_M4_spin", ["M4_login_user_id":M4_login_user_id, "rgs_session_token":rgs_session_token, "partner":Partner])): Send request and verify the response successfully

2019-08-23 18:55:25 - [MESSAGE][INFO] - HAR: /Users/eiralee/Katalon_Script/SuperWild/Reports/20190823_184757/INT/superWild_1/20190823_184757/requests/main/175.har

2019-08-23 18:55:26 - [TEST_CASE][PASSED] - Start Test Case : Verification: Verification accomplished successfully

2019-08-23 18:55:26 - [TEST_STEP][PASSED] - request = getInstance().getCurrentRequest(): null

2019-08-23 18:55:26 - [TEST_STEP][PASSED] - response = getInstance().getCurrentResponse(): null

2019-08-23 18:55:26 - [TEST_STEP][PASSED] - verifyResponseStatusCode(response, 200): Verify response status code successfully

2019-08-23 18:55:26 - [MESSAGE][PASSED] - Verify response status code successfully

2019-08-23 18:55:26 - [TEST_STEP][PASSED] - getStatusCode()).isEqualTo(200): null

2019-08-23 18:55:26 - [TEST_STEP][PASSED] - newline = System.getProperty("line.separator"): null

2019-08-23 18:55:26 - [TEST_STEP][PASSED] - M4_spin = new groovy.json.JsonSlurper(): null

2019-08-23 18:55:26 - [TEST_STEP][PASSED] - result_M4_spin = M4_spin.parseText(response.getResponseBodyContent()): null

2019-08-23 18:55:26 - [TEST_STEP][PASSED] - M4_spin_current_balance = current_balance: null

2019-08-23 18:55:26 - [TEST_STEP][PASSED] - M4_spin_current_balance = M4_spin_current_balance: null

2019-08-23 18:55:26 - [TEST_STEP][PASSED] - M4_spin_transaction_id = causality: null

2019-08-23 18:55:26 - [TEST_STEP][PASSED] - M4_spin_transaction_id = M4_spin_transaction_id: null

2019-08-23 18:55:26 - [TEST_STEP][PASSED] - M4_spin_round_id = round_id: null

2019-08-23 18:55:26 - [TEST_STEP][PASSED] - M4_spin_round_id = M4_spin_round_id: null

2019-08-23 18:55:26 - [TEST_STEP][PASSED] - M4_spin_line_wins = line_wins: null

2019-08-23 18:55:26 - [TEST_STEP][PASSED] - M4_spin_line_wins = M4_spin_line_wins: null

2019-08-23 18:55:26 - [TEST_STEP][PASSED] - M4_total_bonus_spins_int = total_bonus_spins: null

2019-08-23 18:55:26 - [TEST_STEP][PASSED] - println("******M4_total_bonus_spins type is:*******" + newline + getClass().getName()): null

2019-08-23 18:55:26 - [TEST_STEP][PASSED] - M4_total_bonus_spins_int = M4_total_bonus_spins_int: null

2019-08-23 18:55:26 - [TEST_STEP][PASSED] - M4_total_bonus_spins = Integer.toString(M4_total_bonus_spins_int): null

2019-08-23 18:55:26 - [TEST_STEP][PASSED] - M4_total_bonus_spins = M4_total_bonus_spins: null

2019-08-23 18:55:26 - [TEST_STEP][PASSED] - println("M4_total_bonus_spins is:" + M4_total_bonus_spins): null

2019-08-23 18:55:26 - [TEST_STEP][PASSED] - M4_spin_bonus_data = bonus_data: null

2019-08-23 18:55:26 - [TEST_STEP][PASSED] - M4_spin_features_triggered = result_M4_spin: null

2019-08-23 18:55:26 - [TEST_STEP][PASSED] - wild = []: null

2019-08-23 18:55:26 - [TEST_STEP][PASSED] - wild[0] = "WILD_Expanding": null

2019-08-23 18:55:26 - [TEST_STEP][PASSED] - wild[1] = "WILD_Normal": null

2019-08-23 18:55:26 - [TEST_STEP][PASSED] - wild[2] = "WILD_Double": null

2019-08-23 18:55:26 - [TEST_STEP][PASSED] - wild[3] = "WILD_ExtraFG": null

2019-08-23 18:55:26 - [TEST_STEP][PASSED] - wild[4] = "WILD_Triple": null

2019-08-23 18:55:26 - [TEST_STEP][PASSED] - wildList = Arrays.asList(wild): null

2019-08-23 18:55:26 - [TEST_STEP][PASSED] - wildList = wildList: null

2019-08-23 18:55:26 - [TEST_STEP][PASSED] - free_spin_reel_counter = []: null

2019-08-23 18:55:26 - [TEST_STEP][PASSED] - free_spin_reel_counter[0] = 0: null

2019-08-23 18:55:26 - [TEST_STEP][PASSED] - free_spin_reel_counter[1] = 0: null

2019-08-23 18:55:26 - [TEST_STEP][PASSED] - free_spin_reel_counter[2] = 0: null

2019-08-23 18:55:26 - [TEST_STEP][PASSED] - M4_spin_reels = reels: null

2019-08-23 18:55:26 - [TEST_STEP][PASSED] - for ([i = 0, i &lt; M4_spin_reels.size(), (i++)]): null

2019-08-23 18:55:26 - [TEST_STEP][PASSED] - symbols = symbols: null

2019-08-23 18:55:26 - [TEST_STEP][PASSED] - for ([j = 0, j &lt; symbols.size(), (j++)]): null

2019-08-23 18:55:26 - [TEST_STEP][PASSED] - symbol = symbol: null

2019-08-23 18:55:26 - [TEST_STEP][PASSED] - println(symbol): null

2019-08-23 18:55:26 - [TEST_STEP][PASSED] - if (i == 2 &amp;&amp; wildList.indexOf(symbol) != -1): null

2019-08-23 18:55:26 - [TEST_STEP][PASSED] - if (i == 3 &amp;&amp; wildList.indexOf(symbol) != -1): null

2019-08-23 18:55:26 - [TEST_STEP][PASSED] - if (i == 4 &amp;&amp; wildList.indexOf(symbol) != -1): null

2019-08-23 18:55:26 - [TEST_STEP][PASSED] - symbol = symbol: null

2019-08-23 18:55:26 - [TEST_STEP][PASSED] - println(symbol): null

2019-08-23 18:55:26 - [TEST_STEP][PASSED] - if (i == 2 &amp;&amp; wildList.indexOf(symbol) != -1): null

2019-08-23 18:55:26 - [TEST_STEP][PASSED] - if (i == 3 &amp;&amp; wildList.indexOf(symbol) != -1): null

2019-08-23 18:55:26 - [TEST_STEP][PASSED] - if (i == 4 &amp;&amp; wildList.indexOf(symbol) != -1): null

2019-08-23 18:55:26 - [TEST_STEP][PASSED] - symbol = symbol: null

2019-08-23 18:55:26 - [TEST_STEP][PASSED] - println(symbol): null

2019-08-23 18:55:26 - [TEST_STEP][PASSED] - if (i == 2 &amp;&amp; wildList.indexOf(symbol) != -1): null

2019-08-23 18:55:26 - [TEST_STEP][PASSED] - if (i == 3 &amp;&amp; wildList.indexOf(symbol) != -1): null

2019-08-23 18:55:26 - [TEST_STEP][PASSED] - if (i == 4 &amp;&amp; wildList.indexOf(symbol) != -1): null

2019-08-23 18:55:26 - [TEST_STEP][PASSED] - symbols = symbols: null

2019-08-23 18:55:26 - [TEST_STEP][PASSED] - for ([j = 0, j &lt; symbols.size(), (j++)]): null

2019-08-23 18:55:26 - [TEST_STEP][PASSED] - symbol = symbol: null

2019-08-23 18:55:26 - [TEST_STEP][PASSED] - println(symbol): null

2019-08-23 18:55:26 - [TEST_STEP][PASSED] - if (i == 2 &amp;&amp; wildList.indexOf(symbol) != -1): null

2019-08-23 18:55:26 - [TEST_STEP][PASSED] - if (i == 3 &amp;&amp; wildList.indexOf(symbol) != -1): null

2019-08-23 18:55:26 - [TEST_STEP][PASSED] - if (i == 4 &amp;&amp; wildList.indexOf(symbol) != -1): null

2019-08-23 18:55:26 - [TEST_STEP][PASSED] - symbol = symbol: null

2019-08-23 18:55:26 - [TEST_STEP][PASSED] - println(symbol): null

2019-08-23 18:55:26 - [TEST_STEP][PASSED] - if (i == 2 &amp;&amp; wildList.indexOf(symbol) != -1): null

2019-08-23 18:55:26 - [TEST_STEP][PASSED] - if (i == 3 &amp;&amp; wildList.indexOf(symbol) != -1): null

2019-08-23 18:55:26 - [TEST_STEP][PASSED] - if (i == 4 &amp;&amp; wildList.indexOf(symbol) != -1): null

2019-08-23 18:55:26 - [TEST_STEP][PASSED] - symbol = symbol: null

2019-08-23 18:55:26 - [TEST_STEP][PASSED] - println(symbol): null

2019-08-23 18:55:26 - [TEST_STEP][PASSED] - if (i == 2 &amp;&amp; wildList.indexOf(symbol) != -1): null

2019-08-23 18:55:26 - [TEST_STEP][PASSED] - if (i == 3 &amp;&amp; wildList.indexOf(symbol) != -1): null

2019-08-23 18:55:26 - [TEST_STEP][PASSED] - if (i == 4 &amp;&amp; wildList.indexOf(symbol) != -1): null

2019-08-23 18:55:26 - [TEST_STEP][PASSED] - symbols = symbols: null

2019-08-23 18:55:26 - [TEST_STEP][PASSED] - for ([j = 0, j &lt; symbols.size(), (j++)]): null

2019-08-23 18:55:26 - [TEST_STEP][PASSED] - symbol = symbol: null

2019-08-23 18:55:26 - [TEST_STEP][PASSED] - println(symbol): null

2019-08-23 18:55:26 - [TEST_STEP][PASSED] - if (i == 2 &amp;&amp; wildList.indexOf(symbol) != -1): null

2019-08-23 18:55:26 - [TEST_STEP][PASSED] - if (i == 3 &amp;&amp; wildList.indexOf(symbol) != -1): null

2019-08-23 18:55:26 - [TEST_STEP][PASSED] - if (i == 4 &amp;&amp; wildList.indexOf(symbol) != -1): null

2019-08-23 18:55:26 - [TEST_STEP][PASSED] - symbol = symbol: null

2019-08-23 18:55:26 - [TEST_STEP][PASSED] - println(symbol): null

2019-08-23 18:55:26 - [TEST_STEP][PASSED] - if (i == 2 &amp;&amp; wildList.indexOf(symbol) != -1): null

2019-08-23 18:55:26 - [TEST_STEP][PASSED] - if (i == 3 &amp;&amp; wildList.indexOf(symbol) != -1): null

2019-08-23 18:55:26 - [TEST_STEP][PASSED] - if (i == 4 &amp;&amp; wildList.indexOf(symbol) != -1): null

2019-08-23 18:55:26 - [TEST_STEP][PASSED] - symbol = symbol: null

2019-08-23 18:55:26 - [TEST_STEP][PASSED] - println(symbol): null

2019-08-23 18:55:26 - [TEST_STEP][PASSED] - if (i == 2 &amp;&amp; wildList.indexOf(symbol) != -1): null

2019-08-23 18:55:26 - [TEST_STEP][PASSED] - println("wild found on reel 3, adding counter by 1"): null

2019-08-23 18:55:26 - [TEST_STEP][PASSED] - free_spin_reel_counter[0] = free_spin_reel_counter[0] + 1: null

2019-08-23 18:55:26 - [TEST_STEP][PASSED] - if (i == 3 &amp;&amp; wildList.indexOf(symbol) != -1): null

2019-08-23 18:55:26 - [TEST_STEP][PASSED] - if (i == 4 &amp;&amp; wildList.indexOf(symbol) != -1): null

2019-08-23 18:55:26 - [TEST_STEP][PASSED] - symbols = symbols: null

2019-08-23 18:55:26 - [TEST_STEP][PASSED] - for ([j = 0, j &lt; symbols.size(), (j++)]): null

2019-08-23 18:55:26 - [TEST_STEP][PASSED] - symbol = symbol: null

2019-08-23 18:55:26 - [TEST_STEP][PASSED] - println(symbol): null

2019-08-23 18:55:26 - [TEST_STEP][PASSED] - if (i == 2 &amp;&amp; wildList.indexOf(symbol) != -1): null

2019-08-23 18:55:26 - [TEST_STEP][PASSED] - if (i == 3 &amp;&amp; wildList.indexOf(symbol) != -1): null

2019-08-23 18:55:26 - [TEST_STEP][PASSED] - println("wild found on reel 4, adding counter by 1"): null

2019-08-23 18:55:26 - [TEST_STEP][PASSED] - free_spin_reel_counter[1] = free_spin_reel_counter[1] + 1: null

2019-08-23 18:55:26 - [TEST_STEP][PASSED] - if (i == 4 &amp;&amp; wildList.indexOf(symbol) != -1): null

2019-08-23 18:55:26 - [TEST_STEP][PASSED] - symbol = symbol: null

2019-08-23 18:55:26 - [TEST_STEP][PASSED] - println(symbol): null

2019-08-23 18:55:26 - [TEST_STEP][PASSED] - if (i == 2 &amp;&amp; wildList.indexOf(symbol) != -1): null

2019-08-23 18:55:26 - [TEST_STEP][PASSED] - if (i == 3 &amp;&amp; wildList.indexOf(symbol) != -1): null

2019-08-23 18:55:26 - [TEST_STEP][PASSED] - if (i == 4 &amp;&amp; wildList.indexOf(symbol) != -1): null

2019-08-23 18:55:26 - [TEST_STEP][PASSED] - symbol = symbol: null

2019-08-23 18:55:26 - [TEST_STEP][PASSED] - println(symbol): null

2019-08-23 18:55:26 - [TEST_STEP][PASSED] - if (i == 2 &amp;&amp; wildList.indexOf(symbol) != -1): null

2019-08-23 18:55:26 - [TEST_STEP][PASSED] - if (i == 3 &amp;&amp; wildList.indexOf(symbol) != -1): null

2019-08-23 18:55:26 - [TEST_STEP][PASSED] - if (i == 4 &amp;&amp; wildList.indexOf(symbol) != -1): null

2019-08-23 18:55:26 - [TEST_STEP][PASSED] - symbols = symbols: null

2019-08-23 18:55:26 - [TEST_STEP][PASSED] - for ([j = 0, j &lt; symbols.size(), (j++)]): null

2019-08-23 18:55:26 - [TEST_STEP][PASSED] - symbol = symbol: null

2019-08-23 18:55:26 - [TEST_STEP][PASSED] - println(symbol): null

2019-08-23 18:55:26 - [TEST_STEP][PASSED] - if (i == 2 &amp;&amp; wildList.indexOf(symbol) != -1): null

2019-08-23 18:55:26 - [TEST_STEP][PASSED] - if (i == 3 &amp;&amp; wildList.indexOf(symbol) != -1): null

2019-08-23 18:55:26 - [TEST_STEP][PASSED] - if (i == 4 &amp;&amp; wildList.indexOf(symbol) != -1): null

2019-08-23 18:55:26 - [TEST_STEP][PASSED] - symbol = symbol: null

2019-08-23 18:55:26 - [TEST_STEP][PASSED] - println(symbol): null

2019-08-23 18:55:26 - [TEST_STEP][PASSED] - if (i == 2 &amp;&amp; wildList.indexOf(symbol) != -1): null

2019-08-23 18:55:26 - [TEST_STEP][PASSED] - if (i == 3 &amp;&amp; wildList.indexOf(symbol) != -1): null

2019-08-23 18:55:26 - [TEST_STEP][PASSED] - if (i == 4 &amp;&amp; wildList.indexOf(symbol) != -1): null

2019-08-23 18:55:26 - [TEST_STEP][PASSED] - symbol = symbol: null

2019-08-23 18:55:26 - [TEST_STEP][PASSED] - println(symbol): null

2019-08-23 18:55:26 - [TEST_STEP][PASSED] - if (i == 2 &amp;&amp; wildList.indexOf(symbol) != -1): null

2019-08-23 18:55:26 - [TEST_STEP][PASSED] - if (i == 3 &amp;&amp; wildList.indexOf(symbol) != -1): null

2019-08-23 18:55:26 - [TEST_STEP][PASSED] - if (i == 4 &amp;&amp; wildList.indexOf(symbol) != -1): null

2019-08-23 18:55:26 - [TEST_STEP][PASSED] - free_spin_reel_counter = free_spin_reel_counter: null

2019-08-23 18:55:26 - [TEST_STEP][PASSED] - println("reel 3 wild found: " + free_spin_reel_counter[0]): null

2019-08-23 18:55:26 - [TEST_STEP][PASSED] - println("reel 4 wild found: " + free_spin_reel_counter[1]): null

2019-08-23 18:55:26 - [TEST_STEP][PASSED] - println("reel 5 wild found: " + free_spin_reel_counter[2]): null

2019-08-23 18:55:26 - [TEST_STEP][PASSED] - M4_spin_reels = M4_spin_reels: null

2019-08-23 18:55:26 - [TEST_STEP][PASSED] - M4_spin_reels_symbols = symbol: null

2019-08-23 18:55:26 - [TEST_STEP][PASSED] - M4_spin_reels_symbols = M4_spin_reels_symbols: null

2019-08-23 18:55:26 - [TEST_STEP][PASSED] - M4_spin_reel_wins = reel_wins: null

2019-08-23 18:55:26 - [TEST_STEP][PASSED] - M4_spin_reel_wins = M4_spin_reel_wins: null

2019-08-23 18:55:26 - [TEST_STEP][PASSED] - println("GlobalVariable.M4_spin_reel_wins is: " + M4_spin_reel_wins): null

2019-08-23 18:55:26 - [TEST_STEP][PASSED] - M4_spin_total_bonus_win_this_round = total_bonus_win_this_round: null

2019-08-23 18:55:26 - [TEST_STEP][PASSED] - M4_spin_total_bonus_win_this_round = M4_spin_total_bonus_win_this_round: null

2019-08-23 18:55:26 - [TEST_STEP][PASSED] - println("GlobalVariable.M4_spin_total_bonus_win_this_round is: " + M4_spin_total_bonus_win_this_round): null

2019-08-23 18:55:26 - [TEST_STEP][PASSED] - M4_spin_bonus_spin_result = spin_result: null

2019-08-23 18:55:26 - [TEST_STEP][PASSED] - M4_spin_bonus_spin_result = M4_spin_bonus_spin_result: null

2019-08-23 18:55:26 - [MESSAGE][PASSED] - Verify response successfully

2019-08-23 18:55:26 - [MESSAGE][PASSED] - Send request and verify the response successfully

2019-08-23 18:55:26 - [TEST_STEP][PASSED] - if (free_spin_reel_counter[0] &gt;= 1 &amp;&amp; free_spin_reel_counter[1] &gt;= 1 &amp;&amp; free_spin_reel_counter[2] &gt;= 1): null

2019-08-23 18:55:26 - [TEST_STEP][PASSED] - spin_result = sendRequestAndVerify(findTestObject("INT/RGS(M4)/1_M4_spin", ["M4_login_user_id":M4_login_user_id, "rgs_session_token":rgs_session_token, "partner":Partner])): Send request and verify the response successfully

2019-08-23 18:55:26 - [MESSAGE][INFO] - HAR: /Users/eiralee/Katalon_Script/SuperWild/Reports/20190823_184757/INT/superWild_1/20190823_184757/requests/main/176.har

2019-08-23 18:55:26 - [TEST_CASE][PASSED] - Start Test Case : Verification: Verification accomplished successfully

2019-08-23 18:55:26 - [TEST_STEP][PASSED] - request = getInstance().getCurrentRequest(): null

2019-08-23 18:55:27 - [TEST_STEP][PASSED] - response = getInstance().getCurrentResponse(): null

2019-08-23 18:55:27 - [TEST_STEP][PASSED] - verifyResponseStatusCode(response, 200): Verify response status code successfully

2019-08-23 18:55:27 - [MESSAGE][PASSED] - Verify response status code successfully

2019-08-23 18:55:27 - [TEST_STEP][PASSED] - getStatusCode()).isEqualTo(200): null

2019-08-23 18:55:27 - [TEST_STEP][PASSED] - newline = System.getProperty("line.separator"): null

2019-08-23 18:55:27 - [TEST_STEP][PASSED] - M4_spin = new groovy.json.JsonSlurper(): null

2019-08-23 18:55:27 - [TEST_STEP][PASSED] - result_M4_spin = M4_spin.parseText(response.getResponseBodyContent()): null

2019-08-23 18:55:27 - [TEST_STEP][PASSED] - M4_spin_current_balance = current_balance: null

2019-08-23 18:55:27 - [TEST_STEP][PASSED] - M4_spin_current_balance = M4_spin_current_balance: null

2019-08-23 18:55:27 - [TEST_STEP][PASSED] - M4_spin_transaction_id = causality: null

2019-08-23 18:55:27 - [TEST_STEP][PASSED] - M4_spin_transaction_id = M4_spin_transaction_id: null

2019-08-23 18:55:27 - [TEST_STEP][PASSED] - M4_spin_round_id = round_id: null

2019-08-23 18:55:27 - [TEST_STEP][PASSED] - M4_spin_round_id = M4_spin_round_id: null

2019-08-23 18:55:27 - [TEST_STEP][PASSED] - M4_spin_line_wins = line_wins: null

2019-08-23 18:55:27 - [TEST_STEP][PASSED] - M4_spin_line_wins = M4_spin_line_wins: null

2019-08-23 18:55:27 - [TEST_STEP][PASSED] - M4_total_bonus_spins_int = total_bonus_spins: null

2019-08-23 18:55:27 - [TEST_STEP][PASSED] - println("******M4_total_bonus_spins type is:*******" + newline + getClass().getName()): null

2019-08-23 18:55:27 - [TEST_STEP][PASSED] - M4_total_bonus_spins_int = M4_total_bonus_spins_int: null

2019-08-23 18:55:27 - [TEST_STEP][PASSED] - M4_total_bonus_spins = Integer.toString(M4_total_bonus_spins_int): null

2019-08-23 18:55:27 - [TEST_STEP][PASSED] - M4_total_bonus_spins = M4_total_bonus_spins: null

2019-08-23 18:55:27 - [TEST_STEP][PASSED] - println("M4_total_bonus_spins is:" + M4_total_bonus_spins): null

2019-08-23 18:55:27 - [TEST_STEP][PASSED] - M4_spin_bonus_data = bonus_data: null

2019-08-23 18:55:27 - [TEST_STEP][PASSED] - M4_spin_features_triggered = result_M4_spin: null

2019-08-23 18:55:27 - [TEST_STEP][PASSED] - wild = []: null

2019-08-23 18:55:27 - [TEST_STEP][PASSED] - wild[0] = "WILD_Expanding": null

2019-08-23 18:55:27 - [TEST_STEP][PASSED] - wild[1] = "WILD_Normal": null

2019-08-23 18:55:27 - [TEST_STEP][PASSED] - wild[2] = "WILD_Double": null

2019-08-23 18:55:27 - [TEST_STEP][PASSED] - wild[3] = "WILD_ExtraFG": null

2019-08-23 18:55:27 - [TEST_STEP][PASSED] - wild[4] = "WILD_Triple": null

2019-08-23 18:55:27 - [TEST_STEP][PASSED] - wildList = Arrays.asList(wild): null

2019-08-23 18:55:27 - [TEST_STEP][PASSED] - wildList = wildList: null

2019-08-23 18:55:27 - [TEST_STEP][PASSED] - free_spin_reel_counter = []: null

2019-08-23 18:55:27 - [TEST_STEP][PASSED] - free_spin_reel_counter[0] = 0: null

2019-08-23 18:55:27 - [TEST_STEP][PASSED] - free_spin_reel_counter[1] = 0: null

2019-08-23 18:55:27 - [TEST_STEP][PASSED] - free_spin_reel_counter[2] = 0: null

2019-08-23 18:55:27 - [TEST_STEP][PASSED] - M4_spin_reels = reels: null

2019-08-23 18:55:27 - [TEST_STEP][PASSED] - for ([i = 0, i &lt; M4_spin_reels.size(), (i++)]): null

2019-08-23 18:55:27 - [TEST_STEP][PASSED] - symbols = symbols: null

2019-08-23 18:55:27 - [TEST_STEP][PASSED] - for ([j = 0, j &lt; symbols.size(), (j++)]): null

2019-08-23 18:55:27 - [TEST_STEP][PASSED] - symbol = symbol: null

2019-08-23 18:55:27 - [TEST_STEP][PASSED] - println(symbol): null

2019-08-23 18:55:27 - [TEST_STEP][PASSED] - if (i == 2 &amp;&amp; wildList.indexOf(symbol) != -1): null

2019-08-23 18:55:27 - [TEST_STEP][PASSED] - if (i == 3 &amp;&amp; wildList.indexOf(symbol) != -1): null

2019-08-23 18:55:27 - [TEST_STEP][PASSED] - if (i == 4 &amp;&amp; wildList.indexOf(symbol) != -1): null

2019-08-23 18:55:27 - [TEST_STEP][PASSED] - symbol = symbol: null

2019-08-23 18:55:27 - [TEST_STEP][PASSED] - println(symbol): null

2019-08-23 18:55:27 - [TEST_STEP][PASSED] - if (i == 2 &amp;&amp; wildList.indexOf(symbol) != -1): null

2019-08-23 18:55:27 - [TEST_STEP][PASSED] - if (i == 3 &amp;&amp; wildList.indexOf(symbol) != -1): null

2019-08-23 18:55:27 - [TEST_STEP][PASSED] - if (i == 4 &amp;&amp; wildList.indexOf(symbol) != -1): null

2019-08-23 18:55:27 - [TEST_STEP][PASSED] - symbol = symbol: null

2019-08-23 18:55:27 - [TEST_STEP][PASSED] - println(symbol): null

2019-08-23 18:55:27 - [TEST_STEP][PASSED] - if (i == 2 &amp;&amp; wildList.indexOf(symbol) != -1): null

2019-08-23 18:55:27 - [TEST_STEP][PASSED] - if (i == 3 &amp;&amp; wildList.indexOf(symbol) != -1): null

2019-08-23 18:55:27 - [TEST_STEP][PASSED] - if (i == 4 &amp;&amp; wildList.indexOf(symbol) != -1): null

2019-08-23 18:55:27 - [TEST_STEP][PASSED] - symbols = symbols: null

2019-08-23 18:55:27 - [TEST_STEP][PASSED] - for ([j = 0, j &lt; symbols.size(), (j++)]): null

2019-08-23 18:55:27 - [TEST_STEP][PASSED] - symbol = symbol: null

2019-08-23 18:55:27 - [TEST_STEP][PASSED] - println(symbol): null

2019-08-23 18:55:27 - [TEST_STEP][PASSED] - if (i == 2 &amp;&amp; wildList.indexOf(symbol) != -1): null

2019-08-23 18:55:27 - [TEST_STEP][PASSED] - if (i == 3 &amp;&amp; wildList.indexOf(symbol) != -1): null

2019-08-23 18:55:27 - [TEST_STEP][PASSED] - if (i == 4 &amp;&amp; wildList.indexOf(symbol) != -1): null

2019-08-23 18:55:27 - [TEST_STEP][PASSED] - symbol = symbol: null

2019-08-23 18:55:27 - [TEST_STEP][PASSED] - println(symbol): null

2019-08-23 18:55:27 - [TEST_STEP][PASSED] - if (i == 2 &amp;&amp; wildList.indexOf(symbol) != -1): null

2019-08-23 18:55:27 - [TEST_STEP][PASSED] - if (i == 3 &amp;&amp; wildList.indexOf(symbol) != -1): null

2019-08-23 18:55:27 - [TEST_STEP][PASSED] - if (i == 4 &amp;&amp; wildList.indexOf(symbol) != -1): null

2019-08-23 18:55:27 - [TEST_STEP][PASSED] - symbol = symbol: null

2019-08-23 18:55:27 - [TEST_STEP][PASSED] - println(symbol): null

2019-08-23 18:55:27 - [TEST_STEP][PASSED] - if (i == 2 &amp;&amp; wildList.indexOf(symbol) != -1): null

2019-08-23 18:55:27 - [TEST_STEP][PASSED] - if (i == 3 &amp;&amp; wildList.indexOf(symbol) != -1): null

2019-08-23 18:55:27 - [TEST_STEP][PASSED] - if (i == 4 &amp;&amp; wildList.indexOf(symbol) != -1): null

2019-08-23 18:55:27 - [TEST_STEP][PASSED] - symbols = symbols: null

2019-08-23 18:55:27 - [TEST_STEP][PASSED] - for ([j = 0, j &lt; symbols.size(), (j++)]): null

2019-08-23 18:55:27 - [TEST_STEP][PASSED] - symbol = symbol: null

2019-08-23 18:55:27 - [TEST_STEP][PASSED] - println(symbol): null

2019-08-23 18:55:27 - [TEST_STEP][PASSED] - if (i == 2 &amp;&amp; wildList.indexOf(symbol) != -1): null

2019-08-23 18:55:27 - [TEST_STEP][PASSED] - if (i == 3 &amp;&amp; wildList.indexOf(symbol) != -1): null

2019-08-23 18:55:27 - [TEST_STEP][PASSED] - if (i == 4 &amp;&amp; wildList.indexOf(symbol) != -1): null

2019-08-23 18:55:27 - [TEST_STEP][PASSED] - symbol = symbol: null

2019-08-23 18:55:27 - [TEST_STEP][PASSED] - println(symbol): null

2019-08-23 18:55:27 - [TEST_STEP][PASSED] - if (i == 2 &amp;&amp; wildList.indexOf(symbol) != -1): null

2019-08-23 18:55:27 - [TEST_STEP][PASSED] - if (i == 3 &amp;&amp; wildList.indexOf(symbol) != -1): null

2019-08-23 18:55:27 - [TEST_STEP][PASSED] - if (i == 4 &amp;&amp; wildList.indexOf(symbol) != -1): null

2019-08-23 18:55:27 - [TEST_STEP][PASSED] - symbol = symbol: null

2019-08-23 18:55:27 - [TEST_STEP][PASSED] - println(symbol): null

2019-08-23 18:55:27 - [TEST_STEP][PASSED] - if (i == 2 &amp;&amp; wildList.indexOf(symbol) != -1): null

2019-08-23 18:55:27 - [TEST_STEP][PASSED] - if (i == 3 &amp;&amp; wildList.indexOf(symbol) != -1): null

2019-08-23 18:55:27 - [TEST_STEP][PASSED] - if (i == 4 &amp;&amp; wildList.indexOf(symbol) != -1): null

2019-08-23 18:55:27 - [TEST_STEP][PASSED] - symbols = symbols: null

2019-08-23 18:55:27 - [TEST_STEP][PASSED] - for ([j = 0, j &lt; symbols.size(), (j++)]): null

2019-08-23 18:55:27 - [TEST_STEP][PASSED] - symbol = symbol: null

2019-08-23 18:55:27 - [TEST_STEP][PASSED] - println(symbol): null

2019-08-23 18:55:27 - [TEST_STEP][PASSED] - if (i == 2 &amp;&amp; wildList.indexOf(symbol) != -1): null

2019-08-23 18:55:27 - [TEST_STEP][PASSED] - if (i == 3 &amp;&amp; wildList.indexOf(symbol) != -1): null

2019-08-23 18:55:27 - [TEST_STEP][PASSED] - if (i == 4 &amp;&amp; wildList.indexOf(symbol) != -1): null

2019-08-23 18:55:27 - [TEST_STEP][PASSED] - symbol = symbol: null

2019-08-23 18:55:27 - [TEST_STEP][PASSED] - println(symbol): null

2019-08-23 18:55:27 - [TEST_STEP][PASSED] - if (i == 2 &amp;&amp; wildList.indexOf(symbol) != -1): null

2019-08-23 18:55:27 - [TEST_STEP][PASSED] - if (i == 3 &amp;&amp; wildList.indexOf(symbol) != -1): null

2019-08-23 18:55:27 - [TEST_STEP][PASSED] - if (i == 4 &amp;&amp; wildList.indexOf(symbol) != -1): null

2019-08-23 18:55:27 - [TEST_STEP][PASSED] - symbol = symbol: null

2019-08-23 18:55:27 - [TEST_STEP][PASSED] - println(symbol): null

2019-08-23 18:55:27 - [TEST_STEP][PASSED] - if (i == 2 &amp;&amp; wildList.indexOf(symbol) != -1): null

2019-08-23 18:55:27 - [TEST_STEP][PASSED] - if (i == 3 &amp;&amp; wildList.indexOf(symbol) != -1): null

2019-08-23 18:55:27 - [TEST_STEP][PASSED] - if (i == 4 &amp;&amp; wildList.indexOf(symbol) != -1): null

2019-08-23 18:55:27 - [TEST_STEP][PASSED] - symbols = symbols: null

2019-08-23 18:55:27 - [TEST_STEP][PASSED] - for ([j = 0, j &lt; symbols.size(), (j++)]): null

2019-08-23 18:55:27 - [TEST_STEP][PASSED] - symbol = symbol: null

2019-08-23 18:55:27 - [TEST_STEP][PASSED] - println(symbol): null

2019-08-23 18:55:27 - [TEST_STEP][PASSED] - if (i == 2 &amp;&amp; wildList.indexOf(symbol) != -1): null

2019-08-23 18:55:27 - [TEST_STEP][PASSED] - if (i == 3 &amp;&amp; wildList.indexOf(symbol) != -1): null

2019-08-23 18:55:27 - [TEST_STEP][PASSED] - if (i == 4 &amp;&amp; wildList.indexOf(symbol) != -1): null

2019-08-23 18:55:27 - [TEST_STEP][PASSED] - symbol = symbol: null

2019-08-23 18:55:27 - [TEST_STEP][PASSED] - println(symbol): null

2019-08-23 18:55:27 - [TEST_STEP][PASSED] - if (i == 2 &amp;&amp; wildList.indexOf(symbol) != -1): null

2019-08-23 18:55:27 - [TEST_STEP][PASSED] - if (i == 3 &amp;&amp; wildList.indexOf(symbol) != -1): null

2019-08-23 18:55:27 - [TEST_STEP][PASSED] - if (i == 4 &amp;&amp; wildList.indexOf(symbol) != -1): null

2019-08-23 18:55:27 - [TEST_STEP][PASSED] - symbol = symbol: null

2019-08-23 18:55:27 - [TEST_STEP][PASSED] - println(symbol): null

2019-08-23 18:55:27 - [TEST_STEP][PASSED] - if (i == 2 &amp;&amp; wildList.indexOf(symbol) != -1): null

2019-08-23 18:55:27 - [TEST_STEP][PASSED] - if (i == 3 &amp;&amp; wildList.indexOf(symbol) != -1): null

2019-08-23 18:55:27 - [TEST_STEP][PASSED] - if (i == 4 &amp;&amp; wildList.indexOf(symbol) != -1): null

2019-08-23 18:55:27 - [TEST_STEP][PASSED] - free_spin_reel_counter = free_spin_reel_counter: null

2019-08-23 18:55:27 - [TEST_STEP][PASSED] - println("reel 3 wild found: " + free_spin_reel_counter[0]): null

2019-08-23 18:55:28 - [TEST_STEP][PASSED] - println("reel 4 wild found: " + free_spin_reel_counter[1]): null

2019-08-23 18:55:28 - [TEST_STEP][PASSED] - println("reel 5 wild found: " + free_spin_reel_counter[2]): null

2019-08-23 18:55:28 - [TEST_STEP][PASSED] - M4_spin_reels = M4_spin_reels: null

2019-08-23 18:55:28 - [TEST_STEP][PASSED] - M4_spin_reels_symbols = symbol: null

2019-08-23 18:55:28 - [TEST_STEP][PASSED] - M4_spin_reels_symbols = M4_spin_reels_symbols: null

2019-08-23 18:55:28 - [TEST_STEP][PASSED] - M4_spin_reel_wins = reel_wins: null

2019-08-23 18:55:28 - [TEST_STEP][PASSED] - M4_spin_reel_wins = M4_spin_reel_wins: null

2019-08-23 18:55:28 - [TEST_STEP][PASSED] - println("GlobalVariable.M4_spin_reel_wins is: " + M4_spin_reel_wins): null

2019-08-23 18:55:28 - [TEST_STEP][PASSED] - M4_spin_total_bonus_win_this_round = total_bonus_win_this_round: null

2019-08-23 18:55:28 - [TEST_STEP][PASSED] - M4_spin_total_bonus_win_this_round = M4_spin_total_bonus_win_this_round: null

2019-08-23 18:55:28 - [TEST_STEP][PASSED] - println("GlobalVariable.M4_spin_total_bonus_win_this_round is: " + M4_spin_total_bonus_win_this_round): null

2019-08-23 18:55:28 - [TEST_STEP][PASSED] - M4_spin_bonus_spin_result = spin_result: null

2019-08-23 18:55:28 - [TEST_STEP][PASSED] - M4_spin_bonus_spin_result = M4_spin_bonus_spin_result: null

2019-08-23 18:55:28 - [MESSAGE][PASSED] - Verify response successfully

2019-08-23 18:55:28 - [MESSAGE][PASSED] - Send request and verify the response successfully

2019-08-23 18:55:28 - [TEST_STEP][PASSED] - if (free_spin_reel_counter[0] &gt;= 1 &amp;&amp; free_spin_reel_counter[1] &gt;= 1 &amp;&amp; free_spin_reel_counter[2] &gt;= 1): null

2019-08-23 18:55:28 - [TEST_STEP][PASSED] - spin_result = sendRequestAndVerify(findTestObject("INT/RGS(M4)/1_M4_spin", ["M4_login_user_id":M4_login_user_id, "rgs_session_token":rgs_session_token, "partner":Partner])): Send request and verify the response successfully

2019-08-23 18:55:29 - [MESSAGE][INFO] - HAR: /Users/eiralee/Katalon_Script/SuperWild/Reports/20190823_184757/INT/superWild_1/20190823_184757/requests/main/177.har

2019-08-23 18:55:29 - [TEST_CASE][PASSED] - Start Test Case : Verification: Verification accomplished successfully

2019-08-23 18:55:29 - [TEST_STEP][PASSED] - request = getInstance().getCurrentRequest(): null

2019-08-23 18:55:29 - [TEST_STEP][PASSED] - response = getInstance().getCurrentResponse(): null

2019-08-23 18:55:29 - [TEST_STEP][PASSED] - verifyResponseStatusCode(response, 200): Verify response status code successfully

2019-08-23 18:55:29 - [MESSAGE][PASSED] - Verify response status code successfully

2019-08-23 18:55:29 - [TEST_STEP][PASSED] - getStatusCode()).isEqualTo(200): null

2019-08-23 18:55:29 - [TEST_STEP][PASSED] - newline = System.getProperty("line.separator"): null

2019-08-23 18:55:29 - [TEST_STEP][PASSED] - M4_spin = new groovy.json.JsonSlurper(): null

2019-08-23 18:55:29 - [TEST_STEP][PASSED] - result_M4_spin = M4_spin.parseText(response.getResponseBodyContent()): null

2019-08-23 18:55:29 - [TEST_STEP][PASSED] - M4_spin_current_balance = current_balance: null

2019-08-23 18:55:29 - [TEST_STEP][PASSED] - M4_spin_current_balance = M4_spin_current_balance: null

2019-08-23 18:55:29 - [TEST_STEP][PASSED] - M4_spin_transaction_id = causality: null

2019-08-23 18:55:29 - [TEST_STEP][PASSED] - M4_spin_transaction_id = M4_spin_transaction_id: null

2019-08-23 18:55:29 - [TEST_STEP][PASSED] - M4_spin_round_id = round_id: null

2019-08-23 18:55:29 - [TEST_STEP][PASSED] - M4_spin_round_id = M4_spin_round_id: null

2019-08-23 18:55:29 - [TEST_STEP][PASSED] - M4_spin_line_wins = line_wins: null

2019-08-23 18:55:29 - [TEST_STEP][PASSED] - M4_spin_line_wins = M4_spin_line_wins: null

2019-08-23 18:55:29 - [TEST_STEP][PASSED] - M4_total_bonus_spins_int = total_bonus_spins: null

2019-08-23 18:55:29 - [TEST_STEP][PASSED] - println("******M4_total_bonus_spins type is:*******" + newline + getClass().getName()): null

2019-08-23 18:55:29 - [TEST_STEP][PASSED] - M4_total_bonus_spins_int = M4_total_bonus_spins_int: null

2019-08-23 18:55:29 - [TEST_STEP][PASSED] - M4_total_bonus_spins = Integer.toString(M4_total_bonus_spins_int): null

2019-08-23 18:55:29 - [TEST_STEP][PASSED] - M4_total_bonus_spins = M4_total_bonus_spins: null

2019-08-23 18:55:29 - [TEST_STEP][PASSED] - println("M4_total_bonus_spins is:" + M4_total_bonus_spins): null

2019-08-23 18:55:29 - [TEST_STEP][PASSED] - M4_spin_bonus_data = bonus_data: null

2019-08-23 18:55:29 - [TEST_STEP][PASSED] - M4_spin_features_triggered = result_M4_spin: null

2019-08-23 18:55:29 - [TEST_STEP][PASSED] - wild = []: null

2019-08-23 18:55:29 - [TEST_STEP][PASSED] - wild[0] = "WILD_Expanding": null

2019-08-23 18:55:29 - [TEST_STEP][PASSED] - wild[1] = "WILD_Normal": null

2019-08-23 18:55:29 - [TEST_STEP][PASSED] - wild[2] = "WILD_Double": null

2019-08-23 18:55:29 - [TEST_STEP][PASSED] - wild[3] = "WILD_ExtraFG": null

2019-08-23 18:55:29 - [TEST_STEP][PASSED] - wild[4] = "WILD_Triple": null

2019-08-23 18:55:29 - [TEST_STEP][PASSED] - wildList = Arrays.asList(wild): null

2019-08-23 18:55:29 - [TEST_STEP][PASSED] - wildList = wildList: null

2019-08-23 18:55:29 - [TEST_STEP][PASSED] - free_spin_reel_counter = []: null

2019-08-23 18:55:29 - [TEST_STEP][PASSED] - free_spin_reel_counter[0] = 0: null

2019-08-23 18:55:29 - [TEST_STEP][PASSED] - free_spin_reel_counter[1] = 0: null

2019-08-23 18:55:29 - [TEST_STEP][PASSED] - free_spin_reel_counter[2] = 0: null

2019-08-23 18:55:29 - [TEST_STEP][PASSED] - M4_spin_reels = reels: null

2019-08-23 18:55:29 - [TEST_STEP][PASSED] - for ([i = 0, i &lt; M4_spin_reels.size(), (i++)]): null

2019-08-23 18:55:29 - [TEST_STEP][PASSED] - symbols = symbols: null

2019-08-23 18:55:29 - [TEST_STEP][PASSED] - for ([j = 0, j &lt; symbols.size(), (j++)]): null

2019-08-23 18:55:29 - [TEST_STEP][PASSED] - symbol = symbol: null

2019-08-23 18:55:29 - [TEST_STEP][PASSED] - println(symbol): null

2019-08-23 18:55:29 - [TEST_STEP][PASSED] - if (i == 2 &amp;&amp; wildList.indexOf(symbol) != -1): null

2019-08-23 18:55:29 - [TEST_STEP][PASSED] - if (i == 3 &amp;&amp; wildList.indexOf(symbol) != -1): null

2019-08-23 18:55:29 - [TEST_STEP][PASSED] - if (i == 4 &amp;&amp; wildList.indexOf(symbol) != -1): null

2019-08-23 18:55:29 - [TEST_STEP][PASSED] - symbol = symbol: null

2019-08-23 18:55:29 - [TEST_STEP][PASSED] - println(symbol): null

2019-08-23 18:55:29 - [TEST_STEP][PASSED] - if (i == 2 &amp;&amp; wildList.indexOf(symbol) != -1): null

2019-08-23 18:55:29 - [TEST_STEP][PASSED] - if (i == 3 &amp;&amp; wildList.indexOf(symbol) != -1): null

2019-08-23 18:55:29 - [TEST_STEP][PASSED] - if (i == 4 &amp;&amp; wildList.indexOf(symbol) != -1): null

2019-08-23 18:55:29 - [TEST_STEP][PASSED] - symbol = symbol: null

2019-08-23 18:55:29 - [TEST_STEP][PASSED] - println(symbol): null

2019-08-23 18:55:29 - [TEST_STEP][PASSED] - if (i == 2 &amp;&amp; wildList.indexOf(symbol) != -1): null

2019-08-23 18:55:29 - [TEST_STEP][PASSED] - if (i == 3 &amp;&amp; wildList.indexOf(symbol) != -1): null

2019-08-23 18:55:29 - [TEST_STEP][PASSED] - if (i == 4 &amp;&amp; wildList.indexOf(symbol) != -1): null

2019-08-23 18:55:29 - [TEST_STEP][PASSED] - symbols = symbols: null

2019-08-23 18:55:29 - [TEST_STEP][PASSED] - for ([j = 0, j &lt; symbols.size(), (j++)]): null

2019-08-23 18:55:29 - [TEST_STEP][PASSED] - symbol = symbol: null

2019-08-23 18:55:29 - [TEST_STEP][PASSED] - println(symbol): null

2019-08-23 18:55:29 - [TEST_STEP][PASSED] - if (i == 2 &amp;&amp; wildList.indexOf(symbol) != -1): null

2019-08-23 18:55:29 - [TEST_STEP][PASSED] - if (i == 3 &amp;&amp; wildList.indexOf(symbol) != -1): null

2019-08-23 18:55:29 - [TEST_STEP][PASSED] - if (i == 4 &amp;&amp; wildList.indexOf(symbol) != -1): null

2019-08-23 18:55:29 - [TEST_STEP][PASSED] - symbol = symbol: null

2019-08-23 18:55:29 - [TEST_STEP][PASSED] - println(symbol): null

2019-08-23 18:55:29 - [TEST_STEP][PASSED] - if (i == 2 &amp;&amp; wildList.indexOf(symbol) != -1): null

2019-08-23 18:55:29 - [TEST_STEP][PASSED] - if (i == 3 &amp;&amp; wildList.indexOf(symbol) != -1): null

2019-08-23 18:55:29 - [TEST_STEP][PASSED] - if (i == 4 &amp;&amp; wildList.indexOf(symbol) != -1): null

2019-08-23 18:55:29 - [TEST_STEP][PASSED] - symbol = symbol: null

2019-08-23 18:55:29 - [TEST_STEP][PASSED] - println(symbol): null

2019-08-23 18:55:29 - [TEST_STEP][PASSED] - if (i == 2 &amp;&amp; wildList.indexOf(symbol) != -1): null

2019-08-23 18:55:29 - [TEST_STEP][PASSED] - if (i == 3 &amp;&amp; wildList.indexOf(symbol) != -1): null

2019-08-23 18:55:29 - [TEST_STEP][PASSED] - if (i == 4 &amp;&amp; wildList.indexOf(symbol) != -1): null

2019-08-23 18:55:29 - [TEST_STEP][PASSED] - symbols = symbols: null

2019-08-23 18:55:29 - [TEST_STEP][PASSED] - for ([j = 0, j &lt; symbols.size(), (j++)]): null

2019-08-23 18:55:29 - [TEST_STEP][PASSED] - symbol = symbol: null

2019-08-23 18:55:29 - [TEST_STEP][PASSED] - println(symbol): null

2019-08-23 18:55:29 - [TEST_STEP][PASSED] - if (i == 2 &amp;&amp; wildList.indexOf(symbol) != -1): null

2019-08-23 18:55:29 - [TEST_STEP][PASSED] - if (i == 3 &amp;&amp; wildList.indexOf(symbol) != -1): null

2019-08-23 18:55:29 - [TEST_STEP][PASSED] - if (i == 4 &amp;&amp; wildList.indexOf(symbol) != -1): null

2019-08-23 18:55:29 - [TEST_STEP][PASSED] - symbol = symbol: null

2019-08-23 18:55:29 - [TEST_STEP][PASSED] - println(symbol): null

2019-08-23 18:55:29 - [TEST_STEP][PASSED] - if (i == 2 &amp;&amp; wildList.indexOf(symbol) != -1): null

2019-08-23 18:55:29 - [TEST_STEP][PASSED] - if (i == 3 &amp;&amp; wildList.indexOf(symbol) != -1): null

2019-08-23 18:55:29 - [TEST_STEP][PASSED] - if (i == 4 &amp;&amp; wildList.indexOf(symbol) != -1): null

2019-08-23 18:55:29 - [TEST_STEP][PASSED] - symbol = symbol: null

2019-08-23 18:55:29 - [TEST_STEP][PASSED] - println(symbol): null

2019-08-23 18:55:29 - [TEST_STEP][PASSED] - if (i == 2 &amp;&amp; wildList.indexOf(symbol) != -1): null

2019-08-23 18:55:29 - [TEST_STEP][PASSED] - if (i == 3 &amp;&amp; wildList.indexOf(symbol) != -1): null

2019-08-23 18:55:29 - [TEST_STEP][PASSED] - if (i == 4 &amp;&amp; wildList.indexOf(symbol) != -1): null

2019-08-23 18:55:29 - [TEST_STEP][PASSED] - symbols = symbols: null

2019-08-23 18:55:29 - [TEST_STEP][PASSED] - for ([j = 0, j &lt; symbols.size(), (j++)]): null

2019-08-23 18:55:29 - [TEST_STEP][PASSED] - symbol = symbol: null

2019-08-23 18:55:29 - [TEST_STEP][PASSED] - println(symbol): null

2019-08-23 18:55:29 - [TEST_STEP][PASSED] - if (i == 2 &amp;&amp; wildList.indexOf(symbol) != -1): null

2019-08-23 18:55:29 - [TEST_STEP][PASSED] - if (i == 3 &amp;&amp; wildList.indexOf(symbol) != -1): null

2019-08-23 18:55:29 - [TEST_STEP][PASSED] - if (i == 4 &amp;&amp; wildList.indexOf(symbol) != -1): null

2019-08-23 18:55:29 - [TEST_STEP][PASSED] - symbol = symbol: null

2019-08-23 18:55:29 - [TEST_STEP][PASSED] - println(symbol): null

2019-08-23 18:55:29 - [TEST_STEP][PASSED] - if (i == 2 &amp;&amp; wildList.indexOf(symbol) != -1): null

2019-08-23 18:55:29 - [TEST_STEP][PASSED] - if (i == 3 &amp;&amp; wildList.indexOf(symbol) != -1): null

2019-08-23 18:55:29 - [TEST_STEP][PASSED] - if (i == 4 &amp;&amp; wildList.indexOf(symbol) != -1): null

2019-08-23 18:55:29 - [TEST_STEP][PASSED] - symbol = symbol: null

2019-08-23 18:55:29 - [TEST_STEP][PASSED] - println(symbol): null

2019-08-23 18:55:29 - [TEST_STEP][PASSED] - if (i == 2 &amp;&amp; wildList.indexOf(symbol) != -1): null

2019-08-23 18:55:29 - [TEST_STEP][PASSED] - if (i == 3 &amp;&amp; wildList.indexOf(symbol) != -1): null

2019-08-23 18:55:29 - [TEST_STEP][PASSED] - if (i == 4 &amp;&amp; wildList.indexOf(symbol) != -1): null

2019-08-23 18:55:29 - [TEST_STEP][PASSED] - symbols = symbols: null

2019-08-23 18:55:29 - [TEST_STEP][PASSED] - for ([j = 0, j &lt; symbols.size(), (j++)]): null

2019-08-23 18:55:29 - [TEST_STEP][PASSED] - symbol = symbol: null

2019-08-23 18:55:29 - [TEST_STEP][PASSED] - println(symbol): null

2019-08-23 18:55:29 - [TEST_STEP][PASSED] - if (i == 2 &amp;&amp; wildList.indexOf(symbol) != -1): null

2019-08-23 18:55:29 - [TEST_STEP][PASSED] - if (i == 3 &amp;&amp; wildList.indexOf(symbol) != -1): null

2019-08-23 18:55:29 - [TEST_STEP][PASSED] - if (i == 4 &amp;&amp; wildList.indexOf(symbol) != -1): null

2019-08-23 18:55:29 - [TEST_STEP][PASSED] - symbol = symbol: null

2019-08-23 18:55:29 - [TEST_STEP][PASSED] - println(symbol): null

2019-08-23 18:55:29 - [TEST_STEP][PASSED] - if (i == 2 &amp;&amp; wildList.indexOf(symbol) != -1): null

2019-08-23 18:55:29 - [TEST_STEP][PASSED] - if (i == 3 &amp;&amp; wildList.indexOf(symbol) != -1): null

2019-08-23 18:55:29 - [TEST_STEP][PASSED] - if (i == 4 &amp;&amp; wildList.indexOf(symbol) != -1): null

2019-08-23 18:55:29 - [TEST_STEP][PASSED] - symbol = symbol: null

2019-08-23 18:55:29 - [TEST_STEP][PASSED] - println(symbol): null

2019-08-23 18:55:29 - [TEST_STEP][PASSED] - if (i == 2 &amp;&amp; wildList.indexOf(symbol) != -1): null

2019-08-23 18:55:29 - [TEST_STEP][PASSED] - if (i == 3 &amp;&amp; wildList.indexOf(symbol) != -1): null

2019-08-23 18:55:29 - [TEST_STEP][PASSED] - if (i == 4 &amp;&amp; wildList.indexOf(symbol) != -1): null

2019-08-23 18:55:29 - [TEST_STEP][PASSED] - free_spin_reel_counter = free_spin_reel_counter: null

2019-08-23 18:55:29 - [TEST_STEP][PASSED] - println("reel 3 wild found: " + free_spin_reel_counter[0]): null

2019-08-23 18:55:29 - [TEST_STEP][PASSED] - println("reel 4 wild found: " + free_spin_reel_counter[1]): null

2019-08-23 18:55:29 - [TEST_STEP][PASSED] - println("reel 5 wild found: " + free_spin_reel_counter[2]): null

2019-08-23 18:55:29 - [TEST_STEP][PASSED] - M4_spin_reels = M4_spin_reels: null

2019-08-23 18:55:29 - [TEST_STEP][PASSED] - M4_spin_reels_symbols = symbol: null

2019-08-23 18:55:29 - [TEST_STEP][PASSED] - M4_spin_reels_symbols = M4_spin_reels_symbols: null

2019-08-23 18:55:29 - [TEST_STEP][PASSED] - M4_spin_reel_wins = reel_wins: null

2019-08-23 18:55:29 - [TEST_STEP][PASSED] - M4_spin_reel_wins = M4_spin_reel_wins: null

2019-08-23 18:55:29 - [TEST_STEP][PASSED] - println("GlobalVariable.M4_spin_reel_wins is: " + M4_spin_reel_wins): null

2019-08-23 18:55:29 - [TEST_STEP][PASSED] - M4_spin_total_bonus_win_this_round = total_bonus_win_this_round: null

2019-08-23 18:55:29 - [TEST_STEP][PASSED] - M4_spin_total_bonus_win_this_round = M4_spin_total_bonus_win_this_round: null

2019-08-23 18:55:29 - [TEST_STEP][PASSED] - println("GlobalVariable.M4_spin_total_bonus_win_this_round is: " + M4_spin_total_bonus_win_this_round): null

2019-08-23 18:55:29 - [TEST_STEP][PASSED] - M4_spin_bonus_spin_result = spin_result: null

2019-08-23 18:55:29 - [TEST_STEP][PASSED] - M4_spin_bonus_spin_result = M4_spin_bonus_spin_result: null

2019-08-23 18:55:29 - [MESSAGE][PASSED] - Verify response successfully

2019-08-23 18:55:29 - [MESSAGE][PASSED] - Send request and verify the response successfully

2019-08-23 18:55:29 - [TEST_STEP][PASSED] - if (free_spin_reel_counter[0] &gt;= 1 &amp;&amp; free_spin_reel_counter[1] &gt;= 1 &amp;&amp; free_spin_reel_counter[2] &gt;= 1): null

2019-08-23 18:55:29 - [TEST_STEP][PASSED] - spin_result = sendRequestAndVerify(findTestObject("INT/RGS(M4)/1_M4_spin", ["M4_login_user_id":M4_login_user_id, "rgs_session_token":rgs_session_token, "partner":Partner])): Send request and verify the response successfully

2019-08-23 18:55:29 - [MESSAGE][INFO] - HAR: /Users/eiralee/Katalon_Script/SuperWild/Reports/20190823_184757/INT/superWild_1/20190823_184757/requests/main/178.har

2019-08-23 18:55:29 - [TEST_CASE][PASSED] - Start Test Case : Verification: Verification accomplished successfully

2019-08-23 18:55:29 - [TEST_STEP][PASSED] - request = getInstance().getCurrentRequest(): null

2019-08-23 18:55:30 - [TEST_STEP][PASSED] - response = getInstance().getCurrentResponse(): null

2019-08-23 18:55:30 - [TEST_STEP][PASSED] - verifyResponseStatusCode(response, 200): Verify response status code successfully

2019-08-23 18:55:30 - [MESSAGE][PASSED] - Verify response status code successfully

2019-08-23 18:55:30 - [TEST_STEP][PASSED] - getStatusCode()).isEqualTo(200): null

2019-08-23 18:55:30 - [TEST_STEP][PASSED] - newline = System.getProperty("line.separator"): null

2019-08-23 18:55:30 - [TEST_STEP][PASSED] - M4_spin = new groovy.json.JsonSlurper(): null

2019-08-23 18:55:30 - [TEST_STEP][PASSED] - result_M4_spin = M4_spin.parseText(response.getResponseBodyContent()): null

2019-08-23 18:55:30 - [TEST_STEP][PASSED] - M4_spin_current_balance = current_balance: null

2019-08-23 18:55:30 - [TEST_STEP][PASSED] - M4_spin_current_balance = M4_spin_current_balance: null

2019-08-23 18:55:30 - [TEST_STEP][PASSED] - M4_spin_transaction_id = causality: null

2019-08-23 18:55:30 - [TEST_STEP][PASSED] - M4_spin_transaction_id = M4_spin_transaction_id: null

2019-08-23 18:55:30 - [TEST_STEP][PASSED] - M4_spin_round_id = round_id: null

2019-08-23 18:55:30 - [TEST_STEP][PASSED] - M4_spin_round_id = M4_spin_round_id: null

2019-08-23 18:55:30 - [TEST_STEP][PASSED] - M4_spin_line_wins = line_wins: null

2019-08-23 18:55:30 - [TEST_STEP][PASSED] - M4_spin_line_wins = M4_spin_line_wins: null

2019-08-23 18:55:30 - [TEST_STEP][PASSED] - M4_total_bonus_spins_int = total_bonus_spins: null

2019-08-23 18:55:30 - [TEST_STEP][PASSED] - println("******M4_total_bonus_spins type is:*******" + newline + getClass().getName()): null

2019-08-23 18:55:30 - [TEST_STEP][PASSED] - M4_total_bonus_spins_int = M4_total_bonus_spins_int: null

2019-08-23 18:55:30 - [TEST_STEP][PASSED] - M4_total_bonus_spins = Integer.toString(M4_total_bonus_spins_int): null

2019-08-23 18:55:30 - [TEST_STEP][PASSED] - M4_total_bonus_spins = M4_total_bonus_spins: null

2019-08-23 18:55:30 - [TEST_STEP][PASSED] - println("M4_total_bonus_spins is:" + M4_total_bonus_spins): null

2019-08-23 18:55:30 - [TEST_STEP][PASSED] - M4_spin_bonus_data = bonus_data: null

2019-08-23 18:55:30 - [TEST_STEP][PASSED] - M4_spin_features_triggered = result_M4_spin: null

2019-08-23 18:55:30 - [TEST_STEP][PASSED] - wild = []: null

2019-08-23 18:55:30 - [TEST_STEP][PASSED] - wild[0] = "WILD_Expanding": null

2019-08-23 18:55:30 - [TEST_STEP][PASSED] - wild[1] = "WILD_Normal": null

2019-08-23 18:55:30 - [TEST_STEP][PASSED] - wild[2] = "WILD_Double": null

2019-08-23 18:55:30 - [TEST_STEP][PASSED] - wild[3] = "WILD_ExtraFG": null

2019-08-23 18:55:30 - [TEST_STEP][PASSED] - wild[4] = "WILD_Triple": null

2019-08-23 18:55:30 - [TEST_STEP][PASSED] - wildList = Arrays.asList(wild): null

2019-08-23 18:55:30 - [TEST_STEP][PASSED] - wildList = wildList: null

2019-08-23 18:55:30 - [TEST_STEP][PASSED] - free_spin_reel_counter = []: null

2019-08-23 18:55:30 - [TEST_STEP][PASSED] - free_spin_reel_counter[0] = 0: null

2019-08-23 18:55:30 - [TEST_STEP][PASSED] - free_spin_reel_counter[1] = 0: null

2019-08-23 18:55:30 - [TEST_STEP][PASSED] - free_spin_reel_counter[2] = 0: null

2019-08-23 18:55:30 - [TEST_STEP][PASSED] - M4_spin_reels = reels: null

2019-08-23 18:55:30 - [TEST_STEP][PASSED] - for ([i = 0, i &lt; M4_spin_reels.size(), (i++)]): null

2019-08-23 18:55:30 - [TEST_STEP][PASSED] - symbols = symbols: null

2019-08-23 18:55:30 - [TEST_STEP][PASSED] - for ([j = 0, j &lt; symbols.size(), (j++)]): null

2019-08-23 18:55:30 - [TEST_STEP][PASSED] - symbol = symbol: null

2019-08-23 18:55:30 - [TEST_STEP][PASSED] - println(symbol): null

2019-08-23 18:55:30 - [TEST_STEP][PASSED] - if (i == 2 &amp;&amp; wildList.indexOf(symbol) != -1): null

2019-08-23 18:55:30 - [TEST_STEP][PASSED] - if (i == 3 &amp;&amp; wildList.indexOf(symbol) != -1): null

2019-08-23 18:55:30 - [TEST_STEP][PASSED] - if (i == 4 &amp;&amp; wildList.indexOf(symbol) != -1): null

2019-08-23 18:55:30 - [TEST_STEP][PASSED] - symbol = symbol: null

2019-08-23 18:55:30 - [TEST_STEP][PASSED] - println(symbol): null

2019-08-23 18:55:30 - [TEST_STEP][PASSED] - if (i == 2 &amp;&amp; wildList.indexOf(symbol) != -1): null

2019-08-23 18:55:30 - [TEST_STEP][PASSED] - if (i == 3 &amp;&amp; wildList.indexOf(symbol) != -1): null

2019-08-23 18:55:30 - [TEST_STEP][PASSED] - if (i == 4 &amp;&amp; wildList.indexOf(symbol) != -1): null

2019-08-23 18:55:30 - [TEST_STEP][PASSED] - symbol = symbol: null

2019-08-23 18:55:30 - [TEST_STEP][PASSED] - println(symbol): null

2019-08-23 18:55:30 - [TEST_STEP][PASSED] - if (i == 2 &amp;&amp; wildList.indexOf(symbol) != -1): null

2019-08-23 18:55:30 - [TEST_STEP][PASSED] - if (i == 3 &amp;&amp; wildList.indexOf(symbol) != -1): null

2019-08-23 18:55:30 - [TEST_STEP][PASSED] - if (i == 4 &amp;&amp; wildList.indexOf(symbol) != -1): null

2019-08-23 18:55:30 - [TEST_STEP][PASSED] - symbols = symbols: null

2019-08-23 18:55:30 - [TEST_STEP][PASSED] - for ([j = 0, j &lt; symbols.size(), (j++)]): null

2019-08-23 18:55:30 - [TEST_STEP][PASSED] - symbol = symbol: null

2019-08-23 18:55:30 - [TEST_STEP][PASSED] - println(symbol): null

2019-08-23 18:55:30 - [TEST_STEP][PASSED] - if (i == 2 &amp;&amp; wildList.indexOf(symbol) != -1): null

2019-08-23 18:55:30 - [TEST_STEP][PASSED] - if (i == 3 &amp;&amp; wildList.indexOf(symbol) != -1): null

2019-08-23 18:55:30 - [TEST_STEP][PASSED] - if (i == 4 &amp;&amp; wildList.indexOf(symbol) != -1): null

2019-08-23 18:55:30 - [TEST_STEP][PASSED] - symbol = symbol: null

2019-08-23 18:55:30 - [TEST_STEP][PASSED] - println(symbol): null

2019-08-23 18:55:30 - [TEST_STEP][PASSED] - if (i == 2 &amp;&amp; wildList.indexOf(symbol) != -1): null

2019-08-23 18:55:30 - [TEST_STEP][PASSED] - if (i == 3 &amp;&amp; wildList.indexOf(symbol) != -1): null

2019-08-23 18:55:30 - [TEST_STEP][PASSED] - if (i == 4 &amp;&amp; wildList.indexOf(symbol) != -1): null

2019-08-23 18:55:30 - [TEST_STEP][PASSED] - symbol = symbol: null

2019-08-23 18:55:30 - [TEST_STEP][PASSED] - println(symbol): null

2019-08-23 18:55:30 - [TEST_STEP][PASSED] - if (i == 2 &amp;&amp; wildList.indexOf(symbol) != -1): null

2019-08-23 18:55:30 - [TEST_STEP][PASSED] - if (i == 3 &amp;&amp; wildList.indexOf(symbol) != -1): null

2019-08-23 18:55:30 - [TEST_STEP][PASSED] - if (i == 4 &amp;&amp; wildList.indexOf(symbol) != -1): null

2019-08-23 18:55:30 - [TEST_STEP][PASSED] - symbols = symbols: null

2019-08-23 18:55:30 - [TEST_STEP][PASSED] - for ([j = 0, j &lt; symbols.size(), (j++)]): null

2019-08-23 18:55:30 - [TEST_STEP][PASSED] - symbol = symbol: null

2019-08-23 18:55:30 - [TEST_STEP][PASSED] - println(symbol): null

2019-08-23 18:55:30 - [TEST_STEP][PASSED] - if (i == 2 &amp;&amp; wildList.indexOf(symbol) != -1): null

2019-08-23 18:55:30 - [TEST_STEP][PASSED] - if (i == 3 &amp;&amp; wildList.indexOf(symbol) != -1): null

2019-08-23 18:55:30 - [TEST_STEP][PASSED] - if (i == 4 &amp;&amp; wildList.indexOf(symbol) != -1): null

2019-08-23 18:55:30 - [TEST_STEP][PASSED] - symbol = symbol: null

2019-08-23 18:55:30 - [TEST_STEP][PASSED] - println(symbol): null

2019-08-23 18:55:30 - [TEST_STEP][PASSED] - if (i == 2 &amp;&amp; wildList.indexOf(symbol) != -1): null

2019-08-23 18:55:30 - [TEST_STEP][PASSED] - if (i == 3 &amp;&amp; wildList.indexOf(symbol) != -1): null

2019-08-23 18:55:30 - [TEST_STEP][PASSED] - if (i == 4 &amp;&amp; wildList.indexOf(symbol) != -1): null

2019-08-23 18:55:30 - [TEST_STEP][PASSED] - symbol = symbol: null

2019-08-23 18:55:30 - [TEST_STEP][PASSED] - println(symbol): null

2019-08-23 18:55:30 - [TEST_STEP][PASSED] - if (i == 2 &amp;&amp; wildList.indexOf(symbol) != -1): null

2019-08-23 18:55:30 - [TEST_STEP][PASSED] - if (i == 3 &amp;&amp; wildList.indexOf(symbol) != -1): null

2019-08-23 18:55:30 - [TEST_STEP][PASSED] - if (i == 4 &amp;&amp; wildList.indexOf(symbol) != -1): null

2019-08-23 18:55:30 - [TEST_STEP][PASSED] - symbols = symbols: null

2019-08-23 18:55:30 - [TEST_STEP][PASSED] - for ([j = 0, j &lt; symbols.size(), (j++)]): null

2019-08-23 18:55:30 - [TEST_STEP][PASSED] - symbol = symbol: null

2019-08-23 18:55:30 - [TEST_STEP][PASSED] - println(symbol): null

2019-08-23 18:55:30 - [TEST_STEP][PASSED] - if (i == 2 &amp;&amp; wildList.indexOf(symbol) != -1): null

2019-08-23 18:55:30 - [TEST_STEP][PASSED] - if (i == 3 &amp;&amp; wildList.indexOf(symbol) != -1): null

2019-08-23 18:55:30 - [TEST_STEP][PASSED] - if (i == 4 &amp;&amp; wildList.indexOf(symbol) != -1): null

2019-08-23 18:55:30 - [TEST_STEP][PASSED] - symbol = symbol: null

2019-08-23 18:55:30 - [TEST_STEP][PASSED] - println(symbol): null

2019-08-23 18:55:30 - [TEST_STEP][PASSED] - if (i == 2 &amp;&amp; wildList.indexOf(symbol) != -1): null

2019-08-23 18:55:30 - [TEST_STEP][PASSED] - if (i == 3 &amp;&amp; wildList.indexOf(symbol) != -1): null

2019-08-23 18:55:30 - [TEST_STEP][PASSED] - if (i == 4 &amp;&amp; wildList.indexOf(symbol) != -1): null

2019-08-23 18:55:30 - [TEST_STEP][PASSED] - symbol = symbol: null

2019-08-23 18:55:30 - [TEST_STEP][PASSED] - println(symbol): null

2019-08-23 18:55:30 - [TEST_STEP][PASSED] - if (i == 2 &amp;&amp; wildList.indexOf(symbol) != -1): null

2019-08-23 18:55:30 - [TEST_STEP][PASSED] - if (i == 3 &amp;&amp; wildList.indexOf(symbol) != -1): null

2019-08-23 18:55:30 - [TEST_STEP][PASSED] - if (i == 4 &amp;&amp; wildList.indexOf(symbol) != -1): null

2019-08-23 18:55:30 - [TEST_STEP][PASSED] - symbols = symbols: null

2019-08-23 18:55:30 - [TEST_STEP][PASSED] - for ([j = 0, j &lt; symbols.size(), (j++)]): null

2019-08-23 18:55:30 - [TEST_STEP][PASSED] - symbol = symbol: null

2019-08-23 18:55:30 - [TEST_STEP][PASSED] - println(symbol): null

2019-08-23 18:55:30 - [TEST_STEP][PASSED] - if (i == 2 &amp;&amp; wildList.indexOf(symbol) != -1): null

2019-08-23 18:55:30 - [TEST_STEP][PASSED] - if (i == 3 &amp;&amp; wildList.indexOf(symbol) != -1): null

2019-08-23 18:55:30 - [TEST_STEP][PASSED] - if (i == 4 &amp;&amp; wildList.indexOf(symbol) != -1): null

2019-08-23 18:55:30 - [TEST_STEP][PASSED] - symbol = symbol: null

2019-08-23 18:55:30 - [TEST_STEP][PASSED] - println(symbol): null

2019-08-23 18:55:30 - [TEST_STEP][PASSED] - if (i == 2 &amp;&amp; wildList.indexOf(symbol) != -1): null

2019-08-23 18:55:30 - [TEST_STEP][PASSED] - if (i == 3 &amp;&amp; wildList.indexOf(symbol) != -1): null

2019-08-23 18:55:30 - [TEST_STEP][PASSED] - if (i == 4 &amp;&amp; wildList.indexOf(symbol) != -1): null

2019-08-23 18:55:30 - [TEST_STEP][PASSED] - symbol = symbol: null

2019-08-23 18:55:30 - [TEST_STEP][PASSED] - println(symbol): null

2019-08-23 18:55:30 - [TEST_STEP][PASSED] - if (i == 2 &amp;&amp; wildList.indexOf(symbol) != -1): null

2019-08-23 18:55:30 - [TEST_STEP][PASSED] - if (i == 3 &amp;&amp; wildList.indexOf(symbol) != -1): null

2019-08-23 18:55:30 - [TEST_STEP][PASSED] - if (i == 4 &amp;&amp; wildList.indexOf(symbol) != -1): null

2019-08-23 18:55:30 - [TEST_STEP][PASSED] - free_spin_reel_counter = free_spin_reel_counter: null

2019-08-23 18:55:30 - [TEST_STEP][PASSED] - println("reel 3 wild found: " + free_spin_reel_counter[0]): null

2019-08-23 18:55:30 - [TEST_STEP][PASSED] - println("reel 4 wild found: " + free_spin_reel_counter[1]): null

2019-08-23 18:55:30 - [TEST_STEP][PASSED] - println("reel 5 wild found: " + free_spin_reel_counter[2]): null

2019-08-23 18:55:30 - [TEST_STEP][PASSED] - M4_spin_reels = M4_spin_reels: null

2019-08-23 18:55:30 - [TEST_STEP][PASSED] - M4_spin_reels_symbols = symbol: null

2019-08-23 18:55:30 - [TEST_STEP][PASSED] - M4_spin_reels_symbols = M4_spin_reels_symbols: null

2019-08-23 18:55:30 - [TEST_STEP][PASSED] - M4_spin_reel_wins = reel_wins: null

2019-08-23 18:55:30 - [TEST_STEP][PASSED] - M4_spin_reel_wins = M4_spin_reel_wins: null

2019-08-23 18:55:30 - [TEST_STEP][PASSED] - println("GlobalVariable.M4_spin_reel_wins is: " + M4_spin_reel_wins): null

2019-08-23 18:55:30 - [TEST_STEP][PASSED] - M4_spin_total_bonus_win_this_round = total_bonus_win_this_round: null

2019-08-23 18:55:30 - [TEST_STEP][PASSED] - M4_spin_total_bonus_win_this_round = M4_spin_total_bonus_win_this_round: null

2019-08-23 18:55:30 - [TEST_STEP][PASSED] - println("GlobalVariable.M4_spin_total_bonus_win_this_round is: " + M4_spin_total_bonus_win_this_round): null

2019-08-23 18:55:30 - [TEST_STEP][PASSED] - M4_spin_bonus_spin_result = spin_result: null

2019-08-23 18:55:30 - [TEST_STEP][PASSED] - M4_spin_bonus_spin_result = M4_spin_bonus_spin_result: null

2019-08-23 18:55:30 - [MESSAGE][PASSED] - Verify response successfully

2019-08-23 18:55:30 - [MESSAGE][PASSED] - Send request and verify the response successfully

2019-08-23 18:55:30 - [TEST_STEP][PASSED] - if (free_spin_reel_counter[0] &gt;= 1 &amp;&amp; free_spin_reel_counter[1] &gt;= 1 &amp;&amp; free_spin_reel_counter[2] &gt;= 1): null

2019-08-23 18:55:30 - [TEST_STEP][PASSED] - spin_result = sendRequestAndVerify(findTestObject("INT/RGS(M4)/1_M4_spin", ["M4_login_user_id":M4_login_user_id, "rgs_session_token":rgs_session_token, "partner":Partner])): Send request and verify the response successfully

2019-08-23 18:55:30 - [MESSAGE][INFO] - HAR: /Users/eiralee/Katalon_Script/SuperWild/Reports/20190823_184757/INT/superWild_1/20190823_184757/requests/main/179.har

2019-08-23 18:55:30 - [TEST_CASE][PASSED] - Start Test Case : Verification: Verification accomplished successfully

2019-08-23 18:55:30 - [TEST_STEP][PASSED] - request = getInstance().getCurrentRequest(): null

2019-08-23 18:55:30 - [TEST_STEP][PASSED] - response = getInstance().getCurrentResponse(): null

2019-08-23 18:55:30 - [TEST_STEP][PASSED] - verifyResponseStatusCode(response, 200): Verify response status code successfully

2019-08-23 18:55:30 - [MESSAGE][PASSED] - Verify response status code successfully

2019-08-23 18:55:30 - [TEST_STEP][PASSED] - getStatusCode()).isEqualTo(200): null

2019-08-23 18:55:30 - [TEST_STEP][PASSED] - newline = System.getProperty("line.separator"): null

2019-08-23 18:55:30 - [TEST_STEP][PASSED] - M4_spin = new groovy.json.JsonSlurper(): null

2019-08-23 18:55:30 - [TEST_STEP][PASSED] - result_M4_spin = M4_spin.parseText(response.getResponseBodyContent()): null

2019-08-23 18:55:30 - [TEST_STEP][PASSED] - M4_spin_current_balance = current_balance: null

2019-08-23 18:55:30 - [TEST_STEP][PASSED] - M4_spin_current_balance = M4_spin_current_balance: null

2019-08-23 18:55:30 - [TEST_STEP][PASSED] - M4_spin_transaction_id = causality: null

2019-08-23 18:55:30 - [TEST_STEP][PASSED] - M4_spin_transaction_id = M4_spin_transaction_id: null

2019-08-23 18:55:30 - [TEST_STEP][PASSED] - M4_spin_round_id = round_id: null

2019-08-23 18:55:30 - [TEST_STEP][PASSED] - M4_spin_round_id = M4_spin_round_id: null

2019-08-23 18:55:30 - [TEST_STEP][PASSED] - M4_spin_line_wins = line_wins: null

2019-08-23 18:55:30 - [TEST_STEP][PASSED] - M4_spin_line_wins = M4_spin_line_wins: null

2019-08-23 18:55:30 - [TEST_STEP][PASSED] - M4_total_bonus_spins_int = total_bonus_spins: null

2019-08-23 18:55:32 - [TEST_STEP][PASSED] - println("******M4_total_bonus_spins type is:*******" + newline + getClass().getName()): null

2019-08-23 18:55:32 - [TEST_STEP][PASSED] - M4_total_bonus_spins_int = M4_total_bonus_spins_int: null

2019-08-23 18:55:32 - [TEST_STEP][PASSED] - M4_total_bonus_spins = Integer.toString(M4_total_bonus_spins_int): null

2019-08-23 18:55:32 - [TEST_STEP][PASSED] - M4_total_bonus_spins = M4_total_bonus_spins: null

2019-08-23 18:55:32 - [TEST_STEP][PASSED] - println("M4_total_bonus_spins is:" + M4_total_bonus_spins): null

2019-08-23 18:55:32 - [TEST_STEP][PASSED] - M4_spin_bonus_data = bonus_data: null

2019-08-23 18:55:32 - [TEST_STEP][PASSED] - M4_spin_features_triggered = result_M4_spin: null

2019-08-23 18:55:32 - [TEST_STEP][PASSED] - wild = []: null

2019-08-23 18:55:32 - [TEST_STEP][PASSED] - wild[0] = "WILD_Expanding": null

2019-08-23 18:55:32 - [TEST_STEP][PASSED] - wild[1] = "WILD_Normal": null

2019-08-23 18:55:32 - [TEST_STEP][PASSED] - wild[2] = "WILD_Double": null

2019-08-23 18:55:32 - [TEST_STEP][PASSED] - wild[3] = "WILD_ExtraFG": null

2019-08-23 18:55:32 - [TEST_STEP][PASSED] - wild[4] = "WILD_Triple": null

2019-08-23 18:55:32 - [TEST_STEP][PASSED] - wildList = Arrays.asList(wild): null

2019-08-23 18:55:32 - [TEST_STEP][PASSED] - wildList = wildList: null

2019-08-23 18:55:32 - [TEST_STEP][PASSED] - free_spin_reel_counter = []: null

2019-08-23 18:55:32 - [TEST_STEP][PASSED] - free_spin_reel_counter[0] = 0: null

2019-08-23 18:55:32 - [TEST_STEP][PASSED] - free_spin_reel_counter[1] = 0: null

2019-08-23 18:55:32 - [TEST_STEP][PASSED] - free_spin_reel_counter[2] = 0: null

2019-08-23 18:55:32 - [TEST_STEP][PASSED] - M4_spin_reels = reels: null

2019-08-23 18:55:32 - [TEST_STEP][PASSED] - for ([i = 0, i &lt; M4_spin_reels.size(), (i++)]): null

2019-08-23 18:55:32 - [TEST_STEP][PASSED] - symbols = symbols: null

2019-08-23 18:55:32 - [TEST_STEP][PASSED] - for ([j = 0, j &lt; symbols.size(), (j++)]): null

2019-08-23 18:55:32 - [TEST_STEP][PASSED] - symbol = symbol: null

2019-08-23 18:55:32 - [TEST_STEP][PASSED] - println(symbol): null

2019-08-23 18:55:32 - [TEST_STEP][PASSED] - if (i == 2 &amp;&amp; wildList.indexOf(symbol) != -1): null

2019-08-23 18:55:32 - [TEST_STEP][PASSED] - if (i == 3 &amp;&amp; wildList.indexOf(symbol) != -1): null

2019-08-23 18:55:32 - [TEST_STEP][PASSED] - if (i == 4 &amp;&amp; wildList.indexOf(symbol) != -1): null

2019-08-23 18:55:32 - [TEST_STEP][PASSED] - symbol = symbol: null

2019-08-23 18:55:32 - [TEST_STEP][PASSED] - println(symbol): null

2019-08-23 18:55:32 - [TEST_STEP][PASSED] - if (i == 2 &amp;&amp; wildList.indexOf(symbol) != -1): null

2019-08-23 18:55:32 - [TEST_STEP][PASSED] - if (i == 3 &amp;&amp; wildList.indexOf(symbol) != -1): null

2019-08-23 18:55:32 - [TEST_STEP][PASSED] - if (i == 4 &amp;&amp; wildList.indexOf(symbol) != -1): null

2019-08-23 18:55:32 - [TEST_STEP][PASSED] - symbol = symbol: null

2019-08-23 18:55:32 - [TEST_STEP][PASSED] - println(symbol): null

2019-08-23 18:55:32 - [TEST_STEP][PASSED] - if (i == 2 &amp;&amp; wildList.indexOf(symbol) != -1): null

2019-08-23 18:55:32 - [TEST_STEP][PASSED] - if (i == 3 &amp;&amp; wildList.indexOf(symbol) != -1): null

2019-08-23 18:55:32 - [TEST_STEP][PASSED] - if (i == 4 &amp;&amp; wildList.indexOf(symbol) != -1): null

2019-08-23 18:55:32 - [TEST_STEP][PASSED] - symbols = symbols: null

2019-08-23 18:55:32 - [TEST_STEP][PASSED] - for ([j = 0, j &lt; symbols.size(), (j++)]): null

2019-08-23 18:55:32 - [TEST_STEP][PASSED] - symbol = symbol: null

2019-08-23 18:55:32 - [TEST_STEP][PASSED] - println(symbol): null

2019-08-23 18:55:32 - [TEST_STEP][PASSED] - if (i == 2 &amp;&amp; wildList.indexOf(symbol) != -1): null

2019-08-23 18:55:32 - [TEST_STEP][PASSED] - if (i == 3 &amp;&amp; wildList.indexOf(symbol) != -1): null

2019-08-23 18:55:32 - [TEST_STEP][PASSED] - if (i == 4 &amp;&amp; wildList.indexOf(symbol) != -1): null

2019-08-23 18:55:32 - [TEST_STEP][PASSED] - symbol = symbol: null

2019-08-23 18:55:32 - [TEST_STEP][PASSED] - println(symbol): null

2019-08-23 18:55:32 - [TEST_STEP][PASSED] - if (i == 2 &amp;&amp; wildList.indexOf(symbol) != -1): null

2019-08-23 18:55:32 - [TEST_STEP][PASSED] - if (i == 3 &amp;&amp; wildList.indexOf(symbol) != -1): null

2019-08-23 18:55:32 - [TEST_STEP][PASSED] - if (i == 4 &amp;&amp; wildList.indexOf(symbol) != -1): null

2019-08-23 18:55:32 - [TEST_STEP][PASSED] - symbol = symbol: null

2019-08-23 18:55:32 - [TEST_STEP][PASSED] - println(symbol): null

2019-08-23 18:55:32 - [TEST_STEP][PASSED] - if (i == 2 &amp;&amp; wildList.indexOf(symbol) != -1): null

2019-08-23 18:55:32 - [TEST_STEP][PASSED] - if (i == 3 &amp;&amp; wildList.indexOf(symbol) != -1): null

2019-08-23 18:55:32 - [TEST_STEP][PASSED] - if (i == 4 &amp;&amp; wildList.indexOf(symbol) != -1): null

2019-08-23 18:55:32 - [TEST_STEP][PASSED] - symbols = symbols: null

2019-08-23 18:55:32 - [TEST_STEP][PASSED] - for ([j = 0, j &lt; symbols.size(), (j++)]): null

2019-08-23 18:55:32 - [TEST_STEP][PASSED] - symbol = symbol: null

2019-08-23 18:55:32 - [TEST_STEP][PASSED] - println(symbol): null

2019-08-23 18:55:32 - [TEST_STEP][PASSED] - if (i == 2 &amp;&amp; wildList.indexOf(symbol) != -1): null

2019-08-23 18:55:32 - [TEST_STEP][PASSED] - if (i == 3 &amp;&amp; wildList.indexOf(symbol) != -1): null

2019-08-23 18:55:32 - [TEST_STEP][PASSED] - if (i == 4 &amp;&amp; wildList.indexOf(symbol) != -1): null

2019-08-23 18:55:32 - [TEST_STEP][PASSED] - symbol = symbol: null

2019-08-23 18:55:32 - [TEST_STEP][PASSED] - println(symbol): null

2019-08-23 18:55:32 - [TEST_STEP][PASSED] - if (i == 2 &amp;&amp; wildList.indexOf(symbol) != -1): null

2019-08-23 18:55:32 - [TEST_STEP][PASSED] - if (i == 3 &amp;&amp; wildList.indexOf(symbol) != -1): null

2019-08-23 18:55:32 - [TEST_STEP][PASSED] - if (i == 4 &amp;&amp; wildList.indexOf(symbol) != -1): null

2019-08-23 18:55:32 - [TEST_STEP][PASSED] - symbol = symbol: null

2019-08-23 18:55:32 - [TEST_STEP][PASSED] - println(symbol): null

2019-08-23 18:55:32 - [TEST_STEP][PASSED] - if (i == 2 &amp;&amp; wildList.indexOf(symbol) != -1): null

2019-08-23 18:55:32 - [TEST_STEP][PASSED] - if (i == 3 &amp;&amp; wildList.indexOf(symbol) != -1): null

2019-08-23 18:55:32 - [TEST_STEP][PASSED] - if (i == 4 &amp;&amp; wildList.indexOf(symbol) != -1): null

2019-08-23 18:55:32 - [TEST_STEP][PASSED] - symbols = symbols: null

2019-08-23 18:55:32 - [TEST_STEP][PASSED] - for ([j = 0, j &lt; symbols.size(), (j++)]): null

2019-08-23 18:55:32 - [TEST_STEP][PASSED] - symbol = symbol: null

2019-08-23 18:55:32 - [TEST_STEP][PASSED] - println(symbol): null

2019-08-23 18:55:32 - [TEST_STEP][PASSED] - if (i == 2 &amp;&amp; wildList.indexOf(symbol) != -1): null

2019-08-23 18:55:32 - [TEST_STEP][PASSED] - if (i == 3 &amp;&amp; wildList.indexOf(symbol) != -1): null

2019-08-23 18:55:32 - [TEST_STEP][PASSED] - println("wild found on reel 4, adding counter by 1"): null

2019-08-23 18:55:32 - [TEST_STEP][PASSED] - free_spin_reel_counter[1] = free_spin_reel_counter[1] + 1: null

2019-08-23 18:55:32 - [TEST_STEP][PASSED] - if (i == 4 &amp;&amp; wildList.indexOf(symbol) != -1): null

2019-08-23 18:55:32 - [TEST_STEP][PASSED] - symbol = symbol: null

2019-08-23 18:55:32 - [TEST_STEP][PASSED] - println(symbol): null

2019-08-23 18:55:32 - [TEST_STEP][PASSED] - if (i == 2 &amp;&amp; wildList.indexOf(symbol) != -1): null

2019-08-23 18:55:32 - [TEST_STEP][PASSED] - if (i == 3 &amp;&amp; wildList.indexOf(symbol) != -1): null

2019-08-23 18:55:32 - [TEST_STEP][PASSED] - if (i == 4 &amp;&amp; wildList.indexOf(symbol) != -1): null

2019-08-23 18:55:32 - [TEST_STEP][PASSED] - symbol = symbol: null

2019-08-23 18:55:32 - [TEST_STEP][PASSED] - println(symbol): null

2019-08-23 18:55:32 - [TEST_STEP][PASSED] - if (i == 2 &amp;&amp; wildList.indexOf(symbol) != -1): null

2019-08-23 18:55:32 - [TEST_STEP][PASSED] - if (i == 3 &amp;&amp; wildList.indexOf(symbol) != -1): null

2019-08-23 18:55:32 - [TEST_STEP][PASSED] - if (i == 4 &amp;&amp; wildList.indexOf(symbol) != -1): null

2019-08-23 18:55:32 - [TEST_STEP][PASSED] - symbols = symbols: null

2019-08-23 18:55:32 - [TEST_STEP][PASSED] - for ([j = 0, j &lt; symbols.size(), (j++)]): null

2019-08-23 18:55:32 - [TEST_STEP][PASSED] - symbol = symbol: null

2019-08-23 18:55:32 - [TEST_STEP][PASSED] - println(symbol): null

2019-08-23 18:55:32 - [TEST_STEP][PASSED] - if (i == 2 &amp;&amp; wildList.indexOf(symbol) != -1): null

2019-08-23 18:55:32 - [TEST_STEP][PASSED] - if (i == 3 &amp;&amp; wildList.indexOf(symbol) != -1): null

2019-08-23 18:55:32 - [TEST_STEP][PASSED] - if (i == 4 &amp;&amp; wildList.indexOf(symbol) != -1): null

2019-08-23 18:55:32 - [TEST_STEP][PASSED] - symbol = symbol: null

2019-08-23 18:55:32 - [TEST_STEP][PASSED] - println(symbol): null

2019-08-23 18:55:32 - [TEST_STEP][PASSED] - if (i == 2 &amp;&amp; wildList.indexOf(symbol) != -1): null

2019-08-23 18:55:32 - [TEST_STEP][PASSED] - if (i == 3 &amp;&amp; wildList.indexOf(symbol) != -1): null

2019-08-23 18:55:32 - [TEST_STEP][PASSED] - if (i == 4 &amp;&amp; wildList.indexOf(symbol) != -1): null

2019-08-23 18:55:32 - [TEST_STEP][PASSED] - symbol = symbol: null

2019-08-23 18:55:32 - [TEST_STEP][PASSED] - println(symbol): null

2019-08-23 18:55:32 - [TEST_STEP][PASSED] - if (i == 2 &amp;&amp; wildList.indexOf(symbol) != -1): null

2019-08-23 18:55:32 - [TEST_STEP][PASSED] - if (i == 3 &amp;&amp; wildList.indexOf(symbol) != -1): null

2019-08-23 18:55:32 - [TEST_STEP][PASSED] - if (i == 4 &amp;&amp; wildList.indexOf(symbol) != -1): null

2019-08-23 18:55:32 - [TEST_STEP][PASSED] - free_spin_reel_counter = free_spin_reel_counter: null

2019-08-23 18:55:32 - [TEST_STEP][PASSED] - println("reel 3 wild found: " + free_spin_reel_counter[0]): null

2019-08-23 18:55:32 - [TEST_STEP][PASSED] - println("reel 4 wild found: " + free_spin_reel_counter[1]): null

2019-08-23 18:55:32 - [TEST_STEP][PASSED] - println("reel 5 wild found: " + free_spin_reel_counter[2]): null

2019-08-23 18:55:32 - [TEST_STEP][PASSED] - M4_spin_reels = M4_spin_reels: null

2019-08-23 18:55:32 - [TEST_STEP][PASSED] - M4_spin_reels_symbols = symbol: null

2019-08-23 18:55:32 - [TEST_STEP][PASSED] - M4_spin_reels_symbols = M4_spin_reels_symbols: null

2019-08-23 18:55:32 - [TEST_STEP][PASSED] - M4_spin_reel_wins = reel_wins: null

2019-08-23 18:55:32 - [TEST_STEP][PASSED] - M4_spin_reel_wins = M4_spin_reel_wins: null

2019-08-23 18:55:32 - [TEST_STEP][PASSED] - println("GlobalVariable.M4_spin_reel_wins is: " + M4_spin_reel_wins): null

2019-08-23 18:55:32 - [TEST_STEP][PASSED] - M4_spin_total_bonus_win_this_round = total_bonus_win_this_round: null

2019-08-23 18:55:32 - [TEST_STEP][PASSED] - M4_spin_total_bonus_win_this_round = M4_spin_total_bonus_win_this_round: null

2019-08-23 18:55:32 - [TEST_STEP][PASSED] - println("GlobalVariable.M4_spin_total_bonus_win_this_round is: " + M4_spin_total_bonus_win_this_round): null

2019-08-23 18:55:32 - [TEST_STEP][PASSED] - M4_spin_bonus_spin_result = spin_result: null

2019-08-23 18:55:32 - [TEST_STEP][PASSED] - M4_spin_bonus_spin_result = M4_spin_bonus_spin_result: null

2019-08-23 18:55:32 - [MESSAGE][PASSED] - Verify response successfully

2019-08-23 18:55:32 - [MESSAGE][PASSED] - Send request and verify the response successfully

2019-08-23 18:55:32 - [TEST_STEP][PASSED] - if (free_spin_reel_counter[0] &gt;= 1 &amp;&amp; free_spin_reel_counter[1] &gt;= 1 &amp;&amp; free_spin_reel_counter[2] &gt;= 1): null

2019-08-23 18:55:32 - [TEST_STEP][PASSED] - spin_result = sendRequestAndVerify(findTestObject("INT/RGS(M4)/1_M4_spin", ["M4_login_user_id":M4_login_user_id, "rgs_session_token":rgs_session_token, "partner":Partner])): Send request and verify the response successfully

2019-08-23 18:55:32 - [MESSAGE][INFO] - HAR: /Users/eiralee/Katalon_Script/SuperWild/Reports/20190823_184757/INT/superWild_1/20190823_184757/requests/main/180.har

2019-08-23 18:55:32 - [TEST_CASE][PASSED] - Start Test Case : Verification: Verification accomplished successfully

2019-08-23 18:55:32 - [TEST_STEP][PASSED] - request = getInstance().getCurrentRequest(): null

2019-08-23 18:55:33 - [TEST_STEP][PASSED] - response = getInstance().getCurrentResponse(): null

2019-08-23 18:55:33 - [TEST_STEP][PASSED] - verifyResponseStatusCode(response, 200): Verify response status code successfully

2019-08-23 18:55:33 - [MESSAGE][PASSED] - Verify response status code successfully

2019-08-23 18:55:33 - [TEST_STEP][PASSED] - getStatusCode()).isEqualTo(200): null

2019-08-23 18:55:33 - [TEST_STEP][PASSED] - newline = System.getProperty("line.separator"): null

2019-08-23 18:55:33 - [TEST_STEP][PASSED] - M4_spin = new groovy.json.JsonSlurper(): null

2019-08-23 18:55:33 - [TEST_STEP][PASSED] - result_M4_spin = M4_spin.parseText(response.getResponseBodyContent()): null

2019-08-23 18:55:33 - [TEST_STEP][PASSED] - M4_spin_current_balance = current_balance: null

2019-08-23 18:55:33 - [TEST_STEP][PASSED] - M4_spin_current_balance = M4_spin_current_balance: null

2019-08-23 18:55:33 - [TEST_STEP][PASSED] - M4_spin_transaction_id = causality: null

2019-08-23 18:55:33 - [TEST_STEP][PASSED] - M4_spin_transaction_id = M4_spin_transaction_id: null

2019-08-23 18:55:33 - [TEST_STEP][PASSED] - M4_spin_round_id = round_id: null

2019-08-23 18:55:33 - [TEST_STEP][PASSED] - M4_spin_round_id = M4_spin_round_id: null

2019-08-23 18:55:33 - [TEST_STEP][PASSED] - M4_spin_line_wins = line_wins: null

2019-08-23 18:55:33 - [TEST_STEP][PASSED] - M4_spin_line_wins = M4_spin_line_wins: null

2019-08-23 18:55:33 - [TEST_STEP][PASSED] - M4_total_bonus_spins_int = total_bonus_spins: null

2019-08-23 18:55:33 - [TEST_STEP][PASSED] - println("******M4_total_bonus_spins type is:*******" + newline + getClass().getName()): null

2019-08-23 18:55:33 - [TEST_STEP][PASSED] - M4_total_bonus_spins_int = M4_total_bonus_spins_int: null

2019-08-23 18:55:33 - [TEST_STEP][PASSED] - M4_total_bonus_spins = Integer.toString(M4_total_bonus_spins_int): null

2019-08-23 18:55:33 - [TEST_STEP][PASSED] - M4_total_bonus_spins = M4_total_bonus_spins: null

2019-08-23 18:55:33 - [TEST_STEP][PASSED] - println("M4_total_bonus_spins is:" + M4_total_bonus_spins): null

2019-08-23 18:55:33 - [TEST_STEP][PASSED] - M4_spin_bonus_data = bonus_data: null

2019-08-23 18:55:33 - [TEST_STEP][PASSED] - M4_spin_features_triggered = result_M4_spin: null

2019-08-23 18:55:33 - [TEST_STEP][PASSED] - wild = []: null

2019-08-23 18:55:33 - [TEST_STEP][PASSED] - wild[0] = "WILD_Expanding": null

2019-08-23 18:55:33 - [TEST_STEP][PASSED] - wild[1] = "WILD_Normal": null

2019-08-23 18:55:33 - [TEST_STEP][PASSED] - wild[2] = "WILD_Double": null

2019-08-23 18:55:33 - [TEST_STEP][PASSED] - wild[3] = "WILD_ExtraFG": null

2019-08-23 18:55:33 - [TEST_STEP][PASSED] - wild[4] = "WILD_Triple": null

2019-08-23 18:55:33 - [TEST_STEP][PASSED] - wildList = Arrays.asList(wild): null

2019-08-23 18:55:33 - [TEST_STEP][PASSED] - wildList = wildList: null

2019-08-23 18:55:33 - [TEST_STEP][PASSED] - free_spin_reel_counter = []: null

2019-08-23 18:55:33 - [TEST_STEP][PASSED] - free_spin_reel_counter[0] = 0: null

2019-08-23 18:55:33 - [TEST_STEP][PASSED] - free_spin_reel_counter[1] = 0: null

2019-08-23 18:55:33 - [TEST_STEP][PASSED] - free_spin_reel_counter[2] = 0: null

2019-08-23 18:55:33 - [TEST_STEP][PASSED] - M4_spin_reels = reels: null

2019-08-23 18:55:33 - [TEST_STEP][PASSED] - for ([i = 0, i &lt; M4_spin_reels.size(), (i++)]): null

2019-08-23 18:55:33 - [TEST_STEP][PASSED] - symbols = symbols: null

2019-08-23 18:55:33 - [TEST_STEP][PASSED] - for ([j = 0, j &lt; symbols.size(), (j++)]): null

2019-08-23 18:55:33 - [TEST_STEP][PASSED] - symbol = symbol: null

2019-08-23 18:55:33 - [TEST_STEP][PASSED] - println(symbol): null

2019-08-23 18:55:33 - [TEST_STEP][PASSED] - if (i == 2 &amp;&amp; wildList.indexOf(symbol) != -1): null

2019-08-23 18:55:33 - [TEST_STEP][PASSED] - if (i == 3 &amp;&amp; wildList.indexOf(symbol) != -1): null

2019-08-23 18:55:33 - [TEST_STEP][PASSED] - if (i == 4 &amp;&amp; wildList.indexOf(symbol) != -1): null

2019-08-23 18:55:33 - [TEST_STEP][PASSED] - symbol = symbol: null

2019-08-23 18:55:33 - [TEST_STEP][PASSED] - println(symbol): null

2019-08-23 18:55:33 - [TEST_STEP][PASSED] - if (i == 2 &amp;&amp; wildList.indexOf(symbol) != -1): null

2019-08-23 18:55:33 - [TEST_STEP][PASSED] - if (i == 3 &amp;&amp; wildList.indexOf(symbol) != -1): null

2019-08-23 18:55:33 - [TEST_STEP][PASSED] - if (i == 4 &amp;&amp; wildList.indexOf(symbol) != -1): null

2019-08-23 18:55:33 - [TEST_STEP][PASSED] - symbol = symbol: null

2019-08-23 18:55:33 - [TEST_STEP][PASSED] - println(symbol): null

2019-08-23 18:55:33 - [TEST_STEP][PASSED] - if (i == 2 &amp;&amp; wildList.indexOf(symbol) != -1): null

2019-08-23 18:55:33 - [TEST_STEP][PASSED] - if (i == 3 &amp;&amp; wildList.indexOf(symbol) != -1): null

2019-08-23 18:55:33 - [TEST_STEP][PASSED] - if (i == 4 &amp;&amp; wildList.indexOf(symbol) != -1): null

2019-08-23 18:55:33 - [TEST_STEP][PASSED] - symbols = symbols: null

2019-08-23 18:55:33 - [TEST_STEP][PASSED] - for ([j = 0, j &lt; symbols.size(), (j++)]): null

2019-08-23 18:55:33 - [TEST_STEP][PASSED] - symbol = symbol: null

2019-08-23 18:55:33 - [TEST_STEP][PASSED] - println(symbol): null

2019-08-23 18:55:33 - [TEST_STEP][PASSED] - if (i == 2 &amp;&amp; wildList.indexOf(symbol) != -1): null

2019-08-23 18:55:33 - [TEST_STEP][PASSED] - if (i == 3 &amp;&amp; wildList.indexOf(symbol) != -1): null

2019-08-23 18:55:33 - [TEST_STEP][PASSED] - if (i == 4 &amp;&amp; wildList.indexOf(symbol) != -1): null

2019-08-23 18:55:33 - [TEST_STEP][PASSED] - symbol = symbol: null

2019-08-23 18:55:33 - [TEST_STEP][PASSED] - println(symbol): null

2019-08-23 18:55:33 - [TEST_STEP][PASSED] - if (i == 2 &amp;&amp; wildList.indexOf(symbol) != -1): null

2019-08-23 18:55:33 - [TEST_STEP][PASSED] - if (i == 3 &amp;&amp; wildList.indexOf(symbol) != -1): null

2019-08-23 18:55:33 - [TEST_STEP][PASSED] - if (i == 4 &amp;&amp; wildList.indexOf(symbol) != -1): null

2019-08-23 18:55:33 - [TEST_STEP][PASSED] - symbol = symbol: null

2019-08-23 18:55:33 - [TEST_STEP][PASSED] - println(symbol): null

2019-08-23 18:55:33 - [TEST_STEP][PASSED] - if (i == 2 &amp;&amp; wildList.indexOf(symbol) != -1): null

2019-08-23 18:55:33 - [TEST_STEP][PASSED] - if (i == 3 &amp;&amp; wildList.indexOf(symbol) != -1): null

2019-08-23 18:55:33 - [TEST_STEP][PASSED] - if (i == 4 &amp;&amp; wildList.indexOf(symbol) != -1): null

2019-08-23 18:55:33 - [TEST_STEP][PASSED] - symbols = symbols: null

2019-08-23 18:55:33 - [TEST_STEP][PASSED] - for ([j = 0, j &lt; symbols.size(), (j++)]): null

2019-08-23 18:55:33 - [TEST_STEP][PASSED] - symbol = symbol: null

2019-08-23 18:55:33 - [TEST_STEP][PASSED] - println(symbol): null

2019-08-23 18:55:33 - [TEST_STEP][PASSED] - if (i == 2 &amp;&amp; wildList.indexOf(symbol) != -1): null

2019-08-23 18:55:33 - [TEST_STEP][PASSED] - if (i == 3 &amp;&amp; wildList.indexOf(symbol) != -1): null

2019-08-23 18:55:33 - [TEST_STEP][PASSED] - if (i == 4 &amp;&amp; wildList.indexOf(symbol) != -1): null

2019-08-23 18:55:33 - [TEST_STEP][PASSED] - symbol = symbol: null

2019-08-23 18:55:33 - [TEST_STEP][PASSED] - println(symbol): null

2019-08-23 18:55:33 - [TEST_STEP][PASSED] - if (i == 2 &amp;&amp; wildList.indexOf(symbol) != -1): null

2019-08-23 18:55:33 - [TEST_STEP][PASSED] - if (i == 3 &amp;&amp; wildList.indexOf(symbol) != -1): null

2019-08-23 18:55:33 - [TEST_STEP][PASSED] - if (i == 4 &amp;&amp; wildList.indexOf(symbol) != -1): null

2019-08-23 18:55:33 - [TEST_STEP][PASSED] - symbol = symbol: null

2019-08-23 18:55:33 - [TEST_STEP][PASSED] - println(symbol): null

2019-08-23 18:55:33 - [TEST_STEP][PASSED] - if (i == 2 &amp;&amp; wildList.indexOf(symbol) != -1): null

2019-08-23 18:55:33 - [TEST_STEP][PASSED] - if (i == 3 &amp;&amp; wildList.indexOf(symbol) != -1): null

2019-08-23 18:55:33 - [TEST_STEP][PASSED] - if (i == 4 &amp;&amp; wildList.indexOf(symbol) != -1): null

2019-08-23 18:55:33 - [TEST_STEP][PASSED] - symbols = symbols: null

2019-08-23 18:55:33 - [TEST_STEP][PASSED] - for ([j = 0, j &lt; symbols.size(), (j++)]): null

2019-08-23 18:55:33 - [TEST_STEP][PASSED] - symbol = symbol: null

2019-08-23 18:55:33 - [TEST_STEP][PASSED] - println(symbol): null

2019-08-23 18:55:33 - [TEST_STEP][PASSED] - if (i == 2 &amp;&amp; wildList.indexOf(symbol) != -1): null

2019-08-23 18:55:33 - [TEST_STEP][PASSED] - if (i == 3 &amp;&amp; wildList.indexOf(symbol) != -1): null

2019-08-23 18:55:33 - [TEST_STEP][PASSED] - if (i == 4 &amp;&amp; wildList.indexOf(symbol) != -1): null

2019-08-23 18:55:33 - [TEST_STEP][PASSED] - symbol = symbol: null

2019-08-23 18:55:33 - [TEST_STEP][PASSED] - println(symbol): null

2019-08-23 18:55:33 - [TEST_STEP][PASSED] - if (i == 2 &amp;&amp; wildList.indexOf(symbol) != -1): null

2019-08-23 18:55:33 - [TEST_STEP][PASSED] - if (i == 3 &amp;&amp; wildList.indexOf(symbol) != -1): null

2019-08-23 18:55:33 - [TEST_STEP][PASSED] - if (i == 4 &amp;&amp; wildList.indexOf(symbol) != -1): null

2019-08-23 18:55:33 - [TEST_STEP][PASSED] - symbol = symbol: null

2019-08-23 18:55:33 - [TEST_STEP][PASSED] - println(symbol): null

2019-08-23 18:55:33 - [TEST_STEP][PASSED] - if (i == 2 &amp;&amp; wildList.indexOf(symbol) != -1): null

2019-08-23 18:55:33 - [TEST_STEP][PASSED] - if (i == 3 &amp;&amp; wildList.indexOf(symbol) != -1): null

2019-08-23 18:55:33 - [TEST_STEP][PASSED] - if (i == 4 &amp;&amp; wildList.indexOf(symbol) != -1): null

2019-08-23 18:55:33 - [TEST_STEP][PASSED] - symbols = symbols: null

2019-08-23 18:55:33 - [TEST_STEP][PASSED] - for ([j = 0, j &lt; symbols.size(), (j++)]): null

2019-08-23 18:55:33 - [TEST_STEP][PASSED] - symbol = symbol: null

2019-08-23 18:55:33 - [TEST_STEP][PASSED] - println(symbol): null

2019-08-23 18:55:33 - [TEST_STEP][PASSED] - if (i == 2 &amp;&amp; wildList.indexOf(symbol) != -1): null

2019-08-23 18:55:33 - [TEST_STEP][PASSED] - if (i == 3 &amp;&amp; wildList.indexOf(symbol) != -1): null

2019-08-23 18:55:33 - [TEST_STEP][PASSED] - if (i == 4 &amp;&amp; wildList.indexOf(symbol) != -1): null

2019-08-23 18:55:33 - [TEST_STEP][PASSED] - symbol = symbol: null

2019-08-23 18:55:33 - [TEST_STEP][PASSED] - println(symbol): null

2019-08-23 18:55:33 - [TEST_STEP][PASSED] - if (i == 2 &amp;&amp; wildList.indexOf(symbol) != -1): null

2019-08-23 18:55:33 - [TEST_STEP][PASSED] - if (i == 3 &amp;&amp; wildList.indexOf(symbol) != -1): null

2019-08-23 18:55:33 - [TEST_STEP][PASSED] - if (i == 4 &amp;&amp; wildList.indexOf(symbol) != -1): null

2019-08-23 18:55:33 - [TEST_STEP][PASSED] - symbol = symbol: null

2019-08-23 18:55:33 - [TEST_STEP][PASSED] - println(symbol): null

2019-08-23 18:55:33 - [TEST_STEP][PASSED] - if (i == 2 &amp;&amp; wildList.indexOf(symbol) != -1): null

2019-08-23 18:55:33 - [TEST_STEP][PASSED] - if (i == 3 &amp;&amp; wildList.indexOf(symbol) != -1): null

2019-08-23 18:55:33 - [TEST_STEP][PASSED] - if (i == 4 &amp;&amp; wildList.indexOf(symbol) != -1): null

2019-08-23 18:55:33 - [TEST_STEP][PASSED] - free_spin_reel_counter = free_spin_reel_counter: null

2019-08-23 18:55:33 - [TEST_STEP][PASSED] - println("reel 3 wild found: " + free_spin_reel_counter[0]): null

2019-08-23 18:55:33 - [TEST_STEP][PASSED] - println("reel 4 wild found: " + free_spin_reel_counter[1]): null

2019-08-23 18:55:33 - [TEST_STEP][PASSED] - println("reel 5 wild found: " + free_spin_reel_counter[2]): null

2019-08-23 18:55:33 - [TEST_STEP][PASSED] - M4_spin_reels = M4_spin_reels: null

2019-08-23 18:55:33 - [TEST_STEP][PASSED] - M4_spin_reels_symbols = symbol: null

2019-08-23 18:55:33 - [TEST_STEP][PASSED] - M4_spin_reels_symbols = M4_spin_reels_symbols: null

2019-08-23 18:55:33 - [TEST_STEP][PASSED] - M4_spin_reel_wins = reel_wins: null

2019-08-23 18:55:33 - [TEST_STEP][PASSED] - M4_spin_reel_wins = M4_spin_reel_wins: null

2019-08-23 18:55:33 - [TEST_STEP][PASSED] - println("GlobalVariable.M4_spin_reel_wins is: " + M4_spin_reel_wins): null

2019-08-23 18:55:33 - [TEST_STEP][PASSED] - M4_spin_total_bonus_win_this_round = total_bonus_win_this_round: null

2019-08-23 18:55:33 - [TEST_STEP][PASSED] - M4_spin_total_bonus_win_this_round = M4_spin_total_bonus_win_this_round: null

2019-08-23 18:55:33 - [TEST_STEP][PASSED] - println("GlobalVariable.M4_spin_total_bonus_win_this_round is: " + M4_spin_total_bonus_win_this_round): null

2019-08-23 18:55:33 - [TEST_STEP][PASSED] - M4_spin_bonus_spin_result = spin_result: null

2019-08-23 18:55:33 - [TEST_STEP][PASSED] - M4_spin_bonus_spin_result = M4_spin_bonus_spin_result: null

2019-08-23 18:55:33 - [MESSAGE][PASSED] - Verify response successfully

2019-08-23 18:55:33 - [MESSAGE][PASSED] - Send request and verify the response successfully

2019-08-23 18:55:33 - [TEST_STEP][PASSED] - if (free_spin_reel_counter[0] &gt;= 1 &amp;&amp; free_spin_reel_counter[1] &gt;= 1 &amp;&amp; free_spin_reel_counter[2] &gt;= 1): null

2019-08-23 18:55:33 - [TEST_STEP][PASSED] - spin_result = sendRequestAndVerify(findTestObject("INT/RGS(M4)/1_M4_spin", ["M4_login_user_id":M4_login_user_id, "rgs_session_token":rgs_session_token, "partner":Partner])): Send request and verify the response successfully

2019-08-23 18:55:33 - [MESSAGE][INFO] - HAR: /Users/eiralee/Katalon_Script/SuperWild/Reports/20190823_184757/INT/superWild_1/20190823_184757/requests/main/181.har

2019-08-23 18:55:33 - [TEST_CASE][PASSED] - Start Test Case : Verification: Verification accomplished successfully

2019-08-23 18:55:33 - [TEST_STEP][PASSED] - request = getInstance().getCurrentRequest(): null

2019-08-23 18:55:33 - [TEST_STEP][PASSED] - response = getInstance().getCurrentResponse(): null

2019-08-23 18:55:33 - [TEST_STEP][PASSED] - verifyResponseStatusCode(response, 200): Verify response status code successfully

2019-08-23 18:55:33 - [MESSAGE][PASSED] - Verify response status code successfully

2019-08-23 18:55:33 - [TEST_STEP][PASSED] - getStatusCode()).isEqualTo(200): null

2019-08-23 18:55:33 - [TEST_STEP][PASSED] - newline = System.getProperty("line.separator"): null

2019-08-23 18:55:33 - [TEST_STEP][PASSED] - M4_spin = new groovy.json.JsonSlurper(): null

2019-08-23 18:55:33 - [TEST_STEP][PASSED] - result_M4_spin = M4_spin.parseText(response.getResponseBodyContent()): null

2019-08-23 18:55:33 - [TEST_STEP][PASSED] - M4_spin_current_balance = current_balance: null

2019-08-23 18:55:33 - [TEST_STEP][PASSED] - M4_spin_current_balance = M4_spin_current_balance: null

2019-08-23 18:55:33 - [TEST_STEP][PASSED] - M4_spin_transaction_id = causality: null

2019-08-23 18:55:33 - [TEST_STEP][PASSED] - M4_spin_transaction_id = M4_spin_transaction_id: null

2019-08-23 18:55:33 - [TEST_STEP][PASSED] - M4_spin_round_id = round_id: null

2019-08-23 18:55:33 - [TEST_STEP][PASSED] - M4_spin_round_id = M4_spin_round_id: null

2019-08-23 18:55:33 - [TEST_STEP][PASSED] - M4_spin_line_wins = line_wins: null

2019-08-23 18:55:33 - [TEST_STEP][PASSED] - M4_spin_line_wins = M4_spin_line_wins: null

2019-08-23 18:55:33 - [TEST_STEP][PASSED] - M4_total_bonus_spins_int = total_bonus_spins: null

2019-08-23 18:55:33 - [TEST_STEP][PASSED] - println("******M4_total_bonus_spins type is:*******" + newline + getClass().getName()): null

2019-08-23 18:55:33 - [TEST_STEP][PASSED] - M4_total_bonus_spins_int = M4_total_bonus_spins_int: null

2019-08-23 18:55:33 - [TEST_STEP][PASSED] - M4_total_bonus_spins = Integer.toString(M4_total_bonus_spins_int): null

2019-08-23 18:55:33 - [TEST_STEP][PASSED] - M4_total_bonus_spins = M4_total_bonus_spins: null

2019-08-23 18:55:33 - [TEST_STEP][PASSED] - println("M4_total_bonus_spins is:" + M4_total_bonus_spins): null

2019-08-23 18:55:33 - [TEST_STEP][PASSED] - M4_spin_bonus_data = bonus_data: null

2019-08-23 18:55:33 - [TEST_STEP][PASSED] - M4_spin_features_triggered = result_M4_spin: null

2019-08-23 18:55:33 - [TEST_STEP][PASSED] - wild = []: null

2019-08-23 18:55:33 - [TEST_STEP][PASSED] - wild[0] = "WILD_Expanding": null

2019-08-23 18:55:33 - [TEST_STEP][PASSED] - wild[1] = "WILD_Normal": null

2019-08-23 18:55:33 - [TEST_STEP][PASSED] - wild[2] = "WILD_Double": null

2019-08-23 18:55:33 - [TEST_STEP][PASSED] - wild[3] = "WILD_ExtraFG": null

2019-08-23 18:55:33 - [TEST_STEP][PASSED] - wild[4] = "WILD_Triple": null

2019-08-23 18:55:33 - [TEST_STEP][PASSED] - wildList = Arrays.asList(wild): null

2019-08-23 18:55:33 - [TEST_STEP][PASSED] - wildList = wildList: null

2019-08-23 18:55:33 - [TEST_STEP][PASSED] - free_spin_reel_counter = []: null

2019-08-23 18:55:33 - [TEST_STEP][PASSED] - free_spin_reel_counter[0] = 0: null

2019-08-23 18:55:33 - [TEST_STEP][PASSED] - free_spin_reel_counter[1] = 0: null

2019-08-23 18:55:33 - [TEST_STEP][PASSED] - free_spin_reel_counter[2] = 0: null

2019-08-23 18:55:33 - [TEST_STEP][PASSED] - M4_spin_reels = reels: null

2019-08-23 18:55:33 - [TEST_STEP][PASSED] - for ([i = 0, i &lt; M4_spin_reels.size(), (i++)]): null

2019-08-23 18:55:33 - [TEST_STEP][PASSED] - symbols = symbols: null

2019-08-23 18:55:33 - [TEST_STEP][PASSED] - for ([j = 0, j &lt; symbols.size(), (j++)]): null

2019-08-23 18:55:33 - [TEST_STEP][PASSED] - symbol = symbol: null

2019-08-23 18:55:33 - [TEST_STEP][PASSED] - println(symbol): null

2019-08-23 18:55:33 - [TEST_STEP][PASSED] - if (i == 2 &amp;&amp; wildList.indexOf(symbol) != -1): null

2019-08-23 18:55:33 - [TEST_STEP][PASSED] - if (i == 3 &amp;&amp; wildList.indexOf(symbol) != -1): null

2019-08-23 18:55:33 - [TEST_STEP][PASSED] - if (i == 4 &amp;&amp; wildList.indexOf(symbol) != -1): null

2019-08-23 18:55:33 - [TEST_STEP][PASSED] - symbol = symbol: null

2019-08-23 18:55:33 - [TEST_STEP][PASSED] - println(symbol): null

2019-08-23 18:55:33 - [TEST_STEP][PASSED] - if (i == 2 &amp;&amp; wildList.indexOf(symbol) != -1): null

2019-08-23 18:55:33 - [TEST_STEP][PASSED] - if (i == 3 &amp;&amp; wildList.indexOf(symbol) != -1): null

2019-08-23 18:55:33 - [TEST_STEP][PASSED] - if (i == 4 &amp;&amp; wildList.indexOf(symbol) != -1): null

2019-08-23 18:55:33 - [TEST_STEP][PASSED] - symbol = symbol: null

2019-08-23 18:55:33 - [TEST_STEP][PASSED] - println(symbol): null

2019-08-23 18:55:35 - [TEST_STEP][PASSED] - if (i == 2 &amp;&amp; wildList.indexOf(symbol) != -1): null

2019-08-23 18:55:35 - [TEST_STEP][PASSED] - if (i == 3 &amp;&amp; wildList.indexOf(symbol) != -1): null

2019-08-23 18:55:35 - [TEST_STEP][PASSED] - if (i == 4 &amp;&amp; wildList.indexOf(symbol) != -1): null

2019-08-23 18:55:35 - [TEST_STEP][PASSED] - symbols = symbols: null

2019-08-23 18:55:35 - [TEST_STEP][PASSED] - for ([j = 0, j &lt; symbols.size(), (j++)]): null

2019-08-23 18:55:35 - [TEST_STEP][PASSED] - symbol = symbol: null

2019-08-23 18:55:35 - [TEST_STEP][PASSED] - println(symbol): null

2019-08-23 18:55:35 - [TEST_STEP][PASSED] - if (i == 2 &amp;&amp; wildList.indexOf(symbol) != -1): null

2019-08-23 18:55:35 - [TEST_STEP][PASSED] - if (i == 3 &amp;&amp; wildList.indexOf(symbol) != -1): null

2019-08-23 18:55:35 - [TEST_STEP][PASSED] - if (i == 4 &amp;&amp; wildList.indexOf(symbol) != -1): null

2019-08-23 18:55:35 - [TEST_STEP][PASSED] - symbol = symbol: null

2019-08-23 18:55:35 - [TEST_STEP][PASSED] - println(symbol): null

2019-08-23 18:55:35 - [TEST_STEP][PASSED] - if (i == 2 &amp;&amp; wildList.indexOf(symbol) != -1): null

2019-08-23 18:55:35 - [TEST_STEP][PASSED] - if (i == 3 &amp;&amp; wildList.indexOf(symbol) != -1): null

2019-08-23 18:55:35 - [TEST_STEP][PASSED] - if (i == 4 &amp;&amp; wildList.indexOf(symbol) != -1): null

2019-08-23 18:55:35 - [TEST_STEP][PASSED] - symbol = symbol: null

2019-08-23 18:55:35 - [TEST_STEP][PASSED] - println(symbol): null

2019-08-23 18:55:35 - [TEST_STEP][PASSED] - if (i == 2 &amp;&amp; wildList.indexOf(symbol) != -1): null

2019-08-23 18:55:35 - [TEST_STEP][PASSED] - if (i == 3 &amp;&amp; wildList.indexOf(symbol) != -1): null

2019-08-23 18:55:35 - [TEST_STEP][PASSED] - if (i == 4 &amp;&amp; wildList.indexOf(symbol) != -1): null

2019-08-23 18:55:35 - [TEST_STEP][PASSED] - symbols = symbols: null

2019-08-23 18:55:35 - [TEST_STEP][PASSED] - for ([j = 0, j &lt; symbols.size(), (j++)]): null

2019-08-23 18:55:35 - [TEST_STEP][PASSED] - symbol = symbol: null

2019-08-23 18:55:35 - [TEST_STEP][PASSED] - println(symbol): null

2019-08-23 18:55:35 - [TEST_STEP][PASSED] - if (i == 2 &amp;&amp; wildList.indexOf(symbol) != -1): null

2019-08-23 18:55:35 - [TEST_STEP][PASSED] - if (i == 3 &amp;&amp; wildList.indexOf(symbol) != -1): null

2019-08-23 18:55:35 - [TEST_STEP][PASSED] - if (i == 4 &amp;&amp; wildList.indexOf(symbol) != -1): null

2019-08-23 18:55:35 - [TEST_STEP][PASSED] - symbol = symbol: null

2019-08-23 18:55:35 - [TEST_STEP][PASSED] - println(symbol): null

2019-08-23 18:55:35 - [TEST_STEP][PASSED] - if (i == 2 &amp;&amp; wildList.indexOf(symbol) != -1): null

2019-08-23 18:55:35 - [TEST_STEP][PASSED] - if (i == 3 &amp;&amp; wildList.indexOf(symbol) != -1): null

2019-08-23 18:55:35 - [TEST_STEP][PASSED] - if (i == 4 &amp;&amp; wildList.indexOf(symbol) != -1): null

2019-08-23 18:55:35 - [TEST_STEP][PASSED] - symbol = symbol: null

2019-08-23 18:55:35 - [TEST_STEP][PASSED] - println(symbol): null

2019-08-23 18:55:35 - [TEST_STEP][PASSED] - if (i == 2 &amp;&amp; wildList.indexOf(symbol) != -1): null

2019-08-23 18:55:35 - [TEST_STEP][PASSED] - if (i == 3 &amp;&amp; wildList.indexOf(symbol) != -1): null

2019-08-23 18:55:35 - [TEST_STEP][PASSED] - if (i == 4 &amp;&amp; wildList.indexOf(symbol) != -1): null

2019-08-23 18:55:35 - [TEST_STEP][PASSED] - symbols = symbols: null

2019-08-23 18:55:35 - [TEST_STEP][PASSED] - for ([j = 0, j &lt; symbols.size(), (j++)]): null

2019-08-23 18:55:35 - [TEST_STEP][PASSED] - symbol = symbol: null

2019-08-23 18:55:35 - [TEST_STEP][PASSED] - println(symbol): null

2019-08-23 18:55:35 - [TEST_STEP][PASSED] - if (i == 2 &amp;&amp; wildList.indexOf(symbol) != -1): null

2019-08-23 18:55:35 - [TEST_STEP][PASSED] - if (i == 3 &amp;&amp; wildList.indexOf(symbol) != -1): null

2019-08-23 18:55:35 - [TEST_STEP][PASSED] - if (i == 4 &amp;&amp; wildList.indexOf(symbol) != -1): null

2019-08-23 18:55:35 - [TEST_STEP][PASSED] - symbol = symbol: null

2019-08-23 18:55:35 - [TEST_STEP][PASSED] - println(symbol): null

2019-08-23 18:55:35 - [TEST_STEP][PASSED] - if (i == 2 &amp;&amp; wildList.indexOf(symbol) != -1): null

2019-08-23 18:55:35 - [TEST_STEP][PASSED] - if (i == 3 &amp;&amp; wildList.indexOf(symbol) != -1): null

2019-08-23 18:55:35 - [TEST_STEP][PASSED] - if (i == 4 &amp;&amp; wildList.indexOf(symbol) != -1): null

2019-08-23 18:55:35 - [TEST_STEP][PASSED] - symbol = symbol: null

2019-08-23 18:55:35 - [TEST_STEP][PASSED] - println(symbol): null

2019-08-23 18:55:35 - [TEST_STEP][PASSED] - if (i == 2 &amp;&amp; wildList.indexOf(symbol) != -1): null

2019-08-23 18:55:35 - [TEST_STEP][PASSED] - if (i == 3 &amp;&amp; wildList.indexOf(symbol) != -1): null

2019-08-23 18:55:35 - [TEST_STEP][PASSED] - if (i == 4 &amp;&amp; wildList.indexOf(symbol) != -1): null

2019-08-23 18:55:35 - [TEST_STEP][PASSED] - symbols = symbols: null

2019-08-23 18:55:35 - [TEST_STEP][PASSED] - for ([j = 0, j &lt; symbols.size(), (j++)]): null

2019-08-23 18:55:35 - [TEST_STEP][PASSED] - symbol = symbol: null

2019-08-23 18:55:35 - [TEST_STEP][PASSED] - println(symbol): null

2019-08-23 18:55:35 - [TEST_STEP][PASSED] - if (i == 2 &amp;&amp; wildList.indexOf(symbol) != -1): null

2019-08-23 18:55:35 - [TEST_STEP][PASSED] - if (i == 3 &amp;&amp; wildList.indexOf(symbol) != -1): null

2019-08-23 18:55:35 - [TEST_STEP][PASSED] - if (i == 4 &amp;&amp; wildList.indexOf(symbol) != -1): null

2019-08-23 18:55:35 - [TEST_STEP][PASSED] - symbol = symbol: null

2019-08-23 18:55:35 - [TEST_STEP][PASSED] - println(symbol): null

2019-08-23 18:55:35 - [TEST_STEP][PASSED] - if (i == 2 &amp;&amp; wildList.indexOf(symbol) != -1): null

2019-08-23 18:55:35 - [TEST_STEP][PASSED] - if (i == 3 &amp;&amp; wildList.indexOf(symbol) != -1): null

2019-08-23 18:55:35 - [TEST_STEP][PASSED] - if (i == 4 &amp;&amp; wildList.indexOf(symbol) != -1): null

2019-08-23 18:55:35 - [TEST_STEP][PASSED] - symbol = symbol: null

2019-08-23 18:55:35 - [TEST_STEP][PASSED] - println(symbol): null

2019-08-23 18:55:35 - [TEST_STEP][PASSED] - if (i == 2 &amp;&amp; wildList.indexOf(symbol) != -1): null

2019-08-23 18:55:35 - [TEST_STEP][PASSED] - if (i == 3 &amp;&amp; wildList.indexOf(symbol) != -1): null

2019-08-23 18:55:35 - [TEST_STEP][PASSED] - if (i == 4 &amp;&amp; wildList.indexOf(symbol) != -1): null

2019-08-23 18:55:35 - [TEST_STEP][PASSED] - free_spin_reel_counter = free_spin_reel_counter: null

2019-08-23 18:55:35 - [TEST_STEP][PASSED] - println("reel 3 wild found: " + free_spin_reel_counter[0]): null

2019-08-23 18:55:35 - [TEST_STEP][PASSED] - println("reel 4 wild found: " + free_spin_reel_counter[1]): null

2019-08-23 18:55:35 - [TEST_STEP][PASSED] - println("reel 5 wild found: " + free_spin_reel_counter[2]): null

2019-08-23 18:55:35 - [TEST_STEP][PASSED] - M4_spin_reels = M4_spin_reels: null

2019-08-23 18:55:35 - [TEST_STEP][PASSED] - M4_spin_reels_symbols = symbol: null

2019-08-23 18:55:35 - [TEST_STEP][PASSED] - M4_spin_reels_symbols = M4_spin_reels_symbols: null

2019-08-23 18:55:35 - [TEST_STEP][PASSED] - M4_spin_reel_wins = reel_wins: null

2019-08-23 18:55:35 - [TEST_STEP][PASSED] - M4_spin_reel_wins = M4_spin_reel_wins: null

2019-08-23 18:55:35 - [TEST_STEP][PASSED] - println("GlobalVariable.M4_spin_reel_wins is: " + M4_spin_reel_wins): null

2019-08-23 18:55:35 - [TEST_STEP][PASSED] - M4_spin_total_bonus_win_this_round = total_bonus_win_this_round: null

2019-08-23 18:55:35 - [TEST_STEP][PASSED] - M4_spin_total_bonus_win_this_round = M4_spin_total_bonus_win_this_round: null

2019-08-23 18:55:35 - [TEST_STEP][PASSED] - println("GlobalVariable.M4_spin_total_bonus_win_this_round is: " + M4_spin_total_bonus_win_this_round): null

2019-08-23 18:55:35 - [TEST_STEP][PASSED] - M4_spin_bonus_spin_result = spin_result: null

2019-08-23 18:55:35 - [TEST_STEP][PASSED] - M4_spin_bonus_spin_result = M4_spin_bonus_spin_result: null

2019-08-23 18:55:35 - [MESSAGE][PASSED] - Verify response successfully

2019-08-23 18:55:35 - [MESSAGE][PASSED] - Send request and verify the response successfully

2019-08-23 18:55:35 - [TEST_STEP][PASSED] - if (free_spin_reel_counter[0] &gt;= 1 &amp;&amp; free_spin_reel_counter[1] &gt;= 1 &amp;&amp; free_spin_reel_counter[2] &gt;= 1): null

2019-08-23 18:55:35 - [TEST_STEP][PASSED] - spin_result = sendRequestAndVerify(findTestObject("INT/RGS(M4)/1_M4_spin", ["M4_login_user_id":M4_login_user_id, "rgs_session_token":rgs_session_token, "partner":Partner])): Send request and verify the response successfully

2019-08-23 18:55:36 - [MESSAGE][INFO] - HAR: /Users/eiralee/Katalon_Script/SuperWild/Reports/20190823_184757/INT/superWild_1/20190823_184757/requests/main/182.har

2019-08-23 18:55:36 - [TEST_CASE][PASSED] - Start Test Case : Verification: Verification accomplished successfully

2019-08-23 18:55:36 - [TEST_STEP][PASSED] - request = getInstance().getCurrentRequest(): null

2019-08-23 18:55:36 - [TEST_STEP][PASSED] - response = getInstance().getCurrentResponse(): null

2019-08-23 18:55:36 - [TEST_STEP][PASSED] - verifyResponseStatusCode(response, 200): Verify response status code successfully

2019-08-23 18:55:36 - [MESSAGE][PASSED] - Verify response status code successfully

2019-08-23 18:55:36 - [TEST_STEP][PASSED] - getStatusCode()).isEqualTo(200): null

2019-08-23 18:55:36 - [TEST_STEP][PASSED] - newline = System.getProperty("line.separator"): null

2019-08-23 18:55:36 - [TEST_STEP][PASSED] - M4_spin = new groovy.json.JsonSlurper(): null

2019-08-23 18:55:36 - [TEST_STEP][PASSED] - result_M4_spin = M4_spin.parseText(response.getResponseBodyContent()): null

2019-08-23 18:55:36 - [TEST_STEP][PASSED] - M4_spin_current_balance = current_balance: null

2019-08-23 18:55:36 - [TEST_STEP][PASSED] - M4_spin_current_balance = M4_spin_current_balance: null

2019-08-23 18:55:36 - [TEST_STEP][PASSED] - M4_spin_transaction_id = causality: null

2019-08-23 18:55:36 - [TEST_STEP][PASSED] - M4_spin_transaction_id = M4_spin_transaction_id: null

2019-08-23 18:55:36 - [TEST_STEP][PASSED] - M4_spin_round_id = round_id: null

2019-08-23 18:55:36 - [TEST_STEP][PASSED] - M4_spin_round_id = M4_spin_round_id: null

2019-08-23 18:55:36 - [TEST_STEP][PASSED] - M4_spin_line_wins = line_wins: null

2019-08-23 18:55:36 - [TEST_STEP][PASSED] - M4_spin_line_wins = M4_spin_line_wins: null

2019-08-23 18:55:36 - [TEST_STEP][PASSED] - M4_total_bonus_spins_int = total_bonus_spins: null

2019-08-23 18:55:36 - [TEST_STEP][PASSED] - println("******M4_total_bonus_spins type is:*******" + newline + getClass().getName()): null

2019-08-23 18:55:36 - [TEST_STEP][PASSED] - M4_total_bonus_spins_int = M4_total_bonus_spins_int: null

2019-08-23 18:55:36 - [TEST_STEP][PASSED] - M4_total_bonus_spins = Integer.toString(M4_total_bonus_spins_int): null

2019-08-23 18:55:36 - [TEST_STEP][PASSED] - M4_total_bonus_spins = M4_total_bonus_spins: null

2019-08-23 18:55:36 - [TEST_STEP][PASSED] - println("M4_total_bonus_spins is:" + M4_total_bonus_spins): null

2019-08-23 18:55:36 - [TEST_STEP][PASSED] - M4_spin_bonus_data = bonus_data: null

2019-08-23 18:55:36 - [TEST_STEP][PASSED] - M4_spin_features_triggered = result_M4_spin: null

2019-08-23 18:55:36 - [TEST_STEP][PASSED] - wild = []: null

2019-08-23 18:55:36 - [TEST_STEP][PASSED] - wild[0] = "WILD_Expanding": null

2019-08-23 18:55:36 - [TEST_STEP][PASSED] - wild[1] = "WILD_Normal": null

2019-08-23 18:55:36 - [TEST_STEP][PASSED] - wild[2] = "WILD_Double": null

2019-08-23 18:55:36 - [TEST_STEP][PASSED] - wild[3] = "WILD_ExtraFG": null

2019-08-23 18:55:36 - [TEST_STEP][PASSED] - wild[4] = "WILD_Triple": null

2019-08-23 18:55:36 - [TEST_STEP][PASSED] - wildList = Arrays.asList(wild): null

2019-08-23 18:55:36 - [TEST_STEP][PASSED] - wildList = wildList: null

2019-08-23 18:55:36 - [TEST_STEP][PASSED] - free_spin_reel_counter = []: null

2019-08-23 18:55:36 - [TEST_STEP][PASSED] - free_spin_reel_counter[0] = 0: null

2019-08-23 18:55:36 - [TEST_STEP][PASSED] - free_spin_reel_counter[1] = 0: null

2019-08-23 18:55:36 - [TEST_STEP][PASSED] - free_spin_reel_counter[2] = 0: null

2019-08-23 18:55:36 - [TEST_STEP][PASSED] - M4_spin_reels = reels: null

2019-08-23 18:55:36 - [TEST_STEP][PASSED] - for ([i = 0, i &lt; M4_spin_reels.size(), (i++)]): null

2019-08-23 18:55:36 - [TEST_STEP][PASSED] - symbols = symbols: null

2019-08-23 18:55:36 - [TEST_STEP][PASSED] - for ([j = 0, j &lt; symbols.size(), (j++)]): null

2019-08-23 18:55:36 - [TEST_STEP][PASSED] - symbol = symbol: null

2019-08-23 18:55:36 - [TEST_STEP][PASSED] - println(symbol): null

2019-08-23 18:55:36 - [TEST_STEP][PASSED] - if (i == 2 &amp;&amp; wildList.indexOf(symbol) != -1): null

2019-08-23 18:55:36 - [TEST_STEP][PASSED] - if (i == 3 &amp;&amp; wildList.indexOf(symbol) != -1): null

2019-08-23 18:55:36 - [TEST_STEP][PASSED] - if (i == 4 &amp;&amp; wildList.indexOf(symbol) != -1): null

2019-08-23 18:55:36 - [TEST_STEP][PASSED] - symbol = symbol: null

2019-08-23 18:55:36 - [TEST_STEP][PASSED] - println(symbol): null

2019-08-23 18:55:36 - [TEST_STEP][PASSED] - if (i == 2 &amp;&amp; wildList.indexOf(symbol) != -1): null

2019-08-23 18:55:36 - [TEST_STEP][PASSED] - if (i == 3 &amp;&amp; wildList.indexOf(symbol) != -1): null

2019-08-23 18:55:36 - [TEST_STEP][PASSED] - if (i == 4 &amp;&amp; wildList.indexOf(symbol) != -1): null

2019-08-23 18:55:36 - [TEST_STEP][PASSED] - symbol = symbol: null

2019-08-23 18:55:36 - [TEST_STEP][PASSED] - println(symbol): null

2019-08-23 18:55:36 - [TEST_STEP][PASSED] - if (i == 2 &amp;&amp; wildList.indexOf(symbol) != -1): null

2019-08-23 18:55:36 - [TEST_STEP][PASSED] - if (i == 3 &amp;&amp; wildList.indexOf(symbol) != -1): null

2019-08-23 18:55:36 - [TEST_STEP][PASSED] - if (i == 4 &amp;&amp; wildList.indexOf(symbol) != -1): null

2019-08-23 18:55:36 - [TEST_STEP][PASSED] - symbols = symbols: null

2019-08-23 18:55:36 - [TEST_STEP][PASSED] - for ([j = 0, j &lt; symbols.size(), (j++)]): null

2019-08-23 18:55:36 - [TEST_STEP][PASSED] - symbol = symbol: null

2019-08-23 18:55:36 - [TEST_STEP][PASSED] - println(symbol): null

2019-08-23 18:55:36 - [TEST_STEP][PASSED] - if (i == 2 &amp;&amp; wildList.indexOf(symbol) != -1): null

2019-08-23 18:55:36 - [TEST_STEP][PASSED] - if (i == 3 &amp;&amp; wildList.indexOf(symbol) != -1): null

2019-08-23 18:55:36 - [TEST_STEP][PASSED] - if (i == 4 &amp;&amp; wildList.indexOf(symbol) != -1): null

2019-08-23 18:55:36 - [TEST_STEP][PASSED] - symbol = symbol: null

2019-08-23 18:55:36 - [TEST_STEP][PASSED] - println(symbol): null

2019-08-23 18:55:36 - [TEST_STEP][PASSED] - if (i == 2 &amp;&amp; wildList.indexOf(symbol) != -1): null

2019-08-23 18:55:36 - [TEST_STEP][PASSED] - if (i == 3 &amp;&amp; wildList.indexOf(symbol) != -1): null

2019-08-23 18:55:36 - [TEST_STEP][PASSED] - if (i == 4 &amp;&amp; wildList.indexOf(symbol) != -1): null

2019-08-23 18:55:36 - [TEST_STEP][PASSED] - symbol = symbol: null

2019-08-23 18:55:36 - [TEST_STEP][PASSED] - println(symbol): null

2019-08-23 18:55:36 - [TEST_STEP][PASSED] - if (i == 2 &amp;&amp; wildList.indexOf(symbol) != -1): null

2019-08-23 18:55:36 - [TEST_STEP][PASSED] - if (i == 3 &amp;&amp; wildList.indexOf(symbol) != -1): null

2019-08-23 18:55:36 - [TEST_STEP][PASSED] - if (i == 4 &amp;&amp; wildList.indexOf(symbol) != -1): null

2019-08-23 18:55:36 - [TEST_STEP][PASSED] - symbols = symbols: null

2019-08-23 18:55:36 - [TEST_STEP][PASSED] - for ([j = 0, j &lt; symbols.size(), (j++)]): null

2019-08-23 18:55:36 - [TEST_STEP][PASSED] - symbol = symbol: null

2019-08-23 18:55:36 - [TEST_STEP][PASSED] - println(symbol): null

2019-08-23 18:55:36 - [TEST_STEP][PASSED] - if (i == 2 &amp;&amp; wildList.indexOf(symbol) != -1): null

2019-08-23 18:55:36 - [TEST_STEP][PASSED] - if (i == 3 &amp;&amp; wildList.indexOf(symbol) != -1): null

2019-08-23 18:55:36 - [TEST_STEP][PASSED] - if (i == 4 &amp;&amp; wildList.indexOf(symbol) != -1): null

2019-08-23 18:55:36 - [TEST_STEP][PASSED] - symbol = symbol: null

2019-08-23 18:55:36 - [TEST_STEP][PASSED] - println(symbol): null

2019-08-23 18:55:36 - [TEST_STEP][PASSED] - if (i == 2 &amp;&amp; wildList.indexOf(symbol) != -1): null

2019-08-23 18:55:36 - [TEST_STEP][PASSED] - if (i == 3 &amp;&amp; wildList.indexOf(symbol) != -1): null

2019-08-23 18:55:36 - [TEST_STEP][PASSED] - if (i == 4 &amp;&amp; wildList.indexOf(symbol) != -1): null

2019-08-23 18:55:36 - [TEST_STEP][PASSED] - symbol = symbol: null

2019-08-23 18:55:36 - [TEST_STEP][PASSED] - println(symbol): null

2019-08-23 18:55:36 - [TEST_STEP][PASSED] - if (i == 2 &amp;&amp; wildList.indexOf(symbol) != -1): null

2019-08-23 18:55:36 - [TEST_STEP][PASSED] - if (i == 3 &amp;&amp; wildList.indexOf(symbol) != -1): null

2019-08-23 18:55:36 - [TEST_STEP][PASSED] - if (i == 4 &amp;&amp; wildList.indexOf(symbol) != -1): null

2019-08-23 18:55:36 - [TEST_STEP][PASSED] - symbols = symbols: null

2019-08-23 18:55:36 - [TEST_STEP][PASSED] - for ([j = 0, j &lt; symbols.size(), (j++)]): null

2019-08-23 18:55:36 - [TEST_STEP][PASSED] - symbol = symbol: null

2019-08-23 18:55:36 - [TEST_STEP][PASSED] - println(symbol): null

2019-08-23 18:55:36 - [TEST_STEP][PASSED] - if (i == 2 &amp;&amp; wildList.indexOf(symbol) != -1): null

2019-08-23 18:55:36 - [TEST_STEP][PASSED] - if (i == 3 &amp;&amp; wildList.indexOf(symbol) != -1): null

2019-08-23 18:55:36 - [TEST_STEP][PASSED] - if (i == 4 &amp;&amp; wildList.indexOf(symbol) != -1): null

2019-08-23 18:55:36 - [TEST_STEP][PASSED] - symbol = symbol: null

2019-08-23 18:55:36 - [TEST_STEP][PASSED] - println(symbol): null

2019-08-23 18:55:36 - [TEST_STEP][PASSED] - if (i == 2 &amp;&amp; wildList.indexOf(symbol) != -1): null

2019-08-23 18:55:36 - [TEST_STEP][PASSED] - if (i == 3 &amp;&amp; wildList.indexOf(symbol) != -1): null

2019-08-23 18:55:36 - [TEST_STEP][PASSED] - if (i == 4 &amp;&amp; wildList.indexOf(symbol) != -1): null

2019-08-23 18:55:36 - [TEST_STEP][PASSED] - symbol = symbol: null

2019-08-23 18:55:36 - [TEST_STEP][PASSED] - println(symbol): null

2019-08-23 18:55:36 - [TEST_STEP][PASSED] - if (i == 2 &amp;&amp; wildList.indexOf(symbol) != -1): null

2019-08-23 18:55:36 - [TEST_STEP][PASSED] - if (i == 3 &amp;&amp; wildList.indexOf(symbol) != -1): null

2019-08-23 18:55:36 - [TEST_STEP][PASSED] - if (i == 4 &amp;&amp; wildList.indexOf(symbol) != -1): null

2019-08-23 18:55:36 - [TEST_STEP][PASSED] - symbols = symbols: null

2019-08-23 18:55:36 - [TEST_STEP][PASSED] - for ([j = 0, j &lt; symbols.size(), (j++)]): null

2019-08-23 18:55:36 - [TEST_STEP][PASSED] - symbol = symbol: null

2019-08-23 18:55:36 - [TEST_STEP][PASSED] - println(symbol): null

2019-08-23 18:55:36 - [TEST_STEP][PASSED] - if (i == 2 &amp;&amp; wildList.indexOf(symbol) != -1): null

2019-08-23 18:55:36 - [TEST_STEP][PASSED] - if (i == 3 &amp;&amp; wildList.indexOf(symbol) != -1): null

2019-08-23 18:55:36 - [TEST_STEP][PASSED] - if (i == 4 &amp;&amp; wildList.indexOf(symbol) != -1): null

2019-08-23 18:55:36 - [TEST_STEP][PASSED] - symbol = symbol: null

2019-08-23 18:55:36 - [TEST_STEP][PASSED] - println(symbol): null

2019-08-23 18:55:36 - [TEST_STEP][PASSED] - if (i == 2 &amp;&amp; wildList.indexOf(symbol) != -1): null

2019-08-23 18:55:36 - [TEST_STEP][PASSED] - if (i == 3 &amp;&amp; wildList.indexOf(symbol) != -1): null

2019-08-23 18:55:36 - [TEST_STEP][PASSED] - if (i == 4 &amp;&amp; wildList.indexOf(symbol) != -1): null

2019-08-23 18:55:36 - [TEST_STEP][PASSED] - symbol = symbol: null

2019-08-23 18:55:36 - [TEST_STEP][PASSED] - println(symbol): null

2019-08-23 18:55:36 - [TEST_STEP][PASSED] - if (i == 2 &amp;&amp; wildList.indexOf(symbol) != -1): null

2019-08-23 18:55:36 - [TEST_STEP][PASSED] - if (i == 3 &amp;&amp; wildList.indexOf(symbol) != -1): null

2019-08-23 18:55:36 - [TEST_STEP][PASSED] - if (i == 4 &amp;&amp; wildList.indexOf(symbol) != -1): null

2019-08-23 18:55:36 - [TEST_STEP][PASSED] - free_spin_reel_counter = free_spin_reel_counter: null

2019-08-23 18:55:36 - [TEST_STEP][PASSED] - println("reel 3 wild found: " + free_spin_reel_counter[0]): null

2019-08-23 18:55:36 - [TEST_STEP][PASSED] - println("reel 4 wild found: " + free_spin_reel_counter[1]): null

2019-08-23 18:55:36 - [TEST_STEP][PASSED] - println("reel 5 wild found: " + free_spin_reel_counter[2]): null

2019-08-23 18:55:36 - [TEST_STEP][PASSED] - M4_spin_reels = M4_spin_reels: null

2019-08-23 18:55:36 - [TEST_STEP][PASSED] - M4_spin_reels_symbols = symbol: null

2019-08-23 18:55:36 - [TEST_STEP][PASSED] - M4_spin_reels_symbols = M4_spin_reels_symbols: null

2019-08-23 18:55:36 - [TEST_STEP][PASSED] - M4_spin_reel_wins = reel_wins: null

2019-08-23 18:55:36 - [TEST_STEP][PASSED] - M4_spin_reel_wins = M4_spin_reel_wins: null

2019-08-23 18:55:36 - [TEST_STEP][PASSED] - println("GlobalVariable.M4_spin_reel_wins is: " + M4_spin_reel_wins): null

2019-08-23 18:55:36 - [TEST_STEP][PASSED] - M4_spin_total_bonus_win_this_round = total_bonus_win_this_round: null

2019-08-23 18:55:36 - [TEST_STEP][PASSED] - M4_spin_total_bonus_win_this_round = M4_spin_total_bonus_win_this_round: null

2019-08-23 18:55:36 - [TEST_STEP][PASSED] - println("GlobalVariable.M4_spin_total_bonus_win_this_round is: " + M4_spin_total_bonus_win_this_round): null

2019-08-23 18:55:36 - [TEST_STEP][PASSED] - M4_spin_bonus_spin_result = spin_result: null

2019-08-23 18:55:36 - [TEST_STEP][PASSED] - M4_spin_bonus_spin_result = M4_spin_bonus_spin_result: null

2019-08-23 18:55:36 - [MESSAGE][PASSED] - Verify response successfully

2019-08-23 18:55:36 - [MESSAGE][PASSED] - Send request and verify the response successfully

2019-08-23 18:55:36 - [TEST_STEP][PASSED] - if (free_spin_reel_counter[0] &gt;= 1 &amp;&amp; free_spin_reel_counter[1] &gt;= 1 &amp;&amp; free_spin_reel_counter[2] &gt;= 1): null

2019-08-23 18:55:36 - [TEST_STEP][PASSED] - spin_result = sendRequestAndVerify(findTestObject("INT/RGS(M4)/1_M4_spin", ["M4_login_user_id":M4_login_user_id, "rgs_session_token":rgs_session_token, "partner":Partner])): Send request and verify the response successfully

2019-08-23 18:55:36 - [MESSAGE][INFO] - HAR: /Users/eiralee/Katalon_Script/SuperWild/Reports/20190823_184757/INT/superWild_1/20190823_184757/requests/main/183.har

2019-08-23 18:55:36 - [TEST_CASE][PASSED] - Start Test Case : Verification: Verification accomplished successfully

2019-08-23 18:55:36 - [TEST_STEP][PASSED] - request = getInstance().getCurrentRequest(): null

2019-08-23 18:55:37 - [TEST_STEP][PASSED] - response = getInstance().getCurrentResponse(): null

2019-08-23 18:55:37 - [TEST_STEP][PASSED] - verifyResponseStatusCode(response, 200): Verify response status code successfully

2019-08-23 18:55:37 - [MESSAGE][PASSED] - Verify response status code successfully

2019-08-23 18:55:37 - [TEST_STEP][PASSED] - getStatusCode()).isEqualTo(200): null

2019-08-23 18:55:37 - [TEST_STEP][PASSED] - newline = System.getProperty("line.separator"): null

2019-08-23 18:55:37 - [TEST_STEP][PASSED] - M4_spin = new groovy.json.JsonSlurper(): null

2019-08-23 18:55:37 - [TEST_STEP][PASSED] - result_M4_spin = M4_spin.parseText(response.getResponseBodyContent()): null

2019-08-23 18:55:37 - [TEST_STEP][PASSED] - M4_spin_current_balance = current_balance: null

2019-08-23 18:55:37 - [TEST_STEP][PASSED] - M4_spin_current_balance = M4_spin_current_balance: null

2019-08-23 18:55:37 - [TEST_STEP][PASSED] - M4_spin_transaction_id = causality: null

2019-08-23 18:55:37 - [TEST_STEP][PASSED] - M4_spin_transaction_id = M4_spin_transaction_id: null

2019-08-23 18:55:37 - [TEST_STEP][PASSED] - M4_spin_round_id = round_id: null

2019-08-23 18:55:37 - [TEST_STEP][PASSED] - M4_spin_round_id = M4_spin_round_id: null

2019-08-23 18:55:37 - [TEST_STEP][PASSED] - M4_spin_line_wins = line_wins: null

2019-08-23 18:55:37 - [TEST_STEP][PASSED] - M4_spin_line_wins = M4_spin_line_wins: null

2019-08-23 18:55:37 - [TEST_STEP][PASSED] - M4_total_bonus_spins_int = total_bonus_spins: null

2019-08-23 18:55:37 - [TEST_STEP][PASSED] - println("******M4_total_bonus_spins type is:*******" + newline + getClass().getName()): null

2019-08-23 18:55:37 - [TEST_STEP][PASSED] - M4_total_bonus_spins_int = M4_total_bonus_spins_int: null

2019-08-23 18:55:37 - [TEST_STEP][PASSED] - M4_total_bonus_spins = Integer.toString(M4_total_bonus_spins_int): null

2019-08-23 18:55:37 - [TEST_STEP][PASSED] - M4_total_bonus_spins = M4_total_bonus_spins: null

2019-08-23 18:55:37 - [TEST_STEP][PASSED] - println("M4_total_bonus_spins is:" + M4_total_bonus_spins): null

2019-08-23 18:55:37 - [TEST_STEP][PASSED] - M4_spin_bonus_data = bonus_data: null

2019-08-23 18:55:37 - [TEST_STEP][PASSED] - M4_spin_features_triggered = result_M4_spin: null

2019-08-23 18:55:37 - [TEST_STEP][PASSED] - wild = []: null

2019-08-23 18:55:37 - [TEST_STEP][PASSED] - wild[0] = "WILD_Expanding": null

2019-08-23 18:55:37 - [TEST_STEP][PASSED] - wild[1] = "WILD_Normal": null

2019-08-23 18:55:37 - [TEST_STEP][PASSED] - wild[2] = "WILD_Double": null

2019-08-23 18:55:37 - [TEST_STEP][PASSED] - wild[3] = "WILD_ExtraFG": null

2019-08-23 18:55:37 - [TEST_STEP][PASSED] - wild[4] = "WILD_Triple": null

2019-08-23 18:55:37 - [TEST_STEP][PASSED] - wildList = Arrays.asList(wild): null

2019-08-23 18:55:37 - [TEST_STEP][PASSED] - wildList = wildList: null

2019-08-23 18:55:37 - [TEST_STEP][PASSED] - free_spin_reel_counter = []: null

2019-08-23 18:55:37 - [TEST_STEP][PASSED] - free_spin_reel_counter[0] = 0: null

2019-08-23 18:55:37 - [TEST_STEP][PASSED] - free_spin_reel_counter[1] = 0: null

2019-08-23 18:55:37 - [TEST_STEP][PASSED] - free_spin_reel_counter[2] = 0: null

2019-08-23 18:55:37 - [TEST_STEP][PASSED] - M4_spin_reels = reels: null

2019-08-23 18:55:37 - [TEST_STEP][PASSED] - for ([i = 0, i &lt; M4_spin_reels.size(), (i++)]): null

2019-08-23 18:55:37 - [TEST_STEP][PASSED] - symbols = symbols: null

2019-08-23 18:55:37 - [TEST_STEP][PASSED] - for ([j = 0, j &lt; symbols.size(), (j++)]): null

2019-08-23 18:55:37 - [TEST_STEP][PASSED] - symbol = symbol: null

2019-08-23 18:55:37 - [TEST_STEP][PASSED] - println(symbol): null

2019-08-23 18:55:37 - [TEST_STEP][PASSED] - if (i == 2 &amp;&amp; wildList.indexOf(symbol) != -1): null

2019-08-23 18:55:37 - [TEST_STEP][PASSED] - if (i == 3 &amp;&amp; wildList.indexOf(symbol) != -1): null

2019-08-23 18:55:37 - [TEST_STEP][PASSED] - if (i == 4 &amp;&amp; wildList.indexOf(symbol) != -1): null

2019-08-23 18:55:37 - [TEST_STEP][PASSED] - symbol = symbol: null

2019-08-23 18:55:37 - [TEST_STEP][PASSED] - println(symbol): null

2019-08-23 18:55:37 - [TEST_STEP][PASSED] - if (i == 2 &amp;&amp; wildList.indexOf(symbol) != -1): null

2019-08-23 18:55:37 - [TEST_STEP][PASSED] - if (i == 3 &amp;&amp; wildList.indexOf(symbol) != -1): null

2019-08-23 18:55:37 - [TEST_STEP][PASSED] - if (i == 4 &amp;&amp; wildList.indexOf(symbol) != -1): null

2019-08-23 18:55:37 - [TEST_STEP][PASSED] - symbol = symbol: null

2019-08-23 18:55:37 - [TEST_STEP][PASSED] - println(symbol): null

2019-08-23 18:55:37 - [TEST_STEP][PASSED] - if (i == 2 &amp;&amp; wildList.indexOf(symbol) != -1): null

2019-08-23 18:55:37 - [TEST_STEP][PASSED] - if (i == 3 &amp;&amp; wildList.indexOf(symbol) != -1): null

2019-08-23 18:55:37 - [TEST_STEP][PASSED] - if (i == 4 &amp;&amp; wildList.indexOf(symbol) != -1): null

2019-08-23 18:55:37 - [TEST_STEP][PASSED] - symbols = symbols: null

2019-08-23 18:55:37 - [TEST_STEP][PASSED] - for ([j = 0, j &lt; symbols.size(), (j++)]): null

2019-08-23 18:55:37 - [TEST_STEP][PASSED] - symbol = symbol: null

2019-08-23 18:55:37 - [TEST_STEP][PASSED] - println(symbol): null

2019-08-23 18:55:37 - [TEST_STEP][PASSED] - if (i == 2 &amp;&amp; wildList.indexOf(symbol) != -1): null

2019-08-23 18:55:37 - [TEST_STEP][PASSED] - if (i == 3 &amp;&amp; wildList.indexOf(symbol) != -1): null

2019-08-23 18:55:37 - [TEST_STEP][PASSED] - if (i == 4 &amp;&amp; wildList.indexOf(symbol) != -1): null

2019-08-23 18:55:37 - [TEST_STEP][PASSED] - symbol = symbol: null

2019-08-23 18:55:37 - [TEST_STEP][PASSED] - println(symbol): null

2019-08-23 18:55:37 - [TEST_STEP][PASSED] - if (i == 2 &amp;&amp; wildList.indexOf(symbol) != -1): null

2019-08-23 18:55:37 - [TEST_STEP][PASSED] - if (i == 3 &amp;&amp; wildList.indexOf(symbol) != -1): null

2019-08-23 18:55:37 - [TEST_STEP][PASSED] - if (i == 4 &amp;&amp; wildList.indexOf(symbol) != -1): null

2019-08-23 18:55:37 - [TEST_STEP][PASSED] - symbol = symbol: null

2019-08-23 18:55:37 - [TEST_STEP][PASSED] - println(symbol): null

2019-08-23 18:55:37 - [TEST_STEP][PASSED] - if (i == 2 &amp;&amp; wildList.indexOf(symbol) != -1): null

2019-08-23 18:55:37 - [TEST_STEP][PASSED] - if (i == 3 &amp;&amp; wildList.indexOf(symbol) != -1): null

2019-08-23 18:55:37 - [TEST_STEP][PASSED] - if (i == 4 &amp;&amp; wildList.indexOf(symbol) != -1): null

2019-08-23 18:55:37 - [TEST_STEP][PASSED] - symbols = symbols: null

2019-08-23 18:55:37 - [TEST_STEP][PASSED] - for ([j = 0, j &lt; symbols.size(), (j++)]): null

2019-08-23 18:55:37 - [TEST_STEP][PASSED] - symbol = symbol: null

2019-08-23 18:55:37 - [TEST_STEP][PASSED] - println(symbol): null

2019-08-23 18:55:37 - [TEST_STEP][PASSED] - if (i == 2 &amp;&amp; wildList.indexOf(symbol) != -1): null

2019-08-23 18:55:37 - [TEST_STEP][PASSED] - if (i == 3 &amp;&amp; wildList.indexOf(symbol) != -1): null

2019-08-23 18:55:37 - [TEST_STEP][PASSED] - if (i == 4 &amp;&amp; wildList.indexOf(symbol) != -1): null

2019-08-23 18:55:37 - [TEST_STEP][PASSED] - symbol = symbol: null

2019-08-23 18:55:37 - [TEST_STEP][PASSED] - println(symbol): null

2019-08-23 18:55:37 - [TEST_STEP][PASSED] - if (i == 2 &amp;&amp; wildList.indexOf(symbol) != -1): null

2019-08-23 18:55:37 - [TEST_STEP][PASSED] - if (i == 3 &amp;&amp; wildList.indexOf(symbol) != -1): null

2019-08-23 18:55:37 - [TEST_STEP][PASSED] - if (i == 4 &amp;&amp; wildList.indexOf(symbol) != -1): null

2019-08-23 18:55:37 - [TEST_STEP][PASSED] - symbol = symbol: null

2019-08-23 18:55:37 - [TEST_STEP][PASSED] - println(symbol): null

2019-08-23 18:55:37 - [TEST_STEP][PASSED] - if (i == 2 &amp;&amp; wildList.indexOf(symbol) != -1): null

2019-08-23 18:55:37 - [TEST_STEP][PASSED] - if (i == 3 &amp;&amp; wildList.indexOf(symbol) != -1): null

2019-08-23 18:55:39 - [TEST_STEP][PASSED] - if (i == 4 &amp;&amp; wildList.indexOf(symbol) != -1): null

2019-08-23 18:55:39 - [TEST_STEP][PASSED] - symbols = symbols: null

2019-08-23 18:55:39 - [TEST_STEP][PASSED] - for ([j = 0, j &lt; symbols.size(), (j++)]): null

2019-08-23 18:55:39 - [TEST_STEP][PASSED] - symbol = symbol: null

2019-08-23 18:55:39 - [TEST_STEP][PASSED] - println(symbol): null

2019-08-23 18:55:39 - [TEST_STEP][PASSED] - if (i == 2 &amp;&amp; wildList.indexOf(symbol) != -1): null

2019-08-23 18:55:39 - [TEST_STEP][PASSED] - if (i == 3 &amp;&amp; wildList.indexOf(symbol) != -1): null

2019-08-23 18:55:39 - [TEST_STEP][PASSED] - if (i == 4 &amp;&amp; wildList.indexOf(symbol) != -1): null

2019-08-23 18:55:39 - [TEST_STEP][PASSED] - symbol = symbol: null

2019-08-23 18:55:39 - [TEST_STEP][PASSED] - println(symbol): null

2019-08-23 18:55:39 - [TEST_STEP][PASSED] - if (i == 2 &amp;&amp; wildList.indexOf(symbol) != -1): null

2019-08-23 18:55:39 - [TEST_STEP][PASSED] - if (i == 3 &amp;&amp; wildList.indexOf(symbol) != -1): null

2019-08-23 18:55:39 - [TEST_STEP][PASSED] - if (i == 4 &amp;&amp; wildList.indexOf(symbol) != -1): null

2019-08-23 18:55:39 - [TEST_STEP][PASSED] - symbol = symbol: null

2019-08-23 18:55:39 - [TEST_STEP][PASSED] - println(symbol): null

2019-08-23 18:55:39 - [TEST_STEP][PASSED] - if (i == 2 &amp;&amp; wildList.indexOf(symbol) != -1): null

2019-08-23 18:55:39 - [TEST_STEP][PASSED] - if (i == 3 &amp;&amp; wildList.indexOf(symbol) != -1): null

2019-08-23 18:55:39 - [TEST_STEP][PASSED] - if (i == 4 &amp;&amp; wildList.indexOf(symbol) != -1): null

2019-08-23 18:55:39 - [TEST_STEP][PASSED] - symbols = symbols: null

2019-08-23 18:55:39 - [TEST_STEP][PASSED] - for ([j = 0, j &lt; symbols.size(), (j++)]): null

2019-08-23 18:55:39 - [TEST_STEP][PASSED] - symbol = symbol: null

2019-08-23 18:55:39 - [TEST_STEP][PASSED] - println(symbol): null

2019-08-23 18:55:39 - [TEST_STEP][PASSED] - if (i == 2 &amp;&amp; wildList.indexOf(symbol) != -1): null

2019-08-23 18:55:39 - [TEST_STEP][PASSED] - if (i == 3 &amp;&amp; wildList.indexOf(symbol) != -1): null

2019-08-23 18:55:39 - [TEST_STEP][PASSED] - if (i == 4 &amp;&amp; wildList.indexOf(symbol) != -1): null

2019-08-23 18:55:39 - [TEST_STEP][PASSED] - symbol = symbol: null

2019-08-23 18:55:39 - [TEST_STEP][PASSED] - println(symbol): null

2019-08-23 18:55:39 - [TEST_STEP][PASSED] - if (i == 2 &amp;&amp; wildList.indexOf(symbol) != -1): null

2019-08-23 18:55:39 - [TEST_STEP][PASSED] - if (i == 3 &amp;&amp; wildList.indexOf(symbol) != -1): null

2019-08-23 18:55:39 - [TEST_STEP][PASSED] - if (i == 4 &amp;&amp; wildList.indexOf(symbol) != -1): null

2019-08-23 18:55:39 - [TEST_STEP][PASSED] - symbol = symbol: null

2019-08-23 18:55:39 - [TEST_STEP][PASSED] - println(symbol): null

2019-08-23 18:55:39 - [TEST_STEP][PASSED] - if (i == 2 &amp;&amp; wildList.indexOf(symbol) != -1): null

2019-08-23 18:55:39 - [TEST_STEP][PASSED] - if (i == 3 &amp;&amp; wildList.indexOf(symbol) != -1): null

2019-08-23 18:55:39 - [TEST_STEP][PASSED] - if (i == 4 &amp;&amp; wildList.indexOf(symbol) != -1): null

2019-08-23 18:55:39 - [TEST_STEP][PASSED] - free_spin_reel_counter = free_spin_reel_counter: null

2019-08-23 18:55:39 - [TEST_STEP][PASSED] - println("reel 3 wild found: " + free_spin_reel_counter[0]): null

2019-08-23 18:55:39 - [TEST_STEP][PASSED] - println("reel 4 wild found: " + free_spin_reel_counter[1]): null

2019-08-23 18:55:39 - [TEST_STEP][PASSED] - println("reel 5 wild found: " + free_spin_reel_counter[2]): null

2019-08-23 18:55:39 - [TEST_STEP][PASSED] - M4_spin_reels = M4_spin_reels: null

2019-08-23 18:55:39 - [TEST_STEP][PASSED] - M4_spin_reels_symbols = symbol: null

2019-08-23 18:55:39 - [TEST_STEP][PASSED] - M4_spin_reels_symbols = M4_spin_reels_symbols: null

2019-08-23 18:55:39 - [TEST_STEP][PASSED] - M4_spin_reel_wins = reel_wins: null

2019-08-23 18:55:39 - [TEST_STEP][PASSED] - M4_spin_reel_wins = M4_spin_reel_wins: null

2019-08-23 18:55:39 - [TEST_STEP][PASSED] - println("GlobalVariable.M4_spin_reel_wins is: " + M4_spin_reel_wins): null

2019-08-23 18:55:39 - [TEST_STEP][PASSED] - M4_spin_total_bonus_win_this_round = total_bonus_win_this_round: null

2019-08-23 18:55:39 - [TEST_STEP][PASSED] - M4_spin_total_bonus_win_this_round = M4_spin_total_bonus_win_this_round: null

2019-08-23 18:55:39 - [TEST_STEP][PASSED] - println("GlobalVariable.M4_spin_total_bonus_win_this_round is: " + M4_spin_total_bonus_win_this_round): null

2019-08-23 18:55:39 - [TEST_STEP][PASSED] - M4_spin_bonus_spin_result = spin_result: null

2019-08-23 18:55:39 - [TEST_STEP][PASSED] - M4_spin_bonus_spin_result = M4_spin_bonus_spin_result: null

2019-08-23 18:55:39 - [MESSAGE][PASSED] - Verify response successfully

2019-08-23 18:55:39 - [MESSAGE][PASSED] - Send request and verify the response successfully

2019-08-23 18:55:39 - [TEST_STEP][PASSED] - if (free_spin_reel_counter[0] &gt;= 1 &amp;&amp; free_spin_reel_counter[1] &gt;= 1 &amp;&amp; free_spin_reel_counter[2] &gt;= 1): null

2019-08-23 18:55:39 - [TEST_STEP][PASSED] - spin_result = sendRequestAndVerify(findTestObject("INT/RGS(M4)/1_M4_spin", ["M4_login_user_id":M4_login_user_id, "rgs_session_token":rgs_session_token, "partner":Partner])): Send request and verify the response successfully

2019-08-23 18:55:39 - [MESSAGE][INFO] - HAR: /Users/eiralee/Katalon_Script/SuperWild/Reports/20190823_184757/INT/superWild_1/20190823_184757/requests/main/184.har

2019-08-23 18:55:39 - [TEST_CASE][PASSED] - Start Test Case : Verification: Verification accomplished successfully

2019-08-23 18:55:39 - [TEST_STEP][PASSED] - request = getInstance().getCurrentRequest(): null

2019-08-23 18:55:39 - [TEST_STEP][PASSED] - response = getInstance().getCurrentResponse(): null

2019-08-23 18:55:39 - [TEST_STEP][PASSED] - verifyResponseStatusCode(response, 200): Verify response status code successfully

2019-08-23 18:55:39 - [MESSAGE][PASSED] - Verify response status code successfully

2019-08-23 18:55:39 - [TEST_STEP][PASSED] - getStatusCode()).isEqualTo(200): null

2019-08-23 18:55:39 - [TEST_STEP][PASSED] - newline = System.getProperty("line.separator"): null

2019-08-23 18:55:39 - [TEST_STEP][PASSED] - M4_spin = new groovy.json.JsonSlurper(): null

2019-08-23 18:55:39 - [TEST_STEP][PASSED] - result_M4_spin = M4_spin.parseText(response.getResponseBodyContent()): null

2019-08-23 18:55:39 - [TEST_STEP][PASSED] - M4_spin_current_balance = current_balance: null

2019-08-23 18:55:39 - [TEST_STEP][PASSED] - M4_spin_current_balance = M4_spin_current_balance: null

2019-08-23 18:55:39 - [TEST_STEP][PASSED] - M4_spin_transaction_id = causality: null

2019-08-23 18:55:39 - [TEST_STEP][PASSED] - M4_spin_transaction_id = M4_spin_transaction_id: null

2019-08-23 18:55:39 - [TEST_STEP][PASSED] - M4_spin_round_id = round_id: null

2019-08-23 18:55:39 - [TEST_STEP][PASSED] - M4_spin_round_id = M4_spin_round_id: null

2019-08-23 18:55:39 - [TEST_STEP][PASSED] - M4_spin_line_wins = line_wins: null

2019-08-23 18:55:39 - [TEST_STEP][PASSED] - M4_spin_line_wins = M4_spin_line_wins: null

2019-08-23 18:55:39 - [TEST_STEP][PASSED] - M4_total_bonus_spins_int = total_bonus_spins: null

2019-08-23 18:55:39 - [TEST_STEP][PASSED] - println("******M4_total_bonus_spins type is:*******" + newline + getClass().getName()): null

2019-08-23 18:55:39 - [TEST_STEP][PASSED] - M4_total_bonus_spins_int = M4_total_bonus_spins_int: null

2019-08-23 18:55:39 - [TEST_STEP][PASSED] - M4_total_bonus_spins = Integer.toString(M4_total_bonus_spins_int): null

2019-08-23 18:55:39 - [TEST_STEP][PASSED] - M4_total_bonus_spins = M4_total_bonus_spins: null

2019-08-23 18:55:39 - [TEST_STEP][PASSED] - println("M4_total_bonus_spins is:" + M4_total_bonus_spins): null

2019-08-23 18:55:39 - [TEST_STEP][PASSED] - M4_spin_bonus_data = bonus_data: null

2019-08-23 18:55:39 - [TEST_STEP][PASSED] - M4_spin_features_triggered = result_M4_spin: null

2019-08-23 18:55:39 - [TEST_STEP][PASSED] - wild = []: null

2019-08-23 18:55:39 - [TEST_STEP][PASSED] - wild[0] = "WILD_Expanding": null

2019-08-23 18:55:39 - [TEST_STEP][PASSED] - wild[1] = "WILD_Normal": null

2019-08-23 18:55:39 - [TEST_STEP][PASSED] - wild[2] = "WILD_Double": null

2019-08-23 18:55:39 - [TEST_STEP][PASSED] - wild[3] = "WILD_ExtraFG": null

2019-08-23 18:55:39 - [TEST_STEP][PASSED] - wild[4] = "WILD_Triple": null

2019-08-23 18:55:39 - [TEST_STEP][PASSED] - wildList = Arrays.asList(wild): null

2019-08-23 18:55:39 - [TEST_STEP][PASSED] - wildList = wildList: null

2019-08-23 18:55:39 - [TEST_STEP][PASSED] - free_spin_reel_counter = []: null

2019-08-23 18:55:39 - [TEST_STEP][PASSED] - free_spin_reel_counter[0] = 0: null

2019-08-23 18:55:39 - [TEST_STEP][PASSED] - free_spin_reel_counter[1] = 0: null

2019-08-23 18:55:39 - [TEST_STEP][PASSED] - free_spin_reel_counter[2] = 0: null

2019-08-23 18:55:39 - [TEST_STEP][PASSED] - M4_spin_reels = reels: null

2019-08-23 18:55:39 - [TEST_STEP][PASSED] - for ([i = 0, i &lt; M4_spin_reels.size(), (i++)]): null

2019-08-23 18:55:39 - [TEST_STEP][PASSED] - symbols = symbols: null

2019-08-23 18:55:39 - [TEST_STEP][PASSED] - for ([j = 0, j &lt; symbols.size(), (j++)]): null

2019-08-23 18:55:39 - [TEST_STEP][PASSED] - symbol = symbol: null

2019-08-23 18:55:39 - [TEST_STEP][PASSED] - println(symbol): null

2019-08-23 18:55:39 - [TEST_STEP][PASSED] - if (i == 2 &amp;&amp; wildList.indexOf(symbol) != -1): null

2019-08-23 18:55:39 - [TEST_STEP][PASSED] - if (i == 3 &amp;&amp; wildList.indexOf(symbol) != -1): null

2019-08-23 18:55:39 - [TEST_STEP][PASSED] - if (i == 4 &amp;&amp; wildList.indexOf(symbol) != -1): null

2019-08-23 18:55:39 - [TEST_STEP][PASSED] - symbol = symbol: null

2019-08-23 18:55:39 - [TEST_STEP][PASSED] - println(symbol): null

2019-08-23 18:55:39 - [TEST_STEP][PASSED] - if (i == 2 &amp;&amp; wildList.indexOf(symbol) != -1): null

2019-08-23 18:55:39 - [TEST_STEP][PASSED] - if (i == 3 &amp;&amp; wildList.indexOf(symbol) != -1): null

2019-08-23 18:55:39 - [TEST_STEP][PASSED] - if (i == 4 &amp;&amp; wildList.indexOf(symbol) != -1): null

2019-08-23 18:55:39 - [TEST_STEP][PASSED] - symbol = symbol: null

2019-08-23 18:55:39 - [TEST_STEP][PASSED] - println(symbol): null

2019-08-23 18:55:39 - [TEST_STEP][PASSED] - if (i == 2 &amp;&amp; wildList.indexOf(symbol) != -1): null

2019-08-23 18:55:39 - [TEST_STEP][PASSED] - if (i == 3 &amp;&amp; wildList.indexOf(symbol) != -1): null

2019-08-23 18:55:39 - [TEST_STEP][PASSED] - if (i == 4 &amp;&amp; wildList.indexOf(symbol) != -1): null

2019-08-23 18:55:39 - [TEST_STEP][PASSED] - symbols = symbols: null

2019-08-23 18:55:39 - [TEST_STEP][PASSED] - for ([j = 0, j &lt; symbols.size(), (j++)]): null

2019-08-23 18:55:39 - [TEST_STEP][PASSED] - symbol = symbol: null

2019-08-23 18:55:39 - [TEST_STEP][PASSED] - println(symbol): null

2019-08-23 18:55:39 - [TEST_STEP][PASSED] - if (i == 2 &amp;&amp; wildList.indexOf(symbol) != -1): null

2019-08-23 18:55:39 - [TEST_STEP][PASSED] - if (i == 3 &amp;&amp; wildList.indexOf(symbol) != -1): null

2019-08-23 18:55:39 - [TEST_STEP][PASSED] - if (i == 4 &amp;&amp; wildList.indexOf(symbol) != -1): null

2019-08-23 18:55:39 - [TEST_STEP][PASSED] - symbol = symbol: null

2019-08-23 18:55:39 - [TEST_STEP][PASSED] - println(symbol): null

2019-08-23 18:55:39 - [TEST_STEP][PASSED] - if (i == 2 &amp;&amp; wildList.indexOf(symbol) != -1): null

2019-08-23 18:55:39 - [TEST_STEP][PASSED] - if (i == 3 &amp;&amp; wildList.indexOf(symbol) != -1): null

2019-08-23 18:55:39 - [TEST_STEP][PASSED] - if (i == 4 &amp;&amp; wildList.indexOf(symbol) != -1): null

2019-08-23 18:55:39 - [TEST_STEP][PASSED] - symbol = symbol: null

2019-08-23 18:55:39 - [TEST_STEP][PASSED] - println(symbol): null

2019-08-23 18:55:39 - [TEST_STEP][PASSED] - if (i == 2 &amp;&amp; wildList.indexOf(symbol) != -1): null

2019-08-23 18:55:39 - [TEST_STEP][PASSED] - if (i == 3 &amp;&amp; wildList.indexOf(symbol) != -1): null

2019-08-23 18:55:39 - [TEST_STEP][PASSED] - if (i == 4 &amp;&amp; wildList.indexOf(symbol) != -1): null

2019-08-23 18:55:39 - [TEST_STEP][PASSED] - symbols = symbols: null

2019-08-23 18:55:39 - [TEST_STEP][PASSED] - for ([j = 0, j &lt; symbols.size(), (j++)]): null

2019-08-23 18:55:39 - [TEST_STEP][PASSED] - symbol = symbol: null

2019-08-23 18:55:39 - [TEST_STEP][PASSED] - println(symbol): null

2019-08-23 18:55:39 - [TEST_STEP][PASSED] - if (i == 2 &amp;&amp; wildList.indexOf(symbol) != -1): null

2019-08-23 18:55:39 - [TEST_STEP][PASSED] - println("wild found on reel 3, adding counter by 1"): null

2019-08-23 18:55:39 - [TEST_STEP][PASSED] - free_spin_reel_counter[0] = free_spin_reel_counter[0] + 1: null

2019-08-23 18:55:39 - [TEST_STEP][PASSED] - if (i == 3 &amp;&amp; wildList.indexOf(symbol) != -1): null

2019-08-23 18:55:39 - [TEST_STEP][PASSED] - if (i == 4 &amp;&amp; wildList.indexOf(symbol) != -1): null

2019-08-23 18:55:39 - [TEST_STEP][PASSED] - symbol = symbol: null

2019-08-23 18:55:39 - [TEST_STEP][PASSED] - println(symbol): null

2019-08-23 18:55:39 - [TEST_STEP][PASSED] - if (i == 2 &amp;&amp; wildList.indexOf(symbol) != -1): null

2019-08-23 18:55:39 - [TEST_STEP][PASSED] - if (i == 3 &amp;&amp; wildList.indexOf(symbol) != -1): null

2019-08-23 18:55:39 - [TEST_STEP][PASSED] - if (i == 4 &amp;&amp; wildList.indexOf(symbol) != -1): null

2019-08-23 18:55:39 - [TEST_STEP][PASSED] - symbol = symbol: null

2019-08-23 18:55:39 - [TEST_STEP][PASSED] - println(symbol): null

2019-08-23 18:55:39 - [TEST_STEP][PASSED] - if (i == 2 &amp;&amp; wildList.indexOf(symbol) != -1): null

2019-08-23 18:55:39 - [TEST_STEP][PASSED] - if (i == 3 &amp;&amp; wildList.indexOf(symbol) != -1): null

2019-08-23 18:55:39 - [TEST_STEP][PASSED] - if (i == 4 &amp;&amp; wildList.indexOf(symbol) != -1): null

2019-08-23 18:55:39 - [TEST_STEP][PASSED] - symbols = symbols: null

2019-08-23 18:55:39 - [TEST_STEP][PASSED] - for ([j = 0, j &lt; symbols.size(), (j++)]): null

2019-08-23 18:55:39 - [TEST_STEP][PASSED] - symbol = symbol: null

2019-08-23 18:55:39 - [TEST_STEP][PASSED] - println(symbol): null

2019-08-23 18:55:39 - [TEST_STEP][PASSED] - if (i == 2 &amp;&amp; wildList.indexOf(symbol) != -1): null

2019-08-23 18:55:39 - [TEST_STEP][PASSED] - if (i == 3 &amp;&amp; wildList.indexOf(symbol) != -1): null

2019-08-23 18:55:39 - [TEST_STEP][PASSED] - if (i == 4 &amp;&amp; wildList.indexOf(symbol) != -1): null

2019-08-23 18:55:39 - [TEST_STEP][PASSED] - symbol = symbol: null

2019-08-23 18:55:39 - [TEST_STEP][PASSED] - println(symbol): null

2019-08-23 18:55:39 - [TEST_STEP][PASSED] - if (i == 2 &amp;&amp; wildList.indexOf(symbol) != -1): null

2019-08-23 18:55:39 - [TEST_STEP][PASSED] - if (i == 3 &amp;&amp; wildList.indexOf(symbol) != -1): null

2019-08-23 18:55:39 - [TEST_STEP][PASSED] - if (i == 4 &amp;&amp; wildList.indexOf(symbol) != -1): null

2019-08-23 18:55:39 - [TEST_STEP][PASSED] - symbol = symbol: null

2019-08-23 18:55:39 - [TEST_STEP][PASSED] - println(symbol): null

2019-08-23 18:55:39 - [TEST_STEP][PASSED] - if (i == 2 &amp;&amp; wildList.indexOf(symbol) != -1): null

2019-08-23 18:55:39 - [TEST_STEP][PASSED] - if (i == 3 &amp;&amp; wildList.indexOf(symbol) != -1): null

2019-08-23 18:55:39 - [TEST_STEP][PASSED] - if (i == 4 &amp;&amp; wildList.indexOf(symbol) != -1): null

2019-08-23 18:55:39 - [TEST_STEP][PASSED] - symbols = symbols: null

2019-08-23 18:55:39 - [TEST_STEP][PASSED] - for ([j = 0, j &lt; symbols.size(), (j++)]): null

2019-08-23 18:55:39 - [TEST_STEP][PASSED] - symbol = symbol: null

2019-08-23 18:55:39 - [TEST_STEP][PASSED] - println(symbol): null

2019-08-23 18:55:39 - [TEST_STEP][PASSED] - if (i == 2 &amp;&amp; wildList.indexOf(symbol) != -1): null

2019-08-23 18:55:39 - [TEST_STEP][PASSED] - if (i == 3 &amp;&amp; wildList.indexOf(symbol) != -1): null

2019-08-23 18:55:39 - [TEST_STEP][PASSED] - if (i == 4 &amp;&amp; wildList.indexOf(symbol) != -1): null

2019-08-23 18:55:39 - [TEST_STEP][PASSED] - symbol = symbol: null

2019-08-23 18:55:39 - [TEST_STEP][PASSED] - println(symbol): null

2019-08-23 18:55:39 - [TEST_STEP][PASSED] - if (i == 2 &amp;&amp; wildList.indexOf(symbol) != -1): null

2019-08-23 18:55:39 - [TEST_STEP][PASSED] - if (i == 3 &amp;&amp; wildList.indexOf(symbol) != -1): null

2019-08-23 18:55:39 - [TEST_STEP][PASSED] - if (i == 4 &amp;&amp; wildList.indexOf(symbol) != -1): null

2019-08-23 18:55:39 - [TEST_STEP][PASSED] - symbol = symbol: null

2019-08-23 18:55:39 - [TEST_STEP][PASSED] - println(symbol): null

2019-08-23 18:55:39 - [TEST_STEP][PASSED] - if (i == 2 &amp;&amp; wildList.indexOf(symbol) != -1): null

2019-08-23 18:55:39 - [TEST_STEP][PASSED] - if (i == 3 &amp;&amp; wildList.indexOf(symbol) != -1): null

2019-08-23 18:55:39 - [TEST_STEP][PASSED] - if (i == 4 &amp;&amp; wildList.indexOf(symbol) != -1): null

2019-08-23 18:55:39 - [TEST_STEP][PASSED] - free_spin_reel_counter = free_spin_reel_counter: null

2019-08-23 18:55:39 - [TEST_STEP][PASSED] - println("reel 3 wild found: " + free_spin_reel_counter[0]): null

2019-08-23 18:55:39 - [TEST_STEP][PASSED] - println("reel 4 wild found: " + free_spin_reel_counter[1]): null

2019-08-23 18:55:39 - [TEST_STEP][PASSED] - println("reel 5 wild found: " + free_spin_reel_counter[2]): null

2019-08-23 18:55:39 - [TEST_STEP][PASSED] - M4_spin_reels = M4_spin_reels: null

2019-08-23 18:55:39 - [TEST_STEP][PASSED] - M4_spin_reels_symbols = symbol: null

2019-08-23 18:55:39 - [TEST_STEP][PASSED] - M4_spin_reels_symbols = M4_spin_reels_symbols: null

2019-08-23 18:55:39 - [TEST_STEP][PASSED] - M4_spin_reel_wins = reel_wins: null

2019-08-23 18:55:39 - [TEST_STEP][PASSED] - M4_spin_reel_wins = M4_spin_reel_wins: null

2019-08-23 18:55:39 - [TEST_STEP][PASSED] - println("GlobalVariable.M4_spin_reel_wins is: " + M4_spin_reel_wins): null

2019-08-23 18:55:39 - [TEST_STEP][PASSED] - M4_spin_total_bonus_win_this_round = total_bonus_win_this_round: null

2019-08-23 18:55:39 - [TEST_STEP][PASSED] - M4_spin_total_bonus_win_this_round = M4_spin_total_bonus_win_this_round: null

2019-08-23 18:55:39 - [TEST_STEP][PASSED] - println("GlobalVariable.M4_spin_total_bonus_win_this_round is: " + M4_spin_total_bonus_win_this_round): null

2019-08-23 18:55:39 - [TEST_STEP][PASSED] - M4_spin_bonus_spin_result = spin_result: null

2019-08-23 18:55:39 - [TEST_STEP][PASSED] - M4_spin_bonus_spin_result = M4_spin_bonus_spin_result: null

2019-08-23 18:55:39 - [MESSAGE][PASSED] - Verify response successfully

2019-08-23 18:55:39 - [MESSAGE][PASSED] - Send request and verify the response successfully

2019-08-23 18:55:39 - [TEST_STEP][PASSED] - if (free_spin_reel_counter[0] &gt;= 1 &amp;&amp; free_spin_reel_counter[1] &gt;= 1 &amp;&amp; free_spin_reel_counter[2] &gt;= 1): null

2019-08-23 18:55:39 - [TEST_STEP][PASSED] - spin_result = sendRequestAndVerify(findTestObject("INT/RGS(M4)/1_M4_spin", ["M4_login_user_id":M4_login_user_id, "rgs_session_token":rgs_session_token, "partner":Partner])): Send request and verify the response successfully

2019-08-23 18:55:40 - [MESSAGE][INFO] - HAR: /Users/eiralee/Katalon_Script/SuperWild/Reports/20190823_184757/INT/superWild_1/20190823_184757/requests/main/185.har

2019-08-23 18:55:40 - [TEST_CASE][PASSED] - Start Test Case : Verification: Verification accomplished successfully

2019-08-23 18:55:40 - [TEST_STEP][PASSED] - request = getInstance().getCurrentRequest(): null

2019-08-23 18:55:40 - [TEST_STEP][PASSED] - response = getInstance().getCurrentResponse(): null

2019-08-23 18:55:40 - [TEST_STEP][PASSED] - verifyResponseStatusCode(response, 200): Verify response status code successfully

2019-08-23 18:55:40 - [MESSAGE][PASSED] - Verify response status code successfully

2019-08-23 18:55:40 - [TEST_STEP][PASSED] - getStatusCode()).isEqualTo(200): null

2019-08-23 18:55:40 - [TEST_STEP][PASSED] - newline = System.getProperty("line.separator"): null

2019-08-23 18:55:40 - [TEST_STEP][PASSED] - M4_spin = new groovy.json.JsonSlurper(): null

2019-08-23 18:55:40 - [TEST_STEP][PASSED] - result_M4_spin = M4_spin.parseText(response.getResponseBodyContent()): null

2019-08-23 18:55:40 - [TEST_STEP][PASSED] - M4_spin_current_balance = current_balance: null

2019-08-23 18:55:40 - [TEST_STEP][PASSED] - M4_spin_current_balance = M4_spin_current_balance: null

2019-08-23 18:55:40 - [TEST_STEP][PASSED] - M4_spin_transaction_id = causality: null

2019-08-23 18:55:40 - [TEST_STEP][PASSED] - M4_spin_transaction_id = M4_spin_transaction_id: null

2019-08-23 18:55:40 - [TEST_STEP][PASSED] - M4_spin_round_id = round_id: null

2019-08-23 18:55:40 - [TEST_STEP][PASSED] - M4_spin_round_id = M4_spin_round_id: null

2019-08-23 18:55:40 - [TEST_STEP][PASSED] - M4_spin_line_wins = line_wins: null

2019-08-23 18:55:40 - [TEST_STEP][PASSED] - M4_spin_line_wins = M4_spin_line_wins: null

2019-08-23 18:55:40 - [TEST_STEP][PASSED] - M4_total_bonus_spins_int = total_bonus_spins: null

2019-08-23 18:55:40 - [TEST_STEP][PASSED] - println("******M4_total_bonus_spins type is:*******" + newline + getClass().getName()): null

2019-08-23 18:55:40 - [TEST_STEP][PASSED] - M4_total_bonus_spins_int = M4_total_bonus_spins_int: null

2019-08-23 18:55:40 - [TEST_STEP][PASSED] - M4_total_bonus_spins = Integer.toString(M4_total_bonus_spins_int): null

2019-08-23 18:55:40 - [TEST_STEP][PASSED] - M4_total_bonus_spins = M4_total_bonus_spins: null

2019-08-23 18:55:40 - [TEST_STEP][PASSED] - println("M4_total_bonus_spins is:" + M4_total_bonus_spins): null

2019-08-23 18:55:40 - [TEST_STEP][PASSED] - M4_spin_bonus_data = bonus_data: null

2019-08-23 18:55:40 - [TEST_STEP][PASSED] - M4_spin_features_triggered = result_M4_spin: null

2019-08-23 18:55:40 - [TEST_STEP][PASSED] - wild = []: null

2019-08-23 18:55:40 - [TEST_STEP][PASSED] - wild[0] = "WILD_Expanding": null

2019-08-23 18:55:40 - [TEST_STEP][PASSED] - wild[1] = "WILD_Normal": null

2019-08-23 18:55:40 - [TEST_STEP][PASSED] - wild[2] = "WILD_Double": null

2019-08-23 18:55:40 - [TEST_STEP][PASSED] - wild[3] = "WILD_ExtraFG": null

2019-08-23 18:55:40 - [TEST_STEP][PASSED] - wild[4] = "WILD_Triple": null

2019-08-23 18:55:40 - [TEST_STEP][PASSED] - wildList = Arrays.asList(wild): null

2019-08-23 18:55:40 - [TEST_STEP][PASSED] - wildList = wildList: null

2019-08-23 18:55:40 - [TEST_STEP][PASSED] - free_spin_reel_counter = []: null

2019-08-23 18:55:40 - [TEST_STEP][PASSED] - free_spin_reel_counter[0] = 0: null

2019-08-23 18:55:40 - [TEST_STEP][PASSED] - free_spin_reel_counter[1] = 0: null

2019-08-23 18:55:40 - [TEST_STEP][PASSED] - free_spin_reel_counter[2] = 0: null

2019-08-23 18:55:40 - [TEST_STEP][PASSED] - M4_spin_reels = reels: null

2019-08-23 18:55:40 - [TEST_STEP][PASSED] - for ([i = 0, i &lt; M4_spin_reels.size(), (i++)]): null

2019-08-23 18:55:40 - [TEST_STEP][PASSED] - symbols = symbols: null

2019-08-23 18:55:40 - [TEST_STEP][PASSED] - for ([j = 0, j &lt; symbols.size(), (j++)]): null

2019-08-23 18:55:40 - [TEST_STEP][PASSED] - symbol = symbol: null

2019-08-23 18:55:40 - [TEST_STEP][PASSED] - println(symbol): null

2019-08-23 18:55:40 - [TEST_STEP][PASSED] - if (i == 2 &amp;&amp; wildList.indexOf(symbol) != -1): null

2019-08-23 18:55:40 - [TEST_STEP][PASSED] - if (i == 3 &amp;&amp; wildList.indexOf(symbol) != -1): null

2019-08-23 18:55:40 - [TEST_STEP][PASSED] - if (i == 4 &amp;&amp; wildList.indexOf(symbol) != -1): null

2019-08-23 18:55:40 - [TEST_STEP][PASSED] - symbol = symbol: null

2019-08-23 18:55:40 - [TEST_STEP][PASSED] - println(symbol): null

2019-08-23 18:55:40 - [TEST_STEP][PASSED] - if (i == 2 &amp;&amp; wildList.indexOf(symbol) != -1): null

2019-08-23 18:55:40 - [TEST_STEP][PASSED] - if (i == 3 &amp;&amp; wildList.indexOf(symbol) != -1): null

2019-08-23 18:55:40 - [TEST_STEP][PASSED] - if (i == 4 &amp;&amp; wildList.indexOf(symbol) != -1): null

2019-08-23 18:55:40 - [TEST_STEP][PASSED] - symbol = symbol: null

2019-08-23 18:55:40 - [TEST_STEP][PASSED] - println(symbol): null

2019-08-23 18:55:40 - [TEST_STEP][PASSED] - if (i == 2 &amp;&amp; wildList.indexOf(symbol) != -1): null

2019-08-23 18:55:40 - [TEST_STEP][PASSED] - if (i == 3 &amp;&amp; wildList.indexOf(symbol) != -1): null

2019-08-23 18:55:40 - [TEST_STEP][PASSED] - if (i == 4 &amp;&amp; wildList.indexOf(symbol) != -1): null

2019-08-23 18:55:40 - [TEST_STEP][PASSED] - symbols = symbols: null

2019-08-23 18:55:40 - [TEST_STEP][PASSED] - for ([j = 0, j &lt; symbols.size(), (j++)]): null

2019-08-23 18:55:40 - [TEST_STEP][PASSED] - symbol = symbol: null

2019-08-23 18:55:40 - [TEST_STEP][PASSED] - println(symbol): null

2019-08-23 18:55:40 - [TEST_STEP][PASSED] - if (i == 2 &amp;&amp; wildList.indexOf(symbol) != -1): null

2019-08-23 18:55:40 - [TEST_STEP][PASSED] - if (i == 3 &amp;&amp; wildList.indexOf(symbol) != -1): null

2019-08-23 18:55:40 - [TEST_STEP][PASSED] - if (i == 4 &amp;&amp; wildList.indexOf(symbol) != -1): null

2019-08-23 18:55:40 - [TEST_STEP][PASSED] - symbol = symbol: null

2019-08-23 18:55:40 - [TEST_STEP][PASSED] - println(symbol): null

2019-08-23 18:55:40 - [TEST_STEP][PASSED] - if (i == 2 &amp;&amp; wildList.indexOf(symbol) != -1): null

2019-08-23 18:55:40 - [TEST_STEP][PASSED] - if (i == 3 &amp;&amp; wildList.indexOf(symbol) != -1): null

2019-08-23 18:55:40 - [TEST_STEP][PASSED] - if (i == 4 &amp;&amp; wildList.indexOf(symbol) != -1): null

2019-08-23 18:55:40 - [TEST_STEP][PASSED] - symbol = symbol: null

2019-08-23 18:55:40 - [TEST_STEP][PASSED] - println(symbol): null

2019-08-23 18:55:40 - [TEST_STEP][PASSED] - if (i == 2 &amp;&amp; wildList.indexOf(symbol) != -1): null

2019-08-23 18:55:40 - [TEST_STEP][PASSED] - if (i == 3 &amp;&amp; wildList.indexOf(symbol) != -1): null

2019-08-23 18:55:40 - [TEST_STEP][PASSED] - if (i == 4 &amp;&amp; wildList.indexOf(symbol) != -1): null

2019-08-23 18:55:40 - [TEST_STEP][PASSED] - symbols = symbols: null

2019-08-23 18:55:40 - [TEST_STEP][PASSED] - for ([j = 0, j &lt; symbols.size(), (j++)]): null

2019-08-23 18:55:40 - [TEST_STEP][PASSED] - symbol = symbol: null

2019-08-23 18:55:40 - [TEST_STEP][PASSED] - println(symbol): null

2019-08-23 18:55:40 - [TEST_STEP][PASSED] - if (i == 2 &amp;&amp; wildList.indexOf(symbol) != -1): null

2019-08-23 18:55:40 - [TEST_STEP][PASSED] - if (i == 3 &amp;&amp; wildList.indexOf(symbol) != -1): null

2019-08-23 18:55:40 - [TEST_STEP][PASSED] - if (i == 4 &amp;&amp; wildList.indexOf(symbol) != -1): null

2019-08-23 18:55:40 - [TEST_STEP][PASSED] - symbol = symbol: null

2019-08-23 18:55:40 - [TEST_STEP][PASSED] - println(symbol): null

2019-08-23 18:55:40 - [TEST_STEP][PASSED] - if (i == 2 &amp;&amp; wildList.indexOf(symbol) != -1): null

2019-08-23 18:55:40 - [TEST_STEP][PASSED] - if (i == 3 &amp;&amp; wildList.indexOf(symbol) != -1): null

2019-08-23 18:55:40 - [TEST_STEP][PASSED] - if (i == 4 &amp;&amp; wildList.indexOf(symbol) != -1): null

2019-08-23 18:55:40 - [TEST_STEP][PASSED] - symbol = symbol: null

2019-08-23 18:55:40 - [TEST_STEP][PASSED] - println(symbol): null

2019-08-23 18:55:40 - [TEST_STEP][PASSED] - if (i == 2 &amp;&amp; wildList.indexOf(symbol) != -1): null

2019-08-23 18:55:40 - [TEST_STEP][PASSED] - if (i == 3 &amp;&amp; wildList.indexOf(symbol) != -1): null

2019-08-23 18:55:40 - [TEST_STEP][PASSED] - if (i == 4 &amp;&amp; wildList.indexOf(symbol) != -1): null

2019-08-23 18:55:40 - [TEST_STEP][PASSED] - symbols = symbols: null

2019-08-23 18:55:40 - [TEST_STEP][PASSED] - for ([j = 0, j &lt; symbols.size(), (j++)]): null

2019-08-23 18:55:40 - [TEST_STEP][PASSED] - symbol = symbol: null

2019-08-23 18:55:40 - [TEST_STEP][PASSED] - println(symbol): null

2019-08-23 18:55:40 - [TEST_STEP][PASSED] - if (i == 2 &amp;&amp; wildList.indexOf(symbol) != -1): null

2019-08-23 18:55:40 - [TEST_STEP][PASSED] - if (i == 3 &amp;&amp; wildList.indexOf(symbol) != -1): null

2019-08-23 18:55:40 - [TEST_STEP][PASSED] - if (i == 4 &amp;&amp; wildList.indexOf(symbol) != -1): null

2019-08-23 18:55:40 - [TEST_STEP][PASSED] - symbol = symbol: null

2019-08-23 18:55:40 - [TEST_STEP][PASSED] - println(symbol): null

2019-08-23 18:55:40 - [TEST_STEP][PASSED] - if (i == 2 &amp;&amp; wildList.indexOf(symbol) != -1): null

2019-08-23 18:55:40 - [TEST_STEP][PASSED] - if (i == 3 &amp;&amp; wildList.indexOf(symbol) != -1): null

2019-08-23 18:55:40 - [TEST_STEP][PASSED] - if (i == 4 &amp;&amp; wildList.indexOf(symbol) != -1): null

2019-08-23 18:55:40 - [TEST_STEP][PASSED] - symbol = symbol: null

2019-08-23 18:55:40 - [TEST_STEP][PASSED] - println(symbol): null

2019-08-23 18:55:40 - [TEST_STEP][PASSED] - if (i == 2 &amp;&amp; wildList.indexOf(symbol) != -1): null

2019-08-23 18:55:40 - [TEST_STEP][PASSED] - if (i == 3 &amp;&amp; wildList.indexOf(symbol) != -1): null

2019-08-23 18:55:40 - [TEST_STEP][PASSED] - if (i == 4 &amp;&amp; wildList.indexOf(symbol) != -1): null

2019-08-23 18:55:40 - [TEST_STEP][PASSED] - symbols = symbols: null

2019-08-23 18:55:40 - [TEST_STEP][PASSED] - for ([j = 0, j &lt; symbols.size(), (j++)]): null

2019-08-23 18:55:40 - [TEST_STEP][PASSED] - symbol = symbol: null

2019-08-23 18:55:40 - [TEST_STEP][PASSED] - println(symbol): null

2019-08-23 18:55:40 - [TEST_STEP][PASSED] - if (i == 2 &amp;&amp; wildList.indexOf(symbol) != -1): null

2019-08-23 18:55:40 - [TEST_STEP][PASSED] - if (i == 3 &amp;&amp; wildList.indexOf(symbol) != -1): null

2019-08-23 18:55:40 - [TEST_STEP][PASSED] - if (i == 4 &amp;&amp; wildList.indexOf(symbol) != -1): null

2019-08-23 18:55:40 - [TEST_STEP][PASSED] - symbol = symbol: null

2019-08-23 18:55:40 - [TEST_STEP][PASSED] - println(symbol): null

2019-08-23 18:55:40 - [TEST_STEP][PASSED] - if (i == 2 &amp;&amp; wildList.indexOf(symbol) != -1): null

2019-08-23 18:55:40 - [TEST_STEP][PASSED] - if (i == 3 &amp;&amp; wildList.indexOf(symbol) != -1): null

2019-08-23 18:55:40 - [TEST_STEP][PASSED] - if (i == 4 &amp;&amp; wildList.indexOf(symbol) != -1): null

2019-08-23 18:55:40 - [TEST_STEP][PASSED] - symbol = symbol: null

2019-08-23 18:55:40 - [TEST_STEP][PASSED] - println(symbol): null

2019-08-23 18:55:40 - [TEST_STEP][PASSED] - if (i == 2 &amp;&amp; wildList.indexOf(symbol) != -1): null

2019-08-23 18:55:40 - [TEST_STEP][PASSED] - if (i == 3 &amp;&amp; wildList.indexOf(symbol) != -1): null

2019-08-23 18:55:42 - [TEST_STEP][PASSED] - if (i == 4 &amp;&amp; wildList.indexOf(symbol) != -1): null

2019-08-23 18:55:42 - [TEST_STEP][PASSED] - free_spin_reel_counter = free_spin_reel_counter: null

2019-08-23 18:55:42 - [TEST_STEP][PASSED] - println("reel 3 wild found: " + free_spin_reel_counter[0]): null

2019-08-23 18:55:42 - [TEST_STEP][PASSED] - println("reel 4 wild found: " + free_spin_reel_counter[1]): null

2019-08-23 18:55:42 - [TEST_STEP][PASSED] - println("reel 5 wild found: " + free_spin_reel_counter[2]): null

2019-08-23 18:55:42 - [TEST_STEP][PASSED] - M4_spin_reels = M4_spin_reels: null

2019-08-23 18:55:42 - [TEST_STEP][PASSED] - M4_spin_reels_symbols = symbol: null

2019-08-23 18:55:42 - [TEST_STEP][PASSED] - M4_spin_reels_symbols = M4_spin_reels_symbols: null

2019-08-23 18:55:42 - [TEST_STEP][PASSED] - M4_spin_reel_wins = reel_wins: null

2019-08-23 18:55:42 - [TEST_STEP][PASSED] - M4_spin_reel_wins = M4_spin_reel_wins: null

2019-08-23 18:55:42 - [TEST_STEP][PASSED] - println("GlobalVariable.M4_spin_reel_wins is: " + M4_spin_reel_wins): null

2019-08-23 18:55:42 - [TEST_STEP][PASSED] - M4_spin_total_bonus_win_this_round = total_bonus_win_this_round: null

2019-08-23 18:55:42 - [TEST_STEP][PASSED] - M4_spin_total_bonus_win_this_round = M4_spin_total_bonus_win_this_round: null

2019-08-23 18:55:42 - [TEST_STEP][PASSED] - println("GlobalVariable.M4_spin_total_bonus_win_this_round is: " + M4_spin_total_bonus_win_this_round): null

2019-08-23 18:55:42 - [TEST_STEP][PASSED] - M4_spin_bonus_spin_result = spin_result: null

2019-08-23 18:55:42 - [TEST_STEP][PASSED] - M4_spin_bonus_spin_result = M4_spin_bonus_spin_result: null

2019-08-23 18:55:42 - [MESSAGE][PASSED] - Verify response successfully

2019-08-23 18:55:42 - [MESSAGE][PASSED] - Send request and verify the response successfully

2019-08-23 18:55:42 - [TEST_STEP][PASSED] - if (free_spin_reel_counter[0] &gt;= 1 &amp;&amp; free_spin_reel_counter[1] &gt;= 1 &amp;&amp; free_spin_reel_counter[2] &gt;= 1): null

2019-08-23 18:55:42 - [TEST_STEP][PASSED] - spin_result = sendRequestAndVerify(findTestObject("INT/RGS(M4)/1_M4_spin", ["M4_login_user_id":M4_login_user_id, "rgs_session_token":rgs_session_token, "partner":Partner])): Send request and verify the response successfully

2019-08-23 18:55:43 - [MESSAGE][INFO] - HAR: /Users/eiralee/Katalon_Script/SuperWild/Reports/20190823_184757/INT/superWild_1/20190823_184757/requests/main/186.har

2019-08-23 18:55:43 - [TEST_CASE][PASSED] - Start Test Case : Verification: Verification accomplished successfully

2019-08-23 18:55:43 - [TEST_STEP][PASSED] - request = getInstance().getCurrentRequest(): null

2019-08-23 18:55:43 - [TEST_STEP][PASSED] - response = getInstance().getCurrentResponse(): null

2019-08-23 18:55:43 - [TEST_STEP][PASSED] - verifyResponseStatusCode(response, 200): Verify response status code successfully

2019-08-23 18:55:43 - [MESSAGE][PASSED] - Verify response status code successfully

2019-08-23 18:55:43 - [TEST_STEP][PASSED] - getStatusCode()).isEqualTo(200): null

2019-08-23 18:55:43 - [TEST_STEP][PASSED] - newline = System.getProperty("line.separator"): null

2019-08-23 18:55:43 - [TEST_STEP][PASSED] - M4_spin = new groovy.json.JsonSlurper(): null

2019-08-23 18:55:43 - [TEST_STEP][PASSED] - result_M4_spin = M4_spin.parseText(response.getResponseBodyContent()): null

2019-08-23 18:55:43 - [TEST_STEP][PASSED] - M4_spin_current_balance = current_balance: null

2019-08-23 18:55:43 - [TEST_STEP][PASSED] - M4_spin_current_balance = M4_spin_current_balance: null

2019-08-23 18:55:43 - [TEST_STEP][PASSED] - M4_spin_transaction_id = causality: null

2019-08-23 18:55:43 - [TEST_STEP][PASSED] - M4_spin_transaction_id = M4_spin_transaction_id: null

2019-08-23 18:55:43 - [TEST_STEP][PASSED] - M4_spin_round_id = round_id: null

2019-08-23 18:55:43 - [TEST_STEP][PASSED] - M4_spin_round_id = M4_spin_round_id: null

2019-08-23 18:55:43 - [TEST_STEP][PASSED] - M4_spin_line_wins = line_wins: null

2019-08-23 18:55:43 - [TEST_STEP][PASSED] - M4_spin_line_wins = M4_spin_line_wins: null

2019-08-23 18:55:43 - [TEST_STEP][PASSED] - M4_total_bonus_spins_int = total_bonus_spins: null

2019-08-23 18:55:43 - [TEST_STEP][PASSED] - println("******M4_total_bonus_spins type is:*******" + newline + getClass().getName()): null

2019-08-23 18:55:43 - [TEST_STEP][PASSED] - M4_total_bonus_spins_int = M4_total_bonus_spins_int: null

2019-08-23 18:55:43 - [TEST_STEP][PASSED] - M4_total_bonus_spins = Integer.toString(M4_total_bonus_spins_int): null

2019-08-23 18:55:43 - [TEST_STEP][PASSED] - M4_total_bonus_spins = M4_total_bonus_spins: null

2019-08-23 18:55:43 - [TEST_STEP][PASSED] - println("M4_total_bonus_spins is:" + M4_total_bonus_spins): null

2019-08-23 18:55:43 - [TEST_STEP][PASSED] - M4_spin_bonus_data = bonus_data: null

2019-08-23 18:55:43 - [TEST_STEP][PASSED] - M4_spin_features_triggered = result_M4_spin: null

2019-08-23 18:55:43 - [TEST_STEP][PASSED] - wild = []: null

2019-08-23 18:55:43 - [TEST_STEP][PASSED] - wild[0] = "WILD_Expanding": null

2019-08-23 18:55:43 - [TEST_STEP][PASSED] - wild[1] = "WILD_Normal": null

2019-08-23 18:55:43 - [TEST_STEP][PASSED] - wild[2] = "WILD_Double": null

2019-08-23 18:55:43 - [TEST_STEP][PASSED] - wild[3] = "WILD_ExtraFG": null

2019-08-23 18:55:43 - [TEST_STEP][PASSED] - wild[4] = "WILD_Triple": null

2019-08-23 18:55:43 - [TEST_STEP][PASSED] - wildList = Arrays.asList(wild): null

2019-08-23 18:55:43 - [TEST_STEP][PASSED] - wildList = wildList: null

2019-08-23 18:55:43 - [TEST_STEP][PASSED] - free_spin_reel_counter = []: null

2019-08-23 18:55:43 - [TEST_STEP][PASSED] - free_spin_reel_counter[0] = 0: null

2019-08-23 18:55:43 - [TEST_STEP][PASSED] - free_spin_reel_counter[1] = 0: null

2019-08-23 18:55:43 - [TEST_STEP][PASSED] - free_spin_reel_counter[2] = 0: null

2019-08-23 18:55:43 - [TEST_STEP][PASSED] - M4_spin_reels = reels: null

2019-08-23 18:55:43 - [TEST_STEP][PASSED] - for ([i = 0, i &lt; M4_spin_reels.size(), (i++)]): null

2019-08-23 18:55:43 - [TEST_STEP][PASSED] - symbols = symbols: null

2019-08-23 18:55:43 - [TEST_STEP][PASSED] - for ([j = 0, j &lt; symbols.size(), (j++)]): null

2019-08-23 18:55:43 - [TEST_STEP][PASSED] - symbol = symbol: null

2019-08-23 18:55:43 - [TEST_STEP][PASSED] - println(symbol): null

2019-08-23 18:55:43 - [TEST_STEP][PASSED] - if (i == 2 &amp;&amp; wildList.indexOf(symbol) != -1): null

2019-08-23 18:55:43 - [TEST_STEP][PASSED] - if (i == 3 &amp;&amp; wildList.indexOf(symbol) != -1): null

2019-08-23 18:55:43 - [TEST_STEP][PASSED] - if (i == 4 &amp;&amp; wildList.indexOf(symbol) != -1): null

2019-08-23 18:55:43 - [TEST_STEP][PASSED] - symbol = symbol: null

2019-08-23 18:55:43 - [TEST_STEP][PASSED] - println(symbol): null

2019-08-23 18:55:43 - [TEST_STEP][PASSED] - if (i == 2 &amp;&amp; wildList.indexOf(symbol) != -1): null

2019-08-23 18:55:43 - [TEST_STEP][PASSED] - if (i == 3 &amp;&amp; wildList.indexOf(symbol) != -1): null

2019-08-23 18:55:43 - [TEST_STEP][PASSED] - if (i == 4 &amp;&amp; wildList.indexOf(symbol) != -1): null

2019-08-23 18:55:43 - [TEST_STEP][PASSED] - symbol = symbol: null

2019-08-23 18:55:43 - [TEST_STEP][PASSED] - println(symbol): null

2019-08-23 18:55:43 - [TEST_STEP][PASSED] - if (i == 2 &amp;&amp; wildList.indexOf(symbol) != -1): null

2019-08-23 18:55:43 - [TEST_STEP][PASSED] - if (i == 3 &amp;&amp; wildList.indexOf(symbol) != -1): null

2019-08-23 18:55:43 - [TEST_STEP][PASSED] - if (i == 4 &amp;&amp; wildList.indexOf(symbol) != -1): null

2019-08-23 18:55:43 - [TEST_STEP][PASSED] - symbols = symbols: null

2019-08-23 18:55:43 - [TEST_STEP][PASSED] - for ([j = 0, j &lt; symbols.size(), (j++)]): null

2019-08-23 18:55:43 - [TEST_STEP][PASSED] - symbol = symbol: null

2019-08-23 18:55:43 - [TEST_STEP][PASSED] - println(symbol): null

2019-08-23 18:55:43 - [TEST_STEP][PASSED] - if (i == 2 &amp;&amp; wildList.indexOf(symbol) != -1): null

2019-08-23 18:55:43 - [TEST_STEP][PASSED] - if (i == 3 &amp;&amp; wildList.indexOf(symbol) != -1): null

2019-08-23 18:55:43 - [TEST_STEP][PASSED] - if (i == 4 &amp;&amp; wildList.indexOf(symbol) != -1): null

2019-08-23 18:55:43 - [TEST_STEP][PASSED] - symbol = symbol: null

2019-08-23 18:55:43 - [TEST_STEP][PASSED] - println(symbol): null

2019-08-23 18:55:43 - [TEST_STEP][PASSED] - if (i == 2 &amp;&amp; wildList.indexOf(symbol) != -1): null

2019-08-23 18:55:43 - [TEST_STEP][PASSED] - if (i == 3 &amp;&amp; wildList.indexOf(symbol) != -1): null

2019-08-23 18:55:43 - [TEST_STEP][PASSED] - if (i == 4 &amp;&amp; wildList.indexOf(symbol) != -1): null

2019-08-23 18:55:43 - [TEST_STEP][PASSED] - symbol = symbol: null

2019-08-23 18:55:43 - [TEST_STEP][PASSED] - println(symbol): null

2019-08-23 18:55:43 - [TEST_STEP][PASSED] - if (i == 2 &amp;&amp; wildList.indexOf(symbol) != -1): null

2019-08-23 18:55:43 - [TEST_STEP][PASSED] - if (i == 3 &amp;&amp; wildList.indexOf(symbol) != -1): null

2019-08-23 18:55:43 - [TEST_STEP][PASSED] - if (i == 4 &amp;&amp; wildList.indexOf(symbol) != -1): null

2019-08-23 18:55:43 - [TEST_STEP][PASSED] - symbols = symbols: null

2019-08-23 18:55:43 - [TEST_STEP][PASSED] - for ([j = 0, j &lt; symbols.size(), (j++)]): null

2019-08-23 18:55:43 - [TEST_STEP][PASSED] - symbol = symbol: null

2019-08-23 18:55:43 - [TEST_STEP][PASSED] - println(symbol): null

2019-08-23 18:55:43 - [TEST_STEP][PASSED] - if (i == 2 &amp;&amp; wildList.indexOf(symbol) != -1): null

2019-08-23 18:55:43 - [TEST_STEP][PASSED] - if (i == 3 &amp;&amp; wildList.indexOf(symbol) != -1): null

2019-08-23 18:55:43 - [TEST_STEP][PASSED] - if (i == 4 &amp;&amp; wildList.indexOf(symbol) != -1): null

2019-08-23 18:55:43 - [TEST_STEP][PASSED] - symbol = symbol: null

2019-08-23 18:55:43 - [TEST_STEP][PASSED] - println(symbol): null

2019-08-23 18:55:43 - [TEST_STEP][PASSED] - if (i == 2 &amp;&amp; wildList.indexOf(symbol) != -1): null

2019-08-23 18:55:43 - [TEST_STEP][PASSED] - if (i == 3 &amp;&amp; wildList.indexOf(symbol) != -1): null

2019-08-23 18:55:43 - [TEST_STEP][PASSED] - if (i == 4 &amp;&amp; wildList.indexOf(symbol) != -1): null

2019-08-23 18:55:43 - [TEST_STEP][PASSED] - symbol = symbol: null

2019-08-23 18:55:43 - [TEST_STEP][PASSED] - println(symbol): null

2019-08-23 18:55:43 - [TEST_STEP][PASSED] - if (i == 2 &amp;&amp; wildList.indexOf(symbol) != -1): null

2019-08-23 18:55:43 - [TEST_STEP][PASSED] - if (i == 3 &amp;&amp; wildList.indexOf(symbol) != -1): null

2019-08-23 18:55:43 - [TEST_STEP][PASSED] - if (i == 4 &amp;&amp; wildList.indexOf(symbol) != -1): null

2019-08-23 18:55:43 - [TEST_STEP][PASSED] - symbols = symbols: null

2019-08-23 18:55:43 - [TEST_STEP][PASSED] - for ([j = 0, j &lt; symbols.size(), (j++)]): null

2019-08-23 18:55:43 - [TEST_STEP][PASSED] - symbol = symbol: null

2019-08-23 18:55:43 - [TEST_STEP][PASSED] - println(symbol): null

2019-08-23 18:55:43 - [TEST_STEP][PASSED] - if (i == 2 &amp;&amp; wildList.indexOf(symbol) != -1): null

2019-08-23 18:55:43 - [TEST_STEP][PASSED] - if (i == 3 &amp;&amp; wildList.indexOf(symbol) != -1): null

2019-08-23 18:55:43 - [TEST_STEP][PASSED] - if (i == 4 &amp;&amp; wildList.indexOf(symbol) != -1): null

2019-08-23 18:55:43 - [TEST_STEP][PASSED] - symbol = symbol: null

2019-08-23 18:55:43 - [TEST_STEP][PASSED] - println(symbol): null

2019-08-23 18:55:43 - [TEST_STEP][PASSED] - if (i == 2 &amp;&amp; wildList.indexOf(symbol) != -1): null

2019-08-23 18:55:43 - [TEST_STEP][PASSED] - if (i == 3 &amp;&amp; wildList.indexOf(symbol) != -1): null

2019-08-23 18:55:43 - [TEST_STEP][PASSED] - if (i == 4 &amp;&amp; wildList.indexOf(symbol) != -1): null

2019-08-23 18:55:43 - [TEST_STEP][PASSED] - symbol = symbol: null

2019-08-23 18:55:43 - [TEST_STEP][PASSED] - println(symbol): null

2019-08-23 18:55:43 - [TEST_STEP][PASSED] - if (i == 2 &amp;&amp; wildList.indexOf(symbol) != -1): null

2019-08-23 18:55:43 - [TEST_STEP][PASSED] - if (i == 3 &amp;&amp; wildList.indexOf(symbol) != -1): null

2019-08-23 18:55:43 - [TEST_STEP][PASSED] - println("wild found on reel 4, adding counter by 1"): null

2019-08-23 18:55:43 - [TEST_STEP][PASSED] - free_spin_reel_counter[1] = free_spin_reel_counter[1] + 1: null

2019-08-23 18:55:43 - [TEST_STEP][PASSED] - if (i == 4 &amp;&amp; wildList.indexOf(symbol) != -1): null

2019-08-23 18:55:43 - [TEST_STEP][PASSED] - symbols = symbols: null

2019-08-23 18:55:43 - [TEST_STEP][PASSED] - for ([j = 0, j &lt; symbols.size(), (j++)]): null

2019-08-23 18:55:43 - [TEST_STEP][PASSED] - symbol = symbol: null

2019-08-23 18:55:43 - [TEST_STEP][PASSED] - println(symbol): null

2019-08-23 18:55:43 - [TEST_STEP][PASSED] - if (i == 2 &amp;&amp; wildList.indexOf(symbol) != -1): null

2019-08-23 18:55:43 - [TEST_STEP][PASSED] - if (i == 3 &amp;&amp; wildList.indexOf(symbol) != -1): null

2019-08-23 18:55:43 - [TEST_STEP][PASSED] - if (i == 4 &amp;&amp; wildList.indexOf(symbol) != -1): null

2019-08-23 18:55:43 - [TEST_STEP][PASSED] - symbol = symbol: null

2019-08-23 18:55:43 - [TEST_STEP][PASSED] - println(symbol): null

2019-08-23 18:55:43 - [TEST_STEP][PASSED] - if (i == 2 &amp;&amp; wildList.indexOf(symbol) != -1): null

2019-08-23 18:55:43 - [TEST_STEP][PASSED] - if (i == 3 &amp;&amp; wildList.indexOf(symbol) != -1): null

2019-08-23 18:55:43 - [TEST_STEP][PASSED] - if (i == 4 &amp;&amp; wildList.indexOf(symbol) != -1): null

2019-08-23 18:55:43 - [TEST_STEP][PASSED] - symbol = symbol: null

2019-08-23 18:55:43 - [TEST_STEP][PASSED] - println(symbol): null

2019-08-23 18:55:43 - [TEST_STEP][PASSED] - if (i == 2 &amp;&amp; wildList.indexOf(symbol) != -1): null

2019-08-23 18:55:43 - [TEST_STEP][PASSED] - if (i == 3 &amp;&amp; wildList.indexOf(symbol) != -1): null

2019-08-23 18:55:43 - [TEST_STEP][PASSED] - if (i == 4 &amp;&amp; wildList.indexOf(symbol) != -1): null

2019-08-23 18:55:43 - [TEST_STEP][PASSED] - free_spin_reel_counter = free_spin_reel_counter: null

2019-08-23 18:55:43 - [TEST_STEP][PASSED] - println("reel 3 wild found: " + free_spin_reel_counter[0]): null

2019-08-23 18:55:43 - [TEST_STEP][PASSED] - println("reel 4 wild found: " + free_spin_reel_counter[1]): null

2019-08-23 18:55:43 - [TEST_STEP][PASSED] - println("reel 5 wild found: " + free_spin_reel_counter[2]): null

2019-08-23 18:55:43 - [TEST_STEP][PASSED] - M4_spin_reels = M4_spin_reels: null

2019-08-23 18:55:43 - [TEST_STEP][PASSED] - M4_spin_reels_symbols = symbol: null

2019-08-23 18:55:43 - [TEST_STEP][PASSED] - M4_spin_reels_symbols = M4_spin_reels_symbols: null

2019-08-23 18:55:43 - [TEST_STEP][PASSED] - M4_spin_reel_wins = reel_wins: null

2019-08-23 18:55:43 - [TEST_STEP][PASSED] - M4_spin_reel_wins = M4_spin_reel_wins: null

2019-08-23 18:55:43 - [TEST_STEP][PASSED] - println("GlobalVariable.M4_spin_reel_wins is: " + M4_spin_reel_wins): null

2019-08-23 18:55:43 - [TEST_STEP][PASSED] - M4_spin_total_bonus_win_this_round = total_bonus_win_this_round: null

2019-08-23 18:55:43 - [TEST_STEP][PASSED] - M4_spin_total_bonus_win_this_round = M4_spin_total_bonus_win_this_round: null

2019-08-23 18:55:43 - [TEST_STEP][PASSED] - println("GlobalVariable.M4_spin_total_bonus_win_this_round is: " + M4_spin_total_bonus_win_this_round): null

2019-08-23 18:55:43 - [TEST_STEP][PASSED] - M4_spin_bonus_spin_result = spin_result: null

2019-08-23 18:55:43 - [TEST_STEP][PASSED] - M4_spin_bonus_spin_result = M4_spin_bonus_spin_result: null

2019-08-23 18:55:43 - [MESSAGE][PASSED] - Verify response successfully

2019-08-23 18:55:43 - [MESSAGE][PASSED] - Send request and verify the response successfully

2019-08-23 18:55:43 - [TEST_STEP][PASSED] - if (free_spin_reel_counter[0] &gt;= 1 &amp;&amp; free_spin_reel_counter[1] &gt;= 1 &amp;&amp; free_spin_reel_counter[2] &gt;= 1): null

2019-08-23 18:55:43 - [TEST_STEP][PASSED] - spin_result = sendRequestAndVerify(findTestObject("INT/RGS(M4)/1_M4_spin", ["M4_login_user_id":M4_login_user_id, "rgs_session_token":rgs_session_token, "partner":Partner])): Send request and verify the response successfully

2019-08-23 18:55:43 - [MESSAGE][INFO] - HAR: /Users/eiralee/Katalon_Script/SuperWild/Reports/20190823_184757/INT/superWild_1/20190823_184757/requests/main/187.har

2019-08-23 18:55:43 - [TEST_CASE][PASSED] - Start Test Case : Verification: Verification accomplished successfully

2019-08-23 18:55:43 - [TEST_STEP][PASSED] - request = getInstance().getCurrentRequest(): null

2019-08-23 18:55:43 - [TEST_STEP][PASSED] - response = getInstance().getCurrentResponse(): null

2019-08-23 18:55:43 - [TEST_STEP][PASSED] - verifyResponseStatusCode(response, 200): Verify response status code successfully

2019-08-23 18:55:43 - [MESSAGE][PASSED] - Verify response status code successfully

2019-08-23 18:55:43 - [TEST_STEP][PASSED] - getStatusCode()).isEqualTo(200): null

2019-08-23 18:55:43 - [TEST_STEP][PASSED] - newline = System.getProperty("line.separator"): null

2019-08-23 18:55:43 - [TEST_STEP][PASSED] - M4_spin = new groovy.json.JsonSlurper(): null

2019-08-23 18:55:43 - [TEST_STEP][PASSED] - result_M4_spin = M4_spin.parseText(response.getResponseBodyContent()): null

2019-08-23 18:55:43 - [TEST_STEP][PASSED] - M4_spin_current_balance = current_balance: null

2019-08-23 18:55:43 - [TEST_STEP][PASSED] - M4_spin_current_balance = M4_spin_current_balance: null

2019-08-23 18:55:43 - [TEST_STEP][PASSED] - M4_spin_transaction_id = causality: null

2019-08-23 18:55:43 - [TEST_STEP][PASSED] - M4_spin_transaction_id = M4_spin_transaction_id: null

2019-08-23 18:55:43 - [TEST_STEP][PASSED] - M4_spin_round_id = round_id: null

2019-08-23 18:55:43 - [TEST_STEP][PASSED] - M4_spin_round_id = M4_spin_round_id: null

2019-08-23 18:55:43 - [TEST_STEP][PASSED] - M4_spin_line_wins = line_wins: null

2019-08-23 18:55:43 - [TEST_STEP][PASSED] - M4_spin_line_wins = M4_spin_line_wins: null

2019-08-23 18:55:43 - [TEST_STEP][PASSED] - M4_total_bonus_spins_int = total_bonus_spins: null

2019-08-23 18:55:43 - [TEST_STEP][PASSED] - println("******M4_total_bonus_spins type is:*******" + newline + getClass().getName()): null

2019-08-23 18:55:43 - [TEST_STEP][PASSED] - M4_total_bonus_spins_int = M4_total_bonus_spins_int: null

2019-08-23 18:55:43 - [TEST_STEP][PASSED] - M4_total_bonus_spins = Integer.toString(M4_total_bonus_spins_int): null

2019-08-23 18:55:43 - [TEST_STEP][PASSED] - M4_total_bonus_spins = M4_total_bonus_spins: null

2019-08-23 18:55:43 - [TEST_STEP][PASSED] - println("M4_total_bonus_spins is:" + M4_total_bonus_spins): null

2019-08-23 18:55:43 - [TEST_STEP][PASSED] - M4_spin_bonus_data = bonus_data: null

2019-08-23 18:55:43 - [TEST_STEP][PASSED] - M4_spin_features_triggered = result_M4_spin: null

2019-08-23 18:55:43 - [TEST_STEP][PASSED] - wild = []: null

2019-08-23 18:55:43 - [TEST_STEP][PASSED] - wild[0] = "WILD_Expanding": null

2019-08-23 18:55:43 - [TEST_STEP][PASSED] - wild[1] = "WILD_Normal": null

2019-08-23 18:55:43 - [TEST_STEP][PASSED] - wild[2] = "WILD_Double": null

2019-08-23 18:55:43 - [TEST_STEP][PASSED] - wild[3] = "WILD_ExtraFG": null

2019-08-23 18:55:43 - [TEST_STEP][PASSED] - wild[4] = "WILD_Triple": null

2019-08-23 18:55:43 - [TEST_STEP][PASSED] - wildList = Arrays.asList(wild): null

2019-08-23 18:55:43 - [TEST_STEP][PASSED] - wildList = wildList: null

2019-08-23 18:55:43 - [TEST_STEP][PASSED] - free_spin_reel_counter = []: null

2019-08-23 18:55:43 - [TEST_STEP][PASSED] - free_spin_reel_counter[0] = 0: null

2019-08-23 18:55:43 - [TEST_STEP][PASSED] - free_spin_reel_counter[1] = 0: null

2019-08-23 18:55:43 - [TEST_STEP][PASSED] - free_spin_reel_counter[2] = 0: null

2019-08-23 18:55:43 - [TEST_STEP][PASSED] - M4_spin_reels = reels: null

2019-08-23 18:55:43 - [TEST_STEP][PASSED] - for ([i = 0, i &lt; M4_spin_reels.size(), (i++)]): null

2019-08-23 18:55:43 - [TEST_STEP][PASSED] - symbols = symbols: null

2019-08-23 18:55:43 - [TEST_STEP][PASSED] - for ([j = 0, j &lt; symbols.size(), (j++)]): null

2019-08-23 18:55:43 - [TEST_STEP][PASSED] - symbol = symbol: null

2019-08-23 18:55:43 - [TEST_STEP][PASSED] - println(symbol): null

2019-08-23 18:55:43 - [TEST_STEP][PASSED] - if (i == 2 &amp;&amp; wildList.indexOf(symbol) != -1): null

2019-08-23 18:55:43 - [TEST_STEP][PASSED] - if (i == 3 &amp;&amp; wildList.indexOf(symbol) != -1): null

2019-08-23 18:55:43 - [TEST_STEP][PASSED] - if (i == 4 &amp;&amp; wildList.indexOf(symbol) != -1): null

2019-08-23 18:55:43 - [TEST_STEP][PASSED] - symbol = symbol: null

2019-08-23 18:55:43 - [TEST_STEP][PASSED] - println(symbol): null

2019-08-23 18:55:43 - [TEST_STEP][PASSED] - if (i == 2 &amp;&amp; wildList.indexOf(symbol) != -1): null

2019-08-23 18:55:43 - [TEST_STEP][PASSED] - if (i == 3 &amp;&amp; wildList.indexOf(symbol) != -1): null

2019-08-23 18:55:43 - [TEST_STEP][PASSED] - if (i == 4 &amp;&amp; wildList.indexOf(symbol) != -1): null

2019-08-23 18:55:43 - [TEST_STEP][PASSED] - symbol = symbol: null

2019-08-23 18:55:43 - [TEST_STEP][PASSED] - println(symbol): null

2019-08-23 18:55:43 - [TEST_STEP][PASSED] - if (i == 2 &amp;&amp; wildList.indexOf(symbol) != -1): null

2019-08-23 18:55:43 - [TEST_STEP][PASSED] - if (i == 3 &amp;&amp; wildList.indexOf(symbol) != -1): null

2019-08-23 18:55:43 - [TEST_STEP][PASSED] - if (i == 4 &amp;&amp; wildList.indexOf(symbol) != -1): null

2019-08-23 18:55:43 - [TEST_STEP][PASSED] - symbols = symbols: null

2019-08-23 18:55:43 - [TEST_STEP][PASSED] - for ([j = 0, j &lt; symbols.size(), (j++)]): null

2019-08-23 18:55:43 - [TEST_STEP][PASSED] - symbol = symbol: null

2019-08-23 18:55:43 - [TEST_STEP][PASSED] - println(symbol): null

2019-08-23 18:55:43 - [TEST_STEP][PASSED] - if (i == 2 &amp;&amp; wildList.indexOf(symbol) != -1): null

2019-08-23 18:55:43 - [TEST_STEP][PASSED] - if (i == 3 &amp;&amp; wildList.indexOf(symbol) != -1): null

2019-08-23 18:55:43 - [TEST_STEP][PASSED] - if (i == 4 &amp;&amp; wildList.indexOf(symbol) != -1): null

2019-08-23 18:55:43 - [TEST_STEP][PASSED] - symbol = symbol: null

2019-08-23 18:55:43 - [TEST_STEP][PASSED] - println(symbol): null

2019-08-23 18:55:43 - [TEST_STEP][PASSED] - if (i == 2 &amp;&amp; wildList.indexOf(symbol) != -1): null

2019-08-23 18:55:43 - [TEST_STEP][PASSED] - if (i == 3 &amp;&amp; wildList.indexOf(symbol) != -1): null

2019-08-23 18:55:43 - [TEST_STEP][PASSED] - if (i == 4 &amp;&amp; wildList.indexOf(symbol) != -1): null

2019-08-23 18:55:43 - [TEST_STEP][PASSED] - symbol = symbol: null

2019-08-23 18:55:43 - [TEST_STEP][PASSED] - println(symbol): null

2019-08-23 18:55:43 - [TEST_STEP][PASSED] - if (i == 2 &amp;&amp; wildList.indexOf(symbol) != -1): null

2019-08-23 18:55:43 - [TEST_STEP][PASSED] - if (i == 3 &amp;&amp; wildList.indexOf(symbol) != -1): null

2019-08-23 18:55:43 - [TEST_STEP][PASSED] - if (i == 4 &amp;&amp; wildList.indexOf(symbol) != -1): null

2019-08-23 18:55:43 - [TEST_STEP][PASSED] - symbols = symbols: null

2019-08-23 18:55:43 - [TEST_STEP][PASSED] - for ([j = 0, j &lt; symbols.size(), (j++)]): null

2019-08-23 18:55:43 - [TEST_STEP][PASSED] - symbol = symbol: null

2019-08-23 18:55:43 - [TEST_STEP][PASSED] - println(symbol): null

2019-08-23 18:55:43 - [TEST_STEP][PASSED] - if (i == 2 &amp;&amp; wildList.indexOf(symbol) != -1): null

2019-08-23 18:55:43 - [TEST_STEP][PASSED] - if (i == 3 &amp;&amp; wildList.indexOf(symbol) != -1): null

2019-08-23 18:55:43 - [TEST_STEP][PASSED] - if (i == 4 &amp;&amp; wildList.indexOf(symbol) != -1): null

2019-08-23 18:55:43 - [TEST_STEP][PASSED] - symbol = symbol: null

2019-08-23 18:55:43 - [TEST_STEP][PASSED] - println(symbol): null

2019-08-23 18:55:43 - [TEST_STEP][PASSED] - if (i == 2 &amp;&amp; wildList.indexOf(symbol) != -1): null

2019-08-23 18:55:43 - [TEST_STEP][PASSED] - if (i == 3 &amp;&amp; wildList.indexOf(symbol) != -1): null

2019-08-23 18:55:43 - [TEST_STEP][PASSED] - if (i == 4 &amp;&amp; wildList.indexOf(symbol) != -1): null

2019-08-23 18:55:43 - [TEST_STEP][PASSED] - symbol = symbol: null

2019-08-23 18:55:43 - [TEST_STEP][PASSED] - println(symbol): null

2019-08-23 18:55:43 - [TEST_STEP][PASSED] - if (i == 2 &amp;&amp; wildList.indexOf(symbol) != -1): null

2019-08-23 18:55:43 - [TEST_STEP][PASSED] - if (i == 3 &amp;&amp; wildList.indexOf(symbol) != -1): null

2019-08-23 18:55:43 - [TEST_STEP][PASSED] - if (i == 4 &amp;&amp; wildList.indexOf(symbol) != -1): null

2019-08-23 18:55:43 - [TEST_STEP][PASSED] - symbols = symbols: null

2019-08-23 18:55:43 - [TEST_STEP][PASSED] - for ([j = 0, j &lt; symbols.size(), (j++)]): null

2019-08-23 18:55:43 - [TEST_STEP][PASSED] - symbol = symbol: null

2019-08-23 18:55:43 - [TEST_STEP][PASSED] - println(symbol): null

2019-08-23 18:55:43 - [TEST_STEP][PASSED] - if (i == 2 &amp;&amp; wildList.indexOf(symbol) != -1): null

2019-08-23 18:55:43 - [TEST_STEP][PASSED] - if (i == 3 &amp;&amp; wildList.indexOf(symbol) != -1): null

2019-08-23 18:55:43 - [TEST_STEP][PASSED] - if (i == 4 &amp;&amp; wildList.indexOf(symbol) != -1): null

2019-08-23 18:55:43 - [TEST_STEP][PASSED] - symbol = symbol: null

2019-08-23 18:55:43 - [TEST_STEP][PASSED] - println(symbol): null

2019-08-23 18:55:43 - [TEST_STEP][PASSED] - if (i == 2 &amp;&amp; wildList.indexOf(symbol) != -1): null

2019-08-23 18:55:43 - [TEST_STEP][PASSED] - if (i == 3 &amp;&amp; wildList.indexOf(symbol) != -1): null

2019-08-23 18:55:43 - [TEST_STEP][PASSED] - if (i == 4 &amp;&amp; wildList.indexOf(symbol) != -1): null

2019-08-23 18:55:43 - [TEST_STEP][PASSED] - symbol = symbol: null

2019-08-23 18:55:43 - [TEST_STEP][PASSED] - println(symbol): null

2019-08-23 18:55:43 - [TEST_STEP][PASSED] - if (i == 2 &amp;&amp; wildList.indexOf(symbol) != -1): null

2019-08-23 18:55:43 - [TEST_STEP][PASSED] - if (i == 3 &amp;&amp; wildList.indexOf(symbol) != -1): null

2019-08-23 18:55:43 - [TEST_STEP][PASSED] - if (i == 4 &amp;&amp; wildList.indexOf(symbol) != -1): null

2019-08-23 18:55:43 - [TEST_STEP][PASSED] - symbols = symbols: null

2019-08-23 18:55:43 - [TEST_STEP][PASSED] - for ([j = 0, j &lt; symbols.size(), (j++)]): null

2019-08-23 18:55:43 - [TEST_STEP][PASSED] - symbol = symbol: null

2019-08-23 18:55:43 - [TEST_STEP][PASSED] - println(symbol): null

2019-08-23 18:55:43 - [TEST_STEP][PASSED] - if (i == 2 &amp;&amp; wildList.indexOf(symbol) != -1): null

2019-08-23 18:55:43 - [TEST_STEP][PASSED] - if (i == 3 &amp;&amp; wildList.indexOf(symbol) != -1): null

2019-08-23 18:55:43 - [TEST_STEP][PASSED] - if (i == 4 &amp;&amp; wildList.indexOf(symbol) != -1): null

2019-08-23 18:55:43 - [TEST_STEP][PASSED] - symbol = symbol: null

2019-08-23 18:55:43 - [TEST_STEP][PASSED] - println(symbol): null

2019-08-23 18:55:43 - [TEST_STEP][PASSED] - if (i == 2 &amp;&amp; wildList.indexOf(symbol) != -1): null

2019-08-23 18:55:43 - [TEST_STEP][PASSED] - if (i == 3 &amp;&amp; wildList.indexOf(symbol) != -1): null

2019-08-23 18:55:43 - [TEST_STEP][PASSED] - if (i == 4 &amp;&amp; wildList.indexOf(symbol) != -1): null

2019-08-23 18:55:43 - [TEST_STEP][PASSED] - symbol = symbol: null

2019-08-23 18:55:43 - [TEST_STEP][PASSED] - println(symbol): null

2019-08-23 18:55:43 - [TEST_STEP][PASSED] - if (i == 2 &amp;&amp; wildList.indexOf(symbol) != -1): null

2019-08-23 18:55:43 - [TEST_STEP][PASSED] - if (i == 3 &amp;&amp; wildList.indexOf(symbol) != -1): null

2019-08-23 18:55:43 - [TEST_STEP][PASSED] - if (i == 4 &amp;&amp; wildList.indexOf(symbol) != -1): null

2019-08-23 18:55:43 - [TEST_STEP][PASSED] - println("wild found on reel 5, adding counter by 1"): null

2019-08-23 18:55:43 - [TEST_STEP][PASSED] - free_spin_reel_counter[2] = free_spin_reel_counter[2] + 1: null

2019-08-23 18:55:43 - [TEST_STEP][PASSED] - free_spin_reel_counter = free_spin_reel_counter: null

2019-08-23 18:55:43 - [TEST_STEP][PASSED] - println("reel 3 wild found: " + free_spin_reel_counter[0]): null

2019-08-23 18:55:43 - [TEST_STEP][PASSED] - println("reel 4 wild found: " + free_spin_reel_counter[1]): null

2019-08-23 18:55:43 - [TEST_STEP][PASSED] - println("reel 5 wild found: " + free_spin_reel_counter[2]): null

2019-08-23 18:55:43 - [TEST_STEP][PASSED] - M4_spin_reels = M4_spin_reels: null

2019-08-23 18:55:43 - [TEST_STEP][PASSED] - M4_spin_reels_symbols = symbol: null

2019-08-23 18:55:43 - [TEST_STEP][PASSED] - M4_spin_reels_symbols = M4_spin_reels_symbols: null

2019-08-23 18:55:43 - [TEST_STEP][PASSED] - M4_spin_reel_wins = reel_wins: null

2019-08-23 18:55:43 - [TEST_STEP][PASSED] - M4_spin_reel_wins = M4_spin_reel_wins: null

2019-08-23 18:55:43 - [TEST_STEP][PASSED] - println("GlobalVariable.M4_spin_reel_wins is: " + M4_spin_reel_wins): null

2019-08-23 18:55:43 - [TEST_STEP][PASSED] - M4_spin_total_bonus_win_this_round = total_bonus_win_this_round: null

2019-08-23 18:55:43 - [TEST_STEP][PASSED] - M4_spin_total_bonus_win_this_round = M4_spin_total_bonus_win_this_round: null

2019-08-23 18:55:43 - [TEST_STEP][PASSED] - println("GlobalVariable.M4_spin_total_bonus_win_this_round is: " + M4_spin_total_bonus_win_this_round): null

2019-08-23 18:55:43 - [TEST_STEP][PASSED] - M4_spin_bonus_spin_result = spin_result: null

2019-08-23 18:55:43 - [TEST_STEP][PASSED] - M4_spin_bonus_spin_result = M4_spin_bonus_spin_result: null

2019-08-23 18:55:43 - [MESSAGE][PASSED] - Verify response successfully

2019-08-23 18:55:43 - [MESSAGE][PASSED] - Send request and verify the response successfully

2019-08-23 18:55:43 - [TEST_STEP][PASSED] - if (free_spin_reel_counter[0] &gt;= 1 &amp;&amp; free_spin_reel_counter[1] &gt;= 1 &amp;&amp; free_spin_reel_counter[2] &gt;= 1): null

2019-08-23 18:55:43 - [TEST_STEP][PASSED] - spin_result = sendRequestAndVerify(findTestObject("INT/RGS(M4)/1_M4_spin", ["M4_login_user_id":M4_login_user_id, "rgs_session_token":rgs_session_token, "partner":Partner])): Send request and verify the response successfully

2019-08-23 18:55:44 - [MESSAGE][INFO] - HAR: /Users/eiralee/Katalon_Script/SuperWild/Reports/20190823_184757/INT/superWild_1/20190823_184757/requests/main/188.har

2019-08-23 18:55:44 - [TEST_CASE][PASSED] - Start Test Case : Verification: Verification accomplished successfully

2019-08-23 18:55:44 - [TEST_STEP][PASSED] - request = getInstance().getCurrentRequest(): null

2019-08-23 18:55:44 - [TEST_STEP][PASSED] - response = getInstance().getCurrentResponse(): null

2019-08-23 18:55:44 - [TEST_STEP][PASSED] - verifyResponseStatusCode(response, 200): Verify response status code successfully

2019-08-23 18:55:44 - [MESSAGE][PASSED] - Verify response status code successfully

2019-08-23 18:55:44 - [TEST_STEP][PASSED] - getStatusCode()).isEqualTo(200): null

2019-08-23 18:55:44 - [TEST_STEP][PASSED] - newline = System.getProperty("line.separator"): null

2019-08-23 18:55:44 - [TEST_STEP][PASSED] - M4_spin = new groovy.json.JsonSlurper(): null

2019-08-23 18:55:44 - [TEST_STEP][PASSED] - result_M4_spin = M4_spin.parseText(response.getResponseBodyContent()): null

2019-08-23 18:55:44 - [TEST_STEP][PASSED] - M4_spin_current_balance = current_balance: null

2019-08-23 18:55:45 - [TEST_STEP][PASSED] - M4_spin_current_balance = M4_spin_current_balance: null

2019-08-23 18:55:45 - [TEST_STEP][PASSED] - M4_spin_transaction_id = causality: null

2019-08-23 18:55:45 - [TEST_STEP][PASSED] - M4_spin_transaction_id = M4_spin_transaction_id: null

2019-08-23 18:55:45 - [TEST_STEP][PASSED] - M4_spin_round_id = round_id: null

2019-08-23 18:55:45 - [TEST_STEP][PASSED] - M4_spin_round_id = M4_spin_round_id: null

2019-08-23 18:55:45 - [TEST_STEP][PASSED] - M4_spin_line_wins = line_wins: null

2019-08-23 18:55:45 - [TEST_STEP][PASSED] - M4_spin_line_wins = M4_spin_line_wins: null

2019-08-23 18:55:45 - [TEST_STEP][PASSED] - M4_total_bonus_spins_int = total_bonus_spins: null

2019-08-23 18:55:45 - [TEST_STEP][PASSED] - println("******M4_total_bonus_spins type is:*******" + newline + getClass().getName()): null

2019-08-23 18:55:45 - [TEST_STEP][PASSED] - M4_total_bonus_spins_int = M4_total_bonus_spins_int: null

2019-08-23 18:55:45 - [TEST_STEP][PASSED] - M4_total_bonus_spins = Integer.toString(M4_total_bonus_spins_int): null

2019-08-23 18:55:45 - [TEST_STEP][PASSED] - M4_total_bonus_spins = M4_total_bonus_spins: null

2019-08-23 18:55:45 - [TEST_STEP][PASSED] - println("M4_total_bonus_spins is:" + M4_total_bonus_spins): null

2019-08-23 18:55:45 - [TEST_STEP][PASSED] - M4_spin_bonus_data = bonus_data: null

2019-08-23 18:55:45 - [TEST_STEP][PASSED] - M4_spin_features_triggered = result_M4_spin: null

2019-08-23 18:55:45 - [TEST_STEP][PASSED] - wild = []: null

2019-08-23 18:55:45 - [TEST_STEP][PASSED] - wild[0] = "WILD_Expanding": null

2019-08-23 18:55:45 - [TEST_STEP][PASSED] - wild[1] = "WILD_Normal": null

2019-08-23 18:55:45 - [TEST_STEP][PASSED] - wild[2] = "WILD_Double": null

2019-08-23 18:55:45 - [TEST_STEP][PASSED] - wild[3] = "WILD_ExtraFG": null

2019-08-23 18:55:45 - [TEST_STEP][PASSED] - wild[4] = "WILD_Triple": null

2019-08-23 18:55:45 - [TEST_STEP][PASSED] - wildList = Arrays.asList(wild): null

2019-08-23 18:55:45 - [TEST_STEP][PASSED] - wildList = wildList: null

2019-08-23 18:55:45 - [TEST_STEP][PASSED] - free_spin_reel_counter = []: null

2019-08-23 18:55:45 - [TEST_STEP][PASSED] - free_spin_reel_counter[0] = 0: null

2019-08-23 18:55:45 - [TEST_STEP][PASSED] - free_spin_reel_counter[1] = 0: null

2019-08-23 18:55:45 - [TEST_STEP][PASSED] - free_spin_reel_counter[2] = 0: null

2019-08-23 18:55:45 - [TEST_STEP][PASSED] - M4_spin_reels = reels: null

2019-08-23 18:55:45 - [TEST_STEP][PASSED] - for ([i = 0, i &lt; M4_spin_reels.size(), (i++)]): null

2019-08-23 18:55:46 - [TEST_STEP][PASSED] - symbols = symbols: null

2019-08-23 18:55:46 - [TEST_STEP][PASSED] - for ([j = 0, j &lt; symbols.size(), (j++)]): null

2019-08-23 18:55:46 - [TEST_STEP][PASSED] - symbol = symbol: null

2019-08-23 18:55:46 - [TEST_STEP][PASSED] - println(symbol): null

2019-08-23 18:55:46 - [TEST_STEP][PASSED] - if (i == 2 &amp;&amp; wildList.indexOf(symbol) != -1): null

2019-08-23 18:55:46 - [TEST_STEP][PASSED] - if (i == 3 &amp;&amp; wildList.indexOf(symbol) != -1): null

2019-08-23 18:55:46 - [TEST_STEP][PASSED] - if (i == 4 &amp;&amp; wildList.indexOf(symbol) != -1): null

2019-08-23 18:55:46 - [TEST_STEP][PASSED] - symbol = symbol: null

2019-08-23 18:55:46 - [TEST_STEP][PASSED] - println(symbol): null

2019-08-23 18:55:46 - [TEST_STEP][PASSED] - if (i == 2 &amp;&amp; wildList.indexOf(symbol) != -1): null

2019-08-23 18:55:46 - [TEST_STEP][PASSED] - if (i == 3 &amp;&amp; wildList.indexOf(symbol) != -1): null

2019-08-23 18:55:46 - [TEST_STEP][PASSED] - if (i == 4 &amp;&amp; wildList.indexOf(symbol) != -1): null

2019-08-23 18:55:46 - [TEST_STEP][PASSED] - symbol = symbol: null

2019-08-23 18:55:46 - [TEST_STEP][PASSED] - println(symbol): null

2019-08-23 18:55:46 - [TEST_STEP][PASSED] - if (i == 2 &amp;&amp; wildList.indexOf(symbol) != -1): null

2019-08-23 18:55:46 - [TEST_STEP][PASSED] - if (i == 3 &amp;&amp; wildList.indexOf(symbol) != -1): null

2019-08-23 18:55:46 - [TEST_STEP][PASSED] - if (i == 4 &amp;&amp; wildList.indexOf(symbol) != -1): null

2019-08-23 18:55:46 - [TEST_STEP][PASSED] - symbols = symbols: null

2019-08-23 18:55:46 - [TEST_STEP][PASSED] - for ([j = 0, j &lt; symbols.size(), (j++)]): null

2019-08-23 18:55:46 - [TEST_STEP][PASSED] - symbol = symbol: null

2019-08-23 18:55:46 - [TEST_STEP][PASSED] - println(symbol): null

2019-08-23 18:55:46 - [TEST_STEP][PASSED] - if (i == 2 &amp;&amp; wildList.indexOf(symbol) != -1): null

2019-08-23 18:55:46 - [TEST_STEP][PASSED] - if (i == 3 &amp;&amp; wildList.indexOf(symbol) != -1): null

2019-08-23 18:55:46 - [TEST_STEP][PASSED] - if (i == 4 &amp;&amp; wildList.indexOf(symbol) != -1): null

2019-08-23 18:55:46 - [TEST_STEP][PASSED] - symbol = symbol: null

2019-08-23 18:55:46 - [TEST_STEP][PASSED] - println(symbol): null

2019-08-23 18:55:46 - [TEST_STEP][PASSED] - if (i == 2 &amp;&amp; wildList.indexOf(symbol) != -1): null

2019-08-23 18:55:46 - [TEST_STEP][PASSED] - if (i == 3 &amp;&amp; wildList.indexOf(symbol) != -1): null

2019-08-23 18:55:46 - [TEST_STEP][PASSED] - if (i == 4 &amp;&amp; wildList.indexOf(symbol) != -1): null

2019-08-23 18:55:46 - [TEST_STEP][PASSED] - symbol = symbol: null

2019-08-23 18:55:46 - [TEST_STEP][PASSED] - println(symbol): null

2019-08-23 18:55:46 - [TEST_STEP][PASSED] - if (i == 2 &amp;&amp; wildList.indexOf(symbol) != -1): null

2019-08-23 18:55:46 - [TEST_STEP][PASSED] - if (i == 3 &amp;&amp; wildList.indexOf(symbol) != -1): null

2019-08-23 18:55:46 - [TEST_STEP][PASSED] - if (i == 4 &amp;&amp; wildList.indexOf(symbol) != -1): null

2019-08-23 18:55:46 - [TEST_STEP][PASSED] - symbols = symbols: null

2019-08-23 18:55:46 - [TEST_STEP][PASSED] - for ([j = 0, j &lt; symbols.size(), (j++)]): null

2019-08-23 18:55:46 - [TEST_STEP][PASSED] - symbol = symbol: null

2019-08-23 18:55:46 - [TEST_STEP][PASSED] - println(symbol): null

2019-08-23 18:55:46 - [TEST_STEP][PASSED] - if (i == 2 &amp;&amp; wildList.indexOf(symbol) != -1): null

2019-08-23 18:55:46 - [TEST_STEP][PASSED] - if (i == 3 &amp;&amp; wildList.indexOf(symbol) != -1): null

2019-08-23 18:55:46 - [TEST_STEP][PASSED] - if (i == 4 &amp;&amp; wildList.indexOf(symbol) != -1): null

2019-08-23 18:55:46 - [TEST_STEP][PASSED] - symbol = symbol: null

2019-08-23 18:55:46 - [TEST_STEP][PASSED] - println(symbol): null

2019-08-23 18:55:46 - [TEST_STEP][PASSED] - if (i == 2 &amp;&amp; wildList.indexOf(symbol) != -1): null

2019-08-23 18:55:46 - [TEST_STEP][PASSED] - if (i == 3 &amp;&amp; wildList.indexOf(symbol) != -1): null

2019-08-23 18:55:46 - [TEST_STEP][PASSED] - if (i == 4 &amp;&amp; wildList.indexOf(symbol) != -1): null

2019-08-23 18:55:46 - [TEST_STEP][PASSED] - symbol = symbol: null

2019-08-23 18:55:46 - [TEST_STEP][PASSED] - println(symbol): null

2019-08-23 18:55:46 - [TEST_STEP][PASSED] - if (i == 2 &amp;&amp; wildList.indexOf(symbol) != -1): null

2019-08-23 18:55:46 - [TEST_STEP][PASSED] - if (i == 3 &amp;&amp; wildList.indexOf(symbol) != -1): null

2019-08-23 18:55:46 - [TEST_STEP][PASSED] - if (i == 4 &amp;&amp; wildList.indexOf(symbol) != -1): null

2019-08-23 18:55:46 - [TEST_STEP][PASSED] - symbols = symbols: null

2019-08-23 18:55:46 - [TEST_STEP][PASSED] - for ([j = 0, j &lt; symbols.size(), (j++)]): null

2019-08-23 18:55:46 - [TEST_STEP][PASSED] - symbol = symbol: null

2019-08-23 18:55:46 - [TEST_STEP][PASSED] - println(symbol): null

2019-08-23 18:55:46 - [TEST_STEP][PASSED] - if (i == 2 &amp;&amp; wildList.indexOf(symbol) != -1): null

2019-08-23 18:55:46 - [TEST_STEP][PASSED] - if (i == 3 &amp;&amp; wildList.indexOf(symbol) != -1): null

2019-08-23 18:55:46 - [TEST_STEP][PASSED] - if (i == 4 &amp;&amp; wildList.indexOf(symbol) != -1): null

2019-08-23 18:55:46 - [TEST_STEP][PASSED] - symbol = symbol: null

2019-08-23 18:55:46 - [TEST_STEP][PASSED] - println(symbol): null

2019-08-23 18:55:46 - [TEST_STEP][PASSED] - if (i == 2 &amp;&amp; wildList.indexOf(symbol) != -1): null

2019-08-23 18:55:46 - [TEST_STEP][PASSED] - if (i == 3 &amp;&amp; wildList.indexOf(symbol) != -1): null

2019-08-23 18:55:46 - [TEST_STEP][PASSED] - if (i == 4 &amp;&amp; wildList.indexOf(symbol) != -1): null

2019-08-23 18:55:46 - [TEST_STEP][PASSED] - symbol = symbol: null

2019-08-23 18:55:46 - [TEST_STEP][PASSED] - println(symbol): null

2019-08-23 18:55:46 - [TEST_STEP][PASSED] - if (i == 2 &amp;&amp; wildList.indexOf(symbol) != -1): null

2019-08-23 18:55:46 - [TEST_STEP][PASSED] - if (i == 3 &amp;&amp; wildList.indexOf(symbol) != -1): null

2019-08-23 18:55:46 - [TEST_STEP][PASSED] - if (i == 4 &amp;&amp; wildList.indexOf(symbol) != -1): null

2019-08-23 18:55:46 - [TEST_STEP][PASSED] - symbols = symbols: null

2019-08-23 18:55:46 - [TEST_STEP][PASSED] - for ([j = 0, j &lt; symbols.size(), (j++)]): null

2019-08-23 18:55:46 - [TEST_STEP][PASSED] - symbol = symbol: null

2019-08-23 18:55:46 - [TEST_STEP][PASSED] - println(symbol): null

2019-08-23 18:55:46 - [TEST_STEP][PASSED] - if (i == 2 &amp;&amp; wildList.indexOf(symbol) != -1): null

2019-08-23 18:55:46 - [TEST_STEP][PASSED] - if (i == 3 &amp;&amp; wildList.indexOf(symbol) != -1): null

2019-08-23 18:55:46 - [TEST_STEP][PASSED] - if (i == 4 &amp;&amp; wildList.indexOf(symbol) != -1): null

2019-08-23 18:55:46 - [TEST_STEP][PASSED] - symbol = symbol: null

2019-08-23 18:55:46 - [TEST_STEP][PASSED] - println(symbol): null

2019-08-23 18:55:46 - [TEST_STEP][PASSED] - if (i == 2 &amp;&amp; wildList.indexOf(symbol) != -1): null

2019-08-23 18:55:46 - [TEST_STEP][PASSED] - if (i == 3 &amp;&amp; wildList.indexOf(symbol) != -1): null

2019-08-23 18:55:46 - [TEST_STEP][PASSED] - if (i == 4 &amp;&amp; wildList.indexOf(symbol) != -1): null

2019-08-23 18:55:46 - [TEST_STEP][PASSED] - symbol = symbol: null

2019-08-23 18:55:46 - [TEST_STEP][PASSED] - println(symbol): null

2019-08-23 18:55:46 - [TEST_STEP][PASSED] - if (i == 2 &amp;&amp; wildList.indexOf(symbol) != -1): null

2019-08-23 18:55:46 - [TEST_STEP][PASSED] - if (i == 3 &amp;&amp; wildList.indexOf(symbol) != -1): null

2019-08-23 18:55:46 - [TEST_STEP][PASSED] - if (i == 4 &amp;&amp; wildList.indexOf(symbol) != -1): null

2019-08-23 18:55:46 - [TEST_STEP][PASSED] - free_spin_reel_counter = free_spin_reel_counter: null

2019-08-23 18:55:46 - [TEST_STEP][PASSED] - println("reel 3 wild found: " + free_spin_reel_counter[0]): null

2019-08-23 18:55:46 - [TEST_STEP][PASSED] - println("reel 4 wild found: " + free_spin_reel_counter[1]): null

2019-08-23 18:55:46 - [TEST_STEP][PASSED] - println("reel 5 wild found: " + free_spin_reel_counter[2]): null

2019-08-23 18:55:46 - [TEST_STEP][PASSED] - M4_spin_reels = M4_spin_reels: null

2019-08-23 18:55:46 - [TEST_STEP][PASSED] - M4_spin_reels_symbols = symbol: null

2019-08-23 18:55:46 - [TEST_STEP][PASSED] - M4_spin_reels_symbols = M4_spin_reels_symbols: null

2019-08-23 18:55:46 - [TEST_STEP][PASSED] - M4_spin_reel_wins = reel_wins: null

2019-08-23 18:55:46 - [TEST_STEP][PASSED] - M4_spin_reel_wins = M4_spin_reel_wins: null

2019-08-23 18:55:46 - [TEST_STEP][PASSED] - println("GlobalVariable.M4_spin_reel_wins is: " + M4_spin_reel_wins): null

2019-08-23 18:55:46 - [TEST_STEP][PASSED] - M4_spin_total_bonus_win_this_round = total_bonus_win_this_round: null

2019-08-23 18:55:46 - [TEST_STEP][PASSED] - M4_spin_total_bonus_win_this_round = M4_spin_total_bonus_win_this_round: null

2019-08-23 18:55:46 - [TEST_STEP][PASSED] - println("GlobalVariable.M4_spin_total_bonus_win_this_round is: " + M4_spin_total_bonus_win_this_round): null

2019-08-23 18:55:46 - [TEST_STEP][PASSED] - M4_spin_bonus_spin_result = spin_result: null

2019-08-23 18:55:46 - [TEST_STEP][PASSED] - M4_spin_bonus_spin_result = M4_spin_bonus_spin_result: null

2019-08-23 18:55:46 - [MESSAGE][PASSED] - Verify response successfully

2019-08-23 18:55:46 - [MESSAGE][PASSED] - Send request and verify the response successfully

2019-08-23 18:55:46 - [TEST_STEP][PASSED] - if (free_spin_reel_counter[0] &gt;= 1 &amp;&amp; free_spin_reel_counter[1] &gt;= 1 &amp;&amp; free_spin_reel_counter[2] &gt;= 1): null

2019-08-23 18:55:46 - [TEST_STEP][PASSED] - spin_result = sendRequestAndVerify(findTestObject("INT/RGS(M4)/1_M4_spin", ["M4_login_user_id":M4_login_user_id, "rgs_session_token":rgs_session_token, "partner":Partner])): Send request and verify the response successfully

2019-08-23 18:55:46 - [MESSAGE][INFO] - HAR: /Users/eiralee/Katalon_Script/SuperWild/Reports/20190823_184757/INT/superWild_1/20190823_184757/requests/main/189.har

2019-08-23 18:55:46 - [TEST_CASE][PASSED] - Start Test Case : Verification: Verification accomplished successfully

2019-08-23 18:55:46 - [TEST_STEP][PASSED] - request = getInstance().getCurrentRequest(): null

2019-08-23 18:55:46 - [TEST_STEP][PASSED] - response = getInstance().getCurrentResponse(): null

2019-08-23 18:55:46 - [TEST_STEP][PASSED] - verifyResponseStatusCode(response, 200): Verify response status code successfully

2019-08-23 18:55:46 - [MESSAGE][PASSED] - Verify response status code successfully

2019-08-23 18:55:46 - [TEST_STEP][PASSED] - getStatusCode()).isEqualTo(200): null

2019-08-23 18:55:46 - [TEST_STEP][PASSED] - newline = System.getProperty("line.separator"): null

2019-08-23 18:55:46 - [TEST_STEP][PASSED] - M4_spin = new groovy.json.JsonSlurper(): null

2019-08-23 18:55:46 - [TEST_STEP][PASSED] - result_M4_spin = M4_spin.parseText(response.getResponseBodyContent()): null

2019-08-23 18:55:46 - [TEST_STEP][PASSED] - M4_spin_current_balance = current_balance: null

2019-08-23 18:55:46 - [TEST_STEP][PASSED] - M4_spin_current_balance = M4_spin_current_balance: null

2019-08-23 18:55:46 - [TEST_STEP][PASSED] - M4_spin_transaction_id = causality: null

2019-08-23 18:55:46 - [TEST_STEP][PASSED] - M4_spin_transaction_id = M4_spin_transaction_id: null

2019-08-23 18:55:46 - [TEST_STEP][PASSED] - M4_spin_round_id = round_id: null

2019-08-23 18:55:46 - [TEST_STEP][PASSED] - M4_spin_round_id = M4_spin_round_id: null

2019-08-23 18:55:46 - [TEST_STEP][PASSED] - M4_spin_line_wins = line_wins: null

2019-08-23 18:55:46 - [TEST_STEP][PASSED] - M4_spin_line_wins = M4_spin_line_wins: null

2019-08-23 18:55:46 - [TEST_STEP][PASSED] - M4_total_bonus_spins_int = total_bonus_spins: null

2019-08-23 18:55:46 - [TEST_STEP][PASSED] - println("******M4_total_bonus_spins type is:*******" + newline + getClass().getName()): null

2019-08-23 18:55:46 - [TEST_STEP][PASSED] - M4_total_bonus_spins_int = M4_total_bonus_spins_int: null

2019-08-23 18:55:46 - [TEST_STEP][PASSED] - M4_total_bonus_spins = Integer.toString(M4_total_bonus_spins_int): null

2019-08-23 18:55:46 - [TEST_STEP][PASSED] - M4_total_bonus_spins = M4_total_bonus_spins: null

2019-08-23 18:55:46 - [TEST_STEP][PASSED] - println("M4_total_bonus_spins is:" + M4_total_bonus_spins): null

2019-08-23 18:55:46 - [TEST_STEP][PASSED] - M4_spin_bonus_data = bonus_data: null

2019-08-23 18:55:46 - [TEST_STEP][PASSED] - M4_spin_features_triggered = result_M4_spin: null

2019-08-23 18:55:46 - [TEST_STEP][PASSED] - wild = []: null

2019-08-23 18:55:46 - [TEST_STEP][PASSED] - wild[0] = "WILD_Expanding": null

2019-08-23 18:55:46 - [TEST_STEP][PASSED] - wild[1] = "WILD_Normal": null

2019-08-23 18:55:46 - [TEST_STEP][PASSED] - wild[2] = "WILD_Double": null

2019-08-23 18:55:46 - [TEST_STEP][PASSED] - wild[3] = "WILD_ExtraFG": null

2019-08-23 18:55:46 - [TEST_STEP][PASSED] - wild[4] = "WILD_Triple": null

2019-08-23 18:55:46 - [TEST_STEP][PASSED] - wildList = Arrays.asList(wild): null

2019-08-23 18:55:46 - [TEST_STEP][PASSED] - wildList = wildList: null

2019-08-23 18:55:46 - [TEST_STEP][PASSED] - free_spin_reel_counter = []: null

2019-08-23 18:55:46 - [TEST_STEP][PASSED] - free_spin_reel_counter[0] = 0: null

2019-08-23 18:55:46 - [TEST_STEP][PASSED] - free_spin_reel_counter[1] = 0: null

2019-08-23 18:55:46 - [TEST_STEP][PASSED] - free_spin_reel_counter[2] = 0: null

2019-08-23 18:55:46 - [TEST_STEP][PASSED] - M4_spin_reels = reels: null

2019-08-23 18:55:46 - [TEST_STEP][PASSED] - for ([i = 0, i &lt; M4_spin_reels.size(), (i++)]): null

2019-08-23 18:55:46 - [TEST_STEP][PASSED] - symbols = symbols: null

2019-08-23 18:55:46 - [TEST_STEP][PASSED] - for ([j = 0, j &lt; symbols.size(), (j++)]): null

2019-08-23 18:55:46 - [TEST_STEP][PASSED] - symbol = symbol: null

2019-08-23 18:55:46 - [TEST_STEP][PASSED] - println(symbol): null

2019-08-23 18:55:46 - [TEST_STEP][PASSED] - if (i == 2 &amp;&amp; wildList.indexOf(symbol) != -1): null

2019-08-23 18:55:46 - [TEST_STEP][PASSED] - if (i == 3 &amp;&amp; wildList.indexOf(symbol) != -1): null

2019-08-23 18:55:46 - [TEST_STEP][PASSED] - if (i == 4 &amp;&amp; wildList.indexOf(symbol) != -1): null

2019-08-23 18:55:46 - [TEST_STEP][PASSED] - symbol = symbol: null

2019-08-23 18:55:46 - [TEST_STEP][PASSED] - println(symbol): null

2019-08-23 18:55:46 - [TEST_STEP][PASSED] - if (i == 2 &amp;&amp; wildList.indexOf(symbol) != -1): null

2019-08-23 18:55:46 - [TEST_STEP][PASSED] - if (i == 3 &amp;&amp; wildList.indexOf(symbol) != -1): null

2019-08-23 18:55:46 - [TEST_STEP][PASSED] - if (i == 4 &amp;&amp; wildList.indexOf(symbol) != -1): null

2019-08-23 18:55:46 - [TEST_STEP][PASSED] - symbol = symbol: null

2019-08-23 18:55:46 - [TEST_STEP][PASSED] - println(symbol): null

2019-08-23 18:55:46 - [TEST_STEP][PASSED] - if (i == 2 &amp;&amp; wildList.indexOf(symbol) != -1): null

2019-08-23 18:55:46 - [TEST_STEP][PASSED] - if (i == 3 &amp;&amp; wildList.indexOf(symbol) != -1): null

2019-08-23 18:55:46 - [TEST_STEP][PASSED] - if (i == 4 &amp;&amp; wildList.indexOf(symbol) != -1): null

2019-08-23 18:55:46 - [TEST_STEP][PASSED] - symbols = symbols: null

2019-08-23 18:55:46 - [TEST_STEP][PASSED] - for ([j = 0, j &lt; symbols.size(), (j++)]): null

2019-08-23 18:55:46 - [TEST_STEP][PASSED] - symbol = symbol: null

2019-08-23 18:55:46 - [TEST_STEP][PASSED] - println(symbol): null

2019-08-23 18:55:46 - [TEST_STEP][PASSED] - if (i == 2 &amp;&amp; wildList.indexOf(symbol) != -1): null

2019-08-23 18:55:46 - [TEST_STEP][PASSED] - if (i == 3 &amp;&amp; wildList.indexOf(symbol) != -1): null

2019-08-23 18:55:46 - [TEST_STEP][PASSED] - if (i == 4 &amp;&amp; wildList.indexOf(symbol) != -1): null

2019-08-23 18:55:46 - [TEST_STEP][PASSED] - symbol = symbol: null

2019-08-23 18:55:46 - [TEST_STEP][PASSED] - println(symbol): null

2019-08-23 18:55:46 - [TEST_STEP][PASSED] - if (i == 2 &amp;&amp; wildList.indexOf(symbol) != -1): null

2019-08-23 18:55:46 - [TEST_STEP][PASSED] - if (i == 3 &amp;&amp; wildList.indexOf(symbol) != -1): null

2019-08-23 18:55:46 - [TEST_STEP][PASSED] - if (i == 4 &amp;&amp; wildList.indexOf(symbol) != -1): null

2019-08-23 18:55:46 - [TEST_STEP][PASSED] - symbol = symbol: null

2019-08-23 18:55:46 - [TEST_STEP][PASSED] - println(symbol): null

2019-08-23 18:55:46 - [TEST_STEP][PASSED] - if (i == 2 &amp;&amp; wildList.indexOf(symbol) != -1): null

2019-08-23 18:55:46 - [TEST_STEP][PASSED] - if (i == 3 &amp;&amp; wildList.indexOf(symbol) != -1): null

2019-08-23 18:55:46 - [TEST_STEP][PASSED] - if (i == 4 &amp;&amp; wildList.indexOf(symbol) != -1): null

2019-08-23 18:55:46 - [TEST_STEP][PASSED] - symbols = symbols: null

2019-08-23 18:55:46 - [TEST_STEP][PASSED] - for ([j = 0, j &lt; symbols.size(), (j++)]): null

2019-08-23 18:55:46 - [TEST_STEP][PASSED] - symbol = symbol: null

2019-08-23 18:55:46 - [TEST_STEP][PASSED] - println(symbol): null

2019-08-23 18:55:46 - [TEST_STEP][PASSED] - if (i == 2 &amp;&amp; wildList.indexOf(symbol) != -1): null

2019-08-23 18:55:46 - [TEST_STEP][PASSED] - if (i == 3 &amp;&amp; wildList.indexOf(symbol) != -1): null

2019-08-23 18:55:46 - [TEST_STEP][PASSED] - if (i == 4 &amp;&amp; wildList.indexOf(symbol) != -1): null

2019-08-23 18:55:46 - [TEST_STEP][PASSED] - symbol = symbol: null

2019-08-23 18:55:46 - [TEST_STEP][PASSED] - println(symbol): null

2019-08-23 18:55:46 - [TEST_STEP][PASSED] - if (i == 2 &amp;&amp; wildList.indexOf(symbol) != -1): null

2019-08-23 18:55:46 - [TEST_STEP][PASSED] - if (i == 3 &amp;&amp; wildList.indexOf(symbol) != -1): null

2019-08-23 18:55:46 - [TEST_STEP][PASSED] - if (i == 4 &amp;&amp; wildList.indexOf(symbol) != -1): null

2019-08-23 18:55:46 - [TEST_STEP][PASSED] - symbol = symbol: null

2019-08-23 18:55:46 - [TEST_STEP][PASSED] - println(symbol): null

2019-08-23 18:55:46 - [TEST_STEP][PASSED] - if (i == 2 &amp;&amp; wildList.indexOf(symbol) != -1): null

2019-08-23 18:55:46 - [TEST_STEP][PASSED] - if (i == 3 &amp;&amp; wildList.indexOf(symbol) != -1): null

2019-08-23 18:55:46 - [TEST_STEP][PASSED] - if (i == 4 &amp;&amp; wildList.indexOf(symbol) != -1): null

2019-08-23 18:55:46 - [TEST_STEP][PASSED] - symbols = symbols: null

2019-08-23 18:55:46 - [TEST_STEP][PASSED] - for ([j = 0, j &lt; symbols.size(), (j++)]): null

2019-08-23 18:55:46 - [TEST_STEP][PASSED] - symbol = symbol: null

2019-08-23 18:55:46 - [TEST_STEP][PASSED] - println(symbol): null

2019-08-23 18:55:46 - [TEST_STEP][PASSED] - if (i == 2 &amp;&amp; wildList.indexOf(symbol) != -1): null

2019-08-23 18:55:46 - [TEST_STEP][PASSED] - if (i == 3 &amp;&amp; wildList.indexOf(symbol) != -1): null

2019-08-23 18:55:46 - [TEST_STEP][PASSED] - if (i == 4 &amp;&amp; wildList.indexOf(symbol) != -1): null

2019-08-23 18:55:46 - [TEST_STEP][PASSED] - symbol = symbol: null

2019-08-23 18:55:46 - [TEST_STEP][PASSED] - println(symbol): null

2019-08-23 18:55:46 - [TEST_STEP][PASSED] - if (i == 2 &amp;&amp; wildList.indexOf(symbol) != -1): null

2019-08-23 18:55:46 - [TEST_STEP][PASSED] - if (i == 3 &amp;&amp; wildList.indexOf(symbol) != -1): null

2019-08-23 18:55:46 - [TEST_STEP][PASSED] - if (i == 4 &amp;&amp; wildList.indexOf(symbol) != -1): null

2019-08-23 18:55:46 - [TEST_STEP][PASSED] - symbol = symbol: null

2019-08-23 18:55:46 - [TEST_STEP][PASSED] - println(symbol): null

2019-08-23 18:55:46 - [TEST_STEP][PASSED] - if (i == 2 &amp;&amp; wildList.indexOf(symbol) != -1): null

2019-08-23 18:55:46 - [TEST_STEP][PASSED] - if (i == 3 &amp;&amp; wildList.indexOf(symbol) != -1): null

2019-08-23 18:55:46 - [TEST_STEP][PASSED] - if (i == 4 &amp;&amp; wildList.indexOf(symbol) != -1): null

2019-08-23 18:55:46 - [TEST_STEP][PASSED] - symbols = symbols: null

2019-08-23 18:55:46 - [TEST_STEP][PASSED] - for ([j = 0, j &lt; symbols.size(), (j++)]): null

2019-08-23 18:55:46 - [TEST_STEP][PASSED] - symbol = symbol: null

2019-08-23 18:55:46 - [TEST_STEP][PASSED] - println(symbol): null

2019-08-23 18:55:46 - [TEST_STEP][PASSED] - if (i == 2 &amp;&amp; wildList.indexOf(symbol) != -1): null

2019-08-23 18:55:46 - [TEST_STEP][PASSED] - if (i == 3 &amp;&amp; wildList.indexOf(symbol) != -1): null

2019-08-23 18:55:46 - [TEST_STEP][PASSED] - if (i == 4 &amp;&amp; wildList.indexOf(symbol) != -1): null

2019-08-23 18:55:46 - [TEST_STEP][PASSED] - symbol = symbol: null

2019-08-23 18:55:46 - [TEST_STEP][PASSED] - println(symbol): null

2019-08-23 18:55:46 - [TEST_STEP][PASSED] - if (i == 2 &amp;&amp; wildList.indexOf(symbol) != -1): null

2019-08-23 18:55:46 - [TEST_STEP][PASSED] - if (i == 3 &amp;&amp; wildList.indexOf(symbol) != -1): null

2019-08-23 18:55:46 - [TEST_STEP][PASSED] - if (i == 4 &amp;&amp; wildList.indexOf(symbol) != -1): null

2019-08-23 18:55:46 - [TEST_STEP][PASSED] - symbol = symbol: null

2019-08-23 18:55:46 - [TEST_STEP][PASSED] - println(symbol): null

2019-08-23 18:55:46 - [TEST_STEP][PASSED] - if (i == 2 &amp;&amp; wildList.indexOf(symbol) != -1): null

2019-08-23 18:55:46 - [TEST_STEP][PASSED] - if (i == 3 &amp;&amp; wildList.indexOf(symbol) != -1): null

2019-08-23 18:55:46 - [TEST_STEP][PASSED] - if (i == 4 &amp;&amp; wildList.indexOf(symbol) != -1): null

2019-08-23 18:55:46 - [TEST_STEP][PASSED] - free_spin_reel_counter = free_spin_reel_counter: null

2019-08-23 18:55:46 - [TEST_STEP][PASSED] - println("reel 3 wild found: " + free_spin_reel_counter[0]): null

2019-08-23 18:55:46 - [TEST_STEP][PASSED] - println("reel 4 wild found: " + free_spin_reel_counter[1]): null

2019-08-23 18:55:46 - [TEST_STEP][PASSED] - println("reel 5 wild found: " + free_spin_reel_counter[2]): null

2019-08-23 18:55:46 - [TEST_STEP][PASSED] - M4_spin_reels = M4_spin_reels: null

2019-08-23 18:55:46 - [TEST_STEP][PASSED] - M4_spin_reels_symbols = symbol: null

2019-08-23 18:55:46 - [TEST_STEP][PASSED] - M4_spin_reels_symbols = M4_spin_reels_symbols: null

2019-08-23 18:55:46 - [TEST_STEP][PASSED] - M4_spin_reel_wins = reel_wins: null

2019-08-23 18:55:46 - [TEST_STEP][PASSED] - M4_spin_reel_wins = M4_spin_reel_wins: null

2019-08-23 18:55:46 - [TEST_STEP][PASSED] - println("GlobalVariable.M4_spin_reel_wins is: " + M4_spin_reel_wins): null

2019-08-23 18:55:46 - [TEST_STEP][PASSED] - M4_spin_total_bonus_win_this_round = total_bonus_win_this_round: null

2019-08-23 18:55:46 - [TEST_STEP][PASSED] - M4_spin_total_bonus_win_this_round = M4_spin_total_bonus_win_this_round: null

2019-08-23 18:55:46 - [TEST_STEP][PASSED] - println("GlobalVariable.M4_spin_total_bonus_win_this_round is: " + M4_spin_total_bonus_win_this_round): null

2019-08-23 18:55:46 - [TEST_STEP][PASSED] - M4_spin_bonus_spin_result = spin_result: null

2019-08-23 18:55:46 - [TEST_STEP][PASSED] - M4_spin_bonus_spin_result = M4_spin_bonus_spin_result: null

2019-08-23 18:55:46 - [MESSAGE][PASSED] - Verify response successfully

2019-08-23 18:55:46 - [MESSAGE][PASSED] - Send request and verify the response successfully

2019-08-23 18:55:46 - [TEST_STEP][PASSED] - if (free_spin_reel_counter[0] &gt;= 1 &amp;&amp; free_spin_reel_counter[1] &gt;= 1 &amp;&amp; free_spin_reel_counter[2] &gt;= 1): null

2019-08-23 18:55:46 - [TEST_STEP][PASSED] - spin_result = sendRequestAndVerify(findTestObject("INT/RGS(M4)/1_M4_spin", ["M4_login_user_id":M4_login_user_id, "rgs_session_token":rgs_session_token, "partner":Partner])): Send request and verify the response successfully

2019-08-23 18:55:47 - [MESSAGE][INFO] - HAR: /Users/eiralee/Katalon_Script/SuperWild/Reports/20190823_184757/INT/superWild_1/20190823_184757/requests/main/190.har

2019-08-23 18:55:47 - [TEST_CASE][PASSED] - Start Test Case : Verification: Verification accomplished successfully

2019-08-23 18:55:47 - [TEST_STEP][PASSED] - request = getInstance().getCurrentRequest(): null

2019-08-23 18:55:47 - [TEST_STEP][PASSED] - response = getInstance().getCurrentResponse(): null

2019-08-23 18:55:47 - [TEST_STEP][PASSED] - verifyResponseStatusCode(response, 200): Verify response status code successfully

2019-08-23 18:55:47 - [MESSAGE][PASSED] - Verify response status code successfully

2019-08-23 18:55:47 - [TEST_STEP][PASSED] - getStatusCode()).isEqualTo(200): null

2019-08-23 18:55:47 - [TEST_STEP][PASSED] - newline = System.getProperty("line.separator"): null

2019-08-23 18:55:47 - [TEST_STEP][PASSED] - M4_spin = new groovy.json.JsonSlurper(): null

2019-08-23 18:55:47 - [TEST_STEP][PASSED] - result_M4_spin = M4_spin.parseText(response.getResponseBodyContent()): null

2019-08-23 18:55:47 - [TEST_STEP][PASSED] - M4_spin_current_balance = current_balance: null

2019-08-23 18:55:47 - [TEST_STEP][PASSED] - M4_spin_current_balance = M4_spin_current_balance: null

2019-08-23 18:55:47 - [TEST_STEP][PASSED] - M4_spin_transaction_id = causality: null

2019-08-23 18:55:47 - [TEST_STEP][PASSED] - M4_spin_transaction_id = M4_spin_transaction_id: null

2019-08-23 18:55:47 - [TEST_STEP][PASSED] - M4_spin_round_id = round_id: null

2019-08-23 18:55:47 - [TEST_STEP][PASSED] - M4_spin_round_id = M4_spin_round_id: null

2019-08-23 18:55:47 - [TEST_STEP][PASSED] - M4_spin_line_wins = line_wins: null

2019-08-23 18:55:47 - [TEST_STEP][PASSED] - M4_spin_line_wins = M4_spin_line_wins: null

2019-08-23 18:55:47 - [TEST_STEP][PASSED] - M4_total_bonus_spins_int = total_bonus_spins: null

2019-08-23 18:55:47 - [TEST_STEP][PASSED] - println("******M4_total_bonus_spins type is:*******" + newline + getClass().getName()): null

2019-08-23 18:55:47 - [TEST_STEP][PASSED] - M4_total_bonus_spins_int = M4_total_bonus_spins_int: null

2019-08-23 18:55:47 - [TEST_STEP][PASSED] - M4_total_bonus_spins = Integer.toString(M4_total_bonus_spins_int): null

2019-08-23 18:55:47 - [TEST_STEP][PASSED] - M4_total_bonus_spins = M4_total_bonus_spins: null

2019-08-23 18:55:47 - [TEST_STEP][PASSED] - println("M4_total_bonus_spins is:" + M4_total_bonus_spins): null

2019-08-23 18:55:47 - [TEST_STEP][PASSED] - M4_spin_bonus_data = bonus_data: null

2019-08-23 18:55:47 - [TEST_STEP][PASSED] - M4_spin_features_triggered = result_M4_spin: null

2019-08-23 18:55:47 - [TEST_STEP][PASSED] - wild = []: null

2019-08-23 18:55:47 - [TEST_STEP][PASSED] - wild[0] = "WILD_Expanding": null

2019-08-23 18:55:47 - [TEST_STEP][PASSED] - wild[1] = "WILD_Normal": null

2019-08-23 18:55:47 - [TEST_STEP][PASSED] - wild[2] = "WILD_Double": null

2019-08-23 18:55:47 - [TEST_STEP][PASSED] - wild[3] = "WILD_ExtraFG": null

2019-08-23 18:55:47 - [TEST_STEP][PASSED] - wild[4] = "WILD_Triple": null

2019-08-23 18:55:47 - [TEST_STEP][PASSED] - wildList = Arrays.asList(wild): null

2019-08-23 18:55:47 - [TEST_STEP][PASSED] - wildList = wildList: null

2019-08-23 18:55:47 - [TEST_STEP][PASSED] - free_spin_reel_counter = []: null

2019-08-23 18:55:47 - [TEST_STEP][PASSED] - free_spin_reel_counter[0] = 0: null

2019-08-23 18:55:47 - [TEST_STEP][PASSED] - free_spin_reel_counter[1] = 0: null

2019-08-23 18:55:47 - [TEST_STEP][PASSED] - free_spin_reel_counter[2] = 0: null

2019-08-23 18:55:47 - [TEST_STEP][PASSED] - M4_spin_reels = reels: null

2019-08-23 18:55:47 - [TEST_STEP][PASSED] - for ([i = 0, i &lt; M4_spin_reels.size(), (i++)]): null

2019-08-23 18:55:47 - [TEST_STEP][PASSED] - symbols = symbols: null

2019-08-23 18:55:47 - [TEST_STEP][PASSED] - for ([j = 0, j &lt; symbols.size(), (j++)]): null

2019-08-23 18:55:47 - [TEST_STEP][PASSED] - symbol = symbol: null

2019-08-23 18:55:47 - [TEST_STEP][PASSED] - println(symbol): null

2019-08-23 18:55:47 - [TEST_STEP][PASSED] - if (i == 2 &amp;&amp; wildList.indexOf(symbol) != -1): null

2019-08-23 18:55:47 - [TEST_STEP][PASSED] - if (i == 3 &amp;&amp; wildList.indexOf(symbol) != -1): null

2019-08-23 18:55:47 - [TEST_STEP][PASSED] - if (i == 4 &amp;&amp; wildList.indexOf(symbol) != -1): null

2019-08-23 18:55:47 - [TEST_STEP][PASSED] - symbol = symbol: null

2019-08-23 18:55:49 - [TEST_STEP][PASSED] - println(symbol): null

2019-08-23 18:55:49 - [TEST_STEP][PASSED] - if (i == 2 &amp;&amp; wildList.indexOf(symbol) != -1): null

2019-08-23 18:55:49 - [TEST_STEP][PASSED] - if (i == 3 &amp;&amp; wildList.indexOf(symbol) != -1): null

2019-08-23 18:55:49 - [TEST_STEP][PASSED] - if (i == 4 &amp;&amp; wildList.indexOf(symbol) != -1): null

2019-08-23 18:55:49 - [TEST_STEP][PASSED] - symbol = symbol: null

2019-08-23 18:55:49 - [TEST_STEP][PASSED] - println(symbol): null

2019-08-23 18:55:49 - [TEST_STEP][PASSED] - if (i == 2 &amp;&amp; wildList.indexOf(symbol) != -1): null

2019-08-23 18:55:49 - [TEST_STEP][PASSED] - if (i == 3 &amp;&amp; wildList.indexOf(symbol) != -1): null

2019-08-23 18:55:49 - [TEST_STEP][PASSED] - if (i == 4 &amp;&amp; wildList.indexOf(symbol) != -1): null

2019-08-23 18:55:49 - [TEST_STEP][PASSED] - symbols = symbols: null

2019-08-23 18:55:49 - [TEST_STEP][PASSED] - for ([j = 0, j &lt; symbols.size(), (j++)]): null

2019-08-23 18:55:49 - [TEST_STEP][PASSED] - symbol = symbol: null

2019-08-23 18:55:49 - [TEST_STEP][PASSED] - println(symbol): null

2019-08-23 18:55:49 - [TEST_STEP][PASSED] - if (i == 2 &amp;&amp; wildList.indexOf(symbol) != -1): null

2019-08-23 18:55:49 - [TEST_STEP][PASSED] - if (i == 3 &amp;&amp; wildList.indexOf(symbol) != -1): null

2019-08-23 18:55:49 - [TEST_STEP][PASSED] - if (i == 4 &amp;&amp; wildList.indexOf(symbol) != -1): null

2019-08-23 18:55:49 - [TEST_STEP][PASSED] - symbol = symbol: null

2019-08-23 18:55:49 - [TEST_STEP][PASSED] - println(symbol): null

2019-08-23 18:55:49 - [TEST_STEP][PASSED] - if (i == 2 &amp;&amp; wildList.indexOf(symbol) != -1): null

2019-08-23 18:55:49 - [TEST_STEP][PASSED] - if (i == 3 &amp;&amp; wildList.indexOf(symbol) != -1): null

2019-08-23 18:55:49 - [TEST_STEP][PASSED] - if (i == 4 &amp;&amp; wildList.indexOf(symbol) != -1): null

2019-08-23 18:55:49 - [TEST_STEP][PASSED] - symbol = symbol: null

2019-08-23 18:55:49 - [TEST_STEP][PASSED] - println(symbol): null

2019-08-23 18:55:49 - [TEST_STEP][PASSED] - if (i == 2 &amp;&amp; wildList.indexOf(symbol) != -1): null

2019-08-23 18:55:49 - [TEST_STEP][PASSED] - if (i == 3 &amp;&amp; wildList.indexOf(symbol) != -1): null

2019-08-23 18:55:49 - [TEST_STEP][PASSED] - if (i == 4 &amp;&amp; wildList.indexOf(symbol) != -1): null

2019-08-23 18:55:49 - [TEST_STEP][PASSED] - symbols = symbols: null

2019-08-23 18:55:49 - [TEST_STEP][PASSED] - for ([j = 0, j &lt; symbols.size(), (j++)]): null

2019-08-23 18:55:49 - [TEST_STEP][PASSED] - symbol = symbol: null

2019-08-23 18:55:49 - [TEST_STEP][PASSED] - println(symbol): null

2019-08-23 18:55:49 - [TEST_STEP][PASSED] - if (i == 2 &amp;&amp; wildList.indexOf(symbol) != -1): null

2019-08-23 18:55:49 - [TEST_STEP][PASSED] - if (i == 3 &amp;&amp; wildList.indexOf(symbol) != -1): null

2019-08-23 18:55:49 - [TEST_STEP][PASSED] - if (i == 4 &amp;&amp; wildList.indexOf(symbol) != -1): null

2019-08-23 18:55:49 - [TEST_STEP][PASSED] - symbol = symbol: null

2019-08-23 18:55:49 - [TEST_STEP][PASSED] - println(symbol): null

2019-08-23 18:55:49 - [TEST_STEP][PASSED] - if (i == 2 &amp;&amp; wildList.indexOf(symbol) != -1): null

2019-08-23 18:55:49 - [TEST_STEP][PASSED] - if (i == 3 &amp;&amp; wildList.indexOf(symbol) != -1): null

2019-08-23 18:55:49 - [TEST_STEP][PASSED] - if (i == 4 &amp;&amp; wildList.indexOf(symbol) != -1): null

2019-08-23 18:55:49 - [TEST_STEP][PASSED] - symbol = symbol: null

2019-08-23 18:55:49 - [TEST_STEP][PASSED] - println(symbol): null

2019-08-23 18:55:49 - [TEST_STEP][PASSED] - if (i == 2 &amp;&amp; wildList.indexOf(symbol) != -1): null

2019-08-23 18:55:49 - [TEST_STEP][PASSED] - if (i == 3 &amp;&amp; wildList.indexOf(symbol) != -1): null

2019-08-23 18:55:49 - [TEST_STEP][PASSED] - if (i == 4 &amp;&amp; wildList.indexOf(symbol) != -1): null

2019-08-23 18:55:49 - [TEST_STEP][PASSED] - symbols = symbols: null

2019-08-23 18:55:49 - [TEST_STEP][PASSED] - for ([j = 0, j &lt; symbols.size(), (j++)]): null

2019-08-23 18:55:49 - [TEST_STEP][PASSED] - symbol = symbol: null

2019-08-23 18:55:49 - [TEST_STEP][PASSED] - println(symbol): null

2019-08-23 18:55:49 - [TEST_STEP][PASSED] - if (i == 2 &amp;&amp; wildList.indexOf(symbol) != -1): null

2019-08-23 18:55:49 - [TEST_STEP][PASSED] - if (i == 3 &amp;&amp; wildList.indexOf(symbol) != -1): null

2019-08-23 18:55:49 - [TEST_STEP][PASSED] - if (i == 4 &amp;&amp; wildList.indexOf(symbol) != -1): null

2019-08-23 18:55:49 - [TEST_STEP][PASSED] - symbol = symbol: null

2019-08-23 18:55:49 - [TEST_STEP][PASSED] - println(symbol): null

2019-08-23 18:55:49 - [TEST_STEP][PASSED] - if (i == 2 &amp;&amp; wildList.indexOf(symbol) != -1): null

2019-08-23 18:55:49 - [TEST_STEP][PASSED] - if (i == 3 &amp;&amp; wildList.indexOf(symbol) != -1): null

2019-08-23 18:55:49 - [TEST_STEP][PASSED] - if (i == 4 &amp;&amp; wildList.indexOf(symbol) != -1): null

2019-08-23 18:55:49 - [TEST_STEP][PASSED] - symbol = symbol: null

2019-08-23 18:55:49 - [TEST_STEP][PASSED] - println(symbol): null

2019-08-23 18:55:49 - [TEST_STEP][PASSED] - if (i == 2 &amp;&amp; wildList.indexOf(symbol) != -1): null

2019-08-23 18:55:49 - [TEST_STEP][PASSED] - if (i == 3 &amp;&amp; wildList.indexOf(symbol) != -1): null

2019-08-23 18:55:49 - [TEST_STEP][PASSED] - if (i == 4 &amp;&amp; wildList.indexOf(symbol) != -1): null

2019-08-23 18:55:49 - [TEST_STEP][PASSED] - symbols = symbols: null

2019-08-23 18:55:49 - [TEST_STEP][PASSED] - for ([j = 0, j &lt; symbols.size(), (j++)]): null

2019-08-23 18:55:49 - [TEST_STEP][PASSED] - symbol = symbol: null

2019-08-23 18:55:49 - [TEST_STEP][PASSED] - println(symbol): null

2019-08-23 18:55:49 - [TEST_STEP][PASSED] - if (i == 2 &amp;&amp; wildList.indexOf(symbol) != -1): null

2019-08-23 18:55:49 - [TEST_STEP][PASSED] - if (i == 3 &amp;&amp; wildList.indexOf(symbol) != -1): null

2019-08-23 18:55:49 - [TEST_STEP][PASSED] - if (i == 4 &amp;&amp; wildList.indexOf(symbol) != -1): null

2019-08-23 18:55:49 - [TEST_STEP][PASSED] - symbol = symbol: null

2019-08-23 18:55:49 - [TEST_STEP][PASSED] - println(symbol): null

2019-08-23 18:55:49 - [TEST_STEP][PASSED] - if (i == 2 &amp;&amp; wildList.indexOf(symbol) != -1): null

2019-08-23 18:55:49 - [TEST_STEP][PASSED] - if (i == 3 &amp;&amp; wildList.indexOf(symbol) != -1): null

2019-08-23 18:55:49 - [TEST_STEP][PASSED] - if (i == 4 &amp;&amp; wildList.indexOf(symbol) != -1): null

2019-08-23 18:55:49 - [TEST_STEP][PASSED] - symbol = symbol: null

2019-08-23 18:55:49 - [TEST_STEP][PASSED] - println(symbol): null

2019-08-23 18:55:49 - [TEST_STEP][PASSED] - if (i == 2 &amp;&amp; wildList.indexOf(symbol) != -1): null

2019-08-23 18:55:49 - [TEST_STEP][PASSED] - if (i == 3 &amp;&amp; wildList.indexOf(symbol) != -1): null

2019-08-23 18:55:49 - [TEST_STEP][PASSED] - if (i == 4 &amp;&amp; wildList.indexOf(symbol) != -1): null

2019-08-23 18:55:49 - [TEST_STEP][PASSED] - free_spin_reel_counter = free_spin_reel_counter: null

2019-08-23 18:55:49 - [TEST_STEP][PASSED] - println("reel 3 wild found: " + free_spin_reel_counter[0]): null

2019-08-23 18:55:49 - [TEST_STEP][PASSED] - println("reel 4 wild found: " + free_spin_reel_counter[1]): null

2019-08-23 18:55:49 - [TEST_STEP][PASSED] - println("reel 5 wild found: " + free_spin_reel_counter[2]): null

2019-08-23 18:55:49 - [TEST_STEP][PASSED] - M4_spin_reels = M4_spin_reels: null

2019-08-23 18:55:49 - [TEST_STEP][PASSED] - M4_spin_reels_symbols = symbol: null

2019-08-23 18:55:49 - [TEST_STEP][PASSED] - M4_spin_reels_symbols = M4_spin_reels_symbols: null

2019-08-23 18:55:49 - [TEST_STEP][PASSED] - M4_spin_reel_wins = reel_wins: null

2019-08-23 18:55:49 - [TEST_STEP][PASSED] - M4_spin_reel_wins = M4_spin_reel_wins: null

2019-08-23 18:55:49 - [TEST_STEP][PASSED] - println("GlobalVariable.M4_spin_reel_wins is: " + M4_spin_reel_wins): null

2019-08-23 18:55:49 - [TEST_STEP][PASSED] - M4_spin_total_bonus_win_this_round = total_bonus_win_this_round: null

2019-08-23 18:55:49 - [TEST_STEP][PASSED] - M4_spin_total_bonus_win_this_round = M4_spin_total_bonus_win_this_round: null

2019-08-23 18:55:49 - [TEST_STEP][PASSED] - println("GlobalVariable.M4_spin_total_bonus_win_this_round is: " + M4_spin_total_bonus_win_this_round): null

2019-08-23 18:55:49 - [TEST_STEP][PASSED] - M4_spin_bonus_spin_result = spin_result: null

2019-08-23 18:55:49 - [TEST_STEP][PASSED] - M4_spin_bonus_spin_result = M4_spin_bonus_spin_result: null

2019-08-23 18:55:49 - [MESSAGE][PASSED] - Verify response successfully

2019-08-23 18:55:49 - [MESSAGE][PASSED] - Send request and verify the response successfully

2019-08-23 18:55:49 - [TEST_STEP][PASSED] - if (free_spin_reel_counter[0] &gt;= 1 &amp;&amp; free_spin_reel_counter[1] &gt;= 1 &amp;&amp; free_spin_reel_counter[2] &gt;= 1): null

2019-08-23 18:55:49 - [TEST_STEP][PASSED] - spin_result = sendRequestAndVerify(findTestObject("INT/RGS(M4)/1_M4_spin", ["M4_login_user_id":M4_login_user_id, "rgs_session_token":rgs_session_token, "partner":Partner])): Send request and verify the response successfully

2019-08-23 18:55:49 - [MESSAGE][INFO] - HAR: /Users/eiralee/Katalon_Script/SuperWild/Reports/20190823_184757/INT/superWild_1/20190823_184757/requests/main/191.har

2019-08-23 18:55:49 - [TEST_CASE][PASSED] - Start Test Case : Verification: Verification accomplished successfully

2019-08-23 18:55:49 - [TEST_STEP][PASSED] - request = getInstance().getCurrentRequest(): null

2019-08-23 18:55:49 - [TEST_STEP][PASSED] - response = getInstance().getCurrentResponse(): null

2019-08-23 18:55:49 - [TEST_STEP][PASSED] - verifyResponseStatusCode(response, 200): Verify response status code successfully

2019-08-23 18:55:49 - [MESSAGE][PASSED] - Verify response status code successfully

2019-08-23 18:55:49 - [TEST_STEP][PASSED] - getStatusCode()).isEqualTo(200): null

2019-08-23 18:55:49 - [TEST_STEP][PASSED] - newline = System.getProperty("line.separator"): null

2019-08-23 18:55:49 - [TEST_STEP][PASSED] - M4_spin = new groovy.json.JsonSlurper(): null

2019-08-23 18:55:49 - [TEST_STEP][PASSED] - result_M4_spin = M4_spin.parseText(response.getResponseBodyContent()): null

2019-08-23 18:55:49 - [TEST_STEP][PASSED] - M4_spin_current_balance = current_balance: null

2019-08-23 18:55:49 - [TEST_STEP][PASSED] - M4_spin_current_balance = M4_spin_current_balance: null

2019-08-23 18:55:49 - [TEST_STEP][PASSED] - M4_spin_transaction_id = causality: null

2019-08-23 18:55:49 - [TEST_STEP][PASSED] - M4_spin_transaction_id = M4_spin_transaction_id: null

2019-08-23 18:55:49 - [TEST_STEP][PASSED] - M4_spin_round_id = round_id: null

2019-08-23 18:55:49 - [TEST_STEP][PASSED] - M4_spin_round_id = M4_spin_round_id: null

2019-08-23 18:55:49 - [TEST_STEP][PASSED] - M4_spin_line_wins = line_wins: null

2019-08-23 18:55:49 - [TEST_STEP][PASSED] - M4_spin_line_wins = M4_spin_line_wins: null

2019-08-23 18:55:49 - [TEST_STEP][PASSED] - M4_total_bonus_spins_int = total_bonus_spins: null

2019-08-23 18:55:49 - [TEST_STEP][PASSED] - println("******M4_total_bonus_spins type is:*******" + newline + getClass().getName()): null

2019-08-23 18:55:49 - [TEST_STEP][PASSED] - M4_total_bonus_spins_int = M4_total_bonus_spins_int: null

2019-08-23 18:55:49 - [TEST_STEP][PASSED] - M4_total_bonus_spins = Integer.toString(M4_total_bonus_spins_int): null

2019-08-23 18:55:49 - [TEST_STEP][PASSED] - M4_total_bonus_spins = M4_total_bonus_spins: null

2019-08-23 18:55:49 - [TEST_STEP][PASSED] - println("M4_total_bonus_spins is:" + M4_total_bonus_spins): null

2019-08-23 18:55:49 - [TEST_STEP][PASSED] - M4_spin_bonus_data = bonus_data: null

2019-08-23 18:55:49 - [TEST_STEP][PASSED] - M4_spin_features_triggered = result_M4_spin: null

2019-08-23 18:55:49 - [TEST_STEP][PASSED] - wild = []: null

2019-08-23 18:55:49 - [TEST_STEP][PASSED] - wild[0] = "WILD_Expanding": null

2019-08-23 18:55:49 - [TEST_STEP][PASSED] - wild[1] = "WILD_Normal": null

2019-08-23 18:55:49 - [TEST_STEP][PASSED] - wild[2] = "WILD_Double": null

2019-08-23 18:55:49 - [TEST_STEP][PASSED] - wild[3] = "WILD_ExtraFG": null

2019-08-23 18:55:49 - [TEST_STEP][PASSED] - wild[4] = "WILD_Triple": null

2019-08-23 18:55:49 - [TEST_STEP][PASSED] - wildList = Arrays.asList(wild): null

2019-08-23 18:55:49 - [TEST_STEP][PASSED] - wildList = wildList: null

2019-08-23 18:55:49 - [TEST_STEP][PASSED] - free_spin_reel_counter = []: null

2019-08-23 18:55:49 - [TEST_STEP][PASSED] - free_spin_reel_counter[0] = 0: null

2019-08-23 18:55:49 - [TEST_STEP][PASSED] - free_spin_reel_counter[1] = 0: null

2019-08-23 18:55:49 - [TEST_STEP][PASSED] - free_spin_reel_counter[2] = 0: null

2019-08-23 18:55:49 - [TEST_STEP][PASSED] - M4_spin_reels = reels: null

2019-08-23 18:55:49 - [TEST_STEP][PASSED] - for ([i = 0, i &lt; M4_spin_reels.size(), (i++)]): null

2019-08-23 18:55:49 - [TEST_STEP][PASSED] - symbols = symbols: null

2019-08-23 18:55:49 - [TEST_STEP][PASSED] - for ([j = 0, j &lt; symbols.size(), (j++)]): null

2019-08-23 18:55:49 - [TEST_STEP][PASSED] - symbol = symbol: null

2019-08-23 18:55:49 - [TEST_STEP][PASSED] - println(symbol): null

2019-08-23 18:55:49 - [TEST_STEP][PASSED] - if (i == 2 &amp;&amp; wildList.indexOf(symbol) != -1): null

2019-08-23 18:55:49 - [TEST_STEP][PASSED] - if (i == 3 &amp;&amp; wildList.indexOf(symbol) != -1): null

2019-08-23 18:55:49 - [TEST_STEP][PASSED] - if (i == 4 &amp;&amp; wildList.indexOf(symbol) != -1): null

2019-08-23 18:55:49 - [TEST_STEP][PASSED] - symbol = symbol: null

2019-08-23 18:55:49 - [TEST_STEP][PASSED] - println(symbol): null

2019-08-23 18:55:49 - [TEST_STEP][PASSED] - if (i == 2 &amp;&amp; wildList.indexOf(symbol) != -1): null

2019-08-23 18:55:49 - [TEST_STEP][PASSED] - if (i == 3 &amp;&amp; wildList.indexOf(symbol) != -1): null

2019-08-23 18:55:49 - [TEST_STEP][PASSED] - if (i == 4 &amp;&amp; wildList.indexOf(symbol) != -1): null

2019-08-23 18:55:49 - [TEST_STEP][PASSED] - symbol = symbol: null

2019-08-23 18:55:49 - [TEST_STEP][PASSED] - println(symbol): null

2019-08-23 18:55:49 - [TEST_STEP][PASSED] - if (i == 2 &amp;&amp; wildList.indexOf(symbol) != -1): null

2019-08-23 18:55:49 - [TEST_STEP][PASSED] - if (i == 3 &amp;&amp; wildList.indexOf(symbol) != -1): null

2019-08-23 18:55:49 - [TEST_STEP][PASSED] - if (i == 4 &amp;&amp; wildList.indexOf(symbol) != -1): null

2019-08-23 18:55:49 - [TEST_STEP][PASSED] - symbols = symbols: null

2019-08-23 18:55:49 - [TEST_STEP][PASSED] - for ([j = 0, j &lt; symbols.size(), (j++)]): null

2019-08-23 18:55:49 - [TEST_STEP][PASSED] - symbol = symbol: null

2019-08-23 18:55:49 - [TEST_STEP][PASSED] - println(symbol): null

2019-08-23 18:55:49 - [TEST_STEP][PASSED] - if (i == 2 &amp;&amp; wildList.indexOf(symbol) != -1): null

2019-08-23 18:55:49 - [TEST_STEP][PASSED] - if (i == 3 &amp;&amp; wildList.indexOf(symbol) != -1): null

2019-08-23 18:55:49 - [TEST_STEP][PASSED] - if (i == 4 &amp;&amp; wildList.indexOf(symbol) != -1): null

2019-08-23 18:55:49 - [TEST_STEP][PASSED] - symbol = symbol: null

2019-08-23 18:55:49 - [TEST_STEP][PASSED] - println(symbol): null

2019-08-23 18:55:49 - [TEST_STEP][PASSED] - if (i == 2 &amp;&amp; wildList.indexOf(symbol) != -1): null

2019-08-23 18:55:49 - [TEST_STEP][PASSED] - if (i == 3 &amp;&amp; wildList.indexOf(symbol) != -1): null

2019-08-23 18:55:49 - [TEST_STEP][PASSED] - if (i == 4 &amp;&amp; wildList.indexOf(symbol) != -1): null

2019-08-23 18:55:49 - [TEST_STEP][PASSED] - symbol = symbol: null

2019-08-23 18:55:49 - [TEST_STEP][PASSED] - println(symbol): null

2019-08-23 18:55:49 - [TEST_STEP][PASSED] - if (i == 2 &amp;&amp; wildList.indexOf(symbol) != -1): null

2019-08-23 18:55:49 - [TEST_STEP][PASSED] - if (i == 3 &amp;&amp; wildList.indexOf(symbol) != -1): null

2019-08-23 18:55:49 - [TEST_STEP][PASSED] - if (i == 4 &amp;&amp; wildList.indexOf(symbol) != -1): null

2019-08-23 18:55:49 - [TEST_STEP][PASSED] - symbols = symbols: null

2019-08-23 18:55:49 - [TEST_STEP][PASSED] - for ([j = 0, j &lt; symbols.size(), (j++)]): null

2019-08-23 18:55:49 - [TEST_STEP][PASSED] - symbol = symbol: null

2019-08-23 18:55:49 - [TEST_STEP][PASSED] - println(symbol): null

2019-08-23 18:55:49 - [TEST_STEP][PASSED] - if (i == 2 &amp;&amp; wildList.indexOf(symbol) != -1): null

2019-08-23 18:55:49 - [TEST_STEP][PASSED] - println("wild found on reel 3, adding counter by 1"): null

2019-08-23 18:55:49 - [TEST_STEP][PASSED] - free_spin_reel_counter[0] = free_spin_reel_counter[0] + 1: null

2019-08-23 18:55:49 - [TEST_STEP][PASSED] - if (i == 3 &amp;&amp; wildList.indexOf(symbol) != -1): null

2019-08-23 18:55:49 - [TEST_STEP][PASSED] - if (i == 4 &amp;&amp; wildList.indexOf(symbol) != -1): null

2019-08-23 18:55:49 - [TEST_STEP][PASSED] - symbol = symbol: null

2019-08-23 18:55:49 - [TEST_STEP][PASSED] - println(symbol): null

2019-08-23 18:55:49 - [TEST_STEP][PASSED] - if (i == 2 &amp;&amp; wildList.indexOf(symbol) != -1): null

2019-08-23 18:55:49 - [TEST_STEP][PASSED] - if (i == 3 &amp;&amp; wildList.indexOf(symbol) != -1): null

2019-08-23 18:55:49 - [TEST_STEP][PASSED] - if (i == 4 &amp;&amp; wildList.indexOf(symbol) != -1): null

2019-08-23 18:55:49 - [TEST_STEP][PASSED] - symbol = symbol: null

2019-08-23 18:55:49 - [TEST_STEP][PASSED] - println(symbol): null

2019-08-23 18:55:49 - [TEST_STEP][PASSED] - if (i == 2 &amp;&amp; wildList.indexOf(symbol) != -1): null

2019-08-23 18:55:49 - [TEST_STEP][PASSED] - if (i == 3 &amp;&amp; wildList.indexOf(symbol) != -1): null

2019-08-23 18:55:49 - [TEST_STEP][PASSED] - if (i == 4 &amp;&amp; wildList.indexOf(symbol) != -1): null

2019-08-23 18:55:49 - [TEST_STEP][PASSED] - symbols = symbols: null

2019-08-23 18:55:49 - [TEST_STEP][PASSED] - for ([j = 0, j &lt; symbols.size(), (j++)]): null

2019-08-23 18:55:49 - [TEST_STEP][PASSED] - symbol = symbol: null

2019-08-23 18:55:49 - [TEST_STEP][PASSED] - println(symbol): null

2019-08-23 18:55:49 - [TEST_STEP][PASSED] - if (i == 2 &amp;&amp; wildList.indexOf(symbol) != -1): null

2019-08-23 18:55:49 - [TEST_STEP][PASSED] - if (i == 3 &amp;&amp; wildList.indexOf(symbol) != -1): null

2019-08-23 18:55:49 - [TEST_STEP][PASSED] - if (i == 4 &amp;&amp; wildList.indexOf(symbol) != -1): null

2019-08-23 18:55:49 - [TEST_STEP][PASSED] - symbol = symbol: null

2019-08-23 18:55:49 - [TEST_STEP][PASSED] - println(symbol): null

2019-08-23 18:55:49 - [TEST_STEP][PASSED] - if (i == 2 &amp;&amp; wildList.indexOf(symbol) != -1): null

2019-08-23 18:55:49 - [TEST_STEP][PASSED] - if (i == 3 &amp;&amp; wildList.indexOf(symbol) != -1): null

2019-08-23 18:55:49 - [TEST_STEP][PASSED] - if (i == 4 &amp;&amp; wildList.indexOf(symbol) != -1): null

2019-08-23 18:55:49 - [TEST_STEP][PASSED] - symbol = symbol: null

2019-08-23 18:55:49 - [TEST_STEP][PASSED] - println(symbol): null

2019-08-23 18:55:49 - [TEST_STEP][PASSED] - if (i == 2 &amp;&amp; wildList.indexOf(symbol) != -1): null

2019-08-23 18:55:49 - [TEST_STEP][PASSED] - if (i == 3 &amp;&amp; wildList.indexOf(symbol) != -1): null

2019-08-23 18:55:49 - [TEST_STEP][PASSED] - if (i == 4 &amp;&amp; wildList.indexOf(symbol) != -1): null

2019-08-23 18:55:49 - [TEST_STEP][PASSED] - symbols = symbols: null

2019-08-23 18:55:49 - [TEST_STEP][PASSED] - for ([j = 0, j &lt; symbols.size(), (j++)]): null

2019-08-23 18:55:49 - [TEST_STEP][PASSED] - symbol = symbol: null

2019-08-23 18:55:49 - [TEST_STEP][PASSED] - println(symbol): null

2019-08-23 18:55:49 - [TEST_STEP][PASSED] - if (i == 2 &amp;&amp; wildList.indexOf(symbol) != -1): null

2019-08-23 18:55:49 - [TEST_STEP][PASSED] - if (i == 3 &amp;&amp; wildList.indexOf(symbol) != -1): null

2019-08-23 18:55:49 - [TEST_STEP][PASSED] - if (i == 4 &amp;&amp; wildList.indexOf(symbol) != -1): null

2019-08-23 18:55:49 - [TEST_STEP][PASSED] - symbol = symbol: null

2019-08-23 18:55:49 - [TEST_STEP][PASSED] - println(symbol): null

2019-08-23 18:55:49 - [TEST_STEP][PASSED] - if (i == 2 &amp;&amp; wildList.indexOf(symbol) != -1): null

2019-08-23 18:55:49 - [TEST_STEP][PASSED] - if (i == 3 &amp;&amp; wildList.indexOf(symbol) != -1): null

2019-08-23 18:55:49 - [TEST_STEP][PASSED] - if (i == 4 &amp;&amp; wildList.indexOf(symbol) != -1): null

2019-08-23 18:55:49 - [TEST_STEP][PASSED] - symbol = symbol: null

2019-08-23 18:55:49 - [TEST_STEP][PASSED] - println(symbol): null

2019-08-23 18:55:49 - [TEST_STEP][PASSED] - if (i == 2 &amp;&amp; wildList.indexOf(symbol) != -1): null

2019-08-23 18:55:49 - [TEST_STEP][PASSED] - if (i == 3 &amp;&amp; wildList.indexOf(symbol) != -1): null

2019-08-23 18:55:49 - [TEST_STEP][PASSED] - if (i == 4 &amp;&amp; wildList.indexOf(symbol) != -1): null

2019-08-23 18:55:49 - [TEST_STEP][PASSED] - free_spin_reel_counter = free_spin_reel_counter: null

2019-08-23 18:55:49 - [TEST_STEP][PASSED] - println("reel 3 wild found: " + free_spin_reel_counter[0]): null

2019-08-23 18:55:49 - [TEST_STEP][PASSED] - println("reel 4 wild found: " + free_spin_reel_counter[1]): null

2019-08-23 18:55:49 - [TEST_STEP][PASSED] - println("reel 5 wild found: " + free_spin_reel_counter[2]): null

2019-08-23 18:55:49 - [TEST_STEP][PASSED] - M4_spin_reels = M4_spin_reels: null

2019-08-23 18:55:49 - [TEST_STEP][PASSED] - M4_spin_reels_symbols = symbol: null

2019-08-23 18:55:49 - [TEST_STEP][PASSED] - M4_spin_reels_symbols = M4_spin_reels_symbols: null

2019-08-23 18:55:49 - [TEST_STEP][PASSED] - M4_spin_reel_wins = reel_wins: null

2019-08-23 18:55:49 - [TEST_STEP][PASSED] - M4_spin_reel_wins = M4_spin_reel_wins: null

2019-08-23 18:55:49 - [TEST_STEP][PASSED] - println("GlobalVariable.M4_spin_reel_wins is: " + M4_spin_reel_wins): null

2019-08-23 18:55:49 - [TEST_STEP][PASSED] - M4_spin_total_bonus_win_this_round = total_bonus_win_this_round: null

2019-08-23 18:55:49 - [TEST_STEP][PASSED] - M4_spin_total_bonus_win_this_round = M4_spin_total_bonus_win_this_round: null

2019-08-23 18:55:49 - [TEST_STEP][PASSED] - println("GlobalVariable.M4_spin_total_bonus_win_this_round is: " + M4_spin_total_bonus_win_this_round): null

2019-08-23 18:55:49 - [TEST_STEP][PASSED] - M4_spin_bonus_spin_result = spin_result: null

2019-08-23 18:55:49 - [TEST_STEP][PASSED] - M4_spin_bonus_spin_result = M4_spin_bonus_spin_result: null

2019-08-23 18:55:49 - [MESSAGE][PASSED] - Verify response successfully

2019-08-23 18:55:49 - [MESSAGE][PASSED] - Send request and verify the response successfully

2019-08-23 18:55:49 - [TEST_STEP][PASSED] - if (free_spin_reel_counter[0] &gt;= 1 &amp;&amp; free_spin_reel_counter[1] &gt;= 1 &amp;&amp; free_spin_reel_counter[2] &gt;= 1): null

2019-08-23 18:55:49 - [TEST_STEP][PASSED] - spin_result = sendRequestAndVerify(findTestObject("INT/RGS(M4)/1_M4_spin", ["M4_login_user_id":M4_login_user_id, "rgs_session_token":rgs_session_token, "partner":Partner])): Send request and verify the response successfully

2019-08-23 18:55:50 - [MESSAGE][INFO] - HAR: /Users/eiralee/Katalon_Script/SuperWild/Reports/20190823_184757/INT/superWild_1/20190823_184757/requests/main/192.har

2019-08-23 18:55:50 - [TEST_CASE][PASSED] - Start Test Case : Verification: Verification accomplished successfully

2019-08-23 18:55:50 - [TEST_STEP][PASSED] - request = getInstance().getCurrentRequest(): null

2019-08-23 18:55:50 - [TEST_STEP][PASSED] - response = getInstance().getCurrentResponse(): null

2019-08-23 18:55:50 - [TEST_STEP][PASSED] - verifyResponseStatusCode(response, 200): Verify response status code successfully

2019-08-23 18:55:50 - [MESSAGE][PASSED] - Verify response status code successfully

2019-08-23 18:55:50 - [TEST_STEP][PASSED] - getStatusCode()).isEqualTo(200): null

2019-08-23 18:55:50 - [TEST_STEP][PASSED] - newline = System.getProperty("line.separator"): null

2019-08-23 18:55:50 - [TEST_STEP][PASSED] - M4_spin = new groovy.json.JsonSlurper(): null

2019-08-23 18:55:50 - [TEST_STEP][PASSED] - result_M4_spin = M4_spin.parseText(response.getResponseBodyContent()): null

2019-08-23 18:55:50 - [TEST_STEP][PASSED] - M4_spin_current_balance = current_balance: null

2019-08-23 18:55:50 - [TEST_STEP][PASSED] - M4_spin_current_balance = M4_spin_current_balance: null

2019-08-23 18:55:50 - [TEST_STEP][PASSED] - M4_spin_transaction_id = causality: null

2019-08-23 18:55:50 - [TEST_STEP][PASSED] - M4_spin_transaction_id = M4_spin_transaction_id: null

2019-08-23 18:55:50 - [TEST_STEP][PASSED] - M4_spin_round_id = round_id: null

2019-08-23 18:55:50 - [TEST_STEP][PASSED] - M4_spin_round_id = M4_spin_round_id: null

2019-08-23 18:55:50 - [TEST_STEP][PASSED] - M4_spin_line_wins = line_wins: null

2019-08-23 18:55:50 - [TEST_STEP][PASSED] - M4_spin_line_wins = M4_spin_line_wins: null

2019-08-23 18:55:50 - [TEST_STEP][PASSED] - M4_total_bonus_spins_int = total_bonus_spins: null

2019-08-23 18:55:50 - [TEST_STEP][PASSED] - println("******M4_total_bonus_spins type is:*******" + newline + getClass().getName()): null

2019-08-23 18:55:50 - [TEST_STEP][PASSED] - M4_total_bonus_spins_int = M4_total_bonus_spins_int: null

2019-08-23 18:55:50 - [TEST_STEP][PASSED] - M4_total_bonus_spins = Integer.toString(M4_total_bonus_spins_int): null

2019-08-23 18:55:50 - [TEST_STEP][PASSED] - M4_total_bonus_spins = M4_total_bonus_spins: null

2019-08-23 18:55:50 - [TEST_STEP][PASSED] - println("M4_total_bonus_spins is:" + M4_total_bonus_spins): null

2019-08-23 18:55:50 - [TEST_STEP][PASSED] - M4_spin_bonus_data = bonus_data: null

2019-08-23 18:55:50 - [TEST_STEP][PASSED] - M4_spin_features_triggered = result_M4_spin: null

2019-08-23 18:55:50 - [TEST_STEP][PASSED] - wild = []: null

2019-08-23 18:55:50 - [TEST_STEP][PASSED] - wild[0] = "WILD_Expanding": null

2019-08-23 18:55:50 - [TEST_STEP][PASSED] - wild[1] = "WILD_Normal": null

2019-08-23 18:55:50 - [TEST_STEP][PASSED] - wild[2] = "WILD_Double": null

2019-08-23 18:55:50 - [TEST_STEP][PASSED] - wild[3] = "WILD_ExtraFG": null

2019-08-23 18:55:50 - [TEST_STEP][PASSED] - wild[4] = "WILD_Triple": null

2019-08-23 18:55:50 - [TEST_STEP][PASSED] - wildList = Arrays.asList(wild): null

2019-08-23 18:55:50 - [TEST_STEP][PASSED] - wildList = wildList: null

2019-08-23 18:55:50 - [TEST_STEP][PASSED] - free_spin_reel_counter = []: null

2019-08-23 18:55:50 - [TEST_STEP][PASSED] - free_spin_reel_counter[0] = 0: null

2019-08-23 18:55:50 - [TEST_STEP][PASSED] - free_spin_reel_counter[1] = 0: null

2019-08-23 18:55:50 - [TEST_STEP][PASSED] - free_spin_reel_counter[2] = 0: null

2019-08-23 18:55:50 - [TEST_STEP][PASSED] - M4_spin_reels = reels: null

2019-08-23 18:55:50 - [TEST_STEP][PASSED] - for ([i = 0, i &lt; M4_spin_reels.size(), (i++)]): null

2019-08-23 18:55:50 - [TEST_STEP][PASSED] - symbols = symbols: null

2019-08-23 18:55:50 - [TEST_STEP][PASSED] - for ([j = 0, j &lt; symbols.size(), (j++)]): null

2019-08-23 18:55:50 - [TEST_STEP][PASSED] - symbol = symbol: null

2019-08-23 18:55:50 - [TEST_STEP][PASSED] - println(symbol): null

2019-08-23 18:55:50 - [TEST_STEP][PASSED] - if (i == 2 &amp;&amp; wildList.indexOf(symbol) != -1): null

2019-08-23 18:55:50 - [TEST_STEP][PASSED] - if (i == 3 &amp;&amp; wildList.indexOf(symbol) != -1): null

2019-08-23 18:55:50 - [TEST_STEP][PASSED] - if (i == 4 &amp;&amp; wildList.indexOf(symbol) != -1): null

2019-08-23 18:55:50 - [TEST_STEP][PASSED] - symbol = symbol: null

2019-08-23 18:55:50 - [TEST_STEP][PASSED] - println(symbol): null

2019-08-23 18:55:50 - [TEST_STEP][PASSED] - if (i == 2 &amp;&amp; wildList.indexOf(symbol) != -1): null

2019-08-23 18:55:50 - [TEST_STEP][PASSED] - if (i == 3 &amp;&amp; wildList.indexOf(symbol) != -1): null

2019-08-23 18:55:50 - [TEST_STEP][PASSED] - if (i == 4 &amp;&amp; wildList.indexOf(symbol) != -1): null

2019-08-23 18:55:50 - [TEST_STEP][PASSED] - symbol = symbol: null

2019-08-23 18:55:50 - [TEST_STEP][PASSED] - println(symbol): null

2019-08-23 18:55:50 - [TEST_STEP][PASSED] - if (i == 2 &amp;&amp; wildList.indexOf(symbol) != -1): null

2019-08-23 18:55:50 - [TEST_STEP][PASSED] - if (i == 3 &amp;&amp; wildList.indexOf(symbol) != -1): null

2019-08-23 18:55:50 - [TEST_STEP][PASSED] - if (i == 4 &amp;&amp; wildList.indexOf(symbol) != -1): null

2019-08-23 18:55:50 - [TEST_STEP][PASSED] - symbols = symbols: null

2019-08-23 18:55:50 - [TEST_STEP][PASSED] - for ([j = 0, j &lt; symbols.size(), (j++)]): null

2019-08-23 18:55:50 - [TEST_STEP][PASSED] - symbol = symbol: null

2019-08-23 18:55:50 - [TEST_STEP][PASSED] - println(symbol): null

2019-08-23 18:55:50 - [TEST_STEP][PASSED] - if (i == 2 &amp;&amp; wildList.indexOf(symbol) != -1): null

2019-08-23 18:55:50 - [TEST_STEP][PASSED] - if (i == 3 &amp;&amp; wildList.indexOf(symbol) != -1): null

2019-08-23 18:55:50 - [TEST_STEP][PASSED] - if (i == 4 &amp;&amp; wildList.indexOf(symbol) != -1): null

2019-08-23 18:55:50 - [TEST_STEP][PASSED] - symbol = symbol: null

2019-08-23 18:55:50 - [TEST_STEP][PASSED] - println(symbol): null

2019-08-23 18:55:50 - [TEST_STEP][PASSED] - if (i == 2 &amp;&amp; wildList.indexOf(symbol) != -1): null

2019-08-23 18:55:50 - [TEST_STEP][PASSED] - if (i == 3 &amp;&amp; wildList.indexOf(symbol) != -1): null

2019-08-23 18:55:50 - [TEST_STEP][PASSED] - if (i == 4 &amp;&amp; wildList.indexOf(symbol) != -1): null

2019-08-23 18:55:50 - [TEST_STEP][PASSED] - symbol = symbol: null

2019-08-23 18:55:50 - [TEST_STEP][PASSED] - println(symbol): null

2019-08-23 18:55:50 - [TEST_STEP][PASSED] - if (i == 2 &amp;&amp; wildList.indexOf(symbol) != -1): null

2019-08-23 18:55:50 - [TEST_STEP][PASSED] - if (i == 3 &amp;&amp; wildList.indexOf(symbol) != -1): null

2019-08-23 18:55:50 - [TEST_STEP][PASSED] - if (i == 4 &amp;&amp; wildList.indexOf(symbol) != -1): null

2019-08-23 18:55:50 - [TEST_STEP][PASSED] - symbols = symbols: null

2019-08-23 18:55:50 - [TEST_STEP][PASSED] - for ([j = 0, j &lt; symbols.size(), (j++)]): null

2019-08-23 18:55:50 - [TEST_STEP][PASSED] - symbol = symbol: null

2019-08-23 18:55:50 - [TEST_STEP][PASSED] - println(symbol): null

2019-08-23 18:55:50 - [TEST_STEP][PASSED] - if (i == 2 &amp;&amp; wildList.indexOf(symbol) != -1): null

2019-08-23 18:55:50 - [TEST_STEP][PASSED] - if (i == 3 &amp;&amp; wildList.indexOf(symbol) != -1): null

2019-08-23 18:55:50 - [TEST_STEP][PASSED] - if (i == 4 &amp;&amp; wildList.indexOf(symbol) != -1): null

2019-08-23 18:55:50 - [TEST_STEP][PASSED] - symbol = symbol: null

2019-08-23 18:55:52 - [TEST_STEP][PASSED] - println(symbol): null

2019-08-23 18:55:52 - [TEST_STEP][PASSED] - if (i == 2 &amp;&amp; wildList.indexOf(symbol) != -1): null

2019-08-23 18:55:52 - [TEST_STEP][PASSED] - if (i == 3 &amp;&amp; wildList.indexOf(symbol) != -1): null

2019-08-23 18:55:52 - [TEST_STEP][PASSED] - if (i == 4 &amp;&amp; wildList.indexOf(symbol) != -1): null

2019-08-23 18:55:52 - [TEST_STEP][PASSED] - symbol = symbol: null

2019-08-23 18:55:52 - [TEST_STEP][PASSED] - println(symbol): null

2019-08-23 18:55:52 - [TEST_STEP][PASSED] - if (i == 2 &amp;&amp; wildList.indexOf(symbol) != -1): null

2019-08-23 18:55:52 - [TEST_STEP][PASSED] - if (i == 3 &amp;&amp; wildList.indexOf(symbol) != -1): null

2019-08-23 18:55:52 - [TEST_STEP][PASSED] - if (i == 4 &amp;&amp; wildList.indexOf(symbol) != -1): null

2019-08-23 18:55:52 - [TEST_STEP][PASSED] - symbols = symbols: null

2019-08-23 18:55:52 - [TEST_STEP][PASSED] - for ([j = 0, j &lt; symbols.size(), (j++)]): null

2019-08-23 18:55:52 - [TEST_STEP][PASSED] - symbol = symbol: null

2019-08-23 18:55:52 - [TEST_STEP][PASSED] - println(symbol): null

2019-08-23 18:55:52 - [TEST_STEP][PASSED] - if (i == 2 &amp;&amp; wildList.indexOf(symbol) != -1): null

2019-08-23 18:55:52 - [TEST_STEP][PASSED] - if (i == 3 &amp;&amp; wildList.indexOf(symbol) != -1): null

2019-08-23 18:55:52 - [TEST_STEP][PASSED] - if (i == 4 &amp;&amp; wildList.indexOf(symbol) != -1): null

2019-08-23 18:55:52 - [TEST_STEP][PASSED] - symbol = symbol: null

2019-08-23 18:55:52 - [TEST_STEP][PASSED] - println(symbol): null

2019-08-23 18:55:52 - [TEST_STEP][PASSED] - if (i == 2 &amp;&amp; wildList.indexOf(symbol) != -1): null

2019-08-23 18:55:52 - [TEST_STEP][PASSED] - if (i == 3 &amp;&amp; wildList.indexOf(symbol) != -1): null

2019-08-23 18:55:52 - [TEST_STEP][PASSED] - if (i == 4 &amp;&amp; wildList.indexOf(symbol) != -1): null

2019-08-23 18:55:52 - [TEST_STEP][PASSED] - symbol = symbol: null

2019-08-23 18:55:52 - [TEST_STEP][PASSED] - println(symbol): null

2019-08-23 18:55:52 - [TEST_STEP][PASSED] - if (i == 2 &amp;&amp; wildList.indexOf(symbol) != -1): null

2019-08-23 18:55:52 - [TEST_STEP][PASSED] - if (i == 3 &amp;&amp; wildList.indexOf(symbol) != -1): null

2019-08-23 18:55:52 - [TEST_STEP][PASSED] - if (i == 4 &amp;&amp; wildList.indexOf(symbol) != -1): null

2019-08-23 18:55:52 - [TEST_STEP][PASSED] - symbols = symbols: null

2019-08-23 18:55:52 - [TEST_STEP][PASSED] - for ([j = 0, j &lt; symbols.size(), (j++)]): null

2019-08-23 18:55:52 - [TEST_STEP][PASSED] - symbol = symbol: null

2019-08-23 18:55:52 - [TEST_STEP][PASSED] - println(symbol): null

2019-08-23 18:55:52 - [TEST_STEP][PASSED] - if (i == 2 &amp;&amp; wildList.indexOf(symbol) != -1): null

2019-08-23 18:55:52 - [TEST_STEP][PASSED] - if (i == 3 &amp;&amp; wildList.indexOf(symbol) != -1): null

2019-08-23 18:55:52 - [TEST_STEP][PASSED] - if (i == 4 &amp;&amp; wildList.indexOf(symbol) != -1): null

2019-08-23 18:55:52 - [TEST_STEP][PASSED] - symbol = symbol: null

2019-08-23 18:55:52 - [TEST_STEP][PASSED] - println(symbol): null

2019-08-23 18:55:52 - [TEST_STEP][PASSED] - if (i == 2 &amp;&amp; wildList.indexOf(symbol) != -1): null

2019-08-23 18:55:52 - [TEST_STEP][PASSED] - if (i == 3 &amp;&amp; wildList.indexOf(symbol) != -1): null

2019-08-23 18:55:52 - [TEST_STEP][PASSED] - if (i == 4 &amp;&amp; wildList.indexOf(symbol) != -1): null

2019-08-23 18:55:52 - [TEST_STEP][PASSED] - symbol = symbol: null

2019-08-23 18:55:52 - [TEST_STEP][PASSED] - println(symbol): null

2019-08-23 18:55:52 - [TEST_STEP][PASSED] - if (i == 2 &amp;&amp; wildList.indexOf(symbol) != -1): null

2019-08-23 18:55:52 - [TEST_STEP][PASSED] - if (i == 3 &amp;&amp; wildList.indexOf(symbol) != -1): null

2019-08-23 18:55:52 - [TEST_STEP][PASSED] - if (i == 4 &amp;&amp; wildList.indexOf(symbol) != -1): null

2019-08-23 18:55:52 - [TEST_STEP][PASSED] - free_spin_reel_counter = free_spin_reel_counter: null

2019-08-23 18:55:52 - [TEST_STEP][PASSED] - println("reel 3 wild found: " + free_spin_reel_counter[0]): null

2019-08-23 18:55:52 - [TEST_STEP][PASSED] - println("reel 4 wild found: " + free_spin_reel_counter[1]): null

2019-08-23 18:55:52 - [TEST_STEP][PASSED] - println("reel 5 wild found: " + free_spin_reel_counter[2]): null

2019-08-23 18:55:52 - [TEST_STEP][PASSED] - M4_spin_reels = M4_spin_reels: null

2019-08-23 18:55:52 - [TEST_STEP][PASSED] - M4_spin_reels_symbols = symbol: null

2019-08-23 18:55:52 - [TEST_STEP][PASSED] - M4_spin_reels_symbols = M4_spin_reels_symbols: null

2019-08-23 18:55:52 - [TEST_STEP][PASSED] - M4_spin_reel_wins = reel_wins: null

2019-08-23 18:55:52 - [TEST_STEP][PASSED] - M4_spin_reel_wins = M4_spin_reel_wins: null

2019-08-23 18:55:52 - [TEST_STEP][PASSED] - println("GlobalVariable.M4_spin_reel_wins is: " + M4_spin_reel_wins): null

2019-08-23 18:55:52 - [TEST_STEP][PASSED] - M4_spin_total_bonus_win_this_round = total_bonus_win_this_round: null

2019-08-23 18:55:52 - [TEST_STEP][PASSED] - M4_spin_total_bonus_win_this_round = M4_spin_total_bonus_win_this_round: null

2019-08-23 18:55:52 - [TEST_STEP][PASSED] - println("GlobalVariable.M4_spin_total_bonus_win_this_round is: " + M4_spin_total_bonus_win_this_round): null

2019-08-23 18:55:52 - [TEST_STEP][PASSED] - M4_spin_bonus_spin_result = spin_result: null

2019-08-23 18:55:52 - [TEST_STEP][PASSED] - M4_spin_bonus_spin_result = M4_spin_bonus_spin_result: null

2019-08-23 18:55:52 - [MESSAGE][PASSED] - Verify response successfully

2019-08-23 18:55:52 - [MESSAGE][PASSED] - Send request and verify the response successfully

2019-08-23 18:55:52 - [TEST_STEP][PASSED] - if (free_spin_reel_counter[0] &gt;= 1 &amp;&amp; free_spin_reel_counter[1] &gt;= 1 &amp;&amp; free_spin_reel_counter[2] &gt;= 1): null

2019-08-23 18:55:52 - [TEST_STEP][PASSED] - spin_result = sendRequestAndVerify(findTestObject("INT/RGS(M4)/1_M4_spin", ["M4_login_user_id":M4_login_user_id, "rgs_session_token":rgs_session_token, "partner":Partner])): Send request and verify the response successfully

2019-08-23 18:55:53 - [MESSAGE][INFO] - HAR: /Users/eiralee/Katalon_Script/SuperWild/Reports/20190823_184757/INT/superWild_1/20190823_184757/requests/main/193.har

2019-08-23 18:55:53 - [TEST_CASE][PASSED] - Start Test Case : Verification: Verification accomplished successfully

2019-08-23 18:55:53 - [TEST_STEP][PASSED] - request = getInstance().getCurrentRequest(): null

2019-08-23 18:55:53 - [TEST_STEP][PASSED] - response = getInstance().getCurrentResponse(): null

2019-08-23 18:55:53 - [TEST_STEP][PASSED] - verifyResponseStatusCode(response, 200): Verify response status code successfully

2019-08-23 18:55:53 - [MESSAGE][PASSED] - Verify response status code successfully

2019-08-23 18:55:53 - [TEST_STEP][PASSED] - getStatusCode()).isEqualTo(200): null

2019-08-23 18:55:53 - [TEST_STEP][PASSED] - newline = System.getProperty("line.separator"): null

2019-08-23 18:55:53 - [TEST_STEP][PASSED] - M4_spin = new groovy.json.JsonSlurper(): null

2019-08-23 18:55:53 - [TEST_STEP][PASSED] - result_M4_spin = M4_spin.parseText(response.getResponseBodyContent()): null

2019-08-23 18:55:53 - [TEST_STEP][PASSED] - M4_spin_current_balance = current_balance: null

2019-08-23 18:55:53 - [TEST_STEP][PASSED] - M4_spin_current_balance = M4_spin_current_balance: null

2019-08-23 18:55:53 - [TEST_STEP][PASSED] - M4_spin_transaction_id = causality: null

2019-08-23 18:55:53 - [TEST_STEP][PASSED] - M4_spin_transaction_id = M4_spin_transaction_id: null

2019-08-23 18:55:53 - [TEST_STEP][PASSED] - M4_spin_round_id = round_id: null

2019-08-23 18:55:53 - [TEST_STEP][PASSED] - M4_spin_round_id = M4_spin_round_id: null

2019-08-23 18:55:53 - [TEST_STEP][PASSED] - M4_spin_line_wins = line_wins: null

2019-08-23 18:55:53 - [TEST_STEP][PASSED] - M4_spin_line_wins = M4_spin_line_wins: null

2019-08-23 18:55:53 - [TEST_STEP][PASSED] - M4_total_bonus_spins_int = total_bonus_spins: null

2019-08-23 18:55:53 - [TEST_STEP][PASSED] - println("******M4_total_bonus_spins type is:*******" + newline + getClass().getName()): null

2019-08-23 18:55:53 - [TEST_STEP][PASSED] - M4_total_bonus_spins_int = M4_total_bonus_spins_int: null

2019-08-23 18:55:53 - [TEST_STEP][PASSED] - M4_total_bonus_spins = Integer.toString(M4_total_bonus_spins_int): null

2019-08-23 18:55:53 - [TEST_STEP][PASSED] - M4_total_bonus_spins = M4_total_bonus_spins: null

2019-08-23 18:55:53 - [TEST_STEP][PASSED] - println("M4_total_bonus_spins is:" + M4_total_bonus_spins): null

2019-08-23 18:55:53 - [TEST_STEP][PASSED] - M4_spin_bonus_data = bonus_data: null

2019-08-23 18:55:53 - [TEST_STEP][PASSED] - M4_spin_features_triggered = result_M4_spin: null

2019-08-23 18:55:53 - [TEST_STEP][PASSED] - wild = []: null

2019-08-23 18:55:53 - [TEST_STEP][PASSED] - wild[0] = "WILD_Expanding": null

2019-08-23 18:55:53 - [TEST_STEP][PASSED] - wild[1] = "WILD_Normal": null

2019-08-23 18:55:53 - [TEST_STEP][PASSED] - wild[2] = "WILD_Double": null

2019-08-23 18:55:53 - [TEST_STEP][PASSED] - wild[3] = "WILD_ExtraFG": null

2019-08-23 18:55:53 - [TEST_STEP][PASSED] - wild[4] = "WILD_Triple": null

2019-08-23 18:55:53 - [TEST_STEP][PASSED] - wildList = Arrays.asList(wild): null

2019-08-23 18:55:53 - [TEST_STEP][PASSED] - wildList = wildList: null

2019-08-23 18:55:53 - [TEST_STEP][PASSED] - free_spin_reel_counter = []: null

2019-08-23 18:55:53 - [TEST_STEP][PASSED] - free_spin_reel_counter[0] = 0: null

2019-08-23 18:55:53 - [TEST_STEP][PASSED] - free_spin_reel_counter[1] = 0: null

2019-08-23 18:55:53 - [TEST_STEP][PASSED] - free_spin_reel_counter[2] = 0: null

2019-08-23 18:55:53 - [TEST_STEP][PASSED] - M4_spin_reels = reels: null

2019-08-23 18:55:53 - [TEST_STEP][PASSED] - for ([i = 0, i &lt; M4_spin_reels.size(), (i++)]): null

2019-08-23 18:55:53 - [TEST_STEP][PASSED] - symbols = symbols: null

2019-08-23 18:55:53 - [TEST_STEP][PASSED] - for ([j = 0, j &lt; symbols.size(), (j++)]): null

2019-08-23 18:55:53 - [TEST_STEP][PASSED] - symbol = symbol: null

2019-08-23 18:55:53 - [TEST_STEP][PASSED] - println(symbol): null

2019-08-23 18:55:53 - [TEST_STEP][PASSED] - if (i == 2 &amp;&amp; wildList.indexOf(symbol) != -1): null

2019-08-23 18:55:53 - [TEST_STEP][PASSED] - if (i == 3 &amp;&amp; wildList.indexOf(symbol) != -1): null

2019-08-23 18:55:53 - [TEST_STEP][PASSED] - if (i == 4 &amp;&amp; wildList.indexOf(symbol) != -1): null

2019-08-23 18:55:53 - [TEST_STEP][PASSED] - symbol = symbol: null

2019-08-23 18:55:53 - [TEST_STEP][PASSED] - println(symbol): null

2019-08-23 18:55:53 - [TEST_STEP][PASSED] - if (i == 2 &amp;&amp; wildList.indexOf(symbol) != -1): null

2019-08-23 18:55:53 - [TEST_STEP][PASSED] - if (i == 3 &amp;&amp; wildList.indexOf(symbol) != -1): null

2019-08-23 18:55:53 - [TEST_STEP][PASSED] - if (i == 4 &amp;&amp; wildList.indexOf(symbol) != -1): null

2019-08-23 18:55:53 - [TEST_STEP][PASSED] - symbol = symbol: null

2019-08-23 18:55:53 - [TEST_STEP][PASSED] - println(symbol): null

2019-08-23 18:55:53 - [TEST_STEP][PASSED] - if (i == 2 &amp;&amp; wildList.indexOf(symbol) != -1): null

2019-08-23 18:55:53 - [TEST_STEP][PASSED] - if (i == 3 &amp;&amp; wildList.indexOf(symbol) != -1): null

2019-08-23 18:55:53 - [TEST_STEP][PASSED] - if (i == 4 &amp;&amp; wildList.indexOf(symbol) != -1): null

2019-08-23 18:55:53 - [TEST_STEP][PASSED] - symbols = symbols: null

2019-08-23 18:55:53 - [TEST_STEP][PASSED] - for ([j = 0, j &lt; symbols.size(), (j++)]): null

2019-08-23 18:55:53 - [TEST_STEP][PASSED] - symbol = symbol: null

2019-08-23 18:55:53 - [TEST_STEP][PASSED] - println(symbol): null

2019-08-23 18:55:53 - [TEST_STEP][PASSED] - if (i == 2 &amp;&amp; wildList.indexOf(symbol) != -1): null

2019-08-23 18:55:53 - [TEST_STEP][PASSED] - if (i == 3 &amp;&amp; wildList.indexOf(symbol) != -1): null

2019-08-23 18:55:53 - [TEST_STEP][PASSED] - if (i == 4 &amp;&amp; wildList.indexOf(symbol) != -1): null

2019-08-23 18:55:53 - [TEST_STEP][PASSED] - symbol = symbol: null

2019-08-23 18:55:53 - [TEST_STEP][PASSED] - println(symbol): null

2019-08-23 18:55:53 - [TEST_STEP][PASSED] - if (i == 2 &amp;&amp; wildList.indexOf(symbol) != -1): null

2019-08-23 18:55:53 - [TEST_STEP][PASSED] - if (i == 3 &amp;&amp; wildList.indexOf(symbol) != -1): null

2019-08-23 18:55:53 - [TEST_STEP][PASSED] - if (i == 4 &amp;&amp; wildList.indexOf(symbol) != -1): null

2019-08-23 18:55:53 - [TEST_STEP][PASSED] - symbol = symbol: null

2019-08-23 18:55:53 - [TEST_STEP][PASSED] - println(symbol): null

2019-08-23 18:55:53 - [TEST_STEP][PASSED] - if (i == 2 &amp;&amp; wildList.indexOf(symbol) != -1): null

2019-08-23 18:55:53 - [TEST_STEP][PASSED] - if (i == 3 &amp;&amp; wildList.indexOf(symbol) != -1): null

2019-08-23 18:55:53 - [TEST_STEP][PASSED] - if (i == 4 &amp;&amp; wildList.indexOf(symbol) != -1): null

2019-08-23 18:55:53 - [TEST_STEP][PASSED] - symbols = symbols: null

2019-08-23 18:55:53 - [TEST_STEP][PASSED] - for ([j = 0, j &lt; symbols.size(), (j++)]): null

2019-08-23 18:55:53 - [TEST_STEP][PASSED] - symbol = symbol: null

2019-08-23 18:55:53 - [TEST_STEP][PASSED] - println(symbol): null

2019-08-23 18:55:53 - [TEST_STEP][PASSED] - if (i == 2 &amp;&amp; wildList.indexOf(symbol) != -1): null

2019-08-23 18:55:53 - [TEST_STEP][PASSED] - println("wild found on reel 3, adding counter by 1"): null

2019-08-23 18:55:53 - [TEST_STEP][PASSED] - free_spin_reel_counter[0] = free_spin_reel_counter[0] + 1: null

2019-08-23 18:55:53 - [TEST_STEP][PASSED] - if (i == 3 &amp;&amp; wildList.indexOf(symbol) != -1): null

2019-08-23 18:55:53 - [TEST_STEP][PASSED] - if (i == 4 &amp;&amp; wildList.indexOf(symbol) != -1): null

2019-08-23 18:55:53 - [TEST_STEP][PASSED] - symbol = symbol: null

2019-08-23 18:55:53 - [TEST_STEP][PASSED] - println(symbol): null

2019-08-23 18:55:53 - [TEST_STEP][PASSED] - if (i == 2 &amp;&amp; wildList.indexOf(symbol) != -1): null

2019-08-23 18:55:53 - [TEST_STEP][PASSED] - if (i == 3 &amp;&amp; wildList.indexOf(symbol) != -1): null

2019-08-23 18:55:53 - [TEST_STEP][PASSED] - if (i == 4 &amp;&amp; wildList.indexOf(symbol) != -1): null

2019-08-23 18:55:53 - [TEST_STEP][PASSED] - symbol = symbol: null

2019-08-23 18:55:53 - [TEST_STEP][PASSED] - println(symbol): null

2019-08-23 18:55:53 - [TEST_STEP][PASSED] - if (i == 2 &amp;&amp; wildList.indexOf(symbol) != -1): null

2019-08-23 18:55:53 - [TEST_STEP][PASSED] - if (i == 3 &amp;&amp; wildList.indexOf(symbol) != -1): null

2019-08-23 18:55:53 - [TEST_STEP][PASSED] - if (i == 4 &amp;&amp; wildList.indexOf(symbol) != -1): null

2019-08-23 18:55:53 - [TEST_STEP][PASSED] - symbols = symbols: null

2019-08-23 18:55:53 - [TEST_STEP][PASSED] - for ([j = 0, j &lt; symbols.size(), (j++)]): null

2019-08-23 18:55:53 - [TEST_STEP][PASSED] - symbol = symbol: null

2019-08-23 18:55:53 - [TEST_STEP][PASSED] - println(symbol): null

2019-08-23 18:55:53 - [TEST_STEP][PASSED] - if (i == 2 &amp;&amp; wildList.indexOf(symbol) != -1): null

2019-08-23 18:55:53 - [TEST_STEP][PASSED] - if (i == 3 &amp;&amp; wildList.indexOf(symbol) != -1): null

2019-08-23 18:55:53 - [TEST_STEP][PASSED] - if (i == 4 &amp;&amp; wildList.indexOf(symbol) != -1): null

2019-08-23 18:55:53 - [TEST_STEP][PASSED] - symbol = symbol: null

2019-08-23 18:55:53 - [TEST_STEP][PASSED] - println(symbol): null

2019-08-23 18:55:53 - [TEST_STEP][PASSED] - if (i == 2 &amp;&amp; wildList.indexOf(symbol) != -1): null

2019-08-23 18:55:53 - [TEST_STEP][PASSED] - if (i == 3 &amp;&amp; wildList.indexOf(symbol) != -1): null

2019-08-23 18:55:53 - [TEST_STEP][PASSED] - if (i == 4 &amp;&amp; wildList.indexOf(symbol) != -1): null

2019-08-23 18:55:53 - [TEST_STEP][PASSED] - symbol = symbol: null

2019-08-23 18:55:53 - [TEST_STEP][PASSED] - println(symbol): null

2019-08-23 18:55:53 - [TEST_STEP][PASSED] - if (i == 2 &amp;&amp; wildList.indexOf(symbol) != -1): null

2019-08-23 18:55:53 - [TEST_STEP][PASSED] - if (i == 3 &amp;&amp; wildList.indexOf(symbol) != -1): null

2019-08-23 18:55:53 - [TEST_STEP][PASSED] - if (i == 4 &amp;&amp; wildList.indexOf(symbol) != -1): null

2019-08-23 18:55:53 - [TEST_STEP][PASSED] - symbols = symbols: null

2019-08-23 18:55:53 - [TEST_STEP][PASSED] - for ([j = 0, j &lt; symbols.size(), (j++)]): null

2019-08-23 18:55:53 - [TEST_STEP][PASSED] - symbol = symbol: null

2019-08-23 18:55:53 - [TEST_STEP][PASSED] - println(symbol): null

2019-08-23 18:55:53 - [TEST_STEP][PASSED] - if (i == 2 &amp;&amp; wildList.indexOf(symbol) != -1): null

2019-08-23 18:55:53 - [TEST_STEP][PASSED] - if (i == 3 &amp;&amp; wildList.indexOf(symbol) != -1): null

2019-08-23 18:55:53 - [TEST_STEP][PASSED] - if (i == 4 &amp;&amp; wildList.indexOf(symbol) != -1): null

2019-08-23 18:55:53 - [TEST_STEP][PASSED] - symbol = symbol: null

2019-08-23 18:55:53 - [TEST_STEP][PASSED] - println(symbol): null

2019-08-23 18:55:53 - [TEST_STEP][PASSED] - if (i == 2 &amp;&amp; wildList.indexOf(symbol) != -1): null

2019-08-23 18:55:53 - [TEST_STEP][PASSED] - if (i == 3 &amp;&amp; wildList.indexOf(symbol) != -1): null

2019-08-23 18:55:53 - [TEST_STEP][PASSED] - if (i == 4 &amp;&amp; wildList.indexOf(symbol) != -1): null

2019-08-23 18:55:53 - [TEST_STEP][PASSED] - symbol = symbol: null

2019-08-23 18:55:53 - [TEST_STEP][PASSED] - println(symbol): null

2019-08-23 18:55:53 - [TEST_STEP][PASSED] - if (i == 2 &amp;&amp; wildList.indexOf(symbol) != -1): null

2019-08-23 18:55:53 - [TEST_STEP][PASSED] - if (i == 3 &amp;&amp; wildList.indexOf(symbol) != -1): null

2019-08-23 18:55:53 - [TEST_STEP][PASSED] - if (i == 4 &amp;&amp; wildList.indexOf(symbol) != -1): null

2019-08-23 18:55:53 - [TEST_STEP][PASSED] - free_spin_reel_counter = free_spin_reel_counter: null

2019-08-23 18:55:53 - [TEST_STEP][PASSED] - println("reel 3 wild found: " + free_spin_reel_counter[0]): null

2019-08-23 18:55:53 - [TEST_STEP][PASSED] - println("reel 4 wild found: " + free_spin_reel_counter[1]): null

2019-08-23 18:55:53 - [TEST_STEP][PASSED] - println("reel 5 wild found: " + free_spin_reel_counter[2]): null

2019-08-23 18:55:53 - [TEST_STEP][PASSED] - M4_spin_reels = M4_spin_reels: null

2019-08-23 18:55:53 - [TEST_STEP][PASSED] - M4_spin_reels_symbols = symbol: null

2019-08-23 18:55:53 - [TEST_STEP][PASSED] - M4_spin_reels_symbols = M4_spin_reels_symbols: null

2019-08-23 18:55:53 - [TEST_STEP][PASSED] - M4_spin_reel_wins = reel_wins: null

2019-08-23 18:55:53 - [TEST_STEP][PASSED] - M4_spin_reel_wins = M4_spin_reel_wins: null

2019-08-23 18:55:53 - [TEST_STEP][PASSED] - println("GlobalVariable.M4_spin_reel_wins is: " + M4_spin_reel_wins): null

2019-08-23 18:55:53 - [TEST_STEP][PASSED] - M4_spin_total_bonus_win_this_round = total_bonus_win_this_round: null

2019-08-23 18:55:53 - [TEST_STEP][PASSED] - M4_spin_total_bonus_win_this_round = M4_spin_total_bonus_win_this_round: null

2019-08-23 18:55:53 - [TEST_STEP][PASSED] - println("GlobalVariable.M4_spin_total_bonus_win_this_round is: " + M4_spin_total_bonus_win_this_round): null

2019-08-23 18:55:53 - [TEST_STEP][PASSED] - M4_spin_bonus_spin_result = spin_result: null

2019-08-23 18:55:53 - [TEST_STEP][PASSED] - M4_spin_bonus_spin_result = M4_spin_bonus_spin_result: null

2019-08-23 18:55:53 - [MESSAGE][PASSED] - Verify response successfully

2019-08-23 18:55:53 - [MESSAGE][PASSED] - Send request and verify the response successfully

2019-08-23 18:55:53 - [TEST_STEP][PASSED] - if (free_spin_reel_counter[0] &gt;= 1 &amp;&amp; free_spin_reel_counter[1] &gt;= 1 &amp;&amp; free_spin_reel_counter[2] &gt;= 1): null

2019-08-23 18:55:53 - [TEST_STEP][PASSED] - spin_result = sendRequestAndVerify(findTestObject("INT/RGS(M4)/1_M4_spin", ["M4_login_user_id":M4_login_user_id, "rgs_session_token":rgs_session_token, "partner":Partner])): Send request and verify the response successfully

2019-08-23 18:55:53 - [MESSAGE][INFO] - HAR: /Users/eiralee/Katalon_Script/SuperWild/Reports/20190823_184757/INT/superWild_1/20190823_184757/requests/main/194.har

2019-08-23 18:55:53 - [TEST_CASE][PASSED] - Start Test Case : Verification: Verification accomplished successfully

2019-08-23 18:55:53 - [TEST_STEP][PASSED] - request = getInstance().getCurrentRequest(): null

2019-08-23 18:55:53 - [TEST_STEP][PASSED] - response = getInstance().getCurrentResponse(): null

2019-08-23 18:55:53 - [TEST_STEP][PASSED] - verifyResponseStatusCode(response, 200): Verify response status code successfully

2019-08-23 18:55:53 - [MESSAGE][PASSED] - Verify response status code successfully

2019-08-23 18:55:53 - [TEST_STEP][PASSED] - getStatusCode()).isEqualTo(200): null

2019-08-23 18:55:53 - [TEST_STEP][PASSED] - newline = System.getProperty("line.separator"): null

2019-08-23 18:55:53 - [TEST_STEP][PASSED] - M4_spin = new groovy.json.JsonSlurper(): null

2019-08-23 18:55:53 - [TEST_STEP][PASSED] - result_M4_spin = M4_spin.parseText(response.getResponseBodyContent()): null

2019-08-23 18:55:53 - [TEST_STEP][PASSED] - M4_spin_current_balance = current_balance: null

2019-08-23 18:55:53 - [TEST_STEP][PASSED] - M4_spin_current_balance = M4_spin_current_balance: null

2019-08-23 18:55:53 - [TEST_STEP][PASSED] - M4_spin_transaction_id = causality: null

2019-08-23 18:55:53 - [TEST_STEP][PASSED] - M4_spin_transaction_id = M4_spin_transaction_id: null

2019-08-23 18:55:53 - [TEST_STEP][PASSED] - M4_spin_round_id = round_id: null

2019-08-23 18:55:53 - [TEST_STEP][PASSED] - M4_spin_round_id = M4_spin_round_id: null

2019-08-23 18:55:53 - [TEST_STEP][PASSED] - M4_spin_line_wins = line_wins: null

2019-08-23 18:55:53 - [TEST_STEP][PASSED] - M4_spin_line_wins = M4_spin_line_wins: null

2019-08-23 18:55:53 - [TEST_STEP][PASSED] - M4_total_bonus_spins_int = total_bonus_spins: null

2019-08-23 18:55:53 - [TEST_STEP][PASSED] - println("******M4_total_bonus_spins type is:*******" + newline + getClass().getName()): null

2019-08-23 18:55:53 - [TEST_STEP][PASSED] - M4_total_bonus_spins_int = M4_total_bonus_spins_int: null

2019-08-23 18:55:53 - [TEST_STEP][PASSED] - M4_total_bonus_spins = Integer.toString(M4_total_bonus_spins_int): null

2019-08-23 18:55:53 - [TEST_STEP][PASSED] - M4_total_bonus_spins = M4_total_bonus_spins: null

2019-08-23 18:55:53 - [TEST_STEP][PASSED] - println("M4_total_bonus_spins is:" + M4_total_bonus_spins): null

2019-08-23 18:55:53 - [TEST_STEP][PASSED] - M4_spin_bonus_data = bonus_data: null

2019-08-23 18:55:53 - [TEST_STEP][PASSED] - M4_spin_features_triggered = result_M4_spin: null

2019-08-23 18:55:53 - [TEST_STEP][PASSED] - wild = []: null

2019-08-23 18:55:53 - [TEST_STEP][PASSED] - wild[0] = "WILD_Expanding": null

2019-08-23 18:55:53 - [TEST_STEP][PASSED] - wild[1] = "WILD_Normal": null

2019-08-23 18:55:53 - [TEST_STEP][PASSED] - wild[2] = "WILD_Double": null

2019-08-23 18:55:53 - [TEST_STEP][PASSED] - wild[3] = "WILD_ExtraFG": null

2019-08-23 18:55:53 - [TEST_STEP][PASSED] - wild[4] = "WILD_Triple": null

2019-08-23 18:55:53 - [TEST_STEP][PASSED] - wildList = Arrays.asList(wild): null

2019-08-23 18:55:53 - [TEST_STEP][PASSED] - wildList = wildList: null

2019-08-23 18:55:53 - [TEST_STEP][PASSED] - free_spin_reel_counter = []: null

2019-08-23 18:55:53 - [TEST_STEP][PASSED] - free_spin_reel_counter[0] = 0: null

2019-08-23 18:55:53 - [TEST_STEP][PASSED] - free_spin_reel_counter[1] = 0: null

2019-08-23 18:55:53 - [TEST_STEP][PASSED] - free_spin_reel_counter[2] = 0: null

2019-08-23 18:55:53 - [TEST_STEP][PASSED] - M4_spin_reels = reels: null

2019-08-23 18:55:53 - [TEST_STEP][PASSED] - for ([i = 0, i &lt; M4_spin_reels.size(), (i++)]): null

2019-08-23 18:55:53 - [TEST_STEP][PASSED] - symbols = symbols: null

2019-08-23 18:55:53 - [TEST_STEP][PASSED] - for ([j = 0, j &lt; symbols.size(), (j++)]): null

2019-08-23 18:55:53 - [TEST_STEP][PASSED] - symbol = symbol: null

2019-08-23 18:55:53 - [TEST_STEP][PASSED] - println(symbol): null

2019-08-23 18:55:53 - [TEST_STEP][PASSED] - if (i == 2 &amp;&amp; wildList.indexOf(symbol) != -1): null

2019-08-23 18:55:53 - [TEST_STEP][PASSED] - if (i == 3 &amp;&amp; wildList.indexOf(symbol) != -1): null

2019-08-23 18:55:53 - [TEST_STEP][PASSED] - if (i == 4 &amp;&amp; wildList.indexOf(symbol) != -1): null

2019-08-23 18:55:53 - [TEST_STEP][PASSED] - symbol = symbol: null

2019-08-23 18:55:53 - [TEST_STEP][PASSED] - println(symbol): null

2019-08-23 18:55:53 - [TEST_STEP][PASSED] - if (i == 2 &amp;&amp; wildList.indexOf(symbol) != -1): null

2019-08-23 18:55:53 - [TEST_STEP][PASSED] - if (i == 3 &amp;&amp; wildList.indexOf(symbol) != -1): null

2019-08-23 18:55:53 - [TEST_STEP][PASSED] - if (i == 4 &amp;&amp; wildList.indexOf(symbol) != -1): null

2019-08-23 18:55:53 - [TEST_STEP][PASSED] - symbol = symbol: null

2019-08-23 18:55:53 - [TEST_STEP][PASSED] - println(symbol): null

2019-08-23 18:55:53 - [TEST_STEP][PASSED] - if (i == 2 &amp;&amp; wildList.indexOf(symbol) != -1): null

2019-08-23 18:55:53 - [TEST_STEP][PASSED] - if (i == 3 &amp;&amp; wildList.indexOf(symbol) != -1): null

2019-08-23 18:55:53 - [TEST_STEP][PASSED] - if (i == 4 &amp;&amp; wildList.indexOf(symbol) != -1): null

2019-08-23 18:55:53 - [TEST_STEP][PASSED] - symbols = symbols: null

2019-08-23 18:55:53 - [TEST_STEP][PASSED] - for ([j = 0, j &lt; symbols.size(), (j++)]): null

2019-08-23 18:55:53 - [TEST_STEP][PASSED] - symbol = symbol: null

2019-08-23 18:55:53 - [TEST_STEP][PASSED] - println(symbol): null

2019-08-23 18:55:53 - [TEST_STEP][PASSED] - if (i == 2 &amp;&amp; wildList.indexOf(symbol) != -1): null

2019-08-23 18:55:53 - [TEST_STEP][PASSED] - if (i == 3 &amp;&amp; wildList.indexOf(symbol) != -1): null

2019-08-23 18:55:53 - [TEST_STEP][PASSED] - if (i == 4 &amp;&amp; wildList.indexOf(symbol) != -1): null

2019-08-23 18:55:53 - [TEST_STEP][PASSED] - symbol = symbol: null

2019-08-23 18:55:53 - [TEST_STEP][PASSED] - println(symbol): null

2019-08-23 18:55:53 - [TEST_STEP][PASSED] - if (i == 2 &amp;&amp; wildList.indexOf(symbol) != -1): null

2019-08-23 18:55:53 - [TEST_STEP][PASSED] - if (i == 3 &amp;&amp; wildList.indexOf(symbol) != -1): null

2019-08-23 18:55:53 - [TEST_STEP][PASSED] - if (i == 4 &amp;&amp; wildList.indexOf(symbol) != -1): null

2019-08-23 18:55:53 - [TEST_STEP][PASSED] - symbol = symbol: null

2019-08-23 18:55:53 - [TEST_STEP][PASSED] - println(symbol): null

2019-08-23 18:55:53 - [TEST_STEP][PASSED] - if (i == 2 &amp;&amp; wildList.indexOf(symbol) != -1): null

2019-08-23 18:55:53 - [TEST_STEP][PASSED] - if (i == 3 &amp;&amp; wildList.indexOf(symbol) != -1): null

2019-08-23 18:55:53 - [TEST_STEP][PASSED] - if (i == 4 &amp;&amp; wildList.indexOf(symbol) != -1): null

2019-08-23 18:55:53 - [TEST_STEP][PASSED] - symbols = symbols: null

2019-08-23 18:55:53 - [TEST_STEP][PASSED] - for ([j = 0, j &lt; symbols.size(), (j++)]): null

2019-08-23 18:55:53 - [TEST_STEP][PASSED] - symbol = symbol: null

2019-08-23 18:55:53 - [TEST_STEP][PASSED] - println(symbol): null

2019-08-23 18:55:53 - [TEST_STEP][PASSED] - if (i == 2 &amp;&amp; wildList.indexOf(symbol) != -1): null

2019-08-23 18:55:53 - [TEST_STEP][PASSED] - if (i == 3 &amp;&amp; wildList.indexOf(symbol) != -1): null

2019-08-23 18:55:53 - [TEST_STEP][PASSED] - if (i == 4 &amp;&amp; wildList.indexOf(symbol) != -1): null

2019-08-23 18:55:53 - [TEST_STEP][PASSED] - symbol = symbol: null

2019-08-23 18:55:53 - [TEST_STEP][PASSED] - println(symbol): null

2019-08-23 18:55:53 - [TEST_STEP][PASSED] - if (i == 2 &amp;&amp; wildList.indexOf(symbol) != -1): null

2019-08-23 18:55:53 - [TEST_STEP][PASSED] - if (i == 3 &amp;&amp; wildList.indexOf(symbol) != -1): null

2019-08-23 18:55:53 - [TEST_STEP][PASSED] - if (i == 4 &amp;&amp; wildList.indexOf(symbol) != -1): null

2019-08-23 18:55:53 - [TEST_STEP][PASSED] - symbol = symbol: null

2019-08-23 18:55:53 - [TEST_STEP][PASSED] - println(symbol): null

2019-08-23 18:55:53 - [TEST_STEP][PASSED] - if (i == 2 &amp;&amp; wildList.indexOf(symbol) != -1): null

2019-08-23 18:55:53 - [TEST_STEP][PASSED] - if (i == 3 &amp;&amp; wildList.indexOf(symbol) != -1): null

2019-08-23 18:55:53 - [TEST_STEP][PASSED] - if (i == 4 &amp;&amp; wildList.indexOf(symbol) != -1): null

2019-08-23 18:55:53 - [TEST_STEP][PASSED] - symbols = symbols: null

2019-08-23 18:55:53 - [TEST_STEP][PASSED] - for ([j = 0, j &lt; symbols.size(), (j++)]): null

2019-08-23 18:55:53 - [TEST_STEP][PASSED] - symbol = symbol: null

2019-08-23 18:55:53 - [TEST_STEP][PASSED] - println(symbol): null

2019-08-23 18:55:53 - [TEST_STEP][PASSED] - if (i == 2 &amp;&amp; wildList.indexOf(symbol) != -1): null

2019-08-23 18:55:53 - [TEST_STEP][PASSED] - if (i == 3 &amp;&amp; wildList.indexOf(symbol) != -1): null

2019-08-23 18:55:53 - [TEST_STEP][PASSED] - if (i == 4 &amp;&amp; wildList.indexOf(symbol) != -1): null

2019-08-23 18:55:53 - [TEST_STEP][PASSED] - symbol = symbol: null

2019-08-23 18:55:53 - [TEST_STEP][PASSED] - println(symbol): null

2019-08-23 18:55:53 - [TEST_STEP][PASSED] - if (i == 2 &amp;&amp; wildList.indexOf(symbol) != -1): null

2019-08-23 18:55:53 - [TEST_STEP][PASSED] - if (i == 3 &amp;&amp; wildList.indexOf(symbol) != -1): null

2019-08-23 18:55:53 - [TEST_STEP][PASSED] - if (i == 4 &amp;&amp; wildList.indexOf(symbol) != -1): null

2019-08-23 18:55:53 - [TEST_STEP][PASSED] - symbol = symbol: null

2019-08-23 18:55:53 - [TEST_STEP][PASSED] - println(symbol): null

2019-08-23 18:55:53 - [TEST_STEP][PASSED] - if (i == 2 &amp;&amp; wildList.indexOf(symbol) != -1): null

2019-08-23 18:55:53 - [TEST_STEP][PASSED] - if (i == 3 &amp;&amp; wildList.indexOf(symbol) != -1): null

2019-08-23 18:55:53 - [TEST_STEP][PASSED] - if (i == 4 &amp;&amp; wildList.indexOf(symbol) != -1): null

2019-08-23 18:55:53 - [TEST_STEP][PASSED] - symbols = symbols: null

2019-08-23 18:55:53 - [TEST_STEP][PASSED] - for ([j = 0, j &lt; symbols.size(), (j++)]): null

2019-08-23 18:55:53 - [TEST_STEP][PASSED] - symbol = symbol: null

2019-08-23 18:55:53 - [TEST_STEP][PASSED] - println(symbol): null

2019-08-23 18:55:53 - [TEST_STEP][PASSED] - if (i == 2 &amp;&amp; wildList.indexOf(symbol) != -1): null

2019-08-23 18:55:53 - [TEST_STEP][PASSED] - if (i == 3 &amp;&amp; wildList.indexOf(symbol) != -1): null

2019-08-23 18:55:53 - [TEST_STEP][PASSED] - if (i == 4 &amp;&amp; wildList.indexOf(symbol) != -1): null

2019-08-23 18:55:53 - [TEST_STEP][PASSED] - symbol = symbol: null

2019-08-23 18:55:56 - [TEST_STEP][PASSED] - println(symbol): null

2019-08-23 18:55:56 - [TEST_STEP][PASSED] - if (i == 2 &amp;&amp; wildList.indexOf(symbol) != -1): null

2019-08-23 18:55:56 - [TEST_STEP][PASSED] - if (i == 3 &amp;&amp; wildList.indexOf(symbol) != -1): null

2019-08-23 18:55:56 - [TEST_STEP][PASSED] - if (i == 4 &amp;&amp; wildList.indexOf(symbol) != -1): null

2019-08-23 18:55:56 - [TEST_STEP][PASSED] - symbol = symbol: null

2019-08-23 18:55:56 - [TEST_STEP][PASSED] - println(symbol): null

2019-08-23 18:55:56 - [TEST_STEP][PASSED] - if (i == 2 &amp;&amp; wildList.indexOf(symbol) != -1): null

2019-08-23 18:55:56 - [TEST_STEP][PASSED] - if (i == 3 &amp;&amp; wildList.indexOf(symbol) != -1): null

2019-08-23 18:55:56 - [TEST_STEP][PASSED] - if (i == 4 &amp;&amp; wildList.indexOf(symbol) != -1): null

2019-08-23 18:55:56 - [TEST_STEP][PASSED] - free_spin_reel_counter = free_spin_reel_counter: null

2019-08-23 18:55:56 - [TEST_STEP][PASSED] - println("reel 3 wild found: " + free_spin_reel_counter[0]): null

2019-08-23 18:55:56 - [TEST_STEP][PASSED] - println("reel 4 wild found: " + free_spin_reel_counter[1]): null

2019-08-23 18:55:56 - [TEST_STEP][PASSED] - println("reel 5 wild found: " + free_spin_reel_counter[2]): null

2019-08-23 18:55:56 - [TEST_STEP][PASSED] - M4_spin_reels = M4_spin_reels: null

2019-08-23 18:55:56 - [TEST_STEP][PASSED] - M4_spin_reels_symbols = symbol: null

2019-08-23 18:55:56 - [TEST_STEP][PASSED] - M4_spin_reels_symbols = M4_spin_reels_symbols: null

2019-08-23 18:55:56 - [TEST_STEP][PASSED] - M4_spin_reel_wins = reel_wins: null

2019-08-23 18:55:56 - [TEST_STEP][PASSED] - M4_spin_reel_wins = M4_spin_reel_wins: null

2019-08-23 18:55:56 - [TEST_STEP][PASSED] - println("GlobalVariable.M4_spin_reel_wins is: " + M4_spin_reel_wins): null

2019-08-23 18:55:56 - [TEST_STEP][PASSED] - M4_spin_total_bonus_win_this_round = total_bonus_win_this_round: null

2019-08-23 18:55:56 - [TEST_STEP][PASSED] - M4_spin_total_bonus_win_this_round = M4_spin_total_bonus_win_this_round: null

2019-08-23 18:55:56 - [TEST_STEP][PASSED] - println("GlobalVariable.M4_spin_total_bonus_win_this_round is: " + M4_spin_total_bonus_win_this_round): null

2019-08-23 18:55:56 - [TEST_STEP][PASSED] - M4_spin_bonus_spin_result = spin_result: null

2019-08-23 18:55:56 - [TEST_STEP][PASSED] - M4_spin_bonus_spin_result = M4_spin_bonus_spin_result: null

2019-08-23 18:55:56 - [MESSAGE][PASSED] - Verify response successfully

2019-08-23 18:55:56 - [MESSAGE][PASSED] - Send request and verify the response successfully

2019-08-23 18:55:56 - [TEST_STEP][PASSED] - if (free_spin_reel_counter[0] &gt;= 1 &amp;&amp; free_spin_reel_counter[1] &gt;= 1 &amp;&amp; free_spin_reel_counter[2] &gt;= 1): null

2019-08-23 18:55:56 - [TEST_STEP][PASSED] - spin_result = sendRequestAndVerify(findTestObject("INT/RGS(M4)/1_M4_spin", ["M4_login_user_id":M4_login_user_id, "rgs_session_token":rgs_session_token, "partner":Partner])): Send request and verify the response successfully

2019-08-23 18:55:56 - [MESSAGE][INFO] - HAR: /Users/eiralee/Katalon_Script/SuperWild/Reports/20190823_184757/INT/superWild_1/20190823_184757/requests/main/195.har

2019-08-23 18:55:56 - [TEST_CASE][PASSED] - Start Test Case : Verification: Verification accomplished successfully

2019-08-23 18:55:56 - [TEST_STEP][PASSED] - request = getInstance().getCurrentRequest(): null

2019-08-23 18:55:56 - [TEST_STEP][PASSED] - response = getInstance().getCurrentResponse(): null

2019-08-23 18:55:56 - [TEST_STEP][PASSED] - verifyResponseStatusCode(response, 200): Verify response status code successfully

2019-08-23 18:55:56 - [MESSAGE][PASSED] - Verify response status code successfully

2019-08-23 18:55:56 - [TEST_STEP][PASSED] - getStatusCode()).isEqualTo(200): null

2019-08-23 18:55:56 - [TEST_STEP][PASSED] - newline = System.getProperty("line.separator"): null

2019-08-23 18:55:56 - [TEST_STEP][PASSED] - M4_spin = new groovy.json.JsonSlurper(): null

2019-08-23 18:55:56 - [TEST_STEP][PASSED] - result_M4_spin = M4_spin.parseText(response.getResponseBodyContent()): null

2019-08-23 18:55:56 - [TEST_STEP][PASSED] - M4_spin_current_balance = current_balance: null

2019-08-23 18:55:56 - [TEST_STEP][PASSED] - M4_spin_current_balance = M4_spin_current_balance: null

2019-08-23 18:55:56 - [TEST_STEP][PASSED] - M4_spin_transaction_id = causality: null

2019-08-23 18:55:56 - [TEST_STEP][PASSED] - M4_spin_transaction_id = M4_spin_transaction_id: null

2019-08-23 18:55:56 - [TEST_STEP][PASSED] - M4_spin_round_id = round_id: null

2019-08-23 18:55:56 - [TEST_STEP][PASSED] - M4_spin_round_id = M4_spin_round_id: null

2019-08-23 18:55:56 - [TEST_STEP][PASSED] - M4_spin_line_wins = line_wins: null

2019-08-23 18:55:56 - [TEST_STEP][PASSED] - M4_spin_line_wins = M4_spin_line_wins: null

2019-08-23 18:55:56 - [TEST_STEP][PASSED] - M4_total_bonus_spins_int = total_bonus_spins: null

2019-08-23 18:55:56 - [TEST_STEP][PASSED] - println("******M4_total_bonus_spins type is:*******" + newline + getClass().getName()): null

2019-08-23 18:55:56 - [TEST_STEP][PASSED] - M4_total_bonus_spins_int = M4_total_bonus_spins_int: null

2019-08-23 18:55:56 - [TEST_STEP][PASSED] - M4_total_bonus_spins = Integer.toString(M4_total_bonus_spins_int): null

2019-08-23 18:55:56 - [TEST_STEP][PASSED] - M4_total_bonus_spins = M4_total_bonus_spins: null

2019-08-23 18:55:56 - [TEST_STEP][PASSED] - println("M4_total_bonus_spins is:" + M4_total_bonus_spins): null

2019-08-23 18:55:56 - [TEST_STEP][PASSED] - M4_spin_bonus_data = bonus_data: null

2019-08-23 18:55:56 - [TEST_STEP][PASSED] - M4_spin_features_triggered = result_M4_spin: null

2019-08-23 18:55:56 - [TEST_STEP][PASSED] - wild = []: null

2019-08-23 18:55:56 - [TEST_STEP][PASSED] - wild[0] = "WILD_Expanding": null

2019-08-23 18:55:56 - [TEST_STEP][PASSED] - wild[1] = "WILD_Normal": null

2019-08-23 18:55:56 - [TEST_STEP][PASSED] - wild[2] = "WILD_Double": null

2019-08-23 18:55:56 - [TEST_STEP][PASSED] - wild[3] = "WILD_ExtraFG": null

2019-08-23 18:55:56 - [TEST_STEP][PASSED] - wild[4] = "WILD_Triple": null

2019-08-23 18:55:56 - [TEST_STEP][PASSED] - wildList = Arrays.asList(wild): null

2019-08-23 18:55:56 - [TEST_STEP][PASSED] - wildList = wildList: null

2019-08-23 18:55:56 - [TEST_STEP][PASSED] - free_spin_reel_counter = []: null

2019-08-23 18:55:56 - [TEST_STEP][PASSED] - free_spin_reel_counter[0] = 0: null

2019-08-23 18:55:56 - [TEST_STEP][PASSED] - free_spin_reel_counter[1] = 0: null

2019-08-23 18:55:56 - [TEST_STEP][PASSED] - free_spin_reel_counter[2] = 0: null

2019-08-23 18:55:56 - [TEST_STEP][PASSED] - M4_spin_reels = reels: null

2019-08-23 18:55:56 - [TEST_STEP][PASSED] - for ([i = 0, i &lt; M4_spin_reels.size(), (i++)]): null

2019-08-23 18:55:56 - [TEST_STEP][PASSED] - symbols = symbols: null

2019-08-23 18:55:56 - [TEST_STEP][PASSED] - for ([j = 0, j &lt; symbols.size(), (j++)]): null

2019-08-23 18:55:56 - [TEST_STEP][PASSED] - symbol = symbol: null

2019-08-23 18:55:56 - [TEST_STEP][PASSED] - println(symbol): null

2019-08-23 18:55:56 - [TEST_STEP][PASSED] - if (i == 2 &amp;&amp; wildList.indexOf(symbol) != -1): null

2019-08-23 18:55:56 - [TEST_STEP][PASSED] - if (i == 3 &amp;&amp; wildList.indexOf(symbol) != -1): null

2019-08-23 18:55:56 - [TEST_STEP][PASSED] - if (i == 4 &amp;&amp; wildList.indexOf(symbol) != -1): null

2019-08-23 18:55:56 - [TEST_STEP][PASSED] - symbol = symbol: null

2019-08-23 18:55:56 - [TEST_STEP][PASSED] - println(symbol): null

2019-08-23 18:55:56 - [TEST_STEP][PASSED] - if (i == 2 &amp;&amp; wildList.indexOf(symbol) != -1): null

2019-08-23 18:55:56 - [TEST_STEP][PASSED] - if (i == 3 &amp;&amp; wildList.indexOf(symbol) != -1): null

2019-08-23 18:55:56 - [TEST_STEP][PASSED] - if (i == 4 &amp;&amp; wildList.indexOf(symbol) != -1): null

2019-08-23 18:55:56 - [TEST_STEP][PASSED] - symbol = symbol: null

2019-08-23 18:55:56 - [TEST_STEP][PASSED] - println(symbol): null

2019-08-23 18:55:56 - [TEST_STEP][PASSED] - if (i == 2 &amp;&amp; wildList.indexOf(symbol) != -1): null

2019-08-23 18:55:56 - [TEST_STEP][PASSED] - if (i == 3 &amp;&amp; wildList.indexOf(symbol) != -1): null

2019-08-23 18:55:56 - [TEST_STEP][PASSED] - if (i == 4 &amp;&amp; wildList.indexOf(symbol) != -1): null

2019-08-23 18:55:56 - [TEST_STEP][PASSED] - symbols = symbols: null

2019-08-23 18:55:56 - [TEST_STEP][PASSED] - for ([j = 0, j &lt; symbols.size(), (j++)]): null

2019-08-23 18:55:56 - [TEST_STEP][PASSED] - symbol = symbol: null

2019-08-23 18:55:56 - [TEST_STEP][PASSED] - println(symbol): null

2019-08-23 18:55:56 - [TEST_STEP][PASSED] - if (i == 2 &amp;&amp; wildList.indexOf(symbol) != -1): null

2019-08-23 18:55:56 - [TEST_STEP][PASSED] - if (i == 3 &amp;&amp; wildList.indexOf(symbol) != -1): null

2019-08-23 18:55:56 - [TEST_STEP][PASSED] - if (i == 4 &amp;&amp; wildList.indexOf(symbol) != -1): null

2019-08-23 18:55:56 - [TEST_STEP][PASSED] - symbol = symbol: null

2019-08-23 18:55:56 - [TEST_STEP][PASSED] - println(symbol): null

2019-08-23 18:55:56 - [TEST_STEP][PASSED] - if (i == 2 &amp;&amp; wildList.indexOf(symbol) != -1): null

2019-08-23 18:55:56 - [TEST_STEP][PASSED] - if (i == 3 &amp;&amp; wildList.indexOf(symbol) != -1): null

2019-08-23 18:55:56 - [TEST_STEP][PASSED] - if (i == 4 &amp;&amp; wildList.indexOf(symbol) != -1): null

2019-08-23 18:55:56 - [TEST_STEP][PASSED] - symbol = symbol: null

2019-08-23 18:55:56 - [TEST_STEP][PASSED] - println(symbol): null

2019-08-23 18:55:56 - [TEST_STEP][PASSED] - if (i == 2 &amp;&amp; wildList.indexOf(symbol) != -1): null

2019-08-23 18:55:56 - [TEST_STEP][PASSED] - if (i == 3 &amp;&amp; wildList.indexOf(symbol) != -1): null

2019-08-23 18:55:56 - [TEST_STEP][PASSED] - if (i == 4 &amp;&amp; wildList.indexOf(symbol) != -1): null

2019-08-23 18:55:56 - [TEST_STEP][PASSED] - symbols = symbols: null

2019-08-23 18:55:56 - [TEST_STEP][PASSED] - for ([j = 0, j &lt; symbols.size(), (j++)]): null

2019-08-23 18:55:56 - [TEST_STEP][PASSED] - symbol = symbol: null

2019-08-23 18:55:56 - [TEST_STEP][PASSED] - println(symbol): null

2019-08-23 18:55:56 - [TEST_STEP][PASSED] - if (i == 2 &amp;&amp; wildList.indexOf(symbol) != -1): null

2019-08-23 18:55:56 - [TEST_STEP][PASSED] - if (i == 3 &amp;&amp; wildList.indexOf(symbol) != -1): null

2019-08-23 18:55:56 - [TEST_STEP][PASSED] - if (i == 4 &amp;&amp; wildList.indexOf(symbol) != -1): null

2019-08-23 18:55:56 - [TEST_STEP][PASSED] - symbol = symbol: null

2019-08-23 18:55:56 - [TEST_STEP][PASSED] - println(symbol): null

2019-08-23 18:55:56 - [TEST_STEP][PASSED] - if (i == 2 &amp;&amp; wildList.indexOf(symbol) != -1): null

2019-08-23 18:55:56 - [TEST_STEP][PASSED] - if (i == 3 &amp;&amp; wildList.indexOf(symbol) != -1): null

2019-08-23 18:55:56 - [TEST_STEP][PASSED] - if (i == 4 &amp;&amp; wildList.indexOf(symbol) != -1): null

2019-08-23 18:55:56 - [TEST_STEP][PASSED] - symbol = symbol: null

2019-08-23 18:55:56 - [TEST_STEP][PASSED] - println(symbol): null

2019-08-23 18:55:56 - [TEST_STEP][PASSED] - if (i == 2 &amp;&amp; wildList.indexOf(symbol) != -1): null

2019-08-23 18:55:56 - [TEST_STEP][PASSED] - if (i == 3 &amp;&amp; wildList.indexOf(symbol) != -1): null

2019-08-23 18:55:56 - [TEST_STEP][PASSED] - if (i == 4 &amp;&amp; wildList.indexOf(symbol) != -1): null

2019-08-23 18:55:56 - [TEST_STEP][PASSED] - symbols = symbols: null

2019-08-23 18:55:56 - [TEST_STEP][PASSED] - for ([j = 0, j &lt; symbols.size(), (j++)]): null

2019-08-23 18:55:56 - [TEST_STEP][PASSED] - symbol = symbol: null

2019-08-23 18:55:56 - [TEST_STEP][PASSED] - println(symbol): null

2019-08-23 18:55:56 - [TEST_STEP][PASSED] - if (i == 2 &amp;&amp; wildList.indexOf(symbol) != -1): null

2019-08-23 18:55:56 - [TEST_STEP][PASSED] - if (i == 3 &amp;&amp; wildList.indexOf(symbol) != -1): null

2019-08-23 18:55:56 - [TEST_STEP][PASSED] - if (i == 4 &amp;&amp; wildList.indexOf(symbol) != -1): null

2019-08-23 18:55:56 - [TEST_STEP][PASSED] - symbol = symbol: null

2019-08-23 18:55:56 - [TEST_STEP][PASSED] - println(symbol): null

2019-08-23 18:55:56 - [TEST_STEP][PASSED] - if (i == 2 &amp;&amp; wildList.indexOf(symbol) != -1): null

2019-08-23 18:55:56 - [TEST_STEP][PASSED] - if (i == 3 &amp;&amp; wildList.indexOf(symbol) != -1): null

2019-08-23 18:55:56 - [TEST_STEP][PASSED] - if (i == 4 &amp;&amp; wildList.indexOf(symbol) != -1): null

2019-08-23 18:55:56 - [TEST_STEP][PASSED] - symbol = symbol: null

2019-08-23 18:55:56 - [TEST_STEP][PASSED] - println(symbol): null

2019-08-23 18:55:56 - [TEST_STEP][PASSED] - if (i == 2 &amp;&amp; wildList.indexOf(symbol) != -1): null

2019-08-23 18:55:56 - [TEST_STEP][PASSED] - if (i == 3 &amp;&amp; wildList.indexOf(symbol) != -1): null

2019-08-23 18:55:56 - [TEST_STEP][PASSED] - if (i == 4 &amp;&amp; wildList.indexOf(symbol) != -1): null

2019-08-23 18:55:56 - [TEST_STEP][PASSED] - symbols = symbols: null

2019-08-23 18:55:56 - [TEST_STEP][PASSED] - for ([j = 0, j &lt; symbols.size(), (j++)]): null

2019-08-23 18:55:56 - [TEST_STEP][PASSED] - symbol = symbol: null

2019-08-23 18:55:56 - [TEST_STEP][PASSED] - println(symbol): null

2019-08-23 18:55:56 - [TEST_STEP][PASSED] - if (i == 2 &amp;&amp; wildList.indexOf(symbol) != -1): null

2019-08-23 18:55:56 - [TEST_STEP][PASSED] - if (i == 3 &amp;&amp; wildList.indexOf(symbol) != -1): null

2019-08-23 18:55:56 - [TEST_STEP][PASSED] - if (i == 4 &amp;&amp; wildList.indexOf(symbol) != -1): null

2019-08-23 18:55:56 - [TEST_STEP][PASSED] - symbol = symbol: null

2019-08-23 18:55:56 - [TEST_STEP][PASSED] - println(symbol): null

2019-08-23 18:55:56 - [TEST_STEP][PASSED] - if (i == 2 &amp;&amp; wildList.indexOf(symbol) != -1): null

2019-08-23 18:55:56 - [TEST_STEP][PASSED] - if (i == 3 &amp;&amp; wildList.indexOf(symbol) != -1): null

2019-08-23 18:55:56 - [TEST_STEP][PASSED] - if (i == 4 &amp;&amp; wildList.indexOf(symbol) != -1): null

2019-08-23 18:55:56 - [TEST_STEP][PASSED] - symbol = symbol: null

2019-08-23 18:55:56 - [TEST_STEP][PASSED] - println(symbol): null

2019-08-23 18:55:56 - [TEST_STEP][PASSED] - if (i == 2 &amp;&amp; wildList.indexOf(symbol) != -1): null

2019-08-23 18:55:56 - [TEST_STEP][PASSED] - if (i == 3 &amp;&amp; wildList.indexOf(symbol) != -1): null

2019-08-23 18:55:56 - [TEST_STEP][PASSED] - if (i == 4 &amp;&amp; wildList.indexOf(symbol) != -1): null

2019-08-23 18:55:56 - [TEST_STEP][PASSED] - free_spin_reel_counter = free_spin_reel_counter: null

2019-08-23 18:55:56 - [TEST_STEP][PASSED] - println("reel 3 wild found: " + free_spin_reel_counter[0]): null

2019-08-23 18:55:56 - [TEST_STEP][PASSED] - println("reel 4 wild found: " + free_spin_reel_counter[1]): null

2019-08-23 18:55:56 - [TEST_STEP][PASSED] - println("reel 5 wild found: " + free_spin_reel_counter[2]): null

2019-08-23 18:55:56 - [TEST_STEP][PASSED] - M4_spin_reels = M4_spin_reels: null

2019-08-23 18:55:56 - [TEST_STEP][PASSED] - M4_spin_reels_symbols = symbol: null

2019-08-23 18:55:56 - [TEST_STEP][PASSED] - M4_spin_reels_symbols = M4_spin_reels_symbols: null

2019-08-23 18:55:56 - [TEST_STEP][PASSED] - M4_spin_reel_wins = reel_wins: null

2019-08-23 18:55:56 - [TEST_STEP][PASSED] - M4_spin_reel_wins = M4_spin_reel_wins: null

2019-08-23 18:55:56 - [TEST_STEP][PASSED] - println("GlobalVariable.M4_spin_reel_wins is: " + M4_spin_reel_wins): null

2019-08-23 18:55:56 - [TEST_STEP][PASSED] - M4_spin_total_bonus_win_this_round = total_bonus_win_this_round: null

2019-08-23 18:55:56 - [TEST_STEP][PASSED] - M4_spin_total_bonus_win_this_round = M4_spin_total_bonus_win_this_round: null

2019-08-23 18:55:56 - [TEST_STEP][PASSED] - println("GlobalVariable.M4_spin_total_bonus_win_this_round is: " + M4_spin_total_bonus_win_this_round): null

2019-08-23 18:55:56 - [TEST_STEP][PASSED] - M4_spin_bonus_spin_result = spin_result: null

2019-08-23 18:55:56 - [TEST_STEP][PASSED] - M4_spin_bonus_spin_result = M4_spin_bonus_spin_result: null

2019-08-23 18:55:56 - [MESSAGE][PASSED] - Verify response successfully

2019-08-23 18:55:56 - [MESSAGE][PASSED] - Send request and verify the response successfully

2019-08-23 18:55:56 - [TEST_STEP][PASSED] - if (free_spin_reel_counter[0] &gt;= 1 &amp;&amp; free_spin_reel_counter[1] &gt;= 1 &amp;&amp; free_spin_reel_counter[2] &gt;= 1): null

2019-08-23 18:55:56 - [TEST_STEP][PASSED] - spin_result = sendRequestAndVerify(findTestObject("INT/RGS(M4)/1_M4_spin", ["M4_login_user_id":M4_login_user_id, "rgs_session_token":rgs_session_token, "partner":Partner])): Send request and verify the response successfully

2019-08-23 18:55:57 - [MESSAGE][INFO] - HAR: /Users/eiralee/Katalon_Script/SuperWild/Reports/20190823_184757/INT/superWild_1/20190823_184757/requests/main/196.har

2019-08-23 18:55:57 - [TEST_CASE][PASSED] - Start Test Case : Verification: Verification accomplished successfully

2019-08-23 18:55:57 - [TEST_STEP][PASSED] - request = getInstance().getCurrentRequest(): null

2019-08-23 18:55:57 - [TEST_STEP][PASSED] - response = getInstance().getCurrentResponse(): null

2019-08-23 18:55:57 - [TEST_STEP][PASSED] - verifyResponseStatusCode(response, 200): Verify response status code successfully

2019-08-23 18:55:57 - [MESSAGE][PASSED] - Verify response status code successfully

2019-08-23 18:55:57 - [TEST_STEP][PASSED] - getStatusCode()).isEqualTo(200): null

2019-08-23 18:55:57 - [TEST_STEP][PASSED] - newline = System.getProperty("line.separator"): null

2019-08-23 18:55:57 - [TEST_STEP][PASSED] - M4_spin = new groovy.json.JsonSlurper(): null

2019-08-23 18:55:57 - [TEST_STEP][PASSED] - result_M4_spin = M4_spin.parseText(response.getResponseBodyContent()): null

2019-08-23 18:55:57 - [TEST_STEP][PASSED] - M4_spin_current_balance = current_balance: null

2019-08-23 18:55:57 - [TEST_STEP][PASSED] - M4_spin_current_balance = M4_spin_current_balance: null

2019-08-23 18:55:57 - [TEST_STEP][PASSED] - M4_spin_transaction_id = causality: null

2019-08-23 18:55:57 - [TEST_STEP][PASSED] - M4_spin_transaction_id = M4_spin_transaction_id: null

2019-08-23 18:55:57 - [TEST_STEP][PASSED] - M4_spin_round_id = round_id: null

2019-08-23 18:55:57 - [TEST_STEP][PASSED] - M4_spin_round_id = M4_spin_round_id: null

2019-08-23 18:55:57 - [TEST_STEP][PASSED] - M4_spin_line_wins = line_wins: null

2019-08-23 18:55:57 - [TEST_STEP][PASSED] - M4_spin_line_wins = M4_spin_line_wins: null

2019-08-23 18:55:57 - [TEST_STEP][PASSED] - M4_total_bonus_spins_int = total_bonus_spins: null

2019-08-23 18:55:57 - [TEST_STEP][PASSED] - println("******M4_total_bonus_spins type is:*******" + newline + getClass().getName()): null

2019-08-23 18:55:57 - [TEST_STEP][PASSED] - M4_total_bonus_spins_int = M4_total_bonus_spins_int: null

2019-08-23 18:55:57 - [TEST_STEP][PASSED] - M4_total_bonus_spins = Integer.toString(M4_total_bonus_spins_int): null

2019-08-23 18:55:57 - [TEST_STEP][PASSED] - M4_total_bonus_spins = M4_total_bonus_spins: null

2019-08-23 18:55:57 - [TEST_STEP][PASSED] - println("M4_total_bonus_spins is:" + M4_total_bonus_spins): null

2019-08-23 18:55:57 - [TEST_STEP][PASSED] - M4_spin_bonus_data = bonus_data: null

2019-08-23 18:55:57 - [TEST_STEP][PASSED] - M4_spin_features_triggered = result_M4_spin: null

2019-08-23 18:55:57 - [TEST_STEP][PASSED] - wild = []: null

2019-08-23 18:55:57 - [TEST_STEP][PASSED] - wild[0] = "WILD_Expanding": null

2019-08-23 18:55:57 - [TEST_STEP][PASSED] - wild[1] = "WILD_Normal": null

2019-08-23 18:55:57 - [TEST_STEP][PASSED] - wild[2] = "WILD_Double": null

2019-08-23 18:55:57 - [TEST_STEP][PASSED] - wild[3] = "WILD_ExtraFG": null

2019-08-23 18:55:57 - [TEST_STEP][PASSED] - wild[4] = "WILD_Triple": null

2019-08-23 18:55:57 - [TEST_STEP][PASSED] - wildList = Arrays.asList(wild): null

2019-08-23 18:55:57 - [TEST_STEP][PASSED] - wildList = wildList: null

2019-08-23 18:55:57 - [TEST_STEP][PASSED] - free_spin_reel_counter = []: null

2019-08-23 18:55:57 - [TEST_STEP][PASSED] - free_spin_reel_counter[0] = 0: null

2019-08-23 18:55:57 - [TEST_STEP][PASSED] - free_spin_reel_counter[1] = 0: null

2019-08-23 18:55:57 - [TEST_STEP][PASSED] - free_spin_reel_counter[2] = 0: null

2019-08-23 18:55:57 - [TEST_STEP][PASSED] - M4_spin_reels = reels: null

2019-08-23 18:55:57 - [TEST_STEP][PASSED] - for ([i = 0, i &lt; M4_spin_reels.size(), (i++)]): null

2019-08-23 18:55:57 - [TEST_STEP][PASSED] - symbols = symbols: null

2019-08-23 18:55:57 - [TEST_STEP][PASSED] - for ([j = 0, j &lt; symbols.size(), (j++)]): null

2019-08-23 18:55:57 - [TEST_STEP][PASSED] - symbol = symbol: null

2019-08-23 18:55:57 - [TEST_STEP][PASSED] - println(symbol): null

2019-08-23 18:55:57 - [TEST_STEP][PASSED] - if (i == 2 &amp;&amp; wildList.indexOf(symbol) != -1): null

2019-08-23 18:55:57 - [TEST_STEP][PASSED] - if (i == 3 &amp;&amp; wildList.indexOf(symbol) != -1): null

2019-08-23 18:55:57 - [TEST_STEP][PASSED] - if (i == 4 &amp;&amp; wildList.indexOf(symbol) != -1): null

2019-08-23 18:55:57 - [TEST_STEP][PASSED] - symbol = symbol: null

2019-08-23 18:55:57 - [TEST_STEP][PASSED] - println(symbol): null

2019-08-23 18:55:57 - [TEST_STEP][PASSED] - if (i == 2 &amp;&amp; wildList.indexOf(symbol) != -1): null

2019-08-23 18:55:57 - [TEST_STEP][PASSED] - if (i == 3 &amp;&amp; wildList.indexOf(symbol) != -1): null

2019-08-23 18:55:57 - [TEST_STEP][PASSED] - if (i == 4 &amp;&amp; wildList.indexOf(symbol) != -1): null

2019-08-23 18:55:57 - [TEST_STEP][PASSED] - symbol = symbol: null

2019-08-23 18:55:57 - [TEST_STEP][PASSED] - println(symbol): null

2019-08-23 18:55:57 - [TEST_STEP][PASSED] - if (i == 2 &amp;&amp; wildList.indexOf(symbol) != -1): null

2019-08-23 18:55:57 - [TEST_STEP][PASSED] - if (i == 3 &amp;&amp; wildList.indexOf(symbol) != -1): null

2019-08-23 18:55:57 - [TEST_STEP][PASSED] - if (i == 4 &amp;&amp; wildList.indexOf(symbol) != -1): null

2019-08-23 18:55:57 - [TEST_STEP][PASSED] - symbols = symbols: null

2019-08-23 18:55:57 - [TEST_STEP][PASSED] - for ([j = 0, j &lt; symbols.size(), (j++)]): null

2019-08-23 18:55:57 - [TEST_STEP][PASSED] - symbol = symbol: null

2019-08-23 18:55:57 - [TEST_STEP][PASSED] - println(symbol): null

2019-08-23 18:55:57 - [TEST_STEP][PASSED] - if (i == 2 &amp;&amp; wildList.indexOf(symbol) != -1): null

2019-08-23 18:55:57 - [TEST_STEP][PASSED] - if (i == 3 &amp;&amp; wildList.indexOf(symbol) != -1): null

2019-08-23 18:55:57 - [TEST_STEP][PASSED] - if (i == 4 &amp;&amp; wildList.indexOf(symbol) != -1): null

2019-08-23 18:55:57 - [TEST_STEP][PASSED] - symbol = symbol: null

2019-08-23 18:55:57 - [TEST_STEP][PASSED] - println(symbol): null

2019-08-23 18:55:57 - [TEST_STEP][PASSED] - if (i == 2 &amp;&amp; wildList.indexOf(symbol) != -1): null

2019-08-23 18:55:57 - [TEST_STEP][PASSED] - if (i == 3 &amp;&amp; wildList.indexOf(symbol) != -1): null

2019-08-23 18:55:57 - [TEST_STEP][PASSED] - if (i == 4 &amp;&amp; wildList.indexOf(symbol) != -1): null

2019-08-23 18:55:57 - [TEST_STEP][PASSED] - symbol = symbol: null

2019-08-23 18:55:57 - [TEST_STEP][PASSED] - println(symbol): null

2019-08-23 18:55:57 - [TEST_STEP][PASSED] - if (i == 2 &amp;&amp; wildList.indexOf(symbol) != -1): null

2019-08-23 18:55:57 - [TEST_STEP][PASSED] - if (i == 3 &amp;&amp; wildList.indexOf(symbol) != -1): null

2019-08-23 18:55:57 - [TEST_STEP][PASSED] - if (i == 4 &amp;&amp; wildList.indexOf(symbol) != -1): null

2019-08-23 18:55:57 - [TEST_STEP][PASSED] - symbols = symbols: null

2019-08-23 18:55:57 - [TEST_STEP][PASSED] - for ([j = 0, j &lt; symbols.size(), (j++)]): null

2019-08-23 18:55:57 - [TEST_STEP][PASSED] - symbol = symbol: null

2019-08-23 18:55:57 - [TEST_STEP][PASSED] - println(symbol): null

2019-08-23 18:55:57 - [TEST_STEP][PASSED] - if (i == 2 &amp;&amp; wildList.indexOf(symbol) != -1): null

2019-08-23 18:55:57 - [TEST_STEP][PASSED] - if (i == 3 &amp;&amp; wildList.indexOf(symbol) != -1): null

2019-08-23 18:55:57 - [TEST_STEP][PASSED] - if (i == 4 &amp;&amp; wildList.indexOf(symbol) != -1): null

2019-08-23 18:55:57 - [TEST_STEP][PASSED] - symbol = symbol: null

2019-08-23 18:55:57 - [TEST_STEP][PASSED] - println(symbol): null

2019-08-23 18:55:57 - [TEST_STEP][PASSED] - if (i == 2 &amp;&amp; wildList.indexOf(symbol) != -1): null

2019-08-23 18:55:57 - [TEST_STEP][PASSED] - if (i == 3 &amp;&amp; wildList.indexOf(symbol) != -1): null

2019-08-23 18:55:57 - [TEST_STEP][PASSED] - if (i == 4 &amp;&amp; wildList.indexOf(symbol) != -1): null

2019-08-23 18:55:57 - [TEST_STEP][PASSED] - symbol = symbol: null

2019-08-23 18:55:57 - [TEST_STEP][PASSED] - println(symbol): null

2019-08-23 18:55:57 - [TEST_STEP][PASSED] - if (i == 2 &amp;&amp; wildList.indexOf(symbol) != -1): null

2019-08-23 18:55:57 - [TEST_STEP][PASSED] - println("wild found on reel 3, adding counter by 1"): null

2019-08-23 18:55:57 - [TEST_STEP][PASSED] - free_spin_reel_counter[0] = free_spin_reel_counter[0] + 1: null

2019-08-23 18:55:57 - [TEST_STEP][PASSED] - if (i == 3 &amp;&amp; wildList.indexOf(symbol) != -1): null

2019-08-23 18:55:57 - [TEST_STEP][PASSED] - if (i == 4 &amp;&amp; wildList.indexOf(symbol) != -1): null

2019-08-23 18:55:57 - [TEST_STEP][PASSED] - symbols = symbols: null

2019-08-23 18:55:57 - [TEST_STEP][PASSED] - for ([j = 0, j &lt; symbols.size(), (j++)]): null

2019-08-23 18:55:57 - [TEST_STEP][PASSED] - symbol = symbol: null

2019-08-23 18:55:57 - [TEST_STEP][PASSED] - println(symbol): null

2019-08-23 18:55:57 - [TEST_STEP][PASSED] - if (i == 2 &amp;&amp; wildList.indexOf(symbol) != -1): null

2019-08-23 18:55:57 - [TEST_STEP][PASSED] - if (i == 3 &amp;&amp; wildList.indexOf(symbol) != -1): null

2019-08-23 18:55:57 - [TEST_STEP][PASSED] - if (i == 4 &amp;&amp; wildList.indexOf(symbol) != -1): null

2019-08-23 18:55:57 - [TEST_STEP][PASSED] - symbol = symbol: null

2019-08-23 18:55:57 - [TEST_STEP][PASSED] - println(symbol): null

2019-08-23 18:55:57 - [TEST_STEP][PASSED] - if (i == 2 &amp;&amp; wildList.indexOf(symbol) != -1): null

2019-08-23 18:55:57 - [TEST_STEP][PASSED] - if (i == 3 &amp;&amp; wildList.indexOf(symbol) != -1): null

2019-08-23 18:55:57 - [TEST_STEP][PASSED] - if (i == 4 &amp;&amp; wildList.indexOf(symbol) != -1): null

2019-08-23 18:55:57 - [TEST_STEP][PASSED] - symbol = symbol: null

2019-08-23 18:55:57 - [TEST_STEP][PASSED] - println(symbol): null

2019-08-23 18:55:57 - [TEST_STEP][PASSED] - if (i == 2 &amp;&amp; wildList.indexOf(symbol) != -1): null

2019-08-23 18:55:57 - [TEST_STEP][PASSED] - if (i == 3 &amp;&amp; wildList.indexOf(symbol) != -1): null

2019-08-23 18:55:57 - [TEST_STEP][PASSED] - println("wild found on reel 4, adding counter by 1"): null

2019-08-23 18:55:57 - [TEST_STEP][PASSED] - free_spin_reel_counter[1] = free_spin_reel_counter[1] + 1: null

2019-08-23 18:55:57 - [TEST_STEP][PASSED] - if (i == 4 &amp;&amp; wildList.indexOf(symbol) != -1): null

2019-08-23 18:55:57 - [TEST_STEP][PASSED] - symbols = symbols: null

2019-08-23 18:55:57 - [TEST_STEP][PASSED] - for ([j = 0, j &lt; symbols.size(), (j++)]): null

2019-08-23 18:55:57 - [TEST_STEP][PASSED] - symbol = symbol: null

2019-08-23 18:55:57 - [TEST_STEP][PASSED] - println(symbol): null

2019-08-23 18:55:57 - [TEST_STEP][PASSED] - if (i == 2 &amp;&amp; wildList.indexOf(symbol) != -1): null

2019-08-23 18:55:57 - [TEST_STEP][PASSED] - if (i == 3 &amp;&amp; wildList.indexOf(symbol) != -1): null

2019-08-23 18:55:57 - [TEST_STEP][PASSED] - if (i == 4 &amp;&amp; wildList.indexOf(symbol) != -1): null

2019-08-23 18:55:57 - [TEST_STEP][PASSED] - symbol = symbol: null

2019-08-23 18:55:57 - [TEST_STEP][PASSED] - println(symbol): null

2019-08-23 18:55:57 - [TEST_STEP][PASSED] - if (i == 2 &amp;&amp; wildList.indexOf(symbol) != -1): null

2019-08-23 18:55:57 - [TEST_STEP][PASSED] - if (i == 3 &amp;&amp; wildList.indexOf(symbol) != -1): null

2019-08-23 18:55:57 - [TEST_STEP][PASSED] - if (i == 4 &amp;&amp; wildList.indexOf(symbol) != -1): null

2019-08-23 18:55:57 - [TEST_STEP][PASSED] - symbol = symbol: null

2019-08-23 18:55:57 - [TEST_STEP][PASSED] - println(symbol): null

2019-08-23 18:55:57 - [TEST_STEP][PASSED] - if (i == 2 &amp;&amp; wildList.indexOf(symbol) != -1): null

2019-08-23 18:55:57 - [TEST_STEP][PASSED] - if (i == 3 &amp;&amp; wildList.indexOf(symbol) != -1): null

2019-08-23 18:55:57 - [TEST_STEP][PASSED] - if (i == 4 &amp;&amp; wildList.indexOf(symbol) != -1): null

2019-08-23 18:55:57 - [TEST_STEP][PASSED] - free_spin_reel_counter = free_spin_reel_counter: null

2019-08-23 18:55:57 - [TEST_STEP][PASSED] - println("reel 3 wild found: " + free_spin_reel_counter[0]): null

2019-08-23 18:55:57 - [TEST_STEP][PASSED] - println("reel 4 wild found: " + free_spin_reel_counter[1]): null

2019-08-23 18:55:57 - [TEST_STEP][PASSED] - println("reel 5 wild found: " + free_spin_reel_counter[2]): null

2019-08-23 18:55:57 - [TEST_STEP][PASSED] - M4_spin_reels = M4_spin_reels: null

2019-08-23 18:55:57 - [TEST_STEP][PASSED] - M4_spin_reels_symbols = symbol: null

2019-08-23 18:55:57 - [TEST_STEP][PASSED] - M4_spin_reels_symbols = M4_spin_reels_symbols: null

2019-08-23 18:55:57 - [TEST_STEP][PASSED] - M4_spin_reel_wins = reel_wins: null

2019-08-23 18:55:57 - [TEST_STEP][PASSED] - M4_spin_reel_wins = M4_spin_reel_wins: null

2019-08-23 18:55:57 - [TEST_STEP][PASSED] - println("GlobalVariable.M4_spin_reel_wins is: " + M4_spin_reel_wins): null

2019-08-23 18:55:57 - [TEST_STEP][PASSED] - M4_spin_total_bonus_win_this_round = total_bonus_win_this_round: null

2019-08-23 18:55:57 - [TEST_STEP][PASSED] - M4_spin_total_bonus_win_this_round = M4_spin_total_bonus_win_this_round: null

2019-08-23 18:55:57 - [TEST_STEP][PASSED] - println("GlobalVariable.M4_spin_total_bonus_win_this_round is: " + M4_spin_total_bonus_win_this_round): null

2019-08-23 18:55:57 - [TEST_STEP][PASSED] - M4_spin_bonus_spin_result = spin_result: null

2019-08-23 18:55:57 - [TEST_STEP][PASSED] - M4_spin_bonus_spin_result = M4_spin_bonus_spin_result: null

2019-08-23 18:55:57 - [MESSAGE][PASSED] - Verify response successfully

2019-08-23 18:55:57 - [MESSAGE][PASSED] - Send request and verify the response successfully

2019-08-23 18:55:57 - [TEST_STEP][PASSED] - if (free_spin_reel_counter[0] &gt;= 1 &amp;&amp; free_spin_reel_counter[1] &gt;= 1 &amp;&amp; free_spin_reel_counter[2] &gt;= 1): null

2019-08-23 18:55:57 - [TEST_STEP][PASSED] - spin_result = sendRequestAndVerify(findTestObject("INT/RGS(M4)/1_M4_spin", ["M4_login_user_id":M4_login_user_id, "rgs_session_token":rgs_session_token, "partner":Partner])): Send request and verify the response successfully

2019-08-23 18:55:57 - [MESSAGE][INFO] - HAR: /Users/eiralee/Katalon_Script/SuperWild/Reports/20190823_184757/INT/superWild_1/20190823_184757/requests/main/197.har

2019-08-23 18:55:57 - [TEST_CASE][PASSED] - Start Test Case : Verification: Verification accomplished successfully

2019-08-23 18:55:58 - [TEST_STEP][PASSED] - request = getInstance().getCurrentRequest(): null

2019-08-23 18:55:59 - [TEST_STEP][PASSED] - response = getInstance().getCurrentResponse(): null

2019-08-23 18:55:59 - [TEST_STEP][PASSED] - verifyResponseStatusCode(response, 200): Verify response status code successfully

2019-08-23 18:55:59 - [MESSAGE][PASSED] - Verify response status code successfully

2019-08-23 18:55:59 - [TEST_STEP][PASSED] - getStatusCode()).isEqualTo(200): null

2019-08-23 18:55:59 - [TEST_STEP][PASSED] - newline = System.getProperty("line.separator"): null

2019-08-23 18:55:59 - [TEST_STEP][PASSED] - M4_spin = new groovy.json.JsonSlurper(): null

2019-08-23 18:55:59 - [TEST_STEP][PASSED] - result_M4_spin = M4_spin.parseText(response.getResponseBodyContent()): null

2019-08-23 18:55:59 - [TEST_STEP][PASSED] - M4_spin_current_balance = current_balance: null

2019-08-23 18:55:59 - [TEST_STEP][PASSED] - M4_spin_current_balance = M4_spin_current_balance: null

2019-08-23 18:55:59 - [TEST_STEP][PASSED] - M4_spin_transaction_id = causality: null

2019-08-23 18:55:59 - [TEST_STEP][PASSED] - M4_spin_transaction_id = M4_spin_transaction_id: null

2019-08-23 18:55:59 - [TEST_STEP][PASSED] - M4_spin_round_id = round_id: null

2019-08-23 18:55:59 - [TEST_STEP][PASSED] - M4_spin_round_id = M4_spin_round_id: null

2019-08-23 18:55:59 - [TEST_STEP][PASSED] - M4_spin_line_wins = line_wins: null

2019-08-23 18:55:59 - [TEST_STEP][PASSED] - M4_spin_line_wins = M4_spin_line_wins: null

2019-08-23 18:55:59 - [TEST_STEP][PASSED] - M4_total_bonus_spins_int = total_bonus_spins: null

2019-08-23 18:55:59 - [TEST_STEP][PASSED] - println("******M4_total_bonus_spins type is:*******" + newline + getClass().getName()): null

2019-08-23 18:55:59 - [TEST_STEP][PASSED] - M4_total_bonus_spins_int = M4_total_bonus_spins_int: null

2019-08-23 18:55:59 - [TEST_STEP][PASSED] - M4_total_bonus_spins = Integer.toString(M4_total_bonus_spins_int): null

2019-08-23 18:55:59 - [TEST_STEP][PASSED] - M4_total_bonus_spins = M4_total_bonus_spins: null

2019-08-23 18:55:59 - [TEST_STEP][PASSED] - println("M4_total_bonus_spins is:" + M4_total_bonus_spins): null

2019-08-23 18:55:59 - [TEST_STEP][PASSED] - M4_spin_bonus_data = bonus_data: null

2019-08-23 18:55:59 - [TEST_STEP][PASSED] - M4_spin_features_triggered = result_M4_spin: null

2019-08-23 18:55:59 - [TEST_STEP][PASSED] - wild = []: null

2019-08-23 18:55:59 - [TEST_STEP][PASSED] - wild[0] = "WILD_Expanding": null

2019-08-23 18:55:59 - [TEST_STEP][PASSED] - wild[1] = "WILD_Normal": null

2019-08-23 18:55:59 - [TEST_STEP][PASSED] - wild[2] = "WILD_Double": null

2019-08-23 18:55:59 - [TEST_STEP][PASSED] - wild[3] = "WILD_ExtraFG": null

2019-08-23 18:55:59 - [TEST_STEP][PASSED] - wild[4] = "WILD_Triple": null

2019-08-23 18:55:59 - [TEST_STEP][PASSED] - wildList = Arrays.asList(wild): null

2019-08-23 18:55:59 - [TEST_STEP][PASSED] - wildList = wildList: null

2019-08-23 18:55:59 - [TEST_STEP][PASSED] - free_spin_reel_counter = []: null

2019-08-23 18:55:59 - [TEST_STEP][PASSED] - free_spin_reel_counter[0] = 0: null

2019-08-23 18:55:59 - [TEST_STEP][PASSED] - free_spin_reel_counter[1] = 0: null

2019-08-23 18:55:59 - [TEST_STEP][PASSED] - free_spin_reel_counter[2] = 0: null

2019-08-23 18:55:59 - [TEST_STEP][PASSED] - M4_spin_reels = reels: null

2019-08-23 18:55:59 - [TEST_STEP][PASSED] - for ([i = 0, i &lt; M4_spin_reels.size(), (i++)]): null

2019-08-23 18:55:59 - [TEST_STEP][PASSED] - symbols = symbols: null

2019-08-23 18:55:59 - [TEST_STEP][PASSED] - for ([j = 0, j &lt; symbols.size(), (j++)]): null

2019-08-23 18:55:59 - [TEST_STEP][PASSED] - symbol = symbol: null

2019-08-23 18:55:59 - [TEST_STEP][PASSED] - println(symbol): null

2019-08-23 18:55:59 - [TEST_STEP][PASSED] - if (i == 2 &amp;&amp; wildList.indexOf(symbol) != -1): null

2019-08-23 18:55:59 - [TEST_STEP][PASSED] - if (i == 3 &amp;&amp; wildList.indexOf(symbol) != -1): null

2019-08-23 18:55:59 - [TEST_STEP][PASSED] - if (i == 4 &amp;&amp; wildList.indexOf(symbol) != -1): null

2019-08-23 18:55:59 - [TEST_STEP][PASSED] - symbol = symbol: null

2019-08-23 18:55:59 - [TEST_STEP][PASSED] - println(symbol): null

2019-08-23 18:55:59 - [TEST_STEP][PASSED] - if (i == 2 &amp;&amp; wildList.indexOf(symbol) != -1): null

2019-08-23 18:55:59 - [TEST_STEP][PASSED] - if (i == 3 &amp;&amp; wildList.indexOf(symbol) != -1): null

2019-08-23 18:55:59 - [TEST_STEP][PASSED] - if (i == 4 &amp;&amp; wildList.indexOf(symbol) != -1): null

2019-08-23 18:55:59 - [TEST_STEP][PASSED] - symbol = symbol: null

2019-08-23 18:55:59 - [TEST_STEP][PASSED] - println(symbol): null

2019-08-23 18:55:59 - [TEST_STEP][PASSED] - if (i == 2 &amp;&amp; wildList.indexOf(symbol) != -1): null

2019-08-23 18:55:59 - [TEST_STEP][PASSED] - if (i == 3 &amp;&amp; wildList.indexOf(symbol) != -1): null

2019-08-23 18:55:59 - [TEST_STEP][PASSED] - if (i == 4 &amp;&amp; wildList.indexOf(symbol) != -1): null

2019-08-23 18:55:59 - [TEST_STEP][PASSED] - symbols = symbols: null

2019-08-23 18:55:59 - [TEST_STEP][PASSED] - for ([j = 0, j &lt; symbols.size(), (j++)]): null

2019-08-23 18:55:59 - [TEST_STEP][PASSED] - symbol = symbol: null

2019-08-23 18:55:59 - [TEST_STEP][PASSED] - println(symbol): null

2019-08-23 18:55:59 - [TEST_STEP][PASSED] - if (i == 2 &amp;&amp; wildList.indexOf(symbol) != -1): null

2019-08-23 18:55:59 - [TEST_STEP][PASSED] - if (i == 3 &amp;&amp; wildList.indexOf(symbol) != -1): null

2019-08-23 18:55:59 - [TEST_STEP][PASSED] - if (i == 4 &amp;&amp; wildList.indexOf(symbol) != -1): null

2019-08-23 18:55:59 - [TEST_STEP][PASSED] - symbol = symbol: null

2019-08-23 18:55:59 - [TEST_STEP][PASSED] - println(symbol): null

2019-08-23 18:55:59 - [TEST_STEP][PASSED] - if (i == 2 &amp;&amp; wildList.indexOf(symbol) != -1): null

2019-08-23 18:55:59 - [TEST_STEP][PASSED] - if (i == 3 &amp;&amp; wildList.indexOf(symbol) != -1): null

2019-08-23 18:55:59 - [TEST_STEP][PASSED] - if (i == 4 &amp;&amp; wildList.indexOf(symbol) != -1): null

2019-08-23 18:55:59 - [TEST_STEP][PASSED] - symbol = symbol: null

2019-08-23 18:55:59 - [TEST_STEP][PASSED] - println(symbol): null

2019-08-23 18:55:59 - [TEST_STEP][PASSED] - if (i == 2 &amp;&amp; wildList.indexOf(symbol) != -1): null

2019-08-23 18:55:59 - [TEST_STEP][PASSED] - if (i == 3 &amp;&amp; wildList.indexOf(symbol) != -1): null

2019-08-23 18:55:59 - [TEST_STEP][PASSED] - if (i == 4 &amp;&amp; wildList.indexOf(symbol) != -1): null

2019-08-23 18:55:59 - [TEST_STEP][PASSED] - symbols = symbols: null

2019-08-23 18:55:59 - [TEST_STEP][PASSED] - for ([j = 0, j &lt; symbols.size(), (j++)]): null

2019-08-23 18:55:59 - [TEST_STEP][PASSED] - symbol = symbol: null

2019-08-23 18:55:59 - [TEST_STEP][PASSED] - println(symbol): null

2019-08-23 18:55:59 - [TEST_STEP][PASSED] - if (i == 2 &amp;&amp; wildList.indexOf(symbol) != -1): null

2019-08-23 18:55:59 - [TEST_STEP][PASSED] - if (i == 3 &amp;&amp; wildList.indexOf(symbol) != -1): null

2019-08-23 18:55:59 - [TEST_STEP][PASSED] - if (i == 4 &amp;&amp; wildList.indexOf(symbol) != -1): null

2019-08-23 18:55:59 - [TEST_STEP][PASSED] - symbol = symbol: null

2019-08-23 18:55:59 - [TEST_STEP][PASSED] - println(symbol): null

2019-08-23 18:55:59 - [TEST_STEP][PASSED] - if (i == 2 &amp;&amp; wildList.indexOf(symbol) != -1): null

2019-08-23 18:55:59 - [TEST_STEP][PASSED] - if (i == 3 &amp;&amp; wildList.indexOf(symbol) != -1): null

2019-08-23 18:55:59 - [TEST_STEP][PASSED] - if (i == 4 &amp;&amp; wildList.indexOf(symbol) != -1): null

2019-08-23 18:55:59 - [TEST_STEP][PASSED] - symbol = symbol: null

2019-08-23 18:55:59 - [TEST_STEP][PASSED] - println(symbol): null

2019-08-23 18:55:59 - [TEST_STEP][PASSED] - if (i == 2 &amp;&amp; wildList.indexOf(symbol) != -1): null

2019-08-23 18:55:59 - [TEST_STEP][PASSED] - if (i == 3 &amp;&amp; wildList.indexOf(symbol) != -1): null

2019-08-23 18:55:59 - [TEST_STEP][PASSED] - if (i == 4 &amp;&amp; wildList.indexOf(symbol) != -1): null

2019-08-23 18:55:59 - [TEST_STEP][PASSED] - symbols = symbols: null

2019-08-23 18:55:59 - [TEST_STEP][PASSED] - for ([j = 0, j &lt; symbols.size(), (j++)]): null

2019-08-23 18:55:59 - [TEST_STEP][PASSED] - symbol = symbol: null

2019-08-23 18:55:59 - [TEST_STEP][PASSED] - println(symbol): null

2019-08-23 18:55:59 - [TEST_STEP][PASSED] - if (i == 2 &amp;&amp; wildList.indexOf(symbol) != -1): null

2019-08-23 18:55:59 - [TEST_STEP][PASSED] - if (i == 3 &amp;&amp; wildList.indexOf(symbol) != -1): null

2019-08-23 18:55:59 - [TEST_STEP][PASSED] - if (i == 4 &amp;&amp; wildList.indexOf(symbol) != -1): null

2019-08-23 18:55:59 - [TEST_STEP][PASSED] - symbol = symbol: null

2019-08-23 18:55:59 - [TEST_STEP][PASSED] - println(symbol): null

2019-08-23 18:55:59 - [TEST_STEP][PASSED] - if (i == 2 &amp;&amp; wildList.indexOf(symbol) != -1): null

2019-08-23 18:55:59 - [TEST_STEP][PASSED] - if (i == 3 &amp;&amp; wildList.indexOf(symbol) != -1): null

2019-08-23 18:55:59 - [TEST_STEP][PASSED] - if (i == 4 &amp;&amp; wildList.indexOf(symbol) != -1): null

2019-08-23 18:55:59 - [TEST_STEP][PASSED] - symbol = symbol: null

2019-08-23 18:55:59 - [TEST_STEP][PASSED] - println(symbol): null

2019-08-23 18:55:59 - [TEST_STEP][PASSED] - if (i == 2 &amp;&amp; wildList.indexOf(symbol) != -1): null

2019-08-23 18:55:59 - [TEST_STEP][PASSED] - if (i == 3 &amp;&amp; wildList.indexOf(symbol) != -1): null

2019-08-23 18:55:59 - [TEST_STEP][PASSED] - if (i == 4 &amp;&amp; wildList.indexOf(symbol) != -1): null

2019-08-23 18:55:59 - [TEST_STEP][PASSED] - symbols = symbols: null

2019-08-23 18:55:59 - [TEST_STEP][PASSED] - for ([j = 0, j &lt; symbols.size(), (j++)]): null

2019-08-23 18:55:59 - [TEST_STEP][PASSED] - symbol = symbol: null

2019-08-23 18:55:59 - [TEST_STEP][PASSED] - println(symbol): null

2019-08-23 18:55:59 - [TEST_STEP][PASSED] - if (i == 2 &amp;&amp; wildList.indexOf(symbol) != -1): null

2019-08-23 18:55:59 - [TEST_STEP][PASSED] - if (i == 3 &amp;&amp; wildList.indexOf(symbol) != -1): null

2019-08-23 18:55:59 - [TEST_STEP][PASSED] - if (i == 4 &amp;&amp; wildList.indexOf(symbol) != -1): null

2019-08-23 18:55:59 - [TEST_STEP][PASSED] - symbol = symbol: null

2019-08-23 18:55:59 - [TEST_STEP][PASSED] - println(symbol): null

2019-08-23 18:55:59 - [TEST_STEP][PASSED] - if (i == 2 &amp;&amp; wildList.indexOf(symbol) != -1): null

2019-08-23 18:55:59 - [TEST_STEP][PASSED] - if (i == 3 &amp;&amp; wildList.indexOf(symbol) != -1): null

2019-08-23 18:55:59 - [TEST_STEP][PASSED] - if (i == 4 &amp;&amp; wildList.indexOf(symbol) != -1): null

2019-08-23 18:55:59 - [TEST_STEP][PASSED] - symbol = symbol: null

2019-08-23 18:55:59 - [TEST_STEP][PASSED] - println(symbol): null

2019-08-23 18:55:59 - [TEST_STEP][PASSED] - if (i == 2 &amp;&amp; wildList.indexOf(symbol) != -1): null

2019-08-23 18:55:59 - [TEST_STEP][PASSED] - if (i == 3 &amp;&amp; wildList.indexOf(symbol) != -1): null

2019-08-23 18:55:59 - [TEST_STEP][PASSED] - if (i == 4 &amp;&amp; wildList.indexOf(symbol) != -1): null

2019-08-23 18:55:59 - [TEST_STEP][PASSED] - free_spin_reel_counter = free_spin_reel_counter: null

2019-08-23 18:55:59 - [TEST_STEP][PASSED] - println("reel 3 wild found: " + free_spin_reel_counter[0]): null

2019-08-23 18:55:59 - [TEST_STEP][PASSED] - println("reel 4 wild found: " + free_spin_reel_counter[1]): null

2019-08-23 18:55:59 - [TEST_STEP][PASSED] - println("reel 5 wild found: " + free_spin_reel_counter[2]): null

2019-08-23 18:55:59 - [TEST_STEP][PASSED] - M4_spin_reels = M4_spin_reels: null

2019-08-23 18:55:59 - [TEST_STEP][PASSED] - M4_spin_reels_symbols = symbol: null

2019-08-23 18:55:59 - [TEST_STEP][PASSED] - M4_spin_reels_symbols = M4_spin_reels_symbols: null

2019-08-23 18:55:59 - [TEST_STEP][PASSED] - M4_spin_reel_wins = reel_wins: null

2019-08-23 18:55:59 - [TEST_STEP][PASSED] - M4_spin_reel_wins = M4_spin_reel_wins: null

2019-08-23 18:55:59 - [TEST_STEP][PASSED] - println("GlobalVariable.M4_spin_reel_wins is: " + M4_spin_reel_wins): null

2019-08-23 18:55:59 - [TEST_STEP][PASSED] - M4_spin_total_bonus_win_this_round = total_bonus_win_this_round: null

2019-08-23 18:55:59 - [TEST_STEP][PASSED] - M4_spin_total_bonus_win_this_round = M4_spin_total_bonus_win_this_round: null

2019-08-23 18:55:59 - [TEST_STEP][PASSED] - println("GlobalVariable.M4_spin_total_bonus_win_this_round is: " + M4_spin_total_bonus_win_this_round): null

2019-08-23 18:55:59 - [TEST_STEP][PASSED] - M4_spin_bonus_spin_result = spin_result: null

2019-08-23 18:55:59 - [TEST_STEP][PASSED] - M4_spin_bonus_spin_result = M4_spin_bonus_spin_result: null

2019-08-23 18:55:59 - [MESSAGE][PASSED] - Verify response successfully

2019-08-23 18:55:59 - [MESSAGE][PASSED] - Send request and verify the response successfully

2019-08-23 18:55:59 - [TEST_STEP][PASSED] - if (free_spin_reel_counter[0] &gt;= 1 &amp;&amp; free_spin_reel_counter[1] &gt;= 1 &amp;&amp; free_spin_reel_counter[2] &gt;= 1): null

2019-08-23 18:55:59 - [TEST_STEP][PASSED] - spin_result = sendRequestAndVerify(findTestObject("INT/RGS(M4)/1_M4_spin", ["M4_login_user_id":M4_login_user_id, "rgs_session_token":rgs_session_token, "partner":Partner])): Send request and verify the response successfully

2019-08-23 18:56:00 - [MESSAGE][INFO] - HAR: /Users/eiralee/Katalon_Script/SuperWild/Reports/20190823_184757/INT/superWild_1/20190823_184757/requests/main/198.har

2019-08-23 18:56:00 - [TEST_CASE][PASSED] - Start Test Case : Verification: Verification accomplished successfully

2019-08-23 18:56:00 - [TEST_STEP][PASSED] - request = getInstance().getCurrentRequest(): null

2019-08-23 18:56:00 - [TEST_STEP][PASSED] - response = getInstance().getCurrentResponse(): null

2019-08-23 18:56:00 - [TEST_STEP][PASSED] - verifyResponseStatusCode(response, 200): Verify response status code successfully

2019-08-23 18:56:00 - [MESSAGE][PASSED] - Verify response status code successfully

2019-08-23 18:56:00 - [TEST_STEP][PASSED] - getStatusCode()).isEqualTo(200): null

2019-08-23 18:56:00 - [TEST_STEP][PASSED] - newline = System.getProperty("line.separator"): null

2019-08-23 18:56:00 - [TEST_STEP][PASSED] - M4_spin = new groovy.json.JsonSlurper(): null

2019-08-23 18:56:00 - [TEST_STEP][PASSED] - result_M4_spin = M4_spin.parseText(response.getResponseBodyContent()): null

2019-08-23 18:56:00 - [TEST_STEP][PASSED] - M4_spin_current_balance = current_balance: null

2019-08-23 18:56:00 - [TEST_STEP][PASSED] - M4_spin_current_balance = M4_spin_current_balance: null

2019-08-23 18:56:00 - [TEST_STEP][PASSED] - M4_spin_transaction_id = causality: null

2019-08-23 18:56:00 - [TEST_STEP][PASSED] - M4_spin_transaction_id = M4_spin_transaction_id: null

2019-08-23 18:56:00 - [TEST_STEP][PASSED] - M4_spin_round_id = round_id: null

2019-08-23 18:56:00 - [TEST_STEP][PASSED] - M4_spin_round_id = M4_spin_round_id: null

2019-08-23 18:56:00 - [TEST_STEP][PASSED] - M4_spin_line_wins = line_wins: null

2019-08-23 18:56:00 - [TEST_STEP][PASSED] - M4_spin_line_wins = M4_spin_line_wins: null

2019-08-23 18:56:00 - [TEST_STEP][PASSED] - M4_total_bonus_spins_int = total_bonus_spins: null

2019-08-23 18:56:00 - [TEST_STEP][PASSED] - println("******M4_total_bonus_spins type is:*******" + newline + getClass().getName()): null

2019-08-23 18:56:00 - [TEST_STEP][PASSED] - M4_total_bonus_spins_int = M4_total_bonus_spins_int: null

2019-08-23 18:56:00 - [TEST_STEP][PASSED] - M4_total_bonus_spins = Integer.toString(M4_total_bonus_spins_int): null

2019-08-23 18:56:00 - [TEST_STEP][PASSED] - M4_total_bonus_spins = M4_total_bonus_spins: null

2019-08-23 18:56:00 - [TEST_STEP][PASSED] - println("M4_total_bonus_spins is:" + M4_total_bonus_spins): null

2019-08-23 18:56:00 - [TEST_STEP][PASSED] - M4_spin_bonus_data = bonus_data: null

2019-08-23 18:56:00 - [TEST_STEP][PASSED] - M4_spin_features_triggered = result_M4_spin: null

2019-08-23 18:56:00 - [TEST_STEP][PASSED] - wild = []: null

2019-08-23 18:56:00 - [TEST_STEP][PASSED] - wild[0] = "WILD_Expanding": null

2019-08-23 18:56:00 - [TEST_STEP][PASSED] - wild[1] = "WILD_Normal": null

2019-08-23 18:56:00 - [TEST_STEP][PASSED] - wild[2] = "WILD_Double": null

2019-08-23 18:56:00 - [TEST_STEP][PASSED] - wild[3] = "WILD_ExtraFG": null

2019-08-23 18:56:00 - [TEST_STEP][PASSED] - wild[4] = "WILD_Triple": null

2019-08-23 18:56:00 - [TEST_STEP][PASSED] - wildList = Arrays.asList(wild): null

2019-08-23 18:56:00 - [TEST_STEP][PASSED] - wildList = wildList: null

2019-08-23 18:56:00 - [TEST_STEP][PASSED] - free_spin_reel_counter = []: null

2019-08-23 18:56:00 - [TEST_STEP][PASSED] - free_spin_reel_counter[0] = 0: null

2019-08-23 18:56:00 - [TEST_STEP][PASSED] - free_spin_reel_counter[1] = 0: null

2019-08-23 18:56:00 - [TEST_STEP][PASSED] - free_spin_reel_counter[2] = 0: null

2019-08-23 18:56:00 - [TEST_STEP][PASSED] - M4_spin_reels = reels: null

2019-08-23 18:56:00 - [TEST_STEP][PASSED] - for ([i = 0, i &lt; M4_spin_reels.size(), (i++)]): null

2019-08-23 18:56:00 - [TEST_STEP][PASSED] - symbols = symbols: null

2019-08-23 18:56:00 - [TEST_STEP][PASSED] - for ([j = 0, j &lt; symbols.size(), (j++)]): null

2019-08-23 18:56:00 - [TEST_STEP][PASSED] - symbol = symbol: null

2019-08-23 18:56:00 - [TEST_STEP][PASSED] - println(symbol): null

2019-08-23 18:56:00 - [TEST_STEP][PASSED] - if (i == 2 &amp;&amp; wildList.indexOf(symbol) != -1): null

2019-08-23 18:56:00 - [TEST_STEP][PASSED] - if (i == 3 &amp;&amp; wildList.indexOf(symbol) != -1): null

2019-08-23 18:56:00 - [TEST_STEP][PASSED] - if (i == 4 &amp;&amp; wildList.indexOf(symbol) != -1): null

2019-08-23 18:56:00 - [TEST_STEP][PASSED] - symbol = symbol: null

2019-08-23 18:56:00 - [TEST_STEP][PASSED] - println(symbol): null

2019-08-23 18:56:00 - [TEST_STEP][PASSED] - if (i == 2 &amp;&amp; wildList.indexOf(symbol) != -1): null

2019-08-23 18:56:00 - [TEST_STEP][PASSED] - if (i == 3 &amp;&amp; wildList.indexOf(symbol) != -1): null

2019-08-23 18:56:00 - [TEST_STEP][PASSED] - if (i == 4 &amp;&amp; wildList.indexOf(symbol) != -1): null

2019-08-23 18:56:00 - [TEST_STEP][PASSED] - symbol = symbol: null

2019-08-23 18:56:00 - [TEST_STEP][PASSED] - println(symbol): null

2019-08-23 18:56:00 - [TEST_STEP][PASSED] - if (i == 2 &amp;&amp; wildList.indexOf(symbol) != -1): null

2019-08-23 18:56:00 - [TEST_STEP][PASSED] - if (i == 3 &amp;&amp; wildList.indexOf(symbol) != -1): null

2019-08-23 18:56:00 - [TEST_STEP][PASSED] - if (i == 4 &amp;&amp; wildList.indexOf(symbol) != -1): null

2019-08-23 18:56:00 - [TEST_STEP][PASSED] - symbols = symbols: null

2019-08-23 18:56:00 - [TEST_STEP][PASSED] - for ([j = 0, j &lt; symbols.size(), (j++)]): null

2019-08-23 18:56:00 - [TEST_STEP][PASSED] - symbol = symbol: null

2019-08-23 18:56:00 - [TEST_STEP][PASSED] - println(symbol): null

2019-08-23 18:56:00 - [TEST_STEP][PASSED] - if (i == 2 &amp;&amp; wildList.indexOf(symbol) != -1): null

2019-08-23 18:56:00 - [TEST_STEP][PASSED] - if (i == 3 &amp;&amp; wildList.indexOf(symbol) != -1): null

2019-08-23 18:56:00 - [TEST_STEP][PASSED] - if (i == 4 &amp;&amp; wildList.indexOf(symbol) != -1): null

2019-08-23 18:56:00 - [TEST_STEP][PASSED] - symbol = symbol: null

2019-08-23 18:56:00 - [TEST_STEP][PASSED] - println(symbol): null

2019-08-23 18:56:00 - [TEST_STEP][PASSED] - if (i == 2 &amp;&amp; wildList.indexOf(symbol) != -1): null

2019-08-23 18:56:00 - [TEST_STEP][PASSED] - if (i == 3 &amp;&amp; wildList.indexOf(symbol) != -1): null

2019-08-23 18:56:00 - [TEST_STEP][PASSED] - if (i == 4 &amp;&amp; wildList.indexOf(symbol) != -1): null

2019-08-23 18:56:00 - [TEST_STEP][PASSED] - symbol = symbol: null

2019-08-23 18:56:00 - [TEST_STEP][PASSED] - println(symbol): null

2019-08-23 18:56:00 - [TEST_STEP][PASSED] - if (i == 2 &amp;&amp; wildList.indexOf(symbol) != -1): null

2019-08-23 18:56:00 - [TEST_STEP][PASSED] - if (i == 3 &amp;&amp; wildList.indexOf(symbol) != -1): null

2019-08-23 18:56:00 - [TEST_STEP][PASSED] - if (i == 4 &amp;&amp; wildList.indexOf(symbol) != -1): null

2019-08-23 18:56:00 - [TEST_STEP][PASSED] - symbols = symbols: null

2019-08-23 18:56:00 - [TEST_STEP][PASSED] - for ([j = 0, j &lt; symbols.size(), (j++)]): null

2019-08-23 18:56:00 - [TEST_STEP][PASSED] - symbol = symbol: null

2019-08-23 18:56:00 - [TEST_STEP][PASSED] - println(symbol): null

2019-08-23 18:56:00 - [TEST_STEP][PASSED] - if (i == 2 &amp;&amp; wildList.indexOf(symbol) != -1): null

2019-08-23 18:56:00 - [TEST_STEP][PASSED] - if (i == 3 &amp;&amp; wildList.indexOf(symbol) != -1): null

2019-08-23 18:56:00 - [TEST_STEP][PASSED] - if (i == 4 &amp;&amp; wildList.indexOf(symbol) != -1): null

2019-08-23 18:56:00 - [TEST_STEP][PASSED] - symbol = symbol: null

2019-08-23 18:56:00 - [TEST_STEP][PASSED] - println(symbol): null

2019-08-23 18:56:00 - [TEST_STEP][PASSED] - if (i == 2 &amp;&amp; wildList.indexOf(symbol) != -1): null

2019-08-23 18:56:00 - [TEST_STEP][PASSED] - if (i == 3 &amp;&amp; wildList.indexOf(symbol) != -1): null

2019-08-23 18:56:00 - [TEST_STEP][PASSED] - if (i == 4 &amp;&amp; wildList.indexOf(symbol) != -1): null

2019-08-23 18:56:00 - [TEST_STEP][PASSED] - symbol = symbol: null

2019-08-23 18:56:00 - [TEST_STEP][PASSED] - println(symbol): null

2019-08-23 18:56:00 - [TEST_STEP][PASSED] - if (i == 2 &amp;&amp; wildList.indexOf(symbol) != -1): null

2019-08-23 18:56:00 - [TEST_STEP][PASSED] - if (i == 3 &amp;&amp; wildList.indexOf(symbol) != -1): null

2019-08-23 18:56:00 - [TEST_STEP][PASSED] - if (i == 4 &amp;&amp; wildList.indexOf(symbol) != -1): null

2019-08-23 18:56:00 - [TEST_STEP][PASSED] - symbols = symbols: null

2019-08-23 18:56:00 - [TEST_STEP][PASSED] - for ([j = 0, j &lt; symbols.size(), (j++)]): null

2019-08-23 18:56:00 - [TEST_STEP][PASSED] - symbol = symbol: null

2019-08-23 18:56:00 - [TEST_STEP][PASSED] - println(symbol): null

2019-08-23 18:56:00 - [TEST_STEP][PASSED] - if (i == 2 &amp;&amp; wildList.indexOf(symbol) != -1): null

2019-08-23 18:56:00 - [TEST_STEP][PASSED] - if (i == 3 &amp;&amp; wildList.indexOf(symbol) != -1): null

2019-08-23 18:56:00 - [TEST_STEP][PASSED] - if (i == 4 &amp;&amp; wildList.indexOf(symbol) != -1): null

2019-08-23 18:56:00 - [TEST_STEP][PASSED] - symbol = symbol: null

2019-08-23 18:56:00 - [TEST_STEP][PASSED] - println(symbol): null

2019-08-23 18:56:00 - [TEST_STEP][PASSED] - if (i == 2 &amp;&amp; wildList.indexOf(symbol) != -1): null

2019-08-23 18:56:00 - [TEST_STEP][PASSED] - if (i == 3 &amp;&amp; wildList.indexOf(symbol) != -1): null

2019-08-23 18:56:00 - [TEST_STEP][PASSED] - if (i == 4 &amp;&amp; wildList.indexOf(symbol) != -1): null

2019-08-23 18:56:00 - [TEST_STEP][PASSED] - symbol = symbol: null

2019-08-23 18:56:00 - [TEST_STEP][PASSED] - println(symbol): null

2019-08-23 18:56:00 - [TEST_STEP][PASSED] - if (i == 2 &amp;&amp; wildList.indexOf(symbol) != -1): null

2019-08-23 18:56:00 - [TEST_STEP][PASSED] - if (i == 3 &amp;&amp; wildList.indexOf(symbol) != -1): null

2019-08-23 18:56:00 - [TEST_STEP][PASSED] - if (i == 4 &amp;&amp; wildList.indexOf(symbol) != -1): null

2019-08-23 18:56:00 - [TEST_STEP][PASSED] - symbols = symbols: null

2019-08-23 18:56:00 - [TEST_STEP][PASSED] - for ([j = 0, j &lt; symbols.size(), (j++)]): null

2019-08-23 18:56:00 - [TEST_STEP][PASSED] - symbol = symbol: null

2019-08-23 18:56:00 - [TEST_STEP][PASSED] - println(symbol): null

2019-08-23 18:56:00 - [TEST_STEP][PASSED] - if (i == 2 &amp;&amp; wildList.indexOf(symbol) != -1): null

2019-08-23 18:56:00 - [TEST_STEP][PASSED] - if (i == 3 &amp;&amp; wildList.indexOf(symbol) != -1): null

2019-08-23 18:56:00 - [TEST_STEP][PASSED] - if (i == 4 &amp;&amp; wildList.indexOf(symbol) != -1): null

2019-08-23 18:56:00 - [TEST_STEP][PASSED] - symbol = symbol: null

2019-08-23 18:56:00 - [TEST_STEP][PASSED] - println(symbol): null

2019-08-23 18:56:00 - [TEST_STEP][PASSED] - if (i == 2 &amp;&amp; wildList.indexOf(symbol) != -1): null

2019-08-23 18:56:00 - [TEST_STEP][PASSED] - if (i == 3 &amp;&amp; wildList.indexOf(symbol) != -1): null

2019-08-23 18:56:00 - [TEST_STEP][PASSED] - if (i == 4 &amp;&amp; wildList.indexOf(symbol) != -1): null

2019-08-23 18:56:00 - [TEST_STEP][PASSED] - symbol = symbol: null

2019-08-23 18:56:00 - [TEST_STEP][PASSED] - println(symbol): null

2019-08-23 18:56:00 - [TEST_STEP][PASSED] - if (i == 2 &amp;&amp; wildList.indexOf(symbol) != -1): null

2019-08-23 18:56:00 - [TEST_STEP][PASSED] - if (i == 3 &amp;&amp; wildList.indexOf(symbol) != -1): null

2019-08-23 18:56:00 - [TEST_STEP][PASSED] - if (i == 4 &amp;&amp; wildList.indexOf(symbol) != -1): null

2019-08-23 18:56:00 - [TEST_STEP][PASSED] - free_spin_reel_counter = free_spin_reel_counter: null

2019-08-23 18:56:00 - [TEST_STEP][PASSED] - println("reel 3 wild found: " + free_spin_reel_counter[0]): null

2019-08-23 18:56:00 - [TEST_STEP][PASSED] - println("reel 4 wild found: " + free_spin_reel_counter[1]): null

2019-08-23 18:56:00 - [TEST_STEP][PASSED] - println("reel 5 wild found: " + free_spin_reel_counter[2]): null

2019-08-23 18:56:00 - [TEST_STEP][PASSED] - M4_spin_reels = M4_spin_reels: null

2019-08-23 18:56:00 - [TEST_STEP][PASSED] - M4_spin_reels_symbols = symbol: null

2019-08-23 18:56:00 - [TEST_STEP][PASSED] - M4_spin_reels_symbols = M4_spin_reels_symbols: null

2019-08-23 18:56:00 - [TEST_STEP][PASSED] - M4_spin_reel_wins = reel_wins: null

2019-08-23 18:56:00 - [TEST_STEP][PASSED] - M4_spin_reel_wins = M4_spin_reel_wins: null

2019-08-23 18:56:00 - [TEST_STEP][PASSED] - println("GlobalVariable.M4_spin_reel_wins is: " + M4_spin_reel_wins): null

2019-08-23 18:56:00 - [TEST_STEP][PASSED] - M4_spin_total_bonus_win_this_round = total_bonus_win_this_round: null

2019-08-23 18:56:00 - [TEST_STEP][PASSED] - M4_spin_total_bonus_win_this_round = M4_spin_total_bonus_win_this_round: null

2019-08-23 18:56:00 - [TEST_STEP][PASSED] - println("GlobalVariable.M4_spin_total_bonus_win_this_round is: " + M4_spin_total_bonus_win_this_round): null

2019-08-23 18:56:00 - [TEST_STEP][PASSED] - M4_spin_bonus_spin_result = spin_result: null

2019-08-23 18:56:00 - [TEST_STEP][PASSED] - M4_spin_bonus_spin_result = M4_spin_bonus_spin_result: null

2019-08-23 18:56:00 - [MESSAGE][PASSED] - Verify response successfully

2019-08-23 18:56:00 - [MESSAGE][PASSED] - Send request and verify the response successfully

2019-08-23 18:56:00 - [TEST_STEP][PASSED] - if (free_spin_reel_counter[0] &gt;= 1 &amp;&amp; free_spin_reel_counter[1] &gt;= 1 &amp;&amp; free_spin_reel_counter[2] &gt;= 1): null

2019-08-23 18:56:00 - [TEST_STEP][PASSED] - spin_result = sendRequestAndVerify(findTestObject("INT/RGS(M4)/1_M4_spin", ["M4_login_user_id":M4_login_user_id, "rgs_session_token":rgs_session_token, "partner":Partner])): Send request and verify the response successfully

2019-08-23 18:56:00 - [MESSAGE][INFO] - HAR: /Users/eiralee/Katalon_Script/SuperWild/Reports/20190823_184757/INT/superWild_1/20190823_184757/requests/main/199.har

2019-08-23 18:56:00 - [TEST_CASE][PASSED] - Start Test Case : Verification: Verification accomplished successfully

2019-08-23 18:56:00 - [TEST_STEP][PASSED] - request = getInstance().getCurrentRequest(): null

2019-08-23 18:56:00 - [TEST_STEP][PASSED] - response = getInstance().getCurrentResponse(): null

2019-08-23 18:56:00 - [TEST_STEP][PASSED] - verifyResponseStatusCode(response, 200): Verify response status code successfully

2019-08-23 18:56:00 - [MESSAGE][PASSED] - Verify response status code successfully

2019-08-23 18:56:00 - [TEST_STEP][PASSED] - getStatusCode()).isEqualTo(200): null

2019-08-23 18:56:00 - [TEST_STEP][PASSED] - newline = System.getProperty("line.separator"): null

2019-08-23 18:56:00 - [TEST_STEP][PASSED] - M4_spin = new groovy.json.JsonSlurper(): null

2019-08-23 18:56:00 - [TEST_STEP][PASSED] - result_M4_spin = M4_spin.parseText(response.getResponseBodyContent()): null

2019-08-23 18:56:00 - [TEST_STEP][PASSED] - M4_spin_current_balance = current_balance: null

2019-08-23 18:56:00 - [TEST_STEP][PASSED] - M4_spin_current_balance = M4_spin_current_balance: null

2019-08-23 18:56:00 - [TEST_STEP][PASSED] - M4_spin_transaction_id = causality: null

2019-08-23 18:56:00 - [TEST_STEP][PASSED] - M4_spin_transaction_id = M4_spin_transaction_id: null

2019-08-23 18:56:00 - [TEST_STEP][PASSED] - M4_spin_round_id = round_id: null

2019-08-23 18:56:00 - [TEST_STEP][PASSED] - M4_spin_round_id = M4_spin_round_id: null

2019-08-23 18:56:00 - [TEST_STEP][PASSED] - M4_spin_line_wins = line_wins: null

2019-08-23 18:56:00 - [TEST_STEP][PASSED] - M4_spin_line_wins = M4_spin_line_wins: null

2019-08-23 18:56:00 - [TEST_STEP][PASSED] - M4_total_bonus_spins_int = total_bonus_spins: null

2019-08-23 18:56:00 - [TEST_STEP][PASSED] - println("******M4_total_bonus_spins type is:*******" + newline + getClass().getName()): null

2019-08-23 18:56:00 - [TEST_STEP][PASSED] - M4_total_bonus_spins_int = M4_total_bonus_spins_int: null

2019-08-23 18:56:00 - [TEST_STEP][PASSED] - M4_total_bonus_spins = Integer.toString(M4_total_bonus_spins_int): null

2019-08-23 18:56:00 - [TEST_STEP][PASSED] - M4_total_bonus_spins = M4_total_bonus_spins: null

2019-08-23 18:56:00 - [TEST_STEP][PASSED] - println("M4_total_bonus_spins is:" + M4_total_bonus_spins): null

2019-08-23 18:56:00 - [TEST_STEP][PASSED] - M4_spin_bonus_data = bonus_data: null

2019-08-23 18:56:00 - [TEST_STEP][PASSED] - M4_spin_features_triggered = result_M4_spin: null

2019-08-23 18:56:00 - [TEST_STEP][PASSED] - wild = []: null

2019-08-23 18:56:00 - [TEST_STEP][PASSED] - wild[0] = "WILD_Expanding": null

2019-08-23 18:56:00 - [TEST_STEP][PASSED] - wild[1] = "WILD_Normal": null

2019-08-23 18:56:00 - [TEST_STEP][PASSED] - wild[2] = "WILD_Double": null

2019-08-23 18:56:00 - [TEST_STEP][PASSED] - wild[3] = "WILD_ExtraFG": null

2019-08-23 18:56:00 - [TEST_STEP][PASSED] - wild[4] = "WILD_Triple": null

2019-08-23 18:56:00 - [TEST_STEP][PASSED] - wildList = Arrays.asList(wild): null

2019-08-23 18:56:00 - [TEST_STEP][PASSED] - wildList = wildList: null

2019-08-23 18:56:00 - [TEST_STEP][PASSED] - free_spin_reel_counter = []: null

2019-08-23 18:56:00 - [TEST_STEP][PASSED] - free_spin_reel_counter[0] = 0: null

2019-08-23 18:56:00 - [TEST_STEP][PASSED] - free_spin_reel_counter[1] = 0: null

2019-08-23 18:56:00 - [TEST_STEP][PASSED] - free_spin_reel_counter[2] = 0: null

2019-08-23 18:56:00 - [TEST_STEP][PASSED] - M4_spin_reels = reels: null

2019-08-23 18:56:03 - [TEST_STEP][PASSED] - for ([i = 0, i &lt; M4_spin_reels.size(), (i++)]): null

2019-08-23 18:56:03 - [TEST_STEP][PASSED] - symbols = symbols: null

2019-08-23 18:56:03 - [TEST_STEP][PASSED] - for ([j = 0, j &lt; symbols.size(), (j++)]): null

2019-08-23 18:56:03 - [TEST_STEP][PASSED] - symbol = symbol: null

2019-08-23 18:56:03 - [TEST_STEP][PASSED] - println(symbol): null

2019-08-23 18:56:03 - [TEST_STEP][PASSED] - if (i == 2 &amp;&amp; wildList.indexOf(symbol) != -1): null

2019-08-23 18:56:03 - [TEST_STEP][PASSED] - if (i == 3 &amp;&amp; wildList.indexOf(symbol) != -1): null

2019-08-23 18:56:03 - [TEST_STEP][PASSED] - if (i == 4 &amp;&amp; wildList.indexOf(symbol) != -1): null

2019-08-23 18:56:03 - [TEST_STEP][PASSED] - symbol = symbol: null

2019-08-23 18:56:03 - [TEST_STEP][PASSED] - println(symbol): null

2019-08-23 18:56:03 - [TEST_STEP][PASSED] - if (i == 2 &amp;&amp; wildList.indexOf(symbol) != -1): null

2019-08-23 18:56:03 - [TEST_STEP][PASSED] - if (i == 3 &amp;&amp; wildList.indexOf(symbol) != -1): null

2019-08-23 18:56:03 - [TEST_STEP][PASSED] - if (i == 4 &amp;&amp; wildList.indexOf(symbol) != -1): null

2019-08-23 18:56:03 - [TEST_STEP][PASSED] - symbol = symbol: null

2019-08-23 18:56:03 - [TEST_STEP][PASSED] - println(symbol): null

2019-08-23 18:56:03 - [TEST_STEP][PASSED] - if (i == 2 &amp;&amp; wildList.indexOf(symbol) != -1): null

2019-08-23 18:56:03 - [TEST_STEP][PASSED] - if (i == 3 &amp;&amp; wildList.indexOf(symbol) != -1): null

2019-08-23 18:56:03 - [TEST_STEP][PASSED] - if (i == 4 &amp;&amp; wildList.indexOf(symbol) != -1): null

2019-08-23 18:56:03 - [TEST_STEP][PASSED] - symbols = symbols: null

2019-08-23 18:56:03 - [TEST_STEP][PASSED] - for ([j = 0, j &lt; symbols.size(), (j++)]): null

2019-08-23 18:56:03 - [TEST_STEP][PASSED] - symbol = symbol: null

2019-08-23 18:56:03 - [TEST_STEP][PASSED] - println(symbol): null

2019-08-23 18:56:03 - [TEST_STEP][PASSED] - if (i == 2 &amp;&amp; wildList.indexOf(symbol) != -1): null

2019-08-23 18:56:03 - [TEST_STEP][PASSED] - if (i == 3 &amp;&amp; wildList.indexOf(symbol) != -1): null

2019-08-23 18:56:03 - [TEST_STEP][PASSED] - if (i == 4 &amp;&amp; wildList.indexOf(symbol) != -1): null

2019-08-23 18:56:03 - [TEST_STEP][PASSED] - symbol = symbol: null

2019-08-23 18:56:03 - [TEST_STEP][PASSED] - println(symbol): null

2019-08-23 18:56:03 - [TEST_STEP][PASSED] - if (i == 2 &amp;&amp; wildList.indexOf(symbol) != -1): null

2019-08-23 18:56:03 - [TEST_STEP][PASSED] - if (i == 3 &amp;&amp; wildList.indexOf(symbol) != -1): null

2019-08-23 18:56:03 - [TEST_STEP][PASSED] - if (i == 4 &amp;&amp; wildList.indexOf(symbol) != -1): null

2019-08-23 18:56:03 - [TEST_STEP][PASSED] - symbol = symbol: null

2019-08-23 18:56:03 - [TEST_STEP][PASSED] - println(symbol): null

2019-08-23 18:56:03 - [TEST_STEP][PASSED] - if (i == 2 &amp;&amp; wildList.indexOf(symbol) != -1): null

2019-08-23 18:56:03 - [TEST_STEP][PASSED] - if (i == 3 &amp;&amp; wildList.indexOf(symbol) != -1): null

2019-08-23 18:56:03 - [TEST_STEP][PASSED] - if (i == 4 &amp;&amp; wildList.indexOf(symbol) != -1): null

2019-08-23 18:56:03 - [TEST_STEP][PASSED] - symbols = symbols: null

2019-08-23 18:56:03 - [TEST_STEP][PASSED] - for ([j = 0, j &lt; symbols.size(), (j++)]): null

2019-08-23 18:56:03 - [TEST_STEP][PASSED] - symbol = symbol: null

2019-08-23 18:56:03 - [TEST_STEP][PASSED] - println(symbol): null

2019-08-23 18:56:03 - [TEST_STEP][PASSED] - if (i == 2 &amp;&amp; wildList.indexOf(symbol) != -1): null

2019-08-23 18:56:03 - [TEST_STEP][PASSED] - if (i == 3 &amp;&amp; wildList.indexOf(symbol) != -1): null

2019-08-23 18:56:03 - [TEST_STEP][PASSED] - if (i == 4 &amp;&amp; wildList.indexOf(symbol) != -1): null

2019-08-23 18:56:03 - [TEST_STEP][PASSED] - symbol = symbol: null

2019-08-23 18:56:03 - [TEST_STEP][PASSED] - println(symbol): null

2019-08-23 18:56:03 - [TEST_STEP][PASSED] - if (i == 2 &amp;&amp; wildList.indexOf(symbol) != -1): null

2019-08-23 18:56:03 - [TEST_STEP][PASSED] - if (i == 3 &amp;&amp; wildList.indexOf(symbol) != -1): null

2019-08-23 18:56:03 - [TEST_STEP][PASSED] - if (i == 4 &amp;&amp; wildList.indexOf(symbol) != -1): null

2019-08-23 18:56:03 - [TEST_STEP][PASSED] - symbol = symbol: null

2019-08-23 18:56:03 - [TEST_STEP][PASSED] - println(symbol): null

2019-08-23 18:56:03 - [TEST_STEP][PASSED] - if (i == 2 &amp;&amp; wildList.indexOf(symbol) != -1): null

2019-08-23 18:56:03 - [TEST_STEP][PASSED] - if (i == 3 &amp;&amp; wildList.indexOf(symbol) != -1): null

2019-08-23 18:56:03 - [TEST_STEP][PASSED] - if (i == 4 &amp;&amp; wildList.indexOf(symbol) != -1): null

2019-08-23 18:56:03 - [TEST_STEP][PASSED] - symbols = symbols: null

2019-08-23 18:56:03 - [TEST_STEP][PASSED] - for ([j = 0, j &lt; symbols.size(), (j++)]): null

2019-08-23 18:56:03 - [TEST_STEP][PASSED] - symbol = symbol: null

2019-08-23 18:56:03 - [TEST_STEP][PASSED] - println(symbol): null

2019-08-23 18:56:03 - [TEST_STEP][PASSED] - if (i == 2 &amp;&amp; wildList.indexOf(symbol) != -1): null

2019-08-23 18:56:03 - [TEST_STEP][PASSED] - if (i == 3 &amp;&amp; wildList.indexOf(symbol) != -1): null

2019-08-23 18:56:03 - [TEST_STEP][PASSED] - if (i == 4 &amp;&amp; wildList.indexOf(symbol) != -1): null

2019-08-23 18:56:03 - [TEST_STEP][PASSED] - symbol = symbol: null

2019-08-23 18:56:03 - [TEST_STEP][PASSED] - println(symbol): null

2019-08-23 18:56:03 - [TEST_STEP][PASSED] - if (i == 2 &amp;&amp; wildList.indexOf(symbol) != -1): null

2019-08-23 18:56:03 - [TEST_STEP][PASSED] - if (i == 3 &amp;&amp; wildList.indexOf(symbol) != -1): null

2019-08-23 18:56:03 - [TEST_STEP][PASSED] - if (i == 4 &amp;&amp; wildList.indexOf(symbol) != -1): null

2019-08-23 18:56:03 - [TEST_STEP][PASSED] - symbol = symbol: null

2019-08-23 18:56:03 - [TEST_STEP][PASSED] - println(symbol): null

2019-08-23 18:56:03 - [TEST_STEP][PASSED] - if (i == 2 &amp;&amp; wildList.indexOf(symbol) != -1): null

2019-08-23 18:56:03 - [TEST_STEP][PASSED] - if (i == 3 &amp;&amp; wildList.indexOf(symbol) != -1): null

2019-08-23 18:56:03 - [TEST_STEP][PASSED] - if (i == 4 &amp;&amp; wildList.indexOf(symbol) != -1): null

2019-08-23 18:56:03 - [TEST_STEP][PASSED] - symbols = symbols: null

2019-08-23 18:56:03 - [TEST_STEP][PASSED] - for ([j = 0, j &lt; symbols.size(), (j++)]): null

2019-08-23 18:56:03 - [TEST_STEP][PASSED] - symbol = symbol: null

2019-08-23 18:56:03 - [TEST_STEP][PASSED] - println(symbol): null

2019-08-23 18:56:03 - [TEST_STEP][PASSED] - if (i == 2 &amp;&amp; wildList.indexOf(symbol) != -1): null

2019-08-23 18:56:03 - [TEST_STEP][PASSED] - if (i == 3 &amp;&amp; wildList.indexOf(symbol) != -1): null

2019-08-23 18:56:03 - [TEST_STEP][PASSED] - if (i == 4 &amp;&amp; wildList.indexOf(symbol) != -1): null

2019-08-23 18:56:03 - [TEST_STEP][PASSED] - symbol = symbol: null

2019-08-23 18:56:03 - [TEST_STEP][PASSED] - println(symbol): null

2019-08-23 18:56:03 - [TEST_STEP][PASSED] - if (i == 2 &amp;&amp; wildList.indexOf(symbol) != -1): null

2019-08-23 18:56:03 - [TEST_STEP][PASSED] - if (i == 3 &amp;&amp; wildList.indexOf(symbol) != -1): null

2019-08-23 18:56:03 - [TEST_STEP][PASSED] - if (i == 4 &amp;&amp; wildList.indexOf(symbol) != -1): null

2019-08-23 18:56:03 - [TEST_STEP][PASSED] - symbol = symbol: null

2019-08-23 18:56:03 - [TEST_STEP][PASSED] - println(symbol): null

2019-08-23 18:56:03 - [TEST_STEP][PASSED] - if (i == 2 &amp;&amp; wildList.indexOf(symbol) != -1): null

2019-08-23 18:56:03 - [TEST_STEP][PASSED] - if (i == 3 &amp;&amp; wildList.indexOf(symbol) != -1): null

2019-08-23 18:56:03 - [TEST_STEP][PASSED] - if (i == 4 &amp;&amp; wildList.indexOf(symbol) != -1): null

2019-08-23 18:56:03 - [TEST_STEP][PASSED] - free_spin_reel_counter = free_spin_reel_counter: null

2019-08-23 18:56:03 - [TEST_STEP][PASSED] - println("reel 3 wild found: " + free_spin_reel_counter[0]): null

2019-08-23 18:56:03 - [TEST_STEP][PASSED] - println("reel 4 wild found: " + free_spin_reel_counter[1]): null

2019-08-23 18:56:03 - [TEST_STEP][PASSED] - println("reel 5 wild found: " + free_spin_reel_counter[2]): null

2019-08-23 18:56:03 - [TEST_STEP][PASSED] - M4_spin_reels = M4_spin_reels: null

2019-08-23 18:56:03 - [TEST_STEP][PASSED] - M4_spin_reels_symbols = symbol: null

2019-08-23 18:56:03 - [TEST_STEP][PASSED] - M4_spin_reels_symbols = M4_spin_reels_symbols: null

2019-08-23 18:56:03 - [TEST_STEP][PASSED] - M4_spin_reel_wins = reel_wins: null

2019-08-23 18:56:03 - [TEST_STEP][PASSED] - M4_spin_reel_wins = M4_spin_reel_wins: null

2019-08-23 18:56:03 - [TEST_STEP][PASSED] - println("GlobalVariable.M4_spin_reel_wins is: " + M4_spin_reel_wins): null

2019-08-23 18:56:03 - [TEST_STEP][PASSED] - M4_spin_total_bonus_win_this_round = total_bonus_win_this_round: null

2019-08-23 18:56:03 - [TEST_STEP][PASSED] - M4_spin_total_bonus_win_this_round = M4_spin_total_bonus_win_this_round: null

2019-08-23 18:56:03 - [TEST_STEP][PASSED] - println("GlobalVariable.M4_spin_total_bonus_win_this_round is: " + M4_spin_total_bonus_win_this_round): null

2019-08-23 18:56:03 - [TEST_STEP][PASSED] - M4_spin_bonus_spin_result = spin_result: null

2019-08-23 18:56:03 - [TEST_STEP][PASSED] - M4_spin_bonus_spin_result = M4_spin_bonus_spin_result: null

2019-08-23 18:56:03 - [MESSAGE][PASSED] - Verify response successfully

2019-08-23 18:56:03 - [MESSAGE][PASSED] - Send request and verify the response successfully

2019-08-23 18:56:03 - [TEST_STEP][PASSED] - if (free_spin_reel_counter[0] &gt;= 1 &amp;&amp; free_spin_reel_counter[1] &gt;= 1 &amp;&amp; free_spin_reel_counter[2] &gt;= 1): null

2019-08-23 18:56:03 - [TEST_STEP][PASSED] - spin_result = sendRequestAndVerify(findTestObject("INT/RGS(M4)/1_M4_spin", ["M4_login_user_id":M4_login_user_id, "rgs_session_token":rgs_session_token, "partner":Partner])): Send request and verify the response successfully

2019-08-23 18:56:03 - [MESSAGE][INFO] - HAR: /Users/eiralee/Katalon_Script/SuperWild/Reports/20190823_184757/INT/superWild_1/20190823_184757/requests/main/200.har

2019-08-23 18:56:03 - [TEST_CASE][PASSED] - Start Test Case : Verification: Verification accomplished successfully

2019-08-23 18:56:03 - [TEST_STEP][PASSED] - request = getInstance().getCurrentRequest(): null

2019-08-23 18:56:03 - [TEST_STEP][PASSED] - response = getInstance().getCurrentResponse(): null

2019-08-23 18:56:03 - [TEST_STEP][PASSED] - verifyResponseStatusCode(response, 200): Verify response status code successfully

2019-08-23 18:56:03 - [MESSAGE][PASSED] - Verify response status code successfully

2019-08-23 18:56:03 - [TEST_STEP][PASSED] - getStatusCode()).isEqualTo(200): null

2019-08-23 18:56:03 - [TEST_STEP][PASSED] - newline = System.getProperty("line.separator"): null

2019-08-23 18:56:03 - [TEST_STEP][PASSED] - M4_spin = new groovy.json.JsonSlurper(): null

2019-08-23 18:56:03 - [TEST_STEP][PASSED] - result_M4_spin = M4_spin.parseText(response.getResponseBodyContent()): null

2019-08-23 18:56:03 - [TEST_STEP][PASSED] - M4_spin_current_balance = current_balance: null

2019-08-23 18:56:03 - [TEST_STEP][PASSED] - M4_spin_current_balance = M4_spin_current_balance: null

2019-08-23 18:56:03 - [TEST_STEP][PASSED] - M4_spin_transaction_id = causality: null

2019-08-23 18:56:03 - [TEST_STEP][PASSED] - M4_spin_transaction_id = M4_spin_transaction_id: null

2019-08-23 18:56:03 - [TEST_STEP][PASSED] - M4_spin_round_id = round_id: null

2019-08-23 18:56:03 - [TEST_STEP][PASSED] - M4_spin_round_id = M4_spin_round_id: null

2019-08-23 18:56:03 - [TEST_STEP][PASSED] - M4_spin_line_wins = line_wins: null

2019-08-23 18:56:03 - [TEST_STEP][PASSED] - M4_spin_line_wins = M4_spin_line_wins: null

2019-08-23 18:56:03 - [TEST_STEP][PASSED] - M4_total_bonus_spins_int = total_bonus_spins: null

2019-08-23 18:56:03 - [TEST_STEP][PASSED] - println("******M4_total_bonus_spins type is:*******" + newline + getClass().getName()): null

2019-08-23 18:56:03 - [TEST_STEP][PASSED] - M4_total_bonus_spins_int = M4_total_bonus_spins_int: null

2019-08-23 18:56:03 - [TEST_STEP][PASSED] - M4_total_bonus_spins = Integer.toString(M4_total_bonus_spins_int): null

2019-08-23 18:56:03 - [TEST_STEP][PASSED] - M4_total_bonus_spins = M4_total_bonus_spins: null

2019-08-23 18:56:03 - [TEST_STEP][PASSED] - println("M4_total_bonus_spins is:" + M4_total_bonus_spins): null

2019-08-23 18:56:03 - [TEST_STEP][PASSED] - M4_spin_bonus_data = bonus_data: null

2019-08-23 18:56:03 - [TEST_STEP][PASSED] - M4_spin_features_triggered = result_M4_spin: null

2019-08-23 18:56:03 - [TEST_STEP][PASSED] - wild = []: null

2019-08-23 18:56:03 - [TEST_STEP][PASSED] - wild[0] = "WILD_Expanding": null

2019-08-23 18:56:03 - [TEST_STEP][PASSED] - wild[1] = "WILD_Normal": null

2019-08-23 18:56:03 - [TEST_STEP][PASSED] - wild[2] = "WILD_Double": null

2019-08-23 18:56:03 - [TEST_STEP][PASSED] - wild[3] = "WILD_ExtraFG": null

2019-08-23 18:56:03 - [TEST_STEP][PASSED] - wild[4] = "WILD_Triple": null

2019-08-23 18:56:03 - [TEST_STEP][PASSED] - wildList = Arrays.asList(wild): null

2019-08-23 18:56:03 - [TEST_STEP][PASSED] - wildList = wildList: null

2019-08-23 18:56:03 - [TEST_STEP][PASSED] - free_spin_reel_counter = []: null

2019-08-23 18:56:03 - [TEST_STEP][PASSED] - free_spin_reel_counter[0] = 0: null

2019-08-23 18:56:03 - [TEST_STEP][PASSED] - free_spin_reel_counter[1] = 0: null

2019-08-23 18:56:03 - [TEST_STEP][PASSED] - free_spin_reel_counter[2] = 0: null

2019-08-23 18:56:03 - [TEST_STEP][PASSED] - M4_spin_reels = reels: null

2019-08-23 18:56:03 - [TEST_STEP][PASSED] - for ([i = 0, i &lt; M4_spin_reels.size(), (i++)]): null

2019-08-23 18:56:03 - [TEST_STEP][PASSED] - symbols = symbols: null

2019-08-23 18:56:03 - [TEST_STEP][PASSED] - for ([j = 0, j &lt; symbols.size(), (j++)]): null

2019-08-23 18:56:03 - [TEST_STEP][PASSED] - symbol = symbol: null

2019-08-23 18:56:03 - [TEST_STEP][PASSED] - println(symbol): null

2019-08-23 18:56:03 - [TEST_STEP][PASSED] - if (i == 2 &amp;&amp; wildList.indexOf(symbol) != -1): null

2019-08-23 18:56:03 - [TEST_STEP][PASSED] - if (i == 3 &amp;&amp; wildList.indexOf(symbol) != -1): null

2019-08-23 18:56:03 - [TEST_STEP][PASSED] - if (i == 4 &amp;&amp; wildList.indexOf(symbol) != -1): null

2019-08-23 18:56:03 - [TEST_STEP][PASSED] - symbol = symbol: null

2019-08-23 18:56:03 - [TEST_STEP][PASSED] - println(symbol): null

2019-08-23 18:56:03 - [TEST_STEP][PASSED] - if (i == 2 &amp;&amp; wildList.indexOf(symbol) != -1): null

2019-08-23 18:56:03 - [TEST_STEP][PASSED] - if (i == 3 &amp;&amp; wildList.indexOf(symbol) != -1): null

2019-08-23 18:56:03 - [TEST_STEP][PASSED] - if (i == 4 &amp;&amp; wildList.indexOf(symbol) != -1): null

2019-08-23 18:56:03 - [TEST_STEP][PASSED] - symbol = symbol: null

2019-08-23 18:56:03 - [TEST_STEP][PASSED] - println(symbol): null

2019-08-23 18:56:03 - [TEST_STEP][PASSED] - if (i == 2 &amp;&amp; wildList.indexOf(symbol) != -1): null

2019-08-23 18:56:03 - [TEST_STEP][PASSED] - if (i == 3 &amp;&amp; wildList.indexOf(symbol) != -1): null

2019-08-23 18:56:03 - [TEST_STEP][PASSED] - if (i == 4 &amp;&amp; wildList.indexOf(symbol) != -1): null

2019-08-23 18:56:03 - [TEST_STEP][PASSED] - symbols = symbols: null

2019-08-23 18:56:03 - [TEST_STEP][PASSED] - for ([j = 0, j &lt; symbols.size(), (j++)]): null

2019-08-23 18:56:03 - [TEST_STEP][PASSED] - symbol = symbol: null

2019-08-23 18:56:03 - [TEST_STEP][PASSED] - println(symbol): null

2019-08-23 18:56:03 - [TEST_STEP][PASSED] - if (i == 2 &amp;&amp; wildList.indexOf(symbol) != -1): null

2019-08-23 18:56:03 - [TEST_STEP][PASSED] - if (i == 3 &amp;&amp; wildList.indexOf(symbol) != -1): null

2019-08-23 18:56:03 - [TEST_STEP][PASSED] - if (i == 4 &amp;&amp; wildList.indexOf(symbol) != -1): null

2019-08-23 18:56:03 - [TEST_STEP][PASSED] - symbol = symbol: null

2019-08-23 18:56:03 - [TEST_STEP][PASSED] - println(symbol): null

2019-08-23 18:56:03 - [TEST_STEP][PASSED] - if (i == 2 &amp;&amp; wildList.indexOf(symbol) != -1): null

2019-08-23 18:56:03 - [TEST_STEP][PASSED] - if (i == 3 &amp;&amp; wildList.indexOf(symbol) != -1): null

2019-08-23 18:56:03 - [TEST_STEP][PASSED] - if (i == 4 &amp;&amp; wildList.indexOf(symbol) != -1): null

2019-08-23 18:56:03 - [TEST_STEP][PASSED] - symbol = symbol: null

2019-08-23 18:56:03 - [TEST_STEP][PASSED] - println(symbol): null

2019-08-23 18:56:03 - [TEST_STEP][PASSED] - if (i == 2 &amp;&amp; wildList.indexOf(symbol) != -1): null

2019-08-23 18:56:03 - [TEST_STEP][PASSED] - if (i == 3 &amp;&amp; wildList.indexOf(symbol) != -1): null

2019-08-23 18:56:03 - [TEST_STEP][PASSED] - if (i == 4 &amp;&amp; wildList.indexOf(symbol) != -1): null

2019-08-23 18:56:03 - [TEST_STEP][PASSED] - symbols = symbols: null

2019-08-23 18:56:03 - [TEST_STEP][PASSED] - for ([j = 0, j &lt; symbols.size(), (j++)]): null

2019-08-23 18:56:03 - [TEST_STEP][PASSED] - symbol = symbol: null

2019-08-23 18:56:03 - [TEST_STEP][PASSED] - println(symbol): null

2019-08-23 18:56:03 - [TEST_STEP][PASSED] - if (i == 2 &amp;&amp; wildList.indexOf(symbol) != -1): null

2019-08-23 18:56:03 - [TEST_STEP][PASSED] - if (i == 3 &amp;&amp; wildList.indexOf(symbol) != -1): null

2019-08-23 18:56:03 - [TEST_STEP][PASSED] - if (i == 4 &amp;&amp; wildList.indexOf(symbol) != -1): null

2019-08-23 18:56:03 - [TEST_STEP][PASSED] - symbol = symbol: null

2019-08-23 18:56:03 - [TEST_STEP][PASSED] - println(symbol): null

2019-08-23 18:56:03 - [TEST_STEP][PASSED] - if (i == 2 &amp;&amp; wildList.indexOf(symbol) != -1): null

2019-08-23 18:56:03 - [TEST_STEP][PASSED] - if (i == 3 &amp;&amp; wildList.indexOf(symbol) != -1): null

2019-08-23 18:56:03 - [TEST_STEP][PASSED] - if (i == 4 &amp;&amp; wildList.indexOf(symbol) != -1): null

2019-08-23 18:56:03 - [TEST_STEP][PASSED] - symbol = symbol: null

2019-08-23 18:56:03 - [TEST_STEP][PASSED] - println(symbol): null

2019-08-23 18:56:03 - [TEST_STEP][PASSED] - if (i == 2 &amp;&amp; wildList.indexOf(symbol) != -1): null

2019-08-23 18:56:03 - [TEST_STEP][PASSED] - println("wild found on reel 3, adding counter by 1"): null

2019-08-23 18:56:03 - [TEST_STEP][PASSED] - free_spin_reel_counter[0] = free_spin_reel_counter[0] + 1: null

2019-08-23 18:56:03 - [TEST_STEP][PASSED] - if (i == 3 &amp;&amp; wildList.indexOf(symbol) != -1): null

2019-08-23 18:56:03 - [TEST_STEP][PASSED] - if (i == 4 &amp;&amp; wildList.indexOf(symbol) != -1): null

2019-08-23 18:56:03 - [TEST_STEP][PASSED] - symbols = symbols: null

2019-08-23 18:56:03 - [TEST_STEP][PASSED] - for ([j = 0, j &lt; symbols.size(), (j++)]): null

2019-08-23 18:56:03 - [TEST_STEP][PASSED] - symbol = symbol: null

2019-08-23 18:56:03 - [TEST_STEP][PASSED] - println(symbol): null

2019-08-23 18:56:03 - [TEST_STEP][PASSED] - if (i == 2 &amp;&amp; wildList.indexOf(symbol) != -1): null

2019-08-23 18:56:03 - [TEST_STEP][PASSED] - if (i == 3 &amp;&amp; wildList.indexOf(symbol) != -1): null

2019-08-23 18:56:03 - [TEST_STEP][PASSED] - if (i == 4 &amp;&amp; wildList.indexOf(symbol) != -1): null

2019-08-23 18:56:03 - [TEST_STEP][PASSED] - symbol = symbol: null

2019-08-23 18:56:03 - [TEST_STEP][PASSED] - println(symbol): null

2019-08-23 18:56:03 - [TEST_STEP][PASSED] - if (i == 2 &amp;&amp; wildList.indexOf(symbol) != -1): null

2019-08-23 18:56:03 - [TEST_STEP][PASSED] - if (i == 3 &amp;&amp; wildList.indexOf(symbol) != -1): null

2019-08-23 18:56:03 - [TEST_STEP][PASSED] - if (i == 4 &amp;&amp; wildList.indexOf(symbol) != -1): null

2019-08-23 18:56:03 - [TEST_STEP][PASSED] - symbol = symbol: null

2019-08-23 18:56:03 - [TEST_STEP][PASSED] - println(symbol): null

2019-08-23 18:56:03 - [TEST_STEP][PASSED] - if (i == 2 &amp;&amp; wildList.indexOf(symbol) != -1): null

2019-08-23 18:56:03 - [TEST_STEP][PASSED] - if (i == 3 &amp;&amp; wildList.indexOf(symbol) != -1): null

2019-08-23 18:56:03 - [TEST_STEP][PASSED] - if (i == 4 &amp;&amp; wildList.indexOf(symbol) != -1): null

2019-08-23 18:56:03 - [TEST_STEP][PASSED] - symbols = symbols: null

2019-08-23 18:56:03 - [TEST_STEP][PASSED] - for ([j = 0, j &lt; symbols.size(), (j++)]): null

2019-08-23 18:56:03 - [TEST_STEP][PASSED] - symbol = symbol: null

2019-08-23 18:56:03 - [TEST_STEP][PASSED] - println(symbol): null

2019-08-23 18:56:03 - [TEST_STEP][PASSED] - if (i == 2 &amp;&amp; wildList.indexOf(symbol) != -1): null

2019-08-23 18:56:03 - [TEST_STEP][PASSED] - if (i == 3 &amp;&amp; wildList.indexOf(symbol) != -1): null

2019-08-23 18:56:03 - [TEST_STEP][PASSED] - if (i == 4 &amp;&amp; wildList.indexOf(symbol) != -1): null

2019-08-23 18:56:03 - [TEST_STEP][PASSED] - symbol = symbol: null

2019-08-23 18:56:03 - [TEST_STEP][PASSED] - println(symbol): null

2019-08-23 18:56:03 - [TEST_STEP][PASSED] - if (i == 2 &amp;&amp; wildList.indexOf(symbol) != -1): null

2019-08-23 18:56:03 - [TEST_STEP][PASSED] - if (i == 3 &amp;&amp; wildList.indexOf(symbol) != -1): null

2019-08-23 18:56:03 - [TEST_STEP][PASSED] - if (i == 4 &amp;&amp; wildList.indexOf(symbol) != -1): null

2019-08-23 18:56:03 - [TEST_STEP][PASSED] - symbol = symbol: null

2019-08-23 18:56:03 - [TEST_STEP][PASSED] - println(symbol): null

2019-08-23 18:56:03 - [TEST_STEP][PASSED] - if (i == 2 &amp;&amp; wildList.indexOf(symbol) != -1): null

2019-08-23 18:56:03 - [TEST_STEP][PASSED] - if (i == 3 &amp;&amp; wildList.indexOf(symbol) != -1): null

2019-08-23 18:56:03 - [TEST_STEP][PASSED] - if (i == 4 &amp;&amp; wildList.indexOf(symbol) != -1): null

2019-08-23 18:56:03 - [TEST_STEP][PASSED] - free_spin_reel_counter = free_spin_reel_counter: null

2019-08-23 18:56:03 - [TEST_STEP][PASSED] - println("reel 3 wild found: " + free_spin_reel_counter[0]): null

2019-08-23 18:56:03 - [TEST_STEP][PASSED] - println("reel 4 wild found: " + free_spin_reel_counter[1]): null

2019-08-23 18:56:03 - [TEST_STEP][PASSED] - println("reel 5 wild found: " + free_spin_reel_counter[2]): null

2019-08-23 18:56:03 - [TEST_STEP][PASSED] - M4_spin_reels = M4_spin_reels: null

2019-08-23 18:56:03 - [TEST_STEP][PASSED] - M4_spin_reels_symbols = symbol: null

2019-08-23 18:56:03 - [TEST_STEP][PASSED] - M4_spin_reels_symbols = M4_spin_reels_symbols: null

2019-08-23 18:56:03 - [TEST_STEP][PASSED] - M4_spin_reel_wins = reel_wins: null

2019-08-23 18:56:03 - [TEST_STEP][PASSED] - M4_spin_reel_wins = M4_spin_reel_wins: null

2019-08-23 18:56:03 - [TEST_STEP][PASSED] - println("GlobalVariable.M4_spin_reel_wins is: " + M4_spin_reel_wins): null

2019-08-23 18:56:03 - [TEST_STEP][PASSED] - M4_spin_total_bonus_win_this_round = total_bonus_win_this_round: null

2019-08-23 18:56:03 - [TEST_STEP][PASSED] - M4_spin_total_bonus_win_this_round = M4_spin_total_bonus_win_this_round: null

2019-08-23 18:56:03 - [TEST_STEP][PASSED] - println("GlobalVariable.M4_spin_total_bonus_win_this_round is: " + M4_spin_total_bonus_win_this_round): null

2019-08-23 18:56:03 - [TEST_STEP][PASSED] - M4_spin_bonus_spin_result = spin_result: null

2019-08-23 18:56:03 - [TEST_STEP][PASSED] - M4_spin_bonus_spin_result = M4_spin_bonus_spin_result: null

2019-08-23 18:56:03 - [MESSAGE][PASSED] - Verify response successfully

2019-08-23 18:56:03 - [MESSAGE][PASSED] - Send request and verify the response successfully

2019-08-23 18:56:03 - [TEST_STEP][PASSED] - if (free_spin_reel_counter[0] &gt;= 1 &amp;&amp; free_spin_reel_counter[1] &gt;= 1 &amp;&amp; free_spin_reel_counter[2] &gt;= 1): null

2019-08-23 18:56:03 - [TEST_STEP][PASSED] - spin_result = sendRequestAndVerify(findTestObject("INT/RGS(M4)/1_M4_spin", ["M4_login_user_id":M4_login_user_id, "rgs_session_token":rgs_session_token, "partner":Partner])): Send request and verify the response successfully

2019-08-23 18:56:03 - [MESSAGE][INFO] - HAR: /Users/eiralee/Katalon_Script/SuperWild/Reports/20190823_184757/INT/superWild_1/20190823_184757/requests/main/201.har

2019-08-23 18:56:04 - [TEST_CASE][PASSED] - Start Test Case : Verification: Verification accomplished successfully

2019-08-23 18:56:04 - [TEST_STEP][PASSED] - request = getInstance().getCurrentRequest(): null

2019-08-23 18:56:04 - [TEST_STEP][PASSED] - response = getInstance().getCurrentResponse(): null

2019-08-23 18:56:04 - [TEST_STEP][PASSED] - verifyResponseStatusCode(response, 200): Verify response status code successfully

2019-08-23 18:56:04 - [MESSAGE][PASSED] - Verify response status code successfully

2019-08-23 18:56:04 - [TEST_STEP][PASSED] - getStatusCode()).isEqualTo(200): null

2019-08-23 18:56:04 - [TEST_STEP][PASSED] - newline = System.getProperty("line.separator"): null

2019-08-23 18:56:04 - [TEST_STEP][PASSED] - M4_spin = new groovy.json.JsonSlurper(): null

2019-08-23 18:56:04 - [TEST_STEP][PASSED] - result_M4_spin = M4_spin.parseText(response.getResponseBodyContent()): null

2019-08-23 18:56:04 - [TEST_STEP][PASSED] - M4_spin_current_balance = current_balance: null

2019-08-23 18:56:04 - [TEST_STEP][PASSED] - M4_spin_current_balance = M4_spin_current_balance: null

2019-08-23 18:56:04 - [TEST_STEP][PASSED] - M4_spin_transaction_id = causality: null

2019-08-23 18:56:04 - [TEST_STEP][PASSED] - M4_spin_transaction_id = M4_spin_transaction_id: null

2019-08-23 18:56:04 - [TEST_STEP][PASSED] - M4_spin_round_id = round_id: null

2019-08-23 18:56:04 - [TEST_STEP][PASSED] - M4_spin_round_id = M4_spin_round_id: null

2019-08-23 18:56:04 - [TEST_STEP][PASSED] - M4_spin_line_wins = line_wins: null

2019-08-23 18:56:04 - [TEST_STEP][PASSED] - M4_spin_line_wins = M4_spin_line_wins: null

2019-08-23 18:56:04 - [TEST_STEP][PASSED] - M4_total_bonus_spins_int = total_bonus_spins: null

2019-08-23 18:56:04 - [TEST_STEP][PASSED] - println("******M4_total_bonus_spins type is:*******" + newline + getClass().getName()): null

2019-08-23 18:56:04 - [TEST_STEP][PASSED] - M4_total_bonus_spins_int = M4_total_bonus_spins_int: null

2019-08-23 18:56:04 - [TEST_STEP][PASSED] - M4_total_bonus_spins = Integer.toString(M4_total_bonus_spins_int): null

2019-08-23 18:56:04 - [TEST_STEP][PASSED] - M4_total_bonus_spins = M4_total_bonus_spins: null

2019-08-23 18:56:04 - [TEST_STEP][PASSED] - println("M4_total_bonus_spins is:" + M4_total_bonus_spins): null

2019-08-23 18:56:04 - [TEST_STEP][PASSED] - M4_spin_bonus_data = bonus_data: null

2019-08-23 18:56:04 - [TEST_STEP][PASSED] - M4_spin_features_triggered = result_M4_spin: null

2019-08-23 18:56:04 - [TEST_STEP][PASSED] - wild = []: null

2019-08-23 18:56:04 - [TEST_STEP][PASSED] - wild[0] = "WILD_Expanding": null

2019-08-23 18:56:04 - [TEST_STEP][PASSED] - wild[1] = "WILD_Normal": null

2019-08-23 18:56:04 - [TEST_STEP][PASSED] - wild[2] = "WILD_Double": null

2019-08-23 18:56:04 - [TEST_STEP][PASSED] - wild[3] = "WILD_ExtraFG": null

2019-08-23 18:56:04 - [TEST_STEP][PASSED] - wild[4] = "WILD_Triple": null

2019-08-23 18:56:04 - [TEST_STEP][PASSED] - wildList = Arrays.asList(wild): null

2019-08-23 18:56:04 - [TEST_STEP][PASSED] - wildList = wildList: null

2019-08-23 18:56:04 - [TEST_STEP][PASSED] - free_spin_reel_counter = []: null

2019-08-23 18:56:04 - [TEST_STEP][PASSED] - free_spin_reel_counter[0] = 0: null

2019-08-23 18:56:04 - [TEST_STEP][PASSED] - free_spin_reel_counter[1] = 0: null

2019-08-23 18:56:04 - [TEST_STEP][PASSED] - free_spin_reel_counter[2] = 0: null

2019-08-23 18:56:04 - [TEST_STEP][PASSED] - M4_spin_reels = reels: null

2019-08-23 18:56:04 - [TEST_STEP][PASSED] - for ([i = 0, i &lt; M4_spin_reels.size(), (i++)]): null

2019-08-23 18:56:04 - [TEST_STEP][PASSED] - symbols = symbols: null

2019-08-23 18:56:04 - [TEST_STEP][PASSED] - for ([j = 0, j &lt; symbols.size(), (j++)]): null

2019-08-23 18:56:04 - [TEST_STEP][PASSED] - symbol = symbol: null

2019-08-23 18:56:04 - [TEST_STEP][PASSED] - println(symbol): null

2019-08-23 18:56:04 - [TEST_STEP][PASSED] - if (i == 2 &amp;&amp; wildList.indexOf(symbol) != -1): null

2019-08-23 18:56:04 - [TEST_STEP][PASSED] - if (i == 3 &amp;&amp; wildList.indexOf(symbol) != -1): null

2019-08-23 18:56:04 - [TEST_STEP][PASSED] - if (i == 4 &amp;&amp; wildList.indexOf(symbol) != -1): null

2019-08-23 18:56:04 - [TEST_STEP][PASSED] - symbol = symbol: null

2019-08-23 18:56:04 - [TEST_STEP][PASSED] - println(symbol): null

2019-08-23 18:56:04 - [TEST_STEP][PASSED] - if (i == 2 &amp;&amp; wildList.indexOf(symbol) != -1): null

2019-08-23 18:56:04 - [TEST_STEP][PASSED] - if (i == 3 &amp;&amp; wildList.indexOf(symbol) != -1): null

2019-08-23 18:56:04 - [TEST_STEP][PASSED] - if (i == 4 &amp;&amp; wildList.indexOf(symbol) != -1): null

2019-08-23 18:56:04 - [TEST_STEP][PASSED] - symbol = symbol: null

2019-08-23 18:56:04 - [TEST_STEP][PASSED] - println(symbol): null

2019-08-23 18:56:04 - [TEST_STEP][PASSED] - if (i == 2 &amp;&amp; wildList.indexOf(symbol) != -1): null

2019-08-23 18:56:04 - [TEST_STEP][PASSED] - if (i == 3 &amp;&amp; wildList.indexOf(symbol) != -1): null

2019-08-23 18:56:04 - [TEST_STEP][PASSED] - if (i == 4 &amp;&amp; wildList.indexOf(symbol) != -1): null

2019-08-23 18:56:04 - [TEST_STEP][PASSED] - symbols = symbols: null

2019-08-23 18:56:04 - [TEST_STEP][PASSED] - for ([j = 0, j &lt; symbols.size(), (j++)]): null

2019-08-23 18:56:04 - [TEST_STEP][PASSED] - symbol = symbol: null

2019-08-23 18:56:04 - [TEST_STEP][PASSED] - println(symbol): null

2019-08-23 18:56:04 - [TEST_STEP][PASSED] - if (i == 2 &amp;&amp; wildList.indexOf(symbol) != -1): null

2019-08-23 18:56:04 - [TEST_STEP][PASSED] - if (i == 3 &amp;&amp; wildList.indexOf(symbol) != -1): null

2019-08-23 18:56:04 - [TEST_STEP][PASSED] - if (i == 4 &amp;&amp; wildList.indexOf(symbol) != -1): null

2019-08-23 18:56:04 - [TEST_STEP][PASSED] - symbol = symbol: null

2019-08-23 18:56:04 - [TEST_STEP][PASSED] - println(symbol): null

2019-08-23 18:56:04 - [TEST_STEP][PASSED] - if (i == 2 &amp;&amp; wildList.indexOf(symbol) != -1): null

2019-08-23 18:56:04 - [TEST_STEP][PASSED] - if (i == 3 &amp;&amp; wildList.indexOf(symbol) != -1): null

2019-08-23 18:56:04 - [TEST_STEP][PASSED] - if (i == 4 &amp;&amp; wildList.indexOf(symbol) != -1): null

2019-08-23 18:56:04 - [TEST_STEP][PASSED] - symbol = symbol: null

2019-08-23 18:56:04 - [TEST_STEP][PASSED] - println(symbol): null

2019-08-23 18:56:04 - [TEST_STEP][PASSED] - if (i == 2 &amp;&amp; wildList.indexOf(symbol) != -1): null

2019-08-23 18:56:04 - [TEST_STEP][PASSED] - if (i == 3 &amp;&amp; wildList.indexOf(symbol) != -1): null

2019-08-23 18:56:04 - [TEST_STEP][PASSED] - if (i == 4 &amp;&amp; wildList.indexOf(symbol) != -1): null

2019-08-23 18:56:06 - [TEST_STEP][PASSED] - symbols = symbols: null

2019-08-23 18:56:06 - [TEST_STEP][PASSED] - for ([j = 0, j &lt; symbols.size(), (j++)]): null

2019-08-23 18:56:06 - [TEST_STEP][PASSED] - symbol = symbol: null

2019-08-23 18:56:06 - [TEST_STEP][PASSED] - println(symbol): null

2019-08-23 18:56:06 - [TEST_STEP][PASSED] - if (i == 2 &amp;&amp; wildList.indexOf(symbol) != -1): null

2019-08-23 18:56:06 - [TEST_STEP][PASSED] - if (i == 3 &amp;&amp; wildList.indexOf(symbol) != -1): null

2019-08-23 18:56:06 - [TEST_STEP][PASSED] - if (i == 4 &amp;&amp; wildList.indexOf(symbol) != -1): null

2019-08-23 18:56:06 - [TEST_STEP][PASSED] - symbol = symbol: null

2019-08-23 18:56:06 - [TEST_STEP][PASSED] - println(symbol): null

2019-08-23 18:56:06 - [TEST_STEP][PASSED] - if (i == 2 &amp;&amp; wildList.indexOf(symbol) != -1): null

2019-08-23 18:56:06 - [TEST_STEP][PASSED] - if (i == 3 &amp;&amp; wildList.indexOf(symbol) != -1): null

2019-08-23 18:56:06 - [TEST_STEP][PASSED] - if (i == 4 &amp;&amp; wildList.indexOf(symbol) != -1): null

2019-08-23 18:56:06 - [TEST_STEP][PASSED] - symbol = symbol: null

2019-08-23 18:56:06 - [TEST_STEP][PASSED] - println(symbol): null

2019-08-23 18:56:06 - [TEST_STEP][PASSED] - if (i == 2 &amp;&amp; wildList.indexOf(symbol) != -1): null

2019-08-23 18:56:06 - [TEST_STEP][PASSED] - if (i == 3 &amp;&amp; wildList.indexOf(symbol) != -1): null

2019-08-23 18:56:06 - [TEST_STEP][PASSED] - if (i == 4 &amp;&amp; wildList.indexOf(symbol) != -1): null

2019-08-23 18:56:06 - [TEST_STEP][PASSED] - symbols = symbols: null

2019-08-23 18:56:06 - [TEST_STEP][PASSED] - for ([j = 0, j &lt; symbols.size(), (j++)]): null

2019-08-23 18:56:06 - [TEST_STEP][PASSED] - symbol = symbol: null

2019-08-23 18:56:06 - [TEST_STEP][PASSED] - println(symbol): null

2019-08-23 18:56:06 - [TEST_STEP][PASSED] - if (i == 2 &amp;&amp; wildList.indexOf(symbol) != -1): null

2019-08-23 18:56:06 - [TEST_STEP][PASSED] - if (i == 3 &amp;&amp; wildList.indexOf(symbol) != -1): null

2019-08-23 18:56:06 - [TEST_STEP][PASSED] - if (i == 4 &amp;&amp; wildList.indexOf(symbol) != -1): null

2019-08-23 18:56:06 - [TEST_STEP][PASSED] - symbol = symbol: null

2019-08-23 18:56:06 - [TEST_STEP][PASSED] - println(symbol): null

2019-08-23 18:56:06 - [TEST_STEP][PASSED] - if (i == 2 &amp;&amp; wildList.indexOf(symbol) != -1): null

2019-08-23 18:56:06 - [TEST_STEP][PASSED] - if (i == 3 &amp;&amp; wildList.indexOf(symbol) != -1): null

2019-08-23 18:56:06 - [TEST_STEP][PASSED] - if (i == 4 &amp;&amp; wildList.indexOf(symbol) != -1): null

2019-08-23 18:56:06 - [TEST_STEP][PASSED] - symbol = symbol: null

2019-08-23 18:56:06 - [TEST_STEP][PASSED] - println(symbol): null

2019-08-23 18:56:06 - [TEST_STEP][PASSED] - if (i == 2 &amp;&amp; wildList.indexOf(symbol) != -1): null

2019-08-23 18:56:06 - [TEST_STEP][PASSED] - if (i == 3 &amp;&amp; wildList.indexOf(symbol) != -1): null

2019-08-23 18:56:06 - [TEST_STEP][PASSED] - if (i == 4 &amp;&amp; wildList.indexOf(symbol) != -1): null

2019-08-23 18:56:06 - [TEST_STEP][PASSED] - symbols = symbols: null

2019-08-23 18:56:06 - [TEST_STEP][PASSED] - for ([j = 0, j &lt; symbols.size(), (j++)]): null

2019-08-23 18:56:06 - [TEST_STEP][PASSED] - symbol = symbol: null

2019-08-23 18:56:06 - [TEST_STEP][PASSED] - println(symbol): null

2019-08-23 18:56:06 - [TEST_STEP][PASSED] - if (i == 2 &amp;&amp; wildList.indexOf(symbol) != -1): null

2019-08-23 18:56:06 - [TEST_STEP][PASSED] - if (i == 3 &amp;&amp; wildList.indexOf(symbol) != -1): null

2019-08-23 18:56:06 - [TEST_STEP][PASSED] - if (i == 4 &amp;&amp; wildList.indexOf(symbol) != -1): null

2019-08-23 18:56:06 - [TEST_STEP][PASSED] - symbol = symbol: null

2019-08-23 18:56:06 - [TEST_STEP][PASSED] - println(symbol): null

2019-08-23 18:56:06 - [TEST_STEP][PASSED] - if (i == 2 &amp;&amp; wildList.indexOf(symbol) != -1): null

2019-08-23 18:56:06 - [TEST_STEP][PASSED] - if (i == 3 &amp;&amp; wildList.indexOf(symbol) != -1): null

2019-08-23 18:56:06 - [TEST_STEP][PASSED] - if (i == 4 &amp;&amp; wildList.indexOf(symbol) != -1): null

2019-08-23 18:56:06 - [TEST_STEP][PASSED] - symbol = symbol: null

2019-08-23 18:56:06 - [TEST_STEP][PASSED] - println(symbol): null

2019-08-23 18:56:06 - [TEST_STEP][PASSED] - if (i == 2 &amp;&amp; wildList.indexOf(symbol) != -1): null

2019-08-23 18:56:06 - [TEST_STEP][PASSED] - if (i == 3 &amp;&amp; wildList.indexOf(symbol) != -1): null

2019-08-23 18:56:06 - [TEST_STEP][PASSED] - if (i == 4 &amp;&amp; wildList.indexOf(symbol) != -1): null

2019-08-23 18:56:06 - [TEST_STEP][PASSED] - free_spin_reel_counter = free_spin_reel_counter: null

2019-08-23 18:56:06 - [TEST_STEP][PASSED] - println("reel 3 wild found: " + free_spin_reel_counter[0]): null

2019-08-23 18:56:06 - [TEST_STEP][PASSED] - println("reel 4 wild found: " + free_spin_reel_counter[1]): null

2019-08-23 18:56:06 - [TEST_STEP][PASSED] - println("reel 5 wild found: " + free_spin_reel_counter[2]): null

2019-08-23 18:56:06 - [TEST_STEP][PASSED] - M4_spin_reels = M4_spin_reels: null

2019-08-23 18:56:06 - [TEST_STEP][PASSED] - M4_spin_reels_symbols = symbol: null

2019-08-23 18:56:06 - [TEST_STEP][PASSED] - M4_spin_reels_symbols = M4_spin_reels_symbols: null

2019-08-23 18:56:06 - [TEST_STEP][PASSED] - M4_spin_reel_wins = reel_wins: null

2019-08-23 18:56:06 - [TEST_STEP][PASSED] - M4_spin_reel_wins = M4_spin_reel_wins: null

2019-08-23 18:56:06 - [TEST_STEP][PASSED] - println("GlobalVariable.M4_spin_reel_wins is: " + M4_spin_reel_wins): null

2019-08-23 18:56:06 - [TEST_STEP][PASSED] - M4_spin_total_bonus_win_this_round = total_bonus_win_this_round: null

2019-08-23 18:56:06 - [TEST_STEP][PASSED] - M4_spin_total_bonus_win_this_round = M4_spin_total_bonus_win_this_round: null

2019-08-23 18:56:06 - [TEST_STEP][PASSED] - println("GlobalVariable.M4_spin_total_bonus_win_this_round is: " + M4_spin_total_bonus_win_this_round): null

2019-08-23 18:56:06 - [TEST_STEP][PASSED] - M4_spin_bonus_spin_result = spin_result: null

2019-08-23 18:56:06 - [TEST_STEP][PASSED] - M4_spin_bonus_spin_result = M4_spin_bonus_spin_result: null

2019-08-23 18:56:06 - [MESSAGE][PASSED] - Verify response successfully

2019-08-23 18:56:06 - [MESSAGE][PASSED] - Send request and verify the response successfully

2019-08-23 18:56:06 - [TEST_STEP][PASSED] - if (free_spin_reel_counter[0] &gt;= 1 &amp;&amp; free_spin_reel_counter[1] &gt;= 1 &amp;&amp; free_spin_reel_counter[2] &gt;= 1): null

2019-08-23 18:56:06 - [TEST_STEP][PASSED] - spin_result = sendRequestAndVerify(findTestObject("INT/RGS(M4)/1_M4_spin", ["M4_login_user_id":M4_login_user_id, "rgs_session_token":rgs_session_token, "partner":Partner])): Send request and verify the response successfully

2019-08-23 18:56:06 - [MESSAGE][INFO] - HAR: /Users/eiralee/Katalon_Script/SuperWild/Reports/20190823_184757/INT/superWild_1/20190823_184757/requests/main/202.har

2019-08-23 18:56:06 - [TEST_CASE][PASSED] - Start Test Case : Verification: Verification accomplished successfully

2019-08-23 18:56:06 - [TEST_STEP][PASSED] - request = getInstance().getCurrentRequest(): null

2019-08-23 18:56:07 - [TEST_STEP][PASSED] - response = getInstance().getCurrentResponse(): null

2019-08-23 18:56:07 - [TEST_STEP][PASSED] - verifyResponseStatusCode(response, 200): Verify response status code successfully

2019-08-23 18:56:07 - [MESSAGE][PASSED] - Verify response status code successfully

2019-08-23 18:56:07 - [TEST_STEP][PASSED] - getStatusCode()).isEqualTo(200): null

2019-08-23 18:56:07 - [TEST_STEP][PASSED] - newline = System.getProperty("line.separator"): null

2019-08-23 18:56:07 - [TEST_STEP][PASSED] - M4_spin = new groovy.json.JsonSlurper(): null

2019-08-23 18:56:07 - [TEST_STEP][PASSED] - result_M4_spin = M4_spin.parseText(response.getResponseBodyContent()): null

2019-08-23 18:56:07 - [TEST_STEP][PASSED] - M4_spin_current_balance = current_balance: null

2019-08-23 18:56:07 - [TEST_STEP][PASSED] - M4_spin_current_balance = M4_spin_current_balance: null

2019-08-23 18:56:07 - [TEST_STEP][PASSED] - M4_spin_transaction_id = causality: null

2019-08-23 18:56:07 - [TEST_STEP][PASSED] - M4_spin_transaction_id = M4_spin_transaction_id: null

2019-08-23 18:56:07 - [TEST_STEP][PASSED] - M4_spin_round_id = round_id: null

2019-08-23 18:56:07 - [TEST_STEP][PASSED] - M4_spin_round_id = M4_spin_round_id: null

2019-08-23 18:56:07 - [TEST_STEP][PASSED] - M4_spin_line_wins = line_wins: null

2019-08-23 18:56:07 - [TEST_STEP][PASSED] - M4_spin_line_wins = M4_spin_line_wins: null

2019-08-23 18:56:07 - [TEST_STEP][PASSED] - M4_total_bonus_spins_int = total_bonus_spins: null

2019-08-23 18:56:07 - [TEST_STEP][PASSED] - println("******M4_total_bonus_spins type is:*******" + newline + getClass().getName()): null

2019-08-23 18:56:07 - [TEST_STEP][PASSED] - M4_total_bonus_spins_int = M4_total_bonus_spins_int: null

2019-08-23 18:56:07 - [TEST_STEP][PASSED] - M4_total_bonus_spins = Integer.toString(M4_total_bonus_spins_int): null

2019-08-23 18:56:07 - [TEST_STEP][PASSED] - M4_total_bonus_spins = M4_total_bonus_spins: null

2019-08-23 18:56:07 - [TEST_STEP][PASSED] - println("M4_total_bonus_spins is:" + M4_total_bonus_spins): null

2019-08-23 18:56:07 - [TEST_STEP][PASSED] - M4_spin_bonus_data = bonus_data: null

2019-08-23 18:56:07 - [TEST_STEP][PASSED] - M4_spin_features_triggered = result_M4_spin: null

2019-08-23 18:56:07 - [TEST_STEP][PASSED] - wild = []: null

2019-08-23 18:56:07 - [TEST_STEP][PASSED] - wild[0] = "WILD_Expanding": null

2019-08-23 18:56:07 - [TEST_STEP][PASSED] - wild[1] = "WILD_Normal": null

2019-08-23 18:56:07 - [TEST_STEP][PASSED] - wild[2] = "WILD_Double": null

2019-08-23 18:56:07 - [TEST_STEP][PASSED] - wild[3] = "WILD_ExtraFG": null

2019-08-23 18:56:07 - [TEST_STEP][PASSED] - wild[4] = "WILD_Triple": null

2019-08-23 18:56:07 - [TEST_STEP][PASSED] - wildList = Arrays.asList(wild): null

2019-08-23 18:56:07 - [TEST_STEP][PASSED] - wildList = wildList: null

2019-08-23 18:56:07 - [TEST_STEP][PASSED] - free_spin_reel_counter = []: null

2019-08-23 18:56:07 - [TEST_STEP][PASSED] - free_spin_reel_counter[0] = 0: null

2019-08-23 18:56:07 - [TEST_STEP][PASSED] - free_spin_reel_counter[1] = 0: null

2019-08-23 18:56:07 - [TEST_STEP][PASSED] - free_spin_reel_counter[2] = 0: null

2019-08-23 18:56:07 - [TEST_STEP][PASSED] - M4_spin_reels = reels: null

2019-08-23 18:56:07 - [TEST_STEP][PASSED] - for ([i = 0, i &lt; M4_spin_reels.size(), (i++)]): null

2019-08-23 18:56:07 - [TEST_STEP][PASSED] - symbols = symbols: null

2019-08-23 18:56:07 - [TEST_STEP][PASSED] - for ([j = 0, j &lt; symbols.size(), (j++)]): null

2019-08-23 18:56:07 - [TEST_STEP][PASSED] - symbol = symbol: null

2019-08-23 18:56:07 - [TEST_STEP][PASSED] - println(symbol): null

2019-08-23 18:56:07 - [TEST_STEP][PASSED] - if (i == 2 &amp;&amp; wildList.indexOf(symbol) != -1): null

2019-08-23 18:56:07 - [TEST_STEP][PASSED] - if (i == 3 &amp;&amp; wildList.indexOf(symbol) != -1): null

2019-08-23 18:56:07 - [TEST_STEP][PASSED] - if (i == 4 &amp;&amp; wildList.indexOf(symbol) != -1): null

2019-08-23 18:56:07 - [TEST_STEP][PASSED] - symbol = symbol: null

2019-08-23 18:56:07 - [TEST_STEP][PASSED] - println(symbol): null

2019-08-23 18:56:07 - [TEST_STEP][PASSED] - if (i == 2 &amp;&amp; wildList.indexOf(symbol) != -1): null

2019-08-23 18:56:07 - [TEST_STEP][PASSED] - if (i == 3 &amp;&amp; wildList.indexOf(symbol) != -1): null

2019-08-23 18:56:07 - [TEST_STEP][PASSED] - if (i == 4 &amp;&amp; wildList.indexOf(symbol) != -1): null

2019-08-23 18:56:07 - [TEST_STEP][PASSED] - symbol = symbol: null

2019-08-23 18:56:07 - [TEST_STEP][PASSED] - println(symbol): null

2019-08-23 18:56:07 - [TEST_STEP][PASSED] - if (i == 2 &amp;&amp; wildList.indexOf(symbol) != -1): null

2019-08-23 18:56:07 - [TEST_STEP][PASSED] - if (i == 3 &amp;&amp; wildList.indexOf(symbol) != -1): null

2019-08-23 18:56:07 - [TEST_STEP][PASSED] - if (i == 4 &amp;&amp; wildList.indexOf(symbol) != -1): null

2019-08-23 18:56:07 - [TEST_STEP][PASSED] - symbols = symbols: null

2019-08-23 18:56:07 - [TEST_STEP][PASSED] - for ([j = 0, j &lt; symbols.size(), (j++)]): null

2019-08-23 18:56:07 - [TEST_STEP][PASSED] - symbol = symbol: null

2019-08-23 18:56:07 - [TEST_STEP][PASSED] - println(symbol): null

2019-08-23 18:56:07 - [TEST_STEP][PASSED] - if (i == 2 &amp;&amp; wildList.indexOf(symbol) != -1): null

2019-08-23 18:56:07 - [TEST_STEP][PASSED] - if (i == 3 &amp;&amp; wildList.indexOf(symbol) != -1): null

2019-08-23 18:56:07 - [TEST_STEP][PASSED] - if (i == 4 &amp;&amp; wildList.indexOf(symbol) != -1): null

2019-08-23 18:56:07 - [TEST_STEP][PASSED] - symbol = symbol: null

2019-08-23 18:56:07 - [TEST_STEP][PASSED] - println(symbol): null

2019-08-23 18:56:07 - [TEST_STEP][PASSED] - if (i == 2 &amp;&amp; wildList.indexOf(symbol) != -1): null

2019-08-23 18:56:07 - [TEST_STEP][PASSED] - if (i == 3 &amp;&amp; wildList.indexOf(symbol) != -1): null

2019-08-23 18:56:07 - [TEST_STEP][PASSED] - if (i == 4 &amp;&amp; wildList.indexOf(symbol) != -1): null

2019-08-23 18:56:07 - [TEST_STEP][PASSED] - symbol = symbol: null

2019-08-23 18:56:07 - [TEST_STEP][PASSED] - println(symbol): null

2019-08-23 18:56:07 - [TEST_STEP][PASSED] - if (i == 2 &amp;&amp; wildList.indexOf(symbol) != -1): null

2019-08-23 18:56:07 - [TEST_STEP][PASSED] - if (i == 3 &amp;&amp; wildList.indexOf(symbol) != -1): null

2019-08-23 18:56:07 - [TEST_STEP][PASSED] - if (i == 4 &amp;&amp; wildList.indexOf(symbol) != -1): null

2019-08-23 18:56:07 - [TEST_STEP][PASSED] - symbols = symbols: null

2019-08-23 18:56:07 - [TEST_STEP][PASSED] - for ([j = 0, j &lt; symbols.size(), (j++)]): null

2019-08-23 18:56:07 - [TEST_STEP][PASSED] - symbol = symbol: null

2019-08-23 18:56:07 - [TEST_STEP][PASSED] - println(symbol): null

2019-08-23 18:56:07 - [TEST_STEP][PASSED] - if (i == 2 &amp;&amp; wildList.indexOf(symbol) != -1): null

2019-08-23 18:56:07 - [TEST_STEP][PASSED] - if (i == 3 &amp;&amp; wildList.indexOf(symbol) != -1): null

2019-08-23 18:56:07 - [TEST_STEP][PASSED] - if (i == 4 &amp;&amp; wildList.indexOf(symbol) != -1): null

2019-08-23 18:56:07 - [TEST_STEP][PASSED] - symbol = symbol: null

2019-08-23 18:56:07 - [TEST_STEP][PASSED] - println(symbol): null

2019-08-23 18:56:07 - [TEST_STEP][PASSED] - if (i == 2 &amp;&amp; wildList.indexOf(symbol) != -1): null

2019-08-23 18:56:07 - [TEST_STEP][PASSED] - if (i == 3 &amp;&amp; wildList.indexOf(symbol) != -1): null

2019-08-23 18:56:07 - [TEST_STEP][PASSED] - if (i == 4 &amp;&amp; wildList.indexOf(symbol) != -1): null

2019-08-23 18:56:07 - [TEST_STEP][PASSED] - symbol = symbol: null

2019-08-23 18:56:07 - [TEST_STEP][PASSED] - println(symbol): null

2019-08-23 18:56:07 - [TEST_STEP][PASSED] - if (i == 2 &amp;&amp; wildList.indexOf(symbol) != -1): null

2019-08-23 18:56:07 - [TEST_STEP][PASSED] - if (i == 3 &amp;&amp; wildList.indexOf(symbol) != -1): null

2019-08-23 18:56:07 - [TEST_STEP][PASSED] - if (i == 4 &amp;&amp; wildList.indexOf(symbol) != -1): null

2019-08-23 18:56:07 - [TEST_STEP][PASSED] - symbols = symbols: null

2019-08-23 18:56:07 - [TEST_STEP][PASSED] - for ([j = 0, j &lt; symbols.size(), (j++)]): null

2019-08-23 18:56:07 - [TEST_STEP][PASSED] - symbol = symbol: null

2019-08-23 18:56:07 - [TEST_STEP][PASSED] - println(symbol): null

2019-08-23 18:56:07 - [TEST_STEP][PASSED] - if (i == 2 &amp;&amp; wildList.indexOf(symbol) != -1): null

2019-08-23 18:56:07 - [TEST_STEP][PASSED] - if (i == 3 &amp;&amp; wildList.indexOf(symbol) != -1): null

2019-08-23 18:56:07 - [TEST_STEP][PASSED] - if (i == 4 &amp;&amp; wildList.indexOf(symbol) != -1): null

2019-08-23 18:56:07 - [TEST_STEP][PASSED] - symbol = symbol: null

2019-08-23 18:56:07 - [TEST_STEP][PASSED] - println(symbol): null

2019-08-23 18:56:07 - [TEST_STEP][PASSED] - if (i == 2 &amp;&amp; wildList.indexOf(symbol) != -1): null

2019-08-23 18:56:07 - [TEST_STEP][PASSED] - if (i == 3 &amp;&amp; wildList.indexOf(symbol) != -1): null

2019-08-23 18:56:07 - [TEST_STEP][PASSED] - if (i == 4 &amp;&amp; wildList.indexOf(symbol) != -1): null

2019-08-23 18:56:07 - [TEST_STEP][PASSED] - symbol = symbol: null

2019-08-23 18:56:07 - [TEST_STEP][PASSED] - println(symbol): null

2019-08-23 18:56:07 - [TEST_STEP][PASSED] - if (i == 2 &amp;&amp; wildList.indexOf(symbol) != -1): null

2019-08-23 18:56:07 - [TEST_STEP][PASSED] - if (i == 3 &amp;&amp; wildList.indexOf(symbol) != -1): null

2019-08-23 18:56:07 - [TEST_STEP][PASSED] - println("wild found on reel 4, adding counter by 1"): null

2019-08-23 18:56:07 - [TEST_STEP][PASSED] - free_spin_reel_counter[1] = free_spin_reel_counter[1] + 1: null

2019-08-23 18:56:07 - [TEST_STEP][PASSED] - if (i == 4 &amp;&amp; wildList.indexOf(symbol) != -1): null

2019-08-23 18:56:07 - [TEST_STEP][PASSED] - symbols = symbols: null

2019-08-23 18:56:07 - [TEST_STEP][PASSED] - for ([j = 0, j &lt; symbols.size(), (j++)]): null

2019-08-23 18:56:07 - [TEST_STEP][PASSED] - symbol = symbol: null

2019-08-23 18:56:07 - [TEST_STEP][PASSED] - println(symbol): null

2019-08-23 18:56:07 - [TEST_STEP][PASSED] - if (i == 2 &amp;&amp; wildList.indexOf(symbol) != -1): null

2019-08-23 18:56:07 - [TEST_STEP][PASSED] - if (i == 3 &amp;&amp; wildList.indexOf(symbol) != -1): null

2019-08-23 18:56:07 - [TEST_STEP][PASSED] - if (i == 4 &amp;&amp; wildList.indexOf(symbol) != -1): null

2019-08-23 18:56:07 - [TEST_STEP][PASSED] - symbol = symbol: null

2019-08-23 18:56:07 - [TEST_STEP][PASSED] - println(symbol): null

2019-08-23 18:56:07 - [TEST_STEP][PASSED] - if (i == 2 &amp;&amp; wildList.indexOf(symbol) != -1): null

2019-08-23 18:56:07 - [TEST_STEP][PASSED] - if (i == 3 &amp;&amp; wildList.indexOf(symbol) != -1): null

2019-08-23 18:56:07 - [TEST_STEP][PASSED] - if (i == 4 &amp;&amp; wildList.indexOf(symbol) != -1): null

2019-08-23 18:56:07 - [TEST_STEP][PASSED] - symbol = symbol: null

2019-08-23 18:56:07 - [TEST_STEP][PASSED] - println(symbol): null

2019-08-23 18:56:07 - [TEST_STEP][PASSED] - if (i == 2 &amp;&amp; wildList.indexOf(symbol) != -1): null

2019-08-23 18:56:07 - [TEST_STEP][PASSED] - if (i == 3 &amp;&amp; wildList.indexOf(symbol) != -1): null

2019-08-23 18:56:07 - [TEST_STEP][PASSED] - if (i == 4 &amp;&amp; wildList.indexOf(symbol) != -1): null

2019-08-23 18:56:07 - [TEST_STEP][PASSED] - free_spin_reel_counter = free_spin_reel_counter: null

2019-08-23 18:56:07 - [TEST_STEP][PASSED] - println("reel 3 wild found: " + free_spin_reel_counter[0]): null

2019-08-23 18:56:07 - [TEST_STEP][PASSED] - println("reel 4 wild found: " + free_spin_reel_counter[1]): null

2019-08-23 18:56:07 - [TEST_STEP][PASSED] - println("reel 5 wild found: " + free_spin_reel_counter[2]): null

2019-08-23 18:56:07 - [TEST_STEP][PASSED] - M4_spin_reels = M4_spin_reels: null

2019-08-23 18:56:07 - [TEST_STEP][PASSED] - M4_spin_reels_symbols = symbol: null

2019-08-23 18:56:07 - [TEST_STEP][PASSED] - M4_spin_reels_symbols = M4_spin_reels_symbols: null

2019-08-23 18:56:07 - [TEST_STEP][PASSED] - M4_spin_reel_wins = reel_wins: null

2019-08-23 18:56:07 - [TEST_STEP][PASSED] - M4_spin_reel_wins = M4_spin_reel_wins: null

2019-08-23 18:56:07 - [TEST_STEP][PASSED] - println("GlobalVariable.M4_spin_reel_wins is: " + M4_spin_reel_wins): null

2019-08-23 18:56:07 - [TEST_STEP][PASSED] - M4_spin_total_bonus_win_this_round = total_bonus_win_this_round: null

2019-08-23 18:56:07 - [TEST_STEP][PASSED] - M4_spin_total_bonus_win_this_round = M4_spin_total_bonus_win_this_round: null

2019-08-23 18:56:07 - [TEST_STEP][PASSED] - println("GlobalVariable.M4_spin_total_bonus_win_this_round is: " + M4_spin_total_bonus_win_this_round): null

2019-08-23 18:56:07 - [TEST_STEP][PASSED] - M4_spin_bonus_spin_result = spin_result: null

2019-08-23 18:56:07 - [TEST_STEP][PASSED] - M4_spin_bonus_spin_result = M4_spin_bonus_spin_result: null

2019-08-23 18:56:07 - [MESSAGE][PASSED] - Verify response successfully

2019-08-23 18:56:07 - [MESSAGE][PASSED] - Send request and verify the response successfully

2019-08-23 18:56:07 - [TEST_STEP][PASSED] - if (free_spin_reel_counter[0] &gt;= 1 &amp;&amp; free_spin_reel_counter[1] &gt;= 1 &amp;&amp; free_spin_reel_counter[2] &gt;= 1): null

2019-08-23 18:56:07 - [TEST_STEP][PASSED] - spin_result = sendRequestAndVerify(findTestObject("INT/RGS(M4)/1_M4_spin", ["M4_login_user_id":M4_login_user_id, "rgs_session_token":rgs_session_token, "partner":Partner])): Send request and verify the response successfully

2019-08-23 18:56:07 - [MESSAGE][INFO] - HAR: /Users/eiralee/Katalon_Script/SuperWild/Reports/20190823_184757/INT/superWild_1/20190823_184757/requests/main/203.har

2019-08-23 18:56:07 - [TEST_CASE][PASSED] - Start Test Case : Verification: Verification accomplished successfully

2019-08-23 18:56:07 - [TEST_STEP][PASSED] - request = getInstance().getCurrentRequest(): null

2019-08-23 18:56:07 - [TEST_STEP][PASSED] - response = getInstance().getCurrentResponse(): null

2019-08-23 18:56:07 - [TEST_STEP][PASSED] - verifyResponseStatusCode(response, 200): Verify response status code successfully

2019-08-23 18:56:07 - [MESSAGE][PASSED] - Verify response status code successfully

2019-08-23 18:56:07 - [TEST_STEP][PASSED] - getStatusCode()).isEqualTo(200): null

2019-08-23 18:56:07 - [TEST_STEP][PASSED] - newline = System.getProperty("line.separator"): null

2019-08-23 18:56:07 - [TEST_STEP][PASSED] - M4_spin = new groovy.json.JsonSlurper(): null

2019-08-23 18:56:07 - [TEST_STEP][PASSED] - result_M4_spin = M4_spin.parseText(response.getResponseBodyContent()): null

2019-08-23 18:56:07 - [TEST_STEP][PASSED] - M4_spin_current_balance = current_balance: null

2019-08-23 18:56:07 - [TEST_STEP][PASSED] - M4_spin_current_balance = M4_spin_current_balance: null

2019-08-23 18:56:07 - [TEST_STEP][PASSED] - M4_spin_transaction_id = causality: null

2019-08-23 18:56:07 - [TEST_STEP][PASSED] - M4_spin_transaction_id = M4_spin_transaction_id: null

2019-08-23 18:56:07 - [TEST_STEP][PASSED] - M4_spin_round_id = round_id: null

2019-08-23 18:56:07 - [TEST_STEP][PASSED] - M4_spin_round_id = M4_spin_round_id: null

2019-08-23 18:56:07 - [TEST_STEP][PASSED] - M4_spin_line_wins = line_wins: null

2019-08-23 18:56:07 - [TEST_STEP][PASSED] - M4_spin_line_wins = M4_spin_line_wins: null

2019-08-23 18:56:07 - [TEST_STEP][PASSED] - M4_total_bonus_spins_int = total_bonus_spins: null

2019-08-23 18:56:07 - [TEST_STEP][PASSED] - println("******M4_total_bonus_spins type is:*******" + newline + getClass().getName()): null

2019-08-23 18:56:07 - [TEST_STEP][PASSED] - M4_total_bonus_spins_int = M4_total_bonus_spins_int: null

2019-08-23 18:56:07 - [TEST_STEP][PASSED] - M4_total_bonus_spins = Integer.toString(M4_total_bonus_spins_int): null

2019-08-23 18:56:07 - [TEST_STEP][PASSED] - M4_total_bonus_spins = M4_total_bonus_spins: null

2019-08-23 18:56:07 - [TEST_STEP][PASSED] - println("M4_total_bonus_spins is:" + M4_total_bonus_spins): null

2019-08-23 18:56:07 - [TEST_STEP][PASSED] - M4_spin_bonus_data = bonus_data: null

2019-08-23 18:56:07 - [TEST_STEP][PASSED] - M4_spin_features_triggered = result_M4_spin: null

2019-08-23 18:56:07 - [TEST_STEP][PASSED] - wild = []: null

2019-08-23 18:56:07 - [TEST_STEP][PASSED] - wild[0] = "WILD_Expanding": null

2019-08-23 18:56:07 - [TEST_STEP][PASSED] - wild[1] = "WILD_Normal": null

2019-08-23 18:56:07 - [TEST_STEP][PASSED] - wild[2] = "WILD_Double": null

2019-08-23 18:56:07 - [TEST_STEP][PASSED] - wild[3] = "WILD_ExtraFG": null

2019-08-23 18:56:07 - [TEST_STEP][PASSED] - wild[4] = "WILD_Triple": null

2019-08-23 18:56:07 - [TEST_STEP][PASSED] - wildList = Arrays.asList(wild): null

2019-08-23 18:56:07 - [TEST_STEP][PASSED] - wildList = wildList: null

2019-08-23 18:56:07 - [TEST_STEP][PASSED] - free_spin_reel_counter = []: null

2019-08-23 18:56:07 - [TEST_STEP][PASSED] - free_spin_reel_counter[0] = 0: null

2019-08-23 18:56:07 - [TEST_STEP][PASSED] - free_spin_reel_counter[1] = 0: null

2019-08-23 18:56:07 - [TEST_STEP][PASSED] - free_spin_reel_counter[2] = 0: null

2019-08-23 18:56:07 - [TEST_STEP][PASSED] - M4_spin_reels = reels: null

2019-08-23 18:56:07 - [TEST_STEP][PASSED] - for ([i = 0, i &lt; M4_spin_reels.size(), (i++)]): null

2019-08-23 18:56:07 - [TEST_STEP][PASSED] - symbols = symbols: null

2019-08-23 18:56:07 - [TEST_STEP][PASSED] - for ([j = 0, j &lt; symbols.size(), (j++)]): null

2019-08-23 18:56:07 - [TEST_STEP][PASSED] - symbol = symbol: null

2019-08-23 18:56:07 - [TEST_STEP][PASSED] - println(symbol): null

2019-08-23 18:56:07 - [TEST_STEP][PASSED] - if (i == 2 &amp;&amp; wildList.indexOf(symbol) != -1): null

2019-08-23 18:56:07 - [TEST_STEP][PASSED] - if (i == 3 &amp;&amp; wildList.indexOf(symbol) != -1): null

2019-08-23 18:56:07 - [TEST_STEP][PASSED] - if (i == 4 &amp;&amp; wildList.indexOf(symbol) != -1): null

2019-08-23 18:56:07 - [TEST_STEP][PASSED] - symbol = symbol: null

2019-08-23 18:56:07 - [TEST_STEP][PASSED] - println(symbol): null

2019-08-23 18:56:07 - [TEST_STEP][PASSED] - if (i == 2 &amp;&amp; wildList.indexOf(symbol) != -1): null

2019-08-23 18:56:07 - [TEST_STEP][PASSED] - if (i == 3 &amp;&amp; wildList.indexOf(symbol) != -1): null

2019-08-23 18:56:07 - [TEST_STEP][PASSED] - if (i == 4 &amp;&amp; wildList.indexOf(symbol) != -1): null

2019-08-23 18:56:07 - [TEST_STEP][PASSED] - symbol = symbol: null

2019-08-23 18:56:07 - [TEST_STEP][PASSED] - println(symbol): null

2019-08-23 18:56:07 - [TEST_STEP][PASSED] - if (i == 2 &amp;&amp; wildList.indexOf(symbol) != -1): null

2019-08-23 18:56:07 - [TEST_STEP][PASSED] - if (i == 3 &amp;&amp; wildList.indexOf(symbol) != -1): null

2019-08-23 18:56:07 - [TEST_STEP][PASSED] - if (i == 4 &amp;&amp; wildList.indexOf(symbol) != -1): null

2019-08-23 18:56:07 - [TEST_STEP][PASSED] - symbols = symbols: null

2019-08-23 18:56:07 - [TEST_STEP][PASSED] - for ([j = 0, j &lt; symbols.size(), (j++)]): null

2019-08-23 18:56:07 - [TEST_STEP][PASSED] - symbol = symbol: null

2019-08-23 18:56:07 - [TEST_STEP][PASSED] - println(symbol): null

2019-08-23 18:56:07 - [TEST_STEP][PASSED] - if (i == 2 &amp;&amp; wildList.indexOf(symbol) != -1): null

2019-08-23 18:56:07 - [TEST_STEP][PASSED] - if (i == 3 &amp;&amp; wildList.indexOf(symbol) != -1): null

2019-08-23 18:56:07 - [TEST_STEP][PASSED] - if (i == 4 &amp;&amp; wildList.indexOf(symbol) != -1): null

2019-08-23 18:56:07 - [TEST_STEP][PASSED] - symbol = symbol: null

2019-08-23 18:56:07 - [TEST_STEP][PASSED] - println(symbol): null

2019-08-23 18:56:07 - [TEST_STEP][PASSED] - if (i == 2 &amp;&amp; wildList.indexOf(symbol) != -1): null

2019-08-23 18:56:07 - [TEST_STEP][PASSED] - if (i == 3 &amp;&amp; wildList.indexOf(symbol) != -1): null

2019-08-23 18:56:07 - [TEST_STEP][PASSED] - if (i == 4 &amp;&amp; wildList.indexOf(symbol) != -1): null

2019-08-23 18:56:07 - [TEST_STEP][PASSED] - symbol = symbol: null

2019-08-23 18:56:07 - [TEST_STEP][PASSED] - println(symbol): null

2019-08-23 18:56:07 - [TEST_STEP][PASSED] - if (i == 2 &amp;&amp; wildList.indexOf(symbol) != -1): null

2019-08-23 18:56:07 - [TEST_STEP][PASSED] - if (i == 3 &amp;&amp; wildList.indexOf(symbol) != -1): null

2019-08-23 18:56:07 - [TEST_STEP][PASSED] - if (i == 4 &amp;&amp; wildList.indexOf(symbol) != -1): null

2019-08-23 18:56:07 - [TEST_STEP][PASSED] - symbols = symbols: null

2019-08-23 18:56:07 - [TEST_STEP][PASSED] - for ([j = 0, j &lt; symbols.size(), (j++)]): null

2019-08-23 18:56:07 - [TEST_STEP][PASSED] - symbol = symbol: null

2019-08-23 18:56:07 - [TEST_STEP][PASSED] - println(symbol): null

2019-08-23 18:56:07 - [TEST_STEP][PASSED] - if (i == 2 &amp;&amp; wildList.indexOf(symbol) != -1): null

2019-08-23 18:56:07 - [TEST_STEP][PASSED] - if (i == 3 &amp;&amp; wildList.indexOf(symbol) != -1): null

2019-08-23 18:56:07 - [TEST_STEP][PASSED] - if (i == 4 &amp;&amp; wildList.indexOf(symbol) != -1): null

2019-08-23 18:56:07 - [TEST_STEP][PASSED] - symbol = symbol: null

2019-08-23 18:56:07 - [TEST_STEP][PASSED] - println(symbol): null

2019-08-23 18:56:07 - [TEST_STEP][PASSED] - if (i == 2 &amp;&amp; wildList.indexOf(symbol) != -1): null

2019-08-23 18:56:07 - [TEST_STEP][PASSED] - if (i == 3 &amp;&amp; wildList.indexOf(symbol) != -1): null

2019-08-23 18:56:07 - [TEST_STEP][PASSED] - if (i == 4 &amp;&amp; wildList.indexOf(symbol) != -1): null

2019-08-23 18:56:07 - [TEST_STEP][PASSED] - symbol = symbol: null

2019-08-23 18:56:07 - [TEST_STEP][PASSED] - println(symbol): null

2019-08-23 18:56:07 - [TEST_STEP][PASSED] - if (i == 2 &amp;&amp; wildList.indexOf(symbol) != -1): null

2019-08-23 18:56:07 - [TEST_STEP][PASSED] - if (i == 3 &amp;&amp; wildList.indexOf(symbol) != -1): null

2019-08-23 18:56:07 - [TEST_STEP][PASSED] - if (i == 4 &amp;&amp; wildList.indexOf(symbol) != -1): null

2019-08-23 18:56:07 - [TEST_STEP][PASSED] - symbols = symbols: null

2019-08-23 18:56:07 - [TEST_STEP][PASSED] - for ([j = 0, j &lt; symbols.size(), (j++)]): null

2019-08-23 18:56:07 - [TEST_STEP][PASSED] - symbol = symbol: null

2019-08-23 18:56:07 - [TEST_STEP][PASSED] - println(symbol): null

2019-08-23 18:56:07 - [TEST_STEP][PASSED] - if (i == 2 &amp;&amp; wildList.indexOf(symbol) != -1): null

2019-08-23 18:56:07 - [TEST_STEP][PASSED] - if (i == 3 &amp;&amp; wildList.indexOf(symbol) != -1): null

2019-08-23 18:56:07 - [TEST_STEP][PASSED] - println("wild found on reel 4, adding counter by 1"): null

2019-08-23 18:56:07 - [TEST_STEP][PASSED] - free_spin_reel_counter[1] = free_spin_reel_counter[1] + 1: null

2019-08-23 18:56:07 - [TEST_STEP][PASSED] - if (i == 4 &amp;&amp; wildList.indexOf(symbol) != -1): null

2019-08-23 18:56:07 - [TEST_STEP][PASSED] - symbol = symbol: null

2019-08-23 18:56:07 - [TEST_STEP][PASSED] - println(symbol): null

2019-08-23 18:56:07 - [TEST_STEP][PASSED] - if (i == 2 &amp;&amp; wildList.indexOf(symbol) != -1): null

2019-08-23 18:56:07 - [TEST_STEP][PASSED] - if (i == 3 &amp;&amp; wildList.indexOf(symbol) != -1): null

2019-08-23 18:56:07 - [TEST_STEP][PASSED] - if (i == 4 &amp;&amp; wildList.indexOf(symbol) != -1): null

2019-08-23 18:56:07 - [TEST_STEP][PASSED] - symbol = symbol: null

2019-08-23 18:56:07 - [TEST_STEP][PASSED] - println(symbol): null

2019-08-23 18:56:07 - [TEST_STEP][PASSED] - if (i == 2 &amp;&amp; wildList.indexOf(symbol) != -1): null

2019-08-23 18:56:09 - [TEST_STEP][PASSED] - if (i == 3 &amp;&amp; wildList.indexOf(symbol) != -1): null

2019-08-23 18:56:09 - [TEST_STEP][PASSED] - if (i == 4 &amp;&amp; wildList.indexOf(symbol) != -1): null

2019-08-23 18:56:09 - [TEST_STEP][PASSED] - symbols = symbols: null

2019-08-23 18:56:09 - [TEST_STEP][PASSED] - for ([j = 0, j &lt; symbols.size(), (j++)]): null

2019-08-23 18:56:09 - [TEST_STEP][PASSED] - symbol = symbol: null

2019-08-23 18:56:09 - [TEST_STEP][PASSED] - println(symbol): null

2019-08-23 18:56:09 - [TEST_STEP][PASSED] - if (i == 2 &amp;&amp; wildList.indexOf(symbol) != -1): null

2019-08-23 18:56:09 - [TEST_STEP][PASSED] - if (i == 3 &amp;&amp; wildList.indexOf(symbol) != -1): null

2019-08-23 18:56:09 - [TEST_STEP][PASSED] - if (i == 4 &amp;&amp; wildList.indexOf(symbol) != -1): null

2019-08-23 18:56:09 - [TEST_STEP][PASSED] - symbol = symbol: null

2019-08-23 18:56:09 - [TEST_STEP][PASSED] - println(symbol): null

2019-08-23 18:56:09 - [TEST_STEP][PASSED] - if (i == 2 &amp;&amp; wildList.indexOf(symbol) != -1): null

2019-08-23 18:56:09 - [TEST_STEP][PASSED] - if (i == 3 &amp;&amp; wildList.indexOf(symbol) != -1): null

2019-08-23 18:56:09 - [TEST_STEP][PASSED] - if (i == 4 &amp;&amp; wildList.indexOf(symbol) != -1): null

2019-08-23 18:56:09 - [TEST_STEP][PASSED] - symbol = symbol: null

2019-08-23 18:56:09 - [TEST_STEP][PASSED] - println(symbol): null

2019-08-23 18:56:09 - [TEST_STEP][PASSED] - if (i == 2 &amp;&amp; wildList.indexOf(symbol) != -1): null

2019-08-23 18:56:09 - [TEST_STEP][PASSED] - if (i == 3 &amp;&amp; wildList.indexOf(symbol) != -1): null

2019-08-23 18:56:09 - [TEST_STEP][PASSED] - if (i == 4 &amp;&amp; wildList.indexOf(symbol) != -1): null

2019-08-23 18:56:09 - [TEST_STEP][PASSED] - free_spin_reel_counter = free_spin_reel_counter: null

2019-08-23 18:56:09 - [TEST_STEP][PASSED] - println("reel 3 wild found: " + free_spin_reel_counter[0]): null

2019-08-23 18:56:09 - [TEST_STEP][PASSED] - println("reel 4 wild found: " + free_spin_reel_counter[1]): null

2019-08-23 18:56:09 - [TEST_STEP][PASSED] - println("reel 5 wild found: " + free_spin_reel_counter[2]): null

2019-08-23 18:56:09 - [TEST_STEP][PASSED] - M4_spin_reels = M4_spin_reels: null

2019-08-23 18:56:09 - [TEST_STEP][PASSED] - M4_spin_reels_symbols = symbol: null

2019-08-23 18:56:09 - [TEST_STEP][PASSED] - M4_spin_reels_symbols = M4_spin_reels_symbols: null

2019-08-23 18:56:09 - [TEST_STEP][PASSED] - M4_spin_reel_wins = reel_wins: null

2019-08-23 18:56:09 - [TEST_STEP][PASSED] - M4_spin_reel_wins = M4_spin_reel_wins: null

2019-08-23 18:56:09 - [TEST_STEP][PASSED] - println("GlobalVariable.M4_spin_reel_wins is: " + M4_spin_reel_wins): null

2019-08-23 18:56:09 - [TEST_STEP][PASSED] - M4_spin_total_bonus_win_this_round = total_bonus_win_this_round: null

2019-08-23 18:56:09 - [TEST_STEP][PASSED] - M4_spin_total_bonus_win_this_round = M4_spin_total_bonus_win_this_round: null

2019-08-23 18:56:09 - [TEST_STEP][PASSED] - println("GlobalVariable.M4_spin_total_bonus_win_this_round is: " + M4_spin_total_bonus_win_this_round): null

2019-08-23 18:56:09 - [TEST_STEP][PASSED] - M4_spin_bonus_spin_result = spin_result: null

2019-08-23 18:56:09 - [TEST_STEP][PASSED] - M4_spin_bonus_spin_result = M4_spin_bonus_spin_result: null

2019-08-23 18:56:09 - [MESSAGE][PASSED] - Verify response successfully

2019-08-23 18:56:09 - [MESSAGE][PASSED] - Send request and verify the response successfully

2019-08-23 18:56:09 - [TEST_STEP][PASSED] - if (free_spin_reel_counter[0] &gt;= 1 &amp;&amp; free_spin_reel_counter[1] &gt;= 1 &amp;&amp; free_spin_reel_counter[2] &gt;= 1): null

2019-08-23 18:56:09 - [TEST_STEP][PASSED] - spin_result = sendRequestAndVerify(findTestObject("INT/RGS(M4)/1_M4_spin", ["M4_login_user_id":M4_login_user_id, "rgs_session_token":rgs_session_token, "partner":Partner])): Send request and verify the response successfully

2019-08-23 18:56:10 - [MESSAGE][INFO] - HAR: /Users/eiralee/Katalon_Script/SuperWild/Reports/20190823_184757/INT/superWild_1/20190823_184757/requests/main/204.har

2019-08-23 18:56:10 - [TEST_CASE][PASSED] - Start Test Case : Verification: Verification accomplished successfully

2019-08-23 18:56:10 - [TEST_STEP][PASSED] - request = getInstance().getCurrentRequest(): null

2019-08-23 18:56:10 - [TEST_STEP][PASSED] - response = getInstance().getCurrentResponse(): null

2019-08-23 18:56:10 - [TEST_STEP][PASSED] - verifyResponseStatusCode(response, 200): Verify response status code successfully

2019-08-23 18:56:10 - [MESSAGE][PASSED] - Verify response status code successfully

2019-08-23 18:56:10 - [TEST_STEP][PASSED] - getStatusCode()).isEqualTo(200): null

2019-08-23 18:56:10 - [TEST_STEP][PASSED] - newline = System.getProperty("line.separator"): null

2019-08-23 18:56:10 - [TEST_STEP][PASSED] - M4_spin = new groovy.json.JsonSlurper(): null

2019-08-23 18:56:10 - [TEST_STEP][PASSED] - result_M4_spin = M4_spin.parseText(response.getResponseBodyContent()): null

2019-08-23 18:56:10 - [TEST_STEP][PASSED] - M4_spin_current_balance = current_balance: null

2019-08-23 18:56:10 - [TEST_STEP][PASSED] - M4_spin_current_balance = M4_spin_current_balance: null

2019-08-23 18:56:10 - [TEST_STEP][PASSED] - M4_spin_transaction_id = causality: null

2019-08-23 18:56:10 - [TEST_STEP][PASSED] - M4_spin_transaction_id = M4_spin_transaction_id: null

2019-08-23 18:56:10 - [TEST_STEP][PASSED] - M4_spin_round_id = round_id: null

2019-08-23 18:56:10 - [TEST_STEP][PASSED] - M4_spin_round_id = M4_spin_round_id: null

2019-08-23 18:56:10 - [TEST_STEP][PASSED] - M4_spin_line_wins = line_wins: null

2019-08-23 18:56:10 - [TEST_STEP][PASSED] - M4_spin_line_wins = M4_spin_line_wins: null

2019-08-23 18:56:10 - [TEST_STEP][PASSED] - M4_total_bonus_spins_int = total_bonus_spins: null

2019-08-23 18:56:10 - [TEST_STEP][PASSED] - println("******M4_total_bonus_spins type is:*******" + newline + getClass().getName()): null

2019-08-23 18:56:10 - [TEST_STEP][PASSED] - M4_total_bonus_spins_int = M4_total_bonus_spins_int: null

2019-08-23 18:56:10 - [TEST_STEP][PASSED] - M4_total_bonus_spins = Integer.toString(M4_total_bonus_spins_int): null

2019-08-23 18:56:10 - [TEST_STEP][PASSED] - M4_total_bonus_spins = M4_total_bonus_spins: null

2019-08-23 18:56:10 - [TEST_STEP][PASSED] - println("M4_total_bonus_spins is:" + M4_total_bonus_spins): null

2019-08-23 18:56:10 - [TEST_STEP][PASSED] - M4_spin_bonus_data = bonus_data: null

2019-08-23 18:56:10 - [TEST_STEP][PASSED] - M4_spin_features_triggered = result_M4_spin: null

2019-08-23 18:56:10 - [TEST_STEP][PASSED] - wild = []: null

2019-08-23 18:56:10 - [TEST_STEP][PASSED] - wild[0] = "WILD_Expanding": null

2019-08-23 18:56:10 - [TEST_STEP][PASSED] - wild[1] = "WILD_Normal": null

2019-08-23 18:56:10 - [TEST_STEP][PASSED] - wild[2] = "WILD_Double": null

2019-08-23 18:56:10 - [TEST_STEP][PASSED] - wild[3] = "WILD_ExtraFG": null

2019-08-23 18:56:10 - [TEST_STEP][PASSED] - wild[4] = "WILD_Triple": null

2019-08-23 18:56:10 - [TEST_STEP][PASSED] - wildList = Arrays.asList(wild): null

2019-08-23 18:56:10 - [TEST_STEP][PASSED] - wildList = wildList: null

2019-08-23 18:56:10 - [TEST_STEP][PASSED] - free_spin_reel_counter = []: null

2019-08-23 18:56:10 - [TEST_STEP][PASSED] - free_spin_reel_counter[0] = 0: null

2019-08-23 18:56:10 - [TEST_STEP][PASSED] - free_spin_reel_counter[1] = 0: null

2019-08-23 18:56:10 - [TEST_STEP][PASSED] - free_spin_reel_counter[2] = 0: null

2019-08-23 18:56:10 - [TEST_STEP][PASSED] - M4_spin_reels = reels: null

2019-08-23 18:56:10 - [TEST_STEP][PASSED] - for ([i = 0, i &lt; M4_spin_reels.size(), (i++)]): null

2019-08-23 18:56:10 - [TEST_STEP][PASSED] - symbols = symbols: null

2019-08-23 18:56:10 - [TEST_STEP][PASSED] - for ([j = 0, j &lt; symbols.size(), (j++)]): null

2019-08-23 18:56:10 - [TEST_STEP][PASSED] - symbol = symbol: null

2019-08-23 18:56:10 - [TEST_STEP][PASSED] - println(symbol): null

2019-08-23 18:56:10 - [TEST_STEP][PASSED] - if (i == 2 &amp;&amp; wildList.indexOf(symbol) != -1): null

2019-08-23 18:56:10 - [TEST_STEP][PASSED] - if (i == 3 &amp;&amp; wildList.indexOf(symbol) != -1): null

2019-08-23 18:56:10 - [TEST_STEP][PASSED] - if (i == 4 &amp;&amp; wildList.indexOf(symbol) != -1): null

2019-08-23 18:56:10 - [TEST_STEP][PASSED] - symbol = symbol: null

2019-08-23 18:56:10 - [TEST_STEP][PASSED] - println(symbol): null

2019-08-23 18:56:10 - [TEST_STEP][PASSED] - if (i == 2 &amp;&amp; wildList.indexOf(symbol) != -1): null

2019-08-23 18:56:10 - [TEST_STEP][PASSED] - if (i == 3 &amp;&amp; wildList.indexOf(symbol) != -1): null

2019-08-23 18:56:10 - [TEST_STEP][PASSED] - if (i == 4 &amp;&amp; wildList.indexOf(symbol) != -1): null

2019-08-23 18:56:10 - [TEST_STEP][PASSED] - symbol = symbol: null

2019-08-23 18:56:10 - [TEST_STEP][PASSED] - println(symbol): null

2019-08-23 18:56:10 - [TEST_STEP][PASSED] - if (i == 2 &amp;&amp; wildList.indexOf(symbol) != -1): null

2019-08-23 18:56:10 - [TEST_STEP][PASSED] - if (i == 3 &amp;&amp; wildList.indexOf(symbol) != -1): null

2019-08-23 18:56:10 - [TEST_STEP][PASSED] - if (i == 4 &amp;&amp; wildList.indexOf(symbol) != -1): null

2019-08-23 18:56:10 - [TEST_STEP][PASSED] - symbols = symbols: null

2019-08-23 18:56:10 - [TEST_STEP][PASSED] - for ([j = 0, j &lt; symbols.size(), (j++)]): null

2019-08-23 18:56:10 - [TEST_STEP][PASSED] - symbol = symbol: null

2019-08-23 18:56:10 - [TEST_STEP][PASSED] - println(symbol): null

2019-08-23 18:56:10 - [TEST_STEP][PASSED] - if (i == 2 &amp;&amp; wildList.indexOf(symbol) != -1): null

2019-08-23 18:56:10 - [TEST_STEP][PASSED] - if (i == 3 &amp;&amp; wildList.indexOf(symbol) != -1): null

2019-08-23 18:56:10 - [TEST_STEP][PASSED] - if (i == 4 &amp;&amp; wildList.indexOf(symbol) != -1): null

2019-08-23 18:56:10 - [TEST_STEP][PASSED] - symbol = symbol: null

2019-08-23 18:56:10 - [TEST_STEP][PASSED] - println(symbol): null

2019-08-23 18:56:10 - [TEST_STEP][PASSED] - if (i == 2 &amp;&amp; wildList.indexOf(symbol) != -1): null

2019-08-23 18:56:10 - [TEST_STEP][PASSED] - if (i == 3 &amp;&amp; wildList.indexOf(symbol) != -1): null

2019-08-23 18:56:10 - [TEST_STEP][PASSED] - if (i == 4 &amp;&amp; wildList.indexOf(symbol) != -1): null

2019-08-23 18:56:10 - [TEST_STEP][PASSED] - symbol = symbol: null

2019-08-23 18:56:10 - [TEST_STEP][PASSED] - println(symbol): null

2019-08-23 18:56:10 - [TEST_STEP][PASSED] - if (i == 2 &amp;&amp; wildList.indexOf(symbol) != -1): null

2019-08-23 18:56:10 - [TEST_STEP][PASSED] - if (i == 3 &amp;&amp; wildList.indexOf(symbol) != -1): null

2019-08-23 18:56:10 - [TEST_STEP][PASSED] - if (i == 4 &amp;&amp; wildList.indexOf(symbol) != -1): null

2019-08-23 18:56:10 - [TEST_STEP][PASSED] - symbols = symbols: null

2019-08-23 18:56:10 - [TEST_STEP][PASSED] - for ([j = 0, j &lt; symbols.size(), (j++)]): null

2019-08-23 18:56:10 - [TEST_STEP][PASSED] - symbol = symbol: null

2019-08-23 18:56:10 - [TEST_STEP][PASSED] - println(symbol): null

2019-08-23 18:56:10 - [TEST_STEP][PASSED] - if (i == 2 &amp;&amp; wildList.indexOf(symbol) != -1): null

2019-08-23 18:56:10 - [TEST_STEP][PASSED] - if (i == 3 &amp;&amp; wildList.indexOf(symbol) != -1): null

2019-08-23 18:56:10 - [TEST_STEP][PASSED] - if (i == 4 &amp;&amp; wildList.indexOf(symbol) != -1): null

2019-08-23 18:56:10 - [TEST_STEP][PASSED] - symbol = symbol: null

2019-08-23 18:56:10 - [TEST_STEP][PASSED] - println(symbol): null

2019-08-23 18:56:10 - [TEST_STEP][PASSED] - if (i == 2 &amp;&amp; wildList.indexOf(symbol) != -1): null

2019-08-23 18:56:10 - [TEST_STEP][PASSED] - if (i == 3 &amp;&amp; wildList.indexOf(symbol) != -1): null

2019-08-23 18:56:10 - [TEST_STEP][PASSED] - if (i == 4 &amp;&amp; wildList.indexOf(symbol) != -1): null

2019-08-23 18:56:10 - [TEST_STEP][PASSED] - symbol = symbol: null

2019-08-23 18:56:10 - [TEST_STEP][PASSED] - println(symbol): null

2019-08-23 18:56:10 - [TEST_STEP][PASSED] - if (i == 2 &amp;&amp; wildList.indexOf(symbol) != -1): null

2019-08-23 18:56:10 - [TEST_STEP][PASSED] - if (i == 3 &amp;&amp; wildList.indexOf(symbol) != -1): null

2019-08-23 18:56:10 - [TEST_STEP][PASSED] - if (i == 4 &amp;&amp; wildList.indexOf(symbol) != -1): null

2019-08-23 18:56:10 - [TEST_STEP][PASSED] - symbols = symbols: null

2019-08-23 18:56:10 - [TEST_STEP][PASSED] - for ([j = 0, j &lt; symbols.size(), (j++)]): null

2019-08-23 18:56:10 - [TEST_STEP][PASSED] - symbol = symbol: null

2019-08-23 18:56:10 - [TEST_STEP][PASSED] - println(symbol): null

2019-08-23 18:56:10 - [TEST_STEP][PASSED] - if (i == 2 &amp;&amp; wildList.indexOf(symbol) != -1): null

2019-08-23 18:56:10 - [TEST_STEP][PASSED] - if (i == 3 &amp;&amp; wildList.indexOf(symbol) != -1): null

2019-08-23 18:56:10 - [TEST_STEP][PASSED] - if (i == 4 &amp;&amp; wildList.indexOf(symbol) != -1): null

2019-08-23 18:56:10 - [TEST_STEP][PASSED] - symbol = symbol: null

2019-08-23 18:56:10 - [TEST_STEP][PASSED] - println(symbol): null

2019-08-23 18:56:10 - [TEST_STEP][PASSED] - if (i == 2 &amp;&amp; wildList.indexOf(symbol) != -1): null

2019-08-23 18:56:10 - [TEST_STEP][PASSED] - if (i == 3 &amp;&amp; wildList.indexOf(symbol) != -1): null

2019-08-23 18:56:10 - [TEST_STEP][PASSED] - if (i == 4 &amp;&amp; wildList.indexOf(symbol) != -1): null

2019-08-23 18:56:10 - [TEST_STEP][PASSED] - symbol = symbol: null

2019-08-23 18:56:10 - [TEST_STEP][PASSED] - println(symbol): null

2019-08-23 18:56:10 - [TEST_STEP][PASSED] - if (i == 2 &amp;&amp; wildList.indexOf(symbol) != -1): null

2019-08-23 18:56:10 - [TEST_STEP][PASSED] - if (i == 3 &amp;&amp; wildList.indexOf(symbol) != -1): null

2019-08-23 18:56:10 - [TEST_STEP][PASSED] - println("wild found on reel 4, adding counter by 1"): null

2019-08-23 18:56:10 - [TEST_STEP][PASSED] - free_spin_reel_counter[1] = free_spin_reel_counter[1] + 1: null

2019-08-23 18:56:10 - [TEST_STEP][PASSED] - if (i == 4 &amp;&amp; wildList.indexOf(symbol) != -1): null

2019-08-23 18:56:10 - [TEST_STEP][PASSED] - symbols = symbols: null

2019-08-23 18:56:10 - [TEST_STEP][PASSED] - for ([j = 0, j &lt; symbols.size(), (j++)]): null

2019-08-23 18:56:10 - [TEST_STEP][PASSED] - symbol = symbol: null

2019-08-23 18:56:10 - [TEST_STEP][PASSED] - println(symbol): null

2019-08-23 18:56:10 - [TEST_STEP][PASSED] - if (i == 2 &amp;&amp; wildList.indexOf(symbol) != -1): null

2019-08-23 18:56:10 - [TEST_STEP][PASSED] - if (i == 3 &amp;&amp; wildList.indexOf(symbol) != -1): null

2019-08-23 18:56:10 - [TEST_STEP][PASSED] - if (i == 4 &amp;&amp; wildList.indexOf(symbol) != -1): null

2019-08-23 18:56:10 - [TEST_STEP][PASSED] - symbol = symbol: null

2019-08-23 18:56:10 - [TEST_STEP][PASSED] - println(symbol): null

2019-08-23 18:56:10 - [TEST_STEP][PASSED] - if (i == 2 &amp;&amp; wildList.indexOf(symbol) != -1): null

2019-08-23 18:56:10 - [TEST_STEP][PASSED] - if (i == 3 &amp;&amp; wildList.indexOf(symbol) != -1): null

2019-08-23 18:56:10 - [TEST_STEP][PASSED] - if (i == 4 &amp;&amp; wildList.indexOf(symbol) != -1): null

2019-08-23 18:56:10 - [TEST_STEP][PASSED] - symbol = symbol: null

2019-08-23 18:56:10 - [TEST_STEP][PASSED] - println(symbol): null

2019-08-23 18:56:10 - [TEST_STEP][PASSED] - if (i == 2 &amp;&amp; wildList.indexOf(symbol) != -1): null

2019-08-23 18:56:10 - [TEST_STEP][PASSED] - if (i == 3 &amp;&amp; wildList.indexOf(symbol) != -1): null

2019-08-23 18:56:10 - [TEST_STEP][PASSED] - if (i == 4 &amp;&amp; wildList.indexOf(symbol) != -1): null

2019-08-23 18:56:10 - [TEST_STEP][PASSED] - free_spin_reel_counter = free_spin_reel_counter: null

2019-08-23 18:56:10 - [TEST_STEP][PASSED] - println("reel 3 wild found: " + free_spin_reel_counter[0]): null

2019-08-23 18:56:10 - [TEST_STEP][PASSED] - println("reel 4 wild found: " + free_spin_reel_counter[1]): null

2019-08-23 18:56:10 - [TEST_STEP][PASSED] - println("reel 5 wild found: " + free_spin_reel_counter[2]): null

2019-08-23 18:56:10 - [TEST_STEP][PASSED] - M4_spin_reels = M4_spin_reels: null

2019-08-23 18:56:10 - [TEST_STEP][PASSED] - M4_spin_reels_symbols = symbol: null

2019-08-23 18:56:10 - [TEST_STEP][PASSED] - M4_spin_reels_symbols = M4_spin_reels_symbols: null

2019-08-23 18:56:10 - [TEST_STEP][PASSED] - M4_spin_reel_wins = reel_wins: null

2019-08-23 18:56:10 - [TEST_STEP][PASSED] - M4_spin_reel_wins = M4_spin_reel_wins: null

2019-08-23 18:56:10 - [TEST_STEP][PASSED] - println("GlobalVariable.M4_spin_reel_wins is: " + M4_spin_reel_wins): null

2019-08-23 18:56:10 - [TEST_STEP][PASSED] - M4_spin_total_bonus_win_this_round = total_bonus_win_this_round: null

2019-08-23 18:56:10 - [TEST_STEP][PASSED] - M4_spin_total_bonus_win_this_round = M4_spin_total_bonus_win_this_round: null

2019-08-23 18:56:10 - [TEST_STEP][PASSED] - println("GlobalVariable.M4_spin_total_bonus_win_this_round is: " + M4_spin_total_bonus_win_this_round): null

2019-08-23 18:56:10 - [TEST_STEP][PASSED] - M4_spin_bonus_spin_result = spin_result: null

2019-08-23 18:56:10 - [TEST_STEP][PASSED] - M4_spin_bonus_spin_result = M4_spin_bonus_spin_result: null

2019-08-23 18:56:10 - [MESSAGE][PASSED] - Verify response successfully

2019-08-23 18:56:10 - [MESSAGE][PASSED] - Send request and verify the response successfully

2019-08-23 18:56:10 - [TEST_STEP][PASSED] - if (free_spin_reel_counter[0] &gt;= 1 &amp;&amp; free_spin_reel_counter[1] &gt;= 1 &amp;&amp; free_spin_reel_counter[2] &gt;= 1): null

2019-08-23 18:56:10 - [TEST_STEP][PASSED] - spin_result = sendRequestAndVerify(findTestObject("INT/RGS(M4)/1_M4_spin", ["M4_login_user_id":M4_login_user_id, "rgs_session_token":rgs_session_token, "partner":Partner])): Send request and verify the response successfully

2019-08-23 18:56:10 - [MESSAGE][INFO] - HAR: /Users/eiralee/Katalon_Script/SuperWild/Reports/20190823_184757/INT/superWild_1/20190823_184757/requests/main/205.har

2019-08-23 18:56:10 - [TEST_CASE][PASSED] - Start Test Case : Verification: Verification accomplished successfully

2019-08-23 18:56:10 - [TEST_STEP][PASSED] - request = getInstance().getCurrentRequest(): null

2019-08-23 18:56:11 - [TEST_STEP][PASSED] - response = getInstance().getCurrentResponse(): null

2019-08-23 18:56:11 - [TEST_STEP][PASSED] - verifyResponseStatusCode(response, 200): Verify response status code successfully

2019-08-23 18:56:11 - [MESSAGE][PASSED] - Verify response status code successfully

2019-08-23 18:56:11 - [TEST_STEP][PASSED] - getStatusCode()).isEqualTo(200): null

2019-08-23 18:56:11 - [TEST_STEP][PASSED] - newline = System.getProperty("line.separator"): null

2019-08-23 18:56:11 - [TEST_STEP][PASSED] - M4_spin = new groovy.json.JsonSlurper(): null

2019-08-23 18:56:11 - [TEST_STEP][PASSED] - result_M4_spin = M4_spin.parseText(response.getResponseBodyContent()): null

2019-08-23 18:56:11 - [TEST_STEP][PASSED] - M4_spin_current_balance = current_balance: null

2019-08-23 18:56:11 - [TEST_STEP][PASSED] - M4_spin_current_balance = M4_spin_current_balance: null

2019-08-23 18:56:11 - [TEST_STEP][PASSED] - M4_spin_transaction_id = causality: null

2019-08-23 18:56:11 - [TEST_STEP][PASSED] - M4_spin_transaction_id = M4_spin_transaction_id: null

2019-08-23 18:56:11 - [TEST_STEP][PASSED] - M4_spin_round_id = round_id: null

2019-08-23 18:56:11 - [TEST_STEP][PASSED] - M4_spin_round_id = M4_spin_round_id: null

2019-08-23 18:56:11 - [TEST_STEP][PASSED] - M4_spin_line_wins = line_wins: null

2019-08-23 18:56:11 - [TEST_STEP][PASSED] - M4_spin_line_wins = M4_spin_line_wins: null

2019-08-23 18:56:11 - [TEST_STEP][PASSED] - M4_total_bonus_spins_int = total_bonus_spins: null

2019-08-23 18:56:11 - [TEST_STEP][PASSED] - println("******M4_total_bonus_spins type is:*******" + newline + getClass().getName()): null

2019-08-23 18:56:11 - [TEST_STEP][PASSED] - M4_total_bonus_spins_int = M4_total_bonus_spins_int: null

2019-08-23 18:56:11 - [TEST_STEP][PASSED] - M4_total_bonus_spins = Integer.toString(M4_total_bonus_spins_int): null

2019-08-23 18:56:11 - [TEST_STEP][PASSED] - M4_total_bonus_spins = M4_total_bonus_spins: null

2019-08-23 18:56:11 - [TEST_STEP][PASSED] - println("M4_total_bonus_spins is:" + M4_total_bonus_spins): null

2019-08-23 18:56:11 - [TEST_STEP][PASSED] - M4_spin_bonus_data = bonus_data: null

2019-08-23 18:56:11 - [TEST_STEP][PASSED] - M4_spin_features_triggered = result_M4_spin: null

2019-08-23 18:56:11 - [TEST_STEP][PASSED] - wild = []: null

2019-08-23 18:56:11 - [TEST_STEP][PASSED] - wild[0] = "WILD_Expanding": null

2019-08-23 18:56:11 - [TEST_STEP][PASSED] - wild[1] = "WILD_Normal": null

2019-08-23 18:56:11 - [TEST_STEP][PASSED] - wild[2] = "WILD_Double": null

2019-08-23 18:56:11 - [TEST_STEP][PASSED] - wild[3] = "WILD_ExtraFG": null

2019-08-23 18:56:11 - [TEST_STEP][PASSED] - wild[4] = "WILD_Triple": null

2019-08-23 18:56:11 - [TEST_STEP][PASSED] - wildList = Arrays.asList(wild): null

2019-08-23 18:56:11 - [TEST_STEP][PASSED] - wildList = wildList: null

2019-08-23 18:56:11 - [TEST_STEP][PASSED] - free_spin_reel_counter = []: null

2019-08-23 18:56:11 - [TEST_STEP][PASSED] - free_spin_reel_counter[0] = 0: null

2019-08-23 18:56:11 - [TEST_STEP][PASSED] - free_spin_reel_counter[1] = 0: null

2019-08-23 18:56:11 - [TEST_STEP][PASSED] - free_spin_reel_counter[2] = 0: null

2019-08-23 18:56:11 - [TEST_STEP][PASSED] - M4_spin_reels = reels: null

2019-08-23 18:56:11 - [TEST_STEP][PASSED] - for ([i = 0, i &lt; M4_spin_reels.size(), (i++)]): null

2019-08-23 18:56:11 - [TEST_STEP][PASSED] - symbols = symbols: null

2019-08-23 18:56:11 - [TEST_STEP][PASSED] - for ([j = 0, j &lt; symbols.size(), (j++)]): null

2019-08-23 18:56:11 - [TEST_STEP][PASSED] - symbol = symbol: null

2019-08-23 18:56:11 - [TEST_STEP][PASSED] - println(symbol): null

2019-08-23 18:56:11 - [TEST_STEP][PASSED] - if (i == 2 &amp;&amp; wildList.indexOf(symbol) != -1): null

2019-08-23 18:56:11 - [TEST_STEP][PASSED] - if (i == 3 &amp;&amp; wildList.indexOf(symbol) != -1): null

2019-08-23 18:56:11 - [TEST_STEP][PASSED] - if (i == 4 &amp;&amp; wildList.indexOf(symbol) != -1): null

2019-08-23 18:56:11 - [TEST_STEP][PASSED] - symbol = symbol: null

2019-08-23 18:56:11 - [TEST_STEP][PASSED] - println(symbol): null

2019-08-23 18:56:11 - [TEST_STEP][PASSED] - if (i == 2 &amp;&amp; wildList.indexOf(symbol) != -1): null

2019-08-23 18:56:11 - [TEST_STEP][PASSED] - if (i == 3 &amp;&amp; wildList.indexOf(symbol) != -1): null

2019-08-23 18:56:11 - [TEST_STEP][PASSED] - if (i == 4 &amp;&amp; wildList.indexOf(symbol) != -1): null

2019-08-23 18:56:11 - [TEST_STEP][PASSED] - symbol = symbol: null

2019-08-23 18:56:11 - [TEST_STEP][PASSED] - println(symbol): null

2019-08-23 18:56:11 - [TEST_STEP][PASSED] - if (i == 2 &amp;&amp; wildList.indexOf(symbol) != -1): null

2019-08-23 18:56:11 - [TEST_STEP][PASSED] - if (i == 3 &amp;&amp; wildList.indexOf(symbol) != -1): null

2019-08-23 18:56:11 - [TEST_STEP][PASSED] - if (i == 4 &amp;&amp; wildList.indexOf(symbol) != -1): null

2019-08-23 18:56:11 - [TEST_STEP][PASSED] - symbols = symbols: null

2019-08-23 18:56:11 - [TEST_STEP][PASSED] - for ([j = 0, j &lt; symbols.size(), (j++)]): null

2019-08-23 18:56:11 - [TEST_STEP][PASSED] - symbol = symbol: null

2019-08-23 18:56:11 - [TEST_STEP][PASSED] - println(symbol): null

2019-08-23 18:56:11 - [TEST_STEP][PASSED] - if (i == 2 &amp;&amp; wildList.indexOf(symbol) != -1): null

2019-08-23 18:56:11 - [TEST_STEP][PASSED] - if (i == 3 &amp;&amp; wildList.indexOf(symbol) != -1): null

2019-08-23 18:56:11 - [TEST_STEP][PASSED] - if (i == 4 &amp;&amp; wildList.indexOf(symbol) != -1): null

2019-08-23 18:56:11 - [TEST_STEP][PASSED] - symbol = symbol: null

2019-08-23 18:56:11 - [TEST_STEP][PASSED] - println(symbol): null

2019-08-23 18:56:11 - [TEST_STEP][PASSED] - if (i == 2 &amp;&amp; wildList.indexOf(symbol) != -1): null

2019-08-23 18:56:11 - [TEST_STEP][PASSED] - if (i == 3 &amp;&amp; wildList.indexOf(symbol) != -1): null

2019-08-23 18:56:11 - [TEST_STEP][PASSED] - if (i == 4 &amp;&amp; wildList.indexOf(symbol) != -1): null

2019-08-23 18:56:11 - [TEST_STEP][PASSED] - symbol = symbol: null

2019-08-23 18:56:11 - [TEST_STEP][PASSED] - println(symbol): null

2019-08-23 18:56:11 - [TEST_STEP][PASSED] - if (i == 2 &amp;&amp; wildList.indexOf(symbol) != -1): null

2019-08-23 18:56:11 - [TEST_STEP][PASSED] - if (i == 3 &amp;&amp; wildList.indexOf(symbol) != -1): null

2019-08-23 18:56:11 - [TEST_STEP][PASSED] - if (i == 4 &amp;&amp; wildList.indexOf(symbol) != -1): null

2019-08-23 18:56:11 - [TEST_STEP][PASSED] - symbols = symbols: null

2019-08-23 18:56:11 - [TEST_STEP][PASSED] - for ([j = 0, j &lt; symbols.size(), (j++)]): null

2019-08-23 18:56:11 - [TEST_STEP][PASSED] - symbol = symbol: null

2019-08-23 18:56:11 - [TEST_STEP][PASSED] - println(symbol): null

2019-08-23 18:56:11 - [TEST_STEP][PASSED] - if (i == 2 &amp;&amp; wildList.indexOf(symbol) != -1): null

2019-08-23 18:56:11 - [TEST_STEP][PASSED] - if (i == 3 &amp;&amp; wildList.indexOf(symbol) != -1): null

2019-08-23 18:56:11 - [TEST_STEP][PASSED] - if (i == 4 &amp;&amp; wildList.indexOf(symbol) != -1): null

2019-08-23 18:56:11 - [TEST_STEP][PASSED] - symbol = symbol: null

2019-08-23 18:56:11 - [TEST_STEP][PASSED] - println(symbol): null

2019-08-23 18:56:11 - [TEST_STEP][PASSED] - if (i == 2 &amp;&amp; wildList.indexOf(symbol) != -1): null

2019-08-23 18:56:11 - [TEST_STEP][PASSED] - if (i == 3 &amp;&amp; wildList.indexOf(symbol) != -1): null

2019-08-23 18:56:11 - [TEST_STEP][PASSED] - if (i == 4 &amp;&amp; wildList.indexOf(symbol) != -1): null

2019-08-23 18:56:11 - [TEST_STEP][PASSED] - symbol = symbol: null

2019-08-23 18:56:11 - [TEST_STEP][PASSED] - println(symbol): null

2019-08-23 18:56:11 - [TEST_STEP][PASSED] - if (i == 2 &amp;&amp; wildList.indexOf(symbol) != -1): null

2019-08-23 18:56:11 - [TEST_STEP][PASSED] - if (i == 3 &amp;&amp; wildList.indexOf(symbol) != -1): null

2019-08-23 18:56:11 - [TEST_STEP][PASSED] - if (i == 4 &amp;&amp; wildList.indexOf(symbol) != -1): null

2019-08-23 18:56:11 - [TEST_STEP][PASSED] - symbols = symbols: null

2019-08-23 18:56:11 - [TEST_STEP][PASSED] - for ([j = 0, j &lt; symbols.size(), (j++)]): null

2019-08-23 18:56:11 - [TEST_STEP][PASSED] - symbol = symbol: null

2019-08-23 18:56:11 - [TEST_STEP][PASSED] - println(symbol): null

2019-08-23 18:56:11 - [TEST_STEP][PASSED] - if (i == 2 &amp;&amp; wildList.indexOf(symbol) != -1): null

2019-08-23 18:56:11 - [TEST_STEP][PASSED] - if (i == 3 &amp;&amp; wildList.indexOf(symbol) != -1): null

2019-08-23 18:56:11 - [TEST_STEP][PASSED] - if (i == 4 &amp;&amp; wildList.indexOf(symbol) != -1): null

2019-08-23 18:56:11 - [TEST_STEP][PASSED] - symbol = symbol: null

2019-08-23 18:56:11 - [TEST_STEP][PASSED] - println(symbol): null

2019-08-23 18:56:11 - [TEST_STEP][PASSED] - if (i == 2 &amp;&amp; wildList.indexOf(symbol) != -1): null

2019-08-23 18:56:11 - [TEST_STEP][PASSED] - if (i == 3 &amp;&amp; wildList.indexOf(symbol) != -1): null

2019-08-23 18:56:11 - [TEST_STEP][PASSED] - if (i == 4 &amp;&amp; wildList.indexOf(symbol) != -1): null

2019-08-23 18:56:11 - [TEST_STEP][PASSED] - symbol = symbol: null

2019-08-23 18:56:11 - [TEST_STEP][PASSED] - println(symbol): null

2019-08-23 18:56:11 - [TEST_STEP][PASSED] - if (i == 2 &amp;&amp; wildList.indexOf(symbol) != -1): null

2019-08-23 18:56:11 - [TEST_STEP][PASSED] - if (i == 3 &amp;&amp; wildList.indexOf(symbol) != -1): null

2019-08-23 18:56:11 - [TEST_STEP][PASSED] - if (i == 4 &amp;&amp; wildList.indexOf(symbol) != -1): null

2019-08-23 18:56:11 - [TEST_STEP][PASSED] - symbols = symbols: null

2019-08-23 18:56:11 - [TEST_STEP][PASSED] - for ([j = 0, j &lt; symbols.size(), (j++)]): null

2019-08-23 18:56:11 - [TEST_STEP][PASSED] - symbol = symbol: null

2019-08-23 18:56:11 - [TEST_STEP][PASSED] - println(symbol): null

2019-08-23 18:56:11 - [TEST_STEP][PASSED] - if (i == 2 &amp;&amp; wildList.indexOf(symbol) != -1): null

2019-08-23 18:56:11 - [TEST_STEP][PASSED] - if (i == 3 &amp;&amp; wildList.indexOf(symbol) != -1): null

2019-08-23 18:56:11 - [TEST_STEP][PASSED] - if (i == 4 &amp;&amp; wildList.indexOf(symbol) != -1): null

2019-08-23 18:56:11 - [TEST_STEP][PASSED] - symbol = symbol: null

2019-08-23 18:56:11 - [TEST_STEP][PASSED] - println(symbol): null

2019-08-23 18:56:11 - [TEST_STEP][PASSED] - if (i == 2 &amp;&amp; wildList.indexOf(symbol) != -1): null

2019-08-23 18:56:11 - [TEST_STEP][PASSED] - if (i == 3 &amp;&amp; wildList.indexOf(symbol) != -1): null

2019-08-23 18:56:11 - [TEST_STEP][PASSED] - if (i == 4 &amp;&amp; wildList.indexOf(symbol) != -1): null

2019-08-23 18:56:11 - [TEST_STEP][PASSED] - symbol = symbol: null

2019-08-23 18:56:11 - [TEST_STEP][PASSED] - println(symbol): null

2019-08-23 18:56:11 - [TEST_STEP][PASSED] - if (i == 2 &amp;&amp; wildList.indexOf(symbol) != -1): null

2019-08-23 18:56:11 - [TEST_STEP][PASSED] - if (i == 3 &amp;&amp; wildList.indexOf(symbol) != -1): null

2019-08-23 18:56:11 - [TEST_STEP][PASSED] - if (i == 4 &amp;&amp; wildList.indexOf(symbol) != -1): null

2019-08-23 18:56:11 - [TEST_STEP][PASSED] - free_spin_reel_counter = free_spin_reel_counter: null

2019-08-23 18:56:11 - [TEST_STEP][PASSED] - println("reel 3 wild found: " + free_spin_reel_counter[0]): null

2019-08-23 18:56:11 - [TEST_STEP][PASSED] - println("reel 4 wild found: " + free_spin_reel_counter[1]): null

2019-08-23 18:56:11 - [TEST_STEP][PASSED] - println("reel 5 wild found: " + free_spin_reel_counter[2]): null

2019-08-23 18:56:11 - [TEST_STEP][PASSED] - M4_spin_reels = M4_spin_reels: null

2019-08-23 18:56:11 - [TEST_STEP][PASSED] - M4_spin_reels_symbols = symbol: null

2019-08-23 18:56:11 - [TEST_STEP][PASSED] - M4_spin_reels_symbols = M4_spin_reels_symbols: null

2019-08-23 18:56:11 - [TEST_STEP][PASSED] - M4_spin_reel_wins = reel_wins: null

2019-08-23 18:56:11 - [TEST_STEP][PASSED] - M4_spin_reel_wins = M4_spin_reel_wins: null

2019-08-23 18:56:11 - [TEST_STEP][PASSED] - println("GlobalVariable.M4_spin_reel_wins is: " + M4_spin_reel_wins): null

2019-08-23 18:56:11 - [TEST_STEP][PASSED] - M4_spin_total_bonus_win_this_round = total_bonus_win_this_round: null

2019-08-23 18:56:11 - [TEST_STEP][PASSED] - M4_spin_total_bonus_win_this_round = M4_spin_total_bonus_win_this_round: null

2019-08-23 18:56:11 - [TEST_STEP][PASSED] - println("GlobalVariable.M4_spin_total_bonus_win_this_round is: " + M4_spin_total_bonus_win_this_round): null

2019-08-23 18:56:13 - [TEST_STEP][PASSED] - M4_spin_bonus_spin_result = spin_result: null

2019-08-23 18:56:13 - [TEST_STEP][PASSED] - M4_spin_bonus_spin_result = M4_spin_bonus_spin_result: null

2019-08-23 18:56:13 - [MESSAGE][PASSED] - Verify response successfully

2019-08-23 18:56:13 - [MESSAGE][PASSED] - Send request and verify the response successfully

2019-08-23 18:56:13 - [TEST_STEP][PASSED] - if (free_spin_reel_counter[0] &gt;= 1 &amp;&amp; free_spin_reel_counter[1] &gt;= 1 &amp;&amp; free_spin_reel_counter[2] &gt;= 1): null

2019-08-23 18:56:13 - [TEST_STEP][PASSED] - spin_result = sendRequestAndVerify(findTestObject("INT/RGS(M4)/1_M4_spin", ["M4_login_user_id":M4_login_user_id, "rgs_session_token":rgs_session_token, "partner":Partner])): Send request and verify the response successfully

2019-08-23 18:56:13 - [MESSAGE][INFO] - HAR: /Users/eiralee/Katalon_Script/SuperWild/Reports/20190823_184757/INT/superWild_1/20190823_184757/requests/main/206.har

2019-08-23 18:56:13 - [TEST_CASE][PASSED] - Start Test Case : Verification: Verification accomplished successfully

2019-08-23 18:56:13 - [TEST_STEP][PASSED] - request = getInstance().getCurrentRequest(): null

2019-08-23 18:56:13 - [TEST_STEP][PASSED] - response = getInstance().getCurrentResponse(): null

2019-08-23 18:56:13 - [TEST_STEP][PASSED] - verifyResponseStatusCode(response, 200): Verify response status code successfully

2019-08-23 18:56:13 - [MESSAGE][PASSED] - Verify response status code successfully

2019-08-23 18:56:13 - [TEST_STEP][PASSED] - getStatusCode()).isEqualTo(200): null

2019-08-23 18:56:13 - [TEST_STEP][PASSED] - newline = System.getProperty("line.separator"): null

2019-08-23 18:56:13 - [TEST_STEP][PASSED] - M4_spin = new groovy.json.JsonSlurper(): null

2019-08-23 18:56:13 - [TEST_STEP][PASSED] - result_M4_spin = M4_spin.parseText(response.getResponseBodyContent()): null

2019-08-23 18:56:13 - [TEST_STEP][PASSED] - M4_spin_current_balance = current_balance: null

2019-08-23 18:56:13 - [TEST_STEP][PASSED] - M4_spin_current_balance = M4_spin_current_balance: null

2019-08-23 18:56:13 - [TEST_STEP][PASSED] - M4_spin_transaction_id = causality: null

2019-08-23 18:56:13 - [TEST_STEP][PASSED] - M4_spin_transaction_id = M4_spin_transaction_id: null

2019-08-23 18:56:13 - [TEST_STEP][PASSED] - M4_spin_round_id = round_id: null

2019-08-23 18:56:13 - [TEST_STEP][PASSED] - M4_spin_round_id = M4_spin_round_id: null

2019-08-23 18:56:13 - [TEST_STEP][PASSED] - M4_spin_line_wins = line_wins: null

2019-08-23 18:56:13 - [TEST_STEP][PASSED] - M4_spin_line_wins = M4_spin_line_wins: null

2019-08-23 18:56:13 - [TEST_STEP][PASSED] - M4_total_bonus_spins_int = total_bonus_spins: null

2019-08-23 18:56:13 - [TEST_STEP][PASSED] - println("******M4_total_bonus_spins type is:*******" + newline + getClass().getName()): null

2019-08-23 18:56:13 - [TEST_STEP][PASSED] - M4_total_bonus_spins_int = M4_total_bonus_spins_int: null

2019-08-23 18:56:13 - [TEST_STEP][PASSED] - M4_total_bonus_spins = Integer.toString(M4_total_bonus_spins_int): null

2019-08-23 18:56:13 - [TEST_STEP][PASSED] - M4_total_bonus_spins = M4_total_bonus_spins: null

2019-08-23 18:56:13 - [TEST_STEP][PASSED] - println("M4_total_bonus_spins is:" + M4_total_bonus_spins): null

2019-08-23 18:56:13 - [TEST_STEP][PASSED] - M4_spin_bonus_data = bonus_data: null

2019-08-23 18:56:13 - [TEST_STEP][PASSED] - M4_spin_features_triggered = result_M4_spin: null

2019-08-23 18:56:13 - [TEST_STEP][PASSED] - wild = []: null

2019-08-23 18:56:13 - [TEST_STEP][PASSED] - wild[0] = "WILD_Expanding": null

2019-08-23 18:56:13 - [TEST_STEP][PASSED] - wild[1] = "WILD_Normal": null

2019-08-23 18:56:13 - [TEST_STEP][PASSED] - wild[2] = "WILD_Double": null

2019-08-23 18:56:13 - [TEST_STEP][PASSED] - wild[3] = "WILD_ExtraFG": null

2019-08-23 18:56:13 - [TEST_STEP][PASSED] - wild[4] = "WILD_Triple": null

2019-08-23 18:56:13 - [TEST_STEP][PASSED] - wildList = Arrays.asList(wild): null

2019-08-23 18:56:13 - [TEST_STEP][PASSED] - wildList = wildList: null

2019-08-23 18:56:13 - [TEST_STEP][PASSED] - free_spin_reel_counter = []: null

2019-08-23 18:56:13 - [TEST_STEP][PASSED] - free_spin_reel_counter[0] = 0: null

2019-08-23 18:56:13 - [TEST_STEP][PASSED] - free_spin_reel_counter[1] = 0: null

2019-08-23 18:56:13 - [TEST_STEP][PASSED] - free_spin_reel_counter[2] = 0: null

2019-08-23 18:56:13 - [TEST_STEP][PASSED] - M4_spin_reels = reels: null

2019-08-23 18:56:13 - [TEST_STEP][PASSED] - for ([i = 0, i &lt; M4_spin_reels.size(), (i++)]): null

2019-08-23 18:56:13 - [TEST_STEP][PASSED] - symbols = symbols: null

2019-08-23 18:56:13 - [TEST_STEP][PASSED] - for ([j = 0, j &lt; symbols.size(), (j++)]): null

2019-08-23 18:56:13 - [TEST_STEP][PASSED] - symbol = symbol: null

2019-08-23 18:56:13 - [TEST_STEP][PASSED] - println(symbol): null

2019-08-23 18:56:13 - [TEST_STEP][PASSED] - if (i == 2 &amp;&amp; wildList.indexOf(symbol) != -1): null

2019-08-23 18:56:13 - [TEST_STEP][PASSED] - if (i == 3 &amp;&amp; wildList.indexOf(symbol) != -1): null

2019-08-23 18:56:13 - [TEST_STEP][PASSED] - if (i == 4 &amp;&amp; wildList.indexOf(symbol) != -1): null

2019-08-23 18:56:13 - [TEST_STEP][PASSED] - symbol = symbol: null

2019-08-23 18:56:13 - [TEST_STEP][PASSED] - println(symbol): null

2019-08-23 18:56:13 - [TEST_STEP][PASSED] - if (i == 2 &amp;&amp; wildList.indexOf(symbol) != -1): null

2019-08-23 18:56:13 - [TEST_STEP][PASSED] - if (i == 3 &amp;&amp; wildList.indexOf(symbol) != -1): null

2019-08-23 18:56:13 - [TEST_STEP][PASSED] - if (i == 4 &amp;&amp; wildList.indexOf(symbol) != -1): null

2019-08-23 18:56:13 - [TEST_STEP][PASSED] - symbol = symbol: null

2019-08-23 18:56:13 - [TEST_STEP][PASSED] - println(symbol): null

2019-08-23 18:56:13 - [TEST_STEP][PASSED] - if (i == 2 &amp;&amp; wildList.indexOf(symbol) != -1): null

2019-08-23 18:56:13 - [TEST_STEP][PASSED] - if (i == 3 &amp;&amp; wildList.indexOf(symbol) != -1): null

2019-08-23 18:56:13 - [TEST_STEP][PASSED] - if (i == 4 &amp;&amp; wildList.indexOf(symbol) != -1): null

2019-08-23 18:56:13 - [TEST_STEP][PASSED] - symbols = symbols: null

2019-08-23 18:56:13 - [TEST_STEP][PASSED] - for ([j = 0, j &lt; symbols.size(), (j++)]): null

2019-08-23 18:56:13 - [TEST_STEP][PASSED] - symbol = symbol: null

2019-08-23 18:56:13 - [TEST_STEP][PASSED] - println(symbol): null

2019-08-23 18:56:13 - [TEST_STEP][PASSED] - if (i == 2 &amp;&amp; wildList.indexOf(symbol) != -1): null

2019-08-23 18:56:13 - [TEST_STEP][PASSED] - if (i == 3 &amp;&amp; wildList.indexOf(symbol) != -1): null

2019-08-23 18:56:13 - [TEST_STEP][PASSED] - if (i == 4 &amp;&amp; wildList.indexOf(symbol) != -1): null

2019-08-23 18:56:13 - [TEST_STEP][PASSED] - symbol = symbol: null

2019-08-23 18:56:13 - [TEST_STEP][PASSED] - println(symbol): null

2019-08-23 18:56:13 - [TEST_STEP][PASSED] - if (i == 2 &amp;&amp; wildList.indexOf(symbol) != -1): null

2019-08-23 18:56:13 - [TEST_STEP][PASSED] - if (i == 3 &amp;&amp; wildList.indexOf(symbol) != -1): null

2019-08-23 18:56:13 - [TEST_STEP][PASSED] - if (i == 4 &amp;&amp; wildList.indexOf(symbol) != -1): null

2019-08-23 18:56:13 - [TEST_STEP][PASSED] - symbol = symbol: null

2019-08-23 18:56:13 - [TEST_STEP][PASSED] - println(symbol): null

2019-08-23 18:56:13 - [TEST_STEP][PASSED] - if (i == 2 &amp;&amp; wildList.indexOf(symbol) != -1): null

2019-08-23 18:56:13 - [TEST_STEP][PASSED] - if (i == 3 &amp;&amp; wildList.indexOf(symbol) != -1): null

2019-08-23 18:56:13 - [TEST_STEP][PASSED] - if (i == 4 &amp;&amp; wildList.indexOf(symbol) != -1): null

2019-08-23 18:56:13 - [TEST_STEP][PASSED] - symbols = symbols: null

2019-08-23 18:56:13 - [TEST_STEP][PASSED] - for ([j = 0, j &lt; symbols.size(), (j++)]): null

2019-08-23 18:56:13 - [TEST_STEP][PASSED] - symbol = symbol: null

2019-08-23 18:56:13 - [TEST_STEP][PASSED] - println(symbol): null

2019-08-23 18:56:13 - [TEST_STEP][PASSED] - if (i == 2 &amp;&amp; wildList.indexOf(symbol) != -1): null

2019-08-23 18:56:13 - [TEST_STEP][PASSED] - if (i == 3 &amp;&amp; wildList.indexOf(symbol) != -1): null

2019-08-23 18:56:13 - [TEST_STEP][PASSED] - if (i == 4 &amp;&amp; wildList.indexOf(symbol) != -1): null

2019-08-23 18:56:13 - [TEST_STEP][PASSED] - symbol = symbol: null

2019-08-23 18:56:13 - [TEST_STEP][PASSED] - println(symbol): null

2019-08-23 18:56:13 - [TEST_STEP][PASSED] - if (i == 2 &amp;&amp; wildList.indexOf(symbol) != -1): null

2019-08-23 18:56:13 - [TEST_STEP][PASSED] - if (i == 3 &amp;&amp; wildList.indexOf(symbol) != -1): null

2019-08-23 18:56:13 - [TEST_STEP][PASSED] - if (i == 4 &amp;&amp; wildList.indexOf(symbol) != -1): null

2019-08-23 18:56:13 - [TEST_STEP][PASSED] - symbol = symbol: null

2019-08-23 18:56:13 - [TEST_STEP][PASSED] - println(symbol): null

2019-08-23 18:56:13 - [TEST_STEP][PASSED] - if (i == 2 &amp;&amp; wildList.indexOf(symbol) != -1): null

2019-08-23 18:56:13 - [TEST_STEP][PASSED] - if (i == 3 &amp;&amp; wildList.indexOf(symbol) != -1): null

2019-08-23 18:56:13 - [TEST_STEP][PASSED] - if (i == 4 &amp;&amp; wildList.indexOf(symbol) != -1): null

2019-08-23 18:56:13 - [TEST_STEP][PASSED] - symbols = symbols: null

2019-08-23 18:56:13 - [TEST_STEP][PASSED] - for ([j = 0, j &lt; symbols.size(), (j++)]): null

2019-08-23 18:56:13 - [TEST_STEP][PASSED] - symbol = symbol: null

2019-08-23 18:56:13 - [TEST_STEP][PASSED] - println(symbol): null

2019-08-23 18:56:13 - [TEST_STEP][PASSED] - if (i == 2 &amp;&amp; wildList.indexOf(symbol) != -1): null

2019-08-23 18:56:13 - [TEST_STEP][PASSED] - if (i == 3 &amp;&amp; wildList.indexOf(symbol) != -1): null

2019-08-23 18:56:13 - [TEST_STEP][PASSED] - if (i == 4 &amp;&amp; wildList.indexOf(symbol) != -1): null

2019-08-23 18:56:13 - [TEST_STEP][PASSED] - symbol = symbol: null

2019-08-23 18:56:13 - [TEST_STEP][PASSED] - println(symbol): null

2019-08-23 18:56:13 - [TEST_STEP][PASSED] - if (i == 2 &amp;&amp; wildList.indexOf(symbol) != -1): null

2019-08-23 18:56:13 - [TEST_STEP][PASSED] - if (i == 3 &amp;&amp; wildList.indexOf(symbol) != -1): null

2019-08-23 18:56:13 - [TEST_STEP][PASSED] - if (i == 4 &amp;&amp; wildList.indexOf(symbol) != -1): null

2019-08-23 18:56:13 - [TEST_STEP][PASSED] - symbol = symbol: null

2019-08-23 18:56:13 - [TEST_STEP][PASSED] - println(symbol): null

2019-08-23 18:56:13 - [TEST_STEP][PASSED] - if (i == 2 &amp;&amp; wildList.indexOf(symbol) != -1): null

2019-08-23 18:56:13 - [TEST_STEP][PASSED] - if (i == 3 &amp;&amp; wildList.indexOf(symbol) != -1): null

2019-08-23 18:56:13 - [TEST_STEP][PASSED] - if (i == 4 &amp;&amp; wildList.indexOf(symbol) != -1): null

2019-08-23 18:56:13 - [TEST_STEP][PASSED] - symbols = symbols: null

2019-08-23 18:56:13 - [TEST_STEP][PASSED] - for ([j = 0, j &lt; symbols.size(), (j++)]): null

2019-08-23 18:56:13 - [TEST_STEP][PASSED] - symbol = symbol: null

2019-08-23 18:56:13 - [TEST_STEP][PASSED] - println(symbol): null

2019-08-23 18:56:13 - [TEST_STEP][PASSED] - if (i == 2 &amp;&amp; wildList.indexOf(symbol) != -1): null

2019-08-23 18:56:13 - [TEST_STEP][PASSED] - if (i == 3 &amp;&amp; wildList.indexOf(symbol) != -1): null

2019-08-23 18:56:13 - [TEST_STEP][PASSED] - if (i == 4 &amp;&amp; wildList.indexOf(symbol) != -1): null

2019-08-23 18:56:13 - [TEST_STEP][PASSED] - symbol = symbol: null

2019-08-23 18:56:13 - [TEST_STEP][PASSED] - println(symbol): null

2019-08-23 18:56:13 - [TEST_STEP][PASSED] - if (i == 2 &amp;&amp; wildList.indexOf(symbol) != -1): null

2019-08-23 18:56:13 - [TEST_STEP][PASSED] - if (i == 3 &amp;&amp; wildList.indexOf(symbol) != -1): null

2019-08-23 18:56:13 - [TEST_STEP][PASSED] - if (i == 4 &amp;&amp; wildList.indexOf(symbol) != -1): null

2019-08-23 18:56:13 - [TEST_STEP][PASSED] - symbol = symbol: null

2019-08-23 18:56:13 - [TEST_STEP][PASSED] - println(symbol): null

2019-08-23 18:56:13 - [TEST_STEP][PASSED] - if (i == 2 &amp;&amp; wildList.indexOf(symbol) != -1): null

2019-08-23 18:56:13 - [TEST_STEP][PASSED] - if (i == 3 &amp;&amp; wildList.indexOf(symbol) != -1): null

2019-08-23 18:56:13 - [TEST_STEP][PASSED] - if (i == 4 &amp;&amp; wildList.indexOf(symbol) != -1): null

2019-08-23 18:56:13 - [TEST_STEP][PASSED] - free_spin_reel_counter = free_spin_reel_counter: null

2019-08-23 18:56:13 - [TEST_STEP][PASSED] - println("reel 3 wild found: " + free_spin_reel_counter[0]): null

2019-08-23 18:56:13 - [TEST_STEP][PASSED] - println("reel 4 wild found: " + free_spin_reel_counter[1]): null

2019-08-23 18:56:13 - [TEST_STEP][PASSED] - println("reel 5 wild found: " + free_spin_reel_counter[2]): null

2019-08-23 18:56:13 - [TEST_STEP][PASSED] - M4_spin_reels = M4_spin_reels: null

2019-08-23 18:56:13 - [TEST_STEP][PASSED] - M4_spin_reels_symbols = symbol: null

2019-08-23 18:56:13 - [TEST_STEP][PASSED] - M4_spin_reels_symbols = M4_spin_reels_symbols: null

2019-08-23 18:56:13 - [TEST_STEP][PASSED] - M4_spin_reel_wins = reel_wins: null

2019-08-23 18:56:13 - [TEST_STEP][PASSED] - M4_spin_reel_wins = M4_spin_reel_wins: null

2019-08-23 18:56:13 - [TEST_STEP][PASSED] - println("GlobalVariable.M4_spin_reel_wins is: " + M4_spin_reel_wins): null

2019-08-23 18:56:13 - [TEST_STEP][PASSED] - M4_spin_total_bonus_win_this_round = total_bonus_win_this_round: null

2019-08-23 18:56:13 - [TEST_STEP][PASSED] - M4_spin_total_bonus_win_this_round = M4_spin_total_bonus_win_this_round: null

2019-08-23 18:56:13 - [TEST_STEP][PASSED] - println("GlobalVariable.M4_spin_total_bonus_win_this_round is: " + M4_spin_total_bonus_win_this_round): null

2019-08-23 18:56:13 - [TEST_STEP][PASSED] - M4_spin_bonus_spin_result = spin_result: null

2019-08-23 18:56:13 - [TEST_STEP][PASSED] - M4_spin_bonus_spin_result = M4_spin_bonus_spin_result: null

2019-08-23 18:56:13 - [MESSAGE][PASSED] - Verify response successfully

2019-08-23 18:56:13 - [MESSAGE][PASSED] - Send request and verify the response successfully

2019-08-23 18:56:13 - [TEST_STEP][PASSED] - if (free_spin_reel_counter[0] &gt;= 1 &amp;&amp; free_spin_reel_counter[1] &gt;= 1 &amp;&amp; free_spin_reel_counter[2] &gt;= 1): null

2019-08-23 18:56:13 - [TEST_STEP][PASSED] - spin_result = sendRequestAndVerify(findTestObject("INT/RGS(M4)/1_M4_spin", ["M4_login_user_id":M4_login_user_id, "rgs_session_token":rgs_session_token, "partner":Partner])): Send request and verify the response successfully

2019-08-23 18:56:14 - [MESSAGE][INFO] - HAR: /Users/eiralee/Katalon_Script/SuperWild/Reports/20190823_184757/INT/superWild_1/20190823_184757/requests/main/207.har

2019-08-23 18:56:14 - [TEST_CASE][PASSED] - Start Test Case : Verification: Verification accomplished successfully

2019-08-23 18:56:14 - [TEST_STEP][PASSED] - request = getInstance().getCurrentRequest(): null

2019-08-23 18:56:14 - [TEST_STEP][PASSED] - response = getInstance().getCurrentResponse(): null

2019-08-23 18:56:14 - [TEST_STEP][PASSED] - verifyResponseStatusCode(response, 200): Verify response status code successfully

2019-08-23 18:56:14 - [MESSAGE][PASSED] - Verify response status code successfully

2019-08-23 18:56:14 - [TEST_STEP][PASSED] - getStatusCode()).isEqualTo(200): null

2019-08-23 18:56:14 - [TEST_STEP][PASSED] - newline = System.getProperty("line.separator"): null

2019-08-23 18:56:14 - [TEST_STEP][PASSED] - M4_spin = new groovy.json.JsonSlurper(): null

2019-08-23 18:56:14 - [TEST_STEP][PASSED] - result_M4_spin = M4_spin.parseText(response.getResponseBodyContent()): null

2019-08-23 18:56:14 - [TEST_STEP][PASSED] - M4_spin_current_balance = current_balance: null

2019-08-23 18:56:14 - [TEST_STEP][PASSED] - M4_spin_current_balance = M4_spin_current_balance: null

2019-08-23 18:56:14 - [TEST_STEP][PASSED] - M4_spin_transaction_id = causality: null

2019-08-23 18:56:14 - [TEST_STEP][PASSED] - M4_spin_transaction_id = M4_spin_transaction_id: null

2019-08-23 18:56:14 - [TEST_STEP][PASSED] - M4_spin_round_id = round_id: null

2019-08-23 18:56:14 - [TEST_STEP][PASSED] - M4_spin_round_id = M4_spin_round_id: null

2019-08-23 18:56:14 - [TEST_STEP][PASSED] - M4_spin_line_wins = line_wins: null

2019-08-23 18:56:14 - [TEST_STEP][PASSED] - M4_spin_line_wins = M4_spin_line_wins: null

2019-08-23 18:56:14 - [TEST_STEP][PASSED] - M4_total_bonus_spins_int = total_bonus_spins: null

2019-08-23 18:56:14 - [TEST_STEP][PASSED] - println("******M4_total_bonus_spins type is:*******" + newline + getClass().getName()): null

2019-08-23 18:56:14 - [TEST_STEP][PASSED] - M4_total_bonus_spins_int = M4_total_bonus_spins_int: null

2019-08-23 18:56:14 - [TEST_STEP][PASSED] - M4_total_bonus_spins = Integer.toString(M4_total_bonus_spins_int): null

2019-08-23 18:56:14 - [TEST_STEP][PASSED] - M4_total_bonus_spins = M4_total_bonus_spins: null

2019-08-23 18:56:14 - [TEST_STEP][PASSED] - println("M4_total_bonus_spins is:" + M4_total_bonus_spins): null

2019-08-23 18:56:14 - [TEST_STEP][PASSED] - M4_spin_bonus_data = bonus_data: null

2019-08-23 18:56:14 - [TEST_STEP][PASSED] - M4_spin_features_triggered = result_M4_spin: null

2019-08-23 18:56:14 - [TEST_STEP][PASSED] - wild = []: null

2019-08-23 18:56:14 - [TEST_STEP][PASSED] - wild[0] = "WILD_Expanding": null

2019-08-23 18:56:14 - [TEST_STEP][PASSED] - wild[1] = "WILD_Normal": null

2019-08-23 18:56:14 - [TEST_STEP][PASSED] - wild[2] = "WILD_Double": null

2019-08-23 18:56:14 - [TEST_STEP][PASSED] - wild[3] = "WILD_ExtraFG": null

2019-08-23 18:56:14 - [TEST_STEP][PASSED] - wild[4] = "WILD_Triple": null

2019-08-23 18:56:14 - [TEST_STEP][PASSED] - wildList = Arrays.asList(wild): null

2019-08-23 18:56:14 - [TEST_STEP][PASSED] - wildList = wildList: null

2019-08-23 18:56:14 - [TEST_STEP][PASSED] - free_spin_reel_counter = []: null

2019-08-23 18:56:14 - [TEST_STEP][PASSED] - free_spin_reel_counter[0] = 0: null

2019-08-23 18:56:14 - [TEST_STEP][PASSED] - free_spin_reel_counter[1] = 0: null

2019-08-23 18:56:14 - [TEST_STEP][PASSED] - free_spin_reel_counter[2] = 0: null

2019-08-23 18:56:14 - [TEST_STEP][PASSED] - M4_spin_reels = reels: null

2019-08-23 18:56:14 - [TEST_STEP][PASSED] - for ([i = 0, i &lt; M4_spin_reels.size(), (i++)]): null

2019-08-23 18:56:14 - [TEST_STEP][PASSED] - symbols = symbols: null

2019-08-23 18:56:14 - [TEST_STEP][PASSED] - for ([j = 0, j &lt; symbols.size(), (j++)]): null

2019-08-23 18:56:14 - [TEST_STEP][PASSED] - symbol = symbol: null

2019-08-23 18:56:14 - [TEST_STEP][PASSED] - println(symbol): null

2019-08-23 18:56:14 - [TEST_STEP][PASSED] - if (i == 2 &amp;&amp; wildList.indexOf(symbol) != -1): null

2019-08-23 18:56:14 - [TEST_STEP][PASSED] - if (i == 3 &amp;&amp; wildList.indexOf(symbol) != -1): null

2019-08-23 18:56:14 - [TEST_STEP][PASSED] - if (i == 4 &amp;&amp; wildList.indexOf(symbol) != -1): null

2019-08-23 18:56:14 - [TEST_STEP][PASSED] - symbol = symbol: null

2019-08-23 18:56:14 - [TEST_STEP][PASSED] - println(symbol): null

2019-08-23 18:56:14 - [TEST_STEP][PASSED] - if (i == 2 &amp;&amp; wildList.indexOf(symbol) != -1): null

2019-08-23 18:56:14 - [TEST_STEP][PASSED] - if (i == 3 &amp;&amp; wildList.indexOf(symbol) != -1): null

2019-08-23 18:56:14 - [TEST_STEP][PASSED] - if (i == 4 &amp;&amp; wildList.indexOf(symbol) != -1): null

2019-08-23 18:56:14 - [TEST_STEP][PASSED] - symbol = symbol: null

2019-08-23 18:56:14 - [TEST_STEP][PASSED] - println(symbol): null

2019-08-23 18:56:14 - [TEST_STEP][PASSED] - if (i == 2 &amp;&amp; wildList.indexOf(symbol) != -1): null

2019-08-23 18:56:14 - [TEST_STEP][PASSED] - if (i == 3 &amp;&amp; wildList.indexOf(symbol) != -1): null

2019-08-23 18:56:14 - [TEST_STEP][PASSED] - if (i == 4 &amp;&amp; wildList.indexOf(symbol) != -1): null

2019-08-23 18:56:14 - [TEST_STEP][PASSED] - symbols = symbols: null

2019-08-23 18:56:14 - [TEST_STEP][PASSED] - for ([j = 0, j &lt; symbols.size(), (j++)]): null

2019-08-23 18:56:14 - [TEST_STEP][PASSED] - symbol = symbol: null

2019-08-23 18:56:14 - [TEST_STEP][PASSED] - println(symbol): null

2019-08-23 18:56:14 - [TEST_STEP][PASSED] - if (i == 2 &amp;&amp; wildList.indexOf(symbol) != -1): null

2019-08-23 18:56:14 - [TEST_STEP][PASSED] - if (i == 3 &amp;&amp; wildList.indexOf(symbol) != -1): null

2019-08-23 18:56:14 - [TEST_STEP][PASSED] - if (i == 4 &amp;&amp; wildList.indexOf(symbol) != -1): null

2019-08-23 18:56:14 - [TEST_STEP][PASSED] - symbol = symbol: null

2019-08-23 18:56:14 - [TEST_STEP][PASSED] - println(symbol): null

2019-08-23 18:56:14 - [TEST_STEP][PASSED] - if (i == 2 &amp;&amp; wildList.indexOf(symbol) != -1): null

2019-08-23 18:56:14 - [TEST_STEP][PASSED] - if (i == 3 &amp;&amp; wildList.indexOf(symbol) != -1): null

2019-08-23 18:56:14 - [TEST_STEP][PASSED] - if (i == 4 &amp;&amp; wildList.indexOf(symbol) != -1): null

2019-08-23 18:56:14 - [TEST_STEP][PASSED] - symbol = symbol: null

2019-08-23 18:56:14 - [TEST_STEP][PASSED] - println(symbol): null

2019-08-23 18:56:14 - [TEST_STEP][PASSED] - if (i == 2 &amp;&amp; wildList.indexOf(symbol) != -1): null

2019-08-23 18:56:14 - [TEST_STEP][PASSED] - if (i == 3 &amp;&amp; wildList.indexOf(symbol) != -1): null

2019-08-23 18:56:14 - [TEST_STEP][PASSED] - if (i == 4 &amp;&amp; wildList.indexOf(symbol) != -1): null

2019-08-23 18:56:14 - [TEST_STEP][PASSED] - symbols = symbols: null

2019-08-23 18:56:14 - [TEST_STEP][PASSED] - for ([j = 0, j &lt; symbols.size(), (j++)]): null

2019-08-23 18:56:14 - [TEST_STEP][PASSED] - symbol = symbol: null

2019-08-23 18:56:14 - [TEST_STEP][PASSED] - println(symbol): null

2019-08-23 18:56:14 - [TEST_STEP][PASSED] - if (i == 2 &amp;&amp; wildList.indexOf(symbol) != -1): null

2019-08-23 18:56:14 - [TEST_STEP][PASSED] - if (i == 3 &amp;&amp; wildList.indexOf(symbol) != -1): null

2019-08-23 18:56:14 - [TEST_STEP][PASSED] - if (i == 4 &amp;&amp; wildList.indexOf(symbol) != -1): null

2019-08-23 18:56:14 - [TEST_STEP][PASSED] - symbol = symbol: null

2019-08-23 18:56:14 - [TEST_STEP][PASSED] - println(symbol): null

2019-08-23 18:56:14 - [TEST_STEP][PASSED] - if (i == 2 &amp;&amp; wildList.indexOf(symbol) != -1): null

2019-08-23 18:56:14 - [TEST_STEP][PASSED] - if (i == 3 &amp;&amp; wildList.indexOf(symbol) != -1): null

2019-08-23 18:56:14 - [TEST_STEP][PASSED] - if (i == 4 &amp;&amp; wildList.indexOf(symbol) != -1): null

2019-08-23 18:56:14 - [TEST_STEP][PASSED] - symbol = symbol: null

2019-08-23 18:56:14 - [TEST_STEP][PASSED] - println(symbol): null

2019-08-23 18:56:14 - [TEST_STEP][PASSED] - if (i == 2 &amp;&amp; wildList.indexOf(symbol) != -1): null

2019-08-23 18:56:14 - [TEST_STEP][PASSED] - if (i == 3 &amp;&amp; wildList.indexOf(symbol) != -1): null

2019-08-23 18:56:14 - [TEST_STEP][PASSED] - if (i == 4 &amp;&amp; wildList.indexOf(symbol) != -1): null

2019-08-23 18:56:14 - [TEST_STEP][PASSED] - symbols = symbols: null

2019-08-23 18:56:14 - [TEST_STEP][PASSED] - for ([j = 0, j &lt; symbols.size(), (j++)]): null

2019-08-23 18:56:14 - [TEST_STEP][PASSED] - symbol = symbol: null

2019-08-23 18:56:14 - [TEST_STEP][PASSED] - println(symbol): null

2019-08-23 18:56:14 - [TEST_STEP][PASSED] - if (i == 2 &amp;&amp; wildList.indexOf(symbol) != -1): null

2019-08-23 18:56:14 - [TEST_STEP][PASSED] - if (i == 3 &amp;&amp; wildList.indexOf(symbol) != -1): null

2019-08-23 18:56:14 - [TEST_STEP][PASSED] - if (i == 4 &amp;&amp; wildList.indexOf(symbol) != -1): null

2019-08-23 18:56:14 - [TEST_STEP][PASSED] - symbol = symbol: null

2019-08-23 18:56:14 - [TEST_STEP][PASSED] - println(symbol): null

2019-08-23 18:56:14 - [TEST_STEP][PASSED] - if (i == 2 &amp;&amp; wildList.indexOf(symbol) != -1): null

2019-08-23 18:56:14 - [TEST_STEP][PASSED] - if (i == 3 &amp;&amp; wildList.indexOf(symbol) != -1): null

2019-08-23 18:56:14 - [TEST_STEP][PASSED] - if (i == 4 &amp;&amp; wildList.indexOf(symbol) != -1): null

2019-08-23 18:56:14 - [TEST_STEP][PASSED] - symbol = symbol: null

2019-08-23 18:56:14 - [TEST_STEP][PASSED] - println(symbol): null

2019-08-23 18:56:14 - [TEST_STEP][PASSED] - if (i == 2 &amp;&amp; wildList.indexOf(symbol) != -1): null

2019-08-23 18:56:14 - [TEST_STEP][PASSED] - if (i == 3 &amp;&amp; wildList.indexOf(symbol) != -1): null

2019-08-23 18:56:14 - [TEST_STEP][PASSED] - if (i == 4 &amp;&amp; wildList.indexOf(symbol) != -1): null

2019-08-23 18:56:14 - [TEST_STEP][PASSED] - symbols = symbols: null

2019-08-23 18:56:14 - [TEST_STEP][PASSED] - for ([j = 0, j &lt; symbols.size(), (j++)]): null

2019-08-23 18:56:14 - [TEST_STEP][PASSED] - symbol = symbol: null

2019-08-23 18:56:14 - [TEST_STEP][PASSED] - println(symbol): null

2019-08-23 18:56:14 - [TEST_STEP][PASSED] - if (i == 2 &amp;&amp; wildList.indexOf(symbol) != -1): null

2019-08-23 18:56:14 - [TEST_STEP][PASSED] - if (i == 3 &amp;&amp; wildList.indexOf(symbol) != -1): null

2019-08-23 18:56:14 - [TEST_STEP][PASSED] - if (i == 4 &amp;&amp; wildList.indexOf(symbol) != -1): null

2019-08-23 18:56:14 - [TEST_STEP][PASSED] - symbol = symbol: null

2019-08-23 18:56:14 - [TEST_STEP][PASSED] - println(symbol): null

2019-08-23 18:56:14 - [TEST_STEP][PASSED] - if (i == 2 &amp;&amp; wildList.indexOf(symbol) != -1): null

2019-08-23 18:56:14 - [TEST_STEP][PASSED] - if (i == 3 &amp;&amp; wildList.indexOf(symbol) != -1): null

2019-08-23 18:56:14 - [TEST_STEP][PASSED] - if (i == 4 &amp;&amp; wildList.indexOf(symbol) != -1): null

2019-08-23 18:56:14 - [TEST_STEP][PASSED] - symbol = symbol: null

2019-08-23 18:56:14 - [TEST_STEP][PASSED] - println(symbol): null

2019-08-23 18:56:14 - [TEST_STEP][PASSED] - if (i == 2 &amp;&amp; wildList.indexOf(symbol) != -1): null

2019-08-23 18:56:14 - [TEST_STEP][PASSED] - if (i == 3 &amp;&amp; wildList.indexOf(symbol) != -1): null

2019-08-23 18:56:14 - [TEST_STEP][PASSED] - if (i == 4 &amp;&amp; wildList.indexOf(symbol) != -1): null

2019-08-23 18:56:14 - [TEST_STEP][PASSED] - free_spin_reel_counter = free_spin_reel_counter: null

2019-08-23 18:56:14 - [TEST_STEP][PASSED] - println("reel 3 wild found: " + free_spin_reel_counter[0]): null

2019-08-23 18:56:14 - [TEST_STEP][PASSED] - println("reel 4 wild found: " + free_spin_reel_counter[1]): null

2019-08-23 18:56:14 - [TEST_STEP][PASSED] - println("reel 5 wild found: " + free_spin_reel_counter[2]): null

2019-08-23 18:56:14 - [TEST_STEP][PASSED] - M4_spin_reels = M4_spin_reels: null

2019-08-23 18:56:14 - [TEST_STEP][PASSED] - M4_spin_reels_symbols = symbol: null

2019-08-23 18:56:14 - [TEST_STEP][PASSED] - M4_spin_reels_symbols = M4_spin_reels_symbols: null

2019-08-23 18:56:14 - [TEST_STEP][PASSED] - M4_spin_reel_wins = reel_wins: null

2019-08-23 18:56:14 - [TEST_STEP][PASSED] - M4_spin_reel_wins = M4_spin_reel_wins: null

2019-08-23 18:56:14 - [TEST_STEP][PASSED] - println("GlobalVariable.M4_spin_reel_wins is: " + M4_spin_reel_wins): null

2019-08-23 18:56:14 - [TEST_STEP][PASSED] - M4_spin_total_bonus_win_this_round = total_bonus_win_this_round: null

2019-08-23 18:56:14 - [TEST_STEP][PASSED] - M4_spin_total_bonus_win_this_round = M4_spin_total_bonus_win_this_round: null

2019-08-23 18:56:14 - [TEST_STEP][PASSED] - println("GlobalVariable.M4_spin_total_bonus_win_this_round is: " + M4_spin_total_bonus_win_this_round): null

2019-08-23 18:56:14 - [TEST_STEP][PASSED] - M4_spin_bonus_spin_result = spin_result: null

2019-08-23 18:56:14 - [TEST_STEP][PASSED] - M4_spin_bonus_spin_result = M4_spin_bonus_spin_result: null

2019-08-23 18:56:14 - [MESSAGE][PASSED] - Verify response successfully

2019-08-23 18:56:14 - [MESSAGE][PASSED] - Send request and verify the response successfully

2019-08-23 18:56:14 - [TEST_STEP][PASSED] - if (free_spin_reel_counter[0] &gt;= 1 &amp;&amp; free_spin_reel_counter[1] &gt;= 1 &amp;&amp; free_spin_reel_counter[2] &gt;= 1): null

2019-08-23 18:56:14 - [TEST_STEP][PASSED] - spin_result = sendRequestAndVerify(findTestObject("INT/RGS(M4)/1_M4_spin", ["M4_login_user_id":M4_login_user_id, "rgs_session_token":rgs_session_token, "partner":Partner])): Send request and verify the response successfully

2019-08-23 18:56:14 - [MESSAGE][INFO] - HAR: /Users/eiralee/Katalon_Script/SuperWild/Reports/20190823_184757/INT/superWild_1/20190823_184757/requests/main/208.har

2019-08-23 18:56:14 - [TEST_CASE][PASSED] - Start Test Case : Verification: Verification accomplished successfully

2019-08-23 18:56:14 - [TEST_STEP][PASSED] - request = getInstance().getCurrentRequest(): null

2019-08-23 18:56:14 - [TEST_STEP][PASSED] - response = getInstance().getCurrentResponse(): null

2019-08-23 18:56:14 - [TEST_STEP][PASSED] - verifyResponseStatusCode(response, 200): Verify response status code successfully

2019-08-23 18:56:14 - [MESSAGE][PASSED] - Verify response status code successfully

2019-08-23 18:56:14 - [TEST_STEP][PASSED] - getStatusCode()).isEqualTo(200): null

2019-08-23 18:56:14 - [TEST_STEP][PASSED] - newline = System.getProperty("line.separator"): null

2019-08-23 18:56:14 - [TEST_STEP][PASSED] - M4_spin = new groovy.json.JsonSlurper(): null

2019-08-23 18:56:14 - [TEST_STEP][PASSED] - result_M4_spin = M4_spin.parseText(response.getResponseBodyContent()): null

2019-08-23 18:56:14 - [TEST_STEP][PASSED] - M4_spin_current_balance = current_balance: null

2019-08-23 18:56:14 - [TEST_STEP][PASSED] - M4_spin_current_balance = M4_spin_current_balance: null

2019-08-23 18:56:14 - [TEST_STEP][PASSED] - M4_spin_transaction_id = causality: null

2019-08-23 18:56:14 - [TEST_STEP][PASSED] - M4_spin_transaction_id = M4_spin_transaction_id: null

2019-08-23 18:56:14 - [TEST_STEP][PASSED] - M4_spin_round_id = round_id: null

2019-08-23 18:56:14 - [TEST_STEP][PASSED] - M4_spin_round_id = M4_spin_round_id: null

2019-08-23 18:56:14 - [TEST_STEP][PASSED] - M4_spin_line_wins = line_wins: null

2019-08-23 18:56:14 - [TEST_STEP][PASSED] - M4_spin_line_wins = M4_spin_line_wins: null

2019-08-23 18:56:14 - [TEST_STEP][PASSED] - M4_total_bonus_spins_int = total_bonus_spins: null

2019-08-23 18:56:14 - [TEST_STEP][PASSED] - println("******M4_total_bonus_spins type is:*******" + newline + getClass().getName()): null

2019-08-23 18:56:14 - [TEST_STEP][PASSED] - M4_total_bonus_spins_int = M4_total_bonus_spins_int: null

2019-08-23 18:56:14 - [TEST_STEP][PASSED] - M4_total_bonus_spins = Integer.toString(M4_total_bonus_spins_int): null

2019-08-23 18:56:14 - [TEST_STEP][PASSED] - M4_total_bonus_spins = M4_total_bonus_spins: null

2019-08-23 18:56:14 - [TEST_STEP][PASSED] - println("M4_total_bonus_spins is:" + M4_total_bonus_spins): null

2019-08-23 18:56:14 - [TEST_STEP][PASSED] - M4_spin_bonus_data = bonus_data: null

2019-08-23 18:56:14 - [TEST_STEP][PASSED] - M4_spin_features_triggered = result_M4_spin: null

2019-08-23 18:56:14 - [TEST_STEP][PASSED] - wild = []: null

2019-08-23 18:56:14 - [TEST_STEP][PASSED] - wild[0] = "WILD_Expanding": null

2019-08-23 18:56:14 - [TEST_STEP][PASSED] - wild[1] = "WILD_Normal": null

2019-08-23 18:56:14 - [TEST_STEP][PASSED] - wild[2] = "WILD_Double": null

2019-08-23 18:56:14 - [TEST_STEP][PASSED] - wild[3] = "WILD_ExtraFG": null

2019-08-23 18:56:16 - [TEST_STEP][PASSED] - wild[4] = "WILD_Triple": null

2019-08-23 18:56:16 - [TEST_STEP][PASSED] - wildList = Arrays.asList(wild): null

2019-08-23 18:56:16 - [TEST_STEP][PASSED] - wildList = wildList: null

2019-08-23 18:56:16 - [TEST_STEP][PASSED] - free_spin_reel_counter = []: null

2019-08-23 18:56:16 - [TEST_STEP][PASSED] - free_spin_reel_counter[0] = 0: null

2019-08-23 18:56:16 - [TEST_STEP][PASSED] - free_spin_reel_counter[1] = 0: null

2019-08-23 18:56:16 - [TEST_STEP][PASSED] - free_spin_reel_counter[2] = 0: null

2019-08-23 18:56:16 - [TEST_STEP][PASSED] - M4_spin_reels = reels: null

2019-08-23 18:56:16 - [TEST_STEP][PASSED] - for ([i = 0, i &lt; M4_spin_reels.size(), (i++)]): null

2019-08-23 18:56:16 - [TEST_STEP][PASSED] - symbols = symbols: null

2019-08-23 18:56:16 - [TEST_STEP][PASSED] - for ([j = 0, j &lt; symbols.size(), (j++)]): null

2019-08-23 18:56:16 - [TEST_STEP][PASSED] - symbol = symbol: null

2019-08-23 18:56:16 - [TEST_STEP][PASSED] - println(symbol): null

2019-08-23 18:56:16 - [TEST_STEP][PASSED] - if (i == 2 &amp;&amp; wildList.indexOf(symbol) != -1): null

2019-08-23 18:56:16 - [TEST_STEP][PASSED] - if (i == 3 &amp;&amp; wildList.indexOf(symbol) != -1): null

2019-08-23 18:56:16 - [TEST_STEP][PASSED] - if (i == 4 &amp;&amp; wildList.indexOf(symbol) != -1): null

2019-08-23 18:56:16 - [TEST_STEP][PASSED] - symbol = symbol: null

2019-08-23 18:56:16 - [TEST_STEP][PASSED] - println(symbol): null

2019-08-23 18:56:16 - [TEST_STEP][PASSED] - if (i == 2 &amp;&amp; wildList.indexOf(symbol) != -1): null

2019-08-23 18:56:16 - [TEST_STEP][PASSED] - if (i == 3 &amp;&amp; wildList.indexOf(symbol) != -1): null

2019-08-23 18:56:16 - [TEST_STEP][PASSED] - if (i == 4 &amp;&amp; wildList.indexOf(symbol) != -1): null

2019-08-23 18:56:16 - [TEST_STEP][PASSED] - symbol = symbol: null

2019-08-23 18:56:16 - [TEST_STEP][PASSED] - println(symbol): null

2019-08-23 18:56:16 - [TEST_STEP][PASSED] - if (i == 2 &amp;&amp; wildList.indexOf(symbol) != -1): null

2019-08-23 18:56:16 - [TEST_STEP][PASSED] - if (i == 3 &amp;&amp; wildList.indexOf(symbol) != -1): null

2019-08-23 18:56:16 - [TEST_STEP][PASSED] - if (i == 4 &amp;&amp; wildList.indexOf(symbol) != -1): null

2019-08-23 18:56:16 - [TEST_STEP][PASSED] - symbols = symbols: null

2019-08-23 18:56:16 - [TEST_STEP][PASSED] - for ([j = 0, j &lt; symbols.size(), (j++)]): null

2019-08-23 18:56:16 - [TEST_STEP][PASSED] - symbol = symbol: null

2019-08-23 18:56:16 - [TEST_STEP][PASSED] - println(symbol): null

2019-08-23 18:56:16 - [TEST_STEP][PASSED] - if (i == 2 &amp;&amp; wildList.indexOf(symbol) != -1): null

2019-08-23 18:56:16 - [TEST_STEP][PASSED] - if (i == 3 &amp;&amp; wildList.indexOf(symbol) != -1): null

2019-08-23 18:56:16 - [TEST_STEP][PASSED] - if (i == 4 &amp;&amp; wildList.indexOf(symbol) != -1): null

2019-08-23 18:56:16 - [TEST_STEP][PASSED] - symbol = symbol: null

2019-08-23 18:56:16 - [TEST_STEP][PASSED] - println(symbol): null

2019-08-23 18:56:16 - [TEST_STEP][PASSED] - if (i == 2 &amp;&amp; wildList.indexOf(symbol) != -1): null

2019-08-23 18:56:16 - [TEST_STEP][PASSED] - if (i == 3 &amp;&amp; wildList.indexOf(symbol) != -1): null

2019-08-23 18:56:16 - [TEST_STEP][PASSED] - if (i == 4 &amp;&amp; wildList.indexOf(symbol) != -1): null

2019-08-23 18:56:16 - [TEST_STEP][PASSED] - symbol = symbol: null

2019-08-23 18:56:16 - [TEST_STEP][PASSED] - println(symbol): null

2019-08-23 18:56:16 - [TEST_STEP][PASSED] - if (i == 2 &amp;&amp; wildList.indexOf(symbol) != -1): null

2019-08-23 18:56:16 - [TEST_STEP][PASSED] - if (i == 3 &amp;&amp; wildList.indexOf(symbol) != -1): null

2019-08-23 18:56:16 - [TEST_STEP][PASSED] - if (i == 4 &amp;&amp; wildList.indexOf(symbol) != -1): null

2019-08-23 18:56:16 - [TEST_STEP][PASSED] - symbols = symbols: null

2019-08-23 18:56:16 - [TEST_STEP][PASSED] - for ([j = 0, j &lt; symbols.size(), (j++)]): null

2019-08-23 18:56:16 - [TEST_STEP][PASSED] - symbol = symbol: null

2019-08-23 18:56:16 - [TEST_STEP][PASSED] - println(symbol): null

2019-08-23 18:56:16 - [TEST_STEP][PASSED] - if (i == 2 &amp;&amp; wildList.indexOf(symbol) != -1): null

2019-08-23 18:56:16 - [TEST_STEP][PASSED] - if (i == 3 &amp;&amp; wildList.indexOf(symbol) != -1): null

2019-08-23 18:56:16 - [TEST_STEP][PASSED] - if (i == 4 &amp;&amp; wildList.indexOf(symbol) != -1): null

2019-08-23 18:56:16 - [TEST_STEP][PASSED] - symbol = symbol: null

2019-08-23 18:56:16 - [TEST_STEP][PASSED] - println(symbol): null

2019-08-23 18:56:16 - [TEST_STEP][PASSED] - if (i == 2 &amp;&amp; wildList.indexOf(symbol) != -1): null

2019-08-23 18:56:16 - [TEST_STEP][PASSED] - if (i == 3 &amp;&amp; wildList.indexOf(symbol) != -1): null

2019-08-23 18:56:16 - [TEST_STEP][PASSED] - if (i == 4 &amp;&amp; wildList.indexOf(symbol) != -1): null

2019-08-23 18:56:16 - [TEST_STEP][PASSED] - symbol = symbol: null

2019-08-23 18:56:16 - [TEST_STEP][PASSED] - println(symbol): null

2019-08-23 18:56:16 - [TEST_STEP][PASSED] - if (i == 2 &amp;&amp; wildList.indexOf(symbol) != -1): null

2019-08-23 18:56:16 - [TEST_STEP][PASSED] - if (i == 3 &amp;&amp; wildList.indexOf(symbol) != -1): null

2019-08-23 18:56:16 - [TEST_STEP][PASSED] - if (i == 4 &amp;&amp; wildList.indexOf(symbol) != -1): null

2019-08-23 18:56:16 - [TEST_STEP][PASSED] - symbols = symbols: null

2019-08-23 18:56:16 - [TEST_STEP][PASSED] - for ([j = 0, j &lt; symbols.size(), (j++)]): null

2019-08-23 18:56:16 - [TEST_STEP][PASSED] - symbol = symbol: null

2019-08-23 18:56:16 - [TEST_STEP][PASSED] - println(symbol): null

2019-08-23 18:56:16 - [TEST_STEP][PASSED] - if (i == 2 &amp;&amp; wildList.indexOf(symbol) != -1): null

2019-08-23 18:56:16 - [TEST_STEP][PASSED] - if (i == 3 &amp;&amp; wildList.indexOf(symbol) != -1): null

2019-08-23 18:56:16 - [TEST_STEP][PASSED] - println("wild found on reel 4, adding counter by 1"): null

2019-08-23 18:56:16 - [TEST_STEP][PASSED] - free_spin_reel_counter[1] = free_spin_reel_counter[1] + 1: null

2019-08-23 18:56:16 - [TEST_STEP][PASSED] - if (i == 4 &amp;&amp; wildList.indexOf(symbol) != -1): null

2019-08-23 18:56:16 - [TEST_STEP][PASSED] - symbol = symbol: null

2019-08-23 18:56:16 - [TEST_STEP][PASSED] - println(symbol): null

2019-08-23 18:56:16 - [TEST_STEP][PASSED] - if (i == 2 &amp;&amp; wildList.indexOf(symbol) != -1): null

2019-08-23 18:56:16 - [TEST_STEP][PASSED] - if (i == 3 &amp;&amp; wildList.indexOf(symbol) != -1): null

2019-08-23 18:56:16 - [TEST_STEP][PASSED] - if (i == 4 &amp;&amp; wildList.indexOf(symbol) != -1): null

2019-08-23 18:56:16 - [TEST_STEP][PASSED] - symbol = symbol: null

2019-08-23 18:56:16 - [TEST_STEP][PASSED] - println(symbol): null

2019-08-23 18:56:16 - [TEST_STEP][PASSED] - if (i == 2 &amp;&amp; wildList.indexOf(symbol) != -1): null

2019-08-23 18:56:16 - [TEST_STEP][PASSED] - if (i == 3 &amp;&amp; wildList.indexOf(symbol) != -1): null

2019-08-23 18:56:16 - [TEST_STEP][PASSED] - if (i == 4 &amp;&amp; wildList.indexOf(symbol) != -1): null

2019-08-23 18:56:16 - [TEST_STEP][PASSED] - symbols = symbols: null

2019-08-23 18:56:16 - [TEST_STEP][PASSED] - for ([j = 0, j &lt; symbols.size(), (j++)]): null

2019-08-23 18:56:16 - [TEST_STEP][PASSED] - symbol = symbol: null

2019-08-23 18:56:16 - [TEST_STEP][PASSED] - println(symbol): null

2019-08-23 18:56:16 - [TEST_STEP][PASSED] - if (i == 2 &amp;&amp; wildList.indexOf(symbol) != -1): null

2019-08-23 18:56:16 - [TEST_STEP][PASSED] - if (i == 3 &amp;&amp; wildList.indexOf(symbol) != -1): null

2019-08-23 18:56:16 - [TEST_STEP][PASSED] - if (i == 4 &amp;&amp; wildList.indexOf(symbol) != -1): null

2019-08-23 18:56:16 - [TEST_STEP][PASSED] - symbol = symbol: null

2019-08-23 18:56:16 - [TEST_STEP][PASSED] - println(symbol): null

2019-08-23 18:56:16 - [TEST_STEP][PASSED] - if (i == 2 &amp;&amp; wildList.indexOf(symbol) != -1): null

2019-08-23 18:56:16 - [TEST_STEP][PASSED] - if (i == 3 &amp;&amp; wildList.indexOf(symbol) != -1): null

2019-08-23 18:56:16 - [TEST_STEP][PASSED] - if (i == 4 &amp;&amp; wildList.indexOf(symbol) != -1): null

2019-08-23 18:56:16 - [TEST_STEP][PASSED] - symbol = symbol: null

2019-08-23 18:56:16 - [TEST_STEP][PASSED] - println(symbol): null

2019-08-23 18:56:16 - [TEST_STEP][PASSED] - if (i == 2 &amp;&amp; wildList.indexOf(symbol) != -1): null

2019-08-23 18:56:16 - [TEST_STEP][PASSED] - if (i == 3 &amp;&amp; wildList.indexOf(symbol) != -1): null

2019-08-23 18:56:16 - [TEST_STEP][PASSED] - if (i == 4 &amp;&amp; wildList.indexOf(symbol) != -1): null

2019-08-23 18:56:16 - [TEST_STEP][PASSED] - free_spin_reel_counter = free_spin_reel_counter: null

2019-08-23 18:56:16 - [TEST_STEP][PASSED] - println("reel 3 wild found: " + free_spin_reel_counter[0]): null

2019-08-23 18:56:16 - [TEST_STEP][PASSED] - println("reel 4 wild found: " + free_spin_reel_counter[1]): null

2019-08-23 18:56:16 - [TEST_STEP][PASSED] - println("reel 5 wild found: " + free_spin_reel_counter[2]): null

2019-08-23 18:56:16 - [TEST_STEP][PASSED] - M4_spin_reels = M4_spin_reels: null

2019-08-23 18:56:16 - [TEST_STEP][PASSED] - M4_spin_reels_symbols = symbol: null

2019-08-23 18:56:16 - [TEST_STEP][PASSED] - M4_spin_reels_symbols = M4_spin_reels_symbols: null

2019-08-23 18:56:16 - [TEST_STEP][PASSED] - M4_spin_reel_wins = reel_wins: null

2019-08-23 18:56:16 - [TEST_STEP][PASSED] - M4_spin_reel_wins = M4_spin_reel_wins: null

2019-08-23 18:56:16 - [TEST_STEP][PASSED] - println("GlobalVariable.M4_spin_reel_wins is: " + M4_spin_reel_wins): null

2019-08-23 18:56:16 - [TEST_STEP][PASSED] - M4_spin_total_bonus_win_this_round = total_bonus_win_this_round: null

2019-08-23 18:56:16 - [TEST_STEP][PASSED] - M4_spin_total_bonus_win_this_round = M4_spin_total_bonus_win_this_round: null

2019-08-23 18:56:16 - [TEST_STEP][PASSED] - println("GlobalVariable.M4_spin_total_bonus_win_this_round is: " + M4_spin_total_bonus_win_this_round): null

2019-08-23 18:56:16 - [TEST_STEP][PASSED] - M4_spin_bonus_spin_result = spin_result: null

2019-08-23 18:56:16 - [TEST_STEP][PASSED] - M4_spin_bonus_spin_result = M4_spin_bonus_spin_result: null

2019-08-23 18:56:16 - [MESSAGE][PASSED] - Verify response successfully

2019-08-23 18:56:16 - [MESSAGE][PASSED] - Send request and verify the response successfully

2019-08-23 18:56:16 - [TEST_STEP][PASSED] - if (free_spin_reel_counter[0] &gt;= 1 &amp;&amp; free_spin_reel_counter[1] &gt;= 1 &amp;&amp; free_spin_reel_counter[2] &gt;= 1): null

2019-08-23 18:56:16 - [TEST_STEP][PASSED] - spin_result = sendRequestAndVerify(findTestObject("INT/RGS(M4)/1_M4_spin", ["M4_login_user_id":M4_login_user_id, "rgs_session_token":rgs_session_token, "partner":Partner])): Send request and verify the response successfully

2019-08-23 18:56:17 - [MESSAGE][INFO] - HAR: /Users/eiralee/Katalon_Script/SuperWild/Reports/20190823_184757/INT/superWild_1/20190823_184757/requests/main/209.har

2019-08-23 18:56:17 - [TEST_CASE][PASSED] - Start Test Case : Verification: Verification accomplished successfully

2019-08-23 18:56:17 - [TEST_STEP][PASSED] - request = getInstance().getCurrentRequest(): null

2019-08-23 18:56:17 - [TEST_STEP][PASSED] - response = getInstance().getCurrentResponse(): null

2019-08-23 18:56:17 - [TEST_STEP][PASSED] - verifyResponseStatusCode(response, 200): Verify response status code successfully

2019-08-23 18:56:17 - [MESSAGE][PASSED] - Verify response status code successfully

2019-08-23 18:56:17 - [TEST_STEP][PASSED] - getStatusCode()).isEqualTo(200): null

2019-08-23 18:56:17 - [TEST_STEP][PASSED] - newline = System.getProperty("line.separator"): null

2019-08-23 18:56:17 - [TEST_STEP][PASSED] - M4_spin = new groovy.json.JsonSlurper(): null

2019-08-23 18:56:17 - [TEST_STEP][PASSED] - result_M4_spin = M4_spin.parseText(response.getResponseBodyContent()): null

2019-08-23 18:56:17 - [TEST_STEP][PASSED] - M4_spin_current_balance = current_balance: null

2019-08-23 18:56:17 - [TEST_STEP][PASSED] - M4_spin_current_balance = M4_spin_current_balance: null

2019-08-23 18:56:17 - [TEST_STEP][PASSED] - M4_spin_transaction_id = causality: null

2019-08-23 18:56:17 - [TEST_STEP][PASSED] - M4_spin_transaction_id = M4_spin_transaction_id: null

2019-08-23 18:56:17 - [TEST_STEP][PASSED] - M4_spin_round_id = round_id: null

2019-08-23 18:56:17 - [TEST_STEP][PASSED] - M4_spin_round_id = M4_spin_round_id: null

2019-08-23 18:56:17 - [TEST_STEP][PASSED] - M4_spin_line_wins = line_wins: null

2019-08-23 18:56:17 - [TEST_STEP][PASSED] - M4_spin_line_wins = M4_spin_line_wins: null

2019-08-23 18:56:17 - [TEST_STEP][PASSED] - M4_total_bonus_spins_int = total_bonus_spins: null

2019-08-23 18:56:17 - [TEST_STEP][PASSED] - println("******M4_total_bonus_spins type is:*******" + newline + getClass().getName()): null

2019-08-23 18:56:17 - [TEST_STEP][PASSED] - M4_total_bonus_spins_int = M4_total_bonus_spins_int: null

2019-08-23 18:56:17 - [TEST_STEP][PASSED] - M4_total_bonus_spins = Integer.toString(M4_total_bonus_spins_int): null

2019-08-23 18:56:17 - [TEST_STEP][PASSED] - M4_total_bonus_spins = M4_total_bonus_spins: null

2019-08-23 18:56:17 - [TEST_STEP][PASSED] - println("M4_total_bonus_spins is:" + M4_total_bonus_spins): null

2019-08-23 18:56:17 - [TEST_STEP][PASSED] - M4_spin_bonus_data = bonus_data: null

2019-08-23 18:56:17 - [TEST_STEP][PASSED] - M4_spin_features_triggered = result_M4_spin: null

2019-08-23 18:56:17 - [TEST_STEP][PASSED] - wild = []: null

2019-08-23 18:56:17 - [TEST_STEP][PASSED] - wild[0] = "WILD_Expanding": null

2019-08-23 18:56:17 - [TEST_STEP][PASSED] - wild[1] = "WILD_Normal": null

2019-08-23 18:56:17 - [TEST_STEP][PASSED] - wild[2] = "WILD_Double": null

2019-08-23 18:56:17 - [TEST_STEP][PASSED] - wild[3] = "WILD_ExtraFG": null

2019-08-23 18:56:17 - [TEST_STEP][PASSED] - wild[4] = "WILD_Triple": null

2019-08-23 18:56:17 - [TEST_STEP][PASSED] - wildList = Arrays.asList(wild): null

2019-08-23 18:56:17 - [TEST_STEP][PASSED] - wildList = wildList: null

2019-08-23 18:56:17 - [TEST_STEP][PASSED] - free_spin_reel_counter = []: null

2019-08-23 18:56:17 - [TEST_STEP][PASSED] - free_spin_reel_counter[0] = 0: null

2019-08-23 18:56:17 - [TEST_STEP][PASSED] - free_spin_reel_counter[1] = 0: null

2019-08-23 18:56:17 - [TEST_STEP][PASSED] - free_spin_reel_counter[2] = 0: null

2019-08-23 18:56:17 - [TEST_STEP][PASSED] - M4_spin_reels = reels: null

2019-08-23 18:56:17 - [TEST_STEP][PASSED] - for ([i = 0, i &lt; M4_spin_reels.size(), (i++)]): null

2019-08-23 18:56:17 - [TEST_STEP][PASSED] - symbols = symbols: null

2019-08-23 18:56:17 - [TEST_STEP][PASSED] - for ([j = 0, j &lt; symbols.size(), (j++)]): null

2019-08-23 18:56:17 - [TEST_STEP][PASSED] - symbol = symbol: null

2019-08-23 18:56:17 - [TEST_STEP][PASSED] - println(symbol): null

2019-08-23 18:56:17 - [TEST_STEP][PASSED] - if (i == 2 &amp;&amp; wildList.indexOf(symbol) != -1): null

2019-08-23 18:56:17 - [TEST_STEP][PASSED] - if (i == 3 &amp;&amp; wildList.indexOf(symbol) != -1): null

2019-08-23 18:56:17 - [TEST_STEP][PASSED] - if (i == 4 &amp;&amp; wildList.indexOf(symbol) != -1): null

2019-08-23 18:56:17 - [TEST_STEP][PASSED] - symbol = symbol: null

2019-08-23 18:56:17 - [TEST_STEP][PASSED] - println(symbol): null

2019-08-23 18:56:17 - [TEST_STEP][PASSED] - if (i == 2 &amp;&amp; wildList.indexOf(symbol) != -1): null

2019-08-23 18:56:17 - [TEST_STEP][PASSED] - if (i == 3 &amp;&amp; wildList.indexOf(symbol) != -1): null

2019-08-23 18:56:17 - [TEST_STEP][PASSED] - if (i == 4 &amp;&amp; wildList.indexOf(symbol) != -1): null

2019-08-23 18:56:17 - [TEST_STEP][PASSED] - symbol = symbol: null

2019-08-23 18:56:17 - [TEST_STEP][PASSED] - println(symbol): null

2019-08-23 18:56:17 - [TEST_STEP][PASSED] - if (i == 2 &amp;&amp; wildList.indexOf(symbol) != -1): null

2019-08-23 18:56:17 - [TEST_STEP][PASSED] - if (i == 3 &amp;&amp; wildList.indexOf(symbol) != -1): null

2019-08-23 18:56:17 - [TEST_STEP][PASSED] - if (i == 4 &amp;&amp; wildList.indexOf(symbol) != -1): null

2019-08-23 18:56:17 - [TEST_STEP][PASSED] - symbols = symbols: null

2019-08-23 18:56:17 - [TEST_STEP][PASSED] - for ([j = 0, j &lt; symbols.size(), (j++)]): null

2019-08-23 18:56:17 - [TEST_STEP][PASSED] - symbol = symbol: null

2019-08-23 18:56:17 - [TEST_STEP][PASSED] - println(symbol): null

2019-08-23 18:56:17 - [TEST_STEP][PASSED] - if (i == 2 &amp;&amp; wildList.indexOf(symbol) != -1): null

2019-08-23 18:56:17 - [TEST_STEP][PASSED] - if (i == 3 &amp;&amp; wildList.indexOf(symbol) != -1): null

2019-08-23 18:56:17 - [TEST_STEP][PASSED] - if (i == 4 &amp;&amp; wildList.indexOf(symbol) != -1): null

2019-08-23 18:56:17 - [TEST_STEP][PASSED] - symbol = symbol: null

2019-08-23 18:56:17 - [TEST_STEP][PASSED] - println(symbol): null

2019-08-23 18:56:17 - [TEST_STEP][PASSED] - if (i == 2 &amp;&amp; wildList.indexOf(symbol) != -1): null

2019-08-23 18:56:17 - [TEST_STEP][PASSED] - if (i == 3 &amp;&amp; wildList.indexOf(symbol) != -1): null

2019-08-23 18:56:17 - [TEST_STEP][PASSED] - if (i == 4 &amp;&amp; wildList.indexOf(symbol) != -1): null

2019-08-23 18:56:17 - [TEST_STEP][PASSED] - symbol = symbol: null

2019-08-23 18:56:17 - [TEST_STEP][PASSED] - println(symbol): null

2019-08-23 18:56:17 - [TEST_STEP][PASSED] - if (i == 2 &amp;&amp; wildList.indexOf(symbol) != -1): null

2019-08-23 18:56:17 - [TEST_STEP][PASSED] - if (i == 3 &amp;&amp; wildList.indexOf(symbol) != -1): null

2019-08-23 18:56:17 - [TEST_STEP][PASSED] - if (i == 4 &amp;&amp; wildList.indexOf(symbol) != -1): null

2019-08-23 18:56:17 - [TEST_STEP][PASSED] - symbols = symbols: null

2019-08-23 18:56:17 - [TEST_STEP][PASSED] - for ([j = 0, j &lt; symbols.size(), (j++)]): null

2019-08-23 18:56:17 - [TEST_STEP][PASSED] - symbol = symbol: null

2019-08-23 18:56:17 - [TEST_STEP][PASSED] - println(symbol): null

2019-08-23 18:56:17 - [TEST_STEP][PASSED] - if (i == 2 &amp;&amp; wildList.indexOf(symbol) != -1): null

2019-08-23 18:56:17 - [TEST_STEP][PASSED] - if (i == 3 &amp;&amp; wildList.indexOf(symbol) != -1): null

2019-08-23 18:56:17 - [TEST_STEP][PASSED] - if (i == 4 &amp;&amp; wildList.indexOf(symbol) != -1): null

2019-08-23 18:56:17 - [TEST_STEP][PASSED] - symbol = symbol: null

2019-08-23 18:56:17 - [TEST_STEP][PASSED] - println(symbol): null

2019-08-23 18:56:17 - [TEST_STEP][PASSED] - if (i == 2 &amp;&amp; wildList.indexOf(symbol) != -1): null

2019-08-23 18:56:17 - [TEST_STEP][PASSED] - if (i == 3 &amp;&amp; wildList.indexOf(symbol) != -1): null

2019-08-23 18:56:17 - [TEST_STEP][PASSED] - if (i == 4 &amp;&amp; wildList.indexOf(symbol) != -1): null

2019-08-23 18:56:17 - [TEST_STEP][PASSED] - symbol = symbol: null

2019-08-23 18:56:17 - [TEST_STEP][PASSED] - println(symbol): null

2019-08-23 18:56:17 - [TEST_STEP][PASSED] - if (i == 2 &amp;&amp; wildList.indexOf(symbol) != -1): null

2019-08-23 18:56:17 - [TEST_STEP][PASSED] - if (i == 3 &amp;&amp; wildList.indexOf(symbol) != -1): null

2019-08-23 18:56:17 - [TEST_STEP][PASSED] - if (i == 4 &amp;&amp; wildList.indexOf(symbol) != -1): null

2019-08-23 18:56:17 - [TEST_STEP][PASSED] - symbols = symbols: null

2019-08-23 18:56:17 - [TEST_STEP][PASSED] - for ([j = 0, j &lt; symbols.size(), (j++)]): null

2019-08-23 18:56:17 - [TEST_STEP][PASSED] - symbol = symbol: null

2019-08-23 18:56:17 - [TEST_STEP][PASSED] - println(symbol): null

2019-08-23 18:56:17 - [TEST_STEP][PASSED] - if (i == 2 &amp;&amp; wildList.indexOf(symbol) != -1): null

2019-08-23 18:56:17 - [TEST_STEP][PASSED] - if (i == 3 &amp;&amp; wildList.indexOf(symbol) != -1): null

2019-08-23 18:56:17 - [TEST_STEP][PASSED] - if (i == 4 &amp;&amp; wildList.indexOf(symbol) != -1): null

2019-08-23 18:56:17 - [TEST_STEP][PASSED] - symbol = symbol: null

2019-08-23 18:56:17 - [TEST_STEP][PASSED] - println(symbol): null

2019-08-23 18:56:17 - [TEST_STEP][PASSED] - if (i == 2 &amp;&amp; wildList.indexOf(symbol) != -1): null

2019-08-23 18:56:17 - [TEST_STEP][PASSED] - if (i == 3 &amp;&amp; wildList.indexOf(symbol) != -1): null

2019-08-23 18:56:17 - [TEST_STEP][PASSED] - if (i == 4 &amp;&amp; wildList.indexOf(symbol) != -1): null

2019-08-23 18:56:17 - [TEST_STEP][PASSED] - symbol = symbol: null

2019-08-23 18:56:17 - [TEST_STEP][PASSED] - println(symbol): null

2019-08-23 18:56:17 - [TEST_STEP][PASSED] - if (i == 2 &amp;&amp; wildList.indexOf(symbol) != -1): null

2019-08-23 18:56:17 - [TEST_STEP][PASSED] - if (i == 3 &amp;&amp; wildList.indexOf(symbol) != -1): null

2019-08-23 18:56:17 - [TEST_STEP][PASSED] - if (i == 4 &amp;&amp; wildList.indexOf(symbol) != -1): null

2019-08-23 18:56:17 - [TEST_STEP][PASSED] - symbols = symbols: null

2019-08-23 18:56:17 - [TEST_STEP][PASSED] - for ([j = 0, j &lt; symbols.size(), (j++)]): null

2019-08-23 18:56:17 - [TEST_STEP][PASSED] - symbol = symbol: null

2019-08-23 18:56:17 - [TEST_STEP][PASSED] - println(symbol): null

2019-08-23 18:56:17 - [TEST_STEP][PASSED] - if (i == 2 &amp;&amp; wildList.indexOf(symbol) != -1): null

2019-08-23 18:56:17 - [TEST_STEP][PASSED] - if (i == 3 &amp;&amp; wildList.indexOf(symbol) != -1): null

2019-08-23 18:56:17 - [TEST_STEP][PASSED] - if (i == 4 &amp;&amp; wildList.indexOf(symbol) != -1): null

2019-08-23 18:56:17 - [TEST_STEP][PASSED] - symbol = symbol: null

2019-08-23 18:56:17 - [TEST_STEP][PASSED] - println(symbol): null

2019-08-23 18:56:17 - [TEST_STEP][PASSED] - if (i == 2 &amp;&amp; wildList.indexOf(symbol) != -1): null

2019-08-23 18:56:17 - [TEST_STEP][PASSED] - if (i == 3 &amp;&amp; wildList.indexOf(symbol) != -1): null

2019-08-23 18:56:17 - [TEST_STEP][PASSED] - if (i == 4 &amp;&amp; wildList.indexOf(symbol) != -1): null

2019-08-23 18:56:17 - [TEST_STEP][PASSED] - symbol = symbol: null

2019-08-23 18:56:17 - [TEST_STEP][PASSED] - println(symbol): null

2019-08-23 18:56:17 - [TEST_STEP][PASSED] - if (i == 2 &amp;&amp; wildList.indexOf(symbol) != -1): null

2019-08-23 18:56:17 - [TEST_STEP][PASSED] - if (i == 3 &amp;&amp; wildList.indexOf(symbol) != -1): null

2019-08-23 18:56:17 - [TEST_STEP][PASSED] - if (i == 4 &amp;&amp; wildList.indexOf(symbol) != -1): null

2019-08-23 18:56:17 - [TEST_STEP][PASSED] - free_spin_reel_counter = free_spin_reel_counter: null

2019-08-23 18:56:17 - [TEST_STEP][PASSED] - println("reel 3 wild found: " + free_spin_reel_counter[0]): null

2019-08-23 18:56:17 - [TEST_STEP][PASSED] - println("reel 4 wild found: " + free_spin_reel_counter[1]): null

2019-08-23 18:56:17 - [TEST_STEP][PASSED] - println("reel 5 wild found: " + free_spin_reel_counter[2]): null

2019-08-23 18:56:17 - [TEST_STEP][PASSED] - M4_spin_reels = M4_spin_reels: null

2019-08-23 18:56:17 - [TEST_STEP][PASSED] - M4_spin_reels_symbols = symbol: null

2019-08-23 18:56:17 - [TEST_STEP][PASSED] - M4_spin_reels_symbols = M4_spin_reels_symbols: null

2019-08-23 18:56:17 - [TEST_STEP][PASSED] - M4_spin_reel_wins = reel_wins: null

2019-08-23 18:56:17 - [TEST_STEP][PASSED] - M4_spin_reel_wins = M4_spin_reel_wins: null

2019-08-23 18:56:17 - [TEST_STEP][PASSED] - println("GlobalVariable.M4_spin_reel_wins is: " + M4_spin_reel_wins): null

2019-08-23 18:56:17 - [TEST_STEP][PASSED] - M4_spin_total_bonus_win_this_round = total_bonus_win_this_round: null

2019-08-23 18:56:17 - [TEST_STEP][PASSED] - M4_spin_total_bonus_win_this_round = M4_spin_total_bonus_win_this_round: null

2019-08-23 18:56:17 - [TEST_STEP][PASSED] - println("GlobalVariable.M4_spin_total_bonus_win_this_round is: " + M4_spin_total_bonus_win_this_round): null

2019-08-23 18:56:17 - [TEST_STEP][PASSED] - M4_spin_bonus_spin_result = spin_result: null

2019-08-23 18:56:17 - [TEST_STEP][PASSED] - M4_spin_bonus_spin_result = M4_spin_bonus_spin_result: null

2019-08-23 18:56:17 - [MESSAGE][PASSED] - Verify response successfully

2019-08-23 18:56:17 - [MESSAGE][PASSED] - Send request and verify the response successfully

2019-08-23 18:56:17 - [TEST_STEP][PASSED] - if (free_spin_reel_counter[0] &gt;= 1 &amp;&amp; free_spin_reel_counter[1] &gt;= 1 &amp;&amp; free_spin_reel_counter[2] &gt;= 1): null

2019-08-23 18:56:17 - [TEST_STEP][PASSED] - spin_result = sendRequestAndVerify(findTestObject("INT/RGS(M4)/1_M4_spin", ["M4_login_user_id":M4_login_user_id, "rgs_session_token":rgs_session_token, "partner":Partner])): Send request and verify the response successfully

2019-08-23 18:56:17 - [MESSAGE][INFO] - HAR: /Users/eiralee/Katalon_Script/SuperWild/Reports/20190823_184757/INT/superWild_1/20190823_184757/requests/main/210.har

2019-08-23 18:56:17 - [TEST_CASE][PASSED] - Start Test Case : Verification: Verification accomplished successfully

2019-08-23 18:56:17 - [TEST_STEP][PASSED] - request = getInstance().getCurrentRequest(): null

2019-08-23 18:56:17 - [TEST_STEP][PASSED] - response = getInstance().getCurrentResponse(): null

2019-08-23 18:56:17 - [TEST_STEP][PASSED] - verifyResponseStatusCode(response, 200): Verify response status code successfully

2019-08-23 18:56:17 - [MESSAGE][PASSED] - Verify response status code successfully

2019-08-23 18:56:17 - [TEST_STEP][PASSED] - getStatusCode()).isEqualTo(200): null

2019-08-23 18:56:17 - [TEST_STEP][PASSED] - newline = System.getProperty("line.separator"): null

2019-08-23 18:56:18 - [TEST_STEP][PASSED] - M4_spin = new groovy.json.JsonSlurper(): null

2019-08-23 18:56:18 - [TEST_STEP][PASSED] - result_M4_spin = M4_spin.parseText(response.getResponseBodyContent()): null

2019-08-23 18:56:18 - [TEST_STEP][PASSED] - M4_spin_current_balance = current_balance: null

2019-08-23 18:56:18 - [TEST_STEP][PASSED] - M4_spin_current_balance = M4_spin_current_balance: null

2019-08-23 18:56:18 - [TEST_STEP][PASSED] - M4_spin_transaction_id = causality: null

2019-08-23 18:56:18 - [TEST_STEP][PASSED] - M4_spin_transaction_id = M4_spin_transaction_id: null

2019-08-23 18:56:18 - [TEST_STEP][PASSED] - M4_spin_round_id = round_id: null

2019-08-23 18:56:18 - [TEST_STEP][PASSED] - M4_spin_round_id = M4_spin_round_id: null

2019-08-23 18:56:18 - [TEST_STEP][PASSED] - M4_spin_line_wins = line_wins: null

2019-08-23 18:56:18 - [TEST_STEP][PASSED] - M4_spin_line_wins = M4_spin_line_wins: null

2019-08-23 18:56:18 - [TEST_STEP][PASSED] - M4_total_bonus_spins_int = total_bonus_spins: null

2019-08-23 18:56:18 - [TEST_STEP][PASSED] - println("******M4_total_bonus_spins type is:*******" + newline + getClass().getName()): null

2019-08-23 18:56:18 - [TEST_STEP][PASSED] - M4_total_bonus_spins_int = M4_total_bonus_spins_int: null

2019-08-23 18:56:18 - [TEST_STEP][PASSED] - M4_total_bonus_spins = Integer.toString(M4_total_bonus_spins_int): null

2019-08-23 18:56:18 - [TEST_STEP][PASSED] - M4_total_bonus_spins = M4_total_bonus_spins: null

2019-08-23 18:56:18 - [TEST_STEP][PASSED] - println("M4_total_bonus_spins is:" + M4_total_bonus_spins): null

2019-08-23 18:56:18 - [TEST_STEP][PASSED] - M4_spin_bonus_data = bonus_data: null

2019-08-23 18:56:18 - [TEST_STEP][PASSED] - M4_spin_features_triggered = result_M4_spin: null

2019-08-23 18:56:18 - [TEST_STEP][PASSED] - wild = []: null

2019-08-23 18:56:18 - [TEST_STEP][PASSED] - wild[0] = "WILD_Expanding": null

2019-08-23 18:56:18 - [TEST_STEP][PASSED] - wild[1] = "WILD_Normal": null

2019-08-23 18:56:18 - [TEST_STEP][PASSED] - wild[2] = "WILD_Double": null

2019-08-23 18:56:18 - [TEST_STEP][PASSED] - wild[3] = "WILD_ExtraFG": null

2019-08-23 18:56:18 - [TEST_STEP][PASSED] - wild[4] = "WILD_Triple": null

2019-08-23 18:56:18 - [TEST_STEP][PASSED] - wildList = Arrays.asList(wild): null

2019-08-23 18:56:18 - [TEST_STEP][PASSED] - wildList = wildList: null

2019-08-23 18:56:18 - [TEST_STEP][PASSED] - free_spin_reel_counter = []: null

2019-08-23 18:56:18 - [TEST_STEP][PASSED] - free_spin_reel_counter[0] = 0: null

2019-08-23 18:56:18 - [TEST_STEP][PASSED] - free_spin_reel_counter[1] = 0: null

2019-08-23 18:56:18 - [TEST_STEP][PASSED] - free_spin_reel_counter[2] = 0: null

2019-08-23 18:56:18 - [TEST_STEP][PASSED] - M4_spin_reels = reels: null

2019-08-23 18:56:18 - [TEST_STEP][PASSED] - for ([i = 0, i &lt; M4_spin_reels.size(), (i++)]): null

2019-08-23 18:56:18 - [TEST_STEP][PASSED] - symbols = symbols: null

2019-08-23 18:56:18 - [TEST_STEP][PASSED] - for ([j = 0, j &lt; symbols.size(), (j++)]): null

2019-08-23 18:56:18 - [TEST_STEP][PASSED] - symbol = symbol: null

2019-08-23 18:56:18 - [TEST_STEP][PASSED] - println(symbol): null

2019-08-23 18:56:18 - [TEST_STEP][PASSED] - if (i == 2 &amp;&amp; wildList.indexOf(symbol) != -1): null

2019-08-23 18:56:18 - [TEST_STEP][PASSED] - if (i == 3 &amp;&amp; wildList.indexOf(symbol) != -1): null

2019-08-23 18:56:18 - [TEST_STEP][PASSED] - if (i == 4 &amp;&amp; wildList.indexOf(symbol) != -1): null

2019-08-23 18:56:18 - [TEST_STEP][PASSED] - symbol = symbol: null

2019-08-23 18:56:18 - [TEST_STEP][PASSED] - println(symbol): null

2019-08-23 18:56:18 - [TEST_STEP][PASSED] - if (i == 2 &amp;&amp; wildList.indexOf(symbol) != -1): null

2019-08-23 18:56:18 - [TEST_STEP][PASSED] - if (i == 3 &amp;&amp; wildList.indexOf(symbol) != -1): null

2019-08-23 18:56:18 - [TEST_STEP][PASSED] - if (i == 4 &amp;&amp; wildList.indexOf(symbol) != -1): null

2019-08-23 18:56:18 - [TEST_STEP][PASSED] - symbol = symbol: null

2019-08-23 18:56:18 - [TEST_STEP][PASSED] - println(symbol): null

2019-08-23 18:56:18 - [TEST_STEP][PASSED] - if (i == 2 &amp;&amp; wildList.indexOf(symbol) != -1): null

2019-08-23 18:56:18 - [TEST_STEP][PASSED] - if (i == 3 &amp;&amp; wildList.indexOf(symbol) != -1): null

2019-08-23 18:56:18 - [TEST_STEP][PASSED] - if (i == 4 &amp;&amp; wildList.indexOf(symbol) != -1): null

2019-08-23 18:56:18 - [TEST_STEP][PASSED] - symbols = symbols: null

2019-08-23 18:56:18 - [TEST_STEP][PASSED] - for ([j = 0, j &lt; symbols.size(), (j++)]): null

2019-08-23 18:56:18 - [TEST_STEP][PASSED] - symbol = symbol: null

2019-08-23 18:56:18 - [TEST_STEP][PASSED] - println(symbol): null

2019-08-23 18:56:18 - [TEST_STEP][PASSED] - if (i == 2 &amp;&amp; wildList.indexOf(symbol) != -1): null

2019-08-23 18:56:18 - [TEST_STEP][PASSED] - if (i == 3 &amp;&amp; wildList.indexOf(symbol) != -1): null

2019-08-23 18:56:18 - [TEST_STEP][PASSED] - if (i == 4 &amp;&amp; wildList.indexOf(symbol) != -1): null

2019-08-23 18:56:18 - [TEST_STEP][PASSED] - symbol = symbol: null

2019-08-23 18:56:18 - [TEST_STEP][PASSED] - println(symbol): null

2019-08-23 18:56:20 - [TEST_STEP][PASSED] - if (i == 2 &amp;&amp; wildList.indexOf(symbol) != -1): null

2019-08-23 18:56:20 - [TEST_STEP][PASSED] - if (i == 3 &amp;&amp; wildList.indexOf(symbol) != -1): null

2019-08-23 18:56:20 - [TEST_STEP][PASSED] - if (i == 4 &amp;&amp; wildList.indexOf(symbol) != -1): null

2019-08-23 18:56:20 - [TEST_STEP][PASSED] - symbol = symbol: null

2019-08-23 18:56:20 - [TEST_STEP][PASSED] - println(symbol): null

2019-08-23 18:56:20 - [TEST_STEP][PASSED] - if (i == 2 &amp;&amp; wildList.indexOf(symbol) != -1): null

2019-08-23 18:56:20 - [TEST_STEP][PASSED] - if (i == 3 &amp;&amp; wildList.indexOf(symbol) != -1): null

2019-08-23 18:56:20 - [TEST_STEP][PASSED] - if (i == 4 &amp;&amp; wildList.indexOf(symbol) != -1): null

2019-08-23 18:56:20 - [TEST_STEP][PASSED] - symbols = symbols: null

2019-08-23 18:56:20 - [TEST_STEP][PASSED] - for ([j = 0, j &lt; symbols.size(), (j++)]): null

2019-08-23 18:56:20 - [TEST_STEP][PASSED] - symbol = symbol: null

2019-08-23 18:56:20 - [TEST_STEP][PASSED] - println(symbol): null

2019-08-23 18:56:20 - [TEST_STEP][PASSED] - if (i == 2 &amp;&amp; wildList.indexOf(symbol) != -1): null

2019-08-23 18:56:20 - [TEST_STEP][PASSED] - if (i == 3 &amp;&amp; wildList.indexOf(symbol) != -1): null

2019-08-23 18:56:20 - [TEST_STEP][PASSED] - if (i == 4 &amp;&amp; wildList.indexOf(symbol) != -1): null

2019-08-23 18:56:20 - [TEST_STEP][PASSED] - symbol = symbol: null

2019-08-23 18:56:20 - [TEST_STEP][PASSED] - println(symbol): null

2019-08-23 18:56:20 - [TEST_STEP][PASSED] - if (i == 2 &amp;&amp; wildList.indexOf(symbol) != -1): null

2019-08-23 18:56:20 - [TEST_STEP][PASSED] - if (i == 3 &amp;&amp; wildList.indexOf(symbol) != -1): null

2019-08-23 18:56:20 - [TEST_STEP][PASSED] - if (i == 4 &amp;&amp; wildList.indexOf(symbol) != -1): null

2019-08-23 18:56:20 - [TEST_STEP][PASSED] - symbol = symbol: null

2019-08-23 18:56:20 - [TEST_STEP][PASSED] - println(symbol): null

2019-08-23 18:56:20 - [TEST_STEP][PASSED] - if (i == 2 &amp;&amp; wildList.indexOf(symbol) != -1): null

2019-08-23 18:56:20 - [TEST_STEP][PASSED] - if (i == 3 &amp;&amp; wildList.indexOf(symbol) != -1): null

2019-08-23 18:56:20 - [TEST_STEP][PASSED] - if (i == 4 &amp;&amp; wildList.indexOf(symbol) != -1): null

2019-08-23 18:56:20 - [TEST_STEP][PASSED] - symbols = symbols: null

2019-08-23 18:56:20 - [TEST_STEP][PASSED] - for ([j = 0, j &lt; symbols.size(), (j++)]): null

2019-08-23 18:56:20 - [TEST_STEP][PASSED] - symbol = symbol: null

2019-08-23 18:56:20 - [TEST_STEP][PASSED] - println(symbol): null

2019-08-23 18:56:20 - [TEST_STEP][PASSED] - if (i == 2 &amp;&amp; wildList.indexOf(symbol) != -1): null

2019-08-23 18:56:20 - [TEST_STEP][PASSED] - if (i == 3 &amp;&amp; wildList.indexOf(symbol) != -1): null

2019-08-23 18:56:20 - [TEST_STEP][PASSED] - if (i == 4 &amp;&amp; wildList.indexOf(symbol) != -1): null

2019-08-23 18:56:20 - [TEST_STEP][PASSED] - symbol = symbol: null

2019-08-23 18:56:20 - [TEST_STEP][PASSED] - println(symbol): null

2019-08-23 18:56:20 - [TEST_STEP][PASSED] - if (i == 2 &amp;&amp; wildList.indexOf(symbol) != -1): null

2019-08-23 18:56:20 - [TEST_STEP][PASSED] - if (i == 3 &amp;&amp; wildList.indexOf(symbol) != -1): null

2019-08-23 18:56:20 - [TEST_STEP][PASSED] - if (i == 4 &amp;&amp; wildList.indexOf(symbol) != -1): null

2019-08-23 18:56:20 - [TEST_STEP][PASSED] - symbol = symbol: null

2019-08-23 18:56:20 - [TEST_STEP][PASSED] - println(symbol): null

2019-08-23 18:56:20 - [TEST_STEP][PASSED] - if (i == 2 &amp;&amp; wildList.indexOf(symbol) != -1): null

2019-08-23 18:56:20 - [TEST_STEP][PASSED] - if (i == 3 &amp;&amp; wildList.indexOf(symbol) != -1): null

2019-08-23 18:56:20 - [TEST_STEP][PASSED] - if (i == 4 &amp;&amp; wildList.indexOf(symbol) != -1): null

2019-08-23 18:56:20 - [TEST_STEP][PASSED] - symbols = symbols: null

2019-08-23 18:56:20 - [TEST_STEP][PASSED] - for ([j = 0, j &lt; symbols.size(), (j++)]): null

2019-08-23 18:56:20 - [TEST_STEP][PASSED] - symbol = symbol: null

2019-08-23 18:56:20 - [TEST_STEP][PASSED] - println(symbol): null

2019-08-23 18:56:20 - [TEST_STEP][PASSED] - if (i == 2 &amp;&amp; wildList.indexOf(symbol) != -1): null

2019-08-23 18:56:20 - [TEST_STEP][PASSED] - if (i == 3 &amp;&amp; wildList.indexOf(symbol) != -1): null

2019-08-23 18:56:20 - [TEST_STEP][PASSED] - if (i == 4 &amp;&amp; wildList.indexOf(symbol) != -1): null

2019-08-23 18:56:20 - [TEST_STEP][PASSED] - symbol = symbol: null

2019-08-23 18:56:20 - [TEST_STEP][PASSED] - println(symbol): null

2019-08-23 18:56:20 - [TEST_STEP][PASSED] - if (i == 2 &amp;&amp; wildList.indexOf(symbol) != -1): null

2019-08-23 18:56:20 - [TEST_STEP][PASSED] - if (i == 3 &amp;&amp; wildList.indexOf(symbol) != -1): null

2019-08-23 18:56:20 - [TEST_STEP][PASSED] - if (i == 4 &amp;&amp; wildList.indexOf(symbol) != -1): null

2019-08-23 18:56:20 - [TEST_STEP][PASSED] - symbol = symbol: null

2019-08-23 18:56:20 - [TEST_STEP][PASSED] - println(symbol): null

2019-08-23 18:56:20 - [TEST_STEP][PASSED] - if (i == 2 &amp;&amp; wildList.indexOf(symbol) != -1): null

2019-08-23 18:56:20 - [TEST_STEP][PASSED] - if (i == 3 &amp;&amp; wildList.indexOf(symbol) != -1): null

2019-08-23 18:56:20 - [TEST_STEP][PASSED] - if (i == 4 &amp;&amp; wildList.indexOf(symbol) != -1): null

2019-08-23 18:56:20 - [TEST_STEP][PASSED] - free_spin_reel_counter = free_spin_reel_counter: null

2019-08-23 18:56:20 - [TEST_STEP][PASSED] - println("reel 3 wild found: " + free_spin_reel_counter[0]): null

2019-08-23 18:56:20 - [TEST_STEP][PASSED] - println("reel 4 wild found: " + free_spin_reel_counter[1]): null

2019-08-23 18:56:20 - [TEST_STEP][PASSED] - println("reel 5 wild found: " + free_spin_reel_counter[2]): null

2019-08-23 18:56:20 - [TEST_STEP][PASSED] - M4_spin_reels = M4_spin_reels: null

2019-08-23 18:56:20 - [TEST_STEP][PASSED] - M4_spin_reels_symbols = symbol: null

2019-08-23 18:56:20 - [TEST_STEP][PASSED] - M4_spin_reels_symbols = M4_spin_reels_symbols: null

2019-08-23 18:56:20 - [TEST_STEP][PASSED] - M4_spin_reel_wins = reel_wins: null

2019-08-23 18:56:20 - [TEST_STEP][PASSED] - M4_spin_reel_wins = M4_spin_reel_wins: null

2019-08-23 18:56:20 - [TEST_STEP][PASSED] - println("GlobalVariable.M4_spin_reel_wins is: " + M4_spin_reel_wins): null

2019-08-23 18:56:20 - [TEST_STEP][PASSED] - M4_spin_total_bonus_win_this_round = total_bonus_win_this_round: null

2019-08-23 18:56:20 - [TEST_STEP][PASSED] - M4_spin_total_bonus_win_this_round = M4_spin_total_bonus_win_this_round: null

2019-08-23 18:56:20 - [TEST_STEP][PASSED] - println("GlobalVariable.M4_spin_total_bonus_win_this_round is: " + M4_spin_total_bonus_win_this_round): null

2019-08-23 18:56:20 - [TEST_STEP][PASSED] - M4_spin_bonus_spin_result = spin_result: null

2019-08-23 18:56:20 - [TEST_STEP][PASSED] - M4_spin_bonus_spin_result = M4_spin_bonus_spin_result: null

2019-08-23 18:56:20 - [MESSAGE][PASSED] - Verify response successfully

2019-08-23 18:56:20 - [MESSAGE][PASSED] - Send request and verify the response successfully

2019-08-23 18:56:20 - [TEST_STEP][PASSED] - if (free_spin_reel_counter[0] &gt;= 1 &amp;&amp; free_spin_reel_counter[1] &gt;= 1 &amp;&amp; free_spin_reel_counter[2] &gt;= 1): null

2019-08-23 18:56:20 - [TEST_STEP][PASSED] - spin_result = sendRequestAndVerify(findTestObject("INT/RGS(M4)/1_M4_spin", ["M4_login_user_id":M4_login_user_id, "rgs_session_token":rgs_session_token, "partner":Partner])): Send request and verify the response successfully

2019-08-23 18:56:20 - [MESSAGE][INFO] - HAR: /Users/eiralee/Katalon_Script/SuperWild/Reports/20190823_184757/INT/superWild_1/20190823_184757/requests/main/211.har

2019-08-23 18:56:20 - [TEST_CASE][PASSED] - Start Test Case : Verification: Verification accomplished successfully

2019-08-23 18:56:20 - [TEST_STEP][PASSED] - request = getInstance().getCurrentRequest(): null

2019-08-23 18:56:20 - [TEST_STEP][PASSED] - response = getInstance().getCurrentResponse(): null

2019-08-23 18:56:20 - [TEST_STEP][PASSED] - verifyResponseStatusCode(response, 200): Verify response status code successfully

2019-08-23 18:56:20 - [MESSAGE][PASSED] - Verify response status code successfully

2019-08-23 18:56:20 - [TEST_STEP][PASSED] - getStatusCode()).isEqualTo(200): null

2019-08-23 18:56:20 - [TEST_STEP][PASSED] - newline = System.getProperty("line.separator"): null

2019-08-23 18:56:20 - [TEST_STEP][PASSED] - M4_spin = new groovy.json.JsonSlurper(): null

2019-08-23 18:56:20 - [TEST_STEP][PASSED] - result_M4_spin = M4_spin.parseText(response.getResponseBodyContent()): null

2019-08-23 18:56:20 - [TEST_STEP][PASSED] - M4_spin_current_balance = current_balance: null

2019-08-23 18:56:20 - [TEST_STEP][PASSED] - M4_spin_current_balance = M4_spin_current_balance: null

2019-08-23 18:56:20 - [TEST_STEP][PASSED] - M4_spin_transaction_id = causality: null

2019-08-23 18:56:20 - [TEST_STEP][PASSED] - M4_spin_transaction_id = M4_spin_transaction_id: null

2019-08-23 18:56:20 - [TEST_STEP][PASSED] - M4_spin_round_id = round_id: null

2019-08-23 18:56:20 - [TEST_STEP][PASSED] - M4_spin_round_id = M4_spin_round_id: null

2019-08-23 18:56:20 - [TEST_STEP][PASSED] - M4_spin_line_wins = line_wins: null

2019-08-23 18:56:20 - [TEST_STEP][PASSED] - M4_spin_line_wins = M4_spin_line_wins: null

2019-08-23 18:56:20 - [TEST_STEP][PASSED] - M4_total_bonus_spins_int = total_bonus_spins: null

2019-08-23 18:56:20 - [TEST_STEP][PASSED] - println("******M4_total_bonus_spins type is:*******" + newline + getClass().getName()): null

2019-08-23 18:56:20 - [TEST_STEP][PASSED] - M4_total_bonus_spins_int = M4_total_bonus_spins_int: null

2019-08-23 18:56:20 - [TEST_STEP][PASSED] - M4_total_bonus_spins = Integer.toString(M4_total_bonus_spins_int): null

2019-08-23 18:56:20 - [TEST_STEP][PASSED] - M4_total_bonus_spins = M4_total_bonus_spins: null

2019-08-23 18:56:20 - [TEST_STEP][PASSED] - println("M4_total_bonus_spins is:" + M4_total_bonus_spins): null

2019-08-23 18:56:20 - [TEST_STEP][PASSED] - M4_spin_bonus_data = bonus_data: null

2019-08-23 18:56:20 - [TEST_STEP][PASSED] - M4_spin_features_triggered = result_M4_spin: null

2019-08-23 18:56:20 - [TEST_STEP][PASSED] - wild = []: null

2019-08-23 18:56:20 - [TEST_STEP][PASSED] - wild[0] = "WILD_Expanding": null

2019-08-23 18:56:20 - [TEST_STEP][PASSED] - wild[1] = "WILD_Normal": null

2019-08-23 18:56:20 - [TEST_STEP][PASSED] - wild[2] = "WILD_Double": null

2019-08-23 18:56:20 - [TEST_STEP][PASSED] - wild[3] = "WILD_ExtraFG": null

2019-08-23 18:56:20 - [TEST_STEP][PASSED] - wild[4] = "WILD_Triple": null

2019-08-23 18:56:20 - [TEST_STEP][PASSED] - wildList = Arrays.asList(wild): null

2019-08-23 18:56:20 - [TEST_STEP][PASSED] - wildList = wildList: null

2019-08-23 18:56:20 - [TEST_STEP][PASSED] - free_spin_reel_counter = []: null

2019-08-23 18:56:20 - [TEST_STEP][PASSED] - free_spin_reel_counter[0] = 0: null

2019-08-23 18:56:20 - [TEST_STEP][PASSED] - free_spin_reel_counter[1] = 0: null

2019-08-23 18:56:20 - [TEST_STEP][PASSED] - free_spin_reel_counter[2] = 0: null

2019-08-23 18:56:20 - [TEST_STEP][PASSED] - M4_spin_reels = reels: null

2019-08-23 18:56:20 - [TEST_STEP][PASSED] - for ([i = 0, i &lt; M4_spin_reels.size(), (i++)]): null

2019-08-23 18:56:20 - [TEST_STEP][PASSED] - symbols = symbols: null

2019-08-23 18:56:20 - [TEST_STEP][PASSED] - for ([j = 0, j &lt; symbols.size(), (j++)]): null

2019-08-23 18:56:20 - [TEST_STEP][PASSED] - symbol = symbol: null

2019-08-23 18:56:20 - [TEST_STEP][PASSED] - println(symbol): null

2019-08-23 18:56:20 - [TEST_STEP][PASSED] - if (i == 2 &amp;&amp; wildList.indexOf(symbol) != -1): null

2019-08-23 18:56:20 - [TEST_STEP][PASSED] - if (i == 3 &amp;&amp; wildList.indexOf(symbol) != -1): null

2019-08-23 18:56:20 - [TEST_STEP][PASSED] - if (i == 4 &amp;&amp; wildList.indexOf(symbol) != -1): null

2019-08-23 18:56:20 - [TEST_STEP][PASSED] - symbol = symbol: null

2019-08-23 18:56:20 - [TEST_STEP][PASSED] - println(symbol): null

2019-08-23 18:56:20 - [TEST_STEP][PASSED] - if (i == 2 &amp;&amp; wildList.indexOf(symbol) != -1): null

2019-08-23 18:56:20 - [TEST_STEP][PASSED] - if (i == 3 &amp;&amp; wildList.indexOf(symbol) != -1): null

2019-08-23 18:56:20 - [TEST_STEP][PASSED] - if (i == 4 &amp;&amp; wildList.indexOf(symbol) != -1): null

2019-08-23 18:56:20 - [TEST_STEP][PASSED] - symbol = symbol: null

2019-08-23 18:56:20 - [TEST_STEP][PASSED] - println(symbol): null

2019-08-23 18:56:20 - [TEST_STEP][PASSED] - if (i == 2 &amp;&amp; wildList.indexOf(symbol) != -1): null

2019-08-23 18:56:20 - [TEST_STEP][PASSED] - if (i == 3 &amp;&amp; wildList.indexOf(symbol) != -1): null

2019-08-23 18:56:20 - [TEST_STEP][PASSED] - if (i == 4 &amp;&amp; wildList.indexOf(symbol) != -1): null

2019-08-23 18:56:20 - [TEST_STEP][PASSED] - symbols = symbols: null

2019-08-23 18:56:20 - [TEST_STEP][PASSED] - for ([j = 0, j &lt; symbols.size(), (j++)]): null

2019-08-23 18:56:20 - [TEST_STEP][PASSED] - symbol = symbol: null

2019-08-23 18:56:20 - [TEST_STEP][PASSED] - println(symbol): null

2019-08-23 18:56:20 - [TEST_STEP][PASSED] - if (i == 2 &amp;&amp; wildList.indexOf(symbol) != -1): null

2019-08-23 18:56:20 - [TEST_STEP][PASSED] - if (i == 3 &amp;&amp; wildList.indexOf(symbol) != -1): null

2019-08-23 18:56:20 - [TEST_STEP][PASSED] - if (i == 4 &amp;&amp; wildList.indexOf(symbol) != -1): null

2019-08-23 18:56:20 - [TEST_STEP][PASSED] - symbol = symbol: null

2019-08-23 18:56:20 - [TEST_STEP][PASSED] - println(symbol): null

2019-08-23 18:56:20 - [TEST_STEP][PASSED] - if (i == 2 &amp;&amp; wildList.indexOf(symbol) != -1): null

2019-08-23 18:56:20 - [TEST_STEP][PASSED] - if (i == 3 &amp;&amp; wildList.indexOf(symbol) != -1): null

2019-08-23 18:56:20 - [TEST_STEP][PASSED] - if (i == 4 &amp;&amp; wildList.indexOf(symbol) != -1): null

2019-08-23 18:56:20 - [TEST_STEP][PASSED] - symbol = symbol: null

2019-08-23 18:56:20 - [TEST_STEP][PASSED] - println(symbol): null

2019-08-23 18:56:20 - [TEST_STEP][PASSED] - if (i == 2 &amp;&amp; wildList.indexOf(symbol) != -1): null

2019-08-23 18:56:20 - [TEST_STEP][PASSED] - if (i == 3 &amp;&amp; wildList.indexOf(symbol) != -1): null

2019-08-23 18:56:20 - [TEST_STEP][PASSED] - if (i == 4 &amp;&amp; wildList.indexOf(symbol) != -1): null

2019-08-23 18:56:20 - [TEST_STEP][PASSED] - symbols = symbols: null

2019-08-23 18:56:20 - [TEST_STEP][PASSED] - for ([j = 0, j &lt; symbols.size(), (j++)]): null

2019-08-23 18:56:20 - [TEST_STEP][PASSED] - symbol = symbol: null

2019-08-23 18:56:20 - [TEST_STEP][PASSED] - println(symbol): null

2019-08-23 18:56:20 - [TEST_STEP][PASSED] - if (i == 2 &amp;&amp; wildList.indexOf(symbol) != -1): null

2019-08-23 18:56:20 - [TEST_STEP][PASSED] - if (i == 3 &amp;&amp; wildList.indexOf(symbol) != -1): null

2019-08-23 18:56:20 - [TEST_STEP][PASSED] - if (i == 4 &amp;&amp; wildList.indexOf(symbol) != -1): null

2019-08-23 18:56:20 - [TEST_STEP][PASSED] - symbol = symbol: null

2019-08-23 18:56:20 - [TEST_STEP][PASSED] - println(symbol): null

2019-08-23 18:56:20 - [TEST_STEP][PASSED] - if (i == 2 &amp;&amp; wildList.indexOf(symbol) != -1): null

2019-08-23 18:56:20 - [TEST_STEP][PASSED] - if (i == 3 &amp;&amp; wildList.indexOf(symbol) != -1): null

2019-08-23 18:56:20 - [TEST_STEP][PASSED] - if (i == 4 &amp;&amp; wildList.indexOf(symbol) != -1): null

2019-08-23 18:56:20 - [TEST_STEP][PASSED] - symbol = symbol: null

2019-08-23 18:56:20 - [TEST_STEP][PASSED] - println(symbol): null

2019-08-23 18:56:20 - [TEST_STEP][PASSED] - if (i == 2 &amp;&amp; wildList.indexOf(symbol) != -1): null

2019-08-23 18:56:20 - [TEST_STEP][PASSED] - if (i == 3 &amp;&amp; wildList.indexOf(symbol) != -1): null

2019-08-23 18:56:20 - [TEST_STEP][PASSED] - if (i == 4 &amp;&amp; wildList.indexOf(symbol) != -1): null

2019-08-23 18:56:20 - [TEST_STEP][PASSED] - symbols = symbols: null

2019-08-23 18:56:20 - [TEST_STEP][PASSED] - for ([j = 0, j &lt; symbols.size(), (j++)]): null

2019-08-23 18:56:20 - [TEST_STEP][PASSED] - symbol = symbol: null

2019-08-23 18:56:20 - [TEST_STEP][PASSED] - println(symbol): null

2019-08-23 18:56:20 - [TEST_STEP][PASSED] - if (i == 2 &amp;&amp; wildList.indexOf(symbol) != -1): null

2019-08-23 18:56:20 - [TEST_STEP][PASSED] - if (i == 3 &amp;&amp; wildList.indexOf(symbol) != -1): null

2019-08-23 18:56:20 - [TEST_STEP][PASSED] - if (i == 4 &amp;&amp; wildList.indexOf(symbol) != -1): null

2019-08-23 18:56:20 - [TEST_STEP][PASSED] - symbol = symbol: null

2019-08-23 18:56:20 - [TEST_STEP][PASSED] - println(symbol): null

2019-08-23 18:56:20 - [TEST_STEP][PASSED] - if (i == 2 &amp;&amp; wildList.indexOf(symbol) != -1): null

2019-08-23 18:56:20 - [TEST_STEP][PASSED] - if (i == 3 &amp;&amp; wildList.indexOf(symbol) != -1): null

2019-08-23 18:56:20 - [TEST_STEP][PASSED] - println("wild found on reel 4, adding counter by 1"): null

2019-08-23 18:56:20 - [TEST_STEP][PASSED] - free_spin_reel_counter[1] = free_spin_reel_counter[1] + 1: null

2019-08-23 18:56:20 - [TEST_STEP][PASSED] - if (i == 4 &amp;&amp; wildList.indexOf(symbol) != -1): null

2019-08-23 18:56:20 - [TEST_STEP][PASSED] - symbol = symbol: null

2019-08-23 18:56:20 - [TEST_STEP][PASSED] - println(symbol): null

2019-08-23 18:56:20 - [TEST_STEP][PASSED] - if (i == 2 &amp;&amp; wildList.indexOf(symbol) != -1): null

2019-08-23 18:56:20 - [TEST_STEP][PASSED] - if (i == 3 &amp;&amp; wildList.indexOf(symbol) != -1): null

2019-08-23 18:56:20 - [TEST_STEP][PASSED] - if (i == 4 &amp;&amp; wildList.indexOf(symbol) != -1): null

2019-08-23 18:56:20 - [TEST_STEP][PASSED] - symbols = symbols: null

2019-08-23 18:56:20 - [TEST_STEP][PASSED] - for ([j = 0, j &lt; symbols.size(), (j++)]): null

2019-08-23 18:56:20 - [TEST_STEP][PASSED] - symbol = symbol: null

2019-08-23 18:56:20 - [TEST_STEP][PASSED] - println(symbol): null

2019-08-23 18:56:20 - [TEST_STEP][PASSED] - if (i == 2 &amp;&amp; wildList.indexOf(symbol) != -1): null

2019-08-23 18:56:20 - [TEST_STEP][PASSED] - if (i == 3 &amp;&amp; wildList.indexOf(symbol) != -1): null

2019-08-23 18:56:20 - [TEST_STEP][PASSED] - if (i == 4 &amp;&amp; wildList.indexOf(symbol) != -1): null

2019-08-23 18:56:20 - [TEST_STEP][PASSED] - symbol = symbol: null

2019-08-23 18:56:20 - [TEST_STEP][PASSED] - println(symbol): null

2019-08-23 18:56:20 - [TEST_STEP][PASSED] - if (i == 2 &amp;&amp; wildList.indexOf(symbol) != -1): null

2019-08-23 18:56:20 - [TEST_STEP][PASSED] - if (i == 3 &amp;&amp; wildList.indexOf(symbol) != -1): null

2019-08-23 18:56:20 - [TEST_STEP][PASSED] - if (i == 4 &amp;&amp; wildList.indexOf(symbol) != -1): null

2019-08-23 18:56:20 - [TEST_STEP][PASSED] - symbol = symbol: null

2019-08-23 18:56:20 - [TEST_STEP][PASSED] - println(symbol): null

2019-08-23 18:56:20 - [TEST_STEP][PASSED] - if (i == 2 &amp;&amp; wildList.indexOf(symbol) != -1): null

2019-08-23 18:56:20 - [TEST_STEP][PASSED] - if (i == 3 &amp;&amp; wildList.indexOf(symbol) != -1): null

2019-08-23 18:56:20 - [TEST_STEP][PASSED] - if (i == 4 &amp;&amp; wildList.indexOf(symbol) != -1): null

2019-08-23 18:56:20 - [TEST_STEP][PASSED] - free_spin_reel_counter = free_spin_reel_counter: null

2019-08-23 18:56:20 - [TEST_STEP][PASSED] - println("reel 3 wild found: " + free_spin_reel_counter[0]): null

2019-08-23 18:56:20 - [TEST_STEP][PASSED] - println("reel 4 wild found: " + free_spin_reel_counter[1]): null

2019-08-23 18:56:20 - [TEST_STEP][PASSED] - println("reel 5 wild found: " + free_spin_reel_counter[2]): null

2019-08-23 18:56:20 - [TEST_STEP][PASSED] - M4_spin_reels = M4_spin_reels: null

2019-08-23 18:56:20 - [TEST_STEP][PASSED] - M4_spin_reels_symbols = symbol: null

2019-08-23 18:56:20 - [TEST_STEP][PASSED] - M4_spin_reels_symbols = M4_spin_reels_symbols: null

2019-08-23 18:56:20 - [TEST_STEP][PASSED] - M4_spin_reel_wins = reel_wins: null

2019-08-23 18:56:20 - [TEST_STEP][PASSED] - M4_spin_reel_wins = M4_spin_reel_wins: null

2019-08-23 18:56:20 - [TEST_STEP][PASSED] - println("GlobalVariable.M4_spin_reel_wins is: " + M4_spin_reel_wins): null

2019-08-23 18:56:20 - [TEST_STEP][PASSED] - M4_spin_total_bonus_win_this_round = total_bonus_win_this_round: null

2019-08-23 18:56:20 - [TEST_STEP][PASSED] - M4_spin_total_bonus_win_this_round = M4_spin_total_bonus_win_this_round: null

2019-08-23 18:56:20 - [TEST_STEP][PASSED] - println("GlobalVariable.M4_spin_total_bonus_win_this_round is: " + M4_spin_total_bonus_win_this_round): null

2019-08-23 18:56:20 - [TEST_STEP][PASSED] - M4_spin_bonus_spin_result = spin_result: null

2019-08-23 18:56:20 - [TEST_STEP][PASSED] - M4_spin_bonus_spin_result = M4_spin_bonus_spin_result: null

2019-08-23 18:56:20 - [MESSAGE][PASSED] - Verify response successfully

2019-08-23 18:56:20 - [MESSAGE][PASSED] - Send request and verify the response successfully

2019-08-23 18:56:20 - [TEST_STEP][PASSED] - if (free_spin_reel_counter[0] &gt;= 1 &amp;&amp; free_spin_reel_counter[1] &gt;= 1 &amp;&amp; free_spin_reel_counter[2] &gt;= 1): null

2019-08-23 18:56:20 - [TEST_STEP][PASSED] - spin_result = sendRequestAndVerify(findTestObject("INT/RGS(M4)/1_M4_spin", ["M4_login_user_id":M4_login_user_id, "rgs_session_token":rgs_session_token, "partner":Partner])): Send request and verify the response successfully

2019-08-23 18:56:21 - [MESSAGE][INFO] - HAR: /Users/eiralee/Katalon_Script/SuperWild/Reports/20190823_184757/INT/superWild_1/20190823_184757/requests/main/212.har

2019-08-23 18:56:21 - [TEST_CASE][PASSED] - Start Test Case : Verification: Verification accomplished successfully

2019-08-23 18:56:21 - [TEST_STEP][PASSED] - request = getInstance().getCurrentRequest(): null

2019-08-23 18:56:21 - [TEST_STEP][PASSED] - response = getInstance().getCurrentResponse(): null

2019-08-23 18:56:21 - [TEST_STEP][PASSED] - verifyResponseStatusCode(response, 200): Verify response status code successfully

2019-08-23 18:56:21 - [MESSAGE][PASSED] - Verify response status code successfully

2019-08-23 18:56:21 - [TEST_STEP][PASSED] - getStatusCode()).isEqualTo(200): null

2019-08-23 18:56:21 - [TEST_STEP][PASSED] - newline = System.getProperty("line.separator"): null

2019-08-23 18:56:21 - [TEST_STEP][PASSED] - M4_spin = new groovy.json.JsonSlurper(): null

2019-08-23 18:56:21 - [TEST_STEP][PASSED] - result_M4_spin = M4_spin.parseText(response.getResponseBodyContent()): null

2019-08-23 18:56:21 - [TEST_STEP][PASSED] - M4_spin_current_balance = current_balance: null

2019-08-23 18:56:21 - [TEST_STEP][PASSED] - M4_spin_current_balance = M4_spin_current_balance: null

2019-08-23 18:56:21 - [TEST_STEP][PASSED] - M4_spin_transaction_id = causality: null

2019-08-23 18:56:21 - [TEST_STEP][PASSED] - M4_spin_transaction_id = M4_spin_transaction_id: null

2019-08-23 18:56:21 - [TEST_STEP][PASSED] - M4_spin_round_id = round_id: null

2019-08-23 18:56:21 - [TEST_STEP][PASSED] - M4_spin_round_id = M4_spin_round_id: null

2019-08-23 18:56:21 - [TEST_STEP][PASSED] - M4_spin_line_wins = line_wins: null

2019-08-23 18:56:21 - [TEST_STEP][PASSED] - M4_spin_line_wins = M4_spin_line_wins: null

2019-08-23 18:56:21 - [TEST_STEP][PASSED] - M4_total_bonus_spins_int = total_bonus_spins: null

2019-08-23 18:56:21 - [TEST_STEP][PASSED] - println("******M4_total_bonus_spins type is:*******" + newline + getClass().getName()): null

2019-08-23 18:56:21 - [TEST_STEP][PASSED] - M4_total_bonus_spins_int = M4_total_bonus_spins_int: null

2019-08-23 18:56:21 - [TEST_STEP][PASSED] - M4_total_bonus_spins = Integer.toString(M4_total_bonus_spins_int): null

2019-08-23 18:56:21 - [TEST_STEP][PASSED] - M4_total_bonus_spins = M4_total_bonus_spins: null

2019-08-23 18:56:21 - [TEST_STEP][PASSED] - println("M4_total_bonus_spins is:" + M4_total_bonus_spins): null

2019-08-23 18:56:21 - [TEST_STEP][PASSED] - M4_spin_bonus_data = bonus_data: null

2019-08-23 18:56:21 - [TEST_STEP][PASSED] - M4_spin_features_triggered = result_M4_spin: null

2019-08-23 18:56:21 - [TEST_STEP][PASSED] - wild = []: null

2019-08-23 18:56:21 - [TEST_STEP][PASSED] - wild[0] = "WILD_Expanding": null

2019-08-23 18:56:21 - [TEST_STEP][PASSED] - wild[1] = "WILD_Normal": null

2019-08-23 18:56:21 - [TEST_STEP][PASSED] - wild[2] = "WILD_Double": null

2019-08-23 18:56:21 - [TEST_STEP][PASSED] - wild[3] = "WILD_ExtraFG": null

2019-08-23 18:56:21 - [TEST_STEP][PASSED] - wild[4] = "WILD_Triple": null

2019-08-23 18:56:21 - [TEST_STEP][PASSED] - wildList = Arrays.asList(wild): null

2019-08-23 18:56:21 - [TEST_STEP][PASSED] - wildList = wildList: null

2019-08-23 18:56:21 - [TEST_STEP][PASSED] - free_spin_reel_counter = []: null

2019-08-23 18:56:21 - [TEST_STEP][PASSED] - free_spin_reel_counter[0] = 0: null

2019-08-23 18:56:21 - [TEST_STEP][PASSED] - free_spin_reel_counter[1] = 0: null

2019-08-23 18:56:21 - [TEST_STEP][PASSED] - free_spin_reel_counter[2] = 0: null

2019-08-23 18:56:21 - [TEST_STEP][PASSED] - M4_spin_reels = reels: null

2019-08-23 18:56:21 - [TEST_STEP][PASSED] - for ([i = 0, i &lt; M4_spin_reels.size(), (i++)]): null

2019-08-23 18:56:21 - [TEST_STEP][PASSED] - symbols = symbols: null

2019-08-23 18:56:21 - [TEST_STEP][PASSED] - for ([j = 0, j &lt; symbols.size(), (j++)]): null

2019-08-23 18:56:21 - [TEST_STEP][PASSED] - symbol = symbol: null

2019-08-23 18:56:21 - [TEST_STEP][PASSED] - println(symbol): null

2019-08-23 18:56:21 - [TEST_STEP][PASSED] - if (i == 2 &amp;&amp; wildList.indexOf(symbol) != -1): null

2019-08-23 18:56:21 - [TEST_STEP][PASSED] - if (i == 3 &amp;&amp; wildList.indexOf(symbol) != -1): null

2019-08-23 18:56:21 - [TEST_STEP][PASSED] - if (i == 4 &amp;&amp; wildList.indexOf(symbol) != -1): null

2019-08-23 18:56:21 - [TEST_STEP][PASSED] - symbol = symbol: null

2019-08-23 18:56:21 - [TEST_STEP][PASSED] - println(symbol): null

2019-08-23 18:56:21 - [TEST_STEP][PASSED] - if (i == 2 &amp;&amp; wildList.indexOf(symbol) != -1): null

2019-08-23 18:56:21 - [TEST_STEP][PASSED] - if (i == 3 &amp;&amp; wildList.indexOf(symbol) != -1): null

2019-08-23 18:56:21 - [TEST_STEP][PASSED] - if (i == 4 &amp;&amp; wildList.indexOf(symbol) != -1): null

2019-08-23 18:56:21 - [TEST_STEP][PASSED] - symbol = symbol: null

2019-08-23 18:56:21 - [TEST_STEP][PASSED] - println(symbol): null

2019-08-23 18:56:21 - [TEST_STEP][PASSED] - if (i == 2 &amp;&amp; wildList.indexOf(symbol) != -1): null

2019-08-23 18:56:21 - [TEST_STEP][PASSED] - if (i == 3 &amp;&amp; wildList.indexOf(symbol) != -1): null

2019-08-23 18:56:21 - [TEST_STEP][PASSED] - if (i == 4 &amp;&amp; wildList.indexOf(symbol) != -1): null

2019-08-23 18:56:21 - [TEST_STEP][PASSED] - symbols = symbols: null

2019-08-23 18:56:21 - [TEST_STEP][PASSED] - for ([j = 0, j &lt; symbols.size(), (j++)]): null

2019-08-23 18:56:21 - [TEST_STEP][PASSED] - symbol = symbol: null

2019-08-23 18:56:21 - [TEST_STEP][PASSED] - println(symbol): null

2019-08-23 18:56:21 - [TEST_STEP][PASSED] - if (i == 2 &amp;&amp; wildList.indexOf(symbol) != -1): null

2019-08-23 18:56:21 - [TEST_STEP][PASSED] - if (i == 3 &amp;&amp; wildList.indexOf(symbol) != -1): null

2019-08-23 18:56:21 - [TEST_STEP][PASSED] - if (i == 4 &amp;&amp; wildList.indexOf(symbol) != -1): null

2019-08-23 18:56:21 - [TEST_STEP][PASSED] - symbol = symbol: null

2019-08-23 18:56:21 - [TEST_STEP][PASSED] - println(symbol): null

2019-08-23 18:56:21 - [TEST_STEP][PASSED] - if (i == 2 &amp;&amp; wildList.indexOf(symbol) != -1): null

2019-08-23 18:56:21 - [TEST_STEP][PASSED] - if (i == 3 &amp;&amp; wildList.indexOf(symbol) != -1): null

2019-08-23 18:56:21 - [TEST_STEP][PASSED] - if (i == 4 &amp;&amp; wildList.indexOf(symbol) != -1): null

2019-08-23 18:56:21 - [TEST_STEP][PASSED] - symbol = symbol: null

2019-08-23 18:56:21 - [TEST_STEP][PASSED] - println(symbol): null

2019-08-23 18:56:21 - [TEST_STEP][PASSED] - if (i == 2 &amp;&amp; wildList.indexOf(symbol) != -1): null

2019-08-23 18:56:21 - [TEST_STEP][PASSED] - if (i == 3 &amp;&amp; wildList.indexOf(symbol) != -1): null

2019-08-23 18:56:21 - [TEST_STEP][PASSED] - if (i == 4 &amp;&amp; wildList.indexOf(symbol) != -1): null

2019-08-23 18:56:21 - [TEST_STEP][PASSED] - symbols = symbols: null

2019-08-23 18:56:21 - [TEST_STEP][PASSED] - for ([j = 0, j &lt; symbols.size(), (j++)]): null

2019-08-23 18:56:21 - [TEST_STEP][PASSED] - symbol = symbol: null

2019-08-23 18:56:21 - [TEST_STEP][PASSED] - println(symbol): null

2019-08-23 18:56:21 - [TEST_STEP][PASSED] - if (i == 2 &amp;&amp; wildList.indexOf(symbol) != -1): null

2019-08-23 18:56:21 - [TEST_STEP][PASSED] - if (i == 3 &amp;&amp; wildList.indexOf(symbol) != -1): null

2019-08-23 18:56:21 - [TEST_STEP][PASSED] - if (i == 4 &amp;&amp; wildList.indexOf(symbol) != -1): null

2019-08-23 18:56:21 - [TEST_STEP][PASSED] - symbol = symbol: null

2019-08-23 18:56:21 - [TEST_STEP][PASSED] - println(symbol): null

2019-08-23 18:56:21 - [TEST_STEP][PASSED] - if (i == 2 &amp;&amp; wildList.indexOf(symbol) != -1): null

2019-08-23 18:56:21 - [TEST_STEP][PASSED] - println("wild found on reel 3, adding counter by 1"): null

2019-08-23 18:56:21 - [TEST_STEP][PASSED] - free_spin_reel_counter[0] = free_spin_reel_counter[0] + 1: null

2019-08-23 18:56:21 - [TEST_STEP][PASSED] - if (i == 3 &amp;&amp; wildList.indexOf(symbol) != -1): null

2019-08-23 18:56:21 - [TEST_STEP][PASSED] - if (i == 4 &amp;&amp; wildList.indexOf(symbol) != -1): null

2019-08-23 18:56:21 - [TEST_STEP][PASSED] - symbol = symbol: null

2019-08-23 18:56:21 - [TEST_STEP][PASSED] - println(symbol): null

2019-08-23 18:56:21 - [TEST_STEP][PASSED] - if (i == 2 &amp;&amp; wildList.indexOf(symbol) != -1): null

2019-08-23 18:56:21 - [TEST_STEP][PASSED] - if (i == 3 &amp;&amp; wildList.indexOf(symbol) != -1): null

2019-08-23 18:56:21 - [TEST_STEP][PASSED] - if (i == 4 &amp;&amp; wildList.indexOf(symbol) != -1): null

2019-08-23 18:56:21 - [TEST_STEP][PASSED] - symbols = symbols: null

2019-08-23 18:56:21 - [TEST_STEP][PASSED] - for ([j = 0, j &lt; symbols.size(), (j++)]): null

2019-08-23 18:56:21 - [TEST_STEP][PASSED] - symbol = symbol: null

2019-08-23 18:56:21 - [TEST_STEP][PASSED] - println(symbol): null

2019-08-23 18:56:21 - [TEST_STEP][PASSED] - if (i == 2 &amp;&amp; wildList.indexOf(symbol) != -1): null

2019-08-23 18:56:21 - [TEST_STEP][PASSED] - if (i == 3 &amp;&amp; wildList.indexOf(symbol) != -1): null

2019-08-23 18:56:21 - [TEST_STEP][PASSED] - if (i == 4 &amp;&amp; wildList.indexOf(symbol) != -1): null

2019-08-23 18:56:23 - [TEST_STEP][PASSED] - symbol = symbol: null

2019-08-23 18:56:23 - [TEST_STEP][PASSED] - println(symbol): null

2019-08-23 18:56:23 - [TEST_STEP][PASSED] - if (i == 2 &amp;&amp; wildList.indexOf(symbol) != -1): null

2019-08-23 18:56:23 - [TEST_STEP][PASSED] - if (i == 3 &amp;&amp; wildList.indexOf(symbol) != -1): null

2019-08-23 18:56:23 - [TEST_STEP][PASSED] - if (i == 4 &amp;&amp; wildList.indexOf(symbol) != -1): null

2019-08-23 18:56:23 - [TEST_STEP][PASSED] - symbol = symbol: null

2019-08-23 18:56:23 - [TEST_STEP][PASSED] - println(symbol): null

2019-08-23 18:56:23 - [TEST_STEP][PASSED] - if (i == 2 &amp;&amp; wildList.indexOf(symbol) != -1): null

2019-08-23 18:56:23 - [TEST_STEP][PASSED] - if (i == 3 &amp;&amp; wildList.indexOf(symbol) != -1): null

2019-08-23 18:56:23 - [TEST_STEP][PASSED] - if (i == 4 &amp;&amp; wildList.indexOf(symbol) != -1): null

2019-08-23 18:56:23 - [TEST_STEP][PASSED] - symbols = symbols: null

2019-08-23 18:56:23 - [TEST_STEP][PASSED] - for ([j = 0, j &lt; symbols.size(), (j++)]): null

2019-08-23 18:56:23 - [TEST_STEP][PASSED] - symbol = symbol: null

2019-08-23 18:56:23 - [TEST_STEP][PASSED] - println(symbol): null

2019-08-23 18:56:23 - [TEST_STEP][PASSED] - if (i == 2 &amp;&amp; wildList.indexOf(symbol) != -1): null

2019-08-23 18:56:23 - [TEST_STEP][PASSED] - if (i == 3 &amp;&amp; wildList.indexOf(symbol) != -1): null

2019-08-23 18:56:23 - [TEST_STEP][PASSED] - if (i == 4 &amp;&amp; wildList.indexOf(symbol) != -1): null

2019-08-23 18:56:23 - [TEST_STEP][PASSED] - symbol = symbol: null

2019-08-23 18:56:23 - [TEST_STEP][PASSED] - println(symbol): null

2019-08-23 18:56:23 - [TEST_STEP][PASSED] - if (i == 2 &amp;&amp; wildList.indexOf(symbol) != -1): null

2019-08-23 18:56:23 - [TEST_STEP][PASSED] - if (i == 3 &amp;&amp; wildList.indexOf(symbol) != -1): null

2019-08-23 18:56:23 - [TEST_STEP][PASSED] - if (i == 4 &amp;&amp; wildList.indexOf(symbol) != -1): null

2019-08-23 18:56:23 - [TEST_STEP][PASSED] - symbol = symbol: null

2019-08-23 18:56:23 - [TEST_STEP][PASSED] - println(symbol): null

2019-08-23 18:56:23 - [TEST_STEP][PASSED] - if (i == 2 &amp;&amp; wildList.indexOf(symbol) != -1): null

2019-08-23 18:56:23 - [TEST_STEP][PASSED] - if (i == 3 &amp;&amp; wildList.indexOf(symbol) != -1): null

2019-08-23 18:56:23 - [TEST_STEP][PASSED] - if (i == 4 &amp;&amp; wildList.indexOf(symbol) != -1): null

2019-08-23 18:56:23 - [TEST_STEP][PASSED] - free_spin_reel_counter = free_spin_reel_counter: null

2019-08-23 18:56:23 - [TEST_STEP][PASSED] - println("reel 3 wild found: " + free_spin_reel_counter[0]): null

2019-08-23 18:56:23 - [TEST_STEP][PASSED] - println("reel 4 wild found: " + free_spin_reel_counter[1]): null

2019-08-23 18:56:23 - [TEST_STEP][PASSED] - println("reel 5 wild found: " + free_spin_reel_counter[2]): null

2019-08-23 18:56:23 - [TEST_STEP][PASSED] - M4_spin_reels = M4_spin_reels: null

2019-08-23 18:56:23 - [TEST_STEP][PASSED] - M4_spin_reels_symbols = symbol: null

2019-08-23 18:56:23 - [TEST_STEP][PASSED] - M4_spin_reels_symbols = M4_spin_reels_symbols: null

2019-08-23 18:56:23 - [TEST_STEP][PASSED] - M4_spin_reel_wins = reel_wins: null

2019-08-23 18:56:23 - [TEST_STEP][PASSED] - M4_spin_reel_wins = M4_spin_reel_wins: null

2019-08-23 18:56:23 - [TEST_STEP][PASSED] - println("GlobalVariable.M4_spin_reel_wins is: " + M4_spin_reel_wins): null

2019-08-23 18:56:23 - [TEST_STEP][PASSED] - M4_spin_total_bonus_win_this_round = total_bonus_win_this_round: null

2019-08-23 18:56:23 - [TEST_STEP][PASSED] - M4_spin_total_bonus_win_this_round = M4_spin_total_bonus_win_this_round: null

2019-08-23 18:56:23 - [TEST_STEP][PASSED] - println("GlobalVariable.M4_spin_total_bonus_win_this_round is: " + M4_spin_total_bonus_win_this_round): null

2019-08-23 18:56:23 - [TEST_STEP][PASSED] - M4_spin_bonus_spin_result = spin_result: null

2019-08-23 18:56:23 - [TEST_STEP][PASSED] - M4_spin_bonus_spin_result = M4_spin_bonus_spin_result: null

2019-08-23 18:56:23 - [MESSAGE][PASSED] - Verify response successfully

2019-08-23 18:56:23 - [MESSAGE][PASSED] - Send request and verify the response successfully

2019-08-23 18:56:23 - [TEST_STEP][PASSED] - if (free_spin_reel_counter[0] &gt;= 1 &amp;&amp; free_spin_reel_counter[1] &gt;= 1 &amp;&amp; free_spin_reel_counter[2] &gt;= 1): null

2019-08-23 18:56:23 - [TEST_STEP][PASSED] - spin_result = sendRequestAndVerify(findTestObject("INT/RGS(M4)/1_M4_spin", ["M4_login_user_id":M4_login_user_id, "rgs_session_token":rgs_session_token, "partner":Partner])): Send request and verify the response successfully

2019-08-23 18:56:23 - [MESSAGE][INFO] - HAR: /Users/eiralee/Katalon_Script/SuperWild/Reports/20190823_184757/INT/superWild_1/20190823_184757/requests/main/213.har

2019-08-23 18:56:23 - [TEST_CASE][PASSED] - Start Test Case : Verification: Verification accomplished successfully

2019-08-23 18:56:24 - [TEST_STEP][PASSED] - request = getInstance().getCurrentRequest(): null

2019-08-23 18:56:24 - [TEST_STEP][PASSED] - response = getInstance().getCurrentResponse(): null

2019-08-23 18:56:24 - [TEST_STEP][PASSED] - verifyResponseStatusCode(response, 200): Verify response status code successfully

2019-08-23 18:56:24 - [MESSAGE][PASSED] - Verify response status code successfully

2019-08-23 18:56:24 - [TEST_STEP][PASSED] - getStatusCode()).isEqualTo(200): null

2019-08-23 18:56:24 - [TEST_STEP][PASSED] - newline = System.getProperty("line.separator"): null

2019-08-23 18:56:24 - [TEST_STEP][PASSED] - M4_spin = new groovy.json.JsonSlurper(): null

2019-08-23 18:56:24 - [TEST_STEP][PASSED] - result_M4_spin = M4_spin.parseText(response.getResponseBodyContent()): null

2019-08-23 18:56:24 - [TEST_STEP][PASSED] - M4_spin_current_balance = current_balance: null

2019-08-23 18:56:24 - [TEST_STEP][PASSED] - M4_spin_current_balance = M4_spin_current_balance: null

2019-08-23 18:56:24 - [TEST_STEP][PASSED] - M4_spin_transaction_id = causality: null

2019-08-23 18:56:24 - [TEST_STEP][PASSED] - M4_spin_transaction_id = M4_spin_transaction_id: null

2019-08-23 18:56:24 - [TEST_STEP][PASSED] - M4_spin_round_id = round_id: null

2019-08-23 18:56:24 - [TEST_STEP][PASSED] - M4_spin_round_id = M4_spin_round_id: null

2019-08-23 18:56:24 - [TEST_STEP][PASSED] - M4_spin_line_wins = line_wins: null

2019-08-23 18:56:24 - [TEST_STEP][PASSED] - M4_spin_line_wins = M4_spin_line_wins: null

2019-08-23 18:56:24 - [TEST_STEP][PASSED] - M4_total_bonus_spins_int = total_bonus_spins: null

2019-08-23 18:56:24 - [TEST_STEP][PASSED] - println("******M4_total_bonus_spins type is:*******" + newline + getClass().getName()): null

2019-08-23 18:56:24 - [TEST_STEP][PASSED] - M4_total_bonus_spins_int = M4_total_bonus_spins_int: null

2019-08-23 18:56:24 - [TEST_STEP][PASSED] - M4_total_bonus_spins = Integer.toString(M4_total_bonus_spins_int): null

2019-08-23 18:56:24 - [TEST_STEP][PASSED] - M4_total_bonus_spins = M4_total_bonus_spins: null

2019-08-23 18:56:24 - [TEST_STEP][PASSED] - println("M4_total_bonus_spins is:" + M4_total_bonus_spins): null

2019-08-23 18:56:24 - [TEST_STEP][PASSED] - M4_spin_bonus_data = bonus_data: null

2019-08-23 18:56:24 - [TEST_STEP][PASSED] - M4_spin_features_triggered = result_M4_spin: null

2019-08-23 18:56:24 - [TEST_STEP][PASSED] - wild = []: null

2019-08-23 18:56:24 - [TEST_STEP][PASSED] - wild[0] = "WILD_Expanding": null

2019-08-23 18:56:24 - [TEST_STEP][PASSED] - wild[1] = "WILD_Normal": null

2019-08-23 18:56:24 - [TEST_STEP][PASSED] - wild[2] = "WILD_Double": null

2019-08-23 18:56:24 - [TEST_STEP][PASSED] - wild[3] = "WILD_ExtraFG": null

2019-08-23 18:56:24 - [TEST_STEP][PASSED] - wild[4] = "WILD_Triple": null

2019-08-23 18:56:24 - [TEST_STEP][PASSED] - wildList = Arrays.asList(wild): null

2019-08-23 18:56:24 - [TEST_STEP][PASSED] - wildList = wildList: null

2019-08-23 18:56:24 - [TEST_STEP][PASSED] - free_spin_reel_counter = []: null

2019-08-23 18:56:24 - [TEST_STEP][PASSED] - free_spin_reel_counter[0] = 0: null

2019-08-23 18:56:24 - [TEST_STEP][PASSED] - free_spin_reel_counter[1] = 0: null

2019-08-23 18:56:24 - [TEST_STEP][PASSED] - free_spin_reel_counter[2] = 0: null

2019-08-23 18:56:24 - [TEST_STEP][PASSED] - M4_spin_reels = reels: null

2019-08-23 18:56:24 - [TEST_STEP][PASSED] - for ([i = 0, i &lt; M4_spin_reels.size(), (i++)]): null

2019-08-23 18:56:24 - [TEST_STEP][PASSED] - symbols = symbols: null

2019-08-23 18:56:24 - [TEST_STEP][PASSED] - for ([j = 0, j &lt; symbols.size(), (j++)]): null

2019-08-23 18:56:24 - [TEST_STEP][PASSED] - symbol = symbol: null

2019-08-23 18:56:24 - [TEST_STEP][PASSED] - println(symbol): null

2019-08-23 18:56:24 - [TEST_STEP][PASSED] - if (i == 2 &amp;&amp; wildList.indexOf(symbol) != -1): null

2019-08-23 18:56:24 - [TEST_STEP][PASSED] - if (i == 3 &amp;&amp; wildList.indexOf(symbol) != -1): null

2019-08-23 18:56:24 - [TEST_STEP][PASSED] - if (i == 4 &amp;&amp; wildList.indexOf(symbol) != -1): null

2019-08-23 18:56:24 - [TEST_STEP][PASSED] - symbol = symbol: null

2019-08-23 18:56:24 - [TEST_STEP][PASSED] - println(symbol): null

2019-08-23 18:56:24 - [TEST_STEP][PASSED] - if (i == 2 &amp;&amp; wildList.indexOf(symbol) != -1): null

2019-08-23 18:56:24 - [TEST_STEP][PASSED] - if (i == 3 &amp;&amp; wildList.indexOf(symbol) != -1): null

2019-08-23 18:56:24 - [TEST_STEP][PASSED] - if (i == 4 &amp;&amp; wildList.indexOf(symbol) != -1): null

2019-08-23 18:56:24 - [TEST_STEP][PASSED] - symbol = symbol: null

2019-08-23 18:56:24 - [TEST_STEP][PASSED] - println(symbol): null

2019-08-23 18:56:24 - [TEST_STEP][PASSED] - if (i == 2 &amp;&amp; wildList.indexOf(symbol) != -1): null

2019-08-23 18:56:24 - [TEST_STEP][PASSED] - if (i == 3 &amp;&amp; wildList.indexOf(symbol) != -1): null

2019-08-23 18:56:24 - [TEST_STEP][PASSED] - if (i == 4 &amp;&amp; wildList.indexOf(symbol) != -1): null

2019-08-23 18:56:24 - [TEST_STEP][PASSED] - symbols = symbols: null

2019-08-23 18:56:24 - [TEST_STEP][PASSED] - for ([j = 0, j &lt; symbols.size(), (j++)]): null

2019-08-23 18:56:24 - [TEST_STEP][PASSED] - symbol = symbol: null

2019-08-23 18:56:24 - [TEST_STEP][PASSED] - println(symbol): null

2019-08-23 18:56:24 - [TEST_STEP][PASSED] - if (i == 2 &amp;&amp; wildList.indexOf(symbol) != -1): null

2019-08-23 18:56:24 - [TEST_STEP][PASSED] - if (i == 3 &amp;&amp; wildList.indexOf(symbol) != -1): null

2019-08-23 18:56:24 - [TEST_STEP][PASSED] - if (i == 4 &amp;&amp; wildList.indexOf(symbol) != -1): null

2019-08-23 18:56:24 - [TEST_STEP][PASSED] - symbol = symbol: null

2019-08-23 18:56:24 - [TEST_STEP][PASSED] - println(symbol): null

2019-08-23 18:56:24 - [TEST_STEP][PASSED] - if (i == 2 &amp;&amp; wildList.indexOf(symbol) != -1): null

2019-08-23 18:56:24 - [TEST_STEP][PASSED] - if (i == 3 &amp;&amp; wildList.indexOf(symbol) != -1): null

2019-08-23 18:56:24 - [TEST_STEP][PASSED] - if (i == 4 &amp;&amp; wildList.indexOf(symbol) != -1): null

2019-08-23 18:56:24 - [TEST_STEP][PASSED] - symbol = symbol: null

2019-08-23 18:56:24 - [TEST_STEP][PASSED] - println(symbol): null

2019-08-23 18:56:24 - [TEST_STEP][PASSED] - if (i == 2 &amp;&amp; wildList.indexOf(symbol) != -1): null

2019-08-23 18:56:24 - [TEST_STEP][PASSED] - if (i == 3 &amp;&amp; wildList.indexOf(symbol) != -1): null

2019-08-23 18:56:24 - [TEST_STEP][PASSED] - if (i == 4 &amp;&amp; wildList.indexOf(symbol) != -1): null

2019-08-23 18:56:24 - [TEST_STEP][PASSED] - symbols = symbols: null

2019-08-23 18:56:24 - [TEST_STEP][PASSED] - for ([j = 0, j &lt; symbols.size(), (j++)]): null

2019-08-23 18:56:24 - [TEST_STEP][PASSED] - symbol = symbol: null

2019-08-23 18:56:24 - [TEST_STEP][PASSED] - println(symbol): null

2019-08-23 18:56:24 - [TEST_STEP][PASSED] - if (i == 2 &amp;&amp; wildList.indexOf(symbol) != -1): null

2019-08-23 18:56:24 - [TEST_STEP][PASSED] - if (i == 3 &amp;&amp; wildList.indexOf(symbol) != -1): null

2019-08-23 18:56:24 - [TEST_STEP][PASSED] - if (i == 4 &amp;&amp; wildList.indexOf(symbol) != -1): null

2019-08-23 18:56:24 - [TEST_STEP][PASSED] - symbol = symbol: null

2019-08-23 18:56:24 - [TEST_STEP][PASSED] - println(symbol): null

2019-08-23 18:56:24 - [TEST_STEP][PASSED] - if (i == 2 &amp;&amp; wildList.indexOf(symbol) != -1): null

2019-08-23 18:56:24 - [TEST_STEP][PASSED] - println("wild found on reel 3, adding counter by 1"): null

2019-08-23 18:56:24 - [TEST_STEP][PASSED] - free_spin_reel_counter[0] = free_spin_reel_counter[0] + 1: null

2019-08-23 18:56:24 - [TEST_STEP][PASSED] - if (i == 3 &amp;&amp; wildList.indexOf(symbol) != -1): null

2019-08-23 18:56:24 - [TEST_STEP][PASSED] - if (i == 4 &amp;&amp; wildList.indexOf(symbol) != -1): null

2019-08-23 18:56:24 - [TEST_STEP][PASSED] - symbol = symbol: null

2019-08-23 18:56:24 - [TEST_STEP][PASSED] - println(symbol): null

2019-08-23 18:56:24 - [TEST_STEP][PASSED] - if (i == 2 &amp;&amp; wildList.indexOf(symbol) != -1): null

2019-08-23 18:56:24 - [TEST_STEP][PASSED] - if (i == 3 &amp;&amp; wildList.indexOf(symbol) != -1): null

2019-08-23 18:56:24 - [TEST_STEP][PASSED] - if (i == 4 &amp;&amp; wildList.indexOf(symbol) != -1): null

2019-08-23 18:56:24 - [TEST_STEP][PASSED] - symbols = symbols: null

2019-08-23 18:56:24 - [TEST_STEP][PASSED] - for ([j = 0, j &lt; symbols.size(), (j++)]): null

2019-08-23 18:56:24 - [TEST_STEP][PASSED] - symbol = symbol: null

2019-08-23 18:56:24 - [TEST_STEP][PASSED] - println(symbol): null

2019-08-23 18:56:24 - [TEST_STEP][PASSED] - if (i == 2 &amp;&amp; wildList.indexOf(symbol) != -1): null

2019-08-23 18:56:24 - [TEST_STEP][PASSED] - if (i == 3 &amp;&amp; wildList.indexOf(symbol) != -1): null

2019-08-23 18:56:24 - [TEST_STEP][PASSED] - if (i == 4 &amp;&amp; wildList.indexOf(symbol) != -1): null

2019-08-23 18:56:24 - [TEST_STEP][PASSED] - symbol = symbol: null

2019-08-23 18:56:24 - [TEST_STEP][PASSED] - println(symbol): null

2019-08-23 18:56:24 - [TEST_STEP][PASSED] - if (i == 2 &amp;&amp; wildList.indexOf(symbol) != -1): null

2019-08-23 18:56:24 - [TEST_STEP][PASSED] - if (i == 3 &amp;&amp; wildList.indexOf(symbol) != -1): null

2019-08-23 18:56:24 - [TEST_STEP][PASSED] - if (i == 4 &amp;&amp; wildList.indexOf(symbol) != -1): null

2019-08-23 18:56:24 - [TEST_STEP][PASSED] - symbol = symbol: null

2019-08-23 18:56:24 - [TEST_STEP][PASSED] - println(symbol): null

2019-08-23 18:56:24 - [TEST_STEP][PASSED] - if (i == 2 &amp;&amp; wildList.indexOf(symbol) != -1): null

2019-08-23 18:56:24 - [TEST_STEP][PASSED] - if (i == 3 &amp;&amp; wildList.indexOf(symbol) != -1): null

2019-08-23 18:56:24 - [TEST_STEP][PASSED] - if (i == 4 &amp;&amp; wildList.indexOf(symbol) != -1): null

2019-08-23 18:56:24 - [TEST_STEP][PASSED] - symbols = symbols: null

2019-08-23 18:56:24 - [TEST_STEP][PASSED] - for ([j = 0, j &lt; symbols.size(), (j++)]): null

2019-08-23 18:56:24 - [TEST_STEP][PASSED] - symbol = symbol: null

2019-08-23 18:56:24 - [TEST_STEP][PASSED] - println(symbol): null

2019-08-23 18:56:24 - [TEST_STEP][PASSED] - if (i == 2 &amp;&amp; wildList.indexOf(symbol) != -1): null

2019-08-23 18:56:24 - [TEST_STEP][PASSED] - if (i == 3 &amp;&amp; wildList.indexOf(symbol) != -1): null

2019-08-23 18:56:24 - [TEST_STEP][PASSED] - if (i == 4 &amp;&amp; wildList.indexOf(symbol) != -1): null

2019-08-23 18:56:24 - [TEST_STEP][PASSED] - println("wild found on reel 5, adding counter by 1"): null

2019-08-23 18:56:24 - [TEST_STEP][PASSED] - free_spin_reel_counter[2] = free_spin_reel_counter[2] + 1: null

2019-08-23 18:56:24 - [TEST_STEP][PASSED] - symbol = symbol: null

2019-08-23 18:56:24 - [TEST_STEP][PASSED] - println(symbol): null

2019-08-23 18:56:24 - [TEST_STEP][PASSED] - if (i == 2 &amp;&amp; wildList.indexOf(symbol) != -1): null

2019-08-23 18:56:24 - [TEST_STEP][PASSED] - if (i == 3 &amp;&amp; wildList.indexOf(symbol) != -1): null

2019-08-23 18:56:24 - [TEST_STEP][PASSED] - if (i == 4 &amp;&amp; wildList.indexOf(symbol) != -1): null

2019-08-23 18:56:24 - [TEST_STEP][PASSED] - symbol = symbol: null

2019-08-23 18:56:24 - [TEST_STEP][PASSED] - println(symbol): null

2019-08-23 18:56:24 - [TEST_STEP][PASSED] - if (i == 2 &amp;&amp; wildList.indexOf(symbol) != -1): null

2019-08-23 18:56:24 - [TEST_STEP][PASSED] - if (i == 3 &amp;&amp; wildList.indexOf(symbol) != -1): null

2019-08-23 18:56:24 - [TEST_STEP][PASSED] - if (i == 4 &amp;&amp; wildList.indexOf(symbol) != -1): null

2019-08-23 18:56:24 - [TEST_STEP][PASSED] - free_spin_reel_counter = free_spin_reel_counter: null

2019-08-23 18:56:24 - [TEST_STEP][PASSED] - println("reel 3 wild found: " + free_spin_reel_counter[0]): null

2019-08-23 18:56:24 - [TEST_STEP][PASSED] - println("reel 4 wild found: " + free_spin_reel_counter[1]): null

2019-08-23 18:56:24 - [TEST_STEP][PASSED] - println("reel 5 wild found: " + free_spin_reel_counter[2]): null

2019-08-23 18:56:24 - [TEST_STEP][PASSED] - M4_spin_reels = M4_spin_reels: null

2019-08-23 18:56:24 - [TEST_STEP][PASSED] - M4_spin_reels_symbols = symbol: null

2019-08-23 18:56:24 - [TEST_STEP][PASSED] - M4_spin_reels_symbols = M4_spin_reels_symbols: null

2019-08-23 18:56:24 - [TEST_STEP][PASSED] - M4_spin_reel_wins = reel_wins: null

2019-08-23 18:56:24 - [TEST_STEP][PASSED] - M4_spin_reel_wins = M4_spin_reel_wins: null

2019-08-23 18:56:24 - [TEST_STEP][PASSED] - println("GlobalVariable.M4_spin_reel_wins is: " + M4_spin_reel_wins): null

2019-08-23 18:56:24 - [TEST_STEP][PASSED] - M4_spin_total_bonus_win_this_round = total_bonus_win_this_round: null

2019-08-23 18:56:24 - [TEST_STEP][PASSED] - M4_spin_total_bonus_win_this_round = M4_spin_total_bonus_win_this_round: null

2019-08-23 18:56:24 - [TEST_STEP][PASSED] - println("GlobalVariable.M4_spin_total_bonus_win_this_round is: " + M4_spin_total_bonus_win_this_round): null

2019-08-23 18:56:24 - [TEST_STEP][PASSED] - M4_spin_bonus_spin_result = spin_result: null

2019-08-23 18:56:24 - [TEST_STEP][PASSED] - M4_spin_bonus_spin_result = M4_spin_bonus_spin_result: null

2019-08-23 18:56:24 - [MESSAGE][PASSED] - Verify response successfully

2019-08-23 18:56:24 - [MESSAGE][PASSED] - Send request and verify the response successfully

2019-08-23 18:56:24 - [TEST_STEP][PASSED] - if (free_spin_reel_counter[0] &gt;= 1 &amp;&amp; free_spin_reel_counter[1] &gt;= 1 &amp;&amp; free_spin_reel_counter[2] &gt;= 1): null

2019-08-23 18:56:24 - [TEST_STEP][PASSED] - spin_result = sendRequestAndVerify(findTestObject("INT/RGS(M4)/1_M4_spin", ["M4_login_user_id":M4_login_user_id, "rgs_session_token":rgs_session_token, "partner":Partner])): Send request and verify the response successfully

2019-08-23 18:56:24 - [MESSAGE][INFO] - HAR: /Users/eiralee/Katalon_Script/SuperWild/Reports/20190823_184757/INT/superWild_1/20190823_184757/requests/main/214.har

2019-08-23 18:56:24 - [TEST_CASE][PASSED] - Start Test Case : Verification: Verification accomplished successfully

2019-08-23 18:56:24 - [TEST_STEP][PASSED] - request = getInstance().getCurrentRequest(): null

2019-08-23 18:56:25 - [TEST_STEP][PASSED] - response = getInstance().getCurrentResponse(): null

2019-08-23 18:56:25 - [TEST_STEP][PASSED] - verifyResponseStatusCode(response, 200): Verify response status code successfully

2019-08-23 18:56:25 - [MESSAGE][PASSED] - Verify response status code successfully

2019-08-23 18:56:25 - [TEST_STEP][PASSED] - getStatusCode()).isEqualTo(200): null

2019-08-23 18:56:25 - [TEST_STEP][PASSED] - newline = System.getProperty("line.separator"): null

2019-08-23 18:56:25 - [TEST_STEP][PASSED] - M4_spin = new groovy.json.JsonSlurper(): null

2019-08-23 18:56:25 - [TEST_STEP][PASSED] - result_M4_spin = M4_spin.parseText(response.getResponseBodyContent()): null

2019-08-23 18:56:25 - [TEST_STEP][PASSED] - M4_spin_current_balance = current_balance: null

2019-08-23 18:56:25 - [TEST_STEP][PASSED] - M4_spin_current_balance = M4_spin_current_balance: null

2019-08-23 18:56:25 - [TEST_STEP][PASSED] - M4_spin_transaction_id = causality: null

2019-08-23 18:56:25 - [TEST_STEP][PASSED] - M4_spin_transaction_id = M4_spin_transaction_id: null

2019-08-23 18:56:25 - [TEST_STEP][PASSED] - M4_spin_round_id = round_id: null

2019-08-23 18:56:25 - [TEST_STEP][PASSED] - M4_spin_round_id = M4_spin_round_id: null

2019-08-23 18:56:25 - [TEST_STEP][PASSED] - M4_spin_line_wins = line_wins: null

2019-08-23 18:56:25 - [TEST_STEP][PASSED] - M4_spin_line_wins = M4_spin_line_wins: null

2019-08-23 18:56:25 - [TEST_STEP][PASSED] - M4_total_bonus_spins_int = total_bonus_spins: null

2019-08-23 18:56:25 - [TEST_STEP][PASSED] - println("******M4_total_bonus_spins type is:*******" + newline + getClass().getName()): null

2019-08-23 18:56:25 - [TEST_STEP][PASSED] - M4_total_bonus_spins_int = M4_total_bonus_spins_int: null

2019-08-23 18:56:25 - [TEST_STEP][PASSED] - M4_total_bonus_spins = Integer.toString(M4_total_bonus_spins_int): null

2019-08-23 18:56:25 - [TEST_STEP][PASSED] - M4_total_bonus_spins = M4_total_bonus_spins: null

2019-08-23 18:56:25 - [TEST_STEP][PASSED] - println("M4_total_bonus_spins is:" + M4_total_bonus_spins): null

2019-08-23 18:56:25 - [TEST_STEP][PASSED] - M4_spin_bonus_data = bonus_data: null

2019-08-23 18:56:25 - [TEST_STEP][PASSED] - M4_spin_features_triggered = result_M4_spin: null

2019-08-23 18:56:25 - [TEST_STEP][PASSED] - wild = []: null

2019-08-23 18:56:25 - [TEST_STEP][PASSED] - wild[0] = "WILD_Expanding": null

2019-08-23 18:56:25 - [TEST_STEP][PASSED] - wild[1] = "WILD_Normal": null

2019-08-23 18:56:25 - [TEST_STEP][PASSED] - wild[2] = "WILD_Double": null

2019-08-23 18:56:25 - [TEST_STEP][PASSED] - wild[3] = "WILD_ExtraFG": null

2019-08-23 18:56:25 - [TEST_STEP][PASSED] - wild[4] = "WILD_Triple": null

2019-08-23 18:56:25 - [TEST_STEP][PASSED] - wildList = Arrays.asList(wild): null

2019-08-23 18:56:25 - [TEST_STEP][PASSED] - wildList = wildList: null

2019-08-23 18:56:25 - [TEST_STEP][PASSED] - free_spin_reel_counter = []: null

2019-08-23 18:56:25 - [TEST_STEP][PASSED] - free_spin_reel_counter[0] = 0: null

2019-08-23 18:56:25 - [TEST_STEP][PASSED] - free_spin_reel_counter[1] = 0: null

2019-08-23 18:56:25 - [TEST_STEP][PASSED] - free_spin_reel_counter[2] = 0: null

2019-08-23 18:56:25 - [TEST_STEP][PASSED] - M4_spin_reels = reels: null

2019-08-23 18:56:25 - [TEST_STEP][PASSED] - for ([i = 0, i &lt; M4_spin_reels.size(), (i++)]): null

2019-08-23 18:56:25 - [TEST_STEP][PASSED] - symbols = symbols: null

2019-08-23 18:56:25 - [TEST_STEP][PASSED] - for ([j = 0, j &lt; symbols.size(), (j++)]): null

2019-08-23 18:56:25 - [TEST_STEP][PASSED] - symbol = symbol: null

2019-08-23 18:56:25 - [TEST_STEP][PASSED] - println(symbol): null

2019-08-23 18:56:25 - [TEST_STEP][PASSED] - if (i == 2 &amp;&amp; wildList.indexOf(symbol) != -1): null

2019-08-23 18:56:25 - [TEST_STEP][PASSED] - if (i == 3 &amp;&amp; wildList.indexOf(symbol) != -1): null

2019-08-23 18:56:25 - [TEST_STEP][PASSED] - if (i == 4 &amp;&amp; wildList.indexOf(symbol) != -1): null

2019-08-23 18:56:25 - [TEST_STEP][PASSED] - symbol = symbol: null

2019-08-23 18:56:25 - [TEST_STEP][PASSED] - println(symbol): null

2019-08-23 18:56:25 - [TEST_STEP][PASSED] - if (i == 2 &amp;&amp; wildList.indexOf(symbol) != -1): null

2019-08-23 18:56:25 - [TEST_STEP][PASSED] - if (i == 3 &amp;&amp; wildList.indexOf(symbol) != -1): null

2019-08-23 18:56:25 - [TEST_STEP][PASSED] - if (i == 4 &amp;&amp; wildList.indexOf(symbol) != -1): null

2019-08-23 18:56:25 - [TEST_STEP][PASSED] - symbol = symbol: null

2019-08-23 18:56:25 - [TEST_STEP][PASSED] - println(symbol): null

2019-08-23 18:56:25 - [TEST_STEP][PASSED] - if (i == 2 &amp;&amp; wildList.indexOf(symbol) != -1): null

2019-08-23 18:56:25 - [TEST_STEP][PASSED] - if (i == 3 &amp;&amp; wildList.indexOf(symbol) != -1): null

2019-08-23 18:56:25 - [TEST_STEP][PASSED] - if (i == 4 &amp;&amp; wildList.indexOf(symbol) != -1): null

2019-08-23 18:56:25 - [TEST_STEP][PASSED] - symbols = symbols: null

2019-08-23 18:56:25 - [TEST_STEP][PASSED] - for ([j = 0, j &lt; symbols.size(), (j++)]): null

2019-08-23 18:56:25 - [TEST_STEP][PASSED] - symbol = symbol: null

2019-08-23 18:56:25 - [TEST_STEP][PASSED] - println(symbol): null

2019-08-23 18:56:25 - [TEST_STEP][PASSED] - if (i == 2 &amp;&amp; wildList.indexOf(symbol) != -1): null

2019-08-23 18:56:25 - [TEST_STEP][PASSED] - if (i == 3 &amp;&amp; wildList.indexOf(symbol) != -1): null

2019-08-23 18:56:25 - [TEST_STEP][PASSED] - if (i == 4 &amp;&amp; wildList.indexOf(symbol) != -1): null

2019-08-23 18:56:25 - [TEST_STEP][PASSED] - symbol = symbol: null

2019-08-23 18:56:25 - [TEST_STEP][PASSED] - println(symbol): null

2019-08-23 18:56:25 - [TEST_STEP][PASSED] - if (i == 2 &amp;&amp; wildList.indexOf(symbol) != -1): null

2019-08-23 18:56:25 - [TEST_STEP][PASSED] - if (i == 3 &amp;&amp; wildList.indexOf(symbol) != -1): null

2019-08-23 18:56:25 - [TEST_STEP][PASSED] - if (i == 4 &amp;&amp; wildList.indexOf(symbol) != -1): null

2019-08-23 18:56:25 - [TEST_STEP][PASSED] - symbol = symbol: null

2019-08-23 18:56:25 - [TEST_STEP][PASSED] - println(symbol): null

2019-08-23 18:56:25 - [TEST_STEP][PASSED] - if (i == 2 &amp;&amp; wildList.indexOf(symbol) != -1): null

2019-08-23 18:56:25 - [TEST_STEP][PASSED] - if (i == 3 &amp;&amp; wildList.indexOf(symbol) != -1): null

2019-08-23 18:56:25 - [TEST_STEP][PASSED] - if (i == 4 &amp;&amp; wildList.indexOf(symbol) != -1): null

2019-08-23 18:56:25 - [TEST_STEP][PASSED] - symbols = symbols: null

2019-08-23 18:56:25 - [TEST_STEP][PASSED] - for ([j = 0, j &lt; symbols.size(), (j++)]): null

2019-08-23 18:56:25 - [TEST_STEP][PASSED] - symbol = symbol: null

2019-08-23 18:56:25 - [TEST_STEP][PASSED] - println(symbol): null

2019-08-23 18:56:25 - [TEST_STEP][PASSED] - if (i == 2 &amp;&amp; wildList.indexOf(symbol) != -1): null

2019-08-23 18:56:25 - [TEST_STEP][PASSED] - println("wild found on reel 3, adding counter by 1"): null

2019-08-23 18:56:25 - [TEST_STEP][PASSED] - free_spin_reel_counter[0] = free_spin_reel_counter[0] + 1: null

2019-08-23 18:56:25 - [TEST_STEP][PASSED] - if (i == 3 &amp;&amp; wildList.indexOf(symbol) != -1): null

2019-08-23 18:56:25 - [TEST_STEP][PASSED] - if (i == 4 &amp;&amp; wildList.indexOf(symbol) != -1): null

2019-08-23 18:56:25 - [TEST_STEP][PASSED] - symbol = symbol: null

2019-08-23 18:56:25 - [TEST_STEP][PASSED] - println(symbol): null

2019-08-23 18:56:25 - [TEST_STEP][PASSED] - if (i == 2 &amp;&amp; wildList.indexOf(symbol) != -1): null

2019-08-23 18:56:25 - [TEST_STEP][PASSED] - if (i == 3 &amp;&amp; wildList.indexOf(symbol) != -1): null

2019-08-23 18:56:25 - [TEST_STEP][PASSED] - if (i == 4 &amp;&amp; wildList.indexOf(symbol) != -1): null

2019-08-23 18:56:25 - [TEST_STEP][PASSED] - symbol = symbol: null

2019-08-23 18:56:25 - [TEST_STEP][PASSED] - println(symbol): null

2019-08-23 18:56:25 - [TEST_STEP][PASSED] - if (i == 2 &amp;&amp; wildList.indexOf(symbol) != -1): null

2019-08-23 18:56:25 - [TEST_STEP][PASSED] - if (i == 3 &amp;&amp; wildList.indexOf(symbol) != -1): null

2019-08-23 18:56:25 - [TEST_STEP][PASSED] - if (i == 4 &amp;&amp; wildList.indexOf(symbol) != -1): null

2019-08-23 18:56:25 - [TEST_STEP][PASSED] - symbols = symbols: null

2019-08-23 18:56:25 - [TEST_STEP][PASSED] - for ([j = 0, j &lt; symbols.size(), (j++)]): null

2019-08-23 18:56:25 - [TEST_STEP][PASSED] - symbol = symbol: null

2019-08-23 18:56:25 - [TEST_STEP][PASSED] - println(symbol): null

2019-08-23 18:56:25 - [TEST_STEP][PASSED] - if (i == 2 &amp;&amp; wildList.indexOf(symbol) != -1): null

2019-08-23 18:56:25 - [TEST_STEP][PASSED] - if (i == 3 &amp;&amp; wildList.indexOf(symbol) != -1): null

2019-08-23 18:56:25 - [TEST_STEP][PASSED] - if (i == 4 &amp;&amp; wildList.indexOf(symbol) != -1): null

2019-08-23 18:56:25 - [TEST_STEP][PASSED] - symbol = symbol: null

2019-08-23 18:56:25 - [TEST_STEP][PASSED] - println(symbol): null

2019-08-23 18:56:25 - [TEST_STEP][PASSED] - if (i == 2 &amp;&amp; wildList.indexOf(symbol) != -1): null

2019-08-23 18:56:25 - [TEST_STEP][PASSED] - if (i == 3 &amp;&amp; wildList.indexOf(symbol) != -1): null

2019-08-23 18:56:25 - [TEST_STEP][PASSED] - if (i == 4 &amp;&amp; wildList.indexOf(symbol) != -1): null

2019-08-23 18:56:25 - [TEST_STEP][PASSED] - symbol = symbol: null

2019-08-23 18:56:25 - [TEST_STEP][PASSED] - println(symbol): null

2019-08-23 18:56:25 - [TEST_STEP][PASSED] - if (i == 2 &amp;&amp; wildList.indexOf(symbol) != -1): null

2019-08-23 18:56:25 - [TEST_STEP][PASSED] - if (i == 3 &amp;&amp; wildList.indexOf(symbol) != -1): null

2019-08-23 18:56:25 - [TEST_STEP][PASSED] - if (i == 4 &amp;&amp; wildList.indexOf(symbol) != -1): null

2019-08-23 18:56:25 - [TEST_STEP][PASSED] - symbols = symbols: null

2019-08-23 18:56:25 - [TEST_STEP][PASSED] - for ([j = 0, j &lt; symbols.size(), (j++)]): null

2019-08-23 18:56:25 - [TEST_STEP][PASSED] - symbol = symbol: null

2019-08-23 18:56:25 - [TEST_STEP][PASSED] - println(symbol): null

2019-08-23 18:56:25 - [TEST_STEP][PASSED] - if (i == 2 &amp;&amp; wildList.indexOf(symbol) != -1): null

2019-08-23 18:56:25 - [TEST_STEP][PASSED] - if (i == 3 &amp;&amp; wildList.indexOf(symbol) != -1): null

2019-08-23 18:56:25 - [TEST_STEP][PASSED] - if (i == 4 &amp;&amp; wildList.indexOf(symbol) != -1): null

2019-08-23 18:56:25 - [TEST_STEP][PASSED] - println("wild found on reel 5, adding counter by 1"): null

2019-08-23 18:56:25 - [TEST_STEP][PASSED] - free_spin_reel_counter[2] = free_spin_reel_counter[2] + 1: null

2019-08-23 18:56:25 - [TEST_STEP][PASSED] - symbol = symbol: null

2019-08-23 18:56:25 - [TEST_STEP][PASSED] - println(symbol): null

2019-08-23 18:56:25 - [TEST_STEP][PASSED] - if (i == 2 &amp;&amp; wildList.indexOf(symbol) != -1): null

2019-08-23 18:56:25 - [TEST_STEP][PASSED] - if (i == 3 &amp;&amp; wildList.indexOf(symbol) != -1): null

2019-08-23 18:56:25 - [TEST_STEP][PASSED] - if (i == 4 &amp;&amp; wildList.indexOf(symbol) != -1): null

2019-08-23 18:56:25 - [TEST_STEP][PASSED] - symbol = symbol: null

2019-08-23 18:56:25 - [TEST_STEP][PASSED] - println(symbol): null

2019-08-23 18:56:25 - [TEST_STEP][PASSED] - if (i == 2 &amp;&amp; wildList.indexOf(symbol) != -1): null

2019-08-23 18:56:25 - [TEST_STEP][PASSED] - if (i == 3 &amp;&amp; wildList.indexOf(symbol) != -1): null

2019-08-23 18:56:25 - [TEST_STEP][PASSED] - if (i == 4 &amp;&amp; wildList.indexOf(symbol) != -1): null

2019-08-23 18:56:27 - [TEST_STEP][PASSED] - free_spin_reel_counter = free_spin_reel_counter: null

2019-08-23 18:56:27 - [TEST_STEP][PASSED] - println("reel 3 wild found: " + free_spin_reel_counter[0]): null

2019-08-23 18:56:27 - [TEST_STEP][PASSED] - println("reel 4 wild found: " + free_spin_reel_counter[1]): null

2019-08-23 18:56:27 - [TEST_STEP][PASSED] - println("reel 5 wild found: " + free_spin_reel_counter[2]): null

2019-08-23 18:56:27 - [TEST_STEP][PASSED] - M4_spin_reels = M4_spin_reels: null

2019-08-23 18:56:27 - [TEST_STEP][PASSED] - M4_spin_reels_symbols = symbol: null

2019-08-23 18:56:27 - [TEST_STEP][PASSED] - M4_spin_reels_symbols = M4_spin_reels_symbols: null

2019-08-23 18:56:27 - [TEST_STEP][PASSED] - M4_spin_reel_wins = reel_wins: null

2019-08-23 18:56:27 - [TEST_STEP][PASSED] - M4_spin_reel_wins = M4_spin_reel_wins: null

2019-08-23 18:56:27 - [TEST_STEP][PASSED] - println("GlobalVariable.M4_spin_reel_wins is: " + M4_spin_reel_wins): null

2019-08-23 18:56:27 - [TEST_STEP][PASSED] - M4_spin_total_bonus_win_this_round = total_bonus_win_this_round: null

2019-08-23 18:56:27 - [TEST_STEP][PASSED] - M4_spin_total_bonus_win_this_round = M4_spin_total_bonus_win_this_round: null

2019-08-23 18:56:27 - [TEST_STEP][PASSED] - println("GlobalVariable.M4_spin_total_bonus_win_this_round is: " + M4_spin_total_bonus_win_this_round): null

2019-08-23 18:56:27 - [TEST_STEP][PASSED] - M4_spin_bonus_spin_result = spin_result: null

2019-08-23 18:56:27 - [TEST_STEP][PASSED] - M4_spin_bonus_spin_result = M4_spin_bonus_spin_result: null

2019-08-23 18:56:27 - [MESSAGE][PASSED] - Verify response successfully

2019-08-23 18:56:27 - [MESSAGE][PASSED] - Send request and verify the response successfully

2019-08-23 18:56:27 - [TEST_STEP][PASSED] - if (free_spin_reel_counter[0] &gt;= 1 &amp;&amp; free_spin_reel_counter[1] &gt;= 1 &amp;&amp; free_spin_reel_counter[2] &gt;= 1): null

2019-08-23 18:56:27 - [TEST_STEP][PASSED] - spin_result = sendRequestAndVerify(findTestObject("INT/RGS(M4)/1_M4_spin", ["M4_login_user_id":M4_login_user_id, "rgs_session_token":rgs_session_token, "partner":Partner])): Send request and verify the response successfully

2019-08-23 18:56:28 - [MESSAGE][INFO] - HAR: /Users/eiralee/Katalon_Script/SuperWild/Reports/20190823_184757/INT/superWild_1/20190823_184757/requests/main/215.har

2019-08-23 18:56:28 - [TEST_CASE][PASSED] - Start Test Case : Verification: Verification accomplished successfully

2019-08-23 18:56:28 - [TEST_STEP][PASSED] - request = getInstance().getCurrentRequest(): null

2019-08-23 18:56:28 - [TEST_STEP][PASSED] - response = getInstance().getCurrentResponse(): null

2019-08-23 18:56:28 - [TEST_STEP][PASSED] - verifyResponseStatusCode(response, 200): Verify response status code successfully

2019-08-23 18:56:28 - [MESSAGE][PASSED] - Verify response status code successfully

2019-08-23 18:56:28 - [TEST_STEP][PASSED] - getStatusCode()).isEqualTo(200): null

2019-08-23 18:56:28 - [TEST_STEP][PASSED] - newline = System.getProperty("line.separator"): null

2019-08-23 18:56:28 - [TEST_STEP][PASSED] - M4_spin = new groovy.json.JsonSlurper(): null

2019-08-23 18:56:28 - [TEST_STEP][PASSED] - result_M4_spin = M4_spin.parseText(response.getResponseBodyContent()): null

2019-08-23 18:56:28 - [TEST_STEP][PASSED] - M4_spin_current_balance = current_balance: null

2019-08-23 18:56:28 - [TEST_STEP][PASSED] - M4_spin_current_balance = M4_spin_current_balance: null

2019-08-23 18:56:28 - [TEST_STEP][PASSED] - M4_spin_transaction_id = causality: null

2019-08-23 18:56:28 - [TEST_STEP][PASSED] - M4_spin_transaction_id = M4_spin_transaction_id: null

2019-08-23 18:56:28 - [TEST_STEP][PASSED] - M4_spin_round_id = round_id: null

2019-08-23 18:56:28 - [TEST_STEP][PASSED] - M4_spin_round_id = M4_spin_round_id: null

2019-08-23 18:56:28 - [TEST_STEP][PASSED] - M4_spin_line_wins = line_wins: null

2019-08-23 18:56:28 - [TEST_STEP][PASSED] - M4_spin_line_wins = M4_spin_line_wins: null

2019-08-23 18:56:28 - [TEST_STEP][PASSED] - M4_total_bonus_spins_int = total_bonus_spins: null

2019-08-23 18:56:28 - [TEST_STEP][PASSED] - println("******M4_total_bonus_spins type is:*******" + newline + getClass().getName()): null

2019-08-23 18:56:28 - [TEST_STEP][PASSED] - M4_total_bonus_spins_int = M4_total_bonus_spins_int: null

2019-08-23 18:56:28 - [TEST_STEP][PASSED] - M4_total_bonus_spins = Integer.toString(M4_total_bonus_spins_int): null

2019-08-23 18:56:28 - [TEST_STEP][PASSED] - M4_total_bonus_spins = M4_total_bonus_spins: null

2019-08-23 18:56:28 - [TEST_STEP][PASSED] - println("M4_total_bonus_spins is:" + M4_total_bonus_spins): null

2019-08-23 18:56:28 - [TEST_STEP][PASSED] - M4_spin_bonus_data = bonus_data: null

2019-08-23 18:56:28 - [TEST_STEP][PASSED] - M4_spin_features_triggered = result_M4_spin: null

2019-08-23 18:56:28 - [TEST_STEP][PASSED] - wild = []: null

2019-08-23 18:56:28 - [TEST_STEP][PASSED] - wild[0] = "WILD_Expanding": null

2019-08-23 18:56:28 - [TEST_STEP][PASSED] - wild[1] = "WILD_Normal": null

2019-08-23 18:56:28 - [TEST_STEP][PASSED] - wild[2] = "WILD_Double": null

2019-08-23 18:56:28 - [TEST_STEP][PASSED] - wild[3] = "WILD_ExtraFG": null

2019-08-23 18:56:28 - [TEST_STEP][PASSED] - wild[4] = "WILD_Triple": null

2019-08-23 18:56:28 - [TEST_STEP][PASSED] - wildList = Arrays.asList(wild): null

2019-08-23 18:56:28 - [TEST_STEP][PASSED] - wildList = wildList: null

2019-08-23 18:56:28 - [TEST_STEP][PASSED] - free_spin_reel_counter = []: null

2019-08-23 18:56:28 - [TEST_STEP][PASSED] - free_spin_reel_counter[0] = 0: null

2019-08-23 18:56:28 - [TEST_STEP][PASSED] - free_spin_reel_counter[1] = 0: null

2019-08-23 18:56:28 - [TEST_STEP][PASSED] - free_spin_reel_counter[2] = 0: null

2019-08-23 18:56:28 - [TEST_STEP][PASSED] - M4_spin_reels = reels: null

2019-08-23 18:56:28 - [TEST_STEP][PASSED] - for ([i = 0, i &lt; M4_spin_reels.size(), (i++)]): null

2019-08-23 18:56:28 - [TEST_STEP][PASSED] - symbols = symbols: null

2019-08-23 18:56:28 - [TEST_STEP][PASSED] - for ([j = 0, j &lt; symbols.size(), (j++)]): null

2019-08-23 18:56:28 - [TEST_STEP][PASSED] - symbol = symbol: null

2019-08-23 18:56:28 - [TEST_STEP][PASSED] - println(symbol): null

2019-08-23 18:56:28 - [TEST_STEP][PASSED] - if (i == 2 &amp;&amp; wildList.indexOf(symbol) != -1): null

2019-08-23 18:56:28 - [TEST_STEP][PASSED] - if (i == 3 &amp;&amp; wildList.indexOf(symbol) != -1): null

2019-08-23 18:56:28 - [TEST_STEP][PASSED] - if (i == 4 &amp;&amp; wildList.indexOf(symbol) != -1): null

2019-08-23 18:56:28 - [TEST_STEP][PASSED] - symbol = symbol: null

2019-08-23 18:56:28 - [TEST_STEP][PASSED] - println(symbol): null

2019-08-23 18:56:28 - [TEST_STEP][PASSED] - if (i == 2 &amp;&amp; wildList.indexOf(symbol) != -1): null

2019-08-23 18:56:28 - [TEST_STEP][PASSED] - if (i == 3 &amp;&amp; wildList.indexOf(symbol) != -1): null

2019-08-23 18:56:28 - [TEST_STEP][PASSED] - if (i == 4 &amp;&amp; wildList.indexOf(symbol) != -1): null

2019-08-23 18:56:28 - [TEST_STEP][PASSED] - symbol = symbol: null

2019-08-23 18:56:28 - [TEST_STEP][PASSED] - println(symbol): null

2019-08-23 18:56:28 - [TEST_STEP][PASSED] - if (i == 2 &amp;&amp; wildList.indexOf(symbol) != -1): null

2019-08-23 18:56:28 - [TEST_STEP][PASSED] - if (i == 3 &amp;&amp; wildList.indexOf(symbol) != -1): null

2019-08-23 18:56:28 - [TEST_STEP][PASSED] - if (i == 4 &amp;&amp; wildList.indexOf(symbol) != -1): null

2019-08-23 18:56:28 - [TEST_STEP][PASSED] - symbols = symbols: null

2019-08-23 18:56:28 - [TEST_STEP][PASSED] - for ([j = 0, j &lt; symbols.size(), (j++)]): null

2019-08-23 18:56:28 - [TEST_STEP][PASSED] - symbol = symbol: null

2019-08-23 18:56:28 - [TEST_STEP][PASSED] - println(symbol): null

2019-08-23 18:56:28 - [TEST_STEP][PASSED] - if (i == 2 &amp;&amp; wildList.indexOf(symbol) != -1): null

2019-08-23 18:56:28 - [TEST_STEP][PASSED] - if (i == 3 &amp;&amp; wildList.indexOf(symbol) != -1): null

2019-08-23 18:56:28 - [TEST_STEP][PASSED] - if (i == 4 &amp;&amp; wildList.indexOf(symbol) != -1): null

2019-08-23 18:56:28 - [TEST_STEP][PASSED] - symbol = symbol: null

2019-08-23 18:56:28 - [TEST_STEP][PASSED] - println(symbol): null

2019-08-23 18:56:28 - [TEST_STEP][PASSED] - if (i == 2 &amp;&amp; wildList.indexOf(symbol) != -1): null

2019-08-23 18:56:28 - [TEST_STEP][PASSED] - if (i == 3 &amp;&amp; wildList.indexOf(symbol) != -1): null

2019-08-23 18:56:28 - [TEST_STEP][PASSED] - if (i == 4 &amp;&amp; wildList.indexOf(symbol) != -1): null

2019-08-23 18:56:28 - [TEST_STEP][PASSED] - symbol = symbol: null

2019-08-23 18:56:28 - [TEST_STEP][PASSED] - println(symbol): null

2019-08-23 18:56:28 - [TEST_STEP][PASSED] - if (i == 2 &amp;&amp; wildList.indexOf(symbol) != -1): null

2019-08-23 18:56:28 - [TEST_STEP][PASSED] - if (i == 3 &amp;&amp; wildList.indexOf(symbol) != -1): null

2019-08-23 18:56:28 - [TEST_STEP][PASSED] - if (i == 4 &amp;&amp; wildList.indexOf(symbol) != -1): null

2019-08-23 18:56:28 - [TEST_STEP][PASSED] - symbols = symbols: null

2019-08-23 18:56:28 - [TEST_STEP][PASSED] - for ([j = 0, j &lt; symbols.size(), (j++)]): null

2019-08-23 18:56:28 - [TEST_STEP][PASSED] - symbol = symbol: null

2019-08-23 18:56:28 - [TEST_STEP][PASSED] - println(symbol): null

2019-08-23 18:56:28 - [TEST_STEP][PASSED] - if (i == 2 &amp;&amp; wildList.indexOf(symbol) != -1): null

2019-08-23 18:56:28 - [TEST_STEP][PASSED] - println("wild found on reel 3, adding counter by 1"): null

2019-08-23 18:56:28 - [TEST_STEP][PASSED] - free_spin_reel_counter[0] = free_spin_reel_counter[0] + 1: null

2019-08-23 18:56:28 - [TEST_STEP][PASSED] - if (i == 3 &amp;&amp; wildList.indexOf(symbol) != -1): null

2019-08-23 18:56:28 - [TEST_STEP][PASSED] - if (i == 4 &amp;&amp; wildList.indexOf(symbol) != -1): null

2019-08-23 18:56:28 - [TEST_STEP][PASSED] - symbol = symbol: null

2019-08-23 18:56:28 - [TEST_STEP][PASSED] - println(symbol): null

2019-08-23 18:56:28 - [TEST_STEP][PASSED] - if (i == 2 &amp;&amp; wildList.indexOf(symbol) != -1): null

2019-08-23 18:56:28 - [TEST_STEP][PASSED] - if (i == 3 &amp;&amp; wildList.indexOf(symbol) != -1): null

2019-08-23 18:56:28 - [TEST_STEP][PASSED] - if (i == 4 &amp;&amp; wildList.indexOf(symbol) != -1): null

2019-08-23 18:56:28 - [TEST_STEP][PASSED] - symbol = symbol: null

2019-08-23 18:56:28 - [TEST_STEP][PASSED] - println(symbol): null

2019-08-23 18:56:28 - [TEST_STEP][PASSED] - if (i == 2 &amp;&amp; wildList.indexOf(symbol) != -1): null

2019-08-23 18:56:28 - [TEST_STEP][PASSED] - if (i == 3 &amp;&amp; wildList.indexOf(symbol) != -1): null

2019-08-23 18:56:28 - [TEST_STEP][PASSED] - if (i == 4 &amp;&amp; wildList.indexOf(symbol) != -1): null

2019-08-23 18:56:28 - [TEST_STEP][PASSED] - symbols = symbols: null

2019-08-23 18:56:28 - [TEST_STEP][PASSED] - for ([j = 0, j &lt; symbols.size(), (j++)]): null

2019-08-23 18:56:28 - [TEST_STEP][PASSED] - symbol = symbol: null

2019-08-23 18:56:28 - [TEST_STEP][PASSED] - println(symbol): null

2019-08-23 18:56:28 - [TEST_STEP][PASSED] - if (i == 2 &amp;&amp; wildList.indexOf(symbol) != -1): null

2019-08-23 18:56:28 - [TEST_STEP][PASSED] - if (i == 3 &amp;&amp; wildList.indexOf(symbol) != -1): null

2019-08-23 18:56:28 - [TEST_STEP][PASSED] - if (i == 4 &amp;&amp; wildList.indexOf(symbol) != -1): null

2019-08-23 18:56:28 - [TEST_STEP][PASSED] - symbol = symbol: null

2019-08-23 18:56:28 - [TEST_STEP][PASSED] - println(symbol): null

2019-08-23 18:56:28 - [TEST_STEP][PASSED] - if (i == 2 &amp;&amp; wildList.indexOf(symbol) != -1): null

2019-08-23 18:56:28 - [TEST_STEP][PASSED] - if (i == 3 &amp;&amp; wildList.indexOf(symbol) != -1): null

2019-08-23 18:56:28 - [TEST_STEP][PASSED] - if (i == 4 &amp;&amp; wildList.indexOf(symbol) != -1): null

2019-08-23 18:56:28 - [TEST_STEP][PASSED] - symbol = symbol: null

2019-08-23 18:56:28 - [TEST_STEP][PASSED] - println(symbol): null

2019-08-23 18:56:28 - [TEST_STEP][PASSED] - if (i == 2 &amp;&amp; wildList.indexOf(symbol) != -1): null

2019-08-23 18:56:28 - [TEST_STEP][PASSED] - if (i == 3 &amp;&amp; wildList.indexOf(symbol) != -1): null

2019-08-23 18:56:28 - [TEST_STEP][PASSED] - if (i == 4 &amp;&amp; wildList.indexOf(symbol) != -1): null

2019-08-23 18:56:28 - [TEST_STEP][PASSED] - symbols = symbols: null

2019-08-23 18:56:28 - [TEST_STEP][PASSED] - for ([j = 0, j &lt; symbols.size(), (j++)]): null

2019-08-23 18:56:28 - [TEST_STEP][PASSED] - symbol = symbol: null

2019-08-23 18:56:28 - [TEST_STEP][PASSED] - println(symbol): null

2019-08-23 18:56:28 - [TEST_STEP][PASSED] - if (i == 2 &amp;&amp; wildList.indexOf(symbol) != -1): null

2019-08-23 18:56:28 - [TEST_STEP][PASSED] - if (i == 3 &amp;&amp; wildList.indexOf(symbol) != -1): null

2019-08-23 18:56:28 - [TEST_STEP][PASSED] - if (i == 4 &amp;&amp; wildList.indexOf(symbol) != -1): null

2019-08-23 18:56:28 - [TEST_STEP][PASSED] - symbol = symbol: null

2019-08-23 18:56:28 - [TEST_STEP][PASSED] - println(symbol): null

2019-08-23 18:56:28 - [TEST_STEP][PASSED] - if (i == 2 &amp;&amp; wildList.indexOf(symbol) != -1): null

2019-08-23 18:56:28 - [TEST_STEP][PASSED] - if (i == 3 &amp;&amp; wildList.indexOf(symbol) != -1): null

2019-08-23 18:56:28 - [TEST_STEP][PASSED] - if (i == 4 &amp;&amp; wildList.indexOf(symbol) != -1): null

2019-08-23 18:56:28 - [TEST_STEP][PASSED] - symbol = symbol: null

2019-08-23 18:56:28 - [TEST_STEP][PASSED] - println(symbol): null

2019-08-23 18:56:28 - [TEST_STEP][PASSED] - if (i == 2 &amp;&amp; wildList.indexOf(symbol) != -1): null

2019-08-23 18:56:28 - [TEST_STEP][PASSED] - if (i == 3 &amp;&amp; wildList.indexOf(symbol) != -1): null

2019-08-23 18:56:28 - [TEST_STEP][PASSED] - if (i == 4 &amp;&amp; wildList.indexOf(symbol) != -1): null

2019-08-23 18:56:28 - [TEST_STEP][PASSED] - free_spin_reel_counter = free_spin_reel_counter: null

2019-08-23 18:56:28 - [TEST_STEP][PASSED] - println("reel 3 wild found: " + free_spin_reel_counter[0]): null

2019-08-23 18:56:28 - [TEST_STEP][PASSED] - println("reel 4 wild found: " + free_spin_reel_counter[1]): null

2019-08-23 18:56:28 - [TEST_STEP][PASSED] - println("reel 5 wild found: " + free_spin_reel_counter[2]): null

2019-08-23 18:56:28 - [TEST_STEP][PASSED] - M4_spin_reels = M4_spin_reels: null

2019-08-23 18:56:28 - [TEST_STEP][PASSED] - M4_spin_reels_symbols = symbol: null

2019-08-23 18:56:28 - [TEST_STEP][PASSED] - M4_spin_reels_symbols = M4_spin_reels_symbols: null

2019-08-23 18:56:28 - [TEST_STEP][PASSED] - M4_spin_reel_wins = reel_wins: null

2019-08-23 18:56:28 - [TEST_STEP][PASSED] - M4_spin_reel_wins = M4_spin_reel_wins: null

2019-08-23 18:56:28 - [TEST_STEP][PASSED] - println("GlobalVariable.M4_spin_reel_wins is: " + M4_spin_reel_wins): null

2019-08-23 18:56:28 - [TEST_STEP][PASSED] - M4_spin_total_bonus_win_this_round = total_bonus_win_this_round: null

2019-08-23 18:56:28 - [TEST_STEP][PASSED] - M4_spin_total_bonus_win_this_round = M4_spin_total_bonus_win_this_round: null

2019-08-23 18:56:28 - [TEST_STEP][PASSED] - println("GlobalVariable.M4_spin_total_bonus_win_this_round is: " + M4_spin_total_bonus_win_this_round): null

2019-08-23 18:56:28 - [TEST_STEP][PASSED] - M4_spin_bonus_spin_result = spin_result: null

2019-08-23 18:56:28 - [TEST_STEP][PASSED] - M4_spin_bonus_spin_result = M4_spin_bonus_spin_result: null

2019-08-23 18:56:28 - [MESSAGE][PASSED] - Verify response successfully

2019-08-23 18:56:28 - [MESSAGE][PASSED] - Send request and verify the response successfully

2019-08-23 18:56:28 - [TEST_STEP][PASSED] - if (free_spin_reel_counter[0] &gt;= 1 &amp;&amp; free_spin_reel_counter[1] &gt;= 1 &amp;&amp; free_spin_reel_counter[2] &gt;= 1): null

2019-08-23 18:56:28 - [TEST_STEP][PASSED] - spin_result = sendRequestAndVerify(findTestObject("INT/RGS(M4)/1_M4_spin", ["M4_login_user_id":M4_login_user_id, "rgs_session_token":rgs_session_token, "partner":Partner])): Send request and verify the response successfully

2019-08-23 18:56:28 - [MESSAGE][INFO] - HAR: /Users/eiralee/Katalon_Script/SuperWild/Reports/20190823_184757/INT/superWild_1/20190823_184757/requests/main/216.har

2019-08-23 18:56:28 - [TEST_CASE][PASSED] - Start Test Case : Verification: Verification accomplished successfully

2019-08-23 18:56:28 - [TEST_STEP][PASSED] - request = getInstance().getCurrentRequest(): null

2019-08-23 18:56:28 - [TEST_STEP][PASSED] - response = getInstance().getCurrentResponse(): null

2019-08-23 18:56:28 - [TEST_STEP][PASSED] - verifyResponseStatusCode(response, 200): Verify response status code successfully

2019-08-23 18:56:28 - [MESSAGE][PASSED] - Verify response status code successfully

2019-08-23 18:56:28 - [TEST_STEP][PASSED] - getStatusCode()).isEqualTo(200): null

2019-08-23 18:56:28 - [TEST_STEP][PASSED] - newline = System.getProperty("line.separator"): null

2019-08-23 18:56:28 - [TEST_STEP][PASSED] - M4_spin = new groovy.json.JsonSlurper(): null

2019-08-23 18:56:28 - [TEST_STEP][PASSED] - result_M4_spin = M4_spin.parseText(response.getResponseBodyContent()): null

2019-08-23 18:56:28 - [TEST_STEP][PASSED] - M4_spin_current_balance = current_balance: null

2019-08-23 18:56:28 - [TEST_STEP][PASSED] - M4_spin_current_balance = M4_spin_current_balance: null

2019-08-23 18:56:28 - [TEST_STEP][PASSED] - M4_spin_transaction_id = causality: null

2019-08-23 18:56:28 - [TEST_STEP][PASSED] - M4_spin_transaction_id = M4_spin_transaction_id: null

2019-08-23 18:56:28 - [TEST_STEP][PASSED] - M4_spin_round_id = round_id: null

2019-08-23 18:56:28 - [TEST_STEP][PASSED] - M4_spin_round_id = M4_spin_round_id: null

2019-08-23 18:56:28 - [TEST_STEP][PASSED] - M4_spin_line_wins = line_wins: null

2019-08-23 18:56:28 - [TEST_STEP][PASSED] - M4_spin_line_wins = M4_spin_line_wins: null

2019-08-23 18:56:28 - [TEST_STEP][PASSED] - M4_total_bonus_spins_int = total_bonus_spins: null

2019-08-23 18:56:28 - [TEST_STEP][PASSED] - println("******M4_total_bonus_spins type is:*******" + newline + getClass().getName()): null

2019-08-23 18:56:28 - [TEST_STEP][PASSED] - M4_total_bonus_spins_int = M4_total_bonus_spins_int: null

2019-08-23 18:56:28 - [TEST_STEP][PASSED] - M4_total_bonus_spins = Integer.toString(M4_total_bonus_spins_int): null

2019-08-23 18:56:28 - [TEST_STEP][PASSED] - M4_total_bonus_spins = M4_total_bonus_spins: null

2019-08-23 18:56:28 - [TEST_STEP][PASSED] - println("M4_total_bonus_spins is:" + M4_total_bonus_spins): null

2019-08-23 18:56:28 - [TEST_STEP][PASSED] - M4_spin_bonus_data = bonus_data: null

2019-08-23 18:56:28 - [TEST_STEP][PASSED] - M4_spin_features_triggered = result_M4_spin: null

2019-08-23 18:56:28 - [TEST_STEP][PASSED] - wild = []: null

2019-08-23 18:56:28 - [TEST_STEP][PASSED] - wild[0] = "WILD_Expanding": null

2019-08-23 18:56:28 - [TEST_STEP][PASSED] - wild[1] = "WILD_Normal": null

2019-08-23 18:56:28 - [TEST_STEP][PASSED] - wild[2] = "WILD_Double": null

2019-08-23 18:56:28 - [TEST_STEP][PASSED] - wild[3] = "WILD_ExtraFG": null

2019-08-23 18:56:28 - [TEST_STEP][PASSED] - wild[4] = "WILD_Triple": null

2019-08-23 18:56:28 - [TEST_STEP][PASSED] - wildList = Arrays.asList(wild): null

2019-08-23 18:56:28 - [TEST_STEP][PASSED] - wildList = wildList: null

2019-08-23 18:56:28 - [TEST_STEP][PASSED] - free_spin_reel_counter = []: null

2019-08-23 18:56:28 - [TEST_STEP][PASSED] - free_spin_reel_counter[0] = 0: null

2019-08-23 18:56:28 - [TEST_STEP][PASSED] - free_spin_reel_counter[1] = 0: null

2019-08-23 18:56:28 - [TEST_STEP][PASSED] - free_spin_reel_counter[2] = 0: null

2019-08-23 18:56:28 - [TEST_STEP][PASSED] - M4_spin_reels = reels: null

2019-08-23 18:56:28 - [TEST_STEP][PASSED] - for ([i = 0, i &lt; M4_spin_reels.size(), (i++)]): null

2019-08-23 18:56:28 - [TEST_STEP][PASSED] - symbols = symbols: null

2019-08-23 18:56:28 - [TEST_STEP][PASSED] - for ([j = 0, j &lt; symbols.size(), (j++)]): null

2019-08-23 18:56:28 - [TEST_STEP][PASSED] - symbol = symbol: null

2019-08-23 18:56:28 - [TEST_STEP][PASSED] - println(symbol): null

2019-08-23 18:56:28 - [TEST_STEP][PASSED] - if (i == 2 &amp;&amp; wildList.indexOf(symbol) != -1): null

2019-08-23 18:56:28 - [TEST_STEP][PASSED] - if (i == 3 &amp;&amp; wildList.indexOf(symbol) != -1): null

2019-08-23 18:56:28 - [TEST_STEP][PASSED] - if (i == 4 &amp;&amp; wildList.indexOf(symbol) != -1): null

2019-08-23 18:56:28 - [TEST_STEP][PASSED] - symbol = symbol: null

2019-08-23 18:56:28 - [TEST_STEP][PASSED] - println(symbol): null

2019-08-23 18:56:28 - [TEST_STEP][PASSED] - if (i == 2 &amp;&amp; wildList.indexOf(symbol) != -1): null

2019-08-23 18:56:28 - [TEST_STEP][PASSED] - if (i == 3 &amp;&amp; wildList.indexOf(symbol) != -1): null

2019-08-23 18:56:28 - [TEST_STEP][PASSED] - if (i == 4 &amp;&amp; wildList.indexOf(symbol) != -1): null

2019-08-23 18:56:28 - [TEST_STEP][PASSED] - symbol = symbol: null

2019-08-23 18:56:28 - [TEST_STEP][PASSED] - println(symbol): null

2019-08-23 18:56:28 - [TEST_STEP][PASSED] - if (i == 2 &amp;&amp; wildList.indexOf(symbol) != -1): null

2019-08-23 18:56:28 - [TEST_STEP][PASSED] - if (i == 3 &amp;&amp; wildList.indexOf(symbol) != -1): null

2019-08-23 18:56:28 - [TEST_STEP][PASSED] - if (i == 4 &amp;&amp; wildList.indexOf(symbol) != -1): null

2019-08-23 18:56:28 - [TEST_STEP][PASSED] - symbols = symbols: null

2019-08-23 18:56:28 - [TEST_STEP][PASSED] - for ([j = 0, j &lt; symbols.size(), (j++)]): null

2019-08-23 18:56:28 - [TEST_STEP][PASSED] - symbol = symbol: null

2019-08-23 18:56:28 - [TEST_STEP][PASSED] - println(symbol): null

2019-08-23 18:56:28 - [TEST_STEP][PASSED] - if (i == 2 &amp;&amp; wildList.indexOf(symbol) != -1): null

2019-08-23 18:56:28 - [TEST_STEP][PASSED] - if (i == 3 &amp;&amp; wildList.indexOf(symbol) != -1): null

2019-08-23 18:56:28 - [TEST_STEP][PASSED] - if (i == 4 &amp;&amp; wildList.indexOf(symbol) != -1): null

2019-08-23 18:56:28 - [TEST_STEP][PASSED] - symbol = symbol: null

2019-08-23 18:56:28 - [TEST_STEP][PASSED] - println(symbol): null

2019-08-23 18:56:28 - [TEST_STEP][PASSED] - if (i == 2 &amp;&amp; wildList.indexOf(symbol) != -1): null

2019-08-23 18:56:28 - [TEST_STEP][PASSED] - if (i == 3 &amp;&amp; wildList.indexOf(symbol) != -1): null

2019-08-23 18:56:28 - [TEST_STEP][PASSED] - if (i == 4 &amp;&amp; wildList.indexOf(symbol) != -1): null

2019-08-23 18:56:28 - [TEST_STEP][PASSED] - symbol = symbol: null

2019-08-23 18:56:28 - [TEST_STEP][PASSED] - println(symbol): null

2019-08-23 18:56:28 - [TEST_STEP][PASSED] - if (i == 2 &amp;&amp; wildList.indexOf(symbol) != -1): null

2019-08-23 18:56:28 - [TEST_STEP][PASSED] - if (i == 3 &amp;&amp; wildList.indexOf(symbol) != -1): null

2019-08-23 18:56:28 - [TEST_STEP][PASSED] - if (i == 4 &amp;&amp; wildList.indexOf(symbol) != -1): null

2019-08-23 18:56:28 - [TEST_STEP][PASSED] - symbols = symbols: null

2019-08-23 18:56:28 - [TEST_STEP][PASSED] - for ([j = 0, j &lt; symbols.size(), (j++)]): null

2019-08-23 18:56:28 - [TEST_STEP][PASSED] - symbol = symbol: null

2019-08-23 18:56:28 - [TEST_STEP][PASSED] - println(symbol): null

2019-08-23 18:56:28 - [TEST_STEP][PASSED] - if (i == 2 &amp;&amp; wildList.indexOf(symbol) != -1): null

2019-08-23 18:56:28 - [TEST_STEP][PASSED] - if (i == 3 &amp;&amp; wildList.indexOf(symbol) != -1): null

2019-08-23 18:56:28 - [TEST_STEP][PASSED] - if (i == 4 &amp;&amp; wildList.indexOf(symbol) != -1): null

2019-08-23 18:56:28 - [TEST_STEP][PASSED] - symbol = symbol: null

2019-08-23 18:56:28 - [TEST_STEP][PASSED] - println(symbol): null

2019-08-23 18:56:28 - [TEST_STEP][PASSED] - if (i == 2 &amp;&amp; wildList.indexOf(symbol) != -1): null

2019-08-23 18:56:28 - [TEST_STEP][PASSED] - if (i == 3 &amp;&amp; wildList.indexOf(symbol) != -1): null

2019-08-23 18:56:28 - [TEST_STEP][PASSED] - if (i == 4 &amp;&amp; wildList.indexOf(symbol) != -1): null

2019-08-23 18:56:28 - [TEST_STEP][PASSED] - symbol = symbol: null

2019-08-23 18:56:28 - [TEST_STEP][PASSED] - println(symbol): null

2019-08-23 18:56:28 - [TEST_STEP][PASSED] - if (i == 2 &amp;&amp; wildList.indexOf(symbol) != -1): null

2019-08-23 18:56:28 - [TEST_STEP][PASSED] - if (i == 3 &amp;&amp; wildList.indexOf(symbol) != -1): null

2019-08-23 18:56:28 - [TEST_STEP][PASSED] - if (i == 4 &amp;&amp; wildList.indexOf(symbol) != -1): null

2019-08-23 18:56:28 - [TEST_STEP][PASSED] - symbols = symbols: null

2019-08-23 18:56:28 - [TEST_STEP][PASSED] - for ([j = 0, j &lt; symbols.size(), (j++)]): null

2019-08-23 18:56:28 - [TEST_STEP][PASSED] - symbol = symbol: null

2019-08-23 18:56:28 - [TEST_STEP][PASSED] - println(symbol): null

2019-08-23 18:56:28 - [TEST_STEP][PASSED] - if (i == 2 &amp;&amp; wildList.indexOf(symbol) != -1): null

2019-08-23 18:56:28 - [TEST_STEP][PASSED] - if (i == 3 &amp;&amp; wildList.indexOf(symbol) != -1): null

2019-08-23 18:56:28 - [TEST_STEP][PASSED] - if (i == 4 &amp;&amp; wildList.indexOf(symbol) != -1): null

2019-08-23 18:56:28 - [TEST_STEP][PASSED] - symbol = symbol: null

2019-08-23 18:56:28 - [TEST_STEP][PASSED] - println(symbol): null

2019-08-23 18:56:28 - [TEST_STEP][PASSED] - if (i == 2 &amp;&amp; wildList.indexOf(symbol) != -1): null

2019-08-23 18:56:28 - [TEST_STEP][PASSED] - if (i == 3 &amp;&amp; wildList.indexOf(symbol) != -1): null

2019-08-23 18:56:28 - [TEST_STEP][PASSED] - println("wild found on reel 4, adding counter by 1"): null

2019-08-23 18:56:28 - [TEST_STEP][PASSED] - free_spin_reel_counter[1] = free_spin_reel_counter[1] + 1: null

2019-08-23 18:56:28 - [TEST_STEP][PASSED] - if (i == 4 &amp;&amp; wildList.indexOf(symbol) != -1): null

2019-08-23 18:56:28 - [TEST_STEP][PASSED] - symbol = symbol: null

2019-08-23 18:56:28 - [TEST_STEP][PASSED] - println(symbol): null

2019-08-23 18:56:28 - [TEST_STEP][PASSED] - if (i == 2 &amp;&amp; wildList.indexOf(symbol) != -1): null

2019-08-23 18:56:28 - [TEST_STEP][PASSED] - if (i == 3 &amp;&amp; wildList.indexOf(symbol) != -1): null

2019-08-23 18:56:28 - [TEST_STEP][PASSED] - if (i == 4 &amp;&amp; wildList.indexOf(symbol) != -1): null

2019-08-23 18:56:28 - [TEST_STEP][PASSED] - symbols = symbols: null

2019-08-23 18:56:28 - [TEST_STEP][PASSED] - for ([j = 0, j &lt; symbols.size(), (j++)]): null

2019-08-23 18:56:28 - [TEST_STEP][PASSED] - symbol = symbol: null

2019-08-23 18:56:28 - [TEST_STEP][PASSED] - println(symbol): null

2019-08-23 18:56:28 - [TEST_STEP][PASSED] - if (i == 2 &amp;&amp; wildList.indexOf(symbol) != -1): null

2019-08-23 18:56:28 - [TEST_STEP][PASSED] - if (i == 3 &amp;&amp; wildList.indexOf(symbol) != -1): null

2019-08-23 18:56:28 - [TEST_STEP][PASSED] - if (i == 4 &amp;&amp; wildList.indexOf(symbol) != -1): null

2019-08-23 18:56:28 - [TEST_STEP][PASSED] - symbol = symbol: null

2019-08-23 18:56:28 - [TEST_STEP][PASSED] - println(symbol): null

2019-08-23 18:56:28 - [TEST_STEP][PASSED] - if (i == 2 &amp;&amp; wildList.indexOf(symbol) != -1): null

2019-08-23 18:56:28 - [TEST_STEP][PASSED] - if (i == 3 &amp;&amp; wildList.indexOf(symbol) != -1): null

2019-08-23 18:56:28 - [TEST_STEP][PASSED] - if (i == 4 &amp;&amp; wildList.indexOf(symbol) != -1): null

2019-08-23 18:56:28 - [TEST_STEP][PASSED] - symbol = symbol: null

2019-08-23 18:56:28 - [TEST_STEP][PASSED] - println(symbol): null

2019-08-23 18:56:28 - [TEST_STEP][PASSED] - if (i == 2 &amp;&amp; wildList.indexOf(symbol) != -1): null

2019-08-23 18:56:28 - [TEST_STEP][PASSED] - if (i == 3 &amp;&amp; wildList.indexOf(symbol) != -1): null

2019-08-23 18:56:28 - [TEST_STEP][PASSED] - if (i == 4 &amp;&amp; wildList.indexOf(symbol) != -1): null

2019-08-23 18:56:28 - [TEST_STEP][PASSED] - free_spin_reel_counter = free_spin_reel_counter: null

2019-08-23 18:56:28 - [TEST_STEP][PASSED] - println("reel 3 wild found: " + free_spin_reel_counter[0]): null

2019-08-23 18:56:28 - [TEST_STEP][PASSED] - println("reel 4 wild found: " + free_spin_reel_counter[1]): null

2019-08-23 18:56:28 - [TEST_STEP][PASSED] - println("reel 5 wild found: " + free_spin_reel_counter[2]): null

2019-08-23 18:56:28 - [TEST_STEP][PASSED] - M4_spin_reels = M4_spin_reels: null

2019-08-23 18:56:28 - [TEST_STEP][PASSED] - M4_spin_reels_symbols = symbol: null

2019-08-23 18:56:28 - [TEST_STEP][PASSED] - M4_spin_reels_symbols = M4_spin_reels_symbols: null

2019-08-23 18:56:28 - [TEST_STEP][PASSED] - M4_spin_reel_wins = reel_wins: null

2019-08-23 18:56:28 - [TEST_STEP][PASSED] - M4_spin_reel_wins = M4_spin_reel_wins: null

2019-08-23 18:56:28 - [TEST_STEP][PASSED] - println("GlobalVariable.M4_spin_reel_wins is: " + M4_spin_reel_wins): null

2019-08-23 18:56:28 - [TEST_STEP][PASSED] - M4_spin_total_bonus_win_this_round = total_bonus_win_this_round: null

2019-08-23 18:56:28 - [TEST_STEP][PASSED] - M4_spin_total_bonus_win_this_round = M4_spin_total_bonus_win_this_round: null

2019-08-23 18:56:28 - [TEST_STEP][PASSED] - println("GlobalVariable.M4_spin_total_bonus_win_this_round is: " + M4_spin_total_bonus_win_this_round): null

2019-08-23 18:56:28 - [TEST_STEP][PASSED] - M4_spin_bonus_spin_result = spin_result: null

2019-08-23 18:56:28 - [TEST_STEP][PASSED] - M4_spin_bonus_spin_result = M4_spin_bonus_spin_result: null

2019-08-23 18:56:28 - [MESSAGE][PASSED] - Verify response successfully

2019-08-23 18:56:28 - [MESSAGE][PASSED] - Send request and verify the response successfully

2019-08-23 18:56:28 - [TEST_STEP][PASSED] - if (free_spin_reel_counter[0] &gt;= 1 &amp;&amp; free_spin_reel_counter[1] &gt;= 1 &amp;&amp; free_spin_reel_counter[2] &gt;= 1): null

2019-08-23 18:56:28 - [TEST_STEP][PASSED] - spin_result = sendRequestAndVerify(findTestObject("INT/RGS(M4)/1_M4_spin", ["M4_login_user_id":M4_login_user_id, "rgs_session_token":rgs_session_token, "partner":Partner])): Send request and verify the response successfully

2019-08-23 18:56:29 - [MESSAGE][INFO] - HAR: /Users/eiralee/Katalon_Script/SuperWild/Reports/20190823_184757/INT/superWild_1/20190823_184757/requests/main/217.har

2019-08-23 18:56:29 - [TEST_CASE][PASSED] - Start Test Case : Verification: Verification accomplished successfully

2019-08-23 18:56:29 - [TEST_STEP][PASSED] - request = getInstance().getCurrentRequest(): null

2019-08-23 18:56:29 - [TEST_STEP][PASSED] - response = getInstance().getCurrentResponse(): null

2019-08-23 18:56:29 - [TEST_STEP][PASSED] - verifyResponseStatusCode(response, 200): Verify response status code successfully

2019-08-23 18:56:29 - [MESSAGE][PASSED] - Verify response status code successfully

2019-08-23 18:56:29 - [TEST_STEP][PASSED] - getStatusCode()).isEqualTo(200): null

2019-08-23 18:56:29 - [TEST_STEP][PASSED] - newline = System.getProperty("line.separator"): null

2019-08-23 18:56:29 - [TEST_STEP][PASSED] - M4_spin = new groovy.json.JsonSlurper(): null

2019-08-23 18:56:29 - [TEST_STEP][PASSED] - result_M4_spin = M4_spin.parseText(response.getResponseBodyContent()): null

2019-08-23 18:56:29 - [TEST_STEP][PASSED] - M4_spin_current_balance = current_balance: null

2019-08-23 18:56:29 - [TEST_STEP][PASSED] - M4_spin_current_balance = M4_spin_current_balance: null

2019-08-23 18:56:29 - [TEST_STEP][PASSED] - M4_spin_transaction_id = causality: null

2019-08-23 18:56:30 - [TEST_STEP][PASSED] - M4_spin_transaction_id = M4_spin_transaction_id: null

2019-08-23 18:56:30 - [TEST_STEP][PASSED] - M4_spin_round_id = round_id: null

2019-08-23 18:56:30 - [TEST_STEP][PASSED] - M4_spin_round_id = M4_spin_round_id: null

2019-08-23 18:56:30 - [TEST_STEP][PASSED] - M4_spin_line_wins = line_wins: null

2019-08-23 18:56:30 - [TEST_STEP][PASSED] - M4_spin_line_wins = M4_spin_line_wins: null

2019-08-23 18:56:30 - [TEST_STEP][PASSED] - M4_total_bonus_spins_int = total_bonus_spins: null

2019-08-23 18:56:30 - [TEST_STEP][PASSED] - println("******M4_total_bonus_spins type is:*******" + newline + getClass().getName()): null

2019-08-23 18:56:30 - [TEST_STEP][PASSED] - M4_total_bonus_spins_int = M4_total_bonus_spins_int: null

2019-08-23 18:56:30 - [TEST_STEP][PASSED] - M4_total_bonus_spins = Integer.toString(M4_total_bonus_spins_int): null

2019-08-23 18:56:30 - [TEST_STEP][PASSED] - M4_total_bonus_spins = M4_total_bonus_spins: null

2019-08-23 18:56:30 - [TEST_STEP][PASSED] - println("M4_total_bonus_spins is:" + M4_total_bonus_spins): null

2019-08-23 18:56:30 - [TEST_STEP][PASSED] - M4_spin_bonus_data = bonus_data: null

2019-08-23 18:56:30 - [TEST_STEP][PASSED] - M4_spin_features_triggered = result_M4_spin: null

2019-08-23 18:56:30 - [TEST_STEP][PASSED] - wild = []: null

2019-08-23 18:56:30 - [TEST_STEP][PASSED] - wild[0] = "WILD_Expanding": null

2019-08-23 18:56:30 - [TEST_STEP][PASSED] - wild[1] = "WILD_Normal": null

2019-08-23 18:56:30 - [TEST_STEP][PASSED] - wild[2] = "WILD_Double": null

2019-08-23 18:56:30 - [TEST_STEP][PASSED] - wild[3] = "WILD_ExtraFG": null

2019-08-23 18:56:30 - [TEST_STEP][PASSED] - wild[4] = "WILD_Triple": null

2019-08-23 18:56:30 - [TEST_STEP][PASSED] - wildList = Arrays.asList(wild): null

2019-08-23 18:56:30 - [TEST_STEP][PASSED] - wildList = wildList: null

2019-08-23 18:56:30 - [TEST_STEP][PASSED] - free_spin_reel_counter = []: null

2019-08-23 18:56:30 - [TEST_STEP][PASSED] - free_spin_reel_counter[0] = 0: null

2019-08-23 18:56:30 - [TEST_STEP][PASSED] - free_spin_reel_counter[1] = 0: null

2019-08-23 18:56:30 - [TEST_STEP][PASSED] - free_spin_reel_counter[2] = 0: null

2019-08-23 18:56:30 - [TEST_STEP][PASSED] - M4_spin_reels = reels: null

2019-08-23 18:56:30 - [TEST_STEP][PASSED] - for ([i = 0, i &lt; M4_spin_reels.size(), (i++)]): null

2019-08-23 18:56:30 - [TEST_STEP][PASSED] - symbols = symbols: null

2019-08-23 18:56:30 - [TEST_STEP][PASSED] - for ([j = 0, j &lt; symbols.size(), (j++)]): null

2019-08-23 18:56:30 - [TEST_STEP][PASSED] - symbol = symbol: null

2019-08-23 18:56:30 - [TEST_STEP][PASSED] - println(symbol): null

2019-08-23 18:56:30 - [TEST_STEP][PASSED] - if (i == 2 &amp;&amp; wildList.indexOf(symbol) != -1): null

2019-08-23 18:56:30 - [TEST_STEP][PASSED] - if (i == 3 &amp;&amp; wildList.indexOf(symbol) != -1): null

2019-08-23 18:56:30 - [TEST_STEP][PASSED] - if (i == 4 &amp;&amp; wildList.indexOf(symbol) != -1): null

2019-08-23 18:56:30 - [TEST_STEP][PASSED] - symbol = symbol: null

2019-08-23 18:56:30 - [TEST_STEP][PASSED] - println(symbol): null

2019-08-23 18:56:30 - [TEST_STEP][PASSED] - if (i == 2 &amp;&amp; wildList.indexOf(symbol) != -1): null

2019-08-23 18:56:30 - [TEST_STEP][PASSED] - if (i == 3 &amp;&amp; wildList.indexOf(symbol) != -1): null

2019-08-23 18:56:30 - [TEST_STEP][PASSED] - if (i == 4 &amp;&amp; wildList.indexOf(symbol) != -1): null

2019-08-23 18:56:30 - [TEST_STEP][PASSED] - symbol = symbol: null

2019-08-23 18:56:30 - [TEST_STEP][PASSED] - println(symbol): null

2019-08-23 18:56:30 - [TEST_STEP][PASSED] - if (i == 2 &amp;&amp; wildList.indexOf(symbol) != -1): null

2019-08-23 18:56:30 - [TEST_STEP][PASSED] - if (i == 3 &amp;&amp; wildList.indexOf(symbol) != -1): null

2019-08-23 18:56:30 - [TEST_STEP][PASSED] - if (i == 4 &amp;&amp; wildList.indexOf(symbol) != -1): null

2019-08-23 18:56:30 - [TEST_STEP][PASSED] - symbols = symbols: null

2019-08-23 18:56:30 - [TEST_STEP][PASSED] - for ([j = 0, j &lt; symbols.size(), (j++)]): null

2019-08-23 18:56:30 - [TEST_STEP][PASSED] - symbol = symbol: null

2019-08-23 18:56:30 - [TEST_STEP][PASSED] - println(symbol): null

2019-08-23 18:56:30 - [TEST_STEP][PASSED] - if (i == 2 &amp;&amp; wildList.indexOf(symbol) != -1): null

2019-08-23 18:56:30 - [TEST_STEP][PASSED] - if (i == 3 &amp;&amp; wildList.indexOf(symbol) != -1): null

2019-08-23 18:56:30 - [TEST_STEP][PASSED] - if (i == 4 &amp;&amp; wildList.indexOf(symbol) != -1): null

2019-08-23 18:56:30 - [TEST_STEP][PASSED] - symbol = symbol: null

2019-08-23 18:56:30 - [TEST_STEP][PASSED] - println(symbol): null

2019-08-23 18:56:30 - [TEST_STEP][PASSED] - if (i == 2 &amp;&amp; wildList.indexOf(symbol) != -1): null

2019-08-23 18:56:30 - [TEST_STEP][PASSED] - if (i == 3 &amp;&amp; wildList.indexOf(symbol) != -1): null

2019-08-23 18:56:30 - [TEST_STEP][PASSED] - if (i == 4 &amp;&amp; wildList.indexOf(symbol) != -1): null

2019-08-23 18:56:30 - [TEST_STEP][PASSED] - symbol = symbol: null

2019-08-23 18:56:30 - [TEST_STEP][PASSED] - println(symbol): null

2019-08-23 18:56:30 - [TEST_STEP][PASSED] - if (i == 2 &amp;&amp; wildList.indexOf(symbol) != -1): null

2019-08-23 18:56:30 - [TEST_STEP][PASSED] - if (i == 3 &amp;&amp; wildList.indexOf(symbol) != -1): null

2019-08-23 18:56:30 - [TEST_STEP][PASSED] - if (i == 4 &amp;&amp; wildList.indexOf(symbol) != -1): null

2019-08-23 18:56:30 - [TEST_STEP][PASSED] - symbols = symbols: null

2019-08-23 18:56:30 - [TEST_STEP][PASSED] - for ([j = 0, j &lt; symbols.size(), (j++)]): null

2019-08-23 18:56:30 - [TEST_STEP][PASSED] - symbol = symbol: null

2019-08-23 18:56:30 - [TEST_STEP][PASSED] - println(symbol): null

2019-08-23 18:56:30 - [TEST_STEP][PASSED] - if (i == 2 &amp;&amp; wildList.indexOf(symbol) != -1): null

2019-08-23 18:56:30 - [TEST_STEP][PASSED] - if (i == 3 &amp;&amp; wildList.indexOf(symbol) != -1): null

2019-08-23 18:56:30 - [TEST_STEP][PASSED] - if (i == 4 &amp;&amp; wildList.indexOf(symbol) != -1): null

2019-08-23 18:56:30 - [TEST_STEP][PASSED] - symbol = symbol: null

2019-08-23 18:56:30 - [TEST_STEP][PASSED] - println(symbol): null

2019-08-23 18:56:30 - [TEST_STEP][PASSED] - if (i == 2 &amp;&amp; wildList.indexOf(symbol) != -1): null

2019-08-23 18:56:30 - [TEST_STEP][PASSED] - if (i == 3 &amp;&amp; wildList.indexOf(symbol) != -1): null

2019-08-23 18:56:30 - [TEST_STEP][PASSED] - if (i == 4 &amp;&amp; wildList.indexOf(symbol) != -1): null

2019-08-23 18:56:30 - [TEST_STEP][PASSED] - symbol = symbol: null

2019-08-23 18:56:30 - [TEST_STEP][PASSED] - println(symbol): null

2019-08-23 18:56:30 - [TEST_STEP][PASSED] - if (i == 2 &amp;&amp; wildList.indexOf(symbol) != -1): null

2019-08-23 18:56:30 - [TEST_STEP][PASSED] - if (i == 3 &amp;&amp; wildList.indexOf(symbol) != -1): null

2019-08-23 18:56:30 - [TEST_STEP][PASSED] - if (i == 4 &amp;&amp; wildList.indexOf(symbol) != -1): null

2019-08-23 18:56:30 - [TEST_STEP][PASSED] - symbols = symbols: null

2019-08-23 18:56:30 - [TEST_STEP][PASSED] - for ([j = 0, j &lt; symbols.size(), (j++)]): null

2019-08-23 18:56:30 - [TEST_STEP][PASSED] - symbol = symbol: null

2019-08-23 18:56:30 - [TEST_STEP][PASSED] - println(symbol): null

2019-08-23 18:56:30 - [TEST_STEP][PASSED] - if (i == 2 &amp;&amp; wildList.indexOf(symbol) != -1): null

2019-08-23 18:56:30 - [TEST_STEP][PASSED] - if (i == 3 &amp;&amp; wildList.indexOf(symbol) != -1): null

2019-08-23 18:56:30 - [TEST_STEP][PASSED] - if (i == 4 &amp;&amp; wildList.indexOf(symbol) != -1): null

2019-08-23 18:56:30 - [TEST_STEP][PASSED] - symbol = symbol: null

2019-08-23 18:56:30 - [TEST_STEP][PASSED] - println(symbol): null

2019-08-23 18:56:30 - [TEST_STEP][PASSED] - if (i == 2 &amp;&amp; wildList.indexOf(symbol) != -1): null

2019-08-23 18:56:30 - [TEST_STEP][PASSED] - if (i == 3 &amp;&amp; wildList.indexOf(symbol) != -1): null

2019-08-23 18:56:30 - [TEST_STEP][PASSED] - if (i == 4 &amp;&amp; wildList.indexOf(symbol) != -1): null

2019-08-23 18:56:30 - [TEST_STEP][PASSED] - symbol = symbol: null

2019-08-23 18:56:30 - [TEST_STEP][PASSED] - println(symbol): null

2019-08-23 18:56:30 - [TEST_STEP][PASSED] - if (i == 2 &amp;&amp; wildList.indexOf(symbol) != -1): null

2019-08-23 18:56:30 - [TEST_STEP][PASSED] - if (i == 3 &amp;&amp; wildList.indexOf(symbol) != -1): null

2019-08-23 18:56:30 - [TEST_STEP][PASSED] - if (i == 4 &amp;&amp; wildList.indexOf(symbol) != -1): null

2019-08-23 18:56:30 - [TEST_STEP][PASSED] - symbols = symbols: null

2019-08-23 18:56:30 - [TEST_STEP][PASSED] - for ([j = 0, j &lt; symbols.size(), (j++)]): null

2019-08-23 18:56:30 - [TEST_STEP][PASSED] - symbol = symbol: null

2019-08-23 18:56:30 - [TEST_STEP][PASSED] - println(symbol): null

2019-08-23 18:56:30 - [TEST_STEP][PASSED] - if (i == 2 &amp;&amp; wildList.indexOf(symbol) != -1): null

2019-08-23 18:56:30 - [TEST_STEP][PASSED] - if (i == 3 &amp;&amp; wildList.indexOf(symbol) != -1): null

2019-08-23 18:56:30 - [TEST_STEP][PASSED] - if (i == 4 &amp;&amp; wildList.indexOf(symbol) != -1): null

2019-08-23 18:56:30 - [TEST_STEP][PASSED] - symbol = symbol: null

2019-08-23 18:56:30 - [TEST_STEP][PASSED] - println(symbol): null

2019-08-23 18:56:30 - [TEST_STEP][PASSED] - if (i == 2 &amp;&amp; wildList.indexOf(symbol) != -1): null

2019-08-23 18:56:30 - [TEST_STEP][PASSED] - if (i == 3 &amp;&amp; wildList.indexOf(symbol) != -1): null

2019-08-23 18:56:30 - [TEST_STEP][PASSED] - if (i == 4 &amp;&amp; wildList.indexOf(symbol) != -1): null

2019-08-23 18:56:30 - [TEST_STEP][PASSED] - symbol = symbol: null

2019-08-23 18:56:30 - [TEST_STEP][PASSED] - println(symbol): null

2019-08-23 18:56:30 - [TEST_STEP][PASSED] - if (i == 2 &amp;&amp; wildList.indexOf(symbol) != -1): null

2019-08-23 18:56:30 - [TEST_STEP][PASSED] - if (i == 3 &amp;&amp; wildList.indexOf(symbol) != -1): null

2019-08-23 18:56:30 - [TEST_STEP][PASSED] - if (i == 4 &amp;&amp; wildList.indexOf(symbol) != -1): null

2019-08-23 18:56:30 - [TEST_STEP][PASSED] - free_spin_reel_counter = free_spin_reel_counter: null

2019-08-23 18:56:30 - [TEST_STEP][PASSED] - println("reel 3 wild found: " + free_spin_reel_counter[0]): null

2019-08-23 18:56:30 - [TEST_STEP][PASSED] - println("reel 4 wild found: " + free_spin_reel_counter[1]): null

2019-08-23 18:56:30 - [TEST_STEP][PASSED] - println("reel 5 wild found: " + free_spin_reel_counter[2]): null

2019-08-23 18:56:30 - [TEST_STEP][PASSED] - M4_spin_reels = M4_spin_reels: null

2019-08-23 18:56:30 - [TEST_STEP][PASSED] - M4_spin_reels_symbols = symbol: null

2019-08-23 18:56:30 - [TEST_STEP][PASSED] - M4_spin_reels_symbols = M4_spin_reels_symbols: null

2019-08-23 18:56:30 - [TEST_STEP][PASSED] - M4_spin_reel_wins = reel_wins: null

2019-08-23 18:56:30 - [TEST_STEP][PASSED] - M4_spin_reel_wins = M4_spin_reel_wins: null

2019-08-23 18:56:30 - [TEST_STEP][PASSED] - println("GlobalVariable.M4_spin_reel_wins is: " + M4_spin_reel_wins): null

2019-08-23 18:56:30 - [TEST_STEP][PASSED] - M4_spin_total_bonus_win_this_round = total_bonus_win_this_round: null

2019-08-23 18:56:30 - [TEST_STEP][PASSED] - M4_spin_total_bonus_win_this_round = M4_spin_total_bonus_win_this_round: null

2019-08-23 18:56:30 - [TEST_STEP][PASSED] - println("GlobalVariable.M4_spin_total_bonus_win_this_round is: " + M4_spin_total_bonus_win_this_round): null

2019-08-23 18:56:30 - [TEST_STEP][PASSED] - M4_spin_bonus_spin_result = spin_result: null

2019-08-23 18:56:30 - [TEST_STEP][PASSED] - M4_spin_bonus_spin_result = M4_spin_bonus_spin_result: null

2019-08-23 18:56:30 - [MESSAGE][PASSED] - Verify response successfully

2019-08-23 18:56:30 - [MESSAGE][PASSED] - Send request and verify the response successfully

2019-08-23 18:56:30 - [TEST_STEP][PASSED] - if (free_spin_reel_counter[0] &gt;= 1 &amp;&amp; free_spin_reel_counter[1] &gt;= 1 &amp;&amp; free_spin_reel_counter[2] &gt;= 1): null

2019-08-23 18:56:30 - [TEST_STEP][PASSED] - spin_result = sendRequestAndVerify(findTestObject("INT/RGS(M4)/1_M4_spin", ["M4_login_user_id":M4_login_user_id, "rgs_session_token":rgs_session_token, "partner":Partner])): Send request and verify the response successfully

2019-08-23 18:56:31 - [MESSAGE][INFO] - HAR: /Users/eiralee/Katalon_Script/SuperWild/Reports/20190823_184757/INT/superWild_1/20190823_184757/requests/main/218.har

2019-08-23 18:56:31 - [TEST_CASE][PASSED] - Start Test Case : Verification: Verification accomplished successfully

2019-08-23 18:56:31 - [TEST_STEP][PASSED] - request = getInstance().getCurrentRequest(): null

2019-08-23 18:56:31 - [TEST_STEP][PASSED] - response = getInstance().getCurrentResponse(): null

2019-08-23 18:56:31 - [TEST_STEP][PASSED] - verifyResponseStatusCode(response, 200): Verify response status code successfully

2019-08-23 18:56:31 - [MESSAGE][PASSED] - Verify response status code successfully

2019-08-23 18:56:31 - [TEST_STEP][PASSED] - getStatusCode()).isEqualTo(200): null

2019-08-23 18:56:31 - [TEST_STEP][PASSED] - newline = System.getProperty("line.separator"): null

2019-08-23 18:56:31 - [TEST_STEP][PASSED] - M4_spin = new groovy.json.JsonSlurper(): null

2019-08-23 18:56:31 - [TEST_STEP][PASSED] - result_M4_spin = M4_spin.parseText(response.getResponseBodyContent()): null

2019-08-23 18:56:31 - [TEST_STEP][PASSED] - M4_spin_current_balance = current_balance: null

2019-08-23 18:56:31 - [TEST_STEP][PASSED] - M4_spin_current_balance = M4_spin_current_balance: null

2019-08-23 18:56:31 - [TEST_STEP][PASSED] - M4_spin_transaction_id = causality: null

2019-08-23 18:56:31 - [TEST_STEP][PASSED] - M4_spin_transaction_id = M4_spin_transaction_id: null

2019-08-23 18:56:31 - [TEST_STEP][PASSED] - M4_spin_round_id = round_id: null

2019-08-23 18:56:31 - [TEST_STEP][PASSED] - M4_spin_round_id = M4_spin_round_id: null

2019-08-23 18:56:31 - [TEST_STEP][PASSED] - M4_spin_line_wins = line_wins: null

2019-08-23 18:56:31 - [TEST_STEP][PASSED] - M4_spin_line_wins = M4_spin_line_wins: null

2019-08-23 18:56:31 - [TEST_STEP][PASSED] - M4_total_bonus_spins_int = total_bonus_spins: null

2019-08-23 18:56:31 - [TEST_STEP][PASSED] - println("******M4_total_bonus_spins type is:*******" + newline + getClass().getName()): null

2019-08-23 18:56:31 - [TEST_STEP][PASSED] - M4_total_bonus_spins_int = M4_total_bonus_spins_int: null

2019-08-23 18:56:31 - [TEST_STEP][PASSED] - M4_total_bonus_spins = Integer.toString(M4_total_bonus_spins_int): null

2019-08-23 18:56:31 - [TEST_STEP][PASSED] - M4_total_bonus_spins = M4_total_bonus_spins: null

2019-08-23 18:56:31 - [TEST_STEP][PASSED] - println("M4_total_bonus_spins is:" + M4_total_bonus_spins): null

2019-08-23 18:56:31 - [TEST_STEP][PASSED] - M4_spin_bonus_data = bonus_data: null

2019-08-23 18:56:31 - [TEST_STEP][PASSED] - M4_spin_features_triggered = result_M4_spin: null

2019-08-23 18:56:31 - [TEST_STEP][PASSED] - wild = []: null

2019-08-23 18:56:31 - [TEST_STEP][PASSED] - wild[0] = "WILD_Expanding": null

2019-08-23 18:56:31 - [TEST_STEP][PASSED] - wild[1] = "WILD_Normal": null

2019-08-23 18:56:31 - [TEST_STEP][PASSED] - wild[2] = "WILD_Double": null

2019-08-23 18:56:31 - [TEST_STEP][PASSED] - wild[3] = "WILD_ExtraFG": null

2019-08-23 18:56:31 - [TEST_STEP][PASSED] - wild[4] = "WILD_Triple": null

2019-08-23 18:56:31 - [TEST_STEP][PASSED] - wildList = Arrays.asList(wild): null

2019-08-23 18:56:31 - [TEST_STEP][PASSED] - wildList = wildList: null

2019-08-23 18:56:31 - [TEST_STEP][PASSED] - free_spin_reel_counter = []: null

2019-08-23 18:56:31 - [TEST_STEP][PASSED] - free_spin_reel_counter[0] = 0: null

2019-08-23 18:56:31 - [TEST_STEP][PASSED] - free_spin_reel_counter[1] = 0: null

2019-08-23 18:56:31 - [TEST_STEP][PASSED] - free_spin_reel_counter[2] = 0: null

2019-08-23 18:56:31 - [TEST_STEP][PASSED] - M4_spin_reels = reels: null

2019-08-23 18:56:31 - [TEST_STEP][PASSED] - for ([i = 0, i &lt; M4_spin_reels.size(), (i++)]): null

2019-08-23 18:56:31 - [TEST_STEP][PASSED] - symbols = symbols: null

2019-08-23 18:56:31 - [TEST_STEP][PASSED] - for ([j = 0, j &lt; symbols.size(), (j++)]): null

2019-08-23 18:56:31 - [TEST_STEP][PASSED] - symbol = symbol: null

2019-08-23 18:56:31 - [TEST_STEP][PASSED] - println(symbol): null

2019-08-23 18:56:31 - [TEST_STEP][PASSED] - if (i == 2 &amp;&amp; wildList.indexOf(symbol) != -1): null

2019-08-23 18:56:31 - [TEST_STEP][PASSED] - if (i == 3 &amp;&amp; wildList.indexOf(symbol) != -1): null

2019-08-23 18:56:31 - [TEST_STEP][PASSED] - if (i == 4 &amp;&amp; wildList.indexOf(symbol) != -1): null

2019-08-23 18:56:31 - [TEST_STEP][PASSED] - symbol = symbol: null

2019-08-23 18:56:31 - [TEST_STEP][PASSED] - println(symbol): null

2019-08-23 18:56:31 - [TEST_STEP][PASSED] - if (i == 2 &amp;&amp; wildList.indexOf(symbol) != -1): null

2019-08-23 18:56:31 - [TEST_STEP][PASSED] - if (i == 3 &amp;&amp; wildList.indexOf(symbol) != -1): null

2019-08-23 18:56:31 - [TEST_STEP][PASSED] - if (i == 4 &amp;&amp; wildList.indexOf(symbol) != -1): null

2019-08-23 18:56:31 - [TEST_STEP][PASSED] - symbol = symbol: null

2019-08-23 18:56:31 - [TEST_STEP][PASSED] - println(symbol): null

2019-08-23 18:56:31 - [TEST_STEP][PASSED] - if (i == 2 &amp;&amp; wildList.indexOf(symbol) != -1): null

2019-08-23 18:56:31 - [TEST_STEP][PASSED] - if (i == 3 &amp;&amp; wildList.indexOf(symbol) != -1): null

2019-08-23 18:56:31 - [TEST_STEP][PASSED] - if (i == 4 &amp;&amp; wildList.indexOf(symbol) != -1): null

2019-08-23 18:56:31 - [TEST_STEP][PASSED] - symbols = symbols: null

2019-08-23 18:56:31 - [TEST_STEP][PASSED] - for ([j = 0, j &lt; symbols.size(), (j++)]): null

2019-08-23 18:56:31 - [TEST_STEP][PASSED] - symbol = symbol: null

2019-08-23 18:56:31 - [TEST_STEP][PASSED] - println(symbol): null

2019-08-23 18:56:31 - [TEST_STEP][PASSED] - if (i == 2 &amp;&amp; wildList.indexOf(symbol) != -1): null

2019-08-23 18:56:31 - [TEST_STEP][PASSED] - if (i == 3 &amp;&amp; wildList.indexOf(symbol) != -1): null

2019-08-23 18:56:31 - [TEST_STEP][PASSED] - if (i == 4 &amp;&amp; wildList.indexOf(symbol) != -1): null

2019-08-23 18:56:31 - [TEST_STEP][PASSED] - symbol = symbol: null

2019-08-23 18:56:31 - [TEST_STEP][PASSED] - println(symbol): null

2019-08-23 18:56:31 - [TEST_STEP][PASSED] - if (i == 2 &amp;&amp; wildList.indexOf(symbol) != -1): null

2019-08-23 18:56:31 - [TEST_STEP][PASSED] - if (i == 3 &amp;&amp; wildList.indexOf(symbol) != -1): null

2019-08-23 18:56:31 - [TEST_STEP][PASSED] - if (i == 4 &amp;&amp; wildList.indexOf(symbol) != -1): null

2019-08-23 18:56:31 - [TEST_STEP][PASSED] - symbol = symbol: null

2019-08-23 18:56:31 - [TEST_STEP][PASSED] - println(symbol): null

2019-08-23 18:56:31 - [TEST_STEP][PASSED] - if (i == 2 &amp;&amp; wildList.indexOf(symbol) != -1): null

2019-08-23 18:56:31 - [TEST_STEP][PASSED] - if (i == 3 &amp;&amp; wildList.indexOf(symbol) != -1): null

2019-08-23 18:56:31 - [TEST_STEP][PASSED] - if (i == 4 &amp;&amp; wildList.indexOf(symbol) != -1): null

2019-08-23 18:56:31 - [TEST_STEP][PASSED] - symbols = symbols: null

2019-08-23 18:56:31 - [TEST_STEP][PASSED] - for ([j = 0, j &lt; symbols.size(), (j++)]): null

2019-08-23 18:56:31 - [TEST_STEP][PASSED] - symbol = symbol: null

2019-08-23 18:56:31 - [TEST_STEP][PASSED] - println(symbol): null

2019-08-23 18:56:31 - [TEST_STEP][PASSED] - if (i == 2 &amp;&amp; wildList.indexOf(symbol) != -1): null

2019-08-23 18:56:31 - [TEST_STEP][PASSED] - if (i == 3 &amp;&amp; wildList.indexOf(symbol) != -1): null

2019-08-23 18:56:31 - [TEST_STEP][PASSED] - if (i == 4 &amp;&amp; wildList.indexOf(symbol) != -1): null

2019-08-23 18:56:31 - [TEST_STEP][PASSED] - symbol = symbol: null

2019-08-23 18:56:31 - [TEST_STEP][PASSED] - println(symbol): null

2019-08-23 18:56:31 - [TEST_STEP][PASSED] - if (i == 2 &amp;&amp; wildList.indexOf(symbol) != -1): null

2019-08-23 18:56:31 - [TEST_STEP][PASSED] - if (i == 3 &amp;&amp; wildList.indexOf(symbol) != -1): null

2019-08-23 18:56:31 - [TEST_STEP][PASSED] - if (i == 4 &amp;&amp; wildList.indexOf(symbol) != -1): null

2019-08-23 18:56:31 - [TEST_STEP][PASSED] - symbol = symbol: null

2019-08-23 18:56:31 - [TEST_STEP][PASSED] - println(symbol): null

2019-08-23 18:56:31 - [TEST_STEP][PASSED] - if (i == 2 &amp;&amp; wildList.indexOf(symbol) != -1): null

2019-08-23 18:56:31 - [TEST_STEP][PASSED] - if (i == 3 &amp;&amp; wildList.indexOf(symbol) != -1): null

2019-08-23 18:56:31 - [TEST_STEP][PASSED] - if (i == 4 &amp;&amp; wildList.indexOf(symbol) != -1): null

2019-08-23 18:56:31 - [TEST_STEP][PASSED] - symbols = symbols: null

2019-08-23 18:56:31 - [TEST_STEP][PASSED] - for ([j = 0, j &lt; symbols.size(), (j++)]): null

2019-08-23 18:56:31 - [TEST_STEP][PASSED] - symbol = symbol: null

2019-08-23 18:56:31 - [TEST_STEP][PASSED] - println(symbol): null

2019-08-23 18:56:31 - [TEST_STEP][PASSED] - if (i == 2 &amp;&amp; wildList.indexOf(symbol) != -1): null

2019-08-23 18:56:31 - [TEST_STEP][PASSED] - if (i == 3 &amp;&amp; wildList.indexOf(symbol) != -1): null

2019-08-23 18:56:31 - [TEST_STEP][PASSED] - if (i == 4 &amp;&amp; wildList.indexOf(symbol) != -1): null

2019-08-23 18:56:31 - [TEST_STEP][PASSED] - symbol = symbol: null

2019-08-23 18:56:31 - [TEST_STEP][PASSED] - println(symbol): null

2019-08-23 18:56:31 - [TEST_STEP][PASSED] - if (i == 2 &amp;&amp; wildList.indexOf(symbol) != -1): null

2019-08-23 18:56:31 - [TEST_STEP][PASSED] - if (i == 3 &amp;&amp; wildList.indexOf(symbol) != -1): null

2019-08-23 18:56:31 - [TEST_STEP][PASSED] - if (i == 4 &amp;&amp; wildList.indexOf(symbol) != -1): null

2019-08-23 18:56:31 - [TEST_STEP][PASSED] - symbol = symbol: null

2019-08-23 18:56:31 - [TEST_STEP][PASSED] - println(symbol): null

2019-08-23 18:56:31 - [TEST_STEP][PASSED] - if (i == 2 &amp;&amp; wildList.indexOf(symbol) != -1): null

2019-08-23 18:56:31 - [TEST_STEP][PASSED] - if (i == 3 &amp;&amp; wildList.indexOf(symbol) != -1): null

2019-08-23 18:56:31 - [TEST_STEP][PASSED] - if (i == 4 &amp;&amp; wildList.indexOf(symbol) != -1): null

2019-08-23 18:56:31 - [TEST_STEP][PASSED] - symbols = symbols: null

2019-08-23 18:56:31 - [TEST_STEP][PASSED] - for ([j = 0, j &lt; symbols.size(), (j++)]): null

2019-08-23 18:56:31 - [TEST_STEP][PASSED] - symbol = symbol: null

2019-08-23 18:56:31 - [TEST_STEP][PASSED] - println(symbol): null

2019-08-23 18:56:31 - [TEST_STEP][PASSED] - if (i == 2 &amp;&amp; wildList.indexOf(symbol) != -1): null

2019-08-23 18:56:31 - [TEST_STEP][PASSED] - if (i == 3 &amp;&amp; wildList.indexOf(symbol) != -1): null

2019-08-23 18:56:31 - [TEST_STEP][PASSED] - if (i == 4 &amp;&amp; wildList.indexOf(symbol) != -1): null

2019-08-23 18:56:31 - [TEST_STEP][PASSED] - symbol = symbol: null

2019-08-23 18:56:31 - [TEST_STEP][PASSED] - println(symbol): null

2019-08-23 18:56:31 - [TEST_STEP][PASSED] - if (i == 2 &amp;&amp; wildList.indexOf(symbol) != -1): null

2019-08-23 18:56:31 - [TEST_STEP][PASSED] - if (i == 3 &amp;&amp; wildList.indexOf(symbol) != -1): null

2019-08-23 18:56:31 - [TEST_STEP][PASSED] - if (i == 4 &amp;&amp; wildList.indexOf(symbol) != -1): null

2019-08-23 18:56:31 - [TEST_STEP][PASSED] - symbol = symbol: null

2019-08-23 18:56:31 - [TEST_STEP][PASSED] - println(symbol): null

2019-08-23 18:56:31 - [TEST_STEP][PASSED] - if (i == 2 &amp;&amp; wildList.indexOf(symbol) != -1): null

2019-08-23 18:56:31 - [TEST_STEP][PASSED] - if (i == 3 &amp;&amp; wildList.indexOf(symbol) != -1): null

2019-08-23 18:56:31 - [TEST_STEP][PASSED] - if (i == 4 &amp;&amp; wildList.indexOf(symbol) != -1): null

2019-08-23 18:56:31 - [TEST_STEP][PASSED] - free_spin_reel_counter = free_spin_reel_counter: null

2019-08-23 18:56:31 - [TEST_STEP][PASSED] - println("reel 3 wild found: " + free_spin_reel_counter[0]): null

2019-08-23 18:56:31 - [TEST_STEP][PASSED] - println("reel 4 wild found: " + free_spin_reel_counter[1]): null

2019-08-23 18:56:31 - [TEST_STEP][PASSED] - println("reel 5 wild found: " + free_spin_reel_counter[2]): null

2019-08-23 18:56:31 - [TEST_STEP][PASSED] - M4_spin_reels = M4_spin_reels: null

2019-08-23 18:56:31 - [TEST_STEP][PASSED] - M4_spin_reels_symbols = symbol: null

2019-08-23 18:56:31 - [TEST_STEP][PASSED] - M4_spin_reels_symbols = M4_spin_reels_symbols: null

2019-08-23 18:56:31 - [TEST_STEP][PASSED] - M4_spin_reel_wins = reel_wins: null

2019-08-23 18:56:31 - [TEST_STEP][PASSED] - M4_spin_reel_wins = M4_spin_reel_wins: null

2019-08-23 18:56:31 - [TEST_STEP][PASSED] - println("GlobalVariable.M4_spin_reel_wins is: " + M4_spin_reel_wins): null

2019-08-23 18:56:31 - [TEST_STEP][PASSED] - M4_spin_total_bonus_win_this_round = total_bonus_win_this_round: null

2019-08-23 18:56:31 - [TEST_STEP][PASSED] - M4_spin_total_bonus_win_this_round = M4_spin_total_bonus_win_this_round: null

2019-08-23 18:56:31 - [TEST_STEP][PASSED] - println("GlobalVariable.M4_spin_total_bonus_win_this_round is: " + M4_spin_total_bonus_win_this_round): null

2019-08-23 18:56:31 - [TEST_STEP][PASSED] - M4_spin_bonus_spin_result = spin_result: null

2019-08-23 18:56:31 - [TEST_STEP][PASSED] - M4_spin_bonus_spin_result = M4_spin_bonus_spin_result: null

2019-08-23 18:56:31 - [MESSAGE][PASSED] - Verify response successfully

2019-08-23 18:56:31 - [MESSAGE][PASSED] - Send request and verify the response successfully

2019-08-23 18:56:31 - [TEST_STEP][PASSED] - if (free_spin_reel_counter[0] &gt;= 1 &amp;&amp; free_spin_reel_counter[1] &gt;= 1 &amp;&amp; free_spin_reel_counter[2] &gt;= 1): null

2019-08-23 18:56:31 - [TEST_STEP][PASSED] - spin_result = sendRequestAndVerify(findTestObject("INT/RGS(M4)/1_M4_spin", ["M4_login_user_id":M4_login_user_id, "rgs_session_token":rgs_session_token, "partner":Partner])): Send request and verify the response successfully

2019-08-23 18:56:31 - [MESSAGE][INFO] - HAR: /Users/eiralee/Katalon_Script/SuperWild/Reports/20190823_184757/INT/superWild_1/20190823_184757/requests/main/219.har

2019-08-23 18:56:31 - [TEST_CASE][PASSED] - Start Test Case : Verification: Verification accomplished successfully

2019-08-23 18:56:31 - [TEST_STEP][PASSED] - request = getInstance().getCurrentRequest(): null

2019-08-23 18:56:31 - [TEST_STEP][PASSED] - response = getInstance().getCurrentResponse(): null

2019-08-23 18:56:31 - [TEST_STEP][PASSED] - verifyResponseStatusCode(response, 200): Verify response status code successfully

2019-08-23 18:56:31 - [MESSAGE][PASSED] - Verify response status code successfully

2019-08-23 18:56:31 - [TEST_STEP][PASSED] - getStatusCode()).isEqualTo(200): null

2019-08-23 18:56:31 - [TEST_STEP][PASSED] - newline = System.getProperty("line.separator"): null

2019-08-23 18:56:31 - [TEST_STEP][PASSED] - M4_spin = new groovy.json.JsonSlurper(): null

2019-08-23 18:56:31 - [TEST_STEP][PASSED] - result_M4_spin = M4_spin.parseText(response.getResponseBodyContent()): null

2019-08-23 18:56:31 - [TEST_STEP][PASSED] - M4_spin_current_balance = current_balance: null

2019-08-23 18:56:31 - [TEST_STEP][PASSED] - M4_spin_current_balance = M4_spin_current_balance: null

2019-08-23 18:56:31 - [TEST_STEP][PASSED] - M4_spin_transaction_id = causality: null

2019-08-23 18:56:31 - [TEST_STEP][PASSED] - M4_spin_transaction_id = M4_spin_transaction_id: null

2019-08-23 18:56:31 - [TEST_STEP][PASSED] - M4_spin_round_id = round_id: null

2019-08-23 18:56:31 - [TEST_STEP][PASSED] - M4_spin_round_id = M4_spin_round_id: null

2019-08-23 18:56:31 - [TEST_STEP][PASSED] - M4_spin_line_wins = line_wins: null

2019-08-23 18:56:31 - [TEST_STEP][PASSED] - M4_spin_line_wins = M4_spin_line_wins: null

2019-08-23 18:56:31 - [TEST_STEP][PASSED] - M4_total_bonus_spins_int = total_bonus_spins: null

2019-08-23 18:56:31 - [TEST_STEP][PASSED] - println("******M4_total_bonus_spins type is:*******" + newline + getClass().getName()): null

2019-08-23 18:56:31 - [TEST_STEP][PASSED] - M4_total_bonus_spins_int = M4_total_bonus_spins_int: null

2019-08-23 18:56:31 - [TEST_STEP][PASSED] - M4_total_bonus_spins = Integer.toString(M4_total_bonus_spins_int): null

2019-08-23 18:56:31 - [TEST_STEP][PASSED] - M4_total_bonus_spins = M4_total_bonus_spins: null

2019-08-23 18:56:31 - [TEST_STEP][PASSED] - println("M4_total_bonus_spins is:" + M4_total_bonus_spins): null

2019-08-23 18:56:31 - [TEST_STEP][PASSED] - M4_spin_bonus_data = bonus_data: null

2019-08-23 18:56:31 - [TEST_STEP][PASSED] - M4_spin_features_triggered = result_M4_spin: null

2019-08-23 18:56:31 - [TEST_STEP][PASSED] - wild = []: null

2019-08-23 18:56:31 - [TEST_STEP][PASSED] - wild[0] = "WILD_Expanding": null

2019-08-23 18:56:31 - [TEST_STEP][PASSED] - wild[1] = "WILD_Normal": null

2019-08-23 18:56:31 - [TEST_STEP][PASSED] - wild[2] = "WILD_Double": null

2019-08-23 18:56:31 - [TEST_STEP][PASSED] - wild[3] = "WILD_ExtraFG": null

2019-08-23 18:56:31 - [TEST_STEP][PASSED] - wild[4] = "WILD_Triple": null

2019-08-23 18:56:31 - [TEST_STEP][PASSED] - wildList = Arrays.asList(wild): null

2019-08-23 18:56:31 - [TEST_STEP][PASSED] - wildList = wildList: null

2019-08-23 18:56:31 - [TEST_STEP][PASSED] - free_spin_reel_counter = []: null

2019-08-23 18:56:31 - [TEST_STEP][PASSED] - free_spin_reel_counter[0] = 0: null

2019-08-23 18:56:31 - [TEST_STEP][PASSED] - free_spin_reel_counter[1] = 0: null

2019-08-23 18:56:31 - [TEST_STEP][PASSED] - free_spin_reel_counter[2] = 0: null

2019-08-23 18:56:31 - [TEST_STEP][PASSED] - M4_spin_reels = reels: null

2019-08-23 18:56:31 - [TEST_STEP][PASSED] - for ([i = 0, i &lt; M4_spin_reels.size(), (i++)]): null

2019-08-23 18:56:31 - [TEST_STEP][PASSED] - symbols = symbols: null

2019-08-23 18:56:31 - [TEST_STEP][PASSED] - for ([j = 0, j &lt; symbols.size(), (j++)]): null

2019-08-23 18:56:31 - [TEST_STEP][PASSED] - symbol = symbol: null

2019-08-23 18:56:31 - [TEST_STEP][PASSED] - println(symbol): null

2019-08-23 18:56:31 - [TEST_STEP][PASSED] - if (i == 2 &amp;&amp; wildList.indexOf(symbol) != -1): null

2019-08-23 18:56:31 - [TEST_STEP][PASSED] - if (i == 3 &amp;&amp; wildList.indexOf(symbol) != -1): null

2019-08-23 18:56:31 - [TEST_STEP][PASSED] - if (i == 4 &amp;&amp; wildList.indexOf(symbol) != -1): null

2019-08-23 18:56:31 - [TEST_STEP][PASSED] - symbol = symbol: null

2019-08-23 18:56:31 - [TEST_STEP][PASSED] - println(symbol): null

2019-08-23 18:56:31 - [TEST_STEP][PASSED] - if (i == 2 &amp;&amp; wildList.indexOf(symbol) != -1): null

2019-08-23 18:56:34 - [TEST_STEP][PASSED] - if (i == 3 &amp;&amp; wildList.indexOf(symbol) != -1): null

2019-08-23 18:56:34 - [TEST_STEP][PASSED] - if (i == 4 &amp;&amp; wildList.indexOf(symbol) != -1): null

2019-08-23 18:56:34 - [TEST_STEP][PASSED] - symbol = symbol: null

2019-08-23 18:56:34 - [TEST_STEP][PASSED] - println(symbol): null

2019-08-23 18:56:34 - [TEST_STEP][PASSED] - if (i == 2 &amp;&amp; wildList.indexOf(symbol) != -1): null

2019-08-23 18:56:34 - [TEST_STEP][PASSED] - if (i == 3 &amp;&amp; wildList.indexOf(symbol) != -1): null

2019-08-23 18:56:34 - [TEST_STEP][PASSED] - if (i == 4 &amp;&amp; wildList.indexOf(symbol) != -1): null

2019-08-23 18:56:34 - [TEST_STEP][PASSED] - symbols = symbols: null

2019-08-23 18:56:34 - [TEST_STEP][PASSED] - for ([j = 0, j &lt; symbols.size(), (j++)]): null

2019-08-23 18:56:34 - [TEST_STEP][PASSED] - symbol = symbol: null

2019-08-23 18:56:34 - [TEST_STEP][PASSED] - println(symbol): null

2019-08-23 18:56:34 - [TEST_STEP][PASSED] - if (i == 2 &amp;&amp; wildList.indexOf(symbol) != -1): null

2019-08-23 18:56:34 - [TEST_STEP][PASSED] - if (i == 3 &amp;&amp; wildList.indexOf(symbol) != -1): null

2019-08-23 18:56:34 - [TEST_STEP][PASSED] - if (i == 4 &amp;&amp; wildList.indexOf(symbol) != -1): null

2019-08-23 18:56:34 - [TEST_STEP][PASSED] - symbol = symbol: null

2019-08-23 18:56:34 - [TEST_STEP][PASSED] - println(symbol): null

2019-08-23 18:56:34 - [TEST_STEP][PASSED] - if (i == 2 &amp;&amp; wildList.indexOf(symbol) != -1): null

2019-08-23 18:56:34 - [TEST_STEP][PASSED] - if (i == 3 &amp;&amp; wildList.indexOf(symbol) != -1): null

2019-08-23 18:56:34 - [TEST_STEP][PASSED] - if (i == 4 &amp;&amp; wildList.indexOf(symbol) != -1): null

2019-08-23 18:56:34 - [TEST_STEP][PASSED] - symbol = symbol: null

2019-08-23 18:56:34 - [TEST_STEP][PASSED] - println(symbol): null

2019-08-23 18:56:34 - [TEST_STEP][PASSED] - if (i == 2 &amp;&amp; wildList.indexOf(symbol) != -1): null

2019-08-23 18:56:34 - [TEST_STEP][PASSED] - if (i == 3 &amp;&amp; wildList.indexOf(symbol) != -1): null

2019-08-23 18:56:34 - [TEST_STEP][PASSED] - if (i == 4 &amp;&amp; wildList.indexOf(symbol) != -1): null

2019-08-23 18:56:34 - [TEST_STEP][PASSED] - symbols = symbols: null

2019-08-23 18:56:34 - [TEST_STEP][PASSED] - for ([j = 0, j &lt; symbols.size(), (j++)]): null

2019-08-23 18:56:34 - [TEST_STEP][PASSED] - symbol = symbol: null

2019-08-23 18:56:34 - [TEST_STEP][PASSED] - println(symbol): null

2019-08-23 18:56:34 - [TEST_STEP][PASSED] - if (i == 2 &amp;&amp; wildList.indexOf(symbol) != -1): null

2019-08-23 18:56:34 - [TEST_STEP][PASSED] - if (i == 3 &amp;&amp; wildList.indexOf(symbol) != -1): null

2019-08-23 18:56:34 - [TEST_STEP][PASSED] - if (i == 4 &amp;&amp; wildList.indexOf(symbol) != -1): null

2019-08-23 18:56:34 - [TEST_STEP][PASSED] - symbol = symbol: null

2019-08-23 18:56:34 - [TEST_STEP][PASSED] - println(symbol): null

2019-08-23 18:56:34 - [TEST_STEP][PASSED] - if (i == 2 &amp;&amp; wildList.indexOf(symbol) != -1): null

2019-08-23 18:56:34 - [TEST_STEP][PASSED] - if (i == 3 &amp;&amp; wildList.indexOf(symbol) != -1): null

2019-08-23 18:56:34 - [TEST_STEP][PASSED] - if (i == 4 &amp;&amp; wildList.indexOf(symbol) != -1): null

2019-08-23 18:56:34 - [TEST_STEP][PASSED] - symbol = symbol: null

2019-08-23 18:56:34 - [TEST_STEP][PASSED] - println(symbol): null

2019-08-23 18:56:34 - [TEST_STEP][PASSED] - if (i == 2 &amp;&amp; wildList.indexOf(symbol) != -1): null

2019-08-23 18:56:34 - [TEST_STEP][PASSED] - if (i == 3 &amp;&amp; wildList.indexOf(symbol) != -1): null

2019-08-23 18:56:34 - [TEST_STEP][PASSED] - if (i == 4 &amp;&amp; wildList.indexOf(symbol) != -1): null

2019-08-23 18:56:34 - [TEST_STEP][PASSED] - symbols = symbols: null

2019-08-23 18:56:34 - [TEST_STEP][PASSED] - for ([j = 0, j &lt; symbols.size(), (j++)]): null

2019-08-23 18:56:34 - [TEST_STEP][PASSED] - symbol = symbol: null

2019-08-23 18:56:34 - [TEST_STEP][PASSED] - println(symbol): null

2019-08-23 18:56:34 - [TEST_STEP][PASSED] - if (i == 2 &amp;&amp; wildList.indexOf(symbol) != -1): null

2019-08-23 18:56:34 - [TEST_STEP][PASSED] - if (i == 3 &amp;&amp; wildList.indexOf(symbol) != -1): null

2019-08-23 18:56:34 - [TEST_STEP][PASSED] - if (i == 4 &amp;&amp; wildList.indexOf(symbol) != -1): null

2019-08-23 18:56:34 - [TEST_STEP][PASSED] - symbol = symbol: null

2019-08-23 18:56:34 - [TEST_STEP][PASSED] - println(symbol): null

2019-08-23 18:56:34 - [TEST_STEP][PASSED] - if (i == 2 &amp;&amp; wildList.indexOf(symbol) != -1): null

2019-08-23 18:56:34 - [TEST_STEP][PASSED] - if (i == 3 &amp;&amp; wildList.indexOf(symbol) != -1): null

2019-08-23 18:56:34 - [TEST_STEP][PASSED] - if (i == 4 &amp;&amp; wildList.indexOf(symbol) != -1): null

2019-08-23 18:56:34 - [TEST_STEP][PASSED] - symbol = symbol: null

2019-08-23 18:56:34 - [TEST_STEP][PASSED] - println(symbol): null

2019-08-23 18:56:34 - [TEST_STEP][PASSED] - if (i == 2 &amp;&amp; wildList.indexOf(symbol) != -1): null

2019-08-23 18:56:34 - [TEST_STEP][PASSED] - if (i == 3 &amp;&amp; wildList.indexOf(symbol) != -1): null

2019-08-23 18:56:34 - [TEST_STEP][PASSED] - if (i == 4 &amp;&amp; wildList.indexOf(symbol) != -1): null

2019-08-23 18:56:34 - [TEST_STEP][PASSED] - symbols = symbols: null

2019-08-23 18:56:34 - [TEST_STEP][PASSED] - for ([j = 0, j &lt; symbols.size(), (j++)]): null

2019-08-23 18:56:34 - [TEST_STEP][PASSED] - symbol = symbol: null

2019-08-23 18:56:34 - [TEST_STEP][PASSED] - println(symbol): null

2019-08-23 18:56:34 - [TEST_STEP][PASSED] - if (i == 2 &amp;&amp; wildList.indexOf(symbol) != -1): null

2019-08-23 18:56:34 - [TEST_STEP][PASSED] - if (i == 3 &amp;&amp; wildList.indexOf(symbol) != -1): null

2019-08-23 18:56:34 - [TEST_STEP][PASSED] - if (i == 4 &amp;&amp; wildList.indexOf(symbol) != -1): null

2019-08-23 18:56:34 - [TEST_STEP][PASSED] - symbol = symbol: null

2019-08-23 18:56:34 - [TEST_STEP][PASSED] - println(symbol): null

2019-08-23 18:56:34 - [TEST_STEP][PASSED] - if (i == 2 &amp;&amp; wildList.indexOf(symbol) != -1): null

2019-08-23 18:56:34 - [TEST_STEP][PASSED] - if (i == 3 &amp;&amp; wildList.indexOf(symbol) != -1): null

2019-08-23 18:56:34 - [TEST_STEP][PASSED] - if (i == 4 &amp;&amp; wildList.indexOf(symbol) != -1): null

2019-08-23 18:56:34 - [TEST_STEP][PASSED] - symbol = symbol: null

2019-08-23 18:56:34 - [TEST_STEP][PASSED] - println(symbol): null

2019-08-23 18:56:34 - [TEST_STEP][PASSED] - if (i == 2 &amp;&amp; wildList.indexOf(symbol) != -1): null

2019-08-23 18:56:34 - [TEST_STEP][PASSED] - if (i == 3 &amp;&amp; wildList.indexOf(symbol) != -1): null

2019-08-23 18:56:34 - [TEST_STEP][PASSED] - if (i == 4 &amp;&amp; wildList.indexOf(symbol) != -1): null

2019-08-23 18:56:34 - [TEST_STEP][PASSED] - free_spin_reel_counter = free_spin_reel_counter: null

2019-08-23 18:56:34 - [TEST_STEP][PASSED] - println("reel 3 wild found: " + free_spin_reel_counter[0]): null

2019-08-23 18:56:34 - [TEST_STEP][PASSED] - println("reel 4 wild found: " + free_spin_reel_counter[1]): null

2019-08-23 18:56:34 - [TEST_STEP][PASSED] - println("reel 5 wild found: " + free_spin_reel_counter[2]): null

2019-08-23 18:56:34 - [TEST_STEP][PASSED] - M4_spin_reels = M4_spin_reels: null

2019-08-23 18:56:34 - [TEST_STEP][PASSED] - M4_spin_reels_symbols = symbol: null

2019-08-23 18:56:34 - [TEST_STEP][PASSED] - M4_spin_reels_symbols = M4_spin_reels_symbols: null

2019-08-23 18:56:34 - [TEST_STEP][PASSED] - M4_spin_reel_wins = reel_wins: null

2019-08-23 18:56:34 - [TEST_STEP][PASSED] - M4_spin_reel_wins = M4_spin_reel_wins: null

2019-08-23 18:56:34 - [TEST_STEP][PASSED] - println("GlobalVariable.M4_spin_reel_wins is: " + M4_spin_reel_wins): null

2019-08-23 18:56:34 - [TEST_STEP][PASSED] - M4_spin_total_bonus_win_this_round = total_bonus_win_this_round: null

2019-08-23 18:56:34 - [TEST_STEP][PASSED] - M4_spin_total_bonus_win_this_round = M4_spin_total_bonus_win_this_round: null

2019-08-23 18:56:34 - [TEST_STEP][PASSED] - println("GlobalVariable.M4_spin_total_bonus_win_this_round is: " + M4_spin_total_bonus_win_this_round): null

2019-08-23 18:56:34 - [TEST_STEP][PASSED] - M4_spin_bonus_spin_result = spin_result: null

2019-08-23 18:56:34 - [TEST_STEP][PASSED] - M4_spin_bonus_spin_result = M4_spin_bonus_spin_result: null

2019-08-23 18:56:34 - [MESSAGE][PASSED] - Verify response successfully

2019-08-23 18:56:34 - [MESSAGE][PASSED] - Send request and verify the response successfully

2019-08-23 18:56:34 - [TEST_STEP][PASSED] - if (free_spin_reel_counter[0] &gt;= 1 &amp;&amp; free_spin_reel_counter[1] &gt;= 1 &amp;&amp; free_spin_reel_counter[2] &gt;= 1): null

2019-08-23 18:56:34 - [TEST_STEP][PASSED] - spin_result = sendRequestAndVerify(findTestObject("INT/RGS(M4)/1_M4_spin", ["M4_login_user_id":M4_login_user_id, "rgs_session_token":rgs_session_token, "partner":Partner])): Send request and verify the response successfully

2019-08-23 18:56:34 - [MESSAGE][INFO] - HAR: /Users/eiralee/Katalon_Script/SuperWild/Reports/20190823_184757/INT/superWild_1/20190823_184757/requests/main/220.har

2019-08-23 18:56:34 - [TEST_CASE][PASSED] - Start Test Case : Verification: Verification accomplished successfully

2019-08-23 18:56:34 - [TEST_STEP][PASSED] - request = getInstance().getCurrentRequest(): null

2019-08-23 18:56:34 - [TEST_STEP][PASSED] - response = getInstance().getCurrentResponse(): null

2019-08-23 18:56:34 - [TEST_STEP][PASSED] - verifyResponseStatusCode(response, 200): Verify response status code successfully

2019-08-23 18:56:34 - [MESSAGE][PASSED] - Verify response status code successfully

2019-08-23 18:56:34 - [TEST_STEP][PASSED] - getStatusCode()).isEqualTo(200): null

2019-08-23 18:56:34 - [TEST_STEP][PASSED] - newline = System.getProperty("line.separator"): null

2019-08-23 18:56:34 - [TEST_STEP][PASSED] - M4_spin = new groovy.json.JsonSlurper(): null

2019-08-23 18:56:34 - [TEST_STEP][PASSED] - result_M4_spin = M4_spin.parseText(response.getResponseBodyContent()): null

2019-08-23 18:56:34 - [TEST_STEP][PASSED] - M4_spin_current_balance = current_balance: null

2019-08-23 18:56:34 - [TEST_STEP][PASSED] - M4_spin_current_balance = M4_spin_current_balance: null

2019-08-23 18:56:34 - [TEST_STEP][PASSED] - M4_spin_transaction_id = causality: null

2019-08-23 18:56:34 - [TEST_STEP][PASSED] - M4_spin_transaction_id = M4_spin_transaction_id: null

2019-08-23 18:56:34 - [TEST_STEP][PASSED] - M4_spin_round_id = round_id: null

2019-08-23 18:56:34 - [TEST_STEP][PASSED] - M4_spin_round_id = M4_spin_round_id: null

2019-08-23 18:56:34 - [TEST_STEP][PASSED] - M4_spin_line_wins = line_wins: null

2019-08-23 18:56:34 - [TEST_STEP][PASSED] - M4_spin_line_wins = M4_spin_line_wins: null

2019-08-23 18:56:34 - [TEST_STEP][PASSED] - M4_total_bonus_spins_int = total_bonus_spins: null

2019-08-23 18:56:34 - [TEST_STEP][PASSED] - println("******M4_total_bonus_spins type is:*******" + newline + getClass().getName()): null

2019-08-23 18:56:34 - [TEST_STEP][PASSED] - M4_total_bonus_spins_int = M4_total_bonus_spins_int: null

2019-08-23 18:56:34 - [TEST_STEP][PASSED] - M4_total_bonus_spins = Integer.toString(M4_total_bonus_spins_int): null

2019-08-23 18:56:34 - [TEST_STEP][PASSED] - M4_total_bonus_spins = M4_total_bonus_spins: null

2019-08-23 18:56:34 - [TEST_STEP][PASSED] - println("M4_total_bonus_spins is:" + M4_total_bonus_spins): null

2019-08-23 18:56:34 - [TEST_STEP][PASSED] - M4_spin_bonus_data = bonus_data: null

2019-08-23 18:56:34 - [TEST_STEP][PASSED] - M4_spin_features_triggered = result_M4_spin: null

2019-08-23 18:56:34 - [TEST_STEP][PASSED] - wild = []: null

2019-08-23 18:56:34 - [TEST_STEP][PASSED] - wild[0] = "WILD_Expanding": null

2019-08-23 18:56:34 - [TEST_STEP][PASSED] - wild[1] = "WILD_Normal": null

2019-08-23 18:56:34 - [TEST_STEP][PASSED] - wild[2] = "WILD_Double": null

2019-08-23 18:56:34 - [TEST_STEP][PASSED] - wild[3] = "WILD_ExtraFG": null

2019-08-23 18:56:34 - [TEST_STEP][PASSED] - wild[4] = "WILD_Triple": null

2019-08-23 18:56:34 - [TEST_STEP][PASSED] - wildList = Arrays.asList(wild): null

2019-08-23 18:56:34 - [TEST_STEP][PASSED] - wildList = wildList: null

2019-08-23 18:56:34 - [TEST_STEP][PASSED] - free_spin_reel_counter = []: null

2019-08-23 18:56:34 - [TEST_STEP][PASSED] - free_spin_reel_counter[0] = 0: null

2019-08-23 18:56:34 - [TEST_STEP][PASSED] - free_spin_reel_counter[1] = 0: null

2019-08-23 18:56:34 - [TEST_STEP][PASSED] - free_spin_reel_counter[2] = 0: null

2019-08-23 18:56:34 - [TEST_STEP][PASSED] - M4_spin_reels = reels: null

2019-08-23 18:56:34 - [TEST_STEP][PASSED] - for ([i = 0, i &lt; M4_spin_reels.size(), (i++)]): null

2019-08-23 18:56:34 - [TEST_STEP][PASSED] - symbols = symbols: null

2019-08-23 18:56:34 - [TEST_STEP][PASSED] - for ([j = 0, j &lt; symbols.size(), (j++)]): null

2019-08-23 18:56:34 - [TEST_STEP][PASSED] - symbol = symbol: null

2019-08-23 18:56:34 - [TEST_STEP][PASSED] - println(symbol): null

2019-08-23 18:56:34 - [TEST_STEP][PASSED] - if (i == 2 &amp;&amp; wildList.indexOf(symbol) != -1): null

2019-08-23 18:56:34 - [TEST_STEP][PASSED] - if (i == 3 &amp;&amp; wildList.indexOf(symbol) != -1): null

2019-08-23 18:56:34 - [TEST_STEP][PASSED] - if (i == 4 &amp;&amp; wildList.indexOf(symbol) != -1): null

2019-08-23 18:56:34 - [TEST_STEP][PASSED] - symbol = symbol: null

2019-08-23 18:56:34 - [TEST_STEP][PASSED] - println(symbol): null

2019-08-23 18:56:34 - [TEST_STEP][PASSED] - if (i == 2 &amp;&amp; wildList.indexOf(symbol) != -1): null

2019-08-23 18:56:34 - [TEST_STEP][PASSED] - if (i == 3 &amp;&amp; wildList.indexOf(symbol) != -1): null

2019-08-23 18:56:34 - [TEST_STEP][PASSED] - if (i == 4 &amp;&amp; wildList.indexOf(symbol) != -1): null

2019-08-23 18:56:34 - [TEST_STEP][PASSED] - symbol = symbol: null

2019-08-23 18:56:34 - [TEST_STEP][PASSED] - println(symbol): null

2019-08-23 18:56:34 - [TEST_STEP][PASSED] - if (i == 2 &amp;&amp; wildList.indexOf(symbol) != -1): null

2019-08-23 18:56:34 - [TEST_STEP][PASSED] - if (i == 3 &amp;&amp; wildList.indexOf(symbol) != -1): null

2019-08-23 18:56:34 - [TEST_STEP][PASSED] - if (i == 4 &amp;&amp; wildList.indexOf(symbol) != -1): null

2019-08-23 18:56:34 - [TEST_STEP][PASSED] - symbols = symbols: null

2019-08-23 18:56:34 - [TEST_STEP][PASSED] - for ([j = 0, j &lt; symbols.size(), (j++)]): null

2019-08-23 18:56:34 - [TEST_STEP][PASSED] - symbol = symbol: null

2019-08-23 18:56:34 - [TEST_STEP][PASSED] - println(symbol): null

2019-08-23 18:56:34 - [TEST_STEP][PASSED] - if (i == 2 &amp;&amp; wildList.indexOf(symbol) != -1): null

2019-08-23 18:56:34 - [TEST_STEP][PASSED] - if (i == 3 &amp;&amp; wildList.indexOf(symbol) != -1): null

2019-08-23 18:56:34 - [TEST_STEP][PASSED] - if (i == 4 &amp;&amp; wildList.indexOf(symbol) != -1): null

2019-08-23 18:56:34 - [TEST_STEP][PASSED] - symbol = symbol: null

2019-08-23 18:56:34 - [TEST_STEP][PASSED] - println(symbol): null

2019-08-23 18:56:34 - [TEST_STEP][PASSED] - if (i == 2 &amp;&amp; wildList.indexOf(symbol) != -1): null

2019-08-23 18:56:34 - [TEST_STEP][PASSED] - if (i == 3 &amp;&amp; wildList.indexOf(symbol) != -1): null

2019-08-23 18:56:34 - [TEST_STEP][PASSED] - if (i == 4 &amp;&amp; wildList.indexOf(symbol) != -1): null

2019-08-23 18:56:34 - [TEST_STEP][PASSED] - symbol = symbol: null

2019-08-23 18:56:34 - [TEST_STEP][PASSED] - println(symbol): null

2019-08-23 18:56:34 - [TEST_STEP][PASSED] - if (i == 2 &amp;&amp; wildList.indexOf(symbol) != -1): null

2019-08-23 18:56:34 - [TEST_STEP][PASSED] - if (i == 3 &amp;&amp; wildList.indexOf(symbol) != -1): null

2019-08-23 18:56:34 - [TEST_STEP][PASSED] - if (i == 4 &amp;&amp; wildList.indexOf(symbol) != -1): null

2019-08-23 18:56:34 - [TEST_STEP][PASSED] - symbols = symbols: null

2019-08-23 18:56:34 - [TEST_STEP][PASSED] - for ([j = 0, j &lt; symbols.size(), (j++)]): null

2019-08-23 18:56:34 - [TEST_STEP][PASSED] - symbol = symbol: null

2019-08-23 18:56:34 - [TEST_STEP][PASSED] - println(symbol): null

2019-08-23 18:56:34 - [TEST_STEP][PASSED] - if (i == 2 &amp;&amp; wildList.indexOf(symbol) != -1): null

2019-08-23 18:56:34 - [TEST_STEP][PASSED] - if (i == 3 &amp;&amp; wildList.indexOf(symbol) != -1): null

2019-08-23 18:56:34 - [TEST_STEP][PASSED] - if (i == 4 &amp;&amp; wildList.indexOf(symbol) != -1): null

2019-08-23 18:56:34 - [TEST_STEP][PASSED] - symbol = symbol: null

2019-08-23 18:56:34 - [TEST_STEP][PASSED] - println(symbol): null

2019-08-23 18:56:34 - [TEST_STEP][PASSED] - if (i == 2 &amp;&amp; wildList.indexOf(symbol) != -1): null

2019-08-23 18:56:34 - [TEST_STEP][PASSED] - if (i == 3 &amp;&amp; wildList.indexOf(symbol) != -1): null

2019-08-23 18:56:34 - [TEST_STEP][PASSED] - if (i == 4 &amp;&amp; wildList.indexOf(symbol) != -1): null

2019-08-23 18:56:34 - [TEST_STEP][PASSED] - symbol = symbol: null

2019-08-23 18:56:34 - [TEST_STEP][PASSED] - println(symbol): null

2019-08-23 18:56:34 - [TEST_STEP][PASSED] - if (i == 2 &amp;&amp; wildList.indexOf(symbol) != -1): null

2019-08-23 18:56:34 - [TEST_STEP][PASSED] - if (i == 3 &amp;&amp; wildList.indexOf(symbol) != -1): null

2019-08-23 18:56:34 - [TEST_STEP][PASSED] - if (i == 4 &amp;&amp; wildList.indexOf(symbol) != -1): null

2019-08-23 18:56:34 - [TEST_STEP][PASSED] - symbols = symbols: null

2019-08-23 18:56:34 - [TEST_STEP][PASSED] - for ([j = 0, j &lt; symbols.size(), (j++)]): null

2019-08-23 18:56:34 - [TEST_STEP][PASSED] - symbol = symbol: null

2019-08-23 18:56:34 - [TEST_STEP][PASSED] - println(symbol): null

2019-08-23 18:56:34 - [TEST_STEP][PASSED] - if (i == 2 &amp;&amp; wildList.indexOf(symbol) != -1): null

2019-08-23 18:56:34 - [TEST_STEP][PASSED] - if (i == 3 &amp;&amp; wildList.indexOf(symbol) != -1): null

2019-08-23 18:56:34 - [TEST_STEP][PASSED] - if (i == 4 &amp;&amp; wildList.indexOf(symbol) != -1): null

2019-08-23 18:56:34 - [TEST_STEP][PASSED] - symbol = symbol: null

2019-08-23 18:56:34 - [TEST_STEP][PASSED] - println(symbol): null

2019-08-23 18:56:34 - [TEST_STEP][PASSED] - if (i == 2 &amp;&amp; wildList.indexOf(symbol) != -1): null

2019-08-23 18:56:34 - [TEST_STEP][PASSED] - if (i == 3 &amp;&amp; wildList.indexOf(symbol) != -1): null

2019-08-23 18:56:34 - [TEST_STEP][PASSED] - if (i == 4 &amp;&amp; wildList.indexOf(symbol) != -1): null

2019-08-23 18:56:34 - [TEST_STEP][PASSED] - symbol = symbol: null

2019-08-23 18:56:34 - [TEST_STEP][PASSED] - println(symbol): null

2019-08-23 18:56:34 - [TEST_STEP][PASSED] - if (i == 2 &amp;&amp; wildList.indexOf(symbol) != -1): null

2019-08-23 18:56:34 - [TEST_STEP][PASSED] - if (i == 3 &amp;&amp; wildList.indexOf(symbol) != -1): null

2019-08-23 18:56:34 - [TEST_STEP][PASSED] - if (i == 4 &amp;&amp; wildList.indexOf(symbol) != -1): null

2019-08-23 18:56:34 - [TEST_STEP][PASSED] - symbols = symbols: null

2019-08-23 18:56:34 - [TEST_STEP][PASSED] - for ([j = 0, j &lt; symbols.size(), (j++)]): null

2019-08-23 18:56:34 - [TEST_STEP][PASSED] - symbol = symbol: null

2019-08-23 18:56:34 - [TEST_STEP][PASSED] - println(symbol): null

2019-08-23 18:56:34 - [TEST_STEP][PASSED] - if (i == 2 &amp;&amp; wildList.indexOf(symbol) != -1): null

2019-08-23 18:56:34 - [TEST_STEP][PASSED] - if (i == 3 &amp;&amp; wildList.indexOf(symbol) != -1): null

2019-08-23 18:56:34 - [TEST_STEP][PASSED] - if (i == 4 &amp;&amp; wildList.indexOf(symbol) != -1): null

2019-08-23 18:56:34 - [TEST_STEP][PASSED] - symbol = symbol: null

2019-08-23 18:56:34 - [TEST_STEP][PASSED] - println(symbol): null

2019-08-23 18:56:34 - [TEST_STEP][PASSED] - if (i == 2 &amp;&amp; wildList.indexOf(symbol) != -1): null

2019-08-23 18:56:34 - [TEST_STEP][PASSED] - if (i == 3 &amp;&amp; wildList.indexOf(symbol) != -1): null

2019-08-23 18:56:34 - [TEST_STEP][PASSED] - if (i == 4 &amp;&amp; wildList.indexOf(symbol) != -1): null

2019-08-23 18:56:34 - [TEST_STEP][PASSED] - symbol = symbol: null

2019-08-23 18:56:34 - [TEST_STEP][PASSED] - println(symbol): null

2019-08-23 18:56:34 - [TEST_STEP][PASSED] - if (i == 2 &amp;&amp; wildList.indexOf(symbol) != -1): null

2019-08-23 18:56:34 - [TEST_STEP][PASSED] - if (i == 3 &amp;&amp; wildList.indexOf(symbol) != -1): null

2019-08-23 18:56:34 - [TEST_STEP][PASSED] - if (i == 4 &amp;&amp; wildList.indexOf(symbol) != -1): null

2019-08-23 18:56:34 - [TEST_STEP][PASSED] - free_spin_reel_counter = free_spin_reel_counter: null

2019-08-23 18:56:34 - [TEST_STEP][PASSED] - println("reel 3 wild found: " + free_spin_reel_counter[0]): null

2019-08-23 18:56:34 - [TEST_STEP][PASSED] - println("reel 4 wild found: " + free_spin_reel_counter[1]): null

2019-08-23 18:56:34 - [TEST_STEP][PASSED] - println("reel 5 wild found: " + free_spin_reel_counter[2]): null

2019-08-23 18:56:34 - [TEST_STEP][PASSED] - M4_spin_reels = M4_spin_reels: null

2019-08-23 18:56:34 - [TEST_STEP][PASSED] - M4_spin_reels_symbols = symbol: null

2019-08-23 18:56:34 - [TEST_STEP][PASSED] - M4_spin_reels_symbols = M4_spin_reels_symbols: null

2019-08-23 18:56:34 - [TEST_STEP][PASSED] - M4_spin_reel_wins = reel_wins: null

2019-08-23 18:56:34 - [TEST_STEP][PASSED] - M4_spin_reel_wins = M4_spin_reel_wins: null

2019-08-23 18:56:34 - [TEST_STEP][PASSED] - println("GlobalVariable.M4_spin_reel_wins is: " + M4_spin_reel_wins): null

2019-08-23 18:56:34 - [TEST_STEP][PASSED] - M4_spin_total_bonus_win_this_round = total_bonus_win_this_round: null

2019-08-23 18:56:34 - [TEST_STEP][PASSED] - M4_spin_total_bonus_win_this_round = M4_spin_total_bonus_win_this_round: null

2019-08-23 18:56:34 - [TEST_STEP][PASSED] - println("GlobalVariable.M4_spin_total_bonus_win_this_round is: " + M4_spin_total_bonus_win_this_round): null

2019-08-23 18:56:34 - [TEST_STEP][PASSED] - M4_spin_bonus_spin_result = spin_result: null

2019-08-23 18:56:34 - [TEST_STEP][PASSED] - M4_spin_bonus_spin_result = M4_spin_bonus_spin_result: null

2019-08-23 18:56:34 - [MESSAGE][PASSED] - Verify response successfully

2019-08-23 18:56:34 - [MESSAGE][PASSED] - Send request and verify the response successfully

2019-08-23 18:56:34 - [TEST_STEP][PASSED] - if (free_spin_reel_counter[0] &gt;= 1 &amp;&amp; free_spin_reel_counter[1] &gt;= 1 &amp;&amp; free_spin_reel_counter[2] &gt;= 1): null

2019-08-23 18:56:34 - [TEST_STEP][PASSED] - spin_result = sendRequestAndVerify(findTestObject("INT/RGS(M4)/1_M4_spin", ["M4_login_user_id":M4_login_user_id, "rgs_session_token":rgs_session_token, "partner":Partner])): Send request and verify the response successfully

2019-08-23 18:56:34 - [MESSAGE][INFO] - HAR: /Users/eiralee/Katalon_Script/SuperWild/Reports/20190823_184757/INT/superWild_1/20190823_184757/requests/main/221.har

2019-08-23 18:56:34 - [TEST_CASE][PASSED] - Start Test Case : Verification: Verification accomplished successfully

2019-08-23 18:56:35 - [TEST_STEP][PASSED] - request = getInstance().getCurrentRequest(): null

2019-08-23 18:56:35 - [TEST_STEP][PASSED] - response = getInstance().getCurrentResponse(): null

2019-08-23 18:56:35 - [TEST_STEP][PASSED] - verifyResponseStatusCode(response, 200): Verify response status code successfully

2019-08-23 18:56:35 - [MESSAGE][PASSED] - Verify response status code successfully

2019-08-23 18:56:35 - [TEST_STEP][PASSED] - getStatusCode()).isEqualTo(200): null

2019-08-23 18:56:35 - [TEST_STEP][PASSED] - newline = System.getProperty("line.separator"): null

2019-08-23 18:56:35 - [TEST_STEP][PASSED] - M4_spin = new groovy.json.JsonSlurper(): null

2019-08-23 18:56:35 - [TEST_STEP][PASSED] - result_M4_spin = M4_spin.parseText(response.getResponseBodyContent()): null

2019-08-23 18:56:35 - [TEST_STEP][PASSED] - M4_spin_current_balance = current_balance: null

2019-08-23 18:56:35 - [TEST_STEP][PASSED] - M4_spin_current_balance = M4_spin_current_balance: null

2019-08-23 18:56:35 - [TEST_STEP][PASSED] - M4_spin_transaction_id = causality: null

2019-08-23 18:56:35 - [TEST_STEP][PASSED] - M4_spin_transaction_id = M4_spin_transaction_id: null

2019-08-23 18:56:35 - [TEST_STEP][PASSED] - M4_spin_round_id = round_id: null

2019-08-23 18:56:35 - [TEST_STEP][PASSED] - M4_spin_round_id = M4_spin_round_id: null

2019-08-23 18:56:35 - [TEST_STEP][PASSED] - M4_spin_line_wins = line_wins: null

2019-08-23 18:56:35 - [TEST_STEP][PASSED] - M4_spin_line_wins = M4_spin_line_wins: null

2019-08-23 18:56:35 - [TEST_STEP][PASSED] - M4_total_bonus_spins_int = total_bonus_spins: null

2019-08-23 18:56:35 - [TEST_STEP][PASSED] - println("******M4_total_bonus_spins type is:*******" + newline + getClass().getName()): null

2019-08-23 18:56:35 - [TEST_STEP][PASSED] - M4_total_bonus_spins_int = M4_total_bonus_spins_int: null

2019-08-23 18:56:35 - [TEST_STEP][PASSED] - M4_total_bonus_spins = Integer.toString(M4_total_bonus_spins_int): null

2019-08-23 18:56:35 - [TEST_STEP][PASSED] - M4_total_bonus_spins = M4_total_bonus_spins: null

2019-08-23 18:56:35 - [TEST_STEP][PASSED] - println("M4_total_bonus_spins is:" + M4_total_bonus_spins): null

2019-08-23 18:56:35 - [TEST_STEP][PASSED] - M4_spin_bonus_data = bonus_data: null

2019-08-23 18:56:35 - [TEST_STEP][PASSED] - M4_spin_features_triggered = result_M4_spin: null

2019-08-23 18:56:35 - [TEST_STEP][PASSED] - wild = []: null

2019-08-23 18:56:35 - [TEST_STEP][PASSED] - wild[0] = "WILD_Expanding": null

2019-08-23 18:56:35 - [TEST_STEP][PASSED] - wild[1] = "WILD_Normal": null

2019-08-23 18:56:35 - [TEST_STEP][PASSED] - wild[2] = "WILD_Double": null

2019-08-23 18:56:35 - [TEST_STEP][PASSED] - wild[3] = "WILD_ExtraFG": null

2019-08-23 18:56:35 - [TEST_STEP][PASSED] - wild[4] = "WILD_Triple": null

2019-08-23 18:56:35 - [TEST_STEP][PASSED] - wildList = Arrays.asList(wild): null

2019-08-23 18:56:35 - [TEST_STEP][PASSED] - wildList = wildList: null

2019-08-23 18:56:35 - [TEST_STEP][PASSED] - free_spin_reel_counter = []: null

2019-08-23 18:56:35 - [TEST_STEP][PASSED] - free_spin_reel_counter[0] = 0: null

2019-08-23 18:56:35 - [TEST_STEP][PASSED] - free_spin_reel_counter[1] = 0: null

2019-08-23 18:56:35 - [TEST_STEP][PASSED] - free_spin_reel_counter[2] = 0: null

2019-08-23 18:56:35 - [TEST_STEP][PASSED] - M4_spin_reels = reels: null

2019-08-23 18:56:35 - [TEST_STEP][PASSED] - for ([i = 0, i &lt; M4_spin_reels.size(), (i++)]): null

2019-08-23 18:56:35 - [TEST_STEP][PASSED] - symbols = symbols: null

2019-08-23 18:56:35 - [TEST_STEP][PASSED] - for ([j = 0, j &lt; symbols.size(), (j++)]): null

2019-08-23 18:56:35 - [TEST_STEP][PASSED] - symbol = symbol: null

2019-08-23 18:56:35 - [TEST_STEP][PASSED] - println(symbol): null

2019-08-23 18:56:35 - [TEST_STEP][PASSED] - if (i == 2 &amp;&amp; wildList.indexOf(symbol) != -1): null

2019-08-23 18:56:35 - [TEST_STEP][PASSED] - if (i == 3 &amp;&amp; wildList.indexOf(symbol) != -1): null

2019-08-23 18:56:35 - [TEST_STEP][PASSED] - if (i == 4 &amp;&amp; wildList.indexOf(symbol) != -1): null

2019-08-23 18:56:35 - [TEST_STEP][PASSED] - symbol = symbol: null

2019-08-23 18:56:35 - [TEST_STEP][PASSED] - println(symbol): null

2019-08-23 18:56:35 - [TEST_STEP][PASSED] - if (i == 2 &amp;&amp; wildList.indexOf(symbol) != -1): null

2019-08-23 18:56:35 - [TEST_STEP][PASSED] - if (i == 3 &amp;&amp; wildList.indexOf(symbol) != -1): null

2019-08-23 18:56:35 - [TEST_STEP][PASSED] - if (i == 4 &amp;&amp; wildList.indexOf(symbol) != -1): null

2019-08-23 18:56:35 - [TEST_STEP][PASSED] - symbol = symbol: null

2019-08-23 18:56:35 - [TEST_STEP][PASSED] - println(symbol): null

2019-08-23 18:56:35 - [TEST_STEP][PASSED] - if (i == 2 &amp;&amp; wildList.indexOf(symbol) != -1): null

2019-08-23 18:56:35 - [TEST_STEP][PASSED] - if (i == 3 &amp;&amp; wildList.indexOf(symbol) != -1): null

2019-08-23 18:56:35 - [TEST_STEP][PASSED] - if (i == 4 &amp;&amp; wildList.indexOf(symbol) != -1): null

2019-08-23 18:56:35 - [TEST_STEP][PASSED] - symbols = symbols: null

2019-08-23 18:56:35 - [TEST_STEP][PASSED] - for ([j = 0, j &lt; symbols.size(), (j++)]): null

2019-08-23 18:56:35 - [TEST_STEP][PASSED] - symbol = symbol: null

2019-08-23 18:56:35 - [TEST_STEP][PASSED] - println(symbol): null

2019-08-23 18:56:35 - [TEST_STEP][PASSED] - if (i == 2 &amp;&amp; wildList.indexOf(symbol) != -1): null

2019-08-23 18:56:35 - [TEST_STEP][PASSED] - if (i == 3 &amp;&amp; wildList.indexOf(symbol) != -1): null

2019-08-23 18:56:35 - [TEST_STEP][PASSED] - if (i == 4 &amp;&amp; wildList.indexOf(symbol) != -1): null

2019-08-23 18:56:35 - [TEST_STEP][PASSED] - symbol = symbol: null

2019-08-23 18:56:35 - [TEST_STEP][PASSED] - println(symbol): null

2019-08-23 18:56:35 - [TEST_STEP][PASSED] - if (i == 2 &amp;&amp; wildList.indexOf(symbol) != -1): null

2019-08-23 18:56:35 - [TEST_STEP][PASSED] - if (i == 3 &amp;&amp; wildList.indexOf(symbol) != -1): null

2019-08-23 18:56:35 - [TEST_STEP][PASSED] - if (i == 4 &amp;&amp; wildList.indexOf(symbol) != -1): null

2019-08-23 18:56:35 - [TEST_STEP][PASSED] - symbol = symbol: null

2019-08-23 18:56:35 - [TEST_STEP][PASSED] - println(symbol): null

2019-08-23 18:56:35 - [TEST_STEP][PASSED] - if (i == 2 &amp;&amp; wildList.indexOf(symbol) != -1): null

2019-08-23 18:56:35 - [TEST_STEP][PASSED] - if (i == 3 &amp;&amp; wildList.indexOf(symbol) != -1): null

2019-08-23 18:56:35 - [TEST_STEP][PASSED] - if (i == 4 &amp;&amp; wildList.indexOf(symbol) != -1): null

2019-08-23 18:56:35 - [TEST_STEP][PASSED] - symbols = symbols: null

2019-08-23 18:56:35 - [TEST_STEP][PASSED] - for ([j = 0, j &lt; symbols.size(), (j++)]): null

2019-08-23 18:56:35 - [TEST_STEP][PASSED] - symbol = symbol: null

2019-08-23 18:56:35 - [TEST_STEP][PASSED] - println(symbol): null

2019-08-23 18:56:35 - [TEST_STEP][PASSED] - if (i == 2 &amp;&amp; wildList.indexOf(symbol) != -1): null

2019-08-23 18:56:35 - [TEST_STEP][PASSED] - if (i == 3 &amp;&amp; wildList.indexOf(symbol) != -1): null

2019-08-23 18:56:35 - [TEST_STEP][PASSED] - if (i == 4 &amp;&amp; wildList.indexOf(symbol) != -1): null

2019-08-23 18:56:35 - [TEST_STEP][PASSED] - symbol = symbol: null

2019-08-23 18:56:35 - [TEST_STEP][PASSED] - println(symbol): null

2019-08-23 18:56:35 - [TEST_STEP][PASSED] - if (i == 2 &amp;&amp; wildList.indexOf(symbol) != -1): null

2019-08-23 18:56:35 - [TEST_STEP][PASSED] - if (i == 3 &amp;&amp; wildList.indexOf(symbol) != -1): null

2019-08-23 18:56:35 - [TEST_STEP][PASSED] - if (i == 4 &amp;&amp; wildList.indexOf(symbol) != -1): null

2019-08-23 18:56:37 - [TEST_STEP][PASSED] - symbol = symbol: null

2019-08-23 18:56:37 - [TEST_STEP][PASSED] - println(symbol): null

2019-08-23 18:56:37 - [TEST_STEP][PASSED] - if (i == 2 &amp;&amp; wildList.indexOf(symbol) != -1): null

2019-08-23 18:56:37 - [TEST_STEP][PASSED] - println("wild found on reel 3, adding counter by 1"): null

2019-08-23 18:56:37 - [TEST_STEP][PASSED] - free_spin_reel_counter[0] = free_spin_reel_counter[0] + 1: null

2019-08-23 18:56:37 - [TEST_STEP][PASSED] - if (i == 3 &amp;&amp; wildList.indexOf(symbol) != -1): null

2019-08-23 18:56:37 - [TEST_STEP][PASSED] - if (i == 4 &amp;&amp; wildList.indexOf(symbol) != -1): null

2019-08-23 18:56:37 - [TEST_STEP][PASSED] - symbols = symbols: null

2019-08-23 18:56:37 - [TEST_STEP][PASSED] - for ([j = 0, j &lt; symbols.size(), (j++)]): null

2019-08-23 18:56:37 - [TEST_STEP][PASSED] - symbol = symbol: null

2019-08-23 18:56:37 - [TEST_STEP][PASSED] - println(symbol): null

2019-08-23 18:56:37 - [TEST_STEP][PASSED] - if (i == 2 &amp;&amp; wildList.indexOf(symbol) != -1): null

2019-08-23 18:56:37 - [TEST_STEP][PASSED] - if (i == 3 &amp;&amp; wildList.indexOf(symbol) != -1): null

2019-08-23 18:56:37 - [TEST_STEP][PASSED] - println("wild found on reel 4, adding counter by 1"): null

2019-08-23 18:56:37 - [TEST_STEP][PASSED] - free_spin_reel_counter[1] = free_spin_reel_counter[1] + 1: null

2019-08-23 18:56:37 - [TEST_STEP][PASSED] - if (i == 4 &amp;&amp; wildList.indexOf(symbol) != -1): null

2019-08-23 18:56:37 - [TEST_STEP][PASSED] - symbol = symbol: null

2019-08-23 18:56:37 - [TEST_STEP][PASSED] - println(symbol): null

2019-08-23 18:56:37 - [TEST_STEP][PASSED] - if (i == 2 &amp;&amp; wildList.indexOf(symbol) != -1): null

2019-08-23 18:56:37 - [TEST_STEP][PASSED] - if (i == 3 &amp;&amp; wildList.indexOf(symbol) != -1): null

2019-08-23 18:56:37 - [TEST_STEP][PASSED] - if (i == 4 &amp;&amp; wildList.indexOf(symbol) != -1): null

2019-08-23 18:56:37 - [TEST_STEP][PASSED] - symbol = symbol: null

2019-08-23 18:56:37 - [TEST_STEP][PASSED] - println(symbol): null

2019-08-23 18:56:37 - [TEST_STEP][PASSED] - if (i == 2 &amp;&amp; wildList.indexOf(symbol) != -1): null

2019-08-23 18:56:37 - [TEST_STEP][PASSED] - if (i == 3 &amp;&amp; wildList.indexOf(symbol) != -1): null

2019-08-23 18:56:37 - [TEST_STEP][PASSED] - if (i == 4 &amp;&amp; wildList.indexOf(symbol) != -1): null

2019-08-23 18:56:37 - [TEST_STEP][PASSED] - symbols = symbols: null

2019-08-23 18:56:37 - [TEST_STEP][PASSED] - for ([j = 0, j &lt; symbols.size(), (j++)]): null

2019-08-23 18:56:37 - [TEST_STEP][PASSED] - symbol = symbol: null

2019-08-23 18:56:37 - [TEST_STEP][PASSED] - println(symbol): null

2019-08-23 18:56:37 - [TEST_STEP][PASSED] - if (i == 2 &amp;&amp; wildList.indexOf(symbol) != -1): null

2019-08-23 18:56:37 - [TEST_STEP][PASSED] - if (i == 3 &amp;&amp; wildList.indexOf(symbol) != -1): null

2019-08-23 18:56:37 - [TEST_STEP][PASSED] - if (i == 4 &amp;&amp; wildList.indexOf(symbol) != -1): null

2019-08-23 18:56:37 - [TEST_STEP][PASSED] - symbol = symbol: null

2019-08-23 18:56:37 - [TEST_STEP][PASSED] - println(symbol): null

2019-08-23 18:56:37 - [TEST_STEP][PASSED] - if (i == 2 &amp;&amp; wildList.indexOf(symbol) != -1): null

2019-08-23 18:56:37 - [TEST_STEP][PASSED] - if (i == 3 &amp;&amp; wildList.indexOf(symbol) != -1): null

2019-08-23 18:56:37 - [TEST_STEP][PASSED] - if (i == 4 &amp;&amp; wildList.indexOf(symbol) != -1): null

2019-08-23 18:56:37 - [TEST_STEP][PASSED] - symbol = symbol: null

2019-08-23 18:56:37 - [TEST_STEP][PASSED] - println(symbol): null

2019-08-23 18:56:37 - [TEST_STEP][PASSED] - if (i == 2 &amp;&amp; wildList.indexOf(symbol) != -1): null

2019-08-23 18:56:37 - [TEST_STEP][PASSED] - if (i == 3 &amp;&amp; wildList.indexOf(symbol) != -1): null

2019-08-23 18:56:37 - [TEST_STEP][PASSED] - if (i == 4 &amp;&amp; wildList.indexOf(symbol) != -1): null

2019-08-23 18:56:37 - [TEST_STEP][PASSED] - free_spin_reel_counter = free_spin_reel_counter: null

2019-08-23 18:56:37 - [TEST_STEP][PASSED] - println("reel 3 wild found: " + free_spin_reel_counter[0]): null

2019-08-23 18:56:37 - [TEST_STEP][PASSED] - println("reel 4 wild found: " + free_spin_reel_counter[1]): null

2019-08-23 18:56:37 - [TEST_STEP][PASSED] - println("reel 5 wild found: " + free_spin_reel_counter[2]): null

2019-08-23 18:56:37 - [TEST_STEP][PASSED] - M4_spin_reels = M4_spin_reels: null

2019-08-23 18:56:37 - [TEST_STEP][PASSED] - M4_spin_reels_symbols = symbol: null

2019-08-23 18:56:37 - [TEST_STEP][PASSED] - M4_spin_reels_symbols = M4_spin_reels_symbols: null

2019-08-23 18:56:37 - [TEST_STEP][PASSED] - M4_spin_reel_wins = reel_wins: null

2019-08-23 18:56:37 - [TEST_STEP][PASSED] - M4_spin_reel_wins = M4_spin_reel_wins: null

2019-08-23 18:56:37 - [TEST_STEP][PASSED] - println("GlobalVariable.M4_spin_reel_wins is: " + M4_spin_reel_wins): null

2019-08-23 18:56:37 - [TEST_STEP][PASSED] - M4_spin_total_bonus_win_this_round = total_bonus_win_this_round: null

2019-08-23 18:56:37 - [TEST_STEP][PASSED] - M4_spin_total_bonus_win_this_round = M4_spin_total_bonus_win_this_round: null

2019-08-23 18:56:37 - [TEST_STEP][PASSED] - println("GlobalVariable.M4_spin_total_bonus_win_this_round is: " + M4_spin_total_bonus_win_this_round): null

2019-08-23 18:56:37 - [TEST_STEP][PASSED] - M4_spin_bonus_spin_result = spin_result: null

2019-08-23 18:56:37 - [TEST_STEP][PASSED] - M4_spin_bonus_spin_result = M4_spin_bonus_spin_result: null

2019-08-23 18:56:37 - [MESSAGE][PASSED] - Verify response successfully

2019-08-23 18:56:37 - [MESSAGE][PASSED] - Send request and verify the response successfully

2019-08-23 18:56:37 - [TEST_STEP][PASSED] - if (free_spin_reel_counter[0] &gt;= 1 &amp;&amp; free_spin_reel_counter[1] &gt;= 1 &amp;&amp; free_spin_reel_counter[2] &gt;= 1): null

2019-08-23 18:56:37 - [TEST_STEP][PASSED] - spin_result = sendRequestAndVerify(findTestObject("INT/RGS(M4)/1_M4_spin", ["M4_login_user_id":M4_login_user_id, "rgs_session_token":rgs_session_token, "partner":Partner])): Send request and verify the response successfully

2019-08-23 18:56:37 - [MESSAGE][INFO] - HAR: /Users/eiralee/Katalon_Script/SuperWild/Reports/20190823_184757/INT/superWild_1/20190823_184757/requests/main/222.har

2019-08-23 18:56:37 - [TEST_CASE][PASSED] - Start Test Case : Verification: Verification accomplished successfully

2019-08-23 18:56:37 - [TEST_STEP][PASSED] - request = getInstance().getCurrentRequest(): null

2019-08-23 18:56:38 - [TEST_STEP][PASSED] - response = getInstance().getCurrentResponse(): null

2019-08-23 18:56:38 - [TEST_STEP][PASSED] - verifyResponseStatusCode(response, 200): Verify response status code successfully

2019-08-23 18:56:38 - [MESSAGE][PASSED] - Verify response status code successfully

2019-08-23 18:56:38 - [TEST_STEP][PASSED] - getStatusCode()).isEqualTo(200): null

2019-08-23 18:56:38 - [TEST_STEP][PASSED] - newline = System.getProperty("line.separator"): null

2019-08-23 18:56:38 - [TEST_STEP][PASSED] - M4_spin = new groovy.json.JsonSlurper(): null

2019-08-23 18:56:38 - [TEST_STEP][PASSED] - result_M4_spin = M4_spin.parseText(response.getResponseBodyContent()): null

2019-08-23 18:56:38 - [TEST_STEP][PASSED] - M4_spin_current_balance = current_balance: null

2019-08-23 18:56:38 - [TEST_STEP][PASSED] - M4_spin_current_balance = M4_spin_current_balance: null

2019-08-23 18:56:38 - [TEST_STEP][PASSED] - M4_spin_transaction_id = causality: null

2019-08-23 18:56:38 - [TEST_STEP][PASSED] - M4_spin_transaction_id = M4_spin_transaction_id: null

2019-08-23 18:56:38 - [TEST_STEP][PASSED] - M4_spin_round_id = round_id: null

2019-08-23 18:56:38 - [TEST_STEP][PASSED] - M4_spin_round_id = M4_spin_round_id: null

2019-08-23 18:56:38 - [TEST_STEP][PASSED] - M4_spin_line_wins = line_wins: null

2019-08-23 18:56:38 - [TEST_STEP][PASSED] - M4_spin_line_wins = M4_spin_line_wins: null

2019-08-23 18:56:38 - [TEST_STEP][PASSED] - M4_total_bonus_spins_int = total_bonus_spins: null

2019-08-23 18:56:38 - [TEST_STEP][PASSED] - println("******M4_total_bonus_spins type is:*******" + newline + getClass().getName()): null

2019-08-23 18:56:38 - [TEST_STEP][PASSED] - M4_total_bonus_spins_int = M4_total_bonus_spins_int: null

2019-08-23 18:56:38 - [TEST_STEP][PASSED] - M4_total_bonus_spins = Integer.toString(M4_total_bonus_spins_int): null

2019-08-23 18:56:38 - [TEST_STEP][PASSED] - M4_total_bonus_spins = M4_total_bonus_spins: null

2019-08-23 18:56:38 - [TEST_STEP][PASSED] - println("M4_total_bonus_spins is:" + M4_total_bonus_spins): null

2019-08-23 18:56:38 - [TEST_STEP][PASSED] - M4_spin_bonus_data = bonus_data: null

2019-08-23 18:56:38 - [TEST_STEP][PASSED] - M4_spin_features_triggered = result_M4_spin: null

2019-08-23 18:56:38 - [TEST_STEP][PASSED] - wild = []: null

2019-08-23 18:56:38 - [TEST_STEP][PASSED] - wild[0] = "WILD_Expanding": null

2019-08-23 18:56:38 - [TEST_STEP][PASSED] - wild[1] = "WILD_Normal": null

2019-08-23 18:56:38 - [TEST_STEP][PASSED] - wild[2] = "WILD_Double": null

2019-08-23 18:56:38 - [TEST_STEP][PASSED] - wild[3] = "WILD_ExtraFG": null

2019-08-23 18:56:38 - [TEST_STEP][PASSED] - wild[4] = "WILD_Triple": null

2019-08-23 18:56:38 - [TEST_STEP][PASSED] - wildList = Arrays.asList(wild): null

2019-08-23 18:56:38 - [TEST_STEP][PASSED] - wildList = wildList: null

2019-08-23 18:56:38 - [TEST_STEP][PASSED] - free_spin_reel_counter = []: null

2019-08-23 18:56:38 - [TEST_STEP][PASSED] - free_spin_reel_counter[0] = 0: null

2019-08-23 18:56:38 - [TEST_STEP][PASSED] - free_spin_reel_counter[1] = 0: null

2019-08-23 18:56:38 - [TEST_STEP][PASSED] - free_spin_reel_counter[2] = 0: null

2019-08-23 18:56:38 - [TEST_STEP][PASSED] - M4_spin_reels = reels: null

2019-08-23 18:56:38 - [TEST_STEP][PASSED] - for ([i = 0, i &lt; M4_spin_reels.size(), (i++)]): null

2019-08-23 18:56:38 - [TEST_STEP][PASSED] - symbols = symbols: null

2019-08-23 18:56:38 - [TEST_STEP][PASSED] - for ([j = 0, j &lt; symbols.size(), (j++)]): null

2019-08-23 18:56:38 - [TEST_STEP][PASSED] - symbol = symbol: null

2019-08-23 18:56:38 - [TEST_STEP][PASSED] - println(symbol): null

2019-08-23 18:56:38 - [TEST_STEP][PASSED] - if (i == 2 &amp;&amp; wildList.indexOf(symbol) != -1): null

2019-08-23 18:56:38 - [TEST_STEP][PASSED] - if (i == 3 &amp;&amp; wildList.indexOf(symbol) != -1): null

2019-08-23 18:56:38 - [TEST_STEP][PASSED] - if (i == 4 &amp;&amp; wildList.indexOf(symbol) != -1): null

2019-08-23 18:56:38 - [TEST_STEP][PASSED] - symbol = symbol: null

2019-08-23 18:56:38 - [TEST_STEP][PASSED] - println(symbol): null

2019-08-23 18:56:38 - [TEST_STEP][PASSED] - if (i == 2 &amp;&amp; wildList.indexOf(symbol) != -1): null

2019-08-23 18:56:38 - [TEST_STEP][PASSED] - if (i == 3 &amp;&amp; wildList.indexOf(symbol) != -1): null

2019-08-23 18:56:38 - [TEST_STEP][PASSED] - if (i == 4 &amp;&amp; wildList.indexOf(symbol) != -1): null

2019-08-23 18:56:38 - [TEST_STEP][PASSED] - symbol = symbol: null

2019-08-23 18:56:38 - [TEST_STEP][PASSED] - println(symbol): null

2019-08-23 18:56:38 - [TEST_STEP][PASSED] - if (i == 2 &amp;&amp; wildList.indexOf(symbol) != -1): null

2019-08-23 18:56:38 - [TEST_STEP][PASSED] - if (i == 3 &amp;&amp; wildList.indexOf(symbol) != -1): null

2019-08-23 18:56:38 - [TEST_STEP][PASSED] - if (i == 4 &amp;&amp; wildList.indexOf(symbol) != -1): null

2019-08-23 18:56:38 - [TEST_STEP][PASSED] - symbols = symbols: null

2019-08-23 18:56:38 - [TEST_STEP][PASSED] - for ([j = 0, j &lt; symbols.size(), (j++)]): null

2019-08-23 18:56:38 - [TEST_STEP][PASSED] - symbol = symbol: null

2019-08-23 18:56:38 - [TEST_STEP][PASSED] - println(symbol): null

2019-08-23 18:56:38 - [TEST_STEP][PASSED] - if (i == 2 &amp;&amp; wildList.indexOf(symbol) != -1): null

2019-08-23 18:56:38 - [TEST_STEP][PASSED] - if (i == 3 &amp;&amp; wildList.indexOf(symbol) != -1): null

2019-08-23 18:56:38 - [TEST_STEP][PASSED] - if (i == 4 &amp;&amp; wildList.indexOf(symbol) != -1): null

2019-08-23 18:56:38 - [TEST_STEP][PASSED] - symbol = symbol: null

2019-08-23 18:56:38 - [TEST_STEP][PASSED] - println(symbol): null

2019-08-23 18:56:38 - [TEST_STEP][PASSED] - if (i == 2 &amp;&amp; wildList.indexOf(symbol) != -1): null

2019-08-23 18:56:38 - [TEST_STEP][PASSED] - if (i == 3 &amp;&amp; wildList.indexOf(symbol) != -1): null

2019-08-23 18:56:38 - [TEST_STEP][PASSED] - if (i == 4 &amp;&amp; wildList.indexOf(symbol) != -1): null

2019-08-23 18:56:38 - [TEST_STEP][PASSED] - symbol = symbol: null

2019-08-23 18:56:38 - [TEST_STEP][PASSED] - println(symbol): null

2019-08-23 18:56:38 - [TEST_STEP][PASSED] - if (i == 2 &amp;&amp; wildList.indexOf(symbol) != -1): null

2019-08-23 18:56:38 - [TEST_STEP][PASSED] - if (i == 3 &amp;&amp; wildList.indexOf(symbol) != -1): null

2019-08-23 18:56:38 - [TEST_STEP][PASSED] - if (i == 4 &amp;&amp; wildList.indexOf(symbol) != -1): null

2019-08-23 18:56:38 - [TEST_STEP][PASSED] - symbols = symbols: null

2019-08-23 18:56:38 - [TEST_STEP][PASSED] - for ([j = 0, j &lt; symbols.size(), (j++)]): null

2019-08-23 18:56:38 - [TEST_STEP][PASSED] - symbol = symbol: null

2019-08-23 18:56:38 - [TEST_STEP][PASSED] - println(symbol): null

2019-08-23 18:56:38 - [TEST_STEP][PASSED] - if (i == 2 &amp;&amp; wildList.indexOf(symbol) != -1): null

2019-08-23 18:56:38 - [TEST_STEP][PASSED] - println("wild found on reel 3, adding counter by 1"): null

2019-08-23 18:56:38 - [TEST_STEP][PASSED] - free_spin_reel_counter[0] = free_spin_reel_counter[0] + 1: null

2019-08-23 18:56:38 - [TEST_STEP][PASSED] - if (i == 3 &amp;&amp; wildList.indexOf(symbol) != -1): null

2019-08-23 18:56:38 - [TEST_STEP][PASSED] - if (i == 4 &amp;&amp; wildList.indexOf(symbol) != -1): null

2019-08-23 18:56:38 - [TEST_STEP][PASSED] - symbol = symbol: null

2019-08-23 18:56:38 - [TEST_STEP][PASSED] - println(symbol): null

2019-08-23 18:56:38 - [TEST_STEP][PASSED] - if (i == 2 &amp;&amp; wildList.indexOf(symbol) != -1): null

2019-08-23 18:56:38 - [TEST_STEP][PASSED] - if (i == 3 &amp;&amp; wildList.indexOf(symbol) != -1): null

2019-08-23 18:56:38 - [TEST_STEP][PASSED] - if (i == 4 &amp;&amp; wildList.indexOf(symbol) != -1): null

2019-08-23 18:56:38 - [TEST_STEP][PASSED] - symbol = symbol: null

2019-08-23 18:56:38 - [TEST_STEP][PASSED] - println(symbol): null

2019-08-23 18:56:38 - [TEST_STEP][PASSED] - if (i == 2 &amp;&amp; wildList.indexOf(symbol) != -1): null

2019-08-23 18:56:38 - [TEST_STEP][PASSED] - if (i == 3 &amp;&amp; wildList.indexOf(symbol) != -1): null

2019-08-23 18:56:38 - [TEST_STEP][PASSED] - if (i == 4 &amp;&amp; wildList.indexOf(symbol) != -1): null

2019-08-23 18:56:38 - [TEST_STEP][PASSED] - symbols = symbols: null

2019-08-23 18:56:38 - [TEST_STEP][PASSED] - for ([j = 0, j &lt; symbols.size(), (j++)]): null

2019-08-23 18:56:38 - [TEST_STEP][PASSED] - symbol = symbol: null

2019-08-23 18:56:38 - [TEST_STEP][PASSED] - println(symbol): null

2019-08-23 18:56:38 - [TEST_STEP][PASSED] - if (i == 2 &amp;&amp; wildList.indexOf(symbol) != -1): null

2019-08-23 18:56:38 - [TEST_STEP][PASSED] - if (i == 3 &amp;&amp; wildList.indexOf(symbol) != -1): null

2019-08-23 18:56:38 - [TEST_STEP][PASSED] - if (i == 4 &amp;&amp; wildList.indexOf(symbol) != -1): null

2019-08-23 18:56:38 - [TEST_STEP][PASSED] - symbol = symbol: null

2019-08-23 18:56:38 - [TEST_STEP][PASSED] - println(symbol): null

2019-08-23 18:56:38 - [TEST_STEP][PASSED] - if (i == 2 &amp;&amp; wildList.indexOf(symbol) != -1): null

2019-08-23 18:56:38 - [TEST_STEP][PASSED] - if (i == 3 &amp;&amp; wildList.indexOf(symbol) != -1): null

2019-08-23 18:56:38 - [TEST_STEP][PASSED] - if (i == 4 &amp;&amp; wildList.indexOf(symbol) != -1): null

2019-08-23 18:56:38 - [TEST_STEP][PASSED] - symbol = symbol: null

2019-08-23 18:56:38 - [TEST_STEP][PASSED] - println(symbol): null

2019-08-23 18:56:38 - [TEST_STEP][PASSED] - if (i == 2 &amp;&amp; wildList.indexOf(symbol) != -1): null

2019-08-23 18:56:38 - [TEST_STEP][PASSED] - if (i == 3 &amp;&amp; wildList.indexOf(symbol) != -1): null

2019-08-23 18:56:38 - [TEST_STEP][PASSED] - if (i == 4 &amp;&amp; wildList.indexOf(symbol) != -1): null

2019-08-23 18:56:38 - [TEST_STEP][PASSED] - symbols = symbols: null

2019-08-23 18:56:38 - [TEST_STEP][PASSED] - for ([j = 0, j &lt; symbols.size(), (j++)]): null

2019-08-23 18:56:38 - [TEST_STEP][PASSED] - symbol = symbol: null

2019-08-23 18:56:38 - [TEST_STEP][PASSED] - println(symbol): null

2019-08-23 18:56:38 - [TEST_STEP][PASSED] - if (i == 2 &amp;&amp; wildList.indexOf(symbol) != -1): null

2019-08-23 18:56:38 - [TEST_STEP][PASSED] - if (i == 3 &amp;&amp; wildList.indexOf(symbol) != -1): null

2019-08-23 18:56:38 - [TEST_STEP][PASSED] - if (i == 4 &amp;&amp; wildList.indexOf(symbol) != -1): null

2019-08-23 18:56:38 - [TEST_STEP][PASSED] - symbol = symbol: null

2019-08-23 18:56:38 - [TEST_STEP][PASSED] - println(symbol): null

2019-08-23 18:56:38 - [TEST_STEP][PASSED] - if (i == 2 &amp;&amp; wildList.indexOf(symbol) != -1): null

2019-08-23 18:56:38 - [TEST_STEP][PASSED] - if (i == 3 &amp;&amp; wildList.indexOf(symbol) != -1): null

2019-08-23 18:56:38 - [TEST_STEP][PASSED] - if (i == 4 &amp;&amp; wildList.indexOf(symbol) != -1): null

2019-08-23 18:56:38 - [TEST_STEP][PASSED] - symbol = symbol: null

2019-08-23 18:56:38 - [TEST_STEP][PASSED] - println(symbol): null

2019-08-23 18:56:38 - [TEST_STEP][PASSED] - if (i == 2 &amp;&amp; wildList.indexOf(symbol) != -1): null

2019-08-23 18:56:38 - [TEST_STEP][PASSED] - if (i == 3 &amp;&amp; wildList.indexOf(symbol) != -1): null

2019-08-23 18:56:38 - [TEST_STEP][PASSED] - if (i == 4 &amp;&amp; wildList.indexOf(symbol) != -1): null

2019-08-23 18:56:38 - [TEST_STEP][PASSED] - free_spin_reel_counter = free_spin_reel_counter: null

2019-08-23 18:56:38 - [TEST_STEP][PASSED] - println("reel 3 wild found: " + free_spin_reel_counter[0]): null

2019-08-23 18:56:38 - [TEST_STEP][PASSED] - println("reel 4 wild found: " + free_spin_reel_counter[1]): null

2019-08-23 18:56:38 - [TEST_STEP][PASSED] - println("reel 5 wild found: " + free_spin_reel_counter[2]): null

2019-08-23 18:56:38 - [TEST_STEP][PASSED] - M4_spin_reels = M4_spin_reels: null

2019-08-23 18:56:38 - [TEST_STEP][PASSED] - M4_spin_reels_symbols = symbol: null

2019-08-23 18:56:38 - [TEST_STEP][PASSED] - M4_spin_reels_symbols = M4_spin_reels_symbols: null

2019-08-23 18:56:38 - [TEST_STEP][PASSED] - M4_spin_reel_wins = reel_wins: null

2019-08-23 18:56:38 - [TEST_STEP][PASSED] - M4_spin_reel_wins = M4_spin_reel_wins: null

2019-08-23 18:56:38 - [TEST_STEP][PASSED] - println("GlobalVariable.M4_spin_reel_wins is: " + M4_spin_reel_wins): null

2019-08-23 18:56:38 - [TEST_STEP][PASSED] - M4_spin_total_bonus_win_this_round = total_bonus_win_this_round: null

2019-08-23 18:56:38 - [TEST_STEP][PASSED] - M4_spin_total_bonus_win_this_round = M4_spin_total_bonus_win_this_round: null

2019-08-23 18:56:38 - [TEST_STEP][PASSED] - println("GlobalVariable.M4_spin_total_bonus_win_this_round is: " + M4_spin_total_bonus_win_this_round): null

2019-08-23 18:56:38 - [TEST_STEP][PASSED] - M4_spin_bonus_spin_result = spin_result: null

2019-08-23 18:56:38 - [TEST_STEP][PASSED] - M4_spin_bonus_spin_result = M4_spin_bonus_spin_result: null

2019-08-23 18:56:38 - [MESSAGE][PASSED] - Verify response successfully

2019-08-23 18:56:38 - [MESSAGE][PASSED] - Send request and verify the response successfully

2019-08-23 18:56:38 - [TEST_STEP][PASSED] - if (free_spin_reel_counter[0] &gt;= 1 &amp;&amp; free_spin_reel_counter[1] &gt;= 1 &amp;&amp; free_spin_reel_counter[2] &gt;= 1): null

2019-08-23 18:56:38 - [TEST_STEP][PASSED] - spin_result = sendRequestAndVerify(findTestObject("INT/RGS(M4)/1_M4_spin", ["M4_login_user_id":M4_login_user_id, "rgs_session_token":rgs_session_token, "partner":Partner])): Send request and verify the response successfully

2019-08-23 18:56:38 - [MESSAGE][INFO] - HAR: /Users/eiralee/Katalon_Script/SuperWild/Reports/20190823_184757/INT/superWild_1/20190823_184757/requests/main/223.har

2019-08-23 18:56:38 - [TEST_CASE][PASSED] - Start Test Case : Verification: Verification accomplished successfully

2019-08-23 18:56:38 - [TEST_STEP][PASSED] - request = getInstance().getCurrentRequest(): null

2019-08-23 18:56:38 - [TEST_STEP][PASSED] - response = getInstance().getCurrentResponse(): null

2019-08-23 18:56:38 - [TEST_STEP][PASSED] - verifyResponseStatusCode(response, 200): Verify response status code successfully

2019-08-23 18:56:38 - [MESSAGE][PASSED] - Verify response status code successfully

2019-08-23 18:56:38 - [TEST_STEP][PASSED] - getStatusCode()).isEqualTo(200): null

2019-08-23 18:56:38 - [TEST_STEP][PASSED] - newline = System.getProperty("line.separator"): null

2019-08-23 18:56:38 - [TEST_STEP][PASSED] - M4_spin = new groovy.json.JsonSlurper(): null

2019-08-23 18:56:38 - [TEST_STEP][PASSED] - result_M4_spin = M4_spin.parseText(response.getResponseBodyContent()): null

2019-08-23 18:56:38 - [TEST_STEP][PASSED] - M4_spin_current_balance = current_balance: null

2019-08-23 18:56:38 - [TEST_STEP][PASSED] - M4_spin_current_balance = M4_spin_current_balance: null

2019-08-23 18:56:38 - [TEST_STEP][PASSED] - M4_spin_transaction_id = causality: null

2019-08-23 18:56:38 - [TEST_STEP][PASSED] - M4_spin_transaction_id = M4_spin_transaction_id: null

2019-08-23 18:56:38 - [TEST_STEP][PASSED] - M4_spin_round_id = round_id: null

2019-08-23 18:56:38 - [TEST_STEP][PASSED] - M4_spin_round_id = M4_spin_round_id: null

2019-08-23 18:56:38 - [TEST_STEP][PASSED] - M4_spin_line_wins = line_wins: null

2019-08-23 18:56:38 - [TEST_STEP][PASSED] - M4_spin_line_wins = M4_spin_line_wins: null

2019-08-23 18:56:38 - [TEST_STEP][PASSED] - M4_total_bonus_spins_int = total_bonus_spins: null

2019-08-23 18:56:38 - [TEST_STEP][PASSED] - println("******M4_total_bonus_spins type is:*******" + newline + getClass().getName()): null

2019-08-23 18:56:38 - [TEST_STEP][PASSED] - M4_total_bonus_spins_int = M4_total_bonus_spins_int: null

2019-08-23 18:56:38 - [TEST_STEP][PASSED] - M4_total_bonus_spins = Integer.toString(M4_total_bonus_spins_int): null

2019-08-23 18:56:38 - [TEST_STEP][PASSED] - M4_total_bonus_spins = M4_total_bonus_spins: null

2019-08-23 18:56:38 - [TEST_STEP][PASSED] - println("M4_total_bonus_spins is:" + M4_total_bonus_spins): null

2019-08-23 18:56:38 - [TEST_STEP][PASSED] - M4_spin_bonus_data = bonus_data: null

2019-08-23 18:56:38 - [TEST_STEP][PASSED] - M4_spin_features_triggered = result_M4_spin: null

2019-08-23 18:56:38 - [TEST_STEP][PASSED] - wild = []: null

2019-08-23 18:56:38 - [TEST_STEP][PASSED] - wild[0] = "WILD_Expanding": null

2019-08-23 18:56:38 - [TEST_STEP][PASSED] - wild[1] = "WILD_Normal": null

2019-08-23 18:56:38 - [TEST_STEP][PASSED] - wild[2] = "WILD_Double": null

2019-08-23 18:56:38 - [TEST_STEP][PASSED] - wild[3] = "WILD_ExtraFG": null

2019-08-23 18:56:38 - [TEST_STEP][PASSED] - wild[4] = "WILD_Triple": null

2019-08-23 18:56:38 - [TEST_STEP][PASSED] - wildList = Arrays.asList(wild): null

2019-08-23 18:56:38 - [TEST_STEP][PASSED] - wildList = wildList: null

2019-08-23 18:56:38 - [TEST_STEP][PASSED] - free_spin_reel_counter = []: null

2019-08-23 18:56:38 - [TEST_STEP][PASSED] - free_spin_reel_counter[0] = 0: null

2019-08-23 18:56:38 - [TEST_STEP][PASSED] - free_spin_reel_counter[1] = 0: null

2019-08-23 18:56:38 - [TEST_STEP][PASSED] - free_spin_reel_counter[2] = 0: null

2019-08-23 18:56:38 - [TEST_STEP][PASSED] - M4_spin_reels = reels: null

2019-08-23 18:56:38 - [TEST_STEP][PASSED] - for ([i = 0, i &lt; M4_spin_reels.size(), (i++)]): null

2019-08-23 18:56:38 - [TEST_STEP][PASSED] - symbols = symbols: null

2019-08-23 18:56:38 - [TEST_STEP][PASSED] - for ([j = 0, j &lt; symbols.size(), (j++)]): null

2019-08-23 18:56:38 - [TEST_STEP][PASSED] - symbol = symbol: null

2019-08-23 18:56:38 - [TEST_STEP][PASSED] - println(symbol): null

2019-08-23 18:56:38 - [TEST_STEP][PASSED] - if (i == 2 &amp;&amp; wildList.indexOf(symbol) != -1): null

2019-08-23 18:56:38 - [TEST_STEP][PASSED] - if (i == 3 &amp;&amp; wildList.indexOf(symbol) != -1): null

2019-08-23 18:56:38 - [TEST_STEP][PASSED] - if (i == 4 &amp;&amp; wildList.indexOf(symbol) != -1): null

2019-08-23 18:56:38 - [TEST_STEP][PASSED] - symbol = symbol: null

2019-08-23 18:56:38 - [TEST_STEP][PASSED] - println(symbol): null

2019-08-23 18:56:38 - [TEST_STEP][PASSED] - if (i == 2 &amp;&amp; wildList.indexOf(symbol) != -1): null

2019-08-23 18:56:38 - [TEST_STEP][PASSED] - if (i == 3 &amp;&amp; wildList.indexOf(symbol) != -1): null

2019-08-23 18:56:38 - [TEST_STEP][PASSED] - if (i == 4 &amp;&amp; wildList.indexOf(symbol) != -1): null

2019-08-23 18:56:38 - [TEST_STEP][PASSED] - symbol = symbol: null

2019-08-23 18:56:38 - [TEST_STEP][PASSED] - println(symbol): null

2019-08-23 18:56:38 - [TEST_STEP][PASSED] - if (i == 2 &amp;&amp; wildList.indexOf(symbol) != -1): null

2019-08-23 18:56:38 - [TEST_STEP][PASSED] - if (i == 3 &amp;&amp; wildList.indexOf(symbol) != -1): null

2019-08-23 18:56:38 - [TEST_STEP][PASSED] - if (i == 4 &amp;&amp; wildList.indexOf(symbol) != -1): null

2019-08-23 18:56:38 - [TEST_STEP][PASSED] - symbols = symbols: null

2019-08-23 18:56:38 - [TEST_STEP][PASSED] - for ([j = 0, j &lt; symbols.size(), (j++)]): null

2019-08-23 18:56:38 - [TEST_STEP][PASSED] - symbol = symbol: null

2019-08-23 18:56:38 - [TEST_STEP][PASSED] - println(symbol): null

2019-08-23 18:56:38 - [TEST_STEP][PASSED] - if (i == 2 &amp;&amp; wildList.indexOf(symbol) != -1): null

2019-08-23 18:56:38 - [TEST_STEP][PASSED] - if (i == 3 &amp;&amp; wildList.indexOf(symbol) != -1): null

2019-08-23 18:56:38 - [TEST_STEP][PASSED] - if (i == 4 &amp;&amp; wildList.indexOf(symbol) != -1): null

2019-08-23 18:56:38 - [TEST_STEP][PASSED] - symbol = symbol: null

2019-08-23 18:56:38 - [TEST_STEP][PASSED] - println(symbol): null

2019-08-23 18:56:38 - [TEST_STEP][PASSED] - if (i == 2 &amp;&amp; wildList.indexOf(symbol) != -1): null

2019-08-23 18:56:38 - [TEST_STEP][PASSED] - if (i == 3 &amp;&amp; wildList.indexOf(symbol) != -1): null

2019-08-23 18:56:38 - [TEST_STEP][PASSED] - if (i == 4 &amp;&amp; wildList.indexOf(symbol) != -1): null

2019-08-23 18:56:38 - [TEST_STEP][PASSED] - symbol = symbol: null

2019-08-23 18:56:38 - [TEST_STEP][PASSED] - println(symbol): null

2019-08-23 18:56:38 - [TEST_STEP][PASSED] - if (i == 2 &amp;&amp; wildList.indexOf(symbol) != -1): null

2019-08-23 18:56:38 - [TEST_STEP][PASSED] - if (i == 3 &amp;&amp; wildList.indexOf(symbol) != -1): null

2019-08-23 18:56:38 - [TEST_STEP][PASSED] - if (i == 4 &amp;&amp; wildList.indexOf(symbol) != -1): null

2019-08-23 18:56:38 - [TEST_STEP][PASSED] - symbols = symbols: null

2019-08-23 18:56:38 - [TEST_STEP][PASSED] - for ([j = 0, j &lt; symbols.size(), (j++)]): null

2019-08-23 18:56:38 - [TEST_STEP][PASSED] - symbol = symbol: null

2019-08-23 18:56:38 - [TEST_STEP][PASSED] - println(symbol): null

2019-08-23 18:56:38 - [TEST_STEP][PASSED] - if (i == 2 &amp;&amp; wildList.indexOf(symbol) != -1): null

2019-08-23 18:56:38 - [TEST_STEP][PASSED] - if (i == 3 &amp;&amp; wildList.indexOf(symbol) != -1): null

2019-08-23 18:56:38 - [TEST_STEP][PASSED] - if (i == 4 &amp;&amp; wildList.indexOf(symbol) != -1): null

2019-08-23 18:56:38 - [TEST_STEP][PASSED] - symbol = symbol: null

2019-08-23 18:56:38 - [TEST_STEP][PASSED] - println(symbol): null

2019-08-23 18:56:38 - [TEST_STEP][PASSED] - if (i == 2 &amp;&amp; wildList.indexOf(symbol) != -1): null

2019-08-23 18:56:38 - [TEST_STEP][PASSED] - if (i == 3 &amp;&amp; wildList.indexOf(symbol) != -1): null

2019-08-23 18:56:38 - [TEST_STEP][PASSED] - if (i == 4 &amp;&amp; wildList.indexOf(symbol) != -1): null

2019-08-23 18:56:38 - [TEST_STEP][PASSED] - symbol = symbol: null

2019-08-23 18:56:38 - [TEST_STEP][PASSED] - println(symbol): null

2019-08-23 18:56:38 - [TEST_STEP][PASSED] - if (i == 2 &amp;&amp; wildList.indexOf(symbol) != -1): null

2019-08-23 18:56:38 - [TEST_STEP][PASSED] - if (i == 3 &amp;&amp; wildList.indexOf(symbol) != -1): null

2019-08-23 18:56:38 - [TEST_STEP][PASSED] - if (i == 4 &amp;&amp; wildList.indexOf(symbol) != -1): null

2019-08-23 18:56:38 - [TEST_STEP][PASSED] - symbols = symbols: null

2019-08-23 18:56:38 - [TEST_STEP][PASSED] - for ([j = 0, j &lt; symbols.size(), (j++)]): null

2019-08-23 18:56:38 - [TEST_STEP][PASSED] - symbol = symbol: null

2019-08-23 18:56:38 - [TEST_STEP][PASSED] - println(symbol): null

2019-08-23 18:56:38 - [TEST_STEP][PASSED] - if (i == 2 &amp;&amp; wildList.indexOf(symbol) != -1): null

2019-08-23 18:56:38 - [TEST_STEP][PASSED] - if (i == 3 &amp;&amp; wildList.indexOf(symbol) != -1): null

2019-08-23 18:56:38 - [TEST_STEP][PASSED] - if (i == 4 &amp;&amp; wildList.indexOf(symbol) != -1): null

2019-08-23 18:56:38 - [TEST_STEP][PASSED] - symbol = symbol: null

2019-08-23 18:56:38 - [TEST_STEP][PASSED] - println(symbol): null

2019-08-23 18:56:38 - [TEST_STEP][PASSED] - if (i == 2 &amp;&amp; wildList.indexOf(symbol) != -1): null

2019-08-23 18:56:38 - [TEST_STEP][PASSED] - if (i == 3 &amp;&amp; wildList.indexOf(symbol) != -1): null

2019-08-23 18:56:38 - [TEST_STEP][PASSED] - if (i == 4 &amp;&amp; wildList.indexOf(symbol) != -1): null

2019-08-23 18:56:38 - [TEST_STEP][PASSED] - symbol = symbol: null

2019-08-23 18:56:38 - [TEST_STEP][PASSED] - println(symbol): null

2019-08-23 18:56:38 - [TEST_STEP][PASSED] - if (i == 2 &amp;&amp; wildList.indexOf(symbol) != -1): null

2019-08-23 18:56:38 - [TEST_STEP][PASSED] - if (i == 3 &amp;&amp; wildList.indexOf(symbol) != -1): null

2019-08-23 18:56:38 - [TEST_STEP][PASSED] - if (i == 4 &amp;&amp; wildList.indexOf(symbol) != -1): null

2019-08-23 18:56:38 - [TEST_STEP][PASSED] - symbols = symbols: null

2019-08-23 18:56:38 - [TEST_STEP][PASSED] - for ([j = 0, j &lt; symbols.size(), (j++)]): null

2019-08-23 18:56:38 - [TEST_STEP][PASSED] - symbol = symbol: null

2019-08-23 18:56:38 - [TEST_STEP][PASSED] - println(symbol): null

2019-08-23 18:56:38 - [TEST_STEP][PASSED] - if (i == 2 &amp;&amp; wildList.indexOf(symbol) != -1): null

2019-08-23 18:56:38 - [TEST_STEP][PASSED] - if (i == 3 &amp;&amp; wildList.indexOf(symbol) != -1): null

2019-08-23 18:56:38 - [TEST_STEP][PASSED] - if (i == 4 &amp;&amp; wildList.indexOf(symbol) != -1): null

2019-08-23 18:56:40 - [TEST_STEP][PASSED] - symbol = symbol: null

2019-08-23 18:56:40 - [TEST_STEP][PASSED] - println(symbol): null

2019-08-23 18:56:40 - [TEST_STEP][PASSED] - if (i == 2 &amp;&amp; wildList.indexOf(symbol) != -1): null

2019-08-23 18:56:40 - [TEST_STEP][PASSED] - if (i == 3 &amp;&amp; wildList.indexOf(symbol) != -1): null

2019-08-23 18:56:40 - [TEST_STEP][PASSED] - if (i == 4 &amp;&amp; wildList.indexOf(symbol) != -1): null

2019-08-23 18:56:40 - [TEST_STEP][PASSED] - symbol = symbol: null

2019-08-23 18:56:40 - [TEST_STEP][PASSED] - println(symbol): null

2019-08-23 18:56:40 - [TEST_STEP][PASSED] - if (i == 2 &amp;&amp; wildList.indexOf(symbol) != -1): null

2019-08-23 18:56:40 - [TEST_STEP][PASSED] - if (i == 3 &amp;&amp; wildList.indexOf(symbol) != -1): null

2019-08-23 18:56:40 - [TEST_STEP][PASSED] - if (i == 4 &amp;&amp; wildList.indexOf(symbol) != -1): null

2019-08-23 18:56:40 - [TEST_STEP][PASSED] - free_spin_reel_counter = free_spin_reel_counter: null

2019-08-23 18:56:40 - [TEST_STEP][PASSED] - println("reel 3 wild found: " + free_spin_reel_counter[0]): null

2019-08-23 18:56:40 - [TEST_STEP][PASSED] - println("reel 4 wild found: " + free_spin_reel_counter[1]): null

2019-08-23 18:56:40 - [TEST_STEP][PASSED] - println("reel 5 wild found: " + free_spin_reel_counter[2]): null

2019-08-23 18:56:40 - [TEST_STEP][PASSED] - M4_spin_reels = M4_spin_reels: null

2019-08-23 18:56:40 - [TEST_STEP][PASSED] - M4_spin_reels_symbols = symbol: null

2019-08-23 18:56:40 - [TEST_STEP][PASSED] - M4_spin_reels_symbols = M4_spin_reels_symbols: null

2019-08-23 18:56:40 - [TEST_STEP][PASSED] - M4_spin_reel_wins = reel_wins: null

2019-08-23 18:56:40 - [TEST_STEP][PASSED] - M4_spin_reel_wins = M4_spin_reel_wins: null

2019-08-23 18:56:40 - [TEST_STEP][PASSED] - println("GlobalVariable.M4_spin_reel_wins is: " + M4_spin_reel_wins): null

2019-08-23 18:56:40 - [TEST_STEP][PASSED] - M4_spin_total_bonus_win_this_round = total_bonus_win_this_round: null

2019-08-23 18:56:40 - [TEST_STEP][PASSED] - M4_spin_total_bonus_win_this_round = M4_spin_total_bonus_win_this_round: null

2019-08-23 18:56:40 - [TEST_STEP][PASSED] - println("GlobalVariable.M4_spin_total_bonus_win_this_round is: " + M4_spin_total_bonus_win_this_round): null

2019-08-23 18:56:40 - [TEST_STEP][PASSED] - M4_spin_bonus_spin_result = spin_result: null

2019-08-23 18:56:40 - [TEST_STEP][PASSED] - M4_spin_bonus_spin_result = M4_spin_bonus_spin_result: null

2019-08-23 18:56:40 - [MESSAGE][PASSED] - Verify response successfully

2019-08-23 18:56:40 - [MESSAGE][PASSED] - Send request and verify the response successfully

2019-08-23 18:56:40 - [TEST_STEP][PASSED] - if (free_spin_reel_counter[0] &gt;= 1 &amp;&amp; free_spin_reel_counter[1] &gt;= 1 &amp;&amp; free_spin_reel_counter[2] &gt;= 1): null

2019-08-23 18:56:40 - [TEST_STEP][PASSED] - spin_result = sendRequestAndVerify(findTestObject("INT/RGS(M4)/1_M4_spin", ["M4_login_user_id":M4_login_user_id, "rgs_session_token":rgs_session_token, "partner":Partner])): Send request and verify the response successfully

2019-08-23 18:56:41 - [MESSAGE][INFO] - HAR: /Users/eiralee/Katalon_Script/SuperWild/Reports/20190823_184757/INT/superWild_1/20190823_184757/requests/main/224.har

2019-08-23 18:56:41 - [TEST_CASE][PASSED] - Start Test Case : Verification: Verification accomplished successfully

2019-08-23 18:56:41 - [TEST_STEP][PASSED] - request = getInstance().getCurrentRequest(): null

2019-08-23 18:56:41 - [TEST_STEP][PASSED] - response = getInstance().getCurrentResponse(): null

2019-08-23 18:56:41 - [TEST_STEP][PASSED] - verifyResponseStatusCode(response, 200): Verify response status code successfully

2019-08-23 18:56:41 - [MESSAGE][PASSED] - Verify response status code successfully

2019-08-23 18:56:41 - [TEST_STEP][PASSED] - getStatusCode()).isEqualTo(200): null

2019-08-23 18:56:41 - [TEST_STEP][PASSED] - newline = System.getProperty("line.separator"): null

2019-08-23 18:56:41 - [TEST_STEP][PASSED] - M4_spin = new groovy.json.JsonSlurper(): null

2019-08-23 18:56:41 - [TEST_STEP][PASSED] - result_M4_spin = M4_spin.parseText(response.getResponseBodyContent()): null

2019-08-23 18:56:41 - [TEST_STEP][PASSED] - M4_spin_current_balance = current_balance: null

2019-08-23 18:56:41 - [TEST_STEP][PASSED] - M4_spin_current_balance = M4_spin_current_balance: null

2019-08-23 18:56:41 - [TEST_STEP][PASSED] - M4_spin_transaction_id = causality: null

2019-08-23 18:56:41 - [TEST_STEP][PASSED] - M4_spin_transaction_id = M4_spin_transaction_id: null

2019-08-23 18:56:41 - [TEST_STEP][PASSED] - M4_spin_round_id = round_id: null

2019-08-23 18:56:41 - [TEST_STEP][PASSED] - M4_spin_round_id = M4_spin_round_id: null

2019-08-23 18:56:41 - [TEST_STEP][PASSED] - M4_spin_line_wins = line_wins: null

2019-08-23 18:56:41 - [TEST_STEP][PASSED] - M4_spin_line_wins = M4_spin_line_wins: null

2019-08-23 18:56:41 - [TEST_STEP][PASSED] - M4_total_bonus_spins_int = total_bonus_spins: null

2019-08-23 18:56:41 - [TEST_STEP][PASSED] - println("******M4_total_bonus_spins type is:*******" + newline + getClass().getName()): null

2019-08-23 18:56:41 - [TEST_STEP][PASSED] - M4_total_bonus_spins_int = M4_total_bonus_spins_int: null

2019-08-23 18:56:41 - [TEST_STEP][PASSED] - M4_total_bonus_spins = Integer.toString(M4_total_bonus_spins_int): null

2019-08-23 18:56:41 - [TEST_STEP][PASSED] - M4_total_bonus_spins = M4_total_bonus_spins: null

2019-08-23 18:56:41 - [TEST_STEP][PASSED] - println("M4_total_bonus_spins is:" + M4_total_bonus_spins): null

2019-08-23 18:56:41 - [TEST_STEP][PASSED] - M4_spin_bonus_data = bonus_data: null

2019-08-23 18:56:41 - [TEST_STEP][PASSED] - M4_spin_features_triggered = result_M4_spin: null

2019-08-23 18:56:41 - [TEST_STEP][PASSED] - wild = []: null

2019-08-23 18:56:41 - [TEST_STEP][PASSED] - wild[0] = "WILD_Expanding": null

2019-08-23 18:56:41 - [TEST_STEP][PASSED] - wild[1] = "WILD_Normal": null

2019-08-23 18:56:41 - [TEST_STEP][PASSED] - wild[2] = "WILD_Double": null

2019-08-23 18:56:41 - [TEST_STEP][PASSED] - wild[3] = "WILD_ExtraFG": null

2019-08-23 18:56:41 - [TEST_STEP][PASSED] - wild[4] = "WILD_Triple": null

2019-08-23 18:56:41 - [TEST_STEP][PASSED] - wildList = Arrays.asList(wild): null

2019-08-23 18:56:41 - [TEST_STEP][PASSED] - wildList = wildList: null

2019-08-23 18:56:41 - [TEST_STEP][PASSED] - free_spin_reel_counter = []: null

2019-08-23 18:56:41 - [TEST_STEP][PASSED] - free_spin_reel_counter[0] = 0: null

2019-08-23 18:56:41 - [TEST_STEP][PASSED] - free_spin_reel_counter[1] = 0: null

2019-08-23 18:56:41 - [TEST_STEP][PASSED] - free_spin_reel_counter[2] = 0: null

2019-08-23 18:56:41 - [TEST_STEP][PASSED] - M4_spin_reels = reels: null

2019-08-23 18:56:41 - [TEST_STEP][PASSED] - for ([i = 0, i &lt; M4_spin_reels.size(), (i++)]): null

2019-08-23 18:56:41 - [TEST_STEP][PASSED] - symbols = symbols: null

2019-08-23 18:56:41 - [TEST_STEP][PASSED] - for ([j = 0, j &lt; symbols.size(), (j++)]): null

2019-08-23 18:56:41 - [TEST_STEP][PASSED] - symbol = symbol: null

2019-08-23 18:56:41 - [TEST_STEP][PASSED] - println(symbol): null

2019-08-23 18:56:41 - [TEST_STEP][PASSED] - if (i == 2 &amp;&amp; wildList.indexOf(symbol) != -1): null

2019-08-23 18:56:41 - [TEST_STEP][PASSED] - if (i == 3 &amp;&amp; wildList.indexOf(symbol) != -1): null

2019-08-23 18:56:41 - [TEST_STEP][PASSED] - if (i == 4 &amp;&amp; wildList.indexOf(symbol) != -1): null

2019-08-23 18:56:41 - [TEST_STEP][PASSED] - symbol = symbol: null

2019-08-23 18:56:41 - [TEST_STEP][PASSED] - println(symbol): null

2019-08-23 18:56:41 - [TEST_STEP][PASSED] - if (i == 2 &amp;&amp; wildList.indexOf(symbol) != -1): null

2019-08-23 18:56:41 - [TEST_STEP][PASSED] - if (i == 3 &amp;&amp; wildList.indexOf(symbol) != -1): null

2019-08-23 18:56:41 - [TEST_STEP][PASSED] - if (i == 4 &amp;&amp; wildList.indexOf(symbol) != -1): null

2019-08-23 18:56:41 - [TEST_STEP][PASSED] - symbol = symbol: null

2019-08-23 18:56:41 - [TEST_STEP][PASSED] - println(symbol): null

2019-08-23 18:56:41 - [TEST_STEP][PASSED] - if (i == 2 &amp;&amp; wildList.indexOf(symbol) != -1): null

2019-08-23 18:56:41 - [TEST_STEP][PASSED] - if (i == 3 &amp;&amp; wildList.indexOf(symbol) != -1): null

2019-08-23 18:56:41 - [TEST_STEP][PASSED] - if (i == 4 &amp;&amp; wildList.indexOf(symbol) != -1): null

2019-08-23 18:56:41 - [TEST_STEP][PASSED] - symbols = symbols: null

2019-08-23 18:56:41 - [TEST_STEP][PASSED] - for ([j = 0, j &lt; symbols.size(), (j++)]): null

2019-08-23 18:56:41 - [TEST_STEP][PASSED] - symbol = symbol: null

2019-08-23 18:56:41 - [TEST_STEP][PASSED] - println(symbol): null

2019-08-23 18:56:41 - [TEST_STEP][PASSED] - if (i == 2 &amp;&amp; wildList.indexOf(symbol) != -1): null

2019-08-23 18:56:41 - [TEST_STEP][PASSED] - if (i == 3 &amp;&amp; wildList.indexOf(symbol) != -1): null

2019-08-23 18:56:41 - [TEST_STEP][PASSED] - if (i == 4 &amp;&amp; wildList.indexOf(symbol) != -1): null

2019-08-23 18:56:41 - [TEST_STEP][PASSED] - symbol = symbol: null

2019-08-23 18:56:41 - [TEST_STEP][PASSED] - println(symbol): null

2019-08-23 18:56:41 - [TEST_STEP][PASSED] - if (i == 2 &amp;&amp; wildList.indexOf(symbol) != -1): null

2019-08-23 18:56:41 - [TEST_STEP][PASSED] - if (i == 3 &amp;&amp; wildList.indexOf(symbol) != -1): null

2019-08-23 18:56:41 - [TEST_STEP][PASSED] - if (i == 4 &amp;&amp; wildList.indexOf(symbol) != -1): null

2019-08-23 18:56:41 - [TEST_STEP][PASSED] - symbol = symbol: null

2019-08-23 18:56:41 - [TEST_STEP][PASSED] - println(symbol): null

2019-08-23 18:56:41 - [TEST_STEP][PASSED] - if (i == 2 &amp;&amp; wildList.indexOf(symbol) != -1): null

2019-08-23 18:56:41 - [TEST_STEP][PASSED] - if (i == 3 &amp;&amp; wildList.indexOf(symbol) != -1): null

2019-08-23 18:56:41 - [TEST_STEP][PASSED] - if (i == 4 &amp;&amp; wildList.indexOf(symbol) != -1): null

2019-08-23 18:56:41 - [TEST_STEP][PASSED] - symbols = symbols: null

2019-08-23 18:56:41 - [TEST_STEP][PASSED] - for ([j = 0, j &lt; symbols.size(), (j++)]): null

2019-08-23 18:56:41 - [TEST_STEP][PASSED] - symbol = symbol: null

2019-08-23 18:56:41 - [TEST_STEP][PASSED] - println(symbol): null

2019-08-23 18:56:41 - [TEST_STEP][PASSED] - if (i == 2 &amp;&amp; wildList.indexOf(symbol) != -1): null

2019-08-23 18:56:41 - [TEST_STEP][PASSED] - if (i == 3 &amp;&amp; wildList.indexOf(symbol) != -1): null

2019-08-23 18:56:41 - [TEST_STEP][PASSED] - if (i == 4 &amp;&amp; wildList.indexOf(symbol) != -1): null

2019-08-23 18:56:41 - [TEST_STEP][PASSED] - symbol = symbol: null

2019-08-23 18:56:41 - [TEST_STEP][PASSED] - println(symbol): null

2019-08-23 18:56:41 - [TEST_STEP][PASSED] - if (i == 2 &amp;&amp; wildList.indexOf(symbol) != -1): null

2019-08-23 18:56:41 - [TEST_STEP][PASSED] - if (i == 3 &amp;&amp; wildList.indexOf(symbol) != -1): null

2019-08-23 18:56:41 - [TEST_STEP][PASSED] - if (i == 4 &amp;&amp; wildList.indexOf(symbol) != -1): null

2019-08-23 18:56:41 - [TEST_STEP][PASSED] - symbol = symbol: null

2019-08-23 18:56:41 - [TEST_STEP][PASSED] - println(symbol): null

2019-08-23 18:56:41 - [TEST_STEP][PASSED] - if (i == 2 &amp;&amp; wildList.indexOf(symbol) != -1): null

2019-08-23 18:56:41 - [TEST_STEP][PASSED] - if (i == 3 &amp;&amp; wildList.indexOf(symbol) != -1): null

2019-08-23 18:56:41 - [TEST_STEP][PASSED] - if (i == 4 &amp;&amp; wildList.indexOf(symbol) != -1): null

2019-08-23 18:56:41 - [TEST_STEP][PASSED] - symbols = symbols: null

2019-08-23 18:56:41 - [TEST_STEP][PASSED] - for ([j = 0, j &lt; symbols.size(), (j++)]): null

2019-08-23 18:56:41 - [TEST_STEP][PASSED] - symbol = symbol: null

2019-08-23 18:56:41 - [TEST_STEP][PASSED] - println(symbol): null

2019-08-23 18:56:41 - [TEST_STEP][PASSED] - if (i == 2 &amp;&amp; wildList.indexOf(symbol) != -1): null

2019-08-23 18:56:41 - [TEST_STEP][PASSED] - if (i == 3 &amp;&amp; wildList.indexOf(symbol) != -1): null

2019-08-23 18:56:41 - [TEST_STEP][PASSED] - if (i == 4 &amp;&amp; wildList.indexOf(symbol) != -1): null

2019-08-23 18:56:41 - [TEST_STEP][PASSED] - symbol = symbol: null

2019-08-23 18:56:41 - [TEST_STEP][PASSED] - println(symbol): null

2019-08-23 18:56:41 - [TEST_STEP][PASSED] - if (i == 2 &amp;&amp; wildList.indexOf(symbol) != -1): null

2019-08-23 18:56:41 - [TEST_STEP][PASSED] - if (i == 3 &amp;&amp; wildList.indexOf(symbol) != -1): null

2019-08-23 18:56:41 - [TEST_STEP][PASSED] - if (i == 4 &amp;&amp; wildList.indexOf(symbol) != -1): null

2019-08-23 18:56:41 - [TEST_STEP][PASSED] - symbol = symbol: null

2019-08-23 18:56:41 - [TEST_STEP][PASSED] - println(symbol): null

2019-08-23 18:56:41 - [TEST_STEP][PASSED] - if (i == 2 &amp;&amp; wildList.indexOf(symbol) != -1): null

2019-08-23 18:56:41 - [TEST_STEP][PASSED] - if (i == 3 &amp;&amp; wildList.indexOf(symbol) != -1): null

2019-08-23 18:56:41 - [TEST_STEP][PASSED] - if (i == 4 &amp;&amp; wildList.indexOf(symbol) != -1): null

2019-08-23 18:56:41 - [TEST_STEP][PASSED] - symbols = symbols: null

2019-08-23 18:56:41 - [TEST_STEP][PASSED] - for ([j = 0, j &lt; symbols.size(), (j++)]): null

2019-08-23 18:56:41 - [TEST_STEP][PASSED] - symbol = symbol: null

2019-08-23 18:56:41 - [TEST_STEP][PASSED] - println(symbol): null

2019-08-23 18:56:41 - [TEST_STEP][PASSED] - if (i == 2 &amp;&amp; wildList.indexOf(symbol) != -1): null

2019-08-23 18:56:41 - [TEST_STEP][PASSED] - if (i == 3 &amp;&amp; wildList.indexOf(symbol) != -1): null

2019-08-23 18:56:41 - [TEST_STEP][PASSED] - if (i == 4 &amp;&amp; wildList.indexOf(symbol) != -1): null

2019-08-23 18:56:41 - [TEST_STEP][PASSED] - symbol = symbol: null

2019-08-23 18:56:41 - [TEST_STEP][PASSED] - println(symbol): null

2019-08-23 18:56:41 - [TEST_STEP][PASSED] - if (i == 2 &amp;&amp; wildList.indexOf(symbol) != -1): null

2019-08-23 18:56:41 - [TEST_STEP][PASSED] - if (i == 3 &amp;&amp; wildList.indexOf(symbol) != -1): null

2019-08-23 18:56:41 - [TEST_STEP][PASSED] - if (i == 4 &amp;&amp; wildList.indexOf(symbol) != -1): null

2019-08-23 18:56:41 - [TEST_STEP][PASSED] - symbol = symbol: null

2019-08-23 18:56:41 - [TEST_STEP][PASSED] - println(symbol): null

2019-08-23 18:56:41 - [TEST_STEP][PASSED] - if (i == 2 &amp;&amp; wildList.indexOf(symbol) != -1): null

2019-08-23 18:56:41 - [TEST_STEP][PASSED] - if (i == 3 &amp;&amp; wildList.indexOf(symbol) != -1): null

2019-08-23 18:56:41 - [TEST_STEP][PASSED] - if (i == 4 &amp;&amp; wildList.indexOf(symbol) != -1): null

2019-08-23 18:56:41 - [TEST_STEP][PASSED] - free_spin_reel_counter = free_spin_reel_counter: null

2019-08-23 18:56:41 - [TEST_STEP][PASSED] - println("reel 3 wild found: " + free_spin_reel_counter[0]): null

2019-08-23 18:56:41 - [TEST_STEP][PASSED] - println("reel 4 wild found: " + free_spin_reel_counter[1]): null

2019-08-23 18:56:41 - [TEST_STEP][PASSED] - println("reel 5 wild found: " + free_spin_reel_counter[2]): null

2019-08-23 18:56:41 - [TEST_STEP][PASSED] - M4_spin_reels = M4_spin_reels: null

2019-08-23 18:56:41 - [TEST_STEP][PASSED] - M4_spin_reels_symbols = symbol: null

2019-08-23 18:56:41 - [TEST_STEP][PASSED] - M4_spin_reels_symbols = M4_spin_reels_symbols: null

2019-08-23 18:56:41 - [TEST_STEP][PASSED] - M4_spin_reel_wins = reel_wins: null

2019-08-23 18:56:41 - [TEST_STEP][PASSED] - M4_spin_reel_wins = M4_spin_reel_wins: null

2019-08-23 18:56:41 - [TEST_STEP][PASSED] - println("GlobalVariable.M4_spin_reel_wins is: " + M4_spin_reel_wins): null

2019-08-23 18:56:41 - [TEST_STEP][PASSED] - M4_spin_total_bonus_win_this_round = total_bonus_win_this_round: null

2019-08-23 18:56:41 - [TEST_STEP][PASSED] - M4_spin_total_bonus_win_this_round = M4_spin_total_bonus_win_this_round: null

2019-08-23 18:56:41 - [TEST_STEP][PASSED] - println("GlobalVariable.M4_spin_total_bonus_win_this_round is: " + M4_spin_total_bonus_win_this_round): null

2019-08-23 18:56:41 - [TEST_STEP][PASSED] - M4_spin_bonus_spin_result = spin_result: null

2019-08-23 18:56:41 - [TEST_STEP][PASSED] - M4_spin_bonus_spin_result = M4_spin_bonus_spin_result: null

2019-08-23 18:56:41 - [MESSAGE][PASSED] - Verify response successfully

2019-08-23 18:56:41 - [MESSAGE][PASSED] - Send request and verify the response successfully

2019-08-23 18:56:41 - [TEST_STEP][PASSED] - if (free_spin_reel_counter[0] &gt;= 1 &amp;&amp; free_spin_reel_counter[1] &gt;= 1 &amp;&amp; free_spin_reel_counter[2] &gt;= 1): null

2019-08-23 18:56:41 - [TEST_STEP][PASSED] - spin_result = sendRequestAndVerify(findTestObject("INT/RGS(M4)/1_M4_spin", ["M4_login_user_id":M4_login_user_id, "rgs_session_token":rgs_session_token, "partner":Partner])): Send request and verify the response successfully

2019-08-23 18:56:41 - [MESSAGE][INFO] - HAR: /Users/eiralee/Katalon_Script/SuperWild/Reports/20190823_184757/INT/superWild_1/20190823_184757/requests/main/225.har

2019-08-23 18:56:41 - [TEST_CASE][PASSED] - Start Test Case : Verification: Verification accomplished successfully

2019-08-23 18:56:41 - [TEST_STEP][PASSED] - request = getInstance().getCurrentRequest(): null

2019-08-23 18:56:41 - [TEST_STEP][PASSED] - response = getInstance().getCurrentResponse(): null

2019-08-23 18:56:41 - [TEST_STEP][PASSED] - verifyResponseStatusCode(response, 200): Verify response status code successfully

2019-08-23 18:56:41 - [MESSAGE][PASSED] - Verify response status code successfully

2019-08-23 18:56:41 - [TEST_STEP][PASSED] - getStatusCode()).isEqualTo(200): null

2019-08-23 18:56:41 - [TEST_STEP][PASSED] - newline = System.getProperty("line.separator"): null

2019-08-23 18:56:41 - [TEST_STEP][PASSED] - M4_spin = new groovy.json.JsonSlurper(): null

2019-08-23 18:56:41 - [TEST_STEP][PASSED] - result_M4_spin = M4_spin.parseText(response.getResponseBodyContent()): null

2019-08-23 18:56:41 - [TEST_STEP][PASSED] - M4_spin_current_balance = current_balance: null

2019-08-23 18:56:41 - [TEST_STEP][PASSED] - M4_spin_current_balance = M4_spin_current_balance: null

2019-08-23 18:56:41 - [TEST_STEP][PASSED] - M4_spin_transaction_id = causality: null

2019-08-23 18:56:41 - [TEST_STEP][PASSED] - M4_spin_transaction_id = M4_spin_transaction_id: null

2019-08-23 18:56:41 - [TEST_STEP][PASSED] - M4_spin_round_id = round_id: null

2019-08-23 18:56:41 - [TEST_STEP][PASSED] - M4_spin_round_id = M4_spin_round_id: null

2019-08-23 18:56:41 - [TEST_STEP][PASSED] - M4_spin_line_wins = line_wins: null

2019-08-23 18:56:41 - [TEST_STEP][PASSED] - M4_spin_line_wins = M4_spin_line_wins: null

2019-08-23 18:56:41 - [TEST_STEP][PASSED] - M4_total_bonus_spins_int = total_bonus_spins: null

2019-08-23 18:56:41 - [TEST_STEP][PASSED] - println("******M4_total_bonus_spins type is:*******" + newline + getClass().getName()): null

2019-08-23 18:56:41 - [TEST_STEP][PASSED] - M4_total_bonus_spins_int = M4_total_bonus_spins_int: null

2019-08-23 18:56:41 - [TEST_STEP][PASSED] - M4_total_bonus_spins = Integer.toString(M4_total_bonus_spins_int): null

2019-08-23 18:56:41 - [TEST_STEP][PASSED] - M4_total_bonus_spins = M4_total_bonus_spins: null

2019-08-23 18:56:41 - [TEST_STEP][PASSED] - println("M4_total_bonus_spins is:" + M4_total_bonus_spins): null

2019-08-23 18:56:41 - [TEST_STEP][PASSED] - M4_spin_bonus_data = bonus_data: null

2019-08-23 18:56:41 - [TEST_STEP][PASSED] - M4_spin_features_triggered = result_M4_spin: null

2019-08-23 18:56:41 - [TEST_STEP][PASSED] - wild = []: null

2019-08-23 18:56:41 - [TEST_STEP][PASSED] - wild[0] = "WILD_Expanding": null

2019-08-23 18:56:41 - [TEST_STEP][PASSED] - wild[1] = "WILD_Normal": null

2019-08-23 18:56:41 - [TEST_STEP][PASSED] - wild[2] = "WILD_Double": null

2019-08-23 18:56:41 - [TEST_STEP][PASSED] - wild[3] = "WILD_ExtraFG": null

2019-08-23 18:56:41 - [TEST_STEP][PASSED] - wild[4] = "WILD_Triple": null

2019-08-23 18:56:41 - [TEST_STEP][PASSED] - wildList = Arrays.asList(wild): null

2019-08-23 18:56:41 - [TEST_STEP][PASSED] - wildList = wildList: null

2019-08-23 18:56:41 - [TEST_STEP][PASSED] - free_spin_reel_counter = []: null

2019-08-23 18:56:41 - [TEST_STEP][PASSED] - free_spin_reel_counter[0] = 0: null

2019-08-23 18:56:41 - [TEST_STEP][PASSED] - free_spin_reel_counter[1] = 0: null

2019-08-23 18:56:41 - [TEST_STEP][PASSED] - free_spin_reel_counter[2] = 0: null

2019-08-23 18:56:41 - [TEST_STEP][PASSED] - M4_spin_reels = reels: null

2019-08-23 18:56:41 - [TEST_STEP][PASSED] - for ([i = 0, i &lt; M4_spin_reels.size(), (i++)]): null

2019-08-23 18:56:41 - [TEST_STEP][PASSED] - symbols = symbols: null

2019-08-23 18:56:41 - [TEST_STEP][PASSED] - for ([j = 0, j &lt; symbols.size(), (j++)]): null

2019-08-23 18:56:41 - [TEST_STEP][PASSED] - symbol = symbol: null

2019-08-23 18:56:41 - [TEST_STEP][PASSED] - println(symbol): null

2019-08-23 18:56:41 - [TEST_STEP][PASSED] - if (i == 2 &amp;&amp; wildList.indexOf(symbol) != -1): null

2019-08-23 18:56:41 - [TEST_STEP][PASSED] - if (i == 3 &amp;&amp; wildList.indexOf(symbol) != -1): null

2019-08-23 18:56:41 - [TEST_STEP][PASSED] - if (i == 4 &amp;&amp; wildList.indexOf(symbol) != -1): null

2019-08-23 18:56:41 - [TEST_STEP][PASSED] - symbol = symbol: null

2019-08-23 18:56:41 - [TEST_STEP][PASSED] - println(symbol): null

2019-08-23 18:56:41 - [TEST_STEP][PASSED] - if (i == 2 &amp;&amp; wildList.indexOf(symbol) != -1): null

2019-08-23 18:56:41 - [TEST_STEP][PASSED] - if (i == 3 &amp;&amp; wildList.indexOf(symbol) != -1): null

2019-08-23 18:56:41 - [TEST_STEP][PASSED] - if (i == 4 &amp;&amp; wildList.indexOf(symbol) != -1): null

2019-08-23 18:56:41 - [TEST_STEP][PASSED] - symbol = symbol: null

2019-08-23 18:56:41 - [TEST_STEP][PASSED] - println(symbol): null

2019-08-23 18:56:41 - [TEST_STEP][PASSED] - if (i == 2 &amp;&amp; wildList.indexOf(symbol) != -1): null

2019-08-23 18:56:41 - [TEST_STEP][PASSED] - if (i == 3 &amp;&amp; wildList.indexOf(symbol) != -1): null

2019-08-23 18:56:41 - [TEST_STEP][PASSED] - if (i == 4 &amp;&amp; wildList.indexOf(symbol) != -1): null

2019-08-23 18:56:41 - [TEST_STEP][PASSED] - symbols = symbols: null

2019-08-23 18:56:41 - [TEST_STEP][PASSED] - for ([j = 0, j &lt; symbols.size(), (j++)]): null

2019-08-23 18:56:41 - [TEST_STEP][PASSED] - symbol = symbol: null

2019-08-23 18:56:41 - [TEST_STEP][PASSED] - println(symbol): null

2019-08-23 18:56:41 - [TEST_STEP][PASSED] - if (i == 2 &amp;&amp; wildList.indexOf(symbol) != -1): null

2019-08-23 18:56:41 - [TEST_STEP][PASSED] - if (i == 3 &amp;&amp; wildList.indexOf(symbol) != -1): null

2019-08-23 18:56:41 - [TEST_STEP][PASSED] - if (i == 4 &amp;&amp; wildList.indexOf(symbol) != -1): null

2019-08-23 18:56:41 - [TEST_STEP][PASSED] - symbol = symbol: null

2019-08-23 18:56:41 - [TEST_STEP][PASSED] - println(symbol): null

2019-08-23 18:56:41 - [TEST_STEP][PASSED] - if (i == 2 &amp;&amp; wildList.indexOf(symbol) != -1): null

2019-08-23 18:56:41 - [TEST_STEP][PASSED] - if (i == 3 &amp;&amp; wildList.indexOf(symbol) != -1): null

2019-08-23 18:56:41 - [TEST_STEP][PASSED] - if (i == 4 &amp;&amp; wildList.indexOf(symbol) != -1): null

2019-08-23 18:56:41 - [TEST_STEP][PASSED] - symbol = symbol: null

2019-08-23 18:56:41 - [TEST_STEP][PASSED] - println(symbol): null

2019-08-23 18:56:41 - [TEST_STEP][PASSED] - if (i == 2 &amp;&amp; wildList.indexOf(symbol) != -1): null

2019-08-23 18:56:41 - [TEST_STEP][PASSED] - if (i == 3 &amp;&amp; wildList.indexOf(symbol) != -1): null

2019-08-23 18:56:41 - [TEST_STEP][PASSED] - if (i == 4 &amp;&amp; wildList.indexOf(symbol) != -1): null

2019-08-23 18:56:41 - [TEST_STEP][PASSED] - symbols = symbols: null

2019-08-23 18:56:41 - [TEST_STEP][PASSED] - for ([j = 0, j &lt; symbols.size(), (j++)]): null

2019-08-23 18:56:41 - [TEST_STEP][PASSED] - symbol = symbol: null

2019-08-23 18:56:41 - [TEST_STEP][PASSED] - println(symbol): null

2019-08-23 18:56:41 - [TEST_STEP][PASSED] - if (i == 2 &amp;&amp; wildList.indexOf(symbol) != -1): null

2019-08-23 18:56:41 - [TEST_STEP][PASSED] - if (i == 3 &amp;&amp; wildList.indexOf(symbol) != -1): null

2019-08-23 18:56:41 - [TEST_STEP][PASSED] - if (i == 4 &amp;&amp; wildList.indexOf(symbol) != -1): null

2019-08-23 18:56:41 - [TEST_STEP][PASSED] - symbol = symbol: null

2019-08-23 18:56:41 - [TEST_STEP][PASSED] - println(symbol): null

2019-08-23 18:56:41 - [TEST_STEP][PASSED] - if (i == 2 &amp;&amp; wildList.indexOf(symbol) != -1): null

2019-08-23 18:56:41 - [TEST_STEP][PASSED] - if (i == 3 &amp;&amp; wildList.indexOf(symbol) != -1): null

2019-08-23 18:56:41 - [TEST_STEP][PASSED] - if (i == 4 &amp;&amp; wildList.indexOf(symbol) != -1): null

2019-08-23 18:56:41 - [TEST_STEP][PASSED] - symbol = symbol: null

2019-08-23 18:56:41 - [TEST_STEP][PASSED] - println(symbol): null

2019-08-23 18:56:41 - [TEST_STEP][PASSED] - if (i == 2 &amp;&amp; wildList.indexOf(symbol) != -1): null

2019-08-23 18:56:41 - [TEST_STEP][PASSED] - if (i == 3 &amp;&amp; wildList.indexOf(symbol) != -1): null

2019-08-23 18:56:41 - [TEST_STEP][PASSED] - if (i == 4 &amp;&amp; wildList.indexOf(symbol) != -1): null

2019-08-23 18:56:41 - [TEST_STEP][PASSED] - symbols = symbols: null

2019-08-23 18:56:41 - [TEST_STEP][PASSED] - for ([j = 0, j &lt; symbols.size(), (j++)]): null

2019-08-23 18:56:41 - [TEST_STEP][PASSED] - symbol = symbol: null

2019-08-23 18:56:41 - [TEST_STEP][PASSED] - println(symbol): null

2019-08-23 18:56:41 - [TEST_STEP][PASSED] - if (i == 2 &amp;&amp; wildList.indexOf(symbol) != -1): null

2019-08-23 18:56:41 - [TEST_STEP][PASSED] - if (i == 3 &amp;&amp; wildList.indexOf(symbol) != -1): null

2019-08-23 18:56:41 - [TEST_STEP][PASSED] - if (i == 4 &amp;&amp; wildList.indexOf(symbol) != -1): null

2019-08-23 18:56:41 - [TEST_STEP][PASSED] - symbol = symbol: null

2019-08-23 18:56:41 - [TEST_STEP][PASSED] - println(symbol): null

2019-08-23 18:56:41 - [TEST_STEP][PASSED] - if (i == 2 &amp;&amp; wildList.indexOf(symbol) != -1): null

2019-08-23 18:56:41 - [TEST_STEP][PASSED] - if (i == 3 &amp;&amp; wildList.indexOf(symbol) != -1): null

2019-08-23 18:56:41 - [TEST_STEP][PASSED] - if (i == 4 &amp;&amp; wildList.indexOf(symbol) != -1): null

2019-08-23 18:56:41 - [TEST_STEP][PASSED] - symbol = symbol: null

2019-08-23 18:56:41 - [TEST_STEP][PASSED] - println(symbol): null

2019-08-23 18:56:41 - [TEST_STEP][PASSED] - if (i == 2 &amp;&amp; wildList.indexOf(symbol) != -1): null

2019-08-23 18:56:41 - [TEST_STEP][PASSED] - if (i == 3 &amp;&amp; wildList.indexOf(symbol) != -1): null

2019-08-23 18:56:41 - [TEST_STEP][PASSED] - if (i == 4 &amp;&amp; wildList.indexOf(symbol) != -1): null

2019-08-23 18:56:41 - [TEST_STEP][PASSED] - symbols = symbols: null

2019-08-23 18:56:41 - [TEST_STEP][PASSED] - for ([j = 0, j &lt; symbols.size(), (j++)]): null

2019-08-23 18:56:41 - [TEST_STEP][PASSED] - symbol = symbol: null

2019-08-23 18:56:41 - [TEST_STEP][PASSED] - println(symbol): null

2019-08-23 18:56:41 - [TEST_STEP][PASSED] - if (i == 2 &amp;&amp; wildList.indexOf(symbol) != -1): null

2019-08-23 18:56:41 - [TEST_STEP][PASSED] - if (i == 3 &amp;&amp; wildList.indexOf(symbol) != -1): null

2019-08-23 18:56:41 - [TEST_STEP][PASSED] - if (i == 4 &amp;&amp; wildList.indexOf(symbol) != -1): null

2019-08-23 18:56:41 - [TEST_STEP][PASSED] - symbol = symbol: null

2019-08-23 18:56:41 - [TEST_STEP][PASSED] - println(symbol): null

2019-08-23 18:56:41 - [TEST_STEP][PASSED] - if (i == 2 &amp;&amp; wildList.indexOf(symbol) != -1): null

2019-08-23 18:56:41 - [TEST_STEP][PASSED] - if (i == 3 &amp;&amp; wildList.indexOf(symbol) != -1): null

2019-08-23 18:56:41 - [TEST_STEP][PASSED] - if (i == 4 &amp;&amp; wildList.indexOf(symbol) != -1): null

2019-08-23 18:56:41 - [TEST_STEP][PASSED] - symbol = symbol: null

2019-08-23 18:56:41 - [TEST_STEP][PASSED] - println(symbol): null

2019-08-23 18:56:41 - [TEST_STEP][PASSED] - if (i == 2 &amp;&amp; wildList.indexOf(symbol) != -1): null

2019-08-23 18:56:41 - [TEST_STEP][PASSED] - if (i == 3 &amp;&amp; wildList.indexOf(symbol) != -1): null

2019-08-23 18:56:41 - [TEST_STEP][PASSED] - if (i == 4 &amp;&amp; wildList.indexOf(symbol) != -1): null

2019-08-23 18:56:41 - [TEST_STEP][PASSED] - println("wild found on reel 5, adding counter by 1"): null

2019-08-23 18:56:41 - [TEST_STEP][PASSED] - free_spin_reel_counter[2] = free_spin_reel_counter[2] + 1: null

2019-08-23 18:56:41 - [TEST_STEP][PASSED] - free_spin_reel_counter = free_spin_reel_counter: null

2019-08-23 18:56:41 - [TEST_STEP][PASSED] - println("reel 3 wild found: " + free_spin_reel_counter[0]): null

2019-08-23 18:56:41 - [TEST_STEP][PASSED] - println("reel 4 wild found: " + free_spin_reel_counter[1]): null

2019-08-23 18:56:41 - [TEST_STEP][PASSED] - println("reel 5 wild found: " + free_spin_reel_counter[2]): null

2019-08-23 18:56:41 - [TEST_STEP][PASSED] - M4_spin_reels = M4_spin_reels: null

2019-08-23 18:56:41 - [TEST_STEP][PASSED] - M4_spin_reels_symbols = symbol: null

2019-08-23 18:56:41 - [TEST_STEP][PASSED] - M4_spin_reels_symbols = M4_spin_reels_symbols: null

2019-08-23 18:56:41 - [TEST_STEP][PASSED] - M4_spin_reel_wins = reel_wins: null

2019-08-23 18:56:41 - [TEST_STEP][PASSED] - M4_spin_reel_wins = M4_spin_reel_wins: null

2019-08-23 18:56:41 - [TEST_STEP][PASSED] - println("GlobalVariable.M4_spin_reel_wins is: " + M4_spin_reel_wins): null

2019-08-23 18:56:41 - [TEST_STEP][PASSED] - M4_spin_total_bonus_win_this_round = total_bonus_win_this_round: null

2019-08-23 18:56:41 - [TEST_STEP][PASSED] - M4_spin_total_bonus_win_this_round = M4_spin_total_bonus_win_this_round: null

2019-08-23 18:56:41 - [TEST_STEP][PASSED] - println("GlobalVariable.M4_spin_total_bonus_win_this_round is: " + M4_spin_total_bonus_win_this_round): null

2019-08-23 18:56:41 - [TEST_STEP][PASSED] - M4_spin_bonus_spin_result = spin_result: null

2019-08-23 18:56:41 - [TEST_STEP][PASSED] - M4_spin_bonus_spin_result = M4_spin_bonus_spin_result: null

2019-08-23 18:56:41 - [MESSAGE][PASSED] - Verify response successfully

2019-08-23 18:56:41 - [MESSAGE][PASSED] - Send request and verify the response successfully

2019-08-23 18:56:41 - [TEST_STEP][PASSED] - if (free_spin_reel_counter[0] &gt;= 1 &amp;&amp; free_spin_reel_counter[1] &gt;= 1 &amp;&amp; free_spin_reel_counter[2] &gt;= 1): null

2019-08-23 18:56:41 - [TEST_STEP][PASSED] - spin_result = sendRequestAndVerify(findTestObject("INT/RGS(M4)/1_M4_spin", ["M4_login_user_id":M4_login_user_id, "rgs_session_token":rgs_session_token, "partner":Partner])): Send request and verify the response successfully

2019-08-23 18:56:42 - [MESSAGE][INFO] - HAR: /Users/eiralee/Katalon_Script/SuperWild/Reports/20190823_184757/INT/superWild_1/20190823_184757/requests/main/226.har

2019-08-23 18:56:42 - [TEST_CASE][PASSED] - Start Test Case : Verification: Verification accomplished successfully

2019-08-23 18:56:42 - [TEST_STEP][PASSED] - request = getInstance().getCurrentRequest(): null

2019-08-23 18:56:42 - [TEST_STEP][PASSED] - response = getInstance().getCurrentResponse(): null

2019-08-23 18:56:44 - [TEST_STEP][PASSED] - verifyResponseStatusCode(response, 200): Verify response status code successfully

2019-08-23 18:56:44 - [MESSAGE][PASSED] - Verify response status code successfully

2019-08-23 18:56:44 - [TEST_STEP][PASSED] - getStatusCode()).isEqualTo(200): null

2019-08-23 18:56:44 - [TEST_STEP][PASSED] - newline = System.getProperty("line.separator"): null

2019-08-23 18:56:44 - [TEST_STEP][PASSED] - M4_spin = new groovy.json.JsonSlurper(): null

2019-08-23 18:56:44 - [TEST_STEP][PASSED] - result_M4_spin = M4_spin.parseText(response.getResponseBodyContent()): null

2019-08-23 18:56:44 - [TEST_STEP][PASSED] - M4_spin_current_balance = current_balance: null

2019-08-23 18:56:44 - [TEST_STEP][PASSED] - M4_spin_current_balance = M4_spin_current_balance: null

2019-08-23 18:56:44 - [TEST_STEP][PASSED] - M4_spin_transaction_id = causality: null

2019-08-23 18:56:44 - [TEST_STEP][PASSED] - M4_spin_transaction_id = M4_spin_transaction_id: null

2019-08-23 18:56:44 - [TEST_STEP][PASSED] - M4_spin_round_id = round_id: null

2019-08-23 18:56:44 - [TEST_STEP][PASSED] - M4_spin_round_id = M4_spin_round_id: null

2019-08-23 18:56:44 - [TEST_STEP][PASSED] - M4_spin_line_wins = line_wins: null

2019-08-23 18:56:44 - [TEST_STEP][PASSED] - M4_spin_line_wins = M4_spin_line_wins: null

2019-08-23 18:56:44 - [TEST_STEP][PASSED] - M4_total_bonus_spins_int = total_bonus_spins: null

2019-08-23 18:56:44 - [TEST_STEP][PASSED] - println("******M4_total_bonus_spins type is:*******" + newline + getClass().getName()): null

2019-08-23 18:56:44 - [TEST_STEP][PASSED] - M4_total_bonus_spins_int = M4_total_bonus_spins_int: null

2019-08-23 18:56:44 - [TEST_STEP][PASSED] - M4_total_bonus_spins = Integer.toString(M4_total_bonus_spins_int): null

2019-08-23 18:56:44 - [TEST_STEP][PASSED] - M4_total_bonus_spins = M4_total_bonus_spins: null

2019-08-23 18:56:44 - [TEST_STEP][PASSED] - println("M4_total_bonus_spins is:" + M4_total_bonus_spins): null

2019-08-23 18:56:44 - [TEST_STEP][PASSED] - M4_spin_bonus_data = bonus_data: null

2019-08-23 18:56:44 - [TEST_STEP][PASSED] - M4_spin_features_triggered = result_M4_spin: null

2019-08-23 18:56:44 - [TEST_STEP][PASSED] - wild = []: null

2019-08-23 18:56:44 - [TEST_STEP][PASSED] - wild[0] = "WILD_Expanding": null

2019-08-23 18:56:44 - [TEST_STEP][PASSED] - wild[1] = "WILD_Normal": null

2019-08-23 18:56:44 - [TEST_STEP][PASSED] - wild[2] = "WILD_Double": null

2019-08-23 18:56:44 - [TEST_STEP][PASSED] - wild[3] = "WILD_ExtraFG": null

2019-08-23 18:56:44 - [TEST_STEP][PASSED] - wild[4] = "WILD_Triple": null

2019-08-23 18:56:44 - [TEST_STEP][PASSED] - wildList = Arrays.asList(wild): null

2019-08-23 18:56:44 - [TEST_STEP][PASSED] - wildList = wildList: null

2019-08-23 18:56:44 - [TEST_STEP][PASSED] - free_spin_reel_counter = []: null

2019-08-23 18:56:44 - [TEST_STEP][PASSED] - free_spin_reel_counter[0] = 0: null

2019-08-23 18:56:44 - [TEST_STEP][PASSED] - free_spin_reel_counter[1] = 0: null

2019-08-23 18:56:44 - [TEST_STEP][PASSED] - free_spin_reel_counter[2] = 0: null

2019-08-23 18:56:44 - [TEST_STEP][PASSED] - M4_spin_reels = reels: null

2019-08-23 18:56:44 - [TEST_STEP][PASSED] - for ([i = 0, i &lt; M4_spin_reels.size(), (i++)]): null

2019-08-23 18:56:44 - [TEST_STEP][PASSED] - symbols = symbols: null

2019-08-23 18:56:44 - [TEST_STEP][PASSED] - for ([j = 0, j &lt; symbols.size(), (j++)]): null

2019-08-23 18:56:44 - [TEST_STEP][PASSED] - symbol = symbol: null

2019-08-23 18:56:44 - [TEST_STEP][PASSED] - println(symbol): null

2019-08-23 18:56:44 - [TEST_STEP][PASSED] - if (i == 2 &amp;&amp; wildList.indexOf(symbol) != -1): null

2019-08-23 18:56:44 - [TEST_STEP][PASSED] - if (i == 3 &amp;&amp; wildList.indexOf(symbol) != -1): null

2019-08-23 18:56:44 - [TEST_STEP][PASSED] - if (i == 4 &amp;&amp; wildList.indexOf(symbol) != -1): null

2019-08-23 18:56:44 - [TEST_STEP][PASSED] - symbol = symbol: null

2019-08-23 18:56:44 - [TEST_STEP][PASSED] - println(symbol): null

2019-08-23 18:56:44 - [TEST_STEP][PASSED] - if (i == 2 &amp;&amp; wildList.indexOf(symbol) != -1): null

2019-08-23 18:56:44 - [TEST_STEP][PASSED] - if (i == 3 &amp;&amp; wildList.indexOf(symbol) != -1): null

2019-08-23 18:56:44 - [TEST_STEP][PASSED] - if (i == 4 &amp;&amp; wildList.indexOf(symbol) != -1): null

2019-08-23 18:56:44 - [TEST_STEP][PASSED] - symbol = symbol: null

2019-08-23 18:56:44 - [TEST_STEP][PASSED] - println(symbol): null

2019-08-23 18:56:44 - [TEST_STEP][PASSED] - if (i == 2 &amp;&amp; wildList.indexOf(symbol) != -1): null

2019-08-23 18:56:44 - [TEST_STEP][PASSED] - if (i == 3 &amp;&amp; wildList.indexOf(symbol) != -1): null

2019-08-23 18:56:44 - [TEST_STEP][PASSED] - if (i == 4 &amp;&amp; wildList.indexOf(symbol) != -1): null

2019-08-23 18:56:44 - [TEST_STEP][PASSED] - symbols = symbols: null

2019-08-23 18:56:44 - [TEST_STEP][PASSED] - for ([j = 0, j &lt; symbols.size(), (j++)]): null

2019-08-23 18:56:44 - [TEST_STEP][PASSED] - symbol = symbol: null

2019-08-23 18:56:44 - [TEST_STEP][PASSED] - println(symbol): null

2019-08-23 18:56:44 - [TEST_STEP][PASSED] - if (i == 2 &amp;&amp; wildList.indexOf(symbol) != -1): null

2019-08-23 18:56:44 - [TEST_STEP][PASSED] - if (i == 3 &amp;&amp; wildList.indexOf(symbol) != -1): null

2019-08-23 18:56:44 - [TEST_STEP][PASSED] - if (i == 4 &amp;&amp; wildList.indexOf(symbol) != -1): null

2019-08-23 18:56:44 - [TEST_STEP][PASSED] - symbol = symbol: null

2019-08-23 18:56:44 - [TEST_STEP][PASSED] - println(symbol): null

2019-08-23 18:56:44 - [TEST_STEP][PASSED] - if (i == 2 &amp;&amp; wildList.indexOf(symbol) != -1): null

2019-08-23 18:56:44 - [TEST_STEP][PASSED] - if (i == 3 &amp;&amp; wildList.indexOf(symbol) != -1): null

2019-08-23 18:56:44 - [TEST_STEP][PASSED] - if (i == 4 &amp;&amp; wildList.indexOf(symbol) != -1): null

2019-08-23 18:56:44 - [TEST_STEP][PASSED] - symbol = symbol: null

2019-08-23 18:56:44 - [TEST_STEP][PASSED] - println(symbol): null

2019-08-23 18:56:44 - [TEST_STEP][PASSED] - if (i == 2 &amp;&amp; wildList.indexOf(symbol) != -1): null

2019-08-23 18:56:44 - [TEST_STEP][PASSED] - if (i == 3 &amp;&amp; wildList.indexOf(symbol) != -1): null

2019-08-23 18:56:44 - [TEST_STEP][PASSED] - if (i == 4 &amp;&amp; wildList.indexOf(symbol) != -1): null

2019-08-23 18:56:44 - [TEST_STEP][PASSED] - symbols = symbols: null

2019-08-23 18:56:44 - [TEST_STEP][PASSED] - for ([j = 0, j &lt; symbols.size(), (j++)]): null

2019-08-23 18:56:44 - [TEST_STEP][PASSED] - symbol = symbol: null

2019-08-23 18:56:44 - [TEST_STEP][PASSED] - println(symbol): null

2019-08-23 18:56:44 - [TEST_STEP][PASSED] - if (i == 2 &amp;&amp; wildList.indexOf(symbol) != -1): null

2019-08-23 18:56:44 - [TEST_STEP][PASSED] - println("wild found on reel 3, adding counter by 1"): null

2019-08-23 18:56:44 - [TEST_STEP][PASSED] - free_spin_reel_counter[0] = free_spin_reel_counter[0] + 1: null

2019-08-23 18:56:44 - [TEST_STEP][PASSED] - if (i == 3 &amp;&amp; wildList.indexOf(symbol) != -1): null

2019-08-23 18:56:44 - [TEST_STEP][PASSED] - if (i == 4 &amp;&amp; wildList.indexOf(symbol) != -1): null

2019-08-23 18:56:44 - [TEST_STEP][PASSED] - symbol = symbol: null

2019-08-23 18:56:44 - [TEST_STEP][PASSED] - println(symbol): null

2019-08-23 18:56:44 - [TEST_STEP][PASSED] - if (i == 2 &amp;&amp; wildList.indexOf(symbol) != -1): null

2019-08-23 18:56:44 - [TEST_STEP][PASSED] - if (i == 3 &amp;&amp; wildList.indexOf(symbol) != -1): null

2019-08-23 18:56:44 - [TEST_STEP][PASSED] - if (i == 4 &amp;&amp; wildList.indexOf(symbol) != -1): null

2019-08-23 18:56:44 - [TEST_STEP][PASSED] - symbol = symbol: null

2019-08-23 18:56:44 - [TEST_STEP][PASSED] - println(symbol): null

2019-08-23 18:56:44 - [TEST_STEP][PASSED] - if (i == 2 &amp;&amp; wildList.indexOf(symbol) != -1): null

2019-08-23 18:56:44 - [TEST_STEP][PASSED] - if (i == 3 &amp;&amp; wildList.indexOf(symbol) != -1): null

2019-08-23 18:56:44 - [TEST_STEP][PASSED] - if (i == 4 &amp;&amp; wildList.indexOf(symbol) != -1): null

2019-08-23 18:56:44 - [TEST_STEP][PASSED] - symbols = symbols: null

2019-08-23 18:56:44 - [TEST_STEP][PASSED] - for ([j = 0, j &lt; symbols.size(), (j++)]): null

2019-08-23 18:56:44 - [TEST_STEP][PASSED] - symbol = symbol: null

2019-08-23 18:56:44 - [TEST_STEP][PASSED] - println(symbol): null

2019-08-23 18:56:44 - [TEST_STEP][PASSED] - if (i == 2 &amp;&amp; wildList.indexOf(symbol) != -1): null

2019-08-23 18:56:44 - [TEST_STEP][PASSED] - if (i == 3 &amp;&amp; wildList.indexOf(symbol) != -1): null

2019-08-23 18:56:44 - [TEST_STEP][PASSED] - if (i == 4 &amp;&amp; wildList.indexOf(symbol) != -1): null

2019-08-23 18:56:44 - [TEST_STEP][PASSED] - symbol = symbol: null

2019-08-23 18:56:44 - [TEST_STEP][PASSED] - println(symbol): null

2019-08-23 18:56:44 - [TEST_STEP][PASSED] - if (i == 2 &amp;&amp; wildList.indexOf(symbol) != -1): null

2019-08-23 18:56:44 - [TEST_STEP][PASSED] - if (i == 3 &amp;&amp; wildList.indexOf(symbol) != -1): null

2019-08-23 18:56:44 - [TEST_STEP][PASSED] - if (i == 4 &amp;&amp; wildList.indexOf(symbol) != -1): null

2019-08-23 18:56:44 - [TEST_STEP][PASSED] - symbol = symbol: null

2019-08-23 18:56:44 - [TEST_STEP][PASSED] - println(symbol): null

2019-08-23 18:56:44 - [TEST_STEP][PASSED] - if (i == 2 &amp;&amp; wildList.indexOf(symbol) != -1): null

2019-08-23 18:56:44 - [TEST_STEP][PASSED] - if (i == 3 &amp;&amp; wildList.indexOf(symbol) != -1): null

2019-08-23 18:56:44 - [TEST_STEP][PASSED] - if (i == 4 &amp;&amp; wildList.indexOf(symbol) != -1): null

2019-08-23 18:56:44 - [TEST_STEP][PASSED] - symbols = symbols: null

2019-08-23 18:56:44 - [TEST_STEP][PASSED] - for ([j = 0, j &lt; symbols.size(), (j++)]): null

2019-08-23 18:56:44 - [TEST_STEP][PASSED] - symbol = symbol: null

2019-08-23 18:56:44 - [TEST_STEP][PASSED] - println(symbol): null

2019-08-23 18:56:44 - [TEST_STEP][PASSED] - if (i == 2 &amp;&amp; wildList.indexOf(symbol) != -1): null

2019-08-23 18:56:44 - [TEST_STEP][PASSED] - if (i == 3 &amp;&amp; wildList.indexOf(symbol) != -1): null

2019-08-23 18:56:44 - [TEST_STEP][PASSED] - if (i == 4 &amp;&amp; wildList.indexOf(symbol) != -1): null

2019-08-23 18:56:44 - [TEST_STEP][PASSED] - symbol = symbol: null

2019-08-23 18:56:44 - [TEST_STEP][PASSED] - println(symbol): null

2019-08-23 18:56:44 - [TEST_STEP][PASSED] - if (i == 2 &amp;&amp; wildList.indexOf(symbol) != -1): null

2019-08-23 18:56:44 - [TEST_STEP][PASSED] - if (i == 3 &amp;&amp; wildList.indexOf(symbol) != -1): null

2019-08-23 18:56:44 - [TEST_STEP][PASSED] - if (i == 4 &amp;&amp; wildList.indexOf(symbol) != -1): null

2019-08-23 18:56:44 - [TEST_STEP][PASSED] - symbol = symbol: null

2019-08-23 18:56:44 - [TEST_STEP][PASSED] - println(symbol): null

2019-08-23 18:56:44 - [TEST_STEP][PASSED] - if (i == 2 &amp;&amp; wildList.indexOf(symbol) != -1): null

2019-08-23 18:56:44 - [TEST_STEP][PASSED] - if (i == 3 &amp;&amp; wildList.indexOf(symbol) != -1): null

2019-08-23 18:56:44 - [TEST_STEP][PASSED] - if (i == 4 &amp;&amp; wildList.indexOf(symbol) != -1): null

2019-08-23 18:56:44 - [TEST_STEP][PASSED] - free_spin_reel_counter = free_spin_reel_counter: null

2019-08-23 18:56:44 - [TEST_STEP][PASSED] - println("reel 3 wild found: " + free_spin_reel_counter[0]): null

2019-08-23 18:56:44 - [TEST_STEP][PASSED] - println("reel 4 wild found: " + free_spin_reel_counter[1]): null

2019-08-23 18:56:44 - [TEST_STEP][PASSED] - println("reel 5 wild found: " + free_spin_reel_counter[2]): null

2019-08-23 18:56:44 - [TEST_STEP][PASSED] - M4_spin_reels = M4_spin_reels: null

2019-08-23 18:56:44 - [TEST_STEP][PASSED] - M4_spin_reels_symbols = symbol: null

2019-08-23 18:56:44 - [TEST_STEP][PASSED] - M4_spin_reels_symbols = M4_spin_reels_symbols: null

2019-08-23 18:56:44 - [TEST_STEP][PASSED] - M4_spin_reel_wins = reel_wins: null

2019-08-23 18:56:44 - [TEST_STEP][PASSED] - M4_spin_reel_wins = M4_spin_reel_wins: null

2019-08-23 18:56:44 - [TEST_STEP][PASSED] - println("GlobalVariable.M4_spin_reel_wins is: " + M4_spin_reel_wins): null

2019-08-23 18:56:44 - [TEST_STEP][PASSED] - M4_spin_total_bonus_win_this_round = total_bonus_win_this_round: null

2019-08-23 18:56:44 - [TEST_STEP][PASSED] - M4_spin_total_bonus_win_this_round = M4_spin_total_bonus_win_this_round: null

2019-08-23 18:56:44 - [TEST_STEP][PASSED] - println("GlobalVariable.M4_spin_total_bonus_win_this_round is: " + M4_spin_total_bonus_win_this_round): null

2019-08-23 18:56:44 - [TEST_STEP][PASSED] - M4_spin_bonus_spin_result = spin_result: null

2019-08-23 18:56:44 - [TEST_STEP][PASSED] - M4_spin_bonus_spin_result = M4_spin_bonus_spin_result: null

2019-08-23 18:56:44 - [MESSAGE][PASSED] - Verify response successfully

2019-08-23 18:56:44 - [MESSAGE][PASSED] - Send request and verify the response successfully

2019-08-23 18:56:44 - [TEST_STEP][PASSED] - if (free_spin_reel_counter[0] &gt;= 1 &amp;&amp; free_spin_reel_counter[1] &gt;= 1 &amp;&amp; free_spin_reel_counter[2] &gt;= 1): null

2019-08-23 18:56:44 - [TEST_STEP][PASSED] - spin_result = sendRequestAndVerify(findTestObject("INT/RGS(M4)/1_M4_spin", ["M4_login_user_id":M4_login_user_id, "rgs_session_token":rgs_session_token, "partner":Partner])): Send request and verify the response successfully

2019-08-23 18:56:44 - [MESSAGE][INFO] - HAR: /Users/eiralee/Katalon_Script/SuperWild/Reports/20190823_184757/INT/superWild_1/20190823_184757/requests/main/227.har

2019-08-23 18:56:45 - [TEST_CASE][PASSED] - Start Test Case : Verification: Verification accomplished successfully

2019-08-23 18:56:45 - [TEST_STEP][PASSED] - request = getInstance().getCurrentRequest(): null

2019-08-23 18:56:45 - [TEST_STEP][PASSED] - response = getInstance().getCurrentResponse(): null

2019-08-23 18:56:45 - [TEST_STEP][PASSED] - verifyResponseStatusCode(response, 200): Verify response status code successfully

2019-08-23 18:56:45 - [MESSAGE][PASSED] - Verify response status code successfully

2019-08-23 18:56:45 - [TEST_STEP][PASSED] - getStatusCode()).isEqualTo(200): null

2019-08-23 18:56:45 - [TEST_STEP][PASSED] - newline = System.getProperty("line.separator"): null

2019-08-23 18:56:45 - [TEST_STEP][PASSED] - M4_spin = new groovy.json.JsonSlurper(): null

2019-08-23 18:56:45 - [TEST_STEP][PASSED] - result_M4_spin = M4_spin.parseText(response.getResponseBodyContent()): null

2019-08-23 18:56:45 - [TEST_STEP][PASSED] - M4_spin_current_balance = current_balance: null

2019-08-23 18:56:45 - [TEST_STEP][PASSED] - M4_spin_current_balance = M4_spin_current_balance: null

2019-08-23 18:56:45 - [TEST_STEP][PASSED] - M4_spin_transaction_id = causality: null

2019-08-23 18:56:45 - [TEST_STEP][PASSED] - M4_spin_transaction_id = M4_spin_transaction_id: null

2019-08-23 18:56:45 - [TEST_STEP][PASSED] - M4_spin_round_id = round_id: null

2019-08-23 18:56:45 - [TEST_STEP][PASSED] - M4_spin_round_id = M4_spin_round_id: null

2019-08-23 18:56:45 - [TEST_STEP][PASSED] - M4_spin_line_wins = line_wins: null

2019-08-23 18:56:45 - [TEST_STEP][PASSED] - M4_spin_line_wins = M4_spin_line_wins: null

2019-08-23 18:56:45 - [TEST_STEP][PASSED] - M4_total_bonus_spins_int = total_bonus_spins: null

2019-08-23 18:56:45 - [TEST_STEP][PASSED] - println("******M4_total_bonus_spins type is:*******" + newline + getClass().getName()): null

2019-08-23 18:56:45 - [TEST_STEP][PASSED] - M4_total_bonus_spins_int = M4_total_bonus_spins_int: null

2019-08-23 18:56:45 - [TEST_STEP][PASSED] - M4_total_bonus_spins = Integer.toString(M4_total_bonus_spins_int): null

2019-08-23 18:56:45 - [TEST_STEP][PASSED] - M4_total_bonus_spins = M4_total_bonus_spins: null

2019-08-23 18:56:45 - [TEST_STEP][PASSED] - println("M4_total_bonus_spins is:" + M4_total_bonus_spins): null

2019-08-23 18:56:45 - [TEST_STEP][PASSED] - M4_spin_bonus_data = bonus_data: null

2019-08-23 18:56:45 - [TEST_STEP][PASSED] - M4_spin_features_triggered = result_M4_spin: null

2019-08-23 18:56:45 - [TEST_STEP][PASSED] - wild = []: null

2019-08-23 18:56:45 - [TEST_STEP][PASSED] - wild[0] = "WILD_Expanding": null

2019-08-23 18:56:45 - [TEST_STEP][PASSED] - wild[1] = "WILD_Normal": null

2019-08-23 18:56:45 - [TEST_STEP][PASSED] - wild[2] = "WILD_Double": null

2019-08-23 18:56:45 - [TEST_STEP][PASSED] - wild[3] = "WILD_ExtraFG": null

2019-08-23 18:56:45 - [TEST_STEP][PASSED] - wild[4] = "WILD_Triple": null

2019-08-23 18:56:45 - [TEST_STEP][PASSED] - wildList = Arrays.asList(wild): null

2019-08-23 18:56:45 - [TEST_STEP][PASSED] - wildList = wildList: null

2019-08-23 18:56:45 - [TEST_STEP][PASSED] - free_spin_reel_counter = []: null

2019-08-23 18:56:45 - [TEST_STEP][PASSED] - free_spin_reel_counter[0] = 0: null

2019-08-23 18:56:45 - [TEST_STEP][PASSED] - free_spin_reel_counter[1] = 0: null

2019-08-23 18:56:45 - [TEST_STEP][PASSED] - free_spin_reel_counter[2] = 0: null

2019-08-23 18:56:45 - [TEST_STEP][PASSED] - M4_spin_reels = reels: null

2019-08-23 18:56:45 - [TEST_STEP][PASSED] - for ([i = 0, i &lt; M4_spin_reels.size(), (i++)]): null

2019-08-23 18:56:45 - [TEST_STEP][PASSED] - symbols = symbols: null

2019-08-23 18:56:45 - [TEST_STEP][PASSED] - for ([j = 0, j &lt; symbols.size(), (j++)]): null

2019-08-23 18:56:45 - [TEST_STEP][PASSED] - symbol = symbol: null

2019-08-23 18:56:45 - [TEST_STEP][PASSED] - println(symbol): null

2019-08-23 18:56:45 - [TEST_STEP][PASSED] - if (i == 2 &amp;&amp; wildList.indexOf(symbol) != -1): null

2019-08-23 18:56:45 - [TEST_STEP][PASSED] - if (i == 3 &amp;&amp; wildList.indexOf(symbol) != -1): null

2019-08-23 18:56:45 - [TEST_STEP][PASSED] - if (i == 4 &amp;&amp; wildList.indexOf(symbol) != -1): null

2019-08-23 18:56:45 - [TEST_STEP][PASSED] - symbol = symbol: null

2019-08-23 18:56:45 - [TEST_STEP][PASSED] - println(symbol): null

2019-08-23 18:56:45 - [TEST_STEP][PASSED] - if (i == 2 &amp;&amp; wildList.indexOf(symbol) != -1): null

2019-08-23 18:56:45 - [TEST_STEP][PASSED] - if (i == 3 &amp;&amp; wildList.indexOf(symbol) != -1): null

2019-08-23 18:56:45 - [TEST_STEP][PASSED] - if (i == 4 &amp;&amp; wildList.indexOf(symbol) != -1): null

2019-08-23 18:56:45 - [TEST_STEP][PASSED] - symbol = symbol: null

2019-08-23 18:56:45 - [TEST_STEP][PASSED] - println(symbol): null

2019-08-23 18:56:45 - [TEST_STEP][PASSED] - if (i == 2 &amp;&amp; wildList.indexOf(symbol) != -1): null

2019-08-23 18:56:45 - [TEST_STEP][PASSED] - if (i == 3 &amp;&amp; wildList.indexOf(symbol) != -1): null

2019-08-23 18:56:45 - [TEST_STEP][PASSED] - if (i == 4 &amp;&amp; wildList.indexOf(symbol) != -1): null

2019-08-23 18:56:45 - [TEST_STEP][PASSED] - symbols = symbols: null

2019-08-23 18:56:45 - [TEST_STEP][PASSED] - for ([j = 0, j &lt; symbols.size(), (j++)]): null

2019-08-23 18:56:45 - [TEST_STEP][PASSED] - symbol = symbol: null

2019-08-23 18:56:45 - [TEST_STEP][PASSED] - println(symbol): null

2019-08-23 18:56:45 - [TEST_STEP][PASSED] - if (i == 2 &amp;&amp; wildList.indexOf(symbol) != -1): null

2019-08-23 18:56:45 - [TEST_STEP][PASSED] - if (i == 3 &amp;&amp; wildList.indexOf(symbol) != -1): null

2019-08-23 18:56:45 - [TEST_STEP][PASSED] - if (i == 4 &amp;&amp; wildList.indexOf(symbol) != -1): null

2019-08-23 18:56:45 - [TEST_STEP][PASSED] - symbol = symbol: null

2019-08-23 18:56:45 - [TEST_STEP][PASSED] - println(symbol): null

2019-08-23 18:56:45 - [TEST_STEP][PASSED] - if (i == 2 &amp;&amp; wildList.indexOf(symbol) != -1): null

2019-08-23 18:56:45 - [TEST_STEP][PASSED] - if (i == 3 &amp;&amp; wildList.indexOf(symbol) != -1): null

2019-08-23 18:56:45 - [TEST_STEP][PASSED] - if (i == 4 &amp;&amp; wildList.indexOf(symbol) != -1): null

2019-08-23 18:56:45 - [TEST_STEP][PASSED] - symbol = symbol: null

2019-08-23 18:56:45 - [TEST_STEP][PASSED] - println(symbol): null

2019-08-23 18:56:45 - [TEST_STEP][PASSED] - if (i == 2 &amp;&amp; wildList.indexOf(symbol) != -1): null

2019-08-23 18:56:45 - [TEST_STEP][PASSED] - if (i == 3 &amp;&amp; wildList.indexOf(symbol) != -1): null

2019-08-23 18:56:45 - [TEST_STEP][PASSED] - if (i == 4 &amp;&amp; wildList.indexOf(symbol) != -1): null

2019-08-23 18:56:45 - [TEST_STEP][PASSED] - symbols = symbols: null

2019-08-23 18:56:45 - [TEST_STEP][PASSED] - for ([j = 0, j &lt; symbols.size(), (j++)]): null

2019-08-23 18:56:45 - [TEST_STEP][PASSED] - symbol = symbol: null

2019-08-23 18:56:45 - [TEST_STEP][PASSED] - println(symbol): null

2019-08-23 18:56:45 - [TEST_STEP][PASSED] - if (i == 2 &amp;&amp; wildList.indexOf(symbol) != -1): null

2019-08-23 18:56:45 - [TEST_STEP][PASSED] - if (i == 3 &amp;&amp; wildList.indexOf(symbol) != -1): null

2019-08-23 18:56:45 - [TEST_STEP][PASSED] - if (i == 4 &amp;&amp; wildList.indexOf(symbol) != -1): null

2019-08-23 18:56:45 - [TEST_STEP][PASSED] - symbol = symbol: null

2019-08-23 18:56:45 - [TEST_STEP][PASSED] - println(symbol): null

2019-08-23 18:56:45 - [TEST_STEP][PASSED] - if (i == 2 &amp;&amp; wildList.indexOf(symbol) != -1): null

2019-08-23 18:56:45 - [TEST_STEP][PASSED] - if (i == 3 &amp;&amp; wildList.indexOf(symbol) != -1): null

2019-08-23 18:56:45 - [TEST_STEP][PASSED] - if (i == 4 &amp;&amp; wildList.indexOf(symbol) != -1): null

2019-08-23 18:56:45 - [TEST_STEP][PASSED] - symbol = symbol: null

2019-08-23 18:56:45 - [TEST_STEP][PASSED] - println(symbol): null

2019-08-23 18:56:45 - [TEST_STEP][PASSED] - if (i == 2 &amp;&amp; wildList.indexOf(symbol) != -1): null

2019-08-23 18:56:45 - [TEST_STEP][PASSED] - if (i == 3 &amp;&amp; wildList.indexOf(symbol) != -1): null

2019-08-23 18:56:45 - [TEST_STEP][PASSED] - if (i == 4 &amp;&amp; wildList.indexOf(symbol) != -1): null

2019-08-23 18:56:45 - [TEST_STEP][PASSED] - symbols = symbols: null

2019-08-23 18:56:45 - [TEST_STEP][PASSED] - for ([j = 0, j &lt; symbols.size(), (j++)]): null

2019-08-23 18:56:45 - [TEST_STEP][PASSED] - symbol = symbol: null

2019-08-23 18:56:45 - [TEST_STEP][PASSED] - println(symbol): null

2019-08-23 18:56:45 - [TEST_STEP][PASSED] - if (i == 2 &amp;&amp; wildList.indexOf(symbol) != -1): null

2019-08-23 18:56:45 - [TEST_STEP][PASSED] - if (i == 3 &amp;&amp; wildList.indexOf(symbol) != -1): null

2019-08-23 18:56:45 - [TEST_STEP][PASSED] - if (i == 4 &amp;&amp; wildList.indexOf(symbol) != -1): null

2019-08-23 18:56:45 - [TEST_STEP][PASSED] - symbol = symbol: null

2019-08-23 18:56:45 - [TEST_STEP][PASSED] - println(symbol): null

2019-08-23 18:56:45 - [TEST_STEP][PASSED] - if (i == 2 &amp;&amp; wildList.indexOf(symbol) != -1): null

2019-08-23 18:56:45 - [TEST_STEP][PASSED] - if (i == 3 &amp;&amp; wildList.indexOf(symbol) != -1): null

2019-08-23 18:56:45 - [TEST_STEP][PASSED] - println("wild found on reel 4, adding counter by 1"): null

2019-08-23 18:56:45 - [TEST_STEP][PASSED] - free_spin_reel_counter[1] = free_spin_reel_counter[1] + 1: null

2019-08-23 18:56:45 - [TEST_STEP][PASSED] - if (i == 4 &amp;&amp; wildList.indexOf(symbol) != -1): null

2019-08-23 18:56:45 - [TEST_STEP][PASSED] - symbol = symbol: null

2019-08-23 18:56:45 - [TEST_STEP][PASSED] - println(symbol): null

2019-08-23 18:56:45 - [TEST_STEP][PASSED] - if (i == 2 &amp;&amp; wildList.indexOf(symbol) != -1): null

2019-08-23 18:56:45 - [TEST_STEP][PASSED] - if (i == 3 &amp;&amp; wildList.indexOf(symbol) != -1): null

2019-08-23 18:56:45 - [TEST_STEP][PASSED] - if (i == 4 &amp;&amp; wildList.indexOf(symbol) != -1): null

2019-08-23 18:56:45 - [TEST_STEP][PASSED] - symbols = symbols: null

2019-08-23 18:56:45 - [TEST_STEP][PASSED] - for ([j = 0, j &lt; symbols.size(), (j++)]): null

2019-08-23 18:56:45 - [TEST_STEP][PASSED] - symbol = symbol: null

2019-08-23 18:56:45 - [TEST_STEP][PASSED] - println(symbol): null

2019-08-23 18:56:45 - [TEST_STEP][PASSED] - if (i == 2 &amp;&amp; wildList.indexOf(symbol) != -1): null

2019-08-23 18:56:45 - [TEST_STEP][PASSED] - if (i == 3 &amp;&amp; wildList.indexOf(symbol) != -1): null

2019-08-23 18:56:45 - [TEST_STEP][PASSED] - if (i == 4 &amp;&amp; wildList.indexOf(symbol) != -1): null

2019-08-23 18:56:45 - [TEST_STEP][PASSED] - symbol = symbol: null

2019-08-23 18:56:45 - [TEST_STEP][PASSED] - println(symbol): null

2019-08-23 18:56:45 - [TEST_STEP][PASSED] - if (i == 2 &amp;&amp; wildList.indexOf(symbol) != -1): null

2019-08-23 18:56:45 - [TEST_STEP][PASSED] - if (i == 3 &amp;&amp; wildList.indexOf(symbol) != -1): null

2019-08-23 18:56:45 - [TEST_STEP][PASSED] - if (i == 4 &amp;&amp; wildList.indexOf(symbol) != -1): null

2019-08-23 18:56:45 - [TEST_STEP][PASSED] - symbol = symbol: null

2019-08-23 18:56:45 - [TEST_STEP][PASSED] - println(symbol): null

2019-08-23 18:56:45 - [TEST_STEP][PASSED] - if (i == 2 &amp;&amp; wildList.indexOf(symbol) != -1): null

2019-08-23 18:56:45 - [TEST_STEP][PASSED] - if (i == 3 &amp;&amp; wildList.indexOf(symbol) != -1): null

2019-08-23 18:56:45 - [TEST_STEP][PASSED] - if (i == 4 &amp;&amp; wildList.indexOf(symbol) != -1): null

2019-08-23 18:56:45 - [TEST_STEP][PASSED] - free_spin_reel_counter = free_spin_reel_counter: null

2019-08-23 18:56:45 - [TEST_STEP][PASSED] - println("reel 3 wild found: " + free_spin_reel_counter[0]): null

2019-08-23 18:56:45 - [TEST_STEP][PASSED] - println("reel 4 wild found: " + free_spin_reel_counter[1]): null

2019-08-23 18:56:45 - [TEST_STEP][PASSED] - println("reel 5 wild found: " + free_spin_reel_counter[2]): null

2019-08-23 18:56:45 - [TEST_STEP][PASSED] - M4_spin_reels = M4_spin_reels: null

2019-08-23 18:56:45 - [TEST_STEP][PASSED] - M4_spin_reels_symbols = symbol: null

2019-08-23 18:56:45 - [TEST_STEP][PASSED] - M4_spin_reels_symbols = M4_spin_reels_symbols: null

2019-08-23 18:56:45 - [TEST_STEP][PASSED] - M4_spin_reel_wins = reel_wins: null

2019-08-23 18:56:45 - [TEST_STEP][PASSED] - M4_spin_reel_wins = M4_spin_reel_wins: null

2019-08-23 18:56:45 - [TEST_STEP][PASSED] - println("GlobalVariable.M4_spin_reel_wins is: " + M4_spin_reel_wins): null

2019-08-23 18:56:45 - [TEST_STEP][PASSED] - M4_spin_total_bonus_win_this_round = total_bonus_win_this_round: null

2019-08-23 18:56:45 - [TEST_STEP][PASSED] - M4_spin_total_bonus_win_this_round = M4_spin_total_bonus_win_this_round: null

2019-08-23 18:56:45 - [TEST_STEP][PASSED] - println("GlobalVariable.M4_spin_total_bonus_win_this_round is: " + M4_spin_total_bonus_win_this_round): null

2019-08-23 18:56:45 - [TEST_STEP][PASSED] - M4_spin_bonus_spin_result = spin_result: null

2019-08-23 18:56:45 - [TEST_STEP][PASSED] - M4_spin_bonus_spin_result = M4_spin_bonus_spin_result: null

2019-08-23 18:56:45 - [MESSAGE][PASSED] - Verify response successfully

2019-08-23 18:56:45 - [MESSAGE][PASSED] - Send request and verify the response successfully

2019-08-23 18:56:45 - [TEST_STEP][PASSED] - if (free_spin_reel_counter[0] &gt;= 1 &amp;&amp; free_spin_reel_counter[1] &gt;= 1 &amp;&amp; free_spin_reel_counter[2] &gt;= 1): null

2019-08-23 18:56:45 - [TEST_STEP][PASSED] - spin_result = sendRequestAndVerify(findTestObject("INT/RGS(M4)/1_M4_spin", ["M4_login_user_id":M4_login_user_id, "rgs_session_token":rgs_session_token, "partner":Partner])): Send request and verify the response successfully

2019-08-23 18:56:45 - [MESSAGE][INFO] - HAR: /Users/eiralee/Katalon_Script/SuperWild/Reports/20190823_184757/INT/superWild_1/20190823_184757/requests/main/228.har

2019-08-23 18:56:45 - [TEST_CASE][PASSED] - Start Test Case : Verification: Verification accomplished successfully

2019-08-23 18:56:45 - [TEST_STEP][PASSED] - request = getInstance().getCurrentRequest(): null

2019-08-23 18:56:45 - [TEST_STEP][PASSED] - response = getInstance().getCurrentResponse(): null

2019-08-23 18:56:45 - [TEST_STEP][PASSED] - verifyResponseStatusCode(response, 200): Verify response status code successfully

2019-08-23 18:56:45 - [MESSAGE][PASSED] - Verify response status code successfully

2019-08-23 18:56:45 - [TEST_STEP][PASSED] - getStatusCode()).isEqualTo(200): null

2019-08-23 18:56:45 - [TEST_STEP][PASSED] - newline = System.getProperty("line.separator"): null

2019-08-23 18:56:45 - [TEST_STEP][PASSED] - M4_spin = new groovy.json.JsonSlurper(): null

2019-08-23 18:56:45 - [TEST_STEP][PASSED] - result_M4_spin = M4_spin.parseText(response.getResponseBodyContent()): null

2019-08-23 18:56:45 - [TEST_STEP][PASSED] - M4_spin_current_balance = current_balance: null

2019-08-23 18:56:45 - [TEST_STEP][PASSED] - M4_spin_current_balance = M4_spin_current_balance: null

2019-08-23 18:56:45 - [TEST_STEP][PASSED] - M4_spin_transaction_id = causality: null

2019-08-23 18:56:45 - [TEST_STEP][PASSED] - M4_spin_transaction_id = M4_spin_transaction_id: null

2019-08-23 18:56:45 - [TEST_STEP][PASSED] - M4_spin_round_id = round_id: null

2019-08-23 18:56:45 - [TEST_STEP][PASSED] - M4_spin_round_id = M4_spin_round_id: null

2019-08-23 18:56:45 - [TEST_STEP][PASSED] - M4_spin_line_wins = line_wins: null

2019-08-23 18:56:45 - [TEST_STEP][PASSED] - M4_spin_line_wins = M4_spin_line_wins: null

2019-08-23 18:56:45 - [TEST_STEP][PASSED] - M4_total_bonus_spins_int = total_bonus_spins: null

2019-08-23 18:56:45 - [TEST_STEP][PASSED] - println("******M4_total_bonus_spins type is:*******" + newline + getClass().getName()): null

2019-08-23 18:56:45 - [TEST_STEP][PASSED] - M4_total_bonus_spins_int = M4_total_bonus_spins_int: null

2019-08-23 18:56:45 - [TEST_STEP][PASSED] - M4_total_bonus_spins = Integer.toString(M4_total_bonus_spins_int): null

2019-08-23 18:56:45 - [TEST_STEP][PASSED] - M4_total_bonus_spins = M4_total_bonus_spins: null

2019-08-23 18:56:45 - [TEST_STEP][PASSED] - println("M4_total_bonus_spins is:" + M4_total_bonus_spins): null

2019-08-23 18:56:45 - [TEST_STEP][PASSED] - M4_spin_bonus_data = bonus_data: null

2019-08-23 18:56:45 - [TEST_STEP][PASSED] - M4_spin_features_triggered = result_M4_spin: null

2019-08-23 18:56:45 - [TEST_STEP][PASSED] - wild = []: null

2019-08-23 18:56:45 - [TEST_STEP][PASSED] - wild[0] = "WILD_Expanding": null

2019-08-23 18:56:45 - [TEST_STEP][PASSED] - wild[1] = "WILD_Normal": null

2019-08-23 18:56:45 - [TEST_STEP][PASSED] - wild[2] = "WILD_Double": null

2019-08-23 18:56:45 - [TEST_STEP][PASSED] - wild[3] = "WILD_ExtraFG": null

2019-08-23 18:56:45 - [TEST_STEP][PASSED] - wild[4] = "WILD_Triple": null

2019-08-23 18:56:45 - [TEST_STEP][PASSED] - wildList = Arrays.asList(wild): null

2019-08-23 18:56:45 - [TEST_STEP][PASSED] - wildList = wildList: null

2019-08-23 18:56:45 - [TEST_STEP][PASSED] - free_spin_reel_counter = []: null

2019-08-23 18:56:45 - [TEST_STEP][PASSED] - free_spin_reel_counter[0] = 0: null

2019-08-23 18:56:47 - [TEST_STEP][PASSED] - free_spin_reel_counter[1] = 0: null

2019-08-23 18:56:47 - [TEST_STEP][PASSED] - free_spin_reel_counter[2] = 0: null

2019-08-23 18:56:47 - [TEST_STEP][PASSED] - M4_spin_reels = reels: null

2019-08-23 18:56:47 - [TEST_STEP][PASSED] - for ([i = 0, i &lt; M4_spin_reels.size(), (i++)]): null

2019-08-23 18:56:47 - [TEST_STEP][PASSED] - symbols = symbols: null

2019-08-23 18:56:47 - [TEST_STEP][PASSED] - for ([j = 0, j &lt; symbols.size(), (j++)]): null

2019-08-23 18:56:47 - [TEST_STEP][PASSED] - symbol = symbol: null

2019-08-23 18:56:47 - [TEST_STEP][PASSED] - println(symbol): null

2019-08-23 18:56:47 - [TEST_STEP][PASSED] - if (i == 2 &amp;&amp; wildList.indexOf(symbol) != -1): null

2019-08-23 18:56:47 - [TEST_STEP][PASSED] - if (i == 3 &amp;&amp; wildList.indexOf(symbol) != -1): null

2019-08-23 18:56:47 - [TEST_STEP][PASSED] - if (i == 4 &amp;&amp; wildList.indexOf(symbol) != -1): null

2019-08-23 18:56:47 - [TEST_STEP][PASSED] - symbol = symbol: null

2019-08-23 18:56:47 - [TEST_STEP][PASSED] - println(symbol): null

2019-08-23 18:56:47 - [TEST_STEP][PASSED] - if (i == 2 &amp;&amp; wildList.indexOf(symbol) != -1): null

2019-08-23 18:56:47 - [TEST_STEP][PASSED] - if (i == 3 &amp;&amp; wildList.indexOf(symbol) != -1): null

2019-08-23 18:56:47 - [TEST_STEP][PASSED] - if (i == 4 &amp;&amp; wildList.indexOf(symbol) != -1): null

2019-08-23 18:56:47 - [TEST_STEP][PASSED] - symbol = symbol: null

2019-08-23 18:56:47 - [TEST_STEP][PASSED] - println(symbol): null

2019-08-23 18:56:47 - [TEST_STEP][PASSED] - if (i == 2 &amp;&amp; wildList.indexOf(symbol) != -1): null

2019-08-23 18:56:47 - [TEST_STEP][PASSED] - if (i == 3 &amp;&amp; wildList.indexOf(symbol) != -1): null

2019-08-23 18:56:47 - [TEST_STEP][PASSED] - if (i == 4 &amp;&amp; wildList.indexOf(symbol) != -1): null

2019-08-23 18:56:47 - [TEST_STEP][PASSED] - symbols = symbols: null

2019-08-23 18:56:47 - [TEST_STEP][PASSED] - for ([j = 0, j &lt; symbols.size(), (j++)]): null

2019-08-23 18:56:47 - [TEST_STEP][PASSED] - symbol = symbol: null

2019-08-23 18:56:47 - [TEST_STEP][PASSED] - println(symbol): null

2019-08-23 18:56:47 - [TEST_STEP][PASSED] - if (i == 2 &amp;&amp; wildList.indexOf(symbol) != -1): null

2019-08-23 18:56:47 - [TEST_STEP][PASSED] - if (i == 3 &amp;&amp; wildList.indexOf(symbol) != -1): null

2019-08-23 18:56:47 - [TEST_STEP][PASSED] - if (i == 4 &amp;&amp; wildList.indexOf(symbol) != -1): null

2019-08-23 18:56:47 - [TEST_STEP][PASSED] - symbol = symbol: null

2019-08-23 18:56:47 - [TEST_STEP][PASSED] - println(symbol): null

2019-08-23 18:56:47 - [TEST_STEP][PASSED] - if (i == 2 &amp;&amp; wildList.indexOf(symbol) != -1): null

2019-08-23 18:56:47 - [TEST_STEP][PASSED] - if (i == 3 &amp;&amp; wildList.indexOf(symbol) != -1): null

2019-08-23 18:56:47 - [TEST_STEP][PASSED] - if (i == 4 &amp;&amp; wildList.indexOf(symbol) != -1): null

2019-08-23 18:56:47 - [TEST_STEP][PASSED] - symbol = symbol: null

2019-08-23 18:56:47 - [TEST_STEP][PASSED] - println(symbol): null

2019-08-23 18:56:47 - [TEST_STEP][PASSED] - if (i == 2 &amp;&amp; wildList.indexOf(symbol) != -1): null

2019-08-23 18:56:47 - [TEST_STEP][PASSED] - if (i == 3 &amp;&amp; wildList.indexOf(symbol) != -1): null

2019-08-23 18:56:47 - [TEST_STEP][PASSED] - if (i == 4 &amp;&amp; wildList.indexOf(symbol) != -1): null

2019-08-23 18:56:47 - [TEST_STEP][PASSED] - symbols = symbols: null

2019-08-23 18:56:47 - [TEST_STEP][PASSED] - for ([j = 0, j &lt; symbols.size(), (j++)]): null

2019-08-23 18:56:47 - [TEST_STEP][PASSED] - symbol = symbol: null

2019-08-23 18:56:47 - [TEST_STEP][PASSED] - println(symbol): null

2019-08-23 18:56:47 - [TEST_STEP][PASSED] - if (i == 2 &amp;&amp; wildList.indexOf(symbol) != -1): null

2019-08-23 18:56:47 - [TEST_STEP][PASSED] - if (i == 3 &amp;&amp; wildList.indexOf(symbol) != -1): null

2019-08-23 18:56:47 - [TEST_STEP][PASSED] - if (i == 4 &amp;&amp; wildList.indexOf(symbol) != -1): null

2019-08-23 18:56:47 - [TEST_STEP][PASSED] - symbol = symbol: null

2019-08-23 18:56:47 - [TEST_STEP][PASSED] - println(symbol): null

2019-08-23 18:56:47 - [TEST_STEP][PASSED] - if (i == 2 &amp;&amp; wildList.indexOf(symbol) != -1): null

2019-08-23 18:56:47 - [TEST_STEP][PASSED] - if (i == 3 &amp;&amp; wildList.indexOf(symbol) != -1): null

2019-08-23 18:56:47 - [TEST_STEP][PASSED] - if (i == 4 &amp;&amp; wildList.indexOf(symbol) != -1): null

2019-08-23 18:56:47 - [TEST_STEP][PASSED] - symbol = symbol: null

2019-08-23 18:56:47 - [TEST_STEP][PASSED] - println(symbol): null

2019-08-23 18:56:47 - [TEST_STEP][PASSED] - if (i == 2 &amp;&amp; wildList.indexOf(symbol) != -1): null

2019-08-23 18:56:47 - [TEST_STEP][PASSED] - if (i == 3 &amp;&amp; wildList.indexOf(symbol) != -1): null

2019-08-23 18:56:47 - [TEST_STEP][PASSED] - if (i == 4 &amp;&amp; wildList.indexOf(symbol) != -1): null

2019-08-23 18:56:47 - [TEST_STEP][PASSED] - symbols = symbols: null

2019-08-23 18:56:47 - [TEST_STEP][PASSED] - for ([j = 0, j &lt; symbols.size(), (j++)]): null

2019-08-23 18:56:47 - [TEST_STEP][PASSED] - symbol = symbol: null

2019-08-23 18:56:47 - [TEST_STEP][PASSED] - println(symbol): null

2019-08-23 18:56:47 - [TEST_STEP][PASSED] - if (i == 2 &amp;&amp; wildList.indexOf(symbol) != -1): null

2019-08-23 18:56:47 - [TEST_STEP][PASSED] - if (i == 3 &amp;&amp; wildList.indexOf(symbol) != -1): null

2019-08-23 18:56:47 - [TEST_STEP][PASSED] - if (i == 4 &amp;&amp; wildList.indexOf(symbol) != -1): null

2019-08-23 18:56:47 - [TEST_STEP][PASSED] - symbol = symbol: null

2019-08-23 18:56:47 - [TEST_STEP][PASSED] - println(symbol): null

2019-08-23 18:56:47 - [TEST_STEP][PASSED] - if (i == 2 &amp;&amp; wildList.indexOf(symbol) != -1): null

2019-08-23 18:56:47 - [TEST_STEP][PASSED] - if (i == 3 &amp;&amp; wildList.indexOf(symbol) != -1): null

2019-08-23 18:56:47 - [TEST_STEP][PASSED] - println("wild found on reel 4, adding counter by 1"): null

2019-08-23 18:56:47 - [TEST_STEP][PASSED] - free_spin_reel_counter[1] = free_spin_reel_counter[1] + 1: null

2019-08-23 18:56:47 - [TEST_STEP][PASSED] - if (i == 4 &amp;&amp; wildList.indexOf(symbol) != -1): null

2019-08-23 18:56:47 - [TEST_STEP][PASSED] - symbol = symbol: null

2019-08-23 18:56:47 - [TEST_STEP][PASSED] - println(symbol): null

2019-08-23 18:56:47 - [TEST_STEP][PASSED] - if (i == 2 &amp;&amp; wildList.indexOf(symbol) != -1): null

2019-08-23 18:56:47 - [TEST_STEP][PASSED] - if (i == 3 &amp;&amp; wildList.indexOf(symbol) != -1): null

2019-08-23 18:56:47 - [TEST_STEP][PASSED] - if (i == 4 &amp;&amp; wildList.indexOf(symbol) != -1): null

2019-08-23 18:56:47 - [TEST_STEP][PASSED] - symbols = symbols: null

2019-08-23 18:56:47 - [TEST_STEP][PASSED] - for ([j = 0, j &lt; symbols.size(), (j++)]): null

2019-08-23 18:56:47 - [TEST_STEP][PASSED] - symbol = symbol: null

2019-08-23 18:56:47 - [TEST_STEP][PASSED] - println(symbol): null

2019-08-23 18:56:47 - [TEST_STEP][PASSED] - if (i == 2 &amp;&amp; wildList.indexOf(symbol) != -1): null

2019-08-23 18:56:47 - [TEST_STEP][PASSED] - if (i == 3 &amp;&amp; wildList.indexOf(symbol) != -1): null

2019-08-23 18:56:47 - [TEST_STEP][PASSED] - if (i == 4 &amp;&amp; wildList.indexOf(symbol) != -1): null

2019-08-23 18:56:47 - [TEST_STEP][PASSED] - symbol = symbol: null

2019-08-23 18:56:47 - [TEST_STEP][PASSED] - println(symbol): null

2019-08-23 18:56:47 - [TEST_STEP][PASSED] - if (i == 2 &amp;&amp; wildList.indexOf(symbol) != -1): null

2019-08-23 18:56:47 - [TEST_STEP][PASSED] - if (i == 3 &amp;&amp; wildList.indexOf(symbol) != -1): null

2019-08-23 18:56:47 - [TEST_STEP][PASSED] - if (i == 4 &amp;&amp; wildList.indexOf(symbol) != -1): null

2019-08-23 18:56:47 - [TEST_STEP][PASSED] - symbol = symbol: null

2019-08-23 18:56:47 - [TEST_STEP][PASSED] - println(symbol): null

2019-08-23 18:56:47 - [TEST_STEP][PASSED] - if (i == 2 &amp;&amp; wildList.indexOf(symbol) != -1): null

2019-08-23 18:56:47 - [TEST_STEP][PASSED] - if (i == 3 &amp;&amp; wildList.indexOf(symbol) != -1): null

2019-08-23 18:56:47 - [TEST_STEP][PASSED] - if (i == 4 &amp;&amp; wildList.indexOf(symbol) != -1): null

2019-08-23 18:56:47 - [TEST_STEP][PASSED] - free_spin_reel_counter = free_spin_reel_counter: null

2019-08-23 18:56:47 - [TEST_STEP][PASSED] - println("reel 3 wild found: " + free_spin_reel_counter[0]): null

2019-08-23 18:56:47 - [TEST_STEP][PASSED] - println("reel 4 wild found: " + free_spin_reel_counter[1]): null

2019-08-23 18:56:47 - [TEST_STEP][PASSED] - println("reel 5 wild found: " + free_spin_reel_counter[2]): null

2019-08-23 18:56:47 - [TEST_STEP][PASSED] - M4_spin_reels = M4_spin_reels: null

2019-08-23 18:56:47 - [TEST_STEP][PASSED] - M4_spin_reels_symbols = symbol: null

2019-08-23 18:56:47 - [TEST_STEP][PASSED] - M4_spin_reels_symbols = M4_spin_reels_symbols: null

2019-08-23 18:56:47 - [TEST_STEP][PASSED] - M4_spin_reel_wins = reel_wins: null

2019-08-23 18:56:47 - [TEST_STEP][PASSED] - M4_spin_reel_wins = M4_spin_reel_wins: null

2019-08-23 18:56:47 - [TEST_STEP][PASSED] - println("GlobalVariable.M4_spin_reel_wins is: " + M4_spin_reel_wins): null

2019-08-23 18:56:47 - [TEST_STEP][PASSED] - M4_spin_total_bonus_win_this_round = total_bonus_win_this_round: null

2019-08-23 18:56:47 - [TEST_STEP][PASSED] - M4_spin_total_bonus_win_this_round = M4_spin_total_bonus_win_this_round: null

2019-08-23 18:56:47 - [TEST_STEP][PASSED] - println("GlobalVariable.M4_spin_total_bonus_win_this_round is: " + M4_spin_total_bonus_win_this_round): null

2019-08-23 18:56:47 - [TEST_STEP][PASSED] - M4_spin_bonus_spin_result = spin_result: null

2019-08-23 18:56:47 - [TEST_STEP][PASSED] - M4_spin_bonus_spin_result = M4_spin_bonus_spin_result: null

2019-08-23 18:56:47 - [MESSAGE][PASSED] - Verify response successfully

2019-08-23 18:56:47 - [MESSAGE][PASSED] - Send request and verify the response successfully

2019-08-23 18:56:47 - [TEST_STEP][PASSED] - if (free_spin_reel_counter[0] &gt;= 1 &amp;&amp; free_spin_reel_counter[1] &gt;= 1 &amp;&amp; free_spin_reel_counter[2] &gt;= 1): null

2019-08-23 18:56:47 - [TEST_STEP][PASSED] - spin_result = sendRequestAndVerify(findTestObject("INT/RGS(M4)/1_M4_spin", ["M4_login_user_id":M4_login_user_id, "rgs_session_token":rgs_session_token, "partner":Partner])): Send request and verify the response successfully

2019-08-23 18:56:48 - [MESSAGE][INFO] - HAR: /Users/eiralee/Katalon_Script/SuperWild/Reports/20190823_184757/INT/superWild_1/20190823_184757/requests/main/229.har

2019-08-23 18:56:48 - [TEST_CASE][PASSED] - Start Test Case : Verification: Verification accomplished successfully

2019-08-23 18:56:48 - [TEST_STEP][PASSED] - request = getInstance().getCurrentRequest(): null

2019-08-23 18:56:48 - [TEST_STEP][PASSED] - response = getInstance().getCurrentResponse(): null

2019-08-23 18:56:48 - [TEST_STEP][PASSED] - verifyResponseStatusCode(response, 200): Verify response status code successfully

2019-08-23 18:56:48 - [MESSAGE][PASSED] - Verify response status code successfully

2019-08-23 18:56:48 - [TEST_STEP][PASSED] - getStatusCode()).isEqualTo(200): null

2019-08-23 18:56:48 - [TEST_STEP][PASSED] - newline = System.getProperty("line.separator"): null

2019-08-23 18:56:48 - [TEST_STEP][PASSED] - M4_spin = new groovy.json.JsonSlurper(): null

2019-08-23 18:56:48 - [TEST_STEP][PASSED] - result_M4_spin = M4_spin.parseText(response.getResponseBodyContent()): null

2019-08-23 18:56:48 - [TEST_STEP][PASSED] - M4_spin_current_balance = current_balance: null

2019-08-23 18:56:48 - [TEST_STEP][PASSED] - M4_spin_current_balance = M4_spin_current_balance: null

2019-08-23 18:56:48 - [TEST_STEP][PASSED] - M4_spin_transaction_id = causality: null

2019-08-23 18:56:48 - [TEST_STEP][PASSED] - M4_spin_transaction_id = M4_spin_transaction_id: null

2019-08-23 18:56:48 - [TEST_STEP][PASSED] - M4_spin_round_id = round_id: null

2019-08-23 18:56:48 - [TEST_STEP][PASSED] - M4_spin_round_id = M4_spin_round_id: null

2019-08-23 18:56:48 - [TEST_STEP][PASSED] - M4_spin_line_wins = line_wins: null

2019-08-23 18:56:48 - [TEST_STEP][PASSED] - M4_spin_line_wins = M4_spin_line_wins: null

2019-08-23 18:56:48 - [TEST_STEP][PASSED] - M4_total_bonus_spins_int = total_bonus_spins: null

2019-08-23 18:56:48 - [TEST_STEP][PASSED] - println("******M4_total_bonus_spins type is:*******" + newline + getClass().getName()): null

2019-08-23 18:56:48 - [TEST_STEP][PASSED] - M4_total_bonus_spins_int = M4_total_bonus_spins_int: null

2019-08-23 18:56:48 - [TEST_STEP][PASSED] - M4_total_bonus_spins = Integer.toString(M4_total_bonus_spins_int): null

2019-08-23 18:56:48 - [TEST_STEP][PASSED] - M4_total_bonus_spins = M4_total_bonus_spins: null

2019-08-23 18:56:48 - [TEST_STEP][PASSED] - println("M4_total_bonus_spins is:" + M4_total_bonus_spins): null

2019-08-23 18:56:48 - [TEST_STEP][PASSED] - M4_spin_bonus_data = bonus_data: null

2019-08-23 18:56:48 - [TEST_STEP][PASSED] - M4_spin_features_triggered = result_M4_spin: null

2019-08-23 18:56:48 - [TEST_STEP][PASSED] - wild = []: null

2019-08-23 18:56:48 - [TEST_STEP][PASSED] - wild[0] = "WILD_Expanding": null

2019-08-23 18:56:48 - [TEST_STEP][PASSED] - wild[1] = "WILD_Normal": null

2019-08-23 18:56:48 - [TEST_STEP][PASSED] - wild[2] = "WILD_Double": null

2019-08-23 18:56:48 - [TEST_STEP][PASSED] - wild[3] = "WILD_ExtraFG": null

2019-08-23 18:56:48 - [TEST_STEP][PASSED] - wild[4] = "WILD_Triple": null

2019-08-23 18:56:48 - [TEST_STEP][PASSED] - wildList = Arrays.asList(wild): null

2019-08-23 18:56:48 - [TEST_STEP][PASSED] - wildList = wildList: null

2019-08-23 18:56:48 - [TEST_STEP][PASSED] - free_spin_reel_counter = []: null

2019-08-23 18:56:48 - [TEST_STEP][PASSED] - free_spin_reel_counter[0] = 0: null

2019-08-23 18:56:48 - [TEST_STEP][PASSED] - free_spin_reel_counter[1] = 0: null

2019-08-23 18:56:48 - [TEST_STEP][PASSED] - free_spin_reel_counter[2] = 0: null

2019-08-23 18:56:48 - [TEST_STEP][PASSED] - M4_spin_reels = reels: null

2019-08-23 18:56:48 - [TEST_STEP][PASSED] - for ([i = 0, i &lt; M4_spin_reels.size(), (i++)]): null

2019-08-23 18:56:48 - [TEST_STEP][PASSED] - symbols = symbols: null

2019-08-23 18:56:48 - [TEST_STEP][PASSED] - for ([j = 0, j &lt; symbols.size(), (j++)]): null

2019-08-23 18:56:48 - [TEST_STEP][PASSED] - symbol = symbol: null

2019-08-23 18:56:48 - [TEST_STEP][PASSED] - println(symbol): null

2019-08-23 18:56:48 - [TEST_STEP][PASSED] - if (i == 2 &amp;&amp; wildList.indexOf(symbol) != -1): null

2019-08-23 18:56:48 - [TEST_STEP][PASSED] - if (i == 3 &amp;&amp; wildList.indexOf(symbol) != -1): null

2019-08-23 18:56:48 - [TEST_STEP][PASSED] - if (i == 4 &amp;&amp; wildList.indexOf(symbol) != -1): null

2019-08-23 18:56:48 - [TEST_STEP][PASSED] - symbol = symbol: null

2019-08-23 18:56:48 - [TEST_STEP][PASSED] - println(symbol): null

2019-08-23 18:56:48 - [TEST_STEP][PASSED] - if (i == 2 &amp;&amp; wildList.indexOf(symbol) != -1): null

2019-08-23 18:56:48 - [TEST_STEP][PASSED] - if (i == 3 &amp;&amp; wildList.indexOf(symbol) != -1): null

2019-08-23 18:56:48 - [TEST_STEP][PASSED] - if (i == 4 &amp;&amp; wildList.indexOf(symbol) != -1): null

2019-08-23 18:56:48 - [TEST_STEP][PASSED] - symbol = symbol: null

2019-08-23 18:56:48 - [TEST_STEP][PASSED] - println(symbol): null

2019-08-23 18:56:48 - [TEST_STEP][PASSED] - if (i == 2 &amp;&amp; wildList.indexOf(symbol) != -1): null

2019-08-23 18:56:48 - [TEST_STEP][PASSED] - if (i == 3 &amp;&amp; wildList.indexOf(symbol) != -1): null

2019-08-23 18:56:48 - [TEST_STEP][PASSED] - if (i == 4 &amp;&amp; wildList.indexOf(symbol) != -1): null

2019-08-23 18:56:48 - [TEST_STEP][PASSED] - symbols = symbols: null

2019-08-23 18:56:48 - [TEST_STEP][PASSED] - for ([j = 0, j &lt; symbols.size(), (j++)]): null

2019-08-23 18:56:48 - [TEST_STEP][PASSED] - symbol = symbol: null

2019-08-23 18:56:48 - [TEST_STEP][PASSED] - println(symbol): null

2019-08-23 18:56:48 - [TEST_STEP][PASSED] - if (i == 2 &amp;&amp; wildList.indexOf(symbol) != -1): null

2019-08-23 18:56:48 - [TEST_STEP][PASSED] - if (i == 3 &amp;&amp; wildList.indexOf(symbol) != -1): null

2019-08-23 18:56:48 - [TEST_STEP][PASSED] - if (i == 4 &amp;&amp; wildList.indexOf(symbol) != -1): null

2019-08-23 18:56:48 - [TEST_STEP][PASSED] - symbol = symbol: null

2019-08-23 18:56:48 - [TEST_STEP][PASSED] - println(symbol): null

2019-08-23 18:56:48 - [TEST_STEP][PASSED] - if (i == 2 &amp;&amp; wildList.indexOf(symbol) != -1): null

2019-08-23 18:56:48 - [TEST_STEP][PASSED] - if (i == 3 &amp;&amp; wildList.indexOf(symbol) != -1): null

2019-08-23 18:56:48 - [TEST_STEP][PASSED] - if (i == 4 &amp;&amp; wildList.indexOf(symbol) != -1): null

2019-08-23 18:56:48 - [TEST_STEP][PASSED] - symbol = symbol: null

2019-08-23 18:56:48 - [TEST_STEP][PASSED] - println(symbol): null

2019-08-23 18:56:48 - [TEST_STEP][PASSED] - if (i == 2 &amp;&amp; wildList.indexOf(symbol) != -1): null

2019-08-23 18:56:48 - [TEST_STEP][PASSED] - if (i == 3 &amp;&amp; wildList.indexOf(symbol) != -1): null

2019-08-23 18:56:48 - [TEST_STEP][PASSED] - if (i == 4 &amp;&amp; wildList.indexOf(symbol) != -1): null

2019-08-23 18:56:48 - [TEST_STEP][PASSED] - symbols = symbols: null

2019-08-23 18:56:48 - [TEST_STEP][PASSED] - for ([j = 0, j &lt; symbols.size(), (j++)]): null

2019-08-23 18:56:48 - [TEST_STEP][PASSED] - symbol = symbol: null

2019-08-23 18:56:48 - [TEST_STEP][PASSED] - println(symbol): null

2019-08-23 18:56:48 - [TEST_STEP][PASSED] - if (i == 2 &amp;&amp; wildList.indexOf(symbol) != -1): null

2019-08-23 18:56:48 - [TEST_STEP][PASSED] - println("wild found on reel 3, adding counter by 1"): null

2019-08-23 18:56:48 - [TEST_STEP][PASSED] - free_spin_reel_counter[0] = free_spin_reel_counter[0] + 1: null

2019-08-23 18:56:48 - [TEST_STEP][PASSED] - if (i == 3 &amp;&amp; wildList.indexOf(symbol) != -1): null

2019-08-23 18:56:48 - [TEST_STEP][PASSED] - if (i == 4 &amp;&amp; wildList.indexOf(symbol) != -1): null

2019-08-23 18:56:48 - [TEST_STEP][PASSED] - symbol = symbol: null

2019-08-23 18:56:48 - [TEST_STEP][PASSED] - println(symbol): null

2019-08-23 18:56:48 - [TEST_STEP][PASSED] - if (i == 2 &amp;&amp; wildList.indexOf(symbol) != -1): null

2019-08-23 18:56:48 - [TEST_STEP][PASSED] - if (i == 3 &amp;&amp; wildList.indexOf(symbol) != -1): null

2019-08-23 18:56:48 - [TEST_STEP][PASSED] - if (i == 4 &amp;&amp; wildList.indexOf(symbol) != -1): null

2019-08-23 18:56:48 - [TEST_STEP][PASSED] - symbol = symbol: null

2019-08-23 18:56:48 - [TEST_STEP][PASSED] - println(symbol): null

2019-08-23 18:56:48 - [TEST_STEP][PASSED] - if (i == 2 &amp;&amp; wildList.indexOf(symbol) != -1): null

2019-08-23 18:56:48 - [TEST_STEP][PASSED] - if (i == 3 &amp;&amp; wildList.indexOf(symbol) != -1): null

2019-08-23 18:56:48 - [TEST_STEP][PASSED] - if (i == 4 &amp;&amp; wildList.indexOf(symbol) != -1): null

2019-08-23 18:56:48 - [TEST_STEP][PASSED] - symbols = symbols: null

2019-08-23 18:56:48 - [TEST_STEP][PASSED] - for ([j = 0, j &lt; symbols.size(), (j++)]): null

2019-08-23 18:56:48 - [TEST_STEP][PASSED] - symbol = symbol: null

2019-08-23 18:56:48 - [TEST_STEP][PASSED] - println(symbol): null

2019-08-23 18:56:48 - [TEST_STEP][PASSED] - if (i == 2 &amp;&amp; wildList.indexOf(symbol) != -1): null

2019-08-23 18:56:48 - [TEST_STEP][PASSED] - if (i == 3 &amp;&amp; wildList.indexOf(symbol) != -1): null

2019-08-23 18:56:48 - [TEST_STEP][PASSED] - if (i == 4 &amp;&amp; wildList.indexOf(symbol) != -1): null

2019-08-23 18:56:48 - [TEST_STEP][PASSED] - symbol = symbol: null

2019-08-23 18:56:48 - [TEST_STEP][PASSED] - println(symbol): null

2019-08-23 18:56:48 - [TEST_STEP][PASSED] - if (i == 2 &amp;&amp; wildList.indexOf(symbol) != -1): null

2019-08-23 18:56:48 - [TEST_STEP][PASSED] - if (i == 3 &amp;&amp; wildList.indexOf(symbol) != -1): null

2019-08-23 18:56:48 - [TEST_STEP][PASSED] - if (i == 4 &amp;&amp; wildList.indexOf(symbol) != -1): null

2019-08-23 18:56:48 - [TEST_STEP][PASSED] - symbol = symbol: null

2019-08-23 18:56:48 - [TEST_STEP][PASSED] - println(symbol): null

2019-08-23 18:56:48 - [TEST_STEP][PASSED] - if (i == 2 &amp;&amp; wildList.indexOf(symbol) != -1): null

2019-08-23 18:56:48 - [TEST_STEP][PASSED] - if (i == 3 &amp;&amp; wildList.indexOf(symbol) != -1): null

2019-08-23 18:56:48 - [TEST_STEP][PASSED] - if (i == 4 &amp;&amp; wildList.indexOf(symbol) != -1): null

2019-08-23 18:56:48 - [TEST_STEP][PASSED] - symbols = symbols: null

2019-08-23 18:56:48 - [TEST_STEP][PASSED] - for ([j = 0, j &lt; symbols.size(), (j++)]): null

2019-08-23 18:56:48 - [TEST_STEP][PASSED] - symbol = symbol: null

2019-08-23 18:56:48 - [TEST_STEP][PASSED] - println(symbol): null

2019-08-23 18:56:48 - [TEST_STEP][PASSED] - if (i == 2 &amp;&amp; wildList.indexOf(symbol) != -1): null

2019-08-23 18:56:48 - [TEST_STEP][PASSED] - if (i == 3 &amp;&amp; wildList.indexOf(symbol) != -1): null

2019-08-23 18:56:48 - [TEST_STEP][PASSED] - if (i == 4 &amp;&amp; wildList.indexOf(symbol) != -1): null

2019-08-23 18:56:48 - [TEST_STEP][PASSED] - symbol = symbol: null

2019-08-23 18:56:48 - [TEST_STEP][PASSED] - println(symbol): null

2019-08-23 18:56:48 - [TEST_STEP][PASSED] - if (i == 2 &amp;&amp; wildList.indexOf(symbol) != -1): null

2019-08-23 18:56:48 - [TEST_STEP][PASSED] - if (i == 3 &amp;&amp; wildList.indexOf(symbol) != -1): null

2019-08-23 18:56:48 - [TEST_STEP][PASSED] - if (i == 4 &amp;&amp; wildList.indexOf(symbol) != -1): null

2019-08-23 18:56:48 - [TEST_STEP][PASSED] - symbol = symbol: null

2019-08-23 18:56:48 - [TEST_STEP][PASSED] - println(symbol): null

2019-08-23 18:56:48 - [TEST_STEP][PASSED] - if (i == 2 &amp;&amp; wildList.indexOf(symbol) != -1): null

2019-08-23 18:56:48 - [TEST_STEP][PASSED] - if (i == 3 &amp;&amp; wildList.indexOf(symbol) != -1): null

2019-08-23 18:56:48 - [TEST_STEP][PASSED] - if (i == 4 &amp;&amp; wildList.indexOf(symbol) != -1): null

2019-08-23 18:56:48 - [TEST_STEP][PASSED] - println("wild found on reel 5, adding counter by 1"): null

2019-08-23 18:56:48 - [TEST_STEP][PASSED] - free_spin_reel_counter[2] = free_spin_reel_counter[2] + 1: null

2019-08-23 18:56:48 - [TEST_STEP][PASSED] - free_spin_reel_counter = free_spin_reel_counter: null

2019-08-23 18:56:48 - [TEST_STEP][PASSED] - println("reel 3 wild found: " + free_spin_reel_counter[0]): null

2019-08-23 18:56:48 - [TEST_STEP][PASSED] - println("reel 4 wild found: " + free_spin_reel_counter[1]): null

2019-08-23 18:56:48 - [TEST_STEP][PASSED] - println("reel 5 wild found: " + free_spin_reel_counter[2]): null

2019-08-23 18:56:48 - [TEST_STEP][PASSED] - M4_spin_reels = M4_spin_reels: null

2019-08-23 18:56:48 - [TEST_STEP][PASSED] - M4_spin_reels_symbols = symbol: null

2019-08-23 18:56:48 - [TEST_STEP][PASSED] - M4_spin_reels_symbols = M4_spin_reels_symbols: null

2019-08-23 18:56:48 - [TEST_STEP][PASSED] - M4_spin_reel_wins = reel_wins: null

2019-08-23 18:56:48 - [TEST_STEP][PASSED] - M4_spin_reel_wins = M4_spin_reel_wins: null

2019-08-23 18:56:48 - [TEST_STEP][PASSED] - println("GlobalVariable.M4_spin_reel_wins is: " + M4_spin_reel_wins): null

2019-08-23 18:56:48 - [TEST_STEP][PASSED] - M4_spin_total_bonus_win_this_round = total_bonus_win_this_round: null

2019-08-23 18:56:48 - [TEST_STEP][PASSED] - M4_spin_total_bonus_win_this_round = M4_spin_total_bonus_win_this_round: null

2019-08-23 18:56:48 - [TEST_STEP][PASSED] - println("GlobalVariable.M4_spin_total_bonus_win_this_round is: " + M4_spin_total_bonus_win_this_round): null

2019-08-23 18:56:48 - [TEST_STEP][PASSED] - M4_spin_bonus_spin_result = spin_result: null

2019-08-23 18:56:48 - [TEST_STEP][PASSED] - M4_spin_bonus_spin_result = M4_spin_bonus_spin_result: null

2019-08-23 18:56:48 - [MESSAGE][PASSED] - Verify response successfully

2019-08-23 18:56:48 - [MESSAGE][PASSED] - Send request and verify the response successfully

2019-08-23 18:56:48 - [TEST_STEP][PASSED] - if (free_spin_reel_counter[0] &gt;= 1 &amp;&amp; free_spin_reel_counter[1] &gt;= 1 &amp;&amp; free_spin_reel_counter[2] &gt;= 1): null

2019-08-23 18:56:48 - [TEST_STEP][PASSED] - spin_result = sendRequestAndVerify(findTestObject("INT/RGS(M4)/1_M4_spin", ["M4_login_user_id":M4_login_user_id, "rgs_session_token":rgs_session_token, "partner":Partner])): Send request and verify the response successfully

2019-08-23 18:56:48 - [MESSAGE][INFO] - HAR: /Users/eiralee/Katalon_Script/SuperWild/Reports/20190823_184757/INT/superWild_1/20190823_184757/requests/main/230.har

2019-08-23 18:56:48 - [TEST_CASE][PASSED] - Start Test Case : Verification: Verification accomplished successfully

2019-08-23 18:56:48 - [TEST_STEP][PASSED] - request = getInstance().getCurrentRequest(): null

2019-08-23 18:56:48 - [TEST_STEP][PASSED] - response = getInstance().getCurrentResponse(): null

2019-08-23 18:56:48 - [TEST_STEP][PASSED] - verifyResponseStatusCode(response, 200): Verify response status code successfully

2019-08-23 18:56:48 - [MESSAGE][PASSED] - Verify response status code successfully

2019-08-23 18:56:48 - [TEST_STEP][PASSED] - getStatusCode()).isEqualTo(200): null

2019-08-23 18:56:48 - [TEST_STEP][PASSED] - newline = System.getProperty("line.separator"): null

2019-08-23 18:56:48 - [TEST_STEP][PASSED] - M4_spin = new groovy.json.JsonSlurper(): null

2019-08-23 18:56:48 - [TEST_STEP][PASSED] - result_M4_spin = M4_spin.parseText(response.getResponseBodyContent()): null

2019-08-23 18:56:48 - [TEST_STEP][PASSED] - M4_spin_current_balance = current_balance: null

2019-08-23 18:56:48 - [TEST_STEP][PASSED] - M4_spin_current_balance = M4_spin_current_balance: null

2019-08-23 18:56:48 - [TEST_STEP][PASSED] - M4_spin_transaction_id = causality: null

2019-08-23 18:56:48 - [TEST_STEP][PASSED] - M4_spin_transaction_id = M4_spin_transaction_id: null

2019-08-23 18:56:48 - [TEST_STEP][PASSED] - M4_spin_round_id = round_id: null

2019-08-23 18:56:48 - [TEST_STEP][PASSED] - M4_spin_round_id = M4_spin_round_id: null

2019-08-23 18:56:48 - [TEST_STEP][PASSED] - M4_spin_line_wins = line_wins: null

2019-08-23 18:56:48 - [TEST_STEP][PASSED] - M4_spin_line_wins = M4_spin_line_wins: null

2019-08-23 18:56:48 - [TEST_STEP][PASSED] - M4_total_bonus_spins_int = total_bonus_spins: null

2019-08-23 18:56:48 - [TEST_STEP][PASSED] - println("******M4_total_bonus_spins type is:*******" + newline + getClass().getName()): null

2019-08-23 18:56:48 - [TEST_STEP][PASSED] - M4_total_bonus_spins_int = M4_total_bonus_spins_int: null

2019-08-23 18:56:48 - [TEST_STEP][PASSED] - M4_total_bonus_spins = Integer.toString(M4_total_bonus_spins_int): null

2019-08-23 18:56:48 - [TEST_STEP][PASSED] - M4_total_bonus_spins = M4_total_bonus_spins: null

2019-08-23 18:56:48 - [TEST_STEP][PASSED] - println("M4_total_bonus_spins is:" + M4_total_bonus_spins): null

2019-08-23 18:56:48 - [TEST_STEP][PASSED] - M4_spin_bonus_data = bonus_data: null

2019-08-23 18:56:48 - [TEST_STEP][PASSED] - M4_spin_features_triggered = result_M4_spin: null

2019-08-23 18:56:48 - [TEST_STEP][PASSED] - wild = []: null

2019-08-23 18:56:48 - [TEST_STEP][PASSED] - wild[0] = "WILD_Expanding": null

2019-08-23 18:56:48 - [TEST_STEP][PASSED] - wild[1] = "WILD_Normal": null

2019-08-23 18:56:48 - [TEST_STEP][PASSED] - wild[2] = "WILD_Double": null

2019-08-23 18:56:48 - [TEST_STEP][PASSED] - wild[3] = "WILD_ExtraFG": null

2019-08-23 18:56:48 - [TEST_STEP][PASSED] - wild[4] = "WILD_Triple": null

2019-08-23 18:56:48 - [TEST_STEP][PASSED] - wildList = Arrays.asList(wild): null

2019-08-23 18:56:48 - [TEST_STEP][PASSED] - wildList = wildList: null

2019-08-23 18:56:48 - [TEST_STEP][PASSED] - free_spin_reel_counter = []: null

2019-08-23 18:56:48 - [TEST_STEP][PASSED] - free_spin_reel_counter[0] = 0: null

2019-08-23 18:56:48 - [TEST_STEP][PASSED] - free_spin_reel_counter[1] = 0: null

2019-08-23 18:56:48 - [TEST_STEP][PASSED] - free_spin_reel_counter[2] = 0: null

2019-08-23 18:56:48 - [TEST_STEP][PASSED] - M4_spin_reels = reels: null

2019-08-23 18:56:48 - [TEST_STEP][PASSED] - for ([i = 0, i &lt; M4_spin_reels.size(), (i++)]): null

2019-08-23 18:56:48 - [TEST_STEP][PASSED] - symbols = symbols: null

2019-08-23 18:56:48 - [TEST_STEP][PASSED] - for ([j = 0, j &lt; symbols.size(), (j++)]): null

2019-08-23 18:56:48 - [TEST_STEP][PASSED] - symbol = symbol: null

2019-08-23 18:56:48 - [TEST_STEP][PASSED] - println(symbol): null

2019-08-23 18:56:48 - [TEST_STEP][PASSED] - if (i == 2 &amp;&amp; wildList.indexOf(symbol) != -1): null

2019-08-23 18:56:48 - [TEST_STEP][PASSED] - if (i == 3 &amp;&amp; wildList.indexOf(symbol) != -1): null

2019-08-23 18:56:48 - [TEST_STEP][PASSED] - if (i == 4 &amp;&amp; wildList.indexOf(symbol) != -1): null

2019-08-23 18:56:48 - [TEST_STEP][PASSED] - symbol = symbol: null

2019-08-23 18:56:48 - [TEST_STEP][PASSED] - println(symbol): null

2019-08-23 18:56:48 - [TEST_STEP][PASSED] - if (i == 2 &amp;&amp; wildList.indexOf(symbol) != -1): null

2019-08-23 18:56:48 - [TEST_STEP][PASSED] - if (i == 3 &amp;&amp; wildList.indexOf(symbol) != -1): null

2019-08-23 18:56:48 - [TEST_STEP][PASSED] - if (i == 4 &amp;&amp; wildList.indexOf(symbol) != -1): null

2019-08-23 18:56:48 - [TEST_STEP][PASSED] - symbol = symbol: null

2019-08-23 18:56:48 - [TEST_STEP][PASSED] - println(symbol): null

2019-08-23 18:56:48 - [TEST_STEP][PASSED] - if (i == 2 &amp;&amp; wildList.indexOf(symbol) != -1): null

2019-08-23 18:56:48 - [TEST_STEP][PASSED] - if (i == 3 &amp;&amp; wildList.indexOf(symbol) != -1): null

2019-08-23 18:56:48 - [TEST_STEP][PASSED] - if (i == 4 &amp;&amp; wildList.indexOf(symbol) != -1): null

2019-08-23 18:56:48 - [TEST_STEP][PASSED] - symbols = symbols: null

2019-08-23 18:56:48 - [TEST_STEP][PASSED] - for ([j = 0, j &lt; symbols.size(), (j++)]): null

2019-08-23 18:56:48 - [TEST_STEP][PASSED] - symbol = symbol: null

2019-08-23 18:56:48 - [TEST_STEP][PASSED] - println(symbol): null

2019-08-23 18:56:48 - [TEST_STEP][PASSED] - if (i == 2 &amp;&amp; wildList.indexOf(symbol) != -1): null

2019-08-23 18:56:48 - [TEST_STEP][PASSED] - if (i == 3 &amp;&amp; wildList.indexOf(symbol) != -1): null

2019-08-23 18:56:48 - [TEST_STEP][PASSED] - if (i == 4 &amp;&amp; wildList.indexOf(symbol) != -1): null

2019-08-23 18:56:48 - [TEST_STEP][PASSED] - symbol = symbol: null

2019-08-23 18:56:48 - [TEST_STEP][PASSED] - println(symbol): null

2019-08-23 18:56:48 - [TEST_STEP][PASSED] - if (i == 2 &amp;&amp; wildList.indexOf(symbol) != -1): null

2019-08-23 18:56:51 - [TEST_STEP][PASSED] - if (i == 3 &amp;&amp; wildList.indexOf(symbol) != -1): null

2019-08-23 18:56:51 - [TEST_STEP][PASSED] - if (i == 4 &amp;&amp; wildList.indexOf(symbol) != -1): null

2019-08-23 18:56:51 - [TEST_STEP][PASSED] - symbol = symbol: null

2019-08-23 18:56:51 - [TEST_STEP][PASSED] - println(symbol): null

2019-08-23 18:56:51 - [TEST_STEP][PASSED] - if (i == 2 &amp;&amp; wildList.indexOf(symbol) != -1): null

2019-08-23 18:56:51 - [TEST_STEP][PASSED] - if (i == 3 &amp;&amp; wildList.indexOf(symbol) != -1): null

2019-08-23 18:56:51 - [TEST_STEP][PASSED] - if (i == 4 &amp;&amp; wildList.indexOf(symbol) != -1): null

2019-08-23 18:56:51 - [TEST_STEP][PASSED] - symbols = symbols: null

2019-08-23 18:56:51 - [TEST_STEP][PASSED] - for ([j = 0, j &lt; symbols.size(), (j++)]): null

2019-08-23 18:56:51 - [TEST_STEP][PASSED] - symbol = symbol: null

2019-08-23 18:56:51 - [TEST_STEP][PASSED] - println(symbol): null

2019-08-23 18:56:51 - [TEST_STEP][PASSED] - if (i == 2 &amp;&amp; wildList.indexOf(symbol) != -1): null

2019-08-23 18:56:51 - [TEST_STEP][PASSED] - if (i == 3 &amp;&amp; wildList.indexOf(symbol) != -1): null

2019-08-23 18:56:51 - [TEST_STEP][PASSED] - if (i == 4 &amp;&amp; wildList.indexOf(symbol) != -1): null

2019-08-23 18:56:51 - [TEST_STEP][PASSED] - symbol = symbol: null

2019-08-23 18:56:51 - [TEST_STEP][PASSED] - println(symbol): null

2019-08-23 18:56:51 - [TEST_STEP][PASSED] - if (i == 2 &amp;&amp; wildList.indexOf(symbol) != -1): null

2019-08-23 18:56:51 - [TEST_STEP][PASSED] - if (i == 3 &amp;&amp; wildList.indexOf(symbol) != -1): null

2019-08-23 18:56:51 - [TEST_STEP][PASSED] - if (i == 4 &amp;&amp; wildList.indexOf(symbol) != -1): null

2019-08-23 18:56:51 - [TEST_STEP][PASSED] - symbol = symbol: null

2019-08-23 18:56:51 - [TEST_STEP][PASSED] - println(symbol): null

2019-08-23 18:56:51 - [TEST_STEP][PASSED] - if (i == 2 &amp;&amp; wildList.indexOf(symbol) != -1): null

2019-08-23 18:56:51 - [TEST_STEP][PASSED] - if (i == 3 &amp;&amp; wildList.indexOf(symbol) != -1): null

2019-08-23 18:56:51 - [TEST_STEP][PASSED] - if (i == 4 &amp;&amp; wildList.indexOf(symbol) != -1): null

2019-08-23 18:56:51 - [TEST_STEP][PASSED] - symbols = symbols: null

2019-08-23 18:56:51 - [TEST_STEP][PASSED] - for ([j = 0, j &lt; symbols.size(), (j++)]): null

2019-08-23 18:56:51 - [TEST_STEP][PASSED] - symbol = symbol: null

2019-08-23 18:56:51 - [TEST_STEP][PASSED] - println(symbol): null

2019-08-23 18:56:51 - [TEST_STEP][PASSED] - if (i == 2 &amp;&amp; wildList.indexOf(symbol) != -1): null

2019-08-23 18:56:51 - [TEST_STEP][PASSED] - if (i == 3 &amp;&amp; wildList.indexOf(symbol) != -1): null

2019-08-23 18:56:51 - [TEST_STEP][PASSED] - if (i == 4 &amp;&amp; wildList.indexOf(symbol) != -1): null

2019-08-23 18:56:51 - [TEST_STEP][PASSED] - symbol = symbol: null

2019-08-23 18:56:51 - [TEST_STEP][PASSED] - println(symbol): null

2019-08-23 18:56:51 - [TEST_STEP][PASSED] - if (i == 2 &amp;&amp; wildList.indexOf(symbol) != -1): null

2019-08-23 18:56:51 - [TEST_STEP][PASSED] - if (i == 3 &amp;&amp; wildList.indexOf(symbol) != -1): null

2019-08-23 18:56:51 - [TEST_STEP][PASSED] - if (i == 4 &amp;&amp; wildList.indexOf(symbol) != -1): null

2019-08-23 18:56:51 - [TEST_STEP][PASSED] - symbol = symbol: null

2019-08-23 18:56:51 - [TEST_STEP][PASSED] - println(symbol): null

2019-08-23 18:56:51 - [TEST_STEP][PASSED] - if (i == 2 &amp;&amp; wildList.indexOf(symbol) != -1): null

2019-08-23 18:56:51 - [TEST_STEP][PASSED] - if (i == 3 &amp;&amp; wildList.indexOf(symbol) != -1): null

2019-08-23 18:56:51 - [TEST_STEP][PASSED] - if (i == 4 &amp;&amp; wildList.indexOf(symbol) != -1): null

2019-08-23 18:56:51 - [TEST_STEP][PASSED] - symbols = symbols: null

2019-08-23 18:56:51 - [TEST_STEP][PASSED] - for ([j = 0, j &lt; symbols.size(), (j++)]): null

2019-08-23 18:56:51 - [TEST_STEP][PASSED] - symbol = symbol: null

2019-08-23 18:56:51 - [TEST_STEP][PASSED] - println(symbol): null

2019-08-23 18:56:51 - [TEST_STEP][PASSED] - if (i == 2 &amp;&amp; wildList.indexOf(symbol) != -1): null

2019-08-23 18:56:51 - [TEST_STEP][PASSED] - if (i == 3 &amp;&amp; wildList.indexOf(symbol) != -1): null

2019-08-23 18:56:51 - [TEST_STEP][PASSED] - if (i == 4 &amp;&amp; wildList.indexOf(symbol) != -1): null

2019-08-23 18:56:51 - [TEST_STEP][PASSED] - symbol = symbol: null

2019-08-23 18:56:51 - [TEST_STEP][PASSED] - println(symbol): null

2019-08-23 18:56:51 - [TEST_STEP][PASSED] - if (i == 2 &amp;&amp; wildList.indexOf(symbol) != -1): null

2019-08-23 18:56:51 - [TEST_STEP][PASSED] - if (i == 3 &amp;&amp; wildList.indexOf(symbol) != -1): null

2019-08-23 18:56:51 - [TEST_STEP][PASSED] - if (i == 4 &amp;&amp; wildList.indexOf(symbol) != -1): null

2019-08-23 18:56:51 - [TEST_STEP][PASSED] - symbol = symbol: null

2019-08-23 18:56:51 - [TEST_STEP][PASSED] - println(symbol): null

2019-08-23 18:56:51 - [TEST_STEP][PASSED] - if (i == 2 &amp;&amp; wildList.indexOf(symbol) != -1): null

2019-08-23 18:56:51 - [TEST_STEP][PASSED] - if (i == 3 &amp;&amp; wildList.indexOf(symbol) != -1): null

2019-08-23 18:56:51 - [TEST_STEP][PASSED] - if (i == 4 &amp;&amp; wildList.indexOf(symbol) != -1): null

2019-08-23 18:56:51 - [TEST_STEP][PASSED] - free_spin_reel_counter = free_spin_reel_counter: null

2019-08-23 18:56:51 - [TEST_STEP][PASSED] - println("reel 3 wild found: " + free_spin_reel_counter[0]): null

2019-08-23 18:56:51 - [TEST_STEP][PASSED] - println("reel 4 wild found: " + free_spin_reel_counter[1]): null

2019-08-23 18:56:51 - [TEST_STEP][PASSED] - println("reel 5 wild found: " + free_spin_reel_counter[2]): null

2019-08-23 18:56:51 - [TEST_STEP][PASSED] - M4_spin_reels = M4_spin_reels: null

2019-08-23 18:56:51 - [TEST_STEP][PASSED] - M4_spin_reels_symbols = symbol: null

2019-08-23 18:56:51 - [TEST_STEP][PASSED] - M4_spin_reels_symbols = M4_spin_reels_symbols: null

2019-08-23 18:56:51 - [TEST_STEP][PASSED] - M4_spin_reel_wins = reel_wins: null

2019-08-23 18:56:51 - [TEST_STEP][PASSED] - M4_spin_reel_wins = M4_spin_reel_wins: null

2019-08-23 18:56:51 - [TEST_STEP][PASSED] - println("GlobalVariable.M4_spin_reel_wins is: " + M4_spin_reel_wins): null

2019-08-23 18:56:51 - [TEST_STEP][PASSED] - M4_spin_total_bonus_win_this_round = total_bonus_win_this_round: null

2019-08-23 18:56:51 - [TEST_STEP][PASSED] - M4_spin_total_bonus_win_this_round = M4_spin_total_bonus_win_this_round: null

2019-08-23 18:56:51 - [TEST_STEP][PASSED] - println("GlobalVariable.M4_spin_total_bonus_win_this_round is: " + M4_spin_total_bonus_win_this_round): null

2019-08-23 18:56:51 - [TEST_STEP][PASSED] - M4_spin_bonus_spin_result = spin_result: null

2019-08-23 18:56:51 - [TEST_STEP][PASSED] - M4_spin_bonus_spin_result = M4_spin_bonus_spin_result: null

2019-08-23 18:56:51 - [MESSAGE][PASSED] - Verify response successfully

2019-08-23 18:56:51 - [MESSAGE][PASSED] - Send request and verify the response successfully

2019-08-23 18:56:51 - [TEST_STEP][PASSED] - if (free_spin_reel_counter[0] &gt;= 1 &amp;&amp; free_spin_reel_counter[1] &gt;= 1 &amp;&amp; free_spin_reel_counter[2] &gt;= 1): null

2019-08-23 18:56:51 - [TEST_STEP][PASSED] - spin_result = sendRequestAndVerify(findTestObject("INT/RGS(M4)/1_M4_spin", ["M4_login_user_id":M4_login_user_id, "rgs_session_token":rgs_session_token, "partner":Partner])): Send request and verify the response successfully

2019-08-23 18:56:51 - [MESSAGE][INFO] - HAR: /Users/eiralee/Katalon_Script/SuperWild/Reports/20190823_184757/INT/superWild_1/20190823_184757/requests/main/231.har

2019-08-23 18:56:51 - [TEST_CASE][PASSED] - Start Test Case : Verification: Verification accomplished successfully

2019-08-23 18:56:51 - [TEST_STEP][PASSED] - request = getInstance().getCurrentRequest(): null

2019-08-23 18:56:51 - [TEST_STEP][PASSED] - response = getInstance().getCurrentResponse(): null

2019-08-23 18:56:51 - [TEST_STEP][PASSED] - verifyResponseStatusCode(response, 200): Verify response status code successfully

2019-08-23 18:56:51 - [MESSAGE][PASSED] - Verify response status code successfully

2019-08-23 18:56:51 - [TEST_STEP][PASSED] - getStatusCode()).isEqualTo(200): null

2019-08-23 18:56:51 - [TEST_STEP][PASSED] - newline = System.getProperty("line.separator"): null

2019-08-23 18:56:51 - [TEST_STEP][PASSED] - M4_spin = new groovy.json.JsonSlurper(): null

2019-08-23 18:56:51 - [TEST_STEP][PASSED] - result_M4_spin = M4_spin.parseText(response.getResponseBodyContent()): null

2019-08-23 18:56:51 - [TEST_STEP][PASSED] - M4_spin_current_balance = current_balance: null

2019-08-23 18:56:51 - [TEST_STEP][PASSED] - M4_spin_current_balance = M4_spin_current_balance: null

2019-08-23 18:56:51 - [TEST_STEP][PASSED] - M4_spin_transaction_id = causality: null

2019-08-23 18:56:51 - [TEST_STEP][PASSED] - M4_spin_transaction_id = M4_spin_transaction_id: null

2019-08-23 18:56:51 - [TEST_STEP][PASSED] - M4_spin_round_id = round_id: null

2019-08-23 18:56:51 - [TEST_STEP][PASSED] - M4_spin_round_id = M4_spin_round_id: null

2019-08-23 18:56:51 - [TEST_STEP][PASSED] - M4_spin_line_wins = line_wins: null

2019-08-23 18:56:51 - [TEST_STEP][PASSED] - M4_spin_line_wins = M4_spin_line_wins: null

2019-08-23 18:56:51 - [TEST_STEP][PASSED] - M4_total_bonus_spins_int = total_bonus_spins: null

2019-08-23 18:56:51 - [TEST_STEP][PASSED] - println("******M4_total_bonus_spins type is:*******" + newline + getClass().getName()): null

2019-08-23 18:56:51 - [TEST_STEP][PASSED] - M4_total_bonus_spins_int = M4_total_bonus_spins_int: null

2019-08-23 18:56:51 - [TEST_STEP][PASSED] - M4_total_bonus_spins = Integer.toString(M4_total_bonus_spins_int): null

2019-08-23 18:56:51 - [TEST_STEP][PASSED] - M4_total_bonus_spins = M4_total_bonus_spins: null

2019-08-23 18:56:51 - [TEST_STEP][PASSED] - println("M4_total_bonus_spins is:" + M4_total_bonus_spins): null

2019-08-23 18:56:51 - [TEST_STEP][PASSED] - M4_spin_bonus_data = bonus_data: null

2019-08-23 18:56:51 - [TEST_STEP][PASSED] - M4_spin_features_triggered = result_M4_spin: null

2019-08-23 18:56:51 - [TEST_STEP][PASSED] - wild = []: null

2019-08-23 18:56:51 - [TEST_STEP][PASSED] - wild[0] = "WILD_Expanding": null

2019-08-23 18:56:51 - [TEST_STEP][PASSED] - wild[1] = "WILD_Normal": null

2019-08-23 18:56:51 - [TEST_STEP][PASSED] - wild[2] = "WILD_Double": null

2019-08-23 18:56:51 - [TEST_STEP][PASSED] - wild[3] = "WILD_ExtraFG": null

2019-08-23 18:56:51 - [TEST_STEP][PASSED] - wild[4] = "WILD_Triple": null

2019-08-23 18:56:51 - [TEST_STEP][PASSED] - wildList = Arrays.asList(wild): null

2019-08-23 18:56:51 - [TEST_STEP][PASSED] - wildList = wildList: null

2019-08-23 18:56:51 - [TEST_STEP][PASSED] - free_spin_reel_counter = []: null

2019-08-23 18:56:51 - [TEST_STEP][PASSED] - free_spin_reel_counter[0] = 0: null

2019-08-23 18:56:51 - [TEST_STEP][PASSED] - free_spin_reel_counter[1] = 0: null

2019-08-23 18:56:51 - [TEST_STEP][PASSED] - free_spin_reel_counter[2] = 0: null

2019-08-23 18:56:51 - [TEST_STEP][PASSED] - M4_spin_reels = reels: null

2019-08-23 18:56:51 - [TEST_STEP][PASSED] - for ([i = 0, i &lt; M4_spin_reels.size(), (i++)]): null

2019-08-23 18:56:51 - [TEST_STEP][PASSED] - symbols = symbols: null

2019-08-23 18:56:51 - [TEST_STEP][PASSED] - for ([j = 0, j &lt; symbols.size(), (j++)]): null

2019-08-23 18:56:51 - [TEST_STEP][PASSED] - symbol = symbol: null

2019-08-23 18:56:51 - [TEST_STEP][PASSED] - println(symbol): null

2019-08-23 18:56:51 - [TEST_STEP][PASSED] - if (i == 2 &amp;&amp; wildList.indexOf(symbol) != -1): null

2019-08-23 18:56:51 - [TEST_STEP][PASSED] - if (i == 3 &amp;&amp; wildList.indexOf(symbol) != -1): null

2019-08-23 18:56:51 - [TEST_STEP][PASSED] - if (i == 4 &amp;&amp; wildList.indexOf(symbol) != -1): null

2019-08-23 18:56:51 - [TEST_STEP][PASSED] - symbol = symbol: null

2019-08-23 18:56:51 - [TEST_STEP][PASSED] - println(symbol): null

2019-08-23 18:56:51 - [TEST_STEP][PASSED] - if (i == 2 &amp;&amp; wildList.indexOf(symbol) != -1): null

2019-08-23 18:56:51 - [TEST_STEP][PASSED] - if (i == 3 &amp;&amp; wildList.indexOf(symbol) != -1): null

2019-08-23 18:56:51 - [TEST_STEP][PASSED] - if (i == 4 &amp;&amp; wildList.indexOf(symbol) != -1): null

2019-08-23 18:56:51 - [TEST_STEP][PASSED] - symbol = symbol: null

2019-08-23 18:56:51 - [TEST_STEP][PASSED] - println(symbol): null

2019-08-23 18:56:51 - [TEST_STEP][PASSED] - if (i == 2 &amp;&amp; wildList.indexOf(symbol) != -1): null

2019-08-23 18:56:51 - [TEST_STEP][PASSED] - if (i == 3 &amp;&amp; wildList.indexOf(symbol) != -1): null

2019-08-23 18:56:51 - [TEST_STEP][PASSED] - if (i == 4 &amp;&amp; wildList.indexOf(symbol) != -1): null

2019-08-23 18:56:51 - [TEST_STEP][PASSED] - symbols = symbols: null

2019-08-23 18:56:51 - [TEST_STEP][PASSED] - for ([j = 0, j &lt; symbols.size(), (j++)]): null

2019-08-23 18:56:51 - [TEST_STEP][PASSED] - symbol = symbol: null

2019-08-23 18:56:51 - [TEST_STEP][PASSED] - println(symbol): null

2019-08-23 18:56:51 - [TEST_STEP][PASSED] - if (i == 2 &amp;&amp; wildList.indexOf(symbol) != -1): null

2019-08-23 18:56:51 - [TEST_STEP][PASSED] - if (i == 3 &amp;&amp; wildList.indexOf(symbol) != -1): null

2019-08-23 18:56:51 - [TEST_STEP][PASSED] - if (i == 4 &amp;&amp; wildList.indexOf(symbol) != -1): null

2019-08-23 18:56:51 - [TEST_STEP][PASSED] - symbol = symbol: null

2019-08-23 18:56:51 - [TEST_STEP][PASSED] - println(symbol): null

2019-08-23 18:56:51 - [TEST_STEP][PASSED] - if (i == 2 &amp;&amp; wildList.indexOf(symbol) != -1): null

2019-08-23 18:56:51 - [TEST_STEP][PASSED] - if (i == 3 &amp;&amp; wildList.indexOf(symbol) != -1): null

2019-08-23 18:56:51 - [TEST_STEP][PASSED] - if (i == 4 &amp;&amp; wildList.indexOf(symbol) != -1): null

2019-08-23 18:56:51 - [TEST_STEP][PASSED] - symbol = symbol: null

2019-08-23 18:56:51 - [TEST_STEP][PASSED] - println(symbol): null

2019-08-23 18:56:51 - [TEST_STEP][PASSED] - if (i == 2 &amp;&amp; wildList.indexOf(symbol) != -1): null

2019-08-23 18:56:51 - [TEST_STEP][PASSED] - if (i == 3 &amp;&amp; wildList.indexOf(symbol) != -1): null

2019-08-23 18:56:51 - [TEST_STEP][PASSED] - if (i == 4 &amp;&amp; wildList.indexOf(symbol) != -1): null

2019-08-23 18:56:51 - [TEST_STEP][PASSED] - symbols = symbols: null

2019-08-23 18:56:51 - [TEST_STEP][PASSED] - for ([j = 0, j &lt; symbols.size(), (j++)]): null

2019-08-23 18:56:51 - [TEST_STEP][PASSED] - symbol = symbol: null

2019-08-23 18:56:51 - [TEST_STEP][PASSED] - println(symbol): null

2019-08-23 18:56:51 - [TEST_STEP][PASSED] - if (i == 2 &amp;&amp; wildList.indexOf(symbol) != -1): null

2019-08-23 18:56:51 - [TEST_STEP][PASSED] - if (i == 3 &amp;&amp; wildList.indexOf(symbol) != -1): null

2019-08-23 18:56:51 - [TEST_STEP][PASSED] - if (i == 4 &amp;&amp; wildList.indexOf(symbol) != -1): null

2019-08-23 18:56:51 - [TEST_STEP][PASSED] - symbol = symbol: null

2019-08-23 18:56:51 - [TEST_STEP][PASSED] - println(symbol): null

2019-08-23 18:56:51 - [TEST_STEP][PASSED] - if (i == 2 &amp;&amp; wildList.indexOf(symbol) != -1): null

2019-08-23 18:56:51 - [TEST_STEP][PASSED] - if (i == 3 &amp;&amp; wildList.indexOf(symbol) != -1): null

2019-08-23 18:56:51 - [TEST_STEP][PASSED] - if (i == 4 &amp;&amp; wildList.indexOf(symbol) != -1): null

2019-08-23 18:56:51 - [TEST_STEP][PASSED] - symbol = symbol: null

2019-08-23 18:56:51 - [TEST_STEP][PASSED] - println(symbol): null

2019-08-23 18:56:51 - [TEST_STEP][PASSED] - if (i == 2 &amp;&amp; wildList.indexOf(symbol) != -1): null

2019-08-23 18:56:51 - [TEST_STEP][PASSED] - if (i == 3 &amp;&amp; wildList.indexOf(symbol) != -1): null

2019-08-23 18:56:51 - [TEST_STEP][PASSED] - if (i == 4 &amp;&amp; wildList.indexOf(symbol) != -1): null

2019-08-23 18:56:51 - [TEST_STEP][PASSED] - symbols = symbols: null

2019-08-23 18:56:51 - [TEST_STEP][PASSED] - for ([j = 0, j &lt; symbols.size(), (j++)]): null

2019-08-23 18:56:51 - [TEST_STEP][PASSED] - symbol = symbol: null

2019-08-23 18:56:51 - [TEST_STEP][PASSED] - println(symbol): null

2019-08-23 18:56:51 - [TEST_STEP][PASSED] - if (i == 2 &amp;&amp; wildList.indexOf(symbol) != -1): null

2019-08-23 18:56:51 - [TEST_STEP][PASSED] - if (i == 3 &amp;&amp; wildList.indexOf(symbol) != -1): null

2019-08-23 18:56:51 - [TEST_STEP][PASSED] - println("wild found on reel 4, adding counter by 1"): null

2019-08-23 18:56:51 - [TEST_STEP][PASSED] - free_spin_reel_counter[1] = free_spin_reel_counter[1] + 1: null

2019-08-23 18:56:51 - [TEST_STEP][PASSED] - if (i == 4 &amp;&amp; wildList.indexOf(symbol) != -1): null

2019-08-23 18:56:51 - [TEST_STEP][PASSED] - symbol = symbol: null

2019-08-23 18:56:51 - [TEST_STEP][PASSED] - println(symbol): null

2019-08-23 18:56:51 - [TEST_STEP][PASSED] - if (i == 2 &amp;&amp; wildList.indexOf(symbol) != -1): null

2019-08-23 18:56:51 - [TEST_STEP][PASSED] - if (i == 3 &amp;&amp; wildList.indexOf(symbol) != -1): null

2019-08-23 18:56:51 - [TEST_STEP][PASSED] - if (i == 4 &amp;&amp; wildList.indexOf(symbol) != -1): null

2019-08-23 18:56:51 - [TEST_STEP][PASSED] - symbol = symbol: null

2019-08-23 18:56:51 - [TEST_STEP][PASSED] - println(symbol): null

2019-08-23 18:56:51 - [TEST_STEP][PASSED] - if (i == 2 &amp;&amp; wildList.indexOf(symbol) != -1): null

2019-08-23 18:56:51 - [TEST_STEP][PASSED] - if (i == 3 &amp;&amp; wildList.indexOf(symbol) != -1): null

2019-08-23 18:56:51 - [TEST_STEP][PASSED] - if (i == 4 &amp;&amp; wildList.indexOf(symbol) != -1): null

2019-08-23 18:56:51 - [TEST_STEP][PASSED] - symbols = symbols: null

2019-08-23 18:56:51 - [TEST_STEP][PASSED] - for ([j = 0, j &lt; symbols.size(), (j++)]): null

2019-08-23 18:56:51 - [TEST_STEP][PASSED] - symbol = symbol: null

2019-08-23 18:56:51 - [TEST_STEP][PASSED] - println(symbol): null

2019-08-23 18:56:51 - [TEST_STEP][PASSED] - if (i == 2 &amp;&amp; wildList.indexOf(symbol) != -1): null

2019-08-23 18:56:51 - [TEST_STEP][PASSED] - if (i == 3 &amp;&amp; wildList.indexOf(symbol) != -1): null

2019-08-23 18:56:51 - [TEST_STEP][PASSED] - if (i == 4 &amp;&amp; wildList.indexOf(symbol) != -1): null

2019-08-23 18:56:51 - [TEST_STEP][PASSED] - symbol = symbol: null

2019-08-23 18:56:51 - [TEST_STEP][PASSED] - println(symbol): null

2019-08-23 18:56:51 - [TEST_STEP][PASSED] - if (i == 2 &amp;&amp; wildList.indexOf(symbol) != -1): null

2019-08-23 18:56:51 - [TEST_STEP][PASSED] - if (i == 3 &amp;&amp; wildList.indexOf(symbol) != -1): null

2019-08-23 18:56:51 - [TEST_STEP][PASSED] - if (i == 4 &amp;&amp; wildList.indexOf(symbol) != -1): null

2019-08-23 18:56:51 - [TEST_STEP][PASSED] - symbol = symbol: null

2019-08-23 18:56:51 - [TEST_STEP][PASSED] - println(symbol): null

2019-08-23 18:56:51 - [TEST_STEP][PASSED] - if (i == 2 &amp;&amp; wildList.indexOf(symbol) != -1): null

2019-08-23 18:56:51 - [TEST_STEP][PASSED] - if (i == 3 &amp;&amp; wildList.indexOf(symbol) != -1): null

2019-08-23 18:56:51 - [TEST_STEP][PASSED] - if (i == 4 &amp;&amp; wildList.indexOf(symbol) != -1): null

2019-08-23 18:56:51 - [TEST_STEP][PASSED] - free_spin_reel_counter = free_spin_reel_counter: null

2019-08-23 18:56:51 - [TEST_STEP][PASSED] - println("reel 3 wild found: " + free_spin_reel_counter[0]): null

2019-08-23 18:56:51 - [TEST_STEP][PASSED] - println("reel 4 wild found: " + free_spin_reel_counter[1]): null

2019-08-23 18:56:51 - [TEST_STEP][PASSED] - println("reel 5 wild found: " + free_spin_reel_counter[2]): null

2019-08-23 18:56:51 - [TEST_STEP][PASSED] - M4_spin_reels = M4_spin_reels: null

2019-08-23 18:56:51 - [TEST_STEP][PASSED] - M4_spin_reels_symbols = symbol: null

2019-08-23 18:56:51 - [TEST_STEP][PASSED] - M4_spin_reels_symbols = M4_spin_reels_symbols: null

2019-08-23 18:56:51 - [TEST_STEP][PASSED] - M4_spin_reel_wins = reel_wins: null

2019-08-23 18:56:51 - [TEST_STEP][PASSED] - M4_spin_reel_wins = M4_spin_reel_wins: null

2019-08-23 18:56:51 - [TEST_STEP][PASSED] - println("GlobalVariable.M4_spin_reel_wins is: " + M4_spin_reel_wins): null

2019-08-23 18:56:51 - [TEST_STEP][PASSED] - M4_spin_total_bonus_win_this_round = total_bonus_win_this_round: null

2019-08-23 18:56:51 - [TEST_STEP][PASSED] - M4_spin_total_bonus_win_this_round = M4_spin_total_bonus_win_this_round: null

2019-08-23 18:56:51 - [TEST_STEP][PASSED] - println("GlobalVariable.M4_spin_total_bonus_win_this_round is: " + M4_spin_total_bonus_win_this_round): null

2019-08-23 18:56:51 - [TEST_STEP][PASSED] - M4_spin_bonus_spin_result = spin_result: null

2019-08-23 18:56:51 - [TEST_STEP][PASSED] - M4_spin_bonus_spin_result = M4_spin_bonus_spin_result: null

2019-08-23 18:56:51 - [MESSAGE][PASSED] - Verify response successfully

2019-08-23 18:56:51 - [MESSAGE][PASSED] - Send request and verify the response successfully

2019-08-23 18:56:51 - [TEST_STEP][PASSED] - if (free_spin_reel_counter[0] &gt;= 1 &amp;&amp; free_spin_reel_counter[1] &gt;= 1 &amp;&amp; free_spin_reel_counter[2] &gt;= 1): null

2019-08-23 18:56:51 - [TEST_STEP][PASSED] - spin_result = sendRequestAndVerify(findTestObject("INT/RGS(M4)/1_M4_spin", ["M4_login_user_id":M4_login_user_id, "rgs_session_token":rgs_session_token, "partner":Partner])): Send request and verify the response successfully

2019-08-23 18:56:52 - [MESSAGE][INFO] - HAR: /Users/eiralee/Katalon_Script/SuperWild/Reports/20190823_184757/INT/superWild_1/20190823_184757/requests/main/232.har

2019-08-23 18:56:52 - [TEST_CASE][PASSED] - Start Test Case : Verification: Verification accomplished successfully

2019-08-23 18:56:52 - [TEST_STEP][PASSED] - request = getInstance().getCurrentRequest(): null

2019-08-23 18:56:52 - [TEST_STEP][PASSED] - response = getInstance().getCurrentResponse(): null

2019-08-23 18:56:52 - [TEST_STEP][PASSED] - verifyResponseStatusCode(response, 200): Verify response status code successfully

2019-08-23 18:56:52 - [MESSAGE][PASSED] - Verify response status code successfully

2019-08-23 18:56:52 - [TEST_STEP][PASSED] - getStatusCode()).isEqualTo(200): null

2019-08-23 18:56:52 - [TEST_STEP][PASSED] - newline = System.getProperty("line.separator"): null

2019-08-23 18:56:52 - [TEST_STEP][PASSED] - M4_spin = new groovy.json.JsonSlurper(): null

2019-08-23 18:56:52 - [TEST_STEP][PASSED] - result_M4_spin = M4_spin.parseText(response.getResponseBodyContent()): null

2019-08-23 18:56:52 - [TEST_STEP][PASSED] - M4_spin_current_balance = current_balance: null

2019-08-23 18:56:52 - [TEST_STEP][PASSED] - M4_spin_current_balance = M4_spin_current_balance: null

2019-08-23 18:56:52 - [TEST_STEP][PASSED] - M4_spin_transaction_id = causality: null

2019-08-23 18:56:52 - [TEST_STEP][PASSED] - M4_spin_transaction_id = M4_spin_transaction_id: null

2019-08-23 18:56:52 - [TEST_STEP][PASSED] - M4_spin_round_id = round_id: null

2019-08-23 18:56:52 - [TEST_STEP][PASSED] - M4_spin_round_id = M4_spin_round_id: null

2019-08-23 18:56:52 - [TEST_STEP][PASSED] - M4_spin_line_wins = line_wins: null

2019-08-23 18:56:52 - [TEST_STEP][PASSED] - M4_spin_line_wins = M4_spin_line_wins: null

2019-08-23 18:56:52 - [TEST_STEP][PASSED] - M4_total_bonus_spins_int = total_bonus_spins: null

2019-08-23 18:56:52 - [TEST_STEP][PASSED] - println("******M4_total_bonus_spins type is:*******" + newline + getClass().getName()): null

2019-08-23 18:56:52 - [TEST_STEP][PASSED] - M4_total_bonus_spins_int = M4_total_bonus_spins_int: null

2019-08-23 18:56:52 - [TEST_STEP][PASSED] - M4_total_bonus_spins = Integer.toString(M4_total_bonus_spins_int): null

2019-08-23 18:56:52 - [TEST_STEP][PASSED] - M4_total_bonus_spins = M4_total_bonus_spins: null

2019-08-23 18:56:52 - [TEST_STEP][PASSED] - println("M4_total_bonus_spins is:" + M4_total_bonus_spins): null

2019-08-23 18:56:52 - [TEST_STEP][PASSED] - M4_spin_bonus_data = bonus_data: null

2019-08-23 18:56:52 - [TEST_STEP][PASSED] - M4_spin_features_triggered = result_M4_spin: null

2019-08-23 18:56:52 - [TEST_STEP][PASSED] - wild = []: null

2019-08-23 18:56:52 - [TEST_STEP][PASSED] - wild[0] = "WILD_Expanding": null

2019-08-23 18:56:52 - [TEST_STEP][PASSED] - wild[1] = "WILD_Normal": null

2019-08-23 18:56:52 - [TEST_STEP][PASSED] - wild[2] = "WILD_Double": null

2019-08-23 18:56:52 - [TEST_STEP][PASSED] - wild[3] = "WILD_ExtraFG": null

2019-08-23 18:56:52 - [TEST_STEP][PASSED] - wild[4] = "WILD_Triple": null

2019-08-23 18:56:52 - [TEST_STEP][PASSED] - wildList = Arrays.asList(wild): null

2019-08-23 18:56:52 - [TEST_STEP][PASSED] - wildList = wildList: null

2019-08-23 18:56:52 - [TEST_STEP][PASSED] - free_spin_reel_counter = []: null

2019-08-23 18:56:52 - [TEST_STEP][PASSED] - free_spin_reel_counter[0] = 0: null

2019-08-23 18:56:52 - [TEST_STEP][PASSED] - free_spin_reel_counter[1] = 0: null

2019-08-23 18:56:52 - [TEST_STEP][PASSED] - free_spin_reel_counter[2] = 0: null

2019-08-23 18:56:52 - [TEST_STEP][PASSED] - M4_spin_reels = reels: null

2019-08-23 18:56:52 - [TEST_STEP][PASSED] - for ([i = 0, i &lt; M4_spin_reels.size(), (i++)]): null

2019-08-23 18:56:52 - [TEST_STEP][PASSED] - symbols = symbols: null

2019-08-23 18:56:52 - [TEST_STEP][PASSED] - for ([j = 0, j &lt; symbols.size(), (j++)]): null

2019-08-23 18:56:52 - [TEST_STEP][PASSED] - symbol = symbol: null

2019-08-23 18:56:52 - [TEST_STEP][PASSED] - println(symbol): null

2019-08-23 18:56:52 - [TEST_STEP][PASSED] - if (i == 2 &amp;&amp; wildList.indexOf(symbol) != -1): null

2019-08-23 18:56:52 - [TEST_STEP][PASSED] - if (i == 3 &amp;&amp; wildList.indexOf(symbol) != -1): null

2019-08-23 18:56:52 - [TEST_STEP][PASSED] - if (i == 4 &amp;&amp; wildList.indexOf(symbol) != -1): null

2019-08-23 18:56:52 - [TEST_STEP][PASSED] - symbol = symbol: null

2019-08-23 18:56:52 - [TEST_STEP][PASSED] - println(symbol): null

2019-08-23 18:56:52 - [TEST_STEP][PASSED] - if (i == 2 &amp;&amp; wildList.indexOf(symbol) != -1): null

2019-08-23 18:56:52 - [TEST_STEP][PASSED] - if (i == 3 &amp;&amp; wildList.indexOf(symbol) != -1): null

2019-08-23 18:56:52 - [TEST_STEP][PASSED] - if (i == 4 &amp;&amp; wildList.indexOf(symbol) != -1): null

2019-08-23 18:56:52 - [TEST_STEP][PASSED] - symbol = symbol: null

2019-08-23 18:56:52 - [TEST_STEP][PASSED] - println(symbol): null

2019-08-23 18:56:52 - [TEST_STEP][PASSED] - if (i == 2 &amp;&amp; wildList.indexOf(symbol) != -1): null

2019-08-23 18:56:52 - [TEST_STEP][PASSED] - if (i == 3 &amp;&amp; wildList.indexOf(symbol) != -1): null

2019-08-23 18:56:52 - [TEST_STEP][PASSED] - if (i == 4 &amp;&amp; wildList.indexOf(symbol) != -1): null

2019-08-23 18:56:52 - [TEST_STEP][PASSED] - symbols = symbols: null

2019-08-23 18:56:52 - [TEST_STEP][PASSED] - for ([j = 0, j &lt; symbols.size(), (j++)]): null

2019-08-23 18:56:52 - [TEST_STEP][PASSED] - symbol = symbol: null

2019-08-23 18:56:52 - [TEST_STEP][PASSED] - println(symbol): null

2019-08-23 18:56:52 - [TEST_STEP][PASSED] - if (i == 2 &amp;&amp; wildList.indexOf(symbol) != -1): null

2019-08-23 18:56:52 - [TEST_STEP][PASSED] - if (i == 3 &amp;&amp; wildList.indexOf(symbol) != -1): null

2019-08-23 18:56:52 - [TEST_STEP][PASSED] - if (i == 4 &amp;&amp; wildList.indexOf(symbol) != -1): null

2019-08-23 18:56:52 - [TEST_STEP][PASSED] - symbol = symbol: null

2019-08-23 18:56:52 - [TEST_STEP][PASSED] - println(symbol): null

2019-08-23 18:56:52 - [TEST_STEP][PASSED] - if (i == 2 &amp;&amp; wildList.indexOf(symbol) != -1): null

2019-08-23 18:56:52 - [TEST_STEP][PASSED] - if (i == 3 &amp;&amp; wildList.indexOf(symbol) != -1): null

2019-08-23 18:56:52 - [TEST_STEP][PASSED] - if (i == 4 &amp;&amp; wildList.indexOf(symbol) != -1): null

2019-08-23 18:56:52 - [TEST_STEP][PASSED] - symbol = symbol: null

2019-08-23 18:56:52 - [TEST_STEP][PASSED] - println(symbol): null

2019-08-23 18:56:52 - [TEST_STEP][PASSED] - if (i == 2 &amp;&amp; wildList.indexOf(symbol) != -1): null

2019-08-23 18:56:52 - [TEST_STEP][PASSED] - if (i == 3 &amp;&amp; wildList.indexOf(symbol) != -1): null

2019-08-23 18:56:52 - [TEST_STEP][PASSED] - if (i == 4 &amp;&amp; wildList.indexOf(symbol) != -1): null

2019-08-23 18:56:52 - [TEST_STEP][PASSED] - symbols = symbols: null

2019-08-23 18:56:52 - [TEST_STEP][PASSED] - for ([j = 0, j &lt; symbols.size(), (j++)]): null

2019-08-23 18:56:52 - [TEST_STEP][PASSED] - symbol = symbol: null

2019-08-23 18:56:52 - [TEST_STEP][PASSED] - println(symbol): null

2019-08-23 18:56:52 - [TEST_STEP][PASSED] - if (i == 2 &amp;&amp; wildList.indexOf(symbol) != -1): null

2019-08-23 18:56:52 - [TEST_STEP][PASSED] - if (i == 3 &amp;&amp; wildList.indexOf(symbol) != -1): null

2019-08-23 18:56:52 - [TEST_STEP][PASSED] - if (i == 4 &amp;&amp; wildList.indexOf(symbol) != -1): null

2019-08-23 18:56:52 - [TEST_STEP][PASSED] - symbol = symbol: null

2019-08-23 18:56:52 - [TEST_STEP][PASSED] - println(symbol): null

2019-08-23 18:56:52 - [TEST_STEP][PASSED] - if (i == 2 &amp;&amp; wildList.indexOf(symbol) != -1): null

2019-08-23 18:56:52 - [TEST_STEP][PASSED] - if (i == 3 &amp;&amp; wildList.indexOf(symbol) != -1): null

2019-08-23 18:56:52 - [TEST_STEP][PASSED] - if (i == 4 &amp;&amp; wildList.indexOf(symbol) != -1): null

2019-08-23 18:56:52 - [TEST_STEP][PASSED] - symbol = symbol: null

2019-08-23 18:56:52 - [TEST_STEP][PASSED] - println(symbol): null

2019-08-23 18:56:52 - [TEST_STEP][PASSED] - if (i == 2 &amp;&amp; wildList.indexOf(symbol) != -1): null

2019-08-23 18:56:52 - [TEST_STEP][PASSED] - println("wild found on reel 3, adding counter by 1"): null

2019-08-23 18:56:52 - [TEST_STEP][PASSED] - free_spin_reel_counter[0] = free_spin_reel_counter[0] + 1: null

2019-08-23 18:56:52 - [TEST_STEP][PASSED] - if (i == 3 &amp;&amp; wildList.indexOf(symbol) != -1): null

2019-08-23 18:56:52 - [TEST_STEP][PASSED] - if (i == 4 &amp;&amp; wildList.indexOf(symbol) != -1): null

2019-08-23 18:56:52 - [TEST_STEP][PASSED] - symbols = symbols: null

2019-08-23 18:56:52 - [TEST_STEP][PASSED] - for ([j = 0, j &lt; symbols.size(), (j++)]): null

2019-08-23 18:56:52 - [TEST_STEP][PASSED] - symbol = symbol: null

2019-08-23 18:56:52 - [TEST_STEP][PASSED] - println(symbol): null

2019-08-23 18:56:52 - [TEST_STEP][PASSED] - if (i == 2 &amp;&amp; wildList.indexOf(symbol) != -1): null

2019-08-23 18:56:52 - [TEST_STEP][PASSED] - if (i == 3 &amp;&amp; wildList.indexOf(symbol) != -1): null

2019-08-23 18:56:52 - [TEST_STEP][PASSED] - if (i == 4 &amp;&amp; wildList.indexOf(symbol) != -1): null

2019-08-23 18:56:52 - [TEST_STEP][PASSED] - symbol = symbol: null

2019-08-23 18:56:54 - [TEST_STEP][PASSED] - println(symbol): null

2019-08-23 18:56:54 - [TEST_STEP][PASSED] - if (i == 2 &amp;&amp; wildList.indexOf(symbol) != -1): null

2019-08-23 18:56:54 - [TEST_STEP][PASSED] - if (i == 3 &amp;&amp; wildList.indexOf(symbol) != -1): null

2019-08-23 18:56:54 - [TEST_STEP][PASSED] - if (i == 4 &amp;&amp; wildList.indexOf(symbol) != -1): null

2019-08-23 18:56:54 - [TEST_STEP][PASSED] - symbol = symbol: null

2019-08-23 18:56:54 - [TEST_STEP][PASSED] - println(symbol): null

2019-08-23 18:56:54 - [TEST_STEP][PASSED] - if (i == 2 &amp;&amp; wildList.indexOf(symbol) != -1): null

2019-08-23 18:56:54 - [TEST_STEP][PASSED] - if (i == 3 &amp;&amp; wildList.indexOf(symbol) != -1): null

2019-08-23 18:56:54 - [TEST_STEP][PASSED] - if (i == 4 &amp;&amp; wildList.indexOf(symbol) != -1): null

2019-08-23 18:56:54 - [TEST_STEP][PASSED] - symbols = symbols: null

2019-08-23 18:56:54 - [TEST_STEP][PASSED] - for ([j = 0, j &lt; symbols.size(), (j++)]): null

2019-08-23 18:56:54 - [TEST_STEP][PASSED] - symbol = symbol: null

2019-08-23 18:56:54 - [TEST_STEP][PASSED] - println(symbol): null

2019-08-23 18:56:54 - [TEST_STEP][PASSED] - if (i == 2 &amp;&amp; wildList.indexOf(symbol) != -1): null

2019-08-23 18:56:54 - [TEST_STEP][PASSED] - if (i == 3 &amp;&amp; wildList.indexOf(symbol) != -1): null

2019-08-23 18:56:54 - [TEST_STEP][PASSED] - if (i == 4 &amp;&amp; wildList.indexOf(symbol) != -1): null

2019-08-23 18:56:54 - [TEST_STEP][PASSED] - symbol = symbol: null

2019-08-23 18:56:54 - [TEST_STEP][PASSED] - println(symbol): null

2019-08-23 18:56:54 - [TEST_STEP][PASSED] - if (i == 2 &amp;&amp; wildList.indexOf(symbol) != -1): null

2019-08-23 18:56:54 - [TEST_STEP][PASSED] - if (i == 3 &amp;&amp; wildList.indexOf(symbol) != -1): null

2019-08-23 18:56:54 - [TEST_STEP][PASSED] - if (i == 4 &amp;&amp; wildList.indexOf(symbol) != -1): null

2019-08-23 18:56:54 - [TEST_STEP][PASSED] - symbol = symbol: null

2019-08-23 18:56:54 - [TEST_STEP][PASSED] - println(symbol): null

2019-08-23 18:56:54 - [TEST_STEP][PASSED] - if (i == 2 &amp;&amp; wildList.indexOf(symbol) != -1): null

2019-08-23 18:56:54 - [TEST_STEP][PASSED] - if (i == 3 &amp;&amp; wildList.indexOf(symbol) != -1): null

2019-08-23 18:56:54 - [TEST_STEP][PASSED] - if (i == 4 &amp;&amp; wildList.indexOf(symbol) != -1): null

2019-08-23 18:56:54 - [TEST_STEP][PASSED] - free_spin_reel_counter = free_spin_reel_counter: null

2019-08-23 18:56:54 - [TEST_STEP][PASSED] - println("reel 3 wild found: " + free_spin_reel_counter[0]): null

2019-08-23 18:56:54 - [TEST_STEP][PASSED] - println("reel 4 wild found: " + free_spin_reel_counter[1]): null

2019-08-23 18:56:54 - [TEST_STEP][PASSED] - println("reel 5 wild found: " + free_spin_reel_counter[2]): null

2019-08-23 18:56:54 - [TEST_STEP][PASSED] - M4_spin_reels = M4_spin_reels: null

2019-08-23 18:56:54 - [TEST_STEP][PASSED] - M4_spin_reels_symbols = symbol: null

2019-08-23 18:56:54 - [TEST_STEP][PASSED] - M4_spin_reels_symbols = M4_spin_reels_symbols: null

2019-08-23 18:56:54 - [TEST_STEP][PASSED] - M4_spin_reel_wins = reel_wins: null

2019-08-23 18:56:54 - [TEST_STEP][PASSED] - M4_spin_reel_wins = M4_spin_reel_wins: null

2019-08-23 18:56:54 - [TEST_STEP][PASSED] - println("GlobalVariable.M4_spin_reel_wins is: " + M4_spin_reel_wins): null

2019-08-23 18:56:54 - [TEST_STEP][PASSED] - M4_spin_total_bonus_win_this_round = total_bonus_win_this_round: null

2019-08-23 18:56:54 - [TEST_STEP][PASSED] - M4_spin_total_bonus_win_this_round = M4_spin_total_bonus_win_this_round: null

2019-08-23 18:56:54 - [TEST_STEP][PASSED] - println("GlobalVariable.M4_spin_total_bonus_win_this_round is: " + M4_spin_total_bonus_win_this_round): null

2019-08-23 18:56:54 - [TEST_STEP][PASSED] - M4_spin_bonus_spin_result = spin_result: null

2019-08-23 18:56:54 - [TEST_STEP][PASSED] - M4_spin_bonus_spin_result = M4_spin_bonus_spin_result: null

2019-08-23 18:56:54 - [MESSAGE][PASSED] - Verify response successfully

2019-08-23 18:56:54 - [MESSAGE][PASSED] - Send request and verify the response successfully

2019-08-23 18:56:54 - [TEST_STEP][PASSED] - if (free_spin_reel_counter[0] &gt;= 1 &amp;&amp; free_spin_reel_counter[1] &gt;= 1 &amp;&amp; free_spin_reel_counter[2] &gt;= 1): null

2019-08-23 18:56:54 - [TEST_STEP][PASSED] - spin_result = sendRequestAndVerify(findTestObject("INT/RGS(M4)/1_M4_spin", ["M4_login_user_id":M4_login_user_id, "rgs_session_token":rgs_session_token, "partner":Partner])): Send request and verify the response successfully

2019-08-23 18:56:54 - [MESSAGE][INFO] - HAR: /Users/eiralee/Katalon_Script/SuperWild/Reports/20190823_184757/INT/superWild_1/20190823_184757/requests/main/233.har

2019-08-23 18:56:54 - [TEST_CASE][PASSED] - Start Test Case : Verification: Verification accomplished successfully

2019-08-23 18:56:54 - [TEST_STEP][PASSED] - request = getInstance().getCurrentRequest(): null

2019-08-23 18:56:55 - [TEST_STEP][PASSED] - response = getInstance().getCurrentResponse(): null

2019-08-23 18:56:55 - [TEST_STEP][PASSED] - verifyResponseStatusCode(response, 200): Verify response status code successfully

2019-08-23 18:56:55 - [MESSAGE][PASSED] - Verify response status code successfully

2019-08-23 18:56:55 - [TEST_STEP][PASSED] - getStatusCode()).isEqualTo(200): null

2019-08-23 18:56:55 - [TEST_STEP][PASSED] - newline = System.getProperty("line.separator"): null

2019-08-23 18:56:55 - [TEST_STEP][PASSED] - M4_spin = new groovy.json.JsonSlurper(): null

2019-08-23 18:56:55 - [TEST_STEP][PASSED] - result_M4_spin = M4_spin.parseText(response.getResponseBodyContent()): null

2019-08-23 18:56:55 - [TEST_STEP][PASSED] - M4_spin_current_balance = current_balance: null

2019-08-23 18:56:55 - [TEST_STEP][PASSED] - M4_spin_current_balance = M4_spin_current_balance: null

2019-08-23 18:56:55 - [TEST_STEP][PASSED] - M4_spin_transaction_id = causality: null

2019-08-23 18:56:55 - [TEST_STEP][PASSED] - M4_spin_transaction_id = M4_spin_transaction_id: null

2019-08-23 18:56:55 - [TEST_STEP][PASSED] - M4_spin_round_id = round_id: null

2019-08-23 18:56:55 - [TEST_STEP][PASSED] - M4_spin_round_id = M4_spin_round_id: null

2019-08-23 18:56:55 - [TEST_STEP][PASSED] - M4_spin_line_wins = line_wins: null

2019-08-23 18:56:55 - [TEST_STEP][PASSED] - M4_spin_line_wins = M4_spin_line_wins: null

2019-08-23 18:56:55 - [TEST_STEP][PASSED] - M4_total_bonus_spins_int = total_bonus_spins: null

2019-08-23 18:56:55 - [TEST_STEP][PASSED] - println("******M4_total_bonus_spins type is:*******" + newline + getClass().getName()): null

2019-08-23 18:56:55 - [TEST_STEP][PASSED] - M4_total_bonus_spins_int = M4_total_bonus_spins_int: null

2019-08-23 18:56:55 - [TEST_STEP][PASSED] - M4_total_bonus_spins = Integer.toString(M4_total_bonus_spins_int): null

2019-08-23 18:56:55 - [TEST_STEP][PASSED] - M4_total_bonus_spins = M4_total_bonus_spins: null

2019-08-23 18:56:55 - [TEST_STEP][PASSED] - println("M4_total_bonus_spins is:" + M4_total_bonus_spins): null

2019-08-23 18:56:55 - [TEST_STEP][PASSED] - M4_spin_bonus_data = bonus_data: null

2019-08-23 18:56:55 - [TEST_STEP][PASSED] - M4_spin_features_triggered = result_M4_spin: null

2019-08-23 18:56:55 - [TEST_STEP][PASSED] - wild = []: null

2019-08-23 18:56:55 - [TEST_STEP][PASSED] - wild[0] = "WILD_Expanding": null

2019-08-23 18:56:55 - [TEST_STEP][PASSED] - wild[1] = "WILD_Normal": null

2019-08-23 18:56:55 - [TEST_STEP][PASSED] - wild[2] = "WILD_Double": null

2019-08-23 18:56:55 - [TEST_STEP][PASSED] - wild[3] = "WILD_ExtraFG": null

2019-08-23 18:56:55 - [TEST_STEP][PASSED] - wild[4] = "WILD_Triple": null

2019-08-23 18:56:55 - [TEST_STEP][PASSED] - wildList = Arrays.asList(wild): null

2019-08-23 18:56:55 - [TEST_STEP][PASSED] - wildList = wildList: null

2019-08-23 18:56:55 - [TEST_STEP][PASSED] - free_spin_reel_counter = []: null

2019-08-23 18:56:55 - [TEST_STEP][PASSED] - free_spin_reel_counter[0] = 0: null

2019-08-23 18:56:55 - [TEST_STEP][PASSED] - free_spin_reel_counter[1] = 0: null

2019-08-23 18:56:55 - [TEST_STEP][PASSED] - free_spin_reel_counter[2] = 0: null

2019-08-23 18:56:55 - [TEST_STEP][PASSED] - M4_spin_reels = reels: null

2019-08-23 18:56:55 - [TEST_STEP][PASSED] - for ([i = 0, i &lt; M4_spin_reels.size(), (i++)]): null

2019-08-23 18:56:55 - [TEST_STEP][PASSED] - symbols = symbols: null

2019-08-23 18:56:55 - [TEST_STEP][PASSED] - for ([j = 0, j &lt; symbols.size(), (j++)]): null

2019-08-23 18:56:55 - [TEST_STEP][PASSED] - symbol = symbol: null

2019-08-23 18:56:55 - [TEST_STEP][PASSED] - println(symbol): null

2019-08-23 18:56:55 - [TEST_STEP][PASSED] - if (i == 2 &amp;&amp; wildList.indexOf(symbol) != -1): null

2019-08-23 18:56:55 - [TEST_STEP][PASSED] - if (i == 3 &amp;&amp; wildList.indexOf(symbol) != -1): null

2019-08-23 18:56:55 - [TEST_STEP][PASSED] - if (i == 4 &amp;&amp; wildList.indexOf(symbol) != -1): null

2019-08-23 18:56:55 - [TEST_STEP][PASSED] - symbol = symbol: null

2019-08-23 18:56:55 - [TEST_STEP][PASSED] - println(symbol): null

2019-08-23 18:56:55 - [TEST_STEP][PASSED] - if (i == 2 &amp;&amp; wildList.indexOf(symbol) != -1): null

2019-08-23 18:56:55 - [TEST_STEP][PASSED] - if (i == 3 &amp;&amp; wildList.indexOf(symbol) != -1): null

2019-08-23 18:56:55 - [TEST_STEP][PASSED] - if (i == 4 &amp;&amp; wildList.indexOf(symbol) != -1): null

2019-08-23 18:56:55 - [TEST_STEP][PASSED] - symbol = symbol: null

2019-08-23 18:56:55 - [TEST_STEP][PASSED] - println(symbol): null

2019-08-23 18:56:55 - [TEST_STEP][PASSED] - if (i == 2 &amp;&amp; wildList.indexOf(symbol) != -1): null

2019-08-23 18:56:55 - [TEST_STEP][PASSED] - if (i == 3 &amp;&amp; wildList.indexOf(symbol) != -1): null

2019-08-23 18:56:55 - [TEST_STEP][PASSED] - if (i == 4 &amp;&amp; wildList.indexOf(symbol) != -1): null

2019-08-23 18:56:55 - [TEST_STEP][PASSED] - symbols = symbols: null

2019-08-23 18:56:55 - [TEST_STEP][PASSED] - for ([j = 0, j &lt; symbols.size(), (j++)]): null

2019-08-23 18:56:55 - [TEST_STEP][PASSED] - symbol = symbol: null

2019-08-23 18:56:55 - [TEST_STEP][PASSED] - println(symbol): null

2019-08-23 18:56:55 - [TEST_STEP][PASSED] - if (i == 2 &amp;&amp; wildList.indexOf(symbol) != -1): null

2019-08-23 18:56:55 - [TEST_STEP][PASSED] - if (i == 3 &amp;&amp; wildList.indexOf(symbol) != -1): null

2019-08-23 18:56:55 - [TEST_STEP][PASSED] - if (i == 4 &amp;&amp; wildList.indexOf(symbol) != -1): null

2019-08-23 18:56:55 - [TEST_STEP][PASSED] - symbol = symbol: null

2019-08-23 18:56:55 - [TEST_STEP][PASSED] - println(symbol): null

2019-08-23 18:56:55 - [TEST_STEP][PASSED] - if (i == 2 &amp;&amp; wildList.indexOf(symbol) != -1): null

2019-08-23 18:56:55 - [TEST_STEP][PASSED] - if (i == 3 &amp;&amp; wildList.indexOf(symbol) != -1): null

2019-08-23 18:56:55 - [TEST_STEP][PASSED] - if (i == 4 &amp;&amp; wildList.indexOf(symbol) != -1): null

2019-08-23 18:56:55 - [TEST_STEP][PASSED] - symbol = symbol: null

2019-08-23 18:56:55 - [TEST_STEP][PASSED] - println(symbol): null

2019-08-23 18:56:55 - [TEST_STEP][PASSED] - if (i == 2 &amp;&amp; wildList.indexOf(symbol) != -1): null

2019-08-23 18:56:55 - [TEST_STEP][PASSED] - if (i == 3 &amp;&amp; wildList.indexOf(symbol) != -1): null

2019-08-23 18:56:55 - [TEST_STEP][PASSED] - if (i == 4 &amp;&amp; wildList.indexOf(symbol) != -1): null

2019-08-23 18:56:55 - [TEST_STEP][PASSED] - symbols = symbols: null

2019-08-23 18:56:55 - [TEST_STEP][PASSED] - for ([j = 0, j &lt; symbols.size(), (j++)]): null

2019-08-23 18:56:55 - [TEST_STEP][PASSED] - symbol = symbol: null

2019-08-23 18:56:55 - [TEST_STEP][PASSED] - println(symbol): null

2019-08-23 18:56:55 - [TEST_STEP][PASSED] - if (i == 2 &amp;&amp; wildList.indexOf(symbol) != -1): null

2019-08-23 18:56:55 - [TEST_STEP][PASSED] - if (i == 3 &amp;&amp; wildList.indexOf(symbol) != -1): null

2019-08-23 18:56:55 - [TEST_STEP][PASSED] - if (i == 4 &amp;&amp; wildList.indexOf(symbol) != -1): null

2019-08-23 18:56:55 - [TEST_STEP][PASSED] - symbol = symbol: null

2019-08-23 18:56:55 - [TEST_STEP][PASSED] - println(symbol): null

2019-08-23 18:56:55 - [TEST_STEP][PASSED] - if (i == 2 &amp;&amp; wildList.indexOf(symbol) != -1): null

2019-08-23 18:56:55 - [TEST_STEP][PASSED] - if (i == 3 &amp;&amp; wildList.indexOf(symbol) != -1): null

2019-08-23 18:56:55 - [TEST_STEP][PASSED] - if (i == 4 &amp;&amp; wildList.indexOf(symbol) != -1): null

2019-08-23 18:56:55 - [TEST_STEP][PASSED] - symbol = symbol: null

2019-08-23 18:56:55 - [TEST_STEP][PASSED] - println(symbol): null

2019-08-23 18:56:55 - [TEST_STEP][PASSED] - if (i == 2 &amp;&amp; wildList.indexOf(symbol) != -1): null

2019-08-23 18:56:55 - [TEST_STEP][PASSED] - if (i == 3 &amp;&amp; wildList.indexOf(symbol) != -1): null

2019-08-23 18:56:55 - [TEST_STEP][PASSED] - if (i == 4 &amp;&amp; wildList.indexOf(symbol) != -1): null

2019-08-23 18:56:55 - [TEST_STEP][PASSED] - symbols = symbols: null

2019-08-23 18:56:55 - [TEST_STEP][PASSED] - for ([j = 0, j &lt; symbols.size(), (j++)]): null

2019-08-23 18:56:55 - [TEST_STEP][PASSED] - symbol = symbol: null

2019-08-23 18:56:55 - [TEST_STEP][PASSED] - println(symbol): null

2019-08-23 18:56:55 - [TEST_STEP][PASSED] - if (i == 2 &amp;&amp; wildList.indexOf(symbol) != -1): null

2019-08-23 18:56:55 - [TEST_STEP][PASSED] - if (i == 3 &amp;&amp; wildList.indexOf(symbol) != -1): null

2019-08-23 18:56:55 - [TEST_STEP][PASSED] - if (i == 4 &amp;&amp; wildList.indexOf(symbol) != -1): null

2019-08-23 18:56:55 - [TEST_STEP][PASSED] - symbol = symbol: null

2019-08-23 18:56:55 - [TEST_STEP][PASSED] - println(symbol): null

2019-08-23 18:56:55 - [TEST_STEP][PASSED] - if (i == 2 &amp;&amp; wildList.indexOf(symbol) != -1): null

2019-08-23 18:56:55 - [TEST_STEP][PASSED] - if (i == 3 &amp;&amp; wildList.indexOf(symbol) != -1): null

2019-08-23 18:56:55 - [TEST_STEP][PASSED] - if (i == 4 &amp;&amp; wildList.indexOf(symbol) != -1): null

2019-08-23 18:56:55 - [TEST_STEP][PASSED] - symbol = symbol: null

2019-08-23 18:56:55 - [TEST_STEP][PASSED] - println(symbol): null

2019-08-23 18:56:55 - [TEST_STEP][PASSED] - if (i == 2 &amp;&amp; wildList.indexOf(symbol) != -1): null

2019-08-23 18:56:55 - [TEST_STEP][PASSED] - if (i == 3 &amp;&amp; wildList.indexOf(symbol) != -1): null

2019-08-23 18:56:55 - [TEST_STEP][PASSED] - if (i == 4 &amp;&amp; wildList.indexOf(symbol) != -1): null

2019-08-23 18:56:55 - [TEST_STEP][PASSED] - symbols = symbols: null

2019-08-23 18:56:55 - [TEST_STEP][PASSED] - for ([j = 0, j &lt; symbols.size(), (j++)]): null

2019-08-23 18:56:55 - [TEST_STEP][PASSED] - symbol = symbol: null

2019-08-23 18:56:55 - [TEST_STEP][PASSED] - println(symbol): null

2019-08-23 18:56:55 - [TEST_STEP][PASSED] - if (i == 2 &amp;&amp; wildList.indexOf(symbol) != -1): null

2019-08-23 18:56:55 - [TEST_STEP][PASSED] - if (i == 3 &amp;&amp; wildList.indexOf(symbol) != -1): null

2019-08-23 18:56:55 - [TEST_STEP][PASSED] - if (i == 4 &amp;&amp; wildList.indexOf(symbol) != -1): null

2019-08-23 18:56:55 - [TEST_STEP][PASSED] - symbol = symbol: null

2019-08-23 18:56:55 - [TEST_STEP][PASSED] - println(symbol): null

2019-08-23 18:56:55 - [TEST_STEP][PASSED] - if (i == 2 &amp;&amp; wildList.indexOf(symbol) != -1): null

2019-08-23 18:56:55 - [TEST_STEP][PASSED] - if (i == 3 &amp;&amp; wildList.indexOf(symbol) != -1): null

2019-08-23 18:56:55 - [TEST_STEP][PASSED] - if (i == 4 &amp;&amp; wildList.indexOf(symbol) != -1): null

2019-08-23 18:56:55 - [TEST_STEP][PASSED] - println("wild found on reel 5, adding counter by 1"): null

2019-08-23 18:56:55 - [TEST_STEP][PASSED] - free_spin_reel_counter[2] = free_spin_reel_counter[2] + 1: null

2019-08-23 18:56:55 - [TEST_STEP][PASSED] - symbol = symbol: null

2019-08-23 18:56:55 - [TEST_STEP][PASSED] - println(symbol): null

2019-08-23 18:56:55 - [TEST_STEP][PASSED] - if (i == 2 &amp;&amp; wildList.indexOf(symbol) != -1): null

2019-08-23 18:56:55 - [TEST_STEP][PASSED] - if (i == 3 &amp;&amp; wildList.indexOf(symbol) != -1): null

2019-08-23 18:56:55 - [TEST_STEP][PASSED] - if (i == 4 &amp;&amp; wildList.indexOf(symbol) != -1): null

2019-08-23 18:56:55 - [TEST_STEP][PASSED] - free_spin_reel_counter = free_spin_reel_counter: null

2019-08-23 18:56:55 - [TEST_STEP][PASSED] - println("reel 3 wild found: " + free_spin_reel_counter[0]): null

2019-08-23 18:56:55 - [TEST_STEP][PASSED] - println("reel 4 wild found: " + free_spin_reel_counter[1]): null

2019-08-23 18:56:55 - [TEST_STEP][PASSED] - println("reel 5 wild found: " + free_spin_reel_counter[2]): null

2019-08-23 18:56:55 - [TEST_STEP][PASSED] - M4_spin_reels = M4_spin_reels: null

2019-08-23 18:56:55 - [TEST_STEP][PASSED] - M4_spin_reels_symbols = symbol: null

2019-08-23 18:56:55 - [TEST_STEP][PASSED] - M4_spin_reels_symbols = M4_spin_reels_symbols: null

2019-08-23 18:56:55 - [TEST_STEP][PASSED] - M4_spin_reel_wins = reel_wins: null

2019-08-23 18:56:55 - [TEST_STEP][PASSED] - M4_spin_reel_wins = M4_spin_reel_wins: null

2019-08-23 18:56:55 - [TEST_STEP][PASSED] - println("GlobalVariable.M4_spin_reel_wins is: " + M4_spin_reel_wins): null

2019-08-23 18:56:55 - [TEST_STEP][PASSED] - M4_spin_total_bonus_win_this_round = total_bonus_win_this_round: null

2019-08-23 18:56:55 - [TEST_STEP][PASSED] - M4_spin_total_bonus_win_this_round = M4_spin_total_bonus_win_this_round: null

2019-08-23 18:56:55 - [TEST_STEP][PASSED] - println("GlobalVariable.M4_spin_total_bonus_win_this_round is: " + M4_spin_total_bonus_win_this_round): null

2019-08-23 18:56:55 - [TEST_STEP][PASSED] - M4_spin_bonus_spin_result = spin_result: null

2019-08-23 18:56:55 - [TEST_STEP][PASSED] - M4_spin_bonus_spin_result = M4_spin_bonus_spin_result: null

2019-08-23 18:56:55 - [MESSAGE][PASSED] - Verify response successfully

2019-08-23 18:56:55 - [MESSAGE][PASSED] - Send request and verify the response successfully

2019-08-23 18:56:55 - [TEST_STEP][PASSED] - if (free_spin_reel_counter[0] &gt;= 1 &amp;&amp; free_spin_reel_counter[1] &gt;= 1 &amp;&amp; free_spin_reel_counter[2] &gt;= 1): null

2019-08-23 18:56:55 - [TEST_STEP][PASSED] - spin_result = sendRequestAndVerify(findTestObject("INT/RGS(M4)/1_M4_spin", ["M4_login_user_id":M4_login_user_id, "rgs_session_token":rgs_session_token, "partner":Partner])): Send request and verify the response successfully

2019-08-23 18:56:55 - [MESSAGE][INFO] - HAR: /Users/eiralee/Katalon_Script/SuperWild/Reports/20190823_184757/INT/superWild_1/20190823_184757/requests/main/234.har

2019-08-23 18:56:55 - [TEST_CASE][PASSED] - Start Test Case : Verification: Verification accomplished successfully

2019-08-23 18:56:55 - [TEST_STEP][PASSED] - request = getInstance().getCurrentRequest(): null

2019-08-23 18:56:55 - [TEST_STEP][PASSED] - response = getInstance().getCurrentResponse(): null

2019-08-23 18:56:55 - [TEST_STEP][PASSED] - verifyResponseStatusCode(response, 200): Verify response status code successfully

2019-08-23 18:56:55 - [MESSAGE][PASSED] - Verify response status code successfully

2019-08-23 18:56:55 - [TEST_STEP][PASSED] - getStatusCode()).isEqualTo(200): null

2019-08-23 18:56:55 - [TEST_STEP][PASSED] - newline = System.getProperty("line.separator"): null

2019-08-23 18:56:55 - [TEST_STEP][PASSED] - M4_spin = new groovy.json.JsonSlurper(): null

2019-08-23 18:56:55 - [TEST_STEP][PASSED] - result_M4_spin = M4_spin.parseText(response.getResponseBodyContent()): null

2019-08-23 18:56:55 - [TEST_STEP][PASSED] - M4_spin_current_balance = current_balance: null

2019-08-23 18:56:55 - [TEST_STEP][PASSED] - M4_spin_current_balance = M4_spin_current_balance: null

2019-08-23 18:56:55 - [TEST_STEP][PASSED] - M4_spin_transaction_id = causality: null

2019-08-23 18:56:55 - [TEST_STEP][PASSED] - M4_spin_transaction_id = M4_spin_transaction_id: null

2019-08-23 18:56:55 - [TEST_STEP][PASSED] - M4_spin_round_id = round_id: null

2019-08-23 18:56:55 - [TEST_STEP][PASSED] - M4_spin_round_id = M4_spin_round_id: null

2019-08-23 18:56:55 - [TEST_STEP][PASSED] - M4_spin_line_wins = line_wins: null

2019-08-23 18:56:55 - [TEST_STEP][PASSED] - M4_spin_line_wins = M4_spin_line_wins: null

2019-08-23 18:56:55 - [TEST_STEP][PASSED] - M4_total_bonus_spins_int = total_bonus_spins: null

2019-08-23 18:56:55 - [TEST_STEP][PASSED] - println("******M4_total_bonus_spins type is:*******" + newline + getClass().getName()): null

2019-08-23 18:56:55 - [TEST_STEP][PASSED] - M4_total_bonus_spins_int = M4_total_bonus_spins_int: null

2019-08-23 18:56:55 - [TEST_STEP][PASSED] - M4_total_bonus_spins = Integer.toString(M4_total_bonus_spins_int): null

2019-08-23 18:56:55 - [TEST_STEP][PASSED] - M4_total_bonus_spins = M4_total_bonus_spins: null

2019-08-23 18:56:55 - [TEST_STEP][PASSED] - println("M4_total_bonus_spins is:" + M4_total_bonus_spins): null

2019-08-23 18:56:55 - [TEST_STEP][PASSED] - M4_spin_bonus_data = bonus_data: null

2019-08-23 18:56:55 - [TEST_STEP][PASSED] - M4_spin_features_triggered = result_M4_spin: null

2019-08-23 18:56:55 - [TEST_STEP][PASSED] - wild = []: null

2019-08-23 18:56:55 - [TEST_STEP][PASSED] - wild[0] = "WILD_Expanding": null

2019-08-23 18:56:55 - [TEST_STEP][PASSED] - wild[1] = "WILD_Normal": null

2019-08-23 18:56:55 - [TEST_STEP][PASSED] - wild[2] = "WILD_Double": null

2019-08-23 18:56:55 - [TEST_STEP][PASSED] - wild[3] = "WILD_ExtraFG": null

2019-08-23 18:56:55 - [TEST_STEP][PASSED] - wild[4] = "WILD_Triple": null

2019-08-23 18:56:55 - [TEST_STEP][PASSED] - wildList = Arrays.asList(wild): null

2019-08-23 18:56:55 - [TEST_STEP][PASSED] - wildList = wildList: null

2019-08-23 18:56:55 - [TEST_STEP][PASSED] - free_spin_reel_counter = []: null

2019-08-23 18:56:55 - [TEST_STEP][PASSED] - free_spin_reel_counter[0] = 0: null

2019-08-23 18:56:55 - [TEST_STEP][PASSED] - free_spin_reel_counter[1] = 0: null

2019-08-23 18:56:55 - [TEST_STEP][PASSED] - free_spin_reel_counter[2] = 0: null

2019-08-23 18:56:55 - [TEST_STEP][PASSED] - M4_spin_reels = reels: null

2019-08-23 18:56:55 - [TEST_STEP][PASSED] - for ([i = 0, i &lt; M4_spin_reels.size(), (i++)]): null

2019-08-23 18:56:55 - [TEST_STEP][PASSED] - symbols = symbols: null

2019-08-23 18:56:55 - [TEST_STEP][PASSED] - for ([j = 0, j &lt; symbols.size(), (j++)]): null

2019-08-23 18:56:55 - [TEST_STEP][PASSED] - symbol = symbol: null

2019-08-23 18:56:55 - [TEST_STEP][PASSED] - println(symbol): null

2019-08-23 18:56:55 - [TEST_STEP][PASSED] - if (i == 2 &amp;&amp; wildList.indexOf(symbol) != -1): null

2019-08-23 18:56:55 - [TEST_STEP][PASSED] - if (i == 3 &amp;&amp; wildList.indexOf(symbol) != -1): null

2019-08-23 18:56:55 - [TEST_STEP][PASSED] - if (i == 4 &amp;&amp; wildList.indexOf(symbol) != -1): null

2019-08-23 18:56:55 - [TEST_STEP][PASSED] - symbol = symbol: null

2019-08-23 18:56:55 - [TEST_STEP][PASSED] - println(symbol): null

2019-08-23 18:56:55 - [TEST_STEP][PASSED] - if (i == 2 &amp;&amp; wildList.indexOf(symbol) != -1): null

2019-08-23 18:56:55 - [TEST_STEP][PASSED] - if (i == 3 &amp;&amp; wildList.indexOf(symbol) != -1): null

2019-08-23 18:56:55 - [TEST_STEP][PASSED] - if (i == 4 &amp;&amp; wildList.indexOf(symbol) != -1): null

2019-08-23 18:56:55 - [TEST_STEP][PASSED] - symbol = symbol: null

2019-08-23 18:56:55 - [TEST_STEP][PASSED] - println(symbol): null

2019-08-23 18:56:55 - [TEST_STEP][PASSED] - if (i == 2 &amp;&amp; wildList.indexOf(symbol) != -1): null

2019-08-23 18:56:55 - [TEST_STEP][PASSED] - if (i == 3 &amp;&amp; wildList.indexOf(symbol) != -1): null

2019-08-23 18:56:55 - [TEST_STEP][PASSED] - if (i == 4 &amp;&amp; wildList.indexOf(symbol) != -1): null

2019-08-23 18:56:55 - [TEST_STEP][PASSED] - symbols = symbols: null

2019-08-23 18:56:55 - [TEST_STEP][PASSED] - for ([j = 0, j &lt; symbols.size(), (j++)]): null

2019-08-23 18:56:55 - [TEST_STEP][PASSED] - symbol = symbol: null

2019-08-23 18:56:55 - [TEST_STEP][PASSED] - println(symbol): null

2019-08-23 18:56:55 - [TEST_STEP][PASSED] - if (i == 2 &amp;&amp; wildList.indexOf(symbol) != -1): null

2019-08-23 18:56:55 - [TEST_STEP][PASSED] - if (i == 3 &amp;&amp; wildList.indexOf(symbol) != -1): null

2019-08-23 18:56:55 - [TEST_STEP][PASSED] - if (i == 4 &amp;&amp; wildList.indexOf(symbol) != -1): null

2019-08-23 18:56:55 - [TEST_STEP][PASSED] - symbol = symbol: null

2019-08-23 18:56:55 - [TEST_STEP][PASSED] - println(symbol): null

2019-08-23 18:56:55 - [TEST_STEP][PASSED] - if (i == 2 &amp;&amp; wildList.indexOf(symbol) != -1): null

2019-08-23 18:56:55 - [TEST_STEP][PASSED] - if (i == 3 &amp;&amp; wildList.indexOf(symbol) != -1): null

2019-08-23 18:56:55 - [TEST_STEP][PASSED] - if (i == 4 &amp;&amp; wildList.indexOf(symbol) != -1): null

2019-08-23 18:56:55 - [TEST_STEP][PASSED] - symbol = symbol: null

2019-08-23 18:56:55 - [TEST_STEP][PASSED] - println(symbol): null

2019-08-23 18:56:55 - [TEST_STEP][PASSED] - if (i == 2 &amp;&amp; wildList.indexOf(symbol) != -1): null

2019-08-23 18:56:55 - [TEST_STEP][PASSED] - if (i == 3 &amp;&amp; wildList.indexOf(symbol) != -1): null

2019-08-23 18:56:55 - [TEST_STEP][PASSED] - if (i == 4 &amp;&amp; wildList.indexOf(symbol) != -1): null

2019-08-23 18:56:55 - [TEST_STEP][PASSED] - symbols = symbols: null

2019-08-23 18:56:55 - [TEST_STEP][PASSED] - for ([j = 0, j &lt; symbols.size(), (j++)]): null

2019-08-23 18:56:55 - [TEST_STEP][PASSED] - symbol = symbol: null

2019-08-23 18:56:55 - [TEST_STEP][PASSED] - println(symbol): null

2019-08-23 18:56:55 - [TEST_STEP][PASSED] - if (i == 2 &amp;&amp; wildList.indexOf(symbol) != -1): null

2019-08-23 18:56:55 - [TEST_STEP][PASSED] - if (i == 3 &amp;&amp; wildList.indexOf(symbol) != -1): null

2019-08-23 18:56:55 - [TEST_STEP][PASSED] - if (i == 4 &amp;&amp; wildList.indexOf(symbol) != -1): null

2019-08-23 18:56:55 - [TEST_STEP][PASSED] - symbol = symbol: null

2019-08-23 18:56:55 - [TEST_STEP][PASSED] - println(symbol): null

2019-08-23 18:56:55 - [TEST_STEP][PASSED] - if (i == 2 &amp;&amp; wildList.indexOf(symbol) != -1): null

2019-08-23 18:56:55 - [TEST_STEP][PASSED] - if (i == 3 &amp;&amp; wildList.indexOf(symbol) != -1): null

2019-08-23 18:56:55 - [TEST_STEP][PASSED] - if (i == 4 &amp;&amp; wildList.indexOf(symbol) != -1): null

2019-08-23 18:56:55 - [TEST_STEP][PASSED] - symbol = symbol: null

2019-08-23 18:56:55 - [TEST_STEP][PASSED] - println(symbol): null

2019-08-23 18:56:55 - [TEST_STEP][PASSED] - if (i == 2 &amp;&amp; wildList.indexOf(symbol) != -1): null

2019-08-23 18:56:55 - [TEST_STEP][PASSED] - if (i == 3 &amp;&amp; wildList.indexOf(symbol) != -1): null

2019-08-23 18:56:55 - [TEST_STEP][PASSED] - if (i == 4 &amp;&amp; wildList.indexOf(symbol) != -1): null

2019-08-23 18:56:55 - [TEST_STEP][PASSED] - symbols = symbols: null

2019-08-23 18:56:55 - [TEST_STEP][PASSED] - for ([j = 0, j &lt; symbols.size(), (j++)]): null

2019-08-23 18:56:55 - [TEST_STEP][PASSED] - symbol = symbol: null

2019-08-23 18:56:55 - [TEST_STEP][PASSED] - println(symbol): null

2019-08-23 18:56:55 - [TEST_STEP][PASSED] - if (i == 2 &amp;&amp; wildList.indexOf(symbol) != -1): null

2019-08-23 18:56:55 - [TEST_STEP][PASSED] - if (i == 3 &amp;&amp; wildList.indexOf(symbol) != -1): null

2019-08-23 18:56:55 - [TEST_STEP][PASSED] - if (i == 4 &amp;&amp; wildList.indexOf(symbol) != -1): null

2019-08-23 18:56:55 - [TEST_STEP][PASSED] - symbol = symbol: null

2019-08-23 18:56:55 - [TEST_STEP][PASSED] - println(symbol): null

2019-08-23 18:56:55 - [TEST_STEP][PASSED] - if (i == 2 &amp;&amp; wildList.indexOf(symbol) != -1): null

2019-08-23 18:56:55 - [TEST_STEP][PASSED] - if (i == 3 &amp;&amp; wildList.indexOf(symbol) != -1): null

2019-08-23 18:56:55 - [TEST_STEP][PASSED] - if (i == 4 &amp;&amp; wildList.indexOf(symbol) != -1): null

2019-08-23 18:56:55 - [TEST_STEP][PASSED] - symbol = symbol: null

2019-08-23 18:56:55 - [TEST_STEP][PASSED] - println(symbol): null

2019-08-23 18:56:55 - [TEST_STEP][PASSED] - if (i == 2 &amp;&amp; wildList.indexOf(symbol) != -1): null

2019-08-23 18:56:55 - [TEST_STEP][PASSED] - if (i == 3 &amp;&amp; wildList.indexOf(symbol) != -1): null

2019-08-23 18:56:55 - [TEST_STEP][PASSED] - if (i == 4 &amp;&amp; wildList.indexOf(symbol) != -1): null

2019-08-23 18:56:55 - [TEST_STEP][PASSED] - symbols = symbols: null

2019-08-23 18:56:55 - [TEST_STEP][PASSED] - for ([j = 0, j &lt; symbols.size(), (j++)]): null

2019-08-23 18:56:55 - [TEST_STEP][PASSED] - symbol = symbol: null

2019-08-23 18:56:55 - [TEST_STEP][PASSED] - println(symbol): null

2019-08-23 18:56:55 - [TEST_STEP][PASSED] - if (i == 2 &amp;&amp; wildList.indexOf(symbol) != -1): null

2019-08-23 18:56:55 - [TEST_STEP][PASSED] - if (i == 3 &amp;&amp; wildList.indexOf(symbol) != -1): null

2019-08-23 18:56:55 - [TEST_STEP][PASSED] - if (i == 4 &amp;&amp; wildList.indexOf(symbol) != -1): null

2019-08-23 18:56:55 - [TEST_STEP][PASSED] - symbol = symbol: null

2019-08-23 18:56:55 - [TEST_STEP][PASSED] - println(symbol): null

2019-08-23 18:56:55 - [TEST_STEP][PASSED] - if (i == 2 &amp;&amp; wildList.indexOf(symbol) != -1): null

2019-08-23 18:56:55 - [TEST_STEP][PASSED] - if (i == 3 &amp;&amp; wildList.indexOf(symbol) != -1): null

2019-08-23 18:56:55 - [TEST_STEP][PASSED] - if (i == 4 &amp;&amp; wildList.indexOf(symbol) != -1): null

2019-08-23 18:56:55 - [TEST_STEP][PASSED] - symbol = symbol: null

2019-08-23 18:56:55 - [TEST_STEP][PASSED] - println(symbol): null

2019-08-23 18:56:55 - [TEST_STEP][PASSED] - if (i == 2 &amp;&amp; wildList.indexOf(symbol) != -1): null

2019-08-23 18:56:55 - [TEST_STEP][PASSED] - if (i == 3 &amp;&amp; wildList.indexOf(symbol) != -1): null

2019-08-23 18:56:55 - [TEST_STEP][PASSED] - if (i == 4 &amp;&amp; wildList.indexOf(symbol) != -1): null

2019-08-23 18:56:55 - [TEST_STEP][PASSED] - free_spin_reel_counter = free_spin_reel_counter: null

2019-08-23 18:56:55 - [TEST_STEP][PASSED] - println("reel 3 wild found: " + free_spin_reel_counter[0]): null

2019-08-23 18:56:55 - [TEST_STEP][PASSED] - println("reel 4 wild found: " + free_spin_reel_counter[1]): null

2019-08-23 18:56:55 - [TEST_STEP][PASSED] - println("reel 5 wild found: " + free_spin_reel_counter[2]): null

2019-08-23 18:56:55 - [TEST_STEP][PASSED] - M4_spin_reels = M4_spin_reels: null

2019-08-23 18:56:55 - [TEST_STEP][PASSED] - M4_spin_reels_symbols = symbol: null

2019-08-23 18:56:55 - [TEST_STEP][PASSED] - M4_spin_reels_symbols = M4_spin_reels_symbols: null

2019-08-23 18:56:57 - [TEST_STEP][PASSED] - M4_spin_reel_wins = reel_wins: null

2019-08-23 18:56:57 - [TEST_STEP][PASSED] - M4_spin_reel_wins = M4_spin_reel_wins: null

2019-08-23 18:56:57 - [TEST_STEP][PASSED] - println("GlobalVariable.M4_spin_reel_wins is: " + M4_spin_reel_wins): null

2019-08-23 18:56:57 - [TEST_STEP][PASSED] - M4_spin_total_bonus_win_this_round = total_bonus_win_this_round: null

2019-08-23 18:56:57 - [TEST_STEP][PASSED] - M4_spin_total_bonus_win_this_round = M4_spin_total_bonus_win_this_round: null

2019-08-23 18:56:57 - [TEST_STEP][PASSED] - println("GlobalVariable.M4_spin_total_bonus_win_this_round is: " + M4_spin_total_bonus_win_this_round): null

2019-08-23 18:56:57 - [TEST_STEP][PASSED] - M4_spin_bonus_spin_result = spin_result: null

2019-08-23 18:56:57 - [TEST_STEP][PASSED] - M4_spin_bonus_spin_result = M4_spin_bonus_spin_result: null

2019-08-23 18:56:57 - [MESSAGE][PASSED] - Verify response successfully

2019-08-23 18:56:57 - [MESSAGE][PASSED] - Send request and verify the response successfully

2019-08-23 18:56:57 - [TEST_STEP][PASSED] - if (free_spin_reel_counter[0] &gt;= 1 &amp;&amp; free_spin_reel_counter[1] &gt;= 1 &amp;&amp; free_spin_reel_counter[2] &gt;= 1): null

2019-08-23 18:56:57 - [TEST_STEP][PASSED] - spin_result = sendRequestAndVerify(findTestObject("INT/RGS(M4)/1_M4_spin", ["M4_login_user_id":M4_login_user_id, "rgs_session_token":rgs_session_token, "partner":Partner])): Send request and verify the response successfully

2019-08-23 18:56:58 - [MESSAGE][INFO] - HAR: /Users/eiralee/Katalon_Script/SuperWild/Reports/20190823_184757/INT/superWild_1/20190823_184757/requests/main/235.har

2019-08-23 18:56:58 - [TEST_CASE][PASSED] - Start Test Case : Verification: Verification accomplished successfully

2019-08-23 18:56:58 - [TEST_STEP][PASSED] - request = getInstance().getCurrentRequest(): null

2019-08-23 18:56:58 - [TEST_STEP][PASSED] - response = getInstance().getCurrentResponse(): null

2019-08-23 18:56:58 - [TEST_STEP][PASSED] - verifyResponseStatusCode(response, 200): Verify response status code successfully

2019-08-23 18:56:58 - [MESSAGE][PASSED] - Verify response status code successfully

2019-08-23 18:56:58 - [TEST_STEP][PASSED] - getStatusCode()).isEqualTo(200): null

2019-08-23 18:56:58 - [TEST_STEP][PASSED] - newline = System.getProperty("line.separator"): null

2019-08-23 18:56:58 - [TEST_STEP][PASSED] - M4_spin = new groovy.json.JsonSlurper(): null

2019-08-23 18:56:58 - [TEST_STEP][PASSED] - result_M4_spin = M4_spin.parseText(response.getResponseBodyContent()): null

2019-08-23 18:56:58 - [TEST_STEP][PASSED] - M4_spin_current_balance = current_balance: null

2019-08-23 18:56:58 - [TEST_STEP][PASSED] - M4_spin_current_balance = M4_spin_current_balance: null

2019-08-23 18:56:58 - [TEST_STEP][PASSED] - M4_spin_transaction_id = causality: null

2019-08-23 18:56:58 - [TEST_STEP][PASSED] - M4_spin_transaction_id = M4_spin_transaction_id: null

2019-08-23 18:56:58 - [TEST_STEP][PASSED] - M4_spin_round_id = round_id: null

2019-08-23 18:56:58 - [TEST_STEP][PASSED] - M4_spin_round_id = M4_spin_round_id: null

2019-08-23 18:56:58 - [TEST_STEP][PASSED] - M4_spin_line_wins = line_wins: null

2019-08-23 18:56:58 - [TEST_STEP][PASSED] - M4_spin_line_wins = M4_spin_line_wins: null

2019-08-23 18:56:58 - [TEST_STEP][PASSED] - M4_total_bonus_spins_int = total_bonus_spins: null

2019-08-23 18:56:58 - [TEST_STEP][PASSED] - println("******M4_total_bonus_spins type is:*******" + newline + getClass().getName()): null

2019-08-23 18:56:58 - [TEST_STEP][PASSED] - M4_total_bonus_spins_int = M4_total_bonus_spins_int: null

2019-08-23 18:56:58 - [TEST_STEP][PASSED] - M4_total_bonus_spins = Integer.toString(M4_total_bonus_spins_int): null

2019-08-23 18:56:58 - [TEST_STEP][PASSED] - M4_total_bonus_spins = M4_total_bonus_spins: null

2019-08-23 18:56:58 - [TEST_STEP][PASSED] - println("M4_total_bonus_spins is:" + M4_total_bonus_spins): null

2019-08-23 18:56:58 - [TEST_STEP][PASSED] - M4_spin_bonus_data = bonus_data: null

2019-08-23 18:56:58 - [TEST_STEP][PASSED] - M4_spin_features_triggered = result_M4_spin: null

2019-08-23 18:56:58 - [TEST_STEP][PASSED] - wild = []: null

2019-08-23 18:56:58 - [TEST_STEP][PASSED] - wild[0] = "WILD_Expanding": null

2019-08-23 18:56:58 - [TEST_STEP][PASSED] - wild[1] = "WILD_Normal": null

2019-08-23 18:56:58 - [TEST_STEP][PASSED] - wild[2] = "WILD_Double": null

2019-08-23 18:56:58 - [TEST_STEP][PASSED] - wild[3] = "WILD_ExtraFG": null

2019-08-23 18:56:58 - [TEST_STEP][PASSED] - wild[4] = "WILD_Triple": null

2019-08-23 18:56:58 - [TEST_STEP][PASSED] - wildList = Arrays.asList(wild): null

2019-08-23 18:56:58 - [TEST_STEP][PASSED] - wildList = wildList: null

2019-08-23 18:56:58 - [TEST_STEP][PASSED] - free_spin_reel_counter = []: null

2019-08-23 18:56:58 - [TEST_STEP][PASSED] - free_spin_reel_counter[0] = 0: null

2019-08-23 18:56:58 - [TEST_STEP][PASSED] - free_spin_reel_counter[1] = 0: null

2019-08-23 18:56:58 - [TEST_STEP][PASSED] - free_spin_reel_counter[2] = 0: null

2019-08-23 18:56:58 - [TEST_STEP][PASSED] - M4_spin_reels = reels: null

2019-08-23 18:56:58 - [TEST_STEP][PASSED] - for ([i = 0, i &lt; M4_spin_reels.size(), (i++)]): null

2019-08-23 18:56:58 - [TEST_STEP][PASSED] - symbols = symbols: null

2019-08-23 18:56:58 - [TEST_STEP][PASSED] - for ([j = 0, j &lt; symbols.size(), (j++)]): null

2019-08-23 18:56:58 - [TEST_STEP][PASSED] - symbol = symbol: null

2019-08-23 18:56:58 - [TEST_STEP][PASSED] - println(symbol): null

2019-08-23 18:56:58 - [TEST_STEP][PASSED] - if (i == 2 &amp;&amp; wildList.indexOf(symbol) != -1): null

2019-08-23 18:56:58 - [TEST_STEP][PASSED] - if (i == 3 &amp;&amp; wildList.indexOf(symbol) != -1): null

2019-08-23 18:56:58 - [TEST_STEP][PASSED] - if (i == 4 &amp;&amp; wildList.indexOf(symbol) != -1): null

2019-08-23 18:56:58 - [TEST_STEP][PASSED] - symbol = symbol: null

2019-08-23 18:56:58 - [TEST_STEP][PASSED] - println(symbol): null

2019-08-23 18:56:58 - [TEST_STEP][PASSED] - if (i == 2 &amp;&amp; wildList.indexOf(symbol) != -1): null

2019-08-23 18:56:58 - [TEST_STEP][PASSED] - if (i == 3 &amp;&amp; wildList.indexOf(symbol) != -1): null

2019-08-23 18:56:58 - [TEST_STEP][PASSED] - if (i == 4 &amp;&amp; wildList.indexOf(symbol) != -1): null

2019-08-23 18:56:58 - [TEST_STEP][PASSED] - symbol = symbol: null

2019-08-23 18:56:58 - [TEST_STEP][PASSED] - println(symbol): null

2019-08-23 18:56:58 - [TEST_STEP][PASSED] - if (i == 2 &amp;&amp; wildList.indexOf(symbol) != -1): null

2019-08-23 18:56:58 - [TEST_STEP][PASSED] - if (i == 3 &amp;&amp; wildList.indexOf(symbol) != -1): null

2019-08-23 18:56:58 - [TEST_STEP][PASSED] - if (i == 4 &amp;&amp; wildList.indexOf(symbol) != -1): null

2019-08-23 18:56:58 - [TEST_STEP][PASSED] - symbols = symbols: null

2019-08-23 18:56:58 - [TEST_STEP][PASSED] - for ([j = 0, j &lt; symbols.size(), (j++)]): null

2019-08-23 18:56:58 - [TEST_STEP][PASSED] - symbol = symbol: null

2019-08-23 18:56:58 - [TEST_STEP][PASSED] - println(symbol): null

2019-08-23 18:56:58 - [TEST_STEP][PASSED] - if (i == 2 &amp;&amp; wildList.indexOf(symbol) != -1): null

2019-08-23 18:56:58 - [TEST_STEP][PASSED] - if (i == 3 &amp;&amp; wildList.indexOf(symbol) != -1): null

2019-08-23 18:56:58 - [TEST_STEP][PASSED] - if (i == 4 &amp;&amp; wildList.indexOf(symbol) != -1): null

2019-08-23 18:56:58 - [TEST_STEP][PASSED] - symbol = symbol: null

2019-08-23 18:56:58 - [TEST_STEP][PASSED] - println(symbol): null

2019-08-23 18:56:58 - [TEST_STEP][PASSED] - if (i == 2 &amp;&amp; wildList.indexOf(symbol) != -1): null

2019-08-23 18:56:58 - [TEST_STEP][PASSED] - if (i == 3 &amp;&amp; wildList.indexOf(symbol) != -1): null

2019-08-23 18:56:58 - [TEST_STEP][PASSED] - if (i == 4 &amp;&amp; wildList.indexOf(symbol) != -1): null

2019-08-23 18:56:58 - [TEST_STEP][PASSED] - symbol = symbol: null

2019-08-23 18:56:58 - [TEST_STEP][PASSED] - println(symbol): null

2019-08-23 18:56:58 - [TEST_STEP][PASSED] - if (i == 2 &amp;&amp; wildList.indexOf(symbol) != -1): null

2019-08-23 18:56:58 - [TEST_STEP][PASSED] - if (i == 3 &amp;&amp; wildList.indexOf(symbol) != -1): null

2019-08-23 18:56:58 - [TEST_STEP][PASSED] - if (i == 4 &amp;&amp; wildList.indexOf(symbol) != -1): null

2019-08-23 18:56:58 - [TEST_STEP][PASSED] - symbols = symbols: null

2019-08-23 18:56:58 - [TEST_STEP][PASSED] - for ([j = 0, j &lt; symbols.size(), (j++)]): null

2019-08-23 18:56:58 - [TEST_STEP][PASSED] - symbol = symbol: null

2019-08-23 18:56:58 - [TEST_STEP][PASSED] - println(symbol): null

2019-08-23 18:56:58 - [TEST_STEP][PASSED] - if (i == 2 &amp;&amp; wildList.indexOf(symbol) != -1): null

2019-08-23 18:56:58 - [TEST_STEP][PASSED] - if (i == 3 &amp;&amp; wildList.indexOf(symbol) != -1): null

2019-08-23 18:56:58 - [TEST_STEP][PASSED] - if (i == 4 &amp;&amp; wildList.indexOf(symbol) != -1): null

2019-08-23 18:56:58 - [TEST_STEP][PASSED] - symbol = symbol: null

2019-08-23 18:56:58 - [TEST_STEP][PASSED] - println(symbol): null

2019-08-23 18:56:58 - [TEST_STEP][PASSED] - if (i == 2 &amp;&amp; wildList.indexOf(symbol) != -1): null

2019-08-23 18:56:58 - [TEST_STEP][PASSED] - if (i == 3 &amp;&amp; wildList.indexOf(symbol) != -1): null

2019-08-23 18:56:58 - [TEST_STEP][PASSED] - if (i == 4 &amp;&amp; wildList.indexOf(symbol) != -1): null

2019-08-23 18:56:58 - [TEST_STEP][PASSED] - symbol = symbol: null

2019-08-23 18:56:58 - [TEST_STEP][PASSED] - println(symbol): null

2019-08-23 18:56:58 - [TEST_STEP][PASSED] - if (i == 2 &amp;&amp; wildList.indexOf(symbol) != -1): null

2019-08-23 18:56:58 - [TEST_STEP][PASSED] - println("wild found on reel 3, adding counter by 1"): null

2019-08-23 18:56:58 - [TEST_STEP][PASSED] - free_spin_reel_counter[0] = free_spin_reel_counter[0] + 1: null

2019-08-23 18:56:58 - [TEST_STEP][PASSED] - if (i == 3 &amp;&amp; wildList.indexOf(symbol) != -1): null

2019-08-23 18:56:58 - [TEST_STEP][PASSED] - if (i == 4 &amp;&amp; wildList.indexOf(symbol) != -1): null

2019-08-23 18:56:58 - [TEST_STEP][PASSED] - symbols = symbols: null

2019-08-23 18:56:58 - [TEST_STEP][PASSED] - for ([j = 0, j &lt; symbols.size(), (j++)]): null

2019-08-23 18:56:58 - [TEST_STEP][PASSED] - symbol = symbol: null

2019-08-23 18:56:58 - [TEST_STEP][PASSED] - println(symbol): null

2019-08-23 18:56:58 - [TEST_STEP][PASSED] - if (i == 2 &amp;&amp; wildList.indexOf(symbol) != -1): null

2019-08-23 18:56:58 - [TEST_STEP][PASSED] - if (i == 3 &amp;&amp; wildList.indexOf(symbol) != -1): null

2019-08-23 18:56:58 - [TEST_STEP][PASSED] - if (i == 4 &amp;&amp; wildList.indexOf(symbol) != -1): null

2019-08-23 18:56:58 - [TEST_STEP][PASSED] - symbol = symbol: null

2019-08-23 18:56:58 - [TEST_STEP][PASSED] - println(symbol): null

2019-08-23 18:56:58 - [TEST_STEP][PASSED] - if (i == 2 &amp;&amp; wildList.indexOf(symbol) != -1): null

2019-08-23 18:56:58 - [TEST_STEP][PASSED] - if (i == 3 &amp;&amp; wildList.indexOf(symbol) != -1): null

2019-08-23 18:56:58 - [TEST_STEP][PASSED] - if (i == 4 &amp;&amp; wildList.indexOf(symbol) != -1): null

2019-08-23 18:56:58 - [TEST_STEP][PASSED] - symbol = symbol: null

2019-08-23 18:56:58 - [TEST_STEP][PASSED] - println(symbol): null

2019-08-23 18:56:58 - [TEST_STEP][PASSED] - if (i == 2 &amp;&amp; wildList.indexOf(symbol) != -1): null

2019-08-23 18:56:58 - [TEST_STEP][PASSED] - if (i == 3 &amp;&amp; wildList.indexOf(symbol) != -1): null

2019-08-23 18:56:58 - [TEST_STEP][PASSED] - if (i == 4 &amp;&amp; wildList.indexOf(symbol) != -1): null

2019-08-23 18:56:58 - [TEST_STEP][PASSED] - symbols = symbols: null

2019-08-23 18:56:58 - [TEST_STEP][PASSED] - for ([j = 0, j &lt; symbols.size(), (j++)]): null

2019-08-23 18:56:58 - [TEST_STEP][PASSED] - symbol = symbol: null

2019-08-23 18:56:58 - [TEST_STEP][PASSED] - println(symbol): null

2019-08-23 18:56:58 - [TEST_STEP][PASSED] - if (i == 2 &amp;&amp; wildList.indexOf(symbol) != -1): null

2019-08-23 18:56:58 - [TEST_STEP][PASSED] - if (i == 3 &amp;&amp; wildList.indexOf(symbol) != -1): null

2019-08-23 18:56:58 - [TEST_STEP][PASSED] - if (i == 4 &amp;&amp; wildList.indexOf(symbol) != -1): null

2019-08-23 18:56:58 - [TEST_STEP][PASSED] - symbol = symbol: null

2019-08-23 18:56:58 - [TEST_STEP][PASSED] - println(symbol): null

2019-08-23 18:56:58 - [TEST_STEP][PASSED] - if (i == 2 &amp;&amp; wildList.indexOf(symbol) != -1): null

2019-08-23 18:56:58 - [TEST_STEP][PASSED] - if (i == 3 &amp;&amp; wildList.indexOf(symbol) != -1): null

2019-08-23 18:56:58 - [TEST_STEP][PASSED] - if (i == 4 &amp;&amp; wildList.indexOf(symbol) != -1): null

2019-08-23 18:56:58 - [TEST_STEP][PASSED] - symbol = symbol: null

2019-08-23 18:56:58 - [TEST_STEP][PASSED] - println(symbol): null

2019-08-23 18:56:58 - [TEST_STEP][PASSED] - if (i == 2 &amp;&amp; wildList.indexOf(symbol) != -1): null

2019-08-23 18:56:58 - [TEST_STEP][PASSED] - if (i == 3 &amp;&amp; wildList.indexOf(symbol) != -1): null

2019-08-23 18:56:58 - [TEST_STEP][PASSED] - if (i == 4 &amp;&amp; wildList.indexOf(symbol) != -1): null

2019-08-23 18:56:58 - [TEST_STEP][PASSED] - println("wild found on reel 5, adding counter by 1"): null

2019-08-23 18:56:58 - [TEST_STEP][PASSED] - free_spin_reel_counter[2] = free_spin_reel_counter[2] + 1: null

2019-08-23 18:56:58 - [TEST_STEP][PASSED] - free_spin_reel_counter = free_spin_reel_counter: null

2019-08-23 18:56:58 - [TEST_STEP][PASSED] - println("reel 3 wild found: " + free_spin_reel_counter[0]): null

2019-08-23 18:56:58 - [TEST_STEP][PASSED] - println("reel 4 wild found: " + free_spin_reel_counter[1]): null

2019-08-23 18:56:58 - [TEST_STEP][PASSED] - println("reel 5 wild found: " + free_spin_reel_counter[2]): null

2019-08-23 18:56:58 - [TEST_STEP][PASSED] - M4_spin_reels = M4_spin_reels: null

2019-08-23 18:56:58 - [TEST_STEP][PASSED] - M4_spin_reels_symbols = symbol: null

2019-08-23 18:56:58 - [TEST_STEP][PASSED] - M4_spin_reels_symbols = M4_spin_reels_symbols: null

2019-08-23 18:56:58 - [TEST_STEP][PASSED] - M4_spin_reel_wins = reel_wins: null

2019-08-23 18:56:58 - [TEST_STEP][PASSED] - M4_spin_reel_wins = M4_spin_reel_wins: null

2019-08-23 18:56:58 - [TEST_STEP][PASSED] - println("GlobalVariable.M4_spin_reel_wins is: " + M4_spin_reel_wins): null

2019-08-23 18:56:58 - [TEST_STEP][PASSED] - M4_spin_total_bonus_win_this_round = total_bonus_win_this_round: null

2019-08-23 18:56:58 - [TEST_STEP][PASSED] - M4_spin_total_bonus_win_this_round = M4_spin_total_bonus_win_this_round: null

2019-08-23 18:56:58 - [TEST_STEP][PASSED] - println("GlobalVariable.M4_spin_total_bonus_win_this_round is: " + M4_spin_total_bonus_win_this_round): null

2019-08-23 18:56:58 - [TEST_STEP][PASSED] - M4_spin_bonus_spin_result = spin_result: null

2019-08-23 18:56:58 - [TEST_STEP][PASSED] - M4_spin_bonus_spin_result = M4_spin_bonus_spin_result: null

2019-08-23 18:56:58 - [MESSAGE][PASSED] - Verify response successfully

2019-08-23 18:56:58 - [MESSAGE][PASSED] - Send request and verify the response successfully

2019-08-23 18:56:58 - [TEST_STEP][PASSED] - if (free_spin_reel_counter[0] &gt;= 1 &amp;&amp; free_spin_reel_counter[1] &gt;= 1 &amp;&amp; free_spin_reel_counter[2] &gt;= 1): null

2019-08-23 18:56:58 - [TEST_STEP][PASSED] - spin_result = sendRequestAndVerify(findTestObject("INT/RGS(M4)/1_M4_spin", ["M4_login_user_id":M4_login_user_id, "rgs_session_token":rgs_session_token, "partner":Partner])): Send request and verify the response successfully

2019-08-23 18:56:58 - [MESSAGE][INFO] - HAR: /Users/eiralee/Katalon_Script/SuperWild/Reports/20190823_184757/INT/superWild_1/20190823_184757/requests/main/236.har

2019-08-23 18:56:58 - [TEST_CASE][PASSED] - Start Test Case : Verification: Verification accomplished successfully

2019-08-23 18:56:58 - [TEST_STEP][PASSED] - request = getInstance().getCurrentRequest(): null

2019-08-23 18:56:58 - [TEST_STEP][PASSED] - response = getInstance().getCurrentResponse(): null

2019-08-23 18:56:58 - [TEST_STEP][PASSED] - verifyResponseStatusCode(response, 200): Verify response status code successfully

2019-08-23 18:56:58 - [MESSAGE][PASSED] - Verify response status code successfully

2019-08-23 18:56:58 - [TEST_STEP][PASSED] - getStatusCode()).isEqualTo(200): null

2019-08-23 18:56:58 - [TEST_STEP][PASSED] - newline = System.getProperty("line.separator"): null

2019-08-23 18:56:58 - [TEST_STEP][PASSED] - M4_spin = new groovy.json.JsonSlurper(): null

2019-08-23 18:56:58 - [TEST_STEP][PASSED] - result_M4_spin = M4_spin.parseText(response.getResponseBodyContent()): null

2019-08-23 18:56:58 - [TEST_STEP][PASSED] - M4_spin_current_balance = current_balance: null

2019-08-23 18:56:58 - [TEST_STEP][PASSED] - M4_spin_current_balance = M4_spin_current_balance: null

2019-08-23 18:56:58 - [TEST_STEP][PASSED] - M4_spin_transaction_id = causality: null

2019-08-23 18:56:58 - [TEST_STEP][PASSED] - M4_spin_transaction_id = M4_spin_transaction_id: null

2019-08-23 18:56:58 - [TEST_STEP][PASSED] - M4_spin_round_id = round_id: null

2019-08-23 18:56:58 - [TEST_STEP][PASSED] - M4_spin_round_id = M4_spin_round_id: null

2019-08-23 18:56:58 - [TEST_STEP][PASSED] - M4_spin_line_wins = line_wins: null

2019-08-23 18:56:58 - [TEST_STEP][PASSED] - M4_spin_line_wins = M4_spin_line_wins: null

2019-08-23 18:56:58 - [TEST_STEP][PASSED] - M4_total_bonus_spins_int = total_bonus_spins: null

2019-08-23 18:56:58 - [TEST_STEP][PASSED] - println("******M4_total_bonus_spins type is:*******" + newline + getClass().getName()): null

2019-08-23 18:56:58 - [TEST_STEP][PASSED] - M4_total_bonus_spins_int = M4_total_bonus_spins_int: null

2019-08-23 18:56:58 - [TEST_STEP][PASSED] - M4_total_bonus_spins = Integer.toString(M4_total_bonus_spins_int): null

2019-08-23 18:56:58 - [TEST_STEP][PASSED] - M4_total_bonus_spins = M4_total_bonus_spins: null

2019-08-23 18:56:58 - [TEST_STEP][PASSED] - println("M4_total_bonus_spins is:" + M4_total_bonus_spins): null

2019-08-23 18:56:58 - [TEST_STEP][PASSED] - M4_spin_bonus_data = bonus_data: null

2019-08-23 18:56:58 - [TEST_STEP][PASSED] - M4_spin_features_triggered = result_M4_spin: null

2019-08-23 18:56:58 - [TEST_STEP][PASSED] - wild = []: null

2019-08-23 18:56:58 - [TEST_STEP][PASSED] - wild[0] = "WILD_Expanding": null

2019-08-23 18:56:58 - [TEST_STEP][PASSED] - wild[1] = "WILD_Normal": null

2019-08-23 18:56:58 - [TEST_STEP][PASSED] - wild[2] = "WILD_Double": null

2019-08-23 18:56:58 - [TEST_STEP][PASSED] - wild[3] = "WILD_ExtraFG": null

2019-08-23 18:56:58 - [TEST_STEP][PASSED] - wild[4] = "WILD_Triple": null

2019-08-23 18:56:58 - [TEST_STEP][PASSED] - wildList = Arrays.asList(wild): null

2019-08-23 18:56:58 - [TEST_STEP][PASSED] - wildList = wildList: null

2019-08-23 18:56:58 - [TEST_STEP][PASSED] - free_spin_reel_counter = []: null

2019-08-23 18:56:58 - [TEST_STEP][PASSED] - free_spin_reel_counter[0] = 0: null

2019-08-23 18:56:58 - [TEST_STEP][PASSED] - free_spin_reel_counter[1] = 0: null

2019-08-23 18:56:58 - [TEST_STEP][PASSED] - free_spin_reel_counter[2] = 0: null

2019-08-23 18:56:58 - [TEST_STEP][PASSED] - M4_spin_reels = reels: null

2019-08-23 18:56:58 - [TEST_STEP][PASSED] - for ([i = 0, i &lt; M4_spin_reels.size(), (i++)]): null

2019-08-23 18:56:58 - [TEST_STEP][PASSED] - symbols = symbols: null

2019-08-23 18:56:58 - [TEST_STEP][PASSED] - for ([j = 0, j &lt; symbols.size(), (j++)]): null

2019-08-23 18:56:58 - [TEST_STEP][PASSED] - symbol = symbol: null

2019-08-23 18:56:58 - [TEST_STEP][PASSED] - println(symbol): null

2019-08-23 18:56:58 - [TEST_STEP][PASSED] - if (i == 2 &amp;&amp; wildList.indexOf(symbol) != -1): null

2019-08-23 18:56:58 - [TEST_STEP][PASSED] - if (i == 3 &amp;&amp; wildList.indexOf(symbol) != -1): null

2019-08-23 18:56:58 - [TEST_STEP][PASSED] - if (i == 4 &amp;&amp; wildList.indexOf(symbol) != -1): null

2019-08-23 18:56:58 - [TEST_STEP][PASSED] - symbol = symbol: null

2019-08-23 18:56:58 - [TEST_STEP][PASSED] - println(symbol): null

2019-08-23 18:56:58 - [TEST_STEP][PASSED] - if (i == 2 &amp;&amp; wildList.indexOf(symbol) != -1): null

2019-08-23 18:56:58 - [TEST_STEP][PASSED] - if (i == 3 &amp;&amp; wildList.indexOf(symbol) != -1): null

2019-08-23 18:56:58 - [TEST_STEP][PASSED] - if (i == 4 &amp;&amp; wildList.indexOf(symbol) != -1): null

2019-08-23 18:56:58 - [TEST_STEP][PASSED] - symbol = symbol: null

2019-08-23 18:56:58 - [TEST_STEP][PASSED] - println(symbol): null

2019-08-23 18:56:58 - [TEST_STEP][PASSED] - if (i == 2 &amp;&amp; wildList.indexOf(symbol) != -1): null

2019-08-23 18:56:58 - [TEST_STEP][PASSED] - if (i == 3 &amp;&amp; wildList.indexOf(symbol) != -1): null

2019-08-23 18:56:58 - [TEST_STEP][PASSED] - if (i == 4 &amp;&amp; wildList.indexOf(symbol) != -1): null

2019-08-23 18:56:58 - [TEST_STEP][PASSED] - symbols = symbols: null

2019-08-23 18:56:58 - [TEST_STEP][PASSED] - for ([j = 0, j &lt; symbols.size(), (j++)]): null

2019-08-23 18:56:58 - [TEST_STEP][PASSED] - symbol = symbol: null

2019-08-23 18:56:58 - [TEST_STEP][PASSED] - println(symbol): null

2019-08-23 18:56:58 - [TEST_STEP][PASSED] - if (i == 2 &amp;&amp; wildList.indexOf(symbol) != -1): null

2019-08-23 18:56:58 - [TEST_STEP][PASSED] - if (i == 3 &amp;&amp; wildList.indexOf(symbol) != -1): null

2019-08-23 18:56:58 - [TEST_STEP][PASSED] - if (i == 4 &amp;&amp; wildList.indexOf(symbol) != -1): null

2019-08-23 18:56:58 - [TEST_STEP][PASSED] - symbol = symbol: null

2019-08-23 18:56:58 - [TEST_STEP][PASSED] - println(symbol): null

2019-08-23 18:56:58 - [TEST_STEP][PASSED] - if (i == 2 &amp;&amp; wildList.indexOf(symbol) != -1): null

2019-08-23 18:56:58 - [TEST_STEP][PASSED] - if (i == 3 &amp;&amp; wildList.indexOf(symbol) != -1): null

2019-08-23 18:56:58 - [TEST_STEP][PASSED] - if (i == 4 &amp;&amp; wildList.indexOf(symbol) != -1): null

2019-08-23 18:56:58 - [TEST_STEP][PASSED] - symbol = symbol: null

2019-08-23 18:56:58 - [TEST_STEP][PASSED] - println(symbol): null

2019-08-23 18:56:58 - [TEST_STEP][PASSED] - if (i == 2 &amp;&amp; wildList.indexOf(symbol) != -1): null

2019-08-23 18:56:58 - [TEST_STEP][PASSED] - if (i == 3 &amp;&amp; wildList.indexOf(symbol) != -1): null

2019-08-23 18:56:58 - [TEST_STEP][PASSED] - if (i == 4 &amp;&amp; wildList.indexOf(symbol) != -1): null

2019-08-23 18:56:58 - [TEST_STEP][PASSED] - symbols = symbols: null

2019-08-23 18:56:58 - [TEST_STEP][PASSED] - for ([j = 0, j &lt; symbols.size(), (j++)]): null

2019-08-23 18:56:58 - [TEST_STEP][PASSED] - symbol = symbol: null

2019-08-23 18:56:58 - [TEST_STEP][PASSED] - println(symbol): null

2019-08-23 18:56:58 - [TEST_STEP][PASSED] - if (i == 2 &amp;&amp; wildList.indexOf(symbol) != -1): null

2019-08-23 18:56:58 - [TEST_STEP][PASSED] - if (i == 3 &amp;&amp; wildList.indexOf(symbol) != -1): null

2019-08-23 18:56:58 - [TEST_STEP][PASSED] - if (i == 4 &amp;&amp; wildList.indexOf(symbol) != -1): null

2019-08-23 18:56:58 - [TEST_STEP][PASSED] - symbol = symbol: null

2019-08-23 18:56:58 - [TEST_STEP][PASSED] - println(symbol): null

2019-08-23 18:56:58 - [TEST_STEP][PASSED] - if (i == 2 &amp;&amp; wildList.indexOf(symbol) != -1): null

2019-08-23 18:56:58 - [TEST_STEP][PASSED] - println("wild found on reel 3, adding counter by 1"): null

2019-08-23 18:56:58 - [TEST_STEP][PASSED] - free_spin_reel_counter[0] = free_spin_reel_counter[0] + 1: null

2019-08-23 18:56:58 - [TEST_STEP][PASSED] - if (i == 3 &amp;&amp; wildList.indexOf(symbol) != -1): null

2019-08-23 18:56:58 - [TEST_STEP][PASSED] - if (i == 4 &amp;&amp; wildList.indexOf(symbol) != -1): null

2019-08-23 18:56:58 - [TEST_STEP][PASSED] - symbol = symbol: null

2019-08-23 18:56:58 - [TEST_STEP][PASSED] - println(symbol): null

2019-08-23 18:56:58 - [TEST_STEP][PASSED] - if (i == 2 &amp;&amp; wildList.indexOf(symbol) != -1): null

2019-08-23 18:56:58 - [TEST_STEP][PASSED] - if (i == 3 &amp;&amp; wildList.indexOf(symbol) != -1): null

2019-08-23 18:56:58 - [TEST_STEP][PASSED] - if (i == 4 &amp;&amp; wildList.indexOf(symbol) != -1): null

2019-08-23 18:56:58 - [TEST_STEP][PASSED] - symbols = symbols: null

2019-08-23 18:56:58 - [TEST_STEP][PASSED] - for ([j = 0, j &lt; symbols.size(), (j++)]): null

2019-08-23 18:56:58 - [TEST_STEP][PASSED] - symbol = symbol: null

2019-08-23 18:56:58 - [TEST_STEP][PASSED] - println(symbol): null

2019-08-23 18:56:58 - [TEST_STEP][PASSED] - if (i == 2 &amp;&amp; wildList.indexOf(symbol) != -1): null

2019-08-23 18:56:58 - [TEST_STEP][PASSED] - if (i == 3 &amp;&amp; wildList.indexOf(symbol) != -1): null

2019-08-23 18:56:58 - [TEST_STEP][PASSED] - if (i == 4 &amp;&amp; wildList.indexOf(symbol) != -1): null

2019-08-23 18:56:58 - [TEST_STEP][PASSED] - symbol = symbol: null

2019-08-23 18:56:58 - [TEST_STEP][PASSED] - println(symbol): null

2019-08-23 18:56:58 - [TEST_STEP][PASSED] - if (i == 2 &amp;&amp; wildList.indexOf(symbol) != -1): null

2019-08-23 18:56:58 - [TEST_STEP][PASSED] - if (i == 3 &amp;&amp; wildList.indexOf(symbol) != -1): null

2019-08-23 18:56:58 - [TEST_STEP][PASSED] - if (i == 4 &amp;&amp; wildList.indexOf(symbol) != -1): null

2019-08-23 18:56:58 - [TEST_STEP][PASSED] - symbol = symbol: null

2019-08-23 18:56:58 - [TEST_STEP][PASSED] - println(symbol): null

2019-08-23 18:56:58 - [TEST_STEP][PASSED] - if (i == 2 &amp;&amp; wildList.indexOf(symbol) != -1): null

2019-08-23 18:56:58 - [TEST_STEP][PASSED] - if (i == 3 &amp;&amp; wildList.indexOf(symbol) != -1): null

2019-08-23 18:56:58 - [TEST_STEP][PASSED] - if (i == 4 &amp;&amp; wildList.indexOf(symbol) != -1): null

2019-08-23 18:56:58 - [TEST_STEP][PASSED] - symbols = symbols: null

2019-08-23 18:56:58 - [TEST_STEP][PASSED] - for ([j = 0, j &lt; symbols.size(), (j++)]): null

2019-08-23 18:56:58 - [TEST_STEP][PASSED] - symbol = symbol: null

2019-08-23 18:56:58 - [TEST_STEP][PASSED] - println(symbol): null

2019-08-23 18:56:58 - [TEST_STEP][PASSED] - if (i == 2 &amp;&amp; wildList.indexOf(symbol) != -1): null

2019-08-23 18:56:58 - [TEST_STEP][PASSED] - if (i == 3 &amp;&amp; wildList.indexOf(symbol) != -1): null

2019-08-23 18:56:58 - [TEST_STEP][PASSED] - if (i == 4 &amp;&amp; wildList.indexOf(symbol) != -1): null

2019-08-23 18:56:58 - [TEST_STEP][PASSED] - println("wild found on reel 5, adding counter by 1"): null

2019-08-23 18:56:58 - [TEST_STEP][PASSED] - free_spin_reel_counter[2] = free_spin_reel_counter[2] + 1: null

2019-08-23 18:56:58 - [TEST_STEP][PASSED] - symbol = symbol: null

2019-08-23 18:56:58 - [TEST_STEP][PASSED] - println(symbol): null

2019-08-23 18:56:58 - [TEST_STEP][PASSED] - if (i == 2 &amp;&amp; wildList.indexOf(symbol) != -1): null

2019-08-23 18:56:58 - [TEST_STEP][PASSED] - if (i == 3 &amp;&amp; wildList.indexOf(symbol) != -1): null

2019-08-23 18:56:58 - [TEST_STEP][PASSED] - if (i == 4 &amp;&amp; wildList.indexOf(symbol) != -1): null

2019-08-23 18:56:58 - [TEST_STEP][PASSED] - symbol = symbol: null

2019-08-23 18:56:58 - [TEST_STEP][PASSED] - println(symbol): null

2019-08-23 18:56:58 - [TEST_STEP][PASSED] - if (i == 2 &amp;&amp; wildList.indexOf(symbol) != -1): null

2019-08-23 18:56:58 - [TEST_STEP][PASSED] - if (i == 3 &amp;&amp; wildList.indexOf(symbol) != -1): null

2019-08-23 18:56:58 - [TEST_STEP][PASSED] - if (i == 4 &amp;&amp; wildList.indexOf(symbol) != -1): null

2019-08-23 18:56:58 - [TEST_STEP][PASSED] - free_spin_reel_counter = free_spin_reel_counter: null

2019-08-23 18:56:58 - [TEST_STEP][PASSED] - println("reel 3 wild found: " + free_spin_reel_counter[0]): null

2019-08-23 18:56:58 - [TEST_STEP][PASSED] - println("reel 4 wild found: " + free_spin_reel_counter[1]): null

2019-08-23 18:56:58 - [TEST_STEP][PASSED] - println("reel 5 wild found: " + free_spin_reel_counter[2]): null

2019-08-23 18:56:58 - [TEST_STEP][PASSED] - M4_spin_reels = M4_spin_reels: null

2019-08-23 18:56:58 - [TEST_STEP][PASSED] - M4_spin_reels_symbols = symbol: null

2019-08-23 18:56:58 - [TEST_STEP][PASSED] - M4_spin_reels_symbols = M4_spin_reels_symbols: null

2019-08-23 18:56:58 - [TEST_STEP][PASSED] - M4_spin_reel_wins = reel_wins: null

2019-08-23 18:56:58 - [TEST_STEP][PASSED] - M4_spin_reel_wins = M4_spin_reel_wins: null

2019-08-23 18:56:58 - [TEST_STEP][PASSED] - println("GlobalVariable.M4_spin_reel_wins is: " + M4_spin_reel_wins): null

2019-08-23 18:56:58 - [TEST_STEP][PASSED] - M4_spin_total_bonus_win_this_round = total_bonus_win_this_round: null

2019-08-23 18:56:58 - [TEST_STEP][PASSED] - M4_spin_total_bonus_win_this_round = M4_spin_total_bonus_win_this_round: null

2019-08-23 18:56:58 - [TEST_STEP][PASSED] - println("GlobalVariable.M4_spin_total_bonus_win_this_round is: " + M4_spin_total_bonus_win_this_round): null

2019-08-23 18:56:58 - [TEST_STEP][PASSED] - M4_spin_bonus_spin_result = spin_result: null

2019-08-23 18:56:58 - [TEST_STEP][PASSED] - M4_spin_bonus_spin_result = M4_spin_bonus_spin_result: null

2019-08-23 18:56:58 - [MESSAGE][PASSED] - Verify response successfully

2019-08-23 18:56:58 - [MESSAGE][PASSED] - Send request and verify the response successfully

2019-08-23 18:56:58 - [TEST_STEP][PASSED] - if (free_spin_reel_counter[0] &gt;= 1 &amp;&amp; free_spin_reel_counter[1] &gt;= 1 &amp;&amp; free_spin_reel_counter[2] &gt;= 1): null

2019-08-23 18:56:58 - [TEST_STEP][PASSED] - spin_result = sendRequestAndVerify(findTestObject("INT/RGS(M4)/1_M4_spin", ["M4_login_user_id":M4_login_user_id, "rgs_session_token":rgs_session_token, "partner":Partner])): Send request and verify the response successfully

2019-08-23 18:56:59 - [MESSAGE][INFO] - HAR: /Users/eiralee/Katalon_Script/SuperWild/Reports/20190823_184757/INT/superWild_1/20190823_184757/requests/main/237.har

2019-08-23 18:56:59 - [TEST_CASE][PASSED] - Start Test Case : Verification: Verification accomplished successfully

2019-08-23 18:56:59 - [TEST_STEP][PASSED] - request = getInstance().getCurrentRequest(): null

2019-08-23 18:56:59 - [TEST_STEP][PASSED] - response = getInstance().getCurrentResponse(): null

2019-08-23 18:56:59 - [TEST_STEP][PASSED] - verifyResponseStatusCode(response, 200): Verify response status code successfully

2019-08-23 18:56:59 - [MESSAGE][PASSED] - Verify response status code successfully

2019-08-23 18:56:59 - [TEST_STEP][PASSED] - getStatusCode()).isEqualTo(200): null

2019-08-23 18:56:59 - [TEST_STEP][PASSED] - newline = System.getProperty("line.separator"): null

2019-08-23 18:56:59 - [TEST_STEP][PASSED] - M4_spin = new groovy.json.JsonSlurper(): null

2019-08-23 18:56:59 - [TEST_STEP][PASSED] - result_M4_spin = M4_spin.parseText(response.getResponseBodyContent()): null

2019-08-23 18:56:59 - [TEST_STEP][PASSED] - M4_spin_current_balance = current_balance: null

2019-08-23 18:56:59 - [TEST_STEP][PASSED] - M4_spin_current_balance = M4_spin_current_balance: null

2019-08-23 18:56:59 - [TEST_STEP][PASSED] - M4_spin_transaction_id = causality: null

2019-08-23 18:56:59 - [TEST_STEP][PASSED] - M4_spin_transaction_id = M4_spin_transaction_id: null

2019-08-23 18:56:59 - [TEST_STEP][PASSED] - M4_spin_round_id = round_id: null

2019-08-23 18:56:59 - [TEST_STEP][PASSED] - M4_spin_round_id = M4_spin_round_id: null

2019-08-23 18:57:01 - [TEST_STEP][PASSED] - M4_spin_line_wins = line_wins: null

2019-08-23 18:57:01 - [TEST_STEP][PASSED] - M4_spin_line_wins = M4_spin_line_wins: null

2019-08-23 18:57:01 - [TEST_STEP][PASSED] - M4_total_bonus_spins_int = total_bonus_spins: null

2019-08-23 18:57:01 - [TEST_STEP][PASSED] - println("******M4_total_bonus_spins type is:*******" + newline + getClass().getName()): null

2019-08-23 18:57:01 - [TEST_STEP][PASSED] - M4_total_bonus_spins_int = M4_total_bonus_spins_int: null

2019-08-23 18:57:01 - [TEST_STEP][PASSED] - M4_total_bonus_spins = Integer.toString(M4_total_bonus_spins_int): null

2019-08-23 18:57:01 - [TEST_STEP][PASSED] - M4_total_bonus_spins = M4_total_bonus_spins: null

2019-08-23 18:57:01 - [TEST_STEP][PASSED] - println("M4_total_bonus_spins is:" + M4_total_bonus_spins): null

2019-08-23 18:57:01 - [TEST_STEP][PASSED] - M4_spin_bonus_data = bonus_data: null

2019-08-23 18:57:01 - [TEST_STEP][PASSED] - M4_spin_features_triggered = result_M4_spin: null

2019-08-23 18:57:01 - [TEST_STEP][PASSED] - wild = []: null

2019-08-23 18:57:01 - [TEST_STEP][PASSED] - wild[0] = "WILD_Expanding": null

2019-08-23 18:57:01 - [TEST_STEP][PASSED] - wild[1] = "WILD_Normal": null

2019-08-23 18:57:01 - [TEST_STEP][PASSED] - wild[2] = "WILD_Double": null

2019-08-23 18:57:01 - [TEST_STEP][PASSED] - wild[3] = "WILD_ExtraFG": null

2019-08-23 18:57:01 - [TEST_STEP][PASSED] - wild[4] = "WILD_Triple": null

2019-08-23 18:57:01 - [TEST_STEP][PASSED] - wildList = Arrays.asList(wild): null

2019-08-23 18:57:01 - [TEST_STEP][PASSED] - wildList = wildList: null

2019-08-23 18:57:01 - [TEST_STEP][PASSED] - free_spin_reel_counter = []: null

2019-08-23 18:57:01 - [TEST_STEP][PASSED] - free_spin_reel_counter[0] = 0: null

2019-08-23 18:57:01 - [TEST_STEP][PASSED] - free_spin_reel_counter[1] = 0: null

2019-08-23 18:57:01 - [TEST_STEP][PASSED] - free_spin_reel_counter[2] = 0: null

2019-08-23 18:57:01 - [TEST_STEP][PASSED] - M4_spin_reels = reels: null

2019-08-23 18:57:01 - [TEST_STEP][PASSED] - for ([i = 0, i &lt; M4_spin_reels.size(), (i++)]): null

2019-08-23 18:57:01 - [TEST_STEP][PASSED] - symbols = symbols: null

2019-08-23 18:57:01 - [TEST_STEP][PASSED] - for ([j = 0, j &lt; symbols.size(), (j++)]): null

2019-08-23 18:57:01 - [TEST_STEP][PASSED] - symbol = symbol: null

2019-08-23 18:57:01 - [TEST_STEP][PASSED] - println(symbol): null

2019-08-23 18:57:01 - [TEST_STEP][PASSED] - if (i == 2 &amp;&amp; wildList.indexOf(symbol) != -1): null

2019-08-23 18:57:01 - [TEST_STEP][PASSED] - if (i == 3 &amp;&amp; wildList.indexOf(symbol) != -1): null

2019-08-23 18:57:01 - [TEST_STEP][PASSED] - if (i == 4 &amp;&amp; wildList.indexOf(symbol) != -1): null

2019-08-23 18:57:01 - [TEST_STEP][PASSED] - symbol = symbol: null

2019-08-23 18:57:01 - [TEST_STEP][PASSED] - println(symbol): null

2019-08-23 18:57:01 - [TEST_STEP][PASSED] - if (i == 2 &amp;&amp; wildList.indexOf(symbol) != -1): null

2019-08-23 18:57:01 - [TEST_STEP][PASSED] - if (i == 3 &amp;&amp; wildList.indexOf(symbol) != -1): null

2019-08-23 18:57:01 - [TEST_STEP][PASSED] - if (i == 4 &amp;&amp; wildList.indexOf(symbol) != -1): null

2019-08-23 18:57:01 - [TEST_STEP][PASSED] - symbol = symbol: null

2019-08-23 18:57:01 - [TEST_STEP][PASSED] - println(symbol): null

2019-08-23 18:57:01 - [TEST_STEP][PASSED] - if (i == 2 &amp;&amp; wildList.indexOf(symbol) != -1): null

2019-08-23 18:57:01 - [TEST_STEP][PASSED] - if (i == 3 &amp;&amp; wildList.indexOf(symbol) != -1): null

2019-08-23 18:57:01 - [TEST_STEP][PASSED] - if (i == 4 &amp;&amp; wildList.indexOf(symbol) != -1): null

2019-08-23 18:57:01 - [TEST_STEP][PASSED] - symbols = symbols: null

2019-08-23 18:57:01 - [TEST_STEP][PASSED] - for ([j = 0, j &lt; symbols.size(), (j++)]): null

2019-08-23 18:57:01 - [TEST_STEP][PASSED] - symbol = symbol: null

2019-08-23 18:57:01 - [TEST_STEP][PASSED] - println(symbol): null

2019-08-23 18:57:01 - [TEST_STEP][PASSED] - if (i == 2 &amp;&amp; wildList.indexOf(symbol) != -1): null

2019-08-23 18:57:01 - [TEST_STEP][PASSED] - if (i == 3 &amp;&amp; wildList.indexOf(symbol) != -1): null

2019-08-23 18:57:01 - [TEST_STEP][PASSED] - if (i == 4 &amp;&amp; wildList.indexOf(symbol) != -1): null

2019-08-23 18:57:01 - [TEST_STEP][PASSED] - symbol = symbol: null

2019-08-23 18:57:01 - [TEST_STEP][PASSED] - println(symbol): null

2019-08-23 18:57:01 - [TEST_STEP][PASSED] - if (i == 2 &amp;&amp; wildList.indexOf(symbol) != -1): null

2019-08-23 18:57:01 - [TEST_STEP][PASSED] - if (i == 3 &amp;&amp; wildList.indexOf(symbol) != -1): null

2019-08-23 18:57:01 - [TEST_STEP][PASSED] - if (i == 4 &amp;&amp; wildList.indexOf(symbol) != -1): null

2019-08-23 18:57:01 - [TEST_STEP][PASSED] - symbol = symbol: null

2019-08-23 18:57:01 - [TEST_STEP][PASSED] - println(symbol): null

2019-08-23 18:57:01 - [TEST_STEP][PASSED] - if (i == 2 &amp;&amp; wildList.indexOf(symbol) != -1): null

2019-08-23 18:57:01 - [TEST_STEP][PASSED] - if (i == 3 &amp;&amp; wildList.indexOf(symbol) != -1): null

2019-08-23 18:57:01 - [TEST_STEP][PASSED] - if (i == 4 &amp;&amp; wildList.indexOf(symbol) != -1): null

2019-08-23 18:57:01 - [TEST_STEP][PASSED] - symbols = symbols: null

2019-08-23 18:57:01 - [TEST_STEP][PASSED] - for ([j = 0, j &lt; symbols.size(), (j++)]): null

2019-08-23 18:57:01 - [TEST_STEP][PASSED] - symbol = symbol: null

2019-08-23 18:57:01 - [TEST_STEP][PASSED] - println(symbol): null

2019-08-23 18:57:01 - [TEST_STEP][PASSED] - if (i == 2 &amp;&amp; wildList.indexOf(symbol) != -1): null

2019-08-23 18:57:01 - [TEST_STEP][PASSED] - if (i == 3 &amp;&amp; wildList.indexOf(symbol) != -1): null

2019-08-23 18:57:01 - [TEST_STEP][PASSED] - if (i == 4 &amp;&amp; wildList.indexOf(symbol) != -1): null

2019-08-23 18:57:01 - [TEST_STEP][PASSED] - symbol = symbol: null

2019-08-23 18:57:01 - [TEST_STEP][PASSED] - println(symbol): null

2019-08-23 18:57:01 - [TEST_STEP][PASSED] - if (i == 2 &amp;&amp; wildList.indexOf(symbol) != -1): null

2019-08-23 18:57:01 - [TEST_STEP][PASSED] - if (i == 3 &amp;&amp; wildList.indexOf(symbol) != -1): null

2019-08-23 18:57:01 - [TEST_STEP][PASSED] - if (i == 4 &amp;&amp; wildList.indexOf(symbol) != -1): null

2019-08-23 18:57:01 - [TEST_STEP][PASSED] - symbol = symbol: null

2019-08-23 18:57:01 - [TEST_STEP][PASSED] - println(symbol): null

2019-08-23 18:57:01 - [TEST_STEP][PASSED] - if (i == 2 &amp;&amp; wildList.indexOf(symbol) != -1): null

2019-08-23 18:57:01 - [TEST_STEP][PASSED] - println("wild found on reel 3, adding counter by 1"): null

2019-08-23 18:57:01 - [TEST_STEP][PASSED] - free_spin_reel_counter[0] = free_spin_reel_counter[0] + 1: null

2019-08-23 18:57:01 - [TEST_STEP][PASSED] - if (i == 3 &amp;&amp; wildList.indexOf(symbol) != -1): null

2019-08-23 18:57:01 - [TEST_STEP][PASSED] - if (i == 4 &amp;&amp; wildList.indexOf(symbol) != -1): null

2019-08-23 18:57:01 - [TEST_STEP][PASSED] - symbols = symbols: null

2019-08-23 18:57:01 - [TEST_STEP][PASSED] - for ([j = 0, j &lt; symbols.size(), (j++)]): null

2019-08-23 18:57:01 - [TEST_STEP][PASSED] - symbol = symbol: null

2019-08-23 18:57:01 - [TEST_STEP][PASSED] - println(symbol): null

2019-08-23 18:57:01 - [TEST_STEP][PASSED] - if (i == 2 &amp;&amp; wildList.indexOf(symbol) != -1): null

2019-08-23 18:57:01 - [TEST_STEP][PASSED] - if (i == 3 &amp;&amp; wildList.indexOf(symbol) != -1): null

2019-08-23 18:57:01 - [TEST_STEP][PASSED] - if (i == 4 &amp;&amp; wildList.indexOf(symbol) != -1): null

2019-08-23 18:57:01 - [TEST_STEP][PASSED] - symbol = symbol: null

2019-08-23 18:57:01 - [TEST_STEP][PASSED] - println(symbol): null

2019-08-23 18:57:01 - [TEST_STEP][PASSED] - if (i == 2 &amp;&amp; wildList.indexOf(symbol) != -1): null

2019-08-23 18:57:01 - [TEST_STEP][PASSED] - if (i == 3 &amp;&amp; wildList.indexOf(symbol) != -1): null

2019-08-23 18:57:01 - [TEST_STEP][PASSED] - if (i == 4 &amp;&amp; wildList.indexOf(symbol) != -1): null

2019-08-23 18:57:01 - [TEST_STEP][PASSED] - symbol = symbol: null

2019-08-23 18:57:01 - [TEST_STEP][PASSED] - println(symbol): null

2019-08-23 18:57:01 - [TEST_STEP][PASSED] - if (i == 2 &amp;&amp; wildList.indexOf(symbol) != -1): null

2019-08-23 18:57:01 - [TEST_STEP][PASSED] - if (i == 3 &amp;&amp; wildList.indexOf(symbol) != -1): null

2019-08-23 18:57:01 - [TEST_STEP][PASSED] - if (i == 4 &amp;&amp; wildList.indexOf(symbol) != -1): null

2019-08-23 18:57:01 - [TEST_STEP][PASSED] - symbols = symbols: null

2019-08-23 18:57:01 - [TEST_STEP][PASSED] - for ([j = 0, j &lt; symbols.size(), (j++)]): null

2019-08-23 18:57:01 - [TEST_STEP][PASSED] - symbol = symbol: null

2019-08-23 18:57:01 - [TEST_STEP][PASSED] - println(symbol): null

2019-08-23 18:57:01 - [TEST_STEP][PASSED] - if (i == 2 &amp;&amp; wildList.indexOf(symbol) != -1): null

2019-08-23 18:57:01 - [TEST_STEP][PASSED] - if (i == 3 &amp;&amp; wildList.indexOf(symbol) != -1): null

2019-08-23 18:57:01 - [TEST_STEP][PASSED] - if (i == 4 &amp;&amp; wildList.indexOf(symbol) != -1): null

2019-08-23 18:57:01 - [TEST_STEP][PASSED] - symbol = symbol: null

2019-08-23 18:57:01 - [TEST_STEP][PASSED] - println(symbol): null

2019-08-23 18:57:01 - [TEST_STEP][PASSED] - if (i == 2 &amp;&amp; wildList.indexOf(symbol) != -1): null

2019-08-23 18:57:01 - [TEST_STEP][PASSED] - if (i == 3 &amp;&amp; wildList.indexOf(symbol) != -1): null

2019-08-23 18:57:01 - [TEST_STEP][PASSED] - if (i == 4 &amp;&amp; wildList.indexOf(symbol) != -1): null

2019-08-23 18:57:01 - [TEST_STEP][PASSED] - symbol = symbol: null

2019-08-23 18:57:01 - [TEST_STEP][PASSED] - println(symbol): null

2019-08-23 18:57:01 - [TEST_STEP][PASSED] - if (i == 2 &amp;&amp; wildList.indexOf(symbol) != -1): null

2019-08-23 18:57:01 - [TEST_STEP][PASSED] - if (i == 3 &amp;&amp; wildList.indexOf(symbol) != -1): null

2019-08-23 18:57:01 - [TEST_STEP][PASSED] - if (i == 4 &amp;&amp; wildList.indexOf(symbol) != -1): null

2019-08-23 18:57:01 - [TEST_STEP][PASSED] - free_spin_reel_counter = free_spin_reel_counter: null

2019-08-23 18:57:01 - [TEST_STEP][PASSED] - println("reel 3 wild found: " + free_spin_reel_counter[0]): null

2019-08-23 18:57:01 - [TEST_STEP][PASSED] - println("reel 4 wild found: " + free_spin_reel_counter[1]): null

2019-08-23 18:57:01 - [TEST_STEP][PASSED] - println("reel 5 wild found: " + free_spin_reel_counter[2]): null

2019-08-23 18:57:01 - [TEST_STEP][PASSED] - M4_spin_reels = M4_spin_reels: null

2019-08-23 18:57:01 - [TEST_STEP][PASSED] - M4_spin_reels_symbols = symbol: null

2019-08-23 18:57:01 - [TEST_STEP][PASSED] - M4_spin_reels_symbols = M4_spin_reels_symbols: null

2019-08-23 18:57:01 - [TEST_STEP][PASSED] - M4_spin_reel_wins = reel_wins: null

2019-08-23 18:57:01 - [TEST_STEP][PASSED] - M4_spin_reel_wins = M4_spin_reel_wins: null

2019-08-23 18:57:01 - [TEST_STEP][PASSED] - println("GlobalVariable.M4_spin_reel_wins is: " + M4_spin_reel_wins): null

2019-08-23 18:57:01 - [TEST_STEP][PASSED] - M4_spin_total_bonus_win_this_round = total_bonus_win_this_round: null

2019-08-23 18:57:01 - [TEST_STEP][PASSED] - M4_spin_total_bonus_win_this_round = M4_spin_total_bonus_win_this_round: null

2019-08-23 18:57:01 - [TEST_STEP][PASSED] - println("GlobalVariable.M4_spin_total_bonus_win_this_round is: " + M4_spin_total_bonus_win_this_round): null

2019-08-23 18:57:01 - [TEST_STEP][PASSED] - M4_spin_bonus_spin_result = spin_result: null

2019-08-23 18:57:01 - [TEST_STEP][PASSED] - M4_spin_bonus_spin_result = M4_spin_bonus_spin_result: null

2019-08-23 18:57:01 - [MESSAGE][PASSED] - Verify response successfully

2019-08-23 18:57:01 - [MESSAGE][PASSED] - Send request and verify the response successfully

2019-08-23 18:57:01 - [TEST_STEP][PASSED] - if (free_spin_reel_counter[0] &gt;= 1 &amp;&amp; free_spin_reel_counter[1] &gt;= 1 &amp;&amp; free_spin_reel_counter[2] &gt;= 1): null

2019-08-23 18:57:01 - [TEST_STEP][PASSED] - spin_result = sendRequestAndVerify(findTestObject("INT/RGS(M4)/1_M4_spin", ["M4_login_user_id":M4_login_user_id, "rgs_session_token":rgs_session_token, "partner":Partner])): Send request and verify the response successfully

2019-08-23 18:57:01 - [MESSAGE][INFO] - HAR: /Users/eiralee/Katalon_Script/SuperWild/Reports/20190823_184757/INT/superWild_1/20190823_184757/requests/main/238.har

2019-08-23 18:57:01 - [TEST_CASE][PASSED] - Start Test Case : Verification: Verification accomplished successfully

2019-08-23 18:57:01 - [TEST_STEP][PASSED] - request = getInstance().getCurrentRequest(): null

2019-08-23 18:57:01 - [TEST_STEP][PASSED] - response = getInstance().getCurrentResponse(): null

2019-08-23 18:57:01 - [TEST_STEP][PASSED] - verifyResponseStatusCode(response, 200): Verify response status code successfully

2019-08-23 18:57:01 - [MESSAGE][PASSED] - Verify response status code successfully

2019-08-23 18:57:01 - [TEST_STEP][PASSED] - getStatusCode()).isEqualTo(200): null

2019-08-23 18:57:01 - [TEST_STEP][PASSED] - newline = System.getProperty("line.separator"): null

2019-08-23 18:57:01 - [TEST_STEP][PASSED] - M4_spin = new groovy.json.JsonSlurper(): null

2019-08-23 18:57:01 - [TEST_STEP][PASSED] - result_M4_spin = M4_spin.parseText(response.getResponseBodyContent()): null

2019-08-23 18:57:01 - [TEST_STEP][PASSED] - M4_spin_current_balance = current_balance: null

2019-08-23 18:57:01 - [TEST_STEP][PASSED] - M4_spin_current_balance = M4_spin_current_balance: null

2019-08-23 18:57:01 - [TEST_STEP][PASSED] - M4_spin_transaction_id = causality: null

2019-08-23 18:57:01 - [TEST_STEP][PASSED] - M4_spin_transaction_id = M4_spin_transaction_id: null

2019-08-23 18:57:01 - [TEST_STEP][PASSED] - M4_spin_round_id = round_id: null

2019-08-23 18:57:01 - [TEST_STEP][PASSED] - M4_spin_round_id = M4_spin_round_id: null

2019-08-23 18:57:01 - [TEST_STEP][PASSED] - M4_spin_line_wins = line_wins: null

2019-08-23 18:57:01 - [TEST_STEP][PASSED] - M4_spin_line_wins = M4_spin_line_wins: null

2019-08-23 18:57:01 - [TEST_STEP][PASSED] - M4_total_bonus_spins_int = total_bonus_spins: null

2019-08-23 18:57:01 - [TEST_STEP][PASSED] - println("******M4_total_bonus_spins type is:*******" + newline + getClass().getName()): null

2019-08-23 18:57:01 - [TEST_STEP][PASSED] - M4_total_bonus_spins_int = M4_total_bonus_spins_int: null

2019-08-23 18:57:01 - [TEST_STEP][PASSED] - M4_total_bonus_spins = Integer.toString(M4_total_bonus_spins_int): null

2019-08-23 18:57:01 - [TEST_STEP][PASSED] - M4_total_bonus_spins = M4_total_bonus_spins: null

2019-08-23 18:57:01 - [TEST_STEP][PASSED] - println("M4_total_bonus_spins is:" + M4_total_bonus_spins): null

2019-08-23 18:57:01 - [TEST_STEP][PASSED] - M4_spin_bonus_data = bonus_data: null

2019-08-23 18:57:01 - [TEST_STEP][PASSED] - M4_spin_features_triggered = result_M4_spin: null

2019-08-23 18:57:01 - [TEST_STEP][PASSED] - wild = []: null

2019-08-23 18:57:01 - [TEST_STEP][PASSED] - wild[0] = "WILD_Expanding": null

2019-08-23 18:57:01 - [TEST_STEP][PASSED] - wild[1] = "WILD_Normal": null

2019-08-23 18:57:01 - [TEST_STEP][PASSED] - wild[2] = "WILD_Double": null

2019-08-23 18:57:01 - [TEST_STEP][PASSED] - wild[3] = "WILD_ExtraFG": null

2019-08-23 18:57:01 - [TEST_STEP][PASSED] - wild[4] = "WILD_Triple": null

2019-08-23 18:57:01 - [TEST_STEP][PASSED] - wildList = Arrays.asList(wild): null

2019-08-23 18:57:01 - [TEST_STEP][PASSED] - wildList = wildList: null

2019-08-23 18:57:01 - [TEST_STEP][PASSED] - free_spin_reel_counter = []: null

2019-08-23 18:57:01 - [TEST_STEP][PASSED] - free_spin_reel_counter[0] = 0: null

2019-08-23 18:57:01 - [TEST_STEP][PASSED] - free_spin_reel_counter[1] = 0: null

2019-08-23 18:57:01 - [TEST_STEP][PASSED] - free_spin_reel_counter[2] = 0: null

2019-08-23 18:57:01 - [TEST_STEP][PASSED] - M4_spin_reels = reels: null

2019-08-23 18:57:01 - [TEST_STEP][PASSED] - for ([i = 0, i &lt; M4_spin_reels.size(), (i++)]): null

2019-08-23 18:57:01 - [TEST_STEP][PASSED] - symbols = symbols: null

2019-08-23 18:57:01 - [TEST_STEP][PASSED] - for ([j = 0, j &lt; symbols.size(), (j++)]): null

2019-08-23 18:57:01 - [TEST_STEP][PASSED] - symbol = symbol: null

2019-08-23 18:57:01 - [TEST_STEP][PASSED] - println(symbol): null

2019-08-23 18:57:01 - [TEST_STEP][PASSED] - if (i == 2 &amp;&amp; wildList.indexOf(symbol) != -1): null

2019-08-23 18:57:01 - [TEST_STEP][PASSED] - if (i == 3 &amp;&amp; wildList.indexOf(symbol) != -1): null

2019-08-23 18:57:01 - [TEST_STEP][PASSED] - if (i == 4 &amp;&amp; wildList.indexOf(symbol) != -1): null

2019-08-23 18:57:01 - [TEST_STEP][PASSED] - symbol = symbol: null

2019-08-23 18:57:01 - [TEST_STEP][PASSED] - println(symbol): null

2019-08-23 18:57:01 - [TEST_STEP][PASSED] - if (i == 2 &amp;&amp; wildList.indexOf(symbol) != -1): null

2019-08-23 18:57:01 - [TEST_STEP][PASSED] - if (i == 3 &amp;&amp; wildList.indexOf(symbol) != -1): null

2019-08-23 18:57:01 - [TEST_STEP][PASSED] - if (i == 4 &amp;&amp; wildList.indexOf(symbol) != -1): null

2019-08-23 18:57:01 - [TEST_STEP][PASSED] - symbol = symbol: null

2019-08-23 18:57:01 - [TEST_STEP][PASSED] - println(symbol): null

2019-08-23 18:57:01 - [TEST_STEP][PASSED] - if (i == 2 &amp;&amp; wildList.indexOf(symbol) != -1): null

2019-08-23 18:57:01 - [TEST_STEP][PASSED] - if (i == 3 &amp;&amp; wildList.indexOf(symbol) != -1): null

2019-08-23 18:57:01 - [TEST_STEP][PASSED] - if (i == 4 &amp;&amp; wildList.indexOf(symbol) != -1): null

2019-08-23 18:57:01 - [TEST_STEP][PASSED] - symbols = symbols: null

2019-08-23 18:57:01 - [TEST_STEP][PASSED] - for ([j = 0, j &lt; symbols.size(), (j++)]): null

2019-08-23 18:57:01 - [TEST_STEP][PASSED] - symbol = symbol: null

2019-08-23 18:57:01 - [TEST_STEP][PASSED] - println(symbol): null

2019-08-23 18:57:01 - [TEST_STEP][PASSED] - if (i == 2 &amp;&amp; wildList.indexOf(symbol) != -1): null

2019-08-23 18:57:01 - [TEST_STEP][PASSED] - if (i == 3 &amp;&amp; wildList.indexOf(symbol) != -1): null

2019-08-23 18:57:01 - [TEST_STEP][PASSED] - if (i == 4 &amp;&amp; wildList.indexOf(symbol) != -1): null

2019-08-23 18:57:01 - [TEST_STEP][PASSED] - symbol = symbol: null

2019-08-23 18:57:01 - [TEST_STEP][PASSED] - println(symbol): null

2019-08-23 18:57:01 - [TEST_STEP][PASSED] - if (i == 2 &amp;&amp; wildList.indexOf(symbol) != -1): null

2019-08-23 18:57:01 - [TEST_STEP][PASSED] - if (i == 3 &amp;&amp; wildList.indexOf(symbol) != -1): null

2019-08-23 18:57:01 - [TEST_STEP][PASSED] - if (i == 4 &amp;&amp; wildList.indexOf(symbol) != -1): null

2019-08-23 18:57:01 - [TEST_STEP][PASSED] - symbol = symbol: null

2019-08-23 18:57:01 - [TEST_STEP][PASSED] - println(symbol): null

2019-08-23 18:57:01 - [TEST_STEP][PASSED] - if (i == 2 &amp;&amp; wildList.indexOf(symbol) != -1): null

2019-08-23 18:57:01 - [TEST_STEP][PASSED] - if (i == 3 &amp;&amp; wildList.indexOf(symbol) != -1): null

2019-08-23 18:57:01 - [TEST_STEP][PASSED] - if (i == 4 &amp;&amp; wildList.indexOf(symbol) != -1): null

2019-08-23 18:57:01 - [TEST_STEP][PASSED] - symbols = symbols: null

2019-08-23 18:57:01 - [TEST_STEP][PASSED] - for ([j = 0, j &lt; symbols.size(), (j++)]): null

2019-08-23 18:57:01 - [TEST_STEP][PASSED] - symbol = symbol: null

2019-08-23 18:57:01 - [TEST_STEP][PASSED] - println(symbol): null

2019-08-23 18:57:01 - [TEST_STEP][PASSED] - if (i == 2 &amp;&amp; wildList.indexOf(symbol) != -1): null

2019-08-23 18:57:01 - [TEST_STEP][PASSED] - if (i == 3 &amp;&amp; wildList.indexOf(symbol) != -1): null

2019-08-23 18:57:01 - [TEST_STEP][PASSED] - if (i == 4 &amp;&amp; wildList.indexOf(symbol) != -1): null

2019-08-23 18:57:01 - [TEST_STEP][PASSED] - symbol = symbol: null

2019-08-23 18:57:01 - [TEST_STEP][PASSED] - println(symbol): null

2019-08-23 18:57:01 - [TEST_STEP][PASSED] - if (i == 2 &amp;&amp; wildList.indexOf(symbol) != -1): null

2019-08-23 18:57:01 - [TEST_STEP][PASSED] - if (i == 3 &amp;&amp; wildList.indexOf(symbol) != -1): null

2019-08-23 18:57:01 - [TEST_STEP][PASSED] - if (i == 4 &amp;&amp; wildList.indexOf(symbol) != -1): null

2019-08-23 18:57:01 - [TEST_STEP][PASSED] - symbol = symbol: null

2019-08-23 18:57:01 - [TEST_STEP][PASSED] - println(symbol): null

2019-08-23 18:57:01 - [TEST_STEP][PASSED] - if (i == 2 &amp;&amp; wildList.indexOf(symbol) != -1): null

2019-08-23 18:57:01 - [TEST_STEP][PASSED] - if (i == 3 &amp;&amp; wildList.indexOf(symbol) != -1): null

2019-08-23 18:57:01 - [TEST_STEP][PASSED] - if (i == 4 &amp;&amp; wildList.indexOf(symbol) != -1): null

2019-08-23 18:57:01 - [TEST_STEP][PASSED] - symbols = symbols: null

2019-08-23 18:57:01 - [TEST_STEP][PASSED] - for ([j = 0, j &lt; symbols.size(), (j++)]): null

2019-08-23 18:57:01 - [TEST_STEP][PASSED] - symbol = symbol: null

2019-08-23 18:57:01 - [TEST_STEP][PASSED] - println(symbol): null

2019-08-23 18:57:01 - [TEST_STEP][PASSED] - if (i == 2 &amp;&amp; wildList.indexOf(symbol) != -1): null

2019-08-23 18:57:01 - [TEST_STEP][PASSED] - if (i == 3 &amp;&amp; wildList.indexOf(symbol) != -1): null

2019-08-23 18:57:01 - [TEST_STEP][PASSED] - if (i == 4 &amp;&amp; wildList.indexOf(symbol) != -1): null

2019-08-23 18:57:01 - [TEST_STEP][PASSED] - symbol = symbol: null

2019-08-23 18:57:01 - [TEST_STEP][PASSED] - println(symbol): null

2019-08-23 18:57:01 - [TEST_STEP][PASSED] - if (i == 2 &amp;&amp; wildList.indexOf(symbol) != -1): null

2019-08-23 18:57:01 - [TEST_STEP][PASSED] - if (i == 3 &amp;&amp; wildList.indexOf(symbol) != -1): null

2019-08-23 18:57:01 - [TEST_STEP][PASSED] - if (i == 4 &amp;&amp; wildList.indexOf(symbol) != -1): null

2019-08-23 18:57:01 - [TEST_STEP][PASSED] - symbol = symbol: null

2019-08-23 18:57:01 - [TEST_STEP][PASSED] - println(symbol): null

2019-08-23 18:57:01 - [TEST_STEP][PASSED] - if (i == 2 &amp;&amp; wildList.indexOf(symbol) != -1): null

2019-08-23 18:57:01 - [TEST_STEP][PASSED] - if (i == 3 &amp;&amp; wildList.indexOf(symbol) != -1): null

2019-08-23 18:57:01 - [TEST_STEP][PASSED] - println("wild found on reel 4, adding counter by 1"): null

2019-08-23 18:57:01 - [TEST_STEP][PASSED] - free_spin_reel_counter[1] = free_spin_reel_counter[1] + 1: null

2019-08-23 18:57:01 - [TEST_STEP][PASSED] - if (i == 4 &amp;&amp; wildList.indexOf(symbol) != -1): null

2019-08-23 18:57:01 - [TEST_STEP][PASSED] - symbols = symbols: null

2019-08-23 18:57:01 - [TEST_STEP][PASSED] - for ([j = 0, j &lt; symbols.size(), (j++)]): null

2019-08-23 18:57:01 - [TEST_STEP][PASSED] - symbol = symbol: null

2019-08-23 18:57:01 - [TEST_STEP][PASSED] - println(symbol): null

2019-08-23 18:57:01 - [TEST_STEP][PASSED] - if (i == 2 &amp;&amp; wildList.indexOf(symbol) != -1): null

2019-08-23 18:57:01 - [TEST_STEP][PASSED] - if (i == 3 &amp;&amp; wildList.indexOf(symbol) != -1): null

2019-08-23 18:57:01 - [TEST_STEP][PASSED] - if (i == 4 &amp;&amp; wildList.indexOf(symbol) != -1): null

2019-08-23 18:57:01 - [TEST_STEP][PASSED] - println("wild found on reel 5, adding counter by 1"): null

2019-08-23 18:57:01 - [TEST_STEP][PASSED] - free_spin_reel_counter[2] = free_spin_reel_counter[2] + 1: null

2019-08-23 18:57:01 - [TEST_STEP][PASSED] - symbol = symbol: null

2019-08-23 18:57:01 - [TEST_STEP][PASSED] - println(symbol): null

2019-08-23 18:57:01 - [TEST_STEP][PASSED] - if (i == 2 &amp;&amp; wildList.indexOf(symbol) != -1): null

2019-08-23 18:57:01 - [TEST_STEP][PASSED] - if (i == 3 &amp;&amp; wildList.indexOf(symbol) != -1): null

2019-08-23 18:57:01 - [TEST_STEP][PASSED] - if (i == 4 &amp;&amp; wildList.indexOf(symbol) != -1): null

2019-08-23 18:57:01 - [TEST_STEP][PASSED] - symbol = symbol: null

2019-08-23 18:57:01 - [TEST_STEP][PASSED] - println(symbol): null

2019-08-23 18:57:01 - [TEST_STEP][PASSED] - if (i == 2 &amp;&amp; wildList.indexOf(symbol) != -1): null

2019-08-23 18:57:01 - [TEST_STEP][PASSED] - if (i == 3 &amp;&amp; wildList.indexOf(symbol) != -1): null

2019-08-23 18:57:01 - [TEST_STEP][PASSED] - if (i == 4 &amp;&amp; wildList.indexOf(symbol) != -1): null

2019-08-23 18:57:01 - [TEST_STEP][PASSED] - free_spin_reel_counter = free_spin_reel_counter: null

2019-08-23 18:57:01 - [TEST_STEP][PASSED] - println("reel 3 wild found: " + free_spin_reel_counter[0]): null

2019-08-23 18:57:01 - [TEST_STEP][PASSED] - println("reel 4 wild found: " + free_spin_reel_counter[1]): null

2019-08-23 18:57:01 - [TEST_STEP][PASSED] - println("reel 5 wild found: " + free_spin_reel_counter[2]): null

2019-08-23 18:57:01 - [TEST_STEP][PASSED] - M4_spin_reels = M4_spin_reels: null

2019-08-23 18:57:01 - [TEST_STEP][PASSED] - M4_spin_reels_symbols = symbol: null

2019-08-23 18:57:01 - [TEST_STEP][PASSED] - M4_spin_reels_symbols = M4_spin_reels_symbols: null

2019-08-23 18:57:01 - [TEST_STEP][PASSED] - M4_spin_reel_wins = reel_wins: null

2019-08-23 18:57:01 - [TEST_STEP][PASSED] - M4_spin_reel_wins = M4_spin_reel_wins: null

2019-08-23 18:57:01 - [TEST_STEP][PASSED] - println("GlobalVariable.M4_spin_reel_wins is: " + M4_spin_reel_wins): null

2019-08-23 18:57:01 - [TEST_STEP][PASSED] - M4_spin_total_bonus_win_this_round = total_bonus_win_this_round: null

2019-08-23 18:57:01 - [TEST_STEP][PASSED] - M4_spin_total_bonus_win_this_round = M4_spin_total_bonus_win_this_round: null

2019-08-23 18:57:01 - [TEST_STEP][PASSED] - println("GlobalVariable.M4_spin_total_bonus_win_this_round is: " + M4_spin_total_bonus_win_this_round): null

2019-08-23 18:57:01 - [TEST_STEP][PASSED] - M4_spin_bonus_spin_result = spin_result: null

2019-08-23 18:57:01 - [TEST_STEP][PASSED] - M4_spin_bonus_spin_result = M4_spin_bonus_spin_result: null

2019-08-23 18:57:01 - [MESSAGE][PASSED] - Verify response successfully

2019-08-23 18:57:01 - [MESSAGE][PASSED] - Send request and verify the response successfully

2019-08-23 18:57:01 - [TEST_STEP][PASSED] - if (free_spin_reel_counter[0] &gt;= 1 &amp;&amp; free_spin_reel_counter[1] &gt;= 1 &amp;&amp; free_spin_reel_counter[2] &gt;= 1): null

2019-08-23 18:57:01 - [TEST_STEP][PASSED] - spin_result = sendRequestAndVerify(findTestObject("INT/RGS(M4)/1_M4_spin", ["M4_login_user_id":M4_login_user_id, "rgs_session_token":rgs_session_token, "partner":Partner])): Send request and verify the response successfully

2019-08-23 18:57:02 - [MESSAGE][INFO] - HAR: /Users/eiralee/Katalon_Script/SuperWild/Reports/20190823_184757/INT/superWild_1/20190823_184757/requests/main/239.har

2019-08-23 18:57:02 - [TEST_CASE][PASSED] - Start Test Case : Verification: Verification accomplished successfully

2019-08-23 18:57:02 - [TEST_STEP][PASSED] - request = getInstance().getCurrentRequest(): null

2019-08-23 18:57:02 - [TEST_STEP][PASSED] - response = getInstance().getCurrentResponse(): null

2019-08-23 18:57:02 - [TEST_STEP][PASSED] - verifyResponseStatusCode(response, 200): Verify response status code successfully

2019-08-23 18:57:02 - [MESSAGE][PASSED] - Verify response status code successfully

2019-08-23 18:57:02 - [TEST_STEP][PASSED] - getStatusCode()).isEqualTo(200): null

2019-08-23 18:57:02 - [TEST_STEP][PASSED] - newline = System.getProperty("line.separator"): null

2019-08-23 18:57:02 - [TEST_STEP][PASSED] - M4_spin = new groovy.json.JsonSlurper(): null

2019-08-23 18:57:02 - [TEST_STEP][PASSED] - result_M4_spin = M4_spin.parseText(response.getResponseBodyContent()): null

2019-08-23 18:57:02 - [TEST_STEP][PASSED] - M4_spin_current_balance = current_balance: null

2019-08-23 18:57:02 - [TEST_STEP][PASSED] - M4_spin_current_balance = M4_spin_current_balance: null

2019-08-23 18:57:02 - [TEST_STEP][PASSED] - M4_spin_transaction_id = causality: null

2019-08-23 18:57:02 - [TEST_STEP][PASSED] - M4_spin_transaction_id = M4_spin_transaction_id: null

2019-08-23 18:57:02 - [TEST_STEP][PASSED] - M4_spin_round_id = round_id: null

2019-08-23 18:57:02 - [TEST_STEP][PASSED] - M4_spin_round_id = M4_spin_round_id: null

2019-08-23 18:57:02 - [TEST_STEP][PASSED] - M4_spin_line_wins = line_wins: null

2019-08-23 18:57:02 - [TEST_STEP][PASSED] - M4_spin_line_wins = M4_spin_line_wins: null

2019-08-23 18:57:02 - [TEST_STEP][PASSED] - M4_total_bonus_spins_int = total_bonus_spins: null

2019-08-23 18:57:02 - [TEST_STEP][PASSED] - println("******M4_total_bonus_spins type is:*******" + newline + getClass().getName()): null

2019-08-23 18:57:02 - [TEST_STEP][PASSED] - M4_total_bonus_spins_int = M4_total_bonus_spins_int: null

2019-08-23 18:57:02 - [TEST_STEP][PASSED] - M4_total_bonus_spins = Integer.toString(M4_total_bonus_spins_int): null

2019-08-23 18:57:02 - [TEST_STEP][PASSED] - M4_total_bonus_spins = M4_total_bonus_spins: null

2019-08-23 18:57:02 - [TEST_STEP][PASSED] - println("M4_total_bonus_spins is:" + M4_total_bonus_spins): null

2019-08-23 18:57:02 - [TEST_STEP][PASSED] - M4_spin_bonus_data = bonus_data: null

2019-08-23 18:57:02 - [TEST_STEP][PASSED] - M4_spin_features_triggered = result_M4_spin: null

2019-08-23 18:57:02 - [TEST_STEP][PASSED] - wild = []: null

2019-08-23 18:57:02 - [TEST_STEP][PASSED] - wild[0] = "WILD_Expanding": null

2019-08-23 18:57:02 - [TEST_STEP][PASSED] - wild[1] = "WILD_Normal": null

2019-08-23 18:57:02 - [TEST_STEP][PASSED] - wild[2] = "WILD_Double": null

2019-08-23 18:57:02 - [TEST_STEP][PASSED] - wild[3] = "WILD_ExtraFG": null

2019-08-23 18:57:02 - [TEST_STEP][PASSED] - wild[4] = "WILD_Triple": null

2019-08-23 18:57:02 - [TEST_STEP][PASSED] - wildList = Arrays.asList(wild): null

2019-08-23 18:57:02 - [TEST_STEP][PASSED] - wildList = wildList: null

2019-08-23 18:57:02 - [TEST_STEP][PASSED] - free_spin_reel_counter = []: null

2019-08-23 18:57:02 - [TEST_STEP][PASSED] - free_spin_reel_counter[0] = 0: null

2019-08-23 18:57:02 - [TEST_STEP][PASSED] - free_spin_reel_counter[1] = 0: null

2019-08-23 18:57:02 - [TEST_STEP][PASSED] - free_spin_reel_counter[2] = 0: null

2019-08-23 18:57:02 - [TEST_STEP][PASSED] - M4_spin_reels = reels: null

2019-08-23 18:57:02 - [TEST_STEP][PASSED] - for ([i = 0, i &lt; M4_spin_reels.size(), (i++)]): null

2019-08-23 18:57:02 - [TEST_STEP][PASSED] - symbols = symbols: null

2019-08-23 18:57:02 - [TEST_STEP][PASSED] - for ([j = 0, j &lt; symbols.size(), (j++)]): null

2019-08-23 18:57:02 - [TEST_STEP][PASSED] - symbol = symbol: null

2019-08-23 18:57:02 - [TEST_STEP][PASSED] - println(symbol): null

2019-08-23 18:57:02 - [TEST_STEP][PASSED] - if (i == 2 &amp;&amp; wildList.indexOf(symbol) != -1): null

2019-08-23 18:57:02 - [TEST_STEP][PASSED] - if (i == 3 &amp;&amp; wildList.indexOf(symbol) != -1): null

2019-08-23 18:57:04 - [TEST_STEP][PASSED] - if (i == 4 &amp;&amp; wildList.indexOf(symbol) != -1): null

2019-08-23 18:57:04 - [TEST_STEP][PASSED] - symbol = symbol: null

2019-08-23 18:57:04 - [TEST_STEP][PASSED] - println(symbol): null

2019-08-23 18:57:04 - [TEST_STEP][PASSED] - if (i == 2 &amp;&amp; wildList.indexOf(symbol) != -1): null

2019-08-23 18:57:04 - [TEST_STEP][PASSED] - if (i == 3 &amp;&amp; wildList.indexOf(symbol) != -1): null

2019-08-23 18:57:04 - [TEST_STEP][PASSED] - if (i == 4 &amp;&amp; wildList.indexOf(symbol) != -1): null

2019-08-23 18:57:04 - [TEST_STEP][PASSED] - symbol = symbol: null

2019-08-23 18:57:04 - [TEST_STEP][PASSED] - println(symbol): null

2019-08-23 18:57:04 - [TEST_STEP][PASSED] - if (i == 2 &amp;&amp; wildList.indexOf(symbol) != -1): null

2019-08-23 18:57:04 - [TEST_STEP][PASSED] - if (i == 3 &amp;&amp; wildList.indexOf(symbol) != -1): null

2019-08-23 18:57:04 - [TEST_STEP][PASSED] - if (i == 4 &amp;&amp; wildList.indexOf(symbol) != -1): null

2019-08-23 18:57:04 - [TEST_STEP][PASSED] - symbols = symbols: null

2019-08-23 18:57:04 - [TEST_STEP][PASSED] - for ([j = 0, j &lt; symbols.size(), (j++)]): null

2019-08-23 18:57:04 - [TEST_STEP][PASSED] - symbol = symbol: null

2019-08-23 18:57:04 - [TEST_STEP][PASSED] - println(symbol): null

2019-08-23 18:57:04 - [TEST_STEP][PASSED] - if (i == 2 &amp;&amp; wildList.indexOf(symbol) != -1): null

2019-08-23 18:57:04 - [TEST_STEP][PASSED] - if (i == 3 &amp;&amp; wildList.indexOf(symbol) != -1): null

2019-08-23 18:57:04 - [TEST_STEP][PASSED] - if (i == 4 &amp;&amp; wildList.indexOf(symbol) != -1): null

2019-08-23 18:57:04 - [TEST_STEP][PASSED] - symbol = symbol: null

2019-08-23 18:57:04 - [TEST_STEP][PASSED] - println(symbol): null

2019-08-23 18:57:04 - [TEST_STEP][PASSED] - if (i == 2 &amp;&amp; wildList.indexOf(symbol) != -1): null

2019-08-23 18:57:04 - [TEST_STEP][PASSED] - if (i == 3 &amp;&amp; wildList.indexOf(symbol) != -1): null

2019-08-23 18:57:04 - [TEST_STEP][PASSED] - if (i == 4 &amp;&amp; wildList.indexOf(symbol) != -1): null

2019-08-23 18:57:04 - [TEST_STEP][PASSED] - symbol = symbol: null

2019-08-23 18:57:04 - [TEST_STEP][PASSED] - println(symbol): null

2019-08-23 18:57:04 - [TEST_STEP][PASSED] - if (i == 2 &amp;&amp; wildList.indexOf(symbol) != -1): null

2019-08-23 18:57:04 - [TEST_STEP][PASSED] - if (i == 3 &amp;&amp; wildList.indexOf(symbol) != -1): null

2019-08-23 18:57:04 - [TEST_STEP][PASSED] - if (i == 4 &amp;&amp; wildList.indexOf(symbol) != -1): null

2019-08-23 18:57:04 - [TEST_STEP][PASSED] - symbols = symbols: null

2019-08-23 18:57:04 - [TEST_STEP][PASSED] - for ([j = 0, j &lt; symbols.size(), (j++)]): null

2019-08-23 18:57:04 - [TEST_STEP][PASSED] - symbol = symbol: null

2019-08-23 18:57:04 - [TEST_STEP][PASSED] - println(symbol): null

2019-08-23 18:57:04 - [TEST_STEP][PASSED] - if (i == 2 &amp;&amp; wildList.indexOf(symbol) != -1): null

2019-08-23 18:57:04 - [TEST_STEP][PASSED] - if (i == 3 &amp;&amp; wildList.indexOf(symbol) != -1): null

2019-08-23 18:57:04 - [TEST_STEP][PASSED] - if (i == 4 &amp;&amp; wildList.indexOf(symbol) != -1): null

2019-08-23 18:57:04 - [TEST_STEP][PASSED] - symbol = symbol: null

2019-08-23 18:57:04 - [TEST_STEP][PASSED] - println(symbol): null

2019-08-23 18:57:04 - [TEST_STEP][PASSED] - if (i == 2 &amp;&amp; wildList.indexOf(symbol) != -1): null

2019-08-23 18:57:04 - [TEST_STEP][PASSED] - if (i == 3 &amp;&amp; wildList.indexOf(symbol) != -1): null

2019-08-23 18:57:04 - [TEST_STEP][PASSED] - if (i == 4 &amp;&amp; wildList.indexOf(symbol) != -1): null

2019-08-23 18:57:04 - [TEST_STEP][PASSED] - symbol = symbol: null

2019-08-23 18:57:04 - [TEST_STEP][PASSED] - println(symbol): null

2019-08-23 18:57:04 - [TEST_STEP][PASSED] - if (i == 2 &amp;&amp; wildList.indexOf(symbol) != -1): null

2019-08-23 18:57:04 - [TEST_STEP][PASSED] - if (i == 3 &amp;&amp; wildList.indexOf(symbol) != -1): null

2019-08-23 18:57:04 - [TEST_STEP][PASSED] - if (i == 4 &amp;&amp; wildList.indexOf(symbol) != -1): null

2019-08-23 18:57:04 - [TEST_STEP][PASSED] - symbols = symbols: null

2019-08-23 18:57:04 - [TEST_STEP][PASSED] - for ([j = 0, j &lt; symbols.size(), (j++)]): null

2019-08-23 18:57:04 - [TEST_STEP][PASSED] - symbol = symbol: null

2019-08-23 18:57:04 - [TEST_STEP][PASSED] - println(symbol): null

2019-08-23 18:57:04 - [TEST_STEP][PASSED] - if (i == 2 &amp;&amp; wildList.indexOf(symbol) != -1): null

2019-08-23 18:57:04 - [TEST_STEP][PASSED] - if (i == 3 &amp;&amp; wildList.indexOf(symbol) != -1): null

2019-08-23 18:57:04 - [TEST_STEP][PASSED] - if (i == 4 &amp;&amp; wildList.indexOf(symbol) != -1): null

2019-08-23 18:57:04 - [TEST_STEP][PASSED] - symbol = symbol: null

2019-08-23 18:57:04 - [TEST_STEP][PASSED] - println(symbol): null

2019-08-23 18:57:04 - [TEST_STEP][PASSED] - if (i == 2 &amp;&amp; wildList.indexOf(symbol) != -1): null

2019-08-23 18:57:04 - [TEST_STEP][PASSED] - if (i == 3 &amp;&amp; wildList.indexOf(symbol) != -1): null

2019-08-23 18:57:04 - [TEST_STEP][PASSED] - if (i == 4 &amp;&amp; wildList.indexOf(symbol) != -1): null

2019-08-23 18:57:04 - [TEST_STEP][PASSED] - symbol = symbol: null

2019-08-23 18:57:04 - [TEST_STEP][PASSED] - println(symbol): null

2019-08-23 18:57:04 - [TEST_STEP][PASSED] - if (i == 2 &amp;&amp; wildList.indexOf(symbol) != -1): null

2019-08-23 18:57:04 - [TEST_STEP][PASSED] - if (i == 3 &amp;&amp; wildList.indexOf(symbol) != -1): null

2019-08-23 18:57:04 - [TEST_STEP][PASSED] - if (i == 4 &amp;&amp; wildList.indexOf(symbol) != -1): null

2019-08-23 18:57:04 - [TEST_STEP][PASSED] - symbols = symbols: null

2019-08-23 18:57:04 - [TEST_STEP][PASSED] - for ([j = 0, j &lt; symbols.size(), (j++)]): null

2019-08-23 18:57:04 - [TEST_STEP][PASSED] - symbol = symbol: null

2019-08-23 18:57:04 - [TEST_STEP][PASSED] - println(symbol): null

2019-08-23 18:57:04 - [TEST_STEP][PASSED] - if (i == 2 &amp;&amp; wildList.indexOf(symbol) != -1): null

2019-08-23 18:57:04 - [TEST_STEP][PASSED] - if (i == 3 &amp;&amp; wildList.indexOf(symbol) != -1): null

2019-08-23 18:57:04 - [TEST_STEP][PASSED] - if (i == 4 &amp;&amp; wildList.indexOf(symbol) != -1): null

2019-08-23 18:57:04 - [TEST_STEP][PASSED] - symbol = symbol: null

2019-08-23 18:57:04 - [TEST_STEP][PASSED] - println(symbol): null

2019-08-23 18:57:04 - [TEST_STEP][PASSED] - if (i == 2 &amp;&amp; wildList.indexOf(symbol) != -1): null

2019-08-23 18:57:04 - [TEST_STEP][PASSED] - if (i == 3 &amp;&amp; wildList.indexOf(symbol) != -1): null

2019-08-23 18:57:04 - [TEST_STEP][PASSED] - if (i == 4 &amp;&amp; wildList.indexOf(symbol) != -1): null

2019-08-23 18:57:04 - [TEST_STEP][PASSED] - symbol = symbol: null

2019-08-23 18:57:04 - [TEST_STEP][PASSED] - println(symbol): null

2019-08-23 18:57:04 - [TEST_STEP][PASSED] - if (i == 2 &amp;&amp; wildList.indexOf(symbol) != -1): null

2019-08-23 18:57:04 - [TEST_STEP][PASSED] - if (i == 3 &amp;&amp; wildList.indexOf(symbol) != -1): null

2019-08-23 18:57:04 - [TEST_STEP][PASSED] - if (i == 4 &amp;&amp; wildList.indexOf(symbol) != -1): null

2019-08-23 18:57:04 - [TEST_STEP][PASSED] - free_spin_reel_counter = free_spin_reel_counter: null

2019-08-23 18:57:04 - [TEST_STEP][PASSED] - println("reel 3 wild found: " + free_spin_reel_counter[0]): null

2019-08-23 18:57:04 - [TEST_STEP][PASSED] - println("reel 4 wild found: " + free_spin_reel_counter[1]): null

2019-08-23 18:57:04 - [TEST_STEP][PASSED] - println("reel 5 wild found: " + free_spin_reel_counter[2]): null

2019-08-23 18:57:04 - [TEST_STEP][PASSED] - M4_spin_reels = M4_spin_reels: null

2019-08-23 18:57:04 - [TEST_STEP][PASSED] - M4_spin_reels_symbols = symbol: null

2019-08-23 18:57:04 - [TEST_STEP][PASSED] - M4_spin_reels_symbols = M4_spin_reels_symbols: null

2019-08-23 18:57:04 - [TEST_STEP][PASSED] - M4_spin_reel_wins = reel_wins: null

2019-08-23 18:57:04 - [TEST_STEP][PASSED] - M4_spin_reel_wins = M4_spin_reel_wins: null

2019-08-23 18:57:04 - [TEST_STEP][PASSED] - println("GlobalVariable.M4_spin_reel_wins is: " + M4_spin_reel_wins): null

2019-08-23 18:57:04 - [TEST_STEP][PASSED] - M4_spin_total_bonus_win_this_round = total_bonus_win_this_round: null

2019-08-23 18:57:04 - [TEST_STEP][PASSED] - M4_spin_total_bonus_win_this_round = M4_spin_total_bonus_win_this_round: null

2019-08-23 18:57:04 - [TEST_STEP][PASSED] - println("GlobalVariable.M4_spin_total_bonus_win_this_round is: " + M4_spin_total_bonus_win_this_round): null

2019-08-23 18:57:04 - [TEST_STEP][PASSED] - M4_spin_bonus_spin_result = spin_result: null

2019-08-23 18:57:04 - [TEST_STEP][PASSED] - M4_spin_bonus_spin_result = M4_spin_bonus_spin_result: null

2019-08-23 18:57:04 - [MESSAGE][PASSED] - Verify response successfully

2019-08-23 18:57:04 - [MESSAGE][PASSED] - Send request and verify the response successfully

2019-08-23 18:57:04 - [TEST_STEP][PASSED] - if (free_spin_reel_counter[0] &gt;= 1 &amp;&amp; free_spin_reel_counter[1] &gt;= 1 &amp;&amp; free_spin_reel_counter[2] &gt;= 1): null

2019-08-23 18:57:04 - [TEST_STEP][PASSED] - spin_result = sendRequestAndVerify(findTestObject("INT/RGS(M4)/1_M4_spin", ["M4_login_user_id":M4_login_user_id, "rgs_session_token":rgs_session_token, "partner":Partner])): Send request and verify the response successfully

2019-08-23 18:57:05 - [MESSAGE][INFO] - HAR: /Users/eiralee/Katalon_Script/SuperWild/Reports/20190823_184757/INT/superWild_1/20190823_184757/requests/main/240.har

2019-08-23 18:57:05 - [TEST_CASE][PASSED] - Start Test Case : Verification: Verification accomplished successfully

2019-08-23 18:57:05 - [TEST_STEP][PASSED] - request = getInstance().getCurrentRequest(): null

2019-08-23 18:57:05 - [TEST_STEP][PASSED] - response = getInstance().getCurrentResponse(): null

2019-08-23 18:57:05 - [TEST_STEP][PASSED] - verifyResponseStatusCode(response, 200): Verify response status code successfully

2019-08-23 18:57:05 - [MESSAGE][PASSED] - Verify response status code successfully

2019-08-23 18:57:05 - [TEST_STEP][PASSED] - getStatusCode()).isEqualTo(200): null

2019-08-23 18:57:05 - [TEST_STEP][PASSED] - newline = System.getProperty("line.separator"): null

2019-08-23 18:57:05 - [TEST_STEP][PASSED] - M4_spin = new groovy.json.JsonSlurper(): null

2019-08-23 18:57:05 - [TEST_STEP][PASSED] - result_M4_spin = M4_spin.parseText(response.getResponseBodyContent()): null

2019-08-23 18:57:05 - [TEST_STEP][PASSED] - M4_spin_current_balance = current_balance: null

2019-08-23 18:57:05 - [TEST_STEP][PASSED] - M4_spin_current_balance = M4_spin_current_balance: null

2019-08-23 18:57:05 - [TEST_STEP][PASSED] - M4_spin_transaction_id = causality: null

2019-08-23 18:57:05 - [TEST_STEP][PASSED] - M4_spin_transaction_id = M4_spin_transaction_id: null

2019-08-23 18:57:05 - [TEST_STEP][PASSED] - M4_spin_round_id = round_id: null

2019-08-23 18:57:05 - [TEST_STEP][PASSED] - M4_spin_round_id = M4_spin_round_id: null

2019-08-23 18:57:05 - [TEST_STEP][PASSED] - M4_spin_line_wins = line_wins: null

2019-08-23 18:57:05 - [TEST_STEP][PASSED] - M4_spin_line_wins = M4_spin_line_wins: null

2019-08-23 18:57:05 - [TEST_STEP][PASSED] - M4_total_bonus_spins_int = total_bonus_spins: null

2019-08-23 18:57:05 - [TEST_STEP][PASSED] - println("******M4_total_bonus_spins type is:*******" + newline + getClass().getName()): null

2019-08-23 18:57:05 - [TEST_STEP][PASSED] - M4_total_bonus_spins_int = M4_total_bonus_spins_int: null

2019-08-23 18:57:05 - [TEST_STEP][PASSED] - M4_total_bonus_spins = Integer.toString(M4_total_bonus_spins_int): null

2019-08-23 18:57:05 - [TEST_STEP][PASSED] - M4_total_bonus_spins = M4_total_bonus_spins: null

2019-08-23 18:57:05 - [TEST_STEP][PASSED] - println("M4_total_bonus_spins is:" + M4_total_bonus_spins): null

2019-08-23 18:57:05 - [TEST_STEP][PASSED] - M4_spin_bonus_data = bonus_data: null

2019-08-23 18:57:05 - [TEST_STEP][PASSED] - M4_spin_features_triggered = result_M4_spin: null

2019-08-23 18:57:05 - [TEST_STEP][PASSED] - wild = []: null

2019-08-23 18:57:05 - [TEST_STEP][PASSED] - wild[0] = "WILD_Expanding": null

2019-08-23 18:57:05 - [TEST_STEP][PASSED] - wild[1] = "WILD_Normal": null

2019-08-23 18:57:05 - [TEST_STEP][PASSED] - wild[2] = "WILD_Double": null

2019-08-23 18:57:05 - [TEST_STEP][PASSED] - wild[3] = "WILD_ExtraFG": null

2019-08-23 18:57:05 - [TEST_STEP][PASSED] - wild[4] = "WILD_Triple": null

2019-08-23 18:57:05 - [TEST_STEP][PASSED] - wildList = Arrays.asList(wild): null

2019-08-23 18:57:05 - [TEST_STEP][PASSED] - wildList = wildList: null

2019-08-23 18:57:05 - [TEST_STEP][PASSED] - free_spin_reel_counter = []: null

2019-08-23 18:57:05 - [TEST_STEP][PASSED] - free_spin_reel_counter[0] = 0: null

2019-08-23 18:57:05 - [TEST_STEP][PASSED] - free_spin_reel_counter[1] = 0: null

2019-08-23 18:57:05 - [TEST_STEP][PASSED] - free_spin_reel_counter[2] = 0: null

2019-08-23 18:57:05 - [TEST_STEP][PASSED] - M4_spin_reels = reels: null

2019-08-23 18:57:05 - [TEST_STEP][PASSED] - for ([i = 0, i &lt; M4_spin_reels.size(), (i++)]): null

2019-08-23 18:57:05 - [TEST_STEP][PASSED] - symbols = symbols: null

2019-08-23 18:57:05 - [TEST_STEP][PASSED] - for ([j = 0, j &lt; symbols.size(), (j++)]): null

2019-08-23 18:57:05 - [TEST_STEP][PASSED] - symbol = symbol: null

2019-08-23 18:57:05 - [TEST_STEP][PASSED] - println(symbol): null

2019-08-23 18:57:05 - [TEST_STEP][PASSED] - if (i == 2 &amp;&amp; wildList.indexOf(symbol) != -1): null

2019-08-23 18:57:05 - [TEST_STEP][PASSED] - if (i == 3 &amp;&amp; wildList.indexOf(symbol) != -1): null

2019-08-23 18:57:05 - [TEST_STEP][PASSED] - if (i == 4 &amp;&amp; wildList.indexOf(symbol) != -1): null

2019-08-23 18:57:05 - [TEST_STEP][PASSED] - symbol = symbol: null

2019-08-23 18:57:05 - [TEST_STEP][PASSED] - println(symbol): null

2019-08-23 18:57:05 - [TEST_STEP][PASSED] - if (i == 2 &amp;&amp; wildList.indexOf(symbol) != -1): null

2019-08-23 18:57:05 - [TEST_STEP][PASSED] - if (i == 3 &amp;&amp; wildList.indexOf(symbol) != -1): null

2019-08-23 18:57:05 - [TEST_STEP][PASSED] - if (i == 4 &amp;&amp; wildList.indexOf(symbol) != -1): null

2019-08-23 18:57:05 - [TEST_STEP][PASSED] - symbol = symbol: null

2019-08-23 18:57:05 - [TEST_STEP][PASSED] - println(symbol): null

2019-08-23 18:57:05 - [TEST_STEP][PASSED] - if (i == 2 &amp;&amp; wildList.indexOf(symbol) != -1): null

2019-08-23 18:57:05 - [TEST_STEP][PASSED] - if (i == 3 &amp;&amp; wildList.indexOf(symbol) != -1): null

2019-08-23 18:57:05 - [TEST_STEP][PASSED] - if (i == 4 &amp;&amp; wildList.indexOf(symbol) != -1): null

2019-08-23 18:57:05 - [TEST_STEP][PASSED] - symbols = symbols: null

2019-08-23 18:57:05 - [TEST_STEP][PASSED] - for ([j = 0, j &lt; symbols.size(), (j++)]): null

2019-08-23 18:57:05 - [TEST_STEP][PASSED] - symbol = symbol: null

2019-08-23 18:57:05 - [TEST_STEP][PASSED] - println(symbol): null

2019-08-23 18:57:05 - [TEST_STEP][PASSED] - if (i == 2 &amp;&amp; wildList.indexOf(symbol) != -1): null

2019-08-23 18:57:05 - [TEST_STEP][PASSED] - if (i == 3 &amp;&amp; wildList.indexOf(symbol) != -1): null

2019-08-23 18:57:05 - [TEST_STEP][PASSED] - if (i == 4 &amp;&amp; wildList.indexOf(symbol) != -1): null

2019-08-23 18:57:05 - [TEST_STEP][PASSED] - symbol = symbol: null

2019-08-23 18:57:05 - [TEST_STEP][PASSED] - println(symbol): null

2019-08-23 18:57:05 - [TEST_STEP][PASSED] - if (i == 2 &amp;&amp; wildList.indexOf(symbol) != -1): null

2019-08-23 18:57:05 - [TEST_STEP][PASSED] - if (i == 3 &amp;&amp; wildList.indexOf(symbol) != -1): null

2019-08-23 18:57:05 - [TEST_STEP][PASSED] - if (i == 4 &amp;&amp; wildList.indexOf(symbol) != -1): null

2019-08-23 18:57:05 - [TEST_STEP][PASSED] - symbol = symbol: null

2019-08-23 18:57:05 - [TEST_STEP][PASSED] - println(symbol): null

2019-08-23 18:57:05 - [TEST_STEP][PASSED] - if (i == 2 &amp;&amp; wildList.indexOf(symbol) != -1): null

2019-08-23 18:57:05 - [TEST_STEP][PASSED] - if (i == 3 &amp;&amp; wildList.indexOf(symbol) != -1): null

2019-08-23 18:57:05 - [TEST_STEP][PASSED] - if (i == 4 &amp;&amp; wildList.indexOf(symbol) != -1): null

2019-08-23 18:57:05 - [TEST_STEP][PASSED] - symbols = symbols: null

2019-08-23 18:57:05 - [TEST_STEP][PASSED] - for ([j = 0, j &lt; symbols.size(), (j++)]): null

2019-08-23 18:57:05 - [TEST_STEP][PASSED] - symbol = symbol: null

2019-08-23 18:57:05 - [TEST_STEP][PASSED] - println(symbol): null

2019-08-23 18:57:05 - [TEST_STEP][PASSED] - if (i == 2 &amp;&amp; wildList.indexOf(symbol) != -1): null

2019-08-23 18:57:05 - [TEST_STEP][PASSED] - if (i == 3 &amp;&amp; wildList.indexOf(symbol) != -1): null

2019-08-23 18:57:05 - [TEST_STEP][PASSED] - if (i == 4 &amp;&amp; wildList.indexOf(symbol) != -1): null

2019-08-23 18:57:05 - [TEST_STEP][PASSED] - symbol = symbol: null

2019-08-23 18:57:05 - [TEST_STEP][PASSED] - println(symbol): null

2019-08-23 18:57:05 - [TEST_STEP][PASSED] - if (i == 2 &amp;&amp; wildList.indexOf(symbol) != -1): null

2019-08-23 18:57:05 - [TEST_STEP][PASSED] - if (i == 3 &amp;&amp; wildList.indexOf(symbol) != -1): null

2019-08-23 18:57:05 - [TEST_STEP][PASSED] - if (i == 4 &amp;&amp; wildList.indexOf(symbol) != -1): null

2019-08-23 18:57:05 - [TEST_STEP][PASSED] - symbol = symbol: null

2019-08-23 18:57:05 - [TEST_STEP][PASSED] - println(symbol): null

2019-08-23 18:57:05 - [TEST_STEP][PASSED] - if (i == 2 &amp;&amp; wildList.indexOf(symbol) != -1): null

2019-08-23 18:57:05 - [TEST_STEP][PASSED] - if (i == 3 &amp;&amp; wildList.indexOf(symbol) != -1): null

2019-08-23 18:57:05 - [TEST_STEP][PASSED] - if (i == 4 &amp;&amp; wildList.indexOf(symbol) != -1): null

2019-08-23 18:57:05 - [TEST_STEP][PASSED] - symbols = symbols: null

2019-08-23 18:57:05 - [TEST_STEP][PASSED] - for ([j = 0, j &lt; symbols.size(), (j++)]): null

2019-08-23 18:57:05 - [TEST_STEP][PASSED] - symbol = symbol: null

2019-08-23 18:57:05 - [TEST_STEP][PASSED] - println(symbol): null

2019-08-23 18:57:05 - [TEST_STEP][PASSED] - if (i == 2 &amp;&amp; wildList.indexOf(symbol) != -1): null

2019-08-23 18:57:05 - [TEST_STEP][PASSED] - if (i == 3 &amp;&amp; wildList.indexOf(symbol) != -1): null

2019-08-23 18:57:05 - [TEST_STEP][PASSED] - if (i == 4 &amp;&amp; wildList.indexOf(symbol) != -1): null

2019-08-23 18:57:05 - [TEST_STEP][PASSED] - symbol = symbol: null

2019-08-23 18:57:05 - [TEST_STEP][PASSED] - println(symbol): null

2019-08-23 18:57:05 - [TEST_STEP][PASSED] - if (i == 2 &amp;&amp; wildList.indexOf(symbol) != -1): null

2019-08-23 18:57:05 - [TEST_STEP][PASSED] - if (i == 3 &amp;&amp; wildList.indexOf(symbol) != -1): null

2019-08-23 18:57:05 - [TEST_STEP][PASSED] - if (i == 4 &amp;&amp; wildList.indexOf(symbol) != -1): null

2019-08-23 18:57:05 - [TEST_STEP][PASSED] - symbol = symbol: null

2019-08-23 18:57:05 - [TEST_STEP][PASSED] - println(symbol): null

2019-08-23 18:57:05 - [TEST_STEP][PASSED] - if (i == 2 &amp;&amp; wildList.indexOf(symbol) != -1): null

2019-08-23 18:57:05 - [TEST_STEP][PASSED] - if (i == 3 &amp;&amp; wildList.indexOf(symbol) != -1): null

2019-08-23 18:57:05 - [TEST_STEP][PASSED] - if (i == 4 &amp;&amp; wildList.indexOf(symbol) != -1): null

2019-08-23 18:57:05 - [TEST_STEP][PASSED] - symbols = symbols: null

2019-08-23 18:57:05 - [TEST_STEP][PASSED] - for ([j = 0, j &lt; symbols.size(), (j++)]): null

2019-08-23 18:57:05 - [TEST_STEP][PASSED] - symbol = symbol: null

2019-08-23 18:57:05 - [TEST_STEP][PASSED] - println(symbol): null

2019-08-23 18:57:05 - [TEST_STEP][PASSED] - if (i == 2 &amp;&amp; wildList.indexOf(symbol) != -1): null

2019-08-23 18:57:05 - [TEST_STEP][PASSED] - if (i == 3 &amp;&amp; wildList.indexOf(symbol) != -1): null

2019-08-23 18:57:05 - [TEST_STEP][PASSED] - if (i == 4 &amp;&amp; wildList.indexOf(symbol) != -1): null

2019-08-23 18:57:05 - [TEST_STEP][PASSED] - symbol = symbol: null

2019-08-23 18:57:05 - [TEST_STEP][PASSED] - println(symbol): null

2019-08-23 18:57:05 - [TEST_STEP][PASSED] - if (i == 2 &amp;&amp; wildList.indexOf(symbol) != -1): null

2019-08-23 18:57:05 - [TEST_STEP][PASSED] - if (i == 3 &amp;&amp; wildList.indexOf(symbol) != -1): null

2019-08-23 18:57:05 - [TEST_STEP][PASSED] - if (i == 4 &amp;&amp; wildList.indexOf(symbol) != -1): null

2019-08-23 18:57:05 - [TEST_STEP][PASSED] - println("wild found on reel 5, adding counter by 1"): null

2019-08-23 18:57:05 - [TEST_STEP][PASSED] - free_spin_reel_counter[2] = free_spin_reel_counter[2] + 1: null

2019-08-23 18:57:05 - [TEST_STEP][PASSED] - symbol = symbol: null

2019-08-23 18:57:05 - [TEST_STEP][PASSED] - println(symbol): null

2019-08-23 18:57:05 - [TEST_STEP][PASSED] - if (i == 2 &amp;&amp; wildList.indexOf(symbol) != -1): null

2019-08-23 18:57:05 - [TEST_STEP][PASSED] - if (i == 3 &amp;&amp; wildList.indexOf(symbol) != -1): null

2019-08-23 18:57:05 - [TEST_STEP][PASSED] - if (i == 4 &amp;&amp; wildList.indexOf(symbol) != -1): null

2019-08-23 18:57:05 - [TEST_STEP][PASSED] - free_spin_reel_counter = free_spin_reel_counter: null

2019-08-23 18:57:05 - [TEST_STEP][PASSED] - println("reel 3 wild found: " + free_spin_reel_counter[0]): null

2019-08-23 18:57:05 - [TEST_STEP][PASSED] - println("reel 4 wild found: " + free_spin_reel_counter[1]): null

2019-08-23 18:57:05 - [TEST_STEP][PASSED] - println("reel 5 wild found: " + free_spin_reel_counter[2]): null

2019-08-23 18:57:05 - [TEST_STEP][PASSED] - M4_spin_reels = M4_spin_reels: null

2019-08-23 18:57:05 - [TEST_STEP][PASSED] - M4_spin_reels_symbols = symbol: null

2019-08-23 18:57:05 - [TEST_STEP][PASSED] - M4_spin_reels_symbols = M4_spin_reels_symbols: null

2019-08-23 18:57:05 - [TEST_STEP][PASSED] - M4_spin_reel_wins = reel_wins: null

2019-08-23 18:57:05 - [TEST_STEP][PASSED] - M4_spin_reel_wins = M4_spin_reel_wins: null

2019-08-23 18:57:05 - [TEST_STEP][PASSED] - println("GlobalVariable.M4_spin_reel_wins is: " + M4_spin_reel_wins): null

2019-08-23 18:57:05 - [TEST_STEP][PASSED] - M4_spin_total_bonus_win_this_round = total_bonus_win_this_round: null

2019-08-23 18:57:05 - [TEST_STEP][PASSED] - M4_spin_total_bonus_win_this_round = M4_spin_total_bonus_win_this_round: null

2019-08-23 18:57:05 - [TEST_STEP][PASSED] - println("GlobalVariable.M4_spin_total_bonus_win_this_round is: " + M4_spin_total_bonus_win_this_round): null

2019-08-23 18:57:05 - [TEST_STEP][PASSED] - M4_spin_bonus_spin_result = spin_result: null

2019-08-23 18:57:05 - [TEST_STEP][PASSED] - M4_spin_bonus_spin_result = M4_spin_bonus_spin_result: null

2019-08-23 18:57:05 - [MESSAGE][PASSED] - Verify response successfully

2019-08-23 18:57:05 - [MESSAGE][PASSED] - Send request and verify the response successfully

2019-08-23 18:57:05 - [TEST_STEP][PASSED] - if (free_spin_reel_counter[0] &gt;= 1 &amp;&amp; free_spin_reel_counter[1] &gt;= 1 &amp;&amp; free_spin_reel_counter[2] &gt;= 1): null

2019-08-23 18:57:05 - [TEST_STEP][PASSED] - spin_result = sendRequestAndVerify(findTestObject("INT/RGS(M4)/1_M4_spin", ["M4_login_user_id":M4_login_user_id, "rgs_session_token":rgs_session_token, "partner":Partner])): Send request and verify the response successfully

2019-08-23 18:57:05 - [MESSAGE][INFO] - HAR: /Users/eiralee/Katalon_Script/SuperWild/Reports/20190823_184757/INT/superWild_1/20190823_184757/requests/main/241.har

2019-08-23 18:57:05 - [TEST_CASE][PASSED] - Start Test Case : Verification: Verification accomplished successfully

2019-08-23 18:57:05 - [TEST_STEP][PASSED] - request = getInstance().getCurrentRequest(): null

2019-08-23 18:57:05 - [TEST_STEP][PASSED] - response = getInstance().getCurrentResponse(): null

2019-08-23 18:57:05 - [TEST_STEP][PASSED] - verifyResponseStatusCode(response, 200): Verify response status code successfully

2019-08-23 18:57:05 - [MESSAGE][PASSED] - Verify response status code successfully

2019-08-23 18:57:05 - [TEST_STEP][PASSED] - getStatusCode()).isEqualTo(200): null

2019-08-23 18:57:05 - [TEST_STEP][PASSED] - newline = System.getProperty("line.separator"): null

2019-08-23 18:57:05 - [TEST_STEP][PASSED] - M4_spin = new groovy.json.JsonSlurper(): null

2019-08-23 18:57:05 - [TEST_STEP][PASSED] - result_M4_spin = M4_spin.parseText(response.getResponseBodyContent()): null

2019-08-23 18:57:05 - [TEST_STEP][PASSED] - M4_spin_current_balance = current_balance: null

2019-08-23 18:57:05 - [TEST_STEP][PASSED] - M4_spin_current_balance = M4_spin_current_balance: null

2019-08-23 18:57:05 - [TEST_STEP][PASSED] - M4_spin_transaction_id = causality: null

2019-08-23 18:57:05 - [TEST_STEP][PASSED] - M4_spin_transaction_id = M4_spin_transaction_id: null

2019-08-23 18:57:05 - [TEST_STEP][PASSED] - M4_spin_round_id = round_id: null

2019-08-23 18:57:05 - [TEST_STEP][PASSED] - M4_spin_round_id = M4_spin_round_id: null

2019-08-23 18:57:05 - [TEST_STEP][PASSED] - M4_spin_line_wins = line_wins: null

2019-08-23 18:57:05 - [TEST_STEP][PASSED] - M4_spin_line_wins = M4_spin_line_wins: null

2019-08-23 18:57:05 - [TEST_STEP][PASSED] - M4_total_bonus_spins_int = total_bonus_spins: null

2019-08-23 18:57:05 - [TEST_STEP][PASSED] - println("******M4_total_bonus_spins type is:*******" + newline + getClass().getName()): null

2019-08-23 18:57:05 - [TEST_STEP][PASSED] - M4_total_bonus_spins_int = M4_total_bonus_spins_int: null

2019-08-23 18:57:05 - [TEST_STEP][PASSED] - M4_total_bonus_spins = Integer.toString(M4_total_bonus_spins_int): null

2019-08-23 18:57:05 - [TEST_STEP][PASSED] - M4_total_bonus_spins = M4_total_bonus_spins: null

2019-08-23 18:57:05 - [TEST_STEP][PASSED] - println("M4_total_bonus_spins is:" + M4_total_bonus_spins): null

2019-08-23 18:57:05 - [TEST_STEP][PASSED] - M4_spin_bonus_data = bonus_data: null

2019-08-23 18:57:05 - [TEST_STEP][PASSED] - M4_spin_features_triggered = result_M4_spin: null

2019-08-23 18:57:05 - [TEST_STEP][PASSED] - wild = []: null

2019-08-23 18:57:05 - [TEST_STEP][PASSED] - wild[0] = "WILD_Expanding": null

2019-08-23 18:57:05 - [TEST_STEP][PASSED] - wild[1] = "WILD_Normal": null

2019-08-23 18:57:05 - [TEST_STEP][PASSED] - wild[2] = "WILD_Double": null

2019-08-23 18:57:05 - [TEST_STEP][PASSED] - wild[3] = "WILD_ExtraFG": null

2019-08-23 18:57:05 - [TEST_STEP][PASSED] - wild[4] = "WILD_Triple": null

2019-08-23 18:57:05 - [TEST_STEP][PASSED] - wildList = Arrays.asList(wild): null

2019-08-23 18:57:05 - [TEST_STEP][PASSED] - wildList = wildList: null

2019-08-23 18:57:05 - [TEST_STEP][PASSED] - free_spin_reel_counter = []: null

2019-08-23 18:57:05 - [TEST_STEP][PASSED] - free_spin_reel_counter[0] = 0: null

2019-08-23 18:57:05 - [TEST_STEP][PASSED] - free_spin_reel_counter[1] = 0: null

2019-08-23 18:57:05 - [TEST_STEP][PASSED] - free_spin_reel_counter[2] = 0: null

2019-08-23 18:57:05 - [TEST_STEP][PASSED] - M4_spin_reels = reels: null

2019-08-23 18:57:05 - [TEST_STEP][PASSED] - for ([i = 0, i &lt; M4_spin_reels.size(), (i++)]): null

2019-08-23 18:57:05 - [TEST_STEP][PASSED] - symbols = symbols: null

2019-08-23 18:57:05 - [TEST_STEP][PASSED] - for ([j = 0, j &lt; symbols.size(), (j++)]): null

2019-08-23 18:57:05 - [TEST_STEP][PASSED] - symbol = symbol: null

2019-08-23 18:57:05 - [TEST_STEP][PASSED] - println(symbol): null

2019-08-23 18:57:05 - [TEST_STEP][PASSED] - if (i == 2 &amp;&amp; wildList.indexOf(symbol) != -1): null

2019-08-23 18:57:05 - [TEST_STEP][PASSED] - if (i == 3 &amp;&amp; wildList.indexOf(symbol) != -1): null

2019-08-23 18:57:05 - [TEST_STEP][PASSED] - if (i == 4 &amp;&amp; wildList.indexOf(symbol) != -1): null

2019-08-23 18:57:05 - [TEST_STEP][PASSED] - symbol = symbol: null

2019-08-23 18:57:05 - [TEST_STEP][PASSED] - println(symbol): null

2019-08-23 18:57:05 - [TEST_STEP][PASSED] - if (i == 2 &amp;&amp; wildList.indexOf(symbol) != -1): null

2019-08-23 18:57:05 - [TEST_STEP][PASSED] - if (i == 3 &amp;&amp; wildList.indexOf(symbol) != -1): null

2019-08-23 18:57:05 - [TEST_STEP][PASSED] - if (i == 4 &amp;&amp; wildList.indexOf(symbol) != -1): null

2019-08-23 18:57:05 - [TEST_STEP][PASSED] - symbol = symbol: null

2019-08-23 18:57:05 - [TEST_STEP][PASSED] - println(symbol): null

2019-08-23 18:57:05 - [TEST_STEP][PASSED] - if (i == 2 &amp;&amp; wildList.indexOf(symbol) != -1): null

2019-08-23 18:57:05 - [TEST_STEP][PASSED] - if (i == 3 &amp;&amp; wildList.indexOf(symbol) != -1): null

2019-08-23 18:57:05 - [TEST_STEP][PASSED] - if (i == 4 &amp;&amp; wildList.indexOf(symbol) != -1): null

2019-08-23 18:57:05 - [TEST_STEP][PASSED] - symbols = symbols: null

2019-08-23 18:57:05 - [TEST_STEP][PASSED] - for ([j = 0, j &lt; symbols.size(), (j++)]): null

2019-08-23 18:57:05 - [TEST_STEP][PASSED] - symbol = symbol: null

2019-08-23 18:57:05 - [TEST_STEP][PASSED] - println(symbol): null

2019-08-23 18:57:05 - [TEST_STEP][PASSED] - if (i == 2 &amp;&amp; wildList.indexOf(symbol) != -1): null

2019-08-23 18:57:05 - [TEST_STEP][PASSED] - if (i == 3 &amp;&amp; wildList.indexOf(symbol) != -1): null

2019-08-23 18:57:05 - [TEST_STEP][PASSED] - if (i == 4 &amp;&amp; wildList.indexOf(symbol) != -1): null

2019-08-23 18:57:05 - [TEST_STEP][PASSED] - symbol = symbol: null

2019-08-23 18:57:05 - [TEST_STEP][PASSED] - println(symbol): null

2019-08-23 18:57:05 - [TEST_STEP][PASSED] - if (i == 2 &amp;&amp; wildList.indexOf(symbol) != -1): null

2019-08-23 18:57:05 - [TEST_STEP][PASSED] - if (i == 3 &amp;&amp; wildList.indexOf(symbol) != -1): null

2019-08-23 18:57:05 - [TEST_STEP][PASSED] - if (i == 4 &amp;&amp; wildList.indexOf(symbol) != -1): null

2019-08-23 18:57:05 - [TEST_STEP][PASSED] - symbol = symbol: null

2019-08-23 18:57:05 - [TEST_STEP][PASSED] - println(symbol): null

2019-08-23 18:57:05 - [TEST_STEP][PASSED] - if (i == 2 &amp;&amp; wildList.indexOf(symbol) != -1): null

2019-08-23 18:57:05 - [TEST_STEP][PASSED] - if (i == 3 &amp;&amp; wildList.indexOf(symbol) != -1): null

2019-08-23 18:57:05 - [TEST_STEP][PASSED] - if (i == 4 &amp;&amp; wildList.indexOf(symbol) != -1): null

2019-08-23 18:57:05 - [TEST_STEP][PASSED] - symbols = symbols: null

2019-08-23 18:57:05 - [TEST_STEP][PASSED] - for ([j = 0, j &lt; symbols.size(), (j++)]): null

2019-08-23 18:57:05 - [TEST_STEP][PASSED] - symbol = symbol: null

2019-08-23 18:57:05 - [TEST_STEP][PASSED] - println(symbol): null

2019-08-23 18:57:05 - [TEST_STEP][PASSED] - if (i == 2 &amp;&amp; wildList.indexOf(symbol) != -1): null

2019-08-23 18:57:05 - [TEST_STEP][PASSED] - if (i == 3 &amp;&amp; wildList.indexOf(symbol) != -1): null

2019-08-23 18:57:08 - [TEST_STEP][PASSED] - if (i == 4 &amp;&amp; wildList.indexOf(symbol) != -1): null

2019-08-23 18:57:08 - [TEST_STEP][PASSED] - symbol = symbol: null

2019-08-23 18:57:08 - [TEST_STEP][PASSED] - println(symbol): null

2019-08-23 18:57:08 - [TEST_STEP][PASSED] - if (i == 2 &amp;&amp; wildList.indexOf(symbol) != -1): null

2019-08-23 18:57:08 - [TEST_STEP][PASSED] - if (i == 3 &amp;&amp; wildList.indexOf(symbol) != -1): null

2019-08-23 18:57:08 - [TEST_STEP][PASSED] - if (i == 4 &amp;&amp; wildList.indexOf(symbol) != -1): null

2019-08-23 18:57:08 - [TEST_STEP][PASSED] - symbol = symbol: null

2019-08-23 18:57:08 - [TEST_STEP][PASSED] - println(symbol): null

2019-08-23 18:57:08 - [TEST_STEP][PASSED] - if (i == 2 &amp;&amp; wildList.indexOf(symbol) != -1): null

2019-08-23 18:57:08 - [TEST_STEP][PASSED] - if (i == 3 &amp;&amp; wildList.indexOf(symbol) != -1): null

2019-08-23 18:57:08 - [TEST_STEP][PASSED] - if (i == 4 &amp;&amp; wildList.indexOf(symbol) != -1): null

2019-08-23 18:57:08 - [TEST_STEP][PASSED] - symbols = symbols: null

2019-08-23 18:57:08 - [TEST_STEP][PASSED] - for ([j = 0, j &lt; symbols.size(), (j++)]): null

2019-08-23 18:57:08 - [TEST_STEP][PASSED] - symbol = symbol: null

2019-08-23 18:57:08 - [TEST_STEP][PASSED] - println(symbol): null

2019-08-23 18:57:08 - [TEST_STEP][PASSED] - if (i == 2 &amp;&amp; wildList.indexOf(symbol) != -1): null

2019-08-23 18:57:08 - [TEST_STEP][PASSED] - if (i == 3 &amp;&amp; wildList.indexOf(symbol) != -1): null

2019-08-23 18:57:08 - [TEST_STEP][PASSED] - if (i == 4 &amp;&amp; wildList.indexOf(symbol) != -1): null

2019-08-23 18:57:08 - [TEST_STEP][PASSED] - symbol = symbol: null

2019-08-23 18:57:08 - [TEST_STEP][PASSED] - println(symbol): null

2019-08-23 18:57:08 - [TEST_STEP][PASSED] - if (i == 2 &amp;&amp; wildList.indexOf(symbol) != -1): null

2019-08-23 18:57:08 - [TEST_STEP][PASSED] - if (i == 3 &amp;&amp; wildList.indexOf(symbol) != -1): null

2019-08-23 18:57:08 - [TEST_STEP][PASSED] - if (i == 4 &amp;&amp; wildList.indexOf(symbol) != -1): null

2019-08-23 18:57:08 - [TEST_STEP][PASSED] - symbol = symbol: null

2019-08-23 18:57:08 - [TEST_STEP][PASSED] - println(symbol): null

2019-08-23 18:57:08 - [TEST_STEP][PASSED] - if (i == 2 &amp;&amp; wildList.indexOf(symbol) != -1): null

2019-08-23 18:57:08 - [TEST_STEP][PASSED] - if (i == 3 &amp;&amp; wildList.indexOf(symbol) != -1): null

2019-08-23 18:57:08 - [TEST_STEP][PASSED] - if (i == 4 &amp;&amp; wildList.indexOf(symbol) != -1): null

2019-08-23 18:57:08 - [TEST_STEP][PASSED] - symbols = symbols: null

2019-08-23 18:57:08 - [TEST_STEP][PASSED] - for ([j = 0, j &lt; symbols.size(), (j++)]): null

2019-08-23 18:57:08 - [TEST_STEP][PASSED] - symbol = symbol: null

2019-08-23 18:57:08 - [TEST_STEP][PASSED] - println(symbol): null

2019-08-23 18:57:08 - [TEST_STEP][PASSED] - if (i == 2 &amp;&amp; wildList.indexOf(symbol) != -1): null

2019-08-23 18:57:08 - [TEST_STEP][PASSED] - if (i == 3 &amp;&amp; wildList.indexOf(symbol) != -1): null

2019-08-23 18:57:08 - [TEST_STEP][PASSED] - if (i == 4 &amp;&amp; wildList.indexOf(symbol) != -1): null

2019-08-23 18:57:08 - [TEST_STEP][PASSED] - symbol = symbol: null

2019-08-23 18:57:08 - [TEST_STEP][PASSED] - println(symbol): null

2019-08-23 18:57:08 - [TEST_STEP][PASSED] - if (i == 2 &amp;&amp; wildList.indexOf(symbol) != -1): null

2019-08-23 18:57:08 - [TEST_STEP][PASSED] - if (i == 3 &amp;&amp; wildList.indexOf(symbol) != -1): null

2019-08-23 18:57:08 - [TEST_STEP][PASSED] - if (i == 4 &amp;&amp; wildList.indexOf(symbol) != -1): null

2019-08-23 18:57:08 - [TEST_STEP][PASSED] - symbol = symbol: null

2019-08-23 18:57:08 - [TEST_STEP][PASSED] - println(symbol): null

2019-08-23 18:57:08 - [TEST_STEP][PASSED] - if (i == 2 &amp;&amp; wildList.indexOf(symbol) != -1): null

2019-08-23 18:57:08 - [TEST_STEP][PASSED] - if (i == 3 &amp;&amp; wildList.indexOf(symbol) != -1): null

2019-08-23 18:57:08 - [TEST_STEP][PASSED] - if (i == 4 &amp;&amp; wildList.indexOf(symbol) != -1): null

2019-08-23 18:57:08 - [TEST_STEP][PASSED] - free_spin_reel_counter = free_spin_reel_counter: null

2019-08-23 18:57:08 - [TEST_STEP][PASSED] - println("reel 3 wild found: " + free_spin_reel_counter[0]): null

2019-08-23 18:57:08 - [TEST_STEP][PASSED] - println("reel 4 wild found: " + free_spin_reel_counter[1]): null

2019-08-23 18:57:08 - [TEST_STEP][PASSED] - println("reel 5 wild found: " + free_spin_reel_counter[2]): null

2019-08-23 18:57:08 - [TEST_STEP][PASSED] - M4_spin_reels = M4_spin_reels: null

2019-08-23 18:57:08 - [TEST_STEP][PASSED] - M4_spin_reels_symbols = symbol: null

2019-08-23 18:57:08 - [TEST_STEP][PASSED] - M4_spin_reels_symbols = M4_spin_reels_symbols: null

2019-08-23 18:57:08 - [TEST_STEP][PASSED] - M4_spin_reel_wins = reel_wins: null

2019-08-23 18:57:08 - [TEST_STEP][PASSED] - M4_spin_reel_wins = M4_spin_reel_wins: null

2019-08-23 18:57:08 - [TEST_STEP][PASSED] - println("GlobalVariable.M4_spin_reel_wins is: " + M4_spin_reel_wins): null

2019-08-23 18:57:08 - [TEST_STEP][PASSED] - M4_spin_total_bonus_win_this_round = total_bonus_win_this_round: null

2019-08-23 18:57:08 - [TEST_STEP][PASSED] - M4_spin_total_bonus_win_this_round = M4_spin_total_bonus_win_this_round: null

2019-08-23 18:57:08 - [TEST_STEP][PASSED] - println("GlobalVariable.M4_spin_total_bonus_win_this_round is: " + M4_spin_total_bonus_win_this_round): null

2019-08-23 18:57:08 - [TEST_STEP][PASSED] - M4_spin_bonus_spin_result = spin_result: null

2019-08-23 18:57:08 - [TEST_STEP][PASSED] - M4_spin_bonus_spin_result = M4_spin_bonus_spin_result: null

2019-08-23 18:57:08 - [MESSAGE][PASSED] - Verify response successfully

2019-08-23 18:57:08 - [MESSAGE][PASSED] - Send request and verify the response successfully

2019-08-23 18:57:08 - [TEST_STEP][PASSED] - if (free_spin_reel_counter[0] &gt;= 1 &amp;&amp; free_spin_reel_counter[1] &gt;= 1 &amp;&amp; free_spin_reel_counter[2] &gt;= 1): null

2019-08-23 18:57:08 - [TEST_STEP][PASSED] - spin_result = sendRequestAndVerify(findTestObject("INT/RGS(M4)/1_M4_spin", ["M4_login_user_id":M4_login_user_id, "rgs_session_token":rgs_session_token, "partner":Partner])): Send request and verify the response successfully

2019-08-23 18:57:08 - [MESSAGE][INFO] - HAR: /Users/eiralee/Katalon_Script/SuperWild/Reports/20190823_184757/INT/superWild_1/20190823_184757/requests/main/242.har

2019-08-23 18:57:08 - [TEST_CASE][PASSED] - Start Test Case : Verification: Verification accomplished successfully

2019-08-23 18:57:08 - [TEST_STEP][PASSED] - request = getInstance().getCurrentRequest(): null

2019-08-23 18:57:08 - [TEST_STEP][PASSED] - response = getInstance().getCurrentResponse(): null

2019-08-23 18:57:08 - [TEST_STEP][PASSED] - verifyResponseStatusCode(response, 200): Verify response status code successfully

2019-08-23 18:57:08 - [MESSAGE][PASSED] - Verify response status code successfully

2019-08-23 18:57:08 - [TEST_STEP][PASSED] - getStatusCode()).isEqualTo(200): null

2019-08-23 18:57:08 - [TEST_STEP][PASSED] - newline = System.getProperty("line.separator"): null

2019-08-23 18:57:08 - [TEST_STEP][PASSED] - M4_spin = new groovy.json.JsonSlurper(): null

2019-08-23 18:57:08 - [TEST_STEP][PASSED] - result_M4_spin = M4_spin.parseText(response.getResponseBodyContent()): null

2019-08-23 18:57:08 - [TEST_STEP][PASSED] - M4_spin_current_balance = current_balance: null

2019-08-23 18:57:08 - [TEST_STEP][PASSED] - M4_spin_current_balance = M4_spin_current_balance: null

2019-08-23 18:57:08 - [TEST_STEP][PASSED] - M4_spin_transaction_id = causality: null

2019-08-23 18:57:08 - [TEST_STEP][PASSED] - M4_spin_transaction_id = M4_spin_transaction_id: null

2019-08-23 18:57:08 - [TEST_STEP][PASSED] - M4_spin_round_id = round_id: null

2019-08-23 18:57:08 - [TEST_STEP][PASSED] - M4_spin_round_id = M4_spin_round_id: null

2019-08-23 18:57:08 - [TEST_STEP][PASSED] - M4_spin_line_wins = line_wins: null

2019-08-23 18:57:08 - [TEST_STEP][PASSED] - M4_spin_line_wins = M4_spin_line_wins: null

2019-08-23 18:57:08 - [TEST_STEP][PASSED] - M4_total_bonus_spins_int = total_bonus_spins: null

2019-08-23 18:57:08 - [TEST_STEP][PASSED] - println("******M4_total_bonus_spins type is:*******" + newline + getClass().getName()): null

2019-08-23 18:57:08 - [TEST_STEP][PASSED] - M4_total_bonus_spins_int = M4_total_bonus_spins_int: null

2019-08-23 18:57:08 - [TEST_STEP][PASSED] - M4_total_bonus_spins = Integer.toString(M4_total_bonus_spins_int): null

2019-08-23 18:57:08 - [TEST_STEP][PASSED] - M4_total_bonus_spins = M4_total_bonus_spins: null

2019-08-23 18:57:08 - [TEST_STEP][PASSED] - println("M4_total_bonus_spins is:" + M4_total_bonus_spins): null

2019-08-23 18:57:08 - [TEST_STEP][PASSED] - M4_spin_bonus_data = bonus_data: null

2019-08-23 18:57:08 - [TEST_STEP][PASSED] - M4_spin_features_triggered = result_M4_spin: null

2019-08-23 18:57:08 - [TEST_STEP][PASSED] - wild = []: null

2019-08-23 18:57:08 - [TEST_STEP][PASSED] - wild[0] = "WILD_Expanding": null

2019-08-23 18:57:08 - [TEST_STEP][PASSED] - wild[1] = "WILD_Normal": null

2019-08-23 18:57:08 - [TEST_STEP][PASSED] - wild[2] = "WILD_Double": null

2019-08-23 18:57:08 - [TEST_STEP][PASSED] - wild[3] = "WILD_ExtraFG": null

2019-08-23 18:57:08 - [TEST_STEP][PASSED] - wild[4] = "WILD_Triple": null

2019-08-23 18:57:08 - [TEST_STEP][PASSED] - wildList = Arrays.asList(wild): null

2019-08-23 18:57:08 - [TEST_STEP][PASSED] - wildList = wildList: null

2019-08-23 18:57:08 - [TEST_STEP][PASSED] - free_spin_reel_counter = []: null

2019-08-23 18:57:08 - [TEST_STEP][PASSED] - free_spin_reel_counter[0] = 0: null

2019-08-23 18:57:08 - [TEST_STEP][PASSED] - free_spin_reel_counter[1] = 0: null

2019-08-23 18:57:08 - [TEST_STEP][PASSED] - free_spin_reel_counter[2] = 0: null

2019-08-23 18:57:08 - [TEST_STEP][PASSED] - M4_spin_reels = reels: null

2019-08-23 18:57:08 - [TEST_STEP][PASSED] - for ([i = 0, i &lt; M4_spin_reels.size(), (i++)]): null

2019-08-23 18:57:08 - [TEST_STEP][PASSED] - symbols = symbols: null

2019-08-23 18:57:08 - [TEST_STEP][PASSED] - for ([j = 0, j &lt; symbols.size(), (j++)]): null

2019-08-23 18:57:08 - [TEST_STEP][PASSED] - symbol = symbol: null

2019-08-23 18:57:08 - [TEST_STEP][PASSED] - println(symbol): null

2019-08-23 18:57:08 - [TEST_STEP][PASSED] - if (i == 2 &amp;&amp; wildList.indexOf(symbol) != -1): null

2019-08-23 18:57:08 - [TEST_STEP][PASSED] - if (i == 3 &amp;&amp; wildList.indexOf(symbol) != -1): null

2019-08-23 18:57:08 - [TEST_STEP][PASSED] - if (i == 4 &amp;&amp; wildList.indexOf(symbol) != -1): null

2019-08-23 18:57:08 - [TEST_STEP][PASSED] - symbol = symbol: null

2019-08-23 18:57:08 - [TEST_STEP][PASSED] - println(symbol): null

2019-08-23 18:57:08 - [TEST_STEP][PASSED] - if (i == 2 &amp;&amp; wildList.indexOf(symbol) != -1): null

2019-08-23 18:57:08 - [TEST_STEP][PASSED] - if (i == 3 &amp;&amp; wildList.indexOf(symbol) != -1): null

2019-08-23 18:57:08 - [TEST_STEP][PASSED] - if (i == 4 &amp;&amp; wildList.indexOf(symbol) != -1): null

2019-08-23 18:57:08 - [TEST_STEP][PASSED] - symbol = symbol: null

2019-08-23 18:57:08 - [TEST_STEP][PASSED] - println(symbol): null

2019-08-23 18:57:08 - [TEST_STEP][PASSED] - if (i == 2 &amp;&amp; wildList.indexOf(symbol) != -1): null

2019-08-23 18:57:08 - [TEST_STEP][PASSED] - if (i == 3 &amp;&amp; wildList.indexOf(symbol) != -1): null

2019-08-23 18:57:08 - [TEST_STEP][PASSED] - if (i == 4 &amp;&amp; wildList.indexOf(symbol) != -1): null

2019-08-23 18:57:08 - [TEST_STEP][PASSED] - symbols = symbols: null

2019-08-23 18:57:08 - [TEST_STEP][PASSED] - for ([j = 0, j &lt; symbols.size(), (j++)]): null

2019-08-23 18:57:08 - [TEST_STEP][PASSED] - symbol = symbol: null

2019-08-23 18:57:08 - [TEST_STEP][PASSED] - println(symbol): null

2019-08-23 18:57:08 - [TEST_STEP][PASSED] - if (i == 2 &amp;&amp; wildList.indexOf(symbol) != -1): null

2019-08-23 18:57:08 - [TEST_STEP][PASSED] - if (i == 3 &amp;&amp; wildList.indexOf(symbol) != -1): null

2019-08-23 18:57:08 - [TEST_STEP][PASSED] - if (i == 4 &amp;&amp; wildList.indexOf(symbol) != -1): null

2019-08-23 18:57:08 - [TEST_STEP][PASSED] - symbol = symbol: null

2019-08-23 18:57:08 - [TEST_STEP][PASSED] - println(symbol): null

2019-08-23 18:57:08 - [TEST_STEP][PASSED] - if (i == 2 &amp;&amp; wildList.indexOf(symbol) != -1): null

2019-08-23 18:57:08 - [TEST_STEP][PASSED] - if (i == 3 &amp;&amp; wildList.indexOf(symbol) != -1): null

2019-08-23 18:57:08 - [TEST_STEP][PASSED] - if (i == 4 &amp;&amp; wildList.indexOf(symbol) != -1): null

2019-08-23 18:57:08 - [TEST_STEP][PASSED] - symbol = symbol: null

2019-08-23 18:57:08 - [TEST_STEP][PASSED] - println(symbol): null

2019-08-23 18:57:08 - [TEST_STEP][PASSED] - if (i == 2 &amp;&amp; wildList.indexOf(symbol) != -1): null

2019-08-23 18:57:08 - [TEST_STEP][PASSED] - if (i == 3 &amp;&amp; wildList.indexOf(symbol) != -1): null

2019-08-23 18:57:08 - [TEST_STEP][PASSED] - if (i == 4 &amp;&amp; wildList.indexOf(symbol) != -1): null

2019-08-23 18:57:08 - [TEST_STEP][PASSED] - symbols = symbols: null

2019-08-23 18:57:08 - [TEST_STEP][PASSED] - for ([j = 0, j &lt; symbols.size(), (j++)]): null

2019-08-23 18:57:08 - [TEST_STEP][PASSED] - symbol = symbol: null

2019-08-23 18:57:08 - [TEST_STEP][PASSED] - println(symbol): null

2019-08-23 18:57:08 - [TEST_STEP][PASSED] - if (i == 2 &amp;&amp; wildList.indexOf(symbol) != -1): null

2019-08-23 18:57:08 - [TEST_STEP][PASSED] - if (i == 3 &amp;&amp; wildList.indexOf(symbol) != -1): null

2019-08-23 18:57:08 - [TEST_STEP][PASSED] - if (i == 4 &amp;&amp; wildList.indexOf(symbol) != -1): null

2019-08-23 18:57:08 - [TEST_STEP][PASSED] - symbol = symbol: null

2019-08-23 18:57:08 - [TEST_STEP][PASSED] - println(symbol): null

2019-08-23 18:57:08 - [TEST_STEP][PASSED] - if (i == 2 &amp;&amp; wildList.indexOf(symbol) != -1): null

2019-08-23 18:57:08 - [TEST_STEP][PASSED] - if (i == 3 &amp;&amp; wildList.indexOf(symbol) != -1): null

2019-08-23 18:57:08 - [TEST_STEP][PASSED] - if (i == 4 &amp;&amp; wildList.indexOf(symbol) != -1): null

2019-08-23 18:57:08 - [TEST_STEP][PASSED] - symbol = symbol: null

2019-08-23 18:57:08 - [TEST_STEP][PASSED] - println(symbol): null

2019-08-23 18:57:08 - [TEST_STEP][PASSED] - if (i == 2 &amp;&amp; wildList.indexOf(symbol) != -1): null

2019-08-23 18:57:08 - [TEST_STEP][PASSED] - println("wild found on reel 3, adding counter by 1"): null

2019-08-23 18:57:08 - [TEST_STEP][PASSED] - free_spin_reel_counter[0] = free_spin_reel_counter[0] + 1: null

2019-08-23 18:57:08 - [TEST_STEP][PASSED] - if (i == 3 &amp;&amp; wildList.indexOf(symbol) != -1): null

2019-08-23 18:57:08 - [TEST_STEP][PASSED] - if (i == 4 &amp;&amp; wildList.indexOf(symbol) != -1): null

2019-08-23 18:57:08 - [TEST_STEP][PASSED] - symbols = symbols: null

2019-08-23 18:57:08 - [TEST_STEP][PASSED] - for ([j = 0, j &lt; symbols.size(), (j++)]): null

2019-08-23 18:57:08 - [TEST_STEP][PASSED] - symbol = symbol: null

2019-08-23 18:57:08 - [TEST_STEP][PASSED] - println(symbol): null

2019-08-23 18:57:08 - [TEST_STEP][PASSED] - if (i == 2 &amp;&amp; wildList.indexOf(symbol) != -1): null

2019-08-23 18:57:08 - [TEST_STEP][PASSED] - if (i == 3 &amp;&amp; wildList.indexOf(symbol) != -1): null

2019-08-23 18:57:08 - [TEST_STEP][PASSED] - if (i == 4 &amp;&amp; wildList.indexOf(symbol) != -1): null

2019-08-23 18:57:08 - [TEST_STEP][PASSED] - symbol = symbol: null

2019-08-23 18:57:08 - [TEST_STEP][PASSED] - println(symbol): null

2019-08-23 18:57:08 - [TEST_STEP][PASSED] - if (i == 2 &amp;&amp; wildList.indexOf(symbol) != -1): null

2019-08-23 18:57:08 - [TEST_STEP][PASSED] - if (i == 3 &amp;&amp; wildList.indexOf(symbol) != -1): null

2019-08-23 18:57:08 - [TEST_STEP][PASSED] - if (i == 4 &amp;&amp; wildList.indexOf(symbol) != -1): null

2019-08-23 18:57:08 - [TEST_STEP][PASSED] - symbol = symbol: null

2019-08-23 18:57:08 - [TEST_STEP][PASSED] - println(symbol): null

2019-08-23 18:57:08 - [TEST_STEP][PASSED] - if (i == 2 &amp;&amp; wildList.indexOf(symbol) != -1): null

2019-08-23 18:57:08 - [TEST_STEP][PASSED] - if (i == 3 &amp;&amp; wildList.indexOf(symbol) != -1): null

2019-08-23 18:57:08 - [TEST_STEP][PASSED] - if (i == 4 &amp;&amp; wildList.indexOf(symbol) != -1): null

2019-08-23 18:57:08 - [TEST_STEP][PASSED] - symbols = symbols: null

2019-08-23 18:57:08 - [TEST_STEP][PASSED] - for ([j = 0, j &lt; symbols.size(), (j++)]): null

2019-08-23 18:57:08 - [TEST_STEP][PASSED] - symbol = symbol: null

2019-08-23 18:57:08 - [TEST_STEP][PASSED] - println(symbol): null

2019-08-23 18:57:08 - [TEST_STEP][PASSED] - if (i == 2 &amp;&amp; wildList.indexOf(symbol) != -1): null

2019-08-23 18:57:08 - [TEST_STEP][PASSED] - if (i == 3 &amp;&amp; wildList.indexOf(symbol) != -1): null

2019-08-23 18:57:08 - [TEST_STEP][PASSED] - if (i == 4 &amp;&amp; wildList.indexOf(symbol) != -1): null

2019-08-23 18:57:08 - [TEST_STEP][PASSED] - symbol = symbol: null

2019-08-23 18:57:08 - [TEST_STEP][PASSED] - println(symbol): null

2019-08-23 18:57:08 - [TEST_STEP][PASSED] - if (i == 2 &amp;&amp; wildList.indexOf(symbol) != -1): null

2019-08-23 18:57:08 - [TEST_STEP][PASSED] - if (i == 3 &amp;&amp; wildList.indexOf(symbol) != -1): null

2019-08-23 18:57:08 - [TEST_STEP][PASSED] - if (i == 4 &amp;&amp; wildList.indexOf(symbol) != -1): null

2019-08-23 18:57:08 - [TEST_STEP][PASSED] - symbol = symbol: null

2019-08-23 18:57:08 - [TEST_STEP][PASSED] - println(symbol): null

2019-08-23 18:57:08 - [TEST_STEP][PASSED] - if (i == 2 &amp;&amp; wildList.indexOf(symbol) != -1): null

2019-08-23 18:57:08 - [TEST_STEP][PASSED] - if (i == 3 &amp;&amp; wildList.indexOf(symbol) != -1): null

2019-08-23 18:57:08 - [TEST_STEP][PASSED] - if (i == 4 &amp;&amp; wildList.indexOf(symbol) != -1): null

2019-08-23 18:57:08 - [TEST_STEP][PASSED] - free_spin_reel_counter = free_spin_reel_counter: null

2019-08-23 18:57:08 - [TEST_STEP][PASSED] - println("reel 3 wild found: " + free_spin_reel_counter[0]): null

2019-08-23 18:57:08 - [TEST_STEP][PASSED] - println("reel 4 wild found: " + free_spin_reel_counter[1]): null

2019-08-23 18:57:08 - [TEST_STEP][PASSED] - println("reel 5 wild found: " + free_spin_reel_counter[2]): null

2019-08-23 18:57:08 - [TEST_STEP][PASSED] - M4_spin_reels = M4_spin_reels: null

2019-08-23 18:57:08 - [TEST_STEP][PASSED] - M4_spin_reels_symbols = symbol: null

2019-08-23 18:57:08 - [TEST_STEP][PASSED] - M4_spin_reels_symbols = M4_spin_reels_symbols: null

2019-08-23 18:57:08 - [TEST_STEP][PASSED] - M4_spin_reel_wins = reel_wins: null

2019-08-23 18:57:08 - [TEST_STEP][PASSED] - M4_spin_reel_wins = M4_spin_reel_wins: null

2019-08-23 18:57:08 - [TEST_STEP][PASSED] - println("GlobalVariable.M4_spin_reel_wins is: " + M4_spin_reel_wins): null

2019-08-23 18:57:08 - [TEST_STEP][PASSED] - M4_spin_total_bonus_win_this_round = total_bonus_win_this_round: null

2019-08-23 18:57:08 - [TEST_STEP][PASSED] - M4_spin_total_bonus_win_this_round = M4_spin_total_bonus_win_this_round: null

2019-08-23 18:57:08 - [TEST_STEP][PASSED] - println("GlobalVariable.M4_spin_total_bonus_win_this_round is: " + M4_spin_total_bonus_win_this_round): null

2019-08-23 18:57:08 - [TEST_STEP][PASSED] - M4_spin_bonus_spin_result = spin_result: null

2019-08-23 18:57:08 - [TEST_STEP][PASSED] - M4_spin_bonus_spin_result = M4_spin_bonus_spin_result: null

2019-08-23 18:57:08 - [MESSAGE][PASSED] - Verify response successfully

2019-08-23 18:57:08 - [MESSAGE][PASSED] - Send request and verify the response successfully

2019-08-23 18:57:08 - [TEST_STEP][PASSED] - if (free_spin_reel_counter[0] &gt;= 1 &amp;&amp; free_spin_reel_counter[1] &gt;= 1 &amp;&amp; free_spin_reel_counter[2] &gt;= 1): null

2019-08-23 18:57:08 - [TEST_STEP][PASSED] - spin_result = sendRequestAndVerify(findTestObject("INT/RGS(M4)/1_M4_spin", ["M4_login_user_id":M4_login_user_id, "rgs_session_token":rgs_session_token, "partner":Partner])): Send request and verify the response successfully

2019-08-23 18:57:09 - [MESSAGE][INFO] - HAR: /Users/eiralee/Katalon_Script/SuperWild/Reports/20190823_184757/INT/superWild_1/20190823_184757/requests/main/243.har

2019-08-23 18:57:09 - [TEST_CASE][PASSED] - Start Test Case : Verification: Verification accomplished successfully

2019-08-23 18:57:09 - [TEST_STEP][PASSED] - request = getInstance().getCurrentRequest(): null

2019-08-23 18:57:09 - [TEST_STEP][PASSED] - response = getInstance().getCurrentResponse(): null

2019-08-23 18:57:09 - [TEST_STEP][PASSED] - verifyResponseStatusCode(response, 200): Verify response status code successfully

2019-08-23 18:57:09 - [MESSAGE][PASSED] - Verify response status code successfully

2019-08-23 18:57:09 - [TEST_STEP][PASSED] - getStatusCode()).isEqualTo(200): null

2019-08-23 18:57:09 - [TEST_STEP][PASSED] - newline = System.getProperty("line.separator"): null

2019-08-23 18:57:09 - [TEST_STEP][PASSED] - M4_spin = new groovy.json.JsonSlurper(): null

2019-08-23 18:57:09 - [TEST_STEP][PASSED] - result_M4_spin = M4_spin.parseText(response.getResponseBodyContent()): null

2019-08-23 18:57:09 - [TEST_STEP][PASSED] - M4_spin_current_balance = current_balance: null

2019-08-23 18:57:09 - [TEST_STEP][PASSED] - M4_spin_current_balance = M4_spin_current_balance: null

2019-08-23 18:57:09 - [TEST_STEP][PASSED] - M4_spin_transaction_id = causality: null

2019-08-23 18:57:09 - [TEST_STEP][PASSED] - M4_spin_transaction_id = M4_spin_transaction_id: null

2019-08-23 18:57:09 - [TEST_STEP][PASSED] - M4_spin_round_id = round_id: null

2019-08-23 18:57:09 - [TEST_STEP][PASSED] - M4_spin_round_id = M4_spin_round_id: null

2019-08-23 18:57:09 - [TEST_STEP][PASSED] - M4_spin_line_wins = line_wins: null

2019-08-23 18:57:09 - [TEST_STEP][PASSED] - M4_spin_line_wins = M4_spin_line_wins: null

2019-08-23 18:57:09 - [TEST_STEP][PASSED] - M4_total_bonus_spins_int = total_bonus_spins: null

2019-08-23 18:57:09 - [TEST_STEP][PASSED] - println("******M4_total_bonus_spins type is:*******" + newline + getClass().getName()): null

2019-08-23 18:57:09 - [TEST_STEP][PASSED] - M4_total_bonus_spins_int = M4_total_bonus_spins_int: null

2019-08-23 18:57:09 - [TEST_STEP][PASSED] - M4_total_bonus_spins = Integer.toString(M4_total_bonus_spins_int): null

2019-08-23 18:57:09 - [TEST_STEP][PASSED] - M4_total_bonus_spins = M4_total_bonus_spins: null

2019-08-23 18:57:09 - [TEST_STEP][PASSED] - println("M4_total_bonus_spins is:" + M4_total_bonus_spins): null

2019-08-23 18:57:09 - [TEST_STEP][PASSED] - M4_spin_bonus_data = bonus_data: null

2019-08-23 18:57:09 - [TEST_STEP][PASSED] - M4_spin_features_triggered = result_M4_spin: null

2019-08-23 18:57:09 - [TEST_STEP][PASSED] - wild = []: null

2019-08-23 18:57:09 - [TEST_STEP][PASSED] - wild[0] = "WILD_Expanding": null

2019-08-23 18:57:09 - [TEST_STEP][PASSED] - wild[1] = "WILD_Normal": null

2019-08-23 18:57:09 - [TEST_STEP][PASSED] - wild[2] = "WILD_Double": null

2019-08-23 18:57:09 - [TEST_STEP][PASSED] - wild[3] = "WILD_ExtraFG": null

2019-08-23 18:57:09 - [TEST_STEP][PASSED] - wild[4] = "WILD_Triple": null

2019-08-23 18:57:09 - [TEST_STEP][PASSED] - wildList = Arrays.asList(wild): null

2019-08-23 18:57:09 - [TEST_STEP][PASSED] - wildList = wildList: null

2019-08-23 18:57:09 - [TEST_STEP][PASSED] - free_spin_reel_counter = []: null

2019-08-23 18:57:09 - [TEST_STEP][PASSED] - free_spin_reel_counter[0] = 0: null

2019-08-23 18:57:09 - [TEST_STEP][PASSED] - free_spin_reel_counter[1] = 0: null

2019-08-23 18:57:09 - [TEST_STEP][PASSED] - free_spin_reel_counter[2] = 0: null

2019-08-23 18:57:09 - [TEST_STEP][PASSED] - M4_spin_reels = reels: null

2019-08-23 18:57:09 - [TEST_STEP][PASSED] - for ([i = 0, i &lt; M4_spin_reels.size(), (i++)]): null

2019-08-23 18:57:09 - [TEST_STEP][PASSED] - symbols = symbols: null

2019-08-23 18:57:09 - [TEST_STEP][PASSED] - for ([j = 0, j &lt; symbols.size(), (j++)]): null

2019-08-23 18:57:09 - [TEST_STEP][PASSED] - symbol = symbol: null

2019-08-23 18:57:09 - [TEST_STEP][PASSED] - println(symbol): null

2019-08-23 18:57:09 - [TEST_STEP][PASSED] - if (i == 2 &amp;&amp; wildList.indexOf(symbol) != -1): null

2019-08-23 18:57:09 - [TEST_STEP][PASSED] - if (i == 3 &amp;&amp; wildList.indexOf(symbol) != -1): null

2019-08-23 18:57:09 - [TEST_STEP][PASSED] - if (i == 4 &amp;&amp; wildList.indexOf(symbol) != -1): null

2019-08-23 18:57:09 - [TEST_STEP][PASSED] - symbol = symbol: null

2019-08-23 18:57:09 - [TEST_STEP][PASSED] - println(symbol): null

2019-08-23 18:57:09 - [TEST_STEP][PASSED] - if (i == 2 &amp;&amp; wildList.indexOf(symbol) != -1): null

2019-08-23 18:57:09 - [TEST_STEP][PASSED] - if (i == 3 &amp;&amp; wildList.indexOf(symbol) != -1): null

2019-08-23 18:57:09 - [TEST_STEP][PASSED] - if (i == 4 &amp;&amp; wildList.indexOf(symbol) != -1): null

2019-08-23 18:57:09 - [TEST_STEP][PASSED] - symbol = symbol: null

2019-08-23 18:57:09 - [TEST_STEP][PASSED] - println(symbol): null

2019-08-23 18:57:09 - [TEST_STEP][PASSED] - if (i == 2 &amp;&amp; wildList.indexOf(symbol) != -1): null

2019-08-23 18:57:09 - [TEST_STEP][PASSED] - if (i == 3 &amp;&amp; wildList.indexOf(symbol) != -1): null

2019-08-23 18:57:09 - [TEST_STEP][PASSED] - if (i == 4 &amp;&amp; wildList.indexOf(symbol) != -1): null

2019-08-23 18:57:09 - [TEST_STEP][PASSED] - symbols = symbols: null

2019-08-23 18:57:09 - [TEST_STEP][PASSED] - for ([j = 0, j &lt; symbols.size(), (j++)]): null

2019-08-23 18:57:09 - [TEST_STEP][PASSED] - symbol = symbol: null

2019-08-23 18:57:09 - [TEST_STEP][PASSED] - println(symbol): null

2019-08-23 18:57:09 - [TEST_STEP][PASSED] - if (i == 2 &amp;&amp; wildList.indexOf(symbol) != -1): null

2019-08-23 18:57:09 - [TEST_STEP][PASSED] - if (i == 3 &amp;&amp; wildList.indexOf(symbol) != -1): null

2019-08-23 18:57:09 - [TEST_STEP][PASSED] - if (i == 4 &amp;&amp; wildList.indexOf(symbol) != -1): null

2019-08-23 18:57:09 - [TEST_STEP][PASSED] - symbol = symbol: null

2019-08-23 18:57:09 - [TEST_STEP][PASSED] - println(symbol): null

2019-08-23 18:57:09 - [TEST_STEP][PASSED] - if (i == 2 &amp;&amp; wildList.indexOf(symbol) != -1): null

2019-08-23 18:57:09 - [TEST_STEP][PASSED] - if (i == 3 &amp;&amp; wildList.indexOf(symbol) != -1): null

2019-08-23 18:57:09 - [TEST_STEP][PASSED] - if (i == 4 &amp;&amp; wildList.indexOf(symbol) != -1): null

2019-08-23 18:57:09 - [TEST_STEP][PASSED] - symbol = symbol: null

2019-08-23 18:57:09 - [TEST_STEP][PASSED] - println(symbol): null

2019-08-23 18:57:09 - [TEST_STEP][PASSED] - if (i == 2 &amp;&amp; wildList.indexOf(symbol) != -1): null

2019-08-23 18:57:09 - [TEST_STEP][PASSED] - if (i == 3 &amp;&amp; wildList.indexOf(symbol) != -1): null

2019-08-23 18:57:09 - [TEST_STEP][PASSED] - if (i == 4 &amp;&amp; wildList.indexOf(symbol) != -1): null

2019-08-23 18:57:09 - [TEST_STEP][PASSED] - symbols = symbols: null

2019-08-23 18:57:09 - [TEST_STEP][PASSED] - for ([j = 0, j &lt; symbols.size(), (j++)]): null

2019-08-23 18:57:09 - [TEST_STEP][PASSED] - symbol = symbol: null

2019-08-23 18:57:09 - [TEST_STEP][PASSED] - println(symbol): null

2019-08-23 18:57:09 - [TEST_STEP][PASSED] - if (i == 2 &amp;&amp; wildList.indexOf(symbol) != -1): null

2019-08-23 18:57:09 - [TEST_STEP][PASSED] - if (i == 3 &amp;&amp; wildList.indexOf(symbol) != -1): null

2019-08-23 18:57:09 - [TEST_STEP][PASSED] - if (i == 4 &amp;&amp; wildList.indexOf(symbol) != -1): null

2019-08-23 18:57:09 - [TEST_STEP][PASSED] - symbol = symbol: null

2019-08-23 18:57:09 - [TEST_STEP][PASSED] - println(symbol): null

2019-08-23 18:57:09 - [TEST_STEP][PASSED] - if (i == 2 &amp;&amp; wildList.indexOf(symbol) != -1): null

2019-08-23 18:57:09 - [TEST_STEP][PASSED] - if (i == 3 &amp;&amp; wildList.indexOf(symbol) != -1): null

2019-08-23 18:57:09 - [TEST_STEP][PASSED] - if (i == 4 &amp;&amp; wildList.indexOf(symbol) != -1): null

2019-08-23 18:57:09 - [TEST_STEP][PASSED] - symbol = symbol: null

2019-08-23 18:57:09 - [TEST_STEP][PASSED] - println(symbol): null

2019-08-23 18:57:09 - [TEST_STEP][PASSED] - if (i == 2 &amp;&amp; wildList.indexOf(symbol) != -1): null

2019-08-23 18:57:09 - [TEST_STEP][PASSED] - if (i == 3 &amp;&amp; wildList.indexOf(symbol) != -1): null

2019-08-23 18:57:09 - [TEST_STEP][PASSED] - if (i == 4 &amp;&amp; wildList.indexOf(symbol) != -1): null

2019-08-23 18:57:09 - [TEST_STEP][PASSED] - symbols = symbols: null

2019-08-23 18:57:09 - [TEST_STEP][PASSED] - for ([j = 0, j &lt; symbols.size(), (j++)]): null

2019-08-23 18:57:09 - [TEST_STEP][PASSED] - symbol = symbol: null

2019-08-23 18:57:09 - [TEST_STEP][PASSED] - println(symbol): null

2019-08-23 18:57:09 - [TEST_STEP][PASSED] - if (i == 2 &amp;&amp; wildList.indexOf(symbol) != -1): null

2019-08-23 18:57:09 - [TEST_STEP][PASSED] - if (i == 3 &amp;&amp; wildList.indexOf(symbol) != -1): null

2019-08-23 18:57:09 - [TEST_STEP][PASSED] - if (i == 4 &amp;&amp; wildList.indexOf(symbol) != -1): null

2019-08-23 18:57:09 - [TEST_STEP][PASSED] - symbol = symbol: null

2019-08-23 18:57:09 - [TEST_STEP][PASSED] - println(symbol): null

2019-08-23 18:57:09 - [TEST_STEP][PASSED] - if (i == 2 &amp;&amp; wildList.indexOf(symbol) != -1): null

2019-08-23 18:57:09 - [TEST_STEP][PASSED] - if (i == 3 &amp;&amp; wildList.indexOf(symbol) != -1): null

2019-08-23 18:57:09 - [TEST_STEP][PASSED] - if (i == 4 &amp;&amp; wildList.indexOf(symbol) != -1): null

2019-08-23 18:57:09 - [TEST_STEP][PASSED] - symbol = symbol: null

2019-08-23 18:57:09 - [TEST_STEP][PASSED] - println(symbol): null

2019-08-23 18:57:09 - [TEST_STEP][PASSED] - if (i == 2 &amp;&amp; wildList.indexOf(symbol) != -1): null

2019-08-23 18:57:09 - [TEST_STEP][PASSED] - if (i == 3 &amp;&amp; wildList.indexOf(symbol) != -1): null

2019-08-23 18:57:09 - [TEST_STEP][PASSED] - if (i == 4 &amp;&amp; wildList.indexOf(symbol) != -1): null

2019-08-23 18:57:09 - [TEST_STEP][PASSED] - symbols = symbols: null

2019-08-23 18:57:09 - [TEST_STEP][PASSED] - for ([j = 0, j &lt; symbols.size(), (j++)]): null

2019-08-23 18:57:09 - [TEST_STEP][PASSED] - symbol = symbol: null

2019-08-23 18:57:09 - [TEST_STEP][PASSED] - println(symbol): null

2019-08-23 18:57:09 - [TEST_STEP][PASSED] - if (i == 2 &amp;&amp; wildList.indexOf(symbol) != -1): null

2019-08-23 18:57:09 - [TEST_STEP][PASSED] - if (i == 3 &amp;&amp; wildList.indexOf(symbol) != -1): null

2019-08-23 18:57:11 - [TEST_STEP][PASSED] - if (i == 4 &amp;&amp; wildList.indexOf(symbol) != -1): null

2019-08-23 18:57:11 - [TEST_STEP][PASSED] - symbol = symbol: null

2019-08-23 18:57:11 - [TEST_STEP][PASSED] - println(symbol): null

2019-08-23 18:57:11 - [TEST_STEP][PASSED] - if (i == 2 &amp;&amp; wildList.indexOf(symbol) != -1): null

2019-08-23 18:57:11 - [TEST_STEP][PASSED] - if (i == 3 &amp;&amp; wildList.indexOf(symbol) != -1): null

2019-08-23 18:57:11 - [TEST_STEP][PASSED] - if (i == 4 &amp;&amp; wildList.indexOf(symbol) != -1): null

2019-08-23 18:57:11 - [TEST_STEP][PASSED] - symbol = symbol: null

2019-08-23 18:57:11 - [TEST_STEP][PASSED] - println(symbol): null

2019-08-23 18:57:11 - [TEST_STEP][PASSED] - if (i == 2 &amp;&amp; wildList.indexOf(symbol) != -1): null

2019-08-23 18:57:11 - [TEST_STEP][PASSED] - if (i == 3 &amp;&amp; wildList.indexOf(symbol) != -1): null

2019-08-23 18:57:11 - [TEST_STEP][PASSED] - if (i == 4 &amp;&amp; wildList.indexOf(symbol) != -1): null

2019-08-23 18:57:11 - [TEST_STEP][PASSED] - free_spin_reel_counter = free_spin_reel_counter: null

2019-08-23 18:57:11 - [TEST_STEP][PASSED] - println("reel 3 wild found: " + free_spin_reel_counter[0]): null

2019-08-23 18:57:11 - [TEST_STEP][PASSED] - println("reel 4 wild found: " + free_spin_reel_counter[1]): null

2019-08-23 18:57:11 - [TEST_STEP][PASSED] - println("reel 5 wild found: " + free_spin_reel_counter[2]): null

2019-08-23 18:57:11 - [TEST_STEP][PASSED] - M4_spin_reels = M4_spin_reels: null

2019-08-23 18:57:11 - [TEST_STEP][PASSED] - M4_spin_reels_symbols = symbol: null

2019-08-23 18:57:11 - [TEST_STEP][PASSED] - M4_spin_reels_symbols = M4_spin_reels_symbols: null

2019-08-23 18:57:11 - [TEST_STEP][PASSED] - M4_spin_reel_wins = reel_wins: null

2019-08-23 18:57:11 - [TEST_STEP][PASSED] - M4_spin_reel_wins = M4_spin_reel_wins: null

2019-08-23 18:57:11 - [TEST_STEP][PASSED] - println("GlobalVariable.M4_spin_reel_wins is: " + M4_spin_reel_wins): null

2019-08-23 18:57:11 - [TEST_STEP][PASSED] - M4_spin_total_bonus_win_this_round = total_bonus_win_this_round: null

2019-08-23 18:57:11 - [TEST_STEP][PASSED] - M4_spin_total_bonus_win_this_round = M4_spin_total_bonus_win_this_round: null

2019-08-23 18:57:11 - [TEST_STEP][PASSED] - println("GlobalVariable.M4_spin_total_bonus_win_this_round is: " + M4_spin_total_bonus_win_this_round): null

2019-08-23 18:57:11 - [TEST_STEP][PASSED] - M4_spin_bonus_spin_result = spin_result: null

2019-08-23 18:57:11 - [TEST_STEP][PASSED] - M4_spin_bonus_spin_result = M4_spin_bonus_spin_result: null

2019-08-23 18:57:11 - [MESSAGE][PASSED] - Verify response successfully

2019-08-23 18:57:11 - [MESSAGE][PASSED] - Send request and verify the response successfully

2019-08-23 18:57:11 - [TEST_STEP][PASSED] - if (free_spin_reel_counter[0] &gt;= 1 &amp;&amp; free_spin_reel_counter[1] &gt;= 1 &amp;&amp; free_spin_reel_counter[2] &gt;= 1): null

2019-08-23 18:57:11 - [TEST_STEP][PASSED] - spin_result = sendRequestAndVerify(findTestObject("INT/RGS(M4)/1_M4_spin", ["M4_login_user_id":M4_login_user_id, "rgs_session_token":rgs_session_token, "partner":Partner])): Send request and verify the response successfully

2019-08-23 18:57:12 - [MESSAGE][INFO] - HAR: /Users/eiralee/Katalon_Script/SuperWild/Reports/20190823_184757/INT/superWild_1/20190823_184757/requests/main/244.har

2019-08-23 18:57:12 - [TEST_CASE][PASSED] - Start Test Case : Verification: Verification accomplished successfully

2019-08-23 18:57:12 - [TEST_STEP][PASSED] - request = getInstance().getCurrentRequest(): null

2019-08-23 18:57:12 - [TEST_STEP][PASSED] - response = getInstance().getCurrentResponse(): null

2019-08-23 18:57:12 - [TEST_STEP][PASSED] - verifyResponseStatusCode(response, 200): Verify response status code successfully

2019-08-23 18:57:12 - [MESSAGE][PASSED] - Verify response status code successfully

2019-08-23 18:57:12 - [TEST_STEP][PASSED] - getStatusCode()).isEqualTo(200): null

2019-08-23 18:57:12 - [TEST_STEP][PASSED] - newline = System.getProperty("line.separator"): null

2019-08-23 18:57:12 - [TEST_STEP][PASSED] - M4_spin = new groovy.json.JsonSlurper(): null

2019-08-23 18:57:12 - [TEST_STEP][PASSED] - result_M4_spin = M4_spin.parseText(response.getResponseBodyContent()): null

2019-08-23 18:57:12 - [TEST_STEP][PASSED] - M4_spin_current_balance = current_balance: null

2019-08-23 18:57:12 - [TEST_STEP][PASSED] - M4_spin_current_balance = M4_spin_current_balance: null

2019-08-23 18:57:12 - [TEST_STEP][PASSED] - M4_spin_transaction_id = causality: null

2019-08-23 18:57:12 - [TEST_STEP][PASSED] - M4_spin_transaction_id = M4_spin_transaction_id: null

2019-08-23 18:57:12 - [TEST_STEP][PASSED] - M4_spin_round_id = round_id: null

2019-08-23 18:57:12 - [TEST_STEP][PASSED] - M4_spin_round_id = M4_spin_round_id: null

2019-08-23 18:57:12 - [TEST_STEP][PASSED] - M4_spin_line_wins = line_wins: null

2019-08-23 18:57:12 - [TEST_STEP][PASSED] - M4_spin_line_wins = M4_spin_line_wins: null

2019-08-23 18:57:12 - [TEST_STEP][PASSED] - M4_total_bonus_spins_int = total_bonus_spins: null

2019-08-23 18:57:12 - [TEST_STEP][PASSED] - println("******M4_total_bonus_spins type is:*******" + newline + getClass().getName()): null

2019-08-23 18:57:12 - [TEST_STEP][PASSED] - M4_total_bonus_spins_int = M4_total_bonus_spins_int: null

2019-08-23 18:57:12 - [TEST_STEP][PASSED] - M4_total_bonus_spins = Integer.toString(M4_total_bonus_spins_int): null

2019-08-23 18:57:12 - [TEST_STEP][PASSED] - M4_total_bonus_spins = M4_total_bonus_spins: null

2019-08-23 18:57:12 - [TEST_STEP][PASSED] - println("M4_total_bonus_spins is:" + M4_total_bonus_spins): null

2019-08-23 18:57:12 - [TEST_STEP][PASSED] - M4_spin_bonus_data = bonus_data: null

2019-08-23 18:57:12 - [TEST_STEP][PASSED] - M4_spin_features_triggered = result_M4_spin: null

2019-08-23 18:57:12 - [TEST_STEP][PASSED] - wild = []: null

2019-08-23 18:57:12 - [TEST_STEP][PASSED] - wild[0] = "WILD_Expanding": null

2019-08-23 18:57:12 - [TEST_STEP][PASSED] - wild[1] = "WILD_Normal": null

2019-08-23 18:57:12 - [TEST_STEP][PASSED] - wild[2] = "WILD_Double": null

2019-08-23 18:57:12 - [TEST_STEP][PASSED] - wild[3] = "WILD_ExtraFG": null

2019-08-23 18:57:12 - [TEST_STEP][PASSED] - wild[4] = "WILD_Triple": null

2019-08-23 18:57:12 - [TEST_STEP][PASSED] - wildList = Arrays.asList(wild): null

2019-08-23 18:57:12 - [TEST_STEP][PASSED] - wildList = wildList: null

2019-08-23 18:57:12 - [TEST_STEP][PASSED] - free_spin_reel_counter = []: null

2019-08-23 18:57:12 - [TEST_STEP][PASSED] - free_spin_reel_counter[0] = 0: null

2019-08-23 18:57:12 - [TEST_STEP][PASSED] - free_spin_reel_counter[1] = 0: null

2019-08-23 18:57:12 - [TEST_STEP][PASSED] - free_spin_reel_counter[2] = 0: null

2019-08-23 18:57:12 - [TEST_STEP][PASSED] - M4_spin_reels = reels: null

2019-08-23 18:57:12 - [TEST_STEP][PASSED] - for ([i = 0, i &lt; M4_spin_reels.size(), (i++)]): null

2019-08-23 18:57:12 - [TEST_STEP][PASSED] - symbols = symbols: null

2019-08-23 18:57:12 - [TEST_STEP][PASSED] - for ([j = 0, j &lt; symbols.size(), (j++)]): null

2019-08-23 18:57:12 - [TEST_STEP][PASSED] - symbol = symbol: null

2019-08-23 18:57:12 - [TEST_STEP][PASSED] - println(symbol): null

2019-08-23 18:57:12 - [TEST_STEP][PASSED] - if (i == 2 &amp;&amp; wildList.indexOf(symbol) != -1): null

2019-08-23 18:57:12 - [TEST_STEP][PASSED] - if (i == 3 &amp;&amp; wildList.indexOf(symbol) != -1): null

2019-08-23 18:57:12 - [TEST_STEP][PASSED] - if (i == 4 &amp;&amp; wildList.indexOf(symbol) != -1): null

2019-08-23 18:57:12 - [TEST_STEP][PASSED] - symbol = symbol: null

2019-08-23 18:57:12 - [TEST_STEP][PASSED] - println(symbol): null

2019-08-23 18:57:12 - [TEST_STEP][PASSED] - if (i == 2 &amp;&amp; wildList.indexOf(symbol) != -1): null

2019-08-23 18:57:12 - [TEST_STEP][PASSED] - if (i == 3 &amp;&amp; wildList.indexOf(symbol) != -1): null

2019-08-23 18:57:12 - [TEST_STEP][PASSED] - if (i == 4 &amp;&amp; wildList.indexOf(symbol) != -1): null

2019-08-23 18:57:12 - [TEST_STEP][PASSED] - symbol = symbol: null

2019-08-23 18:57:12 - [TEST_STEP][PASSED] - println(symbol): null

2019-08-23 18:57:12 - [TEST_STEP][PASSED] - if (i == 2 &amp;&amp; wildList.indexOf(symbol) != -1): null

2019-08-23 18:57:12 - [TEST_STEP][PASSED] - if (i == 3 &amp;&amp; wildList.indexOf(symbol) != -1): null

2019-08-23 18:57:12 - [TEST_STEP][PASSED] - if (i == 4 &amp;&amp; wildList.indexOf(symbol) != -1): null

2019-08-23 18:57:12 - [TEST_STEP][PASSED] - symbols = symbols: null

2019-08-23 18:57:12 - [TEST_STEP][PASSED] - for ([j = 0, j &lt; symbols.size(), (j++)]): null

2019-08-23 18:57:12 - [TEST_STEP][PASSED] - symbol = symbol: null

2019-08-23 18:57:12 - [TEST_STEP][PASSED] - println(symbol): null

2019-08-23 18:57:12 - [TEST_STEP][PASSED] - if (i == 2 &amp;&amp; wildList.indexOf(symbol) != -1): null

2019-08-23 18:57:12 - [TEST_STEP][PASSED] - if (i == 3 &amp;&amp; wildList.indexOf(symbol) != -1): null

2019-08-23 18:57:12 - [TEST_STEP][PASSED] - if (i == 4 &amp;&amp; wildList.indexOf(symbol) != -1): null

2019-08-23 18:57:12 - [TEST_STEP][PASSED] - symbol = symbol: null

2019-08-23 18:57:12 - [TEST_STEP][PASSED] - println(symbol): null

2019-08-23 18:57:12 - [TEST_STEP][PASSED] - if (i == 2 &amp;&amp; wildList.indexOf(symbol) != -1): null

2019-08-23 18:57:12 - [TEST_STEP][PASSED] - if (i == 3 &amp;&amp; wildList.indexOf(symbol) != -1): null

2019-08-23 18:57:12 - [TEST_STEP][PASSED] - if (i == 4 &amp;&amp; wildList.indexOf(symbol) != -1): null

2019-08-23 18:57:12 - [TEST_STEP][PASSED] - symbol = symbol: null

2019-08-23 18:57:12 - [TEST_STEP][PASSED] - println(symbol): null

2019-08-23 18:57:12 - [TEST_STEP][PASSED] - if (i == 2 &amp;&amp; wildList.indexOf(symbol) != -1): null

2019-08-23 18:57:12 - [TEST_STEP][PASSED] - if (i == 3 &amp;&amp; wildList.indexOf(symbol) != -1): null

2019-08-23 18:57:12 - [TEST_STEP][PASSED] - if (i == 4 &amp;&amp; wildList.indexOf(symbol) != -1): null

2019-08-23 18:57:12 - [TEST_STEP][PASSED] - symbols = symbols: null

2019-08-23 18:57:12 - [TEST_STEP][PASSED] - for ([j = 0, j &lt; symbols.size(), (j++)]): null

2019-08-23 18:57:12 - [TEST_STEP][PASSED] - symbol = symbol: null

2019-08-23 18:57:12 - [TEST_STEP][PASSED] - println(symbol): null

2019-08-23 18:57:12 - [TEST_STEP][PASSED] - if (i == 2 &amp;&amp; wildList.indexOf(symbol) != -1): null

2019-08-23 18:57:12 - [TEST_STEP][PASSED] - if (i == 3 &amp;&amp; wildList.indexOf(symbol) != -1): null

2019-08-23 18:57:12 - [TEST_STEP][PASSED] - if (i == 4 &amp;&amp; wildList.indexOf(symbol) != -1): null

2019-08-23 18:57:12 - [TEST_STEP][PASSED] - symbol = symbol: null

2019-08-23 18:57:12 - [TEST_STEP][PASSED] - println(symbol): null

2019-08-23 18:57:12 - [TEST_STEP][PASSED] - if (i == 2 &amp;&amp; wildList.indexOf(symbol) != -1): null

2019-08-23 18:57:12 - [TEST_STEP][PASSED] - println("wild found on reel 3, adding counter by 1"): null

2019-08-23 18:57:12 - [TEST_STEP][PASSED] - free_spin_reel_counter[0] = free_spin_reel_counter[0] + 1: null

2019-08-23 18:57:12 - [TEST_STEP][PASSED] - if (i == 3 &amp;&amp; wildList.indexOf(symbol) != -1): null

2019-08-23 18:57:12 - [TEST_STEP][PASSED] - if (i == 4 &amp;&amp; wildList.indexOf(symbol) != -1): null

2019-08-23 18:57:12 - [TEST_STEP][PASSED] - symbol = symbol: null

2019-08-23 18:57:12 - [TEST_STEP][PASSED] - println(symbol): null

2019-08-23 18:57:12 - [TEST_STEP][PASSED] - if (i == 2 &amp;&amp; wildList.indexOf(symbol) != -1): null

2019-08-23 18:57:12 - [TEST_STEP][PASSED] - if (i == 3 &amp;&amp; wildList.indexOf(symbol) != -1): null

2019-08-23 18:57:12 - [TEST_STEP][PASSED] - if (i == 4 &amp;&amp; wildList.indexOf(symbol) != -1): null

2019-08-23 18:57:12 - [TEST_STEP][PASSED] - symbols = symbols: null

2019-08-23 18:57:12 - [TEST_STEP][PASSED] - for ([j = 0, j &lt; symbols.size(), (j++)]): null

2019-08-23 18:57:12 - [TEST_STEP][PASSED] - symbol = symbol: null

2019-08-23 18:57:12 - [TEST_STEP][PASSED] - println(symbol): null

2019-08-23 18:57:12 - [TEST_STEP][PASSED] - if (i == 2 &amp;&amp; wildList.indexOf(symbol) != -1): null

2019-08-23 18:57:12 - [TEST_STEP][PASSED] - if (i == 3 &amp;&amp; wildList.indexOf(symbol) != -1): null

2019-08-23 18:57:12 - [TEST_STEP][PASSED] - if (i == 4 &amp;&amp; wildList.indexOf(symbol) != -1): null

2019-08-23 18:57:12 - [TEST_STEP][PASSED] - symbol = symbol: null

2019-08-23 18:57:12 - [TEST_STEP][PASSED] - println(symbol): null

2019-08-23 18:57:12 - [TEST_STEP][PASSED] - if (i == 2 &amp;&amp; wildList.indexOf(symbol) != -1): null

2019-08-23 18:57:12 - [TEST_STEP][PASSED] - if (i == 3 &amp;&amp; wildList.indexOf(symbol) != -1): null

2019-08-23 18:57:12 - [TEST_STEP][PASSED] - if (i == 4 &amp;&amp; wildList.indexOf(symbol) != -1): null

2019-08-23 18:57:12 - [TEST_STEP][PASSED] - symbol = symbol: null

2019-08-23 18:57:12 - [TEST_STEP][PASSED] - println(symbol): null

2019-08-23 18:57:12 - [TEST_STEP][PASSED] - if (i == 2 &amp;&amp; wildList.indexOf(symbol) != -1): null

2019-08-23 18:57:12 - [TEST_STEP][PASSED] - if (i == 3 &amp;&amp; wildList.indexOf(symbol) != -1): null

2019-08-23 18:57:12 - [TEST_STEP][PASSED] - println("wild found on reel 4, adding counter by 1"): null

2019-08-23 18:57:12 - [TEST_STEP][PASSED] - free_spin_reel_counter[1] = free_spin_reel_counter[1] + 1: null

2019-08-23 18:57:12 - [TEST_STEP][PASSED] - if (i == 4 &amp;&amp; wildList.indexOf(symbol) != -1): null

2019-08-23 18:57:12 - [TEST_STEP][PASSED] - symbols = symbols: null

2019-08-23 18:57:12 - [TEST_STEP][PASSED] - for ([j = 0, j &lt; symbols.size(), (j++)]): null

2019-08-23 18:57:12 - [TEST_STEP][PASSED] - symbol = symbol: null

2019-08-23 18:57:12 - [TEST_STEP][PASSED] - println(symbol): null

2019-08-23 18:57:12 - [TEST_STEP][PASSED] - if (i == 2 &amp;&amp; wildList.indexOf(symbol) != -1): null

2019-08-23 18:57:12 - [TEST_STEP][PASSED] - if (i == 3 &amp;&amp; wildList.indexOf(symbol) != -1): null

2019-08-23 18:57:12 - [TEST_STEP][PASSED] - if (i == 4 &amp;&amp; wildList.indexOf(symbol) != -1): null

2019-08-23 18:57:12 - [TEST_STEP][PASSED] - symbol = symbol: null

2019-08-23 18:57:12 - [TEST_STEP][PASSED] - println(symbol): null

2019-08-23 18:57:12 - [TEST_STEP][PASSED] - if (i == 2 &amp;&amp; wildList.indexOf(symbol) != -1): null

2019-08-23 18:57:12 - [TEST_STEP][PASSED] - if (i == 3 &amp;&amp; wildList.indexOf(symbol) != -1): null

2019-08-23 18:57:12 - [TEST_STEP][PASSED] - if (i == 4 &amp;&amp; wildList.indexOf(symbol) != -1): null

2019-08-23 18:57:12 - [TEST_STEP][PASSED] - symbol = symbol: null

2019-08-23 18:57:12 - [TEST_STEP][PASSED] - println(symbol): null

2019-08-23 18:57:12 - [TEST_STEP][PASSED] - if (i == 2 &amp;&amp; wildList.indexOf(symbol) != -1): null

2019-08-23 18:57:12 - [TEST_STEP][PASSED] - if (i == 3 &amp;&amp; wildList.indexOf(symbol) != -1): null

2019-08-23 18:57:12 - [TEST_STEP][PASSED] - if (i == 4 &amp;&amp; wildList.indexOf(symbol) != -1): null

2019-08-23 18:57:12 - [TEST_STEP][PASSED] - free_spin_reel_counter = free_spin_reel_counter: null

2019-08-23 18:57:12 - [TEST_STEP][PASSED] - println("reel 3 wild found: " + free_spin_reel_counter[0]): null

2019-08-23 18:57:12 - [TEST_STEP][PASSED] - println("reel 4 wild found: " + free_spin_reel_counter[1]): null

2019-08-23 18:57:12 - [TEST_STEP][PASSED] - println("reel 5 wild found: " + free_spin_reel_counter[2]): null

2019-08-23 18:57:12 - [TEST_STEP][PASSED] - M4_spin_reels = M4_spin_reels: null

2019-08-23 18:57:12 - [TEST_STEP][PASSED] - M4_spin_reels_symbols = symbol: null

2019-08-23 18:57:12 - [TEST_STEP][PASSED] - M4_spin_reels_symbols = M4_spin_reels_symbols: null

2019-08-23 18:57:12 - [TEST_STEP][PASSED] - M4_spin_reel_wins = reel_wins: null

2019-08-23 18:57:12 - [TEST_STEP][PASSED] - M4_spin_reel_wins = M4_spin_reel_wins: null

2019-08-23 18:57:12 - [TEST_STEP][PASSED] - println("GlobalVariable.M4_spin_reel_wins is: " + M4_spin_reel_wins): null

2019-08-23 18:57:12 - [TEST_STEP][PASSED] - M4_spin_total_bonus_win_this_round = total_bonus_win_this_round: null

2019-08-23 18:57:12 - [TEST_STEP][PASSED] - M4_spin_total_bonus_win_this_round = M4_spin_total_bonus_win_this_round: null

2019-08-23 18:57:12 - [TEST_STEP][PASSED] - println("GlobalVariable.M4_spin_total_bonus_win_this_round is: " + M4_spin_total_bonus_win_this_round): null

2019-08-23 18:57:12 - [TEST_STEP][PASSED] - M4_spin_bonus_spin_result = spin_result: null

2019-08-23 18:57:12 - [TEST_STEP][PASSED] - M4_spin_bonus_spin_result = M4_spin_bonus_spin_result: null

2019-08-23 18:57:12 - [MESSAGE][PASSED] - Verify response successfully

2019-08-23 18:57:12 - [MESSAGE][PASSED] - Send request and verify the response successfully

2019-08-23 18:57:12 - [TEST_STEP][PASSED] - if (free_spin_reel_counter[0] &gt;= 1 &amp;&amp; free_spin_reel_counter[1] &gt;= 1 &amp;&amp; free_spin_reel_counter[2] &gt;= 1): null

2019-08-23 18:57:12 - [TEST_STEP][PASSED] - spin_result = sendRequestAndVerify(findTestObject("INT/RGS(M4)/1_M4_spin", ["M4_login_user_id":M4_login_user_id, "rgs_session_token":rgs_session_token, "partner":Partner])): Send request and verify the response successfully

2019-08-23 18:57:12 - [MESSAGE][INFO] - HAR: /Users/eiralee/Katalon_Script/SuperWild/Reports/20190823_184757/INT/superWild_1/20190823_184757/requests/main/245.har

2019-08-23 18:57:12 - [TEST_CASE][PASSED] - Start Test Case : Verification: Verification accomplished successfully

2019-08-23 18:57:12 - [TEST_STEP][PASSED] - request = getInstance().getCurrentRequest(): null

2019-08-23 18:57:12 - [TEST_STEP][PASSED] - response = getInstance().getCurrentResponse(): null

2019-08-23 18:57:12 - [TEST_STEP][PASSED] - verifyResponseStatusCode(response, 200): Verify response status code successfully

2019-08-23 18:57:12 - [MESSAGE][PASSED] - Verify response status code successfully

2019-08-23 18:57:12 - [TEST_STEP][PASSED] - getStatusCode()).isEqualTo(200): null

2019-08-23 18:57:12 - [TEST_STEP][PASSED] - newline = System.getProperty("line.separator"): null

2019-08-23 18:57:12 - [TEST_STEP][PASSED] - M4_spin = new groovy.json.JsonSlurper(): null

2019-08-23 18:57:12 - [TEST_STEP][PASSED] - result_M4_spin = M4_spin.parseText(response.getResponseBodyContent()): null

2019-08-23 18:57:12 - [TEST_STEP][PASSED] - M4_spin_current_balance = current_balance: null

2019-08-23 18:57:12 - [TEST_STEP][PASSED] - M4_spin_current_balance = M4_spin_current_balance: null

2019-08-23 18:57:12 - [TEST_STEP][PASSED] - M4_spin_transaction_id = causality: null

2019-08-23 18:57:12 - [TEST_STEP][PASSED] - M4_spin_transaction_id = M4_spin_transaction_id: null

2019-08-23 18:57:12 - [TEST_STEP][PASSED] - M4_spin_round_id = round_id: null

2019-08-23 18:57:12 - [TEST_STEP][PASSED] - M4_spin_round_id = M4_spin_round_id: null

2019-08-23 18:57:12 - [TEST_STEP][PASSED] - M4_spin_line_wins = line_wins: null

2019-08-23 18:57:12 - [TEST_STEP][PASSED] - M4_spin_line_wins = M4_spin_line_wins: null

2019-08-23 18:57:12 - [TEST_STEP][PASSED] - M4_total_bonus_spins_int = total_bonus_spins: null

2019-08-23 18:57:12 - [TEST_STEP][PASSED] - println("******M4_total_bonus_spins type is:*******" + newline + getClass().getName()): null

2019-08-23 18:57:12 - [TEST_STEP][PASSED] - M4_total_bonus_spins_int = M4_total_bonus_spins_int: null

2019-08-23 18:57:12 - [TEST_STEP][PASSED] - M4_total_bonus_spins = Integer.toString(M4_total_bonus_spins_int): null

2019-08-23 18:57:12 - [TEST_STEP][PASSED] - M4_total_bonus_spins = M4_total_bonus_spins: null

2019-08-23 18:57:12 - [TEST_STEP][PASSED] - println("M4_total_bonus_spins is:" + M4_total_bonus_spins): null

2019-08-23 18:57:12 - [TEST_STEP][PASSED] - M4_spin_bonus_data = bonus_data: null

2019-08-23 18:57:12 - [TEST_STEP][PASSED] - M4_spin_features_triggered = result_M4_spin: null

2019-08-23 18:57:12 - [TEST_STEP][PASSED] - wild = []: null

2019-08-23 18:57:12 - [TEST_STEP][PASSED] - wild[0] = "WILD_Expanding": null

2019-08-23 18:57:12 - [TEST_STEP][PASSED] - wild[1] = "WILD_Normal": null

2019-08-23 18:57:12 - [TEST_STEP][PASSED] - wild[2] = "WILD_Double": null

2019-08-23 18:57:12 - [TEST_STEP][PASSED] - wild[3] = "WILD_ExtraFG": null

2019-08-23 18:57:12 - [TEST_STEP][PASSED] - wild[4] = "WILD_Triple": null

2019-08-23 18:57:12 - [TEST_STEP][PASSED] - wildList = Arrays.asList(wild): null

2019-08-23 18:57:12 - [TEST_STEP][PASSED] - wildList = wildList: null

2019-08-23 18:57:12 - [TEST_STEP][PASSED] - free_spin_reel_counter = []: null

2019-08-23 18:57:12 - [TEST_STEP][PASSED] - free_spin_reel_counter[0] = 0: null

2019-08-23 18:57:12 - [TEST_STEP][PASSED] - free_spin_reel_counter[1] = 0: null

2019-08-23 18:57:12 - [TEST_STEP][PASSED] - free_spin_reel_counter[2] = 0: null

2019-08-23 18:57:12 - [TEST_STEP][PASSED] - M4_spin_reels = reels: null

2019-08-23 18:57:12 - [TEST_STEP][PASSED] - for ([i = 0, i &lt; M4_spin_reels.size(), (i++)]): null

2019-08-23 18:57:12 - [TEST_STEP][PASSED] - symbols = symbols: null

2019-08-23 18:57:12 - [TEST_STEP][PASSED] - for ([j = 0, j &lt; symbols.size(), (j++)]): null

2019-08-23 18:57:12 - [TEST_STEP][PASSED] - symbol = symbol: null

2019-08-23 18:57:12 - [TEST_STEP][PASSED] - println(symbol): null

2019-08-23 18:57:12 - [TEST_STEP][PASSED] - if (i == 2 &amp;&amp; wildList.indexOf(symbol) != -1): null

2019-08-23 18:57:12 - [TEST_STEP][PASSED] - if (i == 3 &amp;&amp; wildList.indexOf(symbol) != -1): null

2019-08-23 18:57:12 - [TEST_STEP][PASSED] - if (i == 4 &amp;&amp; wildList.indexOf(symbol) != -1): null

2019-08-23 18:57:12 - [TEST_STEP][PASSED] - symbol = symbol: null

2019-08-23 18:57:12 - [TEST_STEP][PASSED] - println(symbol): null

2019-08-23 18:57:12 - [TEST_STEP][PASSED] - if (i == 2 &amp;&amp; wildList.indexOf(symbol) != -1): null

2019-08-23 18:57:12 - [TEST_STEP][PASSED] - if (i == 3 &amp;&amp; wildList.indexOf(symbol) != -1): null

2019-08-23 18:57:12 - [TEST_STEP][PASSED] - if (i == 4 &amp;&amp; wildList.indexOf(symbol) != -1): null

2019-08-23 18:57:12 - [TEST_STEP][PASSED] - symbol = symbol: null

2019-08-23 18:57:12 - [TEST_STEP][PASSED] - println(symbol): null

2019-08-23 18:57:12 - [TEST_STEP][PASSED] - if (i == 2 &amp;&amp; wildList.indexOf(symbol) != -1): null

2019-08-23 18:57:12 - [TEST_STEP][PASSED] - if (i == 3 &amp;&amp; wildList.indexOf(symbol) != -1): null

2019-08-23 18:57:12 - [TEST_STEP][PASSED] - if (i == 4 &amp;&amp; wildList.indexOf(symbol) != -1): null

2019-08-23 18:57:12 - [TEST_STEP][PASSED] - symbols = symbols: null

2019-08-23 18:57:12 - [TEST_STEP][PASSED] - for ([j = 0, j &lt; symbols.size(), (j++)]): null

2019-08-23 18:57:12 - [TEST_STEP][PASSED] - symbol = symbol: null

2019-08-23 18:57:12 - [TEST_STEP][PASSED] - println(symbol): null

2019-08-23 18:57:12 - [TEST_STEP][PASSED] - if (i == 2 &amp;&amp; wildList.indexOf(symbol) != -1): null

2019-08-23 18:57:12 - [TEST_STEP][PASSED] - if (i == 3 &amp;&amp; wildList.indexOf(symbol) != -1): null

2019-08-23 18:57:12 - [TEST_STEP][PASSED] - if (i == 4 &amp;&amp; wildList.indexOf(symbol) != -1): null

2019-08-23 18:57:12 - [TEST_STEP][PASSED] - symbol = symbol: null

2019-08-23 18:57:12 - [TEST_STEP][PASSED] - println(symbol): null

2019-08-23 18:57:12 - [TEST_STEP][PASSED] - if (i == 2 &amp;&amp; wildList.indexOf(symbol) != -1): null

2019-08-23 18:57:12 - [TEST_STEP][PASSED] - if (i == 3 &amp;&amp; wildList.indexOf(symbol) != -1): null

2019-08-23 18:57:12 - [TEST_STEP][PASSED] - if (i == 4 &amp;&amp; wildList.indexOf(symbol) != -1): null

2019-08-23 18:57:12 - [TEST_STEP][PASSED] - symbol = symbol: null

2019-08-23 18:57:12 - [TEST_STEP][PASSED] - println(symbol): null

2019-08-23 18:57:12 - [TEST_STEP][PASSED] - if (i == 2 &amp;&amp; wildList.indexOf(symbol) != -1): null

2019-08-23 18:57:12 - [TEST_STEP][PASSED] - if (i == 3 &amp;&amp; wildList.indexOf(symbol) != -1): null

2019-08-23 18:57:12 - [TEST_STEP][PASSED] - if (i == 4 &amp;&amp; wildList.indexOf(symbol) != -1): null

2019-08-23 18:57:12 - [TEST_STEP][PASSED] - symbols = symbols: null

2019-08-23 18:57:12 - [TEST_STEP][PASSED] - for ([j = 0, j &lt; symbols.size(), (j++)]): null

2019-08-23 18:57:12 - [TEST_STEP][PASSED] - symbol = symbol: null

2019-08-23 18:57:12 - [TEST_STEP][PASSED] - println(symbol): null

2019-08-23 18:57:12 - [TEST_STEP][PASSED] - if (i == 2 &amp;&amp; wildList.indexOf(symbol) != -1): null

2019-08-23 18:57:12 - [TEST_STEP][PASSED] - println("wild found on reel 3, adding counter by 1"): null

2019-08-23 18:57:12 - [TEST_STEP][PASSED] - free_spin_reel_counter[0] = free_spin_reel_counter[0] + 1: null

2019-08-23 18:57:12 - [TEST_STEP][PASSED] - if (i == 3 &amp;&amp; wildList.indexOf(symbol) != -1): null

2019-08-23 18:57:12 - [TEST_STEP][PASSED] - if (i == 4 &amp;&amp; wildList.indexOf(symbol) != -1): null

2019-08-23 18:57:12 - [TEST_STEP][PASSED] - symbol = symbol: null

2019-08-23 18:57:12 - [TEST_STEP][PASSED] - println(symbol): null

2019-08-23 18:57:12 - [TEST_STEP][PASSED] - if (i == 2 &amp;&amp; wildList.indexOf(symbol) != -1): null

2019-08-23 18:57:12 - [TEST_STEP][PASSED] - if (i == 3 &amp;&amp; wildList.indexOf(symbol) != -1): null

2019-08-23 18:57:12 - [TEST_STEP][PASSED] - if (i == 4 &amp;&amp; wildList.indexOf(symbol) != -1): null

2019-08-23 18:57:12 - [TEST_STEP][PASSED] - symbol = symbol: null

2019-08-23 18:57:12 - [TEST_STEP][PASSED] - println(symbol): null

2019-08-23 18:57:12 - [TEST_STEP][PASSED] - if (i == 2 &amp;&amp; wildList.indexOf(symbol) != -1): null

2019-08-23 18:57:12 - [TEST_STEP][PASSED] - if (i == 3 &amp;&amp; wildList.indexOf(symbol) != -1): null

2019-08-23 18:57:12 - [TEST_STEP][PASSED] - if (i == 4 &amp;&amp; wildList.indexOf(symbol) != -1): null

2019-08-23 18:57:12 - [TEST_STEP][PASSED] - symbols = symbols: null

2019-08-23 18:57:12 - [TEST_STEP][PASSED] - for ([j = 0, j &lt; symbols.size(), (j++)]): null

2019-08-23 18:57:12 - [TEST_STEP][PASSED] - symbol = symbol: null

2019-08-23 18:57:12 - [TEST_STEP][PASSED] - println(symbol): null

2019-08-23 18:57:12 - [TEST_STEP][PASSED] - if (i == 2 &amp;&amp; wildList.indexOf(symbol) != -1): null

2019-08-23 18:57:12 - [TEST_STEP][PASSED] - if (i == 3 &amp;&amp; wildList.indexOf(symbol) != -1): null

2019-08-23 18:57:12 - [TEST_STEP][PASSED] - if (i == 4 &amp;&amp; wildList.indexOf(symbol) != -1): null

2019-08-23 18:57:12 - [TEST_STEP][PASSED] - symbol = symbol: null

2019-08-23 18:57:12 - [TEST_STEP][PASSED] - println(symbol): null

2019-08-23 18:57:12 - [TEST_STEP][PASSED] - if (i == 2 &amp;&amp; wildList.indexOf(symbol) != -1): null

2019-08-23 18:57:12 - [TEST_STEP][PASSED] - if (i == 3 &amp;&amp; wildList.indexOf(symbol) != -1): null

2019-08-23 18:57:12 - [TEST_STEP][PASSED] - if (i == 4 &amp;&amp; wildList.indexOf(symbol) != -1): null

2019-08-23 18:57:12 - [TEST_STEP][PASSED] - symbol = symbol: null

2019-08-23 18:57:12 - [TEST_STEP][PASSED] - println(symbol): null

2019-08-23 18:57:12 - [TEST_STEP][PASSED] - if (i == 2 &amp;&amp; wildList.indexOf(symbol) != -1): null

2019-08-23 18:57:12 - [TEST_STEP][PASSED] - if (i == 3 &amp;&amp; wildList.indexOf(symbol) != -1): null

2019-08-23 18:57:12 - [TEST_STEP][PASSED] - if (i == 4 &amp;&amp; wildList.indexOf(symbol) != -1): null

2019-08-23 18:57:12 - [TEST_STEP][PASSED] - symbols = symbols: null

2019-08-23 18:57:12 - [TEST_STEP][PASSED] - for ([j = 0, j &lt; symbols.size(), (j++)]): null

2019-08-23 18:57:12 - [TEST_STEP][PASSED] - symbol = symbol: null

2019-08-23 18:57:12 - [TEST_STEP][PASSED] - println(symbol): null

2019-08-23 18:57:12 - [TEST_STEP][PASSED] - if (i == 2 &amp;&amp; wildList.indexOf(symbol) != -1): null

2019-08-23 18:57:12 - [TEST_STEP][PASSED] - if (i == 3 &amp;&amp; wildList.indexOf(symbol) != -1): null

2019-08-23 18:57:12 - [TEST_STEP][PASSED] - if (i == 4 &amp;&amp; wildList.indexOf(symbol) != -1): null

2019-08-23 18:57:12 - [TEST_STEP][PASSED] - symbol = symbol: null

2019-08-23 18:57:12 - [TEST_STEP][PASSED] - println(symbol): null

2019-08-23 18:57:12 - [TEST_STEP][PASSED] - if (i == 2 &amp;&amp; wildList.indexOf(symbol) != -1): null

2019-08-23 18:57:12 - [TEST_STEP][PASSED] - if (i == 3 &amp;&amp; wildList.indexOf(symbol) != -1): null

2019-08-23 18:57:12 - [TEST_STEP][PASSED] - if (i == 4 &amp;&amp; wildList.indexOf(symbol) != -1): null

2019-08-23 18:57:12 - [TEST_STEP][PASSED] - symbol = symbol: null

2019-08-23 18:57:12 - [TEST_STEP][PASSED] - println(symbol): null

2019-08-23 18:57:12 - [TEST_STEP][PASSED] - if (i == 2 &amp;&amp; wildList.indexOf(symbol) != -1): null

2019-08-23 18:57:12 - [TEST_STEP][PASSED] - if (i == 3 &amp;&amp; wildList.indexOf(symbol) != -1): null

2019-08-23 18:57:12 - [TEST_STEP][PASSED] - if (i == 4 &amp;&amp; wildList.indexOf(symbol) != -1): null

2019-08-23 18:57:12 - [TEST_STEP][PASSED] - free_spin_reel_counter = free_spin_reel_counter: null

2019-08-23 18:57:12 - [TEST_STEP][PASSED] - println("reel 3 wild found: " + free_spin_reel_counter[0]): null

2019-08-23 18:57:12 - [TEST_STEP][PASSED] - println("reel 4 wild found: " + free_spin_reel_counter[1]): null

2019-08-23 18:57:12 - [TEST_STEP][PASSED] - println("reel 5 wild found: " + free_spin_reel_counter[2]): null

2019-08-23 18:57:12 - [TEST_STEP][PASSED] - M4_spin_reels = M4_spin_reels: null

2019-08-23 18:57:12 - [TEST_STEP][PASSED] - M4_spin_reels_symbols = symbol: null

2019-08-23 18:57:12 - [TEST_STEP][PASSED] - M4_spin_reels_symbols = M4_spin_reels_symbols: null

2019-08-23 18:57:12 - [TEST_STEP][PASSED] - M4_spin_reel_wins = reel_wins: null

2019-08-23 18:57:12 - [TEST_STEP][PASSED] - M4_spin_reel_wins = M4_spin_reel_wins: null

2019-08-23 18:57:12 - [TEST_STEP][PASSED] - println("GlobalVariable.M4_spin_reel_wins is: " + M4_spin_reel_wins): null

2019-08-23 18:57:12 - [TEST_STEP][PASSED] - M4_spin_total_bonus_win_this_round = total_bonus_win_this_round: null

2019-08-23 18:57:12 - [TEST_STEP][PASSED] - M4_spin_total_bonus_win_this_round = M4_spin_total_bonus_win_this_round: null

2019-08-23 18:57:12 - [TEST_STEP][PASSED] - println("GlobalVariable.M4_spin_total_bonus_win_this_round is: " + M4_spin_total_bonus_win_this_round): null

2019-08-23 18:57:12 - [TEST_STEP][PASSED] - M4_spin_bonus_spin_result = spin_result: null

2019-08-23 18:57:12 - [TEST_STEP][PASSED] - M4_spin_bonus_spin_result = M4_spin_bonus_spin_result: null

2019-08-23 18:57:12 - [MESSAGE][PASSED] - Verify response successfully

2019-08-23 18:57:12 - [MESSAGE][PASSED] - Send request and verify the response successfully

2019-08-23 18:57:15 - [TEST_STEP][PASSED] - if (free_spin_reel_counter[0] &gt;= 1 &amp;&amp; free_spin_reel_counter[1] &gt;= 1 &amp;&amp; free_spin_reel_counter[2] &gt;= 1): null

2019-08-23 18:57:15 - [TEST_STEP][PASSED] - spin_result = sendRequestAndVerify(findTestObject("INT/RGS(M4)/1_M4_spin", ["M4_login_user_id":M4_login_user_id, "rgs_session_token":rgs_session_token, "partner":Partner])): Send request and verify the response successfully

2019-08-23 18:57:15 - [MESSAGE][INFO] - HAR: /Users/eiralee/Katalon_Script/SuperWild/Reports/20190823_184757/INT/superWild_1/20190823_184757/requests/main/246.har

2019-08-23 18:57:15 - [TEST_CASE][PASSED] - Start Test Case : Verification: Verification accomplished successfully

2019-08-23 18:57:15 - [TEST_STEP][PASSED] - request = getInstance().getCurrentRequest(): null

2019-08-23 18:57:15 - [TEST_STEP][PASSED] - response = getInstance().getCurrentResponse(): null

2019-08-23 18:57:15 - [TEST_STEP][PASSED] - verifyResponseStatusCode(response, 200): Verify response status code successfully

2019-08-23 18:57:15 - [MESSAGE][PASSED] - Verify response status code successfully

2019-08-23 18:57:15 - [TEST_STEP][PASSED] - getStatusCode()).isEqualTo(200): null

2019-08-23 18:57:15 - [TEST_STEP][PASSED] - newline = System.getProperty("line.separator"): null

2019-08-23 18:57:15 - [TEST_STEP][PASSED] - M4_spin = new groovy.json.JsonSlurper(): null

2019-08-23 18:57:15 - [TEST_STEP][PASSED] - result_M4_spin = M4_spin.parseText(response.getResponseBodyContent()): null

2019-08-23 18:57:15 - [TEST_STEP][PASSED] - M4_spin_current_balance = current_balance: null

2019-08-23 18:57:15 - [TEST_STEP][PASSED] - M4_spin_current_balance = M4_spin_current_balance: null

2019-08-23 18:57:15 - [TEST_STEP][PASSED] - M4_spin_transaction_id = causality: null

2019-08-23 18:57:15 - [TEST_STEP][PASSED] - M4_spin_transaction_id = M4_spin_transaction_id: null

2019-08-23 18:57:15 - [TEST_STEP][PASSED] - M4_spin_round_id = round_id: null

2019-08-23 18:57:15 - [TEST_STEP][PASSED] - M4_spin_round_id = M4_spin_round_id: null

2019-08-23 18:57:15 - [TEST_STEP][PASSED] - M4_spin_line_wins = line_wins: null

2019-08-23 18:57:15 - [TEST_STEP][PASSED] - M4_spin_line_wins = M4_spin_line_wins: null

2019-08-23 18:57:15 - [TEST_STEP][PASSED] - M4_total_bonus_spins_int = total_bonus_spins: null

2019-08-23 18:57:15 - [TEST_STEP][PASSED] - println("******M4_total_bonus_spins type is:*******" + newline + getClass().getName()): null

2019-08-23 18:57:15 - [TEST_STEP][PASSED] - M4_total_bonus_spins_int = M4_total_bonus_spins_int: null

2019-08-23 18:57:15 - [TEST_STEP][PASSED] - M4_total_bonus_spins = Integer.toString(M4_total_bonus_spins_int): null

2019-08-23 18:57:15 - [TEST_STEP][PASSED] - M4_total_bonus_spins = M4_total_bonus_spins: null

2019-08-23 18:57:15 - [TEST_STEP][PASSED] - println("M4_total_bonus_spins is:" + M4_total_bonus_spins): null

2019-08-23 18:57:15 - [TEST_STEP][PASSED] - M4_spin_bonus_data = bonus_data: null

2019-08-23 18:57:15 - [TEST_STEP][PASSED] - M4_spin_features_triggered = result_M4_spin: null

2019-08-23 18:57:15 - [TEST_STEP][PASSED] - wild = []: null

2019-08-23 18:57:15 - [TEST_STEP][PASSED] - wild[0] = "WILD_Expanding": null

2019-08-23 18:57:15 - [TEST_STEP][PASSED] - wild[1] = "WILD_Normal": null

2019-08-23 18:57:15 - [TEST_STEP][PASSED] - wild[2] = "WILD_Double": null

2019-08-23 18:57:15 - [TEST_STEP][PASSED] - wild[3] = "WILD_ExtraFG": null

2019-08-23 18:57:15 - [TEST_STEP][PASSED] - wild[4] = "WILD_Triple": null

2019-08-23 18:57:15 - [TEST_STEP][PASSED] - wildList = Arrays.asList(wild): null

2019-08-23 18:57:15 - [TEST_STEP][PASSED] - wildList = wildList: null

2019-08-23 18:57:15 - [TEST_STEP][PASSED] - free_spin_reel_counter = []: null

2019-08-23 18:57:15 - [TEST_STEP][PASSED] - free_spin_reel_counter[0] = 0: null

2019-08-23 18:57:15 - [TEST_STEP][PASSED] - free_spin_reel_counter[1] = 0: null

2019-08-23 18:57:15 - [TEST_STEP][PASSED] - free_spin_reel_counter[2] = 0: null

2019-08-23 18:57:15 - [TEST_STEP][PASSED] - M4_spin_reels = reels: null

2019-08-23 18:57:15 - [TEST_STEP][PASSED] - for ([i = 0, i &lt; M4_spin_reels.size(), (i++)]): null

2019-08-23 18:57:15 - [TEST_STEP][PASSED] - symbols = symbols: null

2019-08-23 18:57:15 - [TEST_STEP][PASSED] - for ([j = 0, j &lt; symbols.size(), (j++)]): null

2019-08-23 18:57:15 - [TEST_STEP][PASSED] - symbol = symbol: null

2019-08-23 18:57:15 - [TEST_STEP][PASSED] - println(symbol): null

2019-08-23 18:57:15 - [TEST_STEP][PASSED] - if (i == 2 &amp;&amp; wildList.indexOf(symbol) != -1): null

2019-08-23 18:57:15 - [TEST_STEP][PASSED] - if (i == 3 &amp;&amp; wildList.indexOf(symbol) != -1): null

2019-08-23 18:57:15 - [TEST_STEP][PASSED] - if (i == 4 &amp;&amp; wildList.indexOf(symbol) != -1): null

2019-08-23 18:57:15 - [TEST_STEP][PASSED] - symbol = symbol: null

2019-08-23 18:57:15 - [TEST_STEP][PASSED] - println(symbol): null

2019-08-23 18:57:15 - [TEST_STEP][PASSED] - if (i == 2 &amp;&amp; wildList.indexOf(symbol) != -1): null

2019-08-23 18:57:15 - [TEST_STEP][PASSED] - if (i == 3 &amp;&amp; wildList.indexOf(symbol) != -1): null

2019-08-23 18:57:15 - [TEST_STEP][PASSED] - if (i == 4 &amp;&amp; wildList.indexOf(symbol) != -1): null

2019-08-23 18:57:15 - [TEST_STEP][PASSED] - symbol = symbol: null

2019-08-23 18:57:15 - [TEST_STEP][PASSED] - println(symbol): null

2019-08-23 18:57:15 - [TEST_STEP][PASSED] - if (i == 2 &amp;&amp; wildList.indexOf(symbol) != -1): null

2019-08-23 18:57:15 - [TEST_STEP][PASSED] - if (i == 3 &amp;&amp; wildList.indexOf(symbol) != -1): null

2019-08-23 18:57:15 - [TEST_STEP][PASSED] - if (i == 4 &amp;&amp; wildList.indexOf(symbol) != -1): null

2019-08-23 18:57:15 - [TEST_STEP][PASSED] - symbols = symbols: null

2019-08-23 18:57:15 - [TEST_STEP][PASSED] - for ([j = 0, j &lt; symbols.size(), (j++)]): null

2019-08-23 18:57:15 - [TEST_STEP][PASSED] - symbol = symbol: null

2019-08-23 18:57:15 - [TEST_STEP][PASSED] - println(symbol): null

2019-08-23 18:57:15 - [TEST_STEP][PASSED] - if (i == 2 &amp;&amp; wildList.indexOf(symbol) != -1): null

2019-08-23 18:57:15 - [TEST_STEP][PASSED] - if (i == 3 &amp;&amp; wildList.indexOf(symbol) != -1): null

2019-08-23 18:57:15 - [TEST_STEP][PASSED] - if (i == 4 &amp;&amp; wildList.indexOf(symbol) != -1): null

2019-08-23 18:57:15 - [TEST_STEP][PASSED] - symbol = symbol: null

2019-08-23 18:57:15 - [TEST_STEP][PASSED] - println(symbol): null

2019-08-23 18:57:15 - [TEST_STEP][PASSED] - if (i == 2 &amp;&amp; wildList.indexOf(symbol) != -1): null

2019-08-23 18:57:15 - [TEST_STEP][PASSED] - if (i == 3 &amp;&amp; wildList.indexOf(symbol) != -1): null

2019-08-23 18:57:15 - [TEST_STEP][PASSED] - if (i == 4 &amp;&amp; wildList.indexOf(symbol) != -1): null

2019-08-23 18:57:15 - [TEST_STEP][PASSED] - symbol = symbol: null

2019-08-23 18:57:15 - [TEST_STEP][PASSED] - println(symbol): null

2019-08-23 18:57:15 - [TEST_STEP][PASSED] - if (i == 2 &amp;&amp; wildList.indexOf(symbol) != -1): null

2019-08-23 18:57:15 - [TEST_STEP][PASSED] - if (i == 3 &amp;&amp; wildList.indexOf(symbol) != -1): null

2019-08-23 18:57:15 - [TEST_STEP][PASSED] - if (i == 4 &amp;&amp; wildList.indexOf(symbol) != -1): null

2019-08-23 18:57:15 - [TEST_STEP][PASSED] - symbols = symbols: null

2019-08-23 18:57:15 - [TEST_STEP][PASSED] - for ([j = 0, j &lt; symbols.size(), (j++)]): null

2019-08-23 18:57:15 - [TEST_STEP][PASSED] - symbol = symbol: null

2019-08-23 18:57:15 - [TEST_STEP][PASSED] - println(symbol): null

2019-08-23 18:57:15 - [TEST_STEP][PASSED] - if (i == 2 &amp;&amp; wildList.indexOf(symbol) != -1): null

2019-08-23 18:57:15 - [TEST_STEP][PASSED] - if (i == 3 &amp;&amp; wildList.indexOf(symbol) != -1): null

2019-08-23 18:57:15 - [TEST_STEP][PASSED] - if (i == 4 &amp;&amp; wildList.indexOf(symbol) != -1): null

2019-08-23 18:57:15 - [TEST_STEP][PASSED] - symbol = symbol: null

2019-08-23 18:57:15 - [TEST_STEP][PASSED] - println(symbol): null

2019-08-23 18:57:15 - [TEST_STEP][PASSED] - if (i == 2 &amp;&amp; wildList.indexOf(symbol) != -1): null

2019-08-23 18:57:15 - [TEST_STEP][PASSED] - if (i == 3 &amp;&amp; wildList.indexOf(symbol) != -1): null

2019-08-23 18:57:15 - [TEST_STEP][PASSED] - if (i == 4 &amp;&amp; wildList.indexOf(symbol) != -1): null

2019-08-23 18:57:15 - [TEST_STEP][PASSED] - symbol = symbol: null

2019-08-23 18:57:15 - [TEST_STEP][PASSED] - println(symbol): null

2019-08-23 18:57:15 - [TEST_STEP][PASSED] - if (i == 2 &amp;&amp; wildList.indexOf(symbol) != -1): null

2019-08-23 18:57:15 - [TEST_STEP][PASSED] - println("wild found on reel 3, adding counter by 1"): null

2019-08-23 18:57:15 - [TEST_STEP][PASSED] - free_spin_reel_counter[0] = free_spin_reel_counter[0] + 1: null

2019-08-23 18:57:15 - [TEST_STEP][PASSED] - if (i == 3 &amp;&amp; wildList.indexOf(symbol) != -1): null

2019-08-23 18:57:15 - [TEST_STEP][PASSED] - if (i == 4 &amp;&amp; wildList.indexOf(symbol) != -1): null

2019-08-23 18:57:15 - [TEST_STEP][PASSED] - symbols = symbols: null

2019-08-23 18:57:15 - [TEST_STEP][PASSED] - for ([j = 0, j &lt; symbols.size(), (j++)]): null

2019-08-23 18:57:15 - [TEST_STEP][PASSED] - symbol = symbol: null

2019-08-23 18:57:15 - [TEST_STEP][PASSED] - println(symbol): null

2019-08-23 18:57:15 - [TEST_STEP][PASSED] - if (i == 2 &amp;&amp; wildList.indexOf(symbol) != -1): null

2019-08-23 18:57:15 - [TEST_STEP][PASSED] - if (i == 3 &amp;&amp; wildList.indexOf(symbol) != -1): null

2019-08-23 18:57:15 - [TEST_STEP][PASSED] - if (i == 4 &amp;&amp; wildList.indexOf(symbol) != -1): null

2019-08-23 18:57:15 - [TEST_STEP][PASSED] - symbol = symbol: null

2019-08-23 18:57:15 - [TEST_STEP][PASSED] - println(symbol): null

2019-08-23 18:57:15 - [TEST_STEP][PASSED] - if (i == 2 &amp;&amp; wildList.indexOf(symbol) != -1): null

2019-08-23 18:57:15 - [TEST_STEP][PASSED] - if (i == 3 &amp;&amp; wildList.indexOf(symbol) != -1): null

2019-08-23 18:57:15 - [TEST_STEP][PASSED] - if (i == 4 &amp;&amp; wildList.indexOf(symbol) != -1): null

2019-08-23 18:57:15 - [TEST_STEP][PASSED] - symbol = symbol: null

2019-08-23 18:57:15 - [TEST_STEP][PASSED] - println(symbol): null

2019-08-23 18:57:15 - [TEST_STEP][PASSED] - if (i == 2 &amp;&amp; wildList.indexOf(symbol) != -1): null

2019-08-23 18:57:15 - [TEST_STEP][PASSED] - if (i == 3 &amp;&amp; wildList.indexOf(symbol) != -1): null

2019-08-23 18:57:15 - [TEST_STEP][PASSED] - if (i == 4 &amp;&amp; wildList.indexOf(symbol) != -1): null

2019-08-23 18:57:15 - [TEST_STEP][PASSED] - symbols = symbols: null

2019-08-23 18:57:15 - [TEST_STEP][PASSED] - for ([j = 0, j &lt; symbols.size(), (j++)]): null

2019-08-23 18:57:15 - [TEST_STEP][PASSED] - symbol = symbol: null

2019-08-23 18:57:15 - [TEST_STEP][PASSED] - println(symbol): null

2019-08-23 18:57:15 - [TEST_STEP][PASSED] - if (i == 2 &amp;&amp; wildList.indexOf(symbol) != -1): null

2019-08-23 18:57:15 - [TEST_STEP][PASSED] - if (i == 3 &amp;&amp; wildList.indexOf(symbol) != -1): null

2019-08-23 18:57:15 - [TEST_STEP][PASSED] - if (i == 4 &amp;&amp; wildList.indexOf(symbol) != -1): null

2019-08-23 18:57:15 - [TEST_STEP][PASSED] - symbol = symbol: null

2019-08-23 18:57:15 - [TEST_STEP][PASSED] - println(symbol): null

2019-08-23 18:57:15 - [TEST_STEP][PASSED] - if (i == 2 &amp;&amp; wildList.indexOf(symbol) != -1): null

2019-08-23 18:57:15 - [TEST_STEP][PASSED] - if (i == 3 &amp;&amp; wildList.indexOf(symbol) != -1): null

2019-08-23 18:57:15 - [TEST_STEP][PASSED] - if (i == 4 &amp;&amp; wildList.indexOf(symbol) != -1): null

2019-08-23 18:57:15 - [TEST_STEP][PASSED] - symbol = symbol: null

2019-08-23 18:57:15 - [TEST_STEP][PASSED] - println(symbol): null

2019-08-23 18:57:15 - [TEST_STEP][PASSED] - if (i == 2 &amp;&amp; wildList.indexOf(symbol) != -1): null

2019-08-23 18:57:15 - [TEST_STEP][PASSED] - if (i == 3 &amp;&amp; wildList.indexOf(symbol) != -1): null

2019-08-23 18:57:15 - [TEST_STEP][PASSED] - if (i == 4 &amp;&amp; wildList.indexOf(symbol) != -1): null

2019-08-23 18:57:15 - [TEST_STEP][PASSED] - free_spin_reel_counter = free_spin_reel_counter: null

2019-08-23 18:57:15 - [TEST_STEP][PASSED] - println("reel 3 wild found: " + free_spin_reel_counter[0]): null

2019-08-23 18:57:15 - [TEST_STEP][PASSED] - println("reel 4 wild found: " + free_spin_reel_counter[1]): null

2019-08-23 18:57:15 - [TEST_STEP][PASSED] - println("reel 5 wild found: " + free_spin_reel_counter[2]): null

2019-08-23 18:57:15 - [TEST_STEP][PASSED] - M4_spin_reels = M4_spin_reels: null

2019-08-23 18:57:15 - [TEST_STEP][PASSED] - M4_spin_reels_symbols = symbol: null

2019-08-23 18:57:15 - [TEST_STEP][PASSED] - M4_spin_reels_symbols = M4_spin_reels_symbols: null

2019-08-23 18:57:15 - [TEST_STEP][PASSED] - M4_spin_reel_wins = reel_wins: null

2019-08-23 18:57:15 - [TEST_STEP][PASSED] - M4_spin_reel_wins = M4_spin_reel_wins: null

2019-08-23 18:57:15 - [TEST_STEP][PASSED] - println("GlobalVariable.M4_spin_reel_wins is: " + M4_spin_reel_wins): null

2019-08-23 18:57:15 - [TEST_STEP][PASSED] - M4_spin_total_bonus_win_this_round = total_bonus_win_this_round: null

2019-08-23 18:57:15 - [TEST_STEP][PASSED] - M4_spin_total_bonus_win_this_round = M4_spin_total_bonus_win_this_round: null

2019-08-23 18:57:15 - [TEST_STEP][PASSED] - println("GlobalVariable.M4_spin_total_bonus_win_this_round is: " + M4_spin_total_bonus_win_this_round): null

2019-08-23 18:57:15 - [TEST_STEP][PASSED] - M4_spin_bonus_spin_result = spin_result: null

2019-08-23 18:57:15 - [TEST_STEP][PASSED] - M4_spin_bonus_spin_result = M4_spin_bonus_spin_result: null

2019-08-23 18:57:15 - [MESSAGE][PASSED] - Verify response successfully

2019-08-23 18:57:15 - [MESSAGE][PASSED] - Send request and verify the response successfully

2019-08-23 18:57:15 - [TEST_STEP][PASSED] - if (free_spin_reel_counter[0] &gt;= 1 &amp;&amp; free_spin_reel_counter[1] &gt;= 1 &amp;&amp; free_spin_reel_counter[2] &gt;= 1): null

2019-08-23 18:57:15 - [TEST_STEP][PASSED] - spin_result = sendRequestAndVerify(findTestObject("INT/RGS(M4)/1_M4_spin", ["M4_login_user_id":M4_login_user_id, "rgs_session_token":rgs_session_token, "partner":Partner])): Send request and verify the response successfully

2019-08-23 18:57:16 - [MESSAGE][INFO] - HAR: /Users/eiralee/Katalon_Script/SuperWild/Reports/20190823_184757/INT/superWild_1/20190823_184757/requests/main/247.har

2019-08-23 18:57:16 - [TEST_CASE][PASSED] - Start Test Case : Verification: Verification accomplished successfully

2019-08-23 18:57:16 - [TEST_STEP][PASSED] - request = getInstance().getCurrentRequest(): null

2019-08-23 18:57:16 - [TEST_STEP][PASSED] - response = getInstance().getCurrentResponse(): null

2019-08-23 18:57:16 - [TEST_STEP][PASSED] - verifyResponseStatusCode(response, 200): Verify response status code successfully

2019-08-23 18:57:16 - [MESSAGE][PASSED] - Verify response status code successfully

2019-08-23 18:57:16 - [TEST_STEP][PASSED] - getStatusCode()).isEqualTo(200): null

2019-08-23 18:57:16 - [TEST_STEP][PASSED] - newline = System.getProperty("line.separator"): null

2019-08-23 18:57:16 - [TEST_STEP][PASSED] - M4_spin = new groovy.json.JsonSlurper(): null

2019-08-23 18:57:16 - [TEST_STEP][PASSED] - result_M4_spin = M4_spin.parseText(response.getResponseBodyContent()): null

2019-08-23 18:57:16 - [TEST_STEP][PASSED] - M4_spin_current_balance = current_balance: null

2019-08-23 18:57:16 - [TEST_STEP][PASSED] - M4_spin_current_balance = M4_spin_current_balance: null

2019-08-23 18:57:16 - [TEST_STEP][PASSED] - M4_spin_transaction_id = causality: null

2019-08-23 18:57:16 - [TEST_STEP][PASSED] - M4_spin_transaction_id = M4_spin_transaction_id: null

2019-08-23 18:57:16 - [TEST_STEP][PASSED] - M4_spin_round_id = round_id: null

2019-08-23 18:57:16 - [TEST_STEP][PASSED] - M4_spin_round_id = M4_spin_round_id: null

2019-08-23 18:57:16 - [TEST_STEP][PASSED] - M4_spin_line_wins = line_wins: null

2019-08-23 18:57:16 - [TEST_STEP][PASSED] - M4_spin_line_wins = M4_spin_line_wins: null

2019-08-23 18:57:16 - [TEST_STEP][PASSED] - M4_total_bonus_spins_int = total_bonus_spins: null

2019-08-23 18:57:16 - [TEST_STEP][PASSED] - println("******M4_total_bonus_spins type is:*******" + newline + getClass().getName()): null

2019-08-23 18:57:16 - [TEST_STEP][PASSED] - M4_total_bonus_spins_int = M4_total_bonus_spins_int: null

2019-08-23 18:57:16 - [TEST_STEP][PASSED] - M4_total_bonus_spins = Integer.toString(M4_total_bonus_spins_int): null

2019-08-23 18:57:16 - [TEST_STEP][PASSED] - M4_total_bonus_spins = M4_total_bonus_spins: null

2019-08-23 18:57:16 - [TEST_STEP][PASSED] - println("M4_total_bonus_spins is:" + M4_total_bonus_spins): null

2019-08-23 18:57:16 - [TEST_STEP][PASSED] - M4_spin_bonus_data = bonus_data: null

2019-08-23 18:57:16 - [TEST_STEP][PASSED] - M4_spin_features_triggered = result_M4_spin: null

2019-08-23 18:57:16 - [TEST_STEP][PASSED] - wild = []: null

2019-08-23 18:57:16 - [TEST_STEP][PASSED] - wild[0] = "WILD_Expanding": null

2019-08-23 18:57:16 - [TEST_STEP][PASSED] - wild[1] = "WILD_Normal": null

2019-08-23 18:57:16 - [TEST_STEP][PASSED] - wild[2] = "WILD_Double": null

2019-08-23 18:57:16 - [TEST_STEP][PASSED] - wild[3] = "WILD_ExtraFG": null

2019-08-23 18:57:16 - [TEST_STEP][PASSED] - wild[4] = "WILD_Triple": null

2019-08-23 18:57:16 - [TEST_STEP][PASSED] - wildList = Arrays.asList(wild): null

2019-08-23 18:57:16 - [TEST_STEP][PASSED] - wildList = wildList: null

2019-08-23 18:57:16 - [TEST_STEP][PASSED] - free_spin_reel_counter = []: null

2019-08-23 18:57:16 - [TEST_STEP][PASSED] - free_spin_reel_counter[0] = 0: null

2019-08-23 18:57:16 - [TEST_STEP][PASSED] - free_spin_reel_counter[1] = 0: null

2019-08-23 18:57:16 - [TEST_STEP][PASSED] - free_spin_reel_counter[2] = 0: null

2019-08-23 18:57:16 - [TEST_STEP][PASSED] - M4_spin_reels = reels: null

2019-08-23 18:57:16 - [TEST_STEP][PASSED] - for ([i = 0, i &lt; M4_spin_reels.size(), (i++)]): null

2019-08-23 18:57:16 - [TEST_STEP][PASSED] - symbols = symbols: null

2019-08-23 18:57:16 - [TEST_STEP][PASSED] - for ([j = 0, j &lt; symbols.size(), (j++)]): null

2019-08-23 18:57:16 - [TEST_STEP][PASSED] - symbol = symbol: null

2019-08-23 18:57:16 - [TEST_STEP][PASSED] - println(symbol): null

2019-08-23 18:57:16 - [TEST_STEP][PASSED] - if (i == 2 &amp;&amp; wildList.indexOf(symbol) != -1): null

2019-08-23 18:57:16 - [TEST_STEP][PASSED] - if (i == 3 &amp;&amp; wildList.indexOf(symbol) != -1): null

2019-08-23 18:57:16 - [TEST_STEP][PASSED] - if (i == 4 &amp;&amp; wildList.indexOf(symbol) != -1): null

2019-08-23 18:57:16 - [TEST_STEP][PASSED] - symbol = symbol: null

2019-08-23 18:57:16 - [TEST_STEP][PASSED] - println(symbol): null

2019-08-23 18:57:16 - [TEST_STEP][PASSED] - if (i == 2 &amp;&amp; wildList.indexOf(symbol) != -1): null

2019-08-23 18:57:16 - [TEST_STEP][PASSED] - if (i == 3 &amp;&amp; wildList.indexOf(symbol) != -1): null

2019-08-23 18:57:16 - [TEST_STEP][PASSED] - if (i == 4 &amp;&amp; wildList.indexOf(symbol) != -1): null

2019-08-23 18:57:16 - [TEST_STEP][PASSED] - symbol = symbol: null

2019-08-23 18:57:16 - [TEST_STEP][PASSED] - println(symbol): null

2019-08-23 18:57:16 - [TEST_STEP][PASSED] - if (i == 2 &amp;&amp; wildList.indexOf(symbol) != -1): null

2019-08-23 18:57:16 - [TEST_STEP][PASSED] - if (i == 3 &amp;&amp; wildList.indexOf(symbol) != -1): null

2019-08-23 18:57:16 - [TEST_STEP][PASSED] - if (i == 4 &amp;&amp; wildList.indexOf(symbol) != -1): null

2019-08-23 18:57:16 - [TEST_STEP][PASSED] - symbols = symbols: null

2019-08-23 18:57:16 - [TEST_STEP][PASSED] - for ([j = 0, j &lt; symbols.size(), (j++)]): null

2019-08-23 18:57:16 - [TEST_STEP][PASSED] - symbol = symbol: null

2019-08-23 18:57:16 - [TEST_STEP][PASSED] - println(symbol): null

2019-08-23 18:57:16 - [TEST_STEP][PASSED] - if (i == 2 &amp;&amp; wildList.indexOf(symbol) != -1): null

2019-08-23 18:57:16 - [TEST_STEP][PASSED] - if (i == 3 &amp;&amp; wildList.indexOf(symbol) != -1): null

2019-08-23 18:57:16 - [TEST_STEP][PASSED] - if (i == 4 &amp;&amp; wildList.indexOf(symbol) != -1): null

2019-08-23 18:57:16 - [TEST_STEP][PASSED] - symbol = symbol: null

2019-08-23 18:57:16 - [TEST_STEP][PASSED] - println(symbol): null

2019-08-23 18:57:16 - [TEST_STEP][PASSED] - if (i == 2 &amp;&amp; wildList.indexOf(symbol) != -1): null

2019-08-23 18:57:16 - [TEST_STEP][PASSED] - if (i == 3 &amp;&amp; wildList.indexOf(symbol) != -1): null

2019-08-23 18:57:16 - [TEST_STEP][PASSED] - if (i == 4 &amp;&amp; wildList.indexOf(symbol) != -1): null

2019-08-23 18:57:16 - [TEST_STEP][PASSED] - symbol = symbol: null

2019-08-23 18:57:16 - [TEST_STEP][PASSED] - println(symbol): null

2019-08-23 18:57:16 - [TEST_STEP][PASSED] - if (i == 2 &amp;&amp; wildList.indexOf(symbol) != -1): null

2019-08-23 18:57:16 - [TEST_STEP][PASSED] - if (i == 3 &amp;&amp; wildList.indexOf(symbol) != -1): null

2019-08-23 18:57:16 - [TEST_STEP][PASSED] - if (i == 4 &amp;&amp; wildList.indexOf(symbol) != -1): null

2019-08-23 18:57:16 - [TEST_STEP][PASSED] - symbols = symbols: null

2019-08-23 18:57:16 - [TEST_STEP][PASSED] - for ([j = 0, j &lt; symbols.size(), (j++)]): null

2019-08-23 18:57:16 - [TEST_STEP][PASSED] - symbol = symbol: null

2019-08-23 18:57:16 - [TEST_STEP][PASSED] - println(symbol): null

2019-08-23 18:57:16 - [TEST_STEP][PASSED] - if (i == 2 &amp;&amp; wildList.indexOf(symbol) != -1): null

2019-08-23 18:57:16 - [TEST_STEP][PASSED] - if (i == 3 &amp;&amp; wildList.indexOf(symbol) != -1): null

2019-08-23 18:57:16 - [TEST_STEP][PASSED] - if (i == 4 &amp;&amp; wildList.indexOf(symbol) != -1): null

2019-08-23 18:57:16 - [TEST_STEP][PASSED] - symbol = symbol: null

2019-08-23 18:57:16 - [TEST_STEP][PASSED] - println(symbol): null

2019-08-23 18:57:16 - [TEST_STEP][PASSED] - if (i == 2 &amp;&amp; wildList.indexOf(symbol) != -1): null

2019-08-23 18:57:16 - [TEST_STEP][PASSED] - if (i == 3 &amp;&amp; wildList.indexOf(symbol) != -1): null

2019-08-23 18:57:16 - [TEST_STEP][PASSED] - if (i == 4 &amp;&amp; wildList.indexOf(symbol) != -1): null

2019-08-23 18:57:16 - [TEST_STEP][PASSED] - symbol = symbol: null

2019-08-23 18:57:16 - [TEST_STEP][PASSED] - println(symbol): null

2019-08-23 18:57:16 - [TEST_STEP][PASSED] - if (i == 2 &amp;&amp; wildList.indexOf(symbol) != -1): null

2019-08-23 18:57:16 - [TEST_STEP][PASSED] - println("wild found on reel 3, adding counter by 1"): null

2019-08-23 18:57:16 - [TEST_STEP][PASSED] - free_spin_reel_counter[0] = free_spin_reel_counter[0] + 1: null

2019-08-23 18:57:16 - [TEST_STEP][PASSED] - if (i == 3 &amp;&amp; wildList.indexOf(symbol) != -1): null

2019-08-23 18:57:16 - [TEST_STEP][PASSED] - if (i == 4 &amp;&amp; wildList.indexOf(symbol) != -1): null

2019-08-23 18:57:16 - [TEST_STEP][PASSED] - symbols = symbols: null

2019-08-23 18:57:16 - [TEST_STEP][PASSED] - for ([j = 0, j &lt; symbols.size(), (j++)]): null

2019-08-23 18:57:16 - [TEST_STEP][PASSED] - symbol = symbol: null

2019-08-23 18:57:16 - [TEST_STEP][PASSED] - println(symbol): null

2019-08-23 18:57:16 - [TEST_STEP][PASSED] - if (i == 2 &amp;&amp; wildList.indexOf(symbol) != -1): null

2019-08-23 18:57:16 - [TEST_STEP][PASSED] - if (i == 3 &amp;&amp; wildList.indexOf(symbol) != -1): null

2019-08-23 18:57:16 - [TEST_STEP][PASSED] - if (i == 4 &amp;&amp; wildList.indexOf(symbol) != -1): null

2019-08-23 18:57:16 - [TEST_STEP][PASSED] - symbol = symbol: null

2019-08-23 18:57:16 - [TEST_STEP][PASSED] - println(symbol): null

2019-08-23 18:57:16 - [TEST_STEP][PASSED] - if (i == 2 &amp;&amp; wildList.indexOf(symbol) != -1): null

2019-08-23 18:57:16 - [TEST_STEP][PASSED] - if (i == 3 &amp;&amp; wildList.indexOf(symbol) != -1): null

2019-08-23 18:57:16 - [TEST_STEP][PASSED] - if (i == 4 &amp;&amp; wildList.indexOf(symbol) != -1): null

2019-08-23 18:57:16 - [TEST_STEP][PASSED] - symbol = symbol: null

2019-08-23 18:57:16 - [TEST_STEP][PASSED] - println(symbol): null

2019-08-23 18:57:16 - [TEST_STEP][PASSED] - if (i == 2 &amp;&amp; wildList.indexOf(symbol) != -1): null

2019-08-23 18:57:16 - [TEST_STEP][PASSED] - if (i == 3 &amp;&amp; wildList.indexOf(symbol) != -1): null

2019-08-23 18:57:16 - [TEST_STEP][PASSED] - if (i == 4 &amp;&amp; wildList.indexOf(symbol) != -1): null

2019-08-23 18:57:16 - [TEST_STEP][PASSED] - symbols = symbols: null

2019-08-23 18:57:16 - [TEST_STEP][PASSED] - for ([j = 0, j &lt; symbols.size(), (j++)]): null

2019-08-23 18:57:16 - [TEST_STEP][PASSED] - symbol = symbol: null

2019-08-23 18:57:16 - [TEST_STEP][PASSED] - println(symbol): null

2019-08-23 18:57:16 - [TEST_STEP][PASSED] - if (i == 2 &amp;&amp; wildList.indexOf(symbol) != -1): null

2019-08-23 18:57:16 - [TEST_STEP][PASSED] - if (i == 3 &amp;&amp; wildList.indexOf(symbol) != -1): null

2019-08-23 18:57:16 - [TEST_STEP][PASSED] - if (i == 4 &amp;&amp; wildList.indexOf(symbol) != -1): null

2019-08-23 18:57:16 - [TEST_STEP][PASSED] - symbol = symbol: null

2019-08-23 18:57:16 - [TEST_STEP][PASSED] - println(symbol): null

2019-08-23 18:57:16 - [TEST_STEP][PASSED] - if (i == 2 &amp;&amp; wildList.indexOf(symbol) != -1): null

2019-08-23 18:57:16 - [TEST_STEP][PASSED] - if (i == 3 &amp;&amp; wildList.indexOf(symbol) != -1): null

2019-08-23 18:57:16 - [TEST_STEP][PASSED] - if (i == 4 &amp;&amp; wildList.indexOf(symbol) != -1): null

2019-08-23 18:57:16 - [TEST_STEP][PASSED] - symbol = symbol: null

2019-08-23 18:57:16 - [TEST_STEP][PASSED] - println(symbol): null

2019-08-23 18:57:16 - [TEST_STEP][PASSED] - if (i == 2 &amp;&amp; wildList.indexOf(symbol) != -1): null

2019-08-23 18:57:16 - [TEST_STEP][PASSED] - if (i == 3 &amp;&amp; wildList.indexOf(symbol) != -1): null

2019-08-23 18:57:16 - [TEST_STEP][PASSED] - if (i == 4 &amp;&amp; wildList.indexOf(symbol) != -1): null

2019-08-23 18:57:16 - [TEST_STEP][PASSED] - free_spin_reel_counter = free_spin_reel_counter: null

2019-08-23 18:57:16 - [TEST_STEP][PASSED] - println("reel 3 wild found: " + free_spin_reel_counter[0]): null

2019-08-23 18:57:16 - [TEST_STEP][PASSED] - println("reel 4 wild found: " + free_spin_reel_counter[1]): null

2019-08-23 18:57:16 - [TEST_STEP][PASSED] - println("reel 5 wild found: " + free_spin_reel_counter[2]): null

2019-08-23 18:57:16 - [TEST_STEP][PASSED] - M4_spin_reels = M4_spin_reels: null

2019-08-23 18:57:16 - [TEST_STEP][PASSED] - M4_spin_reels_symbols = symbol: null

2019-08-23 18:57:16 - [TEST_STEP][PASSED] - M4_spin_reels_symbols = M4_spin_reels_symbols: null

2019-08-23 18:57:16 - [TEST_STEP][PASSED] - M4_spin_reel_wins = reel_wins: null

2019-08-23 18:57:16 - [TEST_STEP][PASSED] - M4_spin_reel_wins = M4_spin_reel_wins: null

2019-08-23 18:57:16 - [TEST_STEP][PASSED] - println("GlobalVariable.M4_spin_reel_wins is: " + M4_spin_reel_wins): null

2019-08-23 18:57:16 - [TEST_STEP][PASSED] - M4_spin_total_bonus_win_this_round = total_bonus_win_this_round: null

2019-08-23 18:57:16 - [TEST_STEP][PASSED] - M4_spin_total_bonus_win_this_round = M4_spin_total_bonus_win_this_round: null

2019-08-23 18:57:16 - [TEST_STEP][PASSED] - println("GlobalVariable.M4_spin_total_bonus_win_this_round is: " + M4_spin_total_bonus_win_this_round): null

2019-08-23 18:57:16 - [TEST_STEP][PASSED] - M4_spin_bonus_spin_result = spin_result: null

2019-08-23 18:57:16 - [TEST_STEP][PASSED] - M4_spin_bonus_spin_result = M4_spin_bonus_spin_result: null

2019-08-23 18:57:16 - [MESSAGE][PASSED] - Verify response successfully

2019-08-23 18:57:16 - [MESSAGE][PASSED] - Send request and verify the response successfully

2019-08-23 18:57:16 - [TEST_STEP][PASSED] - if (free_spin_reel_counter[0] &gt;= 1 &amp;&amp; free_spin_reel_counter[1] &gt;= 1 &amp;&amp; free_spin_reel_counter[2] &gt;= 1): null

2019-08-23 18:57:16 - [TEST_STEP][PASSED] - spin_result = sendRequestAndVerify(findTestObject("INT/RGS(M4)/1_M4_spin", ["M4_login_user_id":M4_login_user_id, "rgs_session_token":rgs_session_token, "partner":Partner])): Send request and verify the response successfully

2019-08-23 18:57:16 - [MESSAGE][INFO] - HAR: /Users/eiralee/Katalon_Script/SuperWild/Reports/20190823_184757/INT/superWild_1/20190823_184757/requests/main/248.har

2019-08-23 18:57:16 - [TEST_CASE][PASSED] - Start Test Case : Verification: Verification accomplished successfully

2019-08-23 18:57:16 - [TEST_STEP][PASSED] - request = getInstance().getCurrentRequest(): null

2019-08-23 18:57:16 - [TEST_STEP][PASSED] - response = getInstance().getCurrentResponse(): null

2019-08-23 18:57:16 - [TEST_STEP][PASSED] - verifyResponseStatusCode(response, 200): Verify response status code successfully

2019-08-23 18:57:16 - [MESSAGE][PASSED] - Verify response status code successfully

2019-08-23 18:57:16 - [TEST_STEP][PASSED] - getStatusCode()).isEqualTo(200): null

2019-08-23 18:57:16 - [TEST_STEP][PASSED] - newline = System.getProperty("line.separator"): null

2019-08-23 18:57:16 - [TEST_STEP][PASSED] - M4_spin = new groovy.json.JsonSlurper(): null

2019-08-23 18:57:16 - [TEST_STEP][PASSED] - result_M4_spin = M4_spin.parseText(response.getResponseBodyContent()): null

2019-08-23 18:57:16 - [TEST_STEP][PASSED] - M4_spin_current_balance = current_balance: null

2019-08-23 18:57:16 - [TEST_STEP][PASSED] - M4_spin_current_balance = M4_spin_current_balance: null

2019-08-23 18:57:16 - [TEST_STEP][PASSED] - M4_spin_transaction_id = causality: null

2019-08-23 18:57:16 - [TEST_STEP][PASSED] - M4_spin_transaction_id = M4_spin_transaction_id: null

2019-08-23 18:57:16 - [TEST_STEP][PASSED] - M4_spin_round_id = round_id: null

2019-08-23 18:57:16 - [TEST_STEP][PASSED] - M4_spin_round_id = M4_spin_round_id: null

2019-08-23 18:57:16 - [TEST_STEP][PASSED] - M4_spin_line_wins = line_wins: null

2019-08-23 18:57:16 - [TEST_STEP][PASSED] - M4_spin_line_wins = M4_spin_line_wins: null

2019-08-23 18:57:16 - [TEST_STEP][PASSED] - M4_total_bonus_spins_int = total_bonus_spins: null

2019-08-23 18:57:16 - [TEST_STEP][PASSED] - println("******M4_total_bonus_spins type is:*******" + newline + getClass().getName()): null

2019-08-23 18:57:16 - [TEST_STEP][PASSED] - M4_total_bonus_spins_int = M4_total_bonus_spins_int: null

2019-08-23 18:57:16 - [TEST_STEP][PASSED] - M4_total_bonus_spins = Integer.toString(M4_total_bonus_spins_int): null

2019-08-23 18:57:16 - [TEST_STEP][PASSED] - M4_total_bonus_spins = M4_total_bonus_spins: null

2019-08-23 18:57:16 - [TEST_STEP][PASSED] - println("M4_total_bonus_spins is:" + M4_total_bonus_spins): null

2019-08-23 18:57:16 - [TEST_STEP][PASSED] - M4_spin_bonus_data = bonus_data: null

2019-08-23 18:57:16 - [TEST_STEP][PASSED] - M4_spin_features_triggered = result_M4_spin: null

2019-08-23 18:57:16 - [TEST_STEP][PASSED] - wild = []: null

2019-08-23 18:57:16 - [TEST_STEP][PASSED] - wild[0] = "WILD_Expanding": null

2019-08-23 18:57:16 - [TEST_STEP][PASSED] - wild[1] = "WILD_Normal": null

2019-08-23 18:57:16 - [TEST_STEP][PASSED] - wild[2] = "WILD_Double": null

2019-08-23 18:57:16 - [TEST_STEP][PASSED] - wild[3] = "WILD_ExtraFG": null

2019-08-23 18:57:18 - [TEST_STEP][PASSED] - wild[4] = "WILD_Triple": null

2019-08-23 18:57:18 - [TEST_STEP][PASSED] - wildList = Arrays.asList(wild): null

2019-08-23 18:57:18 - [TEST_STEP][PASSED] - wildList = wildList: null

2019-08-23 18:57:18 - [TEST_STEP][PASSED] - free_spin_reel_counter = []: null

2019-08-23 18:57:18 - [TEST_STEP][PASSED] - free_spin_reel_counter[0] = 0: null

2019-08-23 18:57:18 - [TEST_STEP][PASSED] - free_spin_reel_counter[1] = 0: null

2019-08-23 18:57:18 - [TEST_STEP][PASSED] - free_spin_reel_counter[2] = 0: null

2019-08-23 18:57:18 - [TEST_STEP][PASSED] - M4_spin_reels = reels: null

2019-08-23 18:57:18 - [TEST_STEP][PASSED] - for ([i = 0, i &lt; M4_spin_reels.size(), (i++)]): null

2019-08-23 18:57:18 - [TEST_STEP][PASSED] - symbols = symbols: null

2019-08-23 18:57:18 - [TEST_STEP][PASSED] - for ([j = 0, j &lt; symbols.size(), (j++)]): null

2019-08-23 18:57:18 - [TEST_STEP][PASSED] - symbol = symbol: null

2019-08-23 18:57:18 - [TEST_STEP][PASSED] - println(symbol): null

2019-08-23 18:57:18 - [TEST_STEP][PASSED] - if (i == 2 &amp;&amp; wildList.indexOf(symbol) != -1): null

2019-08-23 18:57:18 - [TEST_STEP][PASSED] - if (i == 3 &amp;&amp; wildList.indexOf(symbol) != -1): null

2019-08-23 18:57:18 - [TEST_STEP][PASSED] - if (i == 4 &amp;&amp; wildList.indexOf(symbol) != -1): null

2019-08-23 18:57:18 - [TEST_STEP][PASSED] - symbol = symbol: null

2019-08-23 18:57:18 - [TEST_STEP][PASSED] - println(symbol): null

2019-08-23 18:57:18 - [TEST_STEP][PASSED] - if (i == 2 &amp;&amp; wildList.indexOf(symbol) != -1): null

2019-08-23 18:57:18 - [TEST_STEP][PASSED] - if (i == 3 &amp;&amp; wildList.indexOf(symbol) != -1): null

2019-08-23 18:57:18 - [TEST_STEP][PASSED] - if (i == 4 &amp;&amp; wildList.indexOf(symbol) != -1): null

2019-08-23 18:57:18 - [TEST_STEP][PASSED] - symbol = symbol: null

2019-08-23 18:57:18 - [TEST_STEP][PASSED] - println(symbol): null

2019-08-23 18:57:18 - [TEST_STEP][PASSED] - if (i == 2 &amp;&amp; wildList.indexOf(symbol) != -1): null

2019-08-23 18:57:18 - [TEST_STEP][PASSED] - if (i == 3 &amp;&amp; wildList.indexOf(symbol) != -1): null

2019-08-23 18:57:18 - [TEST_STEP][PASSED] - if (i == 4 &amp;&amp; wildList.indexOf(symbol) != -1): null

2019-08-23 18:57:18 - [TEST_STEP][PASSED] - symbols = symbols: null

2019-08-23 18:57:18 - [TEST_STEP][PASSED] - for ([j = 0, j &lt; symbols.size(), (j++)]): null

2019-08-23 18:57:18 - [TEST_STEP][PASSED] - symbol = symbol: null

2019-08-23 18:57:18 - [TEST_STEP][PASSED] - println(symbol): null

2019-08-23 18:57:18 - [TEST_STEP][PASSED] - if (i == 2 &amp;&amp; wildList.indexOf(symbol) != -1): null

2019-08-23 18:57:18 - [TEST_STEP][PASSED] - if (i == 3 &amp;&amp; wildList.indexOf(symbol) != -1): null

2019-08-23 18:57:18 - [TEST_STEP][PASSED] - if (i == 4 &amp;&amp; wildList.indexOf(symbol) != -1): null

2019-08-23 18:57:18 - [TEST_STEP][PASSED] - symbol = symbol: null

2019-08-23 18:57:18 - [TEST_STEP][PASSED] - println(symbol): null

2019-08-23 18:57:18 - [TEST_STEP][PASSED] - if (i == 2 &amp;&amp; wildList.indexOf(symbol) != -1): null

2019-08-23 18:57:18 - [TEST_STEP][PASSED] - if (i == 3 &amp;&amp; wildList.indexOf(symbol) != -1): null

2019-08-23 18:57:18 - [TEST_STEP][PASSED] - if (i == 4 &amp;&amp; wildList.indexOf(symbol) != -1): null

2019-08-23 18:57:18 - [TEST_STEP][PASSED] - symbol = symbol: null

2019-08-23 18:57:18 - [TEST_STEP][PASSED] - println(symbol): null

2019-08-23 18:57:18 - [TEST_STEP][PASSED] - if (i == 2 &amp;&amp; wildList.indexOf(symbol) != -1): null

2019-08-23 18:57:18 - [TEST_STEP][PASSED] - if (i == 3 &amp;&amp; wildList.indexOf(symbol) != -1): null

2019-08-23 18:57:18 - [TEST_STEP][PASSED] - if (i == 4 &amp;&amp; wildList.indexOf(symbol) != -1): null

2019-08-23 18:57:18 - [TEST_STEP][PASSED] - symbols = symbols: null

2019-08-23 18:57:18 - [TEST_STEP][PASSED] - for ([j = 0, j &lt; symbols.size(), (j++)]): null

2019-08-23 18:57:18 - [TEST_STEP][PASSED] - symbol = symbol: null

2019-08-23 18:57:18 - [TEST_STEP][PASSED] - println(symbol): null

2019-08-23 18:57:18 - [TEST_STEP][PASSED] - if (i == 2 &amp;&amp; wildList.indexOf(symbol) != -1): null

2019-08-23 18:57:18 - [TEST_STEP][PASSED] - if (i == 3 &amp;&amp; wildList.indexOf(symbol) != -1): null

2019-08-23 18:57:18 - [TEST_STEP][PASSED] - if (i == 4 &amp;&amp; wildList.indexOf(symbol) != -1): null

2019-08-23 18:57:18 - [TEST_STEP][PASSED] - symbol = symbol: null

2019-08-23 18:57:18 - [TEST_STEP][PASSED] - println(symbol): null

2019-08-23 18:57:18 - [TEST_STEP][PASSED] - if (i == 2 &amp;&amp; wildList.indexOf(symbol) != -1): null

2019-08-23 18:57:18 - [TEST_STEP][PASSED] - if (i == 3 &amp;&amp; wildList.indexOf(symbol) != -1): null

2019-08-23 18:57:18 - [TEST_STEP][PASSED] - if (i == 4 &amp;&amp; wildList.indexOf(symbol) != -1): null

2019-08-23 18:57:18 - [TEST_STEP][PASSED] - symbol = symbol: null

2019-08-23 18:57:18 - [TEST_STEP][PASSED] - println(symbol): null

2019-08-23 18:57:18 - [TEST_STEP][PASSED] - if (i == 2 &amp;&amp; wildList.indexOf(symbol) != -1): null

2019-08-23 18:57:18 - [TEST_STEP][PASSED] - println("wild found on reel 3, adding counter by 1"): null

2019-08-23 18:57:18 - [TEST_STEP][PASSED] - free_spin_reel_counter[0] = free_spin_reel_counter[0] + 1: null

2019-08-23 18:57:18 - [TEST_STEP][PASSED] - if (i == 3 &amp;&amp; wildList.indexOf(symbol) != -1): null

2019-08-23 18:57:18 - [TEST_STEP][PASSED] - if (i == 4 &amp;&amp; wildList.indexOf(symbol) != -1): null

2019-08-23 18:57:18 - [TEST_STEP][PASSED] - symbols = symbols: null

2019-08-23 18:57:18 - [TEST_STEP][PASSED] - for ([j = 0, j &lt; symbols.size(), (j++)]): null

2019-08-23 18:57:18 - [TEST_STEP][PASSED] - symbol = symbol: null

2019-08-23 18:57:18 - [TEST_STEP][PASSED] - println(symbol): null

2019-08-23 18:57:18 - [TEST_STEP][PASSED] - if (i == 2 &amp;&amp; wildList.indexOf(symbol) != -1): null

2019-08-23 18:57:18 - [TEST_STEP][PASSED] - if (i == 3 &amp;&amp; wildList.indexOf(symbol) != -1): null

2019-08-23 18:57:18 - [TEST_STEP][PASSED] - if (i == 4 &amp;&amp; wildList.indexOf(symbol) != -1): null

2019-08-23 18:57:18 - [TEST_STEP][PASSED] - symbol = symbol: null

2019-08-23 18:57:18 - [TEST_STEP][PASSED] - println(symbol): null

2019-08-23 18:57:18 - [TEST_STEP][PASSED] - if (i == 2 &amp;&amp; wildList.indexOf(symbol) != -1): null

2019-08-23 18:57:18 - [TEST_STEP][PASSED] - if (i == 3 &amp;&amp; wildList.indexOf(symbol) != -1): null

2019-08-23 18:57:18 - [TEST_STEP][PASSED] - if (i == 4 &amp;&amp; wildList.indexOf(symbol) != -1): null

2019-08-23 18:57:18 - [TEST_STEP][PASSED] - symbol = symbol: null

2019-08-23 18:57:18 - [TEST_STEP][PASSED] - println(symbol): null

2019-08-23 18:57:18 - [TEST_STEP][PASSED] - if (i == 2 &amp;&amp; wildList.indexOf(symbol) != -1): null

2019-08-23 18:57:18 - [TEST_STEP][PASSED] - if (i == 3 &amp;&amp; wildList.indexOf(symbol) != -1): null

2019-08-23 18:57:18 - [TEST_STEP][PASSED] - if (i == 4 &amp;&amp; wildList.indexOf(symbol) != -1): null

2019-08-23 18:57:18 - [TEST_STEP][PASSED] - symbols = symbols: null

2019-08-23 18:57:18 - [TEST_STEP][PASSED] - for ([j = 0, j &lt; symbols.size(), (j++)]): null

2019-08-23 18:57:18 - [TEST_STEP][PASSED] - symbol = symbol: null

2019-08-23 18:57:18 - [TEST_STEP][PASSED] - println(symbol): null

2019-08-23 18:57:18 - [TEST_STEP][PASSED] - if (i == 2 &amp;&amp; wildList.indexOf(symbol) != -1): null

2019-08-23 18:57:18 - [TEST_STEP][PASSED] - if (i == 3 &amp;&amp; wildList.indexOf(symbol) != -1): null

2019-08-23 18:57:18 - [TEST_STEP][PASSED] - if (i == 4 &amp;&amp; wildList.indexOf(symbol) != -1): null

2019-08-23 18:57:18 - [TEST_STEP][PASSED] - symbol = symbol: null

2019-08-23 18:57:18 - [TEST_STEP][PASSED] - println(symbol): null

2019-08-23 18:57:18 - [TEST_STEP][PASSED] - if (i == 2 &amp;&amp; wildList.indexOf(symbol) != -1): null

2019-08-23 18:57:18 - [TEST_STEP][PASSED] - if (i == 3 &amp;&amp; wildList.indexOf(symbol) != -1): null

2019-08-23 18:57:18 - [TEST_STEP][PASSED] - if (i == 4 &amp;&amp; wildList.indexOf(symbol) != -1): null

2019-08-23 18:57:18 - [TEST_STEP][PASSED] - symbol = symbol: null

2019-08-23 18:57:18 - [TEST_STEP][PASSED] - println(symbol): null

2019-08-23 18:57:18 - [TEST_STEP][PASSED] - if (i == 2 &amp;&amp; wildList.indexOf(symbol) != -1): null

2019-08-23 18:57:18 - [TEST_STEP][PASSED] - if (i == 3 &amp;&amp; wildList.indexOf(symbol) != -1): null

2019-08-23 18:57:18 - [TEST_STEP][PASSED] - if (i == 4 &amp;&amp; wildList.indexOf(symbol) != -1): null

2019-08-23 18:57:18 - [TEST_STEP][PASSED] - free_spin_reel_counter = free_spin_reel_counter: null

2019-08-23 18:57:18 - [TEST_STEP][PASSED] - println("reel 3 wild found: " + free_spin_reel_counter[0]): null

2019-08-23 18:57:18 - [TEST_STEP][PASSED] - println("reel 4 wild found: " + free_spin_reel_counter[1]): null

2019-08-23 18:57:18 - [TEST_STEP][PASSED] - println("reel 5 wild found: " + free_spin_reel_counter[2]): null

2019-08-23 18:57:18 - [TEST_STEP][PASSED] - M4_spin_reels = M4_spin_reels: null

2019-08-23 18:57:18 - [TEST_STEP][PASSED] - M4_spin_reels_symbols = symbol: null

2019-08-23 18:57:18 - [TEST_STEP][PASSED] - M4_spin_reels_symbols = M4_spin_reels_symbols: null

2019-08-23 18:57:18 - [TEST_STEP][PASSED] - M4_spin_reel_wins = reel_wins: null

2019-08-23 18:57:18 - [TEST_STEP][PASSED] - M4_spin_reel_wins = M4_spin_reel_wins: null

2019-08-23 18:57:18 - [TEST_STEP][PASSED] - println("GlobalVariable.M4_spin_reel_wins is: " + M4_spin_reel_wins): null

2019-08-23 18:57:18 - [TEST_STEP][PASSED] - M4_spin_total_bonus_win_this_round = total_bonus_win_this_round: null

2019-08-23 18:57:18 - [TEST_STEP][PASSED] - M4_spin_total_bonus_win_this_round = M4_spin_total_bonus_win_this_round: null

2019-08-23 18:57:18 - [TEST_STEP][PASSED] - println("GlobalVariable.M4_spin_total_bonus_win_this_round is: " + M4_spin_total_bonus_win_this_round): null

2019-08-23 18:57:18 - [TEST_STEP][PASSED] - M4_spin_bonus_spin_result = spin_result: null

2019-08-23 18:57:18 - [TEST_STEP][PASSED] - M4_spin_bonus_spin_result = M4_spin_bonus_spin_result: null

2019-08-23 18:57:18 - [MESSAGE][PASSED] - Verify response successfully

2019-08-23 18:57:18 - [MESSAGE][PASSED] - Send request and verify the response successfully

2019-08-23 18:57:18 - [TEST_STEP][PASSED] - if (free_spin_reel_counter[0] &gt;= 1 &amp;&amp; free_spin_reel_counter[1] &gt;= 1 &amp;&amp; free_spin_reel_counter[2] &gt;= 1): null

2019-08-23 18:57:18 - [TEST_STEP][PASSED] - spin_result = sendRequestAndVerify(findTestObject("INT/RGS(M4)/1_M4_spin", ["M4_login_user_id":M4_login_user_id, "rgs_session_token":rgs_session_token, "partner":Partner])): Send request and verify the response successfully

2019-08-23 18:57:18 - [MESSAGE][INFO] - HAR: /Users/eiralee/Katalon_Script/SuperWild/Reports/20190823_184757/INT/superWild_1/20190823_184757/requests/main/249.har

2019-08-23 18:57:19 - [TEST_CASE][PASSED] - Start Test Case : Verification: Verification accomplished successfully

2019-08-23 18:57:19 - [TEST_STEP][PASSED] - request = getInstance().getCurrentRequest(): null

2019-08-23 18:57:19 - [TEST_STEP][PASSED] - response = getInstance().getCurrentResponse(): null

2019-08-23 18:57:19 - [TEST_STEP][PASSED] - verifyResponseStatusCode(response, 200): Verify response status code successfully

2019-08-23 18:57:19 - [MESSAGE][PASSED] - Verify response status code successfully

2019-08-23 18:57:19 - [TEST_STEP][PASSED] - getStatusCode()).isEqualTo(200): null

2019-08-23 18:57:19 - [TEST_STEP][PASSED] - newline = System.getProperty("line.separator"): null

2019-08-23 18:57:19 - [TEST_STEP][PASSED] - M4_spin = new groovy.json.JsonSlurper(): null

2019-08-23 18:57:19 - [TEST_STEP][PASSED] - result_M4_spin = M4_spin.parseText(response.getResponseBodyContent()): null

2019-08-23 18:57:19 - [TEST_STEP][PASSED] - M4_spin_current_balance = current_balance: null

2019-08-23 18:57:19 - [TEST_STEP][PASSED] - M4_spin_current_balance = M4_spin_current_balance: null

2019-08-23 18:57:19 - [TEST_STEP][PASSED] - M4_spin_transaction_id = causality: null

2019-08-23 18:57:19 - [TEST_STEP][PASSED] - M4_spin_transaction_id = M4_spin_transaction_id: null

2019-08-23 18:57:19 - [TEST_STEP][PASSED] - M4_spin_round_id = round_id: null

2019-08-23 18:57:19 - [TEST_STEP][PASSED] - M4_spin_round_id = M4_spin_round_id: null

2019-08-23 18:57:19 - [TEST_STEP][PASSED] - M4_spin_line_wins = line_wins: null

2019-08-23 18:57:19 - [TEST_STEP][PASSED] - M4_spin_line_wins = M4_spin_line_wins: null

2019-08-23 18:57:19 - [TEST_STEP][PASSED] - M4_total_bonus_spins_int = total_bonus_spins: null

2019-08-23 18:57:19 - [TEST_STEP][PASSED] - println("******M4_total_bonus_spins type is:*******" + newline + getClass().getName()): null

2019-08-23 18:57:19 - [TEST_STEP][PASSED] - M4_total_bonus_spins_int = M4_total_bonus_spins_int: null

2019-08-23 18:57:19 - [TEST_STEP][PASSED] - M4_total_bonus_spins = Integer.toString(M4_total_bonus_spins_int): null

2019-08-23 18:57:19 - [TEST_STEP][PASSED] - M4_total_bonus_spins = M4_total_bonus_spins: null

2019-08-23 18:57:19 - [TEST_STEP][PASSED] - println("M4_total_bonus_spins is:" + M4_total_bonus_spins): null

2019-08-23 18:57:19 - [TEST_STEP][PASSED] - M4_spin_bonus_data = bonus_data: null

2019-08-23 18:57:19 - [TEST_STEP][PASSED] - M4_spin_features_triggered = result_M4_spin: null

2019-08-23 18:57:19 - [TEST_STEP][PASSED] - wild = []: null

2019-08-23 18:57:19 - [TEST_STEP][PASSED] - wild[0] = "WILD_Expanding": null

2019-08-23 18:57:19 - [TEST_STEP][PASSED] - wild[1] = "WILD_Normal": null

2019-08-23 18:57:19 - [TEST_STEP][PASSED] - wild[2] = "WILD_Double": null

2019-08-23 18:57:19 - [TEST_STEP][PASSED] - wild[3] = "WILD_ExtraFG": null

2019-08-23 18:57:19 - [TEST_STEP][PASSED] - wild[4] = "WILD_Triple": null

2019-08-23 18:57:19 - [TEST_STEP][PASSED] - wildList = Arrays.asList(wild): null

2019-08-23 18:57:19 - [TEST_STEP][PASSED] - wildList = wildList: null

2019-08-23 18:57:19 - [TEST_STEP][PASSED] - free_spin_reel_counter = []: null

2019-08-23 18:57:19 - [TEST_STEP][PASSED] - free_spin_reel_counter[0] = 0: null

2019-08-23 18:57:19 - [TEST_STEP][PASSED] - free_spin_reel_counter[1] = 0: null

2019-08-23 18:57:19 - [TEST_STEP][PASSED] - free_spin_reel_counter[2] = 0: null

2019-08-23 18:57:19 - [TEST_STEP][PASSED] - M4_spin_reels = reels: null

2019-08-23 18:57:19 - [TEST_STEP][PASSED] - for ([i = 0, i &lt; M4_spin_reels.size(), (i++)]): null

2019-08-23 18:57:19 - [TEST_STEP][PASSED] - symbols = symbols: null

2019-08-23 18:57:19 - [TEST_STEP][PASSED] - for ([j = 0, j &lt; symbols.size(), (j++)]): null

2019-08-23 18:57:19 - [TEST_STEP][PASSED] - symbol = symbol: null

2019-08-23 18:57:19 - [TEST_STEP][PASSED] - println(symbol): null

2019-08-23 18:57:19 - [TEST_STEP][PASSED] - if (i == 2 &amp;&amp; wildList.indexOf(symbol) != -1): null

2019-08-23 18:57:19 - [TEST_STEP][PASSED] - if (i == 3 &amp;&amp; wildList.indexOf(symbol) != -1): null

2019-08-23 18:57:19 - [TEST_STEP][PASSED] - if (i == 4 &amp;&amp; wildList.indexOf(symbol) != -1): null

2019-08-23 18:57:19 - [TEST_STEP][PASSED] - symbol = symbol: null

2019-08-23 18:57:19 - [TEST_STEP][PASSED] - println(symbol): null

2019-08-23 18:57:19 - [TEST_STEP][PASSED] - if (i == 2 &amp;&amp; wildList.indexOf(symbol) != -1): null

2019-08-23 18:57:19 - [TEST_STEP][PASSED] - if (i == 3 &amp;&amp; wildList.indexOf(symbol) != -1): null

2019-08-23 18:57:19 - [TEST_STEP][PASSED] - if (i == 4 &amp;&amp; wildList.indexOf(symbol) != -1): null

2019-08-23 18:57:19 - [TEST_STEP][PASSED] - symbol = symbol: null

2019-08-23 18:57:19 - [TEST_STEP][PASSED] - println(symbol): null

2019-08-23 18:57:19 - [TEST_STEP][PASSED] - if (i == 2 &amp;&amp; wildList.indexOf(symbol) != -1): null

2019-08-23 18:57:19 - [TEST_STEP][PASSED] - if (i == 3 &amp;&amp; wildList.indexOf(symbol) != -1): null

2019-08-23 18:57:19 - [TEST_STEP][PASSED] - if (i == 4 &amp;&amp; wildList.indexOf(symbol) != -1): null

2019-08-23 18:57:19 - [TEST_STEP][PASSED] - symbols = symbols: null

2019-08-23 18:57:19 - [TEST_STEP][PASSED] - for ([j = 0, j &lt; symbols.size(), (j++)]): null

2019-08-23 18:57:19 - [TEST_STEP][PASSED] - symbol = symbol: null

2019-08-23 18:57:19 - [TEST_STEP][PASSED] - println(symbol): null

2019-08-23 18:57:19 - [TEST_STEP][PASSED] - if (i == 2 &amp;&amp; wildList.indexOf(symbol) != -1): null

2019-08-23 18:57:19 - [TEST_STEP][PASSED] - if (i == 3 &amp;&amp; wildList.indexOf(symbol) != -1): null

2019-08-23 18:57:19 - [TEST_STEP][PASSED] - if (i == 4 &amp;&amp; wildList.indexOf(symbol) != -1): null

2019-08-23 18:57:19 - [TEST_STEP][PASSED] - symbol = symbol: null

2019-08-23 18:57:19 - [TEST_STEP][PASSED] - println(symbol): null

2019-08-23 18:57:19 - [TEST_STEP][PASSED] - if (i == 2 &amp;&amp; wildList.indexOf(symbol) != -1): null

2019-08-23 18:57:19 - [TEST_STEP][PASSED] - if (i == 3 &amp;&amp; wildList.indexOf(symbol) != -1): null

2019-08-23 18:57:19 - [TEST_STEP][PASSED] - if (i == 4 &amp;&amp; wildList.indexOf(symbol) != -1): null

2019-08-23 18:57:19 - [TEST_STEP][PASSED] - symbol = symbol: null

2019-08-23 18:57:19 - [TEST_STEP][PASSED] - println(symbol): null

2019-08-23 18:57:19 - [TEST_STEP][PASSED] - if (i == 2 &amp;&amp; wildList.indexOf(symbol) != -1): null

2019-08-23 18:57:19 - [TEST_STEP][PASSED] - if (i == 3 &amp;&amp; wildList.indexOf(symbol) != -1): null

2019-08-23 18:57:19 - [TEST_STEP][PASSED] - if (i == 4 &amp;&amp; wildList.indexOf(symbol) != -1): null

2019-08-23 18:57:19 - [TEST_STEP][PASSED] - symbols = symbols: null

2019-08-23 18:57:19 - [TEST_STEP][PASSED] - for ([j = 0, j &lt; symbols.size(), (j++)]): null

2019-08-23 18:57:19 - [TEST_STEP][PASSED] - symbol = symbol: null

2019-08-23 18:57:19 - [TEST_STEP][PASSED] - println(symbol): null

2019-08-23 18:57:19 - [TEST_STEP][PASSED] - if (i == 2 &amp;&amp; wildList.indexOf(symbol) != -1): null

2019-08-23 18:57:19 - [TEST_STEP][PASSED] - if (i == 3 &amp;&amp; wildList.indexOf(symbol) != -1): null

2019-08-23 18:57:19 - [TEST_STEP][PASSED] - if (i == 4 &amp;&amp; wildList.indexOf(symbol) != -1): null

2019-08-23 18:57:19 - [TEST_STEP][PASSED] - symbol = symbol: null

2019-08-23 18:57:19 - [TEST_STEP][PASSED] - println(symbol): null

2019-08-23 18:57:19 - [TEST_STEP][PASSED] - if (i == 2 &amp;&amp; wildList.indexOf(symbol) != -1): null

2019-08-23 18:57:19 - [TEST_STEP][PASSED] - if (i == 3 &amp;&amp; wildList.indexOf(symbol) != -1): null

2019-08-23 18:57:19 - [TEST_STEP][PASSED] - if (i == 4 &amp;&amp; wildList.indexOf(symbol) != -1): null

2019-08-23 18:57:19 - [TEST_STEP][PASSED] - symbol = symbol: null

2019-08-23 18:57:19 - [TEST_STEP][PASSED] - println(symbol): null

2019-08-23 18:57:19 - [TEST_STEP][PASSED] - if (i == 2 &amp;&amp; wildList.indexOf(symbol) != -1): null

2019-08-23 18:57:19 - [TEST_STEP][PASSED] - if (i == 3 &amp;&amp; wildList.indexOf(symbol) != -1): null

2019-08-23 18:57:19 - [TEST_STEP][PASSED] - if (i == 4 &amp;&amp; wildList.indexOf(symbol) != -1): null

2019-08-23 18:57:19 - [TEST_STEP][PASSED] - symbols = symbols: null

2019-08-23 18:57:19 - [TEST_STEP][PASSED] - for ([j = 0, j &lt; symbols.size(), (j++)]): null

2019-08-23 18:57:19 - [TEST_STEP][PASSED] - symbol = symbol: null

2019-08-23 18:57:19 - [TEST_STEP][PASSED] - println(symbol): null

2019-08-23 18:57:19 - [TEST_STEP][PASSED] - if (i == 2 &amp;&amp; wildList.indexOf(symbol) != -1): null

2019-08-23 18:57:19 - [TEST_STEP][PASSED] - if (i == 3 &amp;&amp; wildList.indexOf(symbol) != -1): null

2019-08-23 18:57:19 - [TEST_STEP][PASSED] - if (i == 4 &amp;&amp; wildList.indexOf(symbol) != -1): null

2019-08-23 18:57:19 - [TEST_STEP][PASSED] - symbol = symbol: null

2019-08-23 18:57:19 - [TEST_STEP][PASSED] - println(symbol): null

2019-08-23 18:57:19 - [TEST_STEP][PASSED] - if (i == 2 &amp;&amp; wildList.indexOf(symbol) != -1): null

2019-08-23 18:57:19 - [TEST_STEP][PASSED] - if (i == 3 &amp;&amp; wildList.indexOf(symbol) != -1): null

2019-08-23 18:57:19 - [TEST_STEP][PASSED] - if (i == 4 &amp;&amp; wildList.indexOf(symbol) != -1): null

2019-08-23 18:57:19 - [TEST_STEP][PASSED] - symbol = symbol: null

2019-08-23 18:57:19 - [TEST_STEP][PASSED] - println(symbol): null

2019-08-23 18:57:19 - [TEST_STEP][PASSED] - if (i == 2 &amp;&amp; wildList.indexOf(symbol) != -1): null

2019-08-23 18:57:19 - [TEST_STEP][PASSED] - if (i == 3 &amp;&amp; wildList.indexOf(symbol) != -1): null

2019-08-23 18:57:19 - [TEST_STEP][PASSED] - if (i == 4 &amp;&amp; wildList.indexOf(symbol) != -1): null

2019-08-23 18:57:19 - [TEST_STEP][PASSED] - symbols = symbols: null

2019-08-23 18:57:19 - [TEST_STEP][PASSED] - for ([j = 0, j &lt; symbols.size(), (j++)]): null

2019-08-23 18:57:19 - [TEST_STEP][PASSED] - symbol = symbol: null

2019-08-23 18:57:19 - [TEST_STEP][PASSED] - println(symbol): null

2019-08-23 18:57:19 - [TEST_STEP][PASSED] - if (i == 2 &amp;&amp; wildList.indexOf(symbol) != -1): null

2019-08-23 18:57:19 - [TEST_STEP][PASSED] - if (i == 3 &amp;&amp; wildList.indexOf(symbol) != -1): null

2019-08-23 18:57:19 - [TEST_STEP][PASSED] - if (i == 4 &amp;&amp; wildList.indexOf(symbol) != -1): null

2019-08-23 18:57:19 - [TEST_STEP][PASSED] - symbol = symbol: null

2019-08-23 18:57:19 - [TEST_STEP][PASSED] - println(symbol): null

2019-08-23 18:57:19 - [TEST_STEP][PASSED] - if (i == 2 &amp;&amp; wildList.indexOf(symbol) != -1): null

2019-08-23 18:57:19 - [TEST_STEP][PASSED] - if (i == 3 &amp;&amp; wildList.indexOf(symbol) != -1): null

2019-08-23 18:57:19 - [TEST_STEP][PASSED] - if (i == 4 &amp;&amp; wildList.indexOf(symbol) != -1): null

2019-08-23 18:57:19 - [TEST_STEP][PASSED] - symbol = symbol: null

2019-08-23 18:57:19 - [TEST_STEP][PASSED] - println(symbol): null

2019-08-23 18:57:19 - [TEST_STEP][PASSED] - if (i == 2 &amp;&amp; wildList.indexOf(symbol) != -1): null

2019-08-23 18:57:19 - [TEST_STEP][PASSED] - if (i == 3 &amp;&amp; wildList.indexOf(symbol) != -1): null

2019-08-23 18:57:19 - [TEST_STEP][PASSED] - if (i == 4 &amp;&amp; wildList.indexOf(symbol) != -1): null

2019-08-23 18:57:19 - [TEST_STEP][PASSED] - free_spin_reel_counter = free_spin_reel_counter: null

2019-08-23 18:57:19 - [TEST_STEP][PASSED] - println("reel 3 wild found: " + free_spin_reel_counter[0]): null

2019-08-23 18:57:19 - [TEST_STEP][PASSED] - println("reel 4 wild found: " + free_spin_reel_counter[1]): null

2019-08-23 18:57:19 - [TEST_STEP][PASSED] - println("reel 5 wild found: " + free_spin_reel_counter[2]): null

2019-08-23 18:57:19 - [TEST_STEP][PASSED] - M4_spin_reels = M4_spin_reels: null

2019-08-23 18:57:19 - [TEST_STEP][PASSED] - M4_spin_reels_symbols = symbol: null

2019-08-23 18:57:19 - [TEST_STEP][PASSED] - M4_spin_reels_symbols = M4_spin_reels_symbols: null

2019-08-23 18:57:19 - [TEST_STEP][PASSED] - M4_spin_reel_wins = reel_wins: null

2019-08-23 18:57:19 - [TEST_STEP][PASSED] - M4_spin_reel_wins = M4_spin_reel_wins: null

2019-08-23 18:57:19 - [TEST_STEP][PASSED] - println("GlobalVariable.M4_spin_reel_wins is: " + M4_spin_reel_wins): null

2019-08-23 18:57:19 - [TEST_STEP][PASSED] - M4_spin_total_bonus_win_this_round = total_bonus_win_this_round: null

2019-08-23 18:57:19 - [TEST_STEP][PASSED] - M4_spin_total_bonus_win_this_round = M4_spin_total_bonus_win_this_round: null

2019-08-23 18:57:19 - [TEST_STEP][PASSED] - println("GlobalVariable.M4_spin_total_bonus_win_this_round is: " + M4_spin_total_bonus_win_this_round): null

2019-08-23 18:57:19 - [TEST_STEP][PASSED] - M4_spin_bonus_spin_result = spin_result: null

2019-08-23 18:57:19 - [TEST_STEP][PASSED] - M4_spin_bonus_spin_result = M4_spin_bonus_spin_result: null

2019-08-23 18:57:19 - [MESSAGE][PASSED] - Verify response successfully

2019-08-23 18:57:19 - [MESSAGE][PASSED] - Send request and verify the response successfully

2019-08-23 18:57:19 - [TEST_STEP][PASSED] - if (free_spin_reel_counter[0] &gt;= 1 &amp;&amp; free_spin_reel_counter[1] &gt;= 1 &amp;&amp; free_spin_reel_counter[2] &gt;= 1): null

2019-08-23 18:57:19 - [TEST_STEP][PASSED] - spin_result = sendRequestAndVerify(findTestObject("INT/RGS(M4)/1_M4_spin", ["M4_login_user_id":M4_login_user_id, "rgs_session_token":rgs_session_token, "partner":Partner])): Send request and verify the response successfully

2019-08-23 18:57:19 - [MESSAGE][INFO] - HAR: /Users/eiralee/Katalon_Script/SuperWild/Reports/20190823_184757/INT/superWild_1/20190823_184757/requests/main/250.har

2019-08-23 18:57:19 - [TEST_CASE][PASSED] - Start Test Case : Verification: Verification accomplished successfully

2019-08-23 18:57:19 - [TEST_STEP][PASSED] - request = getInstance().getCurrentRequest(): null

2019-08-23 18:57:19 - [TEST_STEP][PASSED] - response = getInstance().getCurrentResponse(): null

2019-08-23 18:57:19 - [TEST_STEP][PASSED] - verifyResponseStatusCode(response, 200): Verify response status code successfully

2019-08-23 18:57:19 - [MESSAGE][PASSED] - Verify response status code successfully

2019-08-23 18:57:19 - [TEST_STEP][PASSED] - getStatusCode()).isEqualTo(200): null

2019-08-23 18:57:19 - [TEST_STEP][PASSED] - newline = System.getProperty("line.separator"): null

2019-08-23 18:57:19 - [TEST_STEP][PASSED] - M4_spin = new groovy.json.JsonSlurper(): null

2019-08-23 18:57:19 - [TEST_STEP][PASSED] - result_M4_spin = M4_spin.parseText(response.getResponseBodyContent()): null

2019-08-23 18:57:19 - [TEST_STEP][PASSED] - M4_spin_current_balance = current_balance: null

2019-08-23 18:57:19 - [TEST_STEP][PASSED] - M4_spin_current_balance = M4_spin_current_balance: null

2019-08-23 18:57:19 - [TEST_STEP][PASSED] - M4_spin_transaction_id = causality: null

2019-08-23 18:57:19 - [TEST_STEP][PASSED] - M4_spin_transaction_id = M4_spin_transaction_id: null

2019-08-23 18:57:19 - [TEST_STEP][PASSED] - M4_spin_round_id = round_id: null

2019-08-23 18:57:19 - [TEST_STEP][PASSED] - M4_spin_round_id = M4_spin_round_id: null

2019-08-23 18:57:19 - [TEST_STEP][PASSED] - M4_spin_line_wins = line_wins: null

2019-08-23 18:57:19 - [TEST_STEP][PASSED] - M4_spin_line_wins = M4_spin_line_wins: null

2019-08-23 18:57:19 - [TEST_STEP][PASSED] - M4_total_bonus_spins_int = total_bonus_spins: null

2019-08-23 18:57:19 - [TEST_STEP][PASSED] - println("******M4_total_bonus_spins type is:*******" + newline + getClass().getName()): null

2019-08-23 18:57:19 - [TEST_STEP][PASSED] - M4_total_bonus_spins_int = M4_total_bonus_spins_int: null

2019-08-23 18:57:19 - [TEST_STEP][PASSED] - M4_total_bonus_spins = Integer.toString(M4_total_bonus_spins_int): null

2019-08-23 18:57:19 - [TEST_STEP][PASSED] - M4_total_bonus_spins = M4_total_bonus_spins: null

2019-08-23 18:57:19 - [TEST_STEP][PASSED] - println("M4_total_bonus_spins is:" + M4_total_bonus_spins): null

2019-08-23 18:57:19 - [TEST_STEP][PASSED] - M4_spin_bonus_data = bonus_data: null

2019-08-23 18:57:19 - [TEST_STEP][PASSED] - M4_spin_features_triggered = result_M4_spin: null

2019-08-23 18:57:19 - [TEST_STEP][PASSED] - wild = []: null

2019-08-23 18:57:19 - [TEST_STEP][PASSED] - wild[0] = "WILD_Expanding": null

2019-08-23 18:57:19 - [TEST_STEP][PASSED] - wild[1] = "WILD_Normal": null

2019-08-23 18:57:19 - [TEST_STEP][PASSED] - wild[2] = "WILD_Double": null

2019-08-23 18:57:19 - [TEST_STEP][PASSED] - wild[3] = "WILD_ExtraFG": null

2019-08-23 18:57:19 - [TEST_STEP][PASSED] - wild[4] = "WILD_Triple": null

2019-08-23 18:57:19 - [TEST_STEP][PASSED] - wildList = Arrays.asList(wild): null

2019-08-23 18:57:19 - [TEST_STEP][PASSED] - wildList = wildList: null

2019-08-23 18:57:19 - [TEST_STEP][PASSED] - free_spin_reel_counter = []: null

2019-08-23 18:57:19 - [TEST_STEP][PASSED] - free_spin_reel_counter[0] = 0: null

2019-08-23 18:57:19 - [TEST_STEP][PASSED] - free_spin_reel_counter[1] = 0: null

2019-08-23 18:57:19 - [TEST_STEP][PASSED] - free_spin_reel_counter[2] = 0: null

2019-08-23 18:57:19 - [TEST_STEP][PASSED] - M4_spin_reels = reels: null

2019-08-23 18:57:19 - [TEST_STEP][PASSED] - for ([i = 0, i &lt; M4_spin_reels.size(), (i++)]): null

2019-08-23 18:57:19 - [TEST_STEP][PASSED] - symbols = symbols: null

2019-08-23 18:57:19 - [TEST_STEP][PASSED] - for ([j = 0, j &lt; symbols.size(), (j++)]): null

2019-08-23 18:57:19 - [TEST_STEP][PASSED] - symbol = symbol: null

2019-08-23 18:57:19 - [TEST_STEP][PASSED] - println(symbol): null

2019-08-23 18:57:19 - [TEST_STEP][PASSED] - if (i == 2 &amp;&amp; wildList.indexOf(symbol) != -1): null

2019-08-23 18:57:19 - [TEST_STEP][PASSED] - if (i == 3 &amp;&amp; wildList.indexOf(symbol) != -1): null

2019-08-23 18:57:19 - [TEST_STEP][PASSED] - if (i == 4 &amp;&amp; wildList.indexOf(symbol) != -1): null

2019-08-23 18:57:19 - [TEST_STEP][PASSED] - symbol = symbol: null

2019-08-23 18:57:19 - [TEST_STEP][PASSED] - println(symbol): null

2019-08-23 18:57:19 - [TEST_STEP][PASSED] - if (i == 2 &amp;&amp; wildList.indexOf(symbol) != -1): null

2019-08-23 18:57:19 - [TEST_STEP][PASSED] - if (i == 3 &amp;&amp; wildList.indexOf(symbol) != -1): null

2019-08-23 18:57:19 - [TEST_STEP][PASSED] - if (i == 4 &amp;&amp; wildList.indexOf(symbol) != -1): null

2019-08-23 18:57:19 - [TEST_STEP][PASSED] - symbol = symbol: null

2019-08-23 18:57:19 - [TEST_STEP][PASSED] - println(symbol): null

2019-08-23 18:57:19 - [TEST_STEP][PASSED] - if (i == 2 &amp;&amp; wildList.indexOf(symbol) != -1): null

2019-08-23 18:57:19 - [TEST_STEP][PASSED] - if (i == 3 &amp;&amp; wildList.indexOf(symbol) != -1): null

2019-08-23 18:57:19 - [TEST_STEP][PASSED] - if (i == 4 &amp;&amp; wildList.indexOf(symbol) != -1): null

2019-08-23 18:57:19 - [TEST_STEP][PASSED] - symbols = symbols: null

2019-08-23 18:57:19 - [TEST_STEP][PASSED] - for ([j = 0, j &lt; symbols.size(), (j++)]): null

2019-08-23 18:57:19 - [TEST_STEP][PASSED] - symbol = symbol: null

2019-08-23 18:57:19 - [TEST_STEP][PASSED] - println(symbol): null

2019-08-23 18:57:19 - [TEST_STEP][PASSED] - if (i == 2 &amp;&amp; wildList.indexOf(symbol) != -1): null

2019-08-23 18:57:19 - [TEST_STEP][PASSED] - if (i == 3 &amp;&amp; wildList.indexOf(symbol) != -1): null

2019-08-23 18:57:19 - [TEST_STEP][PASSED] - if (i == 4 &amp;&amp; wildList.indexOf(symbol) != -1): null

2019-08-23 18:57:19 - [TEST_STEP][PASSED] - symbol = symbol: null

2019-08-23 18:57:19 - [TEST_STEP][PASSED] - println(symbol): null

2019-08-23 18:57:22 - [TEST_STEP][PASSED] - if (i == 2 &amp;&amp; wildList.indexOf(symbol) != -1): null

2019-08-23 18:57:22 - [TEST_STEP][PASSED] - if (i == 3 &amp;&amp; wildList.indexOf(symbol) != -1): null

2019-08-23 18:57:22 - [TEST_STEP][PASSED] - if (i == 4 &amp;&amp; wildList.indexOf(symbol) != -1): null

2019-08-23 18:57:22 - [TEST_STEP][PASSED] - symbol = symbol: null

2019-08-23 18:57:22 - [TEST_STEP][PASSED] - println(symbol): null

2019-08-23 18:57:22 - [TEST_STEP][PASSED] - if (i == 2 &amp;&amp; wildList.indexOf(symbol) != -1): null

2019-08-23 18:57:22 - [TEST_STEP][PASSED] - if (i == 3 &amp;&amp; wildList.indexOf(symbol) != -1): null

2019-08-23 18:57:22 - [TEST_STEP][PASSED] - if (i == 4 &amp;&amp; wildList.indexOf(symbol) != -1): null

2019-08-23 18:57:22 - [TEST_STEP][PASSED] - symbols = symbols: null

2019-08-23 18:57:22 - [TEST_STEP][PASSED] - for ([j = 0, j &lt; symbols.size(), (j++)]): null

2019-08-23 18:57:22 - [TEST_STEP][PASSED] - symbol = symbol: null

2019-08-23 18:57:22 - [TEST_STEP][PASSED] - println(symbol): null

2019-08-23 18:57:22 - [TEST_STEP][PASSED] - if (i == 2 &amp;&amp; wildList.indexOf(symbol) != -1): null

2019-08-23 18:57:22 - [TEST_STEP][PASSED] - if (i == 3 &amp;&amp; wildList.indexOf(symbol) != -1): null

2019-08-23 18:57:22 - [TEST_STEP][PASSED] - if (i == 4 &amp;&amp; wildList.indexOf(symbol) != -1): null

2019-08-23 18:57:22 - [TEST_STEP][PASSED] - symbol = symbol: null

2019-08-23 18:57:22 - [TEST_STEP][PASSED] - println(symbol): null

2019-08-23 18:57:22 - [TEST_STEP][PASSED] - if (i == 2 &amp;&amp; wildList.indexOf(symbol) != -1): null

2019-08-23 18:57:22 - [TEST_STEP][PASSED] - if (i == 3 &amp;&amp; wildList.indexOf(symbol) != -1): null

2019-08-23 18:57:22 - [TEST_STEP][PASSED] - if (i == 4 &amp;&amp; wildList.indexOf(symbol) != -1): null

2019-08-23 18:57:22 - [TEST_STEP][PASSED] - symbol = symbol: null

2019-08-23 18:57:22 - [TEST_STEP][PASSED] - println(symbol): null

2019-08-23 18:57:22 - [TEST_STEP][PASSED] - if (i == 2 &amp;&amp; wildList.indexOf(symbol) != -1): null

2019-08-23 18:57:22 - [TEST_STEP][PASSED] - if (i == 3 &amp;&amp; wildList.indexOf(symbol) != -1): null

2019-08-23 18:57:22 - [TEST_STEP][PASSED] - if (i == 4 &amp;&amp; wildList.indexOf(symbol) != -1): null

2019-08-23 18:57:22 - [TEST_STEP][PASSED] - symbols = symbols: null

2019-08-23 18:57:22 - [TEST_STEP][PASSED] - for ([j = 0, j &lt; symbols.size(), (j++)]): null

2019-08-23 18:57:22 - [TEST_STEP][PASSED] - symbol = symbol: null

2019-08-23 18:57:22 - [TEST_STEP][PASSED] - println(symbol): null

2019-08-23 18:57:22 - [TEST_STEP][PASSED] - if (i == 2 &amp;&amp; wildList.indexOf(symbol) != -1): null

2019-08-23 18:57:22 - [TEST_STEP][PASSED] - if (i == 3 &amp;&amp; wildList.indexOf(symbol) != -1): null

2019-08-23 18:57:22 - [TEST_STEP][PASSED] - if (i == 4 &amp;&amp; wildList.indexOf(symbol) != -1): null

2019-08-23 18:57:22 - [TEST_STEP][PASSED] - symbol = symbol: null

2019-08-23 18:57:22 - [TEST_STEP][PASSED] - println(symbol): null

2019-08-23 18:57:22 - [TEST_STEP][PASSED] - if (i == 2 &amp;&amp; wildList.indexOf(symbol) != -1): null

2019-08-23 18:57:22 - [TEST_STEP][PASSED] - if (i == 3 &amp;&amp; wildList.indexOf(symbol) != -1): null

2019-08-23 18:57:22 - [TEST_STEP][PASSED] - if (i == 4 &amp;&amp; wildList.indexOf(symbol) != -1): null

2019-08-23 18:57:22 - [TEST_STEP][PASSED] - symbol = symbol: null

2019-08-23 18:57:22 - [TEST_STEP][PASSED] - println(symbol): null

2019-08-23 18:57:22 - [TEST_STEP][PASSED] - if (i == 2 &amp;&amp; wildList.indexOf(symbol) != -1): null

2019-08-23 18:57:22 - [TEST_STEP][PASSED] - if (i == 3 &amp;&amp; wildList.indexOf(symbol) != -1): null

2019-08-23 18:57:22 - [TEST_STEP][PASSED] - if (i == 4 &amp;&amp; wildList.indexOf(symbol) != -1): null

2019-08-23 18:57:22 - [TEST_STEP][PASSED] - symbols = symbols: null

2019-08-23 18:57:22 - [TEST_STEP][PASSED] - for ([j = 0, j &lt; symbols.size(), (j++)]): null

2019-08-23 18:57:22 - [TEST_STEP][PASSED] - symbol = symbol: null

2019-08-23 18:57:22 - [TEST_STEP][PASSED] - println(symbol): null

2019-08-23 18:57:22 - [TEST_STEP][PASSED] - if (i == 2 &amp;&amp; wildList.indexOf(symbol) != -1): null

2019-08-23 18:57:22 - [TEST_STEP][PASSED] - if (i == 3 &amp;&amp; wildList.indexOf(symbol) != -1): null

2019-08-23 18:57:22 - [TEST_STEP][PASSED] - if (i == 4 &amp;&amp; wildList.indexOf(symbol) != -1): null

2019-08-23 18:57:22 - [TEST_STEP][PASSED] - symbol = symbol: null

2019-08-23 18:57:22 - [TEST_STEP][PASSED] - println(symbol): null

2019-08-23 18:57:22 - [TEST_STEP][PASSED] - if (i == 2 &amp;&amp; wildList.indexOf(symbol) != -1): null

2019-08-23 18:57:22 - [TEST_STEP][PASSED] - if (i == 3 &amp;&amp; wildList.indexOf(symbol) != -1): null

2019-08-23 18:57:22 - [TEST_STEP][PASSED] - if (i == 4 &amp;&amp; wildList.indexOf(symbol) != -1): null

2019-08-23 18:57:22 - [TEST_STEP][PASSED] - symbol = symbol: null

2019-08-23 18:57:22 - [TEST_STEP][PASSED] - println(symbol): null

2019-08-23 18:57:22 - [TEST_STEP][PASSED] - if (i == 2 &amp;&amp; wildList.indexOf(symbol) != -1): null

2019-08-23 18:57:22 - [TEST_STEP][PASSED] - if (i == 3 &amp;&amp; wildList.indexOf(symbol) != -1): null

2019-08-23 18:57:22 - [TEST_STEP][PASSED] - if (i == 4 &amp;&amp; wildList.indexOf(symbol) != -1): null

2019-08-23 18:57:22 - [TEST_STEP][PASSED] - free_spin_reel_counter = free_spin_reel_counter: null

2019-08-23 18:57:22 - [TEST_STEP][PASSED] - println("reel 3 wild found: " + free_spin_reel_counter[0]): null

2019-08-23 18:57:22 - [TEST_STEP][PASSED] - println("reel 4 wild found: " + free_spin_reel_counter[1]): null

2019-08-23 18:57:22 - [TEST_STEP][PASSED] - println("reel 5 wild found: " + free_spin_reel_counter[2]): null

2019-08-23 18:57:22 - [TEST_STEP][PASSED] - M4_spin_reels = M4_spin_reels: null

2019-08-23 18:57:22 - [TEST_STEP][PASSED] - M4_spin_reels_symbols = symbol: null

2019-08-23 18:57:22 - [TEST_STEP][PASSED] - M4_spin_reels_symbols = M4_spin_reels_symbols: null

2019-08-23 18:57:22 - [TEST_STEP][PASSED] - M4_spin_reel_wins = reel_wins: null

2019-08-23 18:57:22 - [TEST_STEP][PASSED] - M4_spin_reel_wins = M4_spin_reel_wins: null

2019-08-23 18:57:22 - [TEST_STEP][PASSED] - println("GlobalVariable.M4_spin_reel_wins is: " + M4_spin_reel_wins): null

2019-08-23 18:57:22 - [TEST_STEP][PASSED] - M4_spin_total_bonus_win_this_round = total_bonus_win_this_round: null

2019-08-23 18:57:22 - [TEST_STEP][PASSED] - M4_spin_total_bonus_win_this_round = M4_spin_total_bonus_win_this_round: null

2019-08-23 18:57:22 - [TEST_STEP][PASSED] - println("GlobalVariable.M4_spin_total_bonus_win_this_round is: " + M4_spin_total_bonus_win_this_round): null

2019-08-23 18:57:22 - [TEST_STEP][PASSED] - M4_spin_bonus_spin_result = spin_result: null

2019-08-23 18:57:22 - [TEST_STEP][PASSED] - M4_spin_bonus_spin_result = M4_spin_bonus_spin_result: null

2019-08-23 18:57:22 - [MESSAGE][PASSED] - Verify response successfully

2019-08-23 18:57:22 - [MESSAGE][PASSED] - Send request and verify the response successfully

2019-08-23 18:57:22 - [TEST_STEP][PASSED] - if (free_spin_reel_counter[0] &gt;= 1 &amp;&amp; free_spin_reel_counter[1] &gt;= 1 &amp;&amp; free_spin_reel_counter[2] &gt;= 1): null

2019-08-23 18:57:22 - [TEST_STEP][PASSED] - spin_result = sendRequestAndVerify(findTestObject("INT/RGS(M4)/1_M4_spin", ["M4_login_user_id":M4_login_user_id, "rgs_session_token":rgs_session_token, "partner":Partner])): Send request and verify the response successfully

2019-08-23 18:57:22 - [MESSAGE][INFO] - HAR: /Users/eiralee/Katalon_Script/SuperWild/Reports/20190823_184757/INT/superWild_1/20190823_184757/requests/main/251.har

2019-08-23 18:57:22 - [TEST_CASE][PASSED] - Start Test Case : Verification: Verification accomplished successfully

2019-08-23 18:57:22 - [TEST_STEP][PASSED] - request = getInstance().getCurrentRequest(): null

2019-08-23 18:57:22 - [TEST_STEP][PASSED] - response = getInstance().getCurrentResponse(): null

2019-08-23 18:57:22 - [TEST_STEP][PASSED] - verifyResponseStatusCode(response, 200): Verify response status code successfully

2019-08-23 18:57:22 - [MESSAGE][PASSED] - Verify response status code successfully

2019-08-23 18:57:22 - [TEST_STEP][PASSED] - getStatusCode()).isEqualTo(200): null

2019-08-23 18:57:22 - [TEST_STEP][PASSED] - newline = System.getProperty("line.separator"): null

2019-08-23 18:57:22 - [TEST_STEP][PASSED] - M4_spin = new groovy.json.JsonSlurper(): null

2019-08-23 18:57:22 - [TEST_STEP][PASSED] - result_M4_spin = M4_spin.parseText(response.getResponseBodyContent()): null

2019-08-23 18:57:22 - [TEST_STEP][PASSED] - M4_spin_current_balance = current_balance: null

2019-08-23 18:57:22 - [TEST_STEP][PASSED] - M4_spin_current_balance = M4_spin_current_balance: null

2019-08-23 18:57:22 - [TEST_STEP][PASSED] - M4_spin_transaction_id = causality: null

2019-08-23 18:57:22 - [TEST_STEP][PASSED] - M4_spin_transaction_id = M4_spin_transaction_id: null

2019-08-23 18:57:22 - [TEST_STEP][PASSED] - M4_spin_round_id = round_id: null

2019-08-23 18:57:22 - [TEST_STEP][PASSED] - M4_spin_round_id = M4_spin_round_id: null

2019-08-23 18:57:22 - [TEST_STEP][PASSED] - M4_spin_line_wins = line_wins: null

2019-08-23 18:57:22 - [TEST_STEP][PASSED] - M4_spin_line_wins = M4_spin_line_wins: null

2019-08-23 18:57:22 - [TEST_STEP][PASSED] - M4_total_bonus_spins_int = total_bonus_spins: null

2019-08-23 18:57:22 - [TEST_STEP][PASSED] - println("******M4_total_bonus_spins type is:*******" + newline + getClass().getName()): null

2019-08-23 18:57:22 - [TEST_STEP][PASSED] - M4_total_bonus_spins_int = M4_total_bonus_spins_int: null

2019-08-23 18:57:22 - [TEST_STEP][PASSED] - M4_total_bonus_spins = Integer.toString(M4_total_bonus_spins_int): null

2019-08-23 18:57:22 - [TEST_STEP][PASSED] - M4_total_bonus_spins = M4_total_bonus_spins: null

2019-08-23 18:57:22 - [TEST_STEP][PASSED] - println("M4_total_bonus_spins is:" + M4_total_bonus_spins): null

2019-08-23 18:57:22 - [TEST_STEP][PASSED] - M4_spin_bonus_data = bonus_data: null

2019-08-23 18:57:22 - [TEST_STEP][PASSED] - M4_spin_features_triggered = result_M4_spin: null

2019-08-23 18:57:22 - [TEST_STEP][PASSED] - wild = []: null

2019-08-23 18:57:22 - [TEST_STEP][PASSED] - wild[0] = "WILD_Expanding": null

2019-08-23 18:57:22 - [TEST_STEP][PASSED] - wild[1] = "WILD_Normal": null

2019-08-23 18:57:22 - [TEST_STEP][PASSED] - wild[2] = "WILD_Double": null

2019-08-23 18:57:22 - [TEST_STEP][PASSED] - wild[3] = "WILD_ExtraFG": null

2019-08-23 18:57:22 - [TEST_STEP][PASSED] - wild[4] = "WILD_Triple": null

2019-08-23 18:57:22 - [TEST_STEP][PASSED] - wildList = Arrays.asList(wild): null

2019-08-23 18:57:22 - [TEST_STEP][PASSED] - wildList = wildList: null

2019-08-23 18:57:22 - [TEST_STEP][PASSED] - free_spin_reel_counter = []: null

2019-08-23 18:57:22 - [TEST_STEP][PASSED] - free_spin_reel_counter[0] = 0: null

2019-08-23 18:57:22 - [TEST_STEP][PASSED] - free_spin_reel_counter[1] = 0: null

2019-08-23 18:57:22 - [TEST_STEP][PASSED] - free_spin_reel_counter[2] = 0: null

2019-08-23 18:57:22 - [TEST_STEP][PASSED] - M4_spin_reels = reels: null

2019-08-23 18:57:22 - [TEST_STEP][PASSED] - for ([i = 0, i &lt; M4_spin_reels.size(), (i++)]): null

2019-08-23 18:57:22 - [TEST_STEP][PASSED] - symbols = symbols: null

2019-08-23 18:57:22 - [TEST_STEP][PASSED] - for ([j = 0, j &lt; symbols.size(), (j++)]): null

2019-08-23 18:57:22 - [TEST_STEP][PASSED] - symbol = symbol: null

2019-08-23 18:57:22 - [TEST_STEP][PASSED] - println(symbol): null

2019-08-23 18:57:22 - [TEST_STEP][PASSED] - if (i == 2 &amp;&amp; wildList.indexOf(symbol) != -1): null

2019-08-23 18:57:22 - [TEST_STEP][PASSED] - if (i == 3 &amp;&amp; wildList.indexOf(symbol) != -1): null

2019-08-23 18:57:22 - [TEST_STEP][PASSED] - if (i == 4 &amp;&amp; wildList.indexOf(symbol) != -1): null

2019-08-23 18:57:22 - [TEST_STEP][PASSED] - symbol = symbol: null

2019-08-23 18:57:22 - [TEST_STEP][PASSED] - println(symbol): null

2019-08-23 18:57:22 - [TEST_STEP][PASSED] - if (i == 2 &amp;&amp; wildList.indexOf(symbol) != -1): null

2019-08-23 18:57:22 - [TEST_STEP][PASSED] - if (i == 3 &amp;&amp; wildList.indexOf(symbol) != -1): null

2019-08-23 18:57:22 - [TEST_STEP][PASSED] - if (i == 4 &amp;&amp; wildList.indexOf(symbol) != -1): null

2019-08-23 18:57:22 - [TEST_STEP][PASSED] - symbol = symbol: null

2019-08-23 18:57:22 - [TEST_STEP][PASSED] - println(symbol): null

2019-08-23 18:57:22 - [TEST_STEP][PASSED] - if (i == 2 &amp;&amp; wildList.indexOf(symbol) != -1): null

2019-08-23 18:57:22 - [TEST_STEP][PASSED] - if (i == 3 &amp;&amp; wildList.indexOf(symbol) != -1): null

2019-08-23 18:57:22 - [TEST_STEP][PASSED] - if (i == 4 &amp;&amp; wildList.indexOf(symbol) != -1): null

2019-08-23 18:57:22 - [TEST_STEP][PASSED] - symbols = symbols: null

2019-08-23 18:57:22 - [TEST_STEP][PASSED] - for ([j = 0, j &lt; symbols.size(), (j++)]): null

2019-08-23 18:57:22 - [TEST_STEP][PASSED] - symbol = symbol: null

2019-08-23 18:57:22 - [TEST_STEP][PASSED] - println(symbol): null

2019-08-23 18:57:22 - [TEST_STEP][PASSED] - if (i == 2 &amp;&amp; wildList.indexOf(symbol) != -1): null

2019-08-23 18:57:22 - [TEST_STEP][PASSED] - if (i == 3 &amp;&amp; wildList.indexOf(symbol) != -1): null

2019-08-23 18:57:22 - [TEST_STEP][PASSED] - if (i == 4 &amp;&amp; wildList.indexOf(symbol) != -1): null

2019-08-23 18:57:22 - [TEST_STEP][PASSED] - symbol = symbol: null

2019-08-23 18:57:22 - [TEST_STEP][PASSED] - println(symbol): null

2019-08-23 18:57:22 - [TEST_STEP][PASSED] - if (i == 2 &amp;&amp; wildList.indexOf(symbol) != -1): null

2019-08-23 18:57:22 - [TEST_STEP][PASSED] - if (i == 3 &amp;&amp; wildList.indexOf(symbol) != -1): null

2019-08-23 18:57:22 - [TEST_STEP][PASSED] - if (i == 4 &amp;&amp; wildList.indexOf(symbol) != -1): null

2019-08-23 18:57:22 - [TEST_STEP][PASSED] - symbol = symbol: null

2019-08-23 18:57:22 - [TEST_STEP][PASSED] - println(symbol): null

2019-08-23 18:57:22 - [TEST_STEP][PASSED] - if (i == 2 &amp;&amp; wildList.indexOf(symbol) != -1): null

2019-08-23 18:57:22 - [TEST_STEP][PASSED] - if (i == 3 &amp;&amp; wildList.indexOf(symbol) != -1): null

2019-08-23 18:57:22 - [TEST_STEP][PASSED] - if (i == 4 &amp;&amp; wildList.indexOf(symbol) != -1): null

2019-08-23 18:57:22 - [TEST_STEP][PASSED] - symbols = symbols: null

2019-08-23 18:57:22 - [TEST_STEP][PASSED] - for ([j = 0, j &lt; symbols.size(), (j++)]): null

2019-08-23 18:57:22 - [TEST_STEP][PASSED] - symbol = symbol: null

2019-08-23 18:57:22 - [TEST_STEP][PASSED] - println(symbol): null

2019-08-23 18:57:22 - [TEST_STEP][PASSED] - if (i == 2 &amp;&amp; wildList.indexOf(symbol) != -1): null

2019-08-23 18:57:22 - [TEST_STEP][PASSED] - if (i == 3 &amp;&amp; wildList.indexOf(symbol) != -1): null

2019-08-23 18:57:22 - [TEST_STEP][PASSED] - if (i == 4 &amp;&amp; wildList.indexOf(symbol) != -1): null

2019-08-23 18:57:22 - [TEST_STEP][PASSED] - symbol = symbol: null

2019-08-23 18:57:22 - [TEST_STEP][PASSED] - println(symbol): null

2019-08-23 18:57:22 - [TEST_STEP][PASSED] - if (i == 2 &amp;&amp; wildList.indexOf(symbol) != -1): null

2019-08-23 18:57:22 - [TEST_STEP][PASSED] - if (i == 3 &amp;&amp; wildList.indexOf(symbol) != -1): null

2019-08-23 18:57:22 - [TEST_STEP][PASSED] - if (i == 4 &amp;&amp; wildList.indexOf(symbol) != -1): null

2019-08-23 18:57:22 - [TEST_STEP][PASSED] - symbol = symbol: null

2019-08-23 18:57:22 - [TEST_STEP][PASSED] - println(symbol): null

2019-08-23 18:57:22 - [TEST_STEP][PASSED] - if (i == 2 &amp;&amp; wildList.indexOf(symbol) != -1): null

2019-08-23 18:57:22 - [TEST_STEP][PASSED] - if (i == 3 &amp;&amp; wildList.indexOf(symbol) != -1): null

2019-08-23 18:57:22 - [TEST_STEP][PASSED] - if (i == 4 &amp;&amp; wildList.indexOf(symbol) != -1): null

2019-08-23 18:57:22 - [TEST_STEP][PASSED] - symbols = symbols: null

2019-08-23 18:57:22 - [TEST_STEP][PASSED] - for ([j = 0, j &lt; symbols.size(), (j++)]): null

2019-08-23 18:57:22 - [TEST_STEP][PASSED] - symbol = symbol: null

2019-08-23 18:57:22 - [TEST_STEP][PASSED] - println(symbol): null

2019-08-23 18:57:22 - [TEST_STEP][PASSED] - if (i == 2 &amp;&amp; wildList.indexOf(symbol) != -1): null

2019-08-23 18:57:22 - [TEST_STEP][PASSED] - if (i == 3 &amp;&amp; wildList.indexOf(symbol) != -1): null

2019-08-23 18:57:22 - [TEST_STEP][PASSED] - if (i == 4 &amp;&amp; wildList.indexOf(symbol) != -1): null

2019-08-23 18:57:22 - [TEST_STEP][PASSED] - symbol = symbol: null

2019-08-23 18:57:22 - [TEST_STEP][PASSED] - println(symbol): null

2019-08-23 18:57:22 - [TEST_STEP][PASSED] - if (i == 2 &amp;&amp; wildList.indexOf(symbol) != -1): null

2019-08-23 18:57:22 - [TEST_STEP][PASSED] - if (i == 3 &amp;&amp; wildList.indexOf(symbol) != -1): null

2019-08-23 18:57:22 - [TEST_STEP][PASSED] - if (i == 4 &amp;&amp; wildList.indexOf(symbol) != -1): null

2019-08-23 18:57:22 - [TEST_STEP][PASSED] - symbol = symbol: null

2019-08-23 18:57:22 - [TEST_STEP][PASSED] - println(symbol): null

2019-08-23 18:57:22 - [TEST_STEP][PASSED] - if (i == 2 &amp;&amp; wildList.indexOf(symbol) != -1): null

2019-08-23 18:57:22 - [TEST_STEP][PASSED] - if (i == 3 &amp;&amp; wildList.indexOf(symbol) != -1): null

2019-08-23 18:57:22 - [TEST_STEP][PASSED] - if (i == 4 &amp;&amp; wildList.indexOf(symbol) != -1): null

2019-08-23 18:57:22 - [TEST_STEP][PASSED] - symbols = symbols: null

2019-08-23 18:57:22 - [TEST_STEP][PASSED] - for ([j = 0, j &lt; symbols.size(), (j++)]): null

2019-08-23 18:57:22 - [TEST_STEP][PASSED] - symbol = symbol: null

2019-08-23 18:57:22 - [TEST_STEP][PASSED] - println(symbol): null

2019-08-23 18:57:22 - [TEST_STEP][PASSED] - if (i == 2 &amp;&amp; wildList.indexOf(symbol) != -1): null

2019-08-23 18:57:22 - [TEST_STEP][PASSED] - if (i == 3 &amp;&amp; wildList.indexOf(symbol) != -1): null

2019-08-23 18:57:22 - [TEST_STEP][PASSED] - if (i == 4 &amp;&amp; wildList.indexOf(symbol) != -1): null

2019-08-23 18:57:22 - [TEST_STEP][PASSED] - symbol = symbol: null

2019-08-23 18:57:22 - [TEST_STEP][PASSED] - println(symbol): null

2019-08-23 18:57:22 - [TEST_STEP][PASSED] - if (i == 2 &amp;&amp; wildList.indexOf(symbol) != -1): null

2019-08-23 18:57:22 - [TEST_STEP][PASSED] - if (i == 3 &amp;&amp; wildList.indexOf(symbol) != -1): null

2019-08-23 18:57:22 - [TEST_STEP][PASSED] - if (i == 4 &amp;&amp; wildList.indexOf(symbol) != -1): null

2019-08-23 18:57:22 - [TEST_STEP][PASSED] - symbol = symbol: null

2019-08-23 18:57:22 - [TEST_STEP][PASSED] - println(symbol): null

2019-08-23 18:57:22 - [TEST_STEP][PASSED] - if (i == 2 &amp;&amp; wildList.indexOf(symbol) != -1): null

2019-08-23 18:57:22 - [TEST_STEP][PASSED] - if (i == 3 &amp;&amp; wildList.indexOf(symbol) != -1): null

2019-08-23 18:57:22 - [TEST_STEP][PASSED] - if (i == 4 &amp;&amp; wildList.indexOf(symbol) != -1): null

2019-08-23 18:57:22 - [TEST_STEP][PASSED] - free_spin_reel_counter = free_spin_reel_counter: null

2019-08-23 18:57:22 - [TEST_STEP][PASSED] - println("reel 3 wild found: " + free_spin_reel_counter[0]): null

2019-08-23 18:57:22 - [TEST_STEP][PASSED] - println("reel 4 wild found: " + free_spin_reel_counter[1]): null

2019-08-23 18:57:22 - [TEST_STEP][PASSED] - println("reel 5 wild found: " + free_spin_reel_counter[2]): null

2019-08-23 18:57:22 - [TEST_STEP][PASSED] - M4_spin_reels = M4_spin_reels: null

2019-08-23 18:57:22 - [TEST_STEP][PASSED] - M4_spin_reels_symbols = symbol: null

2019-08-23 18:57:22 - [TEST_STEP][PASSED] - M4_spin_reels_symbols = M4_spin_reels_symbols: null

2019-08-23 18:57:22 - [TEST_STEP][PASSED] - M4_spin_reel_wins = reel_wins: null

2019-08-23 18:57:22 - [TEST_STEP][PASSED] - M4_spin_reel_wins = M4_spin_reel_wins: null

2019-08-23 18:57:22 - [TEST_STEP][PASSED] - println("GlobalVariable.M4_spin_reel_wins is: " + M4_spin_reel_wins): null

2019-08-23 18:57:22 - [TEST_STEP][PASSED] - M4_spin_total_bonus_win_this_round = total_bonus_win_this_round: null

2019-08-23 18:57:22 - [TEST_STEP][PASSED] - M4_spin_total_bonus_win_this_round = M4_spin_total_bonus_win_this_round: null

2019-08-23 18:57:22 - [TEST_STEP][PASSED] - println("GlobalVariable.M4_spin_total_bonus_win_this_round is: " + M4_spin_total_bonus_win_this_round): null

2019-08-23 18:57:22 - [TEST_STEP][PASSED] - M4_spin_bonus_spin_result = spin_result: null

2019-08-23 18:57:22 - [TEST_STEP][PASSED] - M4_spin_bonus_spin_result = M4_spin_bonus_spin_result: null

2019-08-23 18:57:22 - [MESSAGE][PASSED] - Verify response successfully

2019-08-23 18:57:22 - [MESSAGE][PASSED] - Send request and verify the response successfully

2019-08-23 18:57:22 - [TEST_STEP][PASSED] - if (free_spin_reel_counter[0] &gt;= 1 &amp;&amp; free_spin_reel_counter[1] &gt;= 1 &amp;&amp; free_spin_reel_counter[2] &gt;= 1): null

2019-08-23 18:57:22 - [TEST_STEP][PASSED] - spin_result = sendRequestAndVerify(findTestObject("INT/RGS(M4)/1_M4_spin", ["M4_login_user_id":M4_login_user_id, "rgs_session_token":rgs_session_token, "partner":Partner])): Send request and verify the response successfully

2019-08-23 18:57:23 - [MESSAGE][INFO] - HAR: /Users/eiralee/Katalon_Script/SuperWild/Reports/20190823_184757/INT/superWild_1/20190823_184757/requests/main/252.har

2019-08-23 18:57:23 - [TEST_CASE][PASSED] - Start Test Case : Verification: Verification accomplished successfully

2019-08-23 18:57:23 - [TEST_STEP][PASSED] - request = getInstance().getCurrentRequest(): null

2019-08-23 18:57:23 - [TEST_STEP][PASSED] - response = getInstance().getCurrentResponse(): null

2019-08-23 18:57:23 - [TEST_STEP][PASSED] - verifyResponseStatusCode(response, 200): Verify response status code successfully

2019-08-23 18:57:23 - [MESSAGE][PASSED] - Verify response status code successfully

2019-08-23 18:57:23 - [TEST_STEP][PASSED] - getStatusCode()).isEqualTo(200): null

2019-08-23 18:57:23 - [TEST_STEP][PASSED] - newline = System.getProperty("line.separator"): null

2019-08-23 18:57:23 - [TEST_STEP][PASSED] - M4_spin = new groovy.json.JsonSlurper(): null

2019-08-23 18:57:23 - [TEST_STEP][PASSED] - result_M4_spin = M4_spin.parseText(response.getResponseBodyContent()): null

2019-08-23 18:57:23 - [TEST_STEP][PASSED] - M4_spin_current_balance = current_balance: null

2019-08-23 18:57:23 - [TEST_STEP][PASSED] - M4_spin_current_balance = M4_spin_current_balance: null

2019-08-23 18:57:23 - [TEST_STEP][PASSED] - M4_spin_transaction_id = causality: null

2019-08-23 18:57:23 - [TEST_STEP][PASSED] - M4_spin_transaction_id = M4_spin_transaction_id: null

2019-08-23 18:57:23 - [TEST_STEP][PASSED] - M4_spin_round_id = round_id: null

2019-08-23 18:57:23 - [TEST_STEP][PASSED] - M4_spin_round_id = M4_spin_round_id: null

2019-08-23 18:57:23 - [TEST_STEP][PASSED] - M4_spin_line_wins = line_wins: null

2019-08-23 18:57:23 - [TEST_STEP][PASSED] - M4_spin_line_wins = M4_spin_line_wins: null

2019-08-23 18:57:23 - [TEST_STEP][PASSED] - M4_total_bonus_spins_int = total_bonus_spins: null

2019-08-23 18:57:23 - [TEST_STEP][PASSED] - println("******M4_total_bonus_spins type is:*******" + newline + getClass().getName()): null

2019-08-23 18:57:23 - [TEST_STEP][PASSED] - M4_total_bonus_spins_int = M4_total_bonus_spins_int: null

2019-08-23 18:57:23 - [TEST_STEP][PASSED] - M4_total_bonus_spins = Integer.toString(M4_total_bonus_spins_int): null

2019-08-23 18:57:23 - [TEST_STEP][PASSED] - M4_total_bonus_spins = M4_total_bonus_spins: null

2019-08-23 18:57:23 - [TEST_STEP][PASSED] - println("M4_total_bonus_spins is:" + M4_total_bonus_spins): null

2019-08-23 18:57:23 - [TEST_STEP][PASSED] - M4_spin_bonus_data = bonus_data: null

2019-08-23 18:57:23 - [TEST_STEP][PASSED] - M4_spin_features_triggered = result_M4_spin: null

2019-08-23 18:57:23 - [TEST_STEP][PASSED] - wild = []: null

2019-08-23 18:57:23 - [TEST_STEP][PASSED] - wild[0] = "WILD_Expanding": null

2019-08-23 18:57:23 - [TEST_STEP][PASSED] - wild[1] = "WILD_Normal": null

2019-08-23 18:57:23 - [TEST_STEP][PASSED] - wild[2] = "WILD_Double": null

2019-08-23 18:57:23 - [TEST_STEP][PASSED] - wild[3] = "WILD_ExtraFG": null

2019-08-23 18:57:23 - [TEST_STEP][PASSED] - wild[4] = "WILD_Triple": null

2019-08-23 18:57:23 - [TEST_STEP][PASSED] - wildList = Arrays.asList(wild): null

2019-08-23 18:57:23 - [TEST_STEP][PASSED] - wildList = wildList: null

2019-08-23 18:57:23 - [TEST_STEP][PASSED] - free_spin_reel_counter = []: null

2019-08-23 18:57:23 - [TEST_STEP][PASSED] - free_spin_reel_counter[0] = 0: null

2019-08-23 18:57:23 - [TEST_STEP][PASSED] - free_spin_reel_counter[1] = 0: null

2019-08-23 18:57:23 - [TEST_STEP][PASSED] - free_spin_reel_counter[2] = 0: null

2019-08-23 18:57:23 - [TEST_STEP][PASSED] - M4_spin_reels = reels: null

2019-08-23 18:57:23 - [TEST_STEP][PASSED] - for ([i = 0, i &lt; M4_spin_reels.size(), (i++)]): null

2019-08-23 18:57:23 - [TEST_STEP][PASSED] - symbols = symbols: null

2019-08-23 18:57:23 - [TEST_STEP][PASSED] - for ([j = 0, j &lt; symbols.size(), (j++)]): null

2019-08-23 18:57:23 - [TEST_STEP][PASSED] - symbol = symbol: null

2019-08-23 18:57:23 - [TEST_STEP][PASSED] - println(symbol): null

2019-08-23 18:57:23 - [TEST_STEP][PASSED] - if (i == 2 &amp;&amp; wildList.indexOf(symbol) != -1): null

2019-08-23 18:57:23 - [TEST_STEP][PASSED] - if (i == 3 &amp;&amp; wildList.indexOf(symbol) != -1): null

2019-08-23 18:57:23 - [TEST_STEP][PASSED] - if (i == 4 &amp;&amp; wildList.indexOf(symbol) != -1): null

2019-08-23 18:57:23 - [TEST_STEP][PASSED] - symbol = symbol: null

2019-08-23 18:57:23 - [TEST_STEP][PASSED] - println(symbol): null

2019-08-23 18:57:23 - [TEST_STEP][PASSED] - if (i == 2 &amp;&amp; wildList.indexOf(symbol) != -1): null

2019-08-23 18:57:23 - [TEST_STEP][PASSED] - if (i == 3 &amp;&amp; wildList.indexOf(symbol) != -1): null

2019-08-23 18:57:23 - [TEST_STEP][PASSED] - if (i == 4 &amp;&amp; wildList.indexOf(symbol) != -1): null

2019-08-23 18:57:23 - [TEST_STEP][PASSED] - symbol = symbol: null

2019-08-23 18:57:23 - [TEST_STEP][PASSED] - println(symbol): null

2019-08-23 18:57:23 - [TEST_STEP][PASSED] - if (i == 2 &amp;&amp; wildList.indexOf(symbol) != -1): null

2019-08-23 18:57:23 - [TEST_STEP][PASSED] - if (i == 3 &amp;&amp; wildList.indexOf(symbol) != -1): null

2019-08-23 18:57:23 - [TEST_STEP][PASSED] - if (i == 4 &amp;&amp; wildList.indexOf(symbol) != -1): null

2019-08-23 18:57:23 - [TEST_STEP][PASSED] - symbols = symbols: null

2019-08-23 18:57:23 - [TEST_STEP][PASSED] - for ([j = 0, j &lt; symbols.size(), (j++)]): null

2019-08-23 18:57:23 - [TEST_STEP][PASSED] - symbol = symbol: null

2019-08-23 18:57:23 - [TEST_STEP][PASSED] - println(symbol): null

2019-08-23 18:57:23 - [TEST_STEP][PASSED] - if (i == 2 &amp;&amp; wildList.indexOf(symbol) != -1): null

2019-08-23 18:57:23 - [TEST_STEP][PASSED] - if (i == 3 &amp;&amp; wildList.indexOf(symbol) != -1): null

2019-08-23 18:57:23 - [TEST_STEP][PASSED] - if (i == 4 &amp;&amp; wildList.indexOf(symbol) != -1): null

2019-08-23 18:57:23 - [TEST_STEP][PASSED] - symbol = symbol: null

2019-08-23 18:57:23 - [TEST_STEP][PASSED] - println(symbol): null

2019-08-23 18:57:23 - [TEST_STEP][PASSED] - if (i == 2 &amp;&amp; wildList.indexOf(symbol) != -1): null

2019-08-23 18:57:23 - [TEST_STEP][PASSED] - if (i == 3 &amp;&amp; wildList.indexOf(symbol) != -1): null

2019-08-23 18:57:23 - [TEST_STEP][PASSED] - if (i == 4 &amp;&amp; wildList.indexOf(symbol) != -1): null

2019-08-23 18:57:23 - [TEST_STEP][PASSED] - symbol = symbol: null

2019-08-23 18:57:23 - [TEST_STEP][PASSED] - println(symbol): null

2019-08-23 18:57:23 - [TEST_STEP][PASSED] - if (i == 2 &amp;&amp; wildList.indexOf(symbol) != -1): null

2019-08-23 18:57:23 - [TEST_STEP][PASSED] - if (i == 3 &amp;&amp; wildList.indexOf(symbol) != -1): null

2019-08-23 18:57:23 - [TEST_STEP][PASSED] - if (i == 4 &amp;&amp; wildList.indexOf(symbol) != -1): null

2019-08-23 18:57:23 - [TEST_STEP][PASSED] - symbols = symbols: null

2019-08-23 18:57:23 - [TEST_STEP][PASSED] - for ([j = 0, j &lt; symbols.size(), (j++)]): null

2019-08-23 18:57:23 - [TEST_STEP][PASSED] - symbol = symbol: null

2019-08-23 18:57:23 - [TEST_STEP][PASSED] - println(symbol): null

2019-08-23 18:57:23 - [TEST_STEP][PASSED] - if (i == 2 &amp;&amp; wildList.indexOf(symbol) != -1): null

2019-08-23 18:57:23 - [TEST_STEP][PASSED] - if (i == 3 &amp;&amp; wildList.indexOf(symbol) != -1): null

2019-08-23 18:57:23 - [TEST_STEP][PASSED] - if (i == 4 &amp;&amp; wildList.indexOf(symbol) != -1): null

2019-08-23 18:57:23 - [TEST_STEP][PASSED] - symbol = symbol: null

2019-08-23 18:57:23 - [TEST_STEP][PASSED] - println(symbol): null

2019-08-23 18:57:23 - [TEST_STEP][PASSED] - if (i == 2 &amp;&amp; wildList.indexOf(symbol) != -1): null

2019-08-23 18:57:23 - [TEST_STEP][PASSED] - if (i == 3 &amp;&amp; wildList.indexOf(symbol) != -1): null

2019-08-23 18:57:23 - [TEST_STEP][PASSED] - if (i == 4 &amp;&amp; wildList.indexOf(symbol) != -1): null

2019-08-23 18:57:23 - [TEST_STEP][PASSED] - symbol = symbol: null

2019-08-23 18:57:23 - [TEST_STEP][PASSED] - println(symbol): null

2019-08-23 18:57:23 - [TEST_STEP][PASSED] - if (i == 2 &amp;&amp; wildList.indexOf(symbol) != -1): null

2019-08-23 18:57:23 - [TEST_STEP][PASSED] - if (i == 3 &amp;&amp; wildList.indexOf(symbol) != -1): null

2019-08-23 18:57:23 - [TEST_STEP][PASSED] - if (i == 4 &amp;&amp; wildList.indexOf(symbol) != -1): null

2019-08-23 18:57:23 - [TEST_STEP][PASSED] - symbols = symbols: null

2019-08-23 18:57:23 - [TEST_STEP][PASSED] - for ([j = 0, j &lt; symbols.size(), (j++)]): null

2019-08-23 18:57:23 - [TEST_STEP][PASSED] - symbol = symbol: null

2019-08-23 18:57:23 - [TEST_STEP][PASSED] - println(symbol): null

2019-08-23 18:57:23 - [TEST_STEP][PASSED] - if (i == 2 &amp;&amp; wildList.indexOf(symbol) != -1): null

2019-08-23 18:57:23 - [TEST_STEP][PASSED] - if (i == 3 &amp;&amp; wildList.indexOf(symbol) != -1): null

2019-08-23 18:57:23 - [TEST_STEP][PASSED] - if (i == 4 &amp;&amp; wildList.indexOf(symbol) != -1): null

2019-08-23 18:57:23 - [TEST_STEP][PASSED] - symbol = symbol: null

2019-08-23 18:57:23 - [TEST_STEP][PASSED] - println(symbol): null

2019-08-23 18:57:23 - [TEST_STEP][PASSED] - if (i == 2 &amp;&amp; wildList.indexOf(symbol) != -1): null

2019-08-23 18:57:23 - [TEST_STEP][PASSED] - if (i == 3 &amp;&amp; wildList.indexOf(symbol) != -1): null

2019-08-23 18:57:25 - [TEST_STEP][PASSED] - if (i == 4 &amp;&amp; wildList.indexOf(symbol) != -1): null

2019-08-23 18:57:25 - [TEST_STEP][PASSED] - symbol = symbol: null

2019-08-23 18:57:25 - [TEST_STEP][PASSED] - println(symbol): null

2019-08-23 18:57:25 - [TEST_STEP][PASSED] - if (i == 2 &amp;&amp; wildList.indexOf(symbol) != -1): null

2019-08-23 18:57:25 - [TEST_STEP][PASSED] - if (i == 3 &amp;&amp; wildList.indexOf(symbol) != -1): null

2019-08-23 18:57:25 - [TEST_STEP][PASSED] - if (i == 4 &amp;&amp; wildList.indexOf(symbol) != -1): null

2019-08-23 18:57:25 - [TEST_STEP][PASSED] - symbols = symbols: null

2019-08-23 18:57:25 - [TEST_STEP][PASSED] - for ([j = 0, j &lt; symbols.size(), (j++)]): null

2019-08-23 18:57:25 - [TEST_STEP][PASSED] - symbol = symbol: null

2019-08-23 18:57:25 - [TEST_STEP][PASSED] - println(symbol): null

2019-08-23 18:57:25 - [TEST_STEP][PASSED] - if (i == 2 &amp;&amp; wildList.indexOf(symbol) != -1): null

2019-08-23 18:57:25 - [TEST_STEP][PASSED] - if (i == 3 &amp;&amp; wildList.indexOf(symbol) != -1): null

2019-08-23 18:57:25 - [TEST_STEP][PASSED] - if (i == 4 &amp;&amp; wildList.indexOf(symbol) != -1): null

2019-08-23 18:57:25 - [TEST_STEP][PASSED] - symbol = symbol: null

2019-08-23 18:57:25 - [TEST_STEP][PASSED] - println(symbol): null

2019-08-23 18:57:25 - [TEST_STEP][PASSED] - if (i == 2 &amp;&amp; wildList.indexOf(symbol) != -1): null

2019-08-23 18:57:25 - [TEST_STEP][PASSED] - if (i == 3 &amp;&amp; wildList.indexOf(symbol) != -1): null

2019-08-23 18:57:25 - [TEST_STEP][PASSED] - if (i == 4 &amp;&amp; wildList.indexOf(symbol) != -1): null

2019-08-23 18:57:25 - [TEST_STEP][PASSED] - symbol = symbol: null

2019-08-23 18:57:25 - [TEST_STEP][PASSED] - println(symbol): null

2019-08-23 18:57:25 - [TEST_STEP][PASSED] - if (i == 2 &amp;&amp; wildList.indexOf(symbol) != -1): null

2019-08-23 18:57:25 - [TEST_STEP][PASSED] - if (i == 3 &amp;&amp; wildList.indexOf(symbol) != -1): null

2019-08-23 18:57:25 - [TEST_STEP][PASSED] - if (i == 4 &amp;&amp; wildList.indexOf(symbol) != -1): null

2019-08-23 18:57:25 - [TEST_STEP][PASSED] - println("wild found on reel 5, adding counter by 1"): null

2019-08-23 18:57:25 - [TEST_STEP][PASSED] - free_spin_reel_counter[2] = free_spin_reel_counter[2] + 1: null

2019-08-23 18:57:25 - [TEST_STEP][PASSED] - free_spin_reel_counter = free_spin_reel_counter: null

2019-08-23 18:57:25 - [TEST_STEP][PASSED] - println("reel 3 wild found: " + free_spin_reel_counter[0]): null

2019-08-23 18:57:25 - [TEST_STEP][PASSED] - println("reel 4 wild found: " + free_spin_reel_counter[1]): null

2019-08-23 18:57:25 - [TEST_STEP][PASSED] - println("reel 5 wild found: " + free_spin_reel_counter[2]): null

2019-08-23 18:57:25 - [TEST_STEP][PASSED] - M4_spin_reels = M4_spin_reels: null

2019-08-23 18:57:25 - [TEST_STEP][PASSED] - M4_spin_reels_symbols = symbol: null

2019-08-23 18:57:25 - [TEST_STEP][PASSED] - M4_spin_reels_symbols = M4_spin_reels_symbols: null

2019-08-23 18:57:25 - [TEST_STEP][PASSED] - M4_spin_reel_wins = reel_wins: null

2019-08-23 18:57:25 - [TEST_STEP][PASSED] - M4_spin_reel_wins = M4_spin_reel_wins: null

2019-08-23 18:57:25 - [TEST_STEP][PASSED] - println("GlobalVariable.M4_spin_reel_wins is: " + M4_spin_reel_wins): null

2019-08-23 18:57:25 - [TEST_STEP][PASSED] - M4_spin_total_bonus_win_this_round = total_bonus_win_this_round: null

2019-08-23 18:57:25 - [TEST_STEP][PASSED] - M4_spin_total_bonus_win_this_round = M4_spin_total_bonus_win_this_round: null

2019-08-23 18:57:25 - [TEST_STEP][PASSED] - println("GlobalVariable.M4_spin_total_bonus_win_this_round is: " + M4_spin_total_bonus_win_this_round): null

2019-08-23 18:57:25 - [TEST_STEP][PASSED] - M4_spin_bonus_spin_result = spin_result: null

2019-08-23 18:57:25 - [TEST_STEP][PASSED] - M4_spin_bonus_spin_result = M4_spin_bonus_spin_result: null

2019-08-23 18:57:25 - [MESSAGE][PASSED] - Verify response successfully

2019-08-23 18:57:25 - [MESSAGE][PASSED] - Send request and verify the response successfully

2019-08-23 18:57:25 - [TEST_STEP][PASSED] - if (free_spin_reel_counter[0] &gt;= 1 &amp;&amp; free_spin_reel_counter[1] &gt;= 1 &amp;&amp; free_spin_reel_counter[2] &gt;= 1): null

2019-08-23 18:57:25 - [TEST_STEP][PASSED] - spin_result = sendRequestAndVerify(findTestObject("INT/RGS(M4)/1_M4_spin", ["M4_login_user_id":M4_login_user_id, "rgs_session_token":rgs_session_token, "partner":Partner])): Send request and verify the response successfully

2019-08-23 18:57:25 - [MESSAGE][INFO] - HAR: /Users/eiralee/Katalon_Script/SuperWild/Reports/20190823_184757/INT/superWild_1/20190823_184757/requests/main/253.har

2019-08-23 18:57:25 - [TEST_CASE][PASSED] - Start Test Case : Verification: Verification accomplished successfully

2019-08-23 18:57:25 - [TEST_STEP][PASSED] - request = getInstance().getCurrentRequest(): null

2019-08-23 18:57:26 - [TEST_STEP][PASSED] - response = getInstance().getCurrentResponse(): null

2019-08-23 18:57:26 - [TEST_STEP][PASSED] - verifyResponseStatusCode(response, 200): Verify response status code successfully

2019-08-23 18:57:26 - [MESSAGE][PASSED] - Verify response status code successfully

2019-08-23 18:57:26 - [TEST_STEP][PASSED] - getStatusCode()).isEqualTo(200): null

2019-08-23 18:57:26 - [TEST_STEP][PASSED] - newline = System.getProperty("line.separator"): null

2019-08-23 18:57:26 - [TEST_STEP][PASSED] - M4_spin = new groovy.json.JsonSlurper(): null

2019-08-23 18:57:26 - [TEST_STEP][PASSED] - result_M4_spin = M4_spin.parseText(response.getResponseBodyContent()): null

2019-08-23 18:57:26 - [TEST_STEP][PASSED] - M4_spin_current_balance = current_balance: null

2019-08-23 18:57:26 - [TEST_STEP][PASSED] - M4_spin_current_balance = M4_spin_current_balance: null

2019-08-23 18:57:26 - [TEST_STEP][PASSED] - M4_spin_transaction_id = causality: null

2019-08-23 18:57:26 - [TEST_STEP][PASSED] - M4_spin_transaction_id = M4_spin_transaction_id: null

2019-08-23 18:57:26 - [TEST_STEP][PASSED] - M4_spin_round_id = round_id: null

2019-08-23 18:57:26 - [TEST_STEP][PASSED] - M4_spin_round_id = M4_spin_round_id: null

2019-08-23 18:57:26 - [TEST_STEP][PASSED] - M4_spin_line_wins = line_wins: null

2019-08-23 18:57:26 - [TEST_STEP][PASSED] - M4_spin_line_wins = M4_spin_line_wins: null

2019-08-23 18:57:26 - [TEST_STEP][PASSED] - M4_total_bonus_spins_int = total_bonus_spins: null

2019-08-23 18:57:26 - [TEST_STEP][PASSED] - println("******M4_total_bonus_spins type is:*******" + newline + getClass().getName()): null

2019-08-23 18:57:26 - [TEST_STEP][PASSED] - M4_total_bonus_spins_int = M4_total_bonus_spins_int: null

2019-08-23 18:57:26 - [TEST_STEP][PASSED] - M4_total_bonus_spins = Integer.toString(M4_total_bonus_spins_int): null

2019-08-23 18:57:26 - [TEST_STEP][PASSED] - M4_total_bonus_spins = M4_total_bonus_spins: null

2019-08-23 18:57:26 - [TEST_STEP][PASSED] - println("M4_total_bonus_spins is:" + M4_total_bonus_spins): null

2019-08-23 18:57:26 - [TEST_STEP][PASSED] - M4_spin_bonus_data = bonus_data: null

2019-08-23 18:57:26 - [TEST_STEP][PASSED] - M4_spin_features_triggered = result_M4_spin: null

2019-08-23 18:57:26 - [TEST_STEP][PASSED] - wild = []: null

2019-08-23 18:57:26 - [TEST_STEP][PASSED] - wild[0] = "WILD_Expanding": null

2019-08-23 18:57:26 - [TEST_STEP][PASSED] - wild[1] = "WILD_Normal": null

2019-08-23 18:57:26 - [TEST_STEP][PASSED] - wild[2] = "WILD_Double": null

2019-08-23 18:57:26 - [TEST_STEP][PASSED] - wild[3] = "WILD_ExtraFG": null

2019-08-23 18:57:26 - [TEST_STEP][PASSED] - wild[4] = "WILD_Triple": null

2019-08-23 18:57:26 - [TEST_STEP][PASSED] - wildList = Arrays.asList(wild): null

2019-08-23 18:57:26 - [TEST_STEP][PASSED] - wildList = wildList: null

2019-08-23 18:57:26 - [TEST_STEP][PASSED] - free_spin_reel_counter = []: null

2019-08-23 18:57:26 - [TEST_STEP][PASSED] - free_spin_reel_counter[0] = 0: null

2019-08-23 18:57:26 - [TEST_STEP][PASSED] - free_spin_reel_counter[1] = 0: null

2019-08-23 18:57:26 - [TEST_STEP][PASSED] - free_spin_reel_counter[2] = 0: null

2019-08-23 18:57:26 - [TEST_STEP][PASSED] - M4_spin_reels = reels: null

2019-08-23 18:57:26 - [TEST_STEP][PASSED] - for ([i = 0, i &lt; M4_spin_reels.size(), (i++)]): null

2019-08-23 18:57:26 - [TEST_STEP][PASSED] - symbols = symbols: null

2019-08-23 18:57:26 - [TEST_STEP][PASSED] - for ([j = 0, j &lt; symbols.size(), (j++)]): null

2019-08-23 18:57:26 - [TEST_STEP][PASSED] - symbol = symbol: null

2019-08-23 18:57:26 - [TEST_STEP][PASSED] - println(symbol): null

2019-08-23 18:57:26 - [TEST_STEP][PASSED] - if (i == 2 &amp;&amp; wildList.indexOf(symbol) != -1): null

2019-08-23 18:57:26 - [TEST_STEP][PASSED] - if (i == 3 &amp;&amp; wildList.indexOf(symbol) != -1): null

2019-08-23 18:57:26 - [TEST_STEP][PASSED] - if (i == 4 &amp;&amp; wildList.indexOf(symbol) != -1): null

2019-08-23 18:57:26 - [TEST_STEP][PASSED] - symbol = symbol: null

2019-08-23 18:57:26 - [TEST_STEP][PASSED] - println(symbol): null

2019-08-23 18:57:26 - [TEST_STEP][PASSED] - if (i == 2 &amp;&amp; wildList.indexOf(symbol) != -1): null

2019-08-23 18:57:26 - [TEST_STEP][PASSED] - if (i == 3 &amp;&amp; wildList.indexOf(symbol) != -1): null

2019-08-23 18:57:26 - [TEST_STEP][PASSED] - if (i == 4 &amp;&amp; wildList.indexOf(symbol) != -1): null

2019-08-23 18:57:26 - [TEST_STEP][PASSED] - symbol = symbol: null

2019-08-23 18:57:26 - [TEST_STEP][PASSED] - println(symbol): null

2019-08-23 18:57:26 - [TEST_STEP][PASSED] - if (i == 2 &amp;&amp; wildList.indexOf(symbol) != -1): null

2019-08-23 18:57:26 - [TEST_STEP][PASSED] - if (i == 3 &amp;&amp; wildList.indexOf(symbol) != -1): null

2019-08-23 18:57:26 - [TEST_STEP][PASSED] - if (i == 4 &amp;&amp; wildList.indexOf(symbol) != -1): null

2019-08-23 18:57:26 - [TEST_STEP][PASSED] - symbols = symbols: null

2019-08-23 18:57:26 - [TEST_STEP][PASSED] - for ([j = 0, j &lt; symbols.size(), (j++)]): null

2019-08-23 18:57:26 - [TEST_STEP][PASSED] - symbol = symbol: null

2019-08-23 18:57:26 - [TEST_STEP][PASSED] - println(symbol): null

2019-08-23 18:57:26 - [TEST_STEP][PASSED] - if (i == 2 &amp;&amp; wildList.indexOf(symbol) != -1): null

2019-08-23 18:57:26 - [TEST_STEP][PASSED] - if (i == 3 &amp;&amp; wildList.indexOf(symbol) != -1): null

2019-08-23 18:57:26 - [TEST_STEP][PASSED] - if (i == 4 &amp;&amp; wildList.indexOf(symbol) != -1): null

2019-08-23 18:57:26 - [TEST_STEP][PASSED] - symbol = symbol: null

2019-08-23 18:57:26 - [TEST_STEP][PASSED] - println(symbol): null

2019-08-23 18:57:26 - [TEST_STEP][PASSED] - if (i == 2 &amp;&amp; wildList.indexOf(symbol) != -1): null

2019-08-23 18:57:26 - [TEST_STEP][PASSED] - if (i == 3 &amp;&amp; wildList.indexOf(symbol) != -1): null

2019-08-23 18:57:26 - [TEST_STEP][PASSED] - if (i == 4 &amp;&amp; wildList.indexOf(symbol) != -1): null

2019-08-23 18:57:26 - [TEST_STEP][PASSED] - symbol = symbol: null

2019-08-23 18:57:26 - [TEST_STEP][PASSED] - println(symbol): null

2019-08-23 18:57:26 - [TEST_STEP][PASSED] - if (i == 2 &amp;&amp; wildList.indexOf(symbol) != -1): null

2019-08-23 18:57:26 - [TEST_STEP][PASSED] - if (i == 3 &amp;&amp; wildList.indexOf(symbol) != -1): null

2019-08-23 18:57:26 - [TEST_STEP][PASSED] - if (i == 4 &amp;&amp; wildList.indexOf(symbol) != -1): null

2019-08-23 18:57:26 - [TEST_STEP][PASSED] - symbols = symbols: null

2019-08-23 18:57:26 - [TEST_STEP][PASSED] - for ([j = 0, j &lt; symbols.size(), (j++)]): null

2019-08-23 18:57:26 - [TEST_STEP][PASSED] - symbol = symbol: null

2019-08-23 18:57:26 - [TEST_STEP][PASSED] - println(symbol): null

2019-08-23 18:57:26 - [TEST_STEP][PASSED] - if (i == 2 &amp;&amp; wildList.indexOf(symbol) != -1): null

2019-08-23 18:57:26 - [TEST_STEP][PASSED] - if (i == 3 &amp;&amp; wildList.indexOf(symbol) != -1): null

2019-08-23 18:57:26 - [TEST_STEP][PASSED] - if (i == 4 &amp;&amp; wildList.indexOf(symbol) != -1): null

2019-08-23 18:57:26 - [TEST_STEP][PASSED] - symbol = symbol: null

2019-08-23 18:57:26 - [TEST_STEP][PASSED] - println(symbol): null

2019-08-23 18:57:26 - [TEST_STEP][PASSED] - if (i == 2 &amp;&amp; wildList.indexOf(symbol) != -1): null

2019-08-23 18:57:26 - [TEST_STEP][PASSED] - if (i == 3 &amp;&amp; wildList.indexOf(symbol) != -1): null

2019-08-23 18:57:26 - [TEST_STEP][PASSED] - if (i == 4 &amp;&amp; wildList.indexOf(symbol) != -1): null

2019-08-23 18:57:26 - [TEST_STEP][PASSED] - symbol = symbol: null

2019-08-23 18:57:26 - [TEST_STEP][PASSED] - println(symbol): null

2019-08-23 18:57:26 - [TEST_STEP][PASSED] - if (i == 2 &amp;&amp; wildList.indexOf(symbol) != -1): null

2019-08-23 18:57:26 - [TEST_STEP][PASSED] - if (i == 3 &amp;&amp; wildList.indexOf(symbol) != -1): null

2019-08-23 18:57:26 - [TEST_STEP][PASSED] - if (i == 4 &amp;&amp; wildList.indexOf(symbol) != -1): null

2019-08-23 18:57:26 - [TEST_STEP][PASSED] - symbols = symbols: null

2019-08-23 18:57:26 - [TEST_STEP][PASSED] - for ([j = 0, j &lt; symbols.size(), (j++)]): null

2019-08-23 18:57:26 - [TEST_STEP][PASSED] - symbol = symbol: null

2019-08-23 18:57:26 - [TEST_STEP][PASSED] - println(symbol): null

2019-08-23 18:57:26 - [TEST_STEP][PASSED] - if (i == 2 &amp;&amp; wildList.indexOf(symbol) != -1): null

2019-08-23 18:57:26 - [TEST_STEP][PASSED] - if (i == 3 &amp;&amp; wildList.indexOf(symbol) != -1): null

2019-08-23 18:57:26 - [TEST_STEP][PASSED] - println("wild found on reel 4, adding counter by 1"): null

2019-08-23 18:57:26 - [TEST_STEP][PASSED] - free_spin_reel_counter[1] = free_spin_reel_counter[1] + 1: null

2019-08-23 18:57:26 - [TEST_STEP][PASSED] - if (i == 4 &amp;&amp; wildList.indexOf(symbol) != -1): null

2019-08-23 18:57:26 - [TEST_STEP][PASSED] - symbol = symbol: null

2019-08-23 18:57:26 - [TEST_STEP][PASSED] - println(symbol): null

2019-08-23 18:57:26 - [TEST_STEP][PASSED] - if (i == 2 &amp;&amp; wildList.indexOf(symbol) != -1): null

2019-08-23 18:57:26 - [TEST_STEP][PASSED] - if (i == 3 &amp;&amp; wildList.indexOf(symbol) != -1): null

2019-08-23 18:57:26 - [TEST_STEP][PASSED] - if (i == 4 &amp;&amp; wildList.indexOf(symbol) != -1): null

2019-08-23 18:57:26 - [TEST_STEP][PASSED] - symbol = symbol: null

2019-08-23 18:57:26 - [TEST_STEP][PASSED] - println(symbol): null

2019-08-23 18:57:26 - [TEST_STEP][PASSED] - if (i == 2 &amp;&amp; wildList.indexOf(symbol) != -1): null

2019-08-23 18:57:26 - [TEST_STEP][PASSED] - if (i == 3 &amp;&amp; wildList.indexOf(symbol) != -1): null

2019-08-23 18:57:26 - [TEST_STEP][PASSED] - if (i == 4 &amp;&amp; wildList.indexOf(symbol) != -1): null

2019-08-23 18:57:26 - [TEST_STEP][PASSED] - symbols = symbols: null

2019-08-23 18:57:26 - [TEST_STEP][PASSED] - for ([j = 0, j &lt; symbols.size(), (j++)]): null

2019-08-23 18:57:26 - [TEST_STEP][PASSED] - symbol = symbol: null

2019-08-23 18:57:26 - [TEST_STEP][PASSED] - println(symbol): null

2019-08-23 18:57:26 - [TEST_STEP][PASSED] - if (i == 2 &amp;&amp; wildList.indexOf(symbol) != -1): null

2019-08-23 18:57:26 - [TEST_STEP][PASSED] - if (i == 3 &amp;&amp; wildList.indexOf(symbol) != -1): null

2019-08-23 18:57:26 - [TEST_STEP][PASSED] - if (i == 4 &amp;&amp; wildList.indexOf(symbol) != -1): null

2019-08-23 18:57:26 - [TEST_STEP][PASSED] - symbol = symbol: null

2019-08-23 18:57:26 - [TEST_STEP][PASSED] - println(symbol): null

2019-08-23 18:57:26 - [TEST_STEP][PASSED] - if (i == 2 &amp;&amp; wildList.indexOf(symbol) != -1): null

2019-08-23 18:57:26 - [TEST_STEP][PASSED] - if (i == 3 &amp;&amp; wildList.indexOf(symbol) != -1): null

2019-08-23 18:57:26 - [TEST_STEP][PASSED] - if (i == 4 &amp;&amp; wildList.indexOf(symbol) != -1): null

2019-08-23 18:57:26 - [TEST_STEP][PASSED] - symbol = symbol: null

2019-08-23 18:57:26 - [TEST_STEP][PASSED] - println(symbol): null

2019-08-23 18:57:26 - [TEST_STEP][PASSED] - if (i == 2 &amp;&amp; wildList.indexOf(symbol) != -1): null

2019-08-23 18:57:26 - [TEST_STEP][PASSED] - if (i == 3 &amp;&amp; wildList.indexOf(symbol) != -1): null

2019-08-23 18:57:26 - [TEST_STEP][PASSED] - if (i == 4 &amp;&amp; wildList.indexOf(symbol) != -1): null

2019-08-23 18:57:26 - [TEST_STEP][PASSED] - free_spin_reel_counter = free_spin_reel_counter: null

2019-08-23 18:57:26 - [TEST_STEP][PASSED] - println("reel 3 wild found: " + free_spin_reel_counter[0]): null

2019-08-23 18:57:26 - [TEST_STEP][PASSED] - println("reel 4 wild found: " + free_spin_reel_counter[1]): null

2019-08-23 18:57:26 - [TEST_STEP][PASSED] - println("reel 5 wild found: " + free_spin_reel_counter[2]): null

2019-08-23 18:57:26 - [TEST_STEP][PASSED] - M4_spin_reels = M4_spin_reels: null

2019-08-23 18:57:26 - [TEST_STEP][PASSED] - M4_spin_reels_symbols = symbol: null

2019-08-23 18:57:26 - [TEST_STEP][PASSED] - M4_spin_reels_symbols = M4_spin_reels_symbols: null

2019-08-23 18:57:26 - [TEST_STEP][PASSED] - M4_spin_reel_wins = reel_wins: null

2019-08-23 18:57:26 - [TEST_STEP][PASSED] - M4_spin_reel_wins = M4_spin_reel_wins: null

2019-08-23 18:57:26 - [TEST_STEP][PASSED] - println("GlobalVariable.M4_spin_reel_wins is: " + M4_spin_reel_wins): null

2019-08-23 18:57:26 - [TEST_STEP][PASSED] - M4_spin_total_bonus_win_this_round = total_bonus_win_this_round: null

2019-08-23 18:57:26 - [TEST_STEP][PASSED] - M4_spin_total_bonus_win_this_round = M4_spin_total_bonus_win_this_round: null

2019-08-23 18:57:26 - [TEST_STEP][PASSED] - println("GlobalVariable.M4_spin_total_bonus_win_this_round is: " + M4_spin_total_bonus_win_this_round): null

2019-08-23 18:57:26 - [TEST_STEP][PASSED] - M4_spin_bonus_spin_result = spin_result: null

2019-08-23 18:57:26 - [TEST_STEP][PASSED] - M4_spin_bonus_spin_result = M4_spin_bonus_spin_result: null

2019-08-23 18:57:26 - [MESSAGE][PASSED] - Verify response successfully

2019-08-23 18:57:26 - [MESSAGE][PASSED] - Send request and verify the response successfully

2019-08-23 18:57:26 - [TEST_STEP][PASSED] - if (free_spin_reel_counter[0] &gt;= 1 &amp;&amp; free_spin_reel_counter[1] &gt;= 1 &amp;&amp; free_spin_reel_counter[2] &gt;= 1): null

2019-08-23 18:57:26 - [TEST_STEP][PASSED] - spin_result = sendRequestAndVerify(findTestObject("INT/RGS(M4)/1_M4_spin", ["M4_login_user_id":M4_login_user_id, "rgs_session_token":rgs_session_token, "partner":Partner])): Send request and verify the response successfully

2019-08-23 18:57:26 - [MESSAGE][INFO] - HAR: /Users/eiralee/Katalon_Script/SuperWild/Reports/20190823_184757/INT/superWild_1/20190823_184757/requests/main/254.har

2019-08-23 18:57:26 - [TEST_CASE][PASSED] - Start Test Case : Verification: Verification accomplished successfully

2019-08-23 18:57:26 - [TEST_STEP][PASSED] - request = getInstance().getCurrentRequest(): null

2019-08-23 18:57:26 - [TEST_STEP][PASSED] - response = getInstance().getCurrentResponse(): null

2019-08-23 18:57:26 - [TEST_STEP][PASSED] - verifyResponseStatusCode(response, 200): Verify response status code successfully

2019-08-23 18:57:26 - [MESSAGE][PASSED] - Verify response status code successfully

2019-08-23 18:57:26 - [TEST_STEP][PASSED] - getStatusCode()).isEqualTo(200): null

2019-08-23 18:57:26 - [TEST_STEP][PASSED] - newline = System.getProperty("line.separator"): null

2019-08-23 18:57:26 - [TEST_STEP][PASSED] - M4_spin = new groovy.json.JsonSlurper(): null

2019-08-23 18:57:26 - [TEST_STEP][PASSED] - result_M4_spin = M4_spin.parseText(response.getResponseBodyContent()): null

2019-08-23 18:57:26 - [TEST_STEP][PASSED] - M4_spin_current_balance = current_balance: null

2019-08-23 18:57:26 - [TEST_STEP][PASSED] - M4_spin_current_balance = M4_spin_current_balance: null

2019-08-23 18:57:26 - [TEST_STEP][PASSED] - M4_spin_transaction_id = causality: null

2019-08-23 18:57:26 - [TEST_STEP][PASSED] - M4_spin_transaction_id = M4_spin_transaction_id: null

2019-08-23 18:57:26 - [TEST_STEP][PASSED] - M4_spin_round_id = round_id: null

2019-08-23 18:57:26 - [TEST_STEP][PASSED] - M4_spin_round_id = M4_spin_round_id: null

2019-08-23 18:57:26 - [TEST_STEP][PASSED] - M4_spin_line_wins = line_wins: null

2019-08-23 18:57:26 - [TEST_STEP][PASSED] - M4_spin_line_wins = M4_spin_line_wins: null

2019-08-23 18:57:26 - [TEST_STEP][PASSED] - M4_total_bonus_spins_int = total_bonus_spins: null

2019-08-23 18:57:26 - [TEST_STEP][PASSED] - println("******M4_total_bonus_spins type is:*******" + newline + getClass().getName()): null

2019-08-23 18:57:26 - [TEST_STEP][PASSED] - M4_total_bonus_spins_int = M4_total_bonus_spins_int: null

2019-08-23 18:57:26 - [TEST_STEP][PASSED] - M4_total_bonus_spins = Integer.toString(M4_total_bonus_spins_int): null

2019-08-23 18:57:26 - [TEST_STEP][PASSED] - M4_total_bonus_spins = M4_total_bonus_spins: null

2019-08-23 18:57:26 - [TEST_STEP][PASSED] - println("M4_total_bonus_spins is:" + M4_total_bonus_spins): null

2019-08-23 18:57:26 - [TEST_STEP][PASSED] - M4_spin_bonus_data = bonus_data: null

2019-08-23 18:57:26 - [TEST_STEP][PASSED] - M4_spin_features_triggered = result_M4_spin: null

2019-08-23 18:57:26 - [TEST_STEP][PASSED] - wild = []: null

2019-08-23 18:57:26 - [TEST_STEP][PASSED] - wild[0] = "WILD_Expanding": null

2019-08-23 18:57:26 - [TEST_STEP][PASSED] - wild[1] = "WILD_Normal": null

2019-08-23 18:57:26 - [TEST_STEP][PASSED] - wild[2] = "WILD_Double": null

2019-08-23 18:57:26 - [TEST_STEP][PASSED] - wild[3] = "WILD_ExtraFG": null

2019-08-23 18:57:26 - [TEST_STEP][PASSED] - wild[4] = "WILD_Triple": null

2019-08-23 18:57:26 - [TEST_STEP][PASSED] - wildList = Arrays.asList(wild): null

2019-08-23 18:57:26 - [TEST_STEP][PASSED] - wildList = wildList: null

2019-08-23 18:57:26 - [TEST_STEP][PASSED] - free_spin_reel_counter = []: null

2019-08-23 18:57:26 - [TEST_STEP][PASSED] - free_spin_reel_counter[0] = 0: null

2019-08-23 18:57:26 - [TEST_STEP][PASSED] - free_spin_reel_counter[1] = 0: null

2019-08-23 18:57:26 - [TEST_STEP][PASSED] - free_spin_reel_counter[2] = 0: null

2019-08-23 18:57:26 - [TEST_STEP][PASSED] - M4_spin_reels = reels: null

2019-08-23 18:57:26 - [TEST_STEP][PASSED] - for ([i = 0, i &lt; M4_spin_reels.size(), (i++)]): null

2019-08-23 18:57:26 - [TEST_STEP][PASSED] - symbols = symbols: null

2019-08-23 18:57:26 - [TEST_STEP][PASSED] - for ([j = 0, j &lt; symbols.size(), (j++)]): null

2019-08-23 18:57:26 - [TEST_STEP][PASSED] - symbol = symbol: null

2019-08-23 18:57:26 - [TEST_STEP][PASSED] - println(symbol): null

2019-08-23 18:57:26 - [TEST_STEP][PASSED] - if (i == 2 &amp;&amp; wildList.indexOf(symbol) != -1): null

2019-08-23 18:57:26 - [TEST_STEP][PASSED] - if (i == 3 &amp;&amp; wildList.indexOf(symbol) != -1): null

2019-08-23 18:57:26 - [TEST_STEP][PASSED] - if (i == 4 &amp;&amp; wildList.indexOf(symbol) != -1): null

2019-08-23 18:57:26 - [TEST_STEP][PASSED] - symbol = symbol: null

2019-08-23 18:57:26 - [TEST_STEP][PASSED] - println(symbol): null

2019-08-23 18:57:26 - [TEST_STEP][PASSED] - if (i == 2 &amp;&amp; wildList.indexOf(symbol) != -1): null

2019-08-23 18:57:26 - [TEST_STEP][PASSED] - if (i == 3 &amp;&amp; wildList.indexOf(symbol) != -1): null

2019-08-23 18:57:26 - [TEST_STEP][PASSED] - if (i == 4 &amp;&amp; wildList.indexOf(symbol) != -1): null

2019-08-23 18:57:26 - [TEST_STEP][PASSED] - symbol = symbol: null

2019-08-23 18:57:26 - [TEST_STEP][PASSED] - println(symbol): null

2019-08-23 18:57:26 - [TEST_STEP][PASSED] - if (i == 2 &amp;&amp; wildList.indexOf(symbol) != -1): null

2019-08-23 18:57:26 - [TEST_STEP][PASSED] - if (i == 3 &amp;&amp; wildList.indexOf(symbol) != -1): null

2019-08-23 18:57:26 - [TEST_STEP][PASSED] - if (i == 4 &amp;&amp; wildList.indexOf(symbol) != -1): null

2019-08-23 18:57:26 - [TEST_STEP][PASSED] - symbols = symbols: null

2019-08-23 18:57:26 - [TEST_STEP][PASSED] - for ([j = 0, j &lt; symbols.size(), (j++)]): null

2019-08-23 18:57:26 - [TEST_STEP][PASSED] - symbol = symbol: null

2019-08-23 18:57:26 - [TEST_STEP][PASSED] - println(symbol): null

2019-08-23 18:57:26 - [TEST_STEP][PASSED] - if (i == 2 &amp;&amp; wildList.indexOf(symbol) != -1): null

2019-08-23 18:57:26 - [TEST_STEP][PASSED] - if (i == 3 &amp;&amp; wildList.indexOf(symbol) != -1): null

2019-08-23 18:57:26 - [TEST_STEP][PASSED] - if (i == 4 &amp;&amp; wildList.indexOf(symbol) != -1): null

2019-08-23 18:57:26 - [TEST_STEP][PASSED] - symbol = symbol: null

2019-08-23 18:57:26 - [TEST_STEP][PASSED] - println(symbol): null

2019-08-23 18:57:26 - [TEST_STEP][PASSED] - if (i == 2 &amp;&amp; wildList.indexOf(symbol) != -1): null

2019-08-23 18:57:26 - [TEST_STEP][PASSED] - if (i == 3 &amp;&amp; wildList.indexOf(symbol) != -1): null

2019-08-23 18:57:26 - [TEST_STEP][PASSED] - if (i == 4 &amp;&amp; wildList.indexOf(symbol) != -1): null

2019-08-23 18:57:26 - [TEST_STEP][PASSED] - symbol = symbol: null

2019-08-23 18:57:26 - [TEST_STEP][PASSED] - println(symbol): null

2019-08-23 18:57:26 - [TEST_STEP][PASSED] - if (i == 2 &amp;&amp; wildList.indexOf(symbol) != -1): null

2019-08-23 18:57:26 - [TEST_STEP][PASSED] - if (i == 3 &amp;&amp; wildList.indexOf(symbol) != -1): null

2019-08-23 18:57:26 - [TEST_STEP][PASSED] - if (i == 4 &amp;&amp; wildList.indexOf(symbol) != -1): null

2019-08-23 18:57:26 - [TEST_STEP][PASSED] - symbols = symbols: null

2019-08-23 18:57:26 - [TEST_STEP][PASSED] - for ([j = 0, j &lt; symbols.size(), (j++)]): null

2019-08-23 18:57:26 - [TEST_STEP][PASSED] - symbol = symbol: null

2019-08-23 18:57:26 - [TEST_STEP][PASSED] - println(symbol): null

2019-08-23 18:57:26 - [TEST_STEP][PASSED] - if (i == 2 &amp;&amp; wildList.indexOf(symbol) != -1): null

2019-08-23 18:57:26 - [TEST_STEP][PASSED] - if (i == 3 &amp;&amp; wildList.indexOf(symbol) != -1): null

2019-08-23 18:57:26 - [TEST_STEP][PASSED] - if (i == 4 &amp;&amp; wildList.indexOf(symbol) != -1): null

2019-08-23 18:57:26 - [TEST_STEP][PASSED] - symbol = symbol: null

2019-08-23 18:57:26 - [TEST_STEP][PASSED] - println(symbol): null

2019-08-23 18:57:26 - [TEST_STEP][PASSED] - if (i == 2 &amp;&amp; wildList.indexOf(symbol) != -1): null

2019-08-23 18:57:26 - [TEST_STEP][PASSED] - if (i == 3 &amp;&amp; wildList.indexOf(symbol) != -1): null

2019-08-23 18:57:26 - [TEST_STEP][PASSED] - if (i == 4 &amp;&amp; wildList.indexOf(symbol) != -1): null

2019-08-23 18:57:26 - [TEST_STEP][PASSED] - symbol = symbol: null

2019-08-23 18:57:26 - [TEST_STEP][PASSED] - println(symbol): null

2019-08-23 18:57:26 - [TEST_STEP][PASSED] - if (i == 2 &amp;&amp; wildList.indexOf(symbol) != -1): null

2019-08-23 18:57:26 - [TEST_STEP][PASSED] - if (i == 3 &amp;&amp; wildList.indexOf(symbol) != -1): null

2019-08-23 18:57:26 - [TEST_STEP][PASSED] - if (i == 4 &amp;&amp; wildList.indexOf(symbol) != -1): null

2019-08-23 18:57:26 - [TEST_STEP][PASSED] - symbols = symbols: null

2019-08-23 18:57:26 - [TEST_STEP][PASSED] - for ([j = 0, j &lt; symbols.size(), (j++)]): null

2019-08-23 18:57:26 - [TEST_STEP][PASSED] - symbol = symbol: null

2019-08-23 18:57:26 - [TEST_STEP][PASSED] - println(symbol): null

2019-08-23 18:57:26 - [TEST_STEP][PASSED] - if (i == 2 &amp;&amp; wildList.indexOf(symbol) != -1): null

2019-08-23 18:57:26 - [TEST_STEP][PASSED] - if (i == 3 &amp;&amp; wildList.indexOf(symbol) != -1): null

2019-08-23 18:57:26 - [TEST_STEP][PASSED] - if (i == 4 &amp;&amp; wildList.indexOf(symbol) != -1): null

2019-08-23 18:57:26 - [TEST_STEP][PASSED] - symbol = symbol: null

2019-08-23 18:57:26 - [TEST_STEP][PASSED] - println(symbol): null

2019-08-23 18:57:26 - [TEST_STEP][PASSED] - if (i == 2 &amp;&amp; wildList.indexOf(symbol) != -1): null

2019-08-23 18:57:26 - [TEST_STEP][PASSED] - if (i == 3 &amp;&amp; wildList.indexOf(symbol) != -1): null

2019-08-23 18:57:26 - [TEST_STEP][PASSED] - println("wild found on reel 4, adding counter by 1"): null

2019-08-23 18:57:26 - [TEST_STEP][PASSED] - free_spin_reel_counter[1] = free_spin_reel_counter[1] + 1: null

2019-08-23 18:57:26 - [TEST_STEP][PASSED] - if (i == 4 &amp;&amp; wildList.indexOf(symbol) != -1): null

2019-08-23 18:57:26 - [TEST_STEP][PASSED] - symbol = symbol: null

2019-08-23 18:57:26 - [TEST_STEP][PASSED] - println(symbol): null

2019-08-23 18:57:26 - [TEST_STEP][PASSED] - if (i == 2 &amp;&amp; wildList.indexOf(symbol) != -1): null

2019-08-23 18:57:26 - [TEST_STEP][PASSED] - if (i == 3 &amp;&amp; wildList.indexOf(symbol) != -1): null

2019-08-23 18:57:26 - [TEST_STEP][PASSED] - if (i == 4 &amp;&amp; wildList.indexOf(symbol) != -1): null

2019-08-23 18:57:26 - [TEST_STEP][PASSED] - symbols = symbols: null

2019-08-23 18:57:26 - [TEST_STEP][PASSED] - for ([j = 0, j &lt; symbols.size(), (j++)]): null

2019-08-23 18:57:26 - [TEST_STEP][PASSED] - symbol = symbol: null

2019-08-23 18:57:26 - [TEST_STEP][PASSED] - println(symbol): null

2019-08-23 18:57:26 - [TEST_STEP][PASSED] - if (i == 2 &amp;&amp; wildList.indexOf(symbol) != -1): null

2019-08-23 18:57:26 - [TEST_STEP][PASSED] - if (i == 3 &amp;&amp; wildList.indexOf(symbol) != -1): null

2019-08-23 18:57:26 - [TEST_STEP][PASSED] - if (i == 4 &amp;&amp; wildList.indexOf(symbol) != -1): null

2019-08-23 18:57:26 - [TEST_STEP][PASSED] - symbol = symbol: null

2019-08-23 18:57:26 - [TEST_STEP][PASSED] - println(symbol): null

2019-08-23 18:57:26 - [TEST_STEP][PASSED] - if (i == 2 &amp;&amp; wildList.indexOf(symbol) != -1): null

2019-08-23 18:57:26 - [TEST_STEP][PASSED] - if (i == 3 &amp;&amp; wildList.indexOf(symbol) != -1): null

2019-08-23 18:57:26 - [TEST_STEP][PASSED] - if (i == 4 &amp;&amp; wildList.indexOf(symbol) != -1): null

2019-08-23 18:57:26 - [TEST_STEP][PASSED] - symbol = symbol: null

2019-08-23 18:57:26 - [TEST_STEP][PASSED] - println(symbol): null

2019-08-23 18:57:26 - [TEST_STEP][PASSED] - if (i == 2 &amp;&amp; wildList.indexOf(symbol) != -1): null

2019-08-23 18:57:26 - [TEST_STEP][PASSED] - if (i == 3 &amp;&amp; wildList.indexOf(symbol) != -1): null

2019-08-23 18:57:26 - [TEST_STEP][PASSED] - if (i == 4 &amp;&amp; wildList.indexOf(symbol) != -1): null

2019-08-23 18:57:26 - [TEST_STEP][PASSED] - free_spin_reel_counter = free_spin_reel_counter: null

2019-08-23 18:57:26 - [TEST_STEP][PASSED] - println("reel 3 wild found: " + free_spin_reel_counter[0]): null

2019-08-23 18:57:26 - [TEST_STEP][PASSED] - println("reel 4 wild found: " + free_spin_reel_counter[1]): null

2019-08-23 18:57:26 - [TEST_STEP][PASSED] - println("reel 5 wild found: " + free_spin_reel_counter[2]): null

2019-08-23 18:57:26 - [TEST_STEP][PASSED] - M4_spin_reels = M4_spin_reels: null

2019-08-23 18:57:28 - [TEST_STEP][PASSED] - M4_spin_reels_symbols = symbol: null

2019-08-23 18:57:28 - [TEST_STEP][PASSED] - M4_spin_reels_symbols = M4_spin_reels_symbols: null

2019-08-23 18:57:28 - [TEST_STEP][PASSED] - M4_spin_reel_wins = reel_wins: null

2019-08-23 18:57:28 - [TEST_STEP][PASSED] - M4_spin_reel_wins = M4_spin_reel_wins: null

2019-08-23 18:57:28 - [TEST_STEP][PASSED] - println("GlobalVariable.M4_spin_reel_wins is: " + M4_spin_reel_wins): null

2019-08-23 18:57:28 - [TEST_STEP][PASSED] - M4_spin_total_bonus_win_this_round = total_bonus_win_this_round: null

2019-08-23 18:57:28 - [TEST_STEP][PASSED] - M4_spin_total_bonus_win_this_round = M4_spin_total_bonus_win_this_round: null

2019-08-23 18:57:28 - [TEST_STEP][PASSED] - println("GlobalVariable.M4_spin_total_bonus_win_this_round is: " + M4_spin_total_bonus_win_this_round): null

2019-08-23 18:57:28 - [TEST_STEP][PASSED] - M4_spin_bonus_spin_result = spin_result: null

2019-08-23 18:57:28 - [TEST_STEP][PASSED] - M4_spin_bonus_spin_result = M4_spin_bonus_spin_result: null

2019-08-23 18:57:28 - [MESSAGE][PASSED] - Verify response successfully

2019-08-23 18:57:28 - [MESSAGE][PASSED] - Send request and verify the response successfully

2019-08-23 18:57:28 - [TEST_STEP][PASSED] - if (free_spin_reel_counter[0] &gt;= 1 &amp;&amp; free_spin_reel_counter[1] &gt;= 1 &amp;&amp; free_spin_reel_counter[2] &gt;= 1): null

2019-08-23 18:57:28 - [TEST_STEP][PASSED] - spin_result = sendRequestAndVerify(findTestObject("INT/RGS(M4)/1_M4_spin", ["M4_login_user_id":M4_login_user_id, "rgs_session_token":rgs_session_token, "partner":Partner])): Send request and verify the response successfully

2019-08-23 18:57:30 - [MESSAGE][INFO] - HAR: /Users/eiralee/Katalon_Script/SuperWild/Reports/20190823_184757/INT/superWild_1/20190823_184757/requests/main/255.har

2019-08-23 18:57:30 - [TEST_CASE][PASSED] - Start Test Case : Verification: Verification accomplished successfully

2019-08-23 18:57:30 - [TEST_STEP][PASSED] - request = getInstance().getCurrentRequest(): null

2019-08-23 18:57:30 - [TEST_STEP][PASSED] - response = getInstance().getCurrentResponse(): null

2019-08-23 18:57:30 - [TEST_STEP][PASSED] - verifyResponseStatusCode(response, 200): Verify response status code successfully

2019-08-23 18:57:30 - [MESSAGE][PASSED] - Verify response status code successfully

2019-08-23 18:57:30 - [TEST_STEP][PASSED] - getStatusCode()).isEqualTo(200): null

2019-08-23 18:57:30 - [TEST_STEP][PASSED] - newline = System.getProperty("line.separator"): null

2019-08-23 18:57:30 - [TEST_STEP][PASSED] - M4_spin = new groovy.json.JsonSlurper(): null

2019-08-23 18:57:30 - [TEST_STEP][PASSED] - result_M4_spin = M4_spin.parseText(response.getResponseBodyContent()): null

2019-08-23 18:57:30 - [TEST_STEP][PASSED] - M4_spin_current_balance = current_balance: null

2019-08-23 18:57:30 - [TEST_STEP][PASSED] - M4_spin_current_balance = M4_spin_current_balance: null

2019-08-23 18:57:30 - [TEST_STEP][PASSED] - M4_spin_transaction_id = causality: null

2019-08-23 18:57:30 - [TEST_STEP][PASSED] - M4_spin_transaction_id = M4_spin_transaction_id: null

2019-08-23 18:57:30 - [TEST_STEP][PASSED] - M4_spin_round_id = round_id: null

2019-08-23 18:57:30 - [TEST_STEP][PASSED] - M4_spin_round_id = M4_spin_round_id: null

2019-08-23 18:57:30 - [TEST_STEP][PASSED] - M4_spin_line_wins = line_wins: null

2019-08-23 18:57:30 - [TEST_STEP][PASSED] - M4_spin_line_wins = M4_spin_line_wins: null

2019-08-23 18:57:30 - [TEST_STEP][PASSED] - M4_total_bonus_spins_int = total_bonus_spins: null

2019-08-23 18:57:30 - [TEST_STEP][PASSED] - println("******M4_total_bonus_spins type is:*******" + newline + getClass().getName()): null

2019-08-23 18:57:30 - [TEST_STEP][PASSED] - M4_total_bonus_spins_int = M4_total_bonus_spins_int: null

2019-08-23 18:57:30 - [TEST_STEP][PASSED] - M4_total_bonus_spins = Integer.toString(M4_total_bonus_spins_int): null

2019-08-23 18:57:30 - [TEST_STEP][PASSED] - M4_total_bonus_spins = M4_total_bonus_spins: null

2019-08-23 18:57:30 - [TEST_STEP][PASSED] - println("M4_total_bonus_spins is:" + M4_total_bonus_spins): null

2019-08-23 18:57:30 - [TEST_STEP][PASSED] - M4_spin_bonus_data = bonus_data: null

2019-08-23 18:57:30 - [TEST_STEP][PASSED] - M4_spin_features_triggered = result_M4_spin: null

2019-08-23 18:57:30 - [TEST_STEP][PASSED] - wild = []: null

2019-08-23 18:57:30 - [TEST_STEP][PASSED] - wild[0] = "WILD_Expanding": null

2019-08-23 18:57:30 - [TEST_STEP][PASSED] - wild[1] = "WILD_Normal": null

2019-08-23 18:57:30 - [TEST_STEP][PASSED] - wild[2] = "WILD_Double": null

2019-08-23 18:57:30 - [TEST_STEP][PASSED] - wild[3] = "WILD_ExtraFG": null

2019-08-23 18:57:30 - [TEST_STEP][PASSED] - wild[4] = "WILD_Triple": null

2019-08-23 18:57:30 - [TEST_STEP][PASSED] - wildList = Arrays.asList(wild): null

2019-08-23 18:57:30 - [TEST_STEP][PASSED] - wildList = wildList: null

2019-08-23 18:57:30 - [TEST_STEP][PASSED] - free_spin_reel_counter = []: null

2019-08-23 18:57:30 - [TEST_STEP][PASSED] - free_spin_reel_counter[0] = 0: null

2019-08-23 18:57:30 - [TEST_STEP][PASSED] - free_spin_reel_counter[1] = 0: null

2019-08-23 18:57:30 - [TEST_STEP][PASSED] - free_spin_reel_counter[2] = 0: null

2019-08-23 18:57:30 - [TEST_STEP][PASSED] - M4_spin_reels = reels: null

2019-08-23 18:57:30 - [TEST_STEP][PASSED] - for ([i = 0, i &lt; M4_spin_reels.size(), (i++)]): null

2019-08-23 18:57:30 - [TEST_STEP][PASSED] - symbols = symbols: null

2019-08-23 18:57:30 - [TEST_STEP][PASSED] - for ([j = 0, j &lt; symbols.size(), (j++)]): null

2019-08-23 18:57:30 - [TEST_STEP][PASSED] - symbol = symbol: null

2019-08-23 18:57:30 - [TEST_STEP][PASSED] - println(symbol): null

2019-08-23 18:57:30 - [TEST_STEP][PASSED] - if (i == 2 &amp;&amp; wildList.indexOf(symbol) != -1): null

2019-08-23 18:57:30 - [TEST_STEP][PASSED] - if (i == 3 &amp;&amp; wildList.indexOf(symbol) != -1): null

2019-08-23 18:57:30 - [TEST_STEP][PASSED] - if (i == 4 &amp;&amp; wildList.indexOf(symbol) != -1): null

2019-08-23 18:57:30 - [TEST_STEP][PASSED] - symbol = symbol: null

2019-08-23 18:57:30 - [TEST_STEP][PASSED] - println(symbol): null

2019-08-23 18:57:30 - [TEST_STEP][PASSED] - if (i == 2 &amp;&amp; wildList.indexOf(symbol) != -1): null

2019-08-23 18:57:30 - [TEST_STEP][PASSED] - if (i == 3 &amp;&amp; wildList.indexOf(symbol) != -1): null

2019-08-23 18:57:30 - [TEST_STEP][PASSED] - if (i == 4 &amp;&amp; wildList.indexOf(symbol) != -1): null

2019-08-23 18:57:30 - [TEST_STEP][PASSED] - symbol = symbol: null

2019-08-23 18:57:30 - [TEST_STEP][PASSED] - println(symbol): null

2019-08-23 18:57:30 - [TEST_STEP][PASSED] - if (i == 2 &amp;&amp; wildList.indexOf(symbol) != -1): null

2019-08-23 18:57:30 - [TEST_STEP][PASSED] - if (i == 3 &amp;&amp; wildList.indexOf(symbol) != -1): null

2019-08-23 18:57:30 - [TEST_STEP][PASSED] - if (i == 4 &amp;&amp; wildList.indexOf(symbol) != -1): null

2019-08-23 18:57:30 - [TEST_STEP][PASSED] - symbols = symbols: null

2019-08-23 18:57:30 - [TEST_STEP][PASSED] - for ([j = 0, j &lt; symbols.size(), (j++)]): null

2019-08-23 18:57:30 - [TEST_STEP][PASSED] - symbol = symbol: null

2019-08-23 18:57:30 - [TEST_STEP][PASSED] - println(symbol): null

2019-08-23 18:57:30 - [TEST_STEP][PASSED] - if (i == 2 &amp;&amp; wildList.indexOf(symbol) != -1): null

2019-08-23 18:57:30 - [TEST_STEP][PASSED] - if (i == 3 &amp;&amp; wildList.indexOf(symbol) != -1): null

2019-08-23 18:57:30 - [TEST_STEP][PASSED] - if (i == 4 &amp;&amp; wildList.indexOf(symbol) != -1): null

2019-08-23 18:57:30 - [TEST_STEP][PASSED] - symbol = symbol: null

2019-08-23 18:57:30 - [TEST_STEP][PASSED] - println(symbol): null

2019-08-23 18:57:30 - [TEST_STEP][PASSED] - if (i == 2 &amp;&amp; wildList.indexOf(symbol) != -1): null

2019-08-23 18:57:30 - [TEST_STEP][PASSED] - if (i == 3 &amp;&amp; wildList.indexOf(symbol) != -1): null

2019-08-23 18:57:30 - [TEST_STEP][PASSED] - if (i == 4 &amp;&amp; wildList.indexOf(symbol) != -1): null

2019-08-23 18:57:30 - [TEST_STEP][PASSED] - symbol = symbol: null

2019-08-23 18:57:30 - [TEST_STEP][PASSED] - println(symbol): null

2019-08-23 18:57:30 - [TEST_STEP][PASSED] - if (i == 2 &amp;&amp; wildList.indexOf(symbol) != -1): null

2019-08-23 18:57:30 - [TEST_STEP][PASSED] - if (i == 3 &amp;&amp; wildList.indexOf(symbol) != -1): null

2019-08-23 18:57:30 - [TEST_STEP][PASSED] - if (i == 4 &amp;&amp; wildList.indexOf(symbol) != -1): null

2019-08-23 18:57:30 - [TEST_STEP][PASSED] - symbols = symbols: null

2019-08-23 18:57:30 - [TEST_STEP][PASSED] - for ([j = 0, j &lt; symbols.size(), (j++)]): null

2019-08-23 18:57:30 - [TEST_STEP][PASSED] - symbol = symbol: null

2019-08-23 18:57:30 - [TEST_STEP][PASSED] - println(symbol): null

2019-08-23 18:57:30 - [TEST_STEP][PASSED] - if (i == 2 &amp;&amp; wildList.indexOf(symbol) != -1): null

2019-08-23 18:57:30 - [TEST_STEP][PASSED] - if (i == 3 &amp;&amp; wildList.indexOf(symbol) != -1): null

2019-08-23 18:57:30 - [TEST_STEP][PASSED] - if (i == 4 &amp;&amp; wildList.indexOf(symbol) != -1): null

2019-08-23 18:57:30 - [TEST_STEP][PASSED] - symbol = symbol: null

2019-08-23 18:57:30 - [TEST_STEP][PASSED] - println(symbol): null

2019-08-23 18:57:30 - [TEST_STEP][PASSED] - if (i == 2 &amp;&amp; wildList.indexOf(symbol) != -1): null

2019-08-23 18:57:30 - [TEST_STEP][PASSED] - if (i == 3 &amp;&amp; wildList.indexOf(symbol) != -1): null

2019-08-23 18:57:30 - [TEST_STEP][PASSED] - if (i == 4 &amp;&amp; wildList.indexOf(symbol) != -1): null

2019-08-23 18:57:30 - [TEST_STEP][PASSED] - symbol = symbol: null

2019-08-23 18:57:30 - [TEST_STEP][PASSED] - println(symbol): null

2019-08-23 18:57:30 - [TEST_STEP][PASSED] - if (i == 2 &amp;&amp; wildList.indexOf(symbol) != -1): null

2019-08-23 18:57:30 - [TEST_STEP][PASSED] - if (i == 3 &amp;&amp; wildList.indexOf(symbol) != -1): null

2019-08-23 18:57:30 - [TEST_STEP][PASSED] - if (i == 4 &amp;&amp; wildList.indexOf(symbol) != -1): null

2019-08-23 18:57:30 - [TEST_STEP][PASSED] - symbols = symbols: null

2019-08-23 18:57:30 - [TEST_STEP][PASSED] - for ([j = 0, j &lt; symbols.size(), (j++)]): null

2019-08-23 18:57:30 - [TEST_STEP][PASSED] - symbol = symbol: null

2019-08-23 18:57:30 - [TEST_STEP][PASSED] - println(symbol): null

2019-08-23 18:57:30 - [TEST_STEP][PASSED] - if (i == 2 &amp;&amp; wildList.indexOf(symbol) != -1): null

2019-08-23 18:57:30 - [TEST_STEP][PASSED] - if (i == 3 &amp;&amp; wildList.indexOf(symbol) != -1): null

2019-08-23 18:57:30 - [TEST_STEP][PASSED] - if (i == 4 &amp;&amp; wildList.indexOf(symbol) != -1): null

2019-08-23 18:57:30 - [TEST_STEP][PASSED] - symbol = symbol: null

2019-08-23 18:57:30 - [TEST_STEP][PASSED] - println(symbol): null

2019-08-23 18:57:30 - [TEST_STEP][PASSED] - if (i == 2 &amp;&amp; wildList.indexOf(symbol) != -1): null

2019-08-23 18:57:30 - [TEST_STEP][PASSED] - if (i == 3 &amp;&amp; wildList.indexOf(symbol) != -1): null

2019-08-23 18:57:30 - [TEST_STEP][PASSED] - println("wild found on reel 4, adding counter by 1"): null

2019-08-23 18:57:30 - [TEST_STEP][PASSED] - free_spin_reel_counter[1] = free_spin_reel_counter[1] + 1: null

2019-08-23 18:57:30 - [TEST_STEP][PASSED] - if (i == 4 &amp;&amp; wildList.indexOf(symbol) != -1): null

2019-08-23 18:57:30 - [TEST_STEP][PASSED] - symbol = symbol: null

2019-08-23 18:57:30 - [TEST_STEP][PASSED] - println(symbol): null

2019-08-23 18:57:30 - [TEST_STEP][PASSED] - if (i == 2 &amp;&amp; wildList.indexOf(symbol) != -1): null

2019-08-23 18:57:30 - [TEST_STEP][PASSED] - if (i == 3 &amp;&amp; wildList.indexOf(symbol) != -1): null

2019-08-23 18:57:30 - [TEST_STEP][PASSED] - if (i == 4 &amp;&amp; wildList.indexOf(symbol) != -1): null

2019-08-23 18:57:30 - [TEST_STEP][PASSED] - symbols = symbols: null

2019-08-23 18:57:30 - [TEST_STEP][PASSED] - for ([j = 0, j &lt; symbols.size(), (j++)]): null

2019-08-23 18:57:30 - [TEST_STEP][PASSED] - symbol = symbol: null

2019-08-23 18:57:30 - [TEST_STEP][PASSED] - println(symbol): null

2019-08-23 18:57:30 - [TEST_STEP][PASSED] - if (i == 2 &amp;&amp; wildList.indexOf(symbol) != -1): null

2019-08-23 18:57:30 - [TEST_STEP][PASSED] - if (i == 3 &amp;&amp; wildList.indexOf(symbol) != -1): null

2019-08-23 18:57:30 - [TEST_STEP][PASSED] - if (i == 4 &amp;&amp; wildList.indexOf(symbol) != -1): null

2019-08-23 18:57:30 - [TEST_STEP][PASSED] - symbol = symbol: null

2019-08-23 18:57:30 - [TEST_STEP][PASSED] - println(symbol): null

2019-08-23 18:57:30 - [TEST_STEP][PASSED] - if (i == 2 &amp;&amp; wildList.indexOf(symbol) != -1): null

2019-08-23 18:57:30 - [TEST_STEP][PASSED] - if (i == 3 &amp;&amp; wildList.indexOf(symbol) != -1): null

2019-08-23 18:57:30 - [TEST_STEP][PASSED] - if (i == 4 &amp;&amp; wildList.indexOf(symbol) != -1): null

2019-08-23 18:57:30 - [TEST_STEP][PASSED] - println("wild found on reel 5, adding counter by 1"): null

2019-08-23 18:57:30 - [TEST_STEP][PASSED] - free_spin_reel_counter[2] = free_spin_reel_counter[2] + 1: null

2019-08-23 18:57:30 - [TEST_STEP][PASSED] - symbol = symbol: null

2019-08-23 18:57:30 - [TEST_STEP][PASSED] - println(symbol): null

2019-08-23 18:57:30 - [TEST_STEP][PASSED] - if (i == 2 &amp;&amp; wildList.indexOf(symbol) != -1): null

2019-08-23 18:57:30 - [TEST_STEP][PASSED] - if (i == 3 &amp;&amp; wildList.indexOf(symbol) != -1): null

2019-08-23 18:57:30 - [TEST_STEP][PASSED] - if (i == 4 &amp;&amp; wildList.indexOf(symbol) != -1): null

2019-08-23 18:57:30 - [TEST_STEP][PASSED] - free_spin_reel_counter = free_spin_reel_counter: null

2019-08-23 18:57:30 - [TEST_STEP][PASSED] - println("reel 3 wild found: " + free_spin_reel_counter[0]): null

2019-08-23 18:57:30 - [TEST_STEP][PASSED] - println("reel 4 wild found: " + free_spin_reel_counter[1]): null

2019-08-23 18:57:30 - [TEST_STEP][PASSED] - println("reel 5 wild found: " + free_spin_reel_counter[2]): null

2019-08-23 18:57:30 - [TEST_STEP][PASSED] - M4_spin_reels = M4_spin_reels: null

2019-08-23 18:57:30 - [TEST_STEP][PASSED] - M4_spin_reels_symbols = symbol: null

2019-08-23 18:57:30 - [TEST_STEP][PASSED] - M4_spin_reels_symbols = M4_spin_reels_symbols: null

2019-08-23 18:57:30 - [TEST_STEP][PASSED] - M4_spin_reel_wins = reel_wins: null

2019-08-23 18:57:30 - [TEST_STEP][PASSED] - M4_spin_reel_wins = M4_spin_reel_wins: null

2019-08-23 18:57:30 - [TEST_STEP][PASSED] - println("GlobalVariable.M4_spin_reel_wins is: " + M4_spin_reel_wins): null

2019-08-23 18:57:30 - [TEST_STEP][PASSED] - M4_spin_total_bonus_win_this_round = total_bonus_win_this_round: null

2019-08-23 18:57:30 - [TEST_STEP][PASSED] - M4_spin_total_bonus_win_this_round = M4_spin_total_bonus_win_this_round: null

2019-08-23 18:57:30 - [TEST_STEP][PASSED] - println("GlobalVariable.M4_spin_total_bonus_win_this_round is: " + M4_spin_total_bonus_win_this_round): null

2019-08-23 18:57:30 - [TEST_STEP][PASSED] - M4_spin_bonus_spin_result = spin_result: null

2019-08-23 18:57:30 - [TEST_STEP][PASSED] - M4_spin_bonus_spin_result = M4_spin_bonus_spin_result: null

2019-08-23 18:57:30 - [MESSAGE][PASSED] - Verify response successfully

2019-08-23 18:57:30 - [MESSAGE][PASSED] - Send request and verify the response successfully

2019-08-23 18:57:30 - [TEST_STEP][PASSED] - if (free_spin_reel_counter[0] &gt;= 1 &amp;&amp; free_spin_reel_counter[1] &gt;= 1 &amp;&amp; free_spin_reel_counter[2] &gt;= 1): null

2019-08-23 18:57:30 - [TEST_STEP][PASSED] - spin_result = sendRequestAndVerify(findTestObject("INT/RGS(M4)/1_M4_spin", ["M4_login_user_id":M4_login_user_id, "rgs_session_token":rgs_session_token, "partner":Partner])): Send request and verify the response successfully

2019-08-23 18:57:31 - [MESSAGE][INFO] - HAR: /Users/eiralee/Katalon_Script/SuperWild/Reports/20190823_184757/INT/superWild_1/20190823_184757/requests/main/256.har

2019-08-23 18:57:31 - [TEST_CASE][PASSED] - Start Test Case : Verification: Verification accomplished successfully

2019-08-23 18:57:31 - [TEST_STEP][PASSED] - request = getInstance().getCurrentRequest(): null

2019-08-23 18:57:31 - [TEST_STEP][PASSED] - response = getInstance().getCurrentResponse(): null

2019-08-23 18:57:31 - [TEST_STEP][PASSED] - verifyResponseStatusCode(response, 200): Verify response status code successfully

2019-08-23 18:57:31 - [MESSAGE][PASSED] - Verify response status code successfully

2019-08-23 18:57:31 - [TEST_STEP][PASSED] - getStatusCode()).isEqualTo(200): null

2019-08-23 18:57:31 - [TEST_STEP][PASSED] - newline = System.getProperty("line.separator"): null

2019-08-23 18:57:31 - [TEST_STEP][PASSED] - M4_spin = new groovy.json.JsonSlurper(): null

2019-08-23 18:57:31 - [TEST_STEP][PASSED] - result_M4_spin = M4_spin.parseText(response.getResponseBodyContent()): null

2019-08-23 18:57:31 - [TEST_STEP][PASSED] - M4_spin_current_balance = current_balance: null

2019-08-23 18:57:31 - [TEST_STEP][PASSED] - M4_spin_current_balance = M4_spin_current_balance: null

2019-08-23 18:57:31 - [TEST_STEP][PASSED] - M4_spin_transaction_id = causality: null

2019-08-23 18:57:31 - [TEST_STEP][PASSED] - M4_spin_transaction_id = M4_spin_transaction_id: null

2019-08-23 18:57:31 - [TEST_STEP][PASSED] - M4_spin_round_id = round_id: null

2019-08-23 18:57:31 - [TEST_STEP][PASSED] - M4_spin_round_id = M4_spin_round_id: null

2019-08-23 18:57:31 - [TEST_STEP][PASSED] - M4_spin_line_wins = line_wins: null

2019-08-23 18:57:31 - [TEST_STEP][PASSED] - M4_spin_line_wins = M4_spin_line_wins: null

2019-08-23 18:57:31 - [TEST_STEP][PASSED] - M4_total_bonus_spins_int = total_bonus_spins: null

2019-08-23 18:57:31 - [TEST_STEP][PASSED] - println("******M4_total_bonus_spins type is:*******" + newline + getClass().getName()): null

2019-08-23 18:57:31 - [TEST_STEP][PASSED] - M4_total_bonus_spins_int = M4_total_bonus_spins_int: null

2019-08-23 18:57:31 - [TEST_STEP][PASSED] - M4_total_bonus_spins = Integer.toString(M4_total_bonus_spins_int): null

2019-08-23 18:57:31 - [TEST_STEP][PASSED] - M4_total_bonus_spins = M4_total_bonus_spins: null

2019-08-23 18:57:31 - [TEST_STEP][PASSED] - println("M4_total_bonus_spins is:" + M4_total_bonus_spins): null

2019-08-23 18:57:31 - [TEST_STEP][PASSED] - M4_spin_bonus_data = bonus_data: null

2019-08-23 18:57:31 - [TEST_STEP][PASSED] - M4_spin_features_triggered = result_M4_spin: null

2019-08-23 18:57:31 - [TEST_STEP][PASSED] - wild = []: null

2019-08-23 18:57:31 - [TEST_STEP][PASSED] - wild[0] = "WILD_Expanding": null

2019-08-23 18:57:31 - [TEST_STEP][PASSED] - wild[1] = "WILD_Normal": null

2019-08-23 18:57:31 - [TEST_STEP][PASSED] - wild[2] = "WILD_Double": null

2019-08-23 18:57:31 - [TEST_STEP][PASSED] - wild[3] = "WILD_ExtraFG": null

2019-08-23 18:57:31 - [TEST_STEP][PASSED] - wild[4] = "WILD_Triple": null

2019-08-23 18:57:31 - [TEST_STEP][PASSED] - wildList = Arrays.asList(wild): null

2019-08-23 18:57:31 - [TEST_STEP][PASSED] - wildList = wildList: null

2019-08-23 18:57:31 - [TEST_STEP][PASSED] - free_spin_reel_counter = []: null

2019-08-23 18:57:31 - [TEST_STEP][PASSED] - free_spin_reel_counter[0] = 0: null

2019-08-23 18:57:31 - [TEST_STEP][PASSED] - free_spin_reel_counter[1] = 0: null

2019-08-23 18:57:31 - [TEST_STEP][PASSED] - free_spin_reel_counter[2] = 0: null

2019-08-23 18:57:31 - [TEST_STEP][PASSED] - M4_spin_reels = reels: null

2019-08-23 18:57:31 - [TEST_STEP][PASSED] - for ([i = 0, i &lt; M4_spin_reels.size(), (i++)]): null

2019-08-23 18:57:31 - [TEST_STEP][PASSED] - symbols = symbols: null

2019-08-23 18:57:31 - [TEST_STEP][PASSED] - for ([j = 0, j &lt; symbols.size(), (j++)]): null

2019-08-23 18:57:31 - [TEST_STEP][PASSED] - symbol = symbol: null

2019-08-23 18:57:31 - [TEST_STEP][PASSED] - println(symbol): null

2019-08-23 18:57:31 - [TEST_STEP][PASSED] - if (i == 2 &amp;&amp; wildList.indexOf(symbol) != -1): null

2019-08-23 18:57:31 - [TEST_STEP][PASSED] - if (i == 3 &amp;&amp; wildList.indexOf(symbol) != -1): null

2019-08-23 18:57:31 - [TEST_STEP][PASSED] - if (i == 4 &amp;&amp; wildList.indexOf(symbol) != -1): null

2019-08-23 18:57:31 - [TEST_STEP][PASSED] - symbol = symbol: null

2019-08-23 18:57:31 - [TEST_STEP][PASSED] - println(symbol): null

2019-08-23 18:57:31 - [TEST_STEP][PASSED] - if (i == 2 &amp;&amp; wildList.indexOf(symbol) != -1): null

2019-08-23 18:57:31 - [TEST_STEP][PASSED] - if (i == 3 &amp;&amp; wildList.indexOf(symbol) != -1): null

2019-08-23 18:57:31 - [TEST_STEP][PASSED] - if (i == 4 &amp;&amp; wildList.indexOf(symbol) != -1): null

2019-08-23 18:57:31 - [TEST_STEP][PASSED] - symbol = symbol: null

2019-08-23 18:57:31 - [TEST_STEP][PASSED] - println(symbol): null

2019-08-23 18:57:31 - [TEST_STEP][PASSED] - if (i == 2 &amp;&amp; wildList.indexOf(symbol) != -1): null

2019-08-23 18:57:31 - [TEST_STEP][PASSED] - if (i == 3 &amp;&amp; wildList.indexOf(symbol) != -1): null

2019-08-23 18:57:31 - [TEST_STEP][PASSED] - if (i == 4 &amp;&amp; wildList.indexOf(symbol) != -1): null

2019-08-23 18:57:31 - [TEST_STEP][PASSED] - symbols = symbols: null

2019-08-23 18:57:31 - [TEST_STEP][PASSED] - for ([j = 0, j &lt; symbols.size(), (j++)]): null

2019-08-23 18:57:31 - [TEST_STEP][PASSED] - symbol = symbol: null

2019-08-23 18:57:31 - [TEST_STEP][PASSED] - println(symbol): null

2019-08-23 18:57:31 - [TEST_STEP][PASSED] - if (i == 2 &amp;&amp; wildList.indexOf(symbol) != -1): null

2019-08-23 18:57:31 - [TEST_STEP][PASSED] - if (i == 3 &amp;&amp; wildList.indexOf(symbol) != -1): null

2019-08-23 18:57:31 - [TEST_STEP][PASSED] - if (i == 4 &amp;&amp; wildList.indexOf(symbol) != -1): null

2019-08-23 18:57:31 - [TEST_STEP][PASSED] - symbol = symbol: null

2019-08-23 18:57:31 - [TEST_STEP][PASSED] - println(symbol): null

2019-08-23 18:57:31 - [TEST_STEP][PASSED] - if (i == 2 &amp;&amp; wildList.indexOf(symbol) != -1): null

2019-08-23 18:57:31 - [TEST_STEP][PASSED] - if (i == 3 &amp;&amp; wildList.indexOf(symbol) != -1): null

2019-08-23 18:57:31 - [TEST_STEP][PASSED] - if (i == 4 &amp;&amp; wildList.indexOf(symbol) != -1): null

2019-08-23 18:57:31 - [TEST_STEP][PASSED] - symbol = symbol: null

2019-08-23 18:57:31 - [TEST_STEP][PASSED] - println(symbol): null

2019-08-23 18:57:31 - [TEST_STEP][PASSED] - if (i == 2 &amp;&amp; wildList.indexOf(symbol) != -1): null

2019-08-23 18:57:31 - [TEST_STEP][PASSED] - if (i == 3 &amp;&amp; wildList.indexOf(symbol) != -1): null

2019-08-23 18:57:31 - [TEST_STEP][PASSED] - if (i == 4 &amp;&amp; wildList.indexOf(symbol) != -1): null

2019-08-23 18:57:31 - [TEST_STEP][PASSED] - symbols = symbols: null

2019-08-23 18:57:31 - [TEST_STEP][PASSED] - for ([j = 0, j &lt; symbols.size(), (j++)]): null

2019-08-23 18:57:31 - [TEST_STEP][PASSED] - symbol = symbol: null

2019-08-23 18:57:31 - [TEST_STEP][PASSED] - println(symbol): null

2019-08-23 18:57:31 - [TEST_STEP][PASSED] - if (i == 2 &amp;&amp; wildList.indexOf(symbol) != -1): null

2019-08-23 18:57:31 - [TEST_STEP][PASSED] - println("wild found on reel 3, adding counter by 1"): null

2019-08-23 18:57:31 - [TEST_STEP][PASSED] - free_spin_reel_counter[0] = free_spin_reel_counter[0] + 1: null

2019-08-23 18:57:31 - [TEST_STEP][PASSED] - if (i == 3 &amp;&amp; wildList.indexOf(symbol) != -1): null

2019-08-23 18:57:31 - [TEST_STEP][PASSED] - if (i == 4 &amp;&amp; wildList.indexOf(symbol) != -1): null

2019-08-23 18:57:31 - [TEST_STEP][PASSED] - symbol = symbol: null

2019-08-23 18:57:31 - [TEST_STEP][PASSED] - println(symbol): null

2019-08-23 18:57:31 - [TEST_STEP][PASSED] - if (i == 2 &amp;&amp; wildList.indexOf(symbol) != -1): null

2019-08-23 18:57:31 - [TEST_STEP][PASSED] - if (i == 3 &amp;&amp; wildList.indexOf(symbol) != -1): null

2019-08-23 18:57:31 - [TEST_STEP][PASSED] - if (i == 4 &amp;&amp; wildList.indexOf(symbol) != -1): null

2019-08-23 18:57:31 - [TEST_STEP][PASSED] - symbol = symbol: null

2019-08-23 18:57:31 - [TEST_STEP][PASSED] - println(symbol): null

2019-08-23 18:57:31 - [TEST_STEP][PASSED] - if (i == 2 &amp;&amp; wildList.indexOf(symbol) != -1): null

2019-08-23 18:57:31 - [TEST_STEP][PASSED] - if (i == 3 &amp;&amp; wildList.indexOf(symbol) != -1): null

2019-08-23 18:57:31 - [TEST_STEP][PASSED] - if (i == 4 &amp;&amp; wildList.indexOf(symbol) != -1): null

2019-08-23 18:57:31 - [TEST_STEP][PASSED] - symbols = symbols: null

2019-08-23 18:57:31 - [TEST_STEP][PASSED] - for ([j = 0, j &lt; symbols.size(), (j++)]): null

2019-08-23 18:57:31 - [TEST_STEP][PASSED] - symbol = symbol: null

2019-08-23 18:57:31 - [TEST_STEP][PASSED] - println(symbol): null

2019-08-23 18:57:31 - [TEST_STEP][PASSED] - if (i == 2 &amp;&amp; wildList.indexOf(symbol) != -1): null

2019-08-23 18:57:31 - [TEST_STEP][PASSED] - if (i == 3 &amp;&amp; wildList.indexOf(symbol) != -1): null

2019-08-23 18:57:31 - [TEST_STEP][PASSED] - if (i == 4 &amp;&amp; wildList.indexOf(symbol) != -1): null

2019-08-23 18:57:31 - [TEST_STEP][PASSED] - symbol = symbol: null

2019-08-23 18:57:31 - [TEST_STEP][PASSED] - println(symbol): null

2019-08-23 18:57:31 - [TEST_STEP][PASSED] - if (i == 2 &amp;&amp; wildList.indexOf(symbol) != -1): null

2019-08-23 18:57:31 - [TEST_STEP][PASSED] - if (i == 3 &amp;&amp; wildList.indexOf(symbol) != -1): null

2019-08-23 18:57:31 - [TEST_STEP][PASSED] - if (i == 4 &amp;&amp; wildList.indexOf(symbol) != -1): null

2019-08-23 18:57:31 - [TEST_STEP][PASSED] - symbol = symbol: null

2019-08-23 18:57:31 - [TEST_STEP][PASSED] - println(symbol): null

2019-08-23 18:57:31 - [TEST_STEP][PASSED] - if (i == 2 &amp;&amp; wildList.indexOf(symbol) != -1): null

2019-08-23 18:57:31 - [TEST_STEP][PASSED] - if (i == 3 &amp;&amp; wildList.indexOf(symbol) != -1): null

2019-08-23 18:57:31 - [TEST_STEP][PASSED] - if (i == 4 &amp;&amp; wildList.indexOf(symbol) != -1): null

2019-08-23 18:57:31 - [TEST_STEP][PASSED] - symbols = symbols: null

2019-08-23 18:57:31 - [TEST_STEP][PASSED] - for ([j = 0, j &lt; symbols.size(), (j++)]): null

2019-08-23 18:57:31 - [TEST_STEP][PASSED] - symbol = symbol: null

2019-08-23 18:57:31 - [TEST_STEP][PASSED] - println(symbol): null

2019-08-23 18:57:31 - [TEST_STEP][PASSED] - if (i == 2 &amp;&amp; wildList.indexOf(symbol) != -1): null

2019-08-23 18:57:31 - [TEST_STEP][PASSED] - if (i == 3 &amp;&amp; wildList.indexOf(symbol) != -1): null

2019-08-23 18:57:31 - [TEST_STEP][PASSED] - if (i == 4 &amp;&amp; wildList.indexOf(symbol) != -1): null

2019-08-23 18:57:31 - [TEST_STEP][PASSED] - symbol = symbol: null

2019-08-23 18:57:31 - [TEST_STEP][PASSED] - println(symbol): null

2019-08-23 18:57:31 - [TEST_STEP][PASSED] - if (i == 2 &amp;&amp; wildList.indexOf(symbol) != -1): null

2019-08-23 18:57:31 - [TEST_STEP][PASSED] - if (i == 3 &amp;&amp; wildList.indexOf(symbol) != -1): null

2019-08-23 18:57:31 - [TEST_STEP][PASSED] - if (i == 4 &amp;&amp; wildList.indexOf(symbol) != -1): null

2019-08-23 18:57:31 - [TEST_STEP][PASSED] - symbol = symbol: null

2019-08-23 18:57:31 - [TEST_STEP][PASSED] - println(symbol): null

2019-08-23 18:57:31 - [TEST_STEP][PASSED] - if (i == 2 &amp;&amp; wildList.indexOf(symbol) != -1): null

2019-08-23 18:57:31 - [TEST_STEP][PASSED] - if (i == 3 &amp;&amp; wildList.indexOf(symbol) != -1): null

2019-08-23 18:57:31 - [TEST_STEP][PASSED] - if (i == 4 &amp;&amp; wildList.indexOf(symbol) != -1): null

2019-08-23 18:57:31 - [TEST_STEP][PASSED] - free_spin_reel_counter = free_spin_reel_counter: null

2019-08-23 18:57:31 - [TEST_STEP][PASSED] - println("reel 3 wild found: " + free_spin_reel_counter[0]): null

2019-08-23 18:57:31 - [TEST_STEP][PASSED] - println("reel 4 wild found: " + free_spin_reel_counter[1]): null

2019-08-23 18:57:31 - [TEST_STEP][PASSED] - println("reel 5 wild found: " + free_spin_reel_counter[2]): null

2019-08-23 18:57:31 - [TEST_STEP][PASSED] - M4_spin_reels = M4_spin_reels: null

2019-08-23 18:57:31 - [TEST_STEP][PASSED] - M4_spin_reels_symbols = symbol: null

2019-08-23 18:57:31 - [TEST_STEP][PASSED] - M4_spin_reels_symbols = M4_spin_reels_symbols: null

2019-08-23 18:57:31 - [TEST_STEP][PASSED] - M4_spin_reel_wins = reel_wins: null

2019-08-23 18:57:31 - [TEST_STEP][PASSED] - M4_spin_reel_wins = M4_spin_reel_wins: null

2019-08-23 18:57:31 - [TEST_STEP][PASSED] - println("GlobalVariable.M4_spin_reel_wins is: " + M4_spin_reel_wins): null

2019-08-23 18:57:31 - [TEST_STEP][PASSED] - M4_spin_total_bonus_win_this_round = total_bonus_win_this_round: null

2019-08-23 18:57:31 - [TEST_STEP][PASSED] - M4_spin_total_bonus_win_this_round = M4_spin_total_bonus_win_this_round: null

2019-08-23 18:57:31 - [TEST_STEP][PASSED] - println("GlobalVariable.M4_spin_total_bonus_win_this_round is: " + M4_spin_total_bonus_win_this_round): null

2019-08-23 18:57:31 - [TEST_STEP][PASSED] - M4_spin_bonus_spin_result = spin_result: null

2019-08-23 18:57:31 - [TEST_STEP][PASSED] - M4_spin_bonus_spin_result = M4_spin_bonus_spin_result: null

2019-08-23 18:57:31 - [MESSAGE][PASSED] - Verify response successfully

2019-08-23 18:57:31 - [MESSAGE][PASSED] - Send request and verify the response successfully

2019-08-23 18:57:31 - [TEST_STEP][PASSED] - if (free_spin_reel_counter[0] &gt;= 1 &amp;&amp; free_spin_reel_counter[1] &gt;= 1 &amp;&amp; free_spin_reel_counter[2] &gt;= 1): null

2019-08-23 18:57:31 - [TEST_STEP][PASSED] - spin_result = sendRequestAndVerify(findTestObject("INT/RGS(M4)/1_M4_spin", ["M4_login_user_id":M4_login_user_id, "rgs_session_token":rgs_session_token, "partner":Partner])): Send request and verify the response successfully

2019-08-23 18:57:31 - [MESSAGE][INFO] - HAR: /Users/eiralee/Katalon_Script/SuperWild/Reports/20190823_184757/INT/superWild_1/20190823_184757/requests/main/257.har

2019-08-23 18:57:31 - [TEST_CASE][PASSED] - Start Test Case : Verification: Verification accomplished successfully

2019-08-23 18:57:31 - [TEST_STEP][PASSED] - request = getInstance().getCurrentRequest(): null

2019-08-23 18:57:31 - [TEST_STEP][PASSED] - response = getInstance().getCurrentResponse(): null

2019-08-23 18:57:31 - [TEST_STEP][PASSED] - verifyResponseStatusCode(response, 200): Verify response status code successfully

2019-08-23 18:57:31 - [MESSAGE][PASSED] - Verify response status code successfully

2019-08-23 18:57:31 - [TEST_STEP][PASSED] - getStatusCode()).isEqualTo(200): null

2019-08-23 18:57:31 - [TEST_STEP][PASSED] - newline = System.getProperty("line.separator"): null

2019-08-23 18:57:31 - [TEST_STEP][PASSED] - M4_spin = new groovy.json.JsonSlurper(): null

2019-08-23 18:57:31 - [TEST_STEP][PASSED] - result_M4_spin = M4_spin.parseText(response.getResponseBodyContent()): null

2019-08-23 18:57:31 - [TEST_STEP][PASSED] - M4_spin_current_balance = current_balance: null

2019-08-23 18:57:31 - [TEST_STEP][PASSED] - M4_spin_current_balance = M4_spin_current_balance: null

2019-08-23 18:57:31 - [TEST_STEP][PASSED] - M4_spin_transaction_id = causality: null

2019-08-23 18:57:31 - [TEST_STEP][PASSED] - M4_spin_transaction_id = M4_spin_transaction_id: null

2019-08-23 18:57:31 - [TEST_STEP][PASSED] - M4_spin_round_id = round_id: null

2019-08-23 18:57:31 - [TEST_STEP][PASSED] - M4_spin_round_id = M4_spin_round_id: null

2019-08-23 18:57:32 - [TEST_STEP][PASSED] - M4_spin_line_wins = line_wins: null

2019-08-23 18:57:32 - [TEST_STEP][PASSED] - M4_spin_line_wins = M4_spin_line_wins: null

2019-08-23 18:57:32 - [TEST_STEP][PASSED] - M4_total_bonus_spins_int = total_bonus_spins: null

2019-08-23 18:57:32 - [TEST_STEP][PASSED] - println("******M4_total_bonus_spins type is:*******" + newline + getClass().getName()): null

2019-08-23 18:57:32 - [TEST_STEP][PASSED] - M4_total_bonus_spins_int = M4_total_bonus_spins_int: null

2019-08-23 18:57:32 - [TEST_STEP][PASSED] - M4_total_bonus_spins = Integer.toString(M4_total_bonus_spins_int): null

2019-08-23 18:57:32 - [TEST_STEP][PASSED] - M4_total_bonus_spins = M4_total_bonus_spins: null

2019-08-23 18:57:32 - [TEST_STEP][PASSED] - println("M4_total_bonus_spins is:" + M4_total_bonus_spins): null

2019-08-23 18:57:32 - [TEST_STEP][PASSED] - M4_spin_bonus_data = bonus_data: null

2019-08-23 18:57:32 - [TEST_STEP][PASSED] - M4_spin_features_triggered = result_M4_spin: null

2019-08-23 18:57:32 - [TEST_STEP][PASSED] - wild = []: null

2019-08-23 18:57:32 - [TEST_STEP][PASSED] - wild[0] = "WILD_Expanding": null

2019-08-23 18:57:32 - [TEST_STEP][PASSED] - wild[1] = "WILD_Normal": null

2019-08-23 18:57:32 - [TEST_STEP][PASSED] - wild[2] = "WILD_Double": null

2019-08-23 18:57:32 - [TEST_STEP][PASSED] - wild[3] = "WILD_ExtraFG": null

2019-08-23 18:57:32 - [TEST_STEP][PASSED] - wild[4] = "WILD_Triple": null

2019-08-23 18:57:32 - [TEST_STEP][PASSED] - wildList = Arrays.asList(wild): null

2019-08-23 18:57:32 - [TEST_STEP][PASSED] - wildList = wildList: null

2019-08-23 18:57:32 - [TEST_STEP][PASSED] - free_spin_reel_counter = []: null

2019-08-23 18:57:32 - [TEST_STEP][PASSED] - free_spin_reel_counter[0] = 0: null

2019-08-23 18:57:32 - [TEST_STEP][PASSED] - free_spin_reel_counter[1] = 0: null

2019-08-23 18:57:32 - [TEST_STEP][PASSED] - free_spin_reel_counter[2] = 0: null

2019-08-23 18:57:32 - [TEST_STEP][PASSED] - M4_spin_reels = reels: null

2019-08-23 18:57:32 - [TEST_STEP][PASSED] - for ([i = 0, i &lt; M4_spin_reels.size(), (i++)]): null

2019-08-23 18:57:32 - [TEST_STEP][PASSED] - symbols = symbols: null

2019-08-23 18:57:32 - [TEST_STEP][PASSED] - for ([j = 0, j &lt; symbols.size(), (j++)]): null

2019-08-23 18:57:32 - [TEST_STEP][PASSED] - symbol = symbol: null

2019-08-23 18:57:32 - [TEST_STEP][PASSED] - println(symbol): null

2019-08-23 18:57:32 - [TEST_STEP][PASSED] - if (i == 2 &amp;&amp; wildList.indexOf(symbol) != -1): null

2019-08-23 18:57:32 - [TEST_STEP][PASSED] - if (i == 3 &amp;&amp; wildList.indexOf(symbol) != -1): null

2019-08-23 18:57:32 - [TEST_STEP][PASSED] - if (i == 4 &amp;&amp; wildList.indexOf(symbol) != -1): null

2019-08-23 18:57:32 - [TEST_STEP][PASSED] - symbol = symbol: null

2019-08-23 18:57:32 - [TEST_STEP][PASSED] - println(symbol): null

2019-08-23 18:57:32 - [TEST_STEP][PASSED] - if (i == 2 &amp;&amp; wildList.indexOf(symbol) != -1): null

2019-08-23 18:57:32 - [TEST_STEP][PASSED] - if (i == 3 &amp;&amp; wildList.indexOf(symbol) != -1): null

2019-08-23 18:57:32 - [TEST_STEP][PASSED] - if (i == 4 &amp;&amp; wildList.indexOf(symbol) != -1): null

2019-08-23 18:57:32 - [TEST_STEP][PASSED] - symbol = symbol: null

2019-08-23 18:57:32 - [TEST_STEP][PASSED] - println(symbol): null

2019-08-23 18:57:32 - [TEST_STEP][PASSED] - if (i == 2 &amp;&amp; wildList.indexOf(symbol) != -1): null

2019-08-23 18:57:32 - [TEST_STEP][PASSED] - if (i == 3 &amp;&amp; wildList.indexOf(symbol) != -1): null

2019-08-23 18:57:32 - [TEST_STEP][PASSED] - if (i == 4 &amp;&amp; wildList.indexOf(symbol) != -1): null

2019-08-23 18:57:32 - [TEST_STEP][PASSED] - symbols = symbols: null

2019-08-23 18:57:32 - [TEST_STEP][PASSED] - for ([j = 0, j &lt; symbols.size(), (j++)]): null

2019-08-23 18:57:32 - [TEST_STEP][PASSED] - symbol = symbol: null

2019-08-23 18:57:32 - [TEST_STEP][PASSED] - println(symbol): null

2019-08-23 18:57:32 - [TEST_STEP][PASSED] - if (i == 2 &amp;&amp; wildList.indexOf(symbol) != -1): null

2019-08-23 18:57:32 - [TEST_STEP][PASSED] - if (i == 3 &amp;&amp; wildList.indexOf(symbol) != -1): null

2019-08-23 18:57:32 - [TEST_STEP][PASSED] - if (i == 4 &amp;&amp; wildList.indexOf(symbol) != -1): null

2019-08-23 18:57:32 - [TEST_STEP][PASSED] - symbol = symbol: null

2019-08-23 18:57:32 - [TEST_STEP][PASSED] - println(symbol): null

2019-08-23 18:57:32 - [TEST_STEP][PASSED] - if (i == 2 &amp;&amp; wildList.indexOf(symbol) != -1): null

2019-08-23 18:57:32 - [TEST_STEP][PASSED] - if (i == 3 &amp;&amp; wildList.indexOf(symbol) != -1): null

2019-08-23 18:57:32 - [TEST_STEP][PASSED] - if (i == 4 &amp;&amp; wildList.indexOf(symbol) != -1): null

2019-08-23 18:57:32 - [TEST_STEP][PASSED] - symbol = symbol: null

2019-08-23 18:57:32 - [TEST_STEP][PASSED] - println(symbol): null

2019-08-23 18:57:32 - [TEST_STEP][PASSED] - if (i == 2 &amp;&amp; wildList.indexOf(symbol) != -1): null

2019-08-23 18:57:32 - [TEST_STEP][PASSED] - if (i == 3 &amp;&amp; wildList.indexOf(symbol) != -1): null

2019-08-23 18:57:32 - [TEST_STEP][PASSED] - if (i == 4 &amp;&amp; wildList.indexOf(symbol) != -1): null

2019-08-23 18:57:32 - [TEST_STEP][PASSED] - symbols = symbols: null

2019-08-23 18:57:32 - [TEST_STEP][PASSED] - for ([j = 0, j &lt; symbols.size(), (j++)]): null

2019-08-23 18:57:32 - [TEST_STEP][PASSED] - symbol = symbol: null

2019-08-23 18:57:32 - [TEST_STEP][PASSED] - println(symbol): null

2019-08-23 18:57:32 - [TEST_STEP][PASSED] - if (i == 2 &amp;&amp; wildList.indexOf(symbol) != -1): null

2019-08-23 18:57:32 - [TEST_STEP][PASSED] - if (i == 3 &amp;&amp; wildList.indexOf(symbol) != -1): null

2019-08-23 18:57:32 - [TEST_STEP][PASSED] - if (i == 4 &amp;&amp; wildList.indexOf(symbol) != -1): null

2019-08-23 18:57:32 - [TEST_STEP][PASSED] - symbol = symbol: null

2019-08-23 18:57:32 - [TEST_STEP][PASSED] - println(symbol): null

2019-08-23 18:57:32 - [TEST_STEP][PASSED] - if (i == 2 &amp;&amp; wildList.indexOf(symbol) != -1): null

2019-08-23 18:57:32 - [TEST_STEP][PASSED] - if (i == 3 &amp;&amp; wildList.indexOf(symbol) != -1): null

2019-08-23 18:57:32 - [TEST_STEP][PASSED] - if (i == 4 &amp;&amp; wildList.indexOf(symbol) != -1): null

2019-08-23 18:57:32 - [TEST_STEP][PASSED] - symbol = symbol: null

2019-08-23 18:57:32 - [TEST_STEP][PASSED] - println(symbol): null

2019-08-23 18:57:32 - [TEST_STEP][PASSED] - if (i == 2 &amp;&amp; wildList.indexOf(symbol) != -1): null

2019-08-23 18:57:32 - [TEST_STEP][PASSED] - println("wild found on reel 3, adding counter by 1"): null

2019-08-23 18:57:32 - [TEST_STEP][PASSED] - free_spin_reel_counter[0] = free_spin_reel_counter[0] + 1: null

2019-08-23 18:57:32 - [TEST_STEP][PASSED] - if (i == 3 &amp;&amp; wildList.indexOf(symbol) != -1): null

2019-08-23 18:57:32 - [TEST_STEP][PASSED] - if (i == 4 &amp;&amp; wildList.indexOf(symbol) != -1): null

2019-08-23 18:57:32 - [TEST_STEP][PASSED] - symbols = symbols: null

2019-08-23 18:57:32 - [TEST_STEP][PASSED] - for ([j = 0, j &lt; symbols.size(), (j++)]): null

2019-08-23 18:57:32 - [TEST_STEP][PASSED] - symbol = symbol: null

2019-08-23 18:57:32 - [TEST_STEP][PASSED] - println(symbol): null

2019-08-23 18:57:32 - [TEST_STEP][PASSED] - if (i == 2 &amp;&amp; wildList.indexOf(symbol) != -1): null

2019-08-23 18:57:32 - [TEST_STEP][PASSED] - if (i == 3 &amp;&amp; wildList.indexOf(symbol) != -1): null

2019-08-23 18:57:32 - [TEST_STEP][PASSED] - if (i == 4 &amp;&amp; wildList.indexOf(symbol) != -1): null

2019-08-23 18:57:32 - [TEST_STEP][PASSED] - symbol = symbol: null

2019-08-23 18:57:32 - [TEST_STEP][PASSED] - println(symbol): null

2019-08-23 18:57:32 - [TEST_STEP][PASSED] - if (i == 2 &amp;&amp; wildList.indexOf(symbol) != -1): null

2019-08-23 18:57:32 - [TEST_STEP][PASSED] - if (i == 3 &amp;&amp; wildList.indexOf(symbol) != -1): null

2019-08-23 18:57:32 - [TEST_STEP][PASSED] - if (i == 4 &amp;&amp; wildList.indexOf(symbol) != -1): null

2019-08-23 18:57:32 - [TEST_STEP][PASSED] - symbol = symbol: null

2019-08-23 18:57:32 - [TEST_STEP][PASSED] - println(symbol): null

2019-08-23 18:57:32 - [TEST_STEP][PASSED] - if (i == 2 &amp;&amp; wildList.indexOf(symbol) != -1): null

2019-08-23 18:57:32 - [TEST_STEP][PASSED] - if (i == 3 &amp;&amp; wildList.indexOf(symbol) != -1): null

2019-08-23 18:57:32 - [TEST_STEP][PASSED] - if (i == 4 &amp;&amp; wildList.indexOf(symbol) != -1): null

2019-08-23 18:57:32 - [TEST_STEP][PASSED] - symbols = symbols: null

2019-08-23 18:57:32 - [TEST_STEP][PASSED] - for ([j = 0, j &lt; symbols.size(), (j++)]): null

2019-08-23 18:57:32 - [TEST_STEP][PASSED] - symbol = symbol: null

2019-08-23 18:57:32 - [TEST_STEP][PASSED] - println(symbol): null

2019-08-23 18:57:32 - [TEST_STEP][PASSED] - if (i == 2 &amp;&amp; wildList.indexOf(symbol) != -1): null

2019-08-23 18:57:32 - [TEST_STEP][PASSED] - if (i == 3 &amp;&amp; wildList.indexOf(symbol) != -1): null

2019-08-23 18:57:32 - [TEST_STEP][PASSED] - if (i == 4 &amp;&amp; wildList.indexOf(symbol) != -1): null

2019-08-23 18:57:32 - [TEST_STEP][PASSED] - symbol = symbol: null

2019-08-23 18:57:32 - [TEST_STEP][PASSED] - println(symbol): null

2019-08-23 18:57:32 - [TEST_STEP][PASSED] - if (i == 2 &amp;&amp; wildList.indexOf(symbol) != -1): null

2019-08-23 18:57:32 - [TEST_STEP][PASSED] - if (i == 3 &amp;&amp; wildList.indexOf(symbol) != -1): null

2019-08-23 18:57:32 - [TEST_STEP][PASSED] - if (i == 4 &amp;&amp; wildList.indexOf(symbol) != -1): null

2019-08-23 18:57:32 - [TEST_STEP][PASSED] - symbol = symbol: null

2019-08-23 18:57:32 - [TEST_STEP][PASSED] - println(symbol): null

2019-08-23 18:57:32 - [TEST_STEP][PASSED] - if (i == 2 &amp;&amp; wildList.indexOf(symbol) != -1): null

2019-08-23 18:57:32 - [TEST_STEP][PASSED] - if (i == 3 &amp;&amp; wildList.indexOf(symbol) != -1): null

2019-08-23 18:57:32 - [TEST_STEP][PASSED] - if (i == 4 &amp;&amp; wildList.indexOf(symbol) != -1): null

2019-08-23 18:57:32 - [TEST_STEP][PASSED] - free_spin_reel_counter = free_spin_reel_counter: null

2019-08-23 18:57:32 - [TEST_STEP][PASSED] - println("reel 3 wild found: " + free_spin_reel_counter[0]): null

2019-08-23 18:57:32 - [TEST_STEP][PASSED] - println("reel 4 wild found: " + free_spin_reel_counter[1]): null

2019-08-23 18:57:32 - [TEST_STEP][PASSED] - println("reel 5 wild found: " + free_spin_reel_counter[2]): null

2019-08-23 18:57:32 - [TEST_STEP][PASSED] - M4_spin_reels = M4_spin_reels: null

2019-08-23 18:57:32 - [TEST_STEP][PASSED] - M4_spin_reels_symbols = symbol: null

2019-08-23 18:57:32 - [TEST_STEP][PASSED] - M4_spin_reels_symbols = M4_spin_reels_symbols: null

2019-08-23 18:57:32 - [TEST_STEP][PASSED] - M4_spin_reel_wins = reel_wins: null

2019-08-23 18:57:32 - [TEST_STEP][PASSED] - M4_spin_reel_wins = M4_spin_reel_wins: null

2019-08-23 18:57:32 - [TEST_STEP][PASSED] - println("GlobalVariable.M4_spin_reel_wins is: " + M4_spin_reel_wins): null

2019-08-23 18:57:32 - [TEST_STEP][PASSED] - M4_spin_total_bonus_win_this_round = total_bonus_win_this_round: null

2019-08-23 18:57:32 - [TEST_STEP][PASSED] - M4_spin_total_bonus_win_this_round = M4_spin_total_bonus_win_this_round: null

2019-08-23 18:57:32 - [TEST_STEP][PASSED] - println("GlobalVariable.M4_spin_total_bonus_win_this_round is: " + M4_spin_total_bonus_win_this_round): null

2019-08-23 18:57:32 - [TEST_STEP][PASSED] - M4_spin_bonus_spin_result = spin_result: null

2019-08-23 18:57:32 - [TEST_STEP][PASSED] - M4_spin_bonus_spin_result = M4_spin_bonus_spin_result: null

2019-08-23 18:57:32 - [MESSAGE][PASSED] - Verify response successfully

2019-08-23 18:57:32 - [MESSAGE][PASSED] - Send request and verify the response successfully

2019-08-23 18:57:32 - [TEST_STEP][PASSED] - if (free_spin_reel_counter[0] &gt;= 1 &amp;&amp; free_spin_reel_counter[1] &gt;= 1 &amp;&amp; free_spin_reel_counter[2] &gt;= 1): null

2019-08-23 18:57:32 - [TEST_STEP][PASSED] - spin_result = sendRequestAndVerify(findTestObject("INT/RGS(M4)/1_M4_spin", ["M4_login_user_id":M4_login_user_id, "rgs_session_token":rgs_session_token, "partner":Partner])): Send request and verify the response successfully

2019-08-23 18:57:32 - [MESSAGE][INFO] - HAR: /Users/eiralee/Katalon_Script/SuperWild/Reports/20190823_184757/INT/superWild_1/20190823_184757/requests/main/258.har

2019-08-23 18:57:32 - [TEST_CASE][PASSED] - Start Test Case : Verification: Verification accomplished successfully

2019-08-23 18:57:32 - [TEST_STEP][PASSED] - request = getInstance().getCurrentRequest(): null

2019-08-23 18:57:32 - [TEST_STEP][PASSED] - response = getInstance().getCurrentResponse(): null

2019-08-23 18:57:32 - [TEST_STEP][PASSED] - verifyResponseStatusCode(response, 200): Verify response status code successfully

2019-08-23 18:57:32 - [MESSAGE][PASSED] - Verify response status code successfully

2019-08-23 18:57:32 - [TEST_STEP][PASSED] - getStatusCode()).isEqualTo(200): null

2019-08-23 18:57:32 - [TEST_STEP][PASSED] - newline = System.getProperty("line.separator"): null

2019-08-23 18:57:32 - [TEST_STEP][PASSED] - M4_spin = new groovy.json.JsonSlurper(): null

2019-08-23 18:57:32 - [TEST_STEP][PASSED] - result_M4_spin = M4_spin.parseText(response.getResponseBodyContent()): null

2019-08-23 18:57:32 - [TEST_STEP][PASSED] - M4_spin_current_balance = current_balance: null

2019-08-23 18:57:32 - [TEST_STEP][PASSED] - M4_spin_current_balance = M4_spin_current_balance: null

2019-08-23 18:57:32 - [TEST_STEP][PASSED] - M4_spin_transaction_id = causality: null

2019-08-23 18:57:32 - [TEST_STEP][PASSED] - M4_spin_transaction_id = M4_spin_transaction_id: null

2019-08-23 18:57:32 - [TEST_STEP][PASSED] - M4_spin_round_id = round_id: null

2019-08-23 18:57:32 - [TEST_STEP][PASSED] - M4_spin_round_id = M4_spin_round_id: null

2019-08-23 18:57:32 - [TEST_STEP][PASSED] - M4_spin_line_wins = line_wins: null

2019-08-23 18:57:32 - [TEST_STEP][PASSED] - M4_spin_line_wins = M4_spin_line_wins: null

2019-08-23 18:57:32 - [TEST_STEP][PASSED] - M4_total_bonus_spins_int = total_bonus_spins: null

2019-08-23 18:57:32 - [TEST_STEP][PASSED] - println("******M4_total_bonus_spins type is:*******" + newline + getClass().getName()): null

2019-08-23 18:57:32 - [TEST_STEP][PASSED] - M4_total_bonus_spins_int = M4_total_bonus_spins_int: null

2019-08-23 18:57:32 - [TEST_STEP][PASSED] - M4_total_bonus_spins = Integer.toString(M4_total_bonus_spins_int): null

2019-08-23 18:57:32 - [TEST_STEP][PASSED] - M4_total_bonus_spins = M4_total_bonus_spins: null

2019-08-23 18:57:32 - [TEST_STEP][PASSED] - println("M4_total_bonus_spins is:" + M4_total_bonus_spins): null

2019-08-23 18:57:32 - [TEST_STEP][PASSED] - M4_spin_bonus_data = bonus_data: null

2019-08-23 18:57:32 - [TEST_STEP][PASSED] - M4_spin_features_triggered = result_M4_spin: null

2019-08-23 18:57:32 - [TEST_STEP][PASSED] - wild = []: null

2019-08-23 18:57:32 - [TEST_STEP][PASSED] - wild[0] = "WILD_Expanding": null

2019-08-23 18:57:32 - [TEST_STEP][PASSED] - wild[1] = "WILD_Normal": null

2019-08-23 18:57:32 - [TEST_STEP][PASSED] - wild[2] = "WILD_Double": null

2019-08-23 18:57:32 - [TEST_STEP][PASSED] - wild[3] = "WILD_ExtraFG": null

2019-08-23 18:57:32 - [TEST_STEP][PASSED] - wild[4] = "WILD_Triple": null

2019-08-23 18:57:32 - [TEST_STEP][PASSED] - wildList = Arrays.asList(wild): null

2019-08-23 18:57:32 - [TEST_STEP][PASSED] - wildList = wildList: null

2019-08-23 18:57:32 - [TEST_STEP][PASSED] - free_spin_reel_counter = []: null

2019-08-23 18:57:32 - [TEST_STEP][PASSED] - free_spin_reel_counter[0] = 0: null

2019-08-23 18:57:32 - [TEST_STEP][PASSED] - free_spin_reel_counter[1] = 0: null

2019-08-23 18:57:32 - [TEST_STEP][PASSED] - free_spin_reel_counter[2] = 0: null

2019-08-23 18:57:32 - [TEST_STEP][PASSED] - M4_spin_reels = reels: null

2019-08-23 18:57:32 - [TEST_STEP][PASSED] - for ([i = 0, i &lt; M4_spin_reels.size(), (i++)]): null

2019-08-23 18:57:32 - [TEST_STEP][PASSED] - symbols = symbols: null

2019-08-23 18:57:32 - [TEST_STEP][PASSED] - for ([j = 0, j &lt; symbols.size(), (j++)]): null

2019-08-23 18:57:32 - [TEST_STEP][PASSED] - symbol = symbol: null

2019-08-23 18:57:32 - [TEST_STEP][PASSED] - println(symbol): null

2019-08-23 18:57:32 - [TEST_STEP][PASSED] - if (i == 2 &amp;&amp; wildList.indexOf(symbol) != -1): null

2019-08-23 18:57:32 - [TEST_STEP][PASSED] - if (i == 3 &amp;&amp; wildList.indexOf(symbol) != -1): null

2019-08-23 18:57:32 - [TEST_STEP][PASSED] - if (i == 4 &amp;&amp; wildList.indexOf(symbol) != -1): null

2019-08-23 18:57:32 - [TEST_STEP][PASSED] - symbol = symbol: null

2019-08-23 18:57:32 - [TEST_STEP][PASSED] - println(symbol): null

2019-08-23 18:57:32 - [TEST_STEP][PASSED] - if (i == 2 &amp;&amp; wildList.indexOf(symbol) != -1): null

2019-08-23 18:57:32 - [TEST_STEP][PASSED] - if (i == 3 &amp;&amp; wildList.indexOf(symbol) != -1): null

2019-08-23 18:57:32 - [TEST_STEP][PASSED] - if (i == 4 &amp;&amp; wildList.indexOf(symbol) != -1): null

2019-08-23 18:57:32 - [TEST_STEP][PASSED] - symbol = symbol: null

2019-08-23 18:57:32 - [TEST_STEP][PASSED] - println(symbol): null

2019-08-23 18:57:32 - [TEST_STEP][PASSED] - if (i == 2 &amp;&amp; wildList.indexOf(symbol) != -1): null

2019-08-23 18:57:32 - [TEST_STEP][PASSED] - if (i == 3 &amp;&amp; wildList.indexOf(symbol) != -1): null

2019-08-23 18:57:32 - [TEST_STEP][PASSED] - if (i == 4 &amp;&amp; wildList.indexOf(symbol) != -1): null

2019-08-23 18:57:32 - [TEST_STEP][PASSED] - symbols = symbols: null

2019-08-23 18:57:32 - [TEST_STEP][PASSED] - for ([j = 0, j &lt; symbols.size(), (j++)]): null

2019-08-23 18:57:32 - [TEST_STEP][PASSED] - symbol = symbol: null

2019-08-23 18:57:32 - [TEST_STEP][PASSED] - println(symbol): null

2019-08-23 18:57:32 - [TEST_STEP][PASSED] - if (i == 2 &amp;&amp; wildList.indexOf(symbol) != -1): null

2019-08-23 18:57:32 - [TEST_STEP][PASSED] - if (i == 3 &amp;&amp; wildList.indexOf(symbol) != -1): null

2019-08-23 18:57:32 - [TEST_STEP][PASSED] - if (i == 4 &amp;&amp; wildList.indexOf(symbol) != -1): null

2019-08-23 18:57:32 - [TEST_STEP][PASSED] - symbol = symbol: null

2019-08-23 18:57:32 - [TEST_STEP][PASSED] - println(symbol): null

2019-08-23 18:57:32 - [TEST_STEP][PASSED] - if (i == 2 &amp;&amp; wildList.indexOf(symbol) != -1): null

2019-08-23 18:57:32 - [TEST_STEP][PASSED] - if (i == 3 &amp;&amp; wildList.indexOf(symbol) != -1): null

2019-08-23 18:57:32 - [TEST_STEP][PASSED] - if (i == 4 &amp;&amp; wildList.indexOf(symbol) != -1): null

2019-08-23 18:57:32 - [TEST_STEP][PASSED] - symbol = symbol: null

2019-08-23 18:57:32 - [TEST_STEP][PASSED] - println(symbol): null

2019-08-23 18:57:32 - [TEST_STEP][PASSED] - if (i == 2 &amp;&amp; wildList.indexOf(symbol) != -1): null

2019-08-23 18:57:32 - [TEST_STEP][PASSED] - if (i == 3 &amp;&amp; wildList.indexOf(symbol) != -1): null

2019-08-23 18:57:32 - [TEST_STEP][PASSED] - if (i == 4 &amp;&amp; wildList.indexOf(symbol) != -1): null

2019-08-23 18:57:32 - [TEST_STEP][PASSED] - symbols = symbols: null

2019-08-23 18:57:32 - [TEST_STEP][PASSED] - for ([j = 0, j &lt; symbols.size(), (j++)]): null

2019-08-23 18:57:32 - [TEST_STEP][PASSED] - symbol = symbol: null

2019-08-23 18:57:32 - [TEST_STEP][PASSED] - println(symbol): null

2019-08-23 18:57:32 - [TEST_STEP][PASSED] - if (i == 2 &amp;&amp; wildList.indexOf(symbol) != -1): null

2019-08-23 18:57:32 - [TEST_STEP][PASSED] - if (i == 3 &amp;&amp; wildList.indexOf(symbol) != -1): null

2019-08-23 18:57:32 - [TEST_STEP][PASSED] - if (i == 4 &amp;&amp; wildList.indexOf(symbol) != -1): null

2019-08-23 18:57:32 - [TEST_STEP][PASSED] - symbol = symbol: null

2019-08-23 18:57:32 - [TEST_STEP][PASSED] - println(symbol): null

2019-08-23 18:57:32 - [TEST_STEP][PASSED] - if (i == 2 &amp;&amp; wildList.indexOf(symbol) != -1): null

2019-08-23 18:57:32 - [TEST_STEP][PASSED] - if (i == 3 &amp;&amp; wildList.indexOf(symbol) != -1): null

2019-08-23 18:57:32 - [TEST_STEP][PASSED] - if (i == 4 &amp;&amp; wildList.indexOf(symbol) != -1): null

2019-08-23 18:57:32 - [TEST_STEP][PASSED] - symbol = symbol: null

2019-08-23 18:57:32 - [TEST_STEP][PASSED] - println(symbol): null

2019-08-23 18:57:32 - [TEST_STEP][PASSED] - if (i == 2 &amp;&amp; wildList.indexOf(symbol) != -1): null

2019-08-23 18:57:32 - [TEST_STEP][PASSED] - if (i == 3 &amp;&amp; wildList.indexOf(symbol) != -1): null

2019-08-23 18:57:32 - [TEST_STEP][PASSED] - if (i == 4 &amp;&amp; wildList.indexOf(symbol) != -1): null

2019-08-23 18:57:32 - [TEST_STEP][PASSED] - symbols = symbols: null

2019-08-23 18:57:32 - [TEST_STEP][PASSED] - for ([j = 0, j &lt; symbols.size(), (j++)]): null

2019-08-23 18:57:32 - [TEST_STEP][PASSED] - symbol = symbol: null

2019-08-23 18:57:32 - [TEST_STEP][PASSED] - println(symbol): null

2019-08-23 18:57:32 - [TEST_STEP][PASSED] - if (i == 2 &amp;&amp; wildList.indexOf(symbol) != -1): null

2019-08-23 18:57:32 - [TEST_STEP][PASSED] - if (i == 3 &amp;&amp; wildList.indexOf(symbol) != -1): null

2019-08-23 18:57:32 - [TEST_STEP][PASSED] - if (i == 4 &amp;&amp; wildList.indexOf(symbol) != -1): null

2019-08-23 18:57:32 - [TEST_STEP][PASSED] - symbol = symbol: null

2019-08-23 18:57:32 - [TEST_STEP][PASSED] - println(symbol): null

2019-08-23 18:57:32 - [TEST_STEP][PASSED] - if (i == 2 &amp;&amp; wildList.indexOf(symbol) != -1): null

2019-08-23 18:57:32 - [TEST_STEP][PASSED] - if (i == 3 &amp;&amp; wildList.indexOf(symbol) != -1): null

2019-08-23 18:57:32 - [TEST_STEP][PASSED] - if (i == 4 &amp;&amp; wildList.indexOf(symbol) != -1): null

2019-08-23 18:57:32 - [TEST_STEP][PASSED] - symbol = symbol: null

2019-08-23 18:57:32 - [TEST_STEP][PASSED] - println(symbol): null

2019-08-23 18:57:32 - [TEST_STEP][PASSED] - if (i == 2 &amp;&amp; wildList.indexOf(symbol) != -1): null

2019-08-23 18:57:32 - [TEST_STEP][PASSED] - if (i == 3 &amp;&amp; wildList.indexOf(symbol) != -1): null

2019-08-23 18:57:32 - [TEST_STEP][PASSED] - if (i == 4 &amp;&amp; wildList.indexOf(symbol) != -1): null

2019-08-23 18:57:32 - [TEST_STEP][PASSED] - symbols = symbols: null

2019-08-23 18:57:32 - [TEST_STEP][PASSED] - for ([j = 0, j &lt; symbols.size(), (j++)]): null

2019-08-23 18:57:32 - [TEST_STEP][PASSED] - symbol = symbol: null

2019-08-23 18:57:32 - [TEST_STEP][PASSED] - println(symbol): null

2019-08-23 18:57:32 - [TEST_STEP][PASSED] - if (i == 2 &amp;&amp; wildList.indexOf(symbol) != -1): null

2019-08-23 18:57:32 - [TEST_STEP][PASSED] - if (i == 3 &amp;&amp; wildList.indexOf(symbol) != -1): null

2019-08-23 18:57:32 - [TEST_STEP][PASSED] - if (i == 4 &amp;&amp; wildList.indexOf(symbol) != -1): null

2019-08-23 18:57:32 - [TEST_STEP][PASSED] - symbol = symbol: null

2019-08-23 18:57:32 - [TEST_STEP][PASSED] - println(symbol): null

2019-08-23 18:57:32 - [TEST_STEP][PASSED] - if (i == 2 &amp;&amp; wildList.indexOf(symbol) != -1): null

2019-08-23 18:57:32 - [TEST_STEP][PASSED] - if (i == 3 &amp;&amp; wildList.indexOf(symbol) != -1): null

2019-08-23 18:57:32 - [TEST_STEP][PASSED] - if (i == 4 &amp;&amp; wildList.indexOf(symbol) != -1): null

2019-08-23 18:57:32 - [TEST_STEP][PASSED] - println("wild found on reel 5, adding counter by 1"): null

2019-08-23 18:57:32 - [TEST_STEP][PASSED] - free_spin_reel_counter[2] = free_spin_reel_counter[2] + 1: null

2019-08-23 18:57:32 - [TEST_STEP][PASSED] - symbol = symbol: null

2019-08-23 18:57:32 - [TEST_STEP][PASSED] - println(symbol): null

2019-08-23 18:57:32 - [TEST_STEP][PASSED] - if (i == 2 &amp;&amp; wildList.indexOf(symbol) != -1): null

2019-08-23 18:57:32 - [TEST_STEP][PASSED] - if (i == 3 &amp;&amp; wildList.indexOf(symbol) != -1): null

2019-08-23 18:57:32 - [TEST_STEP][PASSED] - if (i == 4 &amp;&amp; wildList.indexOf(symbol) != -1): null

2019-08-23 18:57:32 - [TEST_STEP][PASSED] - free_spin_reel_counter = free_spin_reel_counter: null

2019-08-23 18:57:32 - [TEST_STEP][PASSED] - println("reel 3 wild found: " + free_spin_reel_counter[0]): null

2019-08-23 18:57:32 - [TEST_STEP][PASSED] - println("reel 4 wild found: " + free_spin_reel_counter[1]): null

2019-08-23 18:57:32 - [TEST_STEP][PASSED] - println("reel 5 wild found: " + free_spin_reel_counter[2]): null

2019-08-23 18:57:32 - [TEST_STEP][PASSED] - M4_spin_reels = M4_spin_reels: null

2019-08-23 18:57:32 - [TEST_STEP][PASSED] - M4_spin_reels_symbols = symbol: null

2019-08-23 18:57:32 - [TEST_STEP][PASSED] - M4_spin_reels_symbols = M4_spin_reels_symbols: null

2019-08-23 18:57:32 - [TEST_STEP][PASSED] - M4_spin_reel_wins = reel_wins: null

2019-08-23 18:57:32 - [TEST_STEP][PASSED] - M4_spin_reel_wins = M4_spin_reel_wins: null

2019-08-23 18:57:32 - [TEST_STEP][PASSED] - println("GlobalVariable.M4_spin_reel_wins is: " + M4_spin_reel_wins): null

2019-08-23 18:57:32 - [TEST_STEP][PASSED] - M4_spin_total_bonus_win_this_round = total_bonus_win_this_round: null

2019-08-23 18:57:32 - [TEST_STEP][PASSED] - M4_spin_total_bonus_win_this_round = M4_spin_total_bonus_win_this_round: null

2019-08-23 18:57:32 - [TEST_STEP][PASSED] - println("GlobalVariable.M4_spin_total_bonus_win_this_round is: " + M4_spin_total_bonus_win_this_round): null

2019-08-23 18:57:32 - [TEST_STEP][PASSED] - M4_spin_bonus_spin_result = spin_result: null

2019-08-23 18:57:32 - [TEST_STEP][PASSED] - M4_spin_bonus_spin_result = M4_spin_bonus_spin_result: null

2019-08-23 18:57:32 - [MESSAGE][PASSED] - Verify response successfully

2019-08-23 18:57:32 - [MESSAGE][PASSED] - Send request and verify the response successfully

2019-08-23 18:57:32 - [TEST_STEP][PASSED] - if (free_spin_reel_counter[0] &gt;= 1 &amp;&amp; free_spin_reel_counter[1] &gt;= 1 &amp;&amp; free_spin_reel_counter[2] &gt;= 1): null

2019-08-23 18:57:32 - [TEST_STEP][PASSED] - spin_result = sendRequestAndVerify(findTestObject("INT/RGS(M4)/1_M4_spin", ["M4_login_user_id":M4_login_user_id, "rgs_session_token":rgs_session_token, "partner":Partner])): Send request and verify the response successfully

2019-08-23 18:57:33 - [MESSAGE][INFO] - HAR: /Users/eiralee/Katalon_Script/SuperWild/Reports/20190823_184757/INT/superWild_1/20190823_184757/requests/main/259.har

2019-08-23 18:57:33 - [TEST_CASE][PASSED] - Start Test Case : Verification: Verification accomplished successfully

2019-08-23 18:57:33 - [TEST_STEP][PASSED] - request = getInstance().getCurrentRequest(): null

2019-08-23 18:57:33 - [TEST_STEP][PASSED] - response = getInstance().getCurrentResponse(): null

2019-08-23 18:57:33 - [TEST_STEP][PASSED] - verifyResponseStatusCode(response, 200): Verify response status code successfully

2019-08-23 18:57:33 - [MESSAGE][PASSED] - Verify response status code successfully

2019-08-23 18:57:33 - [TEST_STEP][PASSED] - getStatusCode()).isEqualTo(200): null

2019-08-23 18:57:33 - [TEST_STEP][PASSED] - newline = System.getProperty("line.separator"): null

2019-08-23 18:57:33 - [TEST_STEP][PASSED] - M4_spin = new groovy.json.JsonSlurper(): null

2019-08-23 18:57:33 - [TEST_STEP][PASSED] - result_M4_spin = M4_spin.parseText(response.getResponseBodyContent()): null

2019-08-23 18:57:33 - [TEST_STEP][PASSED] - M4_spin_current_balance = current_balance: null

2019-08-23 18:57:33 - [TEST_STEP][PASSED] - M4_spin_current_balance = M4_spin_current_balance: null

2019-08-23 18:57:33 - [TEST_STEP][PASSED] - M4_spin_transaction_id = causality: null

2019-08-23 18:57:33 - [TEST_STEP][PASSED] - M4_spin_transaction_id = M4_spin_transaction_id: null

2019-08-23 18:57:33 - [TEST_STEP][PASSED] - M4_spin_round_id = round_id: null

2019-08-23 18:57:33 - [TEST_STEP][PASSED] - M4_spin_round_id = M4_spin_round_id: null

2019-08-23 18:57:33 - [TEST_STEP][PASSED] - M4_spin_line_wins = line_wins: null

2019-08-23 18:57:33 - [TEST_STEP][PASSED] - M4_spin_line_wins = M4_spin_line_wins: null

2019-08-23 18:57:33 - [TEST_STEP][PASSED] - M4_total_bonus_spins_int = total_bonus_spins: null

2019-08-23 18:57:33 - [TEST_STEP][PASSED] - println("******M4_total_bonus_spins type is:*******" + newline + getClass().getName()): null

2019-08-23 18:57:33 - [TEST_STEP][PASSED] - M4_total_bonus_spins_int = M4_total_bonus_spins_int: null

2019-08-23 18:57:33 - [TEST_STEP][PASSED] - M4_total_bonus_spins = Integer.toString(M4_total_bonus_spins_int): null

2019-08-23 18:57:33 - [TEST_STEP][PASSED] - M4_total_bonus_spins = M4_total_bonus_spins: null

2019-08-23 18:57:33 - [TEST_STEP][PASSED] - println("M4_total_bonus_spins is:" + M4_total_bonus_spins): null

2019-08-23 18:57:33 - [TEST_STEP][PASSED] - M4_spin_bonus_data = bonus_data: null

2019-08-23 18:57:33 - [TEST_STEP][PASSED] - M4_spin_features_triggered = result_M4_spin: null

2019-08-23 18:57:33 - [TEST_STEP][PASSED] - wild = []: null

2019-08-23 18:57:33 - [TEST_STEP][PASSED] - wild[0] = "WILD_Expanding": null

2019-08-23 18:57:33 - [TEST_STEP][PASSED] - wild[1] = "WILD_Normal": null

2019-08-23 18:57:33 - [TEST_STEP][PASSED] - wild[2] = "WILD_Double": null

2019-08-23 18:57:33 - [TEST_STEP][PASSED] - wild[3] = "WILD_ExtraFG": null

2019-08-23 18:57:33 - [TEST_STEP][PASSED] - wild[4] = "WILD_Triple": null

2019-08-23 18:57:33 - [TEST_STEP][PASSED] - wildList = Arrays.asList(wild): null

2019-08-23 18:57:33 - [TEST_STEP][PASSED] - wildList = wildList: null

2019-08-23 18:57:33 - [TEST_STEP][PASSED] - free_spin_reel_counter = []: null

2019-08-23 18:57:33 - [TEST_STEP][PASSED] - free_spin_reel_counter[0] = 0: null

2019-08-23 18:57:33 - [TEST_STEP][PASSED] - free_spin_reel_counter[1] = 0: null

2019-08-23 18:57:33 - [TEST_STEP][PASSED] - free_spin_reel_counter[2] = 0: null

2019-08-23 18:57:33 - [TEST_STEP][PASSED] - M4_spin_reels = reels: null

2019-08-23 18:57:33 - [TEST_STEP][PASSED] - for ([i = 0, i &lt; M4_spin_reels.size(), (i++)]): null

2019-08-23 18:57:33 - [TEST_STEP][PASSED] - symbols = symbols: null

2019-08-23 18:57:33 - [TEST_STEP][PASSED] - for ([j = 0, j &lt; symbols.size(), (j++)]): null

2019-08-23 18:57:33 - [TEST_STEP][PASSED] - symbol = symbol: null

2019-08-23 18:57:33 - [TEST_STEP][PASSED] - println(symbol): null

2019-08-23 18:57:33 - [TEST_STEP][PASSED] - if (i == 2 &amp;&amp; wildList.indexOf(symbol) != -1): null

2019-08-23 18:57:33 - [TEST_STEP][PASSED] - if (i == 3 &amp;&amp; wildList.indexOf(symbol) != -1): null

2019-08-23 18:57:33 - [TEST_STEP][PASSED] - if (i == 4 &amp;&amp; wildList.indexOf(symbol) != -1): null

2019-08-23 18:57:33 - [TEST_STEP][PASSED] - symbol = symbol: null

2019-08-23 18:57:33 - [TEST_STEP][PASSED] - println(symbol): null

2019-08-23 18:57:35 - [TEST_STEP][PASSED] - if (i == 2 &amp;&amp; wildList.indexOf(symbol) != -1): null

2019-08-23 18:57:35 - [TEST_STEP][PASSED] - if (i == 3 &amp;&amp; wildList.indexOf(symbol) != -1): null

2019-08-23 18:57:35 - [TEST_STEP][PASSED] - if (i == 4 &amp;&amp; wildList.indexOf(symbol) != -1): null

2019-08-23 18:57:35 - [TEST_STEP][PASSED] - symbol = symbol: null

2019-08-23 18:57:35 - [TEST_STEP][PASSED] - println(symbol): null

2019-08-23 18:57:35 - [TEST_STEP][PASSED] - if (i == 2 &amp;&amp; wildList.indexOf(symbol) != -1): null

2019-08-23 18:57:35 - [TEST_STEP][PASSED] - if (i == 3 &amp;&amp; wildList.indexOf(symbol) != -1): null

2019-08-23 18:57:35 - [TEST_STEP][PASSED] - if (i == 4 &amp;&amp; wildList.indexOf(symbol) != -1): null

2019-08-23 18:57:35 - [TEST_STEP][PASSED] - symbols = symbols: null

2019-08-23 18:57:35 - [TEST_STEP][PASSED] - for ([j = 0, j &lt; symbols.size(), (j++)]): null

2019-08-23 18:57:35 - [TEST_STEP][PASSED] - symbol = symbol: null

2019-08-23 18:57:35 - [TEST_STEP][PASSED] - println(symbol): null

2019-08-23 18:57:35 - [TEST_STEP][PASSED] - if (i == 2 &amp;&amp; wildList.indexOf(symbol) != -1): null

2019-08-23 18:57:35 - [TEST_STEP][PASSED] - if (i == 3 &amp;&amp; wildList.indexOf(symbol) != -1): null

2019-08-23 18:57:35 - [TEST_STEP][PASSED] - if (i == 4 &amp;&amp; wildList.indexOf(symbol) != -1): null

2019-08-23 18:57:35 - [TEST_STEP][PASSED] - symbol = symbol: null

2019-08-23 18:57:35 - [TEST_STEP][PASSED] - println(symbol): null

2019-08-23 18:57:35 - [TEST_STEP][PASSED] - if (i == 2 &amp;&amp; wildList.indexOf(symbol) != -1): null

2019-08-23 18:57:35 - [TEST_STEP][PASSED] - if (i == 3 &amp;&amp; wildList.indexOf(symbol) != -1): null

2019-08-23 18:57:35 - [TEST_STEP][PASSED] - if (i == 4 &amp;&amp; wildList.indexOf(symbol) != -1): null

2019-08-23 18:57:35 - [TEST_STEP][PASSED] - symbol = symbol: null

2019-08-23 18:57:35 - [TEST_STEP][PASSED] - println(symbol): null

2019-08-23 18:57:35 - [TEST_STEP][PASSED] - if (i == 2 &amp;&amp; wildList.indexOf(symbol) != -1): null

2019-08-23 18:57:35 - [TEST_STEP][PASSED] - if (i == 3 &amp;&amp; wildList.indexOf(symbol) != -1): null

2019-08-23 18:57:35 - [TEST_STEP][PASSED] - if (i == 4 &amp;&amp; wildList.indexOf(symbol) != -1): null

2019-08-23 18:57:35 - [TEST_STEP][PASSED] - symbols = symbols: null

2019-08-23 18:57:35 - [TEST_STEP][PASSED] - for ([j = 0, j &lt; symbols.size(), (j++)]): null

2019-08-23 18:57:35 - [TEST_STEP][PASSED] - symbol = symbol: null

2019-08-23 18:57:35 - [TEST_STEP][PASSED] - println(symbol): null

2019-08-23 18:57:35 - [TEST_STEP][PASSED] - if (i == 2 &amp;&amp; wildList.indexOf(symbol) != -1): null

2019-08-23 18:57:35 - [TEST_STEP][PASSED] - if (i == 3 &amp;&amp; wildList.indexOf(symbol) != -1): null

2019-08-23 18:57:35 - [TEST_STEP][PASSED] - if (i == 4 &amp;&amp; wildList.indexOf(symbol) != -1): null

2019-08-23 18:57:35 - [TEST_STEP][PASSED] - symbol = symbol: null

2019-08-23 18:57:35 - [TEST_STEP][PASSED] - println(symbol): null

2019-08-23 18:57:35 - [TEST_STEP][PASSED] - if (i == 2 &amp;&amp; wildList.indexOf(symbol) != -1): null

2019-08-23 18:57:35 - [TEST_STEP][PASSED] - println("wild found on reel 3, adding counter by 1"): null

2019-08-23 18:57:35 - [TEST_STEP][PASSED] - free_spin_reel_counter[0] = free_spin_reel_counter[0] + 1: null

2019-08-23 18:57:35 - [TEST_STEP][PASSED] - if (i == 3 &amp;&amp; wildList.indexOf(symbol) != -1): null

2019-08-23 18:57:35 - [TEST_STEP][PASSED] - if (i == 4 &amp;&amp; wildList.indexOf(symbol) != -1): null

2019-08-23 18:57:35 - [TEST_STEP][PASSED] - symbol = symbol: null

2019-08-23 18:57:35 - [TEST_STEP][PASSED] - println(symbol): null

2019-08-23 18:57:35 - [TEST_STEP][PASSED] - if (i == 2 &amp;&amp; wildList.indexOf(symbol) != -1): null

2019-08-23 18:57:35 - [TEST_STEP][PASSED] - if (i == 3 &amp;&amp; wildList.indexOf(symbol) != -1): null

2019-08-23 18:57:35 - [TEST_STEP][PASSED] - if (i == 4 &amp;&amp; wildList.indexOf(symbol) != -1): null

2019-08-23 18:57:35 - [TEST_STEP][PASSED] - symbols = symbols: null

2019-08-23 18:57:35 - [TEST_STEP][PASSED] - for ([j = 0, j &lt; symbols.size(), (j++)]): null

2019-08-23 18:57:35 - [TEST_STEP][PASSED] - symbol = symbol: null

2019-08-23 18:57:35 - [TEST_STEP][PASSED] - println(symbol): null

2019-08-23 18:57:35 - [TEST_STEP][PASSED] - if (i == 2 &amp;&amp; wildList.indexOf(symbol) != -1): null

2019-08-23 18:57:35 - [TEST_STEP][PASSED] - if (i == 3 &amp;&amp; wildList.indexOf(symbol) != -1): null

2019-08-23 18:57:35 - [TEST_STEP][PASSED] - if (i == 4 &amp;&amp; wildList.indexOf(symbol) != -1): null

2019-08-23 18:57:35 - [TEST_STEP][PASSED] - symbol = symbol: null

2019-08-23 18:57:35 - [TEST_STEP][PASSED] - println(symbol): null

2019-08-23 18:57:35 - [TEST_STEP][PASSED] - if (i == 2 &amp;&amp; wildList.indexOf(symbol) != -1): null

2019-08-23 18:57:35 - [TEST_STEP][PASSED] - if (i == 3 &amp;&amp; wildList.indexOf(symbol) != -1): null

2019-08-23 18:57:35 - [TEST_STEP][PASSED] - if (i == 4 &amp;&amp; wildList.indexOf(symbol) != -1): null

2019-08-23 18:57:35 - [TEST_STEP][PASSED] - symbol = symbol: null

2019-08-23 18:57:35 - [TEST_STEP][PASSED] - println(symbol): null

2019-08-23 18:57:35 - [TEST_STEP][PASSED] - if (i == 2 &amp;&amp; wildList.indexOf(symbol) != -1): null

2019-08-23 18:57:35 - [TEST_STEP][PASSED] - if (i == 3 &amp;&amp; wildList.indexOf(symbol) != -1): null

2019-08-23 18:57:35 - [TEST_STEP][PASSED] - if (i == 4 &amp;&amp; wildList.indexOf(symbol) != -1): null

2019-08-23 18:57:35 - [TEST_STEP][PASSED] - symbols = symbols: null

2019-08-23 18:57:35 - [TEST_STEP][PASSED] - for ([j = 0, j &lt; symbols.size(), (j++)]): null

2019-08-23 18:57:35 - [TEST_STEP][PASSED] - symbol = symbol: null

2019-08-23 18:57:35 - [TEST_STEP][PASSED] - println(symbol): null

2019-08-23 18:57:35 - [TEST_STEP][PASSED] - if (i == 2 &amp;&amp; wildList.indexOf(symbol) != -1): null

2019-08-23 18:57:35 - [TEST_STEP][PASSED] - if (i == 3 &amp;&amp; wildList.indexOf(symbol) != -1): null

2019-08-23 18:57:35 - [TEST_STEP][PASSED] - if (i == 4 &amp;&amp; wildList.indexOf(symbol) != -1): null

2019-08-23 18:57:35 - [TEST_STEP][PASSED] - symbol = symbol: null

2019-08-23 18:57:35 - [TEST_STEP][PASSED] - println(symbol): null

2019-08-23 18:57:35 - [TEST_STEP][PASSED] - if (i == 2 &amp;&amp; wildList.indexOf(symbol) != -1): null

2019-08-23 18:57:35 - [TEST_STEP][PASSED] - if (i == 3 &amp;&amp; wildList.indexOf(symbol) != -1): null

2019-08-23 18:57:35 - [TEST_STEP][PASSED] - if (i == 4 &amp;&amp; wildList.indexOf(symbol) != -1): null

2019-08-23 18:57:35 - [TEST_STEP][PASSED] - symbol = symbol: null

2019-08-23 18:57:35 - [TEST_STEP][PASSED] - println(symbol): null

2019-08-23 18:57:35 - [TEST_STEP][PASSED] - if (i == 2 &amp;&amp; wildList.indexOf(symbol) != -1): null

2019-08-23 18:57:35 - [TEST_STEP][PASSED] - if (i == 3 &amp;&amp; wildList.indexOf(symbol) != -1): null

2019-08-23 18:57:35 - [TEST_STEP][PASSED] - if (i == 4 &amp;&amp; wildList.indexOf(symbol) != -1): null

2019-08-23 18:57:35 - [TEST_STEP][PASSED] - free_spin_reel_counter = free_spin_reel_counter: null

2019-08-23 18:57:35 - [TEST_STEP][PASSED] - println("reel 3 wild found: " + free_spin_reel_counter[0]): null

2019-08-23 18:57:35 - [TEST_STEP][PASSED] - println("reel 4 wild found: " + free_spin_reel_counter[1]): null

2019-08-23 18:57:35 - [TEST_STEP][PASSED] - println("reel 5 wild found: " + free_spin_reel_counter[2]): null

2019-08-23 18:57:35 - [TEST_STEP][PASSED] - M4_spin_reels = M4_spin_reels: null

2019-08-23 18:57:35 - [TEST_STEP][PASSED] - M4_spin_reels_symbols = symbol: null

2019-08-23 18:57:35 - [TEST_STEP][PASSED] - M4_spin_reels_symbols = M4_spin_reels_symbols: null

2019-08-23 18:57:35 - [TEST_STEP][PASSED] - M4_spin_reel_wins = reel_wins: null

2019-08-23 18:57:35 - [TEST_STEP][PASSED] - M4_spin_reel_wins = M4_spin_reel_wins: null

2019-08-23 18:57:35 - [TEST_STEP][PASSED] - println("GlobalVariable.M4_spin_reel_wins is: " + M4_spin_reel_wins): null

2019-08-23 18:57:35 - [TEST_STEP][PASSED] - M4_spin_total_bonus_win_this_round = total_bonus_win_this_round: null

2019-08-23 18:57:35 - [TEST_STEP][PASSED] - M4_spin_total_bonus_win_this_round = M4_spin_total_bonus_win_this_round: null

2019-08-23 18:57:35 - [TEST_STEP][PASSED] - println("GlobalVariable.M4_spin_total_bonus_win_this_round is: " + M4_spin_total_bonus_win_this_round): null

2019-08-23 18:57:35 - [TEST_STEP][PASSED] - M4_spin_bonus_spin_result = spin_result: null

2019-08-23 18:57:35 - [TEST_STEP][PASSED] - M4_spin_bonus_spin_result = M4_spin_bonus_spin_result: null

2019-08-23 18:57:35 - [MESSAGE][PASSED] - Verify response successfully

2019-08-23 18:57:35 - [MESSAGE][PASSED] - Send request and verify the response successfully

2019-08-23 18:57:35 - [TEST_STEP][PASSED] - if (free_spin_reel_counter[0] &gt;= 1 &amp;&amp; free_spin_reel_counter[1] &gt;= 1 &amp;&amp; free_spin_reel_counter[2] &gt;= 1): null

2019-08-23 18:57:35 - [TEST_STEP][PASSED] - spin_result = sendRequestAndVerify(findTestObject("INT/RGS(M4)/1_M4_spin", ["M4_login_user_id":M4_login_user_id, "rgs_session_token":rgs_session_token, "partner":Partner])): Send request and verify the response successfully

2019-08-23 18:57:36 - [MESSAGE][INFO] - HAR: /Users/eiralee/Katalon_Script/SuperWild/Reports/20190823_184757/INT/superWild_1/20190823_184757/requests/main/260.har

2019-08-23 18:57:36 - [TEST_CASE][PASSED] - Start Test Case : Verification: Verification accomplished successfully

2019-08-23 18:57:36 - [TEST_STEP][PASSED] - request = getInstance().getCurrentRequest(): null

2019-08-23 18:57:36 - [TEST_STEP][PASSED] - response = getInstance().getCurrentResponse(): null

2019-08-23 18:57:36 - [TEST_STEP][PASSED] - verifyResponseStatusCode(response, 200): Verify response status code successfully

2019-08-23 18:57:36 - [MESSAGE][PASSED] - Verify response status code successfully

2019-08-23 18:57:36 - [TEST_STEP][PASSED] - getStatusCode()).isEqualTo(200): null

2019-08-23 18:57:36 - [TEST_STEP][PASSED] - newline = System.getProperty("line.separator"): null

2019-08-23 18:57:36 - [TEST_STEP][PASSED] - M4_spin = new groovy.json.JsonSlurper(): null

2019-08-23 18:57:36 - [TEST_STEP][PASSED] - result_M4_spin = M4_spin.parseText(response.getResponseBodyContent()): null

2019-08-23 18:57:36 - [TEST_STEP][PASSED] - M4_spin_current_balance = current_balance: null

2019-08-23 18:57:36 - [TEST_STEP][PASSED] - M4_spin_current_balance = M4_spin_current_balance: null

2019-08-23 18:57:36 - [TEST_STEP][PASSED] - M4_spin_transaction_id = causality: null

2019-08-23 18:57:36 - [TEST_STEP][PASSED] - M4_spin_transaction_id = M4_spin_transaction_id: null

2019-08-23 18:57:36 - [TEST_STEP][PASSED] - M4_spin_round_id = round_id: null

2019-08-23 18:57:36 - [TEST_STEP][PASSED] - M4_spin_round_id = M4_spin_round_id: null

2019-08-23 18:57:36 - [TEST_STEP][PASSED] - M4_spin_line_wins = line_wins: null

2019-08-23 18:57:36 - [TEST_STEP][PASSED] - M4_spin_line_wins = M4_spin_line_wins: null

2019-08-23 18:57:36 - [TEST_STEP][PASSED] - M4_total_bonus_spins_int = total_bonus_spins: null

2019-08-23 18:57:36 - [TEST_STEP][PASSED] - println("******M4_total_bonus_spins type is:*******" + newline + getClass().getName()): null

2019-08-23 18:57:36 - [TEST_STEP][PASSED] - M4_total_bonus_spins_int = M4_total_bonus_spins_int: null

2019-08-23 18:57:36 - [TEST_STEP][PASSED] - M4_total_bonus_spins = Integer.toString(M4_total_bonus_spins_int): null

2019-08-23 18:57:36 - [TEST_STEP][PASSED] - M4_total_bonus_spins = M4_total_bonus_spins: null

2019-08-23 18:57:36 - [TEST_STEP][PASSED] - println("M4_total_bonus_spins is:" + M4_total_bonus_spins): null

2019-08-23 18:57:36 - [TEST_STEP][PASSED] - M4_spin_bonus_data = bonus_data: null

2019-08-23 18:57:36 - [TEST_STEP][PASSED] - M4_spin_features_triggered = result_M4_spin: null

2019-08-23 18:57:36 - [TEST_STEP][PASSED] - wild = []: null

2019-08-23 18:57:36 - [TEST_STEP][PASSED] - wild[0] = "WILD_Expanding": null

2019-08-23 18:57:36 - [TEST_STEP][PASSED] - wild[1] = "WILD_Normal": null

2019-08-23 18:57:36 - [TEST_STEP][PASSED] - wild[2] = "WILD_Double": null

2019-08-23 18:57:36 - [TEST_STEP][PASSED] - wild[3] = "WILD_ExtraFG": null

2019-08-23 18:57:36 - [TEST_STEP][PASSED] - wild[4] = "WILD_Triple": null

2019-08-23 18:57:36 - [TEST_STEP][PASSED] - wildList = Arrays.asList(wild): null

2019-08-23 18:57:36 - [TEST_STEP][PASSED] - wildList = wildList: null

2019-08-23 18:57:36 - [TEST_STEP][PASSED] - free_spin_reel_counter = []: null

2019-08-23 18:57:36 - [TEST_STEP][PASSED] - free_spin_reel_counter[0] = 0: null

2019-08-23 18:57:36 - [TEST_STEP][PASSED] - free_spin_reel_counter[1] = 0: null

2019-08-23 18:57:36 - [TEST_STEP][PASSED] - free_spin_reel_counter[2] = 0: null

2019-08-23 18:57:36 - [TEST_STEP][PASSED] - M4_spin_reels = reels: null

2019-08-23 18:57:36 - [TEST_STEP][PASSED] - for ([i = 0, i &lt; M4_spin_reels.size(), (i++)]): null

2019-08-23 18:57:36 - [TEST_STEP][PASSED] - symbols = symbols: null

2019-08-23 18:57:36 - [TEST_STEP][PASSED] - for ([j = 0, j &lt; symbols.size(), (j++)]): null

2019-08-23 18:57:36 - [TEST_STEP][PASSED] - symbol = symbol: null

2019-08-23 18:57:36 - [TEST_STEP][PASSED] - println(symbol): null

2019-08-23 18:57:36 - [TEST_STEP][PASSED] - if (i == 2 &amp;&amp; wildList.indexOf(symbol) != -1): null

2019-08-23 18:57:36 - [TEST_STEP][PASSED] - if (i == 3 &amp;&amp; wildList.indexOf(symbol) != -1): null

2019-08-23 18:57:36 - [TEST_STEP][PASSED] - if (i == 4 &amp;&amp; wildList.indexOf(symbol) != -1): null

2019-08-23 18:57:36 - [TEST_STEP][PASSED] - symbol = symbol: null

2019-08-23 18:57:36 - [TEST_STEP][PASSED] - println(symbol): null

2019-08-23 18:57:36 - [TEST_STEP][PASSED] - if (i == 2 &amp;&amp; wildList.indexOf(symbol) != -1): null

2019-08-23 18:57:36 - [TEST_STEP][PASSED] - if (i == 3 &amp;&amp; wildList.indexOf(symbol) != -1): null

2019-08-23 18:57:36 - [TEST_STEP][PASSED] - if (i == 4 &amp;&amp; wildList.indexOf(symbol) != -1): null

2019-08-23 18:57:36 - [TEST_STEP][PASSED] - symbol = symbol: null

2019-08-23 18:57:36 - [TEST_STEP][PASSED] - println(symbol): null

2019-08-23 18:57:36 - [TEST_STEP][PASSED] - if (i == 2 &amp;&amp; wildList.indexOf(symbol) != -1): null

2019-08-23 18:57:36 - [TEST_STEP][PASSED] - if (i == 3 &amp;&amp; wildList.indexOf(symbol) != -1): null

2019-08-23 18:57:36 - [TEST_STEP][PASSED] - if (i == 4 &amp;&amp; wildList.indexOf(symbol) != -1): null

2019-08-23 18:57:36 - [TEST_STEP][PASSED] - symbols = symbols: null

2019-08-23 18:57:36 - [TEST_STEP][PASSED] - for ([j = 0, j &lt; symbols.size(), (j++)]): null

2019-08-23 18:57:36 - [TEST_STEP][PASSED] - symbol = symbol: null

2019-08-23 18:57:36 - [TEST_STEP][PASSED] - println(symbol): null

2019-08-23 18:57:36 - [TEST_STEP][PASSED] - if (i == 2 &amp;&amp; wildList.indexOf(symbol) != -1): null

2019-08-23 18:57:36 - [TEST_STEP][PASSED] - if (i == 3 &amp;&amp; wildList.indexOf(symbol) != -1): null

2019-08-23 18:57:36 - [TEST_STEP][PASSED] - if (i == 4 &amp;&amp; wildList.indexOf(symbol) != -1): null

2019-08-23 18:57:36 - [TEST_STEP][PASSED] - symbol = symbol: null

2019-08-23 18:57:36 - [TEST_STEP][PASSED] - println(symbol): null

2019-08-23 18:57:36 - [TEST_STEP][PASSED] - if (i == 2 &amp;&amp; wildList.indexOf(symbol) != -1): null

2019-08-23 18:57:36 - [TEST_STEP][PASSED] - if (i == 3 &amp;&amp; wildList.indexOf(symbol) != -1): null

2019-08-23 18:57:36 - [TEST_STEP][PASSED] - if (i == 4 &amp;&amp; wildList.indexOf(symbol) != -1): null

2019-08-23 18:57:36 - [TEST_STEP][PASSED] - symbol = symbol: null

2019-08-23 18:57:36 - [TEST_STEP][PASSED] - println(symbol): null

2019-08-23 18:57:36 - [TEST_STEP][PASSED] - if (i == 2 &amp;&amp; wildList.indexOf(symbol) != -1): null

2019-08-23 18:57:36 - [TEST_STEP][PASSED] - if (i == 3 &amp;&amp; wildList.indexOf(symbol) != -1): null

2019-08-23 18:57:36 - [TEST_STEP][PASSED] - if (i == 4 &amp;&amp; wildList.indexOf(symbol) != -1): null

2019-08-23 18:57:36 - [TEST_STEP][PASSED] - symbols = symbols: null

2019-08-23 18:57:36 - [TEST_STEP][PASSED] - for ([j = 0, j &lt; symbols.size(), (j++)]): null

2019-08-23 18:57:36 - [TEST_STEP][PASSED] - symbol = symbol: null

2019-08-23 18:57:36 - [TEST_STEP][PASSED] - println(symbol): null

2019-08-23 18:57:36 - [TEST_STEP][PASSED] - if (i == 2 &amp;&amp; wildList.indexOf(symbol) != -1): null

2019-08-23 18:57:36 - [TEST_STEP][PASSED] - if (i == 3 &amp;&amp; wildList.indexOf(symbol) != -1): null

2019-08-23 18:57:36 - [TEST_STEP][PASSED] - if (i == 4 &amp;&amp; wildList.indexOf(symbol) != -1): null

2019-08-23 18:57:36 - [TEST_STEP][PASSED] - symbol = symbol: null

2019-08-23 18:57:36 - [TEST_STEP][PASSED] - println(symbol): null

2019-08-23 18:57:36 - [TEST_STEP][PASSED] - if (i == 2 &amp;&amp; wildList.indexOf(symbol) != -1): null

2019-08-23 18:57:36 - [TEST_STEP][PASSED] - if (i == 3 &amp;&amp; wildList.indexOf(symbol) != -1): null

2019-08-23 18:57:36 - [TEST_STEP][PASSED] - if (i == 4 &amp;&amp; wildList.indexOf(symbol) != -1): null

2019-08-23 18:57:36 - [TEST_STEP][PASSED] - symbol = symbol: null

2019-08-23 18:57:36 - [TEST_STEP][PASSED] - println(symbol): null

2019-08-23 18:57:36 - [TEST_STEP][PASSED] - if (i == 2 &amp;&amp; wildList.indexOf(symbol) != -1): null

2019-08-23 18:57:36 - [TEST_STEP][PASSED] - if (i == 3 &amp;&amp; wildList.indexOf(symbol) != -1): null

2019-08-23 18:57:36 - [TEST_STEP][PASSED] - if (i == 4 &amp;&amp; wildList.indexOf(symbol) != -1): null

2019-08-23 18:57:36 - [TEST_STEP][PASSED] - symbols = symbols: null

2019-08-23 18:57:36 - [TEST_STEP][PASSED] - for ([j = 0, j &lt; symbols.size(), (j++)]): null

2019-08-23 18:57:36 - [TEST_STEP][PASSED] - symbol = symbol: null

2019-08-23 18:57:36 - [TEST_STEP][PASSED] - println(symbol): null

2019-08-23 18:57:36 - [TEST_STEP][PASSED] - if (i == 2 &amp;&amp; wildList.indexOf(symbol) != -1): null

2019-08-23 18:57:36 - [TEST_STEP][PASSED] - if (i == 3 &amp;&amp; wildList.indexOf(symbol) != -1): null

2019-08-23 18:57:36 - [TEST_STEP][PASSED] - if (i == 4 &amp;&amp; wildList.indexOf(symbol) != -1): null

2019-08-23 18:57:36 - [TEST_STEP][PASSED] - symbol = symbol: null

2019-08-23 18:57:36 - [TEST_STEP][PASSED] - println(symbol): null

2019-08-23 18:57:36 - [TEST_STEP][PASSED] - if (i == 2 &amp;&amp; wildList.indexOf(symbol) != -1): null

2019-08-23 18:57:36 - [TEST_STEP][PASSED] - if (i == 3 &amp;&amp; wildList.indexOf(symbol) != -1): null

2019-08-23 18:57:36 - [TEST_STEP][PASSED] - if (i == 4 &amp;&amp; wildList.indexOf(symbol) != -1): null

2019-08-23 18:57:36 - [TEST_STEP][PASSED] - symbol = symbol: null

2019-08-23 18:57:36 - [TEST_STEP][PASSED] - println(symbol): null

2019-08-23 18:57:36 - [TEST_STEP][PASSED] - if (i == 2 &amp;&amp; wildList.indexOf(symbol) != -1): null

2019-08-23 18:57:36 - [TEST_STEP][PASSED] - if (i == 3 &amp;&amp; wildList.indexOf(symbol) != -1): null

2019-08-23 18:57:36 - [TEST_STEP][PASSED] - if (i == 4 &amp;&amp; wildList.indexOf(symbol) != -1): null

2019-08-23 18:57:36 - [TEST_STEP][PASSED] - symbols = symbols: null

2019-08-23 18:57:36 - [TEST_STEP][PASSED] - for ([j = 0, j &lt; symbols.size(), (j++)]): null

2019-08-23 18:57:36 - [TEST_STEP][PASSED] - symbol = symbol: null

2019-08-23 18:57:36 - [TEST_STEP][PASSED] - println(symbol): null

2019-08-23 18:57:36 - [TEST_STEP][PASSED] - if (i == 2 &amp;&amp; wildList.indexOf(symbol) != -1): null

2019-08-23 18:57:36 - [TEST_STEP][PASSED] - if (i == 3 &amp;&amp; wildList.indexOf(symbol) != -1): null

2019-08-23 18:57:36 - [TEST_STEP][PASSED] - if (i == 4 &amp;&amp; wildList.indexOf(symbol) != -1): null

2019-08-23 18:57:36 - [TEST_STEP][PASSED] - println("wild found on reel 5, adding counter by 1"): null

2019-08-23 18:57:36 - [TEST_STEP][PASSED] - free_spin_reel_counter[2] = free_spin_reel_counter[2] + 1: null

2019-08-23 18:57:36 - [TEST_STEP][PASSED] - symbol = symbol: null

2019-08-23 18:57:36 - [TEST_STEP][PASSED] - println(symbol): null

2019-08-23 18:57:36 - [TEST_STEP][PASSED] - if (i == 2 &amp;&amp; wildList.indexOf(symbol) != -1): null

2019-08-23 18:57:36 - [TEST_STEP][PASSED] - if (i == 3 &amp;&amp; wildList.indexOf(symbol) != -1): null

2019-08-23 18:57:36 - [TEST_STEP][PASSED] - if (i == 4 &amp;&amp; wildList.indexOf(symbol) != -1): null

2019-08-23 18:57:36 - [TEST_STEP][PASSED] - symbol = symbol: null

2019-08-23 18:57:36 - [TEST_STEP][PASSED] - println(symbol): null

2019-08-23 18:57:36 - [TEST_STEP][PASSED] - if (i == 2 &amp;&amp; wildList.indexOf(symbol) != -1): null

2019-08-23 18:57:36 - [TEST_STEP][PASSED] - if (i == 3 &amp;&amp; wildList.indexOf(symbol) != -1): null

2019-08-23 18:57:36 - [TEST_STEP][PASSED] - if (i == 4 &amp;&amp; wildList.indexOf(symbol) != -1): null

2019-08-23 18:57:36 - [TEST_STEP][PASSED] - free_spin_reel_counter = free_spin_reel_counter: null

2019-08-23 18:57:36 - [TEST_STEP][PASSED] - println("reel 3 wild found: " + free_spin_reel_counter[0]): null

2019-08-23 18:57:36 - [TEST_STEP][PASSED] - println("reel 4 wild found: " + free_spin_reel_counter[1]): null

2019-08-23 18:57:36 - [TEST_STEP][PASSED] - println("reel 5 wild found: " + free_spin_reel_counter[2]): null

2019-08-23 18:57:36 - [TEST_STEP][PASSED] - M4_spin_reels = M4_spin_reels: null

2019-08-23 18:57:36 - [TEST_STEP][PASSED] - M4_spin_reels_symbols = symbol: null

2019-08-23 18:57:36 - [TEST_STEP][PASSED] - M4_spin_reels_symbols = M4_spin_reels_symbols: null

2019-08-23 18:57:36 - [TEST_STEP][PASSED] - M4_spin_reel_wins = reel_wins: null

2019-08-23 18:57:36 - [TEST_STEP][PASSED] - M4_spin_reel_wins = M4_spin_reel_wins: null

2019-08-23 18:57:36 - [TEST_STEP][PASSED] - println("GlobalVariable.M4_spin_reel_wins is: " + M4_spin_reel_wins): null

2019-08-23 18:57:36 - [TEST_STEP][PASSED] - M4_spin_total_bonus_win_this_round = total_bonus_win_this_round: null

2019-08-23 18:57:36 - [TEST_STEP][PASSED] - M4_spin_total_bonus_win_this_round = M4_spin_total_bonus_win_this_round: null

2019-08-23 18:57:36 - [TEST_STEP][PASSED] - println("GlobalVariable.M4_spin_total_bonus_win_this_round is: " + M4_spin_total_bonus_win_this_round): null

2019-08-23 18:57:36 - [TEST_STEP][PASSED] - M4_spin_bonus_spin_result = spin_result: null

2019-08-23 18:57:36 - [TEST_STEP][PASSED] - M4_spin_bonus_spin_result = M4_spin_bonus_spin_result: null

2019-08-23 18:57:36 - [MESSAGE][PASSED] - Verify response successfully

2019-08-23 18:57:36 - [MESSAGE][PASSED] - Send request and verify the response successfully

2019-08-23 18:57:36 - [TEST_STEP][PASSED] - if (free_spin_reel_counter[0] &gt;= 1 &amp;&amp; free_spin_reel_counter[1] &gt;= 1 &amp;&amp; free_spin_reel_counter[2] &gt;= 1): null

2019-08-23 18:57:36 - [TEST_STEP][PASSED] - spin_result = sendRequestAndVerify(findTestObject("INT/RGS(M4)/1_M4_spin", ["M4_login_user_id":M4_login_user_id, "rgs_session_token":rgs_session_token, "partner":Partner])): Send request and verify the response successfully

2019-08-23 18:57:36 - [MESSAGE][INFO] - HAR: /Users/eiralee/Katalon_Script/SuperWild/Reports/20190823_184757/INT/superWild_1/20190823_184757/requests/main/261.har

2019-08-23 18:57:36 - [TEST_CASE][PASSED] - Start Test Case : Verification: Verification accomplished successfully

2019-08-23 18:57:36 - [TEST_STEP][PASSED] - request = getInstance().getCurrentRequest(): null

2019-08-23 18:57:36 - [TEST_STEP][PASSED] - response = getInstance().getCurrentResponse(): null

2019-08-23 18:57:36 - [TEST_STEP][PASSED] - verifyResponseStatusCode(response, 200): Verify response status code successfully

2019-08-23 18:57:36 - [MESSAGE][PASSED] - Verify response status code successfully

2019-08-23 18:57:36 - [TEST_STEP][PASSED] - getStatusCode()).isEqualTo(200): null

2019-08-23 18:57:36 - [TEST_STEP][PASSED] - newline = System.getProperty("line.separator"): null

2019-08-23 18:57:36 - [TEST_STEP][PASSED] - M4_spin = new groovy.json.JsonSlurper(): null

2019-08-23 18:57:36 - [TEST_STEP][PASSED] - result_M4_spin = M4_spin.parseText(response.getResponseBodyContent()): null

2019-08-23 18:57:36 - [TEST_STEP][PASSED] - M4_spin_current_balance = current_balance: null

2019-08-23 18:57:36 - [TEST_STEP][PASSED] - M4_spin_current_balance = M4_spin_current_balance: null

2019-08-23 18:57:36 - [TEST_STEP][PASSED] - M4_spin_transaction_id = causality: null

2019-08-23 18:57:36 - [TEST_STEP][PASSED] - M4_spin_transaction_id = M4_spin_transaction_id: null

2019-08-23 18:57:36 - [TEST_STEP][PASSED] - M4_spin_round_id = round_id: null

2019-08-23 18:57:36 - [TEST_STEP][PASSED] - M4_spin_round_id = M4_spin_round_id: null

2019-08-23 18:57:36 - [TEST_STEP][PASSED] - M4_spin_line_wins = line_wins: null

2019-08-23 18:57:36 - [TEST_STEP][PASSED] - M4_spin_line_wins = M4_spin_line_wins: null

2019-08-23 18:57:36 - [TEST_STEP][PASSED] - M4_total_bonus_spins_int = total_bonus_spins: null

2019-08-23 18:57:36 - [TEST_STEP][PASSED] - println("******M4_total_bonus_spins type is:*******" + newline + getClass().getName()): null

2019-08-23 18:57:36 - [TEST_STEP][PASSED] - M4_total_bonus_spins_int = M4_total_bonus_spins_int: null

2019-08-23 18:57:36 - [TEST_STEP][PASSED] - M4_total_bonus_spins = Integer.toString(M4_total_bonus_spins_int): null

2019-08-23 18:57:36 - [TEST_STEP][PASSED] - M4_total_bonus_spins = M4_total_bonus_spins: null

2019-08-23 18:57:36 - [TEST_STEP][PASSED] - println("M4_total_bonus_spins is:" + M4_total_bonus_spins): null

2019-08-23 18:57:36 - [TEST_STEP][PASSED] - M4_spin_bonus_data = bonus_data: null

2019-08-23 18:57:36 - [TEST_STEP][PASSED] - M4_spin_features_triggered = result_M4_spin: null

2019-08-23 18:57:36 - [TEST_STEP][PASSED] - wild = []: null

2019-08-23 18:57:36 - [TEST_STEP][PASSED] - wild[0] = "WILD_Expanding": null

2019-08-23 18:57:36 - [TEST_STEP][PASSED] - wild[1] = "WILD_Normal": null

2019-08-23 18:57:36 - [TEST_STEP][PASSED] - wild[2] = "WILD_Double": null

2019-08-23 18:57:36 - [TEST_STEP][PASSED] - wild[3] = "WILD_ExtraFG": null

2019-08-23 18:57:36 - [TEST_STEP][PASSED] - wild[4] = "WILD_Triple": null

2019-08-23 18:57:36 - [TEST_STEP][PASSED] - wildList = Arrays.asList(wild): null

2019-08-23 18:57:36 - [TEST_STEP][PASSED] - wildList = wildList: null

2019-08-23 18:57:36 - [TEST_STEP][PASSED] - free_spin_reel_counter = []: null

2019-08-23 18:57:36 - [TEST_STEP][PASSED] - free_spin_reel_counter[0] = 0: null

2019-08-23 18:57:36 - [TEST_STEP][PASSED] - free_spin_reel_counter[1] = 0: null

2019-08-23 18:57:36 - [TEST_STEP][PASSED] - free_spin_reel_counter[2] = 0: null

2019-08-23 18:57:36 - [TEST_STEP][PASSED] - M4_spin_reels = reels: null

2019-08-23 18:57:36 - [TEST_STEP][PASSED] - for ([i = 0, i &lt; M4_spin_reels.size(), (i++)]): null

2019-08-23 18:57:36 - [TEST_STEP][PASSED] - symbols = symbols: null

2019-08-23 18:57:36 - [TEST_STEP][PASSED] - for ([j = 0, j &lt; symbols.size(), (j++)]): null

2019-08-23 18:57:36 - [TEST_STEP][PASSED] - symbol = symbol: null

2019-08-23 18:57:36 - [TEST_STEP][PASSED] - println(symbol): null

2019-08-23 18:57:36 - [TEST_STEP][PASSED] - if (i == 2 &amp;&amp; wildList.indexOf(symbol) != -1): null

2019-08-23 18:57:36 - [TEST_STEP][PASSED] - if (i == 3 &amp;&amp; wildList.indexOf(symbol) != -1): null

2019-08-23 18:57:36 - [TEST_STEP][PASSED] - if (i == 4 &amp;&amp; wildList.indexOf(symbol) != -1): null

2019-08-23 18:57:36 - [TEST_STEP][PASSED] - symbol = symbol: null

2019-08-23 18:57:36 - [TEST_STEP][PASSED] - println(symbol): null

2019-08-23 18:57:36 - [TEST_STEP][PASSED] - if (i == 2 &amp;&amp; wildList.indexOf(symbol) != -1): null

2019-08-23 18:57:36 - [TEST_STEP][PASSED] - if (i == 3 &amp;&amp; wildList.indexOf(symbol) != -1): null

2019-08-23 18:57:36 - [TEST_STEP][PASSED] - if (i == 4 &amp;&amp; wildList.indexOf(symbol) != -1): null

2019-08-23 18:57:36 - [TEST_STEP][PASSED] - symbol = symbol: null

2019-08-23 18:57:36 - [TEST_STEP][PASSED] - println(symbol): null

2019-08-23 18:57:36 - [TEST_STEP][PASSED] - if (i == 2 &amp;&amp; wildList.indexOf(symbol) != -1): null

2019-08-23 18:57:36 - [TEST_STEP][PASSED] - if (i == 3 &amp;&amp; wildList.indexOf(symbol) != -1): null

2019-08-23 18:57:36 - [TEST_STEP][PASSED] - if (i == 4 &amp;&amp; wildList.indexOf(symbol) != -1): null

2019-08-23 18:57:36 - [TEST_STEP][PASSED] - symbols = symbols: null

2019-08-23 18:57:36 - [TEST_STEP][PASSED] - for ([j = 0, j &lt; symbols.size(), (j++)]): null

2019-08-23 18:57:36 - [TEST_STEP][PASSED] - symbol = symbol: null

2019-08-23 18:57:36 - [TEST_STEP][PASSED] - println(symbol): null

2019-08-23 18:57:36 - [TEST_STEP][PASSED] - if (i == 2 &amp;&amp; wildList.indexOf(symbol) != -1): null

2019-08-23 18:57:36 - [TEST_STEP][PASSED] - if (i == 3 &amp;&amp; wildList.indexOf(symbol) != -1): null

2019-08-23 18:57:36 - [TEST_STEP][PASSED] - if (i == 4 &amp;&amp; wildList.indexOf(symbol) != -1): null

2019-08-23 18:57:36 - [TEST_STEP][PASSED] - symbol = symbol: null

2019-08-23 18:57:36 - [TEST_STEP][PASSED] - println(symbol): null

2019-08-23 18:57:36 - [TEST_STEP][PASSED] - if (i == 2 &amp;&amp; wildList.indexOf(symbol) != -1): null

2019-08-23 18:57:36 - [TEST_STEP][PASSED] - if (i == 3 &amp;&amp; wildList.indexOf(symbol) != -1): null

2019-08-23 18:57:36 - [TEST_STEP][PASSED] - if (i == 4 &amp;&amp; wildList.indexOf(symbol) != -1): null

2019-08-23 18:57:36 - [TEST_STEP][PASSED] - symbol = symbol: null

2019-08-23 18:57:36 - [TEST_STEP][PASSED] - println(symbol): null

2019-08-23 18:57:36 - [TEST_STEP][PASSED] - if (i == 2 &amp;&amp; wildList.indexOf(symbol) != -1): null

2019-08-23 18:57:36 - [TEST_STEP][PASSED] - if (i == 3 &amp;&amp; wildList.indexOf(symbol) != -1): null

2019-08-23 18:57:36 - [TEST_STEP][PASSED] - if (i == 4 &amp;&amp; wildList.indexOf(symbol) != -1): null

2019-08-23 18:57:36 - [TEST_STEP][PASSED] - symbols = symbols: null

2019-08-23 18:57:36 - [TEST_STEP][PASSED] - for ([j = 0, j &lt; symbols.size(), (j++)]): null

2019-08-23 18:57:36 - [TEST_STEP][PASSED] - symbol = symbol: null

2019-08-23 18:57:36 - [TEST_STEP][PASSED] - println(symbol): null

2019-08-23 18:57:36 - [TEST_STEP][PASSED] - if (i == 2 &amp;&amp; wildList.indexOf(symbol) != -1): null

2019-08-23 18:57:36 - [TEST_STEP][PASSED] - if (i == 3 &amp;&amp; wildList.indexOf(symbol) != -1): null

2019-08-23 18:57:36 - [TEST_STEP][PASSED] - if (i == 4 &amp;&amp; wildList.indexOf(symbol) != -1): null

2019-08-23 18:57:39 - [TEST_STEP][PASSED] - symbol = symbol: null

2019-08-23 18:57:39 - [TEST_STEP][PASSED] - println(symbol): null

2019-08-23 18:57:39 - [TEST_STEP][PASSED] - if (i == 2 &amp;&amp; wildList.indexOf(symbol) != -1): null

2019-08-23 18:57:39 - [TEST_STEP][PASSED] - if (i == 3 &amp;&amp; wildList.indexOf(symbol) != -1): null

2019-08-23 18:57:39 - [TEST_STEP][PASSED] - if (i == 4 &amp;&amp; wildList.indexOf(symbol) != -1): null

2019-08-23 18:57:39 - [TEST_STEP][PASSED] - symbol = symbol: null

2019-08-23 18:57:39 - [TEST_STEP][PASSED] - println(symbol): null

2019-08-23 18:57:39 - [TEST_STEP][PASSED] - if (i == 2 &amp;&amp; wildList.indexOf(symbol) != -1): null

2019-08-23 18:57:39 - [TEST_STEP][PASSED] - if (i == 3 &amp;&amp; wildList.indexOf(symbol) != -1): null

2019-08-23 18:57:39 - [TEST_STEP][PASSED] - if (i == 4 &amp;&amp; wildList.indexOf(symbol) != -1): null

2019-08-23 18:57:39 - [TEST_STEP][PASSED] - symbols = symbols: null

2019-08-23 18:57:39 - [TEST_STEP][PASSED] - for ([j = 0, j &lt; symbols.size(), (j++)]): null

2019-08-23 18:57:39 - [TEST_STEP][PASSED] - symbol = symbol: null

2019-08-23 18:57:39 - [TEST_STEP][PASSED] - println(symbol): null

2019-08-23 18:57:39 - [TEST_STEP][PASSED] - if (i == 2 &amp;&amp; wildList.indexOf(symbol) != -1): null

2019-08-23 18:57:39 - [TEST_STEP][PASSED] - if (i == 3 &amp;&amp; wildList.indexOf(symbol) != -1): null

2019-08-23 18:57:39 - [TEST_STEP][PASSED] - if (i == 4 &amp;&amp; wildList.indexOf(symbol) != -1): null

2019-08-23 18:57:39 - [TEST_STEP][PASSED] - symbol = symbol: null

2019-08-23 18:57:39 - [TEST_STEP][PASSED] - println(symbol): null

2019-08-23 18:57:39 - [TEST_STEP][PASSED] - if (i == 2 &amp;&amp; wildList.indexOf(symbol) != -1): null

2019-08-23 18:57:39 - [TEST_STEP][PASSED] - if (i == 3 &amp;&amp; wildList.indexOf(symbol) != -1): null

2019-08-23 18:57:39 - [TEST_STEP][PASSED] - if (i == 4 &amp;&amp; wildList.indexOf(symbol) != -1): null

2019-08-23 18:57:39 - [TEST_STEP][PASSED] - symbol = symbol: null

2019-08-23 18:57:39 - [TEST_STEP][PASSED] - println(symbol): null

2019-08-23 18:57:39 - [TEST_STEP][PASSED] - if (i == 2 &amp;&amp; wildList.indexOf(symbol) != -1): null

2019-08-23 18:57:39 - [TEST_STEP][PASSED] - if (i == 3 &amp;&amp; wildList.indexOf(symbol) != -1): null

2019-08-23 18:57:39 - [TEST_STEP][PASSED] - if (i == 4 &amp;&amp; wildList.indexOf(symbol) != -1): null

2019-08-23 18:57:39 - [TEST_STEP][PASSED] - symbols = symbols: null

2019-08-23 18:57:39 - [TEST_STEP][PASSED] - for ([j = 0, j &lt; symbols.size(), (j++)]): null

2019-08-23 18:57:39 - [TEST_STEP][PASSED] - symbol = symbol: null

2019-08-23 18:57:39 - [TEST_STEP][PASSED] - println(symbol): null

2019-08-23 18:57:39 - [TEST_STEP][PASSED] - if (i == 2 &amp;&amp; wildList.indexOf(symbol) != -1): null

2019-08-23 18:57:39 - [TEST_STEP][PASSED] - if (i == 3 &amp;&amp; wildList.indexOf(symbol) != -1): null

2019-08-23 18:57:39 - [TEST_STEP][PASSED] - if (i == 4 &amp;&amp; wildList.indexOf(symbol) != -1): null

2019-08-23 18:57:39 - [TEST_STEP][PASSED] - symbol = symbol: null

2019-08-23 18:57:39 - [TEST_STEP][PASSED] - println(symbol): null

2019-08-23 18:57:39 - [TEST_STEP][PASSED] - if (i == 2 &amp;&amp; wildList.indexOf(symbol) != -1): null

2019-08-23 18:57:39 - [TEST_STEP][PASSED] - if (i == 3 &amp;&amp; wildList.indexOf(symbol) != -1): null

2019-08-23 18:57:39 - [TEST_STEP][PASSED] - if (i == 4 &amp;&amp; wildList.indexOf(symbol) != -1): null

2019-08-23 18:57:39 - [TEST_STEP][PASSED] - symbol = symbol: null

2019-08-23 18:57:39 - [TEST_STEP][PASSED] - println(symbol): null

2019-08-23 18:57:39 - [TEST_STEP][PASSED] - if (i == 2 &amp;&amp; wildList.indexOf(symbol) != -1): null

2019-08-23 18:57:39 - [TEST_STEP][PASSED] - if (i == 3 &amp;&amp; wildList.indexOf(symbol) != -1): null

2019-08-23 18:57:39 - [TEST_STEP][PASSED] - if (i == 4 &amp;&amp; wildList.indexOf(symbol) != -1): null

2019-08-23 18:57:39 - [TEST_STEP][PASSED] - free_spin_reel_counter = free_spin_reel_counter: null

2019-08-23 18:57:39 - [TEST_STEP][PASSED] - println("reel 3 wild found: " + free_spin_reel_counter[0]): null

2019-08-23 18:57:39 - [TEST_STEP][PASSED] - println("reel 4 wild found: " + free_spin_reel_counter[1]): null

2019-08-23 18:57:39 - [TEST_STEP][PASSED] - println("reel 5 wild found: " + free_spin_reel_counter[2]): null

2019-08-23 18:57:39 - [TEST_STEP][PASSED] - M4_spin_reels = M4_spin_reels: null

2019-08-23 18:57:39 - [TEST_STEP][PASSED] - M4_spin_reels_symbols = symbol: null

2019-08-23 18:57:39 - [TEST_STEP][PASSED] - M4_spin_reels_symbols = M4_spin_reels_symbols: null

2019-08-23 18:57:39 - [TEST_STEP][PASSED] - M4_spin_reel_wins = reel_wins: null

2019-08-23 18:57:39 - [TEST_STEP][PASSED] - M4_spin_reel_wins = M4_spin_reel_wins: null

2019-08-23 18:57:39 - [TEST_STEP][PASSED] - println("GlobalVariable.M4_spin_reel_wins is: " + M4_spin_reel_wins): null

2019-08-23 18:57:39 - [TEST_STEP][PASSED] - M4_spin_total_bonus_win_this_round = total_bonus_win_this_round: null

2019-08-23 18:57:39 - [TEST_STEP][PASSED] - M4_spin_total_bonus_win_this_round = M4_spin_total_bonus_win_this_round: null

2019-08-23 18:57:39 - [TEST_STEP][PASSED] - println("GlobalVariable.M4_spin_total_bonus_win_this_round is: " + M4_spin_total_bonus_win_this_round): null

2019-08-23 18:57:39 - [TEST_STEP][PASSED] - M4_spin_bonus_spin_result = spin_result: null

2019-08-23 18:57:39 - [TEST_STEP][PASSED] - M4_spin_bonus_spin_result = M4_spin_bonus_spin_result: null

2019-08-23 18:57:39 - [MESSAGE][PASSED] - Verify response successfully

2019-08-23 18:57:39 - [MESSAGE][PASSED] - Send request and verify the response successfully

2019-08-23 18:57:39 - [TEST_STEP][PASSED] - if (free_spin_reel_counter[0] &gt;= 1 &amp;&amp; free_spin_reel_counter[1] &gt;= 1 &amp;&amp; free_spin_reel_counter[2] &gt;= 1): null

2019-08-23 18:57:39 - [TEST_STEP][PASSED] - spin_result = sendRequestAndVerify(findTestObject("INT/RGS(M4)/1_M4_spin", ["M4_login_user_id":M4_login_user_id, "rgs_session_token":rgs_session_token, "partner":Partner])): Send request and verify the response successfully

2019-08-23 18:57:39 - [MESSAGE][INFO] - HAR: /Users/eiralee/Katalon_Script/SuperWild/Reports/20190823_184757/INT/superWild_1/20190823_184757/requests/main/262.har

2019-08-23 18:57:39 - [TEST_CASE][PASSED] - Start Test Case : Verification: Verification accomplished successfully

2019-08-23 18:57:39 - [TEST_STEP][PASSED] - request = getInstance().getCurrentRequest(): null

2019-08-23 18:57:39 - [TEST_STEP][PASSED] - response = getInstance().getCurrentResponse(): null

2019-08-23 18:57:39 - [TEST_STEP][PASSED] - verifyResponseStatusCode(response, 200): Verify response status code successfully

2019-08-23 18:57:39 - [MESSAGE][PASSED] - Verify response status code successfully

2019-08-23 18:57:39 - [TEST_STEP][PASSED] - getStatusCode()).isEqualTo(200): null

2019-08-23 18:57:39 - [TEST_STEP][PASSED] - newline = System.getProperty("line.separator"): null

2019-08-23 18:57:39 - [TEST_STEP][PASSED] - M4_spin = new groovy.json.JsonSlurper(): null

2019-08-23 18:57:39 - [TEST_STEP][PASSED] - result_M4_spin = M4_spin.parseText(response.getResponseBodyContent()): null

2019-08-23 18:57:39 - [TEST_STEP][PASSED] - M4_spin_current_balance = current_balance: null

2019-08-23 18:57:39 - [TEST_STEP][PASSED] - M4_spin_current_balance = M4_spin_current_balance: null

2019-08-23 18:57:39 - [TEST_STEP][PASSED] - M4_spin_transaction_id = causality: null

2019-08-23 18:57:39 - [TEST_STEP][PASSED] - M4_spin_transaction_id = M4_spin_transaction_id: null

2019-08-23 18:57:39 - [TEST_STEP][PASSED] - M4_spin_round_id = round_id: null

2019-08-23 18:57:39 - [TEST_STEP][PASSED] - M4_spin_round_id = M4_spin_round_id: null

2019-08-23 18:57:39 - [TEST_STEP][PASSED] - M4_spin_line_wins = line_wins: null

2019-08-23 18:57:39 - [TEST_STEP][PASSED] - M4_spin_line_wins = M4_spin_line_wins: null

2019-08-23 18:57:39 - [TEST_STEP][PASSED] - M4_total_bonus_spins_int = total_bonus_spins: null

2019-08-23 18:57:39 - [TEST_STEP][PASSED] - println("******M4_total_bonus_spins type is:*******" + newline + getClass().getName()): null

2019-08-23 18:57:39 - [TEST_STEP][PASSED] - M4_total_bonus_spins_int = M4_total_bonus_spins_int: null

2019-08-23 18:57:39 - [TEST_STEP][PASSED] - M4_total_bonus_spins = Integer.toString(M4_total_bonus_spins_int): null

2019-08-23 18:57:39 - [TEST_STEP][PASSED] - M4_total_bonus_spins = M4_total_bonus_spins: null

2019-08-23 18:57:39 - [TEST_STEP][PASSED] - println("M4_total_bonus_spins is:" + M4_total_bonus_spins): null

2019-08-23 18:57:39 - [TEST_STEP][PASSED] - M4_spin_bonus_data = bonus_data: null

2019-08-23 18:57:39 - [TEST_STEP][PASSED] - M4_spin_features_triggered = result_M4_spin: null

2019-08-23 18:57:39 - [TEST_STEP][PASSED] - wild = []: null

2019-08-23 18:57:39 - [TEST_STEP][PASSED] - wild[0] = "WILD_Expanding": null

2019-08-23 18:57:39 - [TEST_STEP][PASSED] - wild[1] = "WILD_Normal": null

2019-08-23 18:57:39 - [TEST_STEP][PASSED] - wild[2] = "WILD_Double": null

2019-08-23 18:57:39 - [TEST_STEP][PASSED] - wild[3] = "WILD_ExtraFG": null

2019-08-23 18:57:39 - [TEST_STEP][PASSED] - wild[4] = "WILD_Triple": null

2019-08-23 18:57:39 - [TEST_STEP][PASSED] - wildList = Arrays.asList(wild): null

2019-08-23 18:57:39 - [TEST_STEP][PASSED] - wildList = wildList: null

2019-08-23 18:57:39 - [TEST_STEP][PASSED] - free_spin_reel_counter = []: null

2019-08-23 18:57:39 - [TEST_STEP][PASSED] - free_spin_reel_counter[0] = 0: null

2019-08-23 18:57:39 - [TEST_STEP][PASSED] - free_spin_reel_counter[1] = 0: null

2019-08-23 18:57:39 - [TEST_STEP][PASSED] - free_spin_reel_counter[2] = 0: null

2019-08-23 18:57:39 - [TEST_STEP][PASSED] - M4_spin_reels = reels: null

2019-08-23 18:57:39 - [TEST_STEP][PASSED] - for ([i = 0, i &lt; M4_spin_reels.size(), (i++)]): null

2019-08-23 18:57:39 - [TEST_STEP][PASSED] - symbols = symbols: null

2019-08-23 18:57:39 - [TEST_STEP][PASSED] - for ([j = 0, j &lt; symbols.size(), (j++)]): null

2019-08-23 18:57:39 - [TEST_STEP][PASSED] - symbol = symbol: null

2019-08-23 18:57:39 - [TEST_STEP][PASSED] - println(symbol): null

2019-08-23 18:57:39 - [TEST_STEP][PASSED] - if (i == 2 &amp;&amp; wildList.indexOf(symbol) != -1): null

2019-08-23 18:57:39 - [TEST_STEP][PASSED] - if (i == 3 &amp;&amp; wildList.indexOf(symbol) != -1): null

2019-08-23 18:57:39 - [TEST_STEP][PASSED] - if (i == 4 &amp;&amp; wildList.indexOf(symbol) != -1): null

2019-08-23 18:57:39 - [TEST_STEP][PASSED] - symbol = symbol: null

2019-08-23 18:57:39 - [TEST_STEP][PASSED] - println(symbol): null

2019-08-23 18:57:39 - [TEST_STEP][PASSED] - if (i == 2 &amp;&amp; wildList.indexOf(symbol) != -1): null

2019-08-23 18:57:39 - [TEST_STEP][PASSED] - if (i == 3 &amp;&amp; wildList.indexOf(symbol) != -1): null

2019-08-23 18:57:39 - [TEST_STEP][PASSED] - if (i == 4 &amp;&amp; wildList.indexOf(symbol) != -1): null

2019-08-23 18:57:39 - [TEST_STEP][PASSED] - symbol = symbol: null

2019-08-23 18:57:39 - [TEST_STEP][PASSED] - println(symbol): null

2019-08-23 18:57:39 - [TEST_STEP][PASSED] - if (i == 2 &amp;&amp; wildList.indexOf(symbol) != -1): null

2019-08-23 18:57:39 - [TEST_STEP][PASSED] - if (i == 3 &amp;&amp; wildList.indexOf(symbol) != -1): null

2019-08-23 18:57:39 - [TEST_STEP][PASSED] - if (i == 4 &amp;&amp; wildList.indexOf(symbol) != -1): null

2019-08-23 18:57:39 - [TEST_STEP][PASSED] - symbols = symbols: null

2019-08-23 18:57:39 - [TEST_STEP][PASSED] - for ([j = 0, j &lt; symbols.size(), (j++)]): null

2019-08-23 18:57:39 - [TEST_STEP][PASSED] - symbol = symbol: null

2019-08-23 18:57:39 - [TEST_STEP][PASSED] - println(symbol): null

2019-08-23 18:57:39 - [TEST_STEP][PASSED] - if (i == 2 &amp;&amp; wildList.indexOf(symbol) != -1): null

2019-08-23 18:57:39 - [TEST_STEP][PASSED] - if (i == 3 &amp;&amp; wildList.indexOf(symbol) != -1): null

2019-08-23 18:57:39 - [TEST_STEP][PASSED] - if (i == 4 &amp;&amp; wildList.indexOf(symbol) != -1): null

2019-08-23 18:57:39 - [TEST_STEP][PASSED] - symbol = symbol: null

2019-08-23 18:57:39 - [TEST_STEP][PASSED] - println(symbol): null

2019-08-23 18:57:39 - [TEST_STEP][PASSED] - if (i == 2 &amp;&amp; wildList.indexOf(symbol) != -1): null

2019-08-23 18:57:39 - [TEST_STEP][PASSED] - if (i == 3 &amp;&amp; wildList.indexOf(symbol) != -1): null

2019-08-23 18:57:39 - [TEST_STEP][PASSED] - if (i == 4 &amp;&amp; wildList.indexOf(symbol) != -1): null

2019-08-23 18:57:39 - [TEST_STEP][PASSED] - symbol = symbol: null

2019-08-23 18:57:39 - [TEST_STEP][PASSED] - println(symbol): null

2019-08-23 18:57:39 - [TEST_STEP][PASSED] - if (i == 2 &amp;&amp; wildList.indexOf(symbol) != -1): null

2019-08-23 18:57:39 - [TEST_STEP][PASSED] - if (i == 3 &amp;&amp; wildList.indexOf(symbol) != -1): null

2019-08-23 18:57:39 - [TEST_STEP][PASSED] - if (i == 4 &amp;&amp; wildList.indexOf(symbol) != -1): null

2019-08-23 18:57:39 - [TEST_STEP][PASSED] - symbols = symbols: null

2019-08-23 18:57:39 - [TEST_STEP][PASSED] - for ([j = 0, j &lt; symbols.size(), (j++)]): null

2019-08-23 18:57:39 - [TEST_STEP][PASSED] - symbol = symbol: null

2019-08-23 18:57:39 - [TEST_STEP][PASSED] - println(symbol): null

2019-08-23 18:57:39 - [TEST_STEP][PASSED] - if (i == 2 &amp;&amp; wildList.indexOf(symbol) != -1): null

2019-08-23 18:57:39 - [TEST_STEP][PASSED] - if (i == 3 &amp;&amp; wildList.indexOf(symbol) != -1): null

2019-08-23 18:57:39 - [TEST_STEP][PASSED] - if (i == 4 &amp;&amp; wildList.indexOf(symbol) != -1): null

2019-08-23 18:57:39 - [TEST_STEP][PASSED] - symbol = symbol: null

2019-08-23 18:57:39 - [TEST_STEP][PASSED] - println(symbol): null

2019-08-23 18:57:39 - [TEST_STEP][PASSED] - if (i == 2 &amp;&amp; wildList.indexOf(symbol) != -1): null

2019-08-23 18:57:39 - [TEST_STEP][PASSED] - if (i == 3 &amp;&amp; wildList.indexOf(symbol) != -1): null

2019-08-23 18:57:39 - [TEST_STEP][PASSED] - if (i == 4 &amp;&amp; wildList.indexOf(symbol) != -1): null

2019-08-23 18:57:39 - [TEST_STEP][PASSED] - symbol = symbol: null

2019-08-23 18:57:39 - [TEST_STEP][PASSED] - println(symbol): null

2019-08-23 18:57:39 - [TEST_STEP][PASSED] - if (i == 2 &amp;&amp; wildList.indexOf(symbol) != -1): null

2019-08-23 18:57:39 - [TEST_STEP][PASSED] - if (i == 3 &amp;&amp; wildList.indexOf(symbol) != -1): null

2019-08-23 18:57:39 - [TEST_STEP][PASSED] - if (i == 4 &amp;&amp; wildList.indexOf(symbol) != -1): null

2019-08-23 18:57:39 - [TEST_STEP][PASSED] - symbols = symbols: null

2019-08-23 18:57:39 - [TEST_STEP][PASSED] - for ([j = 0, j &lt; symbols.size(), (j++)]): null

2019-08-23 18:57:39 - [TEST_STEP][PASSED] - symbol = symbol: null

2019-08-23 18:57:39 - [TEST_STEP][PASSED] - println(symbol): null

2019-08-23 18:57:39 - [TEST_STEP][PASSED] - if (i == 2 &amp;&amp; wildList.indexOf(symbol) != -1): null

2019-08-23 18:57:39 - [TEST_STEP][PASSED] - if (i == 3 &amp;&amp; wildList.indexOf(symbol) != -1): null

2019-08-23 18:57:39 - [TEST_STEP][PASSED] - if (i == 4 &amp;&amp; wildList.indexOf(symbol) != -1): null

2019-08-23 18:57:39 - [TEST_STEP][PASSED] - symbol = symbol: null

2019-08-23 18:57:39 - [TEST_STEP][PASSED] - println(symbol): null

2019-08-23 18:57:39 - [TEST_STEP][PASSED] - if (i == 2 &amp;&amp; wildList.indexOf(symbol) != -1): null

2019-08-23 18:57:39 - [TEST_STEP][PASSED] - if (i == 3 &amp;&amp; wildList.indexOf(symbol) != -1): null

2019-08-23 18:57:39 - [TEST_STEP][PASSED] - if (i == 4 &amp;&amp; wildList.indexOf(symbol) != -1): null

2019-08-23 18:57:39 - [TEST_STEP][PASSED] - symbol = symbol: null

2019-08-23 18:57:39 - [TEST_STEP][PASSED] - println(symbol): null

2019-08-23 18:57:39 - [TEST_STEP][PASSED] - if (i == 2 &amp;&amp; wildList.indexOf(symbol) != -1): null

2019-08-23 18:57:39 - [TEST_STEP][PASSED] - if (i == 3 &amp;&amp; wildList.indexOf(symbol) != -1): null

2019-08-23 18:57:39 - [TEST_STEP][PASSED] - if (i == 4 &amp;&amp; wildList.indexOf(symbol) != -1): null

2019-08-23 18:57:39 - [TEST_STEP][PASSED] - symbols = symbols: null

2019-08-23 18:57:39 - [TEST_STEP][PASSED] - for ([j = 0, j &lt; symbols.size(), (j++)]): null

2019-08-23 18:57:39 - [TEST_STEP][PASSED] - symbol = symbol: null

2019-08-23 18:57:39 - [TEST_STEP][PASSED] - println(symbol): null

2019-08-23 18:57:39 - [TEST_STEP][PASSED] - if (i == 2 &amp;&amp; wildList.indexOf(symbol) != -1): null

2019-08-23 18:57:39 - [TEST_STEP][PASSED] - if (i == 3 &amp;&amp; wildList.indexOf(symbol) != -1): null

2019-08-23 18:57:39 - [TEST_STEP][PASSED] - if (i == 4 &amp;&amp; wildList.indexOf(symbol) != -1): null

2019-08-23 18:57:39 - [TEST_STEP][PASSED] - symbol = symbol: null

2019-08-23 18:57:39 - [TEST_STEP][PASSED] - println(symbol): null

2019-08-23 18:57:39 - [TEST_STEP][PASSED] - if (i == 2 &amp;&amp; wildList.indexOf(symbol) != -1): null

2019-08-23 18:57:39 - [TEST_STEP][PASSED] - if (i == 3 &amp;&amp; wildList.indexOf(symbol) != -1): null

2019-08-23 18:57:39 - [TEST_STEP][PASSED] - if (i == 4 &amp;&amp; wildList.indexOf(symbol) != -1): null

2019-08-23 18:57:39 - [TEST_STEP][PASSED] - symbol = symbol: null

2019-08-23 18:57:39 - [TEST_STEP][PASSED] - println(symbol): null

2019-08-23 18:57:39 - [TEST_STEP][PASSED] - if (i == 2 &amp;&amp; wildList.indexOf(symbol) != -1): null

2019-08-23 18:57:39 - [TEST_STEP][PASSED] - if (i == 3 &amp;&amp; wildList.indexOf(symbol) != -1): null

2019-08-23 18:57:39 - [TEST_STEP][PASSED] - if (i == 4 &amp;&amp; wildList.indexOf(symbol) != -1): null

2019-08-23 18:57:39 - [TEST_STEP][PASSED] - free_spin_reel_counter = free_spin_reel_counter: null

2019-08-23 18:57:39 - [TEST_STEP][PASSED] - println("reel 3 wild found: " + free_spin_reel_counter[0]): null

2019-08-23 18:57:39 - [TEST_STEP][PASSED] - println("reel 4 wild found: " + free_spin_reel_counter[1]): null

2019-08-23 18:57:39 - [TEST_STEP][PASSED] - println("reel 5 wild found: " + free_spin_reel_counter[2]): null

2019-08-23 18:57:39 - [TEST_STEP][PASSED] - M4_spin_reels = M4_spin_reels: null

2019-08-23 18:57:39 - [TEST_STEP][PASSED] - M4_spin_reels_symbols = symbol: null

2019-08-23 18:57:39 - [TEST_STEP][PASSED] - M4_spin_reels_symbols = M4_spin_reels_symbols: null

2019-08-23 18:57:39 - [TEST_STEP][PASSED] - M4_spin_reel_wins = reel_wins: null

2019-08-23 18:57:39 - [TEST_STEP][PASSED] - M4_spin_reel_wins = M4_spin_reel_wins: null

2019-08-23 18:57:39 - [TEST_STEP][PASSED] - println("GlobalVariable.M4_spin_reel_wins is: " + M4_spin_reel_wins): null

2019-08-23 18:57:39 - [TEST_STEP][PASSED] - M4_spin_total_bonus_win_this_round = total_bonus_win_this_round: null

2019-08-23 18:57:39 - [TEST_STEP][PASSED] - M4_spin_total_bonus_win_this_round = M4_spin_total_bonus_win_this_round: null

2019-08-23 18:57:39 - [TEST_STEP][PASSED] - println("GlobalVariable.M4_spin_total_bonus_win_this_round is: " + M4_spin_total_bonus_win_this_round): null

2019-08-23 18:57:39 - [TEST_STEP][PASSED] - M4_spin_bonus_spin_result = spin_result: null

2019-08-23 18:57:39 - [TEST_STEP][PASSED] - M4_spin_bonus_spin_result = M4_spin_bonus_spin_result: null

2019-08-23 18:57:39 - [MESSAGE][PASSED] - Verify response successfully

2019-08-23 18:57:39 - [MESSAGE][PASSED] - Send request and verify the response successfully

2019-08-23 18:57:39 - [TEST_STEP][PASSED] - if (free_spin_reel_counter[0] &gt;= 1 &amp;&amp; free_spin_reel_counter[1] &gt;= 1 &amp;&amp; free_spin_reel_counter[2] &gt;= 1): null

2019-08-23 18:57:39 - [TEST_STEP][PASSED] - spin_result = sendRequestAndVerify(findTestObject("INT/RGS(M4)/1_M4_spin", ["M4_login_user_id":M4_login_user_id, "rgs_session_token":rgs_session_token, "partner":Partner])): Send request and verify the response successfully

2019-08-23 18:57:40 - [MESSAGE][INFO] - HAR: /Users/eiralee/Katalon_Script/SuperWild/Reports/20190823_184757/INT/superWild_1/20190823_184757/requests/main/263.har

2019-08-23 18:57:40 - [TEST_CASE][PASSED] - Start Test Case : Verification: Verification accomplished successfully

2019-08-23 18:57:40 - [TEST_STEP][PASSED] - request = getInstance().getCurrentRequest(): null

2019-08-23 18:57:40 - [TEST_STEP][PASSED] - response = getInstance().getCurrentResponse(): null

2019-08-23 18:57:40 - [TEST_STEP][PASSED] - verifyResponseStatusCode(response, 200): Verify response status code successfully

2019-08-23 18:57:40 - [MESSAGE][PASSED] - Verify response status code successfully

2019-08-23 18:57:40 - [TEST_STEP][PASSED] - getStatusCode()).isEqualTo(200): null

2019-08-23 18:57:40 - [TEST_STEP][PASSED] - newline = System.getProperty("line.separator"): null

2019-08-23 18:57:40 - [TEST_STEP][PASSED] - M4_spin = new groovy.json.JsonSlurper(): null

2019-08-23 18:57:40 - [TEST_STEP][PASSED] - result_M4_spin = M4_spin.parseText(response.getResponseBodyContent()): null

2019-08-23 18:57:40 - [TEST_STEP][PASSED] - M4_spin_current_balance = current_balance: null

2019-08-23 18:57:40 - [TEST_STEP][PASSED] - M4_spin_current_balance = M4_spin_current_balance: null

2019-08-23 18:57:40 - [TEST_STEP][PASSED] - M4_spin_transaction_id = causality: null

2019-08-23 18:57:40 - [TEST_STEP][PASSED] - M4_spin_transaction_id = M4_spin_transaction_id: null

2019-08-23 18:57:40 - [TEST_STEP][PASSED] - M4_spin_round_id = round_id: null

2019-08-23 18:57:40 - [TEST_STEP][PASSED] - M4_spin_round_id = M4_spin_round_id: null

2019-08-23 18:57:40 - [TEST_STEP][PASSED] - M4_spin_line_wins = line_wins: null

2019-08-23 18:57:40 - [TEST_STEP][PASSED] - M4_spin_line_wins = M4_spin_line_wins: null

2019-08-23 18:57:40 - [TEST_STEP][PASSED] - M4_total_bonus_spins_int = total_bonus_spins: null

2019-08-23 18:57:40 - [TEST_STEP][PASSED] - println("******M4_total_bonus_spins type is:*******" + newline + getClass().getName()): null

2019-08-23 18:57:40 - [TEST_STEP][PASSED] - M4_total_bonus_spins_int = M4_total_bonus_spins_int: null

2019-08-23 18:57:40 - [TEST_STEP][PASSED] - M4_total_bonus_spins = Integer.toString(M4_total_bonus_spins_int): null

2019-08-23 18:57:40 - [TEST_STEP][PASSED] - M4_total_bonus_spins = M4_total_bonus_spins: null

2019-08-23 18:57:40 - [TEST_STEP][PASSED] - println("M4_total_bonus_spins is:" + M4_total_bonus_spins): null

2019-08-23 18:57:40 - [TEST_STEP][PASSED] - M4_spin_bonus_data = bonus_data: null

2019-08-23 18:57:40 - [TEST_STEP][PASSED] - M4_spin_features_triggered = result_M4_spin: null

2019-08-23 18:57:40 - [TEST_STEP][PASSED] - wild = []: null

2019-08-23 18:57:40 - [TEST_STEP][PASSED] - wild[0] = "WILD_Expanding": null

2019-08-23 18:57:40 - [TEST_STEP][PASSED] - wild[1] = "WILD_Normal": null

2019-08-23 18:57:40 - [TEST_STEP][PASSED] - wild[2] = "WILD_Double": null

2019-08-23 18:57:40 - [TEST_STEP][PASSED] - wild[3] = "WILD_ExtraFG": null

2019-08-23 18:57:40 - [TEST_STEP][PASSED] - wild[4] = "WILD_Triple": null

2019-08-23 18:57:40 - [TEST_STEP][PASSED] - wildList = Arrays.asList(wild): null

2019-08-23 18:57:40 - [TEST_STEP][PASSED] - wildList = wildList: null

2019-08-23 18:57:40 - [TEST_STEP][PASSED] - free_spin_reel_counter = []: null

2019-08-23 18:57:40 - [TEST_STEP][PASSED] - free_spin_reel_counter[0] = 0: null

2019-08-23 18:57:40 - [TEST_STEP][PASSED] - free_spin_reel_counter[1] = 0: null

2019-08-23 18:57:40 - [TEST_STEP][PASSED] - free_spin_reel_counter[2] = 0: null

2019-08-23 18:57:40 - [TEST_STEP][PASSED] - M4_spin_reels = reels: null

2019-08-23 18:57:40 - [TEST_STEP][PASSED] - for ([i = 0, i &lt; M4_spin_reels.size(), (i++)]): null

2019-08-23 18:57:40 - [TEST_STEP][PASSED] - symbols = symbols: null

2019-08-23 18:57:40 - [TEST_STEP][PASSED] - for ([j = 0, j &lt; symbols.size(), (j++)]): null

2019-08-23 18:57:40 - [TEST_STEP][PASSED] - symbol = symbol: null

2019-08-23 18:57:40 - [TEST_STEP][PASSED] - println(symbol): null

2019-08-23 18:57:40 - [TEST_STEP][PASSED] - if (i == 2 &amp;&amp; wildList.indexOf(symbol) != -1): null

2019-08-23 18:57:40 - [TEST_STEP][PASSED] - if (i == 3 &amp;&amp; wildList.indexOf(symbol) != -1): null

2019-08-23 18:57:40 - [TEST_STEP][PASSED] - if (i == 4 &amp;&amp; wildList.indexOf(symbol) != -1): null

2019-08-23 18:57:40 - [TEST_STEP][PASSED] - symbol = symbol: null

2019-08-23 18:57:40 - [TEST_STEP][PASSED] - println(symbol): null

2019-08-23 18:57:40 - [TEST_STEP][PASSED] - if (i == 2 &amp;&amp; wildList.indexOf(symbol) != -1): null

2019-08-23 18:57:40 - [TEST_STEP][PASSED] - if (i == 3 &amp;&amp; wildList.indexOf(symbol) != -1): null

2019-08-23 18:57:40 - [TEST_STEP][PASSED] - if (i == 4 &amp;&amp; wildList.indexOf(symbol) != -1): null

2019-08-23 18:57:40 - [TEST_STEP][PASSED] - symbol = symbol: null

2019-08-23 18:57:40 - [TEST_STEP][PASSED] - println(symbol): null

2019-08-23 18:57:40 - [TEST_STEP][PASSED] - if (i == 2 &amp;&amp; wildList.indexOf(symbol) != -1): null

2019-08-23 18:57:40 - [TEST_STEP][PASSED] - if (i == 3 &amp;&amp; wildList.indexOf(symbol) != -1): null

2019-08-23 18:57:40 - [TEST_STEP][PASSED] - if (i == 4 &amp;&amp; wildList.indexOf(symbol) != -1): null

2019-08-23 18:57:40 - [TEST_STEP][PASSED] - symbols = symbols: null

2019-08-23 18:57:40 - [TEST_STEP][PASSED] - for ([j = 0, j &lt; symbols.size(), (j++)]): null

2019-08-23 18:57:40 - [TEST_STEP][PASSED] - symbol = symbol: null

2019-08-23 18:57:40 - [TEST_STEP][PASSED] - println(symbol): null

2019-08-23 18:57:40 - [TEST_STEP][PASSED] - if (i == 2 &amp;&amp; wildList.indexOf(symbol) != -1): null

2019-08-23 18:57:40 - [TEST_STEP][PASSED] - if (i == 3 &amp;&amp; wildList.indexOf(symbol) != -1): null

2019-08-23 18:57:40 - [TEST_STEP][PASSED] - if (i == 4 &amp;&amp; wildList.indexOf(symbol) != -1): null

2019-08-23 18:57:40 - [TEST_STEP][PASSED] - symbol = symbol: null

2019-08-23 18:57:40 - [TEST_STEP][PASSED] - println(symbol): null

2019-08-23 18:57:40 - [TEST_STEP][PASSED] - if (i == 2 &amp;&amp; wildList.indexOf(symbol) != -1): null

2019-08-23 18:57:40 - [TEST_STEP][PASSED] - if (i == 3 &amp;&amp; wildList.indexOf(symbol) != -1): null

2019-08-23 18:57:40 - [TEST_STEP][PASSED] - if (i == 4 &amp;&amp; wildList.indexOf(symbol) != -1): null

2019-08-23 18:57:40 - [TEST_STEP][PASSED] - symbol = symbol: null

2019-08-23 18:57:40 - [TEST_STEP][PASSED] - println(symbol): null

2019-08-23 18:57:40 - [TEST_STEP][PASSED] - if (i == 2 &amp;&amp; wildList.indexOf(symbol) != -1): null

2019-08-23 18:57:40 - [TEST_STEP][PASSED] - if (i == 3 &amp;&amp; wildList.indexOf(symbol) != -1): null

2019-08-23 18:57:40 - [TEST_STEP][PASSED] - if (i == 4 &amp;&amp; wildList.indexOf(symbol) != -1): null

2019-08-23 18:57:40 - [TEST_STEP][PASSED] - symbols = symbols: null

2019-08-23 18:57:40 - [TEST_STEP][PASSED] - for ([j = 0, j &lt; symbols.size(), (j++)]): null

2019-08-23 18:57:40 - [TEST_STEP][PASSED] - symbol = symbol: null

2019-08-23 18:57:40 - [TEST_STEP][PASSED] - println(symbol): null

2019-08-23 18:57:40 - [TEST_STEP][PASSED] - if (i == 2 &amp;&amp; wildList.indexOf(symbol) != -1): null

2019-08-23 18:57:40 - [TEST_STEP][PASSED] - if (i == 3 &amp;&amp; wildList.indexOf(symbol) != -1): null

2019-08-23 18:57:40 - [TEST_STEP][PASSED] - if (i == 4 &amp;&amp; wildList.indexOf(symbol) != -1): null

2019-08-23 18:57:40 - [TEST_STEP][PASSED] - symbol = symbol: null

2019-08-23 18:57:40 - [TEST_STEP][PASSED] - println(symbol): null

2019-08-23 18:57:40 - [TEST_STEP][PASSED] - if (i == 2 &amp;&amp; wildList.indexOf(symbol) != -1): null

2019-08-23 18:57:40 - [TEST_STEP][PASSED] - if (i == 3 &amp;&amp; wildList.indexOf(symbol) != -1): null

2019-08-23 18:57:40 - [TEST_STEP][PASSED] - if (i == 4 &amp;&amp; wildList.indexOf(symbol) != -1): null

2019-08-23 18:57:40 - [TEST_STEP][PASSED] - symbol = symbol: null

2019-08-23 18:57:40 - [TEST_STEP][PASSED] - println(symbol): null

2019-08-23 18:57:40 - [TEST_STEP][PASSED] - if (i == 2 &amp;&amp; wildList.indexOf(symbol) != -1): null

2019-08-23 18:57:40 - [TEST_STEP][PASSED] - if (i == 3 &amp;&amp; wildList.indexOf(symbol) != -1): null

2019-08-23 18:57:40 - [TEST_STEP][PASSED] - if (i == 4 &amp;&amp; wildList.indexOf(symbol) != -1): null

2019-08-23 18:57:40 - [TEST_STEP][PASSED] - symbols = symbols: null

2019-08-23 18:57:40 - [TEST_STEP][PASSED] - for ([j = 0, j &lt; symbols.size(), (j++)]): null

2019-08-23 18:57:40 - [TEST_STEP][PASSED] - symbol = symbol: null

2019-08-23 18:57:40 - [TEST_STEP][PASSED] - println(symbol): null

2019-08-23 18:57:40 - [TEST_STEP][PASSED] - if (i == 2 &amp;&amp; wildList.indexOf(symbol) != -1): null

2019-08-23 18:57:40 - [TEST_STEP][PASSED] - if (i == 3 &amp;&amp; wildList.indexOf(symbol) != -1): null

2019-08-23 18:57:40 - [TEST_STEP][PASSED] - if (i == 4 &amp;&amp; wildList.indexOf(symbol) != -1): null

2019-08-23 18:57:40 - [TEST_STEP][PASSED] - symbol = symbol: null

2019-08-23 18:57:40 - [TEST_STEP][PASSED] - println(symbol): null

2019-08-23 18:57:40 - [TEST_STEP][PASSED] - if (i == 2 &amp;&amp; wildList.indexOf(symbol) != -1): null

2019-08-23 18:57:40 - [TEST_STEP][PASSED] - if (i == 3 &amp;&amp; wildList.indexOf(symbol) != -1): null

2019-08-23 18:57:40 - [TEST_STEP][PASSED] - if (i == 4 &amp;&amp; wildList.indexOf(symbol) != -1): null

2019-08-23 18:57:40 - [TEST_STEP][PASSED] - symbol = symbol: null

2019-08-23 18:57:40 - [TEST_STEP][PASSED] - println(symbol): null

2019-08-23 18:57:40 - [TEST_STEP][PASSED] - if (i == 2 &amp;&amp; wildList.indexOf(symbol) != -1): null

2019-08-23 18:57:40 - [TEST_STEP][PASSED] - if (i == 3 &amp;&amp; wildList.indexOf(symbol) != -1): null

2019-08-23 18:57:40 - [TEST_STEP][PASSED] - if (i == 4 &amp;&amp; wildList.indexOf(symbol) != -1): null

2019-08-23 18:57:40 - [TEST_STEP][PASSED] - symbols = symbols: null

2019-08-23 18:57:40 - [TEST_STEP][PASSED] - for ([j = 0, j &lt; symbols.size(), (j++)]): null

2019-08-23 18:57:40 - [TEST_STEP][PASSED] - symbol = symbol: null

2019-08-23 18:57:40 - [TEST_STEP][PASSED] - println(symbol): null

2019-08-23 18:57:40 - [TEST_STEP][PASSED] - if (i == 2 &amp;&amp; wildList.indexOf(symbol) != -1): null

2019-08-23 18:57:40 - [TEST_STEP][PASSED] - if (i == 3 &amp;&amp; wildList.indexOf(symbol) != -1): null

2019-08-23 18:57:40 - [TEST_STEP][PASSED] - if (i == 4 &amp;&amp; wildList.indexOf(symbol) != -1): null

2019-08-23 18:57:40 - [TEST_STEP][PASSED] - symbol = symbol: null

2019-08-23 18:57:40 - [TEST_STEP][PASSED] - println(symbol): null

2019-08-23 18:57:42 - [TEST_STEP][PASSED] - if (i == 2 &amp;&amp; wildList.indexOf(symbol) != -1): null

2019-08-23 18:57:42 - [TEST_STEP][PASSED] - if (i == 3 &amp;&amp; wildList.indexOf(symbol) != -1): null

2019-08-23 18:57:42 - [TEST_STEP][PASSED] - if (i == 4 &amp;&amp; wildList.indexOf(symbol) != -1): null

2019-08-23 18:57:42 - [TEST_STEP][PASSED] - symbol = symbol: null

2019-08-23 18:57:42 - [TEST_STEP][PASSED] - println(symbol): null

2019-08-23 18:57:42 - [TEST_STEP][PASSED] - if (i == 2 &amp;&amp; wildList.indexOf(symbol) != -1): null

2019-08-23 18:57:42 - [TEST_STEP][PASSED] - if (i == 3 &amp;&amp; wildList.indexOf(symbol) != -1): null

2019-08-23 18:57:42 - [TEST_STEP][PASSED] - if (i == 4 &amp;&amp; wildList.indexOf(symbol) != -1): null

2019-08-23 18:57:42 - [TEST_STEP][PASSED] - println("wild found on reel 5, adding counter by 1"): null

2019-08-23 18:57:42 - [TEST_STEP][PASSED] - free_spin_reel_counter[2] = free_spin_reel_counter[2] + 1: null

2019-08-23 18:57:42 - [TEST_STEP][PASSED] - free_spin_reel_counter = free_spin_reel_counter: null

2019-08-23 18:57:42 - [TEST_STEP][PASSED] - println("reel 3 wild found: " + free_spin_reel_counter[0]): null

2019-08-23 18:57:42 - [TEST_STEP][PASSED] - println("reel 4 wild found: " + free_spin_reel_counter[1]): null

2019-08-23 18:57:42 - [TEST_STEP][PASSED] - println("reel 5 wild found: " + free_spin_reel_counter[2]): null

2019-08-23 18:57:42 - [TEST_STEP][PASSED] - M4_spin_reels = M4_spin_reels: null

2019-08-23 18:57:42 - [TEST_STEP][PASSED] - M4_spin_reels_symbols = symbol: null

2019-08-23 18:57:42 - [TEST_STEP][PASSED] - M4_spin_reels_symbols = M4_spin_reels_symbols: null

2019-08-23 18:57:42 - [TEST_STEP][PASSED] - M4_spin_reel_wins = reel_wins: null

2019-08-23 18:57:42 - [TEST_STEP][PASSED] - M4_spin_reel_wins = M4_spin_reel_wins: null

2019-08-23 18:57:42 - [TEST_STEP][PASSED] - println("GlobalVariable.M4_spin_reel_wins is: " + M4_spin_reel_wins): null

2019-08-23 18:57:42 - [TEST_STEP][PASSED] - M4_spin_total_bonus_win_this_round = total_bonus_win_this_round: null

2019-08-23 18:57:42 - [TEST_STEP][PASSED] - M4_spin_total_bonus_win_this_round = M4_spin_total_bonus_win_this_round: null

2019-08-23 18:57:42 - [TEST_STEP][PASSED] - println("GlobalVariable.M4_spin_total_bonus_win_this_round is: " + M4_spin_total_bonus_win_this_round): null

2019-08-23 18:57:42 - [TEST_STEP][PASSED] - M4_spin_bonus_spin_result = spin_result: null

2019-08-23 18:57:42 - [TEST_STEP][PASSED] - M4_spin_bonus_spin_result = M4_spin_bonus_spin_result: null

2019-08-23 18:57:42 - [MESSAGE][PASSED] - Verify response successfully

2019-08-23 18:57:42 - [MESSAGE][PASSED] - Send request and verify the response successfully

2019-08-23 18:57:42 - [TEST_STEP][PASSED] - if (free_spin_reel_counter[0] &gt;= 1 &amp;&amp; free_spin_reel_counter[1] &gt;= 1 &amp;&amp; free_spin_reel_counter[2] &gt;= 1): null

2019-08-23 18:57:42 - [TEST_STEP][PASSED] - spin_result = sendRequestAndVerify(findTestObject("INT/RGS(M4)/1_M4_spin", ["M4_login_user_id":M4_login_user_id, "rgs_session_token":rgs_session_token, "partner":Partner])): Send request and verify the response successfully

2019-08-23 18:57:42 - [MESSAGE][INFO] - HAR: /Users/eiralee/Katalon_Script/SuperWild/Reports/20190823_184757/INT/superWild_1/20190823_184757/requests/main/264.har

2019-08-23 18:57:43 - [TEST_CASE][PASSED] - Start Test Case : Verification: Verification accomplished successfully

2019-08-23 18:57:43 - [TEST_STEP][PASSED] - request = getInstance().getCurrentRequest(): null

2019-08-23 18:57:43 - [TEST_STEP][PASSED] - response = getInstance().getCurrentResponse(): null

2019-08-23 18:57:43 - [TEST_STEP][PASSED] - verifyResponseStatusCode(response, 200): Verify response status code successfully

2019-08-23 18:57:43 - [MESSAGE][PASSED] - Verify response status code successfully

2019-08-23 18:57:43 - [TEST_STEP][PASSED] - getStatusCode()).isEqualTo(200): null

2019-08-23 18:57:43 - [TEST_STEP][PASSED] - newline = System.getProperty("line.separator"): null

2019-08-23 18:57:43 - [TEST_STEP][PASSED] - M4_spin = new groovy.json.JsonSlurper(): null

2019-08-23 18:57:43 - [TEST_STEP][PASSED] - result_M4_spin = M4_spin.parseText(response.getResponseBodyContent()): null

2019-08-23 18:57:43 - [TEST_STEP][PASSED] - M4_spin_current_balance = current_balance: null

2019-08-23 18:57:43 - [TEST_STEP][PASSED] - M4_spin_current_balance = M4_spin_current_balance: null

2019-08-23 18:57:43 - [TEST_STEP][PASSED] - M4_spin_transaction_id = causality: null

2019-08-23 18:57:43 - [TEST_STEP][PASSED] - M4_spin_transaction_id = M4_spin_transaction_id: null

2019-08-23 18:57:43 - [TEST_STEP][PASSED] - M4_spin_round_id = round_id: null

2019-08-23 18:57:43 - [TEST_STEP][PASSED] - M4_spin_round_id = M4_spin_round_id: null

2019-08-23 18:57:43 - [TEST_STEP][PASSED] - M4_spin_line_wins = line_wins: null

2019-08-23 18:57:43 - [TEST_STEP][PASSED] - M4_spin_line_wins = M4_spin_line_wins: null

2019-08-23 18:57:43 - [TEST_STEP][PASSED] - M4_total_bonus_spins_int = total_bonus_spins: null

2019-08-23 18:57:43 - [TEST_STEP][PASSED] - println("******M4_total_bonus_spins type is:*******" + newline + getClass().getName()): null

2019-08-23 18:57:43 - [TEST_STEP][PASSED] - M4_total_bonus_spins_int = M4_total_bonus_spins_int: null

2019-08-23 18:57:43 - [TEST_STEP][PASSED] - M4_total_bonus_spins = Integer.toString(M4_total_bonus_spins_int): null

2019-08-23 18:57:43 - [TEST_STEP][PASSED] - M4_total_bonus_spins = M4_total_bonus_spins: null

2019-08-23 18:57:43 - [TEST_STEP][PASSED] - println("M4_total_bonus_spins is:" + M4_total_bonus_spins): null

2019-08-23 18:57:43 - [TEST_STEP][PASSED] - M4_spin_bonus_data = bonus_data: null

2019-08-23 18:57:43 - [TEST_STEP][PASSED] - M4_spin_features_triggered = result_M4_spin: null

2019-08-23 18:57:43 - [TEST_STEP][PASSED] - wild = []: null

2019-08-23 18:57:43 - [TEST_STEP][PASSED] - wild[0] = "WILD_Expanding": null

2019-08-23 18:57:43 - [TEST_STEP][PASSED] - wild[1] = "WILD_Normal": null

2019-08-23 18:57:43 - [TEST_STEP][PASSED] - wild[2] = "WILD_Double": null

2019-08-23 18:57:43 - [TEST_STEP][PASSED] - wild[3] = "WILD_ExtraFG": null

2019-08-23 18:57:43 - [TEST_STEP][PASSED] - wild[4] = "WILD_Triple": null

2019-08-23 18:57:43 - [TEST_STEP][PASSED] - wildList = Arrays.asList(wild): null

2019-08-23 18:57:43 - [TEST_STEP][PASSED] - wildList = wildList: null

2019-08-23 18:57:43 - [TEST_STEP][PASSED] - free_spin_reel_counter = []: null

2019-08-23 18:57:43 - [TEST_STEP][PASSED] - free_spin_reel_counter[0] = 0: null

2019-08-23 18:57:43 - [TEST_STEP][PASSED] - free_spin_reel_counter[1] = 0: null

2019-08-23 18:57:43 - [TEST_STEP][PASSED] - free_spin_reel_counter[2] = 0: null

2019-08-23 18:57:43 - [TEST_STEP][PASSED] - M4_spin_reels = reels: null

2019-08-23 18:57:43 - [TEST_STEP][PASSED] - for ([i = 0, i &lt; M4_spin_reels.size(), (i++)]): null

2019-08-23 18:57:43 - [TEST_STEP][PASSED] - symbols = symbols: null

2019-08-23 18:57:43 - [TEST_STEP][PASSED] - for ([j = 0, j &lt; symbols.size(), (j++)]): null

2019-08-23 18:57:43 - [TEST_STEP][PASSED] - symbol = symbol: null

2019-08-23 18:57:43 - [TEST_STEP][PASSED] - println(symbol): null

2019-08-23 18:57:43 - [TEST_STEP][PASSED] - if (i == 2 &amp;&amp; wildList.indexOf(symbol) != -1): null

2019-08-23 18:57:43 - [TEST_STEP][PASSED] - if (i == 3 &amp;&amp; wildList.indexOf(symbol) != -1): null

2019-08-23 18:57:43 - [TEST_STEP][PASSED] - if (i == 4 &amp;&amp; wildList.indexOf(symbol) != -1): null

2019-08-23 18:57:43 - [TEST_STEP][PASSED] - symbol = symbol: null

2019-08-23 18:57:43 - [TEST_STEP][PASSED] - println(symbol): null

2019-08-23 18:57:43 - [TEST_STEP][PASSED] - if (i == 2 &amp;&amp; wildList.indexOf(symbol) != -1): null

2019-08-23 18:57:43 - [TEST_STEP][PASSED] - if (i == 3 &amp;&amp; wildList.indexOf(symbol) != -1): null

2019-08-23 18:57:43 - [TEST_STEP][PASSED] - if (i == 4 &amp;&amp; wildList.indexOf(symbol) != -1): null

2019-08-23 18:57:43 - [TEST_STEP][PASSED] - symbol = symbol: null

2019-08-23 18:57:43 - [TEST_STEP][PASSED] - println(symbol): null

2019-08-23 18:57:43 - [TEST_STEP][PASSED] - if (i == 2 &amp;&amp; wildList.indexOf(symbol) != -1): null

2019-08-23 18:57:43 - [TEST_STEP][PASSED] - if (i == 3 &amp;&amp; wildList.indexOf(symbol) != -1): null

2019-08-23 18:57:43 - [TEST_STEP][PASSED] - if (i == 4 &amp;&amp; wildList.indexOf(symbol) != -1): null

2019-08-23 18:57:43 - [TEST_STEP][PASSED] - symbols = symbols: null

2019-08-23 18:57:43 - [TEST_STEP][PASSED] - for ([j = 0, j &lt; symbols.size(), (j++)]): null

2019-08-23 18:57:43 - [TEST_STEP][PASSED] - symbol = symbol: null

2019-08-23 18:57:43 - [TEST_STEP][PASSED] - println(symbol): null

2019-08-23 18:57:43 - [TEST_STEP][PASSED] - if (i == 2 &amp;&amp; wildList.indexOf(symbol) != -1): null

2019-08-23 18:57:43 - [TEST_STEP][PASSED] - if (i == 3 &amp;&amp; wildList.indexOf(symbol) != -1): null

2019-08-23 18:57:43 - [TEST_STEP][PASSED] - if (i == 4 &amp;&amp; wildList.indexOf(symbol) != -1): null

2019-08-23 18:57:43 - [TEST_STEP][PASSED] - symbol = symbol: null

2019-08-23 18:57:43 - [TEST_STEP][PASSED] - println(symbol): null

2019-08-23 18:57:43 - [TEST_STEP][PASSED] - if (i == 2 &amp;&amp; wildList.indexOf(symbol) != -1): null

2019-08-23 18:57:43 - [TEST_STEP][PASSED] - if (i == 3 &amp;&amp; wildList.indexOf(symbol) != -1): null

2019-08-23 18:57:43 - [TEST_STEP][PASSED] - if (i == 4 &amp;&amp; wildList.indexOf(symbol) != -1): null

2019-08-23 18:57:43 - [TEST_STEP][PASSED] - symbol = symbol: null

2019-08-23 18:57:43 - [TEST_STEP][PASSED] - println(symbol): null

2019-08-23 18:57:43 - [TEST_STEP][PASSED] - if (i == 2 &amp;&amp; wildList.indexOf(symbol) != -1): null

2019-08-23 18:57:43 - [TEST_STEP][PASSED] - if (i == 3 &amp;&amp; wildList.indexOf(symbol) != -1): null

2019-08-23 18:57:43 - [TEST_STEP][PASSED] - if (i == 4 &amp;&amp; wildList.indexOf(symbol) != -1): null

2019-08-23 18:57:43 - [TEST_STEP][PASSED] - symbols = symbols: null

2019-08-23 18:57:43 - [TEST_STEP][PASSED] - for ([j = 0, j &lt; symbols.size(), (j++)]): null

2019-08-23 18:57:43 - [TEST_STEP][PASSED] - symbol = symbol: null

2019-08-23 18:57:43 - [TEST_STEP][PASSED] - println(symbol): null

2019-08-23 18:57:43 - [TEST_STEP][PASSED] - if (i == 2 &amp;&amp; wildList.indexOf(symbol) != -1): null

2019-08-23 18:57:43 - [TEST_STEP][PASSED] - println("wild found on reel 3, adding counter by 1"): null

2019-08-23 18:57:43 - [TEST_STEP][PASSED] - free_spin_reel_counter[0] = free_spin_reel_counter[0] + 1: null

2019-08-23 18:57:43 - [TEST_STEP][PASSED] - if (i == 3 &amp;&amp; wildList.indexOf(symbol) != -1): null

2019-08-23 18:57:43 - [TEST_STEP][PASSED] - if (i == 4 &amp;&amp; wildList.indexOf(symbol) != -1): null

2019-08-23 18:57:43 - [TEST_STEP][PASSED] - symbol = symbol: null

2019-08-23 18:57:43 - [TEST_STEP][PASSED] - println(symbol): null

2019-08-23 18:57:43 - [TEST_STEP][PASSED] - if (i == 2 &amp;&amp; wildList.indexOf(symbol) != -1): null

2019-08-23 18:57:43 - [TEST_STEP][PASSED] - if (i == 3 &amp;&amp; wildList.indexOf(symbol) != -1): null

2019-08-23 18:57:43 - [TEST_STEP][PASSED] - if (i == 4 &amp;&amp; wildList.indexOf(symbol) != -1): null

2019-08-23 18:57:43 - [TEST_STEP][PASSED] - symbol = symbol: null

2019-08-23 18:57:43 - [TEST_STEP][PASSED] - println(symbol): null

2019-08-23 18:57:43 - [TEST_STEP][PASSED] - if (i == 2 &amp;&amp; wildList.indexOf(symbol) != -1): null

2019-08-23 18:57:43 - [TEST_STEP][PASSED] - if (i == 3 &amp;&amp; wildList.indexOf(symbol) != -1): null

2019-08-23 18:57:43 - [TEST_STEP][PASSED] - if (i == 4 &amp;&amp; wildList.indexOf(symbol) != -1): null

2019-08-23 18:57:43 - [TEST_STEP][PASSED] - symbols = symbols: null

2019-08-23 18:57:43 - [TEST_STEP][PASSED] - for ([j = 0, j &lt; symbols.size(), (j++)]): null

2019-08-23 18:57:43 - [TEST_STEP][PASSED] - symbol = symbol: null

2019-08-23 18:57:43 - [TEST_STEP][PASSED] - println(symbol): null

2019-08-23 18:57:43 - [TEST_STEP][PASSED] - if (i == 2 &amp;&amp; wildList.indexOf(symbol) != -1): null

2019-08-23 18:57:43 - [TEST_STEP][PASSED] - if (i == 3 &amp;&amp; wildList.indexOf(symbol) != -1): null

2019-08-23 18:57:43 - [TEST_STEP][PASSED] - if (i == 4 &amp;&amp; wildList.indexOf(symbol) != -1): null

2019-08-23 18:57:43 - [TEST_STEP][PASSED] - symbol = symbol: null

2019-08-23 18:57:43 - [TEST_STEP][PASSED] - println(symbol): null

2019-08-23 18:57:43 - [TEST_STEP][PASSED] - if (i == 2 &amp;&amp; wildList.indexOf(symbol) != -1): null

2019-08-23 18:57:43 - [TEST_STEP][PASSED] - if (i == 3 &amp;&amp; wildList.indexOf(symbol) != -1): null

2019-08-23 18:57:43 - [TEST_STEP][PASSED] - if (i == 4 &amp;&amp; wildList.indexOf(symbol) != -1): null

2019-08-23 18:57:43 - [TEST_STEP][PASSED] - symbol = symbol: null

2019-08-23 18:57:43 - [TEST_STEP][PASSED] - println(symbol): null

2019-08-23 18:57:43 - [TEST_STEP][PASSED] - if (i == 2 &amp;&amp; wildList.indexOf(symbol) != -1): null

2019-08-23 18:57:43 - [TEST_STEP][PASSED] - if (i == 3 &amp;&amp; wildList.indexOf(symbol) != -1): null

2019-08-23 18:57:43 - [TEST_STEP][PASSED] - println("wild found on reel 4, adding counter by 1"): null

2019-08-23 18:57:43 - [TEST_STEP][PASSED] - free_spin_reel_counter[1] = free_spin_reel_counter[1] + 1: null

2019-08-23 18:57:43 - [TEST_STEP][PASSED] - if (i == 4 &amp;&amp; wildList.indexOf(symbol) != -1): null

2019-08-23 18:57:43 - [TEST_STEP][PASSED] - symbols = symbols: null

2019-08-23 18:57:43 - [TEST_STEP][PASSED] - for ([j = 0, j &lt; symbols.size(), (j++)]): null

2019-08-23 18:57:43 - [TEST_STEP][PASSED] - symbol = symbol: null

2019-08-23 18:57:43 - [TEST_STEP][PASSED] - println(symbol): null

2019-08-23 18:57:43 - [TEST_STEP][PASSED] - if (i == 2 &amp;&amp; wildList.indexOf(symbol) != -1): null

2019-08-23 18:57:43 - [TEST_STEP][PASSED] - if (i == 3 &amp;&amp; wildList.indexOf(symbol) != -1): null

2019-08-23 18:57:43 - [TEST_STEP][PASSED] - if (i == 4 &amp;&amp; wildList.indexOf(symbol) != -1): null

2019-08-23 18:57:43 - [TEST_STEP][PASSED] - symbol = symbol: null

2019-08-23 18:57:43 - [TEST_STEP][PASSED] - println(symbol): null

2019-08-23 18:57:43 - [TEST_STEP][PASSED] - if (i == 2 &amp;&amp; wildList.indexOf(symbol) != -1): null

2019-08-23 18:57:43 - [TEST_STEP][PASSED] - if (i == 3 &amp;&amp; wildList.indexOf(symbol) != -1): null

2019-08-23 18:57:43 - [TEST_STEP][PASSED] - if (i == 4 &amp;&amp; wildList.indexOf(symbol) != -1): null

2019-08-23 18:57:43 - [TEST_STEP][PASSED] - symbol = symbol: null

2019-08-23 18:57:43 - [TEST_STEP][PASSED] - println(symbol): null

2019-08-23 18:57:43 - [TEST_STEP][PASSED] - if (i == 2 &amp;&amp; wildList.indexOf(symbol) != -1): null

2019-08-23 18:57:43 - [TEST_STEP][PASSED] - if (i == 3 &amp;&amp; wildList.indexOf(symbol) != -1): null

2019-08-23 18:57:43 - [TEST_STEP][PASSED] - if (i == 4 &amp;&amp; wildList.indexOf(symbol) != -1): null

2019-08-23 18:57:43 - [TEST_STEP][PASSED] - free_spin_reel_counter = free_spin_reel_counter: null

2019-08-23 18:57:43 - [TEST_STEP][PASSED] - println("reel 3 wild found: " + free_spin_reel_counter[0]): null

2019-08-23 18:57:43 - [TEST_STEP][PASSED] - println("reel 4 wild found: " + free_spin_reel_counter[1]): null

2019-08-23 18:57:43 - [TEST_STEP][PASSED] - println("reel 5 wild found: " + free_spin_reel_counter[2]): null

2019-08-23 18:57:43 - [TEST_STEP][PASSED] - M4_spin_reels = M4_spin_reels: null

2019-08-23 18:57:43 - [TEST_STEP][PASSED] - M4_spin_reels_symbols = symbol: null

2019-08-23 18:57:43 - [TEST_STEP][PASSED] - M4_spin_reels_symbols = M4_spin_reels_symbols: null

2019-08-23 18:57:43 - [TEST_STEP][PASSED] - M4_spin_reel_wins = reel_wins: null

2019-08-23 18:57:43 - [TEST_STEP][PASSED] - M4_spin_reel_wins = M4_spin_reel_wins: null

2019-08-23 18:57:43 - [TEST_STEP][PASSED] - println("GlobalVariable.M4_spin_reel_wins is: " + M4_spin_reel_wins): null

2019-08-23 18:57:43 - [TEST_STEP][PASSED] - M4_spin_total_bonus_win_this_round = total_bonus_win_this_round: null

2019-08-23 18:57:43 - [TEST_STEP][PASSED] - M4_spin_total_bonus_win_this_round = M4_spin_total_bonus_win_this_round: null

2019-08-23 18:57:43 - [TEST_STEP][PASSED] - println("GlobalVariable.M4_spin_total_bonus_win_this_round is: " + M4_spin_total_bonus_win_this_round): null

2019-08-23 18:57:43 - [TEST_STEP][PASSED] - M4_spin_bonus_spin_result = spin_result: null

2019-08-23 18:57:43 - [TEST_STEP][PASSED] - M4_spin_bonus_spin_result = M4_spin_bonus_spin_result: null

2019-08-23 18:57:43 - [MESSAGE][PASSED] - Verify response successfully

2019-08-23 18:57:43 - [MESSAGE][PASSED] - Send request and verify the response successfully

2019-08-23 18:57:43 - [TEST_STEP][PASSED] - if (free_spin_reel_counter[0] &gt;= 1 &amp;&amp; free_spin_reel_counter[1] &gt;= 1 &amp;&amp; free_spin_reel_counter[2] &gt;= 1): null

2019-08-23 18:57:43 - [TEST_STEP][PASSED] - spin_result = sendRequestAndVerify(findTestObject("INT/RGS(M4)/1_M4_spin", ["M4_login_user_id":M4_login_user_id, "rgs_session_token":rgs_session_token, "partner":Partner])): Send request and verify the response successfully

2019-08-23 18:57:43 - [MESSAGE][INFO] - HAR: /Users/eiralee/Katalon_Script/SuperWild/Reports/20190823_184757/INT/superWild_1/20190823_184757/requests/main/265.har

2019-08-23 18:57:43 - [TEST_CASE][PASSED] - Start Test Case : Verification: Verification accomplished successfully

2019-08-23 18:57:43 - [TEST_STEP][PASSED] - request = getInstance().getCurrentRequest(): null

2019-08-23 18:57:43 - [TEST_STEP][PASSED] - response = getInstance().getCurrentResponse(): null

2019-08-23 18:57:43 - [TEST_STEP][PASSED] - verifyResponseStatusCode(response, 200): Verify response status code successfully

2019-08-23 18:57:43 - [MESSAGE][PASSED] - Verify response status code successfully

2019-08-23 18:57:43 - [TEST_STEP][PASSED] - getStatusCode()).isEqualTo(200): null

2019-08-23 18:57:43 - [TEST_STEP][PASSED] - newline = System.getProperty("line.separator"): null

2019-08-23 18:57:43 - [TEST_STEP][PASSED] - M4_spin = new groovy.json.JsonSlurper(): null

2019-08-23 18:57:43 - [TEST_STEP][PASSED] - result_M4_spin = M4_spin.parseText(response.getResponseBodyContent()): null

2019-08-23 18:57:43 - [TEST_STEP][PASSED] - M4_spin_current_balance = current_balance: null

2019-08-23 18:57:43 - [TEST_STEP][PASSED] - M4_spin_current_balance = M4_spin_current_balance: null

2019-08-23 18:57:43 - [TEST_STEP][PASSED] - M4_spin_transaction_id = causality: null

2019-08-23 18:57:43 - [TEST_STEP][PASSED] - M4_spin_transaction_id = M4_spin_transaction_id: null

2019-08-23 18:57:43 - [TEST_STEP][PASSED] - M4_spin_round_id = round_id: null

2019-08-23 18:57:43 - [TEST_STEP][PASSED] - M4_spin_round_id = M4_spin_round_id: null

2019-08-23 18:57:43 - [TEST_STEP][PASSED] - M4_spin_line_wins = line_wins: null

2019-08-23 18:57:43 - [TEST_STEP][PASSED] - M4_spin_line_wins = M4_spin_line_wins: null

2019-08-23 18:57:43 - [TEST_STEP][PASSED] - M4_total_bonus_spins_int = total_bonus_spins: null

2019-08-23 18:57:43 - [TEST_STEP][PASSED] - println("******M4_total_bonus_spins type is:*******" + newline + getClass().getName()): null

2019-08-23 18:57:43 - [TEST_STEP][PASSED] - M4_total_bonus_spins_int = M4_total_bonus_spins_int: null

2019-08-23 18:57:43 - [TEST_STEP][PASSED] - M4_total_bonus_spins = Integer.toString(M4_total_bonus_spins_int): null

2019-08-23 18:57:43 - [TEST_STEP][PASSED] - M4_total_bonus_spins = M4_total_bonus_spins: null

2019-08-23 18:57:43 - [TEST_STEP][PASSED] - println("M4_total_bonus_spins is:" + M4_total_bonus_spins): null

2019-08-23 18:57:43 - [TEST_STEP][PASSED] - M4_spin_bonus_data = bonus_data: null

2019-08-23 18:57:43 - [TEST_STEP][PASSED] - M4_spin_features_triggered = result_M4_spin: null

2019-08-23 18:57:43 - [TEST_STEP][PASSED] - wild = []: null

2019-08-23 18:57:43 - [TEST_STEP][PASSED] - wild[0] = "WILD_Expanding": null

2019-08-23 18:57:43 - [TEST_STEP][PASSED] - wild[1] = "WILD_Normal": null

2019-08-23 18:57:43 - [TEST_STEP][PASSED] - wild[2] = "WILD_Double": null

2019-08-23 18:57:43 - [TEST_STEP][PASSED] - wild[3] = "WILD_ExtraFG": null

2019-08-23 18:57:43 - [TEST_STEP][PASSED] - wild[4] = "WILD_Triple": null

2019-08-23 18:57:43 - [TEST_STEP][PASSED] - wildList = Arrays.asList(wild): null

2019-08-23 18:57:43 - [TEST_STEP][PASSED] - wildList = wildList: null

2019-08-23 18:57:43 - [TEST_STEP][PASSED] - free_spin_reel_counter = []: null

2019-08-23 18:57:43 - [TEST_STEP][PASSED] - free_spin_reel_counter[0] = 0: null

2019-08-23 18:57:43 - [TEST_STEP][PASSED] - free_spin_reel_counter[1] = 0: null

2019-08-23 18:57:43 - [TEST_STEP][PASSED] - free_spin_reel_counter[2] = 0: null

2019-08-23 18:57:43 - [TEST_STEP][PASSED] - M4_spin_reels = reels: null

2019-08-23 18:57:43 - [TEST_STEP][PASSED] - for ([i = 0, i &lt; M4_spin_reels.size(), (i++)]): null

2019-08-23 18:57:43 - [TEST_STEP][PASSED] - symbols = symbols: null

2019-08-23 18:57:43 - [TEST_STEP][PASSED] - for ([j = 0, j &lt; symbols.size(), (j++)]): null

2019-08-23 18:57:43 - [TEST_STEP][PASSED] - symbol = symbol: null

2019-08-23 18:57:43 - [TEST_STEP][PASSED] - println(symbol): null

2019-08-23 18:57:43 - [TEST_STEP][PASSED] - if (i == 2 &amp;&amp; wildList.indexOf(symbol) != -1): null

2019-08-23 18:57:43 - [TEST_STEP][PASSED] - if (i == 3 &amp;&amp; wildList.indexOf(symbol) != -1): null

2019-08-23 18:57:43 - [TEST_STEP][PASSED] - if (i == 4 &amp;&amp; wildList.indexOf(symbol) != -1): null

2019-08-23 18:57:43 - [TEST_STEP][PASSED] - symbol = symbol: null

2019-08-23 18:57:43 - [TEST_STEP][PASSED] - println(symbol): null

2019-08-23 18:57:43 - [TEST_STEP][PASSED] - if (i == 2 &amp;&amp; wildList.indexOf(symbol) != -1): null

2019-08-23 18:57:43 - [TEST_STEP][PASSED] - if (i == 3 &amp;&amp; wildList.indexOf(symbol) != -1): null

2019-08-23 18:57:43 - [TEST_STEP][PASSED] - if (i == 4 &amp;&amp; wildList.indexOf(symbol) != -1): null

2019-08-23 18:57:43 - [TEST_STEP][PASSED] - symbol = symbol: null

2019-08-23 18:57:43 - [TEST_STEP][PASSED] - println(symbol): null

2019-08-23 18:57:43 - [TEST_STEP][PASSED] - if (i == 2 &amp;&amp; wildList.indexOf(symbol) != -1): null

2019-08-23 18:57:43 - [TEST_STEP][PASSED] - if (i == 3 &amp;&amp; wildList.indexOf(symbol) != -1): null

2019-08-23 18:57:43 - [TEST_STEP][PASSED] - if (i == 4 &amp;&amp; wildList.indexOf(symbol) != -1): null

2019-08-23 18:57:43 - [TEST_STEP][PASSED] - symbols = symbols: null

2019-08-23 18:57:43 - [TEST_STEP][PASSED] - for ([j = 0, j &lt; symbols.size(), (j++)]): null

2019-08-23 18:57:43 - [TEST_STEP][PASSED] - symbol = symbol: null

2019-08-23 18:57:43 - [TEST_STEP][PASSED] - println(symbol): null

2019-08-23 18:57:43 - [TEST_STEP][PASSED] - if (i == 2 &amp;&amp; wildList.indexOf(symbol) != -1): null

2019-08-23 18:57:43 - [TEST_STEP][PASSED] - if (i == 3 &amp;&amp; wildList.indexOf(symbol) != -1): null

2019-08-23 18:57:43 - [TEST_STEP][PASSED] - if (i == 4 &amp;&amp; wildList.indexOf(symbol) != -1): null

2019-08-23 18:57:43 - [TEST_STEP][PASSED] - symbol = symbol: null

2019-08-23 18:57:43 - [TEST_STEP][PASSED] - println(symbol): null

2019-08-23 18:57:43 - [TEST_STEP][PASSED] - if (i == 2 &amp;&amp; wildList.indexOf(symbol) != -1): null

2019-08-23 18:57:43 - [TEST_STEP][PASSED] - if (i == 3 &amp;&amp; wildList.indexOf(symbol) != -1): null

2019-08-23 18:57:43 - [TEST_STEP][PASSED] - if (i == 4 &amp;&amp; wildList.indexOf(symbol) != -1): null

2019-08-23 18:57:43 - [TEST_STEP][PASSED] - symbol = symbol: null

2019-08-23 18:57:43 - [TEST_STEP][PASSED] - println(symbol): null

2019-08-23 18:57:43 - [TEST_STEP][PASSED] - if (i == 2 &amp;&amp; wildList.indexOf(symbol) != -1): null

2019-08-23 18:57:43 - [TEST_STEP][PASSED] - if (i == 3 &amp;&amp; wildList.indexOf(symbol) != -1): null

2019-08-23 18:57:43 - [TEST_STEP][PASSED] - if (i == 4 &amp;&amp; wildList.indexOf(symbol) != -1): null

2019-08-23 18:57:43 - [TEST_STEP][PASSED] - symbols = symbols: null

2019-08-23 18:57:43 - [TEST_STEP][PASSED] - for ([j = 0, j &lt; symbols.size(), (j++)]): null

2019-08-23 18:57:43 - [TEST_STEP][PASSED] - symbol = symbol: null

2019-08-23 18:57:43 - [TEST_STEP][PASSED] - println(symbol): null

2019-08-23 18:57:43 - [TEST_STEP][PASSED] - if (i == 2 &amp;&amp; wildList.indexOf(symbol) != -1): null

2019-08-23 18:57:43 - [TEST_STEP][PASSED] - if (i == 3 &amp;&amp; wildList.indexOf(symbol) != -1): null

2019-08-23 18:57:43 - [TEST_STEP][PASSED] - if (i == 4 &amp;&amp; wildList.indexOf(symbol) != -1): null

2019-08-23 18:57:43 - [TEST_STEP][PASSED] - symbol = symbol: null

2019-08-23 18:57:43 - [TEST_STEP][PASSED] - println(symbol): null

2019-08-23 18:57:43 - [TEST_STEP][PASSED] - if (i == 2 &amp;&amp; wildList.indexOf(symbol) != -1): null

2019-08-23 18:57:43 - [TEST_STEP][PASSED] - if (i == 3 &amp;&amp; wildList.indexOf(symbol) != -1): null

2019-08-23 18:57:43 - [TEST_STEP][PASSED] - if (i == 4 &amp;&amp; wildList.indexOf(symbol) != -1): null

2019-08-23 18:57:43 - [TEST_STEP][PASSED] - symbol = symbol: null

2019-08-23 18:57:43 - [TEST_STEP][PASSED] - println(symbol): null

2019-08-23 18:57:43 - [TEST_STEP][PASSED] - if (i == 2 &amp;&amp; wildList.indexOf(symbol) != -1): null

2019-08-23 18:57:43 - [TEST_STEP][PASSED] - if (i == 3 &amp;&amp; wildList.indexOf(symbol) != -1): null

2019-08-23 18:57:43 - [TEST_STEP][PASSED] - if (i == 4 &amp;&amp; wildList.indexOf(symbol) != -1): null

2019-08-23 18:57:43 - [TEST_STEP][PASSED] - symbols = symbols: null

2019-08-23 18:57:43 - [TEST_STEP][PASSED] - for ([j = 0, j &lt; symbols.size(), (j++)]): null

2019-08-23 18:57:43 - [TEST_STEP][PASSED] - symbol = symbol: null

2019-08-23 18:57:43 - [TEST_STEP][PASSED] - println(symbol): null

2019-08-23 18:57:43 - [TEST_STEP][PASSED] - if (i == 2 &amp;&amp; wildList.indexOf(symbol) != -1): null

2019-08-23 18:57:43 - [TEST_STEP][PASSED] - if (i == 3 &amp;&amp; wildList.indexOf(symbol) != -1): null

2019-08-23 18:57:43 - [TEST_STEP][PASSED] - if (i == 4 &amp;&amp; wildList.indexOf(symbol) != -1): null

2019-08-23 18:57:43 - [TEST_STEP][PASSED] - symbol = symbol: null

2019-08-23 18:57:43 - [TEST_STEP][PASSED] - println(symbol): null

2019-08-23 18:57:43 - [TEST_STEP][PASSED] - if (i == 2 &amp;&amp; wildList.indexOf(symbol) != -1): null

2019-08-23 18:57:43 - [TEST_STEP][PASSED] - if (i == 3 &amp;&amp; wildList.indexOf(symbol) != -1): null

2019-08-23 18:57:43 - [TEST_STEP][PASSED] - if (i == 4 &amp;&amp; wildList.indexOf(symbol) != -1): null

2019-08-23 18:57:43 - [TEST_STEP][PASSED] - symbol = symbol: null

2019-08-23 18:57:43 - [TEST_STEP][PASSED] - println(symbol): null

2019-08-23 18:57:43 - [TEST_STEP][PASSED] - if (i == 2 &amp;&amp; wildList.indexOf(symbol) != -1): null

2019-08-23 18:57:43 - [TEST_STEP][PASSED] - if (i == 3 &amp;&amp; wildList.indexOf(symbol) != -1): null

2019-08-23 18:57:43 - [TEST_STEP][PASSED] - if (i == 4 &amp;&amp; wildList.indexOf(symbol) != -1): null

2019-08-23 18:57:43 - [TEST_STEP][PASSED] - symbols = symbols: null

2019-08-23 18:57:43 - [TEST_STEP][PASSED] - for ([j = 0, j &lt; symbols.size(), (j++)]): null

2019-08-23 18:57:43 - [TEST_STEP][PASSED] - symbol = symbol: null

2019-08-23 18:57:43 - [TEST_STEP][PASSED] - println(symbol): null

2019-08-23 18:57:43 - [TEST_STEP][PASSED] - if (i == 2 &amp;&amp; wildList.indexOf(symbol) != -1): null

2019-08-23 18:57:43 - [TEST_STEP][PASSED] - if (i == 3 &amp;&amp; wildList.indexOf(symbol) != -1): null

2019-08-23 18:57:43 - [TEST_STEP][PASSED] - if (i == 4 &amp;&amp; wildList.indexOf(symbol) != -1): null

2019-08-23 18:57:43 - [TEST_STEP][PASSED] - symbol = symbol: null

2019-08-23 18:57:43 - [TEST_STEP][PASSED] - println(symbol): null

2019-08-23 18:57:43 - [TEST_STEP][PASSED] - if (i == 2 &amp;&amp; wildList.indexOf(symbol) != -1): null

2019-08-23 18:57:43 - [TEST_STEP][PASSED] - if (i == 3 &amp;&amp; wildList.indexOf(symbol) != -1): null

2019-08-23 18:57:43 - [TEST_STEP][PASSED] - if (i == 4 &amp;&amp; wildList.indexOf(symbol) != -1): null

2019-08-23 18:57:43 - [TEST_STEP][PASSED] - symbol = symbol: null

2019-08-23 18:57:43 - [TEST_STEP][PASSED] - println(symbol): null

2019-08-23 18:57:43 - [TEST_STEP][PASSED] - if (i == 2 &amp;&amp; wildList.indexOf(symbol) != -1): null

2019-08-23 18:57:43 - [TEST_STEP][PASSED] - if (i == 3 &amp;&amp; wildList.indexOf(symbol) != -1): null

2019-08-23 18:57:43 - [TEST_STEP][PASSED] - if (i == 4 &amp;&amp; wildList.indexOf(symbol) != -1): null

2019-08-23 18:57:43 - [TEST_STEP][PASSED] - free_spin_reel_counter = free_spin_reel_counter: null

2019-08-23 18:57:43 - [TEST_STEP][PASSED] - println("reel 3 wild found: " + free_spin_reel_counter[0]): null

2019-08-23 18:57:43 - [TEST_STEP][PASSED] - println("reel 4 wild found: " + free_spin_reel_counter[1]): null

2019-08-23 18:57:43 - [TEST_STEP][PASSED] - println("reel 5 wild found: " + free_spin_reel_counter[2]): null

2019-08-23 18:57:43 - [TEST_STEP][PASSED] - M4_spin_reels = M4_spin_reels: null

2019-08-23 18:57:43 - [TEST_STEP][PASSED] - M4_spin_reels_symbols = symbol: null

2019-08-23 18:57:43 - [TEST_STEP][PASSED] - M4_spin_reels_symbols = M4_spin_reels_symbols: null

2019-08-23 18:57:43 - [TEST_STEP][PASSED] - M4_spin_reel_wins = reel_wins: null

2019-08-23 18:57:43 - [TEST_STEP][PASSED] - M4_spin_reel_wins = M4_spin_reel_wins: null

2019-08-23 18:57:43 - [TEST_STEP][PASSED] - println("GlobalVariable.M4_spin_reel_wins is: " + M4_spin_reel_wins): null

2019-08-23 18:57:43 - [TEST_STEP][PASSED] - M4_spin_total_bonus_win_this_round = total_bonus_win_this_round: null

2019-08-23 18:57:43 - [TEST_STEP][PASSED] - M4_spin_total_bonus_win_this_round = M4_spin_total_bonus_win_this_round: null

2019-08-23 18:57:43 - [TEST_STEP][PASSED] - println("GlobalVariable.M4_spin_total_bonus_win_this_round is: " + M4_spin_total_bonus_win_this_round): null

2019-08-23 18:57:43 - [TEST_STEP][PASSED] - M4_spin_bonus_spin_result = spin_result: null

2019-08-23 18:57:43 - [TEST_STEP][PASSED] - M4_spin_bonus_spin_result = M4_spin_bonus_spin_result: null

2019-08-23 18:57:43 - [MESSAGE][PASSED] - Verify response successfully

2019-08-23 18:57:43 - [MESSAGE][PASSED] - Send request and verify the response successfully

2019-08-23 18:57:43 - [TEST_STEP][PASSED] - if (free_spin_reel_counter[0] &gt;= 1 &amp;&amp; free_spin_reel_counter[1] &gt;= 1 &amp;&amp; free_spin_reel_counter[2] &gt;= 1): null

2019-08-23 18:57:43 - [TEST_STEP][PASSED] - spin_result = sendRequestAndVerify(findTestObject("INT/RGS(M4)/1_M4_spin", ["M4_login_user_id":M4_login_user_id, "rgs_session_token":rgs_session_token, "partner":Partner])): Send request and verify the response successfully

2019-08-23 18:57:44 - [MESSAGE][INFO] - HAR: /Users/eiralee/Katalon_Script/SuperWild/Reports/20190823_184757/INT/superWild_1/20190823_184757/requests/main/266.har

2019-08-23 18:57:46 - [TEST_CASE][PASSED] - Start Test Case : Verification: Verification accomplished successfully

2019-08-23 18:57:46 - [TEST_STEP][PASSED] - request = getInstance().getCurrentRequest(): null

2019-08-23 18:57:46 - [TEST_STEP][PASSED] - response = getInstance().getCurrentResponse(): null

2019-08-23 18:57:46 - [TEST_STEP][PASSED] - verifyResponseStatusCode(response, 200): Verify response status code successfully

2019-08-23 18:57:46 - [MESSAGE][PASSED] - Verify response status code successfully

2019-08-23 18:57:46 - [TEST_STEP][PASSED] - getStatusCode()).isEqualTo(200): null

2019-08-23 18:57:46 - [TEST_STEP][PASSED] - newline = System.getProperty("line.separator"): null

2019-08-23 18:57:46 - [TEST_STEP][PASSED] - M4_spin = new groovy.json.JsonSlurper(): null

2019-08-23 18:57:46 - [TEST_STEP][PASSED] - result_M4_spin = M4_spin.parseText(response.getResponseBodyContent()): null

2019-08-23 18:57:46 - [TEST_STEP][PASSED] - M4_spin_current_balance = current_balance: null

2019-08-23 18:57:46 - [TEST_STEP][PASSED] - M4_spin_current_balance = M4_spin_current_balance: null

2019-08-23 18:57:46 - [TEST_STEP][PASSED] - M4_spin_transaction_id = causality: null

2019-08-23 18:57:46 - [TEST_STEP][PASSED] - M4_spin_transaction_id = M4_spin_transaction_id: null

2019-08-23 18:57:46 - [TEST_STEP][PASSED] - M4_spin_round_id = round_id: null

2019-08-23 18:57:46 - [TEST_STEP][PASSED] - M4_spin_round_id = M4_spin_round_id: null

2019-08-23 18:57:46 - [TEST_STEP][PASSED] - M4_spin_line_wins = line_wins: null

2019-08-23 18:57:46 - [TEST_STEP][PASSED] - M4_spin_line_wins = M4_spin_line_wins: null

2019-08-23 18:57:46 - [TEST_STEP][PASSED] - M4_total_bonus_spins_int = total_bonus_spins: null

2019-08-23 18:57:46 - [TEST_STEP][PASSED] - println("******M4_total_bonus_spins type is:*******" + newline + getClass().getName()): null

2019-08-23 18:57:46 - [TEST_STEP][PASSED] - M4_total_bonus_spins_int = M4_total_bonus_spins_int: null

2019-08-23 18:57:46 - [TEST_STEP][PASSED] - M4_total_bonus_spins = Integer.toString(M4_total_bonus_spins_int): null

2019-08-23 18:57:46 - [TEST_STEP][PASSED] - M4_total_bonus_spins = M4_total_bonus_spins: null

2019-08-23 18:57:46 - [TEST_STEP][PASSED] - println("M4_total_bonus_spins is:" + M4_total_bonus_spins): null

2019-08-23 18:57:46 - [TEST_STEP][PASSED] - M4_spin_bonus_data = bonus_data: null

2019-08-23 18:57:46 - [TEST_STEP][PASSED] - M4_spin_features_triggered = result_M4_spin: null

2019-08-23 18:57:46 - [TEST_STEP][PASSED] - wild = []: null

2019-08-23 18:57:46 - [TEST_STEP][PASSED] - wild[0] = "WILD_Expanding": null

2019-08-23 18:57:46 - [TEST_STEP][PASSED] - wild[1] = "WILD_Normal": null

2019-08-23 18:57:46 - [TEST_STEP][PASSED] - wild[2] = "WILD_Double": null

2019-08-23 18:57:46 - [TEST_STEP][PASSED] - wild[3] = "WILD_ExtraFG": null

2019-08-23 18:57:46 - [TEST_STEP][PASSED] - wild[4] = "WILD_Triple": null

2019-08-23 18:57:46 - [TEST_STEP][PASSED] - wildList = Arrays.asList(wild): null

2019-08-23 18:57:46 - [TEST_STEP][PASSED] - wildList = wildList: null

2019-08-23 18:57:46 - [TEST_STEP][PASSED] - free_spin_reel_counter = []: null

2019-08-23 18:57:46 - [TEST_STEP][PASSED] - free_spin_reel_counter[0] = 0: null

2019-08-23 18:57:46 - [TEST_STEP][PASSED] - free_spin_reel_counter[1] = 0: null

2019-08-23 18:57:46 - [TEST_STEP][PASSED] - free_spin_reel_counter[2] = 0: null

2019-08-23 18:57:46 - [TEST_STEP][PASSED] - M4_spin_reels = reels: null

2019-08-23 18:57:46 - [TEST_STEP][PASSED] - for ([i = 0, i &lt; M4_spin_reels.size(), (i++)]): null

2019-08-23 18:57:46 - [TEST_STEP][PASSED] - symbols = symbols: null

2019-08-23 18:57:46 - [TEST_STEP][PASSED] - for ([j = 0, j &lt; symbols.size(), (j++)]): null

2019-08-23 18:57:46 - [TEST_STEP][PASSED] - symbol = symbol: null

2019-08-23 18:57:46 - [TEST_STEP][PASSED] - println(symbol): null

2019-08-23 18:57:46 - [TEST_STEP][PASSED] - if (i == 2 &amp;&amp; wildList.indexOf(symbol) != -1): null

2019-08-23 18:57:46 - [TEST_STEP][PASSED] - if (i == 3 &amp;&amp; wildList.indexOf(symbol) != -1): null

2019-08-23 18:57:46 - [TEST_STEP][PASSED] - if (i == 4 &amp;&amp; wildList.indexOf(symbol) != -1): null

2019-08-23 18:57:46 - [TEST_STEP][PASSED] - symbol = symbol: null

2019-08-23 18:57:46 - [TEST_STEP][PASSED] - println(symbol): null

2019-08-23 18:57:46 - [TEST_STEP][PASSED] - if (i == 2 &amp;&amp; wildList.indexOf(symbol) != -1): null

2019-08-23 18:57:46 - [TEST_STEP][PASSED] - if (i == 3 &amp;&amp; wildList.indexOf(symbol) != -1): null

2019-08-23 18:57:46 - [TEST_STEP][PASSED] - if (i == 4 &amp;&amp; wildList.indexOf(symbol) != -1): null

2019-08-23 18:57:46 - [TEST_STEP][PASSED] - symbol = symbol: null

2019-08-23 18:57:46 - [TEST_STEP][PASSED] - println(symbol): null

2019-08-23 18:57:46 - [TEST_STEP][PASSED] - if (i == 2 &amp;&amp; wildList.indexOf(symbol) != -1): null

2019-08-23 18:57:46 - [TEST_STEP][PASSED] - if (i == 3 &amp;&amp; wildList.indexOf(symbol) != -1): null

2019-08-23 18:57:46 - [TEST_STEP][PASSED] - if (i == 4 &amp;&amp; wildList.indexOf(symbol) != -1): null

2019-08-23 18:57:46 - [TEST_STEP][PASSED] - symbols = symbols: null

2019-08-23 18:57:46 - [TEST_STEP][PASSED] - for ([j = 0, j &lt; symbols.size(), (j++)]): null

2019-08-23 18:57:46 - [TEST_STEP][PASSED] - symbol = symbol: null

2019-08-23 18:57:46 - [TEST_STEP][PASSED] - println(symbol): null

2019-08-23 18:57:46 - [TEST_STEP][PASSED] - if (i == 2 &amp;&amp; wildList.indexOf(symbol) != -1): null

2019-08-23 18:57:46 - [TEST_STEP][PASSED] - if (i == 3 &amp;&amp; wildList.indexOf(symbol) != -1): null

2019-08-23 18:57:46 - [TEST_STEP][PASSED] - if (i == 4 &amp;&amp; wildList.indexOf(symbol) != -1): null

2019-08-23 18:57:46 - [TEST_STEP][PASSED] - symbol = symbol: null

2019-08-23 18:57:46 - [TEST_STEP][PASSED] - println(symbol): null

2019-08-23 18:57:46 - [TEST_STEP][PASSED] - if (i == 2 &amp;&amp; wildList.indexOf(symbol) != -1): null

2019-08-23 18:57:46 - [TEST_STEP][PASSED] - if (i == 3 &amp;&amp; wildList.indexOf(symbol) != -1): null

2019-08-23 18:57:46 - [TEST_STEP][PASSED] - if (i == 4 &amp;&amp; wildList.indexOf(symbol) != -1): null

2019-08-23 18:57:46 - [TEST_STEP][PASSED] - symbol = symbol: null

2019-08-23 18:57:46 - [TEST_STEP][PASSED] - println(symbol): null

2019-08-23 18:57:46 - [TEST_STEP][PASSED] - if (i == 2 &amp;&amp; wildList.indexOf(symbol) != -1): null

2019-08-23 18:57:46 - [TEST_STEP][PASSED] - if (i == 3 &amp;&amp; wildList.indexOf(symbol) != -1): null

2019-08-23 18:57:46 - [TEST_STEP][PASSED] - if (i == 4 &amp;&amp; wildList.indexOf(symbol) != -1): null

2019-08-23 18:57:46 - [TEST_STEP][PASSED] - symbols = symbols: null

2019-08-23 18:57:46 - [TEST_STEP][PASSED] - for ([j = 0, j &lt; symbols.size(), (j++)]): null

2019-08-23 18:57:46 - [TEST_STEP][PASSED] - symbol = symbol: null

2019-08-23 18:57:46 - [TEST_STEP][PASSED] - println(symbol): null

2019-08-23 18:57:46 - [TEST_STEP][PASSED] - if (i == 2 &amp;&amp; wildList.indexOf(symbol) != -1): null

2019-08-23 18:57:46 - [TEST_STEP][PASSED] - if (i == 3 &amp;&amp; wildList.indexOf(symbol) != -1): null

2019-08-23 18:57:46 - [TEST_STEP][PASSED] - if (i == 4 &amp;&amp; wildList.indexOf(symbol) != -1): null

2019-08-23 18:57:46 - [TEST_STEP][PASSED] - symbol = symbol: null

2019-08-23 18:57:46 - [TEST_STEP][PASSED] - println(symbol): null

2019-08-23 18:57:46 - [TEST_STEP][PASSED] - if (i == 2 &amp;&amp; wildList.indexOf(symbol) != -1): null

2019-08-23 18:57:46 - [TEST_STEP][PASSED] - if (i == 3 &amp;&amp; wildList.indexOf(symbol) != -1): null

2019-08-23 18:57:46 - [TEST_STEP][PASSED] - if (i == 4 &amp;&amp; wildList.indexOf(symbol) != -1): null

2019-08-23 18:57:46 - [TEST_STEP][PASSED] - symbol = symbol: null

2019-08-23 18:57:46 - [TEST_STEP][PASSED] - println(symbol): null

2019-08-23 18:57:46 - [TEST_STEP][PASSED] - if (i == 2 &amp;&amp; wildList.indexOf(symbol) != -1): null

2019-08-23 18:57:46 - [TEST_STEP][PASSED] - if (i == 3 &amp;&amp; wildList.indexOf(symbol) != -1): null

2019-08-23 18:57:46 - [TEST_STEP][PASSED] - if (i == 4 &amp;&amp; wildList.indexOf(symbol) != -1): null

2019-08-23 18:57:46 - [TEST_STEP][PASSED] - symbols = symbols: null

2019-08-23 18:57:46 - [TEST_STEP][PASSED] - for ([j = 0, j &lt; symbols.size(), (j++)]): null

2019-08-23 18:57:46 - [TEST_STEP][PASSED] - symbol = symbol: null

2019-08-23 18:57:46 - [TEST_STEP][PASSED] - println(symbol): null

2019-08-23 18:57:46 - [TEST_STEP][PASSED] - if (i == 2 &amp;&amp; wildList.indexOf(symbol) != -1): null

2019-08-23 18:57:46 - [TEST_STEP][PASSED] - if (i == 3 &amp;&amp; wildList.indexOf(symbol) != -1): null

2019-08-23 18:57:46 - [TEST_STEP][PASSED] - if (i == 4 &amp;&amp; wildList.indexOf(symbol) != -1): null

2019-08-23 18:57:46 - [TEST_STEP][PASSED] - symbol = symbol: null

2019-08-23 18:57:46 - [TEST_STEP][PASSED] - println(symbol): null

2019-08-23 18:57:46 - [TEST_STEP][PASSED] - if (i == 2 &amp;&amp; wildList.indexOf(symbol) != -1): null

2019-08-23 18:57:46 - [TEST_STEP][PASSED] - if (i == 3 &amp;&amp; wildList.indexOf(symbol) != -1): null

2019-08-23 18:57:46 - [TEST_STEP][PASSED] - if (i == 4 &amp;&amp; wildList.indexOf(symbol) != -1): null

2019-08-23 18:57:46 - [TEST_STEP][PASSED] - symbol = symbol: null

2019-08-23 18:57:46 - [TEST_STEP][PASSED] - println(symbol): null

2019-08-23 18:57:46 - [TEST_STEP][PASSED] - if (i == 2 &amp;&amp; wildList.indexOf(symbol) != -1): null

2019-08-23 18:57:46 - [TEST_STEP][PASSED] - if (i == 3 &amp;&amp; wildList.indexOf(symbol) != -1): null

2019-08-23 18:57:46 - [TEST_STEP][PASSED] - if (i == 4 &amp;&amp; wildList.indexOf(symbol) != -1): null

2019-08-23 18:57:46 - [TEST_STEP][PASSED] - symbols = symbols: null

2019-08-23 18:57:46 - [TEST_STEP][PASSED] - for ([j = 0, j &lt; symbols.size(), (j++)]): null

2019-08-23 18:57:46 - [TEST_STEP][PASSED] - symbol = symbol: null

2019-08-23 18:57:46 - [TEST_STEP][PASSED] - println(symbol): null

2019-08-23 18:57:46 - [TEST_STEP][PASSED] - if (i == 2 &amp;&amp; wildList.indexOf(symbol) != -1): null

2019-08-23 18:57:46 - [TEST_STEP][PASSED] - if (i == 3 &amp;&amp; wildList.indexOf(symbol) != -1): null

2019-08-23 18:57:46 - [TEST_STEP][PASSED] - if (i == 4 &amp;&amp; wildList.indexOf(symbol) != -1): null

2019-08-23 18:57:46 - [TEST_STEP][PASSED] - symbol = symbol: null

2019-08-23 18:57:46 - [TEST_STEP][PASSED] - println(symbol): null

2019-08-23 18:57:46 - [TEST_STEP][PASSED] - if (i == 2 &amp;&amp; wildList.indexOf(symbol) != -1): null

2019-08-23 18:57:46 - [TEST_STEP][PASSED] - if (i == 3 &amp;&amp; wildList.indexOf(symbol) != -1): null

2019-08-23 18:57:46 - [TEST_STEP][PASSED] - if (i == 4 &amp;&amp; wildList.indexOf(symbol) != -1): null

2019-08-23 18:57:46 - [TEST_STEP][PASSED] - symbol = symbol: null

2019-08-23 18:57:46 - [TEST_STEP][PASSED] - println(symbol): null

2019-08-23 18:57:46 - [TEST_STEP][PASSED] - if (i == 2 &amp;&amp; wildList.indexOf(symbol) != -1): null

2019-08-23 18:57:46 - [TEST_STEP][PASSED] - if (i == 3 &amp;&amp; wildList.indexOf(symbol) != -1): null

2019-08-23 18:57:46 - [TEST_STEP][PASSED] - if (i == 4 &amp;&amp; wildList.indexOf(symbol) != -1): null

2019-08-23 18:57:46 - [TEST_STEP][PASSED] - free_spin_reel_counter = free_spin_reel_counter: null

2019-08-23 18:57:46 - [TEST_STEP][PASSED] - println("reel 3 wild found: " + free_spin_reel_counter[0]): null

2019-08-23 18:57:46 - [TEST_STEP][PASSED] - println("reel 4 wild found: " + free_spin_reel_counter[1]): null

2019-08-23 18:57:46 - [TEST_STEP][PASSED] - println("reel 5 wild found: " + free_spin_reel_counter[2]): null

2019-08-23 18:57:46 - [TEST_STEP][PASSED] - M4_spin_reels = M4_spin_reels: null

2019-08-23 18:57:46 - [TEST_STEP][PASSED] - M4_spin_reels_symbols = symbol: null

2019-08-23 18:57:46 - [TEST_STEP][PASSED] - M4_spin_reels_symbols = M4_spin_reels_symbols: null

2019-08-23 18:57:46 - [TEST_STEP][PASSED] - M4_spin_reel_wins = reel_wins: null

2019-08-23 18:57:46 - [TEST_STEP][PASSED] - M4_spin_reel_wins = M4_spin_reel_wins: null

2019-08-23 18:57:46 - [TEST_STEP][PASSED] - println("GlobalVariable.M4_spin_reel_wins is: " + M4_spin_reel_wins): null

2019-08-23 18:57:46 - [TEST_STEP][PASSED] - M4_spin_total_bonus_win_this_round = total_bonus_win_this_round: null

2019-08-23 18:57:46 - [TEST_STEP][PASSED] - M4_spin_total_bonus_win_this_round = M4_spin_total_bonus_win_this_round: null

2019-08-23 18:57:46 - [TEST_STEP][PASSED] - println("GlobalVariable.M4_spin_total_bonus_win_this_round is: " + M4_spin_total_bonus_win_this_round): null

2019-08-23 18:57:46 - [TEST_STEP][PASSED] - M4_spin_bonus_spin_result = spin_result: null

2019-08-23 18:57:46 - [TEST_STEP][PASSED] - M4_spin_bonus_spin_result = M4_spin_bonus_spin_result: null

2019-08-23 18:57:46 - [MESSAGE][PASSED] - Verify response successfully

2019-08-23 18:57:46 - [MESSAGE][PASSED] - Send request and verify the response successfully

2019-08-23 18:57:46 - [TEST_STEP][PASSED] - if (free_spin_reel_counter[0] &gt;= 1 &amp;&amp; free_spin_reel_counter[1] &gt;= 1 &amp;&amp; free_spin_reel_counter[2] &gt;= 1): null

2019-08-23 18:57:46 - [TEST_STEP][PASSED] - spin_result = sendRequestAndVerify(findTestObject("INT/RGS(M4)/1_M4_spin", ["M4_login_user_id":M4_login_user_id, "rgs_session_token":rgs_session_token, "partner":Partner])): Send request and verify the response successfully

2019-08-23 18:57:46 - [MESSAGE][INFO] - HAR: /Users/eiralee/Katalon_Script/SuperWild/Reports/20190823_184757/INT/superWild_1/20190823_184757/requests/main/267.har

2019-08-23 18:57:46 - [TEST_CASE][PASSED] - Start Test Case : Verification: Verification accomplished successfully

2019-08-23 18:57:46 - [TEST_STEP][PASSED] - request = getInstance().getCurrentRequest(): null

2019-08-23 18:57:47 - [TEST_STEP][PASSED] - response = getInstance().getCurrentResponse(): null

2019-08-23 18:57:47 - [TEST_STEP][PASSED] - verifyResponseStatusCode(response, 200): Verify response status code successfully

2019-08-23 18:57:47 - [MESSAGE][PASSED] - Verify response status code successfully

2019-08-23 18:57:47 - [TEST_STEP][PASSED] - getStatusCode()).isEqualTo(200): null

2019-08-23 18:57:47 - [TEST_STEP][PASSED] - newline = System.getProperty("line.separator"): null

2019-08-23 18:57:47 - [TEST_STEP][PASSED] - M4_spin = new groovy.json.JsonSlurper(): null

2019-08-23 18:57:47 - [TEST_STEP][PASSED] - result_M4_spin = M4_spin.parseText(response.getResponseBodyContent()): null

2019-08-23 18:57:47 - [TEST_STEP][PASSED] - M4_spin_current_balance = current_balance: null

2019-08-23 18:57:47 - [TEST_STEP][PASSED] - M4_spin_current_balance = M4_spin_current_balance: null

2019-08-23 18:57:47 - [TEST_STEP][PASSED] - M4_spin_transaction_id = causality: null

2019-08-23 18:57:47 - [TEST_STEP][PASSED] - M4_spin_transaction_id = M4_spin_transaction_id: null

2019-08-23 18:57:47 - [TEST_STEP][PASSED] - M4_spin_round_id = round_id: null

2019-08-23 18:57:47 - [TEST_STEP][PASSED] - M4_spin_round_id = M4_spin_round_id: null

2019-08-23 18:57:47 - [TEST_STEP][PASSED] - M4_spin_line_wins = line_wins: null

2019-08-23 18:57:47 - [TEST_STEP][PASSED] - M4_spin_line_wins = M4_spin_line_wins: null

2019-08-23 18:57:47 - [TEST_STEP][PASSED] - M4_total_bonus_spins_int = total_bonus_spins: null

2019-08-23 18:57:47 - [TEST_STEP][PASSED] - println("******M4_total_bonus_spins type is:*******" + newline + getClass().getName()): null

2019-08-23 18:57:47 - [TEST_STEP][PASSED] - M4_total_bonus_spins_int = M4_total_bonus_spins_int: null

2019-08-23 18:57:47 - [TEST_STEP][PASSED] - M4_total_bonus_spins = Integer.toString(M4_total_bonus_spins_int): null

2019-08-23 18:57:47 - [TEST_STEP][PASSED] - M4_total_bonus_spins = M4_total_bonus_spins: null

2019-08-23 18:57:47 - [TEST_STEP][PASSED] - println("M4_total_bonus_spins is:" + M4_total_bonus_spins): null

2019-08-23 18:57:47 - [TEST_STEP][PASSED] - M4_spin_bonus_data = bonus_data: null

2019-08-23 18:57:47 - [TEST_STEP][PASSED] - M4_spin_features_triggered = result_M4_spin: null

2019-08-23 18:57:47 - [TEST_STEP][PASSED] - wild = []: null

2019-08-23 18:57:47 - [TEST_STEP][PASSED] - wild[0] = "WILD_Expanding": null

2019-08-23 18:57:47 - [TEST_STEP][PASSED] - wild[1] = "WILD_Normal": null

2019-08-23 18:57:47 - [TEST_STEP][PASSED] - wild[2] = "WILD_Double": null

2019-08-23 18:57:47 - [TEST_STEP][PASSED] - wild[3] = "WILD_ExtraFG": null

2019-08-23 18:57:47 - [TEST_STEP][PASSED] - wild[4] = "WILD_Triple": null

2019-08-23 18:57:47 - [TEST_STEP][PASSED] - wildList = Arrays.asList(wild): null

2019-08-23 18:57:47 - [TEST_STEP][PASSED] - wildList = wildList: null

2019-08-23 18:57:47 - [TEST_STEP][PASSED] - free_spin_reel_counter = []: null

2019-08-23 18:57:47 - [TEST_STEP][PASSED] - free_spin_reel_counter[0] = 0: null

2019-08-23 18:57:47 - [TEST_STEP][PASSED] - free_spin_reel_counter[1] = 0: null

2019-08-23 18:57:47 - [TEST_STEP][PASSED] - free_spin_reel_counter[2] = 0: null

2019-08-23 18:57:47 - [TEST_STEP][PASSED] - M4_spin_reels = reels: null

2019-08-23 18:57:47 - [TEST_STEP][PASSED] - for ([i = 0, i &lt; M4_spin_reels.size(), (i++)]): null

2019-08-23 18:57:47 - [TEST_STEP][PASSED] - symbols = symbols: null

2019-08-23 18:57:47 - [TEST_STEP][PASSED] - for ([j = 0, j &lt; symbols.size(), (j++)]): null

2019-08-23 18:57:47 - [TEST_STEP][PASSED] - symbol = symbol: null

2019-08-23 18:57:47 - [TEST_STEP][PASSED] - println(symbol): null

2019-08-23 18:57:47 - [TEST_STEP][PASSED] - if (i == 2 &amp;&amp; wildList.indexOf(symbol) != -1): null

2019-08-23 18:57:47 - [TEST_STEP][PASSED] - if (i == 3 &amp;&amp; wildList.indexOf(symbol) != -1): null

2019-08-23 18:57:47 - [TEST_STEP][PASSED] - if (i == 4 &amp;&amp; wildList.indexOf(symbol) != -1): null

2019-08-23 18:57:47 - [TEST_STEP][PASSED] - symbol = symbol: null

2019-08-23 18:57:47 - [TEST_STEP][PASSED] - println(symbol): null

2019-08-23 18:57:47 - [TEST_STEP][PASSED] - if (i == 2 &amp;&amp; wildList.indexOf(symbol) != -1): null

2019-08-23 18:57:47 - [TEST_STEP][PASSED] - if (i == 3 &amp;&amp; wildList.indexOf(symbol) != -1): null

2019-08-23 18:57:47 - [TEST_STEP][PASSED] - if (i == 4 &amp;&amp; wildList.indexOf(symbol) != -1): null

2019-08-23 18:57:47 - [TEST_STEP][PASSED] - symbol = symbol: null

2019-08-23 18:57:47 - [TEST_STEP][PASSED] - println(symbol): null

2019-08-23 18:57:47 - [TEST_STEP][PASSED] - if (i == 2 &amp;&amp; wildList.indexOf(symbol) != -1): null

2019-08-23 18:57:47 - [TEST_STEP][PASSED] - if (i == 3 &amp;&amp; wildList.indexOf(symbol) != -1): null

2019-08-23 18:57:47 - [TEST_STEP][PASSED] - if (i == 4 &amp;&amp; wildList.indexOf(symbol) != -1): null

2019-08-23 18:57:47 - [TEST_STEP][PASSED] - symbols = symbols: null

2019-08-23 18:57:47 - [TEST_STEP][PASSED] - for ([j = 0, j &lt; symbols.size(), (j++)]): null

2019-08-23 18:57:47 - [TEST_STEP][PASSED] - symbol = symbol: null

2019-08-23 18:57:47 - [TEST_STEP][PASSED] - println(symbol): null

2019-08-23 18:57:47 - [TEST_STEP][PASSED] - if (i == 2 &amp;&amp; wildList.indexOf(symbol) != -1): null

2019-08-23 18:57:47 - [TEST_STEP][PASSED] - if (i == 3 &amp;&amp; wildList.indexOf(symbol) != -1): null

2019-08-23 18:57:47 - [TEST_STEP][PASSED] - if (i == 4 &amp;&amp; wildList.indexOf(symbol) != -1): null

2019-08-23 18:57:47 - [TEST_STEP][PASSED] - symbol = symbol: null

2019-08-23 18:57:47 - [TEST_STEP][PASSED] - println(symbol): null

2019-08-23 18:57:47 - [TEST_STEP][PASSED] - if (i == 2 &amp;&amp; wildList.indexOf(symbol) != -1): null

2019-08-23 18:57:47 - [TEST_STEP][PASSED] - if (i == 3 &amp;&amp; wildList.indexOf(symbol) != -1): null

2019-08-23 18:57:47 - [TEST_STEP][PASSED] - if (i == 4 &amp;&amp; wildList.indexOf(symbol) != -1): null

2019-08-23 18:57:47 - [TEST_STEP][PASSED] - symbol = symbol: null

2019-08-23 18:57:47 - [TEST_STEP][PASSED] - println(symbol): null

2019-08-23 18:57:47 - [TEST_STEP][PASSED] - if (i == 2 &amp;&amp; wildList.indexOf(symbol) != -1): null

2019-08-23 18:57:47 - [TEST_STEP][PASSED] - if (i == 3 &amp;&amp; wildList.indexOf(symbol) != -1): null

2019-08-23 18:57:47 - [TEST_STEP][PASSED] - if (i == 4 &amp;&amp; wildList.indexOf(symbol) != -1): null

2019-08-23 18:57:47 - [TEST_STEP][PASSED] - symbols = symbols: null

2019-08-23 18:57:47 - [TEST_STEP][PASSED] - for ([j = 0, j &lt; symbols.size(), (j++)]): null

2019-08-23 18:57:47 - [TEST_STEP][PASSED] - symbol = symbol: null

2019-08-23 18:57:47 - [TEST_STEP][PASSED] - println(symbol): null

2019-08-23 18:57:47 - [TEST_STEP][PASSED] - if (i == 2 &amp;&amp; wildList.indexOf(symbol) != -1): null

2019-08-23 18:57:47 - [TEST_STEP][PASSED] - if (i == 3 &amp;&amp; wildList.indexOf(symbol) != -1): null

2019-08-23 18:57:47 - [TEST_STEP][PASSED] - if (i == 4 &amp;&amp; wildList.indexOf(symbol) != -1): null

2019-08-23 18:57:47 - [TEST_STEP][PASSED] - symbol = symbol: null

2019-08-23 18:57:47 - [TEST_STEP][PASSED] - println(symbol): null

2019-08-23 18:57:47 - [TEST_STEP][PASSED] - if (i == 2 &amp;&amp; wildList.indexOf(symbol) != -1): null

2019-08-23 18:57:47 - [TEST_STEP][PASSED] - if (i == 3 &amp;&amp; wildList.indexOf(symbol) != -1): null

2019-08-23 18:57:47 - [TEST_STEP][PASSED] - if (i == 4 &amp;&amp; wildList.indexOf(symbol) != -1): null

2019-08-23 18:57:47 - [TEST_STEP][PASSED] - symbol = symbol: null

2019-08-23 18:57:47 - [TEST_STEP][PASSED] - println(symbol): null

2019-08-23 18:57:47 - [TEST_STEP][PASSED] - if (i == 2 &amp;&amp; wildList.indexOf(symbol) != -1): null

2019-08-23 18:57:47 - [TEST_STEP][PASSED] - println("wild found on reel 3, adding counter by 1"): null

2019-08-23 18:57:47 - [TEST_STEP][PASSED] - free_spin_reel_counter[0] = free_spin_reel_counter[0] + 1: null

2019-08-23 18:57:47 - [TEST_STEP][PASSED] - if (i == 3 &amp;&amp; wildList.indexOf(symbol) != -1): null

2019-08-23 18:57:47 - [TEST_STEP][PASSED] - if (i == 4 &amp;&amp; wildList.indexOf(symbol) != -1): null

2019-08-23 18:57:47 - [TEST_STEP][PASSED] - symbols = symbols: null

2019-08-23 18:57:47 - [TEST_STEP][PASSED] - for ([j = 0, j &lt; symbols.size(), (j++)]): null

2019-08-23 18:57:47 - [TEST_STEP][PASSED] - symbol = symbol: null

2019-08-23 18:57:47 - [TEST_STEP][PASSED] - println(symbol): null

2019-08-23 18:57:47 - [TEST_STEP][PASSED] - if (i == 2 &amp;&amp; wildList.indexOf(symbol) != -1): null

2019-08-23 18:57:47 - [TEST_STEP][PASSED] - if (i == 3 &amp;&amp; wildList.indexOf(symbol) != -1): null

2019-08-23 18:57:47 - [TEST_STEP][PASSED] - if (i == 4 &amp;&amp; wildList.indexOf(symbol) != -1): null

2019-08-23 18:57:47 - [TEST_STEP][PASSED] - symbol = symbol: null

2019-08-23 18:57:47 - [TEST_STEP][PASSED] - println(symbol): null

2019-08-23 18:57:47 - [TEST_STEP][PASSED] - if (i == 2 &amp;&amp; wildList.indexOf(symbol) != -1): null

2019-08-23 18:57:47 - [TEST_STEP][PASSED] - if (i == 3 &amp;&amp; wildList.indexOf(symbol) != -1): null

2019-08-23 18:57:47 - [TEST_STEP][PASSED] - if (i == 4 &amp;&amp; wildList.indexOf(symbol) != -1): null

2019-08-23 18:57:47 - [TEST_STEP][PASSED] - symbol = symbol: null

2019-08-23 18:57:47 - [TEST_STEP][PASSED] - println(symbol): null

2019-08-23 18:57:47 - [TEST_STEP][PASSED] - if (i == 2 &amp;&amp; wildList.indexOf(symbol) != -1): null

2019-08-23 18:57:47 - [TEST_STEP][PASSED] - if (i == 3 &amp;&amp; wildList.indexOf(symbol) != -1): null

2019-08-23 18:57:47 - [TEST_STEP][PASSED] - if (i == 4 &amp;&amp; wildList.indexOf(symbol) != -1): null

2019-08-23 18:57:47 - [TEST_STEP][PASSED] - symbols = symbols: null

2019-08-23 18:57:47 - [TEST_STEP][PASSED] - for ([j = 0, j &lt; symbols.size(), (j++)]): null

2019-08-23 18:57:47 - [TEST_STEP][PASSED] - symbol = symbol: null

2019-08-23 18:57:47 - [TEST_STEP][PASSED] - println(symbol): null

2019-08-23 18:57:47 - [TEST_STEP][PASSED] - if (i == 2 &amp;&amp; wildList.indexOf(symbol) != -1): null

2019-08-23 18:57:47 - [TEST_STEP][PASSED] - if (i == 3 &amp;&amp; wildList.indexOf(symbol) != -1): null

2019-08-23 18:57:47 - [TEST_STEP][PASSED] - if (i == 4 &amp;&amp; wildList.indexOf(symbol) != -1): null

2019-08-23 18:57:47 - [TEST_STEP][PASSED] - symbol = symbol: null

2019-08-23 18:57:47 - [TEST_STEP][PASSED] - println(symbol): null

2019-08-23 18:57:47 - [TEST_STEP][PASSED] - if (i == 2 &amp;&amp; wildList.indexOf(symbol) != -1): null

2019-08-23 18:57:47 - [TEST_STEP][PASSED] - if (i == 3 &amp;&amp; wildList.indexOf(symbol) != -1): null

2019-08-23 18:57:47 - [TEST_STEP][PASSED] - if (i == 4 &amp;&amp; wildList.indexOf(symbol) != -1): null

2019-08-23 18:57:47 - [TEST_STEP][PASSED] - symbol = symbol: null

2019-08-23 18:57:47 - [TEST_STEP][PASSED] - println(symbol): null

2019-08-23 18:57:47 - [TEST_STEP][PASSED] - if (i == 2 &amp;&amp; wildList.indexOf(symbol) != -1): null

2019-08-23 18:57:47 - [TEST_STEP][PASSED] - if (i == 3 &amp;&amp; wildList.indexOf(symbol) != -1): null

2019-08-23 18:57:47 - [TEST_STEP][PASSED] - if (i == 4 &amp;&amp; wildList.indexOf(symbol) != -1): null

2019-08-23 18:57:47 - [TEST_STEP][PASSED] - free_spin_reel_counter = free_spin_reel_counter: null

2019-08-23 18:57:47 - [TEST_STEP][PASSED] - println("reel 3 wild found: " + free_spin_reel_counter[0]): null

2019-08-23 18:57:47 - [TEST_STEP][PASSED] - println("reel 4 wild found: " + free_spin_reel_counter[1]): null

2019-08-23 18:57:47 - [TEST_STEP][PASSED] - println("reel 5 wild found: " + free_spin_reel_counter[2]): null

2019-08-23 18:57:47 - [TEST_STEP][PASSED] - M4_spin_reels = M4_spin_reels: null

2019-08-23 18:57:47 - [TEST_STEP][PASSED] - M4_spin_reels_symbols = symbol: null

2019-08-23 18:57:47 - [TEST_STEP][PASSED] - M4_spin_reels_symbols = M4_spin_reels_symbols: null

2019-08-23 18:57:47 - [TEST_STEP][PASSED] - M4_spin_reel_wins = reel_wins: null

2019-08-23 18:57:47 - [TEST_STEP][PASSED] - M4_spin_reel_wins = M4_spin_reel_wins: null

2019-08-23 18:57:47 - [TEST_STEP][PASSED] - println("GlobalVariable.M4_spin_reel_wins is: " + M4_spin_reel_wins): null

2019-08-23 18:57:47 - [TEST_STEP][PASSED] - M4_spin_total_bonus_win_this_round = total_bonus_win_this_round: null

2019-08-23 18:57:47 - [TEST_STEP][PASSED] - M4_spin_total_bonus_win_this_round = M4_spin_total_bonus_win_this_round: null

2019-08-23 18:57:47 - [TEST_STEP][PASSED] - println("GlobalVariable.M4_spin_total_bonus_win_this_round is: " + M4_spin_total_bonus_win_this_round): null

2019-08-23 18:57:47 - [TEST_STEP][PASSED] - M4_spin_bonus_spin_result = spin_result: null

2019-08-23 18:57:47 - [TEST_STEP][PASSED] - M4_spin_bonus_spin_result = M4_spin_bonus_spin_result: null

2019-08-23 18:57:47 - [MESSAGE][PASSED] - Verify response successfully

2019-08-23 18:57:47 - [MESSAGE][PASSED] - Send request and verify the response successfully

2019-08-23 18:57:47 - [TEST_STEP][PASSED] - if (free_spin_reel_counter[0] &gt;= 1 &amp;&amp; free_spin_reel_counter[1] &gt;= 1 &amp;&amp; free_spin_reel_counter[2] &gt;= 1): null

2019-08-23 18:57:47 - [TEST_STEP][PASSED] - spin_result = sendRequestAndVerify(findTestObject("INT/RGS(M4)/1_M4_spin", ["M4_login_user_id":M4_login_user_id, "rgs_session_token":rgs_session_token, "partner":Partner])): Send request and verify the response successfully

2019-08-23 18:57:47 - [MESSAGE][INFO] - HAR: /Users/eiralee/Katalon_Script/SuperWild/Reports/20190823_184757/INT/superWild_1/20190823_184757/requests/main/268.har

2019-08-23 18:57:47 - [TEST_CASE][PASSED] - Start Test Case : Verification: Verification accomplished successfully

2019-08-23 18:57:47 - [TEST_STEP][PASSED] - request = getInstance().getCurrentRequest(): null

2019-08-23 18:57:47 - [TEST_STEP][PASSED] - response = getInstance().getCurrentResponse(): null

2019-08-23 18:57:47 - [TEST_STEP][PASSED] - verifyResponseStatusCode(response, 200): Verify response status code successfully

2019-08-23 18:57:47 - [MESSAGE][PASSED] - Verify response status code successfully

2019-08-23 18:57:47 - [TEST_STEP][PASSED] - getStatusCode()).isEqualTo(200): null

2019-08-23 18:57:47 - [TEST_STEP][PASSED] - newline = System.getProperty("line.separator"): null

2019-08-23 18:57:47 - [TEST_STEP][PASSED] - M4_spin = new groovy.json.JsonSlurper(): null

2019-08-23 18:57:47 - [TEST_STEP][PASSED] - result_M4_spin = M4_spin.parseText(response.getResponseBodyContent()): null

2019-08-23 18:57:47 - [TEST_STEP][PASSED] - M4_spin_current_balance = current_balance: null

2019-08-23 18:57:47 - [TEST_STEP][PASSED] - M4_spin_current_balance = M4_spin_current_balance: null

2019-08-23 18:57:47 - [TEST_STEP][PASSED] - M4_spin_transaction_id = causality: null

2019-08-23 18:57:47 - [TEST_STEP][PASSED] - M4_spin_transaction_id = M4_spin_transaction_id: null

2019-08-23 18:57:47 - [TEST_STEP][PASSED] - M4_spin_round_id = round_id: null

2019-08-23 18:57:47 - [TEST_STEP][PASSED] - M4_spin_round_id = M4_spin_round_id: null

2019-08-23 18:57:47 - [TEST_STEP][PASSED] - M4_spin_line_wins = line_wins: null

2019-08-23 18:57:47 - [TEST_STEP][PASSED] - M4_spin_line_wins = M4_spin_line_wins: null

2019-08-23 18:57:47 - [TEST_STEP][PASSED] - M4_total_bonus_spins_int = total_bonus_spins: null

2019-08-23 18:57:47 - [TEST_STEP][PASSED] - println("******M4_total_bonus_spins type is:*******" + newline + getClass().getName()): null

2019-08-23 18:57:47 - [TEST_STEP][PASSED] - M4_total_bonus_spins_int = M4_total_bonus_spins_int: null

2019-08-23 18:57:47 - [TEST_STEP][PASSED] - M4_total_bonus_spins = Integer.toString(M4_total_bonus_spins_int): null

2019-08-23 18:57:47 - [TEST_STEP][PASSED] - M4_total_bonus_spins = M4_total_bonus_spins: null

2019-08-23 18:57:47 - [TEST_STEP][PASSED] - println("M4_total_bonus_spins is:" + M4_total_bonus_spins): null

2019-08-23 18:57:47 - [TEST_STEP][PASSED] - M4_spin_bonus_data = bonus_data: null

2019-08-23 18:57:47 - [TEST_STEP][PASSED] - M4_spin_features_triggered = result_M4_spin: null

2019-08-23 18:57:47 - [TEST_STEP][PASSED] - wild = []: null

2019-08-23 18:57:47 - [TEST_STEP][PASSED] - wild[0] = "WILD_Expanding": null

2019-08-23 18:57:47 - [TEST_STEP][PASSED] - wild[1] = "WILD_Normal": null

2019-08-23 18:57:47 - [TEST_STEP][PASSED] - wild[2] = "WILD_Double": null

2019-08-23 18:57:47 - [TEST_STEP][PASSED] - wild[3] = "WILD_ExtraFG": null

2019-08-23 18:57:47 - [TEST_STEP][PASSED] - wild[4] = "WILD_Triple": null

2019-08-23 18:57:47 - [TEST_STEP][PASSED] - wildList = Arrays.asList(wild): null

2019-08-23 18:57:47 - [TEST_STEP][PASSED] - wildList = wildList: null

2019-08-23 18:57:47 - [TEST_STEP][PASSED] - free_spin_reel_counter = []: null

2019-08-23 18:57:47 - [TEST_STEP][PASSED] - free_spin_reel_counter[0] = 0: null

2019-08-23 18:57:49 - [TEST_STEP][PASSED] - free_spin_reel_counter[1] = 0: null

2019-08-23 18:57:49 - [TEST_STEP][PASSED] - free_spin_reel_counter[2] = 0: null

2019-08-23 18:57:49 - [TEST_STEP][PASSED] - M4_spin_reels = reels: null

2019-08-23 18:57:49 - [TEST_STEP][PASSED] - for ([i = 0, i &lt; M4_spin_reels.size(), (i++)]): null

2019-08-23 18:57:49 - [TEST_STEP][PASSED] - symbols = symbols: null

2019-08-23 18:57:49 - [TEST_STEP][PASSED] - for ([j = 0, j &lt; symbols.size(), (j++)]): null

2019-08-23 18:57:49 - [TEST_STEP][PASSED] - symbol = symbol: null

2019-08-23 18:57:49 - [TEST_STEP][PASSED] - println(symbol): null

2019-08-23 18:57:49 - [TEST_STEP][PASSED] - if (i == 2 &amp;&amp; wildList.indexOf(symbol) != -1): null

2019-08-23 18:57:49 - [TEST_STEP][PASSED] - if (i == 3 &amp;&amp; wildList.indexOf(symbol) != -1): null

2019-08-23 18:57:49 - [TEST_STEP][PASSED] - if (i == 4 &amp;&amp; wildList.indexOf(symbol) != -1): null

2019-08-23 18:57:49 - [TEST_STEP][PASSED] - symbol = symbol: null

2019-08-23 18:57:49 - [TEST_STEP][PASSED] - println(symbol): null

2019-08-23 18:57:49 - [TEST_STEP][PASSED] - if (i == 2 &amp;&amp; wildList.indexOf(symbol) != -1): null

2019-08-23 18:57:49 - [TEST_STEP][PASSED] - if (i == 3 &amp;&amp; wildList.indexOf(symbol) != -1): null

2019-08-23 18:57:49 - [TEST_STEP][PASSED] - if (i == 4 &amp;&amp; wildList.indexOf(symbol) != -1): null

2019-08-23 18:57:49 - [TEST_STEP][PASSED] - symbol = symbol: null

2019-08-23 18:57:49 - [TEST_STEP][PASSED] - println(symbol): null

2019-08-23 18:57:49 - [TEST_STEP][PASSED] - if (i == 2 &amp;&amp; wildList.indexOf(symbol) != -1): null

2019-08-23 18:57:49 - [TEST_STEP][PASSED] - if (i == 3 &amp;&amp; wildList.indexOf(symbol) != -1): null

2019-08-23 18:57:49 - [TEST_STEP][PASSED] - if (i == 4 &amp;&amp; wildList.indexOf(symbol) != -1): null

2019-08-23 18:57:49 - [TEST_STEP][PASSED] - symbols = symbols: null

2019-08-23 18:57:49 - [TEST_STEP][PASSED] - for ([j = 0, j &lt; symbols.size(), (j++)]): null

2019-08-23 18:57:49 - [TEST_STEP][PASSED] - symbol = symbol: null

2019-08-23 18:57:49 - [TEST_STEP][PASSED] - println(symbol): null

2019-08-23 18:57:49 - [TEST_STEP][PASSED] - if (i == 2 &amp;&amp; wildList.indexOf(symbol) != -1): null

2019-08-23 18:57:49 - [TEST_STEP][PASSED] - if (i == 3 &amp;&amp; wildList.indexOf(symbol) != -1): null

2019-08-23 18:57:49 - [TEST_STEP][PASSED] - if (i == 4 &amp;&amp; wildList.indexOf(symbol) != -1): null

2019-08-23 18:57:49 - [TEST_STEP][PASSED] - symbol = symbol: null

2019-08-23 18:57:49 - [TEST_STEP][PASSED] - println(symbol): null

2019-08-23 18:57:49 - [TEST_STEP][PASSED] - if (i == 2 &amp;&amp; wildList.indexOf(symbol) != -1): null

2019-08-23 18:57:49 - [TEST_STEP][PASSED] - if (i == 3 &amp;&amp; wildList.indexOf(symbol) != -1): null

2019-08-23 18:57:49 - [TEST_STEP][PASSED] - if (i == 4 &amp;&amp; wildList.indexOf(symbol) != -1): null

2019-08-23 18:57:49 - [TEST_STEP][PASSED] - symbol = symbol: null

2019-08-23 18:57:49 - [TEST_STEP][PASSED] - println(symbol): null

2019-08-23 18:57:49 - [TEST_STEP][PASSED] - if (i == 2 &amp;&amp; wildList.indexOf(symbol) != -1): null

2019-08-23 18:57:49 - [TEST_STEP][PASSED] - if (i == 3 &amp;&amp; wildList.indexOf(symbol) != -1): null

2019-08-23 18:57:49 - [TEST_STEP][PASSED] - if (i == 4 &amp;&amp; wildList.indexOf(symbol) != -1): null

2019-08-23 18:57:49 - [TEST_STEP][PASSED] - symbols = symbols: null

2019-08-23 18:57:49 - [TEST_STEP][PASSED] - for ([j = 0, j &lt; symbols.size(), (j++)]): null

2019-08-23 18:57:49 - [TEST_STEP][PASSED] - symbol = symbol: null

2019-08-23 18:57:49 - [TEST_STEP][PASSED] - println(symbol): null

2019-08-23 18:57:49 - [TEST_STEP][PASSED] - if (i == 2 &amp;&amp; wildList.indexOf(symbol) != -1): null

2019-08-23 18:57:49 - [TEST_STEP][PASSED] - println("wild found on reel 3, adding counter by 1"): null

2019-08-23 18:57:49 - [TEST_STEP][PASSED] - free_spin_reel_counter[0] = free_spin_reel_counter[0] + 1: null

2019-08-23 18:57:49 - [TEST_STEP][PASSED] - if (i == 3 &amp;&amp; wildList.indexOf(symbol) != -1): null

2019-08-23 18:57:49 - [TEST_STEP][PASSED] - if (i == 4 &amp;&amp; wildList.indexOf(symbol) != -1): null

2019-08-23 18:57:49 - [TEST_STEP][PASSED] - symbol = symbol: null

2019-08-23 18:57:49 - [TEST_STEP][PASSED] - println(symbol): null

2019-08-23 18:57:49 - [TEST_STEP][PASSED] - if (i == 2 &amp;&amp; wildList.indexOf(symbol) != -1): null

2019-08-23 18:57:49 - [TEST_STEP][PASSED] - if (i == 3 &amp;&amp; wildList.indexOf(symbol) != -1): null

2019-08-23 18:57:49 - [TEST_STEP][PASSED] - if (i == 4 &amp;&amp; wildList.indexOf(symbol) != -1): null

2019-08-23 18:57:49 - [TEST_STEP][PASSED] - symbol = symbol: null

2019-08-23 18:57:49 - [TEST_STEP][PASSED] - println(symbol): null

2019-08-23 18:57:49 - [TEST_STEP][PASSED] - if (i == 2 &amp;&amp; wildList.indexOf(symbol) != -1): null

2019-08-23 18:57:49 - [TEST_STEP][PASSED] - if (i == 3 &amp;&amp; wildList.indexOf(symbol) != -1): null

2019-08-23 18:57:49 - [TEST_STEP][PASSED] - if (i == 4 &amp;&amp; wildList.indexOf(symbol) != -1): null

2019-08-23 18:57:49 - [TEST_STEP][PASSED] - symbols = symbols: null

2019-08-23 18:57:49 - [TEST_STEP][PASSED] - for ([j = 0, j &lt; symbols.size(), (j++)]): null

2019-08-23 18:57:49 - [TEST_STEP][PASSED] - symbol = symbol: null

2019-08-23 18:57:49 - [TEST_STEP][PASSED] - println(symbol): null

2019-08-23 18:57:49 - [TEST_STEP][PASSED] - if (i == 2 &amp;&amp; wildList.indexOf(symbol) != -1): null

2019-08-23 18:57:49 - [TEST_STEP][PASSED] - if (i == 3 &amp;&amp; wildList.indexOf(symbol) != -1): null

2019-08-23 18:57:49 - [TEST_STEP][PASSED] - if (i == 4 &amp;&amp; wildList.indexOf(symbol) != -1): null

2019-08-23 18:57:49 - [TEST_STEP][PASSED] - symbol = symbol: null

2019-08-23 18:57:49 - [TEST_STEP][PASSED] - println(symbol): null

2019-08-23 18:57:49 - [TEST_STEP][PASSED] - if (i == 2 &amp;&amp; wildList.indexOf(symbol) != -1): null

2019-08-23 18:57:49 - [TEST_STEP][PASSED] - if (i == 3 &amp;&amp; wildList.indexOf(symbol) != -1): null

2019-08-23 18:57:49 - [TEST_STEP][PASSED] - if (i == 4 &amp;&amp; wildList.indexOf(symbol) != -1): null

2019-08-23 18:57:49 - [TEST_STEP][PASSED] - symbol = symbol: null

2019-08-23 18:57:49 - [TEST_STEP][PASSED] - println(symbol): null

2019-08-23 18:57:49 - [TEST_STEP][PASSED] - if (i == 2 &amp;&amp; wildList.indexOf(symbol) != -1): null

2019-08-23 18:57:49 - [TEST_STEP][PASSED] - if (i == 3 &amp;&amp; wildList.indexOf(symbol) != -1): null

2019-08-23 18:57:49 - [TEST_STEP][PASSED] - if (i == 4 &amp;&amp; wildList.indexOf(symbol) != -1): null

2019-08-23 18:57:49 - [TEST_STEP][PASSED] - symbols = symbols: null

2019-08-23 18:57:49 - [TEST_STEP][PASSED] - for ([j = 0, j &lt; symbols.size(), (j++)]): null

2019-08-23 18:57:49 - [TEST_STEP][PASSED] - symbol = symbol: null

2019-08-23 18:57:49 - [TEST_STEP][PASSED] - println(symbol): null

2019-08-23 18:57:49 - [TEST_STEP][PASSED] - if (i == 2 &amp;&amp; wildList.indexOf(symbol) != -1): null

2019-08-23 18:57:49 - [TEST_STEP][PASSED] - if (i == 3 &amp;&amp; wildList.indexOf(symbol) != -1): null

2019-08-23 18:57:49 - [TEST_STEP][PASSED] - if (i == 4 &amp;&amp; wildList.indexOf(symbol) != -1): null

2019-08-23 18:57:49 - [TEST_STEP][PASSED] - println("wild found on reel 5, adding counter by 1"): null

2019-08-23 18:57:49 - [TEST_STEP][PASSED] - free_spin_reel_counter[2] = free_spin_reel_counter[2] + 1: null

2019-08-23 18:57:49 - [TEST_STEP][PASSED] - symbol = symbol: null

2019-08-23 18:57:49 - [TEST_STEP][PASSED] - println(symbol): null

2019-08-23 18:57:49 - [TEST_STEP][PASSED] - if (i == 2 &amp;&amp; wildList.indexOf(symbol) != -1): null

2019-08-23 18:57:49 - [TEST_STEP][PASSED] - if (i == 3 &amp;&amp; wildList.indexOf(symbol) != -1): null

2019-08-23 18:57:49 - [TEST_STEP][PASSED] - if (i == 4 &amp;&amp; wildList.indexOf(symbol) != -1): null

2019-08-23 18:57:49 - [TEST_STEP][PASSED] - symbol = symbol: null

2019-08-23 18:57:49 - [TEST_STEP][PASSED] - println(symbol): null

2019-08-23 18:57:49 - [TEST_STEP][PASSED] - if (i == 2 &amp;&amp; wildList.indexOf(symbol) != -1): null

2019-08-23 18:57:49 - [TEST_STEP][PASSED] - if (i == 3 &amp;&amp; wildList.indexOf(symbol) != -1): null

2019-08-23 18:57:49 - [TEST_STEP][PASSED] - if (i == 4 &amp;&amp; wildList.indexOf(symbol) != -1): null

2019-08-23 18:57:49 - [TEST_STEP][PASSED] - free_spin_reel_counter = free_spin_reel_counter: null

2019-08-23 18:57:49 - [TEST_STEP][PASSED] - println("reel 3 wild found: " + free_spin_reel_counter[0]): null

2019-08-23 18:57:49 - [TEST_STEP][PASSED] - println("reel 4 wild found: " + free_spin_reel_counter[1]): null

2019-08-23 18:57:49 - [TEST_STEP][PASSED] - println("reel 5 wild found: " + free_spin_reel_counter[2]): null

2019-08-23 18:57:49 - [TEST_STEP][PASSED] - M4_spin_reels = M4_spin_reels: null

2019-08-23 18:57:49 - [TEST_STEP][PASSED] - M4_spin_reels_symbols = symbol: null

2019-08-23 18:57:49 - [TEST_STEP][PASSED] - M4_spin_reels_symbols = M4_spin_reels_symbols: null

2019-08-23 18:57:49 - [TEST_STEP][PASSED] - M4_spin_reel_wins = reel_wins: null

2019-08-23 18:57:49 - [TEST_STEP][PASSED] - M4_spin_reel_wins = M4_spin_reel_wins: null

2019-08-23 18:57:49 - [TEST_STEP][PASSED] - println("GlobalVariable.M4_spin_reel_wins is: " + M4_spin_reel_wins): null

2019-08-23 18:57:49 - [TEST_STEP][PASSED] - M4_spin_total_bonus_win_this_round = total_bonus_win_this_round: null

2019-08-23 18:57:49 - [TEST_STEP][PASSED] - M4_spin_total_bonus_win_this_round = M4_spin_total_bonus_win_this_round: null

2019-08-23 18:57:49 - [TEST_STEP][PASSED] - println("GlobalVariable.M4_spin_total_bonus_win_this_round is: " + M4_spin_total_bonus_win_this_round): null

2019-08-23 18:57:49 - [TEST_STEP][PASSED] - M4_spin_bonus_spin_result = spin_result: null

2019-08-23 18:57:49 - [TEST_STEP][PASSED] - M4_spin_bonus_spin_result = M4_spin_bonus_spin_result: null

2019-08-23 18:57:49 - [MESSAGE][PASSED] - Verify response successfully

2019-08-23 18:57:49 - [MESSAGE][PASSED] - Send request and verify the response successfully

2019-08-23 18:57:49 - [TEST_STEP][PASSED] - if (free_spin_reel_counter[0] &gt;= 1 &amp;&amp; free_spin_reel_counter[1] &gt;= 1 &amp;&amp; free_spin_reel_counter[2] &gt;= 1): null

2019-08-23 18:57:49 - [TEST_STEP][PASSED] - spin_result = sendRequestAndVerify(findTestObject("INT/RGS(M4)/1_M4_spin", ["M4_login_user_id":M4_login_user_id, "rgs_session_token":rgs_session_token, "partner":Partner])): Send request and verify the response successfully

2019-08-23 18:57:49 - [MESSAGE][INFO] - HAR: /Users/eiralee/Katalon_Script/SuperWild/Reports/20190823_184757/INT/superWild_1/20190823_184757/requests/main/269.har

2019-08-23 18:57:49 - [TEST_CASE][PASSED] - Start Test Case : Verification: Verification accomplished successfully

2019-08-23 18:57:49 - [TEST_STEP][PASSED] - request = getInstance().getCurrentRequest(): null

2019-08-23 18:57:50 - [TEST_STEP][PASSED] - response = getInstance().getCurrentResponse(): null

2019-08-23 18:57:50 - [TEST_STEP][PASSED] - verifyResponseStatusCode(response, 200): Verify response status code successfully

2019-08-23 18:57:50 - [MESSAGE][PASSED] - Verify response status code successfully

2019-08-23 18:57:50 - [TEST_STEP][PASSED] - getStatusCode()).isEqualTo(200): null

2019-08-23 18:57:50 - [TEST_STEP][PASSED] - newline = System.getProperty("line.separator"): null

2019-08-23 18:57:50 - [TEST_STEP][PASSED] - M4_spin = new groovy.json.JsonSlurper(): null

2019-08-23 18:57:50 - [TEST_STEP][PASSED] - result_M4_spin = M4_spin.parseText(response.getResponseBodyContent()): null

2019-08-23 18:57:50 - [TEST_STEP][PASSED] - M4_spin_current_balance = current_balance: null

2019-08-23 18:57:50 - [TEST_STEP][PASSED] - M4_spin_current_balance = M4_spin_current_balance: null

2019-08-23 18:57:50 - [TEST_STEP][PASSED] - M4_spin_transaction_id = causality: null

2019-08-23 18:57:50 - [TEST_STEP][PASSED] - M4_spin_transaction_id = M4_spin_transaction_id: null

2019-08-23 18:57:50 - [TEST_STEP][PASSED] - M4_spin_round_id = round_id: null

2019-08-23 18:57:50 - [TEST_STEP][PASSED] - M4_spin_round_id = M4_spin_round_id: null

2019-08-23 18:57:50 - [TEST_STEP][PASSED] - M4_spin_line_wins = line_wins: null

2019-08-23 18:57:50 - [TEST_STEP][PASSED] - M4_spin_line_wins = M4_spin_line_wins: null

2019-08-23 18:57:50 - [TEST_STEP][PASSED] - M4_total_bonus_spins_int = total_bonus_spins: null

2019-08-23 18:57:50 - [TEST_STEP][PASSED] - println("******M4_total_bonus_spins type is:*******" + newline + getClass().getName()): null

2019-08-23 18:57:50 - [TEST_STEP][PASSED] - M4_total_bonus_spins_int = M4_total_bonus_spins_int: null

2019-08-23 18:57:50 - [TEST_STEP][PASSED] - M4_total_bonus_spins = Integer.toString(M4_total_bonus_spins_int): null

2019-08-23 18:57:50 - [TEST_STEP][PASSED] - M4_total_bonus_spins = M4_total_bonus_spins: null

2019-08-23 18:57:50 - [TEST_STEP][PASSED] - println("M4_total_bonus_spins is:" + M4_total_bonus_spins): null

2019-08-23 18:57:50 - [TEST_STEP][PASSED] - M4_spin_bonus_data = bonus_data: null

2019-08-23 18:57:50 - [TEST_STEP][PASSED] - M4_spin_features_triggered = result_M4_spin: null

2019-08-23 18:57:50 - [TEST_STEP][PASSED] - wild = []: null

2019-08-23 18:57:50 - [TEST_STEP][PASSED] - wild[0] = "WILD_Expanding": null

2019-08-23 18:57:50 - [TEST_STEP][PASSED] - wild[1] = "WILD_Normal": null

2019-08-23 18:57:50 - [TEST_STEP][PASSED] - wild[2] = "WILD_Double": null

2019-08-23 18:57:50 - [TEST_STEP][PASSED] - wild[3] = "WILD_ExtraFG": null

2019-08-23 18:57:50 - [TEST_STEP][PASSED] - wild[4] = "WILD_Triple": null

2019-08-23 18:57:50 - [TEST_STEP][PASSED] - wildList = Arrays.asList(wild): null

2019-08-23 18:57:50 - [TEST_STEP][PASSED] - wildList = wildList: null

2019-08-23 18:57:50 - [TEST_STEP][PASSED] - free_spin_reel_counter = []: null

2019-08-23 18:57:50 - [TEST_STEP][PASSED] - free_spin_reel_counter[0] = 0: null

2019-08-23 18:57:50 - [TEST_STEP][PASSED] - free_spin_reel_counter[1] = 0: null

2019-08-23 18:57:50 - [TEST_STEP][PASSED] - free_spin_reel_counter[2] = 0: null

2019-08-23 18:57:50 - [TEST_STEP][PASSED] - M4_spin_reels = reels: null

2019-08-23 18:57:50 - [TEST_STEP][PASSED] - for ([i = 0, i &lt; M4_spin_reels.size(), (i++)]): null

2019-08-23 18:57:50 - [TEST_STEP][PASSED] - symbols = symbols: null

2019-08-23 18:57:50 - [TEST_STEP][PASSED] - for ([j = 0, j &lt; symbols.size(), (j++)]): null

2019-08-23 18:57:50 - [TEST_STEP][PASSED] - symbol = symbol: null

2019-08-23 18:57:50 - [TEST_STEP][PASSED] - println(symbol): null

2019-08-23 18:57:50 - [TEST_STEP][PASSED] - if (i == 2 &amp;&amp; wildList.indexOf(symbol) != -1): null

2019-08-23 18:57:50 - [TEST_STEP][PASSED] - if (i == 3 &amp;&amp; wildList.indexOf(symbol) != -1): null

2019-08-23 18:57:50 - [TEST_STEP][PASSED] - if (i == 4 &amp;&amp; wildList.indexOf(symbol) != -1): null

2019-08-23 18:57:50 - [TEST_STEP][PASSED] - symbol = symbol: null

2019-08-23 18:57:50 - [TEST_STEP][PASSED] - println(symbol): null

2019-08-23 18:57:50 - [TEST_STEP][PASSED] - if (i == 2 &amp;&amp; wildList.indexOf(symbol) != -1): null

2019-08-23 18:57:50 - [TEST_STEP][PASSED] - if (i == 3 &amp;&amp; wildList.indexOf(symbol) != -1): null

2019-08-23 18:57:50 - [TEST_STEP][PASSED] - if (i == 4 &amp;&amp; wildList.indexOf(symbol) != -1): null

2019-08-23 18:57:50 - [TEST_STEP][PASSED] - symbol = symbol: null

2019-08-23 18:57:50 - [TEST_STEP][PASSED] - println(symbol): null

2019-08-23 18:57:50 - [TEST_STEP][PASSED] - if (i == 2 &amp;&amp; wildList.indexOf(symbol) != -1): null

2019-08-23 18:57:50 - [TEST_STEP][PASSED] - if (i == 3 &amp;&amp; wildList.indexOf(symbol) != -1): null

2019-08-23 18:57:50 - [TEST_STEP][PASSED] - if (i == 4 &amp;&amp; wildList.indexOf(symbol) != -1): null

2019-08-23 18:57:50 - [TEST_STEP][PASSED] - symbols = symbols: null

2019-08-23 18:57:50 - [TEST_STEP][PASSED] - for ([j = 0, j &lt; symbols.size(), (j++)]): null

2019-08-23 18:57:50 - [TEST_STEP][PASSED] - symbol = symbol: null

2019-08-23 18:57:50 - [TEST_STEP][PASSED] - println(symbol): null

2019-08-23 18:57:50 - [TEST_STEP][PASSED] - if (i == 2 &amp;&amp; wildList.indexOf(symbol) != -1): null

2019-08-23 18:57:50 - [TEST_STEP][PASSED] - if (i == 3 &amp;&amp; wildList.indexOf(symbol) != -1): null

2019-08-23 18:57:50 - [TEST_STEP][PASSED] - if (i == 4 &amp;&amp; wildList.indexOf(symbol) != -1): null

2019-08-23 18:57:50 - [TEST_STEP][PASSED] - symbol = symbol: null

2019-08-23 18:57:50 - [TEST_STEP][PASSED] - println(symbol): null

2019-08-23 18:57:50 - [TEST_STEP][PASSED] - if (i == 2 &amp;&amp; wildList.indexOf(symbol) != -1): null

2019-08-23 18:57:50 - [TEST_STEP][PASSED] - if (i == 3 &amp;&amp; wildList.indexOf(symbol) != -1): null

2019-08-23 18:57:50 - [TEST_STEP][PASSED] - if (i == 4 &amp;&amp; wildList.indexOf(symbol) != -1): null

2019-08-23 18:57:50 - [TEST_STEP][PASSED] - symbol = symbol: null

2019-08-23 18:57:50 - [TEST_STEP][PASSED] - println(symbol): null

2019-08-23 18:57:50 - [TEST_STEP][PASSED] - if (i == 2 &amp;&amp; wildList.indexOf(symbol) != -1): null

2019-08-23 18:57:50 - [TEST_STEP][PASSED] - if (i == 3 &amp;&amp; wildList.indexOf(symbol) != -1): null

2019-08-23 18:57:50 - [TEST_STEP][PASSED] - if (i == 4 &amp;&amp; wildList.indexOf(symbol) != -1): null

2019-08-23 18:57:50 - [TEST_STEP][PASSED] - symbols = symbols: null

2019-08-23 18:57:50 - [TEST_STEP][PASSED] - for ([j = 0, j &lt; symbols.size(), (j++)]): null

2019-08-23 18:57:50 - [TEST_STEP][PASSED] - symbol = symbol: null

2019-08-23 18:57:50 - [TEST_STEP][PASSED] - println(symbol): null

2019-08-23 18:57:50 - [TEST_STEP][PASSED] - if (i == 2 &amp;&amp; wildList.indexOf(symbol) != -1): null

2019-08-23 18:57:50 - [TEST_STEP][PASSED] - if (i == 3 &amp;&amp; wildList.indexOf(symbol) != -1): null

2019-08-23 18:57:50 - [TEST_STEP][PASSED] - if (i == 4 &amp;&amp; wildList.indexOf(symbol) != -1): null

2019-08-23 18:57:50 - [TEST_STEP][PASSED] - symbol = symbol: null

2019-08-23 18:57:50 - [TEST_STEP][PASSED] - println(symbol): null

2019-08-23 18:57:50 - [TEST_STEP][PASSED] - if (i == 2 &amp;&amp; wildList.indexOf(symbol) != -1): null

2019-08-23 18:57:50 - [TEST_STEP][PASSED] - if (i == 3 &amp;&amp; wildList.indexOf(symbol) != -1): null

2019-08-23 18:57:50 - [TEST_STEP][PASSED] - if (i == 4 &amp;&amp; wildList.indexOf(symbol) != -1): null

2019-08-23 18:57:50 - [TEST_STEP][PASSED] - symbol = symbol: null

2019-08-23 18:57:50 - [TEST_STEP][PASSED] - println(symbol): null

2019-08-23 18:57:50 - [TEST_STEP][PASSED] - if (i == 2 &amp;&amp; wildList.indexOf(symbol) != -1): null

2019-08-23 18:57:50 - [TEST_STEP][PASSED] - if (i == 3 &amp;&amp; wildList.indexOf(symbol) != -1): null

2019-08-23 18:57:50 - [TEST_STEP][PASSED] - if (i == 4 &amp;&amp; wildList.indexOf(symbol) != -1): null

2019-08-23 18:57:50 - [TEST_STEP][PASSED] - symbols = symbols: null

2019-08-23 18:57:50 - [TEST_STEP][PASSED] - for ([j = 0, j &lt; symbols.size(), (j++)]): null

2019-08-23 18:57:50 - [TEST_STEP][PASSED] - symbol = symbol: null

2019-08-23 18:57:50 - [TEST_STEP][PASSED] - println(symbol): null

2019-08-23 18:57:50 - [TEST_STEP][PASSED] - if (i == 2 &amp;&amp; wildList.indexOf(symbol) != -1): null

2019-08-23 18:57:50 - [TEST_STEP][PASSED] - if (i == 3 &amp;&amp; wildList.indexOf(symbol) != -1): null

2019-08-23 18:57:50 - [TEST_STEP][PASSED] - if (i == 4 &amp;&amp; wildList.indexOf(symbol) != -1): null

2019-08-23 18:57:50 - [TEST_STEP][PASSED] - symbol = symbol: null

2019-08-23 18:57:50 - [TEST_STEP][PASSED] - println(symbol): null

2019-08-23 18:57:50 - [TEST_STEP][PASSED] - if (i == 2 &amp;&amp; wildList.indexOf(symbol) != -1): null

2019-08-23 18:57:50 - [TEST_STEP][PASSED] - if (i == 3 &amp;&amp; wildList.indexOf(symbol) != -1): null

2019-08-23 18:57:50 - [TEST_STEP][PASSED] - if (i == 4 &amp;&amp; wildList.indexOf(symbol) != -1): null

2019-08-23 18:57:50 - [TEST_STEP][PASSED] - symbol = symbol: null

2019-08-23 18:57:50 - [TEST_STEP][PASSED] - println(symbol): null

2019-08-23 18:57:50 - [TEST_STEP][PASSED] - if (i == 2 &amp;&amp; wildList.indexOf(symbol) != -1): null

2019-08-23 18:57:50 - [TEST_STEP][PASSED] - if (i == 3 &amp;&amp; wildList.indexOf(symbol) != -1): null

2019-08-23 18:57:50 - [TEST_STEP][PASSED] - if (i == 4 &amp;&amp; wildList.indexOf(symbol) != -1): null

2019-08-23 18:57:50 - [TEST_STEP][PASSED] - symbols = symbols: null

2019-08-23 18:57:50 - [TEST_STEP][PASSED] - for ([j = 0, j &lt; symbols.size(), (j++)]): null

2019-08-23 18:57:50 - [TEST_STEP][PASSED] - symbol = symbol: null

2019-08-23 18:57:50 - [TEST_STEP][PASSED] - println(symbol): null

2019-08-23 18:57:50 - [TEST_STEP][PASSED] - if (i == 2 &amp;&amp; wildList.indexOf(symbol) != -1): null

2019-08-23 18:57:50 - [TEST_STEP][PASSED] - if (i == 3 &amp;&amp; wildList.indexOf(symbol) != -1): null

2019-08-23 18:57:50 - [TEST_STEP][PASSED] - if (i == 4 &amp;&amp; wildList.indexOf(symbol) != -1): null

2019-08-23 18:57:50 - [TEST_STEP][PASSED] - symbol = symbol: null

2019-08-23 18:57:50 - [TEST_STEP][PASSED] - println(symbol): null

2019-08-23 18:57:50 - [TEST_STEP][PASSED] - if (i == 2 &amp;&amp; wildList.indexOf(symbol) != -1): null

2019-08-23 18:57:50 - [TEST_STEP][PASSED] - if (i == 3 &amp;&amp; wildList.indexOf(symbol) != -1): null

2019-08-23 18:57:50 - [TEST_STEP][PASSED] - if (i == 4 &amp;&amp; wildList.indexOf(symbol) != -1): null

2019-08-23 18:57:50 - [TEST_STEP][PASSED] - symbol = symbol: null

2019-08-23 18:57:50 - [TEST_STEP][PASSED] - println(symbol): null

2019-08-23 18:57:50 - [TEST_STEP][PASSED] - if (i == 2 &amp;&amp; wildList.indexOf(symbol) != -1): null

2019-08-23 18:57:50 - [TEST_STEP][PASSED] - if (i == 3 &amp;&amp; wildList.indexOf(symbol) != -1): null

2019-08-23 18:57:50 - [TEST_STEP][PASSED] - if (i == 4 &amp;&amp; wildList.indexOf(symbol) != -1): null

2019-08-23 18:57:50 - [TEST_STEP][PASSED] - free_spin_reel_counter = free_spin_reel_counter: null

2019-08-23 18:57:50 - [TEST_STEP][PASSED] - println("reel 3 wild found: " + free_spin_reel_counter[0]): null

2019-08-23 18:57:50 - [TEST_STEP][PASSED] - println("reel 4 wild found: " + free_spin_reel_counter[1]): null

2019-08-23 18:57:50 - [TEST_STEP][PASSED] - println("reel 5 wild found: " + free_spin_reel_counter[2]): null

2019-08-23 18:57:50 - [TEST_STEP][PASSED] - M4_spin_reels = M4_spin_reels: null

2019-08-23 18:57:50 - [TEST_STEP][PASSED] - M4_spin_reels_symbols = symbol: null

2019-08-23 18:57:50 - [TEST_STEP][PASSED] - M4_spin_reels_symbols = M4_spin_reels_symbols: null

2019-08-23 18:57:50 - [TEST_STEP][PASSED] - M4_spin_reel_wins = reel_wins: null

2019-08-23 18:57:50 - [TEST_STEP][PASSED] - M4_spin_reel_wins = M4_spin_reel_wins: null

2019-08-23 18:57:50 - [TEST_STEP][PASSED] - println("GlobalVariable.M4_spin_reel_wins is: " + M4_spin_reel_wins): null

2019-08-23 18:57:50 - [TEST_STEP][PASSED] - M4_spin_total_bonus_win_this_round = total_bonus_win_this_round: null

2019-08-23 18:57:50 - [TEST_STEP][PASSED] - M4_spin_total_bonus_win_this_round = M4_spin_total_bonus_win_this_round: null

2019-08-23 18:57:50 - [TEST_STEP][PASSED] - println("GlobalVariable.M4_spin_total_bonus_win_this_round is: " + M4_spin_total_bonus_win_this_round): null

2019-08-23 18:57:50 - [TEST_STEP][PASSED] - M4_spin_bonus_spin_result = spin_result: null

2019-08-23 18:57:50 - [TEST_STEP][PASSED] - M4_spin_bonus_spin_result = M4_spin_bonus_spin_result: null

2019-08-23 18:57:50 - [MESSAGE][PASSED] - Verify response successfully

2019-08-23 18:57:50 - [MESSAGE][PASSED] - Send request and verify the response successfully

2019-08-23 18:57:50 - [TEST_STEP][PASSED] - if (free_spin_reel_counter[0] &gt;= 1 &amp;&amp; free_spin_reel_counter[1] &gt;= 1 &amp;&amp; free_spin_reel_counter[2] &gt;= 1): null

2019-08-23 18:57:50 - [TEST_STEP][PASSED] - spin_result = sendRequestAndVerify(findTestObject("INT/RGS(M4)/1_M4_spin", ["M4_login_user_id":M4_login_user_id, "rgs_session_token":rgs_session_token, "partner":Partner])): Send request and verify the response successfully

2019-08-23 18:57:50 - [MESSAGE][INFO] - HAR: /Users/eiralee/Katalon_Script/SuperWild/Reports/20190823_184757/INT/superWild_1/20190823_184757/requests/main/270.har

2019-08-23 18:57:50 - [TEST_CASE][PASSED] - Start Test Case : Verification: Verification accomplished successfully

2019-08-23 18:57:50 - [TEST_STEP][PASSED] - request = getInstance().getCurrentRequest(): null

2019-08-23 18:57:50 - [TEST_STEP][PASSED] - response = getInstance().getCurrentResponse(): null

2019-08-23 18:57:50 - [TEST_STEP][PASSED] - verifyResponseStatusCode(response, 200): Verify response status code successfully

2019-08-23 18:57:50 - [MESSAGE][PASSED] - Verify response status code successfully

2019-08-23 18:57:50 - [TEST_STEP][PASSED] - getStatusCode()).isEqualTo(200): null

2019-08-23 18:57:50 - [TEST_STEP][PASSED] - newline = System.getProperty("line.separator"): null

2019-08-23 18:57:50 - [TEST_STEP][PASSED] - M4_spin = new groovy.json.JsonSlurper(): null

2019-08-23 18:57:50 - [TEST_STEP][PASSED] - result_M4_spin = M4_spin.parseText(response.getResponseBodyContent()): null

2019-08-23 18:57:50 - [TEST_STEP][PASSED] - M4_spin_current_balance = current_balance: null

2019-08-23 18:57:50 - [TEST_STEP][PASSED] - M4_spin_current_balance = M4_spin_current_balance: null

2019-08-23 18:57:50 - [TEST_STEP][PASSED] - M4_spin_transaction_id = causality: null

2019-08-23 18:57:50 - [TEST_STEP][PASSED] - M4_spin_transaction_id = M4_spin_transaction_id: null

2019-08-23 18:57:50 - [TEST_STEP][PASSED] - M4_spin_round_id = round_id: null

2019-08-23 18:57:50 - [TEST_STEP][PASSED] - M4_spin_round_id = M4_spin_round_id: null

2019-08-23 18:57:50 - [TEST_STEP][PASSED] - M4_spin_line_wins = line_wins: null

2019-08-23 18:57:50 - [TEST_STEP][PASSED] - M4_spin_line_wins = M4_spin_line_wins: null

2019-08-23 18:57:50 - [TEST_STEP][PASSED] - M4_total_bonus_spins_int = total_bonus_spins: null

2019-08-23 18:57:50 - [TEST_STEP][PASSED] - println("******M4_total_bonus_spins type is:*******" + newline + getClass().getName()): null

2019-08-23 18:57:50 - [TEST_STEP][PASSED] - M4_total_bonus_spins_int = M4_total_bonus_spins_int: null

2019-08-23 18:57:50 - [TEST_STEP][PASSED] - M4_total_bonus_spins = Integer.toString(M4_total_bonus_spins_int): null

2019-08-23 18:57:50 - [TEST_STEP][PASSED] - M4_total_bonus_spins = M4_total_bonus_spins: null

2019-08-23 18:57:50 - [TEST_STEP][PASSED] - println("M4_total_bonus_spins is:" + M4_total_bonus_spins): null

2019-08-23 18:57:50 - [TEST_STEP][PASSED] - M4_spin_bonus_data = bonus_data: null

2019-08-23 18:57:50 - [TEST_STEP][PASSED] - M4_spin_features_triggered = result_M4_spin: null

2019-08-23 18:57:50 - [TEST_STEP][PASSED] - wild = []: null

2019-08-23 18:57:50 - [TEST_STEP][PASSED] - wild[0] = "WILD_Expanding": null

2019-08-23 18:57:50 - [TEST_STEP][PASSED] - wild[1] = "WILD_Normal": null

2019-08-23 18:57:50 - [TEST_STEP][PASSED] - wild[2] = "WILD_Double": null

2019-08-23 18:57:50 - [TEST_STEP][PASSED] - wild[3] = "WILD_ExtraFG": null

2019-08-23 18:57:50 - [TEST_STEP][PASSED] - wild[4] = "WILD_Triple": null

2019-08-23 18:57:50 - [TEST_STEP][PASSED] - wildList = Arrays.asList(wild): null

2019-08-23 18:57:50 - [TEST_STEP][PASSED] - wildList = wildList: null

2019-08-23 18:57:50 - [TEST_STEP][PASSED] - free_spin_reel_counter = []: null

2019-08-23 18:57:50 - [TEST_STEP][PASSED] - free_spin_reel_counter[0] = 0: null

2019-08-23 18:57:50 - [TEST_STEP][PASSED] - free_spin_reel_counter[1] = 0: null

2019-08-23 18:57:50 - [TEST_STEP][PASSED] - free_spin_reel_counter[2] = 0: null

2019-08-23 18:57:50 - [TEST_STEP][PASSED] - M4_spin_reels = reels: null

2019-08-23 18:57:50 - [TEST_STEP][PASSED] - for ([i = 0, i &lt; M4_spin_reels.size(), (i++)]): null

2019-08-23 18:57:50 - [TEST_STEP][PASSED] - symbols = symbols: null

2019-08-23 18:57:50 - [TEST_STEP][PASSED] - for ([j = 0, j &lt; symbols.size(), (j++)]): null

2019-08-23 18:57:50 - [TEST_STEP][PASSED] - symbol = symbol: null

2019-08-23 18:57:50 - [TEST_STEP][PASSED] - println(symbol): null

2019-08-23 18:57:50 - [TEST_STEP][PASSED] - if (i == 2 &amp;&amp; wildList.indexOf(symbol) != -1): null

2019-08-23 18:57:50 - [TEST_STEP][PASSED] - if (i == 3 &amp;&amp; wildList.indexOf(symbol) != -1): null

2019-08-23 18:57:50 - [TEST_STEP][PASSED] - if (i == 4 &amp;&amp; wildList.indexOf(symbol) != -1): null

2019-08-23 18:57:50 - [TEST_STEP][PASSED] - symbol = symbol: null

2019-08-23 18:57:50 - [TEST_STEP][PASSED] - println(symbol): null

2019-08-23 18:57:50 - [TEST_STEP][PASSED] - if (i == 2 &amp;&amp; wildList.indexOf(symbol) != -1): null

2019-08-23 18:57:50 - [TEST_STEP][PASSED] - if (i == 3 &amp;&amp; wildList.indexOf(symbol) != -1): null

2019-08-23 18:57:50 - [TEST_STEP][PASSED] - if (i == 4 &amp;&amp; wildList.indexOf(symbol) != -1): null

2019-08-23 18:57:50 - [TEST_STEP][PASSED] - symbol = symbol: null

2019-08-23 18:57:50 - [TEST_STEP][PASSED] - println(symbol): null

2019-08-23 18:57:50 - [TEST_STEP][PASSED] - if (i == 2 &amp;&amp; wildList.indexOf(symbol) != -1): null

2019-08-23 18:57:50 - [TEST_STEP][PASSED] - if (i == 3 &amp;&amp; wildList.indexOf(symbol) != -1): null

2019-08-23 18:57:50 - [TEST_STEP][PASSED] - if (i == 4 &amp;&amp; wildList.indexOf(symbol) != -1): null

2019-08-23 18:57:50 - [TEST_STEP][PASSED] - symbols = symbols: null

2019-08-23 18:57:50 - [TEST_STEP][PASSED] - for ([j = 0, j &lt; symbols.size(), (j++)]): null

2019-08-23 18:57:50 - [TEST_STEP][PASSED] - symbol = symbol: null

2019-08-23 18:57:50 - [TEST_STEP][PASSED] - println(symbol): null

2019-08-23 18:57:50 - [TEST_STEP][PASSED] - if (i == 2 &amp;&amp; wildList.indexOf(symbol) != -1): null

2019-08-23 18:57:50 - [TEST_STEP][PASSED] - if (i == 3 &amp;&amp; wildList.indexOf(symbol) != -1): null

2019-08-23 18:57:50 - [TEST_STEP][PASSED] - if (i == 4 &amp;&amp; wildList.indexOf(symbol) != -1): null

2019-08-23 18:57:50 - [TEST_STEP][PASSED] - symbol = symbol: null

2019-08-23 18:57:50 - [TEST_STEP][PASSED] - println(symbol): null

2019-08-23 18:57:50 - [TEST_STEP][PASSED] - if (i == 2 &amp;&amp; wildList.indexOf(symbol) != -1): null

2019-08-23 18:57:50 - [TEST_STEP][PASSED] - if (i == 3 &amp;&amp; wildList.indexOf(symbol) != -1): null

2019-08-23 18:57:50 - [TEST_STEP][PASSED] - if (i == 4 &amp;&amp; wildList.indexOf(symbol) != -1): null

2019-08-23 18:57:52 - [TEST_STEP][PASSED] - symbol = symbol: null

2019-08-23 18:57:52 - [TEST_STEP][PASSED] - println(symbol): null

2019-08-23 18:57:52 - [TEST_STEP][PASSED] - if (i == 2 &amp;&amp; wildList.indexOf(symbol) != -1): null

2019-08-23 18:57:52 - [TEST_STEP][PASSED] - if (i == 3 &amp;&amp; wildList.indexOf(symbol) != -1): null

2019-08-23 18:57:52 - [TEST_STEP][PASSED] - if (i == 4 &amp;&amp; wildList.indexOf(symbol) != -1): null

2019-08-23 18:57:52 - [TEST_STEP][PASSED] - symbols = symbols: null

2019-08-23 18:57:52 - [TEST_STEP][PASSED] - for ([j = 0, j &lt; symbols.size(), (j++)]): null

2019-08-23 18:57:52 - [TEST_STEP][PASSED] - symbol = symbol: null

2019-08-23 18:57:52 - [TEST_STEP][PASSED] - println(symbol): null

2019-08-23 18:57:52 - [TEST_STEP][PASSED] - if (i == 2 &amp;&amp; wildList.indexOf(symbol) != -1): null

2019-08-23 18:57:52 - [TEST_STEP][PASSED] - if (i == 3 &amp;&amp; wildList.indexOf(symbol) != -1): null

2019-08-23 18:57:52 - [TEST_STEP][PASSED] - if (i == 4 &amp;&amp; wildList.indexOf(symbol) != -1): null

2019-08-23 18:57:52 - [TEST_STEP][PASSED] - symbol = symbol: null

2019-08-23 18:57:52 - [TEST_STEP][PASSED] - println(symbol): null

2019-08-23 18:57:52 - [TEST_STEP][PASSED] - if (i == 2 &amp;&amp; wildList.indexOf(symbol) != -1): null

2019-08-23 18:57:52 - [TEST_STEP][PASSED] - if (i == 3 &amp;&amp; wildList.indexOf(symbol) != -1): null

2019-08-23 18:57:52 - [TEST_STEP][PASSED] - if (i == 4 &amp;&amp; wildList.indexOf(symbol) != -1): null

2019-08-23 18:57:52 - [TEST_STEP][PASSED] - symbol = symbol: null

2019-08-23 18:57:52 - [TEST_STEP][PASSED] - println(symbol): null

2019-08-23 18:57:52 - [TEST_STEP][PASSED] - if (i == 2 &amp;&amp; wildList.indexOf(symbol) != -1): null

2019-08-23 18:57:52 - [TEST_STEP][PASSED] - if (i == 3 &amp;&amp; wildList.indexOf(symbol) != -1): null

2019-08-23 18:57:52 - [TEST_STEP][PASSED] - if (i == 4 &amp;&amp; wildList.indexOf(symbol) != -1): null

2019-08-23 18:57:52 - [TEST_STEP][PASSED] - symbols = symbols: null

2019-08-23 18:57:52 - [TEST_STEP][PASSED] - for ([j = 0, j &lt; symbols.size(), (j++)]): null

2019-08-23 18:57:52 - [TEST_STEP][PASSED] - symbol = symbol: null

2019-08-23 18:57:52 - [TEST_STEP][PASSED] - println(symbol): null

2019-08-23 18:57:52 - [TEST_STEP][PASSED] - if (i == 2 &amp;&amp; wildList.indexOf(symbol) != -1): null

2019-08-23 18:57:52 - [TEST_STEP][PASSED] - if (i == 3 &amp;&amp; wildList.indexOf(symbol) != -1): null

2019-08-23 18:57:52 - [TEST_STEP][PASSED] - if (i == 4 &amp;&amp; wildList.indexOf(symbol) != -1): null

2019-08-23 18:57:52 - [TEST_STEP][PASSED] - symbol = symbol: null

2019-08-23 18:57:52 - [TEST_STEP][PASSED] - println(symbol): null

2019-08-23 18:57:52 - [TEST_STEP][PASSED] - if (i == 2 &amp;&amp; wildList.indexOf(symbol) != -1): null

2019-08-23 18:57:52 - [TEST_STEP][PASSED] - if (i == 3 &amp;&amp; wildList.indexOf(symbol) != -1): null

2019-08-23 18:57:52 - [TEST_STEP][PASSED] - println("wild found on reel 4, adding counter by 1"): null

2019-08-23 18:57:52 - [TEST_STEP][PASSED] - free_spin_reel_counter[1] = free_spin_reel_counter[1] + 1: null

2019-08-23 18:57:52 - [TEST_STEP][PASSED] - if (i == 4 &amp;&amp; wildList.indexOf(symbol) != -1): null

2019-08-23 18:57:52 - [TEST_STEP][PASSED] - symbol = symbol: null

2019-08-23 18:57:52 - [TEST_STEP][PASSED] - println(symbol): null

2019-08-23 18:57:52 - [TEST_STEP][PASSED] - if (i == 2 &amp;&amp; wildList.indexOf(symbol) != -1): null

2019-08-23 18:57:52 - [TEST_STEP][PASSED] - if (i == 3 &amp;&amp; wildList.indexOf(symbol) != -1): null

2019-08-23 18:57:52 - [TEST_STEP][PASSED] - if (i == 4 &amp;&amp; wildList.indexOf(symbol) != -1): null

2019-08-23 18:57:52 - [TEST_STEP][PASSED] - symbols = symbols: null

2019-08-23 18:57:52 - [TEST_STEP][PASSED] - for ([j = 0, j &lt; symbols.size(), (j++)]): null

2019-08-23 18:57:52 - [TEST_STEP][PASSED] - symbol = symbol: null

2019-08-23 18:57:52 - [TEST_STEP][PASSED] - println(symbol): null

2019-08-23 18:57:52 - [TEST_STEP][PASSED] - if (i == 2 &amp;&amp; wildList.indexOf(symbol) != -1): null

2019-08-23 18:57:52 - [TEST_STEP][PASSED] - if (i == 3 &amp;&amp; wildList.indexOf(symbol) != -1): null

2019-08-23 18:57:52 - [TEST_STEP][PASSED] - if (i == 4 &amp;&amp; wildList.indexOf(symbol) != -1): null

2019-08-23 18:57:52 - [TEST_STEP][PASSED] - symbol = symbol: null

2019-08-23 18:57:52 - [TEST_STEP][PASSED] - println(symbol): null

2019-08-23 18:57:52 - [TEST_STEP][PASSED] - if (i == 2 &amp;&amp; wildList.indexOf(symbol) != -1): null

2019-08-23 18:57:52 - [TEST_STEP][PASSED] - if (i == 3 &amp;&amp; wildList.indexOf(symbol) != -1): null

2019-08-23 18:57:52 - [TEST_STEP][PASSED] - if (i == 4 &amp;&amp; wildList.indexOf(symbol) != -1): null

2019-08-23 18:57:52 - [TEST_STEP][PASSED] - symbol = symbol: null

2019-08-23 18:57:52 - [TEST_STEP][PASSED] - println(symbol): null

2019-08-23 18:57:52 - [TEST_STEP][PASSED] - if (i == 2 &amp;&amp; wildList.indexOf(symbol) != -1): null

2019-08-23 18:57:52 - [TEST_STEP][PASSED] - if (i == 3 &amp;&amp; wildList.indexOf(symbol) != -1): null

2019-08-23 18:57:52 - [TEST_STEP][PASSED] - if (i == 4 &amp;&amp; wildList.indexOf(symbol) != -1): null

2019-08-23 18:57:52 - [TEST_STEP][PASSED] - free_spin_reel_counter = free_spin_reel_counter: null

2019-08-23 18:57:52 - [TEST_STEP][PASSED] - println("reel 3 wild found: " + free_spin_reel_counter[0]): null

2019-08-23 18:57:52 - [TEST_STEP][PASSED] - println("reel 4 wild found: " + free_spin_reel_counter[1]): null

2019-08-23 18:57:52 - [TEST_STEP][PASSED] - println("reel 5 wild found: " + free_spin_reel_counter[2]): null

2019-08-23 18:57:52 - [TEST_STEP][PASSED] - M4_spin_reels = M4_spin_reels: null

2019-08-23 18:57:52 - [TEST_STEP][PASSED] - M4_spin_reels_symbols = symbol: null

2019-08-23 18:57:52 - [TEST_STEP][PASSED] - M4_spin_reels_symbols = M4_spin_reels_symbols: null

2019-08-23 18:57:52 - [TEST_STEP][PASSED] - M4_spin_reel_wins = reel_wins: null

2019-08-23 18:57:52 - [TEST_STEP][PASSED] - M4_spin_reel_wins = M4_spin_reel_wins: null

2019-08-23 18:57:52 - [TEST_STEP][PASSED] - println("GlobalVariable.M4_spin_reel_wins is: " + M4_spin_reel_wins): null

2019-08-23 18:57:52 - [TEST_STEP][PASSED] - M4_spin_total_bonus_win_this_round = total_bonus_win_this_round: null

2019-08-23 18:57:52 - [TEST_STEP][PASSED] - M4_spin_total_bonus_win_this_round = M4_spin_total_bonus_win_this_round: null

2019-08-23 18:57:52 - [TEST_STEP][PASSED] - println("GlobalVariable.M4_spin_total_bonus_win_this_round is: " + M4_spin_total_bonus_win_this_round): null

2019-08-23 18:57:52 - [TEST_STEP][PASSED] - M4_spin_bonus_spin_result = spin_result: null

2019-08-23 18:57:52 - [TEST_STEP][PASSED] - M4_spin_bonus_spin_result = M4_spin_bonus_spin_result: null

2019-08-23 18:57:52 - [MESSAGE][PASSED] - Verify response successfully

2019-08-23 18:57:52 - [MESSAGE][PASSED] - Send request and verify the response successfully

2019-08-23 18:57:52 - [TEST_STEP][PASSED] - if (free_spin_reel_counter[0] &gt;= 1 &amp;&amp; free_spin_reel_counter[1] &gt;= 1 &amp;&amp; free_spin_reel_counter[2] &gt;= 1): null

2019-08-23 18:57:52 - [TEST_STEP][PASSED] - spin_result = sendRequestAndVerify(findTestObject("INT/RGS(M4)/1_M4_spin", ["M4_login_user_id":M4_login_user_id, "rgs_session_token":rgs_session_token, "partner":Partner])): Send request and verify the response successfully

2019-08-23 18:57:53 - [MESSAGE][INFO] - HAR: /Users/eiralee/Katalon_Script/SuperWild/Reports/20190823_184757/INT/superWild_1/20190823_184757/requests/main/271.har

2019-08-23 18:57:53 - [TEST_CASE][PASSED] - Start Test Case : Verification: Verification accomplished successfully

2019-08-23 18:57:53 - [TEST_STEP][PASSED] - request = getInstance().getCurrentRequest(): null

2019-08-23 18:57:53 - [TEST_STEP][PASSED] - response = getInstance().getCurrentResponse(): null

2019-08-23 18:57:53 - [TEST_STEP][PASSED] - verifyResponseStatusCode(response, 200): Verify response status code successfully

2019-08-23 18:57:53 - [MESSAGE][PASSED] - Verify response status code successfully

2019-08-23 18:57:53 - [TEST_STEP][PASSED] - getStatusCode()).isEqualTo(200): null

2019-08-23 18:57:53 - [TEST_STEP][PASSED] - newline = System.getProperty("line.separator"): null

2019-08-23 18:57:53 - [TEST_STEP][PASSED] - M4_spin = new groovy.json.JsonSlurper(): null

2019-08-23 18:57:53 - [TEST_STEP][PASSED] - result_M4_spin = M4_spin.parseText(response.getResponseBodyContent()): null

2019-08-23 18:57:53 - [TEST_STEP][PASSED] - M4_spin_current_balance = current_balance: null

2019-08-23 18:57:53 - [TEST_STEP][PASSED] - M4_spin_current_balance = M4_spin_current_balance: null

2019-08-23 18:57:53 - [TEST_STEP][PASSED] - M4_spin_transaction_id = causality: null

2019-08-23 18:57:53 - [TEST_STEP][PASSED] - M4_spin_transaction_id = M4_spin_transaction_id: null

2019-08-23 18:57:53 - [TEST_STEP][PASSED] - M4_spin_round_id = round_id: null

2019-08-23 18:57:53 - [TEST_STEP][PASSED] - M4_spin_round_id = M4_spin_round_id: null

2019-08-23 18:57:53 - [TEST_STEP][PASSED] - M4_spin_line_wins = line_wins: null

2019-08-23 18:57:53 - [TEST_STEP][PASSED] - M4_spin_line_wins = M4_spin_line_wins: null

2019-08-23 18:57:53 - [TEST_STEP][PASSED] - M4_total_bonus_spins_int = total_bonus_spins: null

2019-08-23 18:57:53 - [TEST_STEP][PASSED] - println("******M4_total_bonus_spins type is:*******" + newline + getClass().getName()): null

2019-08-23 18:57:53 - [TEST_STEP][PASSED] - M4_total_bonus_spins_int = M4_total_bonus_spins_int: null

2019-08-23 18:57:53 - [TEST_STEP][PASSED] - M4_total_bonus_spins = Integer.toString(M4_total_bonus_spins_int): null

2019-08-23 18:57:53 - [TEST_STEP][PASSED] - M4_total_bonus_spins = M4_total_bonus_spins: null

2019-08-23 18:57:53 - [TEST_STEP][PASSED] - println("M4_total_bonus_spins is:" + M4_total_bonus_spins): null

2019-08-23 18:57:53 - [TEST_STEP][PASSED] - M4_spin_bonus_data = bonus_data: null

2019-08-23 18:57:53 - [TEST_STEP][PASSED] - M4_spin_features_triggered = result_M4_spin: null

2019-08-23 18:57:53 - [TEST_STEP][PASSED] - wild = []: null

2019-08-23 18:57:53 - [TEST_STEP][PASSED] - wild[0] = "WILD_Expanding": null

2019-08-23 18:57:53 - [TEST_STEP][PASSED] - wild[1] = "WILD_Normal": null

2019-08-23 18:57:53 - [TEST_STEP][PASSED] - wild[2] = "WILD_Double": null

2019-08-23 18:57:53 - [TEST_STEP][PASSED] - wild[3] = "WILD_ExtraFG": null

2019-08-23 18:57:53 - [TEST_STEP][PASSED] - wild[4] = "WILD_Triple": null

2019-08-23 18:57:53 - [TEST_STEP][PASSED] - wildList = Arrays.asList(wild): null

2019-08-23 18:57:53 - [TEST_STEP][PASSED] - wildList = wildList: null

2019-08-23 18:57:53 - [TEST_STEP][PASSED] - free_spin_reel_counter = []: null

2019-08-23 18:57:53 - [TEST_STEP][PASSED] - free_spin_reel_counter[0] = 0: null

2019-08-23 18:57:53 - [TEST_STEP][PASSED] - free_spin_reel_counter[1] = 0: null

2019-08-23 18:57:53 - [TEST_STEP][PASSED] - free_spin_reel_counter[2] = 0: null

2019-08-23 18:57:53 - [TEST_STEP][PASSED] - M4_spin_reels = reels: null

2019-08-23 18:57:53 - [TEST_STEP][PASSED] - for ([i = 0, i &lt; M4_spin_reels.size(), (i++)]): null

2019-08-23 18:57:53 - [TEST_STEP][PASSED] - symbols = symbols: null

2019-08-23 18:57:53 - [TEST_STEP][PASSED] - for ([j = 0, j &lt; symbols.size(), (j++)]): null

2019-08-23 18:57:53 - [TEST_STEP][PASSED] - symbol = symbol: null

2019-08-23 18:57:53 - [TEST_STEP][PASSED] - println(symbol): null

2019-08-23 18:57:53 - [TEST_STEP][PASSED] - if (i == 2 &amp;&amp; wildList.indexOf(symbol) != -1): null

2019-08-23 18:57:53 - [TEST_STEP][PASSED] - if (i == 3 &amp;&amp; wildList.indexOf(symbol) != -1): null

2019-08-23 18:57:53 - [TEST_STEP][PASSED] - if (i == 4 &amp;&amp; wildList.indexOf(symbol) != -1): null

2019-08-23 18:57:53 - [TEST_STEP][PASSED] - symbol = symbol: null

2019-08-23 18:57:53 - [TEST_STEP][PASSED] - println(symbol): null

2019-08-23 18:57:53 - [TEST_STEP][PASSED] - if (i == 2 &amp;&amp; wildList.indexOf(symbol) != -1): null

2019-08-23 18:57:53 - [TEST_STEP][PASSED] - if (i == 3 &amp;&amp; wildList.indexOf(symbol) != -1): null

2019-08-23 18:57:53 - [TEST_STEP][PASSED] - if (i == 4 &amp;&amp; wildList.indexOf(symbol) != -1): null

2019-08-23 18:57:53 - [TEST_STEP][PASSED] - symbol = symbol: null

2019-08-23 18:57:53 - [TEST_STEP][PASSED] - println(symbol): null

2019-08-23 18:57:53 - [TEST_STEP][PASSED] - if (i == 2 &amp;&amp; wildList.indexOf(symbol) != -1): null

2019-08-23 18:57:53 - [TEST_STEP][PASSED] - if (i == 3 &amp;&amp; wildList.indexOf(symbol) != -1): null

2019-08-23 18:57:53 - [TEST_STEP][PASSED] - if (i == 4 &amp;&amp; wildList.indexOf(symbol) != -1): null

2019-08-23 18:57:53 - [TEST_STEP][PASSED] - symbols = symbols: null

2019-08-23 18:57:53 - [TEST_STEP][PASSED] - for ([j = 0, j &lt; symbols.size(), (j++)]): null

2019-08-23 18:57:53 - [TEST_STEP][PASSED] - symbol = symbol: null

2019-08-23 18:57:53 - [TEST_STEP][PASSED] - println(symbol): null

2019-08-23 18:57:53 - [TEST_STEP][PASSED] - if (i == 2 &amp;&amp; wildList.indexOf(symbol) != -1): null

2019-08-23 18:57:53 - [TEST_STEP][PASSED] - if (i == 3 &amp;&amp; wildList.indexOf(symbol) != -1): null

2019-08-23 18:57:53 - [TEST_STEP][PASSED] - if (i == 4 &amp;&amp; wildList.indexOf(symbol) != -1): null

2019-08-23 18:57:53 - [TEST_STEP][PASSED] - symbol = symbol: null

2019-08-23 18:57:53 - [TEST_STEP][PASSED] - println(symbol): null

2019-08-23 18:57:53 - [TEST_STEP][PASSED] - if (i == 2 &amp;&amp; wildList.indexOf(symbol) != -1): null

2019-08-23 18:57:53 - [TEST_STEP][PASSED] - if (i == 3 &amp;&amp; wildList.indexOf(symbol) != -1): null

2019-08-23 18:57:53 - [TEST_STEP][PASSED] - if (i == 4 &amp;&amp; wildList.indexOf(symbol) != -1): null

2019-08-23 18:57:53 - [TEST_STEP][PASSED] - symbol = symbol: null

2019-08-23 18:57:53 - [TEST_STEP][PASSED] - println(symbol): null

2019-08-23 18:57:53 - [TEST_STEP][PASSED] - if (i == 2 &amp;&amp; wildList.indexOf(symbol) != -1): null

2019-08-23 18:57:53 - [TEST_STEP][PASSED] - if (i == 3 &amp;&amp; wildList.indexOf(symbol) != -1): null

2019-08-23 18:57:53 - [TEST_STEP][PASSED] - if (i == 4 &amp;&amp; wildList.indexOf(symbol) != -1): null

2019-08-23 18:57:53 - [TEST_STEP][PASSED] - symbols = symbols: null

2019-08-23 18:57:53 - [TEST_STEP][PASSED] - for ([j = 0, j &lt; symbols.size(), (j++)]): null

2019-08-23 18:57:53 - [TEST_STEP][PASSED] - symbol = symbol: null

2019-08-23 18:57:53 - [TEST_STEP][PASSED] - println(symbol): null

2019-08-23 18:57:53 - [TEST_STEP][PASSED] - if (i == 2 &amp;&amp; wildList.indexOf(symbol) != -1): null

2019-08-23 18:57:53 - [TEST_STEP][PASSED] - if (i == 3 &amp;&amp; wildList.indexOf(symbol) != -1): null

2019-08-23 18:57:53 - [TEST_STEP][PASSED] - if (i == 4 &amp;&amp; wildList.indexOf(symbol) != -1): null

2019-08-23 18:57:53 - [TEST_STEP][PASSED] - symbol = symbol: null

2019-08-23 18:57:53 - [TEST_STEP][PASSED] - println(symbol): null

2019-08-23 18:57:53 - [TEST_STEP][PASSED] - if (i == 2 &amp;&amp; wildList.indexOf(symbol) != -1): null

2019-08-23 18:57:53 - [TEST_STEP][PASSED] - if (i == 3 &amp;&amp; wildList.indexOf(symbol) != -1): null

2019-08-23 18:57:53 - [TEST_STEP][PASSED] - if (i == 4 &amp;&amp; wildList.indexOf(symbol) != -1): null

2019-08-23 18:57:53 - [TEST_STEP][PASSED] - symbol = symbol: null

2019-08-23 18:57:53 - [TEST_STEP][PASSED] - println(symbol): null

2019-08-23 18:57:53 - [TEST_STEP][PASSED] - if (i == 2 &amp;&amp; wildList.indexOf(symbol) != -1): null

2019-08-23 18:57:53 - [TEST_STEP][PASSED] - println("wild found on reel 3, adding counter by 1"): null

2019-08-23 18:57:53 - [TEST_STEP][PASSED] - free_spin_reel_counter[0] = free_spin_reel_counter[0] + 1: null

2019-08-23 18:57:53 - [TEST_STEP][PASSED] - if (i == 3 &amp;&amp; wildList.indexOf(symbol) != -1): null

2019-08-23 18:57:53 - [TEST_STEP][PASSED] - if (i == 4 &amp;&amp; wildList.indexOf(symbol) != -1): null

2019-08-23 18:57:53 - [TEST_STEP][PASSED] - symbols = symbols: null

2019-08-23 18:57:53 - [TEST_STEP][PASSED] - for ([j = 0, j &lt; symbols.size(), (j++)]): null

2019-08-23 18:57:53 - [TEST_STEP][PASSED] - symbol = symbol: null

2019-08-23 18:57:53 - [TEST_STEP][PASSED] - println(symbol): null

2019-08-23 18:57:53 - [TEST_STEP][PASSED] - if (i == 2 &amp;&amp; wildList.indexOf(symbol) != -1): null

2019-08-23 18:57:53 - [TEST_STEP][PASSED] - if (i == 3 &amp;&amp; wildList.indexOf(symbol) != -1): null

2019-08-23 18:57:53 - [TEST_STEP][PASSED] - if (i == 4 &amp;&amp; wildList.indexOf(symbol) != -1): null

2019-08-23 18:57:53 - [TEST_STEP][PASSED] - symbol = symbol: null

2019-08-23 18:57:53 - [TEST_STEP][PASSED] - println(symbol): null

2019-08-23 18:57:53 - [TEST_STEP][PASSED] - if (i == 2 &amp;&amp; wildList.indexOf(symbol) != -1): null

2019-08-23 18:57:53 - [TEST_STEP][PASSED] - if (i == 3 &amp;&amp; wildList.indexOf(symbol) != -1): null

2019-08-23 18:57:53 - [TEST_STEP][PASSED] - if (i == 4 &amp;&amp; wildList.indexOf(symbol) != -1): null

2019-08-23 18:57:53 - [TEST_STEP][PASSED] - symbol = symbol: null

2019-08-23 18:57:53 - [TEST_STEP][PASSED] - println(symbol): null

2019-08-23 18:57:53 - [TEST_STEP][PASSED] - if (i == 2 &amp;&amp; wildList.indexOf(symbol) != -1): null

2019-08-23 18:57:53 - [TEST_STEP][PASSED] - if (i == 3 &amp;&amp; wildList.indexOf(symbol) != -1): null

2019-08-23 18:57:53 - [TEST_STEP][PASSED] - if (i == 4 &amp;&amp; wildList.indexOf(symbol) != -1): null

2019-08-23 18:57:53 - [TEST_STEP][PASSED] - symbols = symbols: null

2019-08-23 18:57:53 - [TEST_STEP][PASSED] - for ([j = 0, j &lt; symbols.size(), (j++)]): null

2019-08-23 18:57:53 - [TEST_STEP][PASSED] - symbol = symbol: null

2019-08-23 18:57:53 - [TEST_STEP][PASSED] - println(symbol): null

2019-08-23 18:57:53 - [TEST_STEP][PASSED] - if (i == 2 &amp;&amp; wildList.indexOf(symbol) != -1): null

2019-08-23 18:57:53 - [TEST_STEP][PASSED] - if (i == 3 &amp;&amp; wildList.indexOf(symbol) != -1): null

2019-08-23 18:57:53 - [TEST_STEP][PASSED] - if (i == 4 &amp;&amp; wildList.indexOf(symbol) != -1): null

2019-08-23 18:57:53 - [TEST_STEP][PASSED] - symbol = symbol: null

2019-08-23 18:57:53 - [TEST_STEP][PASSED] - println(symbol): null

2019-08-23 18:57:53 - [TEST_STEP][PASSED] - if (i == 2 &amp;&amp; wildList.indexOf(symbol) != -1): null

2019-08-23 18:57:53 - [TEST_STEP][PASSED] - if (i == 3 &amp;&amp; wildList.indexOf(symbol) != -1): null

2019-08-23 18:57:53 - [TEST_STEP][PASSED] - if (i == 4 &amp;&amp; wildList.indexOf(symbol) != -1): null

2019-08-23 18:57:53 - [TEST_STEP][PASSED] - symbol = symbol: null

2019-08-23 18:57:53 - [TEST_STEP][PASSED] - println(symbol): null

2019-08-23 18:57:53 - [TEST_STEP][PASSED] - if (i == 2 &amp;&amp; wildList.indexOf(symbol) != -1): null

2019-08-23 18:57:53 - [TEST_STEP][PASSED] - if (i == 3 &amp;&amp; wildList.indexOf(symbol) != -1): null

2019-08-23 18:57:53 - [TEST_STEP][PASSED] - if (i == 4 &amp;&amp; wildList.indexOf(symbol) != -1): null

2019-08-23 18:57:53 - [TEST_STEP][PASSED] - free_spin_reel_counter = free_spin_reel_counter: null

2019-08-23 18:57:53 - [TEST_STEP][PASSED] - println("reel 3 wild found: " + free_spin_reel_counter[0]): null

2019-08-23 18:57:53 - [TEST_STEP][PASSED] - println("reel 4 wild found: " + free_spin_reel_counter[1]): null

2019-08-23 18:57:53 - [TEST_STEP][PASSED] - println("reel 5 wild found: " + free_spin_reel_counter[2]): null

2019-08-23 18:57:53 - [TEST_STEP][PASSED] - M4_spin_reels = M4_spin_reels: null

2019-08-23 18:57:53 - [TEST_STEP][PASSED] - M4_spin_reels_symbols = symbol: null

2019-08-23 18:57:53 - [TEST_STEP][PASSED] - M4_spin_reels_symbols = M4_spin_reels_symbols: null

2019-08-23 18:57:53 - [TEST_STEP][PASSED] - M4_spin_reel_wins = reel_wins: null

2019-08-23 18:57:53 - [TEST_STEP][PASSED] - M4_spin_reel_wins = M4_spin_reel_wins: null

2019-08-23 18:57:53 - [TEST_STEP][PASSED] - println("GlobalVariable.M4_spin_reel_wins is: " + M4_spin_reel_wins): null

2019-08-23 18:57:53 - [TEST_STEP][PASSED] - M4_spin_total_bonus_win_this_round = total_bonus_win_this_round: null

2019-08-23 18:57:53 - [TEST_STEP][PASSED] - M4_spin_total_bonus_win_this_round = M4_spin_total_bonus_win_this_round: null

2019-08-23 18:57:53 - [TEST_STEP][PASSED] - println("GlobalVariable.M4_spin_total_bonus_win_this_round is: " + M4_spin_total_bonus_win_this_round): null

2019-08-23 18:57:53 - [TEST_STEP][PASSED] - M4_spin_bonus_spin_result = spin_result: null

2019-08-23 18:57:53 - [TEST_STEP][PASSED] - M4_spin_bonus_spin_result = M4_spin_bonus_spin_result: null

2019-08-23 18:57:53 - [MESSAGE][PASSED] - Verify response successfully

2019-08-23 18:57:53 - [MESSAGE][PASSED] - Send request and verify the response successfully

2019-08-23 18:57:53 - [TEST_STEP][PASSED] - if (free_spin_reel_counter[0] &gt;= 1 &amp;&amp; free_spin_reel_counter[1] &gt;= 1 &amp;&amp; free_spin_reel_counter[2] &gt;= 1): null

2019-08-23 18:57:53 - [TEST_STEP][PASSED] - spin_result = sendRequestAndVerify(findTestObject("INT/RGS(M4)/1_M4_spin", ["M4_login_user_id":M4_login_user_id, "rgs_session_token":rgs_session_token, "partner":Partner])): Send request and verify the response successfully

2019-08-23 18:57:53 - [MESSAGE][INFO] - HAR: /Users/eiralee/Katalon_Script/SuperWild/Reports/20190823_184757/INT/superWild_1/20190823_184757/requests/main/272.har

2019-08-23 18:57:53 - [TEST_CASE][PASSED] - Start Test Case : Verification: Verification accomplished successfully

2019-08-23 18:57:53 - [TEST_STEP][PASSED] - request = getInstance().getCurrentRequest(): null

2019-08-23 18:57:54 - [TEST_STEP][PASSED] - response = getInstance().getCurrentResponse(): null

2019-08-23 18:57:54 - [TEST_STEP][PASSED] - verifyResponseStatusCode(response, 200): Verify response status code successfully

2019-08-23 18:57:54 - [MESSAGE][PASSED] - Verify response status code successfully

2019-08-23 18:57:54 - [TEST_STEP][PASSED] - getStatusCode()).isEqualTo(200): null

2019-08-23 18:57:54 - [TEST_STEP][PASSED] - newline = System.getProperty("line.separator"): null

2019-08-23 18:57:54 - [TEST_STEP][PASSED] - M4_spin = new groovy.json.JsonSlurper(): null

2019-08-23 18:57:54 - [TEST_STEP][PASSED] - result_M4_spin = M4_spin.parseText(response.getResponseBodyContent()): null

2019-08-23 18:57:54 - [TEST_STEP][PASSED] - M4_spin_current_balance = current_balance: null

2019-08-23 18:57:54 - [TEST_STEP][PASSED] - M4_spin_current_balance = M4_spin_current_balance: null

2019-08-23 18:57:54 - [TEST_STEP][PASSED] - M4_spin_transaction_id = causality: null

2019-08-23 18:57:54 - [TEST_STEP][PASSED] - M4_spin_transaction_id = M4_spin_transaction_id: null

2019-08-23 18:57:54 - [TEST_STEP][PASSED] - M4_spin_round_id = round_id: null

2019-08-23 18:57:54 - [TEST_STEP][PASSED] - M4_spin_round_id = M4_spin_round_id: null

2019-08-23 18:57:54 - [TEST_STEP][PASSED] - M4_spin_line_wins = line_wins: null

2019-08-23 18:57:54 - [TEST_STEP][PASSED] - M4_spin_line_wins = M4_spin_line_wins: null

2019-08-23 18:57:54 - [TEST_STEP][PASSED] - M4_total_bonus_spins_int = total_bonus_spins: null

2019-08-23 18:57:54 - [TEST_STEP][PASSED] - println("******M4_total_bonus_spins type is:*******" + newline + getClass().getName()): null

2019-08-23 18:57:54 - [TEST_STEP][PASSED] - M4_total_bonus_spins_int = M4_total_bonus_spins_int: null

2019-08-23 18:57:54 - [TEST_STEP][PASSED] - M4_total_bonus_spins = Integer.toString(M4_total_bonus_spins_int): null

2019-08-23 18:57:54 - [TEST_STEP][PASSED] - M4_total_bonus_spins = M4_total_bonus_spins: null

2019-08-23 18:57:54 - [TEST_STEP][PASSED] - println("M4_total_bonus_spins is:" + M4_total_bonus_spins): null

2019-08-23 18:57:54 - [TEST_STEP][PASSED] - M4_spin_bonus_data = bonus_data: null

2019-08-23 18:57:54 - [TEST_STEP][PASSED] - M4_spin_features_triggered = result_M4_spin: null

2019-08-23 18:57:54 - [TEST_STEP][PASSED] - wild = []: null

2019-08-23 18:57:54 - [TEST_STEP][PASSED] - wild[0] = "WILD_Expanding": null

2019-08-23 18:57:54 - [TEST_STEP][PASSED] - wild[1] = "WILD_Normal": null

2019-08-23 18:57:54 - [TEST_STEP][PASSED] - wild[2] = "WILD_Double": null

2019-08-23 18:57:54 - [TEST_STEP][PASSED] - wild[3] = "WILD_ExtraFG": null

2019-08-23 18:57:54 - [TEST_STEP][PASSED] - wild[4] = "WILD_Triple": null

2019-08-23 18:57:54 - [TEST_STEP][PASSED] - wildList = Arrays.asList(wild): null

2019-08-23 18:57:54 - [TEST_STEP][PASSED] - wildList = wildList: null

2019-08-23 18:57:54 - [TEST_STEP][PASSED] - free_spin_reel_counter = []: null

2019-08-23 18:57:54 - [TEST_STEP][PASSED] - free_spin_reel_counter[0] = 0: null

2019-08-23 18:57:54 - [TEST_STEP][PASSED] - free_spin_reel_counter[1] = 0: null

2019-08-23 18:57:54 - [TEST_STEP][PASSED] - free_spin_reel_counter[2] = 0: null

2019-08-23 18:57:54 - [TEST_STEP][PASSED] - M4_spin_reels = reels: null

2019-08-23 18:57:54 - [TEST_STEP][PASSED] - for ([i = 0, i &lt; M4_spin_reels.size(), (i++)]): null

2019-08-23 18:57:54 - [TEST_STEP][PASSED] - symbols = symbols: null

2019-08-23 18:57:54 - [TEST_STEP][PASSED] - for ([j = 0, j &lt; symbols.size(), (j++)]): null

2019-08-23 18:57:54 - [TEST_STEP][PASSED] - symbol = symbol: null

2019-08-23 18:57:54 - [TEST_STEP][PASSED] - println(symbol): null

2019-08-23 18:57:54 - [TEST_STEP][PASSED] - if (i == 2 &amp;&amp; wildList.indexOf(symbol) != -1): null

2019-08-23 18:57:54 - [TEST_STEP][PASSED] - if (i == 3 &amp;&amp; wildList.indexOf(symbol) != -1): null

2019-08-23 18:57:54 - [TEST_STEP][PASSED] - if (i == 4 &amp;&amp; wildList.indexOf(symbol) != -1): null

2019-08-23 18:57:54 - [TEST_STEP][PASSED] - symbol = symbol: null

2019-08-23 18:57:54 - [TEST_STEP][PASSED] - println(symbol): null

2019-08-23 18:57:54 - [TEST_STEP][PASSED] - if (i == 2 &amp;&amp; wildList.indexOf(symbol) != -1): null

2019-08-23 18:57:54 - [TEST_STEP][PASSED] - if (i == 3 &amp;&amp; wildList.indexOf(symbol) != -1): null

2019-08-23 18:57:54 - [TEST_STEP][PASSED] - if (i == 4 &amp;&amp; wildList.indexOf(symbol) != -1): null

2019-08-23 18:57:54 - [TEST_STEP][PASSED] - symbol = symbol: null

2019-08-23 18:57:54 - [TEST_STEP][PASSED] - println(symbol): null

2019-08-23 18:57:54 - [TEST_STEP][PASSED] - if (i == 2 &amp;&amp; wildList.indexOf(symbol) != -1): null

2019-08-23 18:57:54 - [TEST_STEP][PASSED] - if (i == 3 &amp;&amp; wildList.indexOf(symbol) != -1): null

2019-08-23 18:57:54 - [TEST_STEP][PASSED] - if (i == 4 &amp;&amp; wildList.indexOf(symbol) != -1): null

2019-08-23 18:57:54 - [TEST_STEP][PASSED] - symbols = symbols: null

2019-08-23 18:57:54 - [TEST_STEP][PASSED] - for ([j = 0, j &lt; symbols.size(), (j++)]): null

2019-08-23 18:57:54 - [TEST_STEP][PASSED] - symbol = symbol: null

2019-08-23 18:57:54 - [TEST_STEP][PASSED] - println(symbol): null

2019-08-23 18:57:54 - [TEST_STEP][PASSED] - if (i == 2 &amp;&amp; wildList.indexOf(symbol) != -1): null

2019-08-23 18:57:54 - [TEST_STEP][PASSED] - if (i == 3 &amp;&amp; wildList.indexOf(symbol) != -1): null

2019-08-23 18:57:54 - [TEST_STEP][PASSED] - if (i == 4 &amp;&amp; wildList.indexOf(symbol) != -1): null

2019-08-23 18:57:54 - [TEST_STEP][PASSED] - symbol = symbol: null

2019-08-23 18:57:54 - [TEST_STEP][PASSED] - println(symbol): null

2019-08-23 18:57:54 - [TEST_STEP][PASSED] - if (i == 2 &amp;&amp; wildList.indexOf(symbol) != -1): null

2019-08-23 18:57:54 - [TEST_STEP][PASSED] - if (i == 3 &amp;&amp; wildList.indexOf(symbol) != -1): null

2019-08-23 18:57:54 - [TEST_STEP][PASSED] - if (i == 4 &amp;&amp; wildList.indexOf(symbol) != -1): null

2019-08-23 18:57:54 - [TEST_STEP][PASSED] - symbol = symbol: null

2019-08-23 18:57:54 - [TEST_STEP][PASSED] - println(symbol): null

2019-08-23 18:57:54 - [TEST_STEP][PASSED] - if (i == 2 &amp;&amp; wildList.indexOf(symbol) != -1): null

2019-08-23 18:57:54 - [TEST_STEP][PASSED] - if (i == 3 &amp;&amp; wildList.indexOf(symbol) != -1): null

2019-08-23 18:57:54 - [TEST_STEP][PASSED] - if (i == 4 &amp;&amp; wildList.indexOf(symbol) != -1): null

2019-08-23 18:57:54 - [TEST_STEP][PASSED] - symbols = symbols: null

2019-08-23 18:57:54 - [TEST_STEP][PASSED] - for ([j = 0, j &lt; symbols.size(), (j++)]): null

2019-08-23 18:57:54 - [TEST_STEP][PASSED] - symbol = symbol: null

2019-08-23 18:57:54 - [TEST_STEP][PASSED] - println(symbol): null

2019-08-23 18:57:54 - [TEST_STEP][PASSED] - if (i == 2 &amp;&amp; wildList.indexOf(symbol) != -1): null

2019-08-23 18:57:54 - [TEST_STEP][PASSED] - if (i == 3 &amp;&amp; wildList.indexOf(symbol) != -1): null

2019-08-23 18:57:54 - [TEST_STEP][PASSED] - if (i == 4 &amp;&amp; wildList.indexOf(symbol) != -1): null

2019-08-23 18:57:54 - [TEST_STEP][PASSED] - symbol = symbol: null

2019-08-23 18:57:54 - [TEST_STEP][PASSED] - println(symbol): null

2019-08-23 18:57:54 - [TEST_STEP][PASSED] - if (i == 2 &amp;&amp; wildList.indexOf(symbol) != -1): null

2019-08-23 18:57:54 - [TEST_STEP][PASSED] - if (i == 3 &amp;&amp; wildList.indexOf(symbol) != -1): null

2019-08-23 18:57:54 - [TEST_STEP][PASSED] - if (i == 4 &amp;&amp; wildList.indexOf(symbol) != -1): null

2019-08-23 18:57:54 - [TEST_STEP][PASSED] - symbol = symbol: null

2019-08-23 18:57:54 - [TEST_STEP][PASSED] - println(symbol): null

2019-08-23 18:57:54 - [TEST_STEP][PASSED] - if (i == 2 &amp;&amp; wildList.indexOf(symbol) != -1): null

2019-08-23 18:57:54 - [TEST_STEP][PASSED] - if (i == 3 &amp;&amp; wildList.indexOf(symbol) != -1): null

2019-08-23 18:57:54 - [TEST_STEP][PASSED] - if (i == 4 &amp;&amp; wildList.indexOf(symbol) != -1): null

2019-08-23 18:57:54 - [TEST_STEP][PASSED] - symbols = symbols: null

2019-08-23 18:57:54 - [TEST_STEP][PASSED] - for ([j = 0, j &lt; symbols.size(), (j++)]): null

2019-08-23 18:57:54 - [TEST_STEP][PASSED] - symbol = symbol: null

2019-08-23 18:57:54 - [TEST_STEP][PASSED] - println(symbol): null

2019-08-23 18:57:54 - [TEST_STEP][PASSED] - if (i == 2 &amp;&amp; wildList.indexOf(symbol) != -1): null

2019-08-23 18:57:54 - [TEST_STEP][PASSED] - if (i == 3 &amp;&amp; wildList.indexOf(symbol) != -1): null

2019-08-23 18:57:54 - [TEST_STEP][PASSED] - if (i == 4 &amp;&amp; wildList.indexOf(symbol) != -1): null

2019-08-23 18:57:54 - [TEST_STEP][PASSED] - symbol = symbol: null

2019-08-23 18:57:54 - [TEST_STEP][PASSED] - println(symbol): null

2019-08-23 18:57:54 - [TEST_STEP][PASSED] - if (i == 2 &amp;&amp; wildList.indexOf(symbol) != -1): null

2019-08-23 18:57:56 - [TEST_STEP][PASSED] - if (i == 3 &amp;&amp; wildList.indexOf(symbol) != -1): null

2019-08-23 18:57:56 - [TEST_STEP][PASSED] - if (i == 4 &amp;&amp; wildList.indexOf(symbol) != -1): null

2019-08-23 18:57:56 - [TEST_STEP][PASSED] - symbol = symbol: null

2019-08-23 18:57:56 - [TEST_STEP][PASSED] - println(symbol): null

2019-08-23 18:57:56 - [TEST_STEP][PASSED] - if (i == 2 &amp;&amp; wildList.indexOf(symbol) != -1): null

2019-08-23 18:57:56 - [TEST_STEP][PASSED] - if (i == 3 &amp;&amp; wildList.indexOf(symbol) != -1): null

2019-08-23 18:57:56 - [TEST_STEP][PASSED] - println("wild found on reel 4, adding counter by 1"): null

2019-08-23 18:57:56 - [TEST_STEP][PASSED] - free_spin_reel_counter[1] = free_spin_reel_counter[1] + 1: null

2019-08-23 18:57:56 - [TEST_STEP][PASSED] - if (i == 4 &amp;&amp; wildList.indexOf(symbol) != -1): null

2019-08-23 18:57:56 - [TEST_STEP][PASSED] - symbols = symbols: null

2019-08-23 18:57:56 - [TEST_STEP][PASSED] - for ([j = 0, j &lt; symbols.size(), (j++)]): null

2019-08-23 18:57:56 - [TEST_STEP][PASSED] - symbol = symbol: null

2019-08-23 18:57:56 - [TEST_STEP][PASSED] - println(symbol): null

2019-08-23 18:57:56 - [TEST_STEP][PASSED] - if (i == 2 &amp;&amp; wildList.indexOf(symbol) != -1): null

2019-08-23 18:57:56 - [TEST_STEP][PASSED] - if (i == 3 &amp;&amp; wildList.indexOf(symbol) != -1): null

2019-08-23 18:57:56 - [TEST_STEP][PASSED] - if (i == 4 &amp;&amp; wildList.indexOf(symbol) != -1): null

2019-08-23 18:57:56 - [TEST_STEP][PASSED] - symbol = symbol: null

2019-08-23 18:57:56 - [TEST_STEP][PASSED] - println(symbol): null

2019-08-23 18:57:56 - [TEST_STEP][PASSED] - if (i == 2 &amp;&amp; wildList.indexOf(symbol) != -1): null

2019-08-23 18:57:56 - [TEST_STEP][PASSED] - if (i == 3 &amp;&amp; wildList.indexOf(symbol) != -1): null

2019-08-23 18:57:56 - [TEST_STEP][PASSED] - if (i == 4 &amp;&amp; wildList.indexOf(symbol) != -1): null

2019-08-23 18:57:56 - [TEST_STEP][PASSED] - symbol = symbol: null

2019-08-23 18:57:56 - [TEST_STEP][PASSED] - println(symbol): null

2019-08-23 18:57:56 - [TEST_STEP][PASSED] - if (i == 2 &amp;&amp; wildList.indexOf(symbol) != -1): null

2019-08-23 18:57:56 - [TEST_STEP][PASSED] - if (i == 3 &amp;&amp; wildList.indexOf(symbol) != -1): null

2019-08-23 18:57:56 - [TEST_STEP][PASSED] - if (i == 4 &amp;&amp; wildList.indexOf(symbol) != -1): null

2019-08-23 18:57:56 - [TEST_STEP][PASSED] - free_spin_reel_counter = free_spin_reel_counter: null

2019-08-23 18:57:56 - [TEST_STEP][PASSED] - println("reel 3 wild found: " + free_spin_reel_counter[0]): null

2019-08-23 18:57:56 - [TEST_STEP][PASSED] - println("reel 4 wild found: " + free_spin_reel_counter[1]): null

2019-08-23 18:57:56 - [TEST_STEP][PASSED] - println("reel 5 wild found: " + free_spin_reel_counter[2]): null

2019-08-23 18:57:56 - [TEST_STEP][PASSED] - M4_spin_reels = M4_spin_reels: null

2019-08-23 18:57:56 - [TEST_STEP][PASSED] - M4_spin_reels_symbols = symbol: null

2019-08-23 18:57:56 - [TEST_STEP][PASSED] - M4_spin_reels_symbols = M4_spin_reels_symbols: null

2019-08-23 18:57:56 - [TEST_STEP][PASSED] - M4_spin_reel_wins = reel_wins: null

2019-08-23 18:57:56 - [TEST_STEP][PASSED] - M4_spin_reel_wins = M4_spin_reel_wins: null

2019-08-23 18:57:56 - [TEST_STEP][PASSED] - println("GlobalVariable.M4_spin_reel_wins is: " + M4_spin_reel_wins): null

2019-08-23 18:57:56 - [TEST_STEP][PASSED] - M4_spin_total_bonus_win_this_round = total_bonus_win_this_round: null

2019-08-23 18:57:56 - [TEST_STEP][PASSED] - M4_spin_total_bonus_win_this_round = M4_spin_total_bonus_win_this_round: null

2019-08-23 18:57:56 - [TEST_STEP][PASSED] - println("GlobalVariable.M4_spin_total_bonus_win_this_round is: " + M4_spin_total_bonus_win_this_round): null

2019-08-23 18:57:56 - [TEST_STEP][PASSED] - M4_spin_bonus_spin_result = spin_result: null

2019-08-23 18:57:56 - [TEST_STEP][PASSED] - M4_spin_bonus_spin_result = M4_spin_bonus_spin_result: null

2019-08-23 18:57:56 - [MESSAGE][PASSED] - Verify response successfully

2019-08-23 18:57:56 - [MESSAGE][PASSED] - Send request and verify the response successfully

2019-08-23 18:57:56 - [TEST_STEP][PASSED] - if (free_spin_reel_counter[0] &gt;= 1 &amp;&amp; free_spin_reel_counter[1] &gt;= 1 &amp;&amp; free_spin_reel_counter[2] &gt;= 1): null

2019-08-23 18:57:56 - [TEST_STEP][PASSED] - spin_result = sendRequestAndVerify(findTestObject("INT/RGS(M4)/1_M4_spin", ["M4_login_user_id":M4_login_user_id, "rgs_session_token":rgs_session_token, "partner":Partner])): Send request and verify the response successfully

2019-08-23 18:57:56 - [MESSAGE][INFO] - HAR: /Users/eiralee/Katalon_Script/SuperWild/Reports/20190823_184757/INT/superWild_1/20190823_184757/requests/main/273.har

2019-08-23 18:57:56 - [TEST_CASE][PASSED] - Start Test Case : Verification: Verification accomplished successfully

2019-08-23 18:57:56 - [TEST_STEP][PASSED] - request = getInstance().getCurrentRequest(): null

2019-08-23 18:57:56 - [TEST_STEP][PASSED] - response = getInstance().getCurrentResponse(): null

2019-08-23 18:57:56 - [TEST_STEP][PASSED] - verifyResponseStatusCode(response, 200): Verify response status code successfully

2019-08-23 18:57:56 - [MESSAGE][PASSED] - Verify response status code successfully

2019-08-23 18:57:56 - [TEST_STEP][PASSED] - getStatusCode()).isEqualTo(200): null

2019-08-23 18:57:56 - [TEST_STEP][PASSED] - newline = System.getProperty("line.separator"): null

2019-08-23 18:57:56 - [TEST_STEP][PASSED] - M4_spin = new groovy.json.JsonSlurper(): null

2019-08-23 18:57:56 - [TEST_STEP][PASSED] - result_M4_spin = M4_spin.parseText(response.getResponseBodyContent()): null

2019-08-23 18:57:56 - [TEST_STEP][PASSED] - M4_spin_current_balance = current_balance: null

2019-08-23 18:57:56 - [TEST_STEP][PASSED] - M4_spin_current_balance = M4_spin_current_balance: null

2019-08-23 18:57:56 - [TEST_STEP][PASSED] - M4_spin_transaction_id = causality: null

2019-08-23 18:57:56 - [TEST_STEP][PASSED] - M4_spin_transaction_id = M4_spin_transaction_id: null

2019-08-23 18:57:56 - [TEST_STEP][PASSED] - M4_spin_round_id = round_id: null

2019-08-23 18:57:56 - [TEST_STEP][PASSED] - M4_spin_round_id = M4_spin_round_id: null

2019-08-23 18:57:56 - [TEST_STEP][PASSED] - M4_spin_line_wins = line_wins: null

2019-08-23 18:57:56 - [TEST_STEP][PASSED] - M4_spin_line_wins = M4_spin_line_wins: null

2019-08-23 18:57:56 - [TEST_STEP][PASSED] - M4_total_bonus_spins_int = total_bonus_spins: null

2019-08-23 18:57:56 - [TEST_STEP][PASSED] - println("******M4_total_bonus_spins type is:*******" + newline + getClass().getName()): null

2019-08-23 18:57:56 - [TEST_STEP][PASSED] - M4_total_bonus_spins_int = M4_total_bonus_spins_int: null

2019-08-23 18:57:56 - [TEST_STEP][PASSED] - M4_total_bonus_spins = Integer.toString(M4_total_bonus_spins_int): null

2019-08-23 18:57:56 - [TEST_STEP][PASSED] - M4_total_bonus_spins = M4_total_bonus_spins: null

2019-08-23 18:57:56 - [TEST_STEP][PASSED] - println("M4_total_bonus_spins is:" + M4_total_bonus_spins): null

2019-08-23 18:57:56 - [TEST_STEP][PASSED] - M4_spin_bonus_data = bonus_data: null

2019-08-23 18:57:56 - [TEST_STEP][PASSED] - M4_spin_features_triggered = result_M4_spin: null

2019-08-23 18:57:56 - [TEST_STEP][PASSED] - wild = []: null

2019-08-23 18:57:56 - [TEST_STEP][PASSED] - wild[0] = "WILD_Expanding": null

2019-08-23 18:57:56 - [TEST_STEP][PASSED] - wild[1] = "WILD_Normal": null

2019-08-23 18:57:56 - [TEST_STEP][PASSED] - wild[2] = "WILD_Double": null

2019-08-23 18:57:56 - [TEST_STEP][PASSED] - wild[3] = "WILD_ExtraFG": null

2019-08-23 18:57:56 - [TEST_STEP][PASSED] - wild[4] = "WILD_Triple": null

2019-08-23 18:57:56 - [TEST_STEP][PASSED] - wildList = Arrays.asList(wild): null

2019-08-23 18:57:56 - [TEST_STEP][PASSED] - wildList = wildList: null

2019-08-23 18:57:56 - [TEST_STEP][PASSED] - free_spin_reel_counter = []: null

2019-08-23 18:57:56 - [TEST_STEP][PASSED] - free_spin_reel_counter[0] = 0: null

2019-08-23 18:57:56 - [TEST_STEP][PASSED] - free_spin_reel_counter[1] = 0: null

2019-08-23 18:57:56 - [TEST_STEP][PASSED] - free_spin_reel_counter[2] = 0: null

2019-08-23 18:57:56 - [TEST_STEP][PASSED] - M4_spin_reels = reels: null

2019-08-23 18:57:56 - [TEST_STEP][PASSED] - for ([i = 0, i &lt; M4_spin_reels.size(), (i++)]): null

2019-08-23 18:57:56 - [TEST_STEP][PASSED] - symbols = symbols: null

2019-08-23 18:57:56 - [TEST_STEP][PASSED] - for ([j = 0, j &lt; symbols.size(), (j++)]): null

2019-08-23 18:57:56 - [TEST_STEP][PASSED] - symbol = symbol: null

2019-08-23 18:57:56 - [TEST_STEP][PASSED] - println(symbol): null

2019-08-23 18:57:56 - [TEST_STEP][PASSED] - if (i == 2 &amp;&amp; wildList.indexOf(symbol) != -1): null

2019-08-23 18:57:56 - [TEST_STEP][PASSED] - if (i == 3 &amp;&amp; wildList.indexOf(symbol) != -1): null

2019-08-23 18:57:56 - [TEST_STEP][PASSED] - if (i == 4 &amp;&amp; wildList.indexOf(symbol) != -1): null

2019-08-23 18:57:56 - [TEST_STEP][PASSED] - symbol = symbol: null

2019-08-23 18:57:56 - [TEST_STEP][PASSED] - println(symbol): null

2019-08-23 18:57:56 - [TEST_STEP][PASSED] - if (i == 2 &amp;&amp; wildList.indexOf(symbol) != -1): null

2019-08-23 18:57:56 - [TEST_STEP][PASSED] - if (i == 3 &amp;&amp; wildList.indexOf(symbol) != -1): null

2019-08-23 18:57:56 - [TEST_STEP][PASSED] - if (i == 4 &amp;&amp; wildList.indexOf(symbol) != -1): null

2019-08-23 18:57:56 - [TEST_STEP][PASSED] - symbol = symbol: null

2019-08-23 18:57:56 - [TEST_STEP][PASSED] - println(symbol): null

2019-08-23 18:57:56 - [TEST_STEP][PASSED] - if (i == 2 &amp;&amp; wildList.indexOf(symbol) != -1): null

2019-08-23 18:57:56 - [TEST_STEP][PASSED] - if (i == 3 &amp;&amp; wildList.indexOf(symbol) != -1): null

2019-08-23 18:57:56 - [TEST_STEP][PASSED] - if (i == 4 &amp;&amp; wildList.indexOf(symbol) != -1): null

2019-08-23 18:57:56 - [TEST_STEP][PASSED] - symbols = symbols: null

2019-08-23 18:57:56 - [TEST_STEP][PASSED] - for ([j = 0, j &lt; symbols.size(), (j++)]): null

2019-08-23 18:57:56 - [TEST_STEP][PASSED] - symbol = symbol: null

2019-08-23 18:57:56 - [TEST_STEP][PASSED] - println(symbol): null

2019-08-23 18:57:56 - [TEST_STEP][PASSED] - if (i == 2 &amp;&amp; wildList.indexOf(symbol) != -1): null

2019-08-23 18:57:56 - [TEST_STEP][PASSED] - if (i == 3 &amp;&amp; wildList.indexOf(symbol) != -1): null

2019-08-23 18:57:56 - [TEST_STEP][PASSED] - if (i == 4 &amp;&amp; wildList.indexOf(symbol) != -1): null

2019-08-23 18:57:56 - [TEST_STEP][PASSED] - symbol = symbol: null

2019-08-23 18:57:56 - [TEST_STEP][PASSED] - println(symbol): null

2019-08-23 18:57:56 - [TEST_STEP][PASSED] - if (i == 2 &amp;&amp; wildList.indexOf(symbol) != -1): null

2019-08-23 18:57:56 - [TEST_STEP][PASSED] - if (i == 3 &amp;&amp; wildList.indexOf(symbol) != -1): null

2019-08-23 18:57:56 - [TEST_STEP][PASSED] - if (i == 4 &amp;&amp; wildList.indexOf(symbol) != -1): null

2019-08-23 18:57:56 - [TEST_STEP][PASSED] - symbol = symbol: null

2019-08-23 18:57:56 - [TEST_STEP][PASSED] - println(symbol): null

2019-08-23 18:57:56 - [TEST_STEP][PASSED] - if (i == 2 &amp;&amp; wildList.indexOf(symbol) != -1): null

2019-08-23 18:57:56 - [TEST_STEP][PASSED] - if (i == 3 &amp;&amp; wildList.indexOf(symbol) != -1): null

2019-08-23 18:57:56 - [TEST_STEP][PASSED] - if (i == 4 &amp;&amp; wildList.indexOf(symbol) != -1): null

2019-08-23 18:57:56 - [TEST_STEP][PASSED] - symbols = symbols: null

2019-08-23 18:57:56 - [TEST_STEP][PASSED] - for ([j = 0, j &lt; symbols.size(), (j++)]): null

2019-08-23 18:57:56 - [TEST_STEP][PASSED] - symbol = symbol: null

2019-08-23 18:57:56 - [TEST_STEP][PASSED] - println(symbol): null

2019-08-23 18:57:56 - [TEST_STEP][PASSED] - if (i == 2 &amp;&amp; wildList.indexOf(symbol) != -1): null

2019-08-23 18:57:56 - [TEST_STEP][PASSED] - println("wild found on reel 3, adding counter by 1"): null

2019-08-23 18:57:56 - [TEST_STEP][PASSED] - free_spin_reel_counter[0] = free_spin_reel_counter[0] + 1: null

2019-08-23 18:57:56 - [TEST_STEP][PASSED] - if (i == 3 &amp;&amp; wildList.indexOf(symbol) != -1): null

2019-08-23 18:57:56 - [TEST_STEP][PASSED] - if (i == 4 &amp;&amp; wildList.indexOf(symbol) != -1): null

2019-08-23 18:57:56 - [TEST_STEP][PASSED] - symbol = symbol: null

2019-08-23 18:57:56 - [TEST_STEP][PASSED] - println(symbol): null

2019-08-23 18:57:56 - [TEST_STEP][PASSED] - if (i == 2 &amp;&amp; wildList.indexOf(symbol) != -1): null

2019-08-23 18:57:56 - [TEST_STEP][PASSED] - if (i == 3 &amp;&amp; wildList.indexOf(symbol) != -1): null

2019-08-23 18:57:56 - [TEST_STEP][PASSED] - if (i == 4 &amp;&amp; wildList.indexOf(symbol) != -1): null

2019-08-23 18:57:56 - [TEST_STEP][PASSED] - symbol = symbol: null

2019-08-23 18:57:56 - [TEST_STEP][PASSED] - println(symbol): null

2019-08-23 18:57:56 - [TEST_STEP][PASSED] - if (i == 2 &amp;&amp; wildList.indexOf(symbol) != -1): null

2019-08-23 18:57:56 - [TEST_STEP][PASSED] - if (i == 3 &amp;&amp; wildList.indexOf(symbol) != -1): null

2019-08-23 18:57:56 - [TEST_STEP][PASSED] - if (i == 4 &amp;&amp; wildList.indexOf(symbol) != -1): null

2019-08-23 18:57:56 - [TEST_STEP][PASSED] - symbols = symbols: null

2019-08-23 18:57:56 - [TEST_STEP][PASSED] - for ([j = 0, j &lt; symbols.size(), (j++)]): null

2019-08-23 18:57:56 - [TEST_STEP][PASSED] - symbol = symbol: null

2019-08-23 18:57:56 - [TEST_STEP][PASSED] - println(symbol): null

2019-08-23 18:57:56 - [TEST_STEP][PASSED] - if (i == 2 &amp;&amp; wildList.indexOf(symbol) != -1): null

2019-08-23 18:57:56 - [TEST_STEP][PASSED] - if (i == 3 &amp;&amp; wildList.indexOf(symbol) != -1): null

2019-08-23 18:57:56 - [TEST_STEP][PASSED] - if (i == 4 &amp;&amp; wildList.indexOf(symbol) != -1): null

2019-08-23 18:57:56 - [TEST_STEP][PASSED] - symbol = symbol: null

2019-08-23 18:57:56 - [TEST_STEP][PASSED] - println(symbol): null

2019-08-23 18:57:56 - [TEST_STEP][PASSED] - if (i == 2 &amp;&amp; wildList.indexOf(symbol) != -1): null

2019-08-23 18:57:56 - [TEST_STEP][PASSED] - if (i == 3 &amp;&amp; wildList.indexOf(symbol) != -1): null

2019-08-23 18:57:56 - [TEST_STEP][PASSED] - println("wild found on reel 4, adding counter by 1"): null

2019-08-23 18:57:56 - [TEST_STEP][PASSED] - free_spin_reel_counter[1] = free_spin_reel_counter[1] + 1: null

2019-08-23 18:57:56 - [TEST_STEP][PASSED] - if (i == 4 &amp;&amp; wildList.indexOf(symbol) != -1): null

2019-08-23 18:57:56 - [TEST_STEP][PASSED] - symbol = symbol: null

2019-08-23 18:57:56 - [TEST_STEP][PASSED] - println(symbol): null

2019-08-23 18:57:56 - [TEST_STEP][PASSED] - if (i == 2 &amp;&amp; wildList.indexOf(symbol) != -1): null

2019-08-23 18:57:56 - [TEST_STEP][PASSED] - if (i == 3 &amp;&amp; wildList.indexOf(symbol) != -1): null

2019-08-23 18:57:56 - [TEST_STEP][PASSED] - if (i == 4 &amp;&amp; wildList.indexOf(symbol) != -1): null

2019-08-23 18:57:56 - [TEST_STEP][PASSED] - symbols = symbols: null

2019-08-23 18:57:56 - [TEST_STEP][PASSED] - for ([j = 0, j &lt; symbols.size(), (j++)]): null

2019-08-23 18:57:56 - [TEST_STEP][PASSED] - symbol = symbol: null

2019-08-23 18:57:56 - [TEST_STEP][PASSED] - println(symbol): null

2019-08-23 18:57:56 - [TEST_STEP][PASSED] - if (i == 2 &amp;&amp; wildList.indexOf(symbol) != -1): null

2019-08-23 18:57:56 - [TEST_STEP][PASSED] - if (i == 3 &amp;&amp; wildList.indexOf(symbol) != -1): null

2019-08-23 18:57:56 - [TEST_STEP][PASSED] - if (i == 4 &amp;&amp; wildList.indexOf(symbol) != -1): null

2019-08-23 18:57:56 - [TEST_STEP][PASSED] - println("wild found on reel 5, adding counter by 1"): null

2019-08-23 18:57:56 - [TEST_STEP][PASSED] - free_spin_reel_counter[2] = free_spin_reel_counter[2] + 1: null

2019-08-23 18:57:56 - [TEST_STEP][PASSED] - symbol = symbol: null

2019-08-23 18:57:56 - [TEST_STEP][PASSED] - println(symbol): null

2019-08-23 18:57:56 - [TEST_STEP][PASSED] - if (i == 2 &amp;&amp; wildList.indexOf(symbol) != -1): null

2019-08-23 18:57:56 - [TEST_STEP][PASSED] - if (i == 3 &amp;&amp; wildList.indexOf(symbol) != -1): null

2019-08-23 18:57:56 - [TEST_STEP][PASSED] - if (i == 4 &amp;&amp; wildList.indexOf(symbol) != -1): null

2019-08-23 18:57:56 - [TEST_STEP][PASSED] - symbol = symbol: null

2019-08-23 18:57:56 - [TEST_STEP][PASSED] - println(symbol): null

2019-08-23 18:57:56 - [TEST_STEP][PASSED] - if (i == 2 &amp;&amp; wildList.indexOf(symbol) != -1): null

2019-08-23 18:57:56 - [TEST_STEP][PASSED] - if (i == 3 &amp;&amp; wildList.indexOf(symbol) != -1): null

2019-08-23 18:57:56 - [TEST_STEP][PASSED] - if (i == 4 &amp;&amp; wildList.indexOf(symbol) != -1): null

2019-08-23 18:57:56 - [TEST_STEP][PASSED] - free_spin_reel_counter = free_spin_reel_counter: null

2019-08-23 18:57:56 - [TEST_STEP][PASSED] - println("reel 3 wild found: " + free_spin_reel_counter[0]): null

2019-08-23 18:57:56 - [TEST_STEP][PASSED] - println("reel 4 wild found: " + free_spin_reel_counter[1]): null

2019-08-23 18:57:56 - [TEST_STEP][PASSED] - println("reel 5 wild found: " + free_spin_reel_counter[2]): null

2019-08-23 18:57:56 - [TEST_STEP][PASSED] - M4_spin_reels = M4_spin_reels: null

2019-08-23 18:57:56 - [TEST_STEP][PASSED] - M4_spin_reels_symbols = symbol: null

2019-08-23 18:57:56 - [TEST_STEP][PASSED] - M4_spin_reels_symbols = M4_spin_reels_symbols: null

2019-08-23 18:57:56 - [TEST_STEP][PASSED] - M4_spin_reel_wins = reel_wins: null

2019-08-23 18:57:56 - [TEST_STEP][PASSED] - M4_spin_reel_wins = M4_spin_reel_wins: null

2019-08-23 18:57:56 - [TEST_STEP][PASSED] - println("GlobalVariable.M4_spin_reel_wins is: " + M4_spin_reel_wins): null

2019-08-23 18:57:56 - [TEST_STEP][PASSED] - M4_spin_total_bonus_win_this_round = total_bonus_win_this_round: null

2019-08-23 18:57:56 - [TEST_STEP][PASSED] - M4_spin_total_bonus_win_this_round = M4_spin_total_bonus_win_this_round: null

2019-08-23 18:57:56 - [TEST_STEP][PASSED] - println("GlobalVariable.M4_spin_total_bonus_win_this_round is: " + M4_spin_total_bonus_win_this_round): null

2019-08-23 18:57:56 - [TEST_STEP][PASSED] - M4_spin_bonus_spin_result = spin_result: null

2019-08-23 18:57:56 - [TEST_STEP][PASSED] - M4_spin_bonus_spin_result = M4_spin_bonus_spin_result: null

2019-08-23 18:57:56 - [MESSAGE][PASSED] - Verify response successfully

2019-08-23 18:57:56 - [MESSAGE][PASSED] - Send request and verify the response successfully

2019-08-23 18:57:56 - [TEST_STEP][PASSED] - if (free_spin_reel_counter[0] &gt;= 1 &amp;&amp; free_spin_reel_counter[1] &gt;= 1 &amp;&amp; free_spin_reel_counter[2] &gt;= 1): null

2019-08-23 18:57:56 - [TEST_STEP][PASSED] - break: null

2019-08-23 18:57:56 - [TEST_STEP][PASSED] - println("GlobalVariable.M4_spin_round_id is: " + M4_spin_round_id): null

2019-08-23 18:57:56 - [TEST_STEP][PASSED] - sendRequestAndVerify(findTestObject("INT/RGS(M4)/1_Round_detail", ["partner":Partner, "M4_spin_round_id":M4_spin_round_id])): Send request and verify the response successfully

2019-08-23 18:57:57 - [MESSAGE][INFO] - HAR: /Users/eiralee/Katalon_Script/SuperWild/Reports/20190823_184757/INT/superWild_1/20190823_184757/requests/main/274.har

2019-08-23 18:57:57 - [TEST_CASE][PASSED] - Start Test Case : Verification: Verification accomplished successfully

2019-08-23 18:57:57 - [TEST_STEP][PASSED] - request = getInstance().getCurrentRequest(): null

2019-08-23 18:57:57 - [TEST_STEP][PASSED] - response = getInstance().getCurrentResponse(): null

2019-08-23 18:57:57 - [TEST_STEP][PASSED] - verifyResponseStatusCode(response, 200): Verify response status code successfully

2019-08-23 18:57:57 - [MESSAGE][PASSED] - Verify response status code successfully

2019-08-23 18:57:57 - [TEST_STEP][PASSED] - getStatusCode()).isEqualTo(200): null

2019-08-23 18:57:57 - [TEST_STEP][PASSED] - newline = System.getProperty("line.separator"): null

2019-08-23 18:57:57 - [TEST_STEP][PASSED] - M4_round = new groovy.json.JsonSlurper(): null

2019-08-23 18:57:57 - [TEST_STEP][PASSED] - M4_round_detail = M4_round.parseText(response.getResponseBodyContent()): null

2019-08-23 18:57:57 - [TEST_STEP][PASSED] - M4_round_object = M4_round_detail: null

2019-08-23 18:57:57 - [TEST_STEP][PASSED] - M4_round_object = M4_round_object: null

2019-08-23 18:57:57 - [TEST_STEP][PASSED] - M4_round_transaction_type = transaction_type: null

2019-08-23 18:57:57 - [TEST_STEP][PASSED] - M4_round_transaction_type = M4_round_transaction_type: null

2019-08-23 18:57:57 - [TEST_STEP][PASSED] - M4_round_player_id = player_id: null

2019-08-23 18:57:57 - [TEST_STEP][PASSED] - M4_round_player_id = M4_round_player_id: null

2019-08-23 18:57:57 - [TEST_STEP][PASSED] - M4_round_booster_type = booster_type: null

2019-08-23 18:57:57 - [TEST_STEP][PASSED] - M4_round_booster_type = M4_round_booster_type: null

2019-08-23 18:57:57 - [TEST_STEP][PASSED] - M4_round_currency = currency: null

2019-08-23 18:57:57 - [TEST_STEP][PASSED] - M4_round_currency = M4_round_currency: null

2019-08-23 18:57:57 - [TEST_STEP][PASSED] - M4_round_id = round_id: null

2019-08-23 18:57:57 - [TEST_STEP][PASSED] - M4_round_id = M4_round_id: null

2019-08-23 18:57:57 - [TEST_STEP][PASSED] - M4_round_transaction_id = transaction_id: null

2019-08-23 18:57:57 - [TEST_STEP][PASSED] - M4_round_transaction_id = M4_round_transaction_id: null

2019-08-23 18:57:57 - [TEST_STEP][PASSED] - M4_round_transaction_time = transaction_time: null

2019-08-23 18:57:57 - [TEST_STEP][PASSED] - M4_round_transaction_time = M4_round_transaction_time: null

2019-08-23 18:57:57 - [TEST_STEP][PASSED] - M4_round_total_win = total_win: null

2019-08-23 18:57:57 - [TEST_STEP][PASSED] - M4_round_total_win = M4_round_total_win: null

2019-08-23 18:57:57 - [TEST_STEP][PASSED] - M4_round_balance_long = balance: null

2019-08-23 18:57:57 - [TEST_STEP][PASSED] - M4_round_balance = Long.toString(M4_round_balance_long): null

2019-08-23 18:57:57 - [TEST_STEP][PASSED] - M4_round_balance = M4_round_balance: null

2019-08-23 18:57:57 - [TEST_STEP][PASSED] - M4_round_total_bet = total_bet: null

2019-08-23 18:57:57 - [TEST_STEP][PASSED] - M4_round_total_bet = M4_round_total_bet: null

2019-08-23 18:57:57 - [TEST_STEP][PASSED] - M4_round_bet_value = bet_value: null

2019-08-23 18:57:57 - [TEST_STEP][PASSED] - M4_round_bet_value = M4_round_bet_value: null

2019-08-23 18:57:57 - [TEST_STEP][PASSED] - M4_round_line = line: null

2019-08-23 18:57:57 - [TEST_STEP][PASSED] - M4_round_line = M4_round_line: null

2019-08-23 18:57:57 - [TEST_STEP][PASSED] - M4_round_reels1 = reels[0]: null

2019-08-23 18:57:57 - [TEST_STEP][PASSED] - M4_round_reels1 = M4_round_reels1: null

2019-08-23 18:57:57 - [TEST_STEP][PASSED] - M4_round_reels2 = reels[1]: null

2019-08-23 18:57:57 - [TEST_STEP][PASSED] - M4_round_reels2 = M4_round_reels2: null

2019-08-23 18:57:57 - [TEST_STEP][PASSED] - M4_round_reels3 = reels[2]: null

2019-08-23 18:57:57 - [TEST_STEP][PASSED] - M4_round_reels3 = M4_round_reels3: null

2019-08-23 18:57:57 - [TEST_STEP][PASSED] - M4_round_reels4 = reels[3]: null

2019-08-23 18:57:57 - [TEST_STEP][PASSED] - M4_round_reels4 = M4_round_reels4: null

2019-08-23 18:57:57 - [TEST_STEP][PASSED] - M4_round_reels5 = reels[4]: null

2019-08-23 18:57:57 - [TEST_STEP][PASSED] - M4_round_reels5 = M4_round_reels5: null

2019-08-23 18:57:57 - [TEST_STEP][PASSED] - M4_round_F_reels1 = reels[0]: null

2019-08-23 18:57:57 - [TEST_STEP][PASSED] - M4_round_F_reels1 = M4_round_F_reels1: null

2019-08-23 18:57:57 - [TEST_STEP][PASSED] - M4_round_F_reels2 = reels[1]: null

2019-08-23 18:57:57 - [TEST_STEP][PASSED] - M4_round_F_reels2 = M4_round_F_reels2: null

2019-08-23 18:57:57 - [TEST_STEP][PASSED] - M4_round_F_reels3 = reels[2]: null

2019-08-23 18:57:57 - [TEST_STEP][PASSED] - M4_round_F_reels3 = M4_round_F_reels3: null

2019-08-23 18:57:57 - [TEST_STEP][PASSED] - M4_round_F_reels4 = reels[3]: null

2019-08-23 18:57:57 - [TEST_STEP][PASSED] - M4_round_F_reels4 = M4_round_F_reels4: null

2019-08-23 18:57:57 - [TEST_STEP][PASSED] - M4_round_F_reels5 = reels[4]: null

2019-08-23 18:57:57 - [TEST_STEP][PASSED] - M4_round_F_reels5 = M4_round_F_reels5: null

2019-08-23 18:57:57 - [TEST_STEP][PASSED] - M4_round_reels0_symbols1 = symbols[0]: null

2019-08-23 18:57:57 - [TEST_STEP][PASSED] - M4_round_reels0_symbols1 = M4_round_reels0_symbols1: null

2019-08-23 18:57:57 - [TEST_STEP][PASSED] - M4_round_reels0_symbols2 = symbols[1]: null

2019-08-23 18:57:57 - [TEST_STEP][PASSED] - M4_round_reels0_symbols2 = M4_round_reels0_symbols2: null

2019-08-23 18:57:57 - [TEST_STEP][PASSED] - M4_round_reels0_symbols3 = symbols[2]: null

2019-08-23 18:57:57 - [TEST_STEP][PASSED] - M4_round_reels0_symbols3 = M4_round_reels0_symbols3: null

2019-08-23 18:57:57 - [TEST_STEP][PASSED] - M4_round_reels1_symbols1 = symbols[0]: null

2019-08-23 18:57:57 - [TEST_STEP][PASSED] - M4_round_reels1_symbols1 = M4_round_reels1_symbols1: null

2019-08-23 18:57:57 - [TEST_STEP][PASSED] - M4_round_reels1_symbols2 = symbols[1]: null

2019-08-23 18:57:57 - [TEST_STEP][PASSED] - M4_round_reels1_symbols2 = M4_round_reels1_symbols2: null

2019-08-23 18:57:57 - [TEST_STEP][PASSED] - M4_round_reels1_symbols3 = symbols[2]: null

2019-08-23 18:57:57 - [TEST_STEP][PASSED] - M4_round_reels1_symbols3 = M4_round_reels1_symbols3: null

2019-08-23 18:57:57 - [TEST_STEP][PASSED] - M4_round_reels1_symbols4 = symbols[3]: null

2019-08-23 18:57:57 - [TEST_STEP][PASSED] - M4_round_reels_symbols_all = symbol: null

2019-08-23 18:57:57 - [TEST_STEP][PASSED] - M4_round_reels_symbols_all = M4_round_reels_symbols_all: null

2019-08-23 18:57:57 - [TEST_STEP][PASSED] - M4_round_features_triggered = features_triggered: null

2019-08-23 18:57:57 - [TEST_STEP][PASSED] - M4_round_features_triggered = M4_round_features_triggered: null

2019-08-23 18:57:57 - [TEST_STEP][PASSED] - M4_round_features_complete = complete: null

2019-08-23 18:57:57 - [TEST_STEP][PASSED] - M4_round_features_complete = M4_round_features_complete: null

2019-08-23 18:57:57 - [TEST_STEP][PASSED] - M4_round_free_spins_left = free_spins_left: null

2019-08-23 18:57:57 - [TEST_STEP][PASSED] - M4_round_free_spins_left = M4_round_free_spins_left: null

2019-08-23 18:57:57 - [TEST_STEP][PASSED] - M4_round_total_free_spin_count = total_free_spin_count: null

2019-08-23 18:57:57 - [TEST_STEP][PASSED] - M4_round_total_free_spin_count = M4_round_total_free_spin_count: null

2019-08-23 18:57:57 - [TEST_STEP][PASSED] - M4_round_total_free_spin_win_amount = total_free_spin_win_amount: null

2019-08-23 18:57:57 - [TEST_STEP][PASSED] - M4_round_total_free_spin_win_amount = M4_round_total_free_spin_win_amount: null

2019-08-23 18:57:57 - [TEST_STEP][PASSED] - M4_round_subfeatures = subfeatures: null

2019-08-23 18:57:57 - [TEST_STEP][PASSED] - M4_round_subfeatures = M4_round_subfeatures: null

2019-08-23 18:57:57 - [TEST_STEP][PASSED] - M4_round_wild_multiplier = wild_multiplier: null

2019-08-23 18:57:57 - [TEST_STEP][PASSED] - M4_round_wild_multiplier = M4_round_wild_multiplier: null

2019-08-23 18:57:57 - [TEST_STEP][PASSED] - M4_round_wild_config = wild_config: null

2019-08-23 18:57:57 - [TEST_STEP][PASSED] - M4_round_wild_config = M4_round_wild_config: null

2019-08-23 18:57:57 - [TEST_STEP][PASSED] - M4_round_wild_config_index = index: null

2019-08-23 18:57:57 - [TEST_STEP][PASSED] - M4_round_free_spin_left = free_spins_lef: null

2019-08-23 18:57:57 - [TEST_STEP][PASSED] - M4_round_free_spin_left = M4_round_free_spin_left: null

2019-08-23 18:57:57 - [TEST_STEP][PASSED] - M4_round_original_reels = original_reels: null

2019-08-23 18:57:57 - [TEST_STEP][PASSED] - M4_round_original_reels = M4_round_original_reels: null

2019-08-23 18:57:57 - [TEST_STEP][PASSED] - M4_round_swapped_reels = swapped_reels: null

2019-08-23 18:57:57 - [TEST_STEP][PASSED] - M4_round_swapped_reels = M4_round_swapped_reels: null

2019-08-23 18:57:57 - [TEST_STEP][PASSED] - M4_round_free_spins_added = free_spins_added: null

2019-08-23 18:57:57 - [TEST_STEP][PASSED] - M4_round_spin_result_list = spin_results[0]: null

2019-08-23 18:57:57 - [TEST_STEP][PASSED] - M4_round_spin_result_list = M4_round_spin_result_list: null

2019-08-23 18:57:57 - [TEST_STEP][PASSED] - M4_round_feature_state = feature_state: null

2019-08-23 18:57:57 - [TEST_STEP][PASSED] - M4_round_feature_state = M4_round_feature_state: null

2019-08-23 18:57:57 - [TEST_STEP][PASSED] - M4_round_feature_state_all = feature_state: null

2019-08-23 18:57:57 - [TEST_STEP][PASSED] - M4_round_feature_state_all = M4_round_feature_state_all: null

2019-08-23 18:57:57 - [TEST_STEP][PASSED] - M4_round_features_type = type: null

2019-08-23 18:57:57 - [TEST_STEP][PASSED] - M4_round_features_type = M4_round_features_type: null

2019-08-23 18:57:57 - [TEST_STEP][PASSED] - M4_round_scatter_win = scatter_win: null

2019-08-23 18:57:57 - [TEST_STEP][PASSED] - M4_round_scatter_win = M4_round_scatter_win: null

2019-08-23 18:57:57 - [TEST_STEP][PASSED] - M4_round_spin_result1 = spin_results[1]: null

2019-08-23 18:57:57 - [TEST_STEP][PASSED] - M4_round_spin_result1 = M4_round_spin_result1: null

2019-08-23 18:57:57 - [MESSAGE][PASSED] - Verify response successfully

2019-08-23 18:57:57 - [MESSAGE][PASSED] - Send request and verify the response successfully

2019-08-23 18:57:57 - [TEST_STEP][PASSED] - M4_round_object_key = M4_round_object.keySet(): null

2019-08-23 18:57:57 - [TEST_STEP][PASSED] - M4_round_spin_result_key = M4_round_spin_result_list.keySet(): null

2019-08-23 18:57:57 - [TEST_STEP][PASSED] - M4_round_reel_key = M4_round_reels1.keySet(): null

2019-08-23 18:57:57 - [TEST_STEP][PASSED] - M4_round_feature_state_key = M4_round_feature_state.keySet(): null

2019-08-23 18:57:57 - [TEST_STEP][PASSED] - M4_round_reels_symbols_key_1 = M4_round_reels0_symbols1.keySet(): null

2019-08-23 18:57:57 - [TEST_STEP][PASSED] - M4_round_reels_symbols_key_2 = M4_round_reels0_symbols2.keySet(): null

2019-08-23 18:57:57 - [TEST_STEP][PASSED] - M4_round_reels_symbols_key_3 = M4_round_reels0_symbols3.keySet(): null

2019-08-23 18:57:57 - [TEST_STEP][PASSED] - M4_round_object_key_list = new java.util.ArrayList(M4_round_object_key): null

2019-08-23 18:57:57 - [TEST_STEP][PASSED] - M4_round_spin_result_key_list = new java.util.ArrayList(M4_round_spin_result_key): null

2019-08-23 18:57:57 - [TEST_STEP][PASSED] - M4_round_reel_key_list = new java.util.ArrayList(M4_round_reel_key): null

2019-08-23 18:57:57 - [TEST_STEP][PASSED] - M4_round_feature_state_key_list = new java.util.ArrayList(M4_round_feature_state_key): null

2019-08-23 18:57:57 - [TEST_STEP][PASSED] - M4_round_reels_symbols_key1 = new java.util.ArrayList(M4_round_reels_symbols_key_1): null

2019-08-23 18:57:57 - [TEST_STEP][PASSED] - M4_round_reels_symbols_key2 = new java.util.ArrayList(M4_round_reels_symbols_key_2): null

2019-08-23 18:57:57 - [TEST_STEP][PASSED] - M4_round_reels_symbols_key3 = new java.util.ArrayList(M4_round_reels_symbols_key_3): null

2019-08-23 18:57:59 - [TEST_STEP][PASSED] - M4_round_spin_result_list = M4_round_spin_result_list: null

2019-08-23 18:57:59 - [TEST_STEP][PASSED] - features_trigger = features_triggered: null

2019-08-23 18:57:59 - [TEST_STEP][PASSED] - feature_state_key = "": null

2019-08-23 18:57:59 - [TEST_STEP][PASSED] - features_triggered = "": null

2019-08-23 18:57:59 - [TEST_STEP][PASSED] - for ([i = 0, i &lt; features_trigger.size(), (i++)]): null

2019-08-23 18:57:59 - [TEST_STEP][PASSED] - feature_type = type: null

2019-08-23 18:57:59 - [TEST_STEP][PASSED] - if (feature_type == "FREE_SPIN"): null

2019-08-23 18:57:59 - [TEST_STEP][PASSED] - feature_type = type: null

2019-08-23 18:57:59 - [TEST_STEP][PASSED] - if (feature_type == "FREE_SPIN"): null

2019-08-23 18:57:59 - [TEST_STEP][PASSED] - feature_type = type: null

2019-08-23 18:57:59 - [TEST_STEP][PASSED] - if (feature_type == "FREE_SPIN"): null

2019-08-23 18:57:59 - [TEST_STEP][PASSED] - println("feature_type is:" + feature_type): null

2019-08-23 18:57:59 - [TEST_STEP][PASSED] - feature_state = feature_state: null

2019-08-23 18:57:59 - [TEST_STEP][PASSED] - feature_state_key = feature_state.keySet(): null

2019-08-23 18:57:59 - [TEST_STEP][PASSED] - features_triggered = features_trigger[i].keySet(): null

2019-08-23 18:57:59 - [TEST_STEP][PASSED] - features_triggered_list = new java.util.ArrayList(features_triggered): null

2019-08-23 18:57:59 - [TEST_STEP][PASSED] - feature_state_list = new java.util.ArrayList(feature_state_key): null

2019-08-23 18:57:59 - [TEST_STEP][PASSED] - println("M4_round_object_key_list is:" + M4_round_object_key_list): null

2019-08-23 18:57:59 - [TEST_STEP][PASSED] - println("M4_round_spin_result_key_list is: " + M4_round_spin_result_key_list): null

2019-08-23 18:57:59 - [TEST_STEP][PASSED] - println("features_triggered_list is: " + features_triggered_list): null

2019-08-23 18:57:59 - [TEST_STEP][PASSED] - println("M4_round_reel_key_list is: " + M4_round_reel_key_list): null

2019-08-23 18:57:59 - [TEST_STEP][PASSED] - println("M4_round_feature_state_key_list is: " + M4_round_feature_state_key_list): null

2019-08-23 18:57:59 - [TEST_STEP][PASSED] - println("M4_round_reels_symbols_key_1 is: " + M4_round_reels_symbols_key_1): null

2019-08-23 18:57:59 - [TEST_STEP][PASSED] - println("M4_round_reels_symbols_key_2 is: " + M4_round_reels_symbols_key_2): null

2019-08-23 18:57:59 - [TEST_STEP][PASSED] - println("M4_round_reels_symbols_key_3 is: " + M4_round_reels_symbols_key_3): null

2019-08-23 18:57:59 - [TEST_STEP][PASSED] - println("NG_top_level is: " + NG_top_level): null

2019-08-23 18:57:59 - [TEST_STEP][PASSED] - println("NG_spin_result is:" + NG_spin_result): null

2019-08-23 18:57:59 - [TEST_STEP][PASSED] - println("NG_feature_trigger is:" + NG_feature_trigger): null

2019-08-23 18:57:59 - [TEST_STEP][PASSED] - println("NG_reel is: " + NG_reel): null

2019-08-23 18:57:59 - [TEST_STEP][PASSED] - println("NG_feature_state is: " + NG_feature_state): null

2019-08-23 18:57:59 - [TEST_STEP][PASSED] - println("NG_reel_symbol1 is: " + NG_reel_symbol1): null

2019-08-23 18:57:59 - [TEST_STEP][PASSED] - println("NG_reel_symbol2 is: " + NG_reel_symbol2): null

2019-08-23 18:57:59 - [TEST_STEP][PASSED] - println("NG_reel_symbol3 is: " + NG_reel_symbol3): null

2019-08-23 18:57:59 - [TEST_STEP][PASSED] - println("feature_state_list is: " + feature_state_list): null

2019-08-23 18:57:59 - [TEST_STEP][PASSED] - assert NG_top_level.equals(M4_round_object_key_list): null

2019-08-23 18:57:59 - [TEST_STEP][PASSED] - assert NG_spin_result.equals(M4_round_spin_result_key_list): null

2019-08-23 18:57:59 - [TEST_STEP][PASSED] - assert NG_feature_trigger.equals(features_triggered_list): null

2019-08-23 18:57:59 - [TEST_STEP][PASSED] - assert NG_reel.equals(M4_round_reel_key_list): null

2019-08-23 18:57:59 - [TEST_STEP][PASSED] - assert NG_feature_state.equals(feature_state_list): null

2019-08-23 18:57:59 - [TEST_STEP][PASSED] - assert NG_reel_symbol1.equals(M4_round_reels_symbols_key1): null

2019-08-23 18:57:59 - [TEST_STEP][PASSED] - assert NG_reel_symbol2.equals(M4_round_reels_symbols_key2): null

2019-08-23 18:57:59 - [TEST_STEP][PASSED] - assert NG_reel_symbol3.equals(M4_round_reels_symbols_key3): null

2019-08-23 18:57:59 - [TEST_STEP][FAILED] - callTestCase(findTestCase("INT_env/compare_values/1_freeSpin_verify_value"), ["Partner":Partner, "Userid":Userid, "Game_code":Game_code, "url_krug_gw":url_krug_gw, "secret_key":secret_key, "M4_recorder":M4_recorder]): Unable to call Test Case 'Test Cases/INT_env/compare_values/1_freeSpin_verify_value' (Root cause: com.kms.katalon.core.exception.StepErrorException: Call Test Case 'Test Cases/INT_env/compare_values/1_freeSpin_verify_value' failed because of error(s)
	at com.kms.katalon.core.keyword.builtin.CallTestCaseKeyword$_callTestCase_closure1.doCall(CallTestCaseKeyword.groovy:66)
	at com.kms.katalon.core.keyword.builtin.CallTestCaseKeyword$_callTestCase_closure1.call(CallTestCaseKeyword.groovy)
	at com.kms.katalon.core.keyword.internal.KeywordMain.runKeyword(KeywordMain.groovy:68)
	at com.kms.katalon.core.keyword.builtin.CallTestCaseKeyword.callTestCase(CallTestCaseKeyword.groovy:81)
	at com.kms.katalon.core.keyword.builtin.CallTestCaseKeyword.execute(CallTestCaseKeyword.groovy:44)
	at com.kms.katalon.core.keyword.internal.KeywordExecutor.executeKeywordForPlatform(KeywordExecutor.groovy:56)
	at com.kms.katalon.core.keyword.BuiltinKeywords.callTestCase(BuiltinKeywords.groovy:350)
	at 1_Free_Spin_CALL.run(1_Free_Spin_CALL:210)
	at com.kms.katalon.core.main.ScriptEngine.run(ScriptEngine.java:194)
	at com.kms.katalon.core.main.ScriptEngine.runScriptAsRawText(ScriptEngine.java:119)
	at com.kms.katalon.core.main.TestCaseExecutor.runScript(TestCaseExecutor.java:337)
	at com.kms.katalon.core.main.TestCaseExecutor.doExecute(TestCaseExecutor.java:328)
	at com.kms.katalon.core.main.TestCaseExecutor.processExecutionPhase(TestCaseExecutor.java:307)
	at com.kms.katalon.core.main.TestCaseExecutor.accessMainPhase(TestCaseExecutor.java:299)
	at com.kms.katalon.core.main.TestCaseExecutor.execute(TestCaseExecutor.java:233)
	at com.kms.katalon.core.main.TestSuiteExecutor.accessTestCaseMainPhase(TestSuiteExecutor.java:150)
	at com.kms.katalon.core.main.TestSuiteExecutor.accessTestSuiteMainPhase(TestSuiteExecutor.java:123)
	at com.kms.katalon.core.main.TestSuiteExecutor.execute(TestSuiteExecutor.java:87)
	at com.kms.katalon.core.main.TestCaseMain.startTestSuite(TestCaseMain.java:157)
	at com.kms.katalon.core.main.TestCaseMain$startTestSuite$0.call(Unknown Source)
	at TempTestSuite1566557287207.run(TempTestSuite1566557287207.groovy:35)
Caused by: groovy.lang.MissingMethodException: No signature of method: java.lang.Integer.plus() is applicable for argument types: (java.util.ArrayList) values: [[[kind:3, line:1, prize:96000, symbol:PIC2, wild_multiplier:0]]]
Possible solutions: plus(java.lang.Character), plus(java.lang.String), plus(java.lang.Number), abs(), split(groovy.lang.Closure), minus(java.lang.Character)
	at 1_freeSpin_verify_value.run(1_freeSpin_verify_value:341)
	at com.kms.katalon.core.main.ScriptEngine.run(ScriptEngine.java:194)
	at com.kms.katalon.core.main.ScriptEngine.runScriptAsRawText(ScriptEngine.java:119)
	at com.kms.katalon.core.main.TestCaseExecutor.runScript(TestCaseExecutor.java:337)
	at com.kms.katalon.core.main.TestCaseExecutor.doExecute(TestCaseExecutor.java:328)
	at com.kms.katalon.core.main.TestCaseExecutor.processExecutionPhase(TestCaseExecutor.java:307)
	at com.kms.katalon.core.main.TestCaseExecutor.accessMainPhase(TestCaseExecutor.java:299)
	at com.kms.katalon.core.main.TestCaseExecutor.execute(TestCaseExecutor.java:233)
	at com.kms.katalon.core.main.TestCaseMain.runTestCase(TestCaseMain.java:114)
	at com.kms.katalon.core.keyword.builtin.CallTestCaseKeyword$_callTestCase_closure1.doCall(CallTestCaseKeyword.groovy:59)
	... 20 more
)

2019-08-23 18:57:59 - [TEST_CASE][ERROR] - Test Cases/INT_env/compare_values/1_freeSpin_verify_value: Test Cases/INT_env/compare_values/1_freeSpin_verify_value FAILED.
Reason:
groovy.lang.MissingMethodException: No signature of method: java.lang.Integer.plus() is applicable for argument types: (java.util.ArrayList) values: [[[kind:3, line:1, prize:96000, symbol:PIC2, wild_multiplier:0]]]
Possible solutions: plus(java.lang.Character), plus(java.lang.String), plus(java.lang.Number), abs(), split(groovy.lang.Closure), minus(java.lang.Character)
	at 1_freeSpin_verify_value.run(1_freeSpin_verify_value:341)
	at com.kms.katalon.core.main.ScriptEngine.run(ScriptEngine.java:194)
	at com.kms.katalon.core.main.ScriptEngine.runScriptAsRawText(ScriptEngine.java:119)
	at com.kms.katalon.core.main.TestCaseExecutor.runScript(TestCaseExecutor.java:337)
	at com.kms.katalon.core.main.TestCaseExecutor.doExecute(TestCaseExecutor.java:328)
	at com.kms.katalon.core.main.TestCaseExecutor.processExecutionPhase(TestCaseExecutor.java:307)
	at com.kms.katalon.core.main.TestCaseExecutor.accessMainPhase(TestCaseExecutor.java:299)
	at com.kms.katalon.core.main.TestCaseExecutor.execute(TestCaseExecutor.java:233)
	at com.kms.katalon.core.main.TestCaseMain.runTestCase(TestCaseMain.java:114)
	at com.kms.katalon.core.keyword.builtin.CallTestCaseKeyword$_callTestCase_closure1.doCall(CallTestCaseKeyword.groovy:59)
	at com.kms.katalon.core.keyword.builtin.CallTestCaseKeyword$_callTestCase_closure1.call(CallTestCaseKeyword.groovy)
	at com.kms.katalon.core.keyword.internal.KeywordMain.runKeyword(KeywordMain.groovy:68)
	at com.kms.katalon.core.keyword.builtin.CallTestCaseKeyword.callTestCase(CallTestCaseKeyword.groovy:81)
	at com.kms.katalon.core.keyword.builtin.CallTestCaseKeyword.execute(CallTestCaseKeyword.groovy:44)
	at com.kms.katalon.core.keyword.internal.KeywordExecutor.executeKeywordForPlatform(KeywordExecutor.groovy:56)
	at com.kms.katalon.core.keyword.BuiltinKeywords.callTestCase(BuiltinKeywords.groovy:350)
	at 1_Free_Spin_CALL.run(1_Free_Spin_CALL:210)
	at com.kms.katalon.core.main.ScriptEngine.run(ScriptEngine.java:194)
	at com.kms.katalon.core.main.ScriptEngine.runScriptAsRawText(ScriptEngine.java:119)
	at com.kms.katalon.core.main.TestCaseExecutor.runScript(TestCaseExecutor.java:337)
	at com.kms.katalon.core.main.TestCaseExecutor.doExecute(TestCaseExecutor.java:328)
	at com.kms.katalon.core.main.TestCaseExecutor.processExecutionPhase(TestCaseExecutor.java:307)
	at com.kms.katalon.core.main.TestCaseExecutor.accessMainPhase(TestCaseExecutor.java:299)
	at com.kms.katalon.core.main.TestCaseExecutor.execute(TestCaseExecutor.java:233)
	at com.kms.katalon.core.main.TestSuiteExecutor.accessTestCaseMainPhase(TestSuiteExecutor.java:150)
	at com.kms.katalon.core.main.TestSuiteExecutor.accessTestSuiteMainPhase(TestSuiteExecutor.java:123)
	at com.kms.katalon.core.main.TestSuiteExecutor.execute(TestSuiteExecutor.java:87)
	at com.kms.katalon.core.main.TestCaseMain.startTestSuite(TestCaseMain.java:157)
	at com.kms.katalon.core.main.TestCaseMain$startTestSuite$0.call(Unknown Source)
	at TempTestSuite1566557287207.run(TempTestSuite1566557287207.groovy:35)


2019-08-23 18:58:00 - [TEST_STEP][PASSED] - excelTestFile02 = "/Users/eiralee/Katalon_Script/SuperWild/Reports/TestFile02.xls": null

2019-08-23 18:58:00 - [TEST_STEP][PASSED] - createExcelFile(excelTestFile02): Deleted the existing file

2019-08-23 18:58:00 - [MESSAGE][INFO] - Deleted the existing file

2019-08-23 18:58:00 - [TEST_STEP][PASSED] - testfile = new java.io.File(excelTestFile02): null

2019-08-23 18:58:00 - [TEST_STEP][PASSED] - assert testfile.exists() == true: null

2019-08-23 18:58:00 - [TEST_STEP][PASSED] - workbook01 = getWorkbook(excelTestFile02): null

2019-08-23 18:58:00 - [TEST_STEP][PASSED] - createExcelSheets(workbook01, ["NuRGS", "M4_historyOrOthersAPI"]): null

2019-08-23 18:58:00 - [TEST_STEP][PASSED] - saveWorkbook(excelTestFile02, workbook01): null

2019-08-23 18:58:00 - [TEST_STEP][PASSED] - SheetCreated01 = ["Sheet0", "NuRGS", "M4_historyOrOthersAPI"]: null

2019-08-23 18:58:00 - [TEST_STEP][PASSED] - workbook01 = getWorkbook(excelTestFile02): null

2019-08-23 18:58:00 - [TEST_STEP][PASSED] - assert SheetCreated01 == getSheetNames(workbook01): null

2019-08-23 18:58:00 - [TEST_STEP][PASSED] - NuRGS = getExcelSheet(workbook01, "NuRGS"): null

2019-08-23 18:58:00 - [TEST_STEP][PASSED] - content = new java.util.HashMap(): null

2019-08-23 18:58:00 - [TEST_STEP][PASSED] - content.putAt("A2", "currency"): null

2019-08-23 18:58:00 - [TEST_STEP][PASSED] - content.putAt("A3", "round_id"): null

2019-08-23 18:58:00 - [TEST_STEP][PASSED] - content.putAt("A4", "balance"): null

2019-08-23 18:58:00 - [TEST_STEP][PASSED] - content.putAt("A5", "bet_value"): null

2019-08-23 18:58:00 - [TEST_STEP][PASSED] - content.putAt("A6", "total_bet"): null

2019-08-23 18:58:00 - [TEST_STEP][PASSED] - content.putAt("A7", "total_win"): null

2019-08-23 18:58:00 - [TEST_STEP][PASSED] - content.putAt("A8", "transaction_id"): null

2019-08-23 18:58:00 - [TEST_STEP][PASSED] - content.putAt("A9", "transaction_type"): null

2019-08-23 18:58:00 - [TEST_STEP][PASSED] - content.putAt("A10", "reels0_01_symbols"): null

2019-08-23 18:58:00 - [TEST_STEP][PASSED] - content.putAt("A11", "reels0_02_symbols"): null

2019-08-23 18:58:00 - [TEST_STEP][PASSED] - content.putAt("A12", "reels0_03_symbols"): null

2019-08-23 18:58:00 - [TEST_STEP][PASSED] - content.putAt("A13", "reels1_01_symbols"): null

2019-08-23 18:58:00 - [TEST_STEP][PASSED] - content.putAt("A14", "reels1_02_symbols"): null

2019-08-23 18:58:00 - [TEST_STEP][PASSED] - content.putAt("A15", "reels1_03_symbols"): null

2019-08-23 18:58:00 - [TEST_STEP][PASSED] - content.putAt("A16", "reels2_01_symbols"): null

2019-08-23 18:58:00 - [TEST_STEP][PASSED] - content.putAt("A17", "reels2_02_symbols"): null

2019-08-23 18:58:00 - [TEST_STEP][PASSED] - content.putAt("A18", "reels2_03_symbols"): null

2019-08-23 18:58:00 - [TEST_STEP][PASSED] - content.putAt("A19", "reels3_01_symbols"): null

2019-08-23 18:58:00 - [TEST_STEP][PASSED] - content.putAt("A20", "reels3_02_symbols"): null

2019-08-23 18:58:00 - [TEST_STEP][PASSED] - content.putAt("A21", "reels3_03_symbols"): null

2019-08-23 18:58:00 - [TEST_STEP][PASSED] - content.putAt("A22", "reels4_01_symbols"): null

2019-08-23 18:58:00 - [TEST_STEP][PASSED] - content.putAt("A23", "reels4_02_symbols"): null

2019-08-23 18:58:00 - [TEST_STEP][PASSED] - content.putAt("A24", "reels4_03_symbols"): null

2019-08-23 18:58:00 - [TEST_STEP][PASSED] - content.putAt("A25", "F_reels0_01_symbols"): null

2019-08-23 18:58:00 - [TEST_STEP][PASSED] - content.putAt("A26", "F_reels0_02_symbols"): null

2019-08-23 18:58:00 - [TEST_STEP][PASSED] - content.putAt("A27", "F_reels0_03_symbols"): null

2019-08-23 18:58:00 - [TEST_STEP][PASSED] - content.putAt("A28", "F_reels1_01_symbols"): null

2019-08-23 18:58:00 - [TEST_STEP][PASSED] - content.putAt("A29", "F_reels1_02_symbols"): null

2019-08-23 18:58:00 - [TEST_STEP][PASSED] - content.putAt("A30", "F_reels1_03_symbols"): null

2019-08-23 18:58:00 - [TEST_STEP][PASSED] - content.putAt("A31", "F_reels2_01_symbols"): null

2019-08-23 18:58:00 - [TEST_STEP][PASSED] - content.putAt("A32", "F_reels2_02_symbols"): null

2019-08-23 18:58:00 - [TEST_STEP][PASSED] - content.putAt("A33", "F_reels2_03_symbols"): null

2019-08-23 18:58:00 - [TEST_STEP][PASSED] - content.putAt("A34", "F_reels3_01_symbols"): null

2019-08-23 18:58:00 - [TEST_STEP][PASSED] - content.putAt("A35", "F_reels3_02_symbols"): null

2019-08-23 18:58:00 - [TEST_STEP][PASSED] - content.putAt("A36", "F_reels3_03_symbols"): null

2019-08-23 18:58:00 - [TEST_STEP][PASSED] - content.putAt("A37", "F_reels4_01_symbols"): null

2019-08-23 18:58:00 - [TEST_STEP][PASSED] - content.putAt("A38", "F_reels4_02_symbols"): null

2019-08-23 18:58:00 - [TEST_STEP][PASSED] - content.putAt("A39", "F_reels4_03_symbols"): null

2019-08-23 18:58:00 - [TEST_STEP][PASSED] - content.putAt("A40", "free_spins_left"): null

2019-08-23 18:58:00 - [TEST_STEP][PASSED] - content.putAt("A41", "total_free_spin_count"): null

2019-08-23 18:58:00 - [TEST_STEP][PASSED] - content.putAt("A42", "total_free_spin_win_amount"): null

2019-08-23 18:58:00 - [TEST_STEP][PASSED] - setValueToCellByAddresses(NuRGS, content): null

2019-08-23 18:58:00 - [TEST_STEP][PASSED] - saveWorkbook(excelTestFile02, workbook01): null

2019-08-23 18:58:00 - [TEST_STEP][PASSED] - M4_historyOrOthersAPI = getExcelSheet(workbook01, "M4_historyOrOthersAPI"): null

2019-08-23 18:58:00 - [TEST_STEP][PASSED] - content1 = new java.util.HashMap(): null

2019-08-23 18:58:00 - [TEST_STEP][PASSED] - content1.putAt("A2", "currency"): null

2019-08-23 18:58:00 - [TEST_STEP][PASSED] - content1.putAt("A3", "round_id"): null

2019-08-23 18:58:00 - [TEST_STEP][PASSED] - content1.putAt("A4", "balance"): null

2019-08-23 18:58:00 - [TEST_STEP][PASSED] - content1.putAt("A5", "bet_value"): null

2019-08-23 18:58:00 - [TEST_STEP][PASSED] - content1.putAt("A6", "total_bet"): null

2019-08-23 18:58:00 - [TEST_STEP][PASSED] - content1.putAt("A7", "total_win"): null

2019-08-23 18:58:00 - [TEST_STEP][PASSED] - content1.putAt("A8", "transaction_id"): null

2019-08-23 18:58:00 - [TEST_STEP][PASSED] - content1.putAt("A9", "transaction_type"): null

2019-08-23 18:58:00 - [TEST_STEP][PASSED] - content1.putAt("A10", "reels0_01_symbols"): null

2019-08-23 18:58:00 - [TEST_STEP][PASSED] - content1.putAt("A11", "reels0_02_symbols"): null

2019-08-23 18:58:00 - [TEST_STEP][PASSED] - content1.putAt("A12", "reels0_03_symbols"): null

2019-08-23 18:58:00 - [TEST_STEP][PASSED] - content1.putAt("A13", "reels1_01_symbols"): null

2019-08-23 18:58:00 - [TEST_STEP][PASSED] - content1.putAt("A14", "reels1_02_symbols"): null

2019-08-23 18:58:00 - [TEST_STEP][PASSED] - content1.putAt("A15", "reels1_03_symbols"): null

2019-08-23 18:58:00 - [TEST_STEP][PASSED] - content1.putAt("A16", "reels2_01_symbols"): null

2019-08-23 18:58:00 - [TEST_STEP][PASSED] - content1.putAt("A17", "reels2_02_symbols"): null

2019-08-23 18:58:00 - [TEST_STEP][PASSED] - content1.putAt("A18", "reels2_03_symbols"): null

2019-08-23 18:58:00 - [TEST_STEP][PASSED] - content1.putAt("A19", "reels3_01_symbols"): null

2019-08-23 18:58:00 - [TEST_STEP][PASSED] - content1.putAt("A20", "reels3_02_symbols"): null

2019-08-23 18:58:00 - [TEST_STEP][PASSED] - content1.putAt("A21", "reels3_03_symbols"): null

2019-08-23 18:58:00 - [TEST_STEP][PASSED] - content1.putAt("A22", "reels4_01_symbols"): null

2019-08-23 18:58:00 - [TEST_STEP][PASSED] - content1.putAt("A23", "reels4_02_symbols"): null

2019-08-23 18:58:00 - [TEST_STEP][PASSED] - content1.putAt("A24", "reels4_03_symbols"): null

2019-08-23 18:58:00 - [TEST_STEP][PASSED] - content1.putAt("A25", "F_reels0_01_symbols"): null

2019-08-23 18:58:00 - [TEST_STEP][PASSED] - content1.putAt("A26", "F_reels0_02_symbols"): null

2019-08-23 18:58:00 - [TEST_STEP][PASSED] - content1.putAt("A27", "F_reels0_03_symbols"): null

2019-08-23 18:58:00 - [TEST_STEP][PASSED] - content1.putAt("A28", "F_reels1_01_symbols"): null

2019-08-23 18:58:00 - [TEST_STEP][PASSED] - content1.putAt("A29", "F_reels1_02_symbols"): null

2019-08-23 18:58:00 - [TEST_STEP][PASSED] - content1.putAt("A30", "F_reels1_03_symbols"): null

2019-08-23 18:58:00 - [TEST_STEP][PASSED] - content1.putAt("A31", "F_reels2_01_symbols"): null

2019-08-23 18:58:00 - [TEST_STEP][PASSED] - content1.putAt("A32", "F_reels2_02_symbols"): null

2019-08-23 18:58:00 - [TEST_STEP][PASSED] - content1.putAt("A33", "F_reels2_03_symbols"): null

2019-08-23 18:58:00 - [TEST_STEP][PASSED] - content1.putAt("A34", "F_reels3_01_symbols"): null

2019-08-23 18:58:00 - [TEST_STEP][PASSED] - content1.putAt("A35", "F_reels3_02_symbols"): null

2019-08-23 18:58:00 - [TEST_STEP][PASSED] - content1.putAt("A36", "F_reels3_03_symbols"): null

2019-08-23 18:58:00 - [TEST_STEP][PASSED] - content1.putAt("A37", "F_reels4_01_symbols"): null

2019-08-23 18:58:00 - [TEST_STEP][PASSED] - content1.putAt("A38", "F_reels4_02_symbols"): null

2019-08-23 18:58:00 - [TEST_STEP][PASSED] - content1.putAt("A39", "F_reels4_03_symbols"): null

2019-08-23 18:58:00 - [TEST_STEP][PASSED] - content1.putAt("A40", "free_spins_left"): null

2019-08-23 18:58:00 - [TEST_STEP][PASSED] - content1.putAt("A41", "total_free_spin_count"): null

2019-08-23 18:58:00 - [TEST_STEP][PASSED] - content1.putAt("A42", "total_free_spin_win_amount"): null

2019-08-23 18:58:00 - [TEST_STEP][PASSED] - setValueToCellByAddresses(M4_historyOrOthersAPI, content1): null

2019-08-23 18:58:00 - [TEST_STEP][PASSED] - saveWorkbook(excelTestFile02, workbook01): null

2019-08-23 18:58:00 - [TEST_STEP][PASSED] - sendRequestAndVerify(findTestObject("INT/Wallet/Get_Session_Token", ["url_krug_gw":url_krug_gw, "partner":Partner, "secret_key":secret_key, "userid":Userid])): Send request and verify the response successfully

2019-08-23 18:58:00 - [MESSAGE][INFO] - HAR: /Users/eiralee/Katalon_Script/SuperWild/Reports/20190823_184757/INT/superWild_1/20190823_184757/requests/main/275.har

2019-08-23 18:58:00 - [TEST_CASE][PASSED] - Start Test Case : Verification: Verification accomplished successfully

2019-08-23 18:58:00 - [TEST_STEP][PASSED] - request = getInstance().getCurrentRequest(): null

2019-08-23 18:58:00 - [TEST_STEP][PASSED] - response = getInstance().getCurrentResponse(): null

2019-08-23 18:58:00 - [TEST_STEP][PASSED] - verifyResponseStatusCode(response, 200): Verify response status code successfully

2019-08-23 18:58:00 - [MESSAGE][PASSED] - Verify response status code successfully

2019-08-23 18:58:00 - [TEST_STEP][PASSED] - getStatusCode()).isEqualTo(200): null

2019-08-23 18:58:00 - [TEST_STEP][PASSED] - getResponseText()).contains("session_token"): null

2019-08-23 18:58:00 - [TEST_STEP][PASSED] - getsession = new groovy.json.JsonSlurper(): null

2019-08-23 18:58:00 - [TEST_STEP][PASSED] - result_getsession = getsession.parseText(response.getResponseBodyContent()): null

2019-08-23 18:58:00 - [TEST_STEP][PASSED] - session_token = session_token: null

2019-08-23 18:58:00 - [TEST_STEP][PASSED] - println("...value extracted is :" + session_token): null

2019-08-23 18:58:00 - [TEST_STEP][PASSED] - session_token = session_token: null

2019-08-23 18:58:00 - [TEST_STEP][PASSED] - println("GlobalVariable is :" + session_token): null

2019-08-23 18:58:00 - [TEST_STEP][PASSED] - internal_balance = internal_balance: null

2019-08-23 18:58:00 - [TEST_STEP][PASSED] - internal_balance = internal_balance: null

2019-08-23 18:58:00 - [MESSAGE][PASSED] - Verify response successfully

2019-08-23 18:58:00 - [MESSAGE][PASSED] - Send request and verify the response successfully

2019-08-23 18:58:00 - [TEST_STEP][PASSED] - M4_login = sendRequestAndVerify(findTestObject("INT/RGS(M4)/M4_Login", ["partner":Partner, "game_code":Game_code, "session_token":session_token])): Send request and verify the response successfully

2019-08-23 18:58:01 - [MESSAGE][INFO] - HAR: /Users/eiralee/Katalon_Script/SuperWild/Reports/20190823_184757/INT/superWild_1/20190823_184757/requests/main/276.har

2019-08-23 18:58:01 - [TEST_CASE][PASSED] - Start Test Case : Verification: Verification accomplished successfully

2019-08-23 18:58:01 - [TEST_STEP][PASSED] - request = getInstance().getCurrentRequest(): null

2019-08-23 18:58:01 - [TEST_STEP][PASSED] - response = getInstance().getCurrentResponse(): null

2019-08-23 18:58:01 - [TEST_STEP][PASSED] - verifyResponseStatusCode(response, 200): Verify response status code successfully

2019-08-23 18:58:01 - [MESSAGE][PASSED] - Verify response status code successfully

2019-08-23 18:58:01 - [TEST_STEP][PASSED] - getStatusCode()).isEqualTo(200): null

2019-08-23 18:58:01 - [TEST_STEP][PASSED] - newline = System.getProperty("line.separator"): null

2019-08-23 18:58:01 - [TEST_STEP][PASSED] - M4_login = new groovy.json.JsonSlurper(): null

2019-08-23 18:58:01 - [TEST_STEP][PASSED] - result_M4_login = M4_login.parseText(response.getResponseBodyContent()): null

2019-08-23 18:58:01 - [TEST_STEP][PASSED] - M4_login_user_id = user_id: null

2019-08-23 18:58:01 - [TEST_STEP][PASSED] - println("playerid is: " + M4_login_user_id): null

2019-08-23 18:58:01 - [TEST_STEP][PASSED] - M4_login_user_id = M4_login_user_id: null

2019-08-23 18:58:01 - [MESSAGE][PASSED] - Verify response successfully

2019-08-23 18:58:01 - [MESSAGE][PASSED] - Send request and verify the response successfully

2019-08-23 18:58:01 - [TEST_STEP][PASSED] - M4_login_user_id = M4_login_user_id: null

2019-08-23 18:58:01 - [TEST_STEP][PASSED] - M4_init = sendRequestAndVerify(findTestObject("INT/RGS(M4)/M4_init", ["partner":Partner, "M4_recorder":M4_recorder, "M4_login_user_id":M4_login_user_id])): Send request and verify the response successfully

2019-08-23 18:58:01 - [MESSAGE][INFO] - HAR: /Users/eiralee/Katalon_Script/SuperWild/Reports/20190823_184757/INT/superWild_1/20190823_184757/requests/main/277.har

2019-08-23 18:58:01 - [TEST_CASE][PASSED] - Start Test Case : Verification: Verification accomplished successfully

2019-08-23 18:58:01 - [TEST_STEP][PASSED] - request = getInstance().getCurrentRequest(): null

2019-08-23 18:58:01 - [TEST_STEP][PASSED] - response = getInstance().getCurrentResponse(): null

2019-08-23 18:58:01 - [TEST_STEP][PASSED] - verifyResponseStatusCode(response, 200): Verify response status code successfully

2019-08-23 18:58:01 - [MESSAGE][PASSED] - Verify response status code successfully

2019-08-23 18:58:01 - [TEST_STEP][PASSED] - getStatusCode()).isEqualTo(200): null

2019-08-23 18:58:01 - [TEST_STEP][PASSED] - newline = System.getProperty("line.separator"): null

2019-08-23 18:58:01 - [TEST_STEP][PASSED] - M4_init = new groovy.json.JsonSlurper(): null

2019-08-23 18:58:01 - [TEST_STEP][PASSED] - result_M4_init = M4_init.parseText(response.getResponseBodyContent()): null

2019-08-23 18:58:01 - [TEST_STEP][PASSED] - rgs_session_token = session_token: null

2019-08-23 18:58:01 - [TEST_STEP][PASSED] - rgs_session_token = rgs_session_token: null

2019-08-23 18:58:01 - [TEST_STEP][PASSED] - M4_init_balance = balance: null

2019-08-23 18:58:01 - [TEST_STEP][PASSED] - M4_init_balance = M4_init_balance: null

2019-08-23 18:58:01 - [TEST_STEP][PASSED] - game_code = genesis_id: null

2019-08-23 18:58:01 - [TEST_STEP][PASSED] - game_code = game_code: null

2019-08-23 18:58:01 - [TEST_STEP][PASSED] - M4_free_round = free_round: null

2019-08-23 18:58:01 - [TEST_STEP][PASSED] - M4_free_round = M4_free_round: null

2019-08-23 18:58:01 - [MESSAGE][PASSED] - Verify response successfully

2019-08-23 18:58:01 - [MESSAGE][PASSED] - Send request and verify the response successfully

2019-08-23 18:58:01 - [TEST_STEP][PASSED] - rgs_session_token = rgs_session_token: null

2019-08-23 18:58:01 - [TEST_STEP][PASSED] - M4_spin_reels_symbols = M4_spin_reels_symbols: null

2019-08-23 18:58:01 - [TEST_STEP][PASSED] - sendRequestAndVerify(findTestObject("INT/RGS(M4)/1_Round_detail", ["partner":Partner, "M4_spin_round_id":M4_spin_round_id])): Send request and verify the response successfully

2019-08-23 18:58:02 - [MESSAGE][INFO] - HAR: /Users/eiralee/Katalon_Script/SuperWild/Reports/20190823_184757/INT/superWild_1/20190823_184757/requests/main/278.har

2019-08-23 18:58:02 - [TEST_CASE][PASSED] - Start Test Case : Verification: Verification accomplished successfully

2019-08-23 18:58:02 - [TEST_STEP][PASSED] - request = getInstance().getCurrentRequest(): null

2019-08-23 18:58:02 - [TEST_STEP][PASSED] - response = getInstance().getCurrentResponse(): null

2019-08-23 18:58:02 - [TEST_STEP][PASSED] - verifyResponseStatusCode(response, 200): Verify response status code successfully

2019-08-23 18:58:02 - [MESSAGE][PASSED] - Verify response status code successfully

2019-08-23 18:58:02 - [TEST_STEP][PASSED] - getStatusCode()).isEqualTo(200): null

2019-08-23 18:58:02 - [TEST_STEP][PASSED] - newline = System.getProperty("line.separator"): null

2019-08-23 18:58:02 - [TEST_STEP][PASSED] - M4_round = new groovy.json.JsonSlurper(): null

2019-08-23 18:58:02 - [TEST_STEP][PASSED] - M4_round_detail = M4_round.parseText(response.getResponseBodyContent()): null

2019-08-23 18:58:02 - [TEST_STEP][PASSED] - M4_round_object = M4_round_detail: null

2019-08-23 18:58:02 - [TEST_STEP][PASSED] - M4_round_object = M4_round_object: null

2019-08-23 18:58:02 - [TEST_STEP][PASSED] - M4_round_transaction_type = transaction_type: null

2019-08-23 18:58:02 - [TEST_STEP][PASSED] - M4_round_transaction_type = M4_round_transaction_type: null

2019-08-23 18:58:02 - [TEST_STEP][PASSED] - M4_round_player_id = player_id: null

2019-08-23 18:58:02 - [TEST_STEP][PASSED] - M4_round_player_id = M4_round_player_id: null

2019-08-23 18:58:02 - [TEST_STEP][PASSED] - M4_round_booster_type = booster_type: null

2019-08-23 18:58:02 - [TEST_STEP][PASSED] - M4_round_booster_type = M4_round_booster_type: null

2019-08-23 18:58:02 - [TEST_STEP][PASSED] - M4_round_currency = currency: null

2019-08-23 18:58:02 - [TEST_STEP][PASSED] - M4_round_currency = M4_round_currency: null

2019-08-23 18:58:02 - [TEST_STEP][PASSED] - M4_round_id = round_id: null

2019-08-23 18:58:02 - [TEST_STEP][PASSED] - M4_round_id = M4_round_id: null

2019-08-23 18:58:02 - [TEST_STEP][PASSED] - M4_round_transaction_id = transaction_id: null

2019-08-23 18:58:02 - [TEST_STEP][PASSED] - M4_round_transaction_id = M4_round_transaction_id: null

2019-08-23 18:58:02 - [TEST_STEP][PASSED] - M4_round_transaction_time = transaction_time: null

2019-08-23 18:58:02 - [TEST_STEP][PASSED] - M4_round_transaction_time = M4_round_transaction_time: null

2019-08-23 18:58:02 - [TEST_STEP][PASSED] - M4_round_total_win = total_win: null

2019-08-23 18:58:02 - [TEST_STEP][PASSED] - M4_round_total_win = M4_round_total_win: null

2019-08-23 18:58:02 - [TEST_STEP][PASSED] - M4_round_balance_long = balance: null

2019-08-23 18:58:02 - [TEST_STEP][PASSED] - M4_round_balance = Long.toString(M4_round_balance_long): null

2019-08-23 18:58:02 - [TEST_STEP][PASSED] - M4_round_balance = M4_round_balance: null

2019-08-23 18:58:02 - [TEST_STEP][PASSED] - M4_round_total_bet = total_bet: null

2019-08-23 18:58:02 - [TEST_STEP][PASSED] - M4_round_total_bet = M4_round_total_bet: null

2019-08-23 18:58:02 - [TEST_STEP][PASSED] - M4_round_bet_value = bet_value: null

2019-08-23 18:58:02 - [TEST_STEP][PASSED] - M4_round_bet_value = M4_round_bet_value: null

2019-08-23 18:58:02 - [TEST_STEP][PASSED] - M4_round_line = line: null

2019-08-23 18:58:02 - [TEST_STEP][PASSED] - M4_round_line = M4_round_line: null

2019-08-23 18:58:02 - [TEST_STEP][PASSED] - M4_round_reels1 = reels[0]: null

2019-08-23 18:58:02 - [TEST_STEP][PASSED] - M4_round_reels1 = M4_round_reels1: null

2019-08-23 18:58:02 - [TEST_STEP][PASSED] - M4_round_reels2 = reels[1]: null

2019-08-23 18:58:02 - [TEST_STEP][PASSED] - M4_round_reels2 = M4_round_reels2: null

2019-08-23 18:58:02 - [TEST_STEP][PASSED] - M4_round_reels3 = reels[2]: null

2019-08-23 18:58:02 - [TEST_STEP][PASSED] - M4_round_reels3 = M4_round_reels3: null

2019-08-23 18:58:02 - [TEST_STEP][PASSED] - M4_round_reels4 = reels[3]: null

2019-08-23 18:58:02 - [TEST_STEP][PASSED] - M4_round_reels4 = M4_round_reels4: null

2019-08-23 18:58:02 - [TEST_STEP][PASSED] - M4_round_reels5 = reels[4]: null

2019-08-23 18:58:02 - [TEST_STEP][PASSED] - M4_round_reels5 = M4_round_reels5: null

2019-08-23 18:58:02 - [TEST_STEP][PASSED] - M4_round_F_reels1 = reels[0]: null

2019-08-23 18:58:02 - [TEST_STEP][PASSED] - M4_round_F_reels1 = M4_round_F_reels1: null

2019-08-23 18:58:02 - [TEST_STEP][PASSED] - M4_round_F_reels2 = reels[1]: null

2019-08-23 18:58:02 - [TEST_STEP][PASSED] - M4_round_F_reels2 = M4_round_F_reels2: null

2019-08-23 18:58:02 - [TEST_STEP][PASSED] - M4_round_F_reels3 = reels[2]: null

2019-08-23 18:58:02 - [TEST_STEP][PASSED] - M4_round_F_reels3 = M4_round_F_reels3: null

2019-08-23 18:58:02 - [TEST_STEP][PASSED] - M4_round_F_reels4 = reels[3]: null

2019-08-23 18:58:02 - [TEST_STEP][PASSED] - M4_round_F_reels4 = M4_round_F_reels4: null

2019-08-23 18:58:02 - [TEST_STEP][PASSED] - M4_round_F_reels5 = reels[4]: null

2019-08-23 18:58:02 - [TEST_STEP][PASSED] - M4_round_F_reels5 = M4_round_F_reels5: null

2019-08-23 18:58:02 - [TEST_STEP][PASSED] - M4_round_reels0_symbols1 = symbols[0]: null

2019-08-23 18:58:02 - [TEST_STEP][PASSED] - M4_round_reels0_symbols1 = M4_round_reels0_symbols1: null

2019-08-23 18:58:02 - [TEST_STEP][PASSED] - M4_round_reels0_symbols2 = symbols[1]: null

2019-08-23 18:58:02 - [TEST_STEP][PASSED] - M4_round_reels0_symbols2 = M4_round_reels0_symbols2: null

2019-08-23 18:58:02 - [TEST_STEP][PASSED] - M4_round_reels0_symbols3 = symbols[2]: null

2019-08-23 18:58:02 - [TEST_STEP][PASSED] - M4_round_reels0_symbols3 = M4_round_reels0_symbols3: null

2019-08-23 18:58:02 - [TEST_STEP][PASSED] - M4_round_reels1_symbols1 = symbols[0]: null

2019-08-23 18:58:02 - [TEST_STEP][PASSED] - M4_round_reels1_symbols1 = M4_round_reels1_symbols1: null

2019-08-23 18:58:02 - [TEST_STEP][PASSED] - M4_round_reels1_symbols2 = symbols[1]: null

2019-08-23 18:58:02 - [TEST_STEP][PASSED] - M4_round_reels1_symbols2 = M4_round_reels1_symbols2: null

2019-08-23 18:58:02 - [TEST_STEP][PASSED] - M4_round_reels1_symbols3 = symbols[2]: null

2019-08-23 18:58:02 - [TEST_STEP][PASSED] - M4_round_reels1_symbols3 = M4_round_reels1_symbols3: null

2019-08-23 18:58:02 - [TEST_STEP][PASSED] - M4_round_reels1_symbols4 = symbols[3]: null

2019-08-23 18:58:02 - [TEST_STEP][PASSED] - M4_round_reels_symbols_all = symbol: null

2019-08-23 18:58:02 - [TEST_STEP][PASSED] - M4_round_reels_symbols_all = M4_round_reels_symbols_all: null

2019-08-23 18:58:02 - [TEST_STEP][PASSED] - M4_round_features_triggered = features_triggered: null

2019-08-23 18:58:02 - [TEST_STEP][PASSED] - M4_round_features_triggered = M4_round_features_triggered: null

2019-08-23 18:58:02 - [TEST_STEP][PASSED] - M4_round_features_complete = complete: null

2019-08-23 18:58:02 - [TEST_STEP][PASSED] - M4_round_features_complete = M4_round_features_complete: null

2019-08-23 18:58:02 - [TEST_STEP][PASSED] - M4_round_free_spins_left = free_spins_left: null

2019-08-23 18:58:02 - [TEST_STEP][PASSED] - M4_round_free_spins_left = M4_round_free_spins_left: null

2019-08-23 18:58:02 - [TEST_STEP][PASSED] - M4_round_total_free_spin_count = total_free_spin_count: null

2019-08-23 18:58:02 - [TEST_STEP][PASSED] - M4_round_total_free_spin_count = M4_round_total_free_spin_count: null

2019-08-23 18:58:02 - [TEST_STEP][PASSED] - M4_round_total_free_spin_win_amount = total_free_spin_win_amount: null

2019-08-23 18:58:02 - [TEST_STEP][PASSED] - M4_round_total_free_spin_win_amount = M4_round_total_free_spin_win_amount: null

2019-08-23 18:58:02 - [TEST_STEP][PASSED] - M4_round_subfeatures = subfeatures: null

2019-08-23 18:58:02 - [TEST_STEP][PASSED] - M4_round_subfeatures = M4_round_subfeatures: null

2019-08-23 18:58:02 - [TEST_STEP][PASSED] - M4_round_wild_multiplier = wild_multiplier: null

2019-08-23 18:58:02 - [TEST_STEP][PASSED] - M4_round_wild_multiplier = M4_round_wild_multiplier: null

2019-08-23 18:58:02 - [TEST_STEP][PASSED] - M4_round_wild_config = wild_config: null

2019-08-23 18:58:02 - [TEST_STEP][PASSED] - M4_round_wild_config = M4_round_wild_config: null

2019-08-23 18:58:02 - [TEST_STEP][PASSED] - M4_round_wild_config_index = index: null

2019-08-23 18:58:02 - [TEST_STEP][PASSED] - M4_round_free_spin_left = free_spins_lef: null

2019-08-23 18:58:02 - [TEST_STEP][PASSED] - M4_round_free_spin_left = M4_round_free_spin_left: null

2019-08-23 18:58:02 - [TEST_STEP][PASSED] - M4_round_original_reels = original_reels: null

2019-08-23 18:58:02 - [TEST_STEP][PASSED] - M4_round_original_reels = M4_round_original_reels: null

2019-08-23 18:58:02 - [TEST_STEP][PASSED] - M4_round_swapped_reels = swapped_reels: null

2019-08-23 18:58:02 - [TEST_STEP][PASSED] - M4_round_swapped_reels = M4_round_swapped_reels: null

2019-08-23 18:58:02 - [TEST_STEP][PASSED] - M4_round_free_spins_added = free_spins_added: null

2019-08-23 18:58:02 - [TEST_STEP][PASSED] - M4_round_spin_result_list = spin_results[0]: null

2019-08-23 18:58:02 - [TEST_STEP][PASSED] - M4_round_spin_result_list = M4_round_spin_result_list: null

2019-08-23 18:58:02 - [TEST_STEP][PASSED] - M4_round_feature_state = feature_state: null

2019-08-23 18:58:02 - [TEST_STEP][PASSED] - M4_round_feature_state = M4_round_feature_state: null

2019-08-23 18:58:02 - [TEST_STEP][PASSED] - M4_round_feature_state_all = feature_state: null

2019-08-23 18:58:02 - [TEST_STEP][PASSED] - M4_round_feature_state_all = M4_round_feature_state_all: null

2019-08-23 18:58:02 - [TEST_STEP][PASSED] - M4_round_features_type = type: null

2019-08-23 18:58:02 - [TEST_STEP][PASSED] - M4_round_features_type = M4_round_features_type: null

2019-08-23 18:58:02 - [TEST_STEP][PASSED] - M4_round_scatter_win = scatter_win: null

2019-08-23 18:58:02 - [TEST_STEP][PASSED] - M4_round_scatter_win = M4_round_scatter_win: null

2019-08-23 18:58:02 - [TEST_STEP][PASSED] - M4_round_spin_result1 = spin_results[1]: null

2019-08-23 18:58:02 - [TEST_STEP][PASSED] - M4_round_spin_result1 = M4_round_spin_result1: null

2019-08-23 18:58:02 - [MESSAGE][PASSED] - Verify response successfully

2019-08-23 18:58:02 - [MESSAGE][PASSED] - Send request and verify the response successfully

2019-08-23 18:58:02 - [TEST_STEP][PASSED] - M4_round_spin_result_list = M4_round_spin_result_list: null

2019-08-23 18:58:03 - [TEST_STEP][PASSED] - features_trigger = features_triggered: null

2019-08-23 18:58:03 - [TEST_STEP][PASSED] - total_free_spin_count = "": null

2019-08-23 18:58:03 - [TEST_STEP][PASSED] - free_spins_left = "": null

2019-08-23 18:58:03 - [TEST_STEP][PASSED] - total_free_spin_win_amount = "": null

2019-08-23 18:58:03 - [TEST_STEP][PASSED] - for ([i = 0, i &lt; features_trigger.size(), (i++)]): null

2019-08-23 18:58:03 - [TEST_STEP][PASSED] - feature_type = type: null

2019-08-23 18:58:03 - [TEST_STEP][PASSED] - println("M4_round_spin_result_list is: " + M4_round_spin_result_list): null

2019-08-23 18:58:03 - [TEST_STEP][PASSED] - println(i): null

2019-08-23 18:58:03 - [TEST_STEP][PASSED] - if (feature_type == "FREE_SPIN"): null

2019-08-23 18:58:03 - [TEST_STEP][PASSED] - feature_type = type: null

2019-08-23 18:58:03 - [TEST_STEP][PASSED] - println("M4_round_spin_result_list is: " + M4_round_spin_result_list): null

2019-08-23 18:58:03 - [TEST_STEP][PASSED] - println(i): null

2019-08-23 18:58:03 - [TEST_STEP][PASSED] - if (feature_type == "FREE_SPIN"): null

2019-08-23 18:58:03 - [TEST_STEP][PASSED] - feature_type = type: null

2019-08-23 18:58:03 - [TEST_STEP][PASSED] - println("M4_round_spin_result_list is: " + M4_round_spin_result_list): null

2019-08-23 18:58:03 - [TEST_STEP][PASSED] - println(i): null

2019-08-23 18:58:03 - [TEST_STEP][PASSED] - if (feature_type == "FREE_SPIN"): null

2019-08-23 18:58:03 - [TEST_STEP][PASSED] - println("feature_type is:" + feature_type): null

2019-08-23 18:58:03 - [TEST_STEP][PASSED] - total_free_spin_count = total_free_spin_count: null

2019-08-23 18:58:03 - [TEST_STEP][PASSED] - free_spins_left = free_spins_left: null

2019-08-23 18:58:03 - [TEST_STEP][PASSED] - total_free_spin_win_amount = total_free_spin_win_amount: null

2019-08-23 18:58:03 - [TEST_STEP][PASSED] - M4_balance = M4_round_balance: null

2019-08-23 18:58:03 - [TEST_STEP][PASSED] - M4_round_balance = Long.valueOf(M4_balance): null

2019-08-23 18:58:03 - [TEST_STEP][PASSED] - M4_round_spin_result = spin_results: null

2019-08-23 18:58:03 - [TEST_STEP][PASSED] - M4_round_free_spin_totalWin_result = "": null

2019-08-23 18:58:03 - [TEST_STEP][PASSED] - M4_total_win = 0: null

2019-08-23 18:58:03 - [TEST_STEP][PASSED] - for ([i = 0, i &lt; M4_round_spin_result.size(), (i++)]): null

2019-08-23 18:58:03 - [TEST_STEP][PASSED] - last_spin_result = balance: null

2019-08-23 18:58:03 - [TEST_STEP][PASSED] - M4_round_free_spin_totalWin = total_win: null

2019-08-23 18:58:03 - [TEST_STEP][PASSED] - println(last_spin_result): null

2019-08-23 18:58:03 - [TEST_STEP][PASSED] - println(M4_round_free_spin_totalWin): null

2019-08-23 18:58:03 - [TEST_STEP][PASSED] - M4_total_win = M4_round_free_spin_totalWin + M4_total_win: null

2019-08-23 18:58:03 - [TEST_STEP][PASSED] - println("M4_round_free_spin_totalWin_result is: " + M4_round_free_spin_totalWin_result): null

2019-08-23 18:58:03 - [TEST_STEP][PASSED] - if (last_spin_result &gt;= M4_round_balance): null

2019-08-23 18:58:03 - [TEST_STEP][PASSED] - M4_round_balance = last_spin_result: null

2019-08-23 18:58:03 - [TEST_STEP][PASSED] - last_spin_result = balance: null

2019-08-23 18:58:03 - [TEST_STEP][PASSED] - M4_round_free_spin_totalWin = total_win: null

2019-08-23 18:58:03 - [TEST_STEP][PASSED] - println(last_spin_result): null

2019-08-23 18:58:03 - [TEST_STEP][PASSED] - println(M4_round_free_spin_totalWin): null

2019-08-23 18:58:03 - [TEST_STEP][PASSED] - M4_total_win = M4_round_free_spin_totalWin + M4_total_win: null

2019-08-23 18:58:03 - [TEST_STEP][PASSED] - println("M4_round_free_spin_totalWin_result is: " + M4_round_free_spin_totalWin_result): null

2019-08-23 18:58:03 - [TEST_STEP][PASSED] - if (last_spin_result &gt;= M4_round_balance): null

2019-08-23 18:58:03 - [TEST_STEP][PASSED] - M4_round_balance = last_spin_result: null

2019-08-23 18:58:03 - [TEST_STEP][PASSED] - last_spin_result = balance: null

2019-08-23 18:58:03 - [TEST_STEP][PASSED] - M4_round_free_spin_totalWin = total_win: null

2019-08-23 18:58:03 - [TEST_STEP][PASSED] - println(last_spin_result): null

2019-08-23 18:58:03 - [TEST_STEP][PASSED] - println(M4_round_free_spin_totalWin): null

2019-08-23 18:58:03 - [TEST_STEP][PASSED] - M4_total_win = M4_round_free_spin_totalWin + M4_total_win: null

2019-08-23 18:58:03 - [TEST_STEP][PASSED] - println("M4_round_free_spin_totalWin_result is: " + M4_round_free_spin_totalWin_result): null

2019-08-23 18:58:03 - [TEST_STEP][PASSED] - if (last_spin_result &gt;= M4_round_balance): null

2019-08-23 18:58:03 - [TEST_STEP][PASSED] - M4_round_balance = last_spin_result: null

2019-08-23 18:58:03 - [TEST_STEP][PASSED] - last_spin_result = balance: null

2019-08-23 18:58:03 - [TEST_STEP][PASSED] - M4_round_free_spin_totalWin = total_win: null

2019-08-23 18:58:03 - [TEST_STEP][PASSED] - println(last_spin_result): null

2019-08-23 18:58:03 - [TEST_STEP][PASSED] - println(M4_round_free_spin_totalWin): null

2019-08-23 18:58:03 - [TEST_STEP][PASSED] - M4_total_win = M4_round_free_spin_totalWin + M4_total_win: null

2019-08-23 18:58:03 - [TEST_STEP][PASSED] - println("M4_round_free_spin_totalWin_result is: " + M4_round_free_spin_totalWin_result): null

2019-08-23 18:58:03 - [TEST_STEP][PASSED] - if (last_spin_result &gt;= M4_round_balance): null

2019-08-23 18:58:03 - [TEST_STEP][PASSED] - M4_round_balance = last_spin_result: null

2019-08-23 18:58:03 - [TEST_STEP][PASSED] - last_spin_result = balance: null

2019-08-23 18:58:03 - [TEST_STEP][PASSED] - M4_round_free_spin_totalWin = total_win: null

2019-08-23 18:58:03 - [TEST_STEP][PASSED] - println(last_spin_result): null

2019-08-23 18:58:03 - [TEST_STEP][PASSED] - println(M4_round_free_spin_totalWin): null

2019-08-23 18:58:03 - [TEST_STEP][PASSED] - M4_total_win = M4_round_free_spin_totalWin + M4_total_win: null

2019-08-23 18:58:03 - [TEST_STEP][PASSED] - println("M4_round_free_spin_totalWin_result is: " + M4_round_free_spin_totalWin_result): null

2019-08-23 18:58:03 - [TEST_STEP][PASSED] - if (last_spin_result &gt;= M4_round_balance): null

2019-08-23 18:58:03 - [TEST_STEP][PASSED] - M4_round_balance = last_spin_result: null

2019-08-23 18:58:03 - [TEST_STEP][PASSED] - last_spin_result = balance: null

2019-08-23 18:58:03 - [TEST_STEP][PASSED] - M4_round_free_spin_totalWin = total_win: null

2019-08-23 18:58:03 - [TEST_STEP][PASSED] - println(last_spin_result): null

2019-08-23 18:58:03 - [TEST_STEP][PASSED] - println(M4_round_free_spin_totalWin): null

2019-08-23 18:58:03 - [TEST_STEP][PASSED] - M4_total_win = M4_round_free_spin_totalWin + M4_total_win: null

2019-08-23 18:58:03 - [TEST_STEP][PASSED] - println("M4_round_free_spin_totalWin_result is: " + M4_round_free_spin_totalWin_result): null

2019-08-23 18:58:03 - [TEST_STEP][PASSED] - if (last_spin_result &gt;= M4_round_balance): null

2019-08-23 18:58:03 - [TEST_STEP][PASSED] - M4_round_balance = last_spin_result: null

2019-08-23 18:58:03 - [TEST_STEP][PASSED] - last_spin_result = balance: null

2019-08-23 18:58:03 - [TEST_STEP][PASSED] - M4_round_free_spin_totalWin = total_win: null

2019-08-23 18:58:03 - [TEST_STEP][PASSED] - println(last_spin_result): null

2019-08-23 18:58:03 - [TEST_STEP][PASSED] - println(M4_round_free_spin_totalWin): null

2019-08-23 18:58:03 - [TEST_STEP][PASSED] - M4_total_win = M4_round_free_spin_totalWin + M4_total_win: null

2019-08-23 18:58:03 - [TEST_STEP][PASSED] - println("M4_round_free_spin_totalWin_result is: " + M4_round_free_spin_totalWin_result): null

2019-08-23 18:58:03 - [TEST_STEP][PASSED] - if (last_spin_result &gt;= M4_round_balance): null

2019-08-23 18:58:03 - [TEST_STEP][PASSED] - M4_round_balance = last_spin_result: null

2019-08-23 18:58:03 - [TEST_STEP][PASSED] - last_spin_result = balance: null

2019-08-23 18:58:03 - [TEST_STEP][PASSED] - M4_round_free_spin_totalWin = total_win: null

2019-08-23 18:58:03 - [TEST_STEP][PASSED] - println(last_spin_result): null

2019-08-23 18:58:03 - [TEST_STEP][PASSED] - println(M4_round_free_spin_totalWin): null

2019-08-23 18:58:03 - [TEST_STEP][PASSED] - M4_total_win = M4_round_free_spin_totalWin + M4_total_win: null

2019-08-23 18:58:03 - [TEST_STEP][PASSED] - println("M4_round_free_spin_totalWin_result is: " + M4_round_free_spin_totalWin_result): null

2019-08-23 18:58:03 - [TEST_STEP][PASSED] - if (last_spin_result &gt;= M4_round_balance): null

2019-08-23 18:58:03 - [TEST_STEP][PASSED] - M4_round_balance = last_spin_result: null

2019-08-23 18:58:03 - [TEST_STEP][PASSED] - last_spin_result = balance: null

2019-08-23 18:58:03 - [TEST_STEP][PASSED] - M4_round_free_spin_totalWin = total_win: null

2019-08-23 18:58:03 - [TEST_STEP][PASSED] - println(last_spin_result): null

2019-08-23 18:58:03 - [TEST_STEP][PASSED] - println(M4_round_free_spin_totalWin): null

2019-08-23 18:58:03 - [TEST_STEP][PASSED] - M4_total_win = M4_round_free_spin_totalWin + M4_total_win: null

2019-08-23 18:58:03 - [TEST_STEP][PASSED] - println("M4_round_free_spin_totalWin_result is: " + M4_round_free_spin_totalWin_result): null

2019-08-23 18:58:03 - [TEST_STEP][PASSED] - if (last_spin_result &gt;= M4_round_balance): null

2019-08-23 18:58:03 - [TEST_STEP][PASSED] - M4_round_balance = last_spin_result: null

2019-08-23 18:58:03 - [TEST_STEP][PASSED] - last_spin_result = balance: null

2019-08-23 18:58:03 - [TEST_STEP][PASSED] - M4_round_free_spin_totalWin = total_win: null

2019-08-23 18:58:03 - [TEST_STEP][PASSED] - println(last_spin_result): null

2019-08-23 18:58:03 - [TEST_STEP][PASSED] - println(M4_round_free_spin_totalWin): null

2019-08-23 18:58:03 - [TEST_STEP][PASSED] - M4_total_win = M4_round_free_spin_totalWin + M4_total_win: null

2019-08-23 18:58:03 - [TEST_STEP][PASSED] - println("M4_round_free_spin_totalWin_result is: " + M4_round_free_spin_totalWin_result): null

2019-08-23 18:58:03 - [TEST_STEP][PASSED] - if (last_spin_result &gt;= M4_round_balance): null

2019-08-23 18:58:03 - [TEST_STEP][PASSED] - M4_round_balance = last_spin_result: null

2019-08-23 18:58:03 - [TEST_STEP][PASSED] - last_spin_result = balance: null

2019-08-23 18:58:03 - [TEST_STEP][PASSED] - M4_round_free_spin_totalWin = total_win: null

2019-08-23 18:58:03 - [TEST_STEP][PASSED] - println(last_spin_result): null

2019-08-23 18:58:03 - [TEST_STEP][PASSED] - println(M4_round_free_spin_totalWin): null

2019-08-23 18:58:03 - [TEST_STEP][PASSED] - M4_total_win = M4_round_free_spin_totalWin + M4_total_win: null

2019-08-23 18:58:03 - [TEST_STEP][PASSED] - println("M4_round_free_spin_totalWin_result is: " + M4_round_free_spin_totalWin_result): null

2019-08-23 18:58:03 - [TEST_STEP][PASSED] - if (last_spin_result &gt;= M4_round_balance): null

2019-08-23 18:58:03 - [TEST_STEP][PASSED] - M4_round_balance = last_spin_result: null

2019-08-23 18:58:03 - [TEST_STEP][PASSED] - sendRequestAndVerify(findTestObject("INT/RGS(M4)/in_game_history_detail", ["partner":Partner, "M4_spin_transaction_id":M4_spin_transaction_id, "M4_login_user_id":M4_login_user_id])): Send request and verify the response successfully

2019-08-23 18:58:03 - [MESSAGE][INFO] - HAR: /Users/eiralee/Katalon_Script/SuperWild/Reports/20190823_184757/INT/superWild_1/20190823_184757/requests/main/279.har

2019-08-23 18:58:03 - [TEST_CASE][PASSED] - Start Test Case : Verification: Verification accomplished successfully

2019-08-23 18:58:03 - [TEST_STEP][PASSED] - request = getInstance().getCurrentRequest(): null

2019-08-23 18:58:03 - [TEST_STEP][PASSED] - response = getInstance().getCurrentResponse(): null

2019-08-23 18:58:03 - [TEST_STEP][PASSED] - verifyResponseStatusCode(response, 200): Verify response status code successfully

2019-08-23 18:58:03 - [MESSAGE][PASSED] - Verify response status code successfully

2019-08-23 18:58:03 - [TEST_STEP][PASSED] - getStatusCode()).isEqualTo(200): null

2019-08-23 18:58:03 - [TEST_STEP][PASSED] - newline = System.getProperty("line.separator"): null

2019-08-23 18:58:03 - [TEST_STEP][PASSED] - M4_game_history = new groovy.json.JsonSlurper(): null

2019-08-23 18:58:03 - [TEST_STEP][PASSED] - M4_history = M4_game_history.parseText(response.getResponseBodyContent()): null

2019-08-23 18:58:03 - [TEST_STEP][PASSED] - M4_history_currency = currency: null

2019-08-23 18:58:03 - [TEST_STEP][PASSED] - M4_history_currency = M4_history_currency: null

2019-08-23 18:58:03 - [TEST_STEP][PASSED] - M4_history_spin_transaction = spin_transaction: null

2019-08-23 18:58:03 - [TEST_STEP][PASSED] - M4_history_spin_transaction = M4_history_spin_transaction: null

2019-08-23 18:58:03 - [TEST_STEP][PASSED] - M4_history_date = date: null

2019-08-23 18:58:03 - [TEST_STEP][PASSED] - M4_history_date = M4_history_date: null

2019-08-23 18:58:03 - [TEST_STEP][PASSED] - M4_history_game_id = game_id: null

2019-08-23 18:58:03 - [TEST_STEP][PASSED] - M4_history_tx_id = tx_id: null

2019-08-23 18:58:03 - [TEST_STEP][PASSED] - M4_history_causality = causality: null

2019-08-23 18:58:03 - [TEST_STEP][PASSED] - M4_history_causality = M4_history_causality: null

2019-08-23 18:58:03 - [TEST_STEP][PASSED] - M4_history_round_id = round_id: null

2019-08-23 18:58:03 - [TEST_STEP][PASSED] - M4_history_round_id = M4_history_round_id: null

2019-08-23 18:58:03 - [TEST_STEP][PASSED] - M4_history_game_total_won = total_won: null

2019-08-23 18:58:03 - [TEST_STEP][PASSED] - M4_history_game_total_won = M4_history_game_total_won: null

2019-08-23 18:58:03 - [TEST_STEP][PASSED] - M4_history_game_total_bet = total_bet: null

2019-08-23 18:58:03 - [TEST_STEP][PASSED] - M4_history_total_bet = M4_history_game_total_bet: null

2019-08-23 18:58:03 - [TEST_STEP][PASSED] - M4_history_lines = lines: null

2019-08-23 18:58:03 - [TEST_STEP][PASSED] - M4_history_total_won = total_won: null

2019-08-23 18:58:03 - [TEST_STEP][PASSED] - M4_history_total_won = M4_history_total_won: null

2019-08-23 18:58:03 - [TEST_STEP][PASSED] - M4_history_bonus_name = bonus_name: null

2019-08-23 18:58:03 - [TEST_STEP][PASSED] - M4_history_bonus_retrigger = bonus_retrigger: null

2019-08-23 18:58:03 - [TEST_STEP][PASSED] - M4_history_key = key: null

2019-08-23 18:58:03 - [TEST_STEP][PASSED] - M4_history_data = data: null

2019-08-23 18:58:03 - [TEST_STEP][PASSED] - M4_history_total_bet = total_bet: null

2019-08-23 18:58:03 - [TEST_STEP][PASSED] - M4_history_total_bet = M4_history_total_bet: null

2019-08-23 18:58:03 - [TEST_STEP][PASSED] - M4_history_balance = balance: null

2019-08-23 18:58:03 - [TEST_STEP][PASSED] - M4_history_balance = M4_history_balance: null

2019-08-23 18:58:03 - [TEST_STEP][PASSED] - M4_history_type = type: null

2019-08-23 18:58:03 - [TEST_STEP][PASSED] - M4_history_type = M4_history_type: null

2019-08-23 18:58:03 - [TEST_STEP][PASSED] - M4_history_reel_symbol = symbols: null

2019-08-23 18:58:03 - [TEST_STEP][PASSED] - M4_history_reel_symbol = M4_history_reel_symbol: null

2019-08-23 18:58:03 - [TEST_STEP][PASSED] - M4_history_reels = reels: null

2019-08-23 18:58:03 - [TEST_STEP][PASSED] - M4_history_reels = M4_history_reels: null

2019-08-23 18:58:03 - [TEST_STEP][PASSED] - M4_history_F_reels1 = reels: null

2019-08-23 18:58:03 - [TEST_STEP][PASSED] - M4_history_F_reels = M4_history_F_reels1: null

2019-08-23 18:58:03 - [TEST_STEP][PASSED] - M4_history_multiplier = multiplier: null

2019-08-23 18:58:03 - [TEST_STEP][PASSED] - M4_history_multiplier = M4_history_multiplier: null

2019-08-23 18:58:03 - [TEST_STEP][PASSED] - M4_history_bonuses1 = bonuses[1]: null

2019-08-23 18:58:03 - [TEST_STEP][PASSED] - M4_history_bonuses1 = M4_history_bonuses1: null

2019-08-23 18:58:03 - [MESSAGE][PASSED] - Verify response successfully

2019-08-23 18:58:03 - [MESSAGE][PASSED] - Send request and verify the response successfully

2019-08-23 18:58:03 - [TEST_STEP][PASSED] - M4_spin_number = "": null

2019-08-23 18:58:03 - [TEST_STEP][PASSED] - spin_data = extra_spins_data: null

2019-08-23 18:58:03 - [TEST_STEP][PASSED] - for ([i = 0, i &lt; spin_data.size(), (i++)]): null

2019-08-23 18:58:03 - [TEST_STEP][PASSED] - println(spin_data.size()): null

2019-08-23 18:58:03 - [TEST_STEP][PASSED] - spin_number_value = spin_number: null

2019-08-23 18:58:03 - [TEST_STEP][PASSED] - if (i == spin_data.size() - 1): null

2019-08-23 18:58:03 - [TEST_STEP][PASSED] - println(M4_spin_number): null

2019-08-23 18:58:03 - [TEST_STEP][PASSED] - println(spin_data.size()): null

2019-08-23 18:58:03 - [TEST_STEP][PASSED] - spin_number_value = spin_number: null

2019-08-23 18:58:03 - [TEST_STEP][PASSED] - if (i == spin_data.size() - 1): null

2019-08-23 18:58:03 - [TEST_STEP][PASSED] - println(M4_spin_number): null

2019-08-23 18:58:03 - [TEST_STEP][PASSED] - println(spin_data.size()): null

2019-08-23 18:58:03 - [TEST_STEP][PASSED] - spin_number_value = spin_number: null

2019-08-23 18:58:03 - [TEST_STEP][PASSED] - if (i == spin_data.size() - 1): null

2019-08-23 18:58:03 - [TEST_STEP][PASSED] - println(M4_spin_number): null

2019-08-23 18:58:03 - [TEST_STEP][PASSED] - println(spin_data.size()): null

2019-08-23 18:58:03 - [TEST_STEP][PASSED] - spin_number_value = spin_number: null

2019-08-23 18:58:03 - [TEST_STEP][PASSED] - if (i == spin_data.size() - 1): null

2019-08-23 18:58:03 - [TEST_STEP][PASSED] - println(M4_spin_number): null

2019-08-23 18:58:03 - [TEST_STEP][PASSED] - println(spin_data.size()): null

2019-08-23 18:58:03 - [TEST_STEP][PASSED] - spin_number_value = spin_number: null

2019-08-23 18:58:03 - [TEST_STEP][PASSED] - if (i == spin_data.size() - 1): null

2019-08-23 18:58:03 - [TEST_STEP][PASSED] - println(M4_spin_number): null

2019-08-23 18:58:03 - [TEST_STEP][PASSED] - println(spin_data.size()): null

2019-08-23 18:58:03 - [TEST_STEP][PASSED] - spin_number_value = spin_number: null

2019-08-23 18:58:03 - [TEST_STEP][PASSED] - if (i == spin_data.size() - 1): null

2019-08-23 18:58:03 - [TEST_STEP][PASSED] - println(M4_spin_number): null

2019-08-23 18:58:03 - [TEST_STEP][PASSED] - println(spin_data.size()): null

2019-08-23 18:58:03 - [TEST_STEP][PASSED] - spin_number_value = spin_number: null

2019-08-23 18:58:03 - [TEST_STEP][PASSED] - if (i == spin_data.size() - 1): null

2019-08-23 18:58:03 - [TEST_STEP][PASSED] - println(M4_spin_number): null

2019-08-23 18:58:03 - [TEST_STEP][PASSED] - println(spin_data.size()): null

2019-08-23 18:58:03 - [TEST_STEP][PASSED] - spin_number_value = spin_number: null

2019-08-23 18:58:03 - [TEST_STEP][PASSED] - if (i == spin_data.size() - 1): null

2019-08-23 18:58:03 - [TEST_STEP][PASSED] - println(M4_spin_number): null

2019-08-23 18:58:03 - [TEST_STEP][PASSED] - println(spin_data.size()): null

2019-08-23 18:58:03 - [TEST_STEP][PASSED] - spin_number_value = spin_number: null

2019-08-23 18:58:03 - [TEST_STEP][PASSED] - if (i == spin_data.size() - 1): null

2019-08-23 18:58:03 - [TEST_STEP][PASSED] - println(M4_spin_number): null

2019-08-23 18:58:03 - [TEST_STEP][PASSED] - println(spin_data.size()): null

2019-08-23 18:58:03 - [TEST_STEP][PASSED] - spin_number_value = spin_number: null

2019-08-23 18:58:03 - [TEST_STEP][PASSED] - if (i == spin_data.size() - 1): null

2019-08-23 18:58:03 - [TEST_STEP][PASSED] - M4_spin_number = spin_number_value: null

2019-08-23 18:58:03 - [TEST_STEP][PASSED] - println(M4_spin_number): null

2019-08-23 18:58:03 - [TEST_STEP][PASSED] - sendRequestAndVerify(findTestObject("INT/RGS(M4)/Summary_history", ["game_code":"SW_M4_V1_RECORDER", "partner":Partner, "userid":Userid])): Send request and verify the response successfully

2019-08-23 18:58:04 - [MESSAGE][INFO] - HAR: /Users/eiralee/Katalon_Script/SuperWild/Reports/20190823_184757/INT/superWild_1/20190823_184757/requests/main/280.har

2019-08-23 18:58:04 - [TEST_CASE][PASSED] - Start Test Case : Verification: Verification accomplished successfully

2019-08-23 18:58:04 - [TEST_STEP][PASSED] - request = getInstance().getCurrentRequest(): null

2019-08-23 18:58:04 - [TEST_STEP][PASSED] - response = getInstance().getCurrentResponse(): null

2019-08-23 18:58:04 - [TEST_STEP][PASSED] - verifyResponseStatusCode(response, 200): Verify response status code successfully

2019-08-23 18:58:04 - [MESSAGE][PASSED] - Verify response status code successfully

2019-08-23 18:58:04 - [TEST_STEP][PASSED] - getStatusCode()).isEqualTo(200): null

2019-08-23 18:58:04 - [TEST_STEP][PASSED] - summary_detail = new groovy.json.JsonSlurper(): null

2019-08-23 18:58:04 - [TEST_STEP][PASSED] - summary_history = summary_detail.parseText(response.getResponseBodyContent()): null

2019-08-23 18:58:04 - [TEST_STEP][PASSED] - summary_top_level = summary_history: null

2019-08-23 18:58:04 - [TEST_STEP][PASSED] - summary_top_level = summary_top_level: null

2019-08-23 18:58:04 - [TEST_STEP][PASSED] - summary_data = data: null

2019-08-23 18:58:04 - [TEST_STEP][PASSED] - summary_data = summary_data: null

2019-08-23 18:58:04 - [TEST_STEP][PASSED] - summary_query = query: null

2019-08-23 18:58:04 - [TEST_STEP][PASSED] - summary_query = summary_query: null

2019-08-23 18:58:04 - [TEST_STEP][PASSED] - summary_payload = payload: null

2019-08-23 18:58:04 - [TEST_STEP][PASSED] - summary_payload = summary_payload: null

2019-08-23 18:58:04 - [TEST_STEP][PASSED] - summary_round_id_1 = round_id: null

2019-08-23 18:58:04 - [TEST_STEP][PASSED] - summary_round_id_1 = summary_round_id_1: null

2019-08-23 18:58:04 - [TEST_STEP][PASSED] - summary_total_bet_1 = total_bet: null

2019-08-23 18:58:04 - [TEST_STEP][PASSED] - summary_total_bet_1 = summary_total_bet_1: null

2019-08-23 18:58:04 - [TEST_STEP][PASSED] - summary_bet_value_1 = bet_value: null

2019-08-23 18:58:04 - [TEST_STEP][PASSED] - summary_bet_value_1 = summary_bet_value_1: null

2019-08-23 18:58:04 - [TEST_STEP][PASSED] - summary_total_win_1 = total_win: null

2019-08-23 18:58:04 - [TEST_STEP][PASSED] - summary_total_win_1 = summary_total_win_1: null

2019-08-23 18:58:04 - [TEST_STEP][PASSED] - summary_balance_1 = balance: null

2019-08-23 18:58:04 - [TEST_STEP][PASSED] - summary_balance_1 = summary_balance_1: null

2019-08-23 18:58:04 - [TEST_STEP][PASSED] - summary_date_1 = date: null

2019-08-23 18:58:04 - [TEST_STEP][PASSED] - summary_date_1 = summary_date_1: null

2019-08-23 18:58:04 - [TEST_STEP][PASSED] - summary_round_type_1 = round_type: null

2019-08-23 18:58:04 - [TEST_STEP][PASSED] - summary_round_type_1 = summary_round_type_1: null

2019-08-23 18:58:04 - [TEST_STEP][PASSED] - summary_bonus_provider_1 = bonus_provider: null

2019-08-23 18:58:04 - [TEST_STEP][PASSED] - summary_bonus_provider_1 = summary_bonus_provider_1: null

2019-08-23 18:58:04 - [TEST_STEP][PASSED] - summary_booster_type_1 = booster_type: null

2019-08-23 18:58:04 - [TEST_STEP][PASSED] - summary_booster_type_1 = summary_booster_type_1: null

2019-08-23 18:58:04 - [TEST_STEP][PASSED] - summary_with_free_spin_1 = with_free_spin: null

2019-08-23 18:58:04 - [TEST_STEP][PASSED] - summary_with_free_spin_1 = summary_with_free_spin_1: null

2019-08-23 18:58:04 - [TEST_STEP][PASSED] - summary_feature_track_1 = feature_track: null

2019-08-23 18:58:04 - [TEST_STEP][PASSED] - summary_feature_track_1 = summary_feature_track_1: null

2019-08-23 18:58:04 - [TEST_STEP][PASSED] - summary_totalCount = totalCount: null

2019-08-23 18:58:04 - [TEST_STEP][PASSED] - summary_totalCount = summary_totalCount: null

2019-08-23 18:58:04 - [MESSAGE][PASSED] - Verify response successfully

2019-08-23 18:58:04 - [MESSAGE][PASSED] - Send request and verify the response successfully

2019-08-23 18:58:04 - [TEST_STEP][PASSED] - reels01 = symbol: null

2019-08-23 18:58:04 - [TEST_STEP][PASSED] - println(reels01): null

2019-08-23 18:58:04 - [TEST_STEP][PASSED] - reels02 = symbol: null

2019-08-23 18:58:04 - [TEST_STEP][PASSED] - reels03 = symbol: null

2019-08-23 18:58:04 - [TEST_STEP][PASSED] - reels11 = symbol: null

2019-08-23 18:58:04 - [TEST_STEP][PASSED] - reels12 = symbol: null

2019-08-23 18:58:04 - [TEST_STEP][PASSED] - reels13 = symbol: null

2019-08-23 18:58:04 - [TEST_STEP][PASSED] - reels21 = symbol: null

2019-08-23 18:58:04 - [TEST_STEP][PASSED] - reels22 = symbol: null

2019-08-23 18:58:04 - [TEST_STEP][PASSED] - reels23 = symbol: null

2019-08-23 18:58:04 - [TEST_STEP][PASSED] - reels31 = symbol: null

2019-08-23 18:58:04 - [TEST_STEP][PASSED] - reels32 = symbol: null

2019-08-23 18:58:04 - [TEST_STEP][PASSED] - reels33 = symbol: null

2019-08-23 18:58:04 - [TEST_STEP][PASSED] - reels41 = symbol: null

2019-08-23 18:58:04 - [TEST_STEP][PASSED] - reels42 = symbol: null

2019-08-23 18:58:04 - [TEST_STEP][PASSED] - reels43 = symbol: null

2019-08-23 18:58:04 - [TEST_STEP][PASSED] - F_reels01 = symbol: null

2019-08-23 18:58:04 - [TEST_STEP][PASSED] - F_reels02 = symbol: null

2019-08-23 18:58:04 - [TEST_STEP][PASSED] - F_reels03 = symbol: null

2019-08-23 18:58:04 - [TEST_STEP][PASSED] - F_reels11 = symbol: null

2019-08-23 18:58:04 - [TEST_STEP][PASSED] - F_reels12 = symbol: null

2019-08-23 18:58:04 - [TEST_STEP][PASSED] - F_reels13 = symbol: null

2019-08-23 18:58:04 - [TEST_STEP][PASSED] - F_reels21 = symbol: null

2019-08-23 18:58:04 - [TEST_STEP][PASSED] - F_reels22 = symbol: null

2019-08-23 18:58:04 - [TEST_STEP][PASSED] - F_reels23 = symbol: null

2019-08-23 18:58:04 - [TEST_STEP][PASSED] - F_reels31 = symbol: null

2019-08-23 18:58:04 - [TEST_STEP][PASSED] - F_reels32 = symbol: null

2019-08-23 18:58:04 - [TEST_STEP][PASSED] - F_reels33 = symbol: null

2019-08-23 18:58:04 - [TEST_STEP][PASSED] - F_reels41 = symbol: null

2019-08-23 18:58:04 - [TEST_STEP][PASSED] - F_reels42 = symbol: null

2019-08-23 18:58:04 - [TEST_STEP][PASSED] - F_reels43 = symbol: null

2019-08-23 18:58:04 - [TEST_STEP][PASSED] - wildList = wildList: null

2019-08-23 18:58:04 - [TEST_STEP][PASSED] - free_spin_reels = reels: null

2019-08-23 18:58:04 - [TEST_STEP][PASSED] - for ([i = 0, i &lt; free_spin_reels.size(), (i++)]): null

2019-08-23 18:58:04 - [TEST_STEP][PASSED] - symbols = symbols: null

2019-08-23 18:58:04 - [TEST_STEP][PASSED] - if (i == 2 || i == 3 || i == 4): null

2019-08-23 18:58:04 - [TEST_STEP][PASSED] - symbols = symbols: null

2019-08-23 18:58:04 - [TEST_STEP][PASSED] - if (i == 2 || i == 3 || i == 4): null

2019-08-23 18:58:04 - [TEST_STEP][PASSED] - symbols = symbols: null

2019-08-23 18:58:04 - [TEST_STEP][PASSED] - if (i == 2 || i == 3 || i == 4): null

2019-08-23 18:58:04 - [TEST_STEP][PASSED] - for ([j = 0, j &lt; symbols.size(), (j++)]): null

2019-08-23 18:58:04 - [TEST_STEP][PASSED] - symbol = symbol: null

2019-08-23 18:58:04 - [TEST_STEP][PASSED] - println(symbol): null

2019-08-23 18:58:04 - [TEST_STEP][PASSED] - println(i): null

2019-08-23 18:58:04 - [TEST_STEP][PASSED] - if (i == 2): null

2019-08-23 18:58:04 - [TEST_STEP][PASSED] - if (j == 0 &amp;&amp; wildList.indexOf(symbol) != -1): null

2019-08-23 18:58:04 - [TEST_STEP][PASSED] - if (j == 1 &amp;&amp; wildList.indexOf(symbol) != -1): null

2019-08-23 18:58:04 - [TEST_STEP][PASSED] - if (j == 2 &amp;&amp; wildList.indexOf(symbol) != -1): null

2019-08-23 18:58:04 - [TEST_STEP][PASSED] - if (i == 3): null

2019-08-23 18:58:04 - [TEST_STEP][PASSED] - if (i == 4 &amp;&amp; wildList.indexOf(symbol) != -1): null

2019-08-23 18:58:04 - [TEST_STEP][PASSED] - symbol = symbol: null

2019-08-23 18:58:04 - [TEST_STEP][PASSED] - println(symbol): null

2019-08-23 18:58:04 - [TEST_STEP][PASSED] - println(i): null

2019-08-23 18:58:04 - [TEST_STEP][PASSED] - if (i == 2): null

2019-08-23 18:58:04 - [TEST_STEP][PASSED] - if (j == 0 &amp;&amp; wildList.indexOf(symbol) != -1): null

2019-08-23 18:58:04 - [TEST_STEP][PASSED] - if (j == 1 &amp;&amp; wildList.indexOf(symbol) != -1): null

2019-08-23 18:58:04 - [TEST_STEP][PASSED] - if (j == 2 &amp;&amp; wildList.indexOf(symbol) != -1): null

2019-08-23 18:58:04 - [TEST_STEP][PASSED] - if (i == 3): null

2019-08-23 18:58:04 - [TEST_STEP][PASSED] - if (i == 4 &amp;&amp; wildList.indexOf(symbol) != -1): null

2019-08-23 18:58:04 - [TEST_STEP][PASSED] - symbol = symbol: null

2019-08-23 18:58:04 - [TEST_STEP][PASSED] - println(symbol): null

2019-08-23 18:58:04 - [TEST_STEP][PASSED] - println(i): null

2019-08-23 18:58:04 - [TEST_STEP][PASSED] - if (i == 2): null

2019-08-23 18:58:04 - [TEST_STEP][PASSED] - if (j == 0 &amp;&amp; wildList.indexOf(symbol) != -1): null

2019-08-23 18:58:04 - [TEST_STEP][PASSED] - if (j == 1 &amp;&amp; wildList.indexOf(symbol) != -1): null

2019-08-23 18:58:04 - [TEST_STEP][PASSED] - if (j == 2 &amp;&amp; wildList.indexOf(symbol) != -1): null

2019-08-23 18:58:04 - [TEST_STEP][PASSED] - if (i == 3): null

2019-08-23 18:58:04 - [TEST_STEP][PASSED] - if (i == 4 &amp;&amp; wildList.indexOf(symbol) != -1): null

2019-08-23 18:58:04 - [TEST_STEP][PASSED] - symbols = symbols: null

2019-08-23 18:58:04 - [TEST_STEP][PASSED] - if (i == 2 || i == 3 || i == 4): null

2019-08-23 18:58:04 - [TEST_STEP][PASSED] - for ([j = 0, j &lt; symbols.size(), (j++)]): null

2019-08-23 18:58:04 - [TEST_STEP][PASSED] - symbol = symbol: null

2019-08-23 18:58:04 - [TEST_STEP][PASSED] - println(symbol): null

2019-08-23 18:58:04 - [TEST_STEP][PASSED] - println(i): null

2019-08-23 18:58:04 - [TEST_STEP][PASSED] - if (i == 2): null

2019-08-23 18:58:04 - [TEST_STEP][PASSED] - if (i == 3): null

2019-08-23 18:58:06 - [TEST_STEP][PASSED] - if (j == 0 &amp;&amp; wildList.indexOf(symbol) != -1): null

2019-08-23 18:58:06 - [TEST_STEP][PASSED] - if (j == 1 &amp;&amp; wildList.indexOf(symbol) != -1): null

2019-08-23 18:58:06 - [TEST_STEP][PASSED] - if (j == 2 &amp;&amp; wildList.indexOf(symbol) != -1): null

2019-08-23 18:58:06 - [TEST_STEP][PASSED] - if (i == 4 &amp;&amp; wildList.indexOf(symbol) != -1): null

2019-08-23 18:58:06 - [TEST_STEP][PASSED] - symbol = symbol: null

2019-08-23 18:58:06 - [TEST_STEP][PASSED] - println(symbol): null

2019-08-23 18:58:06 - [TEST_STEP][PASSED] - println(i): null

2019-08-23 18:58:06 - [TEST_STEP][PASSED] - if (i == 2): null

2019-08-23 18:58:06 - [TEST_STEP][PASSED] - if (i == 3): null

2019-08-23 18:58:06 - [TEST_STEP][PASSED] - if (j == 0 &amp;&amp; wildList.indexOf(symbol) != -1): null

2019-08-23 18:58:06 - [TEST_STEP][PASSED] - if (j == 1 &amp;&amp; wildList.indexOf(symbol) != -1): null

2019-08-23 18:58:06 - [TEST_STEP][PASSED] - if (j == 2 &amp;&amp; wildList.indexOf(symbol) != -1): null

2019-08-23 18:58:06 - [TEST_STEP][PASSED] - if (i == 4 &amp;&amp; wildList.indexOf(symbol) != -1): null

2019-08-23 18:58:06 - [TEST_STEP][PASSED] - symbol = symbol: null

2019-08-23 18:58:06 - [TEST_STEP][PASSED] - println(symbol): null

2019-08-23 18:58:06 - [TEST_STEP][PASSED] - println(i): null

2019-08-23 18:58:06 - [TEST_STEP][PASSED] - if (i == 2): null

2019-08-23 18:58:06 - [TEST_STEP][PASSED] - if (i == 3): null

2019-08-23 18:58:06 - [TEST_STEP][PASSED] - if (j == 0 &amp;&amp; wildList.indexOf(symbol) != -1): null

2019-08-23 18:58:06 - [TEST_STEP][PASSED] - if (j == 1 &amp;&amp; wildList.indexOf(symbol) != -1): null

2019-08-23 18:58:06 - [TEST_STEP][PASSED] - if (j == 2 &amp;&amp; wildList.indexOf(symbol) != -1): null

2019-08-23 18:58:06 - [TEST_STEP][PASSED] - if (i == 4 &amp;&amp; wildList.indexOf(symbol) != -1): null

2019-08-23 18:58:06 - [TEST_STEP][PASSED] - symbols = symbols: null

2019-08-23 18:58:06 - [TEST_STEP][PASSED] - if (i == 2 || i == 3 || i == 4): null

2019-08-23 18:58:06 - [TEST_STEP][PASSED] - for ([j = 0, j &lt; symbols.size(), (j++)]): null

2019-08-23 18:58:06 - [TEST_STEP][PASSED] - symbol = symbol: null

2019-08-23 18:58:06 - [TEST_STEP][PASSED] - println(symbol): null

2019-08-23 18:58:06 - [TEST_STEP][PASSED] - println(i): null

2019-08-23 18:58:06 - [TEST_STEP][PASSED] - if (i == 2): null

2019-08-23 18:58:06 - [TEST_STEP][PASSED] - if (i == 3): null

2019-08-23 18:58:06 - [TEST_STEP][PASSED] - if (i == 4 &amp;&amp; wildList.indexOf(symbol) != -1): null

2019-08-23 18:58:06 - [TEST_STEP][PASSED] - symbol = symbol: null

2019-08-23 18:58:06 - [TEST_STEP][PASSED] - println(symbol): null

2019-08-23 18:58:06 - [TEST_STEP][PASSED] - println(i): null

2019-08-23 18:58:06 - [TEST_STEP][PASSED] - if (i == 2): null

2019-08-23 18:58:06 - [TEST_STEP][PASSED] - if (i == 3): null

2019-08-23 18:58:06 - [TEST_STEP][PASSED] - if (i == 4 &amp;&amp; wildList.indexOf(symbol) != -1): null

2019-08-23 18:58:06 - [TEST_STEP][PASSED] - symbol = symbol: null

2019-08-23 18:58:06 - [TEST_STEP][PASSED] - println(symbol): null

2019-08-23 18:58:06 - [TEST_STEP][PASSED] - println(i): null

2019-08-23 18:58:06 - [TEST_STEP][PASSED] - if (i == 2): null

2019-08-23 18:58:06 - [TEST_STEP][PASSED] - if (i == 3): null

2019-08-23 18:58:06 - [TEST_STEP][PASSED] - if (i == 4 &amp;&amp; wildList.indexOf(symbol) != -1): null

2019-08-23 18:58:06 - [TEST_STEP][PASSED] - M4_history_reels = M4_history_reels: null

2019-08-23 18:58:06 - [TEST_STEP][PASSED] - M4reels01 = symbol: null

2019-08-23 18:58:06 - [TEST_STEP][PASSED] - println(M4reels01): null

2019-08-23 18:58:06 - [TEST_STEP][PASSED] - M4reels02 = symbol: null

2019-08-23 18:58:06 - [TEST_STEP][PASSED] - M4reels03 = symbol: null

2019-08-23 18:58:06 - [TEST_STEP][PASSED] - M4reels11 = symbol: null

2019-08-23 18:58:06 - [TEST_STEP][PASSED] - M4reels12 = symbol: null

2019-08-23 18:58:06 - [TEST_STEP][PASSED] - M4reels13 = symbol: null

2019-08-23 18:58:06 - [TEST_STEP][PASSED] - M4reels21 = symbol: null

2019-08-23 18:58:06 - [TEST_STEP][PASSED] - M4reels22 = symbol: null

2019-08-23 18:58:06 - [TEST_STEP][PASSED] - M4reels23 = symbol: null

2019-08-23 18:58:06 - [TEST_STEP][PASSED] - M4reels31 = symbol: null

2019-08-23 18:58:06 - [TEST_STEP][PASSED] - M4reels32 = symbol: null

2019-08-23 18:58:06 - [TEST_STEP][PASSED] - M4reels33 = symbol: null

2019-08-23 18:58:06 - [TEST_STEP][PASSED] - M4reels41 = symbol: null

2019-08-23 18:58:06 - [TEST_STEP][PASSED] - M4reels42 = symbol: null

2019-08-23 18:58:06 - [TEST_STEP][PASSED] - M4reels43 = symbol: null

2019-08-23 18:58:06 - [TEST_STEP][PASSED] - F_M4reels01 = symbol: null

2019-08-23 18:58:06 - [TEST_STEP][PASSED] - println(F_M4reels01): null

2019-08-23 18:58:06 - [TEST_STEP][PASSED] - F_M4reels02 = symbol: null

2019-08-23 18:58:06 - [TEST_STEP][PASSED] - F_M4reels03 = symbol: null

2019-08-23 18:58:06 - [TEST_STEP][PASSED] - F_M4reels11 = symbol: null

2019-08-23 18:58:06 - [TEST_STEP][PASSED] - F_M4reels12 = symbol: null

2019-08-23 18:58:06 - [TEST_STEP][PASSED] - F_M4reels13 = symbol: null

2019-08-23 18:58:06 - [TEST_STEP][PASSED] - F_M4reels21 = symbol: null

2019-08-23 18:58:06 - [TEST_STEP][PASSED] - F_M4reels22 = symbol: null

2019-08-23 18:58:06 - [TEST_STEP][PASSED] - F_M4reels23 = symbol: null

2019-08-23 18:58:06 - [TEST_STEP][PASSED] - F_M4reels31 = symbol: null

2019-08-23 18:58:06 - [TEST_STEP][PASSED] - F_M4reels32 = symbol: null

2019-08-23 18:58:06 - [TEST_STEP][PASSED] - F_M4reels33 = symbol: null

2019-08-23 18:58:06 - [TEST_STEP][PASSED] - F_M4reels41 = symbol: null

2019-08-23 18:58:06 - [TEST_STEP][PASSED] - F_M4reels42 = symbol: null

2019-08-23 18:58:06 - [TEST_STEP][PASSED] - F_M4reels43 = symbol: null

2019-08-23 18:58:06 - [TEST_STEP][PASSED] - M4_history_balance = M4_history_balance: null

2019-08-23 18:58:06 - [TEST_STEP][PASSED] - M4_history_balance_result = new java.lang.Long(M4_history_balance): null

2019-08-23 18:58:06 - [TEST_STEP][PASSED] - M4_bonus_total_win = 0: null

2019-08-23 18:58:06 - [TEST_STEP][PASSED] - for ([i = 0, i &lt; spin_data.size(), (i++)]): null

2019-08-23 18:58:06 - [TEST_STEP][PASSED] - line_wins = line_wins: null

2019-08-23 18:58:06 - [TEST_STEP][PASSED] - if (line_wins.size() != 0): null

2019-08-23 18:58:06 - [TEST_STEP][PASSED] - line_wins = line_wins: null

2019-08-23 18:58:06 - [TEST_STEP][PASSED] - if (line_wins.size() != 0): null

2019-08-23 18:58:06 - [TEST_STEP][PASSED] - line_wins = line_wins: null

2019-08-23 18:58:06 - [TEST_STEP][PASSED] - if (line_wins.size() != 0): null

2019-08-23 18:58:06 - [TEST_STEP][PASSED] - line_wins = line_wins: null

2019-08-23 18:58:06 - [TEST_STEP][PASSED] - if (line_wins.size() != 0): null

2019-08-23 18:58:06 - [TEST_STEP][PASSED] - M4_bonus_total_win = M4_bonus_total_win + line_wins: null

2019-08-23 18:58:06 - [MESSAGE][FAILED] - Unable to call Test Case 'Test Cases/INT_env/compare_values/1_freeSpin_verify_value' (Root cause: com.kms.katalon.core.exception.StepErrorException: Call Test Case 'Test Cases/INT_env/compare_values/1_freeSpin_verify_value' failed because of error(s)
	at com.kms.katalon.core.keyword.builtin.CallTestCaseKeyword$_callTestCase_closure1.doCall(CallTestCaseKeyword.groovy:66)
	at com.kms.katalon.core.keyword.builtin.CallTestCaseKeyword$_callTestCase_closure1.call(CallTestCaseKeyword.groovy)
	at com.kms.katalon.core.keyword.internal.KeywordMain.runKeyword(KeywordMain.groovy:68)
	at com.kms.katalon.core.keyword.builtin.CallTestCaseKeyword.callTestCase(CallTestCaseKeyword.groovy:81)
	at com.kms.katalon.core.keyword.builtin.CallTestCaseKeyword.execute(CallTestCaseKeyword.groovy:44)
	at com.kms.katalon.core.keyword.internal.KeywordExecutor.executeKeywordForPlatform(KeywordExecutor.groovy:56)
	at com.kms.katalon.core.keyword.BuiltinKeywords.callTestCase(BuiltinKeywords.groovy:350)
	at 1_Free_Spin_CALL.run(1_Free_Spin_CALL:210)
	at com.kms.katalon.core.main.ScriptEngine.run(ScriptEngine.java:194)
	at com.kms.katalon.core.main.ScriptEngine.runScriptAsRawText(ScriptEngine.java:119)
	at com.kms.katalon.core.main.TestCaseExecutor.runScript(TestCaseExecutor.java:337)
	at com.kms.katalon.core.main.TestCaseExecutor.doExecute(TestCaseExecutor.java:328)
	at com.kms.katalon.core.main.TestCaseExecutor.processExecutionPhase(TestCaseExecutor.java:307)
	at com.kms.katalon.core.main.TestCaseExecutor.accessMainPhase(TestCaseExecutor.java:299)
	at com.kms.katalon.core.main.TestCaseExecutor.execute(TestCaseExecutor.java:233)
	at com.kms.katalon.core.main.TestSuiteExecutor.accessTestCaseMainPhase(TestSuiteExecutor.java:150)
	at com.kms.katalon.core.main.TestSuiteExecutor.accessTestSuiteMainPhase(TestSuiteExecutor.java:123)
	at com.kms.katalon.core.main.TestSuiteExecutor.execute(TestSuiteExecutor.java:87)
	at com.kms.katalon.core.main.TestCaseMain.startTestSuite(TestCaseMain.java:157)
	at com.kms.katalon.core.main.TestCaseMain$startTestSuite$0.call(Unknown Source)
	at TempTestSuite1566557287207.run(TempTestSuite1566557287207.groovy:35)
Caused by: groovy.lang.MissingMethodException: No signature of method: java.lang.Integer.plus() is applicable for argument types: (java.util.ArrayList) values: [[[kind:3, line:1, prize:96000, symbol:PIC2, wild_multiplier:0]]]
Possible solutions: plus(java.lang.Character), plus(java.lang.String), plus(java.lang.Number), abs(), split(groovy.lang.Closure), minus(java.lang.Character)
	at 1_freeSpin_verify_value.run(1_freeSpin_verify_value:341)
	at com.kms.katalon.core.main.ScriptEngine.run(ScriptEngine.java:194)
	at com.kms.katalon.core.main.ScriptEngine.runScriptAsRawText(ScriptEngine.java:119)
	at com.kms.katalon.core.main.TestCaseExecutor.runScript(TestCaseExecutor.java:337)
	at com.kms.katalon.core.main.TestCaseExecutor.doExecute(TestCaseExecutor.java:328)
	at com.kms.katalon.core.main.TestCaseExecutor.processExecutionPhase(TestCaseExecutor.java:307)
	at com.kms.katalon.core.main.TestCaseExecutor.accessMainPhase(TestCaseExecutor.java:299)
	at com.kms.katalon.core.main.TestCaseExecutor.execute(TestCaseExecutor.java:233)
	at com.kms.katalon.core.main.TestCaseMain.runTestCase(TestCaseMain.java:114)
	at com.kms.katalon.core.keyword.builtin.CallTestCaseKeyword$_callTestCase_closure1.doCall(CallTestCaseKeyword.groovy:59)
	... 20 more
)</system-out>
            <system-err>2019-08-23 18:48:09 - [TEST_CASE][ERROR] - Test Cases/INT_env/1_Free_Spin_CALL: Test Cases/INT_env/1_Free_Spin_CALL FAILED.
Reason:
com.kms.katalon.core.exception.StepErrorException: Call Test Case 'Test Cases/INT_env/compare_values/1_freeSpin_verify_value' failed because of error(s)
	at com.kms.katalon.core.keyword.builtin.CallTestCaseKeyword$_callTestCase_closure1.doCall(CallTestCaseKeyword.groovy:66)
	at com.kms.katalon.core.keyword.builtin.CallTestCaseKeyword$_callTestCase_closure1.call(CallTestCaseKeyword.groovy)
	at com.kms.katalon.core.keyword.internal.KeywordMain.runKeyword(KeywordMain.groovy:68)
	at com.kms.katalon.core.keyword.builtin.CallTestCaseKeyword.callTestCase(CallTestCaseKeyword.groovy:81)
	at com.kms.katalon.core.keyword.builtin.CallTestCaseKeyword.execute(CallTestCaseKeyword.groovy:44)
	at com.kms.katalon.core.keyword.internal.KeywordExecutor.executeKeywordForPlatform(KeywordExecutor.groovy:56)
	at com.kms.katalon.core.keyword.BuiltinKeywords.callTestCase(BuiltinKeywords.groovy:350)
	at 1_Free_Spin_CALL.run(1_Free_Spin_CALL:210)
	at com.kms.katalon.core.main.ScriptEngine.run(ScriptEngine.java:194)
	at com.kms.katalon.core.main.ScriptEngine.runScriptAsRawText(ScriptEngine.java:119)
	at com.kms.katalon.core.main.TestCaseExecutor.runScript(TestCaseExecutor.java:337)
	at com.kms.katalon.core.main.TestCaseExecutor.doExecute(TestCaseExecutor.java:328)
	at com.kms.katalon.core.main.TestCaseExecutor.processExecutionPhase(TestCaseExecutor.java:307)
	at com.kms.katalon.core.main.TestCaseExecutor.accessMainPhase(TestCaseExecutor.java:299)
	at com.kms.katalon.core.main.TestCaseExecutor.execute(TestCaseExecutor.java:233)
	at com.kms.katalon.core.main.TestSuiteExecutor.accessTestCaseMainPhase(TestSuiteExecutor.java:150)
	at com.kms.katalon.core.main.TestSuiteExecutor.accessTestSuiteMainPhase(TestSuiteExecutor.java:123)
	at com.kms.katalon.core.main.TestSuiteExecutor.execute(TestSuiteExecutor.java:87)
	at com.kms.katalon.core.main.TestCaseMain.startTestSuite(TestCaseMain.java:157)
	at com.kms.katalon.core.main.TestCaseMain$startTestSuite$0.call(Unknown Source)
	at TempTestSuite1566557287207.run(TempTestSuite1566557287207.groovy:35)
Caused by: groovy.lang.MissingMethodException: No signature of method: java.lang.Integer.plus() is applicable for argument types: (java.util.ArrayList) values: [[[kind:3, line:1, prize:96000, symbol:PIC2, wild_multiplier:0]]]
Possible solutions: plus(java.lang.Character), plus(java.lang.String), plus(java.lang.Number), abs(), split(groovy.lang.Closure), minus(java.lang.Character)
	at 1_freeSpin_verify_value.run(1_freeSpin_verify_value:341)
	at com.kms.katalon.core.main.ScriptEngine.run(ScriptEngine.java:194)
	at com.kms.katalon.core.main.ScriptEngine.runScriptAsRawText(ScriptEngine.java:119)
	at com.kms.katalon.core.main.TestCaseExecutor.runScript(TestCaseExecutor.java:337)
	at com.kms.katalon.core.main.TestCaseExecutor.doExecute(TestCaseExecutor.java:328)
	at com.kms.katalon.core.main.TestCaseExecutor.processExecutionPhase(TestCaseExecutor.java:307)
	at com.kms.katalon.core.main.TestCaseExecutor.accessMainPhase(TestCaseExecutor.java:299)
	at com.kms.katalon.core.main.TestCaseExecutor.execute(TestCaseExecutor.java:233)
	at com.kms.katalon.core.main.TestCaseMain.runTestCase(TestCaseMain.java:114)
	at com.kms.katalon.core.keyword.builtin.CallTestCaseKeyword$_callTestCase_closure1.doCall(CallTestCaseKeyword.groovy:59)
	... 20 more</system-err>
        </testcase>
        <system-out>2019-08-23 18:48:09 - [TEST_SUITE][ERROR] - superWild_1: Test Cases/INT_env/1_Free_Spin_CALL FAILED.
Reason:
com.kms.katalon.core.exception.StepErrorException: Call Test Case 'Test Cases/INT_env/compare_values/1_freeSpin_verify_value' failed because of error(s)
	at com.kms.katalon.core.keyword.builtin.CallTestCaseKeyword$_callTestCase_closure1.doCall(CallTestCaseKeyword.groovy:66)
	at com.kms.katalon.core.keyword.builtin.CallTestCaseKeyword$_callTestCase_closure1.call(CallTestCaseKeyword.groovy)
	at com.kms.katalon.core.keyword.internal.KeywordMain.runKeyword(KeywordMain.groovy:68)
	at com.kms.katalon.core.keyword.builtin.CallTestCaseKeyword.callTestCase(CallTestCaseKeyword.groovy:81)
	at com.kms.katalon.core.keyword.builtin.CallTestCaseKeyword.execute(CallTestCaseKeyword.groovy:44)
	at com.kms.katalon.core.keyword.internal.KeywordExecutor.executeKeywordForPlatform(KeywordExecutor.groovy:56)
	at com.kms.katalon.core.keyword.BuiltinKeywords.callTestCase(BuiltinKeywords.groovy:350)
	at 1_Free_Spin_CALL.run(1_Free_Spin_CALL:210)
	at com.kms.katalon.core.main.ScriptEngine.run(ScriptEngine.java:194)
	at com.kms.katalon.core.main.ScriptEngine.runScriptAsRawText(ScriptEngine.java:119)
	at com.kms.katalon.core.main.TestCaseExecutor.runScript(TestCaseExecutor.java:337)
	at com.kms.katalon.core.main.TestCaseExecutor.doExecute(TestCaseExecutor.java:328)
	at com.kms.katalon.core.main.TestCaseExecutor.processExecutionPhase(TestCaseExecutor.java:307)
	at com.kms.katalon.core.main.TestCaseExecutor.accessMainPhase(TestCaseExecutor.java:299)
	at com.kms.katalon.core.main.TestCaseExecutor.execute(TestCaseExecutor.java:233)
	at com.kms.katalon.core.main.TestSuiteExecutor.accessTestCaseMainPhase(TestSuiteExecutor.java:150)
	at com.kms.katalon.core.main.TestSuiteExecutor.accessTestSuiteMainPhase(TestSuiteExecutor.java:123)
	at com.kms.katalon.core.main.TestSuiteExecutor.execute(TestSuiteExecutor.java:87)
	at com.kms.katalon.core.main.TestCaseMain.startTestSuite(TestCaseMain.java:157)
	at com.kms.katalon.core.main.TestCaseMain$startTestSuite$0.call(Unknown Source)
	at TempTestSuite1566557287207.run(TempTestSuite1566557287207.groovy:35)
Caused by: groovy.lang.MissingMethodException: No signature of method: java.lang.Integer.plus() is applicable for argument types: (java.util.ArrayList) values: [[[kind:3, line:1, prize:96000, symbol:PIC2, wild_multiplier:0]]]
Possible solutions: plus(java.lang.Character), plus(java.lang.String), plus(java.lang.Number), abs(), split(groovy.lang.Closure), minus(java.lang.Character)
	at 1_freeSpin_verify_value.run(1_freeSpin_verify_value:341)
	at com.kms.katalon.core.main.ScriptEngine.run(ScriptEngine.java:194)
	at com.kms.katalon.core.main.ScriptEngine.runScriptAsRawText(ScriptEngine.java:119)
	at com.kms.katalon.core.main.TestCaseExecutor.runScript(TestCaseExecutor.java:337)
	at com.kms.katalon.core.main.TestCaseExecutor.doExecute(TestCaseExecutor.java:328)
	at com.kms.katalon.core.main.TestCaseExecutor.processExecutionPhase(TestCaseExecutor.java:307)
	at com.kms.katalon.core.main.TestCaseExecutor.accessMainPhase(TestCaseExecutor.java:299)
	at com.kms.katalon.core.main.TestCaseExecutor.execute(TestCaseExecutor.java:233)
	at com.kms.katalon.core.main.TestCaseMain.runTestCase(TestCaseMain.java:114)
	at com.kms.katalon.core.keyword.builtin.CallTestCaseKeyword$_callTestCase_closure1.doCall(CallTestCaseKeyword.groovy:59)
	... 20 more</system-out>
        <system-err>2019-08-23 18:48:09 - [TEST_SUITE][ERROR] - superWild_1: Test Cases/INT_env/1_Free_Spin_CALL FAILED.
Reason:
com.kms.katalon.core.exception.StepErrorException: Call Test Case 'Test Cases/INT_env/compare_values/1_freeSpin_verify_value' failed because of error(s)
	at com.kms.katalon.core.keyword.builtin.CallTestCaseKeyword$_callTestCase_closure1.doCall(CallTestCaseKeyword.groovy:66)
	at com.kms.katalon.core.keyword.builtin.CallTestCaseKeyword$_callTestCase_closure1.call(CallTestCaseKeyword.groovy)
	at com.kms.katalon.core.keyword.internal.KeywordMain.runKeyword(KeywordMain.groovy:68)
	at com.kms.katalon.core.keyword.builtin.CallTestCaseKeyword.callTestCase(CallTestCaseKeyword.groovy:81)
	at com.kms.katalon.core.keyword.builtin.CallTestCaseKeyword.execute(CallTestCaseKeyword.groovy:44)
	at com.kms.katalon.core.keyword.internal.KeywordExecutor.executeKeywordForPlatform(KeywordExecutor.groovy:56)
	at com.kms.katalon.core.keyword.BuiltinKeywords.callTestCase(BuiltinKeywords.groovy:350)
	at 1_Free_Spin_CALL.run(1_Free_Spin_CALL:210)
	at com.kms.katalon.core.main.ScriptEngine.run(ScriptEngine.java:194)
	at com.kms.katalon.core.main.ScriptEngine.runScriptAsRawText(ScriptEngine.java:119)
	at com.kms.katalon.core.main.TestCaseExecutor.runScript(TestCaseExecutor.java:337)
	at com.kms.katalon.core.main.TestCaseExecutor.doExecute(TestCaseExecutor.java:328)
	at com.kms.katalon.core.main.TestCaseExecutor.processExecutionPhase(TestCaseExecutor.java:307)
	at com.kms.katalon.core.main.TestCaseExecutor.accessMainPhase(TestCaseExecutor.java:299)
	at com.kms.katalon.core.main.TestCaseExecutor.execute(TestCaseExecutor.java:233)
	at com.kms.katalon.core.main.TestSuiteExecutor.accessTestCaseMainPhase(TestSuiteExecutor.java:150)
	at com.kms.katalon.core.main.TestSuiteExecutor.accessTestSuiteMainPhase(TestSuiteExecutor.java:123)
	at com.kms.katalon.core.main.TestSuiteExecutor.execute(TestSuiteExecutor.java:87)
	at com.kms.katalon.core.main.TestCaseMain.startTestSuite(TestCaseMain.java:157)
	at com.kms.katalon.core.main.TestCaseMain$startTestSuite$0.call(Unknown Source)
	at TempTestSuite1566557287207.run(TempTestSuite1566557287207.groovy:35)
Caused by: groovy.lang.MissingMethodException: No signature of method: java.lang.Integer.plus() is applicable for argument types: (java.util.ArrayList) values: [[[kind:3, line:1, prize:96000, symbol:PIC2, wild_multiplier:0]]]
Possible solutions: plus(java.lang.Character), plus(java.lang.String), plus(java.lang.Number), abs(), split(groovy.lang.Closure), minus(java.lang.Character)
	at 1_freeSpin_verify_value.run(1_freeSpin_verify_value:341)
	at com.kms.katalon.core.main.ScriptEngine.run(ScriptEngine.java:194)
	at com.kms.katalon.core.main.ScriptEngine.runScriptAsRawText(ScriptEngine.java:119)
	at com.kms.katalon.core.main.TestCaseExecutor.runScript(TestCaseExecutor.java:337)
	at com.kms.katalon.core.main.TestCaseExecutor.doExecute(TestCaseExecutor.java:328)
	at com.kms.katalon.core.main.TestCaseExecutor.processExecutionPhase(TestCaseExecutor.java:307)
	at com.kms.katalon.core.main.TestCaseExecutor.accessMainPhase(TestCaseExecutor.java:299)
	at com.kms.katalon.core.main.TestCaseExecutor.execute(TestCaseExecutor.java:233)
	at com.kms.katalon.core.main.TestCaseMain.runTestCase(TestCaseMain.java:114)
	at com.kms.katalon.core.keyword.builtin.CallTestCaseKeyword$_callTestCase_closure1.doCall(CallTestCaseKeyword.groovy:59)
	... 20 more</system-err>
    </testsuite>
</testsuites>
