<?xml version="1.0" encoding="UTF-8" standalone="yes"?>
<testsuites name="superWild_5" time="597" tests="1" failures="0" errors="0">
    <testsuite name="superWild_5" tests="1" failures="0" errors="0" time="597" timestamp="2019-08-24 13:00:11" hostname="eiralee - 172.20.10.2" id="Test Suites/INT/superWild_5">
        <properties>
            <property name="deviceName" value=""/>
            <property name="devicePlatform" value=""/>
            <property name="logFolder" value="/Users/eiralee/Katalon_Script/SuperWild/Reports/20190824_125957/INT/superWild_5/20190824_125957"/>
            <property name="logFiles" value="/Users/eiralee/Katalon_Script/SuperWild/Reports/20190824_125957/INT/superWild_5/20190824_125957/execution0.log, /Users/eiralee/Katalon_Script/SuperWild/Reports/20190824_125957/INT/superWild_5/20190824_125957/execution1.log, /Users/eiralee/Katalon_Script/SuperWild/Reports/20190824_125957/INT/superWild_5/20190824_125957/execution2.log"/>
            <property name="attachments" value=""/>
            <property name="hostName" value="eiralee - 172.20.10.2"/>
            <property name="hostAddress" value="172.20.10.2"/>
            <property name="os" value="Mac OS X 64bit"/>
            <property name="katalonVersion" value="6.3.1.2"/>
        </properties>
        <testcase name="Test Cases/INT_env/5_Expanding_CALL" classname="Test Cases/INT_env/5_Expanding_CALL" status="PASSED">
            <system-out>2019-08-24 13:00:12 - [TEST_CASE][PASSED] - Test Cases/INT_env/5_Expanding_CALL: Test Cases/INT_env/5_Expanding_CALL

2019-08-24 13:00:13 - [TEST_STEP][PASSED] - Expanding = new java.util.ArrayList(): null

2019-08-24 13:00:13 - [TEST_STEP][PASSED] - Expanding.add("original_reels"): null

2019-08-24 13:00:13 - [TEST_STEP][PASSED] - Expanding.add("swapped_symbols"): null

2019-08-24 13:00:13 - [TEST_STEP][PASSED] - sendRequestAndVerify(findTestObject("INT/Wallet/Get_Session_Token", ["url_krug_gw":url_krug_gw, "partner":Partner, "secret_key":secret_key, "userid":Userid])): Send request and verify the response successfully

2019-08-24 13:00:14 - [MESSAGE][INFO] - HAR: /Users/eiralee/Katalon_Script/SuperWild/Reports/20190824_125957/INT/superWild_5/20190824_125957/requests/main/0.har

2019-08-24 13:00:14 - [TEST_CASE][PASSED] - Start Test Case : Verification: Verification accomplished successfully

2019-08-24 13:00:14 - [TEST_STEP][PASSED] - request = getInstance().getCurrentRequest(): null

2019-08-24 13:00:14 - [TEST_STEP][PASSED] - response = getInstance().getCurrentResponse(): null

2019-08-24 13:00:14 - [TEST_STEP][PASSED] - verifyResponseStatusCode(response, 200): Verify response status code successfully

2019-08-24 13:00:14 - [MESSAGE][PASSED] - Verify response status code successfully

2019-08-24 13:00:14 - [TEST_STEP][PASSED] - getStatusCode()).isEqualTo(200): null

2019-08-24 13:00:15 - [TEST_STEP][PASSED] - getResponseText()).contains("session_token"): null

2019-08-24 13:00:15 - [TEST_STEP][PASSED] - getsession = new groovy.json.JsonSlurper(): null

2019-08-24 13:00:15 - [TEST_STEP][PASSED] - result_getsession = getsession.parseText(response.getResponseBodyContent()): null

2019-08-24 13:00:15 - [TEST_STEP][PASSED] - session_token = session_token: null

2019-08-24 13:00:15 - [TEST_STEP][PASSED] - println("...value extracted is :" + session_token): null

2019-08-24 13:00:15 - [TEST_STEP][PASSED] - session_token = session_token: null

2019-08-24 13:00:16 - [TEST_STEP][PASSED] - println("GlobalVariable is :" + session_token): null

2019-08-24 13:00:16 - [TEST_STEP][PASSED] - internal_balance = internal_balance: null

2019-08-24 13:00:16 - [TEST_STEP][PASSED] - internal_balance = internal_balance: null

2019-08-24 13:00:16 - [MESSAGE][PASSED] - Verify response successfully

2019-08-24 13:00:16 - [MESSAGE][PASSED] - Send request and verify the response successfully

2019-08-24 13:00:16 - [TEST_STEP][PASSED] - M4_login = sendRequestAndVerify(findTestObject("INT/RGS(M4)/M4_Login", ["partner":Partner, "game_code":Game_code, "session_token":session_token])): Send request and verify the response successfully

2019-08-24 13:00:18 - [MESSAGE][INFO] - HAR: /Users/eiralee/Katalon_Script/SuperWild/Reports/20190824_125957/INT/superWild_5/20190824_125957/requests/main/1.har

2019-08-24 13:00:18 - [TEST_CASE][PASSED] - Start Test Case : Verification: Verification accomplished successfully

2019-08-24 13:00:18 - [TEST_STEP][PASSED] - request = getInstance().getCurrentRequest(): null

2019-08-24 13:00:18 - [TEST_STEP][PASSED] - response = getInstance().getCurrentResponse(): null

2019-08-24 13:00:18 - [TEST_STEP][PASSED] - verifyResponseStatusCode(response, 200): Verify response status code successfully

2019-08-24 13:00:18 - [MESSAGE][PASSED] - Verify response status code successfully

2019-08-24 13:00:18 - [TEST_STEP][PASSED] - getStatusCode()).isEqualTo(200): null

2019-08-24 13:00:18 - [TEST_STEP][PASSED] - newline = System.getProperty("line.separator"): null

2019-08-24 13:00:18 - [TEST_STEP][PASSED] - M4_login = new groovy.json.JsonSlurper(): null

2019-08-24 13:00:18 - [TEST_STEP][PASSED] - result_M4_login = M4_login.parseText(response.getResponseBodyContent()): null

2019-08-24 13:00:18 - [TEST_STEP][PASSED] - M4_login_user_id = user_id: null

2019-08-24 13:00:18 - [TEST_STEP][PASSED] - println("playerid is: " + M4_login_user_id): null

2019-08-24 13:00:18 - [TEST_STEP][PASSED] - M4_login_user_id = M4_login_user_id: null

2019-08-24 13:00:18 - [MESSAGE][PASSED] - Verify response successfully

2019-08-24 13:00:18 - [MESSAGE][PASSED] - Send request and verify the response successfully

2019-08-24 13:00:18 - [TEST_STEP][PASSED] - M4_login_user_id = M4_login_user_id: null

2019-08-24 13:00:18 - [TEST_STEP][PASSED] - M4_init = sendRequestAndVerify(findTestObject("INT/RGS(M4)/M4_init", ["partner":Partner, "gameId":gameId, "M4_login_user_id":M4_login_user_id])): Send request and verify the response successfully

2019-08-24 13:00:19 - [MESSAGE][INFO] - HAR: /Users/eiralee/Katalon_Script/SuperWild/Reports/20190824_125957/INT/superWild_5/20190824_125957/requests/main/2.har

2019-08-24 13:00:19 - [TEST_CASE][PASSED] - Start Test Case : Verification: Verification accomplished successfully

2019-08-24 13:00:19 - [TEST_STEP][PASSED] - request = getInstance().getCurrentRequest(): null

2019-08-24 13:00:19 - [TEST_STEP][PASSED] - response = getInstance().getCurrentResponse(): null

2019-08-24 13:00:19 - [TEST_STEP][PASSED] - verifyResponseStatusCode(response, 200): Verify response status code successfully

2019-08-24 13:00:19 - [MESSAGE][PASSED] - Verify response status code successfully

2019-08-24 13:00:19 - [TEST_STEP][PASSED] - getStatusCode()).isEqualTo(200): null

2019-08-24 13:00:19 - [TEST_STEP][PASSED] - newline = System.getProperty("line.separator"): null

2019-08-24 13:00:19 - [TEST_STEP][PASSED] - M4_init = new groovy.json.JsonSlurper(): null

2019-08-24 13:00:19 - [TEST_STEP][PASSED] - result_M4_init = M4_init.parseText(response.getResponseBodyContent()): null

2019-08-24 13:00:19 - [TEST_STEP][PASSED] - rgs_session_token = session_token: null

2019-08-24 13:00:19 - [TEST_STEP][PASSED] - rgs_session_token = rgs_session_token: null

2019-08-24 13:00:19 - [TEST_STEP][PASSED] - M4_init_balance = balance: null

2019-08-24 13:00:19 - [TEST_STEP][PASSED] - M4_init_balance = M4_init_balance: null

2019-08-24 13:00:19 - [TEST_STEP][PASSED] - game_code = genesis_id: null

2019-08-24 13:00:19 - [TEST_STEP][PASSED] - game_code = game_code: null

2019-08-24 13:00:19 - [TEST_STEP][PASSED] - M4_free_round = free_round: null

2019-08-24 13:00:19 - [TEST_STEP][PASSED] - M4_free_round = M4_free_round: null

2019-08-24 13:00:19 - [MESSAGE][PASSED] - Verify response successfully

2019-08-24 13:00:19 - [MESSAGE][PASSED] - Send request and verify the response successfully

2019-08-24 13:00:19 - [TEST_STEP][PASSED] - rgs_session_token = rgs_session_token: null

2019-08-24 13:00:19 - [TEST_STEP][PASSED] - for ([i = 0, i &lt;= 500, (i++)]): null

2019-08-24 13:00:19 - [TEST_STEP][PASSED] - free_spin_reel_counter = free_spin_reel_counter: null

2019-08-24 13:00:19 - [TEST_STEP][PASSED] - M4_spin_reels_symbols = M4_spin_reels_symbols: null

2019-08-24 13:00:19 - [TEST_STEP][PASSED] - M4_total_bonus_spins = M4_total_bonus_spins: null

2019-08-24 13:00:19 - [TEST_STEP][PASSED] - spin_result = sendRequestAndVerify(findTestObject("INT/RGS(M4)/1_M4_spin", ["M4_login_user_id":M4_login_user_id, "rgs_session_token":rgs_session_token, "partner":Partner])): Send request and verify the response successfully

2019-08-24 13:00:20 - [MESSAGE][INFO] - HAR: /Users/eiralee/Katalon_Script/SuperWild/Reports/20190824_125957/INT/superWild_5/20190824_125957/requests/main/3.har

2019-08-24 13:00:20 - [TEST_CASE][PASSED] - Start Test Case : Verification: Verification accomplished successfully

2019-08-24 13:00:20 - [TEST_STEP][PASSED] - request = getInstance().getCurrentRequest(): null

2019-08-24 13:00:20 - [TEST_STEP][PASSED] - response = getInstance().getCurrentResponse(): null

2019-08-24 13:00:20 - [TEST_STEP][PASSED] - verifyResponseStatusCode(response, 200): Verify response status code successfully

2019-08-24 13:00:20 - [MESSAGE][PASSED] - Verify response status code successfully

2019-08-24 13:00:20 - [TEST_STEP][PASSED] - getStatusCode()).isEqualTo(200): null

2019-08-24 13:00:20 - [TEST_STEP][PASSED] - newline = System.getProperty("line.separator"): null

2019-08-24 13:00:20 - [TEST_STEP][PASSED] - M4_spin = new groovy.json.JsonSlurper(): null

2019-08-24 13:00:20 - [TEST_STEP][PASSED] - result_M4_spin = M4_spin.parseText(response.getResponseBodyContent()): null

2019-08-24 13:00:20 - [TEST_STEP][PASSED] - M4_spin_current_balance = current_balance: null

2019-08-24 13:00:20 - [TEST_STEP][PASSED] - M4_spin_current_balance = M4_spin_current_balance: null

2019-08-24 13:00:20 - [TEST_STEP][PASSED] - M4_spin_transaction_id = causality: null

2019-08-24 13:00:20 - [TEST_STEP][PASSED] - M4_spin_transaction_id = M4_spin_transaction_id: null

2019-08-24 13:00:20 - [TEST_STEP][PASSED] - M4_spin_round_id = round_id: null

2019-08-24 13:00:20 - [TEST_STEP][PASSED] - M4_spin_round_id = M4_spin_round_id: null

2019-08-24 13:00:20 - [TEST_STEP][PASSED] - M4_spin_line_wins = line_wins: null

2019-08-24 13:00:20 - [TEST_STEP][PASSED] - M4_spin_line_wins = M4_spin_line_wins: null

2019-08-24 13:00:20 - [TEST_STEP][PASSED] - M4_total_bonus_spins_int = total_bonus_spins: null

2019-08-24 13:00:20 - [TEST_STEP][PASSED] - println("******M4_total_bonus_spins type is:*******" + newline + getClass().getName()): null

2019-08-24 13:00:20 - [TEST_STEP][PASSED] - M4_total_bonus_spins_int = M4_total_bonus_spins_int: null

2019-08-24 13:00:20 - [TEST_STEP][PASSED] - M4_total_bonus_spins = Integer.toString(M4_total_bonus_spins_int): null

2019-08-24 13:00:20 - [TEST_STEP][PASSED] - M4_total_bonus_spins = M4_total_bonus_spins: null

2019-08-24 13:00:20 - [TEST_STEP][PASSED] - println("M4_total_bonus_spins is:" + M4_total_bonus_spins): null

2019-08-24 13:00:20 - [TEST_STEP][PASSED] - M4_spin_bonus_data = bonus_data: null

2019-08-24 13:00:20 - [TEST_STEP][PASSED] - M4_spin_features_triggered = result_M4_spin: null

2019-08-24 13:00:20 - [TEST_STEP][PASSED] - wild = []: null

2019-08-24 13:00:20 - [TEST_STEP][PASSED] - wild[0] = "WILD_Expanding": null

2019-08-24 13:00:20 - [TEST_STEP][PASSED] - wild[1] = "WILD_Normal": null

2019-08-24 13:00:20 - [TEST_STEP][PASSED] - wild[2] = "WILD_Double": null

2019-08-24 13:00:20 - [TEST_STEP][PASSED] - wild[3] = "WILD_ExtraFG": null

2019-08-24 13:00:20 - [TEST_STEP][PASSED] - wild[4] = "WILD_Triple": null

2019-08-24 13:00:20 - [TEST_STEP][PASSED] - wildList = Arrays.asList(wild): null

2019-08-24 13:00:20 - [TEST_STEP][PASSED] - wildList = wildList: null

2019-08-24 13:00:20 - [TEST_STEP][PASSED] - free_spin_reel_counter = []: null

2019-08-24 13:00:20 - [TEST_STEP][PASSED] - free_spin_reel_counter[0] = 0: null

2019-08-24 13:00:20 - [TEST_STEP][PASSED] - free_spin_reel_counter[1] = 0: null

2019-08-24 13:00:20 - [TEST_STEP][PASSED] - free_spin_reel_counter[2] = 0: null

2019-08-24 13:00:20 - [TEST_STEP][PASSED] - M4_spin_reels = reels: null

2019-08-24 13:00:20 - [TEST_STEP][PASSED] - for ([i = 0, i &lt; M4_spin_reels.size(), (i++)]): null

2019-08-24 13:00:20 - [TEST_STEP][PASSED] - symbols = symbols: null

2019-08-24 13:00:20 - [TEST_STEP][PASSED] - for ([j = 0, j &lt; symbols.size(), (j++)]): null

2019-08-24 13:00:20 - [TEST_STEP][PASSED] - symbol = symbol: null

2019-08-24 13:00:20 - [TEST_STEP][PASSED] - println(symbol): null

2019-08-24 13:00:20 - [TEST_STEP][PASSED] - if (i == 2 &amp;&amp; wildList.indexOf(symbol) != -1): null

2019-08-24 13:00:20 - [TEST_STEP][PASSED] - if (i == 3 &amp;&amp; wildList.indexOf(symbol) != -1): null

2019-08-24 13:00:20 - [TEST_STEP][PASSED] - if (i == 4 &amp;&amp; wildList.indexOf(symbol) != -1): null

2019-08-24 13:00:20 - [TEST_STEP][PASSED] - symbol = symbol: null

2019-08-24 13:00:20 - [TEST_STEP][PASSED] - println(symbol): null

2019-08-24 13:00:20 - [TEST_STEP][PASSED] - if (i == 2 &amp;&amp; wildList.indexOf(symbol) != -1): null

2019-08-24 13:00:20 - [TEST_STEP][PASSED] - if (i == 3 &amp;&amp; wildList.indexOf(symbol) != -1): null

2019-08-24 13:00:20 - [TEST_STEP][PASSED] - if (i == 4 &amp;&amp; wildList.indexOf(symbol) != -1): null

2019-08-24 13:00:20 - [TEST_STEP][PASSED] - symbol = symbol: null

2019-08-24 13:00:20 - [TEST_STEP][PASSED] - println(symbol): null

2019-08-24 13:00:20 - [TEST_STEP][PASSED] - if (i == 2 &amp;&amp; wildList.indexOf(symbol) != -1): null

2019-08-24 13:00:20 - [TEST_STEP][PASSED] - if (i == 3 &amp;&amp; wildList.indexOf(symbol) != -1): null

2019-08-24 13:00:20 - [TEST_STEP][PASSED] - if (i == 4 &amp;&amp; wildList.indexOf(symbol) != -1): null

2019-08-24 13:00:20 - [TEST_STEP][PASSED] - symbols = symbols: null

2019-08-24 13:00:20 - [TEST_STEP][PASSED] - for ([j = 0, j &lt; symbols.size(), (j++)]): null

2019-08-24 13:00:20 - [TEST_STEP][PASSED] - symbol = symbol: null

2019-08-24 13:00:20 - [TEST_STEP][PASSED] - println(symbol): null

2019-08-24 13:00:20 - [TEST_STEP][PASSED] - if (i == 2 &amp;&amp; wildList.indexOf(symbol) != -1): null

2019-08-24 13:00:20 - [TEST_STEP][PASSED] - if (i == 3 &amp;&amp; wildList.indexOf(symbol) != -1): null

2019-08-24 13:00:20 - [TEST_STEP][PASSED] - if (i == 4 &amp;&amp; wildList.indexOf(symbol) != -1): null

2019-08-24 13:00:20 - [TEST_STEP][PASSED] - symbol = symbol: null

2019-08-24 13:00:20 - [TEST_STEP][PASSED] - println(symbol): null

2019-08-24 13:00:20 - [TEST_STEP][PASSED] - if (i == 2 &amp;&amp; wildList.indexOf(symbol) != -1): null

2019-08-24 13:00:20 - [TEST_STEP][PASSED] - if (i == 3 &amp;&amp; wildList.indexOf(symbol) != -1): null

2019-08-24 13:00:20 - [TEST_STEP][PASSED] - if (i == 4 &amp;&amp; wildList.indexOf(symbol) != -1): null

2019-08-24 13:00:20 - [TEST_STEP][PASSED] - symbol = symbol: null

2019-08-24 13:00:20 - [TEST_STEP][PASSED] - println(symbol): null

2019-08-24 13:00:20 - [TEST_STEP][PASSED] - if (i == 2 &amp;&amp; wildList.indexOf(symbol) != -1): null

2019-08-24 13:00:20 - [TEST_STEP][PASSED] - if (i == 3 &amp;&amp; wildList.indexOf(symbol) != -1): null

2019-08-24 13:00:20 - [TEST_STEP][PASSED] - if (i == 4 &amp;&amp; wildList.indexOf(symbol) != -1): null

2019-08-24 13:00:20 - [TEST_STEP][PASSED] - symbols = symbols: null

2019-08-24 13:00:20 - [TEST_STEP][PASSED] - for ([j = 0, j &lt; symbols.size(), (j++)]): null

2019-08-24 13:00:20 - [TEST_STEP][PASSED] - symbol = symbol: null

2019-08-24 13:00:20 - [TEST_STEP][PASSED] - println(symbol): null

2019-08-24 13:00:20 - [TEST_STEP][PASSED] - if (i == 2 &amp;&amp; wildList.indexOf(symbol) != -1): null

2019-08-24 13:00:20 - [TEST_STEP][PASSED] - if (i == 3 &amp;&amp; wildList.indexOf(symbol) != -1): null

2019-08-24 13:00:20 - [TEST_STEP][PASSED] - if (i == 4 &amp;&amp; wildList.indexOf(symbol) != -1): null

2019-08-24 13:00:20 - [TEST_STEP][PASSED] - symbol = symbol: null

2019-08-24 13:00:20 - [TEST_STEP][PASSED] - println(symbol): null

2019-08-24 13:00:20 - [TEST_STEP][PASSED] - if (i == 2 &amp;&amp; wildList.indexOf(symbol) != -1): null

2019-08-24 13:00:20 - [TEST_STEP][PASSED] - if (i == 3 &amp;&amp; wildList.indexOf(symbol) != -1): null

2019-08-24 13:00:20 - [TEST_STEP][PASSED] - if (i == 4 &amp;&amp; wildList.indexOf(symbol) != -1): null

2019-08-24 13:00:20 - [TEST_STEP][PASSED] - symbol = symbol: null

2019-08-24 13:00:20 - [TEST_STEP][PASSED] - println(symbol): null

2019-08-24 13:00:20 - [TEST_STEP][PASSED] - if (i == 2 &amp;&amp; wildList.indexOf(symbol) != -1): null

2019-08-24 13:00:20 - [TEST_STEP][PASSED] - if (i == 3 &amp;&amp; wildList.indexOf(symbol) != -1): null

2019-08-24 13:00:20 - [TEST_STEP][PASSED] - if (i == 4 &amp;&amp; wildList.indexOf(symbol) != -1): null

2019-08-24 13:00:20 - [TEST_STEP][PASSED] - symbols = symbols: null

2019-08-24 13:00:20 - [TEST_STEP][PASSED] - for ([j = 0, j &lt; symbols.size(), (j++)]): null

2019-08-24 13:00:20 - [TEST_STEP][PASSED] - symbol = symbol: null

2019-08-24 13:00:20 - [TEST_STEP][PASSED] - println(symbol): null

2019-08-24 13:00:20 - [TEST_STEP][PASSED] - if (i == 2 &amp;&amp; wildList.indexOf(symbol) != -1): null

2019-08-24 13:00:20 - [TEST_STEP][PASSED] - if (i == 3 &amp;&amp; wildList.indexOf(symbol) != -1): null

2019-08-24 13:00:20 - [TEST_STEP][PASSED] - if (i == 4 &amp;&amp; wildList.indexOf(symbol) != -1): null

2019-08-24 13:00:20 - [TEST_STEP][PASSED] - symbol = symbol: null

2019-08-24 13:00:20 - [TEST_STEP][PASSED] - println(symbol): null

2019-08-24 13:00:20 - [TEST_STEP][PASSED] - if (i == 2 &amp;&amp; wildList.indexOf(symbol) != -1): null

2019-08-24 13:00:20 - [TEST_STEP][PASSED] - if (i == 3 &amp;&amp; wildList.indexOf(symbol) != -1): null

2019-08-24 13:00:20 - [TEST_STEP][PASSED] - if (i == 4 &amp;&amp; wildList.indexOf(symbol) != -1): null

2019-08-24 13:00:20 - [TEST_STEP][PASSED] - symbol = symbol: null

2019-08-24 13:00:20 - [TEST_STEP][PASSED] - println(symbol): null

2019-08-24 13:00:20 - [TEST_STEP][PASSED] - if (i == 2 &amp;&amp; wildList.indexOf(symbol) != -1): null

2019-08-24 13:00:20 - [TEST_STEP][PASSED] - if (i == 3 &amp;&amp; wildList.indexOf(symbol) != -1): null

2019-08-24 13:00:20 - [TEST_STEP][PASSED] - println("wild found on reel 4, adding counter by 1"): null

2019-08-24 13:00:20 - [TEST_STEP][PASSED] - free_spin_reel_counter[1] = free_spin_reel_counter[1] + 1: null

2019-08-24 13:00:20 - [TEST_STEP][PASSED] - if (i == 4 &amp;&amp; wildList.indexOf(symbol) != -1): null

2019-08-24 13:00:20 - [TEST_STEP][PASSED] - symbols = symbols: null

2019-08-24 13:00:20 - [TEST_STEP][PASSED] - for ([j = 0, j &lt; symbols.size(), (j++)]): null

2019-08-24 13:00:20 - [TEST_STEP][PASSED] - symbol = symbol: null

2019-08-24 13:00:20 - [TEST_STEP][PASSED] - println(symbol): null

2019-08-24 13:00:20 - [TEST_STEP][PASSED] - if (i == 2 &amp;&amp; wildList.indexOf(symbol) != -1): null

2019-08-24 13:00:20 - [TEST_STEP][PASSED] - if (i == 3 &amp;&amp; wildList.indexOf(symbol) != -1): null

2019-08-24 13:00:20 - [TEST_STEP][PASSED] - if (i == 4 &amp;&amp; wildList.indexOf(symbol) != -1): null

2019-08-24 13:00:20 - [TEST_STEP][PASSED] - symbol = symbol: null

2019-08-24 13:00:20 - [TEST_STEP][PASSED] - println(symbol): null

2019-08-24 13:00:20 - [TEST_STEP][PASSED] - if (i == 2 &amp;&amp; wildList.indexOf(symbol) != -1): null

2019-08-24 13:00:20 - [TEST_STEP][PASSED] - if (i == 3 &amp;&amp; wildList.indexOf(symbol) != -1): null

2019-08-24 13:00:20 - [TEST_STEP][PASSED] - if (i == 4 &amp;&amp; wildList.indexOf(symbol) != -1): null

2019-08-24 13:00:20 - [TEST_STEP][PASSED] - symbol = symbol: null

2019-08-24 13:00:20 - [TEST_STEP][PASSED] - println(symbol): null

2019-08-24 13:00:20 - [TEST_STEP][PASSED] - if (i == 2 &amp;&amp; wildList.indexOf(symbol) != -1): null

2019-08-24 13:00:20 - [TEST_STEP][PASSED] - if (i == 3 &amp;&amp; wildList.indexOf(symbol) != -1): null

2019-08-24 13:00:20 - [TEST_STEP][PASSED] - if (i == 4 &amp;&amp; wildList.indexOf(symbol) != -1): null

2019-08-24 13:00:20 - [TEST_STEP][PASSED] - free_spin_reel_counter = free_spin_reel_counter: null

2019-08-24 13:00:20 - [TEST_STEP][PASSED] - println("reel 3 wild found: " + free_spin_reel_counter[0]): null

2019-08-24 13:00:20 - [TEST_STEP][PASSED] - println("reel 4 wild found: " + free_spin_reel_counter[1]): null

2019-08-24 13:00:20 - [TEST_STEP][PASSED] - println("reel 5 wild found: " + free_spin_reel_counter[2]): null

2019-08-24 13:00:20 - [TEST_STEP][PASSED] - M4_spin_reels = M4_spin_reels: null

2019-08-24 13:00:20 - [TEST_STEP][PASSED] - M4_spin_reels_symbols = symbol: null

2019-08-24 13:00:20 - [TEST_STEP][PASSED] - M4_spin_reels_symbols = M4_spin_reels_symbols: null

2019-08-24 13:00:20 - [TEST_STEP][PASSED] - M4_spin_reel_wins = reel_wins: null

2019-08-24 13:00:20 - [TEST_STEP][PASSED] - M4_spin_reel_wins = M4_spin_reel_wins: null

2019-08-24 13:00:20 - [TEST_STEP][PASSED] - println("GlobalVariable.M4_spin_reel_wins is: " + M4_spin_reel_wins): null

2019-08-24 13:00:20 - [TEST_STEP][PASSED] - M4_spin_total_bonus_win_this_round = total_bonus_win_this_round: null

2019-08-24 13:00:20 - [TEST_STEP][PASSED] - M4_spin_total_bonus_win_this_round = M4_spin_total_bonus_win_this_round: null

2019-08-24 13:00:20 - [TEST_STEP][PASSED] - println("GlobalVariable.M4_spin_total_bonus_win_this_round is: " + M4_spin_total_bonus_win_this_round): null

2019-08-24 13:00:20 - [TEST_STEP][PASSED] - M4_spin_bonus_spin_result = spin_result: null

2019-08-24 13:00:20 - [TEST_STEP][PASSED] - M4_spin_bonus_spin_result = M4_spin_bonus_spin_result: null

2019-08-24 13:00:20 - [MESSAGE][PASSED] - Verify response successfully

2019-08-24 13:00:20 - [MESSAGE][PASSED] - Send request and verify the response successfully

2019-08-24 13:00:20 - [TEST_STEP][PASSED] - if (M4_total_bonus_spins_int != 0 &amp;&amp; M4_spin_reels_symbols[2].contains("WILD_Expanding")): null

2019-08-24 13:00:20 - [TEST_STEP][PASSED] - free_spin_reel_counter = free_spin_reel_counter: null

2019-08-24 13:00:20 - [TEST_STEP][PASSED] - M4_spin_reels_symbols = M4_spin_reels_symbols: null

2019-08-24 13:00:20 - [TEST_STEP][PASSED] - M4_total_bonus_spins = M4_total_bonus_spins: null

2019-08-24 13:00:20 - [TEST_STEP][PASSED] - spin_result = sendRequestAndVerify(findTestObject("INT/RGS(M4)/1_M4_spin", ["M4_login_user_id":M4_login_user_id, "rgs_session_token":rgs_session_token, "partner":Partner])): Send request and verify the response successfully

2019-08-24 13:00:21 - [MESSAGE][INFO] - HAR: /Users/eiralee/Katalon_Script/SuperWild/Reports/20190824_125957/INT/superWild_5/20190824_125957/requests/main/4.har

2019-08-24 13:00:21 - [TEST_CASE][PASSED] - Start Test Case : Verification: Verification accomplished successfully

2019-08-24 13:00:21 - [TEST_STEP][PASSED] - request = getInstance().getCurrentRequest(): null

2019-08-24 13:00:21 - [TEST_STEP][PASSED] - response = getInstance().getCurrentResponse(): null

2019-08-24 13:00:21 - [TEST_STEP][PASSED] - verifyResponseStatusCode(response, 200): Verify response status code successfully

2019-08-24 13:00:21 - [MESSAGE][PASSED] - Verify response status code successfully

2019-08-24 13:00:21 - [TEST_STEP][PASSED] - getStatusCode()).isEqualTo(200): null

2019-08-24 13:00:21 - [TEST_STEP][PASSED] - newline = System.getProperty("line.separator"): null

2019-08-24 13:00:21 - [TEST_STEP][PASSED] - M4_spin = new groovy.json.JsonSlurper(): null

2019-08-24 13:00:21 - [TEST_STEP][PASSED] - result_M4_spin = M4_spin.parseText(response.getResponseBodyContent()): null

2019-08-24 13:00:21 - [TEST_STEP][PASSED] - M4_spin_current_balance = current_balance: null

2019-08-24 13:00:21 - [TEST_STEP][PASSED] - M4_spin_current_balance = M4_spin_current_balance: null

2019-08-24 13:00:21 - [TEST_STEP][PASSED] - M4_spin_transaction_id = causality: null

2019-08-24 13:00:21 - [TEST_STEP][PASSED] - M4_spin_transaction_id = M4_spin_transaction_id: null

2019-08-24 13:00:21 - [TEST_STEP][PASSED] - M4_spin_round_id = round_id: null

2019-08-24 13:00:21 - [TEST_STEP][PASSED] - M4_spin_round_id = M4_spin_round_id: null

2019-08-24 13:00:21 - [TEST_STEP][PASSED] - M4_spin_line_wins = line_wins: null

2019-08-24 13:00:21 - [TEST_STEP][PASSED] - M4_spin_line_wins = M4_spin_line_wins: null

2019-08-24 13:00:21 - [TEST_STEP][PASSED] - M4_total_bonus_spins_int = total_bonus_spins: null

2019-08-24 13:00:21 - [TEST_STEP][PASSED] - println("******M4_total_bonus_spins type is:*******" + newline + getClass().getName()): null

2019-08-24 13:00:21 - [TEST_STEP][PASSED] - M4_total_bonus_spins_int = M4_total_bonus_spins_int: null

2019-08-24 13:00:21 - [TEST_STEP][PASSED] - M4_total_bonus_spins = Integer.toString(M4_total_bonus_spins_int): null

2019-08-24 13:00:21 - [TEST_STEP][PASSED] - M4_total_bonus_spins = M4_total_bonus_spins: null

2019-08-24 13:00:21 - [TEST_STEP][PASSED] - println("M4_total_bonus_spins is:" + M4_total_bonus_spins): null

2019-08-24 13:00:21 - [TEST_STEP][PASSED] - M4_spin_bonus_data = bonus_data: null

2019-08-24 13:00:21 - [TEST_STEP][PASSED] - M4_spin_features_triggered = result_M4_spin: null

2019-08-24 13:00:21 - [TEST_STEP][PASSED] - wild = []: null

2019-08-24 13:00:21 - [TEST_STEP][PASSED] - wild[0] = "WILD_Expanding": null

2019-08-24 13:00:21 - [TEST_STEP][PASSED] - wild[1] = "WILD_Normal": null

2019-08-24 13:00:21 - [TEST_STEP][PASSED] - wild[2] = "WILD_Double": null

2019-08-24 13:00:21 - [TEST_STEP][PASSED] - wild[3] = "WILD_ExtraFG": null

2019-08-24 13:00:21 - [TEST_STEP][PASSED] - wild[4] = "WILD_Triple": null

2019-08-24 13:00:21 - [TEST_STEP][PASSED] - wildList = Arrays.asList(wild): null

2019-08-24 13:00:21 - [TEST_STEP][PASSED] - wildList = wildList: null

2019-08-24 13:00:21 - [TEST_STEP][PASSED] - free_spin_reel_counter = []: null

2019-08-24 13:00:21 - [TEST_STEP][PASSED] - free_spin_reel_counter[0] = 0: null

2019-08-24 13:00:21 - [TEST_STEP][PASSED] - free_spin_reel_counter[1] = 0: null

2019-08-24 13:00:21 - [TEST_STEP][PASSED] - free_spin_reel_counter[2] = 0: null

2019-08-24 13:00:21 - [TEST_STEP][PASSED] - M4_spin_reels = reels: null

2019-08-24 13:00:21 - [TEST_STEP][PASSED] - for ([i = 0, i &lt; M4_spin_reels.size(), (i++)]): null

2019-08-24 13:00:21 - [TEST_STEP][PASSED] - symbols = symbols: null

2019-08-24 13:00:21 - [TEST_STEP][PASSED] - for ([j = 0, j &lt; symbols.size(), (j++)]): null

2019-08-24 13:00:21 - [TEST_STEP][PASSED] - symbol = symbol: null

2019-08-24 13:00:21 - [TEST_STEP][PASSED] - println(symbol): null

2019-08-24 13:00:21 - [TEST_STEP][PASSED] - if (i == 2 &amp;&amp; wildList.indexOf(symbol) != -1): null

2019-08-24 13:00:21 - [TEST_STEP][PASSED] - if (i == 3 &amp;&amp; wildList.indexOf(symbol) != -1): null

2019-08-24 13:00:21 - [TEST_STEP][PASSED] - if (i == 4 &amp;&amp; wildList.indexOf(symbol) != -1): null

2019-08-24 13:00:21 - [TEST_STEP][PASSED] - symbol = symbol: null

2019-08-24 13:00:21 - [TEST_STEP][PASSED] - println(symbol): null

2019-08-24 13:00:21 - [TEST_STEP][PASSED] - if (i == 2 &amp;&amp; wildList.indexOf(symbol) != -1): null

2019-08-24 13:00:21 - [TEST_STEP][PASSED] - if (i == 3 &amp;&amp; wildList.indexOf(symbol) != -1): null

2019-08-24 13:00:21 - [TEST_STEP][PASSED] - if (i == 4 &amp;&amp; wildList.indexOf(symbol) != -1): null

2019-08-24 13:00:21 - [TEST_STEP][PASSED] - symbol = symbol: null

2019-08-24 13:00:21 - [TEST_STEP][PASSED] - println(symbol): null

2019-08-24 13:00:21 - [TEST_STEP][PASSED] - if (i == 2 &amp;&amp; wildList.indexOf(symbol) != -1): null

2019-08-24 13:00:21 - [TEST_STEP][PASSED] - if (i == 3 &amp;&amp; wildList.indexOf(symbol) != -1): null

2019-08-24 13:00:21 - [TEST_STEP][PASSED] - if (i == 4 &amp;&amp; wildList.indexOf(symbol) != -1): null

2019-08-24 13:00:21 - [TEST_STEP][PASSED] - symbols = symbols: null

2019-08-24 13:00:21 - [TEST_STEP][PASSED] - for ([j = 0, j &lt; symbols.size(), (j++)]): null

2019-08-24 13:00:21 - [TEST_STEP][PASSED] - symbol = symbol: null

2019-08-24 13:00:21 - [TEST_STEP][PASSED] - println(symbol): null

2019-08-24 13:00:21 - [TEST_STEP][PASSED] - if (i == 2 &amp;&amp; wildList.indexOf(symbol) != -1): null

2019-08-24 13:00:21 - [TEST_STEP][PASSED] - if (i == 3 &amp;&amp; wildList.indexOf(symbol) != -1): null

2019-08-24 13:00:21 - [TEST_STEP][PASSED] - if (i == 4 &amp;&amp; wildList.indexOf(symbol) != -1): null

2019-08-24 13:00:21 - [TEST_STEP][PASSED] - symbol = symbol: null

2019-08-24 13:00:21 - [TEST_STEP][PASSED] - println(symbol): null

2019-08-24 13:00:21 - [TEST_STEP][PASSED] - if (i == 2 &amp;&amp; wildList.indexOf(symbol) != -1): null

2019-08-24 13:00:21 - [TEST_STEP][PASSED] - if (i == 3 &amp;&amp; wildList.indexOf(symbol) != -1): null

2019-08-24 13:00:21 - [TEST_STEP][PASSED] - if (i == 4 &amp;&amp; wildList.indexOf(symbol) != -1): null

2019-08-24 13:00:21 - [TEST_STEP][PASSED] - symbol = symbol: null

2019-08-24 13:00:21 - [TEST_STEP][PASSED] - println(symbol): null

2019-08-24 13:00:21 - [TEST_STEP][PASSED] - if (i == 2 &amp;&amp; wildList.indexOf(symbol) != -1): null

2019-08-24 13:00:21 - [TEST_STEP][PASSED] - if (i == 3 &amp;&amp; wildList.indexOf(symbol) != -1): null

2019-08-24 13:00:21 - [TEST_STEP][PASSED] - if (i == 4 &amp;&amp; wildList.indexOf(symbol) != -1): null

2019-08-24 13:00:21 - [TEST_STEP][PASSED] - symbols = symbols: null

2019-08-24 13:00:21 - [TEST_STEP][PASSED] - for ([j = 0, j &lt; symbols.size(), (j++)]): null

2019-08-24 13:00:21 - [TEST_STEP][PASSED] - symbol = symbol: null

2019-08-24 13:00:21 - [TEST_STEP][PASSED] - println(symbol): null

2019-08-24 13:00:21 - [TEST_STEP][PASSED] - if (i == 2 &amp;&amp; wildList.indexOf(symbol) != -1): null

2019-08-24 13:00:21 - [TEST_STEP][PASSED] - if (i == 3 &amp;&amp; wildList.indexOf(symbol) != -1): null

2019-08-24 13:00:21 - [TEST_STEP][PASSED] - if (i == 4 &amp;&amp; wildList.indexOf(symbol) != -1): null

2019-08-24 13:00:21 - [TEST_STEP][PASSED] - symbol = symbol: null

2019-08-24 13:00:21 - [TEST_STEP][PASSED] - println(symbol): null

2019-08-24 13:00:21 - [TEST_STEP][PASSED] - if (i == 2 &amp;&amp; wildList.indexOf(symbol) != -1): null

2019-08-24 13:00:21 - [TEST_STEP][PASSED] - if (i == 3 &amp;&amp; wildList.indexOf(symbol) != -1): null

2019-08-24 13:00:21 - [TEST_STEP][PASSED] - if (i == 4 &amp;&amp; wildList.indexOf(symbol) != -1): null

2019-08-24 13:00:21 - [TEST_STEP][PASSED] - symbol = symbol: null

2019-08-24 13:00:21 - [TEST_STEP][PASSED] - println(symbol): null

2019-08-24 13:00:21 - [TEST_STEP][PASSED] - if (i == 2 &amp;&amp; wildList.indexOf(symbol) != -1): null

2019-08-24 13:00:21 - [TEST_STEP][PASSED] - if (i == 3 &amp;&amp; wildList.indexOf(symbol) != -1): null

2019-08-24 13:00:21 - [TEST_STEP][PASSED] - if (i == 4 &amp;&amp; wildList.indexOf(symbol) != -1): null

2019-08-24 13:00:21 - [TEST_STEP][PASSED] - symbols = symbols: null

2019-08-24 13:00:21 - [TEST_STEP][PASSED] - for ([j = 0, j &lt; symbols.size(), (j++)]): null

2019-08-24 13:00:21 - [TEST_STEP][PASSED] - symbol = symbol: null

2019-08-24 13:00:21 - [TEST_STEP][PASSED] - println(symbol): null

2019-08-24 13:00:21 - [TEST_STEP][PASSED] - if (i == 2 &amp;&amp; wildList.indexOf(symbol) != -1): null

2019-08-24 13:00:21 - [TEST_STEP][PASSED] - if (i == 3 &amp;&amp; wildList.indexOf(symbol) != -1): null

2019-08-24 13:00:21 - [TEST_STEP][PASSED] - if (i == 4 &amp;&amp; wildList.indexOf(symbol) != -1): null

2019-08-24 13:00:21 - [TEST_STEP][PASSED] - symbol = symbol: null

2019-08-24 13:00:21 - [TEST_STEP][PASSED] - println(symbol): null

2019-08-24 13:00:21 - [TEST_STEP][PASSED] - if (i == 2 &amp;&amp; wildList.indexOf(symbol) != -1): null

2019-08-24 13:00:21 - [TEST_STEP][PASSED] - if (i == 3 &amp;&amp; wildList.indexOf(symbol) != -1): null

2019-08-24 13:00:21 - [TEST_STEP][PASSED] - if (i == 4 &amp;&amp; wildList.indexOf(symbol) != -1): null

2019-08-24 13:00:21 - [TEST_STEP][PASSED] - symbol = symbol: null

2019-08-24 13:00:21 - [TEST_STEP][PASSED] - println(symbol): null

2019-08-24 13:00:21 - [TEST_STEP][PASSED] - if (i == 2 &amp;&amp; wildList.indexOf(symbol) != -1): null

2019-08-24 13:00:21 - [TEST_STEP][PASSED] - if (i == 3 &amp;&amp; wildList.indexOf(symbol) != -1): null

2019-08-24 13:00:21 - [TEST_STEP][PASSED] - if (i == 4 &amp;&amp; wildList.indexOf(symbol) != -1): null

2019-08-24 13:00:21 - [TEST_STEP][PASSED] - symbols = symbols: null

2019-08-24 13:00:21 - [TEST_STEP][PASSED] - for ([j = 0, j &lt; symbols.size(), (j++)]): null

2019-08-24 13:00:21 - [TEST_STEP][PASSED] - symbol = symbol: null

2019-08-24 13:00:21 - [TEST_STEP][PASSED] - println(symbol): null

2019-08-24 13:00:21 - [TEST_STEP][PASSED] - if (i == 2 &amp;&amp; wildList.indexOf(symbol) != -1): null

2019-08-24 13:00:21 - [TEST_STEP][PASSED] - if (i == 3 &amp;&amp; wildList.indexOf(symbol) != -1): null

2019-08-24 13:00:21 - [TEST_STEP][PASSED] - if (i == 4 &amp;&amp; wildList.indexOf(symbol) != -1): null

2019-08-24 13:00:21 - [TEST_STEP][PASSED] - symbol = symbol: null

2019-08-24 13:00:21 - [TEST_STEP][PASSED] - println(symbol): null

2019-08-24 13:00:21 - [TEST_STEP][PASSED] - if (i == 2 &amp;&amp; wildList.indexOf(symbol) != -1): null

2019-08-24 13:00:21 - [TEST_STEP][PASSED] - if (i == 3 &amp;&amp; wildList.indexOf(symbol) != -1): null

2019-08-24 13:00:21 - [TEST_STEP][PASSED] - if (i == 4 &amp;&amp; wildList.indexOf(symbol) != -1): null

2019-08-24 13:00:21 - [TEST_STEP][PASSED] - symbol = symbol: null

2019-08-24 13:00:21 - [TEST_STEP][PASSED] - println(symbol): null

2019-08-24 13:00:21 - [TEST_STEP][PASSED] - if (i == 2 &amp;&amp; wildList.indexOf(symbol) != -1): null

2019-08-24 13:00:21 - [TEST_STEP][PASSED] - if (i == 3 &amp;&amp; wildList.indexOf(symbol) != -1): null

2019-08-24 13:00:21 - [TEST_STEP][PASSED] - if (i == 4 &amp;&amp; wildList.indexOf(symbol) != -1): null

2019-08-24 13:00:21 - [TEST_STEP][PASSED] - free_spin_reel_counter = free_spin_reel_counter: null

2019-08-24 13:00:21 - [TEST_STEP][PASSED] - println("reel 3 wild found: " + free_spin_reel_counter[0]): null

2019-08-24 13:00:21 - [TEST_STEP][PASSED] - println("reel 4 wild found: " + free_spin_reel_counter[1]): null

2019-08-24 13:00:21 - [TEST_STEP][PASSED] - println("reel 5 wild found: " + free_spin_reel_counter[2]): null

2019-08-24 13:00:21 - [TEST_STEP][PASSED] - M4_spin_reels = M4_spin_reels: null

2019-08-24 13:00:21 - [TEST_STEP][PASSED] - M4_spin_reels_symbols = symbol: null

2019-08-24 13:00:21 - [TEST_STEP][PASSED] - M4_spin_reels_symbols = M4_spin_reels_symbols: null

2019-08-24 13:00:21 - [TEST_STEP][PASSED] - M4_spin_reel_wins = reel_wins: null

2019-08-24 13:00:21 - [TEST_STEP][PASSED] - M4_spin_reel_wins = M4_spin_reel_wins: null

2019-08-24 13:00:21 - [TEST_STEP][PASSED] - println("GlobalVariable.M4_spin_reel_wins is: " + M4_spin_reel_wins): null

2019-08-24 13:00:21 - [TEST_STEP][PASSED] - M4_spin_total_bonus_win_this_round = total_bonus_win_this_round: null

2019-08-24 13:00:21 - [TEST_STEP][PASSED] - M4_spin_total_bonus_win_this_round = M4_spin_total_bonus_win_this_round: null

2019-08-24 13:00:21 - [TEST_STEP][PASSED] - println("GlobalVariable.M4_spin_total_bonus_win_this_round is: " + M4_spin_total_bonus_win_this_round): null

2019-08-24 13:00:21 - [TEST_STEP][PASSED] - M4_spin_bonus_spin_result = spin_result: null

2019-08-24 13:00:21 - [TEST_STEP][PASSED] - M4_spin_bonus_spin_result = M4_spin_bonus_spin_result: null

2019-08-24 13:00:21 - [MESSAGE][PASSED] - Verify response successfully

2019-08-24 13:00:21 - [MESSAGE][PASSED] - Send request and verify the response successfully

2019-08-24 13:00:21 - [TEST_STEP][PASSED] - if (M4_total_bonus_spins_int != 0 &amp;&amp; M4_spin_reels_symbols[2].contains("WILD_Expanding")): null

2019-08-24 13:00:21 - [TEST_STEP][PASSED] - free_spin_reel_counter = free_spin_reel_counter: null

2019-08-24 13:00:21 - [TEST_STEP][PASSED] - M4_spin_reels_symbols = M4_spin_reels_symbols: null

2019-08-24 13:00:21 - [TEST_STEP][PASSED] - M4_total_bonus_spins = M4_total_bonus_spins: null

2019-08-24 13:00:21 - [TEST_STEP][PASSED] - spin_result = sendRequestAndVerify(findTestObject("INT/RGS(M4)/1_M4_spin", ["M4_login_user_id":M4_login_user_id, "rgs_session_token":rgs_session_token, "partner":Partner])): Send request and verify the response successfully

2019-08-24 13:00:21 - [MESSAGE][INFO] - HAR: /Users/eiralee/Katalon_Script/SuperWild/Reports/20190824_125957/INT/superWild_5/20190824_125957/requests/main/5.har

2019-08-24 13:00:21 - [TEST_CASE][PASSED] - Start Test Case : Verification: Verification accomplished successfully

2019-08-24 13:00:21 - [TEST_STEP][PASSED] - request = getInstance().getCurrentRequest(): null

2019-08-24 13:00:22 - [TEST_STEP][PASSED] - response = getInstance().getCurrentResponse(): null

2019-08-24 13:00:22 - [TEST_STEP][PASSED] - verifyResponseStatusCode(response, 200): Verify response status code successfully

2019-08-24 13:00:22 - [MESSAGE][PASSED] - Verify response status code successfully

2019-08-24 13:00:22 - [TEST_STEP][PASSED] - getStatusCode()).isEqualTo(200): null

2019-08-24 13:00:22 - [TEST_STEP][PASSED] - newline = System.getProperty("line.separator"): null

2019-08-24 13:00:22 - [TEST_STEP][PASSED] - M4_spin = new groovy.json.JsonSlurper(): null

2019-08-24 13:00:22 - [TEST_STEP][PASSED] - result_M4_spin = M4_spin.parseText(response.getResponseBodyContent()): null

2019-08-24 13:00:22 - [TEST_STEP][PASSED] - M4_spin_current_balance = current_balance: null

2019-08-24 13:00:22 - [TEST_STEP][PASSED] - M4_spin_current_balance = M4_spin_current_balance: null

2019-08-24 13:00:22 - [TEST_STEP][PASSED] - M4_spin_transaction_id = causality: null

2019-08-24 13:00:22 - [TEST_STEP][PASSED] - M4_spin_transaction_id = M4_spin_transaction_id: null

2019-08-24 13:00:22 - [TEST_STEP][PASSED] - M4_spin_round_id = round_id: null

2019-08-24 13:00:22 - [TEST_STEP][PASSED] - M4_spin_round_id = M4_spin_round_id: null

2019-08-24 13:00:22 - [TEST_STEP][PASSED] - M4_spin_line_wins = line_wins: null

2019-08-24 13:00:22 - [TEST_STEP][PASSED] - M4_spin_line_wins = M4_spin_line_wins: null

2019-08-24 13:00:22 - [TEST_STEP][PASSED] - M4_total_bonus_spins_int = total_bonus_spins: null

2019-08-24 13:00:22 - [TEST_STEP][PASSED] - println("******M4_total_bonus_spins type is:*******" + newline + getClass().getName()): null

2019-08-24 13:00:22 - [TEST_STEP][PASSED] - M4_total_bonus_spins_int = M4_total_bonus_spins_int: null

2019-08-24 13:00:22 - [TEST_STEP][PASSED] - M4_total_bonus_spins = Integer.toString(M4_total_bonus_spins_int): null

2019-08-24 13:00:22 - [TEST_STEP][PASSED] - M4_total_bonus_spins = M4_total_bonus_spins: null

2019-08-24 13:00:22 - [TEST_STEP][PASSED] - println("M4_total_bonus_spins is:" + M4_total_bonus_spins): null

2019-08-24 13:00:22 - [TEST_STEP][PASSED] - M4_spin_bonus_data = bonus_data: null

2019-08-24 13:00:22 - [TEST_STEP][PASSED] - M4_spin_features_triggered = result_M4_spin: null

2019-08-24 13:00:22 - [TEST_STEP][PASSED] - wild = []: null

2019-08-24 13:00:22 - [TEST_STEP][PASSED] - wild[0] = "WILD_Expanding": null

2019-08-24 13:00:22 - [TEST_STEP][PASSED] - wild[1] = "WILD_Normal": null

2019-08-24 13:00:22 - [TEST_STEP][PASSED] - wild[2] = "WILD_Double": null

2019-08-24 13:00:22 - [TEST_STEP][PASSED] - wild[3] = "WILD_ExtraFG": null

2019-08-24 13:00:22 - [TEST_STEP][PASSED] - wild[4] = "WILD_Triple": null

2019-08-24 13:00:22 - [TEST_STEP][PASSED] - wildList = Arrays.asList(wild): null

2019-08-24 13:00:22 - [TEST_STEP][PASSED] - wildList = wildList: null

2019-08-24 13:00:22 - [TEST_STEP][PASSED] - free_spin_reel_counter = []: null

2019-08-24 13:00:22 - [TEST_STEP][PASSED] - free_spin_reel_counter[0] = 0: null

2019-08-24 13:00:22 - [TEST_STEP][PASSED] - free_spin_reel_counter[1] = 0: null

2019-08-24 13:00:22 - [TEST_STEP][PASSED] - free_spin_reel_counter[2] = 0: null

2019-08-24 13:00:22 - [TEST_STEP][PASSED] - M4_spin_reels = reels: null

2019-08-24 13:00:22 - [TEST_STEP][PASSED] - for ([i = 0, i &lt; M4_spin_reels.size(), (i++)]): null

2019-08-24 13:00:22 - [TEST_STEP][PASSED] - symbols = symbols: null

2019-08-24 13:00:22 - [TEST_STEP][PASSED] - for ([j = 0, j &lt; symbols.size(), (j++)]): null

2019-08-24 13:00:22 - [TEST_STEP][PASSED] - symbol = symbol: null

2019-08-24 13:00:22 - [TEST_STEP][PASSED] - println(symbol): null

2019-08-24 13:00:22 - [TEST_STEP][PASSED] - if (i == 2 &amp;&amp; wildList.indexOf(symbol) != -1): null

2019-08-24 13:00:22 - [TEST_STEP][PASSED] - if (i == 3 &amp;&amp; wildList.indexOf(symbol) != -1): null

2019-08-24 13:00:22 - [TEST_STEP][PASSED] - if (i == 4 &amp;&amp; wildList.indexOf(symbol) != -1): null

2019-08-24 13:00:22 - [TEST_STEP][PASSED] - symbol = symbol: null

2019-08-24 13:00:22 - [TEST_STEP][PASSED] - println(symbol): null

2019-08-24 13:00:22 - [TEST_STEP][PASSED] - if (i == 2 &amp;&amp; wildList.indexOf(symbol) != -1): null

2019-08-24 13:00:22 - [TEST_STEP][PASSED] - if (i == 3 &amp;&amp; wildList.indexOf(symbol) != -1): null

2019-08-24 13:00:22 - [TEST_STEP][PASSED] - if (i == 4 &amp;&amp; wildList.indexOf(symbol) != -1): null

2019-08-24 13:00:22 - [TEST_STEP][PASSED] - symbol = symbol: null

2019-08-24 13:00:22 - [TEST_STEP][PASSED] - println(symbol): null

2019-08-24 13:00:22 - [TEST_STEP][PASSED] - if (i == 2 &amp;&amp; wildList.indexOf(symbol) != -1): null

2019-08-24 13:00:22 - [TEST_STEP][PASSED] - if (i == 3 &amp;&amp; wildList.indexOf(symbol) != -1): null

2019-08-24 13:00:22 - [TEST_STEP][PASSED] - if (i == 4 &amp;&amp; wildList.indexOf(symbol) != -1): null

2019-08-24 13:00:22 - [TEST_STEP][PASSED] - symbols = symbols: null

2019-08-24 13:00:22 - [TEST_STEP][PASSED] - for ([j = 0, j &lt; symbols.size(), (j++)]): null

2019-08-24 13:00:22 - [TEST_STEP][PASSED] - symbol = symbol: null

2019-08-24 13:00:22 - [TEST_STEP][PASSED] - println(symbol): null

2019-08-24 13:00:22 - [TEST_STEP][PASSED] - if (i == 2 &amp;&amp; wildList.indexOf(symbol) != -1): null

2019-08-24 13:00:22 - [TEST_STEP][PASSED] - if (i == 3 &amp;&amp; wildList.indexOf(symbol) != -1): null

2019-08-24 13:00:22 - [TEST_STEP][PASSED] - if (i == 4 &amp;&amp; wildList.indexOf(symbol) != -1): null

2019-08-24 13:00:22 - [TEST_STEP][PASSED] - symbol = symbol: null

2019-08-24 13:00:22 - [TEST_STEP][PASSED] - println(symbol): null

2019-08-24 13:00:22 - [TEST_STEP][PASSED] - if (i == 2 &amp;&amp; wildList.indexOf(symbol) != -1): null

2019-08-24 13:00:22 - [TEST_STEP][PASSED] - if (i == 3 &amp;&amp; wildList.indexOf(symbol) != -1): null

2019-08-24 13:00:22 - [TEST_STEP][PASSED] - if (i == 4 &amp;&amp; wildList.indexOf(symbol) != -1): null

2019-08-24 13:00:22 - [TEST_STEP][PASSED] - symbol = symbol: null

2019-08-24 13:00:22 - [TEST_STEP][PASSED] - println(symbol): null

2019-08-24 13:00:22 - [TEST_STEP][PASSED] - if (i == 2 &amp;&amp; wildList.indexOf(symbol) != -1): null

2019-08-24 13:00:22 - [TEST_STEP][PASSED] - if (i == 3 &amp;&amp; wildList.indexOf(symbol) != -1): null

2019-08-24 13:00:22 - [TEST_STEP][PASSED] - if (i == 4 &amp;&amp; wildList.indexOf(symbol) != -1): null

2019-08-24 13:00:22 - [TEST_STEP][PASSED] - symbols = symbols: null

2019-08-24 13:00:22 - [TEST_STEP][PASSED] - for ([j = 0, j &lt; symbols.size(), (j++)]): null

2019-08-24 13:00:22 - [TEST_STEP][PASSED] - symbol = symbol: null

2019-08-24 13:00:22 - [TEST_STEP][PASSED] - println(symbol): null

2019-08-24 13:00:22 - [TEST_STEP][PASSED] - if (i == 2 &amp;&amp; wildList.indexOf(symbol) != -1): null

2019-08-24 13:00:22 - [TEST_STEP][PASSED] - if (i == 3 &amp;&amp; wildList.indexOf(symbol) != -1): null

2019-08-24 13:00:22 - [TEST_STEP][PASSED] - if (i == 4 &amp;&amp; wildList.indexOf(symbol) != -1): null

2019-08-24 13:00:22 - [TEST_STEP][PASSED] - symbol = symbol: null

2019-08-24 13:00:22 - [TEST_STEP][PASSED] - println(symbol): null

2019-08-24 13:00:22 - [TEST_STEP][PASSED] - if (i == 2 &amp;&amp; wildList.indexOf(symbol) != -1): null

2019-08-24 13:00:22 - [TEST_STEP][PASSED] - if (i == 3 &amp;&amp; wildList.indexOf(symbol) != -1): null

2019-08-24 13:00:22 - [TEST_STEP][PASSED] - if (i == 4 &amp;&amp; wildList.indexOf(symbol) != -1): null

2019-08-24 13:00:22 - [TEST_STEP][PASSED] - symbol = symbol: null

2019-08-24 13:00:22 - [TEST_STEP][PASSED] - println(symbol): null

2019-08-24 13:00:22 - [TEST_STEP][PASSED] - if (i == 2 &amp;&amp; wildList.indexOf(symbol) != -1): null

2019-08-24 13:00:22 - [TEST_STEP][PASSED] - println("wild found on reel 3, adding counter by 1"): null

2019-08-24 13:00:22 - [TEST_STEP][PASSED] - free_spin_reel_counter[0] = free_spin_reel_counter[0] + 1: null

2019-08-24 13:00:22 - [TEST_STEP][PASSED] - if (i == 3 &amp;&amp; wildList.indexOf(symbol) != -1): null

2019-08-24 13:00:22 - [TEST_STEP][PASSED] - if (i == 4 &amp;&amp; wildList.indexOf(symbol) != -1): null

2019-08-24 13:00:22 - [TEST_STEP][PASSED] - symbols = symbols: null

2019-08-24 13:00:22 - [TEST_STEP][PASSED] - for ([j = 0, j &lt; symbols.size(), (j++)]): null

2019-08-24 13:00:22 - [TEST_STEP][PASSED] - symbol = symbol: null

2019-08-24 13:00:22 - [TEST_STEP][PASSED] - println(symbol): null

2019-08-24 13:00:22 - [TEST_STEP][PASSED] - if (i == 2 &amp;&amp; wildList.indexOf(symbol) != -1): null

2019-08-24 13:00:22 - [TEST_STEP][PASSED] - if (i == 3 &amp;&amp; wildList.indexOf(symbol) != -1): null

2019-08-24 13:00:22 - [TEST_STEP][PASSED] - if (i == 4 &amp;&amp; wildList.indexOf(symbol) != -1): null

2019-08-24 13:00:22 - [TEST_STEP][PASSED] - symbol = symbol: null

2019-08-24 13:00:22 - [TEST_STEP][PASSED] - println(symbol): null

2019-08-24 13:00:22 - [TEST_STEP][PASSED] - if (i == 2 &amp;&amp; wildList.indexOf(symbol) != -1): null

2019-08-24 13:00:22 - [TEST_STEP][PASSED] - if (i == 3 &amp;&amp; wildList.indexOf(symbol) != -1): null

2019-08-24 13:00:22 - [TEST_STEP][PASSED] - if (i == 4 &amp;&amp; wildList.indexOf(symbol) != -1): null

2019-08-24 13:00:22 - [TEST_STEP][PASSED] - symbol = symbol: null

2019-08-24 13:00:22 - [TEST_STEP][PASSED] - println(symbol): null

2019-08-24 13:00:22 - [TEST_STEP][PASSED] - if (i == 2 &amp;&amp; wildList.indexOf(symbol) != -1): null

2019-08-24 13:00:22 - [TEST_STEP][PASSED] - if (i == 3 &amp;&amp; wildList.indexOf(symbol) != -1): null

2019-08-24 13:00:22 - [TEST_STEP][PASSED] - if (i == 4 &amp;&amp; wildList.indexOf(symbol) != -1): null

2019-08-24 13:00:22 - [TEST_STEP][PASSED] - symbols = symbols: null

2019-08-24 13:00:22 - [TEST_STEP][PASSED] - for ([j = 0, j &lt; symbols.size(), (j++)]): null

2019-08-24 13:00:22 - [TEST_STEP][PASSED] - symbol = symbol: null

2019-08-24 13:00:22 - [TEST_STEP][PASSED] - println(symbol): null

2019-08-24 13:00:22 - [TEST_STEP][PASSED] - if (i == 2 &amp;&amp; wildList.indexOf(symbol) != -1): null

2019-08-24 13:00:22 - [TEST_STEP][PASSED] - if (i == 3 &amp;&amp; wildList.indexOf(symbol) != -1): null

2019-08-24 13:00:22 - [TEST_STEP][PASSED] - if (i == 4 &amp;&amp; wildList.indexOf(symbol) != -1): null

2019-08-24 13:00:22 - [TEST_STEP][PASSED] - symbol = symbol: null

2019-08-24 13:00:22 - [TEST_STEP][PASSED] - println(symbol): null

2019-08-24 13:00:22 - [TEST_STEP][PASSED] - if (i == 2 &amp;&amp; wildList.indexOf(symbol) != -1): null

2019-08-24 13:00:22 - [TEST_STEP][PASSED] - if (i == 3 &amp;&amp; wildList.indexOf(symbol) != -1): null

2019-08-24 13:00:22 - [TEST_STEP][PASSED] - if (i == 4 &amp;&amp; wildList.indexOf(symbol) != -1): null

2019-08-24 13:00:22 - [TEST_STEP][PASSED] - symbol = symbol: null

2019-08-24 13:00:22 - [TEST_STEP][PASSED] - println(symbol): null

2019-08-24 13:00:22 - [TEST_STEP][PASSED] - if (i == 2 &amp;&amp; wildList.indexOf(symbol) != -1): null

2019-08-24 13:00:22 - [TEST_STEP][PASSED] - if (i == 3 &amp;&amp; wildList.indexOf(symbol) != -1): null

2019-08-24 13:00:22 - [TEST_STEP][PASSED] - if (i == 4 &amp;&amp; wildList.indexOf(symbol) != -1): null

2019-08-24 13:00:22 - [TEST_STEP][PASSED] - free_spin_reel_counter = free_spin_reel_counter: null

2019-08-24 13:00:22 - [TEST_STEP][PASSED] - println("reel 3 wild found: " + free_spin_reel_counter[0]): null

2019-08-24 13:00:22 - [TEST_STEP][PASSED] - println("reel 4 wild found: " + free_spin_reel_counter[1]): null

2019-08-24 13:00:22 - [TEST_STEP][PASSED] - println("reel 5 wild found: " + free_spin_reel_counter[2]): null

2019-08-24 13:00:22 - [TEST_STEP][PASSED] - M4_spin_reels = M4_spin_reels: null

2019-08-24 13:00:22 - [TEST_STEP][PASSED] - M4_spin_reels_symbols = symbol: null

2019-08-24 13:00:22 - [TEST_STEP][PASSED] - M4_spin_reels_symbols = M4_spin_reels_symbols: null

2019-08-24 13:00:22 - [TEST_STEP][PASSED] - M4_spin_reel_wins = reel_wins: null

2019-08-24 13:00:22 - [TEST_STEP][PASSED] - M4_spin_reel_wins = M4_spin_reel_wins: null

2019-08-24 13:00:22 - [TEST_STEP][PASSED] - println("GlobalVariable.M4_spin_reel_wins is: " + M4_spin_reel_wins): null

2019-08-24 13:00:22 - [TEST_STEP][PASSED] - M4_spin_total_bonus_win_this_round = total_bonus_win_this_round: null

2019-08-24 13:00:22 - [TEST_STEP][PASSED] - M4_spin_total_bonus_win_this_round = M4_spin_total_bonus_win_this_round: null

2019-08-24 13:00:22 - [TEST_STEP][PASSED] - println("GlobalVariable.M4_spin_total_bonus_win_this_round is: " + M4_spin_total_bonus_win_this_round): null

2019-08-24 13:00:22 - [TEST_STEP][PASSED] - M4_spin_bonus_spin_result = spin_result: null

2019-08-24 13:00:22 - [TEST_STEP][PASSED] - M4_spin_bonus_spin_result = M4_spin_bonus_spin_result: null

2019-08-24 13:00:22 - [MESSAGE][PASSED] - Verify response successfully

2019-08-24 13:00:22 - [MESSAGE][PASSED] - Send request and verify the response successfully

2019-08-24 13:00:22 - [TEST_STEP][PASSED] - if (M4_total_bonus_spins_int != 0 &amp;&amp; M4_spin_reels_symbols[2].contains("WILD_Expanding")): null

2019-08-24 13:00:22 - [TEST_STEP][PASSED] - free_spin_reel_counter = free_spin_reel_counter: null

2019-08-24 13:00:22 - [TEST_STEP][PASSED] - M4_spin_reels_symbols = M4_spin_reels_symbols: null

2019-08-24 13:00:22 - [TEST_STEP][PASSED] - M4_total_bonus_spins = M4_total_bonus_spins: null

2019-08-24 13:00:22 - [TEST_STEP][PASSED] - spin_result = sendRequestAndVerify(findTestObject("INT/RGS(M4)/1_M4_spin", ["M4_login_user_id":M4_login_user_id, "rgs_session_token":rgs_session_token, "partner":Partner])): Send request and verify the response successfully

2019-08-24 13:00:22 - [MESSAGE][INFO] - HAR: /Users/eiralee/Katalon_Script/SuperWild/Reports/20190824_125957/INT/superWild_5/20190824_125957/requests/main/6.har

2019-08-24 13:00:22 - [TEST_CASE][PASSED] - Start Test Case : Verification: Verification accomplished successfully

2019-08-24 13:00:22 - [TEST_STEP][PASSED] - request = getInstance().getCurrentRequest(): null

2019-08-24 13:00:22 - [TEST_STEP][PASSED] - response = getInstance().getCurrentResponse(): null

2019-08-24 13:00:22 - [TEST_STEP][PASSED] - verifyResponseStatusCode(response, 200): Verify response status code successfully

2019-08-24 13:00:22 - [MESSAGE][PASSED] - Verify response status code successfully

2019-08-24 13:00:22 - [TEST_STEP][PASSED] - getStatusCode()).isEqualTo(200): null

2019-08-24 13:00:22 - [TEST_STEP][PASSED] - newline = System.getProperty("line.separator"): null

2019-08-24 13:00:22 - [TEST_STEP][PASSED] - M4_spin = new groovy.json.JsonSlurper(): null

2019-08-24 13:00:22 - [TEST_STEP][PASSED] - result_M4_spin = M4_spin.parseText(response.getResponseBodyContent()): null

2019-08-24 13:00:22 - [TEST_STEP][PASSED] - M4_spin_current_balance = current_balance: null

2019-08-24 13:00:22 - [TEST_STEP][PASSED] - M4_spin_current_balance = M4_spin_current_balance: null

2019-08-24 13:00:22 - [TEST_STEP][PASSED] - M4_spin_transaction_id = causality: null

2019-08-24 13:00:22 - [TEST_STEP][PASSED] - M4_spin_transaction_id = M4_spin_transaction_id: null

2019-08-24 13:00:22 - [TEST_STEP][PASSED] - M4_spin_round_id = round_id: null

2019-08-24 13:00:22 - [TEST_STEP][PASSED] - M4_spin_round_id = M4_spin_round_id: null

2019-08-24 13:00:22 - [TEST_STEP][PASSED] - M4_spin_line_wins = line_wins: null

2019-08-24 13:00:22 - [TEST_STEP][PASSED] - M4_spin_line_wins = M4_spin_line_wins: null

2019-08-24 13:00:22 - [TEST_STEP][PASSED] - M4_total_bonus_spins_int = total_bonus_spins: null

2019-08-24 13:00:22 - [TEST_STEP][PASSED] - println("******M4_total_bonus_spins type is:*******" + newline + getClass().getName()): null

2019-08-24 13:00:22 - [TEST_STEP][PASSED] - M4_total_bonus_spins_int = M4_total_bonus_spins_int: null

2019-08-24 13:00:22 - [TEST_STEP][PASSED] - M4_total_bonus_spins = Integer.toString(M4_total_bonus_spins_int): null

2019-08-24 13:00:22 - [TEST_STEP][PASSED] - M4_total_bonus_spins = M4_total_bonus_spins: null

2019-08-24 13:00:22 - [TEST_STEP][PASSED] - println("M4_total_bonus_spins is:" + M4_total_bonus_spins): null

2019-08-24 13:00:22 - [TEST_STEP][PASSED] - M4_spin_bonus_data = bonus_data: null

2019-08-24 13:00:22 - [TEST_STEP][PASSED] - M4_spin_features_triggered = result_M4_spin: null

2019-08-24 13:00:22 - [TEST_STEP][PASSED] - wild = []: null

2019-08-24 13:00:22 - [TEST_STEP][PASSED] - wild[0] = "WILD_Expanding": null

2019-08-24 13:00:22 - [TEST_STEP][PASSED] - wild[1] = "WILD_Normal": null

2019-08-24 13:00:22 - [TEST_STEP][PASSED] - wild[2] = "WILD_Double": null

2019-08-24 13:00:22 - [TEST_STEP][PASSED] - wild[3] = "WILD_ExtraFG": null

2019-08-24 13:00:22 - [TEST_STEP][PASSED] - wild[4] = "WILD_Triple": null

2019-08-24 13:00:22 - [TEST_STEP][PASSED] - wildList = Arrays.asList(wild): null

2019-08-24 13:00:22 - [TEST_STEP][PASSED] - wildList = wildList: null

2019-08-24 13:00:22 - [TEST_STEP][PASSED] - free_spin_reel_counter = []: null

2019-08-24 13:00:22 - [TEST_STEP][PASSED] - free_spin_reel_counter[0] = 0: null

2019-08-24 13:00:22 - [TEST_STEP][PASSED] - free_spin_reel_counter[1] = 0: null

2019-08-24 13:00:22 - [TEST_STEP][PASSED] - free_spin_reel_counter[2] = 0: null

2019-08-24 13:00:22 - [TEST_STEP][PASSED] - M4_spin_reels = reels: null

2019-08-24 13:00:22 - [TEST_STEP][PASSED] - for ([i = 0, i &lt; M4_spin_reels.size(), (i++)]): null

2019-08-24 13:00:22 - [TEST_STEP][PASSED] - symbols = symbols: null

2019-08-24 13:00:22 - [TEST_STEP][PASSED] - for ([j = 0, j &lt; symbols.size(), (j++)]): null

2019-08-24 13:00:22 - [TEST_STEP][PASSED] - symbol = symbol: null

2019-08-24 13:00:22 - [TEST_STEP][PASSED] - println(symbol): null

2019-08-24 13:00:22 - [TEST_STEP][PASSED] - if (i == 2 &amp;&amp; wildList.indexOf(symbol) != -1): null

2019-08-24 13:00:22 - [TEST_STEP][PASSED] - if (i == 3 &amp;&amp; wildList.indexOf(symbol) != -1): null

2019-08-24 13:00:22 - [TEST_STEP][PASSED] - if (i == 4 &amp;&amp; wildList.indexOf(symbol) != -1): null

2019-08-24 13:00:22 - [TEST_STEP][PASSED] - symbol = symbol: null

2019-08-24 13:00:22 - [TEST_STEP][PASSED] - println(symbol): null

2019-08-24 13:00:22 - [TEST_STEP][PASSED] - if (i == 2 &amp;&amp; wildList.indexOf(symbol) != -1): null

2019-08-24 13:00:22 - [TEST_STEP][PASSED] - if (i == 3 &amp;&amp; wildList.indexOf(symbol) != -1): null

2019-08-24 13:00:22 - [TEST_STEP][PASSED] - if (i == 4 &amp;&amp; wildList.indexOf(symbol) != -1): null

2019-08-24 13:00:22 - [TEST_STEP][PASSED] - symbol = symbol: null

2019-08-24 13:00:22 - [TEST_STEP][PASSED] - println(symbol): null

2019-08-24 13:00:22 - [TEST_STEP][PASSED] - if (i == 2 &amp;&amp; wildList.indexOf(symbol) != -1): null

2019-08-24 13:00:22 - [TEST_STEP][PASSED] - if (i == 3 &amp;&amp; wildList.indexOf(symbol) != -1): null

2019-08-24 13:00:22 - [TEST_STEP][PASSED] - if (i == 4 &amp;&amp; wildList.indexOf(symbol) != -1): null

2019-08-24 13:00:22 - [TEST_STEP][PASSED] - symbols = symbols: null

2019-08-24 13:00:22 - [TEST_STEP][PASSED] - for ([j = 0, j &lt; symbols.size(), (j++)]): null

2019-08-24 13:00:22 - [TEST_STEP][PASSED] - symbol = symbol: null

2019-08-24 13:00:22 - [TEST_STEP][PASSED] - println(symbol): null

2019-08-24 13:00:22 - [TEST_STEP][PASSED] - if (i == 2 &amp;&amp; wildList.indexOf(symbol) != -1): null

2019-08-24 13:00:22 - [TEST_STEP][PASSED] - if (i == 3 &amp;&amp; wildList.indexOf(symbol) != -1): null

2019-08-24 13:00:22 - [TEST_STEP][PASSED] - if (i == 4 &amp;&amp; wildList.indexOf(symbol) != -1): null

2019-08-24 13:00:22 - [TEST_STEP][PASSED] - symbol = symbol: null

2019-08-24 13:00:22 - [TEST_STEP][PASSED] - println(symbol): null

2019-08-24 13:00:22 - [TEST_STEP][PASSED] - if (i == 2 &amp;&amp; wildList.indexOf(symbol) != -1): null

2019-08-24 13:00:22 - [TEST_STEP][PASSED] - if (i == 3 &amp;&amp; wildList.indexOf(symbol) != -1): null

2019-08-24 13:00:22 - [TEST_STEP][PASSED] - if (i == 4 &amp;&amp; wildList.indexOf(symbol) != -1): null

2019-08-24 13:00:22 - [TEST_STEP][PASSED] - symbol = symbol: null

2019-08-24 13:00:22 - [TEST_STEP][PASSED] - println(symbol): null

2019-08-24 13:00:22 - [TEST_STEP][PASSED] - if (i == 2 &amp;&amp; wildList.indexOf(symbol) != -1): null

2019-08-24 13:00:22 - [TEST_STEP][PASSED] - if (i == 3 &amp;&amp; wildList.indexOf(symbol) != -1): null

2019-08-24 13:00:22 - [TEST_STEP][PASSED] - if (i == 4 &amp;&amp; wildList.indexOf(symbol) != -1): null

2019-08-24 13:00:22 - [TEST_STEP][PASSED] - symbols = symbols: null

2019-08-24 13:00:22 - [TEST_STEP][PASSED] - for ([j = 0, j &lt; symbols.size(), (j++)]): null

2019-08-24 13:00:22 - [TEST_STEP][PASSED] - symbol = symbol: null

2019-08-24 13:00:22 - [TEST_STEP][PASSED] - println(symbol): null

2019-08-24 13:00:22 - [TEST_STEP][PASSED] - if (i == 2 &amp;&amp; wildList.indexOf(symbol) != -1): null

2019-08-24 13:00:22 - [TEST_STEP][PASSED] - if (i == 3 &amp;&amp; wildList.indexOf(symbol) != -1): null

2019-08-24 13:00:22 - [TEST_STEP][PASSED] - if (i == 4 &amp;&amp; wildList.indexOf(symbol) != -1): null

2019-08-24 13:00:22 - [TEST_STEP][PASSED] - symbol = symbol: null

2019-08-24 13:00:22 - [TEST_STEP][PASSED] - println(symbol): null

2019-08-24 13:00:22 - [TEST_STEP][PASSED] - if (i == 2 &amp;&amp; wildList.indexOf(symbol) != -1): null

2019-08-24 13:00:22 - [TEST_STEP][PASSED] - if (i == 3 &amp;&amp; wildList.indexOf(symbol) != -1): null

2019-08-24 13:00:22 - [TEST_STEP][PASSED] - if (i == 4 &amp;&amp; wildList.indexOf(symbol) != -1): null

2019-08-24 13:00:22 - [TEST_STEP][PASSED] - symbol = symbol: null

2019-08-24 13:00:22 - [TEST_STEP][PASSED] - println(symbol): null

2019-08-24 13:00:22 - [TEST_STEP][PASSED] - if (i == 2 &amp;&amp; wildList.indexOf(symbol) != -1): null

2019-08-24 13:00:22 - [TEST_STEP][PASSED] - if (i == 3 &amp;&amp; wildList.indexOf(symbol) != -1): null

2019-08-24 13:00:22 - [TEST_STEP][PASSED] - if (i == 4 &amp;&amp; wildList.indexOf(symbol) != -1): null

2019-08-24 13:00:22 - [TEST_STEP][PASSED] - symbols = symbols: null

2019-08-24 13:00:22 - [TEST_STEP][PASSED] - for ([j = 0, j &lt; symbols.size(), (j++)]): null

2019-08-24 13:00:22 - [TEST_STEP][PASSED] - symbol = symbol: null

2019-08-24 13:00:22 - [TEST_STEP][PASSED] - println(symbol): null

2019-08-24 13:00:22 - [TEST_STEP][PASSED] - if (i == 2 &amp;&amp; wildList.indexOf(symbol) != -1): null

2019-08-24 13:00:22 - [TEST_STEP][PASSED] - if (i == 3 &amp;&amp; wildList.indexOf(symbol) != -1): null

2019-08-24 13:00:22 - [TEST_STEP][PASSED] - println("wild found on reel 4, adding counter by 1"): null

2019-08-24 13:00:22 - [TEST_STEP][PASSED] - free_spin_reel_counter[1] = free_spin_reel_counter[1] + 1: null

2019-08-24 13:00:22 - [TEST_STEP][PASSED] - if (i == 4 &amp;&amp; wildList.indexOf(symbol) != -1): null

2019-08-24 13:00:22 - [TEST_STEP][PASSED] - symbol = symbol: null

2019-08-24 13:00:22 - [TEST_STEP][PASSED] - println(symbol): null

2019-08-24 13:00:22 - [TEST_STEP][PASSED] - if (i == 2 &amp;&amp; wildList.indexOf(symbol) != -1): null

2019-08-24 13:00:22 - [TEST_STEP][PASSED] - if (i == 3 &amp;&amp; wildList.indexOf(symbol) != -1): null

2019-08-24 13:00:22 - [TEST_STEP][PASSED] - if (i == 4 &amp;&amp; wildList.indexOf(symbol) != -1): null

2019-08-24 13:00:22 - [TEST_STEP][PASSED] - symbol = symbol: null

2019-08-24 13:00:22 - [TEST_STEP][PASSED] - println(symbol): null

2019-08-24 13:00:22 - [TEST_STEP][PASSED] - if (i == 2 &amp;&amp; wildList.indexOf(symbol) != -1): null

2019-08-24 13:00:22 - [TEST_STEP][PASSED] - if (i == 3 &amp;&amp; wildList.indexOf(symbol) != -1): null

2019-08-24 13:00:22 - [TEST_STEP][PASSED] - if (i == 4 &amp;&amp; wildList.indexOf(symbol) != -1): null

2019-08-24 13:00:22 - [TEST_STEP][PASSED] - symbols = symbols: null

2019-08-24 13:00:22 - [TEST_STEP][PASSED] - for ([j = 0, j &lt; symbols.size(), (j++)]): null

2019-08-24 13:00:22 - [TEST_STEP][PASSED] - symbol = symbol: null

2019-08-24 13:00:22 - [TEST_STEP][PASSED] - println(symbol): null

2019-08-24 13:00:22 - [TEST_STEP][PASSED] - if (i == 2 &amp;&amp; wildList.indexOf(symbol) != -1): null

2019-08-24 13:00:22 - [TEST_STEP][PASSED] - if (i == 3 &amp;&amp; wildList.indexOf(symbol) != -1): null

2019-08-24 13:00:22 - [TEST_STEP][PASSED] - if (i == 4 &amp;&amp; wildList.indexOf(symbol) != -1): null

2019-08-24 13:00:22 - [TEST_STEP][PASSED] - symbol = symbol: null

2019-08-24 13:00:22 - [TEST_STEP][PASSED] - println(symbol): null

2019-08-24 13:00:22 - [TEST_STEP][PASSED] - if (i == 2 &amp;&amp; wildList.indexOf(symbol) != -1): null

2019-08-24 13:00:22 - [TEST_STEP][PASSED] - if (i == 3 &amp;&amp; wildList.indexOf(symbol) != -1): null

2019-08-24 13:00:22 - [TEST_STEP][PASSED] - if (i == 4 &amp;&amp; wildList.indexOf(symbol) != -1): null

2019-08-24 13:00:22 - [TEST_STEP][PASSED] - symbol = symbol: null

2019-08-24 13:00:22 - [TEST_STEP][PASSED] - println(symbol): null

2019-08-24 13:00:22 - [TEST_STEP][PASSED] - if (i == 2 &amp;&amp; wildList.indexOf(symbol) != -1): null

2019-08-24 13:00:22 - [TEST_STEP][PASSED] - if (i == 3 &amp;&amp; wildList.indexOf(symbol) != -1): null

2019-08-24 13:00:22 - [TEST_STEP][PASSED] - if (i == 4 &amp;&amp; wildList.indexOf(symbol) != -1): null

2019-08-24 13:00:22 - [TEST_STEP][PASSED] - free_spin_reel_counter = free_spin_reel_counter: null

2019-08-24 13:00:22 - [TEST_STEP][PASSED] - println("reel 3 wild found: " + free_spin_reel_counter[0]): null

2019-08-24 13:00:22 - [TEST_STEP][PASSED] - println("reel 4 wild found: " + free_spin_reel_counter[1]): null

2019-08-24 13:00:22 - [TEST_STEP][PASSED] - println("reel 5 wild found: " + free_spin_reel_counter[2]): null

2019-08-24 13:00:22 - [TEST_STEP][PASSED] - M4_spin_reels = M4_spin_reels: null

2019-08-24 13:00:22 - [TEST_STEP][PASSED] - M4_spin_reels_symbols = symbol: null

2019-08-24 13:00:22 - [TEST_STEP][PASSED] - M4_spin_reels_symbols = M4_spin_reels_symbols: null

2019-08-24 13:00:22 - [TEST_STEP][PASSED] - M4_spin_reel_wins = reel_wins: null

2019-08-24 13:00:22 - [TEST_STEP][PASSED] - M4_spin_reel_wins = M4_spin_reel_wins: null

2019-08-24 13:00:22 - [TEST_STEP][PASSED] - println("GlobalVariable.M4_spin_reel_wins is: " + M4_spin_reel_wins): null

2019-08-24 13:00:22 - [TEST_STEP][PASSED] - M4_spin_total_bonus_win_this_round = total_bonus_win_this_round: null

2019-08-24 13:00:22 - [TEST_STEP][PASSED] - M4_spin_total_bonus_win_this_round = M4_spin_total_bonus_win_this_round: null

2019-08-24 13:00:22 - [TEST_STEP][PASSED] - println("GlobalVariable.M4_spin_total_bonus_win_this_round is: " + M4_spin_total_bonus_win_this_round): null

2019-08-24 13:00:22 - [TEST_STEP][PASSED] - M4_spin_bonus_spin_result = spin_result: null

2019-08-24 13:00:22 - [TEST_STEP][PASSED] - M4_spin_bonus_spin_result = M4_spin_bonus_spin_result: null

2019-08-24 13:00:22 - [MESSAGE][PASSED] - Verify response successfully

2019-08-24 13:00:22 - [MESSAGE][PASSED] - Send request and verify the response successfully

2019-08-24 13:00:22 - [TEST_STEP][PASSED] - if (M4_total_bonus_spins_int != 0 &amp;&amp; M4_spin_reels_symbols[2].contains("WILD_Expanding")): null

2019-08-24 13:00:22 - [TEST_STEP][PASSED] - free_spin_reel_counter = free_spin_reel_counter: null

2019-08-24 13:00:22 - [TEST_STEP][PASSED] - M4_spin_reels_symbols = M4_spin_reels_symbols: null

2019-08-24 13:00:22 - [TEST_STEP][PASSED] - M4_total_bonus_spins = M4_total_bonus_spins: null

2019-08-24 13:00:22 - [TEST_STEP][PASSED] - spin_result = sendRequestAndVerify(findTestObject("INT/RGS(M4)/1_M4_spin", ["M4_login_user_id":M4_login_user_id, "rgs_session_token":rgs_session_token, "partner":Partner])): Send request and verify the response successfully

2019-08-24 13:00:23 - [MESSAGE][INFO] - HAR: /Users/eiralee/Katalon_Script/SuperWild/Reports/20190824_125957/INT/superWild_5/20190824_125957/requests/main/7.har

2019-08-24 13:00:23 - [TEST_CASE][PASSED] - Start Test Case : Verification: Verification accomplished successfully

2019-08-24 13:00:23 - [TEST_STEP][PASSED] - request = getInstance().getCurrentRequest(): null

2019-08-24 13:00:23 - [TEST_STEP][PASSED] - response = getInstance().getCurrentResponse(): null

2019-08-24 13:00:23 - [TEST_STEP][PASSED] - verifyResponseStatusCode(response, 200): Verify response status code successfully

2019-08-24 13:00:23 - [MESSAGE][PASSED] - Verify response status code successfully

2019-08-24 13:00:23 - [TEST_STEP][PASSED] - getStatusCode()).isEqualTo(200): null

2019-08-24 13:00:23 - [TEST_STEP][PASSED] - newline = System.getProperty("line.separator"): null

2019-08-24 13:00:23 - [TEST_STEP][PASSED] - M4_spin = new groovy.json.JsonSlurper(): null

2019-08-24 13:00:23 - [TEST_STEP][PASSED] - result_M4_spin = M4_spin.parseText(response.getResponseBodyContent()): null

2019-08-24 13:00:23 - [TEST_STEP][PASSED] - M4_spin_current_balance = current_balance: null

2019-08-24 13:00:23 - [TEST_STEP][PASSED] - M4_spin_current_balance = M4_spin_current_balance: null

2019-08-24 13:00:23 - [TEST_STEP][PASSED] - M4_spin_transaction_id = causality: null

2019-08-24 13:00:23 - [TEST_STEP][PASSED] - M4_spin_transaction_id = M4_spin_transaction_id: null

2019-08-24 13:00:23 - [TEST_STEP][PASSED] - M4_spin_round_id = round_id: null

2019-08-24 13:00:23 - [TEST_STEP][PASSED] - M4_spin_round_id = M4_spin_round_id: null

2019-08-24 13:00:23 - [TEST_STEP][PASSED] - M4_spin_line_wins = line_wins: null

2019-08-24 13:00:23 - [TEST_STEP][PASSED] - M4_spin_line_wins = M4_spin_line_wins: null

2019-08-24 13:00:23 - [TEST_STEP][PASSED] - M4_total_bonus_spins_int = total_bonus_spins: null

2019-08-24 13:00:23 - [TEST_STEP][PASSED] - println("******M4_total_bonus_spins type is:*******" + newline + getClass().getName()): null

2019-08-24 13:00:23 - [TEST_STEP][PASSED] - M4_total_bonus_spins_int = M4_total_bonus_spins_int: null

2019-08-24 13:00:23 - [TEST_STEP][PASSED] - M4_total_bonus_spins = Integer.toString(M4_total_bonus_spins_int): null

2019-08-24 13:00:23 - [TEST_STEP][PASSED] - M4_total_bonus_spins = M4_total_bonus_spins: null

2019-08-24 13:00:23 - [TEST_STEP][PASSED] - println("M4_total_bonus_spins is:" + M4_total_bonus_spins): null

2019-08-24 13:00:23 - [TEST_STEP][PASSED] - M4_spin_bonus_data = bonus_data: null

2019-08-24 13:00:23 - [TEST_STEP][PASSED] - M4_spin_features_triggered = result_M4_spin: null

2019-08-24 13:00:23 - [TEST_STEP][PASSED] - wild = []: null

2019-08-24 13:00:23 - [TEST_STEP][PASSED] - wild[0] = "WILD_Expanding": null

2019-08-24 13:00:23 - [TEST_STEP][PASSED] - wild[1] = "WILD_Normal": null

2019-08-24 13:00:23 - [TEST_STEP][PASSED] - wild[2] = "WILD_Double": null

2019-08-24 13:00:23 - [TEST_STEP][PASSED] - wild[3] = "WILD_ExtraFG": null

2019-08-24 13:00:23 - [TEST_STEP][PASSED] - wild[4] = "WILD_Triple": null

2019-08-24 13:00:23 - [TEST_STEP][PASSED] - wildList = Arrays.asList(wild): null

2019-08-24 13:00:23 - [TEST_STEP][PASSED] - wildList = wildList: null

2019-08-24 13:00:23 - [TEST_STEP][PASSED] - free_spin_reel_counter = []: null

2019-08-24 13:00:23 - [TEST_STEP][PASSED] - free_spin_reel_counter[0] = 0: null

2019-08-24 13:00:23 - [TEST_STEP][PASSED] - free_spin_reel_counter[1] = 0: null

2019-08-24 13:00:23 - [TEST_STEP][PASSED] - free_spin_reel_counter[2] = 0: null

2019-08-24 13:00:23 - [TEST_STEP][PASSED] - M4_spin_reels = reels: null

2019-08-24 13:00:23 - [TEST_STEP][PASSED] - for ([i = 0, i &lt; M4_spin_reels.size(), (i++)]): null

2019-08-24 13:00:23 - [TEST_STEP][PASSED] - symbols = symbols: null

2019-08-24 13:00:23 - [TEST_STEP][PASSED] - for ([j = 0, j &lt; symbols.size(), (j++)]): null

2019-08-24 13:00:23 - [TEST_STEP][PASSED] - symbol = symbol: null

2019-08-24 13:00:23 - [TEST_STEP][PASSED] - println(symbol): null

2019-08-24 13:00:23 - [TEST_STEP][PASSED] - if (i == 2 &amp;&amp; wildList.indexOf(symbol) != -1): null

2019-08-24 13:00:23 - [TEST_STEP][PASSED] - if (i == 3 &amp;&amp; wildList.indexOf(symbol) != -1): null

2019-08-24 13:00:23 - [TEST_STEP][PASSED] - if (i == 4 &amp;&amp; wildList.indexOf(symbol) != -1): null

2019-08-24 13:00:23 - [TEST_STEP][PASSED] - symbol = symbol: null

2019-08-24 13:00:23 - [TEST_STEP][PASSED] - println(symbol): null

2019-08-24 13:00:23 - [TEST_STEP][PASSED] - if (i == 2 &amp;&amp; wildList.indexOf(symbol) != -1): null

2019-08-24 13:00:23 - [TEST_STEP][PASSED] - if (i == 3 &amp;&amp; wildList.indexOf(symbol) != -1): null

2019-08-24 13:00:23 - [TEST_STEP][PASSED] - if (i == 4 &amp;&amp; wildList.indexOf(symbol) != -1): null

2019-08-24 13:00:23 - [TEST_STEP][PASSED] - symbol = symbol: null

2019-08-24 13:00:23 - [TEST_STEP][PASSED] - println(symbol): null

2019-08-24 13:00:23 - [TEST_STEP][PASSED] - if (i == 2 &amp;&amp; wildList.indexOf(symbol) != -1): null

2019-08-24 13:00:23 - [TEST_STEP][PASSED] - if (i == 3 &amp;&amp; wildList.indexOf(symbol) != -1): null

2019-08-24 13:00:23 - [TEST_STEP][PASSED] - if (i == 4 &amp;&amp; wildList.indexOf(symbol) != -1): null

2019-08-24 13:00:23 - [TEST_STEP][PASSED] - symbols = symbols: null

2019-08-24 13:00:23 - [TEST_STEP][PASSED] - for ([j = 0, j &lt; symbols.size(), (j++)]): null

2019-08-24 13:00:23 - [TEST_STEP][PASSED] - symbol = symbol: null

2019-08-24 13:00:23 - [TEST_STEP][PASSED] - println(symbol): null

2019-08-24 13:00:23 - [TEST_STEP][PASSED] - if (i == 2 &amp;&amp; wildList.indexOf(symbol) != -1): null

2019-08-24 13:00:23 - [TEST_STEP][PASSED] - if (i == 3 &amp;&amp; wildList.indexOf(symbol) != -1): null

2019-08-24 13:00:23 - [TEST_STEP][PASSED] - if (i == 4 &amp;&amp; wildList.indexOf(symbol) != -1): null

2019-08-24 13:00:23 - [TEST_STEP][PASSED] - symbol = symbol: null

2019-08-24 13:00:23 - [TEST_STEP][PASSED] - println(symbol): null

2019-08-24 13:00:23 - [TEST_STEP][PASSED] - if (i == 2 &amp;&amp; wildList.indexOf(symbol) != -1): null

2019-08-24 13:00:23 - [TEST_STEP][PASSED] - if (i == 3 &amp;&amp; wildList.indexOf(symbol) != -1): null

2019-08-24 13:00:23 - [TEST_STEP][PASSED] - if (i == 4 &amp;&amp; wildList.indexOf(symbol) != -1): null

2019-08-24 13:00:23 - [TEST_STEP][PASSED] - symbol = symbol: null

2019-08-24 13:00:23 - [TEST_STEP][PASSED] - println(symbol): null

2019-08-24 13:00:23 - [TEST_STEP][PASSED] - if (i == 2 &amp;&amp; wildList.indexOf(symbol) != -1): null

2019-08-24 13:00:23 - [TEST_STEP][PASSED] - if (i == 3 &amp;&amp; wildList.indexOf(symbol) != -1): null

2019-08-24 13:00:23 - [TEST_STEP][PASSED] - if (i == 4 &amp;&amp; wildList.indexOf(symbol) != -1): null

2019-08-24 13:00:23 - [TEST_STEP][PASSED] - symbols = symbols: null

2019-08-24 13:00:23 - [TEST_STEP][PASSED] - for ([j = 0, j &lt; symbols.size(), (j++)]): null

2019-08-24 13:00:23 - [TEST_STEP][PASSED] - symbol = symbol: null

2019-08-24 13:00:23 - [TEST_STEP][PASSED] - println(symbol): null

2019-08-24 13:00:23 - [TEST_STEP][PASSED] - if (i == 2 &amp;&amp; wildList.indexOf(symbol) != -1): null

2019-08-24 13:00:23 - [TEST_STEP][PASSED] - if (i == 3 &amp;&amp; wildList.indexOf(symbol) != -1): null

2019-08-24 13:00:23 - [TEST_STEP][PASSED] - if (i == 4 &amp;&amp; wildList.indexOf(symbol) != -1): null

2019-08-24 13:00:23 - [TEST_STEP][PASSED] - symbol = symbol: null

2019-08-24 13:00:23 - [TEST_STEP][PASSED] - println(symbol): null

2019-08-24 13:00:23 - [TEST_STEP][PASSED] - if (i == 2 &amp;&amp; wildList.indexOf(symbol) != -1): null

2019-08-24 13:00:23 - [TEST_STEP][PASSED] - if (i == 3 &amp;&amp; wildList.indexOf(symbol) != -1): null

2019-08-24 13:00:23 - [TEST_STEP][PASSED] - if (i == 4 &amp;&amp; wildList.indexOf(symbol) != -1): null

2019-08-24 13:00:23 - [TEST_STEP][PASSED] - symbol = symbol: null

2019-08-24 13:00:23 - [TEST_STEP][PASSED] - println(symbol): null

2019-08-24 13:00:23 - [TEST_STEP][PASSED] - if (i == 2 &amp;&amp; wildList.indexOf(symbol) != -1): null

2019-08-24 13:00:23 - [TEST_STEP][PASSED] - if (i == 3 &amp;&amp; wildList.indexOf(symbol) != -1): null

2019-08-24 13:00:23 - [TEST_STEP][PASSED] - if (i == 4 &amp;&amp; wildList.indexOf(symbol) != -1): null

2019-08-24 13:00:23 - [TEST_STEP][PASSED] - symbols = symbols: null

2019-08-24 13:00:23 - [TEST_STEP][PASSED] - for ([j = 0, j &lt; symbols.size(), (j++)]): null

2019-08-24 13:00:23 - [TEST_STEP][PASSED] - symbol = symbol: null

2019-08-24 13:00:23 - [TEST_STEP][PASSED] - println(symbol): null

2019-08-24 13:00:23 - [TEST_STEP][PASSED] - if (i == 2 &amp;&amp; wildList.indexOf(symbol) != -1): null

2019-08-24 13:00:23 - [TEST_STEP][PASSED] - if (i == 3 &amp;&amp; wildList.indexOf(symbol) != -1): null

2019-08-24 13:00:23 - [TEST_STEP][PASSED] - println("wild found on reel 4, adding counter by 1"): null

2019-08-24 13:00:23 - [TEST_STEP][PASSED] - free_spin_reel_counter[1] = free_spin_reel_counter[1] + 1: null

2019-08-24 13:00:23 - [TEST_STEP][PASSED] - if (i == 4 &amp;&amp; wildList.indexOf(symbol) != -1): null

2019-08-24 13:00:23 - [TEST_STEP][PASSED] - symbol = symbol: null

2019-08-24 13:00:23 - [TEST_STEP][PASSED] - println(symbol): null

2019-08-24 13:00:23 - [TEST_STEP][PASSED] - if (i == 2 &amp;&amp; wildList.indexOf(symbol) != -1): null

2019-08-24 13:00:23 - [TEST_STEP][PASSED] - if (i == 3 &amp;&amp; wildList.indexOf(symbol) != -1): null

2019-08-24 13:00:23 - [TEST_STEP][PASSED] - if (i == 4 &amp;&amp; wildList.indexOf(symbol) != -1): null

2019-08-24 13:00:23 - [TEST_STEP][PASSED] - symbol = symbol: null

2019-08-24 13:00:23 - [TEST_STEP][PASSED] - println(symbol): null

2019-08-24 13:00:23 - [TEST_STEP][PASSED] - if (i == 2 &amp;&amp; wildList.indexOf(symbol) != -1): null

2019-08-24 13:00:23 - [TEST_STEP][PASSED] - if (i == 3 &amp;&amp; wildList.indexOf(symbol) != -1): null

2019-08-24 13:00:23 - [TEST_STEP][PASSED] - if (i == 4 &amp;&amp; wildList.indexOf(symbol) != -1): null

2019-08-24 13:00:23 - [TEST_STEP][PASSED] - symbols = symbols: null

2019-08-24 13:00:23 - [TEST_STEP][PASSED] - for ([j = 0, j &lt; symbols.size(), (j++)]): null

2019-08-24 13:00:23 - [TEST_STEP][PASSED] - symbol = symbol: null

2019-08-24 13:00:23 - [TEST_STEP][PASSED] - println(symbol): null

2019-08-24 13:00:23 - [TEST_STEP][PASSED] - if (i == 2 &amp;&amp; wildList.indexOf(symbol) != -1): null

2019-08-24 13:00:23 - [TEST_STEP][PASSED] - if (i == 3 &amp;&amp; wildList.indexOf(symbol) != -1): null

2019-08-24 13:00:23 - [TEST_STEP][PASSED] - if (i == 4 &amp;&amp; wildList.indexOf(symbol) != -1): null

2019-08-24 13:00:23 - [TEST_STEP][PASSED] - symbol = symbol: null

2019-08-24 13:00:23 - [TEST_STEP][PASSED] - println(symbol): null

2019-08-24 13:00:23 - [TEST_STEP][PASSED] - if (i == 2 &amp;&amp; wildList.indexOf(symbol) != -1): null

2019-08-24 13:00:23 - [TEST_STEP][PASSED] - if (i == 3 &amp;&amp; wildList.indexOf(symbol) != -1): null

2019-08-24 13:00:23 - [TEST_STEP][PASSED] - if (i == 4 &amp;&amp; wildList.indexOf(symbol) != -1): null

2019-08-24 13:00:23 - [TEST_STEP][PASSED] - symbol = symbol: null

2019-08-24 13:00:23 - [TEST_STEP][PASSED] - println(symbol): null

2019-08-24 13:00:23 - [TEST_STEP][PASSED] - if (i == 2 &amp;&amp; wildList.indexOf(symbol) != -1): null

2019-08-24 13:00:23 - [TEST_STEP][PASSED] - if (i == 3 &amp;&amp; wildList.indexOf(symbol) != -1): null

2019-08-24 13:00:23 - [TEST_STEP][PASSED] - if (i == 4 &amp;&amp; wildList.indexOf(symbol) != -1): null

2019-08-24 13:00:23 - [TEST_STEP][PASSED] - free_spin_reel_counter = free_spin_reel_counter: null

2019-08-24 13:00:23 - [TEST_STEP][PASSED] - println("reel 3 wild found: " + free_spin_reel_counter[0]): null

2019-08-24 13:00:23 - [TEST_STEP][PASSED] - println("reel 4 wild found: " + free_spin_reel_counter[1]): null

2019-08-24 13:00:23 - [TEST_STEP][PASSED] - println("reel 5 wild found: " + free_spin_reel_counter[2]): null

2019-08-24 13:00:23 - [TEST_STEP][PASSED] - M4_spin_reels = M4_spin_reels: null

2019-08-24 13:00:23 - [TEST_STEP][PASSED] - M4_spin_reels_symbols = symbol: null

2019-08-24 13:00:23 - [TEST_STEP][PASSED] - M4_spin_reels_symbols = M4_spin_reels_symbols: null

2019-08-24 13:00:23 - [TEST_STEP][PASSED] - M4_spin_reel_wins = reel_wins: null

2019-08-24 13:00:23 - [TEST_STEP][PASSED] - M4_spin_reel_wins = M4_spin_reel_wins: null

2019-08-24 13:00:23 - [TEST_STEP][PASSED] - println("GlobalVariable.M4_spin_reel_wins is: " + M4_spin_reel_wins): null

2019-08-24 13:00:23 - [TEST_STEP][PASSED] - M4_spin_total_bonus_win_this_round = total_bonus_win_this_round: null

2019-08-24 13:00:23 - [TEST_STEP][PASSED] - M4_spin_total_bonus_win_this_round = M4_spin_total_bonus_win_this_round: null

2019-08-24 13:00:23 - [TEST_STEP][PASSED] - println("GlobalVariable.M4_spin_total_bonus_win_this_round is: " + M4_spin_total_bonus_win_this_round): null

2019-08-24 13:00:23 - [TEST_STEP][PASSED] - M4_spin_bonus_spin_result = spin_result: null

2019-08-24 13:00:23 - [TEST_STEP][PASSED] - M4_spin_bonus_spin_result = M4_spin_bonus_spin_result: null

2019-08-24 13:00:23 - [MESSAGE][PASSED] - Verify response successfully

2019-08-24 13:00:23 - [MESSAGE][PASSED] - Send request and verify the response successfully

2019-08-24 13:00:23 - [TEST_STEP][PASSED] - if (M4_total_bonus_spins_int != 0 &amp;&amp; M4_spin_reels_symbols[2].contains("WILD_Expanding")): null

2019-08-24 13:00:23 - [TEST_STEP][PASSED] - free_spin_reel_counter = free_spin_reel_counter: null

2019-08-24 13:00:23 - [TEST_STEP][PASSED] - M4_spin_reels_symbols = M4_spin_reels_symbols: null

2019-08-24 13:00:23 - [TEST_STEP][PASSED] - M4_total_bonus_spins = M4_total_bonus_spins: null

2019-08-24 13:00:23 - [TEST_STEP][PASSED] - spin_result = sendRequestAndVerify(findTestObject("INT/RGS(M4)/1_M4_spin", ["M4_login_user_id":M4_login_user_id, "rgs_session_token":rgs_session_token, "partner":Partner])): Send request and verify the response successfully

2019-08-24 13:00:23 - [MESSAGE][INFO] - HAR: /Users/eiralee/Katalon_Script/SuperWild/Reports/20190824_125957/INT/superWild_5/20190824_125957/requests/main/8.har

2019-08-24 13:00:23 - [TEST_CASE][PASSED] - Start Test Case : Verification: Verification accomplished successfully

2019-08-24 13:00:24 - [TEST_STEP][PASSED] - request = getInstance().getCurrentRequest(): null

2019-08-24 13:00:24 - [TEST_STEP][PASSED] - response = getInstance().getCurrentResponse(): null

2019-08-24 13:00:24 - [TEST_STEP][PASSED] - verifyResponseStatusCode(response, 200): Verify response status code successfully

2019-08-24 13:00:24 - [MESSAGE][PASSED] - Verify response status code successfully

2019-08-24 13:00:24 - [TEST_STEP][PASSED] - getStatusCode()).isEqualTo(200): null

2019-08-24 13:00:24 - [TEST_STEP][PASSED] - newline = System.getProperty("line.separator"): null

2019-08-24 13:00:24 - [TEST_STEP][PASSED] - M4_spin = new groovy.json.JsonSlurper(): null

2019-08-24 13:00:24 - [TEST_STEP][PASSED] - result_M4_spin = M4_spin.parseText(response.getResponseBodyContent()): null

2019-08-24 13:00:24 - [TEST_STEP][PASSED] - M4_spin_current_balance = current_balance: null

2019-08-24 13:00:24 - [TEST_STEP][PASSED] - M4_spin_current_balance = M4_spin_current_balance: null

2019-08-24 13:00:24 - [TEST_STEP][PASSED] - M4_spin_transaction_id = causality: null

2019-08-24 13:00:24 - [TEST_STEP][PASSED] - M4_spin_transaction_id = M4_spin_transaction_id: null

2019-08-24 13:00:24 - [TEST_STEP][PASSED] - M4_spin_round_id = round_id: null

2019-08-24 13:00:24 - [TEST_STEP][PASSED] - M4_spin_round_id = M4_spin_round_id: null

2019-08-24 13:00:24 - [TEST_STEP][PASSED] - M4_spin_line_wins = line_wins: null

2019-08-24 13:00:24 - [TEST_STEP][PASSED] - M4_spin_line_wins = M4_spin_line_wins: null

2019-08-24 13:00:24 - [TEST_STEP][PASSED] - M4_total_bonus_spins_int = total_bonus_spins: null

2019-08-24 13:00:24 - [TEST_STEP][PASSED] - println("******M4_total_bonus_spins type is:*******" + newline + getClass().getName()): null

2019-08-24 13:00:24 - [TEST_STEP][PASSED] - M4_total_bonus_spins_int = M4_total_bonus_spins_int: null

2019-08-24 13:00:24 - [TEST_STEP][PASSED] - M4_total_bonus_spins = Integer.toString(M4_total_bonus_spins_int): null

2019-08-24 13:00:24 - [TEST_STEP][PASSED] - M4_total_bonus_spins = M4_total_bonus_spins: null

2019-08-24 13:00:24 - [TEST_STEP][PASSED] - println("M4_total_bonus_spins is:" + M4_total_bonus_spins): null

2019-08-24 13:00:24 - [TEST_STEP][PASSED] - M4_spin_bonus_data = bonus_data: null

2019-08-24 13:00:24 - [TEST_STEP][PASSED] - M4_spin_features_triggered = result_M4_spin: null

2019-08-24 13:00:24 - [TEST_STEP][PASSED] - wild = []: null

2019-08-24 13:00:24 - [TEST_STEP][PASSED] - wild[0] = "WILD_Expanding": null

2019-08-24 13:00:24 - [TEST_STEP][PASSED] - wild[1] = "WILD_Normal": null

2019-08-24 13:00:24 - [TEST_STEP][PASSED] - wild[2] = "WILD_Double": null

2019-08-24 13:00:24 - [TEST_STEP][PASSED] - wild[3] = "WILD_ExtraFG": null

2019-08-24 13:00:24 - [TEST_STEP][PASSED] - wild[4] = "WILD_Triple": null

2019-08-24 13:00:24 - [TEST_STEP][PASSED] - wildList = Arrays.asList(wild): null

2019-08-24 13:00:24 - [TEST_STEP][PASSED] - wildList = wildList: null

2019-08-24 13:00:24 - [TEST_STEP][PASSED] - free_spin_reel_counter = []: null

2019-08-24 13:00:24 - [TEST_STEP][PASSED] - free_spin_reel_counter[0] = 0: null

2019-08-24 13:00:24 - [TEST_STEP][PASSED] - free_spin_reel_counter[1] = 0: null

2019-08-24 13:00:24 - [TEST_STEP][PASSED] - free_spin_reel_counter[2] = 0: null

2019-08-24 13:00:24 - [TEST_STEP][PASSED] - M4_spin_reels = reels: null

2019-08-24 13:00:24 - [TEST_STEP][PASSED] - for ([i = 0, i &lt; M4_spin_reels.size(), (i++)]): null

2019-08-24 13:00:24 - [TEST_STEP][PASSED] - symbols = symbols: null

2019-08-24 13:00:24 - [TEST_STEP][PASSED] - for ([j = 0, j &lt; symbols.size(), (j++)]): null

2019-08-24 13:00:24 - [TEST_STEP][PASSED] - symbol = symbol: null

2019-08-24 13:00:24 - [TEST_STEP][PASSED] - println(symbol): null

2019-08-24 13:00:24 - [TEST_STEP][PASSED] - if (i == 2 &amp;&amp; wildList.indexOf(symbol) != -1): null

2019-08-24 13:00:24 - [TEST_STEP][PASSED] - if (i == 3 &amp;&amp; wildList.indexOf(symbol) != -1): null

2019-08-24 13:00:24 - [TEST_STEP][PASSED] - if (i == 4 &amp;&amp; wildList.indexOf(symbol) != -1): null

2019-08-24 13:00:24 - [TEST_STEP][PASSED] - symbol = symbol: null

2019-08-24 13:00:24 - [TEST_STEP][PASSED] - println(symbol): null

2019-08-24 13:00:24 - [TEST_STEP][PASSED] - if (i == 2 &amp;&amp; wildList.indexOf(symbol) != -1): null

2019-08-24 13:00:24 - [TEST_STEP][PASSED] - if (i == 3 &amp;&amp; wildList.indexOf(symbol) != -1): null

2019-08-24 13:00:24 - [TEST_STEP][PASSED] - if (i == 4 &amp;&amp; wildList.indexOf(symbol) != -1): null

2019-08-24 13:00:24 - [TEST_STEP][PASSED] - symbol = symbol: null

2019-08-24 13:00:24 - [TEST_STEP][PASSED] - println(symbol): null

2019-08-24 13:00:24 - [TEST_STEP][PASSED] - if (i == 2 &amp;&amp; wildList.indexOf(symbol) != -1): null

2019-08-24 13:00:24 - [TEST_STEP][PASSED] - if (i == 3 &amp;&amp; wildList.indexOf(symbol) != -1): null

2019-08-24 13:00:24 - [TEST_STEP][PASSED] - if (i == 4 &amp;&amp; wildList.indexOf(symbol) != -1): null

2019-08-24 13:00:24 - [TEST_STEP][PASSED] - symbols = symbols: null

2019-08-24 13:00:24 - [TEST_STEP][PASSED] - for ([j = 0, j &lt; symbols.size(), (j++)]): null

2019-08-24 13:00:24 - [TEST_STEP][PASSED] - symbol = symbol: null

2019-08-24 13:00:24 - [TEST_STEP][PASSED] - println(symbol): null

2019-08-24 13:00:24 - [TEST_STEP][PASSED] - if (i == 2 &amp;&amp; wildList.indexOf(symbol) != -1): null

2019-08-24 13:00:24 - [TEST_STEP][PASSED] - if (i == 3 &amp;&amp; wildList.indexOf(symbol) != -1): null

2019-08-24 13:00:24 - [TEST_STEP][PASSED] - if (i == 4 &amp;&amp; wildList.indexOf(symbol) != -1): null

2019-08-24 13:00:24 - [TEST_STEP][PASSED] - symbol = symbol: null

2019-08-24 13:00:24 - [TEST_STEP][PASSED] - println(symbol): null

2019-08-24 13:00:24 - [TEST_STEP][PASSED] - if (i == 2 &amp;&amp; wildList.indexOf(symbol) != -1): null

2019-08-24 13:00:24 - [TEST_STEP][PASSED] - if (i == 3 &amp;&amp; wildList.indexOf(symbol) != -1): null

2019-08-24 13:00:24 - [TEST_STEP][PASSED] - if (i == 4 &amp;&amp; wildList.indexOf(symbol) != -1): null

2019-08-24 13:00:24 - [TEST_STEP][PASSED] - symbol = symbol: null

2019-08-24 13:00:24 - [TEST_STEP][PASSED] - println(symbol): null

2019-08-24 13:00:24 - [TEST_STEP][PASSED] - if (i == 2 &amp;&amp; wildList.indexOf(symbol) != -1): null

2019-08-24 13:00:24 - [TEST_STEP][PASSED] - if (i == 3 &amp;&amp; wildList.indexOf(symbol) != -1): null

2019-08-24 13:00:24 - [TEST_STEP][PASSED] - if (i == 4 &amp;&amp; wildList.indexOf(symbol) != -1): null

2019-08-24 13:00:24 - [TEST_STEP][PASSED] - symbols = symbols: null

2019-08-24 13:00:24 - [TEST_STEP][PASSED] - for ([j = 0, j &lt; symbols.size(), (j++)]): null

2019-08-24 13:00:24 - [TEST_STEP][PASSED] - symbol = symbol: null

2019-08-24 13:00:24 - [TEST_STEP][PASSED] - println(symbol): null

2019-08-24 13:00:24 - [TEST_STEP][PASSED] - if (i == 2 &amp;&amp; wildList.indexOf(symbol) != -1): null

2019-08-24 13:00:24 - [TEST_STEP][PASSED] - if (i == 3 &amp;&amp; wildList.indexOf(symbol) != -1): null

2019-08-24 13:00:24 - [TEST_STEP][PASSED] - if (i == 4 &amp;&amp; wildList.indexOf(symbol) != -1): null

2019-08-24 13:00:24 - [TEST_STEP][PASSED] - symbol = symbol: null

2019-08-24 13:00:24 - [TEST_STEP][PASSED] - println(symbol): null

2019-08-24 13:00:24 - [TEST_STEP][PASSED] - if (i == 2 &amp;&amp; wildList.indexOf(symbol) != -1): null

2019-08-24 13:00:24 - [TEST_STEP][PASSED] - if (i == 3 &amp;&amp; wildList.indexOf(symbol) != -1): null

2019-08-24 13:00:24 - [TEST_STEP][PASSED] - if (i == 4 &amp;&amp; wildList.indexOf(symbol) != -1): null

2019-08-24 13:00:24 - [TEST_STEP][PASSED] - symbol = symbol: null

2019-08-24 13:00:24 - [TEST_STEP][PASSED] - println(symbol): null

2019-08-24 13:00:24 - [TEST_STEP][PASSED] - if (i == 2 &amp;&amp; wildList.indexOf(symbol) != -1): null

2019-08-24 13:00:24 - [TEST_STEP][PASSED] - if (i == 3 &amp;&amp; wildList.indexOf(symbol) != -1): null

2019-08-24 13:00:24 - [TEST_STEP][PASSED] - if (i == 4 &amp;&amp; wildList.indexOf(symbol) != -1): null

2019-08-24 13:00:24 - [TEST_STEP][PASSED] - symbols = symbols: null

2019-08-24 13:00:24 - [TEST_STEP][PASSED] - for ([j = 0, j &lt; symbols.size(), (j++)]): null

2019-08-24 13:00:24 - [TEST_STEP][PASSED] - symbol = symbol: null

2019-08-24 13:00:24 - [TEST_STEP][PASSED] - println(symbol): null

2019-08-24 13:00:24 - [TEST_STEP][PASSED] - if (i == 2 &amp;&amp; wildList.indexOf(symbol) != -1): null

2019-08-24 13:00:24 - [TEST_STEP][PASSED] - if (i == 3 &amp;&amp; wildList.indexOf(symbol) != -1): null

2019-08-24 13:00:24 - [TEST_STEP][PASSED] - if (i == 4 &amp;&amp; wildList.indexOf(symbol) != -1): null

2019-08-24 13:00:24 - [TEST_STEP][PASSED] - symbol = symbol: null

2019-08-24 13:00:24 - [TEST_STEP][PASSED] - println(symbol): null

2019-08-24 13:00:24 - [TEST_STEP][PASSED] - if (i == 2 &amp;&amp; wildList.indexOf(symbol) != -1): null

2019-08-24 13:00:24 - [TEST_STEP][PASSED] - if (i == 3 &amp;&amp; wildList.indexOf(symbol) != -1): null

2019-08-24 13:00:24 - [TEST_STEP][PASSED] - if (i == 4 &amp;&amp; wildList.indexOf(symbol) != -1): null

2019-08-24 13:00:24 - [TEST_STEP][PASSED] - symbol = symbol: null

2019-08-24 13:00:24 - [TEST_STEP][PASSED] - println(symbol): null

2019-08-24 13:00:24 - [TEST_STEP][PASSED] - if (i == 2 &amp;&amp; wildList.indexOf(symbol) != -1): null

2019-08-24 13:00:24 - [TEST_STEP][PASSED] - if (i == 3 &amp;&amp; wildList.indexOf(symbol) != -1): null

2019-08-24 13:00:24 - [TEST_STEP][PASSED] - if (i == 4 &amp;&amp; wildList.indexOf(symbol) != -1): null

2019-08-24 13:00:24 - [TEST_STEP][PASSED] - symbols = symbols: null

2019-08-24 13:00:24 - [TEST_STEP][PASSED] - for ([j = 0, j &lt; symbols.size(), (j++)]): null

2019-08-24 13:00:24 - [TEST_STEP][PASSED] - symbol = symbol: null

2019-08-24 13:00:24 - [TEST_STEP][PASSED] - println(symbol): null

2019-08-24 13:00:24 - [TEST_STEP][PASSED] - if (i == 2 &amp;&amp; wildList.indexOf(symbol) != -1): null

2019-08-24 13:00:24 - [TEST_STEP][PASSED] - if (i == 3 &amp;&amp; wildList.indexOf(symbol) != -1): null

2019-08-24 13:00:24 - [TEST_STEP][PASSED] - if (i == 4 &amp;&amp; wildList.indexOf(symbol) != -1): null

2019-08-24 13:00:24 - [TEST_STEP][PASSED] - symbol = symbol: null

2019-08-24 13:00:24 - [TEST_STEP][PASSED] - println(symbol): null

2019-08-24 13:00:24 - [TEST_STEP][PASSED] - if (i == 2 &amp;&amp; wildList.indexOf(symbol) != -1): null

2019-08-24 13:00:24 - [TEST_STEP][PASSED] - if (i == 3 &amp;&amp; wildList.indexOf(symbol) != -1): null

2019-08-24 13:00:24 - [TEST_STEP][PASSED] - if (i == 4 &amp;&amp; wildList.indexOf(symbol) != -1): null

2019-08-24 13:00:24 - [TEST_STEP][PASSED] - symbol = symbol: null

2019-08-24 13:00:24 - [TEST_STEP][PASSED] - println(symbol): null

2019-08-24 13:00:24 - [TEST_STEP][PASSED] - if (i == 2 &amp;&amp; wildList.indexOf(symbol) != -1): null

2019-08-24 13:00:24 - [TEST_STEP][PASSED] - if (i == 3 &amp;&amp; wildList.indexOf(symbol) != -1): null

2019-08-24 13:00:24 - [TEST_STEP][PASSED] - if (i == 4 &amp;&amp; wildList.indexOf(symbol) != -1): null

2019-08-24 13:00:24 - [TEST_STEP][PASSED] - free_spin_reel_counter = free_spin_reel_counter: null

2019-08-24 13:00:24 - [TEST_STEP][PASSED] - println("reel 3 wild found: " + free_spin_reel_counter[0]): null

2019-08-24 13:00:24 - [TEST_STEP][PASSED] - println("reel 4 wild found: " + free_spin_reel_counter[1]): null

2019-08-24 13:00:24 - [TEST_STEP][PASSED] - println("reel 5 wild found: " + free_spin_reel_counter[2]): null

2019-08-24 13:00:24 - [TEST_STEP][PASSED] - M4_spin_reels = M4_spin_reels: null

2019-08-24 13:00:24 - [TEST_STEP][PASSED] - M4_spin_reels_symbols = symbol: null

2019-08-24 13:00:24 - [TEST_STEP][PASSED] - M4_spin_reels_symbols = M4_spin_reels_symbols: null

2019-08-24 13:00:24 - [TEST_STEP][PASSED] - M4_spin_reel_wins = reel_wins: null

2019-08-24 13:00:24 - [TEST_STEP][PASSED] - M4_spin_reel_wins = M4_spin_reel_wins: null

2019-08-24 13:00:24 - [TEST_STEP][PASSED] - println("GlobalVariable.M4_spin_reel_wins is: " + M4_spin_reel_wins): null

2019-08-24 13:00:24 - [TEST_STEP][PASSED] - M4_spin_total_bonus_win_this_round = total_bonus_win_this_round: null

2019-08-24 13:00:24 - [TEST_STEP][PASSED] - M4_spin_total_bonus_win_this_round = M4_spin_total_bonus_win_this_round: null

2019-08-24 13:00:24 - [TEST_STEP][PASSED] - println("GlobalVariable.M4_spin_total_bonus_win_this_round is: " + M4_spin_total_bonus_win_this_round): null

2019-08-24 13:00:24 - [TEST_STEP][PASSED] - M4_spin_bonus_spin_result = spin_result: null

2019-08-24 13:00:24 - [TEST_STEP][PASSED] - M4_spin_bonus_spin_result = M4_spin_bonus_spin_result: null

2019-08-24 13:00:24 - [MESSAGE][PASSED] - Verify response successfully

2019-08-24 13:00:24 - [MESSAGE][PASSED] - Send request and verify the response successfully

2019-08-24 13:00:24 - [TEST_STEP][PASSED] - if (M4_total_bonus_spins_int != 0 &amp;&amp; M4_spin_reels_symbols[2].contains("WILD_Expanding")): null

2019-08-24 13:00:24 - [TEST_STEP][PASSED] - free_spin_reel_counter = free_spin_reel_counter: null

2019-08-24 13:00:24 - [TEST_STEP][PASSED] - M4_spin_reels_symbols = M4_spin_reels_symbols: null

2019-08-24 13:00:24 - [TEST_STEP][PASSED] - M4_total_bonus_spins = M4_total_bonus_spins: null

2019-08-24 13:00:24 - [TEST_STEP][PASSED] - spin_result = sendRequestAndVerify(findTestObject("INT/RGS(M4)/1_M4_spin", ["M4_login_user_id":M4_login_user_id, "rgs_session_token":rgs_session_token, "partner":Partner])): Send request and verify the response successfully

2019-08-24 13:00:24 - [MESSAGE][INFO] - HAR: /Users/eiralee/Katalon_Script/SuperWild/Reports/20190824_125957/INT/superWild_5/20190824_125957/requests/main/9.har

2019-08-24 13:00:24 - [TEST_CASE][PASSED] - Start Test Case : Verification: Verification accomplished successfully

2019-08-24 13:00:24 - [TEST_STEP][PASSED] - request = getInstance().getCurrentRequest(): null

2019-08-24 13:00:24 - [TEST_STEP][PASSED] - response = getInstance().getCurrentResponse(): null

2019-08-24 13:00:24 - [TEST_STEP][PASSED] - verifyResponseStatusCode(response, 200): Verify response status code successfully

2019-08-24 13:00:24 - [MESSAGE][PASSED] - Verify response status code successfully

2019-08-24 13:00:24 - [TEST_STEP][PASSED] - getStatusCode()).isEqualTo(200): null

2019-08-24 13:00:24 - [TEST_STEP][PASSED] - newline = System.getProperty("line.separator"): null

2019-08-24 13:00:24 - [TEST_STEP][PASSED] - M4_spin = new groovy.json.JsonSlurper(): null

2019-08-24 13:00:24 - [TEST_STEP][PASSED] - result_M4_spin = M4_spin.parseText(response.getResponseBodyContent()): null

2019-08-24 13:00:24 - [TEST_STEP][PASSED] - M4_spin_current_balance = current_balance: null

2019-08-24 13:00:24 - [TEST_STEP][PASSED] - M4_spin_current_balance = M4_spin_current_balance: null

2019-08-24 13:00:24 - [TEST_STEP][PASSED] - M4_spin_transaction_id = causality: null

2019-08-24 13:00:24 - [TEST_STEP][PASSED] - M4_spin_transaction_id = M4_spin_transaction_id: null

2019-08-24 13:00:24 - [TEST_STEP][PASSED] - M4_spin_round_id = round_id: null

2019-08-24 13:00:24 - [TEST_STEP][PASSED] - M4_spin_round_id = M4_spin_round_id: null

2019-08-24 13:00:24 - [TEST_STEP][PASSED] - M4_spin_line_wins = line_wins: null

2019-08-24 13:00:24 - [TEST_STEP][PASSED] - M4_spin_line_wins = M4_spin_line_wins: null

2019-08-24 13:00:24 - [TEST_STEP][PASSED] - M4_total_bonus_spins_int = total_bonus_spins: null

2019-08-24 13:00:24 - [TEST_STEP][PASSED] - println("******M4_total_bonus_spins type is:*******" + newline + getClass().getName()): null

2019-08-24 13:00:24 - [TEST_STEP][PASSED] - M4_total_bonus_spins_int = M4_total_bonus_spins_int: null

2019-08-24 13:00:24 - [TEST_STEP][PASSED] - M4_total_bonus_spins = Integer.toString(M4_total_bonus_spins_int): null

2019-08-24 13:00:24 - [TEST_STEP][PASSED] - M4_total_bonus_spins = M4_total_bonus_spins: null

2019-08-24 13:00:24 - [TEST_STEP][PASSED] - println("M4_total_bonus_spins is:" + M4_total_bonus_spins): null

2019-08-24 13:00:24 - [TEST_STEP][PASSED] - M4_spin_bonus_data = bonus_data: null

2019-08-24 13:00:24 - [TEST_STEP][PASSED] - M4_spin_features_triggered = result_M4_spin: null

2019-08-24 13:00:24 - [TEST_STEP][PASSED] - wild = []: null

2019-08-24 13:00:24 - [TEST_STEP][PASSED] - wild[0] = "WILD_Expanding": null

2019-08-24 13:00:24 - [TEST_STEP][PASSED] - wild[1] = "WILD_Normal": null

2019-08-24 13:00:24 - [TEST_STEP][PASSED] - wild[2] = "WILD_Double": null

2019-08-24 13:00:24 - [TEST_STEP][PASSED] - wild[3] = "WILD_ExtraFG": null

2019-08-24 13:00:24 - [TEST_STEP][PASSED] - wild[4] = "WILD_Triple": null

2019-08-24 13:00:24 - [TEST_STEP][PASSED] - wildList = Arrays.asList(wild): null

2019-08-24 13:00:24 - [TEST_STEP][PASSED] - wildList = wildList: null

2019-08-24 13:00:24 - [TEST_STEP][PASSED] - free_spin_reel_counter = []: null

2019-08-24 13:00:24 - [TEST_STEP][PASSED] - free_spin_reel_counter[0] = 0: null

2019-08-24 13:00:24 - [TEST_STEP][PASSED] - free_spin_reel_counter[1] = 0: null

2019-08-24 13:00:24 - [TEST_STEP][PASSED] - free_spin_reel_counter[2] = 0: null

2019-08-24 13:00:24 - [TEST_STEP][PASSED] - M4_spin_reels = reels: null

2019-08-24 13:00:24 - [TEST_STEP][PASSED] - for ([i = 0, i &lt; M4_spin_reels.size(), (i++)]): null

2019-08-24 13:00:24 - [TEST_STEP][PASSED] - symbols = symbols: null

2019-08-24 13:00:24 - [TEST_STEP][PASSED] - for ([j = 0, j &lt; symbols.size(), (j++)]): null

2019-08-24 13:00:24 - [TEST_STEP][PASSED] - symbol = symbol: null

2019-08-24 13:00:24 - [TEST_STEP][PASSED] - println(symbol): null

2019-08-24 13:00:24 - [TEST_STEP][PASSED] - if (i == 2 &amp;&amp; wildList.indexOf(symbol) != -1): null

2019-08-24 13:00:24 - [TEST_STEP][PASSED] - if (i == 3 &amp;&amp; wildList.indexOf(symbol) != -1): null

2019-08-24 13:00:24 - [TEST_STEP][PASSED] - if (i == 4 &amp;&amp; wildList.indexOf(symbol) != -1): null

2019-08-24 13:00:24 - [TEST_STEP][PASSED] - symbol = symbol: null

2019-08-24 13:00:24 - [TEST_STEP][PASSED] - println(symbol): null

2019-08-24 13:00:24 - [TEST_STEP][PASSED] - if (i == 2 &amp;&amp; wildList.indexOf(symbol) != -1): null

2019-08-24 13:00:24 - [TEST_STEP][PASSED] - if (i == 3 &amp;&amp; wildList.indexOf(symbol) != -1): null

2019-08-24 13:00:24 - [TEST_STEP][PASSED] - if (i == 4 &amp;&amp; wildList.indexOf(symbol) != -1): null

2019-08-24 13:00:24 - [TEST_STEP][PASSED] - symbol = symbol: null

2019-08-24 13:00:24 - [TEST_STEP][PASSED] - println(symbol): null

2019-08-24 13:00:24 - [TEST_STEP][PASSED] - if (i == 2 &amp;&amp; wildList.indexOf(symbol) != -1): null

2019-08-24 13:00:24 - [TEST_STEP][PASSED] - if (i == 3 &amp;&amp; wildList.indexOf(symbol) != -1): null

2019-08-24 13:00:24 - [TEST_STEP][PASSED] - if (i == 4 &amp;&amp; wildList.indexOf(symbol) != -1): null

2019-08-24 13:00:24 - [TEST_STEP][PASSED] - symbols = symbols: null

2019-08-24 13:00:24 - [TEST_STEP][PASSED] - for ([j = 0, j &lt; symbols.size(), (j++)]): null

2019-08-24 13:00:24 - [TEST_STEP][PASSED] - symbol = symbol: null

2019-08-24 13:00:28 - [TEST_STEP][PASSED] - println(symbol): null

2019-08-24 13:00:28 - [TEST_STEP][PASSED] - if (i == 2 &amp;&amp; wildList.indexOf(symbol) != -1): null

2019-08-24 13:00:28 - [TEST_STEP][PASSED] - if (i == 3 &amp;&amp; wildList.indexOf(symbol) != -1): null

2019-08-24 13:00:28 - [TEST_STEP][PASSED] - if (i == 4 &amp;&amp; wildList.indexOf(symbol) != -1): null

2019-08-24 13:00:28 - [TEST_STEP][PASSED] - symbol = symbol: null

2019-08-24 13:00:28 - [TEST_STEP][PASSED] - println(symbol): null

2019-08-24 13:00:28 - [TEST_STEP][PASSED] - if (i == 2 &amp;&amp; wildList.indexOf(symbol) != -1): null

2019-08-24 13:00:28 - [TEST_STEP][PASSED] - if (i == 3 &amp;&amp; wildList.indexOf(symbol) != -1): null

2019-08-24 13:00:28 - [TEST_STEP][PASSED] - if (i == 4 &amp;&amp; wildList.indexOf(symbol) != -1): null

2019-08-24 13:00:28 - [TEST_STEP][PASSED] - symbol = symbol: null

2019-08-24 13:00:28 - [TEST_STEP][PASSED] - println(symbol): null

2019-08-24 13:00:28 - [TEST_STEP][PASSED] - if (i == 2 &amp;&amp; wildList.indexOf(symbol) != -1): null

2019-08-24 13:00:28 - [TEST_STEP][PASSED] - if (i == 3 &amp;&amp; wildList.indexOf(symbol) != -1): null

2019-08-24 13:00:28 - [TEST_STEP][PASSED] - if (i == 4 &amp;&amp; wildList.indexOf(symbol) != -1): null

2019-08-24 13:00:28 - [TEST_STEP][PASSED] - symbols = symbols: null

2019-08-24 13:00:28 - [TEST_STEP][PASSED] - for ([j = 0, j &lt; symbols.size(), (j++)]): null

2019-08-24 13:00:28 - [TEST_STEP][PASSED] - symbol = symbol: null

2019-08-24 13:00:28 - [TEST_STEP][PASSED] - println(symbol): null

2019-08-24 13:00:28 - [TEST_STEP][PASSED] - if (i == 2 &amp;&amp; wildList.indexOf(symbol) != -1): null

2019-08-24 13:00:28 - [TEST_STEP][PASSED] - if (i == 3 &amp;&amp; wildList.indexOf(symbol) != -1): null

2019-08-24 13:00:28 - [TEST_STEP][PASSED] - if (i == 4 &amp;&amp; wildList.indexOf(symbol) != -1): null

2019-08-24 13:00:28 - [TEST_STEP][PASSED] - symbol = symbol: null

2019-08-24 13:00:28 - [TEST_STEP][PASSED] - println(symbol): null

2019-08-24 13:00:28 - [TEST_STEP][PASSED] - if (i == 2 &amp;&amp; wildList.indexOf(symbol) != -1): null

2019-08-24 13:00:28 - [TEST_STEP][PASSED] - if (i == 3 &amp;&amp; wildList.indexOf(symbol) != -1): null

2019-08-24 13:00:28 - [TEST_STEP][PASSED] - if (i == 4 &amp;&amp; wildList.indexOf(symbol) != -1): null

2019-08-24 13:00:28 - [TEST_STEP][PASSED] - symbol = symbol: null

2019-08-24 13:00:28 - [TEST_STEP][PASSED] - println(symbol): null

2019-08-24 13:00:28 - [TEST_STEP][PASSED] - if (i == 2 &amp;&amp; wildList.indexOf(symbol) != -1): null

2019-08-24 13:00:28 - [TEST_STEP][PASSED] - if (i == 3 &amp;&amp; wildList.indexOf(symbol) != -1): null

2019-08-24 13:00:28 - [TEST_STEP][PASSED] - if (i == 4 &amp;&amp; wildList.indexOf(symbol) != -1): null

2019-08-24 13:00:28 - [TEST_STEP][PASSED] - symbols = symbols: null

2019-08-24 13:00:28 - [TEST_STEP][PASSED] - for ([j = 0, j &lt; symbols.size(), (j++)]): null

2019-08-24 13:00:28 - [TEST_STEP][PASSED] - symbol = symbol: null

2019-08-24 13:00:28 - [TEST_STEP][PASSED] - println(symbol): null

2019-08-24 13:00:28 - [TEST_STEP][PASSED] - if (i == 2 &amp;&amp; wildList.indexOf(symbol) != -1): null

2019-08-24 13:00:28 - [TEST_STEP][PASSED] - if (i == 3 &amp;&amp; wildList.indexOf(symbol) != -1): null

2019-08-24 13:00:28 - [TEST_STEP][PASSED] - if (i == 4 &amp;&amp; wildList.indexOf(symbol) != -1): null

2019-08-24 13:00:28 - [TEST_STEP][PASSED] - symbol = symbol: null

2019-08-24 13:00:28 - [TEST_STEP][PASSED] - println(symbol): null

2019-08-24 13:00:28 - [TEST_STEP][PASSED] - if (i == 2 &amp;&amp; wildList.indexOf(symbol) != -1): null

2019-08-24 13:00:28 - [TEST_STEP][PASSED] - if (i == 3 &amp;&amp; wildList.indexOf(symbol) != -1): null

2019-08-24 13:00:28 - [TEST_STEP][PASSED] - if (i == 4 &amp;&amp; wildList.indexOf(symbol) != -1): null

2019-08-24 13:00:28 - [TEST_STEP][PASSED] - symbol = symbol: null

2019-08-24 13:00:28 - [TEST_STEP][PASSED] - println(symbol): null

2019-08-24 13:00:28 - [TEST_STEP][PASSED] - if (i == 2 &amp;&amp; wildList.indexOf(symbol) != -1): null

2019-08-24 13:00:28 - [TEST_STEP][PASSED] - if (i == 3 &amp;&amp; wildList.indexOf(symbol) != -1): null

2019-08-24 13:00:28 - [TEST_STEP][PASSED] - if (i == 4 &amp;&amp; wildList.indexOf(symbol) != -1): null

2019-08-24 13:00:28 - [TEST_STEP][PASSED] - symbols = symbols: null

2019-08-24 13:00:28 - [TEST_STEP][PASSED] - for ([j = 0, j &lt; symbols.size(), (j++)]): null

2019-08-24 13:00:28 - [TEST_STEP][PASSED] - symbol = symbol: null

2019-08-24 13:00:28 - [TEST_STEP][PASSED] - println(symbol): null

2019-08-24 13:00:28 - [TEST_STEP][PASSED] - if (i == 2 &amp;&amp; wildList.indexOf(symbol) != -1): null

2019-08-24 13:00:28 - [TEST_STEP][PASSED] - if (i == 3 &amp;&amp; wildList.indexOf(symbol) != -1): null

2019-08-24 13:00:28 - [TEST_STEP][PASSED] - if (i == 4 &amp;&amp; wildList.indexOf(symbol) != -1): null

2019-08-24 13:00:28 - [TEST_STEP][PASSED] - println("wild found on reel 5, adding counter by 1"): null

2019-08-24 13:00:28 - [TEST_STEP][PASSED] - free_spin_reel_counter[2] = free_spin_reel_counter[2] + 1: null

2019-08-24 13:00:28 - [TEST_STEP][PASSED] - symbol = symbol: null

2019-08-24 13:00:28 - [TEST_STEP][PASSED] - println(symbol): null

2019-08-24 13:00:28 - [TEST_STEP][PASSED] - if (i == 2 &amp;&amp; wildList.indexOf(symbol) != -1): null

2019-08-24 13:00:28 - [TEST_STEP][PASSED] - if (i == 3 &amp;&amp; wildList.indexOf(symbol) != -1): null

2019-08-24 13:00:28 - [TEST_STEP][PASSED] - if (i == 4 &amp;&amp; wildList.indexOf(symbol) != -1): null

2019-08-24 13:00:28 - [TEST_STEP][PASSED] - symbol = symbol: null

2019-08-24 13:00:28 - [TEST_STEP][PASSED] - println(symbol): null

2019-08-24 13:00:28 - [TEST_STEP][PASSED] - if (i == 2 &amp;&amp; wildList.indexOf(symbol) != -1): null

2019-08-24 13:00:28 - [TEST_STEP][PASSED] - if (i == 3 &amp;&amp; wildList.indexOf(symbol) != -1): null

2019-08-24 13:00:28 - [TEST_STEP][PASSED] - if (i == 4 &amp;&amp; wildList.indexOf(symbol) != -1): null

2019-08-24 13:00:28 - [TEST_STEP][PASSED] - free_spin_reel_counter = free_spin_reel_counter: null

2019-08-24 13:00:28 - [TEST_STEP][PASSED] - println("reel 3 wild found: " + free_spin_reel_counter[0]): null

2019-08-24 13:00:28 - [TEST_STEP][PASSED] - println("reel 4 wild found: " + free_spin_reel_counter[1]): null

2019-08-24 13:00:28 - [TEST_STEP][PASSED] - println("reel 5 wild found: " + free_spin_reel_counter[2]): null

2019-08-24 13:00:28 - [TEST_STEP][PASSED] - M4_spin_reels = M4_spin_reels: null

2019-08-24 13:00:28 - [TEST_STEP][PASSED] - M4_spin_reels_symbols = symbol: null

2019-08-24 13:00:28 - [TEST_STEP][PASSED] - M4_spin_reels_symbols = M4_spin_reels_symbols: null

2019-08-24 13:00:28 - [TEST_STEP][PASSED] - M4_spin_reel_wins = reel_wins: null

2019-08-24 13:00:28 - [TEST_STEP][PASSED] - M4_spin_reel_wins = M4_spin_reel_wins: null

2019-08-24 13:00:28 - [TEST_STEP][PASSED] - println("GlobalVariable.M4_spin_reel_wins is: " + M4_spin_reel_wins): null

2019-08-24 13:00:28 - [TEST_STEP][PASSED] - M4_spin_total_bonus_win_this_round = total_bonus_win_this_round: null

2019-08-24 13:00:28 - [TEST_STEP][PASSED] - M4_spin_total_bonus_win_this_round = M4_spin_total_bonus_win_this_round: null

2019-08-24 13:00:28 - [TEST_STEP][PASSED] - println("GlobalVariable.M4_spin_total_bonus_win_this_round is: " + M4_spin_total_bonus_win_this_round): null

2019-08-24 13:00:28 - [TEST_STEP][PASSED] - M4_spin_bonus_spin_result = spin_result: null

2019-08-24 13:00:28 - [TEST_STEP][PASSED] - M4_spin_bonus_spin_result = M4_spin_bonus_spin_result: null

2019-08-24 13:00:28 - [MESSAGE][PASSED] - Verify response successfully

2019-08-24 13:00:28 - [MESSAGE][PASSED] - Send request and verify the response successfully

2019-08-24 13:00:28 - [TEST_STEP][PASSED] - if (M4_total_bonus_spins_int != 0 &amp;&amp; M4_spin_reels_symbols[2].contains("WILD_Expanding")): null

2019-08-24 13:00:28 - [TEST_STEP][PASSED] - free_spin_reel_counter = free_spin_reel_counter: null

2019-08-24 13:00:28 - [TEST_STEP][PASSED] - M4_spin_reels_symbols = M4_spin_reels_symbols: null

2019-08-24 13:00:28 - [TEST_STEP][PASSED] - M4_total_bonus_spins = M4_total_bonus_spins: null

2019-08-24 13:00:28 - [TEST_STEP][PASSED] - spin_result = sendRequestAndVerify(findTestObject("INT/RGS(M4)/1_M4_spin", ["M4_login_user_id":M4_login_user_id, "rgs_session_token":rgs_session_token, "partner":Partner])): Send request and verify the response successfully

2019-08-24 13:00:28 - [MESSAGE][INFO] - HAR: /Users/eiralee/Katalon_Script/SuperWild/Reports/20190824_125957/INT/superWild_5/20190824_125957/requests/main/10.har

2019-08-24 13:00:28 - [TEST_CASE][PASSED] - Start Test Case : Verification: Verification accomplished successfully

2019-08-24 13:00:28 - [TEST_STEP][PASSED] - request = getInstance().getCurrentRequest(): null

2019-08-24 13:00:28 - [TEST_STEP][PASSED] - response = getInstance().getCurrentResponse(): null

2019-08-24 13:00:28 - [TEST_STEP][PASSED] - verifyResponseStatusCode(response, 200): Verify response status code successfully

2019-08-24 13:00:28 - [MESSAGE][PASSED] - Verify response status code successfully

2019-08-24 13:00:28 - [TEST_STEP][PASSED] - getStatusCode()).isEqualTo(200): null

2019-08-24 13:00:28 - [TEST_STEP][PASSED] - newline = System.getProperty("line.separator"): null

2019-08-24 13:00:28 - [TEST_STEP][PASSED] - M4_spin = new groovy.json.JsonSlurper(): null

2019-08-24 13:00:28 - [TEST_STEP][PASSED] - result_M4_spin = M4_spin.parseText(response.getResponseBodyContent()): null

2019-08-24 13:00:28 - [TEST_STEP][PASSED] - M4_spin_current_balance = current_balance: null

2019-08-24 13:00:28 - [TEST_STEP][PASSED] - M4_spin_current_balance = M4_spin_current_balance: null

2019-08-24 13:00:28 - [TEST_STEP][PASSED] - M4_spin_transaction_id = causality: null

2019-08-24 13:00:28 - [TEST_STEP][PASSED] - M4_spin_transaction_id = M4_spin_transaction_id: null

2019-08-24 13:00:28 - [TEST_STEP][PASSED] - M4_spin_round_id = round_id: null

2019-08-24 13:00:28 - [TEST_STEP][PASSED] - M4_spin_round_id = M4_spin_round_id: null

2019-08-24 13:00:28 - [TEST_STEP][PASSED] - M4_spin_line_wins = line_wins: null

2019-08-24 13:00:28 - [TEST_STEP][PASSED] - M4_spin_line_wins = M4_spin_line_wins: null

2019-08-24 13:00:28 - [TEST_STEP][PASSED] - M4_total_bonus_spins_int = total_bonus_spins: null

2019-08-24 13:00:28 - [TEST_STEP][PASSED] - println("******M4_total_bonus_spins type is:*******" + newline + getClass().getName()): null

2019-08-24 13:00:28 - [TEST_STEP][PASSED] - M4_total_bonus_spins_int = M4_total_bonus_spins_int: null

2019-08-24 13:00:28 - [TEST_STEP][PASSED] - M4_total_bonus_spins = Integer.toString(M4_total_bonus_spins_int): null

2019-08-24 13:00:28 - [TEST_STEP][PASSED] - M4_total_bonus_spins = M4_total_bonus_spins: null

2019-08-24 13:00:28 - [TEST_STEP][PASSED] - println("M4_total_bonus_spins is:" + M4_total_bonus_spins): null

2019-08-24 13:00:28 - [TEST_STEP][PASSED] - M4_spin_bonus_data = bonus_data: null

2019-08-24 13:00:28 - [TEST_STEP][PASSED] - M4_spin_features_triggered = result_M4_spin: null

2019-08-24 13:00:28 - [TEST_STEP][PASSED] - wild = []: null

2019-08-24 13:00:28 - [TEST_STEP][PASSED] - wild[0] = "WILD_Expanding": null

2019-08-24 13:00:28 - [TEST_STEP][PASSED] - wild[1] = "WILD_Normal": null

2019-08-24 13:00:28 - [TEST_STEP][PASSED] - wild[2] = "WILD_Double": null

2019-08-24 13:00:28 - [TEST_STEP][PASSED] - wild[3] = "WILD_ExtraFG": null

2019-08-24 13:00:28 - [TEST_STEP][PASSED] - wild[4] = "WILD_Triple": null

2019-08-24 13:00:28 - [TEST_STEP][PASSED] - wildList = Arrays.asList(wild): null

2019-08-24 13:00:28 - [TEST_STEP][PASSED] - wildList = wildList: null

2019-08-24 13:00:28 - [TEST_STEP][PASSED] - free_spin_reel_counter = []: null

2019-08-24 13:00:28 - [TEST_STEP][PASSED] - free_spin_reel_counter[0] = 0: null

2019-08-24 13:00:28 - [TEST_STEP][PASSED] - free_spin_reel_counter[1] = 0: null

2019-08-24 13:00:28 - [TEST_STEP][PASSED] - free_spin_reel_counter[2] = 0: null

2019-08-24 13:00:28 - [TEST_STEP][PASSED] - M4_spin_reels = reels: null

2019-08-24 13:00:28 - [TEST_STEP][PASSED] - for ([i = 0, i &lt; M4_spin_reels.size(), (i++)]): null

2019-08-24 13:00:28 - [TEST_STEP][PASSED] - symbols = symbols: null

2019-08-24 13:00:28 - [TEST_STEP][PASSED] - for ([j = 0, j &lt; symbols.size(), (j++)]): null

2019-08-24 13:00:28 - [TEST_STEP][PASSED] - symbol = symbol: null

2019-08-24 13:00:28 - [TEST_STEP][PASSED] - println(symbol): null

2019-08-24 13:00:28 - [TEST_STEP][PASSED] - if (i == 2 &amp;&amp; wildList.indexOf(symbol) != -1): null

2019-08-24 13:00:28 - [TEST_STEP][PASSED] - if (i == 3 &amp;&amp; wildList.indexOf(symbol) != -1): null

2019-08-24 13:00:28 - [TEST_STEP][PASSED] - if (i == 4 &amp;&amp; wildList.indexOf(symbol) != -1): null

2019-08-24 13:00:28 - [TEST_STEP][PASSED] - symbol = symbol: null

2019-08-24 13:00:28 - [TEST_STEP][PASSED] - println(symbol): null

2019-08-24 13:00:28 - [TEST_STEP][PASSED] - if (i == 2 &amp;&amp; wildList.indexOf(symbol) != -1): null

2019-08-24 13:00:28 - [TEST_STEP][PASSED] - if (i == 3 &amp;&amp; wildList.indexOf(symbol) != -1): null

2019-08-24 13:00:28 - [TEST_STEP][PASSED] - if (i == 4 &amp;&amp; wildList.indexOf(symbol) != -1): null

2019-08-24 13:00:28 - [TEST_STEP][PASSED] - symbol = symbol: null

2019-08-24 13:00:28 - [TEST_STEP][PASSED] - println(symbol): null

2019-08-24 13:00:28 - [TEST_STEP][PASSED] - if (i == 2 &amp;&amp; wildList.indexOf(symbol) != -1): null

2019-08-24 13:00:28 - [TEST_STEP][PASSED] - if (i == 3 &amp;&amp; wildList.indexOf(symbol) != -1): null

2019-08-24 13:00:28 - [TEST_STEP][PASSED] - if (i == 4 &amp;&amp; wildList.indexOf(symbol) != -1): null

2019-08-24 13:00:28 - [TEST_STEP][PASSED] - symbols = symbols: null

2019-08-24 13:00:28 - [TEST_STEP][PASSED] - for ([j = 0, j &lt; symbols.size(), (j++)]): null

2019-08-24 13:00:28 - [TEST_STEP][PASSED] - symbol = symbol: null

2019-08-24 13:00:28 - [TEST_STEP][PASSED] - println(symbol): null

2019-08-24 13:00:28 - [TEST_STEP][PASSED] - if (i == 2 &amp;&amp; wildList.indexOf(symbol) != -1): null

2019-08-24 13:00:28 - [TEST_STEP][PASSED] - if (i == 3 &amp;&amp; wildList.indexOf(symbol) != -1): null

2019-08-24 13:00:28 - [TEST_STEP][PASSED] - if (i == 4 &amp;&amp; wildList.indexOf(symbol) != -1): null

2019-08-24 13:00:28 - [TEST_STEP][PASSED] - symbol = symbol: null

2019-08-24 13:00:28 - [TEST_STEP][PASSED] - println(symbol): null

2019-08-24 13:00:28 - [TEST_STEP][PASSED] - if (i == 2 &amp;&amp; wildList.indexOf(symbol) != -1): null

2019-08-24 13:00:28 - [TEST_STEP][PASSED] - if (i == 3 &amp;&amp; wildList.indexOf(symbol) != -1): null

2019-08-24 13:00:28 - [TEST_STEP][PASSED] - if (i == 4 &amp;&amp; wildList.indexOf(symbol) != -1): null

2019-08-24 13:00:28 - [TEST_STEP][PASSED] - symbol = symbol: null

2019-08-24 13:00:28 - [TEST_STEP][PASSED] - println(symbol): null

2019-08-24 13:00:28 - [TEST_STEP][PASSED] - if (i == 2 &amp;&amp; wildList.indexOf(symbol) != -1): null

2019-08-24 13:00:28 - [TEST_STEP][PASSED] - if (i == 3 &amp;&amp; wildList.indexOf(symbol) != -1): null

2019-08-24 13:00:28 - [TEST_STEP][PASSED] - if (i == 4 &amp;&amp; wildList.indexOf(symbol) != -1): null

2019-08-24 13:00:28 - [TEST_STEP][PASSED] - symbols = symbols: null

2019-08-24 13:00:28 - [TEST_STEP][PASSED] - for ([j = 0, j &lt; symbols.size(), (j++)]): null

2019-08-24 13:00:28 - [TEST_STEP][PASSED] - symbol = symbol: null

2019-08-24 13:00:28 - [TEST_STEP][PASSED] - println(symbol): null

2019-08-24 13:00:28 - [TEST_STEP][PASSED] - if (i == 2 &amp;&amp; wildList.indexOf(symbol) != -1): null

2019-08-24 13:00:28 - [TEST_STEP][PASSED] - if (i == 3 &amp;&amp; wildList.indexOf(symbol) != -1): null

2019-08-24 13:00:28 - [TEST_STEP][PASSED] - if (i == 4 &amp;&amp; wildList.indexOf(symbol) != -1): null

2019-08-24 13:00:28 - [TEST_STEP][PASSED] - symbol = symbol: null

2019-08-24 13:00:28 - [TEST_STEP][PASSED] - println(symbol): null

2019-08-24 13:00:28 - [TEST_STEP][PASSED] - if (i == 2 &amp;&amp; wildList.indexOf(symbol) != -1): null

2019-08-24 13:00:28 - [TEST_STEP][PASSED] - println("wild found on reel 3, adding counter by 1"): null

2019-08-24 13:00:28 - [TEST_STEP][PASSED] - free_spin_reel_counter[0] = free_spin_reel_counter[0] + 1: null

2019-08-24 13:00:28 - [TEST_STEP][PASSED] - if (i == 3 &amp;&amp; wildList.indexOf(symbol) != -1): null

2019-08-24 13:00:28 - [TEST_STEP][PASSED] - if (i == 4 &amp;&amp; wildList.indexOf(symbol) != -1): null

2019-08-24 13:00:28 - [TEST_STEP][PASSED] - symbol = symbol: null

2019-08-24 13:00:28 - [TEST_STEP][PASSED] - println(symbol): null

2019-08-24 13:00:28 - [TEST_STEP][PASSED] - if (i == 2 &amp;&amp; wildList.indexOf(symbol) != -1): null

2019-08-24 13:00:28 - [TEST_STEP][PASSED] - if (i == 3 &amp;&amp; wildList.indexOf(symbol) != -1): null

2019-08-24 13:00:28 - [TEST_STEP][PASSED] - if (i == 4 &amp;&amp; wildList.indexOf(symbol) != -1): null

2019-08-24 13:00:28 - [TEST_STEP][PASSED] - symbols = symbols: null

2019-08-24 13:00:28 - [TEST_STEP][PASSED] - for ([j = 0, j &lt; symbols.size(), (j++)]): null

2019-08-24 13:00:28 - [TEST_STEP][PASSED] - symbol = symbol: null

2019-08-24 13:00:28 - [TEST_STEP][PASSED] - println(symbol): null

2019-08-24 13:00:28 - [TEST_STEP][PASSED] - if (i == 2 &amp;&amp; wildList.indexOf(symbol) != -1): null

2019-08-24 13:00:28 - [TEST_STEP][PASSED] - if (i == 3 &amp;&amp; wildList.indexOf(symbol) != -1): null

2019-08-24 13:00:28 - [TEST_STEP][PASSED] - if (i == 4 &amp;&amp; wildList.indexOf(symbol) != -1): null

2019-08-24 13:00:28 - [TEST_STEP][PASSED] - symbol = symbol: null

2019-08-24 13:00:28 - [TEST_STEP][PASSED] - println(symbol): null

2019-08-24 13:00:28 - [TEST_STEP][PASSED] - if (i == 2 &amp;&amp; wildList.indexOf(symbol) != -1): null

2019-08-24 13:00:28 - [TEST_STEP][PASSED] - if (i == 3 &amp;&amp; wildList.indexOf(symbol) != -1): null

2019-08-24 13:00:28 - [TEST_STEP][PASSED] - if (i == 4 &amp;&amp; wildList.indexOf(symbol) != -1): null

2019-08-24 13:00:28 - [TEST_STEP][PASSED] - symbol = symbol: null

2019-08-24 13:00:28 - [TEST_STEP][PASSED] - println(symbol): null

2019-08-24 13:00:28 - [TEST_STEP][PASSED] - if (i == 2 &amp;&amp; wildList.indexOf(symbol) != -1): null

2019-08-24 13:00:28 - [TEST_STEP][PASSED] - if (i == 3 &amp;&amp; wildList.indexOf(symbol) != -1): null

2019-08-24 13:00:28 - [TEST_STEP][PASSED] - if (i == 4 &amp;&amp; wildList.indexOf(symbol) != -1): null

2019-08-24 13:00:28 - [TEST_STEP][PASSED] - symbols = symbols: null

2019-08-24 13:00:28 - [TEST_STEP][PASSED] - for ([j = 0, j &lt; symbols.size(), (j++)]): null

2019-08-24 13:00:28 - [TEST_STEP][PASSED] - symbol = symbol: null

2019-08-24 13:00:28 - [TEST_STEP][PASSED] - println(symbol): null

2019-08-24 13:00:28 - [TEST_STEP][PASSED] - if (i == 2 &amp;&amp; wildList.indexOf(symbol) != -1): null

2019-08-24 13:00:28 - [TEST_STEP][PASSED] - if (i == 3 &amp;&amp; wildList.indexOf(symbol) != -1): null

2019-08-24 13:00:28 - [TEST_STEP][PASSED] - if (i == 4 &amp;&amp; wildList.indexOf(symbol) != -1): null

2019-08-24 13:00:28 - [TEST_STEP][PASSED] - println("wild found on reel 5, adding counter by 1"): null

2019-08-24 13:00:28 - [TEST_STEP][PASSED] - free_spin_reel_counter[2] = free_spin_reel_counter[2] + 1: null

2019-08-24 13:00:28 - [TEST_STEP][PASSED] - symbol = symbol: null

2019-08-24 13:00:28 - [TEST_STEP][PASSED] - println(symbol): null

2019-08-24 13:00:28 - [TEST_STEP][PASSED] - if (i == 2 &amp;&amp; wildList.indexOf(symbol) != -1): null

2019-08-24 13:00:28 - [TEST_STEP][PASSED] - if (i == 3 &amp;&amp; wildList.indexOf(symbol) != -1): null

2019-08-24 13:00:28 - [TEST_STEP][PASSED] - if (i == 4 &amp;&amp; wildList.indexOf(symbol) != -1): null

2019-08-24 13:00:28 - [TEST_STEP][PASSED] - symbol = symbol: null

2019-08-24 13:00:28 - [TEST_STEP][PASSED] - println(symbol): null

2019-08-24 13:00:28 - [TEST_STEP][PASSED] - if (i == 2 &amp;&amp; wildList.indexOf(symbol) != -1): null

2019-08-24 13:00:28 - [TEST_STEP][PASSED] - if (i == 3 &amp;&amp; wildList.indexOf(symbol) != -1): null

2019-08-24 13:00:28 - [TEST_STEP][PASSED] - if (i == 4 &amp;&amp; wildList.indexOf(symbol) != -1): null

2019-08-24 13:00:28 - [TEST_STEP][PASSED] - free_spin_reel_counter = free_spin_reel_counter: null

2019-08-24 13:00:28 - [TEST_STEP][PASSED] - println("reel 3 wild found: " + free_spin_reel_counter[0]): null

2019-08-24 13:00:28 - [TEST_STEP][PASSED] - println("reel 4 wild found: " + free_spin_reel_counter[1]): null

2019-08-24 13:00:28 - [TEST_STEP][PASSED] - println("reel 5 wild found: " + free_spin_reel_counter[2]): null

2019-08-24 13:00:28 - [TEST_STEP][PASSED] - M4_spin_reels = M4_spin_reels: null

2019-08-24 13:00:28 - [TEST_STEP][PASSED] - M4_spin_reels_symbols = symbol: null

2019-08-24 13:00:28 - [TEST_STEP][PASSED] - M4_spin_reels_symbols = M4_spin_reels_symbols: null

2019-08-24 13:00:28 - [TEST_STEP][PASSED] - M4_spin_reel_wins = reel_wins: null

2019-08-24 13:00:28 - [TEST_STEP][PASSED] - M4_spin_reel_wins = M4_spin_reel_wins: null

2019-08-24 13:00:28 - [TEST_STEP][PASSED] - println("GlobalVariable.M4_spin_reel_wins is: " + M4_spin_reel_wins): null

2019-08-24 13:00:28 - [TEST_STEP][PASSED] - M4_spin_total_bonus_win_this_round = total_bonus_win_this_round: null

2019-08-24 13:00:28 - [TEST_STEP][PASSED] - M4_spin_total_bonus_win_this_round = M4_spin_total_bonus_win_this_round: null

2019-08-24 13:00:28 - [TEST_STEP][PASSED] - println("GlobalVariable.M4_spin_total_bonus_win_this_round is: " + M4_spin_total_bonus_win_this_round): null

2019-08-24 13:00:28 - [TEST_STEP][PASSED] - M4_spin_bonus_spin_result = spin_result: null

2019-08-24 13:00:28 - [TEST_STEP][PASSED] - M4_spin_bonus_spin_result = M4_spin_bonus_spin_result: null

2019-08-24 13:00:28 - [MESSAGE][PASSED] - Verify response successfully

2019-08-24 13:00:28 - [MESSAGE][PASSED] - Send request and verify the response successfully

2019-08-24 13:00:28 - [TEST_STEP][PASSED] - if (M4_total_bonus_spins_int != 0 &amp;&amp; M4_spin_reels_symbols[2].contains("WILD_Expanding")): null

2019-08-24 13:00:28 - [TEST_STEP][PASSED] - free_spin_reel_counter = free_spin_reel_counter: null

2019-08-24 13:00:28 - [TEST_STEP][PASSED] - M4_spin_reels_symbols = M4_spin_reels_symbols: null

2019-08-24 13:00:28 - [TEST_STEP][PASSED] - M4_total_bonus_spins = M4_total_bonus_spins: null

2019-08-24 13:00:28 - [TEST_STEP][PASSED] - spin_result = sendRequestAndVerify(findTestObject("INT/RGS(M4)/1_M4_spin", ["M4_login_user_id":M4_login_user_id, "rgs_session_token":rgs_session_token, "partner":Partner])): Send request and verify the response successfully

2019-08-24 13:00:29 - [MESSAGE][INFO] - HAR: /Users/eiralee/Katalon_Script/SuperWild/Reports/20190824_125957/INT/superWild_5/20190824_125957/requests/main/11.har

2019-08-24 13:00:29 - [TEST_CASE][PASSED] - Start Test Case : Verification: Verification accomplished successfully

2019-08-24 13:00:29 - [TEST_STEP][PASSED] - request = getInstance().getCurrentRequest(): null

2019-08-24 13:00:29 - [TEST_STEP][PASSED] - response = getInstance().getCurrentResponse(): null

2019-08-24 13:00:29 - [TEST_STEP][PASSED] - verifyResponseStatusCode(response, 200): Verify response status code successfully

2019-08-24 13:00:29 - [MESSAGE][PASSED] - Verify response status code successfully

2019-08-24 13:00:29 - [TEST_STEP][PASSED] - getStatusCode()).isEqualTo(200): null

2019-08-24 13:00:29 - [TEST_STEP][PASSED] - newline = System.getProperty("line.separator"): null

2019-08-24 13:00:29 - [TEST_STEP][PASSED] - M4_spin = new groovy.json.JsonSlurper(): null

2019-08-24 13:00:29 - [TEST_STEP][PASSED] - result_M4_spin = M4_spin.parseText(response.getResponseBodyContent()): null

2019-08-24 13:00:29 - [TEST_STEP][PASSED] - M4_spin_current_balance = current_balance: null

2019-08-24 13:00:29 - [TEST_STEP][PASSED] - M4_spin_current_balance = M4_spin_current_balance: null

2019-08-24 13:00:29 - [TEST_STEP][PASSED] - M4_spin_transaction_id = causality: null

2019-08-24 13:00:29 - [TEST_STEP][PASSED] - M4_spin_transaction_id = M4_spin_transaction_id: null

2019-08-24 13:00:29 - [TEST_STEP][PASSED] - M4_spin_round_id = round_id: null

2019-08-24 13:00:29 - [TEST_STEP][PASSED] - M4_spin_round_id = M4_spin_round_id: null

2019-08-24 13:00:29 - [TEST_STEP][PASSED] - M4_spin_line_wins = line_wins: null

2019-08-24 13:00:29 - [TEST_STEP][PASSED] - M4_spin_line_wins = M4_spin_line_wins: null

2019-08-24 13:00:29 - [TEST_STEP][PASSED] - M4_total_bonus_spins_int = total_bonus_spins: null

2019-08-24 13:00:29 - [TEST_STEP][PASSED] - println("******M4_total_bonus_spins type is:*******" + newline + getClass().getName()): null

2019-08-24 13:00:29 - [TEST_STEP][PASSED] - M4_total_bonus_spins_int = M4_total_bonus_spins_int: null

2019-08-24 13:00:29 - [TEST_STEP][PASSED] - M4_total_bonus_spins = Integer.toString(M4_total_bonus_spins_int): null

2019-08-24 13:00:29 - [TEST_STEP][PASSED] - M4_total_bonus_spins = M4_total_bonus_spins: null

2019-08-24 13:00:29 - [TEST_STEP][PASSED] - println("M4_total_bonus_spins is:" + M4_total_bonus_spins): null

2019-08-24 13:00:29 - [TEST_STEP][PASSED] - M4_spin_bonus_data = bonus_data: null

2019-08-24 13:00:29 - [TEST_STEP][PASSED] - M4_spin_features_triggered = result_M4_spin: null

2019-08-24 13:00:29 - [TEST_STEP][PASSED] - wild = []: null

2019-08-24 13:00:29 - [TEST_STEP][PASSED] - wild[0] = "WILD_Expanding": null

2019-08-24 13:00:29 - [TEST_STEP][PASSED] - wild[1] = "WILD_Normal": null

2019-08-24 13:00:29 - [TEST_STEP][PASSED] - wild[2] = "WILD_Double": null

2019-08-24 13:00:29 - [TEST_STEP][PASSED] - wild[3] = "WILD_ExtraFG": null

2019-08-24 13:00:29 - [TEST_STEP][PASSED] - wild[4] = "WILD_Triple": null

2019-08-24 13:00:29 - [TEST_STEP][PASSED] - wildList = Arrays.asList(wild): null

2019-08-24 13:00:29 - [TEST_STEP][PASSED] - wildList = wildList: null

2019-08-24 13:00:29 - [TEST_STEP][PASSED] - free_spin_reel_counter = []: null

2019-08-24 13:00:29 - [TEST_STEP][PASSED] - free_spin_reel_counter[0] = 0: null

2019-08-24 13:00:29 - [TEST_STEP][PASSED] - free_spin_reel_counter[1] = 0: null

2019-08-24 13:00:29 - [TEST_STEP][PASSED] - free_spin_reel_counter[2] = 0: null

2019-08-24 13:00:29 - [TEST_STEP][PASSED] - M4_spin_reels = reels: null

2019-08-24 13:00:29 - [TEST_STEP][PASSED] - for ([i = 0, i &lt; M4_spin_reels.size(), (i++)]): null

2019-08-24 13:00:29 - [TEST_STEP][PASSED] - symbols = symbols: null

2019-08-24 13:00:29 - [TEST_STEP][PASSED] - for ([j = 0, j &lt; symbols.size(), (j++)]): null

2019-08-24 13:00:29 - [TEST_STEP][PASSED] - symbol = symbol: null

2019-08-24 13:00:29 - [TEST_STEP][PASSED] - println(symbol): null

2019-08-24 13:00:29 - [TEST_STEP][PASSED] - if (i == 2 &amp;&amp; wildList.indexOf(symbol) != -1): null

2019-08-24 13:00:29 - [TEST_STEP][PASSED] - if (i == 3 &amp;&amp; wildList.indexOf(symbol) != -1): null

2019-08-24 13:00:29 - [TEST_STEP][PASSED] - if (i == 4 &amp;&amp; wildList.indexOf(symbol) != -1): null

2019-08-24 13:00:29 - [TEST_STEP][PASSED] - symbol = symbol: null

2019-08-24 13:00:29 - [TEST_STEP][PASSED] - println(symbol): null

2019-08-24 13:00:29 - [TEST_STEP][PASSED] - if (i == 2 &amp;&amp; wildList.indexOf(symbol) != -1): null

2019-08-24 13:00:29 - [TEST_STEP][PASSED] - if (i == 3 &amp;&amp; wildList.indexOf(symbol) != -1): null

2019-08-24 13:00:29 - [TEST_STEP][PASSED] - if (i == 4 &amp;&amp; wildList.indexOf(symbol) != -1): null

2019-08-24 13:00:29 - [TEST_STEP][PASSED] - symbol = symbol: null

2019-08-24 13:00:29 - [TEST_STEP][PASSED] - println(symbol): null

2019-08-24 13:00:29 - [TEST_STEP][PASSED] - if (i == 2 &amp;&amp; wildList.indexOf(symbol) != -1): null

2019-08-24 13:00:29 - [TEST_STEP][PASSED] - if (i == 3 &amp;&amp; wildList.indexOf(symbol) != -1): null

2019-08-24 13:00:29 - [TEST_STEP][PASSED] - if (i == 4 &amp;&amp; wildList.indexOf(symbol) != -1): null

2019-08-24 13:00:29 - [TEST_STEP][PASSED] - symbols = symbols: null

2019-08-24 13:00:29 - [TEST_STEP][PASSED] - for ([j = 0, j &lt; symbols.size(), (j++)]): null

2019-08-24 13:00:29 - [TEST_STEP][PASSED] - symbol = symbol: null

2019-08-24 13:00:29 - [TEST_STEP][PASSED] - println(symbol): null

2019-08-24 13:00:29 - [TEST_STEP][PASSED] - if (i == 2 &amp;&amp; wildList.indexOf(symbol) != -1): null

2019-08-24 13:00:29 - [TEST_STEP][PASSED] - if (i == 3 &amp;&amp; wildList.indexOf(symbol) != -1): null

2019-08-24 13:00:29 - [TEST_STEP][PASSED] - if (i == 4 &amp;&amp; wildList.indexOf(symbol) != -1): null

2019-08-24 13:00:29 - [TEST_STEP][PASSED] - symbol = symbol: null

2019-08-24 13:00:29 - [TEST_STEP][PASSED] - println(symbol): null

2019-08-24 13:00:29 - [TEST_STEP][PASSED] - if (i == 2 &amp;&amp; wildList.indexOf(symbol) != -1): null

2019-08-24 13:00:29 - [TEST_STEP][PASSED] - if (i == 3 &amp;&amp; wildList.indexOf(symbol) != -1): null

2019-08-24 13:00:29 - [TEST_STEP][PASSED] - if (i == 4 &amp;&amp; wildList.indexOf(symbol) != -1): null

2019-08-24 13:00:29 - [TEST_STEP][PASSED] - symbol = symbol: null

2019-08-24 13:00:29 - [TEST_STEP][PASSED] - println(symbol): null

2019-08-24 13:00:29 - [TEST_STEP][PASSED] - if (i == 2 &amp;&amp; wildList.indexOf(symbol) != -1): null

2019-08-24 13:00:29 - [TEST_STEP][PASSED] - if (i == 3 &amp;&amp; wildList.indexOf(symbol) != -1): null

2019-08-24 13:00:29 - [TEST_STEP][PASSED] - if (i == 4 &amp;&amp; wildList.indexOf(symbol) != -1): null

2019-08-24 13:00:29 - [TEST_STEP][PASSED] - symbols = symbols: null

2019-08-24 13:00:29 - [TEST_STEP][PASSED] - for ([j = 0, j &lt; symbols.size(), (j++)]): null

2019-08-24 13:00:29 - [TEST_STEP][PASSED] - symbol = symbol: null

2019-08-24 13:00:29 - [TEST_STEP][PASSED] - println(symbol): null

2019-08-24 13:00:29 - [TEST_STEP][PASSED] - if (i == 2 &amp;&amp; wildList.indexOf(symbol) != -1): null

2019-08-24 13:00:29 - [TEST_STEP][PASSED] - if (i == 3 &amp;&amp; wildList.indexOf(symbol) != -1): null

2019-08-24 13:00:29 - [TEST_STEP][PASSED] - if (i == 4 &amp;&amp; wildList.indexOf(symbol) != -1): null

2019-08-24 13:00:29 - [TEST_STEP][PASSED] - symbol = symbol: null

2019-08-24 13:00:29 - [TEST_STEP][PASSED] - println(symbol): null

2019-08-24 13:00:29 - [TEST_STEP][PASSED] - if (i == 2 &amp;&amp; wildList.indexOf(symbol) != -1): null

2019-08-24 13:00:29 - [TEST_STEP][PASSED] - if (i == 3 &amp;&amp; wildList.indexOf(symbol) != -1): null

2019-08-24 13:00:29 - [TEST_STEP][PASSED] - if (i == 4 &amp;&amp; wildList.indexOf(symbol) != -1): null

2019-08-24 13:00:29 - [TEST_STEP][PASSED] - symbol = symbol: null

2019-08-24 13:00:29 - [TEST_STEP][PASSED] - println(symbol): null

2019-08-24 13:00:29 - [TEST_STEP][PASSED] - if (i == 2 &amp;&amp; wildList.indexOf(symbol) != -1): null

2019-08-24 13:00:29 - [TEST_STEP][PASSED] - if (i == 3 &amp;&amp; wildList.indexOf(symbol) != -1): null

2019-08-24 13:00:29 - [TEST_STEP][PASSED] - if (i == 4 &amp;&amp; wildList.indexOf(symbol) != -1): null

2019-08-24 13:00:29 - [TEST_STEP][PASSED] - symbols = symbols: null

2019-08-24 13:00:29 - [TEST_STEP][PASSED] - for ([j = 0, j &lt; symbols.size(), (j++)]): null

2019-08-24 13:00:29 - [TEST_STEP][PASSED] - symbol = symbol: null

2019-08-24 13:00:29 - [TEST_STEP][PASSED] - println(symbol): null

2019-08-24 13:00:29 - [TEST_STEP][PASSED] - if (i == 2 &amp;&amp; wildList.indexOf(symbol) != -1): null

2019-08-24 13:00:29 - [TEST_STEP][PASSED] - if (i == 3 &amp;&amp; wildList.indexOf(symbol) != -1): null

2019-08-24 13:00:29 - [TEST_STEP][PASSED] - if (i == 4 &amp;&amp; wildList.indexOf(symbol) != -1): null

2019-08-24 13:00:29 - [TEST_STEP][PASSED] - symbol = symbol: null

2019-08-24 13:00:29 - [TEST_STEP][PASSED] - println(symbol): null

2019-08-24 13:00:29 - [TEST_STEP][PASSED] - if (i == 2 &amp;&amp; wildList.indexOf(symbol) != -1): null

2019-08-24 13:00:29 - [TEST_STEP][PASSED] - if (i == 3 &amp;&amp; wildList.indexOf(symbol) != -1): null

2019-08-24 13:00:29 - [TEST_STEP][PASSED] - if (i == 4 &amp;&amp; wildList.indexOf(symbol) != -1): null

2019-08-24 13:00:29 - [TEST_STEP][PASSED] - symbol = symbol: null

2019-08-24 13:00:29 - [TEST_STEP][PASSED] - println(symbol): null

2019-08-24 13:00:29 - [TEST_STEP][PASSED] - if (i == 2 &amp;&amp; wildList.indexOf(symbol) != -1): null

2019-08-24 13:00:29 - [TEST_STEP][PASSED] - if (i == 3 &amp;&amp; wildList.indexOf(symbol) != -1): null

2019-08-24 13:00:29 - [TEST_STEP][PASSED] - if (i == 4 &amp;&amp; wildList.indexOf(symbol) != -1): null

2019-08-24 13:00:29 - [TEST_STEP][PASSED] - symbols = symbols: null

2019-08-24 13:00:29 - [TEST_STEP][PASSED] - for ([j = 0, j &lt; symbols.size(), (j++)]): null

2019-08-24 13:00:29 - [TEST_STEP][PASSED] - symbol = symbol: null

2019-08-24 13:00:29 - [TEST_STEP][PASSED] - println(symbol): null

2019-08-24 13:00:29 - [TEST_STEP][PASSED] - if (i == 2 &amp;&amp; wildList.indexOf(symbol) != -1): null

2019-08-24 13:00:29 - [TEST_STEP][PASSED] - if (i == 3 &amp;&amp; wildList.indexOf(symbol) != -1): null

2019-08-24 13:00:29 - [TEST_STEP][PASSED] - if (i == 4 &amp;&amp; wildList.indexOf(symbol) != -1): null

2019-08-24 13:00:29 - [TEST_STEP][PASSED] - symbol = symbol: null

2019-08-24 13:00:29 - [TEST_STEP][PASSED] - println(symbol): null

2019-08-24 13:00:29 - [TEST_STEP][PASSED] - if (i == 2 &amp;&amp; wildList.indexOf(symbol) != -1): null

2019-08-24 13:00:29 - [TEST_STEP][PASSED] - if (i == 3 &amp;&amp; wildList.indexOf(symbol) != -1): null

2019-08-24 13:00:29 - [TEST_STEP][PASSED] - if (i == 4 &amp;&amp; wildList.indexOf(symbol) != -1): null

2019-08-24 13:00:29 - [TEST_STEP][PASSED] - symbol = symbol: null

2019-08-24 13:00:29 - [TEST_STEP][PASSED] - println(symbol): null

2019-08-24 13:00:29 - [TEST_STEP][PASSED] - if (i == 2 &amp;&amp; wildList.indexOf(symbol) != -1): null

2019-08-24 13:00:29 - [TEST_STEP][PASSED] - if (i == 3 &amp;&amp; wildList.indexOf(symbol) != -1): null

2019-08-24 13:00:29 - [TEST_STEP][PASSED] - if (i == 4 &amp;&amp; wildList.indexOf(symbol) != -1): null

2019-08-24 13:00:36 - [TEST_STEP][PASSED] - free_spin_reel_counter = free_spin_reel_counter: null

2019-08-24 13:00:36 - [TEST_STEP][PASSED] - println("reel 3 wild found: " + free_spin_reel_counter[0]): null

2019-08-24 13:00:36 - [TEST_STEP][PASSED] - println("reel 4 wild found: " + free_spin_reel_counter[1]): null

2019-08-24 13:00:36 - [TEST_STEP][PASSED] - println("reel 5 wild found: " + free_spin_reel_counter[2]): null

2019-08-24 13:00:36 - [TEST_STEP][PASSED] - M4_spin_reels = M4_spin_reels: null

2019-08-24 13:00:36 - [TEST_STEP][PASSED] - M4_spin_reels_symbols = symbol: null

2019-08-24 13:00:36 - [TEST_STEP][PASSED] - M4_spin_reels_symbols = M4_spin_reels_symbols: null

2019-08-24 13:00:36 - [TEST_STEP][PASSED] - M4_spin_reel_wins = reel_wins: null

2019-08-24 13:00:36 - [TEST_STEP][PASSED] - M4_spin_reel_wins = M4_spin_reel_wins: null

2019-08-24 13:00:36 - [TEST_STEP][PASSED] - println("GlobalVariable.M4_spin_reel_wins is: " + M4_spin_reel_wins): null

2019-08-24 13:00:36 - [TEST_STEP][PASSED] - M4_spin_total_bonus_win_this_round = total_bonus_win_this_round: null

2019-08-24 13:00:36 - [TEST_STEP][PASSED] - M4_spin_total_bonus_win_this_round = M4_spin_total_bonus_win_this_round: null

2019-08-24 13:00:36 - [TEST_STEP][PASSED] - println("GlobalVariable.M4_spin_total_bonus_win_this_round is: " + M4_spin_total_bonus_win_this_round): null

2019-08-24 13:00:36 - [TEST_STEP][PASSED] - M4_spin_bonus_spin_result = spin_result: null

2019-08-24 13:00:36 - [TEST_STEP][PASSED] - M4_spin_bonus_spin_result = M4_spin_bonus_spin_result: null

2019-08-24 13:00:36 - [MESSAGE][PASSED] - Verify response successfully

2019-08-24 13:00:36 - [MESSAGE][PASSED] - Send request and verify the response successfully

2019-08-24 13:00:36 - [TEST_STEP][PASSED] - if (M4_total_bonus_spins_int != 0 &amp;&amp; M4_spin_reels_symbols[2].contains("WILD_Expanding")): null

2019-08-24 13:00:36 - [TEST_STEP][PASSED] - free_spin_reel_counter = free_spin_reel_counter: null

2019-08-24 13:00:36 - [TEST_STEP][PASSED] - M4_spin_reels_symbols = M4_spin_reels_symbols: null

2019-08-24 13:00:36 - [TEST_STEP][PASSED] - M4_total_bonus_spins = M4_total_bonus_spins: null

2019-08-24 13:00:36 - [TEST_STEP][PASSED] - spin_result = sendRequestAndVerify(findTestObject("INT/RGS(M4)/1_M4_spin", ["M4_login_user_id":M4_login_user_id, "rgs_session_token":rgs_session_token, "partner":Partner])): Send request and verify the response successfully

2019-08-24 13:00:36 - [MESSAGE][INFO] - HAR: /Users/eiralee/Katalon_Script/SuperWild/Reports/20190824_125957/INT/superWild_5/20190824_125957/requests/main/12.har

2019-08-24 13:00:36 - [TEST_CASE][PASSED] - Start Test Case : Verification: Verification accomplished successfully

2019-08-24 13:00:36 - [TEST_STEP][PASSED] - request = getInstance().getCurrentRequest(): null

2019-08-24 13:00:36 - [TEST_STEP][PASSED] - response = getInstance().getCurrentResponse(): null

2019-08-24 13:00:36 - [TEST_STEP][PASSED] - verifyResponseStatusCode(response, 200): Verify response status code successfully

2019-08-24 13:00:36 - [MESSAGE][PASSED] - Verify response status code successfully

2019-08-24 13:00:36 - [TEST_STEP][PASSED] - getStatusCode()).isEqualTo(200): null

2019-08-24 13:00:36 - [TEST_STEP][PASSED] - newline = System.getProperty("line.separator"): null

2019-08-24 13:00:36 - [TEST_STEP][PASSED] - M4_spin = new groovy.json.JsonSlurper(): null

2019-08-24 13:00:36 - [TEST_STEP][PASSED] - result_M4_spin = M4_spin.parseText(response.getResponseBodyContent()): null

2019-08-24 13:00:36 - [TEST_STEP][PASSED] - M4_spin_current_balance = current_balance: null

2019-08-24 13:00:36 - [TEST_STEP][PASSED] - M4_spin_current_balance = M4_spin_current_balance: null

2019-08-24 13:00:36 - [TEST_STEP][PASSED] - M4_spin_transaction_id = causality: null

2019-08-24 13:00:36 - [TEST_STEP][PASSED] - M4_spin_transaction_id = M4_spin_transaction_id: null

2019-08-24 13:00:36 - [TEST_STEP][PASSED] - M4_spin_round_id = round_id: null

2019-08-24 13:00:36 - [TEST_STEP][PASSED] - M4_spin_round_id = M4_spin_round_id: null

2019-08-24 13:00:36 - [TEST_STEP][PASSED] - M4_spin_line_wins = line_wins: null

2019-08-24 13:00:36 - [TEST_STEP][PASSED] - M4_spin_line_wins = M4_spin_line_wins: null

2019-08-24 13:00:36 - [TEST_STEP][PASSED] - M4_total_bonus_spins_int = total_bonus_spins: null

2019-08-24 13:00:36 - [TEST_STEP][PASSED] - println("******M4_total_bonus_spins type is:*******" + newline + getClass().getName()): null

2019-08-24 13:00:36 - [TEST_STEP][PASSED] - M4_total_bonus_spins_int = M4_total_bonus_spins_int: null

2019-08-24 13:00:36 - [TEST_STEP][PASSED] - M4_total_bonus_spins = Integer.toString(M4_total_bonus_spins_int): null

2019-08-24 13:00:36 - [TEST_STEP][PASSED] - M4_total_bonus_spins = M4_total_bonus_spins: null

2019-08-24 13:00:36 - [TEST_STEP][PASSED] - println("M4_total_bonus_spins is:" + M4_total_bonus_spins): null

2019-08-24 13:00:36 - [TEST_STEP][PASSED] - M4_spin_bonus_data = bonus_data: null

2019-08-24 13:00:36 - [TEST_STEP][PASSED] - M4_spin_features_triggered = result_M4_spin: null

2019-08-24 13:00:36 - [TEST_STEP][PASSED] - wild = []: null

2019-08-24 13:00:36 - [TEST_STEP][PASSED] - wild[0] = "WILD_Expanding": null

2019-08-24 13:00:36 - [TEST_STEP][PASSED] - wild[1] = "WILD_Normal": null

2019-08-24 13:00:36 - [TEST_STEP][PASSED] - wild[2] = "WILD_Double": null

2019-08-24 13:00:36 - [TEST_STEP][PASSED] - wild[3] = "WILD_ExtraFG": null

2019-08-24 13:00:36 - [TEST_STEP][PASSED] - wild[4] = "WILD_Triple": null

2019-08-24 13:00:36 - [TEST_STEP][PASSED] - wildList = Arrays.asList(wild): null

2019-08-24 13:00:36 - [TEST_STEP][PASSED] - wildList = wildList: null

2019-08-24 13:00:36 - [TEST_STEP][PASSED] - free_spin_reel_counter = []: null

2019-08-24 13:00:36 - [TEST_STEP][PASSED] - free_spin_reel_counter[0] = 0: null

2019-08-24 13:00:36 - [TEST_STEP][PASSED] - free_spin_reel_counter[1] = 0: null

2019-08-24 13:00:36 - [TEST_STEP][PASSED] - free_spin_reel_counter[2] = 0: null

2019-08-24 13:00:36 - [TEST_STEP][PASSED] - M4_spin_reels = reels: null

2019-08-24 13:00:36 - [TEST_STEP][PASSED] - for ([i = 0, i &lt; M4_spin_reels.size(), (i++)]): null

2019-08-24 13:00:36 - [TEST_STEP][PASSED] - symbols = symbols: null

2019-08-24 13:00:36 - [TEST_STEP][PASSED] - for ([j = 0, j &lt; symbols.size(), (j++)]): null

2019-08-24 13:00:36 - [TEST_STEP][PASSED] - symbol = symbol: null

2019-08-24 13:00:36 - [TEST_STEP][PASSED] - println(symbol): null

2019-08-24 13:00:36 - [TEST_STEP][PASSED] - if (i == 2 &amp;&amp; wildList.indexOf(symbol) != -1): null

2019-08-24 13:00:36 - [TEST_STEP][PASSED] - if (i == 3 &amp;&amp; wildList.indexOf(symbol) != -1): null

2019-08-24 13:00:36 - [TEST_STEP][PASSED] - if (i == 4 &amp;&amp; wildList.indexOf(symbol) != -1): null

2019-08-24 13:00:36 - [TEST_STEP][PASSED] - symbol = symbol: null

2019-08-24 13:00:36 - [TEST_STEP][PASSED] - println(symbol): null

2019-08-24 13:00:36 - [TEST_STEP][PASSED] - if (i == 2 &amp;&amp; wildList.indexOf(symbol) != -1): null

2019-08-24 13:00:36 - [TEST_STEP][PASSED] - if (i == 3 &amp;&amp; wildList.indexOf(symbol) != -1): null

2019-08-24 13:00:36 - [TEST_STEP][PASSED] - if (i == 4 &amp;&amp; wildList.indexOf(symbol) != -1): null

2019-08-24 13:00:36 - [TEST_STEP][PASSED] - symbol = symbol: null

2019-08-24 13:00:36 - [TEST_STEP][PASSED] - println(symbol): null

2019-08-24 13:00:36 - [TEST_STEP][PASSED] - if (i == 2 &amp;&amp; wildList.indexOf(symbol) != -1): null

2019-08-24 13:00:36 - [TEST_STEP][PASSED] - if (i == 3 &amp;&amp; wildList.indexOf(symbol) != -1): null

2019-08-24 13:00:36 - [TEST_STEP][PASSED] - if (i == 4 &amp;&amp; wildList.indexOf(symbol) != -1): null

2019-08-24 13:00:36 - [TEST_STEP][PASSED] - symbols = symbols: null

2019-08-24 13:00:36 - [TEST_STEP][PASSED] - for ([j = 0, j &lt; symbols.size(), (j++)]): null

2019-08-24 13:00:36 - [TEST_STEP][PASSED] - symbol = symbol: null

2019-08-24 13:00:36 - [TEST_STEP][PASSED] - println(symbol): null

2019-08-24 13:00:36 - [TEST_STEP][PASSED] - if (i == 2 &amp;&amp; wildList.indexOf(symbol) != -1): null

2019-08-24 13:00:36 - [TEST_STEP][PASSED] - if (i == 3 &amp;&amp; wildList.indexOf(symbol) != -1): null

2019-08-24 13:00:36 - [TEST_STEP][PASSED] - if (i == 4 &amp;&amp; wildList.indexOf(symbol) != -1): null

2019-08-24 13:00:36 - [TEST_STEP][PASSED] - symbol = symbol: null

2019-08-24 13:00:36 - [TEST_STEP][PASSED] - println(symbol): null

2019-08-24 13:00:36 - [TEST_STEP][PASSED] - if (i == 2 &amp;&amp; wildList.indexOf(symbol) != -1): null

2019-08-24 13:00:36 - [TEST_STEP][PASSED] - if (i == 3 &amp;&amp; wildList.indexOf(symbol) != -1): null

2019-08-24 13:00:36 - [TEST_STEP][PASSED] - if (i == 4 &amp;&amp; wildList.indexOf(symbol) != -1): null

2019-08-24 13:00:36 - [TEST_STEP][PASSED] - symbol = symbol: null

2019-08-24 13:00:36 - [TEST_STEP][PASSED] - println(symbol): null

2019-08-24 13:00:36 - [TEST_STEP][PASSED] - if (i == 2 &amp;&amp; wildList.indexOf(symbol) != -1): null

2019-08-24 13:00:36 - [TEST_STEP][PASSED] - if (i == 3 &amp;&amp; wildList.indexOf(symbol) != -1): null

2019-08-24 13:00:36 - [TEST_STEP][PASSED] - if (i == 4 &amp;&amp; wildList.indexOf(symbol) != -1): null

2019-08-24 13:00:36 - [TEST_STEP][PASSED] - symbols = symbols: null

2019-08-24 13:00:36 - [TEST_STEP][PASSED] - for ([j = 0, j &lt; symbols.size(), (j++)]): null

2019-08-24 13:00:36 - [TEST_STEP][PASSED] - symbol = symbol: null

2019-08-24 13:00:36 - [TEST_STEP][PASSED] - println(symbol): null

2019-08-24 13:00:36 - [TEST_STEP][PASSED] - if (i == 2 &amp;&amp; wildList.indexOf(symbol) != -1): null

2019-08-24 13:00:36 - [TEST_STEP][PASSED] - if (i == 3 &amp;&amp; wildList.indexOf(symbol) != -1): null

2019-08-24 13:00:36 - [TEST_STEP][PASSED] - if (i == 4 &amp;&amp; wildList.indexOf(symbol) != -1): null

2019-08-24 13:00:36 - [TEST_STEP][PASSED] - symbol = symbol: null

2019-08-24 13:00:36 - [TEST_STEP][PASSED] - println(symbol): null

2019-08-24 13:00:36 - [TEST_STEP][PASSED] - if (i == 2 &amp;&amp; wildList.indexOf(symbol) != -1): null

2019-08-24 13:00:36 - [TEST_STEP][PASSED] - if (i == 3 &amp;&amp; wildList.indexOf(symbol) != -1): null

2019-08-24 13:00:36 - [TEST_STEP][PASSED] - if (i == 4 &amp;&amp; wildList.indexOf(symbol) != -1): null

2019-08-24 13:00:36 - [TEST_STEP][PASSED] - symbol = symbol: null

2019-08-24 13:00:36 - [TEST_STEP][PASSED] - println(symbol): null

2019-08-24 13:00:36 - [TEST_STEP][PASSED] - if (i == 2 &amp;&amp; wildList.indexOf(symbol) != -1): null

2019-08-24 13:00:36 - [TEST_STEP][PASSED] - if (i == 3 &amp;&amp; wildList.indexOf(symbol) != -1): null

2019-08-24 13:00:36 - [TEST_STEP][PASSED] - if (i == 4 &amp;&amp; wildList.indexOf(symbol) != -1): null

2019-08-24 13:00:36 - [TEST_STEP][PASSED] - symbols = symbols: null

2019-08-24 13:00:36 - [TEST_STEP][PASSED] - for ([j = 0, j &lt; symbols.size(), (j++)]): null

2019-08-24 13:00:36 - [TEST_STEP][PASSED] - symbol = symbol: null

2019-08-24 13:00:36 - [TEST_STEP][PASSED] - println(symbol): null

2019-08-24 13:00:36 - [TEST_STEP][PASSED] - if (i == 2 &amp;&amp; wildList.indexOf(symbol) != -1): null

2019-08-24 13:00:36 - [TEST_STEP][PASSED] - if (i == 3 &amp;&amp; wildList.indexOf(symbol) != -1): null

2019-08-24 13:00:36 - [TEST_STEP][PASSED] - if (i == 4 &amp;&amp; wildList.indexOf(symbol) != -1): null

2019-08-24 13:00:36 - [TEST_STEP][PASSED] - symbol = symbol: null

2019-08-24 13:00:36 - [TEST_STEP][PASSED] - println(symbol): null

2019-08-24 13:00:36 - [TEST_STEP][PASSED] - if (i == 2 &amp;&amp; wildList.indexOf(symbol) != -1): null

2019-08-24 13:00:36 - [TEST_STEP][PASSED] - if (i == 3 &amp;&amp; wildList.indexOf(symbol) != -1): null

2019-08-24 13:00:36 - [TEST_STEP][PASSED] - if (i == 4 &amp;&amp; wildList.indexOf(symbol) != -1): null

2019-08-24 13:00:36 - [TEST_STEP][PASSED] - symbol = symbol: null

2019-08-24 13:00:36 - [TEST_STEP][PASSED] - println(symbol): null

2019-08-24 13:00:36 - [TEST_STEP][PASSED] - if (i == 2 &amp;&amp; wildList.indexOf(symbol) != -1): null

2019-08-24 13:00:36 - [TEST_STEP][PASSED] - if (i == 3 &amp;&amp; wildList.indexOf(symbol) != -1): null

2019-08-24 13:00:36 - [TEST_STEP][PASSED] - if (i == 4 &amp;&amp; wildList.indexOf(symbol) != -1): null

2019-08-24 13:00:36 - [TEST_STEP][PASSED] - symbols = symbols: null

2019-08-24 13:00:36 - [TEST_STEP][PASSED] - for ([j = 0, j &lt; symbols.size(), (j++)]): null

2019-08-24 13:00:36 - [TEST_STEP][PASSED] - symbol = symbol: null

2019-08-24 13:00:36 - [TEST_STEP][PASSED] - println(symbol): null

2019-08-24 13:00:36 - [TEST_STEP][PASSED] - if (i == 2 &amp;&amp; wildList.indexOf(symbol) != -1): null

2019-08-24 13:00:36 - [TEST_STEP][PASSED] - if (i == 3 &amp;&amp; wildList.indexOf(symbol) != -1): null

2019-08-24 13:00:36 - [TEST_STEP][PASSED] - if (i == 4 &amp;&amp; wildList.indexOf(symbol) != -1): null

2019-08-24 13:00:36 - [TEST_STEP][PASSED] - symbol = symbol: null

2019-08-24 13:00:36 - [TEST_STEP][PASSED] - println(symbol): null

2019-08-24 13:00:36 - [TEST_STEP][PASSED] - if (i == 2 &amp;&amp; wildList.indexOf(symbol) != -1): null

2019-08-24 13:00:36 - [TEST_STEP][PASSED] - if (i == 3 &amp;&amp; wildList.indexOf(symbol) != -1): null

2019-08-24 13:00:36 - [TEST_STEP][PASSED] - if (i == 4 &amp;&amp; wildList.indexOf(symbol) != -1): null

2019-08-24 13:00:36 - [TEST_STEP][PASSED] - symbol = symbol: null

2019-08-24 13:00:36 - [TEST_STEP][PASSED] - println(symbol): null

2019-08-24 13:00:36 - [TEST_STEP][PASSED] - if (i == 2 &amp;&amp; wildList.indexOf(symbol) != -1): null

2019-08-24 13:00:36 - [TEST_STEP][PASSED] - if (i == 3 &amp;&amp; wildList.indexOf(symbol) != -1): null

2019-08-24 13:00:36 - [TEST_STEP][PASSED] - if (i == 4 &amp;&amp; wildList.indexOf(symbol) != -1): null

2019-08-24 13:00:36 - [TEST_STEP][PASSED] - free_spin_reel_counter = free_spin_reel_counter: null

2019-08-24 13:00:36 - [TEST_STEP][PASSED] - println("reel 3 wild found: " + free_spin_reel_counter[0]): null

2019-08-24 13:00:36 - [TEST_STEP][PASSED] - println("reel 4 wild found: " + free_spin_reel_counter[1]): null

2019-08-24 13:00:36 - [TEST_STEP][PASSED] - println("reel 5 wild found: " + free_spin_reel_counter[2]): null

2019-08-24 13:00:36 - [TEST_STEP][PASSED] - M4_spin_reels = M4_spin_reels: null

2019-08-24 13:00:36 - [TEST_STEP][PASSED] - M4_spin_reels_symbols = symbol: null

2019-08-24 13:00:36 - [TEST_STEP][PASSED] - M4_spin_reels_symbols = M4_spin_reels_symbols: null

2019-08-24 13:00:36 - [TEST_STEP][PASSED] - M4_spin_reel_wins = reel_wins: null

2019-08-24 13:00:36 - [TEST_STEP][PASSED] - M4_spin_reel_wins = M4_spin_reel_wins: null

2019-08-24 13:00:36 - [TEST_STEP][PASSED] - println("GlobalVariable.M4_spin_reel_wins is: " + M4_spin_reel_wins): null

2019-08-24 13:00:36 - [TEST_STEP][PASSED] - M4_spin_total_bonus_win_this_round = total_bonus_win_this_round: null

2019-08-24 13:00:36 - [TEST_STEP][PASSED] - M4_spin_total_bonus_win_this_round = M4_spin_total_bonus_win_this_round: null

2019-08-24 13:00:36 - [TEST_STEP][PASSED] - println("GlobalVariable.M4_spin_total_bonus_win_this_round is: " + M4_spin_total_bonus_win_this_round): null

2019-08-24 13:00:36 - [TEST_STEP][PASSED] - M4_spin_bonus_spin_result = spin_result: null

2019-08-24 13:00:36 - [TEST_STEP][PASSED] - M4_spin_bonus_spin_result = M4_spin_bonus_spin_result: null

2019-08-24 13:00:36 - [MESSAGE][PASSED] - Verify response successfully

2019-08-24 13:00:36 - [MESSAGE][PASSED] - Send request and verify the response successfully

2019-08-24 13:00:36 - [TEST_STEP][PASSED] - if (M4_total_bonus_spins_int != 0 &amp;&amp; M4_spin_reels_symbols[2].contains("WILD_Expanding")): null

2019-08-24 13:00:36 - [TEST_STEP][PASSED] - free_spin_reel_counter = free_spin_reel_counter: null

2019-08-24 13:00:36 - [TEST_STEP][PASSED] - M4_spin_reels_symbols = M4_spin_reels_symbols: null

2019-08-24 13:00:36 - [TEST_STEP][PASSED] - M4_total_bonus_spins = M4_total_bonus_spins: null

2019-08-24 13:00:36 - [TEST_STEP][PASSED] - spin_result = sendRequestAndVerify(findTestObject("INT/RGS(M4)/1_M4_spin", ["M4_login_user_id":M4_login_user_id, "rgs_session_token":rgs_session_token, "partner":Partner])): Send request and verify the response successfully

2019-08-24 13:00:36 - [MESSAGE][INFO] - HAR: /Users/eiralee/Katalon_Script/SuperWild/Reports/20190824_125957/INT/superWild_5/20190824_125957/requests/main/13.har

2019-08-24 13:00:36 - [TEST_CASE][PASSED] - Start Test Case : Verification: Verification accomplished successfully

2019-08-24 13:00:37 - [TEST_STEP][PASSED] - request = getInstance().getCurrentRequest(): null

2019-08-24 13:00:37 - [TEST_STEP][PASSED] - response = getInstance().getCurrentResponse(): null

2019-08-24 13:00:37 - [TEST_STEP][PASSED] - verifyResponseStatusCode(response, 200): Verify response status code successfully

2019-08-24 13:00:37 - [MESSAGE][PASSED] - Verify response status code successfully

2019-08-24 13:00:37 - [TEST_STEP][PASSED] - getStatusCode()).isEqualTo(200): null

2019-08-24 13:00:37 - [TEST_STEP][PASSED] - newline = System.getProperty("line.separator"): null

2019-08-24 13:00:37 - [TEST_STEP][PASSED] - M4_spin = new groovy.json.JsonSlurper(): null

2019-08-24 13:00:37 - [TEST_STEP][PASSED] - result_M4_spin = M4_spin.parseText(response.getResponseBodyContent()): null

2019-08-24 13:00:37 - [TEST_STEP][PASSED] - M4_spin_current_balance = current_balance: null

2019-08-24 13:00:37 - [TEST_STEP][PASSED] - M4_spin_current_balance = M4_spin_current_balance: null

2019-08-24 13:00:37 - [TEST_STEP][PASSED] - M4_spin_transaction_id = causality: null

2019-08-24 13:00:37 - [TEST_STEP][PASSED] - M4_spin_transaction_id = M4_spin_transaction_id: null

2019-08-24 13:00:37 - [TEST_STEP][PASSED] - M4_spin_round_id = round_id: null

2019-08-24 13:00:37 - [TEST_STEP][PASSED] - M4_spin_round_id = M4_spin_round_id: null

2019-08-24 13:00:37 - [TEST_STEP][PASSED] - M4_spin_line_wins = line_wins: null

2019-08-24 13:00:37 - [TEST_STEP][PASSED] - M4_spin_line_wins = M4_spin_line_wins: null

2019-08-24 13:00:37 - [TEST_STEP][PASSED] - M4_total_bonus_spins_int = total_bonus_spins: null

2019-08-24 13:00:37 - [TEST_STEP][PASSED] - println("******M4_total_bonus_spins type is:*******" + newline + getClass().getName()): null

2019-08-24 13:00:37 - [TEST_STEP][PASSED] - M4_total_bonus_spins_int = M4_total_bonus_spins_int: null

2019-08-24 13:00:37 - [TEST_STEP][PASSED] - M4_total_bonus_spins = Integer.toString(M4_total_bonus_spins_int): null

2019-08-24 13:00:37 - [TEST_STEP][PASSED] - M4_total_bonus_spins = M4_total_bonus_spins: null

2019-08-24 13:00:37 - [TEST_STEP][PASSED] - println("M4_total_bonus_spins is:" + M4_total_bonus_spins): null

2019-08-24 13:00:37 - [TEST_STEP][PASSED] - M4_spin_bonus_data = bonus_data: null

2019-08-24 13:00:37 - [TEST_STEP][PASSED] - M4_spin_features_triggered = result_M4_spin: null

2019-08-24 13:00:37 - [TEST_STEP][PASSED] - wild = []: null

2019-08-24 13:00:37 - [TEST_STEP][PASSED] - wild[0] = "WILD_Expanding": null

2019-08-24 13:00:37 - [TEST_STEP][PASSED] - wild[1] = "WILD_Normal": null

2019-08-24 13:00:37 - [TEST_STEP][PASSED] - wild[2] = "WILD_Double": null

2019-08-24 13:00:37 - [TEST_STEP][PASSED] - wild[3] = "WILD_ExtraFG": null

2019-08-24 13:00:37 - [TEST_STEP][PASSED] - wild[4] = "WILD_Triple": null

2019-08-24 13:00:37 - [TEST_STEP][PASSED] - wildList = Arrays.asList(wild): null

2019-08-24 13:00:37 - [TEST_STEP][PASSED] - wildList = wildList: null

2019-08-24 13:00:37 - [TEST_STEP][PASSED] - free_spin_reel_counter = []: null

2019-08-24 13:00:37 - [TEST_STEP][PASSED] - free_spin_reel_counter[0] = 0: null

2019-08-24 13:00:37 - [TEST_STEP][PASSED] - free_spin_reel_counter[1] = 0: null

2019-08-24 13:00:37 - [TEST_STEP][PASSED] - free_spin_reel_counter[2] = 0: null

2019-08-24 13:00:37 - [TEST_STEP][PASSED] - M4_spin_reels = reels: null

2019-08-24 13:00:37 - [TEST_STEP][PASSED] - for ([i = 0, i &lt; M4_spin_reels.size(), (i++)]): null

2019-08-24 13:00:37 - [TEST_STEP][PASSED] - symbols = symbols: null

2019-08-24 13:00:37 - [TEST_STEP][PASSED] - for ([j = 0, j &lt; symbols.size(), (j++)]): null

2019-08-24 13:00:37 - [TEST_STEP][PASSED] - symbol = symbol: null

2019-08-24 13:00:37 - [TEST_STEP][PASSED] - println(symbol): null

2019-08-24 13:00:37 - [TEST_STEP][PASSED] - if (i == 2 &amp;&amp; wildList.indexOf(symbol) != -1): null

2019-08-24 13:00:37 - [TEST_STEP][PASSED] - if (i == 3 &amp;&amp; wildList.indexOf(symbol) != -1): null

2019-08-24 13:00:37 - [TEST_STEP][PASSED] - if (i == 4 &amp;&amp; wildList.indexOf(symbol) != -1): null

2019-08-24 13:00:37 - [TEST_STEP][PASSED] - symbol = symbol: null

2019-08-24 13:00:37 - [TEST_STEP][PASSED] - println(symbol): null

2019-08-24 13:00:37 - [TEST_STEP][PASSED] - if (i == 2 &amp;&amp; wildList.indexOf(symbol) != -1): null

2019-08-24 13:00:37 - [TEST_STEP][PASSED] - if (i == 3 &amp;&amp; wildList.indexOf(symbol) != -1): null

2019-08-24 13:00:37 - [TEST_STEP][PASSED] - if (i == 4 &amp;&amp; wildList.indexOf(symbol) != -1): null

2019-08-24 13:00:37 - [TEST_STEP][PASSED] - symbol = symbol: null

2019-08-24 13:00:37 - [TEST_STEP][PASSED] - println(symbol): null

2019-08-24 13:00:37 - [TEST_STEP][PASSED] - if (i == 2 &amp;&amp; wildList.indexOf(symbol) != -1): null

2019-08-24 13:00:37 - [TEST_STEP][PASSED] - if (i == 3 &amp;&amp; wildList.indexOf(symbol) != -1): null

2019-08-24 13:00:37 - [TEST_STEP][PASSED] - if (i == 4 &amp;&amp; wildList.indexOf(symbol) != -1): null

2019-08-24 13:00:37 - [TEST_STEP][PASSED] - symbols = symbols: null

2019-08-24 13:00:37 - [TEST_STEP][PASSED] - for ([j = 0, j &lt; symbols.size(), (j++)]): null

2019-08-24 13:00:37 - [TEST_STEP][PASSED] - symbol = symbol: null

2019-08-24 13:00:37 - [TEST_STEP][PASSED] - println(symbol): null

2019-08-24 13:00:37 - [TEST_STEP][PASSED] - if (i == 2 &amp;&amp; wildList.indexOf(symbol) != -1): null

2019-08-24 13:00:37 - [TEST_STEP][PASSED] - if (i == 3 &amp;&amp; wildList.indexOf(symbol) != -1): null

2019-08-24 13:00:37 - [TEST_STEP][PASSED] - if (i == 4 &amp;&amp; wildList.indexOf(symbol) != -1): null

2019-08-24 13:00:37 - [TEST_STEP][PASSED] - symbol = symbol: null

2019-08-24 13:00:37 - [TEST_STEP][PASSED] - println(symbol): null

2019-08-24 13:00:37 - [TEST_STEP][PASSED] - if (i == 2 &amp;&amp; wildList.indexOf(symbol) != -1): null

2019-08-24 13:00:37 - [TEST_STEP][PASSED] - if (i == 3 &amp;&amp; wildList.indexOf(symbol) != -1): null

2019-08-24 13:00:37 - [TEST_STEP][PASSED] - if (i == 4 &amp;&amp; wildList.indexOf(symbol) != -1): null

2019-08-24 13:00:37 - [TEST_STEP][PASSED] - symbol = symbol: null

2019-08-24 13:00:37 - [TEST_STEP][PASSED] - println(symbol): null

2019-08-24 13:00:37 - [TEST_STEP][PASSED] - if (i == 2 &amp;&amp; wildList.indexOf(symbol) != -1): null

2019-08-24 13:00:37 - [TEST_STEP][PASSED] - if (i == 3 &amp;&amp; wildList.indexOf(symbol) != -1): null

2019-08-24 13:00:37 - [TEST_STEP][PASSED] - if (i == 4 &amp;&amp; wildList.indexOf(symbol) != -1): null

2019-08-24 13:00:37 - [TEST_STEP][PASSED] - symbols = symbols: null

2019-08-24 13:00:37 - [TEST_STEP][PASSED] - for ([j = 0, j &lt; symbols.size(), (j++)]): null

2019-08-24 13:00:37 - [TEST_STEP][PASSED] - symbol = symbol: null

2019-08-24 13:00:37 - [TEST_STEP][PASSED] - println(symbol): null

2019-08-24 13:00:37 - [TEST_STEP][PASSED] - if (i == 2 &amp;&amp; wildList.indexOf(symbol) != -1): null

2019-08-24 13:00:37 - [TEST_STEP][PASSED] - if (i == 3 &amp;&amp; wildList.indexOf(symbol) != -1): null

2019-08-24 13:00:37 - [TEST_STEP][PASSED] - if (i == 4 &amp;&amp; wildList.indexOf(symbol) != -1): null

2019-08-24 13:00:37 - [TEST_STEP][PASSED] - symbol = symbol: null

2019-08-24 13:00:37 - [TEST_STEP][PASSED] - println(symbol): null

2019-08-24 13:00:37 - [TEST_STEP][PASSED] - if (i == 2 &amp;&amp; wildList.indexOf(symbol) != -1): null

2019-08-24 13:00:37 - [TEST_STEP][PASSED] - println("wild found on reel 3, adding counter by 1"): null

2019-08-24 13:00:37 - [TEST_STEP][PASSED] - free_spin_reel_counter[0] = free_spin_reel_counter[0] + 1: null

2019-08-24 13:00:37 - [TEST_STEP][PASSED] - if (i == 3 &amp;&amp; wildList.indexOf(symbol) != -1): null

2019-08-24 13:00:37 - [TEST_STEP][PASSED] - if (i == 4 &amp;&amp; wildList.indexOf(symbol) != -1): null

2019-08-24 13:00:37 - [TEST_STEP][PASSED] - symbol = symbol: null

2019-08-24 13:00:37 - [TEST_STEP][PASSED] - println(symbol): null

2019-08-24 13:00:37 - [TEST_STEP][PASSED] - if (i == 2 &amp;&amp; wildList.indexOf(symbol) != -1): null

2019-08-24 13:00:37 - [TEST_STEP][PASSED] - if (i == 3 &amp;&amp; wildList.indexOf(symbol) != -1): null

2019-08-24 13:00:37 - [TEST_STEP][PASSED] - if (i == 4 &amp;&amp; wildList.indexOf(symbol) != -1): null

2019-08-24 13:00:37 - [TEST_STEP][PASSED] - symbols = symbols: null

2019-08-24 13:00:37 - [TEST_STEP][PASSED] - for ([j = 0, j &lt; symbols.size(), (j++)]): null

2019-08-24 13:00:37 - [TEST_STEP][PASSED] - symbol = symbol: null

2019-08-24 13:00:37 - [TEST_STEP][PASSED] - println(symbol): null

2019-08-24 13:00:37 - [TEST_STEP][PASSED] - if (i == 2 &amp;&amp; wildList.indexOf(symbol) != -1): null

2019-08-24 13:00:37 - [TEST_STEP][PASSED] - if (i == 3 &amp;&amp; wildList.indexOf(symbol) != -1): null

2019-08-24 13:00:37 - [TEST_STEP][PASSED] - if (i == 4 &amp;&amp; wildList.indexOf(symbol) != -1): null

2019-08-24 13:00:37 - [TEST_STEP][PASSED] - symbol = symbol: null

2019-08-24 13:00:37 - [TEST_STEP][PASSED] - println(symbol): null

2019-08-24 13:00:37 - [TEST_STEP][PASSED] - if (i == 2 &amp;&amp; wildList.indexOf(symbol) != -1): null

2019-08-24 13:00:37 - [TEST_STEP][PASSED] - if (i == 3 &amp;&amp; wildList.indexOf(symbol) != -1): null

2019-08-24 13:00:37 - [TEST_STEP][PASSED] - if (i == 4 &amp;&amp; wildList.indexOf(symbol) != -1): null

2019-08-24 13:00:37 - [TEST_STEP][PASSED] - symbol = symbol: null

2019-08-24 13:00:37 - [TEST_STEP][PASSED] - println(symbol): null

2019-08-24 13:00:37 - [TEST_STEP][PASSED] - if (i == 2 &amp;&amp; wildList.indexOf(symbol) != -1): null

2019-08-24 13:00:37 - [TEST_STEP][PASSED] - if (i == 3 &amp;&amp; wildList.indexOf(symbol) != -1): null

2019-08-24 13:00:37 - [TEST_STEP][PASSED] - if (i == 4 &amp;&amp; wildList.indexOf(symbol) != -1): null

2019-08-24 13:00:37 - [TEST_STEP][PASSED] - symbols = symbols: null

2019-08-24 13:00:37 - [TEST_STEP][PASSED] - for ([j = 0, j &lt; symbols.size(), (j++)]): null

2019-08-24 13:00:37 - [TEST_STEP][PASSED] - symbol = symbol: null

2019-08-24 13:00:37 - [TEST_STEP][PASSED] - println(symbol): null

2019-08-24 13:00:37 - [TEST_STEP][PASSED] - if (i == 2 &amp;&amp; wildList.indexOf(symbol) != -1): null

2019-08-24 13:00:37 - [TEST_STEP][PASSED] - if (i == 3 &amp;&amp; wildList.indexOf(symbol) != -1): null

2019-08-24 13:00:37 - [TEST_STEP][PASSED] - if (i == 4 &amp;&amp; wildList.indexOf(symbol) != -1): null

2019-08-24 13:00:37 - [TEST_STEP][PASSED] - symbol = symbol: null

2019-08-24 13:00:37 - [TEST_STEP][PASSED] - println(symbol): null

2019-08-24 13:00:37 - [TEST_STEP][PASSED] - if (i == 2 &amp;&amp; wildList.indexOf(symbol) != -1): null

2019-08-24 13:00:37 - [TEST_STEP][PASSED] - if (i == 3 &amp;&amp; wildList.indexOf(symbol) != -1): null

2019-08-24 13:00:37 - [TEST_STEP][PASSED] - if (i == 4 &amp;&amp; wildList.indexOf(symbol) != -1): null

2019-08-24 13:00:37 - [TEST_STEP][PASSED] - symbol = symbol: null

2019-08-24 13:00:37 - [TEST_STEP][PASSED] - println(symbol): null

2019-08-24 13:00:37 - [TEST_STEP][PASSED] - if (i == 2 &amp;&amp; wildList.indexOf(symbol) != -1): null

2019-08-24 13:00:37 - [TEST_STEP][PASSED] - if (i == 3 &amp;&amp; wildList.indexOf(symbol) != -1): null

2019-08-24 13:00:37 - [TEST_STEP][PASSED] - if (i == 4 &amp;&amp; wildList.indexOf(symbol) != -1): null

2019-08-24 13:00:37 - [TEST_STEP][PASSED] - free_spin_reel_counter = free_spin_reel_counter: null

2019-08-24 13:00:37 - [TEST_STEP][PASSED] - println("reel 3 wild found: " + free_spin_reel_counter[0]): null

2019-08-24 13:00:37 - [TEST_STEP][PASSED] - println("reel 4 wild found: " + free_spin_reel_counter[1]): null

2019-08-24 13:00:37 - [TEST_STEP][PASSED] - println("reel 5 wild found: " + free_spin_reel_counter[2]): null

2019-08-24 13:00:37 - [TEST_STEP][PASSED] - M4_spin_reels = M4_spin_reels: null

2019-08-24 13:00:37 - [TEST_STEP][PASSED] - M4_spin_reels_symbols = symbol: null

2019-08-24 13:00:37 - [TEST_STEP][PASSED] - M4_spin_reels_symbols = M4_spin_reels_symbols: null

2019-08-24 13:00:37 - [TEST_STEP][PASSED] - M4_spin_reel_wins = reel_wins: null

2019-08-24 13:00:37 - [TEST_STEP][PASSED] - M4_spin_reel_wins = M4_spin_reel_wins: null

2019-08-24 13:00:37 - [TEST_STEP][PASSED] - println("GlobalVariable.M4_spin_reel_wins is: " + M4_spin_reel_wins): null

2019-08-24 13:00:37 - [TEST_STEP][PASSED] - M4_spin_total_bonus_win_this_round = total_bonus_win_this_round: null

2019-08-24 13:00:37 - [TEST_STEP][PASSED] - M4_spin_total_bonus_win_this_round = M4_spin_total_bonus_win_this_round: null

2019-08-24 13:00:37 - [TEST_STEP][PASSED] - println("GlobalVariable.M4_spin_total_bonus_win_this_round is: " + M4_spin_total_bonus_win_this_round): null

2019-08-24 13:00:37 - [TEST_STEP][PASSED] - M4_spin_bonus_spin_result = spin_result: null

2019-08-24 13:00:37 - [TEST_STEP][PASSED] - M4_spin_bonus_spin_result = M4_spin_bonus_spin_result: null

2019-08-24 13:00:37 - [MESSAGE][PASSED] - Verify response successfully

2019-08-24 13:00:37 - [MESSAGE][PASSED] - Send request and verify the response successfully

2019-08-24 13:00:37 - [TEST_STEP][PASSED] - if (M4_total_bonus_spins_int != 0 &amp;&amp; M4_spin_reels_symbols[2].contains("WILD_Expanding")): null

2019-08-24 13:00:37 - [TEST_STEP][PASSED] - free_spin_reel_counter = free_spin_reel_counter: null

2019-08-24 13:00:37 - [TEST_STEP][PASSED] - M4_spin_reels_symbols = M4_spin_reels_symbols: null

2019-08-24 13:00:37 - [TEST_STEP][PASSED] - M4_total_bonus_spins = M4_total_bonus_spins: null

2019-08-24 13:00:37 - [TEST_STEP][PASSED] - spin_result = sendRequestAndVerify(findTestObject("INT/RGS(M4)/1_M4_spin", ["M4_login_user_id":M4_login_user_id, "rgs_session_token":rgs_session_token, "partner":Partner])): Send request and verify the response successfully

2019-08-24 13:00:37 - [MESSAGE][INFO] - HAR: /Users/eiralee/Katalon_Script/SuperWild/Reports/20190824_125957/INT/superWild_5/20190824_125957/requests/main/14.har

2019-08-24 13:00:37 - [TEST_CASE][PASSED] - Start Test Case : Verification: Verification accomplished successfully

2019-08-24 13:00:37 - [TEST_STEP][PASSED] - request = getInstance().getCurrentRequest(): null

2019-08-24 13:00:37 - [TEST_STEP][PASSED] - response = getInstance().getCurrentResponse(): null

2019-08-24 13:00:37 - [TEST_STEP][PASSED] - verifyResponseStatusCode(response, 200): Verify response status code successfully

2019-08-24 13:00:37 - [MESSAGE][PASSED] - Verify response status code successfully

2019-08-24 13:00:37 - [TEST_STEP][PASSED] - getStatusCode()).isEqualTo(200): null

2019-08-24 13:00:37 - [TEST_STEP][PASSED] - newline = System.getProperty("line.separator"): null

2019-08-24 13:00:37 - [TEST_STEP][PASSED] - M4_spin = new groovy.json.JsonSlurper(): null

2019-08-24 13:00:37 - [TEST_STEP][PASSED] - result_M4_spin = M4_spin.parseText(response.getResponseBodyContent()): null

2019-08-24 13:00:37 - [TEST_STEP][PASSED] - M4_spin_current_balance = current_balance: null

2019-08-24 13:00:37 - [TEST_STEP][PASSED] - M4_spin_current_balance = M4_spin_current_balance: null

2019-08-24 13:00:37 - [TEST_STEP][PASSED] - M4_spin_transaction_id = causality: null

2019-08-24 13:00:37 - [TEST_STEP][PASSED] - M4_spin_transaction_id = M4_spin_transaction_id: null

2019-08-24 13:00:37 - [TEST_STEP][PASSED] - M4_spin_round_id = round_id: null

2019-08-24 13:00:37 - [TEST_STEP][PASSED] - M4_spin_round_id = M4_spin_round_id: null

2019-08-24 13:00:37 - [TEST_STEP][PASSED] - M4_spin_line_wins = line_wins: null

2019-08-24 13:00:37 - [TEST_STEP][PASSED] - M4_spin_line_wins = M4_spin_line_wins: null

2019-08-24 13:00:37 - [TEST_STEP][PASSED] - M4_total_bonus_spins_int = total_bonus_spins: null

2019-08-24 13:00:37 - [TEST_STEP][PASSED] - println("******M4_total_bonus_spins type is:*******" + newline + getClass().getName()): null

2019-08-24 13:00:37 - [TEST_STEP][PASSED] - M4_total_bonus_spins_int = M4_total_bonus_spins_int: null

2019-08-24 13:00:37 - [TEST_STEP][PASSED] - M4_total_bonus_spins = Integer.toString(M4_total_bonus_spins_int): null

2019-08-24 13:00:37 - [TEST_STEP][PASSED] - M4_total_bonus_spins = M4_total_bonus_spins: null

2019-08-24 13:00:37 - [TEST_STEP][PASSED] - println("M4_total_bonus_spins is:" + M4_total_bonus_spins): null

2019-08-24 13:00:37 - [TEST_STEP][PASSED] - M4_spin_bonus_data = bonus_data: null

2019-08-24 13:00:37 - [TEST_STEP][PASSED] - M4_spin_features_triggered = result_M4_spin: null

2019-08-24 13:00:37 - [TEST_STEP][PASSED] - wild = []: null

2019-08-24 13:00:37 - [TEST_STEP][PASSED] - wild[0] = "WILD_Expanding": null

2019-08-24 13:00:37 - [TEST_STEP][PASSED] - wild[1] = "WILD_Normal": null

2019-08-24 13:00:37 - [TEST_STEP][PASSED] - wild[2] = "WILD_Double": null

2019-08-24 13:00:37 - [TEST_STEP][PASSED] - wild[3] = "WILD_ExtraFG": null

2019-08-24 13:00:37 - [TEST_STEP][PASSED] - wild[4] = "WILD_Triple": null

2019-08-24 13:00:37 - [TEST_STEP][PASSED] - wildList = Arrays.asList(wild): null

2019-08-24 13:00:37 - [TEST_STEP][PASSED] - wildList = wildList: null

2019-08-24 13:00:37 - [TEST_STEP][PASSED] - free_spin_reel_counter = []: null

2019-08-24 13:00:37 - [TEST_STEP][PASSED] - free_spin_reel_counter[0] = 0: null

2019-08-24 13:00:37 - [TEST_STEP][PASSED] - free_spin_reel_counter[1] = 0: null

2019-08-24 13:00:37 - [TEST_STEP][PASSED] - free_spin_reel_counter[2] = 0: null

2019-08-24 13:00:37 - [TEST_STEP][PASSED] - M4_spin_reels = reels: null

2019-08-24 13:00:37 - [TEST_STEP][PASSED] - for ([i = 0, i &lt; M4_spin_reels.size(), (i++)]): null

2019-08-24 13:00:37 - [TEST_STEP][PASSED] - symbols = symbols: null

2019-08-24 13:00:37 - [TEST_STEP][PASSED] - for ([j = 0, j &lt; symbols.size(), (j++)]): null

2019-08-24 13:00:37 - [TEST_STEP][PASSED] - symbol = symbol: null

2019-08-24 13:00:37 - [TEST_STEP][PASSED] - println(symbol): null

2019-08-24 13:00:37 - [TEST_STEP][PASSED] - if (i == 2 &amp;&amp; wildList.indexOf(symbol) != -1): null

2019-08-24 13:00:37 - [TEST_STEP][PASSED] - if (i == 3 &amp;&amp; wildList.indexOf(symbol) != -1): null

2019-08-24 13:00:37 - [TEST_STEP][PASSED] - if (i == 4 &amp;&amp; wildList.indexOf(symbol) != -1): null

2019-08-24 13:00:37 - [TEST_STEP][PASSED] - symbol = symbol: null

2019-08-24 13:00:47 - [TEST_STEP][PASSED] - println(symbol): null

2019-08-24 13:00:47 - [TEST_STEP][PASSED] - if (i == 2 &amp;&amp; wildList.indexOf(symbol) != -1): null

2019-08-24 13:00:47 - [TEST_STEP][PASSED] - if (i == 3 &amp;&amp; wildList.indexOf(symbol) != -1): null

2019-08-24 13:00:47 - [TEST_STEP][PASSED] - if (i == 4 &amp;&amp; wildList.indexOf(symbol) != -1): null

2019-08-24 13:00:47 - [TEST_STEP][PASSED] - symbol = symbol: null

2019-08-24 13:00:47 - [TEST_STEP][PASSED] - println(symbol): null

2019-08-24 13:00:52 - [TEST_STEP][PASSED] - if (i == 2 &amp;&amp; wildList.indexOf(symbol) != -1): null

2019-08-24 13:00:52 - [TEST_STEP][PASSED] - if (i == 3 &amp;&amp; wildList.indexOf(symbol) != -1): null

2019-08-24 13:00:52 - [TEST_STEP][PASSED] - if (i == 4 &amp;&amp; wildList.indexOf(symbol) != -1): null

2019-08-24 13:00:52 - [TEST_STEP][PASSED] - symbols = symbols: null

2019-08-24 13:00:52 - [TEST_STEP][PASSED] - for ([j = 0, j &lt; symbols.size(), (j++)]): null

2019-08-24 13:00:52 - [TEST_STEP][PASSED] - symbol = symbol: null

2019-08-24 13:00:52 - [TEST_STEP][PASSED] - println(symbol): null

2019-08-24 13:00:52 - [TEST_STEP][PASSED] - if (i == 2 &amp;&amp; wildList.indexOf(symbol) != -1): null

2019-08-24 13:00:52 - [TEST_STEP][PASSED] - if (i == 3 &amp;&amp; wildList.indexOf(symbol) != -1): null

2019-08-24 13:00:52 - [TEST_STEP][PASSED] - if (i == 4 &amp;&amp; wildList.indexOf(symbol) != -1): null

2019-08-24 13:00:52 - [TEST_STEP][PASSED] - symbol = symbol: null

2019-08-24 13:00:52 - [TEST_STEP][PASSED] - println(symbol): null

2019-08-24 13:00:52 - [TEST_STEP][PASSED] - if (i == 2 &amp;&amp; wildList.indexOf(symbol) != -1): null

2019-08-24 13:00:52 - [TEST_STEP][PASSED] - if (i == 3 &amp;&amp; wildList.indexOf(symbol) != -1): null

2019-08-24 13:00:52 - [TEST_STEP][PASSED] - if (i == 4 &amp;&amp; wildList.indexOf(symbol) != -1): null

2019-08-24 13:00:52 - [TEST_STEP][PASSED] - symbol = symbol: null

2019-08-24 13:00:52 - [TEST_STEP][PASSED] - println(symbol): null

2019-08-24 13:00:52 - [TEST_STEP][PASSED] - if (i == 2 &amp;&amp; wildList.indexOf(symbol) != -1): null

2019-08-24 13:00:52 - [TEST_STEP][PASSED] - if (i == 3 &amp;&amp; wildList.indexOf(symbol) != -1): null

2019-08-24 13:00:52 - [TEST_STEP][PASSED] - if (i == 4 &amp;&amp; wildList.indexOf(symbol) != -1): null

2019-08-24 13:00:52 - [TEST_STEP][PASSED] - symbols = symbols: null

2019-08-24 13:00:52 - [TEST_STEP][PASSED] - for ([j = 0, j &lt; symbols.size(), (j++)]): null

2019-08-24 13:00:52 - [TEST_STEP][PASSED] - symbol = symbol: null

2019-08-24 13:00:52 - [TEST_STEP][PASSED] - println(symbol): null

2019-08-24 13:00:52 - [TEST_STEP][PASSED] - if (i == 2 &amp;&amp; wildList.indexOf(symbol) != -1): null

2019-08-24 13:00:52 - [TEST_STEP][PASSED] - if (i == 3 &amp;&amp; wildList.indexOf(symbol) != -1): null

2019-08-24 13:00:52 - [TEST_STEP][PASSED] - if (i == 4 &amp;&amp; wildList.indexOf(symbol) != -1): null

2019-08-24 13:00:52 - [TEST_STEP][PASSED] - symbol = symbol: null

2019-08-24 13:00:52 - [TEST_STEP][PASSED] - println(symbol): null

2019-08-24 13:00:52 - [TEST_STEP][PASSED] - if (i == 2 &amp;&amp; wildList.indexOf(symbol) != -1): null

2019-08-24 13:00:52 - [TEST_STEP][PASSED] - if (i == 3 &amp;&amp; wildList.indexOf(symbol) != -1): null

2019-08-24 13:00:52 - [TEST_STEP][PASSED] - if (i == 4 &amp;&amp; wildList.indexOf(symbol) != -1): null

2019-08-24 13:00:52 - [TEST_STEP][PASSED] - symbol = symbol: null

2019-08-24 13:00:52 - [TEST_STEP][PASSED] - println(symbol): null

2019-08-24 13:00:52 - [TEST_STEP][PASSED] - if (i == 2 &amp;&amp; wildList.indexOf(symbol) != -1): null

2019-08-24 13:00:52 - [TEST_STEP][PASSED] - if (i == 3 &amp;&amp; wildList.indexOf(symbol) != -1): null

2019-08-24 13:00:52 - [TEST_STEP][PASSED] - if (i == 4 &amp;&amp; wildList.indexOf(symbol) != -1): null

2019-08-24 13:00:52 - [TEST_STEP][PASSED] - symbols = symbols: null

2019-08-24 13:00:52 - [TEST_STEP][PASSED] - for ([j = 0, j &lt; symbols.size(), (j++)]): null

2019-08-24 13:00:52 - [TEST_STEP][PASSED] - symbol = symbol: null

2019-08-24 13:00:52 - [TEST_STEP][PASSED] - println(symbol): null

2019-08-24 13:00:52 - [TEST_STEP][PASSED] - if (i == 2 &amp;&amp; wildList.indexOf(symbol) != -1): null

2019-08-24 13:00:52 - [TEST_STEP][PASSED] - if (i == 3 &amp;&amp; wildList.indexOf(symbol) != -1): null

2019-08-24 13:00:52 - [TEST_STEP][PASSED] - if (i == 4 &amp;&amp; wildList.indexOf(symbol) != -1): null

2019-08-24 13:00:52 - [TEST_STEP][PASSED] - symbol = symbol: null

2019-08-24 13:00:52 - [TEST_STEP][PASSED] - println(symbol): null

2019-08-24 13:00:52 - [TEST_STEP][PASSED] - if (i == 2 &amp;&amp; wildList.indexOf(symbol) != -1): null

2019-08-24 13:00:52 - [TEST_STEP][PASSED] - if (i == 3 &amp;&amp; wildList.indexOf(symbol) != -1): null

2019-08-24 13:00:52 - [TEST_STEP][PASSED] - if (i == 4 &amp;&amp; wildList.indexOf(symbol) != -1): null

2019-08-24 13:00:52 - [TEST_STEP][PASSED] - symbol = symbol: null

2019-08-24 13:00:52 - [TEST_STEP][PASSED] - println(symbol): null

2019-08-24 13:00:52 - [TEST_STEP][PASSED] - if (i == 2 &amp;&amp; wildList.indexOf(symbol) != -1): null

2019-08-24 13:00:52 - [TEST_STEP][PASSED] - if (i == 3 &amp;&amp; wildList.indexOf(symbol) != -1): null

2019-08-24 13:00:52 - [TEST_STEP][PASSED] - if (i == 4 &amp;&amp; wildList.indexOf(symbol) != -1): null

2019-08-24 13:00:52 - [TEST_STEP][PASSED] - symbols = symbols: null

2019-08-24 13:00:52 - [TEST_STEP][PASSED] - for ([j = 0, j &lt; symbols.size(), (j++)]): null

2019-08-24 13:00:52 - [TEST_STEP][PASSED] - symbol = symbol: null

2019-08-24 13:00:52 - [TEST_STEP][PASSED] - println(symbol): null

2019-08-24 13:00:52 - [TEST_STEP][PASSED] - if (i == 2 &amp;&amp; wildList.indexOf(symbol) != -1): null

2019-08-24 13:00:52 - [TEST_STEP][PASSED] - if (i == 3 &amp;&amp; wildList.indexOf(symbol) != -1): null

2019-08-24 13:00:52 - [TEST_STEP][PASSED] - if (i == 4 &amp;&amp; wildList.indexOf(symbol) != -1): null

2019-08-24 13:00:52 - [TEST_STEP][PASSED] - symbol = symbol: null

2019-08-24 13:00:52 - [TEST_STEP][PASSED] - println(symbol): null

2019-08-24 13:00:52 - [TEST_STEP][PASSED] - if (i == 2 &amp;&amp; wildList.indexOf(symbol) != -1): null

2019-08-24 13:00:52 - [TEST_STEP][PASSED] - if (i == 3 &amp;&amp; wildList.indexOf(symbol) != -1): null

2019-08-24 13:00:52 - [TEST_STEP][PASSED] - if (i == 4 &amp;&amp; wildList.indexOf(symbol) != -1): null

2019-08-24 13:00:52 - [TEST_STEP][PASSED] - symbol = symbol: null

2019-08-24 13:00:52 - [TEST_STEP][PASSED] - println(symbol): null

2019-08-24 13:00:52 - [TEST_STEP][PASSED] - if (i == 2 &amp;&amp; wildList.indexOf(symbol) != -1): null

2019-08-24 13:00:52 - [TEST_STEP][PASSED] - if (i == 3 &amp;&amp; wildList.indexOf(symbol) != -1): null

2019-08-24 13:00:52 - [TEST_STEP][PASSED] - if (i == 4 &amp;&amp; wildList.indexOf(symbol) != -1): null

2019-08-24 13:00:52 - [TEST_STEP][PASSED] - free_spin_reel_counter = free_spin_reel_counter: null

2019-08-24 13:00:52 - [TEST_STEP][PASSED] - println("reel 3 wild found: " + free_spin_reel_counter[0]): null

2019-08-24 13:00:52 - [TEST_STEP][PASSED] - println("reel 4 wild found: " + free_spin_reel_counter[1]): null

2019-08-24 13:00:52 - [TEST_STEP][PASSED] - println("reel 5 wild found: " + free_spin_reel_counter[2]): null

2019-08-24 13:00:52 - [TEST_STEP][PASSED] - M4_spin_reels = M4_spin_reels: null

2019-08-24 13:00:52 - [TEST_STEP][PASSED] - M4_spin_reels_symbols = symbol: null

2019-08-24 13:00:52 - [TEST_STEP][PASSED] - M4_spin_reels_symbols = M4_spin_reels_symbols: null

2019-08-24 13:00:52 - [TEST_STEP][PASSED] - M4_spin_reel_wins = reel_wins: null

2019-08-24 13:00:52 - [TEST_STEP][PASSED] - M4_spin_reel_wins = M4_spin_reel_wins: null

2019-08-24 13:00:52 - [TEST_STEP][PASSED] - println("GlobalVariable.M4_spin_reel_wins is: " + M4_spin_reel_wins): null

2019-08-24 13:00:52 - [TEST_STEP][PASSED] - M4_spin_total_bonus_win_this_round = total_bonus_win_this_round: null

2019-08-24 13:00:52 - [TEST_STEP][PASSED] - M4_spin_total_bonus_win_this_round = M4_spin_total_bonus_win_this_round: null

2019-08-24 13:00:52 - [TEST_STEP][PASSED] - println("GlobalVariable.M4_spin_total_bonus_win_this_round is: " + M4_spin_total_bonus_win_this_round): null

2019-08-24 13:00:52 - [TEST_STEP][PASSED] - M4_spin_bonus_spin_result = spin_result: null

2019-08-24 13:00:52 - [TEST_STEP][PASSED] - M4_spin_bonus_spin_result = M4_spin_bonus_spin_result: null

2019-08-24 13:00:52 - [MESSAGE][PASSED] - Verify response successfully

2019-08-24 13:00:52 - [MESSAGE][PASSED] - Send request and verify the response successfully

2019-08-24 13:00:52 - [TEST_STEP][PASSED] - if (M4_total_bonus_spins_int != 0 &amp;&amp; M4_spin_reels_symbols[2].contains("WILD_Expanding")): null

2019-08-24 13:00:52 - [TEST_STEP][PASSED] - free_spin_reel_counter = free_spin_reel_counter: null

2019-08-24 13:00:52 - [TEST_STEP][PASSED] - M4_spin_reels_symbols = M4_spin_reels_symbols: null

2019-08-24 13:00:52 - [TEST_STEP][PASSED] - M4_total_bonus_spins = M4_total_bonus_spins: null

2019-08-24 13:00:52 - [TEST_STEP][PASSED] - spin_result = sendRequestAndVerify(findTestObject("INT/RGS(M4)/1_M4_spin", ["M4_login_user_id":M4_login_user_id, "rgs_session_token":rgs_session_token, "partner":Partner])): Send request and verify the response successfully

2019-08-24 13:00:52 - [MESSAGE][INFO] - HAR: /Users/eiralee/Katalon_Script/SuperWild/Reports/20190824_125957/INT/superWild_5/20190824_125957/requests/main/15.har

2019-08-24 13:00:52 - [TEST_CASE][PASSED] - Start Test Case : Verification: Verification accomplished successfully

2019-08-24 13:00:52 - [TEST_STEP][PASSED] - request = getInstance().getCurrentRequest(): null

2019-08-24 13:00:53 - [TEST_STEP][PASSED] - response = getInstance().getCurrentResponse(): null

2019-08-24 13:00:53 - [TEST_STEP][PASSED] - verifyResponseStatusCode(response, 200): Verify response status code successfully

2019-08-24 13:00:53 - [MESSAGE][PASSED] - Verify response status code successfully

2019-08-24 13:00:53 - [TEST_STEP][PASSED] - getStatusCode()).isEqualTo(200): null

2019-08-24 13:00:53 - [TEST_STEP][PASSED] - newline = System.getProperty("line.separator"): null

2019-08-24 13:00:53 - [TEST_STEP][PASSED] - M4_spin = new groovy.json.JsonSlurper(): null

2019-08-24 13:00:53 - [TEST_STEP][PASSED] - result_M4_spin = M4_spin.parseText(response.getResponseBodyContent()): null

2019-08-24 13:00:53 - [TEST_STEP][PASSED] - M4_spin_current_balance = current_balance: null

2019-08-24 13:00:53 - [TEST_STEP][PASSED] - M4_spin_current_balance = M4_spin_current_balance: null

2019-08-24 13:00:53 - [TEST_STEP][PASSED] - M4_spin_transaction_id = causality: null

2019-08-24 13:00:53 - [TEST_STEP][PASSED] - M4_spin_transaction_id = M4_spin_transaction_id: null

2019-08-24 13:00:53 - [TEST_STEP][PASSED] - M4_spin_round_id = round_id: null

2019-08-24 13:00:53 - [TEST_STEP][PASSED] - M4_spin_round_id = M4_spin_round_id: null

2019-08-24 13:00:53 - [TEST_STEP][PASSED] - M4_spin_line_wins = line_wins: null

2019-08-24 13:00:53 - [TEST_STEP][PASSED] - M4_spin_line_wins = M4_spin_line_wins: null

2019-08-24 13:00:53 - [TEST_STEP][PASSED] - M4_total_bonus_spins_int = total_bonus_spins: null

2019-08-24 13:00:53 - [TEST_STEP][PASSED] - println("******M4_total_bonus_spins type is:*******" + newline + getClass().getName()): null

2019-08-24 13:00:53 - [TEST_STEP][PASSED] - M4_total_bonus_spins_int = M4_total_bonus_spins_int: null

2019-08-24 13:00:53 - [TEST_STEP][PASSED] - M4_total_bonus_spins = Integer.toString(M4_total_bonus_spins_int): null

2019-08-24 13:00:53 - [TEST_STEP][PASSED] - M4_total_bonus_spins = M4_total_bonus_spins: null

2019-08-24 13:00:53 - [TEST_STEP][PASSED] - println("M4_total_bonus_spins is:" + M4_total_bonus_spins): null

2019-08-24 13:00:53 - [TEST_STEP][PASSED] - M4_spin_bonus_data = bonus_data: null

2019-08-24 13:00:53 - [TEST_STEP][PASSED] - M4_spin_features_triggered = result_M4_spin: null

2019-08-24 13:00:53 - [TEST_STEP][PASSED] - wild = []: null

2019-08-24 13:00:53 - [TEST_STEP][PASSED] - wild[0] = "WILD_Expanding": null

2019-08-24 13:00:53 - [TEST_STEP][PASSED] - wild[1] = "WILD_Normal": null

2019-08-24 13:00:53 - [TEST_STEP][PASSED] - wild[2] = "WILD_Double": null

2019-08-24 13:00:53 - [TEST_STEP][PASSED] - wild[3] = "WILD_ExtraFG": null

2019-08-24 13:00:53 - [TEST_STEP][PASSED] - wild[4] = "WILD_Triple": null

2019-08-24 13:00:53 - [TEST_STEP][PASSED] - wildList = Arrays.asList(wild): null

2019-08-24 13:00:53 - [TEST_STEP][PASSED] - wildList = wildList: null

2019-08-24 13:00:53 - [TEST_STEP][PASSED] - free_spin_reel_counter = []: null

2019-08-24 13:00:53 - [TEST_STEP][PASSED] - free_spin_reel_counter[0] = 0: null

2019-08-24 13:00:53 - [TEST_STEP][PASSED] - free_spin_reel_counter[1] = 0: null

2019-08-24 13:00:53 - [TEST_STEP][PASSED] - free_spin_reel_counter[2] = 0: null

2019-08-24 13:00:53 - [TEST_STEP][PASSED] - M4_spin_reels = reels: null

2019-08-24 13:00:53 - [TEST_STEP][PASSED] - for ([i = 0, i &lt; M4_spin_reels.size(), (i++)]): null

2019-08-24 13:00:53 - [TEST_STEP][PASSED] - symbols = symbols: null

2019-08-24 13:00:53 - [TEST_STEP][PASSED] - for ([j = 0, j &lt; symbols.size(), (j++)]): null

2019-08-24 13:00:53 - [TEST_STEP][PASSED] - symbol = symbol: null

2019-08-24 13:00:53 - [TEST_STEP][PASSED] - println(symbol): null

2019-08-24 13:00:53 - [TEST_STEP][PASSED] - if (i == 2 &amp;&amp; wildList.indexOf(symbol) != -1): null

2019-08-24 13:00:53 - [TEST_STEP][PASSED] - if (i == 3 &amp;&amp; wildList.indexOf(symbol) != -1): null

2019-08-24 13:00:53 - [TEST_STEP][PASSED] - if (i == 4 &amp;&amp; wildList.indexOf(symbol) != -1): null

2019-08-24 13:00:53 - [TEST_STEP][PASSED] - symbol = symbol: null

2019-08-24 13:00:53 - [TEST_STEP][PASSED] - println(symbol): null

2019-08-24 13:00:53 - [TEST_STEP][PASSED] - if (i == 2 &amp;&amp; wildList.indexOf(symbol) != -1): null

2019-08-24 13:00:53 - [TEST_STEP][PASSED] - if (i == 3 &amp;&amp; wildList.indexOf(symbol) != -1): null

2019-08-24 13:00:53 - [TEST_STEP][PASSED] - if (i == 4 &amp;&amp; wildList.indexOf(symbol) != -1): null

2019-08-24 13:00:53 - [TEST_STEP][PASSED] - symbol = symbol: null

2019-08-24 13:00:53 - [TEST_STEP][PASSED] - println(symbol): null

2019-08-24 13:00:53 - [TEST_STEP][PASSED] - if (i == 2 &amp;&amp; wildList.indexOf(symbol) != -1): null

2019-08-24 13:00:53 - [TEST_STEP][PASSED] - if (i == 3 &amp;&amp; wildList.indexOf(symbol) != -1): null

2019-08-24 13:00:53 - [TEST_STEP][PASSED] - if (i == 4 &amp;&amp; wildList.indexOf(symbol) != -1): null

2019-08-24 13:00:53 - [TEST_STEP][PASSED] - symbols = symbols: null

2019-08-24 13:00:53 - [TEST_STEP][PASSED] - for ([j = 0, j &lt; symbols.size(), (j++)]): null

2019-08-24 13:00:53 - [TEST_STEP][PASSED] - symbol = symbol: null

2019-08-24 13:00:53 - [TEST_STEP][PASSED] - println(symbol): null

2019-08-24 13:00:53 - [TEST_STEP][PASSED] - if (i == 2 &amp;&amp; wildList.indexOf(symbol) != -1): null

2019-08-24 13:00:53 - [TEST_STEP][PASSED] - if (i == 3 &amp;&amp; wildList.indexOf(symbol) != -1): null

2019-08-24 13:00:53 - [TEST_STEP][PASSED] - if (i == 4 &amp;&amp; wildList.indexOf(symbol) != -1): null

2019-08-24 13:00:53 - [TEST_STEP][PASSED] - symbol = symbol: null

2019-08-24 13:00:53 - [TEST_STEP][PASSED] - println(symbol): null

2019-08-24 13:00:53 - [TEST_STEP][PASSED] - if (i == 2 &amp;&amp; wildList.indexOf(symbol) != -1): null

2019-08-24 13:00:53 - [TEST_STEP][PASSED] - if (i == 3 &amp;&amp; wildList.indexOf(symbol) != -1): null

2019-08-24 13:00:53 - [TEST_STEP][PASSED] - if (i == 4 &amp;&amp; wildList.indexOf(symbol) != -1): null

2019-08-24 13:00:53 - [TEST_STEP][PASSED] - symbol = symbol: null

2019-08-24 13:00:53 - [TEST_STEP][PASSED] - println(symbol): null

2019-08-24 13:00:53 - [TEST_STEP][PASSED] - if (i == 2 &amp;&amp; wildList.indexOf(symbol) != -1): null

2019-08-24 13:00:53 - [TEST_STEP][PASSED] - if (i == 3 &amp;&amp; wildList.indexOf(symbol) != -1): null

2019-08-24 13:00:53 - [TEST_STEP][PASSED] - if (i == 4 &amp;&amp; wildList.indexOf(symbol) != -1): null

2019-08-24 13:00:53 - [TEST_STEP][PASSED] - symbols = symbols: null

2019-08-24 13:00:53 - [TEST_STEP][PASSED] - for ([j = 0, j &lt; symbols.size(), (j++)]): null

2019-08-24 13:00:53 - [TEST_STEP][PASSED] - symbol = symbol: null

2019-08-24 13:00:53 - [TEST_STEP][PASSED] - println(symbol): null

2019-08-24 13:00:53 - [TEST_STEP][PASSED] - if (i == 2 &amp;&amp; wildList.indexOf(symbol) != -1): null

2019-08-24 13:00:53 - [TEST_STEP][PASSED] - if (i == 3 &amp;&amp; wildList.indexOf(symbol) != -1): null

2019-08-24 13:00:53 - [TEST_STEP][PASSED] - if (i == 4 &amp;&amp; wildList.indexOf(symbol) != -1): null

2019-08-24 13:00:53 - [TEST_STEP][PASSED] - symbol = symbol: null

2019-08-24 13:00:53 - [TEST_STEP][PASSED] - println(symbol): null

2019-08-24 13:00:53 - [TEST_STEP][PASSED] - if (i == 2 &amp;&amp; wildList.indexOf(symbol) != -1): null

2019-08-24 13:00:53 - [TEST_STEP][PASSED] - if (i == 3 &amp;&amp; wildList.indexOf(symbol) != -1): null

2019-08-24 13:00:53 - [TEST_STEP][PASSED] - if (i == 4 &amp;&amp; wildList.indexOf(symbol) != -1): null

2019-08-24 13:00:53 - [TEST_STEP][PASSED] - symbol = symbol: null

2019-08-24 13:00:53 - [TEST_STEP][PASSED] - println(symbol): null

2019-08-24 13:00:53 - [TEST_STEP][PASSED] - if (i == 2 &amp;&amp; wildList.indexOf(symbol) != -1): null

2019-08-24 13:00:53 - [TEST_STEP][PASSED] - if (i == 3 &amp;&amp; wildList.indexOf(symbol) != -1): null

2019-08-24 13:00:53 - [TEST_STEP][PASSED] - if (i == 4 &amp;&amp; wildList.indexOf(symbol) != -1): null

2019-08-24 13:00:53 - [TEST_STEP][PASSED] - symbols = symbols: null

2019-08-24 13:00:53 - [TEST_STEP][PASSED] - for ([j = 0, j &lt; symbols.size(), (j++)]): null

2019-08-24 13:00:53 - [TEST_STEP][PASSED] - symbol = symbol: null

2019-08-24 13:00:53 - [TEST_STEP][PASSED] - println(symbol): null

2019-08-24 13:00:53 - [TEST_STEP][PASSED] - if (i == 2 &amp;&amp; wildList.indexOf(symbol) != -1): null

2019-08-24 13:00:53 - [TEST_STEP][PASSED] - if (i == 3 &amp;&amp; wildList.indexOf(symbol) != -1): null

2019-08-24 13:00:53 - [TEST_STEP][PASSED] - if (i == 4 &amp;&amp; wildList.indexOf(symbol) != -1): null

2019-08-24 13:00:53 - [TEST_STEP][PASSED] - symbol = symbol: null

2019-08-24 13:00:53 - [TEST_STEP][PASSED] - println(symbol): null

2019-08-24 13:00:53 - [TEST_STEP][PASSED] - if (i == 2 &amp;&amp; wildList.indexOf(symbol) != -1): null

2019-08-24 13:00:53 - [TEST_STEP][PASSED] - if (i == 3 &amp;&amp; wildList.indexOf(symbol) != -1): null

2019-08-24 13:00:53 - [TEST_STEP][PASSED] - if (i == 4 &amp;&amp; wildList.indexOf(symbol) != -1): null

2019-08-24 13:00:53 - [TEST_STEP][PASSED] - symbol = symbol: null

2019-08-24 13:00:53 - [TEST_STEP][PASSED] - println(symbol): null

2019-08-24 13:00:53 - [TEST_STEP][PASSED] - if (i == 2 &amp;&amp; wildList.indexOf(symbol) != -1): null

2019-08-24 13:00:53 - [TEST_STEP][PASSED] - if (i == 3 &amp;&amp; wildList.indexOf(symbol) != -1): null

2019-08-24 13:00:53 - [TEST_STEP][PASSED] - println("wild found on reel 4, adding counter by 1"): null

2019-08-24 13:00:53 - [TEST_STEP][PASSED] - free_spin_reel_counter[1] = free_spin_reel_counter[1] + 1: null

2019-08-24 13:00:53 - [TEST_STEP][PASSED] - if (i == 4 &amp;&amp; wildList.indexOf(symbol) != -1): null

2019-08-24 13:00:53 - [TEST_STEP][PASSED] - symbols = symbols: null

2019-08-24 13:00:53 - [TEST_STEP][PASSED] - for ([j = 0, j &lt; symbols.size(), (j++)]): null

2019-08-24 13:00:53 - [TEST_STEP][PASSED] - symbol = symbol: null

2019-08-24 13:00:53 - [TEST_STEP][PASSED] - println(symbol): null

2019-08-24 13:00:53 - [TEST_STEP][PASSED] - if (i == 2 &amp;&amp; wildList.indexOf(symbol) != -1): null

2019-08-24 13:00:53 - [TEST_STEP][PASSED] - if (i == 3 &amp;&amp; wildList.indexOf(symbol) != -1): null

2019-08-24 13:00:53 - [TEST_STEP][PASSED] - if (i == 4 &amp;&amp; wildList.indexOf(symbol) != -1): null

2019-08-24 13:00:53 - [TEST_STEP][PASSED] - symbol = symbol: null

2019-08-24 13:00:53 - [TEST_STEP][PASSED] - println(symbol): null

2019-08-24 13:00:53 - [TEST_STEP][PASSED] - if (i == 2 &amp;&amp; wildList.indexOf(symbol) != -1): null

2019-08-24 13:00:53 - [TEST_STEP][PASSED] - if (i == 3 &amp;&amp; wildList.indexOf(symbol) != -1): null

2019-08-24 13:00:53 - [TEST_STEP][PASSED] - if (i == 4 &amp;&amp; wildList.indexOf(symbol) != -1): null

2019-08-24 13:00:53 - [TEST_STEP][PASSED] - symbol = symbol: null

2019-08-24 13:00:53 - [TEST_STEP][PASSED] - println(symbol): null

2019-08-24 13:00:53 - [TEST_STEP][PASSED] - if (i == 2 &amp;&amp; wildList.indexOf(symbol) != -1): null

2019-08-24 13:00:53 - [TEST_STEP][PASSED] - if (i == 3 &amp;&amp; wildList.indexOf(symbol) != -1): null

2019-08-24 13:00:53 - [TEST_STEP][PASSED] - if (i == 4 &amp;&amp; wildList.indexOf(symbol) != -1): null

2019-08-24 13:00:53 - [TEST_STEP][PASSED] - free_spin_reel_counter = free_spin_reel_counter: null

2019-08-24 13:00:53 - [TEST_STEP][PASSED] - println("reel 3 wild found: " + free_spin_reel_counter[0]): null

2019-08-24 13:00:53 - [TEST_STEP][PASSED] - println("reel 4 wild found: " + free_spin_reel_counter[1]): null

2019-08-24 13:00:53 - [TEST_STEP][PASSED] - println("reel 5 wild found: " + free_spin_reel_counter[2]): null

2019-08-24 13:00:53 - [TEST_STEP][PASSED] - M4_spin_reels = M4_spin_reels: null

2019-08-24 13:00:53 - [TEST_STEP][PASSED] - M4_spin_reels_symbols = symbol: null

2019-08-24 13:00:53 - [TEST_STEP][PASSED] - M4_spin_reels_symbols = M4_spin_reels_symbols: null

2019-08-24 13:00:53 - [TEST_STEP][PASSED] - M4_spin_reel_wins = reel_wins: null

2019-08-24 13:00:53 - [TEST_STEP][PASSED] - M4_spin_reel_wins = M4_spin_reel_wins: null

2019-08-24 13:00:53 - [TEST_STEP][PASSED] - println("GlobalVariable.M4_spin_reel_wins is: " + M4_spin_reel_wins): null

2019-08-24 13:00:53 - [TEST_STEP][PASSED] - M4_spin_total_bonus_win_this_round = total_bonus_win_this_round: null

2019-08-24 13:00:53 - [TEST_STEP][PASSED] - M4_spin_total_bonus_win_this_round = M4_spin_total_bonus_win_this_round: null

2019-08-24 13:00:53 - [TEST_STEP][PASSED] - println("GlobalVariable.M4_spin_total_bonus_win_this_round is: " + M4_spin_total_bonus_win_this_round): null

2019-08-24 13:00:53 - [TEST_STEP][PASSED] - M4_spin_bonus_spin_result = spin_result: null

2019-08-24 13:00:53 - [TEST_STEP][PASSED] - M4_spin_bonus_spin_result = M4_spin_bonus_spin_result: null

2019-08-24 13:00:53 - [MESSAGE][PASSED] - Verify response successfully

2019-08-24 13:00:53 - [MESSAGE][PASSED] - Send request and verify the response successfully

2019-08-24 13:00:53 - [TEST_STEP][PASSED] - if (M4_total_bonus_spins_int != 0 &amp;&amp; M4_spin_reels_symbols[2].contains("WILD_Expanding")): null

2019-08-24 13:00:53 - [TEST_STEP][PASSED] - free_spin_reel_counter = free_spin_reel_counter: null

2019-08-24 13:00:53 - [TEST_STEP][PASSED] - M4_spin_reels_symbols = M4_spin_reels_symbols: null

2019-08-24 13:00:53 - [TEST_STEP][PASSED] - M4_total_bonus_spins = M4_total_bonus_spins: null

2019-08-24 13:00:53 - [TEST_STEP][PASSED] - spin_result = sendRequestAndVerify(findTestObject("INT/RGS(M4)/1_M4_spin", ["M4_login_user_id":M4_login_user_id, "rgs_session_token":rgs_session_token, "partner":Partner])): Send request and verify the response successfully

2019-08-24 13:00:53 - [MESSAGE][INFO] - HAR: /Users/eiralee/Katalon_Script/SuperWild/Reports/20190824_125957/INT/superWild_5/20190824_125957/requests/main/16.har

2019-08-24 13:00:53 - [TEST_CASE][PASSED] - Start Test Case : Verification: Verification accomplished successfully

2019-08-24 13:00:53 - [TEST_STEP][PASSED] - request = getInstance().getCurrentRequest(): null

2019-08-24 13:00:53 - [TEST_STEP][PASSED] - response = getInstance().getCurrentResponse(): null

2019-08-24 13:00:53 - [TEST_STEP][PASSED] - verifyResponseStatusCode(response, 200): Verify response status code successfully

2019-08-24 13:00:53 - [MESSAGE][PASSED] - Verify response status code successfully

2019-08-24 13:00:53 - [TEST_STEP][PASSED] - getStatusCode()).isEqualTo(200): null

2019-08-24 13:00:53 - [TEST_STEP][PASSED] - newline = System.getProperty("line.separator"): null

2019-08-24 13:00:53 - [TEST_STEP][PASSED] - M4_spin = new groovy.json.JsonSlurper(): null

2019-08-24 13:00:53 - [TEST_STEP][PASSED] - result_M4_spin = M4_spin.parseText(response.getResponseBodyContent()): null

2019-08-24 13:00:53 - [TEST_STEP][PASSED] - M4_spin_current_balance = current_balance: null

2019-08-24 13:00:53 - [TEST_STEP][PASSED] - M4_spin_current_balance = M4_spin_current_balance: null

2019-08-24 13:00:53 - [TEST_STEP][PASSED] - M4_spin_transaction_id = causality: null

2019-08-24 13:00:53 - [TEST_STEP][PASSED] - M4_spin_transaction_id = M4_spin_transaction_id: null

2019-08-24 13:00:53 - [TEST_STEP][PASSED] - M4_spin_round_id = round_id: null

2019-08-24 13:00:53 - [TEST_STEP][PASSED] - M4_spin_round_id = M4_spin_round_id: null

2019-08-24 13:00:53 - [TEST_STEP][PASSED] - M4_spin_line_wins = line_wins: null

2019-08-24 13:00:53 - [TEST_STEP][PASSED] - M4_spin_line_wins = M4_spin_line_wins: null

2019-08-24 13:00:53 - [TEST_STEP][PASSED] - M4_total_bonus_spins_int = total_bonus_spins: null

2019-08-24 13:00:53 - [TEST_STEP][PASSED] - println("******M4_total_bonus_spins type is:*******" + newline + getClass().getName()): null

2019-08-24 13:00:53 - [TEST_STEP][PASSED] - M4_total_bonus_spins_int = M4_total_bonus_spins_int: null

2019-08-24 13:00:53 - [TEST_STEP][PASSED] - M4_total_bonus_spins = Integer.toString(M4_total_bonus_spins_int): null

2019-08-24 13:00:53 - [TEST_STEP][PASSED] - M4_total_bonus_spins = M4_total_bonus_spins: null

2019-08-24 13:00:53 - [TEST_STEP][PASSED] - println("M4_total_bonus_spins is:" + M4_total_bonus_spins): null

2019-08-24 13:00:53 - [TEST_STEP][PASSED] - M4_spin_bonus_data = bonus_data: null

2019-08-24 13:00:53 - [TEST_STEP][PASSED] - M4_spin_features_triggered = result_M4_spin: null

2019-08-24 13:00:53 - [TEST_STEP][PASSED] - wild = []: null

2019-08-24 13:00:53 - [TEST_STEP][PASSED] - wild[0] = "WILD_Expanding": null

2019-08-24 13:00:53 - [TEST_STEP][PASSED] - wild[1] = "WILD_Normal": null

2019-08-24 13:00:53 - [TEST_STEP][PASSED] - wild[2] = "WILD_Double": null

2019-08-24 13:00:53 - [TEST_STEP][PASSED] - wild[3] = "WILD_ExtraFG": null

2019-08-24 13:00:53 - [TEST_STEP][PASSED] - wild[4] = "WILD_Triple": null

2019-08-24 13:00:53 - [TEST_STEP][PASSED] - wildList = Arrays.asList(wild): null

2019-08-24 13:00:53 - [TEST_STEP][PASSED] - wildList = wildList: null

2019-08-24 13:00:53 - [TEST_STEP][PASSED] - free_spin_reel_counter = []: null

2019-08-24 13:00:53 - [TEST_STEP][PASSED] - free_spin_reel_counter[0] = 0: null

2019-08-24 13:00:53 - [TEST_STEP][PASSED] - free_spin_reel_counter[1] = 0: null

2019-08-24 13:00:53 - [TEST_STEP][PASSED] - free_spin_reel_counter[2] = 0: null

2019-08-24 13:00:53 - [TEST_STEP][PASSED] - M4_spin_reels = reels: null

2019-08-24 13:00:53 - [TEST_STEP][PASSED] - for ([i = 0, i &lt; M4_spin_reels.size(), (i++)]): null

2019-08-24 13:00:53 - [TEST_STEP][PASSED] - symbols = symbols: null

2019-08-24 13:00:53 - [TEST_STEP][PASSED] - for ([j = 0, j &lt; symbols.size(), (j++)]): null

2019-08-24 13:00:53 - [TEST_STEP][PASSED] - symbol = symbol: null

2019-08-24 13:00:53 - [TEST_STEP][PASSED] - println(symbol): null

2019-08-24 13:00:53 - [TEST_STEP][PASSED] - if (i == 2 &amp;&amp; wildList.indexOf(symbol) != -1): null

2019-08-24 13:00:53 - [TEST_STEP][PASSED] - if (i == 3 &amp;&amp; wildList.indexOf(symbol) != -1): null

2019-08-24 13:00:53 - [TEST_STEP][PASSED] - if (i == 4 &amp;&amp; wildList.indexOf(symbol) != -1): null

2019-08-24 13:00:53 - [TEST_STEP][PASSED] - symbol = symbol: null

2019-08-24 13:00:53 - [TEST_STEP][PASSED] - println(symbol): null

2019-08-24 13:00:53 - [TEST_STEP][PASSED] - if (i == 2 &amp;&amp; wildList.indexOf(symbol) != -1): null

2019-08-24 13:00:53 - [TEST_STEP][PASSED] - if (i == 3 &amp;&amp; wildList.indexOf(symbol) != -1): null

2019-08-24 13:00:53 - [TEST_STEP][PASSED] - if (i == 4 &amp;&amp; wildList.indexOf(symbol) != -1): null

2019-08-24 13:00:53 - [TEST_STEP][PASSED] - symbol = symbol: null

2019-08-24 13:00:53 - [TEST_STEP][PASSED] - println(symbol): null

2019-08-24 13:00:53 - [TEST_STEP][PASSED] - if (i == 2 &amp;&amp; wildList.indexOf(symbol) != -1): null

2019-08-24 13:00:53 - [TEST_STEP][PASSED] - if (i == 3 &amp;&amp; wildList.indexOf(symbol) != -1): null

2019-08-24 13:00:53 - [TEST_STEP][PASSED] - if (i == 4 &amp;&amp; wildList.indexOf(symbol) != -1): null

2019-08-24 13:00:53 - [TEST_STEP][PASSED] - symbols = symbols: null

2019-08-24 13:00:53 - [TEST_STEP][PASSED] - for ([j = 0, j &lt; symbols.size(), (j++)]): null

2019-08-24 13:00:53 - [TEST_STEP][PASSED] - symbol = symbol: null

2019-08-24 13:00:53 - [TEST_STEP][PASSED] - println(symbol): null

2019-08-24 13:00:53 - [TEST_STEP][PASSED] - if (i == 2 &amp;&amp; wildList.indexOf(symbol) != -1): null

2019-08-24 13:00:53 - [TEST_STEP][PASSED] - if (i == 3 &amp;&amp; wildList.indexOf(symbol) != -1): null

2019-08-24 13:00:53 - [TEST_STEP][PASSED] - if (i == 4 &amp;&amp; wildList.indexOf(symbol) != -1): null

2019-08-24 13:00:53 - [TEST_STEP][PASSED] - symbol = symbol: null

2019-08-24 13:00:53 - [TEST_STEP][PASSED] - println(symbol): null

2019-08-24 13:00:53 - [TEST_STEP][PASSED] - if (i == 2 &amp;&amp; wildList.indexOf(symbol) != -1): null

2019-08-24 13:00:53 - [TEST_STEP][PASSED] - if (i == 3 &amp;&amp; wildList.indexOf(symbol) != -1): null

2019-08-24 13:00:53 - [TEST_STEP][PASSED] - if (i == 4 &amp;&amp; wildList.indexOf(symbol) != -1): null

2019-08-24 13:00:53 - [TEST_STEP][PASSED] - symbol = symbol: null

2019-08-24 13:00:53 - [TEST_STEP][PASSED] - println(symbol): null

2019-08-24 13:00:53 - [TEST_STEP][PASSED] - if (i == 2 &amp;&amp; wildList.indexOf(symbol) != -1): null

2019-08-24 13:00:53 - [TEST_STEP][PASSED] - if (i == 3 &amp;&amp; wildList.indexOf(symbol) != -1): null

2019-08-24 13:00:53 - [TEST_STEP][PASSED] - if (i == 4 &amp;&amp; wildList.indexOf(symbol) != -1): null

2019-08-24 13:00:53 - [TEST_STEP][PASSED] - symbols = symbols: null

2019-08-24 13:00:53 - [TEST_STEP][PASSED] - for ([j = 0, j &lt; symbols.size(), (j++)]): null

2019-08-24 13:00:53 - [TEST_STEP][PASSED] - symbol = symbol: null

2019-08-24 13:00:53 - [TEST_STEP][PASSED] - println(symbol): null

2019-08-24 13:00:53 - [TEST_STEP][PASSED] - if (i == 2 &amp;&amp; wildList.indexOf(symbol) != -1): null

2019-08-24 13:00:53 - [TEST_STEP][PASSED] - if (i == 3 &amp;&amp; wildList.indexOf(symbol) != -1): null

2019-08-24 13:00:53 - [TEST_STEP][PASSED] - if (i == 4 &amp;&amp; wildList.indexOf(symbol) != -1): null

2019-08-24 13:00:53 - [TEST_STEP][PASSED] - symbol = symbol: null

2019-08-24 13:00:53 - [TEST_STEP][PASSED] - println(symbol): null

2019-08-24 13:00:53 - [TEST_STEP][PASSED] - if (i == 2 &amp;&amp; wildList.indexOf(symbol) != -1): null

2019-08-24 13:00:53 - [TEST_STEP][PASSED] - if (i == 3 &amp;&amp; wildList.indexOf(symbol) != -1): null

2019-08-24 13:00:53 - [TEST_STEP][PASSED] - if (i == 4 &amp;&amp; wildList.indexOf(symbol) != -1): null

2019-08-24 13:00:53 - [TEST_STEP][PASSED] - symbol = symbol: null

2019-08-24 13:00:53 - [TEST_STEP][PASSED] - println(symbol): null

2019-08-24 13:00:53 - [TEST_STEP][PASSED] - if (i == 2 &amp;&amp; wildList.indexOf(symbol) != -1): null

2019-08-24 13:00:53 - [TEST_STEP][PASSED] - if (i == 3 &amp;&amp; wildList.indexOf(symbol) != -1): null

2019-08-24 13:00:53 - [TEST_STEP][PASSED] - if (i == 4 &amp;&amp; wildList.indexOf(symbol) != -1): null

2019-08-24 13:00:53 - [TEST_STEP][PASSED] - symbols = symbols: null

2019-08-24 13:00:53 - [TEST_STEP][PASSED] - for ([j = 0, j &lt; symbols.size(), (j++)]): null

2019-08-24 13:00:53 - [TEST_STEP][PASSED] - symbol = symbol: null

2019-08-24 13:00:53 - [TEST_STEP][PASSED] - println(symbol): null

2019-08-24 13:00:53 - [TEST_STEP][PASSED] - if (i == 2 &amp;&amp; wildList.indexOf(symbol) != -1): null

2019-08-24 13:00:53 - [TEST_STEP][PASSED] - if (i == 3 &amp;&amp; wildList.indexOf(symbol) != -1): null

2019-08-24 13:00:53 - [TEST_STEP][PASSED] - if (i == 4 &amp;&amp; wildList.indexOf(symbol) != -1): null

2019-08-24 13:00:53 - [TEST_STEP][PASSED] - symbol = symbol: null

2019-08-24 13:00:53 - [TEST_STEP][PASSED] - println(symbol): null

2019-08-24 13:00:53 - [TEST_STEP][PASSED] - if (i == 2 &amp;&amp; wildList.indexOf(symbol) != -1): null

2019-08-24 13:00:53 - [TEST_STEP][PASSED] - if (i == 3 &amp;&amp; wildList.indexOf(symbol) != -1): null

2019-08-24 13:00:53 - [TEST_STEP][PASSED] - if (i == 4 &amp;&amp; wildList.indexOf(symbol) != -1): null

2019-08-24 13:00:53 - [TEST_STEP][PASSED] - symbol = symbol: null

2019-08-24 13:00:53 - [TEST_STEP][PASSED] - println(symbol): null

2019-08-24 13:00:53 - [TEST_STEP][PASSED] - if (i == 2 &amp;&amp; wildList.indexOf(symbol) != -1): null

2019-08-24 13:00:53 - [TEST_STEP][PASSED] - if (i == 3 &amp;&amp; wildList.indexOf(symbol) != -1): null

2019-08-24 13:00:53 - [TEST_STEP][PASSED] - if (i == 4 &amp;&amp; wildList.indexOf(symbol) != -1): null

2019-08-24 13:00:53 - [TEST_STEP][PASSED] - symbols = symbols: null

2019-08-24 13:00:53 - [TEST_STEP][PASSED] - for ([j = 0, j &lt; symbols.size(), (j++)]): null

2019-08-24 13:00:53 - [TEST_STEP][PASSED] - symbol = symbol: null

2019-08-24 13:00:53 - [TEST_STEP][PASSED] - println(symbol): null

2019-08-24 13:00:53 - [TEST_STEP][PASSED] - if (i == 2 &amp;&amp; wildList.indexOf(symbol) != -1): null

2019-08-24 13:00:53 - [TEST_STEP][PASSED] - if (i == 3 &amp;&amp; wildList.indexOf(symbol) != -1): null

2019-08-24 13:00:53 - [TEST_STEP][PASSED] - if (i == 4 &amp;&amp; wildList.indexOf(symbol) != -1): null

2019-08-24 13:00:53 - [TEST_STEP][PASSED] - symbol = symbol: null

2019-08-24 13:00:53 - [TEST_STEP][PASSED] - println(symbol): null

2019-08-24 13:00:53 - [TEST_STEP][PASSED] - if (i == 2 &amp;&amp; wildList.indexOf(symbol) != -1): null

2019-08-24 13:00:53 - [TEST_STEP][PASSED] - if (i == 3 &amp;&amp; wildList.indexOf(symbol) != -1): null

2019-08-24 13:00:53 - [TEST_STEP][PASSED] - if (i == 4 &amp;&amp; wildList.indexOf(symbol) != -1): null

2019-08-24 13:00:53 - [TEST_STEP][PASSED] - symbol = symbol: null

2019-08-24 13:00:53 - [TEST_STEP][PASSED] - println(symbol): null

2019-08-24 13:00:53 - [TEST_STEP][PASSED] - if (i == 2 &amp;&amp; wildList.indexOf(symbol) != -1): null

2019-08-24 13:00:53 - [TEST_STEP][PASSED] - if (i == 3 &amp;&amp; wildList.indexOf(symbol) != -1): null

2019-08-24 13:00:53 - [TEST_STEP][PASSED] - if (i == 4 &amp;&amp; wildList.indexOf(symbol) != -1): null

2019-08-24 13:00:53 - [TEST_STEP][PASSED] - println("wild found on reel 5, adding counter by 1"): null

2019-08-24 13:00:53 - [TEST_STEP][PASSED] - free_spin_reel_counter[2] = free_spin_reel_counter[2] + 1: null

2019-08-24 13:00:53 - [TEST_STEP][PASSED] - free_spin_reel_counter = free_spin_reel_counter: null

2019-08-24 13:00:53 - [TEST_STEP][PASSED] - println("reel 3 wild found: " + free_spin_reel_counter[0]): null

2019-08-24 13:00:53 - [TEST_STEP][PASSED] - println("reel 4 wild found: " + free_spin_reel_counter[1]): null

2019-08-24 13:00:53 - [TEST_STEP][PASSED] - println("reel 5 wild found: " + free_spin_reel_counter[2]): null

2019-08-24 13:00:53 - [TEST_STEP][PASSED] - M4_spin_reels = M4_spin_reels: null

2019-08-24 13:00:53 - [TEST_STEP][PASSED] - M4_spin_reels_symbols = symbol: null

2019-08-24 13:00:53 - [TEST_STEP][PASSED] - M4_spin_reels_symbols = M4_spin_reels_symbols: null

2019-08-24 13:00:53 - [TEST_STEP][PASSED] - M4_spin_reel_wins = reel_wins: null

2019-08-24 13:00:53 - [TEST_STEP][PASSED] - M4_spin_reel_wins = M4_spin_reel_wins: null

2019-08-24 13:00:53 - [TEST_STEP][PASSED] - println("GlobalVariable.M4_spin_reel_wins is: " + M4_spin_reel_wins): null

2019-08-24 13:00:53 - [TEST_STEP][PASSED] - M4_spin_total_bonus_win_this_round = total_bonus_win_this_round: null

2019-08-24 13:00:53 - [TEST_STEP][PASSED] - M4_spin_total_bonus_win_this_round = M4_spin_total_bonus_win_this_round: null

2019-08-24 13:00:53 - [TEST_STEP][PASSED] - println("GlobalVariable.M4_spin_total_bonus_win_this_round is: " + M4_spin_total_bonus_win_this_round): null

2019-08-24 13:00:53 - [TEST_STEP][PASSED] - M4_spin_bonus_spin_result = spin_result: null

2019-08-24 13:00:53 - [TEST_STEP][PASSED] - M4_spin_bonus_spin_result = M4_spin_bonus_spin_result: null

2019-08-24 13:00:53 - [MESSAGE][PASSED] - Verify response successfully

2019-08-24 13:00:53 - [MESSAGE][PASSED] - Send request and verify the response successfully

2019-08-24 13:00:53 - [TEST_STEP][PASSED] - if (M4_total_bonus_spins_int != 0 &amp;&amp; M4_spin_reels_symbols[2].contains("WILD_Expanding")): null

2019-08-24 13:00:53 - [TEST_STEP][PASSED] - free_spin_reel_counter = free_spin_reel_counter: null

2019-08-24 13:00:53 - [TEST_STEP][PASSED] - M4_spin_reels_symbols = M4_spin_reels_symbols: null

2019-08-24 13:00:53 - [TEST_STEP][PASSED] - M4_total_bonus_spins = M4_total_bonus_spins: null

2019-08-24 13:00:53 - [TEST_STEP][PASSED] - spin_result = sendRequestAndVerify(findTestObject("INT/RGS(M4)/1_M4_spin", ["M4_login_user_id":M4_login_user_id, "rgs_session_token":rgs_session_token, "partner":Partner])): Send request and verify the response successfully

2019-08-24 13:00:53 - [MESSAGE][INFO] - HAR: /Users/eiralee/Katalon_Script/SuperWild/Reports/20190824_125957/INT/superWild_5/20190824_125957/requests/main/17.har

2019-08-24 13:00:54 - [TEST_CASE][PASSED] - Start Test Case : Verification: Verification accomplished successfully

2019-08-24 13:00:54 - [TEST_STEP][PASSED] - request = getInstance().getCurrentRequest(): null

2019-08-24 13:00:54 - [TEST_STEP][PASSED] - response = getInstance().getCurrentResponse(): null

2019-08-24 13:00:54 - [TEST_STEP][PASSED] - verifyResponseStatusCode(response, 200): Verify response status code successfully

2019-08-24 13:00:54 - [MESSAGE][PASSED] - Verify response status code successfully

2019-08-24 13:00:54 - [TEST_STEP][PASSED] - getStatusCode()).isEqualTo(200): null

2019-08-24 13:00:54 - [TEST_STEP][PASSED] - newline = System.getProperty("line.separator"): null

2019-08-24 13:00:54 - [TEST_STEP][PASSED] - M4_spin = new groovy.json.JsonSlurper(): null

2019-08-24 13:00:54 - [TEST_STEP][PASSED] - result_M4_spin = M4_spin.parseText(response.getResponseBodyContent()): null

2019-08-24 13:00:54 - [TEST_STEP][PASSED] - M4_spin_current_balance = current_balance: null

2019-08-24 13:00:54 - [TEST_STEP][PASSED] - M4_spin_current_balance = M4_spin_current_balance: null

2019-08-24 13:00:54 - [TEST_STEP][PASSED] - M4_spin_transaction_id = causality: null

2019-08-24 13:00:54 - [TEST_STEP][PASSED] - M4_spin_transaction_id = M4_spin_transaction_id: null

2019-08-24 13:00:54 - [TEST_STEP][PASSED] - M4_spin_round_id = round_id: null

2019-08-24 13:00:54 - [TEST_STEP][PASSED] - M4_spin_round_id = M4_spin_round_id: null

2019-08-24 13:00:54 - [TEST_STEP][PASSED] - M4_spin_line_wins = line_wins: null

2019-08-24 13:00:54 - [TEST_STEP][PASSED] - M4_spin_line_wins = M4_spin_line_wins: null

2019-08-24 13:00:54 - [TEST_STEP][PASSED] - M4_total_bonus_spins_int = total_bonus_spins: null

2019-08-24 13:00:54 - [TEST_STEP][PASSED] - println("******M4_total_bonus_spins type is:*******" + newline + getClass().getName()): null

2019-08-24 13:00:54 - [TEST_STEP][PASSED] - M4_total_bonus_spins_int = M4_total_bonus_spins_int: null

2019-08-24 13:00:54 - [TEST_STEP][PASSED] - M4_total_bonus_spins = Integer.toString(M4_total_bonus_spins_int): null

2019-08-24 13:00:54 - [TEST_STEP][PASSED] - M4_total_bonus_spins = M4_total_bonus_spins: null

2019-08-24 13:00:54 - [TEST_STEP][PASSED] - println("M4_total_bonus_spins is:" + M4_total_bonus_spins): null

2019-08-24 13:00:54 - [TEST_STEP][PASSED] - M4_spin_bonus_data = bonus_data: null

2019-08-24 13:00:54 - [TEST_STEP][PASSED] - M4_spin_features_triggered = result_M4_spin: null

2019-08-24 13:00:54 - [TEST_STEP][PASSED] - wild = []: null

2019-08-24 13:00:54 - [TEST_STEP][PASSED] - wild[0] = "WILD_Expanding": null

2019-08-24 13:00:54 - [TEST_STEP][PASSED] - wild[1] = "WILD_Normal": null

2019-08-24 13:00:54 - [TEST_STEP][PASSED] - wild[2] = "WILD_Double": null

2019-08-24 13:00:54 - [TEST_STEP][PASSED] - wild[3] = "WILD_ExtraFG": null

2019-08-24 13:00:54 - [TEST_STEP][PASSED] - wild[4] = "WILD_Triple": null

2019-08-24 13:00:54 - [TEST_STEP][PASSED] - wildList = Arrays.asList(wild): null

2019-08-24 13:00:54 - [TEST_STEP][PASSED] - wildList = wildList: null

2019-08-24 13:00:54 - [TEST_STEP][PASSED] - free_spin_reel_counter = []: null

2019-08-24 13:00:54 - [TEST_STEP][PASSED] - free_spin_reel_counter[0] = 0: null

2019-08-24 13:00:54 - [TEST_STEP][PASSED] - free_spin_reel_counter[1] = 0: null

2019-08-24 13:00:54 - [TEST_STEP][PASSED] - free_spin_reel_counter[2] = 0: null

2019-08-24 13:00:54 - [TEST_STEP][PASSED] - M4_spin_reels = reels: null

2019-08-24 13:00:54 - [TEST_STEP][PASSED] - for ([i = 0, i &lt; M4_spin_reels.size(), (i++)]): null

2019-08-24 13:00:54 - [TEST_STEP][PASSED] - symbols = symbols: null

2019-08-24 13:00:54 - [TEST_STEP][PASSED] - for ([j = 0, j &lt; symbols.size(), (j++)]): null

2019-08-24 13:00:54 - [TEST_STEP][PASSED] - symbol = symbol: null

2019-08-24 13:00:54 - [TEST_STEP][PASSED] - println(symbol): null

2019-08-24 13:00:54 - [TEST_STEP][PASSED] - if (i == 2 &amp;&amp; wildList.indexOf(symbol) != -1): null

2019-08-24 13:00:54 - [TEST_STEP][PASSED] - if (i == 3 &amp;&amp; wildList.indexOf(symbol) != -1): null

2019-08-24 13:00:54 - [TEST_STEP][PASSED] - if (i == 4 &amp;&amp; wildList.indexOf(symbol) != -1): null

2019-08-24 13:00:54 - [TEST_STEP][PASSED] - symbol = symbol: null

2019-08-24 13:00:54 - [TEST_STEP][PASSED] - println(symbol): null

2019-08-24 13:00:54 - [TEST_STEP][PASSED] - if (i == 2 &amp;&amp; wildList.indexOf(symbol) != -1): null

2019-08-24 13:00:54 - [TEST_STEP][PASSED] - if (i == 3 &amp;&amp; wildList.indexOf(symbol) != -1): null

2019-08-24 13:00:54 - [TEST_STEP][PASSED] - if (i == 4 &amp;&amp; wildList.indexOf(symbol) != -1): null

2019-08-24 13:00:54 - [TEST_STEP][PASSED] - symbol = symbol: null

2019-08-24 13:00:54 - [TEST_STEP][PASSED] - println(symbol): null

2019-08-24 13:00:54 - [TEST_STEP][PASSED] - if (i == 2 &amp;&amp; wildList.indexOf(symbol) != -1): null

2019-08-24 13:00:54 - [TEST_STEP][PASSED] - if (i == 3 &amp;&amp; wildList.indexOf(symbol) != -1): null

2019-08-24 13:00:54 - [TEST_STEP][PASSED] - if (i == 4 &amp;&amp; wildList.indexOf(symbol) != -1): null

2019-08-24 13:00:54 - [TEST_STEP][PASSED] - symbols = symbols: null

2019-08-24 13:00:54 - [TEST_STEP][PASSED] - for ([j = 0, j &lt; symbols.size(), (j++)]): null

2019-08-24 13:00:54 - [TEST_STEP][PASSED] - symbol = symbol: null

2019-08-24 13:00:54 - [TEST_STEP][PASSED] - println(symbol): null

2019-08-24 13:00:54 - [TEST_STEP][PASSED] - if (i == 2 &amp;&amp; wildList.indexOf(symbol) != -1): null

2019-08-24 13:00:54 - [TEST_STEP][PASSED] - if (i == 3 &amp;&amp; wildList.indexOf(symbol) != -1): null

2019-08-24 13:00:54 - [TEST_STEP][PASSED] - if (i == 4 &amp;&amp; wildList.indexOf(symbol) != -1): null

2019-08-24 13:00:54 - [TEST_STEP][PASSED] - symbol = symbol: null

2019-08-24 13:00:54 - [TEST_STEP][PASSED] - println(symbol): null

2019-08-24 13:00:54 - [TEST_STEP][PASSED] - if (i == 2 &amp;&amp; wildList.indexOf(symbol) != -1): null

2019-08-24 13:00:54 - [TEST_STEP][PASSED] - if (i == 3 &amp;&amp; wildList.indexOf(symbol) != -1): null

2019-08-24 13:00:54 - [TEST_STEP][PASSED] - if (i == 4 &amp;&amp; wildList.indexOf(symbol) != -1): null

2019-08-24 13:00:54 - [TEST_STEP][PASSED] - symbol = symbol: null

2019-08-24 13:00:54 - [TEST_STEP][PASSED] - println(symbol): null

2019-08-24 13:00:54 - [TEST_STEP][PASSED] - if (i == 2 &amp;&amp; wildList.indexOf(symbol) != -1): null

2019-08-24 13:00:54 - [TEST_STEP][PASSED] - if (i == 3 &amp;&amp; wildList.indexOf(symbol) != -1): null

2019-08-24 13:00:54 - [TEST_STEP][PASSED] - if (i == 4 &amp;&amp; wildList.indexOf(symbol) != -1): null

2019-08-24 13:00:54 - [TEST_STEP][PASSED] - symbols = symbols: null

2019-08-24 13:00:54 - [TEST_STEP][PASSED] - for ([j = 0, j &lt; symbols.size(), (j++)]): null

2019-08-24 13:00:54 - [TEST_STEP][PASSED] - symbol = symbol: null

2019-08-24 13:00:54 - [TEST_STEP][PASSED] - println(symbol): null

2019-08-24 13:00:54 - [TEST_STEP][PASSED] - if (i == 2 &amp;&amp; wildList.indexOf(symbol) != -1): null

2019-08-24 13:00:54 - [TEST_STEP][PASSED] - if (i == 3 &amp;&amp; wildList.indexOf(symbol) != -1): null

2019-08-24 13:00:54 - [TEST_STEP][PASSED] - if (i == 4 &amp;&amp; wildList.indexOf(symbol) != -1): null

2019-08-24 13:00:54 - [TEST_STEP][PASSED] - symbol = symbol: null

2019-08-24 13:00:54 - [TEST_STEP][PASSED] - println(symbol): null

2019-08-24 13:00:54 - [TEST_STEP][PASSED] - if (i == 2 &amp;&amp; wildList.indexOf(symbol) != -1): null

2019-08-24 13:00:54 - [TEST_STEP][PASSED] - if (i == 3 &amp;&amp; wildList.indexOf(symbol) != -1): null

2019-08-24 13:00:54 - [TEST_STEP][PASSED] - if (i == 4 &amp;&amp; wildList.indexOf(symbol) != -1): null

2019-08-24 13:00:54 - [TEST_STEP][PASSED] - symbol = symbol: null

2019-08-24 13:00:54 - [TEST_STEP][PASSED] - println(symbol): null

2019-08-24 13:00:54 - [TEST_STEP][PASSED] - if (i == 2 &amp;&amp; wildList.indexOf(symbol) != -1): null

2019-08-24 13:00:54 - [TEST_STEP][PASSED] - if (i == 3 &amp;&amp; wildList.indexOf(symbol) != -1): null

2019-08-24 13:00:54 - [TEST_STEP][PASSED] - if (i == 4 &amp;&amp; wildList.indexOf(symbol) != -1): null

2019-08-24 13:00:54 - [TEST_STEP][PASSED] - symbols = symbols: null

2019-08-24 13:00:54 - [TEST_STEP][PASSED] - for ([j = 0, j &lt; symbols.size(), (j++)]): null

2019-08-24 13:00:54 - [TEST_STEP][PASSED] - symbol = symbol: null

2019-08-24 13:00:54 - [TEST_STEP][PASSED] - println(symbol): null

2019-08-24 13:00:54 - [TEST_STEP][PASSED] - if (i == 2 &amp;&amp; wildList.indexOf(symbol) != -1): null

2019-08-24 13:00:54 - [TEST_STEP][PASSED] - if (i == 3 &amp;&amp; wildList.indexOf(symbol) != -1): null

2019-08-24 13:00:54 - [TEST_STEP][PASSED] - if (i == 4 &amp;&amp; wildList.indexOf(symbol) != -1): null

2019-08-24 13:00:54 - [TEST_STEP][PASSED] - symbol = symbol: null

2019-08-24 13:00:54 - [TEST_STEP][PASSED] - println(symbol): null

2019-08-24 13:00:54 - [TEST_STEP][PASSED] - if (i == 2 &amp;&amp; wildList.indexOf(symbol) != -1): null

2019-08-24 13:00:54 - [TEST_STEP][PASSED] - if (i == 3 &amp;&amp; wildList.indexOf(symbol) != -1): null

2019-08-24 13:00:54 - [TEST_STEP][PASSED] - if (i == 4 &amp;&amp; wildList.indexOf(symbol) != -1): null

2019-08-24 13:00:54 - [TEST_STEP][PASSED] - symbol = symbol: null

2019-08-24 13:00:54 - [TEST_STEP][PASSED] - println(symbol): null

2019-08-24 13:00:54 - [TEST_STEP][PASSED] - if (i == 2 &amp;&amp; wildList.indexOf(symbol) != -1): null

2019-08-24 13:00:54 - [TEST_STEP][PASSED] - if (i == 3 &amp;&amp; wildList.indexOf(symbol) != -1): null

2019-08-24 13:00:54 - [TEST_STEP][PASSED] - if (i == 4 &amp;&amp; wildList.indexOf(symbol) != -1): null

2019-08-24 13:00:54 - [TEST_STEP][PASSED] - symbols = symbols: null

2019-08-24 13:00:54 - [TEST_STEP][PASSED] - for ([j = 0, j &lt; symbols.size(), (j++)]): null

2019-08-24 13:00:54 - [TEST_STEP][PASSED] - symbol = symbol: null

2019-08-24 13:00:54 - [TEST_STEP][PASSED] - println(symbol): null

2019-08-24 13:00:54 - [TEST_STEP][PASSED] - if (i == 2 &amp;&amp; wildList.indexOf(symbol) != -1): null

2019-08-24 13:00:54 - [TEST_STEP][PASSED] - if (i == 3 &amp;&amp; wildList.indexOf(symbol) != -1): null

2019-08-24 13:00:54 - [TEST_STEP][PASSED] - if (i == 4 &amp;&amp; wildList.indexOf(symbol) != -1): null

2019-08-24 13:00:54 - [TEST_STEP][PASSED] - println("wild found on reel 5, adding counter by 1"): null

2019-08-24 13:00:54 - [TEST_STEP][PASSED] - free_spin_reel_counter[2] = free_spin_reel_counter[2] + 1: null

2019-08-24 13:00:54 - [TEST_STEP][PASSED] - symbol = symbol: null

2019-08-24 13:00:54 - [TEST_STEP][PASSED] - println(symbol): null

2019-08-24 13:00:54 - [TEST_STEP][PASSED] - if (i == 2 &amp;&amp; wildList.indexOf(symbol) != -1): null

2019-08-24 13:00:54 - [TEST_STEP][PASSED] - if (i == 3 &amp;&amp; wildList.indexOf(symbol) != -1): null

2019-08-24 13:00:54 - [TEST_STEP][PASSED] - if (i == 4 &amp;&amp; wildList.indexOf(symbol) != -1): null

2019-08-24 13:00:54 - [TEST_STEP][PASSED] - symbol = symbol: null

2019-08-24 13:00:54 - [TEST_STEP][PASSED] - println(symbol): null

2019-08-24 13:00:54 - [TEST_STEP][PASSED] - if (i == 2 &amp;&amp; wildList.indexOf(symbol) != -1): null

2019-08-24 13:00:54 - [TEST_STEP][PASSED] - if (i == 3 &amp;&amp; wildList.indexOf(symbol) != -1): null

2019-08-24 13:00:54 - [TEST_STEP][PASSED] - if (i == 4 &amp;&amp; wildList.indexOf(symbol) != -1): null

2019-08-24 13:00:54 - [TEST_STEP][PASSED] - free_spin_reel_counter = free_spin_reel_counter: null

2019-08-24 13:00:54 - [TEST_STEP][PASSED] - println("reel 3 wild found: " + free_spin_reel_counter[0]): null

2019-08-24 13:00:54 - [TEST_STEP][PASSED] - println("reel 4 wild found: " + free_spin_reel_counter[1]): null

2019-08-24 13:00:54 - [TEST_STEP][PASSED] - println("reel 5 wild found: " + free_spin_reel_counter[2]): null

2019-08-24 13:00:54 - [TEST_STEP][PASSED] - M4_spin_reels = M4_spin_reels: null

2019-08-24 13:00:54 - [TEST_STEP][PASSED] - M4_spin_reels_symbols = symbol: null

2019-08-24 13:00:54 - [TEST_STEP][PASSED] - M4_spin_reels_symbols = M4_spin_reels_symbols: null

2019-08-24 13:00:54 - [TEST_STEP][PASSED] - M4_spin_reel_wins = reel_wins: null

2019-08-24 13:00:54 - [TEST_STEP][PASSED] - M4_spin_reel_wins = M4_spin_reel_wins: null

2019-08-24 13:00:54 - [TEST_STEP][PASSED] - println("GlobalVariable.M4_spin_reel_wins is: " + M4_spin_reel_wins): null

2019-08-24 13:00:54 - [TEST_STEP][PASSED] - M4_spin_total_bonus_win_this_round = total_bonus_win_this_round: null

2019-08-24 13:00:54 - [TEST_STEP][PASSED] - M4_spin_total_bonus_win_this_round = M4_spin_total_bonus_win_this_round: null

2019-08-24 13:00:54 - [TEST_STEP][PASSED] - println("GlobalVariable.M4_spin_total_bonus_win_this_round is: " + M4_spin_total_bonus_win_this_round): null

2019-08-24 13:00:54 - [TEST_STEP][PASSED] - M4_spin_bonus_spin_result = spin_result: null

2019-08-24 13:00:54 - [TEST_STEP][PASSED] - M4_spin_bonus_spin_result = M4_spin_bonus_spin_result: null

2019-08-24 13:00:54 - [MESSAGE][PASSED] - Verify response successfully

2019-08-24 13:00:54 - [MESSAGE][PASSED] - Send request and verify the response successfully

2019-08-24 13:00:54 - [TEST_STEP][PASSED] - if (M4_total_bonus_spins_int != 0 &amp;&amp; M4_spin_reels_symbols[2].contains("WILD_Expanding")): null

2019-08-24 13:00:54 - [TEST_STEP][PASSED] - free_spin_reel_counter = free_spin_reel_counter: null

2019-08-24 13:00:54 - [TEST_STEP][PASSED] - M4_spin_reels_symbols = M4_spin_reels_symbols: null

2019-08-24 13:00:54 - [TEST_STEP][PASSED] - M4_total_bonus_spins = M4_total_bonus_spins: null

2019-08-24 13:00:54 - [TEST_STEP][PASSED] - spin_result = sendRequestAndVerify(findTestObject("INT/RGS(M4)/1_M4_spin", ["M4_login_user_id":M4_login_user_id, "rgs_session_token":rgs_session_token, "partner":Partner])): Send request and verify the response successfully

2019-08-24 13:00:54 - [MESSAGE][INFO] - HAR: /Users/eiralee/Katalon_Script/SuperWild/Reports/20190824_125957/INT/superWild_5/20190824_125957/requests/main/18.har

2019-08-24 13:00:54 - [TEST_CASE][PASSED] - Start Test Case : Verification: Verification accomplished successfully

2019-08-24 13:00:54 - [TEST_STEP][PASSED] - request = getInstance().getCurrentRequest(): null

2019-08-24 13:00:54 - [TEST_STEP][PASSED] - response = getInstance().getCurrentResponse(): null

2019-08-24 13:00:54 - [TEST_STEP][PASSED] - verifyResponseStatusCode(response, 200): Verify response status code successfully

2019-08-24 13:00:54 - [MESSAGE][PASSED] - Verify response status code successfully

2019-08-24 13:00:54 - [TEST_STEP][PASSED] - getStatusCode()).isEqualTo(200): null

2019-08-24 13:00:54 - [TEST_STEP][PASSED] - newline = System.getProperty("line.separator"): null

2019-08-24 13:00:54 - [TEST_STEP][PASSED] - M4_spin = new groovy.json.JsonSlurper(): null

2019-08-24 13:00:54 - [TEST_STEP][PASSED] - result_M4_spin = M4_spin.parseText(response.getResponseBodyContent()): null

2019-08-24 13:00:54 - [TEST_STEP][PASSED] - M4_spin_current_balance = current_balance: null

2019-08-24 13:00:54 - [TEST_STEP][PASSED] - M4_spin_current_balance = M4_spin_current_balance: null

2019-08-24 13:00:54 - [TEST_STEP][PASSED] - M4_spin_transaction_id = causality: null

2019-08-24 13:00:54 - [TEST_STEP][PASSED] - M4_spin_transaction_id = M4_spin_transaction_id: null

2019-08-24 13:00:54 - [TEST_STEP][PASSED] - M4_spin_round_id = round_id: null

2019-08-24 13:00:54 - [TEST_STEP][PASSED] - M4_spin_round_id = M4_spin_round_id: null

2019-08-24 13:00:54 - [TEST_STEP][PASSED] - M4_spin_line_wins = line_wins: null

2019-08-24 13:00:54 - [TEST_STEP][PASSED] - M4_spin_line_wins = M4_spin_line_wins: null

2019-08-24 13:00:54 - [TEST_STEP][PASSED] - M4_total_bonus_spins_int = total_bonus_spins: null

2019-08-24 13:00:54 - [TEST_STEP][PASSED] - println("******M4_total_bonus_spins type is:*******" + newline + getClass().getName()): null

2019-08-24 13:00:54 - [TEST_STEP][PASSED] - M4_total_bonus_spins_int = M4_total_bonus_spins_int: null

2019-08-24 13:00:54 - [TEST_STEP][PASSED] - M4_total_bonus_spins = Integer.toString(M4_total_bonus_spins_int): null

2019-08-24 13:00:54 - [TEST_STEP][PASSED] - M4_total_bonus_spins = M4_total_bonus_spins: null

2019-08-24 13:00:54 - [TEST_STEP][PASSED] - println("M4_total_bonus_spins is:" + M4_total_bonus_spins): null

2019-08-24 13:00:54 - [TEST_STEP][PASSED] - M4_spin_bonus_data = bonus_data: null

2019-08-24 13:00:54 - [TEST_STEP][PASSED] - M4_spin_features_triggered = result_M4_spin: null

2019-08-24 13:00:54 - [TEST_STEP][PASSED] - wild = []: null

2019-08-24 13:00:54 - [TEST_STEP][PASSED] - wild[0] = "WILD_Expanding": null

2019-08-24 13:00:54 - [TEST_STEP][PASSED] - wild[1] = "WILD_Normal": null

2019-08-24 13:00:54 - [TEST_STEP][PASSED] - wild[2] = "WILD_Double": null

2019-08-24 13:00:54 - [TEST_STEP][PASSED] - wild[3] = "WILD_ExtraFG": null

2019-08-24 13:00:54 - [TEST_STEP][PASSED] - wild[4] = "WILD_Triple": null

2019-08-24 13:00:54 - [TEST_STEP][PASSED] - wildList = Arrays.asList(wild): null

2019-08-24 13:00:54 - [TEST_STEP][PASSED] - wildList = wildList: null

2019-08-24 13:00:54 - [TEST_STEP][PASSED] - free_spin_reel_counter = []: null

2019-08-24 13:00:54 - [TEST_STEP][PASSED] - free_spin_reel_counter[0] = 0: null

2019-08-24 13:00:54 - [TEST_STEP][PASSED] - free_spin_reel_counter[1] = 0: null

2019-08-24 13:00:54 - [TEST_STEP][PASSED] - free_spin_reel_counter[2] = 0: null

2019-08-24 13:00:54 - [TEST_STEP][PASSED] - M4_spin_reels = reels: null

2019-08-24 13:00:54 - [TEST_STEP][PASSED] - for ([i = 0, i &lt; M4_spin_reels.size(), (i++)]): null

2019-08-24 13:00:54 - [TEST_STEP][PASSED] - symbols = symbols: null

2019-08-24 13:00:54 - [TEST_STEP][PASSED] - for ([j = 0, j &lt; symbols.size(), (j++)]): null

2019-08-24 13:00:54 - [TEST_STEP][PASSED] - symbol = symbol: null

2019-08-24 13:00:54 - [TEST_STEP][PASSED] - println(symbol): null

2019-08-24 13:00:54 - [TEST_STEP][PASSED] - if (i == 2 &amp;&amp; wildList.indexOf(symbol) != -1): null

2019-08-24 13:00:54 - [TEST_STEP][PASSED] - if (i == 3 &amp;&amp; wildList.indexOf(symbol) != -1): null

2019-08-24 13:00:54 - [TEST_STEP][PASSED] - if (i == 4 &amp;&amp; wildList.indexOf(symbol) != -1): null

2019-08-24 13:00:54 - [TEST_STEP][PASSED] - symbol = symbol: null

2019-08-24 13:00:54 - [TEST_STEP][PASSED] - println(symbol): null

2019-08-24 13:00:54 - [TEST_STEP][PASSED] - if (i == 2 &amp;&amp; wildList.indexOf(symbol) != -1): null

2019-08-24 13:00:54 - [TEST_STEP][PASSED] - if (i == 3 &amp;&amp; wildList.indexOf(symbol) != -1): null

2019-08-24 13:00:54 - [TEST_STEP][PASSED] - if (i == 4 &amp;&amp; wildList.indexOf(symbol) != -1): null

2019-08-24 13:00:54 - [TEST_STEP][PASSED] - symbol = symbol: null

2019-08-24 13:00:54 - [TEST_STEP][PASSED] - println(symbol): null

2019-08-24 13:00:54 - [TEST_STEP][PASSED] - if (i == 2 &amp;&amp; wildList.indexOf(symbol) != -1): null

2019-08-24 13:00:54 - [TEST_STEP][PASSED] - if (i == 3 &amp;&amp; wildList.indexOf(symbol) != -1): null

2019-08-24 13:00:54 - [TEST_STEP][PASSED] - if (i == 4 &amp;&amp; wildList.indexOf(symbol) != -1): null

2019-08-24 13:00:54 - [TEST_STEP][PASSED] - symbols = symbols: null

2019-08-24 13:00:54 - [TEST_STEP][PASSED] - for ([j = 0, j &lt; symbols.size(), (j++)]): null

2019-08-24 13:00:54 - [TEST_STEP][PASSED] - symbol = symbol: null

2019-08-24 13:00:54 - [TEST_STEP][PASSED] - println(symbol): null

2019-08-24 13:00:54 - [TEST_STEP][PASSED] - if (i == 2 &amp;&amp; wildList.indexOf(symbol) != -1): null

2019-08-24 13:00:54 - [TEST_STEP][PASSED] - if (i == 3 &amp;&amp; wildList.indexOf(symbol) != -1): null

2019-08-24 13:00:54 - [TEST_STEP][PASSED] - if (i == 4 &amp;&amp; wildList.indexOf(symbol) != -1): null

2019-08-24 13:00:54 - [TEST_STEP][PASSED] - symbol = symbol: null

2019-08-24 13:00:54 - [TEST_STEP][PASSED] - println(symbol): null

2019-08-24 13:00:54 - [TEST_STEP][PASSED] - if (i == 2 &amp;&amp; wildList.indexOf(symbol) != -1): null

2019-08-24 13:00:54 - [TEST_STEP][PASSED] - if (i == 3 &amp;&amp; wildList.indexOf(symbol) != -1): null

2019-08-24 13:00:54 - [TEST_STEP][PASSED] - if (i == 4 &amp;&amp; wildList.indexOf(symbol) != -1): null

2019-08-24 13:00:54 - [TEST_STEP][PASSED] - symbol = symbol: null

2019-08-24 13:00:54 - [TEST_STEP][PASSED] - println(symbol): null

2019-08-24 13:00:54 - [TEST_STEP][PASSED] - if (i == 2 &amp;&amp; wildList.indexOf(symbol) != -1): null

2019-08-24 13:00:54 - [TEST_STEP][PASSED] - if (i == 3 &amp;&amp; wildList.indexOf(symbol) != -1): null

2019-08-24 13:00:54 - [TEST_STEP][PASSED] - if (i == 4 &amp;&amp; wildList.indexOf(symbol) != -1): null

2019-08-24 13:00:54 - [TEST_STEP][PASSED] - symbols = symbols: null

2019-08-24 13:00:54 - [TEST_STEP][PASSED] - for ([j = 0, j &lt; symbols.size(), (j++)]): null

2019-08-24 13:00:54 - [TEST_STEP][PASSED] - symbol = symbol: null

2019-08-24 13:00:54 - [TEST_STEP][PASSED] - println(symbol): null

2019-08-24 13:00:54 - [TEST_STEP][PASSED] - if (i == 2 &amp;&amp; wildList.indexOf(symbol) != -1): null

2019-08-24 13:00:54 - [TEST_STEP][PASSED] - if (i == 3 &amp;&amp; wildList.indexOf(symbol) != -1): null

2019-08-24 13:00:54 - [TEST_STEP][PASSED] - if (i == 4 &amp;&amp; wildList.indexOf(symbol) != -1): null

2019-08-24 13:00:54 - [TEST_STEP][PASSED] - symbol = symbol: null

2019-08-24 13:00:54 - [TEST_STEP][PASSED] - println(symbol): null

2019-08-24 13:00:54 - [TEST_STEP][PASSED] - if (i == 2 &amp;&amp; wildList.indexOf(symbol) != -1): null

2019-08-24 13:00:54 - [TEST_STEP][PASSED] - if (i == 3 &amp;&amp; wildList.indexOf(symbol) != -1): null

2019-08-24 13:00:54 - [TEST_STEP][PASSED] - if (i == 4 &amp;&amp; wildList.indexOf(symbol) != -1): null

2019-08-24 13:00:54 - [TEST_STEP][PASSED] - symbol = symbol: null

2019-08-24 13:00:54 - [TEST_STEP][PASSED] - println(symbol): null

2019-08-24 13:00:54 - [TEST_STEP][PASSED] - if (i == 2 &amp;&amp; wildList.indexOf(symbol) != -1): null

2019-08-24 13:00:54 - [TEST_STEP][PASSED] - if (i == 3 &amp;&amp; wildList.indexOf(symbol) != -1): null

2019-08-24 13:00:54 - [TEST_STEP][PASSED] - if (i == 4 &amp;&amp; wildList.indexOf(symbol) != -1): null

2019-08-24 13:00:54 - [TEST_STEP][PASSED] - symbols = symbols: null

2019-08-24 13:00:54 - [TEST_STEP][PASSED] - for ([j = 0, j &lt; symbols.size(), (j++)]): null

2019-08-24 13:00:54 - [TEST_STEP][PASSED] - symbol = symbol: null

2019-08-24 13:00:54 - [TEST_STEP][PASSED] - println(symbol): null

2019-08-24 13:00:54 - [TEST_STEP][PASSED] - if (i == 2 &amp;&amp; wildList.indexOf(symbol) != -1): null

2019-08-24 13:00:54 - [TEST_STEP][PASSED] - if (i == 3 &amp;&amp; wildList.indexOf(symbol) != -1): null

2019-08-24 13:00:54 - [TEST_STEP][PASSED] - if (i == 4 &amp;&amp; wildList.indexOf(symbol) != -1): null

2019-08-24 13:00:54 - [TEST_STEP][PASSED] - symbol = symbol: null

2019-08-24 13:00:54 - [TEST_STEP][PASSED] - println(symbol): null

2019-08-24 13:00:54 - [TEST_STEP][PASSED] - if (i == 2 &amp;&amp; wildList.indexOf(symbol) != -1): null

2019-08-24 13:00:54 - [TEST_STEP][PASSED] - if (i == 3 &amp;&amp; wildList.indexOf(symbol) != -1): null

2019-08-24 13:00:54 - [TEST_STEP][PASSED] - println("wild found on reel 4, adding counter by 1"): null

2019-08-24 13:00:54 - [TEST_STEP][PASSED] - free_spin_reel_counter[1] = free_spin_reel_counter[1] + 1: null

2019-08-24 13:00:54 - [TEST_STEP][PASSED] - if (i == 4 &amp;&amp; wildList.indexOf(symbol) != -1): null

2019-08-24 13:00:54 - [TEST_STEP][PASSED] - symbol = symbol: null

2019-08-24 13:00:54 - [TEST_STEP][PASSED] - println(symbol): null

2019-08-24 13:00:54 - [TEST_STEP][PASSED] - if (i == 2 &amp;&amp; wildList.indexOf(symbol) != -1): null

2019-08-24 13:00:54 - [TEST_STEP][PASSED] - if (i == 3 &amp;&amp; wildList.indexOf(symbol) != -1): null

2019-08-24 13:00:54 - [TEST_STEP][PASSED] - if (i == 4 &amp;&amp; wildList.indexOf(symbol) != -1): null

2019-08-24 13:00:54 - [TEST_STEP][PASSED] - symbols = symbols: null

2019-08-24 13:00:54 - [TEST_STEP][PASSED] - for ([j = 0, j &lt; symbols.size(), (j++)]): null

2019-08-24 13:00:54 - [TEST_STEP][PASSED] - symbol = symbol: null

2019-08-24 13:00:54 - [TEST_STEP][PASSED] - println(symbol): null

2019-08-24 13:00:58 - [TEST_STEP][PASSED] - if (i == 2 &amp;&amp; wildList.indexOf(symbol) != -1): null

2019-08-24 13:00:58 - [TEST_STEP][PASSED] - if (i == 3 &amp;&amp; wildList.indexOf(symbol) != -1): null

2019-08-24 13:00:58 - [TEST_STEP][PASSED] - if (i == 4 &amp;&amp; wildList.indexOf(symbol) != -1): null

2019-08-24 13:00:58 - [TEST_STEP][PASSED] - symbol = symbol: null

2019-08-24 13:00:58 - [TEST_STEP][PASSED] - println(symbol): null

2019-08-24 13:00:58 - [TEST_STEP][PASSED] - if (i == 2 &amp;&amp; wildList.indexOf(symbol) != -1): null

2019-08-24 13:00:58 - [TEST_STEP][PASSED] - if (i == 3 &amp;&amp; wildList.indexOf(symbol) != -1): null

2019-08-24 13:00:58 - [TEST_STEP][PASSED] - if (i == 4 &amp;&amp; wildList.indexOf(symbol) != -1): null

2019-08-24 13:00:58 - [TEST_STEP][PASSED] - symbol = symbol: null

2019-08-24 13:00:58 - [TEST_STEP][PASSED] - println(symbol): null

2019-08-24 13:00:58 - [TEST_STEP][PASSED] - if (i == 2 &amp;&amp; wildList.indexOf(symbol) != -1): null

2019-08-24 13:00:58 - [TEST_STEP][PASSED] - if (i == 3 &amp;&amp; wildList.indexOf(symbol) != -1): null

2019-08-24 13:00:58 - [TEST_STEP][PASSED] - if (i == 4 &amp;&amp; wildList.indexOf(symbol) != -1): null

2019-08-24 13:00:58 - [TEST_STEP][PASSED] - free_spin_reel_counter = free_spin_reel_counter: null

2019-08-24 13:00:58 - [TEST_STEP][PASSED] - println("reel 3 wild found: " + free_spin_reel_counter[0]): null

2019-08-24 13:00:58 - [TEST_STEP][PASSED] - println("reel 4 wild found: " + free_spin_reel_counter[1]): null

2019-08-24 13:00:58 - [TEST_STEP][PASSED] - println("reel 5 wild found: " + free_spin_reel_counter[2]): null

2019-08-24 13:00:58 - [TEST_STEP][PASSED] - M4_spin_reels = M4_spin_reels: null

2019-08-24 13:00:58 - [TEST_STEP][PASSED] - M4_spin_reels_symbols = symbol: null

2019-08-24 13:00:58 - [TEST_STEP][PASSED] - M4_spin_reels_symbols = M4_spin_reels_symbols: null

2019-08-24 13:00:58 - [TEST_STEP][PASSED] - M4_spin_reel_wins = reel_wins: null

2019-08-24 13:00:58 - [TEST_STEP][PASSED] - M4_spin_reel_wins = M4_spin_reel_wins: null

2019-08-24 13:00:58 - [TEST_STEP][PASSED] - println("GlobalVariable.M4_spin_reel_wins is: " + M4_spin_reel_wins): null

2019-08-24 13:00:58 - [TEST_STEP][PASSED] - M4_spin_total_bonus_win_this_round = total_bonus_win_this_round: null

2019-08-24 13:00:58 - [TEST_STEP][PASSED] - M4_spin_total_bonus_win_this_round = M4_spin_total_bonus_win_this_round: null

2019-08-24 13:00:58 - [TEST_STEP][PASSED] - println("GlobalVariable.M4_spin_total_bonus_win_this_round is: " + M4_spin_total_bonus_win_this_round): null

2019-08-24 13:00:58 - [TEST_STEP][PASSED] - M4_spin_bonus_spin_result = spin_result: null

2019-08-24 13:00:58 - [TEST_STEP][PASSED] - M4_spin_bonus_spin_result = M4_spin_bonus_spin_result: null

2019-08-24 13:00:58 - [MESSAGE][PASSED] - Verify response successfully

2019-08-24 13:00:58 - [MESSAGE][PASSED] - Send request and verify the response successfully

2019-08-24 13:00:58 - [TEST_STEP][PASSED] - if (M4_total_bonus_spins_int != 0 &amp;&amp; M4_spin_reels_symbols[2].contains("WILD_Expanding")): null

2019-08-24 13:00:58 - [TEST_STEP][PASSED] - free_spin_reel_counter = free_spin_reel_counter: null

2019-08-24 13:00:58 - [TEST_STEP][PASSED] - M4_spin_reels_symbols = M4_spin_reels_symbols: null

2019-08-24 13:00:58 - [TEST_STEP][PASSED] - M4_total_bonus_spins = M4_total_bonus_spins: null

2019-08-24 13:00:58 - [TEST_STEP][PASSED] - spin_result = sendRequestAndVerify(findTestObject("INT/RGS(M4)/1_M4_spin", ["M4_login_user_id":M4_login_user_id, "rgs_session_token":rgs_session_token, "partner":Partner])): Send request and verify the response successfully

2019-08-24 13:00:58 - [MESSAGE][INFO] - HAR: /Users/eiralee/Katalon_Script/SuperWild/Reports/20190824_125957/INT/superWild_5/20190824_125957/requests/main/19.har

2019-08-24 13:00:58 - [TEST_CASE][PASSED] - Start Test Case : Verification: Verification accomplished successfully

2019-08-24 13:00:58 - [TEST_STEP][PASSED] - request = getInstance().getCurrentRequest(): null

2019-08-24 13:00:58 - [TEST_STEP][PASSED] - response = getInstance().getCurrentResponse(): null

2019-08-24 13:00:58 - [TEST_STEP][PASSED] - verifyResponseStatusCode(response, 200): Verify response status code successfully

2019-08-24 13:00:58 - [MESSAGE][PASSED] - Verify response status code successfully

2019-08-24 13:00:58 - [TEST_STEP][PASSED] - getStatusCode()).isEqualTo(200): null

2019-08-24 13:00:58 - [TEST_STEP][PASSED] - newline = System.getProperty("line.separator"): null

2019-08-24 13:00:58 - [TEST_STEP][PASSED] - M4_spin = new groovy.json.JsonSlurper(): null

2019-08-24 13:00:58 - [TEST_STEP][PASSED] - result_M4_spin = M4_spin.parseText(response.getResponseBodyContent()): null

2019-08-24 13:00:58 - [TEST_STEP][PASSED] - M4_spin_current_balance = current_balance: null

2019-08-24 13:00:58 - [TEST_STEP][PASSED] - M4_spin_current_balance = M4_spin_current_balance: null

2019-08-24 13:00:58 - [TEST_STEP][PASSED] - M4_spin_transaction_id = causality: null

2019-08-24 13:00:58 - [TEST_STEP][PASSED] - M4_spin_transaction_id = M4_spin_transaction_id: null

2019-08-24 13:00:58 - [TEST_STEP][PASSED] - M4_spin_round_id = round_id: null

2019-08-24 13:00:58 - [TEST_STEP][PASSED] - M4_spin_round_id = M4_spin_round_id: null

2019-08-24 13:00:58 - [TEST_STEP][PASSED] - M4_spin_line_wins = line_wins: null

2019-08-24 13:00:58 - [TEST_STEP][PASSED] - M4_spin_line_wins = M4_spin_line_wins: null

2019-08-24 13:00:58 - [TEST_STEP][PASSED] - M4_total_bonus_spins_int = total_bonus_spins: null

2019-08-24 13:00:58 - [TEST_STEP][PASSED] - println("******M4_total_bonus_spins type is:*******" + newline + getClass().getName()): null

2019-08-24 13:00:58 - [TEST_STEP][PASSED] - M4_total_bonus_spins_int = M4_total_bonus_spins_int: null

2019-08-24 13:00:58 - [TEST_STEP][PASSED] - M4_total_bonus_spins = Integer.toString(M4_total_bonus_spins_int): null

2019-08-24 13:00:58 - [TEST_STEP][PASSED] - M4_total_bonus_spins = M4_total_bonus_spins: null

2019-08-24 13:00:58 - [TEST_STEP][PASSED] - println("M4_total_bonus_spins is:" + M4_total_bonus_spins): null

2019-08-24 13:00:58 - [TEST_STEP][PASSED] - M4_spin_bonus_data = bonus_data: null

2019-08-24 13:00:58 - [TEST_STEP][PASSED] - M4_spin_features_triggered = result_M4_spin: null

2019-08-24 13:00:58 - [TEST_STEP][PASSED] - wild = []: null

2019-08-24 13:00:58 - [TEST_STEP][PASSED] - wild[0] = "WILD_Expanding": null

2019-08-24 13:00:58 - [TEST_STEP][PASSED] - wild[1] = "WILD_Normal": null

2019-08-24 13:00:58 - [TEST_STEP][PASSED] - wild[2] = "WILD_Double": null

2019-08-24 13:00:58 - [TEST_STEP][PASSED] - wild[3] = "WILD_ExtraFG": null

2019-08-24 13:00:58 - [TEST_STEP][PASSED] - wild[4] = "WILD_Triple": null

2019-08-24 13:00:58 - [TEST_STEP][PASSED] - wildList = Arrays.asList(wild): null

2019-08-24 13:00:58 - [TEST_STEP][PASSED] - wildList = wildList: null

2019-08-24 13:00:58 - [TEST_STEP][PASSED] - free_spin_reel_counter = []: null

2019-08-24 13:00:58 - [TEST_STEP][PASSED] - free_spin_reel_counter[0] = 0: null

2019-08-24 13:00:58 - [TEST_STEP][PASSED] - free_spin_reel_counter[1] = 0: null

2019-08-24 13:00:58 - [TEST_STEP][PASSED] - free_spin_reel_counter[2] = 0: null

2019-08-24 13:00:58 - [TEST_STEP][PASSED] - M4_spin_reels = reels: null

2019-08-24 13:00:58 - [TEST_STEP][PASSED] - for ([i = 0, i &lt; M4_spin_reels.size(), (i++)]): null

2019-08-24 13:00:58 - [TEST_STEP][PASSED] - symbols = symbols: null

2019-08-24 13:00:58 - [TEST_STEP][PASSED] - for ([j = 0, j &lt; symbols.size(), (j++)]): null

2019-08-24 13:00:58 - [TEST_STEP][PASSED] - symbol = symbol: null

2019-08-24 13:00:58 - [TEST_STEP][PASSED] - println(symbol): null

2019-08-24 13:00:58 - [TEST_STEP][PASSED] - if (i == 2 &amp;&amp; wildList.indexOf(symbol) != -1): null

2019-08-24 13:00:58 - [TEST_STEP][PASSED] - if (i == 3 &amp;&amp; wildList.indexOf(symbol) != -1): null

2019-08-24 13:00:58 - [TEST_STEP][PASSED] - if (i == 4 &amp;&amp; wildList.indexOf(symbol) != -1): null

2019-08-24 13:00:58 - [TEST_STEP][PASSED] - symbol = symbol: null

2019-08-24 13:00:58 - [TEST_STEP][PASSED] - println(symbol): null

2019-08-24 13:00:58 - [TEST_STEP][PASSED] - if (i == 2 &amp;&amp; wildList.indexOf(symbol) != -1): null

2019-08-24 13:00:58 - [TEST_STEP][PASSED] - if (i == 3 &amp;&amp; wildList.indexOf(symbol) != -1): null

2019-08-24 13:00:58 - [TEST_STEP][PASSED] - if (i == 4 &amp;&amp; wildList.indexOf(symbol) != -1): null

2019-08-24 13:00:58 - [TEST_STEP][PASSED] - symbol = symbol: null

2019-08-24 13:00:58 - [TEST_STEP][PASSED] - println(symbol): null

2019-08-24 13:00:58 - [TEST_STEP][PASSED] - if (i == 2 &amp;&amp; wildList.indexOf(symbol) != -1): null

2019-08-24 13:00:58 - [TEST_STEP][PASSED] - if (i == 3 &amp;&amp; wildList.indexOf(symbol) != -1): null

2019-08-24 13:00:58 - [TEST_STEP][PASSED] - if (i == 4 &amp;&amp; wildList.indexOf(symbol) != -1): null

2019-08-24 13:00:58 - [TEST_STEP][PASSED] - symbols = symbols: null

2019-08-24 13:00:58 - [TEST_STEP][PASSED] - for ([j = 0, j &lt; symbols.size(), (j++)]): null

2019-08-24 13:00:58 - [TEST_STEP][PASSED] - symbol = symbol: null

2019-08-24 13:00:58 - [TEST_STEP][PASSED] - println(symbol): null

2019-08-24 13:00:58 - [TEST_STEP][PASSED] - if (i == 2 &amp;&amp; wildList.indexOf(symbol) != -1): null

2019-08-24 13:00:58 - [TEST_STEP][PASSED] - if (i == 3 &amp;&amp; wildList.indexOf(symbol) != -1): null

2019-08-24 13:00:58 - [TEST_STEP][PASSED] - if (i == 4 &amp;&amp; wildList.indexOf(symbol) != -1): null

2019-08-24 13:00:58 - [TEST_STEP][PASSED] - symbol = symbol: null

2019-08-24 13:00:58 - [TEST_STEP][PASSED] - println(symbol): null

2019-08-24 13:00:58 - [TEST_STEP][PASSED] - if (i == 2 &amp;&amp; wildList.indexOf(symbol) != -1): null

2019-08-24 13:00:58 - [TEST_STEP][PASSED] - if (i == 3 &amp;&amp; wildList.indexOf(symbol) != -1): null

2019-08-24 13:00:58 - [TEST_STEP][PASSED] - if (i == 4 &amp;&amp; wildList.indexOf(symbol) != -1): null

2019-08-24 13:00:58 - [TEST_STEP][PASSED] - symbol = symbol: null

2019-08-24 13:00:58 - [TEST_STEP][PASSED] - println(symbol): null

2019-08-24 13:00:58 - [TEST_STEP][PASSED] - if (i == 2 &amp;&amp; wildList.indexOf(symbol) != -1): null

2019-08-24 13:00:58 - [TEST_STEP][PASSED] - if (i == 3 &amp;&amp; wildList.indexOf(symbol) != -1): null

2019-08-24 13:00:58 - [TEST_STEP][PASSED] - if (i == 4 &amp;&amp; wildList.indexOf(symbol) != -1): null

2019-08-24 13:00:58 - [TEST_STEP][PASSED] - symbols = symbols: null

2019-08-24 13:00:58 - [TEST_STEP][PASSED] - for ([j = 0, j &lt; symbols.size(), (j++)]): null

2019-08-24 13:00:58 - [TEST_STEP][PASSED] - symbol = symbol: null

2019-08-24 13:00:58 - [TEST_STEP][PASSED] - println(symbol): null

2019-08-24 13:00:58 - [TEST_STEP][PASSED] - if (i == 2 &amp;&amp; wildList.indexOf(symbol) != -1): null

2019-08-24 13:00:58 - [TEST_STEP][PASSED] - if (i == 3 &amp;&amp; wildList.indexOf(symbol) != -1): null

2019-08-24 13:00:58 - [TEST_STEP][PASSED] - if (i == 4 &amp;&amp; wildList.indexOf(symbol) != -1): null

2019-08-24 13:00:58 - [TEST_STEP][PASSED] - symbol = symbol: null

2019-08-24 13:00:58 - [TEST_STEP][PASSED] - println(symbol): null

2019-08-24 13:00:58 - [TEST_STEP][PASSED] - if (i == 2 &amp;&amp; wildList.indexOf(symbol) != -1): null

2019-08-24 13:00:58 - [TEST_STEP][PASSED] - println("wild found on reel 3, adding counter by 1"): null

2019-08-24 13:00:58 - [TEST_STEP][PASSED] - free_spin_reel_counter[0] = free_spin_reel_counter[0] + 1: null

2019-08-24 13:00:58 - [TEST_STEP][PASSED] - if (i == 3 &amp;&amp; wildList.indexOf(symbol) != -1): null

2019-08-24 13:00:58 - [TEST_STEP][PASSED] - if (i == 4 &amp;&amp; wildList.indexOf(symbol) != -1): null

2019-08-24 13:00:58 - [TEST_STEP][PASSED] - symbol = symbol: null

2019-08-24 13:00:58 - [TEST_STEP][PASSED] - println(symbol): null

2019-08-24 13:00:58 - [TEST_STEP][PASSED] - if (i == 2 &amp;&amp; wildList.indexOf(symbol) != -1): null

2019-08-24 13:00:58 - [TEST_STEP][PASSED] - if (i == 3 &amp;&amp; wildList.indexOf(symbol) != -1): null

2019-08-24 13:00:58 - [TEST_STEP][PASSED] - if (i == 4 &amp;&amp; wildList.indexOf(symbol) != -1): null

2019-08-24 13:00:58 - [TEST_STEP][PASSED] - symbols = symbols: null

2019-08-24 13:00:58 - [TEST_STEP][PASSED] - for ([j = 0, j &lt; symbols.size(), (j++)]): null

2019-08-24 13:00:58 - [TEST_STEP][PASSED] - symbol = symbol: null

2019-08-24 13:00:58 - [TEST_STEP][PASSED] - println(symbol): null

2019-08-24 13:00:58 - [TEST_STEP][PASSED] - if (i == 2 &amp;&amp; wildList.indexOf(symbol) != -1): null

2019-08-24 13:00:58 - [TEST_STEP][PASSED] - if (i == 3 &amp;&amp; wildList.indexOf(symbol) != -1): null

2019-08-24 13:00:58 - [TEST_STEP][PASSED] - if (i == 4 &amp;&amp; wildList.indexOf(symbol) != -1): null

2019-08-24 13:00:58 - [TEST_STEP][PASSED] - symbol = symbol: null

2019-08-24 13:00:58 - [TEST_STEP][PASSED] - println(symbol): null

2019-08-24 13:00:58 - [TEST_STEP][PASSED] - if (i == 2 &amp;&amp; wildList.indexOf(symbol) != -1): null

2019-08-24 13:00:58 - [TEST_STEP][PASSED] - if (i == 3 &amp;&amp; wildList.indexOf(symbol) != -1): null

2019-08-24 13:00:58 - [TEST_STEP][PASSED] - if (i == 4 &amp;&amp; wildList.indexOf(symbol) != -1): null

2019-08-24 13:00:58 - [TEST_STEP][PASSED] - symbol = symbol: null

2019-08-24 13:00:58 - [TEST_STEP][PASSED] - println(symbol): null

2019-08-24 13:00:58 - [TEST_STEP][PASSED] - if (i == 2 &amp;&amp; wildList.indexOf(symbol) != -1): null

2019-08-24 13:00:58 - [TEST_STEP][PASSED] - if (i == 3 &amp;&amp; wildList.indexOf(symbol) != -1): null

2019-08-24 13:00:58 - [TEST_STEP][PASSED] - if (i == 4 &amp;&amp; wildList.indexOf(symbol) != -1): null

2019-08-24 13:00:58 - [TEST_STEP][PASSED] - symbols = symbols: null

2019-08-24 13:00:58 - [TEST_STEP][PASSED] - for ([j = 0, j &lt; symbols.size(), (j++)]): null

2019-08-24 13:00:58 - [TEST_STEP][PASSED] - symbol = symbol: null

2019-08-24 13:00:58 - [TEST_STEP][PASSED] - println(symbol): null

2019-08-24 13:00:59 - [TEST_STEP][PASSED] - if (i == 2 &amp;&amp; wildList.indexOf(symbol) != -1): null

2019-08-24 13:00:59 - [TEST_STEP][PASSED] - if (i == 3 &amp;&amp; wildList.indexOf(symbol) != -1): null

2019-08-24 13:00:59 - [TEST_STEP][PASSED] - if (i == 4 &amp;&amp; wildList.indexOf(symbol) != -1): null

2019-08-24 13:00:59 - [TEST_STEP][PASSED] - symbol = symbol: null

2019-08-24 13:00:59 - [TEST_STEP][PASSED] - println(symbol): null

2019-08-24 13:00:59 - [TEST_STEP][PASSED] - if (i == 2 &amp;&amp; wildList.indexOf(symbol) != -1): null

2019-08-24 13:00:59 - [TEST_STEP][PASSED] - if (i == 3 &amp;&amp; wildList.indexOf(symbol) != -1): null

2019-08-24 13:00:59 - [TEST_STEP][PASSED] - if (i == 4 &amp;&amp; wildList.indexOf(symbol) != -1): null

2019-08-24 13:00:59 - [TEST_STEP][PASSED] - symbol = symbol: null

2019-08-24 13:00:59 - [TEST_STEP][PASSED] - println(symbol): null

2019-08-24 13:00:59 - [TEST_STEP][PASSED] - if (i == 2 &amp;&amp; wildList.indexOf(symbol) != -1): null

2019-08-24 13:00:59 - [TEST_STEP][PASSED] - if (i == 3 &amp;&amp; wildList.indexOf(symbol) != -1): null

2019-08-24 13:00:59 - [TEST_STEP][PASSED] - if (i == 4 &amp;&amp; wildList.indexOf(symbol) != -1): null

2019-08-24 13:00:59 - [TEST_STEP][PASSED] - free_spin_reel_counter = free_spin_reel_counter: null

2019-08-24 13:00:59 - [TEST_STEP][PASSED] - println("reel 3 wild found: " + free_spin_reel_counter[0]): null

2019-08-24 13:00:59 - [TEST_STEP][PASSED] - println("reel 4 wild found: " + free_spin_reel_counter[1]): null

2019-08-24 13:00:59 - [TEST_STEP][PASSED] - println("reel 5 wild found: " + free_spin_reel_counter[2]): null

2019-08-24 13:00:59 - [TEST_STEP][PASSED] - M4_spin_reels = M4_spin_reels: null

2019-08-24 13:00:59 - [TEST_STEP][PASSED] - M4_spin_reels_symbols = symbol: null

2019-08-24 13:00:59 - [TEST_STEP][PASSED] - M4_spin_reels_symbols = M4_spin_reels_symbols: null

2019-08-24 13:00:59 - [TEST_STEP][PASSED] - M4_spin_reel_wins = reel_wins: null

2019-08-24 13:00:59 - [TEST_STEP][PASSED] - M4_spin_reel_wins = M4_spin_reel_wins: null

2019-08-24 13:00:59 - [TEST_STEP][PASSED] - println("GlobalVariable.M4_spin_reel_wins is: " + M4_spin_reel_wins): null

2019-08-24 13:00:59 - [TEST_STEP][PASSED] - M4_spin_total_bonus_win_this_round = total_bonus_win_this_round: null

2019-08-24 13:00:59 - [TEST_STEP][PASSED] - M4_spin_total_bonus_win_this_round = M4_spin_total_bonus_win_this_round: null

2019-08-24 13:00:59 - [TEST_STEP][PASSED] - println("GlobalVariable.M4_spin_total_bonus_win_this_round is: " + M4_spin_total_bonus_win_this_round): null

2019-08-24 13:00:59 - [TEST_STEP][PASSED] - M4_spin_bonus_spin_result = spin_result: null

2019-08-24 13:00:59 - [TEST_STEP][PASSED] - M4_spin_bonus_spin_result = M4_spin_bonus_spin_result: null

2019-08-24 13:00:59 - [MESSAGE][PASSED] - Verify response successfully

2019-08-24 13:00:59 - [MESSAGE][PASSED] - Send request and verify the response successfully

2019-08-24 13:00:59 - [TEST_STEP][PASSED] - if (M4_total_bonus_spins_int != 0 &amp;&amp; M4_spin_reels_symbols[2].contains("WILD_Expanding")): null

2019-08-24 13:00:59 - [TEST_STEP][PASSED] - free_spin_reel_counter = free_spin_reel_counter: null

2019-08-24 13:00:59 - [TEST_STEP][PASSED] - M4_spin_reels_symbols = M4_spin_reels_symbols: null

2019-08-24 13:00:59 - [TEST_STEP][PASSED] - M4_total_bonus_spins = M4_total_bonus_spins: null

2019-08-24 13:00:59 - [TEST_STEP][PASSED] - spin_result = sendRequestAndVerify(findTestObject("INT/RGS(M4)/1_M4_spin", ["M4_login_user_id":M4_login_user_id, "rgs_session_token":rgs_session_token, "partner":Partner])): Send request and verify the response successfully

2019-08-24 13:00:59 - [MESSAGE][INFO] - HAR: /Users/eiralee/Katalon_Script/SuperWild/Reports/20190824_125957/INT/superWild_5/20190824_125957/requests/main/20.har

2019-08-24 13:00:59 - [TEST_CASE][PASSED] - Start Test Case : Verification: Verification accomplished successfully

2019-08-24 13:00:59 - [TEST_STEP][PASSED] - request = getInstance().getCurrentRequest(): null

2019-08-24 13:00:59 - [TEST_STEP][PASSED] - response = getInstance().getCurrentResponse(): null

2019-08-24 13:00:59 - [TEST_STEP][PASSED] - verifyResponseStatusCode(response, 200): Verify response status code successfully

2019-08-24 13:00:59 - [MESSAGE][PASSED] - Verify response status code successfully

2019-08-24 13:00:59 - [TEST_STEP][PASSED] - getStatusCode()).isEqualTo(200): null

2019-08-24 13:00:59 - [TEST_STEP][PASSED] - newline = System.getProperty("line.separator"): null

2019-08-24 13:00:59 - [TEST_STEP][PASSED] - M4_spin = new groovy.json.JsonSlurper(): null

2019-08-24 13:00:59 - [TEST_STEP][PASSED] - result_M4_spin = M4_spin.parseText(response.getResponseBodyContent()): null

2019-08-24 13:00:59 - [TEST_STEP][PASSED] - M4_spin_current_balance = current_balance: null

2019-08-24 13:00:59 - [TEST_STEP][PASSED] - M4_spin_current_balance = M4_spin_current_balance: null

2019-08-24 13:00:59 - [TEST_STEP][PASSED] - M4_spin_transaction_id = causality: null

2019-08-24 13:00:59 - [TEST_STEP][PASSED] - M4_spin_transaction_id = M4_spin_transaction_id: null

2019-08-24 13:00:59 - [TEST_STEP][PASSED] - M4_spin_round_id = round_id: null

2019-08-24 13:00:59 - [TEST_STEP][PASSED] - M4_spin_round_id = M4_spin_round_id: null

2019-08-24 13:00:59 - [TEST_STEP][PASSED] - M4_spin_line_wins = line_wins: null

2019-08-24 13:00:59 - [TEST_STEP][PASSED] - M4_spin_line_wins = M4_spin_line_wins: null

2019-08-24 13:00:59 - [TEST_STEP][PASSED] - M4_total_bonus_spins_int = total_bonus_spins: null

2019-08-24 13:00:59 - [TEST_STEP][PASSED] - println("******M4_total_bonus_spins type is:*******" + newline + getClass().getName()): null

2019-08-24 13:00:59 - [TEST_STEP][PASSED] - M4_total_bonus_spins_int = M4_total_bonus_spins_int: null

2019-08-24 13:00:59 - [TEST_STEP][PASSED] - M4_total_bonus_spins = Integer.toString(M4_total_bonus_spins_int): null

2019-08-24 13:00:59 - [TEST_STEP][PASSED] - M4_total_bonus_spins = M4_total_bonus_spins: null

2019-08-24 13:00:59 - [TEST_STEP][PASSED] - println("M4_total_bonus_spins is:" + M4_total_bonus_spins): null

2019-08-24 13:00:59 - [TEST_STEP][PASSED] - M4_spin_bonus_data = bonus_data: null

2019-08-24 13:00:59 - [TEST_STEP][PASSED] - M4_spin_features_triggered = result_M4_spin: null

2019-08-24 13:00:59 - [TEST_STEP][PASSED] - wild = []: null

2019-08-24 13:00:59 - [TEST_STEP][PASSED] - wild[0] = "WILD_Expanding": null

2019-08-24 13:00:59 - [TEST_STEP][PASSED] - wild[1] = "WILD_Normal": null

2019-08-24 13:00:59 - [TEST_STEP][PASSED] - wild[2] = "WILD_Double": null

2019-08-24 13:00:59 - [TEST_STEP][PASSED] - wild[3] = "WILD_ExtraFG": null

2019-08-24 13:00:59 - [TEST_STEP][PASSED] - wild[4] = "WILD_Triple": null

2019-08-24 13:00:59 - [TEST_STEP][PASSED] - wildList = Arrays.asList(wild): null

2019-08-24 13:00:59 - [TEST_STEP][PASSED] - wildList = wildList: null

2019-08-24 13:00:59 - [TEST_STEP][PASSED] - free_spin_reel_counter = []: null

2019-08-24 13:00:59 - [TEST_STEP][PASSED] - free_spin_reel_counter[0] = 0: null

2019-08-24 13:00:59 - [TEST_STEP][PASSED] - free_spin_reel_counter[1] = 0: null

2019-08-24 13:00:59 - [TEST_STEP][PASSED] - free_spin_reel_counter[2] = 0: null

2019-08-24 13:00:59 - [TEST_STEP][PASSED] - M4_spin_reels = reels: null

2019-08-24 13:00:59 - [TEST_STEP][PASSED] - for ([i = 0, i &lt; M4_spin_reels.size(), (i++)]): null

2019-08-24 13:00:59 - [TEST_STEP][PASSED] - symbols = symbols: null

2019-08-24 13:00:59 - [TEST_STEP][PASSED] - for ([j = 0, j &lt; symbols.size(), (j++)]): null

2019-08-24 13:00:59 - [TEST_STEP][PASSED] - symbol = symbol: null

2019-08-24 13:00:59 - [TEST_STEP][PASSED] - println(symbol): null

2019-08-24 13:00:59 - [TEST_STEP][PASSED] - if (i == 2 &amp;&amp; wildList.indexOf(symbol) != -1): null

2019-08-24 13:00:59 - [TEST_STEP][PASSED] - if (i == 3 &amp;&amp; wildList.indexOf(symbol) != -1): null

2019-08-24 13:00:59 - [TEST_STEP][PASSED] - if (i == 4 &amp;&amp; wildList.indexOf(symbol) != -1): null

2019-08-24 13:00:59 - [TEST_STEP][PASSED] - symbol = symbol: null

2019-08-24 13:00:59 - [TEST_STEP][PASSED] - println(symbol): null

2019-08-24 13:00:59 - [TEST_STEP][PASSED] - if (i == 2 &amp;&amp; wildList.indexOf(symbol) != -1): null

2019-08-24 13:00:59 - [TEST_STEP][PASSED] - if (i == 3 &amp;&amp; wildList.indexOf(symbol) != -1): null

2019-08-24 13:00:59 - [TEST_STEP][PASSED] - if (i == 4 &amp;&amp; wildList.indexOf(symbol) != -1): null

2019-08-24 13:00:59 - [TEST_STEP][PASSED] - symbol = symbol: null

2019-08-24 13:00:59 - [TEST_STEP][PASSED] - println(symbol): null

2019-08-24 13:00:59 - [TEST_STEP][PASSED] - if (i == 2 &amp;&amp; wildList.indexOf(symbol) != -1): null

2019-08-24 13:00:59 - [TEST_STEP][PASSED] - if (i == 3 &amp;&amp; wildList.indexOf(symbol) != -1): null

2019-08-24 13:00:59 - [TEST_STEP][PASSED] - if (i == 4 &amp;&amp; wildList.indexOf(symbol) != -1): null

2019-08-24 13:00:59 - [TEST_STEP][PASSED] - symbols = symbols: null

2019-08-24 13:00:59 - [TEST_STEP][PASSED] - for ([j = 0, j &lt; symbols.size(), (j++)]): null

2019-08-24 13:00:59 - [TEST_STEP][PASSED] - symbol = symbol: null

2019-08-24 13:00:59 - [TEST_STEP][PASSED] - println(symbol): null

2019-08-24 13:00:59 - [TEST_STEP][PASSED] - if (i == 2 &amp;&amp; wildList.indexOf(symbol) != -1): null

2019-08-24 13:00:59 - [TEST_STEP][PASSED] - if (i == 3 &amp;&amp; wildList.indexOf(symbol) != -1): null

2019-08-24 13:00:59 - [TEST_STEP][PASSED] - if (i == 4 &amp;&amp; wildList.indexOf(symbol) != -1): null

2019-08-24 13:00:59 - [TEST_STEP][PASSED] - symbol = symbol: null

2019-08-24 13:00:59 - [TEST_STEP][PASSED] - println(symbol): null

2019-08-24 13:00:59 - [TEST_STEP][PASSED] - if (i == 2 &amp;&amp; wildList.indexOf(symbol) != -1): null

2019-08-24 13:00:59 - [TEST_STEP][PASSED] - if (i == 3 &amp;&amp; wildList.indexOf(symbol) != -1): null

2019-08-24 13:00:59 - [TEST_STEP][PASSED] - if (i == 4 &amp;&amp; wildList.indexOf(symbol) != -1): null

2019-08-24 13:00:59 - [TEST_STEP][PASSED] - symbol = symbol: null

2019-08-24 13:00:59 - [TEST_STEP][PASSED] - println(symbol): null

2019-08-24 13:00:59 - [TEST_STEP][PASSED] - if (i == 2 &amp;&amp; wildList.indexOf(symbol) != -1): null

2019-08-24 13:00:59 - [TEST_STEP][PASSED] - if (i == 3 &amp;&amp; wildList.indexOf(symbol) != -1): null

2019-08-24 13:00:59 - [TEST_STEP][PASSED] - if (i == 4 &amp;&amp; wildList.indexOf(symbol) != -1): null

2019-08-24 13:00:59 - [TEST_STEP][PASSED] - symbols = symbols: null

2019-08-24 13:00:59 - [TEST_STEP][PASSED] - for ([j = 0, j &lt; symbols.size(), (j++)]): null

2019-08-24 13:00:59 - [TEST_STEP][PASSED] - symbol = symbol: null

2019-08-24 13:00:59 - [TEST_STEP][PASSED] - println(symbol): null

2019-08-24 13:00:59 - [TEST_STEP][PASSED] - if (i == 2 &amp;&amp; wildList.indexOf(symbol) != -1): null

2019-08-24 13:00:59 - [TEST_STEP][PASSED] - if (i == 3 &amp;&amp; wildList.indexOf(symbol) != -1): null

2019-08-24 13:00:59 - [TEST_STEP][PASSED] - if (i == 4 &amp;&amp; wildList.indexOf(symbol) != -1): null

2019-08-24 13:00:59 - [TEST_STEP][PASSED] - symbol = symbol: null

2019-08-24 13:00:59 - [TEST_STEP][PASSED] - println(symbol): null

2019-08-24 13:00:59 - [TEST_STEP][PASSED] - if (i == 2 &amp;&amp; wildList.indexOf(symbol) != -1): null

2019-08-24 13:00:59 - [TEST_STEP][PASSED] - if (i == 3 &amp;&amp; wildList.indexOf(symbol) != -1): null

2019-08-24 13:00:59 - [TEST_STEP][PASSED] - if (i == 4 &amp;&amp; wildList.indexOf(symbol) != -1): null

2019-08-24 13:00:59 - [TEST_STEP][PASSED] - symbol = symbol: null

2019-08-24 13:00:59 - [TEST_STEP][PASSED] - println(symbol): null

2019-08-24 13:00:59 - [TEST_STEP][PASSED] - if (i == 2 &amp;&amp; wildList.indexOf(symbol) != -1): null

2019-08-24 13:00:59 - [TEST_STEP][PASSED] - if (i == 3 &amp;&amp; wildList.indexOf(symbol) != -1): null

2019-08-24 13:00:59 - [TEST_STEP][PASSED] - if (i == 4 &amp;&amp; wildList.indexOf(symbol) != -1): null

2019-08-24 13:00:59 - [TEST_STEP][PASSED] - symbols = symbols: null

2019-08-24 13:00:59 - [TEST_STEP][PASSED] - for ([j = 0, j &lt; symbols.size(), (j++)]): null

2019-08-24 13:00:59 - [TEST_STEP][PASSED] - symbol = symbol: null

2019-08-24 13:00:59 - [TEST_STEP][PASSED] - println(symbol): null

2019-08-24 13:00:59 - [TEST_STEP][PASSED] - if (i == 2 &amp;&amp; wildList.indexOf(symbol) != -1): null

2019-08-24 13:00:59 - [TEST_STEP][PASSED] - if (i == 3 &amp;&amp; wildList.indexOf(symbol) != -1): null

2019-08-24 13:00:59 - [TEST_STEP][PASSED] - if (i == 4 &amp;&amp; wildList.indexOf(symbol) != -1): null

2019-08-24 13:00:59 - [TEST_STEP][PASSED] - symbol = symbol: null

2019-08-24 13:00:59 - [TEST_STEP][PASSED] - println(symbol): null

2019-08-24 13:00:59 - [TEST_STEP][PASSED] - if (i == 2 &amp;&amp; wildList.indexOf(symbol) != -1): null

2019-08-24 13:00:59 - [TEST_STEP][PASSED] - if (i == 3 &amp;&amp; wildList.indexOf(symbol) != -1): null

2019-08-24 13:00:59 - [TEST_STEP][PASSED] - if (i == 4 &amp;&amp; wildList.indexOf(symbol) != -1): null

2019-08-24 13:00:59 - [TEST_STEP][PASSED] - symbol = symbol: null

2019-08-24 13:00:59 - [TEST_STEP][PASSED] - println(symbol): null

2019-08-24 13:00:59 - [TEST_STEP][PASSED] - if (i == 2 &amp;&amp; wildList.indexOf(symbol) != -1): null

2019-08-24 13:00:59 - [TEST_STEP][PASSED] - if (i == 3 &amp;&amp; wildList.indexOf(symbol) != -1): null

2019-08-24 13:00:59 - [TEST_STEP][PASSED] - if (i == 4 &amp;&amp; wildList.indexOf(symbol) != -1): null

2019-08-24 13:00:59 - [TEST_STEP][PASSED] - symbols = symbols: null

2019-08-24 13:00:59 - [TEST_STEP][PASSED] - for ([j = 0, j &lt; symbols.size(), (j++)]): null

2019-08-24 13:00:59 - [TEST_STEP][PASSED] - symbol = symbol: null

2019-08-24 13:00:59 - [TEST_STEP][PASSED] - println(symbol): null

2019-08-24 13:00:59 - [TEST_STEP][PASSED] - if (i == 2 &amp;&amp; wildList.indexOf(symbol) != -1): null

2019-08-24 13:00:59 - [TEST_STEP][PASSED] - if (i == 3 &amp;&amp; wildList.indexOf(symbol) != -1): null

2019-08-24 13:00:59 - [TEST_STEP][PASSED] - if (i == 4 &amp;&amp; wildList.indexOf(symbol) != -1): null

2019-08-24 13:00:59 - [TEST_STEP][PASSED] - symbol = symbol: null

2019-08-24 13:00:59 - [TEST_STEP][PASSED] - println(symbol): null

2019-08-24 13:00:59 - [TEST_STEP][PASSED] - if (i == 2 &amp;&amp; wildList.indexOf(symbol) != -1): null

2019-08-24 13:00:59 - [TEST_STEP][PASSED] - if (i == 3 &amp;&amp; wildList.indexOf(symbol) != -1): null

2019-08-24 13:00:59 - [TEST_STEP][PASSED] - if (i == 4 &amp;&amp; wildList.indexOf(symbol) != -1): null

2019-08-24 13:00:59 - [TEST_STEP][PASSED] - symbol = symbol: null

2019-08-24 13:00:59 - [TEST_STEP][PASSED] - println(symbol): null

2019-08-24 13:00:59 - [TEST_STEP][PASSED] - if (i == 2 &amp;&amp; wildList.indexOf(symbol) != -1): null

2019-08-24 13:00:59 - [TEST_STEP][PASSED] - if (i == 3 &amp;&amp; wildList.indexOf(symbol) != -1): null

2019-08-24 13:00:59 - [TEST_STEP][PASSED] - if (i == 4 &amp;&amp; wildList.indexOf(symbol) != -1): null

2019-08-24 13:00:59 - [TEST_STEP][PASSED] - free_spin_reel_counter = free_spin_reel_counter: null

2019-08-24 13:00:59 - [TEST_STEP][PASSED] - println("reel 3 wild found: " + free_spin_reel_counter[0]): null

2019-08-24 13:00:59 - [TEST_STEP][PASSED] - println("reel 4 wild found: " + free_spin_reel_counter[1]): null

2019-08-24 13:00:59 - [TEST_STEP][PASSED] - println("reel 5 wild found: " + free_spin_reel_counter[2]): null

2019-08-24 13:00:59 - [TEST_STEP][PASSED] - M4_spin_reels = M4_spin_reels: null

2019-08-24 13:00:59 - [TEST_STEP][PASSED] - M4_spin_reels_symbols = symbol: null

2019-08-24 13:00:59 - [TEST_STEP][PASSED] - M4_spin_reels_symbols = M4_spin_reels_symbols: null

2019-08-24 13:00:59 - [TEST_STEP][PASSED] - M4_spin_reel_wins = reel_wins: null

2019-08-24 13:00:59 - [TEST_STEP][PASSED] - M4_spin_reel_wins = M4_spin_reel_wins: null

2019-08-24 13:00:59 - [TEST_STEP][PASSED] - println("GlobalVariable.M4_spin_reel_wins is: " + M4_spin_reel_wins): null

2019-08-24 13:00:59 - [TEST_STEP][PASSED] - M4_spin_total_bonus_win_this_round = total_bonus_win_this_round: null

2019-08-24 13:00:59 - [TEST_STEP][PASSED] - M4_spin_total_bonus_win_this_round = M4_spin_total_bonus_win_this_round: null

2019-08-24 13:00:59 - [TEST_STEP][PASSED] - println("GlobalVariable.M4_spin_total_bonus_win_this_round is: " + M4_spin_total_bonus_win_this_round): null

2019-08-24 13:00:59 - [TEST_STEP][PASSED] - M4_spin_bonus_spin_result = spin_result: null

2019-08-24 13:00:59 - [TEST_STEP][PASSED] - M4_spin_bonus_spin_result = M4_spin_bonus_spin_result: null

2019-08-24 13:00:59 - [MESSAGE][PASSED] - Verify response successfully

2019-08-24 13:00:59 - [MESSAGE][PASSED] - Send request and verify the response successfully

2019-08-24 13:00:59 - [TEST_STEP][PASSED] - if (M4_total_bonus_spins_int != 0 &amp;&amp; M4_spin_reels_symbols[2].contains("WILD_Expanding")): null

2019-08-24 13:00:59 - [TEST_STEP][PASSED] - free_spin_reel_counter = free_spin_reel_counter: null

2019-08-24 13:00:59 - [TEST_STEP][PASSED] - M4_spin_reels_symbols = M4_spin_reels_symbols: null

2019-08-24 13:00:59 - [TEST_STEP][PASSED] - M4_total_bonus_spins = M4_total_bonus_spins: null

2019-08-24 13:00:59 - [TEST_STEP][PASSED] - spin_result = sendRequestAndVerify(findTestObject("INT/RGS(M4)/1_M4_spin", ["M4_login_user_id":M4_login_user_id, "rgs_session_token":rgs_session_token, "partner":Partner])): Send request and verify the response successfully

2019-08-24 13:00:59 - [MESSAGE][INFO] - HAR: /Users/eiralee/Katalon_Script/SuperWild/Reports/20190824_125957/INT/superWild_5/20190824_125957/requests/main/21.har

2019-08-24 13:00:59 - [TEST_CASE][PASSED] - Start Test Case : Verification: Verification accomplished successfully

2019-08-24 13:00:59 - [TEST_STEP][PASSED] - request = getInstance().getCurrentRequest(): null

2019-08-24 13:01:00 - [TEST_STEP][PASSED] - response = getInstance().getCurrentResponse(): null

2019-08-24 13:01:00 - [TEST_STEP][PASSED] - verifyResponseStatusCode(response, 200): Verify response status code successfully

2019-08-24 13:01:00 - [MESSAGE][PASSED] - Verify response status code successfully

2019-08-24 13:01:00 - [TEST_STEP][PASSED] - getStatusCode()).isEqualTo(200): null

2019-08-24 13:01:00 - [TEST_STEP][PASSED] - newline = System.getProperty("line.separator"): null

2019-08-24 13:01:00 - [TEST_STEP][PASSED] - M4_spin = new groovy.json.JsonSlurper(): null

2019-08-24 13:01:00 - [TEST_STEP][PASSED] - result_M4_spin = M4_spin.parseText(response.getResponseBodyContent()): null

2019-08-24 13:01:00 - [TEST_STEP][PASSED] - M4_spin_current_balance = current_balance: null

2019-08-24 13:01:00 - [TEST_STEP][PASSED] - M4_spin_current_balance = M4_spin_current_balance: null

2019-08-24 13:01:00 - [TEST_STEP][PASSED] - M4_spin_transaction_id = causality: null

2019-08-24 13:01:00 - [TEST_STEP][PASSED] - M4_spin_transaction_id = M4_spin_transaction_id: null

2019-08-24 13:01:00 - [TEST_STEP][PASSED] - M4_spin_round_id = round_id: null

2019-08-24 13:01:00 - [TEST_STEP][PASSED] - M4_spin_round_id = M4_spin_round_id: null

2019-08-24 13:01:00 - [TEST_STEP][PASSED] - M4_spin_line_wins = line_wins: null

2019-08-24 13:01:00 - [TEST_STEP][PASSED] - M4_spin_line_wins = M4_spin_line_wins: null

2019-08-24 13:01:00 - [TEST_STEP][PASSED] - M4_total_bonus_spins_int = total_bonus_spins: null

2019-08-24 13:01:00 - [TEST_STEP][PASSED] - println("******M4_total_bonus_spins type is:*******" + newline + getClass().getName()): null

2019-08-24 13:01:00 - [TEST_STEP][PASSED] - M4_total_bonus_spins_int = M4_total_bonus_spins_int: null

2019-08-24 13:01:00 - [TEST_STEP][PASSED] - M4_total_bonus_spins = Integer.toString(M4_total_bonus_spins_int): null

2019-08-24 13:01:00 - [TEST_STEP][PASSED] - M4_total_bonus_spins = M4_total_bonus_spins: null

2019-08-24 13:01:00 - [TEST_STEP][PASSED] - println("M4_total_bonus_spins is:" + M4_total_bonus_spins): null

2019-08-24 13:01:00 - [TEST_STEP][PASSED] - M4_spin_bonus_data = bonus_data: null

2019-08-24 13:01:00 - [TEST_STEP][PASSED] - M4_spin_features_triggered = result_M4_spin: null

2019-08-24 13:01:00 - [TEST_STEP][PASSED] - wild = []: null

2019-08-24 13:01:00 - [TEST_STEP][PASSED] - wild[0] = "WILD_Expanding": null

2019-08-24 13:01:00 - [TEST_STEP][PASSED] - wild[1] = "WILD_Normal": null

2019-08-24 13:01:00 - [TEST_STEP][PASSED] - wild[2] = "WILD_Double": null

2019-08-24 13:01:00 - [TEST_STEP][PASSED] - wild[3] = "WILD_ExtraFG": null

2019-08-24 13:01:00 - [TEST_STEP][PASSED] - wild[4] = "WILD_Triple": null

2019-08-24 13:01:00 - [TEST_STEP][PASSED] - wildList = Arrays.asList(wild): null

2019-08-24 13:01:00 - [TEST_STEP][PASSED] - wildList = wildList: null

2019-08-24 13:01:00 - [TEST_STEP][PASSED] - free_spin_reel_counter = []: null

2019-08-24 13:01:00 - [TEST_STEP][PASSED] - free_spin_reel_counter[0] = 0: null

2019-08-24 13:01:00 - [TEST_STEP][PASSED] - free_spin_reel_counter[1] = 0: null

2019-08-24 13:01:00 - [TEST_STEP][PASSED] - free_spin_reel_counter[2] = 0: null

2019-08-24 13:01:00 - [TEST_STEP][PASSED] - M4_spin_reels = reels: null

2019-08-24 13:01:00 - [TEST_STEP][PASSED] - for ([i = 0, i &lt; M4_spin_reels.size(), (i++)]): null

2019-08-24 13:01:00 - [TEST_STEP][PASSED] - symbols = symbols: null

2019-08-24 13:01:00 - [TEST_STEP][PASSED] - for ([j = 0, j &lt; symbols.size(), (j++)]): null

2019-08-24 13:01:00 - [TEST_STEP][PASSED] - symbol = symbol: null

2019-08-24 13:01:00 - [TEST_STEP][PASSED] - println(symbol): null

2019-08-24 13:01:00 - [TEST_STEP][PASSED] - if (i == 2 &amp;&amp; wildList.indexOf(symbol) != -1): null

2019-08-24 13:01:05 - [TEST_STEP][PASSED] - if (i == 3 &amp;&amp; wildList.indexOf(symbol) != -1): null

2019-08-24 13:01:05 - [TEST_STEP][PASSED] - if (i == 4 &amp;&amp; wildList.indexOf(symbol) != -1): null

2019-08-24 13:01:05 - [TEST_STEP][PASSED] - symbol = symbol: null

2019-08-24 13:01:05 - [TEST_STEP][PASSED] - println(symbol): null

2019-08-24 13:01:05 - [TEST_STEP][PASSED] - if (i == 2 &amp;&amp; wildList.indexOf(symbol) != -1): null

2019-08-24 13:01:05 - [TEST_STEP][PASSED] - if (i == 3 &amp;&amp; wildList.indexOf(symbol) != -1): null

2019-08-24 13:01:05 - [TEST_STEP][PASSED] - if (i == 4 &amp;&amp; wildList.indexOf(symbol) != -1): null

2019-08-24 13:01:05 - [TEST_STEP][PASSED] - symbol = symbol: null

2019-08-24 13:01:05 - [TEST_STEP][PASSED] - println(symbol): null

2019-08-24 13:01:05 - [TEST_STEP][PASSED] - if (i == 2 &amp;&amp; wildList.indexOf(symbol) != -1): null

2019-08-24 13:01:05 - [TEST_STEP][PASSED] - if (i == 3 &amp;&amp; wildList.indexOf(symbol) != -1): null

2019-08-24 13:01:05 - [TEST_STEP][PASSED] - if (i == 4 &amp;&amp; wildList.indexOf(symbol) != -1): null

2019-08-24 13:01:05 - [TEST_STEP][PASSED] - symbols = symbols: null

2019-08-24 13:01:05 - [TEST_STEP][PASSED] - for ([j = 0, j &lt; symbols.size(), (j++)]): null

2019-08-24 13:01:05 - [TEST_STEP][PASSED] - symbol = symbol: null

2019-08-24 13:01:05 - [TEST_STEP][PASSED] - println(symbol): null

2019-08-24 13:01:05 - [TEST_STEP][PASSED] - if (i == 2 &amp;&amp; wildList.indexOf(symbol) != -1): null

2019-08-24 13:01:05 - [TEST_STEP][PASSED] - if (i == 3 &amp;&amp; wildList.indexOf(symbol) != -1): null

2019-08-24 13:01:05 - [TEST_STEP][PASSED] - if (i == 4 &amp;&amp; wildList.indexOf(symbol) != -1): null

2019-08-24 13:01:05 - [TEST_STEP][PASSED] - symbol = symbol: null

2019-08-24 13:01:05 - [TEST_STEP][PASSED] - println(symbol): null

2019-08-24 13:01:05 - [TEST_STEP][PASSED] - if (i == 2 &amp;&amp; wildList.indexOf(symbol) != -1): null

2019-08-24 13:01:05 - [TEST_STEP][PASSED] - if (i == 3 &amp;&amp; wildList.indexOf(symbol) != -1): null

2019-08-24 13:01:05 - [TEST_STEP][PASSED] - if (i == 4 &amp;&amp; wildList.indexOf(symbol) != -1): null

2019-08-24 13:01:05 - [TEST_STEP][PASSED] - symbol = symbol: null

2019-08-24 13:01:05 - [TEST_STEP][PASSED] - println(symbol): null

2019-08-24 13:01:05 - [TEST_STEP][PASSED] - if (i == 2 &amp;&amp; wildList.indexOf(symbol) != -1): null

2019-08-24 13:01:05 - [TEST_STEP][PASSED] - if (i == 3 &amp;&amp; wildList.indexOf(symbol) != -1): null

2019-08-24 13:01:05 - [TEST_STEP][PASSED] - if (i == 4 &amp;&amp; wildList.indexOf(symbol) != -1): null

2019-08-24 13:01:05 - [TEST_STEP][PASSED] - symbols = symbols: null

2019-08-24 13:01:05 - [TEST_STEP][PASSED] - for ([j = 0, j &lt; symbols.size(), (j++)]): null

2019-08-24 13:01:05 - [TEST_STEP][PASSED] - symbol = symbol: null

2019-08-24 13:01:05 - [TEST_STEP][PASSED] - println(symbol): null

2019-08-24 13:01:05 - [TEST_STEP][PASSED] - if (i == 2 &amp;&amp; wildList.indexOf(symbol) != -1): null

2019-08-24 13:01:05 - [TEST_STEP][PASSED] - if (i == 3 &amp;&amp; wildList.indexOf(symbol) != -1): null

2019-08-24 13:01:05 - [TEST_STEP][PASSED] - if (i == 4 &amp;&amp; wildList.indexOf(symbol) != -1): null

2019-08-24 13:01:05 - [TEST_STEP][PASSED] - symbol = symbol: null

2019-08-24 13:01:05 - [TEST_STEP][PASSED] - println(symbol): null

2019-08-24 13:01:05 - [TEST_STEP][PASSED] - if (i == 2 &amp;&amp; wildList.indexOf(symbol) != -1): null

2019-08-24 13:01:05 - [TEST_STEP][PASSED] - if (i == 3 &amp;&amp; wildList.indexOf(symbol) != -1): null

2019-08-24 13:01:05 - [TEST_STEP][PASSED] - if (i == 4 &amp;&amp; wildList.indexOf(symbol) != -1): null

2019-08-24 13:01:05 - [TEST_STEP][PASSED] - symbol = symbol: null

2019-08-24 13:01:05 - [TEST_STEP][PASSED] - println(symbol): null

2019-08-24 13:01:05 - [TEST_STEP][PASSED] - if (i == 2 &amp;&amp; wildList.indexOf(symbol) != -1): null

2019-08-24 13:01:05 - [TEST_STEP][PASSED] - if (i == 3 &amp;&amp; wildList.indexOf(symbol) != -1): null

2019-08-24 13:01:05 - [TEST_STEP][PASSED] - if (i == 4 &amp;&amp; wildList.indexOf(symbol) != -1): null

2019-08-24 13:01:06 - [TEST_STEP][PASSED] - symbols = symbols: null

2019-08-24 13:01:06 - [TEST_STEP][PASSED] - for ([j = 0, j &lt; symbols.size(), (j++)]): null

2019-08-24 13:01:06 - [TEST_STEP][PASSED] - symbol = symbol: null

2019-08-24 13:01:06 - [TEST_STEP][PASSED] - println(symbol): null

2019-08-24 13:01:06 - [TEST_STEP][PASSED] - if (i == 2 &amp;&amp; wildList.indexOf(symbol) != -1): null

2019-08-24 13:01:06 - [TEST_STEP][PASSED] - if (i == 3 &amp;&amp; wildList.indexOf(symbol) != -1): null

2019-08-24 13:01:06 - [TEST_STEP][PASSED] - if (i == 4 &amp;&amp; wildList.indexOf(symbol) != -1): null

2019-08-24 13:01:06 - [TEST_STEP][PASSED] - symbol = symbol: null

2019-08-24 13:01:06 - [TEST_STEP][PASSED] - println(symbol): null

2019-08-24 13:01:06 - [TEST_STEP][PASSED] - if (i == 2 &amp;&amp; wildList.indexOf(symbol) != -1): null

2019-08-24 13:01:06 - [TEST_STEP][PASSED] - if (i == 3 &amp;&amp; wildList.indexOf(symbol) != -1): null

2019-08-24 13:01:06 - [TEST_STEP][PASSED] - if (i == 4 &amp;&amp; wildList.indexOf(symbol) != -1): null

2019-08-24 13:01:06 - [TEST_STEP][PASSED] - symbol = symbol: null

2019-08-24 13:01:06 - [TEST_STEP][PASSED] - println(symbol): null

2019-08-24 13:01:06 - [TEST_STEP][PASSED] - if (i == 2 &amp;&amp; wildList.indexOf(symbol) != -1): null

2019-08-24 13:01:06 - [TEST_STEP][PASSED] - if (i == 3 &amp;&amp; wildList.indexOf(symbol) != -1): null

2019-08-24 13:01:06 - [TEST_STEP][PASSED] - if (i == 4 &amp;&amp; wildList.indexOf(symbol) != -1): null

2019-08-24 13:01:06 - [TEST_STEP][PASSED] - symbols = symbols: null

2019-08-24 13:01:06 - [TEST_STEP][PASSED] - for ([j = 0, j &lt; symbols.size(), (j++)]): null

2019-08-24 13:01:06 - [TEST_STEP][PASSED] - symbol = symbol: null

2019-08-24 13:01:06 - [TEST_STEP][PASSED] - println(symbol): null

2019-08-24 13:01:06 - [TEST_STEP][PASSED] - if (i == 2 &amp;&amp; wildList.indexOf(symbol) != -1): null

2019-08-24 13:01:06 - [TEST_STEP][PASSED] - if (i == 3 &amp;&amp; wildList.indexOf(symbol) != -1): null

2019-08-24 13:01:06 - [TEST_STEP][PASSED] - if (i == 4 &amp;&amp; wildList.indexOf(symbol) != -1): null

2019-08-24 13:01:06 - [TEST_STEP][PASSED] - symbol = symbol: null

2019-08-24 13:01:06 - [TEST_STEP][PASSED] - println(symbol): null

2019-08-24 13:01:06 - [TEST_STEP][PASSED] - if (i == 2 &amp;&amp; wildList.indexOf(symbol) != -1): null

2019-08-24 13:01:06 - [TEST_STEP][PASSED] - if (i == 3 &amp;&amp; wildList.indexOf(symbol) != -1): null

2019-08-24 13:01:06 - [TEST_STEP][PASSED] - if (i == 4 &amp;&amp; wildList.indexOf(symbol) != -1): null

2019-08-24 13:01:06 - [TEST_STEP][PASSED] - symbol = symbol: null

2019-08-24 13:01:06 - [TEST_STEP][PASSED] - println(symbol): null

2019-08-24 13:01:06 - [TEST_STEP][PASSED] - if (i == 2 &amp;&amp; wildList.indexOf(symbol) != -1): null

2019-08-24 13:01:06 - [TEST_STEP][PASSED] - if (i == 3 &amp;&amp; wildList.indexOf(symbol) != -1): null

2019-08-24 13:01:06 - [TEST_STEP][PASSED] - if (i == 4 &amp;&amp; wildList.indexOf(symbol) != -1): null

2019-08-24 13:01:06 - [TEST_STEP][PASSED] - free_spin_reel_counter = free_spin_reel_counter: null

2019-08-24 13:01:06 - [TEST_STEP][PASSED] - println("reel 3 wild found: " + free_spin_reel_counter[0]): null

2019-08-24 13:01:06 - [TEST_STEP][PASSED] - println("reel 4 wild found: " + free_spin_reel_counter[1]): null

2019-08-24 13:01:06 - [TEST_STEP][PASSED] - println("reel 5 wild found: " + free_spin_reel_counter[2]): null

2019-08-24 13:01:06 - [TEST_STEP][PASSED] - M4_spin_reels = M4_spin_reels: null

2019-08-24 13:01:06 - [TEST_STEP][PASSED] - M4_spin_reels_symbols = symbol: null

2019-08-24 13:01:06 - [TEST_STEP][PASSED] - M4_spin_reels_symbols = M4_spin_reels_symbols: null

2019-08-24 13:01:06 - [TEST_STEP][PASSED] - M4_spin_reel_wins = reel_wins: null

2019-08-24 13:01:06 - [TEST_STEP][PASSED] - M4_spin_reel_wins = M4_spin_reel_wins: null

2019-08-24 13:01:06 - [TEST_STEP][PASSED] - println("GlobalVariable.M4_spin_reel_wins is: " + M4_spin_reel_wins): null

2019-08-24 13:01:06 - [TEST_STEP][PASSED] - M4_spin_total_bonus_win_this_round = total_bonus_win_this_round: null

2019-08-24 13:01:06 - [TEST_STEP][PASSED] - M4_spin_total_bonus_win_this_round = M4_spin_total_bonus_win_this_round: null

2019-08-24 13:01:06 - [TEST_STEP][PASSED] - println("GlobalVariable.M4_spin_total_bonus_win_this_round is: " + M4_spin_total_bonus_win_this_round): null

2019-08-24 13:01:06 - [TEST_STEP][PASSED] - M4_spin_bonus_spin_result = spin_result: null

2019-08-24 13:01:06 - [TEST_STEP][PASSED] - M4_spin_bonus_spin_result = M4_spin_bonus_spin_result: null

2019-08-24 13:01:06 - [MESSAGE][PASSED] - Verify response successfully

2019-08-24 13:01:06 - [MESSAGE][PASSED] - Send request and verify the response successfully

2019-08-24 13:01:06 - [TEST_STEP][PASSED] - if (M4_total_bonus_spins_int != 0 &amp;&amp; M4_spin_reels_symbols[2].contains("WILD_Expanding")): null

2019-08-24 13:01:06 - [TEST_STEP][PASSED] - free_spin_reel_counter = free_spin_reel_counter: null

2019-08-24 13:01:06 - [TEST_STEP][PASSED] - M4_spin_reels_symbols = M4_spin_reels_symbols: null

2019-08-24 13:01:06 - [TEST_STEP][PASSED] - M4_total_bonus_spins = M4_total_bonus_spins: null

2019-08-24 13:01:06 - [TEST_STEP][PASSED] - spin_result = sendRequestAndVerify(findTestObject("INT/RGS(M4)/1_M4_spin", ["M4_login_user_id":M4_login_user_id, "rgs_session_token":rgs_session_token, "partner":Partner])): Send request and verify the response successfully

2019-08-24 13:01:06 - [MESSAGE][INFO] - HAR: /Users/eiralee/Katalon_Script/SuperWild/Reports/20190824_125957/INT/superWild_5/20190824_125957/requests/main/22.har

2019-08-24 13:01:06 - [TEST_CASE][PASSED] - Start Test Case : Verification: Verification accomplished successfully

2019-08-24 13:01:06 - [TEST_STEP][PASSED] - request = getInstance().getCurrentRequest(): null

2019-08-24 13:01:06 - [TEST_STEP][PASSED] - response = getInstance().getCurrentResponse(): null

2019-08-24 13:01:06 - [TEST_STEP][PASSED] - verifyResponseStatusCode(response, 200): Verify response status code successfully

2019-08-24 13:01:06 - [MESSAGE][PASSED] - Verify response status code successfully

2019-08-24 13:01:06 - [TEST_STEP][PASSED] - getStatusCode()).isEqualTo(200): null

2019-08-24 13:01:06 - [TEST_STEP][PASSED] - newline = System.getProperty("line.separator"): null

2019-08-24 13:01:06 - [TEST_STEP][PASSED] - M4_spin = new groovy.json.JsonSlurper(): null

2019-08-24 13:01:06 - [TEST_STEP][PASSED] - result_M4_spin = M4_spin.parseText(response.getResponseBodyContent()): null

2019-08-24 13:01:06 - [TEST_STEP][PASSED] - M4_spin_current_balance = current_balance: null

2019-08-24 13:01:06 - [TEST_STEP][PASSED] - M4_spin_current_balance = M4_spin_current_balance: null

2019-08-24 13:01:06 - [TEST_STEP][PASSED] - M4_spin_transaction_id = causality: null

2019-08-24 13:01:06 - [TEST_STEP][PASSED] - M4_spin_transaction_id = M4_spin_transaction_id: null

2019-08-24 13:01:06 - [TEST_STEP][PASSED] - M4_spin_round_id = round_id: null

2019-08-24 13:01:06 - [TEST_STEP][PASSED] - M4_spin_round_id = M4_spin_round_id: null

2019-08-24 13:01:06 - [TEST_STEP][PASSED] - M4_spin_line_wins = line_wins: null

2019-08-24 13:01:06 - [TEST_STEP][PASSED] - M4_spin_line_wins = M4_spin_line_wins: null

2019-08-24 13:01:06 - [TEST_STEP][PASSED] - M4_total_bonus_spins_int = total_bonus_spins: null

2019-08-24 13:01:06 - [TEST_STEP][PASSED] - println("******M4_total_bonus_spins type is:*******" + newline + getClass().getName()): null

2019-08-24 13:01:06 - [TEST_STEP][PASSED] - M4_total_bonus_spins_int = M4_total_bonus_spins_int: null

2019-08-24 13:01:06 - [TEST_STEP][PASSED] - M4_total_bonus_spins = Integer.toString(M4_total_bonus_spins_int): null

2019-08-24 13:01:06 - [TEST_STEP][PASSED] - M4_total_bonus_spins = M4_total_bonus_spins: null

2019-08-24 13:01:06 - [TEST_STEP][PASSED] - println("M4_total_bonus_spins is:" + M4_total_bonus_spins): null

2019-08-24 13:01:06 - [TEST_STEP][PASSED] - M4_spin_bonus_data = bonus_data: null

2019-08-24 13:01:06 - [TEST_STEP][PASSED] - M4_spin_features_triggered = result_M4_spin: null

2019-08-24 13:01:06 - [TEST_STEP][PASSED] - wild = []: null

2019-08-24 13:01:06 - [TEST_STEP][PASSED] - wild[0] = "WILD_Expanding": null

2019-08-24 13:01:06 - [TEST_STEP][PASSED] - wild[1] = "WILD_Normal": null

2019-08-24 13:01:06 - [TEST_STEP][PASSED] - wild[2] = "WILD_Double": null

2019-08-24 13:01:06 - [TEST_STEP][PASSED] - wild[3] = "WILD_ExtraFG": null

2019-08-24 13:01:06 - [TEST_STEP][PASSED] - wild[4] = "WILD_Triple": null

2019-08-24 13:01:06 - [TEST_STEP][PASSED] - wildList = Arrays.asList(wild): null

2019-08-24 13:01:06 - [TEST_STEP][PASSED] - wildList = wildList: null

2019-08-24 13:01:06 - [TEST_STEP][PASSED] - free_spin_reel_counter = []: null

2019-08-24 13:01:06 - [TEST_STEP][PASSED] - free_spin_reel_counter[0] = 0: null

2019-08-24 13:01:06 - [TEST_STEP][PASSED] - free_spin_reel_counter[1] = 0: null

2019-08-24 13:01:06 - [TEST_STEP][PASSED] - free_spin_reel_counter[2] = 0: null

2019-08-24 13:01:06 - [TEST_STEP][PASSED] - M4_spin_reels = reels: null

2019-08-24 13:01:06 - [TEST_STEP][PASSED] - for ([i = 0, i &lt; M4_spin_reels.size(), (i++)]): null

2019-08-24 13:01:06 - [TEST_STEP][PASSED] - symbols = symbols: null

2019-08-24 13:01:06 - [TEST_STEP][PASSED] - for ([j = 0, j &lt; symbols.size(), (j++)]): null

2019-08-24 13:01:06 - [TEST_STEP][PASSED] - symbol = symbol: null

2019-08-24 13:01:06 - [TEST_STEP][PASSED] - println(symbol): null

2019-08-24 13:01:06 - [TEST_STEP][PASSED] - if (i == 2 &amp;&amp; wildList.indexOf(symbol) != -1): null

2019-08-24 13:01:06 - [TEST_STEP][PASSED] - if (i == 3 &amp;&amp; wildList.indexOf(symbol) != -1): null

2019-08-24 13:01:06 - [TEST_STEP][PASSED] - if (i == 4 &amp;&amp; wildList.indexOf(symbol) != -1): null

2019-08-24 13:01:06 - [TEST_STEP][PASSED] - symbol = symbol: null

2019-08-24 13:01:06 - [TEST_STEP][PASSED] - println(symbol): null

2019-08-24 13:01:06 - [TEST_STEP][PASSED] - if (i == 2 &amp;&amp; wildList.indexOf(symbol) != -1): null

2019-08-24 13:01:06 - [TEST_STEP][PASSED] - if (i == 3 &amp;&amp; wildList.indexOf(symbol) != -1): null

2019-08-24 13:01:06 - [TEST_STEP][PASSED] - if (i == 4 &amp;&amp; wildList.indexOf(symbol) != -1): null

2019-08-24 13:01:06 - [TEST_STEP][PASSED] - symbol = symbol: null

2019-08-24 13:01:06 - [TEST_STEP][PASSED] - println(symbol): null

2019-08-24 13:01:06 - [TEST_STEP][PASSED] - if (i == 2 &amp;&amp; wildList.indexOf(symbol) != -1): null

2019-08-24 13:01:06 - [TEST_STEP][PASSED] - if (i == 3 &amp;&amp; wildList.indexOf(symbol) != -1): null

2019-08-24 13:01:06 - [TEST_STEP][PASSED] - if (i == 4 &amp;&amp; wildList.indexOf(symbol) != -1): null

2019-08-24 13:01:06 - [TEST_STEP][PASSED] - symbols = symbols: null

2019-08-24 13:01:06 - [TEST_STEP][PASSED] - for ([j = 0, j &lt; symbols.size(), (j++)]): null

2019-08-24 13:01:06 - [TEST_STEP][PASSED] - symbol = symbol: null

2019-08-24 13:01:06 - [TEST_STEP][PASSED] - println(symbol): null

2019-08-24 13:01:06 - [TEST_STEP][PASSED] - if (i == 2 &amp;&amp; wildList.indexOf(symbol) != -1): null

2019-08-24 13:01:06 - [TEST_STEP][PASSED] - if (i == 3 &amp;&amp; wildList.indexOf(symbol) != -1): null

2019-08-24 13:01:06 - [TEST_STEP][PASSED] - if (i == 4 &amp;&amp; wildList.indexOf(symbol) != -1): null

2019-08-24 13:01:06 - [TEST_STEP][PASSED] - symbol = symbol: null

2019-08-24 13:01:06 - [TEST_STEP][PASSED] - println(symbol): null

2019-08-24 13:01:06 - [TEST_STEP][PASSED] - if (i == 2 &amp;&amp; wildList.indexOf(symbol) != -1): null

2019-08-24 13:01:06 - [TEST_STEP][PASSED] - if (i == 3 &amp;&amp; wildList.indexOf(symbol) != -1): null

2019-08-24 13:01:06 - [TEST_STEP][PASSED] - if (i == 4 &amp;&amp; wildList.indexOf(symbol) != -1): null

2019-08-24 13:01:06 - [TEST_STEP][PASSED] - symbol = symbol: null

2019-08-24 13:01:06 - [TEST_STEP][PASSED] - println(symbol): null

2019-08-24 13:01:06 - [TEST_STEP][PASSED] - if (i == 2 &amp;&amp; wildList.indexOf(symbol) != -1): null

2019-08-24 13:01:06 - [TEST_STEP][PASSED] - if (i == 3 &amp;&amp; wildList.indexOf(symbol) != -1): null

2019-08-24 13:01:06 - [TEST_STEP][PASSED] - if (i == 4 &amp;&amp; wildList.indexOf(symbol) != -1): null

2019-08-24 13:01:06 - [TEST_STEP][PASSED] - symbols = symbols: null

2019-08-24 13:01:06 - [TEST_STEP][PASSED] - for ([j = 0, j &lt; symbols.size(), (j++)]): null

2019-08-24 13:01:06 - [TEST_STEP][PASSED] - symbol = symbol: null

2019-08-24 13:01:06 - [TEST_STEP][PASSED] - println(symbol): null

2019-08-24 13:01:06 - [TEST_STEP][PASSED] - if (i == 2 &amp;&amp; wildList.indexOf(symbol) != -1): null

2019-08-24 13:01:06 - [TEST_STEP][PASSED] - if (i == 3 &amp;&amp; wildList.indexOf(symbol) != -1): null

2019-08-24 13:01:06 - [TEST_STEP][PASSED] - if (i == 4 &amp;&amp; wildList.indexOf(symbol) != -1): null

2019-08-24 13:01:06 - [TEST_STEP][PASSED] - symbol = symbol: null

2019-08-24 13:01:06 - [TEST_STEP][PASSED] - println(symbol): null

2019-08-24 13:01:06 - [TEST_STEP][PASSED] - if (i == 2 &amp;&amp; wildList.indexOf(symbol) != -1): null

2019-08-24 13:01:06 - [TEST_STEP][PASSED] - if (i == 3 &amp;&amp; wildList.indexOf(symbol) != -1): null

2019-08-24 13:01:06 - [TEST_STEP][PASSED] - if (i == 4 &amp;&amp; wildList.indexOf(symbol) != -1): null

2019-08-24 13:01:06 - [TEST_STEP][PASSED] - symbol = symbol: null

2019-08-24 13:01:06 - [TEST_STEP][PASSED] - println(symbol): null

2019-08-24 13:01:06 - [TEST_STEP][PASSED] - if (i == 2 &amp;&amp; wildList.indexOf(symbol) != -1): null

2019-08-24 13:01:06 - [TEST_STEP][PASSED] - if (i == 3 &amp;&amp; wildList.indexOf(symbol) != -1): null

2019-08-24 13:01:06 - [TEST_STEP][PASSED] - if (i == 4 &amp;&amp; wildList.indexOf(symbol) != -1): null

2019-08-24 13:01:06 - [TEST_STEP][PASSED] - symbols = symbols: null

2019-08-24 13:01:06 - [TEST_STEP][PASSED] - for ([j = 0, j &lt; symbols.size(), (j++)]): null

2019-08-24 13:01:06 - [TEST_STEP][PASSED] - symbol = symbol: null

2019-08-24 13:01:06 - [TEST_STEP][PASSED] - println(symbol): null

2019-08-24 13:01:06 - [TEST_STEP][PASSED] - if (i == 2 &amp;&amp; wildList.indexOf(symbol) != -1): null

2019-08-24 13:01:06 - [TEST_STEP][PASSED] - if (i == 3 &amp;&amp; wildList.indexOf(symbol) != -1): null

2019-08-24 13:01:06 - [TEST_STEP][PASSED] - if (i == 4 &amp;&amp; wildList.indexOf(symbol) != -1): null

2019-08-24 13:01:06 - [TEST_STEP][PASSED] - symbol = symbol: null

2019-08-24 13:01:06 - [TEST_STEP][PASSED] - println(symbol): null

2019-08-24 13:01:06 - [TEST_STEP][PASSED] - if (i == 2 &amp;&amp; wildList.indexOf(symbol) != -1): null

2019-08-24 13:01:06 - [TEST_STEP][PASSED] - if (i == 3 &amp;&amp; wildList.indexOf(symbol) != -1): null

2019-08-24 13:01:06 - [TEST_STEP][PASSED] - if (i == 4 &amp;&amp; wildList.indexOf(symbol) != -1): null

2019-08-24 13:01:06 - [TEST_STEP][PASSED] - symbol = symbol: null

2019-08-24 13:01:06 - [TEST_STEP][PASSED] - println(symbol): null

2019-08-24 13:01:06 - [TEST_STEP][PASSED] - if (i == 2 &amp;&amp; wildList.indexOf(symbol) != -1): null

2019-08-24 13:01:06 - [TEST_STEP][PASSED] - if (i == 3 &amp;&amp; wildList.indexOf(symbol) != -1): null

2019-08-24 13:01:06 - [TEST_STEP][PASSED] - if (i == 4 &amp;&amp; wildList.indexOf(symbol) != -1): null

2019-08-24 13:01:06 - [TEST_STEP][PASSED] - symbols = symbols: null

2019-08-24 13:01:06 - [TEST_STEP][PASSED] - for ([j = 0, j &lt; symbols.size(), (j++)]): null

2019-08-24 13:01:06 - [TEST_STEP][PASSED] - symbol = symbol: null

2019-08-24 13:01:06 - [TEST_STEP][PASSED] - println(symbol): null

2019-08-24 13:01:06 - [TEST_STEP][PASSED] - if (i == 2 &amp;&amp; wildList.indexOf(symbol) != -1): null

2019-08-24 13:01:06 - [TEST_STEP][PASSED] - if (i == 3 &amp;&amp; wildList.indexOf(symbol) != -1): null

2019-08-24 13:01:06 - [TEST_STEP][PASSED] - if (i == 4 &amp;&amp; wildList.indexOf(symbol) != -1): null

2019-08-24 13:01:06 - [TEST_STEP][PASSED] - symbol = symbol: null

2019-08-24 13:01:06 - [TEST_STEP][PASSED] - println(symbol): null

2019-08-24 13:01:06 - [TEST_STEP][PASSED] - if (i == 2 &amp;&amp; wildList.indexOf(symbol) != -1): null

2019-08-24 13:01:06 - [TEST_STEP][PASSED] - if (i == 3 &amp;&amp; wildList.indexOf(symbol) != -1): null

2019-08-24 13:01:06 - [TEST_STEP][PASSED] - if (i == 4 &amp;&amp; wildList.indexOf(symbol) != -1): null

2019-08-24 13:01:06 - [TEST_STEP][PASSED] - symbol = symbol: null

2019-08-24 13:01:06 - [TEST_STEP][PASSED] - println(symbol): null

2019-08-24 13:01:06 - [TEST_STEP][PASSED] - if (i == 2 &amp;&amp; wildList.indexOf(symbol) != -1): null

2019-08-24 13:01:06 - [TEST_STEP][PASSED] - if (i == 3 &amp;&amp; wildList.indexOf(symbol) != -1): null

2019-08-24 13:01:06 - [TEST_STEP][PASSED] - if (i == 4 &amp;&amp; wildList.indexOf(symbol) != -1): null

2019-08-24 13:01:06 - [TEST_STEP][PASSED] - free_spin_reel_counter = free_spin_reel_counter: null

2019-08-24 13:01:06 - [TEST_STEP][PASSED] - println("reel 3 wild found: " + free_spin_reel_counter[0]): null

2019-08-24 13:01:06 - [TEST_STEP][PASSED] - println("reel 4 wild found: " + free_spin_reel_counter[1]): null

2019-08-24 13:01:06 - [TEST_STEP][PASSED] - println("reel 5 wild found: " + free_spin_reel_counter[2]): null

2019-08-24 13:01:06 - [TEST_STEP][PASSED] - M4_spin_reels = M4_spin_reels: null

2019-08-24 13:01:06 - [TEST_STEP][PASSED] - M4_spin_reels_symbols = symbol: null

2019-08-24 13:01:06 - [TEST_STEP][PASSED] - M4_spin_reels_symbols = M4_spin_reels_symbols: null

2019-08-24 13:01:06 - [TEST_STEP][PASSED] - M4_spin_reel_wins = reel_wins: null

2019-08-24 13:01:06 - [TEST_STEP][PASSED] - M4_spin_reel_wins = M4_spin_reel_wins: null

2019-08-24 13:01:06 - [TEST_STEP][PASSED] - println("GlobalVariable.M4_spin_reel_wins is: " + M4_spin_reel_wins): null

2019-08-24 13:01:06 - [TEST_STEP][PASSED] - M4_spin_total_bonus_win_this_round = total_bonus_win_this_round: null

2019-08-24 13:01:06 - [TEST_STEP][PASSED] - M4_spin_total_bonus_win_this_round = M4_spin_total_bonus_win_this_round: null

2019-08-24 13:01:06 - [TEST_STEP][PASSED] - println("GlobalVariable.M4_spin_total_bonus_win_this_round is: " + M4_spin_total_bonus_win_this_round): null

2019-08-24 13:01:06 - [TEST_STEP][PASSED] - M4_spin_bonus_spin_result = spin_result: null

2019-08-24 13:01:06 - [TEST_STEP][PASSED] - M4_spin_bonus_spin_result = M4_spin_bonus_spin_result: null

2019-08-24 13:01:06 - [MESSAGE][PASSED] - Verify response successfully

2019-08-24 13:01:06 - [MESSAGE][PASSED] - Send request and verify the response successfully

2019-08-24 13:01:06 - [TEST_STEP][PASSED] - if (M4_total_bonus_spins_int != 0 &amp;&amp; M4_spin_reels_symbols[2].contains("WILD_Expanding")): null

2019-08-24 13:01:06 - [TEST_STEP][PASSED] - free_spin_reel_counter = free_spin_reel_counter: null

2019-08-24 13:01:06 - [TEST_STEP][PASSED] - M4_spin_reels_symbols = M4_spin_reels_symbols: null

2019-08-24 13:01:06 - [TEST_STEP][PASSED] - M4_total_bonus_spins = M4_total_bonus_spins: null

2019-08-24 13:01:06 - [TEST_STEP][PASSED] - spin_result = sendRequestAndVerify(findTestObject("INT/RGS(M4)/1_M4_spin", ["M4_login_user_id":M4_login_user_id, "rgs_session_token":rgs_session_token, "partner":Partner])): Send request and verify the response successfully

2019-08-24 13:01:07 - [MESSAGE][INFO] - HAR: /Users/eiralee/Katalon_Script/SuperWild/Reports/20190824_125957/INT/superWild_5/20190824_125957/requests/main/23.har

2019-08-24 13:01:07 - [TEST_CASE][PASSED] - Start Test Case : Verification: Verification accomplished successfully

2019-08-24 13:01:07 - [TEST_STEP][PASSED] - request = getInstance().getCurrentRequest(): null

2019-08-24 13:01:07 - [TEST_STEP][PASSED] - response = getInstance().getCurrentResponse(): null

2019-08-24 13:01:07 - [TEST_STEP][PASSED] - verifyResponseStatusCode(response, 200): Verify response status code successfully

2019-08-24 13:01:07 - [MESSAGE][PASSED] - Verify response status code successfully

2019-08-24 13:01:07 - [TEST_STEP][PASSED] - getStatusCode()).isEqualTo(200): null

2019-08-24 13:01:07 - [TEST_STEP][PASSED] - newline = System.getProperty("line.separator"): null

2019-08-24 13:01:07 - [TEST_STEP][PASSED] - M4_spin = new groovy.json.JsonSlurper(): null

2019-08-24 13:01:07 - [TEST_STEP][PASSED] - result_M4_spin = M4_spin.parseText(response.getResponseBodyContent()): null

2019-08-24 13:01:07 - [TEST_STEP][PASSED] - M4_spin_current_balance = current_balance: null

2019-08-24 13:01:07 - [TEST_STEP][PASSED] - M4_spin_current_balance = M4_spin_current_balance: null

2019-08-24 13:01:07 - [TEST_STEP][PASSED] - M4_spin_transaction_id = causality: null

2019-08-24 13:01:07 - [TEST_STEP][PASSED] - M4_spin_transaction_id = M4_spin_transaction_id: null

2019-08-24 13:01:07 - [TEST_STEP][PASSED] - M4_spin_round_id = round_id: null

2019-08-24 13:01:07 - [TEST_STEP][PASSED] - M4_spin_round_id = M4_spin_round_id: null

2019-08-24 13:01:07 - [TEST_STEP][PASSED] - M4_spin_line_wins = line_wins: null

2019-08-24 13:01:07 - [TEST_STEP][PASSED] - M4_spin_line_wins = M4_spin_line_wins: null

2019-08-24 13:01:07 - [TEST_STEP][PASSED] - M4_total_bonus_spins_int = total_bonus_spins: null

2019-08-24 13:01:07 - [TEST_STEP][PASSED] - println("******M4_total_bonus_spins type is:*******" + newline + getClass().getName()): null

2019-08-24 13:01:07 - [TEST_STEP][PASSED] - M4_total_bonus_spins_int = M4_total_bonus_spins_int: null

2019-08-24 13:01:07 - [TEST_STEP][PASSED] - M4_total_bonus_spins = Integer.toString(M4_total_bonus_spins_int): null

2019-08-24 13:01:07 - [TEST_STEP][PASSED] - M4_total_bonus_spins = M4_total_bonus_spins: null

2019-08-24 13:01:07 - [TEST_STEP][PASSED] - println("M4_total_bonus_spins is:" + M4_total_bonus_spins): null

2019-08-24 13:01:07 - [TEST_STEP][PASSED] - M4_spin_bonus_data = bonus_data: null

2019-08-24 13:01:07 - [TEST_STEP][PASSED] - M4_spin_features_triggered = result_M4_spin: null

2019-08-24 13:01:07 - [TEST_STEP][PASSED] - wild = []: null

2019-08-24 13:01:07 - [TEST_STEP][PASSED] - wild[0] = "WILD_Expanding": null

2019-08-24 13:01:07 - [TEST_STEP][PASSED] - wild[1] = "WILD_Normal": null

2019-08-24 13:01:07 - [TEST_STEP][PASSED] - wild[2] = "WILD_Double": null

2019-08-24 13:01:07 - [TEST_STEP][PASSED] - wild[3] = "WILD_ExtraFG": null

2019-08-24 13:01:07 - [TEST_STEP][PASSED] - wild[4] = "WILD_Triple": null

2019-08-24 13:01:07 - [TEST_STEP][PASSED] - wildList = Arrays.asList(wild): null

2019-08-24 13:01:07 - [TEST_STEP][PASSED] - wildList = wildList: null

2019-08-24 13:01:07 - [TEST_STEP][PASSED] - free_spin_reel_counter = []: null

2019-08-24 13:01:07 - [TEST_STEP][PASSED] - free_spin_reel_counter[0] = 0: null

2019-08-24 13:01:07 - [TEST_STEP][PASSED] - free_spin_reel_counter[1] = 0: null

2019-08-24 13:01:07 - [TEST_STEP][PASSED] - free_spin_reel_counter[2] = 0: null

2019-08-24 13:01:07 - [TEST_STEP][PASSED] - M4_spin_reels = reels: null

2019-08-24 13:01:07 - [TEST_STEP][PASSED] - for ([i = 0, i &lt; M4_spin_reels.size(), (i++)]): null

2019-08-24 13:01:07 - [TEST_STEP][PASSED] - symbols = symbols: null

2019-08-24 13:01:07 - [TEST_STEP][PASSED] - for ([j = 0, j &lt; symbols.size(), (j++)]): null

2019-08-24 13:01:07 - [TEST_STEP][PASSED] - symbol = symbol: null

2019-08-24 13:01:07 - [TEST_STEP][PASSED] - println(symbol): null

2019-08-24 13:01:07 - [TEST_STEP][PASSED] - if (i == 2 &amp;&amp; wildList.indexOf(symbol) != -1): null

2019-08-24 13:01:07 - [TEST_STEP][PASSED] - if (i == 3 &amp;&amp; wildList.indexOf(symbol) != -1): null

2019-08-24 13:01:07 - [TEST_STEP][PASSED] - if (i == 4 &amp;&amp; wildList.indexOf(symbol) != -1): null

2019-08-24 13:01:07 - [TEST_STEP][PASSED] - symbol = symbol: null

2019-08-24 13:01:07 - [TEST_STEP][PASSED] - println(symbol): null

2019-08-24 13:01:07 - [TEST_STEP][PASSED] - if (i == 2 &amp;&amp; wildList.indexOf(symbol) != -1): null

2019-08-24 13:01:07 - [TEST_STEP][PASSED] - if (i == 3 &amp;&amp; wildList.indexOf(symbol) != -1): null

2019-08-24 13:01:07 - [TEST_STEP][PASSED] - if (i == 4 &amp;&amp; wildList.indexOf(symbol) != -1): null

2019-08-24 13:01:07 - [TEST_STEP][PASSED] - symbol = symbol: null

2019-08-24 13:01:07 - [TEST_STEP][PASSED] - println(symbol): null

2019-08-24 13:01:07 - [TEST_STEP][PASSED] - if (i == 2 &amp;&amp; wildList.indexOf(symbol) != -1): null

2019-08-24 13:01:07 - [TEST_STEP][PASSED] - if (i == 3 &amp;&amp; wildList.indexOf(symbol) != -1): null

2019-08-24 13:01:07 - [TEST_STEP][PASSED] - if (i == 4 &amp;&amp; wildList.indexOf(symbol) != -1): null

2019-08-24 13:01:07 - [TEST_STEP][PASSED] - symbols = symbols: null

2019-08-24 13:01:07 - [TEST_STEP][PASSED] - for ([j = 0, j &lt; symbols.size(), (j++)]): null

2019-08-24 13:01:07 - [TEST_STEP][PASSED] - symbol = symbol: null

2019-08-24 13:01:07 - [TEST_STEP][PASSED] - println(symbol): null

2019-08-24 13:01:07 - [TEST_STEP][PASSED] - if (i == 2 &amp;&amp; wildList.indexOf(symbol) != -1): null

2019-08-24 13:01:07 - [TEST_STEP][PASSED] - if (i == 3 &amp;&amp; wildList.indexOf(symbol) != -1): null

2019-08-24 13:01:07 - [TEST_STEP][PASSED] - if (i == 4 &amp;&amp; wildList.indexOf(symbol) != -1): null

2019-08-24 13:01:07 - [TEST_STEP][PASSED] - symbol = symbol: null

2019-08-24 13:01:07 - [TEST_STEP][PASSED] - println(symbol): null

2019-08-24 13:01:07 - [TEST_STEP][PASSED] - if (i == 2 &amp;&amp; wildList.indexOf(symbol) != -1): null

2019-08-24 13:01:07 - [TEST_STEP][PASSED] - if (i == 3 &amp;&amp; wildList.indexOf(symbol) != -1): null

2019-08-24 13:01:07 - [TEST_STEP][PASSED] - if (i == 4 &amp;&amp; wildList.indexOf(symbol) != -1): null

2019-08-24 13:01:07 - [TEST_STEP][PASSED] - symbol = symbol: null

2019-08-24 13:01:07 - [TEST_STEP][PASSED] - println(symbol): null

2019-08-24 13:01:07 - [TEST_STEP][PASSED] - if (i == 2 &amp;&amp; wildList.indexOf(symbol) != -1): null

2019-08-24 13:01:07 - [TEST_STEP][PASSED] - if (i == 3 &amp;&amp; wildList.indexOf(symbol) != -1): null

2019-08-24 13:01:07 - [TEST_STEP][PASSED] - if (i == 4 &amp;&amp; wildList.indexOf(symbol) != -1): null

2019-08-24 13:01:07 - [TEST_STEP][PASSED] - symbols = symbols: null

2019-08-24 13:01:07 - [TEST_STEP][PASSED] - for ([j = 0, j &lt; symbols.size(), (j++)]): null

2019-08-24 13:01:07 - [TEST_STEP][PASSED] - symbol = symbol: null

2019-08-24 13:01:07 - [TEST_STEP][PASSED] - println(symbol): null

2019-08-24 13:01:07 - [TEST_STEP][PASSED] - if (i == 2 &amp;&amp; wildList.indexOf(symbol) != -1): null

2019-08-24 13:01:07 - [TEST_STEP][PASSED] - if (i == 3 &amp;&amp; wildList.indexOf(symbol) != -1): null

2019-08-24 13:01:07 - [TEST_STEP][PASSED] - if (i == 4 &amp;&amp; wildList.indexOf(symbol) != -1): null

2019-08-24 13:01:07 - [TEST_STEP][PASSED] - symbol = symbol: null

2019-08-24 13:01:07 - [TEST_STEP][PASSED] - println(symbol): null

2019-08-24 13:01:07 - [TEST_STEP][PASSED] - if (i == 2 &amp;&amp; wildList.indexOf(symbol) != -1): null

2019-08-24 13:01:07 - [TEST_STEP][PASSED] - if (i == 3 &amp;&amp; wildList.indexOf(symbol) != -1): null

2019-08-24 13:01:07 - [TEST_STEP][PASSED] - if (i == 4 &amp;&amp; wildList.indexOf(symbol) != -1): null

2019-08-24 13:01:07 - [TEST_STEP][PASSED] - symbol = symbol: null

2019-08-24 13:01:07 - [TEST_STEP][PASSED] - println(symbol): null

2019-08-24 13:01:07 - [TEST_STEP][PASSED] - if (i == 2 &amp;&amp; wildList.indexOf(symbol) != -1): null

2019-08-24 13:01:07 - [TEST_STEP][PASSED] - if (i == 3 &amp;&amp; wildList.indexOf(symbol) != -1): null

2019-08-24 13:01:07 - [TEST_STEP][PASSED] - if (i == 4 &amp;&amp; wildList.indexOf(symbol) != -1): null

2019-08-24 13:01:07 - [TEST_STEP][PASSED] - symbols = symbols: null

2019-08-24 13:01:07 - [TEST_STEP][PASSED] - for ([j = 0, j &lt; symbols.size(), (j++)]): null

2019-08-24 13:01:07 - [TEST_STEP][PASSED] - symbol = symbol: null

2019-08-24 13:01:07 - [TEST_STEP][PASSED] - println(symbol): null

2019-08-24 13:01:07 - [TEST_STEP][PASSED] - if (i == 2 &amp;&amp; wildList.indexOf(symbol) != -1): null

2019-08-24 13:01:07 - [TEST_STEP][PASSED] - if (i == 3 &amp;&amp; wildList.indexOf(symbol) != -1): null

2019-08-24 13:01:07 - [TEST_STEP][PASSED] - if (i == 4 &amp;&amp; wildList.indexOf(symbol) != -1): null

2019-08-24 13:01:07 - [TEST_STEP][PASSED] - symbol = symbol: null

2019-08-24 13:01:07 - [TEST_STEP][PASSED] - println(symbol): null

2019-08-24 13:01:07 - [TEST_STEP][PASSED] - if (i == 2 &amp;&amp; wildList.indexOf(symbol) != -1): null

2019-08-24 13:01:07 - [TEST_STEP][PASSED] - if (i == 3 &amp;&amp; wildList.indexOf(symbol) != -1): null

2019-08-24 13:01:07 - [TEST_STEP][PASSED] - if (i == 4 &amp;&amp; wildList.indexOf(symbol) != -1): null

2019-08-24 13:01:07 - [TEST_STEP][PASSED] - symbol = symbol: null

2019-08-24 13:01:07 - [TEST_STEP][PASSED] - println(symbol): null

2019-08-24 13:01:07 - [TEST_STEP][PASSED] - if (i == 2 &amp;&amp; wildList.indexOf(symbol) != -1): null

2019-08-24 13:01:07 - [TEST_STEP][PASSED] - if (i == 3 &amp;&amp; wildList.indexOf(symbol) != -1): null

2019-08-24 13:01:07 - [TEST_STEP][PASSED] - println("wild found on reel 4, adding counter by 1"): null

2019-08-24 13:01:07 - [TEST_STEP][PASSED] - free_spin_reel_counter[1] = free_spin_reel_counter[1] + 1: null

2019-08-24 13:01:07 - [TEST_STEP][PASSED] - if (i == 4 &amp;&amp; wildList.indexOf(symbol) != -1): null

2019-08-24 13:01:07 - [TEST_STEP][PASSED] - symbols = symbols: null

2019-08-24 13:01:07 - [TEST_STEP][PASSED] - for ([j = 0, j &lt; symbols.size(), (j++)]): null

2019-08-24 13:01:07 - [TEST_STEP][PASSED] - symbol = symbol: null

2019-08-24 13:01:07 - [TEST_STEP][PASSED] - println(symbol): null

2019-08-24 13:01:07 - [TEST_STEP][PASSED] - if (i == 2 &amp;&amp; wildList.indexOf(symbol) != -1): null

2019-08-24 13:01:07 - [TEST_STEP][PASSED] - if (i == 3 &amp;&amp; wildList.indexOf(symbol) != -1): null

2019-08-24 13:01:07 - [TEST_STEP][PASSED] - if (i == 4 &amp;&amp; wildList.indexOf(symbol) != -1): null

2019-08-24 13:01:07 - [TEST_STEP][PASSED] - symbol = symbol: null

2019-08-24 13:01:07 - [TEST_STEP][PASSED] - println(symbol): null

2019-08-24 13:01:07 - [TEST_STEP][PASSED] - if (i == 2 &amp;&amp; wildList.indexOf(symbol) != -1): null

2019-08-24 13:01:07 - [TEST_STEP][PASSED] - if (i == 3 &amp;&amp; wildList.indexOf(symbol) != -1): null

2019-08-24 13:01:07 - [TEST_STEP][PASSED] - if (i == 4 &amp;&amp; wildList.indexOf(symbol) != -1): null

2019-08-24 13:01:07 - [TEST_STEP][PASSED] - symbol = symbol: null

2019-08-24 13:01:07 - [TEST_STEP][PASSED] - println(symbol): null

2019-08-24 13:01:07 - [TEST_STEP][PASSED] - if (i == 2 &amp;&amp; wildList.indexOf(symbol) != -1): null

2019-08-24 13:01:07 - [TEST_STEP][PASSED] - if (i == 3 &amp;&amp; wildList.indexOf(symbol) != -1): null

2019-08-24 13:01:16 - [TEST_STEP][PASSED] - if (i == 4 &amp;&amp; wildList.indexOf(symbol) != -1): null

2019-08-24 13:01:16 - [TEST_STEP][PASSED] - free_spin_reel_counter = free_spin_reel_counter: null

2019-08-24 13:01:16 - [TEST_STEP][PASSED] - println("reel 3 wild found: " + free_spin_reel_counter[0]): null

2019-08-24 13:01:16 - [TEST_STEP][PASSED] - println("reel 4 wild found: " + free_spin_reel_counter[1]): null

2019-08-24 13:01:16 - [TEST_STEP][PASSED] - println("reel 5 wild found: " + free_spin_reel_counter[2]): null

2019-08-24 13:01:21 - [TEST_STEP][PASSED] - M4_spin_reels = M4_spin_reels: null

2019-08-24 13:01:21 - [TEST_STEP][PASSED] - M4_spin_reels_symbols = symbol: null

2019-08-24 13:01:21 - [TEST_STEP][PASSED] - M4_spin_reels_symbols = M4_spin_reels_symbols: null

2019-08-24 13:01:21 - [TEST_STEP][PASSED] - M4_spin_reel_wins = reel_wins: null

2019-08-24 13:01:21 - [TEST_STEP][PASSED] - M4_spin_reel_wins = M4_spin_reel_wins: null

2019-08-24 13:01:21 - [TEST_STEP][PASSED] - println("GlobalVariable.M4_spin_reel_wins is: " + M4_spin_reel_wins): null

2019-08-24 13:01:21 - [TEST_STEP][PASSED] - M4_spin_total_bonus_win_this_round = total_bonus_win_this_round: null

2019-08-24 13:01:21 - [TEST_STEP][PASSED] - M4_spin_total_bonus_win_this_round = M4_spin_total_bonus_win_this_round: null

2019-08-24 13:01:21 - [TEST_STEP][PASSED] - println("GlobalVariable.M4_spin_total_bonus_win_this_round is: " + M4_spin_total_bonus_win_this_round): null

2019-08-24 13:01:21 - [TEST_STEP][PASSED] - M4_spin_bonus_spin_result = spin_result: null

2019-08-24 13:01:21 - [TEST_STEP][PASSED] - M4_spin_bonus_spin_result = M4_spin_bonus_spin_result: null

2019-08-24 13:01:21 - [MESSAGE][PASSED] - Verify response successfully

2019-08-24 13:01:21 - [MESSAGE][PASSED] - Send request and verify the response successfully

2019-08-24 13:01:21 - [TEST_STEP][PASSED] - if (M4_total_bonus_spins_int != 0 &amp;&amp; M4_spin_reels_symbols[2].contains("WILD_Expanding")): null

2019-08-24 13:01:21 - [TEST_STEP][PASSED] - free_spin_reel_counter = free_spin_reel_counter: null

2019-08-24 13:01:21 - [TEST_STEP][PASSED] - M4_spin_reels_symbols = M4_spin_reels_symbols: null

2019-08-24 13:01:21 - [TEST_STEP][PASSED] - M4_total_bonus_spins = M4_total_bonus_spins: null

2019-08-24 13:01:21 - [TEST_STEP][PASSED] - spin_result = sendRequestAndVerify(findTestObject("INT/RGS(M4)/1_M4_spin", ["M4_login_user_id":M4_login_user_id, "rgs_session_token":rgs_session_token, "partner":Partner])): Send request and verify the response successfully

2019-08-24 13:01:23 - [MESSAGE][INFO] - HAR: /Users/eiralee/Katalon_Script/SuperWild/Reports/20190824_125957/INT/superWild_5/20190824_125957/requests/main/24.har

2019-08-24 13:01:23 - [TEST_CASE][PASSED] - Start Test Case : Verification: Verification accomplished successfully

2019-08-24 13:01:23 - [TEST_STEP][PASSED] - request = getInstance().getCurrentRequest(): null

2019-08-24 13:01:24 - [TEST_STEP][PASSED] - response = getInstance().getCurrentResponse(): null

2019-08-24 13:01:24 - [TEST_STEP][PASSED] - verifyResponseStatusCode(response, 200): Verify response status code successfully

2019-08-24 13:01:24 - [MESSAGE][PASSED] - Verify response status code successfully

2019-08-24 13:01:24 - [TEST_STEP][PASSED] - getStatusCode()).isEqualTo(200): null

2019-08-24 13:01:24 - [TEST_STEP][PASSED] - newline = System.getProperty("line.separator"): null

2019-08-24 13:01:24 - [TEST_STEP][PASSED] - M4_spin = new groovy.json.JsonSlurper(): null

2019-08-24 13:01:24 - [TEST_STEP][PASSED] - result_M4_spin = M4_spin.parseText(response.getResponseBodyContent()): null

2019-08-24 13:01:24 - [TEST_STEP][PASSED] - M4_spin_current_balance = current_balance: null

2019-08-24 13:01:24 - [TEST_STEP][PASSED] - M4_spin_current_balance = M4_spin_current_balance: null

2019-08-24 13:01:24 - [TEST_STEP][PASSED] - M4_spin_transaction_id = causality: null

2019-08-24 13:01:24 - [TEST_STEP][PASSED] - M4_spin_transaction_id = M4_spin_transaction_id: null

2019-08-24 13:01:24 - [TEST_STEP][PASSED] - M4_spin_round_id = round_id: null

2019-08-24 13:01:24 - [TEST_STEP][PASSED] - M4_spin_round_id = M4_spin_round_id: null

2019-08-24 13:01:24 - [TEST_STEP][PASSED] - M4_spin_line_wins = line_wins: null

2019-08-24 13:01:24 - [TEST_STEP][PASSED] - M4_spin_line_wins = M4_spin_line_wins: null

2019-08-24 13:01:24 - [TEST_STEP][PASSED] - M4_total_bonus_spins_int = total_bonus_spins: null

2019-08-24 13:01:24 - [TEST_STEP][PASSED] - println("******M4_total_bonus_spins type is:*******" + newline + getClass().getName()): null

2019-08-24 13:01:24 - [TEST_STEP][PASSED] - M4_total_bonus_spins_int = M4_total_bonus_spins_int: null

2019-08-24 13:01:24 - [TEST_STEP][PASSED] - M4_total_bonus_spins = Integer.toString(M4_total_bonus_spins_int): null

2019-08-24 13:01:24 - [TEST_STEP][PASSED] - M4_total_bonus_spins = M4_total_bonus_spins: null

2019-08-24 13:01:24 - [TEST_STEP][PASSED] - println("M4_total_bonus_spins is:" + M4_total_bonus_spins): null

2019-08-24 13:01:24 - [TEST_STEP][PASSED] - M4_spin_bonus_data = bonus_data: null

2019-08-24 13:01:24 - [TEST_STEP][PASSED] - M4_spin_features_triggered = result_M4_spin: null

2019-08-24 13:01:24 - [TEST_STEP][PASSED] - wild = []: null

2019-08-24 13:01:24 - [TEST_STEP][PASSED] - wild[0] = "WILD_Expanding": null

2019-08-24 13:01:24 - [TEST_STEP][PASSED] - wild[1] = "WILD_Normal": null

2019-08-24 13:01:24 - [TEST_STEP][PASSED] - wild[2] = "WILD_Double": null

2019-08-24 13:01:24 - [TEST_STEP][PASSED] - wild[3] = "WILD_ExtraFG": null

2019-08-24 13:01:24 - [TEST_STEP][PASSED] - wild[4] = "WILD_Triple": null

2019-08-24 13:01:24 - [TEST_STEP][PASSED] - wildList = Arrays.asList(wild): null

2019-08-24 13:01:24 - [TEST_STEP][PASSED] - wildList = wildList: null

2019-08-24 13:01:24 - [TEST_STEP][PASSED] - free_spin_reel_counter = []: null

2019-08-24 13:01:24 - [TEST_STEP][PASSED] - free_spin_reel_counter[0] = 0: null

2019-08-24 13:01:24 - [TEST_STEP][PASSED] - free_spin_reel_counter[1] = 0: null

2019-08-24 13:01:24 - [TEST_STEP][PASSED] - free_spin_reel_counter[2] = 0: null

2019-08-24 13:01:24 - [TEST_STEP][PASSED] - M4_spin_reels = reels: null

2019-08-24 13:01:24 - [TEST_STEP][PASSED] - for ([i = 0, i &lt; M4_spin_reels.size(), (i++)]): null

2019-08-24 13:01:24 - [TEST_STEP][PASSED] - symbols = symbols: null

2019-08-24 13:01:24 - [TEST_STEP][PASSED] - for ([j = 0, j &lt; symbols.size(), (j++)]): null

2019-08-24 13:01:24 - [TEST_STEP][PASSED] - symbol = symbol: null

2019-08-24 13:01:24 - [TEST_STEP][PASSED] - println(symbol): null

2019-08-24 13:01:24 - [TEST_STEP][PASSED] - if (i == 2 &amp;&amp; wildList.indexOf(symbol) != -1): null

2019-08-24 13:01:24 - [TEST_STEP][PASSED] - if (i == 3 &amp;&amp; wildList.indexOf(symbol) != -1): null

2019-08-24 13:01:24 - [TEST_STEP][PASSED] - if (i == 4 &amp;&amp; wildList.indexOf(symbol) != -1): null

2019-08-24 13:01:24 - [TEST_STEP][PASSED] - symbol = symbol: null

2019-08-24 13:01:24 - [TEST_STEP][PASSED] - println(symbol): null

2019-08-24 13:01:24 - [TEST_STEP][PASSED] - if (i == 2 &amp;&amp; wildList.indexOf(symbol) != -1): null

2019-08-24 13:01:24 - [TEST_STEP][PASSED] - if (i == 3 &amp;&amp; wildList.indexOf(symbol) != -1): null

2019-08-24 13:01:24 - [TEST_STEP][PASSED] - if (i == 4 &amp;&amp; wildList.indexOf(symbol) != -1): null

2019-08-24 13:01:24 - [TEST_STEP][PASSED] - symbol = symbol: null

2019-08-24 13:01:24 - [TEST_STEP][PASSED] - println(symbol): null

2019-08-24 13:01:24 - [TEST_STEP][PASSED] - if (i == 2 &amp;&amp; wildList.indexOf(symbol) != -1): null

2019-08-24 13:01:24 - [TEST_STEP][PASSED] - if (i == 3 &amp;&amp; wildList.indexOf(symbol) != -1): null

2019-08-24 13:01:24 - [TEST_STEP][PASSED] - if (i == 4 &amp;&amp; wildList.indexOf(symbol) != -1): null

2019-08-24 13:01:24 - [TEST_STEP][PASSED] - symbols = symbols: null

2019-08-24 13:01:24 - [TEST_STEP][PASSED] - for ([j = 0, j &lt; symbols.size(), (j++)]): null

2019-08-24 13:01:24 - [TEST_STEP][PASSED] - symbol = symbol: null

2019-08-24 13:01:24 - [TEST_STEP][PASSED] - println(symbol): null

2019-08-24 13:01:24 - [TEST_STEP][PASSED] - if (i == 2 &amp;&amp; wildList.indexOf(symbol) != -1): null

2019-08-24 13:01:24 - [TEST_STEP][PASSED] - if (i == 3 &amp;&amp; wildList.indexOf(symbol) != -1): null

2019-08-24 13:01:24 - [TEST_STEP][PASSED] - if (i == 4 &amp;&amp; wildList.indexOf(symbol) != -1): null

2019-08-24 13:01:24 - [TEST_STEP][PASSED] - symbol = symbol: null

2019-08-24 13:01:24 - [TEST_STEP][PASSED] - println(symbol): null

2019-08-24 13:01:24 - [TEST_STEP][PASSED] - if (i == 2 &amp;&amp; wildList.indexOf(symbol) != -1): null

2019-08-24 13:01:24 - [TEST_STEP][PASSED] - if (i == 3 &amp;&amp; wildList.indexOf(symbol) != -1): null

2019-08-24 13:01:24 - [TEST_STEP][PASSED] - if (i == 4 &amp;&amp; wildList.indexOf(symbol) != -1): null

2019-08-24 13:01:24 - [TEST_STEP][PASSED] - symbol = symbol: null

2019-08-24 13:01:24 - [TEST_STEP][PASSED] - println(symbol): null

2019-08-24 13:01:24 - [TEST_STEP][PASSED] - if (i == 2 &amp;&amp; wildList.indexOf(symbol) != -1): null

2019-08-24 13:01:24 - [TEST_STEP][PASSED] - if (i == 3 &amp;&amp; wildList.indexOf(symbol) != -1): null

2019-08-24 13:01:24 - [TEST_STEP][PASSED] - if (i == 4 &amp;&amp; wildList.indexOf(symbol) != -1): null

2019-08-24 13:01:24 - [TEST_STEP][PASSED] - symbols = symbols: null

2019-08-24 13:01:24 - [TEST_STEP][PASSED] - for ([j = 0, j &lt; symbols.size(), (j++)]): null

2019-08-24 13:01:24 - [TEST_STEP][PASSED] - symbol = symbol: null

2019-08-24 13:01:24 - [TEST_STEP][PASSED] - println(symbol): null

2019-08-24 13:01:24 - [TEST_STEP][PASSED] - if (i == 2 &amp;&amp; wildList.indexOf(symbol) != -1): null

2019-08-24 13:01:24 - [TEST_STEP][PASSED] - if (i == 3 &amp;&amp; wildList.indexOf(symbol) != -1): null

2019-08-24 13:01:24 - [TEST_STEP][PASSED] - if (i == 4 &amp;&amp; wildList.indexOf(symbol) != -1): null

2019-08-24 13:01:24 - [TEST_STEP][PASSED] - symbol = symbol: null

2019-08-24 13:01:24 - [TEST_STEP][PASSED] - println(symbol): null

2019-08-24 13:01:24 - [TEST_STEP][PASSED] - if (i == 2 &amp;&amp; wildList.indexOf(symbol) != -1): null

2019-08-24 13:01:24 - [TEST_STEP][PASSED] - if (i == 3 &amp;&amp; wildList.indexOf(symbol) != -1): null

2019-08-24 13:01:24 - [TEST_STEP][PASSED] - if (i == 4 &amp;&amp; wildList.indexOf(symbol) != -1): null

2019-08-24 13:01:24 - [TEST_STEP][PASSED] - symbol = symbol: null

2019-08-24 13:01:24 - [TEST_STEP][PASSED] - println(symbol): null

2019-08-24 13:01:24 - [TEST_STEP][PASSED] - if (i == 2 &amp;&amp; wildList.indexOf(symbol) != -1): null

2019-08-24 13:01:24 - [TEST_STEP][PASSED] - if (i == 3 &amp;&amp; wildList.indexOf(symbol) != -1): null

2019-08-24 13:01:24 - [TEST_STEP][PASSED] - if (i == 4 &amp;&amp; wildList.indexOf(symbol) != -1): null

2019-08-24 13:01:24 - [TEST_STEP][PASSED] - symbols = symbols: null

2019-08-24 13:01:24 - [TEST_STEP][PASSED] - for ([j = 0, j &lt; symbols.size(), (j++)]): null

2019-08-24 13:01:24 - [TEST_STEP][PASSED] - symbol = symbol: null

2019-08-24 13:01:24 - [TEST_STEP][PASSED] - println(symbol): null

2019-08-24 13:01:24 - [TEST_STEP][PASSED] - if (i == 2 &amp;&amp; wildList.indexOf(symbol) != -1): null

2019-08-24 13:01:24 - [TEST_STEP][PASSED] - if (i == 3 &amp;&amp; wildList.indexOf(symbol) != -1): null

2019-08-24 13:01:24 - [TEST_STEP][PASSED] - if (i == 4 &amp;&amp; wildList.indexOf(symbol) != -1): null

2019-08-24 13:01:24 - [TEST_STEP][PASSED] - symbol = symbol: null

2019-08-24 13:01:24 - [TEST_STEP][PASSED] - println(symbol): null

2019-08-24 13:01:24 - [TEST_STEP][PASSED] - if (i == 2 &amp;&amp; wildList.indexOf(symbol) != -1): null

2019-08-24 13:01:24 - [TEST_STEP][PASSED] - if (i == 3 &amp;&amp; wildList.indexOf(symbol) != -1): null

2019-08-24 13:01:24 - [TEST_STEP][PASSED] - if (i == 4 &amp;&amp; wildList.indexOf(symbol) != -1): null

2019-08-24 13:01:24 - [TEST_STEP][PASSED] - symbol = symbol: null

2019-08-24 13:01:24 - [TEST_STEP][PASSED] - println(symbol): null

2019-08-24 13:01:24 - [TEST_STEP][PASSED] - if (i == 2 &amp;&amp; wildList.indexOf(symbol) != -1): null

2019-08-24 13:01:24 - [TEST_STEP][PASSED] - if (i == 3 &amp;&amp; wildList.indexOf(symbol) != -1): null

2019-08-24 13:01:24 - [TEST_STEP][PASSED] - if (i == 4 &amp;&amp; wildList.indexOf(symbol) != -1): null

2019-08-24 13:01:24 - [TEST_STEP][PASSED] - symbols = symbols: null

2019-08-24 13:01:24 - [TEST_STEP][PASSED] - for ([j = 0, j &lt; symbols.size(), (j++)]): null

2019-08-24 13:01:24 - [TEST_STEP][PASSED] - symbol = symbol: null

2019-08-24 13:01:24 - [TEST_STEP][PASSED] - println(symbol): null

2019-08-24 13:01:24 - [TEST_STEP][PASSED] - if (i == 2 &amp;&amp; wildList.indexOf(symbol) != -1): null

2019-08-24 13:01:24 - [TEST_STEP][PASSED] - if (i == 3 &amp;&amp; wildList.indexOf(symbol) != -1): null

2019-08-24 13:01:24 - [TEST_STEP][PASSED] - if (i == 4 &amp;&amp; wildList.indexOf(symbol) != -1): null

2019-08-24 13:01:24 - [TEST_STEP][PASSED] - symbol = symbol: null

2019-08-24 13:01:24 - [TEST_STEP][PASSED] - println(symbol): null

2019-08-24 13:01:24 - [TEST_STEP][PASSED] - if (i == 2 &amp;&amp; wildList.indexOf(symbol) != -1): null

2019-08-24 13:01:24 - [TEST_STEP][PASSED] - if (i == 3 &amp;&amp; wildList.indexOf(symbol) != -1): null

2019-08-24 13:01:24 - [TEST_STEP][PASSED] - if (i == 4 &amp;&amp; wildList.indexOf(symbol) != -1): null

2019-08-24 13:01:24 - [TEST_STEP][PASSED] - symbol = symbol: null

2019-08-24 13:01:24 - [TEST_STEP][PASSED] - println(symbol): null

2019-08-24 13:01:24 - [TEST_STEP][PASSED] - if (i == 2 &amp;&amp; wildList.indexOf(symbol) != -1): null

2019-08-24 13:01:24 - [TEST_STEP][PASSED] - if (i == 3 &amp;&amp; wildList.indexOf(symbol) != -1): null

2019-08-24 13:01:24 - [TEST_STEP][PASSED] - if (i == 4 &amp;&amp; wildList.indexOf(symbol) != -1): null

2019-08-24 13:01:24 - [TEST_STEP][PASSED] - free_spin_reel_counter = free_spin_reel_counter: null

2019-08-24 13:01:24 - [TEST_STEP][PASSED] - println("reel 3 wild found: " + free_spin_reel_counter[0]): null

2019-08-24 13:01:24 - [TEST_STEP][PASSED] - println("reel 4 wild found: " + free_spin_reel_counter[1]): null

2019-08-24 13:01:24 - [TEST_STEP][PASSED] - println("reel 5 wild found: " + free_spin_reel_counter[2]): null

2019-08-24 13:01:24 - [TEST_STEP][PASSED] - M4_spin_reels = M4_spin_reels: null

2019-08-24 13:01:24 - [TEST_STEP][PASSED] - M4_spin_reels_symbols = symbol: null

2019-08-24 13:01:24 - [TEST_STEP][PASSED] - M4_spin_reels_symbols = M4_spin_reels_symbols: null

2019-08-24 13:01:24 - [TEST_STEP][PASSED] - M4_spin_reel_wins = reel_wins: null

2019-08-24 13:01:24 - [TEST_STEP][PASSED] - M4_spin_reel_wins = M4_spin_reel_wins: null

2019-08-24 13:01:24 - [TEST_STEP][PASSED] - println("GlobalVariable.M4_spin_reel_wins is: " + M4_spin_reel_wins): null

2019-08-24 13:01:24 - [TEST_STEP][PASSED] - M4_spin_total_bonus_win_this_round = total_bonus_win_this_round: null

2019-08-24 13:01:24 - [TEST_STEP][PASSED] - M4_spin_total_bonus_win_this_round = M4_spin_total_bonus_win_this_round: null

2019-08-24 13:01:24 - [TEST_STEP][PASSED] - println("GlobalVariable.M4_spin_total_bonus_win_this_round is: " + M4_spin_total_bonus_win_this_round): null

2019-08-24 13:01:24 - [TEST_STEP][PASSED] - M4_spin_bonus_spin_result = spin_result: null

2019-08-24 13:01:24 - [TEST_STEP][PASSED] - M4_spin_bonus_spin_result = M4_spin_bonus_spin_result: null

2019-08-24 13:01:24 - [MESSAGE][PASSED] - Verify response successfully

2019-08-24 13:01:24 - [MESSAGE][PASSED] - Send request and verify the response successfully

2019-08-24 13:01:24 - [TEST_STEP][PASSED] - if (M4_total_bonus_spins_int != 0 &amp;&amp; M4_spin_reels_symbols[2].contains("WILD_Expanding")): null

2019-08-24 13:01:24 - [TEST_STEP][PASSED] - free_spin_reel_counter = free_spin_reel_counter: null

2019-08-24 13:01:24 - [TEST_STEP][PASSED] - M4_spin_reels_symbols = M4_spin_reels_symbols: null

2019-08-24 13:01:24 - [TEST_STEP][PASSED] - M4_total_bonus_spins = M4_total_bonus_spins: null

2019-08-24 13:01:24 - [TEST_STEP][PASSED] - spin_result = sendRequestAndVerify(findTestObject("INT/RGS(M4)/1_M4_spin", ["M4_login_user_id":M4_login_user_id, "rgs_session_token":rgs_session_token, "partner":Partner])): Send request and verify the response successfully

2019-08-24 13:01:24 - [MESSAGE][INFO] - HAR: /Users/eiralee/Katalon_Script/SuperWild/Reports/20190824_125957/INT/superWild_5/20190824_125957/requests/main/25.har

2019-08-24 13:01:24 - [TEST_CASE][PASSED] - Start Test Case : Verification: Verification accomplished successfully

2019-08-24 13:01:24 - [TEST_STEP][PASSED] - request = getInstance().getCurrentRequest(): null

2019-08-24 13:01:24 - [TEST_STEP][PASSED] - response = getInstance().getCurrentResponse(): null

2019-08-24 13:01:24 - [TEST_STEP][PASSED] - verifyResponseStatusCode(response, 200): Verify response status code successfully

2019-08-24 13:01:24 - [MESSAGE][PASSED] - Verify response status code successfully

2019-08-24 13:01:24 - [TEST_STEP][PASSED] - getStatusCode()).isEqualTo(200): null

2019-08-24 13:01:24 - [TEST_STEP][PASSED] - newline = System.getProperty("line.separator"): null

2019-08-24 13:01:24 - [TEST_STEP][PASSED] - M4_spin = new groovy.json.JsonSlurper(): null

2019-08-24 13:01:24 - [TEST_STEP][PASSED] - result_M4_spin = M4_spin.parseText(response.getResponseBodyContent()): null

2019-08-24 13:01:24 - [TEST_STEP][PASSED] - M4_spin_current_balance = current_balance: null

2019-08-24 13:01:24 - [TEST_STEP][PASSED] - M4_spin_current_balance = M4_spin_current_balance: null

2019-08-24 13:01:24 - [TEST_STEP][PASSED] - M4_spin_transaction_id = causality: null

2019-08-24 13:01:24 - [TEST_STEP][PASSED] - M4_spin_transaction_id = M4_spin_transaction_id: null

2019-08-24 13:01:24 - [TEST_STEP][PASSED] - M4_spin_round_id = round_id: null

2019-08-24 13:01:24 - [TEST_STEP][PASSED] - M4_spin_round_id = M4_spin_round_id: null

2019-08-24 13:01:24 - [TEST_STEP][PASSED] - M4_spin_line_wins = line_wins: null

2019-08-24 13:01:24 - [TEST_STEP][PASSED] - M4_spin_line_wins = M4_spin_line_wins: null

2019-08-24 13:01:24 - [TEST_STEP][PASSED] - M4_total_bonus_spins_int = total_bonus_spins: null

2019-08-24 13:01:24 - [TEST_STEP][PASSED] - println("******M4_total_bonus_spins type is:*******" + newline + getClass().getName()): null

2019-08-24 13:01:24 - [TEST_STEP][PASSED] - M4_total_bonus_spins_int = M4_total_bonus_spins_int: null

2019-08-24 13:01:24 - [TEST_STEP][PASSED] - M4_total_bonus_spins = Integer.toString(M4_total_bonus_spins_int): null

2019-08-24 13:01:24 - [TEST_STEP][PASSED] - M4_total_bonus_spins = M4_total_bonus_spins: null

2019-08-24 13:01:24 - [TEST_STEP][PASSED] - println("M4_total_bonus_spins is:" + M4_total_bonus_spins): null

2019-08-24 13:01:24 - [TEST_STEP][PASSED] - M4_spin_bonus_data = bonus_data: null

2019-08-24 13:01:24 - [TEST_STEP][PASSED] - M4_spin_features_triggered = result_M4_spin: null

2019-08-24 13:01:24 - [TEST_STEP][PASSED] - wild = []: null

2019-08-24 13:01:24 - [TEST_STEP][PASSED] - wild[0] = "WILD_Expanding": null

2019-08-24 13:01:24 - [TEST_STEP][PASSED] - wild[1] = "WILD_Normal": null

2019-08-24 13:01:24 - [TEST_STEP][PASSED] - wild[2] = "WILD_Double": null

2019-08-24 13:01:24 - [TEST_STEP][PASSED] - wild[3] = "WILD_ExtraFG": null

2019-08-24 13:01:24 - [TEST_STEP][PASSED] - wild[4] = "WILD_Triple": null

2019-08-24 13:01:24 - [TEST_STEP][PASSED] - wildList = Arrays.asList(wild): null

2019-08-24 13:01:24 - [TEST_STEP][PASSED] - wildList = wildList: null

2019-08-24 13:01:24 - [TEST_STEP][PASSED] - free_spin_reel_counter = []: null

2019-08-24 13:01:24 - [TEST_STEP][PASSED] - free_spin_reel_counter[0] = 0: null

2019-08-24 13:01:24 - [TEST_STEP][PASSED] - free_spin_reel_counter[1] = 0: null

2019-08-24 13:01:24 - [TEST_STEP][PASSED] - free_spin_reel_counter[2] = 0: null

2019-08-24 13:01:24 - [TEST_STEP][PASSED] - M4_spin_reels = reels: null

2019-08-24 13:01:24 - [TEST_STEP][PASSED] - for ([i = 0, i &lt; M4_spin_reels.size(), (i++)]): null

2019-08-24 13:01:24 - [TEST_STEP][PASSED] - symbols = symbols: null

2019-08-24 13:01:24 - [TEST_STEP][PASSED] - for ([j = 0, j &lt; symbols.size(), (j++)]): null

2019-08-24 13:01:24 - [TEST_STEP][PASSED] - symbol = symbol: null

2019-08-24 13:01:24 - [TEST_STEP][PASSED] - println(symbol): null

2019-08-24 13:01:24 - [TEST_STEP][PASSED] - if (i == 2 &amp;&amp; wildList.indexOf(symbol) != -1): null

2019-08-24 13:01:24 - [TEST_STEP][PASSED] - if (i == 3 &amp;&amp; wildList.indexOf(symbol) != -1): null

2019-08-24 13:01:24 - [TEST_STEP][PASSED] - if (i == 4 &amp;&amp; wildList.indexOf(symbol) != -1): null

2019-08-24 13:01:24 - [TEST_STEP][PASSED] - symbol = symbol: null

2019-08-24 13:01:24 - [TEST_STEP][PASSED] - println(symbol): null

2019-08-24 13:01:24 - [TEST_STEP][PASSED] - if (i == 2 &amp;&amp; wildList.indexOf(symbol) != -1): null

2019-08-24 13:01:24 - [TEST_STEP][PASSED] - if (i == 3 &amp;&amp; wildList.indexOf(symbol) != -1): null

2019-08-24 13:01:24 - [TEST_STEP][PASSED] - if (i == 4 &amp;&amp; wildList.indexOf(symbol) != -1): null

2019-08-24 13:01:24 - [TEST_STEP][PASSED] - symbol = symbol: null

2019-08-24 13:01:24 - [TEST_STEP][PASSED] - println(symbol): null

2019-08-24 13:01:24 - [TEST_STEP][PASSED] - if (i == 2 &amp;&amp; wildList.indexOf(symbol) != -1): null

2019-08-24 13:01:24 - [TEST_STEP][PASSED] - if (i == 3 &amp;&amp; wildList.indexOf(symbol) != -1): null

2019-08-24 13:01:24 - [TEST_STEP][PASSED] - if (i == 4 &amp;&amp; wildList.indexOf(symbol) != -1): null

2019-08-24 13:01:24 - [TEST_STEP][PASSED] - symbols = symbols: null

2019-08-24 13:01:24 - [TEST_STEP][PASSED] - for ([j = 0, j &lt; symbols.size(), (j++)]): null

2019-08-24 13:01:24 - [TEST_STEP][PASSED] - symbol = symbol: null

2019-08-24 13:01:24 - [TEST_STEP][PASSED] - println(symbol): null

2019-08-24 13:01:24 - [TEST_STEP][PASSED] - if (i == 2 &amp;&amp; wildList.indexOf(symbol) != -1): null

2019-08-24 13:01:24 - [TEST_STEP][PASSED] - if (i == 3 &amp;&amp; wildList.indexOf(symbol) != -1): null

2019-08-24 13:01:24 - [TEST_STEP][PASSED] - if (i == 4 &amp;&amp; wildList.indexOf(symbol) != -1): null

2019-08-24 13:01:24 - [TEST_STEP][PASSED] - symbol = symbol: null

2019-08-24 13:01:24 - [TEST_STEP][PASSED] - println(symbol): null

2019-08-24 13:01:24 - [TEST_STEP][PASSED] - if (i == 2 &amp;&amp; wildList.indexOf(symbol) != -1): null

2019-08-24 13:01:24 - [TEST_STEP][PASSED] - if (i == 3 &amp;&amp; wildList.indexOf(symbol) != -1): null

2019-08-24 13:01:24 - [TEST_STEP][PASSED] - if (i == 4 &amp;&amp; wildList.indexOf(symbol) != -1): null

2019-08-24 13:01:24 - [TEST_STEP][PASSED] - symbol = symbol: null

2019-08-24 13:01:24 - [TEST_STEP][PASSED] - println(symbol): null

2019-08-24 13:01:24 - [TEST_STEP][PASSED] - if (i == 2 &amp;&amp; wildList.indexOf(symbol) != -1): null

2019-08-24 13:01:24 - [TEST_STEP][PASSED] - if (i == 3 &amp;&amp; wildList.indexOf(symbol) != -1): null

2019-08-24 13:01:24 - [TEST_STEP][PASSED] - if (i == 4 &amp;&amp; wildList.indexOf(symbol) != -1): null

2019-08-24 13:01:24 - [TEST_STEP][PASSED] - symbols = symbols: null

2019-08-24 13:01:24 - [TEST_STEP][PASSED] - for ([j = 0, j &lt; symbols.size(), (j++)]): null

2019-08-24 13:01:24 - [TEST_STEP][PASSED] - symbol = symbol: null

2019-08-24 13:01:24 - [TEST_STEP][PASSED] - println(symbol): null

2019-08-24 13:01:24 - [TEST_STEP][PASSED] - if (i == 2 &amp;&amp; wildList.indexOf(symbol) != -1): null

2019-08-24 13:01:24 - [TEST_STEP][PASSED] - if (i == 3 &amp;&amp; wildList.indexOf(symbol) != -1): null

2019-08-24 13:01:24 - [TEST_STEP][PASSED] - if (i == 4 &amp;&amp; wildList.indexOf(symbol) != -1): null

2019-08-24 13:01:24 - [TEST_STEP][PASSED] - symbol = symbol: null

2019-08-24 13:01:24 - [TEST_STEP][PASSED] - println(symbol): null

2019-08-24 13:01:24 - [TEST_STEP][PASSED] - if (i == 2 &amp;&amp; wildList.indexOf(symbol) != -1): null

2019-08-24 13:01:24 - [TEST_STEP][PASSED] - if (i == 3 &amp;&amp; wildList.indexOf(symbol) != -1): null

2019-08-24 13:01:24 - [TEST_STEP][PASSED] - if (i == 4 &amp;&amp; wildList.indexOf(symbol) != -1): null

2019-08-24 13:01:24 - [TEST_STEP][PASSED] - symbol = symbol: null

2019-08-24 13:01:24 - [TEST_STEP][PASSED] - println(symbol): null

2019-08-24 13:01:24 - [TEST_STEP][PASSED] - if (i == 2 &amp;&amp; wildList.indexOf(symbol) != -1): null

2019-08-24 13:01:24 - [TEST_STEP][PASSED] - if (i == 3 &amp;&amp; wildList.indexOf(symbol) != -1): null

2019-08-24 13:01:24 - [TEST_STEP][PASSED] - if (i == 4 &amp;&amp; wildList.indexOf(symbol) != -1): null

2019-08-24 13:01:24 - [TEST_STEP][PASSED] - symbols = symbols: null

2019-08-24 13:01:24 - [TEST_STEP][PASSED] - for ([j = 0, j &lt; symbols.size(), (j++)]): null

2019-08-24 13:01:24 - [TEST_STEP][PASSED] - symbol = symbol: null

2019-08-24 13:01:24 - [TEST_STEP][PASSED] - println(symbol): null

2019-08-24 13:01:24 - [TEST_STEP][PASSED] - if (i == 2 &amp;&amp; wildList.indexOf(symbol) != -1): null

2019-08-24 13:01:24 - [TEST_STEP][PASSED] - if (i == 3 &amp;&amp; wildList.indexOf(symbol) != -1): null

2019-08-24 13:01:24 - [TEST_STEP][PASSED] - println("wild found on reel 4, adding counter by 1"): null

2019-08-24 13:01:24 - [TEST_STEP][PASSED] - free_spin_reel_counter[1] = free_spin_reel_counter[1] + 1: null

2019-08-24 13:01:24 - [TEST_STEP][PASSED] - if (i == 4 &amp;&amp; wildList.indexOf(symbol) != -1): null

2019-08-24 13:01:24 - [TEST_STEP][PASSED] - symbol = symbol: null

2019-08-24 13:01:24 - [TEST_STEP][PASSED] - println(symbol): null

2019-08-24 13:01:24 - [TEST_STEP][PASSED] - if (i == 2 &amp;&amp; wildList.indexOf(symbol) != -1): null

2019-08-24 13:01:24 - [TEST_STEP][PASSED] - if (i == 3 &amp;&amp; wildList.indexOf(symbol) != -1): null

2019-08-24 13:01:24 - [TEST_STEP][PASSED] - if (i == 4 &amp;&amp; wildList.indexOf(symbol) != -1): null

2019-08-24 13:01:24 - [TEST_STEP][PASSED] - symbol = symbol: null

2019-08-24 13:01:24 - [TEST_STEP][PASSED] - println(symbol): null

2019-08-24 13:01:24 - [TEST_STEP][PASSED] - if (i == 2 &amp;&amp; wildList.indexOf(symbol) != -1): null

2019-08-24 13:01:24 - [TEST_STEP][PASSED] - if (i == 3 &amp;&amp; wildList.indexOf(symbol) != -1): null

2019-08-24 13:01:24 - [TEST_STEP][PASSED] - if (i == 4 &amp;&amp; wildList.indexOf(symbol) != -1): null

2019-08-24 13:01:24 - [TEST_STEP][PASSED] - symbols = symbols: null

2019-08-24 13:01:24 - [TEST_STEP][PASSED] - for ([j = 0, j &lt; symbols.size(), (j++)]): null

2019-08-24 13:01:24 - [TEST_STEP][PASSED] - symbol = symbol: null

2019-08-24 13:01:24 - [TEST_STEP][PASSED] - println(symbol): null

2019-08-24 13:01:24 - [TEST_STEP][PASSED] - if (i == 2 &amp;&amp; wildList.indexOf(symbol) != -1): null

2019-08-24 13:01:24 - [TEST_STEP][PASSED] - if (i == 3 &amp;&amp; wildList.indexOf(symbol) != -1): null

2019-08-24 13:01:24 - [TEST_STEP][PASSED] - if (i == 4 &amp;&amp; wildList.indexOf(symbol) != -1): null

2019-08-24 13:01:24 - [TEST_STEP][PASSED] - symbol = symbol: null

2019-08-24 13:01:24 - [TEST_STEP][PASSED] - println(symbol): null

2019-08-24 13:01:24 - [TEST_STEP][PASSED] - if (i == 2 &amp;&amp; wildList.indexOf(symbol) != -1): null

2019-08-24 13:01:24 - [TEST_STEP][PASSED] - if (i == 3 &amp;&amp; wildList.indexOf(symbol) != -1): null

2019-08-24 13:01:24 - [TEST_STEP][PASSED] - if (i == 4 &amp;&amp; wildList.indexOf(symbol) != -1): null

2019-08-24 13:01:24 - [TEST_STEP][PASSED] - symbol = symbol: null

2019-08-24 13:01:24 - [TEST_STEP][PASSED] - println(symbol): null

2019-08-24 13:01:24 - [TEST_STEP][PASSED] - if (i == 2 &amp;&amp; wildList.indexOf(symbol) != -1): null

2019-08-24 13:01:24 - [TEST_STEP][PASSED] - if (i == 3 &amp;&amp; wildList.indexOf(symbol) != -1): null

2019-08-24 13:01:24 - [TEST_STEP][PASSED] - if (i == 4 &amp;&amp; wildList.indexOf(symbol) != -1): null

2019-08-24 13:01:24 - [TEST_STEP][PASSED] - free_spin_reel_counter = free_spin_reel_counter: null

2019-08-24 13:01:24 - [TEST_STEP][PASSED] - println("reel 3 wild found: " + free_spin_reel_counter[0]): null

2019-08-24 13:01:24 - [TEST_STEP][PASSED] - println("reel 4 wild found: " + free_spin_reel_counter[1]): null

2019-08-24 13:01:24 - [TEST_STEP][PASSED] - println("reel 5 wild found: " + free_spin_reel_counter[2]): null

2019-08-24 13:01:24 - [TEST_STEP][PASSED] - M4_spin_reels = M4_spin_reels: null

2019-08-24 13:01:24 - [TEST_STEP][PASSED] - M4_spin_reels_symbols = symbol: null

2019-08-24 13:01:24 - [TEST_STEP][PASSED] - M4_spin_reels_symbols = M4_spin_reels_symbols: null

2019-08-24 13:01:24 - [TEST_STEP][PASSED] - M4_spin_reel_wins = reel_wins: null

2019-08-24 13:01:24 - [TEST_STEP][PASSED] - M4_spin_reel_wins = M4_spin_reel_wins: null

2019-08-24 13:01:24 - [TEST_STEP][PASSED] - println("GlobalVariable.M4_spin_reel_wins is: " + M4_spin_reel_wins): null

2019-08-24 13:01:24 - [TEST_STEP][PASSED] - M4_spin_total_bonus_win_this_round = total_bonus_win_this_round: null

2019-08-24 13:01:24 - [TEST_STEP][PASSED] - M4_spin_total_bonus_win_this_round = M4_spin_total_bonus_win_this_round: null

2019-08-24 13:01:24 - [TEST_STEP][PASSED] - println("GlobalVariable.M4_spin_total_bonus_win_this_round is: " + M4_spin_total_bonus_win_this_round): null

2019-08-24 13:01:24 - [TEST_STEP][PASSED] - M4_spin_bonus_spin_result = spin_result: null

2019-08-24 13:01:24 - [TEST_STEP][PASSED] - M4_spin_bonus_spin_result = M4_spin_bonus_spin_result: null

2019-08-24 13:01:24 - [MESSAGE][PASSED] - Verify response successfully

2019-08-24 13:01:24 - [MESSAGE][PASSED] - Send request and verify the response successfully

2019-08-24 13:01:24 - [TEST_STEP][PASSED] - if (M4_total_bonus_spins_int != 0 &amp;&amp; M4_spin_reels_symbols[2].contains("WILD_Expanding")): null

2019-08-24 13:01:24 - [TEST_STEP][PASSED] - free_spin_reel_counter = free_spin_reel_counter: null

2019-08-24 13:01:24 - [TEST_STEP][PASSED] - M4_spin_reels_symbols = M4_spin_reels_symbols: null

2019-08-24 13:01:24 - [TEST_STEP][PASSED] - M4_total_bonus_spins = M4_total_bonus_spins: null

2019-08-24 13:01:24 - [TEST_STEP][PASSED] - spin_result = sendRequestAndVerify(findTestObject("INT/RGS(M4)/1_M4_spin", ["M4_login_user_id":M4_login_user_id, "rgs_session_token":rgs_session_token, "partner":Partner])): Send request and verify the response successfully

2019-08-24 13:01:24 - [MESSAGE][INFO] - HAR: /Users/eiralee/Katalon_Script/SuperWild/Reports/20190824_125957/INT/superWild_5/20190824_125957/requests/main/26.har

2019-08-24 13:01:24 - [TEST_CASE][PASSED] - Start Test Case : Verification: Verification accomplished successfully

2019-08-24 13:01:25 - [TEST_STEP][PASSED] - request = getInstance().getCurrentRequest(): null

2019-08-24 13:01:25 - [TEST_STEP][PASSED] - response = getInstance().getCurrentResponse(): null

2019-08-24 13:01:25 - [TEST_STEP][PASSED] - verifyResponseStatusCode(response, 200): Verify response status code successfully

2019-08-24 13:01:25 - [MESSAGE][PASSED] - Verify response status code successfully

2019-08-24 13:01:25 - [TEST_STEP][PASSED] - getStatusCode()).isEqualTo(200): null

2019-08-24 13:01:25 - [TEST_STEP][PASSED] - newline = System.getProperty("line.separator"): null

2019-08-24 13:01:25 - [TEST_STEP][PASSED] - M4_spin = new groovy.json.JsonSlurper(): null

2019-08-24 13:01:25 - [TEST_STEP][PASSED] - result_M4_spin = M4_spin.parseText(response.getResponseBodyContent()): null

2019-08-24 13:01:25 - [TEST_STEP][PASSED] - M4_spin_current_balance = current_balance: null

2019-08-24 13:01:25 - [TEST_STEP][PASSED] - M4_spin_current_balance = M4_spin_current_balance: null

2019-08-24 13:01:25 - [TEST_STEP][PASSED] - M4_spin_transaction_id = causality: null

2019-08-24 13:01:25 - [TEST_STEP][PASSED] - M4_spin_transaction_id = M4_spin_transaction_id: null

2019-08-24 13:01:25 - [TEST_STEP][PASSED] - M4_spin_round_id = round_id: null

2019-08-24 13:01:25 - [TEST_STEP][PASSED] - M4_spin_round_id = M4_spin_round_id: null

2019-08-24 13:01:25 - [TEST_STEP][PASSED] - M4_spin_line_wins = line_wins: null

2019-08-24 13:01:25 - [TEST_STEP][PASSED] - M4_spin_line_wins = M4_spin_line_wins: null

2019-08-24 13:01:25 - [TEST_STEP][PASSED] - M4_total_bonus_spins_int = total_bonus_spins: null

2019-08-24 13:01:25 - [TEST_STEP][PASSED] - println("******M4_total_bonus_spins type is:*******" + newline + getClass().getName()): null

2019-08-24 13:01:25 - [TEST_STEP][PASSED] - M4_total_bonus_spins_int = M4_total_bonus_spins_int: null

2019-08-24 13:01:25 - [TEST_STEP][PASSED] - M4_total_bonus_spins = Integer.toString(M4_total_bonus_spins_int): null

2019-08-24 13:01:25 - [TEST_STEP][PASSED] - M4_total_bonus_spins = M4_total_bonus_spins: null

2019-08-24 13:01:25 - [TEST_STEP][PASSED] - println("M4_total_bonus_spins is:" + M4_total_bonus_spins): null

2019-08-24 13:01:25 - [TEST_STEP][PASSED] - M4_spin_bonus_data = bonus_data: null

2019-08-24 13:01:25 - [TEST_STEP][PASSED] - M4_spin_features_triggered = result_M4_spin: null

2019-08-24 13:01:25 - [TEST_STEP][PASSED] - wild = []: null

2019-08-24 13:01:25 - [TEST_STEP][PASSED] - wild[0] = "WILD_Expanding": null

2019-08-24 13:01:25 - [TEST_STEP][PASSED] - wild[1] = "WILD_Normal": null

2019-08-24 13:01:25 - [TEST_STEP][PASSED] - wild[2] = "WILD_Double": null

2019-08-24 13:01:25 - [TEST_STEP][PASSED] - wild[3] = "WILD_ExtraFG": null

2019-08-24 13:01:25 - [TEST_STEP][PASSED] - wild[4] = "WILD_Triple": null

2019-08-24 13:01:25 - [TEST_STEP][PASSED] - wildList = Arrays.asList(wild): null

2019-08-24 13:01:25 - [TEST_STEP][PASSED] - wildList = wildList: null

2019-08-24 13:01:25 - [TEST_STEP][PASSED] - free_spin_reel_counter = []: null

2019-08-24 13:01:25 - [TEST_STEP][PASSED] - free_spin_reel_counter[0] = 0: null

2019-08-24 13:01:25 - [TEST_STEP][PASSED] - free_spin_reel_counter[1] = 0: null

2019-08-24 13:01:25 - [TEST_STEP][PASSED] - free_spin_reel_counter[2] = 0: null

2019-08-24 13:01:25 - [TEST_STEP][PASSED] - M4_spin_reels = reels: null

2019-08-24 13:01:25 - [TEST_STEP][PASSED] - for ([i = 0, i &lt; M4_spin_reels.size(), (i++)]): null

2019-08-24 13:01:25 - [TEST_STEP][PASSED] - symbols = symbols: null

2019-08-24 13:01:25 - [TEST_STEP][PASSED] - for ([j = 0, j &lt; symbols.size(), (j++)]): null

2019-08-24 13:01:25 - [TEST_STEP][PASSED] - symbol = symbol: null

2019-08-24 13:01:25 - [TEST_STEP][PASSED] - println(symbol): null

2019-08-24 13:01:25 - [TEST_STEP][PASSED] - if (i == 2 &amp;&amp; wildList.indexOf(symbol) != -1): null

2019-08-24 13:01:25 - [TEST_STEP][PASSED] - if (i == 3 &amp;&amp; wildList.indexOf(symbol) != -1): null

2019-08-24 13:01:25 - [TEST_STEP][PASSED] - if (i == 4 &amp;&amp; wildList.indexOf(symbol) != -1): null

2019-08-24 13:01:25 - [TEST_STEP][PASSED] - symbol = symbol: null

2019-08-24 13:01:25 - [TEST_STEP][PASSED] - println(symbol): null

2019-08-24 13:01:25 - [TEST_STEP][PASSED] - if (i == 2 &amp;&amp; wildList.indexOf(symbol) != -1): null

2019-08-24 13:01:25 - [TEST_STEP][PASSED] - if (i == 3 &amp;&amp; wildList.indexOf(symbol) != -1): null

2019-08-24 13:01:25 - [TEST_STEP][PASSED] - if (i == 4 &amp;&amp; wildList.indexOf(symbol) != -1): null

2019-08-24 13:01:25 - [TEST_STEP][PASSED] - symbol = symbol: null

2019-08-24 13:01:25 - [TEST_STEP][PASSED] - println(symbol): null

2019-08-24 13:01:25 - [TEST_STEP][PASSED] - if (i == 2 &amp;&amp; wildList.indexOf(symbol) != -1): null

2019-08-24 13:01:25 - [TEST_STEP][PASSED] - if (i == 3 &amp;&amp; wildList.indexOf(symbol) != -1): null

2019-08-24 13:01:25 - [TEST_STEP][PASSED] - if (i == 4 &amp;&amp; wildList.indexOf(symbol) != -1): null

2019-08-24 13:01:25 - [TEST_STEP][PASSED] - symbols = symbols: null

2019-08-24 13:01:25 - [TEST_STEP][PASSED] - for ([j = 0, j &lt; symbols.size(), (j++)]): null

2019-08-24 13:01:25 - [TEST_STEP][PASSED] - symbol = symbol: null

2019-08-24 13:01:25 - [TEST_STEP][PASSED] - println(symbol): null

2019-08-24 13:01:25 - [TEST_STEP][PASSED] - if (i == 2 &amp;&amp; wildList.indexOf(symbol) != -1): null

2019-08-24 13:01:25 - [TEST_STEP][PASSED] - if (i == 3 &amp;&amp; wildList.indexOf(symbol) != -1): null

2019-08-24 13:01:25 - [TEST_STEP][PASSED] - if (i == 4 &amp;&amp; wildList.indexOf(symbol) != -1): null

2019-08-24 13:01:25 - [TEST_STEP][PASSED] - symbol = symbol: null

2019-08-24 13:01:25 - [TEST_STEP][PASSED] - println(symbol): null

2019-08-24 13:01:25 - [TEST_STEP][PASSED] - if (i == 2 &amp;&amp; wildList.indexOf(symbol) != -1): null

2019-08-24 13:01:25 - [TEST_STEP][PASSED] - if (i == 3 &amp;&amp; wildList.indexOf(symbol) != -1): null

2019-08-24 13:01:25 - [TEST_STEP][PASSED] - if (i == 4 &amp;&amp; wildList.indexOf(symbol) != -1): null

2019-08-24 13:01:25 - [TEST_STEP][PASSED] - symbol = symbol: null

2019-08-24 13:01:25 - [TEST_STEP][PASSED] - println(symbol): null

2019-08-24 13:01:25 - [TEST_STEP][PASSED] - if (i == 2 &amp;&amp; wildList.indexOf(symbol) != -1): null

2019-08-24 13:01:25 - [TEST_STEP][PASSED] - if (i == 3 &amp;&amp; wildList.indexOf(symbol) != -1): null

2019-08-24 13:01:25 - [TEST_STEP][PASSED] - if (i == 4 &amp;&amp; wildList.indexOf(symbol) != -1): null

2019-08-24 13:01:25 - [TEST_STEP][PASSED] - symbols = symbols: null

2019-08-24 13:01:25 - [TEST_STEP][PASSED] - for ([j = 0, j &lt; symbols.size(), (j++)]): null

2019-08-24 13:01:25 - [TEST_STEP][PASSED] - symbol = symbol: null

2019-08-24 13:01:25 - [TEST_STEP][PASSED] - println(symbol): null

2019-08-24 13:01:25 - [TEST_STEP][PASSED] - if (i == 2 &amp;&amp; wildList.indexOf(symbol) != -1): null

2019-08-24 13:01:25 - [TEST_STEP][PASSED] - if (i == 3 &amp;&amp; wildList.indexOf(symbol) != -1): null

2019-08-24 13:01:25 - [TEST_STEP][PASSED] - if (i == 4 &amp;&amp; wildList.indexOf(symbol) != -1): null

2019-08-24 13:01:25 - [TEST_STEP][PASSED] - symbol = symbol: null

2019-08-24 13:01:25 - [TEST_STEP][PASSED] - println(symbol): null

2019-08-24 13:01:25 - [TEST_STEP][PASSED] - if (i == 2 &amp;&amp; wildList.indexOf(symbol) != -1): null

2019-08-24 13:01:25 - [TEST_STEP][PASSED] - if (i == 3 &amp;&amp; wildList.indexOf(symbol) != -1): null

2019-08-24 13:01:25 - [TEST_STEP][PASSED] - if (i == 4 &amp;&amp; wildList.indexOf(symbol) != -1): null

2019-08-24 13:01:25 - [TEST_STEP][PASSED] - symbol = symbol: null

2019-08-24 13:01:25 - [TEST_STEP][PASSED] - println(symbol): null

2019-08-24 13:01:25 - [TEST_STEP][PASSED] - if (i == 2 &amp;&amp; wildList.indexOf(symbol) != -1): null

2019-08-24 13:01:25 - [TEST_STEP][PASSED] - if (i == 3 &amp;&amp; wildList.indexOf(symbol) != -1): null

2019-08-24 13:01:25 - [TEST_STEP][PASSED] - if (i == 4 &amp;&amp; wildList.indexOf(symbol) != -1): null

2019-08-24 13:01:25 - [TEST_STEP][PASSED] - symbols = symbols: null

2019-08-24 13:01:25 - [TEST_STEP][PASSED] - for ([j = 0, j &lt; symbols.size(), (j++)]): null

2019-08-24 13:01:25 - [TEST_STEP][PASSED] - symbol = symbol: null

2019-08-24 13:01:25 - [TEST_STEP][PASSED] - println(symbol): null

2019-08-24 13:01:25 - [TEST_STEP][PASSED] - if (i == 2 &amp;&amp; wildList.indexOf(symbol) != -1): null

2019-08-24 13:01:25 - [TEST_STEP][PASSED] - if (i == 3 &amp;&amp; wildList.indexOf(symbol) != -1): null

2019-08-24 13:01:25 - [TEST_STEP][PASSED] - if (i == 4 &amp;&amp; wildList.indexOf(symbol) != -1): null

2019-08-24 13:01:25 - [TEST_STEP][PASSED] - symbol = symbol: null

2019-08-24 13:01:25 - [TEST_STEP][PASSED] - println(symbol): null

2019-08-24 13:01:25 - [TEST_STEP][PASSED] - if (i == 2 &amp;&amp; wildList.indexOf(symbol) != -1): null

2019-08-24 13:01:25 - [TEST_STEP][PASSED] - if (i == 3 &amp;&amp; wildList.indexOf(symbol) != -1): null

2019-08-24 13:01:25 - [TEST_STEP][PASSED] - if (i == 4 &amp;&amp; wildList.indexOf(symbol) != -1): null

2019-08-24 13:01:25 - [TEST_STEP][PASSED] - symbol = symbol: null

2019-08-24 13:01:25 - [TEST_STEP][PASSED] - println(symbol): null

2019-08-24 13:01:25 - [TEST_STEP][PASSED] - if (i == 2 &amp;&amp; wildList.indexOf(symbol) != -1): null

2019-08-24 13:01:25 - [TEST_STEP][PASSED] - if (i == 3 &amp;&amp; wildList.indexOf(symbol) != -1): null

2019-08-24 13:01:25 - [TEST_STEP][PASSED] - if (i == 4 &amp;&amp; wildList.indexOf(symbol) != -1): null

2019-08-24 13:01:25 - [TEST_STEP][PASSED] - symbols = symbols: null

2019-08-24 13:01:25 - [TEST_STEP][PASSED] - for ([j = 0, j &lt; symbols.size(), (j++)]): null

2019-08-24 13:01:25 - [TEST_STEP][PASSED] - symbol = symbol: null

2019-08-24 13:01:25 - [TEST_STEP][PASSED] - println(symbol): null

2019-08-24 13:01:25 - [TEST_STEP][PASSED] - if (i == 2 &amp;&amp; wildList.indexOf(symbol) != -1): null

2019-08-24 13:01:25 - [TEST_STEP][PASSED] - if (i == 3 &amp;&amp; wildList.indexOf(symbol) != -1): null

2019-08-24 13:01:25 - [TEST_STEP][PASSED] - if (i == 4 &amp;&amp; wildList.indexOf(symbol) != -1): null

2019-08-24 13:01:25 - [TEST_STEP][PASSED] - symbol = symbol: null

2019-08-24 13:01:25 - [TEST_STEP][PASSED] - println(symbol): null

2019-08-24 13:01:25 - [TEST_STEP][PASSED] - if (i == 2 &amp;&amp; wildList.indexOf(symbol) != -1): null

2019-08-24 13:01:25 - [TEST_STEP][PASSED] - if (i == 3 &amp;&amp; wildList.indexOf(symbol) != -1): null

2019-08-24 13:01:25 - [TEST_STEP][PASSED] - if (i == 4 &amp;&amp; wildList.indexOf(symbol) != -1): null

2019-08-24 13:01:25 - [TEST_STEP][PASSED] - symbol = symbol: null

2019-08-24 13:01:25 - [TEST_STEP][PASSED] - println(symbol): null

2019-08-24 13:01:25 - [TEST_STEP][PASSED] - if (i == 2 &amp;&amp; wildList.indexOf(symbol) != -1): null

2019-08-24 13:01:25 - [TEST_STEP][PASSED] - if (i == 3 &amp;&amp; wildList.indexOf(symbol) != -1): null

2019-08-24 13:01:25 - [TEST_STEP][PASSED] - if (i == 4 &amp;&amp; wildList.indexOf(symbol) != -1): null

2019-08-24 13:01:25 - [TEST_STEP][PASSED] - free_spin_reel_counter = free_spin_reel_counter: null

2019-08-24 13:01:25 - [TEST_STEP][PASSED] - println("reel 3 wild found: " + free_spin_reel_counter[0]): null

2019-08-24 13:01:25 - [TEST_STEP][PASSED] - println("reel 4 wild found: " + free_spin_reel_counter[1]): null

2019-08-24 13:01:25 - [TEST_STEP][PASSED] - println("reel 5 wild found: " + free_spin_reel_counter[2]): null

2019-08-24 13:01:25 - [TEST_STEP][PASSED] - M4_spin_reels = M4_spin_reels: null

2019-08-24 13:01:25 - [TEST_STEP][PASSED] - M4_spin_reels_symbols = symbol: null

2019-08-24 13:01:25 - [TEST_STEP][PASSED] - M4_spin_reels_symbols = M4_spin_reels_symbols: null

2019-08-24 13:01:25 - [TEST_STEP][PASSED] - M4_spin_reel_wins = reel_wins: null

2019-08-24 13:01:25 - [TEST_STEP][PASSED] - M4_spin_reel_wins = M4_spin_reel_wins: null

2019-08-24 13:01:25 - [TEST_STEP][PASSED] - println("GlobalVariable.M4_spin_reel_wins is: " + M4_spin_reel_wins): null

2019-08-24 13:01:25 - [TEST_STEP][PASSED] - M4_spin_total_bonus_win_this_round = total_bonus_win_this_round: null

2019-08-24 13:01:25 - [TEST_STEP][PASSED] - M4_spin_total_bonus_win_this_round = M4_spin_total_bonus_win_this_round: null

2019-08-24 13:01:25 - [TEST_STEP][PASSED] - println("GlobalVariable.M4_spin_total_bonus_win_this_round is: " + M4_spin_total_bonus_win_this_round): null

2019-08-24 13:01:25 - [TEST_STEP][PASSED] - M4_spin_bonus_spin_result = spin_result: null

2019-08-24 13:01:25 - [TEST_STEP][PASSED] - M4_spin_bonus_spin_result = M4_spin_bonus_spin_result: null

2019-08-24 13:01:25 - [MESSAGE][PASSED] - Verify response successfully

2019-08-24 13:01:25 - [MESSAGE][PASSED] - Send request and verify the response successfully

2019-08-24 13:01:25 - [TEST_STEP][PASSED] - if (M4_total_bonus_spins_int != 0 &amp;&amp; M4_spin_reels_symbols[2].contains("WILD_Expanding")): null

2019-08-24 13:01:25 - [TEST_STEP][PASSED] - free_spin_reel_counter = free_spin_reel_counter: null

2019-08-24 13:01:25 - [TEST_STEP][PASSED] - M4_spin_reels_symbols = M4_spin_reels_symbols: null

2019-08-24 13:01:25 - [TEST_STEP][PASSED] - M4_total_bonus_spins = M4_total_bonus_spins: null

2019-08-24 13:01:25 - [TEST_STEP][PASSED] - spin_result = sendRequestAndVerify(findTestObject("INT/RGS(M4)/1_M4_spin", ["M4_login_user_id":M4_login_user_id, "rgs_session_token":rgs_session_token, "partner":Partner])): Send request and verify the response successfully

2019-08-24 13:01:25 - [MESSAGE][INFO] - HAR: /Users/eiralee/Katalon_Script/SuperWild/Reports/20190824_125957/INT/superWild_5/20190824_125957/requests/main/27.har

2019-08-24 13:01:25 - [TEST_CASE][PASSED] - Start Test Case : Verification: Verification accomplished successfully

2019-08-24 13:01:25 - [TEST_STEP][PASSED] - request = getInstance().getCurrentRequest(): null

2019-08-24 13:01:25 - [TEST_STEP][PASSED] - response = getInstance().getCurrentResponse(): null

2019-08-24 13:01:25 - [TEST_STEP][PASSED] - verifyResponseStatusCode(response, 200): Verify response status code successfully

2019-08-24 13:01:25 - [MESSAGE][PASSED] - Verify response status code successfully

2019-08-24 13:01:25 - [TEST_STEP][PASSED] - getStatusCode()).isEqualTo(200): null

2019-08-24 13:01:25 - [TEST_STEP][PASSED] - newline = System.getProperty("line.separator"): null

2019-08-24 13:01:25 - [TEST_STEP][PASSED] - M4_spin = new groovy.json.JsonSlurper(): null

2019-08-24 13:01:25 - [TEST_STEP][PASSED] - result_M4_spin = M4_spin.parseText(response.getResponseBodyContent()): null

2019-08-24 13:01:25 - [TEST_STEP][PASSED] - M4_spin_current_balance = current_balance: null

2019-08-24 13:01:25 - [TEST_STEP][PASSED] - M4_spin_current_balance = M4_spin_current_balance: null

2019-08-24 13:01:25 - [TEST_STEP][PASSED] - M4_spin_transaction_id = causality: null

2019-08-24 13:01:25 - [TEST_STEP][PASSED] - M4_spin_transaction_id = M4_spin_transaction_id: null

2019-08-24 13:01:25 - [TEST_STEP][PASSED] - M4_spin_round_id = round_id: null

2019-08-24 13:01:25 - [TEST_STEP][PASSED] - M4_spin_round_id = M4_spin_round_id: null

2019-08-24 13:01:25 - [TEST_STEP][PASSED] - M4_spin_line_wins = line_wins: null

2019-08-24 13:01:25 - [TEST_STEP][PASSED] - M4_spin_line_wins = M4_spin_line_wins: null

2019-08-24 13:01:25 - [TEST_STEP][PASSED] - M4_total_bonus_spins_int = total_bonus_spins: null

2019-08-24 13:01:25 - [TEST_STEP][PASSED] - println("******M4_total_bonus_spins type is:*******" + newline + getClass().getName()): null

2019-08-24 13:01:25 - [TEST_STEP][PASSED] - M4_total_bonus_spins_int = M4_total_bonus_spins_int: null

2019-08-24 13:01:25 - [TEST_STEP][PASSED] - M4_total_bonus_spins = Integer.toString(M4_total_bonus_spins_int): null

2019-08-24 13:01:25 - [TEST_STEP][PASSED] - M4_total_bonus_spins = M4_total_bonus_spins: null

2019-08-24 13:01:25 - [TEST_STEP][PASSED] - println("M4_total_bonus_spins is:" + M4_total_bonus_spins): null

2019-08-24 13:01:25 - [TEST_STEP][PASSED] - M4_spin_bonus_data = bonus_data: null

2019-08-24 13:01:25 - [TEST_STEP][PASSED] - M4_spin_features_triggered = result_M4_spin: null

2019-08-24 13:01:25 - [TEST_STEP][PASSED] - wild = []: null

2019-08-24 13:01:25 - [TEST_STEP][PASSED] - wild[0] = "WILD_Expanding": null

2019-08-24 13:01:25 - [TEST_STEP][PASSED] - wild[1] = "WILD_Normal": null

2019-08-24 13:01:25 - [TEST_STEP][PASSED] - wild[2] = "WILD_Double": null

2019-08-24 13:01:25 - [TEST_STEP][PASSED] - wild[3] = "WILD_ExtraFG": null

2019-08-24 13:01:25 - [TEST_STEP][PASSED] - wild[4] = "WILD_Triple": null

2019-08-24 13:01:25 - [TEST_STEP][PASSED] - wildList = Arrays.asList(wild): null

2019-08-24 13:01:25 - [TEST_STEP][PASSED] - wildList = wildList: null

2019-08-24 13:01:25 - [TEST_STEP][PASSED] - free_spin_reel_counter = []: null

2019-08-24 13:01:25 - [TEST_STEP][PASSED] - free_spin_reel_counter[0] = 0: null

2019-08-24 13:01:25 - [TEST_STEP][PASSED] - free_spin_reel_counter[1] = 0: null

2019-08-24 13:01:25 - [TEST_STEP][PASSED] - free_spin_reel_counter[2] = 0: null

2019-08-24 13:01:25 - [TEST_STEP][PASSED] - M4_spin_reels = reels: null

2019-08-24 13:01:25 - [TEST_STEP][PASSED] - for ([i = 0, i &lt; M4_spin_reels.size(), (i++)]): null

2019-08-24 13:01:25 - [TEST_STEP][PASSED] - symbols = symbols: null

2019-08-24 13:01:25 - [TEST_STEP][PASSED] - for ([j = 0, j &lt; symbols.size(), (j++)]): null

2019-08-24 13:01:25 - [TEST_STEP][PASSED] - symbol = symbol: null

2019-08-24 13:01:25 - [TEST_STEP][PASSED] - println(symbol): null

2019-08-24 13:01:25 - [TEST_STEP][PASSED] - if (i == 2 &amp;&amp; wildList.indexOf(symbol) != -1): null

2019-08-24 13:01:25 - [TEST_STEP][PASSED] - if (i == 3 &amp;&amp; wildList.indexOf(symbol) != -1): null

2019-08-24 13:01:25 - [TEST_STEP][PASSED] - if (i == 4 &amp;&amp; wildList.indexOf(symbol) != -1): null

2019-08-24 13:01:25 - [TEST_STEP][PASSED] - symbol = symbol: null

2019-08-24 13:01:25 - [TEST_STEP][PASSED] - println(symbol): null

2019-08-24 13:01:25 - [TEST_STEP][PASSED] - if (i == 2 &amp;&amp; wildList.indexOf(symbol) != -1): null

2019-08-24 13:01:25 - [TEST_STEP][PASSED] - if (i == 3 &amp;&amp; wildList.indexOf(symbol) != -1): null

2019-08-24 13:01:25 - [TEST_STEP][PASSED] - if (i == 4 &amp;&amp; wildList.indexOf(symbol) != -1): null

2019-08-24 13:01:25 - [TEST_STEP][PASSED] - symbol = symbol: null

2019-08-24 13:01:25 - [TEST_STEP][PASSED] - println(symbol): null

2019-08-24 13:01:25 - [TEST_STEP][PASSED] - if (i == 2 &amp;&amp; wildList.indexOf(symbol) != -1): null

2019-08-24 13:01:25 - [TEST_STEP][PASSED] - if (i == 3 &amp;&amp; wildList.indexOf(symbol) != -1): null

2019-08-24 13:01:25 - [TEST_STEP][PASSED] - if (i == 4 &amp;&amp; wildList.indexOf(symbol) != -1): null

2019-08-24 13:01:25 - [TEST_STEP][PASSED] - symbols = symbols: null

2019-08-24 13:01:25 - [TEST_STEP][PASSED] - for ([j = 0, j &lt; symbols.size(), (j++)]): null

2019-08-24 13:01:25 - [TEST_STEP][PASSED] - symbol = symbol: null

2019-08-24 13:01:25 - [TEST_STEP][PASSED] - println(symbol): null

2019-08-24 13:01:25 - [TEST_STEP][PASSED] - if (i == 2 &amp;&amp; wildList.indexOf(symbol) != -1): null

2019-08-24 13:01:25 - [TEST_STEP][PASSED] - if (i == 3 &amp;&amp; wildList.indexOf(symbol) != -1): null

2019-08-24 13:01:25 - [TEST_STEP][PASSED] - if (i == 4 &amp;&amp; wildList.indexOf(symbol) != -1): null

2019-08-24 13:01:25 - [TEST_STEP][PASSED] - symbol = symbol: null

2019-08-24 13:01:25 - [TEST_STEP][PASSED] - println(symbol): null

2019-08-24 13:01:25 - [TEST_STEP][PASSED] - if (i == 2 &amp;&amp; wildList.indexOf(symbol) != -1): null

2019-08-24 13:01:25 - [TEST_STEP][PASSED] - if (i == 3 &amp;&amp; wildList.indexOf(symbol) != -1): null

2019-08-24 13:01:25 - [TEST_STEP][PASSED] - if (i == 4 &amp;&amp; wildList.indexOf(symbol) != -1): null

2019-08-24 13:01:25 - [TEST_STEP][PASSED] - symbol = symbol: null

2019-08-24 13:01:25 - [TEST_STEP][PASSED] - println(symbol): null

2019-08-24 13:01:25 - [TEST_STEP][PASSED] - if (i == 2 &amp;&amp; wildList.indexOf(symbol) != -1): null

2019-08-24 13:01:25 - [TEST_STEP][PASSED] - if (i == 3 &amp;&amp; wildList.indexOf(symbol) != -1): null

2019-08-24 13:01:25 - [TEST_STEP][PASSED] - if (i == 4 &amp;&amp; wildList.indexOf(symbol) != -1): null

2019-08-24 13:01:25 - [TEST_STEP][PASSED] - symbols = symbols: null

2019-08-24 13:01:25 - [TEST_STEP][PASSED] - for ([j = 0, j &lt; symbols.size(), (j++)]): null

2019-08-24 13:01:25 - [TEST_STEP][PASSED] - symbol = symbol: null

2019-08-24 13:01:25 - [TEST_STEP][PASSED] - println(symbol): null

2019-08-24 13:01:25 - [TEST_STEP][PASSED] - if (i == 2 &amp;&amp; wildList.indexOf(symbol) != -1): null

2019-08-24 13:01:25 - [TEST_STEP][PASSED] - if (i == 3 &amp;&amp; wildList.indexOf(symbol) != -1): null

2019-08-24 13:01:25 - [TEST_STEP][PASSED] - if (i == 4 &amp;&amp; wildList.indexOf(symbol) != -1): null

2019-08-24 13:01:25 - [TEST_STEP][PASSED] - symbol = symbol: null

2019-08-24 13:01:25 - [TEST_STEP][PASSED] - println(symbol): null

2019-08-24 13:01:25 - [TEST_STEP][PASSED] - if (i == 2 &amp;&amp; wildList.indexOf(symbol) != -1): null

2019-08-24 13:01:25 - [TEST_STEP][PASSED] - if (i == 3 &amp;&amp; wildList.indexOf(symbol) != -1): null

2019-08-24 13:01:25 - [TEST_STEP][PASSED] - if (i == 4 &amp;&amp; wildList.indexOf(symbol) != -1): null

2019-08-24 13:01:25 - [TEST_STEP][PASSED] - symbol = symbol: null

2019-08-24 13:01:25 - [TEST_STEP][PASSED] - println(symbol): null

2019-08-24 13:01:25 - [TEST_STEP][PASSED] - if (i == 2 &amp;&amp; wildList.indexOf(symbol) != -1): null

2019-08-24 13:01:25 - [TEST_STEP][PASSED] - if (i == 3 &amp;&amp; wildList.indexOf(symbol) != -1): null

2019-08-24 13:01:25 - [TEST_STEP][PASSED] - if (i == 4 &amp;&amp; wildList.indexOf(symbol) != -1): null

2019-08-24 13:01:25 - [TEST_STEP][PASSED] - symbols = symbols: null

2019-08-24 13:01:25 - [TEST_STEP][PASSED] - for ([j = 0, j &lt; symbols.size(), (j++)]): null

2019-08-24 13:01:25 - [TEST_STEP][PASSED] - symbol = symbol: null

2019-08-24 13:01:25 - [TEST_STEP][PASSED] - println(symbol): null

2019-08-24 13:01:25 - [TEST_STEP][PASSED] - if (i == 2 &amp;&amp; wildList.indexOf(symbol) != -1): null

2019-08-24 13:01:25 - [TEST_STEP][PASSED] - if (i == 3 &amp;&amp; wildList.indexOf(symbol) != -1): null

2019-08-24 13:01:25 - [TEST_STEP][PASSED] - if (i == 4 &amp;&amp; wildList.indexOf(symbol) != -1): null

2019-08-24 13:01:25 - [TEST_STEP][PASSED] - symbol = symbol: null

2019-08-24 13:01:25 - [TEST_STEP][PASSED] - println(symbol): null

2019-08-24 13:01:25 - [TEST_STEP][PASSED] - if (i == 2 &amp;&amp; wildList.indexOf(symbol) != -1): null

2019-08-24 13:01:25 - [TEST_STEP][PASSED] - if (i == 3 &amp;&amp; wildList.indexOf(symbol) != -1): null

2019-08-24 13:01:25 - [TEST_STEP][PASSED] - if (i == 4 &amp;&amp; wildList.indexOf(symbol) != -1): null

2019-08-24 13:01:25 - [TEST_STEP][PASSED] - symbol = symbol: null

2019-08-24 13:01:25 - [TEST_STEP][PASSED] - println(symbol): null

2019-08-24 13:01:25 - [TEST_STEP][PASSED] - if (i == 2 &amp;&amp; wildList.indexOf(symbol) != -1): null

2019-08-24 13:01:25 - [TEST_STEP][PASSED] - if (i == 3 &amp;&amp; wildList.indexOf(symbol) != -1): null

2019-08-24 13:01:25 - [TEST_STEP][PASSED] - if (i == 4 &amp;&amp; wildList.indexOf(symbol) != -1): null

2019-08-24 13:01:25 - [TEST_STEP][PASSED] - symbols = symbols: null

2019-08-24 13:01:25 - [TEST_STEP][PASSED] - for ([j = 0, j &lt; symbols.size(), (j++)]): null

2019-08-24 13:01:25 - [TEST_STEP][PASSED] - symbol = symbol: null

2019-08-24 13:01:25 - [TEST_STEP][PASSED] - println(symbol): null

2019-08-24 13:01:25 - [TEST_STEP][PASSED] - if (i == 2 &amp;&amp; wildList.indexOf(symbol) != -1): null

2019-08-24 13:01:25 - [TEST_STEP][PASSED] - if (i == 3 &amp;&amp; wildList.indexOf(symbol) != -1): null

2019-08-24 13:01:25 - [TEST_STEP][PASSED] - if (i == 4 &amp;&amp; wildList.indexOf(symbol) != -1): null

2019-08-24 13:01:25 - [TEST_STEP][PASSED] - symbol = symbol: null

2019-08-24 13:01:25 - [TEST_STEP][PASSED] - println(symbol): null

2019-08-24 13:01:25 - [TEST_STEP][PASSED] - if (i == 2 &amp;&amp; wildList.indexOf(symbol) != -1): null

2019-08-24 13:01:25 - [TEST_STEP][PASSED] - if (i == 3 &amp;&amp; wildList.indexOf(symbol) != -1): null

2019-08-24 13:01:25 - [TEST_STEP][PASSED] - if (i == 4 &amp;&amp; wildList.indexOf(symbol) != -1): null

2019-08-24 13:01:25 - [TEST_STEP][PASSED] - symbol = symbol: null

2019-08-24 13:01:25 - [TEST_STEP][PASSED] - println(symbol): null

2019-08-24 13:01:25 - [TEST_STEP][PASSED] - if (i == 2 &amp;&amp; wildList.indexOf(symbol) != -1): null

2019-08-24 13:01:25 - [TEST_STEP][PASSED] - if (i == 3 &amp;&amp; wildList.indexOf(symbol) != -1): null

2019-08-24 13:01:25 - [TEST_STEP][PASSED] - if (i == 4 &amp;&amp; wildList.indexOf(symbol) != -1): null

2019-08-24 13:01:25 - [TEST_STEP][PASSED] - free_spin_reel_counter = free_spin_reel_counter: null

2019-08-24 13:01:25 - [TEST_STEP][PASSED] - println("reel 3 wild found: " + free_spin_reel_counter[0]): null

2019-08-24 13:01:25 - [TEST_STEP][PASSED] - println("reel 4 wild found: " + free_spin_reel_counter[1]): null

2019-08-24 13:01:25 - [TEST_STEP][PASSED] - println("reel 5 wild found: " + free_spin_reel_counter[2]): null

2019-08-24 13:01:25 - [TEST_STEP][PASSED] - M4_spin_reels = M4_spin_reels: null

2019-08-24 13:01:25 - [TEST_STEP][PASSED] - M4_spin_reels_symbols = symbol: null

2019-08-24 13:01:25 - [TEST_STEP][PASSED] - M4_spin_reels_symbols = M4_spin_reels_symbols: null

2019-08-24 13:01:25 - [TEST_STEP][PASSED] - M4_spin_reel_wins = reel_wins: null

2019-08-24 13:01:25 - [TEST_STEP][PASSED] - M4_spin_reel_wins = M4_spin_reel_wins: null

2019-08-24 13:01:25 - [TEST_STEP][PASSED] - println("GlobalVariable.M4_spin_reel_wins is: " + M4_spin_reel_wins): null

2019-08-24 13:01:25 - [TEST_STEP][PASSED] - M4_spin_total_bonus_win_this_round = total_bonus_win_this_round: null

2019-08-24 13:01:25 - [TEST_STEP][PASSED] - M4_spin_total_bonus_win_this_round = M4_spin_total_bonus_win_this_round: null

2019-08-24 13:01:25 - [TEST_STEP][PASSED] - println("GlobalVariable.M4_spin_total_bonus_win_this_round is: " + M4_spin_total_bonus_win_this_round): null

2019-08-24 13:01:25 - [TEST_STEP][PASSED] - M4_spin_bonus_spin_result = spin_result: null

2019-08-24 13:01:25 - [TEST_STEP][PASSED] - M4_spin_bonus_spin_result = M4_spin_bonus_spin_result: null

2019-08-24 13:01:25 - [MESSAGE][PASSED] - Verify response successfully

2019-08-24 13:01:25 - [MESSAGE][PASSED] - Send request and verify the response successfully

2019-08-24 13:01:25 - [TEST_STEP][PASSED] - if (M4_total_bonus_spins_int != 0 &amp;&amp; M4_spin_reels_symbols[2].contains("WILD_Expanding")): null

2019-08-24 13:01:25 - [TEST_STEP][PASSED] - free_spin_reel_counter = free_spin_reel_counter: null

2019-08-24 13:01:25 - [TEST_STEP][PASSED] - M4_spin_reels_symbols = M4_spin_reels_symbols: null

2019-08-24 13:01:25 - [TEST_STEP][PASSED] - M4_total_bonus_spins = M4_total_bonus_spins: null

2019-08-24 13:01:25 - [TEST_STEP][PASSED] - spin_result = sendRequestAndVerify(findTestObject("INT/RGS(M4)/1_M4_spin", ["M4_login_user_id":M4_login_user_id, "rgs_session_token":rgs_session_token, "partner":Partner])): Send request and verify the response successfully

2019-08-24 13:01:26 - [MESSAGE][INFO] - HAR: /Users/eiralee/Katalon_Script/SuperWild/Reports/20190824_125957/INT/superWild_5/20190824_125957/requests/main/28.har

2019-08-24 13:01:26 - [TEST_CASE][PASSED] - Start Test Case : Verification: Verification accomplished successfully

2019-08-24 13:01:26 - [TEST_STEP][PASSED] - request = getInstance().getCurrentRequest(): null

2019-08-24 13:01:26 - [TEST_STEP][PASSED] - response = getInstance().getCurrentResponse(): null

2019-08-24 13:01:26 - [TEST_STEP][PASSED] - verifyResponseStatusCode(response, 200): Verify response status code successfully

2019-08-24 13:01:26 - [MESSAGE][PASSED] - Verify response status code successfully

2019-08-24 13:01:26 - [TEST_STEP][PASSED] - getStatusCode()).isEqualTo(200): null

2019-08-24 13:01:26 - [TEST_STEP][PASSED] - newline = System.getProperty("line.separator"): null

2019-08-24 13:01:26 - [TEST_STEP][PASSED] - M4_spin = new groovy.json.JsonSlurper(): null

2019-08-24 13:01:26 - [TEST_STEP][PASSED] - result_M4_spin = M4_spin.parseText(response.getResponseBodyContent()): null

2019-08-24 13:01:26 - [TEST_STEP][PASSED] - M4_spin_current_balance = current_balance: null

2019-08-24 13:01:26 - [TEST_STEP][PASSED] - M4_spin_current_balance = M4_spin_current_balance: null

2019-08-24 13:01:26 - [TEST_STEP][PASSED] - M4_spin_transaction_id = causality: null

2019-08-24 13:01:26 - [TEST_STEP][PASSED] - M4_spin_transaction_id = M4_spin_transaction_id: null

2019-08-24 13:01:26 - [TEST_STEP][PASSED] - M4_spin_round_id = round_id: null

2019-08-24 13:01:26 - [TEST_STEP][PASSED] - M4_spin_round_id = M4_spin_round_id: null

2019-08-24 13:01:26 - [TEST_STEP][PASSED] - M4_spin_line_wins = line_wins: null

2019-08-24 13:01:26 - [TEST_STEP][PASSED] - M4_spin_line_wins = M4_spin_line_wins: null

2019-08-24 13:01:26 - [TEST_STEP][PASSED] - M4_total_bonus_spins_int = total_bonus_spins: null

2019-08-24 13:01:26 - [TEST_STEP][PASSED] - println("******M4_total_bonus_spins type is:*******" + newline + getClass().getName()): null

2019-08-24 13:01:26 - [TEST_STEP][PASSED] - M4_total_bonus_spins_int = M4_total_bonus_spins_int: null

2019-08-24 13:01:26 - [TEST_STEP][PASSED] - M4_total_bonus_spins = Integer.toString(M4_total_bonus_spins_int): null

2019-08-24 13:01:26 - [TEST_STEP][PASSED] - M4_total_bonus_spins = M4_total_bonus_spins: null

2019-08-24 13:01:26 - [TEST_STEP][PASSED] - println("M4_total_bonus_spins is:" + M4_total_bonus_spins): null

2019-08-24 13:01:26 - [TEST_STEP][PASSED] - M4_spin_bonus_data = bonus_data: null

2019-08-24 13:01:26 - [TEST_STEP][PASSED] - M4_spin_features_triggered = result_M4_spin: null

2019-08-24 13:01:26 - [TEST_STEP][PASSED] - wild = []: null

2019-08-24 13:01:26 - [TEST_STEP][PASSED] - wild[0] = "WILD_Expanding": null

2019-08-24 13:01:26 - [TEST_STEP][PASSED] - wild[1] = "WILD_Normal": null

2019-08-24 13:01:26 - [TEST_STEP][PASSED] - wild[2] = "WILD_Double": null

2019-08-24 13:01:26 - [TEST_STEP][PASSED] - wild[3] = "WILD_ExtraFG": null

2019-08-24 13:01:26 - [TEST_STEP][PASSED] - wild[4] = "WILD_Triple": null

2019-08-24 13:01:26 - [TEST_STEP][PASSED] - wildList = Arrays.asList(wild): null

2019-08-24 13:01:26 - [TEST_STEP][PASSED] - wildList = wildList: null

2019-08-24 13:01:26 - [TEST_STEP][PASSED] - free_spin_reel_counter = []: null

2019-08-24 13:01:26 - [TEST_STEP][PASSED] - free_spin_reel_counter[0] = 0: null

2019-08-24 13:01:26 - [TEST_STEP][PASSED] - free_spin_reel_counter[1] = 0: null

2019-08-24 13:01:26 - [TEST_STEP][PASSED] - free_spin_reel_counter[2] = 0: null

2019-08-24 13:01:26 - [TEST_STEP][PASSED] - M4_spin_reels = reels: null

2019-08-24 13:01:26 - [TEST_STEP][PASSED] - for ([i = 0, i &lt; M4_spin_reels.size(), (i++)]): null

2019-08-24 13:01:26 - [TEST_STEP][PASSED] - symbols = symbols: null

2019-08-24 13:01:26 - [TEST_STEP][PASSED] - for ([j = 0, j &lt; symbols.size(), (j++)]): null

2019-08-24 13:01:26 - [TEST_STEP][PASSED] - symbol = symbol: null

2019-08-24 13:01:26 - [TEST_STEP][PASSED] - println(symbol): null

2019-08-24 13:01:26 - [TEST_STEP][PASSED] - if (i == 2 &amp;&amp; wildList.indexOf(symbol) != -1): null

2019-08-24 13:01:26 - [TEST_STEP][PASSED] - if (i == 3 &amp;&amp; wildList.indexOf(symbol) != -1): null

2019-08-24 13:01:26 - [TEST_STEP][PASSED] - if (i == 4 &amp;&amp; wildList.indexOf(symbol) != -1): null

2019-08-24 13:01:28 - [TEST_STEP][PASSED] - symbol = symbol: null

2019-08-24 13:01:28 - [TEST_STEP][PASSED] - println(symbol): null

2019-08-24 13:01:28 - [TEST_STEP][PASSED] - if (i == 2 &amp;&amp; wildList.indexOf(symbol) != -1): null

2019-08-24 13:01:28 - [TEST_STEP][PASSED] - if (i == 3 &amp;&amp; wildList.indexOf(symbol) != -1): null

2019-08-24 13:01:28 - [TEST_STEP][PASSED] - if (i == 4 &amp;&amp; wildList.indexOf(symbol) != -1): null

2019-08-24 13:01:28 - [TEST_STEP][PASSED] - symbol = symbol: null

2019-08-24 13:01:28 - [TEST_STEP][PASSED] - println(symbol): null

2019-08-24 13:01:28 - [TEST_STEP][PASSED] - if (i == 2 &amp;&amp; wildList.indexOf(symbol) != -1): null

2019-08-24 13:01:28 - [TEST_STEP][PASSED] - if (i == 3 &amp;&amp; wildList.indexOf(symbol) != -1): null

2019-08-24 13:01:28 - [TEST_STEP][PASSED] - if (i == 4 &amp;&amp; wildList.indexOf(symbol) != -1): null

2019-08-24 13:01:28 - [TEST_STEP][PASSED] - symbols = symbols: null

2019-08-24 13:01:28 - [TEST_STEP][PASSED] - for ([j = 0, j &lt; symbols.size(), (j++)]): null

2019-08-24 13:01:28 - [TEST_STEP][PASSED] - symbol = symbol: null

2019-08-24 13:01:28 - [TEST_STEP][PASSED] - println(symbol): null

2019-08-24 13:01:28 - [TEST_STEP][PASSED] - if (i == 2 &amp;&amp; wildList.indexOf(symbol) != -1): null

2019-08-24 13:01:28 - [TEST_STEP][PASSED] - if (i == 3 &amp;&amp; wildList.indexOf(symbol) != -1): null

2019-08-24 13:01:28 - [TEST_STEP][PASSED] - if (i == 4 &amp;&amp; wildList.indexOf(symbol) != -1): null

2019-08-24 13:01:28 - [TEST_STEP][PASSED] - symbol = symbol: null

2019-08-24 13:01:28 - [TEST_STEP][PASSED] - println(symbol): null

2019-08-24 13:01:28 - [TEST_STEP][PASSED] - if (i == 2 &amp;&amp; wildList.indexOf(symbol) != -1): null

2019-08-24 13:01:28 - [TEST_STEP][PASSED] - if (i == 3 &amp;&amp; wildList.indexOf(symbol) != -1): null

2019-08-24 13:01:28 - [TEST_STEP][PASSED] - if (i == 4 &amp;&amp; wildList.indexOf(symbol) != -1): null

2019-08-24 13:01:28 - [TEST_STEP][PASSED] - symbol = symbol: null

2019-08-24 13:01:28 - [TEST_STEP][PASSED] - println(symbol): null

2019-08-24 13:01:28 - [TEST_STEP][PASSED] - if (i == 2 &amp;&amp; wildList.indexOf(symbol) != -1): null

2019-08-24 13:01:28 - [TEST_STEP][PASSED] - if (i == 3 &amp;&amp; wildList.indexOf(symbol) != -1): null

2019-08-24 13:01:28 - [TEST_STEP][PASSED] - if (i == 4 &amp;&amp; wildList.indexOf(symbol) != -1): null

2019-08-24 13:01:28 - [TEST_STEP][PASSED] - symbols = symbols: null

2019-08-24 13:01:28 - [TEST_STEP][PASSED] - for ([j = 0, j &lt; symbols.size(), (j++)]): null

2019-08-24 13:01:28 - [TEST_STEP][PASSED] - symbol = symbol: null

2019-08-24 13:01:28 - [TEST_STEP][PASSED] - println(symbol): null

2019-08-24 13:01:28 - [TEST_STEP][PASSED] - if (i == 2 &amp;&amp; wildList.indexOf(symbol) != -1): null

2019-08-24 13:01:28 - [TEST_STEP][PASSED] - if (i == 3 &amp;&amp; wildList.indexOf(symbol) != -1): null

2019-08-24 13:01:28 - [TEST_STEP][PASSED] - if (i == 4 &amp;&amp; wildList.indexOf(symbol) != -1): null

2019-08-24 13:01:28 - [TEST_STEP][PASSED] - symbol = symbol: null

2019-08-24 13:01:28 - [TEST_STEP][PASSED] - println(symbol): null

2019-08-24 13:01:28 - [TEST_STEP][PASSED] - if (i == 2 &amp;&amp; wildList.indexOf(symbol) != -1): null

2019-08-24 13:01:28 - [TEST_STEP][PASSED] - println("wild found on reel 3, adding counter by 1"): null

2019-08-24 13:01:28 - [TEST_STEP][PASSED] - free_spin_reel_counter[0] = free_spin_reel_counter[0] + 1: null

2019-08-24 13:01:28 - [TEST_STEP][PASSED] - if (i == 3 &amp;&amp; wildList.indexOf(symbol) != -1): null

2019-08-24 13:01:28 - [TEST_STEP][PASSED] - if (i == 4 &amp;&amp; wildList.indexOf(symbol) != -1): null

2019-08-24 13:01:28 - [TEST_STEP][PASSED] - symbol = symbol: null

2019-08-24 13:01:28 - [TEST_STEP][PASSED] - println(symbol): null

2019-08-24 13:01:28 - [TEST_STEP][PASSED] - if (i == 2 &amp;&amp; wildList.indexOf(symbol) != -1): null

2019-08-24 13:01:28 - [TEST_STEP][PASSED] - if (i == 3 &amp;&amp; wildList.indexOf(symbol) != -1): null

2019-08-24 13:01:28 - [TEST_STEP][PASSED] - if (i == 4 &amp;&amp; wildList.indexOf(symbol) != -1): null

2019-08-24 13:01:28 - [TEST_STEP][PASSED] - symbols = symbols: null

2019-08-24 13:01:28 - [TEST_STEP][PASSED] - for ([j = 0, j &lt; symbols.size(), (j++)]): null

2019-08-24 13:01:28 - [TEST_STEP][PASSED] - symbol = symbol: null

2019-08-24 13:01:28 - [TEST_STEP][PASSED] - println(symbol): null

2019-08-24 13:01:28 - [TEST_STEP][PASSED] - if (i == 2 &amp;&amp; wildList.indexOf(symbol) != -1): null

2019-08-24 13:01:28 - [TEST_STEP][PASSED] - if (i == 3 &amp;&amp; wildList.indexOf(symbol) != -1): null

2019-08-24 13:01:28 - [TEST_STEP][PASSED] - if (i == 4 &amp;&amp; wildList.indexOf(symbol) != -1): null

2019-08-24 13:01:28 - [TEST_STEP][PASSED] - symbol = symbol: null

2019-08-24 13:01:28 - [TEST_STEP][PASSED] - println(symbol): null

2019-08-24 13:01:28 - [TEST_STEP][PASSED] - if (i == 2 &amp;&amp; wildList.indexOf(symbol) != -1): null

2019-08-24 13:01:28 - [TEST_STEP][PASSED] - if (i == 3 &amp;&amp; wildList.indexOf(symbol) != -1): null

2019-08-24 13:01:28 - [TEST_STEP][PASSED] - println("wild found on reel 4, adding counter by 1"): null

2019-08-24 13:01:28 - [TEST_STEP][PASSED] - free_spin_reel_counter[1] = free_spin_reel_counter[1] + 1: null

2019-08-24 13:01:28 - [TEST_STEP][PASSED] - if (i == 4 &amp;&amp; wildList.indexOf(symbol) != -1): null

2019-08-24 13:01:28 - [TEST_STEP][PASSED] - symbol = symbol: null

2019-08-24 13:01:28 - [TEST_STEP][PASSED] - println(symbol): null

2019-08-24 13:01:28 - [TEST_STEP][PASSED] - if (i == 2 &amp;&amp; wildList.indexOf(symbol) != -1): null

2019-08-24 13:01:28 - [TEST_STEP][PASSED] - if (i == 3 &amp;&amp; wildList.indexOf(symbol) != -1): null

2019-08-24 13:01:28 - [TEST_STEP][PASSED] - if (i == 4 &amp;&amp; wildList.indexOf(symbol) != -1): null

2019-08-24 13:01:28 - [TEST_STEP][PASSED] - symbols = symbols: null

2019-08-24 13:01:28 - [TEST_STEP][PASSED] - for ([j = 0, j &lt; symbols.size(), (j++)]): null

2019-08-24 13:01:28 - [TEST_STEP][PASSED] - symbol = symbol: null

2019-08-24 13:01:28 - [TEST_STEP][PASSED] - println(symbol): null

2019-08-24 13:01:28 - [TEST_STEP][PASSED] - if (i == 2 &amp;&amp; wildList.indexOf(symbol) != -1): null

2019-08-24 13:01:28 - [TEST_STEP][PASSED] - if (i == 3 &amp;&amp; wildList.indexOf(symbol) != -1): null

2019-08-24 13:01:28 - [TEST_STEP][PASSED] - if (i == 4 &amp;&amp; wildList.indexOf(symbol) != -1): null

2019-08-24 13:01:28 - [TEST_STEP][PASSED] - symbol = symbol: null

2019-08-24 13:01:28 - [TEST_STEP][PASSED] - println(symbol): null

2019-08-24 13:01:28 - [TEST_STEP][PASSED] - if (i == 2 &amp;&amp; wildList.indexOf(symbol) != -1): null

2019-08-24 13:01:28 - [TEST_STEP][PASSED] - if (i == 3 &amp;&amp; wildList.indexOf(symbol) != -1): null

2019-08-24 13:01:28 - [TEST_STEP][PASSED] - if (i == 4 &amp;&amp; wildList.indexOf(symbol) != -1): null

2019-08-24 13:01:28 - [TEST_STEP][PASSED] - symbol = symbol: null

2019-08-24 13:01:28 - [TEST_STEP][PASSED] - println(symbol): null

2019-08-24 13:01:28 - [TEST_STEP][PASSED] - if (i == 2 &amp;&amp; wildList.indexOf(symbol) != -1): null

2019-08-24 13:01:28 - [TEST_STEP][PASSED] - if (i == 3 &amp;&amp; wildList.indexOf(symbol) != -1): null

2019-08-24 13:01:28 - [TEST_STEP][PASSED] - if (i == 4 &amp;&amp; wildList.indexOf(symbol) != -1): null

2019-08-24 13:01:28 - [TEST_STEP][PASSED] - free_spin_reel_counter = free_spin_reel_counter: null

2019-08-24 13:01:28 - [TEST_STEP][PASSED] - println("reel 3 wild found: " + free_spin_reel_counter[0]): null

2019-08-24 13:01:28 - [TEST_STEP][PASSED] - println("reel 4 wild found: " + free_spin_reel_counter[1]): null

2019-08-24 13:01:28 - [TEST_STEP][PASSED] - println("reel 5 wild found: " + free_spin_reel_counter[2]): null

2019-08-24 13:01:28 - [TEST_STEP][PASSED] - M4_spin_reels = M4_spin_reels: null

2019-08-24 13:01:28 - [TEST_STEP][PASSED] - M4_spin_reels_symbols = symbol: null

2019-08-24 13:01:28 - [TEST_STEP][PASSED] - M4_spin_reels_symbols = M4_spin_reels_symbols: null

2019-08-24 13:01:28 - [TEST_STEP][PASSED] - M4_spin_reel_wins = reel_wins: null

2019-08-24 13:01:28 - [TEST_STEP][PASSED] - M4_spin_reel_wins = M4_spin_reel_wins: null

2019-08-24 13:01:28 - [TEST_STEP][PASSED] - println("GlobalVariable.M4_spin_reel_wins is: " + M4_spin_reel_wins): null

2019-08-24 13:01:28 - [TEST_STEP][PASSED] - M4_spin_total_bonus_win_this_round = total_bonus_win_this_round: null

2019-08-24 13:01:28 - [TEST_STEP][PASSED] - M4_spin_total_bonus_win_this_round = M4_spin_total_bonus_win_this_round: null

2019-08-24 13:01:28 - [TEST_STEP][PASSED] - println("GlobalVariable.M4_spin_total_bonus_win_this_round is: " + M4_spin_total_bonus_win_this_round): null

2019-08-24 13:01:28 - [TEST_STEP][PASSED] - M4_spin_bonus_spin_result = spin_result: null

2019-08-24 13:01:28 - [TEST_STEP][PASSED] - M4_spin_bonus_spin_result = M4_spin_bonus_spin_result: null

2019-08-24 13:01:28 - [MESSAGE][PASSED] - Verify response successfully

2019-08-24 13:01:28 - [MESSAGE][PASSED] - Send request and verify the response successfully

2019-08-24 13:01:28 - [TEST_STEP][PASSED] - if (M4_total_bonus_spins_int != 0 &amp;&amp; M4_spin_reels_symbols[2].contains("WILD_Expanding")): null

2019-08-24 13:01:28 - [TEST_STEP][PASSED] - free_spin_reel_counter = free_spin_reel_counter: null

2019-08-24 13:01:28 - [TEST_STEP][PASSED] - M4_spin_reels_symbols = M4_spin_reels_symbols: null

2019-08-24 13:01:28 - [TEST_STEP][PASSED] - M4_total_bonus_spins = M4_total_bonus_spins: null

2019-08-24 13:01:28 - [TEST_STEP][PASSED] - spin_result = sendRequestAndVerify(findTestObject("INT/RGS(M4)/1_M4_spin", ["M4_login_user_id":M4_login_user_id, "rgs_session_token":rgs_session_token, "partner":Partner])): Send request and verify the response successfully

2019-08-24 13:01:28 - [MESSAGE][INFO] - HAR: /Users/eiralee/Katalon_Script/SuperWild/Reports/20190824_125957/INT/superWild_5/20190824_125957/requests/main/29.har

2019-08-24 13:01:28 - [TEST_CASE][PASSED] - Start Test Case : Verification: Verification accomplished successfully

2019-08-24 13:01:28 - [TEST_STEP][PASSED] - request = getInstance().getCurrentRequest(): null

2019-08-24 13:01:28 - [TEST_STEP][PASSED] - response = getInstance().getCurrentResponse(): null

2019-08-24 13:01:28 - [TEST_STEP][PASSED] - verifyResponseStatusCode(response, 200): Verify response status code successfully

2019-08-24 13:01:28 - [MESSAGE][PASSED] - Verify response status code successfully

2019-08-24 13:01:28 - [TEST_STEP][PASSED] - getStatusCode()).isEqualTo(200): null

2019-08-24 13:01:28 - [TEST_STEP][PASSED] - newline = System.getProperty("line.separator"): null

2019-08-24 13:01:28 - [TEST_STEP][PASSED] - M4_spin = new groovy.json.JsonSlurper(): null

2019-08-24 13:01:28 - [TEST_STEP][PASSED] - result_M4_spin = M4_spin.parseText(response.getResponseBodyContent()): null

2019-08-24 13:01:28 - [TEST_STEP][PASSED] - M4_spin_current_balance = current_balance: null

2019-08-24 13:01:28 - [TEST_STEP][PASSED] - M4_spin_current_balance = M4_spin_current_balance: null

2019-08-24 13:01:28 - [TEST_STEP][PASSED] - M4_spin_transaction_id = causality: null

2019-08-24 13:01:28 - [TEST_STEP][PASSED] - M4_spin_transaction_id = M4_spin_transaction_id: null

2019-08-24 13:01:28 - [TEST_STEP][PASSED] - M4_spin_round_id = round_id: null

2019-08-24 13:01:28 - [TEST_STEP][PASSED] - M4_spin_round_id = M4_spin_round_id: null

2019-08-24 13:01:28 - [TEST_STEP][PASSED] - M4_spin_line_wins = line_wins: null

2019-08-24 13:01:28 - [TEST_STEP][PASSED] - M4_spin_line_wins = M4_spin_line_wins: null

2019-08-24 13:01:28 - [TEST_STEP][PASSED] - M4_total_bonus_spins_int = total_bonus_spins: null

2019-08-24 13:01:28 - [TEST_STEP][PASSED] - println("******M4_total_bonus_spins type is:*******" + newline + getClass().getName()): null

2019-08-24 13:01:28 - [TEST_STEP][PASSED] - M4_total_bonus_spins_int = M4_total_bonus_spins_int: null

2019-08-24 13:01:28 - [TEST_STEP][PASSED] - M4_total_bonus_spins = Integer.toString(M4_total_bonus_spins_int): null

2019-08-24 13:01:28 - [TEST_STEP][PASSED] - M4_total_bonus_spins = M4_total_bonus_spins: null

2019-08-24 13:01:28 - [TEST_STEP][PASSED] - println("M4_total_bonus_spins is:" + M4_total_bonus_spins): null

2019-08-24 13:01:28 - [TEST_STEP][PASSED] - M4_spin_bonus_data = bonus_data: null

2019-08-24 13:01:28 - [TEST_STEP][PASSED] - M4_spin_features_triggered = result_M4_spin: null

2019-08-24 13:01:28 - [TEST_STEP][PASSED] - wild = []: null

2019-08-24 13:01:28 - [TEST_STEP][PASSED] - wild[0] = "WILD_Expanding": null

2019-08-24 13:01:28 - [TEST_STEP][PASSED] - wild[1] = "WILD_Normal": null

2019-08-24 13:01:28 - [TEST_STEP][PASSED] - wild[2] = "WILD_Double": null

2019-08-24 13:01:28 - [TEST_STEP][PASSED] - wild[3] = "WILD_ExtraFG": null

2019-08-24 13:01:28 - [TEST_STEP][PASSED] - wild[4] = "WILD_Triple": null

2019-08-24 13:01:28 - [TEST_STEP][PASSED] - wildList = Arrays.asList(wild): null

2019-08-24 13:01:28 - [TEST_STEP][PASSED] - wildList = wildList: null

2019-08-24 13:01:28 - [TEST_STEP][PASSED] - free_spin_reel_counter = []: null

2019-08-24 13:01:28 - [TEST_STEP][PASSED] - free_spin_reel_counter[0] = 0: null

2019-08-24 13:01:28 - [TEST_STEP][PASSED] - free_spin_reel_counter[1] = 0: null

2019-08-24 13:01:28 - [TEST_STEP][PASSED] - free_spin_reel_counter[2] = 0: null

2019-08-24 13:01:28 - [TEST_STEP][PASSED] - M4_spin_reels = reels: null

2019-08-24 13:01:28 - [TEST_STEP][PASSED] - for ([i = 0, i &lt; M4_spin_reels.size(), (i++)]): null

2019-08-24 13:01:28 - [TEST_STEP][PASSED] - symbols = symbols: null

2019-08-24 13:01:28 - [TEST_STEP][PASSED] - for ([j = 0, j &lt; symbols.size(), (j++)]): null

2019-08-24 13:01:28 - [TEST_STEP][PASSED] - symbol = symbol: null

2019-08-24 13:01:28 - [TEST_STEP][PASSED] - println(symbol): null

2019-08-24 13:01:28 - [TEST_STEP][PASSED] - if (i == 2 &amp;&amp; wildList.indexOf(symbol) != -1): null

2019-08-24 13:01:28 - [TEST_STEP][PASSED] - if (i == 3 &amp;&amp; wildList.indexOf(symbol) != -1): null

2019-08-24 13:01:28 - [TEST_STEP][PASSED] - if (i == 4 &amp;&amp; wildList.indexOf(symbol) != -1): null

2019-08-24 13:01:28 - [TEST_STEP][PASSED] - symbol = symbol: null

2019-08-24 13:01:28 - [TEST_STEP][PASSED] - println(symbol): null

2019-08-24 13:01:28 - [TEST_STEP][PASSED] - if (i == 2 &amp;&amp; wildList.indexOf(symbol) != -1): null

2019-08-24 13:01:28 - [TEST_STEP][PASSED] - if (i == 3 &amp;&amp; wildList.indexOf(symbol) != -1): null

2019-08-24 13:01:28 - [TEST_STEP][PASSED] - if (i == 4 &amp;&amp; wildList.indexOf(symbol) != -1): null

2019-08-24 13:01:28 - [TEST_STEP][PASSED] - symbol = symbol: null

2019-08-24 13:01:28 - [TEST_STEP][PASSED] - println(symbol): null

2019-08-24 13:01:28 - [TEST_STEP][PASSED] - if (i == 2 &amp;&amp; wildList.indexOf(symbol) != -1): null

2019-08-24 13:01:28 - [TEST_STEP][PASSED] - if (i == 3 &amp;&amp; wildList.indexOf(symbol) != -1): null

2019-08-24 13:01:28 - [TEST_STEP][PASSED] - if (i == 4 &amp;&amp; wildList.indexOf(symbol) != -1): null

2019-08-24 13:01:28 - [TEST_STEP][PASSED] - symbols = symbols: null

2019-08-24 13:01:28 - [TEST_STEP][PASSED] - for ([j = 0, j &lt; symbols.size(), (j++)]): null

2019-08-24 13:01:28 - [TEST_STEP][PASSED] - symbol = symbol: null

2019-08-24 13:01:28 - [TEST_STEP][PASSED] - println(symbol): null

2019-08-24 13:01:28 - [TEST_STEP][PASSED] - if (i == 2 &amp;&amp; wildList.indexOf(symbol) != -1): null

2019-08-24 13:01:28 - [TEST_STEP][PASSED] - if (i == 3 &amp;&amp; wildList.indexOf(symbol) != -1): null

2019-08-24 13:01:28 - [TEST_STEP][PASSED] - if (i == 4 &amp;&amp; wildList.indexOf(symbol) != -1): null

2019-08-24 13:01:28 - [TEST_STEP][PASSED] - symbol = symbol: null

2019-08-24 13:01:28 - [TEST_STEP][PASSED] - println(symbol): null

2019-08-24 13:01:28 - [TEST_STEP][PASSED] - if (i == 2 &amp;&amp; wildList.indexOf(symbol) != -1): null

2019-08-24 13:01:28 - [TEST_STEP][PASSED] - if (i == 3 &amp;&amp; wildList.indexOf(symbol) != -1): null

2019-08-24 13:01:28 - [TEST_STEP][PASSED] - if (i == 4 &amp;&amp; wildList.indexOf(symbol) != -1): null

2019-08-24 13:01:28 - [TEST_STEP][PASSED] - symbol = symbol: null

2019-08-24 13:01:28 - [TEST_STEP][PASSED] - println(symbol): null

2019-08-24 13:01:28 - [TEST_STEP][PASSED] - if (i == 2 &amp;&amp; wildList.indexOf(symbol) != -1): null

2019-08-24 13:01:28 - [TEST_STEP][PASSED] - if (i == 3 &amp;&amp; wildList.indexOf(symbol) != -1): null

2019-08-24 13:01:28 - [TEST_STEP][PASSED] - if (i == 4 &amp;&amp; wildList.indexOf(symbol) != -1): null

2019-08-24 13:01:28 - [TEST_STEP][PASSED] - symbols = symbols: null

2019-08-24 13:01:28 - [TEST_STEP][PASSED] - for ([j = 0, j &lt; symbols.size(), (j++)]): null

2019-08-24 13:01:28 - [TEST_STEP][PASSED] - symbol = symbol: null

2019-08-24 13:01:28 - [TEST_STEP][PASSED] - println(symbol): null

2019-08-24 13:01:28 - [TEST_STEP][PASSED] - if (i == 2 &amp;&amp; wildList.indexOf(symbol) != -1): null

2019-08-24 13:01:28 - [TEST_STEP][PASSED] - if (i == 3 &amp;&amp; wildList.indexOf(symbol) != -1): null

2019-08-24 13:01:28 - [TEST_STEP][PASSED] - if (i == 4 &amp;&amp; wildList.indexOf(symbol) != -1): null

2019-08-24 13:01:28 - [TEST_STEP][PASSED] - symbol = symbol: null

2019-08-24 13:01:28 - [TEST_STEP][PASSED] - println(symbol): null

2019-08-24 13:01:28 - [TEST_STEP][PASSED] - if (i == 2 &amp;&amp; wildList.indexOf(symbol) != -1): null

2019-08-24 13:01:28 - [TEST_STEP][PASSED] - if (i == 3 &amp;&amp; wildList.indexOf(symbol) != -1): null

2019-08-24 13:01:28 - [TEST_STEP][PASSED] - if (i == 4 &amp;&amp; wildList.indexOf(symbol) != -1): null

2019-08-24 13:01:28 - [TEST_STEP][PASSED] - symbol = symbol: null

2019-08-24 13:01:28 - [TEST_STEP][PASSED] - println(symbol): null

2019-08-24 13:01:28 - [TEST_STEP][PASSED] - if (i == 2 &amp;&amp; wildList.indexOf(symbol) != -1): null

2019-08-24 13:01:28 - [TEST_STEP][PASSED] - if (i == 3 &amp;&amp; wildList.indexOf(symbol) != -1): null

2019-08-24 13:01:28 - [TEST_STEP][PASSED] - if (i == 4 &amp;&amp; wildList.indexOf(symbol) != -1): null

2019-08-24 13:01:28 - [TEST_STEP][PASSED] - symbols = symbols: null

2019-08-24 13:01:28 - [TEST_STEP][PASSED] - for ([j = 0, j &lt; symbols.size(), (j++)]): null

2019-08-24 13:01:28 - [TEST_STEP][PASSED] - symbol = symbol: null

2019-08-24 13:01:28 - [TEST_STEP][PASSED] - println(symbol): null

2019-08-24 13:01:28 - [TEST_STEP][PASSED] - if (i == 2 &amp;&amp; wildList.indexOf(symbol) != -1): null

2019-08-24 13:01:28 - [TEST_STEP][PASSED] - if (i == 3 &amp;&amp; wildList.indexOf(symbol) != -1): null

2019-08-24 13:01:28 - [TEST_STEP][PASSED] - if (i == 4 &amp;&amp; wildList.indexOf(symbol) != -1): null

2019-08-24 13:01:28 - [TEST_STEP][PASSED] - symbol = symbol: null

2019-08-24 13:01:28 - [TEST_STEP][PASSED] - println(symbol): null

2019-08-24 13:01:28 - [TEST_STEP][PASSED] - if (i == 2 &amp;&amp; wildList.indexOf(symbol) != -1): null

2019-08-24 13:01:28 - [TEST_STEP][PASSED] - if (i == 3 &amp;&amp; wildList.indexOf(symbol) != -1): null

2019-08-24 13:01:28 - [TEST_STEP][PASSED] - if (i == 4 &amp;&amp; wildList.indexOf(symbol) != -1): null

2019-08-24 13:01:28 - [TEST_STEP][PASSED] - symbol = symbol: null

2019-08-24 13:01:28 - [TEST_STEP][PASSED] - println(symbol): null

2019-08-24 13:01:28 - [TEST_STEP][PASSED] - if (i == 2 &amp;&amp; wildList.indexOf(symbol) != -1): null

2019-08-24 13:01:28 - [TEST_STEP][PASSED] - if (i == 3 &amp;&amp; wildList.indexOf(symbol) != -1): null

2019-08-24 13:01:28 - [TEST_STEP][PASSED] - println("wild found on reel 4, adding counter by 1"): null

2019-08-24 13:01:28 - [TEST_STEP][PASSED] - free_spin_reel_counter[1] = free_spin_reel_counter[1] + 1: null

2019-08-24 13:01:28 - [TEST_STEP][PASSED] - if (i == 4 &amp;&amp; wildList.indexOf(symbol) != -1): null

2019-08-24 13:01:28 - [TEST_STEP][PASSED] - symbols = symbols: null

2019-08-24 13:01:28 - [TEST_STEP][PASSED] - for ([j = 0, j &lt; symbols.size(), (j++)]): null

2019-08-24 13:01:28 - [TEST_STEP][PASSED] - symbol = symbol: null

2019-08-24 13:01:28 - [TEST_STEP][PASSED] - println(symbol): null

2019-08-24 13:01:28 - [TEST_STEP][PASSED] - if (i == 2 &amp;&amp; wildList.indexOf(symbol) != -1): null

2019-08-24 13:01:28 - [TEST_STEP][PASSED] - if (i == 3 &amp;&amp; wildList.indexOf(symbol) != -1): null

2019-08-24 13:01:28 - [TEST_STEP][PASSED] - if (i == 4 &amp;&amp; wildList.indexOf(symbol) != -1): null

2019-08-24 13:01:28 - [TEST_STEP][PASSED] - symbol = symbol: null

2019-08-24 13:01:28 - [TEST_STEP][PASSED] - println(symbol): null

2019-08-24 13:01:28 - [TEST_STEP][PASSED] - if (i == 2 &amp;&amp; wildList.indexOf(symbol) != -1): null

2019-08-24 13:01:28 - [TEST_STEP][PASSED] - if (i == 3 &amp;&amp; wildList.indexOf(symbol) != -1): null

2019-08-24 13:01:28 - [TEST_STEP][PASSED] - if (i == 4 &amp;&amp; wildList.indexOf(symbol) != -1): null

2019-08-24 13:01:28 - [TEST_STEP][PASSED] - symbol = symbol: null

2019-08-24 13:01:28 - [TEST_STEP][PASSED] - println(symbol): null

2019-08-24 13:01:28 - [TEST_STEP][PASSED] - if (i == 2 &amp;&amp; wildList.indexOf(symbol) != -1): null

2019-08-24 13:01:28 - [TEST_STEP][PASSED] - if (i == 3 &amp;&amp; wildList.indexOf(symbol) != -1): null

2019-08-24 13:01:28 - [TEST_STEP][PASSED] - if (i == 4 &amp;&amp; wildList.indexOf(symbol) != -1): null

2019-08-24 13:01:28 - [TEST_STEP][PASSED] - free_spin_reel_counter = free_spin_reel_counter: null

2019-08-24 13:01:28 - [TEST_STEP][PASSED] - println("reel 3 wild found: " + free_spin_reel_counter[0]): null

2019-08-24 13:01:28 - [TEST_STEP][PASSED] - println("reel 4 wild found: " + free_spin_reel_counter[1]): null

2019-08-24 13:01:28 - [TEST_STEP][PASSED] - println("reel 5 wild found: " + free_spin_reel_counter[2]): null

2019-08-24 13:01:28 - [TEST_STEP][PASSED] - M4_spin_reels = M4_spin_reels: null

2019-08-24 13:01:28 - [TEST_STEP][PASSED] - M4_spin_reels_symbols = symbol: null

2019-08-24 13:01:28 - [TEST_STEP][PASSED] - M4_spin_reels_symbols = M4_spin_reels_symbols: null

2019-08-24 13:01:28 - [TEST_STEP][PASSED] - M4_spin_reel_wins = reel_wins: null

2019-08-24 13:01:28 - [TEST_STEP][PASSED] - M4_spin_reel_wins = M4_spin_reel_wins: null

2019-08-24 13:01:28 - [TEST_STEP][PASSED] - println("GlobalVariable.M4_spin_reel_wins is: " + M4_spin_reel_wins): null

2019-08-24 13:01:28 - [TEST_STEP][PASSED] - M4_spin_total_bonus_win_this_round = total_bonus_win_this_round: null

2019-08-24 13:01:28 - [TEST_STEP][PASSED] - M4_spin_total_bonus_win_this_round = M4_spin_total_bonus_win_this_round: null

2019-08-24 13:01:28 - [TEST_STEP][PASSED] - println("GlobalVariable.M4_spin_total_bonus_win_this_round is: " + M4_spin_total_bonus_win_this_round): null

2019-08-24 13:01:28 - [TEST_STEP][PASSED] - M4_spin_bonus_spin_result = spin_result: null

2019-08-24 13:01:28 - [TEST_STEP][PASSED] - M4_spin_bonus_spin_result = M4_spin_bonus_spin_result: null

2019-08-24 13:01:28 - [MESSAGE][PASSED] - Verify response successfully

2019-08-24 13:01:28 - [MESSAGE][PASSED] - Send request and verify the response successfully

2019-08-24 13:01:28 - [TEST_STEP][PASSED] - if (M4_total_bonus_spins_int != 0 &amp;&amp; M4_spin_reels_symbols[2].contains("WILD_Expanding")): null

2019-08-24 13:01:28 - [TEST_STEP][PASSED] - free_spin_reel_counter = free_spin_reel_counter: null

2019-08-24 13:01:28 - [TEST_STEP][PASSED] - M4_spin_reels_symbols = M4_spin_reels_symbols: null

2019-08-24 13:01:28 - [TEST_STEP][PASSED] - M4_total_bonus_spins = M4_total_bonus_spins: null

2019-08-24 13:01:28 - [TEST_STEP][PASSED] - spin_result = sendRequestAndVerify(findTestObject("INT/RGS(M4)/1_M4_spin", ["M4_login_user_id":M4_login_user_id, "rgs_session_token":rgs_session_token, "partner":Partner])): Send request and verify the response successfully

2019-08-24 13:01:29 - [MESSAGE][INFO] - HAR: /Users/eiralee/Katalon_Script/SuperWild/Reports/20190824_125957/INT/superWild_5/20190824_125957/requests/main/30.har

2019-08-24 13:01:29 - [TEST_CASE][PASSED] - Start Test Case : Verification: Verification accomplished successfully

2019-08-24 13:01:29 - [TEST_STEP][PASSED] - request = getInstance().getCurrentRequest(): null

2019-08-24 13:01:29 - [TEST_STEP][PASSED] - response = getInstance().getCurrentResponse(): null

2019-08-24 13:01:29 - [TEST_STEP][PASSED] - verifyResponseStatusCode(response, 200): Verify response status code successfully

2019-08-24 13:01:29 - [MESSAGE][PASSED] - Verify response status code successfully

2019-08-24 13:01:29 - [TEST_STEP][PASSED] - getStatusCode()).isEqualTo(200): null

2019-08-24 13:01:29 - [TEST_STEP][PASSED] - newline = System.getProperty("line.separator"): null

2019-08-24 13:01:29 - [TEST_STEP][PASSED] - M4_spin = new groovy.json.JsonSlurper(): null

2019-08-24 13:01:29 - [TEST_STEP][PASSED] - result_M4_spin = M4_spin.parseText(response.getResponseBodyContent()): null

2019-08-24 13:01:29 - [TEST_STEP][PASSED] - M4_spin_current_balance = current_balance: null

2019-08-24 13:01:29 - [TEST_STEP][PASSED] - M4_spin_current_balance = M4_spin_current_balance: null

2019-08-24 13:01:29 - [TEST_STEP][PASSED] - M4_spin_transaction_id = causality: null

2019-08-24 13:01:29 - [TEST_STEP][PASSED] - M4_spin_transaction_id = M4_spin_transaction_id: null

2019-08-24 13:01:29 - [TEST_STEP][PASSED] - M4_spin_round_id = round_id: null

2019-08-24 13:01:29 - [TEST_STEP][PASSED] - M4_spin_round_id = M4_spin_round_id: null

2019-08-24 13:01:29 - [TEST_STEP][PASSED] - M4_spin_line_wins = line_wins: null

2019-08-24 13:01:29 - [TEST_STEP][PASSED] - M4_spin_line_wins = M4_spin_line_wins: null

2019-08-24 13:01:29 - [TEST_STEP][PASSED] - M4_total_bonus_spins_int = total_bonus_spins: null

2019-08-24 13:01:29 - [TEST_STEP][PASSED] - println("******M4_total_bonus_spins type is:*******" + newline + getClass().getName()): null

2019-08-24 13:01:29 - [TEST_STEP][PASSED] - M4_total_bonus_spins_int = M4_total_bonus_spins_int: null

2019-08-24 13:01:29 - [TEST_STEP][PASSED] - M4_total_bonus_spins = Integer.toString(M4_total_bonus_spins_int): null

2019-08-24 13:01:29 - [TEST_STEP][PASSED] - M4_total_bonus_spins = M4_total_bonus_spins: null

2019-08-24 13:01:29 - [TEST_STEP][PASSED] - println("M4_total_bonus_spins is:" + M4_total_bonus_spins): null

2019-08-24 13:01:29 - [TEST_STEP][PASSED] - M4_spin_bonus_data = bonus_data: null

2019-08-24 13:01:29 - [TEST_STEP][PASSED] - M4_spin_features_triggered = result_M4_spin: null

2019-08-24 13:01:29 - [TEST_STEP][PASSED] - wild = []: null

2019-08-24 13:01:29 - [TEST_STEP][PASSED] - wild[0] = "WILD_Expanding": null

2019-08-24 13:01:29 - [TEST_STEP][PASSED] - wild[1] = "WILD_Normal": null

2019-08-24 13:01:29 - [TEST_STEP][PASSED] - wild[2] = "WILD_Double": null

2019-08-24 13:01:29 - [TEST_STEP][PASSED] - wild[3] = "WILD_ExtraFG": null

2019-08-24 13:01:29 - [TEST_STEP][PASSED] - wild[4] = "WILD_Triple": null

2019-08-24 13:01:29 - [TEST_STEP][PASSED] - wildList = Arrays.asList(wild): null

2019-08-24 13:01:29 - [TEST_STEP][PASSED] - wildList = wildList: null

2019-08-24 13:01:29 - [TEST_STEP][PASSED] - free_spin_reel_counter = []: null

2019-08-24 13:01:29 - [TEST_STEP][PASSED] - free_spin_reel_counter[0] = 0: null

2019-08-24 13:01:29 - [TEST_STEP][PASSED] - free_spin_reel_counter[1] = 0: null

2019-08-24 13:01:29 - [TEST_STEP][PASSED] - free_spin_reel_counter[2] = 0: null

2019-08-24 13:01:29 - [TEST_STEP][PASSED] - M4_spin_reels = reels: null

2019-08-24 13:01:29 - [TEST_STEP][PASSED] - for ([i = 0, i &lt; M4_spin_reels.size(), (i++)]): null

2019-08-24 13:01:29 - [TEST_STEP][PASSED] - symbols = symbols: null

2019-08-24 13:01:29 - [TEST_STEP][PASSED] - for ([j = 0, j &lt; symbols.size(), (j++)]): null

2019-08-24 13:01:29 - [TEST_STEP][PASSED] - symbol = symbol: null

2019-08-24 13:01:29 - [TEST_STEP][PASSED] - println(symbol): null

2019-08-24 13:01:29 - [TEST_STEP][PASSED] - if (i == 2 &amp;&amp; wildList.indexOf(symbol) != -1): null

2019-08-24 13:01:29 - [TEST_STEP][PASSED] - if (i == 3 &amp;&amp; wildList.indexOf(symbol) != -1): null

2019-08-24 13:01:29 - [TEST_STEP][PASSED] - if (i == 4 &amp;&amp; wildList.indexOf(symbol) != -1): null

2019-08-24 13:01:29 - [TEST_STEP][PASSED] - symbol = symbol: null

2019-08-24 13:01:29 - [TEST_STEP][PASSED] - println(symbol): null

2019-08-24 13:01:29 - [TEST_STEP][PASSED] - if (i == 2 &amp;&amp; wildList.indexOf(symbol) != -1): null

2019-08-24 13:01:29 - [TEST_STEP][PASSED] - if (i == 3 &amp;&amp; wildList.indexOf(symbol) != -1): null

2019-08-24 13:01:29 - [TEST_STEP][PASSED] - if (i == 4 &amp;&amp; wildList.indexOf(symbol) != -1): null

2019-08-24 13:01:29 - [TEST_STEP][PASSED] - symbol = symbol: null

2019-08-24 13:01:29 - [TEST_STEP][PASSED] - println(symbol): null

2019-08-24 13:01:29 - [TEST_STEP][PASSED] - if (i == 2 &amp;&amp; wildList.indexOf(symbol) != -1): null

2019-08-24 13:01:29 - [TEST_STEP][PASSED] - if (i == 3 &amp;&amp; wildList.indexOf(symbol) != -1): null

2019-08-24 13:01:29 - [TEST_STEP][PASSED] - if (i == 4 &amp;&amp; wildList.indexOf(symbol) != -1): null

2019-08-24 13:01:29 - [TEST_STEP][PASSED] - symbols = symbols: null

2019-08-24 13:01:29 - [TEST_STEP][PASSED] - for ([j = 0, j &lt; symbols.size(), (j++)]): null

2019-08-24 13:01:29 - [TEST_STEP][PASSED] - symbol = symbol: null

2019-08-24 13:01:29 - [TEST_STEP][PASSED] - println(symbol): null

2019-08-24 13:01:29 - [TEST_STEP][PASSED] - if (i == 2 &amp;&amp; wildList.indexOf(symbol) != -1): null

2019-08-24 13:01:29 - [TEST_STEP][PASSED] - if (i == 3 &amp;&amp; wildList.indexOf(symbol) != -1): null

2019-08-24 13:01:29 - [TEST_STEP][PASSED] - if (i == 4 &amp;&amp; wildList.indexOf(symbol) != -1): null

2019-08-24 13:01:29 - [TEST_STEP][PASSED] - symbol = symbol: null

2019-08-24 13:01:29 - [TEST_STEP][PASSED] - println(symbol): null

2019-08-24 13:01:29 - [TEST_STEP][PASSED] - if (i == 2 &amp;&amp; wildList.indexOf(symbol) != -1): null

2019-08-24 13:01:29 - [TEST_STEP][PASSED] - if (i == 3 &amp;&amp; wildList.indexOf(symbol) != -1): null

2019-08-24 13:01:29 - [TEST_STEP][PASSED] - if (i == 4 &amp;&amp; wildList.indexOf(symbol) != -1): null

2019-08-24 13:01:29 - [TEST_STEP][PASSED] - symbol = symbol: null

2019-08-24 13:01:29 - [TEST_STEP][PASSED] - println(symbol): null

2019-08-24 13:01:29 - [TEST_STEP][PASSED] - if (i == 2 &amp;&amp; wildList.indexOf(symbol) != -1): null

2019-08-24 13:01:29 - [TEST_STEP][PASSED] - if (i == 3 &amp;&amp; wildList.indexOf(symbol) != -1): null

2019-08-24 13:01:29 - [TEST_STEP][PASSED] - if (i == 4 &amp;&amp; wildList.indexOf(symbol) != -1): null

2019-08-24 13:01:29 - [TEST_STEP][PASSED] - symbols = symbols: null

2019-08-24 13:01:29 - [TEST_STEP][PASSED] - for ([j = 0, j &lt; symbols.size(), (j++)]): null

2019-08-24 13:01:29 - [TEST_STEP][PASSED] - symbol = symbol: null

2019-08-24 13:01:29 - [TEST_STEP][PASSED] - println(symbol): null

2019-08-24 13:01:29 - [TEST_STEP][PASSED] - if (i == 2 &amp;&amp; wildList.indexOf(symbol) != -1): null

2019-08-24 13:01:29 - [TEST_STEP][PASSED] - if (i == 3 &amp;&amp; wildList.indexOf(symbol) != -1): null

2019-08-24 13:01:29 - [TEST_STEP][PASSED] - if (i == 4 &amp;&amp; wildList.indexOf(symbol) != -1): null

2019-08-24 13:01:29 - [TEST_STEP][PASSED] - symbol = symbol: null

2019-08-24 13:01:29 - [TEST_STEP][PASSED] - println(symbol): null

2019-08-24 13:01:29 - [TEST_STEP][PASSED] - if (i == 2 &amp;&amp; wildList.indexOf(symbol) != -1): null

2019-08-24 13:01:29 - [TEST_STEP][PASSED] - if (i == 3 &amp;&amp; wildList.indexOf(symbol) != -1): null

2019-08-24 13:01:29 - [TEST_STEP][PASSED] - if (i == 4 &amp;&amp; wildList.indexOf(symbol) != -1): null

2019-08-24 13:01:29 - [TEST_STEP][PASSED] - symbol = symbol: null

2019-08-24 13:01:29 - [TEST_STEP][PASSED] - println(symbol): null

2019-08-24 13:01:29 - [TEST_STEP][PASSED] - if (i == 2 &amp;&amp; wildList.indexOf(symbol) != -1): null

2019-08-24 13:01:29 - [TEST_STEP][PASSED] - println("wild found on reel 3, adding counter by 1"): null

2019-08-24 13:01:29 - [TEST_STEP][PASSED] - free_spin_reel_counter[0] = free_spin_reel_counter[0] + 1: null

2019-08-24 13:01:29 - [TEST_STEP][PASSED] - if (i == 3 &amp;&amp; wildList.indexOf(symbol) != -1): null

2019-08-24 13:01:29 - [TEST_STEP][PASSED] - if (i == 4 &amp;&amp; wildList.indexOf(symbol) != -1): null

2019-08-24 13:01:29 - [TEST_STEP][PASSED] - symbols = symbols: null

2019-08-24 13:01:29 - [TEST_STEP][PASSED] - for ([j = 0, j &lt; symbols.size(), (j++)]): null

2019-08-24 13:01:29 - [TEST_STEP][PASSED] - symbol = symbol: null

2019-08-24 13:01:29 - [TEST_STEP][PASSED] - println(symbol): null

2019-08-24 13:01:29 - [TEST_STEP][PASSED] - if (i == 2 &amp;&amp; wildList.indexOf(symbol) != -1): null

2019-08-24 13:01:29 - [TEST_STEP][PASSED] - if (i == 3 &amp;&amp; wildList.indexOf(symbol) != -1): null

2019-08-24 13:01:29 - [TEST_STEP][PASSED] - if (i == 4 &amp;&amp; wildList.indexOf(symbol) != -1): null

2019-08-24 13:01:29 - [TEST_STEP][PASSED] - symbol = symbol: null

2019-08-24 13:01:29 - [TEST_STEP][PASSED] - println(symbol): null

2019-08-24 13:01:29 - [TEST_STEP][PASSED] - if (i == 2 &amp;&amp; wildList.indexOf(symbol) != -1): null

2019-08-24 13:01:29 - [TEST_STEP][PASSED] - if (i == 3 &amp;&amp; wildList.indexOf(symbol) != -1): null

2019-08-24 13:01:29 - [TEST_STEP][PASSED] - if (i == 4 &amp;&amp; wildList.indexOf(symbol) != -1): null

2019-08-24 13:01:29 - [TEST_STEP][PASSED] - symbol = symbol: null

2019-08-24 13:01:29 - [TEST_STEP][PASSED] - println(symbol): null

2019-08-24 13:01:29 - [TEST_STEP][PASSED] - if (i == 2 &amp;&amp; wildList.indexOf(symbol) != -1): null

2019-08-24 13:01:29 - [TEST_STEP][PASSED] - if (i == 3 &amp;&amp; wildList.indexOf(symbol) != -1): null

2019-08-24 13:01:29 - [TEST_STEP][PASSED] - if (i == 4 &amp;&amp; wildList.indexOf(symbol) != -1): null

2019-08-24 13:01:29 - [TEST_STEP][PASSED] - symbols = symbols: null

2019-08-24 13:01:29 - [TEST_STEP][PASSED] - for ([j = 0, j &lt; symbols.size(), (j++)]): null

2019-08-24 13:01:29 - [TEST_STEP][PASSED] - symbol = symbol: null

2019-08-24 13:01:29 - [TEST_STEP][PASSED] - println(symbol): null

2019-08-24 13:01:29 - [TEST_STEP][PASSED] - if (i == 2 &amp;&amp; wildList.indexOf(symbol) != -1): null

2019-08-24 13:01:29 - [TEST_STEP][PASSED] - if (i == 3 &amp;&amp; wildList.indexOf(symbol) != -1): null

2019-08-24 13:01:29 - [TEST_STEP][PASSED] - if (i == 4 &amp;&amp; wildList.indexOf(symbol) != -1): null

2019-08-24 13:01:29 - [TEST_STEP][PASSED] - println("wild found on reel 5, adding counter by 1"): null

2019-08-24 13:01:29 - [TEST_STEP][PASSED] - free_spin_reel_counter[2] = free_spin_reel_counter[2] + 1: null

2019-08-24 13:01:29 - [TEST_STEP][PASSED] - symbol = symbol: null

2019-08-24 13:01:29 - [TEST_STEP][PASSED] - println(symbol): null

2019-08-24 13:01:29 - [TEST_STEP][PASSED] - if (i == 2 &amp;&amp; wildList.indexOf(symbol) != -1): null

2019-08-24 13:01:29 - [TEST_STEP][PASSED] - if (i == 3 &amp;&amp; wildList.indexOf(symbol) != -1): null

2019-08-24 13:01:29 - [TEST_STEP][PASSED] - if (i == 4 &amp;&amp; wildList.indexOf(symbol) != -1): null

2019-08-24 13:01:29 - [TEST_STEP][PASSED] - symbol = symbol: null

2019-08-24 13:01:29 - [TEST_STEP][PASSED] - println(symbol): null

2019-08-24 13:01:29 - [TEST_STEP][PASSED] - if (i == 2 &amp;&amp; wildList.indexOf(symbol) != -1): null

2019-08-24 13:01:29 - [TEST_STEP][PASSED] - if (i == 3 &amp;&amp; wildList.indexOf(symbol) != -1): null

2019-08-24 13:01:29 - [TEST_STEP][PASSED] - if (i == 4 &amp;&amp; wildList.indexOf(symbol) != -1): null

2019-08-24 13:01:29 - [TEST_STEP][PASSED] - free_spin_reel_counter = free_spin_reel_counter: null

2019-08-24 13:01:29 - [TEST_STEP][PASSED] - println("reel 3 wild found: " + free_spin_reel_counter[0]): null

2019-08-24 13:01:33 - [TEST_STEP][PASSED] - println("reel 4 wild found: " + free_spin_reel_counter[1]): null

2019-08-24 13:01:38 - [TEST_STEP][PASSED] - println("reel 5 wild found: " + free_spin_reel_counter[2]): null

2019-08-24 13:01:38 - [TEST_STEP][PASSED] - M4_spin_reels = M4_spin_reels: null

2019-08-24 13:01:38 - [TEST_STEP][PASSED] - M4_spin_reels_symbols = symbol: null

2019-08-24 13:01:38 - [TEST_STEP][PASSED] - M4_spin_reels_symbols = M4_spin_reels_symbols: null

2019-08-24 13:01:38 - [TEST_STEP][PASSED] - M4_spin_reel_wins = reel_wins: null

2019-08-24 13:01:44 - [TEST_STEP][PASSED] - M4_spin_reel_wins = M4_spin_reel_wins: null

2019-08-24 13:01:44 - [TEST_STEP][PASSED] - println("GlobalVariable.M4_spin_reel_wins is: " + M4_spin_reel_wins): null

2019-08-24 13:01:44 - [TEST_STEP][PASSED] - M4_spin_total_bonus_win_this_round = total_bonus_win_this_round: null

2019-08-24 13:01:44 - [TEST_STEP][PASSED] - M4_spin_total_bonus_win_this_round = M4_spin_total_bonus_win_this_round: null

2019-08-24 13:01:44 - [TEST_STEP][PASSED] - println("GlobalVariable.M4_spin_total_bonus_win_this_round is: " + M4_spin_total_bonus_win_this_round): null

2019-08-24 13:01:44 - [TEST_STEP][PASSED] - M4_spin_bonus_spin_result = spin_result: null

2019-08-24 13:01:44 - [TEST_STEP][PASSED] - M4_spin_bonus_spin_result = M4_spin_bonus_spin_result: null

2019-08-24 13:01:44 - [MESSAGE][PASSED] - Verify response successfully

2019-08-24 13:01:44 - [MESSAGE][PASSED] - Send request and verify the response successfully

2019-08-24 13:01:44 - [TEST_STEP][PASSED] - if (M4_total_bonus_spins_int != 0 &amp;&amp; M4_spin_reels_symbols[2].contains("WILD_Expanding")): null

2019-08-24 13:01:44 - [TEST_STEP][PASSED] - free_spin_reel_counter = free_spin_reel_counter: null

2019-08-24 13:01:44 - [TEST_STEP][PASSED] - M4_spin_reels_symbols = M4_spin_reels_symbols: null

2019-08-24 13:01:44 - [TEST_STEP][PASSED] - M4_total_bonus_spins = M4_total_bonus_spins: null

2019-08-24 13:01:44 - [TEST_STEP][PASSED] - spin_result = sendRequestAndVerify(findTestObject("INT/RGS(M4)/1_M4_spin", ["M4_login_user_id":M4_login_user_id, "rgs_session_token":rgs_session_token, "partner":Partner])): Send request and verify the response successfully

2019-08-24 13:01:44 - [MESSAGE][INFO] - HAR: /Users/eiralee/Katalon_Script/SuperWild/Reports/20190824_125957/INT/superWild_5/20190824_125957/requests/main/31.har

2019-08-24 13:01:44 - [TEST_CASE][PASSED] - Start Test Case : Verification: Verification accomplished successfully

2019-08-24 13:01:44 - [TEST_STEP][PASSED] - request = getInstance().getCurrentRequest(): null

2019-08-24 13:01:44 - [TEST_STEP][PASSED] - response = getInstance().getCurrentResponse(): null

2019-08-24 13:01:44 - [TEST_STEP][PASSED] - verifyResponseStatusCode(response, 200): Verify response status code successfully

2019-08-24 13:01:44 - [MESSAGE][PASSED] - Verify response status code successfully

2019-08-24 13:01:44 - [TEST_STEP][PASSED] - getStatusCode()).isEqualTo(200): null

2019-08-24 13:01:44 - [TEST_STEP][PASSED] - newline = System.getProperty("line.separator"): null

2019-08-24 13:01:44 - [TEST_STEP][PASSED] - M4_spin = new groovy.json.JsonSlurper(): null

2019-08-24 13:01:44 - [TEST_STEP][PASSED] - result_M4_spin = M4_spin.parseText(response.getResponseBodyContent()): null

2019-08-24 13:01:44 - [TEST_STEP][PASSED] - M4_spin_current_balance = current_balance: null

2019-08-24 13:01:44 - [TEST_STEP][PASSED] - M4_spin_current_balance = M4_spin_current_balance: null

2019-08-24 13:01:44 - [TEST_STEP][PASSED] - M4_spin_transaction_id = causality: null

2019-08-24 13:01:44 - [TEST_STEP][PASSED] - M4_spin_transaction_id = M4_spin_transaction_id: null

2019-08-24 13:01:44 - [TEST_STEP][PASSED] - M4_spin_round_id = round_id: null

2019-08-24 13:01:44 - [TEST_STEP][PASSED] - M4_spin_round_id = M4_spin_round_id: null

2019-08-24 13:01:44 - [TEST_STEP][PASSED] - M4_spin_line_wins = line_wins: null

2019-08-24 13:01:44 - [TEST_STEP][PASSED] - M4_spin_line_wins = M4_spin_line_wins: null

2019-08-24 13:01:44 - [TEST_STEP][PASSED] - M4_total_bonus_spins_int = total_bonus_spins: null

2019-08-24 13:01:44 - [TEST_STEP][PASSED] - println("******M4_total_bonus_spins type is:*******" + newline + getClass().getName()): null

2019-08-24 13:01:44 - [TEST_STEP][PASSED] - M4_total_bonus_spins_int = M4_total_bonus_spins_int: null

2019-08-24 13:01:44 - [TEST_STEP][PASSED] - M4_total_bonus_spins = Integer.toString(M4_total_bonus_spins_int): null

2019-08-24 13:01:44 - [TEST_STEP][PASSED] - M4_total_bonus_spins = M4_total_bonus_spins: null

2019-08-24 13:01:44 - [TEST_STEP][PASSED] - println("M4_total_bonus_spins is:" + M4_total_bonus_spins): null

2019-08-24 13:01:44 - [TEST_STEP][PASSED] - M4_spin_bonus_data = bonus_data: null

2019-08-24 13:01:44 - [TEST_STEP][PASSED] - M4_spin_features_triggered = result_M4_spin: null

2019-08-24 13:01:44 - [TEST_STEP][PASSED] - wild = []: null

2019-08-24 13:01:44 - [TEST_STEP][PASSED] - wild[0] = "WILD_Expanding": null

2019-08-24 13:01:44 - [TEST_STEP][PASSED] - wild[1] = "WILD_Normal": null

2019-08-24 13:01:44 - [TEST_STEP][PASSED] - wild[2] = "WILD_Double": null

2019-08-24 13:01:44 - [TEST_STEP][PASSED] - wild[3] = "WILD_ExtraFG": null

2019-08-24 13:01:44 - [TEST_STEP][PASSED] - wild[4] = "WILD_Triple": null

2019-08-24 13:01:44 - [TEST_STEP][PASSED] - wildList = Arrays.asList(wild): null

2019-08-24 13:01:44 - [TEST_STEP][PASSED] - wildList = wildList: null

2019-08-24 13:01:44 - [TEST_STEP][PASSED] - free_spin_reel_counter = []: null

2019-08-24 13:01:44 - [TEST_STEP][PASSED] - free_spin_reel_counter[0] = 0: null

2019-08-24 13:01:44 - [TEST_STEP][PASSED] - free_spin_reel_counter[1] = 0: null

2019-08-24 13:01:44 - [TEST_STEP][PASSED] - free_spin_reel_counter[2] = 0: null

2019-08-24 13:01:44 - [TEST_STEP][PASSED] - M4_spin_reels = reels: null

2019-08-24 13:01:44 - [TEST_STEP][PASSED] - for ([i = 0, i &lt; M4_spin_reels.size(), (i++)]): null

2019-08-24 13:01:44 - [TEST_STEP][PASSED] - symbols = symbols: null

2019-08-24 13:01:44 - [TEST_STEP][PASSED] - for ([j = 0, j &lt; symbols.size(), (j++)]): null

2019-08-24 13:01:44 - [TEST_STEP][PASSED] - symbol = symbol: null

2019-08-24 13:01:44 - [TEST_STEP][PASSED] - println(symbol): null

2019-08-24 13:01:44 - [TEST_STEP][PASSED] - if (i == 2 &amp;&amp; wildList.indexOf(symbol) != -1): null

2019-08-24 13:01:44 - [TEST_STEP][PASSED] - if (i == 3 &amp;&amp; wildList.indexOf(symbol) != -1): null

2019-08-24 13:01:44 - [TEST_STEP][PASSED] - if (i == 4 &amp;&amp; wildList.indexOf(symbol) != -1): null

2019-08-24 13:01:44 - [TEST_STEP][PASSED] - symbol = symbol: null

2019-08-24 13:01:44 - [TEST_STEP][PASSED] - println(symbol): null

2019-08-24 13:01:44 - [TEST_STEP][PASSED] - if (i == 2 &amp;&amp; wildList.indexOf(symbol) != -1): null

2019-08-24 13:01:44 - [TEST_STEP][PASSED] - if (i == 3 &amp;&amp; wildList.indexOf(symbol) != -1): null

2019-08-24 13:01:44 - [TEST_STEP][PASSED] - if (i == 4 &amp;&amp; wildList.indexOf(symbol) != -1): null

2019-08-24 13:01:44 - [TEST_STEP][PASSED] - symbol = symbol: null

2019-08-24 13:01:44 - [TEST_STEP][PASSED] - println(symbol): null

2019-08-24 13:01:44 - [TEST_STEP][PASSED] - if (i == 2 &amp;&amp; wildList.indexOf(symbol) != -1): null

2019-08-24 13:01:44 - [TEST_STEP][PASSED] - if (i == 3 &amp;&amp; wildList.indexOf(symbol) != -1): null

2019-08-24 13:01:44 - [TEST_STEP][PASSED] - if (i == 4 &amp;&amp; wildList.indexOf(symbol) != -1): null

2019-08-24 13:01:44 - [TEST_STEP][PASSED] - symbols = symbols: null

2019-08-24 13:01:44 - [TEST_STEP][PASSED] - for ([j = 0, j &lt; symbols.size(), (j++)]): null

2019-08-24 13:01:44 - [TEST_STEP][PASSED] - symbol = symbol: null

2019-08-24 13:01:44 - [TEST_STEP][PASSED] - println(symbol): null

2019-08-24 13:01:44 - [TEST_STEP][PASSED] - if (i == 2 &amp;&amp; wildList.indexOf(symbol) != -1): null

2019-08-24 13:01:44 - [TEST_STEP][PASSED] - if (i == 3 &amp;&amp; wildList.indexOf(symbol) != -1): null

2019-08-24 13:01:44 - [TEST_STEP][PASSED] - if (i == 4 &amp;&amp; wildList.indexOf(symbol) != -1): null

2019-08-24 13:01:44 - [TEST_STEP][PASSED] - symbol = symbol: null

2019-08-24 13:01:44 - [TEST_STEP][PASSED] - println(symbol): null

2019-08-24 13:01:44 - [TEST_STEP][PASSED] - if (i == 2 &amp;&amp; wildList.indexOf(symbol) != -1): null

2019-08-24 13:01:44 - [TEST_STEP][PASSED] - if (i == 3 &amp;&amp; wildList.indexOf(symbol) != -1): null

2019-08-24 13:01:44 - [TEST_STEP][PASSED] - if (i == 4 &amp;&amp; wildList.indexOf(symbol) != -1): null

2019-08-24 13:01:44 - [TEST_STEP][PASSED] - symbol = symbol: null

2019-08-24 13:01:44 - [TEST_STEP][PASSED] - println(symbol): null

2019-08-24 13:01:44 - [TEST_STEP][PASSED] - if (i == 2 &amp;&amp; wildList.indexOf(symbol) != -1): null

2019-08-24 13:01:44 - [TEST_STEP][PASSED] - if (i == 3 &amp;&amp; wildList.indexOf(symbol) != -1): null

2019-08-24 13:01:44 - [TEST_STEP][PASSED] - if (i == 4 &amp;&amp; wildList.indexOf(symbol) != -1): null

2019-08-24 13:01:44 - [TEST_STEP][PASSED] - symbols = symbols: null

2019-08-24 13:01:44 - [TEST_STEP][PASSED] - for ([j = 0, j &lt; symbols.size(), (j++)]): null

2019-08-24 13:01:44 - [TEST_STEP][PASSED] - symbol = symbol: null

2019-08-24 13:01:44 - [TEST_STEP][PASSED] - println(symbol): null

2019-08-24 13:01:44 - [TEST_STEP][PASSED] - if (i == 2 &amp;&amp; wildList.indexOf(symbol) != -1): null

2019-08-24 13:01:44 - [TEST_STEP][PASSED] - if (i == 3 &amp;&amp; wildList.indexOf(symbol) != -1): null

2019-08-24 13:01:44 - [TEST_STEP][PASSED] - if (i == 4 &amp;&amp; wildList.indexOf(symbol) != -1): null

2019-08-24 13:01:44 - [TEST_STEP][PASSED] - symbol = symbol: null

2019-08-24 13:01:44 - [TEST_STEP][PASSED] - println(symbol): null

2019-08-24 13:01:44 - [TEST_STEP][PASSED] - if (i == 2 &amp;&amp; wildList.indexOf(symbol) != -1): null

2019-08-24 13:01:44 - [TEST_STEP][PASSED] - if (i == 3 &amp;&amp; wildList.indexOf(symbol) != -1): null

2019-08-24 13:01:44 - [TEST_STEP][PASSED] - if (i == 4 &amp;&amp; wildList.indexOf(symbol) != -1): null

2019-08-24 13:01:44 - [TEST_STEP][PASSED] - symbol = symbol: null

2019-08-24 13:01:44 - [TEST_STEP][PASSED] - println(symbol): null

2019-08-24 13:01:44 - [TEST_STEP][PASSED] - if (i == 2 &amp;&amp; wildList.indexOf(symbol) != -1): null

2019-08-24 13:01:44 - [TEST_STEP][PASSED] - if (i == 3 &amp;&amp; wildList.indexOf(symbol) != -1): null

2019-08-24 13:01:44 - [TEST_STEP][PASSED] - if (i == 4 &amp;&amp; wildList.indexOf(symbol) != -1): null

2019-08-24 13:01:44 - [TEST_STEP][PASSED] - symbols = symbols: null

2019-08-24 13:01:44 - [TEST_STEP][PASSED] - for ([j = 0, j &lt; symbols.size(), (j++)]): null

2019-08-24 13:01:44 - [TEST_STEP][PASSED] - symbol = symbol: null

2019-08-24 13:01:44 - [TEST_STEP][PASSED] - println(symbol): null

2019-08-24 13:01:44 - [TEST_STEP][PASSED] - if (i == 2 &amp;&amp; wildList.indexOf(symbol) != -1): null

2019-08-24 13:01:44 - [TEST_STEP][PASSED] - if (i == 3 &amp;&amp; wildList.indexOf(symbol) != -1): null

2019-08-24 13:01:44 - [TEST_STEP][PASSED] - if (i == 4 &amp;&amp; wildList.indexOf(symbol) != -1): null

2019-08-24 13:01:44 - [TEST_STEP][PASSED] - symbol = symbol: null

2019-08-24 13:01:44 - [TEST_STEP][PASSED] - println(symbol): null

2019-08-24 13:01:44 - [TEST_STEP][PASSED] - if (i == 2 &amp;&amp; wildList.indexOf(symbol) != -1): null

2019-08-24 13:01:44 - [TEST_STEP][PASSED] - if (i == 3 &amp;&amp; wildList.indexOf(symbol) != -1): null

2019-08-24 13:01:44 - [TEST_STEP][PASSED] - if (i == 4 &amp;&amp; wildList.indexOf(symbol) != -1): null

2019-08-24 13:01:44 - [TEST_STEP][PASSED] - symbol = symbol: null

2019-08-24 13:01:44 - [TEST_STEP][PASSED] - println(symbol): null

2019-08-24 13:01:44 - [TEST_STEP][PASSED] - if (i == 2 &amp;&amp; wildList.indexOf(symbol) != -1): null

2019-08-24 13:01:44 - [TEST_STEP][PASSED] - if (i == 3 &amp;&amp; wildList.indexOf(symbol) != -1): null

2019-08-24 13:01:44 - [TEST_STEP][PASSED] - if (i == 4 &amp;&amp; wildList.indexOf(symbol) != -1): null

2019-08-24 13:01:44 - [TEST_STEP][PASSED] - symbols = symbols: null

2019-08-24 13:01:44 - [TEST_STEP][PASSED] - for ([j = 0, j &lt; symbols.size(), (j++)]): null

2019-08-24 13:01:44 - [TEST_STEP][PASSED] - symbol = symbol: null

2019-08-24 13:01:44 - [TEST_STEP][PASSED] - println(symbol): null

2019-08-24 13:01:44 - [TEST_STEP][PASSED] - if (i == 2 &amp;&amp; wildList.indexOf(symbol) != -1): null

2019-08-24 13:01:44 - [TEST_STEP][PASSED] - if (i == 3 &amp;&amp; wildList.indexOf(symbol) != -1): null

2019-08-24 13:01:44 - [TEST_STEP][PASSED] - if (i == 4 &amp;&amp; wildList.indexOf(symbol) != -1): null

2019-08-24 13:01:44 - [TEST_STEP][PASSED] - symbol = symbol: null

2019-08-24 13:01:44 - [TEST_STEP][PASSED] - println(symbol): null

2019-08-24 13:01:44 - [TEST_STEP][PASSED] - if (i == 2 &amp;&amp; wildList.indexOf(symbol) != -1): null

2019-08-24 13:01:44 - [TEST_STEP][PASSED] - if (i == 3 &amp;&amp; wildList.indexOf(symbol) != -1): null

2019-08-24 13:01:44 - [TEST_STEP][PASSED] - if (i == 4 &amp;&amp; wildList.indexOf(symbol) != -1): null

2019-08-24 13:01:44 - [TEST_STEP][PASSED] - symbol = symbol: null

2019-08-24 13:01:44 - [TEST_STEP][PASSED] - println(symbol): null

2019-08-24 13:01:44 - [TEST_STEP][PASSED] - if (i == 2 &amp;&amp; wildList.indexOf(symbol) != -1): null

2019-08-24 13:01:44 - [TEST_STEP][PASSED] - if (i == 3 &amp;&amp; wildList.indexOf(symbol) != -1): null

2019-08-24 13:01:44 - [TEST_STEP][PASSED] - if (i == 4 &amp;&amp; wildList.indexOf(symbol) != -1): null

2019-08-24 13:01:44 - [TEST_STEP][PASSED] - free_spin_reel_counter = free_spin_reel_counter: null

2019-08-24 13:01:44 - [TEST_STEP][PASSED] - println("reel 3 wild found: " + free_spin_reel_counter[0]): null

2019-08-24 13:01:44 - [TEST_STEP][PASSED] - println("reel 4 wild found: " + free_spin_reel_counter[1]): null

2019-08-24 13:01:44 - [TEST_STEP][PASSED] - println("reel 5 wild found: " + free_spin_reel_counter[2]): null

2019-08-24 13:01:44 - [TEST_STEP][PASSED] - M4_spin_reels = M4_spin_reels: null

2019-08-24 13:01:44 - [TEST_STEP][PASSED] - M4_spin_reels_symbols = symbol: null

2019-08-24 13:01:44 - [TEST_STEP][PASSED] - M4_spin_reels_symbols = M4_spin_reels_symbols: null

2019-08-24 13:01:44 - [TEST_STEP][PASSED] - M4_spin_reel_wins = reel_wins: null

2019-08-24 13:01:44 - [TEST_STEP][PASSED] - M4_spin_reel_wins = M4_spin_reel_wins: null

2019-08-24 13:01:44 - [TEST_STEP][PASSED] - println("GlobalVariable.M4_spin_reel_wins is: " + M4_spin_reel_wins): null

2019-08-24 13:01:44 - [TEST_STEP][PASSED] - M4_spin_total_bonus_win_this_round = total_bonus_win_this_round: null

2019-08-24 13:01:44 - [TEST_STEP][PASSED] - M4_spin_total_bonus_win_this_round = M4_spin_total_bonus_win_this_round: null

2019-08-24 13:01:44 - [TEST_STEP][PASSED] - println("GlobalVariable.M4_spin_total_bonus_win_this_round is: " + M4_spin_total_bonus_win_this_round): null

2019-08-24 13:01:44 - [TEST_STEP][PASSED] - M4_spin_bonus_spin_result = spin_result: null

2019-08-24 13:01:44 - [TEST_STEP][PASSED] - M4_spin_bonus_spin_result = M4_spin_bonus_spin_result: null

2019-08-24 13:01:44 - [MESSAGE][PASSED] - Verify response successfully

2019-08-24 13:01:44 - [MESSAGE][PASSED] - Send request and verify the response successfully

2019-08-24 13:01:44 - [TEST_STEP][PASSED] - if (M4_total_bonus_spins_int != 0 &amp;&amp; M4_spin_reels_symbols[2].contains("WILD_Expanding")): null

2019-08-24 13:01:44 - [TEST_STEP][PASSED] - free_spin_reel_counter = free_spin_reel_counter: null

2019-08-24 13:01:44 - [TEST_STEP][PASSED] - M4_spin_reels_symbols = M4_spin_reels_symbols: null

2019-08-24 13:01:44 - [TEST_STEP][PASSED] - M4_total_bonus_spins = M4_total_bonus_spins: null

2019-08-24 13:01:44 - [TEST_STEP][PASSED] - spin_result = sendRequestAndVerify(findTestObject("INT/RGS(M4)/1_M4_spin", ["M4_login_user_id":M4_login_user_id, "rgs_session_token":rgs_session_token, "partner":Partner])): Send request and verify the response successfully

2019-08-24 13:01:45 - [MESSAGE][INFO] - HAR: /Users/eiralee/Katalon_Script/SuperWild/Reports/20190824_125957/INT/superWild_5/20190824_125957/requests/main/32.har

2019-08-24 13:01:45 - [TEST_CASE][PASSED] - Start Test Case : Verification: Verification accomplished successfully

2019-08-24 13:01:45 - [TEST_STEP][PASSED] - request = getInstance().getCurrentRequest(): null

2019-08-24 13:01:45 - [TEST_STEP][PASSED] - response = getInstance().getCurrentResponse(): null

2019-08-24 13:01:45 - [TEST_STEP][PASSED] - verifyResponseStatusCode(response, 200): Verify response status code successfully

2019-08-24 13:01:45 - [MESSAGE][PASSED] - Verify response status code successfully

2019-08-24 13:01:45 - [TEST_STEP][PASSED] - getStatusCode()).isEqualTo(200): null

2019-08-24 13:01:45 - [TEST_STEP][PASSED] - newline = System.getProperty("line.separator"): null

2019-08-24 13:01:45 - [TEST_STEP][PASSED] - M4_spin = new groovy.json.JsonSlurper(): null

2019-08-24 13:01:45 - [TEST_STEP][PASSED] - result_M4_spin = M4_spin.parseText(response.getResponseBodyContent()): null

2019-08-24 13:01:45 - [TEST_STEP][PASSED] - M4_spin_current_balance = current_balance: null

2019-08-24 13:01:45 - [TEST_STEP][PASSED] - M4_spin_current_balance = M4_spin_current_balance: null

2019-08-24 13:01:45 - [TEST_STEP][PASSED] - M4_spin_transaction_id = causality: null

2019-08-24 13:01:45 - [TEST_STEP][PASSED] - M4_spin_transaction_id = M4_spin_transaction_id: null

2019-08-24 13:01:45 - [TEST_STEP][PASSED] - M4_spin_round_id = round_id: null

2019-08-24 13:01:45 - [TEST_STEP][PASSED] - M4_spin_round_id = M4_spin_round_id: null

2019-08-24 13:01:45 - [TEST_STEP][PASSED] - M4_spin_line_wins = line_wins: null

2019-08-24 13:01:45 - [TEST_STEP][PASSED] - M4_spin_line_wins = M4_spin_line_wins: null

2019-08-24 13:01:45 - [TEST_STEP][PASSED] - M4_total_bonus_spins_int = total_bonus_spins: null

2019-08-24 13:01:45 - [TEST_STEP][PASSED] - println("******M4_total_bonus_spins type is:*******" + newline + getClass().getName()): null

2019-08-24 13:01:45 - [TEST_STEP][PASSED] - M4_total_bonus_spins_int = M4_total_bonus_spins_int: null

2019-08-24 13:01:45 - [TEST_STEP][PASSED] - M4_total_bonus_spins = Integer.toString(M4_total_bonus_spins_int): null

2019-08-24 13:01:45 - [TEST_STEP][PASSED] - M4_total_bonus_spins = M4_total_bonus_spins: null

2019-08-24 13:01:45 - [TEST_STEP][PASSED] - println("M4_total_bonus_spins is:" + M4_total_bonus_spins): null

2019-08-24 13:01:45 - [TEST_STEP][PASSED] - M4_spin_bonus_data = bonus_data: null

2019-08-24 13:01:45 - [TEST_STEP][PASSED] - M4_spin_features_triggered = result_M4_spin: null

2019-08-24 13:01:45 - [TEST_STEP][PASSED] - wild = []: null

2019-08-24 13:01:45 - [TEST_STEP][PASSED] - wild[0] = "WILD_Expanding": null

2019-08-24 13:01:45 - [TEST_STEP][PASSED] - wild[1] = "WILD_Normal": null

2019-08-24 13:01:45 - [TEST_STEP][PASSED] - wild[2] = "WILD_Double": null

2019-08-24 13:01:45 - [TEST_STEP][PASSED] - wild[3] = "WILD_ExtraFG": null

2019-08-24 13:01:45 - [TEST_STEP][PASSED] - wild[4] = "WILD_Triple": null

2019-08-24 13:01:45 - [TEST_STEP][PASSED] - wildList = Arrays.asList(wild): null

2019-08-24 13:01:45 - [TEST_STEP][PASSED] - wildList = wildList: null

2019-08-24 13:01:45 - [TEST_STEP][PASSED] - free_spin_reel_counter = []: null

2019-08-24 13:01:45 - [TEST_STEP][PASSED] - free_spin_reel_counter[0] = 0: null

2019-08-24 13:01:45 - [TEST_STEP][PASSED] - free_spin_reel_counter[1] = 0: null

2019-08-24 13:01:45 - [TEST_STEP][PASSED] - free_spin_reel_counter[2] = 0: null

2019-08-24 13:01:45 - [TEST_STEP][PASSED] - M4_spin_reels = reels: null

2019-08-24 13:01:45 - [TEST_STEP][PASSED] - for ([i = 0, i &lt; M4_spin_reels.size(), (i++)]): null

2019-08-24 13:01:45 - [TEST_STEP][PASSED] - symbols = symbols: null

2019-08-24 13:01:45 - [TEST_STEP][PASSED] - for ([j = 0, j &lt; symbols.size(), (j++)]): null

2019-08-24 13:01:45 - [TEST_STEP][PASSED] - symbol = symbol: null

2019-08-24 13:01:45 - [TEST_STEP][PASSED] - println(symbol): null

2019-08-24 13:01:45 - [TEST_STEP][PASSED] - if (i == 2 &amp;&amp; wildList.indexOf(symbol) != -1): null

2019-08-24 13:01:45 - [TEST_STEP][PASSED] - if (i == 3 &amp;&amp; wildList.indexOf(symbol) != -1): null

2019-08-24 13:01:45 - [TEST_STEP][PASSED] - if (i == 4 &amp;&amp; wildList.indexOf(symbol) != -1): null

2019-08-24 13:01:45 - [TEST_STEP][PASSED] - symbol = symbol: null

2019-08-24 13:01:45 - [TEST_STEP][PASSED] - println(symbol): null

2019-08-24 13:01:45 - [TEST_STEP][PASSED] - if (i == 2 &amp;&amp; wildList.indexOf(symbol) != -1): null

2019-08-24 13:01:45 - [TEST_STEP][PASSED] - if (i == 3 &amp;&amp; wildList.indexOf(symbol) != -1): null

2019-08-24 13:01:45 - [TEST_STEP][PASSED] - if (i == 4 &amp;&amp; wildList.indexOf(symbol) != -1): null

2019-08-24 13:01:45 - [TEST_STEP][PASSED] - symbol = symbol: null

2019-08-24 13:01:45 - [TEST_STEP][PASSED] - println(symbol): null

2019-08-24 13:01:45 - [TEST_STEP][PASSED] - if (i == 2 &amp;&amp; wildList.indexOf(symbol) != -1): null

2019-08-24 13:01:45 - [TEST_STEP][PASSED] - if (i == 3 &amp;&amp; wildList.indexOf(symbol) != -1): null

2019-08-24 13:01:45 - [TEST_STEP][PASSED] - if (i == 4 &amp;&amp; wildList.indexOf(symbol) != -1): null

2019-08-24 13:01:45 - [TEST_STEP][PASSED] - symbols = symbols: null

2019-08-24 13:01:45 - [TEST_STEP][PASSED] - for ([j = 0, j &lt; symbols.size(), (j++)]): null

2019-08-24 13:01:45 - [TEST_STEP][PASSED] - symbol = symbol: null

2019-08-24 13:01:45 - [TEST_STEP][PASSED] - println(symbol): null

2019-08-24 13:01:45 - [TEST_STEP][PASSED] - if (i == 2 &amp;&amp; wildList.indexOf(symbol) != -1): null

2019-08-24 13:01:45 - [TEST_STEP][PASSED] - if (i == 3 &amp;&amp; wildList.indexOf(symbol) != -1): null

2019-08-24 13:01:45 - [TEST_STEP][PASSED] - if (i == 4 &amp;&amp; wildList.indexOf(symbol) != -1): null

2019-08-24 13:01:45 - [TEST_STEP][PASSED] - symbol = symbol: null

2019-08-24 13:01:45 - [TEST_STEP][PASSED] - println(symbol): null

2019-08-24 13:01:45 - [TEST_STEP][PASSED] - if (i == 2 &amp;&amp; wildList.indexOf(symbol) != -1): null

2019-08-24 13:01:45 - [TEST_STEP][PASSED] - if (i == 3 &amp;&amp; wildList.indexOf(symbol) != -1): null

2019-08-24 13:01:45 - [TEST_STEP][PASSED] - if (i == 4 &amp;&amp; wildList.indexOf(symbol) != -1): null

2019-08-24 13:01:45 - [TEST_STEP][PASSED] - symbol = symbol: null

2019-08-24 13:01:45 - [TEST_STEP][PASSED] - println(symbol): null

2019-08-24 13:01:45 - [TEST_STEP][PASSED] - if (i == 2 &amp;&amp; wildList.indexOf(symbol) != -1): null

2019-08-24 13:01:45 - [TEST_STEP][PASSED] - if (i == 3 &amp;&amp; wildList.indexOf(symbol) != -1): null

2019-08-24 13:01:45 - [TEST_STEP][PASSED] - if (i == 4 &amp;&amp; wildList.indexOf(symbol) != -1): null

2019-08-24 13:01:45 - [TEST_STEP][PASSED] - symbols = symbols: null

2019-08-24 13:01:45 - [TEST_STEP][PASSED] - for ([j = 0, j &lt; symbols.size(), (j++)]): null

2019-08-24 13:01:45 - [TEST_STEP][PASSED] - symbol = symbol: null

2019-08-24 13:01:45 - [TEST_STEP][PASSED] - println(symbol): null

2019-08-24 13:01:45 - [TEST_STEP][PASSED] - if (i == 2 &amp;&amp; wildList.indexOf(symbol) != -1): null

2019-08-24 13:01:45 - [TEST_STEP][PASSED] - if (i == 3 &amp;&amp; wildList.indexOf(symbol) != -1): null

2019-08-24 13:01:45 - [TEST_STEP][PASSED] - if (i == 4 &amp;&amp; wildList.indexOf(symbol) != -1): null

2019-08-24 13:01:45 - [TEST_STEP][PASSED] - symbol = symbol: null

2019-08-24 13:01:45 - [TEST_STEP][PASSED] - println(symbol): null

2019-08-24 13:01:45 - [TEST_STEP][PASSED] - if (i == 2 &amp;&amp; wildList.indexOf(symbol) != -1): null

2019-08-24 13:01:45 - [TEST_STEP][PASSED] - if (i == 3 &amp;&amp; wildList.indexOf(symbol) != -1): null

2019-08-24 13:01:45 - [TEST_STEP][PASSED] - if (i == 4 &amp;&amp; wildList.indexOf(symbol) != -1): null

2019-08-24 13:01:45 - [TEST_STEP][PASSED] - symbol = symbol: null

2019-08-24 13:01:45 - [TEST_STEP][PASSED] - println(symbol): null

2019-08-24 13:01:45 - [TEST_STEP][PASSED] - if (i == 2 &amp;&amp; wildList.indexOf(symbol) != -1): null

2019-08-24 13:01:45 - [TEST_STEP][PASSED] - if (i == 3 &amp;&amp; wildList.indexOf(symbol) != -1): null

2019-08-24 13:01:45 - [TEST_STEP][PASSED] - if (i == 4 &amp;&amp; wildList.indexOf(symbol) != -1): null

2019-08-24 13:01:45 - [TEST_STEP][PASSED] - symbols = symbols: null

2019-08-24 13:01:45 - [TEST_STEP][PASSED] - for ([j = 0, j &lt; symbols.size(), (j++)]): null

2019-08-24 13:01:45 - [TEST_STEP][PASSED] - symbol = symbol: null

2019-08-24 13:01:45 - [TEST_STEP][PASSED] - println(symbol): null

2019-08-24 13:01:45 - [TEST_STEP][PASSED] - if (i == 2 &amp;&amp; wildList.indexOf(symbol) != -1): null

2019-08-24 13:01:45 - [TEST_STEP][PASSED] - if (i == 3 &amp;&amp; wildList.indexOf(symbol) != -1): null

2019-08-24 13:01:45 - [TEST_STEP][PASSED] - if (i == 4 &amp;&amp; wildList.indexOf(symbol) != -1): null

2019-08-24 13:01:45 - [TEST_STEP][PASSED] - symbol = symbol: null

2019-08-24 13:01:45 - [TEST_STEP][PASSED] - println(symbol): null

2019-08-24 13:01:45 - [TEST_STEP][PASSED] - if (i == 2 &amp;&amp; wildList.indexOf(symbol) != -1): null

2019-08-24 13:01:45 - [TEST_STEP][PASSED] - if (i == 3 &amp;&amp; wildList.indexOf(symbol) != -1): null

2019-08-24 13:01:45 - [TEST_STEP][PASSED] - println("wild found on reel 4, adding counter by 1"): null

2019-08-24 13:01:45 - [TEST_STEP][PASSED] - free_spin_reel_counter[1] = free_spin_reel_counter[1] + 1: null

2019-08-24 13:01:45 - [TEST_STEP][PASSED] - if (i == 4 &amp;&amp; wildList.indexOf(symbol) != -1): null

2019-08-24 13:01:45 - [TEST_STEP][PASSED] - symbol = symbol: null

2019-08-24 13:01:45 - [TEST_STEP][PASSED] - println(symbol): null

2019-08-24 13:01:45 - [TEST_STEP][PASSED] - if (i == 2 &amp;&amp; wildList.indexOf(symbol) != -1): null

2019-08-24 13:01:45 - [TEST_STEP][PASSED] - if (i == 3 &amp;&amp; wildList.indexOf(symbol) != -1): null

2019-08-24 13:01:45 - [TEST_STEP][PASSED] - if (i == 4 &amp;&amp; wildList.indexOf(symbol) != -1): null

2019-08-24 13:01:45 - [TEST_STEP][PASSED] - symbols = symbols: null

2019-08-24 13:01:45 - [TEST_STEP][PASSED] - for ([j = 0, j &lt; symbols.size(), (j++)]): null

2019-08-24 13:01:45 - [TEST_STEP][PASSED] - symbol = symbol: null

2019-08-24 13:01:45 - [TEST_STEP][PASSED] - println(symbol): null

2019-08-24 13:01:45 - [TEST_STEP][PASSED] - if (i == 2 &amp;&amp; wildList.indexOf(symbol) != -1): null

2019-08-24 13:01:45 - [TEST_STEP][PASSED] - if (i == 3 &amp;&amp; wildList.indexOf(symbol) != -1): null

2019-08-24 13:01:45 - [TEST_STEP][PASSED] - if (i == 4 &amp;&amp; wildList.indexOf(symbol) != -1): null

2019-08-24 13:01:45 - [TEST_STEP][PASSED] - symbol = symbol: null

2019-08-24 13:01:45 - [TEST_STEP][PASSED] - println(symbol): null

2019-08-24 13:01:45 - [TEST_STEP][PASSED] - if (i == 2 &amp;&amp; wildList.indexOf(symbol) != -1): null

2019-08-24 13:01:45 - [TEST_STEP][PASSED] - if (i == 3 &amp;&amp; wildList.indexOf(symbol) != -1): null

2019-08-24 13:01:45 - [TEST_STEP][PASSED] - if (i == 4 &amp;&amp; wildList.indexOf(symbol) != -1): null

2019-08-24 13:01:45 - [TEST_STEP][PASSED] - symbol = symbol: null

2019-08-24 13:01:45 - [TEST_STEP][PASSED] - println(symbol): null

2019-08-24 13:01:45 - [TEST_STEP][PASSED] - if (i == 2 &amp;&amp; wildList.indexOf(symbol) != -1): null

2019-08-24 13:01:45 - [TEST_STEP][PASSED] - if (i == 3 &amp;&amp; wildList.indexOf(symbol) != -1): null

2019-08-24 13:01:45 - [TEST_STEP][PASSED] - if (i == 4 &amp;&amp; wildList.indexOf(symbol) != -1): null

2019-08-24 13:01:45 - [TEST_STEP][PASSED] - free_spin_reel_counter = free_spin_reel_counter: null

2019-08-24 13:01:45 - [TEST_STEP][PASSED] - println("reel 3 wild found: " + free_spin_reel_counter[0]): null

2019-08-24 13:01:45 - [TEST_STEP][PASSED] - println("reel 4 wild found: " + free_spin_reel_counter[1]): null

2019-08-24 13:01:45 - [TEST_STEP][PASSED] - println("reel 5 wild found: " + free_spin_reel_counter[2]): null

2019-08-24 13:01:45 - [TEST_STEP][PASSED] - M4_spin_reels = M4_spin_reels: null

2019-08-24 13:01:45 - [TEST_STEP][PASSED] - M4_spin_reels_symbols = symbol: null

2019-08-24 13:01:45 - [TEST_STEP][PASSED] - M4_spin_reels_symbols = M4_spin_reels_symbols: null

2019-08-24 13:01:45 - [TEST_STEP][PASSED] - M4_spin_reel_wins = reel_wins: null

2019-08-24 13:01:45 - [TEST_STEP][PASSED] - M4_spin_reel_wins = M4_spin_reel_wins: null

2019-08-24 13:01:45 - [TEST_STEP][PASSED] - println("GlobalVariable.M4_spin_reel_wins is: " + M4_spin_reel_wins): null

2019-08-24 13:01:45 - [TEST_STEP][PASSED] - M4_spin_total_bonus_win_this_round = total_bonus_win_this_round: null

2019-08-24 13:01:45 - [TEST_STEP][PASSED] - M4_spin_total_bonus_win_this_round = M4_spin_total_bonus_win_this_round: null

2019-08-24 13:01:45 - [TEST_STEP][PASSED] - println("GlobalVariable.M4_spin_total_bonus_win_this_round is: " + M4_spin_total_bonus_win_this_round): null

2019-08-24 13:01:45 - [TEST_STEP][PASSED] - M4_spin_bonus_spin_result = spin_result: null

2019-08-24 13:01:45 - [TEST_STEP][PASSED] - M4_spin_bonus_spin_result = M4_spin_bonus_spin_result: null

2019-08-24 13:01:45 - [MESSAGE][PASSED] - Verify response successfully

2019-08-24 13:01:45 - [MESSAGE][PASSED] - Send request and verify the response successfully

2019-08-24 13:01:45 - [TEST_STEP][PASSED] - if (M4_total_bonus_spins_int != 0 &amp;&amp; M4_spin_reels_symbols[2].contains("WILD_Expanding")): null

2019-08-24 13:01:45 - [TEST_STEP][PASSED] - free_spin_reel_counter = free_spin_reel_counter: null

2019-08-24 13:01:45 - [TEST_STEP][PASSED] - M4_spin_reels_symbols = M4_spin_reels_symbols: null

2019-08-24 13:01:45 - [TEST_STEP][PASSED] - M4_total_bonus_spins = M4_total_bonus_spins: null

2019-08-24 13:01:45 - [TEST_STEP][PASSED] - spin_result = sendRequestAndVerify(findTestObject("INT/RGS(M4)/1_M4_spin", ["M4_login_user_id":M4_login_user_id, "rgs_session_token":rgs_session_token, "partner":Partner])): Send request and verify the response successfully

2019-08-24 13:01:45 - [MESSAGE][INFO] - HAR: /Users/eiralee/Katalon_Script/SuperWild/Reports/20190824_125957/INT/superWild_5/20190824_125957/requests/main/33.har

2019-08-24 13:01:45 - [TEST_CASE][PASSED] - Start Test Case : Verification: Verification accomplished successfully

2019-08-24 13:01:45 - [TEST_STEP][PASSED] - request = getInstance().getCurrentRequest(): null

2019-08-24 13:01:45 - [TEST_STEP][PASSED] - response = getInstance().getCurrentResponse(): null

2019-08-24 13:01:45 - [TEST_STEP][PASSED] - verifyResponseStatusCode(response, 200): Verify response status code successfully

2019-08-24 13:01:45 - [MESSAGE][PASSED] - Verify response status code successfully

2019-08-24 13:01:45 - [TEST_STEP][PASSED] - getStatusCode()).isEqualTo(200): null

2019-08-24 13:01:45 - [TEST_STEP][PASSED] - newline = System.getProperty("line.separator"): null

2019-08-24 13:01:45 - [TEST_STEP][PASSED] - M4_spin = new groovy.json.JsonSlurper(): null

2019-08-24 13:01:45 - [TEST_STEP][PASSED] - result_M4_spin = M4_spin.parseText(response.getResponseBodyContent()): null

2019-08-24 13:01:45 - [TEST_STEP][PASSED] - M4_spin_current_balance = current_balance: null

2019-08-24 13:01:45 - [TEST_STEP][PASSED] - M4_spin_current_balance = M4_spin_current_balance: null

2019-08-24 13:01:45 - [TEST_STEP][PASSED] - M4_spin_transaction_id = causality: null

2019-08-24 13:01:45 - [TEST_STEP][PASSED] - M4_spin_transaction_id = M4_spin_transaction_id: null

2019-08-24 13:01:45 - [TEST_STEP][PASSED] - M4_spin_round_id = round_id: null

2019-08-24 13:01:45 - [TEST_STEP][PASSED] - M4_spin_round_id = M4_spin_round_id: null

2019-08-24 13:01:45 - [TEST_STEP][PASSED] - M4_spin_line_wins = line_wins: null

2019-08-24 13:01:45 - [TEST_STEP][PASSED] - M4_spin_line_wins = M4_spin_line_wins: null

2019-08-24 13:01:45 - [TEST_STEP][PASSED] - M4_total_bonus_spins_int = total_bonus_spins: null

2019-08-24 13:01:45 - [TEST_STEP][PASSED] - println("******M4_total_bonus_spins type is:*******" + newline + getClass().getName()): null

2019-08-24 13:01:45 - [TEST_STEP][PASSED] - M4_total_bonus_spins_int = M4_total_bonus_spins_int: null

2019-08-24 13:01:45 - [TEST_STEP][PASSED] - M4_total_bonus_spins = Integer.toString(M4_total_bonus_spins_int): null

2019-08-24 13:01:45 - [TEST_STEP][PASSED] - M4_total_bonus_spins = M4_total_bonus_spins: null

2019-08-24 13:01:45 - [TEST_STEP][PASSED] - println("M4_total_bonus_spins is:" + M4_total_bonus_spins): null

2019-08-24 13:01:45 - [TEST_STEP][PASSED] - M4_spin_bonus_data = bonus_data: null

2019-08-24 13:01:45 - [TEST_STEP][PASSED] - M4_spin_features_triggered = result_M4_spin: null

2019-08-24 13:01:45 - [TEST_STEP][PASSED] - wild = []: null

2019-08-24 13:01:45 - [TEST_STEP][PASSED] - wild[0] = "WILD_Expanding": null

2019-08-24 13:01:45 - [TEST_STEP][PASSED] - wild[1] = "WILD_Normal": null

2019-08-24 13:01:45 - [TEST_STEP][PASSED] - wild[2] = "WILD_Double": null

2019-08-24 13:01:45 - [TEST_STEP][PASSED] - wild[3] = "WILD_ExtraFG": null

2019-08-24 13:01:45 - [TEST_STEP][PASSED] - wild[4] = "WILD_Triple": null

2019-08-24 13:01:45 - [TEST_STEP][PASSED] - wildList = Arrays.asList(wild): null

2019-08-24 13:01:45 - [TEST_STEP][PASSED] - wildList = wildList: null

2019-08-24 13:01:45 - [TEST_STEP][PASSED] - free_spin_reel_counter = []: null

2019-08-24 13:01:45 - [TEST_STEP][PASSED] - free_spin_reel_counter[0] = 0: null

2019-08-24 13:01:45 - [TEST_STEP][PASSED] - free_spin_reel_counter[1] = 0: null

2019-08-24 13:01:45 - [TEST_STEP][PASSED] - free_spin_reel_counter[2] = 0: null

2019-08-24 13:01:45 - [TEST_STEP][PASSED] - M4_spin_reels = reels: null

2019-08-24 13:01:45 - [TEST_STEP][PASSED] - for ([i = 0, i &lt; M4_spin_reels.size(), (i++)]): null

2019-08-24 13:01:45 - [TEST_STEP][PASSED] - symbols = symbols: null

2019-08-24 13:01:45 - [TEST_STEP][PASSED] - for ([j = 0, j &lt; symbols.size(), (j++)]): null

2019-08-24 13:01:45 - [TEST_STEP][PASSED] - symbol = symbol: null

2019-08-24 13:01:45 - [TEST_STEP][PASSED] - println(symbol): null

2019-08-24 13:01:45 - [TEST_STEP][PASSED] - if (i == 2 &amp;&amp; wildList.indexOf(symbol) != -1): null

2019-08-24 13:01:45 - [TEST_STEP][PASSED] - if (i == 3 &amp;&amp; wildList.indexOf(symbol) != -1): null

2019-08-24 13:01:45 - [TEST_STEP][PASSED] - if (i == 4 &amp;&amp; wildList.indexOf(symbol) != -1): null

2019-08-24 13:01:45 - [TEST_STEP][PASSED] - symbol = symbol: null

2019-08-24 13:01:45 - [TEST_STEP][PASSED] - println(symbol): null

2019-08-24 13:01:45 - [TEST_STEP][PASSED] - if (i == 2 &amp;&amp; wildList.indexOf(symbol) != -1): null

2019-08-24 13:01:45 - [TEST_STEP][PASSED] - if (i == 3 &amp;&amp; wildList.indexOf(symbol) != -1): null

2019-08-24 13:01:45 - [TEST_STEP][PASSED] - if (i == 4 &amp;&amp; wildList.indexOf(symbol) != -1): null

2019-08-24 13:01:45 - [TEST_STEP][PASSED] - symbol = symbol: null

2019-08-24 13:01:45 - [TEST_STEP][PASSED] - println(symbol): null

2019-08-24 13:01:45 - [TEST_STEP][PASSED] - if (i == 2 &amp;&amp; wildList.indexOf(symbol) != -1): null

2019-08-24 13:01:45 - [TEST_STEP][PASSED] - if (i == 3 &amp;&amp; wildList.indexOf(symbol) != -1): null

2019-08-24 13:01:45 - [TEST_STEP][PASSED] - if (i == 4 &amp;&amp; wildList.indexOf(symbol) != -1): null

2019-08-24 13:01:45 - [TEST_STEP][PASSED] - symbols = symbols: null

2019-08-24 13:01:45 - [TEST_STEP][PASSED] - for ([j = 0, j &lt; symbols.size(), (j++)]): null

2019-08-24 13:01:45 - [TEST_STEP][PASSED] - symbol = symbol: null

2019-08-24 13:01:45 - [TEST_STEP][PASSED] - println(symbol): null

2019-08-24 13:01:45 - [TEST_STEP][PASSED] - if (i == 2 &amp;&amp; wildList.indexOf(symbol) != -1): null

2019-08-24 13:01:45 - [TEST_STEP][PASSED] - if (i == 3 &amp;&amp; wildList.indexOf(symbol) != -1): null

2019-08-24 13:01:45 - [TEST_STEP][PASSED] - if (i == 4 &amp;&amp; wildList.indexOf(symbol) != -1): null

2019-08-24 13:01:45 - [TEST_STEP][PASSED] - symbol = symbol: null

2019-08-24 13:01:45 - [TEST_STEP][PASSED] - println(symbol): null

2019-08-24 13:01:45 - [TEST_STEP][PASSED] - if (i == 2 &amp;&amp; wildList.indexOf(symbol) != -1): null

2019-08-24 13:01:45 - [TEST_STEP][PASSED] - if (i == 3 &amp;&amp; wildList.indexOf(symbol) != -1): null

2019-08-24 13:01:45 - [TEST_STEP][PASSED] - if (i == 4 &amp;&amp; wildList.indexOf(symbol) != -1): null

2019-08-24 13:01:45 - [TEST_STEP][PASSED] - symbol = symbol: null

2019-08-24 13:01:45 - [TEST_STEP][PASSED] - println(symbol): null

2019-08-24 13:01:45 - [TEST_STEP][PASSED] - if (i == 2 &amp;&amp; wildList.indexOf(symbol) != -1): null

2019-08-24 13:01:45 - [TEST_STEP][PASSED] - if (i == 3 &amp;&amp; wildList.indexOf(symbol) != -1): null

2019-08-24 13:01:45 - [TEST_STEP][PASSED] - if (i == 4 &amp;&amp; wildList.indexOf(symbol) != -1): null

2019-08-24 13:01:45 - [TEST_STEP][PASSED] - symbols = symbols: null

2019-08-24 13:01:45 - [TEST_STEP][PASSED] - for ([j = 0, j &lt; symbols.size(), (j++)]): null

2019-08-24 13:01:45 - [TEST_STEP][PASSED] - symbol = symbol: null

2019-08-24 13:01:45 - [TEST_STEP][PASSED] - println(symbol): null

2019-08-24 13:01:45 - [TEST_STEP][PASSED] - if (i == 2 &amp;&amp; wildList.indexOf(symbol) != -1): null

2019-08-24 13:01:45 - [TEST_STEP][PASSED] - if (i == 3 &amp;&amp; wildList.indexOf(symbol) != -1): null

2019-08-24 13:01:45 - [TEST_STEP][PASSED] - if (i == 4 &amp;&amp; wildList.indexOf(symbol) != -1): null

2019-08-24 13:01:45 - [TEST_STEP][PASSED] - symbol = symbol: null

2019-08-24 13:01:45 - [TEST_STEP][PASSED] - println(symbol): null

2019-08-24 13:01:45 - [TEST_STEP][PASSED] - if (i == 2 &amp;&amp; wildList.indexOf(symbol) != -1): null

2019-08-24 13:01:45 - [TEST_STEP][PASSED] - if (i == 3 &amp;&amp; wildList.indexOf(symbol) != -1): null

2019-08-24 13:01:45 - [TEST_STEP][PASSED] - if (i == 4 &amp;&amp; wildList.indexOf(symbol) != -1): null

2019-08-24 13:01:45 - [TEST_STEP][PASSED] - symbol = symbol: null

2019-08-24 13:01:45 - [TEST_STEP][PASSED] - println(symbol): null

2019-08-24 13:01:45 - [TEST_STEP][PASSED] - if (i == 2 &amp;&amp; wildList.indexOf(symbol) != -1): null

2019-08-24 13:01:45 - [TEST_STEP][PASSED] - if (i == 3 &amp;&amp; wildList.indexOf(symbol) != -1): null

2019-08-24 13:01:45 - [TEST_STEP][PASSED] - if (i == 4 &amp;&amp; wildList.indexOf(symbol) != -1): null

2019-08-24 13:01:45 - [TEST_STEP][PASSED] - symbols = symbols: null

2019-08-24 13:01:45 - [TEST_STEP][PASSED] - for ([j = 0, j &lt; symbols.size(), (j++)]): null

2019-08-24 13:01:45 - [TEST_STEP][PASSED] - symbol = symbol: null

2019-08-24 13:01:45 - [TEST_STEP][PASSED] - println(symbol): null

2019-08-24 13:01:45 - [TEST_STEP][PASSED] - if (i == 2 &amp;&amp; wildList.indexOf(symbol) != -1): null

2019-08-24 13:01:45 - [TEST_STEP][PASSED] - if (i == 3 &amp;&amp; wildList.indexOf(symbol) != -1): null

2019-08-24 13:01:45 - [TEST_STEP][PASSED] - if (i == 4 &amp;&amp; wildList.indexOf(symbol) != -1): null

2019-08-24 13:01:45 - [TEST_STEP][PASSED] - symbol = symbol: null

2019-08-24 13:01:45 - [TEST_STEP][PASSED] - println(symbol): null

2019-08-24 13:01:45 - [TEST_STEP][PASSED] - if (i == 2 &amp;&amp; wildList.indexOf(symbol) != -1): null

2019-08-24 13:01:45 - [TEST_STEP][PASSED] - if (i == 3 &amp;&amp; wildList.indexOf(symbol) != -1): null

2019-08-24 13:01:45 - [TEST_STEP][PASSED] - if (i == 4 &amp;&amp; wildList.indexOf(symbol) != -1): null

2019-08-24 13:01:45 - [TEST_STEP][PASSED] - symbol = symbol: null

2019-08-24 13:01:45 - [TEST_STEP][PASSED] - println(symbol): null

2019-08-24 13:01:45 - [TEST_STEP][PASSED] - if (i == 2 &amp;&amp; wildList.indexOf(symbol) != -1): null

2019-08-24 13:01:45 - [TEST_STEP][PASSED] - if (i == 3 &amp;&amp; wildList.indexOf(symbol) != -1): null

2019-08-24 13:01:45 - [TEST_STEP][PASSED] - if (i == 4 &amp;&amp; wildList.indexOf(symbol) != -1): null

2019-08-24 13:01:45 - [TEST_STEP][PASSED] - symbols = symbols: null

2019-08-24 13:01:45 - [TEST_STEP][PASSED] - for ([j = 0, j &lt; symbols.size(), (j++)]): null

2019-08-24 13:01:45 - [TEST_STEP][PASSED] - symbol = symbol: null

2019-08-24 13:01:45 - [TEST_STEP][PASSED] - println(symbol): null

2019-08-24 13:01:45 - [TEST_STEP][PASSED] - if (i == 2 &amp;&amp; wildList.indexOf(symbol) != -1): null

2019-08-24 13:01:45 - [TEST_STEP][PASSED] - if (i == 3 &amp;&amp; wildList.indexOf(symbol) != -1): null

2019-08-24 13:01:45 - [TEST_STEP][PASSED] - if (i == 4 &amp;&amp; wildList.indexOf(symbol) != -1): null

2019-08-24 13:01:45 - [TEST_STEP][PASSED] - symbol = symbol: null

2019-08-24 13:01:45 - [TEST_STEP][PASSED] - println(symbol): null

2019-08-24 13:01:45 - [TEST_STEP][PASSED] - if (i == 2 &amp;&amp; wildList.indexOf(symbol) != -1): null

2019-08-24 13:01:45 - [TEST_STEP][PASSED] - if (i == 3 &amp;&amp; wildList.indexOf(symbol) != -1): null

2019-08-24 13:01:45 - [TEST_STEP][PASSED] - if (i == 4 &amp;&amp; wildList.indexOf(symbol) != -1): null

2019-08-24 13:01:45 - [TEST_STEP][PASSED] - symbol = symbol: null

2019-08-24 13:01:45 - [TEST_STEP][PASSED] - println(symbol): null

2019-08-24 13:01:45 - [TEST_STEP][PASSED] - if (i == 2 &amp;&amp; wildList.indexOf(symbol) != -1): null

2019-08-24 13:01:45 - [TEST_STEP][PASSED] - if (i == 3 &amp;&amp; wildList.indexOf(symbol) != -1): null

2019-08-24 13:01:45 - [TEST_STEP][PASSED] - if (i == 4 &amp;&amp; wildList.indexOf(symbol) != -1): null

2019-08-24 13:01:45 - [TEST_STEP][PASSED] - free_spin_reel_counter = free_spin_reel_counter: null

2019-08-24 13:01:45 - [TEST_STEP][PASSED] - println("reel 3 wild found: " + free_spin_reel_counter[0]): null

2019-08-24 13:01:45 - [TEST_STEP][PASSED] - println("reel 4 wild found: " + free_spin_reel_counter[1]): null

2019-08-24 13:01:45 - [TEST_STEP][PASSED] - println("reel 5 wild found: " + free_spin_reel_counter[2]): null

2019-08-24 13:01:45 - [TEST_STEP][PASSED] - M4_spin_reels = M4_spin_reels: null

2019-08-24 13:01:45 - [TEST_STEP][PASSED] - M4_spin_reels_symbols = symbol: null

2019-08-24 13:01:45 - [TEST_STEP][PASSED] - M4_spin_reels_symbols = M4_spin_reels_symbols: null

2019-08-24 13:01:45 - [TEST_STEP][PASSED] - M4_spin_reel_wins = reel_wins: null

2019-08-24 13:01:45 - [TEST_STEP][PASSED] - M4_spin_reel_wins = M4_spin_reel_wins: null

2019-08-24 13:01:45 - [TEST_STEP][PASSED] - println("GlobalVariable.M4_spin_reel_wins is: " + M4_spin_reel_wins): null

2019-08-24 13:01:45 - [TEST_STEP][PASSED] - M4_spin_total_bonus_win_this_round = total_bonus_win_this_round: null

2019-08-24 13:01:45 - [TEST_STEP][PASSED] - M4_spin_total_bonus_win_this_round = M4_spin_total_bonus_win_this_round: null

2019-08-24 13:01:45 - [TEST_STEP][PASSED] - println("GlobalVariable.M4_spin_total_bonus_win_this_round is: " + M4_spin_total_bonus_win_this_round): null

2019-08-24 13:01:45 - [TEST_STEP][PASSED] - M4_spin_bonus_spin_result = spin_result: null

2019-08-24 13:01:45 - [TEST_STEP][PASSED] - M4_spin_bonus_spin_result = M4_spin_bonus_spin_result: null

2019-08-24 13:01:45 - [MESSAGE][PASSED] - Verify response successfully

2019-08-24 13:01:45 - [MESSAGE][PASSED] - Send request and verify the response successfully

2019-08-24 13:01:45 - [TEST_STEP][PASSED] - if (M4_total_bonus_spins_int != 0 &amp;&amp; M4_spin_reels_symbols[2].contains("WILD_Expanding")): null

2019-08-24 13:01:45 - [TEST_STEP][PASSED] - free_spin_reel_counter = free_spin_reel_counter: null

2019-08-24 13:01:45 - [TEST_STEP][PASSED] - M4_spin_reels_symbols = M4_spin_reels_symbols: null

2019-08-24 13:01:45 - [TEST_STEP][PASSED] - M4_total_bonus_spins = M4_total_bonus_spins: null

2019-08-24 13:01:45 - [TEST_STEP][PASSED] - spin_result = sendRequestAndVerify(findTestObject("INT/RGS(M4)/1_M4_spin", ["M4_login_user_id":M4_login_user_id, "rgs_session_token":rgs_session_token, "partner":Partner])): Send request and verify the response successfully

2019-08-24 13:01:46 - [MESSAGE][INFO] - HAR: /Users/eiralee/Katalon_Script/SuperWild/Reports/20190824_125957/INT/superWild_5/20190824_125957/requests/main/34.har

2019-08-24 13:01:46 - [TEST_CASE][PASSED] - Start Test Case : Verification: Verification accomplished successfully

2019-08-24 13:01:46 - [TEST_STEP][PASSED] - request = getInstance().getCurrentRequest(): null

2019-08-24 13:01:46 - [TEST_STEP][PASSED] - response = getInstance().getCurrentResponse(): null

2019-08-24 13:01:46 - [TEST_STEP][PASSED] - verifyResponseStatusCode(response, 200): Verify response status code successfully

2019-08-24 13:01:46 - [MESSAGE][PASSED] - Verify response status code successfully

2019-08-24 13:01:46 - [TEST_STEP][PASSED] - getStatusCode()).isEqualTo(200): null

2019-08-24 13:01:46 - [TEST_STEP][PASSED] - newline = System.getProperty("line.separator"): null

2019-08-24 13:01:46 - [TEST_STEP][PASSED] - M4_spin = new groovy.json.JsonSlurper(): null

2019-08-24 13:01:46 - [TEST_STEP][PASSED] - result_M4_spin = M4_spin.parseText(response.getResponseBodyContent()): null

2019-08-24 13:01:46 - [TEST_STEP][PASSED] - M4_spin_current_balance = current_balance: null

2019-08-24 13:01:46 - [TEST_STEP][PASSED] - M4_spin_current_balance = M4_spin_current_balance: null

2019-08-24 13:01:46 - [TEST_STEP][PASSED] - M4_spin_transaction_id = causality: null

2019-08-24 13:01:46 - [TEST_STEP][PASSED] - M4_spin_transaction_id = M4_spin_transaction_id: null

2019-08-24 13:01:46 - [TEST_STEP][PASSED] - M4_spin_round_id = round_id: null

2019-08-24 13:01:46 - [TEST_STEP][PASSED] - M4_spin_round_id = M4_spin_round_id: null

2019-08-24 13:01:46 - [TEST_STEP][PASSED] - M4_spin_line_wins = line_wins: null

2019-08-24 13:01:46 - [TEST_STEP][PASSED] - M4_spin_line_wins = M4_spin_line_wins: null

2019-08-24 13:01:46 - [TEST_STEP][PASSED] - M4_total_bonus_spins_int = total_bonus_spins: null

2019-08-24 13:01:46 - [TEST_STEP][PASSED] - println("******M4_total_bonus_spins type is:*******" + newline + getClass().getName()): null

2019-08-24 13:01:46 - [TEST_STEP][PASSED] - M4_total_bonus_spins_int = M4_total_bonus_spins_int: null

2019-08-24 13:01:46 - [TEST_STEP][PASSED] - M4_total_bonus_spins = Integer.toString(M4_total_bonus_spins_int): null

2019-08-24 13:01:46 - [TEST_STEP][PASSED] - M4_total_bonus_spins = M4_total_bonus_spins: null

2019-08-24 13:01:46 - [TEST_STEP][PASSED] - println("M4_total_bonus_spins is:" + M4_total_bonus_spins): null

2019-08-24 13:01:46 - [TEST_STEP][PASSED] - M4_spin_bonus_data = bonus_data: null

2019-08-24 13:01:46 - [TEST_STEP][PASSED] - M4_spin_features_triggered = result_M4_spin: null

2019-08-24 13:01:46 - [TEST_STEP][PASSED] - wild = []: null

2019-08-24 13:01:46 - [TEST_STEP][PASSED] - wild[0] = "WILD_Expanding": null

2019-08-24 13:01:46 - [TEST_STEP][PASSED] - wild[1] = "WILD_Normal": null

2019-08-24 13:01:46 - [TEST_STEP][PASSED] - wild[2] = "WILD_Double": null

2019-08-24 13:01:46 - [TEST_STEP][PASSED] - wild[3] = "WILD_ExtraFG": null

2019-08-24 13:01:46 - [TEST_STEP][PASSED] - wild[4] = "WILD_Triple": null

2019-08-24 13:01:46 - [TEST_STEP][PASSED] - wildList = Arrays.asList(wild): null

2019-08-24 13:01:46 - [TEST_STEP][PASSED] - wildList = wildList: null

2019-08-24 13:01:46 - [TEST_STEP][PASSED] - free_spin_reel_counter = []: null

2019-08-24 13:01:46 - [TEST_STEP][PASSED] - free_spin_reel_counter[0] = 0: null

2019-08-24 13:01:46 - [TEST_STEP][PASSED] - free_spin_reel_counter[1] = 0: null

2019-08-24 13:01:46 - [TEST_STEP][PASSED] - free_spin_reel_counter[2] = 0: null

2019-08-24 13:01:46 - [TEST_STEP][PASSED] - M4_spin_reels = reels: null

2019-08-24 13:01:46 - [TEST_STEP][PASSED] - for ([i = 0, i &lt; M4_spin_reels.size(), (i++)]): null

2019-08-24 13:01:46 - [TEST_STEP][PASSED] - symbols = symbols: null

2019-08-24 13:01:46 - [TEST_STEP][PASSED] - for ([j = 0, j &lt; symbols.size(), (j++)]): null

2019-08-24 13:01:46 - [TEST_STEP][PASSED] - symbol = symbol: null

2019-08-24 13:01:46 - [TEST_STEP][PASSED] - println(symbol): null

2019-08-24 13:01:46 - [TEST_STEP][PASSED] - if (i == 2 &amp;&amp; wildList.indexOf(symbol) != -1): null

2019-08-24 13:01:46 - [TEST_STEP][PASSED] - if (i == 3 &amp;&amp; wildList.indexOf(symbol) != -1): null

2019-08-24 13:01:46 - [TEST_STEP][PASSED] - if (i == 4 &amp;&amp; wildList.indexOf(symbol) != -1): null

2019-08-24 13:01:46 - [TEST_STEP][PASSED] - symbol = symbol: null

2019-08-24 13:01:46 - [TEST_STEP][PASSED] - println(symbol): null

2019-08-24 13:01:46 - [TEST_STEP][PASSED] - if (i == 2 &amp;&amp; wildList.indexOf(symbol) != -1): null

2019-08-24 13:01:46 - [TEST_STEP][PASSED] - if (i == 3 &amp;&amp; wildList.indexOf(symbol) != -1): null

2019-08-24 13:01:46 - [TEST_STEP][PASSED] - if (i == 4 &amp;&amp; wildList.indexOf(symbol) != -1): null

2019-08-24 13:01:46 - [TEST_STEP][PASSED] - symbol = symbol: null

2019-08-24 13:01:46 - [TEST_STEP][PASSED] - println(symbol): null

2019-08-24 13:01:46 - [TEST_STEP][PASSED] - if (i == 2 &amp;&amp; wildList.indexOf(symbol) != -1): null

2019-08-24 13:01:46 - [TEST_STEP][PASSED] - if (i == 3 &amp;&amp; wildList.indexOf(symbol) != -1): null

2019-08-24 13:01:46 - [TEST_STEP][PASSED] - if (i == 4 &amp;&amp; wildList.indexOf(symbol) != -1): null

2019-08-24 13:01:46 - [TEST_STEP][PASSED] - symbols = symbols: null

2019-08-24 13:01:46 - [TEST_STEP][PASSED] - for ([j = 0, j &lt; symbols.size(), (j++)]): null

2019-08-24 13:01:46 - [TEST_STEP][PASSED] - symbol = symbol: null

2019-08-24 13:01:46 - [TEST_STEP][PASSED] - println(symbol): null

2019-08-24 13:01:46 - [TEST_STEP][PASSED] - if (i == 2 &amp;&amp; wildList.indexOf(symbol) != -1): null

2019-08-24 13:01:46 - [TEST_STEP][PASSED] - if (i == 3 &amp;&amp; wildList.indexOf(symbol) != -1): null

2019-08-24 13:01:46 - [TEST_STEP][PASSED] - if (i == 4 &amp;&amp; wildList.indexOf(symbol) != -1): null

2019-08-24 13:01:46 - [TEST_STEP][PASSED] - symbol = symbol: null

2019-08-24 13:01:46 - [TEST_STEP][PASSED] - println(symbol): null

2019-08-24 13:01:46 - [TEST_STEP][PASSED] - if (i == 2 &amp;&amp; wildList.indexOf(symbol) != -1): null

2019-08-24 13:01:46 - [TEST_STEP][PASSED] - if (i == 3 &amp;&amp; wildList.indexOf(symbol) != -1): null

2019-08-24 13:01:46 - [TEST_STEP][PASSED] - if (i == 4 &amp;&amp; wildList.indexOf(symbol) != -1): null

2019-08-24 13:01:46 - [TEST_STEP][PASSED] - symbol = symbol: null

2019-08-24 13:01:46 - [TEST_STEP][PASSED] - println(symbol): null

2019-08-24 13:01:46 - [TEST_STEP][PASSED] - if (i == 2 &amp;&amp; wildList.indexOf(symbol) != -1): null

2019-08-24 13:01:46 - [TEST_STEP][PASSED] - if (i == 3 &amp;&amp; wildList.indexOf(symbol) != -1): null

2019-08-24 13:01:46 - [TEST_STEP][PASSED] - if (i == 4 &amp;&amp; wildList.indexOf(symbol) != -1): null

2019-08-24 13:01:46 - [TEST_STEP][PASSED] - symbols = symbols: null

2019-08-24 13:01:46 - [TEST_STEP][PASSED] - for ([j = 0, j &lt; symbols.size(), (j++)]): null

2019-08-24 13:01:46 - [TEST_STEP][PASSED] - symbol = symbol: null

2019-08-24 13:01:46 - [TEST_STEP][PASSED] - println(symbol): null

2019-08-24 13:01:46 - [TEST_STEP][PASSED] - if (i == 2 &amp;&amp; wildList.indexOf(symbol) != -1): null

2019-08-24 13:01:46 - [TEST_STEP][PASSED] - if (i == 3 &amp;&amp; wildList.indexOf(symbol) != -1): null

2019-08-24 13:01:46 - [TEST_STEP][PASSED] - if (i == 4 &amp;&amp; wildList.indexOf(symbol) != -1): null

2019-08-24 13:01:46 - [TEST_STEP][PASSED] - symbol = symbol: null

2019-08-24 13:01:46 - [TEST_STEP][PASSED] - println(symbol): null

2019-08-24 13:01:46 - [TEST_STEP][PASSED] - if (i == 2 &amp;&amp; wildList.indexOf(symbol) != -1): null

2019-08-24 13:01:46 - [TEST_STEP][PASSED] - if (i == 3 &amp;&amp; wildList.indexOf(symbol) != -1): null

2019-08-24 13:01:46 - [TEST_STEP][PASSED] - if (i == 4 &amp;&amp; wildList.indexOf(symbol) != -1): null

2019-08-24 13:01:46 - [TEST_STEP][PASSED] - symbol = symbol: null

2019-08-24 13:01:46 - [TEST_STEP][PASSED] - println(symbol): null

2019-08-24 13:01:46 - [TEST_STEP][PASSED] - if (i == 2 &amp;&amp; wildList.indexOf(symbol) != -1): null

2019-08-24 13:01:46 - [TEST_STEP][PASSED] - println("wild found on reel 3, adding counter by 1"): null

2019-08-24 13:01:46 - [TEST_STEP][PASSED] - free_spin_reel_counter[0] = free_spin_reel_counter[0] + 1: null

2019-08-24 13:01:46 - [TEST_STEP][PASSED] - if (i == 3 &amp;&amp; wildList.indexOf(symbol) != -1): null

2019-08-24 13:01:46 - [TEST_STEP][PASSED] - if (i == 4 &amp;&amp; wildList.indexOf(symbol) != -1): null

2019-08-24 13:01:46 - [TEST_STEP][PASSED] - symbols = symbols: null

2019-08-24 13:01:46 - [TEST_STEP][PASSED] - for ([j = 0, j &lt; symbols.size(), (j++)]): null

2019-08-24 13:01:46 - [TEST_STEP][PASSED] - symbol = symbol: null

2019-08-24 13:01:46 - [TEST_STEP][PASSED] - println(symbol): null

2019-08-24 13:01:46 - [TEST_STEP][PASSED] - if (i == 2 &amp;&amp; wildList.indexOf(symbol) != -1): null

2019-08-24 13:01:46 - [TEST_STEP][PASSED] - if (i == 3 &amp;&amp; wildList.indexOf(symbol) != -1): null

2019-08-24 13:01:46 - [TEST_STEP][PASSED] - if (i == 4 &amp;&amp; wildList.indexOf(symbol) != -1): null

2019-08-24 13:01:46 - [TEST_STEP][PASSED] - symbol = symbol: null

2019-08-24 13:01:46 - [TEST_STEP][PASSED] - println(symbol): null

2019-08-24 13:01:46 - [TEST_STEP][PASSED] - if (i == 2 &amp;&amp; wildList.indexOf(symbol) != -1): null

2019-08-24 13:01:46 - [TEST_STEP][PASSED] - if (i == 3 &amp;&amp; wildList.indexOf(symbol) != -1): null

2019-08-24 13:01:46 - [TEST_STEP][PASSED] - if (i == 4 &amp;&amp; wildList.indexOf(symbol) != -1): null

2019-08-24 13:01:46 - [TEST_STEP][PASSED] - symbol = symbol: null

2019-08-24 13:01:46 - [TEST_STEP][PASSED] - println(symbol): null

2019-08-24 13:01:46 - [TEST_STEP][PASSED] - if (i == 2 &amp;&amp; wildList.indexOf(symbol) != -1): null

2019-08-24 13:01:46 - [TEST_STEP][PASSED] - if (i == 3 &amp;&amp; wildList.indexOf(symbol) != -1): null

2019-08-24 13:01:46 - [TEST_STEP][PASSED] - if (i == 4 &amp;&amp; wildList.indexOf(symbol) != -1): null

2019-08-24 13:01:46 - [TEST_STEP][PASSED] - symbols = symbols: null

2019-08-24 13:01:46 - [TEST_STEP][PASSED] - for ([j = 0, j &lt; symbols.size(), (j++)]): null

2019-08-24 13:01:46 - [TEST_STEP][PASSED] - symbol = symbol: null

2019-08-24 13:01:46 - [TEST_STEP][PASSED] - println(symbol): null

2019-08-24 13:01:46 - [TEST_STEP][PASSED] - if (i == 2 &amp;&amp; wildList.indexOf(symbol) != -1): null

2019-08-24 13:01:46 - [TEST_STEP][PASSED] - if (i == 3 &amp;&amp; wildList.indexOf(symbol) != -1): null

2019-08-24 13:01:46 - [TEST_STEP][PASSED] - if (i == 4 &amp;&amp; wildList.indexOf(symbol) != -1): null

2019-08-24 13:01:46 - [TEST_STEP][PASSED] - symbol = symbol: null

2019-08-24 13:01:46 - [TEST_STEP][PASSED] - println(symbol): null

2019-08-24 13:01:46 - [TEST_STEP][PASSED] - if (i == 2 &amp;&amp; wildList.indexOf(symbol) != -1): null

2019-08-24 13:01:46 - [TEST_STEP][PASSED] - if (i == 3 &amp;&amp; wildList.indexOf(symbol) != -1): null

2019-08-24 13:01:46 - [TEST_STEP][PASSED] - if (i == 4 &amp;&amp; wildList.indexOf(symbol) != -1): null

2019-08-24 13:01:46 - [TEST_STEP][PASSED] - symbol = symbol: null

2019-08-24 13:01:46 - [TEST_STEP][PASSED] - println(symbol): null

2019-08-24 13:01:46 - [TEST_STEP][PASSED] - if (i == 2 &amp;&amp; wildList.indexOf(symbol) != -1): null

2019-08-24 13:01:46 - [TEST_STEP][PASSED] - if (i == 3 &amp;&amp; wildList.indexOf(symbol) != -1): null

2019-08-24 13:01:46 - [TEST_STEP][PASSED] - if (i == 4 &amp;&amp; wildList.indexOf(symbol) != -1): null

2019-08-24 13:01:46 - [TEST_STEP][PASSED] - free_spin_reel_counter = free_spin_reel_counter: null

2019-08-24 13:01:46 - [TEST_STEP][PASSED] - println("reel 3 wild found: " + free_spin_reel_counter[0]): null

2019-08-24 13:01:46 - [TEST_STEP][PASSED] - println("reel 4 wild found: " + free_spin_reel_counter[1]): null

2019-08-24 13:01:46 - [TEST_STEP][PASSED] - println("reel 5 wild found: " + free_spin_reel_counter[2]): null

2019-08-24 13:01:46 - [TEST_STEP][PASSED] - M4_spin_reels = M4_spin_reels: null

2019-08-24 13:01:46 - [TEST_STEP][PASSED] - M4_spin_reels_symbols = symbol: null

2019-08-24 13:01:46 - [TEST_STEP][PASSED] - M4_spin_reels_symbols = M4_spin_reels_symbols: null

2019-08-24 13:01:46 - [TEST_STEP][PASSED] - M4_spin_reel_wins = reel_wins: null

2019-08-24 13:01:46 - [TEST_STEP][PASSED] - M4_spin_reel_wins = M4_spin_reel_wins: null

2019-08-24 13:01:46 - [TEST_STEP][PASSED] - println("GlobalVariable.M4_spin_reel_wins is: " + M4_spin_reel_wins): null

2019-08-24 13:01:46 - [TEST_STEP][PASSED] - M4_spin_total_bonus_win_this_round = total_bonus_win_this_round: null

2019-08-24 13:01:46 - [TEST_STEP][PASSED] - M4_spin_total_bonus_win_this_round = M4_spin_total_bonus_win_this_round: null

2019-08-24 13:01:46 - [TEST_STEP][PASSED] - println("GlobalVariable.M4_spin_total_bonus_win_this_round is: " + M4_spin_total_bonus_win_this_round): null

2019-08-24 13:01:46 - [TEST_STEP][PASSED] - M4_spin_bonus_spin_result = spin_result: null

2019-08-24 13:01:46 - [TEST_STEP][PASSED] - M4_spin_bonus_spin_result = M4_spin_bonus_spin_result: null

2019-08-24 13:01:46 - [MESSAGE][PASSED] - Verify response successfully

2019-08-24 13:01:46 - [MESSAGE][PASSED] - Send request and verify the response successfully

2019-08-24 13:01:46 - [TEST_STEP][PASSED] - if (M4_total_bonus_spins_int != 0 &amp;&amp; M4_spin_reels_symbols[2].contains("WILD_Expanding")): null

2019-08-24 13:01:46 - [TEST_STEP][PASSED] - free_spin_reel_counter = free_spin_reel_counter: null

2019-08-24 13:01:46 - [TEST_STEP][PASSED] - M4_spin_reels_symbols = M4_spin_reels_symbols: null

2019-08-24 13:01:46 - [TEST_STEP][PASSED] - M4_total_bonus_spins = M4_total_bonus_spins: null

2019-08-24 13:01:46 - [TEST_STEP][PASSED] - spin_result = sendRequestAndVerify(findTestObject("INT/RGS(M4)/1_M4_spin", ["M4_login_user_id":M4_login_user_id, "rgs_session_token":rgs_session_token, "partner":Partner])): Send request and verify the response successfully

2019-08-24 13:01:46 - [MESSAGE][INFO] - HAR: /Users/eiralee/Katalon_Script/SuperWild/Reports/20190824_125957/INT/superWild_5/20190824_125957/requests/main/35.har

2019-08-24 13:01:46 - [TEST_CASE][PASSED] - Start Test Case : Verification: Verification accomplished successfully

2019-08-24 13:01:46 - [TEST_STEP][PASSED] - request = getInstance().getCurrentRequest(): null

2019-08-24 13:01:46 - [TEST_STEP][PASSED] - response = getInstance().getCurrentResponse(): null

2019-08-24 13:01:46 - [TEST_STEP][PASSED] - verifyResponseStatusCode(response, 200): Verify response status code successfully

2019-08-24 13:01:46 - [MESSAGE][PASSED] - Verify response status code successfully

2019-08-24 13:01:46 - [TEST_STEP][PASSED] - getStatusCode()).isEqualTo(200): null

2019-08-24 13:01:46 - [TEST_STEP][PASSED] - newline = System.getProperty("line.separator"): null

2019-08-24 13:01:46 - [TEST_STEP][PASSED] - M4_spin = new groovy.json.JsonSlurper(): null

2019-08-24 13:01:46 - [TEST_STEP][PASSED] - result_M4_spin = M4_spin.parseText(response.getResponseBodyContent()): null

2019-08-24 13:01:46 - [TEST_STEP][PASSED] - M4_spin_current_balance = current_balance: null

2019-08-24 13:01:46 - [TEST_STEP][PASSED] - M4_spin_current_balance = M4_spin_current_balance: null

2019-08-24 13:01:46 - [TEST_STEP][PASSED] - M4_spin_transaction_id = causality: null

2019-08-24 13:01:46 - [TEST_STEP][PASSED] - M4_spin_transaction_id = M4_spin_transaction_id: null

2019-08-24 13:01:46 - [TEST_STEP][PASSED] - M4_spin_round_id = round_id: null

2019-08-24 13:01:46 - [TEST_STEP][PASSED] - M4_spin_round_id = M4_spin_round_id: null

2019-08-24 13:01:46 - [TEST_STEP][PASSED] - M4_spin_line_wins = line_wins: null

2019-08-24 13:01:46 - [TEST_STEP][PASSED] - M4_spin_line_wins = M4_spin_line_wins: null

2019-08-24 13:01:46 - [TEST_STEP][PASSED] - M4_total_bonus_spins_int = total_bonus_spins: null

2019-08-24 13:01:46 - [TEST_STEP][PASSED] - println("******M4_total_bonus_spins type is:*******" + newline + getClass().getName()): null

2019-08-24 13:01:46 - [TEST_STEP][PASSED] - M4_total_bonus_spins_int = M4_total_bonus_spins_int: null

2019-08-24 13:01:46 - [TEST_STEP][PASSED] - M4_total_bonus_spins = Integer.toString(M4_total_bonus_spins_int): null

2019-08-24 13:01:46 - [TEST_STEP][PASSED] - M4_total_bonus_spins = M4_total_bonus_spins: null

2019-08-24 13:01:46 - [TEST_STEP][PASSED] - println("M4_total_bonus_spins is:" + M4_total_bonus_spins): null

2019-08-24 13:01:46 - [TEST_STEP][PASSED] - M4_spin_bonus_data = bonus_data: null

2019-08-24 13:01:46 - [TEST_STEP][PASSED] - M4_spin_features_triggered = result_M4_spin: null

2019-08-24 13:01:46 - [TEST_STEP][PASSED] - wild = []: null

2019-08-24 13:01:46 - [TEST_STEP][PASSED] - wild[0] = "WILD_Expanding": null

2019-08-24 13:01:46 - [TEST_STEP][PASSED] - wild[1] = "WILD_Normal": null

2019-08-24 13:01:46 - [TEST_STEP][PASSED] - wild[2] = "WILD_Double": null

2019-08-24 13:01:46 - [TEST_STEP][PASSED] - wild[3] = "WILD_ExtraFG": null

2019-08-24 13:01:46 - [TEST_STEP][PASSED] - wild[4] = "WILD_Triple": null

2019-08-24 13:01:46 - [TEST_STEP][PASSED] - wildList = Arrays.asList(wild): null

2019-08-24 13:01:46 - [TEST_STEP][PASSED] - wildList = wildList: null

2019-08-24 13:01:46 - [TEST_STEP][PASSED] - free_spin_reel_counter = []: null

2019-08-24 13:01:46 - [TEST_STEP][PASSED] - free_spin_reel_counter[0] = 0: null

2019-08-24 13:01:46 - [TEST_STEP][PASSED] - free_spin_reel_counter[1] = 0: null

2019-08-24 13:01:46 - [TEST_STEP][PASSED] - free_spin_reel_counter[2] = 0: null

2019-08-24 13:01:46 - [TEST_STEP][PASSED] - M4_spin_reels = reels: null

2019-08-24 13:01:46 - [TEST_STEP][PASSED] - for ([i = 0, i &lt; M4_spin_reels.size(), (i++)]): null

2019-08-24 13:01:46 - [TEST_STEP][PASSED] - symbols = symbols: null

2019-08-24 13:01:46 - [TEST_STEP][PASSED] - for ([j = 0, j &lt; symbols.size(), (j++)]): null

2019-08-24 13:01:46 - [TEST_STEP][PASSED] - symbol = symbol: null

2019-08-24 13:01:46 - [TEST_STEP][PASSED] - println(symbol): null

2019-08-24 13:01:46 - [TEST_STEP][PASSED] - if (i == 2 &amp;&amp; wildList.indexOf(symbol) != -1): null

2019-08-24 13:01:46 - [TEST_STEP][PASSED] - if (i == 3 &amp;&amp; wildList.indexOf(symbol) != -1): null

2019-08-24 13:01:46 - [TEST_STEP][PASSED] - if (i == 4 &amp;&amp; wildList.indexOf(symbol) != -1): null

2019-08-24 13:01:46 - [TEST_STEP][PASSED] - symbol = symbol: null

2019-08-24 13:01:46 - [TEST_STEP][PASSED] - println(symbol): null

2019-08-24 13:01:46 - [TEST_STEP][PASSED] - if (i == 2 &amp;&amp; wildList.indexOf(symbol) != -1): null

2019-08-24 13:01:50 - [TEST_STEP][PASSED] - if (i == 3 &amp;&amp; wildList.indexOf(symbol) != -1): null

2019-08-24 13:01:50 - [TEST_STEP][PASSED] - if (i == 4 &amp;&amp; wildList.indexOf(symbol) != -1): null

2019-08-24 13:01:50 - [TEST_STEP][PASSED] - symbol = symbol: null

2019-08-24 13:01:50 - [TEST_STEP][PASSED] - println(symbol): null

2019-08-24 13:01:50 - [TEST_STEP][PASSED] - if (i == 2 &amp;&amp; wildList.indexOf(symbol) != -1): null

2019-08-24 13:01:50 - [TEST_STEP][PASSED] - if (i == 3 &amp;&amp; wildList.indexOf(symbol) != -1): null

2019-08-24 13:01:50 - [TEST_STEP][PASSED] - if (i == 4 &amp;&amp; wildList.indexOf(symbol) != -1): null

2019-08-24 13:01:50 - [TEST_STEP][PASSED] - symbols = symbols: null

2019-08-24 13:01:50 - [TEST_STEP][PASSED] - for ([j = 0, j &lt; symbols.size(), (j++)]): null

2019-08-24 13:01:50 - [TEST_STEP][PASSED] - symbol = symbol: null

2019-08-24 13:01:50 - [TEST_STEP][PASSED] - println(symbol): null

2019-08-24 13:01:50 - [TEST_STEP][PASSED] - if (i == 2 &amp;&amp; wildList.indexOf(symbol) != -1): null

2019-08-24 13:01:50 - [TEST_STEP][PASSED] - if (i == 3 &amp;&amp; wildList.indexOf(symbol) != -1): null

2019-08-24 13:01:50 - [TEST_STEP][PASSED] - if (i == 4 &amp;&amp; wildList.indexOf(symbol) != -1): null

2019-08-24 13:01:50 - [TEST_STEP][PASSED] - symbol = symbol: null

2019-08-24 13:01:50 - [TEST_STEP][PASSED] - println(symbol): null

2019-08-24 13:01:50 - [TEST_STEP][PASSED] - if (i == 2 &amp;&amp; wildList.indexOf(symbol) != -1): null

2019-08-24 13:01:50 - [TEST_STEP][PASSED] - if (i == 3 &amp;&amp; wildList.indexOf(symbol) != -1): null

2019-08-24 13:01:50 - [TEST_STEP][PASSED] - if (i == 4 &amp;&amp; wildList.indexOf(symbol) != -1): null

2019-08-24 13:01:50 - [TEST_STEP][PASSED] - symbol = symbol: null

2019-08-24 13:01:50 - [TEST_STEP][PASSED] - println(symbol): null

2019-08-24 13:01:50 - [TEST_STEP][PASSED] - if (i == 2 &amp;&amp; wildList.indexOf(symbol) != -1): null

2019-08-24 13:01:50 - [TEST_STEP][PASSED] - if (i == 3 &amp;&amp; wildList.indexOf(symbol) != -1): null

2019-08-24 13:01:50 - [TEST_STEP][PASSED] - if (i == 4 &amp;&amp; wildList.indexOf(symbol) != -1): null

2019-08-24 13:01:50 - [TEST_STEP][PASSED] - symbols = symbols: null

2019-08-24 13:01:50 - [TEST_STEP][PASSED] - for ([j = 0, j &lt; symbols.size(), (j++)]): null

2019-08-24 13:01:50 - [TEST_STEP][PASSED] - symbol = symbol: null

2019-08-24 13:01:50 - [TEST_STEP][PASSED] - println(symbol): null

2019-08-24 13:01:50 - [TEST_STEP][PASSED] - if (i == 2 &amp;&amp; wildList.indexOf(symbol) != -1): null

2019-08-24 13:01:50 - [TEST_STEP][PASSED] - if (i == 3 &amp;&amp; wildList.indexOf(symbol) != -1): null

2019-08-24 13:01:50 - [TEST_STEP][PASSED] - if (i == 4 &amp;&amp; wildList.indexOf(symbol) != -1): null

2019-08-24 13:01:50 - [TEST_STEP][PASSED] - symbol = symbol: null

2019-08-24 13:01:50 - [TEST_STEP][PASSED] - println(symbol): null

2019-08-24 13:01:50 - [TEST_STEP][PASSED] - if (i == 2 &amp;&amp; wildList.indexOf(symbol) != -1): null

2019-08-24 13:01:50 - [TEST_STEP][PASSED] - if (i == 3 &amp;&amp; wildList.indexOf(symbol) != -1): null

2019-08-24 13:01:50 - [TEST_STEP][PASSED] - if (i == 4 &amp;&amp; wildList.indexOf(symbol) != -1): null

2019-08-24 13:01:50 - [TEST_STEP][PASSED] - symbol = symbol: null

2019-08-24 13:01:50 - [TEST_STEP][PASSED] - println(symbol): null

2019-08-24 13:01:50 - [TEST_STEP][PASSED] - if (i == 2 &amp;&amp; wildList.indexOf(symbol) != -1): null

2019-08-24 13:01:50 - [TEST_STEP][PASSED] - if (i == 3 &amp;&amp; wildList.indexOf(symbol) != -1): null

2019-08-24 13:01:50 - [TEST_STEP][PASSED] - if (i == 4 &amp;&amp; wildList.indexOf(symbol) != -1): null

2019-08-24 13:01:50 - [TEST_STEP][PASSED] - symbols = symbols: null

2019-08-24 13:01:50 - [TEST_STEP][PASSED] - for ([j = 0, j &lt; symbols.size(), (j++)]): null

2019-08-24 13:01:50 - [TEST_STEP][PASSED] - symbol = symbol: null

2019-08-24 13:01:50 - [TEST_STEP][PASSED] - println(symbol): null

2019-08-24 13:01:50 - [TEST_STEP][PASSED] - if (i == 2 &amp;&amp; wildList.indexOf(symbol) != -1): null

2019-08-24 13:01:50 - [TEST_STEP][PASSED] - if (i == 3 &amp;&amp; wildList.indexOf(symbol) != -1): null

2019-08-24 13:01:50 - [TEST_STEP][PASSED] - if (i == 4 &amp;&amp; wildList.indexOf(symbol) != -1): null

2019-08-24 13:01:50 - [TEST_STEP][PASSED] - symbol = symbol: null

2019-08-24 13:01:50 - [TEST_STEP][PASSED] - println(symbol): null

2019-08-24 13:01:50 - [TEST_STEP][PASSED] - if (i == 2 &amp;&amp; wildList.indexOf(symbol) != -1): null

2019-08-24 13:01:50 - [TEST_STEP][PASSED] - if (i == 3 &amp;&amp; wildList.indexOf(symbol) != -1): null

2019-08-24 13:01:50 - [TEST_STEP][PASSED] - if (i == 4 &amp;&amp; wildList.indexOf(symbol) != -1): null

2019-08-24 13:01:50 - [TEST_STEP][PASSED] - symbol = symbol: null

2019-08-24 13:01:50 - [TEST_STEP][PASSED] - println(symbol): null

2019-08-24 13:01:50 - [TEST_STEP][PASSED] - if (i == 2 &amp;&amp; wildList.indexOf(symbol) != -1): null

2019-08-24 13:01:50 - [TEST_STEP][PASSED] - if (i == 3 &amp;&amp; wildList.indexOf(symbol) != -1): null

2019-08-24 13:01:50 - [TEST_STEP][PASSED] - if (i == 4 &amp;&amp; wildList.indexOf(symbol) != -1): null

2019-08-24 13:01:50 - [TEST_STEP][PASSED] - symbols = symbols: null

2019-08-24 13:01:50 - [TEST_STEP][PASSED] - for ([j = 0, j &lt; symbols.size(), (j++)]): null

2019-08-24 13:01:50 - [TEST_STEP][PASSED] - symbol = symbol: null

2019-08-24 13:01:50 - [TEST_STEP][PASSED] - println(symbol): null

2019-08-24 13:01:50 - [TEST_STEP][PASSED] - if (i == 2 &amp;&amp; wildList.indexOf(symbol) != -1): null

2019-08-24 13:01:50 - [TEST_STEP][PASSED] - if (i == 3 &amp;&amp; wildList.indexOf(symbol) != -1): null

2019-08-24 13:01:50 - [TEST_STEP][PASSED] - if (i == 4 &amp;&amp; wildList.indexOf(symbol) != -1): null

2019-08-24 13:01:50 - [TEST_STEP][PASSED] - symbol = symbol: null

2019-08-24 13:01:50 - [TEST_STEP][PASSED] - println(symbol): null

2019-08-24 13:01:50 - [TEST_STEP][PASSED] - if (i == 2 &amp;&amp; wildList.indexOf(symbol) != -1): null

2019-08-24 13:01:50 - [TEST_STEP][PASSED] - if (i == 3 &amp;&amp; wildList.indexOf(symbol) != -1): null

2019-08-24 13:01:50 - [TEST_STEP][PASSED] - if (i == 4 &amp;&amp; wildList.indexOf(symbol) != -1): null

2019-08-24 13:01:50 - [TEST_STEP][PASSED] - symbol = symbol: null

2019-08-24 13:01:50 - [TEST_STEP][PASSED] - println(symbol): null

2019-08-24 13:01:50 - [TEST_STEP][PASSED] - if (i == 2 &amp;&amp; wildList.indexOf(symbol) != -1): null

2019-08-24 13:01:50 - [TEST_STEP][PASSED] - if (i == 3 &amp;&amp; wildList.indexOf(symbol) != -1): null

2019-08-24 13:01:50 - [TEST_STEP][PASSED] - if (i == 4 &amp;&amp; wildList.indexOf(symbol) != -1): null

2019-08-24 13:01:50 - [TEST_STEP][PASSED] - free_spin_reel_counter = free_spin_reel_counter: null

2019-08-24 13:01:50 - [TEST_STEP][PASSED] - println("reel 3 wild found: " + free_spin_reel_counter[0]): null

2019-08-24 13:01:50 - [TEST_STEP][PASSED] - println("reel 4 wild found: " + free_spin_reel_counter[1]): null

2019-08-24 13:01:50 - [TEST_STEP][PASSED] - println("reel 5 wild found: " + free_spin_reel_counter[2]): null

2019-08-24 13:01:50 - [TEST_STEP][PASSED] - M4_spin_reels = M4_spin_reels: null

2019-08-24 13:01:50 - [TEST_STEP][PASSED] - M4_spin_reels_symbols = symbol: null

2019-08-24 13:01:50 - [TEST_STEP][PASSED] - M4_spin_reels_symbols = M4_spin_reels_symbols: null

2019-08-24 13:01:50 - [TEST_STEP][PASSED] - M4_spin_reel_wins = reel_wins: null

2019-08-24 13:01:50 - [TEST_STEP][PASSED] - M4_spin_reel_wins = M4_spin_reel_wins: null

2019-08-24 13:01:50 - [TEST_STEP][PASSED] - println("GlobalVariable.M4_spin_reel_wins is: " + M4_spin_reel_wins): null

2019-08-24 13:01:50 - [TEST_STEP][PASSED] - M4_spin_total_bonus_win_this_round = total_bonus_win_this_round: null

2019-08-24 13:01:50 - [TEST_STEP][PASSED] - M4_spin_total_bonus_win_this_round = M4_spin_total_bonus_win_this_round: null

2019-08-24 13:01:50 - [TEST_STEP][PASSED] - println("GlobalVariable.M4_spin_total_bonus_win_this_round is: " + M4_spin_total_bonus_win_this_round): null

2019-08-24 13:01:50 - [TEST_STEP][PASSED] - M4_spin_bonus_spin_result = spin_result: null

2019-08-24 13:01:50 - [TEST_STEP][PASSED] - M4_spin_bonus_spin_result = M4_spin_bonus_spin_result: null

2019-08-24 13:01:50 - [MESSAGE][PASSED] - Verify response successfully

2019-08-24 13:01:50 - [MESSAGE][PASSED] - Send request and verify the response successfully

2019-08-24 13:01:50 - [TEST_STEP][PASSED] - if (M4_total_bonus_spins_int != 0 &amp;&amp; M4_spin_reels_symbols[2].contains("WILD_Expanding")): null

2019-08-24 13:01:50 - [TEST_STEP][PASSED] - free_spin_reel_counter = free_spin_reel_counter: null

2019-08-24 13:01:50 - [TEST_STEP][PASSED] - M4_spin_reels_symbols = M4_spin_reels_symbols: null

2019-08-24 13:01:50 - [TEST_STEP][PASSED] - M4_total_bonus_spins = M4_total_bonus_spins: null

2019-08-24 13:01:50 - [TEST_STEP][PASSED] - spin_result = sendRequestAndVerify(findTestObject("INT/RGS(M4)/1_M4_spin", ["M4_login_user_id":M4_login_user_id, "rgs_session_token":rgs_session_token, "partner":Partner])): Send request and verify the response successfully

2019-08-24 13:01:50 - [MESSAGE][INFO] - HAR: /Users/eiralee/Katalon_Script/SuperWild/Reports/20190824_125957/INT/superWild_5/20190824_125957/requests/main/36.har

2019-08-24 13:01:50 - [TEST_CASE][PASSED] - Start Test Case : Verification: Verification accomplished successfully

2019-08-24 13:01:50 - [TEST_STEP][PASSED] - request = getInstance().getCurrentRequest(): null

2019-08-24 13:01:50 - [TEST_STEP][PASSED] - response = getInstance().getCurrentResponse(): null

2019-08-24 13:01:50 - [TEST_STEP][PASSED] - verifyResponseStatusCode(response, 200): Verify response status code successfully

2019-08-24 13:01:50 - [MESSAGE][PASSED] - Verify response status code successfully

2019-08-24 13:01:50 - [TEST_STEP][PASSED] - getStatusCode()).isEqualTo(200): null

2019-08-24 13:01:50 - [TEST_STEP][PASSED] - newline = System.getProperty("line.separator"): null

2019-08-24 13:01:50 - [TEST_STEP][PASSED] - M4_spin = new groovy.json.JsonSlurper(): null

2019-08-24 13:01:50 - [TEST_STEP][PASSED] - result_M4_spin = M4_spin.parseText(response.getResponseBodyContent()): null

2019-08-24 13:01:50 - [TEST_STEP][PASSED] - M4_spin_current_balance = current_balance: null

2019-08-24 13:01:50 - [TEST_STEP][PASSED] - M4_spin_current_balance = M4_spin_current_balance: null

2019-08-24 13:01:50 - [TEST_STEP][PASSED] - M4_spin_transaction_id = causality: null

2019-08-24 13:01:50 - [TEST_STEP][PASSED] - M4_spin_transaction_id = M4_spin_transaction_id: null

2019-08-24 13:01:50 - [TEST_STEP][PASSED] - M4_spin_round_id = round_id: null

2019-08-24 13:01:50 - [TEST_STEP][PASSED] - M4_spin_round_id = M4_spin_round_id: null

2019-08-24 13:01:50 - [TEST_STEP][PASSED] - M4_spin_line_wins = line_wins: null

2019-08-24 13:01:50 - [TEST_STEP][PASSED] - M4_spin_line_wins = M4_spin_line_wins: null

2019-08-24 13:01:50 - [TEST_STEP][PASSED] - M4_total_bonus_spins_int = total_bonus_spins: null

2019-08-24 13:01:50 - [TEST_STEP][PASSED] - println("******M4_total_bonus_spins type is:*******" + newline + getClass().getName()): null

2019-08-24 13:01:50 - [TEST_STEP][PASSED] - M4_total_bonus_spins_int = M4_total_bonus_spins_int: null

2019-08-24 13:01:50 - [TEST_STEP][PASSED] - M4_total_bonus_spins = Integer.toString(M4_total_bonus_spins_int): null

2019-08-24 13:01:50 - [TEST_STEP][PASSED] - M4_total_bonus_spins = M4_total_bonus_spins: null

2019-08-24 13:01:50 - [TEST_STEP][PASSED] - println("M4_total_bonus_spins is:" + M4_total_bonus_spins): null

2019-08-24 13:01:50 - [TEST_STEP][PASSED] - M4_spin_bonus_data = bonus_data: null

2019-08-24 13:01:50 - [TEST_STEP][PASSED] - M4_spin_features_triggered = result_M4_spin: null

2019-08-24 13:01:50 - [TEST_STEP][PASSED] - wild = []: null

2019-08-24 13:01:50 - [TEST_STEP][PASSED] - wild[0] = "WILD_Expanding": null

2019-08-24 13:01:50 - [TEST_STEP][PASSED] - wild[1] = "WILD_Normal": null

2019-08-24 13:01:50 - [TEST_STEP][PASSED] - wild[2] = "WILD_Double": null

2019-08-24 13:01:50 - [TEST_STEP][PASSED] - wild[3] = "WILD_ExtraFG": null

2019-08-24 13:01:50 - [TEST_STEP][PASSED] - wild[4] = "WILD_Triple": null

2019-08-24 13:01:50 - [TEST_STEP][PASSED] - wildList = Arrays.asList(wild): null

2019-08-24 13:01:50 - [TEST_STEP][PASSED] - wildList = wildList: null

2019-08-24 13:01:50 - [TEST_STEP][PASSED] - free_spin_reel_counter = []: null

2019-08-24 13:01:50 - [TEST_STEP][PASSED] - free_spin_reel_counter[0] = 0: null

2019-08-24 13:01:50 - [TEST_STEP][PASSED] - free_spin_reel_counter[1] = 0: null

2019-08-24 13:01:50 - [TEST_STEP][PASSED] - free_spin_reel_counter[2] = 0: null

2019-08-24 13:01:50 - [TEST_STEP][PASSED] - M4_spin_reels = reels: null

2019-08-24 13:01:50 - [TEST_STEP][PASSED] - for ([i = 0, i &lt; M4_spin_reels.size(), (i++)]): null

2019-08-24 13:01:50 - [TEST_STEP][PASSED] - symbols = symbols: null

2019-08-24 13:01:50 - [TEST_STEP][PASSED] - for ([j = 0, j &lt; symbols.size(), (j++)]): null

2019-08-24 13:01:50 - [TEST_STEP][PASSED] - symbol = symbol: null

2019-08-24 13:01:50 - [TEST_STEP][PASSED] - println(symbol): null

2019-08-24 13:01:50 - [TEST_STEP][PASSED] - if (i == 2 &amp;&amp; wildList.indexOf(symbol) != -1): null

2019-08-24 13:01:50 - [TEST_STEP][PASSED] - if (i == 3 &amp;&amp; wildList.indexOf(symbol) != -1): null

2019-08-24 13:01:50 - [TEST_STEP][PASSED] - if (i == 4 &amp;&amp; wildList.indexOf(symbol) != -1): null

2019-08-24 13:01:50 - [TEST_STEP][PASSED] - symbol = symbol: null

2019-08-24 13:01:50 - [TEST_STEP][PASSED] - println(symbol): null

2019-08-24 13:01:50 - [TEST_STEP][PASSED] - if (i == 2 &amp;&amp; wildList.indexOf(symbol) != -1): null

2019-08-24 13:01:50 - [TEST_STEP][PASSED] - if (i == 3 &amp;&amp; wildList.indexOf(symbol) != -1): null

2019-08-24 13:01:50 - [TEST_STEP][PASSED] - if (i == 4 &amp;&amp; wildList.indexOf(symbol) != -1): null

2019-08-24 13:01:50 - [TEST_STEP][PASSED] - symbol = symbol: null

2019-08-24 13:01:50 - [TEST_STEP][PASSED] - println(symbol): null

2019-08-24 13:01:50 - [TEST_STEP][PASSED] - if (i == 2 &amp;&amp; wildList.indexOf(symbol) != -1): null

2019-08-24 13:01:50 - [TEST_STEP][PASSED] - if (i == 3 &amp;&amp; wildList.indexOf(symbol) != -1): null

2019-08-24 13:01:50 - [TEST_STEP][PASSED] - if (i == 4 &amp;&amp; wildList.indexOf(symbol) != -1): null

2019-08-24 13:01:50 - [TEST_STEP][PASSED] - symbols = symbols: null

2019-08-24 13:01:50 - [TEST_STEP][PASSED] - for ([j = 0, j &lt; symbols.size(), (j++)]): null

2019-08-24 13:01:50 - [TEST_STEP][PASSED] - symbol = symbol: null

2019-08-24 13:01:50 - [TEST_STEP][PASSED] - println(symbol): null

2019-08-24 13:01:50 - [TEST_STEP][PASSED] - if (i == 2 &amp;&amp; wildList.indexOf(symbol) != -1): null

2019-08-24 13:01:50 - [TEST_STEP][PASSED] - if (i == 3 &amp;&amp; wildList.indexOf(symbol) != -1): null

2019-08-24 13:01:50 - [TEST_STEP][PASSED] - if (i == 4 &amp;&amp; wildList.indexOf(symbol) != -1): null

2019-08-24 13:01:50 - [TEST_STEP][PASSED] - symbol = symbol: null

2019-08-24 13:01:50 - [TEST_STEP][PASSED] - println(symbol): null

2019-08-24 13:01:50 - [TEST_STEP][PASSED] - if (i == 2 &amp;&amp; wildList.indexOf(symbol) != -1): null

2019-08-24 13:01:50 - [TEST_STEP][PASSED] - if (i == 3 &amp;&amp; wildList.indexOf(symbol) != -1): null

2019-08-24 13:01:50 - [TEST_STEP][PASSED] - if (i == 4 &amp;&amp; wildList.indexOf(symbol) != -1): null

2019-08-24 13:01:50 - [TEST_STEP][PASSED] - symbol = symbol: null

2019-08-24 13:01:50 - [TEST_STEP][PASSED] - println(symbol): null

2019-08-24 13:01:50 - [TEST_STEP][PASSED] - if (i == 2 &amp;&amp; wildList.indexOf(symbol) != -1): null

2019-08-24 13:01:50 - [TEST_STEP][PASSED] - if (i == 3 &amp;&amp; wildList.indexOf(symbol) != -1): null

2019-08-24 13:01:50 - [TEST_STEP][PASSED] - if (i == 4 &amp;&amp; wildList.indexOf(symbol) != -1): null

2019-08-24 13:01:50 - [TEST_STEP][PASSED] - symbols = symbols: null

2019-08-24 13:01:50 - [TEST_STEP][PASSED] - for ([j = 0, j &lt; symbols.size(), (j++)]): null

2019-08-24 13:01:50 - [TEST_STEP][PASSED] - symbol = symbol: null

2019-08-24 13:01:50 - [TEST_STEP][PASSED] - println(symbol): null

2019-08-24 13:01:50 - [TEST_STEP][PASSED] - if (i == 2 &amp;&amp; wildList.indexOf(symbol) != -1): null

2019-08-24 13:01:50 - [TEST_STEP][PASSED] - if (i == 3 &amp;&amp; wildList.indexOf(symbol) != -1): null

2019-08-24 13:01:50 - [TEST_STEP][PASSED] - if (i == 4 &amp;&amp; wildList.indexOf(symbol) != -1): null

2019-08-24 13:01:50 - [TEST_STEP][PASSED] - symbol = symbol: null

2019-08-24 13:01:50 - [TEST_STEP][PASSED] - println(symbol): null

2019-08-24 13:01:50 - [TEST_STEP][PASSED] - if (i == 2 &amp;&amp; wildList.indexOf(symbol) != -1): null

2019-08-24 13:01:50 - [TEST_STEP][PASSED] - if (i == 3 &amp;&amp; wildList.indexOf(symbol) != -1): null

2019-08-24 13:01:50 - [TEST_STEP][PASSED] - if (i == 4 &amp;&amp; wildList.indexOf(symbol) != -1): null

2019-08-24 13:01:50 - [TEST_STEP][PASSED] - symbol = symbol: null

2019-08-24 13:01:50 - [TEST_STEP][PASSED] - println(symbol): null

2019-08-24 13:01:50 - [TEST_STEP][PASSED] - if (i == 2 &amp;&amp; wildList.indexOf(symbol) != -1): null

2019-08-24 13:01:50 - [TEST_STEP][PASSED] - if (i == 3 &amp;&amp; wildList.indexOf(symbol) != -1): null

2019-08-24 13:01:50 - [TEST_STEP][PASSED] - if (i == 4 &amp;&amp; wildList.indexOf(symbol) != -1): null

2019-08-24 13:01:50 - [TEST_STEP][PASSED] - symbols = symbols: null

2019-08-24 13:01:50 - [TEST_STEP][PASSED] - for ([j = 0, j &lt; symbols.size(), (j++)]): null

2019-08-24 13:01:50 - [TEST_STEP][PASSED] - symbol = symbol: null

2019-08-24 13:01:50 - [TEST_STEP][PASSED] - println(symbol): null

2019-08-24 13:01:50 - [TEST_STEP][PASSED] - if (i == 2 &amp;&amp; wildList.indexOf(symbol) != -1): null

2019-08-24 13:01:50 - [TEST_STEP][PASSED] - if (i == 3 &amp;&amp; wildList.indexOf(symbol) != -1): null

2019-08-24 13:01:50 - [TEST_STEP][PASSED] - if (i == 4 &amp;&amp; wildList.indexOf(symbol) != -1): null

2019-08-24 13:01:50 - [TEST_STEP][PASSED] - symbol = symbol: null

2019-08-24 13:01:50 - [TEST_STEP][PASSED] - println(symbol): null

2019-08-24 13:01:50 - [TEST_STEP][PASSED] - if (i == 2 &amp;&amp; wildList.indexOf(symbol) != -1): null

2019-08-24 13:01:50 - [TEST_STEP][PASSED] - if (i == 3 &amp;&amp; wildList.indexOf(symbol) != -1): null

2019-08-24 13:01:50 - [TEST_STEP][PASSED] - println("wild found on reel 4, adding counter by 1"): null

2019-08-24 13:01:50 - [TEST_STEP][PASSED] - free_spin_reel_counter[1] = free_spin_reel_counter[1] + 1: null

2019-08-24 13:01:50 - [TEST_STEP][PASSED] - if (i == 4 &amp;&amp; wildList.indexOf(symbol) != -1): null

2019-08-24 13:01:50 - [TEST_STEP][PASSED] - symbol = symbol: null

2019-08-24 13:01:50 - [TEST_STEP][PASSED] - println(symbol): null

2019-08-24 13:01:50 - [TEST_STEP][PASSED] - if (i == 2 &amp;&amp; wildList.indexOf(symbol) != -1): null

2019-08-24 13:01:50 - [TEST_STEP][PASSED] - if (i == 3 &amp;&amp; wildList.indexOf(symbol) != -1): null

2019-08-24 13:01:50 - [TEST_STEP][PASSED] - if (i == 4 &amp;&amp; wildList.indexOf(symbol) != -1): null

2019-08-24 13:01:50 - [TEST_STEP][PASSED] - symbols = symbols: null

2019-08-24 13:01:50 - [TEST_STEP][PASSED] - for ([j = 0, j &lt; symbols.size(), (j++)]): null

2019-08-24 13:01:50 - [TEST_STEP][PASSED] - symbol = symbol: null

2019-08-24 13:01:50 - [TEST_STEP][PASSED] - println(symbol): null

2019-08-24 13:01:50 - [TEST_STEP][PASSED] - if (i == 2 &amp;&amp; wildList.indexOf(symbol) != -1): null

2019-08-24 13:01:50 - [TEST_STEP][PASSED] - if (i == 3 &amp;&amp; wildList.indexOf(symbol) != -1): null

2019-08-24 13:01:50 - [TEST_STEP][PASSED] - if (i == 4 &amp;&amp; wildList.indexOf(symbol) != -1): null

2019-08-24 13:01:50 - [TEST_STEP][PASSED] - symbol = symbol: null

2019-08-24 13:01:50 - [TEST_STEP][PASSED] - println(symbol): null

2019-08-24 13:01:50 - [TEST_STEP][PASSED] - if (i == 2 &amp;&amp; wildList.indexOf(symbol) != -1): null

2019-08-24 13:01:50 - [TEST_STEP][PASSED] - if (i == 3 &amp;&amp; wildList.indexOf(symbol) != -1): null

2019-08-24 13:01:50 - [TEST_STEP][PASSED] - if (i == 4 &amp;&amp; wildList.indexOf(symbol) != -1): null

2019-08-24 13:01:50 - [TEST_STEP][PASSED] - symbol = symbol: null

2019-08-24 13:01:50 - [TEST_STEP][PASSED] - println(symbol): null

2019-08-24 13:01:50 - [TEST_STEP][PASSED] - if (i == 2 &amp;&amp; wildList.indexOf(symbol) != -1): null

2019-08-24 13:01:50 - [TEST_STEP][PASSED] - if (i == 3 &amp;&amp; wildList.indexOf(symbol) != -1): null

2019-08-24 13:01:50 - [TEST_STEP][PASSED] - if (i == 4 &amp;&amp; wildList.indexOf(symbol) != -1): null

2019-08-24 13:01:50 - [TEST_STEP][PASSED] - free_spin_reel_counter = free_spin_reel_counter: null

2019-08-24 13:01:50 - [TEST_STEP][PASSED] - println("reel 3 wild found: " + free_spin_reel_counter[0]): null

2019-08-24 13:01:50 - [TEST_STEP][PASSED] - println("reel 4 wild found: " + free_spin_reel_counter[1]): null

2019-08-24 13:01:50 - [TEST_STEP][PASSED] - println("reel 5 wild found: " + free_spin_reel_counter[2]): null

2019-08-24 13:01:50 - [TEST_STEP][PASSED] - M4_spin_reels = M4_spin_reels: null

2019-08-24 13:01:50 - [TEST_STEP][PASSED] - M4_spin_reels_symbols = symbol: null

2019-08-24 13:01:50 - [TEST_STEP][PASSED] - M4_spin_reels_symbols = M4_spin_reels_symbols: null

2019-08-24 13:01:50 - [TEST_STEP][PASSED] - M4_spin_reel_wins = reel_wins: null

2019-08-24 13:01:50 - [TEST_STEP][PASSED] - M4_spin_reel_wins = M4_spin_reel_wins: null

2019-08-24 13:01:50 - [TEST_STEP][PASSED] - println("GlobalVariable.M4_spin_reel_wins is: " + M4_spin_reel_wins): null

2019-08-24 13:01:50 - [TEST_STEP][PASSED] - M4_spin_total_bonus_win_this_round = total_bonus_win_this_round: null

2019-08-24 13:01:50 - [TEST_STEP][PASSED] - M4_spin_total_bonus_win_this_round = M4_spin_total_bonus_win_this_round: null

2019-08-24 13:01:50 - [TEST_STEP][PASSED] - println("GlobalVariable.M4_spin_total_bonus_win_this_round is: " + M4_spin_total_bonus_win_this_round): null

2019-08-24 13:01:50 - [TEST_STEP][PASSED] - M4_spin_bonus_spin_result = spin_result: null

2019-08-24 13:01:50 - [TEST_STEP][PASSED] - M4_spin_bonus_spin_result = M4_spin_bonus_spin_result: null

2019-08-24 13:01:50 - [MESSAGE][PASSED] - Verify response successfully

2019-08-24 13:01:50 - [MESSAGE][PASSED] - Send request and verify the response successfully

2019-08-24 13:01:50 - [TEST_STEP][PASSED] - if (M4_total_bonus_spins_int != 0 &amp;&amp; M4_spin_reels_symbols[2].contains("WILD_Expanding")): null

2019-08-24 13:01:50 - [TEST_STEP][PASSED] - free_spin_reel_counter = free_spin_reel_counter: null

2019-08-24 13:01:50 - [TEST_STEP][PASSED] - M4_spin_reels_symbols = M4_spin_reels_symbols: null

2019-08-24 13:01:50 - [TEST_STEP][PASSED] - M4_total_bonus_spins = M4_total_bonus_spins: null

2019-08-24 13:01:50 - [TEST_STEP][PASSED] - spin_result = sendRequestAndVerify(findTestObject("INT/RGS(M4)/1_M4_spin", ["M4_login_user_id":M4_login_user_id, "rgs_session_token":rgs_session_token, "partner":Partner])): Send request and verify the response successfully

2019-08-24 13:01:51 - [MESSAGE][INFO] - HAR: /Users/eiralee/Katalon_Script/SuperWild/Reports/20190824_125957/INT/superWild_5/20190824_125957/requests/main/37.har

2019-08-24 13:01:51 - [TEST_CASE][PASSED] - Start Test Case : Verification: Verification accomplished successfully

2019-08-24 13:01:51 - [TEST_STEP][PASSED] - request = getInstance().getCurrentRequest(): null

2019-08-24 13:01:51 - [TEST_STEP][PASSED] - response = getInstance().getCurrentResponse(): null

2019-08-24 13:01:51 - [TEST_STEP][PASSED] - verifyResponseStatusCode(response, 200): Verify response status code successfully

2019-08-24 13:01:51 - [MESSAGE][PASSED] - Verify response status code successfully

2019-08-24 13:01:51 - [TEST_STEP][PASSED] - getStatusCode()).isEqualTo(200): null

2019-08-24 13:01:51 - [TEST_STEP][PASSED] - newline = System.getProperty("line.separator"): null

2019-08-24 13:01:51 - [TEST_STEP][PASSED] - M4_spin = new groovy.json.JsonSlurper(): null

2019-08-24 13:01:51 - [TEST_STEP][PASSED] - result_M4_spin = M4_spin.parseText(response.getResponseBodyContent()): null

2019-08-24 13:01:51 - [TEST_STEP][PASSED] - M4_spin_current_balance = current_balance: null

2019-08-24 13:01:51 - [TEST_STEP][PASSED] - M4_spin_current_balance = M4_spin_current_balance: null

2019-08-24 13:01:51 - [TEST_STEP][PASSED] - M4_spin_transaction_id = causality: null

2019-08-24 13:01:51 - [TEST_STEP][PASSED] - M4_spin_transaction_id = M4_spin_transaction_id: null

2019-08-24 13:01:51 - [TEST_STEP][PASSED] - M4_spin_round_id = round_id: null

2019-08-24 13:01:51 - [TEST_STEP][PASSED] - M4_spin_round_id = M4_spin_round_id: null

2019-08-24 13:01:51 - [TEST_STEP][PASSED] - M4_spin_line_wins = line_wins: null

2019-08-24 13:01:51 - [TEST_STEP][PASSED] - M4_spin_line_wins = M4_spin_line_wins: null

2019-08-24 13:01:51 - [TEST_STEP][PASSED] - M4_total_bonus_spins_int = total_bonus_spins: null

2019-08-24 13:01:51 - [TEST_STEP][PASSED] - println("******M4_total_bonus_spins type is:*******" + newline + getClass().getName()): null

2019-08-24 13:01:51 - [TEST_STEP][PASSED] - M4_total_bonus_spins_int = M4_total_bonus_spins_int: null

2019-08-24 13:01:51 - [TEST_STEP][PASSED] - M4_total_bonus_spins = Integer.toString(M4_total_bonus_spins_int): null

2019-08-24 13:01:51 - [TEST_STEP][PASSED] - M4_total_bonus_spins = M4_total_bonus_spins: null

2019-08-24 13:01:51 - [TEST_STEP][PASSED] - println("M4_total_bonus_spins is:" + M4_total_bonus_spins): null

2019-08-24 13:01:51 - [TEST_STEP][PASSED] - M4_spin_bonus_data = bonus_data: null

2019-08-24 13:01:51 - [TEST_STEP][PASSED] - M4_spin_features_triggered = result_M4_spin: null

2019-08-24 13:01:51 - [TEST_STEP][PASSED] - wild = []: null

2019-08-24 13:01:51 - [TEST_STEP][PASSED] - wild[0] = "WILD_Expanding": null

2019-08-24 13:01:51 - [TEST_STEP][PASSED] - wild[1] = "WILD_Normal": null

2019-08-24 13:01:51 - [TEST_STEP][PASSED] - wild[2] = "WILD_Double": null

2019-08-24 13:01:51 - [TEST_STEP][PASSED] - wild[3] = "WILD_ExtraFG": null

2019-08-24 13:01:51 - [TEST_STEP][PASSED] - wild[4] = "WILD_Triple": null

2019-08-24 13:01:51 - [TEST_STEP][PASSED] - wildList = Arrays.asList(wild): null

2019-08-24 13:01:51 - [TEST_STEP][PASSED] - wildList = wildList: null

2019-08-24 13:01:51 - [TEST_STEP][PASSED] - free_spin_reel_counter = []: null

2019-08-24 13:01:51 - [TEST_STEP][PASSED] - free_spin_reel_counter[0] = 0: null

2019-08-24 13:01:51 - [TEST_STEP][PASSED] - free_spin_reel_counter[1] = 0: null

2019-08-24 13:01:51 - [TEST_STEP][PASSED] - free_spin_reel_counter[2] = 0: null

2019-08-24 13:01:51 - [TEST_STEP][PASSED] - M4_spin_reels = reels: null

2019-08-24 13:01:51 - [TEST_STEP][PASSED] - for ([i = 0, i &lt; M4_spin_reels.size(), (i++)]): null

2019-08-24 13:01:51 - [TEST_STEP][PASSED] - symbols = symbols: null

2019-08-24 13:01:51 - [TEST_STEP][PASSED] - for ([j = 0, j &lt; symbols.size(), (j++)]): null

2019-08-24 13:01:51 - [TEST_STEP][PASSED] - symbol = symbol: null

2019-08-24 13:01:51 - [TEST_STEP][PASSED] - println(symbol): null

2019-08-24 13:01:51 - [TEST_STEP][PASSED] - if (i == 2 &amp;&amp; wildList.indexOf(symbol) != -1): null

2019-08-24 13:01:51 - [TEST_STEP][PASSED] - if (i == 3 &amp;&amp; wildList.indexOf(symbol) != -1): null

2019-08-24 13:01:51 - [TEST_STEP][PASSED] - if (i == 4 &amp;&amp; wildList.indexOf(symbol) != -1): null

2019-08-24 13:01:51 - [TEST_STEP][PASSED] - symbol = symbol: null

2019-08-24 13:01:51 - [TEST_STEP][PASSED] - println(symbol): null

2019-08-24 13:01:51 - [TEST_STEP][PASSED] - if (i == 2 &amp;&amp; wildList.indexOf(symbol) != -1): null

2019-08-24 13:01:51 - [TEST_STEP][PASSED] - if (i == 3 &amp;&amp; wildList.indexOf(symbol) != -1): null

2019-08-24 13:01:51 - [TEST_STEP][PASSED] - if (i == 4 &amp;&amp; wildList.indexOf(symbol) != -1): null

2019-08-24 13:01:51 - [TEST_STEP][PASSED] - symbol = symbol: null

2019-08-24 13:01:51 - [TEST_STEP][PASSED] - println(symbol): null

2019-08-24 13:01:51 - [TEST_STEP][PASSED] - if (i == 2 &amp;&amp; wildList.indexOf(symbol) != -1): null

2019-08-24 13:01:51 - [TEST_STEP][PASSED] - if (i == 3 &amp;&amp; wildList.indexOf(symbol) != -1): null

2019-08-24 13:01:51 - [TEST_STEP][PASSED] - if (i == 4 &amp;&amp; wildList.indexOf(symbol) != -1): null

2019-08-24 13:01:51 - [TEST_STEP][PASSED] - symbols = symbols: null

2019-08-24 13:01:51 - [TEST_STEP][PASSED] - for ([j = 0, j &lt; symbols.size(), (j++)]): null

2019-08-24 13:01:51 - [TEST_STEP][PASSED] - symbol = symbol: null

2019-08-24 13:01:51 - [TEST_STEP][PASSED] - println(symbol): null

2019-08-24 13:01:51 - [TEST_STEP][PASSED] - if (i == 2 &amp;&amp; wildList.indexOf(symbol) != -1): null

2019-08-24 13:01:51 - [TEST_STEP][PASSED] - if (i == 3 &amp;&amp; wildList.indexOf(symbol) != -1): null

2019-08-24 13:01:51 - [TEST_STEP][PASSED] - if (i == 4 &amp;&amp; wildList.indexOf(symbol) != -1): null

2019-08-24 13:01:51 - [TEST_STEP][PASSED] - symbol = symbol: null

2019-08-24 13:01:51 - [TEST_STEP][PASSED] - println(symbol): null

2019-08-24 13:01:51 - [TEST_STEP][PASSED] - if (i == 2 &amp;&amp; wildList.indexOf(symbol) != -1): null

2019-08-24 13:01:51 - [TEST_STEP][PASSED] - if (i == 3 &amp;&amp; wildList.indexOf(symbol) != -1): null

2019-08-24 13:01:51 - [TEST_STEP][PASSED] - if (i == 4 &amp;&amp; wildList.indexOf(symbol) != -1): null

2019-08-24 13:01:51 - [TEST_STEP][PASSED] - symbol = symbol: null

2019-08-24 13:01:51 - [TEST_STEP][PASSED] - println(symbol): null

2019-08-24 13:01:51 - [TEST_STEP][PASSED] - if (i == 2 &amp;&amp; wildList.indexOf(symbol) != -1): null

2019-08-24 13:01:51 - [TEST_STEP][PASSED] - if (i == 3 &amp;&amp; wildList.indexOf(symbol) != -1): null

2019-08-24 13:01:51 - [TEST_STEP][PASSED] - if (i == 4 &amp;&amp; wildList.indexOf(symbol) != -1): null

2019-08-24 13:01:51 - [TEST_STEP][PASSED] - symbols = symbols: null

2019-08-24 13:01:51 - [TEST_STEP][PASSED] - for ([j = 0, j &lt; symbols.size(), (j++)]): null

2019-08-24 13:01:51 - [TEST_STEP][PASSED] - symbol = symbol: null

2019-08-24 13:01:51 - [TEST_STEP][PASSED] - println(symbol): null

2019-08-24 13:01:51 - [TEST_STEP][PASSED] - if (i == 2 &amp;&amp; wildList.indexOf(symbol) != -1): null

2019-08-24 13:01:51 - [TEST_STEP][PASSED] - println("wild found on reel 3, adding counter by 1"): null

2019-08-24 13:01:51 - [TEST_STEP][PASSED] - free_spin_reel_counter[0] = free_spin_reel_counter[0] + 1: null

2019-08-24 13:01:51 - [TEST_STEP][PASSED] - if (i == 3 &amp;&amp; wildList.indexOf(symbol) != -1): null

2019-08-24 13:01:51 - [TEST_STEP][PASSED] - if (i == 4 &amp;&amp; wildList.indexOf(symbol) != -1): null

2019-08-24 13:01:51 - [TEST_STEP][PASSED] - symbol = symbol: null

2019-08-24 13:01:51 - [TEST_STEP][PASSED] - println(symbol): null

2019-08-24 13:01:51 - [TEST_STEP][PASSED] - if (i == 2 &amp;&amp; wildList.indexOf(symbol) != -1): null

2019-08-24 13:01:51 - [TEST_STEP][PASSED] - if (i == 3 &amp;&amp; wildList.indexOf(symbol) != -1): null

2019-08-24 13:01:51 - [TEST_STEP][PASSED] - if (i == 4 &amp;&amp; wildList.indexOf(symbol) != -1): null

2019-08-24 13:01:51 - [TEST_STEP][PASSED] - symbol = symbol: null

2019-08-24 13:01:51 - [TEST_STEP][PASSED] - println(symbol): null

2019-08-24 13:01:51 - [TEST_STEP][PASSED] - if (i == 2 &amp;&amp; wildList.indexOf(symbol) != -1): null

2019-08-24 13:01:51 - [TEST_STEP][PASSED] - if (i == 3 &amp;&amp; wildList.indexOf(symbol) != -1): null

2019-08-24 13:01:51 - [TEST_STEP][PASSED] - if (i == 4 &amp;&amp; wildList.indexOf(symbol) != -1): null

2019-08-24 13:01:51 - [TEST_STEP][PASSED] - symbols = symbols: null

2019-08-24 13:01:51 - [TEST_STEP][PASSED] - for ([j = 0, j &lt; symbols.size(), (j++)]): null

2019-08-24 13:01:51 - [TEST_STEP][PASSED] - symbol = symbol: null

2019-08-24 13:01:51 - [TEST_STEP][PASSED] - println(symbol): null

2019-08-24 13:01:51 - [TEST_STEP][PASSED] - if (i == 2 &amp;&amp; wildList.indexOf(symbol) != -1): null

2019-08-24 13:01:51 - [TEST_STEP][PASSED] - if (i == 3 &amp;&amp; wildList.indexOf(symbol) != -1): null

2019-08-24 13:01:51 - [TEST_STEP][PASSED] - if (i == 4 &amp;&amp; wildList.indexOf(symbol) != -1): null

2019-08-24 13:01:51 - [TEST_STEP][PASSED] - symbol = symbol: null

2019-08-24 13:01:51 - [TEST_STEP][PASSED] - println(symbol): null

2019-08-24 13:01:51 - [TEST_STEP][PASSED] - if (i == 2 &amp;&amp; wildList.indexOf(symbol) != -1): null

2019-08-24 13:01:51 - [TEST_STEP][PASSED] - if (i == 3 &amp;&amp; wildList.indexOf(symbol) != -1): null

2019-08-24 13:01:51 - [TEST_STEP][PASSED] - if (i == 4 &amp;&amp; wildList.indexOf(symbol) != -1): null

2019-08-24 13:01:51 - [TEST_STEP][PASSED] - symbol = symbol: null

2019-08-24 13:01:51 - [TEST_STEP][PASSED] - println(symbol): null

2019-08-24 13:01:51 - [TEST_STEP][PASSED] - if (i == 2 &amp;&amp; wildList.indexOf(symbol) != -1): null

2019-08-24 13:01:51 - [TEST_STEP][PASSED] - if (i == 3 &amp;&amp; wildList.indexOf(symbol) != -1): null

2019-08-24 13:01:51 - [TEST_STEP][PASSED] - if (i == 4 &amp;&amp; wildList.indexOf(symbol) != -1): null

2019-08-24 13:01:51 - [TEST_STEP][PASSED] - symbols = symbols: null

2019-08-24 13:01:51 - [TEST_STEP][PASSED] - for ([j = 0, j &lt; symbols.size(), (j++)]): null

2019-08-24 13:01:51 - [TEST_STEP][PASSED] - symbol = symbol: null

2019-08-24 13:01:51 - [TEST_STEP][PASSED] - println(symbol): null

2019-08-24 13:01:51 - [TEST_STEP][PASSED] - if (i == 2 &amp;&amp; wildList.indexOf(symbol) != -1): null

2019-08-24 13:01:51 - [TEST_STEP][PASSED] - if (i == 3 &amp;&amp; wildList.indexOf(symbol) != -1): null

2019-08-24 13:01:51 - [TEST_STEP][PASSED] - if (i == 4 &amp;&amp; wildList.indexOf(symbol) != -1): null

2019-08-24 13:01:51 - [TEST_STEP][PASSED] - symbol = symbol: null

2019-08-24 13:01:51 - [TEST_STEP][PASSED] - println(symbol): null

2019-08-24 13:01:51 - [TEST_STEP][PASSED] - if (i == 2 &amp;&amp; wildList.indexOf(symbol) != -1): null

2019-08-24 13:01:51 - [TEST_STEP][PASSED] - if (i == 3 &amp;&amp; wildList.indexOf(symbol) != -1): null

2019-08-24 13:01:51 - [TEST_STEP][PASSED] - if (i == 4 &amp;&amp; wildList.indexOf(symbol) != -1): null

2019-08-24 13:01:51 - [TEST_STEP][PASSED] - symbol = symbol: null

2019-08-24 13:01:51 - [TEST_STEP][PASSED] - println(symbol): null

2019-08-24 13:01:51 - [TEST_STEP][PASSED] - if (i == 2 &amp;&amp; wildList.indexOf(symbol) != -1): null

2019-08-24 13:01:51 - [TEST_STEP][PASSED] - if (i == 3 &amp;&amp; wildList.indexOf(symbol) != -1): null

2019-08-24 13:01:51 - [TEST_STEP][PASSED] - if (i == 4 &amp;&amp; wildList.indexOf(symbol) != -1): null

2019-08-24 13:01:55 - [TEST_STEP][PASSED] - free_spin_reel_counter = free_spin_reel_counter: null

2019-08-24 13:01:55 - [TEST_STEP][PASSED] - println("reel 3 wild found: " + free_spin_reel_counter[0]): null

2019-08-24 13:01:55 - [TEST_STEP][PASSED] - println("reel 4 wild found: " + free_spin_reel_counter[1]): null

2019-08-24 13:01:55 - [TEST_STEP][PASSED] - println("reel 5 wild found: " + free_spin_reel_counter[2]): null

2019-08-24 13:01:55 - [TEST_STEP][PASSED] - M4_spin_reels = M4_spin_reels: null

2019-08-24 13:01:55 - [TEST_STEP][PASSED] - M4_spin_reels_symbols = symbol: null

2019-08-24 13:01:55 - [TEST_STEP][PASSED] - M4_spin_reels_symbols = M4_spin_reels_symbols: null

2019-08-24 13:01:55 - [TEST_STEP][PASSED] - M4_spin_reel_wins = reel_wins: null

2019-08-24 13:01:55 - [TEST_STEP][PASSED] - M4_spin_reel_wins = M4_spin_reel_wins: null

2019-08-24 13:01:55 - [TEST_STEP][PASSED] - println("GlobalVariable.M4_spin_reel_wins is: " + M4_spin_reel_wins): null

2019-08-24 13:02:01 - [TEST_STEP][PASSED] - M4_spin_total_bonus_win_this_round = total_bonus_win_this_round: null

2019-08-24 13:02:01 - [TEST_STEP][PASSED] - M4_spin_total_bonus_win_this_round = M4_spin_total_bonus_win_this_round: null

2019-08-24 13:02:01 - [TEST_STEP][PASSED] - println("GlobalVariable.M4_spin_total_bonus_win_this_round is: " + M4_spin_total_bonus_win_this_round): null

2019-08-24 13:02:01 - [TEST_STEP][PASSED] - M4_spin_bonus_spin_result = spin_result: null

2019-08-24 13:02:01 - [TEST_STEP][PASSED] - M4_spin_bonus_spin_result = M4_spin_bonus_spin_result: null

2019-08-24 13:02:06 - [MESSAGE][PASSED] - Verify response successfully

2019-08-24 13:02:06 - [MESSAGE][PASSED] - Send request and verify the response successfully

2019-08-24 13:02:06 - [TEST_STEP][PASSED] - if (M4_total_bonus_spins_int != 0 &amp;&amp; M4_spin_reels_symbols[2].contains("WILD_Expanding")): null

2019-08-24 13:02:06 - [TEST_STEP][PASSED] - free_spin_reel_counter = free_spin_reel_counter: null

2019-08-24 13:02:06 - [TEST_STEP][PASSED] - M4_spin_reels_symbols = M4_spin_reels_symbols: null

2019-08-24 13:02:06 - [TEST_STEP][PASSED] - M4_total_bonus_spins = M4_total_bonus_spins: null

2019-08-24 13:02:06 - [TEST_STEP][PASSED] - spin_result = sendRequestAndVerify(findTestObject("INT/RGS(M4)/1_M4_spin", ["M4_login_user_id":M4_login_user_id, "rgs_session_token":rgs_session_token, "partner":Partner])): Send request and verify the response successfully

2019-08-24 13:02:06 - [MESSAGE][INFO] - HAR: /Users/eiralee/Katalon_Script/SuperWild/Reports/20190824_125957/INT/superWild_5/20190824_125957/requests/main/38.har

2019-08-24 13:02:06 - [TEST_CASE][PASSED] - Start Test Case : Verification: Verification accomplished successfully

2019-08-24 13:02:06 - [TEST_STEP][PASSED] - request = getInstance().getCurrentRequest(): null

2019-08-24 13:02:07 - [TEST_STEP][PASSED] - response = getInstance().getCurrentResponse(): null

2019-08-24 13:02:07 - [TEST_STEP][PASSED] - verifyResponseStatusCode(response, 200): Verify response status code successfully

2019-08-24 13:02:07 - [MESSAGE][PASSED] - Verify response status code successfully

2019-08-24 13:02:07 - [TEST_STEP][PASSED] - getStatusCode()).isEqualTo(200): null

2019-08-24 13:02:07 - [TEST_STEP][PASSED] - newline = System.getProperty("line.separator"): null

2019-08-24 13:02:07 - [TEST_STEP][PASSED] - M4_spin = new groovy.json.JsonSlurper(): null

2019-08-24 13:02:07 - [TEST_STEP][PASSED] - result_M4_spin = M4_spin.parseText(response.getResponseBodyContent()): null

2019-08-24 13:02:07 - [TEST_STEP][PASSED] - M4_spin_current_balance = current_balance: null

2019-08-24 13:02:07 - [TEST_STEP][PASSED] - M4_spin_current_balance = M4_spin_current_balance: null

2019-08-24 13:02:07 - [TEST_STEP][PASSED] - M4_spin_transaction_id = causality: null

2019-08-24 13:02:07 - [TEST_STEP][PASSED] - M4_spin_transaction_id = M4_spin_transaction_id: null

2019-08-24 13:02:07 - [TEST_STEP][PASSED] - M4_spin_round_id = round_id: null

2019-08-24 13:02:07 - [TEST_STEP][PASSED] - M4_spin_round_id = M4_spin_round_id: null

2019-08-24 13:02:07 - [TEST_STEP][PASSED] - M4_spin_line_wins = line_wins: null

2019-08-24 13:02:07 - [TEST_STEP][PASSED] - M4_spin_line_wins = M4_spin_line_wins: null

2019-08-24 13:02:07 - [TEST_STEP][PASSED] - M4_total_bonus_spins_int = total_bonus_spins: null

2019-08-24 13:02:07 - [TEST_STEP][PASSED] - println("******M4_total_bonus_spins type is:*******" + newline + getClass().getName()): null

2019-08-24 13:02:07 - [TEST_STEP][PASSED] - M4_total_bonus_spins_int = M4_total_bonus_spins_int: null

2019-08-24 13:02:07 - [TEST_STEP][PASSED] - M4_total_bonus_spins = Integer.toString(M4_total_bonus_spins_int): null

2019-08-24 13:02:07 - [TEST_STEP][PASSED] - M4_total_bonus_spins = M4_total_bonus_spins: null

2019-08-24 13:02:07 - [TEST_STEP][PASSED] - println("M4_total_bonus_spins is:" + M4_total_bonus_spins): null

2019-08-24 13:02:07 - [TEST_STEP][PASSED] - M4_spin_bonus_data = bonus_data: null

2019-08-24 13:02:07 - [TEST_STEP][PASSED] - M4_spin_features_triggered = result_M4_spin: null

2019-08-24 13:02:07 - [TEST_STEP][PASSED] - wild = []: null

2019-08-24 13:02:07 - [TEST_STEP][PASSED] - wild[0] = "WILD_Expanding": null

2019-08-24 13:02:07 - [TEST_STEP][PASSED] - wild[1] = "WILD_Normal": null

2019-08-24 13:02:07 - [TEST_STEP][PASSED] - wild[2] = "WILD_Double": null

2019-08-24 13:02:07 - [TEST_STEP][PASSED] - wild[3] = "WILD_ExtraFG": null

2019-08-24 13:02:07 - [TEST_STEP][PASSED] - wild[4] = "WILD_Triple": null

2019-08-24 13:02:07 - [TEST_STEP][PASSED] - wildList = Arrays.asList(wild): null

2019-08-24 13:02:07 - [TEST_STEP][PASSED] - wildList = wildList: null

2019-08-24 13:02:07 - [TEST_STEP][PASSED] - free_spin_reel_counter = []: null

2019-08-24 13:02:07 - [TEST_STEP][PASSED] - free_spin_reel_counter[0] = 0: null

2019-08-24 13:02:07 - [TEST_STEP][PASSED] - free_spin_reel_counter[1] = 0: null

2019-08-24 13:02:07 - [TEST_STEP][PASSED] - free_spin_reel_counter[2] = 0: null

2019-08-24 13:02:07 - [TEST_STEP][PASSED] - M4_spin_reels = reels: null

2019-08-24 13:02:07 - [TEST_STEP][PASSED] - for ([i = 0, i &lt; M4_spin_reels.size(), (i++)]): null

2019-08-24 13:02:07 - [TEST_STEP][PASSED] - symbols = symbols: null

2019-08-24 13:02:07 - [TEST_STEP][PASSED] - for ([j = 0, j &lt; symbols.size(), (j++)]): null

2019-08-24 13:02:07 - [TEST_STEP][PASSED] - symbol = symbol: null

2019-08-24 13:02:07 - [TEST_STEP][PASSED] - println(symbol): null

2019-08-24 13:02:07 - [TEST_STEP][PASSED] - if (i == 2 &amp;&amp; wildList.indexOf(symbol) != -1): null

2019-08-24 13:02:07 - [TEST_STEP][PASSED] - if (i == 3 &amp;&amp; wildList.indexOf(symbol) != -1): null

2019-08-24 13:02:07 - [TEST_STEP][PASSED] - if (i == 4 &amp;&amp; wildList.indexOf(symbol) != -1): null

2019-08-24 13:02:07 - [TEST_STEP][PASSED] - symbol = symbol: null

2019-08-24 13:02:07 - [TEST_STEP][PASSED] - println(symbol): null

2019-08-24 13:02:07 - [TEST_STEP][PASSED] - if (i == 2 &amp;&amp; wildList.indexOf(symbol) != -1): null

2019-08-24 13:02:07 - [TEST_STEP][PASSED] - if (i == 3 &amp;&amp; wildList.indexOf(symbol) != -1): null

2019-08-24 13:02:07 - [TEST_STEP][PASSED] - if (i == 4 &amp;&amp; wildList.indexOf(symbol) != -1): null

2019-08-24 13:02:07 - [TEST_STEP][PASSED] - symbol = symbol: null

2019-08-24 13:02:07 - [TEST_STEP][PASSED] - println(symbol): null

2019-08-24 13:02:07 - [TEST_STEP][PASSED] - if (i == 2 &amp;&amp; wildList.indexOf(symbol) != -1): null

2019-08-24 13:02:07 - [TEST_STEP][PASSED] - if (i == 3 &amp;&amp; wildList.indexOf(symbol) != -1): null

2019-08-24 13:02:07 - [TEST_STEP][PASSED] - if (i == 4 &amp;&amp; wildList.indexOf(symbol) != -1): null

2019-08-24 13:02:07 - [TEST_STEP][PASSED] - symbols = symbols: null

2019-08-24 13:02:07 - [TEST_STEP][PASSED] - for ([j = 0, j &lt; symbols.size(), (j++)]): null

2019-08-24 13:02:07 - [TEST_STEP][PASSED] - symbol = symbol: null

2019-08-24 13:02:07 - [TEST_STEP][PASSED] - println(symbol): null

2019-08-24 13:02:07 - [TEST_STEP][PASSED] - if (i == 2 &amp;&amp; wildList.indexOf(symbol) != -1): null

2019-08-24 13:02:07 - [TEST_STEP][PASSED] - if (i == 3 &amp;&amp; wildList.indexOf(symbol) != -1): null

2019-08-24 13:02:07 - [TEST_STEP][PASSED] - if (i == 4 &amp;&amp; wildList.indexOf(symbol) != -1): null

2019-08-24 13:02:07 - [TEST_STEP][PASSED] - symbol = symbol: null

2019-08-24 13:02:07 - [TEST_STEP][PASSED] - println(symbol): null

2019-08-24 13:02:07 - [TEST_STEP][PASSED] - if (i == 2 &amp;&amp; wildList.indexOf(symbol) != -1): null

2019-08-24 13:02:07 - [TEST_STEP][PASSED] - if (i == 3 &amp;&amp; wildList.indexOf(symbol) != -1): null

2019-08-24 13:02:07 - [TEST_STEP][PASSED] - if (i == 4 &amp;&amp; wildList.indexOf(symbol) != -1): null

2019-08-24 13:02:07 - [TEST_STEP][PASSED] - symbol = symbol: null

2019-08-24 13:02:07 - [TEST_STEP][PASSED] - println(symbol): null

2019-08-24 13:02:07 - [TEST_STEP][PASSED] - if (i == 2 &amp;&amp; wildList.indexOf(symbol) != -1): null

2019-08-24 13:02:07 - [TEST_STEP][PASSED] - if (i == 3 &amp;&amp; wildList.indexOf(symbol) != -1): null

2019-08-24 13:02:07 - [TEST_STEP][PASSED] - if (i == 4 &amp;&amp; wildList.indexOf(symbol) != -1): null

2019-08-24 13:02:07 - [TEST_STEP][PASSED] - symbols = symbols: null

2019-08-24 13:02:07 - [TEST_STEP][PASSED] - for ([j = 0, j &lt; symbols.size(), (j++)]): null

2019-08-24 13:02:07 - [TEST_STEP][PASSED] - symbol = symbol: null

2019-08-24 13:02:07 - [TEST_STEP][PASSED] - println(symbol): null

2019-08-24 13:02:07 - [TEST_STEP][PASSED] - if (i == 2 &amp;&amp; wildList.indexOf(symbol) != -1): null

2019-08-24 13:02:07 - [TEST_STEP][PASSED] - println("wild found on reel 3, adding counter by 1"): null

2019-08-24 13:02:07 - [TEST_STEP][PASSED] - free_spin_reel_counter[0] = free_spin_reel_counter[0] + 1: null

2019-08-24 13:02:07 - [TEST_STEP][PASSED] - if (i == 3 &amp;&amp; wildList.indexOf(symbol) != -1): null

2019-08-24 13:02:07 - [TEST_STEP][PASSED] - if (i == 4 &amp;&amp; wildList.indexOf(symbol) != -1): null

2019-08-24 13:02:07 - [TEST_STEP][PASSED] - symbol = symbol: null

2019-08-24 13:02:07 - [TEST_STEP][PASSED] - println(symbol): null

2019-08-24 13:02:07 - [TEST_STEP][PASSED] - if (i == 2 &amp;&amp; wildList.indexOf(symbol) != -1): null

2019-08-24 13:02:07 - [TEST_STEP][PASSED] - if (i == 3 &amp;&amp; wildList.indexOf(symbol) != -1): null

2019-08-24 13:02:07 - [TEST_STEP][PASSED] - if (i == 4 &amp;&amp; wildList.indexOf(symbol) != -1): null

2019-08-24 13:02:07 - [TEST_STEP][PASSED] - symbol = symbol: null

2019-08-24 13:02:07 - [TEST_STEP][PASSED] - println(symbol): null

2019-08-24 13:02:07 - [TEST_STEP][PASSED] - if (i == 2 &amp;&amp; wildList.indexOf(symbol) != -1): null

2019-08-24 13:02:07 - [TEST_STEP][PASSED] - if (i == 3 &amp;&amp; wildList.indexOf(symbol) != -1): null

2019-08-24 13:02:07 - [TEST_STEP][PASSED] - if (i == 4 &amp;&amp; wildList.indexOf(symbol) != -1): null

2019-08-24 13:02:07 - [TEST_STEP][PASSED] - symbols = symbols: null

2019-08-24 13:02:07 - [TEST_STEP][PASSED] - for ([j = 0, j &lt; symbols.size(), (j++)]): null

2019-08-24 13:02:07 - [TEST_STEP][PASSED] - symbol = symbol: null

2019-08-24 13:02:07 - [TEST_STEP][PASSED] - println(symbol): null

2019-08-24 13:02:07 - [TEST_STEP][PASSED] - if (i == 2 &amp;&amp; wildList.indexOf(symbol) != -1): null

2019-08-24 13:02:07 - [TEST_STEP][PASSED] - if (i == 3 &amp;&amp; wildList.indexOf(symbol) != -1): null

2019-08-24 13:02:07 - [TEST_STEP][PASSED] - if (i == 4 &amp;&amp; wildList.indexOf(symbol) != -1): null

2019-08-24 13:02:07 - [TEST_STEP][PASSED] - symbol = symbol: null

2019-08-24 13:02:07 - [TEST_STEP][PASSED] - println(symbol): null

2019-08-24 13:02:07 - [TEST_STEP][PASSED] - if (i == 2 &amp;&amp; wildList.indexOf(symbol) != -1): null

2019-08-24 13:02:07 - [TEST_STEP][PASSED] - if (i == 3 &amp;&amp; wildList.indexOf(symbol) != -1): null

2019-08-24 13:02:07 - [TEST_STEP][PASSED] - if (i == 4 &amp;&amp; wildList.indexOf(symbol) != -1): null

2019-08-24 13:02:07 - [TEST_STEP][PASSED] - symbol = symbol: null

2019-08-24 13:02:07 - [TEST_STEP][PASSED] - println(symbol): null

2019-08-24 13:02:07 - [TEST_STEP][PASSED] - if (i == 2 &amp;&amp; wildList.indexOf(symbol) != -1): null

2019-08-24 13:02:07 - [TEST_STEP][PASSED] - if (i == 3 &amp;&amp; wildList.indexOf(symbol) != -1): null

2019-08-24 13:02:07 - [TEST_STEP][PASSED] - if (i == 4 &amp;&amp; wildList.indexOf(symbol) != -1): null

2019-08-24 13:02:07 - [TEST_STEP][PASSED] - symbols = symbols: null

2019-08-24 13:02:07 - [TEST_STEP][PASSED] - for ([j = 0, j &lt; symbols.size(), (j++)]): null

2019-08-24 13:02:07 - [TEST_STEP][PASSED] - symbol = symbol: null

2019-08-24 13:02:07 - [TEST_STEP][PASSED] - println(symbol): null

2019-08-24 13:02:07 - [TEST_STEP][PASSED] - if (i == 2 &amp;&amp; wildList.indexOf(symbol) != -1): null

2019-08-24 13:02:07 - [TEST_STEP][PASSED] - if (i == 3 &amp;&amp; wildList.indexOf(symbol) != -1): null

2019-08-24 13:02:07 - [TEST_STEP][PASSED] - if (i == 4 &amp;&amp; wildList.indexOf(symbol) != -1): null

2019-08-24 13:02:07 - [TEST_STEP][PASSED] - symbol = symbol: null

2019-08-24 13:02:07 - [TEST_STEP][PASSED] - println(symbol): null

2019-08-24 13:02:07 - [TEST_STEP][PASSED] - if (i == 2 &amp;&amp; wildList.indexOf(symbol) != -1): null

2019-08-24 13:02:07 - [TEST_STEP][PASSED] - if (i == 3 &amp;&amp; wildList.indexOf(symbol) != -1): null

2019-08-24 13:02:07 - [TEST_STEP][PASSED] - if (i == 4 &amp;&amp; wildList.indexOf(symbol) != -1): null

2019-08-24 13:02:07 - [TEST_STEP][PASSED] - symbol = symbol: null

2019-08-24 13:02:07 - [TEST_STEP][PASSED] - println(symbol): null

2019-08-24 13:02:07 - [TEST_STEP][PASSED] - if (i == 2 &amp;&amp; wildList.indexOf(symbol) != -1): null

2019-08-24 13:02:07 - [TEST_STEP][PASSED] - if (i == 3 &amp;&amp; wildList.indexOf(symbol) != -1): null

2019-08-24 13:02:07 - [TEST_STEP][PASSED] - if (i == 4 &amp;&amp; wildList.indexOf(symbol) != -1): null

2019-08-24 13:02:07 - [TEST_STEP][PASSED] - free_spin_reel_counter = free_spin_reel_counter: null

2019-08-24 13:02:07 - [TEST_STEP][PASSED] - println("reel 3 wild found: " + free_spin_reel_counter[0]): null

2019-08-24 13:02:07 - [TEST_STEP][PASSED] - println("reel 4 wild found: " + free_spin_reel_counter[1]): null

2019-08-24 13:02:07 - [TEST_STEP][PASSED] - println("reel 5 wild found: " + free_spin_reel_counter[2]): null

2019-08-24 13:02:07 - [TEST_STEP][PASSED] - M4_spin_reels = M4_spin_reels: null

2019-08-24 13:02:07 - [TEST_STEP][PASSED] - M4_spin_reels_symbols = symbol: null

2019-08-24 13:02:07 - [TEST_STEP][PASSED] - M4_spin_reels_symbols = M4_spin_reels_symbols: null

2019-08-24 13:02:07 - [TEST_STEP][PASSED] - M4_spin_reel_wins = reel_wins: null

2019-08-24 13:02:07 - [TEST_STEP][PASSED] - M4_spin_reel_wins = M4_spin_reel_wins: null

2019-08-24 13:02:07 - [TEST_STEP][PASSED] - println("GlobalVariable.M4_spin_reel_wins is: " + M4_spin_reel_wins): null

2019-08-24 13:02:07 - [TEST_STEP][PASSED] - M4_spin_total_bonus_win_this_round = total_bonus_win_this_round: null

2019-08-24 13:02:07 - [TEST_STEP][PASSED] - M4_spin_total_bonus_win_this_round = M4_spin_total_bonus_win_this_round: null

2019-08-24 13:02:07 - [TEST_STEP][PASSED] - println("GlobalVariable.M4_spin_total_bonus_win_this_round is: " + M4_spin_total_bonus_win_this_round): null

2019-08-24 13:02:07 - [TEST_STEP][PASSED] - M4_spin_bonus_spin_result = spin_result: null

2019-08-24 13:02:07 - [TEST_STEP][PASSED] - M4_spin_bonus_spin_result = M4_spin_bonus_spin_result: null

2019-08-24 13:02:07 - [MESSAGE][PASSED] - Verify response successfully

2019-08-24 13:02:07 - [MESSAGE][PASSED] - Send request and verify the response successfully

2019-08-24 13:02:07 - [TEST_STEP][PASSED] - if (M4_total_bonus_spins_int != 0 &amp;&amp; M4_spin_reels_symbols[2].contains("WILD_Expanding")): null

2019-08-24 13:02:07 - [TEST_STEP][PASSED] - free_spin_reel_counter = free_spin_reel_counter: null

2019-08-24 13:02:07 - [TEST_STEP][PASSED] - M4_spin_reels_symbols = M4_spin_reels_symbols: null

2019-08-24 13:02:07 - [TEST_STEP][PASSED] - M4_total_bonus_spins = M4_total_bonus_spins: null

2019-08-24 13:02:07 - [TEST_STEP][PASSED] - spin_result = sendRequestAndVerify(findTestObject("INT/RGS(M4)/1_M4_spin", ["M4_login_user_id":M4_login_user_id, "rgs_session_token":rgs_session_token, "partner":Partner])): Send request and verify the response successfully

2019-08-24 13:02:07 - [MESSAGE][INFO] - HAR: /Users/eiralee/Katalon_Script/SuperWild/Reports/20190824_125957/INT/superWild_5/20190824_125957/requests/main/39.har

2019-08-24 13:02:07 - [TEST_CASE][PASSED] - Start Test Case : Verification: Verification accomplished successfully

2019-08-24 13:02:07 - [TEST_STEP][PASSED] - request = getInstance().getCurrentRequest(): null

2019-08-24 13:02:07 - [TEST_STEP][PASSED] - response = getInstance().getCurrentResponse(): null

2019-08-24 13:02:07 - [TEST_STEP][PASSED] - verifyResponseStatusCode(response, 200): Verify response status code successfully

2019-08-24 13:02:07 - [MESSAGE][PASSED] - Verify response status code successfully

2019-08-24 13:02:07 - [TEST_STEP][PASSED] - getStatusCode()).isEqualTo(200): null

2019-08-24 13:02:07 - [TEST_STEP][PASSED] - newline = System.getProperty("line.separator"): null

2019-08-24 13:02:07 - [TEST_STEP][PASSED] - M4_spin = new groovy.json.JsonSlurper(): null

2019-08-24 13:02:07 - [TEST_STEP][PASSED] - result_M4_spin = M4_spin.parseText(response.getResponseBodyContent()): null

2019-08-24 13:02:07 - [TEST_STEP][PASSED] - M4_spin_current_balance = current_balance: null

2019-08-24 13:02:07 - [TEST_STEP][PASSED] - M4_spin_current_balance = M4_spin_current_balance: null

2019-08-24 13:02:07 - [TEST_STEP][PASSED] - M4_spin_transaction_id = causality: null

2019-08-24 13:02:07 - [TEST_STEP][PASSED] - M4_spin_transaction_id = M4_spin_transaction_id: null

2019-08-24 13:02:07 - [TEST_STEP][PASSED] - M4_spin_round_id = round_id: null

2019-08-24 13:02:07 - [TEST_STEP][PASSED] - M4_spin_round_id = M4_spin_round_id: null

2019-08-24 13:02:07 - [TEST_STEP][PASSED] - M4_spin_line_wins = line_wins: null

2019-08-24 13:02:07 - [TEST_STEP][PASSED] - M4_spin_line_wins = M4_spin_line_wins: null

2019-08-24 13:02:07 - [TEST_STEP][PASSED] - M4_total_bonus_spins_int = total_bonus_spins: null

2019-08-24 13:02:07 - [TEST_STEP][PASSED] - println("******M4_total_bonus_spins type is:*******" + newline + getClass().getName()): null

2019-08-24 13:02:07 - [TEST_STEP][PASSED] - M4_total_bonus_spins_int = M4_total_bonus_spins_int: null

2019-08-24 13:02:07 - [TEST_STEP][PASSED] - M4_total_bonus_spins = Integer.toString(M4_total_bonus_spins_int): null

2019-08-24 13:02:07 - [TEST_STEP][PASSED] - M4_total_bonus_spins = M4_total_bonus_spins: null

2019-08-24 13:02:07 - [TEST_STEP][PASSED] - println("M4_total_bonus_spins is:" + M4_total_bonus_spins): null

2019-08-24 13:02:07 - [TEST_STEP][PASSED] - M4_spin_bonus_data = bonus_data: null

2019-08-24 13:02:07 - [TEST_STEP][PASSED] - M4_spin_features_triggered = result_M4_spin: null

2019-08-24 13:02:07 - [TEST_STEP][PASSED] - wild = []: null

2019-08-24 13:02:07 - [TEST_STEP][PASSED] - wild[0] = "WILD_Expanding": null

2019-08-24 13:02:07 - [TEST_STEP][PASSED] - wild[1] = "WILD_Normal": null

2019-08-24 13:02:07 - [TEST_STEP][PASSED] - wild[2] = "WILD_Double": null

2019-08-24 13:02:07 - [TEST_STEP][PASSED] - wild[3] = "WILD_ExtraFG": null

2019-08-24 13:02:07 - [TEST_STEP][PASSED] - wild[4] = "WILD_Triple": null

2019-08-24 13:02:07 - [TEST_STEP][PASSED] - wildList = Arrays.asList(wild): null

2019-08-24 13:02:07 - [TEST_STEP][PASSED] - wildList = wildList: null

2019-08-24 13:02:07 - [TEST_STEP][PASSED] - free_spin_reel_counter = []: null

2019-08-24 13:02:07 - [TEST_STEP][PASSED] - free_spin_reel_counter[0] = 0: null

2019-08-24 13:02:07 - [TEST_STEP][PASSED] - free_spin_reel_counter[1] = 0: null

2019-08-24 13:02:07 - [TEST_STEP][PASSED] - free_spin_reel_counter[2] = 0: null

2019-08-24 13:02:07 - [TEST_STEP][PASSED] - M4_spin_reels = reels: null

2019-08-24 13:02:07 - [TEST_STEP][PASSED] - for ([i = 0, i &lt; M4_spin_reels.size(), (i++)]): null

2019-08-24 13:02:07 - [TEST_STEP][PASSED] - symbols = symbols: null

2019-08-24 13:02:07 - [TEST_STEP][PASSED] - for ([j = 0, j &lt; symbols.size(), (j++)]): null

2019-08-24 13:02:07 - [TEST_STEP][PASSED] - symbol = symbol: null

2019-08-24 13:02:07 - [TEST_STEP][PASSED] - println(symbol): null

2019-08-24 13:02:07 - [TEST_STEP][PASSED] - if (i == 2 &amp;&amp; wildList.indexOf(symbol) != -1): null

2019-08-24 13:02:07 - [TEST_STEP][PASSED] - if (i == 3 &amp;&amp; wildList.indexOf(symbol) != -1): null

2019-08-24 13:02:07 - [TEST_STEP][PASSED] - if (i == 4 &amp;&amp; wildList.indexOf(symbol) != -1): null

2019-08-24 13:02:07 - [TEST_STEP][PASSED] - symbol = symbol: null

2019-08-24 13:02:07 - [TEST_STEP][PASSED] - println(symbol): null

2019-08-24 13:02:07 - [TEST_STEP][PASSED] - if (i == 2 &amp;&amp; wildList.indexOf(symbol) != -1): null

2019-08-24 13:02:07 - [TEST_STEP][PASSED] - if (i == 3 &amp;&amp; wildList.indexOf(symbol) != -1): null

2019-08-24 13:02:07 - [TEST_STEP][PASSED] - if (i == 4 &amp;&amp; wildList.indexOf(symbol) != -1): null

2019-08-24 13:02:07 - [TEST_STEP][PASSED] - symbol = symbol: null

2019-08-24 13:02:07 - [TEST_STEP][PASSED] - println(symbol): null

2019-08-24 13:02:07 - [TEST_STEP][PASSED] - if (i == 2 &amp;&amp; wildList.indexOf(symbol) != -1): null

2019-08-24 13:02:07 - [TEST_STEP][PASSED] - if (i == 3 &amp;&amp; wildList.indexOf(symbol) != -1): null

2019-08-24 13:02:07 - [TEST_STEP][PASSED] - if (i == 4 &amp;&amp; wildList.indexOf(symbol) != -1): null

2019-08-24 13:02:07 - [TEST_STEP][PASSED] - symbols = symbols: null

2019-08-24 13:02:07 - [TEST_STEP][PASSED] - for ([j = 0, j &lt; symbols.size(), (j++)]): null

2019-08-24 13:02:07 - [TEST_STEP][PASSED] - symbol = symbol: null

2019-08-24 13:02:07 - [TEST_STEP][PASSED] - println(symbol): null

2019-08-24 13:02:07 - [TEST_STEP][PASSED] - if (i == 2 &amp;&amp; wildList.indexOf(symbol) != -1): null

2019-08-24 13:02:07 - [TEST_STEP][PASSED] - if (i == 3 &amp;&amp; wildList.indexOf(symbol) != -1): null

2019-08-24 13:02:07 - [TEST_STEP][PASSED] - if (i == 4 &amp;&amp; wildList.indexOf(symbol) != -1): null

2019-08-24 13:02:07 - [TEST_STEP][PASSED] - symbol = symbol: null

2019-08-24 13:02:07 - [TEST_STEP][PASSED] - println(symbol): null

2019-08-24 13:02:07 - [TEST_STEP][PASSED] - if (i == 2 &amp;&amp; wildList.indexOf(symbol) != -1): null

2019-08-24 13:02:07 - [TEST_STEP][PASSED] - if (i == 3 &amp;&amp; wildList.indexOf(symbol) != -1): null

2019-08-24 13:02:07 - [TEST_STEP][PASSED] - if (i == 4 &amp;&amp; wildList.indexOf(symbol) != -1): null

2019-08-24 13:02:07 - [TEST_STEP][PASSED] - symbol = symbol: null

2019-08-24 13:02:07 - [TEST_STEP][PASSED] - println(symbol): null

2019-08-24 13:02:07 - [TEST_STEP][PASSED] - if (i == 2 &amp;&amp; wildList.indexOf(symbol) != -1): null

2019-08-24 13:02:07 - [TEST_STEP][PASSED] - if (i == 3 &amp;&amp; wildList.indexOf(symbol) != -1): null

2019-08-24 13:02:07 - [TEST_STEP][PASSED] - if (i == 4 &amp;&amp; wildList.indexOf(symbol) != -1): null

2019-08-24 13:02:07 - [TEST_STEP][PASSED] - symbols = symbols: null

2019-08-24 13:02:07 - [TEST_STEP][PASSED] - for ([j = 0, j &lt; symbols.size(), (j++)]): null

2019-08-24 13:02:07 - [TEST_STEP][PASSED] - symbol = symbol: null

2019-08-24 13:02:07 - [TEST_STEP][PASSED] - println(symbol): null

2019-08-24 13:02:07 - [TEST_STEP][PASSED] - if (i == 2 &amp;&amp; wildList.indexOf(symbol) != -1): null

2019-08-24 13:02:07 - [TEST_STEP][PASSED] - if (i == 3 &amp;&amp; wildList.indexOf(symbol) != -1): null

2019-08-24 13:02:07 - [TEST_STEP][PASSED] - if (i == 4 &amp;&amp; wildList.indexOf(symbol) != -1): null

2019-08-24 13:02:07 - [TEST_STEP][PASSED] - symbol = symbol: null

2019-08-24 13:02:07 - [TEST_STEP][PASSED] - println(symbol): null

2019-08-24 13:02:07 - [TEST_STEP][PASSED] - if (i == 2 &amp;&amp; wildList.indexOf(symbol) != -1): null

2019-08-24 13:02:07 - [TEST_STEP][PASSED] - if (i == 3 &amp;&amp; wildList.indexOf(symbol) != -1): null

2019-08-24 13:02:07 - [TEST_STEP][PASSED] - if (i == 4 &amp;&amp; wildList.indexOf(symbol) != -1): null

2019-08-24 13:02:07 - [TEST_STEP][PASSED] - symbol = symbol: null

2019-08-24 13:02:07 - [TEST_STEP][PASSED] - println(symbol): null

2019-08-24 13:02:07 - [TEST_STEP][PASSED] - if (i == 2 &amp;&amp; wildList.indexOf(symbol) != -1): null

2019-08-24 13:02:07 - [TEST_STEP][PASSED] - if (i == 3 &amp;&amp; wildList.indexOf(symbol) != -1): null

2019-08-24 13:02:07 - [TEST_STEP][PASSED] - if (i == 4 &amp;&amp; wildList.indexOf(symbol) != -1): null

2019-08-24 13:02:07 - [TEST_STEP][PASSED] - symbols = symbols: null

2019-08-24 13:02:07 - [TEST_STEP][PASSED] - for ([j = 0, j &lt; symbols.size(), (j++)]): null

2019-08-24 13:02:07 - [TEST_STEP][PASSED] - symbol = symbol: null

2019-08-24 13:02:07 - [TEST_STEP][PASSED] - println(symbol): null

2019-08-24 13:02:07 - [TEST_STEP][PASSED] - if (i == 2 &amp;&amp; wildList.indexOf(symbol) != -1): null

2019-08-24 13:02:07 - [TEST_STEP][PASSED] - if (i == 3 &amp;&amp; wildList.indexOf(symbol) != -1): null

2019-08-24 13:02:07 - [TEST_STEP][PASSED] - if (i == 4 &amp;&amp; wildList.indexOf(symbol) != -1): null

2019-08-24 13:02:07 - [TEST_STEP][PASSED] - symbol = symbol: null

2019-08-24 13:02:07 - [TEST_STEP][PASSED] - println(symbol): null

2019-08-24 13:02:07 - [TEST_STEP][PASSED] - if (i == 2 &amp;&amp; wildList.indexOf(symbol) != -1): null

2019-08-24 13:02:07 - [TEST_STEP][PASSED] - if (i == 3 &amp;&amp; wildList.indexOf(symbol) != -1): null

2019-08-24 13:02:07 - [TEST_STEP][PASSED] - if (i == 4 &amp;&amp; wildList.indexOf(symbol) != -1): null

2019-08-24 13:02:07 - [TEST_STEP][PASSED] - symbol = symbol: null

2019-08-24 13:02:07 - [TEST_STEP][PASSED] - println(symbol): null

2019-08-24 13:02:07 - [TEST_STEP][PASSED] - if (i == 2 &amp;&amp; wildList.indexOf(symbol) != -1): null

2019-08-24 13:02:07 - [TEST_STEP][PASSED] - if (i == 3 &amp;&amp; wildList.indexOf(symbol) != -1): null

2019-08-24 13:02:07 - [TEST_STEP][PASSED] - if (i == 4 &amp;&amp; wildList.indexOf(symbol) != -1): null

2019-08-24 13:02:07 - [TEST_STEP][PASSED] - symbols = symbols: null

2019-08-24 13:02:07 - [TEST_STEP][PASSED] - for ([j = 0, j &lt; symbols.size(), (j++)]): null

2019-08-24 13:02:07 - [TEST_STEP][PASSED] - symbol = symbol: null

2019-08-24 13:02:07 - [TEST_STEP][PASSED] - println(symbol): null

2019-08-24 13:02:07 - [TEST_STEP][PASSED] - if (i == 2 &amp;&amp; wildList.indexOf(symbol) != -1): null

2019-08-24 13:02:07 - [TEST_STEP][PASSED] - if (i == 3 &amp;&amp; wildList.indexOf(symbol) != -1): null

2019-08-24 13:02:07 - [TEST_STEP][PASSED] - if (i == 4 &amp;&amp; wildList.indexOf(symbol) != -1): null

2019-08-24 13:02:07 - [TEST_STEP][PASSED] - symbol = symbol: null

2019-08-24 13:02:07 - [TEST_STEP][PASSED] - println(symbol): null

2019-08-24 13:02:07 - [TEST_STEP][PASSED] - if (i == 2 &amp;&amp; wildList.indexOf(symbol) != -1): null

2019-08-24 13:02:07 - [TEST_STEP][PASSED] - if (i == 3 &amp;&amp; wildList.indexOf(symbol) != -1): null

2019-08-24 13:02:07 - [TEST_STEP][PASSED] - if (i == 4 &amp;&amp; wildList.indexOf(symbol) != -1): null

2019-08-24 13:02:07 - [TEST_STEP][PASSED] - symbol = symbol: null

2019-08-24 13:02:07 - [TEST_STEP][PASSED] - println(symbol): null

2019-08-24 13:02:07 - [TEST_STEP][PASSED] - if (i == 2 &amp;&amp; wildList.indexOf(symbol) != -1): null

2019-08-24 13:02:07 - [TEST_STEP][PASSED] - if (i == 3 &amp;&amp; wildList.indexOf(symbol) != -1): null

2019-08-24 13:02:07 - [TEST_STEP][PASSED] - if (i == 4 &amp;&amp; wildList.indexOf(symbol) != -1): null

2019-08-24 13:02:07 - [TEST_STEP][PASSED] - free_spin_reel_counter = free_spin_reel_counter: null

2019-08-24 13:02:07 - [TEST_STEP][PASSED] - println("reel 3 wild found: " + free_spin_reel_counter[0]): null

2019-08-24 13:02:07 - [TEST_STEP][PASSED] - println("reel 4 wild found: " + free_spin_reel_counter[1]): null

2019-08-24 13:02:07 - [TEST_STEP][PASSED] - println("reel 5 wild found: " + free_spin_reel_counter[2]): null

2019-08-24 13:02:07 - [TEST_STEP][PASSED] - M4_spin_reels = M4_spin_reels: null

2019-08-24 13:02:07 - [TEST_STEP][PASSED] - M4_spin_reels_symbols = symbol: null

2019-08-24 13:02:07 - [TEST_STEP][PASSED] - M4_spin_reels_symbols = M4_spin_reels_symbols: null

2019-08-24 13:02:07 - [TEST_STEP][PASSED] - M4_spin_reel_wins = reel_wins: null

2019-08-24 13:02:07 - [TEST_STEP][PASSED] - M4_spin_reel_wins = M4_spin_reel_wins: null

2019-08-24 13:02:07 - [TEST_STEP][PASSED] - println("GlobalVariable.M4_spin_reel_wins is: " + M4_spin_reel_wins): null

2019-08-24 13:02:07 - [TEST_STEP][PASSED] - M4_spin_total_bonus_win_this_round = total_bonus_win_this_round: null

2019-08-24 13:02:07 - [TEST_STEP][PASSED] - M4_spin_total_bonus_win_this_round = M4_spin_total_bonus_win_this_round: null

2019-08-24 13:02:07 - [TEST_STEP][PASSED] - println("GlobalVariable.M4_spin_total_bonus_win_this_round is: " + M4_spin_total_bonus_win_this_round): null

2019-08-24 13:02:07 - [TEST_STEP][PASSED] - M4_spin_bonus_spin_result = spin_result: null

2019-08-24 13:02:07 - [TEST_STEP][PASSED] - M4_spin_bonus_spin_result = M4_spin_bonus_spin_result: null

2019-08-24 13:02:07 - [MESSAGE][PASSED] - Verify response successfully

2019-08-24 13:02:07 - [MESSAGE][PASSED] - Send request and verify the response successfully

2019-08-24 13:02:07 - [TEST_STEP][PASSED] - if (M4_total_bonus_spins_int != 0 &amp;&amp; M4_spin_reels_symbols[2].contains("WILD_Expanding")): null

2019-08-24 13:02:07 - [TEST_STEP][PASSED] - free_spin_reel_counter = free_spin_reel_counter: null

2019-08-24 13:02:07 - [TEST_STEP][PASSED] - M4_spin_reels_symbols = M4_spin_reels_symbols: null

2019-08-24 13:02:07 - [TEST_STEP][PASSED] - M4_total_bonus_spins = M4_total_bonus_spins: null

2019-08-24 13:02:07 - [TEST_STEP][PASSED] - spin_result = sendRequestAndVerify(findTestObject("INT/RGS(M4)/1_M4_spin", ["M4_login_user_id":M4_login_user_id, "rgs_session_token":rgs_session_token, "partner":Partner])): Send request and verify the response successfully

2019-08-24 13:02:08 - [MESSAGE][INFO] - HAR: /Users/eiralee/Katalon_Script/SuperWild/Reports/20190824_125957/INT/superWild_5/20190824_125957/requests/main/40.har

2019-08-24 13:02:08 - [TEST_CASE][PASSED] - Start Test Case : Verification: Verification accomplished successfully

2019-08-24 13:02:08 - [TEST_STEP][PASSED] - request = getInstance().getCurrentRequest(): null

2019-08-24 13:02:08 - [TEST_STEP][PASSED] - response = getInstance().getCurrentResponse(): null

2019-08-24 13:02:08 - [TEST_STEP][PASSED] - verifyResponseStatusCode(response, 200): Verify response status code successfully

2019-08-24 13:02:08 - [MESSAGE][PASSED] - Verify response status code successfully

2019-08-24 13:02:08 - [TEST_STEP][PASSED] - getStatusCode()).isEqualTo(200): null

2019-08-24 13:02:08 - [TEST_STEP][PASSED] - newline = System.getProperty("line.separator"): null

2019-08-24 13:02:08 - [TEST_STEP][PASSED] - M4_spin = new groovy.json.JsonSlurper(): null

2019-08-24 13:02:08 - [TEST_STEP][PASSED] - result_M4_spin = M4_spin.parseText(response.getResponseBodyContent()): null

2019-08-24 13:02:08 - [TEST_STEP][PASSED] - M4_spin_current_balance = current_balance: null

2019-08-24 13:02:08 - [TEST_STEP][PASSED] - M4_spin_current_balance = M4_spin_current_balance: null

2019-08-24 13:02:08 - [TEST_STEP][PASSED] - M4_spin_transaction_id = causality: null

2019-08-24 13:02:08 - [TEST_STEP][PASSED] - M4_spin_transaction_id = M4_spin_transaction_id: null

2019-08-24 13:02:08 - [TEST_STEP][PASSED] - M4_spin_round_id = round_id: null

2019-08-24 13:02:08 - [TEST_STEP][PASSED] - M4_spin_round_id = M4_spin_round_id: null

2019-08-24 13:02:08 - [TEST_STEP][PASSED] - M4_spin_line_wins = line_wins: null

2019-08-24 13:02:08 - [TEST_STEP][PASSED] - M4_spin_line_wins = M4_spin_line_wins: null

2019-08-24 13:02:08 - [TEST_STEP][PASSED] - M4_total_bonus_spins_int = total_bonus_spins: null

2019-08-24 13:02:08 - [TEST_STEP][PASSED] - println("******M4_total_bonus_spins type is:*******" + newline + getClass().getName()): null

2019-08-24 13:02:08 - [TEST_STEP][PASSED] - M4_total_bonus_spins_int = M4_total_bonus_spins_int: null

2019-08-24 13:02:08 - [TEST_STEP][PASSED] - M4_total_bonus_spins = Integer.toString(M4_total_bonus_spins_int): null

2019-08-24 13:02:08 - [TEST_STEP][PASSED] - M4_total_bonus_spins = M4_total_bonus_spins: null

2019-08-24 13:02:08 - [TEST_STEP][PASSED] - println("M4_total_bonus_spins is:" + M4_total_bonus_spins): null

2019-08-24 13:02:08 - [TEST_STEP][PASSED] - M4_spin_bonus_data = bonus_data: null

2019-08-24 13:02:08 - [TEST_STEP][PASSED] - M4_spin_features_triggered = result_M4_spin: null

2019-08-24 13:02:08 - [TEST_STEP][PASSED] - wild = []: null

2019-08-24 13:02:08 - [TEST_STEP][PASSED] - wild[0] = "WILD_Expanding": null

2019-08-24 13:02:08 - [TEST_STEP][PASSED] - wild[1] = "WILD_Normal": null

2019-08-24 13:02:08 - [TEST_STEP][PASSED] - wild[2] = "WILD_Double": null

2019-08-24 13:02:08 - [TEST_STEP][PASSED] - wild[3] = "WILD_ExtraFG": null

2019-08-24 13:02:08 - [TEST_STEP][PASSED] - wild[4] = "WILD_Triple": null

2019-08-24 13:02:08 - [TEST_STEP][PASSED] - wildList = Arrays.asList(wild): null

2019-08-24 13:02:08 - [TEST_STEP][PASSED] - wildList = wildList: null

2019-08-24 13:02:08 - [TEST_STEP][PASSED] - free_spin_reel_counter = []: null

2019-08-24 13:02:08 - [TEST_STEP][PASSED] - free_spin_reel_counter[0] = 0: null

2019-08-24 13:02:08 - [TEST_STEP][PASSED] - free_spin_reel_counter[1] = 0: null

2019-08-24 13:02:08 - [TEST_STEP][PASSED] - free_spin_reel_counter[2] = 0: null

2019-08-24 13:02:08 - [TEST_STEP][PASSED] - M4_spin_reels = reels: null

2019-08-24 13:02:08 - [TEST_STEP][PASSED] - for ([i = 0, i &lt; M4_spin_reels.size(), (i++)]): null

2019-08-24 13:02:08 - [TEST_STEP][PASSED] - symbols = symbols: null

2019-08-24 13:02:08 - [TEST_STEP][PASSED] - for ([j = 0, j &lt; symbols.size(), (j++)]): null

2019-08-24 13:02:08 - [TEST_STEP][PASSED] - symbol = symbol: null

2019-08-24 13:02:08 - [TEST_STEP][PASSED] - println(symbol): null

2019-08-24 13:02:08 - [TEST_STEP][PASSED] - if (i == 2 &amp;&amp; wildList.indexOf(symbol) != -1): null

2019-08-24 13:02:08 - [TEST_STEP][PASSED] - if (i == 3 &amp;&amp; wildList.indexOf(symbol) != -1): null

2019-08-24 13:02:08 - [TEST_STEP][PASSED] - if (i == 4 &amp;&amp; wildList.indexOf(symbol) != -1): null

2019-08-24 13:02:08 - [TEST_STEP][PASSED] - symbol = symbol: null

2019-08-24 13:02:08 - [TEST_STEP][PASSED] - println(symbol): null

2019-08-24 13:02:08 - [TEST_STEP][PASSED] - if (i == 2 &amp;&amp; wildList.indexOf(symbol) != -1): null

2019-08-24 13:02:08 - [TEST_STEP][PASSED] - if (i == 3 &amp;&amp; wildList.indexOf(symbol) != -1): null

2019-08-24 13:02:08 - [TEST_STEP][PASSED] - if (i == 4 &amp;&amp; wildList.indexOf(symbol) != -1): null

2019-08-24 13:02:08 - [TEST_STEP][PASSED] - symbol = symbol: null

2019-08-24 13:02:08 - [TEST_STEP][PASSED] - println(symbol): null

2019-08-24 13:02:08 - [TEST_STEP][PASSED] - if (i == 2 &amp;&amp; wildList.indexOf(symbol) != -1): null

2019-08-24 13:02:08 - [TEST_STEP][PASSED] - if (i == 3 &amp;&amp; wildList.indexOf(symbol) != -1): null

2019-08-24 13:02:08 - [TEST_STEP][PASSED] - if (i == 4 &amp;&amp; wildList.indexOf(symbol) != -1): null

2019-08-24 13:02:08 - [TEST_STEP][PASSED] - symbols = symbols: null

2019-08-24 13:02:08 - [TEST_STEP][PASSED] - for ([j = 0, j &lt; symbols.size(), (j++)]): null

2019-08-24 13:02:08 - [TEST_STEP][PASSED] - symbol = symbol: null

2019-08-24 13:02:08 - [TEST_STEP][PASSED] - println(symbol): null

2019-08-24 13:02:08 - [TEST_STEP][PASSED] - if (i == 2 &amp;&amp; wildList.indexOf(symbol) != -1): null

2019-08-24 13:02:08 - [TEST_STEP][PASSED] - if (i == 3 &amp;&amp; wildList.indexOf(symbol) != -1): null

2019-08-24 13:02:08 - [TEST_STEP][PASSED] - if (i == 4 &amp;&amp; wildList.indexOf(symbol) != -1): null

2019-08-24 13:02:08 - [TEST_STEP][PASSED] - symbol = symbol: null

2019-08-24 13:02:08 - [TEST_STEP][PASSED] - println(symbol): null

2019-08-24 13:02:08 - [TEST_STEP][PASSED] - if (i == 2 &amp;&amp; wildList.indexOf(symbol) != -1): null

2019-08-24 13:02:08 - [TEST_STEP][PASSED] - if (i == 3 &amp;&amp; wildList.indexOf(symbol) != -1): null

2019-08-24 13:02:08 - [TEST_STEP][PASSED] - if (i == 4 &amp;&amp; wildList.indexOf(symbol) != -1): null

2019-08-24 13:02:08 - [TEST_STEP][PASSED] - symbol = symbol: null

2019-08-24 13:02:08 - [TEST_STEP][PASSED] - println(symbol): null

2019-08-24 13:02:08 - [TEST_STEP][PASSED] - if (i == 2 &amp;&amp; wildList.indexOf(symbol) != -1): null

2019-08-24 13:02:08 - [TEST_STEP][PASSED] - if (i == 3 &amp;&amp; wildList.indexOf(symbol) != -1): null

2019-08-24 13:02:08 - [TEST_STEP][PASSED] - if (i == 4 &amp;&amp; wildList.indexOf(symbol) != -1): null

2019-08-24 13:02:08 - [TEST_STEP][PASSED] - symbols = symbols: null

2019-08-24 13:02:08 - [TEST_STEP][PASSED] - for ([j = 0, j &lt; symbols.size(), (j++)]): null

2019-08-24 13:02:08 - [TEST_STEP][PASSED] - symbol = symbol: null

2019-08-24 13:02:08 - [TEST_STEP][PASSED] - println(symbol): null

2019-08-24 13:02:08 - [TEST_STEP][PASSED] - if (i == 2 &amp;&amp; wildList.indexOf(symbol) != -1): null

2019-08-24 13:02:08 - [TEST_STEP][PASSED] - if (i == 3 &amp;&amp; wildList.indexOf(symbol) != -1): null

2019-08-24 13:02:08 - [TEST_STEP][PASSED] - if (i == 4 &amp;&amp; wildList.indexOf(symbol) != -1): null

2019-08-24 13:02:08 - [TEST_STEP][PASSED] - symbol = symbol: null

2019-08-24 13:02:08 - [TEST_STEP][PASSED] - println(symbol): null

2019-08-24 13:02:08 - [TEST_STEP][PASSED] - if (i == 2 &amp;&amp; wildList.indexOf(symbol) != -1): null

2019-08-24 13:02:08 - [TEST_STEP][PASSED] - if (i == 3 &amp;&amp; wildList.indexOf(symbol) != -1): null

2019-08-24 13:02:08 - [TEST_STEP][PASSED] - if (i == 4 &amp;&amp; wildList.indexOf(symbol) != -1): null

2019-08-24 13:02:08 - [TEST_STEP][PASSED] - symbol = symbol: null

2019-08-24 13:02:08 - [TEST_STEP][PASSED] - println(symbol): null

2019-08-24 13:02:08 - [TEST_STEP][PASSED] - if (i == 2 &amp;&amp; wildList.indexOf(symbol) != -1): null

2019-08-24 13:02:08 - [TEST_STEP][PASSED] - if (i == 3 &amp;&amp; wildList.indexOf(symbol) != -1): null

2019-08-24 13:02:08 - [TEST_STEP][PASSED] - if (i == 4 &amp;&amp; wildList.indexOf(symbol) != -1): null

2019-08-24 13:02:08 - [TEST_STEP][PASSED] - symbols = symbols: null

2019-08-24 13:02:08 - [TEST_STEP][PASSED] - for ([j = 0, j &lt; symbols.size(), (j++)]): null

2019-08-24 13:02:08 - [TEST_STEP][PASSED] - symbol = symbol: null

2019-08-24 13:02:08 - [TEST_STEP][PASSED] - println(symbol): null

2019-08-24 13:02:08 - [TEST_STEP][PASSED] - if (i == 2 &amp;&amp; wildList.indexOf(symbol) != -1): null

2019-08-24 13:02:08 - [TEST_STEP][PASSED] - if (i == 3 &amp;&amp; wildList.indexOf(symbol) != -1): null

2019-08-24 13:02:08 - [TEST_STEP][PASSED] - if (i == 4 &amp;&amp; wildList.indexOf(symbol) != -1): null

2019-08-24 13:02:08 - [TEST_STEP][PASSED] - symbol = symbol: null

2019-08-24 13:02:08 - [TEST_STEP][PASSED] - println(symbol): null

2019-08-24 13:02:08 - [TEST_STEP][PASSED] - if (i == 2 &amp;&amp; wildList.indexOf(symbol) != -1): null

2019-08-24 13:02:08 - [TEST_STEP][PASSED] - if (i == 3 &amp;&amp; wildList.indexOf(symbol) != -1): null

2019-08-24 13:02:08 - [TEST_STEP][PASSED] - if (i == 4 &amp;&amp; wildList.indexOf(symbol) != -1): null

2019-08-24 13:02:08 - [TEST_STEP][PASSED] - symbol = symbol: null

2019-08-24 13:02:08 - [TEST_STEP][PASSED] - println(symbol): null

2019-08-24 13:02:08 - [TEST_STEP][PASSED] - if (i == 2 &amp;&amp; wildList.indexOf(symbol) != -1): null

2019-08-24 13:02:08 - [TEST_STEP][PASSED] - if (i == 3 &amp;&amp; wildList.indexOf(symbol) != -1): null

2019-08-24 13:02:08 - [TEST_STEP][PASSED] - if (i == 4 &amp;&amp; wildList.indexOf(symbol) != -1): null

2019-08-24 13:02:08 - [TEST_STEP][PASSED] - symbols = symbols: null

2019-08-24 13:02:08 - [TEST_STEP][PASSED] - for ([j = 0, j &lt; symbols.size(), (j++)]): null

2019-08-24 13:02:08 - [TEST_STEP][PASSED] - symbol = symbol: null

2019-08-24 13:02:08 - [TEST_STEP][PASSED] - println(symbol): null

2019-08-24 13:02:08 - [TEST_STEP][PASSED] - if (i == 2 &amp;&amp; wildList.indexOf(symbol) != -1): null

2019-08-24 13:02:08 - [TEST_STEP][PASSED] - if (i == 3 &amp;&amp; wildList.indexOf(symbol) != -1): null

2019-08-24 13:02:08 - [TEST_STEP][PASSED] - if (i == 4 &amp;&amp; wildList.indexOf(symbol) != -1): null

2019-08-24 13:02:08 - [TEST_STEP][PASSED] - symbol = symbol: null

2019-08-24 13:02:08 - [TEST_STEP][PASSED] - println(symbol): null

2019-08-24 13:02:08 - [TEST_STEP][PASSED] - if (i == 2 &amp;&amp; wildList.indexOf(symbol) != -1): null

2019-08-24 13:02:08 - [TEST_STEP][PASSED] - if (i == 3 &amp;&amp; wildList.indexOf(symbol) != -1): null

2019-08-24 13:02:08 - [TEST_STEP][PASSED] - if (i == 4 &amp;&amp; wildList.indexOf(symbol) != -1): null

2019-08-24 13:02:08 - [TEST_STEP][PASSED] - symbol = symbol: null

2019-08-24 13:02:08 - [TEST_STEP][PASSED] - println(symbol): null

2019-08-24 13:02:08 - [TEST_STEP][PASSED] - if (i == 2 &amp;&amp; wildList.indexOf(symbol) != -1): null

2019-08-24 13:02:08 - [TEST_STEP][PASSED] - if (i == 3 &amp;&amp; wildList.indexOf(symbol) != -1): null

2019-08-24 13:02:08 - [TEST_STEP][PASSED] - if (i == 4 &amp;&amp; wildList.indexOf(symbol) != -1): null

2019-08-24 13:02:08 - [TEST_STEP][PASSED] - free_spin_reel_counter = free_spin_reel_counter: null

2019-08-24 13:02:08 - [TEST_STEP][PASSED] - println("reel 3 wild found: " + free_spin_reel_counter[0]): null

2019-08-24 13:02:08 - [TEST_STEP][PASSED] - println("reel 4 wild found: " + free_spin_reel_counter[1]): null

2019-08-24 13:02:08 - [TEST_STEP][PASSED] - println("reel 5 wild found: " + free_spin_reel_counter[2]): null

2019-08-24 13:02:08 - [TEST_STEP][PASSED] - M4_spin_reels = M4_spin_reels: null

2019-08-24 13:02:08 - [TEST_STEP][PASSED] - M4_spin_reels_symbols = symbol: null

2019-08-24 13:02:08 - [TEST_STEP][PASSED] - M4_spin_reels_symbols = M4_spin_reels_symbols: null

2019-08-24 13:02:08 - [TEST_STEP][PASSED] - M4_spin_reel_wins = reel_wins: null

2019-08-24 13:02:08 - [TEST_STEP][PASSED] - M4_spin_reel_wins = M4_spin_reel_wins: null

2019-08-24 13:02:08 - [TEST_STEP][PASSED] - println("GlobalVariable.M4_spin_reel_wins is: " + M4_spin_reel_wins): null

2019-08-24 13:02:08 - [TEST_STEP][PASSED] - M4_spin_total_bonus_win_this_round = total_bonus_win_this_round: null

2019-08-24 13:02:08 - [TEST_STEP][PASSED] - M4_spin_total_bonus_win_this_round = M4_spin_total_bonus_win_this_round: null

2019-08-24 13:02:08 - [TEST_STEP][PASSED] - println("GlobalVariable.M4_spin_total_bonus_win_this_round is: " + M4_spin_total_bonus_win_this_round): null

2019-08-24 13:02:08 - [TEST_STEP][PASSED] - M4_spin_bonus_spin_result = spin_result: null

2019-08-24 13:02:08 - [TEST_STEP][PASSED] - M4_spin_bonus_spin_result = M4_spin_bonus_spin_result: null

2019-08-24 13:02:08 - [MESSAGE][PASSED] - Verify response successfully

2019-08-24 13:02:08 - [MESSAGE][PASSED] - Send request and verify the response successfully

2019-08-24 13:02:08 - [TEST_STEP][PASSED] - if (M4_total_bonus_spins_int != 0 &amp;&amp; M4_spin_reels_symbols[2].contains("WILD_Expanding")): null

2019-08-24 13:02:08 - [TEST_STEP][PASSED] - free_spin_reel_counter = free_spin_reel_counter: null

2019-08-24 13:02:08 - [TEST_STEP][PASSED] - M4_spin_reels_symbols = M4_spin_reels_symbols: null

2019-08-24 13:02:08 - [TEST_STEP][PASSED] - M4_total_bonus_spins = M4_total_bonus_spins: null

2019-08-24 13:02:08 - [TEST_STEP][PASSED] - spin_result = sendRequestAndVerify(findTestObject("INT/RGS(M4)/1_M4_spin", ["M4_login_user_id":M4_login_user_id, "rgs_session_token":rgs_session_token, "partner":Partner])): Send request and verify the response successfully

2019-08-24 13:02:08 - [MESSAGE][INFO] - HAR: /Users/eiralee/Katalon_Script/SuperWild/Reports/20190824_125957/INT/superWild_5/20190824_125957/requests/main/41.har

2019-08-24 13:02:08 - [TEST_CASE][PASSED] - Start Test Case : Verification: Verification accomplished successfully

2019-08-24 13:02:08 - [TEST_STEP][PASSED] - request = getInstance().getCurrentRequest(): null

2019-08-24 13:02:08 - [TEST_STEP][PASSED] - response = getInstance().getCurrentResponse(): null

2019-08-24 13:02:08 - [TEST_STEP][PASSED] - verifyResponseStatusCode(response, 200): Verify response status code successfully

2019-08-24 13:02:08 - [MESSAGE][PASSED] - Verify response status code successfully

2019-08-24 13:02:08 - [TEST_STEP][PASSED] - getStatusCode()).isEqualTo(200): null

2019-08-24 13:02:08 - [TEST_STEP][PASSED] - newline = System.getProperty("line.separator"): null

2019-08-24 13:02:08 - [TEST_STEP][PASSED] - M4_spin = new groovy.json.JsonSlurper(): null

2019-08-24 13:02:08 - [TEST_STEP][PASSED] - result_M4_spin = M4_spin.parseText(response.getResponseBodyContent()): null

2019-08-24 13:02:08 - [TEST_STEP][PASSED] - M4_spin_current_balance = current_balance: null

2019-08-24 13:02:08 - [TEST_STEP][PASSED] - M4_spin_current_balance = M4_spin_current_balance: null

2019-08-24 13:02:08 - [TEST_STEP][PASSED] - M4_spin_transaction_id = causality: null

2019-08-24 13:02:08 - [TEST_STEP][PASSED] - M4_spin_transaction_id = M4_spin_transaction_id: null

2019-08-24 13:02:08 - [TEST_STEP][PASSED] - M4_spin_round_id = round_id: null

2019-08-24 13:02:08 - [TEST_STEP][PASSED] - M4_spin_round_id = M4_spin_round_id: null

2019-08-24 13:02:08 - [TEST_STEP][PASSED] - M4_spin_line_wins = line_wins: null

2019-08-24 13:02:08 - [TEST_STEP][PASSED] - M4_spin_line_wins = M4_spin_line_wins: null

2019-08-24 13:02:08 - [TEST_STEP][PASSED] - M4_total_bonus_spins_int = total_bonus_spins: null

2019-08-24 13:02:08 - [TEST_STEP][PASSED] - println("******M4_total_bonus_spins type is:*******" + newline + getClass().getName()): null

2019-08-24 13:02:08 - [TEST_STEP][PASSED] - M4_total_bonus_spins_int = M4_total_bonus_spins_int: null

2019-08-24 13:02:08 - [TEST_STEP][PASSED] - M4_total_bonus_spins = Integer.toString(M4_total_bonus_spins_int): null

2019-08-24 13:02:08 - [TEST_STEP][PASSED] - M4_total_bonus_spins = M4_total_bonus_spins: null

2019-08-24 13:02:08 - [TEST_STEP][PASSED] - println("M4_total_bonus_spins is:" + M4_total_bonus_spins): null

2019-08-24 13:02:08 - [TEST_STEP][PASSED] - M4_spin_bonus_data = bonus_data: null

2019-08-24 13:02:08 - [TEST_STEP][PASSED] - M4_spin_features_triggered = result_M4_spin: null

2019-08-24 13:02:08 - [TEST_STEP][PASSED] - wild = []: null

2019-08-24 13:02:08 - [TEST_STEP][PASSED] - wild[0] = "WILD_Expanding": null

2019-08-24 13:02:08 - [TEST_STEP][PASSED] - wild[1] = "WILD_Normal": null

2019-08-24 13:02:08 - [TEST_STEP][PASSED] - wild[2] = "WILD_Double": null

2019-08-24 13:02:08 - [TEST_STEP][PASSED] - wild[3] = "WILD_ExtraFG": null

2019-08-24 13:02:08 - [TEST_STEP][PASSED] - wild[4] = "WILD_Triple": null

2019-08-24 13:02:08 - [TEST_STEP][PASSED] - wildList = Arrays.asList(wild): null

2019-08-24 13:02:08 - [TEST_STEP][PASSED] - wildList = wildList: null

2019-08-24 13:02:08 - [TEST_STEP][PASSED] - free_spin_reel_counter = []: null

2019-08-24 13:02:08 - [TEST_STEP][PASSED] - free_spin_reel_counter[0] = 0: null

2019-08-24 13:02:08 - [TEST_STEP][PASSED] - free_spin_reel_counter[1] = 0: null

2019-08-24 13:02:08 - [TEST_STEP][PASSED] - free_spin_reel_counter[2] = 0: null

2019-08-24 13:02:08 - [TEST_STEP][PASSED] - M4_spin_reels = reels: null

2019-08-24 13:02:08 - [TEST_STEP][PASSED] - for ([i = 0, i &lt; M4_spin_reels.size(), (i++)]): null

2019-08-24 13:02:08 - [TEST_STEP][PASSED] - symbols = symbols: null

2019-08-24 13:02:08 - [TEST_STEP][PASSED] - for ([j = 0, j &lt; symbols.size(), (j++)]): null

2019-08-24 13:02:08 - [TEST_STEP][PASSED] - symbol = symbol: null

2019-08-24 13:02:08 - [TEST_STEP][PASSED] - println(symbol): null

2019-08-24 13:02:08 - [TEST_STEP][PASSED] - if (i == 2 &amp;&amp; wildList.indexOf(symbol) != -1): null

2019-08-24 13:02:08 - [TEST_STEP][PASSED] - if (i == 3 &amp;&amp; wildList.indexOf(symbol) != -1): null

2019-08-24 13:02:08 - [TEST_STEP][PASSED] - if (i == 4 &amp;&amp; wildList.indexOf(symbol) != -1): null

2019-08-24 13:02:08 - [TEST_STEP][PASSED] - symbol = symbol: null

2019-08-24 13:02:08 - [TEST_STEP][PASSED] - println(symbol): null

2019-08-24 13:02:08 - [TEST_STEP][PASSED] - if (i == 2 &amp;&amp; wildList.indexOf(symbol) != -1): null

2019-08-24 13:02:08 - [TEST_STEP][PASSED] - if (i == 3 &amp;&amp; wildList.indexOf(symbol) != -1): null

2019-08-24 13:02:08 - [TEST_STEP][PASSED] - if (i == 4 &amp;&amp; wildList.indexOf(symbol) != -1): null

2019-08-24 13:02:08 - [TEST_STEP][PASSED] - symbol = symbol: null

2019-08-24 13:02:08 - [TEST_STEP][PASSED] - println(symbol): null

2019-08-24 13:02:08 - [TEST_STEP][PASSED] - if (i == 2 &amp;&amp; wildList.indexOf(symbol) != -1): null

2019-08-24 13:02:08 - [TEST_STEP][PASSED] - if (i == 3 &amp;&amp; wildList.indexOf(symbol) != -1): null

2019-08-24 13:02:08 - [TEST_STEP][PASSED] - if (i == 4 &amp;&amp; wildList.indexOf(symbol) != -1): null

2019-08-24 13:02:08 - [TEST_STEP][PASSED] - symbols = symbols: null

2019-08-24 13:02:08 - [TEST_STEP][PASSED] - for ([j = 0, j &lt; symbols.size(), (j++)]): null

2019-08-24 13:02:08 - [TEST_STEP][PASSED] - symbol = symbol: null

2019-08-24 13:02:08 - [TEST_STEP][PASSED] - println(symbol): null

2019-08-24 13:02:08 - [TEST_STEP][PASSED] - if (i == 2 &amp;&amp; wildList.indexOf(symbol) != -1): null

2019-08-24 13:02:08 - [TEST_STEP][PASSED] - if (i == 3 &amp;&amp; wildList.indexOf(symbol) != -1): null

2019-08-24 13:02:08 - [TEST_STEP][PASSED] - if (i == 4 &amp;&amp; wildList.indexOf(symbol) != -1): null

2019-08-24 13:02:08 - [TEST_STEP][PASSED] - symbol = symbol: null

2019-08-24 13:02:08 - [TEST_STEP][PASSED] - println(symbol): null

2019-08-24 13:02:08 - [TEST_STEP][PASSED] - if (i == 2 &amp;&amp; wildList.indexOf(symbol) != -1): null

2019-08-24 13:02:08 - [TEST_STEP][PASSED] - if (i == 3 &amp;&amp; wildList.indexOf(symbol) != -1): null

2019-08-24 13:02:08 - [TEST_STEP][PASSED] - if (i == 4 &amp;&amp; wildList.indexOf(symbol) != -1): null

2019-08-24 13:02:08 - [TEST_STEP][PASSED] - symbol = symbol: null

2019-08-24 13:02:08 - [TEST_STEP][PASSED] - println(symbol): null

2019-08-24 13:02:08 - [TEST_STEP][PASSED] - if (i == 2 &amp;&amp; wildList.indexOf(symbol) != -1): null

2019-08-24 13:02:08 - [TEST_STEP][PASSED] - if (i == 3 &amp;&amp; wildList.indexOf(symbol) != -1): null

2019-08-24 13:02:08 - [TEST_STEP][PASSED] - if (i == 4 &amp;&amp; wildList.indexOf(symbol) != -1): null

2019-08-24 13:02:08 - [TEST_STEP][PASSED] - symbols = symbols: null

2019-08-24 13:02:08 - [TEST_STEP][PASSED] - for ([j = 0, j &lt; symbols.size(), (j++)]): null

2019-08-24 13:02:08 - [TEST_STEP][PASSED] - symbol = symbol: null

2019-08-24 13:02:08 - [TEST_STEP][PASSED] - println(symbol): null

2019-08-24 13:02:08 - [TEST_STEP][PASSED] - if (i == 2 &amp;&amp; wildList.indexOf(symbol) != -1): null

2019-08-24 13:02:08 - [TEST_STEP][PASSED] - if (i == 3 &amp;&amp; wildList.indexOf(symbol) != -1): null

2019-08-24 13:02:08 - [TEST_STEP][PASSED] - if (i == 4 &amp;&amp; wildList.indexOf(symbol) != -1): null

2019-08-24 13:02:08 - [TEST_STEP][PASSED] - symbol = symbol: null

2019-08-24 13:02:08 - [TEST_STEP][PASSED] - println(symbol): null

2019-08-24 13:02:08 - [TEST_STEP][PASSED] - if (i == 2 &amp;&amp; wildList.indexOf(symbol) != -1): null

2019-08-24 13:02:08 - [TEST_STEP][PASSED] - println("wild found on reel 3, adding counter by 1"): null

2019-08-24 13:02:08 - [TEST_STEP][PASSED] - free_spin_reel_counter[0] = free_spin_reel_counter[0] + 1: null

2019-08-24 13:02:08 - [TEST_STEP][PASSED] - if (i == 3 &amp;&amp; wildList.indexOf(symbol) != -1): null

2019-08-24 13:02:08 - [TEST_STEP][PASSED] - if (i == 4 &amp;&amp; wildList.indexOf(symbol) != -1): null

2019-08-24 13:02:08 - [TEST_STEP][PASSED] - symbol = symbol: null

2019-08-24 13:02:08 - [TEST_STEP][PASSED] - println(symbol): null

2019-08-24 13:02:08 - [TEST_STEP][PASSED] - if (i == 2 &amp;&amp; wildList.indexOf(symbol) != -1): null

2019-08-24 13:02:08 - [TEST_STEP][PASSED] - if (i == 3 &amp;&amp; wildList.indexOf(symbol) != -1): null

2019-08-24 13:02:08 - [TEST_STEP][PASSED] - if (i == 4 &amp;&amp; wildList.indexOf(symbol) != -1): null

2019-08-24 13:02:08 - [TEST_STEP][PASSED] - symbols = symbols: null

2019-08-24 13:02:08 - [TEST_STEP][PASSED] - for ([j = 0, j &lt; symbols.size(), (j++)]): null

2019-08-24 13:02:08 - [TEST_STEP][PASSED] - symbol = symbol: null

2019-08-24 13:02:08 - [TEST_STEP][PASSED] - println(symbol): null

2019-08-24 13:02:08 - [TEST_STEP][PASSED] - if (i == 2 &amp;&amp; wildList.indexOf(symbol) != -1): null

2019-08-24 13:02:08 - [TEST_STEP][PASSED] - if (i == 3 &amp;&amp; wildList.indexOf(symbol) != -1): null

2019-08-24 13:02:08 - [TEST_STEP][PASSED] - if (i == 4 &amp;&amp; wildList.indexOf(symbol) != -1): null

2019-08-24 13:02:08 - [TEST_STEP][PASSED] - symbol = symbol: null

2019-08-24 13:02:08 - [TEST_STEP][PASSED] - println(symbol): null

2019-08-24 13:02:08 - [TEST_STEP][PASSED] - if (i == 2 &amp;&amp; wildList.indexOf(symbol) != -1): null

2019-08-24 13:02:08 - [TEST_STEP][PASSED] - if (i == 3 &amp;&amp; wildList.indexOf(symbol) != -1): null

2019-08-24 13:02:08 - [TEST_STEP][PASSED] - if (i == 4 &amp;&amp; wildList.indexOf(symbol) != -1): null

2019-08-24 13:02:08 - [TEST_STEP][PASSED] - symbol = symbol: null

2019-08-24 13:02:08 - [TEST_STEP][PASSED] - println(symbol): null

2019-08-24 13:02:08 - [TEST_STEP][PASSED] - if (i == 2 &amp;&amp; wildList.indexOf(symbol) != -1): null

2019-08-24 13:02:08 - [TEST_STEP][PASSED] - if (i == 3 &amp;&amp; wildList.indexOf(symbol) != -1): null

2019-08-24 13:02:08 - [TEST_STEP][PASSED] - if (i == 4 &amp;&amp; wildList.indexOf(symbol) != -1): null

2019-08-24 13:02:08 - [TEST_STEP][PASSED] - symbols = symbols: null

2019-08-24 13:02:08 - [TEST_STEP][PASSED] - for ([j = 0, j &lt; symbols.size(), (j++)]): null

2019-08-24 13:02:08 - [TEST_STEP][PASSED] - symbol = symbol: null

2019-08-24 13:02:08 - [TEST_STEP][PASSED] - println(symbol): null

2019-08-24 13:02:08 - [TEST_STEP][PASSED] - if (i == 2 &amp;&amp; wildList.indexOf(symbol) != -1): null

2019-08-24 13:02:08 - [TEST_STEP][PASSED] - if (i == 3 &amp;&amp; wildList.indexOf(symbol) != -1): null

2019-08-24 13:02:08 - [TEST_STEP][PASSED] - if (i == 4 &amp;&amp; wildList.indexOf(symbol) != -1): null

2019-08-24 13:02:08 - [TEST_STEP][PASSED] - symbol = symbol: null

2019-08-24 13:02:08 - [TEST_STEP][PASSED] - println(symbol): null

2019-08-24 13:02:08 - [TEST_STEP][PASSED] - if (i == 2 &amp;&amp; wildList.indexOf(symbol) != -1): null

2019-08-24 13:02:08 - [TEST_STEP][PASSED] - if (i == 3 &amp;&amp; wildList.indexOf(symbol) != -1): null

2019-08-24 13:02:08 - [TEST_STEP][PASSED] - if (i == 4 &amp;&amp; wildList.indexOf(symbol) != -1): null

2019-08-24 13:02:08 - [TEST_STEP][PASSED] - symbol = symbol: null

2019-08-24 13:02:08 - [TEST_STEP][PASSED] - println(symbol): null

2019-08-24 13:02:08 - [TEST_STEP][PASSED] - if (i == 2 &amp;&amp; wildList.indexOf(symbol) != -1): null

2019-08-24 13:02:08 - [TEST_STEP][PASSED] - if (i == 3 &amp;&amp; wildList.indexOf(symbol) != -1): null

2019-08-24 13:02:08 - [TEST_STEP][PASSED] - if (i == 4 &amp;&amp; wildList.indexOf(symbol) != -1): null

2019-08-24 13:02:08 - [TEST_STEP][PASSED] - println("wild found on reel 5, adding counter by 1"): null

2019-08-24 13:02:08 - [TEST_STEP][PASSED] - free_spin_reel_counter[2] = free_spin_reel_counter[2] + 1: null

2019-08-24 13:02:08 - [TEST_STEP][PASSED] - free_spin_reel_counter = free_spin_reel_counter: null

2019-08-24 13:02:08 - [TEST_STEP][PASSED] - println("reel 3 wild found: " + free_spin_reel_counter[0]): null

2019-08-24 13:02:08 - [TEST_STEP][PASSED] - println("reel 4 wild found: " + free_spin_reel_counter[1]): null

2019-08-24 13:02:08 - [TEST_STEP][PASSED] - println("reel 5 wild found: " + free_spin_reel_counter[2]): null

2019-08-24 13:02:08 - [TEST_STEP][PASSED] - M4_spin_reels = M4_spin_reels: null

2019-08-24 13:02:08 - [TEST_STEP][PASSED] - M4_spin_reels_symbols = symbol: null

2019-08-24 13:02:08 - [TEST_STEP][PASSED] - M4_spin_reels_symbols = M4_spin_reels_symbols: null

2019-08-24 13:02:08 - [TEST_STEP][PASSED] - M4_spin_reel_wins = reel_wins: null

2019-08-24 13:02:08 - [TEST_STEP][PASSED] - M4_spin_reel_wins = M4_spin_reel_wins: null

2019-08-24 13:02:08 - [TEST_STEP][PASSED] - println("GlobalVariable.M4_spin_reel_wins is: " + M4_spin_reel_wins): null

2019-08-24 13:02:08 - [TEST_STEP][PASSED] - M4_spin_total_bonus_win_this_round = total_bonus_win_this_round: null

2019-08-24 13:02:08 - [TEST_STEP][PASSED] - M4_spin_total_bonus_win_this_round = M4_spin_total_bonus_win_this_round: null

2019-08-24 13:02:08 - [TEST_STEP][PASSED] - println("GlobalVariable.M4_spin_total_bonus_win_this_round is: " + M4_spin_total_bonus_win_this_round): null

2019-08-24 13:02:08 - [TEST_STEP][PASSED] - M4_spin_bonus_spin_result = spin_result: null

2019-08-24 13:02:08 - [TEST_STEP][PASSED] - M4_spin_bonus_spin_result = M4_spin_bonus_spin_result: null

2019-08-24 13:02:08 - [MESSAGE][PASSED] - Verify response successfully

2019-08-24 13:02:08 - [MESSAGE][PASSED] - Send request and verify the response successfully

2019-08-24 13:02:08 - [TEST_STEP][PASSED] - if (M4_total_bonus_spins_int != 0 &amp;&amp; M4_spin_reels_symbols[2].contains("WILD_Expanding")): null

2019-08-24 13:02:08 - [TEST_STEP][PASSED] - free_spin_reel_counter = free_spin_reel_counter: null

2019-08-24 13:02:08 - [TEST_STEP][PASSED] - M4_spin_reels_symbols = M4_spin_reels_symbols: null

2019-08-24 13:02:08 - [TEST_STEP][PASSED] - M4_total_bonus_spins = M4_total_bonus_spins: null

2019-08-24 13:02:08 - [TEST_STEP][PASSED] - spin_result = sendRequestAndVerify(findTestObject("INT/RGS(M4)/1_M4_spin", ["M4_login_user_id":M4_login_user_id, "rgs_session_token":rgs_session_token, "partner":Partner])): Send request and verify the response successfully

2019-08-24 13:02:09 - [MESSAGE][INFO] - HAR: /Users/eiralee/Katalon_Script/SuperWild/Reports/20190824_125957/INT/superWild_5/20190824_125957/requests/main/42.har

2019-08-24 13:02:09 - [TEST_CASE][PASSED] - Start Test Case : Verification: Verification accomplished successfully

2019-08-24 13:02:09 - [TEST_STEP][PASSED] - request = getInstance().getCurrentRequest(): null

2019-08-24 13:02:09 - [TEST_STEP][PASSED] - response = getInstance().getCurrentResponse(): null

2019-08-24 13:02:09 - [TEST_STEP][PASSED] - verifyResponseStatusCode(response, 200): Verify response status code successfully

2019-08-24 13:02:09 - [MESSAGE][PASSED] - Verify response status code successfully

2019-08-24 13:02:09 - [TEST_STEP][PASSED] - getStatusCode()).isEqualTo(200): null

2019-08-24 13:02:09 - [TEST_STEP][PASSED] - newline = System.getProperty("line.separator"): null

2019-08-24 13:02:09 - [TEST_STEP][PASSED] - M4_spin = new groovy.json.JsonSlurper(): null

2019-08-24 13:02:09 - [TEST_STEP][PASSED] - result_M4_spin = M4_spin.parseText(response.getResponseBodyContent()): null

2019-08-24 13:02:09 - [TEST_STEP][PASSED] - M4_spin_current_balance = current_balance: null

2019-08-24 13:02:09 - [TEST_STEP][PASSED] - M4_spin_current_balance = M4_spin_current_balance: null

2019-08-24 13:02:09 - [TEST_STEP][PASSED] - M4_spin_transaction_id = causality: null

2019-08-24 13:02:09 - [TEST_STEP][PASSED] - M4_spin_transaction_id = M4_spin_transaction_id: null

2019-08-24 13:02:09 - [TEST_STEP][PASSED] - M4_spin_round_id = round_id: null

2019-08-24 13:02:09 - [TEST_STEP][PASSED] - M4_spin_round_id = M4_spin_round_id: null

2019-08-24 13:02:09 - [TEST_STEP][PASSED] - M4_spin_line_wins = line_wins: null

2019-08-24 13:02:09 - [TEST_STEP][PASSED] - M4_spin_line_wins = M4_spin_line_wins: null

2019-08-24 13:02:09 - [TEST_STEP][PASSED] - M4_total_bonus_spins_int = total_bonus_spins: null

2019-08-24 13:02:09 - [TEST_STEP][PASSED] - println("******M4_total_bonus_spins type is:*******" + newline + getClass().getName()): null

2019-08-24 13:02:09 - [TEST_STEP][PASSED] - M4_total_bonus_spins_int = M4_total_bonus_spins_int: null

2019-08-24 13:02:09 - [TEST_STEP][PASSED] - M4_total_bonus_spins = Integer.toString(M4_total_bonus_spins_int): null

2019-08-24 13:02:09 - [TEST_STEP][PASSED] - M4_total_bonus_spins = M4_total_bonus_spins: null

2019-08-24 13:02:09 - [TEST_STEP][PASSED] - println("M4_total_bonus_spins is:" + M4_total_bonus_spins): null

2019-08-24 13:02:09 - [TEST_STEP][PASSED] - M4_spin_bonus_data = bonus_data: null

2019-08-24 13:02:09 - [TEST_STEP][PASSED] - M4_spin_features_triggered = result_M4_spin: null

2019-08-24 13:02:09 - [TEST_STEP][PASSED] - wild = []: null

2019-08-24 13:02:09 - [TEST_STEP][PASSED] - wild[0] = "WILD_Expanding": null

2019-08-24 13:02:09 - [TEST_STEP][PASSED] - wild[1] = "WILD_Normal": null

2019-08-24 13:02:09 - [TEST_STEP][PASSED] - wild[2] = "WILD_Double": null

2019-08-24 13:02:09 - [TEST_STEP][PASSED] - wild[3] = "WILD_ExtraFG": null

2019-08-24 13:02:09 - [TEST_STEP][PASSED] - wild[4] = "WILD_Triple": null

2019-08-24 13:02:09 - [TEST_STEP][PASSED] - wildList = Arrays.asList(wild): null

2019-08-24 13:02:09 - [TEST_STEP][PASSED] - wildList = wildList: null

2019-08-24 13:02:09 - [TEST_STEP][PASSED] - free_spin_reel_counter = []: null

2019-08-24 13:02:09 - [TEST_STEP][PASSED] - free_spin_reel_counter[0] = 0: null

2019-08-24 13:02:09 - [TEST_STEP][PASSED] - free_spin_reel_counter[1] = 0: null

2019-08-24 13:02:09 - [TEST_STEP][PASSED] - free_spin_reel_counter[2] = 0: null

2019-08-24 13:02:09 - [TEST_STEP][PASSED] - M4_spin_reels = reels: null

2019-08-24 13:02:09 - [TEST_STEP][PASSED] - for ([i = 0, i &lt; M4_spin_reels.size(), (i++)]): null

2019-08-24 13:02:09 - [TEST_STEP][PASSED] - symbols = symbols: null

2019-08-24 13:02:09 - [TEST_STEP][PASSED] - for ([j = 0, j &lt; symbols.size(), (j++)]): null

2019-08-24 13:02:09 - [TEST_STEP][PASSED] - symbol = symbol: null

2019-08-24 13:02:09 - [TEST_STEP][PASSED] - println(symbol): null

2019-08-24 13:02:09 - [TEST_STEP][PASSED] - if (i == 2 &amp;&amp; wildList.indexOf(symbol) != -1): null

2019-08-24 13:02:09 - [TEST_STEP][PASSED] - if (i == 3 &amp;&amp; wildList.indexOf(symbol) != -1): null

2019-08-24 13:02:09 - [TEST_STEP][PASSED] - if (i == 4 &amp;&amp; wildList.indexOf(symbol) != -1): null

2019-08-24 13:02:09 - [TEST_STEP][PASSED] - symbol = symbol: null

2019-08-24 13:02:09 - [TEST_STEP][PASSED] - println(symbol): null

2019-08-24 13:02:09 - [TEST_STEP][PASSED] - if (i == 2 &amp;&amp; wildList.indexOf(symbol) != -1): null

2019-08-24 13:02:09 - [TEST_STEP][PASSED] - if (i == 3 &amp;&amp; wildList.indexOf(symbol) != -1): null

2019-08-24 13:02:09 - [TEST_STEP][PASSED] - if (i == 4 &amp;&amp; wildList.indexOf(symbol) != -1): null

2019-08-24 13:02:09 - [TEST_STEP][PASSED] - symbol = symbol: null

2019-08-24 13:02:09 - [TEST_STEP][PASSED] - println(symbol): null

2019-08-24 13:02:12 - [TEST_STEP][PASSED] - if (i == 2 &amp;&amp; wildList.indexOf(symbol) != -1): null

2019-08-24 13:02:12 - [TEST_STEP][PASSED] - if (i == 3 &amp;&amp; wildList.indexOf(symbol) != -1): null

2019-08-24 13:02:12 - [TEST_STEP][PASSED] - if (i == 4 &amp;&amp; wildList.indexOf(symbol) != -1): null

2019-08-24 13:02:12 - [TEST_STEP][PASSED] - symbols = symbols: null

2019-08-24 13:02:12 - [TEST_STEP][PASSED] - for ([j = 0, j &lt; symbols.size(), (j++)]): null

2019-08-24 13:02:12 - [TEST_STEP][PASSED] - symbol = symbol: null

2019-08-24 13:02:12 - [TEST_STEP][PASSED] - println(symbol): null

2019-08-24 13:02:12 - [TEST_STEP][PASSED] - if (i == 2 &amp;&amp; wildList.indexOf(symbol) != -1): null

2019-08-24 13:02:12 - [TEST_STEP][PASSED] - if (i == 3 &amp;&amp; wildList.indexOf(symbol) != -1): null

2019-08-24 13:02:12 - [TEST_STEP][PASSED] - if (i == 4 &amp;&amp; wildList.indexOf(symbol) != -1): null

2019-08-24 13:02:12 - [TEST_STEP][PASSED] - symbol = symbol: null

2019-08-24 13:02:12 - [TEST_STEP][PASSED] - println(symbol): null

2019-08-24 13:02:12 - [TEST_STEP][PASSED] - if (i == 2 &amp;&amp; wildList.indexOf(symbol) != -1): null

2019-08-24 13:02:12 - [TEST_STEP][PASSED] - if (i == 3 &amp;&amp; wildList.indexOf(symbol) != -1): null

2019-08-24 13:02:12 - [TEST_STEP][PASSED] - if (i == 4 &amp;&amp; wildList.indexOf(symbol) != -1): null

2019-08-24 13:02:12 - [TEST_STEP][PASSED] - symbol = symbol: null

2019-08-24 13:02:12 - [TEST_STEP][PASSED] - println(symbol): null

2019-08-24 13:02:12 - [TEST_STEP][PASSED] - if (i == 2 &amp;&amp; wildList.indexOf(symbol) != -1): null

2019-08-24 13:02:12 - [TEST_STEP][PASSED] - if (i == 3 &amp;&amp; wildList.indexOf(symbol) != -1): null

2019-08-24 13:02:12 - [TEST_STEP][PASSED] - if (i == 4 &amp;&amp; wildList.indexOf(symbol) != -1): null

2019-08-24 13:02:12 - [TEST_STEP][PASSED] - symbols = symbols: null

2019-08-24 13:02:12 - [TEST_STEP][PASSED] - for ([j = 0, j &lt; symbols.size(), (j++)]): null

2019-08-24 13:02:12 - [TEST_STEP][PASSED] - symbol = symbol: null

2019-08-24 13:02:12 - [TEST_STEP][PASSED] - println(symbol): null

2019-08-24 13:02:12 - [TEST_STEP][PASSED] - if (i == 2 &amp;&amp; wildList.indexOf(symbol) != -1): null

2019-08-24 13:02:12 - [TEST_STEP][PASSED] - if (i == 3 &amp;&amp; wildList.indexOf(symbol) != -1): null

2019-08-24 13:02:12 - [TEST_STEP][PASSED] - if (i == 4 &amp;&amp; wildList.indexOf(symbol) != -1): null

2019-08-24 13:02:12 - [TEST_STEP][PASSED] - symbol = symbol: null

2019-08-24 13:02:12 - [TEST_STEP][PASSED] - println(symbol): null

2019-08-24 13:02:12 - [TEST_STEP][PASSED] - if (i == 2 &amp;&amp; wildList.indexOf(symbol) != -1): null

2019-08-24 13:02:12 - [TEST_STEP][PASSED] - println("wild found on reel 3, adding counter by 1"): null

2019-08-24 13:02:12 - [TEST_STEP][PASSED] - free_spin_reel_counter[0] = free_spin_reel_counter[0] + 1: null

2019-08-24 13:02:12 - [TEST_STEP][PASSED] - if (i == 3 &amp;&amp; wildList.indexOf(symbol) != -1): null

2019-08-24 13:02:12 - [TEST_STEP][PASSED] - if (i == 4 &amp;&amp; wildList.indexOf(symbol) != -1): null

2019-08-24 13:02:12 - [TEST_STEP][PASSED] - symbol = symbol: null

2019-08-24 13:02:12 - [TEST_STEP][PASSED] - println(symbol): null

2019-08-24 13:02:12 - [TEST_STEP][PASSED] - if (i == 2 &amp;&amp; wildList.indexOf(symbol) != -1): null

2019-08-24 13:02:12 - [TEST_STEP][PASSED] - if (i == 3 &amp;&amp; wildList.indexOf(symbol) != -1): null

2019-08-24 13:02:12 - [TEST_STEP][PASSED] - if (i == 4 &amp;&amp; wildList.indexOf(symbol) != -1): null

2019-08-24 13:02:12 - [TEST_STEP][PASSED] - symbols = symbols: null

2019-08-24 13:02:12 - [TEST_STEP][PASSED] - for ([j = 0, j &lt; symbols.size(), (j++)]): null

2019-08-24 13:02:12 - [TEST_STEP][PASSED] - symbol = symbol: null

2019-08-24 13:02:12 - [TEST_STEP][PASSED] - println(symbol): null

2019-08-24 13:02:12 - [TEST_STEP][PASSED] - if (i == 2 &amp;&amp; wildList.indexOf(symbol) != -1): null

2019-08-24 13:02:12 - [TEST_STEP][PASSED] - if (i == 3 &amp;&amp; wildList.indexOf(symbol) != -1): null

2019-08-24 13:02:12 - [TEST_STEP][PASSED] - if (i == 4 &amp;&amp; wildList.indexOf(symbol) != -1): null

2019-08-24 13:02:12 - [TEST_STEP][PASSED] - symbol = symbol: null

2019-08-24 13:02:12 - [TEST_STEP][PASSED] - println(symbol): null

2019-08-24 13:02:12 - [TEST_STEP][PASSED] - if (i == 2 &amp;&amp; wildList.indexOf(symbol) != -1): null

2019-08-24 13:02:12 - [TEST_STEP][PASSED] - if (i == 3 &amp;&amp; wildList.indexOf(symbol) != -1): null

2019-08-24 13:02:12 - [TEST_STEP][PASSED] - if (i == 4 &amp;&amp; wildList.indexOf(symbol) != -1): null

2019-08-24 13:02:12 - [TEST_STEP][PASSED] - symbol = symbol: null

2019-08-24 13:02:12 - [TEST_STEP][PASSED] - println(symbol): null

2019-08-24 13:02:12 - [TEST_STEP][PASSED] - if (i == 2 &amp;&amp; wildList.indexOf(symbol) != -1): null

2019-08-24 13:02:12 - [TEST_STEP][PASSED] - if (i == 3 &amp;&amp; wildList.indexOf(symbol) != -1): null

2019-08-24 13:02:12 - [TEST_STEP][PASSED] - println("wild found on reel 4, adding counter by 1"): null

2019-08-24 13:02:12 - [TEST_STEP][PASSED] - free_spin_reel_counter[1] = free_spin_reel_counter[1] + 1: null

2019-08-24 13:02:12 - [TEST_STEP][PASSED] - if (i == 4 &amp;&amp; wildList.indexOf(symbol) != -1): null

2019-08-24 13:02:12 - [TEST_STEP][PASSED] - symbols = symbols: null

2019-08-24 13:02:12 - [TEST_STEP][PASSED] - for ([j = 0, j &lt; symbols.size(), (j++)]): null

2019-08-24 13:02:12 - [TEST_STEP][PASSED] - symbol = symbol: null

2019-08-24 13:02:12 - [TEST_STEP][PASSED] - println(symbol): null

2019-08-24 13:02:12 - [TEST_STEP][PASSED] - if (i == 2 &amp;&amp; wildList.indexOf(symbol) != -1): null

2019-08-24 13:02:12 - [TEST_STEP][PASSED] - if (i == 3 &amp;&amp; wildList.indexOf(symbol) != -1): null

2019-08-24 13:02:12 - [TEST_STEP][PASSED] - if (i == 4 &amp;&amp; wildList.indexOf(symbol) != -1): null

2019-08-24 13:02:12 - [TEST_STEP][PASSED] - symbol = symbol: null

2019-08-24 13:02:12 - [TEST_STEP][PASSED] - println(symbol): null

2019-08-24 13:02:12 - [TEST_STEP][PASSED] - if (i == 2 &amp;&amp; wildList.indexOf(symbol) != -1): null

2019-08-24 13:02:12 - [TEST_STEP][PASSED] - if (i == 3 &amp;&amp; wildList.indexOf(symbol) != -1): null

2019-08-24 13:02:12 - [TEST_STEP][PASSED] - if (i == 4 &amp;&amp; wildList.indexOf(symbol) != -1): null

2019-08-24 13:02:12 - [TEST_STEP][PASSED] - symbol = symbol: null

2019-08-24 13:02:12 - [TEST_STEP][PASSED] - println(symbol): null

2019-08-24 13:02:12 - [TEST_STEP][PASSED] - if (i == 2 &amp;&amp; wildList.indexOf(symbol) != -1): null

2019-08-24 13:02:12 - [TEST_STEP][PASSED] - if (i == 3 &amp;&amp; wildList.indexOf(symbol) != -1): null

2019-08-24 13:02:12 - [TEST_STEP][PASSED] - if (i == 4 &amp;&amp; wildList.indexOf(symbol) != -1): null

2019-08-24 13:02:12 - [TEST_STEP][PASSED] - free_spin_reel_counter = free_spin_reel_counter: null

2019-08-24 13:02:12 - [TEST_STEP][PASSED] - println("reel 3 wild found: " + free_spin_reel_counter[0]): null

2019-08-24 13:02:12 - [TEST_STEP][PASSED] - println("reel 4 wild found: " + free_spin_reel_counter[1]): null

2019-08-24 13:02:12 - [TEST_STEP][PASSED] - println("reel 5 wild found: " + free_spin_reel_counter[2]): null

2019-08-24 13:02:12 - [TEST_STEP][PASSED] - M4_spin_reels = M4_spin_reels: null

2019-08-24 13:02:12 - [TEST_STEP][PASSED] - M4_spin_reels_symbols = symbol: null

2019-08-24 13:02:12 - [TEST_STEP][PASSED] - M4_spin_reels_symbols = M4_spin_reels_symbols: null

2019-08-24 13:02:12 - [TEST_STEP][PASSED] - M4_spin_reel_wins = reel_wins: null

2019-08-24 13:02:12 - [TEST_STEP][PASSED] - M4_spin_reel_wins = M4_spin_reel_wins: null

2019-08-24 13:02:12 - [TEST_STEP][PASSED] - println("GlobalVariable.M4_spin_reel_wins is: " + M4_spin_reel_wins): null

2019-08-24 13:02:12 - [TEST_STEP][PASSED] - M4_spin_total_bonus_win_this_round = total_bonus_win_this_round: null

2019-08-24 13:02:12 - [TEST_STEP][PASSED] - M4_spin_total_bonus_win_this_round = M4_spin_total_bonus_win_this_round: null

2019-08-24 13:02:12 - [TEST_STEP][PASSED] - println("GlobalVariable.M4_spin_total_bonus_win_this_round is: " + M4_spin_total_bonus_win_this_round): null

2019-08-24 13:02:12 - [TEST_STEP][PASSED] - M4_spin_bonus_spin_result = spin_result: null

2019-08-24 13:02:12 - [TEST_STEP][PASSED] - M4_spin_bonus_spin_result = M4_spin_bonus_spin_result: null

2019-08-24 13:02:12 - [MESSAGE][PASSED] - Verify response successfully

2019-08-24 13:02:12 - [MESSAGE][PASSED] - Send request and verify the response successfully

2019-08-24 13:02:12 - [TEST_STEP][PASSED] - if (M4_total_bonus_spins_int != 0 &amp;&amp; M4_spin_reels_symbols[2].contains("WILD_Expanding")): null

2019-08-24 13:02:12 - [TEST_STEP][PASSED] - free_spin_reel_counter = free_spin_reel_counter: null

2019-08-24 13:02:12 - [TEST_STEP][PASSED] - M4_spin_reels_symbols = M4_spin_reels_symbols: null

2019-08-24 13:02:12 - [TEST_STEP][PASSED] - M4_total_bonus_spins = M4_total_bonus_spins: null

2019-08-24 13:02:12 - [TEST_STEP][PASSED] - spin_result = sendRequestAndVerify(findTestObject("INT/RGS(M4)/1_M4_spin", ["M4_login_user_id":M4_login_user_id, "rgs_session_token":rgs_session_token, "partner":Partner])): Send request and verify the response successfully

2019-08-24 13:02:13 - [MESSAGE][INFO] - HAR: /Users/eiralee/Katalon_Script/SuperWild/Reports/20190824_125957/INT/superWild_5/20190824_125957/requests/main/43.har

2019-08-24 13:02:13 - [TEST_CASE][PASSED] - Start Test Case : Verification: Verification accomplished successfully

2019-08-24 13:02:13 - [TEST_STEP][PASSED] - request = getInstance().getCurrentRequest(): null

2019-08-24 13:02:13 - [TEST_STEP][PASSED] - response = getInstance().getCurrentResponse(): null

2019-08-24 13:02:13 - [TEST_STEP][PASSED] - verifyResponseStatusCode(response, 200): Verify response status code successfully

2019-08-24 13:02:13 - [MESSAGE][PASSED] - Verify response status code successfully

2019-08-24 13:02:13 - [TEST_STEP][PASSED] - getStatusCode()).isEqualTo(200): null

2019-08-24 13:02:13 - [TEST_STEP][PASSED] - newline = System.getProperty("line.separator"): null

2019-08-24 13:02:13 - [TEST_STEP][PASSED] - M4_spin = new groovy.json.JsonSlurper(): null

2019-08-24 13:02:13 - [TEST_STEP][PASSED] - result_M4_spin = M4_spin.parseText(response.getResponseBodyContent()): null

2019-08-24 13:02:13 - [TEST_STEP][PASSED] - M4_spin_current_balance = current_balance: null

2019-08-24 13:02:13 - [TEST_STEP][PASSED] - M4_spin_current_balance = M4_spin_current_balance: null

2019-08-24 13:02:13 - [TEST_STEP][PASSED] - M4_spin_transaction_id = causality: null

2019-08-24 13:02:13 - [TEST_STEP][PASSED] - M4_spin_transaction_id = M4_spin_transaction_id: null

2019-08-24 13:02:13 - [TEST_STEP][PASSED] - M4_spin_round_id = round_id: null

2019-08-24 13:02:13 - [TEST_STEP][PASSED] - M4_spin_round_id = M4_spin_round_id: null

2019-08-24 13:02:13 - [TEST_STEP][PASSED] - M4_spin_line_wins = line_wins: null

2019-08-24 13:02:13 - [TEST_STEP][PASSED] - M4_spin_line_wins = M4_spin_line_wins: null

2019-08-24 13:02:13 - [TEST_STEP][PASSED] - M4_total_bonus_spins_int = total_bonus_spins: null

2019-08-24 13:02:13 - [TEST_STEP][PASSED] - println("******M4_total_bonus_spins type is:*******" + newline + getClass().getName()): null

2019-08-24 13:02:13 - [TEST_STEP][PASSED] - M4_total_bonus_spins_int = M4_total_bonus_spins_int: null

2019-08-24 13:02:13 - [TEST_STEP][PASSED] - M4_total_bonus_spins = Integer.toString(M4_total_bonus_spins_int): null

2019-08-24 13:02:13 - [TEST_STEP][PASSED] - M4_total_bonus_spins = M4_total_bonus_spins: null

2019-08-24 13:02:13 - [TEST_STEP][PASSED] - println("M4_total_bonus_spins is:" + M4_total_bonus_spins): null

2019-08-24 13:02:13 - [TEST_STEP][PASSED] - M4_spin_bonus_data = bonus_data: null

2019-08-24 13:02:13 - [TEST_STEP][PASSED] - M4_spin_features_triggered = result_M4_spin: null

2019-08-24 13:02:13 - [TEST_STEP][PASSED] - wild = []: null

2019-08-24 13:02:13 - [TEST_STEP][PASSED] - wild[0] = "WILD_Expanding": null

2019-08-24 13:02:13 - [TEST_STEP][PASSED] - wild[1] = "WILD_Normal": null

2019-08-24 13:02:13 - [TEST_STEP][PASSED] - wild[2] = "WILD_Double": null

2019-08-24 13:02:13 - [TEST_STEP][PASSED] - wild[3] = "WILD_ExtraFG": null

2019-08-24 13:02:13 - [TEST_STEP][PASSED] - wild[4] = "WILD_Triple": null

2019-08-24 13:02:13 - [TEST_STEP][PASSED] - wildList = Arrays.asList(wild): null

2019-08-24 13:02:13 - [TEST_STEP][PASSED] - wildList = wildList: null

2019-08-24 13:02:13 - [TEST_STEP][PASSED] - free_spin_reel_counter = []: null

2019-08-24 13:02:13 - [TEST_STEP][PASSED] - free_spin_reel_counter[0] = 0: null

2019-08-24 13:02:13 - [TEST_STEP][PASSED] - free_spin_reel_counter[1] = 0: null

2019-08-24 13:02:13 - [TEST_STEP][PASSED] - free_spin_reel_counter[2] = 0: null

2019-08-24 13:02:13 - [TEST_STEP][PASSED] - M4_spin_reels = reels: null

2019-08-24 13:02:13 - [TEST_STEP][PASSED] - for ([i = 0, i &lt; M4_spin_reels.size(), (i++)]): null

2019-08-24 13:02:13 - [TEST_STEP][PASSED] - symbols = symbols: null

2019-08-24 13:02:13 - [TEST_STEP][PASSED] - for ([j = 0, j &lt; symbols.size(), (j++)]): null

2019-08-24 13:02:13 - [TEST_STEP][PASSED] - symbol = symbol: null

2019-08-24 13:02:13 - [TEST_STEP][PASSED] - println(symbol): null

2019-08-24 13:02:13 - [TEST_STEP][PASSED] - if (i == 2 &amp;&amp; wildList.indexOf(symbol) != -1): null

2019-08-24 13:02:13 - [TEST_STEP][PASSED] - if (i == 3 &amp;&amp; wildList.indexOf(symbol) != -1): null

2019-08-24 13:02:13 - [TEST_STEP][PASSED] - if (i == 4 &amp;&amp; wildList.indexOf(symbol) != -1): null

2019-08-24 13:02:13 - [TEST_STEP][PASSED] - symbol = symbol: null

2019-08-24 13:02:13 - [TEST_STEP][PASSED] - println(symbol): null

2019-08-24 13:02:13 - [TEST_STEP][PASSED] - if (i == 2 &amp;&amp; wildList.indexOf(symbol) != -1): null

2019-08-24 13:02:13 - [TEST_STEP][PASSED] - if (i == 3 &amp;&amp; wildList.indexOf(symbol) != -1): null

2019-08-24 13:02:13 - [TEST_STEP][PASSED] - if (i == 4 &amp;&amp; wildList.indexOf(symbol) != -1): null

2019-08-24 13:02:13 - [TEST_STEP][PASSED] - symbol = symbol: null

2019-08-24 13:02:13 - [TEST_STEP][PASSED] - println(symbol): null

2019-08-24 13:02:13 - [TEST_STEP][PASSED] - if (i == 2 &amp;&amp; wildList.indexOf(symbol) != -1): null

2019-08-24 13:02:13 - [TEST_STEP][PASSED] - if (i == 3 &amp;&amp; wildList.indexOf(symbol) != -1): null

2019-08-24 13:02:13 - [TEST_STEP][PASSED] - if (i == 4 &amp;&amp; wildList.indexOf(symbol) != -1): null

2019-08-24 13:02:13 - [TEST_STEP][PASSED] - symbols = symbols: null

2019-08-24 13:02:13 - [TEST_STEP][PASSED] - for ([j = 0, j &lt; symbols.size(), (j++)]): null

2019-08-24 13:02:13 - [TEST_STEP][PASSED] - symbol = symbol: null

2019-08-24 13:02:13 - [TEST_STEP][PASSED] - println(symbol): null

2019-08-24 13:02:13 - [TEST_STEP][PASSED] - if (i == 2 &amp;&amp; wildList.indexOf(symbol) != -1): null

2019-08-24 13:02:13 - [TEST_STEP][PASSED] - if (i == 3 &amp;&amp; wildList.indexOf(symbol) != -1): null

2019-08-24 13:02:13 - [TEST_STEP][PASSED] - if (i == 4 &amp;&amp; wildList.indexOf(symbol) != -1): null

2019-08-24 13:02:13 - [TEST_STEP][PASSED] - symbol = symbol: null

2019-08-24 13:02:13 - [TEST_STEP][PASSED] - println(symbol): null

2019-08-24 13:02:13 - [TEST_STEP][PASSED] - if (i == 2 &amp;&amp; wildList.indexOf(symbol) != -1): null

2019-08-24 13:02:13 - [TEST_STEP][PASSED] - if (i == 3 &amp;&amp; wildList.indexOf(symbol) != -1): null

2019-08-24 13:02:13 - [TEST_STEP][PASSED] - if (i == 4 &amp;&amp; wildList.indexOf(symbol) != -1): null

2019-08-24 13:02:13 - [TEST_STEP][PASSED] - symbol = symbol: null

2019-08-24 13:02:13 - [TEST_STEP][PASSED] - println(symbol): null

2019-08-24 13:02:13 - [TEST_STEP][PASSED] - if (i == 2 &amp;&amp; wildList.indexOf(symbol) != -1): null

2019-08-24 13:02:13 - [TEST_STEP][PASSED] - if (i == 3 &amp;&amp; wildList.indexOf(symbol) != -1): null

2019-08-24 13:02:13 - [TEST_STEP][PASSED] - if (i == 4 &amp;&amp; wildList.indexOf(symbol) != -1): null

2019-08-24 13:02:13 - [TEST_STEP][PASSED] - symbols = symbols: null

2019-08-24 13:02:13 - [TEST_STEP][PASSED] - for ([j = 0, j &lt; symbols.size(), (j++)]): null

2019-08-24 13:02:13 - [TEST_STEP][PASSED] - symbol = symbol: null

2019-08-24 13:02:13 - [TEST_STEP][PASSED] - println(symbol): null

2019-08-24 13:02:13 - [TEST_STEP][PASSED] - if (i == 2 &amp;&amp; wildList.indexOf(symbol) != -1): null

2019-08-24 13:02:13 - [TEST_STEP][PASSED] - if (i == 3 &amp;&amp; wildList.indexOf(symbol) != -1): null

2019-08-24 13:02:13 - [TEST_STEP][PASSED] - if (i == 4 &amp;&amp; wildList.indexOf(symbol) != -1): null

2019-08-24 13:02:13 - [TEST_STEP][PASSED] - symbol = symbol: null

2019-08-24 13:02:13 - [TEST_STEP][PASSED] - println(symbol): null

2019-08-24 13:02:13 - [TEST_STEP][PASSED] - if (i == 2 &amp;&amp; wildList.indexOf(symbol) != -1): null

2019-08-24 13:02:13 - [TEST_STEP][PASSED] - if (i == 3 &amp;&amp; wildList.indexOf(symbol) != -1): null

2019-08-24 13:02:13 - [TEST_STEP][PASSED] - if (i == 4 &amp;&amp; wildList.indexOf(symbol) != -1): null

2019-08-24 13:02:13 - [TEST_STEP][PASSED] - symbol = symbol: null

2019-08-24 13:02:13 - [TEST_STEP][PASSED] - println(symbol): null

2019-08-24 13:02:13 - [TEST_STEP][PASSED] - if (i == 2 &amp;&amp; wildList.indexOf(symbol) != -1): null

2019-08-24 13:02:13 - [TEST_STEP][PASSED] - if (i == 3 &amp;&amp; wildList.indexOf(symbol) != -1): null

2019-08-24 13:02:13 - [TEST_STEP][PASSED] - if (i == 4 &amp;&amp; wildList.indexOf(symbol) != -1): null

2019-08-24 13:02:13 - [TEST_STEP][PASSED] - symbols = symbols: null

2019-08-24 13:02:13 - [TEST_STEP][PASSED] - for ([j = 0, j &lt; symbols.size(), (j++)]): null

2019-08-24 13:02:13 - [TEST_STEP][PASSED] - symbol = symbol: null

2019-08-24 13:02:13 - [TEST_STEP][PASSED] - println(symbol): null

2019-08-24 13:02:13 - [TEST_STEP][PASSED] - if (i == 2 &amp;&amp; wildList.indexOf(symbol) != -1): null

2019-08-24 13:02:13 - [TEST_STEP][PASSED] - if (i == 3 &amp;&amp; wildList.indexOf(symbol) != -1): null

2019-08-24 13:02:13 - [TEST_STEP][PASSED] - if (i == 4 &amp;&amp; wildList.indexOf(symbol) != -1): null

2019-08-24 13:02:13 - [TEST_STEP][PASSED] - symbol = symbol: null

2019-08-24 13:02:13 - [TEST_STEP][PASSED] - println(symbol): null

2019-08-24 13:02:13 - [TEST_STEP][PASSED] - if (i == 2 &amp;&amp; wildList.indexOf(symbol) != -1): null

2019-08-24 13:02:13 - [TEST_STEP][PASSED] - if (i == 3 &amp;&amp; wildList.indexOf(symbol) != -1): null

2019-08-24 13:02:13 - [TEST_STEP][PASSED] - if (i == 4 &amp;&amp; wildList.indexOf(symbol) != -1): null

2019-08-24 13:02:13 - [TEST_STEP][PASSED] - symbol = symbol: null

2019-08-24 13:02:13 - [TEST_STEP][PASSED] - println(symbol): null

2019-08-24 13:02:13 - [TEST_STEP][PASSED] - if (i == 2 &amp;&amp; wildList.indexOf(symbol) != -1): null

2019-08-24 13:02:13 - [TEST_STEP][PASSED] - if (i == 3 &amp;&amp; wildList.indexOf(symbol) != -1): null

2019-08-24 13:02:13 - [TEST_STEP][PASSED] - if (i == 4 &amp;&amp; wildList.indexOf(symbol) != -1): null

2019-08-24 13:02:13 - [TEST_STEP][PASSED] - symbols = symbols: null

2019-08-24 13:02:13 - [TEST_STEP][PASSED] - for ([j = 0, j &lt; symbols.size(), (j++)]): null

2019-08-24 13:02:13 - [TEST_STEP][PASSED] - symbol = symbol: null

2019-08-24 13:02:13 - [TEST_STEP][PASSED] - println(symbol): null

2019-08-24 13:02:13 - [TEST_STEP][PASSED] - if (i == 2 &amp;&amp; wildList.indexOf(symbol) != -1): null

2019-08-24 13:02:13 - [TEST_STEP][PASSED] - if (i == 3 &amp;&amp; wildList.indexOf(symbol) != -1): null

2019-08-24 13:02:13 - [TEST_STEP][PASSED] - if (i == 4 &amp;&amp; wildList.indexOf(symbol) != -1): null

2019-08-24 13:02:13 - [TEST_STEP][PASSED] - symbol = symbol: null

2019-08-24 13:02:13 - [TEST_STEP][PASSED] - println(symbol): null

2019-08-24 13:02:13 - [TEST_STEP][PASSED] - if (i == 2 &amp;&amp; wildList.indexOf(symbol) != -1): null

2019-08-24 13:02:13 - [TEST_STEP][PASSED] - if (i == 3 &amp;&amp; wildList.indexOf(symbol) != -1): null

2019-08-24 13:02:13 - [TEST_STEP][PASSED] - if (i == 4 &amp;&amp; wildList.indexOf(symbol) != -1): null

2019-08-24 13:02:13 - [TEST_STEP][PASSED] - println("wild found on reel 5, adding counter by 1"): null

2019-08-24 13:02:13 - [TEST_STEP][PASSED] - free_spin_reel_counter[2] = free_spin_reel_counter[2] + 1: null

2019-08-24 13:02:13 - [TEST_STEP][PASSED] - symbol = symbol: null

2019-08-24 13:02:13 - [TEST_STEP][PASSED] - println(symbol): null

2019-08-24 13:02:13 - [TEST_STEP][PASSED] - if (i == 2 &amp;&amp; wildList.indexOf(symbol) != -1): null

2019-08-24 13:02:13 - [TEST_STEP][PASSED] - if (i == 3 &amp;&amp; wildList.indexOf(symbol) != -1): null

2019-08-24 13:02:13 - [TEST_STEP][PASSED] - if (i == 4 &amp;&amp; wildList.indexOf(symbol) != -1): null

2019-08-24 13:02:13 - [TEST_STEP][PASSED] - free_spin_reel_counter = free_spin_reel_counter: null

2019-08-24 13:02:13 - [TEST_STEP][PASSED] - println("reel 3 wild found: " + free_spin_reel_counter[0]): null

2019-08-24 13:02:13 - [TEST_STEP][PASSED] - println("reel 4 wild found: " + free_spin_reel_counter[1]): null

2019-08-24 13:02:13 - [TEST_STEP][PASSED] - println("reel 5 wild found: " + free_spin_reel_counter[2]): null

2019-08-24 13:02:13 - [TEST_STEP][PASSED] - M4_spin_reels = M4_spin_reels: null

2019-08-24 13:02:13 - [TEST_STEP][PASSED] - M4_spin_reels_symbols = symbol: null

2019-08-24 13:02:13 - [TEST_STEP][PASSED] - M4_spin_reels_symbols = M4_spin_reels_symbols: null

2019-08-24 13:02:13 - [TEST_STEP][PASSED] - M4_spin_reel_wins = reel_wins: null

2019-08-24 13:02:13 - [TEST_STEP][PASSED] - M4_spin_reel_wins = M4_spin_reel_wins: null

2019-08-24 13:02:13 - [TEST_STEP][PASSED] - println("GlobalVariable.M4_spin_reel_wins is: " + M4_spin_reel_wins): null

2019-08-24 13:02:13 - [TEST_STEP][PASSED] - M4_spin_total_bonus_win_this_round = total_bonus_win_this_round: null

2019-08-24 13:02:13 - [TEST_STEP][PASSED] - M4_spin_total_bonus_win_this_round = M4_spin_total_bonus_win_this_round: null

2019-08-24 13:02:13 - [TEST_STEP][PASSED] - println("GlobalVariable.M4_spin_total_bonus_win_this_round is: " + M4_spin_total_bonus_win_this_round): null

2019-08-24 13:02:13 - [TEST_STEP][PASSED] - M4_spin_bonus_spin_result = spin_result: null

2019-08-24 13:02:13 - [TEST_STEP][PASSED] - M4_spin_bonus_spin_result = M4_spin_bonus_spin_result: null

2019-08-24 13:02:13 - [MESSAGE][PASSED] - Verify response successfully

2019-08-24 13:02:13 - [MESSAGE][PASSED] - Send request and verify the response successfully

2019-08-24 13:02:13 - [TEST_STEP][PASSED] - if (M4_total_bonus_spins_int != 0 &amp;&amp; M4_spin_reels_symbols[2].contains("WILD_Expanding")): null

2019-08-24 13:02:13 - [TEST_STEP][PASSED] - free_spin_reel_counter = free_spin_reel_counter: null

2019-08-24 13:02:13 - [TEST_STEP][PASSED] - M4_spin_reels_symbols = M4_spin_reels_symbols: null

2019-08-24 13:02:13 - [TEST_STEP][PASSED] - M4_total_bonus_spins = M4_total_bonus_spins: null

2019-08-24 13:02:13 - [TEST_STEP][PASSED] - spin_result = sendRequestAndVerify(findTestObject("INT/RGS(M4)/1_M4_spin", ["M4_login_user_id":M4_login_user_id, "rgs_session_token":rgs_session_token, "partner":Partner])): Send request and verify the response successfully

2019-08-24 13:02:13 - [MESSAGE][INFO] - HAR: /Users/eiralee/Katalon_Script/SuperWild/Reports/20190824_125957/INT/superWild_5/20190824_125957/requests/main/44.har

2019-08-24 13:02:13 - [TEST_CASE][PASSED] - Start Test Case : Verification: Verification accomplished successfully

2019-08-24 13:02:13 - [TEST_STEP][PASSED] - request = getInstance().getCurrentRequest(): null

2019-08-24 13:02:13 - [TEST_STEP][PASSED] - response = getInstance().getCurrentResponse(): null

2019-08-24 13:02:13 - [TEST_STEP][PASSED] - verifyResponseStatusCode(response, 200): Verify response status code successfully

2019-08-24 13:02:13 - [MESSAGE][PASSED] - Verify response status code successfully

2019-08-24 13:02:13 - [TEST_STEP][PASSED] - getStatusCode()).isEqualTo(200): null

2019-08-24 13:02:13 - [TEST_STEP][PASSED] - newline = System.getProperty("line.separator"): null

2019-08-24 13:02:13 - [TEST_STEP][PASSED] - M4_spin = new groovy.json.JsonSlurper(): null

2019-08-24 13:02:13 - [TEST_STEP][PASSED] - result_M4_spin = M4_spin.parseText(response.getResponseBodyContent()): null

2019-08-24 13:02:13 - [TEST_STEP][PASSED] - M4_spin_current_balance = current_balance: null

2019-08-24 13:02:13 - [TEST_STEP][PASSED] - M4_spin_current_balance = M4_spin_current_balance: null

2019-08-24 13:02:13 - [TEST_STEP][PASSED] - M4_spin_transaction_id = causality: null

2019-08-24 13:02:13 - [TEST_STEP][PASSED] - M4_spin_transaction_id = M4_spin_transaction_id: null

2019-08-24 13:02:13 - [TEST_STEP][PASSED] - M4_spin_round_id = round_id: null

2019-08-24 13:02:13 - [TEST_STEP][PASSED] - M4_spin_round_id = M4_spin_round_id: null

2019-08-24 13:02:13 - [TEST_STEP][PASSED] - M4_spin_line_wins = line_wins: null

2019-08-24 13:02:13 - [TEST_STEP][PASSED] - M4_spin_line_wins = M4_spin_line_wins: null

2019-08-24 13:02:13 - [TEST_STEP][PASSED] - M4_total_bonus_spins_int = total_bonus_spins: null

2019-08-24 13:02:13 - [TEST_STEP][PASSED] - println("******M4_total_bonus_spins type is:*******" + newline + getClass().getName()): null

2019-08-24 13:02:13 - [TEST_STEP][PASSED] - M4_total_bonus_spins_int = M4_total_bonus_spins_int: null

2019-08-24 13:02:13 - [TEST_STEP][PASSED] - M4_total_bonus_spins = Integer.toString(M4_total_bonus_spins_int): null

2019-08-24 13:02:13 - [TEST_STEP][PASSED] - M4_total_bonus_spins = M4_total_bonus_spins: null

2019-08-24 13:02:13 - [TEST_STEP][PASSED] - println("M4_total_bonus_spins is:" + M4_total_bonus_spins): null

2019-08-24 13:02:13 - [TEST_STEP][PASSED] - M4_spin_bonus_data = bonus_data: null

2019-08-24 13:02:13 - [TEST_STEP][PASSED] - M4_spin_features_triggered = result_M4_spin: null

2019-08-24 13:02:13 - [TEST_STEP][PASSED] - wild = []: null

2019-08-24 13:02:13 - [TEST_STEP][PASSED] - wild[0] = "WILD_Expanding": null

2019-08-24 13:02:13 - [TEST_STEP][PASSED] - wild[1] = "WILD_Normal": null

2019-08-24 13:02:13 - [TEST_STEP][PASSED] - wild[2] = "WILD_Double": null

2019-08-24 13:02:13 - [TEST_STEP][PASSED] - wild[3] = "WILD_ExtraFG": null

2019-08-24 13:02:13 - [TEST_STEP][PASSED] - wild[4] = "WILD_Triple": null

2019-08-24 13:02:13 - [TEST_STEP][PASSED] - wildList = Arrays.asList(wild): null

2019-08-24 13:02:13 - [TEST_STEP][PASSED] - wildList = wildList: null

2019-08-24 13:02:13 - [TEST_STEP][PASSED] - free_spin_reel_counter = []: null

2019-08-24 13:02:13 - [TEST_STEP][PASSED] - free_spin_reel_counter[0] = 0: null

2019-08-24 13:02:13 - [TEST_STEP][PASSED] - free_spin_reel_counter[1] = 0: null

2019-08-24 13:02:13 - [TEST_STEP][PASSED] - free_spin_reel_counter[2] = 0: null

2019-08-24 13:02:13 - [TEST_STEP][PASSED] - M4_spin_reels = reels: null

2019-08-24 13:02:13 - [TEST_STEP][PASSED] - for ([i = 0, i &lt; M4_spin_reels.size(), (i++)]): null

2019-08-24 13:02:13 - [TEST_STEP][PASSED] - symbols = symbols: null

2019-08-24 13:02:13 - [TEST_STEP][PASSED] - for ([j = 0, j &lt; symbols.size(), (j++)]): null

2019-08-24 13:02:13 - [TEST_STEP][PASSED] - symbol = symbol: null

2019-08-24 13:02:13 - [TEST_STEP][PASSED] - println(symbol): null

2019-08-24 13:02:13 - [TEST_STEP][PASSED] - if (i == 2 &amp;&amp; wildList.indexOf(symbol) != -1): null

2019-08-24 13:02:13 - [TEST_STEP][PASSED] - if (i == 3 &amp;&amp; wildList.indexOf(symbol) != -1): null

2019-08-24 13:02:13 - [TEST_STEP][PASSED] - if (i == 4 &amp;&amp; wildList.indexOf(symbol) != -1): null

2019-08-24 13:02:13 - [TEST_STEP][PASSED] - symbol = symbol: null

2019-08-24 13:02:13 - [TEST_STEP][PASSED] - println(symbol): null

2019-08-24 13:02:13 - [TEST_STEP][PASSED] - if (i == 2 &amp;&amp; wildList.indexOf(symbol) != -1): null

2019-08-24 13:02:13 - [TEST_STEP][PASSED] - if (i == 3 &amp;&amp; wildList.indexOf(symbol) != -1): null

2019-08-24 13:02:13 - [TEST_STEP][PASSED] - if (i == 4 &amp;&amp; wildList.indexOf(symbol) != -1): null

2019-08-24 13:02:13 - [TEST_STEP][PASSED] - symbol = symbol: null

2019-08-24 13:02:13 - [TEST_STEP][PASSED] - println(symbol): null

2019-08-24 13:02:13 - [TEST_STEP][PASSED] - if (i == 2 &amp;&amp; wildList.indexOf(symbol) != -1): null

2019-08-24 13:02:13 - [TEST_STEP][PASSED] - if (i == 3 &amp;&amp; wildList.indexOf(symbol) != -1): null

2019-08-24 13:02:13 - [TEST_STEP][PASSED] - if (i == 4 &amp;&amp; wildList.indexOf(symbol) != -1): null

2019-08-24 13:02:13 - [TEST_STEP][PASSED] - symbols = symbols: null

2019-08-24 13:02:13 - [TEST_STEP][PASSED] - for ([j = 0, j &lt; symbols.size(), (j++)]): null

2019-08-24 13:02:13 - [TEST_STEP][PASSED] - symbol = symbol: null

2019-08-24 13:02:13 - [TEST_STEP][PASSED] - println(symbol): null

2019-08-24 13:02:13 - [TEST_STEP][PASSED] - if (i == 2 &amp;&amp; wildList.indexOf(symbol) != -1): null

2019-08-24 13:02:13 - [TEST_STEP][PASSED] - if (i == 3 &amp;&amp; wildList.indexOf(symbol) != -1): null

2019-08-24 13:02:13 - [TEST_STEP][PASSED] - if (i == 4 &amp;&amp; wildList.indexOf(symbol) != -1): null

2019-08-24 13:02:13 - [TEST_STEP][PASSED] - symbol = symbol: null

2019-08-24 13:02:13 - [TEST_STEP][PASSED] - println(symbol): null

2019-08-24 13:02:13 - [TEST_STEP][PASSED] - if (i == 2 &amp;&amp; wildList.indexOf(symbol) != -1): null

2019-08-24 13:02:13 - [TEST_STEP][PASSED] - if (i == 3 &amp;&amp; wildList.indexOf(symbol) != -1): null

2019-08-24 13:02:13 - [TEST_STEP][PASSED] - if (i == 4 &amp;&amp; wildList.indexOf(symbol) != -1): null

2019-08-24 13:02:13 - [TEST_STEP][PASSED] - symbol = symbol: null

2019-08-24 13:02:13 - [TEST_STEP][PASSED] - println(symbol): null

2019-08-24 13:02:13 - [TEST_STEP][PASSED] - if (i == 2 &amp;&amp; wildList.indexOf(symbol) != -1): null

2019-08-24 13:02:13 - [TEST_STEP][PASSED] - if (i == 3 &amp;&amp; wildList.indexOf(symbol) != -1): null

2019-08-24 13:02:13 - [TEST_STEP][PASSED] - if (i == 4 &amp;&amp; wildList.indexOf(symbol) != -1): null

2019-08-24 13:02:13 - [TEST_STEP][PASSED] - symbols = symbols: null

2019-08-24 13:02:13 - [TEST_STEP][PASSED] - for ([j = 0, j &lt; symbols.size(), (j++)]): null

2019-08-24 13:02:13 - [TEST_STEP][PASSED] - symbol = symbol: null

2019-08-24 13:02:18 - [TEST_STEP][PASSED] - println(symbol): null

2019-08-24 13:02:18 - [TEST_STEP][PASSED] - if (i == 2 &amp;&amp; wildList.indexOf(symbol) != -1): null

2019-08-24 13:02:18 - [TEST_STEP][PASSED] - if (i == 3 &amp;&amp; wildList.indexOf(symbol) != -1): null

2019-08-24 13:02:18 - [TEST_STEP][PASSED] - if (i == 4 &amp;&amp; wildList.indexOf(symbol) != -1): null

2019-08-24 13:02:18 - [TEST_STEP][PASSED] - symbol = symbol: null

2019-08-24 13:02:18 - [TEST_STEP][PASSED] - println(symbol): null

2019-08-24 13:02:18 - [TEST_STEP][PASSED] - if (i == 2 &amp;&amp; wildList.indexOf(symbol) != -1): null

2019-08-24 13:02:18 - [TEST_STEP][PASSED] - if (i == 3 &amp;&amp; wildList.indexOf(symbol) != -1): null

2019-08-24 13:02:18 - [TEST_STEP][PASSED] - if (i == 4 &amp;&amp; wildList.indexOf(symbol) != -1): null

2019-08-24 13:02:18 - [TEST_STEP][PASSED] - symbol = symbol: null

2019-08-24 13:02:18 - [TEST_STEP][PASSED] - println(symbol): null

2019-08-24 13:02:20 - [TEST_STEP][PASSED] - if (i == 2 &amp;&amp; wildList.indexOf(symbol) != -1): null

2019-08-24 13:02:20 - [TEST_STEP][PASSED] - if (i == 3 &amp;&amp; wildList.indexOf(symbol) != -1): null

2019-08-24 13:02:20 - [TEST_STEP][PASSED] - if (i == 4 &amp;&amp; wildList.indexOf(symbol) != -1): null

2019-08-24 13:02:20 - [TEST_STEP][PASSED] - symbols = symbols: null

2019-08-24 13:02:20 - [TEST_STEP][PASSED] - for ([j = 0, j &lt; symbols.size(), (j++)]): null

2019-08-24 13:02:20 - [TEST_STEP][PASSED] - symbol = symbol: null

2019-08-24 13:02:20 - [TEST_STEP][PASSED] - println(symbol): null

2019-08-24 13:02:20 - [TEST_STEP][PASSED] - if (i == 2 &amp;&amp; wildList.indexOf(symbol) != -1): null

2019-08-24 13:02:20 - [TEST_STEP][PASSED] - if (i == 3 &amp;&amp; wildList.indexOf(symbol) != -1): null

2019-08-24 13:02:20 - [TEST_STEP][PASSED] - if (i == 4 &amp;&amp; wildList.indexOf(symbol) != -1): null

2019-08-24 13:02:20 - [TEST_STEP][PASSED] - symbol = symbol: null

2019-08-24 13:02:20 - [TEST_STEP][PASSED] - println(symbol): null

2019-08-24 13:02:20 - [TEST_STEP][PASSED] - if (i == 2 &amp;&amp; wildList.indexOf(symbol) != -1): null

2019-08-24 13:02:20 - [TEST_STEP][PASSED] - if (i == 3 &amp;&amp; wildList.indexOf(symbol) != -1): null

2019-08-24 13:02:20 - [TEST_STEP][PASSED] - if (i == 4 &amp;&amp; wildList.indexOf(symbol) != -1): null

2019-08-24 13:02:20 - [TEST_STEP][PASSED] - symbol = symbol: null

2019-08-24 13:02:20 - [TEST_STEP][PASSED] - println(symbol): null

2019-08-24 13:02:20 - [TEST_STEP][PASSED] - if (i == 2 &amp;&amp; wildList.indexOf(symbol) != -1): null

2019-08-24 13:02:20 - [TEST_STEP][PASSED] - if (i == 3 &amp;&amp; wildList.indexOf(symbol) != -1): null

2019-08-24 13:02:20 - [TEST_STEP][PASSED] - if (i == 4 &amp;&amp; wildList.indexOf(symbol) != -1): null

2019-08-24 13:02:20 - [TEST_STEP][PASSED] - symbols = symbols: null

2019-08-24 13:02:20 - [TEST_STEP][PASSED] - for ([j = 0, j &lt; symbols.size(), (j++)]): null

2019-08-24 13:02:20 - [TEST_STEP][PASSED] - symbol = symbol: null

2019-08-24 13:02:20 - [TEST_STEP][PASSED] - println(symbol): null

2019-08-24 13:02:20 - [TEST_STEP][PASSED] - if (i == 2 &amp;&amp; wildList.indexOf(symbol) != -1): null

2019-08-24 13:02:20 - [TEST_STEP][PASSED] - if (i == 3 &amp;&amp; wildList.indexOf(symbol) != -1): null

2019-08-24 13:02:20 - [TEST_STEP][PASSED] - if (i == 4 &amp;&amp; wildList.indexOf(symbol) != -1): null

2019-08-24 13:02:20 - [TEST_STEP][PASSED] - symbol = symbol: null

2019-08-24 13:02:20 - [TEST_STEP][PASSED] - println(symbol): null

2019-08-24 13:02:20 - [TEST_STEP][PASSED] - if (i == 2 &amp;&amp; wildList.indexOf(symbol) != -1): null

2019-08-24 13:02:20 - [TEST_STEP][PASSED] - if (i == 3 &amp;&amp; wildList.indexOf(symbol) != -1): null

2019-08-24 13:02:20 - [TEST_STEP][PASSED] - if (i == 4 &amp;&amp; wildList.indexOf(symbol) != -1): null

2019-08-24 13:02:20 - [TEST_STEP][PASSED] - symbol = symbol: null

2019-08-24 13:02:20 - [TEST_STEP][PASSED] - println(symbol): null

2019-08-24 13:02:20 - [TEST_STEP][PASSED] - if (i == 2 &amp;&amp; wildList.indexOf(symbol) != -1): null

2019-08-24 13:02:20 - [TEST_STEP][PASSED] - if (i == 3 &amp;&amp; wildList.indexOf(symbol) != -1): null

2019-08-24 13:02:20 - [TEST_STEP][PASSED] - if (i == 4 &amp;&amp; wildList.indexOf(symbol) != -1): null

2019-08-24 13:02:20 - [TEST_STEP][PASSED] - free_spin_reel_counter = free_spin_reel_counter: null

2019-08-24 13:02:20 - [TEST_STEP][PASSED] - println("reel 3 wild found: " + free_spin_reel_counter[0]): null

2019-08-24 13:02:20 - [TEST_STEP][PASSED] - println("reel 4 wild found: " + free_spin_reel_counter[1]): null

2019-08-24 13:02:20 - [TEST_STEP][PASSED] - println("reel 5 wild found: " + free_spin_reel_counter[2]): null

2019-08-24 13:02:20 - [TEST_STEP][PASSED] - M4_spin_reels = M4_spin_reels: null

2019-08-24 13:02:20 - [TEST_STEP][PASSED] - M4_spin_reels_symbols = symbol: null

2019-08-24 13:02:20 - [TEST_STEP][PASSED] - M4_spin_reels_symbols = M4_spin_reels_symbols: null

2019-08-24 13:02:20 - [TEST_STEP][PASSED] - M4_spin_reel_wins = reel_wins: null

2019-08-24 13:02:20 - [TEST_STEP][PASSED] - M4_spin_reel_wins = M4_spin_reel_wins: null

2019-08-24 13:02:20 - [TEST_STEP][PASSED] - println("GlobalVariable.M4_spin_reel_wins is: " + M4_spin_reel_wins): null

2019-08-24 13:02:20 - [TEST_STEP][PASSED] - M4_spin_total_bonus_win_this_round = total_bonus_win_this_round: null

2019-08-24 13:02:20 - [TEST_STEP][PASSED] - M4_spin_total_bonus_win_this_round = M4_spin_total_bonus_win_this_round: null

2019-08-24 13:02:20 - [TEST_STEP][PASSED] - println("GlobalVariable.M4_spin_total_bonus_win_this_round is: " + M4_spin_total_bonus_win_this_round): null

2019-08-24 13:02:20 - [TEST_STEP][PASSED] - M4_spin_bonus_spin_result = spin_result: null

2019-08-24 13:02:20 - [TEST_STEP][PASSED] - M4_spin_bonus_spin_result = M4_spin_bonus_spin_result: null

2019-08-24 13:02:20 - [MESSAGE][PASSED] - Verify response successfully

2019-08-24 13:02:20 - [MESSAGE][PASSED] - Send request and verify the response successfully

2019-08-24 13:02:20 - [TEST_STEP][PASSED] - if (M4_total_bonus_spins_int != 0 &amp;&amp; M4_spin_reels_symbols[2].contains("WILD_Expanding")): null

2019-08-24 13:02:20 - [TEST_STEP][PASSED] - free_spin_reel_counter = free_spin_reel_counter: null

2019-08-24 13:02:20 - [TEST_STEP][PASSED] - M4_spin_reels_symbols = M4_spin_reels_symbols: null

2019-08-24 13:02:20 - [TEST_STEP][PASSED] - M4_total_bonus_spins = M4_total_bonus_spins: null

2019-08-24 13:02:20 - [TEST_STEP][PASSED] - spin_result = sendRequestAndVerify(findTestObject("INT/RGS(M4)/1_M4_spin", ["M4_login_user_id":M4_login_user_id, "rgs_session_token":rgs_session_token, "partner":Partner])): Send request and verify the response successfully

2019-08-24 13:02:21 - [MESSAGE][INFO] - HAR: /Users/eiralee/Katalon_Script/SuperWild/Reports/20190824_125957/INT/superWild_5/20190824_125957/requests/main/45.har

2019-08-24 13:02:21 - [TEST_CASE][PASSED] - Start Test Case : Verification: Verification accomplished successfully

2019-08-24 13:02:21 - [TEST_STEP][PASSED] - request = getInstance().getCurrentRequest(): null

2019-08-24 13:02:21 - [TEST_STEP][PASSED] - response = getInstance().getCurrentResponse(): null

2019-08-24 13:02:21 - [TEST_STEP][PASSED] - verifyResponseStatusCode(response, 200): Verify response status code successfully

2019-08-24 13:02:21 - [MESSAGE][PASSED] - Verify response status code successfully

2019-08-24 13:02:21 - [TEST_STEP][PASSED] - getStatusCode()).isEqualTo(200): null

2019-08-24 13:02:21 - [TEST_STEP][PASSED] - newline = System.getProperty("line.separator"): null

2019-08-24 13:02:21 - [TEST_STEP][PASSED] - M4_spin = new groovy.json.JsonSlurper(): null

2019-08-24 13:02:21 - [TEST_STEP][PASSED] - result_M4_spin = M4_spin.parseText(response.getResponseBodyContent()): null

2019-08-24 13:02:21 - [TEST_STEP][PASSED] - M4_spin_current_balance = current_balance: null

2019-08-24 13:02:21 - [TEST_STEP][PASSED] - M4_spin_current_balance = M4_spin_current_balance: null

2019-08-24 13:02:21 - [TEST_STEP][PASSED] - M4_spin_transaction_id = causality: null

2019-08-24 13:02:21 - [TEST_STEP][PASSED] - M4_spin_transaction_id = M4_spin_transaction_id: null

2019-08-24 13:02:21 - [TEST_STEP][PASSED] - M4_spin_round_id = round_id: null

2019-08-24 13:02:21 - [TEST_STEP][PASSED] - M4_spin_round_id = M4_spin_round_id: null

2019-08-24 13:02:21 - [TEST_STEP][PASSED] - M4_spin_line_wins = line_wins: null

2019-08-24 13:02:21 - [TEST_STEP][PASSED] - M4_spin_line_wins = M4_spin_line_wins: null

2019-08-24 13:02:21 - [TEST_STEP][PASSED] - M4_total_bonus_spins_int = total_bonus_spins: null

2019-08-24 13:02:21 - [TEST_STEP][PASSED] - println("******M4_total_bonus_spins type is:*******" + newline + getClass().getName()): null

2019-08-24 13:02:21 - [TEST_STEP][PASSED] - M4_total_bonus_spins_int = M4_total_bonus_spins_int: null

2019-08-24 13:02:21 - [TEST_STEP][PASSED] - M4_total_bonus_spins = Integer.toString(M4_total_bonus_spins_int): null

2019-08-24 13:02:21 - [TEST_STEP][PASSED] - M4_total_bonus_spins = M4_total_bonus_spins: null

2019-08-24 13:02:21 - [TEST_STEP][PASSED] - println("M4_total_bonus_spins is:" + M4_total_bonus_spins): null

2019-08-24 13:02:21 - [TEST_STEP][PASSED] - M4_spin_bonus_data = bonus_data: null

2019-08-24 13:02:21 - [TEST_STEP][PASSED] - M4_spin_features_triggered = result_M4_spin: null

2019-08-24 13:02:21 - [TEST_STEP][PASSED] - wild = []: null

2019-08-24 13:02:21 - [TEST_STEP][PASSED] - wild[0] = "WILD_Expanding": null

2019-08-24 13:02:21 - [TEST_STEP][PASSED] - wild[1] = "WILD_Normal": null

2019-08-24 13:02:21 - [TEST_STEP][PASSED] - wild[2] = "WILD_Double": null

2019-08-24 13:02:21 - [TEST_STEP][PASSED] - wild[3] = "WILD_ExtraFG": null

2019-08-24 13:02:21 - [TEST_STEP][PASSED] - wild[4] = "WILD_Triple": null

2019-08-24 13:02:21 - [TEST_STEP][PASSED] - wildList = Arrays.asList(wild): null

2019-08-24 13:02:21 - [TEST_STEP][PASSED] - wildList = wildList: null

2019-08-24 13:02:21 - [TEST_STEP][PASSED] - free_spin_reel_counter = []: null

2019-08-24 13:02:21 - [TEST_STEP][PASSED] - free_spin_reel_counter[0] = 0: null

2019-08-24 13:02:21 - [TEST_STEP][PASSED] - free_spin_reel_counter[1] = 0: null

2019-08-24 13:02:21 - [TEST_STEP][PASSED] - free_spin_reel_counter[2] = 0: null

2019-08-24 13:02:21 - [TEST_STEP][PASSED] - M4_spin_reels = reels: null

2019-08-24 13:02:21 - [TEST_STEP][PASSED] - for ([i = 0, i &lt; M4_spin_reels.size(), (i++)]): null

2019-08-24 13:02:21 - [TEST_STEP][PASSED] - symbols = symbols: null

2019-08-24 13:02:21 - [TEST_STEP][PASSED] - for ([j = 0, j &lt; symbols.size(), (j++)]): null

2019-08-24 13:02:21 - [TEST_STEP][PASSED] - symbol = symbol: null

2019-08-24 13:02:21 - [TEST_STEP][PASSED] - println(symbol): null

2019-08-24 13:02:21 - [TEST_STEP][PASSED] - if (i == 2 &amp;&amp; wildList.indexOf(symbol) != -1): null

2019-08-24 13:02:21 - [TEST_STEP][PASSED] - if (i == 3 &amp;&amp; wildList.indexOf(symbol) != -1): null

2019-08-24 13:02:21 - [TEST_STEP][PASSED] - if (i == 4 &amp;&amp; wildList.indexOf(symbol) != -1): null

2019-08-24 13:02:21 - [TEST_STEP][PASSED] - symbol = symbol: null

2019-08-24 13:02:21 - [TEST_STEP][PASSED] - println(symbol): null

2019-08-24 13:02:21 - [TEST_STEP][PASSED] - if (i == 2 &amp;&amp; wildList.indexOf(symbol) != -1): null

2019-08-24 13:02:21 - [TEST_STEP][PASSED] - if (i == 3 &amp;&amp; wildList.indexOf(symbol) != -1): null

2019-08-24 13:02:21 - [TEST_STEP][PASSED] - if (i == 4 &amp;&amp; wildList.indexOf(symbol) != -1): null

2019-08-24 13:02:21 - [TEST_STEP][PASSED] - symbol = symbol: null

2019-08-24 13:02:21 - [TEST_STEP][PASSED] - println(symbol): null

2019-08-24 13:02:21 - [TEST_STEP][PASSED] - if (i == 2 &amp;&amp; wildList.indexOf(symbol) != -1): null

2019-08-24 13:02:21 - [TEST_STEP][PASSED] - if (i == 3 &amp;&amp; wildList.indexOf(symbol) != -1): null

2019-08-24 13:02:21 - [TEST_STEP][PASSED] - if (i == 4 &amp;&amp; wildList.indexOf(symbol) != -1): null

2019-08-24 13:02:21 - [TEST_STEP][PASSED] - symbols = symbols: null

2019-08-24 13:02:21 - [TEST_STEP][PASSED] - for ([j = 0, j &lt; symbols.size(), (j++)]): null

2019-08-24 13:02:21 - [TEST_STEP][PASSED] - symbol = symbol: null

2019-08-24 13:02:21 - [TEST_STEP][PASSED] - println(symbol): null

2019-08-24 13:02:21 - [TEST_STEP][PASSED] - if (i == 2 &amp;&amp; wildList.indexOf(symbol) != -1): null

2019-08-24 13:02:21 - [TEST_STEP][PASSED] - if (i == 3 &amp;&amp; wildList.indexOf(symbol) != -1): null

2019-08-24 13:02:21 - [TEST_STEP][PASSED] - if (i == 4 &amp;&amp; wildList.indexOf(symbol) != -1): null

2019-08-24 13:02:21 - [TEST_STEP][PASSED] - symbol = symbol: null

2019-08-24 13:02:21 - [TEST_STEP][PASSED] - println(symbol): null

2019-08-24 13:02:21 - [TEST_STEP][PASSED] - if (i == 2 &amp;&amp; wildList.indexOf(symbol) != -1): null

2019-08-24 13:02:21 - [TEST_STEP][PASSED] - if (i == 3 &amp;&amp; wildList.indexOf(symbol) != -1): null

2019-08-24 13:02:21 - [TEST_STEP][PASSED] - if (i == 4 &amp;&amp; wildList.indexOf(symbol) != -1): null

2019-08-24 13:02:21 - [TEST_STEP][PASSED] - symbol = symbol: null

2019-08-24 13:02:21 - [TEST_STEP][PASSED] - println(symbol): null

2019-08-24 13:02:21 - [TEST_STEP][PASSED] - if (i == 2 &amp;&amp; wildList.indexOf(symbol) != -1): null

2019-08-24 13:02:21 - [TEST_STEP][PASSED] - if (i == 3 &amp;&amp; wildList.indexOf(symbol) != -1): null

2019-08-24 13:02:21 - [TEST_STEP][PASSED] - if (i == 4 &amp;&amp; wildList.indexOf(symbol) != -1): null

2019-08-24 13:02:21 - [TEST_STEP][PASSED] - symbols = symbols: null

2019-08-24 13:02:21 - [TEST_STEP][PASSED] - for ([j = 0, j &lt; symbols.size(), (j++)]): null

2019-08-24 13:02:21 - [TEST_STEP][PASSED] - symbol = symbol: null

2019-08-24 13:02:21 - [TEST_STEP][PASSED] - println(symbol): null

2019-08-24 13:02:21 - [TEST_STEP][PASSED] - if (i == 2 &amp;&amp; wildList.indexOf(symbol) != -1): null

2019-08-24 13:02:21 - [TEST_STEP][PASSED] - if (i == 3 &amp;&amp; wildList.indexOf(symbol) != -1): null

2019-08-24 13:02:21 - [TEST_STEP][PASSED] - if (i == 4 &amp;&amp; wildList.indexOf(symbol) != -1): null

2019-08-24 13:02:21 - [TEST_STEP][PASSED] - symbol = symbol: null

2019-08-24 13:02:21 - [TEST_STEP][PASSED] - println(symbol): null

2019-08-24 13:02:21 - [TEST_STEP][PASSED] - if (i == 2 &amp;&amp; wildList.indexOf(symbol) != -1): null

2019-08-24 13:02:21 - [TEST_STEP][PASSED] - if (i == 3 &amp;&amp; wildList.indexOf(symbol) != -1): null

2019-08-24 13:02:21 - [TEST_STEP][PASSED] - if (i == 4 &amp;&amp; wildList.indexOf(symbol) != -1): null

2019-08-24 13:02:21 - [TEST_STEP][PASSED] - symbol = symbol: null

2019-08-24 13:02:21 - [TEST_STEP][PASSED] - println(symbol): null

2019-08-24 13:02:21 - [TEST_STEP][PASSED] - if (i == 2 &amp;&amp; wildList.indexOf(symbol) != -1): null

2019-08-24 13:02:21 - [TEST_STEP][PASSED] - if (i == 3 &amp;&amp; wildList.indexOf(symbol) != -1): null

2019-08-24 13:02:21 - [TEST_STEP][PASSED] - if (i == 4 &amp;&amp; wildList.indexOf(symbol) != -1): null

2019-08-24 13:02:21 - [TEST_STEP][PASSED] - symbols = symbols: null

2019-08-24 13:02:21 - [TEST_STEP][PASSED] - for ([j = 0, j &lt; symbols.size(), (j++)]): null

2019-08-24 13:02:21 - [TEST_STEP][PASSED] - symbol = symbol: null

2019-08-24 13:02:21 - [TEST_STEP][PASSED] - println(symbol): null

2019-08-24 13:02:21 - [TEST_STEP][PASSED] - if (i == 2 &amp;&amp; wildList.indexOf(symbol) != -1): null

2019-08-24 13:02:21 - [TEST_STEP][PASSED] - if (i == 3 &amp;&amp; wildList.indexOf(symbol) != -1): null

2019-08-24 13:02:21 - [TEST_STEP][PASSED] - if (i == 4 &amp;&amp; wildList.indexOf(symbol) != -1): null

2019-08-24 13:02:21 - [TEST_STEP][PASSED] - symbol = symbol: null

2019-08-24 13:02:21 - [TEST_STEP][PASSED] - println(symbol): null

2019-08-24 13:02:21 - [TEST_STEP][PASSED] - if (i == 2 &amp;&amp; wildList.indexOf(symbol) != -1): null

2019-08-24 13:02:21 - [TEST_STEP][PASSED] - if (i == 3 &amp;&amp; wildList.indexOf(symbol) != -1): null

2019-08-24 13:02:21 - [TEST_STEP][PASSED] - if (i == 4 &amp;&amp; wildList.indexOf(symbol) != -1): null

2019-08-24 13:02:21 - [TEST_STEP][PASSED] - symbol = symbol: null

2019-08-24 13:02:21 - [TEST_STEP][PASSED] - println(symbol): null

2019-08-24 13:02:21 - [TEST_STEP][PASSED] - if (i == 2 &amp;&amp; wildList.indexOf(symbol) != -1): null

2019-08-24 13:02:21 - [TEST_STEP][PASSED] - if (i == 3 &amp;&amp; wildList.indexOf(symbol) != -1): null

2019-08-24 13:02:21 - [TEST_STEP][PASSED] - if (i == 4 &amp;&amp; wildList.indexOf(symbol) != -1): null

2019-08-24 13:02:21 - [TEST_STEP][PASSED] - symbols = symbols: null

2019-08-24 13:02:21 - [TEST_STEP][PASSED] - for ([j = 0, j &lt; symbols.size(), (j++)]): null

2019-08-24 13:02:21 - [TEST_STEP][PASSED] - symbol = symbol: null

2019-08-24 13:02:21 - [TEST_STEP][PASSED] - println(symbol): null

2019-08-24 13:02:21 - [TEST_STEP][PASSED] - if (i == 2 &amp;&amp; wildList.indexOf(symbol) != -1): null

2019-08-24 13:02:21 - [TEST_STEP][PASSED] - if (i == 3 &amp;&amp; wildList.indexOf(symbol) != -1): null

2019-08-24 13:02:21 - [TEST_STEP][PASSED] - if (i == 4 &amp;&amp; wildList.indexOf(symbol) != -1): null

2019-08-24 13:02:21 - [TEST_STEP][PASSED] - symbol = symbol: null

2019-08-24 13:02:21 - [TEST_STEP][PASSED] - println(symbol): null

2019-08-24 13:02:21 - [TEST_STEP][PASSED] - if (i == 2 &amp;&amp; wildList.indexOf(symbol) != -1): null

2019-08-24 13:02:21 - [TEST_STEP][PASSED] - if (i == 3 &amp;&amp; wildList.indexOf(symbol) != -1): null

2019-08-24 13:02:21 - [TEST_STEP][PASSED] - if (i == 4 &amp;&amp; wildList.indexOf(symbol) != -1): null

2019-08-24 13:02:21 - [TEST_STEP][PASSED] - symbol = symbol: null

2019-08-24 13:02:21 - [TEST_STEP][PASSED] - println(symbol): null

2019-08-24 13:02:21 - [TEST_STEP][PASSED] - if (i == 2 &amp;&amp; wildList.indexOf(symbol) != -1): null

2019-08-24 13:02:21 - [TEST_STEP][PASSED] - if (i == 3 &amp;&amp; wildList.indexOf(symbol) != -1): null

2019-08-24 13:02:21 - [TEST_STEP][PASSED] - if (i == 4 &amp;&amp; wildList.indexOf(symbol) != -1): null

2019-08-24 13:02:21 - [TEST_STEP][PASSED] - free_spin_reel_counter = free_spin_reel_counter: null

2019-08-24 13:02:21 - [TEST_STEP][PASSED] - println("reel 3 wild found: " + free_spin_reel_counter[0]): null

2019-08-24 13:02:21 - [TEST_STEP][PASSED] - println("reel 4 wild found: " + free_spin_reel_counter[1]): null

2019-08-24 13:02:21 - [TEST_STEP][PASSED] - println("reel 5 wild found: " + free_spin_reel_counter[2]): null

2019-08-24 13:02:21 - [TEST_STEP][PASSED] - M4_spin_reels = M4_spin_reels: null

2019-08-24 13:02:21 - [TEST_STEP][PASSED] - M4_spin_reels_symbols = symbol: null

2019-08-24 13:02:21 - [TEST_STEP][PASSED] - M4_spin_reels_symbols = M4_spin_reels_symbols: null

2019-08-24 13:02:21 - [TEST_STEP][PASSED] - M4_spin_reel_wins = reel_wins: null

2019-08-24 13:02:21 - [TEST_STEP][PASSED] - M4_spin_reel_wins = M4_spin_reel_wins: null

2019-08-24 13:02:21 - [TEST_STEP][PASSED] - println("GlobalVariable.M4_spin_reel_wins is: " + M4_spin_reel_wins): null

2019-08-24 13:02:21 - [TEST_STEP][PASSED] - M4_spin_total_bonus_win_this_round = total_bonus_win_this_round: null

2019-08-24 13:02:21 - [TEST_STEP][PASSED] - M4_spin_total_bonus_win_this_round = M4_spin_total_bonus_win_this_round: null

2019-08-24 13:02:21 - [TEST_STEP][PASSED] - println("GlobalVariable.M4_spin_total_bonus_win_this_round is: " + M4_spin_total_bonus_win_this_round): null

2019-08-24 13:02:21 - [TEST_STEP][PASSED] - M4_spin_bonus_spin_result = spin_result: null

2019-08-24 13:02:21 - [TEST_STEP][PASSED] - M4_spin_bonus_spin_result = M4_spin_bonus_spin_result: null

2019-08-24 13:02:21 - [MESSAGE][PASSED] - Verify response successfully

2019-08-24 13:02:21 - [MESSAGE][PASSED] - Send request and verify the response successfully

2019-08-24 13:02:21 - [TEST_STEP][PASSED] - if (M4_total_bonus_spins_int != 0 &amp;&amp; M4_spin_reels_symbols[2].contains("WILD_Expanding")): null

2019-08-24 13:02:21 - [TEST_STEP][PASSED] - free_spin_reel_counter = free_spin_reel_counter: null

2019-08-24 13:02:21 - [TEST_STEP][PASSED] - M4_spin_reels_symbols = M4_spin_reels_symbols: null

2019-08-24 13:02:21 - [TEST_STEP][PASSED] - M4_total_bonus_spins = M4_total_bonus_spins: null

2019-08-24 13:02:21 - [TEST_STEP][PASSED] - spin_result = sendRequestAndVerify(findTestObject("INT/RGS(M4)/1_M4_spin", ["M4_login_user_id":M4_login_user_id, "rgs_session_token":rgs_session_token, "partner":Partner])): Send request and verify the response successfully

2019-08-24 13:02:21 - [MESSAGE][INFO] - HAR: /Users/eiralee/Katalon_Script/SuperWild/Reports/20190824_125957/INT/superWild_5/20190824_125957/requests/main/46.har

2019-08-24 13:02:21 - [TEST_CASE][PASSED] - Start Test Case : Verification: Verification accomplished successfully

2019-08-24 13:02:21 - [TEST_STEP][PASSED] - request = getInstance().getCurrentRequest(): null

2019-08-24 13:02:21 - [TEST_STEP][PASSED] - response = getInstance().getCurrentResponse(): null

2019-08-24 13:02:21 - [TEST_STEP][PASSED] - verifyResponseStatusCode(response, 200): Verify response status code successfully

2019-08-24 13:02:21 - [MESSAGE][PASSED] - Verify response status code successfully

2019-08-24 13:02:21 - [TEST_STEP][PASSED] - getStatusCode()).isEqualTo(200): null

2019-08-24 13:02:21 - [TEST_STEP][PASSED] - newline = System.getProperty("line.separator"): null

2019-08-24 13:02:21 - [TEST_STEP][PASSED] - M4_spin = new groovy.json.JsonSlurper(): null

2019-08-24 13:02:21 - [TEST_STEP][PASSED] - result_M4_spin = M4_spin.parseText(response.getResponseBodyContent()): null

2019-08-24 13:02:21 - [TEST_STEP][PASSED] - M4_spin_current_balance = current_balance: null

2019-08-24 13:02:21 - [TEST_STEP][PASSED] - M4_spin_current_balance = M4_spin_current_balance: null

2019-08-24 13:02:21 - [TEST_STEP][PASSED] - M4_spin_transaction_id = causality: null

2019-08-24 13:02:21 - [TEST_STEP][PASSED] - M4_spin_transaction_id = M4_spin_transaction_id: null

2019-08-24 13:02:21 - [TEST_STEP][PASSED] - M4_spin_round_id = round_id: null

2019-08-24 13:02:21 - [TEST_STEP][PASSED] - M4_spin_round_id = M4_spin_round_id: null

2019-08-24 13:02:21 - [TEST_STEP][PASSED] - M4_spin_line_wins = line_wins: null

2019-08-24 13:02:21 - [TEST_STEP][PASSED] - M4_spin_line_wins = M4_spin_line_wins: null

2019-08-24 13:02:21 - [TEST_STEP][PASSED] - M4_total_bonus_spins_int = total_bonus_spins: null

2019-08-24 13:02:21 - [TEST_STEP][PASSED] - println("******M4_total_bonus_spins type is:*******" + newline + getClass().getName()): null

2019-08-24 13:02:21 - [TEST_STEP][PASSED] - M4_total_bonus_spins_int = M4_total_bonus_spins_int: null

2019-08-24 13:02:21 - [TEST_STEP][PASSED] - M4_total_bonus_spins = Integer.toString(M4_total_bonus_spins_int): null

2019-08-24 13:02:21 - [TEST_STEP][PASSED] - M4_total_bonus_spins = M4_total_bonus_spins: null

2019-08-24 13:02:21 - [TEST_STEP][PASSED] - println("M4_total_bonus_spins is:" + M4_total_bonus_spins): null

2019-08-24 13:02:21 - [TEST_STEP][PASSED] - M4_spin_bonus_data = bonus_data: null

2019-08-24 13:02:21 - [TEST_STEP][PASSED] - M4_spin_features_triggered = result_M4_spin: null

2019-08-24 13:02:21 - [TEST_STEP][PASSED] - wild = []: null

2019-08-24 13:02:21 - [TEST_STEP][PASSED] - wild[0] = "WILD_Expanding": null

2019-08-24 13:02:21 - [TEST_STEP][PASSED] - wild[1] = "WILD_Normal": null

2019-08-24 13:02:21 - [TEST_STEP][PASSED] - wild[2] = "WILD_Double": null

2019-08-24 13:02:21 - [TEST_STEP][PASSED] - wild[3] = "WILD_ExtraFG": null

2019-08-24 13:02:21 - [TEST_STEP][PASSED] - wild[4] = "WILD_Triple": null

2019-08-24 13:02:21 - [TEST_STEP][PASSED] - wildList = Arrays.asList(wild): null

2019-08-24 13:02:21 - [TEST_STEP][PASSED] - wildList = wildList: null

2019-08-24 13:02:21 - [TEST_STEP][PASSED] - free_spin_reel_counter = []: null

2019-08-24 13:02:21 - [TEST_STEP][PASSED] - free_spin_reel_counter[0] = 0: null

2019-08-24 13:02:21 - [TEST_STEP][PASSED] - free_spin_reel_counter[1] = 0: null

2019-08-24 13:02:21 - [TEST_STEP][PASSED] - free_spin_reel_counter[2] = 0: null

2019-08-24 13:02:21 - [TEST_STEP][PASSED] - M4_spin_reels = reels: null

2019-08-24 13:02:21 - [TEST_STEP][PASSED] - for ([i = 0, i &lt; M4_spin_reels.size(), (i++)]): null

2019-08-24 13:02:21 - [TEST_STEP][PASSED] - symbols = symbols: null

2019-08-24 13:02:21 - [TEST_STEP][PASSED] - for ([j = 0, j &lt; symbols.size(), (j++)]): null

2019-08-24 13:02:21 - [TEST_STEP][PASSED] - symbol = symbol: null

2019-08-24 13:02:21 - [TEST_STEP][PASSED] - println(symbol): null

2019-08-24 13:02:21 - [TEST_STEP][PASSED] - if (i == 2 &amp;&amp; wildList.indexOf(symbol) != -1): null

2019-08-24 13:02:21 - [TEST_STEP][PASSED] - if (i == 3 &amp;&amp; wildList.indexOf(symbol) != -1): null

2019-08-24 13:02:21 - [TEST_STEP][PASSED] - if (i == 4 &amp;&amp; wildList.indexOf(symbol) != -1): null

2019-08-24 13:02:21 - [TEST_STEP][PASSED] - symbol = symbol: null

2019-08-24 13:02:21 - [TEST_STEP][PASSED] - println(symbol): null

2019-08-24 13:02:21 - [TEST_STEP][PASSED] - if (i == 2 &amp;&amp; wildList.indexOf(symbol) != -1): null

2019-08-24 13:02:21 - [TEST_STEP][PASSED] - if (i == 3 &amp;&amp; wildList.indexOf(symbol) != -1): null

2019-08-24 13:02:21 - [TEST_STEP][PASSED] - if (i == 4 &amp;&amp; wildList.indexOf(symbol) != -1): null

2019-08-24 13:02:21 - [TEST_STEP][PASSED] - symbol = symbol: null

2019-08-24 13:02:21 - [TEST_STEP][PASSED] - println(symbol): null

2019-08-24 13:02:21 - [TEST_STEP][PASSED] - if (i == 2 &amp;&amp; wildList.indexOf(symbol) != -1): null

2019-08-24 13:02:21 - [TEST_STEP][PASSED] - if (i == 3 &amp;&amp; wildList.indexOf(symbol) != -1): null

2019-08-24 13:02:21 - [TEST_STEP][PASSED] - if (i == 4 &amp;&amp; wildList.indexOf(symbol) != -1): null

2019-08-24 13:02:21 - [TEST_STEP][PASSED] - symbols = symbols: null

2019-08-24 13:02:21 - [TEST_STEP][PASSED] - for ([j = 0, j &lt; symbols.size(), (j++)]): null

2019-08-24 13:02:21 - [TEST_STEP][PASSED] - symbol = symbol: null

2019-08-24 13:02:21 - [TEST_STEP][PASSED] - println(symbol): null

2019-08-24 13:02:21 - [TEST_STEP][PASSED] - if (i == 2 &amp;&amp; wildList.indexOf(symbol) != -1): null

2019-08-24 13:02:21 - [TEST_STEP][PASSED] - if (i == 3 &amp;&amp; wildList.indexOf(symbol) != -1): null

2019-08-24 13:02:21 - [TEST_STEP][PASSED] - if (i == 4 &amp;&amp; wildList.indexOf(symbol) != -1): null

2019-08-24 13:02:21 - [TEST_STEP][PASSED] - symbol = symbol: null

2019-08-24 13:02:21 - [TEST_STEP][PASSED] - println(symbol): null

2019-08-24 13:02:21 - [TEST_STEP][PASSED] - if (i == 2 &amp;&amp; wildList.indexOf(symbol) != -1): null

2019-08-24 13:02:21 - [TEST_STEP][PASSED] - if (i == 3 &amp;&amp; wildList.indexOf(symbol) != -1): null

2019-08-24 13:02:21 - [TEST_STEP][PASSED] - if (i == 4 &amp;&amp; wildList.indexOf(symbol) != -1): null

2019-08-24 13:02:21 - [TEST_STEP][PASSED] - symbol = symbol: null

2019-08-24 13:02:21 - [TEST_STEP][PASSED] - println(symbol): null

2019-08-24 13:02:21 - [TEST_STEP][PASSED] - if (i == 2 &amp;&amp; wildList.indexOf(symbol) != -1): null

2019-08-24 13:02:21 - [TEST_STEP][PASSED] - if (i == 3 &amp;&amp; wildList.indexOf(symbol) != -1): null

2019-08-24 13:02:21 - [TEST_STEP][PASSED] - if (i == 4 &amp;&amp; wildList.indexOf(symbol) != -1): null

2019-08-24 13:02:21 - [TEST_STEP][PASSED] - symbols = symbols: null

2019-08-24 13:02:21 - [TEST_STEP][PASSED] - for ([j = 0, j &lt; symbols.size(), (j++)]): null

2019-08-24 13:02:21 - [TEST_STEP][PASSED] - symbol = symbol: null

2019-08-24 13:02:21 - [TEST_STEP][PASSED] - println(symbol): null

2019-08-24 13:02:21 - [TEST_STEP][PASSED] - if (i == 2 &amp;&amp; wildList.indexOf(symbol) != -1): null

2019-08-24 13:02:21 - [TEST_STEP][PASSED] - if (i == 3 &amp;&amp; wildList.indexOf(symbol) != -1): null

2019-08-24 13:02:21 - [TEST_STEP][PASSED] - if (i == 4 &amp;&amp; wildList.indexOf(symbol) != -1): null

2019-08-24 13:02:21 - [TEST_STEP][PASSED] - symbol = symbol: null

2019-08-24 13:02:21 - [TEST_STEP][PASSED] - println(symbol): null

2019-08-24 13:02:21 - [TEST_STEP][PASSED] - if (i == 2 &amp;&amp; wildList.indexOf(symbol) != -1): null

2019-08-24 13:02:21 - [TEST_STEP][PASSED] - if (i == 3 &amp;&amp; wildList.indexOf(symbol) != -1): null

2019-08-24 13:02:21 - [TEST_STEP][PASSED] - if (i == 4 &amp;&amp; wildList.indexOf(symbol) != -1): null

2019-08-24 13:02:21 - [TEST_STEP][PASSED] - symbol = symbol: null

2019-08-24 13:02:21 - [TEST_STEP][PASSED] - println(symbol): null

2019-08-24 13:02:21 - [TEST_STEP][PASSED] - if (i == 2 &amp;&amp; wildList.indexOf(symbol) != -1): null

2019-08-24 13:02:21 - [TEST_STEP][PASSED] - if (i == 3 &amp;&amp; wildList.indexOf(symbol) != -1): null

2019-08-24 13:02:21 - [TEST_STEP][PASSED] - if (i == 4 &amp;&amp; wildList.indexOf(symbol) != -1): null

2019-08-24 13:02:21 - [TEST_STEP][PASSED] - symbols = symbols: null

2019-08-24 13:02:21 - [TEST_STEP][PASSED] - for ([j = 0, j &lt; symbols.size(), (j++)]): null

2019-08-24 13:02:21 - [TEST_STEP][PASSED] - symbol = symbol: null

2019-08-24 13:02:21 - [TEST_STEP][PASSED] - println(symbol): null

2019-08-24 13:02:21 - [TEST_STEP][PASSED] - if (i == 2 &amp;&amp; wildList.indexOf(symbol) != -1): null

2019-08-24 13:02:21 - [TEST_STEP][PASSED] - if (i == 3 &amp;&amp; wildList.indexOf(symbol) != -1): null

2019-08-24 13:02:21 - [TEST_STEP][PASSED] - if (i == 4 &amp;&amp; wildList.indexOf(symbol) != -1): null

2019-08-24 13:02:21 - [TEST_STEP][PASSED] - symbol = symbol: null

2019-08-24 13:02:21 - [TEST_STEP][PASSED] - println(symbol): null

2019-08-24 13:02:21 - [TEST_STEP][PASSED] - if (i == 2 &amp;&amp; wildList.indexOf(symbol) != -1): null

2019-08-24 13:02:21 - [TEST_STEP][PASSED] - if (i == 3 &amp;&amp; wildList.indexOf(symbol) != -1): null

2019-08-24 13:02:21 - [TEST_STEP][PASSED] - if (i == 4 &amp;&amp; wildList.indexOf(symbol) != -1): null

2019-08-24 13:02:21 - [TEST_STEP][PASSED] - symbol = symbol: null

2019-08-24 13:02:21 - [TEST_STEP][PASSED] - println(symbol): null

2019-08-24 13:02:21 - [TEST_STEP][PASSED] - if (i == 2 &amp;&amp; wildList.indexOf(symbol) != -1): null

2019-08-24 13:02:21 - [TEST_STEP][PASSED] - if (i == 3 &amp;&amp; wildList.indexOf(symbol) != -1): null

2019-08-24 13:02:21 - [TEST_STEP][PASSED] - if (i == 4 &amp;&amp; wildList.indexOf(symbol) != -1): null

2019-08-24 13:02:21 - [TEST_STEP][PASSED] - symbols = symbols: null

2019-08-24 13:02:21 - [TEST_STEP][PASSED] - for ([j = 0, j &lt; symbols.size(), (j++)]): null

2019-08-24 13:02:21 - [TEST_STEP][PASSED] - symbol = symbol: null

2019-08-24 13:02:21 - [TEST_STEP][PASSED] - println(symbol): null

2019-08-24 13:02:21 - [TEST_STEP][PASSED] - if (i == 2 &amp;&amp; wildList.indexOf(symbol) != -1): null

2019-08-24 13:02:21 - [TEST_STEP][PASSED] - if (i == 3 &amp;&amp; wildList.indexOf(symbol) != -1): null

2019-08-24 13:02:21 - [TEST_STEP][PASSED] - if (i == 4 &amp;&amp; wildList.indexOf(symbol) != -1): null

2019-08-24 13:02:21 - [TEST_STEP][PASSED] - symbol = symbol: null

2019-08-24 13:02:21 - [TEST_STEP][PASSED] - println(symbol): null

2019-08-24 13:02:21 - [TEST_STEP][PASSED] - if (i == 2 &amp;&amp; wildList.indexOf(symbol) != -1): null

2019-08-24 13:02:25 - [TEST_STEP][PASSED] - if (i == 3 &amp;&amp; wildList.indexOf(symbol) != -1): null

2019-08-24 13:02:25 - [TEST_STEP][PASSED] - if (i == 4 &amp;&amp; wildList.indexOf(symbol) != -1): null

2019-08-24 13:02:25 - [TEST_STEP][PASSED] - println("wild found on reel 5, adding counter by 1"): null

2019-08-24 13:02:25 - [TEST_STEP][PASSED] - free_spin_reel_counter[2] = free_spin_reel_counter[2] + 1: null

2019-08-24 13:02:25 - [TEST_STEP][PASSED] - symbol = symbol: null

2019-08-24 13:02:25 - [TEST_STEP][PASSED] - println(symbol): null

2019-08-24 13:02:25 - [TEST_STEP][PASSED] - if (i == 2 &amp;&amp; wildList.indexOf(symbol) != -1): null

2019-08-24 13:02:25 - [TEST_STEP][PASSED] - if (i == 3 &amp;&amp; wildList.indexOf(symbol) != -1): null

2019-08-24 13:02:25 - [TEST_STEP][PASSED] - if (i == 4 &amp;&amp; wildList.indexOf(symbol) != -1): null

2019-08-24 13:02:27 - [TEST_STEP][PASSED] - free_spin_reel_counter = free_spin_reel_counter: null

2019-08-24 13:02:27 - [TEST_STEP][PASSED] - println("reel 3 wild found: " + free_spin_reel_counter[0]): null

2019-08-24 13:02:27 - [TEST_STEP][PASSED] - println("reel 4 wild found: " + free_spin_reel_counter[1]): null

2019-08-24 13:02:27 - [TEST_STEP][PASSED] - println("reel 5 wild found: " + free_spin_reel_counter[2]): null

2019-08-24 13:02:27 - [TEST_STEP][PASSED] - M4_spin_reels = M4_spin_reels: null

2019-08-24 13:02:27 - [TEST_STEP][PASSED] - M4_spin_reels_symbols = symbol: null

2019-08-24 13:02:27 - [TEST_STEP][PASSED] - M4_spin_reels_symbols = M4_spin_reels_symbols: null

2019-08-24 13:02:27 - [TEST_STEP][PASSED] - M4_spin_reel_wins = reel_wins: null

2019-08-24 13:02:27 - [TEST_STEP][PASSED] - M4_spin_reel_wins = M4_spin_reel_wins: null

2019-08-24 13:02:27 - [TEST_STEP][PASSED] - println("GlobalVariable.M4_spin_reel_wins is: " + M4_spin_reel_wins): null

2019-08-24 13:02:27 - [TEST_STEP][PASSED] - M4_spin_total_bonus_win_this_round = total_bonus_win_this_round: null

2019-08-24 13:02:27 - [TEST_STEP][PASSED] - M4_spin_total_bonus_win_this_round = M4_spin_total_bonus_win_this_round: null

2019-08-24 13:02:27 - [TEST_STEP][PASSED] - println("GlobalVariable.M4_spin_total_bonus_win_this_round is: " + M4_spin_total_bonus_win_this_round): null

2019-08-24 13:02:27 - [TEST_STEP][PASSED] - M4_spin_bonus_spin_result = spin_result: null

2019-08-24 13:02:27 - [TEST_STEP][PASSED] - M4_spin_bonus_spin_result = M4_spin_bonus_spin_result: null

2019-08-24 13:02:27 - [MESSAGE][PASSED] - Verify response successfully

2019-08-24 13:02:27 - [MESSAGE][PASSED] - Send request and verify the response successfully

2019-08-24 13:02:27 - [TEST_STEP][PASSED] - if (M4_total_bonus_spins_int != 0 &amp;&amp; M4_spin_reels_symbols[2].contains("WILD_Expanding")): null

2019-08-24 13:02:27 - [TEST_STEP][PASSED] - free_spin_reel_counter = free_spin_reel_counter: null

2019-08-24 13:02:27 - [TEST_STEP][PASSED] - M4_spin_reels_symbols = M4_spin_reels_symbols: null

2019-08-24 13:02:27 - [TEST_STEP][PASSED] - M4_total_bonus_spins = M4_total_bonus_spins: null

2019-08-24 13:02:27 - [TEST_STEP][PASSED] - spin_result = sendRequestAndVerify(findTestObject("INT/RGS(M4)/1_M4_spin", ["M4_login_user_id":M4_login_user_id, "rgs_session_token":rgs_session_token, "partner":Partner])): Send request and verify the response successfully

2019-08-24 13:02:28 - [MESSAGE][INFO] - HAR: /Users/eiralee/Katalon_Script/SuperWild/Reports/20190824_125957/INT/superWild_5/20190824_125957/requests/main/47.har

2019-08-24 13:02:28 - [TEST_CASE][PASSED] - Start Test Case : Verification: Verification accomplished successfully

2019-08-24 13:02:28 - [TEST_STEP][PASSED] - request = getInstance().getCurrentRequest(): null

2019-08-24 13:02:28 - [TEST_STEP][PASSED] - response = getInstance().getCurrentResponse(): null

2019-08-24 13:02:28 - [TEST_STEP][PASSED] - verifyResponseStatusCode(response, 200): Verify response status code successfully

2019-08-24 13:02:28 - [MESSAGE][PASSED] - Verify response status code successfully

2019-08-24 13:02:28 - [TEST_STEP][PASSED] - getStatusCode()).isEqualTo(200): null

2019-08-24 13:02:28 - [TEST_STEP][PASSED] - newline = System.getProperty("line.separator"): null

2019-08-24 13:02:28 - [TEST_STEP][PASSED] - M4_spin = new groovy.json.JsonSlurper(): null

2019-08-24 13:02:28 - [TEST_STEP][PASSED] - result_M4_spin = M4_spin.parseText(response.getResponseBodyContent()): null

2019-08-24 13:02:28 - [TEST_STEP][PASSED] - M4_spin_current_balance = current_balance: null

2019-08-24 13:02:28 - [TEST_STEP][PASSED] - M4_spin_current_balance = M4_spin_current_balance: null

2019-08-24 13:02:28 - [TEST_STEP][PASSED] - M4_spin_transaction_id = causality: null

2019-08-24 13:02:28 - [TEST_STEP][PASSED] - M4_spin_transaction_id = M4_spin_transaction_id: null

2019-08-24 13:02:28 - [TEST_STEP][PASSED] - M4_spin_round_id = round_id: null

2019-08-24 13:02:28 - [TEST_STEP][PASSED] - M4_spin_round_id = M4_spin_round_id: null

2019-08-24 13:02:28 - [TEST_STEP][PASSED] - M4_spin_line_wins = line_wins: null

2019-08-24 13:02:28 - [TEST_STEP][PASSED] - M4_spin_line_wins = M4_spin_line_wins: null

2019-08-24 13:02:28 - [TEST_STEP][PASSED] - M4_total_bonus_spins_int = total_bonus_spins: null

2019-08-24 13:02:28 - [TEST_STEP][PASSED] - println("******M4_total_bonus_spins type is:*******" + newline + getClass().getName()): null

2019-08-24 13:02:28 - [TEST_STEP][PASSED] - M4_total_bonus_spins_int = M4_total_bonus_spins_int: null

2019-08-24 13:02:28 - [TEST_STEP][PASSED] - M4_total_bonus_spins = Integer.toString(M4_total_bonus_spins_int): null

2019-08-24 13:02:28 - [TEST_STEP][PASSED] - M4_total_bonus_spins = M4_total_bonus_spins: null

2019-08-24 13:02:28 - [TEST_STEP][PASSED] - println("M4_total_bonus_spins is:" + M4_total_bonus_spins): null

2019-08-24 13:02:28 - [TEST_STEP][PASSED] - M4_spin_bonus_data = bonus_data: null

2019-08-24 13:02:28 - [TEST_STEP][PASSED] - M4_spin_features_triggered = result_M4_spin: null

2019-08-24 13:02:28 - [TEST_STEP][PASSED] - wild = []: null

2019-08-24 13:02:28 - [TEST_STEP][PASSED] - wild[0] = "WILD_Expanding": null

2019-08-24 13:02:28 - [TEST_STEP][PASSED] - wild[1] = "WILD_Normal": null

2019-08-24 13:02:28 - [TEST_STEP][PASSED] - wild[2] = "WILD_Double": null

2019-08-24 13:02:28 - [TEST_STEP][PASSED] - wild[3] = "WILD_ExtraFG": null

2019-08-24 13:02:28 - [TEST_STEP][PASSED] - wild[4] = "WILD_Triple": null

2019-08-24 13:02:28 - [TEST_STEP][PASSED] - wildList = Arrays.asList(wild): null

2019-08-24 13:02:28 - [TEST_STEP][PASSED] - wildList = wildList: null

2019-08-24 13:02:28 - [TEST_STEP][PASSED] - free_spin_reel_counter = []: null

2019-08-24 13:02:28 - [TEST_STEP][PASSED] - free_spin_reel_counter[0] = 0: null

2019-08-24 13:02:28 - [TEST_STEP][PASSED] - free_spin_reel_counter[1] = 0: null

2019-08-24 13:02:28 - [TEST_STEP][PASSED] - free_spin_reel_counter[2] = 0: null

2019-08-24 13:02:28 - [TEST_STEP][PASSED] - M4_spin_reels = reels: null

2019-08-24 13:02:28 - [TEST_STEP][PASSED] - for ([i = 0, i &lt; M4_spin_reels.size(), (i++)]): null

2019-08-24 13:02:28 - [TEST_STEP][PASSED] - symbols = symbols: null

2019-08-24 13:02:28 - [TEST_STEP][PASSED] - for ([j = 0, j &lt; symbols.size(), (j++)]): null

2019-08-24 13:02:28 - [TEST_STEP][PASSED] - symbol = symbol: null

2019-08-24 13:02:28 - [TEST_STEP][PASSED] - println(symbol): null

2019-08-24 13:02:28 - [TEST_STEP][PASSED] - if (i == 2 &amp;&amp; wildList.indexOf(symbol) != -1): null

2019-08-24 13:02:28 - [TEST_STEP][PASSED] - if (i == 3 &amp;&amp; wildList.indexOf(symbol) != -1): null

2019-08-24 13:02:28 - [TEST_STEP][PASSED] - if (i == 4 &amp;&amp; wildList.indexOf(symbol) != -1): null

2019-08-24 13:02:28 - [TEST_STEP][PASSED] - symbol = symbol: null

2019-08-24 13:02:28 - [TEST_STEP][PASSED] - println(symbol): null

2019-08-24 13:02:28 - [TEST_STEP][PASSED] - if (i == 2 &amp;&amp; wildList.indexOf(symbol) != -1): null

2019-08-24 13:02:28 - [TEST_STEP][PASSED] - if (i == 3 &amp;&amp; wildList.indexOf(symbol) != -1): null

2019-08-24 13:02:28 - [TEST_STEP][PASSED] - if (i == 4 &amp;&amp; wildList.indexOf(symbol) != -1): null

2019-08-24 13:02:28 - [TEST_STEP][PASSED] - symbol = symbol: null

2019-08-24 13:02:28 - [TEST_STEP][PASSED] - println(symbol): null

2019-08-24 13:02:28 - [TEST_STEP][PASSED] - if (i == 2 &amp;&amp; wildList.indexOf(symbol) != -1): null

2019-08-24 13:02:28 - [TEST_STEP][PASSED] - if (i == 3 &amp;&amp; wildList.indexOf(symbol) != -1): null

2019-08-24 13:02:28 - [TEST_STEP][PASSED] - if (i == 4 &amp;&amp; wildList.indexOf(symbol) != -1): null

2019-08-24 13:02:28 - [TEST_STEP][PASSED] - symbols = symbols: null

2019-08-24 13:02:28 - [TEST_STEP][PASSED] - for ([j = 0, j &lt; symbols.size(), (j++)]): null

2019-08-24 13:02:28 - [TEST_STEP][PASSED] - symbol = symbol: null

2019-08-24 13:02:28 - [TEST_STEP][PASSED] - println(symbol): null

2019-08-24 13:02:28 - [TEST_STEP][PASSED] - if (i == 2 &amp;&amp; wildList.indexOf(symbol) != -1): null

2019-08-24 13:02:28 - [TEST_STEP][PASSED] - if (i == 3 &amp;&amp; wildList.indexOf(symbol) != -1): null

2019-08-24 13:02:28 - [TEST_STEP][PASSED] - if (i == 4 &amp;&amp; wildList.indexOf(symbol) != -1): null

2019-08-24 13:02:28 - [TEST_STEP][PASSED] - symbol = symbol: null

2019-08-24 13:02:28 - [TEST_STEP][PASSED] - println(symbol): null

2019-08-24 13:02:28 - [TEST_STEP][PASSED] - if (i == 2 &amp;&amp; wildList.indexOf(symbol) != -1): null

2019-08-24 13:02:28 - [TEST_STEP][PASSED] - if (i == 3 &amp;&amp; wildList.indexOf(symbol) != -1): null

2019-08-24 13:02:28 - [TEST_STEP][PASSED] - if (i == 4 &amp;&amp; wildList.indexOf(symbol) != -1): null

2019-08-24 13:02:28 - [TEST_STEP][PASSED] - symbol = symbol: null

2019-08-24 13:02:28 - [TEST_STEP][PASSED] - println(symbol): null

2019-08-24 13:02:28 - [TEST_STEP][PASSED] - if (i == 2 &amp;&amp; wildList.indexOf(symbol) != -1): null

2019-08-24 13:02:28 - [TEST_STEP][PASSED] - if (i == 3 &amp;&amp; wildList.indexOf(symbol) != -1): null

2019-08-24 13:02:28 - [TEST_STEP][PASSED] - if (i == 4 &amp;&amp; wildList.indexOf(symbol) != -1): null

2019-08-24 13:02:28 - [TEST_STEP][PASSED] - symbols = symbols: null

2019-08-24 13:02:28 - [TEST_STEP][PASSED] - for ([j = 0, j &lt; symbols.size(), (j++)]): null

2019-08-24 13:02:28 - [TEST_STEP][PASSED] - symbol = symbol: null

2019-08-24 13:02:28 - [TEST_STEP][PASSED] - println(symbol): null

2019-08-24 13:02:28 - [TEST_STEP][PASSED] - if (i == 2 &amp;&amp; wildList.indexOf(symbol) != -1): null

2019-08-24 13:02:28 - [TEST_STEP][PASSED] - if (i == 3 &amp;&amp; wildList.indexOf(symbol) != -1): null

2019-08-24 13:02:28 - [TEST_STEP][PASSED] - if (i == 4 &amp;&amp; wildList.indexOf(symbol) != -1): null

2019-08-24 13:02:28 - [TEST_STEP][PASSED] - symbol = symbol: null

2019-08-24 13:02:28 - [TEST_STEP][PASSED] - println(symbol): null

2019-08-24 13:02:28 - [TEST_STEP][PASSED] - if (i == 2 &amp;&amp; wildList.indexOf(symbol) != -1): null

2019-08-24 13:02:28 - [TEST_STEP][PASSED] - if (i == 3 &amp;&amp; wildList.indexOf(symbol) != -1): null

2019-08-24 13:02:28 - [TEST_STEP][PASSED] - if (i == 4 &amp;&amp; wildList.indexOf(symbol) != -1): null

2019-08-24 13:02:28 - [TEST_STEP][PASSED] - symbol = symbol: null

2019-08-24 13:02:28 - [TEST_STEP][PASSED] - println(symbol): null

2019-08-24 13:02:28 - [TEST_STEP][PASSED] - if (i == 2 &amp;&amp; wildList.indexOf(symbol) != -1): null

2019-08-24 13:02:28 - [TEST_STEP][PASSED] - if (i == 3 &amp;&amp; wildList.indexOf(symbol) != -1): null

2019-08-24 13:02:28 - [TEST_STEP][PASSED] - if (i == 4 &amp;&amp; wildList.indexOf(symbol) != -1): null

2019-08-24 13:02:28 - [TEST_STEP][PASSED] - symbols = symbols: null

2019-08-24 13:02:28 - [TEST_STEP][PASSED] - for ([j = 0, j &lt; symbols.size(), (j++)]): null

2019-08-24 13:02:28 - [TEST_STEP][PASSED] - symbol = symbol: null

2019-08-24 13:02:28 - [TEST_STEP][PASSED] - println(symbol): null

2019-08-24 13:02:28 - [TEST_STEP][PASSED] - if (i == 2 &amp;&amp; wildList.indexOf(symbol) != -1): null

2019-08-24 13:02:28 - [TEST_STEP][PASSED] - if (i == 3 &amp;&amp; wildList.indexOf(symbol) != -1): null

2019-08-24 13:02:28 - [TEST_STEP][PASSED] - if (i == 4 &amp;&amp; wildList.indexOf(symbol) != -1): null

2019-08-24 13:02:28 - [TEST_STEP][PASSED] - symbol = symbol: null

2019-08-24 13:02:28 - [TEST_STEP][PASSED] - println(symbol): null

2019-08-24 13:02:28 - [TEST_STEP][PASSED] - if (i == 2 &amp;&amp; wildList.indexOf(symbol) != -1): null

2019-08-24 13:02:28 - [TEST_STEP][PASSED] - if (i == 3 &amp;&amp; wildList.indexOf(symbol) != -1): null

2019-08-24 13:02:28 - [TEST_STEP][PASSED] - if (i == 4 &amp;&amp; wildList.indexOf(symbol) != -1): null

2019-08-24 13:02:28 - [TEST_STEP][PASSED] - symbol = symbol: null

2019-08-24 13:02:28 - [TEST_STEP][PASSED] - println(symbol): null

2019-08-24 13:02:28 - [TEST_STEP][PASSED] - if (i == 2 &amp;&amp; wildList.indexOf(symbol) != -1): null

2019-08-24 13:02:28 - [TEST_STEP][PASSED] - if (i == 3 &amp;&amp; wildList.indexOf(symbol) != -1): null

2019-08-24 13:02:28 - [TEST_STEP][PASSED] - if (i == 4 &amp;&amp; wildList.indexOf(symbol) != -1): null

2019-08-24 13:02:28 - [TEST_STEP][PASSED] - symbols = symbols: null

2019-08-24 13:02:28 - [TEST_STEP][PASSED] - for ([j = 0, j &lt; symbols.size(), (j++)]): null

2019-08-24 13:02:28 - [TEST_STEP][PASSED] - symbol = symbol: null

2019-08-24 13:02:28 - [TEST_STEP][PASSED] - println(symbol): null

2019-08-24 13:02:28 - [TEST_STEP][PASSED] - if (i == 2 &amp;&amp; wildList.indexOf(symbol) != -1): null

2019-08-24 13:02:28 - [TEST_STEP][PASSED] - if (i == 3 &amp;&amp; wildList.indexOf(symbol) != -1): null

2019-08-24 13:02:28 - [TEST_STEP][PASSED] - if (i == 4 &amp;&amp; wildList.indexOf(symbol) != -1): null

2019-08-24 13:02:28 - [TEST_STEP][PASSED] - symbol = symbol: null

2019-08-24 13:02:28 - [TEST_STEP][PASSED] - println(symbol): null

2019-08-24 13:02:28 - [TEST_STEP][PASSED] - if (i == 2 &amp;&amp; wildList.indexOf(symbol) != -1): null

2019-08-24 13:02:28 - [TEST_STEP][PASSED] - if (i == 3 &amp;&amp; wildList.indexOf(symbol) != -1): null

2019-08-24 13:02:28 - [TEST_STEP][PASSED] - if (i == 4 &amp;&amp; wildList.indexOf(symbol) != -1): null

2019-08-24 13:02:28 - [TEST_STEP][PASSED] - symbol = symbol: null

2019-08-24 13:02:28 - [TEST_STEP][PASSED] - println(symbol): null

2019-08-24 13:02:28 - [TEST_STEP][PASSED] - if (i == 2 &amp;&amp; wildList.indexOf(symbol) != -1): null

2019-08-24 13:02:28 - [TEST_STEP][PASSED] - if (i == 3 &amp;&amp; wildList.indexOf(symbol) != -1): null

2019-08-24 13:02:28 - [TEST_STEP][PASSED] - if (i == 4 &amp;&amp; wildList.indexOf(symbol) != -1): null

2019-08-24 13:02:28 - [TEST_STEP][PASSED] - println("wild found on reel 5, adding counter by 1"): null

2019-08-24 13:02:28 - [TEST_STEP][PASSED] - free_spin_reel_counter[2] = free_spin_reel_counter[2] + 1: null

2019-08-24 13:02:28 - [TEST_STEP][PASSED] - free_spin_reel_counter = free_spin_reel_counter: null

2019-08-24 13:02:28 - [TEST_STEP][PASSED] - println("reel 3 wild found: " + free_spin_reel_counter[0]): null

2019-08-24 13:02:28 - [TEST_STEP][PASSED] - println("reel 4 wild found: " + free_spin_reel_counter[1]): null

2019-08-24 13:02:28 - [TEST_STEP][PASSED] - println("reel 5 wild found: " + free_spin_reel_counter[2]): null

2019-08-24 13:02:28 - [TEST_STEP][PASSED] - M4_spin_reels = M4_spin_reels: null

2019-08-24 13:02:28 - [TEST_STEP][PASSED] - M4_spin_reels_symbols = symbol: null

2019-08-24 13:02:28 - [TEST_STEP][PASSED] - M4_spin_reels_symbols = M4_spin_reels_symbols: null

2019-08-24 13:02:28 - [TEST_STEP][PASSED] - M4_spin_reel_wins = reel_wins: null

2019-08-24 13:02:28 - [TEST_STEP][PASSED] - M4_spin_reel_wins = M4_spin_reel_wins: null

2019-08-24 13:02:28 - [TEST_STEP][PASSED] - println("GlobalVariable.M4_spin_reel_wins is: " + M4_spin_reel_wins): null

2019-08-24 13:02:28 - [TEST_STEP][PASSED] - M4_spin_total_bonus_win_this_round = total_bonus_win_this_round: null

2019-08-24 13:02:28 - [TEST_STEP][PASSED] - M4_spin_total_bonus_win_this_round = M4_spin_total_bonus_win_this_round: null

2019-08-24 13:02:28 - [TEST_STEP][PASSED] - println("GlobalVariable.M4_spin_total_bonus_win_this_round is: " + M4_spin_total_bonus_win_this_round): null

2019-08-24 13:02:28 - [TEST_STEP][PASSED] - M4_spin_bonus_spin_result = spin_result: null

2019-08-24 13:02:28 - [TEST_STEP][PASSED] - M4_spin_bonus_spin_result = M4_spin_bonus_spin_result: null

2019-08-24 13:02:28 - [MESSAGE][PASSED] - Verify response successfully

2019-08-24 13:02:28 - [MESSAGE][PASSED] - Send request and verify the response successfully

2019-08-24 13:02:28 - [TEST_STEP][PASSED] - if (M4_total_bonus_spins_int != 0 &amp;&amp; M4_spin_reels_symbols[2].contains("WILD_Expanding")): null

2019-08-24 13:02:28 - [TEST_STEP][PASSED] - free_spin_reel_counter = free_spin_reel_counter: null

2019-08-24 13:02:28 - [TEST_STEP][PASSED] - M4_spin_reels_symbols = M4_spin_reels_symbols: null

2019-08-24 13:02:28 - [TEST_STEP][PASSED] - M4_total_bonus_spins = M4_total_bonus_spins: null

2019-08-24 13:02:28 - [TEST_STEP][PASSED] - spin_result = sendRequestAndVerify(findTestObject("INT/RGS(M4)/1_M4_spin", ["M4_login_user_id":M4_login_user_id, "rgs_session_token":rgs_session_token, "partner":Partner])): Send request and verify the response successfully

2019-08-24 13:02:28 - [MESSAGE][INFO] - HAR: /Users/eiralee/Katalon_Script/SuperWild/Reports/20190824_125957/INT/superWild_5/20190824_125957/requests/main/48.har

2019-08-24 13:02:28 - [TEST_CASE][PASSED] - Start Test Case : Verification: Verification accomplished successfully

2019-08-24 13:02:28 - [TEST_STEP][PASSED] - request = getInstance().getCurrentRequest(): null

2019-08-24 13:02:28 - [TEST_STEP][PASSED] - response = getInstance().getCurrentResponse(): null

2019-08-24 13:02:28 - [TEST_STEP][PASSED] - verifyResponseStatusCode(response, 200): Verify response status code successfully

2019-08-24 13:02:28 - [MESSAGE][PASSED] - Verify response status code successfully

2019-08-24 13:02:28 - [TEST_STEP][PASSED] - getStatusCode()).isEqualTo(200): null

2019-08-24 13:02:28 - [TEST_STEP][PASSED] - newline = System.getProperty("line.separator"): null

2019-08-24 13:02:28 - [TEST_STEP][PASSED] - M4_spin = new groovy.json.JsonSlurper(): null

2019-08-24 13:02:28 - [TEST_STEP][PASSED] - result_M4_spin = M4_spin.parseText(response.getResponseBodyContent()): null

2019-08-24 13:02:28 - [TEST_STEP][PASSED] - M4_spin_current_balance = current_balance: null

2019-08-24 13:02:28 - [TEST_STEP][PASSED] - M4_spin_current_balance = M4_spin_current_balance: null

2019-08-24 13:02:28 - [TEST_STEP][PASSED] - M4_spin_transaction_id = causality: null

2019-08-24 13:02:28 - [TEST_STEP][PASSED] - M4_spin_transaction_id = M4_spin_transaction_id: null

2019-08-24 13:02:28 - [TEST_STEP][PASSED] - M4_spin_round_id = round_id: null

2019-08-24 13:02:28 - [TEST_STEP][PASSED] - M4_spin_round_id = M4_spin_round_id: null

2019-08-24 13:02:28 - [TEST_STEP][PASSED] - M4_spin_line_wins = line_wins: null

2019-08-24 13:02:28 - [TEST_STEP][PASSED] - M4_spin_line_wins = M4_spin_line_wins: null

2019-08-24 13:02:28 - [TEST_STEP][PASSED] - M4_total_bonus_spins_int = total_bonus_spins: null

2019-08-24 13:02:28 - [TEST_STEP][PASSED] - println("******M4_total_bonus_spins type is:*******" + newline + getClass().getName()): null

2019-08-24 13:02:28 - [TEST_STEP][PASSED] - M4_total_bonus_spins_int = M4_total_bonus_spins_int: null

2019-08-24 13:02:28 - [TEST_STEP][PASSED] - M4_total_bonus_spins = Integer.toString(M4_total_bonus_spins_int): null

2019-08-24 13:02:28 - [TEST_STEP][PASSED] - M4_total_bonus_spins = M4_total_bonus_spins: null

2019-08-24 13:02:28 - [TEST_STEP][PASSED] - println("M4_total_bonus_spins is:" + M4_total_bonus_spins): null

2019-08-24 13:02:28 - [TEST_STEP][PASSED] - M4_spin_bonus_data = bonus_data: null

2019-08-24 13:02:28 - [TEST_STEP][PASSED] - M4_spin_features_triggered = result_M4_spin: null

2019-08-24 13:02:28 - [TEST_STEP][PASSED] - wild = []: null

2019-08-24 13:02:28 - [TEST_STEP][PASSED] - wild[0] = "WILD_Expanding": null

2019-08-24 13:02:28 - [TEST_STEP][PASSED] - wild[1] = "WILD_Normal": null

2019-08-24 13:02:28 - [TEST_STEP][PASSED] - wild[2] = "WILD_Double": null

2019-08-24 13:02:28 - [TEST_STEP][PASSED] - wild[3] = "WILD_ExtraFG": null

2019-08-24 13:02:28 - [TEST_STEP][PASSED] - wild[4] = "WILD_Triple": null

2019-08-24 13:02:28 - [TEST_STEP][PASSED] - wildList = Arrays.asList(wild): null

2019-08-24 13:02:28 - [TEST_STEP][PASSED] - wildList = wildList: null

2019-08-24 13:02:28 - [TEST_STEP][PASSED] - free_spin_reel_counter = []: null

2019-08-24 13:02:28 - [TEST_STEP][PASSED] - free_spin_reel_counter[0] = 0: null

2019-08-24 13:02:28 - [TEST_STEP][PASSED] - free_spin_reel_counter[1] = 0: null

2019-08-24 13:02:28 - [TEST_STEP][PASSED] - free_spin_reel_counter[2] = 0: null

2019-08-24 13:02:28 - [TEST_STEP][PASSED] - M4_spin_reels = reels: null

2019-08-24 13:02:28 - [TEST_STEP][PASSED] - for ([i = 0, i &lt; M4_spin_reels.size(), (i++)]): null

2019-08-24 13:02:28 - [TEST_STEP][PASSED] - symbols = symbols: null

2019-08-24 13:02:28 - [TEST_STEP][PASSED] - for ([j = 0, j &lt; symbols.size(), (j++)]): null

2019-08-24 13:02:28 - [TEST_STEP][PASSED] - symbol = symbol: null

2019-08-24 13:02:28 - [TEST_STEP][PASSED] - println(symbol): null

2019-08-24 13:02:28 - [TEST_STEP][PASSED] - if (i == 2 &amp;&amp; wildList.indexOf(symbol) != -1): null

2019-08-24 13:02:28 - [TEST_STEP][PASSED] - if (i == 3 &amp;&amp; wildList.indexOf(symbol) != -1): null

2019-08-24 13:02:28 - [TEST_STEP][PASSED] - if (i == 4 &amp;&amp; wildList.indexOf(symbol) != -1): null

2019-08-24 13:02:28 - [TEST_STEP][PASSED] - symbol = symbol: null

2019-08-24 13:02:28 - [TEST_STEP][PASSED] - println(symbol): null

2019-08-24 13:02:28 - [TEST_STEP][PASSED] - if (i == 2 &amp;&amp; wildList.indexOf(symbol) != -1): null

2019-08-24 13:02:28 - [TEST_STEP][PASSED] - if (i == 3 &amp;&amp; wildList.indexOf(symbol) != -1): null

2019-08-24 13:02:28 - [TEST_STEP][PASSED] - if (i == 4 &amp;&amp; wildList.indexOf(symbol) != -1): null

2019-08-24 13:02:28 - [TEST_STEP][PASSED] - symbol = symbol: null

2019-08-24 13:02:28 - [TEST_STEP][PASSED] - println(symbol): null

2019-08-24 13:02:28 - [TEST_STEP][PASSED] - if (i == 2 &amp;&amp; wildList.indexOf(symbol) != -1): null

2019-08-24 13:02:28 - [TEST_STEP][PASSED] - if (i == 3 &amp;&amp; wildList.indexOf(symbol) != -1): null

2019-08-24 13:02:28 - [TEST_STEP][PASSED] - if (i == 4 &amp;&amp; wildList.indexOf(symbol) != -1): null

2019-08-24 13:02:28 - [TEST_STEP][PASSED] - symbols = symbols: null

2019-08-24 13:02:28 - [TEST_STEP][PASSED] - for ([j = 0, j &lt; symbols.size(), (j++)]): null

2019-08-24 13:02:28 - [TEST_STEP][PASSED] - symbol = symbol: null

2019-08-24 13:02:28 - [TEST_STEP][PASSED] - println(symbol): null

2019-08-24 13:02:28 - [TEST_STEP][PASSED] - if (i == 2 &amp;&amp; wildList.indexOf(symbol) != -1): null

2019-08-24 13:02:28 - [TEST_STEP][PASSED] - if (i == 3 &amp;&amp; wildList.indexOf(symbol) != -1): null

2019-08-24 13:02:28 - [TEST_STEP][PASSED] - if (i == 4 &amp;&amp; wildList.indexOf(symbol) != -1): null

2019-08-24 13:02:28 - [TEST_STEP][PASSED] - symbol = symbol: null

2019-08-24 13:02:28 - [TEST_STEP][PASSED] - println(symbol): null

2019-08-24 13:02:28 - [TEST_STEP][PASSED] - if (i == 2 &amp;&amp; wildList.indexOf(symbol) != -1): null

2019-08-24 13:02:28 - [TEST_STEP][PASSED] - if (i == 3 &amp;&amp; wildList.indexOf(symbol) != -1): null

2019-08-24 13:02:28 - [TEST_STEP][PASSED] - if (i == 4 &amp;&amp; wildList.indexOf(symbol) != -1): null

2019-08-24 13:02:28 - [TEST_STEP][PASSED] - symbol = symbol: null

2019-08-24 13:02:28 - [TEST_STEP][PASSED] - println(symbol): null

2019-08-24 13:02:28 - [TEST_STEP][PASSED] - if (i == 2 &amp;&amp; wildList.indexOf(symbol) != -1): null

2019-08-24 13:02:28 - [TEST_STEP][PASSED] - if (i == 3 &amp;&amp; wildList.indexOf(symbol) != -1): null

2019-08-24 13:02:28 - [TEST_STEP][PASSED] - if (i == 4 &amp;&amp; wildList.indexOf(symbol) != -1): null

2019-08-24 13:02:28 - [TEST_STEP][PASSED] - symbols = symbols: null

2019-08-24 13:02:28 - [TEST_STEP][PASSED] - for ([j = 0, j &lt; symbols.size(), (j++)]): null

2019-08-24 13:02:28 - [TEST_STEP][PASSED] - symbol = symbol: null

2019-08-24 13:02:28 - [TEST_STEP][PASSED] - println(symbol): null

2019-08-24 13:02:28 - [TEST_STEP][PASSED] - if (i == 2 &amp;&amp; wildList.indexOf(symbol) != -1): null

2019-08-24 13:02:28 - [TEST_STEP][PASSED] - println("wild found on reel 3, adding counter by 1"): null

2019-08-24 13:02:28 - [TEST_STEP][PASSED] - free_spin_reel_counter[0] = free_spin_reel_counter[0] + 1: null

2019-08-24 13:02:28 - [TEST_STEP][PASSED] - if (i == 3 &amp;&amp; wildList.indexOf(symbol) != -1): null

2019-08-24 13:02:28 - [TEST_STEP][PASSED] - if (i == 4 &amp;&amp; wildList.indexOf(symbol) != -1): null

2019-08-24 13:02:28 - [TEST_STEP][PASSED] - symbol = symbol: null

2019-08-24 13:02:28 - [TEST_STEP][PASSED] - println(symbol): null

2019-08-24 13:02:28 - [TEST_STEP][PASSED] - if (i == 2 &amp;&amp; wildList.indexOf(symbol) != -1): null

2019-08-24 13:02:28 - [TEST_STEP][PASSED] - if (i == 3 &amp;&amp; wildList.indexOf(symbol) != -1): null

2019-08-24 13:02:29 - [TEST_STEP][PASSED] - if (i == 4 &amp;&amp; wildList.indexOf(symbol) != -1): null

2019-08-24 13:02:29 - [TEST_STEP][PASSED] - symbol = symbol: null

2019-08-24 13:02:29 - [TEST_STEP][PASSED] - println(symbol): null

2019-08-24 13:02:29 - [TEST_STEP][PASSED] - if (i == 2 &amp;&amp; wildList.indexOf(symbol) != -1): null

2019-08-24 13:02:29 - [TEST_STEP][PASSED] - if (i == 3 &amp;&amp; wildList.indexOf(symbol) != -1): null

2019-08-24 13:02:29 - [TEST_STEP][PASSED] - if (i == 4 &amp;&amp; wildList.indexOf(symbol) != -1): null

2019-08-24 13:02:29 - [TEST_STEP][PASSED] - symbols = symbols: null

2019-08-24 13:02:29 - [TEST_STEP][PASSED] - for ([j = 0, j &lt; symbols.size(), (j++)]): null

2019-08-24 13:02:29 - [TEST_STEP][PASSED] - symbol = symbol: null

2019-08-24 13:02:29 - [TEST_STEP][PASSED] - println(symbol): null

2019-08-24 13:02:29 - [TEST_STEP][PASSED] - if (i == 2 &amp;&amp; wildList.indexOf(symbol) != -1): null

2019-08-24 13:02:29 - [TEST_STEP][PASSED] - if (i == 3 &amp;&amp; wildList.indexOf(symbol) != -1): null

2019-08-24 13:02:29 - [TEST_STEP][PASSED] - if (i == 4 &amp;&amp; wildList.indexOf(symbol) != -1): null

2019-08-24 13:02:29 - [TEST_STEP][PASSED] - symbol = symbol: null

2019-08-24 13:02:29 - [TEST_STEP][PASSED] - println(symbol): null

2019-08-24 13:02:29 - [TEST_STEP][PASSED] - if (i == 2 &amp;&amp; wildList.indexOf(symbol) != -1): null

2019-08-24 13:02:29 - [TEST_STEP][PASSED] - if (i == 3 &amp;&amp; wildList.indexOf(symbol) != -1): null

2019-08-24 13:02:29 - [TEST_STEP][PASSED] - if (i == 4 &amp;&amp; wildList.indexOf(symbol) != -1): null

2019-08-24 13:02:29 - [TEST_STEP][PASSED] - symbol = symbol: null

2019-08-24 13:02:29 - [TEST_STEP][PASSED] - println(symbol): null

2019-08-24 13:02:29 - [TEST_STEP][PASSED] - if (i == 2 &amp;&amp; wildList.indexOf(symbol) != -1): null

2019-08-24 13:02:29 - [TEST_STEP][PASSED] - if (i == 3 &amp;&amp; wildList.indexOf(symbol) != -1): null

2019-08-24 13:02:29 - [TEST_STEP][PASSED] - if (i == 4 &amp;&amp; wildList.indexOf(symbol) != -1): null

2019-08-24 13:02:29 - [TEST_STEP][PASSED] - symbols = symbols: null

2019-08-24 13:02:29 - [TEST_STEP][PASSED] - for ([j = 0, j &lt; symbols.size(), (j++)]): null

2019-08-24 13:02:29 - [TEST_STEP][PASSED] - symbol = symbol: null

2019-08-24 13:02:29 - [TEST_STEP][PASSED] - println(symbol): null

2019-08-24 13:02:29 - [TEST_STEP][PASSED] - if (i == 2 &amp;&amp; wildList.indexOf(symbol) != -1): null

2019-08-24 13:02:29 - [TEST_STEP][PASSED] - if (i == 3 &amp;&amp; wildList.indexOf(symbol) != -1): null

2019-08-24 13:02:29 - [TEST_STEP][PASSED] - if (i == 4 &amp;&amp; wildList.indexOf(symbol) != -1): null

2019-08-24 13:02:29 - [TEST_STEP][PASSED] - symbol = symbol: null

2019-08-24 13:02:29 - [TEST_STEP][PASSED] - println(symbol): null

2019-08-24 13:02:29 - [TEST_STEP][PASSED] - if (i == 2 &amp;&amp; wildList.indexOf(symbol) != -1): null

2019-08-24 13:02:29 - [TEST_STEP][PASSED] - if (i == 3 &amp;&amp; wildList.indexOf(symbol) != -1): null

2019-08-24 13:02:29 - [TEST_STEP][PASSED] - if (i == 4 &amp;&amp; wildList.indexOf(symbol) != -1): null

2019-08-24 13:02:29 - [TEST_STEP][PASSED] - symbol = symbol: null

2019-08-24 13:02:29 - [TEST_STEP][PASSED] - println(symbol): null

2019-08-24 13:02:29 - [TEST_STEP][PASSED] - if (i == 2 &amp;&amp; wildList.indexOf(symbol) != -1): null

2019-08-24 13:02:29 - [TEST_STEP][PASSED] - if (i == 3 &amp;&amp; wildList.indexOf(symbol) != -1): null

2019-08-24 13:02:29 - [TEST_STEP][PASSED] - if (i == 4 &amp;&amp; wildList.indexOf(symbol) != -1): null

2019-08-24 13:02:29 - [TEST_STEP][PASSED] - println("wild found on reel 5, adding counter by 1"): null

2019-08-24 13:02:29 - [TEST_STEP][PASSED] - free_spin_reel_counter[2] = free_spin_reel_counter[2] + 1: null

2019-08-24 13:02:29 - [TEST_STEP][PASSED] - free_spin_reel_counter = free_spin_reel_counter: null

2019-08-24 13:02:29 - [TEST_STEP][PASSED] - println("reel 3 wild found: " + free_spin_reel_counter[0]): null

2019-08-24 13:02:29 - [TEST_STEP][PASSED] - println("reel 4 wild found: " + free_spin_reel_counter[1]): null

2019-08-24 13:02:29 - [TEST_STEP][PASSED] - println("reel 5 wild found: " + free_spin_reel_counter[2]): null

2019-08-24 13:02:29 - [TEST_STEP][PASSED] - M4_spin_reels = M4_spin_reels: null

2019-08-24 13:02:29 - [TEST_STEP][PASSED] - M4_spin_reels_symbols = symbol: null

2019-08-24 13:02:29 - [TEST_STEP][PASSED] - M4_spin_reels_symbols = M4_spin_reels_symbols: null

2019-08-24 13:02:29 - [TEST_STEP][PASSED] - M4_spin_reel_wins = reel_wins: null

2019-08-24 13:02:29 - [TEST_STEP][PASSED] - M4_spin_reel_wins = M4_spin_reel_wins: null

2019-08-24 13:02:29 - [TEST_STEP][PASSED] - println("GlobalVariable.M4_spin_reel_wins is: " + M4_spin_reel_wins): null

2019-08-24 13:02:29 - [TEST_STEP][PASSED] - M4_spin_total_bonus_win_this_round = total_bonus_win_this_round: null

2019-08-24 13:02:29 - [TEST_STEP][PASSED] - M4_spin_total_bonus_win_this_round = M4_spin_total_bonus_win_this_round: null

2019-08-24 13:02:29 - [TEST_STEP][PASSED] - println("GlobalVariable.M4_spin_total_bonus_win_this_round is: " + M4_spin_total_bonus_win_this_round): null

2019-08-24 13:02:29 - [TEST_STEP][PASSED] - M4_spin_bonus_spin_result = spin_result: null

2019-08-24 13:02:29 - [TEST_STEP][PASSED] - M4_spin_bonus_spin_result = M4_spin_bonus_spin_result: null

2019-08-24 13:02:29 - [MESSAGE][PASSED] - Verify response successfully

2019-08-24 13:02:29 - [MESSAGE][PASSED] - Send request and verify the response successfully

2019-08-24 13:02:29 - [TEST_STEP][PASSED] - if (M4_total_bonus_spins_int != 0 &amp;&amp; M4_spin_reels_symbols[2].contains("WILD_Expanding")): null

2019-08-24 13:02:29 - [TEST_STEP][PASSED] - free_spin_reel_counter = free_spin_reel_counter: null

2019-08-24 13:02:29 - [TEST_STEP][PASSED] - M4_spin_reels_symbols = M4_spin_reels_symbols: null

2019-08-24 13:02:29 - [TEST_STEP][PASSED] - M4_total_bonus_spins = M4_total_bonus_spins: null

2019-08-24 13:02:29 - [TEST_STEP][PASSED] - spin_result = sendRequestAndVerify(findTestObject("INT/RGS(M4)/1_M4_spin", ["M4_login_user_id":M4_login_user_id, "rgs_session_token":rgs_session_token, "partner":Partner])): Send request and verify the response successfully

2019-08-24 13:02:33 - [MESSAGE][INFO] - HAR: /Users/eiralee/Katalon_Script/SuperWild/Reports/20190824_125957/INT/superWild_5/20190824_125957/requests/main/49.har

2019-08-24 13:02:33 - [TEST_CASE][PASSED] - Start Test Case : Verification: Verification accomplished successfully

2019-08-24 13:02:33 - [TEST_STEP][PASSED] - request = getInstance().getCurrentRequest(): null

2019-08-24 13:02:33 - [TEST_STEP][PASSED] - response = getInstance().getCurrentResponse(): null

2019-08-24 13:02:33 - [TEST_STEP][PASSED] - verifyResponseStatusCode(response, 200): Verify response status code successfully

2019-08-24 13:02:33 - [MESSAGE][PASSED] - Verify response status code successfully

2019-08-24 13:02:33 - [TEST_STEP][PASSED] - getStatusCode()).isEqualTo(200): null

2019-08-24 13:02:33 - [TEST_STEP][PASSED] - newline = System.getProperty("line.separator"): null

2019-08-24 13:02:33 - [TEST_STEP][PASSED] - M4_spin = new groovy.json.JsonSlurper(): null

2019-08-24 13:02:33 - [TEST_STEP][PASSED] - result_M4_spin = M4_spin.parseText(response.getResponseBodyContent()): null

2019-08-24 13:02:33 - [TEST_STEP][PASSED] - M4_spin_current_balance = current_balance: null

2019-08-24 13:02:33 - [TEST_STEP][PASSED] - M4_spin_current_balance = M4_spin_current_balance: null

2019-08-24 13:02:35 - [TEST_STEP][PASSED] - M4_spin_transaction_id = causality: null

2019-08-24 13:02:35 - [TEST_STEP][PASSED] - M4_spin_transaction_id = M4_spin_transaction_id: null

2019-08-24 13:02:35 - [TEST_STEP][PASSED] - M4_spin_round_id = round_id: null

2019-08-24 13:02:35 - [TEST_STEP][PASSED] - M4_spin_round_id = M4_spin_round_id: null

2019-08-24 13:02:35 - [TEST_STEP][PASSED] - M4_spin_line_wins = line_wins: null

2019-08-24 13:02:35 - [TEST_STEP][PASSED] - M4_spin_line_wins = M4_spin_line_wins: null

2019-08-24 13:02:35 - [TEST_STEP][PASSED] - M4_total_bonus_spins_int = total_bonus_spins: null

2019-08-24 13:02:35 - [TEST_STEP][PASSED] - println("******M4_total_bonus_spins type is:*******" + newline + getClass().getName()): null

2019-08-24 13:02:35 - [TEST_STEP][PASSED] - M4_total_bonus_spins_int = M4_total_bonus_spins_int: null

2019-08-24 13:02:35 - [TEST_STEP][PASSED] - M4_total_bonus_spins = Integer.toString(M4_total_bonus_spins_int): null

2019-08-24 13:02:35 - [TEST_STEP][PASSED] - M4_total_bonus_spins = M4_total_bonus_spins: null

2019-08-24 13:02:35 - [TEST_STEP][PASSED] - println("M4_total_bonus_spins is:" + M4_total_bonus_spins): null

2019-08-24 13:02:35 - [TEST_STEP][PASSED] - M4_spin_bonus_data = bonus_data: null

2019-08-24 13:02:35 - [TEST_STEP][PASSED] - M4_spin_features_triggered = result_M4_spin: null

2019-08-24 13:02:35 - [TEST_STEP][PASSED] - wild = []: null

2019-08-24 13:02:35 - [TEST_STEP][PASSED] - wild[0] = "WILD_Expanding": null

2019-08-24 13:02:35 - [TEST_STEP][PASSED] - wild[1] = "WILD_Normal": null

2019-08-24 13:02:35 - [TEST_STEP][PASSED] - wild[2] = "WILD_Double": null

2019-08-24 13:02:35 - [TEST_STEP][PASSED] - wild[3] = "WILD_ExtraFG": null

2019-08-24 13:02:35 - [TEST_STEP][PASSED] - wild[4] = "WILD_Triple": null

2019-08-24 13:02:35 - [TEST_STEP][PASSED] - wildList = Arrays.asList(wild): null

2019-08-24 13:02:35 - [TEST_STEP][PASSED] - wildList = wildList: null

2019-08-24 13:02:35 - [TEST_STEP][PASSED] - free_spin_reel_counter = []: null

2019-08-24 13:02:35 - [TEST_STEP][PASSED] - free_spin_reel_counter[0] = 0: null

2019-08-24 13:02:35 - [TEST_STEP][PASSED] - free_spin_reel_counter[1] = 0: null

2019-08-24 13:02:35 - [TEST_STEP][PASSED] - free_spin_reel_counter[2] = 0: null

2019-08-24 13:02:35 - [TEST_STEP][PASSED] - M4_spin_reels = reels: null

2019-08-24 13:02:35 - [TEST_STEP][PASSED] - for ([i = 0, i &lt; M4_spin_reels.size(), (i++)]): null

2019-08-24 13:02:35 - [TEST_STEP][PASSED] - symbols = symbols: null

2019-08-24 13:02:35 - [TEST_STEP][PASSED] - for ([j = 0, j &lt; symbols.size(), (j++)]): null

2019-08-24 13:02:35 - [TEST_STEP][PASSED] - symbol = symbol: null

2019-08-24 13:02:35 - [TEST_STEP][PASSED] - println(symbol): null

2019-08-24 13:02:35 - [TEST_STEP][PASSED] - if (i == 2 &amp;&amp; wildList.indexOf(symbol) != -1): null

2019-08-24 13:02:35 - [TEST_STEP][PASSED] - if (i == 3 &amp;&amp; wildList.indexOf(symbol) != -1): null

2019-08-24 13:02:35 - [TEST_STEP][PASSED] - if (i == 4 &amp;&amp; wildList.indexOf(symbol) != -1): null

2019-08-24 13:02:35 - [TEST_STEP][PASSED] - symbol = symbol: null

2019-08-24 13:02:35 - [TEST_STEP][PASSED] - println(symbol): null

2019-08-24 13:02:35 - [TEST_STEP][PASSED] - if (i == 2 &amp;&amp; wildList.indexOf(symbol) != -1): null

2019-08-24 13:02:35 - [TEST_STEP][PASSED] - if (i == 3 &amp;&amp; wildList.indexOf(symbol) != -1): null

2019-08-24 13:02:35 - [TEST_STEP][PASSED] - if (i == 4 &amp;&amp; wildList.indexOf(symbol) != -1): null

2019-08-24 13:02:35 - [TEST_STEP][PASSED] - symbol = symbol: null

2019-08-24 13:02:35 - [TEST_STEP][PASSED] - println(symbol): null

2019-08-24 13:02:35 - [TEST_STEP][PASSED] - if (i == 2 &amp;&amp; wildList.indexOf(symbol) != -1): null

2019-08-24 13:02:35 - [TEST_STEP][PASSED] - if (i == 3 &amp;&amp; wildList.indexOf(symbol) != -1): null

2019-08-24 13:02:35 - [TEST_STEP][PASSED] - if (i == 4 &amp;&amp; wildList.indexOf(symbol) != -1): null

2019-08-24 13:02:35 - [TEST_STEP][PASSED] - symbols = symbols: null

2019-08-24 13:02:35 - [TEST_STEP][PASSED] - for ([j = 0, j &lt; symbols.size(), (j++)]): null

2019-08-24 13:02:35 - [TEST_STEP][PASSED] - symbol = symbol: null

2019-08-24 13:02:35 - [TEST_STEP][PASSED] - println(symbol): null

2019-08-24 13:02:35 - [TEST_STEP][PASSED] - if (i == 2 &amp;&amp; wildList.indexOf(symbol) != -1): null

2019-08-24 13:02:35 - [TEST_STEP][PASSED] - if (i == 3 &amp;&amp; wildList.indexOf(symbol) != -1): null

2019-08-24 13:02:35 - [TEST_STEP][PASSED] - if (i == 4 &amp;&amp; wildList.indexOf(symbol) != -1): null

2019-08-24 13:02:35 - [TEST_STEP][PASSED] - symbol = symbol: null

2019-08-24 13:02:35 - [TEST_STEP][PASSED] - println(symbol): null

2019-08-24 13:02:35 - [TEST_STEP][PASSED] - if (i == 2 &amp;&amp; wildList.indexOf(symbol) != -1): null

2019-08-24 13:02:35 - [TEST_STEP][PASSED] - if (i == 3 &amp;&amp; wildList.indexOf(symbol) != -1): null

2019-08-24 13:02:35 - [TEST_STEP][PASSED] - if (i == 4 &amp;&amp; wildList.indexOf(symbol) != -1): null

2019-08-24 13:02:35 - [TEST_STEP][PASSED] - symbol = symbol: null

2019-08-24 13:02:35 - [TEST_STEP][PASSED] - println(symbol): null

2019-08-24 13:02:35 - [TEST_STEP][PASSED] - if (i == 2 &amp;&amp; wildList.indexOf(symbol) != -1): null

2019-08-24 13:02:35 - [TEST_STEP][PASSED] - if (i == 3 &amp;&amp; wildList.indexOf(symbol) != -1): null

2019-08-24 13:02:35 - [TEST_STEP][PASSED] - if (i == 4 &amp;&amp; wildList.indexOf(symbol) != -1): null

2019-08-24 13:02:35 - [TEST_STEP][PASSED] - symbols = symbols: null

2019-08-24 13:02:35 - [TEST_STEP][PASSED] - for ([j = 0, j &lt; symbols.size(), (j++)]): null

2019-08-24 13:02:35 - [TEST_STEP][PASSED] - symbol = symbol: null

2019-08-24 13:02:35 - [TEST_STEP][PASSED] - println(symbol): null

2019-08-24 13:02:35 - [TEST_STEP][PASSED] - if (i == 2 &amp;&amp; wildList.indexOf(symbol) != -1): null

2019-08-24 13:02:35 - [TEST_STEP][PASSED] - if (i == 3 &amp;&amp; wildList.indexOf(symbol) != -1): null

2019-08-24 13:02:35 - [TEST_STEP][PASSED] - if (i == 4 &amp;&amp; wildList.indexOf(symbol) != -1): null

2019-08-24 13:02:35 - [TEST_STEP][PASSED] - symbol = symbol: null

2019-08-24 13:02:35 - [TEST_STEP][PASSED] - println(symbol): null

2019-08-24 13:02:35 - [TEST_STEP][PASSED] - if (i == 2 &amp;&amp; wildList.indexOf(symbol) != -1): null

2019-08-24 13:02:35 - [TEST_STEP][PASSED] - if (i == 3 &amp;&amp; wildList.indexOf(symbol) != -1): null

2019-08-24 13:02:35 - [TEST_STEP][PASSED] - if (i == 4 &amp;&amp; wildList.indexOf(symbol) != -1): null

2019-08-24 13:02:35 - [TEST_STEP][PASSED] - symbol = symbol: null

2019-08-24 13:02:35 - [TEST_STEP][PASSED] - println(symbol): null

2019-08-24 13:02:35 - [TEST_STEP][PASSED] - if (i == 2 &amp;&amp; wildList.indexOf(symbol) != -1): null

2019-08-24 13:02:35 - [TEST_STEP][PASSED] - if (i == 3 &amp;&amp; wildList.indexOf(symbol) != -1): null

2019-08-24 13:02:35 - [TEST_STEP][PASSED] - if (i == 4 &amp;&amp; wildList.indexOf(symbol) != -1): null

2019-08-24 13:02:35 - [TEST_STEP][PASSED] - symbols = symbols: null

2019-08-24 13:02:35 - [TEST_STEP][PASSED] - for ([j = 0, j &lt; symbols.size(), (j++)]): null

2019-08-24 13:02:35 - [TEST_STEP][PASSED] - symbol = symbol: null

2019-08-24 13:02:35 - [TEST_STEP][PASSED] - println(symbol): null

2019-08-24 13:02:35 - [TEST_STEP][PASSED] - if (i == 2 &amp;&amp; wildList.indexOf(symbol) != -1): null

2019-08-24 13:02:35 - [TEST_STEP][PASSED] - if (i == 3 &amp;&amp; wildList.indexOf(symbol) != -1): null

2019-08-24 13:02:35 - [TEST_STEP][PASSED] - if (i == 4 &amp;&amp; wildList.indexOf(symbol) != -1): null

2019-08-24 13:02:35 - [TEST_STEP][PASSED] - symbol = symbol: null

2019-08-24 13:02:35 - [TEST_STEP][PASSED] - println(symbol): null

2019-08-24 13:02:35 - [TEST_STEP][PASSED] - if (i == 2 &amp;&amp; wildList.indexOf(symbol) != -1): null

2019-08-24 13:02:35 - [TEST_STEP][PASSED] - if (i == 3 &amp;&amp; wildList.indexOf(symbol) != -1): null

2019-08-24 13:02:35 - [TEST_STEP][PASSED] - if (i == 4 &amp;&amp; wildList.indexOf(symbol) != -1): null

2019-08-24 13:02:35 - [TEST_STEP][PASSED] - symbol = symbol: null

2019-08-24 13:02:35 - [TEST_STEP][PASSED] - println(symbol): null

2019-08-24 13:02:35 - [TEST_STEP][PASSED] - if (i == 2 &amp;&amp; wildList.indexOf(symbol) != -1): null

2019-08-24 13:02:35 - [TEST_STEP][PASSED] - if (i == 3 &amp;&amp; wildList.indexOf(symbol) != -1): null

2019-08-24 13:02:35 - [TEST_STEP][PASSED] - if (i == 4 &amp;&amp; wildList.indexOf(symbol) != -1): null

2019-08-24 13:02:35 - [TEST_STEP][PASSED] - symbols = symbols: null

2019-08-24 13:02:35 - [TEST_STEP][PASSED] - for ([j = 0, j &lt; symbols.size(), (j++)]): null

2019-08-24 13:02:35 - [TEST_STEP][PASSED] - symbol = symbol: null

2019-08-24 13:02:35 - [TEST_STEP][PASSED] - println(symbol): null

2019-08-24 13:02:35 - [TEST_STEP][PASSED] - if (i == 2 &amp;&amp; wildList.indexOf(symbol) != -1): null

2019-08-24 13:02:35 - [TEST_STEP][PASSED] - if (i == 3 &amp;&amp; wildList.indexOf(symbol) != -1): null

2019-08-24 13:02:35 - [TEST_STEP][PASSED] - if (i == 4 &amp;&amp; wildList.indexOf(symbol) != -1): null

2019-08-24 13:02:35 - [TEST_STEP][PASSED] - symbol = symbol: null

2019-08-24 13:02:35 - [TEST_STEP][PASSED] - println(symbol): null

2019-08-24 13:02:35 - [TEST_STEP][PASSED] - if (i == 2 &amp;&amp; wildList.indexOf(symbol) != -1): null

2019-08-24 13:02:35 - [TEST_STEP][PASSED] - if (i == 3 &amp;&amp; wildList.indexOf(symbol) != -1): null

2019-08-24 13:02:35 - [TEST_STEP][PASSED] - if (i == 4 &amp;&amp; wildList.indexOf(symbol) != -1): null

2019-08-24 13:02:35 - [TEST_STEP][PASSED] - symbol = symbol: null

2019-08-24 13:02:35 - [TEST_STEP][PASSED] - println(symbol): null

2019-08-24 13:02:35 - [TEST_STEP][PASSED] - if (i == 2 &amp;&amp; wildList.indexOf(symbol) != -1): null

2019-08-24 13:02:35 - [TEST_STEP][PASSED] - if (i == 3 &amp;&amp; wildList.indexOf(symbol) != -1): null

2019-08-24 13:02:35 - [TEST_STEP][PASSED] - if (i == 4 &amp;&amp; wildList.indexOf(symbol) != -1): null

2019-08-24 13:02:35 - [TEST_STEP][PASSED] - free_spin_reel_counter = free_spin_reel_counter: null

2019-08-24 13:02:35 - [TEST_STEP][PASSED] - println("reel 3 wild found: " + free_spin_reel_counter[0]): null

2019-08-24 13:02:35 - [TEST_STEP][PASSED] - println("reel 4 wild found: " + free_spin_reel_counter[1]): null

2019-08-24 13:02:35 - [TEST_STEP][PASSED] - println("reel 5 wild found: " + free_spin_reel_counter[2]): null

2019-08-24 13:02:35 - [TEST_STEP][PASSED] - M4_spin_reels = M4_spin_reels: null

2019-08-24 13:02:35 - [TEST_STEP][PASSED] - M4_spin_reels_symbols = symbol: null

2019-08-24 13:02:35 - [TEST_STEP][PASSED] - M4_spin_reels_symbols = M4_spin_reels_symbols: null

2019-08-24 13:02:35 - [TEST_STEP][PASSED] - M4_spin_reel_wins = reel_wins: null

2019-08-24 13:02:35 - [TEST_STEP][PASSED] - M4_spin_reel_wins = M4_spin_reel_wins: null

2019-08-24 13:02:35 - [TEST_STEP][PASSED] - println("GlobalVariable.M4_spin_reel_wins is: " + M4_spin_reel_wins): null

2019-08-24 13:02:35 - [TEST_STEP][PASSED] - M4_spin_total_bonus_win_this_round = total_bonus_win_this_round: null

2019-08-24 13:02:35 - [TEST_STEP][PASSED] - M4_spin_total_bonus_win_this_round = M4_spin_total_bonus_win_this_round: null

2019-08-24 13:02:35 - [TEST_STEP][PASSED] - println("GlobalVariable.M4_spin_total_bonus_win_this_round is: " + M4_spin_total_bonus_win_this_round): null

2019-08-24 13:02:35 - [TEST_STEP][PASSED] - M4_spin_bonus_spin_result = spin_result: null

2019-08-24 13:02:35 - [TEST_STEP][PASSED] - M4_spin_bonus_spin_result = M4_spin_bonus_spin_result: null

2019-08-24 13:02:35 - [MESSAGE][PASSED] - Verify response successfully

2019-08-24 13:02:35 - [MESSAGE][PASSED] - Send request and verify the response successfully

2019-08-24 13:02:35 - [TEST_STEP][PASSED] - if (M4_total_bonus_spins_int != 0 &amp;&amp; M4_spin_reels_symbols[2].contains("WILD_Expanding")): null

2019-08-24 13:02:35 - [TEST_STEP][PASSED] - free_spin_reel_counter = free_spin_reel_counter: null

2019-08-24 13:02:35 - [TEST_STEP][PASSED] - M4_spin_reels_symbols = M4_spin_reels_symbols: null

2019-08-24 13:02:35 - [TEST_STEP][PASSED] - M4_total_bonus_spins = M4_total_bonus_spins: null

2019-08-24 13:02:35 - [TEST_STEP][PASSED] - spin_result = sendRequestAndVerify(findTestObject("INT/RGS(M4)/1_M4_spin", ["M4_login_user_id":M4_login_user_id, "rgs_session_token":rgs_session_token, "partner":Partner])): Send request and verify the response successfully

2019-08-24 13:02:35 - [MESSAGE][INFO] - HAR: /Users/eiralee/Katalon_Script/SuperWild/Reports/20190824_125957/INT/superWild_5/20190824_125957/requests/main/50.har

2019-08-24 13:02:35 - [TEST_CASE][PASSED] - Start Test Case : Verification: Verification accomplished successfully

2019-08-24 13:02:36 - [TEST_STEP][PASSED] - request = getInstance().getCurrentRequest(): null

2019-08-24 13:02:36 - [TEST_STEP][PASSED] - response = getInstance().getCurrentResponse(): null

2019-08-24 13:02:36 - [TEST_STEP][PASSED] - verifyResponseStatusCode(response, 200): Verify response status code successfully

2019-08-24 13:02:36 - [MESSAGE][PASSED] - Verify response status code successfully

2019-08-24 13:02:36 - [TEST_STEP][PASSED] - getStatusCode()).isEqualTo(200): null

2019-08-24 13:02:36 - [TEST_STEP][PASSED] - newline = System.getProperty("line.separator"): null

2019-08-24 13:02:36 - [TEST_STEP][PASSED] - M4_spin = new groovy.json.JsonSlurper(): null

2019-08-24 13:02:36 - [TEST_STEP][PASSED] - result_M4_spin = M4_spin.parseText(response.getResponseBodyContent()): null

2019-08-24 13:02:36 - [TEST_STEP][PASSED] - M4_spin_current_balance = current_balance: null

2019-08-24 13:02:36 - [TEST_STEP][PASSED] - M4_spin_current_balance = M4_spin_current_balance: null

2019-08-24 13:02:36 - [TEST_STEP][PASSED] - M4_spin_transaction_id = causality: null

2019-08-24 13:02:36 - [TEST_STEP][PASSED] - M4_spin_transaction_id = M4_spin_transaction_id: null

2019-08-24 13:02:36 - [TEST_STEP][PASSED] - M4_spin_round_id = round_id: null

2019-08-24 13:02:36 - [TEST_STEP][PASSED] - M4_spin_round_id = M4_spin_round_id: null

2019-08-24 13:02:36 - [TEST_STEP][PASSED] - M4_spin_line_wins = line_wins: null

2019-08-24 13:02:36 - [TEST_STEP][PASSED] - M4_spin_line_wins = M4_spin_line_wins: null

2019-08-24 13:02:36 - [TEST_STEP][PASSED] - M4_total_bonus_spins_int = total_bonus_spins: null

2019-08-24 13:02:36 - [TEST_STEP][PASSED] - println("******M4_total_bonus_spins type is:*******" + newline + getClass().getName()): null

2019-08-24 13:02:36 - [TEST_STEP][PASSED] - M4_total_bonus_spins_int = M4_total_bonus_spins_int: null

2019-08-24 13:02:36 - [TEST_STEP][PASSED] - M4_total_bonus_spins = Integer.toString(M4_total_bonus_spins_int): null

2019-08-24 13:02:36 - [TEST_STEP][PASSED] - M4_total_bonus_spins = M4_total_bonus_spins: null

2019-08-24 13:02:36 - [TEST_STEP][PASSED] - println("M4_total_bonus_spins is:" + M4_total_bonus_spins): null

2019-08-24 13:02:36 - [TEST_STEP][PASSED] - M4_spin_bonus_data = bonus_data: null

2019-08-24 13:02:36 - [TEST_STEP][PASSED] - M4_spin_features_triggered = result_M4_spin: null

2019-08-24 13:02:36 - [TEST_STEP][PASSED] - wild = []: null

2019-08-24 13:02:36 - [TEST_STEP][PASSED] - wild[0] = "WILD_Expanding": null

2019-08-24 13:02:36 - [TEST_STEP][PASSED] - wild[1] = "WILD_Normal": null

2019-08-24 13:02:36 - [TEST_STEP][PASSED] - wild[2] = "WILD_Double": null

2019-08-24 13:02:36 - [TEST_STEP][PASSED] - wild[3] = "WILD_ExtraFG": null

2019-08-24 13:02:36 - [TEST_STEP][PASSED] - wild[4] = "WILD_Triple": null

2019-08-24 13:02:36 - [TEST_STEP][PASSED] - wildList = Arrays.asList(wild): null

2019-08-24 13:02:36 - [TEST_STEP][PASSED] - wildList = wildList: null

2019-08-24 13:02:36 - [TEST_STEP][PASSED] - free_spin_reel_counter = []: null

2019-08-24 13:02:36 - [TEST_STEP][PASSED] - free_spin_reel_counter[0] = 0: null

2019-08-24 13:02:36 - [TEST_STEP][PASSED] - free_spin_reel_counter[1] = 0: null

2019-08-24 13:02:36 - [TEST_STEP][PASSED] - free_spin_reel_counter[2] = 0: null

2019-08-24 13:02:36 - [TEST_STEP][PASSED] - M4_spin_reels = reels: null

2019-08-24 13:02:36 - [TEST_STEP][PASSED] - for ([i = 0, i &lt; M4_spin_reels.size(), (i++)]): null

2019-08-24 13:02:36 - [TEST_STEP][PASSED] - symbols = symbols: null

2019-08-24 13:02:36 - [TEST_STEP][PASSED] - for ([j = 0, j &lt; symbols.size(), (j++)]): null

2019-08-24 13:02:36 - [TEST_STEP][PASSED] - symbol = symbol: null

2019-08-24 13:02:36 - [TEST_STEP][PASSED] - println(symbol): null

2019-08-24 13:02:36 - [TEST_STEP][PASSED] - if (i == 2 &amp;&amp; wildList.indexOf(symbol) != -1): null

2019-08-24 13:02:36 - [TEST_STEP][PASSED] - if (i == 3 &amp;&amp; wildList.indexOf(symbol) != -1): null

2019-08-24 13:02:36 - [TEST_STEP][PASSED] - if (i == 4 &amp;&amp; wildList.indexOf(symbol) != -1): null

2019-08-24 13:02:36 - [TEST_STEP][PASSED] - symbol = symbol: null

2019-08-24 13:02:36 - [TEST_STEP][PASSED] - println(symbol): null

2019-08-24 13:02:36 - [TEST_STEP][PASSED] - if (i == 2 &amp;&amp; wildList.indexOf(symbol) != -1): null

2019-08-24 13:02:36 - [TEST_STEP][PASSED] - if (i == 3 &amp;&amp; wildList.indexOf(symbol) != -1): null

2019-08-24 13:02:36 - [TEST_STEP][PASSED] - if (i == 4 &amp;&amp; wildList.indexOf(symbol) != -1): null

2019-08-24 13:02:36 - [TEST_STEP][PASSED] - symbol = symbol: null

2019-08-24 13:02:36 - [TEST_STEP][PASSED] - println(symbol): null

2019-08-24 13:02:36 - [TEST_STEP][PASSED] - if (i == 2 &amp;&amp; wildList.indexOf(symbol) != -1): null

2019-08-24 13:02:36 - [TEST_STEP][PASSED] - if (i == 3 &amp;&amp; wildList.indexOf(symbol) != -1): null

2019-08-24 13:02:36 - [TEST_STEP][PASSED] - if (i == 4 &amp;&amp; wildList.indexOf(symbol) != -1): null

2019-08-24 13:02:36 - [TEST_STEP][PASSED] - symbols = symbols: null

2019-08-24 13:02:36 - [TEST_STEP][PASSED] - for ([j = 0, j &lt; symbols.size(), (j++)]): null

2019-08-24 13:02:36 - [TEST_STEP][PASSED] - symbol = symbol: null

2019-08-24 13:02:36 - [TEST_STEP][PASSED] - println(symbol): null

2019-08-24 13:02:36 - [TEST_STEP][PASSED] - if (i == 2 &amp;&amp; wildList.indexOf(symbol) != -1): null

2019-08-24 13:02:36 - [TEST_STEP][PASSED] - if (i == 3 &amp;&amp; wildList.indexOf(symbol) != -1): null

2019-08-24 13:02:36 - [TEST_STEP][PASSED] - if (i == 4 &amp;&amp; wildList.indexOf(symbol) != -1): null

2019-08-24 13:02:36 - [TEST_STEP][PASSED] - symbol = symbol: null

2019-08-24 13:02:36 - [TEST_STEP][PASSED] - println(symbol): null

2019-08-24 13:02:36 - [TEST_STEP][PASSED] - if (i == 2 &amp;&amp; wildList.indexOf(symbol) != -1): null

2019-08-24 13:02:36 - [TEST_STEP][PASSED] - if (i == 3 &amp;&amp; wildList.indexOf(symbol) != -1): null

2019-08-24 13:02:36 - [TEST_STEP][PASSED] - if (i == 4 &amp;&amp; wildList.indexOf(symbol) != -1): null

2019-08-24 13:02:36 - [TEST_STEP][PASSED] - symbol = symbol: null

2019-08-24 13:02:36 - [TEST_STEP][PASSED] - println(symbol): null

2019-08-24 13:02:36 - [TEST_STEP][PASSED] - if (i == 2 &amp;&amp; wildList.indexOf(symbol) != -1): null

2019-08-24 13:02:36 - [TEST_STEP][PASSED] - if (i == 3 &amp;&amp; wildList.indexOf(symbol) != -1): null

2019-08-24 13:02:36 - [TEST_STEP][PASSED] - if (i == 4 &amp;&amp; wildList.indexOf(symbol) != -1): null

2019-08-24 13:02:36 - [TEST_STEP][PASSED] - symbols = symbols: null

2019-08-24 13:02:36 - [TEST_STEP][PASSED] - for ([j = 0, j &lt; symbols.size(), (j++)]): null

2019-08-24 13:02:36 - [TEST_STEP][PASSED] - symbol = symbol: null

2019-08-24 13:02:36 - [TEST_STEP][PASSED] - println(symbol): null

2019-08-24 13:02:36 - [TEST_STEP][PASSED] - if (i == 2 &amp;&amp; wildList.indexOf(symbol) != -1): null

2019-08-24 13:02:36 - [TEST_STEP][PASSED] - if (i == 3 &amp;&amp; wildList.indexOf(symbol) != -1): null

2019-08-24 13:02:36 - [TEST_STEP][PASSED] - if (i == 4 &amp;&amp; wildList.indexOf(symbol) != -1): null

2019-08-24 13:02:36 - [TEST_STEP][PASSED] - symbol = symbol: null

2019-08-24 13:02:36 - [TEST_STEP][PASSED] - println(symbol): null

2019-08-24 13:02:36 - [TEST_STEP][PASSED] - if (i == 2 &amp;&amp; wildList.indexOf(symbol) != -1): null

2019-08-24 13:02:36 - [TEST_STEP][PASSED] - if (i == 3 &amp;&amp; wildList.indexOf(symbol) != -1): null

2019-08-24 13:02:36 - [TEST_STEP][PASSED] - if (i == 4 &amp;&amp; wildList.indexOf(symbol) != -1): null

2019-08-24 13:02:36 - [TEST_STEP][PASSED] - symbol = symbol: null

2019-08-24 13:02:36 - [TEST_STEP][PASSED] - println(symbol): null

2019-08-24 13:02:36 - [TEST_STEP][PASSED] - if (i == 2 &amp;&amp; wildList.indexOf(symbol) != -1): null

2019-08-24 13:02:36 - [TEST_STEP][PASSED] - if (i == 3 &amp;&amp; wildList.indexOf(symbol) != -1): null

2019-08-24 13:02:36 - [TEST_STEP][PASSED] - if (i == 4 &amp;&amp; wildList.indexOf(symbol) != -1): null

2019-08-24 13:02:36 - [TEST_STEP][PASSED] - symbols = symbols: null

2019-08-24 13:02:36 - [TEST_STEP][PASSED] - for ([j = 0, j &lt; symbols.size(), (j++)]): null

2019-08-24 13:02:36 - [TEST_STEP][PASSED] - symbol = symbol: null

2019-08-24 13:02:36 - [TEST_STEP][PASSED] - println(symbol): null

2019-08-24 13:02:36 - [TEST_STEP][PASSED] - if (i == 2 &amp;&amp; wildList.indexOf(symbol) != -1): null

2019-08-24 13:02:36 - [TEST_STEP][PASSED] - if (i == 3 &amp;&amp; wildList.indexOf(symbol) != -1): null

2019-08-24 13:02:36 - [TEST_STEP][PASSED] - if (i == 4 &amp;&amp; wildList.indexOf(symbol) != -1): null

2019-08-24 13:02:36 - [TEST_STEP][PASSED] - symbol = symbol: null

2019-08-24 13:02:36 - [TEST_STEP][PASSED] - println(symbol): null

2019-08-24 13:02:36 - [TEST_STEP][PASSED] - if (i == 2 &amp;&amp; wildList.indexOf(symbol) != -1): null

2019-08-24 13:02:36 - [TEST_STEP][PASSED] - if (i == 3 &amp;&amp; wildList.indexOf(symbol) != -1): null

2019-08-24 13:02:36 - [TEST_STEP][PASSED] - if (i == 4 &amp;&amp; wildList.indexOf(symbol) != -1): null

2019-08-24 13:02:36 - [TEST_STEP][PASSED] - symbol = symbol: null

2019-08-24 13:02:36 - [TEST_STEP][PASSED] - println(symbol): null

2019-08-24 13:02:36 - [TEST_STEP][PASSED] - if (i == 2 &amp;&amp; wildList.indexOf(symbol) != -1): null

2019-08-24 13:02:36 - [TEST_STEP][PASSED] - if (i == 3 &amp;&amp; wildList.indexOf(symbol) != -1): null

2019-08-24 13:02:36 - [TEST_STEP][PASSED] - if (i == 4 &amp;&amp; wildList.indexOf(symbol) != -1): null

2019-08-24 13:02:36 - [TEST_STEP][PASSED] - symbols = symbols: null

2019-08-24 13:02:36 - [TEST_STEP][PASSED] - for ([j = 0, j &lt; symbols.size(), (j++)]): null

2019-08-24 13:02:36 - [TEST_STEP][PASSED] - symbol = symbol: null

2019-08-24 13:02:36 - [TEST_STEP][PASSED] - println(symbol): null

2019-08-24 13:02:36 - [TEST_STEP][PASSED] - if (i == 2 &amp;&amp; wildList.indexOf(symbol) != -1): null

2019-08-24 13:02:36 - [TEST_STEP][PASSED] - if (i == 3 &amp;&amp; wildList.indexOf(symbol) != -1): null

2019-08-24 13:02:36 - [TEST_STEP][PASSED] - if (i == 4 &amp;&amp; wildList.indexOf(symbol) != -1): null

2019-08-24 13:02:36 - [TEST_STEP][PASSED] - symbol = symbol: null

2019-08-24 13:02:36 - [TEST_STEP][PASSED] - println(symbol): null

2019-08-24 13:02:36 - [TEST_STEP][PASSED] - if (i == 2 &amp;&amp; wildList.indexOf(symbol) != -1): null

2019-08-24 13:02:36 - [TEST_STEP][PASSED] - if (i == 3 &amp;&amp; wildList.indexOf(symbol) != -1): null

2019-08-24 13:02:36 - [TEST_STEP][PASSED] - if (i == 4 &amp;&amp; wildList.indexOf(symbol) != -1): null

2019-08-24 13:02:36 - [TEST_STEP][PASSED] - symbol = symbol: null

2019-08-24 13:02:36 - [TEST_STEP][PASSED] - println(symbol): null

2019-08-24 13:02:36 - [TEST_STEP][PASSED] - if (i == 2 &amp;&amp; wildList.indexOf(symbol) != -1): null

2019-08-24 13:02:36 - [TEST_STEP][PASSED] - if (i == 3 &amp;&amp; wildList.indexOf(symbol) != -1): null

2019-08-24 13:02:36 - [TEST_STEP][PASSED] - if (i == 4 &amp;&amp; wildList.indexOf(symbol) != -1): null

2019-08-24 13:02:36 - [TEST_STEP][PASSED] - free_spin_reel_counter = free_spin_reel_counter: null

2019-08-24 13:02:36 - [TEST_STEP][PASSED] - println("reel 3 wild found: " + free_spin_reel_counter[0]): null

2019-08-24 13:02:36 - [TEST_STEP][PASSED] - println("reel 4 wild found: " + free_spin_reel_counter[1]): null

2019-08-24 13:02:36 - [TEST_STEP][PASSED] - println("reel 5 wild found: " + free_spin_reel_counter[2]): null

2019-08-24 13:02:36 - [TEST_STEP][PASSED] - M4_spin_reels = M4_spin_reels: null

2019-08-24 13:02:36 - [TEST_STEP][PASSED] - M4_spin_reels_symbols = symbol: null

2019-08-24 13:02:36 - [TEST_STEP][PASSED] - M4_spin_reels_symbols = M4_spin_reels_symbols: null

2019-08-24 13:02:36 - [TEST_STEP][PASSED] - M4_spin_reel_wins = reel_wins: null

2019-08-24 13:02:36 - [TEST_STEP][PASSED] - M4_spin_reel_wins = M4_spin_reel_wins: null

2019-08-24 13:02:36 - [TEST_STEP][PASSED] - println("GlobalVariable.M4_spin_reel_wins is: " + M4_spin_reel_wins): null

2019-08-24 13:02:36 - [TEST_STEP][PASSED] - M4_spin_total_bonus_win_this_round = total_bonus_win_this_round: null

2019-08-24 13:02:36 - [TEST_STEP][PASSED] - M4_spin_total_bonus_win_this_round = M4_spin_total_bonus_win_this_round: null

2019-08-24 13:02:36 - [TEST_STEP][PASSED] - println("GlobalVariable.M4_spin_total_bonus_win_this_round is: " + M4_spin_total_bonus_win_this_round): null

2019-08-24 13:02:36 - [TEST_STEP][PASSED] - M4_spin_bonus_spin_result = spin_result: null

2019-08-24 13:02:36 - [TEST_STEP][PASSED] - M4_spin_bonus_spin_result = M4_spin_bonus_spin_result: null

2019-08-24 13:02:36 - [MESSAGE][PASSED] - Verify response successfully

2019-08-24 13:02:36 - [MESSAGE][PASSED] - Send request and verify the response successfully

2019-08-24 13:02:36 - [TEST_STEP][PASSED] - if (M4_total_bonus_spins_int != 0 &amp;&amp; M4_spin_reels_symbols[2].contains("WILD_Expanding")): null

2019-08-24 13:02:36 - [TEST_STEP][PASSED] - free_spin_reel_counter = free_spin_reel_counter: null

2019-08-24 13:02:36 - [TEST_STEP][PASSED] - M4_spin_reels_symbols = M4_spin_reels_symbols: null

2019-08-24 13:02:36 - [TEST_STEP][PASSED] - M4_total_bonus_spins = M4_total_bonus_spins: null

2019-08-24 13:02:36 - [TEST_STEP][PASSED] - spin_result = sendRequestAndVerify(findTestObject("INT/RGS(M4)/1_M4_spin", ["M4_login_user_id":M4_login_user_id, "rgs_session_token":rgs_session_token, "partner":Partner])): Send request and verify the response successfully

2019-08-24 13:02:36 - [MESSAGE][INFO] - HAR: /Users/eiralee/Katalon_Script/SuperWild/Reports/20190824_125957/INT/superWild_5/20190824_125957/requests/main/51.har

2019-08-24 13:02:36 - [TEST_CASE][PASSED] - Start Test Case : Verification: Verification accomplished successfully

2019-08-24 13:02:36 - [TEST_STEP][PASSED] - request = getInstance().getCurrentRequest(): null

2019-08-24 13:02:36 - [TEST_STEP][PASSED] - response = getInstance().getCurrentResponse(): null

2019-08-24 13:02:36 - [TEST_STEP][PASSED] - verifyResponseStatusCode(response, 200): Verify response status code successfully

2019-08-24 13:02:36 - [MESSAGE][PASSED] - Verify response status code successfully

2019-08-24 13:02:36 - [TEST_STEP][PASSED] - getStatusCode()).isEqualTo(200): null

2019-08-24 13:02:36 - [TEST_STEP][PASSED] - newline = System.getProperty("line.separator"): null

2019-08-24 13:02:36 - [TEST_STEP][PASSED] - M4_spin = new groovy.json.JsonSlurper(): null

2019-08-24 13:02:36 - [TEST_STEP][PASSED] - result_M4_spin = M4_spin.parseText(response.getResponseBodyContent()): null

2019-08-24 13:02:36 - [TEST_STEP][PASSED] - M4_spin_current_balance = current_balance: null

2019-08-24 13:02:36 - [TEST_STEP][PASSED] - M4_spin_current_balance = M4_spin_current_balance: null

2019-08-24 13:02:36 - [TEST_STEP][PASSED] - M4_spin_transaction_id = causality: null

2019-08-24 13:02:36 - [TEST_STEP][PASSED] - M4_spin_transaction_id = M4_spin_transaction_id: null

2019-08-24 13:02:36 - [TEST_STEP][PASSED] - M4_spin_round_id = round_id: null

2019-08-24 13:02:36 - [TEST_STEP][PASSED] - M4_spin_round_id = M4_spin_round_id: null

2019-08-24 13:02:36 - [TEST_STEP][PASSED] - M4_spin_line_wins = line_wins: null

2019-08-24 13:02:36 - [TEST_STEP][PASSED] - M4_spin_line_wins = M4_spin_line_wins: null

2019-08-24 13:02:36 - [TEST_STEP][PASSED] - M4_total_bonus_spins_int = total_bonus_spins: null

2019-08-24 13:02:36 - [TEST_STEP][PASSED] - println("******M4_total_bonus_spins type is:*******" + newline + getClass().getName()): null

2019-08-24 13:02:36 - [TEST_STEP][PASSED] - M4_total_bonus_spins_int = M4_total_bonus_spins_int: null

2019-08-24 13:02:36 - [TEST_STEP][PASSED] - M4_total_bonus_spins = Integer.toString(M4_total_bonus_spins_int): null

2019-08-24 13:02:36 - [TEST_STEP][PASSED] - M4_total_bonus_spins = M4_total_bonus_spins: null

2019-08-24 13:02:36 - [TEST_STEP][PASSED] - println("M4_total_bonus_spins is:" + M4_total_bonus_spins): null

2019-08-24 13:02:36 - [TEST_STEP][PASSED] - M4_spin_bonus_data = bonus_data: null

2019-08-24 13:02:36 - [TEST_STEP][PASSED] - M4_spin_features_triggered = result_M4_spin: null

2019-08-24 13:02:36 - [TEST_STEP][PASSED] - wild = []: null

2019-08-24 13:02:36 - [TEST_STEP][PASSED] - wild[0] = "WILD_Expanding": null

2019-08-24 13:02:36 - [TEST_STEP][PASSED] - wild[1] = "WILD_Normal": null

2019-08-24 13:02:36 - [TEST_STEP][PASSED] - wild[2] = "WILD_Double": null

2019-08-24 13:02:36 - [TEST_STEP][PASSED] - wild[3] = "WILD_ExtraFG": null

2019-08-24 13:02:36 - [TEST_STEP][PASSED] - wild[4] = "WILD_Triple": null

2019-08-24 13:02:36 - [TEST_STEP][PASSED] - wildList = Arrays.asList(wild): null

2019-08-24 13:02:36 - [TEST_STEP][PASSED] - wildList = wildList: null

2019-08-24 13:02:36 - [TEST_STEP][PASSED] - free_spin_reel_counter = []: null

2019-08-24 13:02:36 - [TEST_STEP][PASSED] - free_spin_reel_counter[0] = 0: null

2019-08-24 13:02:36 - [TEST_STEP][PASSED] - free_spin_reel_counter[1] = 0: null

2019-08-24 13:02:36 - [TEST_STEP][PASSED] - free_spin_reel_counter[2] = 0: null

2019-08-24 13:02:36 - [TEST_STEP][PASSED] - M4_spin_reels = reels: null

2019-08-24 13:02:36 - [TEST_STEP][PASSED] - for ([i = 0, i &lt; M4_spin_reels.size(), (i++)]): null

2019-08-24 13:02:36 - [TEST_STEP][PASSED] - symbols = symbols: null

2019-08-24 13:02:36 - [TEST_STEP][PASSED] - for ([j = 0, j &lt; symbols.size(), (j++)]): null

2019-08-24 13:02:36 - [TEST_STEP][PASSED] - symbol = symbol: null

2019-08-24 13:02:40 - [TEST_STEP][PASSED] - println(symbol): null

2019-08-24 13:02:40 - [TEST_STEP][PASSED] - if (i == 2 &amp;&amp; wildList.indexOf(symbol) != -1): null

2019-08-24 13:02:40 - [TEST_STEP][PASSED] - if (i == 3 &amp;&amp; wildList.indexOf(symbol) != -1): null

2019-08-24 13:02:40 - [TEST_STEP][PASSED] - if (i == 4 &amp;&amp; wildList.indexOf(symbol) != -1): null

2019-08-24 13:02:40 - [TEST_STEP][PASSED] - symbol = symbol: null

2019-08-24 13:02:40 - [TEST_STEP][PASSED] - println(symbol): null

2019-08-24 13:02:40 - [TEST_STEP][PASSED] - if (i == 2 &amp;&amp; wildList.indexOf(symbol) != -1): null

2019-08-24 13:02:40 - [TEST_STEP][PASSED] - if (i == 3 &amp;&amp; wildList.indexOf(symbol) != -1): null

2019-08-24 13:02:40 - [TEST_STEP][PASSED] - if (i == 4 &amp;&amp; wildList.indexOf(symbol) != -1): null

2019-08-24 13:02:40 - [TEST_STEP][PASSED] - symbol = symbol: null

2019-08-24 13:02:42 - [TEST_STEP][PASSED] - println(symbol): null

2019-08-24 13:02:42 - [TEST_STEP][PASSED] - if (i == 2 &amp;&amp; wildList.indexOf(symbol) != -1): null

2019-08-24 13:02:42 - [TEST_STEP][PASSED] - if (i == 3 &amp;&amp; wildList.indexOf(symbol) != -1): null

2019-08-24 13:02:42 - [TEST_STEP][PASSED] - if (i == 4 &amp;&amp; wildList.indexOf(symbol) != -1): null

2019-08-24 13:02:42 - [TEST_STEP][PASSED] - symbols = symbols: null

2019-08-24 13:02:42 - [TEST_STEP][PASSED] - for ([j = 0, j &lt; symbols.size(), (j++)]): null

2019-08-24 13:02:42 - [TEST_STEP][PASSED] - symbol = symbol: null

2019-08-24 13:02:42 - [TEST_STEP][PASSED] - println(symbol): null

2019-08-24 13:02:42 - [TEST_STEP][PASSED] - if (i == 2 &amp;&amp; wildList.indexOf(symbol) != -1): null

2019-08-24 13:02:42 - [TEST_STEP][PASSED] - if (i == 3 &amp;&amp; wildList.indexOf(symbol) != -1): null

2019-08-24 13:02:42 - [TEST_STEP][PASSED] - if (i == 4 &amp;&amp; wildList.indexOf(symbol) != -1): null

2019-08-24 13:02:42 - [TEST_STEP][PASSED] - symbol = symbol: null

2019-08-24 13:02:42 - [TEST_STEP][PASSED] - println(symbol): null

2019-08-24 13:02:42 - [TEST_STEP][PASSED] - if (i == 2 &amp;&amp; wildList.indexOf(symbol) != -1): null

2019-08-24 13:02:42 - [TEST_STEP][PASSED] - if (i == 3 &amp;&amp; wildList.indexOf(symbol) != -1): null

2019-08-24 13:02:42 - [TEST_STEP][PASSED] - if (i == 4 &amp;&amp; wildList.indexOf(symbol) != -1): null

2019-08-24 13:02:42 - [TEST_STEP][PASSED] - symbol = symbol: null

2019-08-24 13:02:42 - [TEST_STEP][PASSED] - println(symbol): null

2019-08-24 13:02:42 - [TEST_STEP][PASSED] - if (i == 2 &amp;&amp; wildList.indexOf(symbol) != -1): null

2019-08-24 13:02:42 - [TEST_STEP][PASSED] - if (i == 3 &amp;&amp; wildList.indexOf(symbol) != -1): null

2019-08-24 13:02:42 - [TEST_STEP][PASSED] - if (i == 4 &amp;&amp; wildList.indexOf(symbol) != -1): null

2019-08-24 13:02:42 - [TEST_STEP][PASSED] - symbols = symbols: null

2019-08-24 13:02:42 - [TEST_STEP][PASSED] - for ([j = 0, j &lt; symbols.size(), (j++)]): null

2019-08-24 13:02:42 - [TEST_STEP][PASSED] - symbol = symbol: null

2019-08-24 13:02:42 - [TEST_STEP][PASSED] - println(symbol): null

2019-08-24 13:02:42 - [TEST_STEP][PASSED] - if (i == 2 &amp;&amp; wildList.indexOf(symbol) != -1): null

2019-08-24 13:02:42 - [TEST_STEP][PASSED] - if (i == 3 &amp;&amp; wildList.indexOf(symbol) != -1): null

2019-08-24 13:02:42 - [TEST_STEP][PASSED] - if (i == 4 &amp;&amp; wildList.indexOf(symbol) != -1): null

2019-08-24 13:02:42 - [TEST_STEP][PASSED] - symbol = symbol: null

2019-08-24 13:02:42 - [TEST_STEP][PASSED] - println(symbol): null

2019-08-24 13:02:42 - [TEST_STEP][PASSED] - if (i == 2 &amp;&amp; wildList.indexOf(symbol) != -1): null

2019-08-24 13:02:42 - [TEST_STEP][PASSED] - if (i == 3 &amp;&amp; wildList.indexOf(symbol) != -1): null

2019-08-24 13:02:42 - [TEST_STEP][PASSED] - if (i == 4 &amp;&amp; wildList.indexOf(symbol) != -1): null

2019-08-24 13:02:42 - [TEST_STEP][PASSED] - symbol = symbol: null

2019-08-24 13:02:42 - [TEST_STEP][PASSED] - println(symbol): null

2019-08-24 13:02:42 - [TEST_STEP][PASSED] - if (i == 2 &amp;&amp; wildList.indexOf(symbol) != -1): null

2019-08-24 13:02:42 - [TEST_STEP][PASSED] - if (i == 3 &amp;&amp; wildList.indexOf(symbol) != -1): null

2019-08-24 13:02:42 - [TEST_STEP][PASSED] - if (i == 4 &amp;&amp; wildList.indexOf(symbol) != -1): null

2019-08-24 13:02:42 - [TEST_STEP][PASSED] - symbols = symbols: null

2019-08-24 13:02:42 - [TEST_STEP][PASSED] - for ([j = 0, j &lt; symbols.size(), (j++)]): null

2019-08-24 13:02:42 - [TEST_STEP][PASSED] - symbol = symbol: null

2019-08-24 13:02:42 - [TEST_STEP][PASSED] - println(symbol): null

2019-08-24 13:02:42 - [TEST_STEP][PASSED] - if (i == 2 &amp;&amp; wildList.indexOf(symbol) != -1): null

2019-08-24 13:02:42 - [TEST_STEP][PASSED] - if (i == 3 &amp;&amp; wildList.indexOf(symbol) != -1): null

2019-08-24 13:02:42 - [TEST_STEP][PASSED] - if (i == 4 &amp;&amp; wildList.indexOf(symbol) != -1): null

2019-08-24 13:02:42 - [TEST_STEP][PASSED] - symbol = symbol: null

2019-08-24 13:02:42 - [TEST_STEP][PASSED] - println(symbol): null

2019-08-24 13:02:42 - [TEST_STEP][PASSED] - if (i == 2 &amp;&amp; wildList.indexOf(symbol) != -1): null

2019-08-24 13:02:42 - [TEST_STEP][PASSED] - if (i == 3 &amp;&amp; wildList.indexOf(symbol) != -1): null

2019-08-24 13:02:42 - [TEST_STEP][PASSED] - println("wild found on reel 4, adding counter by 1"): null

2019-08-24 13:02:42 - [TEST_STEP][PASSED] - free_spin_reel_counter[1] = free_spin_reel_counter[1] + 1: null

2019-08-24 13:02:42 - [TEST_STEP][PASSED] - if (i == 4 &amp;&amp; wildList.indexOf(symbol) != -1): null

2019-08-24 13:02:42 - [TEST_STEP][PASSED] - symbol = symbol: null

2019-08-24 13:02:42 - [TEST_STEP][PASSED] - println(symbol): null

2019-08-24 13:02:42 - [TEST_STEP][PASSED] - if (i == 2 &amp;&amp; wildList.indexOf(symbol) != -1): null

2019-08-24 13:02:42 - [TEST_STEP][PASSED] - if (i == 3 &amp;&amp; wildList.indexOf(symbol) != -1): null

2019-08-24 13:02:42 - [TEST_STEP][PASSED] - if (i == 4 &amp;&amp; wildList.indexOf(symbol) != -1): null

2019-08-24 13:02:42 - [TEST_STEP][PASSED] - symbols = symbols: null

2019-08-24 13:02:42 - [TEST_STEP][PASSED] - for ([j = 0, j &lt; symbols.size(), (j++)]): null

2019-08-24 13:02:42 - [TEST_STEP][PASSED] - symbol = symbol: null

2019-08-24 13:02:42 - [TEST_STEP][PASSED] - println(symbol): null

2019-08-24 13:02:42 - [TEST_STEP][PASSED] - if (i == 2 &amp;&amp; wildList.indexOf(symbol) != -1): null

2019-08-24 13:02:42 - [TEST_STEP][PASSED] - if (i == 3 &amp;&amp; wildList.indexOf(symbol) != -1): null

2019-08-24 13:02:42 - [TEST_STEP][PASSED] - if (i == 4 &amp;&amp; wildList.indexOf(symbol) != -1): null

2019-08-24 13:02:42 - [TEST_STEP][PASSED] - symbol = symbol: null

2019-08-24 13:02:42 - [TEST_STEP][PASSED] - println(symbol): null

2019-08-24 13:02:42 - [TEST_STEP][PASSED] - if (i == 2 &amp;&amp; wildList.indexOf(symbol) != -1): null

2019-08-24 13:02:42 - [TEST_STEP][PASSED] - if (i == 3 &amp;&amp; wildList.indexOf(symbol) != -1): null

2019-08-24 13:02:42 - [TEST_STEP][PASSED] - if (i == 4 &amp;&amp; wildList.indexOf(symbol) != -1): null

2019-08-24 13:02:42 - [TEST_STEP][PASSED] - symbol = symbol: null

2019-08-24 13:02:42 - [TEST_STEP][PASSED] - println(symbol): null

2019-08-24 13:02:42 - [TEST_STEP][PASSED] - if (i == 2 &amp;&amp; wildList.indexOf(symbol) != -1): null

2019-08-24 13:02:42 - [TEST_STEP][PASSED] - if (i == 3 &amp;&amp; wildList.indexOf(symbol) != -1): null

2019-08-24 13:02:42 - [TEST_STEP][PASSED] - if (i == 4 &amp;&amp; wildList.indexOf(symbol) != -1): null

2019-08-24 13:02:42 - [TEST_STEP][PASSED] - free_spin_reel_counter = free_spin_reel_counter: null

2019-08-24 13:02:42 - [TEST_STEP][PASSED] - println("reel 3 wild found: " + free_spin_reel_counter[0]): null

2019-08-24 13:02:42 - [TEST_STEP][PASSED] - println("reel 4 wild found: " + free_spin_reel_counter[1]): null

2019-08-24 13:02:42 - [TEST_STEP][PASSED] - println("reel 5 wild found: " + free_spin_reel_counter[2]): null

2019-08-24 13:02:42 - [TEST_STEP][PASSED] - M4_spin_reels = M4_spin_reels: null

2019-08-24 13:02:42 - [TEST_STEP][PASSED] - M4_spin_reels_symbols = symbol: null

2019-08-24 13:02:42 - [TEST_STEP][PASSED] - M4_spin_reels_symbols = M4_spin_reels_symbols: null

2019-08-24 13:02:42 - [TEST_STEP][PASSED] - M4_spin_reel_wins = reel_wins: null

2019-08-24 13:02:42 - [TEST_STEP][PASSED] - M4_spin_reel_wins = M4_spin_reel_wins: null

2019-08-24 13:02:42 - [TEST_STEP][PASSED] - println("GlobalVariable.M4_spin_reel_wins is: " + M4_spin_reel_wins): null

2019-08-24 13:02:42 - [TEST_STEP][PASSED] - M4_spin_total_bonus_win_this_round = total_bonus_win_this_round: null

2019-08-24 13:02:42 - [TEST_STEP][PASSED] - M4_spin_total_bonus_win_this_round = M4_spin_total_bonus_win_this_round: null

2019-08-24 13:02:42 - [TEST_STEP][PASSED] - println("GlobalVariable.M4_spin_total_bonus_win_this_round is: " + M4_spin_total_bonus_win_this_round): null

2019-08-24 13:02:42 - [TEST_STEP][PASSED] - M4_spin_bonus_spin_result = spin_result: null

2019-08-24 13:02:42 - [TEST_STEP][PASSED] - M4_spin_bonus_spin_result = M4_spin_bonus_spin_result: null

2019-08-24 13:02:42 - [MESSAGE][PASSED] - Verify response successfully

2019-08-24 13:02:42 - [MESSAGE][PASSED] - Send request and verify the response successfully

2019-08-24 13:02:42 - [TEST_STEP][PASSED] - if (M4_total_bonus_spins_int != 0 &amp;&amp; M4_spin_reels_symbols[2].contains("WILD_Expanding")): null

2019-08-24 13:02:42 - [TEST_STEP][PASSED] - free_spin_reel_counter = free_spin_reel_counter: null

2019-08-24 13:02:42 - [TEST_STEP][PASSED] - M4_spin_reels_symbols = M4_spin_reels_symbols: null

2019-08-24 13:02:42 - [TEST_STEP][PASSED] - M4_total_bonus_spins = M4_total_bonus_spins: null

2019-08-24 13:02:42 - [TEST_STEP][PASSED] - spin_result = sendRequestAndVerify(findTestObject("INT/RGS(M4)/1_M4_spin", ["M4_login_user_id":M4_login_user_id, "rgs_session_token":rgs_session_token, "partner":Partner])): Send request and verify the response successfully

2019-08-24 13:02:43 - [MESSAGE][INFO] - HAR: /Users/eiralee/Katalon_Script/SuperWild/Reports/20190824_125957/INT/superWild_5/20190824_125957/requests/main/52.har

2019-08-24 13:02:43 - [TEST_CASE][PASSED] - Start Test Case : Verification: Verification accomplished successfully

2019-08-24 13:02:43 - [TEST_STEP][PASSED] - request = getInstance().getCurrentRequest(): null

2019-08-24 13:02:43 - [TEST_STEP][PASSED] - response = getInstance().getCurrentResponse(): null

2019-08-24 13:02:43 - [TEST_STEP][PASSED] - verifyResponseStatusCode(response, 200): Verify response status code successfully

2019-08-24 13:02:43 - [MESSAGE][PASSED] - Verify response status code successfully

2019-08-24 13:02:43 - [TEST_STEP][PASSED] - getStatusCode()).isEqualTo(200): null

2019-08-24 13:02:43 - [TEST_STEP][PASSED] - newline = System.getProperty("line.separator"): null

2019-08-24 13:02:43 - [TEST_STEP][PASSED] - M4_spin = new groovy.json.JsonSlurper(): null

2019-08-24 13:02:43 - [TEST_STEP][PASSED] - result_M4_spin = M4_spin.parseText(response.getResponseBodyContent()): null

2019-08-24 13:02:43 - [TEST_STEP][PASSED] - M4_spin_current_balance = current_balance: null

2019-08-24 13:02:43 - [TEST_STEP][PASSED] - M4_spin_current_balance = M4_spin_current_balance: null

2019-08-24 13:02:43 - [TEST_STEP][PASSED] - M4_spin_transaction_id = causality: null

2019-08-24 13:02:43 - [TEST_STEP][PASSED] - M4_spin_transaction_id = M4_spin_transaction_id: null

2019-08-24 13:02:43 - [TEST_STEP][PASSED] - M4_spin_round_id = round_id: null

2019-08-24 13:02:43 - [TEST_STEP][PASSED] - M4_spin_round_id = M4_spin_round_id: null

2019-08-24 13:02:43 - [TEST_STEP][PASSED] - M4_spin_line_wins = line_wins: null

2019-08-24 13:02:43 - [TEST_STEP][PASSED] - M4_spin_line_wins = M4_spin_line_wins: null

2019-08-24 13:02:43 - [TEST_STEP][PASSED] - M4_total_bonus_spins_int = total_bonus_spins: null

2019-08-24 13:02:43 - [TEST_STEP][PASSED] - println("******M4_total_bonus_spins type is:*******" + newline + getClass().getName()): null

2019-08-24 13:02:43 - [TEST_STEP][PASSED] - M4_total_bonus_spins_int = M4_total_bonus_spins_int: null

2019-08-24 13:02:43 - [TEST_STEP][PASSED] - M4_total_bonus_spins = Integer.toString(M4_total_bonus_spins_int): null

2019-08-24 13:02:43 - [TEST_STEP][PASSED] - M4_total_bonus_spins = M4_total_bonus_spins: null

2019-08-24 13:02:43 - [TEST_STEP][PASSED] - println("M4_total_bonus_spins is:" + M4_total_bonus_spins): null

2019-08-24 13:02:43 - [TEST_STEP][PASSED] - M4_spin_bonus_data = bonus_data: null

2019-08-24 13:02:43 - [TEST_STEP][PASSED] - M4_spin_features_triggered = result_M4_spin: null

2019-08-24 13:02:43 - [TEST_STEP][PASSED] - wild = []: null

2019-08-24 13:02:43 - [TEST_STEP][PASSED] - wild[0] = "WILD_Expanding": null

2019-08-24 13:02:43 - [TEST_STEP][PASSED] - wild[1] = "WILD_Normal": null

2019-08-24 13:02:43 - [TEST_STEP][PASSED] - wild[2] = "WILD_Double": null

2019-08-24 13:02:43 - [TEST_STEP][PASSED] - wild[3] = "WILD_ExtraFG": null

2019-08-24 13:02:43 - [TEST_STEP][PASSED] - wild[4] = "WILD_Triple": null

2019-08-24 13:02:43 - [TEST_STEP][PASSED] - wildList = Arrays.asList(wild): null

2019-08-24 13:02:43 - [TEST_STEP][PASSED] - wildList = wildList: null

2019-08-24 13:02:43 - [TEST_STEP][PASSED] - free_spin_reel_counter = []: null

2019-08-24 13:02:43 - [TEST_STEP][PASSED] - free_spin_reel_counter[0] = 0: null

2019-08-24 13:02:43 - [TEST_STEP][PASSED] - free_spin_reel_counter[1] = 0: null

2019-08-24 13:02:43 - [TEST_STEP][PASSED] - free_spin_reel_counter[2] = 0: null

2019-08-24 13:02:43 - [TEST_STEP][PASSED] - M4_spin_reels = reels: null

2019-08-24 13:02:43 - [TEST_STEP][PASSED] - for ([i = 0, i &lt; M4_spin_reels.size(), (i++)]): null

2019-08-24 13:02:43 - [TEST_STEP][PASSED] - symbols = symbols: null

2019-08-24 13:02:43 - [TEST_STEP][PASSED] - for ([j = 0, j &lt; symbols.size(), (j++)]): null

2019-08-24 13:02:43 - [TEST_STEP][PASSED] - symbol = symbol: null

2019-08-24 13:02:43 - [TEST_STEP][PASSED] - println(symbol): null

2019-08-24 13:02:43 - [TEST_STEP][PASSED] - if (i == 2 &amp;&amp; wildList.indexOf(symbol) != -1): null

2019-08-24 13:02:43 - [TEST_STEP][PASSED] - if (i == 3 &amp;&amp; wildList.indexOf(symbol) != -1): null

2019-08-24 13:02:43 - [TEST_STEP][PASSED] - if (i == 4 &amp;&amp; wildList.indexOf(symbol) != -1): null

2019-08-24 13:02:43 - [TEST_STEP][PASSED] - symbol = symbol: null

2019-08-24 13:02:43 - [TEST_STEP][PASSED] - println(symbol): null

2019-08-24 13:02:43 - [TEST_STEP][PASSED] - if (i == 2 &amp;&amp; wildList.indexOf(symbol) != -1): null

2019-08-24 13:02:43 - [TEST_STEP][PASSED] - if (i == 3 &amp;&amp; wildList.indexOf(symbol) != -1): null

2019-08-24 13:02:43 - [TEST_STEP][PASSED] - if (i == 4 &amp;&amp; wildList.indexOf(symbol) != -1): null

2019-08-24 13:02:43 - [TEST_STEP][PASSED] - symbol = symbol: null

2019-08-24 13:02:43 - [TEST_STEP][PASSED] - println(symbol): null

2019-08-24 13:02:43 - [TEST_STEP][PASSED] - if (i == 2 &amp;&amp; wildList.indexOf(symbol) != -1): null

2019-08-24 13:02:43 - [TEST_STEP][PASSED] - if (i == 3 &amp;&amp; wildList.indexOf(symbol) != -1): null

2019-08-24 13:02:43 - [TEST_STEP][PASSED] - if (i == 4 &amp;&amp; wildList.indexOf(symbol) != -1): null

2019-08-24 13:02:43 - [TEST_STEP][PASSED] - symbols = symbols: null

2019-08-24 13:02:43 - [TEST_STEP][PASSED] - for ([j = 0, j &lt; symbols.size(), (j++)]): null

2019-08-24 13:02:43 - [TEST_STEP][PASSED] - symbol = symbol: null

2019-08-24 13:02:43 - [TEST_STEP][PASSED] - println(symbol): null

2019-08-24 13:02:43 - [TEST_STEP][PASSED] - if (i == 2 &amp;&amp; wildList.indexOf(symbol) != -1): null

2019-08-24 13:02:43 - [TEST_STEP][PASSED] - if (i == 3 &amp;&amp; wildList.indexOf(symbol) != -1): null

2019-08-24 13:02:43 - [TEST_STEP][PASSED] - if (i == 4 &amp;&amp; wildList.indexOf(symbol) != -1): null

2019-08-24 13:02:43 - [TEST_STEP][PASSED] - symbol = symbol: null

2019-08-24 13:02:43 - [TEST_STEP][PASSED] - println(symbol): null

2019-08-24 13:02:43 - [TEST_STEP][PASSED] - if (i == 2 &amp;&amp; wildList.indexOf(symbol) != -1): null

2019-08-24 13:02:43 - [TEST_STEP][PASSED] - if (i == 3 &amp;&amp; wildList.indexOf(symbol) != -1): null

2019-08-24 13:02:43 - [TEST_STEP][PASSED] - if (i == 4 &amp;&amp; wildList.indexOf(symbol) != -1): null

2019-08-24 13:02:43 - [TEST_STEP][PASSED] - symbol = symbol: null

2019-08-24 13:02:43 - [TEST_STEP][PASSED] - println(symbol): null

2019-08-24 13:02:43 - [TEST_STEP][PASSED] - if (i == 2 &amp;&amp; wildList.indexOf(symbol) != -1): null

2019-08-24 13:02:43 - [TEST_STEP][PASSED] - if (i == 3 &amp;&amp; wildList.indexOf(symbol) != -1): null

2019-08-24 13:02:43 - [TEST_STEP][PASSED] - if (i == 4 &amp;&amp; wildList.indexOf(symbol) != -1): null

2019-08-24 13:02:43 - [TEST_STEP][PASSED] - symbols = symbols: null

2019-08-24 13:02:43 - [TEST_STEP][PASSED] - for ([j = 0, j &lt; symbols.size(), (j++)]): null

2019-08-24 13:02:43 - [TEST_STEP][PASSED] - symbol = symbol: null

2019-08-24 13:02:43 - [TEST_STEP][PASSED] - println(symbol): null

2019-08-24 13:02:43 - [TEST_STEP][PASSED] - if (i == 2 &amp;&amp; wildList.indexOf(symbol) != -1): null

2019-08-24 13:02:43 - [TEST_STEP][PASSED] - if (i == 3 &amp;&amp; wildList.indexOf(symbol) != -1): null

2019-08-24 13:02:43 - [TEST_STEP][PASSED] - if (i == 4 &amp;&amp; wildList.indexOf(symbol) != -1): null

2019-08-24 13:02:43 - [TEST_STEP][PASSED] - symbol = symbol: null

2019-08-24 13:02:43 - [TEST_STEP][PASSED] - println(symbol): null

2019-08-24 13:02:43 - [TEST_STEP][PASSED] - if (i == 2 &amp;&amp; wildList.indexOf(symbol) != -1): null

2019-08-24 13:02:43 - [TEST_STEP][PASSED] - if (i == 3 &amp;&amp; wildList.indexOf(symbol) != -1): null

2019-08-24 13:02:43 - [TEST_STEP][PASSED] - if (i == 4 &amp;&amp; wildList.indexOf(symbol) != -1): null

2019-08-24 13:02:43 - [TEST_STEP][PASSED] - symbol = symbol: null

2019-08-24 13:02:43 - [TEST_STEP][PASSED] - println(symbol): null

2019-08-24 13:02:43 - [TEST_STEP][PASSED] - if (i == 2 &amp;&amp; wildList.indexOf(symbol) != -1): null

2019-08-24 13:02:43 - [TEST_STEP][PASSED] - if (i == 3 &amp;&amp; wildList.indexOf(symbol) != -1): null

2019-08-24 13:02:43 - [TEST_STEP][PASSED] - if (i == 4 &amp;&amp; wildList.indexOf(symbol) != -1): null

2019-08-24 13:02:43 - [TEST_STEP][PASSED] - symbols = symbols: null

2019-08-24 13:02:43 - [TEST_STEP][PASSED] - for ([j = 0, j &lt; symbols.size(), (j++)]): null

2019-08-24 13:02:43 - [TEST_STEP][PASSED] - symbol = symbol: null

2019-08-24 13:02:43 - [TEST_STEP][PASSED] - println(symbol): null

2019-08-24 13:02:43 - [TEST_STEP][PASSED] - if (i == 2 &amp;&amp; wildList.indexOf(symbol) != -1): null

2019-08-24 13:02:43 - [TEST_STEP][PASSED] - if (i == 3 &amp;&amp; wildList.indexOf(symbol) != -1): null

2019-08-24 13:02:43 - [TEST_STEP][PASSED] - if (i == 4 &amp;&amp; wildList.indexOf(symbol) != -1): null

2019-08-24 13:02:43 - [TEST_STEP][PASSED] - symbol = symbol: null

2019-08-24 13:02:43 - [TEST_STEP][PASSED] - println(symbol): null

2019-08-24 13:02:43 - [TEST_STEP][PASSED] - if (i == 2 &amp;&amp; wildList.indexOf(symbol) != -1): null

2019-08-24 13:02:43 - [TEST_STEP][PASSED] - if (i == 3 &amp;&amp; wildList.indexOf(symbol) != -1): null

2019-08-24 13:02:43 - [TEST_STEP][PASSED] - if (i == 4 &amp;&amp; wildList.indexOf(symbol) != -1): null

2019-08-24 13:02:43 - [TEST_STEP][PASSED] - symbol = symbol: null

2019-08-24 13:02:43 - [TEST_STEP][PASSED] - println(symbol): null

2019-08-24 13:02:43 - [TEST_STEP][PASSED] - if (i == 2 &amp;&amp; wildList.indexOf(symbol) != -1): null

2019-08-24 13:02:43 - [TEST_STEP][PASSED] - if (i == 3 &amp;&amp; wildList.indexOf(symbol) != -1): null

2019-08-24 13:02:43 - [TEST_STEP][PASSED] - if (i == 4 &amp;&amp; wildList.indexOf(symbol) != -1): null

2019-08-24 13:02:43 - [TEST_STEP][PASSED] - symbols = symbols: null

2019-08-24 13:02:43 - [TEST_STEP][PASSED] - for ([j = 0, j &lt; symbols.size(), (j++)]): null

2019-08-24 13:02:43 - [TEST_STEP][PASSED] - symbol = symbol: null

2019-08-24 13:02:43 - [TEST_STEP][PASSED] - println(symbol): null

2019-08-24 13:02:43 - [TEST_STEP][PASSED] - if (i == 2 &amp;&amp; wildList.indexOf(symbol) != -1): null

2019-08-24 13:02:43 - [TEST_STEP][PASSED] - if (i == 3 &amp;&amp; wildList.indexOf(symbol) != -1): null

2019-08-24 13:02:43 - [TEST_STEP][PASSED] - if (i == 4 &amp;&amp; wildList.indexOf(symbol) != -1): null

2019-08-24 13:02:43 - [TEST_STEP][PASSED] - symbol = symbol: null

2019-08-24 13:02:43 - [TEST_STEP][PASSED] - println(symbol): null

2019-08-24 13:02:43 - [TEST_STEP][PASSED] - if (i == 2 &amp;&amp; wildList.indexOf(symbol) != -1): null

2019-08-24 13:02:43 - [TEST_STEP][PASSED] - if (i == 3 &amp;&amp; wildList.indexOf(symbol) != -1): null

2019-08-24 13:02:43 - [TEST_STEP][PASSED] - if (i == 4 &amp;&amp; wildList.indexOf(symbol) != -1): null

2019-08-24 13:02:43 - [TEST_STEP][PASSED] - symbol = symbol: null

2019-08-24 13:02:43 - [TEST_STEP][PASSED] - println(symbol): null

2019-08-24 13:02:43 - [TEST_STEP][PASSED] - if (i == 2 &amp;&amp; wildList.indexOf(symbol) != -1): null

2019-08-24 13:02:43 - [TEST_STEP][PASSED] - if (i == 3 &amp;&amp; wildList.indexOf(symbol) != -1): null

2019-08-24 13:02:43 - [TEST_STEP][PASSED] - if (i == 4 &amp;&amp; wildList.indexOf(symbol) != -1): null

2019-08-24 13:02:43 - [TEST_STEP][PASSED] - free_spin_reel_counter = free_spin_reel_counter: null

2019-08-24 13:02:43 - [TEST_STEP][PASSED] - println("reel 3 wild found: " + free_spin_reel_counter[0]): null

2019-08-24 13:02:43 - [TEST_STEP][PASSED] - println("reel 4 wild found: " + free_spin_reel_counter[1]): null

2019-08-24 13:02:43 - [TEST_STEP][PASSED] - println("reel 5 wild found: " + free_spin_reel_counter[2]): null

2019-08-24 13:02:43 - [TEST_STEP][PASSED] - M4_spin_reels = M4_spin_reels: null

2019-08-24 13:02:43 - [TEST_STEP][PASSED] - M4_spin_reels_symbols = symbol: null

2019-08-24 13:02:43 - [TEST_STEP][PASSED] - M4_spin_reels_symbols = M4_spin_reels_symbols: null

2019-08-24 13:02:43 - [TEST_STEP][PASSED] - M4_spin_reel_wins = reel_wins: null

2019-08-24 13:02:43 - [TEST_STEP][PASSED] - M4_spin_reel_wins = M4_spin_reel_wins: null

2019-08-24 13:02:43 - [TEST_STEP][PASSED] - println("GlobalVariable.M4_spin_reel_wins is: " + M4_spin_reel_wins): null

2019-08-24 13:02:43 - [TEST_STEP][PASSED] - M4_spin_total_bonus_win_this_round = total_bonus_win_this_round: null

2019-08-24 13:02:43 - [TEST_STEP][PASSED] - M4_spin_total_bonus_win_this_round = M4_spin_total_bonus_win_this_round: null

2019-08-24 13:02:43 - [TEST_STEP][PASSED] - println("GlobalVariable.M4_spin_total_bonus_win_this_round is: " + M4_spin_total_bonus_win_this_round): null

2019-08-24 13:02:43 - [TEST_STEP][PASSED] - M4_spin_bonus_spin_result = spin_result: null

2019-08-24 13:02:43 - [TEST_STEP][PASSED] - M4_spin_bonus_spin_result = M4_spin_bonus_spin_result: null

2019-08-24 13:02:43 - [MESSAGE][PASSED] - Verify response successfully

2019-08-24 13:02:43 - [MESSAGE][PASSED] - Send request and verify the response successfully

2019-08-24 13:02:43 - [TEST_STEP][PASSED] - if (M4_total_bonus_spins_int != 0 &amp;&amp; M4_spin_reels_symbols[2].contains("WILD_Expanding")): null

2019-08-24 13:02:43 - [TEST_STEP][PASSED] - free_spin_reel_counter = free_spin_reel_counter: null

2019-08-24 13:02:43 - [TEST_STEP][PASSED] - M4_spin_reels_symbols = M4_spin_reels_symbols: null

2019-08-24 13:02:43 - [TEST_STEP][PASSED] - M4_total_bonus_spins = M4_total_bonus_spins: null

2019-08-24 13:02:43 - [TEST_STEP][PASSED] - spin_result = sendRequestAndVerify(findTestObject("INT/RGS(M4)/1_M4_spin", ["M4_login_user_id":M4_login_user_id, "rgs_session_token":rgs_session_token, "partner":Partner])): Send request and verify the response successfully

2019-08-24 13:02:43 - [MESSAGE][INFO] - HAR: /Users/eiralee/Katalon_Script/SuperWild/Reports/20190824_125957/INT/superWild_5/20190824_125957/requests/main/53.har

2019-08-24 13:02:43 - [TEST_CASE][PASSED] - Start Test Case : Verification: Verification accomplished successfully

2019-08-24 13:02:43 - [TEST_STEP][PASSED] - request = getInstance().getCurrentRequest(): null

2019-08-24 13:02:43 - [TEST_STEP][PASSED] - response = getInstance().getCurrentResponse(): null

2019-08-24 13:02:43 - [TEST_STEP][PASSED] - verifyResponseStatusCode(response, 200): Verify response status code successfully

2019-08-24 13:02:43 - [MESSAGE][PASSED] - Verify response status code successfully

2019-08-24 13:02:43 - [TEST_STEP][PASSED] - getStatusCode()).isEqualTo(200): null

2019-08-24 13:02:43 - [TEST_STEP][PASSED] - newline = System.getProperty("line.separator"): null

2019-08-24 13:02:43 - [TEST_STEP][PASSED] - M4_spin = new groovy.json.JsonSlurper(): null

2019-08-24 13:02:43 - [TEST_STEP][PASSED] - result_M4_spin = M4_spin.parseText(response.getResponseBodyContent()): null

2019-08-24 13:02:43 - [TEST_STEP][PASSED] - M4_spin_current_balance = current_balance: null

2019-08-24 13:02:43 - [TEST_STEP][PASSED] - M4_spin_current_balance = M4_spin_current_balance: null

2019-08-24 13:02:43 - [TEST_STEP][PASSED] - M4_spin_transaction_id = causality: null

2019-08-24 13:02:43 - [TEST_STEP][PASSED] - M4_spin_transaction_id = M4_spin_transaction_id: null

2019-08-24 13:02:43 - [TEST_STEP][PASSED] - M4_spin_round_id = round_id: null

2019-08-24 13:02:43 - [TEST_STEP][PASSED] - M4_spin_round_id = M4_spin_round_id: null

2019-08-24 13:02:43 - [TEST_STEP][PASSED] - M4_spin_line_wins = line_wins: null

2019-08-24 13:02:43 - [TEST_STEP][PASSED] - M4_spin_line_wins = M4_spin_line_wins: null

2019-08-24 13:02:43 - [TEST_STEP][PASSED] - M4_total_bonus_spins_int = total_bonus_spins: null

2019-08-24 13:02:43 - [TEST_STEP][PASSED] - println("******M4_total_bonus_spins type is:*******" + newline + getClass().getName()): null

2019-08-24 13:02:43 - [TEST_STEP][PASSED] - M4_total_bonus_spins_int = M4_total_bonus_spins_int: null

2019-08-24 13:02:43 - [TEST_STEP][PASSED] - M4_total_bonus_spins = Integer.toString(M4_total_bonus_spins_int): null

2019-08-24 13:02:43 - [TEST_STEP][PASSED] - M4_total_bonus_spins = M4_total_bonus_spins: null

2019-08-24 13:02:43 - [TEST_STEP][PASSED] - println("M4_total_bonus_spins is:" + M4_total_bonus_spins): null

2019-08-24 13:02:43 - [TEST_STEP][PASSED] - M4_spin_bonus_data = bonus_data: null

2019-08-24 13:02:43 - [TEST_STEP][PASSED] - M4_spin_features_triggered = result_M4_spin: null

2019-08-24 13:02:43 - [TEST_STEP][PASSED] - wild = []: null

2019-08-24 13:02:43 - [TEST_STEP][PASSED] - wild[0] = "WILD_Expanding": null

2019-08-24 13:02:43 - [TEST_STEP][PASSED] - wild[1] = "WILD_Normal": null

2019-08-24 13:02:43 - [TEST_STEP][PASSED] - wild[2] = "WILD_Double": null

2019-08-24 13:02:43 - [TEST_STEP][PASSED] - wild[3] = "WILD_ExtraFG": null

2019-08-24 13:02:43 - [TEST_STEP][PASSED] - wild[4] = "WILD_Triple": null

2019-08-24 13:02:43 - [TEST_STEP][PASSED] - wildList = Arrays.asList(wild): null

2019-08-24 13:02:43 - [TEST_STEP][PASSED] - wildList = wildList: null

2019-08-24 13:02:43 - [TEST_STEP][PASSED] - free_spin_reel_counter = []: null

2019-08-24 13:02:43 - [TEST_STEP][PASSED] - free_spin_reel_counter[0] = 0: null

2019-08-24 13:02:43 - [TEST_STEP][PASSED] - free_spin_reel_counter[1] = 0: null

2019-08-24 13:02:43 - [TEST_STEP][PASSED] - free_spin_reel_counter[2] = 0: null

2019-08-24 13:02:43 - [TEST_STEP][PASSED] - M4_spin_reels = reels: null

2019-08-24 13:02:43 - [TEST_STEP][PASSED] - for ([i = 0, i &lt; M4_spin_reels.size(), (i++)]): null

2019-08-24 13:02:43 - [TEST_STEP][PASSED] - symbols = symbols: null

2019-08-24 13:02:43 - [TEST_STEP][PASSED] - for ([j = 0, j &lt; symbols.size(), (j++)]): null

2019-08-24 13:02:43 - [TEST_STEP][PASSED] - symbol = symbol: null

2019-08-24 13:02:43 - [TEST_STEP][PASSED] - println(symbol): null

2019-08-24 13:02:43 - [TEST_STEP][PASSED] - if (i == 2 &amp;&amp; wildList.indexOf(symbol) != -1): null

2019-08-24 13:02:43 - [TEST_STEP][PASSED] - if (i == 3 &amp;&amp; wildList.indexOf(symbol) != -1): null

2019-08-24 13:02:43 - [TEST_STEP][PASSED] - if (i == 4 &amp;&amp; wildList.indexOf(symbol) != -1): null

2019-08-24 13:02:43 - [TEST_STEP][PASSED] - symbol = symbol: null

2019-08-24 13:02:43 - [TEST_STEP][PASSED] - println(symbol): null

2019-08-24 13:02:43 - [TEST_STEP][PASSED] - if (i == 2 &amp;&amp; wildList.indexOf(symbol) != -1): null

2019-08-24 13:02:43 - [TEST_STEP][PASSED] - if (i == 3 &amp;&amp; wildList.indexOf(symbol) != -1): null

2019-08-24 13:02:43 - [TEST_STEP][PASSED] - if (i == 4 &amp;&amp; wildList.indexOf(symbol) != -1): null

2019-08-24 13:02:43 - [TEST_STEP][PASSED] - symbol = symbol: null

2019-08-24 13:02:43 - [TEST_STEP][PASSED] - println(symbol): null

2019-08-24 13:02:43 - [TEST_STEP][PASSED] - if (i == 2 &amp;&amp; wildList.indexOf(symbol) != -1): null

2019-08-24 13:02:43 - [TEST_STEP][PASSED] - if (i == 3 &amp;&amp; wildList.indexOf(symbol) != -1): null

2019-08-24 13:02:43 - [TEST_STEP][PASSED] - if (i == 4 &amp;&amp; wildList.indexOf(symbol) != -1): null

2019-08-24 13:02:43 - [TEST_STEP][PASSED] - symbols = symbols: null

2019-08-24 13:02:43 - [TEST_STEP][PASSED] - for ([j = 0, j &lt; symbols.size(), (j++)]): null

2019-08-24 13:02:43 - [TEST_STEP][PASSED] - symbol = symbol: null

2019-08-24 13:02:43 - [TEST_STEP][PASSED] - println(symbol): null

2019-08-24 13:02:43 - [TEST_STEP][PASSED] - if (i == 2 &amp;&amp; wildList.indexOf(symbol) != -1): null

2019-08-24 13:02:43 - [TEST_STEP][PASSED] - if (i == 3 &amp;&amp; wildList.indexOf(symbol) != -1): null

2019-08-24 13:02:43 - [TEST_STEP][PASSED] - if (i == 4 &amp;&amp; wildList.indexOf(symbol) != -1): null

2019-08-24 13:02:43 - [TEST_STEP][PASSED] - symbol = symbol: null

2019-08-24 13:02:43 - [TEST_STEP][PASSED] - println(symbol): null

2019-08-24 13:02:43 - [TEST_STEP][PASSED] - if (i == 2 &amp;&amp; wildList.indexOf(symbol) != -1): null

2019-08-24 13:02:43 - [TEST_STEP][PASSED] - if (i == 3 &amp;&amp; wildList.indexOf(symbol) != -1): null

2019-08-24 13:02:43 - [TEST_STEP][PASSED] - if (i == 4 &amp;&amp; wildList.indexOf(symbol) != -1): null

2019-08-24 13:02:43 - [TEST_STEP][PASSED] - symbol = symbol: null

2019-08-24 13:02:43 - [TEST_STEP][PASSED] - println(symbol): null

2019-08-24 13:02:43 - [TEST_STEP][PASSED] - if (i == 2 &amp;&amp; wildList.indexOf(symbol) != -1): null

2019-08-24 13:02:43 - [TEST_STEP][PASSED] - if (i == 3 &amp;&amp; wildList.indexOf(symbol) != -1): null

2019-08-24 13:02:43 - [TEST_STEP][PASSED] - if (i == 4 &amp;&amp; wildList.indexOf(symbol) != -1): null

2019-08-24 13:02:43 - [TEST_STEP][PASSED] - symbols = symbols: null

2019-08-24 13:02:43 - [TEST_STEP][PASSED] - for ([j = 0, j &lt; symbols.size(), (j++)]): null

2019-08-24 13:02:43 - [TEST_STEP][PASSED] - symbol = symbol: null

2019-08-24 13:02:43 - [TEST_STEP][PASSED] - println(symbol): null

2019-08-24 13:02:43 - [TEST_STEP][PASSED] - if (i == 2 &amp;&amp; wildList.indexOf(symbol) != -1): null

2019-08-24 13:02:43 - [TEST_STEP][PASSED] - println("wild found on reel 3, adding counter by 1"): null

2019-08-24 13:02:43 - [TEST_STEP][PASSED] - free_spin_reel_counter[0] = free_spin_reel_counter[0] + 1: null

2019-08-24 13:02:47 - [TEST_STEP][PASSED] - if (i == 3 &amp;&amp; wildList.indexOf(symbol) != -1): null

2019-08-24 13:02:47 - [TEST_STEP][PASSED] - if (i == 4 &amp;&amp; wildList.indexOf(symbol) != -1): null

2019-08-24 13:02:47 - [TEST_STEP][PASSED] - symbol = symbol: null

2019-08-24 13:02:47 - [TEST_STEP][PASSED] - println(symbol): null

2019-08-24 13:02:47 - [TEST_STEP][PASSED] - if (i == 2 &amp;&amp; wildList.indexOf(symbol) != -1): null

2019-08-24 13:02:47 - [TEST_STEP][PASSED] - if (i == 3 &amp;&amp; wildList.indexOf(symbol) != -1): null

2019-08-24 13:02:47 - [TEST_STEP][PASSED] - if (i == 4 &amp;&amp; wildList.indexOf(symbol) != -1): null

2019-08-24 13:02:47 - [TEST_STEP][PASSED] - symbol = symbol: null

2019-08-24 13:02:47 - [TEST_STEP][PASSED] - println(symbol): null

2019-08-24 13:02:47 - [TEST_STEP][PASSED] - if (i == 2 &amp;&amp; wildList.indexOf(symbol) != -1): null

2019-08-24 13:02:53 - [TEST_STEP][PASSED] - if (i == 3 &amp;&amp; wildList.indexOf(symbol) != -1): null

2019-08-24 13:02:53 - [TEST_STEP][PASSED] - if (i == 4 &amp;&amp; wildList.indexOf(symbol) != -1): null

2019-08-24 13:02:53 - [TEST_STEP][PASSED] - symbols = symbols: null

2019-08-24 13:02:53 - [TEST_STEP][PASSED] - for ([j = 0, j &lt; symbols.size(), (j++)]): null

2019-08-24 13:02:53 - [TEST_STEP][PASSED] - symbol = symbol: null

2019-08-24 13:02:53 - [TEST_STEP][PASSED] - println(symbol): null

2019-08-24 13:02:58 - [TEST_STEP][PASSED] - if (i == 2 &amp;&amp; wildList.indexOf(symbol) != -1): null

2019-08-24 13:02:58 - [TEST_STEP][PASSED] - if (i == 3 &amp;&amp; wildList.indexOf(symbol) != -1): null

2019-08-24 13:02:58 - [TEST_STEP][PASSED] - if (i == 4 &amp;&amp; wildList.indexOf(symbol) != -1): null

2019-08-24 13:02:58 - [TEST_STEP][PASSED] - symbol = symbol: null

2019-08-24 13:02:58 - [TEST_STEP][PASSED] - println(symbol): null

2019-08-24 13:02:58 - [TEST_STEP][PASSED] - if (i == 2 &amp;&amp; wildList.indexOf(symbol) != -1): null

2019-08-24 13:02:58 - [TEST_STEP][PASSED] - if (i == 3 &amp;&amp; wildList.indexOf(symbol) != -1): null

2019-08-24 13:02:58 - [TEST_STEP][PASSED] - if (i == 4 &amp;&amp; wildList.indexOf(symbol) != -1): null

2019-08-24 13:02:58 - [TEST_STEP][PASSED] - symbol = symbol: null

2019-08-24 13:02:58 - [TEST_STEP][PASSED] - println(symbol): null

2019-08-24 13:02:58 - [TEST_STEP][PASSED] - if (i == 2 &amp;&amp; wildList.indexOf(symbol) != -1): null

2019-08-24 13:02:58 - [TEST_STEP][PASSED] - if (i == 3 &amp;&amp; wildList.indexOf(symbol) != -1): null

2019-08-24 13:02:58 - [TEST_STEP][PASSED] - if (i == 4 &amp;&amp; wildList.indexOf(symbol) != -1): null

2019-08-24 13:02:58 - [TEST_STEP][PASSED] - symbols = symbols: null

2019-08-24 13:02:58 - [TEST_STEP][PASSED] - for ([j = 0, j &lt; symbols.size(), (j++)]): null

2019-08-24 13:02:58 - [TEST_STEP][PASSED] - symbol = symbol: null

2019-08-24 13:02:58 - [TEST_STEP][PASSED] - println(symbol): null

2019-08-24 13:02:58 - [TEST_STEP][PASSED] - if (i == 2 &amp;&amp; wildList.indexOf(symbol) != -1): null

2019-08-24 13:02:58 - [TEST_STEP][PASSED] - if (i == 3 &amp;&amp; wildList.indexOf(symbol) != -1): null

2019-08-24 13:02:58 - [TEST_STEP][PASSED] - if (i == 4 &amp;&amp; wildList.indexOf(symbol) != -1): null

2019-08-24 13:02:58 - [TEST_STEP][PASSED] - symbol = symbol: null

2019-08-24 13:02:58 - [TEST_STEP][PASSED] - println(symbol): null

2019-08-24 13:02:58 - [TEST_STEP][PASSED] - if (i == 2 &amp;&amp; wildList.indexOf(symbol) != -1): null

2019-08-24 13:02:58 - [TEST_STEP][PASSED] - if (i == 3 &amp;&amp; wildList.indexOf(symbol) != -1): null

2019-08-24 13:02:58 - [TEST_STEP][PASSED] - if (i == 4 &amp;&amp; wildList.indexOf(symbol) != -1): null

2019-08-24 13:02:58 - [TEST_STEP][PASSED] - symbol = symbol: null

2019-08-24 13:02:58 - [TEST_STEP][PASSED] - println(symbol): null

2019-08-24 13:02:58 - [TEST_STEP][PASSED] - if (i == 2 &amp;&amp; wildList.indexOf(symbol) != -1): null

2019-08-24 13:02:58 - [TEST_STEP][PASSED] - if (i == 3 &amp;&amp; wildList.indexOf(symbol) != -1): null

2019-08-24 13:02:58 - [TEST_STEP][PASSED] - if (i == 4 &amp;&amp; wildList.indexOf(symbol) != -1): null

2019-08-24 13:02:58 - [TEST_STEP][PASSED] - free_spin_reel_counter = free_spin_reel_counter: null

2019-08-24 13:02:58 - [TEST_STEP][PASSED] - println("reel 3 wild found: " + free_spin_reel_counter[0]): null

2019-08-24 13:02:58 - [TEST_STEP][PASSED] - println("reel 4 wild found: " + free_spin_reel_counter[1]): null

2019-08-24 13:02:58 - [TEST_STEP][PASSED] - println("reel 5 wild found: " + free_spin_reel_counter[2]): null

2019-08-24 13:02:58 - [TEST_STEP][PASSED] - M4_spin_reels = M4_spin_reels: null

2019-08-24 13:02:58 - [TEST_STEP][PASSED] - M4_spin_reels_symbols = symbol: null

2019-08-24 13:02:58 - [TEST_STEP][PASSED] - M4_spin_reels_symbols = M4_spin_reels_symbols: null

2019-08-24 13:02:58 - [TEST_STEP][PASSED] - M4_spin_reel_wins = reel_wins: null

2019-08-24 13:02:58 - [TEST_STEP][PASSED] - M4_spin_reel_wins = M4_spin_reel_wins: null

2019-08-24 13:02:58 - [TEST_STEP][PASSED] - println("GlobalVariable.M4_spin_reel_wins is: " + M4_spin_reel_wins): null

2019-08-24 13:02:58 - [TEST_STEP][PASSED] - M4_spin_total_bonus_win_this_round = total_bonus_win_this_round: null

2019-08-24 13:02:58 - [TEST_STEP][PASSED] - M4_spin_total_bonus_win_this_round = M4_spin_total_bonus_win_this_round: null

2019-08-24 13:02:58 - [TEST_STEP][PASSED] - println("GlobalVariable.M4_spin_total_bonus_win_this_round is: " + M4_spin_total_bonus_win_this_round): null

2019-08-24 13:02:58 - [TEST_STEP][PASSED] - M4_spin_bonus_spin_result = spin_result: null

2019-08-24 13:02:58 - [TEST_STEP][PASSED] - M4_spin_bonus_spin_result = M4_spin_bonus_spin_result: null

2019-08-24 13:02:58 - [MESSAGE][PASSED] - Verify response successfully

2019-08-24 13:02:58 - [MESSAGE][PASSED] - Send request and verify the response successfully

2019-08-24 13:02:58 - [TEST_STEP][PASSED] - if (M4_total_bonus_spins_int != 0 &amp;&amp; M4_spin_reels_symbols[2].contains("WILD_Expanding")): null

2019-08-24 13:02:58 - [TEST_STEP][PASSED] - free_spin_reel_counter = free_spin_reel_counter: null

2019-08-24 13:02:58 - [TEST_STEP][PASSED] - M4_spin_reels_symbols = M4_spin_reels_symbols: null

2019-08-24 13:02:58 - [TEST_STEP][PASSED] - M4_total_bonus_spins = M4_total_bonus_spins: null

2019-08-24 13:02:58 - [TEST_STEP][PASSED] - spin_result = sendRequestAndVerify(findTestObject("INT/RGS(M4)/1_M4_spin", ["M4_login_user_id":M4_login_user_id, "rgs_session_token":rgs_session_token, "partner":Partner])): Send request and verify the response successfully

2019-08-24 13:02:58 - [MESSAGE][INFO] - HAR: /Users/eiralee/Katalon_Script/SuperWild/Reports/20190824_125957/INT/superWild_5/20190824_125957/requests/main/54.har

2019-08-24 13:02:58 - [TEST_CASE][PASSED] - Start Test Case : Verification: Verification accomplished successfully

2019-08-24 13:02:58 - [TEST_STEP][PASSED] - request = getInstance().getCurrentRequest(): null

2019-08-24 13:02:58 - [TEST_STEP][PASSED] - response = getInstance().getCurrentResponse(): null

2019-08-24 13:02:58 - [TEST_STEP][PASSED] - verifyResponseStatusCode(response, 200): Verify response status code successfully

2019-08-24 13:02:58 - [MESSAGE][PASSED] - Verify response status code successfully

2019-08-24 13:02:58 - [TEST_STEP][PASSED] - getStatusCode()).isEqualTo(200): null

2019-08-24 13:02:58 - [TEST_STEP][PASSED] - newline = System.getProperty("line.separator"): null

2019-08-24 13:02:58 - [TEST_STEP][PASSED] - M4_spin = new groovy.json.JsonSlurper(): null

2019-08-24 13:02:58 - [TEST_STEP][PASSED] - result_M4_spin = M4_spin.parseText(response.getResponseBodyContent()): null

2019-08-24 13:02:58 - [TEST_STEP][PASSED] - M4_spin_current_balance = current_balance: null

2019-08-24 13:02:58 - [TEST_STEP][PASSED] - M4_spin_current_balance = M4_spin_current_balance: null

2019-08-24 13:02:58 - [TEST_STEP][PASSED] - M4_spin_transaction_id = causality: null

2019-08-24 13:02:58 - [TEST_STEP][PASSED] - M4_spin_transaction_id = M4_spin_transaction_id: null

2019-08-24 13:02:58 - [TEST_STEP][PASSED] - M4_spin_round_id = round_id: null

2019-08-24 13:02:58 - [TEST_STEP][PASSED] - M4_spin_round_id = M4_spin_round_id: null

2019-08-24 13:02:58 - [TEST_STEP][PASSED] - M4_spin_line_wins = line_wins: null

2019-08-24 13:02:58 - [TEST_STEP][PASSED] - M4_spin_line_wins = M4_spin_line_wins: null

2019-08-24 13:02:58 - [TEST_STEP][PASSED] - M4_total_bonus_spins_int = total_bonus_spins: null

2019-08-24 13:02:58 - [TEST_STEP][PASSED] - println("******M4_total_bonus_spins type is:*******" + newline + getClass().getName()): null

2019-08-24 13:02:58 - [TEST_STEP][PASSED] - M4_total_bonus_spins_int = M4_total_bonus_spins_int: null

2019-08-24 13:02:58 - [TEST_STEP][PASSED] - M4_total_bonus_spins = Integer.toString(M4_total_bonus_spins_int): null

2019-08-24 13:02:58 - [TEST_STEP][PASSED] - M4_total_bonus_spins = M4_total_bonus_spins: null

2019-08-24 13:02:58 - [TEST_STEP][PASSED] - println("M4_total_bonus_spins is:" + M4_total_bonus_spins): null

2019-08-24 13:02:58 - [TEST_STEP][PASSED] - M4_spin_bonus_data = bonus_data: null

2019-08-24 13:02:58 - [TEST_STEP][PASSED] - M4_spin_features_triggered = result_M4_spin: null

2019-08-24 13:02:58 - [TEST_STEP][PASSED] - wild = []: null

2019-08-24 13:02:58 - [TEST_STEP][PASSED] - wild[0] = "WILD_Expanding": null

2019-08-24 13:02:58 - [TEST_STEP][PASSED] - wild[1] = "WILD_Normal": null

2019-08-24 13:02:58 - [TEST_STEP][PASSED] - wild[2] = "WILD_Double": null

2019-08-24 13:02:58 - [TEST_STEP][PASSED] - wild[3] = "WILD_ExtraFG": null

2019-08-24 13:02:58 - [TEST_STEP][PASSED] - wild[4] = "WILD_Triple": null

2019-08-24 13:02:58 - [TEST_STEP][PASSED] - wildList = Arrays.asList(wild): null

2019-08-24 13:02:58 - [TEST_STEP][PASSED] - wildList = wildList: null

2019-08-24 13:02:58 - [TEST_STEP][PASSED] - free_spin_reel_counter = []: null

2019-08-24 13:02:58 - [TEST_STEP][PASSED] - free_spin_reel_counter[0] = 0: null

2019-08-24 13:02:58 - [TEST_STEP][PASSED] - free_spin_reel_counter[1] = 0: null

2019-08-24 13:02:58 - [TEST_STEP][PASSED] - free_spin_reel_counter[2] = 0: null

2019-08-24 13:02:58 - [TEST_STEP][PASSED] - M4_spin_reels = reels: null

2019-08-24 13:02:58 - [TEST_STEP][PASSED] - for ([i = 0, i &lt; M4_spin_reels.size(), (i++)]): null

2019-08-24 13:02:58 - [TEST_STEP][PASSED] - symbols = symbols: null

2019-08-24 13:02:58 - [TEST_STEP][PASSED] - for ([j = 0, j &lt; symbols.size(), (j++)]): null

2019-08-24 13:02:58 - [TEST_STEP][PASSED] - symbol = symbol: null

2019-08-24 13:02:58 - [TEST_STEP][PASSED] - println(symbol): null

2019-08-24 13:02:58 - [TEST_STEP][PASSED] - if (i == 2 &amp;&amp; wildList.indexOf(symbol) != -1): null

2019-08-24 13:02:58 - [TEST_STEP][PASSED] - if (i == 3 &amp;&amp; wildList.indexOf(symbol) != -1): null

2019-08-24 13:02:58 - [TEST_STEP][PASSED] - if (i == 4 &amp;&amp; wildList.indexOf(symbol) != -1): null

2019-08-24 13:02:58 - [TEST_STEP][PASSED] - symbol = symbol: null

2019-08-24 13:02:58 - [TEST_STEP][PASSED] - println(symbol): null

2019-08-24 13:02:58 - [TEST_STEP][PASSED] - if (i == 2 &amp;&amp; wildList.indexOf(symbol) != -1): null

2019-08-24 13:02:58 - [TEST_STEP][PASSED] - if (i == 3 &amp;&amp; wildList.indexOf(symbol) != -1): null

2019-08-24 13:02:58 - [TEST_STEP][PASSED] - if (i == 4 &amp;&amp; wildList.indexOf(symbol) != -1): null

2019-08-24 13:02:58 - [TEST_STEP][PASSED] - symbol = symbol: null

2019-08-24 13:02:58 - [TEST_STEP][PASSED] - println(symbol): null

2019-08-24 13:02:58 - [TEST_STEP][PASSED] - if (i == 2 &amp;&amp; wildList.indexOf(symbol) != -1): null

2019-08-24 13:02:58 - [TEST_STEP][PASSED] - if (i == 3 &amp;&amp; wildList.indexOf(symbol) != -1): null

2019-08-24 13:02:58 - [TEST_STEP][PASSED] - if (i == 4 &amp;&amp; wildList.indexOf(symbol) != -1): null

2019-08-24 13:02:58 - [TEST_STEP][PASSED] - symbols = symbols: null

2019-08-24 13:02:58 - [TEST_STEP][PASSED] - for ([j = 0, j &lt; symbols.size(), (j++)]): null

2019-08-24 13:02:58 - [TEST_STEP][PASSED] - symbol = symbol: null

2019-08-24 13:02:58 - [TEST_STEP][PASSED] - println(symbol): null

2019-08-24 13:02:58 - [TEST_STEP][PASSED] - if (i == 2 &amp;&amp; wildList.indexOf(symbol) != -1): null

2019-08-24 13:02:58 - [TEST_STEP][PASSED] - if (i == 3 &amp;&amp; wildList.indexOf(symbol) != -1): null

2019-08-24 13:02:58 - [TEST_STEP][PASSED] - if (i == 4 &amp;&amp; wildList.indexOf(symbol) != -1): null

2019-08-24 13:02:58 - [TEST_STEP][PASSED] - symbol = symbol: null

2019-08-24 13:02:58 - [TEST_STEP][PASSED] - println(symbol): null

2019-08-24 13:02:58 - [TEST_STEP][PASSED] - if (i == 2 &amp;&amp; wildList.indexOf(symbol) != -1): null

2019-08-24 13:02:58 - [TEST_STEP][PASSED] - if (i == 3 &amp;&amp; wildList.indexOf(symbol) != -1): null

2019-08-24 13:02:58 - [TEST_STEP][PASSED] - if (i == 4 &amp;&amp; wildList.indexOf(symbol) != -1): null

2019-08-24 13:02:58 - [TEST_STEP][PASSED] - symbol = symbol: null

2019-08-24 13:02:58 - [TEST_STEP][PASSED] - println(symbol): null

2019-08-24 13:02:58 - [TEST_STEP][PASSED] - if (i == 2 &amp;&amp; wildList.indexOf(symbol) != -1): null

2019-08-24 13:02:58 - [TEST_STEP][PASSED] - if (i == 3 &amp;&amp; wildList.indexOf(symbol) != -1): null

2019-08-24 13:02:58 - [TEST_STEP][PASSED] - if (i == 4 &amp;&amp; wildList.indexOf(symbol) != -1): null

2019-08-24 13:02:58 - [TEST_STEP][PASSED] - symbols = symbols: null

2019-08-24 13:02:58 - [TEST_STEP][PASSED] - for ([j = 0, j &lt; symbols.size(), (j++)]): null

2019-08-24 13:02:58 - [TEST_STEP][PASSED] - symbol = symbol: null

2019-08-24 13:02:58 - [TEST_STEP][PASSED] - println(symbol): null

2019-08-24 13:02:58 - [TEST_STEP][PASSED] - if (i == 2 &amp;&amp; wildList.indexOf(symbol) != -1): null

2019-08-24 13:02:58 - [TEST_STEP][PASSED] - if (i == 3 &amp;&amp; wildList.indexOf(symbol) != -1): null

2019-08-24 13:02:58 - [TEST_STEP][PASSED] - if (i == 4 &amp;&amp; wildList.indexOf(symbol) != -1): null

2019-08-24 13:02:58 - [TEST_STEP][PASSED] - symbol = symbol: null

2019-08-24 13:02:58 - [TEST_STEP][PASSED] - println(symbol): null

2019-08-24 13:02:58 - [TEST_STEP][PASSED] - if (i == 2 &amp;&amp; wildList.indexOf(symbol) != -1): null

2019-08-24 13:02:58 - [TEST_STEP][PASSED] - if (i == 3 &amp;&amp; wildList.indexOf(symbol) != -1): null

2019-08-24 13:02:58 - [TEST_STEP][PASSED] - if (i == 4 &amp;&amp; wildList.indexOf(symbol) != -1): null

2019-08-24 13:02:58 - [TEST_STEP][PASSED] - symbol = symbol: null

2019-08-24 13:02:58 - [TEST_STEP][PASSED] - println(symbol): null

2019-08-24 13:02:58 - [TEST_STEP][PASSED] - if (i == 2 &amp;&amp; wildList.indexOf(symbol) != -1): null

2019-08-24 13:02:58 - [TEST_STEP][PASSED] - if (i == 3 &amp;&amp; wildList.indexOf(symbol) != -1): null

2019-08-24 13:02:58 - [TEST_STEP][PASSED] - if (i == 4 &amp;&amp; wildList.indexOf(symbol) != -1): null

2019-08-24 13:02:58 - [TEST_STEP][PASSED] - symbols = symbols: null

2019-08-24 13:02:58 - [TEST_STEP][PASSED] - for ([j = 0, j &lt; symbols.size(), (j++)]): null

2019-08-24 13:02:58 - [TEST_STEP][PASSED] - symbol = symbol: null

2019-08-24 13:02:58 - [TEST_STEP][PASSED] - println(symbol): null

2019-08-24 13:02:58 - [TEST_STEP][PASSED] - if (i == 2 &amp;&amp; wildList.indexOf(symbol) != -1): null

2019-08-24 13:02:58 - [TEST_STEP][PASSED] - if (i == 3 &amp;&amp; wildList.indexOf(symbol) != -1): null

2019-08-24 13:02:58 - [TEST_STEP][PASSED] - if (i == 4 &amp;&amp; wildList.indexOf(symbol) != -1): null

2019-08-24 13:02:58 - [TEST_STEP][PASSED] - symbol = symbol: null

2019-08-24 13:02:58 - [TEST_STEP][PASSED] - println(symbol): null

2019-08-24 13:02:58 - [TEST_STEP][PASSED] - if (i == 2 &amp;&amp; wildList.indexOf(symbol) != -1): null

2019-08-24 13:02:58 - [TEST_STEP][PASSED] - if (i == 3 &amp;&amp; wildList.indexOf(symbol) != -1): null

2019-08-24 13:02:58 - [TEST_STEP][PASSED] - if (i == 4 &amp;&amp; wildList.indexOf(symbol) != -1): null

2019-08-24 13:02:58 - [TEST_STEP][PASSED] - symbol = symbol: null

2019-08-24 13:02:58 - [TEST_STEP][PASSED] - println(symbol): null

2019-08-24 13:02:58 - [TEST_STEP][PASSED] - if (i == 2 &amp;&amp; wildList.indexOf(symbol) != -1): null

2019-08-24 13:02:58 - [TEST_STEP][PASSED] - if (i == 3 &amp;&amp; wildList.indexOf(symbol) != -1): null

2019-08-24 13:02:58 - [TEST_STEP][PASSED] - if (i == 4 &amp;&amp; wildList.indexOf(symbol) != -1): null

2019-08-24 13:02:58 - [TEST_STEP][PASSED] - symbols = symbols: null

2019-08-24 13:02:58 - [TEST_STEP][PASSED] - for ([j = 0, j &lt; symbols.size(), (j++)]): null

2019-08-24 13:02:58 - [TEST_STEP][PASSED] - symbol = symbol: null

2019-08-24 13:02:58 - [TEST_STEP][PASSED] - println(symbol): null

2019-08-24 13:02:58 - [TEST_STEP][PASSED] - if (i == 2 &amp;&amp; wildList.indexOf(symbol) != -1): null

2019-08-24 13:02:58 - [TEST_STEP][PASSED] - if (i == 3 &amp;&amp; wildList.indexOf(symbol) != -1): null

2019-08-24 13:02:58 - [TEST_STEP][PASSED] - if (i == 4 &amp;&amp; wildList.indexOf(symbol) != -1): null

2019-08-24 13:02:58 - [TEST_STEP][PASSED] - symbol = symbol: null

2019-08-24 13:02:58 - [TEST_STEP][PASSED] - println(symbol): null

2019-08-24 13:02:58 - [TEST_STEP][PASSED] - if (i == 2 &amp;&amp; wildList.indexOf(symbol) != -1): null

2019-08-24 13:02:58 - [TEST_STEP][PASSED] - if (i == 3 &amp;&amp; wildList.indexOf(symbol) != -1): null

2019-08-24 13:02:58 - [TEST_STEP][PASSED] - if (i == 4 &amp;&amp; wildList.indexOf(symbol) != -1): null

2019-08-24 13:02:58 - [TEST_STEP][PASSED] - symbol = symbol: null

2019-08-24 13:02:58 - [TEST_STEP][PASSED] - println(symbol): null

2019-08-24 13:02:58 - [TEST_STEP][PASSED] - if (i == 2 &amp;&amp; wildList.indexOf(symbol) != -1): null

2019-08-24 13:02:58 - [TEST_STEP][PASSED] - if (i == 3 &amp;&amp; wildList.indexOf(symbol) != -1): null

2019-08-24 13:02:58 - [TEST_STEP][PASSED] - if (i == 4 &amp;&amp; wildList.indexOf(symbol) != -1): null

2019-08-24 13:02:58 - [TEST_STEP][PASSED] - free_spin_reel_counter = free_spin_reel_counter: null

2019-08-24 13:02:58 - [TEST_STEP][PASSED] - println("reel 3 wild found: " + free_spin_reel_counter[0]): null

2019-08-24 13:02:58 - [TEST_STEP][PASSED] - println("reel 4 wild found: " + free_spin_reel_counter[1]): null

2019-08-24 13:02:58 - [TEST_STEP][PASSED] - println("reel 5 wild found: " + free_spin_reel_counter[2]): null

2019-08-24 13:02:58 - [TEST_STEP][PASSED] - M4_spin_reels = M4_spin_reels: null

2019-08-24 13:02:58 - [TEST_STEP][PASSED] - M4_spin_reels_symbols = symbol: null

2019-08-24 13:02:58 - [TEST_STEP][PASSED] - M4_spin_reels_symbols = M4_spin_reels_symbols: null

2019-08-24 13:02:58 - [TEST_STEP][PASSED] - M4_spin_reel_wins = reel_wins: null

2019-08-24 13:02:58 - [TEST_STEP][PASSED] - M4_spin_reel_wins = M4_spin_reel_wins: null

2019-08-24 13:02:58 - [TEST_STEP][PASSED] - println("GlobalVariable.M4_spin_reel_wins is: " + M4_spin_reel_wins): null

2019-08-24 13:02:58 - [TEST_STEP][PASSED] - M4_spin_total_bonus_win_this_round = total_bonus_win_this_round: null

2019-08-24 13:02:58 - [TEST_STEP][PASSED] - M4_spin_total_bonus_win_this_round = M4_spin_total_bonus_win_this_round: null

2019-08-24 13:02:58 - [TEST_STEP][PASSED] - println("GlobalVariable.M4_spin_total_bonus_win_this_round is: " + M4_spin_total_bonus_win_this_round): null

2019-08-24 13:02:58 - [TEST_STEP][PASSED] - M4_spin_bonus_spin_result = spin_result: null

2019-08-24 13:02:58 - [TEST_STEP][PASSED] - M4_spin_bonus_spin_result = M4_spin_bonus_spin_result: null

2019-08-24 13:02:58 - [MESSAGE][PASSED] - Verify response successfully

2019-08-24 13:02:58 - [MESSAGE][PASSED] - Send request and verify the response successfully

2019-08-24 13:02:58 - [TEST_STEP][PASSED] - if (M4_total_bonus_spins_int != 0 &amp;&amp; M4_spin_reels_symbols[2].contains("WILD_Expanding")): null

2019-08-24 13:02:58 - [TEST_STEP][PASSED] - free_spin_reel_counter = free_spin_reel_counter: null

2019-08-24 13:02:58 - [TEST_STEP][PASSED] - M4_spin_reels_symbols = M4_spin_reels_symbols: null

2019-08-24 13:02:58 - [TEST_STEP][PASSED] - M4_total_bonus_spins = M4_total_bonus_spins: null

2019-08-24 13:02:58 - [TEST_STEP][PASSED] - spin_result = sendRequestAndVerify(findTestObject("INT/RGS(M4)/1_M4_spin", ["M4_login_user_id":M4_login_user_id, "rgs_session_token":rgs_session_token, "partner":Partner])): Send request and verify the response successfully

2019-08-24 13:02:59 - [MESSAGE][INFO] - HAR: /Users/eiralee/Katalon_Script/SuperWild/Reports/20190824_125957/INT/superWild_5/20190824_125957/requests/main/55.har

2019-08-24 13:02:59 - [TEST_CASE][PASSED] - Start Test Case : Verification: Verification accomplished successfully

2019-08-24 13:02:59 - [TEST_STEP][PASSED] - request = getInstance().getCurrentRequest(): null

2019-08-24 13:02:59 - [TEST_STEP][PASSED] - response = getInstance().getCurrentResponse(): null

2019-08-24 13:02:59 - [TEST_STEP][PASSED] - verifyResponseStatusCode(response, 200): Verify response status code successfully

2019-08-24 13:02:59 - [MESSAGE][PASSED] - Verify response status code successfully

2019-08-24 13:02:59 - [TEST_STEP][PASSED] - getStatusCode()).isEqualTo(200): null

2019-08-24 13:02:59 - [TEST_STEP][PASSED] - newline = System.getProperty("line.separator"): null

2019-08-24 13:02:59 - [TEST_STEP][PASSED] - M4_spin = new groovy.json.JsonSlurper(): null

2019-08-24 13:02:59 - [TEST_STEP][PASSED] - result_M4_spin = M4_spin.parseText(response.getResponseBodyContent()): null

2019-08-24 13:02:59 - [TEST_STEP][PASSED] - M4_spin_current_balance = current_balance: null

2019-08-24 13:02:59 - [TEST_STEP][PASSED] - M4_spin_current_balance = M4_spin_current_balance: null

2019-08-24 13:02:59 - [TEST_STEP][PASSED] - M4_spin_transaction_id = causality: null

2019-08-24 13:02:59 - [TEST_STEP][PASSED] - M4_spin_transaction_id = M4_spin_transaction_id: null

2019-08-24 13:02:59 - [TEST_STEP][PASSED] - M4_spin_round_id = round_id: null

2019-08-24 13:02:59 - [TEST_STEP][PASSED] - M4_spin_round_id = M4_spin_round_id: null

2019-08-24 13:02:59 - [TEST_STEP][PASSED] - M4_spin_line_wins = line_wins: null

2019-08-24 13:02:59 - [TEST_STEP][PASSED] - M4_spin_line_wins = M4_spin_line_wins: null

2019-08-24 13:02:59 - [TEST_STEP][PASSED] - M4_total_bonus_spins_int = total_bonus_spins: null

2019-08-24 13:02:59 - [TEST_STEP][PASSED] - println("******M4_total_bonus_spins type is:*******" + newline + getClass().getName()): null

2019-08-24 13:02:59 - [TEST_STEP][PASSED] - M4_total_bonus_spins_int = M4_total_bonus_spins_int: null

2019-08-24 13:02:59 - [TEST_STEP][PASSED] - M4_total_bonus_spins = Integer.toString(M4_total_bonus_spins_int): null

2019-08-24 13:02:59 - [TEST_STEP][PASSED] - M4_total_bonus_spins = M4_total_bonus_spins: null

2019-08-24 13:02:59 - [TEST_STEP][PASSED] - println("M4_total_bonus_spins is:" + M4_total_bonus_spins): null

2019-08-24 13:02:59 - [TEST_STEP][PASSED] - M4_spin_bonus_data = bonus_data: null

2019-08-24 13:02:59 - [TEST_STEP][PASSED] - M4_spin_features_triggered = result_M4_spin: null

2019-08-24 13:02:59 - [TEST_STEP][PASSED] - wild = []: null

2019-08-24 13:02:59 - [TEST_STEP][PASSED] - wild[0] = "WILD_Expanding": null

2019-08-24 13:02:59 - [TEST_STEP][PASSED] - wild[1] = "WILD_Normal": null

2019-08-24 13:02:59 - [TEST_STEP][PASSED] - wild[2] = "WILD_Double": null

2019-08-24 13:02:59 - [TEST_STEP][PASSED] - wild[3] = "WILD_ExtraFG": null

2019-08-24 13:02:59 - [TEST_STEP][PASSED] - wild[4] = "WILD_Triple": null

2019-08-24 13:02:59 - [TEST_STEP][PASSED] - wildList = Arrays.asList(wild): null

2019-08-24 13:02:59 - [TEST_STEP][PASSED] - wildList = wildList: null

2019-08-24 13:02:59 - [TEST_STEP][PASSED] - free_spin_reel_counter = []: null

2019-08-24 13:02:59 - [TEST_STEP][PASSED] - free_spin_reel_counter[0] = 0: null

2019-08-24 13:02:59 - [TEST_STEP][PASSED] - free_spin_reel_counter[1] = 0: null

2019-08-24 13:02:59 - [TEST_STEP][PASSED] - free_spin_reel_counter[2] = 0: null

2019-08-24 13:02:59 - [TEST_STEP][PASSED] - M4_spin_reels = reels: null

2019-08-24 13:02:59 - [TEST_STEP][PASSED] - for ([i = 0, i &lt; M4_spin_reels.size(), (i++)]): null

2019-08-24 13:02:59 - [TEST_STEP][PASSED] - symbols = symbols: null

2019-08-24 13:02:59 - [TEST_STEP][PASSED] - for ([j = 0, j &lt; symbols.size(), (j++)]): null

2019-08-24 13:02:59 - [TEST_STEP][PASSED] - symbol = symbol: null

2019-08-24 13:02:59 - [TEST_STEP][PASSED] - println(symbol): null

2019-08-24 13:02:59 - [TEST_STEP][PASSED] - if (i == 2 &amp;&amp; wildList.indexOf(symbol) != -1): null

2019-08-24 13:02:59 - [TEST_STEP][PASSED] - if (i == 3 &amp;&amp; wildList.indexOf(symbol) != -1): null

2019-08-24 13:02:59 - [TEST_STEP][PASSED] - if (i == 4 &amp;&amp; wildList.indexOf(symbol) != -1): null

2019-08-24 13:02:59 - [TEST_STEP][PASSED] - symbol = symbol: null

2019-08-24 13:02:59 - [TEST_STEP][PASSED] - println(symbol): null

2019-08-24 13:02:59 - [TEST_STEP][PASSED] - if (i == 2 &amp;&amp; wildList.indexOf(symbol) != -1): null

2019-08-24 13:02:59 - [TEST_STEP][PASSED] - if (i == 3 &amp;&amp; wildList.indexOf(symbol) != -1): null

2019-08-24 13:02:59 - [TEST_STEP][PASSED] - if (i == 4 &amp;&amp; wildList.indexOf(symbol) != -1): null

2019-08-24 13:02:59 - [TEST_STEP][PASSED] - symbol = symbol: null

2019-08-24 13:02:59 - [TEST_STEP][PASSED] - println(symbol): null

2019-08-24 13:02:59 - [TEST_STEP][PASSED] - if (i == 2 &amp;&amp; wildList.indexOf(symbol) != -1): null

2019-08-24 13:02:59 - [TEST_STEP][PASSED] - if (i == 3 &amp;&amp; wildList.indexOf(symbol) != -1): null

2019-08-24 13:02:59 - [TEST_STEP][PASSED] - if (i == 4 &amp;&amp; wildList.indexOf(symbol) != -1): null

2019-08-24 13:02:59 - [TEST_STEP][PASSED] - symbols = symbols: null

2019-08-24 13:02:59 - [TEST_STEP][PASSED] - for ([j = 0, j &lt; symbols.size(), (j++)]): null

2019-08-24 13:02:59 - [TEST_STEP][PASSED] - symbol = symbol: null

2019-08-24 13:02:59 - [TEST_STEP][PASSED] - println(symbol): null

2019-08-24 13:02:59 - [TEST_STEP][PASSED] - if (i == 2 &amp;&amp; wildList.indexOf(symbol) != -1): null

2019-08-24 13:02:59 - [TEST_STEP][PASSED] - if (i == 3 &amp;&amp; wildList.indexOf(symbol) != -1): null

2019-08-24 13:02:59 - [TEST_STEP][PASSED] - if (i == 4 &amp;&amp; wildList.indexOf(symbol) != -1): null

2019-08-24 13:02:59 - [TEST_STEP][PASSED] - symbol = symbol: null

2019-08-24 13:02:59 - [TEST_STEP][PASSED] - println(symbol): null

2019-08-24 13:02:59 - [TEST_STEP][PASSED] - if (i == 2 &amp;&amp; wildList.indexOf(symbol) != -1): null

2019-08-24 13:02:59 - [TEST_STEP][PASSED] - if (i == 3 &amp;&amp; wildList.indexOf(symbol) != -1): null

2019-08-24 13:02:59 - [TEST_STEP][PASSED] - if (i == 4 &amp;&amp; wildList.indexOf(symbol) != -1): null

2019-08-24 13:02:59 - [TEST_STEP][PASSED] - symbol = symbol: null

2019-08-24 13:02:59 - [TEST_STEP][PASSED] - println(symbol): null

2019-08-24 13:02:59 - [TEST_STEP][PASSED] - if (i == 2 &amp;&amp; wildList.indexOf(symbol) != -1): null

2019-08-24 13:02:59 - [TEST_STEP][PASSED] - if (i == 3 &amp;&amp; wildList.indexOf(symbol) != -1): null

2019-08-24 13:02:59 - [TEST_STEP][PASSED] - if (i == 4 &amp;&amp; wildList.indexOf(symbol) != -1): null

2019-08-24 13:02:59 - [TEST_STEP][PASSED] - symbols = symbols: null

2019-08-24 13:02:59 - [TEST_STEP][PASSED] - for ([j = 0, j &lt; symbols.size(), (j++)]): null

2019-08-24 13:02:59 - [TEST_STEP][PASSED] - symbol = symbol: null

2019-08-24 13:02:59 - [TEST_STEP][PASSED] - println(symbol): null

2019-08-24 13:02:59 - [TEST_STEP][PASSED] - if (i == 2 &amp;&amp; wildList.indexOf(symbol) != -1): null

2019-08-24 13:02:59 - [TEST_STEP][PASSED] - if (i == 3 &amp;&amp; wildList.indexOf(symbol) != -1): null

2019-08-24 13:02:59 - [TEST_STEP][PASSED] - if (i == 4 &amp;&amp; wildList.indexOf(symbol) != -1): null

2019-08-24 13:02:59 - [TEST_STEP][PASSED] - symbol = symbol: null

2019-08-24 13:02:59 - [TEST_STEP][PASSED] - println(symbol): null

2019-08-24 13:02:59 - [TEST_STEP][PASSED] - if (i == 2 &amp;&amp; wildList.indexOf(symbol) != -1): null

2019-08-24 13:02:59 - [TEST_STEP][PASSED] - if (i == 3 &amp;&amp; wildList.indexOf(symbol) != -1): null

2019-08-24 13:02:59 - [TEST_STEP][PASSED] - if (i == 4 &amp;&amp; wildList.indexOf(symbol) != -1): null

2019-08-24 13:02:59 - [TEST_STEP][PASSED] - symbol = symbol: null

2019-08-24 13:02:59 - [TEST_STEP][PASSED] - println(symbol): null

2019-08-24 13:02:59 - [TEST_STEP][PASSED] - if (i == 2 &amp;&amp; wildList.indexOf(symbol) != -1): null

2019-08-24 13:02:59 - [TEST_STEP][PASSED] - if (i == 3 &amp;&amp; wildList.indexOf(symbol) != -1): null

2019-08-24 13:02:59 - [TEST_STEP][PASSED] - if (i == 4 &amp;&amp; wildList.indexOf(symbol) != -1): null

2019-08-24 13:02:59 - [TEST_STEP][PASSED] - symbols = symbols: null

2019-08-24 13:02:59 - [TEST_STEP][PASSED] - for ([j = 0, j &lt; symbols.size(), (j++)]): null

2019-08-24 13:02:59 - [TEST_STEP][PASSED] - symbol = symbol: null

2019-08-24 13:02:59 - [TEST_STEP][PASSED] - println(symbol): null

2019-08-24 13:02:59 - [TEST_STEP][PASSED] - if (i == 2 &amp;&amp; wildList.indexOf(symbol) != -1): null

2019-08-24 13:02:59 - [TEST_STEP][PASSED] - if (i == 3 &amp;&amp; wildList.indexOf(symbol) != -1): null

2019-08-24 13:02:59 - [TEST_STEP][PASSED] - if (i == 4 &amp;&amp; wildList.indexOf(symbol) != -1): null

2019-08-24 13:02:59 - [TEST_STEP][PASSED] - symbol = symbol: null

2019-08-24 13:02:59 - [TEST_STEP][PASSED] - println(symbol): null

2019-08-24 13:02:59 - [TEST_STEP][PASSED] - if (i == 2 &amp;&amp; wildList.indexOf(symbol) != -1): null

2019-08-24 13:02:59 - [TEST_STEP][PASSED] - if (i == 3 &amp;&amp; wildList.indexOf(symbol) != -1): null

2019-08-24 13:02:59 - [TEST_STEP][PASSED] - if (i == 4 &amp;&amp; wildList.indexOf(symbol) != -1): null

2019-08-24 13:02:59 - [TEST_STEP][PASSED] - symbol = symbol: null

2019-08-24 13:02:59 - [TEST_STEP][PASSED] - println(symbol): null

2019-08-24 13:02:59 - [TEST_STEP][PASSED] - if (i == 2 &amp;&amp; wildList.indexOf(symbol) != -1): null

2019-08-24 13:02:59 - [TEST_STEP][PASSED] - if (i == 3 &amp;&amp; wildList.indexOf(symbol) != -1): null

2019-08-24 13:02:59 - [TEST_STEP][PASSED] - if (i == 4 &amp;&amp; wildList.indexOf(symbol) != -1): null

2019-08-24 13:02:59 - [TEST_STEP][PASSED] - symbols = symbols: null

2019-08-24 13:02:59 - [TEST_STEP][PASSED] - for ([j = 0, j &lt; symbols.size(), (j++)]): null

2019-08-24 13:02:59 - [TEST_STEP][PASSED] - symbol = symbol: null

2019-08-24 13:02:59 - [TEST_STEP][PASSED] - println(symbol): null

2019-08-24 13:02:59 - [TEST_STEP][PASSED] - if (i == 2 &amp;&amp; wildList.indexOf(symbol) != -1): null

2019-08-24 13:02:59 - [TEST_STEP][PASSED] - if (i == 3 &amp;&amp; wildList.indexOf(symbol) != -1): null

2019-08-24 13:02:59 - [TEST_STEP][PASSED] - if (i == 4 &amp;&amp; wildList.indexOf(symbol) != -1): null

2019-08-24 13:02:59 - [TEST_STEP][PASSED] - symbol = symbol: null

2019-08-24 13:02:59 - [TEST_STEP][PASSED] - println(symbol): null

2019-08-24 13:02:59 - [TEST_STEP][PASSED] - if (i == 2 &amp;&amp; wildList.indexOf(symbol) != -1): null

2019-08-24 13:02:59 - [TEST_STEP][PASSED] - if (i == 3 &amp;&amp; wildList.indexOf(symbol) != -1): null

2019-08-24 13:02:59 - [TEST_STEP][PASSED] - if (i == 4 &amp;&amp; wildList.indexOf(symbol) != -1): null

2019-08-24 13:02:59 - [TEST_STEP][PASSED] - symbol = symbol: null

2019-08-24 13:02:59 - [TEST_STEP][PASSED] - println(symbol): null

2019-08-24 13:02:59 - [TEST_STEP][PASSED] - if (i == 2 &amp;&amp; wildList.indexOf(symbol) != -1): null

2019-08-24 13:02:59 - [TEST_STEP][PASSED] - if (i == 3 &amp;&amp; wildList.indexOf(symbol) != -1): null

2019-08-24 13:02:59 - [TEST_STEP][PASSED] - if (i == 4 &amp;&amp; wildList.indexOf(symbol) != -1): null

2019-08-24 13:02:59 - [TEST_STEP][PASSED] - free_spin_reel_counter = free_spin_reel_counter: null

2019-08-24 13:02:59 - [TEST_STEP][PASSED] - println("reel 3 wild found: " + free_spin_reel_counter[0]): null

2019-08-24 13:02:59 - [TEST_STEP][PASSED] - println("reel 4 wild found: " + free_spin_reel_counter[1]): null

2019-08-24 13:02:59 - [TEST_STEP][PASSED] - println("reel 5 wild found: " + free_spin_reel_counter[2]): null

2019-08-24 13:02:59 - [TEST_STEP][PASSED] - M4_spin_reels = M4_spin_reels: null

2019-08-24 13:02:59 - [TEST_STEP][PASSED] - M4_spin_reels_symbols = symbol: null

2019-08-24 13:02:59 - [TEST_STEP][PASSED] - M4_spin_reels_symbols = M4_spin_reels_symbols: null

2019-08-24 13:02:59 - [TEST_STEP][PASSED] - M4_spin_reel_wins = reel_wins: null

2019-08-24 13:02:59 - [TEST_STEP][PASSED] - M4_spin_reel_wins = M4_spin_reel_wins: null

2019-08-24 13:02:59 - [TEST_STEP][PASSED] - println("GlobalVariable.M4_spin_reel_wins is: " + M4_spin_reel_wins): null

2019-08-24 13:02:59 - [TEST_STEP][PASSED] - M4_spin_total_bonus_win_this_round = total_bonus_win_this_round: null

2019-08-24 13:02:59 - [TEST_STEP][PASSED] - M4_spin_total_bonus_win_this_round = M4_spin_total_bonus_win_this_round: null

2019-08-24 13:02:59 - [TEST_STEP][PASSED] - println("GlobalVariable.M4_spin_total_bonus_win_this_round is: " + M4_spin_total_bonus_win_this_round): null

2019-08-24 13:02:59 - [TEST_STEP][PASSED] - M4_spin_bonus_spin_result = spin_result: null

2019-08-24 13:02:59 - [TEST_STEP][PASSED] - M4_spin_bonus_spin_result = M4_spin_bonus_spin_result: null

2019-08-24 13:02:59 - [MESSAGE][PASSED] - Verify response successfully

2019-08-24 13:02:59 - [MESSAGE][PASSED] - Send request and verify the response successfully

2019-08-24 13:02:59 - [TEST_STEP][PASSED] - if (M4_total_bonus_spins_int != 0 &amp;&amp; M4_spin_reels_symbols[2].contains("WILD_Expanding")): null

2019-08-24 13:02:59 - [TEST_STEP][PASSED] - free_spin_reel_counter = free_spin_reel_counter: null

2019-08-24 13:02:59 - [TEST_STEP][PASSED] - M4_spin_reels_symbols = M4_spin_reels_symbols: null

2019-08-24 13:02:59 - [TEST_STEP][PASSED] - M4_total_bonus_spins = M4_total_bonus_spins: null

2019-08-24 13:02:59 - [TEST_STEP][PASSED] - spin_result = sendRequestAndVerify(findTestObject("INT/RGS(M4)/1_M4_spin", ["M4_login_user_id":M4_login_user_id, "rgs_session_token":rgs_session_token, "partner":Partner])): Send request and verify the response successfully

2019-08-24 13:02:59 - [MESSAGE][INFO] - HAR: /Users/eiralee/Katalon_Script/SuperWild/Reports/20190824_125957/INT/superWild_5/20190824_125957/requests/main/56.har

2019-08-24 13:02:59 - [TEST_CASE][PASSED] - Start Test Case : Verification: Verification accomplished successfully

2019-08-24 13:02:59 - [TEST_STEP][PASSED] - request = getInstance().getCurrentRequest(): null

2019-08-24 13:03:00 - [TEST_STEP][PASSED] - response = getInstance().getCurrentResponse(): null

2019-08-24 13:03:00 - [TEST_STEP][PASSED] - verifyResponseStatusCode(response, 200): Verify response status code successfully

2019-08-24 13:03:00 - [MESSAGE][PASSED] - Verify response status code successfully

2019-08-24 13:03:00 - [TEST_STEP][PASSED] - getStatusCode()).isEqualTo(200): null

2019-08-24 13:03:00 - [TEST_STEP][PASSED] - newline = System.getProperty("line.separator"): null

2019-08-24 13:03:00 - [TEST_STEP][PASSED] - M4_spin = new groovy.json.JsonSlurper(): null

2019-08-24 13:03:00 - [TEST_STEP][PASSED] - result_M4_spin = M4_spin.parseText(response.getResponseBodyContent()): null

2019-08-24 13:03:00 - [TEST_STEP][PASSED] - M4_spin_current_balance = current_balance: null

2019-08-24 13:03:00 - [TEST_STEP][PASSED] - M4_spin_current_balance = M4_spin_current_balance: null

2019-08-24 13:03:00 - [TEST_STEP][PASSED] - M4_spin_transaction_id = causality: null

2019-08-24 13:03:00 - [TEST_STEP][PASSED] - M4_spin_transaction_id = M4_spin_transaction_id: null

2019-08-24 13:03:00 - [TEST_STEP][PASSED] - M4_spin_round_id = round_id: null

2019-08-24 13:03:00 - [TEST_STEP][PASSED] - M4_spin_round_id = M4_spin_round_id: null

2019-08-24 13:03:00 - [TEST_STEP][PASSED] - M4_spin_line_wins = line_wins: null

2019-08-24 13:03:00 - [TEST_STEP][PASSED] - M4_spin_line_wins = M4_spin_line_wins: null

2019-08-24 13:03:00 - [TEST_STEP][PASSED] - M4_total_bonus_spins_int = total_bonus_spins: null

2019-08-24 13:03:00 - [TEST_STEP][PASSED] - println("******M4_total_bonus_spins type is:*******" + newline + getClass().getName()): null

2019-08-24 13:03:00 - [TEST_STEP][PASSED] - M4_total_bonus_spins_int = M4_total_bonus_spins_int: null

2019-08-24 13:03:00 - [TEST_STEP][PASSED] - M4_total_bonus_spins = Integer.toString(M4_total_bonus_spins_int): null

2019-08-24 13:03:00 - [TEST_STEP][PASSED] - M4_total_bonus_spins = M4_total_bonus_spins: null

2019-08-24 13:03:00 - [TEST_STEP][PASSED] - println("M4_total_bonus_spins is:" + M4_total_bonus_spins): null

2019-08-24 13:03:00 - [TEST_STEP][PASSED] - M4_spin_bonus_data = bonus_data: null

2019-08-24 13:03:00 - [TEST_STEP][PASSED] - M4_spin_features_triggered = result_M4_spin: null

2019-08-24 13:03:00 - [TEST_STEP][PASSED] - wild = []: null

2019-08-24 13:03:00 - [TEST_STEP][PASSED] - wild[0] = "WILD_Expanding": null

2019-08-24 13:03:00 - [TEST_STEP][PASSED] - wild[1] = "WILD_Normal": null

2019-08-24 13:03:00 - [TEST_STEP][PASSED] - wild[2] = "WILD_Double": null

2019-08-24 13:03:00 - [TEST_STEP][PASSED] - wild[3] = "WILD_ExtraFG": null

2019-08-24 13:03:00 - [TEST_STEP][PASSED] - wild[4] = "WILD_Triple": null

2019-08-24 13:03:00 - [TEST_STEP][PASSED] - wildList = Arrays.asList(wild): null

2019-08-24 13:03:00 - [TEST_STEP][PASSED] - wildList = wildList: null

2019-08-24 13:03:00 - [TEST_STEP][PASSED] - free_spin_reel_counter = []: null

2019-08-24 13:03:00 - [TEST_STEP][PASSED] - free_spin_reel_counter[0] = 0: null

2019-08-24 13:03:00 - [TEST_STEP][PASSED] - free_spin_reel_counter[1] = 0: null

2019-08-24 13:03:00 - [TEST_STEP][PASSED] - free_spin_reel_counter[2] = 0: null

2019-08-24 13:03:00 - [TEST_STEP][PASSED] - M4_spin_reels = reels: null

2019-08-24 13:03:00 - [TEST_STEP][PASSED] - for ([i = 0, i &lt; M4_spin_reels.size(), (i++)]): null

2019-08-24 13:03:00 - [TEST_STEP][PASSED] - symbols = symbols: null

2019-08-24 13:03:00 - [TEST_STEP][PASSED] - for ([j = 0, j &lt; symbols.size(), (j++)]): null

2019-08-24 13:03:00 - [TEST_STEP][PASSED] - symbol = symbol: null

2019-08-24 13:03:00 - [TEST_STEP][PASSED] - println(symbol): null

2019-08-24 13:03:00 - [TEST_STEP][PASSED] - if (i == 2 &amp;&amp; wildList.indexOf(symbol) != -1): null

2019-08-24 13:03:00 - [TEST_STEP][PASSED] - if (i == 3 &amp;&amp; wildList.indexOf(symbol) != -1): null

2019-08-24 13:03:00 - [TEST_STEP][PASSED] - if (i == 4 &amp;&amp; wildList.indexOf(symbol) != -1): null

2019-08-24 13:03:00 - [TEST_STEP][PASSED] - symbol = symbol: null

2019-08-24 13:03:00 - [TEST_STEP][PASSED] - println(symbol): null

2019-08-24 13:03:00 - [TEST_STEP][PASSED] - if (i == 2 &amp;&amp; wildList.indexOf(symbol) != -1): null

2019-08-24 13:03:00 - [TEST_STEP][PASSED] - if (i == 3 &amp;&amp; wildList.indexOf(symbol) != -1): null

2019-08-24 13:03:00 - [TEST_STEP][PASSED] - if (i == 4 &amp;&amp; wildList.indexOf(symbol) != -1): null

2019-08-24 13:03:00 - [TEST_STEP][PASSED] - symbol = symbol: null

2019-08-24 13:03:00 - [TEST_STEP][PASSED] - println(symbol): null

2019-08-24 13:03:00 - [TEST_STEP][PASSED] - if (i == 2 &amp;&amp; wildList.indexOf(symbol) != -1): null

2019-08-24 13:03:00 - [TEST_STEP][PASSED] - if (i == 3 &amp;&amp; wildList.indexOf(symbol) != -1): null

2019-08-24 13:03:00 - [TEST_STEP][PASSED] - if (i == 4 &amp;&amp; wildList.indexOf(symbol) != -1): null

2019-08-24 13:03:00 - [TEST_STEP][PASSED] - symbols = symbols: null

2019-08-24 13:03:00 - [TEST_STEP][PASSED] - for ([j = 0, j &lt; symbols.size(), (j++)]): null

2019-08-24 13:03:00 - [TEST_STEP][PASSED] - symbol = symbol: null

2019-08-24 13:03:00 - [TEST_STEP][PASSED] - println(symbol): null

2019-08-24 13:03:00 - [TEST_STEP][PASSED] - if (i == 2 &amp;&amp; wildList.indexOf(symbol) != -1): null

2019-08-24 13:03:00 - [TEST_STEP][PASSED] - if (i == 3 &amp;&amp; wildList.indexOf(symbol) != -1): null

2019-08-24 13:03:00 - [TEST_STEP][PASSED] - if (i == 4 &amp;&amp; wildList.indexOf(symbol) != -1): null

2019-08-24 13:03:00 - [TEST_STEP][PASSED] - symbol = symbol: null

2019-08-24 13:03:00 - [TEST_STEP][PASSED] - println(symbol): null

2019-08-24 13:03:00 - [TEST_STEP][PASSED] - if (i == 2 &amp;&amp; wildList.indexOf(symbol) != -1): null

2019-08-24 13:03:00 - [TEST_STEP][PASSED] - if (i == 3 &amp;&amp; wildList.indexOf(symbol) != -1): null

2019-08-24 13:03:00 - [TEST_STEP][PASSED] - if (i == 4 &amp;&amp; wildList.indexOf(symbol) != -1): null

2019-08-24 13:03:00 - [TEST_STEP][PASSED] - symbol = symbol: null

2019-08-24 13:03:00 - [TEST_STEP][PASSED] - println(symbol): null

2019-08-24 13:03:00 - [TEST_STEP][PASSED] - if (i == 2 &amp;&amp; wildList.indexOf(symbol) != -1): null

2019-08-24 13:03:00 - [TEST_STEP][PASSED] - if (i == 3 &amp;&amp; wildList.indexOf(symbol) != -1): null

2019-08-24 13:03:00 - [TEST_STEP][PASSED] - if (i == 4 &amp;&amp; wildList.indexOf(symbol) != -1): null

2019-08-24 13:03:00 - [TEST_STEP][PASSED] - symbols = symbols: null

2019-08-24 13:03:00 - [TEST_STEP][PASSED] - for ([j = 0, j &lt; symbols.size(), (j++)]): null

2019-08-24 13:03:00 - [TEST_STEP][PASSED] - symbol = symbol: null

2019-08-24 13:03:00 - [TEST_STEP][PASSED] - println(symbol): null

2019-08-24 13:03:00 - [TEST_STEP][PASSED] - if (i == 2 &amp;&amp; wildList.indexOf(symbol) != -1): null

2019-08-24 13:03:00 - [TEST_STEP][PASSED] - if (i == 3 &amp;&amp; wildList.indexOf(symbol) != -1): null

2019-08-24 13:03:00 - [TEST_STEP][PASSED] - if (i == 4 &amp;&amp; wildList.indexOf(symbol) != -1): null

2019-08-24 13:03:00 - [TEST_STEP][PASSED] - symbol = symbol: null

2019-08-24 13:03:00 - [TEST_STEP][PASSED] - println(symbol): null

2019-08-24 13:03:00 - [TEST_STEP][PASSED] - if (i == 2 &amp;&amp; wildList.indexOf(symbol) != -1): null

2019-08-24 13:03:00 - [TEST_STEP][PASSED] - println("wild found on reel 3, adding counter by 1"): null

2019-08-24 13:03:00 - [TEST_STEP][PASSED] - free_spin_reel_counter[0] = free_spin_reel_counter[0] + 1: null

2019-08-24 13:03:00 - [TEST_STEP][PASSED] - if (i == 3 &amp;&amp; wildList.indexOf(symbol) != -1): null

2019-08-24 13:03:00 - [TEST_STEP][PASSED] - if (i == 4 &amp;&amp; wildList.indexOf(symbol) != -1): null

2019-08-24 13:03:00 - [TEST_STEP][PASSED] - symbol = symbol: null

2019-08-24 13:03:00 - [TEST_STEP][PASSED] - println(symbol): null

2019-08-24 13:03:00 - [TEST_STEP][PASSED] - if (i == 2 &amp;&amp; wildList.indexOf(symbol) != -1): null

2019-08-24 13:03:00 - [TEST_STEP][PASSED] - if (i == 3 &amp;&amp; wildList.indexOf(symbol) != -1): null

2019-08-24 13:03:00 - [TEST_STEP][PASSED] - if (i == 4 &amp;&amp; wildList.indexOf(symbol) != -1): null

2019-08-24 13:03:00 - [TEST_STEP][PASSED] - symbols = symbols: null

2019-08-24 13:03:00 - [TEST_STEP][PASSED] - for ([j = 0, j &lt; symbols.size(), (j++)]): null

2019-08-24 13:03:00 - [TEST_STEP][PASSED] - symbol = symbol: null

2019-08-24 13:03:00 - [TEST_STEP][PASSED] - println(symbol): null

2019-08-24 13:03:00 - [TEST_STEP][PASSED] - if (i == 2 &amp;&amp; wildList.indexOf(symbol) != -1): null

2019-08-24 13:03:00 - [TEST_STEP][PASSED] - if (i == 3 &amp;&amp; wildList.indexOf(symbol) != -1): null

2019-08-24 13:03:00 - [TEST_STEP][PASSED] - if (i == 4 &amp;&amp; wildList.indexOf(symbol) != -1): null

2019-08-24 13:03:00 - [TEST_STEP][PASSED] - symbol = symbol: null

2019-08-24 13:03:00 - [TEST_STEP][PASSED] - println(symbol): null

2019-08-24 13:03:00 - [TEST_STEP][PASSED] - if (i == 2 &amp;&amp; wildList.indexOf(symbol) != -1): null

2019-08-24 13:03:00 - [TEST_STEP][PASSED] - if (i == 3 &amp;&amp; wildList.indexOf(symbol) != -1): null

2019-08-24 13:03:00 - [TEST_STEP][PASSED] - if (i == 4 &amp;&amp; wildList.indexOf(symbol) != -1): null

2019-08-24 13:03:00 - [TEST_STEP][PASSED] - symbol = symbol: null

2019-08-24 13:03:00 - [TEST_STEP][PASSED] - println(symbol): null

2019-08-24 13:03:00 - [TEST_STEP][PASSED] - if (i == 2 &amp;&amp; wildList.indexOf(symbol) != -1): null

2019-08-24 13:03:00 - [TEST_STEP][PASSED] - if (i == 3 &amp;&amp; wildList.indexOf(symbol) != -1): null

2019-08-24 13:03:00 - [TEST_STEP][PASSED] - if (i == 4 &amp;&amp; wildList.indexOf(symbol) != -1): null

2019-08-24 13:03:00 - [TEST_STEP][PASSED] - symbols = symbols: null

2019-08-24 13:03:00 - [TEST_STEP][PASSED] - for ([j = 0, j &lt; symbols.size(), (j++)]): null

2019-08-24 13:03:00 - [TEST_STEP][PASSED] - symbol = symbol: null

2019-08-24 13:03:00 - [TEST_STEP][PASSED] - println(symbol): null

2019-08-24 13:03:00 - [TEST_STEP][PASSED] - if (i == 2 &amp;&amp; wildList.indexOf(symbol) != -1): null

2019-08-24 13:03:00 - [TEST_STEP][PASSED] - if (i == 3 &amp;&amp; wildList.indexOf(symbol) != -1): null

2019-08-24 13:03:00 - [TEST_STEP][PASSED] - if (i == 4 &amp;&amp; wildList.indexOf(symbol) != -1): null

2019-08-24 13:03:00 - [TEST_STEP][PASSED] - symbol = symbol: null

2019-08-24 13:03:00 - [TEST_STEP][PASSED] - println(symbol): null

2019-08-24 13:03:00 - [TEST_STEP][PASSED] - if (i == 2 &amp;&amp; wildList.indexOf(symbol) != -1): null

2019-08-24 13:03:00 - [TEST_STEP][PASSED] - if (i == 3 &amp;&amp; wildList.indexOf(symbol) != -1): null

2019-08-24 13:03:00 - [TEST_STEP][PASSED] - if (i == 4 &amp;&amp; wildList.indexOf(symbol) != -1): null

2019-08-24 13:03:00 - [TEST_STEP][PASSED] - symbol = symbol: null

2019-08-24 13:03:00 - [TEST_STEP][PASSED] - println(symbol): null

2019-08-24 13:03:00 - [TEST_STEP][PASSED] - if (i == 2 &amp;&amp; wildList.indexOf(symbol) != -1): null

2019-08-24 13:03:00 - [TEST_STEP][PASSED] - if (i == 3 &amp;&amp; wildList.indexOf(symbol) != -1): null

2019-08-24 13:03:00 - [TEST_STEP][PASSED] - if (i == 4 &amp;&amp; wildList.indexOf(symbol) != -1): null

2019-08-24 13:03:00 - [TEST_STEP][PASSED] - println("wild found on reel 5, adding counter by 1"): null

2019-08-24 13:03:00 - [TEST_STEP][PASSED] - free_spin_reel_counter[2] = free_spin_reel_counter[2] + 1: null

2019-08-24 13:03:00 - [TEST_STEP][PASSED] - free_spin_reel_counter = free_spin_reel_counter: null

2019-08-24 13:03:00 - [TEST_STEP][PASSED] - println("reel 3 wild found: " + free_spin_reel_counter[0]): null

2019-08-24 13:03:00 - [TEST_STEP][PASSED] - println("reel 4 wild found: " + free_spin_reel_counter[1]): null

2019-08-24 13:03:00 - [TEST_STEP][PASSED] - println("reel 5 wild found: " + free_spin_reel_counter[2]): null

2019-08-24 13:03:00 - [TEST_STEP][PASSED] - M4_spin_reels = M4_spin_reels: null

2019-08-24 13:03:00 - [TEST_STEP][PASSED] - M4_spin_reels_symbols = symbol: null

2019-08-24 13:03:00 - [TEST_STEP][PASSED] - M4_spin_reels_symbols = M4_spin_reels_symbols: null

2019-08-24 13:03:00 - [TEST_STEP][PASSED] - M4_spin_reel_wins = reel_wins: null

2019-08-24 13:03:00 - [TEST_STEP][PASSED] - M4_spin_reel_wins = M4_spin_reel_wins: null

2019-08-24 13:03:00 - [TEST_STEP][PASSED] - println("GlobalVariable.M4_spin_reel_wins is: " + M4_spin_reel_wins): null

2019-08-24 13:03:00 - [TEST_STEP][PASSED] - M4_spin_total_bonus_win_this_round = total_bonus_win_this_round: null

2019-08-24 13:03:00 - [TEST_STEP][PASSED] - M4_spin_total_bonus_win_this_round = M4_spin_total_bonus_win_this_round: null

2019-08-24 13:03:00 - [TEST_STEP][PASSED] - println("GlobalVariable.M4_spin_total_bonus_win_this_round is: " + M4_spin_total_bonus_win_this_round): null

2019-08-24 13:03:00 - [TEST_STEP][PASSED] - M4_spin_bonus_spin_result = spin_result: null

2019-08-24 13:03:00 - [TEST_STEP][PASSED] - M4_spin_bonus_spin_result = M4_spin_bonus_spin_result: null

2019-08-24 13:03:00 - [MESSAGE][PASSED] - Verify response successfully

2019-08-24 13:03:00 - [MESSAGE][PASSED] - Send request and verify the response successfully

2019-08-24 13:03:00 - [TEST_STEP][PASSED] - if (M4_total_bonus_spins_int != 0 &amp;&amp; M4_spin_reels_symbols[2].contains("WILD_Expanding")): null

2019-08-24 13:03:00 - [TEST_STEP][PASSED] - free_spin_reel_counter = free_spin_reel_counter: null

2019-08-24 13:03:00 - [TEST_STEP][PASSED] - M4_spin_reels_symbols = M4_spin_reels_symbols: null

2019-08-24 13:03:00 - [TEST_STEP][PASSED] - M4_total_bonus_spins = M4_total_bonus_spins: null

2019-08-24 13:03:00 - [TEST_STEP][PASSED] - spin_result = sendRequestAndVerify(findTestObject("INT/RGS(M4)/1_M4_spin", ["M4_login_user_id":M4_login_user_id, "rgs_session_token":rgs_session_token, "partner":Partner])): Send request and verify the response successfully

2019-08-24 13:03:00 - [MESSAGE][INFO] - HAR: /Users/eiralee/Katalon_Script/SuperWild/Reports/20190824_125957/INT/superWild_5/20190824_125957/requests/main/57.har

2019-08-24 13:03:00 - [TEST_CASE][PASSED] - Start Test Case : Verification: Verification accomplished successfully

2019-08-24 13:03:00 - [TEST_STEP][PASSED] - request = getInstance().getCurrentRequest(): null

2019-08-24 13:03:00 - [TEST_STEP][PASSED] - response = getInstance().getCurrentResponse(): null

2019-08-24 13:03:00 - [TEST_STEP][PASSED] - verifyResponseStatusCode(response, 200): Verify response status code successfully

2019-08-24 13:03:00 - [MESSAGE][PASSED] - Verify response status code successfully

2019-08-24 13:03:00 - [TEST_STEP][PASSED] - getStatusCode()).isEqualTo(200): null

2019-08-24 13:03:00 - [TEST_STEP][PASSED] - newline = System.getProperty("line.separator"): null

2019-08-24 13:03:00 - [TEST_STEP][PASSED] - M4_spin = new groovy.json.JsonSlurper(): null

2019-08-24 13:03:00 - [TEST_STEP][PASSED] - result_M4_spin = M4_spin.parseText(response.getResponseBodyContent()): null

2019-08-24 13:03:00 - [TEST_STEP][PASSED] - M4_spin_current_balance = current_balance: null

2019-08-24 13:03:00 - [TEST_STEP][PASSED] - M4_spin_current_balance = M4_spin_current_balance: null

2019-08-24 13:03:00 - [TEST_STEP][PASSED] - M4_spin_transaction_id = causality: null

2019-08-24 13:03:00 - [TEST_STEP][PASSED] - M4_spin_transaction_id = M4_spin_transaction_id: null

2019-08-24 13:03:00 - [TEST_STEP][PASSED] - M4_spin_round_id = round_id: null

2019-08-24 13:03:00 - [TEST_STEP][PASSED] - M4_spin_round_id = M4_spin_round_id: null

2019-08-24 13:03:00 - [TEST_STEP][PASSED] - M4_spin_line_wins = line_wins: null

2019-08-24 13:03:00 - [TEST_STEP][PASSED] - M4_spin_line_wins = M4_spin_line_wins: null

2019-08-24 13:03:00 - [TEST_STEP][PASSED] - M4_total_bonus_spins_int = total_bonus_spins: null

2019-08-24 13:03:00 - [TEST_STEP][PASSED] - println("******M4_total_bonus_spins type is:*******" + newline + getClass().getName()): null

2019-08-24 13:03:00 - [TEST_STEP][PASSED] - M4_total_bonus_spins_int = M4_total_bonus_spins_int: null

2019-08-24 13:03:00 - [TEST_STEP][PASSED] - M4_total_bonus_spins = Integer.toString(M4_total_bonus_spins_int): null

2019-08-24 13:03:00 - [TEST_STEP][PASSED] - M4_total_bonus_spins = M4_total_bonus_spins: null

2019-08-24 13:03:00 - [TEST_STEP][PASSED] - println("M4_total_bonus_spins is:" + M4_total_bonus_spins): null

2019-08-24 13:03:00 - [TEST_STEP][PASSED] - M4_spin_bonus_data = bonus_data: null

2019-08-24 13:03:00 - [TEST_STEP][PASSED] - M4_spin_features_triggered = result_M4_spin: null

2019-08-24 13:03:00 - [TEST_STEP][PASSED] - wild = []: null

2019-08-24 13:03:00 - [TEST_STEP][PASSED] - wild[0] = "WILD_Expanding": null

2019-08-24 13:03:00 - [TEST_STEP][PASSED] - wild[1] = "WILD_Normal": null

2019-08-24 13:03:00 - [TEST_STEP][PASSED] - wild[2] = "WILD_Double": null

2019-08-24 13:03:00 - [TEST_STEP][PASSED] - wild[3] = "WILD_ExtraFG": null

2019-08-24 13:03:00 - [TEST_STEP][PASSED] - wild[4] = "WILD_Triple": null

2019-08-24 13:03:00 - [TEST_STEP][PASSED] - wildList = Arrays.asList(wild): null

2019-08-24 13:03:00 - [TEST_STEP][PASSED] - wildList = wildList: null

2019-08-24 13:03:00 - [TEST_STEP][PASSED] - free_spin_reel_counter = []: null

2019-08-24 13:03:00 - [TEST_STEP][PASSED] - free_spin_reel_counter[0] = 0: null

2019-08-24 13:03:00 - [TEST_STEP][PASSED] - free_spin_reel_counter[1] = 0: null

2019-08-24 13:03:00 - [TEST_STEP][PASSED] - free_spin_reel_counter[2] = 0: null

2019-08-24 13:03:00 - [TEST_STEP][PASSED] - M4_spin_reels = reels: null

2019-08-24 13:03:00 - [TEST_STEP][PASSED] - for ([i = 0, i &lt; M4_spin_reels.size(), (i++)]): null

2019-08-24 13:03:00 - [TEST_STEP][PASSED] - symbols = symbols: null

2019-08-24 13:03:00 - [TEST_STEP][PASSED] - for ([j = 0, j &lt; symbols.size(), (j++)]): null

2019-08-24 13:03:00 - [TEST_STEP][PASSED] - symbol = symbol: null

2019-08-24 13:03:00 - [TEST_STEP][PASSED] - println(symbol): null

2019-08-24 13:03:00 - [TEST_STEP][PASSED] - if (i == 2 &amp;&amp; wildList.indexOf(symbol) != -1): null

2019-08-24 13:03:00 - [TEST_STEP][PASSED] - if (i == 3 &amp;&amp; wildList.indexOf(symbol) != -1): null

2019-08-24 13:03:00 - [TEST_STEP][PASSED] - if (i == 4 &amp;&amp; wildList.indexOf(symbol) != -1): null

2019-08-24 13:03:00 - [TEST_STEP][PASSED] - symbol = symbol: null

2019-08-24 13:03:00 - [TEST_STEP][PASSED] - println(symbol): null

2019-08-24 13:03:00 - [TEST_STEP][PASSED] - if (i == 2 &amp;&amp; wildList.indexOf(symbol) != -1): null

2019-08-24 13:03:00 - [TEST_STEP][PASSED] - if (i == 3 &amp;&amp; wildList.indexOf(symbol) != -1): null

2019-08-24 13:03:00 - [TEST_STEP][PASSED] - if (i == 4 &amp;&amp; wildList.indexOf(symbol) != -1): null

2019-08-24 13:03:00 - [TEST_STEP][PASSED] - symbol = symbol: null

2019-08-24 13:03:00 - [TEST_STEP][PASSED] - println(symbol): null

2019-08-24 13:03:00 - [TEST_STEP][PASSED] - if (i == 2 &amp;&amp; wildList.indexOf(symbol) != -1): null

2019-08-24 13:03:00 - [TEST_STEP][PASSED] - if (i == 3 &amp;&amp; wildList.indexOf(symbol) != -1): null

2019-08-24 13:03:00 - [TEST_STEP][PASSED] - if (i == 4 &amp;&amp; wildList.indexOf(symbol) != -1): null

2019-08-24 13:03:00 - [TEST_STEP][PASSED] - symbols = symbols: null

2019-08-24 13:03:00 - [TEST_STEP][PASSED] - for ([j = 0, j &lt; symbols.size(), (j++)]): null

2019-08-24 13:03:00 - [TEST_STEP][PASSED] - symbol = symbol: null

2019-08-24 13:03:00 - [TEST_STEP][PASSED] - println(symbol): null

2019-08-24 13:03:00 - [TEST_STEP][PASSED] - if (i == 2 &amp;&amp; wildList.indexOf(symbol) != -1): null

2019-08-24 13:03:00 - [TEST_STEP][PASSED] - if (i == 3 &amp;&amp; wildList.indexOf(symbol) != -1): null

2019-08-24 13:03:00 - [TEST_STEP][PASSED] - if (i == 4 &amp;&amp; wildList.indexOf(symbol) != -1): null

2019-08-24 13:03:00 - [TEST_STEP][PASSED] - symbol = symbol: null

2019-08-24 13:03:00 - [TEST_STEP][PASSED] - println(symbol): null

2019-08-24 13:03:00 - [TEST_STEP][PASSED] - if (i == 2 &amp;&amp; wildList.indexOf(symbol) != -1): null

2019-08-24 13:03:00 - [TEST_STEP][PASSED] - if (i == 3 &amp;&amp; wildList.indexOf(symbol) != -1): null

2019-08-24 13:03:00 - [TEST_STEP][PASSED] - if (i == 4 &amp;&amp; wildList.indexOf(symbol) != -1): null

2019-08-24 13:03:00 - [TEST_STEP][PASSED] - symbol = symbol: null

2019-08-24 13:03:00 - [TEST_STEP][PASSED] - println(symbol): null

2019-08-24 13:03:00 - [TEST_STEP][PASSED] - if (i == 2 &amp;&amp; wildList.indexOf(symbol) != -1): null

2019-08-24 13:03:00 - [TEST_STEP][PASSED] - if (i == 3 &amp;&amp; wildList.indexOf(symbol) != -1): null

2019-08-24 13:03:00 - [TEST_STEP][PASSED] - if (i == 4 &amp;&amp; wildList.indexOf(symbol) != -1): null

2019-08-24 13:03:00 - [TEST_STEP][PASSED] - symbols = symbols: null

2019-08-24 13:03:00 - [TEST_STEP][PASSED] - for ([j = 0, j &lt; symbols.size(), (j++)]): null

2019-08-24 13:03:00 - [TEST_STEP][PASSED] - symbol = symbol: null

2019-08-24 13:03:00 - [TEST_STEP][PASSED] - println(symbol): null

2019-08-24 13:03:00 - [TEST_STEP][PASSED] - if (i == 2 &amp;&amp; wildList.indexOf(symbol) != -1): null

2019-08-24 13:03:00 - [TEST_STEP][PASSED] - println("wild found on reel 3, adding counter by 1"): null

2019-08-24 13:03:00 - [TEST_STEP][PASSED] - free_spin_reel_counter[0] = free_spin_reel_counter[0] + 1: null

2019-08-24 13:03:00 - [TEST_STEP][PASSED] - if (i == 3 &amp;&amp; wildList.indexOf(symbol) != -1): null

2019-08-24 13:03:00 - [TEST_STEP][PASSED] - if (i == 4 &amp;&amp; wildList.indexOf(symbol) != -1): null

2019-08-24 13:03:00 - [TEST_STEP][PASSED] - symbol = symbol: null

2019-08-24 13:03:00 - [TEST_STEP][PASSED] - println(symbol): null

2019-08-24 13:03:00 - [TEST_STEP][PASSED] - if (i == 2 &amp;&amp; wildList.indexOf(symbol) != -1): null

2019-08-24 13:03:00 - [TEST_STEP][PASSED] - if (i == 3 &amp;&amp; wildList.indexOf(symbol) != -1): null

2019-08-24 13:03:00 - [TEST_STEP][PASSED] - if (i == 4 &amp;&amp; wildList.indexOf(symbol) != -1): null

2019-08-24 13:03:00 - [TEST_STEP][PASSED] - symbol = symbol: null

2019-08-24 13:03:00 - [TEST_STEP][PASSED] - println(symbol): null

2019-08-24 13:03:00 - [TEST_STEP][PASSED] - if (i == 2 &amp;&amp; wildList.indexOf(symbol) != -1): null

2019-08-24 13:03:00 - [TEST_STEP][PASSED] - if (i == 3 &amp;&amp; wildList.indexOf(symbol) != -1): null

2019-08-24 13:03:00 - [TEST_STEP][PASSED] - if (i == 4 &amp;&amp; wildList.indexOf(symbol) != -1): null

2019-08-24 13:03:00 - [TEST_STEP][PASSED] - symbols = symbols: null

2019-08-24 13:03:00 - [TEST_STEP][PASSED] - for ([j = 0, j &lt; symbols.size(), (j++)]): null

2019-08-24 13:03:00 - [TEST_STEP][PASSED] - symbol = symbol: null

2019-08-24 13:03:00 - [TEST_STEP][PASSED] - println(symbol): null

2019-08-24 13:03:00 - [TEST_STEP][PASSED] - if (i == 2 &amp;&amp; wildList.indexOf(symbol) != -1): null

2019-08-24 13:03:00 - [TEST_STEP][PASSED] - if (i == 3 &amp;&amp; wildList.indexOf(symbol) != -1): null

2019-08-24 13:03:00 - [TEST_STEP][PASSED] - if (i == 4 &amp;&amp; wildList.indexOf(symbol) != -1): null

2019-08-24 13:03:00 - [TEST_STEP][PASSED] - symbol = symbol: null

2019-08-24 13:03:00 - [TEST_STEP][PASSED] - println(symbol): null

2019-08-24 13:03:00 - [TEST_STEP][PASSED] - if (i == 2 &amp;&amp; wildList.indexOf(symbol) != -1): null

2019-08-24 13:03:00 - [TEST_STEP][PASSED] - if (i == 3 &amp;&amp; wildList.indexOf(symbol) != -1): null

2019-08-24 13:03:00 - [TEST_STEP][PASSED] - if (i == 4 &amp;&amp; wildList.indexOf(symbol) != -1): null

2019-08-24 13:03:00 - [TEST_STEP][PASSED] - symbol = symbol: null

2019-08-24 13:03:00 - [TEST_STEP][PASSED] - println(symbol): null

2019-08-24 13:03:00 - [TEST_STEP][PASSED] - if (i == 2 &amp;&amp; wildList.indexOf(symbol) != -1): null

2019-08-24 13:03:00 - [TEST_STEP][PASSED] - if (i == 3 &amp;&amp; wildList.indexOf(symbol) != -1): null

2019-08-24 13:03:00 - [TEST_STEP][PASSED] - if (i == 4 &amp;&amp; wildList.indexOf(symbol) != -1): null

2019-08-24 13:03:00 - [TEST_STEP][PASSED] - symbols = symbols: null

2019-08-24 13:03:00 - [TEST_STEP][PASSED] - for ([j = 0, j &lt; symbols.size(), (j++)]): null

2019-08-24 13:03:00 - [TEST_STEP][PASSED] - symbol = symbol: null

2019-08-24 13:03:00 - [TEST_STEP][PASSED] - println(symbol): null

2019-08-24 13:03:00 - [TEST_STEP][PASSED] - if (i == 2 &amp;&amp; wildList.indexOf(symbol) != -1): null

2019-08-24 13:03:00 - [TEST_STEP][PASSED] - if (i == 3 &amp;&amp; wildList.indexOf(symbol) != -1): null

2019-08-24 13:03:00 - [TEST_STEP][PASSED] - if (i == 4 &amp;&amp; wildList.indexOf(symbol) != -1): null

2019-08-24 13:03:00 - [TEST_STEP][PASSED] - symbol = symbol: null

2019-08-24 13:03:00 - [TEST_STEP][PASSED] - println(symbol): null

2019-08-24 13:03:00 - [TEST_STEP][PASSED] - if (i == 2 &amp;&amp; wildList.indexOf(symbol) != -1): null

2019-08-24 13:03:00 - [TEST_STEP][PASSED] - if (i == 3 &amp;&amp; wildList.indexOf(symbol) != -1): null

2019-08-24 13:03:00 - [TEST_STEP][PASSED] - if (i == 4 &amp;&amp; wildList.indexOf(symbol) != -1): null

2019-08-24 13:03:00 - [TEST_STEP][PASSED] - symbol = symbol: null

2019-08-24 13:03:00 - [TEST_STEP][PASSED] - println(symbol): null

2019-08-24 13:03:00 - [TEST_STEP][PASSED] - if (i == 2 &amp;&amp; wildList.indexOf(symbol) != -1): null

2019-08-24 13:03:00 - [TEST_STEP][PASSED] - if (i == 3 &amp;&amp; wildList.indexOf(symbol) != -1): null

2019-08-24 13:03:00 - [TEST_STEP][PASSED] - if (i == 4 &amp;&amp; wildList.indexOf(symbol) != -1): null

2019-08-24 13:03:00 - [TEST_STEP][PASSED] - free_spin_reel_counter = free_spin_reel_counter: null

2019-08-24 13:03:00 - [TEST_STEP][PASSED] - println("reel 3 wild found: " + free_spin_reel_counter[0]): null

2019-08-24 13:03:00 - [TEST_STEP][PASSED] - println("reel 4 wild found: " + free_spin_reel_counter[1]): null

2019-08-24 13:03:00 - [TEST_STEP][PASSED] - println("reel 5 wild found: " + free_spin_reel_counter[2]): null

2019-08-24 13:03:00 - [TEST_STEP][PASSED] - M4_spin_reels = M4_spin_reels: null

2019-08-24 13:03:00 - [TEST_STEP][PASSED] - M4_spin_reels_symbols = symbol: null

2019-08-24 13:03:00 - [TEST_STEP][PASSED] - M4_spin_reels_symbols = M4_spin_reels_symbols: null

2019-08-24 13:03:00 - [TEST_STEP][PASSED] - M4_spin_reel_wins = reel_wins: null

2019-08-24 13:03:00 - [TEST_STEP][PASSED] - M4_spin_reel_wins = M4_spin_reel_wins: null

2019-08-24 13:03:00 - [TEST_STEP][PASSED] - println("GlobalVariable.M4_spin_reel_wins is: " + M4_spin_reel_wins): null

2019-08-24 13:03:00 - [TEST_STEP][PASSED] - M4_spin_total_bonus_win_this_round = total_bonus_win_this_round: null

2019-08-24 13:03:00 - [TEST_STEP][PASSED] - M4_spin_total_bonus_win_this_round = M4_spin_total_bonus_win_this_round: null

2019-08-24 13:03:00 - [TEST_STEP][PASSED] - println("GlobalVariable.M4_spin_total_bonus_win_this_round is: " + M4_spin_total_bonus_win_this_round): null

2019-08-24 13:03:00 - [TEST_STEP][PASSED] - M4_spin_bonus_spin_result = spin_result: null

2019-08-24 13:03:00 - [TEST_STEP][PASSED] - M4_spin_bonus_spin_result = M4_spin_bonus_spin_result: null

2019-08-24 13:03:00 - [MESSAGE][PASSED] - Verify response successfully

2019-08-24 13:03:00 - [MESSAGE][PASSED] - Send request and verify the response successfully

2019-08-24 13:03:00 - [TEST_STEP][PASSED] - if (M4_total_bonus_spins_int != 0 &amp;&amp; M4_spin_reels_symbols[2].contains("WILD_Expanding")): null

2019-08-24 13:03:00 - [TEST_STEP][PASSED] - free_spin_reel_counter = free_spin_reel_counter: null

2019-08-24 13:03:00 - [TEST_STEP][PASSED] - M4_spin_reels_symbols = M4_spin_reels_symbols: null

2019-08-24 13:03:00 - [TEST_STEP][PASSED] - M4_total_bonus_spins = M4_total_bonus_spins: null

2019-08-24 13:03:00 - [TEST_STEP][PASSED] - spin_result = sendRequestAndVerify(findTestObject("INT/RGS(M4)/1_M4_spin", ["M4_login_user_id":M4_login_user_id, "rgs_session_token":rgs_session_token, "partner":Partner])): Send request and verify the response successfully

2019-08-24 13:03:00 - [MESSAGE][INFO] - HAR: /Users/eiralee/Katalon_Script/SuperWild/Reports/20190824_125957/INT/superWild_5/20190824_125957/requests/main/58.har

2019-08-24 13:03:00 - [TEST_CASE][PASSED] - Start Test Case : Verification: Verification accomplished successfully

2019-08-24 13:03:01 - [TEST_STEP][PASSED] - request = getInstance().getCurrentRequest(): null

2019-08-24 13:03:01 - [TEST_STEP][PASSED] - response = getInstance().getCurrentResponse(): null

2019-08-24 13:03:01 - [TEST_STEP][PASSED] - verifyResponseStatusCode(response, 200): Verify response status code successfully

2019-08-24 13:03:04 - [MESSAGE][PASSED] - Verify response status code successfully

2019-08-24 13:03:09 - [TEST_STEP][PASSED] - getStatusCode()).isEqualTo(200): null

2019-08-24 13:03:09 - [TEST_STEP][PASSED] - newline = System.getProperty("line.separator"): null

2019-08-24 13:03:09 - [TEST_STEP][PASSED] - M4_spin = new groovy.json.JsonSlurper(): null

2019-08-24 13:03:09 - [TEST_STEP][PASSED] - result_M4_spin = M4_spin.parseText(response.getResponseBodyContent()): null

2019-08-24 13:03:09 - [TEST_STEP][PASSED] - M4_spin_current_balance = current_balance: null

2019-08-24 13:03:15 - [TEST_STEP][PASSED] - M4_spin_current_balance = M4_spin_current_balance: null

2019-08-24 13:03:15 - [TEST_STEP][PASSED] - M4_spin_transaction_id = causality: null

2019-08-24 13:03:15 - [TEST_STEP][PASSED] - M4_spin_transaction_id = M4_spin_transaction_id: null

2019-08-24 13:03:15 - [TEST_STEP][PASSED] - M4_spin_round_id = round_id: null

2019-08-24 13:03:15 - [TEST_STEP][PASSED] - M4_spin_round_id = M4_spin_round_id: null

2019-08-24 13:03:15 - [TEST_STEP][PASSED] - M4_spin_line_wins = line_wins: null

2019-08-24 13:03:15 - [TEST_STEP][PASSED] - M4_spin_line_wins = M4_spin_line_wins: null

2019-08-24 13:03:15 - [TEST_STEP][PASSED] - M4_total_bonus_spins_int = total_bonus_spins: null

2019-08-24 13:03:15 - [TEST_STEP][PASSED] - println("******M4_total_bonus_spins type is:*******" + newline + getClass().getName()): null

2019-08-24 13:03:15 - [TEST_STEP][PASSED] - M4_total_bonus_spins_int = M4_total_bonus_spins_int: null

2019-08-24 13:03:15 - [TEST_STEP][PASSED] - M4_total_bonus_spins = Integer.toString(M4_total_bonus_spins_int): null

2019-08-24 13:03:15 - [TEST_STEP][PASSED] - M4_total_bonus_spins = M4_total_bonus_spins: null

2019-08-24 13:03:15 - [TEST_STEP][PASSED] - println("M4_total_bonus_spins is:" + M4_total_bonus_spins): null

2019-08-24 13:03:15 - [TEST_STEP][PASSED] - M4_spin_bonus_data = bonus_data: null

2019-08-24 13:03:15 - [TEST_STEP][PASSED] - M4_spin_features_triggered = result_M4_spin: null

2019-08-24 13:03:15 - [TEST_STEP][PASSED] - wild = []: null

2019-08-24 13:03:15 - [TEST_STEP][PASSED] - wild[0] = "WILD_Expanding": null

2019-08-24 13:03:15 - [TEST_STEP][PASSED] - wild[1] = "WILD_Normal": null

2019-08-24 13:03:15 - [TEST_STEP][PASSED] - wild[2] = "WILD_Double": null

2019-08-24 13:03:15 - [TEST_STEP][PASSED] - wild[3] = "WILD_ExtraFG": null

2019-08-24 13:03:15 - [TEST_STEP][PASSED] - wild[4] = "WILD_Triple": null

2019-08-24 13:03:15 - [TEST_STEP][PASSED] - wildList = Arrays.asList(wild): null

2019-08-24 13:03:15 - [TEST_STEP][PASSED] - wildList = wildList: null

2019-08-24 13:03:15 - [TEST_STEP][PASSED] - free_spin_reel_counter = []: null

2019-08-24 13:03:15 - [TEST_STEP][PASSED] - free_spin_reel_counter[0] = 0: null

2019-08-24 13:03:15 - [TEST_STEP][PASSED] - free_spin_reel_counter[1] = 0: null

2019-08-24 13:03:15 - [TEST_STEP][PASSED] - free_spin_reel_counter[2] = 0: null

2019-08-24 13:03:15 - [TEST_STEP][PASSED] - M4_spin_reels = reels: null

2019-08-24 13:03:15 - [TEST_STEP][PASSED] - for ([i = 0, i &lt; M4_spin_reels.size(), (i++)]): null

2019-08-24 13:03:15 - [TEST_STEP][PASSED] - symbols = symbols: null

2019-08-24 13:03:15 - [TEST_STEP][PASSED] - for ([j = 0, j &lt; symbols.size(), (j++)]): null

2019-08-24 13:03:15 - [TEST_STEP][PASSED] - symbol = symbol: null

2019-08-24 13:03:15 - [TEST_STEP][PASSED] - println(symbol): null

2019-08-24 13:03:15 - [TEST_STEP][PASSED] - if (i == 2 &amp;&amp; wildList.indexOf(symbol) != -1): null

2019-08-24 13:03:15 - [TEST_STEP][PASSED] - if (i == 3 &amp;&amp; wildList.indexOf(symbol) != -1): null

2019-08-24 13:03:15 - [TEST_STEP][PASSED] - if (i == 4 &amp;&amp; wildList.indexOf(symbol) != -1): null

2019-08-24 13:03:15 - [TEST_STEP][PASSED] - symbol = symbol: null

2019-08-24 13:03:15 - [TEST_STEP][PASSED] - println(symbol): null

2019-08-24 13:03:15 - [TEST_STEP][PASSED] - if (i == 2 &amp;&amp; wildList.indexOf(symbol) != -1): null

2019-08-24 13:03:15 - [TEST_STEP][PASSED] - if (i == 3 &amp;&amp; wildList.indexOf(symbol) != -1): null

2019-08-24 13:03:15 - [TEST_STEP][PASSED] - if (i == 4 &amp;&amp; wildList.indexOf(symbol) != -1): null

2019-08-24 13:03:15 - [TEST_STEP][PASSED] - symbol = symbol: null

2019-08-24 13:03:15 - [TEST_STEP][PASSED] - println(symbol): null

2019-08-24 13:03:15 - [TEST_STEP][PASSED] - if (i == 2 &amp;&amp; wildList.indexOf(symbol) != -1): null

2019-08-24 13:03:15 - [TEST_STEP][PASSED] - if (i == 3 &amp;&amp; wildList.indexOf(symbol) != -1): null

2019-08-24 13:03:15 - [TEST_STEP][PASSED] - if (i == 4 &amp;&amp; wildList.indexOf(symbol) != -1): null

2019-08-24 13:03:15 - [TEST_STEP][PASSED] - symbols = symbols: null

2019-08-24 13:03:15 - [TEST_STEP][PASSED] - for ([j = 0, j &lt; symbols.size(), (j++)]): null

2019-08-24 13:03:15 - [TEST_STEP][PASSED] - symbol = symbol: null

2019-08-24 13:03:15 - [TEST_STEP][PASSED] - println(symbol): null

2019-08-24 13:03:15 - [TEST_STEP][PASSED] - if (i == 2 &amp;&amp; wildList.indexOf(symbol) != -1): null

2019-08-24 13:03:15 - [TEST_STEP][PASSED] - if (i == 3 &amp;&amp; wildList.indexOf(symbol) != -1): null

2019-08-24 13:03:15 - [TEST_STEP][PASSED] - if (i == 4 &amp;&amp; wildList.indexOf(symbol) != -1): null

2019-08-24 13:03:15 - [TEST_STEP][PASSED] - symbol = symbol: null

2019-08-24 13:03:15 - [TEST_STEP][PASSED] - println(symbol): null

2019-08-24 13:03:15 - [TEST_STEP][PASSED] - if (i == 2 &amp;&amp; wildList.indexOf(symbol) != -1): null

2019-08-24 13:03:15 - [TEST_STEP][PASSED] - if (i == 3 &amp;&amp; wildList.indexOf(symbol) != -1): null

2019-08-24 13:03:15 - [TEST_STEP][PASSED] - if (i == 4 &amp;&amp; wildList.indexOf(symbol) != -1): null

2019-08-24 13:03:15 - [TEST_STEP][PASSED] - symbol = symbol: null

2019-08-24 13:03:15 - [TEST_STEP][PASSED] - println(symbol): null

2019-08-24 13:03:15 - [TEST_STEP][PASSED] - if (i == 2 &amp;&amp; wildList.indexOf(symbol) != -1): null

2019-08-24 13:03:15 - [TEST_STEP][PASSED] - if (i == 3 &amp;&amp; wildList.indexOf(symbol) != -1): null

2019-08-24 13:03:15 - [TEST_STEP][PASSED] - if (i == 4 &amp;&amp; wildList.indexOf(symbol) != -1): null

2019-08-24 13:03:15 - [TEST_STEP][PASSED] - symbols = symbols: null

2019-08-24 13:03:15 - [TEST_STEP][PASSED] - for ([j = 0, j &lt; symbols.size(), (j++)]): null

2019-08-24 13:03:15 - [TEST_STEP][PASSED] - symbol = symbol: null

2019-08-24 13:03:15 - [TEST_STEP][PASSED] - println(symbol): null

2019-08-24 13:03:15 - [TEST_STEP][PASSED] - if (i == 2 &amp;&amp; wildList.indexOf(symbol) != -1): null

2019-08-24 13:03:15 - [TEST_STEP][PASSED] - if (i == 3 &amp;&amp; wildList.indexOf(symbol) != -1): null

2019-08-24 13:03:15 - [TEST_STEP][PASSED] - if (i == 4 &amp;&amp; wildList.indexOf(symbol) != -1): null

2019-08-24 13:03:15 - [TEST_STEP][PASSED] - symbol = symbol: null

2019-08-24 13:03:15 - [TEST_STEP][PASSED] - println(symbol): null

2019-08-24 13:03:15 - [TEST_STEP][PASSED] - if (i == 2 &amp;&amp; wildList.indexOf(symbol) != -1): null

2019-08-24 13:03:15 - [TEST_STEP][PASSED] - if (i == 3 &amp;&amp; wildList.indexOf(symbol) != -1): null

2019-08-24 13:03:15 - [TEST_STEP][PASSED] - if (i == 4 &amp;&amp; wildList.indexOf(symbol) != -1): null

2019-08-24 13:03:15 - [TEST_STEP][PASSED] - symbol = symbol: null

2019-08-24 13:03:15 - [TEST_STEP][PASSED] - println(symbol): null

2019-08-24 13:03:15 - [TEST_STEP][PASSED] - if (i == 2 &amp;&amp; wildList.indexOf(symbol) != -1): null

2019-08-24 13:03:15 - [TEST_STEP][PASSED] - if (i == 3 &amp;&amp; wildList.indexOf(symbol) != -1): null

2019-08-24 13:03:15 - [TEST_STEP][PASSED] - if (i == 4 &amp;&amp; wildList.indexOf(symbol) != -1): null

2019-08-24 13:03:15 - [TEST_STEP][PASSED] - symbols = symbols: null

2019-08-24 13:03:15 - [TEST_STEP][PASSED] - for ([j = 0, j &lt; symbols.size(), (j++)]): null

2019-08-24 13:03:15 - [TEST_STEP][PASSED] - symbol = symbol: null

2019-08-24 13:03:15 - [TEST_STEP][PASSED] - println(symbol): null

2019-08-24 13:03:15 - [TEST_STEP][PASSED] - if (i == 2 &amp;&amp; wildList.indexOf(symbol) != -1): null

2019-08-24 13:03:15 - [TEST_STEP][PASSED] - if (i == 3 &amp;&amp; wildList.indexOf(symbol) != -1): null

2019-08-24 13:03:15 - [TEST_STEP][PASSED] - println("wild found on reel 4, adding counter by 1"): null

2019-08-24 13:03:15 - [TEST_STEP][PASSED] - free_spin_reel_counter[1] = free_spin_reel_counter[1] + 1: null

2019-08-24 13:03:15 - [TEST_STEP][PASSED] - if (i == 4 &amp;&amp; wildList.indexOf(symbol) != -1): null

2019-08-24 13:03:15 - [TEST_STEP][PASSED] - symbol = symbol: null

2019-08-24 13:03:15 - [TEST_STEP][PASSED] - println(symbol): null

2019-08-24 13:03:15 - [TEST_STEP][PASSED] - if (i == 2 &amp;&amp; wildList.indexOf(symbol) != -1): null

2019-08-24 13:03:15 - [TEST_STEP][PASSED] - if (i == 3 &amp;&amp; wildList.indexOf(symbol) != -1): null

2019-08-24 13:03:15 - [TEST_STEP][PASSED] - if (i == 4 &amp;&amp; wildList.indexOf(symbol) != -1): null

2019-08-24 13:03:15 - [TEST_STEP][PASSED] - symbol = symbol: null

2019-08-24 13:03:15 - [TEST_STEP][PASSED] - println(symbol): null

2019-08-24 13:03:15 - [TEST_STEP][PASSED] - if (i == 2 &amp;&amp; wildList.indexOf(symbol) != -1): null

2019-08-24 13:03:15 - [TEST_STEP][PASSED] - if (i == 3 &amp;&amp; wildList.indexOf(symbol) != -1): null

2019-08-24 13:03:15 - [TEST_STEP][PASSED] - if (i == 4 &amp;&amp; wildList.indexOf(symbol) != -1): null

2019-08-24 13:03:15 - [TEST_STEP][PASSED] - symbols = symbols: null

2019-08-24 13:03:15 - [TEST_STEP][PASSED] - for ([j = 0, j &lt; symbols.size(), (j++)]): null

2019-08-24 13:03:15 - [TEST_STEP][PASSED] - symbol = symbol: null

2019-08-24 13:03:15 - [TEST_STEP][PASSED] - println(symbol): null

2019-08-24 13:03:15 - [TEST_STEP][PASSED] - if (i == 2 &amp;&amp; wildList.indexOf(symbol) != -1): null

2019-08-24 13:03:15 - [TEST_STEP][PASSED] - if (i == 3 &amp;&amp; wildList.indexOf(symbol) != -1): null

2019-08-24 13:03:15 - [TEST_STEP][PASSED] - if (i == 4 &amp;&amp; wildList.indexOf(symbol) != -1): null

2019-08-24 13:03:15 - [TEST_STEP][PASSED] - symbol = symbol: null

2019-08-24 13:03:15 - [TEST_STEP][PASSED] - println(symbol): null

2019-08-24 13:03:15 - [TEST_STEP][PASSED] - if (i == 2 &amp;&amp; wildList.indexOf(symbol) != -1): null

2019-08-24 13:03:15 - [TEST_STEP][PASSED] - if (i == 3 &amp;&amp; wildList.indexOf(symbol) != -1): null

2019-08-24 13:03:15 - [TEST_STEP][PASSED] - if (i == 4 &amp;&amp; wildList.indexOf(symbol) != -1): null

2019-08-24 13:03:15 - [TEST_STEP][PASSED] - symbol = symbol: null

2019-08-24 13:03:15 - [TEST_STEP][PASSED] - println(symbol): null

2019-08-24 13:03:15 - [TEST_STEP][PASSED] - if (i == 2 &amp;&amp; wildList.indexOf(symbol) != -1): null

2019-08-24 13:03:15 - [TEST_STEP][PASSED] - if (i == 3 &amp;&amp; wildList.indexOf(symbol) != -1): null

2019-08-24 13:03:15 - [TEST_STEP][PASSED] - if (i == 4 &amp;&amp; wildList.indexOf(symbol) != -1): null

2019-08-24 13:03:15 - [TEST_STEP][PASSED] - free_spin_reel_counter = free_spin_reel_counter: null

2019-08-24 13:03:15 - [TEST_STEP][PASSED] - println("reel 3 wild found: " + free_spin_reel_counter[0]): null

2019-08-24 13:03:15 - [TEST_STEP][PASSED] - println("reel 4 wild found: " + free_spin_reel_counter[1]): null

2019-08-24 13:03:15 - [TEST_STEP][PASSED] - println("reel 5 wild found: " + free_spin_reel_counter[2]): null

2019-08-24 13:03:15 - [TEST_STEP][PASSED] - M4_spin_reels = M4_spin_reels: null

2019-08-24 13:03:15 - [TEST_STEP][PASSED] - M4_spin_reels_symbols = symbol: null

2019-08-24 13:03:15 - [TEST_STEP][PASSED] - M4_spin_reels_symbols = M4_spin_reels_symbols: null

2019-08-24 13:03:15 - [TEST_STEP][PASSED] - M4_spin_reel_wins = reel_wins: null

2019-08-24 13:03:15 - [TEST_STEP][PASSED] - M4_spin_reel_wins = M4_spin_reel_wins: null

2019-08-24 13:03:15 - [TEST_STEP][PASSED] - println("GlobalVariable.M4_spin_reel_wins is: " + M4_spin_reel_wins): null

2019-08-24 13:03:15 - [TEST_STEP][PASSED] - M4_spin_total_bonus_win_this_round = total_bonus_win_this_round: null

2019-08-24 13:03:15 - [TEST_STEP][PASSED] - M4_spin_total_bonus_win_this_round = M4_spin_total_bonus_win_this_round: null

2019-08-24 13:03:15 - [TEST_STEP][PASSED] - println("GlobalVariable.M4_spin_total_bonus_win_this_round is: " + M4_spin_total_bonus_win_this_round): null

2019-08-24 13:03:15 - [TEST_STEP][PASSED] - M4_spin_bonus_spin_result = spin_result: null

2019-08-24 13:03:15 - [TEST_STEP][PASSED] - M4_spin_bonus_spin_result = M4_spin_bonus_spin_result: null

2019-08-24 13:03:15 - [MESSAGE][PASSED] - Verify response successfully

2019-08-24 13:03:15 - [MESSAGE][PASSED] - Send request and verify the response successfully

2019-08-24 13:03:15 - [TEST_STEP][PASSED] - if (M4_total_bonus_spins_int != 0 &amp;&amp; M4_spin_reels_symbols[2].contains("WILD_Expanding")): null

2019-08-24 13:03:15 - [TEST_STEP][PASSED] - free_spin_reel_counter = free_spin_reel_counter: null

2019-08-24 13:03:15 - [TEST_STEP][PASSED] - M4_spin_reels_symbols = M4_spin_reels_symbols: null

2019-08-24 13:03:15 - [TEST_STEP][PASSED] - M4_total_bonus_spins = M4_total_bonus_spins: null

2019-08-24 13:03:15 - [TEST_STEP][PASSED] - spin_result = sendRequestAndVerify(findTestObject("INT/RGS(M4)/1_M4_spin", ["M4_login_user_id":M4_login_user_id, "rgs_session_token":rgs_session_token, "partner":Partner])): Send request and verify the response successfully

2019-08-24 13:03:16 - [MESSAGE][INFO] - HAR: /Users/eiralee/Katalon_Script/SuperWild/Reports/20190824_125957/INT/superWild_5/20190824_125957/requests/main/59.har

2019-08-24 13:03:16 - [TEST_CASE][PASSED] - Start Test Case : Verification: Verification accomplished successfully

2019-08-24 13:03:16 - [TEST_STEP][PASSED] - request = getInstance().getCurrentRequest(): null

2019-08-24 13:03:16 - [TEST_STEP][PASSED] - response = getInstance().getCurrentResponse(): null

2019-08-24 13:03:16 - [TEST_STEP][PASSED] - verifyResponseStatusCode(response, 200): Verify response status code successfully

2019-08-24 13:03:16 - [MESSAGE][PASSED] - Verify response status code successfully

2019-08-24 13:03:16 - [TEST_STEP][PASSED] - getStatusCode()).isEqualTo(200): null

2019-08-24 13:03:16 - [TEST_STEP][PASSED] - newline = System.getProperty("line.separator"): null

2019-08-24 13:03:16 - [TEST_STEP][PASSED] - M4_spin = new groovy.json.JsonSlurper(): null

2019-08-24 13:03:16 - [TEST_STEP][PASSED] - result_M4_spin = M4_spin.parseText(response.getResponseBodyContent()): null

2019-08-24 13:03:16 - [TEST_STEP][PASSED] - M4_spin_current_balance = current_balance: null

2019-08-24 13:03:16 - [TEST_STEP][PASSED] - M4_spin_current_balance = M4_spin_current_balance: null

2019-08-24 13:03:16 - [TEST_STEP][PASSED] - M4_spin_transaction_id = causality: null

2019-08-24 13:03:16 - [TEST_STEP][PASSED] - M4_spin_transaction_id = M4_spin_transaction_id: null

2019-08-24 13:03:16 - [TEST_STEP][PASSED] - M4_spin_round_id = round_id: null

2019-08-24 13:03:16 - [TEST_STEP][PASSED] - M4_spin_round_id = M4_spin_round_id: null

2019-08-24 13:03:16 - [TEST_STEP][PASSED] - M4_spin_line_wins = line_wins: null

2019-08-24 13:03:16 - [TEST_STEP][PASSED] - M4_spin_line_wins = M4_spin_line_wins: null

2019-08-24 13:03:16 - [TEST_STEP][PASSED] - M4_total_bonus_spins_int = total_bonus_spins: null

2019-08-24 13:03:16 - [TEST_STEP][PASSED] - println("******M4_total_bonus_spins type is:*******" + newline + getClass().getName()): null

2019-08-24 13:03:16 - [TEST_STEP][PASSED] - M4_total_bonus_spins_int = M4_total_bonus_spins_int: null

2019-08-24 13:03:16 - [TEST_STEP][PASSED] - M4_total_bonus_spins = Integer.toString(M4_total_bonus_spins_int): null

2019-08-24 13:03:16 - [TEST_STEP][PASSED] - M4_total_bonus_spins = M4_total_bonus_spins: null

2019-08-24 13:03:16 - [TEST_STEP][PASSED] - println("M4_total_bonus_spins is:" + M4_total_bonus_spins): null

2019-08-24 13:03:16 - [TEST_STEP][PASSED] - M4_spin_bonus_data = bonus_data: null

2019-08-24 13:03:16 - [TEST_STEP][PASSED] - M4_spin_features_triggered = result_M4_spin: null

2019-08-24 13:03:16 - [TEST_STEP][PASSED] - wild = []: null

2019-08-24 13:03:16 - [TEST_STEP][PASSED] - wild[0] = "WILD_Expanding": null

2019-08-24 13:03:16 - [TEST_STEP][PASSED] - wild[1] = "WILD_Normal": null

2019-08-24 13:03:16 - [TEST_STEP][PASSED] - wild[2] = "WILD_Double": null

2019-08-24 13:03:16 - [TEST_STEP][PASSED] - wild[3] = "WILD_ExtraFG": null

2019-08-24 13:03:16 - [TEST_STEP][PASSED] - wild[4] = "WILD_Triple": null

2019-08-24 13:03:16 - [TEST_STEP][PASSED] - wildList = Arrays.asList(wild): null

2019-08-24 13:03:16 - [TEST_STEP][PASSED] - wildList = wildList: null

2019-08-24 13:03:16 - [TEST_STEP][PASSED] - free_spin_reel_counter = []: null

2019-08-24 13:03:16 - [TEST_STEP][PASSED] - free_spin_reel_counter[0] = 0: null

2019-08-24 13:03:16 - [TEST_STEP][PASSED] - free_spin_reel_counter[1] = 0: null

2019-08-24 13:03:16 - [TEST_STEP][PASSED] - free_spin_reel_counter[2] = 0: null

2019-08-24 13:03:16 - [TEST_STEP][PASSED] - M4_spin_reels = reels: null

2019-08-24 13:03:16 - [TEST_STEP][PASSED] - for ([i = 0, i &lt; M4_spin_reels.size(), (i++)]): null

2019-08-24 13:03:16 - [TEST_STEP][PASSED] - symbols = symbols: null

2019-08-24 13:03:16 - [TEST_STEP][PASSED] - for ([j = 0, j &lt; symbols.size(), (j++)]): null

2019-08-24 13:03:16 - [TEST_STEP][PASSED] - symbol = symbol: null

2019-08-24 13:03:16 - [TEST_STEP][PASSED] - println(symbol): null

2019-08-24 13:03:16 - [TEST_STEP][PASSED] - if (i == 2 &amp;&amp; wildList.indexOf(symbol) != -1): null

2019-08-24 13:03:16 - [TEST_STEP][PASSED] - if (i == 3 &amp;&amp; wildList.indexOf(symbol) != -1): null

2019-08-24 13:03:16 - [TEST_STEP][PASSED] - if (i == 4 &amp;&amp; wildList.indexOf(symbol) != -1): null

2019-08-24 13:03:16 - [TEST_STEP][PASSED] - symbol = symbol: null

2019-08-24 13:03:16 - [TEST_STEP][PASSED] - println(symbol): null

2019-08-24 13:03:16 - [TEST_STEP][PASSED] - if (i == 2 &amp;&amp; wildList.indexOf(symbol) != -1): null

2019-08-24 13:03:16 - [TEST_STEP][PASSED] - if (i == 3 &amp;&amp; wildList.indexOf(symbol) != -1): null

2019-08-24 13:03:16 - [TEST_STEP][PASSED] - if (i == 4 &amp;&amp; wildList.indexOf(symbol) != -1): null

2019-08-24 13:03:16 - [TEST_STEP][PASSED] - symbol = symbol: null

2019-08-24 13:03:16 - [TEST_STEP][PASSED] - println(symbol): null

2019-08-24 13:03:16 - [TEST_STEP][PASSED] - if (i == 2 &amp;&amp; wildList.indexOf(symbol) != -1): null

2019-08-24 13:03:16 - [TEST_STEP][PASSED] - if (i == 3 &amp;&amp; wildList.indexOf(symbol) != -1): null

2019-08-24 13:03:16 - [TEST_STEP][PASSED] - if (i == 4 &amp;&amp; wildList.indexOf(symbol) != -1): null

2019-08-24 13:03:16 - [TEST_STEP][PASSED] - symbols = symbols: null

2019-08-24 13:03:16 - [TEST_STEP][PASSED] - for ([j = 0, j &lt; symbols.size(), (j++)]): null

2019-08-24 13:03:16 - [TEST_STEP][PASSED] - symbol = symbol: null

2019-08-24 13:03:16 - [TEST_STEP][PASSED] - println(symbol): null

2019-08-24 13:03:16 - [TEST_STEP][PASSED] - if (i == 2 &amp;&amp; wildList.indexOf(symbol) != -1): null

2019-08-24 13:03:16 - [TEST_STEP][PASSED] - if (i == 3 &amp;&amp; wildList.indexOf(symbol) != -1): null

2019-08-24 13:03:16 - [TEST_STEP][PASSED] - if (i == 4 &amp;&amp; wildList.indexOf(symbol) != -1): null

2019-08-24 13:03:16 - [TEST_STEP][PASSED] - symbol = symbol: null

2019-08-24 13:03:16 - [TEST_STEP][PASSED] - println(symbol): null

2019-08-24 13:03:16 - [TEST_STEP][PASSED] - if (i == 2 &amp;&amp; wildList.indexOf(symbol) != -1): null

2019-08-24 13:03:16 - [TEST_STEP][PASSED] - if (i == 3 &amp;&amp; wildList.indexOf(symbol) != -1): null

2019-08-24 13:03:16 - [TEST_STEP][PASSED] - if (i == 4 &amp;&amp; wildList.indexOf(symbol) != -1): null

2019-08-24 13:03:16 - [TEST_STEP][PASSED] - symbol = symbol: null

2019-08-24 13:03:16 - [TEST_STEP][PASSED] - println(symbol): null

2019-08-24 13:03:16 - [TEST_STEP][PASSED] - if (i == 2 &amp;&amp; wildList.indexOf(symbol) != -1): null

2019-08-24 13:03:16 - [TEST_STEP][PASSED] - if (i == 3 &amp;&amp; wildList.indexOf(symbol) != -1): null

2019-08-24 13:03:16 - [TEST_STEP][PASSED] - if (i == 4 &amp;&amp; wildList.indexOf(symbol) != -1): null

2019-08-24 13:03:16 - [TEST_STEP][PASSED] - symbols = symbols: null

2019-08-24 13:03:16 - [TEST_STEP][PASSED] - for ([j = 0, j &lt; symbols.size(), (j++)]): null

2019-08-24 13:03:16 - [TEST_STEP][PASSED] - symbol = symbol: null

2019-08-24 13:03:16 - [TEST_STEP][PASSED] - println(symbol): null

2019-08-24 13:03:16 - [TEST_STEP][PASSED] - if (i == 2 &amp;&amp; wildList.indexOf(symbol) != -1): null

2019-08-24 13:03:16 - [TEST_STEP][PASSED] - if (i == 3 &amp;&amp; wildList.indexOf(symbol) != -1): null

2019-08-24 13:03:16 - [TEST_STEP][PASSED] - if (i == 4 &amp;&amp; wildList.indexOf(symbol) != -1): null

2019-08-24 13:03:16 - [TEST_STEP][PASSED] - symbol = symbol: null

2019-08-24 13:03:16 - [TEST_STEP][PASSED] - println(symbol): null

2019-08-24 13:03:16 - [TEST_STEP][PASSED] - if (i == 2 &amp;&amp; wildList.indexOf(symbol) != -1): null

2019-08-24 13:03:16 - [TEST_STEP][PASSED] - println("wild found on reel 3, adding counter by 1"): null

2019-08-24 13:03:16 - [TEST_STEP][PASSED] - free_spin_reel_counter[0] = free_spin_reel_counter[0] + 1: null

2019-08-24 13:03:16 - [TEST_STEP][PASSED] - if (i == 3 &amp;&amp; wildList.indexOf(symbol) != -1): null

2019-08-24 13:03:16 - [TEST_STEP][PASSED] - if (i == 4 &amp;&amp; wildList.indexOf(symbol) != -1): null

2019-08-24 13:03:16 - [TEST_STEP][PASSED] - symbol = symbol: null

2019-08-24 13:03:16 - [TEST_STEP][PASSED] - println(symbol): null

2019-08-24 13:03:16 - [TEST_STEP][PASSED] - if (i == 2 &amp;&amp; wildList.indexOf(symbol) != -1): null

2019-08-24 13:03:16 - [TEST_STEP][PASSED] - if (i == 3 &amp;&amp; wildList.indexOf(symbol) != -1): null

2019-08-24 13:03:16 - [TEST_STEP][PASSED] - if (i == 4 &amp;&amp; wildList.indexOf(symbol) != -1): null

2019-08-24 13:03:16 - [TEST_STEP][PASSED] - symbols = symbols: null

2019-08-24 13:03:16 - [TEST_STEP][PASSED] - for ([j = 0, j &lt; symbols.size(), (j++)]): null

2019-08-24 13:03:16 - [TEST_STEP][PASSED] - symbol = symbol: null

2019-08-24 13:03:16 - [TEST_STEP][PASSED] - println(symbol): null

2019-08-24 13:03:16 - [TEST_STEP][PASSED] - if (i == 2 &amp;&amp; wildList.indexOf(symbol) != -1): null

2019-08-24 13:03:16 - [TEST_STEP][PASSED] - if (i == 3 &amp;&amp; wildList.indexOf(symbol) != -1): null

2019-08-24 13:03:16 - [TEST_STEP][PASSED] - if (i == 4 &amp;&amp; wildList.indexOf(symbol) != -1): null

2019-08-24 13:03:16 - [TEST_STEP][PASSED] - symbol = symbol: null

2019-08-24 13:03:16 - [TEST_STEP][PASSED] - println(symbol): null

2019-08-24 13:03:16 - [TEST_STEP][PASSED] - if (i == 2 &amp;&amp; wildList.indexOf(symbol) != -1): null

2019-08-24 13:03:16 - [TEST_STEP][PASSED] - if (i == 3 &amp;&amp; wildList.indexOf(symbol) != -1): null

2019-08-24 13:03:16 - [TEST_STEP][PASSED] - if (i == 4 &amp;&amp; wildList.indexOf(symbol) != -1): null

2019-08-24 13:03:16 - [TEST_STEP][PASSED] - symbol = symbol: null

2019-08-24 13:03:16 - [TEST_STEP][PASSED] - println(symbol): null

2019-08-24 13:03:16 - [TEST_STEP][PASSED] - if (i == 2 &amp;&amp; wildList.indexOf(symbol) != -1): null

2019-08-24 13:03:16 - [TEST_STEP][PASSED] - if (i == 3 &amp;&amp; wildList.indexOf(symbol) != -1): null

2019-08-24 13:03:16 - [TEST_STEP][PASSED] - if (i == 4 &amp;&amp; wildList.indexOf(symbol) != -1): null

2019-08-24 13:03:16 - [TEST_STEP][PASSED] - symbols = symbols: null

2019-08-24 13:03:16 - [TEST_STEP][PASSED] - for ([j = 0, j &lt; symbols.size(), (j++)]): null

2019-08-24 13:03:16 - [TEST_STEP][PASSED] - symbol = symbol: null

2019-08-24 13:03:16 - [TEST_STEP][PASSED] - println(symbol): null

2019-08-24 13:03:16 - [TEST_STEP][PASSED] - if (i == 2 &amp;&amp; wildList.indexOf(symbol) != -1): null

2019-08-24 13:03:16 - [TEST_STEP][PASSED] - if (i == 3 &amp;&amp; wildList.indexOf(symbol) != -1): null

2019-08-24 13:03:16 - [TEST_STEP][PASSED] - if (i == 4 &amp;&amp; wildList.indexOf(symbol) != -1): null

2019-08-24 13:03:16 - [TEST_STEP][PASSED] - symbol = symbol: null

2019-08-24 13:03:16 - [TEST_STEP][PASSED] - println(symbol): null

2019-08-24 13:03:16 - [TEST_STEP][PASSED] - if (i == 2 &amp;&amp; wildList.indexOf(symbol) != -1): null

2019-08-24 13:03:16 - [TEST_STEP][PASSED] - if (i == 3 &amp;&amp; wildList.indexOf(symbol) != -1): null

2019-08-24 13:03:16 - [TEST_STEP][PASSED] - if (i == 4 &amp;&amp; wildList.indexOf(symbol) != -1): null

2019-08-24 13:03:16 - [TEST_STEP][PASSED] - symbol = symbol: null

2019-08-24 13:03:16 - [TEST_STEP][PASSED] - println(symbol): null

2019-08-24 13:03:16 - [TEST_STEP][PASSED] - if (i == 2 &amp;&amp; wildList.indexOf(symbol) != -1): null

2019-08-24 13:03:16 - [TEST_STEP][PASSED] - if (i == 3 &amp;&amp; wildList.indexOf(symbol) != -1): null

2019-08-24 13:03:16 - [TEST_STEP][PASSED] - if (i == 4 &amp;&amp; wildList.indexOf(symbol) != -1): null

2019-08-24 13:03:16 - [TEST_STEP][PASSED] - free_spin_reel_counter = free_spin_reel_counter: null

2019-08-24 13:03:16 - [TEST_STEP][PASSED] - println("reel 3 wild found: " + free_spin_reel_counter[0]): null

2019-08-24 13:03:16 - [TEST_STEP][PASSED] - println("reel 4 wild found: " + free_spin_reel_counter[1]): null

2019-08-24 13:03:16 - [TEST_STEP][PASSED] - println("reel 5 wild found: " + free_spin_reel_counter[2]): null

2019-08-24 13:03:16 - [TEST_STEP][PASSED] - M4_spin_reels = M4_spin_reels: null

2019-08-24 13:03:16 - [TEST_STEP][PASSED] - M4_spin_reels_symbols = symbol: null

2019-08-24 13:03:16 - [TEST_STEP][PASSED] - M4_spin_reels_symbols = M4_spin_reels_symbols: null

2019-08-24 13:03:16 - [TEST_STEP][PASSED] - M4_spin_reel_wins = reel_wins: null

2019-08-24 13:03:16 - [TEST_STEP][PASSED] - M4_spin_reel_wins = M4_spin_reel_wins: null

2019-08-24 13:03:16 - [TEST_STEP][PASSED] - println("GlobalVariable.M4_spin_reel_wins is: " + M4_spin_reel_wins): null

2019-08-24 13:03:16 - [TEST_STEP][PASSED] - M4_spin_total_bonus_win_this_round = total_bonus_win_this_round: null

2019-08-24 13:03:16 - [TEST_STEP][PASSED] - M4_spin_total_bonus_win_this_round = M4_spin_total_bonus_win_this_round: null

2019-08-24 13:03:16 - [TEST_STEP][PASSED] - println("GlobalVariable.M4_spin_total_bonus_win_this_round is: " + M4_spin_total_bonus_win_this_round): null

2019-08-24 13:03:16 - [TEST_STEP][PASSED] - M4_spin_bonus_spin_result = spin_result: null

2019-08-24 13:03:16 - [TEST_STEP][PASSED] - M4_spin_bonus_spin_result = M4_spin_bonus_spin_result: null

2019-08-24 13:03:16 - [MESSAGE][PASSED] - Verify response successfully

2019-08-24 13:03:16 - [MESSAGE][PASSED] - Send request and verify the response successfully

2019-08-24 13:03:16 - [TEST_STEP][PASSED] - if (M4_total_bonus_spins_int != 0 &amp;&amp; M4_spin_reels_symbols[2].contains("WILD_Expanding")): null

2019-08-24 13:03:16 - [TEST_STEP][PASSED] - free_spin_reel_counter = free_spin_reel_counter: null

2019-08-24 13:03:16 - [TEST_STEP][PASSED] - M4_spin_reels_symbols = M4_spin_reels_symbols: null

2019-08-24 13:03:16 - [TEST_STEP][PASSED] - M4_total_bonus_spins = M4_total_bonus_spins: null

2019-08-24 13:03:16 - [TEST_STEP][PASSED] - spin_result = sendRequestAndVerify(findTestObject("INT/RGS(M4)/1_M4_spin", ["M4_login_user_id":M4_login_user_id, "rgs_session_token":rgs_session_token, "partner":Partner])): Send request and verify the response successfully

2019-08-24 13:03:17 - [MESSAGE][INFO] - HAR: /Users/eiralee/Katalon_Script/SuperWild/Reports/20190824_125957/INT/superWild_5/20190824_125957/requests/main/60.har

2019-08-24 13:03:17 - [TEST_CASE][PASSED] - Start Test Case : Verification: Verification accomplished successfully

2019-08-24 13:03:17 - [TEST_STEP][PASSED] - request = getInstance().getCurrentRequest(): null

2019-08-24 13:03:17 - [TEST_STEP][PASSED] - response = getInstance().getCurrentResponse(): null

2019-08-24 13:03:17 - [TEST_STEP][PASSED] - verifyResponseStatusCode(response, 200): Verify response status code successfully

2019-08-24 13:03:17 - [MESSAGE][PASSED] - Verify response status code successfully

2019-08-24 13:03:17 - [TEST_STEP][PASSED] - getStatusCode()).isEqualTo(200): null

2019-08-24 13:03:17 - [TEST_STEP][PASSED] - newline = System.getProperty("line.separator"): null

2019-08-24 13:03:17 - [TEST_STEP][PASSED] - M4_spin = new groovy.json.JsonSlurper(): null

2019-08-24 13:03:17 - [TEST_STEP][PASSED] - result_M4_spin = M4_spin.parseText(response.getResponseBodyContent()): null

2019-08-24 13:03:17 - [TEST_STEP][PASSED] - M4_spin_current_balance = current_balance: null

2019-08-24 13:03:17 - [TEST_STEP][PASSED] - M4_spin_current_balance = M4_spin_current_balance: null

2019-08-24 13:03:17 - [TEST_STEP][PASSED] - M4_spin_transaction_id = causality: null

2019-08-24 13:03:17 - [TEST_STEP][PASSED] - M4_spin_transaction_id = M4_spin_transaction_id: null

2019-08-24 13:03:17 - [TEST_STEP][PASSED] - M4_spin_round_id = round_id: null

2019-08-24 13:03:17 - [TEST_STEP][PASSED] - M4_spin_round_id = M4_spin_round_id: null

2019-08-24 13:03:17 - [TEST_STEP][PASSED] - M4_spin_line_wins = line_wins: null

2019-08-24 13:03:17 - [TEST_STEP][PASSED] - M4_spin_line_wins = M4_spin_line_wins: null

2019-08-24 13:03:17 - [TEST_STEP][PASSED] - M4_total_bonus_spins_int = total_bonus_spins: null

2019-08-24 13:03:17 - [TEST_STEP][PASSED] - println("******M4_total_bonus_spins type is:*******" + newline + getClass().getName()): null

2019-08-24 13:03:17 - [TEST_STEP][PASSED] - M4_total_bonus_spins_int = M4_total_bonus_spins_int: null

2019-08-24 13:03:17 - [TEST_STEP][PASSED] - M4_total_bonus_spins = Integer.toString(M4_total_bonus_spins_int): null

2019-08-24 13:03:17 - [TEST_STEP][PASSED] - M4_total_bonus_spins = M4_total_bonus_spins: null

2019-08-24 13:03:17 - [TEST_STEP][PASSED] - println("M4_total_bonus_spins is:" + M4_total_bonus_spins): null

2019-08-24 13:03:17 - [TEST_STEP][PASSED] - M4_spin_bonus_data = bonus_data: null

2019-08-24 13:03:17 - [TEST_STEP][PASSED] - M4_spin_features_triggered = result_M4_spin: null

2019-08-24 13:03:17 - [TEST_STEP][PASSED] - wild = []: null

2019-08-24 13:03:17 - [TEST_STEP][PASSED] - wild[0] = "WILD_Expanding": null

2019-08-24 13:03:17 - [TEST_STEP][PASSED] - wild[1] = "WILD_Normal": null

2019-08-24 13:03:17 - [TEST_STEP][PASSED] - wild[2] = "WILD_Double": null

2019-08-24 13:03:17 - [TEST_STEP][PASSED] - wild[3] = "WILD_ExtraFG": null

2019-08-24 13:03:17 - [TEST_STEP][PASSED] - wild[4] = "WILD_Triple": null

2019-08-24 13:03:17 - [TEST_STEP][PASSED] - wildList = Arrays.asList(wild): null

2019-08-24 13:03:17 - [TEST_STEP][PASSED] - wildList = wildList: null

2019-08-24 13:03:17 - [TEST_STEP][PASSED] - free_spin_reel_counter = []: null

2019-08-24 13:03:17 - [TEST_STEP][PASSED] - free_spin_reel_counter[0] = 0: null

2019-08-24 13:03:17 - [TEST_STEP][PASSED] - free_spin_reel_counter[1] = 0: null

2019-08-24 13:03:17 - [TEST_STEP][PASSED] - free_spin_reel_counter[2] = 0: null

2019-08-24 13:03:17 - [TEST_STEP][PASSED] - M4_spin_reels = reels: null

2019-08-24 13:03:17 - [TEST_STEP][PASSED] - for ([i = 0, i &lt; M4_spin_reels.size(), (i++)]): null

2019-08-24 13:03:17 - [TEST_STEP][PASSED] - symbols = symbols: null

2019-08-24 13:03:17 - [TEST_STEP][PASSED] - for ([j = 0, j &lt; symbols.size(), (j++)]): null

2019-08-24 13:03:17 - [TEST_STEP][PASSED] - symbol = symbol: null

2019-08-24 13:03:17 - [TEST_STEP][PASSED] - println(symbol): null

2019-08-24 13:03:17 - [TEST_STEP][PASSED] - if (i == 2 &amp;&amp; wildList.indexOf(symbol) != -1): null

2019-08-24 13:03:17 - [TEST_STEP][PASSED] - if (i == 3 &amp;&amp; wildList.indexOf(symbol) != -1): null

2019-08-24 13:03:17 - [TEST_STEP][PASSED] - if (i == 4 &amp;&amp; wildList.indexOf(symbol) != -1): null

2019-08-24 13:03:17 - [TEST_STEP][PASSED] - symbol = symbol: null

2019-08-24 13:03:17 - [TEST_STEP][PASSED] - println(symbol): null

2019-08-24 13:03:17 - [TEST_STEP][PASSED] - if (i == 2 &amp;&amp; wildList.indexOf(symbol) != -1): null

2019-08-24 13:03:17 - [TEST_STEP][PASSED] - if (i == 3 &amp;&amp; wildList.indexOf(symbol) != -1): null

2019-08-24 13:03:17 - [TEST_STEP][PASSED] - if (i == 4 &amp;&amp; wildList.indexOf(symbol) != -1): null

2019-08-24 13:03:17 - [TEST_STEP][PASSED] - symbol = symbol: null

2019-08-24 13:03:17 - [TEST_STEP][PASSED] - println(symbol): null

2019-08-24 13:03:17 - [TEST_STEP][PASSED] - if (i == 2 &amp;&amp; wildList.indexOf(symbol) != -1): null

2019-08-24 13:03:17 - [TEST_STEP][PASSED] - if (i == 3 &amp;&amp; wildList.indexOf(symbol) != -1): null

2019-08-24 13:03:17 - [TEST_STEP][PASSED] - if (i == 4 &amp;&amp; wildList.indexOf(symbol) != -1): null

2019-08-24 13:03:17 - [TEST_STEP][PASSED] - symbols = symbols: null

2019-08-24 13:03:17 - [TEST_STEP][PASSED] - for ([j = 0, j &lt; symbols.size(), (j++)]): null

2019-08-24 13:03:17 - [TEST_STEP][PASSED] - symbol = symbol: null

2019-08-24 13:03:17 - [TEST_STEP][PASSED] - println(symbol): null

2019-08-24 13:03:17 - [TEST_STEP][PASSED] - if (i == 2 &amp;&amp; wildList.indexOf(symbol) != -1): null

2019-08-24 13:03:17 - [TEST_STEP][PASSED] - if (i == 3 &amp;&amp; wildList.indexOf(symbol) != -1): null

2019-08-24 13:03:17 - [TEST_STEP][PASSED] - if (i == 4 &amp;&amp; wildList.indexOf(symbol) != -1): null

2019-08-24 13:03:17 - [TEST_STEP][PASSED] - symbol = symbol: null

2019-08-24 13:03:17 - [TEST_STEP][PASSED] - println(symbol): null

2019-08-24 13:03:17 - [TEST_STEP][PASSED] - if (i == 2 &amp;&amp; wildList.indexOf(symbol) != -1): null

2019-08-24 13:03:17 - [TEST_STEP][PASSED] - if (i == 3 &amp;&amp; wildList.indexOf(symbol) != -1): null

2019-08-24 13:03:17 - [TEST_STEP][PASSED] - if (i == 4 &amp;&amp; wildList.indexOf(symbol) != -1): null

2019-08-24 13:03:17 - [TEST_STEP][PASSED] - symbol = symbol: null

2019-08-24 13:03:17 - [TEST_STEP][PASSED] - println(symbol): null

2019-08-24 13:03:17 - [TEST_STEP][PASSED] - if (i == 2 &amp;&amp; wildList.indexOf(symbol) != -1): null

2019-08-24 13:03:17 - [TEST_STEP][PASSED] - if (i == 3 &amp;&amp; wildList.indexOf(symbol) != -1): null

2019-08-24 13:03:17 - [TEST_STEP][PASSED] - if (i == 4 &amp;&amp; wildList.indexOf(symbol) != -1): null

2019-08-24 13:03:17 - [TEST_STEP][PASSED] - symbols = symbols: null

2019-08-24 13:03:17 - [TEST_STEP][PASSED] - for ([j = 0, j &lt; symbols.size(), (j++)]): null

2019-08-24 13:03:17 - [TEST_STEP][PASSED] - symbol = symbol: null

2019-08-24 13:03:17 - [TEST_STEP][PASSED] - println(symbol): null

2019-08-24 13:03:17 - [TEST_STEP][PASSED] - if (i == 2 &amp;&amp; wildList.indexOf(symbol) != -1): null

2019-08-24 13:03:17 - [TEST_STEP][PASSED] - if (i == 3 &amp;&amp; wildList.indexOf(symbol) != -1): null

2019-08-24 13:03:17 - [TEST_STEP][PASSED] - if (i == 4 &amp;&amp; wildList.indexOf(symbol) != -1): null

2019-08-24 13:03:17 - [TEST_STEP][PASSED] - symbol = symbol: null

2019-08-24 13:03:17 - [TEST_STEP][PASSED] - println(symbol): null

2019-08-24 13:03:17 - [TEST_STEP][PASSED] - if (i == 2 &amp;&amp; wildList.indexOf(symbol) != -1): null

2019-08-24 13:03:17 - [TEST_STEP][PASSED] - if (i == 3 &amp;&amp; wildList.indexOf(symbol) != -1): null

2019-08-24 13:03:17 - [TEST_STEP][PASSED] - if (i == 4 &amp;&amp; wildList.indexOf(symbol) != -1): null

2019-08-24 13:03:17 - [TEST_STEP][PASSED] - symbol = symbol: null

2019-08-24 13:03:17 - [TEST_STEP][PASSED] - println(symbol): null

2019-08-24 13:03:17 - [TEST_STEP][PASSED] - if (i == 2 &amp;&amp; wildList.indexOf(symbol) != -1): null

2019-08-24 13:03:17 - [TEST_STEP][PASSED] - if (i == 3 &amp;&amp; wildList.indexOf(symbol) != -1): null

2019-08-24 13:03:17 - [TEST_STEP][PASSED] - if (i == 4 &amp;&amp; wildList.indexOf(symbol) != -1): null

2019-08-24 13:03:17 - [TEST_STEP][PASSED] - symbols = symbols: null

2019-08-24 13:03:17 - [TEST_STEP][PASSED] - for ([j = 0, j &lt; symbols.size(), (j++)]): null

2019-08-24 13:03:17 - [TEST_STEP][PASSED] - symbol = symbol: null

2019-08-24 13:03:17 - [TEST_STEP][PASSED] - println(symbol): null

2019-08-24 13:03:17 - [TEST_STEP][PASSED] - if (i == 2 &amp;&amp; wildList.indexOf(symbol) != -1): null

2019-08-24 13:03:17 - [TEST_STEP][PASSED] - if (i == 3 &amp;&amp; wildList.indexOf(symbol) != -1): null

2019-08-24 13:03:17 - [TEST_STEP][PASSED] - if (i == 4 &amp;&amp; wildList.indexOf(symbol) != -1): null

2019-08-24 13:03:17 - [TEST_STEP][PASSED] - symbol = symbol: null

2019-08-24 13:03:17 - [TEST_STEP][PASSED] - println(symbol): null

2019-08-24 13:03:17 - [TEST_STEP][PASSED] - if (i == 2 &amp;&amp; wildList.indexOf(symbol) != -1): null

2019-08-24 13:03:17 - [TEST_STEP][PASSED] - if (i == 3 &amp;&amp; wildList.indexOf(symbol) != -1): null

2019-08-24 13:03:17 - [TEST_STEP][PASSED] - if (i == 4 &amp;&amp; wildList.indexOf(symbol) != -1): null

2019-08-24 13:03:17 - [TEST_STEP][PASSED] - symbol = symbol: null

2019-08-24 13:03:17 - [TEST_STEP][PASSED] - println(symbol): null

2019-08-24 13:03:17 - [TEST_STEP][PASSED] - if (i == 2 &amp;&amp; wildList.indexOf(symbol) != -1): null

2019-08-24 13:03:17 - [TEST_STEP][PASSED] - if (i == 3 &amp;&amp; wildList.indexOf(symbol) != -1): null

2019-08-24 13:03:17 - [TEST_STEP][PASSED] - if (i == 4 &amp;&amp; wildList.indexOf(symbol) != -1): null

2019-08-24 13:03:17 - [TEST_STEP][PASSED] - symbols = symbols: null

2019-08-24 13:03:17 - [TEST_STEP][PASSED] - for ([j = 0, j &lt; symbols.size(), (j++)]): null

2019-08-24 13:03:17 - [TEST_STEP][PASSED] - symbol = symbol: null

2019-08-24 13:03:17 - [TEST_STEP][PASSED] - println(symbol): null

2019-08-24 13:03:17 - [TEST_STEP][PASSED] - if (i == 2 &amp;&amp; wildList.indexOf(symbol) != -1): null

2019-08-24 13:03:17 - [TEST_STEP][PASSED] - if (i == 3 &amp;&amp; wildList.indexOf(symbol) != -1): null

2019-08-24 13:03:17 - [TEST_STEP][PASSED] - if (i == 4 &amp;&amp; wildList.indexOf(symbol) != -1): null

2019-08-24 13:03:17 - [TEST_STEP][PASSED] - symbol = symbol: null

2019-08-24 13:03:17 - [TEST_STEP][PASSED] - println(symbol): null

2019-08-24 13:03:17 - [TEST_STEP][PASSED] - if (i == 2 &amp;&amp; wildList.indexOf(symbol) != -1): null

2019-08-24 13:03:17 - [TEST_STEP][PASSED] - if (i == 3 &amp;&amp; wildList.indexOf(symbol) != -1): null

2019-08-24 13:03:17 - [TEST_STEP][PASSED] - if (i == 4 &amp;&amp; wildList.indexOf(symbol) != -1): null

2019-08-24 13:03:17 - [TEST_STEP][PASSED] - symbol = symbol: null

2019-08-24 13:03:17 - [TEST_STEP][PASSED] - println(symbol): null

2019-08-24 13:03:17 - [TEST_STEP][PASSED] - if (i == 2 &amp;&amp; wildList.indexOf(symbol) != -1): null

2019-08-24 13:03:17 - [TEST_STEP][PASSED] - if (i == 3 &amp;&amp; wildList.indexOf(symbol) != -1): null

2019-08-24 13:03:17 - [TEST_STEP][PASSED] - if (i == 4 &amp;&amp; wildList.indexOf(symbol) != -1): null

2019-08-24 13:03:17 - [TEST_STEP][PASSED] - free_spin_reel_counter = free_spin_reel_counter: null

2019-08-24 13:03:17 - [TEST_STEP][PASSED] - println("reel 3 wild found: " + free_spin_reel_counter[0]): null

2019-08-24 13:03:17 - [TEST_STEP][PASSED] - println("reel 4 wild found: " + free_spin_reel_counter[1]): null

2019-08-24 13:03:17 - [TEST_STEP][PASSED] - println("reel 5 wild found: " + free_spin_reel_counter[2]): null

2019-08-24 13:03:17 - [TEST_STEP][PASSED] - M4_spin_reels = M4_spin_reels: null

2019-08-24 13:03:17 - [TEST_STEP][PASSED] - M4_spin_reels_symbols = symbol: null

2019-08-24 13:03:17 - [TEST_STEP][PASSED] - M4_spin_reels_symbols = M4_spin_reels_symbols: null

2019-08-24 13:03:17 - [TEST_STEP][PASSED] - M4_spin_reel_wins = reel_wins: null

2019-08-24 13:03:17 - [TEST_STEP][PASSED] - M4_spin_reel_wins = M4_spin_reel_wins: null

2019-08-24 13:03:17 - [TEST_STEP][PASSED] - println("GlobalVariable.M4_spin_reel_wins is: " + M4_spin_reel_wins): null

2019-08-24 13:03:17 - [TEST_STEP][PASSED] - M4_spin_total_bonus_win_this_round = total_bonus_win_this_round: null

2019-08-24 13:03:17 - [TEST_STEP][PASSED] - M4_spin_total_bonus_win_this_round = M4_spin_total_bonus_win_this_round: null

2019-08-24 13:03:17 - [TEST_STEP][PASSED] - println("GlobalVariable.M4_spin_total_bonus_win_this_round is: " + M4_spin_total_bonus_win_this_round): null

2019-08-24 13:03:17 - [TEST_STEP][PASSED] - M4_spin_bonus_spin_result = spin_result: null

2019-08-24 13:03:17 - [TEST_STEP][PASSED] - M4_spin_bonus_spin_result = M4_spin_bonus_spin_result: null

2019-08-24 13:03:17 - [MESSAGE][PASSED] - Verify response successfully

2019-08-24 13:03:17 - [MESSAGE][PASSED] - Send request and verify the response successfully

2019-08-24 13:03:17 - [TEST_STEP][PASSED] - if (M4_total_bonus_spins_int != 0 &amp;&amp; M4_spin_reels_symbols[2].contains("WILD_Expanding")): null

2019-08-24 13:03:17 - [TEST_STEP][PASSED] - free_spin_reel_counter = free_spin_reel_counter: null

2019-08-24 13:03:17 - [TEST_STEP][PASSED] - M4_spin_reels_symbols = M4_spin_reels_symbols: null

2019-08-24 13:03:17 - [TEST_STEP][PASSED] - M4_total_bonus_spins = M4_total_bonus_spins: null

2019-08-24 13:03:17 - [TEST_STEP][PASSED] - spin_result = sendRequestAndVerify(findTestObject("INT/RGS(M4)/1_M4_spin", ["M4_login_user_id":M4_login_user_id, "rgs_session_token":rgs_session_token, "partner":Partner])): Send request and verify the response successfully

2019-08-24 13:03:18 - [MESSAGE][INFO] - HAR: /Users/eiralee/Katalon_Script/SuperWild/Reports/20190824_125957/INT/superWild_5/20190824_125957/requests/main/61.har

2019-08-24 13:03:18 - [TEST_CASE][PASSED] - Start Test Case : Verification: Verification accomplished successfully

2019-08-24 13:03:18 - [TEST_STEP][PASSED] - request = getInstance().getCurrentRequest(): null

2019-08-24 13:03:18 - [TEST_STEP][PASSED] - response = getInstance().getCurrentResponse(): null

2019-08-24 13:03:18 - [TEST_STEP][PASSED] - verifyResponseStatusCode(response, 200): Verify response status code successfully

2019-08-24 13:03:18 - [MESSAGE][PASSED] - Verify response status code successfully

2019-08-24 13:03:18 - [TEST_STEP][PASSED] - getStatusCode()).isEqualTo(200): null

2019-08-24 13:03:18 - [TEST_STEP][PASSED] - newline = System.getProperty("line.separator"): null

2019-08-24 13:03:18 - [TEST_STEP][PASSED] - M4_spin = new groovy.json.JsonSlurper(): null

2019-08-24 13:03:18 - [TEST_STEP][PASSED] - result_M4_spin = M4_spin.parseText(response.getResponseBodyContent()): null

2019-08-24 13:03:18 - [TEST_STEP][PASSED] - M4_spin_current_balance = current_balance: null

2019-08-24 13:03:18 - [TEST_STEP][PASSED] - M4_spin_current_balance = M4_spin_current_balance: null

2019-08-24 13:03:18 - [TEST_STEP][PASSED] - M4_spin_transaction_id = causality: null

2019-08-24 13:03:18 - [TEST_STEP][PASSED] - M4_spin_transaction_id = M4_spin_transaction_id: null

2019-08-24 13:03:18 - [TEST_STEP][PASSED] - M4_spin_round_id = round_id: null

2019-08-24 13:03:18 - [TEST_STEP][PASSED] - M4_spin_round_id = M4_spin_round_id: null

2019-08-24 13:03:18 - [TEST_STEP][PASSED] - M4_spin_line_wins = line_wins: null

2019-08-24 13:03:18 - [TEST_STEP][PASSED] - M4_spin_line_wins = M4_spin_line_wins: null

2019-08-24 13:03:18 - [TEST_STEP][PASSED] - M4_total_bonus_spins_int = total_bonus_spins: null

2019-08-24 13:03:18 - [TEST_STEP][PASSED] - println("******M4_total_bonus_spins type is:*******" + newline + getClass().getName()): null

2019-08-24 13:03:18 - [TEST_STEP][PASSED] - M4_total_bonus_spins_int = M4_total_bonus_spins_int: null

2019-08-24 13:03:18 - [TEST_STEP][PASSED] - M4_total_bonus_spins = Integer.toString(M4_total_bonus_spins_int): null

2019-08-24 13:03:18 - [TEST_STEP][PASSED] - M4_total_bonus_spins = M4_total_bonus_spins: null

2019-08-24 13:03:18 - [TEST_STEP][PASSED] - println("M4_total_bonus_spins is:" + M4_total_bonus_spins): null

2019-08-24 13:03:18 - [TEST_STEP][PASSED] - M4_spin_bonus_data = bonus_data: null

2019-08-24 13:03:18 - [TEST_STEP][PASSED] - M4_spin_features_triggered = result_M4_spin: null

2019-08-24 13:03:18 - [TEST_STEP][PASSED] - wild = []: null

2019-08-24 13:03:18 - [TEST_STEP][PASSED] - wild[0] = "WILD_Expanding": null

2019-08-24 13:03:18 - [TEST_STEP][PASSED] - wild[1] = "WILD_Normal": null

2019-08-24 13:03:18 - [TEST_STEP][PASSED] - wild[2] = "WILD_Double": null

2019-08-24 13:03:18 - [TEST_STEP][PASSED] - wild[3] = "WILD_ExtraFG": null

2019-08-24 13:03:18 - [TEST_STEP][PASSED] - wild[4] = "WILD_Triple": null

2019-08-24 13:03:18 - [TEST_STEP][PASSED] - wildList = Arrays.asList(wild): null

2019-08-24 13:03:18 - [TEST_STEP][PASSED] - wildList = wildList: null

2019-08-24 13:03:18 - [TEST_STEP][PASSED] - free_spin_reel_counter = []: null

2019-08-24 13:03:18 - [TEST_STEP][PASSED] - free_spin_reel_counter[0] = 0: null

2019-08-24 13:03:18 - [TEST_STEP][PASSED] - free_spin_reel_counter[1] = 0: null

2019-08-24 13:03:18 - [TEST_STEP][PASSED] - free_spin_reel_counter[2] = 0: null

2019-08-24 13:03:18 - [TEST_STEP][PASSED] - M4_spin_reels = reels: null

2019-08-24 13:03:18 - [TEST_STEP][PASSED] - for ([i = 0, i &lt; M4_spin_reels.size(), (i++)]): null

2019-08-24 13:03:18 - [TEST_STEP][PASSED] - symbols = symbols: null

2019-08-24 13:03:18 - [TEST_STEP][PASSED] - for ([j = 0, j &lt; symbols.size(), (j++)]): null

2019-08-24 13:03:18 - [TEST_STEP][PASSED] - symbol = symbol: null

2019-08-24 13:03:18 - [TEST_STEP][PASSED] - println(symbol): null

2019-08-24 13:03:18 - [TEST_STEP][PASSED] - if (i == 2 &amp;&amp; wildList.indexOf(symbol) != -1): null

2019-08-24 13:03:18 - [TEST_STEP][PASSED] - if (i == 3 &amp;&amp; wildList.indexOf(symbol) != -1): null

2019-08-24 13:03:18 - [TEST_STEP][PASSED] - if (i == 4 &amp;&amp; wildList.indexOf(symbol) != -1): null

2019-08-24 13:03:18 - [TEST_STEP][PASSED] - symbol = symbol: null

2019-08-24 13:03:18 - [TEST_STEP][PASSED] - println(symbol): null

2019-08-24 13:03:18 - [TEST_STEP][PASSED] - if (i == 2 &amp;&amp; wildList.indexOf(symbol) != -1): null

2019-08-24 13:03:18 - [TEST_STEP][PASSED] - if (i == 3 &amp;&amp; wildList.indexOf(symbol) != -1): null

2019-08-24 13:03:18 - [TEST_STEP][PASSED] - if (i == 4 &amp;&amp; wildList.indexOf(symbol) != -1): null

2019-08-24 13:03:18 - [TEST_STEP][PASSED] - symbol = symbol: null

2019-08-24 13:03:18 - [TEST_STEP][PASSED] - println(symbol): null

2019-08-24 13:03:18 - [TEST_STEP][PASSED] - if (i == 2 &amp;&amp; wildList.indexOf(symbol) != -1): null

2019-08-24 13:03:18 - [TEST_STEP][PASSED] - if (i == 3 &amp;&amp; wildList.indexOf(symbol) != -1): null

2019-08-24 13:03:18 - [TEST_STEP][PASSED] - if (i == 4 &amp;&amp; wildList.indexOf(symbol) != -1): null

2019-08-24 13:03:18 - [TEST_STEP][PASSED] - symbols = symbols: null

2019-08-24 13:03:18 - [TEST_STEP][PASSED] - for ([j = 0, j &lt; symbols.size(), (j++)]): null

2019-08-24 13:03:18 - [TEST_STEP][PASSED] - symbol = symbol: null

2019-08-24 13:03:18 - [TEST_STEP][PASSED] - println(symbol): null

2019-08-24 13:03:18 - [TEST_STEP][PASSED] - if (i == 2 &amp;&amp; wildList.indexOf(symbol) != -1): null

2019-08-24 13:03:18 - [TEST_STEP][PASSED] - if (i == 3 &amp;&amp; wildList.indexOf(symbol) != -1): null

2019-08-24 13:03:18 - [TEST_STEP][PASSED] - if (i == 4 &amp;&amp; wildList.indexOf(symbol) != -1): null

2019-08-24 13:03:18 - [TEST_STEP][PASSED] - symbol = symbol: null

2019-08-24 13:03:18 - [TEST_STEP][PASSED] - println(symbol): null

2019-08-24 13:03:18 - [TEST_STEP][PASSED] - if (i == 2 &amp;&amp; wildList.indexOf(symbol) != -1): null

2019-08-24 13:03:18 - [TEST_STEP][PASSED] - if (i == 3 &amp;&amp; wildList.indexOf(symbol) != -1): null

2019-08-24 13:03:18 - [TEST_STEP][PASSED] - if (i == 4 &amp;&amp; wildList.indexOf(symbol) != -1): null

2019-08-24 13:03:18 - [TEST_STEP][PASSED] - symbol = symbol: null

2019-08-24 13:03:18 - [TEST_STEP][PASSED] - println(symbol): null

2019-08-24 13:03:18 - [TEST_STEP][PASSED] - if (i == 2 &amp;&amp; wildList.indexOf(symbol) != -1): null

2019-08-24 13:03:18 - [TEST_STEP][PASSED] - if (i == 3 &amp;&amp; wildList.indexOf(symbol) != -1): null

2019-08-24 13:03:18 - [TEST_STEP][PASSED] - if (i == 4 &amp;&amp; wildList.indexOf(symbol) != -1): null

2019-08-24 13:03:18 - [TEST_STEP][PASSED] - symbols = symbols: null

2019-08-24 13:03:18 - [TEST_STEP][PASSED] - for ([j = 0, j &lt; symbols.size(), (j++)]): null

2019-08-24 13:03:18 - [TEST_STEP][PASSED] - symbol = symbol: null

2019-08-24 13:03:18 - [TEST_STEP][PASSED] - println(symbol): null

2019-08-24 13:03:18 - [TEST_STEP][PASSED] - if (i == 2 &amp;&amp; wildList.indexOf(symbol) != -1): null

2019-08-24 13:03:18 - [TEST_STEP][PASSED] - if (i == 3 &amp;&amp; wildList.indexOf(symbol) != -1): null

2019-08-24 13:03:18 - [TEST_STEP][PASSED] - if (i == 4 &amp;&amp; wildList.indexOf(symbol) != -1): null

2019-08-24 13:03:18 - [TEST_STEP][PASSED] - symbol = symbol: null

2019-08-24 13:03:18 - [TEST_STEP][PASSED] - println(symbol): null

2019-08-24 13:03:18 - [TEST_STEP][PASSED] - if (i == 2 &amp;&amp; wildList.indexOf(symbol) != -1): null

2019-08-24 13:03:18 - [TEST_STEP][PASSED] - if (i == 3 &amp;&amp; wildList.indexOf(symbol) != -1): null

2019-08-24 13:03:18 - [TEST_STEP][PASSED] - if (i == 4 &amp;&amp; wildList.indexOf(symbol) != -1): null

2019-08-24 13:03:18 - [TEST_STEP][PASSED] - symbol = symbol: null

2019-08-24 13:03:18 - [TEST_STEP][PASSED] - println(symbol): null

2019-08-24 13:03:18 - [TEST_STEP][PASSED] - if (i == 2 &amp;&amp; wildList.indexOf(symbol) != -1): null

2019-08-24 13:03:18 - [TEST_STEP][PASSED] - if (i == 3 &amp;&amp; wildList.indexOf(symbol) != -1): null

2019-08-24 13:03:18 - [TEST_STEP][PASSED] - if (i == 4 &amp;&amp; wildList.indexOf(symbol) != -1): null

2019-08-24 13:03:18 - [TEST_STEP][PASSED] - symbols = symbols: null

2019-08-24 13:03:18 - [TEST_STEP][PASSED] - for ([j = 0, j &lt; symbols.size(), (j++)]): null

2019-08-24 13:03:18 - [TEST_STEP][PASSED] - symbol = symbol: null

2019-08-24 13:03:18 - [TEST_STEP][PASSED] - println(symbol): null

2019-08-24 13:03:18 - [TEST_STEP][PASSED] - if (i == 2 &amp;&amp; wildList.indexOf(symbol) != -1): null

2019-08-24 13:03:18 - [TEST_STEP][PASSED] - if (i == 3 &amp;&amp; wildList.indexOf(symbol) != -1): null

2019-08-24 13:03:18 - [TEST_STEP][PASSED] - println("wild found on reel 4, adding counter by 1"): null

2019-08-24 13:03:18 - [TEST_STEP][PASSED] - free_spin_reel_counter[1] = free_spin_reel_counter[1] + 1: null

2019-08-24 13:03:18 - [TEST_STEP][PASSED] - if (i == 4 &amp;&amp; wildList.indexOf(symbol) != -1): null

2019-08-24 13:03:18 - [TEST_STEP][PASSED] - symbol = symbol: null

2019-08-24 13:03:18 - [TEST_STEP][PASSED] - println(symbol): null

2019-08-24 13:03:18 - [TEST_STEP][PASSED] - if (i == 2 &amp;&amp; wildList.indexOf(symbol) != -1): null

2019-08-24 13:03:18 - [TEST_STEP][PASSED] - if (i == 3 &amp;&amp; wildList.indexOf(symbol) != -1): null

2019-08-24 13:03:18 - [TEST_STEP][PASSED] - if (i == 4 &amp;&amp; wildList.indexOf(symbol) != -1): null

2019-08-24 13:03:18 - [TEST_STEP][PASSED] - symbol = symbol: null

2019-08-24 13:03:18 - [TEST_STEP][PASSED] - println(symbol): null

2019-08-24 13:03:18 - [TEST_STEP][PASSED] - if (i == 2 &amp;&amp; wildList.indexOf(symbol) != -1): null

2019-08-24 13:03:18 - [TEST_STEP][PASSED] - if (i == 3 &amp;&amp; wildList.indexOf(symbol) != -1): null

2019-08-24 13:03:18 - [TEST_STEP][PASSED] - if (i == 4 &amp;&amp; wildList.indexOf(symbol) != -1): null

2019-08-24 13:03:18 - [TEST_STEP][PASSED] - symbols = symbols: null

2019-08-24 13:03:18 - [TEST_STEP][PASSED] - for ([j = 0, j &lt; symbols.size(), (j++)]): null

2019-08-24 13:03:18 - [TEST_STEP][PASSED] - symbol = symbol: null

2019-08-24 13:03:18 - [TEST_STEP][PASSED] - println(symbol): null

2019-08-24 13:03:18 - [TEST_STEP][PASSED] - if (i == 2 &amp;&amp; wildList.indexOf(symbol) != -1): null

2019-08-24 13:03:18 - [TEST_STEP][PASSED] - if (i == 3 &amp;&amp; wildList.indexOf(symbol) != -1): null

2019-08-24 13:03:18 - [TEST_STEP][PASSED] - if (i == 4 &amp;&amp; wildList.indexOf(symbol) != -1): null

2019-08-24 13:03:18 - [TEST_STEP][PASSED] - symbol = symbol: null

2019-08-24 13:03:18 - [TEST_STEP][PASSED] - println(symbol): null

2019-08-24 13:03:18 - [TEST_STEP][PASSED] - if (i == 2 &amp;&amp; wildList.indexOf(symbol) != -1): null

2019-08-24 13:03:18 - [TEST_STEP][PASSED] - if (i == 3 &amp;&amp; wildList.indexOf(symbol) != -1): null

2019-08-24 13:03:18 - [TEST_STEP][PASSED] - if (i == 4 &amp;&amp; wildList.indexOf(symbol) != -1): null

2019-08-24 13:03:18 - [TEST_STEP][PASSED] - symbol = symbol: null

2019-08-24 13:03:18 - [TEST_STEP][PASSED] - println(symbol): null

2019-08-24 13:03:18 - [TEST_STEP][PASSED] - if (i == 2 &amp;&amp; wildList.indexOf(symbol) != -1): null

2019-08-24 13:03:18 - [TEST_STEP][PASSED] - if (i == 3 &amp;&amp; wildList.indexOf(symbol) != -1): null

2019-08-24 13:03:18 - [TEST_STEP][PASSED] - if (i == 4 &amp;&amp; wildList.indexOf(symbol) != -1): null

2019-08-24 13:03:18 - [TEST_STEP][PASSED] - free_spin_reel_counter = free_spin_reel_counter: null

2019-08-24 13:03:18 - [TEST_STEP][PASSED] - println("reel 3 wild found: " + free_spin_reel_counter[0]): null

2019-08-24 13:03:18 - [TEST_STEP][PASSED] - println("reel 4 wild found: " + free_spin_reel_counter[1]): null

2019-08-24 13:03:18 - [TEST_STEP][PASSED] - println("reel 5 wild found: " + free_spin_reel_counter[2]): null

2019-08-24 13:03:18 - [TEST_STEP][PASSED] - M4_spin_reels = M4_spin_reels: null

2019-08-24 13:03:18 - [TEST_STEP][PASSED] - M4_spin_reels_symbols = symbol: null

2019-08-24 13:03:18 - [TEST_STEP][PASSED] - M4_spin_reels_symbols = M4_spin_reels_symbols: null

2019-08-24 13:03:18 - [TEST_STEP][PASSED] - M4_spin_reel_wins = reel_wins: null

2019-08-24 13:03:18 - [TEST_STEP][PASSED] - M4_spin_reel_wins = M4_spin_reel_wins: null

2019-08-24 13:03:18 - [TEST_STEP][PASSED] - println("GlobalVariable.M4_spin_reel_wins is: " + M4_spin_reel_wins): null

2019-08-24 13:03:18 - [TEST_STEP][PASSED] - M4_spin_total_bonus_win_this_round = total_bonus_win_this_round: null

2019-08-24 13:03:18 - [TEST_STEP][PASSED] - M4_spin_total_bonus_win_this_round = M4_spin_total_bonus_win_this_round: null

2019-08-24 13:03:18 - [TEST_STEP][PASSED] - println("GlobalVariable.M4_spin_total_bonus_win_this_round is: " + M4_spin_total_bonus_win_this_round): null

2019-08-24 13:03:18 - [TEST_STEP][PASSED] - M4_spin_bonus_spin_result = spin_result: null

2019-08-24 13:03:18 - [TEST_STEP][PASSED] - M4_spin_bonus_spin_result = M4_spin_bonus_spin_result: null

2019-08-24 13:03:18 - [MESSAGE][PASSED] - Verify response successfully

2019-08-24 13:03:18 - [MESSAGE][PASSED] - Send request and verify the response successfully

2019-08-24 13:03:18 - [TEST_STEP][PASSED] - if (M4_total_bonus_spins_int != 0 &amp;&amp; M4_spin_reels_symbols[2].contains("WILD_Expanding")): null

2019-08-24 13:03:18 - [TEST_STEP][PASSED] - free_spin_reel_counter = free_spin_reel_counter: null

2019-08-24 13:03:18 - [TEST_STEP][PASSED] - M4_spin_reels_symbols = M4_spin_reels_symbols: null

2019-08-24 13:03:18 - [TEST_STEP][PASSED] - M4_total_bonus_spins = M4_total_bonus_spins: null

2019-08-24 13:03:18 - [TEST_STEP][PASSED] - spin_result = sendRequestAndVerify(findTestObject("INT/RGS(M4)/1_M4_spin", ["M4_login_user_id":M4_login_user_id, "rgs_session_token":rgs_session_token, "partner":Partner])): Send request and verify the response successfully

2019-08-24 13:03:18 - [MESSAGE][INFO] - HAR: /Users/eiralee/Katalon_Script/SuperWild/Reports/20190824_125957/INT/superWild_5/20190824_125957/requests/main/62.har

2019-08-24 13:03:18 - [TEST_CASE][PASSED] - Start Test Case : Verification: Verification accomplished successfully

2019-08-24 13:03:18 - [TEST_STEP][PASSED] - request = getInstance().getCurrentRequest(): null

2019-08-24 13:03:18 - [TEST_STEP][PASSED] - response = getInstance().getCurrentResponse(): null

2019-08-24 13:03:18 - [TEST_STEP][PASSED] - verifyResponseStatusCode(response, 200): Verify response status code successfully

2019-08-24 13:03:18 - [MESSAGE][PASSED] - Verify response status code successfully

2019-08-24 13:03:18 - [TEST_STEP][PASSED] - getStatusCode()).isEqualTo(200): null

2019-08-24 13:03:18 - [TEST_STEP][PASSED] - newline = System.getProperty("line.separator"): null

2019-08-24 13:03:18 - [TEST_STEP][PASSED] - M4_spin = new groovy.json.JsonSlurper(): null

2019-08-24 13:03:18 - [TEST_STEP][PASSED] - result_M4_spin = M4_spin.parseText(response.getResponseBodyContent()): null

2019-08-24 13:03:18 - [TEST_STEP][PASSED] - M4_spin_current_balance = current_balance: null

2019-08-24 13:03:18 - [TEST_STEP][PASSED] - M4_spin_current_balance = M4_spin_current_balance: null

2019-08-24 13:03:18 - [TEST_STEP][PASSED] - M4_spin_transaction_id = causality: null

2019-08-24 13:03:18 - [TEST_STEP][PASSED] - M4_spin_transaction_id = M4_spin_transaction_id: null

2019-08-24 13:03:18 - [TEST_STEP][PASSED] - M4_spin_round_id = round_id: null

2019-08-24 13:03:18 - [TEST_STEP][PASSED] - M4_spin_round_id = M4_spin_round_id: null

2019-08-24 13:03:18 - [TEST_STEP][PASSED] - M4_spin_line_wins = line_wins: null

2019-08-24 13:03:18 - [TEST_STEP][PASSED] - M4_spin_line_wins = M4_spin_line_wins: null

2019-08-24 13:03:18 - [TEST_STEP][PASSED] - M4_total_bonus_spins_int = total_bonus_spins: null

2019-08-24 13:03:18 - [TEST_STEP][PASSED] - println("******M4_total_bonus_spins type is:*******" + newline + getClass().getName()): null

2019-08-24 13:03:18 - [TEST_STEP][PASSED] - M4_total_bonus_spins_int = M4_total_bonus_spins_int: null

2019-08-24 13:03:18 - [TEST_STEP][PASSED] - M4_total_bonus_spins = Integer.toString(M4_total_bonus_spins_int): null

2019-08-24 13:03:18 - [TEST_STEP][PASSED] - M4_total_bonus_spins = M4_total_bonus_spins: null

2019-08-24 13:03:18 - [TEST_STEP][PASSED] - println("M4_total_bonus_spins is:" + M4_total_bonus_spins): null

2019-08-24 13:03:18 - [TEST_STEP][PASSED] - M4_spin_bonus_data = bonus_data: null

2019-08-24 13:03:18 - [TEST_STEP][PASSED] - M4_spin_features_triggered = result_M4_spin: null

2019-08-24 13:03:18 - [TEST_STEP][PASSED] - wild = []: null

2019-08-24 13:03:18 - [TEST_STEP][PASSED] - wild[0] = "WILD_Expanding": null

2019-08-24 13:03:18 - [TEST_STEP][PASSED] - wild[1] = "WILD_Normal": null

2019-08-24 13:03:18 - [TEST_STEP][PASSED] - wild[2] = "WILD_Double": null

2019-08-24 13:03:18 - [TEST_STEP][PASSED] - wild[3] = "WILD_ExtraFG": null

2019-08-24 13:03:18 - [TEST_STEP][PASSED] - wild[4] = "WILD_Triple": null

2019-08-24 13:03:18 - [TEST_STEP][PASSED] - wildList = Arrays.asList(wild): null

2019-08-24 13:03:18 - [TEST_STEP][PASSED] - wildList = wildList: null

2019-08-24 13:03:18 - [TEST_STEP][PASSED] - free_spin_reel_counter = []: null

2019-08-24 13:03:18 - [TEST_STEP][PASSED] - free_spin_reel_counter[0] = 0: null

2019-08-24 13:03:18 - [TEST_STEP][PASSED] - free_spin_reel_counter[1] = 0: null

2019-08-24 13:03:18 - [TEST_STEP][PASSED] - free_spin_reel_counter[2] = 0: null

2019-08-24 13:03:18 - [TEST_STEP][PASSED] - M4_spin_reels = reels: null

2019-08-24 13:03:18 - [TEST_STEP][PASSED] - for ([i = 0, i &lt; M4_spin_reels.size(), (i++)]): null

2019-08-24 13:03:18 - [TEST_STEP][PASSED] - symbols = symbols: null

2019-08-24 13:03:18 - [TEST_STEP][PASSED] - for ([j = 0, j &lt; symbols.size(), (j++)]): null

2019-08-24 13:03:18 - [TEST_STEP][PASSED] - symbol = symbol: null

2019-08-24 13:03:18 - [TEST_STEP][PASSED] - println(symbol): null

2019-08-24 13:03:18 - [TEST_STEP][PASSED] - if (i == 2 &amp;&amp; wildList.indexOf(symbol) != -1): null

2019-08-24 13:03:18 - [TEST_STEP][PASSED] - if (i == 3 &amp;&amp; wildList.indexOf(symbol) != -1): null

2019-08-24 13:03:18 - [TEST_STEP][PASSED] - if (i == 4 &amp;&amp; wildList.indexOf(symbol) != -1): null

2019-08-24 13:03:18 - [TEST_STEP][PASSED] - symbol = symbol: null

2019-08-24 13:03:18 - [TEST_STEP][PASSED] - println(symbol): null

2019-08-24 13:03:18 - [TEST_STEP][PASSED] - if (i == 2 &amp;&amp; wildList.indexOf(symbol) != -1): null

2019-08-24 13:03:18 - [TEST_STEP][PASSED] - if (i == 3 &amp;&amp; wildList.indexOf(symbol) != -1): null

2019-08-24 13:03:18 - [TEST_STEP][PASSED] - if (i == 4 &amp;&amp; wildList.indexOf(symbol) != -1): null

2019-08-24 13:03:18 - [TEST_STEP][PASSED] - symbol = symbol: null

2019-08-24 13:03:18 - [TEST_STEP][PASSED] - println(symbol): null

2019-08-24 13:03:18 - [TEST_STEP][PASSED] - if (i == 2 &amp;&amp; wildList.indexOf(symbol) != -1): null

2019-08-24 13:03:18 - [TEST_STEP][PASSED] - if (i == 3 &amp;&amp; wildList.indexOf(symbol) != -1): null

2019-08-24 13:03:18 - [TEST_STEP][PASSED] - if (i == 4 &amp;&amp; wildList.indexOf(symbol) != -1): null

2019-08-24 13:03:18 - [TEST_STEP][PASSED] - symbols = symbols: null

2019-08-24 13:03:18 - [TEST_STEP][PASSED] - for ([j = 0, j &lt; symbols.size(), (j++)]): null

2019-08-24 13:03:18 - [TEST_STEP][PASSED] - symbol = symbol: null

2019-08-24 13:03:18 - [TEST_STEP][PASSED] - println(symbol): null

2019-08-24 13:03:18 - [TEST_STEP][PASSED] - if (i == 2 &amp;&amp; wildList.indexOf(symbol) != -1): null

2019-08-24 13:03:18 - [TEST_STEP][PASSED] - if (i == 3 &amp;&amp; wildList.indexOf(symbol) != -1): null

2019-08-24 13:03:18 - [TEST_STEP][PASSED] - if (i == 4 &amp;&amp; wildList.indexOf(symbol) != -1): null

2019-08-24 13:03:18 - [TEST_STEP][PASSED] - symbol = symbol: null

2019-08-24 13:03:18 - [TEST_STEP][PASSED] - println(symbol): null

2019-08-24 13:03:18 - [TEST_STEP][PASSED] - if (i == 2 &amp;&amp; wildList.indexOf(symbol) != -1): null

2019-08-24 13:03:18 - [TEST_STEP][PASSED] - if (i == 3 &amp;&amp; wildList.indexOf(symbol) != -1): null

2019-08-24 13:03:18 - [TEST_STEP][PASSED] - if (i == 4 &amp;&amp; wildList.indexOf(symbol) != -1): null

2019-08-24 13:03:18 - [TEST_STEP][PASSED] - symbol = symbol: null

2019-08-24 13:03:20 - [TEST_STEP][PASSED] - println(symbol): null

2019-08-24 13:03:20 - [TEST_STEP][PASSED] - if (i == 2 &amp;&amp; wildList.indexOf(symbol) != -1): null

2019-08-24 13:03:20 - [TEST_STEP][PASSED] - if (i == 3 &amp;&amp; wildList.indexOf(symbol) != -1): null

2019-08-24 13:03:20 - [TEST_STEP][PASSED] - if (i == 4 &amp;&amp; wildList.indexOf(symbol) != -1): null

2019-08-24 13:03:20 - [TEST_STEP][PASSED] - symbols = symbols: null

2019-08-24 13:03:20 - [TEST_STEP][PASSED] - for ([j = 0, j &lt; symbols.size(), (j++)]): null

2019-08-24 13:03:20 - [TEST_STEP][PASSED] - symbol = symbol: null

2019-08-24 13:03:20 - [TEST_STEP][PASSED] - println(symbol): null

2019-08-24 13:03:20 - [TEST_STEP][PASSED] - if (i == 2 &amp;&amp; wildList.indexOf(symbol) != -1): null

2019-08-24 13:03:20 - [TEST_STEP][PASSED] - if (i == 3 &amp;&amp; wildList.indexOf(symbol) != -1): null

2019-08-24 13:03:20 - [TEST_STEP][PASSED] - if (i == 4 &amp;&amp; wildList.indexOf(symbol) != -1): null

2019-08-24 13:03:20 - [TEST_STEP][PASSED] - symbol = symbol: null

2019-08-24 13:03:20 - [TEST_STEP][PASSED] - println(symbol): null

2019-08-24 13:03:20 - [TEST_STEP][PASSED] - if (i == 2 &amp;&amp; wildList.indexOf(symbol) != -1): null

2019-08-24 13:03:20 - [TEST_STEP][PASSED] - if (i == 3 &amp;&amp; wildList.indexOf(symbol) != -1): null

2019-08-24 13:03:20 - [TEST_STEP][PASSED] - if (i == 4 &amp;&amp; wildList.indexOf(symbol) != -1): null

2019-08-24 13:03:20 - [TEST_STEP][PASSED] - symbol = symbol: null

2019-08-24 13:03:20 - [TEST_STEP][PASSED] - println(symbol): null

2019-08-24 13:03:20 - [TEST_STEP][PASSED] - if (i == 2 &amp;&amp; wildList.indexOf(symbol) != -1): null

2019-08-24 13:03:20 - [TEST_STEP][PASSED] - println("wild found on reel 3, adding counter by 1"): null

2019-08-24 13:03:20 - [TEST_STEP][PASSED] - free_spin_reel_counter[0] = free_spin_reel_counter[0] + 1: null

2019-08-24 13:03:20 - [TEST_STEP][PASSED] - if (i == 3 &amp;&amp; wildList.indexOf(symbol) != -1): null

2019-08-24 13:03:20 - [TEST_STEP][PASSED] - if (i == 4 &amp;&amp; wildList.indexOf(symbol) != -1): null

2019-08-24 13:03:20 - [TEST_STEP][PASSED] - symbols = symbols: null

2019-08-24 13:03:20 - [TEST_STEP][PASSED] - for ([j = 0, j &lt; symbols.size(), (j++)]): null

2019-08-24 13:03:20 - [TEST_STEP][PASSED] - symbol = symbol: null

2019-08-24 13:03:20 - [TEST_STEP][PASSED] - println(symbol): null

2019-08-24 13:03:20 - [TEST_STEP][PASSED] - if (i == 2 &amp;&amp; wildList.indexOf(symbol) != -1): null

2019-08-24 13:03:20 - [TEST_STEP][PASSED] - if (i == 3 &amp;&amp; wildList.indexOf(symbol) != -1): null

2019-08-24 13:03:20 - [TEST_STEP][PASSED] - if (i == 4 &amp;&amp; wildList.indexOf(symbol) != -1): null

2019-08-24 13:03:20 - [TEST_STEP][PASSED] - symbol = symbol: null

2019-08-24 13:03:20 - [TEST_STEP][PASSED] - println(symbol): null

2019-08-24 13:03:20 - [TEST_STEP][PASSED] - if (i == 2 &amp;&amp; wildList.indexOf(symbol) != -1): null

2019-08-24 13:03:20 - [TEST_STEP][PASSED] - if (i == 3 &amp;&amp; wildList.indexOf(symbol) != -1): null

2019-08-24 13:03:20 - [TEST_STEP][PASSED] - if (i == 4 &amp;&amp; wildList.indexOf(symbol) != -1): null

2019-08-24 13:03:20 - [TEST_STEP][PASSED] - symbol = symbol: null

2019-08-24 13:03:20 - [TEST_STEP][PASSED] - println(symbol): null

2019-08-24 13:03:20 - [TEST_STEP][PASSED] - if (i == 2 &amp;&amp; wildList.indexOf(symbol) != -1): null

2019-08-24 13:03:20 - [TEST_STEP][PASSED] - if (i == 3 &amp;&amp; wildList.indexOf(symbol) != -1): null

2019-08-24 13:03:20 - [TEST_STEP][PASSED] - if (i == 4 &amp;&amp; wildList.indexOf(symbol) != -1): null

2019-08-24 13:03:20 - [TEST_STEP][PASSED] - symbols = symbols: null

2019-08-24 13:03:20 - [TEST_STEP][PASSED] - for ([j = 0, j &lt; symbols.size(), (j++)]): null

2019-08-24 13:03:20 - [TEST_STEP][PASSED] - symbol = symbol: null

2019-08-24 13:03:20 - [TEST_STEP][PASSED] - println(symbol): null

2019-08-24 13:03:20 - [TEST_STEP][PASSED] - if (i == 2 &amp;&amp; wildList.indexOf(symbol) != -1): null

2019-08-24 13:03:20 - [TEST_STEP][PASSED] - if (i == 3 &amp;&amp; wildList.indexOf(symbol) != -1): null

2019-08-24 13:03:20 - [TEST_STEP][PASSED] - if (i == 4 &amp;&amp; wildList.indexOf(symbol) != -1): null

2019-08-24 13:03:20 - [TEST_STEP][PASSED] - symbol = symbol: null

2019-08-24 13:03:20 - [TEST_STEP][PASSED] - println(symbol): null

2019-08-24 13:03:20 - [TEST_STEP][PASSED] - if (i == 2 &amp;&amp; wildList.indexOf(symbol) != -1): null

2019-08-24 13:03:20 - [TEST_STEP][PASSED] - if (i == 3 &amp;&amp; wildList.indexOf(symbol) != -1): null

2019-08-24 13:03:20 - [TEST_STEP][PASSED] - if (i == 4 &amp;&amp; wildList.indexOf(symbol) != -1): null

2019-08-24 13:03:20 - [TEST_STEP][PASSED] - symbol = symbol: null

2019-08-24 13:03:20 - [TEST_STEP][PASSED] - println(symbol): null

2019-08-24 13:03:20 - [TEST_STEP][PASSED] - if (i == 2 &amp;&amp; wildList.indexOf(symbol) != -1): null

2019-08-24 13:03:20 - [TEST_STEP][PASSED] - if (i == 3 &amp;&amp; wildList.indexOf(symbol) != -1): null

2019-08-24 13:03:20 - [TEST_STEP][PASSED] - if (i == 4 &amp;&amp; wildList.indexOf(symbol) != -1): null

2019-08-24 13:03:20 - [TEST_STEP][PASSED] - free_spin_reel_counter = free_spin_reel_counter: null

2019-08-24 13:03:20 - [TEST_STEP][PASSED] - println("reel 3 wild found: " + free_spin_reel_counter[0]): null

2019-08-24 13:03:20 - [TEST_STEP][PASSED] - println("reel 4 wild found: " + free_spin_reel_counter[1]): null

2019-08-24 13:03:20 - [TEST_STEP][PASSED] - println("reel 5 wild found: " + free_spin_reel_counter[2]): null

2019-08-24 13:03:20 - [TEST_STEP][PASSED] - M4_spin_reels = M4_spin_reels: null

2019-08-24 13:03:20 - [TEST_STEP][PASSED] - M4_spin_reels_symbols = symbol: null

2019-08-24 13:03:20 - [TEST_STEP][PASSED] - M4_spin_reels_symbols = M4_spin_reels_symbols: null

2019-08-24 13:03:20 - [TEST_STEP][PASSED] - M4_spin_reel_wins = reel_wins: null

2019-08-24 13:03:20 - [TEST_STEP][PASSED] - M4_spin_reel_wins = M4_spin_reel_wins: null

2019-08-24 13:03:20 - [TEST_STEP][PASSED] - println("GlobalVariable.M4_spin_reel_wins is: " + M4_spin_reel_wins): null

2019-08-24 13:03:20 - [TEST_STEP][PASSED] - M4_spin_total_bonus_win_this_round = total_bonus_win_this_round: null

2019-08-24 13:03:20 - [TEST_STEP][PASSED] - M4_spin_total_bonus_win_this_round = M4_spin_total_bonus_win_this_round: null

2019-08-24 13:03:20 - [TEST_STEP][PASSED] - println("GlobalVariable.M4_spin_total_bonus_win_this_round is: " + M4_spin_total_bonus_win_this_round): null

2019-08-24 13:03:20 - [TEST_STEP][PASSED] - M4_spin_bonus_spin_result = spin_result: null

2019-08-24 13:03:20 - [TEST_STEP][PASSED] - M4_spin_bonus_spin_result = M4_spin_bonus_spin_result: null

2019-08-24 13:03:20 - [MESSAGE][PASSED] - Verify response successfully

2019-08-24 13:03:20 - [MESSAGE][PASSED] - Send request and verify the response successfully

2019-08-24 13:03:20 - [TEST_STEP][PASSED] - if (M4_total_bonus_spins_int != 0 &amp;&amp; M4_spin_reels_symbols[2].contains("WILD_Expanding")): null

2019-08-24 13:03:20 - [TEST_STEP][PASSED] - free_spin_reel_counter = free_spin_reel_counter: null

2019-08-24 13:03:20 - [TEST_STEP][PASSED] - M4_spin_reels_symbols = M4_spin_reels_symbols: null

2019-08-24 13:03:20 - [TEST_STEP][PASSED] - M4_total_bonus_spins = M4_total_bonus_spins: null

2019-08-24 13:03:20 - [TEST_STEP][PASSED] - spin_result = sendRequestAndVerify(findTestObject("INT/RGS(M4)/1_M4_spin", ["M4_login_user_id":M4_login_user_id, "rgs_session_token":rgs_session_token, "partner":Partner])): Send request and verify the response successfully

2019-08-24 13:03:20 - [MESSAGE][INFO] - HAR: /Users/eiralee/Katalon_Script/SuperWild/Reports/20190824_125957/INT/superWild_5/20190824_125957/requests/main/63.har

2019-08-24 13:03:20 - [TEST_CASE][PASSED] - Start Test Case : Verification: Verification accomplished successfully

2019-08-24 13:03:20 - [TEST_STEP][PASSED] - request = getInstance().getCurrentRequest(): null

2019-08-24 13:03:20 - [TEST_STEP][PASSED] - response = getInstance().getCurrentResponse(): null

2019-08-24 13:03:20 - [TEST_STEP][PASSED] - verifyResponseStatusCode(response, 200): Verify response status code successfully

2019-08-24 13:03:20 - [MESSAGE][PASSED] - Verify response status code successfully

2019-08-24 13:03:20 - [TEST_STEP][PASSED] - getStatusCode()).isEqualTo(200): null

2019-08-24 13:03:20 - [TEST_STEP][PASSED] - newline = System.getProperty("line.separator"): null

2019-08-24 13:03:20 - [TEST_STEP][PASSED] - M4_spin = new groovy.json.JsonSlurper(): null

2019-08-24 13:03:20 - [TEST_STEP][PASSED] - result_M4_spin = M4_spin.parseText(response.getResponseBodyContent()): null

2019-08-24 13:03:20 - [TEST_STEP][PASSED] - M4_spin_current_balance = current_balance: null

2019-08-24 13:03:20 - [TEST_STEP][PASSED] - M4_spin_current_balance = M4_spin_current_balance: null

2019-08-24 13:03:20 - [TEST_STEP][PASSED] - M4_spin_transaction_id = causality: null

2019-08-24 13:03:20 - [TEST_STEP][PASSED] - M4_spin_transaction_id = M4_spin_transaction_id: null

2019-08-24 13:03:20 - [TEST_STEP][PASSED] - M4_spin_round_id = round_id: null

2019-08-24 13:03:20 - [TEST_STEP][PASSED] - M4_spin_round_id = M4_spin_round_id: null

2019-08-24 13:03:20 - [TEST_STEP][PASSED] - M4_spin_line_wins = line_wins: null

2019-08-24 13:03:20 - [TEST_STEP][PASSED] - M4_spin_line_wins = M4_spin_line_wins: null

2019-08-24 13:03:20 - [TEST_STEP][PASSED] - M4_total_bonus_spins_int = total_bonus_spins: null

2019-08-24 13:03:20 - [TEST_STEP][PASSED] - println("******M4_total_bonus_spins type is:*******" + newline + getClass().getName()): null

2019-08-24 13:03:20 - [TEST_STEP][PASSED] - M4_total_bonus_spins_int = M4_total_bonus_spins_int: null

2019-08-24 13:03:20 - [TEST_STEP][PASSED] - M4_total_bonus_spins = Integer.toString(M4_total_bonus_spins_int): null

2019-08-24 13:03:20 - [TEST_STEP][PASSED] - M4_total_bonus_spins = M4_total_bonus_spins: null

2019-08-24 13:03:20 - [TEST_STEP][PASSED] - println("M4_total_bonus_spins is:" + M4_total_bonus_spins): null

2019-08-24 13:03:20 - [TEST_STEP][PASSED] - M4_spin_bonus_data = bonus_data: null

2019-08-24 13:03:20 - [TEST_STEP][PASSED] - M4_spin_features_triggered = result_M4_spin: null

2019-08-24 13:03:20 - [TEST_STEP][PASSED] - wild = []: null

2019-08-24 13:03:20 - [TEST_STEP][PASSED] - wild[0] = "WILD_Expanding": null

2019-08-24 13:03:20 - [TEST_STEP][PASSED] - wild[1] = "WILD_Normal": null

2019-08-24 13:03:20 - [TEST_STEP][PASSED] - wild[2] = "WILD_Double": null

2019-08-24 13:03:20 - [TEST_STEP][PASSED] - wild[3] = "WILD_ExtraFG": null

2019-08-24 13:03:20 - [TEST_STEP][PASSED] - wild[4] = "WILD_Triple": null

2019-08-24 13:03:20 - [TEST_STEP][PASSED] - wildList = Arrays.asList(wild): null

2019-08-24 13:03:20 - [TEST_STEP][PASSED] - wildList = wildList: null

2019-08-24 13:03:20 - [TEST_STEP][PASSED] - free_spin_reel_counter = []: null

2019-08-24 13:03:20 - [TEST_STEP][PASSED] - free_spin_reel_counter[0] = 0: null

2019-08-24 13:03:20 - [TEST_STEP][PASSED] - free_spin_reel_counter[1] = 0: null

2019-08-24 13:03:20 - [TEST_STEP][PASSED] - free_spin_reel_counter[2] = 0: null

2019-08-24 13:03:20 - [TEST_STEP][PASSED] - M4_spin_reels = reels: null

2019-08-24 13:03:20 - [TEST_STEP][PASSED] - for ([i = 0, i &lt; M4_spin_reels.size(), (i++)]): null

2019-08-24 13:03:20 - [TEST_STEP][PASSED] - symbols = symbols: null

2019-08-24 13:03:20 - [TEST_STEP][PASSED] - for ([j = 0, j &lt; symbols.size(), (j++)]): null

2019-08-24 13:03:20 - [TEST_STEP][PASSED] - symbol = symbol: null

2019-08-24 13:03:20 - [TEST_STEP][PASSED] - println(symbol): null

2019-08-24 13:03:20 - [TEST_STEP][PASSED] - if (i == 2 &amp;&amp; wildList.indexOf(symbol) != -1): null

2019-08-24 13:03:20 - [TEST_STEP][PASSED] - if (i == 3 &amp;&amp; wildList.indexOf(symbol) != -1): null

2019-08-24 13:03:20 - [TEST_STEP][PASSED] - if (i == 4 &amp;&amp; wildList.indexOf(symbol) != -1): null

2019-08-24 13:03:20 - [TEST_STEP][PASSED] - symbol = symbol: null

2019-08-24 13:03:20 - [TEST_STEP][PASSED] - println(symbol): null

2019-08-24 13:03:20 - [TEST_STEP][PASSED] - if (i == 2 &amp;&amp; wildList.indexOf(symbol) != -1): null

2019-08-24 13:03:20 - [TEST_STEP][PASSED] - if (i == 3 &amp;&amp; wildList.indexOf(symbol) != -1): null

2019-08-24 13:03:20 - [TEST_STEP][PASSED] - if (i == 4 &amp;&amp; wildList.indexOf(symbol) != -1): null

2019-08-24 13:03:20 - [TEST_STEP][PASSED] - symbol = symbol: null

2019-08-24 13:03:20 - [TEST_STEP][PASSED] - println(symbol): null

2019-08-24 13:03:20 - [TEST_STEP][PASSED] - if (i == 2 &amp;&amp; wildList.indexOf(symbol) != -1): null

2019-08-24 13:03:20 - [TEST_STEP][PASSED] - if (i == 3 &amp;&amp; wildList.indexOf(symbol) != -1): null

2019-08-24 13:03:20 - [TEST_STEP][PASSED] - if (i == 4 &amp;&amp; wildList.indexOf(symbol) != -1): null

2019-08-24 13:03:20 - [TEST_STEP][PASSED] - symbols = symbols: null

2019-08-24 13:03:20 - [TEST_STEP][PASSED] - for ([j = 0, j &lt; symbols.size(), (j++)]): null

2019-08-24 13:03:20 - [TEST_STEP][PASSED] - symbol = symbol: null

2019-08-24 13:03:20 - [TEST_STEP][PASSED] - println(symbol): null

2019-08-24 13:03:20 - [TEST_STEP][PASSED] - if (i == 2 &amp;&amp; wildList.indexOf(symbol) != -1): null

2019-08-24 13:03:20 - [TEST_STEP][PASSED] - if (i == 3 &amp;&amp; wildList.indexOf(symbol) != -1): null

2019-08-24 13:03:20 - [TEST_STEP][PASSED] - if (i == 4 &amp;&amp; wildList.indexOf(symbol) != -1): null

2019-08-24 13:03:20 - [TEST_STEP][PASSED] - symbol = symbol: null

2019-08-24 13:03:20 - [TEST_STEP][PASSED] - println(symbol): null

2019-08-24 13:03:20 - [TEST_STEP][PASSED] - if (i == 2 &amp;&amp; wildList.indexOf(symbol) != -1): null

2019-08-24 13:03:20 - [TEST_STEP][PASSED] - if (i == 3 &amp;&amp; wildList.indexOf(symbol) != -1): null

2019-08-24 13:03:20 - [TEST_STEP][PASSED] - if (i == 4 &amp;&amp; wildList.indexOf(symbol) != -1): null

2019-08-24 13:03:20 - [TEST_STEP][PASSED] - symbol = symbol: null

2019-08-24 13:03:20 - [TEST_STEP][PASSED] - println(symbol): null

2019-08-24 13:03:20 - [TEST_STEP][PASSED] - if (i == 2 &amp;&amp; wildList.indexOf(symbol) != -1): null

2019-08-24 13:03:20 - [TEST_STEP][PASSED] - if (i == 3 &amp;&amp; wildList.indexOf(symbol) != -1): null

2019-08-24 13:03:20 - [TEST_STEP][PASSED] - if (i == 4 &amp;&amp; wildList.indexOf(symbol) != -1): null

2019-08-24 13:03:20 - [TEST_STEP][PASSED] - symbols = symbols: null

2019-08-24 13:03:20 - [TEST_STEP][PASSED] - for ([j = 0, j &lt; symbols.size(), (j++)]): null

2019-08-24 13:03:20 - [TEST_STEP][PASSED] - symbol = symbol: null

2019-08-24 13:03:20 - [TEST_STEP][PASSED] - println(symbol): null

2019-08-24 13:03:20 - [TEST_STEP][PASSED] - if (i == 2 &amp;&amp; wildList.indexOf(symbol) != -1): null

2019-08-24 13:03:20 - [TEST_STEP][PASSED] - if (i == 3 &amp;&amp; wildList.indexOf(symbol) != -1): null

2019-08-24 13:03:20 - [TEST_STEP][PASSED] - if (i == 4 &amp;&amp; wildList.indexOf(symbol) != -1): null

2019-08-24 13:03:20 - [TEST_STEP][PASSED] - symbol = symbol: null

2019-08-24 13:03:20 - [TEST_STEP][PASSED] - println(symbol): null

2019-08-24 13:03:20 - [TEST_STEP][PASSED] - if (i == 2 &amp;&amp; wildList.indexOf(symbol) != -1): null

2019-08-24 13:03:20 - [TEST_STEP][PASSED] - if (i == 3 &amp;&amp; wildList.indexOf(symbol) != -1): null

2019-08-24 13:03:20 - [TEST_STEP][PASSED] - if (i == 4 &amp;&amp; wildList.indexOf(symbol) != -1): null

2019-08-24 13:03:20 - [TEST_STEP][PASSED] - symbol = symbol: null

2019-08-24 13:03:20 - [TEST_STEP][PASSED] - println(symbol): null

2019-08-24 13:03:20 - [TEST_STEP][PASSED] - if (i == 2 &amp;&amp; wildList.indexOf(symbol) != -1): null

2019-08-24 13:03:20 - [TEST_STEP][PASSED] - if (i == 3 &amp;&amp; wildList.indexOf(symbol) != -1): null

2019-08-24 13:03:20 - [TEST_STEP][PASSED] - if (i == 4 &amp;&amp; wildList.indexOf(symbol) != -1): null

2019-08-24 13:03:20 - [TEST_STEP][PASSED] - symbols = symbols: null

2019-08-24 13:03:20 - [TEST_STEP][PASSED] - for ([j = 0, j &lt; symbols.size(), (j++)]): null

2019-08-24 13:03:20 - [TEST_STEP][PASSED] - symbol = symbol: null

2019-08-24 13:03:20 - [TEST_STEP][PASSED] - println(symbol): null

2019-08-24 13:03:20 - [TEST_STEP][PASSED] - if (i == 2 &amp;&amp; wildList.indexOf(symbol) != -1): null

2019-08-24 13:03:20 - [TEST_STEP][PASSED] - if (i == 3 &amp;&amp; wildList.indexOf(symbol) != -1): null

2019-08-24 13:03:20 - [TEST_STEP][PASSED] - if (i == 4 &amp;&amp; wildList.indexOf(symbol) != -1): null

2019-08-24 13:03:20 - [TEST_STEP][PASSED] - symbol = symbol: null

2019-08-24 13:03:20 - [TEST_STEP][PASSED] - println(symbol): null

2019-08-24 13:03:20 - [TEST_STEP][PASSED] - if (i == 2 &amp;&amp; wildList.indexOf(symbol) != -1): null

2019-08-24 13:03:20 - [TEST_STEP][PASSED] - if (i == 3 &amp;&amp; wildList.indexOf(symbol) != -1): null

2019-08-24 13:03:20 - [TEST_STEP][PASSED] - if (i == 4 &amp;&amp; wildList.indexOf(symbol) != -1): null

2019-08-24 13:03:20 - [TEST_STEP][PASSED] - symbol = symbol: null

2019-08-24 13:03:20 - [TEST_STEP][PASSED] - println(symbol): null

2019-08-24 13:03:20 - [TEST_STEP][PASSED] - if (i == 2 &amp;&amp; wildList.indexOf(symbol) != -1): null

2019-08-24 13:03:20 - [TEST_STEP][PASSED] - if (i == 3 &amp;&amp; wildList.indexOf(symbol) != -1): null

2019-08-24 13:03:20 - [TEST_STEP][PASSED] - if (i == 4 &amp;&amp; wildList.indexOf(symbol) != -1): null

2019-08-24 13:03:20 - [TEST_STEP][PASSED] - symbols = symbols: null

2019-08-24 13:03:20 - [TEST_STEP][PASSED] - for ([j = 0, j &lt; symbols.size(), (j++)]): null

2019-08-24 13:03:20 - [TEST_STEP][PASSED] - symbol = symbol: null

2019-08-24 13:03:20 - [TEST_STEP][PASSED] - println(symbol): null

2019-08-24 13:03:20 - [TEST_STEP][PASSED] - if (i == 2 &amp;&amp; wildList.indexOf(symbol) != -1): null

2019-08-24 13:03:20 - [TEST_STEP][PASSED] - if (i == 3 &amp;&amp; wildList.indexOf(symbol) != -1): null

2019-08-24 13:03:20 - [TEST_STEP][PASSED] - if (i == 4 &amp;&amp; wildList.indexOf(symbol) != -1): null

2019-08-24 13:03:20 - [TEST_STEP][PASSED] - symbol = symbol: null

2019-08-24 13:03:20 - [TEST_STEP][PASSED] - println(symbol): null

2019-08-24 13:03:20 - [TEST_STEP][PASSED] - if (i == 2 &amp;&amp; wildList.indexOf(symbol) != -1): null

2019-08-24 13:03:20 - [TEST_STEP][PASSED] - if (i == 3 &amp;&amp; wildList.indexOf(symbol) != -1): null

2019-08-24 13:03:20 - [TEST_STEP][PASSED] - if (i == 4 &amp;&amp; wildList.indexOf(symbol) != -1): null

2019-08-24 13:03:20 - [TEST_STEP][PASSED] - symbol = symbol: null

2019-08-24 13:03:20 - [TEST_STEP][PASSED] - println(symbol): null

2019-08-24 13:03:20 - [TEST_STEP][PASSED] - if (i == 2 &amp;&amp; wildList.indexOf(symbol) != -1): null

2019-08-24 13:03:20 - [TEST_STEP][PASSED] - if (i == 3 &amp;&amp; wildList.indexOf(symbol) != -1): null

2019-08-24 13:03:20 - [TEST_STEP][PASSED] - if (i == 4 &amp;&amp; wildList.indexOf(symbol) != -1): null

2019-08-24 13:03:20 - [TEST_STEP][PASSED] - free_spin_reel_counter = free_spin_reel_counter: null

2019-08-24 13:03:20 - [TEST_STEP][PASSED] - println("reel 3 wild found: " + free_spin_reel_counter[0]): null

2019-08-24 13:03:20 - [TEST_STEP][PASSED] - println("reel 4 wild found: " + free_spin_reel_counter[1]): null

2019-08-24 13:03:20 - [TEST_STEP][PASSED] - println("reel 5 wild found: " + free_spin_reel_counter[2]): null

2019-08-24 13:03:20 - [TEST_STEP][PASSED] - M4_spin_reels = M4_spin_reels: null

2019-08-24 13:03:20 - [TEST_STEP][PASSED] - M4_spin_reels_symbols = symbol: null

2019-08-24 13:03:20 - [TEST_STEP][PASSED] - M4_spin_reels_symbols = M4_spin_reels_symbols: null

2019-08-24 13:03:20 - [TEST_STEP][PASSED] - M4_spin_reel_wins = reel_wins: null

2019-08-24 13:03:20 - [TEST_STEP][PASSED] - M4_spin_reel_wins = M4_spin_reel_wins: null

2019-08-24 13:03:20 - [TEST_STEP][PASSED] - println("GlobalVariable.M4_spin_reel_wins is: " + M4_spin_reel_wins): null

2019-08-24 13:03:20 - [TEST_STEP][PASSED] - M4_spin_total_bonus_win_this_round = total_bonus_win_this_round: null

2019-08-24 13:03:20 - [TEST_STEP][PASSED] - M4_spin_total_bonus_win_this_round = M4_spin_total_bonus_win_this_round: null

2019-08-24 13:03:20 - [TEST_STEP][PASSED] - println("GlobalVariable.M4_spin_total_bonus_win_this_round is: " + M4_spin_total_bonus_win_this_round): null

2019-08-24 13:03:20 - [TEST_STEP][PASSED] - M4_spin_bonus_spin_result = spin_result: null

2019-08-24 13:03:20 - [TEST_STEP][PASSED] - M4_spin_bonus_spin_result = M4_spin_bonus_spin_result: null

2019-08-24 13:03:20 - [MESSAGE][PASSED] - Verify response successfully

2019-08-24 13:03:20 - [MESSAGE][PASSED] - Send request and verify the response successfully

2019-08-24 13:03:20 - [TEST_STEP][PASSED] - if (M4_total_bonus_spins_int != 0 &amp;&amp; M4_spin_reels_symbols[2].contains("WILD_Expanding")): null

2019-08-24 13:03:20 - [TEST_STEP][PASSED] - free_spin_reel_counter = free_spin_reel_counter: null

2019-08-24 13:03:20 - [TEST_STEP][PASSED] - M4_spin_reels_symbols = M4_spin_reels_symbols: null

2019-08-24 13:03:20 - [TEST_STEP][PASSED] - M4_total_bonus_spins = M4_total_bonus_spins: null

2019-08-24 13:03:20 - [TEST_STEP][PASSED] - spin_result = sendRequestAndVerify(findTestObject("INT/RGS(M4)/1_M4_spin", ["M4_login_user_id":M4_login_user_id, "rgs_session_token":rgs_session_token, "partner":Partner])): Send request and verify the response successfully

2019-08-24 13:03:20 - [MESSAGE][INFO] - HAR: /Users/eiralee/Katalon_Script/SuperWild/Reports/20190824_125957/INT/superWild_5/20190824_125957/requests/main/64.har

2019-08-24 13:03:21 - [TEST_CASE][PASSED] - Start Test Case : Verification: Verification accomplished successfully

2019-08-24 13:03:21 - [TEST_STEP][PASSED] - request = getInstance().getCurrentRequest(): null

2019-08-24 13:03:21 - [TEST_STEP][PASSED] - response = getInstance().getCurrentResponse(): null

2019-08-24 13:03:21 - [TEST_STEP][PASSED] - verifyResponseStatusCode(response, 200): Verify response status code successfully

2019-08-24 13:03:21 - [MESSAGE][PASSED] - Verify response status code successfully

2019-08-24 13:03:21 - [TEST_STEP][PASSED] - getStatusCode()).isEqualTo(200): null

2019-08-24 13:03:21 - [TEST_STEP][PASSED] - newline = System.getProperty("line.separator"): null

2019-08-24 13:03:21 - [TEST_STEP][PASSED] - M4_spin = new groovy.json.JsonSlurper(): null

2019-08-24 13:03:21 - [TEST_STEP][PASSED] - result_M4_spin = M4_spin.parseText(response.getResponseBodyContent()): null

2019-08-24 13:03:21 - [TEST_STEP][PASSED] - M4_spin_current_balance = current_balance: null

2019-08-24 13:03:21 - [TEST_STEP][PASSED] - M4_spin_current_balance = M4_spin_current_balance: null

2019-08-24 13:03:21 - [TEST_STEP][PASSED] - M4_spin_transaction_id = causality: null

2019-08-24 13:03:21 - [TEST_STEP][PASSED] - M4_spin_transaction_id = M4_spin_transaction_id: null

2019-08-24 13:03:21 - [TEST_STEP][PASSED] - M4_spin_round_id = round_id: null

2019-08-24 13:03:21 - [TEST_STEP][PASSED] - M4_spin_round_id = M4_spin_round_id: null

2019-08-24 13:03:21 - [TEST_STEP][PASSED] - M4_spin_line_wins = line_wins: null

2019-08-24 13:03:21 - [TEST_STEP][PASSED] - M4_spin_line_wins = M4_spin_line_wins: null

2019-08-24 13:03:21 - [TEST_STEP][PASSED] - M4_total_bonus_spins_int = total_bonus_spins: null

2019-08-24 13:03:21 - [TEST_STEP][PASSED] - println("******M4_total_bonus_spins type is:*******" + newline + getClass().getName()): null

2019-08-24 13:03:21 - [TEST_STEP][PASSED] - M4_total_bonus_spins_int = M4_total_bonus_spins_int: null

2019-08-24 13:03:21 - [TEST_STEP][PASSED] - M4_total_bonus_spins = Integer.toString(M4_total_bonus_spins_int): null

2019-08-24 13:03:21 - [TEST_STEP][PASSED] - M4_total_bonus_spins = M4_total_bonus_spins: null

2019-08-24 13:03:21 - [TEST_STEP][PASSED] - println("M4_total_bonus_spins is:" + M4_total_bonus_spins): null

2019-08-24 13:03:21 - [TEST_STEP][PASSED] - M4_spin_bonus_data = bonus_data: null

2019-08-24 13:03:21 - [TEST_STEP][PASSED] - M4_spin_features_triggered = result_M4_spin: null

2019-08-24 13:03:21 - [TEST_STEP][PASSED] - wild = []: null

2019-08-24 13:03:21 - [TEST_STEP][PASSED] - wild[0] = "WILD_Expanding": null

2019-08-24 13:03:21 - [TEST_STEP][PASSED] - wild[1] = "WILD_Normal": null

2019-08-24 13:03:21 - [TEST_STEP][PASSED] - wild[2] = "WILD_Double": null

2019-08-24 13:03:21 - [TEST_STEP][PASSED] - wild[3] = "WILD_ExtraFG": null

2019-08-24 13:03:21 - [TEST_STEP][PASSED] - wild[4] = "WILD_Triple": null

2019-08-24 13:03:21 - [TEST_STEP][PASSED] - wildList = Arrays.asList(wild): null

2019-08-24 13:03:21 - [TEST_STEP][PASSED] - wildList = wildList: null

2019-08-24 13:03:21 - [TEST_STEP][PASSED] - free_spin_reel_counter = []: null

2019-08-24 13:03:21 - [TEST_STEP][PASSED] - free_spin_reel_counter[0] = 0: null

2019-08-24 13:03:21 - [TEST_STEP][PASSED] - free_spin_reel_counter[1] = 0: null

2019-08-24 13:03:21 - [TEST_STEP][PASSED] - free_spin_reel_counter[2] = 0: null

2019-08-24 13:03:21 - [TEST_STEP][PASSED] - M4_spin_reels = reels: null

2019-08-24 13:03:21 - [TEST_STEP][PASSED] - for ([i = 0, i &lt; M4_spin_reels.size(), (i++)]): null

2019-08-24 13:03:21 - [TEST_STEP][PASSED] - symbols = symbols: null

2019-08-24 13:03:21 - [TEST_STEP][PASSED] - for ([j = 0, j &lt; symbols.size(), (j++)]): null

2019-08-24 13:03:21 - [TEST_STEP][PASSED] - symbol = symbol: null

2019-08-24 13:03:21 - [TEST_STEP][PASSED] - println(symbol): null

2019-08-24 13:03:21 - [TEST_STEP][PASSED] - if (i == 2 &amp;&amp; wildList.indexOf(symbol) != -1): null

2019-08-24 13:03:21 - [TEST_STEP][PASSED] - if (i == 3 &amp;&amp; wildList.indexOf(symbol) != -1): null

2019-08-24 13:03:21 - [TEST_STEP][PASSED] - if (i == 4 &amp;&amp; wildList.indexOf(symbol) != -1): null

2019-08-24 13:03:21 - [TEST_STEP][PASSED] - symbol = symbol: null

2019-08-24 13:03:21 - [TEST_STEP][PASSED] - println(symbol): null

2019-08-24 13:03:21 - [TEST_STEP][PASSED] - if (i == 2 &amp;&amp; wildList.indexOf(symbol) != -1): null

2019-08-24 13:03:21 - [TEST_STEP][PASSED] - if (i == 3 &amp;&amp; wildList.indexOf(symbol) != -1): null

2019-08-24 13:03:21 - [TEST_STEP][PASSED] - if (i == 4 &amp;&amp; wildList.indexOf(symbol) != -1): null

2019-08-24 13:03:21 - [TEST_STEP][PASSED] - symbol = symbol: null

2019-08-24 13:03:21 - [TEST_STEP][PASSED] - println(symbol): null

2019-08-24 13:03:21 - [TEST_STEP][PASSED] - if (i == 2 &amp;&amp; wildList.indexOf(symbol) != -1): null

2019-08-24 13:03:21 - [TEST_STEP][PASSED] - if (i == 3 &amp;&amp; wildList.indexOf(symbol) != -1): null

2019-08-24 13:03:21 - [TEST_STEP][PASSED] - if (i == 4 &amp;&amp; wildList.indexOf(symbol) != -1): null

2019-08-24 13:03:21 - [TEST_STEP][PASSED] - symbols = symbols: null

2019-08-24 13:03:21 - [TEST_STEP][PASSED] - for ([j = 0, j &lt; symbols.size(), (j++)]): null

2019-08-24 13:03:21 - [TEST_STEP][PASSED] - symbol = symbol: null

2019-08-24 13:03:21 - [TEST_STEP][PASSED] - println(symbol): null

2019-08-24 13:03:21 - [TEST_STEP][PASSED] - if (i == 2 &amp;&amp; wildList.indexOf(symbol) != -1): null

2019-08-24 13:03:21 - [TEST_STEP][PASSED] - if (i == 3 &amp;&amp; wildList.indexOf(symbol) != -1): null

2019-08-24 13:03:21 - [TEST_STEP][PASSED] - if (i == 4 &amp;&amp; wildList.indexOf(symbol) != -1): null

2019-08-24 13:03:21 - [TEST_STEP][PASSED] - symbol = symbol: null

2019-08-24 13:03:21 - [TEST_STEP][PASSED] - println(symbol): null

2019-08-24 13:03:21 - [TEST_STEP][PASSED] - if (i == 2 &amp;&amp; wildList.indexOf(symbol) != -1): null

2019-08-24 13:03:21 - [TEST_STEP][PASSED] - if (i == 3 &amp;&amp; wildList.indexOf(symbol) != -1): null

2019-08-24 13:03:21 - [TEST_STEP][PASSED] - if (i == 4 &amp;&amp; wildList.indexOf(symbol) != -1): null

2019-08-24 13:03:21 - [TEST_STEP][PASSED] - symbol = symbol: null

2019-08-24 13:03:21 - [TEST_STEP][PASSED] - println(symbol): null

2019-08-24 13:03:21 - [TEST_STEP][PASSED] - if (i == 2 &amp;&amp; wildList.indexOf(symbol) != -1): null

2019-08-24 13:03:21 - [TEST_STEP][PASSED] - if (i == 3 &amp;&amp; wildList.indexOf(symbol) != -1): null

2019-08-24 13:03:21 - [TEST_STEP][PASSED] - if (i == 4 &amp;&amp; wildList.indexOf(symbol) != -1): null

2019-08-24 13:03:21 - [TEST_STEP][PASSED] - symbols = symbols: null

2019-08-24 13:03:21 - [TEST_STEP][PASSED] - for ([j = 0, j &lt; symbols.size(), (j++)]): null

2019-08-24 13:03:21 - [TEST_STEP][PASSED] - symbol = symbol: null

2019-08-24 13:03:21 - [TEST_STEP][PASSED] - println(symbol): null

2019-08-24 13:03:21 - [TEST_STEP][PASSED] - if (i == 2 &amp;&amp; wildList.indexOf(symbol) != -1): null

2019-08-24 13:03:21 - [TEST_STEP][PASSED] - if (i == 3 &amp;&amp; wildList.indexOf(symbol) != -1): null

2019-08-24 13:03:21 - [TEST_STEP][PASSED] - if (i == 4 &amp;&amp; wildList.indexOf(symbol) != -1): null

2019-08-24 13:03:21 - [TEST_STEP][PASSED] - symbol = symbol: null

2019-08-24 13:03:21 - [TEST_STEP][PASSED] - println(symbol): null

2019-08-24 13:03:21 - [TEST_STEP][PASSED] - if (i == 2 &amp;&amp; wildList.indexOf(symbol) != -1): null

2019-08-24 13:03:21 - [TEST_STEP][PASSED] - if (i == 3 &amp;&amp; wildList.indexOf(symbol) != -1): null

2019-08-24 13:03:21 - [TEST_STEP][PASSED] - if (i == 4 &amp;&amp; wildList.indexOf(symbol) != -1): null

2019-08-24 13:03:21 - [TEST_STEP][PASSED] - symbol = symbol: null

2019-08-24 13:03:21 - [TEST_STEP][PASSED] - println(symbol): null

2019-08-24 13:03:21 - [TEST_STEP][PASSED] - if (i == 2 &amp;&amp; wildList.indexOf(symbol) != -1): null

2019-08-24 13:03:21 - [TEST_STEP][PASSED] - println("wild found on reel 3, adding counter by 1"): null

2019-08-24 13:03:21 - [TEST_STEP][PASSED] - free_spin_reel_counter[0] = free_spin_reel_counter[0] + 1: null

2019-08-24 13:03:21 - [TEST_STEP][PASSED] - if (i == 3 &amp;&amp; wildList.indexOf(symbol) != -1): null

2019-08-24 13:03:21 - [TEST_STEP][PASSED] - if (i == 4 &amp;&amp; wildList.indexOf(symbol) != -1): null

2019-08-24 13:03:21 - [TEST_STEP][PASSED] - symbols = symbols: null

2019-08-24 13:03:21 - [TEST_STEP][PASSED] - for ([j = 0, j &lt; symbols.size(), (j++)]): null

2019-08-24 13:03:21 - [TEST_STEP][PASSED] - symbol = symbol: null

2019-08-24 13:03:21 - [TEST_STEP][PASSED] - println(symbol): null

2019-08-24 13:03:21 - [TEST_STEP][PASSED] - if (i == 2 &amp;&amp; wildList.indexOf(symbol) != -1): null

2019-08-24 13:03:25 - [TEST_STEP][PASSED] - if (i == 3 &amp;&amp; wildList.indexOf(symbol) != -1): null

2019-08-24 13:03:25 - [TEST_STEP][PASSED] - if (i == 4 &amp;&amp; wildList.indexOf(symbol) != -1): null

2019-08-24 13:03:25 - [TEST_STEP][PASSED] - symbol = symbol: null

2019-08-24 13:03:25 - [TEST_STEP][PASSED] - println(symbol): null

2019-08-24 13:03:25 - [TEST_STEP][PASSED] - if (i == 2 &amp;&amp; wildList.indexOf(symbol) != -1): null

2019-08-24 13:03:25 - [TEST_STEP][PASSED] - if (i == 3 &amp;&amp; wildList.indexOf(symbol) != -1): null

2019-08-24 13:03:25 - [TEST_STEP][PASSED] - if (i == 4 &amp;&amp; wildList.indexOf(symbol) != -1): null

2019-08-24 13:03:25 - [TEST_STEP][PASSED] - symbol = symbol: null

2019-08-24 13:03:25 - [TEST_STEP][PASSED] - println(symbol): null

2019-08-24 13:03:25 - [TEST_STEP][PASSED] - if (i == 2 &amp;&amp; wildList.indexOf(symbol) != -1): null

2019-08-24 13:03:27 - [TEST_STEP][PASSED] - if (i == 3 &amp;&amp; wildList.indexOf(symbol) != -1): null

2019-08-24 13:03:27 - [TEST_STEP][PASSED] - if (i == 4 &amp;&amp; wildList.indexOf(symbol) != -1): null

2019-08-24 13:03:27 - [TEST_STEP][PASSED] - symbols = symbols: null

2019-08-24 13:03:27 - [TEST_STEP][PASSED] - for ([j = 0, j &lt; symbols.size(), (j++)]): null

2019-08-24 13:03:27 - [TEST_STEP][PASSED] - symbol = symbol: null

2019-08-24 13:03:27 - [TEST_STEP][PASSED] - println(symbol): null

2019-08-24 13:03:27 - [TEST_STEP][PASSED] - if (i == 2 &amp;&amp; wildList.indexOf(symbol) != -1): null

2019-08-24 13:03:27 - [TEST_STEP][PASSED] - if (i == 3 &amp;&amp; wildList.indexOf(symbol) != -1): null

2019-08-24 13:03:27 - [TEST_STEP][PASSED] - if (i == 4 &amp;&amp; wildList.indexOf(symbol) != -1): null

2019-08-24 13:03:27 - [TEST_STEP][PASSED] - symbol = symbol: null

2019-08-24 13:03:27 - [TEST_STEP][PASSED] - println(symbol): null

2019-08-24 13:03:27 - [TEST_STEP][PASSED] - if (i == 2 &amp;&amp; wildList.indexOf(symbol) != -1): null

2019-08-24 13:03:27 - [TEST_STEP][PASSED] - if (i == 3 &amp;&amp; wildList.indexOf(symbol) != -1): null

2019-08-24 13:03:27 - [TEST_STEP][PASSED] - if (i == 4 &amp;&amp; wildList.indexOf(symbol) != -1): null

2019-08-24 13:03:27 - [TEST_STEP][PASSED] - symbol = symbol: null

2019-08-24 13:03:27 - [TEST_STEP][PASSED] - println(symbol): null

2019-08-24 13:03:27 - [TEST_STEP][PASSED] - if (i == 2 &amp;&amp; wildList.indexOf(symbol) != -1): null

2019-08-24 13:03:27 - [TEST_STEP][PASSED] - if (i == 3 &amp;&amp; wildList.indexOf(symbol) != -1): null

2019-08-24 13:03:27 - [TEST_STEP][PASSED] - if (i == 4 &amp;&amp; wildList.indexOf(symbol) != -1): null

2019-08-24 13:03:27 - [TEST_STEP][PASSED] - free_spin_reel_counter = free_spin_reel_counter: null

2019-08-24 13:03:27 - [TEST_STEP][PASSED] - println("reel 3 wild found: " + free_spin_reel_counter[0]): null

2019-08-24 13:03:27 - [TEST_STEP][PASSED] - println("reel 4 wild found: " + free_spin_reel_counter[1]): null

2019-08-24 13:03:27 - [TEST_STEP][PASSED] - println("reel 5 wild found: " + free_spin_reel_counter[2]): null

2019-08-24 13:03:27 - [TEST_STEP][PASSED] - M4_spin_reels = M4_spin_reels: null

2019-08-24 13:03:27 - [TEST_STEP][PASSED] - M4_spin_reels_symbols = symbol: null

2019-08-24 13:03:27 - [TEST_STEP][PASSED] - M4_spin_reels_symbols = M4_spin_reels_symbols: null

2019-08-24 13:03:27 - [TEST_STEP][PASSED] - M4_spin_reel_wins = reel_wins: null

2019-08-24 13:03:27 - [TEST_STEP][PASSED] - M4_spin_reel_wins = M4_spin_reel_wins: null

2019-08-24 13:03:27 - [TEST_STEP][PASSED] - println("GlobalVariable.M4_spin_reel_wins is: " + M4_spin_reel_wins): null

2019-08-24 13:03:27 - [TEST_STEP][PASSED] - M4_spin_total_bonus_win_this_round = total_bonus_win_this_round: null

2019-08-24 13:03:27 - [TEST_STEP][PASSED] - M4_spin_total_bonus_win_this_round = M4_spin_total_bonus_win_this_round: null

2019-08-24 13:03:27 - [TEST_STEP][PASSED] - println("GlobalVariable.M4_spin_total_bonus_win_this_round is: " + M4_spin_total_bonus_win_this_round): null

2019-08-24 13:03:27 - [TEST_STEP][PASSED] - M4_spin_bonus_spin_result = spin_result: null

2019-08-24 13:03:27 - [TEST_STEP][PASSED] - M4_spin_bonus_spin_result = M4_spin_bonus_spin_result: null

2019-08-24 13:03:27 - [MESSAGE][PASSED] - Verify response successfully

2019-08-24 13:03:27 - [MESSAGE][PASSED] - Send request and verify the response successfully

2019-08-24 13:03:27 - [TEST_STEP][PASSED] - if (M4_total_bonus_spins_int != 0 &amp;&amp; M4_spin_reels_symbols[2].contains("WILD_Expanding")): null

2019-08-24 13:03:27 - [TEST_STEP][PASSED] - free_spin_reel_counter = free_spin_reel_counter: null

2019-08-24 13:03:27 - [TEST_STEP][PASSED] - M4_spin_reels_symbols = M4_spin_reels_symbols: null

2019-08-24 13:03:27 - [TEST_STEP][PASSED] - M4_total_bonus_spins = M4_total_bonus_spins: null

2019-08-24 13:03:27 - [TEST_STEP][PASSED] - spin_result = sendRequestAndVerify(findTestObject("INT/RGS(M4)/1_M4_spin", ["M4_login_user_id":M4_login_user_id, "rgs_session_token":rgs_session_token, "partner":Partner])): Send request and verify the response successfully

2019-08-24 13:03:27 - [MESSAGE][INFO] - HAR: /Users/eiralee/Katalon_Script/SuperWild/Reports/20190824_125957/INT/superWild_5/20190824_125957/requests/main/65.har

2019-08-24 13:03:27 - [TEST_CASE][PASSED] - Start Test Case : Verification: Verification accomplished successfully

2019-08-24 13:03:28 - [TEST_STEP][PASSED] - request = getInstance().getCurrentRequest(): null

2019-08-24 13:03:28 - [TEST_STEP][PASSED] - response = getInstance().getCurrentResponse(): null

2019-08-24 13:03:28 - [TEST_STEP][PASSED] - verifyResponseStatusCode(response, 200): Verify response status code successfully

2019-08-24 13:03:28 - [MESSAGE][PASSED] - Verify response status code successfully

2019-08-24 13:03:28 - [TEST_STEP][PASSED] - getStatusCode()).isEqualTo(200): null

2019-08-24 13:03:28 - [TEST_STEP][PASSED] - newline = System.getProperty("line.separator"): null

2019-08-24 13:03:28 - [TEST_STEP][PASSED] - M4_spin = new groovy.json.JsonSlurper(): null

2019-08-24 13:03:28 - [TEST_STEP][PASSED] - result_M4_spin = M4_spin.parseText(response.getResponseBodyContent()): null

2019-08-24 13:03:28 - [TEST_STEP][PASSED] - M4_spin_current_balance = current_balance: null

2019-08-24 13:03:28 - [TEST_STEP][PASSED] - M4_spin_current_balance = M4_spin_current_balance: null

2019-08-24 13:03:28 - [TEST_STEP][PASSED] - M4_spin_transaction_id = causality: null

2019-08-24 13:03:28 - [TEST_STEP][PASSED] - M4_spin_transaction_id = M4_spin_transaction_id: null

2019-08-24 13:03:28 - [TEST_STEP][PASSED] - M4_spin_round_id = round_id: null

2019-08-24 13:03:28 - [TEST_STEP][PASSED] - M4_spin_round_id = M4_spin_round_id: null

2019-08-24 13:03:28 - [TEST_STEP][PASSED] - M4_spin_line_wins = line_wins: null

2019-08-24 13:03:28 - [TEST_STEP][PASSED] - M4_spin_line_wins = M4_spin_line_wins: null

2019-08-24 13:03:28 - [TEST_STEP][PASSED] - M4_total_bonus_spins_int = total_bonus_spins: null

2019-08-24 13:03:28 - [TEST_STEP][PASSED] - println("******M4_total_bonus_spins type is:*******" + newline + getClass().getName()): null

2019-08-24 13:03:28 - [TEST_STEP][PASSED] - M4_total_bonus_spins_int = M4_total_bonus_spins_int: null

2019-08-24 13:03:28 - [TEST_STEP][PASSED] - M4_total_bonus_spins = Integer.toString(M4_total_bonus_spins_int): null

2019-08-24 13:03:28 - [TEST_STEP][PASSED] - M4_total_bonus_spins = M4_total_bonus_spins: null

2019-08-24 13:03:28 - [TEST_STEP][PASSED] - println("M4_total_bonus_spins is:" + M4_total_bonus_spins): null

2019-08-24 13:03:28 - [TEST_STEP][PASSED] - M4_spin_bonus_data = bonus_data: null

2019-08-24 13:03:28 - [TEST_STEP][PASSED] - M4_spin_features_triggered = result_M4_spin: null

2019-08-24 13:03:28 - [TEST_STEP][PASSED] - wild = []: null

2019-08-24 13:03:28 - [TEST_STEP][PASSED] - wild[0] = "WILD_Expanding": null

2019-08-24 13:03:28 - [TEST_STEP][PASSED] - wild[1] = "WILD_Normal": null

2019-08-24 13:03:28 - [TEST_STEP][PASSED] - wild[2] = "WILD_Double": null

2019-08-24 13:03:28 - [TEST_STEP][PASSED] - wild[3] = "WILD_ExtraFG": null

2019-08-24 13:03:28 - [TEST_STEP][PASSED] - wild[4] = "WILD_Triple": null

2019-08-24 13:03:28 - [TEST_STEP][PASSED] - wildList = Arrays.asList(wild): null

2019-08-24 13:03:28 - [TEST_STEP][PASSED] - wildList = wildList: null

2019-08-24 13:03:28 - [TEST_STEP][PASSED] - free_spin_reel_counter = []: null

2019-08-24 13:03:28 - [TEST_STEP][PASSED] - free_spin_reel_counter[0] = 0: null

2019-08-24 13:03:28 - [TEST_STEP][PASSED] - free_spin_reel_counter[1] = 0: null

2019-08-24 13:03:28 - [TEST_STEP][PASSED] - free_spin_reel_counter[2] = 0: null

2019-08-24 13:03:28 - [TEST_STEP][PASSED] - M4_spin_reels = reels: null

2019-08-24 13:03:28 - [TEST_STEP][PASSED] - for ([i = 0, i &lt; M4_spin_reels.size(), (i++)]): null

2019-08-24 13:03:28 - [TEST_STEP][PASSED] - symbols = symbols: null

2019-08-24 13:03:28 - [TEST_STEP][PASSED] - for ([j = 0, j &lt; symbols.size(), (j++)]): null

2019-08-24 13:03:28 - [TEST_STEP][PASSED] - symbol = symbol: null

2019-08-24 13:03:28 - [TEST_STEP][PASSED] - println(symbol): null

2019-08-24 13:03:28 - [TEST_STEP][PASSED] - if (i == 2 &amp;&amp; wildList.indexOf(symbol) != -1): null

2019-08-24 13:03:28 - [TEST_STEP][PASSED] - if (i == 3 &amp;&amp; wildList.indexOf(symbol) != -1): null

2019-08-24 13:03:28 - [TEST_STEP][PASSED] - if (i == 4 &amp;&amp; wildList.indexOf(symbol) != -1): null

2019-08-24 13:03:28 - [TEST_STEP][PASSED] - symbol = symbol: null

2019-08-24 13:03:28 - [TEST_STEP][PASSED] - println(symbol): null

2019-08-24 13:03:28 - [TEST_STEP][PASSED] - if (i == 2 &amp;&amp; wildList.indexOf(symbol) != -1): null

2019-08-24 13:03:28 - [TEST_STEP][PASSED] - if (i == 3 &amp;&amp; wildList.indexOf(symbol) != -1): null

2019-08-24 13:03:28 - [TEST_STEP][PASSED] - if (i == 4 &amp;&amp; wildList.indexOf(symbol) != -1): null

2019-08-24 13:03:28 - [TEST_STEP][PASSED] - symbol = symbol: null

2019-08-24 13:03:28 - [TEST_STEP][PASSED] - println(symbol): null

2019-08-24 13:03:28 - [TEST_STEP][PASSED] - if (i == 2 &amp;&amp; wildList.indexOf(symbol) != -1): null

2019-08-24 13:03:28 - [TEST_STEP][PASSED] - if (i == 3 &amp;&amp; wildList.indexOf(symbol) != -1): null

2019-08-24 13:03:28 - [TEST_STEP][PASSED] - if (i == 4 &amp;&amp; wildList.indexOf(symbol) != -1): null

2019-08-24 13:03:28 - [TEST_STEP][PASSED] - symbols = symbols: null

2019-08-24 13:03:28 - [TEST_STEP][PASSED] - for ([j = 0, j &lt; symbols.size(), (j++)]): null

2019-08-24 13:03:28 - [TEST_STEP][PASSED] - symbol = symbol: null

2019-08-24 13:03:28 - [TEST_STEP][PASSED] - println(symbol): null

2019-08-24 13:03:28 - [TEST_STEP][PASSED] - if (i == 2 &amp;&amp; wildList.indexOf(symbol) != -1): null

2019-08-24 13:03:28 - [TEST_STEP][PASSED] - if (i == 3 &amp;&amp; wildList.indexOf(symbol) != -1): null

2019-08-24 13:03:28 - [TEST_STEP][PASSED] - if (i == 4 &amp;&amp; wildList.indexOf(symbol) != -1): null

2019-08-24 13:03:28 - [TEST_STEP][PASSED] - symbol = symbol: null

2019-08-24 13:03:28 - [TEST_STEP][PASSED] - println(symbol): null

2019-08-24 13:03:28 - [TEST_STEP][PASSED] - if (i == 2 &amp;&amp; wildList.indexOf(symbol) != -1): null

2019-08-24 13:03:28 - [TEST_STEP][PASSED] - if (i == 3 &amp;&amp; wildList.indexOf(symbol) != -1): null

2019-08-24 13:03:28 - [TEST_STEP][PASSED] - if (i == 4 &amp;&amp; wildList.indexOf(symbol) != -1): null

2019-08-24 13:03:28 - [TEST_STEP][PASSED] - symbol = symbol: null

2019-08-24 13:03:28 - [TEST_STEP][PASSED] - println(symbol): null

2019-08-24 13:03:28 - [TEST_STEP][PASSED] - if (i == 2 &amp;&amp; wildList.indexOf(symbol) != -1): null

2019-08-24 13:03:28 - [TEST_STEP][PASSED] - if (i == 3 &amp;&amp; wildList.indexOf(symbol) != -1): null

2019-08-24 13:03:28 - [TEST_STEP][PASSED] - if (i == 4 &amp;&amp; wildList.indexOf(symbol) != -1): null

2019-08-24 13:03:28 - [TEST_STEP][PASSED] - symbols = symbols: null

2019-08-24 13:03:28 - [TEST_STEP][PASSED] - for ([j = 0, j &lt; symbols.size(), (j++)]): null

2019-08-24 13:03:28 - [TEST_STEP][PASSED] - symbol = symbol: null

2019-08-24 13:03:28 - [TEST_STEP][PASSED] - println(symbol): null

2019-08-24 13:03:28 - [TEST_STEP][PASSED] - if (i == 2 &amp;&amp; wildList.indexOf(symbol) != -1): null

2019-08-24 13:03:28 - [TEST_STEP][PASSED] - if (i == 3 &amp;&amp; wildList.indexOf(symbol) != -1): null

2019-08-24 13:03:28 - [TEST_STEP][PASSED] - if (i == 4 &amp;&amp; wildList.indexOf(symbol) != -1): null

2019-08-24 13:03:28 - [TEST_STEP][PASSED] - symbol = symbol: null

2019-08-24 13:03:28 - [TEST_STEP][PASSED] - println(symbol): null

2019-08-24 13:03:28 - [TEST_STEP][PASSED] - if (i == 2 &amp;&amp; wildList.indexOf(symbol) != -1): null

2019-08-24 13:03:28 - [TEST_STEP][PASSED] - if (i == 3 &amp;&amp; wildList.indexOf(symbol) != -1): null

2019-08-24 13:03:28 - [TEST_STEP][PASSED] - if (i == 4 &amp;&amp; wildList.indexOf(symbol) != -1): null

2019-08-24 13:03:28 - [TEST_STEP][PASSED] - symbol = symbol: null

2019-08-24 13:03:28 - [TEST_STEP][PASSED] - println(symbol): null

2019-08-24 13:03:28 - [TEST_STEP][PASSED] - if (i == 2 &amp;&amp; wildList.indexOf(symbol) != -1): null

2019-08-24 13:03:28 - [TEST_STEP][PASSED] - if (i == 3 &amp;&amp; wildList.indexOf(symbol) != -1): null

2019-08-24 13:03:28 - [TEST_STEP][PASSED] - if (i == 4 &amp;&amp; wildList.indexOf(symbol) != -1): null

2019-08-24 13:03:28 - [TEST_STEP][PASSED] - symbols = symbols: null

2019-08-24 13:03:28 - [TEST_STEP][PASSED] - for ([j = 0, j &lt; symbols.size(), (j++)]): null

2019-08-24 13:03:28 - [TEST_STEP][PASSED] - symbol = symbol: null

2019-08-24 13:03:28 - [TEST_STEP][PASSED] - println(symbol): null

2019-08-24 13:03:28 - [TEST_STEP][PASSED] - if (i == 2 &amp;&amp; wildList.indexOf(symbol) != -1): null

2019-08-24 13:03:28 - [TEST_STEP][PASSED] - if (i == 3 &amp;&amp; wildList.indexOf(symbol) != -1): null

2019-08-24 13:03:28 - [TEST_STEP][PASSED] - if (i == 4 &amp;&amp; wildList.indexOf(symbol) != -1): null

2019-08-24 13:03:28 - [TEST_STEP][PASSED] - symbol = symbol: null

2019-08-24 13:03:28 - [TEST_STEP][PASSED] - println(symbol): null

2019-08-24 13:03:28 - [TEST_STEP][PASSED] - if (i == 2 &amp;&amp; wildList.indexOf(symbol) != -1): null

2019-08-24 13:03:28 - [TEST_STEP][PASSED] - if (i == 3 &amp;&amp; wildList.indexOf(symbol) != -1): null

2019-08-24 13:03:28 - [TEST_STEP][PASSED] - if (i == 4 &amp;&amp; wildList.indexOf(symbol) != -1): null

2019-08-24 13:03:28 - [TEST_STEP][PASSED] - symbol = symbol: null

2019-08-24 13:03:28 - [TEST_STEP][PASSED] - println(symbol): null

2019-08-24 13:03:28 - [TEST_STEP][PASSED] - if (i == 2 &amp;&amp; wildList.indexOf(symbol) != -1): null

2019-08-24 13:03:28 - [TEST_STEP][PASSED] - if (i == 3 &amp;&amp; wildList.indexOf(symbol) != -1): null

2019-08-24 13:03:28 - [TEST_STEP][PASSED] - if (i == 4 &amp;&amp; wildList.indexOf(symbol) != -1): null

2019-08-24 13:03:28 - [TEST_STEP][PASSED] - symbols = symbols: null

2019-08-24 13:03:28 - [TEST_STEP][PASSED] - for ([j = 0, j &lt; symbols.size(), (j++)]): null

2019-08-24 13:03:28 - [TEST_STEP][PASSED] - symbol = symbol: null

2019-08-24 13:03:28 - [TEST_STEP][PASSED] - println(symbol): null

2019-08-24 13:03:28 - [TEST_STEP][PASSED] - if (i == 2 &amp;&amp; wildList.indexOf(symbol) != -1): null

2019-08-24 13:03:28 - [TEST_STEP][PASSED] - if (i == 3 &amp;&amp; wildList.indexOf(symbol) != -1): null

2019-08-24 13:03:28 - [TEST_STEP][PASSED] - if (i == 4 &amp;&amp; wildList.indexOf(symbol) != -1): null

2019-08-24 13:03:28 - [TEST_STEP][PASSED] - symbol = symbol: null

2019-08-24 13:03:28 - [TEST_STEP][PASSED] - println(symbol): null

2019-08-24 13:03:28 - [TEST_STEP][PASSED] - if (i == 2 &amp;&amp; wildList.indexOf(symbol) != -1): null

2019-08-24 13:03:28 - [TEST_STEP][PASSED] - if (i == 3 &amp;&amp; wildList.indexOf(symbol) != -1): null

2019-08-24 13:03:28 - [TEST_STEP][PASSED] - if (i == 4 &amp;&amp; wildList.indexOf(symbol) != -1): null

2019-08-24 13:03:28 - [TEST_STEP][PASSED] - symbol = symbol: null

2019-08-24 13:03:28 - [TEST_STEP][PASSED] - println(symbol): null

2019-08-24 13:03:28 - [TEST_STEP][PASSED] - if (i == 2 &amp;&amp; wildList.indexOf(symbol) != -1): null

2019-08-24 13:03:28 - [TEST_STEP][PASSED] - if (i == 3 &amp;&amp; wildList.indexOf(symbol) != -1): null

2019-08-24 13:03:28 - [TEST_STEP][PASSED] - if (i == 4 &amp;&amp; wildList.indexOf(symbol) != -1): null

2019-08-24 13:03:28 - [TEST_STEP][PASSED] - free_spin_reel_counter = free_spin_reel_counter: null

2019-08-24 13:03:28 - [TEST_STEP][PASSED] - println("reel 3 wild found: " + free_spin_reel_counter[0]): null

2019-08-24 13:03:28 - [TEST_STEP][PASSED] - println("reel 4 wild found: " + free_spin_reel_counter[1]): null

2019-08-24 13:03:28 - [TEST_STEP][PASSED] - println("reel 5 wild found: " + free_spin_reel_counter[2]): null

2019-08-24 13:03:28 - [TEST_STEP][PASSED] - M4_spin_reels = M4_spin_reels: null

2019-08-24 13:03:28 - [TEST_STEP][PASSED] - M4_spin_reels_symbols = symbol: null

2019-08-24 13:03:28 - [TEST_STEP][PASSED] - M4_spin_reels_symbols = M4_spin_reels_symbols: null

2019-08-24 13:03:28 - [TEST_STEP][PASSED] - M4_spin_reel_wins = reel_wins: null

2019-08-24 13:03:28 - [TEST_STEP][PASSED] - M4_spin_reel_wins = M4_spin_reel_wins: null

2019-08-24 13:03:28 - [TEST_STEP][PASSED] - println("GlobalVariable.M4_spin_reel_wins is: " + M4_spin_reel_wins): null

2019-08-24 13:03:28 - [TEST_STEP][PASSED] - M4_spin_total_bonus_win_this_round = total_bonus_win_this_round: null

2019-08-24 13:03:28 - [TEST_STEP][PASSED] - M4_spin_total_bonus_win_this_round = M4_spin_total_bonus_win_this_round: null

2019-08-24 13:03:28 - [TEST_STEP][PASSED] - println("GlobalVariable.M4_spin_total_bonus_win_this_round is: " + M4_spin_total_bonus_win_this_round): null

2019-08-24 13:03:28 - [TEST_STEP][PASSED] - M4_spin_bonus_spin_result = spin_result: null

2019-08-24 13:03:28 - [TEST_STEP][PASSED] - M4_spin_bonus_spin_result = M4_spin_bonus_spin_result: null

2019-08-24 13:03:28 - [MESSAGE][PASSED] - Verify response successfully

2019-08-24 13:03:28 - [MESSAGE][PASSED] - Send request and verify the response successfully

2019-08-24 13:03:28 - [TEST_STEP][PASSED] - if (M4_total_bonus_spins_int != 0 &amp;&amp; M4_spin_reels_symbols[2].contains("WILD_Expanding")): null

2019-08-24 13:03:28 - [TEST_STEP][PASSED] - free_spin_reel_counter = free_spin_reel_counter: null

2019-08-24 13:03:28 - [TEST_STEP][PASSED] - M4_spin_reels_symbols = M4_spin_reels_symbols: null

2019-08-24 13:03:28 - [TEST_STEP][PASSED] - M4_total_bonus_spins = M4_total_bonus_spins: null

2019-08-24 13:03:28 - [TEST_STEP][PASSED] - spin_result = sendRequestAndVerify(findTestObject("INT/RGS(M4)/1_M4_spin", ["M4_login_user_id":M4_login_user_id, "rgs_session_token":rgs_session_token, "partner":Partner])): Send request and verify the response successfully

2019-08-24 13:03:29 - [MESSAGE][INFO] - HAR: /Users/eiralee/Katalon_Script/SuperWild/Reports/20190824_125957/INT/superWild_5/20190824_125957/requests/main/66.har

2019-08-24 13:03:29 - [TEST_CASE][PASSED] - Start Test Case : Verification: Verification accomplished successfully

2019-08-24 13:03:29 - [TEST_STEP][PASSED] - request = getInstance().getCurrentRequest(): null

2019-08-24 13:03:29 - [TEST_STEP][PASSED] - response = getInstance().getCurrentResponse(): null

2019-08-24 13:03:29 - [TEST_STEP][PASSED] - verifyResponseStatusCode(response, 200): Verify response status code successfully

2019-08-24 13:03:29 - [MESSAGE][PASSED] - Verify response status code successfully

2019-08-24 13:03:29 - [TEST_STEP][PASSED] - getStatusCode()).isEqualTo(200): null

2019-08-24 13:03:29 - [TEST_STEP][PASSED] - newline = System.getProperty("line.separator"): null

2019-08-24 13:03:29 - [TEST_STEP][PASSED] - M4_spin = new groovy.json.JsonSlurper(): null

2019-08-24 13:03:29 - [TEST_STEP][PASSED] - result_M4_spin = M4_spin.parseText(response.getResponseBodyContent()): null

2019-08-24 13:03:29 - [TEST_STEP][PASSED] - M4_spin_current_balance = current_balance: null

2019-08-24 13:03:29 - [TEST_STEP][PASSED] - M4_spin_current_balance = M4_spin_current_balance: null

2019-08-24 13:03:29 - [TEST_STEP][PASSED] - M4_spin_transaction_id = causality: null

2019-08-24 13:03:29 - [TEST_STEP][PASSED] - M4_spin_transaction_id = M4_spin_transaction_id: null

2019-08-24 13:03:29 - [TEST_STEP][PASSED] - M4_spin_round_id = round_id: null

2019-08-24 13:03:29 - [TEST_STEP][PASSED] - M4_spin_round_id = M4_spin_round_id: null

2019-08-24 13:03:29 - [TEST_STEP][PASSED] - M4_spin_line_wins = line_wins: null

2019-08-24 13:03:29 - [TEST_STEP][PASSED] - M4_spin_line_wins = M4_spin_line_wins: null

2019-08-24 13:03:29 - [TEST_STEP][PASSED] - M4_total_bonus_spins_int = total_bonus_spins: null

2019-08-24 13:03:29 - [TEST_STEP][PASSED] - println("******M4_total_bonus_spins type is:*******" + newline + getClass().getName()): null

2019-08-24 13:03:29 - [TEST_STEP][PASSED] - M4_total_bonus_spins_int = M4_total_bonus_spins_int: null

2019-08-24 13:03:29 - [TEST_STEP][PASSED] - M4_total_bonus_spins = Integer.toString(M4_total_bonus_spins_int): null

2019-08-24 13:03:29 - [TEST_STEP][PASSED] - M4_total_bonus_spins = M4_total_bonus_spins: null

2019-08-24 13:03:29 - [TEST_STEP][PASSED] - println("M4_total_bonus_spins is:" + M4_total_bonus_spins): null

2019-08-24 13:03:29 - [TEST_STEP][PASSED] - M4_spin_bonus_data = bonus_data: null

2019-08-24 13:03:29 - [TEST_STEP][PASSED] - M4_spin_features_triggered = result_M4_spin: null

2019-08-24 13:03:29 - [TEST_STEP][PASSED] - wild = []: null

2019-08-24 13:03:29 - [TEST_STEP][PASSED] - wild[0] = "WILD_Expanding": null

2019-08-24 13:03:29 - [TEST_STEP][PASSED] - wild[1] = "WILD_Normal": null

2019-08-24 13:03:29 - [TEST_STEP][PASSED] - wild[2] = "WILD_Double": null

2019-08-24 13:03:29 - [TEST_STEP][PASSED] - wild[3] = "WILD_ExtraFG": null

2019-08-24 13:03:29 - [TEST_STEP][PASSED] - wild[4] = "WILD_Triple": null

2019-08-24 13:03:29 - [TEST_STEP][PASSED] - wildList = Arrays.asList(wild): null

2019-08-24 13:03:29 - [TEST_STEP][PASSED] - wildList = wildList: null

2019-08-24 13:03:29 - [TEST_STEP][PASSED] - free_spin_reel_counter = []: null

2019-08-24 13:03:29 - [TEST_STEP][PASSED] - free_spin_reel_counter[0] = 0: null

2019-08-24 13:03:29 - [TEST_STEP][PASSED] - free_spin_reel_counter[1] = 0: null

2019-08-24 13:03:29 - [TEST_STEP][PASSED] - free_spin_reel_counter[2] = 0: null

2019-08-24 13:03:29 - [TEST_STEP][PASSED] - M4_spin_reels = reels: null

2019-08-24 13:03:29 - [TEST_STEP][PASSED] - for ([i = 0, i &lt; M4_spin_reels.size(), (i++)]): null

2019-08-24 13:03:29 - [TEST_STEP][PASSED] - symbols = symbols: null

2019-08-24 13:03:29 - [TEST_STEP][PASSED] - for ([j = 0, j &lt; symbols.size(), (j++)]): null

2019-08-24 13:03:29 - [TEST_STEP][PASSED] - symbol = symbol: null

2019-08-24 13:03:29 - [TEST_STEP][PASSED] - println(symbol): null

2019-08-24 13:03:29 - [TEST_STEP][PASSED] - if (i == 2 &amp;&amp; wildList.indexOf(symbol) != -1): null

2019-08-24 13:03:29 - [TEST_STEP][PASSED] - if (i == 3 &amp;&amp; wildList.indexOf(symbol) != -1): null

2019-08-24 13:03:29 - [TEST_STEP][PASSED] - if (i == 4 &amp;&amp; wildList.indexOf(symbol) != -1): null

2019-08-24 13:03:29 - [TEST_STEP][PASSED] - symbol = symbol: null

2019-08-24 13:03:29 - [TEST_STEP][PASSED] - println(symbol): null

2019-08-24 13:03:29 - [TEST_STEP][PASSED] - if (i == 2 &amp;&amp; wildList.indexOf(symbol) != -1): null

2019-08-24 13:03:29 - [TEST_STEP][PASSED] - if (i == 3 &amp;&amp; wildList.indexOf(symbol) != -1): null

2019-08-24 13:03:29 - [TEST_STEP][PASSED] - if (i == 4 &amp;&amp; wildList.indexOf(symbol) != -1): null

2019-08-24 13:03:29 - [TEST_STEP][PASSED] - symbol = symbol: null

2019-08-24 13:03:29 - [TEST_STEP][PASSED] - println(symbol): null

2019-08-24 13:03:29 - [TEST_STEP][PASSED] - if (i == 2 &amp;&amp; wildList.indexOf(symbol) != -1): null

2019-08-24 13:03:29 - [TEST_STEP][PASSED] - if (i == 3 &amp;&amp; wildList.indexOf(symbol) != -1): null

2019-08-24 13:03:29 - [TEST_STEP][PASSED] - if (i == 4 &amp;&amp; wildList.indexOf(symbol) != -1): null

2019-08-24 13:03:29 - [TEST_STEP][PASSED] - symbols = symbols: null

2019-08-24 13:03:29 - [TEST_STEP][PASSED] - for ([j = 0, j &lt; symbols.size(), (j++)]): null

2019-08-24 13:03:29 - [TEST_STEP][PASSED] - symbol = symbol: null

2019-08-24 13:03:29 - [TEST_STEP][PASSED] - println(symbol): null

2019-08-24 13:03:29 - [TEST_STEP][PASSED] - if (i == 2 &amp;&amp; wildList.indexOf(symbol) != -1): null

2019-08-24 13:03:29 - [TEST_STEP][PASSED] - if (i == 3 &amp;&amp; wildList.indexOf(symbol) != -1): null

2019-08-24 13:03:29 - [TEST_STEP][PASSED] - if (i == 4 &amp;&amp; wildList.indexOf(symbol) != -1): null

2019-08-24 13:03:29 - [TEST_STEP][PASSED] - symbol = symbol: null

2019-08-24 13:03:29 - [TEST_STEP][PASSED] - println(symbol): null

2019-08-24 13:03:29 - [TEST_STEP][PASSED] - if (i == 2 &amp;&amp; wildList.indexOf(symbol) != -1): null

2019-08-24 13:03:29 - [TEST_STEP][PASSED] - if (i == 3 &amp;&amp; wildList.indexOf(symbol) != -1): null

2019-08-24 13:03:29 - [TEST_STEP][PASSED] - if (i == 4 &amp;&amp; wildList.indexOf(symbol) != -1): null

2019-08-24 13:03:29 - [TEST_STEP][PASSED] - symbol = symbol: null

2019-08-24 13:03:29 - [TEST_STEP][PASSED] - println(symbol): null

2019-08-24 13:03:29 - [TEST_STEP][PASSED] - if (i == 2 &amp;&amp; wildList.indexOf(symbol) != -1): null

2019-08-24 13:03:29 - [TEST_STEP][PASSED] - if (i == 3 &amp;&amp; wildList.indexOf(symbol) != -1): null

2019-08-24 13:03:29 - [TEST_STEP][PASSED] - if (i == 4 &amp;&amp; wildList.indexOf(symbol) != -1): null

2019-08-24 13:03:29 - [TEST_STEP][PASSED] - symbols = symbols: null

2019-08-24 13:03:29 - [TEST_STEP][PASSED] - for ([j = 0, j &lt; symbols.size(), (j++)]): null

2019-08-24 13:03:29 - [TEST_STEP][PASSED] - symbol = symbol: null

2019-08-24 13:03:29 - [TEST_STEP][PASSED] - println(symbol): null

2019-08-24 13:03:29 - [TEST_STEP][PASSED] - if (i == 2 &amp;&amp; wildList.indexOf(symbol) != -1): null

2019-08-24 13:03:29 - [TEST_STEP][PASSED] - if (i == 3 &amp;&amp; wildList.indexOf(symbol) != -1): null

2019-08-24 13:03:29 - [TEST_STEP][PASSED] - if (i == 4 &amp;&amp; wildList.indexOf(symbol) != -1): null

2019-08-24 13:03:29 - [TEST_STEP][PASSED] - symbol = symbol: null

2019-08-24 13:03:29 - [TEST_STEP][PASSED] - println(symbol): null

2019-08-24 13:03:29 - [TEST_STEP][PASSED] - if (i == 2 &amp;&amp; wildList.indexOf(symbol) != -1): null

2019-08-24 13:03:29 - [TEST_STEP][PASSED] - println("wild found on reel 3, adding counter by 1"): null

2019-08-24 13:03:29 - [TEST_STEP][PASSED] - free_spin_reel_counter[0] = free_spin_reel_counter[0] + 1: null

2019-08-24 13:03:29 - [TEST_STEP][PASSED] - if (i == 3 &amp;&amp; wildList.indexOf(symbol) != -1): null

2019-08-24 13:03:29 - [TEST_STEP][PASSED] - if (i == 4 &amp;&amp; wildList.indexOf(symbol) != -1): null

2019-08-24 13:03:29 - [TEST_STEP][PASSED] - symbol = symbol: null

2019-08-24 13:03:29 - [TEST_STEP][PASSED] - println(symbol): null

2019-08-24 13:03:29 - [TEST_STEP][PASSED] - if (i == 2 &amp;&amp; wildList.indexOf(symbol) != -1): null

2019-08-24 13:03:29 - [TEST_STEP][PASSED] - if (i == 3 &amp;&amp; wildList.indexOf(symbol) != -1): null

2019-08-24 13:03:29 - [TEST_STEP][PASSED] - if (i == 4 &amp;&amp; wildList.indexOf(symbol) != -1): null

2019-08-24 13:03:29 - [TEST_STEP][PASSED] - symbols = symbols: null

2019-08-24 13:03:29 - [TEST_STEP][PASSED] - for ([j = 0, j &lt; symbols.size(), (j++)]): null

2019-08-24 13:03:29 - [TEST_STEP][PASSED] - symbol = symbol: null

2019-08-24 13:03:29 - [TEST_STEP][PASSED] - println(symbol): null

2019-08-24 13:03:29 - [TEST_STEP][PASSED] - if (i == 2 &amp;&amp; wildList.indexOf(symbol) != -1): null

2019-08-24 13:03:29 - [TEST_STEP][PASSED] - if (i == 3 &amp;&amp; wildList.indexOf(symbol) != -1): null

2019-08-24 13:03:29 - [TEST_STEP][PASSED] - if (i == 4 &amp;&amp; wildList.indexOf(symbol) != -1): null

2019-08-24 13:03:29 - [TEST_STEP][PASSED] - symbol = symbol: null

2019-08-24 13:03:29 - [TEST_STEP][PASSED] - println(symbol): null

2019-08-24 13:03:29 - [TEST_STEP][PASSED] - if (i == 2 &amp;&amp; wildList.indexOf(symbol) != -1): null

2019-08-24 13:03:29 - [TEST_STEP][PASSED] - if (i == 3 &amp;&amp; wildList.indexOf(symbol) != -1): null

2019-08-24 13:03:29 - [TEST_STEP][PASSED] - if (i == 4 &amp;&amp; wildList.indexOf(symbol) != -1): null

2019-08-24 13:03:29 - [TEST_STEP][PASSED] - symbol = symbol: null

2019-08-24 13:03:29 - [TEST_STEP][PASSED] - println(symbol): null

2019-08-24 13:03:29 - [TEST_STEP][PASSED] - if (i == 2 &amp;&amp; wildList.indexOf(symbol) != -1): null

2019-08-24 13:03:29 - [TEST_STEP][PASSED] - if (i == 3 &amp;&amp; wildList.indexOf(symbol) != -1): null

2019-08-24 13:03:29 - [TEST_STEP][PASSED] - if (i == 4 &amp;&amp; wildList.indexOf(symbol) != -1): null

2019-08-24 13:03:29 - [TEST_STEP][PASSED] - symbols = symbols: null

2019-08-24 13:03:29 - [TEST_STEP][PASSED] - for ([j = 0, j &lt; symbols.size(), (j++)]): null

2019-08-24 13:03:29 - [TEST_STEP][PASSED] - symbol = symbol: null

2019-08-24 13:03:29 - [TEST_STEP][PASSED] - println(symbol): null

2019-08-24 13:03:29 - [TEST_STEP][PASSED] - if (i == 2 &amp;&amp; wildList.indexOf(symbol) != -1): null

2019-08-24 13:03:29 - [TEST_STEP][PASSED] - if (i == 3 &amp;&amp; wildList.indexOf(symbol) != -1): null

2019-08-24 13:03:29 - [TEST_STEP][PASSED] - if (i == 4 &amp;&amp; wildList.indexOf(symbol) != -1): null

2019-08-24 13:03:29 - [TEST_STEP][PASSED] - symbol = symbol: null

2019-08-24 13:03:29 - [TEST_STEP][PASSED] - println(symbol): null

2019-08-24 13:03:29 - [TEST_STEP][PASSED] - if (i == 2 &amp;&amp; wildList.indexOf(symbol) != -1): null

2019-08-24 13:03:29 - [TEST_STEP][PASSED] - if (i == 3 &amp;&amp; wildList.indexOf(symbol) != -1): null

2019-08-24 13:03:29 - [TEST_STEP][PASSED] - if (i == 4 &amp;&amp; wildList.indexOf(symbol) != -1): null

2019-08-24 13:03:29 - [TEST_STEP][PASSED] - println("wild found on reel 5, adding counter by 1"): null

2019-08-24 13:03:29 - [TEST_STEP][PASSED] - free_spin_reel_counter[2] = free_spin_reel_counter[2] + 1: null

2019-08-24 13:03:29 - [TEST_STEP][PASSED] - symbol = symbol: null

2019-08-24 13:03:29 - [TEST_STEP][PASSED] - println(symbol): null

2019-08-24 13:03:29 - [TEST_STEP][PASSED] - if (i == 2 &amp;&amp; wildList.indexOf(symbol) != -1): null

2019-08-24 13:03:29 - [TEST_STEP][PASSED] - if (i == 3 &amp;&amp; wildList.indexOf(symbol) != -1): null

2019-08-24 13:03:29 - [TEST_STEP][PASSED] - if (i == 4 &amp;&amp; wildList.indexOf(symbol) != -1): null

2019-08-24 13:03:29 - [TEST_STEP][PASSED] - free_spin_reel_counter = free_spin_reel_counter: null

2019-08-24 13:03:29 - [TEST_STEP][PASSED] - println("reel 3 wild found: " + free_spin_reel_counter[0]): null

2019-08-24 13:03:29 - [TEST_STEP][PASSED] - println("reel 4 wild found: " + free_spin_reel_counter[1]): null

2019-08-24 13:03:29 - [TEST_STEP][PASSED] - println("reel 5 wild found: " + free_spin_reel_counter[2]): null

2019-08-24 13:03:29 - [TEST_STEP][PASSED] - M4_spin_reels = M4_spin_reels: null

2019-08-24 13:03:29 - [TEST_STEP][PASSED] - M4_spin_reels_symbols = symbol: null

2019-08-24 13:03:32 - [TEST_STEP][PASSED] - M4_spin_reels_symbols = M4_spin_reels_symbols: null

2019-08-24 13:03:32 - [TEST_STEP][PASSED] - M4_spin_reel_wins = reel_wins: null

2019-08-24 13:03:32 - [TEST_STEP][PASSED] - M4_spin_reel_wins = M4_spin_reel_wins: null

2019-08-24 13:03:32 - [TEST_STEP][PASSED] - println("GlobalVariable.M4_spin_reel_wins is: " + M4_spin_reel_wins): null

2019-08-24 13:03:32 - [TEST_STEP][PASSED] - M4_spin_total_bonus_win_this_round = total_bonus_win_this_round: null

2019-08-24 13:03:32 - [TEST_STEP][PASSED] - M4_spin_total_bonus_win_this_round = M4_spin_total_bonus_win_this_round: null

2019-08-24 13:03:32 - [TEST_STEP][PASSED] - println("GlobalVariable.M4_spin_total_bonus_win_this_round is: " + M4_spin_total_bonus_win_this_round): null

2019-08-24 13:03:32 - [TEST_STEP][PASSED] - M4_spin_bonus_spin_result = spin_result: null

2019-08-24 13:03:32 - [TEST_STEP][PASSED] - M4_spin_bonus_spin_result = M4_spin_bonus_spin_result: null

2019-08-24 13:03:35 - [MESSAGE][PASSED] - Verify response successfully

2019-08-24 13:03:35 - [MESSAGE][PASSED] - Send request and verify the response successfully

2019-08-24 13:03:35 - [TEST_STEP][PASSED] - if (M4_total_bonus_spins_int != 0 &amp;&amp; M4_spin_reels_symbols[2].contains("WILD_Expanding")): null

2019-08-24 13:03:35 - [TEST_STEP][PASSED] - free_spin_reel_counter = free_spin_reel_counter: null

2019-08-24 13:03:35 - [TEST_STEP][PASSED] - M4_spin_reels_symbols = M4_spin_reels_symbols: null

2019-08-24 13:03:35 - [TEST_STEP][PASSED] - M4_total_bonus_spins = M4_total_bonus_spins: null

2019-08-24 13:03:35 - [TEST_STEP][PASSED] - spin_result = sendRequestAndVerify(findTestObject("INT/RGS(M4)/1_M4_spin", ["M4_login_user_id":M4_login_user_id, "rgs_session_token":rgs_session_token, "partner":Partner])): Send request and verify the response successfully

2019-08-24 13:03:36 - [MESSAGE][INFO] - HAR: /Users/eiralee/Katalon_Script/SuperWild/Reports/20190824_125957/INT/superWild_5/20190824_125957/requests/main/67.har

2019-08-24 13:03:36 - [TEST_CASE][PASSED] - Start Test Case : Verification: Verification accomplished successfully

2019-08-24 13:03:36 - [TEST_STEP][PASSED] - request = getInstance().getCurrentRequest(): null

2019-08-24 13:03:36 - [TEST_STEP][PASSED] - response = getInstance().getCurrentResponse(): null

2019-08-24 13:03:36 - [TEST_STEP][PASSED] - verifyResponseStatusCode(response, 200): Verify response status code successfully

2019-08-24 13:03:36 - [MESSAGE][PASSED] - Verify response status code successfully

2019-08-24 13:03:36 - [TEST_STEP][PASSED] - getStatusCode()).isEqualTo(200): null

2019-08-24 13:03:36 - [TEST_STEP][PASSED] - newline = System.getProperty("line.separator"): null

2019-08-24 13:03:36 - [TEST_STEP][PASSED] - M4_spin = new groovy.json.JsonSlurper(): null

2019-08-24 13:03:36 - [TEST_STEP][PASSED] - result_M4_spin = M4_spin.parseText(response.getResponseBodyContent()): null

2019-08-24 13:03:36 - [TEST_STEP][PASSED] - M4_spin_current_balance = current_balance: null

2019-08-24 13:03:36 - [TEST_STEP][PASSED] - M4_spin_current_balance = M4_spin_current_balance: null

2019-08-24 13:03:36 - [TEST_STEP][PASSED] - M4_spin_transaction_id = causality: null

2019-08-24 13:03:36 - [TEST_STEP][PASSED] - M4_spin_transaction_id = M4_spin_transaction_id: null

2019-08-24 13:03:36 - [TEST_STEP][PASSED] - M4_spin_round_id = round_id: null

2019-08-24 13:03:36 - [TEST_STEP][PASSED] - M4_spin_round_id = M4_spin_round_id: null

2019-08-24 13:03:36 - [TEST_STEP][PASSED] - M4_spin_line_wins = line_wins: null

2019-08-24 13:03:36 - [TEST_STEP][PASSED] - M4_spin_line_wins = M4_spin_line_wins: null

2019-08-24 13:03:36 - [TEST_STEP][PASSED] - M4_total_bonus_spins_int = total_bonus_spins: null

2019-08-24 13:03:36 - [TEST_STEP][PASSED] - println("******M4_total_bonus_spins type is:*******" + newline + getClass().getName()): null

2019-08-24 13:03:36 - [TEST_STEP][PASSED] - M4_total_bonus_spins_int = M4_total_bonus_spins_int: null

2019-08-24 13:03:36 - [TEST_STEP][PASSED] - M4_total_bonus_spins = Integer.toString(M4_total_bonus_spins_int): null

2019-08-24 13:03:36 - [TEST_STEP][PASSED] - M4_total_bonus_spins = M4_total_bonus_spins: null

2019-08-24 13:03:36 - [TEST_STEP][PASSED] - println("M4_total_bonus_spins is:" + M4_total_bonus_spins): null

2019-08-24 13:03:36 - [TEST_STEP][PASSED] - M4_spin_bonus_data = bonus_data: null

2019-08-24 13:03:36 - [TEST_STEP][PASSED] - M4_spin_features_triggered = result_M4_spin: null

2019-08-24 13:03:36 - [TEST_STEP][PASSED] - wild = []: null

2019-08-24 13:03:36 - [TEST_STEP][PASSED] - wild[0] = "WILD_Expanding": null

2019-08-24 13:03:36 - [TEST_STEP][PASSED] - wild[1] = "WILD_Normal": null

2019-08-24 13:03:36 - [TEST_STEP][PASSED] - wild[2] = "WILD_Double": null

2019-08-24 13:03:36 - [TEST_STEP][PASSED] - wild[3] = "WILD_ExtraFG": null

2019-08-24 13:03:36 - [TEST_STEP][PASSED] - wild[4] = "WILD_Triple": null

2019-08-24 13:03:36 - [TEST_STEP][PASSED] - wildList = Arrays.asList(wild): null

2019-08-24 13:03:36 - [TEST_STEP][PASSED] - wildList = wildList: null

2019-08-24 13:03:36 - [TEST_STEP][PASSED] - free_spin_reel_counter = []: null

2019-08-24 13:03:36 - [TEST_STEP][PASSED] - free_spin_reel_counter[0] = 0: null

2019-08-24 13:03:36 - [TEST_STEP][PASSED] - free_spin_reel_counter[1] = 0: null

2019-08-24 13:03:36 - [TEST_STEP][PASSED] - free_spin_reel_counter[2] = 0: null

2019-08-24 13:03:36 - [TEST_STEP][PASSED] - M4_spin_reels = reels: null

2019-08-24 13:03:36 - [TEST_STEP][PASSED] - for ([i = 0, i &lt; M4_spin_reels.size(), (i++)]): null

2019-08-24 13:03:36 - [TEST_STEP][PASSED] - symbols = symbols: null

2019-08-24 13:03:36 - [TEST_STEP][PASSED] - for ([j = 0, j &lt; symbols.size(), (j++)]): null

2019-08-24 13:03:36 - [TEST_STEP][PASSED] - symbol = symbol: null

2019-08-24 13:03:36 - [TEST_STEP][PASSED] - println(symbol): null

2019-08-24 13:03:36 - [TEST_STEP][PASSED] - if (i == 2 &amp;&amp; wildList.indexOf(symbol) != -1): null

2019-08-24 13:03:36 - [TEST_STEP][PASSED] - if (i == 3 &amp;&amp; wildList.indexOf(symbol) != -1): null

2019-08-24 13:03:36 - [TEST_STEP][PASSED] - if (i == 4 &amp;&amp; wildList.indexOf(symbol) != -1): null

2019-08-24 13:03:36 - [TEST_STEP][PASSED] - symbol = symbol: null

2019-08-24 13:03:36 - [TEST_STEP][PASSED] - println(symbol): null

2019-08-24 13:03:36 - [TEST_STEP][PASSED] - if (i == 2 &amp;&amp; wildList.indexOf(symbol) != -1): null

2019-08-24 13:03:36 - [TEST_STEP][PASSED] - if (i == 3 &amp;&amp; wildList.indexOf(symbol) != -1): null

2019-08-24 13:03:36 - [TEST_STEP][PASSED] - if (i == 4 &amp;&amp; wildList.indexOf(symbol) != -1): null

2019-08-24 13:03:36 - [TEST_STEP][PASSED] - symbol = symbol: null

2019-08-24 13:03:36 - [TEST_STEP][PASSED] - println(symbol): null

2019-08-24 13:03:36 - [TEST_STEP][PASSED] - if (i == 2 &amp;&amp; wildList.indexOf(symbol) != -1): null

2019-08-24 13:03:36 - [TEST_STEP][PASSED] - if (i == 3 &amp;&amp; wildList.indexOf(symbol) != -1): null

2019-08-24 13:03:36 - [TEST_STEP][PASSED] - if (i == 4 &amp;&amp; wildList.indexOf(symbol) != -1): null

2019-08-24 13:03:36 - [TEST_STEP][PASSED] - symbols = symbols: null

2019-08-24 13:03:36 - [TEST_STEP][PASSED] - for ([j = 0, j &lt; symbols.size(), (j++)]): null

2019-08-24 13:03:36 - [TEST_STEP][PASSED] - symbol = symbol: null

2019-08-24 13:03:36 - [TEST_STEP][PASSED] - println(symbol): null

2019-08-24 13:03:36 - [TEST_STEP][PASSED] - if (i == 2 &amp;&amp; wildList.indexOf(symbol) != -1): null

2019-08-24 13:03:36 - [TEST_STEP][PASSED] - if (i == 3 &amp;&amp; wildList.indexOf(symbol) != -1): null

2019-08-24 13:03:36 - [TEST_STEP][PASSED] - if (i == 4 &amp;&amp; wildList.indexOf(symbol) != -1): null

2019-08-24 13:03:36 - [TEST_STEP][PASSED] - symbol = symbol: null

2019-08-24 13:03:36 - [TEST_STEP][PASSED] - println(symbol): null

2019-08-24 13:03:36 - [TEST_STEP][PASSED] - if (i == 2 &amp;&amp; wildList.indexOf(symbol) != -1): null

2019-08-24 13:03:36 - [TEST_STEP][PASSED] - if (i == 3 &amp;&amp; wildList.indexOf(symbol) != -1): null

2019-08-24 13:03:36 - [TEST_STEP][PASSED] - if (i == 4 &amp;&amp; wildList.indexOf(symbol) != -1): null

2019-08-24 13:03:36 - [TEST_STEP][PASSED] - symbol = symbol: null

2019-08-24 13:03:36 - [TEST_STEP][PASSED] - println(symbol): null

2019-08-24 13:03:36 - [TEST_STEP][PASSED] - if (i == 2 &amp;&amp; wildList.indexOf(symbol) != -1): null

2019-08-24 13:03:36 - [TEST_STEP][PASSED] - if (i == 3 &amp;&amp; wildList.indexOf(symbol) != -1): null

2019-08-24 13:03:36 - [TEST_STEP][PASSED] - if (i == 4 &amp;&amp; wildList.indexOf(symbol) != -1): null

2019-08-24 13:03:36 - [TEST_STEP][PASSED] - symbols = symbols: null

2019-08-24 13:03:36 - [TEST_STEP][PASSED] - for ([j = 0, j &lt; symbols.size(), (j++)]): null

2019-08-24 13:03:36 - [TEST_STEP][PASSED] - symbol = symbol: null

2019-08-24 13:03:36 - [TEST_STEP][PASSED] - println(symbol): null

2019-08-24 13:03:36 - [TEST_STEP][PASSED] - if (i == 2 &amp;&amp; wildList.indexOf(symbol) != -1): null

2019-08-24 13:03:36 - [TEST_STEP][PASSED] - if (i == 3 &amp;&amp; wildList.indexOf(symbol) != -1): null

2019-08-24 13:03:36 - [TEST_STEP][PASSED] - if (i == 4 &amp;&amp; wildList.indexOf(symbol) != -1): null

2019-08-24 13:03:36 - [TEST_STEP][PASSED] - symbol = symbol: null

2019-08-24 13:03:36 - [TEST_STEP][PASSED] - println(symbol): null

2019-08-24 13:03:36 - [TEST_STEP][PASSED] - if (i == 2 &amp;&amp; wildList.indexOf(symbol) != -1): null

2019-08-24 13:03:36 - [TEST_STEP][PASSED] - println("wild found on reel 3, adding counter by 1"): null

2019-08-24 13:03:36 - [TEST_STEP][PASSED] - free_spin_reel_counter[0] = free_spin_reel_counter[0] + 1: null

2019-08-24 13:03:36 - [TEST_STEP][PASSED] - if (i == 3 &amp;&amp; wildList.indexOf(symbol) != -1): null

2019-08-24 13:03:36 - [TEST_STEP][PASSED] - if (i == 4 &amp;&amp; wildList.indexOf(symbol) != -1): null

2019-08-24 13:03:36 - [TEST_STEP][PASSED] - symbol = symbol: null

2019-08-24 13:03:36 - [TEST_STEP][PASSED] - println(symbol): null

2019-08-24 13:03:36 - [TEST_STEP][PASSED] - if (i == 2 &amp;&amp; wildList.indexOf(symbol) != -1): null

2019-08-24 13:03:36 - [TEST_STEP][PASSED] - if (i == 3 &amp;&amp; wildList.indexOf(symbol) != -1): null

2019-08-24 13:03:36 - [TEST_STEP][PASSED] - if (i == 4 &amp;&amp; wildList.indexOf(symbol) != -1): null

2019-08-24 13:03:36 - [TEST_STEP][PASSED] - symbols = symbols: null

2019-08-24 13:03:36 - [TEST_STEP][PASSED] - for ([j = 0, j &lt; symbols.size(), (j++)]): null

2019-08-24 13:03:36 - [TEST_STEP][PASSED] - symbol = symbol: null

2019-08-24 13:03:36 - [TEST_STEP][PASSED] - println(symbol): null

2019-08-24 13:03:36 - [TEST_STEP][PASSED] - if (i == 2 &amp;&amp; wildList.indexOf(symbol) != -1): null

2019-08-24 13:03:36 - [TEST_STEP][PASSED] - if (i == 3 &amp;&amp; wildList.indexOf(symbol) != -1): null

2019-08-24 13:03:36 - [TEST_STEP][PASSED] - println("wild found on reel 4, adding counter by 1"): null

2019-08-24 13:03:36 - [TEST_STEP][PASSED] - free_spin_reel_counter[1] = free_spin_reel_counter[1] + 1: null

2019-08-24 13:03:36 - [TEST_STEP][PASSED] - if (i == 4 &amp;&amp; wildList.indexOf(symbol) != -1): null

2019-08-24 13:03:36 - [TEST_STEP][PASSED] - symbol = symbol: null

2019-08-24 13:03:36 - [TEST_STEP][PASSED] - println(symbol): null

2019-08-24 13:03:36 - [TEST_STEP][PASSED] - if (i == 2 &amp;&amp; wildList.indexOf(symbol) != -1): null

2019-08-24 13:03:36 - [TEST_STEP][PASSED] - if (i == 3 &amp;&amp; wildList.indexOf(symbol) != -1): null

2019-08-24 13:03:36 - [TEST_STEP][PASSED] - if (i == 4 &amp;&amp; wildList.indexOf(symbol) != -1): null

2019-08-24 13:03:36 - [TEST_STEP][PASSED] - symbol = symbol: null

2019-08-24 13:03:36 - [TEST_STEP][PASSED] - println(symbol): null

2019-08-24 13:03:36 - [TEST_STEP][PASSED] - if (i == 2 &amp;&amp; wildList.indexOf(symbol) != -1): null

2019-08-24 13:03:36 - [TEST_STEP][PASSED] - if (i == 3 &amp;&amp; wildList.indexOf(symbol) != -1): null

2019-08-24 13:03:36 - [TEST_STEP][PASSED] - if (i == 4 &amp;&amp; wildList.indexOf(symbol) != -1): null

2019-08-24 13:03:36 - [TEST_STEP][PASSED] - symbols = symbols: null

2019-08-24 13:03:36 - [TEST_STEP][PASSED] - for ([j = 0, j &lt; symbols.size(), (j++)]): null

2019-08-24 13:03:36 - [TEST_STEP][PASSED] - symbol = symbol: null

2019-08-24 13:03:36 - [TEST_STEP][PASSED] - println(symbol): null

2019-08-24 13:03:36 - [TEST_STEP][PASSED] - if (i == 2 &amp;&amp; wildList.indexOf(symbol) != -1): null

2019-08-24 13:03:36 - [TEST_STEP][PASSED] - if (i == 3 &amp;&amp; wildList.indexOf(symbol) != -1): null

2019-08-24 13:03:36 - [TEST_STEP][PASSED] - if (i == 4 &amp;&amp; wildList.indexOf(symbol) != -1): null

2019-08-24 13:03:36 - [TEST_STEP][PASSED] - symbol = symbol: null

2019-08-24 13:03:36 - [TEST_STEP][PASSED] - println(symbol): null

2019-08-24 13:03:36 - [TEST_STEP][PASSED] - if (i == 2 &amp;&amp; wildList.indexOf(symbol) != -1): null

2019-08-24 13:03:36 - [TEST_STEP][PASSED] - if (i == 3 &amp;&amp; wildList.indexOf(symbol) != -1): null

2019-08-24 13:03:36 - [TEST_STEP][PASSED] - if (i == 4 &amp;&amp; wildList.indexOf(symbol) != -1): null

2019-08-24 13:03:36 - [TEST_STEP][PASSED] - symbol = symbol: null

2019-08-24 13:03:36 - [TEST_STEP][PASSED] - println(symbol): null

2019-08-24 13:03:36 - [TEST_STEP][PASSED] - if (i == 2 &amp;&amp; wildList.indexOf(symbol) != -1): null

2019-08-24 13:03:36 - [TEST_STEP][PASSED] - if (i == 3 &amp;&amp; wildList.indexOf(symbol) != -1): null

2019-08-24 13:03:36 - [TEST_STEP][PASSED] - if (i == 4 &amp;&amp; wildList.indexOf(symbol) != -1): null

2019-08-24 13:03:36 - [TEST_STEP][PASSED] - println("wild found on reel 5, adding counter by 1"): null

2019-08-24 13:03:36 - [TEST_STEP][PASSED] - free_spin_reel_counter[2] = free_spin_reel_counter[2] + 1: null

2019-08-24 13:03:36 - [TEST_STEP][PASSED] - free_spin_reel_counter = free_spin_reel_counter: null

2019-08-24 13:03:36 - [TEST_STEP][PASSED] - println("reel 3 wild found: " + free_spin_reel_counter[0]): null

2019-08-24 13:03:36 - [TEST_STEP][PASSED] - println("reel 4 wild found: " + free_spin_reel_counter[1]): null

2019-08-24 13:03:36 - [TEST_STEP][PASSED] - println("reel 5 wild found: " + free_spin_reel_counter[2]): null

2019-08-24 13:03:36 - [TEST_STEP][PASSED] - M4_spin_reels = M4_spin_reels: null

2019-08-24 13:03:36 - [TEST_STEP][PASSED] - M4_spin_reels_symbols = symbol: null

2019-08-24 13:03:36 - [TEST_STEP][PASSED] - M4_spin_reels_symbols = M4_spin_reels_symbols: null

2019-08-24 13:03:36 - [TEST_STEP][PASSED] - M4_spin_reel_wins = reel_wins: null

2019-08-24 13:03:36 - [TEST_STEP][PASSED] - M4_spin_reel_wins = M4_spin_reel_wins: null

2019-08-24 13:03:36 - [TEST_STEP][PASSED] - println("GlobalVariable.M4_spin_reel_wins is: " + M4_spin_reel_wins): null

2019-08-24 13:03:36 - [TEST_STEP][PASSED] - M4_spin_total_bonus_win_this_round = total_bonus_win_this_round: null

2019-08-24 13:03:36 - [TEST_STEP][PASSED] - M4_spin_total_bonus_win_this_round = M4_spin_total_bonus_win_this_round: null

2019-08-24 13:03:36 - [TEST_STEP][PASSED] - println("GlobalVariable.M4_spin_total_bonus_win_this_round is: " + M4_spin_total_bonus_win_this_round): null

2019-08-24 13:03:36 - [TEST_STEP][PASSED] - M4_spin_bonus_spin_result = spin_result: null

2019-08-24 13:03:36 - [TEST_STEP][PASSED] - M4_spin_bonus_spin_result = M4_spin_bonus_spin_result: null

2019-08-24 13:03:36 - [MESSAGE][PASSED] - Verify response successfully

2019-08-24 13:03:36 - [MESSAGE][PASSED] - Send request and verify the response successfully

2019-08-24 13:03:36 - [TEST_STEP][PASSED] - if (M4_total_bonus_spins_int != 0 &amp;&amp; M4_spin_reels_symbols[2].contains("WILD_Expanding")): null

2019-08-24 13:03:36 - [TEST_STEP][PASSED] - free_spin_reel_counter = free_spin_reel_counter: null

2019-08-24 13:03:36 - [TEST_STEP][PASSED] - M4_spin_reels_symbols = M4_spin_reels_symbols: null

2019-08-24 13:03:36 - [TEST_STEP][PASSED] - M4_total_bonus_spins = M4_total_bonus_spins: null

2019-08-24 13:03:36 - [TEST_STEP][PASSED] - spin_result = sendRequestAndVerify(findTestObject("INT/RGS(M4)/1_M4_spin", ["M4_login_user_id":M4_login_user_id, "rgs_session_token":rgs_session_token, "partner":Partner])): Send request and verify the response successfully

2019-08-24 13:03:36 - [MESSAGE][INFO] - HAR: /Users/eiralee/Katalon_Script/SuperWild/Reports/20190824_125957/INT/superWild_5/20190824_125957/requests/main/68.har

2019-08-24 13:03:37 - [TEST_CASE][PASSED] - Start Test Case : Verification: Verification accomplished successfully

2019-08-24 13:03:37 - [TEST_STEP][PASSED] - request = getInstance().getCurrentRequest(): null

2019-08-24 13:03:37 - [TEST_STEP][PASSED] - response = getInstance().getCurrentResponse(): null

2019-08-24 13:03:37 - [TEST_STEP][PASSED] - verifyResponseStatusCode(response, 200): Verify response status code successfully

2019-08-24 13:03:37 - [MESSAGE][PASSED] - Verify response status code successfully

2019-08-24 13:03:37 - [TEST_STEP][PASSED] - getStatusCode()).isEqualTo(200): null

2019-08-24 13:03:37 - [TEST_STEP][PASSED] - newline = System.getProperty("line.separator"): null

2019-08-24 13:03:37 - [TEST_STEP][PASSED] - M4_spin = new groovy.json.JsonSlurper(): null

2019-08-24 13:03:37 - [TEST_STEP][PASSED] - result_M4_spin = M4_spin.parseText(response.getResponseBodyContent()): null

2019-08-24 13:03:37 - [TEST_STEP][PASSED] - M4_spin_current_balance = current_balance: null

2019-08-24 13:03:37 - [TEST_STEP][PASSED] - M4_spin_current_balance = M4_spin_current_balance: null

2019-08-24 13:03:37 - [TEST_STEP][PASSED] - M4_spin_transaction_id = causality: null

2019-08-24 13:03:37 - [TEST_STEP][PASSED] - M4_spin_transaction_id = M4_spin_transaction_id: null

2019-08-24 13:03:37 - [TEST_STEP][PASSED] - M4_spin_round_id = round_id: null

2019-08-24 13:03:37 - [TEST_STEP][PASSED] - M4_spin_round_id = M4_spin_round_id: null

2019-08-24 13:03:37 - [TEST_STEP][PASSED] - M4_spin_line_wins = line_wins: null

2019-08-24 13:03:37 - [TEST_STEP][PASSED] - M4_spin_line_wins = M4_spin_line_wins: null

2019-08-24 13:03:37 - [TEST_STEP][PASSED] - M4_total_bonus_spins_int = total_bonus_spins: null

2019-08-24 13:03:37 - [TEST_STEP][PASSED] - println("******M4_total_bonus_spins type is:*******" + newline + getClass().getName()): null

2019-08-24 13:03:37 - [TEST_STEP][PASSED] - M4_total_bonus_spins_int = M4_total_bonus_spins_int: null

2019-08-24 13:03:37 - [TEST_STEP][PASSED] - M4_total_bonus_spins = Integer.toString(M4_total_bonus_spins_int): null

2019-08-24 13:03:37 - [TEST_STEP][PASSED] - M4_total_bonus_spins = M4_total_bonus_spins: null

2019-08-24 13:03:37 - [TEST_STEP][PASSED] - println("M4_total_bonus_spins is:" + M4_total_bonus_spins): null

2019-08-24 13:03:37 - [TEST_STEP][PASSED] - M4_spin_bonus_data = bonus_data: null

2019-08-24 13:03:37 - [TEST_STEP][PASSED] - M4_spin_features_triggered = result_M4_spin: null

2019-08-24 13:03:37 - [TEST_STEP][PASSED] - wild = []: null

2019-08-24 13:03:37 - [TEST_STEP][PASSED] - wild[0] = "WILD_Expanding": null

2019-08-24 13:03:37 - [TEST_STEP][PASSED] - wild[1] = "WILD_Normal": null

2019-08-24 13:03:37 - [TEST_STEP][PASSED] - wild[2] = "WILD_Double": null

2019-08-24 13:03:37 - [TEST_STEP][PASSED] - wild[3] = "WILD_ExtraFG": null

2019-08-24 13:03:37 - [TEST_STEP][PASSED] - wild[4] = "WILD_Triple": null

2019-08-24 13:03:37 - [TEST_STEP][PASSED] - wildList = Arrays.asList(wild): null

2019-08-24 13:03:37 - [TEST_STEP][PASSED] - wildList = wildList: null

2019-08-24 13:03:37 - [TEST_STEP][PASSED] - free_spin_reel_counter = []: null

2019-08-24 13:03:37 - [TEST_STEP][PASSED] - free_spin_reel_counter[0] = 0: null

2019-08-24 13:03:37 - [TEST_STEP][PASSED] - free_spin_reel_counter[1] = 0: null

2019-08-24 13:03:37 - [TEST_STEP][PASSED] - free_spin_reel_counter[2] = 0: null

2019-08-24 13:03:37 - [TEST_STEP][PASSED] - M4_spin_reels = reels: null

2019-08-24 13:03:37 - [TEST_STEP][PASSED] - for ([i = 0, i &lt; M4_spin_reels.size(), (i++)]): null

2019-08-24 13:03:37 - [TEST_STEP][PASSED] - symbols = symbols: null

2019-08-24 13:03:37 - [TEST_STEP][PASSED] - for ([j = 0, j &lt; symbols.size(), (j++)]): null

2019-08-24 13:03:37 - [TEST_STEP][PASSED] - symbol = symbol: null

2019-08-24 13:03:37 - [TEST_STEP][PASSED] - println(symbol): null

2019-08-24 13:03:37 - [TEST_STEP][PASSED] - if (i == 2 &amp;&amp; wildList.indexOf(symbol) != -1): null

2019-08-24 13:03:37 - [TEST_STEP][PASSED] - if (i == 3 &amp;&amp; wildList.indexOf(symbol) != -1): null

2019-08-24 13:03:37 - [TEST_STEP][PASSED] - if (i == 4 &amp;&amp; wildList.indexOf(symbol) != -1): null

2019-08-24 13:03:37 - [TEST_STEP][PASSED] - symbol = symbol: null

2019-08-24 13:03:37 - [TEST_STEP][PASSED] - println(symbol): null

2019-08-24 13:03:37 - [TEST_STEP][PASSED] - if (i == 2 &amp;&amp; wildList.indexOf(symbol) != -1): null

2019-08-24 13:03:37 - [TEST_STEP][PASSED] - if (i == 3 &amp;&amp; wildList.indexOf(symbol) != -1): null

2019-08-24 13:03:37 - [TEST_STEP][PASSED] - if (i == 4 &amp;&amp; wildList.indexOf(symbol) != -1): null

2019-08-24 13:03:37 - [TEST_STEP][PASSED] - symbol = symbol: null

2019-08-24 13:03:37 - [TEST_STEP][PASSED] - println(symbol): null

2019-08-24 13:03:37 - [TEST_STEP][PASSED] - if (i == 2 &amp;&amp; wildList.indexOf(symbol) != -1): null

2019-08-24 13:03:37 - [TEST_STEP][PASSED] - if (i == 3 &amp;&amp; wildList.indexOf(symbol) != -1): null

2019-08-24 13:03:37 - [TEST_STEP][PASSED] - if (i == 4 &amp;&amp; wildList.indexOf(symbol) != -1): null

2019-08-24 13:03:37 - [TEST_STEP][PASSED] - symbols = symbols: null

2019-08-24 13:03:37 - [TEST_STEP][PASSED] - for ([j = 0, j &lt; symbols.size(), (j++)]): null

2019-08-24 13:03:37 - [TEST_STEP][PASSED] - symbol = symbol: null

2019-08-24 13:03:37 - [TEST_STEP][PASSED] - println(symbol): null

2019-08-24 13:03:37 - [TEST_STEP][PASSED] - if (i == 2 &amp;&amp; wildList.indexOf(symbol) != -1): null

2019-08-24 13:03:37 - [TEST_STEP][PASSED] - if (i == 3 &amp;&amp; wildList.indexOf(symbol) != -1): null

2019-08-24 13:03:37 - [TEST_STEP][PASSED] - if (i == 4 &amp;&amp; wildList.indexOf(symbol) != -1): null

2019-08-24 13:03:37 - [TEST_STEP][PASSED] - symbol = symbol: null

2019-08-24 13:03:37 - [TEST_STEP][PASSED] - println(symbol): null

2019-08-24 13:03:37 - [TEST_STEP][PASSED] - if (i == 2 &amp;&amp; wildList.indexOf(symbol) != -1): null

2019-08-24 13:03:37 - [TEST_STEP][PASSED] - if (i == 3 &amp;&amp; wildList.indexOf(symbol) != -1): null

2019-08-24 13:03:37 - [TEST_STEP][PASSED] - if (i == 4 &amp;&amp; wildList.indexOf(symbol) != -1): null

2019-08-24 13:03:37 - [TEST_STEP][PASSED] - symbol = symbol: null

2019-08-24 13:03:37 - [TEST_STEP][PASSED] - println(symbol): null

2019-08-24 13:03:37 - [TEST_STEP][PASSED] - if (i == 2 &amp;&amp; wildList.indexOf(symbol) != -1): null

2019-08-24 13:03:37 - [TEST_STEP][PASSED] - if (i == 3 &amp;&amp; wildList.indexOf(symbol) != -1): null

2019-08-24 13:03:37 - [TEST_STEP][PASSED] - if (i == 4 &amp;&amp; wildList.indexOf(symbol) != -1): null

2019-08-24 13:03:37 - [TEST_STEP][PASSED] - symbols = symbols: null

2019-08-24 13:03:37 - [TEST_STEP][PASSED] - for ([j = 0, j &lt; symbols.size(), (j++)]): null

2019-08-24 13:03:37 - [TEST_STEP][PASSED] - symbol = symbol: null

2019-08-24 13:03:37 - [TEST_STEP][PASSED] - println(symbol): null

2019-08-24 13:03:37 - [TEST_STEP][PASSED] - if (i == 2 &amp;&amp; wildList.indexOf(symbol) != -1): null

2019-08-24 13:03:37 - [TEST_STEP][PASSED] - if (i == 3 &amp;&amp; wildList.indexOf(symbol) != -1): null

2019-08-24 13:03:37 - [TEST_STEP][PASSED] - if (i == 4 &amp;&amp; wildList.indexOf(symbol) != -1): null

2019-08-24 13:03:37 - [TEST_STEP][PASSED] - symbol = symbol: null

2019-08-24 13:03:37 - [TEST_STEP][PASSED] - println(symbol): null

2019-08-24 13:03:37 - [TEST_STEP][PASSED] - if (i == 2 &amp;&amp; wildList.indexOf(symbol) != -1): null

2019-08-24 13:03:37 - [TEST_STEP][PASSED] - if (i == 3 &amp;&amp; wildList.indexOf(symbol) != -1): null

2019-08-24 13:03:37 - [TEST_STEP][PASSED] - if (i == 4 &amp;&amp; wildList.indexOf(symbol) != -1): null

2019-08-24 13:03:37 - [TEST_STEP][PASSED] - symbol = symbol: null

2019-08-24 13:03:37 - [TEST_STEP][PASSED] - println(symbol): null

2019-08-24 13:03:37 - [TEST_STEP][PASSED] - if (i == 2 &amp;&amp; wildList.indexOf(symbol) != -1): null

2019-08-24 13:03:37 - [TEST_STEP][PASSED] - if (i == 3 &amp;&amp; wildList.indexOf(symbol) != -1): null

2019-08-24 13:03:37 - [TEST_STEP][PASSED] - if (i == 4 &amp;&amp; wildList.indexOf(symbol) != -1): null

2019-08-24 13:03:37 - [TEST_STEP][PASSED] - symbols = symbols: null

2019-08-24 13:03:37 - [TEST_STEP][PASSED] - for ([j = 0, j &lt; symbols.size(), (j++)]): null

2019-08-24 13:03:37 - [TEST_STEP][PASSED] - symbol = symbol: null

2019-08-24 13:03:37 - [TEST_STEP][PASSED] - println(symbol): null

2019-08-24 13:03:37 - [TEST_STEP][PASSED] - if (i == 2 &amp;&amp; wildList.indexOf(symbol) != -1): null

2019-08-24 13:03:37 - [TEST_STEP][PASSED] - if (i == 3 &amp;&amp; wildList.indexOf(symbol) != -1): null

2019-08-24 13:03:37 - [TEST_STEP][PASSED] - if (i == 4 &amp;&amp; wildList.indexOf(symbol) != -1): null

2019-08-24 13:03:37 - [TEST_STEP][PASSED] - symbol = symbol: null

2019-08-24 13:03:37 - [TEST_STEP][PASSED] - println(symbol): null

2019-08-24 13:03:37 - [TEST_STEP][PASSED] - if (i == 2 &amp;&amp; wildList.indexOf(symbol) != -1): null

2019-08-24 13:03:37 - [TEST_STEP][PASSED] - if (i == 3 &amp;&amp; wildList.indexOf(symbol) != -1): null

2019-08-24 13:03:37 - [TEST_STEP][PASSED] - if (i == 4 &amp;&amp; wildList.indexOf(symbol) != -1): null

2019-08-24 13:03:37 - [TEST_STEP][PASSED] - symbol = symbol: null

2019-08-24 13:03:37 - [TEST_STEP][PASSED] - println(symbol): null

2019-08-24 13:03:37 - [TEST_STEP][PASSED] - if (i == 2 &amp;&amp; wildList.indexOf(symbol) != -1): null

2019-08-24 13:03:37 - [TEST_STEP][PASSED] - if (i == 3 &amp;&amp; wildList.indexOf(symbol) != -1): null

2019-08-24 13:03:37 - [TEST_STEP][PASSED] - if (i == 4 &amp;&amp; wildList.indexOf(symbol) != -1): null

2019-08-24 13:03:37 - [TEST_STEP][PASSED] - symbols = symbols: null

2019-08-24 13:03:37 - [TEST_STEP][PASSED] - for ([j = 0, j &lt; symbols.size(), (j++)]): null

2019-08-24 13:03:37 - [TEST_STEP][PASSED] - symbol = symbol: null

2019-08-24 13:03:37 - [TEST_STEP][PASSED] - println(symbol): null

2019-08-24 13:03:37 - [TEST_STEP][PASSED] - if (i == 2 &amp;&amp; wildList.indexOf(symbol) != -1): null

2019-08-24 13:03:37 - [TEST_STEP][PASSED] - if (i == 3 &amp;&amp; wildList.indexOf(symbol) != -1): null

2019-08-24 13:03:37 - [TEST_STEP][PASSED] - if (i == 4 &amp;&amp; wildList.indexOf(symbol) != -1): null

2019-08-24 13:03:37 - [TEST_STEP][PASSED] - println("wild found on reel 5, adding counter by 1"): null

2019-08-24 13:03:37 - [TEST_STEP][PASSED] - free_spin_reel_counter[2] = free_spin_reel_counter[2] + 1: null

2019-08-24 13:03:37 - [TEST_STEP][PASSED] - symbol = symbol: null

2019-08-24 13:03:37 - [TEST_STEP][PASSED] - println(symbol): null

2019-08-24 13:03:37 - [TEST_STEP][PASSED] - if (i == 2 &amp;&amp; wildList.indexOf(symbol) != -1): null

2019-08-24 13:03:37 - [TEST_STEP][PASSED] - if (i == 3 &amp;&amp; wildList.indexOf(symbol) != -1): null

2019-08-24 13:03:37 - [TEST_STEP][PASSED] - if (i == 4 &amp;&amp; wildList.indexOf(symbol) != -1): null

2019-08-24 13:03:37 - [TEST_STEP][PASSED] - symbol = symbol: null

2019-08-24 13:03:37 - [TEST_STEP][PASSED] - println(symbol): null

2019-08-24 13:03:37 - [TEST_STEP][PASSED] - if (i == 2 &amp;&amp; wildList.indexOf(symbol) != -1): null

2019-08-24 13:03:37 - [TEST_STEP][PASSED] - if (i == 3 &amp;&amp; wildList.indexOf(symbol) != -1): null

2019-08-24 13:03:37 - [TEST_STEP][PASSED] - if (i == 4 &amp;&amp; wildList.indexOf(symbol) != -1): null

2019-08-24 13:03:37 - [TEST_STEP][PASSED] - free_spin_reel_counter = free_spin_reel_counter: null

2019-08-24 13:03:37 - [TEST_STEP][PASSED] - println("reel 3 wild found: " + free_spin_reel_counter[0]): null

2019-08-24 13:03:37 - [TEST_STEP][PASSED] - println("reel 4 wild found: " + free_spin_reel_counter[1]): null

2019-08-24 13:03:37 - [TEST_STEP][PASSED] - println("reel 5 wild found: " + free_spin_reel_counter[2]): null

2019-08-24 13:03:37 - [TEST_STEP][PASSED] - M4_spin_reels = M4_spin_reels: null

2019-08-24 13:03:37 - [TEST_STEP][PASSED] - M4_spin_reels_symbols = symbol: null

2019-08-24 13:03:37 - [TEST_STEP][PASSED] - M4_spin_reels_symbols = M4_spin_reels_symbols: null

2019-08-24 13:03:37 - [TEST_STEP][PASSED] - M4_spin_reel_wins = reel_wins: null

2019-08-24 13:03:37 - [TEST_STEP][PASSED] - M4_spin_reel_wins = M4_spin_reel_wins: null

2019-08-24 13:03:37 - [TEST_STEP][PASSED] - println("GlobalVariable.M4_spin_reel_wins is: " + M4_spin_reel_wins): null

2019-08-24 13:03:37 - [TEST_STEP][PASSED] - M4_spin_total_bonus_win_this_round = total_bonus_win_this_round: null

2019-08-24 13:03:37 - [TEST_STEP][PASSED] - M4_spin_total_bonus_win_this_round = M4_spin_total_bonus_win_this_round: null

2019-08-24 13:03:37 - [TEST_STEP][PASSED] - println("GlobalVariable.M4_spin_total_bonus_win_this_round is: " + M4_spin_total_bonus_win_this_round): null

2019-08-24 13:03:37 - [TEST_STEP][PASSED] - M4_spin_bonus_spin_result = spin_result: null

2019-08-24 13:03:37 - [TEST_STEP][PASSED] - M4_spin_bonus_spin_result = M4_spin_bonus_spin_result: null

2019-08-24 13:03:37 - [MESSAGE][PASSED] - Verify response successfully

2019-08-24 13:03:37 - [MESSAGE][PASSED] - Send request and verify the response successfully

2019-08-24 13:03:37 - [TEST_STEP][PASSED] - if (M4_total_bonus_spins_int != 0 &amp;&amp; M4_spin_reels_symbols[2].contains("WILD_Expanding")): null

2019-08-24 13:03:37 - [TEST_STEP][PASSED] - free_spin_reel_counter = free_spin_reel_counter: null

2019-08-24 13:03:37 - [TEST_STEP][PASSED] - M4_spin_reels_symbols = M4_spin_reels_symbols: null

2019-08-24 13:03:37 - [TEST_STEP][PASSED] - M4_total_bonus_spins = M4_total_bonus_spins: null

2019-08-24 13:03:37 - [TEST_STEP][PASSED] - spin_result = sendRequestAndVerify(findTestObject("INT/RGS(M4)/1_M4_spin", ["M4_login_user_id":M4_login_user_id, "rgs_session_token":rgs_session_token, "partner":Partner])): Send request and verify the response successfully

2019-08-24 13:03:37 - [MESSAGE][INFO] - HAR: /Users/eiralee/Katalon_Script/SuperWild/Reports/20190824_125957/INT/superWild_5/20190824_125957/requests/main/69.har

2019-08-24 13:03:37 - [TEST_CASE][PASSED] - Start Test Case : Verification: Verification accomplished successfully

2019-08-24 13:03:37 - [TEST_STEP][PASSED] - request = getInstance().getCurrentRequest(): null

2019-08-24 13:03:37 - [TEST_STEP][PASSED] - response = getInstance().getCurrentResponse(): null

2019-08-24 13:03:37 - [TEST_STEP][PASSED] - verifyResponseStatusCode(response, 200): Verify response status code successfully

2019-08-24 13:03:37 - [MESSAGE][PASSED] - Verify response status code successfully

2019-08-24 13:03:37 - [TEST_STEP][PASSED] - getStatusCode()).isEqualTo(200): null

2019-08-24 13:03:37 - [TEST_STEP][PASSED] - newline = System.getProperty("line.separator"): null

2019-08-24 13:03:37 - [TEST_STEP][PASSED] - M4_spin = new groovy.json.JsonSlurper(): null

2019-08-24 13:03:37 - [TEST_STEP][PASSED] - result_M4_spin = M4_spin.parseText(response.getResponseBodyContent()): null

2019-08-24 13:03:37 - [TEST_STEP][PASSED] - M4_spin_current_balance = current_balance: null

2019-08-24 13:03:37 - [TEST_STEP][PASSED] - M4_spin_current_balance = M4_spin_current_balance: null

2019-08-24 13:03:37 - [TEST_STEP][PASSED] - M4_spin_transaction_id = causality: null

2019-08-24 13:03:37 - [TEST_STEP][PASSED] - M4_spin_transaction_id = M4_spin_transaction_id: null

2019-08-24 13:03:37 - [TEST_STEP][PASSED] - M4_spin_round_id = round_id: null

2019-08-24 13:03:37 - [TEST_STEP][PASSED] - M4_spin_round_id = M4_spin_round_id: null

2019-08-24 13:03:40 - [TEST_STEP][PASSED] - M4_spin_line_wins = line_wins: null

2019-08-24 13:03:40 - [TEST_STEP][PASSED] - M4_spin_line_wins = M4_spin_line_wins: null

2019-08-24 13:03:40 - [TEST_STEP][PASSED] - M4_total_bonus_spins_int = total_bonus_spins: null

2019-08-24 13:03:40 - [TEST_STEP][PASSED] - println("******M4_total_bonus_spins type is:*******" + newline + getClass().getName()): null

2019-08-24 13:03:40 - [TEST_STEP][PASSED] - M4_total_bonus_spins_int = M4_total_bonus_spins_int: null

2019-08-24 13:03:40 - [TEST_STEP][PASSED] - M4_total_bonus_spins = Integer.toString(M4_total_bonus_spins_int): null

2019-08-24 13:03:40 - [TEST_STEP][PASSED] - M4_total_bonus_spins = M4_total_bonus_spins: null

2019-08-24 13:03:40 - [TEST_STEP][PASSED] - println("M4_total_bonus_spins is:" + M4_total_bonus_spins): null

2019-08-24 13:03:40 - [TEST_STEP][PASSED] - M4_spin_bonus_data = bonus_data: null

2019-08-24 13:03:40 - [TEST_STEP][PASSED] - M4_spin_features_triggered = result_M4_spin: null

2019-08-24 13:03:45 - [TEST_STEP][PASSED] - wild = []: null

2019-08-24 13:03:45 - [TEST_STEP][PASSED] - wild[0] = "WILD_Expanding": null

2019-08-24 13:03:45 - [TEST_STEP][PASSED] - wild[1] = "WILD_Normal": null

2019-08-24 13:03:45 - [TEST_STEP][PASSED] - wild[2] = "WILD_Double": null

2019-08-24 13:03:45 - [TEST_STEP][PASSED] - wild[3] = "WILD_ExtraFG": null

2019-08-24 13:03:45 - [TEST_STEP][PASSED] - wild[4] = "WILD_Triple": null

2019-08-24 13:03:51 - [TEST_STEP][PASSED] - wildList = Arrays.asList(wild): null

2019-08-24 13:03:51 - [TEST_STEP][PASSED] - wildList = wildList: null

2019-08-24 13:03:51 - [TEST_STEP][PASSED] - free_spin_reel_counter = []: null

2019-08-24 13:03:51 - [TEST_STEP][PASSED] - free_spin_reel_counter[0] = 0: null

2019-08-24 13:03:51 - [TEST_STEP][PASSED] - free_spin_reel_counter[1] = 0: null

2019-08-24 13:03:51 - [TEST_STEP][PASSED] - free_spin_reel_counter[2] = 0: null

2019-08-24 13:03:51 - [TEST_STEP][PASSED] - M4_spin_reels = reels: null

2019-08-24 13:03:51 - [TEST_STEP][PASSED] - for ([i = 0, i &lt; M4_spin_reels.size(), (i++)]): null

2019-08-24 13:03:51 - [TEST_STEP][PASSED] - symbols = symbols: null

2019-08-24 13:03:51 - [TEST_STEP][PASSED] - for ([j = 0, j &lt; symbols.size(), (j++)]): null

2019-08-24 13:03:51 - [TEST_STEP][PASSED] - symbol = symbol: null

2019-08-24 13:03:51 - [TEST_STEP][PASSED] - println(symbol): null

2019-08-24 13:03:51 - [TEST_STEP][PASSED] - if (i == 2 &amp;&amp; wildList.indexOf(symbol) != -1): null

2019-08-24 13:03:51 - [TEST_STEP][PASSED] - if (i == 3 &amp;&amp; wildList.indexOf(symbol) != -1): null

2019-08-24 13:03:51 - [TEST_STEP][PASSED] - if (i == 4 &amp;&amp; wildList.indexOf(symbol) != -1): null

2019-08-24 13:03:51 - [TEST_STEP][PASSED] - symbol = symbol: null

2019-08-24 13:03:51 - [TEST_STEP][PASSED] - println(symbol): null

2019-08-24 13:03:51 - [TEST_STEP][PASSED] - if (i == 2 &amp;&amp; wildList.indexOf(symbol) != -1): null

2019-08-24 13:03:51 - [TEST_STEP][PASSED] - if (i == 3 &amp;&amp; wildList.indexOf(symbol) != -1): null

2019-08-24 13:03:51 - [TEST_STEP][PASSED] - if (i == 4 &amp;&amp; wildList.indexOf(symbol) != -1): null

2019-08-24 13:03:51 - [TEST_STEP][PASSED] - symbol = symbol: null

2019-08-24 13:03:51 - [TEST_STEP][PASSED] - println(symbol): null

2019-08-24 13:03:51 - [TEST_STEP][PASSED] - if (i == 2 &amp;&amp; wildList.indexOf(symbol) != -1): null

2019-08-24 13:03:51 - [TEST_STEP][PASSED] - if (i == 3 &amp;&amp; wildList.indexOf(symbol) != -1): null

2019-08-24 13:03:51 - [TEST_STEP][PASSED] - if (i == 4 &amp;&amp; wildList.indexOf(symbol) != -1): null

2019-08-24 13:03:51 - [TEST_STEP][PASSED] - symbols = symbols: null

2019-08-24 13:03:51 - [TEST_STEP][PASSED] - for ([j = 0, j &lt; symbols.size(), (j++)]): null

2019-08-24 13:03:51 - [TEST_STEP][PASSED] - symbol = symbol: null

2019-08-24 13:03:51 - [TEST_STEP][PASSED] - println(symbol): null

2019-08-24 13:03:51 - [TEST_STEP][PASSED] - if (i == 2 &amp;&amp; wildList.indexOf(symbol) != -1): null

2019-08-24 13:03:51 - [TEST_STEP][PASSED] - if (i == 3 &amp;&amp; wildList.indexOf(symbol) != -1): null

2019-08-24 13:03:51 - [TEST_STEP][PASSED] - if (i == 4 &amp;&amp; wildList.indexOf(symbol) != -1): null

2019-08-24 13:03:51 - [TEST_STEP][PASSED] - symbol = symbol: null

2019-08-24 13:03:51 - [TEST_STEP][PASSED] - println(symbol): null

2019-08-24 13:03:51 - [TEST_STEP][PASSED] - if (i == 2 &amp;&amp; wildList.indexOf(symbol) != -1): null

2019-08-24 13:03:51 - [TEST_STEP][PASSED] - if (i == 3 &amp;&amp; wildList.indexOf(symbol) != -1): null

2019-08-24 13:03:51 - [TEST_STEP][PASSED] - if (i == 4 &amp;&amp; wildList.indexOf(symbol) != -1): null

2019-08-24 13:03:51 - [TEST_STEP][PASSED] - symbol = symbol: null

2019-08-24 13:03:51 - [TEST_STEP][PASSED] - println(symbol): null

2019-08-24 13:03:51 - [TEST_STEP][PASSED] - if (i == 2 &amp;&amp; wildList.indexOf(symbol) != -1): null

2019-08-24 13:03:51 - [TEST_STEP][PASSED] - if (i == 3 &amp;&amp; wildList.indexOf(symbol) != -1): null

2019-08-24 13:03:51 - [TEST_STEP][PASSED] - if (i == 4 &amp;&amp; wildList.indexOf(symbol) != -1): null

2019-08-24 13:03:51 - [TEST_STEP][PASSED] - symbols = symbols: null

2019-08-24 13:03:51 - [TEST_STEP][PASSED] - for ([j = 0, j &lt; symbols.size(), (j++)]): null

2019-08-24 13:03:51 - [TEST_STEP][PASSED] - symbol = symbol: null

2019-08-24 13:03:51 - [TEST_STEP][PASSED] - println(symbol): null

2019-08-24 13:03:51 - [TEST_STEP][PASSED] - if (i == 2 &amp;&amp; wildList.indexOf(symbol) != -1): null

2019-08-24 13:03:51 - [TEST_STEP][PASSED] - if (i == 3 &amp;&amp; wildList.indexOf(symbol) != -1): null

2019-08-24 13:03:51 - [TEST_STEP][PASSED] - if (i == 4 &amp;&amp; wildList.indexOf(symbol) != -1): null

2019-08-24 13:03:51 - [TEST_STEP][PASSED] - symbol = symbol: null

2019-08-24 13:03:51 - [TEST_STEP][PASSED] - println(symbol): null

2019-08-24 13:03:51 - [TEST_STEP][PASSED] - if (i == 2 &amp;&amp; wildList.indexOf(symbol) != -1): null

2019-08-24 13:03:51 - [TEST_STEP][PASSED] - if (i == 3 &amp;&amp; wildList.indexOf(symbol) != -1): null

2019-08-24 13:03:51 - [TEST_STEP][PASSED] - if (i == 4 &amp;&amp; wildList.indexOf(symbol) != -1): null

2019-08-24 13:03:51 - [TEST_STEP][PASSED] - symbol = symbol: null

2019-08-24 13:03:51 - [TEST_STEP][PASSED] - println(symbol): null

2019-08-24 13:03:51 - [TEST_STEP][PASSED] - if (i == 2 &amp;&amp; wildList.indexOf(symbol) != -1): null

2019-08-24 13:03:51 - [TEST_STEP][PASSED] - if (i == 3 &amp;&amp; wildList.indexOf(symbol) != -1): null

2019-08-24 13:03:51 - [TEST_STEP][PASSED] - if (i == 4 &amp;&amp; wildList.indexOf(symbol) != -1): null

2019-08-24 13:03:51 - [TEST_STEP][PASSED] - symbols = symbols: null

2019-08-24 13:03:51 - [TEST_STEP][PASSED] - for ([j = 0, j &lt; symbols.size(), (j++)]): null

2019-08-24 13:03:51 - [TEST_STEP][PASSED] - symbol = symbol: null

2019-08-24 13:03:51 - [TEST_STEP][PASSED] - println(symbol): null

2019-08-24 13:03:51 - [TEST_STEP][PASSED] - if (i == 2 &amp;&amp; wildList.indexOf(symbol) != -1): null

2019-08-24 13:03:51 - [TEST_STEP][PASSED] - if (i == 3 &amp;&amp; wildList.indexOf(symbol) != -1): null

2019-08-24 13:03:51 - [TEST_STEP][PASSED] - if (i == 4 &amp;&amp; wildList.indexOf(symbol) != -1): null

2019-08-24 13:03:51 - [TEST_STEP][PASSED] - symbol = symbol: null

2019-08-24 13:03:51 - [TEST_STEP][PASSED] - println(symbol): null

2019-08-24 13:03:51 - [TEST_STEP][PASSED] - if (i == 2 &amp;&amp; wildList.indexOf(symbol) != -1): null

2019-08-24 13:03:51 - [TEST_STEP][PASSED] - if (i == 3 &amp;&amp; wildList.indexOf(symbol) != -1): null

2019-08-24 13:03:51 - [TEST_STEP][PASSED] - if (i == 4 &amp;&amp; wildList.indexOf(symbol) != -1): null

2019-08-24 13:03:51 - [TEST_STEP][PASSED] - symbol = symbol: null

2019-08-24 13:03:51 - [TEST_STEP][PASSED] - println(symbol): null

2019-08-24 13:03:51 - [TEST_STEP][PASSED] - if (i == 2 &amp;&amp; wildList.indexOf(symbol) != -1): null

2019-08-24 13:03:51 - [TEST_STEP][PASSED] - if (i == 3 &amp;&amp; wildList.indexOf(symbol) != -1): null

2019-08-24 13:03:51 - [TEST_STEP][PASSED] - println("wild found on reel 4, adding counter by 1"): null

2019-08-24 13:03:51 - [TEST_STEP][PASSED] - free_spin_reel_counter[1] = free_spin_reel_counter[1] + 1: null

2019-08-24 13:03:51 - [TEST_STEP][PASSED] - if (i == 4 &amp;&amp; wildList.indexOf(symbol) != -1): null

2019-08-24 13:03:51 - [TEST_STEP][PASSED] - symbols = symbols: null

2019-08-24 13:03:51 - [TEST_STEP][PASSED] - for ([j = 0, j &lt; symbols.size(), (j++)]): null

2019-08-24 13:03:51 - [TEST_STEP][PASSED] - symbol = symbol: null

2019-08-24 13:03:51 - [TEST_STEP][PASSED] - println(symbol): null

2019-08-24 13:03:51 - [TEST_STEP][PASSED] - if (i == 2 &amp;&amp; wildList.indexOf(symbol) != -1): null

2019-08-24 13:03:51 - [TEST_STEP][PASSED] - if (i == 3 &amp;&amp; wildList.indexOf(symbol) != -1): null

2019-08-24 13:03:51 - [TEST_STEP][PASSED] - if (i == 4 &amp;&amp; wildList.indexOf(symbol) != -1): null

2019-08-24 13:03:51 - [TEST_STEP][PASSED] - symbol = symbol: null

2019-08-24 13:03:51 - [TEST_STEP][PASSED] - println(symbol): null

2019-08-24 13:03:51 - [TEST_STEP][PASSED] - if (i == 2 &amp;&amp; wildList.indexOf(symbol) != -1): null

2019-08-24 13:03:51 - [TEST_STEP][PASSED] - if (i == 3 &amp;&amp; wildList.indexOf(symbol) != -1): null

2019-08-24 13:03:51 - [TEST_STEP][PASSED] - if (i == 4 &amp;&amp; wildList.indexOf(symbol) != -1): null

2019-08-24 13:03:51 - [TEST_STEP][PASSED] - println("wild found on reel 5, adding counter by 1"): null

2019-08-24 13:03:51 - [TEST_STEP][PASSED] - free_spin_reel_counter[2] = free_spin_reel_counter[2] + 1: null

2019-08-24 13:03:51 - [TEST_STEP][PASSED] - symbol = symbol: null

2019-08-24 13:03:51 - [TEST_STEP][PASSED] - println(symbol): null

2019-08-24 13:03:51 - [TEST_STEP][PASSED] - if (i == 2 &amp;&amp; wildList.indexOf(symbol) != -1): null

2019-08-24 13:03:51 - [TEST_STEP][PASSED] - if (i == 3 &amp;&amp; wildList.indexOf(symbol) != -1): null

2019-08-24 13:03:51 - [TEST_STEP][PASSED] - if (i == 4 &amp;&amp; wildList.indexOf(symbol) != -1): null

2019-08-24 13:03:51 - [TEST_STEP][PASSED] - free_spin_reel_counter = free_spin_reel_counter: null

2019-08-24 13:03:51 - [TEST_STEP][PASSED] - println("reel 3 wild found: " + free_spin_reel_counter[0]): null

2019-08-24 13:03:51 - [TEST_STEP][PASSED] - println("reel 4 wild found: " + free_spin_reel_counter[1]): null

2019-08-24 13:03:51 - [TEST_STEP][PASSED] - println("reel 5 wild found: " + free_spin_reel_counter[2]): null

2019-08-24 13:03:51 - [TEST_STEP][PASSED] - M4_spin_reels = M4_spin_reels: null

2019-08-24 13:03:51 - [TEST_STEP][PASSED] - M4_spin_reels_symbols = symbol: null

2019-08-24 13:03:51 - [TEST_STEP][PASSED] - M4_spin_reels_symbols = M4_spin_reels_symbols: null

2019-08-24 13:03:51 - [TEST_STEP][PASSED] - M4_spin_reel_wins = reel_wins: null

2019-08-24 13:03:51 - [TEST_STEP][PASSED] - M4_spin_reel_wins = M4_spin_reel_wins: null

2019-08-24 13:03:51 - [TEST_STEP][PASSED] - println("GlobalVariable.M4_spin_reel_wins is: " + M4_spin_reel_wins): null

2019-08-24 13:03:51 - [TEST_STEP][PASSED] - M4_spin_total_bonus_win_this_round = total_bonus_win_this_round: null

2019-08-24 13:03:51 - [TEST_STEP][PASSED] - M4_spin_total_bonus_win_this_round = M4_spin_total_bonus_win_this_round: null

2019-08-24 13:03:51 - [TEST_STEP][PASSED] - println("GlobalVariable.M4_spin_total_bonus_win_this_round is: " + M4_spin_total_bonus_win_this_round): null

2019-08-24 13:03:51 - [TEST_STEP][PASSED] - M4_spin_bonus_spin_result = spin_result: null

2019-08-24 13:03:51 - [TEST_STEP][PASSED] - M4_spin_bonus_spin_result = M4_spin_bonus_spin_result: null

2019-08-24 13:03:51 - [MESSAGE][PASSED] - Verify response successfully

2019-08-24 13:03:51 - [MESSAGE][PASSED] - Send request and verify the response successfully

2019-08-24 13:03:51 - [TEST_STEP][PASSED] - if (M4_total_bonus_spins_int != 0 &amp;&amp; M4_spin_reels_symbols[2].contains("WILD_Expanding")): null

2019-08-24 13:03:51 - [TEST_STEP][PASSED] - free_spin_reel_counter = free_spin_reel_counter: null

2019-08-24 13:03:51 - [TEST_STEP][PASSED] - M4_spin_reels_symbols = M4_spin_reels_symbols: null

2019-08-24 13:03:51 - [TEST_STEP][PASSED] - M4_total_bonus_spins = M4_total_bonus_spins: null

2019-08-24 13:03:51 - [TEST_STEP][PASSED] - spin_result = sendRequestAndVerify(findTestObject("INT/RGS(M4)/1_M4_spin", ["M4_login_user_id":M4_login_user_id, "rgs_session_token":rgs_session_token, "partner":Partner])): Send request and verify the response successfully

2019-08-24 13:03:51 - [MESSAGE][INFO] - HAR: /Users/eiralee/Katalon_Script/SuperWild/Reports/20190824_125957/INT/superWild_5/20190824_125957/requests/main/70.har

2019-08-24 13:03:51 - [TEST_CASE][PASSED] - Start Test Case : Verification: Verification accomplished successfully

2019-08-24 13:03:51 - [TEST_STEP][PASSED] - request = getInstance().getCurrentRequest(): null

2019-08-24 13:03:52 - [TEST_STEP][PASSED] - response = getInstance().getCurrentResponse(): null

2019-08-24 13:03:52 - [TEST_STEP][PASSED] - verifyResponseStatusCode(response, 200): Verify response status code successfully

2019-08-24 13:03:52 - [MESSAGE][PASSED] - Verify response status code successfully

2019-08-24 13:03:52 - [TEST_STEP][PASSED] - getStatusCode()).isEqualTo(200): null

2019-08-24 13:03:52 - [TEST_STEP][PASSED] - newline = System.getProperty("line.separator"): null

2019-08-24 13:03:52 - [TEST_STEP][PASSED] - M4_spin = new groovy.json.JsonSlurper(): null

2019-08-24 13:03:52 - [TEST_STEP][PASSED] - result_M4_spin = M4_spin.parseText(response.getResponseBodyContent()): null

2019-08-24 13:03:52 - [TEST_STEP][PASSED] - M4_spin_current_balance = current_balance: null

2019-08-24 13:03:52 - [TEST_STEP][PASSED] - M4_spin_current_balance = M4_spin_current_balance: null

2019-08-24 13:03:52 - [TEST_STEP][PASSED] - M4_spin_transaction_id = causality: null

2019-08-24 13:03:52 - [TEST_STEP][PASSED] - M4_spin_transaction_id = M4_spin_transaction_id: null

2019-08-24 13:03:52 - [TEST_STEP][PASSED] - M4_spin_round_id = round_id: null

2019-08-24 13:03:52 - [TEST_STEP][PASSED] - M4_spin_round_id = M4_spin_round_id: null

2019-08-24 13:03:52 - [TEST_STEP][PASSED] - M4_spin_line_wins = line_wins: null

2019-08-24 13:03:52 - [TEST_STEP][PASSED] - M4_spin_line_wins = M4_spin_line_wins: null

2019-08-24 13:03:52 - [TEST_STEP][PASSED] - M4_total_bonus_spins_int = total_bonus_spins: null

2019-08-24 13:03:52 - [TEST_STEP][PASSED] - println("******M4_total_bonus_spins type is:*******" + newline + getClass().getName()): null

2019-08-24 13:03:52 - [TEST_STEP][PASSED] - M4_total_bonus_spins_int = M4_total_bonus_spins_int: null

2019-08-24 13:03:52 - [TEST_STEP][PASSED] - M4_total_bonus_spins = Integer.toString(M4_total_bonus_spins_int): null

2019-08-24 13:03:52 - [TEST_STEP][PASSED] - M4_total_bonus_spins = M4_total_bonus_spins: null

2019-08-24 13:03:52 - [TEST_STEP][PASSED] - println("M4_total_bonus_spins is:" + M4_total_bonus_spins): null

2019-08-24 13:03:52 - [TEST_STEP][PASSED] - M4_spin_bonus_data = bonus_data: null

2019-08-24 13:03:52 - [TEST_STEP][PASSED] - M4_spin_features_triggered = result_M4_spin: null

2019-08-24 13:03:52 - [TEST_STEP][PASSED] - wild = []: null

2019-08-24 13:03:52 - [TEST_STEP][PASSED] - wild[0] = "WILD_Expanding": null

2019-08-24 13:03:52 - [TEST_STEP][PASSED] - wild[1] = "WILD_Normal": null

2019-08-24 13:03:52 - [TEST_STEP][PASSED] - wild[2] = "WILD_Double": null

2019-08-24 13:03:52 - [TEST_STEP][PASSED] - wild[3] = "WILD_ExtraFG": null

2019-08-24 13:03:52 - [TEST_STEP][PASSED] - wild[4] = "WILD_Triple": null

2019-08-24 13:03:52 - [TEST_STEP][PASSED] - wildList = Arrays.asList(wild): null

2019-08-24 13:03:52 - [TEST_STEP][PASSED] - wildList = wildList: null

2019-08-24 13:03:52 - [TEST_STEP][PASSED] - free_spin_reel_counter = []: null

2019-08-24 13:03:52 - [TEST_STEP][PASSED] - free_spin_reel_counter[0] = 0: null

2019-08-24 13:03:52 - [TEST_STEP][PASSED] - free_spin_reel_counter[1] = 0: null

2019-08-24 13:03:52 - [TEST_STEP][PASSED] - free_spin_reel_counter[2] = 0: null

2019-08-24 13:03:52 - [TEST_STEP][PASSED] - M4_spin_reels = reels: null

2019-08-24 13:03:52 - [TEST_STEP][PASSED] - for ([i = 0, i &lt; M4_spin_reels.size(), (i++)]): null

2019-08-24 13:03:52 - [TEST_STEP][PASSED] - symbols = symbols: null

2019-08-24 13:03:52 - [TEST_STEP][PASSED] - for ([j = 0, j &lt; symbols.size(), (j++)]): null

2019-08-24 13:03:52 - [TEST_STEP][PASSED] - symbol = symbol: null

2019-08-24 13:03:52 - [TEST_STEP][PASSED] - println(symbol): null

2019-08-24 13:03:52 - [TEST_STEP][PASSED] - if (i == 2 &amp;&amp; wildList.indexOf(symbol) != -1): null

2019-08-24 13:03:52 - [TEST_STEP][PASSED] - if (i == 3 &amp;&amp; wildList.indexOf(symbol) != -1): null

2019-08-24 13:03:52 - [TEST_STEP][PASSED] - if (i == 4 &amp;&amp; wildList.indexOf(symbol) != -1): null

2019-08-24 13:03:52 - [TEST_STEP][PASSED] - symbol = symbol: null

2019-08-24 13:03:52 - [TEST_STEP][PASSED] - println(symbol): null

2019-08-24 13:03:52 - [TEST_STEP][PASSED] - if (i == 2 &amp;&amp; wildList.indexOf(symbol) != -1): null

2019-08-24 13:03:52 - [TEST_STEP][PASSED] - if (i == 3 &amp;&amp; wildList.indexOf(symbol) != -1): null

2019-08-24 13:03:52 - [TEST_STEP][PASSED] - if (i == 4 &amp;&amp; wildList.indexOf(symbol) != -1): null

2019-08-24 13:03:52 - [TEST_STEP][PASSED] - symbol = symbol: null

2019-08-24 13:03:52 - [TEST_STEP][PASSED] - println(symbol): null

2019-08-24 13:03:52 - [TEST_STEP][PASSED] - if (i == 2 &amp;&amp; wildList.indexOf(symbol) != -1): null

2019-08-24 13:03:52 - [TEST_STEP][PASSED] - if (i == 3 &amp;&amp; wildList.indexOf(symbol) != -1): null

2019-08-24 13:03:52 - [TEST_STEP][PASSED] - if (i == 4 &amp;&amp; wildList.indexOf(symbol) != -1): null

2019-08-24 13:03:52 - [TEST_STEP][PASSED] - symbols = symbols: null

2019-08-24 13:03:52 - [TEST_STEP][PASSED] - for ([j = 0, j &lt; symbols.size(), (j++)]): null

2019-08-24 13:03:52 - [TEST_STEP][PASSED] - symbol = symbol: null

2019-08-24 13:03:52 - [TEST_STEP][PASSED] - println(symbol): null

2019-08-24 13:03:52 - [TEST_STEP][PASSED] - if (i == 2 &amp;&amp; wildList.indexOf(symbol) != -1): null

2019-08-24 13:03:52 - [TEST_STEP][PASSED] - if (i == 3 &amp;&amp; wildList.indexOf(symbol) != -1): null

2019-08-24 13:03:52 - [TEST_STEP][PASSED] - if (i == 4 &amp;&amp; wildList.indexOf(symbol) != -1): null

2019-08-24 13:03:52 - [TEST_STEP][PASSED] - symbol = symbol: null

2019-08-24 13:03:52 - [TEST_STEP][PASSED] - println(symbol): null

2019-08-24 13:03:52 - [TEST_STEP][PASSED] - if (i == 2 &amp;&amp; wildList.indexOf(symbol) != -1): null

2019-08-24 13:03:52 - [TEST_STEP][PASSED] - if (i == 3 &amp;&amp; wildList.indexOf(symbol) != -1): null

2019-08-24 13:03:52 - [TEST_STEP][PASSED] - if (i == 4 &amp;&amp; wildList.indexOf(symbol) != -1): null

2019-08-24 13:03:52 - [TEST_STEP][PASSED] - symbol = symbol: null

2019-08-24 13:03:52 - [TEST_STEP][PASSED] - println(symbol): null

2019-08-24 13:03:52 - [TEST_STEP][PASSED] - if (i == 2 &amp;&amp; wildList.indexOf(symbol) != -1): null

2019-08-24 13:03:52 - [TEST_STEP][PASSED] - if (i == 3 &amp;&amp; wildList.indexOf(symbol) != -1): null

2019-08-24 13:03:52 - [TEST_STEP][PASSED] - if (i == 4 &amp;&amp; wildList.indexOf(symbol) != -1): null

2019-08-24 13:03:52 - [TEST_STEP][PASSED] - symbols = symbols: null

2019-08-24 13:03:52 - [TEST_STEP][PASSED] - for ([j = 0, j &lt; symbols.size(), (j++)]): null

2019-08-24 13:03:52 - [TEST_STEP][PASSED] - symbol = symbol: null

2019-08-24 13:03:52 - [TEST_STEP][PASSED] - println(symbol): null

2019-08-24 13:03:52 - [TEST_STEP][PASSED] - if (i == 2 &amp;&amp; wildList.indexOf(symbol) != -1): null

2019-08-24 13:03:52 - [TEST_STEP][PASSED] - if (i == 3 &amp;&amp; wildList.indexOf(symbol) != -1): null

2019-08-24 13:03:52 - [TEST_STEP][PASSED] - if (i == 4 &amp;&amp; wildList.indexOf(symbol) != -1): null

2019-08-24 13:03:52 - [TEST_STEP][PASSED] - symbol = symbol: null

2019-08-24 13:03:52 - [TEST_STEP][PASSED] - println(symbol): null

2019-08-24 13:03:52 - [TEST_STEP][PASSED] - if (i == 2 &amp;&amp; wildList.indexOf(symbol) != -1): null

2019-08-24 13:03:52 - [TEST_STEP][PASSED] - if (i == 3 &amp;&amp; wildList.indexOf(symbol) != -1): null

2019-08-24 13:03:52 - [TEST_STEP][PASSED] - if (i == 4 &amp;&amp; wildList.indexOf(symbol) != -1): null

2019-08-24 13:03:52 - [TEST_STEP][PASSED] - symbol = symbol: null

2019-08-24 13:03:52 - [TEST_STEP][PASSED] - println(symbol): null

2019-08-24 13:03:52 - [TEST_STEP][PASSED] - if (i == 2 &amp;&amp; wildList.indexOf(symbol) != -1): null

2019-08-24 13:03:52 - [TEST_STEP][PASSED] - if (i == 3 &amp;&amp; wildList.indexOf(symbol) != -1): null

2019-08-24 13:03:52 - [TEST_STEP][PASSED] - if (i == 4 &amp;&amp; wildList.indexOf(symbol) != -1): null

2019-08-24 13:03:52 - [TEST_STEP][PASSED] - symbols = symbols: null

2019-08-24 13:03:52 - [TEST_STEP][PASSED] - for ([j = 0, j &lt; symbols.size(), (j++)]): null

2019-08-24 13:03:52 - [TEST_STEP][PASSED] - symbol = symbol: null

2019-08-24 13:03:52 - [TEST_STEP][PASSED] - println(symbol): null

2019-08-24 13:03:52 - [TEST_STEP][PASSED] - if (i == 2 &amp;&amp; wildList.indexOf(symbol) != -1): null

2019-08-24 13:03:52 - [TEST_STEP][PASSED] - if (i == 3 &amp;&amp; wildList.indexOf(symbol) != -1): null

2019-08-24 13:03:52 - [TEST_STEP][PASSED] - if (i == 4 &amp;&amp; wildList.indexOf(symbol) != -1): null

2019-08-24 13:03:52 - [TEST_STEP][PASSED] - symbol = symbol: null

2019-08-24 13:03:52 - [TEST_STEP][PASSED] - println(symbol): null

2019-08-24 13:03:52 - [TEST_STEP][PASSED] - if (i == 2 &amp;&amp; wildList.indexOf(symbol) != -1): null

2019-08-24 13:03:52 - [TEST_STEP][PASSED] - if (i == 3 &amp;&amp; wildList.indexOf(symbol) != -1): null

2019-08-24 13:03:52 - [TEST_STEP][PASSED] - if (i == 4 &amp;&amp; wildList.indexOf(symbol) != -1): null

2019-08-24 13:03:52 - [TEST_STEP][PASSED] - symbol = symbol: null

2019-08-24 13:03:52 - [TEST_STEP][PASSED] - println(symbol): null

2019-08-24 13:03:52 - [TEST_STEP][PASSED] - if (i == 2 &amp;&amp; wildList.indexOf(symbol) != -1): null

2019-08-24 13:03:52 - [TEST_STEP][PASSED] - if (i == 3 &amp;&amp; wildList.indexOf(symbol) != -1): null

2019-08-24 13:03:52 - [TEST_STEP][PASSED] - if (i == 4 &amp;&amp; wildList.indexOf(symbol) != -1): null

2019-08-24 13:03:52 - [TEST_STEP][PASSED] - symbols = symbols: null

2019-08-24 13:03:52 - [TEST_STEP][PASSED] - for ([j = 0, j &lt; symbols.size(), (j++)]): null

2019-08-24 13:03:52 - [TEST_STEP][PASSED] - symbol = symbol: null

2019-08-24 13:03:52 - [TEST_STEP][PASSED] - println(symbol): null

2019-08-24 13:03:52 - [TEST_STEP][PASSED] - if (i == 2 &amp;&amp; wildList.indexOf(symbol) != -1): null

2019-08-24 13:03:52 - [TEST_STEP][PASSED] - if (i == 3 &amp;&amp; wildList.indexOf(symbol) != -1): null

2019-08-24 13:03:52 - [TEST_STEP][PASSED] - if (i == 4 &amp;&amp; wildList.indexOf(symbol) != -1): null

2019-08-24 13:03:52 - [TEST_STEP][PASSED] - symbol = symbol: null

2019-08-24 13:03:52 - [TEST_STEP][PASSED] - println(symbol): null

2019-08-24 13:03:52 - [TEST_STEP][PASSED] - if (i == 2 &amp;&amp; wildList.indexOf(symbol) != -1): null

2019-08-24 13:03:52 - [TEST_STEP][PASSED] - if (i == 3 &amp;&amp; wildList.indexOf(symbol) != -1): null

2019-08-24 13:03:52 - [TEST_STEP][PASSED] - if (i == 4 &amp;&amp; wildList.indexOf(symbol) != -1): null

2019-08-24 13:03:52 - [TEST_STEP][PASSED] - symbol = symbol: null

2019-08-24 13:03:52 - [TEST_STEP][PASSED] - println(symbol): null

2019-08-24 13:03:52 - [TEST_STEP][PASSED] - if (i == 2 &amp;&amp; wildList.indexOf(symbol) != -1): null

2019-08-24 13:03:52 - [TEST_STEP][PASSED] - if (i == 3 &amp;&amp; wildList.indexOf(symbol) != -1): null

2019-08-24 13:03:52 - [TEST_STEP][PASSED] - if (i == 4 &amp;&amp; wildList.indexOf(symbol) != -1): null

2019-08-24 13:03:52 - [TEST_STEP][PASSED] - free_spin_reel_counter = free_spin_reel_counter: null

2019-08-24 13:03:52 - [TEST_STEP][PASSED] - println("reel 3 wild found: " + free_spin_reel_counter[0]): null

2019-08-24 13:03:52 - [TEST_STEP][PASSED] - println("reel 4 wild found: " + free_spin_reel_counter[1]): null

2019-08-24 13:03:52 - [TEST_STEP][PASSED] - println("reel 5 wild found: " + free_spin_reel_counter[2]): null

2019-08-24 13:03:52 - [TEST_STEP][PASSED] - M4_spin_reels = M4_spin_reels: null

2019-08-24 13:03:52 - [TEST_STEP][PASSED] - M4_spin_reels_symbols = symbol: null

2019-08-24 13:03:52 - [TEST_STEP][PASSED] - M4_spin_reels_symbols = M4_spin_reels_symbols: null

2019-08-24 13:03:52 - [TEST_STEP][PASSED] - M4_spin_reel_wins = reel_wins: null

2019-08-24 13:03:52 - [TEST_STEP][PASSED] - M4_spin_reel_wins = M4_spin_reel_wins: null

2019-08-24 13:03:52 - [TEST_STEP][PASSED] - println("GlobalVariable.M4_spin_reel_wins is: " + M4_spin_reel_wins): null

2019-08-24 13:03:52 - [TEST_STEP][PASSED] - M4_spin_total_bonus_win_this_round = total_bonus_win_this_round: null

2019-08-24 13:03:52 - [TEST_STEP][PASSED] - M4_spin_total_bonus_win_this_round = M4_spin_total_bonus_win_this_round: null

2019-08-24 13:03:52 - [TEST_STEP][PASSED] - println("GlobalVariable.M4_spin_total_bonus_win_this_round is: " + M4_spin_total_bonus_win_this_round): null

2019-08-24 13:03:52 - [TEST_STEP][PASSED] - M4_spin_bonus_spin_result = spin_result: null

2019-08-24 13:03:52 - [TEST_STEP][PASSED] - M4_spin_bonus_spin_result = M4_spin_bonus_spin_result: null

2019-08-24 13:03:52 - [MESSAGE][PASSED] - Verify response successfully

2019-08-24 13:03:52 - [MESSAGE][PASSED] - Send request and verify the response successfully

2019-08-24 13:03:52 - [TEST_STEP][PASSED] - if (M4_total_bonus_spins_int != 0 &amp;&amp; M4_spin_reels_symbols[2].contains("WILD_Expanding")): null

2019-08-24 13:03:52 - [TEST_STEP][PASSED] - free_spin_reel_counter = free_spin_reel_counter: null

2019-08-24 13:03:52 - [TEST_STEP][PASSED] - M4_spin_reels_symbols = M4_spin_reels_symbols: null

2019-08-24 13:03:52 - [TEST_STEP][PASSED] - M4_total_bonus_spins = M4_total_bonus_spins: null

2019-08-24 13:03:52 - [TEST_STEP][PASSED] - spin_result = sendRequestAndVerify(findTestObject("INT/RGS(M4)/1_M4_spin", ["M4_login_user_id":M4_login_user_id, "rgs_session_token":rgs_session_token, "partner":Partner])): Send request and verify the response successfully

2019-08-24 13:03:52 - [MESSAGE][INFO] - HAR: /Users/eiralee/Katalon_Script/SuperWild/Reports/20190824_125957/INT/superWild_5/20190824_125957/requests/main/71.har

2019-08-24 13:03:52 - [TEST_CASE][PASSED] - Start Test Case : Verification: Verification accomplished successfully

2019-08-24 13:03:52 - [TEST_STEP][PASSED] - request = getInstance().getCurrentRequest(): null

2019-08-24 13:03:52 - [TEST_STEP][PASSED] - response = getInstance().getCurrentResponse(): null

2019-08-24 13:03:52 - [TEST_STEP][PASSED] - verifyResponseStatusCode(response, 200): Verify response status code successfully

2019-08-24 13:03:52 - [MESSAGE][PASSED] - Verify response status code successfully

2019-08-24 13:03:52 - [TEST_STEP][PASSED] - getStatusCode()).isEqualTo(200): null

2019-08-24 13:03:52 - [TEST_STEP][PASSED] - newline = System.getProperty("line.separator"): null

2019-08-24 13:03:52 - [TEST_STEP][PASSED] - M4_spin = new groovy.json.JsonSlurper(): null

2019-08-24 13:03:52 - [TEST_STEP][PASSED] - result_M4_spin = M4_spin.parseText(response.getResponseBodyContent()): null

2019-08-24 13:03:52 - [TEST_STEP][PASSED] - M4_spin_current_balance = current_balance: null

2019-08-24 13:03:52 - [TEST_STEP][PASSED] - M4_spin_current_balance = M4_spin_current_balance: null

2019-08-24 13:03:52 - [TEST_STEP][PASSED] - M4_spin_transaction_id = causality: null

2019-08-24 13:03:52 - [TEST_STEP][PASSED] - M4_spin_transaction_id = M4_spin_transaction_id: null

2019-08-24 13:03:52 - [TEST_STEP][PASSED] - M4_spin_round_id = round_id: null

2019-08-24 13:03:52 - [TEST_STEP][PASSED] - M4_spin_round_id = M4_spin_round_id: null

2019-08-24 13:03:52 - [TEST_STEP][PASSED] - M4_spin_line_wins = line_wins: null

2019-08-24 13:03:52 - [TEST_STEP][PASSED] - M4_spin_line_wins = M4_spin_line_wins: null

2019-08-24 13:03:52 - [TEST_STEP][PASSED] - M4_total_bonus_spins_int = total_bonus_spins: null

2019-08-24 13:03:52 - [TEST_STEP][PASSED] - println("******M4_total_bonus_spins type is:*******" + newline + getClass().getName()): null

2019-08-24 13:03:52 - [TEST_STEP][PASSED] - M4_total_bonus_spins_int = M4_total_bonus_spins_int: null

2019-08-24 13:03:52 - [TEST_STEP][PASSED] - M4_total_bonus_spins = Integer.toString(M4_total_bonus_spins_int): null

2019-08-24 13:03:52 - [TEST_STEP][PASSED] - M4_total_bonus_spins = M4_total_bonus_spins: null

2019-08-24 13:03:52 - [TEST_STEP][PASSED] - println("M4_total_bonus_spins is:" + M4_total_bonus_spins): null

2019-08-24 13:03:52 - [TEST_STEP][PASSED] - M4_spin_bonus_data = bonus_data: null

2019-08-24 13:03:52 - [TEST_STEP][PASSED] - M4_spin_features_triggered = result_M4_spin: null

2019-08-24 13:03:52 - [TEST_STEP][PASSED] - wild = []: null

2019-08-24 13:03:52 - [TEST_STEP][PASSED] - wild[0] = "WILD_Expanding": null

2019-08-24 13:03:52 - [TEST_STEP][PASSED] - wild[1] = "WILD_Normal": null

2019-08-24 13:03:52 - [TEST_STEP][PASSED] - wild[2] = "WILD_Double": null

2019-08-24 13:03:52 - [TEST_STEP][PASSED] - wild[3] = "WILD_ExtraFG": null

2019-08-24 13:03:52 - [TEST_STEP][PASSED] - wild[4] = "WILD_Triple": null

2019-08-24 13:03:52 - [TEST_STEP][PASSED] - wildList = Arrays.asList(wild): null

2019-08-24 13:03:52 - [TEST_STEP][PASSED] - wildList = wildList: null

2019-08-24 13:03:52 - [TEST_STEP][PASSED] - free_spin_reel_counter = []: null

2019-08-24 13:03:52 - [TEST_STEP][PASSED] - free_spin_reel_counter[0] = 0: null

2019-08-24 13:03:52 - [TEST_STEP][PASSED] - free_spin_reel_counter[1] = 0: null

2019-08-24 13:03:52 - [TEST_STEP][PASSED] - free_spin_reel_counter[2] = 0: null

2019-08-24 13:03:52 - [TEST_STEP][PASSED] - M4_spin_reels = reels: null

2019-08-24 13:03:52 - [TEST_STEP][PASSED] - for ([i = 0, i &lt; M4_spin_reels.size(), (i++)]): null

2019-08-24 13:03:52 - [TEST_STEP][PASSED] - symbols = symbols: null

2019-08-24 13:03:52 - [TEST_STEP][PASSED] - for ([j = 0, j &lt; symbols.size(), (j++)]): null

2019-08-24 13:03:52 - [TEST_STEP][PASSED] - symbol = symbol: null

2019-08-24 13:03:52 - [TEST_STEP][PASSED] - println(symbol): null

2019-08-24 13:03:52 - [TEST_STEP][PASSED] - if (i == 2 &amp;&amp; wildList.indexOf(symbol) != -1): null

2019-08-24 13:03:52 - [TEST_STEP][PASSED] - if (i == 3 &amp;&amp; wildList.indexOf(symbol) != -1): null

2019-08-24 13:03:52 - [TEST_STEP][PASSED] - if (i == 4 &amp;&amp; wildList.indexOf(symbol) != -1): null

2019-08-24 13:03:52 - [TEST_STEP][PASSED] - symbol = symbol: null

2019-08-24 13:03:52 - [TEST_STEP][PASSED] - println(symbol): null

2019-08-24 13:03:52 - [TEST_STEP][PASSED] - if (i == 2 &amp;&amp; wildList.indexOf(symbol) != -1): null

2019-08-24 13:03:52 - [TEST_STEP][PASSED] - if (i == 3 &amp;&amp; wildList.indexOf(symbol) != -1): null

2019-08-24 13:03:52 - [TEST_STEP][PASSED] - if (i == 4 &amp;&amp; wildList.indexOf(symbol) != -1): null

2019-08-24 13:03:52 - [TEST_STEP][PASSED] - symbol = symbol: null

2019-08-24 13:03:52 - [TEST_STEP][PASSED] - println(symbol): null

2019-08-24 13:03:52 - [TEST_STEP][PASSED] - if (i == 2 &amp;&amp; wildList.indexOf(symbol) != -1): null

2019-08-24 13:03:52 - [TEST_STEP][PASSED] - if (i == 3 &amp;&amp; wildList.indexOf(symbol) != -1): null

2019-08-24 13:03:52 - [TEST_STEP][PASSED] - if (i == 4 &amp;&amp; wildList.indexOf(symbol) != -1): null

2019-08-24 13:03:52 - [TEST_STEP][PASSED] - symbols = symbols: null

2019-08-24 13:03:52 - [TEST_STEP][PASSED] - for ([j = 0, j &lt; symbols.size(), (j++)]): null

2019-08-24 13:03:52 - [TEST_STEP][PASSED] - symbol = symbol: null

2019-08-24 13:03:52 - [TEST_STEP][PASSED] - println(symbol): null

2019-08-24 13:03:52 - [TEST_STEP][PASSED] - if (i == 2 &amp;&amp; wildList.indexOf(symbol) != -1): null

2019-08-24 13:03:52 - [TEST_STEP][PASSED] - if (i == 3 &amp;&amp; wildList.indexOf(symbol) != -1): null

2019-08-24 13:03:52 - [TEST_STEP][PASSED] - if (i == 4 &amp;&amp; wildList.indexOf(symbol) != -1): null

2019-08-24 13:03:52 - [TEST_STEP][PASSED] - symbol = symbol: null

2019-08-24 13:03:52 - [TEST_STEP][PASSED] - println(symbol): null

2019-08-24 13:03:52 - [TEST_STEP][PASSED] - if (i == 2 &amp;&amp; wildList.indexOf(symbol) != -1): null

2019-08-24 13:03:52 - [TEST_STEP][PASSED] - if (i == 3 &amp;&amp; wildList.indexOf(symbol) != -1): null

2019-08-24 13:03:52 - [TEST_STEP][PASSED] - if (i == 4 &amp;&amp; wildList.indexOf(symbol) != -1): null

2019-08-24 13:03:52 - [TEST_STEP][PASSED] - symbol = symbol: null

2019-08-24 13:03:52 - [TEST_STEP][PASSED] - println(symbol): null

2019-08-24 13:03:52 - [TEST_STEP][PASSED] - if (i == 2 &amp;&amp; wildList.indexOf(symbol) != -1): null

2019-08-24 13:03:52 - [TEST_STEP][PASSED] - if (i == 3 &amp;&amp; wildList.indexOf(symbol) != -1): null

2019-08-24 13:03:52 - [TEST_STEP][PASSED] - if (i == 4 &amp;&amp; wildList.indexOf(symbol) != -1): null

2019-08-24 13:03:52 - [TEST_STEP][PASSED] - symbols = symbols: null

2019-08-24 13:03:52 - [TEST_STEP][PASSED] - for ([j = 0, j &lt; symbols.size(), (j++)]): null

2019-08-24 13:03:52 - [TEST_STEP][PASSED] - symbol = symbol: null

2019-08-24 13:03:52 - [TEST_STEP][PASSED] - println(symbol): null

2019-08-24 13:03:52 - [TEST_STEP][PASSED] - if (i == 2 &amp;&amp; wildList.indexOf(symbol) != -1): null

2019-08-24 13:03:52 - [TEST_STEP][PASSED] - if (i == 3 &amp;&amp; wildList.indexOf(symbol) != -1): null

2019-08-24 13:03:52 - [TEST_STEP][PASSED] - if (i == 4 &amp;&amp; wildList.indexOf(symbol) != -1): null

2019-08-24 13:03:52 - [TEST_STEP][PASSED] - symbol = symbol: null

2019-08-24 13:03:52 - [TEST_STEP][PASSED] - println(symbol): null

2019-08-24 13:03:52 - [TEST_STEP][PASSED] - if (i == 2 &amp;&amp; wildList.indexOf(symbol) != -1): null

2019-08-24 13:03:52 - [TEST_STEP][PASSED] - println("wild found on reel 3, adding counter by 1"): null

2019-08-24 13:03:52 - [TEST_STEP][PASSED] - free_spin_reel_counter[0] = free_spin_reel_counter[0] + 1: null

2019-08-24 13:03:52 - [TEST_STEP][PASSED] - if (i == 3 &amp;&amp; wildList.indexOf(symbol) != -1): null

2019-08-24 13:03:52 - [TEST_STEP][PASSED] - if (i == 4 &amp;&amp; wildList.indexOf(symbol) != -1): null

2019-08-24 13:03:52 - [TEST_STEP][PASSED] - symbol = symbol: null

2019-08-24 13:03:52 - [TEST_STEP][PASSED] - println(symbol): null

2019-08-24 13:03:52 - [TEST_STEP][PASSED] - if (i == 2 &amp;&amp; wildList.indexOf(symbol) != -1): null

2019-08-24 13:03:52 - [TEST_STEP][PASSED] - if (i == 3 &amp;&amp; wildList.indexOf(symbol) != -1): null

2019-08-24 13:03:52 - [TEST_STEP][PASSED] - if (i == 4 &amp;&amp; wildList.indexOf(symbol) != -1): null

2019-08-24 13:03:52 - [TEST_STEP][PASSED] - symbols = symbols: null

2019-08-24 13:03:52 - [TEST_STEP][PASSED] - for ([j = 0, j &lt; symbols.size(), (j++)]): null

2019-08-24 13:03:52 - [TEST_STEP][PASSED] - symbol = symbol: null

2019-08-24 13:03:52 - [TEST_STEP][PASSED] - println(symbol): null

2019-08-24 13:03:52 - [TEST_STEP][PASSED] - if (i == 2 &amp;&amp; wildList.indexOf(symbol) != -1): null

2019-08-24 13:03:52 - [TEST_STEP][PASSED] - if (i == 3 &amp;&amp; wildList.indexOf(symbol) != -1): null

2019-08-24 13:03:52 - [TEST_STEP][PASSED] - if (i == 4 &amp;&amp; wildList.indexOf(symbol) != -1): null

2019-08-24 13:03:52 - [TEST_STEP][PASSED] - symbol = symbol: null

2019-08-24 13:03:52 - [TEST_STEP][PASSED] - println(symbol): null

2019-08-24 13:03:52 - [TEST_STEP][PASSED] - if (i == 2 &amp;&amp; wildList.indexOf(symbol) != -1): null

2019-08-24 13:03:52 - [TEST_STEP][PASSED] - if (i == 3 &amp;&amp; wildList.indexOf(symbol) != -1): null

2019-08-24 13:03:52 - [TEST_STEP][PASSED] - if (i == 4 &amp;&amp; wildList.indexOf(symbol) != -1): null

2019-08-24 13:03:52 - [TEST_STEP][PASSED] - symbol = symbol: null

2019-08-24 13:03:52 - [TEST_STEP][PASSED] - println(symbol): null

2019-08-24 13:03:52 - [TEST_STEP][PASSED] - if (i == 2 &amp;&amp; wildList.indexOf(symbol) != -1): null

2019-08-24 13:03:52 - [TEST_STEP][PASSED] - if (i == 3 &amp;&amp; wildList.indexOf(symbol) != -1): null

2019-08-24 13:03:52 - [TEST_STEP][PASSED] - if (i == 4 &amp;&amp; wildList.indexOf(symbol) != -1): null

2019-08-24 13:03:52 - [TEST_STEP][PASSED] - symbols = symbols: null

2019-08-24 13:03:52 - [TEST_STEP][PASSED] - for ([j = 0, j &lt; symbols.size(), (j++)]): null

2019-08-24 13:03:52 - [TEST_STEP][PASSED] - symbol = symbol: null

2019-08-24 13:03:52 - [TEST_STEP][PASSED] - println(symbol): null

2019-08-24 13:03:52 - [TEST_STEP][PASSED] - if (i == 2 &amp;&amp; wildList.indexOf(symbol) != -1): null

2019-08-24 13:03:52 - [TEST_STEP][PASSED] - if (i == 3 &amp;&amp; wildList.indexOf(symbol) != -1): null

2019-08-24 13:03:52 - [TEST_STEP][PASSED] - if (i == 4 &amp;&amp; wildList.indexOf(symbol) != -1): null

2019-08-24 13:03:52 - [TEST_STEP][PASSED] - symbol = symbol: null

2019-08-24 13:03:52 - [TEST_STEP][PASSED] - println(symbol): null

2019-08-24 13:03:52 - [TEST_STEP][PASSED] - if (i == 2 &amp;&amp; wildList.indexOf(symbol) != -1): null

2019-08-24 13:03:52 - [TEST_STEP][PASSED] - if (i == 3 &amp;&amp; wildList.indexOf(symbol) != -1): null

2019-08-24 13:03:52 - [TEST_STEP][PASSED] - if (i == 4 &amp;&amp; wildList.indexOf(symbol) != -1): null

2019-08-24 13:03:52 - [TEST_STEP][PASSED] - symbol = symbol: null

2019-08-24 13:03:52 - [TEST_STEP][PASSED] - println(symbol): null

2019-08-24 13:03:52 - [TEST_STEP][PASSED] - if (i == 2 &amp;&amp; wildList.indexOf(symbol) != -1): null

2019-08-24 13:03:52 - [TEST_STEP][PASSED] - if (i == 3 &amp;&amp; wildList.indexOf(symbol) != -1): null

2019-08-24 13:03:52 - [TEST_STEP][PASSED] - if (i == 4 &amp;&amp; wildList.indexOf(symbol) != -1): null

2019-08-24 13:03:52 - [TEST_STEP][PASSED] - free_spin_reel_counter = free_spin_reel_counter: null

2019-08-24 13:03:52 - [TEST_STEP][PASSED] - println("reel 3 wild found: " + free_spin_reel_counter[0]): null

2019-08-24 13:03:52 - [TEST_STEP][PASSED] - println("reel 4 wild found: " + free_spin_reel_counter[1]): null

2019-08-24 13:03:52 - [TEST_STEP][PASSED] - println("reel 5 wild found: " + free_spin_reel_counter[2]): null

2019-08-24 13:03:52 - [TEST_STEP][PASSED] - M4_spin_reels = M4_spin_reels: null

2019-08-24 13:03:52 - [TEST_STEP][PASSED] - M4_spin_reels_symbols = symbol: null

2019-08-24 13:03:52 - [TEST_STEP][PASSED] - M4_spin_reels_symbols = M4_spin_reels_symbols: null

2019-08-24 13:03:52 - [TEST_STEP][PASSED] - M4_spin_reel_wins = reel_wins: null

2019-08-24 13:03:52 - [TEST_STEP][PASSED] - M4_spin_reel_wins = M4_spin_reel_wins: null

2019-08-24 13:03:52 - [TEST_STEP][PASSED] - println("GlobalVariable.M4_spin_reel_wins is: " + M4_spin_reel_wins): null

2019-08-24 13:03:52 - [TEST_STEP][PASSED] - M4_spin_total_bonus_win_this_round = total_bonus_win_this_round: null

2019-08-24 13:03:52 - [TEST_STEP][PASSED] - M4_spin_total_bonus_win_this_round = M4_spin_total_bonus_win_this_round: null

2019-08-24 13:03:52 - [TEST_STEP][PASSED] - println("GlobalVariable.M4_spin_total_bonus_win_this_round is: " + M4_spin_total_bonus_win_this_round): null

2019-08-24 13:03:52 - [TEST_STEP][PASSED] - M4_spin_bonus_spin_result = spin_result: null

2019-08-24 13:03:52 - [TEST_STEP][PASSED] - M4_spin_bonus_spin_result = M4_spin_bonus_spin_result: null

2019-08-24 13:03:52 - [MESSAGE][PASSED] - Verify response successfully

2019-08-24 13:03:52 - [MESSAGE][PASSED] - Send request and verify the response successfully

2019-08-24 13:03:52 - [TEST_STEP][PASSED] - if (M4_total_bonus_spins_int != 0 &amp;&amp; M4_spin_reels_symbols[2].contains("WILD_Expanding")): null

2019-08-24 13:03:52 - [TEST_STEP][PASSED] - free_spin_reel_counter = free_spin_reel_counter: null

2019-08-24 13:03:52 - [TEST_STEP][PASSED] - M4_spin_reels_symbols = M4_spin_reels_symbols: null

2019-08-24 13:03:52 - [TEST_STEP][PASSED] - M4_total_bonus_spins = M4_total_bonus_spins: null

2019-08-24 13:03:52 - [TEST_STEP][PASSED] - spin_result = sendRequestAndVerify(findTestObject("INT/RGS(M4)/1_M4_spin", ["M4_login_user_id":M4_login_user_id, "rgs_session_token":rgs_session_token, "partner":Partner])): Send request and verify the response successfully

2019-08-24 13:03:52 - [MESSAGE][INFO] - HAR: /Users/eiralee/Katalon_Script/SuperWild/Reports/20190824_125957/INT/superWild_5/20190824_125957/requests/main/72.har

2019-08-24 13:03:53 - [TEST_CASE][PASSED] - Start Test Case : Verification: Verification accomplished successfully

2019-08-24 13:03:53 - [TEST_STEP][PASSED] - request = getInstance().getCurrentRequest(): null

2019-08-24 13:03:53 - [TEST_STEP][PASSED] - response = getInstance().getCurrentResponse(): null

2019-08-24 13:03:53 - [TEST_STEP][PASSED] - verifyResponseStatusCode(response, 200): Verify response status code successfully

2019-08-24 13:03:53 - [MESSAGE][PASSED] - Verify response status code successfully

2019-08-24 13:03:53 - [TEST_STEP][PASSED] - getStatusCode()).isEqualTo(200): null

2019-08-24 13:03:53 - [TEST_STEP][PASSED] - newline = System.getProperty("line.separator"): null

2019-08-24 13:03:53 - [TEST_STEP][PASSED] - M4_spin = new groovy.json.JsonSlurper(): null

2019-08-24 13:03:53 - [TEST_STEP][PASSED] - result_M4_spin = M4_spin.parseText(response.getResponseBodyContent()): null

2019-08-24 13:03:53 - [TEST_STEP][PASSED] - M4_spin_current_balance = current_balance: null

2019-08-24 13:03:53 - [TEST_STEP][PASSED] - M4_spin_current_balance = M4_spin_current_balance: null

2019-08-24 13:03:53 - [TEST_STEP][PASSED] - M4_spin_transaction_id = causality: null

2019-08-24 13:03:53 - [TEST_STEP][PASSED] - M4_spin_transaction_id = M4_spin_transaction_id: null

2019-08-24 13:03:53 - [TEST_STEP][PASSED] - M4_spin_round_id = round_id: null

2019-08-24 13:03:53 - [TEST_STEP][PASSED] - M4_spin_round_id = M4_spin_round_id: null

2019-08-24 13:03:53 - [TEST_STEP][PASSED] - M4_spin_line_wins = line_wins: null

2019-08-24 13:03:53 - [TEST_STEP][PASSED] - M4_spin_line_wins = M4_spin_line_wins: null

2019-08-24 13:03:53 - [TEST_STEP][PASSED] - M4_total_bonus_spins_int = total_bonus_spins: null

2019-08-24 13:03:53 - [TEST_STEP][PASSED] - println("******M4_total_bonus_spins type is:*******" + newline + getClass().getName()): null

2019-08-24 13:03:53 - [TEST_STEP][PASSED] - M4_total_bonus_spins_int = M4_total_bonus_spins_int: null

2019-08-24 13:03:53 - [TEST_STEP][PASSED] - M4_total_bonus_spins = Integer.toString(M4_total_bonus_spins_int): null

2019-08-24 13:03:53 - [TEST_STEP][PASSED] - M4_total_bonus_spins = M4_total_bonus_spins: null

2019-08-24 13:03:53 - [TEST_STEP][PASSED] - println("M4_total_bonus_spins is:" + M4_total_bonus_spins): null

2019-08-24 13:03:53 - [TEST_STEP][PASSED] - M4_spin_bonus_data = bonus_data: null

2019-08-24 13:03:53 - [TEST_STEP][PASSED] - M4_spin_features_triggered = result_M4_spin: null

2019-08-24 13:03:53 - [TEST_STEP][PASSED] - wild = []: null

2019-08-24 13:03:53 - [TEST_STEP][PASSED] - wild[0] = "WILD_Expanding": null

2019-08-24 13:03:53 - [TEST_STEP][PASSED] - wild[1] = "WILD_Normal": null

2019-08-24 13:03:53 - [TEST_STEP][PASSED] - wild[2] = "WILD_Double": null

2019-08-24 13:03:53 - [TEST_STEP][PASSED] - wild[3] = "WILD_ExtraFG": null

2019-08-24 13:03:53 - [TEST_STEP][PASSED] - wild[4] = "WILD_Triple": null

2019-08-24 13:03:53 - [TEST_STEP][PASSED] - wildList = Arrays.asList(wild): null

2019-08-24 13:03:53 - [TEST_STEP][PASSED] - wildList = wildList: null

2019-08-24 13:03:53 - [TEST_STEP][PASSED] - free_spin_reel_counter = []: null

2019-08-24 13:03:53 - [TEST_STEP][PASSED] - free_spin_reel_counter[0] = 0: null

2019-08-24 13:03:53 - [TEST_STEP][PASSED] - free_spin_reel_counter[1] = 0: null

2019-08-24 13:03:53 - [TEST_STEP][PASSED] - free_spin_reel_counter[2] = 0: null

2019-08-24 13:03:53 - [TEST_STEP][PASSED] - M4_spin_reels = reels: null

2019-08-24 13:03:53 - [TEST_STEP][PASSED] - for ([i = 0, i &lt; M4_spin_reels.size(), (i++)]): null

2019-08-24 13:03:53 - [TEST_STEP][PASSED] - symbols = symbols: null

2019-08-24 13:03:53 - [TEST_STEP][PASSED] - for ([j = 0, j &lt; symbols.size(), (j++)]): null

2019-08-24 13:03:53 - [TEST_STEP][PASSED] - symbol = symbol: null

2019-08-24 13:03:53 - [TEST_STEP][PASSED] - println(symbol): null

2019-08-24 13:03:53 - [TEST_STEP][PASSED] - if (i == 2 &amp;&amp; wildList.indexOf(symbol) != -1): null

2019-08-24 13:03:53 - [TEST_STEP][PASSED] - if (i == 3 &amp;&amp; wildList.indexOf(symbol) != -1): null

2019-08-24 13:03:53 - [TEST_STEP][PASSED] - if (i == 4 &amp;&amp; wildList.indexOf(symbol) != -1): null

2019-08-24 13:03:53 - [TEST_STEP][PASSED] - symbol = symbol: null

2019-08-24 13:03:53 - [TEST_STEP][PASSED] - println(symbol): null

2019-08-24 13:03:53 - [TEST_STEP][PASSED] - if (i == 2 &amp;&amp; wildList.indexOf(symbol) != -1): null

2019-08-24 13:03:53 - [TEST_STEP][PASSED] - if (i == 3 &amp;&amp; wildList.indexOf(symbol) != -1): null

2019-08-24 13:03:53 - [TEST_STEP][PASSED] - if (i == 4 &amp;&amp; wildList.indexOf(symbol) != -1): null

2019-08-24 13:03:53 - [TEST_STEP][PASSED] - symbol = symbol: null

2019-08-24 13:03:53 - [TEST_STEP][PASSED] - println(symbol): null

2019-08-24 13:03:53 - [TEST_STEP][PASSED] - if (i == 2 &amp;&amp; wildList.indexOf(symbol) != -1): null

2019-08-24 13:03:53 - [TEST_STEP][PASSED] - if (i == 3 &amp;&amp; wildList.indexOf(symbol) != -1): null

2019-08-24 13:03:53 - [TEST_STEP][PASSED] - if (i == 4 &amp;&amp; wildList.indexOf(symbol) != -1): null

2019-08-24 13:03:53 - [TEST_STEP][PASSED] - symbols = symbols: null

2019-08-24 13:03:53 - [TEST_STEP][PASSED] - for ([j = 0, j &lt; symbols.size(), (j++)]): null

2019-08-24 13:03:53 - [TEST_STEP][PASSED] - symbol = symbol: null

2019-08-24 13:03:53 - [TEST_STEP][PASSED] - println(symbol): null

2019-08-24 13:03:53 - [TEST_STEP][PASSED] - if (i == 2 &amp;&amp; wildList.indexOf(symbol) != -1): null

2019-08-24 13:03:53 - [TEST_STEP][PASSED] - if (i == 3 &amp;&amp; wildList.indexOf(symbol) != -1): null

2019-08-24 13:03:53 - [TEST_STEP][PASSED] - if (i == 4 &amp;&amp; wildList.indexOf(symbol) != -1): null

2019-08-24 13:03:53 - [TEST_STEP][PASSED] - symbol = symbol: null

2019-08-24 13:03:53 - [TEST_STEP][PASSED] - println(symbol): null

2019-08-24 13:03:53 - [TEST_STEP][PASSED] - if (i == 2 &amp;&amp; wildList.indexOf(symbol) != -1): null

2019-08-24 13:03:53 - [TEST_STEP][PASSED] - if (i == 3 &amp;&amp; wildList.indexOf(symbol) != -1): null

2019-08-24 13:03:53 - [TEST_STEP][PASSED] - if (i == 4 &amp;&amp; wildList.indexOf(symbol) != -1): null

2019-08-24 13:03:53 - [TEST_STEP][PASSED] - symbol = symbol: null

2019-08-24 13:03:53 - [TEST_STEP][PASSED] - println(symbol): null

2019-08-24 13:03:53 - [TEST_STEP][PASSED] - if (i == 2 &amp;&amp; wildList.indexOf(symbol) != -1): null

2019-08-24 13:03:53 - [TEST_STEP][PASSED] - if (i == 3 &amp;&amp; wildList.indexOf(symbol) != -1): null

2019-08-24 13:03:53 - [TEST_STEP][PASSED] - if (i == 4 &amp;&amp; wildList.indexOf(symbol) != -1): null

2019-08-24 13:03:53 - [TEST_STEP][PASSED] - symbols = symbols: null

2019-08-24 13:03:53 - [TEST_STEP][PASSED] - for ([j = 0, j &lt; symbols.size(), (j++)]): null

2019-08-24 13:03:53 - [TEST_STEP][PASSED] - symbol = symbol: null

2019-08-24 13:03:53 - [TEST_STEP][PASSED] - println(symbol): null

2019-08-24 13:03:53 - [TEST_STEP][PASSED] - if (i == 2 &amp;&amp; wildList.indexOf(symbol) != -1): null

2019-08-24 13:03:53 - [TEST_STEP][PASSED] - if (i == 3 &amp;&amp; wildList.indexOf(symbol) != -1): null

2019-08-24 13:03:53 - [TEST_STEP][PASSED] - if (i == 4 &amp;&amp; wildList.indexOf(symbol) != -1): null

2019-08-24 13:03:53 - [TEST_STEP][PASSED] - symbol = symbol: null

2019-08-24 13:03:53 - [TEST_STEP][PASSED] - println(symbol): null

2019-08-24 13:03:53 - [TEST_STEP][PASSED] - if (i == 2 &amp;&amp; wildList.indexOf(symbol) != -1): null

2019-08-24 13:03:53 - [TEST_STEP][PASSED] - if (i == 3 &amp;&amp; wildList.indexOf(symbol) != -1): null

2019-08-24 13:03:53 - [TEST_STEP][PASSED] - if (i == 4 &amp;&amp; wildList.indexOf(symbol) != -1): null

2019-08-24 13:03:53 - [TEST_STEP][PASSED] - symbol = symbol: null

2019-08-24 13:03:53 - [TEST_STEP][PASSED] - println(symbol): null

2019-08-24 13:03:53 - [TEST_STEP][PASSED] - if (i == 2 &amp;&amp; wildList.indexOf(symbol) != -1): null

2019-08-24 13:03:53 - [TEST_STEP][PASSED] - if (i == 3 &amp;&amp; wildList.indexOf(symbol) != -1): null

2019-08-24 13:03:53 - [TEST_STEP][PASSED] - if (i == 4 &amp;&amp; wildList.indexOf(symbol) != -1): null

2019-08-24 13:03:53 - [TEST_STEP][PASSED] - symbols = symbols: null

2019-08-24 13:03:53 - [TEST_STEP][PASSED] - for ([j = 0, j &lt; symbols.size(), (j++)]): null

2019-08-24 13:03:53 - [TEST_STEP][PASSED] - symbol = symbol: null

2019-08-24 13:03:53 - [TEST_STEP][PASSED] - println(symbol): null

2019-08-24 13:03:53 - [TEST_STEP][PASSED] - if (i == 2 &amp;&amp; wildList.indexOf(symbol) != -1): null

2019-08-24 13:03:53 - [TEST_STEP][PASSED] - if (i == 3 &amp;&amp; wildList.indexOf(symbol) != -1): null

2019-08-24 13:03:53 - [TEST_STEP][PASSED] - if (i == 4 &amp;&amp; wildList.indexOf(symbol) != -1): null

2019-08-24 13:03:53 - [TEST_STEP][PASSED] - symbol = symbol: null

2019-08-24 13:03:53 - [TEST_STEP][PASSED] - println(symbol): null

2019-08-24 13:03:53 - [TEST_STEP][PASSED] - if (i == 2 &amp;&amp; wildList.indexOf(symbol) != -1): null

2019-08-24 13:03:53 - [TEST_STEP][PASSED] - if (i == 3 &amp;&amp; wildList.indexOf(symbol) != -1): null

2019-08-24 13:03:53 - [TEST_STEP][PASSED] - if (i == 4 &amp;&amp; wildList.indexOf(symbol) != -1): null

2019-08-24 13:03:53 - [TEST_STEP][PASSED] - symbol = symbol: null

2019-08-24 13:03:53 - [TEST_STEP][PASSED] - println(symbol): null

2019-08-24 13:03:53 - [TEST_STEP][PASSED] - if (i == 2 &amp;&amp; wildList.indexOf(symbol) != -1): null

2019-08-24 13:03:53 - [TEST_STEP][PASSED] - if (i == 3 &amp;&amp; wildList.indexOf(symbol) != -1): null

2019-08-24 13:03:53 - [TEST_STEP][PASSED] - println("wild found on reel 4, adding counter by 1"): null

2019-08-24 13:03:53 - [TEST_STEP][PASSED] - free_spin_reel_counter[1] = free_spin_reel_counter[1] + 1: null

2019-08-24 13:03:53 - [TEST_STEP][PASSED] - if (i == 4 &amp;&amp; wildList.indexOf(symbol) != -1): null

2019-08-24 13:03:53 - [TEST_STEP][PASSED] - symbols = symbols: null

2019-08-24 13:03:53 - [TEST_STEP][PASSED] - for ([j = 0, j &lt; symbols.size(), (j++)]): null

2019-08-24 13:03:53 - [TEST_STEP][PASSED] - symbol = symbol: null

2019-08-24 13:03:53 - [TEST_STEP][PASSED] - println(symbol): null

2019-08-24 13:03:53 - [TEST_STEP][PASSED] - if (i == 2 &amp;&amp; wildList.indexOf(symbol) != -1): null

2019-08-24 13:03:53 - [TEST_STEP][PASSED] - if (i == 3 &amp;&amp; wildList.indexOf(symbol) != -1): null

2019-08-24 13:03:53 - [TEST_STEP][PASSED] - if (i == 4 &amp;&amp; wildList.indexOf(symbol) != -1): null

2019-08-24 13:03:53 - [TEST_STEP][PASSED] - symbol = symbol: null

2019-08-24 13:03:53 - [TEST_STEP][PASSED] - println(symbol): null

2019-08-24 13:03:53 - [TEST_STEP][PASSED] - if (i == 2 &amp;&amp; wildList.indexOf(symbol) != -1): null

2019-08-24 13:03:53 - [TEST_STEP][PASSED] - if (i == 3 &amp;&amp; wildList.indexOf(symbol) != -1): null

2019-08-24 13:03:53 - [TEST_STEP][PASSED] - if (i == 4 &amp;&amp; wildList.indexOf(symbol) != -1): null

2019-08-24 13:03:53 - [TEST_STEP][PASSED] - symbol = symbol: null

2019-08-24 13:03:53 - [TEST_STEP][PASSED] - println(symbol): null

2019-08-24 13:03:53 - [TEST_STEP][PASSED] - if (i == 2 &amp;&amp; wildList.indexOf(symbol) != -1): null

2019-08-24 13:03:53 - [TEST_STEP][PASSED] - if (i == 3 &amp;&amp; wildList.indexOf(symbol) != -1): null

2019-08-24 13:03:53 - [TEST_STEP][PASSED] - if (i == 4 &amp;&amp; wildList.indexOf(symbol) != -1): null

2019-08-24 13:03:53 - [TEST_STEP][PASSED] - free_spin_reel_counter = free_spin_reel_counter: null

2019-08-24 13:03:53 - [TEST_STEP][PASSED] - println("reel 3 wild found: " + free_spin_reel_counter[0]): null

2019-08-24 13:03:53 - [TEST_STEP][PASSED] - println("reel 4 wild found: " + free_spin_reel_counter[1]): null

2019-08-24 13:03:53 - [TEST_STEP][PASSED] - println("reel 5 wild found: " + free_spin_reel_counter[2]): null

2019-08-24 13:03:53 - [TEST_STEP][PASSED] - M4_spin_reels = M4_spin_reels: null

2019-08-24 13:03:53 - [TEST_STEP][PASSED] - M4_spin_reels_symbols = symbol: null

2019-08-24 13:03:53 - [TEST_STEP][PASSED] - M4_spin_reels_symbols = M4_spin_reels_symbols: null

2019-08-24 13:03:53 - [TEST_STEP][PASSED] - M4_spin_reel_wins = reel_wins: null

2019-08-24 13:03:53 - [TEST_STEP][PASSED] - M4_spin_reel_wins = M4_spin_reel_wins: null

2019-08-24 13:03:53 - [TEST_STEP][PASSED] - println("GlobalVariable.M4_spin_reel_wins is: " + M4_spin_reel_wins): null

2019-08-24 13:03:53 - [TEST_STEP][PASSED] - M4_spin_total_bonus_win_this_round = total_bonus_win_this_round: null

2019-08-24 13:03:53 - [TEST_STEP][PASSED] - M4_spin_total_bonus_win_this_round = M4_spin_total_bonus_win_this_round: null

2019-08-24 13:03:53 - [TEST_STEP][PASSED] - println("GlobalVariable.M4_spin_total_bonus_win_this_round is: " + M4_spin_total_bonus_win_this_round): null

2019-08-24 13:03:53 - [TEST_STEP][PASSED] - M4_spin_bonus_spin_result = spin_result: null

2019-08-24 13:03:53 - [TEST_STEP][PASSED] - M4_spin_bonus_spin_result = M4_spin_bonus_spin_result: null

2019-08-24 13:03:53 - [MESSAGE][PASSED] - Verify response successfully

2019-08-24 13:03:53 - [MESSAGE][PASSED] - Send request and verify the response successfully

2019-08-24 13:03:53 - [TEST_STEP][PASSED] - if (M4_total_bonus_spins_int != 0 &amp;&amp; M4_spin_reels_symbols[2].contains("WILD_Expanding")): null

2019-08-24 13:03:53 - [TEST_STEP][PASSED] - free_spin_reel_counter = free_spin_reel_counter: null

2019-08-24 13:03:53 - [TEST_STEP][PASSED] - M4_spin_reels_symbols = M4_spin_reels_symbols: null

2019-08-24 13:03:53 - [TEST_STEP][PASSED] - M4_total_bonus_spins = M4_total_bonus_spins: null

2019-08-24 13:03:53 - [TEST_STEP][PASSED] - spin_result = sendRequestAndVerify(findTestObject("INT/RGS(M4)/1_M4_spin", ["M4_login_user_id":M4_login_user_id, "rgs_session_token":rgs_session_token, "partner":Partner])): Send request and verify the response successfully

2019-08-24 13:03:53 - [MESSAGE][INFO] - HAR: /Users/eiralee/Katalon_Script/SuperWild/Reports/20190824_125957/INT/superWild_5/20190824_125957/requests/main/73.har

2019-08-24 13:03:53 - [TEST_CASE][PASSED] - Start Test Case : Verification: Verification accomplished successfully

2019-08-24 13:03:53 - [TEST_STEP][PASSED] - request = getInstance().getCurrentRequest(): null

2019-08-24 13:03:53 - [TEST_STEP][PASSED] - response = getInstance().getCurrentResponse(): null

2019-08-24 13:03:53 - [TEST_STEP][PASSED] - verifyResponseStatusCode(response, 200): Verify response status code successfully

2019-08-24 13:03:53 - [MESSAGE][PASSED] - Verify response status code successfully

2019-08-24 13:03:53 - [TEST_STEP][PASSED] - getStatusCode()).isEqualTo(200): null

2019-08-24 13:03:53 - [TEST_STEP][PASSED] - newline = System.getProperty("line.separator"): null

2019-08-24 13:03:53 - [TEST_STEP][PASSED] - M4_spin = new groovy.json.JsonSlurper(): null

2019-08-24 13:03:53 - [TEST_STEP][PASSED] - result_M4_spin = M4_spin.parseText(response.getResponseBodyContent()): null

2019-08-24 13:03:53 - [TEST_STEP][PASSED] - M4_spin_current_balance = current_balance: null

2019-08-24 13:03:53 - [TEST_STEP][PASSED] - M4_spin_current_balance = M4_spin_current_balance: null

2019-08-24 13:03:53 - [TEST_STEP][PASSED] - M4_spin_transaction_id = causality: null

2019-08-24 13:03:53 - [TEST_STEP][PASSED] - M4_spin_transaction_id = M4_spin_transaction_id: null

2019-08-24 13:03:53 - [TEST_STEP][PASSED] - M4_spin_round_id = round_id: null

2019-08-24 13:03:53 - [TEST_STEP][PASSED] - M4_spin_round_id = M4_spin_round_id: null

2019-08-24 13:03:53 - [TEST_STEP][PASSED] - M4_spin_line_wins = line_wins: null

2019-08-24 13:03:53 - [TEST_STEP][PASSED] - M4_spin_line_wins = M4_spin_line_wins: null

2019-08-24 13:03:53 - [TEST_STEP][PASSED] - M4_total_bonus_spins_int = total_bonus_spins: null

2019-08-24 13:03:53 - [TEST_STEP][PASSED] - println("******M4_total_bonus_spins type is:*******" + newline + getClass().getName()): null

2019-08-24 13:03:53 - [TEST_STEP][PASSED] - M4_total_bonus_spins_int = M4_total_bonus_spins_int: null

2019-08-24 13:03:53 - [TEST_STEP][PASSED] - M4_total_bonus_spins = Integer.toString(M4_total_bonus_spins_int): null

2019-08-24 13:03:53 - [TEST_STEP][PASSED] - M4_total_bonus_spins = M4_total_bonus_spins: null

2019-08-24 13:03:53 - [TEST_STEP][PASSED] - println("M4_total_bonus_spins is:" + M4_total_bonus_spins): null

2019-08-24 13:03:53 - [TEST_STEP][PASSED] - M4_spin_bonus_data = bonus_data: null

2019-08-24 13:03:53 - [TEST_STEP][PASSED] - M4_spin_features_triggered = result_M4_spin: null

2019-08-24 13:03:53 - [TEST_STEP][PASSED] - wild = []: null

2019-08-24 13:03:53 - [TEST_STEP][PASSED] - wild[0] = "WILD_Expanding": null

2019-08-24 13:03:53 - [TEST_STEP][PASSED] - wild[1] = "WILD_Normal": null

2019-08-24 13:03:53 - [TEST_STEP][PASSED] - wild[2] = "WILD_Double": null

2019-08-24 13:03:53 - [TEST_STEP][PASSED] - wild[3] = "WILD_ExtraFG": null

2019-08-24 13:03:53 - [TEST_STEP][PASSED] - wild[4] = "WILD_Triple": null

2019-08-24 13:03:53 - [TEST_STEP][PASSED] - wildList = Arrays.asList(wild): null

2019-08-24 13:03:53 - [TEST_STEP][PASSED] - wildList = wildList: null

2019-08-24 13:03:53 - [TEST_STEP][PASSED] - free_spin_reel_counter = []: null

2019-08-24 13:03:53 - [TEST_STEP][PASSED] - free_spin_reel_counter[0] = 0: null

2019-08-24 13:03:53 - [TEST_STEP][PASSED] - free_spin_reel_counter[1] = 0: null

2019-08-24 13:03:53 - [TEST_STEP][PASSED] - free_spin_reel_counter[2] = 0: null

2019-08-24 13:03:53 - [TEST_STEP][PASSED] - M4_spin_reels = reels: null

2019-08-24 13:03:53 - [TEST_STEP][PASSED] - for ([i = 0, i &lt; M4_spin_reels.size(), (i++)]): null

2019-08-24 13:03:53 - [TEST_STEP][PASSED] - symbols = symbols: null

2019-08-24 13:03:53 - [TEST_STEP][PASSED] - for ([j = 0, j &lt; symbols.size(), (j++)]): null

2019-08-24 13:03:53 - [TEST_STEP][PASSED] - symbol = symbol: null

2019-08-24 13:03:53 - [TEST_STEP][PASSED] - println(symbol): null

2019-08-24 13:03:53 - [TEST_STEP][PASSED] - if (i == 2 &amp;&amp; wildList.indexOf(symbol) != -1): null

2019-08-24 13:03:53 - [TEST_STEP][PASSED] - if (i == 3 &amp;&amp; wildList.indexOf(symbol) != -1): null

2019-08-24 13:03:53 - [TEST_STEP][PASSED] - if (i == 4 &amp;&amp; wildList.indexOf(symbol) != -1): null

2019-08-24 13:03:53 - [TEST_STEP][PASSED] - symbol = symbol: null

2019-08-24 13:03:53 - [TEST_STEP][PASSED] - println(symbol): null

2019-08-24 13:03:53 - [TEST_STEP][PASSED] - if (i == 2 &amp;&amp; wildList.indexOf(symbol) != -1): null

2019-08-24 13:03:53 - [TEST_STEP][PASSED] - if (i == 3 &amp;&amp; wildList.indexOf(symbol) != -1): null

2019-08-24 13:03:53 - [TEST_STEP][PASSED] - if (i == 4 &amp;&amp; wildList.indexOf(symbol) != -1): null

2019-08-24 13:03:53 - [TEST_STEP][PASSED] - symbol = symbol: null

2019-08-24 13:03:53 - [TEST_STEP][PASSED] - println(symbol): null

2019-08-24 13:03:53 - [TEST_STEP][PASSED] - if (i == 2 &amp;&amp; wildList.indexOf(symbol) != -1): null

2019-08-24 13:03:53 - [TEST_STEP][PASSED] - if (i == 3 &amp;&amp; wildList.indexOf(symbol) != -1): null

2019-08-24 13:03:53 - [TEST_STEP][PASSED] - if (i == 4 &amp;&amp; wildList.indexOf(symbol) != -1): null

2019-08-24 13:03:53 - [TEST_STEP][PASSED] - symbols = symbols: null

2019-08-24 13:03:53 - [TEST_STEP][PASSED] - for ([j = 0, j &lt; symbols.size(), (j++)]): null

2019-08-24 13:03:53 - [TEST_STEP][PASSED] - symbol = symbol: null

2019-08-24 13:03:53 - [TEST_STEP][PASSED] - println(symbol): null

2019-08-24 13:03:53 - [TEST_STEP][PASSED] - if (i == 2 &amp;&amp; wildList.indexOf(symbol) != -1): null

2019-08-24 13:03:53 - [TEST_STEP][PASSED] - if (i == 3 &amp;&amp; wildList.indexOf(symbol) != -1): null

2019-08-24 13:03:53 - [TEST_STEP][PASSED] - if (i == 4 &amp;&amp; wildList.indexOf(symbol) != -1): null

2019-08-24 13:03:53 - [TEST_STEP][PASSED] - symbol = symbol: null

2019-08-24 13:03:53 - [TEST_STEP][PASSED] - println(symbol): null

2019-08-24 13:03:53 - [TEST_STEP][PASSED] - if (i == 2 &amp;&amp; wildList.indexOf(symbol) != -1): null

2019-08-24 13:03:53 - [TEST_STEP][PASSED] - if (i == 3 &amp;&amp; wildList.indexOf(symbol) != -1): null

2019-08-24 13:03:53 - [TEST_STEP][PASSED] - if (i == 4 &amp;&amp; wildList.indexOf(symbol) != -1): null

2019-08-24 13:03:53 - [TEST_STEP][PASSED] - symbol = symbol: null

2019-08-24 13:03:53 - [TEST_STEP][PASSED] - println(symbol): null

2019-08-24 13:03:53 - [TEST_STEP][PASSED] - if (i == 2 &amp;&amp; wildList.indexOf(symbol) != -1): null

2019-08-24 13:03:53 - [TEST_STEP][PASSED] - if (i == 3 &amp;&amp; wildList.indexOf(symbol) != -1): null

2019-08-24 13:03:53 - [TEST_STEP][PASSED] - if (i == 4 &amp;&amp; wildList.indexOf(symbol) != -1): null

2019-08-24 13:03:53 - [TEST_STEP][PASSED] - symbols = symbols: null

2019-08-24 13:03:53 - [TEST_STEP][PASSED] - for ([j = 0, j &lt; symbols.size(), (j++)]): null

2019-08-24 13:03:53 - [TEST_STEP][PASSED] - symbol = symbol: null

2019-08-24 13:03:53 - [TEST_STEP][PASSED] - println(symbol): null

2019-08-24 13:03:53 - [TEST_STEP][PASSED] - if (i == 2 &amp;&amp; wildList.indexOf(symbol) != -1): null

2019-08-24 13:03:53 - [TEST_STEP][PASSED] - if (i == 3 &amp;&amp; wildList.indexOf(symbol) != -1): null

2019-08-24 13:03:53 - [TEST_STEP][PASSED] - if (i == 4 &amp;&amp; wildList.indexOf(symbol) != -1): null

2019-08-24 13:03:53 - [TEST_STEP][PASSED] - symbol = symbol: null

2019-08-24 13:03:53 - [TEST_STEP][PASSED] - println(symbol): null

2019-08-24 13:03:53 - [TEST_STEP][PASSED] - if (i == 2 &amp;&amp; wildList.indexOf(symbol) != -1): null

2019-08-24 13:03:53 - [TEST_STEP][PASSED] - if (i == 3 &amp;&amp; wildList.indexOf(symbol) != -1): null

2019-08-24 13:03:53 - [TEST_STEP][PASSED] - if (i == 4 &amp;&amp; wildList.indexOf(symbol) != -1): null

2019-08-24 13:03:53 - [TEST_STEP][PASSED] - symbol = symbol: null

2019-08-24 13:03:53 - [TEST_STEP][PASSED] - println(symbol): null

2019-08-24 13:03:53 - [TEST_STEP][PASSED] - if (i == 2 &amp;&amp; wildList.indexOf(symbol) != -1): null

2019-08-24 13:03:53 - [TEST_STEP][PASSED] - println("wild found on reel 3, adding counter by 1"): null

2019-08-24 13:04:02 - [TEST_STEP][PASSED] - free_spin_reel_counter[0] = free_spin_reel_counter[0] + 1: null

2019-08-24 13:04:02 - [TEST_STEP][PASSED] - if (i == 3 &amp;&amp; wildList.indexOf(symbol) != -1): null

2019-08-24 13:04:02 - [TEST_STEP][PASSED] - if (i == 4 &amp;&amp; wildList.indexOf(symbol) != -1): null

2019-08-24 13:04:02 - [TEST_STEP][PASSED] - symbols = symbols: null

2019-08-24 13:04:07 - [TEST_STEP][PASSED] - for ([j = 0, j &lt; symbols.size(), (j++)]): null

2019-08-24 13:04:07 - [TEST_STEP][PASSED] - symbol = symbol: null

2019-08-24 13:04:07 - [TEST_STEP][PASSED] - println(symbol): null

2019-08-24 13:04:07 - [TEST_STEP][PASSED] - if (i == 2 &amp;&amp; wildList.indexOf(symbol) != -1): null

2019-08-24 13:04:07 - [TEST_STEP][PASSED] - if (i == 3 &amp;&amp; wildList.indexOf(symbol) != -1): null

2019-08-24 13:04:07 - [TEST_STEP][PASSED] - if (i == 4 &amp;&amp; wildList.indexOf(symbol) != -1): null

2019-08-24 13:04:07 - [TEST_STEP][PASSED] - symbol = symbol: null

2019-08-24 13:04:07 - [TEST_STEP][PASSED] - println(symbol): null

2019-08-24 13:04:07 - [TEST_STEP][PASSED] - if (i == 2 &amp;&amp; wildList.indexOf(symbol) != -1): null

2019-08-24 13:04:07 - [TEST_STEP][PASSED] - if (i == 3 &amp;&amp; wildList.indexOf(symbol) != -1): null

2019-08-24 13:04:07 - [TEST_STEP][PASSED] - if (i == 4 &amp;&amp; wildList.indexOf(symbol) != -1): null

2019-08-24 13:04:07 - [TEST_STEP][PASSED] - symbol = symbol: null

2019-08-24 13:04:07 - [TEST_STEP][PASSED] - println(symbol): null

2019-08-24 13:04:07 - [TEST_STEP][PASSED] - if (i == 2 &amp;&amp; wildList.indexOf(symbol) != -1): null

2019-08-24 13:04:07 - [TEST_STEP][PASSED] - if (i == 3 &amp;&amp; wildList.indexOf(symbol) != -1): null

2019-08-24 13:04:07 - [TEST_STEP][PASSED] - if (i == 4 &amp;&amp; wildList.indexOf(symbol) != -1): null

2019-08-24 13:04:07 - [TEST_STEP][PASSED] - symbols = symbols: null

2019-08-24 13:04:07 - [TEST_STEP][PASSED] - for ([j = 0, j &lt; symbols.size(), (j++)]): null

2019-08-24 13:04:07 - [TEST_STEP][PASSED] - symbol = symbol: null

2019-08-24 13:04:07 - [TEST_STEP][PASSED] - println(symbol): null

2019-08-24 13:04:07 - [TEST_STEP][PASSED] - if (i == 2 &amp;&amp; wildList.indexOf(symbol) != -1): null

2019-08-24 13:04:07 - [TEST_STEP][PASSED] - if (i == 3 &amp;&amp; wildList.indexOf(symbol) != -1): null

2019-08-24 13:04:07 - [TEST_STEP][PASSED] - if (i == 4 &amp;&amp; wildList.indexOf(symbol) != -1): null

2019-08-24 13:04:07 - [TEST_STEP][PASSED] - symbol = symbol: null

2019-08-24 13:04:07 - [TEST_STEP][PASSED] - println(symbol): null

2019-08-24 13:04:07 - [TEST_STEP][PASSED] - if (i == 2 &amp;&amp; wildList.indexOf(symbol) != -1): null

2019-08-24 13:04:07 - [TEST_STEP][PASSED] - if (i == 3 &amp;&amp; wildList.indexOf(symbol) != -1): null

2019-08-24 13:04:07 - [TEST_STEP][PASSED] - if (i == 4 &amp;&amp; wildList.indexOf(symbol) != -1): null

2019-08-24 13:04:07 - [TEST_STEP][PASSED] - symbol = symbol: null

2019-08-24 13:04:07 - [TEST_STEP][PASSED] - println(symbol): null

2019-08-24 13:04:07 - [TEST_STEP][PASSED] - if (i == 2 &amp;&amp; wildList.indexOf(symbol) != -1): null

2019-08-24 13:04:07 - [TEST_STEP][PASSED] - if (i == 3 &amp;&amp; wildList.indexOf(symbol) != -1): null

2019-08-24 13:04:07 - [TEST_STEP][PASSED] - if (i == 4 &amp;&amp; wildList.indexOf(symbol) != -1): null

2019-08-24 13:04:07 - [TEST_STEP][PASSED] - free_spin_reel_counter = free_spin_reel_counter: null

2019-08-24 13:04:07 - [TEST_STEP][PASSED] - println("reel 3 wild found: " + free_spin_reel_counter[0]): null

2019-08-24 13:04:07 - [TEST_STEP][PASSED] - println("reel 4 wild found: " + free_spin_reel_counter[1]): null

2019-08-24 13:04:07 - [TEST_STEP][PASSED] - println("reel 5 wild found: " + free_spin_reel_counter[2]): null

2019-08-24 13:04:07 - [TEST_STEP][PASSED] - M4_spin_reels = M4_spin_reels: null

2019-08-24 13:04:07 - [TEST_STEP][PASSED] - M4_spin_reels_symbols = symbol: null

2019-08-24 13:04:07 - [TEST_STEP][PASSED] - M4_spin_reels_symbols = M4_spin_reels_symbols: null

2019-08-24 13:04:07 - [TEST_STEP][PASSED] - M4_spin_reel_wins = reel_wins: null

2019-08-24 13:04:07 - [TEST_STEP][PASSED] - M4_spin_reel_wins = M4_spin_reel_wins: null

2019-08-24 13:04:07 - [TEST_STEP][PASSED] - println("GlobalVariable.M4_spin_reel_wins is: " + M4_spin_reel_wins): null

2019-08-24 13:04:07 - [TEST_STEP][PASSED] - M4_spin_total_bonus_win_this_round = total_bonus_win_this_round: null

2019-08-24 13:04:07 - [TEST_STEP][PASSED] - M4_spin_total_bonus_win_this_round = M4_spin_total_bonus_win_this_round: null

2019-08-24 13:04:07 - [TEST_STEP][PASSED] - println("GlobalVariable.M4_spin_total_bonus_win_this_round is: " + M4_spin_total_bonus_win_this_round): null

2019-08-24 13:04:07 - [TEST_STEP][PASSED] - M4_spin_bonus_spin_result = spin_result: null

2019-08-24 13:04:07 - [TEST_STEP][PASSED] - M4_spin_bonus_spin_result = M4_spin_bonus_spin_result: null

2019-08-24 13:04:07 - [MESSAGE][PASSED] - Verify response successfully

2019-08-24 13:04:07 - [MESSAGE][PASSED] - Send request and verify the response successfully

2019-08-24 13:04:07 - [TEST_STEP][PASSED] - if (M4_total_bonus_spins_int != 0 &amp;&amp; M4_spin_reels_symbols[2].contains("WILD_Expanding")): null

2019-08-24 13:04:07 - [TEST_STEP][PASSED] - free_spin_reel_counter = free_spin_reel_counter: null

2019-08-24 13:04:07 - [TEST_STEP][PASSED] - M4_spin_reels_symbols = M4_spin_reels_symbols: null

2019-08-24 13:04:07 - [TEST_STEP][PASSED] - M4_total_bonus_spins = M4_total_bonus_spins: null

2019-08-24 13:04:07 - [TEST_STEP][PASSED] - spin_result = sendRequestAndVerify(findTestObject("INT/RGS(M4)/1_M4_spin", ["M4_login_user_id":M4_login_user_id, "rgs_session_token":rgs_session_token, "partner":Partner])): Send request and verify the response successfully

2019-08-24 13:04:08 - [MESSAGE][INFO] - HAR: /Users/eiralee/Katalon_Script/SuperWild/Reports/20190824_125957/INT/superWild_5/20190824_125957/requests/main/74.har

2019-08-24 13:04:08 - [TEST_CASE][PASSED] - Start Test Case : Verification: Verification accomplished successfully

2019-08-24 13:04:08 - [TEST_STEP][PASSED] - request = getInstance().getCurrentRequest(): null

2019-08-24 13:04:08 - [TEST_STEP][PASSED] - response = getInstance().getCurrentResponse(): null

2019-08-24 13:04:08 - [TEST_STEP][PASSED] - verifyResponseStatusCode(response, 200): Verify response status code successfully

2019-08-24 13:04:08 - [MESSAGE][PASSED] - Verify response status code successfully

2019-08-24 13:04:08 - [TEST_STEP][PASSED] - getStatusCode()).isEqualTo(200): null

2019-08-24 13:04:08 - [TEST_STEP][PASSED] - newline = System.getProperty("line.separator"): null

2019-08-24 13:04:08 - [TEST_STEP][PASSED] - M4_spin = new groovy.json.JsonSlurper(): null

2019-08-24 13:04:08 - [TEST_STEP][PASSED] - result_M4_spin = M4_spin.parseText(response.getResponseBodyContent()): null

2019-08-24 13:04:08 - [TEST_STEP][PASSED] - M4_spin_current_balance = current_balance: null

2019-08-24 13:04:08 - [TEST_STEP][PASSED] - M4_spin_current_balance = M4_spin_current_balance: null

2019-08-24 13:04:08 - [TEST_STEP][PASSED] - M4_spin_transaction_id = causality: null

2019-08-24 13:04:08 - [TEST_STEP][PASSED] - M4_spin_transaction_id = M4_spin_transaction_id: null

2019-08-24 13:04:08 - [TEST_STEP][PASSED] - M4_spin_round_id = round_id: null

2019-08-24 13:04:08 - [TEST_STEP][PASSED] - M4_spin_round_id = M4_spin_round_id: null

2019-08-24 13:04:08 - [TEST_STEP][PASSED] - M4_spin_line_wins = line_wins: null

2019-08-24 13:04:08 - [TEST_STEP][PASSED] - M4_spin_line_wins = M4_spin_line_wins: null

2019-08-24 13:04:08 - [TEST_STEP][PASSED] - M4_total_bonus_spins_int = total_bonus_spins: null

2019-08-24 13:04:08 - [TEST_STEP][PASSED] - println("******M4_total_bonus_spins type is:*******" + newline + getClass().getName()): null

2019-08-24 13:04:08 - [TEST_STEP][PASSED] - M4_total_bonus_spins_int = M4_total_bonus_spins_int: null

2019-08-24 13:04:08 - [TEST_STEP][PASSED] - M4_total_bonus_spins = Integer.toString(M4_total_bonus_spins_int): null

2019-08-24 13:04:08 - [TEST_STEP][PASSED] - M4_total_bonus_spins = M4_total_bonus_spins: null

2019-08-24 13:04:08 - [TEST_STEP][PASSED] - println("M4_total_bonus_spins is:" + M4_total_bonus_spins): null

2019-08-24 13:04:08 - [TEST_STEP][PASSED] - M4_spin_bonus_data = bonus_data: null

2019-08-24 13:04:08 - [TEST_STEP][PASSED] - M4_spin_features_triggered = result_M4_spin: null

2019-08-24 13:04:08 - [TEST_STEP][PASSED] - wild = []: null

2019-08-24 13:04:08 - [TEST_STEP][PASSED] - wild[0] = "WILD_Expanding": null

2019-08-24 13:04:08 - [TEST_STEP][PASSED] - wild[1] = "WILD_Normal": null

2019-08-24 13:04:08 - [TEST_STEP][PASSED] - wild[2] = "WILD_Double": null

2019-08-24 13:04:08 - [TEST_STEP][PASSED] - wild[3] = "WILD_ExtraFG": null

2019-08-24 13:04:08 - [TEST_STEP][PASSED] - wild[4] = "WILD_Triple": null

2019-08-24 13:04:08 - [TEST_STEP][PASSED] - wildList = Arrays.asList(wild): null

2019-08-24 13:04:08 - [TEST_STEP][PASSED] - wildList = wildList: null

2019-08-24 13:04:08 - [TEST_STEP][PASSED] - free_spin_reel_counter = []: null

2019-08-24 13:04:08 - [TEST_STEP][PASSED] - free_spin_reel_counter[0] = 0: null

2019-08-24 13:04:08 - [TEST_STEP][PASSED] - free_spin_reel_counter[1] = 0: null

2019-08-24 13:04:08 - [TEST_STEP][PASSED] - free_spin_reel_counter[2] = 0: null

2019-08-24 13:04:08 - [TEST_STEP][PASSED] - M4_spin_reels = reels: null

2019-08-24 13:04:08 - [TEST_STEP][PASSED] - for ([i = 0, i &lt; M4_spin_reels.size(), (i++)]): null

2019-08-24 13:04:08 - [TEST_STEP][PASSED] - symbols = symbols: null

2019-08-24 13:04:08 - [TEST_STEP][PASSED] - for ([j = 0, j &lt; symbols.size(), (j++)]): null

2019-08-24 13:04:08 - [TEST_STEP][PASSED] - symbol = symbol: null

2019-08-24 13:04:08 - [TEST_STEP][PASSED] - println(symbol): null

2019-08-24 13:04:08 - [TEST_STEP][PASSED] - if (i == 2 &amp;&amp; wildList.indexOf(symbol) != -1): null

2019-08-24 13:04:08 - [TEST_STEP][PASSED] - if (i == 3 &amp;&amp; wildList.indexOf(symbol) != -1): null

2019-08-24 13:04:08 - [TEST_STEP][PASSED] - if (i == 4 &amp;&amp; wildList.indexOf(symbol) != -1): null

2019-08-24 13:04:08 - [TEST_STEP][PASSED] - symbol = symbol: null

2019-08-24 13:04:08 - [TEST_STEP][PASSED] - println(symbol): null

2019-08-24 13:04:08 - [TEST_STEP][PASSED] - if (i == 2 &amp;&amp; wildList.indexOf(symbol) != -1): null

2019-08-24 13:04:08 - [TEST_STEP][PASSED] - if (i == 3 &amp;&amp; wildList.indexOf(symbol) != -1): null

2019-08-24 13:04:08 - [TEST_STEP][PASSED] - if (i == 4 &amp;&amp; wildList.indexOf(symbol) != -1): null

2019-08-24 13:04:08 - [TEST_STEP][PASSED] - symbol = symbol: null

2019-08-24 13:04:08 - [TEST_STEP][PASSED] - println(symbol): null

2019-08-24 13:04:08 - [TEST_STEP][PASSED] - if (i == 2 &amp;&amp; wildList.indexOf(symbol) != -1): null

2019-08-24 13:04:08 - [TEST_STEP][PASSED] - if (i == 3 &amp;&amp; wildList.indexOf(symbol) != -1): null

2019-08-24 13:04:08 - [TEST_STEP][PASSED] - if (i == 4 &amp;&amp; wildList.indexOf(symbol) != -1): null

2019-08-24 13:04:08 - [TEST_STEP][PASSED] - symbols = symbols: null

2019-08-24 13:04:08 - [TEST_STEP][PASSED] - for ([j = 0, j &lt; symbols.size(), (j++)]): null

2019-08-24 13:04:08 - [TEST_STEP][PASSED] - symbol = symbol: null

2019-08-24 13:04:08 - [TEST_STEP][PASSED] - println(symbol): null

2019-08-24 13:04:08 - [TEST_STEP][PASSED] - if (i == 2 &amp;&amp; wildList.indexOf(symbol) != -1): null

2019-08-24 13:04:08 - [TEST_STEP][PASSED] - if (i == 3 &amp;&amp; wildList.indexOf(symbol) != -1): null

2019-08-24 13:04:08 - [TEST_STEP][PASSED] - if (i == 4 &amp;&amp; wildList.indexOf(symbol) != -1): null

2019-08-24 13:04:08 - [TEST_STEP][PASSED] - symbol = symbol: null

2019-08-24 13:04:08 - [TEST_STEP][PASSED] - println(symbol): null

2019-08-24 13:04:08 - [TEST_STEP][PASSED] - if (i == 2 &amp;&amp; wildList.indexOf(symbol) != -1): null

2019-08-24 13:04:08 - [TEST_STEP][PASSED] - if (i == 3 &amp;&amp; wildList.indexOf(symbol) != -1): null

2019-08-24 13:04:08 - [TEST_STEP][PASSED] - if (i == 4 &amp;&amp; wildList.indexOf(symbol) != -1): null

2019-08-24 13:04:08 - [TEST_STEP][PASSED] - symbol = symbol: null

2019-08-24 13:04:08 - [TEST_STEP][PASSED] - println(symbol): null

2019-08-24 13:04:08 - [TEST_STEP][PASSED] - if (i == 2 &amp;&amp; wildList.indexOf(symbol) != -1): null

2019-08-24 13:04:08 - [TEST_STEP][PASSED] - if (i == 3 &amp;&amp; wildList.indexOf(symbol) != -1): null

2019-08-24 13:04:08 - [TEST_STEP][PASSED] - if (i == 4 &amp;&amp; wildList.indexOf(symbol) != -1): null

2019-08-24 13:04:08 - [TEST_STEP][PASSED] - symbols = symbols: null

2019-08-24 13:04:08 - [TEST_STEP][PASSED] - for ([j = 0, j &lt; symbols.size(), (j++)]): null

2019-08-24 13:04:08 - [TEST_STEP][PASSED] - symbol = symbol: null

2019-08-24 13:04:08 - [TEST_STEP][PASSED] - println(symbol): null

2019-08-24 13:04:08 - [TEST_STEP][PASSED] - if (i == 2 &amp;&amp; wildList.indexOf(symbol) != -1): null

2019-08-24 13:04:08 - [TEST_STEP][PASSED] - if (i == 3 &amp;&amp; wildList.indexOf(symbol) != -1): null

2019-08-24 13:04:08 - [TEST_STEP][PASSED] - if (i == 4 &amp;&amp; wildList.indexOf(symbol) != -1): null

2019-08-24 13:04:08 - [TEST_STEP][PASSED] - symbol = symbol: null

2019-08-24 13:04:08 - [TEST_STEP][PASSED] - println(symbol): null

2019-08-24 13:04:08 - [TEST_STEP][PASSED] - if (i == 2 &amp;&amp; wildList.indexOf(symbol) != -1): null

2019-08-24 13:04:08 - [TEST_STEP][PASSED] - if (i == 3 &amp;&amp; wildList.indexOf(symbol) != -1): null

2019-08-24 13:04:08 - [TEST_STEP][PASSED] - if (i == 4 &amp;&amp; wildList.indexOf(symbol) != -1): null

2019-08-24 13:04:08 - [TEST_STEP][PASSED] - symbol = symbol: null

2019-08-24 13:04:08 - [TEST_STEP][PASSED] - println(symbol): null

2019-08-24 13:04:08 - [TEST_STEP][PASSED] - if (i == 2 &amp;&amp; wildList.indexOf(symbol) != -1): null

2019-08-24 13:04:08 - [TEST_STEP][PASSED] - if (i == 3 &amp;&amp; wildList.indexOf(symbol) != -1): null

2019-08-24 13:04:08 - [TEST_STEP][PASSED] - if (i == 4 &amp;&amp; wildList.indexOf(symbol) != -1): null

2019-08-24 13:04:08 - [TEST_STEP][PASSED] - symbols = symbols: null

2019-08-24 13:04:08 - [TEST_STEP][PASSED] - for ([j = 0, j &lt; symbols.size(), (j++)]): null

2019-08-24 13:04:08 - [TEST_STEP][PASSED] - symbol = symbol: null

2019-08-24 13:04:08 - [TEST_STEP][PASSED] - println(symbol): null

2019-08-24 13:04:08 - [TEST_STEP][PASSED] - if (i == 2 &amp;&amp; wildList.indexOf(symbol) != -1): null

2019-08-24 13:04:08 - [TEST_STEP][PASSED] - if (i == 3 &amp;&amp; wildList.indexOf(symbol) != -1): null

2019-08-24 13:04:08 - [TEST_STEP][PASSED] - if (i == 4 &amp;&amp; wildList.indexOf(symbol) != -1): null

2019-08-24 13:04:08 - [TEST_STEP][PASSED] - symbol = symbol: null

2019-08-24 13:04:08 - [TEST_STEP][PASSED] - println(symbol): null

2019-08-24 13:04:08 - [TEST_STEP][PASSED] - if (i == 2 &amp;&amp; wildList.indexOf(symbol) != -1): null

2019-08-24 13:04:08 - [TEST_STEP][PASSED] - if (i == 3 &amp;&amp; wildList.indexOf(symbol) != -1): null

2019-08-24 13:04:08 - [TEST_STEP][PASSED] - if (i == 4 &amp;&amp; wildList.indexOf(symbol) != -1): null

2019-08-24 13:04:08 - [TEST_STEP][PASSED] - symbol = symbol: null

2019-08-24 13:04:08 - [TEST_STEP][PASSED] - println(symbol): null

2019-08-24 13:04:08 - [TEST_STEP][PASSED] - if (i == 2 &amp;&amp; wildList.indexOf(symbol) != -1): null

2019-08-24 13:04:08 - [TEST_STEP][PASSED] - if (i == 3 &amp;&amp; wildList.indexOf(symbol) != -1): null

2019-08-24 13:04:08 - [TEST_STEP][PASSED] - if (i == 4 &amp;&amp; wildList.indexOf(symbol) != -1): null

2019-08-24 13:04:08 - [TEST_STEP][PASSED] - symbols = symbols: null

2019-08-24 13:04:08 - [TEST_STEP][PASSED] - for ([j = 0, j &lt; symbols.size(), (j++)]): null

2019-08-24 13:04:08 - [TEST_STEP][PASSED] - symbol = symbol: null

2019-08-24 13:04:08 - [TEST_STEP][PASSED] - println(symbol): null

2019-08-24 13:04:08 - [TEST_STEP][PASSED] - if (i == 2 &amp;&amp; wildList.indexOf(symbol) != -1): null

2019-08-24 13:04:08 - [TEST_STEP][PASSED] - if (i == 3 &amp;&amp; wildList.indexOf(symbol) != -1): null

2019-08-24 13:04:08 - [TEST_STEP][PASSED] - if (i == 4 &amp;&amp; wildList.indexOf(symbol) != -1): null

2019-08-24 13:04:08 - [TEST_STEP][PASSED] - symbol = symbol: null

2019-08-24 13:04:08 - [TEST_STEP][PASSED] - println(symbol): null

2019-08-24 13:04:08 - [TEST_STEP][PASSED] - if (i == 2 &amp;&amp; wildList.indexOf(symbol) != -1): null

2019-08-24 13:04:08 - [TEST_STEP][PASSED] - if (i == 3 &amp;&amp; wildList.indexOf(symbol) != -1): null

2019-08-24 13:04:08 - [TEST_STEP][PASSED] - if (i == 4 &amp;&amp; wildList.indexOf(symbol) != -1): null

2019-08-24 13:04:08 - [TEST_STEP][PASSED] - symbol = symbol: null

2019-08-24 13:04:08 - [TEST_STEP][PASSED] - println(symbol): null

2019-08-24 13:04:08 - [TEST_STEP][PASSED] - if (i == 2 &amp;&amp; wildList.indexOf(symbol) != -1): null

2019-08-24 13:04:08 - [TEST_STEP][PASSED] - if (i == 3 &amp;&amp; wildList.indexOf(symbol) != -1): null

2019-08-24 13:04:08 - [TEST_STEP][PASSED] - if (i == 4 &amp;&amp; wildList.indexOf(symbol) != -1): null

2019-08-24 13:04:08 - [TEST_STEP][PASSED] - free_spin_reel_counter = free_spin_reel_counter: null

2019-08-24 13:04:08 - [TEST_STEP][PASSED] - println("reel 3 wild found: " + free_spin_reel_counter[0]): null

2019-08-24 13:04:08 - [TEST_STEP][PASSED] - println("reel 4 wild found: " + free_spin_reel_counter[1]): null

2019-08-24 13:04:08 - [TEST_STEP][PASSED] - println("reel 5 wild found: " + free_spin_reel_counter[2]): null

2019-08-24 13:04:08 - [TEST_STEP][PASSED] - M4_spin_reels = M4_spin_reels: null

2019-08-24 13:04:08 - [TEST_STEP][PASSED] - M4_spin_reels_symbols = symbol: null

2019-08-24 13:04:08 - [TEST_STEP][PASSED] - M4_spin_reels_symbols = M4_spin_reels_symbols: null

2019-08-24 13:04:08 - [TEST_STEP][PASSED] - M4_spin_reel_wins = reel_wins: null

2019-08-24 13:04:08 - [TEST_STEP][PASSED] - M4_spin_reel_wins = M4_spin_reel_wins: null

2019-08-24 13:04:08 - [TEST_STEP][PASSED] - println("GlobalVariable.M4_spin_reel_wins is: " + M4_spin_reel_wins): null

2019-08-24 13:04:08 - [TEST_STEP][PASSED] - M4_spin_total_bonus_win_this_round = total_bonus_win_this_round: null

2019-08-24 13:04:08 - [TEST_STEP][PASSED] - M4_spin_total_bonus_win_this_round = M4_spin_total_bonus_win_this_round: null

2019-08-24 13:04:08 - [TEST_STEP][PASSED] - println("GlobalVariable.M4_spin_total_bonus_win_this_round is: " + M4_spin_total_bonus_win_this_round): null

2019-08-24 13:04:08 - [TEST_STEP][PASSED] - M4_spin_bonus_spin_result = spin_result: null

2019-08-24 13:04:08 - [TEST_STEP][PASSED] - M4_spin_bonus_spin_result = M4_spin_bonus_spin_result: null

2019-08-24 13:04:08 - [MESSAGE][PASSED] - Verify response successfully

2019-08-24 13:04:08 - [MESSAGE][PASSED] - Send request and verify the response successfully

2019-08-24 13:04:08 - [TEST_STEP][PASSED] - if (M4_total_bonus_spins_int != 0 &amp;&amp; M4_spin_reels_symbols[2].contains("WILD_Expanding")): null

2019-08-24 13:04:08 - [TEST_STEP][PASSED] - free_spin_reel_counter = free_spin_reel_counter: null

2019-08-24 13:04:08 - [TEST_STEP][PASSED] - M4_spin_reels_symbols = M4_spin_reels_symbols: null

2019-08-24 13:04:08 - [TEST_STEP][PASSED] - M4_total_bonus_spins = M4_total_bonus_spins: null

2019-08-24 13:04:08 - [TEST_STEP][PASSED] - spin_result = sendRequestAndVerify(findTestObject("INT/RGS(M4)/1_M4_spin", ["M4_login_user_id":M4_login_user_id, "rgs_session_token":rgs_session_token, "partner":Partner])): Send request and verify the response successfully

2019-08-24 13:04:08 - [MESSAGE][INFO] - HAR: /Users/eiralee/Katalon_Script/SuperWild/Reports/20190824_125957/INT/superWild_5/20190824_125957/requests/main/75.har

2019-08-24 13:04:08 - [TEST_CASE][PASSED] - Start Test Case : Verification: Verification accomplished successfully

2019-08-24 13:04:08 - [TEST_STEP][PASSED] - request = getInstance().getCurrentRequest(): null

2019-08-24 13:04:09 - [TEST_STEP][PASSED] - response = getInstance().getCurrentResponse(): null

2019-08-24 13:04:09 - [TEST_STEP][PASSED] - verifyResponseStatusCode(response, 200): Verify response status code successfully

2019-08-24 13:04:09 - [MESSAGE][PASSED] - Verify response status code successfully

2019-08-24 13:04:09 - [TEST_STEP][PASSED] - getStatusCode()).isEqualTo(200): null

2019-08-24 13:04:09 - [TEST_STEP][PASSED] - newline = System.getProperty("line.separator"): null

2019-08-24 13:04:09 - [TEST_STEP][PASSED] - M4_spin = new groovy.json.JsonSlurper(): null

2019-08-24 13:04:09 - [TEST_STEP][PASSED] - result_M4_spin = M4_spin.parseText(response.getResponseBodyContent()): null

2019-08-24 13:04:09 - [TEST_STEP][PASSED] - M4_spin_current_balance = current_balance: null

2019-08-24 13:04:09 - [TEST_STEP][PASSED] - M4_spin_current_balance = M4_spin_current_balance: null

2019-08-24 13:04:09 - [TEST_STEP][PASSED] - M4_spin_transaction_id = causality: null

2019-08-24 13:04:09 - [TEST_STEP][PASSED] - M4_spin_transaction_id = M4_spin_transaction_id: null

2019-08-24 13:04:09 - [TEST_STEP][PASSED] - M4_spin_round_id = round_id: null

2019-08-24 13:04:09 - [TEST_STEP][PASSED] - M4_spin_round_id = M4_spin_round_id: null

2019-08-24 13:04:09 - [TEST_STEP][PASSED] - M4_spin_line_wins = line_wins: null

2019-08-24 13:04:09 - [TEST_STEP][PASSED] - M4_spin_line_wins = M4_spin_line_wins: null

2019-08-24 13:04:09 - [TEST_STEP][PASSED] - M4_total_bonus_spins_int = total_bonus_spins: null

2019-08-24 13:04:09 - [TEST_STEP][PASSED] - println("******M4_total_bonus_spins type is:*******" + newline + getClass().getName()): null

2019-08-24 13:04:09 - [TEST_STEP][PASSED] - M4_total_bonus_spins_int = M4_total_bonus_spins_int: null

2019-08-24 13:04:09 - [TEST_STEP][PASSED] - M4_total_bonus_spins = Integer.toString(M4_total_bonus_spins_int): null

2019-08-24 13:04:09 - [TEST_STEP][PASSED] - M4_total_bonus_spins = M4_total_bonus_spins: null

2019-08-24 13:04:09 - [TEST_STEP][PASSED] - println("M4_total_bonus_spins is:" + M4_total_bonus_spins): null

2019-08-24 13:04:09 - [TEST_STEP][PASSED] - M4_spin_bonus_data = bonus_data: null

2019-08-24 13:04:09 - [TEST_STEP][PASSED] - M4_spin_features_triggered = result_M4_spin: null

2019-08-24 13:04:09 - [TEST_STEP][PASSED] - wild = []: null

2019-08-24 13:04:09 - [TEST_STEP][PASSED] - wild[0] = "WILD_Expanding": null

2019-08-24 13:04:09 - [TEST_STEP][PASSED] - wild[1] = "WILD_Normal": null

2019-08-24 13:04:09 - [TEST_STEP][PASSED] - wild[2] = "WILD_Double": null

2019-08-24 13:04:09 - [TEST_STEP][PASSED] - wild[3] = "WILD_ExtraFG": null

2019-08-24 13:04:09 - [TEST_STEP][PASSED] - wild[4] = "WILD_Triple": null

2019-08-24 13:04:09 - [TEST_STEP][PASSED] - wildList = Arrays.asList(wild): null

2019-08-24 13:04:09 - [TEST_STEP][PASSED] - wildList = wildList: null

2019-08-24 13:04:09 - [TEST_STEP][PASSED] - free_spin_reel_counter = []: null

2019-08-24 13:04:09 - [TEST_STEP][PASSED] - free_spin_reel_counter[0] = 0: null

2019-08-24 13:04:09 - [TEST_STEP][PASSED] - free_spin_reel_counter[1] = 0: null

2019-08-24 13:04:09 - [TEST_STEP][PASSED] - free_spin_reel_counter[2] = 0: null

2019-08-24 13:04:09 - [TEST_STEP][PASSED] - M4_spin_reels = reels: null

2019-08-24 13:04:09 - [TEST_STEP][PASSED] - for ([i = 0, i &lt; M4_spin_reels.size(), (i++)]): null

2019-08-24 13:04:09 - [TEST_STEP][PASSED] - symbols = symbols: null

2019-08-24 13:04:09 - [TEST_STEP][PASSED] - for ([j = 0, j &lt; symbols.size(), (j++)]): null

2019-08-24 13:04:09 - [TEST_STEP][PASSED] - symbol = symbol: null

2019-08-24 13:04:09 - [TEST_STEP][PASSED] - println(symbol): null

2019-08-24 13:04:09 - [TEST_STEP][PASSED] - if (i == 2 &amp;&amp; wildList.indexOf(symbol) != -1): null

2019-08-24 13:04:09 - [TEST_STEP][PASSED] - if (i == 3 &amp;&amp; wildList.indexOf(symbol) != -1): null

2019-08-24 13:04:09 - [TEST_STEP][PASSED] - if (i == 4 &amp;&amp; wildList.indexOf(symbol) != -1): null

2019-08-24 13:04:09 - [TEST_STEP][PASSED] - symbol = symbol: null

2019-08-24 13:04:09 - [TEST_STEP][PASSED] - println(symbol): null

2019-08-24 13:04:09 - [TEST_STEP][PASSED] - if (i == 2 &amp;&amp; wildList.indexOf(symbol) != -1): null

2019-08-24 13:04:09 - [TEST_STEP][PASSED] - if (i == 3 &amp;&amp; wildList.indexOf(symbol) != -1): null

2019-08-24 13:04:09 - [TEST_STEP][PASSED] - if (i == 4 &amp;&amp; wildList.indexOf(symbol) != -1): null

2019-08-24 13:04:09 - [TEST_STEP][PASSED] - symbol = symbol: null

2019-08-24 13:04:09 - [TEST_STEP][PASSED] - println(symbol): null

2019-08-24 13:04:09 - [TEST_STEP][PASSED] - if (i == 2 &amp;&amp; wildList.indexOf(symbol) != -1): null

2019-08-24 13:04:09 - [TEST_STEP][PASSED] - if (i == 3 &amp;&amp; wildList.indexOf(symbol) != -1): null

2019-08-24 13:04:09 - [TEST_STEP][PASSED] - if (i == 4 &amp;&amp; wildList.indexOf(symbol) != -1): null

2019-08-24 13:04:09 - [TEST_STEP][PASSED] - symbols = symbols: null

2019-08-24 13:04:09 - [TEST_STEP][PASSED] - for ([j = 0, j &lt; symbols.size(), (j++)]): null

2019-08-24 13:04:09 - [TEST_STEP][PASSED] - symbol = symbol: null

2019-08-24 13:04:09 - [TEST_STEP][PASSED] - println(symbol): null

2019-08-24 13:04:09 - [TEST_STEP][PASSED] - if (i == 2 &amp;&amp; wildList.indexOf(symbol) != -1): null

2019-08-24 13:04:09 - [TEST_STEP][PASSED] - if (i == 3 &amp;&amp; wildList.indexOf(symbol) != -1): null

2019-08-24 13:04:09 - [TEST_STEP][PASSED] - if (i == 4 &amp;&amp; wildList.indexOf(symbol) != -1): null

2019-08-24 13:04:09 - [TEST_STEP][PASSED] - symbol = symbol: null

2019-08-24 13:04:09 - [TEST_STEP][PASSED] - println(symbol): null

2019-08-24 13:04:09 - [TEST_STEP][PASSED] - if (i == 2 &amp;&amp; wildList.indexOf(symbol) != -1): null

2019-08-24 13:04:09 - [TEST_STEP][PASSED] - if (i == 3 &amp;&amp; wildList.indexOf(symbol) != -1): null

2019-08-24 13:04:09 - [TEST_STEP][PASSED] - if (i == 4 &amp;&amp; wildList.indexOf(symbol) != -1): null

2019-08-24 13:04:09 - [TEST_STEP][PASSED] - symbol = symbol: null

2019-08-24 13:04:09 - [TEST_STEP][PASSED] - println(symbol): null

2019-08-24 13:04:09 - [TEST_STEP][PASSED] - if (i == 2 &amp;&amp; wildList.indexOf(symbol) != -1): null

2019-08-24 13:04:09 - [TEST_STEP][PASSED] - if (i == 3 &amp;&amp; wildList.indexOf(symbol) != -1): null

2019-08-24 13:04:09 - [TEST_STEP][PASSED] - if (i == 4 &amp;&amp; wildList.indexOf(symbol) != -1): null

2019-08-24 13:04:09 - [TEST_STEP][PASSED] - symbols = symbols: null

2019-08-24 13:04:09 - [TEST_STEP][PASSED] - for ([j = 0, j &lt; symbols.size(), (j++)]): null

2019-08-24 13:04:09 - [TEST_STEP][PASSED] - symbol = symbol: null

2019-08-24 13:04:09 - [TEST_STEP][PASSED] - println(symbol): null

2019-08-24 13:04:09 - [TEST_STEP][PASSED] - if (i == 2 &amp;&amp; wildList.indexOf(symbol) != -1): null

2019-08-24 13:04:09 - [TEST_STEP][PASSED] - if (i == 3 &amp;&amp; wildList.indexOf(symbol) != -1): null

2019-08-24 13:04:09 - [TEST_STEP][PASSED] - if (i == 4 &amp;&amp; wildList.indexOf(symbol) != -1): null

2019-08-24 13:04:09 - [TEST_STEP][PASSED] - symbol = symbol: null

2019-08-24 13:04:09 - [TEST_STEP][PASSED] - println(symbol): null

2019-08-24 13:04:09 - [TEST_STEP][PASSED] - if (i == 2 &amp;&amp; wildList.indexOf(symbol) != -1): null

2019-08-24 13:04:09 - [TEST_STEP][PASSED] - if (i == 3 &amp;&amp; wildList.indexOf(symbol) != -1): null

2019-08-24 13:04:09 - [TEST_STEP][PASSED] - if (i == 4 &amp;&amp; wildList.indexOf(symbol) != -1): null

2019-08-24 13:04:09 - [TEST_STEP][PASSED] - symbol = symbol: null

2019-08-24 13:04:09 - [TEST_STEP][PASSED] - println(symbol): null

2019-08-24 13:04:09 - [TEST_STEP][PASSED] - if (i == 2 &amp;&amp; wildList.indexOf(symbol) != -1): null

2019-08-24 13:04:09 - [TEST_STEP][PASSED] - if (i == 3 &amp;&amp; wildList.indexOf(symbol) != -1): null

2019-08-24 13:04:09 - [TEST_STEP][PASSED] - if (i == 4 &amp;&amp; wildList.indexOf(symbol) != -1): null

2019-08-24 13:04:09 - [TEST_STEP][PASSED] - symbols = symbols: null

2019-08-24 13:04:09 - [TEST_STEP][PASSED] - for ([j = 0, j &lt; symbols.size(), (j++)]): null

2019-08-24 13:04:09 - [TEST_STEP][PASSED] - symbol = symbol: null

2019-08-24 13:04:09 - [TEST_STEP][PASSED] - println(symbol): null

2019-08-24 13:04:09 - [TEST_STEP][PASSED] - if (i == 2 &amp;&amp; wildList.indexOf(symbol) != -1): null

2019-08-24 13:04:09 - [TEST_STEP][PASSED] - if (i == 3 &amp;&amp; wildList.indexOf(symbol) != -1): null

2019-08-24 13:04:09 - [TEST_STEP][PASSED] - if (i == 4 &amp;&amp; wildList.indexOf(symbol) != -1): null

2019-08-24 13:04:09 - [TEST_STEP][PASSED] - symbol = symbol: null

2019-08-24 13:04:09 - [TEST_STEP][PASSED] - println(symbol): null

2019-08-24 13:04:09 - [TEST_STEP][PASSED] - if (i == 2 &amp;&amp; wildList.indexOf(symbol) != -1): null

2019-08-24 13:04:09 - [TEST_STEP][PASSED] - if (i == 3 &amp;&amp; wildList.indexOf(symbol) != -1): null

2019-08-24 13:04:09 - [TEST_STEP][PASSED] - if (i == 4 &amp;&amp; wildList.indexOf(symbol) != -1): null

2019-08-24 13:04:09 - [TEST_STEP][PASSED] - symbol = symbol: null

2019-08-24 13:04:09 - [TEST_STEP][PASSED] - println(symbol): null

2019-08-24 13:04:09 - [TEST_STEP][PASSED] - if (i == 2 &amp;&amp; wildList.indexOf(symbol) != -1): null

2019-08-24 13:04:09 - [TEST_STEP][PASSED] - if (i == 3 &amp;&amp; wildList.indexOf(symbol) != -1): null

2019-08-24 13:04:09 - [TEST_STEP][PASSED] - if (i == 4 &amp;&amp; wildList.indexOf(symbol) != -1): null

2019-08-24 13:04:09 - [TEST_STEP][PASSED] - symbols = symbols: null

2019-08-24 13:04:09 - [TEST_STEP][PASSED] - for ([j = 0, j &lt; symbols.size(), (j++)]): null

2019-08-24 13:04:09 - [TEST_STEP][PASSED] - symbol = symbol: null

2019-08-24 13:04:09 - [TEST_STEP][PASSED] - println(symbol): null

2019-08-24 13:04:09 - [TEST_STEP][PASSED] - if (i == 2 &amp;&amp; wildList.indexOf(symbol) != -1): null

2019-08-24 13:04:09 - [TEST_STEP][PASSED] - if (i == 3 &amp;&amp; wildList.indexOf(symbol) != -1): null

2019-08-24 13:04:09 - [TEST_STEP][PASSED] - if (i == 4 &amp;&amp; wildList.indexOf(symbol) != -1): null

2019-08-24 13:04:09 - [TEST_STEP][PASSED] - symbol = symbol: null

2019-08-24 13:04:09 - [TEST_STEP][PASSED] - println(symbol): null

2019-08-24 13:04:09 - [TEST_STEP][PASSED] - if (i == 2 &amp;&amp; wildList.indexOf(symbol) != -1): null

2019-08-24 13:04:09 - [TEST_STEP][PASSED] - if (i == 3 &amp;&amp; wildList.indexOf(symbol) != -1): null

2019-08-24 13:04:09 - [TEST_STEP][PASSED] - if (i == 4 &amp;&amp; wildList.indexOf(symbol) != -1): null

2019-08-24 13:04:09 - [TEST_STEP][PASSED] - symbol = symbol: null

2019-08-24 13:04:09 - [TEST_STEP][PASSED] - println(symbol): null

2019-08-24 13:04:09 - [TEST_STEP][PASSED] - if (i == 2 &amp;&amp; wildList.indexOf(symbol) != -1): null

2019-08-24 13:04:09 - [TEST_STEP][PASSED] - if (i == 3 &amp;&amp; wildList.indexOf(symbol) != -1): null

2019-08-24 13:04:09 - [TEST_STEP][PASSED] - if (i == 4 &amp;&amp; wildList.indexOf(symbol) != -1): null

2019-08-24 13:04:09 - [TEST_STEP][PASSED] - free_spin_reel_counter = free_spin_reel_counter: null

2019-08-24 13:04:09 - [TEST_STEP][PASSED] - println("reel 3 wild found: " + free_spin_reel_counter[0]): null

2019-08-24 13:04:09 - [TEST_STEP][PASSED] - println("reel 4 wild found: " + free_spin_reel_counter[1]): null

2019-08-24 13:04:09 - [TEST_STEP][PASSED] - println("reel 5 wild found: " + free_spin_reel_counter[2]): null

2019-08-24 13:04:09 - [TEST_STEP][PASSED] - M4_spin_reels = M4_spin_reels: null

2019-08-24 13:04:09 - [TEST_STEP][PASSED] - M4_spin_reels_symbols = symbol: null

2019-08-24 13:04:09 - [TEST_STEP][PASSED] - M4_spin_reels_symbols = M4_spin_reels_symbols: null

2019-08-24 13:04:09 - [TEST_STEP][PASSED] - M4_spin_reel_wins = reel_wins: null

2019-08-24 13:04:09 - [TEST_STEP][PASSED] - M4_spin_reel_wins = M4_spin_reel_wins: null

2019-08-24 13:04:09 - [TEST_STEP][PASSED] - println("GlobalVariable.M4_spin_reel_wins is: " + M4_spin_reel_wins): null

2019-08-24 13:04:09 - [TEST_STEP][PASSED] - M4_spin_total_bonus_win_this_round = total_bonus_win_this_round: null

2019-08-24 13:04:09 - [TEST_STEP][PASSED] - M4_spin_total_bonus_win_this_round = M4_spin_total_bonus_win_this_round: null

2019-08-24 13:04:09 - [TEST_STEP][PASSED] - println("GlobalVariable.M4_spin_total_bonus_win_this_round is: " + M4_spin_total_bonus_win_this_round): null

2019-08-24 13:04:09 - [TEST_STEP][PASSED] - M4_spin_bonus_spin_result = spin_result: null

2019-08-24 13:04:09 - [TEST_STEP][PASSED] - M4_spin_bonus_spin_result = M4_spin_bonus_spin_result: null

2019-08-24 13:04:09 - [MESSAGE][PASSED] - Verify response successfully

2019-08-24 13:04:09 - [MESSAGE][PASSED] - Send request and verify the response successfully

2019-08-24 13:04:09 - [TEST_STEP][PASSED] - if (M4_total_bonus_spins_int != 0 &amp;&amp; M4_spin_reels_symbols[2].contains("WILD_Expanding")): null

2019-08-24 13:04:09 - [TEST_STEP][PASSED] - free_spin_reel_counter = free_spin_reel_counter: null

2019-08-24 13:04:09 - [TEST_STEP][PASSED] - M4_spin_reels_symbols = M4_spin_reels_symbols: null

2019-08-24 13:04:09 - [TEST_STEP][PASSED] - M4_total_bonus_spins = M4_total_bonus_spins: null

2019-08-24 13:04:09 - [TEST_STEP][PASSED] - spin_result = sendRequestAndVerify(findTestObject("INT/RGS(M4)/1_M4_spin", ["M4_login_user_id":M4_login_user_id, "rgs_session_token":rgs_session_token, "partner":Partner])): Send request and verify the response successfully

2019-08-24 13:04:09 - [MESSAGE][INFO] - HAR: /Users/eiralee/Katalon_Script/SuperWild/Reports/20190824_125957/INT/superWild_5/20190824_125957/requests/main/76.har

2019-08-24 13:04:09 - [TEST_CASE][PASSED] - Start Test Case : Verification: Verification accomplished successfully

2019-08-24 13:04:09 - [TEST_STEP][PASSED] - request = getInstance().getCurrentRequest(): null

2019-08-24 13:04:09 - [TEST_STEP][PASSED] - response = getInstance().getCurrentResponse(): null

2019-08-24 13:04:09 - [TEST_STEP][PASSED] - verifyResponseStatusCode(response, 200): Verify response status code successfully

2019-08-24 13:04:09 - [MESSAGE][PASSED] - Verify response status code successfully

2019-08-24 13:04:09 - [TEST_STEP][PASSED] - getStatusCode()).isEqualTo(200): null

2019-08-24 13:04:09 - [TEST_STEP][PASSED] - newline = System.getProperty("line.separator"): null

2019-08-24 13:04:09 - [TEST_STEP][PASSED] - M4_spin = new groovy.json.JsonSlurper(): null

2019-08-24 13:04:09 - [TEST_STEP][PASSED] - result_M4_spin = M4_spin.parseText(response.getResponseBodyContent()): null

2019-08-24 13:04:09 - [TEST_STEP][PASSED] - M4_spin_current_balance = current_balance: null

2019-08-24 13:04:09 - [TEST_STEP][PASSED] - M4_spin_current_balance = M4_spin_current_balance: null

2019-08-24 13:04:09 - [TEST_STEP][PASSED] - M4_spin_transaction_id = causality: null

2019-08-24 13:04:09 - [TEST_STEP][PASSED] - M4_spin_transaction_id = M4_spin_transaction_id: null

2019-08-24 13:04:09 - [TEST_STEP][PASSED] - M4_spin_round_id = round_id: null

2019-08-24 13:04:09 - [TEST_STEP][PASSED] - M4_spin_round_id = M4_spin_round_id: null

2019-08-24 13:04:09 - [TEST_STEP][PASSED] - M4_spin_line_wins = line_wins: null

2019-08-24 13:04:09 - [TEST_STEP][PASSED] - M4_spin_line_wins = M4_spin_line_wins: null

2019-08-24 13:04:09 - [TEST_STEP][PASSED] - M4_total_bonus_spins_int = total_bonus_spins: null

2019-08-24 13:04:09 - [TEST_STEP][PASSED] - println("******M4_total_bonus_spins type is:*******" + newline + getClass().getName()): null

2019-08-24 13:04:09 - [TEST_STEP][PASSED] - M4_total_bonus_spins_int = M4_total_bonus_spins_int: null

2019-08-24 13:04:09 - [TEST_STEP][PASSED] - M4_total_bonus_spins = Integer.toString(M4_total_bonus_spins_int): null

2019-08-24 13:04:09 - [TEST_STEP][PASSED] - M4_total_bonus_spins = M4_total_bonus_spins: null

2019-08-24 13:04:09 - [TEST_STEP][PASSED] - println("M4_total_bonus_spins is:" + M4_total_bonus_spins): null

2019-08-24 13:04:09 - [TEST_STEP][PASSED] - M4_spin_bonus_data = bonus_data: null

2019-08-24 13:04:09 - [TEST_STEP][PASSED] - M4_spin_features_triggered = result_M4_spin: null

2019-08-24 13:04:09 - [TEST_STEP][PASSED] - wild = []: null

2019-08-24 13:04:09 - [TEST_STEP][PASSED] - wild[0] = "WILD_Expanding": null

2019-08-24 13:04:09 - [TEST_STEP][PASSED] - wild[1] = "WILD_Normal": null

2019-08-24 13:04:09 - [TEST_STEP][PASSED] - wild[2] = "WILD_Double": null

2019-08-24 13:04:09 - [TEST_STEP][PASSED] - wild[3] = "WILD_ExtraFG": null

2019-08-24 13:04:09 - [TEST_STEP][PASSED] - wild[4] = "WILD_Triple": null

2019-08-24 13:04:09 - [TEST_STEP][PASSED] - wildList = Arrays.asList(wild): null

2019-08-24 13:04:09 - [TEST_STEP][PASSED] - wildList = wildList: null

2019-08-24 13:04:09 - [TEST_STEP][PASSED] - free_spin_reel_counter = []: null

2019-08-24 13:04:09 - [TEST_STEP][PASSED] - free_spin_reel_counter[0] = 0: null

2019-08-24 13:04:09 - [TEST_STEP][PASSED] - free_spin_reel_counter[1] = 0: null

2019-08-24 13:04:09 - [TEST_STEP][PASSED] - free_spin_reel_counter[2] = 0: null

2019-08-24 13:04:09 - [TEST_STEP][PASSED] - M4_spin_reels = reels: null

2019-08-24 13:04:09 - [TEST_STEP][PASSED] - for ([i = 0, i &lt; M4_spin_reels.size(), (i++)]): null

2019-08-24 13:04:09 - [TEST_STEP][PASSED] - symbols = symbols: null

2019-08-24 13:04:09 - [TEST_STEP][PASSED] - for ([j = 0, j &lt; symbols.size(), (j++)]): null

2019-08-24 13:04:09 - [TEST_STEP][PASSED] - symbol = symbol: null

2019-08-24 13:04:09 - [TEST_STEP][PASSED] - println(symbol): null

2019-08-24 13:04:09 - [TEST_STEP][PASSED] - if (i == 2 &amp;&amp; wildList.indexOf(symbol) != -1): null

2019-08-24 13:04:09 - [TEST_STEP][PASSED] - if (i == 3 &amp;&amp; wildList.indexOf(symbol) != -1): null

2019-08-24 13:04:09 - [TEST_STEP][PASSED] - if (i == 4 &amp;&amp; wildList.indexOf(symbol) != -1): null

2019-08-24 13:04:09 - [TEST_STEP][PASSED] - symbol = symbol: null

2019-08-24 13:04:09 - [TEST_STEP][PASSED] - println(symbol): null

2019-08-24 13:04:09 - [TEST_STEP][PASSED] - if (i == 2 &amp;&amp; wildList.indexOf(symbol) != -1): null

2019-08-24 13:04:09 - [TEST_STEP][PASSED] - if (i == 3 &amp;&amp; wildList.indexOf(symbol) != -1): null

2019-08-24 13:04:09 - [TEST_STEP][PASSED] - if (i == 4 &amp;&amp; wildList.indexOf(symbol) != -1): null

2019-08-24 13:04:09 - [TEST_STEP][PASSED] - symbol = symbol: null

2019-08-24 13:04:09 - [TEST_STEP][PASSED] - println(symbol): null

2019-08-24 13:04:09 - [TEST_STEP][PASSED] - if (i == 2 &amp;&amp; wildList.indexOf(symbol) != -1): null

2019-08-24 13:04:09 - [TEST_STEP][PASSED] - if (i == 3 &amp;&amp; wildList.indexOf(symbol) != -1): null

2019-08-24 13:04:09 - [TEST_STEP][PASSED] - if (i == 4 &amp;&amp; wildList.indexOf(symbol) != -1): null

2019-08-24 13:04:09 - [TEST_STEP][PASSED] - symbols = symbols: null

2019-08-24 13:04:09 - [TEST_STEP][PASSED] - for ([j = 0, j &lt; symbols.size(), (j++)]): null

2019-08-24 13:04:09 - [TEST_STEP][PASSED] - symbol = symbol: null

2019-08-24 13:04:09 - [TEST_STEP][PASSED] - println(symbol): null

2019-08-24 13:04:09 - [TEST_STEP][PASSED] - if (i == 2 &amp;&amp; wildList.indexOf(symbol) != -1): null

2019-08-24 13:04:09 - [TEST_STEP][PASSED] - if (i == 3 &amp;&amp; wildList.indexOf(symbol) != -1): null

2019-08-24 13:04:09 - [TEST_STEP][PASSED] - if (i == 4 &amp;&amp; wildList.indexOf(symbol) != -1): null

2019-08-24 13:04:09 - [TEST_STEP][PASSED] - symbol = symbol: null

2019-08-24 13:04:09 - [TEST_STEP][PASSED] - println(symbol): null

2019-08-24 13:04:09 - [TEST_STEP][PASSED] - if (i == 2 &amp;&amp; wildList.indexOf(symbol) != -1): null

2019-08-24 13:04:09 - [TEST_STEP][PASSED] - if (i == 3 &amp;&amp; wildList.indexOf(symbol) != -1): null

2019-08-24 13:04:09 - [TEST_STEP][PASSED] - if (i == 4 &amp;&amp; wildList.indexOf(symbol) != -1): null

2019-08-24 13:04:09 - [TEST_STEP][PASSED] - symbol = symbol: null

2019-08-24 13:04:09 - [TEST_STEP][PASSED] - println(symbol): null

2019-08-24 13:04:09 - [TEST_STEP][PASSED] - if (i == 2 &amp;&amp; wildList.indexOf(symbol) != -1): null

2019-08-24 13:04:09 - [TEST_STEP][PASSED] - if (i == 3 &amp;&amp; wildList.indexOf(symbol) != -1): null

2019-08-24 13:04:09 - [TEST_STEP][PASSED] - if (i == 4 &amp;&amp; wildList.indexOf(symbol) != -1): null

2019-08-24 13:04:09 - [TEST_STEP][PASSED] - symbols = symbols: null

2019-08-24 13:04:09 - [TEST_STEP][PASSED] - for ([j = 0, j &lt; symbols.size(), (j++)]): null

2019-08-24 13:04:09 - [TEST_STEP][PASSED] - symbol = symbol: null

2019-08-24 13:04:09 - [TEST_STEP][PASSED] - println(symbol): null

2019-08-24 13:04:09 - [TEST_STEP][PASSED] - if (i == 2 &amp;&amp; wildList.indexOf(symbol) != -1): null

2019-08-24 13:04:09 - [TEST_STEP][PASSED] - if (i == 3 &amp;&amp; wildList.indexOf(symbol) != -1): null

2019-08-24 13:04:09 - [TEST_STEP][PASSED] - if (i == 4 &amp;&amp; wildList.indexOf(symbol) != -1): null

2019-08-24 13:04:09 - [TEST_STEP][PASSED] - symbol = symbol: null

2019-08-24 13:04:09 - [TEST_STEP][PASSED] - println(symbol): null

2019-08-24 13:04:09 - [TEST_STEP][PASSED] - if (i == 2 &amp;&amp; wildList.indexOf(symbol) != -1): null

2019-08-24 13:04:09 - [TEST_STEP][PASSED] - println("wild found on reel 3, adding counter by 1"): null

2019-08-24 13:04:09 - [TEST_STEP][PASSED] - free_spin_reel_counter[0] = free_spin_reel_counter[0] + 1: null

2019-08-24 13:04:09 - [TEST_STEP][PASSED] - if (i == 3 &amp;&amp; wildList.indexOf(symbol) != -1): null

2019-08-24 13:04:09 - [TEST_STEP][PASSED] - if (i == 4 &amp;&amp; wildList.indexOf(symbol) != -1): null

2019-08-24 13:04:09 - [TEST_STEP][PASSED] - symbol = symbol: null

2019-08-24 13:04:09 - [TEST_STEP][PASSED] - println(symbol): null

2019-08-24 13:04:09 - [TEST_STEP][PASSED] - if (i == 2 &amp;&amp; wildList.indexOf(symbol) != -1): null

2019-08-24 13:04:09 - [TEST_STEP][PASSED] - if (i == 3 &amp;&amp; wildList.indexOf(symbol) != -1): null

2019-08-24 13:04:09 - [TEST_STEP][PASSED] - if (i == 4 &amp;&amp; wildList.indexOf(symbol) != -1): null

2019-08-24 13:04:09 - [TEST_STEP][PASSED] - symbols = symbols: null

2019-08-24 13:04:09 - [TEST_STEP][PASSED] - for ([j = 0, j &lt; symbols.size(), (j++)]): null

2019-08-24 13:04:09 - [TEST_STEP][PASSED] - symbol = symbol: null

2019-08-24 13:04:09 - [TEST_STEP][PASSED] - println(symbol): null

2019-08-24 13:04:09 - [TEST_STEP][PASSED] - if (i == 2 &amp;&amp; wildList.indexOf(symbol) != -1): null

2019-08-24 13:04:09 - [TEST_STEP][PASSED] - if (i == 3 &amp;&amp; wildList.indexOf(symbol) != -1): null

2019-08-24 13:04:09 - [TEST_STEP][PASSED] - if (i == 4 &amp;&amp; wildList.indexOf(symbol) != -1): null

2019-08-24 13:04:09 - [TEST_STEP][PASSED] - symbol = symbol: null

2019-08-24 13:04:09 - [TEST_STEP][PASSED] - println(symbol): null

2019-08-24 13:04:09 - [TEST_STEP][PASSED] - if (i == 2 &amp;&amp; wildList.indexOf(symbol) != -1): null

2019-08-24 13:04:09 - [TEST_STEP][PASSED] - if (i == 3 &amp;&amp; wildList.indexOf(symbol) != -1): null

2019-08-24 13:04:09 - [TEST_STEP][PASSED] - if (i == 4 &amp;&amp; wildList.indexOf(symbol) != -1): null

2019-08-24 13:04:09 - [TEST_STEP][PASSED] - symbol = symbol: null

2019-08-24 13:04:09 - [TEST_STEP][PASSED] - println(symbol): null

2019-08-24 13:04:09 - [TEST_STEP][PASSED] - if (i == 2 &amp;&amp; wildList.indexOf(symbol) != -1): null

2019-08-24 13:04:09 - [TEST_STEP][PASSED] - if (i == 3 &amp;&amp; wildList.indexOf(symbol) != -1): null

2019-08-24 13:04:09 - [TEST_STEP][PASSED] - if (i == 4 &amp;&amp; wildList.indexOf(symbol) != -1): null

2019-08-24 13:04:09 - [TEST_STEP][PASSED] - symbols = symbols: null

2019-08-24 13:04:09 - [TEST_STEP][PASSED] - for ([j = 0, j &lt; symbols.size(), (j++)]): null

2019-08-24 13:04:09 - [TEST_STEP][PASSED] - symbol = symbol: null

2019-08-24 13:04:09 - [TEST_STEP][PASSED] - println(symbol): null

2019-08-24 13:04:09 - [TEST_STEP][PASSED] - if (i == 2 &amp;&amp; wildList.indexOf(symbol) != -1): null

2019-08-24 13:04:09 - [TEST_STEP][PASSED] - if (i == 3 &amp;&amp; wildList.indexOf(symbol) != -1): null

2019-08-24 13:04:09 - [TEST_STEP][PASSED] - if (i == 4 &amp;&amp; wildList.indexOf(symbol) != -1): null

2019-08-24 13:04:09 - [TEST_STEP][PASSED] - symbol = symbol: null

2019-08-24 13:04:09 - [TEST_STEP][PASSED] - println(symbol): null

2019-08-24 13:04:09 - [TEST_STEP][PASSED] - if (i == 2 &amp;&amp; wildList.indexOf(symbol) != -1): null

2019-08-24 13:04:09 - [TEST_STEP][PASSED] - if (i == 3 &amp;&amp; wildList.indexOf(symbol) != -1): null

2019-08-24 13:04:09 - [TEST_STEP][PASSED] - if (i == 4 &amp;&amp; wildList.indexOf(symbol) != -1): null

2019-08-24 13:04:09 - [TEST_STEP][PASSED] - symbol = symbol: null

2019-08-24 13:04:09 - [TEST_STEP][PASSED] - println(symbol): null

2019-08-24 13:04:09 - [TEST_STEP][PASSED] - if (i == 2 &amp;&amp; wildList.indexOf(symbol) != -1): null

2019-08-24 13:04:09 - [TEST_STEP][PASSED] - if (i == 3 &amp;&amp; wildList.indexOf(symbol) != -1): null

2019-08-24 13:04:09 - [TEST_STEP][PASSED] - if (i == 4 &amp;&amp; wildList.indexOf(symbol) != -1): null

2019-08-24 13:04:09 - [TEST_STEP][PASSED] - free_spin_reel_counter = free_spin_reel_counter: null

2019-08-24 13:04:09 - [TEST_STEP][PASSED] - println("reel 3 wild found: " + free_spin_reel_counter[0]): null

2019-08-24 13:04:09 - [TEST_STEP][PASSED] - println("reel 4 wild found: " + free_spin_reel_counter[1]): null

2019-08-24 13:04:09 - [TEST_STEP][PASSED] - println("reel 5 wild found: " + free_spin_reel_counter[2]): null

2019-08-24 13:04:09 - [TEST_STEP][PASSED] - M4_spin_reels = M4_spin_reels: null

2019-08-24 13:04:09 - [TEST_STEP][PASSED] - M4_spin_reels_symbols = symbol: null

2019-08-24 13:04:09 - [TEST_STEP][PASSED] - M4_spin_reels_symbols = M4_spin_reels_symbols: null

2019-08-24 13:04:09 - [TEST_STEP][PASSED] - M4_spin_reel_wins = reel_wins: null

2019-08-24 13:04:09 - [TEST_STEP][PASSED] - M4_spin_reel_wins = M4_spin_reel_wins: null

2019-08-24 13:04:09 - [TEST_STEP][PASSED] - println("GlobalVariable.M4_spin_reel_wins is: " + M4_spin_reel_wins): null

2019-08-24 13:04:09 - [TEST_STEP][PASSED] - M4_spin_total_bonus_win_this_round = total_bonus_win_this_round: null

2019-08-24 13:04:09 - [TEST_STEP][PASSED] - M4_spin_total_bonus_win_this_round = M4_spin_total_bonus_win_this_round: null

2019-08-24 13:04:09 - [TEST_STEP][PASSED] - println("GlobalVariable.M4_spin_total_bonus_win_this_round is: " + M4_spin_total_bonus_win_this_round): null

2019-08-24 13:04:09 - [TEST_STEP][PASSED] - M4_spin_bonus_spin_result = spin_result: null

2019-08-24 13:04:09 - [TEST_STEP][PASSED] - M4_spin_bonus_spin_result = M4_spin_bonus_spin_result: null

2019-08-24 13:04:09 - [MESSAGE][PASSED] - Verify response successfully

2019-08-24 13:04:09 - [MESSAGE][PASSED] - Send request and verify the response successfully

2019-08-24 13:04:09 - [TEST_STEP][PASSED] - if (M4_total_bonus_spins_int != 0 &amp;&amp; M4_spin_reels_symbols[2].contains("WILD_Expanding")): null

2019-08-24 13:04:09 - [TEST_STEP][PASSED] - free_spin_reel_counter = free_spin_reel_counter: null

2019-08-24 13:04:09 - [TEST_STEP][PASSED] - M4_spin_reels_symbols = M4_spin_reels_symbols: null

2019-08-24 13:04:09 - [TEST_STEP][PASSED] - M4_total_bonus_spins = M4_total_bonus_spins: null

2019-08-24 13:04:09 - [TEST_STEP][PASSED] - spin_result = sendRequestAndVerify(findTestObject("INT/RGS(M4)/1_M4_spin", ["M4_login_user_id":M4_login_user_id, "rgs_session_token":rgs_session_token, "partner":Partner])): Send request and verify the response successfully

2019-08-24 13:04:09 - [MESSAGE][INFO] - HAR: /Users/eiralee/Katalon_Script/SuperWild/Reports/20190824_125957/INT/superWild_5/20190824_125957/requests/main/77.har

2019-08-24 13:04:09 - [TEST_CASE][PASSED] - Start Test Case : Verification: Verification accomplished successfully

2019-08-24 13:04:10 - [TEST_STEP][PASSED] - request = getInstance().getCurrentRequest(): null

2019-08-24 13:04:10 - [TEST_STEP][PASSED] - response = getInstance().getCurrentResponse(): null

2019-08-24 13:04:10 - [TEST_STEP][PASSED] - verifyResponseStatusCode(response, 200): Verify response status code successfully

2019-08-24 13:04:10 - [MESSAGE][PASSED] - Verify response status code successfully

2019-08-24 13:04:10 - [TEST_STEP][PASSED] - getStatusCode()).isEqualTo(200): null

2019-08-24 13:04:10 - [TEST_STEP][PASSED] - newline = System.getProperty("line.separator"): null

2019-08-24 13:04:10 - [TEST_STEP][PASSED] - M4_spin = new groovy.json.JsonSlurper(): null

2019-08-24 13:04:10 - [TEST_STEP][PASSED] - result_M4_spin = M4_spin.parseText(response.getResponseBodyContent()): null

2019-08-24 13:04:10 - [TEST_STEP][PASSED] - M4_spin_current_balance = current_balance: null

2019-08-24 13:04:10 - [TEST_STEP][PASSED] - M4_spin_current_balance = M4_spin_current_balance: null

2019-08-24 13:04:10 - [TEST_STEP][PASSED] - M4_spin_transaction_id = causality: null

2019-08-24 13:04:10 - [TEST_STEP][PASSED] - M4_spin_transaction_id = M4_spin_transaction_id: null

2019-08-24 13:04:10 - [TEST_STEP][PASSED] - M4_spin_round_id = round_id: null

2019-08-24 13:04:10 - [TEST_STEP][PASSED] - M4_spin_round_id = M4_spin_round_id: null

2019-08-24 13:04:10 - [TEST_STEP][PASSED] - M4_spin_line_wins = line_wins: null

2019-08-24 13:04:10 - [TEST_STEP][PASSED] - M4_spin_line_wins = M4_spin_line_wins: null

2019-08-24 13:04:10 - [TEST_STEP][PASSED] - M4_total_bonus_spins_int = total_bonus_spins: null

2019-08-24 13:04:10 - [TEST_STEP][PASSED] - println("******M4_total_bonus_spins type is:*******" + newline + getClass().getName()): null

2019-08-24 13:04:10 - [TEST_STEP][PASSED] - M4_total_bonus_spins_int = M4_total_bonus_spins_int: null

2019-08-24 13:04:10 - [TEST_STEP][PASSED] - M4_total_bonus_spins = Integer.toString(M4_total_bonus_spins_int): null

2019-08-24 13:04:10 - [TEST_STEP][PASSED] - M4_total_bonus_spins = M4_total_bonus_spins: null

2019-08-24 13:04:10 - [TEST_STEP][PASSED] - println("M4_total_bonus_spins is:" + M4_total_bonus_spins): null

2019-08-24 13:04:10 - [TEST_STEP][PASSED] - M4_spin_bonus_data = bonus_data: null

2019-08-24 13:04:10 - [TEST_STEP][PASSED] - M4_spin_features_triggered = result_M4_spin: null

2019-08-24 13:04:10 - [TEST_STEP][PASSED] - wild = []: null

2019-08-24 13:04:10 - [TEST_STEP][PASSED] - wild[0] = "WILD_Expanding": null

2019-08-24 13:04:10 - [TEST_STEP][PASSED] - wild[1] = "WILD_Normal": null

2019-08-24 13:04:10 - [TEST_STEP][PASSED] - wild[2] = "WILD_Double": null

2019-08-24 13:04:10 - [TEST_STEP][PASSED] - wild[3] = "WILD_ExtraFG": null

2019-08-24 13:04:10 - [TEST_STEP][PASSED] - wild[4] = "WILD_Triple": null

2019-08-24 13:04:10 - [TEST_STEP][PASSED] - wildList = Arrays.asList(wild): null

2019-08-24 13:04:10 - [TEST_STEP][PASSED] - wildList = wildList: null

2019-08-24 13:04:10 - [TEST_STEP][PASSED] - free_spin_reel_counter = []: null

2019-08-24 13:04:10 - [TEST_STEP][PASSED] - free_spin_reel_counter[0] = 0: null

2019-08-24 13:04:10 - [TEST_STEP][PASSED] - free_spin_reel_counter[1] = 0: null

2019-08-24 13:04:10 - [TEST_STEP][PASSED] - free_spin_reel_counter[2] = 0: null

2019-08-24 13:04:10 - [TEST_STEP][PASSED] - M4_spin_reels = reels: null

2019-08-24 13:04:10 - [TEST_STEP][PASSED] - for ([i = 0, i &lt; M4_spin_reels.size(), (i++)]): null

2019-08-24 13:04:10 - [TEST_STEP][PASSED] - symbols = symbols: null

2019-08-24 13:04:10 - [TEST_STEP][PASSED] - for ([j = 0, j &lt; symbols.size(), (j++)]): null

2019-08-24 13:04:10 - [TEST_STEP][PASSED] - symbol = symbol: null

2019-08-24 13:04:10 - [TEST_STEP][PASSED] - println(symbol): null

2019-08-24 13:04:10 - [TEST_STEP][PASSED] - if (i == 2 &amp;&amp; wildList.indexOf(symbol) != -1): null

2019-08-24 13:04:10 - [TEST_STEP][PASSED] - if (i == 3 &amp;&amp; wildList.indexOf(symbol) != -1): null

2019-08-24 13:04:10 - [TEST_STEP][PASSED] - if (i == 4 &amp;&amp; wildList.indexOf(symbol) != -1): null

2019-08-24 13:04:10 - [TEST_STEP][PASSED] - symbol = symbol: null

2019-08-24 13:04:10 - [TEST_STEP][PASSED] - println(symbol): null

2019-08-24 13:04:10 - [TEST_STEP][PASSED] - if (i == 2 &amp;&amp; wildList.indexOf(symbol) != -1): null

2019-08-24 13:04:10 - [TEST_STEP][PASSED] - if (i == 3 &amp;&amp; wildList.indexOf(symbol) != -1): null

2019-08-24 13:04:10 - [TEST_STEP][PASSED] - if (i == 4 &amp;&amp; wildList.indexOf(symbol) != -1): null

2019-08-24 13:04:10 - [TEST_STEP][PASSED] - symbol = symbol: null

2019-08-24 13:04:10 - [TEST_STEP][PASSED] - println(symbol): null

2019-08-24 13:04:10 - [TEST_STEP][PASSED] - if (i == 2 &amp;&amp; wildList.indexOf(symbol) != -1): null

2019-08-24 13:04:10 - [TEST_STEP][PASSED] - if (i == 3 &amp;&amp; wildList.indexOf(symbol) != -1): null

2019-08-24 13:04:10 - [TEST_STEP][PASSED] - if (i == 4 &amp;&amp; wildList.indexOf(symbol) != -1): null

2019-08-24 13:04:10 - [TEST_STEP][PASSED] - symbols = symbols: null

2019-08-24 13:04:10 - [TEST_STEP][PASSED] - for ([j = 0, j &lt; symbols.size(), (j++)]): null

2019-08-24 13:04:10 - [TEST_STEP][PASSED] - symbol = symbol: null

2019-08-24 13:04:10 - [TEST_STEP][PASSED] - println(symbol): null

2019-08-24 13:04:10 - [TEST_STEP][PASSED] - if (i == 2 &amp;&amp; wildList.indexOf(symbol) != -1): null

2019-08-24 13:04:10 - [TEST_STEP][PASSED] - if (i == 3 &amp;&amp; wildList.indexOf(symbol) != -1): null

2019-08-24 13:04:10 - [TEST_STEP][PASSED] - if (i == 4 &amp;&amp; wildList.indexOf(symbol) != -1): null

2019-08-24 13:04:10 - [TEST_STEP][PASSED] - symbol = symbol: null

2019-08-24 13:04:10 - [TEST_STEP][PASSED] - println(symbol): null

2019-08-24 13:04:10 - [TEST_STEP][PASSED] - if (i == 2 &amp;&amp; wildList.indexOf(symbol) != -1): null

2019-08-24 13:04:10 - [TEST_STEP][PASSED] - if (i == 3 &amp;&amp; wildList.indexOf(symbol) != -1): null

2019-08-24 13:04:10 - [TEST_STEP][PASSED] - if (i == 4 &amp;&amp; wildList.indexOf(symbol) != -1): null

2019-08-24 13:04:10 - [TEST_STEP][PASSED] - symbol = symbol: null

2019-08-24 13:04:10 - [TEST_STEP][PASSED] - println(symbol): null

2019-08-24 13:04:10 - [TEST_STEP][PASSED] - if (i == 2 &amp;&amp; wildList.indexOf(symbol) != -1): null

2019-08-24 13:04:10 - [TEST_STEP][PASSED] - if (i == 3 &amp;&amp; wildList.indexOf(symbol) != -1): null

2019-08-24 13:04:10 - [TEST_STEP][PASSED] - if (i == 4 &amp;&amp; wildList.indexOf(symbol) != -1): null

2019-08-24 13:04:10 - [TEST_STEP][PASSED] - symbols = symbols: null

2019-08-24 13:04:10 - [TEST_STEP][PASSED] - for ([j = 0, j &lt; symbols.size(), (j++)]): null

2019-08-24 13:04:10 - [TEST_STEP][PASSED] - symbol = symbol: null

2019-08-24 13:04:10 - [TEST_STEP][PASSED] - println(symbol): null

2019-08-24 13:04:10 - [TEST_STEP][PASSED] - if (i == 2 &amp;&amp; wildList.indexOf(symbol) != -1): null

2019-08-24 13:04:10 - [TEST_STEP][PASSED] - if (i == 3 &amp;&amp; wildList.indexOf(symbol) != -1): null

2019-08-24 13:04:10 - [TEST_STEP][PASSED] - if (i == 4 &amp;&amp; wildList.indexOf(symbol) != -1): null

2019-08-24 13:04:10 - [TEST_STEP][PASSED] - symbol = symbol: null

2019-08-24 13:04:10 - [TEST_STEP][PASSED] - println(symbol): null

2019-08-24 13:04:10 - [TEST_STEP][PASSED] - if (i == 2 &amp;&amp; wildList.indexOf(symbol) != -1): null

2019-08-24 13:04:10 - [TEST_STEP][PASSED] - if (i == 3 &amp;&amp; wildList.indexOf(symbol) != -1): null

2019-08-24 13:04:10 - [TEST_STEP][PASSED] - if (i == 4 &amp;&amp; wildList.indexOf(symbol) != -1): null

2019-08-24 13:04:10 - [TEST_STEP][PASSED] - symbol = symbol: null

2019-08-24 13:04:10 - [TEST_STEP][PASSED] - println(symbol): null

2019-08-24 13:04:10 - [TEST_STEP][PASSED] - if (i == 2 &amp;&amp; wildList.indexOf(symbol) != -1): null

2019-08-24 13:04:10 - [TEST_STEP][PASSED] - if (i == 3 &amp;&amp; wildList.indexOf(symbol) != -1): null

2019-08-24 13:04:10 - [TEST_STEP][PASSED] - if (i == 4 &amp;&amp; wildList.indexOf(symbol) != -1): null

2019-08-24 13:04:10 - [TEST_STEP][PASSED] - symbols = symbols: null

2019-08-24 13:04:10 - [TEST_STEP][PASSED] - for ([j = 0, j &lt; symbols.size(), (j++)]): null

2019-08-24 13:04:10 - [TEST_STEP][PASSED] - symbol = symbol: null

2019-08-24 13:04:10 - [TEST_STEP][PASSED] - println(symbol): null

2019-08-24 13:04:10 - [TEST_STEP][PASSED] - if (i == 2 &amp;&amp; wildList.indexOf(symbol) != -1): null

2019-08-24 13:04:10 - [TEST_STEP][PASSED] - if (i == 3 &amp;&amp; wildList.indexOf(symbol) != -1): null

2019-08-24 13:04:10 - [TEST_STEP][PASSED] - if (i == 4 &amp;&amp; wildList.indexOf(symbol) != -1): null

2019-08-24 13:04:10 - [TEST_STEP][PASSED] - symbol = symbol: null

2019-08-24 13:04:10 - [TEST_STEP][PASSED] - println(symbol): null

2019-08-24 13:04:10 - [TEST_STEP][PASSED] - if (i == 2 &amp;&amp; wildList.indexOf(symbol) != -1): null

2019-08-24 13:04:10 - [TEST_STEP][PASSED] - if (i == 3 &amp;&amp; wildList.indexOf(symbol) != -1): null

2019-08-24 13:04:10 - [TEST_STEP][PASSED] - if (i == 4 &amp;&amp; wildList.indexOf(symbol) != -1): null

2019-08-24 13:04:10 - [TEST_STEP][PASSED] - symbol = symbol: null

2019-08-24 13:04:10 - [TEST_STEP][PASSED] - println(symbol): null

2019-08-24 13:04:10 - [TEST_STEP][PASSED] - if (i == 2 &amp;&amp; wildList.indexOf(symbol) != -1): null

2019-08-24 13:04:10 - [TEST_STEP][PASSED] - if (i == 3 &amp;&amp; wildList.indexOf(symbol) != -1): null

2019-08-24 13:04:10 - [TEST_STEP][PASSED] - if (i == 4 &amp;&amp; wildList.indexOf(symbol) != -1): null

2019-08-24 13:04:10 - [TEST_STEP][PASSED] - symbols = symbols: null

2019-08-24 13:04:10 - [TEST_STEP][PASSED] - for ([j = 0, j &lt; symbols.size(), (j++)]): null

2019-08-24 13:04:10 - [TEST_STEP][PASSED] - symbol = symbol: null

2019-08-24 13:04:10 - [TEST_STEP][PASSED] - println(symbol): null

2019-08-24 13:04:10 - [TEST_STEP][PASSED] - if (i == 2 &amp;&amp; wildList.indexOf(symbol) != -1): null

2019-08-24 13:04:10 - [TEST_STEP][PASSED] - if (i == 3 &amp;&amp; wildList.indexOf(symbol) != -1): null

2019-08-24 13:04:10 - [TEST_STEP][PASSED] - if (i == 4 &amp;&amp; wildList.indexOf(symbol) != -1): null

2019-08-24 13:04:10 - [TEST_STEP][PASSED] - symbol = symbol: null

2019-08-24 13:04:10 - [TEST_STEP][PASSED] - println(symbol): null

2019-08-24 13:04:10 - [TEST_STEP][PASSED] - if (i == 2 &amp;&amp; wildList.indexOf(symbol) != -1): null

2019-08-24 13:04:10 - [TEST_STEP][PASSED] - if (i == 3 &amp;&amp; wildList.indexOf(symbol) != -1): null

2019-08-24 13:04:10 - [TEST_STEP][PASSED] - if (i == 4 &amp;&amp; wildList.indexOf(symbol) != -1): null

2019-08-24 13:04:10 - [TEST_STEP][PASSED] - symbol = symbol: null

2019-08-24 13:04:10 - [TEST_STEP][PASSED] - println(symbol): null

2019-08-24 13:04:10 - [TEST_STEP][PASSED] - if (i == 2 &amp;&amp; wildList.indexOf(symbol) != -1): null

2019-08-24 13:04:10 - [TEST_STEP][PASSED] - if (i == 3 &amp;&amp; wildList.indexOf(symbol) != -1): null

2019-08-24 13:04:10 - [TEST_STEP][PASSED] - if (i == 4 &amp;&amp; wildList.indexOf(symbol) != -1): null

2019-08-24 13:04:10 - [TEST_STEP][PASSED] - free_spin_reel_counter = free_spin_reel_counter: null

2019-08-24 13:04:10 - [TEST_STEP][PASSED] - println("reel 3 wild found: " + free_spin_reel_counter[0]): null

2019-08-24 13:04:10 - [TEST_STEP][PASSED] - println("reel 4 wild found: " + free_spin_reel_counter[1]): null

2019-08-24 13:04:10 - [TEST_STEP][PASSED] - println("reel 5 wild found: " + free_spin_reel_counter[2]): null

2019-08-24 13:04:10 - [TEST_STEP][PASSED] - M4_spin_reels = M4_spin_reels: null

2019-08-24 13:04:10 - [TEST_STEP][PASSED] - M4_spin_reels_symbols = symbol: null

2019-08-24 13:04:10 - [TEST_STEP][PASSED] - M4_spin_reels_symbols = M4_spin_reels_symbols: null

2019-08-24 13:04:10 - [TEST_STEP][PASSED] - M4_spin_reel_wins = reel_wins: null

2019-08-24 13:04:10 - [TEST_STEP][PASSED] - M4_spin_reel_wins = M4_spin_reel_wins: null

2019-08-24 13:04:10 - [TEST_STEP][PASSED] - println("GlobalVariable.M4_spin_reel_wins is: " + M4_spin_reel_wins): null

2019-08-24 13:04:10 - [TEST_STEP][PASSED] - M4_spin_total_bonus_win_this_round = total_bonus_win_this_round: null

2019-08-24 13:04:10 - [TEST_STEP][PASSED] - M4_spin_total_bonus_win_this_round = M4_spin_total_bonus_win_this_round: null

2019-08-24 13:04:10 - [TEST_STEP][PASSED] - println("GlobalVariable.M4_spin_total_bonus_win_this_round is: " + M4_spin_total_bonus_win_this_round): null

2019-08-24 13:04:10 - [TEST_STEP][PASSED] - M4_spin_bonus_spin_result = spin_result: null

2019-08-24 13:04:10 - [TEST_STEP][PASSED] - M4_spin_bonus_spin_result = M4_spin_bonus_spin_result: null

2019-08-24 13:04:10 - [MESSAGE][PASSED] - Verify response successfully

2019-08-24 13:04:10 - [MESSAGE][PASSED] - Send request and verify the response successfully

2019-08-24 13:04:10 - [TEST_STEP][PASSED] - if (M4_total_bonus_spins_int != 0 &amp;&amp; M4_spin_reels_symbols[2].contains("WILD_Expanding")): null

2019-08-24 13:04:10 - [TEST_STEP][PASSED] - free_spin_reel_counter = free_spin_reel_counter: null

2019-08-24 13:04:10 - [TEST_STEP][PASSED] - M4_spin_reels_symbols = M4_spin_reels_symbols: null

2019-08-24 13:04:10 - [TEST_STEP][PASSED] - M4_total_bonus_spins = M4_total_bonus_spins: null

2019-08-24 13:04:10 - [TEST_STEP][PASSED] - spin_result = sendRequestAndVerify(findTestObject("INT/RGS(M4)/1_M4_spin", ["M4_login_user_id":M4_login_user_id, "rgs_session_token":rgs_session_token, "partner":Partner])): Send request and verify the response successfully

2019-08-24 13:04:10 - [MESSAGE][INFO] - HAR: /Users/eiralee/Katalon_Script/SuperWild/Reports/20190824_125957/INT/superWild_5/20190824_125957/requests/main/78.har

2019-08-24 13:04:10 - [TEST_CASE][PASSED] - Start Test Case : Verification: Verification accomplished successfully

2019-08-24 13:04:10 - [TEST_STEP][PASSED] - request = getInstance().getCurrentRequest(): null

2019-08-24 13:04:10 - [TEST_STEP][PASSED] - response = getInstance().getCurrentResponse(): null

2019-08-24 13:04:10 - [TEST_STEP][PASSED] - verifyResponseStatusCode(response, 200): Verify response status code successfully

2019-08-24 13:04:10 - [MESSAGE][PASSED] - Verify response status code successfully

2019-08-24 13:04:10 - [TEST_STEP][PASSED] - getStatusCode()).isEqualTo(200): null

2019-08-24 13:04:10 - [TEST_STEP][PASSED] - newline = System.getProperty("line.separator"): null

2019-08-24 13:04:12 - [TEST_STEP][PASSED] - M4_spin = new groovy.json.JsonSlurper(): null

2019-08-24 13:04:12 - [TEST_STEP][PASSED] - result_M4_spin = M4_spin.parseText(response.getResponseBodyContent()): null

2019-08-24 13:04:12 - [TEST_STEP][PASSED] - M4_spin_current_balance = current_balance: null

2019-08-24 13:04:12 - [TEST_STEP][PASSED] - M4_spin_current_balance = M4_spin_current_balance: null

2019-08-24 13:04:12 - [TEST_STEP][PASSED] - M4_spin_transaction_id = causality: null

2019-08-24 13:04:12 - [TEST_STEP][PASSED] - M4_spin_transaction_id = M4_spin_transaction_id: null

2019-08-24 13:04:12 - [TEST_STEP][PASSED] - M4_spin_round_id = round_id: null

2019-08-24 13:04:12 - [TEST_STEP][PASSED] - M4_spin_round_id = M4_spin_round_id: null

2019-08-24 13:04:12 - [TEST_STEP][PASSED] - M4_spin_line_wins = line_wins: null

2019-08-24 13:04:12 - [TEST_STEP][PASSED] - M4_spin_line_wins = M4_spin_line_wins: null

2019-08-24 13:04:12 - [TEST_STEP][PASSED] - M4_total_bonus_spins_int = total_bonus_spins: null

2019-08-24 13:04:12 - [TEST_STEP][PASSED] - println("******M4_total_bonus_spins type is:*******" + newline + getClass().getName()): null

2019-08-24 13:04:12 - [TEST_STEP][PASSED] - M4_total_bonus_spins_int = M4_total_bonus_spins_int: null

2019-08-24 13:04:12 - [TEST_STEP][PASSED] - M4_total_bonus_spins = Integer.toString(M4_total_bonus_spins_int): null

2019-08-24 13:04:12 - [TEST_STEP][PASSED] - M4_total_bonus_spins = M4_total_bonus_spins: null

2019-08-24 13:04:12 - [TEST_STEP][PASSED] - println("M4_total_bonus_spins is:" + M4_total_bonus_spins): null

2019-08-24 13:04:12 - [TEST_STEP][PASSED] - M4_spin_bonus_data = bonus_data: null

2019-08-24 13:04:12 - [TEST_STEP][PASSED] - M4_spin_features_triggered = result_M4_spin: null

2019-08-24 13:04:12 - [TEST_STEP][PASSED] - wild = []: null

2019-08-24 13:04:12 - [TEST_STEP][PASSED] - wild[0] = "WILD_Expanding": null

2019-08-24 13:04:12 - [TEST_STEP][PASSED] - wild[1] = "WILD_Normal": null

2019-08-24 13:04:12 - [TEST_STEP][PASSED] - wild[2] = "WILD_Double": null

2019-08-24 13:04:12 - [TEST_STEP][PASSED] - wild[3] = "WILD_ExtraFG": null

2019-08-24 13:04:12 - [TEST_STEP][PASSED] - wild[4] = "WILD_Triple": null

2019-08-24 13:04:12 - [TEST_STEP][PASSED] - wildList = Arrays.asList(wild): null

2019-08-24 13:04:12 - [TEST_STEP][PASSED] - wildList = wildList: null

2019-08-24 13:04:12 - [TEST_STEP][PASSED] - free_spin_reel_counter = []: null

2019-08-24 13:04:12 - [TEST_STEP][PASSED] - free_spin_reel_counter[0] = 0: null

2019-08-24 13:04:12 - [TEST_STEP][PASSED] - free_spin_reel_counter[1] = 0: null

2019-08-24 13:04:12 - [TEST_STEP][PASSED] - free_spin_reel_counter[2] = 0: null

2019-08-24 13:04:12 - [TEST_STEP][PASSED] - M4_spin_reels = reels: null

2019-08-24 13:04:12 - [TEST_STEP][PASSED] - for ([i = 0, i &lt; M4_spin_reels.size(), (i++)]): null

2019-08-24 13:04:12 - [TEST_STEP][PASSED] - symbols = symbols: null

2019-08-24 13:04:12 - [TEST_STEP][PASSED] - for ([j = 0, j &lt; symbols.size(), (j++)]): null

2019-08-24 13:04:12 - [TEST_STEP][PASSED] - symbol = symbol: null

2019-08-24 13:04:12 - [TEST_STEP][PASSED] - println(symbol): null

2019-08-24 13:04:12 - [TEST_STEP][PASSED] - if (i == 2 &amp;&amp; wildList.indexOf(symbol) != -1): null

2019-08-24 13:04:12 - [TEST_STEP][PASSED] - if (i == 3 &amp;&amp; wildList.indexOf(symbol) != -1): null

2019-08-24 13:04:12 - [TEST_STEP][PASSED] - if (i == 4 &amp;&amp; wildList.indexOf(symbol) != -1): null

2019-08-24 13:04:12 - [TEST_STEP][PASSED] - symbol = symbol: null

2019-08-24 13:04:12 - [TEST_STEP][PASSED] - println(symbol): null

2019-08-24 13:04:12 - [TEST_STEP][PASSED] - if (i == 2 &amp;&amp; wildList.indexOf(symbol) != -1): null

2019-08-24 13:04:12 - [TEST_STEP][PASSED] - if (i == 3 &amp;&amp; wildList.indexOf(symbol) != -1): null

2019-08-24 13:04:12 - [TEST_STEP][PASSED] - if (i == 4 &amp;&amp; wildList.indexOf(symbol) != -1): null

2019-08-24 13:04:12 - [TEST_STEP][PASSED] - symbol = symbol: null

2019-08-24 13:04:12 - [TEST_STEP][PASSED] - println(symbol): null

2019-08-24 13:04:12 - [TEST_STEP][PASSED] - if (i == 2 &amp;&amp; wildList.indexOf(symbol) != -1): null

2019-08-24 13:04:12 - [TEST_STEP][PASSED] - if (i == 3 &amp;&amp; wildList.indexOf(symbol) != -1): null

2019-08-24 13:04:12 - [TEST_STEP][PASSED] - if (i == 4 &amp;&amp; wildList.indexOf(symbol) != -1): null

2019-08-24 13:04:12 - [TEST_STEP][PASSED] - symbols = symbols: null

2019-08-24 13:04:12 - [TEST_STEP][PASSED] - for ([j = 0, j &lt; symbols.size(), (j++)]): null

2019-08-24 13:04:12 - [TEST_STEP][PASSED] - symbol = symbol: null

2019-08-24 13:04:12 - [TEST_STEP][PASSED] - println(symbol): null

2019-08-24 13:04:12 - [TEST_STEP][PASSED] - if (i == 2 &amp;&amp; wildList.indexOf(symbol) != -1): null

2019-08-24 13:04:12 - [TEST_STEP][PASSED] - if (i == 3 &amp;&amp; wildList.indexOf(symbol) != -1): null

2019-08-24 13:04:12 - [TEST_STEP][PASSED] - if (i == 4 &amp;&amp; wildList.indexOf(symbol) != -1): null

2019-08-24 13:04:12 - [TEST_STEP][PASSED] - symbol = symbol: null

2019-08-24 13:04:12 - [TEST_STEP][PASSED] - println(symbol): null

2019-08-24 13:04:12 - [TEST_STEP][PASSED] - if (i == 2 &amp;&amp; wildList.indexOf(symbol) != -1): null

2019-08-24 13:04:12 - [TEST_STEP][PASSED] - if (i == 3 &amp;&amp; wildList.indexOf(symbol) != -1): null

2019-08-24 13:04:12 - [TEST_STEP][PASSED] - if (i == 4 &amp;&amp; wildList.indexOf(symbol) != -1): null

2019-08-24 13:04:12 - [TEST_STEP][PASSED] - symbol = symbol: null

2019-08-24 13:04:12 - [TEST_STEP][PASSED] - println(symbol): null

2019-08-24 13:04:12 - [TEST_STEP][PASSED] - if (i == 2 &amp;&amp; wildList.indexOf(symbol) != -1): null

2019-08-24 13:04:12 - [TEST_STEP][PASSED] - if (i == 3 &amp;&amp; wildList.indexOf(symbol) != -1): null

2019-08-24 13:04:12 - [TEST_STEP][PASSED] - if (i == 4 &amp;&amp; wildList.indexOf(symbol) != -1): null

2019-08-24 13:04:12 - [TEST_STEP][PASSED] - symbols = symbols: null

2019-08-24 13:04:12 - [TEST_STEP][PASSED] - for ([j = 0, j &lt; symbols.size(), (j++)]): null

2019-08-24 13:04:12 - [TEST_STEP][PASSED] - symbol = symbol: null

2019-08-24 13:04:12 - [TEST_STEP][PASSED] - println(symbol): null

2019-08-24 13:04:12 - [TEST_STEP][PASSED] - if (i == 2 &amp;&amp; wildList.indexOf(symbol) != -1): null

2019-08-24 13:04:12 - [TEST_STEP][PASSED] - println("wild found on reel 3, adding counter by 1"): null

2019-08-24 13:04:12 - [TEST_STEP][PASSED] - free_spin_reel_counter[0] = free_spin_reel_counter[0] + 1: null

2019-08-24 13:04:12 - [TEST_STEP][PASSED] - if (i == 3 &amp;&amp; wildList.indexOf(symbol) != -1): null

2019-08-24 13:04:12 - [TEST_STEP][PASSED] - if (i == 4 &amp;&amp; wildList.indexOf(symbol) != -1): null

2019-08-24 13:04:12 - [TEST_STEP][PASSED] - symbol = symbol: null

2019-08-24 13:04:12 - [TEST_STEP][PASSED] - println(symbol): null

2019-08-24 13:04:12 - [TEST_STEP][PASSED] - if (i == 2 &amp;&amp; wildList.indexOf(symbol) != -1): null

2019-08-24 13:04:12 - [TEST_STEP][PASSED] - if (i == 3 &amp;&amp; wildList.indexOf(symbol) != -1): null

2019-08-24 13:04:12 - [TEST_STEP][PASSED] - if (i == 4 &amp;&amp; wildList.indexOf(symbol) != -1): null

2019-08-24 13:04:12 - [TEST_STEP][PASSED] - symbol = symbol: null

2019-08-24 13:04:12 - [TEST_STEP][PASSED] - println(symbol): null

2019-08-24 13:04:12 - [TEST_STEP][PASSED] - if (i == 2 &amp;&amp; wildList.indexOf(symbol) != -1): null

2019-08-24 13:04:12 - [TEST_STEP][PASSED] - if (i == 3 &amp;&amp; wildList.indexOf(symbol) != -1): null

2019-08-24 13:04:12 - [TEST_STEP][PASSED] - if (i == 4 &amp;&amp; wildList.indexOf(symbol) != -1): null

2019-08-24 13:04:12 - [TEST_STEP][PASSED] - symbols = symbols: null

2019-08-24 13:04:12 - [TEST_STEP][PASSED] - for ([j = 0, j &lt; symbols.size(), (j++)]): null

2019-08-24 13:04:12 - [TEST_STEP][PASSED] - symbol = symbol: null

2019-08-24 13:04:12 - [TEST_STEP][PASSED] - println(symbol): null

2019-08-24 13:04:12 - [TEST_STEP][PASSED] - if (i == 2 &amp;&amp; wildList.indexOf(symbol) != -1): null

2019-08-24 13:04:12 - [TEST_STEP][PASSED] - if (i == 3 &amp;&amp; wildList.indexOf(symbol) != -1): null

2019-08-24 13:04:12 - [TEST_STEP][PASSED] - if (i == 4 &amp;&amp; wildList.indexOf(symbol) != -1): null

2019-08-24 13:04:12 - [TEST_STEP][PASSED] - symbol = symbol: null

2019-08-24 13:04:12 - [TEST_STEP][PASSED] - println(symbol): null

2019-08-24 13:04:12 - [TEST_STEP][PASSED] - if (i == 2 &amp;&amp; wildList.indexOf(symbol) != -1): null

2019-08-24 13:04:12 - [TEST_STEP][PASSED] - if (i == 3 &amp;&amp; wildList.indexOf(symbol) != -1): null

2019-08-24 13:04:12 - [TEST_STEP][PASSED] - if (i == 4 &amp;&amp; wildList.indexOf(symbol) != -1): null

2019-08-24 13:04:12 - [TEST_STEP][PASSED] - symbol = symbol: null

2019-08-24 13:04:12 - [TEST_STEP][PASSED] - println(symbol): null

2019-08-24 13:04:12 - [TEST_STEP][PASSED] - if (i == 2 &amp;&amp; wildList.indexOf(symbol) != -1): null

2019-08-24 13:04:12 - [TEST_STEP][PASSED] - if (i == 3 &amp;&amp; wildList.indexOf(symbol) != -1): null

2019-08-24 13:04:12 - [TEST_STEP][PASSED] - if (i == 4 &amp;&amp; wildList.indexOf(symbol) != -1): null

2019-08-24 13:04:12 - [TEST_STEP][PASSED] - symbols = symbols: null

2019-08-24 13:04:12 - [TEST_STEP][PASSED] - for ([j = 0, j &lt; symbols.size(), (j++)]): null

2019-08-24 13:04:12 - [TEST_STEP][PASSED] - symbol = symbol: null

2019-08-24 13:04:12 - [TEST_STEP][PASSED] - println(symbol): null

2019-08-24 13:04:12 - [TEST_STEP][PASSED] - if (i == 2 &amp;&amp; wildList.indexOf(symbol) != -1): null

2019-08-24 13:04:12 - [TEST_STEP][PASSED] - if (i == 3 &amp;&amp; wildList.indexOf(symbol) != -1): null

2019-08-24 13:04:12 - [TEST_STEP][PASSED] - if (i == 4 &amp;&amp; wildList.indexOf(symbol) != -1): null

2019-08-24 13:04:12 - [TEST_STEP][PASSED] - symbol = symbol: null

2019-08-24 13:04:12 - [TEST_STEP][PASSED] - println(symbol): null

2019-08-24 13:04:12 - [TEST_STEP][PASSED] - if (i == 2 &amp;&amp; wildList.indexOf(symbol) != -1): null

2019-08-24 13:04:12 - [TEST_STEP][PASSED] - if (i == 3 &amp;&amp; wildList.indexOf(symbol) != -1): null

2019-08-24 13:04:12 - [TEST_STEP][PASSED] - if (i == 4 &amp;&amp; wildList.indexOf(symbol) != -1): null

2019-08-24 13:04:12 - [TEST_STEP][PASSED] - symbol = symbol: null

2019-08-24 13:04:12 - [TEST_STEP][PASSED] - println(symbol): null

2019-08-24 13:04:12 - [TEST_STEP][PASSED] - if (i == 2 &amp;&amp; wildList.indexOf(symbol) != -1): null

2019-08-24 13:04:12 - [TEST_STEP][PASSED] - if (i == 3 &amp;&amp; wildList.indexOf(symbol) != -1): null

2019-08-24 13:04:12 - [TEST_STEP][PASSED] - if (i == 4 &amp;&amp; wildList.indexOf(symbol) != -1): null

2019-08-24 13:04:12 - [TEST_STEP][PASSED] - free_spin_reel_counter = free_spin_reel_counter: null

2019-08-24 13:04:12 - [TEST_STEP][PASSED] - println("reel 3 wild found: " + free_spin_reel_counter[0]): null

2019-08-24 13:04:12 - [TEST_STEP][PASSED] - println("reel 4 wild found: " + free_spin_reel_counter[1]): null

2019-08-24 13:04:12 - [TEST_STEP][PASSED] - println("reel 5 wild found: " + free_spin_reel_counter[2]): null

2019-08-24 13:04:12 - [TEST_STEP][PASSED] - M4_spin_reels = M4_spin_reels: null

2019-08-24 13:04:12 - [TEST_STEP][PASSED] - M4_spin_reels_symbols = symbol: null

2019-08-24 13:04:12 - [TEST_STEP][PASSED] - M4_spin_reels_symbols = M4_spin_reels_symbols: null

2019-08-24 13:04:12 - [TEST_STEP][PASSED] - M4_spin_reel_wins = reel_wins: null

2019-08-24 13:04:12 - [TEST_STEP][PASSED] - M4_spin_reel_wins = M4_spin_reel_wins: null

2019-08-24 13:04:12 - [TEST_STEP][PASSED] - println("GlobalVariable.M4_spin_reel_wins is: " + M4_spin_reel_wins): null

2019-08-24 13:04:12 - [TEST_STEP][PASSED] - M4_spin_total_bonus_win_this_round = total_bonus_win_this_round: null

2019-08-24 13:04:12 - [TEST_STEP][PASSED] - M4_spin_total_bonus_win_this_round = M4_spin_total_bonus_win_this_round: null

2019-08-24 13:04:12 - [TEST_STEP][PASSED] - println("GlobalVariable.M4_spin_total_bonus_win_this_round is: " + M4_spin_total_bonus_win_this_round): null

2019-08-24 13:04:12 - [TEST_STEP][PASSED] - M4_spin_bonus_spin_result = spin_result: null

2019-08-24 13:04:12 - [TEST_STEP][PASSED] - M4_spin_bonus_spin_result = M4_spin_bonus_spin_result: null

2019-08-24 13:04:12 - [MESSAGE][PASSED] - Verify response successfully

2019-08-24 13:04:12 - [MESSAGE][PASSED] - Send request and verify the response successfully

2019-08-24 13:04:12 - [TEST_STEP][PASSED] - if (M4_total_bonus_spins_int != 0 &amp;&amp; M4_spin_reels_symbols[2].contains("WILD_Expanding")): null

2019-08-24 13:04:12 - [TEST_STEP][PASSED] - free_spin_reel_counter = free_spin_reel_counter: null

2019-08-24 13:04:12 - [TEST_STEP][PASSED] - M4_spin_reels_symbols = M4_spin_reels_symbols: null

2019-08-24 13:04:12 - [TEST_STEP][PASSED] - M4_total_bonus_spins = M4_total_bonus_spins: null

2019-08-24 13:04:12 - [TEST_STEP][PASSED] - spin_result = sendRequestAndVerify(findTestObject("INT/RGS(M4)/1_M4_spin", ["M4_login_user_id":M4_login_user_id, "rgs_session_token":rgs_session_token, "partner":Partner])): Send request and verify the response successfully

2019-08-24 13:04:13 - [MESSAGE][INFO] - HAR: /Users/eiralee/Katalon_Script/SuperWild/Reports/20190824_125957/INT/superWild_5/20190824_125957/requests/main/79.har

2019-08-24 13:04:13 - [TEST_CASE][PASSED] - Start Test Case : Verification: Verification accomplished successfully

2019-08-24 13:04:13 - [TEST_STEP][PASSED] - request = getInstance().getCurrentRequest(): null

2019-08-24 13:04:13 - [TEST_STEP][PASSED] - response = getInstance().getCurrentResponse(): null

2019-08-24 13:04:13 - [TEST_STEP][PASSED] - verifyResponseStatusCode(response, 200): Verify response status code successfully

2019-08-24 13:04:13 - [MESSAGE][PASSED] - Verify response status code successfully

2019-08-24 13:04:13 - [TEST_STEP][PASSED] - getStatusCode()).isEqualTo(200): null

2019-08-24 13:04:13 - [TEST_STEP][PASSED] - newline = System.getProperty("line.separator"): null

2019-08-24 13:04:13 - [TEST_STEP][PASSED] - M4_spin = new groovy.json.JsonSlurper(): null

2019-08-24 13:04:13 - [TEST_STEP][PASSED] - result_M4_spin = M4_spin.parseText(response.getResponseBodyContent()): null

2019-08-24 13:04:13 - [TEST_STEP][PASSED] - M4_spin_current_balance = current_balance: null

2019-08-24 13:04:13 - [TEST_STEP][PASSED] - M4_spin_current_balance = M4_spin_current_balance: null

2019-08-24 13:04:13 - [TEST_STEP][PASSED] - M4_spin_transaction_id = causality: null

2019-08-24 13:04:13 - [TEST_STEP][PASSED] - M4_spin_transaction_id = M4_spin_transaction_id: null

2019-08-24 13:04:13 - [TEST_STEP][PASSED] - M4_spin_round_id = round_id: null

2019-08-24 13:04:13 - [TEST_STEP][PASSED] - M4_spin_round_id = M4_spin_round_id: null

2019-08-24 13:04:13 - [TEST_STEP][PASSED] - M4_spin_line_wins = line_wins: null

2019-08-24 13:04:13 - [TEST_STEP][PASSED] - M4_spin_line_wins = M4_spin_line_wins: null

2019-08-24 13:04:13 - [TEST_STEP][PASSED] - M4_total_bonus_spins_int = total_bonus_spins: null

2019-08-24 13:04:13 - [TEST_STEP][PASSED] - println("******M4_total_bonus_spins type is:*******" + newline + getClass().getName()): null

2019-08-24 13:04:13 - [TEST_STEP][PASSED] - M4_total_bonus_spins_int = M4_total_bonus_spins_int: null

2019-08-24 13:04:13 - [TEST_STEP][PASSED] - M4_total_bonus_spins = Integer.toString(M4_total_bonus_spins_int): null

2019-08-24 13:04:13 - [TEST_STEP][PASSED] - M4_total_bonus_spins = M4_total_bonus_spins: null

2019-08-24 13:04:13 - [TEST_STEP][PASSED] - println("M4_total_bonus_spins is:" + M4_total_bonus_spins): null

2019-08-24 13:04:13 - [TEST_STEP][PASSED] - M4_spin_bonus_data = bonus_data: null

2019-08-24 13:04:13 - [TEST_STEP][PASSED] - M4_spin_features_triggered = result_M4_spin: null

2019-08-24 13:04:13 - [TEST_STEP][PASSED] - wild = []: null

2019-08-24 13:04:13 - [TEST_STEP][PASSED] - wild[0] = "WILD_Expanding": null

2019-08-24 13:04:13 - [TEST_STEP][PASSED] - wild[1] = "WILD_Normal": null

2019-08-24 13:04:13 - [TEST_STEP][PASSED] - wild[2] = "WILD_Double": null

2019-08-24 13:04:13 - [TEST_STEP][PASSED] - wild[3] = "WILD_ExtraFG": null

2019-08-24 13:04:13 - [TEST_STEP][PASSED] - wild[4] = "WILD_Triple": null

2019-08-24 13:04:13 - [TEST_STEP][PASSED] - wildList = Arrays.asList(wild): null

2019-08-24 13:04:13 - [TEST_STEP][PASSED] - wildList = wildList: null

2019-08-24 13:04:13 - [TEST_STEP][PASSED] - free_spin_reel_counter = []: null

2019-08-24 13:04:13 - [TEST_STEP][PASSED] - free_spin_reel_counter[0] = 0: null

2019-08-24 13:04:13 - [TEST_STEP][PASSED] - free_spin_reel_counter[1] = 0: null

2019-08-24 13:04:13 - [TEST_STEP][PASSED] - free_spin_reel_counter[2] = 0: null

2019-08-24 13:04:13 - [TEST_STEP][PASSED] - M4_spin_reels = reels: null

2019-08-24 13:04:13 - [TEST_STEP][PASSED] - for ([i = 0, i &lt; M4_spin_reels.size(), (i++)]): null

2019-08-24 13:04:13 - [TEST_STEP][PASSED] - symbols = symbols: null

2019-08-24 13:04:13 - [TEST_STEP][PASSED] - for ([j = 0, j &lt; symbols.size(), (j++)]): null

2019-08-24 13:04:13 - [TEST_STEP][PASSED] - symbol = symbol: null

2019-08-24 13:04:13 - [TEST_STEP][PASSED] - println(symbol): null

2019-08-24 13:04:13 - [TEST_STEP][PASSED] - if (i == 2 &amp;&amp; wildList.indexOf(symbol) != -1): null

2019-08-24 13:04:13 - [TEST_STEP][PASSED] - if (i == 3 &amp;&amp; wildList.indexOf(symbol) != -1): null

2019-08-24 13:04:13 - [TEST_STEP][PASSED] - if (i == 4 &amp;&amp; wildList.indexOf(symbol) != -1): null

2019-08-24 13:04:13 - [TEST_STEP][PASSED] - symbol = symbol: null

2019-08-24 13:04:13 - [TEST_STEP][PASSED] - println(symbol): null

2019-08-24 13:04:13 - [TEST_STEP][PASSED] - if (i == 2 &amp;&amp; wildList.indexOf(symbol) != -1): null

2019-08-24 13:04:13 - [TEST_STEP][PASSED] - if (i == 3 &amp;&amp; wildList.indexOf(symbol) != -1): null

2019-08-24 13:04:13 - [TEST_STEP][PASSED] - if (i == 4 &amp;&amp; wildList.indexOf(symbol) != -1): null

2019-08-24 13:04:13 - [TEST_STEP][PASSED] - symbol = symbol: null

2019-08-24 13:04:13 - [TEST_STEP][PASSED] - println(symbol): null

2019-08-24 13:04:13 - [TEST_STEP][PASSED] - if (i == 2 &amp;&amp; wildList.indexOf(symbol) != -1): null

2019-08-24 13:04:13 - [TEST_STEP][PASSED] - if (i == 3 &amp;&amp; wildList.indexOf(symbol) != -1): null

2019-08-24 13:04:13 - [TEST_STEP][PASSED] - if (i == 4 &amp;&amp; wildList.indexOf(symbol) != -1): null

2019-08-24 13:04:13 - [TEST_STEP][PASSED] - symbols = symbols: null

2019-08-24 13:04:13 - [TEST_STEP][PASSED] - for ([j = 0, j &lt; symbols.size(), (j++)]): null

2019-08-24 13:04:13 - [TEST_STEP][PASSED] - symbol = symbol: null

2019-08-24 13:04:13 - [TEST_STEP][PASSED] - println(symbol): null

2019-08-24 13:04:13 - [TEST_STEP][PASSED] - if (i == 2 &amp;&amp; wildList.indexOf(symbol) != -1): null

2019-08-24 13:04:13 - [TEST_STEP][PASSED] - if (i == 3 &amp;&amp; wildList.indexOf(symbol) != -1): null

2019-08-24 13:04:13 - [TEST_STEP][PASSED] - if (i == 4 &amp;&amp; wildList.indexOf(symbol) != -1): null

2019-08-24 13:04:13 - [TEST_STEP][PASSED] - symbol = symbol: null

2019-08-24 13:04:13 - [TEST_STEP][PASSED] - println(symbol): null

2019-08-24 13:04:13 - [TEST_STEP][PASSED] - if (i == 2 &amp;&amp; wildList.indexOf(symbol) != -1): null

2019-08-24 13:04:13 - [TEST_STEP][PASSED] - if (i == 3 &amp;&amp; wildList.indexOf(symbol) != -1): null

2019-08-24 13:04:13 - [TEST_STEP][PASSED] - if (i == 4 &amp;&amp; wildList.indexOf(symbol) != -1): null

2019-08-24 13:04:13 - [TEST_STEP][PASSED] - symbol = symbol: null

2019-08-24 13:04:13 - [TEST_STEP][PASSED] - println(symbol): null

2019-08-24 13:04:13 - [TEST_STEP][PASSED] - if (i == 2 &amp;&amp; wildList.indexOf(symbol) != -1): null

2019-08-24 13:04:13 - [TEST_STEP][PASSED] - if (i == 3 &amp;&amp; wildList.indexOf(symbol) != -1): null

2019-08-24 13:04:13 - [TEST_STEP][PASSED] - if (i == 4 &amp;&amp; wildList.indexOf(symbol) != -1): null

2019-08-24 13:04:13 - [TEST_STEP][PASSED] - symbols = symbols: null

2019-08-24 13:04:13 - [TEST_STEP][PASSED] - for ([j = 0, j &lt; symbols.size(), (j++)]): null

2019-08-24 13:04:13 - [TEST_STEP][PASSED] - symbol = symbol: null

2019-08-24 13:04:13 - [TEST_STEP][PASSED] - println(symbol): null

2019-08-24 13:04:13 - [TEST_STEP][PASSED] - if (i == 2 &amp;&amp; wildList.indexOf(symbol) != -1): null

2019-08-24 13:04:13 - [TEST_STEP][PASSED] - println("wild found on reel 3, adding counter by 1"): null

2019-08-24 13:04:13 - [TEST_STEP][PASSED] - free_spin_reel_counter[0] = free_spin_reel_counter[0] + 1: null

2019-08-24 13:04:13 - [TEST_STEP][PASSED] - if (i == 3 &amp;&amp; wildList.indexOf(symbol) != -1): null

2019-08-24 13:04:13 - [TEST_STEP][PASSED] - if (i == 4 &amp;&amp; wildList.indexOf(symbol) != -1): null

2019-08-24 13:04:13 - [TEST_STEP][PASSED] - symbol = symbol: null

2019-08-24 13:04:13 - [TEST_STEP][PASSED] - println(symbol): null

2019-08-24 13:04:13 - [TEST_STEP][PASSED] - if (i == 2 &amp;&amp; wildList.indexOf(symbol) != -1): null

2019-08-24 13:04:13 - [TEST_STEP][PASSED] - if (i == 3 &amp;&amp; wildList.indexOf(symbol) != -1): null

2019-08-24 13:04:13 - [TEST_STEP][PASSED] - if (i == 4 &amp;&amp; wildList.indexOf(symbol) != -1): null

2019-08-24 13:04:13 - [TEST_STEP][PASSED] - symbol = symbol: null

2019-08-24 13:04:13 - [TEST_STEP][PASSED] - println(symbol): null

2019-08-24 13:04:13 - [TEST_STEP][PASSED] - if (i == 2 &amp;&amp; wildList.indexOf(symbol) != -1): null

2019-08-24 13:04:13 - [TEST_STEP][PASSED] - if (i == 3 &amp;&amp; wildList.indexOf(symbol) != -1): null

2019-08-24 13:04:13 - [TEST_STEP][PASSED] - if (i == 4 &amp;&amp; wildList.indexOf(symbol) != -1): null

2019-08-24 13:04:13 - [TEST_STEP][PASSED] - symbols = symbols: null

2019-08-24 13:04:13 - [TEST_STEP][PASSED] - for ([j = 0, j &lt; symbols.size(), (j++)]): null

2019-08-24 13:04:13 - [TEST_STEP][PASSED] - symbol = symbol: null

2019-08-24 13:04:13 - [TEST_STEP][PASSED] - println(symbol): null

2019-08-24 13:04:13 - [TEST_STEP][PASSED] - if (i == 2 &amp;&amp; wildList.indexOf(symbol) != -1): null

2019-08-24 13:04:13 - [TEST_STEP][PASSED] - if (i == 3 &amp;&amp; wildList.indexOf(symbol) != -1): null

2019-08-24 13:04:13 - [TEST_STEP][PASSED] - if (i == 4 &amp;&amp; wildList.indexOf(symbol) != -1): null

2019-08-24 13:04:13 - [TEST_STEP][PASSED] - symbol = symbol: null

2019-08-24 13:04:13 - [TEST_STEP][PASSED] - println(symbol): null

2019-08-24 13:04:13 - [TEST_STEP][PASSED] - if (i == 2 &amp;&amp; wildList.indexOf(symbol) != -1): null

2019-08-24 13:04:13 - [TEST_STEP][PASSED] - if (i == 3 &amp;&amp; wildList.indexOf(symbol) != -1): null

2019-08-24 13:04:13 - [TEST_STEP][PASSED] - if (i == 4 &amp;&amp; wildList.indexOf(symbol) != -1): null

2019-08-24 13:04:13 - [TEST_STEP][PASSED] - symbol = symbol: null

2019-08-24 13:04:13 - [TEST_STEP][PASSED] - println(symbol): null

2019-08-24 13:04:13 - [TEST_STEP][PASSED] - if (i == 2 &amp;&amp; wildList.indexOf(symbol) != -1): null

2019-08-24 13:04:13 - [TEST_STEP][PASSED] - if (i == 3 &amp;&amp; wildList.indexOf(symbol) != -1): null

2019-08-24 13:04:13 - [TEST_STEP][PASSED] - if (i == 4 &amp;&amp; wildList.indexOf(symbol) != -1): null

2019-08-24 13:04:13 - [TEST_STEP][PASSED] - symbols = symbols: null

2019-08-24 13:04:13 - [TEST_STEP][PASSED] - for ([j = 0, j &lt; symbols.size(), (j++)]): null

2019-08-24 13:04:13 - [TEST_STEP][PASSED] - symbol = symbol: null

2019-08-24 13:04:13 - [TEST_STEP][PASSED] - println(symbol): null

2019-08-24 13:04:13 - [TEST_STEP][PASSED] - if (i == 2 &amp;&amp; wildList.indexOf(symbol) != -1): null

2019-08-24 13:04:13 - [TEST_STEP][PASSED] - if (i == 3 &amp;&amp; wildList.indexOf(symbol) != -1): null

2019-08-24 13:04:13 - [TEST_STEP][PASSED] - if (i == 4 &amp;&amp; wildList.indexOf(symbol) != -1): null

2019-08-24 13:04:13 - [TEST_STEP][PASSED] - symbol = symbol: null

2019-08-24 13:04:13 - [TEST_STEP][PASSED] - println(symbol): null

2019-08-24 13:04:13 - [TEST_STEP][PASSED] - if (i == 2 &amp;&amp; wildList.indexOf(symbol) != -1): null

2019-08-24 13:04:13 - [TEST_STEP][PASSED] - if (i == 3 &amp;&amp; wildList.indexOf(symbol) != -1): null

2019-08-24 13:04:13 - [TEST_STEP][PASSED] - if (i == 4 &amp;&amp; wildList.indexOf(symbol) != -1): null

2019-08-24 13:04:13 - [TEST_STEP][PASSED] - symbol = symbol: null

2019-08-24 13:04:13 - [TEST_STEP][PASSED] - println(symbol): null

2019-08-24 13:04:13 - [TEST_STEP][PASSED] - if (i == 2 &amp;&amp; wildList.indexOf(symbol) != -1): null

2019-08-24 13:04:13 - [TEST_STEP][PASSED] - if (i == 3 &amp;&amp; wildList.indexOf(symbol) != -1): null

2019-08-24 13:04:13 - [TEST_STEP][PASSED] - if (i == 4 &amp;&amp; wildList.indexOf(symbol) != -1): null

2019-08-24 13:04:13 - [TEST_STEP][PASSED] - free_spin_reel_counter = free_spin_reel_counter: null

2019-08-24 13:04:13 - [TEST_STEP][PASSED] - println("reel 3 wild found: " + free_spin_reel_counter[0]): null

2019-08-24 13:04:13 - [TEST_STEP][PASSED] - println("reel 4 wild found: " + free_spin_reel_counter[1]): null

2019-08-24 13:04:13 - [TEST_STEP][PASSED] - println("reel 5 wild found: " + free_spin_reel_counter[2]): null

2019-08-24 13:04:13 - [TEST_STEP][PASSED] - M4_spin_reels = M4_spin_reels: null

2019-08-24 13:04:13 - [TEST_STEP][PASSED] - M4_spin_reels_symbols = symbol: null

2019-08-24 13:04:13 - [TEST_STEP][PASSED] - M4_spin_reels_symbols = M4_spin_reels_symbols: null

2019-08-24 13:04:13 - [TEST_STEP][PASSED] - M4_spin_reel_wins = reel_wins: null

2019-08-24 13:04:13 - [TEST_STEP][PASSED] - M4_spin_reel_wins = M4_spin_reel_wins: null

2019-08-24 13:04:13 - [TEST_STEP][PASSED] - println("GlobalVariable.M4_spin_reel_wins is: " + M4_spin_reel_wins): null

2019-08-24 13:04:13 - [TEST_STEP][PASSED] - M4_spin_total_bonus_win_this_round = total_bonus_win_this_round: null

2019-08-24 13:04:13 - [TEST_STEP][PASSED] - M4_spin_total_bonus_win_this_round = M4_spin_total_bonus_win_this_round: null

2019-08-24 13:04:13 - [TEST_STEP][PASSED] - println("GlobalVariable.M4_spin_total_bonus_win_this_round is: " + M4_spin_total_bonus_win_this_round): null

2019-08-24 13:04:13 - [TEST_STEP][PASSED] - M4_spin_bonus_spin_result = spin_result: null

2019-08-24 13:04:13 - [TEST_STEP][PASSED] - M4_spin_bonus_spin_result = M4_spin_bonus_spin_result: null

2019-08-24 13:04:13 - [MESSAGE][PASSED] - Verify response successfully

2019-08-24 13:04:13 - [MESSAGE][PASSED] - Send request and verify the response successfully

2019-08-24 13:04:13 - [TEST_STEP][PASSED] - if (M4_total_bonus_spins_int != 0 &amp;&amp; M4_spin_reels_symbols[2].contains("WILD_Expanding")): null

2019-08-24 13:04:13 - [TEST_STEP][PASSED] - free_spin_reel_counter = free_spin_reel_counter: null

2019-08-24 13:04:13 - [TEST_STEP][PASSED] - M4_spin_reels_symbols = M4_spin_reels_symbols: null

2019-08-24 13:04:13 - [TEST_STEP][PASSED] - M4_total_bonus_spins = M4_total_bonus_spins: null

2019-08-24 13:04:13 - [TEST_STEP][PASSED] - spin_result = sendRequestAndVerify(findTestObject("INT/RGS(M4)/1_M4_spin", ["M4_login_user_id":M4_login_user_id, "rgs_session_token":rgs_session_token, "partner":Partner])): Send request and verify the response successfully

2019-08-24 13:04:13 - [MESSAGE][INFO] - HAR: /Users/eiralee/Katalon_Script/SuperWild/Reports/20190824_125957/INT/superWild_5/20190824_125957/requests/main/80.har

2019-08-24 13:04:13 - [TEST_CASE][PASSED] - Start Test Case : Verification: Verification accomplished successfully

2019-08-24 13:04:13 - [TEST_STEP][PASSED] - request = getInstance().getCurrentRequest(): null

2019-08-24 13:04:13 - [TEST_STEP][PASSED] - response = getInstance().getCurrentResponse(): null

2019-08-24 13:04:13 - [TEST_STEP][PASSED] - verifyResponseStatusCode(response, 200): Verify response status code successfully

2019-08-24 13:04:13 - [MESSAGE][PASSED] - Verify response status code successfully

2019-08-24 13:04:13 - [TEST_STEP][PASSED] - getStatusCode()).isEqualTo(200): null

2019-08-24 13:04:13 - [TEST_STEP][PASSED] - newline = System.getProperty("line.separator"): null

2019-08-24 13:04:13 - [TEST_STEP][PASSED] - M4_spin = new groovy.json.JsonSlurper(): null

2019-08-24 13:04:13 - [TEST_STEP][PASSED] - result_M4_spin = M4_spin.parseText(response.getResponseBodyContent()): null

2019-08-24 13:04:13 - [TEST_STEP][PASSED] - M4_spin_current_balance = current_balance: null

2019-08-24 13:04:13 - [TEST_STEP][PASSED] - M4_spin_current_balance = M4_spin_current_balance: null

2019-08-24 13:04:13 - [TEST_STEP][PASSED] - M4_spin_transaction_id = causality: null

2019-08-24 13:04:13 - [TEST_STEP][PASSED] - M4_spin_transaction_id = M4_spin_transaction_id: null

2019-08-24 13:04:13 - [TEST_STEP][PASSED] - M4_spin_round_id = round_id: null

2019-08-24 13:04:13 - [TEST_STEP][PASSED] - M4_spin_round_id = M4_spin_round_id: null

2019-08-24 13:04:13 - [TEST_STEP][PASSED] - M4_spin_line_wins = line_wins: null

2019-08-24 13:04:13 - [TEST_STEP][PASSED] - M4_spin_line_wins = M4_spin_line_wins: null

2019-08-24 13:04:13 - [TEST_STEP][PASSED] - M4_total_bonus_spins_int = total_bonus_spins: null

2019-08-24 13:04:13 - [TEST_STEP][PASSED] - println("******M4_total_bonus_spins type is:*******" + newline + getClass().getName()): null

2019-08-24 13:04:13 - [TEST_STEP][PASSED] - M4_total_bonus_spins_int = M4_total_bonus_spins_int: null

2019-08-24 13:04:13 - [TEST_STEP][PASSED] - M4_total_bonus_spins = Integer.toString(M4_total_bonus_spins_int): null

2019-08-24 13:04:13 - [TEST_STEP][PASSED] - M4_total_bonus_spins = M4_total_bonus_spins: null

2019-08-24 13:04:13 - [TEST_STEP][PASSED] - println("M4_total_bonus_spins is:" + M4_total_bonus_spins): null

2019-08-24 13:04:13 - [TEST_STEP][PASSED] - M4_spin_bonus_data = bonus_data: null

2019-08-24 13:04:13 - [TEST_STEP][PASSED] - M4_spin_features_triggered = result_M4_spin: null

2019-08-24 13:04:13 - [TEST_STEP][PASSED] - wild = []: null

2019-08-24 13:04:13 - [TEST_STEP][PASSED] - wild[0] = "WILD_Expanding": null

2019-08-24 13:04:13 - [TEST_STEP][PASSED] - wild[1] = "WILD_Normal": null

2019-08-24 13:04:13 - [TEST_STEP][PASSED] - wild[2] = "WILD_Double": null

2019-08-24 13:04:13 - [TEST_STEP][PASSED] - wild[3] = "WILD_ExtraFG": null

2019-08-24 13:04:13 - [TEST_STEP][PASSED] - wild[4] = "WILD_Triple": null

2019-08-24 13:04:13 - [TEST_STEP][PASSED] - wildList = Arrays.asList(wild): null

2019-08-24 13:04:17 - [TEST_STEP][PASSED] - wildList = wildList: null

2019-08-24 13:04:17 - [TEST_STEP][PASSED] - free_spin_reel_counter = []: null

2019-08-24 13:04:17 - [TEST_STEP][PASSED] - free_spin_reel_counter[0] = 0: null

2019-08-24 13:04:17 - [TEST_STEP][PASSED] - free_spin_reel_counter[1] = 0: null

2019-08-24 13:04:17 - [TEST_STEP][PASSED] - free_spin_reel_counter[2] = 0: null

2019-08-24 13:04:17 - [TEST_STEP][PASSED] - M4_spin_reels = reels: null

2019-08-24 13:04:17 - [TEST_STEP][PASSED] - for ([i = 0, i &lt; M4_spin_reels.size(), (i++)]): null

2019-08-24 13:04:17 - [TEST_STEP][PASSED] - symbols = symbols: null

2019-08-24 13:04:17 - [TEST_STEP][PASSED] - for ([j = 0, j &lt; symbols.size(), (j++)]): null

2019-08-24 13:04:17 - [TEST_STEP][PASSED] - symbol = symbol: null

2019-08-24 13:04:17 - [TEST_STEP][PASSED] - println(symbol): null

2019-08-24 13:04:17 - [TEST_STEP][PASSED] - if (i == 2 &amp;&amp; wildList.indexOf(symbol) != -1): null

2019-08-24 13:04:23 - [TEST_STEP][PASSED] - if (i == 3 &amp;&amp; wildList.indexOf(symbol) != -1): null

2019-08-24 13:04:23 - [TEST_STEP][PASSED] - if (i == 4 &amp;&amp; wildList.indexOf(symbol) != -1): null

2019-08-24 13:04:23 - [TEST_STEP][PASSED] - symbol = symbol: null

2019-08-24 13:04:23 - [TEST_STEP][PASSED] - println(symbol): null

2019-08-24 13:04:23 - [TEST_STEP][PASSED] - if (i == 2 &amp;&amp; wildList.indexOf(symbol) != -1): null

2019-08-24 13:04:28 - [TEST_STEP][PASSED] - if (i == 3 &amp;&amp; wildList.indexOf(symbol) != -1): null

2019-08-24 13:04:28 - [TEST_STEP][PASSED] - if (i == 4 &amp;&amp; wildList.indexOf(symbol) != -1): null

2019-08-24 13:04:28 - [TEST_STEP][PASSED] - symbol = symbol: null

2019-08-24 13:04:28 - [TEST_STEP][PASSED] - println(symbol): null

2019-08-24 13:04:28 - [TEST_STEP][PASSED] - if (i == 2 &amp;&amp; wildList.indexOf(symbol) != -1): null

2019-08-24 13:04:28 - [TEST_STEP][PASSED] - if (i == 3 &amp;&amp; wildList.indexOf(symbol) != -1): null

2019-08-24 13:04:28 - [TEST_STEP][PASSED] - if (i == 4 &amp;&amp; wildList.indexOf(symbol) != -1): null

2019-08-24 13:04:28 - [TEST_STEP][PASSED] - symbols = symbols: null

2019-08-24 13:04:28 - [TEST_STEP][PASSED] - for ([j = 0, j &lt; symbols.size(), (j++)]): null

2019-08-24 13:04:28 - [TEST_STEP][PASSED] - symbol = symbol: null

2019-08-24 13:04:28 - [TEST_STEP][PASSED] - println(symbol): null

2019-08-24 13:04:28 - [TEST_STEP][PASSED] - if (i == 2 &amp;&amp; wildList.indexOf(symbol) != -1): null

2019-08-24 13:04:28 - [TEST_STEP][PASSED] - if (i == 3 &amp;&amp; wildList.indexOf(symbol) != -1): null

2019-08-24 13:04:28 - [TEST_STEP][PASSED] - if (i == 4 &amp;&amp; wildList.indexOf(symbol) != -1): null

2019-08-24 13:04:28 - [TEST_STEP][PASSED] - symbol = symbol: null

2019-08-24 13:04:28 - [TEST_STEP][PASSED] - println(symbol): null

2019-08-24 13:04:28 - [TEST_STEP][PASSED] - if (i == 2 &amp;&amp; wildList.indexOf(symbol) != -1): null

2019-08-24 13:04:28 - [TEST_STEP][PASSED] - if (i == 3 &amp;&amp; wildList.indexOf(symbol) != -1): null

2019-08-24 13:04:28 - [TEST_STEP][PASSED] - if (i == 4 &amp;&amp; wildList.indexOf(symbol) != -1): null

2019-08-24 13:04:28 - [TEST_STEP][PASSED] - symbol = symbol: null

2019-08-24 13:04:28 - [TEST_STEP][PASSED] - println(symbol): null

2019-08-24 13:04:28 - [TEST_STEP][PASSED] - if (i == 2 &amp;&amp; wildList.indexOf(symbol) != -1): null

2019-08-24 13:04:28 - [TEST_STEP][PASSED] - if (i == 3 &amp;&amp; wildList.indexOf(symbol) != -1): null

2019-08-24 13:04:28 - [TEST_STEP][PASSED] - if (i == 4 &amp;&amp; wildList.indexOf(symbol) != -1): null

2019-08-24 13:04:28 - [TEST_STEP][PASSED] - symbols = symbols: null

2019-08-24 13:04:28 - [TEST_STEP][PASSED] - for ([j = 0, j &lt; symbols.size(), (j++)]): null

2019-08-24 13:04:28 - [TEST_STEP][PASSED] - symbol = symbol: null

2019-08-24 13:04:28 - [TEST_STEP][PASSED] - println(symbol): null

2019-08-24 13:04:28 - [TEST_STEP][PASSED] - if (i == 2 &amp;&amp; wildList.indexOf(symbol) != -1): null

2019-08-24 13:04:28 - [TEST_STEP][PASSED] - if (i == 3 &amp;&amp; wildList.indexOf(symbol) != -1): null

2019-08-24 13:04:28 - [TEST_STEP][PASSED] - if (i == 4 &amp;&amp; wildList.indexOf(symbol) != -1): null

2019-08-24 13:04:28 - [TEST_STEP][PASSED] - symbol = symbol: null

2019-08-24 13:04:28 - [TEST_STEP][PASSED] - println(symbol): null

2019-08-24 13:04:28 - [TEST_STEP][PASSED] - if (i == 2 &amp;&amp; wildList.indexOf(symbol) != -1): null

2019-08-24 13:04:28 - [TEST_STEP][PASSED] - if (i == 3 &amp;&amp; wildList.indexOf(symbol) != -1): null

2019-08-24 13:04:28 - [TEST_STEP][PASSED] - if (i == 4 &amp;&amp; wildList.indexOf(symbol) != -1): null

2019-08-24 13:04:28 - [TEST_STEP][PASSED] - symbol = symbol: null

2019-08-24 13:04:28 - [TEST_STEP][PASSED] - println(symbol): null

2019-08-24 13:04:28 - [TEST_STEP][PASSED] - if (i == 2 &amp;&amp; wildList.indexOf(symbol) != -1): null

2019-08-24 13:04:28 - [TEST_STEP][PASSED] - if (i == 3 &amp;&amp; wildList.indexOf(symbol) != -1): null

2019-08-24 13:04:28 - [TEST_STEP][PASSED] - if (i == 4 &amp;&amp; wildList.indexOf(symbol) != -1): null

2019-08-24 13:04:28 - [TEST_STEP][PASSED] - symbols = symbols: null

2019-08-24 13:04:28 - [TEST_STEP][PASSED] - for ([j = 0, j &lt; symbols.size(), (j++)]): null

2019-08-24 13:04:28 - [TEST_STEP][PASSED] - symbol = symbol: null

2019-08-24 13:04:28 - [TEST_STEP][PASSED] - println(symbol): null

2019-08-24 13:04:28 - [TEST_STEP][PASSED] - if (i == 2 &amp;&amp; wildList.indexOf(symbol) != -1): null

2019-08-24 13:04:28 - [TEST_STEP][PASSED] - if (i == 3 &amp;&amp; wildList.indexOf(symbol) != -1): null

2019-08-24 13:04:28 - [TEST_STEP][PASSED] - if (i == 4 &amp;&amp; wildList.indexOf(symbol) != -1): null

2019-08-24 13:04:28 - [TEST_STEP][PASSED] - symbol = symbol: null

2019-08-24 13:04:28 - [TEST_STEP][PASSED] - println(symbol): null

2019-08-24 13:04:28 - [TEST_STEP][PASSED] - if (i == 2 &amp;&amp; wildList.indexOf(symbol) != -1): null

2019-08-24 13:04:28 - [TEST_STEP][PASSED] - if (i == 3 &amp;&amp; wildList.indexOf(symbol) != -1): null

2019-08-24 13:04:28 - [TEST_STEP][PASSED] - if (i == 4 &amp;&amp; wildList.indexOf(symbol) != -1): null

2019-08-24 13:04:28 - [TEST_STEP][PASSED] - symbol = symbol: null

2019-08-24 13:04:28 - [TEST_STEP][PASSED] - println(symbol): null

2019-08-24 13:04:28 - [TEST_STEP][PASSED] - if (i == 2 &amp;&amp; wildList.indexOf(symbol) != -1): null

2019-08-24 13:04:28 - [TEST_STEP][PASSED] - if (i == 3 &amp;&amp; wildList.indexOf(symbol) != -1): null

2019-08-24 13:04:28 - [TEST_STEP][PASSED] - if (i == 4 &amp;&amp; wildList.indexOf(symbol) != -1): null

2019-08-24 13:04:28 - [TEST_STEP][PASSED] - symbols = symbols: null

2019-08-24 13:04:28 - [TEST_STEP][PASSED] - for ([j = 0, j &lt; symbols.size(), (j++)]): null

2019-08-24 13:04:28 - [TEST_STEP][PASSED] - symbol = symbol: null

2019-08-24 13:04:28 - [TEST_STEP][PASSED] - println(symbol): null

2019-08-24 13:04:28 - [TEST_STEP][PASSED] - if (i == 2 &amp;&amp; wildList.indexOf(symbol) != -1): null

2019-08-24 13:04:28 - [TEST_STEP][PASSED] - if (i == 3 &amp;&amp; wildList.indexOf(symbol) != -1): null

2019-08-24 13:04:28 - [TEST_STEP][PASSED] - if (i == 4 &amp;&amp; wildList.indexOf(symbol) != -1): null

2019-08-24 13:04:28 - [TEST_STEP][PASSED] - symbol = symbol: null

2019-08-24 13:04:28 - [TEST_STEP][PASSED] - println(symbol): null

2019-08-24 13:04:28 - [TEST_STEP][PASSED] - if (i == 2 &amp;&amp; wildList.indexOf(symbol) != -1): null

2019-08-24 13:04:28 - [TEST_STEP][PASSED] - if (i == 3 &amp;&amp; wildList.indexOf(symbol) != -1): null

2019-08-24 13:04:28 - [TEST_STEP][PASSED] - if (i == 4 &amp;&amp; wildList.indexOf(symbol) != -1): null

2019-08-24 13:04:28 - [TEST_STEP][PASSED] - symbol = symbol: null

2019-08-24 13:04:28 - [TEST_STEP][PASSED] - println(symbol): null

2019-08-24 13:04:28 - [TEST_STEP][PASSED] - if (i == 2 &amp;&amp; wildList.indexOf(symbol) != -1): null

2019-08-24 13:04:28 - [TEST_STEP][PASSED] - if (i == 3 &amp;&amp; wildList.indexOf(symbol) != -1): null

2019-08-24 13:04:28 - [TEST_STEP][PASSED] - if (i == 4 &amp;&amp; wildList.indexOf(symbol) != -1): null

2019-08-24 13:04:28 - [TEST_STEP][PASSED] - free_spin_reel_counter = free_spin_reel_counter: null

2019-08-24 13:04:28 - [TEST_STEP][PASSED] - println("reel 3 wild found: " + free_spin_reel_counter[0]): null

2019-08-24 13:04:28 - [TEST_STEP][PASSED] - println("reel 4 wild found: " + free_spin_reel_counter[1]): null

2019-08-24 13:04:28 - [TEST_STEP][PASSED] - println("reel 5 wild found: " + free_spin_reel_counter[2]): null

2019-08-24 13:04:28 - [TEST_STEP][PASSED] - M4_spin_reels = M4_spin_reels: null

2019-08-24 13:04:28 - [TEST_STEP][PASSED] - M4_spin_reels_symbols = symbol: null

2019-08-24 13:04:28 - [TEST_STEP][PASSED] - M4_spin_reels_symbols = M4_spin_reels_symbols: null

2019-08-24 13:04:28 - [TEST_STEP][PASSED] - M4_spin_reel_wins = reel_wins: null

2019-08-24 13:04:28 - [TEST_STEP][PASSED] - M4_spin_reel_wins = M4_spin_reel_wins: null

2019-08-24 13:04:28 - [TEST_STEP][PASSED] - println("GlobalVariable.M4_spin_reel_wins is: " + M4_spin_reel_wins): null

2019-08-24 13:04:28 - [TEST_STEP][PASSED] - M4_spin_total_bonus_win_this_round = total_bonus_win_this_round: null

2019-08-24 13:04:28 - [TEST_STEP][PASSED] - M4_spin_total_bonus_win_this_round = M4_spin_total_bonus_win_this_round: null

2019-08-24 13:04:28 - [TEST_STEP][PASSED] - println("GlobalVariable.M4_spin_total_bonus_win_this_round is: " + M4_spin_total_bonus_win_this_round): null

2019-08-24 13:04:28 - [TEST_STEP][PASSED] - M4_spin_bonus_spin_result = spin_result: null

2019-08-24 13:04:28 - [TEST_STEP][PASSED] - M4_spin_bonus_spin_result = M4_spin_bonus_spin_result: null

2019-08-24 13:04:28 - [MESSAGE][PASSED] - Verify response successfully

2019-08-24 13:04:28 - [MESSAGE][PASSED] - Send request and verify the response successfully

2019-08-24 13:04:28 - [TEST_STEP][PASSED] - if (M4_total_bonus_spins_int != 0 &amp;&amp; M4_spin_reels_symbols[2].contains("WILD_Expanding")): null

2019-08-24 13:04:28 - [TEST_STEP][PASSED] - free_spin_reel_counter = free_spin_reel_counter: null

2019-08-24 13:04:28 - [TEST_STEP][PASSED] - M4_spin_reels_symbols = M4_spin_reels_symbols: null

2019-08-24 13:04:28 - [TEST_STEP][PASSED] - M4_total_bonus_spins = M4_total_bonus_spins: null

2019-08-24 13:04:28 - [TEST_STEP][PASSED] - spin_result = sendRequestAndVerify(findTestObject("INT/RGS(M4)/1_M4_spin", ["M4_login_user_id":M4_login_user_id, "rgs_session_token":rgs_session_token, "partner":Partner])): Send request and verify the response successfully

2019-08-24 13:04:28 - [MESSAGE][INFO] - HAR: /Users/eiralee/Katalon_Script/SuperWild/Reports/20190824_125957/INT/superWild_5/20190824_125957/requests/main/81.har

2019-08-24 13:04:28 - [TEST_CASE][PASSED] - Start Test Case : Verification: Verification accomplished successfully

2019-08-24 13:04:29 - [TEST_STEP][PASSED] - request = getInstance().getCurrentRequest(): null

2019-08-24 13:04:29 - [TEST_STEP][PASSED] - response = getInstance().getCurrentResponse(): null

2019-08-24 13:04:29 - [TEST_STEP][PASSED] - verifyResponseStatusCode(response, 200): Verify response status code successfully

2019-08-24 13:04:29 - [MESSAGE][PASSED] - Verify response status code successfully

2019-08-24 13:04:29 - [TEST_STEP][PASSED] - getStatusCode()).isEqualTo(200): null

2019-08-24 13:04:29 - [TEST_STEP][PASSED] - newline = System.getProperty("line.separator"): null

2019-08-24 13:04:29 - [TEST_STEP][PASSED] - M4_spin = new groovy.json.JsonSlurper(): null

2019-08-24 13:04:29 - [TEST_STEP][PASSED] - result_M4_spin = M4_spin.parseText(response.getResponseBodyContent()): null

2019-08-24 13:04:29 - [TEST_STEP][PASSED] - M4_spin_current_balance = current_balance: null

2019-08-24 13:04:29 - [TEST_STEP][PASSED] - M4_spin_current_balance = M4_spin_current_balance: null

2019-08-24 13:04:29 - [TEST_STEP][PASSED] - M4_spin_transaction_id = causality: null

2019-08-24 13:04:29 - [TEST_STEP][PASSED] - M4_spin_transaction_id = M4_spin_transaction_id: null

2019-08-24 13:04:29 - [TEST_STEP][PASSED] - M4_spin_round_id = round_id: null

2019-08-24 13:04:29 - [TEST_STEP][PASSED] - M4_spin_round_id = M4_spin_round_id: null

2019-08-24 13:04:29 - [TEST_STEP][PASSED] - M4_spin_line_wins = line_wins: null

2019-08-24 13:04:29 - [TEST_STEP][PASSED] - M4_spin_line_wins = M4_spin_line_wins: null

2019-08-24 13:04:29 - [TEST_STEP][PASSED] - M4_total_bonus_spins_int = total_bonus_spins: null

2019-08-24 13:04:29 - [TEST_STEP][PASSED] - println("******M4_total_bonus_spins type is:*******" + newline + getClass().getName()): null

2019-08-24 13:04:29 - [TEST_STEP][PASSED] - M4_total_bonus_spins_int = M4_total_bonus_spins_int: null

2019-08-24 13:04:29 - [TEST_STEP][PASSED] - M4_total_bonus_spins = Integer.toString(M4_total_bonus_spins_int): null

2019-08-24 13:04:29 - [TEST_STEP][PASSED] - M4_total_bonus_spins = M4_total_bonus_spins: null

2019-08-24 13:04:29 - [TEST_STEP][PASSED] - println("M4_total_bonus_spins is:" + M4_total_bonus_spins): null

2019-08-24 13:04:29 - [TEST_STEP][PASSED] - M4_spin_bonus_data = bonus_data: null

2019-08-24 13:04:29 - [TEST_STEP][PASSED] - M4_spin_features_triggered = result_M4_spin: null

2019-08-24 13:04:29 - [TEST_STEP][PASSED] - wild = []: null

2019-08-24 13:04:29 - [TEST_STEP][PASSED] - wild[0] = "WILD_Expanding": null

2019-08-24 13:04:29 - [TEST_STEP][PASSED] - wild[1] = "WILD_Normal": null

2019-08-24 13:04:29 - [TEST_STEP][PASSED] - wild[2] = "WILD_Double": null

2019-08-24 13:04:29 - [TEST_STEP][PASSED] - wild[3] = "WILD_ExtraFG": null

2019-08-24 13:04:29 - [TEST_STEP][PASSED] - wild[4] = "WILD_Triple": null

2019-08-24 13:04:29 - [TEST_STEP][PASSED] - wildList = Arrays.asList(wild): null

2019-08-24 13:04:29 - [TEST_STEP][PASSED] - wildList = wildList: null

2019-08-24 13:04:29 - [TEST_STEP][PASSED] - free_spin_reel_counter = []: null

2019-08-24 13:04:29 - [TEST_STEP][PASSED] - free_spin_reel_counter[0] = 0: null

2019-08-24 13:04:29 - [TEST_STEP][PASSED] - free_spin_reel_counter[1] = 0: null

2019-08-24 13:04:29 - [TEST_STEP][PASSED] - free_spin_reel_counter[2] = 0: null

2019-08-24 13:04:29 - [TEST_STEP][PASSED] - M4_spin_reels = reels: null

2019-08-24 13:04:29 - [TEST_STEP][PASSED] - for ([i = 0, i &lt; M4_spin_reels.size(), (i++)]): null

2019-08-24 13:04:29 - [TEST_STEP][PASSED] - symbols = symbols: null

2019-08-24 13:04:29 - [TEST_STEP][PASSED] - for ([j = 0, j &lt; symbols.size(), (j++)]): null

2019-08-24 13:04:29 - [TEST_STEP][PASSED] - symbol = symbol: null

2019-08-24 13:04:29 - [TEST_STEP][PASSED] - println(symbol): null

2019-08-24 13:04:29 - [TEST_STEP][PASSED] - if (i == 2 &amp;&amp; wildList.indexOf(symbol) != -1): null

2019-08-24 13:04:29 - [TEST_STEP][PASSED] - if (i == 3 &amp;&amp; wildList.indexOf(symbol) != -1): null

2019-08-24 13:04:29 - [TEST_STEP][PASSED] - if (i == 4 &amp;&amp; wildList.indexOf(symbol) != -1): null

2019-08-24 13:04:29 - [TEST_STEP][PASSED] - symbol = symbol: null

2019-08-24 13:04:29 - [TEST_STEP][PASSED] - println(symbol): null

2019-08-24 13:04:29 - [TEST_STEP][PASSED] - if (i == 2 &amp;&amp; wildList.indexOf(symbol) != -1): null

2019-08-24 13:04:29 - [TEST_STEP][PASSED] - if (i == 3 &amp;&amp; wildList.indexOf(symbol) != -1): null

2019-08-24 13:04:29 - [TEST_STEP][PASSED] - if (i == 4 &amp;&amp; wildList.indexOf(symbol) != -1): null

2019-08-24 13:04:29 - [TEST_STEP][PASSED] - symbol = symbol: null

2019-08-24 13:04:29 - [TEST_STEP][PASSED] - println(symbol): null

2019-08-24 13:04:29 - [TEST_STEP][PASSED] - if (i == 2 &amp;&amp; wildList.indexOf(symbol) != -1): null

2019-08-24 13:04:29 - [TEST_STEP][PASSED] - if (i == 3 &amp;&amp; wildList.indexOf(symbol) != -1): null

2019-08-24 13:04:29 - [TEST_STEP][PASSED] - if (i == 4 &amp;&amp; wildList.indexOf(symbol) != -1): null

2019-08-24 13:04:29 - [TEST_STEP][PASSED] - symbols = symbols: null

2019-08-24 13:04:29 - [TEST_STEP][PASSED] - for ([j = 0, j &lt; symbols.size(), (j++)]): null

2019-08-24 13:04:29 - [TEST_STEP][PASSED] - symbol = symbol: null

2019-08-24 13:04:29 - [TEST_STEP][PASSED] - println(symbol): null

2019-08-24 13:04:29 - [TEST_STEP][PASSED] - if (i == 2 &amp;&amp; wildList.indexOf(symbol) != -1): null

2019-08-24 13:04:29 - [TEST_STEP][PASSED] - if (i == 3 &amp;&amp; wildList.indexOf(symbol) != -1): null

2019-08-24 13:04:29 - [TEST_STEP][PASSED] - if (i == 4 &amp;&amp; wildList.indexOf(symbol) != -1): null

2019-08-24 13:04:29 - [TEST_STEP][PASSED] - symbol = symbol: null

2019-08-24 13:04:29 - [TEST_STEP][PASSED] - println(symbol): null

2019-08-24 13:04:29 - [TEST_STEP][PASSED] - if (i == 2 &amp;&amp; wildList.indexOf(symbol) != -1): null

2019-08-24 13:04:29 - [TEST_STEP][PASSED] - if (i == 3 &amp;&amp; wildList.indexOf(symbol) != -1): null

2019-08-24 13:04:29 - [TEST_STEP][PASSED] - if (i == 4 &amp;&amp; wildList.indexOf(symbol) != -1): null

2019-08-24 13:04:29 - [TEST_STEP][PASSED] - symbol = symbol: null

2019-08-24 13:04:29 - [TEST_STEP][PASSED] - println(symbol): null

2019-08-24 13:04:29 - [TEST_STEP][PASSED] - if (i == 2 &amp;&amp; wildList.indexOf(symbol) != -1): null

2019-08-24 13:04:29 - [TEST_STEP][PASSED] - if (i == 3 &amp;&amp; wildList.indexOf(symbol) != -1): null

2019-08-24 13:04:29 - [TEST_STEP][PASSED] - if (i == 4 &amp;&amp; wildList.indexOf(symbol) != -1): null

2019-08-24 13:04:29 - [TEST_STEP][PASSED] - symbols = symbols: null

2019-08-24 13:04:29 - [TEST_STEP][PASSED] - for ([j = 0, j &lt; symbols.size(), (j++)]): null

2019-08-24 13:04:29 - [TEST_STEP][PASSED] - symbol = symbol: null

2019-08-24 13:04:29 - [TEST_STEP][PASSED] - println(symbol): null

2019-08-24 13:04:29 - [TEST_STEP][PASSED] - if (i == 2 &amp;&amp; wildList.indexOf(symbol) != -1): null

2019-08-24 13:04:29 - [TEST_STEP][PASSED] - if (i == 3 &amp;&amp; wildList.indexOf(symbol) != -1): null

2019-08-24 13:04:29 - [TEST_STEP][PASSED] - if (i == 4 &amp;&amp; wildList.indexOf(symbol) != -1): null

2019-08-24 13:04:29 - [TEST_STEP][PASSED] - symbol = symbol: null

2019-08-24 13:04:29 - [TEST_STEP][PASSED] - println(symbol): null

2019-08-24 13:04:29 - [TEST_STEP][PASSED] - if (i == 2 &amp;&amp; wildList.indexOf(symbol) != -1): null

2019-08-24 13:04:29 - [TEST_STEP][PASSED] - println("wild found on reel 3, adding counter by 1"): null

2019-08-24 13:04:29 - [TEST_STEP][PASSED] - free_spin_reel_counter[0] = free_spin_reel_counter[0] + 1: null

2019-08-24 13:04:29 - [TEST_STEP][PASSED] - if (i == 3 &amp;&amp; wildList.indexOf(symbol) != -1): null

2019-08-24 13:04:29 - [TEST_STEP][PASSED] - if (i == 4 &amp;&amp; wildList.indexOf(symbol) != -1): null

2019-08-24 13:04:29 - [TEST_STEP][PASSED] - symbol = symbol: null

2019-08-24 13:04:29 - [TEST_STEP][PASSED] - println(symbol): null

2019-08-24 13:04:29 - [TEST_STEP][PASSED] - if (i == 2 &amp;&amp; wildList.indexOf(symbol) != -1): null

2019-08-24 13:04:29 - [TEST_STEP][PASSED] - if (i == 3 &amp;&amp; wildList.indexOf(symbol) != -1): null

2019-08-24 13:04:29 - [TEST_STEP][PASSED] - if (i == 4 &amp;&amp; wildList.indexOf(symbol) != -1): null

2019-08-24 13:04:29 - [TEST_STEP][PASSED] - symbols = symbols: null

2019-08-24 13:04:29 - [TEST_STEP][PASSED] - for ([j = 0, j &lt; symbols.size(), (j++)]): null

2019-08-24 13:04:29 - [TEST_STEP][PASSED] - symbol = symbol: null

2019-08-24 13:04:29 - [TEST_STEP][PASSED] - println(symbol): null

2019-08-24 13:04:29 - [TEST_STEP][PASSED] - if (i == 2 &amp;&amp; wildList.indexOf(symbol) != -1): null

2019-08-24 13:04:29 - [TEST_STEP][PASSED] - if (i == 3 &amp;&amp; wildList.indexOf(symbol) != -1): null

2019-08-24 13:04:29 - [TEST_STEP][PASSED] - if (i == 4 &amp;&amp; wildList.indexOf(symbol) != -1): null

2019-08-24 13:04:29 - [TEST_STEP][PASSED] - symbol = symbol: null

2019-08-24 13:04:29 - [TEST_STEP][PASSED] - println(symbol): null

2019-08-24 13:04:29 - [TEST_STEP][PASSED] - if (i == 2 &amp;&amp; wildList.indexOf(symbol) != -1): null

2019-08-24 13:04:29 - [TEST_STEP][PASSED] - if (i == 3 &amp;&amp; wildList.indexOf(symbol) != -1): null

2019-08-24 13:04:29 - [TEST_STEP][PASSED] - if (i == 4 &amp;&amp; wildList.indexOf(symbol) != -1): null

2019-08-24 13:04:29 - [TEST_STEP][PASSED] - symbol = symbol: null

2019-08-24 13:04:29 - [TEST_STEP][PASSED] - println(symbol): null

2019-08-24 13:04:29 - [TEST_STEP][PASSED] - if (i == 2 &amp;&amp; wildList.indexOf(symbol) != -1): null

2019-08-24 13:04:29 - [TEST_STEP][PASSED] - if (i == 3 &amp;&amp; wildList.indexOf(symbol) != -1): null

2019-08-24 13:04:29 - [TEST_STEP][PASSED] - if (i == 4 &amp;&amp; wildList.indexOf(symbol) != -1): null

2019-08-24 13:04:29 - [TEST_STEP][PASSED] - symbols = symbols: null

2019-08-24 13:04:29 - [TEST_STEP][PASSED] - for ([j = 0, j &lt; symbols.size(), (j++)]): null

2019-08-24 13:04:29 - [TEST_STEP][PASSED] - symbol = symbol: null

2019-08-24 13:04:29 - [TEST_STEP][PASSED] - println(symbol): null

2019-08-24 13:04:29 - [TEST_STEP][PASSED] - if (i == 2 &amp;&amp; wildList.indexOf(symbol) != -1): null

2019-08-24 13:04:29 - [TEST_STEP][PASSED] - if (i == 3 &amp;&amp; wildList.indexOf(symbol) != -1): null

2019-08-24 13:04:29 - [TEST_STEP][PASSED] - if (i == 4 &amp;&amp; wildList.indexOf(symbol) != -1): null

2019-08-24 13:04:29 - [TEST_STEP][PASSED] - symbol = symbol: null

2019-08-24 13:04:29 - [TEST_STEP][PASSED] - println(symbol): null

2019-08-24 13:04:29 - [TEST_STEP][PASSED] - if (i == 2 &amp;&amp; wildList.indexOf(symbol) != -1): null

2019-08-24 13:04:29 - [TEST_STEP][PASSED] - if (i == 3 &amp;&amp; wildList.indexOf(symbol) != -1): null

2019-08-24 13:04:29 - [TEST_STEP][PASSED] - if (i == 4 &amp;&amp; wildList.indexOf(symbol) != -1): null

2019-08-24 13:04:29 - [TEST_STEP][PASSED] - symbol = symbol: null

2019-08-24 13:04:29 - [TEST_STEP][PASSED] - println(symbol): null

2019-08-24 13:04:29 - [TEST_STEP][PASSED] - if (i == 2 &amp;&amp; wildList.indexOf(symbol) != -1): null

2019-08-24 13:04:29 - [TEST_STEP][PASSED] - if (i == 3 &amp;&amp; wildList.indexOf(symbol) != -1): null

2019-08-24 13:04:29 - [TEST_STEP][PASSED] - if (i == 4 &amp;&amp; wildList.indexOf(symbol) != -1): null

2019-08-24 13:04:29 - [TEST_STEP][PASSED] - free_spin_reel_counter = free_spin_reel_counter: null

2019-08-24 13:04:29 - [TEST_STEP][PASSED] - println("reel 3 wild found: " + free_spin_reel_counter[0]): null

2019-08-24 13:04:29 - [TEST_STEP][PASSED] - println("reel 4 wild found: " + free_spin_reel_counter[1]): null

2019-08-24 13:04:29 - [TEST_STEP][PASSED] - println("reel 5 wild found: " + free_spin_reel_counter[2]): null

2019-08-24 13:04:29 - [TEST_STEP][PASSED] - M4_spin_reels = M4_spin_reels: null

2019-08-24 13:04:29 - [TEST_STEP][PASSED] - M4_spin_reels_symbols = symbol: null

2019-08-24 13:04:29 - [TEST_STEP][PASSED] - M4_spin_reels_symbols = M4_spin_reels_symbols: null

2019-08-24 13:04:29 - [TEST_STEP][PASSED] - M4_spin_reel_wins = reel_wins: null

2019-08-24 13:04:29 - [TEST_STEP][PASSED] - M4_spin_reel_wins = M4_spin_reel_wins: null

2019-08-24 13:04:29 - [TEST_STEP][PASSED] - println("GlobalVariable.M4_spin_reel_wins is: " + M4_spin_reel_wins): null

2019-08-24 13:04:29 - [TEST_STEP][PASSED] - M4_spin_total_bonus_win_this_round = total_bonus_win_this_round: null

2019-08-24 13:04:29 - [TEST_STEP][PASSED] - M4_spin_total_bonus_win_this_round = M4_spin_total_bonus_win_this_round: null

2019-08-24 13:04:29 - [TEST_STEP][PASSED] - println("GlobalVariable.M4_spin_total_bonus_win_this_round is: " + M4_spin_total_bonus_win_this_round): null

2019-08-24 13:04:29 - [TEST_STEP][PASSED] - M4_spin_bonus_spin_result = spin_result: null

2019-08-24 13:04:29 - [TEST_STEP][PASSED] - M4_spin_bonus_spin_result = M4_spin_bonus_spin_result: null

2019-08-24 13:04:29 - [MESSAGE][PASSED] - Verify response successfully

2019-08-24 13:04:29 - [MESSAGE][PASSED] - Send request and verify the response successfully

2019-08-24 13:04:29 - [TEST_STEP][PASSED] - if (M4_total_bonus_spins_int != 0 &amp;&amp; M4_spin_reels_symbols[2].contains("WILD_Expanding")): null

2019-08-24 13:04:29 - [TEST_STEP][PASSED] - free_spin_reel_counter = free_spin_reel_counter: null

2019-08-24 13:04:29 - [TEST_STEP][PASSED] - M4_spin_reels_symbols = M4_spin_reels_symbols: null

2019-08-24 13:04:29 - [TEST_STEP][PASSED] - M4_total_bonus_spins = M4_total_bonus_spins: null

2019-08-24 13:04:29 - [TEST_STEP][PASSED] - spin_result = sendRequestAndVerify(findTestObject("INT/RGS(M4)/1_M4_spin", ["M4_login_user_id":M4_login_user_id, "rgs_session_token":rgs_session_token, "partner":Partner])): Send request and verify the response successfully

2019-08-24 13:04:29 - [MESSAGE][INFO] - HAR: /Users/eiralee/Katalon_Script/SuperWild/Reports/20190824_125957/INT/superWild_5/20190824_125957/requests/main/82.har

2019-08-24 13:04:29 - [TEST_CASE][PASSED] - Start Test Case : Verification: Verification accomplished successfully

2019-08-24 13:04:29 - [TEST_STEP][PASSED] - request = getInstance().getCurrentRequest(): null

2019-08-24 13:04:29 - [TEST_STEP][PASSED] - response = getInstance().getCurrentResponse(): null

2019-08-24 13:04:29 - [TEST_STEP][PASSED] - verifyResponseStatusCode(response, 200): Verify response status code successfully

2019-08-24 13:04:29 - [MESSAGE][PASSED] - Verify response status code successfully

2019-08-24 13:04:29 - [TEST_STEP][PASSED] - getStatusCode()).isEqualTo(200): null

2019-08-24 13:04:29 - [TEST_STEP][PASSED] - newline = System.getProperty("line.separator"): null

2019-08-24 13:04:29 - [TEST_STEP][PASSED] - M4_spin = new groovy.json.JsonSlurper(): null

2019-08-24 13:04:29 - [TEST_STEP][PASSED] - result_M4_spin = M4_spin.parseText(response.getResponseBodyContent()): null

2019-08-24 13:04:29 - [TEST_STEP][PASSED] - M4_spin_current_balance = current_balance: null

2019-08-24 13:04:29 - [TEST_STEP][PASSED] - M4_spin_current_balance = M4_spin_current_balance: null

2019-08-24 13:04:29 - [TEST_STEP][PASSED] - M4_spin_transaction_id = causality: null

2019-08-24 13:04:29 - [TEST_STEP][PASSED] - M4_spin_transaction_id = M4_spin_transaction_id: null

2019-08-24 13:04:29 - [TEST_STEP][PASSED] - M4_spin_round_id = round_id: null

2019-08-24 13:04:29 - [TEST_STEP][PASSED] - M4_spin_round_id = M4_spin_round_id: null

2019-08-24 13:04:29 - [TEST_STEP][PASSED] - M4_spin_line_wins = line_wins: null

2019-08-24 13:04:29 - [TEST_STEP][PASSED] - M4_spin_line_wins = M4_spin_line_wins: null

2019-08-24 13:04:29 - [TEST_STEP][PASSED] - M4_total_bonus_spins_int = total_bonus_spins: null

2019-08-24 13:04:29 - [TEST_STEP][PASSED] - println("******M4_total_bonus_spins type is:*******" + newline + getClass().getName()): null

2019-08-24 13:04:29 - [TEST_STEP][PASSED] - M4_total_bonus_spins_int = M4_total_bonus_spins_int: null

2019-08-24 13:04:29 - [TEST_STEP][PASSED] - M4_total_bonus_spins = Integer.toString(M4_total_bonus_spins_int): null

2019-08-24 13:04:29 - [TEST_STEP][PASSED] - M4_total_bonus_spins = M4_total_bonus_spins: null

2019-08-24 13:04:29 - [TEST_STEP][PASSED] - println("M4_total_bonus_spins is:" + M4_total_bonus_spins): null

2019-08-24 13:04:29 - [TEST_STEP][PASSED] - M4_spin_bonus_data = bonus_data: null

2019-08-24 13:04:29 - [TEST_STEP][PASSED] - M4_spin_features_triggered = result_M4_spin: null

2019-08-24 13:04:29 - [TEST_STEP][PASSED] - wild = []: null

2019-08-24 13:04:29 - [TEST_STEP][PASSED] - wild[0] = "WILD_Expanding": null

2019-08-24 13:04:29 - [TEST_STEP][PASSED] - wild[1] = "WILD_Normal": null

2019-08-24 13:04:29 - [TEST_STEP][PASSED] - wild[2] = "WILD_Double": null

2019-08-24 13:04:29 - [TEST_STEP][PASSED] - wild[3] = "WILD_ExtraFG": null

2019-08-24 13:04:29 - [TEST_STEP][PASSED] - wild[4] = "WILD_Triple": null

2019-08-24 13:04:29 - [TEST_STEP][PASSED] - wildList = Arrays.asList(wild): null

2019-08-24 13:04:29 - [TEST_STEP][PASSED] - wildList = wildList: null

2019-08-24 13:04:29 - [TEST_STEP][PASSED] - free_spin_reel_counter = []: null

2019-08-24 13:04:29 - [TEST_STEP][PASSED] - free_spin_reel_counter[0] = 0: null

2019-08-24 13:04:29 - [TEST_STEP][PASSED] - free_spin_reel_counter[1] = 0: null

2019-08-24 13:04:29 - [TEST_STEP][PASSED] - free_spin_reel_counter[2] = 0: null

2019-08-24 13:04:29 - [TEST_STEP][PASSED] - M4_spin_reels = reels: null

2019-08-24 13:04:29 - [TEST_STEP][PASSED] - for ([i = 0, i &lt; M4_spin_reels.size(), (i++)]): null

2019-08-24 13:04:29 - [TEST_STEP][PASSED] - symbols = symbols: null

2019-08-24 13:04:29 - [TEST_STEP][PASSED] - for ([j = 0, j &lt; symbols.size(), (j++)]): null

2019-08-24 13:04:29 - [TEST_STEP][PASSED] - symbol = symbol: null

2019-08-24 13:04:29 - [TEST_STEP][PASSED] - println(symbol): null

2019-08-24 13:04:29 - [TEST_STEP][PASSED] - if (i == 2 &amp;&amp; wildList.indexOf(symbol) != -1): null

2019-08-24 13:04:29 - [TEST_STEP][PASSED] - if (i == 3 &amp;&amp; wildList.indexOf(symbol) != -1): null

2019-08-24 13:04:29 - [TEST_STEP][PASSED] - if (i == 4 &amp;&amp; wildList.indexOf(symbol) != -1): null

2019-08-24 13:04:29 - [TEST_STEP][PASSED] - symbol = symbol: null

2019-08-24 13:04:29 - [TEST_STEP][PASSED] - println(symbol): null

2019-08-24 13:04:29 - [TEST_STEP][PASSED] - if (i == 2 &amp;&amp; wildList.indexOf(symbol) != -1): null

2019-08-24 13:04:29 - [TEST_STEP][PASSED] - if (i == 3 &amp;&amp; wildList.indexOf(symbol) != -1): null

2019-08-24 13:04:29 - [TEST_STEP][PASSED] - if (i == 4 &amp;&amp; wildList.indexOf(symbol) != -1): null

2019-08-24 13:04:29 - [TEST_STEP][PASSED] - symbol = symbol: null

2019-08-24 13:04:29 - [TEST_STEP][PASSED] - println(symbol): null

2019-08-24 13:04:29 - [TEST_STEP][PASSED] - if (i == 2 &amp;&amp; wildList.indexOf(symbol) != -1): null

2019-08-24 13:04:29 - [TEST_STEP][PASSED] - if (i == 3 &amp;&amp; wildList.indexOf(symbol) != -1): null

2019-08-24 13:04:29 - [TEST_STEP][PASSED] - if (i == 4 &amp;&amp; wildList.indexOf(symbol) != -1): null

2019-08-24 13:04:29 - [TEST_STEP][PASSED] - symbols = symbols: null

2019-08-24 13:04:29 - [TEST_STEP][PASSED] - for ([j = 0, j &lt; symbols.size(), (j++)]): null

2019-08-24 13:04:29 - [TEST_STEP][PASSED] - symbol = symbol: null

2019-08-24 13:04:29 - [TEST_STEP][PASSED] - println(symbol): null

2019-08-24 13:04:29 - [TEST_STEP][PASSED] - if (i == 2 &amp;&amp; wildList.indexOf(symbol) != -1): null

2019-08-24 13:04:29 - [TEST_STEP][PASSED] - if (i == 3 &amp;&amp; wildList.indexOf(symbol) != -1): null

2019-08-24 13:04:29 - [TEST_STEP][PASSED] - if (i == 4 &amp;&amp; wildList.indexOf(symbol) != -1): null

2019-08-24 13:04:29 - [TEST_STEP][PASSED] - symbol = symbol: null

2019-08-24 13:04:29 - [TEST_STEP][PASSED] - println(symbol): null

2019-08-24 13:04:29 - [TEST_STEP][PASSED] - if (i == 2 &amp;&amp; wildList.indexOf(symbol) != -1): null

2019-08-24 13:04:29 - [TEST_STEP][PASSED] - if (i == 3 &amp;&amp; wildList.indexOf(symbol) != -1): null

2019-08-24 13:04:29 - [TEST_STEP][PASSED] - if (i == 4 &amp;&amp; wildList.indexOf(symbol) != -1): null

2019-08-24 13:04:29 - [TEST_STEP][PASSED] - symbol = symbol: null

2019-08-24 13:04:29 - [TEST_STEP][PASSED] - println(symbol): null

2019-08-24 13:04:29 - [TEST_STEP][PASSED] - if (i == 2 &amp;&amp; wildList.indexOf(symbol) != -1): null

2019-08-24 13:04:29 - [TEST_STEP][PASSED] - if (i == 3 &amp;&amp; wildList.indexOf(symbol) != -1): null

2019-08-24 13:04:29 - [TEST_STEP][PASSED] - if (i == 4 &amp;&amp; wildList.indexOf(symbol) != -1): null

2019-08-24 13:04:29 - [TEST_STEP][PASSED] - symbols = symbols: null

2019-08-24 13:04:29 - [TEST_STEP][PASSED] - for ([j = 0, j &lt; symbols.size(), (j++)]): null

2019-08-24 13:04:29 - [TEST_STEP][PASSED] - symbol = symbol: null

2019-08-24 13:04:29 - [TEST_STEP][PASSED] - println(symbol): null

2019-08-24 13:04:29 - [TEST_STEP][PASSED] - if (i == 2 &amp;&amp; wildList.indexOf(symbol) != -1): null

2019-08-24 13:04:29 - [TEST_STEP][PASSED] - if (i == 3 &amp;&amp; wildList.indexOf(symbol) != -1): null

2019-08-24 13:04:29 - [TEST_STEP][PASSED] - if (i == 4 &amp;&amp; wildList.indexOf(symbol) != -1): null

2019-08-24 13:04:29 - [TEST_STEP][PASSED] - symbol = symbol: null

2019-08-24 13:04:29 - [TEST_STEP][PASSED] - println(symbol): null

2019-08-24 13:04:29 - [TEST_STEP][PASSED] - if (i == 2 &amp;&amp; wildList.indexOf(symbol) != -1): null

2019-08-24 13:04:29 - [TEST_STEP][PASSED] - println("wild found on reel 3, adding counter by 1"): null

2019-08-24 13:04:29 - [TEST_STEP][PASSED] - free_spin_reel_counter[0] = free_spin_reel_counter[0] + 1: null

2019-08-24 13:04:29 - [TEST_STEP][PASSED] - if (i == 3 &amp;&amp; wildList.indexOf(symbol) != -1): null

2019-08-24 13:04:29 - [TEST_STEP][PASSED] - if (i == 4 &amp;&amp; wildList.indexOf(symbol) != -1): null

2019-08-24 13:04:29 - [TEST_STEP][PASSED] - symbol = symbol: null

2019-08-24 13:04:29 - [TEST_STEP][PASSED] - println(symbol): null

2019-08-24 13:04:29 - [TEST_STEP][PASSED] - if (i == 2 &amp;&amp; wildList.indexOf(symbol) != -1): null

2019-08-24 13:04:29 - [TEST_STEP][PASSED] - if (i == 3 &amp;&amp; wildList.indexOf(symbol) != -1): null

2019-08-24 13:04:29 - [TEST_STEP][PASSED] - if (i == 4 &amp;&amp; wildList.indexOf(symbol) != -1): null

2019-08-24 13:04:29 - [TEST_STEP][PASSED] - symbols = symbols: null

2019-08-24 13:04:29 - [TEST_STEP][PASSED] - for ([j = 0, j &lt; symbols.size(), (j++)]): null

2019-08-24 13:04:29 - [TEST_STEP][PASSED] - symbol = symbol: null

2019-08-24 13:04:29 - [TEST_STEP][PASSED] - println(symbol): null

2019-08-24 13:04:29 - [TEST_STEP][PASSED] - if (i == 2 &amp;&amp; wildList.indexOf(symbol) != -1): null

2019-08-24 13:04:29 - [TEST_STEP][PASSED] - if (i == 3 &amp;&amp; wildList.indexOf(symbol) != -1): null

2019-08-24 13:04:29 - [TEST_STEP][PASSED] - if (i == 4 &amp;&amp; wildList.indexOf(symbol) != -1): null

2019-08-24 13:04:29 - [TEST_STEP][PASSED] - symbol = symbol: null

2019-08-24 13:04:29 - [TEST_STEP][PASSED] - println(symbol): null

2019-08-24 13:04:29 - [TEST_STEP][PASSED] - if (i == 2 &amp;&amp; wildList.indexOf(symbol) != -1): null

2019-08-24 13:04:29 - [TEST_STEP][PASSED] - if (i == 3 &amp;&amp; wildList.indexOf(symbol) != -1): null

2019-08-24 13:04:29 - [TEST_STEP][PASSED] - if (i == 4 &amp;&amp; wildList.indexOf(symbol) != -1): null

2019-08-24 13:04:29 - [TEST_STEP][PASSED] - symbol = symbol: null

2019-08-24 13:04:29 - [TEST_STEP][PASSED] - println(symbol): null

2019-08-24 13:04:29 - [TEST_STEP][PASSED] - if (i == 2 &amp;&amp; wildList.indexOf(symbol) != -1): null

2019-08-24 13:04:29 - [TEST_STEP][PASSED] - if (i == 3 &amp;&amp; wildList.indexOf(symbol) != -1): null

2019-08-24 13:04:29 - [TEST_STEP][PASSED] - if (i == 4 &amp;&amp; wildList.indexOf(symbol) != -1): null

2019-08-24 13:04:29 - [TEST_STEP][PASSED] - symbols = symbols: null

2019-08-24 13:04:29 - [TEST_STEP][PASSED] - for ([j = 0, j &lt; symbols.size(), (j++)]): null

2019-08-24 13:04:29 - [TEST_STEP][PASSED] - symbol = symbol: null

2019-08-24 13:04:29 - [TEST_STEP][PASSED] - println(symbol): null

2019-08-24 13:04:29 - [TEST_STEP][PASSED] - if (i == 2 &amp;&amp; wildList.indexOf(symbol) != -1): null

2019-08-24 13:04:29 - [TEST_STEP][PASSED] - if (i == 3 &amp;&amp; wildList.indexOf(symbol) != -1): null

2019-08-24 13:04:29 - [TEST_STEP][PASSED] - if (i == 4 &amp;&amp; wildList.indexOf(symbol) != -1): null

2019-08-24 13:04:29 - [TEST_STEP][PASSED] - symbol = symbol: null

2019-08-24 13:04:29 - [TEST_STEP][PASSED] - println(symbol): null

2019-08-24 13:04:29 - [TEST_STEP][PASSED] - if (i == 2 &amp;&amp; wildList.indexOf(symbol) != -1): null

2019-08-24 13:04:29 - [TEST_STEP][PASSED] - if (i == 3 &amp;&amp; wildList.indexOf(symbol) != -1): null

2019-08-24 13:04:29 - [TEST_STEP][PASSED] - if (i == 4 &amp;&amp; wildList.indexOf(symbol) != -1): null

2019-08-24 13:04:29 - [TEST_STEP][PASSED] - symbol = symbol: null

2019-08-24 13:04:29 - [TEST_STEP][PASSED] - println(symbol): null

2019-08-24 13:04:29 - [TEST_STEP][PASSED] - if (i == 2 &amp;&amp; wildList.indexOf(symbol) != -1): null

2019-08-24 13:04:29 - [TEST_STEP][PASSED] - if (i == 3 &amp;&amp; wildList.indexOf(symbol) != -1): null

2019-08-24 13:04:29 - [TEST_STEP][PASSED] - if (i == 4 &amp;&amp; wildList.indexOf(symbol) != -1): null

2019-08-24 13:04:29 - [TEST_STEP][PASSED] - free_spin_reel_counter = free_spin_reel_counter: null

2019-08-24 13:04:29 - [TEST_STEP][PASSED] - println("reel 3 wild found: " + free_spin_reel_counter[0]): null

2019-08-24 13:04:29 - [TEST_STEP][PASSED] - println("reel 4 wild found: " + free_spin_reel_counter[1]): null

2019-08-24 13:04:29 - [TEST_STEP][PASSED] - println("reel 5 wild found: " + free_spin_reel_counter[2]): null

2019-08-24 13:04:29 - [TEST_STEP][PASSED] - M4_spin_reels = M4_spin_reels: null

2019-08-24 13:04:29 - [TEST_STEP][PASSED] - M4_spin_reels_symbols = symbol: null

2019-08-24 13:04:29 - [TEST_STEP][PASSED] - M4_spin_reels_symbols = M4_spin_reels_symbols: null

2019-08-24 13:04:29 - [TEST_STEP][PASSED] - M4_spin_reel_wins = reel_wins: null

2019-08-24 13:04:29 - [TEST_STEP][PASSED] - M4_spin_reel_wins = M4_spin_reel_wins: null

2019-08-24 13:04:29 - [TEST_STEP][PASSED] - println("GlobalVariable.M4_spin_reel_wins is: " + M4_spin_reel_wins): null

2019-08-24 13:04:29 - [TEST_STEP][PASSED] - M4_spin_total_bonus_win_this_round = total_bonus_win_this_round: null

2019-08-24 13:04:29 - [TEST_STEP][PASSED] - M4_spin_total_bonus_win_this_round = M4_spin_total_bonus_win_this_round: null

2019-08-24 13:04:29 - [TEST_STEP][PASSED] - println("GlobalVariable.M4_spin_total_bonus_win_this_round is: " + M4_spin_total_bonus_win_this_round): null

2019-08-24 13:04:29 - [TEST_STEP][PASSED] - M4_spin_bonus_spin_result = spin_result: null

2019-08-24 13:04:29 - [TEST_STEP][PASSED] - M4_spin_bonus_spin_result = M4_spin_bonus_spin_result: null

2019-08-24 13:04:29 - [MESSAGE][PASSED] - Verify response successfully

2019-08-24 13:04:29 - [MESSAGE][PASSED] - Send request and verify the response successfully

2019-08-24 13:04:29 - [TEST_STEP][PASSED] - if (M4_total_bonus_spins_int != 0 &amp;&amp; M4_spin_reels_symbols[2].contains("WILD_Expanding")): null

2019-08-24 13:04:29 - [TEST_STEP][PASSED] - free_spin_reel_counter = free_spin_reel_counter: null

2019-08-24 13:04:29 - [TEST_STEP][PASSED] - M4_spin_reels_symbols = M4_spin_reels_symbols: null

2019-08-24 13:04:29 - [TEST_STEP][PASSED] - M4_total_bonus_spins = M4_total_bonus_spins: null

2019-08-24 13:04:29 - [TEST_STEP][PASSED] - spin_result = sendRequestAndVerify(findTestObject("INT/RGS(M4)/1_M4_spin", ["M4_login_user_id":M4_login_user_id, "rgs_session_token":rgs_session_token, "partner":Partner])): Send request and verify the response successfully

2019-08-24 13:04:30 - [MESSAGE][INFO] - HAR: /Users/eiralee/Katalon_Script/SuperWild/Reports/20190824_125957/INT/superWild_5/20190824_125957/requests/main/83.har

2019-08-24 13:04:30 - [TEST_CASE][PASSED] - Start Test Case : Verification: Verification accomplished successfully

2019-08-24 13:04:30 - [TEST_STEP][PASSED] - request = getInstance().getCurrentRequest(): null

2019-08-24 13:04:30 - [TEST_STEP][PASSED] - response = getInstance().getCurrentResponse(): null

2019-08-24 13:04:30 - [TEST_STEP][PASSED] - verifyResponseStatusCode(response, 200): Verify response status code successfully

2019-08-24 13:04:30 - [MESSAGE][PASSED] - Verify response status code successfully

2019-08-24 13:04:30 - [TEST_STEP][PASSED] - getStatusCode()).isEqualTo(200): null

2019-08-24 13:04:30 - [TEST_STEP][PASSED] - newline = System.getProperty("line.separator"): null

2019-08-24 13:04:30 - [TEST_STEP][PASSED] - M4_spin = new groovy.json.JsonSlurper(): null

2019-08-24 13:04:30 - [TEST_STEP][PASSED] - result_M4_spin = M4_spin.parseText(response.getResponseBodyContent()): null

2019-08-24 13:04:30 - [TEST_STEP][PASSED] - M4_spin_current_balance = current_balance: null

2019-08-24 13:04:30 - [TEST_STEP][PASSED] - M4_spin_current_balance = M4_spin_current_balance: null

2019-08-24 13:04:30 - [TEST_STEP][PASSED] - M4_spin_transaction_id = causality: null

2019-08-24 13:04:30 - [TEST_STEP][PASSED] - M4_spin_transaction_id = M4_spin_transaction_id: null

2019-08-24 13:04:30 - [TEST_STEP][PASSED] - M4_spin_round_id = round_id: null

2019-08-24 13:04:30 - [TEST_STEP][PASSED] - M4_spin_round_id = M4_spin_round_id: null

2019-08-24 13:04:30 - [TEST_STEP][PASSED] - M4_spin_line_wins = line_wins: null

2019-08-24 13:04:30 - [TEST_STEP][PASSED] - M4_spin_line_wins = M4_spin_line_wins: null

2019-08-24 13:04:30 - [TEST_STEP][PASSED] - M4_total_bonus_spins_int = total_bonus_spins: null

2019-08-24 13:04:30 - [TEST_STEP][PASSED] - println("******M4_total_bonus_spins type is:*******" + newline + getClass().getName()): null

2019-08-24 13:04:30 - [TEST_STEP][PASSED] - M4_total_bonus_spins_int = M4_total_bonus_spins_int: null

2019-08-24 13:04:30 - [TEST_STEP][PASSED] - M4_total_bonus_spins = Integer.toString(M4_total_bonus_spins_int): null

2019-08-24 13:04:30 - [TEST_STEP][PASSED] - M4_total_bonus_spins = M4_total_bonus_spins: null

2019-08-24 13:04:30 - [TEST_STEP][PASSED] - println("M4_total_bonus_spins is:" + M4_total_bonus_spins): null

2019-08-24 13:04:30 - [TEST_STEP][PASSED] - M4_spin_bonus_data = bonus_data: null

2019-08-24 13:04:30 - [TEST_STEP][PASSED] - M4_spin_features_triggered = result_M4_spin: null

2019-08-24 13:04:30 - [TEST_STEP][PASSED] - wild = []: null

2019-08-24 13:04:30 - [TEST_STEP][PASSED] - wild[0] = "WILD_Expanding": null

2019-08-24 13:04:30 - [TEST_STEP][PASSED] - wild[1] = "WILD_Normal": null

2019-08-24 13:04:30 - [TEST_STEP][PASSED] - wild[2] = "WILD_Double": null

2019-08-24 13:04:30 - [TEST_STEP][PASSED] - wild[3] = "WILD_ExtraFG": null

2019-08-24 13:04:30 - [TEST_STEP][PASSED] - wild[4] = "WILD_Triple": null

2019-08-24 13:04:30 - [TEST_STEP][PASSED] - wildList = Arrays.asList(wild): null

2019-08-24 13:04:30 - [TEST_STEP][PASSED] - wildList = wildList: null

2019-08-24 13:04:30 - [TEST_STEP][PASSED] - free_spin_reel_counter = []: null

2019-08-24 13:04:30 - [TEST_STEP][PASSED] - free_spin_reel_counter[0] = 0: null

2019-08-24 13:04:30 - [TEST_STEP][PASSED] - free_spin_reel_counter[1] = 0: null

2019-08-24 13:04:30 - [TEST_STEP][PASSED] - free_spin_reel_counter[2] = 0: null

2019-08-24 13:04:30 - [TEST_STEP][PASSED] - M4_spin_reels = reels: null

2019-08-24 13:04:30 - [TEST_STEP][PASSED] - for ([i = 0, i &lt; M4_spin_reels.size(), (i++)]): null

2019-08-24 13:04:30 - [TEST_STEP][PASSED] - symbols = symbols: null

2019-08-24 13:04:30 - [TEST_STEP][PASSED] - for ([j = 0, j &lt; symbols.size(), (j++)]): null

2019-08-24 13:04:30 - [TEST_STEP][PASSED] - symbol = symbol: null

2019-08-24 13:04:30 - [TEST_STEP][PASSED] - println(symbol): null

2019-08-24 13:04:30 - [TEST_STEP][PASSED] - if (i == 2 &amp;&amp; wildList.indexOf(symbol) != -1): null

2019-08-24 13:04:30 - [TEST_STEP][PASSED] - if (i == 3 &amp;&amp; wildList.indexOf(symbol) != -1): null

2019-08-24 13:04:30 - [TEST_STEP][PASSED] - if (i == 4 &amp;&amp; wildList.indexOf(symbol) != -1): null

2019-08-24 13:04:30 - [TEST_STEP][PASSED] - symbol = symbol: null

2019-08-24 13:04:30 - [TEST_STEP][PASSED] - println(symbol): null

2019-08-24 13:04:30 - [TEST_STEP][PASSED] - if (i == 2 &amp;&amp; wildList.indexOf(symbol) != -1): null

2019-08-24 13:04:30 - [TEST_STEP][PASSED] - if (i == 3 &amp;&amp; wildList.indexOf(symbol) != -1): null

2019-08-24 13:04:30 - [TEST_STEP][PASSED] - if (i == 4 &amp;&amp; wildList.indexOf(symbol) != -1): null

2019-08-24 13:04:30 - [TEST_STEP][PASSED] - symbol = symbol: null

2019-08-24 13:04:30 - [TEST_STEP][PASSED] - println(symbol): null

2019-08-24 13:04:30 - [TEST_STEP][PASSED] - if (i == 2 &amp;&amp; wildList.indexOf(symbol) != -1): null

2019-08-24 13:04:30 - [TEST_STEP][PASSED] - if (i == 3 &amp;&amp; wildList.indexOf(symbol) != -1): null

2019-08-24 13:04:30 - [TEST_STEP][PASSED] - if (i == 4 &amp;&amp; wildList.indexOf(symbol) != -1): null

2019-08-24 13:04:30 - [TEST_STEP][PASSED] - symbols = symbols: null

2019-08-24 13:04:30 - [TEST_STEP][PASSED] - for ([j = 0, j &lt; symbols.size(), (j++)]): null

2019-08-24 13:04:30 - [TEST_STEP][PASSED] - symbol = symbol: null

2019-08-24 13:04:30 - [TEST_STEP][PASSED] - println(symbol): null

2019-08-24 13:04:30 - [TEST_STEP][PASSED] - if (i == 2 &amp;&amp; wildList.indexOf(symbol) != -1): null

2019-08-24 13:04:30 - [TEST_STEP][PASSED] - if (i == 3 &amp;&amp; wildList.indexOf(symbol) != -1): null

2019-08-24 13:04:30 - [TEST_STEP][PASSED] - if (i == 4 &amp;&amp; wildList.indexOf(symbol) != -1): null

2019-08-24 13:04:30 - [TEST_STEP][PASSED] - symbol = symbol: null

2019-08-24 13:04:30 - [TEST_STEP][PASSED] - println(symbol): null

2019-08-24 13:04:30 - [TEST_STEP][PASSED] - if (i == 2 &amp;&amp; wildList.indexOf(symbol) != -1): null

2019-08-24 13:04:30 - [TEST_STEP][PASSED] - if (i == 3 &amp;&amp; wildList.indexOf(symbol) != -1): null

2019-08-24 13:04:30 - [TEST_STEP][PASSED] - if (i == 4 &amp;&amp; wildList.indexOf(symbol) != -1): null

2019-08-24 13:04:30 - [TEST_STEP][PASSED] - symbol = symbol: null

2019-08-24 13:04:30 - [TEST_STEP][PASSED] - println(symbol): null

2019-08-24 13:04:30 - [TEST_STEP][PASSED] - if (i == 2 &amp;&amp; wildList.indexOf(symbol) != -1): null

2019-08-24 13:04:30 - [TEST_STEP][PASSED] - if (i == 3 &amp;&amp; wildList.indexOf(symbol) != -1): null

2019-08-24 13:04:30 - [TEST_STEP][PASSED] - if (i == 4 &amp;&amp; wildList.indexOf(symbol) != -1): null

2019-08-24 13:04:30 - [TEST_STEP][PASSED] - symbols = symbols: null

2019-08-24 13:04:30 - [TEST_STEP][PASSED] - for ([j = 0, j &lt; symbols.size(), (j++)]): null

2019-08-24 13:04:30 - [TEST_STEP][PASSED] - symbol = symbol: null

2019-08-24 13:04:30 - [TEST_STEP][PASSED] - println(symbol): null

2019-08-24 13:04:30 - [TEST_STEP][PASSED] - if (i == 2 &amp;&amp; wildList.indexOf(symbol) != -1): null

2019-08-24 13:04:30 - [TEST_STEP][PASSED] - if (i == 3 &amp;&amp; wildList.indexOf(symbol) != -1): null

2019-08-24 13:04:30 - [TEST_STEP][PASSED] - if (i == 4 &amp;&amp; wildList.indexOf(symbol) != -1): null

2019-08-24 13:04:30 - [TEST_STEP][PASSED] - symbol = symbol: null

2019-08-24 13:04:30 - [TEST_STEP][PASSED] - println(symbol): null

2019-08-24 13:04:30 - [TEST_STEP][PASSED] - if (i == 2 &amp;&amp; wildList.indexOf(symbol) != -1): null

2019-08-24 13:04:30 - [TEST_STEP][PASSED] - if (i == 3 &amp;&amp; wildList.indexOf(symbol) != -1): null

2019-08-24 13:04:30 - [TEST_STEP][PASSED] - if (i == 4 &amp;&amp; wildList.indexOf(symbol) != -1): null

2019-08-24 13:04:30 - [TEST_STEP][PASSED] - symbol = symbol: null

2019-08-24 13:04:30 - [TEST_STEP][PASSED] - println(symbol): null

2019-08-24 13:04:30 - [TEST_STEP][PASSED] - if (i == 2 &amp;&amp; wildList.indexOf(symbol) != -1): null

2019-08-24 13:04:30 - [TEST_STEP][PASSED] - if (i == 3 &amp;&amp; wildList.indexOf(symbol) != -1): null

2019-08-24 13:04:30 - [TEST_STEP][PASSED] - if (i == 4 &amp;&amp; wildList.indexOf(symbol) != -1): null

2019-08-24 13:04:30 - [TEST_STEP][PASSED] - symbols = symbols: null

2019-08-24 13:04:30 - [TEST_STEP][PASSED] - for ([j = 0, j &lt; symbols.size(), (j++)]): null

2019-08-24 13:04:30 - [TEST_STEP][PASSED] - symbol = symbol: null

2019-08-24 13:04:30 - [TEST_STEP][PASSED] - println(symbol): null

2019-08-24 13:04:30 - [TEST_STEP][PASSED] - if (i == 2 &amp;&amp; wildList.indexOf(symbol) != -1): null

2019-08-24 13:04:30 - [TEST_STEP][PASSED] - if (i == 3 &amp;&amp; wildList.indexOf(symbol) != -1): null

2019-08-24 13:04:30 - [TEST_STEP][PASSED] - if (i == 4 &amp;&amp; wildList.indexOf(symbol) != -1): null

2019-08-24 13:04:30 - [TEST_STEP][PASSED] - symbol = symbol: null

2019-08-24 13:04:30 - [TEST_STEP][PASSED] - println(symbol): null

2019-08-24 13:04:30 - [TEST_STEP][PASSED] - if (i == 2 &amp;&amp; wildList.indexOf(symbol) != -1): null

2019-08-24 13:04:30 - [TEST_STEP][PASSED] - if (i == 3 &amp;&amp; wildList.indexOf(symbol) != -1): null

2019-08-24 13:04:30 - [TEST_STEP][PASSED] - if (i == 4 &amp;&amp; wildList.indexOf(symbol) != -1): null

2019-08-24 13:04:30 - [TEST_STEP][PASSED] - symbol = symbol: null

2019-08-24 13:04:30 - [TEST_STEP][PASSED] - println(symbol): null

2019-08-24 13:04:30 - [TEST_STEP][PASSED] - if (i == 2 &amp;&amp; wildList.indexOf(symbol) != -1): null

2019-08-24 13:04:30 - [TEST_STEP][PASSED] - if (i == 3 &amp;&amp; wildList.indexOf(symbol) != -1): null

2019-08-24 13:04:30 - [TEST_STEP][PASSED] - if (i == 4 &amp;&amp; wildList.indexOf(symbol) != -1): null

2019-08-24 13:04:30 - [TEST_STEP][PASSED] - symbols = symbols: null

2019-08-24 13:04:30 - [TEST_STEP][PASSED] - for ([j = 0, j &lt; symbols.size(), (j++)]): null

2019-08-24 13:04:30 - [TEST_STEP][PASSED] - symbol = symbol: null

2019-08-24 13:04:30 - [TEST_STEP][PASSED] - println(symbol): null

2019-08-24 13:04:30 - [TEST_STEP][PASSED] - if (i == 2 &amp;&amp; wildList.indexOf(symbol) != -1): null

2019-08-24 13:04:30 - [TEST_STEP][PASSED] - if (i == 3 &amp;&amp; wildList.indexOf(symbol) != -1): null

2019-08-24 13:04:30 - [TEST_STEP][PASSED] - if (i == 4 &amp;&amp; wildList.indexOf(symbol) != -1): null

2019-08-24 13:04:30 - [TEST_STEP][PASSED] - symbol = symbol: null

2019-08-24 13:04:30 - [TEST_STEP][PASSED] - println(symbol): null

2019-08-24 13:04:30 - [TEST_STEP][PASSED] - if (i == 2 &amp;&amp; wildList.indexOf(symbol) != -1): null

2019-08-24 13:04:30 - [TEST_STEP][PASSED] - if (i == 3 &amp;&amp; wildList.indexOf(symbol) != -1): null

2019-08-24 13:04:30 - [TEST_STEP][PASSED] - if (i == 4 &amp;&amp; wildList.indexOf(symbol) != -1): null

2019-08-24 13:04:30 - [TEST_STEP][PASSED] - symbol = symbol: null

2019-08-24 13:04:30 - [TEST_STEP][PASSED] - println(symbol): null

2019-08-24 13:04:30 - [TEST_STEP][PASSED] - if (i == 2 &amp;&amp; wildList.indexOf(symbol) != -1): null

2019-08-24 13:04:30 - [TEST_STEP][PASSED] - if (i == 3 &amp;&amp; wildList.indexOf(symbol) != -1): null

2019-08-24 13:04:30 - [TEST_STEP][PASSED] - if (i == 4 &amp;&amp; wildList.indexOf(symbol) != -1): null

2019-08-24 13:04:30 - [TEST_STEP][PASSED] - free_spin_reel_counter = free_spin_reel_counter: null

2019-08-24 13:04:30 - [TEST_STEP][PASSED] - println("reel 3 wild found: " + free_spin_reel_counter[0]): null

2019-08-24 13:04:30 - [TEST_STEP][PASSED] - println("reel 4 wild found: " + free_spin_reel_counter[1]): null

2019-08-24 13:04:30 - [TEST_STEP][PASSED] - println("reel 5 wild found: " + free_spin_reel_counter[2]): null

2019-08-24 13:04:30 - [TEST_STEP][PASSED] - M4_spin_reels = M4_spin_reels: null

2019-08-24 13:04:30 - [TEST_STEP][PASSED] - M4_spin_reels_symbols = symbol: null

2019-08-24 13:04:30 - [TEST_STEP][PASSED] - M4_spin_reels_symbols = M4_spin_reels_symbols: null

2019-08-24 13:04:30 - [TEST_STEP][PASSED] - M4_spin_reel_wins = reel_wins: null

2019-08-24 13:04:30 - [TEST_STEP][PASSED] - M4_spin_reel_wins = M4_spin_reel_wins: null

2019-08-24 13:04:30 - [TEST_STEP][PASSED] - println("GlobalVariable.M4_spin_reel_wins is: " + M4_spin_reel_wins): null

2019-08-24 13:04:30 - [TEST_STEP][PASSED] - M4_spin_total_bonus_win_this_round = total_bonus_win_this_round: null

2019-08-24 13:04:30 - [TEST_STEP][PASSED] - M4_spin_total_bonus_win_this_round = M4_spin_total_bonus_win_this_round: null

2019-08-24 13:04:30 - [TEST_STEP][PASSED] - println("GlobalVariable.M4_spin_total_bonus_win_this_round is: " + M4_spin_total_bonus_win_this_round): null

2019-08-24 13:04:30 - [TEST_STEP][PASSED] - M4_spin_bonus_spin_result = spin_result: null

2019-08-24 13:04:30 - [TEST_STEP][PASSED] - M4_spin_bonus_spin_result = M4_spin_bonus_spin_result: null

2019-08-24 13:04:30 - [MESSAGE][PASSED] - Verify response successfully

2019-08-24 13:04:30 - [MESSAGE][PASSED] - Send request and verify the response successfully

2019-08-24 13:04:30 - [TEST_STEP][PASSED] - if (M4_total_bonus_spins_int != 0 &amp;&amp; M4_spin_reels_symbols[2].contains("WILD_Expanding")): null

2019-08-24 13:04:30 - [TEST_STEP][PASSED] - free_spin_reel_counter = free_spin_reel_counter: null

2019-08-24 13:04:30 - [TEST_STEP][PASSED] - M4_spin_reels_symbols = M4_spin_reels_symbols: null

2019-08-24 13:04:30 - [TEST_STEP][PASSED] - M4_total_bonus_spins = M4_total_bonus_spins: null

2019-08-24 13:04:30 - [TEST_STEP][PASSED] - spin_result = sendRequestAndVerify(findTestObject("INT/RGS(M4)/1_M4_spin", ["M4_login_user_id":M4_login_user_id, "rgs_session_token":rgs_session_token, "partner":Partner])): Send request and verify the response successfully

2019-08-24 13:04:30 - [MESSAGE][INFO] - HAR: /Users/eiralee/Katalon_Script/SuperWild/Reports/20190824_125957/INT/superWild_5/20190824_125957/requests/main/84.har

2019-08-24 13:04:30 - [TEST_CASE][PASSED] - Start Test Case : Verification: Verification accomplished successfully

2019-08-24 13:04:30 - [TEST_STEP][PASSED] - request = getInstance().getCurrentRequest(): null

2019-08-24 13:04:30 - [TEST_STEP][PASSED] - response = getInstance().getCurrentResponse(): null

2019-08-24 13:04:30 - [TEST_STEP][PASSED] - verifyResponseStatusCode(response, 200): Verify response status code successfully

2019-08-24 13:04:30 - [MESSAGE][PASSED] - Verify response status code successfully

2019-08-24 13:04:30 - [TEST_STEP][PASSED] - getStatusCode()).isEqualTo(200): null

2019-08-24 13:04:30 - [TEST_STEP][PASSED] - newline = System.getProperty("line.separator"): null

2019-08-24 13:04:30 - [TEST_STEP][PASSED] - M4_spin = new groovy.json.JsonSlurper(): null

2019-08-24 13:04:30 - [TEST_STEP][PASSED] - result_M4_spin = M4_spin.parseText(response.getResponseBodyContent()): null

2019-08-24 13:04:30 - [TEST_STEP][PASSED] - M4_spin_current_balance = current_balance: null

2019-08-24 13:04:30 - [TEST_STEP][PASSED] - M4_spin_current_balance = M4_spin_current_balance: null

2019-08-24 13:04:30 - [TEST_STEP][PASSED] - M4_spin_transaction_id = causality: null

2019-08-24 13:04:30 - [TEST_STEP][PASSED] - M4_spin_transaction_id = M4_spin_transaction_id: null

2019-08-24 13:04:30 - [TEST_STEP][PASSED] - M4_spin_round_id = round_id: null

2019-08-24 13:04:30 - [TEST_STEP][PASSED] - M4_spin_round_id = M4_spin_round_id: null

2019-08-24 13:04:30 - [TEST_STEP][PASSED] - M4_spin_line_wins = line_wins: null

2019-08-24 13:04:30 - [TEST_STEP][PASSED] - M4_spin_line_wins = M4_spin_line_wins: null

2019-08-24 13:04:30 - [TEST_STEP][PASSED] - M4_total_bonus_spins_int = total_bonus_spins: null

2019-08-24 13:04:30 - [TEST_STEP][PASSED] - println("******M4_total_bonus_spins type is:*******" + newline + getClass().getName()): null

2019-08-24 13:04:30 - [TEST_STEP][PASSED] - M4_total_bonus_spins_int = M4_total_bonus_spins_int: null

2019-08-24 13:04:30 - [TEST_STEP][PASSED] - M4_total_bonus_spins = Integer.toString(M4_total_bonus_spins_int): null

2019-08-24 13:04:30 - [TEST_STEP][PASSED] - M4_total_bonus_spins = M4_total_bonus_spins: null

2019-08-24 13:04:30 - [TEST_STEP][PASSED] - println("M4_total_bonus_spins is:" + M4_total_bonus_spins): null

2019-08-24 13:04:30 - [TEST_STEP][PASSED] - M4_spin_bonus_data = bonus_data: null

2019-08-24 13:04:30 - [TEST_STEP][PASSED] - M4_spin_features_triggered = result_M4_spin: null

2019-08-24 13:04:30 - [TEST_STEP][PASSED] - wild = []: null

2019-08-24 13:04:30 - [TEST_STEP][PASSED] - wild[0] = "WILD_Expanding": null

2019-08-24 13:04:30 - [TEST_STEP][PASSED] - wild[1] = "WILD_Normal": null

2019-08-24 13:04:30 - [TEST_STEP][PASSED] - wild[2] = "WILD_Double": null

2019-08-24 13:04:30 - [TEST_STEP][PASSED] - wild[3] = "WILD_ExtraFG": null

2019-08-24 13:04:30 - [TEST_STEP][PASSED] - wild[4] = "WILD_Triple": null

2019-08-24 13:04:30 - [TEST_STEP][PASSED] - wildList = Arrays.asList(wild): null

2019-08-24 13:04:30 - [TEST_STEP][PASSED] - wildList = wildList: null

2019-08-24 13:04:30 - [TEST_STEP][PASSED] - free_spin_reel_counter = []: null

2019-08-24 13:04:30 - [TEST_STEP][PASSED] - free_spin_reel_counter[0] = 0: null

2019-08-24 13:04:30 - [TEST_STEP][PASSED] - free_spin_reel_counter[1] = 0: null

2019-08-24 13:04:30 - [TEST_STEP][PASSED] - free_spin_reel_counter[2] = 0: null

2019-08-24 13:04:30 - [TEST_STEP][PASSED] - M4_spin_reels = reels: null

2019-08-24 13:04:30 - [TEST_STEP][PASSED] - for ([i = 0, i &lt; M4_spin_reels.size(), (i++)]): null

2019-08-24 13:04:30 - [TEST_STEP][PASSED] - symbols = symbols: null

2019-08-24 13:04:30 - [TEST_STEP][PASSED] - for ([j = 0, j &lt; symbols.size(), (j++)]): null

2019-08-24 13:04:30 - [TEST_STEP][PASSED] - symbol = symbol: null

2019-08-24 13:04:30 - [TEST_STEP][PASSED] - println(symbol): null

2019-08-24 13:04:30 - [TEST_STEP][PASSED] - if (i == 2 &amp;&amp; wildList.indexOf(symbol) != -1): null

2019-08-24 13:04:30 - [TEST_STEP][PASSED] - if (i == 3 &amp;&amp; wildList.indexOf(symbol) != -1): null

2019-08-24 13:04:30 - [TEST_STEP][PASSED] - if (i == 4 &amp;&amp; wildList.indexOf(symbol) != -1): null

2019-08-24 13:04:30 - [TEST_STEP][PASSED] - symbol = symbol: null

2019-08-24 13:04:30 - [TEST_STEP][PASSED] - println(symbol): null

2019-08-24 13:04:30 - [TEST_STEP][PASSED] - if (i == 2 &amp;&amp; wildList.indexOf(symbol) != -1): null

2019-08-24 13:04:30 - [TEST_STEP][PASSED] - if (i == 3 &amp;&amp; wildList.indexOf(symbol) != -1): null

2019-08-24 13:04:30 - [TEST_STEP][PASSED] - if (i == 4 &amp;&amp; wildList.indexOf(symbol) != -1): null

2019-08-24 13:04:30 - [TEST_STEP][PASSED] - symbol = symbol: null

2019-08-24 13:04:30 - [TEST_STEP][PASSED] - println(symbol): null

2019-08-24 13:04:30 - [TEST_STEP][PASSED] - if (i == 2 &amp;&amp; wildList.indexOf(symbol) != -1): null

2019-08-24 13:04:30 - [TEST_STEP][PASSED] - if (i == 3 &amp;&amp; wildList.indexOf(symbol) != -1): null

2019-08-24 13:04:30 - [TEST_STEP][PASSED] - if (i == 4 &amp;&amp; wildList.indexOf(symbol) != -1): null

2019-08-24 13:04:30 - [TEST_STEP][PASSED] - symbols = symbols: null

2019-08-24 13:04:30 - [TEST_STEP][PASSED] - for ([j = 0, j &lt; symbols.size(), (j++)]): null

2019-08-24 13:04:30 - [TEST_STEP][PASSED] - symbol = symbol: null

2019-08-24 13:04:30 - [TEST_STEP][PASSED] - println(symbol): null

2019-08-24 13:04:30 - [TEST_STEP][PASSED] - if (i == 2 &amp;&amp; wildList.indexOf(symbol) != -1): null

2019-08-24 13:04:30 - [TEST_STEP][PASSED] - if (i == 3 &amp;&amp; wildList.indexOf(symbol) != -1): null

2019-08-24 13:04:30 - [TEST_STEP][PASSED] - if (i == 4 &amp;&amp; wildList.indexOf(symbol) != -1): null

2019-08-24 13:04:30 - [TEST_STEP][PASSED] - symbol = symbol: null

2019-08-24 13:04:30 - [TEST_STEP][PASSED] - println(symbol): null

2019-08-24 13:04:30 - [TEST_STEP][PASSED] - if (i == 2 &amp;&amp; wildList.indexOf(symbol) != -1): null

2019-08-24 13:04:30 - [TEST_STEP][PASSED] - if (i == 3 &amp;&amp; wildList.indexOf(symbol) != -1): null

2019-08-24 13:04:30 - [TEST_STEP][PASSED] - if (i == 4 &amp;&amp; wildList.indexOf(symbol) != -1): null

2019-08-24 13:04:30 - [TEST_STEP][PASSED] - symbol = symbol: null

2019-08-24 13:04:30 - [TEST_STEP][PASSED] - println(symbol): null

2019-08-24 13:04:30 - [TEST_STEP][PASSED] - if (i == 2 &amp;&amp; wildList.indexOf(symbol) != -1): null

2019-08-24 13:04:30 - [TEST_STEP][PASSED] - if (i == 3 &amp;&amp; wildList.indexOf(symbol) != -1): null

2019-08-24 13:04:30 - [TEST_STEP][PASSED] - if (i == 4 &amp;&amp; wildList.indexOf(symbol) != -1): null

2019-08-24 13:04:30 - [TEST_STEP][PASSED] - symbols = symbols: null

2019-08-24 13:04:30 - [TEST_STEP][PASSED] - for ([j = 0, j &lt; symbols.size(), (j++)]): null

2019-08-24 13:04:30 - [TEST_STEP][PASSED] - symbol = symbol: null

2019-08-24 13:04:30 - [TEST_STEP][PASSED] - println(symbol): null

2019-08-24 13:04:30 - [TEST_STEP][PASSED] - if (i == 2 &amp;&amp; wildList.indexOf(symbol) != -1): null

2019-08-24 13:04:30 - [TEST_STEP][PASSED] - if (i == 3 &amp;&amp; wildList.indexOf(symbol) != -1): null

2019-08-24 13:04:30 - [TEST_STEP][PASSED] - if (i == 4 &amp;&amp; wildList.indexOf(symbol) != -1): null

2019-08-24 13:04:30 - [TEST_STEP][PASSED] - symbol = symbol: null

2019-08-24 13:04:30 - [TEST_STEP][PASSED] - println(symbol): null

2019-08-24 13:04:30 - [TEST_STEP][PASSED] - if (i == 2 &amp;&amp; wildList.indexOf(symbol) != -1): null

2019-08-24 13:04:30 - [TEST_STEP][PASSED] - if (i == 3 &amp;&amp; wildList.indexOf(symbol) != -1): null

2019-08-24 13:04:30 - [TEST_STEP][PASSED] - if (i == 4 &amp;&amp; wildList.indexOf(symbol) != -1): null

2019-08-24 13:04:30 - [TEST_STEP][PASSED] - symbol = symbol: null

2019-08-24 13:04:30 - [TEST_STEP][PASSED] - println(symbol): null

2019-08-24 13:04:30 - [TEST_STEP][PASSED] - if (i == 2 &amp;&amp; wildList.indexOf(symbol) != -1): null

2019-08-24 13:04:30 - [TEST_STEP][PASSED] - if (i == 3 &amp;&amp; wildList.indexOf(symbol) != -1): null

2019-08-24 13:04:30 - [TEST_STEP][PASSED] - if (i == 4 &amp;&amp; wildList.indexOf(symbol) != -1): null

2019-08-24 13:04:30 - [TEST_STEP][PASSED] - symbols = symbols: null

2019-08-24 13:04:30 - [TEST_STEP][PASSED] - for ([j = 0, j &lt; symbols.size(), (j++)]): null

2019-08-24 13:04:30 - [TEST_STEP][PASSED] - symbol = symbol: null

2019-08-24 13:04:30 - [TEST_STEP][PASSED] - println(symbol): null

2019-08-24 13:04:30 - [TEST_STEP][PASSED] - if (i == 2 &amp;&amp; wildList.indexOf(symbol) != -1): null

2019-08-24 13:04:30 - [TEST_STEP][PASSED] - if (i == 3 &amp;&amp; wildList.indexOf(symbol) != -1): null

2019-08-24 13:04:30 - [TEST_STEP][PASSED] - println("wild found on reel 4, adding counter by 1"): null

2019-08-24 13:04:30 - [TEST_STEP][PASSED] - free_spin_reel_counter[1] = free_spin_reel_counter[1] + 1: null

2019-08-24 13:04:30 - [TEST_STEP][PASSED] - if (i == 4 &amp;&amp; wildList.indexOf(symbol) != -1): null

2019-08-24 13:04:30 - [TEST_STEP][PASSED] - symbol = symbol: null

2019-08-24 13:04:30 - [TEST_STEP][PASSED] - println(symbol): null

2019-08-24 13:04:30 - [TEST_STEP][PASSED] - if (i == 2 &amp;&amp; wildList.indexOf(symbol) != -1): null

2019-08-24 13:04:30 - [TEST_STEP][PASSED] - if (i == 3 &amp;&amp; wildList.indexOf(symbol) != -1): null

2019-08-24 13:04:30 - [TEST_STEP][PASSED] - if (i == 4 &amp;&amp; wildList.indexOf(symbol) != -1): null

2019-08-24 13:04:30 - [TEST_STEP][PASSED] - symbol = symbol: null

2019-08-24 13:04:30 - [TEST_STEP][PASSED] - println(symbol): null

2019-08-24 13:04:30 - [TEST_STEP][PASSED] - if (i == 2 &amp;&amp; wildList.indexOf(symbol) != -1): null

2019-08-24 13:04:30 - [TEST_STEP][PASSED] - if (i == 3 &amp;&amp; wildList.indexOf(symbol) != -1): null

2019-08-24 13:04:30 - [TEST_STEP][PASSED] - if (i == 4 &amp;&amp; wildList.indexOf(symbol) != -1): null

2019-08-24 13:04:35 - [TEST_STEP][PASSED] - symbols = symbols: null

2019-08-24 13:04:35 - [TEST_STEP][PASSED] - for ([j = 0, j &lt; symbols.size(), (j++)]): null

2019-08-24 13:04:35 - [TEST_STEP][PASSED] - symbol = symbol: null

2019-08-24 13:04:35 - [TEST_STEP][PASSED] - println(symbol): null

2019-08-24 13:04:35 - [TEST_STEP][PASSED] - if (i == 2 &amp;&amp; wildList.indexOf(symbol) != -1): null

2019-08-24 13:04:35 - [TEST_STEP][PASSED] - if (i == 3 &amp;&amp; wildList.indexOf(symbol) != -1): null

2019-08-24 13:04:35 - [TEST_STEP][PASSED] - if (i == 4 &amp;&amp; wildList.indexOf(symbol) != -1): null

2019-08-24 13:04:35 - [TEST_STEP][PASSED] - symbol = symbol: null

2019-08-24 13:04:35 - [TEST_STEP][PASSED] - println(symbol): null

2019-08-24 13:04:35 - [TEST_STEP][PASSED] - if (i == 2 &amp;&amp; wildList.indexOf(symbol) != -1): null

2019-08-24 13:04:35 - [TEST_STEP][PASSED] - if (i == 3 &amp;&amp; wildList.indexOf(symbol) != -1): null

2019-08-24 13:04:35 - [TEST_STEP][PASSED] - if (i == 4 &amp;&amp; wildList.indexOf(symbol) != -1): null

2019-08-24 13:04:35 - [TEST_STEP][PASSED] - symbol = symbol: null

2019-08-24 13:04:35 - [TEST_STEP][PASSED] - println(symbol): null

2019-08-24 13:04:35 - [TEST_STEP][PASSED] - if (i == 2 &amp;&amp; wildList.indexOf(symbol) != -1): null

2019-08-24 13:04:35 - [TEST_STEP][PASSED] - if (i == 3 &amp;&amp; wildList.indexOf(symbol) != -1): null

2019-08-24 13:04:35 - [TEST_STEP][PASSED] - if (i == 4 &amp;&amp; wildList.indexOf(symbol) != -1): null

2019-08-24 13:04:35 - [TEST_STEP][PASSED] - free_spin_reel_counter = free_spin_reel_counter: null

2019-08-24 13:04:35 - [TEST_STEP][PASSED] - println("reel 3 wild found: " + free_spin_reel_counter[0]): null

2019-08-24 13:04:35 - [TEST_STEP][PASSED] - println("reel 4 wild found: " + free_spin_reel_counter[1]): null

2019-08-24 13:04:35 - [TEST_STEP][PASSED] - println("reel 5 wild found: " + free_spin_reel_counter[2]): null

2019-08-24 13:04:35 - [TEST_STEP][PASSED] - M4_spin_reels = M4_spin_reels: null

2019-08-24 13:04:35 - [TEST_STEP][PASSED] - M4_spin_reels_symbols = symbol: null

2019-08-24 13:04:35 - [TEST_STEP][PASSED] - M4_spin_reels_symbols = M4_spin_reels_symbols: null

2019-08-24 13:04:35 - [TEST_STEP][PASSED] - M4_spin_reel_wins = reel_wins: null

2019-08-24 13:04:35 - [TEST_STEP][PASSED] - M4_spin_reel_wins = M4_spin_reel_wins: null

2019-08-24 13:04:35 - [TEST_STEP][PASSED] - println("GlobalVariable.M4_spin_reel_wins is: " + M4_spin_reel_wins): null

2019-08-24 13:04:35 - [TEST_STEP][PASSED] - M4_spin_total_bonus_win_this_round = total_bonus_win_this_round: null

2019-08-24 13:04:35 - [TEST_STEP][PASSED] - M4_spin_total_bonus_win_this_round = M4_spin_total_bonus_win_this_round: null

2019-08-24 13:04:35 - [TEST_STEP][PASSED] - println("GlobalVariable.M4_spin_total_bonus_win_this_round is: " + M4_spin_total_bonus_win_this_round): null

2019-08-24 13:04:35 - [TEST_STEP][PASSED] - M4_spin_bonus_spin_result = spin_result: null

2019-08-24 13:04:35 - [TEST_STEP][PASSED] - M4_spin_bonus_spin_result = M4_spin_bonus_spin_result: null

2019-08-24 13:04:35 - [MESSAGE][PASSED] - Verify response successfully

2019-08-24 13:04:35 - [MESSAGE][PASSED] - Send request and verify the response successfully

2019-08-24 13:04:35 - [TEST_STEP][PASSED] - if (M4_total_bonus_spins_int != 0 &amp;&amp; M4_spin_reels_symbols[2].contains("WILD_Expanding")): null

2019-08-24 13:04:35 - [TEST_STEP][PASSED] - free_spin_reel_counter = free_spin_reel_counter: null

2019-08-24 13:04:35 - [TEST_STEP][PASSED] - M4_spin_reels_symbols = M4_spin_reels_symbols: null

2019-08-24 13:04:35 - [TEST_STEP][PASSED] - M4_total_bonus_spins = M4_total_bonus_spins: null

2019-08-24 13:04:35 - [TEST_STEP][PASSED] - spin_result = sendRequestAndVerify(findTestObject("INT/RGS(M4)/1_M4_spin", ["M4_login_user_id":M4_login_user_id, "rgs_session_token":rgs_session_token, "partner":Partner])): Send request and verify the response successfully

2019-08-24 13:04:35 - [MESSAGE][INFO] - HAR: /Users/eiralee/Katalon_Script/SuperWild/Reports/20190824_125957/INT/superWild_5/20190824_125957/requests/main/85.har

2019-08-24 13:04:35 - [TEST_CASE][PASSED] - Start Test Case : Verification: Verification accomplished successfully

2019-08-24 13:04:35 - [TEST_STEP][PASSED] - request = getInstance().getCurrentRequest(): null

2019-08-24 13:04:35 - [TEST_STEP][PASSED] - response = getInstance().getCurrentResponse(): null

2019-08-24 13:04:35 - [TEST_STEP][PASSED] - verifyResponseStatusCode(response, 200): Verify response status code successfully

2019-08-24 13:04:35 - [MESSAGE][PASSED] - Verify response status code successfully

2019-08-24 13:04:35 - [TEST_STEP][PASSED] - getStatusCode()).isEqualTo(200): null

2019-08-24 13:04:35 - [TEST_STEP][PASSED] - newline = System.getProperty("line.separator"): null

2019-08-24 13:04:35 - [TEST_STEP][PASSED] - M4_spin = new groovy.json.JsonSlurper(): null

2019-08-24 13:04:35 - [TEST_STEP][PASSED] - result_M4_spin = M4_spin.parseText(response.getResponseBodyContent()): null

2019-08-24 13:04:35 - [TEST_STEP][PASSED] - M4_spin_current_balance = current_balance: null

2019-08-24 13:04:35 - [TEST_STEP][PASSED] - M4_spin_current_balance = M4_spin_current_balance: null

2019-08-24 13:04:35 - [TEST_STEP][PASSED] - M4_spin_transaction_id = causality: null

2019-08-24 13:04:35 - [TEST_STEP][PASSED] - M4_spin_transaction_id = M4_spin_transaction_id: null

2019-08-24 13:04:35 - [TEST_STEP][PASSED] - M4_spin_round_id = round_id: null

2019-08-24 13:04:35 - [TEST_STEP][PASSED] - M4_spin_round_id = M4_spin_round_id: null

2019-08-24 13:04:35 - [TEST_STEP][PASSED] - M4_spin_line_wins = line_wins: null

2019-08-24 13:04:35 - [TEST_STEP][PASSED] - M4_spin_line_wins = M4_spin_line_wins: null

2019-08-24 13:04:35 - [TEST_STEP][PASSED] - M4_total_bonus_spins_int = total_bonus_spins: null

2019-08-24 13:04:35 - [TEST_STEP][PASSED] - println("******M4_total_bonus_spins type is:*******" + newline + getClass().getName()): null

2019-08-24 13:04:35 - [TEST_STEP][PASSED] - M4_total_bonus_spins_int = M4_total_bonus_spins_int: null

2019-08-24 13:04:35 - [TEST_STEP][PASSED] - M4_total_bonus_spins = Integer.toString(M4_total_bonus_spins_int): null

2019-08-24 13:04:35 - [TEST_STEP][PASSED] - M4_total_bonus_spins = M4_total_bonus_spins: null

2019-08-24 13:04:35 - [TEST_STEP][PASSED] - println("M4_total_bonus_spins is:" + M4_total_bonus_spins): null

2019-08-24 13:04:35 - [TEST_STEP][PASSED] - M4_spin_bonus_data = bonus_data: null

2019-08-24 13:04:35 - [TEST_STEP][PASSED] - M4_spin_features_triggered = result_M4_spin: null

2019-08-24 13:04:35 - [TEST_STEP][PASSED] - wild = []: null

2019-08-24 13:04:35 - [TEST_STEP][PASSED] - wild[0] = "WILD_Expanding": null

2019-08-24 13:04:35 - [TEST_STEP][PASSED] - wild[1] = "WILD_Normal": null

2019-08-24 13:04:35 - [TEST_STEP][PASSED] - wild[2] = "WILD_Double": null

2019-08-24 13:04:35 - [TEST_STEP][PASSED] - wild[3] = "WILD_ExtraFG": null

2019-08-24 13:04:35 - [TEST_STEP][PASSED] - wild[4] = "WILD_Triple": null

2019-08-24 13:04:35 - [TEST_STEP][PASSED] - wildList = Arrays.asList(wild): null

2019-08-24 13:04:35 - [TEST_STEP][PASSED] - wildList = wildList: null

2019-08-24 13:04:35 - [TEST_STEP][PASSED] - free_spin_reel_counter = []: null

2019-08-24 13:04:35 - [TEST_STEP][PASSED] - free_spin_reel_counter[0] = 0: null

2019-08-24 13:04:35 - [TEST_STEP][PASSED] - free_spin_reel_counter[1] = 0: null

2019-08-24 13:04:35 - [TEST_STEP][PASSED] - free_spin_reel_counter[2] = 0: null

2019-08-24 13:04:35 - [TEST_STEP][PASSED] - M4_spin_reels = reels: null

2019-08-24 13:04:35 - [TEST_STEP][PASSED] - for ([i = 0, i &lt; M4_spin_reels.size(), (i++)]): null

2019-08-24 13:04:35 - [TEST_STEP][PASSED] - symbols = symbols: null

2019-08-24 13:04:35 - [TEST_STEP][PASSED] - for ([j = 0, j &lt; symbols.size(), (j++)]): null

2019-08-24 13:04:35 - [TEST_STEP][PASSED] - symbol = symbol: null

2019-08-24 13:04:35 - [TEST_STEP][PASSED] - println(symbol): null

2019-08-24 13:04:35 - [TEST_STEP][PASSED] - if (i == 2 &amp;&amp; wildList.indexOf(symbol) != -1): null

2019-08-24 13:04:35 - [TEST_STEP][PASSED] - if (i == 3 &amp;&amp; wildList.indexOf(symbol) != -1): null

2019-08-24 13:04:35 - [TEST_STEP][PASSED] - if (i == 4 &amp;&amp; wildList.indexOf(symbol) != -1): null

2019-08-24 13:04:35 - [TEST_STEP][PASSED] - symbol = symbol: null

2019-08-24 13:04:35 - [TEST_STEP][PASSED] - println(symbol): null

2019-08-24 13:04:35 - [TEST_STEP][PASSED] - if (i == 2 &amp;&amp; wildList.indexOf(symbol) != -1): null

2019-08-24 13:04:35 - [TEST_STEP][PASSED] - if (i == 3 &amp;&amp; wildList.indexOf(symbol) != -1): null

2019-08-24 13:04:35 - [TEST_STEP][PASSED] - if (i == 4 &amp;&amp; wildList.indexOf(symbol) != -1): null

2019-08-24 13:04:35 - [TEST_STEP][PASSED] - symbol = symbol: null

2019-08-24 13:04:35 - [TEST_STEP][PASSED] - println(symbol): null

2019-08-24 13:04:35 - [TEST_STEP][PASSED] - if (i == 2 &amp;&amp; wildList.indexOf(symbol) != -1): null

2019-08-24 13:04:35 - [TEST_STEP][PASSED] - if (i == 3 &amp;&amp; wildList.indexOf(symbol) != -1): null

2019-08-24 13:04:35 - [TEST_STEP][PASSED] - if (i == 4 &amp;&amp; wildList.indexOf(symbol) != -1): null

2019-08-24 13:04:35 - [TEST_STEP][PASSED] - symbols = symbols: null

2019-08-24 13:04:35 - [TEST_STEP][PASSED] - for ([j = 0, j &lt; symbols.size(), (j++)]): null

2019-08-24 13:04:35 - [TEST_STEP][PASSED] - symbol = symbol: null

2019-08-24 13:04:35 - [TEST_STEP][PASSED] - println(symbol): null

2019-08-24 13:04:35 - [TEST_STEP][PASSED] - if (i == 2 &amp;&amp; wildList.indexOf(symbol) != -1): null

2019-08-24 13:04:35 - [TEST_STEP][PASSED] - if (i == 3 &amp;&amp; wildList.indexOf(symbol) != -1): null

2019-08-24 13:04:35 - [TEST_STEP][PASSED] - if (i == 4 &amp;&amp; wildList.indexOf(symbol) != -1): null

2019-08-24 13:04:35 - [TEST_STEP][PASSED] - symbol = symbol: null

2019-08-24 13:04:35 - [TEST_STEP][PASSED] - println(symbol): null

2019-08-24 13:04:35 - [TEST_STEP][PASSED] - if (i == 2 &amp;&amp; wildList.indexOf(symbol) != -1): null

2019-08-24 13:04:35 - [TEST_STEP][PASSED] - if (i == 3 &amp;&amp; wildList.indexOf(symbol) != -1): null

2019-08-24 13:04:35 - [TEST_STEP][PASSED] - if (i == 4 &amp;&amp; wildList.indexOf(symbol) != -1): null

2019-08-24 13:04:35 - [TEST_STEP][PASSED] - symbol = symbol: null

2019-08-24 13:04:35 - [TEST_STEP][PASSED] - println(symbol): null

2019-08-24 13:04:35 - [TEST_STEP][PASSED] - if (i == 2 &amp;&amp; wildList.indexOf(symbol) != -1): null

2019-08-24 13:04:35 - [TEST_STEP][PASSED] - if (i == 3 &amp;&amp; wildList.indexOf(symbol) != -1): null

2019-08-24 13:04:35 - [TEST_STEP][PASSED] - if (i == 4 &amp;&amp; wildList.indexOf(symbol) != -1): null

2019-08-24 13:04:35 - [TEST_STEP][PASSED] - symbols = symbols: null

2019-08-24 13:04:35 - [TEST_STEP][PASSED] - for ([j = 0, j &lt; symbols.size(), (j++)]): null

2019-08-24 13:04:35 - [TEST_STEP][PASSED] - symbol = symbol: null

2019-08-24 13:04:35 - [TEST_STEP][PASSED] - println(symbol): null

2019-08-24 13:04:35 - [TEST_STEP][PASSED] - if (i == 2 &amp;&amp; wildList.indexOf(symbol) != -1): null

2019-08-24 13:04:35 - [TEST_STEP][PASSED] - if (i == 3 &amp;&amp; wildList.indexOf(symbol) != -1): null

2019-08-24 13:04:35 - [TEST_STEP][PASSED] - if (i == 4 &amp;&amp; wildList.indexOf(symbol) != -1): null

2019-08-24 13:04:35 - [TEST_STEP][PASSED] - symbol = symbol: null

2019-08-24 13:04:35 - [TEST_STEP][PASSED] - println(symbol): null

2019-08-24 13:04:35 - [TEST_STEP][PASSED] - if (i == 2 &amp;&amp; wildList.indexOf(symbol) != -1): null

2019-08-24 13:04:35 - [TEST_STEP][PASSED] - if (i == 3 &amp;&amp; wildList.indexOf(symbol) != -1): null

2019-08-24 13:04:35 - [TEST_STEP][PASSED] - if (i == 4 &amp;&amp; wildList.indexOf(symbol) != -1): null

2019-08-24 13:04:35 - [TEST_STEP][PASSED] - symbol = symbol: null

2019-08-24 13:04:35 - [TEST_STEP][PASSED] - println(symbol): null

2019-08-24 13:04:35 - [TEST_STEP][PASSED] - if (i == 2 &amp;&amp; wildList.indexOf(symbol) != -1): null

2019-08-24 13:04:35 - [TEST_STEP][PASSED] - if (i == 3 &amp;&amp; wildList.indexOf(symbol) != -1): null

2019-08-24 13:04:35 - [TEST_STEP][PASSED] - if (i == 4 &amp;&amp; wildList.indexOf(symbol) != -1): null

2019-08-24 13:04:35 - [TEST_STEP][PASSED] - symbols = symbols: null

2019-08-24 13:04:35 - [TEST_STEP][PASSED] - for ([j = 0, j &lt; symbols.size(), (j++)]): null

2019-08-24 13:04:35 - [TEST_STEP][PASSED] - symbol = symbol: null

2019-08-24 13:04:35 - [TEST_STEP][PASSED] - println(symbol): null

2019-08-24 13:04:35 - [TEST_STEP][PASSED] - if (i == 2 &amp;&amp; wildList.indexOf(symbol) != -1): null

2019-08-24 13:04:35 - [TEST_STEP][PASSED] - if (i == 3 &amp;&amp; wildList.indexOf(symbol) != -1): null

2019-08-24 13:04:35 - [TEST_STEP][PASSED] - if (i == 4 &amp;&amp; wildList.indexOf(symbol) != -1): null

2019-08-24 13:04:35 - [TEST_STEP][PASSED] - symbol = symbol: null

2019-08-24 13:04:35 - [TEST_STEP][PASSED] - println(symbol): null

2019-08-24 13:04:35 - [TEST_STEP][PASSED] - if (i == 2 &amp;&amp; wildList.indexOf(symbol) != -1): null

2019-08-24 13:04:35 - [TEST_STEP][PASSED] - if (i == 3 &amp;&amp; wildList.indexOf(symbol) != -1): null

2019-08-24 13:04:35 - [TEST_STEP][PASSED] - println("wild found on reel 4, adding counter by 1"): null

2019-08-24 13:04:35 - [TEST_STEP][PASSED] - free_spin_reel_counter[1] = free_spin_reel_counter[1] + 1: null

2019-08-24 13:04:35 - [TEST_STEP][PASSED] - if (i == 4 &amp;&amp; wildList.indexOf(symbol) != -1): null

2019-08-24 13:04:35 - [TEST_STEP][PASSED] - symbol = symbol: null

2019-08-24 13:04:35 - [TEST_STEP][PASSED] - println(symbol): null

2019-08-24 13:04:35 - [TEST_STEP][PASSED] - if (i == 2 &amp;&amp; wildList.indexOf(symbol) != -1): null

2019-08-24 13:04:35 - [TEST_STEP][PASSED] - if (i == 3 &amp;&amp; wildList.indexOf(symbol) != -1): null

2019-08-24 13:04:35 - [TEST_STEP][PASSED] - if (i == 4 &amp;&amp; wildList.indexOf(symbol) != -1): null

2019-08-24 13:04:35 - [TEST_STEP][PASSED] - symbols = symbols: null

2019-08-24 13:04:35 - [TEST_STEP][PASSED] - for ([j = 0, j &lt; symbols.size(), (j++)]): null

2019-08-24 13:04:35 - [TEST_STEP][PASSED] - symbol = symbol: null

2019-08-24 13:04:35 - [TEST_STEP][PASSED] - println(symbol): null

2019-08-24 13:04:35 - [TEST_STEP][PASSED] - if (i == 2 &amp;&amp; wildList.indexOf(symbol) != -1): null

2019-08-24 13:04:35 - [TEST_STEP][PASSED] - if (i == 3 &amp;&amp; wildList.indexOf(symbol) != -1): null

2019-08-24 13:04:35 - [TEST_STEP][PASSED] - if (i == 4 &amp;&amp; wildList.indexOf(symbol) != -1): null

2019-08-24 13:04:35 - [TEST_STEP][PASSED] - symbol = symbol: null

2019-08-24 13:04:35 - [TEST_STEP][PASSED] - println(symbol): null

2019-08-24 13:04:35 - [TEST_STEP][PASSED] - if (i == 2 &amp;&amp; wildList.indexOf(symbol) != -1): null

2019-08-24 13:04:35 - [TEST_STEP][PASSED] - if (i == 3 &amp;&amp; wildList.indexOf(symbol) != -1): null

2019-08-24 13:04:35 - [TEST_STEP][PASSED] - if (i == 4 &amp;&amp; wildList.indexOf(symbol) != -1): null

2019-08-24 13:04:35 - [TEST_STEP][PASSED] - symbol = symbol: null

2019-08-24 13:04:35 - [TEST_STEP][PASSED] - println(symbol): null

2019-08-24 13:04:35 - [TEST_STEP][PASSED] - if (i == 2 &amp;&amp; wildList.indexOf(symbol) != -1): null

2019-08-24 13:04:35 - [TEST_STEP][PASSED] - if (i == 3 &amp;&amp; wildList.indexOf(symbol) != -1): null

2019-08-24 13:04:35 - [TEST_STEP][PASSED] - if (i == 4 &amp;&amp; wildList.indexOf(symbol) != -1): null

2019-08-24 13:04:35 - [TEST_STEP][PASSED] - free_spin_reel_counter = free_spin_reel_counter: null

2019-08-24 13:04:35 - [TEST_STEP][PASSED] - println("reel 3 wild found: " + free_spin_reel_counter[0]): null

2019-08-24 13:04:35 - [TEST_STEP][PASSED] - println("reel 4 wild found: " + free_spin_reel_counter[1]): null

2019-08-24 13:04:35 - [TEST_STEP][PASSED] - println("reel 5 wild found: " + free_spin_reel_counter[2]): null

2019-08-24 13:04:35 - [TEST_STEP][PASSED] - M4_spin_reels = M4_spin_reels: null

2019-08-24 13:04:35 - [TEST_STEP][PASSED] - M4_spin_reels_symbols = symbol: null

2019-08-24 13:04:35 - [TEST_STEP][PASSED] - M4_spin_reels_symbols = M4_spin_reels_symbols: null

2019-08-24 13:04:35 - [TEST_STEP][PASSED] - M4_spin_reel_wins = reel_wins: null

2019-08-24 13:04:35 - [TEST_STEP][PASSED] - M4_spin_reel_wins = M4_spin_reel_wins: null

2019-08-24 13:04:35 - [TEST_STEP][PASSED] - println("GlobalVariable.M4_spin_reel_wins is: " + M4_spin_reel_wins): null

2019-08-24 13:04:35 - [TEST_STEP][PASSED] - M4_spin_total_bonus_win_this_round = total_bonus_win_this_round: null

2019-08-24 13:04:35 - [TEST_STEP][PASSED] - M4_spin_total_bonus_win_this_round = M4_spin_total_bonus_win_this_round: null

2019-08-24 13:04:35 - [TEST_STEP][PASSED] - println("GlobalVariable.M4_spin_total_bonus_win_this_round is: " + M4_spin_total_bonus_win_this_round): null

2019-08-24 13:04:35 - [TEST_STEP][PASSED] - M4_spin_bonus_spin_result = spin_result: null

2019-08-24 13:04:35 - [TEST_STEP][PASSED] - M4_spin_bonus_spin_result = M4_spin_bonus_spin_result: null

2019-08-24 13:04:35 - [MESSAGE][PASSED] - Verify response successfully

2019-08-24 13:04:35 - [MESSAGE][PASSED] - Send request and verify the response successfully

2019-08-24 13:04:35 - [TEST_STEP][PASSED] - if (M4_total_bonus_spins_int != 0 &amp;&amp; M4_spin_reels_symbols[2].contains("WILD_Expanding")): null

2019-08-24 13:04:35 - [TEST_STEP][PASSED] - free_spin_reel_counter = free_spin_reel_counter: null

2019-08-24 13:04:35 - [TEST_STEP][PASSED] - M4_spin_reels_symbols = M4_spin_reels_symbols: null

2019-08-24 13:04:35 - [TEST_STEP][PASSED] - M4_total_bonus_spins = M4_total_bonus_spins: null

2019-08-24 13:04:35 - [TEST_STEP][PASSED] - spin_result = sendRequestAndVerify(findTestObject("INT/RGS(M4)/1_M4_spin", ["M4_login_user_id":M4_login_user_id, "rgs_session_token":rgs_session_token, "partner":Partner])): Send request and verify the response successfully

2019-08-24 13:04:36 - [MESSAGE][INFO] - HAR: /Users/eiralee/Katalon_Script/SuperWild/Reports/20190824_125957/INT/superWild_5/20190824_125957/requests/main/86.har

2019-08-24 13:04:36 - [TEST_CASE][PASSED] - Start Test Case : Verification: Verification accomplished successfully

2019-08-24 13:04:36 - [TEST_STEP][PASSED] - request = getInstance().getCurrentRequest(): null

2019-08-24 13:04:36 - [TEST_STEP][PASSED] - response = getInstance().getCurrentResponse(): null

2019-08-24 13:04:36 - [TEST_STEP][PASSED] - verifyResponseStatusCode(response, 200): Verify response status code successfully

2019-08-24 13:04:36 - [MESSAGE][PASSED] - Verify response status code successfully

2019-08-24 13:04:36 - [TEST_STEP][PASSED] - getStatusCode()).isEqualTo(200): null

2019-08-24 13:04:36 - [TEST_STEP][PASSED] - newline = System.getProperty("line.separator"): null

2019-08-24 13:04:36 - [TEST_STEP][PASSED] - M4_spin = new groovy.json.JsonSlurper(): null

2019-08-24 13:04:36 - [TEST_STEP][PASSED] - result_M4_spin = M4_spin.parseText(response.getResponseBodyContent()): null

2019-08-24 13:04:36 - [TEST_STEP][PASSED] - M4_spin_current_balance = current_balance: null

2019-08-24 13:04:36 - [TEST_STEP][PASSED] - M4_spin_current_balance = M4_spin_current_balance: null

2019-08-24 13:04:36 - [TEST_STEP][PASSED] - M4_spin_transaction_id = causality: null

2019-08-24 13:04:36 - [TEST_STEP][PASSED] - M4_spin_transaction_id = M4_spin_transaction_id: null

2019-08-24 13:04:36 - [TEST_STEP][PASSED] - M4_spin_round_id = round_id: null

2019-08-24 13:04:36 - [TEST_STEP][PASSED] - M4_spin_round_id = M4_spin_round_id: null

2019-08-24 13:04:36 - [TEST_STEP][PASSED] - M4_spin_line_wins = line_wins: null

2019-08-24 13:04:36 - [TEST_STEP][PASSED] - M4_spin_line_wins = M4_spin_line_wins: null

2019-08-24 13:04:36 - [TEST_STEP][PASSED] - M4_total_bonus_spins_int = total_bonus_spins: null

2019-08-24 13:04:36 - [TEST_STEP][PASSED] - println("******M4_total_bonus_spins type is:*******" + newline + getClass().getName()): null

2019-08-24 13:04:36 - [TEST_STEP][PASSED] - M4_total_bonus_spins_int = M4_total_bonus_spins_int: null

2019-08-24 13:04:36 - [TEST_STEP][PASSED] - M4_total_bonus_spins = Integer.toString(M4_total_bonus_spins_int): null

2019-08-24 13:04:36 - [TEST_STEP][PASSED] - M4_total_bonus_spins = M4_total_bonus_spins: null

2019-08-24 13:04:36 - [TEST_STEP][PASSED] - println("M4_total_bonus_spins is:" + M4_total_bonus_spins): null

2019-08-24 13:04:36 - [TEST_STEP][PASSED] - M4_spin_bonus_data = bonus_data: null

2019-08-24 13:04:36 - [TEST_STEP][PASSED] - M4_spin_features_triggered = result_M4_spin: null

2019-08-24 13:04:36 - [TEST_STEP][PASSED] - wild = []: null

2019-08-24 13:04:36 - [TEST_STEP][PASSED] - wild[0] = "WILD_Expanding": null

2019-08-24 13:04:36 - [TEST_STEP][PASSED] - wild[1] = "WILD_Normal": null

2019-08-24 13:04:36 - [TEST_STEP][PASSED] - wild[2] = "WILD_Double": null

2019-08-24 13:04:36 - [TEST_STEP][PASSED] - wild[3] = "WILD_ExtraFG": null

2019-08-24 13:04:36 - [TEST_STEP][PASSED] - wild[4] = "WILD_Triple": null

2019-08-24 13:04:36 - [TEST_STEP][PASSED] - wildList = Arrays.asList(wild): null

2019-08-24 13:04:36 - [TEST_STEP][PASSED] - wildList = wildList: null

2019-08-24 13:04:36 - [TEST_STEP][PASSED] - free_spin_reel_counter = []: null

2019-08-24 13:04:36 - [TEST_STEP][PASSED] - free_spin_reel_counter[0] = 0: null

2019-08-24 13:04:36 - [TEST_STEP][PASSED] - free_spin_reel_counter[1] = 0: null

2019-08-24 13:04:36 - [TEST_STEP][PASSED] - free_spin_reel_counter[2] = 0: null

2019-08-24 13:04:36 - [TEST_STEP][PASSED] - M4_spin_reels = reels: null

2019-08-24 13:04:36 - [TEST_STEP][PASSED] - for ([i = 0, i &lt; M4_spin_reels.size(), (i++)]): null

2019-08-24 13:04:36 - [TEST_STEP][PASSED] - symbols = symbols: null

2019-08-24 13:04:36 - [TEST_STEP][PASSED] - for ([j = 0, j &lt; symbols.size(), (j++)]): null

2019-08-24 13:04:36 - [TEST_STEP][PASSED] - symbol = symbol: null

2019-08-24 13:04:36 - [TEST_STEP][PASSED] - println(symbol): null

2019-08-24 13:04:36 - [TEST_STEP][PASSED] - if (i == 2 &amp;&amp; wildList.indexOf(symbol) != -1): null

2019-08-24 13:04:36 - [TEST_STEP][PASSED] - if (i == 3 &amp;&amp; wildList.indexOf(symbol) != -1): null

2019-08-24 13:04:36 - [TEST_STEP][PASSED] - if (i == 4 &amp;&amp; wildList.indexOf(symbol) != -1): null

2019-08-24 13:04:36 - [TEST_STEP][PASSED] - symbol = symbol: null

2019-08-24 13:04:36 - [TEST_STEP][PASSED] - println(symbol): null

2019-08-24 13:04:36 - [TEST_STEP][PASSED] - if (i == 2 &amp;&amp; wildList.indexOf(symbol) != -1): null

2019-08-24 13:04:36 - [TEST_STEP][PASSED] - if (i == 3 &amp;&amp; wildList.indexOf(symbol) != -1): null

2019-08-24 13:04:36 - [TEST_STEP][PASSED] - if (i == 4 &amp;&amp; wildList.indexOf(symbol) != -1): null

2019-08-24 13:04:36 - [TEST_STEP][PASSED] - symbol = symbol: null

2019-08-24 13:04:36 - [TEST_STEP][PASSED] - println(symbol): null

2019-08-24 13:04:36 - [TEST_STEP][PASSED] - if (i == 2 &amp;&amp; wildList.indexOf(symbol) != -1): null

2019-08-24 13:04:36 - [TEST_STEP][PASSED] - if (i == 3 &amp;&amp; wildList.indexOf(symbol) != -1): null

2019-08-24 13:04:36 - [TEST_STEP][PASSED] - if (i == 4 &amp;&amp; wildList.indexOf(symbol) != -1): null

2019-08-24 13:04:36 - [TEST_STEP][PASSED] - symbols = symbols: null

2019-08-24 13:04:36 - [TEST_STEP][PASSED] - for ([j = 0, j &lt; symbols.size(), (j++)]): null

2019-08-24 13:04:36 - [TEST_STEP][PASSED] - symbol = symbol: null

2019-08-24 13:04:36 - [TEST_STEP][PASSED] - println(symbol): null

2019-08-24 13:04:36 - [TEST_STEP][PASSED] - if (i == 2 &amp;&amp; wildList.indexOf(symbol) != -1): null

2019-08-24 13:04:36 - [TEST_STEP][PASSED] - if (i == 3 &amp;&amp; wildList.indexOf(symbol) != -1): null

2019-08-24 13:04:36 - [TEST_STEP][PASSED] - if (i == 4 &amp;&amp; wildList.indexOf(symbol) != -1): null

2019-08-24 13:04:36 - [TEST_STEP][PASSED] - symbol = symbol: null

2019-08-24 13:04:36 - [TEST_STEP][PASSED] - println(symbol): null

2019-08-24 13:04:36 - [TEST_STEP][PASSED] - if (i == 2 &amp;&amp; wildList.indexOf(symbol) != -1): null

2019-08-24 13:04:36 - [TEST_STEP][PASSED] - if (i == 3 &amp;&amp; wildList.indexOf(symbol) != -1): null

2019-08-24 13:04:36 - [TEST_STEP][PASSED] - if (i == 4 &amp;&amp; wildList.indexOf(symbol) != -1): null

2019-08-24 13:04:36 - [TEST_STEP][PASSED] - symbol = symbol: null

2019-08-24 13:04:36 - [TEST_STEP][PASSED] - println(symbol): null

2019-08-24 13:04:36 - [TEST_STEP][PASSED] - if (i == 2 &amp;&amp; wildList.indexOf(symbol) != -1): null

2019-08-24 13:04:36 - [TEST_STEP][PASSED] - if (i == 3 &amp;&amp; wildList.indexOf(symbol) != -1): null

2019-08-24 13:04:36 - [TEST_STEP][PASSED] - if (i == 4 &amp;&amp; wildList.indexOf(symbol) != -1): null

2019-08-24 13:04:36 - [TEST_STEP][PASSED] - symbols = symbols: null

2019-08-24 13:04:36 - [TEST_STEP][PASSED] - for ([j = 0, j &lt; symbols.size(), (j++)]): null

2019-08-24 13:04:36 - [TEST_STEP][PASSED] - symbol = symbol: null

2019-08-24 13:04:36 - [TEST_STEP][PASSED] - println(symbol): null

2019-08-24 13:04:36 - [TEST_STEP][PASSED] - if (i == 2 &amp;&amp; wildList.indexOf(symbol) != -1): null

2019-08-24 13:04:36 - [TEST_STEP][PASSED] - if (i == 3 &amp;&amp; wildList.indexOf(symbol) != -1): null

2019-08-24 13:04:36 - [TEST_STEP][PASSED] - if (i == 4 &amp;&amp; wildList.indexOf(symbol) != -1): null

2019-08-24 13:04:36 - [TEST_STEP][PASSED] - symbol = symbol: null

2019-08-24 13:04:36 - [TEST_STEP][PASSED] - println(symbol): null

2019-08-24 13:04:36 - [TEST_STEP][PASSED] - if (i == 2 &amp;&amp; wildList.indexOf(symbol) != -1): null

2019-08-24 13:04:36 - [TEST_STEP][PASSED] - if (i == 3 &amp;&amp; wildList.indexOf(symbol) != -1): null

2019-08-24 13:04:36 - [TEST_STEP][PASSED] - if (i == 4 &amp;&amp; wildList.indexOf(symbol) != -1): null

2019-08-24 13:04:36 - [TEST_STEP][PASSED] - symbol = symbol: null

2019-08-24 13:04:36 - [TEST_STEP][PASSED] - println(symbol): null

2019-08-24 13:04:36 - [TEST_STEP][PASSED] - if (i == 2 &amp;&amp; wildList.indexOf(symbol) != -1): null

2019-08-24 13:04:36 - [TEST_STEP][PASSED] - if (i == 3 &amp;&amp; wildList.indexOf(symbol) != -1): null

2019-08-24 13:04:36 - [TEST_STEP][PASSED] - if (i == 4 &amp;&amp; wildList.indexOf(symbol) != -1): null

2019-08-24 13:04:36 - [TEST_STEP][PASSED] - symbols = symbols: null

2019-08-24 13:04:36 - [TEST_STEP][PASSED] - for ([j = 0, j &lt; symbols.size(), (j++)]): null

2019-08-24 13:04:36 - [TEST_STEP][PASSED] - symbol = symbol: null

2019-08-24 13:04:36 - [TEST_STEP][PASSED] - println(symbol): null

2019-08-24 13:04:36 - [TEST_STEP][PASSED] - if (i == 2 &amp;&amp; wildList.indexOf(symbol) != -1): null

2019-08-24 13:04:36 - [TEST_STEP][PASSED] - if (i == 3 &amp;&amp; wildList.indexOf(symbol) != -1): null

2019-08-24 13:04:36 - [TEST_STEP][PASSED] - if (i == 4 &amp;&amp; wildList.indexOf(symbol) != -1): null

2019-08-24 13:04:36 - [TEST_STEP][PASSED] - symbol = symbol: null

2019-08-24 13:04:36 - [TEST_STEP][PASSED] - println(symbol): null

2019-08-24 13:04:36 - [TEST_STEP][PASSED] - if (i == 2 &amp;&amp; wildList.indexOf(symbol) != -1): null

2019-08-24 13:04:36 - [TEST_STEP][PASSED] - if (i == 3 &amp;&amp; wildList.indexOf(symbol) != -1): null

2019-08-24 13:04:36 - [TEST_STEP][PASSED] - if (i == 4 &amp;&amp; wildList.indexOf(symbol) != -1): null

2019-08-24 13:04:36 - [TEST_STEP][PASSED] - symbol = symbol: null

2019-08-24 13:04:36 - [TEST_STEP][PASSED] - println(symbol): null

2019-08-24 13:04:36 - [TEST_STEP][PASSED] - if (i == 2 &amp;&amp; wildList.indexOf(symbol) != -1): null

2019-08-24 13:04:36 - [TEST_STEP][PASSED] - if (i == 3 &amp;&amp; wildList.indexOf(symbol) != -1): null

2019-08-24 13:04:36 - [TEST_STEP][PASSED] - if (i == 4 &amp;&amp; wildList.indexOf(symbol) != -1): null

2019-08-24 13:04:36 - [TEST_STEP][PASSED] - symbols = symbols: null

2019-08-24 13:04:36 - [TEST_STEP][PASSED] - for ([j = 0, j &lt; symbols.size(), (j++)]): null

2019-08-24 13:04:36 - [TEST_STEP][PASSED] - symbol = symbol: null

2019-08-24 13:04:36 - [TEST_STEP][PASSED] - println(symbol): null

2019-08-24 13:04:36 - [TEST_STEP][PASSED] - if (i == 2 &amp;&amp; wildList.indexOf(symbol) != -1): null

2019-08-24 13:04:36 - [TEST_STEP][PASSED] - if (i == 3 &amp;&amp; wildList.indexOf(symbol) != -1): null

2019-08-24 13:04:36 - [TEST_STEP][PASSED] - if (i == 4 &amp;&amp; wildList.indexOf(symbol) != -1): null

2019-08-24 13:04:36 - [TEST_STEP][PASSED] - symbol = symbol: null

2019-08-24 13:04:36 - [TEST_STEP][PASSED] - println(symbol): null

2019-08-24 13:04:36 - [TEST_STEP][PASSED] - if (i == 2 &amp;&amp; wildList.indexOf(symbol) != -1): null

2019-08-24 13:04:36 - [TEST_STEP][PASSED] - if (i == 3 &amp;&amp; wildList.indexOf(symbol) != -1): null

2019-08-24 13:04:36 - [TEST_STEP][PASSED] - if (i == 4 &amp;&amp; wildList.indexOf(symbol) != -1): null

2019-08-24 13:04:36 - [TEST_STEP][PASSED] - symbol = symbol: null

2019-08-24 13:04:36 - [TEST_STEP][PASSED] - println(symbol): null

2019-08-24 13:04:36 - [TEST_STEP][PASSED] - if (i == 2 &amp;&amp; wildList.indexOf(symbol) != -1): null

2019-08-24 13:04:36 - [TEST_STEP][PASSED] - if (i == 3 &amp;&amp; wildList.indexOf(symbol) != -1): null

2019-08-24 13:04:36 - [TEST_STEP][PASSED] - if (i == 4 &amp;&amp; wildList.indexOf(symbol) != -1): null

2019-08-24 13:04:36 - [TEST_STEP][PASSED] - free_spin_reel_counter = free_spin_reel_counter: null

2019-08-24 13:04:36 - [TEST_STEP][PASSED] - println("reel 3 wild found: " + free_spin_reel_counter[0]): null

2019-08-24 13:04:36 - [TEST_STEP][PASSED] - println("reel 4 wild found: " + free_spin_reel_counter[1]): null

2019-08-24 13:04:36 - [TEST_STEP][PASSED] - println("reel 5 wild found: " + free_spin_reel_counter[2]): null

2019-08-24 13:04:36 - [TEST_STEP][PASSED] - M4_spin_reels = M4_spin_reels: null

2019-08-24 13:04:36 - [TEST_STEP][PASSED] - M4_spin_reels_symbols = symbol: null

2019-08-24 13:04:36 - [TEST_STEP][PASSED] - M4_spin_reels_symbols = M4_spin_reels_symbols: null

2019-08-24 13:04:36 - [TEST_STEP][PASSED] - M4_spin_reel_wins = reel_wins: null

2019-08-24 13:04:36 - [TEST_STEP][PASSED] - M4_spin_reel_wins = M4_spin_reel_wins: null

2019-08-24 13:04:36 - [TEST_STEP][PASSED] - println("GlobalVariable.M4_spin_reel_wins is: " + M4_spin_reel_wins): null

2019-08-24 13:04:40 - [TEST_STEP][PASSED] - M4_spin_total_bonus_win_this_round = total_bonus_win_this_round: null

2019-08-24 13:04:40 - [TEST_STEP][PASSED] - M4_spin_total_bonus_win_this_round = M4_spin_total_bonus_win_this_round: null

2019-08-24 13:04:40 - [TEST_STEP][PASSED] - println("GlobalVariable.M4_spin_total_bonus_win_this_round is: " + M4_spin_total_bonus_win_this_round): null

2019-08-24 13:04:40 - [TEST_STEP][PASSED] - M4_spin_bonus_spin_result = spin_result: null

2019-08-24 13:04:40 - [TEST_STEP][PASSED] - M4_spin_bonus_spin_result = M4_spin_bonus_spin_result: null

2019-08-24 13:04:40 - [MESSAGE][PASSED] - Verify response successfully

2019-08-24 13:04:40 - [MESSAGE][PASSED] - Send request and verify the response successfully

2019-08-24 13:04:40 - [TEST_STEP][PASSED] - if (M4_total_bonus_spins_int != 0 &amp;&amp; M4_spin_reels_symbols[2].contains("WILD_Expanding")): null

2019-08-24 13:04:40 - [TEST_STEP][PASSED] - free_spin_reel_counter = free_spin_reel_counter: null

2019-08-24 13:04:42 - [TEST_STEP][PASSED] - M4_spin_reels_symbols = M4_spin_reels_symbols: null

2019-08-24 13:04:42 - [TEST_STEP][PASSED] - M4_total_bonus_spins = M4_total_bonus_spins: null

2019-08-24 13:04:42 - [TEST_STEP][PASSED] - spin_result = sendRequestAndVerify(findTestObject("INT/RGS(M4)/1_M4_spin", ["M4_login_user_id":M4_login_user_id, "rgs_session_token":rgs_session_token, "partner":Partner])): Send request and verify the response successfully

2019-08-24 13:04:43 - [MESSAGE][INFO] - HAR: /Users/eiralee/Katalon_Script/SuperWild/Reports/20190824_125957/INT/superWild_5/20190824_125957/requests/main/87.har

2019-08-24 13:04:43 - [TEST_CASE][PASSED] - Start Test Case : Verification: Verification accomplished successfully

2019-08-24 13:04:43 - [TEST_STEP][PASSED] - request = getInstance().getCurrentRequest(): null

2019-08-24 13:04:43 - [TEST_STEP][PASSED] - response = getInstance().getCurrentResponse(): null

2019-08-24 13:04:43 - [TEST_STEP][PASSED] - verifyResponseStatusCode(response, 200): Verify response status code successfully

2019-08-24 13:04:43 - [MESSAGE][PASSED] - Verify response status code successfully

2019-08-24 13:04:43 - [TEST_STEP][PASSED] - getStatusCode()).isEqualTo(200): null

2019-08-24 13:04:43 - [TEST_STEP][PASSED] - newline = System.getProperty("line.separator"): null

2019-08-24 13:04:43 - [TEST_STEP][PASSED] - M4_spin = new groovy.json.JsonSlurper(): null

2019-08-24 13:04:43 - [TEST_STEP][PASSED] - result_M4_spin = M4_spin.parseText(response.getResponseBodyContent()): null

2019-08-24 13:04:43 - [TEST_STEP][PASSED] - M4_spin_current_balance = current_balance: null

2019-08-24 13:04:43 - [TEST_STEP][PASSED] - M4_spin_current_balance = M4_spin_current_balance: null

2019-08-24 13:04:43 - [TEST_STEP][PASSED] - M4_spin_transaction_id = causality: null

2019-08-24 13:04:43 - [TEST_STEP][PASSED] - M4_spin_transaction_id = M4_spin_transaction_id: null

2019-08-24 13:04:43 - [TEST_STEP][PASSED] - M4_spin_round_id = round_id: null

2019-08-24 13:04:43 - [TEST_STEP][PASSED] - M4_spin_round_id = M4_spin_round_id: null

2019-08-24 13:04:43 - [TEST_STEP][PASSED] - M4_spin_line_wins = line_wins: null

2019-08-24 13:04:43 - [TEST_STEP][PASSED] - M4_spin_line_wins = M4_spin_line_wins: null

2019-08-24 13:04:43 - [TEST_STEP][PASSED] - M4_total_bonus_spins_int = total_bonus_spins: null

2019-08-24 13:04:43 - [TEST_STEP][PASSED] - println("******M4_total_bonus_spins type is:*******" + newline + getClass().getName()): null

2019-08-24 13:04:43 - [TEST_STEP][PASSED] - M4_total_bonus_spins_int = M4_total_bonus_spins_int: null

2019-08-24 13:04:43 - [TEST_STEP][PASSED] - M4_total_bonus_spins = Integer.toString(M4_total_bonus_spins_int): null

2019-08-24 13:04:43 - [TEST_STEP][PASSED] - M4_total_bonus_spins = M4_total_bonus_spins: null

2019-08-24 13:04:43 - [TEST_STEP][PASSED] - println("M4_total_bonus_spins is:" + M4_total_bonus_spins): null

2019-08-24 13:04:43 - [TEST_STEP][PASSED] - M4_spin_bonus_data = bonus_data: null

2019-08-24 13:04:43 - [TEST_STEP][PASSED] - M4_spin_features_triggered = result_M4_spin: null

2019-08-24 13:04:43 - [TEST_STEP][PASSED] - wild = []: null

2019-08-24 13:04:43 - [TEST_STEP][PASSED] - wild[0] = "WILD_Expanding": null

2019-08-24 13:04:43 - [TEST_STEP][PASSED] - wild[1] = "WILD_Normal": null

2019-08-24 13:04:43 - [TEST_STEP][PASSED] - wild[2] = "WILD_Double": null

2019-08-24 13:04:43 - [TEST_STEP][PASSED] - wild[3] = "WILD_ExtraFG": null

2019-08-24 13:04:43 - [TEST_STEP][PASSED] - wild[4] = "WILD_Triple": null

2019-08-24 13:04:43 - [TEST_STEP][PASSED] - wildList = Arrays.asList(wild): null

2019-08-24 13:04:43 - [TEST_STEP][PASSED] - wildList = wildList: null

2019-08-24 13:04:43 - [TEST_STEP][PASSED] - free_spin_reel_counter = []: null

2019-08-24 13:04:43 - [TEST_STEP][PASSED] - free_spin_reel_counter[0] = 0: null

2019-08-24 13:04:43 - [TEST_STEP][PASSED] - free_spin_reel_counter[1] = 0: null

2019-08-24 13:04:43 - [TEST_STEP][PASSED] - free_spin_reel_counter[2] = 0: null

2019-08-24 13:04:43 - [TEST_STEP][PASSED] - M4_spin_reels = reels: null

2019-08-24 13:04:43 - [TEST_STEP][PASSED] - for ([i = 0, i &lt; M4_spin_reels.size(), (i++)]): null

2019-08-24 13:04:43 - [TEST_STEP][PASSED] - symbols = symbols: null

2019-08-24 13:04:43 - [TEST_STEP][PASSED] - for ([j = 0, j &lt; symbols.size(), (j++)]): null

2019-08-24 13:04:43 - [TEST_STEP][PASSED] - symbol = symbol: null

2019-08-24 13:04:43 - [TEST_STEP][PASSED] - println(symbol): null

2019-08-24 13:04:43 - [TEST_STEP][PASSED] - if (i == 2 &amp;&amp; wildList.indexOf(symbol) != -1): null

2019-08-24 13:04:43 - [TEST_STEP][PASSED] - if (i == 3 &amp;&amp; wildList.indexOf(symbol) != -1): null

2019-08-24 13:04:43 - [TEST_STEP][PASSED] - if (i == 4 &amp;&amp; wildList.indexOf(symbol) != -1): null

2019-08-24 13:04:43 - [TEST_STEP][PASSED] - symbol = symbol: null

2019-08-24 13:04:43 - [TEST_STEP][PASSED] - println(symbol): null

2019-08-24 13:04:43 - [TEST_STEP][PASSED] - if (i == 2 &amp;&amp; wildList.indexOf(symbol) != -1): null

2019-08-24 13:04:43 - [TEST_STEP][PASSED] - if (i == 3 &amp;&amp; wildList.indexOf(symbol) != -1): null

2019-08-24 13:04:43 - [TEST_STEP][PASSED] - if (i == 4 &amp;&amp; wildList.indexOf(symbol) != -1): null

2019-08-24 13:04:43 - [TEST_STEP][PASSED] - symbol = symbol: null

2019-08-24 13:04:43 - [TEST_STEP][PASSED] - println(symbol): null

2019-08-24 13:04:43 - [TEST_STEP][PASSED] - if (i == 2 &amp;&amp; wildList.indexOf(symbol) != -1): null

2019-08-24 13:04:43 - [TEST_STEP][PASSED] - if (i == 3 &amp;&amp; wildList.indexOf(symbol) != -1): null

2019-08-24 13:04:43 - [TEST_STEP][PASSED] - if (i == 4 &amp;&amp; wildList.indexOf(symbol) != -1): null

2019-08-24 13:04:43 - [TEST_STEP][PASSED] - symbols = symbols: null

2019-08-24 13:04:43 - [TEST_STEP][PASSED] - for ([j = 0, j &lt; symbols.size(), (j++)]): null

2019-08-24 13:04:43 - [TEST_STEP][PASSED] - symbol = symbol: null

2019-08-24 13:04:43 - [TEST_STEP][PASSED] - println(symbol): null

2019-08-24 13:04:43 - [TEST_STEP][PASSED] - if (i == 2 &amp;&amp; wildList.indexOf(symbol) != -1): null

2019-08-24 13:04:43 - [TEST_STEP][PASSED] - if (i == 3 &amp;&amp; wildList.indexOf(symbol) != -1): null

2019-08-24 13:04:43 - [TEST_STEP][PASSED] - if (i == 4 &amp;&amp; wildList.indexOf(symbol) != -1): null

2019-08-24 13:04:43 - [TEST_STEP][PASSED] - symbol = symbol: null

2019-08-24 13:04:43 - [TEST_STEP][PASSED] - println(symbol): null

2019-08-24 13:04:43 - [TEST_STEP][PASSED] - if (i == 2 &amp;&amp; wildList.indexOf(symbol) != -1): null

2019-08-24 13:04:43 - [TEST_STEP][PASSED] - if (i == 3 &amp;&amp; wildList.indexOf(symbol) != -1): null

2019-08-24 13:04:43 - [TEST_STEP][PASSED] - if (i == 4 &amp;&amp; wildList.indexOf(symbol) != -1): null

2019-08-24 13:04:43 - [TEST_STEP][PASSED] - symbol = symbol: null

2019-08-24 13:04:43 - [TEST_STEP][PASSED] - println(symbol): null

2019-08-24 13:04:43 - [TEST_STEP][PASSED] - if (i == 2 &amp;&amp; wildList.indexOf(symbol) != -1): null

2019-08-24 13:04:43 - [TEST_STEP][PASSED] - if (i == 3 &amp;&amp; wildList.indexOf(symbol) != -1): null

2019-08-24 13:04:43 - [TEST_STEP][PASSED] - if (i == 4 &amp;&amp; wildList.indexOf(symbol) != -1): null

2019-08-24 13:04:43 - [TEST_STEP][PASSED] - symbols = symbols: null

2019-08-24 13:04:43 - [TEST_STEP][PASSED] - for ([j = 0, j &lt; symbols.size(), (j++)]): null

2019-08-24 13:04:43 - [TEST_STEP][PASSED] - symbol = symbol: null

2019-08-24 13:04:43 - [TEST_STEP][PASSED] - println(symbol): null

2019-08-24 13:04:43 - [TEST_STEP][PASSED] - if (i == 2 &amp;&amp; wildList.indexOf(symbol) != -1): null

2019-08-24 13:04:43 - [TEST_STEP][PASSED] - if (i == 3 &amp;&amp; wildList.indexOf(symbol) != -1): null

2019-08-24 13:04:43 - [TEST_STEP][PASSED] - if (i == 4 &amp;&amp; wildList.indexOf(symbol) != -1): null

2019-08-24 13:04:43 - [TEST_STEP][PASSED] - symbol = symbol: null

2019-08-24 13:04:43 - [TEST_STEP][PASSED] - println(symbol): null

2019-08-24 13:04:43 - [TEST_STEP][PASSED] - if (i == 2 &amp;&amp; wildList.indexOf(symbol) != -1): null

2019-08-24 13:04:43 - [TEST_STEP][PASSED] - if (i == 3 &amp;&amp; wildList.indexOf(symbol) != -1): null

2019-08-24 13:04:43 - [TEST_STEP][PASSED] - if (i == 4 &amp;&amp; wildList.indexOf(symbol) != -1): null

2019-08-24 13:04:43 - [TEST_STEP][PASSED] - symbol = symbol: null

2019-08-24 13:04:43 - [TEST_STEP][PASSED] - println(symbol): null

2019-08-24 13:04:43 - [TEST_STEP][PASSED] - if (i == 2 &amp;&amp; wildList.indexOf(symbol) != -1): null

2019-08-24 13:04:43 - [TEST_STEP][PASSED] - if (i == 3 &amp;&amp; wildList.indexOf(symbol) != -1): null

2019-08-24 13:04:43 - [TEST_STEP][PASSED] - if (i == 4 &amp;&amp; wildList.indexOf(symbol) != -1): null

2019-08-24 13:04:43 - [TEST_STEP][PASSED] - symbols = symbols: null

2019-08-24 13:04:43 - [TEST_STEP][PASSED] - for ([j = 0, j &lt; symbols.size(), (j++)]): null

2019-08-24 13:04:43 - [TEST_STEP][PASSED] - symbol = symbol: null

2019-08-24 13:04:43 - [TEST_STEP][PASSED] - println(symbol): null

2019-08-24 13:04:43 - [TEST_STEP][PASSED] - if (i == 2 &amp;&amp; wildList.indexOf(symbol) != -1): null

2019-08-24 13:04:43 - [TEST_STEP][PASSED] - if (i == 3 &amp;&amp; wildList.indexOf(symbol) != -1): null

2019-08-24 13:04:43 - [TEST_STEP][PASSED] - if (i == 4 &amp;&amp; wildList.indexOf(symbol) != -1): null

2019-08-24 13:04:43 - [TEST_STEP][PASSED] - symbol = symbol: null

2019-08-24 13:04:43 - [TEST_STEP][PASSED] - println(symbol): null

2019-08-24 13:04:43 - [TEST_STEP][PASSED] - if (i == 2 &amp;&amp; wildList.indexOf(symbol) != -1): null

2019-08-24 13:04:43 - [TEST_STEP][PASSED] - if (i == 3 &amp;&amp; wildList.indexOf(symbol) != -1): null

2019-08-24 13:04:43 - [TEST_STEP][PASSED] - if (i == 4 &amp;&amp; wildList.indexOf(symbol) != -1): null

2019-08-24 13:04:43 - [TEST_STEP][PASSED] - symbol = symbol: null

2019-08-24 13:04:43 - [TEST_STEP][PASSED] - println(symbol): null

2019-08-24 13:04:43 - [TEST_STEP][PASSED] - if (i == 2 &amp;&amp; wildList.indexOf(symbol) != -1): null

2019-08-24 13:04:43 - [TEST_STEP][PASSED] - if (i == 3 &amp;&amp; wildList.indexOf(symbol) != -1): null

2019-08-24 13:04:43 - [TEST_STEP][PASSED] - if (i == 4 &amp;&amp; wildList.indexOf(symbol) != -1): null

2019-08-24 13:04:43 - [TEST_STEP][PASSED] - symbols = symbols: null

2019-08-24 13:04:43 - [TEST_STEP][PASSED] - for ([j = 0, j &lt; symbols.size(), (j++)]): null

2019-08-24 13:04:43 - [TEST_STEP][PASSED] - symbol = symbol: null

2019-08-24 13:04:43 - [TEST_STEP][PASSED] - println(symbol): null

2019-08-24 13:04:43 - [TEST_STEP][PASSED] - if (i == 2 &amp;&amp; wildList.indexOf(symbol) != -1): null

2019-08-24 13:04:43 - [TEST_STEP][PASSED] - if (i == 3 &amp;&amp; wildList.indexOf(symbol) != -1): null

2019-08-24 13:04:43 - [TEST_STEP][PASSED] - if (i == 4 &amp;&amp; wildList.indexOf(symbol) != -1): null

2019-08-24 13:04:43 - [TEST_STEP][PASSED] - symbol = symbol: null

2019-08-24 13:04:43 - [TEST_STEP][PASSED] - println(symbol): null

2019-08-24 13:04:43 - [TEST_STEP][PASSED] - if (i == 2 &amp;&amp; wildList.indexOf(symbol) != -1): null

2019-08-24 13:04:43 - [TEST_STEP][PASSED] - if (i == 3 &amp;&amp; wildList.indexOf(symbol) != -1): null

2019-08-24 13:04:43 - [TEST_STEP][PASSED] - if (i == 4 &amp;&amp; wildList.indexOf(symbol) != -1): null

2019-08-24 13:04:43 - [TEST_STEP][PASSED] - symbol = symbol: null

2019-08-24 13:04:43 - [TEST_STEP][PASSED] - println(symbol): null

2019-08-24 13:04:43 - [TEST_STEP][PASSED] - if (i == 2 &amp;&amp; wildList.indexOf(symbol) != -1): null

2019-08-24 13:04:43 - [TEST_STEP][PASSED] - if (i == 3 &amp;&amp; wildList.indexOf(symbol) != -1): null

2019-08-24 13:04:43 - [TEST_STEP][PASSED] - if (i == 4 &amp;&amp; wildList.indexOf(symbol) != -1): null

2019-08-24 13:04:43 - [TEST_STEP][PASSED] - free_spin_reel_counter = free_spin_reel_counter: null

2019-08-24 13:04:43 - [TEST_STEP][PASSED] - println("reel 3 wild found: " + free_spin_reel_counter[0]): null

2019-08-24 13:04:43 - [TEST_STEP][PASSED] - println("reel 4 wild found: " + free_spin_reel_counter[1]): null

2019-08-24 13:04:43 - [TEST_STEP][PASSED] - println("reel 5 wild found: " + free_spin_reel_counter[2]): null

2019-08-24 13:04:43 - [TEST_STEP][PASSED] - M4_spin_reels = M4_spin_reels: null

2019-08-24 13:04:43 - [TEST_STEP][PASSED] - M4_spin_reels_symbols = symbol: null

2019-08-24 13:04:43 - [TEST_STEP][PASSED] - M4_spin_reels_symbols = M4_spin_reels_symbols: null

2019-08-24 13:04:43 - [TEST_STEP][PASSED] - M4_spin_reel_wins = reel_wins: null

2019-08-24 13:04:43 - [TEST_STEP][PASSED] - M4_spin_reel_wins = M4_spin_reel_wins: null

2019-08-24 13:04:43 - [TEST_STEP][PASSED] - println("GlobalVariable.M4_spin_reel_wins is: " + M4_spin_reel_wins): null

2019-08-24 13:04:43 - [TEST_STEP][PASSED] - M4_spin_total_bonus_win_this_round = total_bonus_win_this_round: null

2019-08-24 13:04:43 - [TEST_STEP][PASSED] - M4_spin_total_bonus_win_this_round = M4_spin_total_bonus_win_this_round: null

2019-08-24 13:04:43 - [TEST_STEP][PASSED] - println("GlobalVariable.M4_spin_total_bonus_win_this_round is: " + M4_spin_total_bonus_win_this_round): null

2019-08-24 13:04:43 - [TEST_STEP][PASSED] - M4_spin_bonus_spin_result = spin_result: null

2019-08-24 13:04:43 - [TEST_STEP][PASSED] - M4_spin_bonus_spin_result = M4_spin_bonus_spin_result: null

2019-08-24 13:04:43 - [MESSAGE][PASSED] - Verify response successfully

2019-08-24 13:04:43 - [MESSAGE][PASSED] - Send request and verify the response successfully

2019-08-24 13:04:43 - [TEST_STEP][PASSED] - if (M4_total_bonus_spins_int != 0 &amp;&amp; M4_spin_reels_symbols[2].contains("WILD_Expanding")): null

2019-08-24 13:04:43 - [TEST_STEP][PASSED] - free_spin_reel_counter = free_spin_reel_counter: null

2019-08-24 13:04:43 - [TEST_STEP][PASSED] - M4_spin_reels_symbols = M4_spin_reels_symbols: null

2019-08-24 13:04:43 - [TEST_STEP][PASSED] - M4_total_bonus_spins = M4_total_bonus_spins: null

2019-08-24 13:04:43 - [TEST_STEP][PASSED] - spin_result = sendRequestAndVerify(findTestObject("INT/RGS(M4)/1_M4_spin", ["M4_login_user_id":M4_login_user_id, "rgs_session_token":rgs_session_token, "partner":Partner])): Send request and verify the response successfully

2019-08-24 13:04:43 - [MESSAGE][INFO] - HAR: /Users/eiralee/Katalon_Script/SuperWild/Reports/20190824_125957/INT/superWild_5/20190824_125957/requests/main/88.har

2019-08-24 13:04:43 - [TEST_CASE][PASSED] - Start Test Case : Verification: Verification accomplished successfully

2019-08-24 13:04:43 - [TEST_STEP][PASSED] - request = getInstance().getCurrentRequest(): null

2019-08-24 13:04:43 - [TEST_STEP][PASSED] - response = getInstance().getCurrentResponse(): null

2019-08-24 13:04:43 - [TEST_STEP][PASSED] - verifyResponseStatusCode(response, 200): Verify response status code successfully

2019-08-24 13:04:43 - [MESSAGE][PASSED] - Verify response status code successfully

2019-08-24 13:04:43 - [TEST_STEP][PASSED] - getStatusCode()).isEqualTo(200): null

2019-08-24 13:04:43 - [TEST_STEP][PASSED] - newline = System.getProperty("line.separator"): null

2019-08-24 13:04:43 - [TEST_STEP][PASSED] - M4_spin = new groovy.json.JsonSlurper(): null

2019-08-24 13:04:43 - [TEST_STEP][PASSED] - result_M4_spin = M4_spin.parseText(response.getResponseBodyContent()): null

2019-08-24 13:04:43 - [TEST_STEP][PASSED] - M4_spin_current_balance = current_balance: null

2019-08-24 13:04:43 - [TEST_STEP][PASSED] - M4_spin_current_balance = M4_spin_current_balance: null

2019-08-24 13:04:43 - [TEST_STEP][PASSED] - M4_spin_transaction_id = causality: null

2019-08-24 13:04:43 - [TEST_STEP][PASSED] - M4_spin_transaction_id = M4_spin_transaction_id: null

2019-08-24 13:04:43 - [TEST_STEP][PASSED] - M4_spin_round_id = round_id: null

2019-08-24 13:04:43 - [TEST_STEP][PASSED] - M4_spin_round_id = M4_spin_round_id: null

2019-08-24 13:04:43 - [TEST_STEP][PASSED] - M4_spin_line_wins = line_wins: null

2019-08-24 13:04:43 - [TEST_STEP][PASSED] - M4_spin_line_wins = M4_spin_line_wins: null

2019-08-24 13:04:43 - [TEST_STEP][PASSED] - M4_total_bonus_spins_int = total_bonus_spins: null

2019-08-24 13:04:43 - [TEST_STEP][PASSED] - println("******M4_total_bonus_spins type is:*******" + newline + getClass().getName()): null

2019-08-24 13:04:43 - [TEST_STEP][PASSED] - M4_total_bonus_spins_int = M4_total_bonus_spins_int: null

2019-08-24 13:04:43 - [TEST_STEP][PASSED] - M4_total_bonus_spins = Integer.toString(M4_total_bonus_spins_int): null

2019-08-24 13:04:43 - [TEST_STEP][PASSED] - M4_total_bonus_spins = M4_total_bonus_spins: null

2019-08-24 13:04:43 - [TEST_STEP][PASSED] - println("M4_total_bonus_spins is:" + M4_total_bonus_spins): null

2019-08-24 13:04:43 - [TEST_STEP][PASSED] - M4_spin_bonus_data = bonus_data: null

2019-08-24 13:04:43 - [TEST_STEP][PASSED] - M4_spin_features_triggered = result_M4_spin: null

2019-08-24 13:04:43 - [TEST_STEP][PASSED] - wild = []: null

2019-08-24 13:04:43 - [TEST_STEP][PASSED] - wild[0] = "WILD_Expanding": null

2019-08-24 13:04:43 - [TEST_STEP][PASSED] - wild[1] = "WILD_Normal": null

2019-08-24 13:04:43 - [TEST_STEP][PASSED] - wild[2] = "WILD_Double": null

2019-08-24 13:04:43 - [TEST_STEP][PASSED] - wild[3] = "WILD_ExtraFG": null

2019-08-24 13:04:43 - [TEST_STEP][PASSED] - wild[4] = "WILD_Triple": null

2019-08-24 13:04:43 - [TEST_STEP][PASSED] - wildList = Arrays.asList(wild): null

2019-08-24 13:04:43 - [TEST_STEP][PASSED] - wildList = wildList: null

2019-08-24 13:04:43 - [TEST_STEP][PASSED] - free_spin_reel_counter = []: null

2019-08-24 13:04:43 - [TEST_STEP][PASSED] - free_spin_reel_counter[0] = 0: null

2019-08-24 13:04:43 - [TEST_STEP][PASSED] - free_spin_reel_counter[1] = 0: null

2019-08-24 13:04:43 - [TEST_STEP][PASSED] - free_spin_reel_counter[2] = 0: null

2019-08-24 13:04:43 - [TEST_STEP][PASSED] - M4_spin_reels = reels: null

2019-08-24 13:04:43 - [TEST_STEP][PASSED] - for ([i = 0, i &lt; M4_spin_reels.size(), (i++)]): null

2019-08-24 13:04:43 - [TEST_STEP][PASSED] - symbols = symbols: null

2019-08-24 13:04:43 - [TEST_STEP][PASSED] - for ([j = 0, j &lt; symbols.size(), (j++)]): null

2019-08-24 13:04:43 - [TEST_STEP][PASSED] - symbol = symbol: null

2019-08-24 13:04:43 - [TEST_STEP][PASSED] - println(symbol): null

2019-08-24 13:04:43 - [TEST_STEP][PASSED] - if (i == 2 &amp;&amp; wildList.indexOf(symbol) != -1): null

2019-08-24 13:04:43 - [TEST_STEP][PASSED] - if (i == 3 &amp;&amp; wildList.indexOf(symbol) != -1): null

2019-08-24 13:04:43 - [TEST_STEP][PASSED] - if (i == 4 &amp;&amp; wildList.indexOf(symbol) != -1): null

2019-08-24 13:04:43 - [TEST_STEP][PASSED] - symbol = symbol: null

2019-08-24 13:04:43 - [TEST_STEP][PASSED] - println(symbol): null

2019-08-24 13:04:43 - [TEST_STEP][PASSED] - if (i == 2 &amp;&amp; wildList.indexOf(symbol) != -1): null

2019-08-24 13:04:43 - [TEST_STEP][PASSED] - if (i == 3 &amp;&amp; wildList.indexOf(symbol) != -1): null

2019-08-24 13:04:43 - [TEST_STEP][PASSED] - if (i == 4 &amp;&amp; wildList.indexOf(symbol) != -1): null

2019-08-24 13:04:43 - [TEST_STEP][PASSED] - symbol = symbol: null

2019-08-24 13:04:43 - [TEST_STEP][PASSED] - println(symbol): null

2019-08-24 13:04:43 - [TEST_STEP][PASSED] - if (i == 2 &amp;&amp; wildList.indexOf(symbol) != -1): null

2019-08-24 13:04:43 - [TEST_STEP][PASSED] - if (i == 3 &amp;&amp; wildList.indexOf(symbol) != -1): null

2019-08-24 13:04:43 - [TEST_STEP][PASSED] - if (i == 4 &amp;&amp; wildList.indexOf(symbol) != -1): null

2019-08-24 13:04:43 - [TEST_STEP][PASSED] - symbols = symbols: null

2019-08-24 13:04:43 - [TEST_STEP][PASSED] - for ([j = 0, j &lt; symbols.size(), (j++)]): null

2019-08-24 13:04:43 - [TEST_STEP][PASSED] - symbol = symbol: null

2019-08-24 13:04:43 - [TEST_STEP][PASSED] - println(symbol): null

2019-08-24 13:04:43 - [TEST_STEP][PASSED] - if (i == 2 &amp;&amp; wildList.indexOf(symbol) != -1): null

2019-08-24 13:04:43 - [TEST_STEP][PASSED] - if (i == 3 &amp;&amp; wildList.indexOf(symbol) != -1): null

2019-08-24 13:04:43 - [TEST_STEP][PASSED] - if (i == 4 &amp;&amp; wildList.indexOf(symbol) != -1): null

2019-08-24 13:04:43 - [TEST_STEP][PASSED] - symbol = symbol: null

2019-08-24 13:04:43 - [TEST_STEP][PASSED] - println(symbol): null

2019-08-24 13:04:43 - [TEST_STEP][PASSED] - if (i == 2 &amp;&amp; wildList.indexOf(symbol) != -1): null

2019-08-24 13:04:43 - [TEST_STEP][PASSED] - if (i == 3 &amp;&amp; wildList.indexOf(symbol) != -1): null

2019-08-24 13:04:43 - [TEST_STEP][PASSED] - if (i == 4 &amp;&amp; wildList.indexOf(symbol) != -1): null

2019-08-24 13:04:43 - [TEST_STEP][PASSED] - symbol = symbol: null

2019-08-24 13:04:43 - [TEST_STEP][PASSED] - println(symbol): null

2019-08-24 13:04:43 - [TEST_STEP][PASSED] - if (i == 2 &amp;&amp; wildList.indexOf(symbol) != -1): null

2019-08-24 13:04:43 - [TEST_STEP][PASSED] - if (i == 3 &amp;&amp; wildList.indexOf(symbol) != -1): null

2019-08-24 13:04:43 - [TEST_STEP][PASSED] - if (i == 4 &amp;&amp; wildList.indexOf(symbol) != -1): null

2019-08-24 13:04:43 - [TEST_STEP][PASSED] - symbols = symbols: null

2019-08-24 13:04:43 - [TEST_STEP][PASSED] - for ([j = 0, j &lt; symbols.size(), (j++)]): null

2019-08-24 13:04:43 - [TEST_STEP][PASSED] - symbol = symbol: null

2019-08-24 13:04:43 - [TEST_STEP][PASSED] - println(symbol): null

2019-08-24 13:04:43 - [TEST_STEP][PASSED] - if (i == 2 &amp;&amp; wildList.indexOf(symbol) != -1): null

2019-08-24 13:04:43 - [TEST_STEP][PASSED] - if (i == 3 &amp;&amp; wildList.indexOf(symbol) != -1): null

2019-08-24 13:04:43 - [TEST_STEP][PASSED] - if (i == 4 &amp;&amp; wildList.indexOf(symbol) != -1): null

2019-08-24 13:04:43 - [TEST_STEP][PASSED] - symbol = symbol: null

2019-08-24 13:04:43 - [TEST_STEP][PASSED] - println(symbol): null

2019-08-24 13:04:43 - [TEST_STEP][PASSED] - if (i == 2 &amp;&amp; wildList.indexOf(symbol) != -1): null

2019-08-24 13:04:43 - [TEST_STEP][PASSED] - if (i == 3 &amp;&amp; wildList.indexOf(symbol) != -1): null

2019-08-24 13:04:43 - [TEST_STEP][PASSED] - if (i == 4 &amp;&amp; wildList.indexOf(symbol) != -1): null

2019-08-24 13:04:43 - [TEST_STEP][PASSED] - symbol = symbol: null

2019-08-24 13:04:43 - [TEST_STEP][PASSED] - println(symbol): null

2019-08-24 13:04:43 - [TEST_STEP][PASSED] - if (i == 2 &amp;&amp; wildList.indexOf(symbol) != -1): null

2019-08-24 13:04:43 - [TEST_STEP][PASSED] - if (i == 3 &amp;&amp; wildList.indexOf(symbol) != -1): null

2019-08-24 13:04:43 - [TEST_STEP][PASSED] - if (i == 4 &amp;&amp; wildList.indexOf(symbol) != -1): null

2019-08-24 13:04:43 - [TEST_STEP][PASSED] - symbols = symbols: null

2019-08-24 13:04:43 - [TEST_STEP][PASSED] - for ([j = 0, j &lt; symbols.size(), (j++)]): null

2019-08-24 13:04:43 - [TEST_STEP][PASSED] - symbol = symbol: null

2019-08-24 13:04:43 - [TEST_STEP][PASSED] - println(symbol): null

2019-08-24 13:04:43 - [TEST_STEP][PASSED] - if (i == 2 &amp;&amp; wildList.indexOf(symbol) != -1): null

2019-08-24 13:04:43 - [TEST_STEP][PASSED] - if (i == 3 &amp;&amp; wildList.indexOf(symbol) != -1): null

2019-08-24 13:04:43 - [TEST_STEP][PASSED] - if (i == 4 &amp;&amp; wildList.indexOf(symbol) != -1): null

2019-08-24 13:04:43 - [TEST_STEP][PASSED] - symbol = symbol: null

2019-08-24 13:04:43 - [TEST_STEP][PASSED] - println(symbol): null

2019-08-24 13:04:43 - [TEST_STEP][PASSED] - if (i == 2 &amp;&amp; wildList.indexOf(symbol) != -1): null

2019-08-24 13:04:43 - [TEST_STEP][PASSED] - if (i == 3 &amp;&amp; wildList.indexOf(symbol) != -1): null

2019-08-24 13:04:43 - [TEST_STEP][PASSED] - if (i == 4 &amp;&amp; wildList.indexOf(symbol) != -1): null

2019-08-24 13:04:43 - [TEST_STEP][PASSED] - symbol = symbol: null

2019-08-24 13:04:43 - [TEST_STEP][PASSED] - println(symbol): null

2019-08-24 13:04:43 - [TEST_STEP][PASSED] - if (i == 2 &amp;&amp; wildList.indexOf(symbol) != -1): null

2019-08-24 13:04:43 - [TEST_STEP][PASSED] - if (i == 3 &amp;&amp; wildList.indexOf(symbol) != -1): null

2019-08-24 13:04:43 - [TEST_STEP][PASSED] - if (i == 4 &amp;&amp; wildList.indexOf(symbol) != -1): null

2019-08-24 13:04:43 - [TEST_STEP][PASSED] - symbols = symbols: null

2019-08-24 13:04:43 - [TEST_STEP][PASSED] - for ([j = 0, j &lt; symbols.size(), (j++)]): null

2019-08-24 13:04:43 - [TEST_STEP][PASSED] - symbol = symbol: null

2019-08-24 13:04:43 - [TEST_STEP][PASSED] - println(symbol): null

2019-08-24 13:04:43 - [TEST_STEP][PASSED] - if (i == 2 &amp;&amp; wildList.indexOf(symbol) != -1): null

2019-08-24 13:04:43 - [TEST_STEP][PASSED] - if (i == 3 &amp;&amp; wildList.indexOf(symbol) != -1): null

2019-08-24 13:04:43 - [TEST_STEP][PASSED] - if (i == 4 &amp;&amp; wildList.indexOf(symbol) != -1): null

2019-08-24 13:04:43 - [TEST_STEP][PASSED] - symbol = symbol: null

2019-08-24 13:04:43 - [TEST_STEP][PASSED] - println(symbol): null

2019-08-24 13:04:43 - [TEST_STEP][PASSED] - if (i == 2 &amp;&amp; wildList.indexOf(symbol) != -1): null

2019-08-24 13:04:43 - [TEST_STEP][PASSED] - if (i == 3 &amp;&amp; wildList.indexOf(symbol) != -1): null

2019-08-24 13:04:43 - [TEST_STEP][PASSED] - if (i == 4 &amp;&amp; wildList.indexOf(symbol) != -1): null

2019-08-24 13:04:43 - [TEST_STEP][PASSED] - symbol = symbol: null

2019-08-24 13:04:43 - [TEST_STEP][PASSED] - println(symbol): null

2019-08-24 13:04:43 - [TEST_STEP][PASSED] - if (i == 2 &amp;&amp; wildList.indexOf(symbol) != -1): null

2019-08-24 13:04:43 - [TEST_STEP][PASSED] - if (i == 3 &amp;&amp; wildList.indexOf(symbol) != -1): null

2019-08-24 13:04:43 - [TEST_STEP][PASSED] - if (i == 4 &amp;&amp; wildList.indexOf(symbol) != -1): null

2019-08-24 13:04:43 - [TEST_STEP][PASSED] - free_spin_reel_counter = free_spin_reel_counter: null

2019-08-24 13:04:43 - [TEST_STEP][PASSED] - println("reel 3 wild found: " + free_spin_reel_counter[0]): null

2019-08-24 13:04:43 - [TEST_STEP][PASSED] - println("reel 4 wild found: " + free_spin_reel_counter[1]): null

2019-08-24 13:04:43 - [TEST_STEP][PASSED] - println("reel 5 wild found: " + free_spin_reel_counter[2]): null

2019-08-24 13:04:43 - [TEST_STEP][PASSED] - M4_spin_reels = M4_spin_reels: null

2019-08-24 13:04:43 - [TEST_STEP][PASSED] - M4_spin_reels_symbols = symbol: null

2019-08-24 13:04:43 - [TEST_STEP][PASSED] - M4_spin_reels_symbols = M4_spin_reels_symbols: null

2019-08-24 13:04:43 - [TEST_STEP][PASSED] - M4_spin_reel_wins = reel_wins: null

2019-08-24 13:04:43 - [TEST_STEP][PASSED] - M4_spin_reel_wins = M4_spin_reel_wins: null

2019-08-24 13:04:43 - [TEST_STEP][PASSED] - println("GlobalVariable.M4_spin_reel_wins is: " + M4_spin_reel_wins): null

2019-08-24 13:04:43 - [TEST_STEP][PASSED] - M4_spin_total_bonus_win_this_round = total_bonus_win_this_round: null

2019-08-24 13:04:43 - [TEST_STEP][PASSED] - M4_spin_total_bonus_win_this_round = M4_spin_total_bonus_win_this_round: null

2019-08-24 13:04:43 - [TEST_STEP][PASSED] - println("GlobalVariable.M4_spin_total_bonus_win_this_round is: " + M4_spin_total_bonus_win_this_round): null

2019-08-24 13:04:43 - [TEST_STEP][PASSED] - M4_spin_bonus_spin_result = spin_result: null

2019-08-24 13:04:43 - [TEST_STEP][PASSED] - M4_spin_bonus_spin_result = M4_spin_bonus_spin_result: null

2019-08-24 13:04:43 - [MESSAGE][PASSED] - Verify response successfully

2019-08-24 13:04:43 - [MESSAGE][PASSED] - Send request and verify the response successfully

2019-08-24 13:04:43 - [TEST_STEP][PASSED] - if (M4_total_bonus_spins_int != 0 &amp;&amp; M4_spin_reels_symbols[2].contains("WILD_Expanding")): null

2019-08-24 13:04:43 - [TEST_STEP][PASSED] - free_spin_reel_counter = free_spin_reel_counter: null

2019-08-24 13:04:43 - [TEST_STEP][PASSED] - M4_spin_reels_symbols = M4_spin_reels_symbols: null

2019-08-24 13:04:43 - [TEST_STEP][PASSED] - M4_total_bonus_spins = M4_total_bonus_spins: null

2019-08-24 13:04:43 - [TEST_STEP][PASSED] - spin_result = sendRequestAndVerify(findTestObject("INT/RGS(M4)/1_M4_spin", ["M4_login_user_id":M4_login_user_id, "rgs_session_token":rgs_session_token, "partner":Partner])): Send request and verify the response successfully

2019-08-24 13:04:44 - [MESSAGE][INFO] - HAR: /Users/eiralee/Katalon_Script/SuperWild/Reports/20190824_125957/INT/superWild_5/20190824_125957/requests/main/89.har

2019-08-24 13:04:44 - [TEST_CASE][PASSED] - Start Test Case : Verification: Verification accomplished successfully

2019-08-24 13:04:44 - [TEST_STEP][PASSED] - request = getInstance().getCurrentRequest(): null

2019-08-24 13:04:44 - [TEST_STEP][PASSED] - response = getInstance().getCurrentResponse(): null

2019-08-24 13:04:44 - [TEST_STEP][PASSED] - verifyResponseStatusCode(response, 200): Verify response status code successfully

2019-08-24 13:04:44 - [MESSAGE][PASSED] - Verify response status code successfully

2019-08-24 13:04:44 - [TEST_STEP][PASSED] - getStatusCode()).isEqualTo(200): null

2019-08-24 13:04:44 - [TEST_STEP][PASSED] - newline = System.getProperty("line.separator"): null

2019-08-24 13:04:44 - [TEST_STEP][PASSED] - M4_spin = new groovy.json.JsonSlurper(): null

2019-08-24 13:04:44 - [TEST_STEP][PASSED] - result_M4_spin = M4_spin.parseText(response.getResponseBodyContent()): null

2019-08-24 13:04:44 - [TEST_STEP][PASSED] - M4_spin_current_balance = current_balance: null

2019-08-24 13:04:44 - [TEST_STEP][PASSED] - M4_spin_current_balance = M4_spin_current_balance: null

2019-08-24 13:04:44 - [TEST_STEP][PASSED] - M4_spin_transaction_id = causality: null

2019-08-24 13:04:44 - [TEST_STEP][PASSED] - M4_spin_transaction_id = M4_spin_transaction_id: null

2019-08-24 13:04:44 - [TEST_STEP][PASSED] - M4_spin_round_id = round_id: null

2019-08-24 13:04:44 - [TEST_STEP][PASSED] - M4_spin_round_id = M4_spin_round_id: null

2019-08-24 13:04:44 - [TEST_STEP][PASSED] - M4_spin_line_wins = line_wins: null

2019-08-24 13:04:44 - [TEST_STEP][PASSED] - M4_spin_line_wins = M4_spin_line_wins: null

2019-08-24 13:04:44 - [TEST_STEP][PASSED] - M4_total_bonus_spins_int = total_bonus_spins: null

2019-08-24 13:04:44 - [TEST_STEP][PASSED] - println("******M4_total_bonus_spins type is:*******" + newline + getClass().getName()): null

2019-08-24 13:04:44 - [TEST_STEP][PASSED] - M4_total_bonus_spins_int = M4_total_bonus_spins_int: null

2019-08-24 13:04:44 - [TEST_STEP][PASSED] - M4_total_bonus_spins = Integer.toString(M4_total_bonus_spins_int): null

2019-08-24 13:04:44 - [TEST_STEP][PASSED] - M4_total_bonus_spins = M4_total_bonus_spins: null

2019-08-24 13:04:44 - [TEST_STEP][PASSED] - println("M4_total_bonus_spins is:" + M4_total_bonus_spins): null

2019-08-24 13:04:44 - [TEST_STEP][PASSED] - M4_spin_bonus_data = bonus_data: null

2019-08-24 13:04:44 - [TEST_STEP][PASSED] - M4_spin_features_triggered = result_M4_spin: null

2019-08-24 13:04:44 - [TEST_STEP][PASSED] - wild = []: null

2019-08-24 13:04:44 - [TEST_STEP][PASSED] - wild[0] = "WILD_Expanding": null

2019-08-24 13:04:44 - [TEST_STEP][PASSED] - wild[1] = "WILD_Normal": null

2019-08-24 13:04:48 - [TEST_STEP][PASSED] - wild[2] = "WILD_Double": null

2019-08-24 13:04:48 - [TEST_STEP][PASSED] - wild[3] = "WILD_ExtraFG": null

2019-08-24 13:04:48 - [TEST_STEP][PASSED] - wild[4] = "WILD_Triple": null

2019-08-24 13:04:48 - [TEST_STEP][PASSED] - wildList = Arrays.asList(wild): null

2019-08-24 13:04:48 - [TEST_STEP][PASSED] - wildList = wildList: null

2019-08-24 13:04:48 - [TEST_STEP][PASSED] - free_spin_reel_counter = []: null

2019-08-24 13:04:48 - [TEST_STEP][PASSED] - free_spin_reel_counter[0] = 0: null

2019-08-24 13:04:48 - [TEST_STEP][PASSED] - free_spin_reel_counter[1] = 0: null

2019-08-24 13:04:48 - [TEST_STEP][PASSED] - free_spin_reel_counter[2] = 0: null

2019-08-24 13:04:48 - [TEST_STEP][PASSED] - M4_spin_reels = reels: null

2019-08-24 13:04:50 - [TEST_STEP][PASSED] - for ([i = 0, i &lt; M4_spin_reels.size(), (i++)]): null

2019-08-24 13:04:50 - [TEST_STEP][PASSED] - symbols = symbols: null

2019-08-24 13:04:50 - [TEST_STEP][PASSED] - for ([j = 0, j &lt; symbols.size(), (j++)]): null

2019-08-24 13:04:50 - [TEST_STEP][PASSED] - symbol = symbol: null

2019-08-24 13:04:50 - [TEST_STEP][PASSED] - println(symbol): null

2019-08-24 13:04:50 - [TEST_STEP][PASSED] - if (i == 2 &amp;&amp; wildList.indexOf(symbol) != -1): null

2019-08-24 13:04:50 - [TEST_STEP][PASSED] - if (i == 3 &amp;&amp; wildList.indexOf(symbol) != -1): null

2019-08-24 13:04:50 - [TEST_STEP][PASSED] - if (i == 4 &amp;&amp; wildList.indexOf(symbol) != -1): null

2019-08-24 13:04:50 - [TEST_STEP][PASSED] - symbol = symbol: null

2019-08-24 13:04:50 - [TEST_STEP][PASSED] - println(symbol): null

2019-08-24 13:04:50 - [TEST_STEP][PASSED] - if (i == 2 &amp;&amp; wildList.indexOf(symbol) != -1): null

2019-08-24 13:04:50 - [TEST_STEP][PASSED] - if (i == 3 &amp;&amp; wildList.indexOf(symbol) != -1): null

2019-08-24 13:04:50 - [TEST_STEP][PASSED] - if (i == 4 &amp;&amp; wildList.indexOf(symbol) != -1): null

2019-08-24 13:04:50 - [TEST_STEP][PASSED] - symbol = symbol: null

2019-08-24 13:04:50 - [TEST_STEP][PASSED] - println(symbol): null

2019-08-24 13:04:50 - [TEST_STEP][PASSED] - if (i == 2 &amp;&amp; wildList.indexOf(symbol) != -1): null

2019-08-24 13:04:50 - [TEST_STEP][PASSED] - if (i == 3 &amp;&amp; wildList.indexOf(symbol) != -1): null

2019-08-24 13:04:50 - [TEST_STEP][PASSED] - if (i == 4 &amp;&amp; wildList.indexOf(symbol) != -1): null

2019-08-24 13:04:50 - [TEST_STEP][PASSED] - symbols = symbols: null

2019-08-24 13:04:50 - [TEST_STEP][PASSED] - for ([j = 0, j &lt; symbols.size(), (j++)]): null

2019-08-24 13:04:50 - [TEST_STEP][PASSED] - symbol = symbol: null

2019-08-24 13:04:50 - [TEST_STEP][PASSED] - println(symbol): null

2019-08-24 13:04:50 - [TEST_STEP][PASSED] - if (i == 2 &amp;&amp; wildList.indexOf(symbol) != -1): null

2019-08-24 13:04:50 - [TEST_STEP][PASSED] - if (i == 3 &amp;&amp; wildList.indexOf(symbol) != -1): null

2019-08-24 13:04:50 - [TEST_STEP][PASSED] - if (i == 4 &amp;&amp; wildList.indexOf(symbol) != -1): null

2019-08-24 13:04:50 - [TEST_STEP][PASSED] - symbol = symbol: null

2019-08-24 13:04:50 - [TEST_STEP][PASSED] - println(symbol): null

2019-08-24 13:04:50 - [TEST_STEP][PASSED] - if (i == 2 &amp;&amp; wildList.indexOf(symbol) != -1): null

2019-08-24 13:04:50 - [TEST_STEP][PASSED] - if (i == 3 &amp;&amp; wildList.indexOf(symbol) != -1): null

2019-08-24 13:04:50 - [TEST_STEP][PASSED] - if (i == 4 &amp;&amp; wildList.indexOf(symbol) != -1): null

2019-08-24 13:04:50 - [TEST_STEP][PASSED] - symbol = symbol: null

2019-08-24 13:04:50 - [TEST_STEP][PASSED] - println(symbol): null

2019-08-24 13:04:50 - [TEST_STEP][PASSED] - if (i == 2 &amp;&amp; wildList.indexOf(symbol) != -1): null

2019-08-24 13:04:50 - [TEST_STEP][PASSED] - if (i == 3 &amp;&amp; wildList.indexOf(symbol) != -1): null

2019-08-24 13:04:50 - [TEST_STEP][PASSED] - if (i == 4 &amp;&amp; wildList.indexOf(symbol) != -1): null

2019-08-24 13:04:50 - [TEST_STEP][PASSED] - symbols = symbols: null

2019-08-24 13:04:50 - [TEST_STEP][PASSED] - for ([j = 0, j &lt; symbols.size(), (j++)]): null

2019-08-24 13:04:50 - [TEST_STEP][PASSED] - symbol = symbol: null

2019-08-24 13:04:50 - [TEST_STEP][PASSED] - println(symbol): null

2019-08-24 13:04:50 - [TEST_STEP][PASSED] - if (i == 2 &amp;&amp; wildList.indexOf(symbol) != -1): null

2019-08-24 13:04:50 - [TEST_STEP][PASSED] - if (i == 3 &amp;&amp; wildList.indexOf(symbol) != -1): null

2019-08-24 13:04:50 - [TEST_STEP][PASSED] - if (i == 4 &amp;&amp; wildList.indexOf(symbol) != -1): null

2019-08-24 13:04:50 - [TEST_STEP][PASSED] - symbol = symbol: null

2019-08-24 13:04:50 - [TEST_STEP][PASSED] - println(symbol): null

2019-08-24 13:04:50 - [TEST_STEP][PASSED] - if (i == 2 &amp;&amp; wildList.indexOf(symbol) != -1): null

2019-08-24 13:04:50 - [TEST_STEP][PASSED] - if (i == 3 &amp;&amp; wildList.indexOf(symbol) != -1): null

2019-08-24 13:04:50 - [TEST_STEP][PASSED] - if (i == 4 &amp;&amp; wildList.indexOf(symbol) != -1): null

2019-08-24 13:04:50 - [TEST_STEP][PASSED] - symbol = symbol: null

2019-08-24 13:04:50 - [TEST_STEP][PASSED] - println(symbol): null

2019-08-24 13:04:50 - [TEST_STEP][PASSED] - if (i == 2 &amp;&amp; wildList.indexOf(symbol) != -1): null

2019-08-24 13:04:50 - [TEST_STEP][PASSED] - if (i == 3 &amp;&amp; wildList.indexOf(symbol) != -1): null

2019-08-24 13:04:50 - [TEST_STEP][PASSED] - if (i == 4 &amp;&amp; wildList.indexOf(symbol) != -1): null

2019-08-24 13:04:50 - [TEST_STEP][PASSED] - symbols = symbols: null

2019-08-24 13:04:50 - [TEST_STEP][PASSED] - for ([j = 0, j &lt; symbols.size(), (j++)]): null

2019-08-24 13:04:50 - [TEST_STEP][PASSED] - symbol = symbol: null

2019-08-24 13:04:50 - [TEST_STEP][PASSED] - println(symbol): null

2019-08-24 13:04:50 - [TEST_STEP][PASSED] - if (i == 2 &amp;&amp; wildList.indexOf(symbol) != -1): null

2019-08-24 13:04:50 - [TEST_STEP][PASSED] - if (i == 3 &amp;&amp; wildList.indexOf(symbol) != -1): null

2019-08-24 13:04:50 - [TEST_STEP][PASSED] - if (i == 4 &amp;&amp; wildList.indexOf(symbol) != -1): null

2019-08-24 13:04:50 - [TEST_STEP][PASSED] - symbol = symbol: null

2019-08-24 13:04:50 - [TEST_STEP][PASSED] - println(symbol): null

2019-08-24 13:04:50 - [TEST_STEP][PASSED] - if (i == 2 &amp;&amp; wildList.indexOf(symbol) != -1): null

2019-08-24 13:04:50 - [TEST_STEP][PASSED] - if (i == 3 &amp;&amp; wildList.indexOf(symbol) != -1): null

2019-08-24 13:04:50 - [TEST_STEP][PASSED] - println("wild found on reel 4, adding counter by 1"): null

2019-08-24 13:04:50 - [TEST_STEP][PASSED] - free_spin_reel_counter[1] = free_spin_reel_counter[1] + 1: null

2019-08-24 13:04:50 - [TEST_STEP][PASSED] - if (i == 4 &amp;&amp; wildList.indexOf(symbol) != -1): null

2019-08-24 13:04:50 - [TEST_STEP][PASSED] - symbol = symbol: null

2019-08-24 13:04:50 - [TEST_STEP][PASSED] - println(symbol): null

2019-08-24 13:04:50 - [TEST_STEP][PASSED] - if (i == 2 &amp;&amp; wildList.indexOf(symbol) != -1): null

2019-08-24 13:04:50 - [TEST_STEP][PASSED] - if (i == 3 &amp;&amp; wildList.indexOf(symbol) != -1): null

2019-08-24 13:04:50 - [TEST_STEP][PASSED] - if (i == 4 &amp;&amp; wildList.indexOf(symbol) != -1): null

2019-08-24 13:04:50 - [TEST_STEP][PASSED] - symbols = symbols: null

2019-08-24 13:04:50 - [TEST_STEP][PASSED] - for ([j = 0, j &lt; symbols.size(), (j++)]): null

2019-08-24 13:04:50 - [TEST_STEP][PASSED] - symbol = symbol: null

2019-08-24 13:04:50 - [TEST_STEP][PASSED] - println(symbol): null

2019-08-24 13:04:50 - [TEST_STEP][PASSED] - if (i == 2 &amp;&amp; wildList.indexOf(symbol) != -1): null

2019-08-24 13:04:50 - [TEST_STEP][PASSED] - if (i == 3 &amp;&amp; wildList.indexOf(symbol) != -1): null

2019-08-24 13:04:50 - [TEST_STEP][PASSED] - if (i == 4 &amp;&amp; wildList.indexOf(symbol) != -1): null

2019-08-24 13:04:50 - [TEST_STEP][PASSED] - symbol = symbol: null

2019-08-24 13:04:50 - [TEST_STEP][PASSED] - println(symbol): null

2019-08-24 13:04:50 - [TEST_STEP][PASSED] - if (i == 2 &amp;&amp; wildList.indexOf(symbol) != -1): null

2019-08-24 13:04:50 - [TEST_STEP][PASSED] - if (i == 3 &amp;&amp; wildList.indexOf(symbol) != -1): null

2019-08-24 13:04:50 - [TEST_STEP][PASSED] - if (i == 4 &amp;&amp; wildList.indexOf(symbol) != -1): null

2019-08-24 13:04:50 - [TEST_STEP][PASSED] - println("wild found on reel 5, adding counter by 1"): null

2019-08-24 13:04:50 - [TEST_STEP][PASSED] - free_spin_reel_counter[2] = free_spin_reel_counter[2] + 1: null

2019-08-24 13:04:50 - [TEST_STEP][PASSED] - symbol = symbol: null

2019-08-24 13:04:50 - [TEST_STEP][PASSED] - println(symbol): null

2019-08-24 13:04:50 - [TEST_STEP][PASSED] - if (i == 2 &amp;&amp; wildList.indexOf(symbol) != -1): null

2019-08-24 13:04:50 - [TEST_STEP][PASSED] - if (i == 3 &amp;&amp; wildList.indexOf(symbol) != -1): null

2019-08-24 13:04:50 - [TEST_STEP][PASSED] - if (i == 4 &amp;&amp; wildList.indexOf(symbol) != -1): null

2019-08-24 13:04:50 - [TEST_STEP][PASSED] - free_spin_reel_counter = free_spin_reel_counter: null

2019-08-24 13:04:50 - [TEST_STEP][PASSED] - println("reel 3 wild found: " + free_spin_reel_counter[0]): null

2019-08-24 13:04:50 - [TEST_STEP][PASSED] - println("reel 4 wild found: " + free_spin_reel_counter[1]): null

2019-08-24 13:04:50 - [TEST_STEP][PASSED] - println("reel 5 wild found: " + free_spin_reel_counter[2]): null

2019-08-24 13:04:50 - [TEST_STEP][PASSED] - M4_spin_reels = M4_spin_reels: null

2019-08-24 13:04:50 - [TEST_STEP][PASSED] - M4_spin_reels_symbols = symbol: null

2019-08-24 13:04:50 - [TEST_STEP][PASSED] - M4_spin_reels_symbols = M4_spin_reels_symbols: null

2019-08-24 13:04:50 - [TEST_STEP][PASSED] - M4_spin_reel_wins = reel_wins: null

2019-08-24 13:04:50 - [TEST_STEP][PASSED] - M4_spin_reel_wins = M4_spin_reel_wins: null

2019-08-24 13:04:50 - [TEST_STEP][PASSED] - println("GlobalVariable.M4_spin_reel_wins is: " + M4_spin_reel_wins): null

2019-08-24 13:04:50 - [TEST_STEP][PASSED] - M4_spin_total_bonus_win_this_round = total_bonus_win_this_round: null

2019-08-24 13:04:50 - [TEST_STEP][PASSED] - M4_spin_total_bonus_win_this_round = M4_spin_total_bonus_win_this_round: null

2019-08-24 13:04:50 - [TEST_STEP][PASSED] - println("GlobalVariable.M4_spin_total_bonus_win_this_round is: " + M4_spin_total_bonus_win_this_round): null

2019-08-24 13:04:50 - [TEST_STEP][PASSED] - M4_spin_bonus_spin_result = spin_result: null

2019-08-24 13:04:50 - [TEST_STEP][PASSED] - M4_spin_bonus_spin_result = M4_spin_bonus_spin_result: null

2019-08-24 13:04:50 - [MESSAGE][PASSED] - Verify response successfully

2019-08-24 13:04:50 - [MESSAGE][PASSED] - Send request and verify the response successfully

2019-08-24 13:04:50 - [TEST_STEP][PASSED] - if (M4_total_bonus_spins_int != 0 &amp;&amp; M4_spin_reels_symbols[2].contains("WILD_Expanding")): null

2019-08-24 13:04:50 - [TEST_STEP][PASSED] - free_spin_reel_counter = free_spin_reel_counter: null

2019-08-24 13:04:50 - [TEST_STEP][PASSED] - M4_spin_reels_symbols = M4_spin_reels_symbols: null

2019-08-24 13:04:50 - [TEST_STEP][PASSED] - M4_total_bonus_spins = M4_total_bonus_spins: null

2019-08-24 13:04:50 - [TEST_STEP][PASSED] - spin_result = sendRequestAndVerify(findTestObject("INT/RGS(M4)/1_M4_spin", ["M4_login_user_id":M4_login_user_id, "rgs_session_token":rgs_session_token, "partner":Partner])): Send request and verify the response successfully

2019-08-24 13:04:50 - [MESSAGE][INFO] - HAR: /Users/eiralee/Katalon_Script/SuperWild/Reports/20190824_125957/INT/superWild_5/20190824_125957/requests/main/90.har

2019-08-24 13:04:50 - [TEST_CASE][PASSED] - Start Test Case : Verification: Verification accomplished successfully

2019-08-24 13:04:50 - [TEST_STEP][PASSED] - request = getInstance().getCurrentRequest(): null

2019-08-24 13:04:51 - [TEST_STEP][PASSED] - response = getInstance().getCurrentResponse(): null

2019-08-24 13:04:51 - [TEST_STEP][PASSED] - verifyResponseStatusCode(response, 200): Verify response status code successfully

2019-08-24 13:04:51 - [MESSAGE][PASSED] - Verify response status code successfully

2019-08-24 13:04:51 - [TEST_STEP][PASSED] - getStatusCode()).isEqualTo(200): null

2019-08-24 13:04:51 - [TEST_STEP][PASSED] - newline = System.getProperty("line.separator"): null

2019-08-24 13:04:51 - [TEST_STEP][PASSED] - M4_spin = new groovy.json.JsonSlurper(): null

2019-08-24 13:04:51 - [TEST_STEP][PASSED] - result_M4_spin = M4_spin.parseText(response.getResponseBodyContent()): null

2019-08-24 13:04:51 - [TEST_STEP][PASSED] - M4_spin_current_balance = current_balance: null

2019-08-24 13:04:51 - [TEST_STEP][PASSED] - M4_spin_current_balance = M4_spin_current_balance: null

2019-08-24 13:04:51 - [TEST_STEP][PASSED] - M4_spin_transaction_id = causality: null

2019-08-24 13:04:51 - [TEST_STEP][PASSED] - M4_spin_transaction_id = M4_spin_transaction_id: null

2019-08-24 13:04:51 - [TEST_STEP][PASSED] - M4_spin_round_id = round_id: null

2019-08-24 13:04:51 - [TEST_STEP][PASSED] - M4_spin_round_id = M4_spin_round_id: null

2019-08-24 13:04:51 - [TEST_STEP][PASSED] - M4_spin_line_wins = line_wins: null

2019-08-24 13:04:51 - [TEST_STEP][PASSED] - M4_spin_line_wins = M4_spin_line_wins: null

2019-08-24 13:04:51 - [TEST_STEP][PASSED] - M4_total_bonus_spins_int = total_bonus_spins: null

2019-08-24 13:04:51 - [TEST_STEP][PASSED] - println("******M4_total_bonus_spins type is:*******" + newline + getClass().getName()): null

2019-08-24 13:04:51 - [TEST_STEP][PASSED] - M4_total_bonus_spins_int = M4_total_bonus_spins_int: null

2019-08-24 13:04:51 - [TEST_STEP][PASSED] - M4_total_bonus_spins = Integer.toString(M4_total_bonus_spins_int): null

2019-08-24 13:04:51 - [TEST_STEP][PASSED] - M4_total_bonus_spins = M4_total_bonus_spins: null

2019-08-24 13:04:51 - [TEST_STEP][PASSED] - println("M4_total_bonus_spins is:" + M4_total_bonus_spins): null

2019-08-24 13:04:51 - [TEST_STEP][PASSED] - M4_spin_bonus_data = bonus_data: null

2019-08-24 13:04:51 - [TEST_STEP][PASSED] - M4_spin_features_triggered = result_M4_spin: null

2019-08-24 13:04:51 - [TEST_STEP][PASSED] - wild = []: null

2019-08-24 13:04:51 - [TEST_STEP][PASSED] - wild[0] = "WILD_Expanding": null

2019-08-24 13:04:51 - [TEST_STEP][PASSED] - wild[1] = "WILD_Normal": null

2019-08-24 13:04:51 - [TEST_STEP][PASSED] - wild[2] = "WILD_Double": null

2019-08-24 13:04:51 - [TEST_STEP][PASSED] - wild[3] = "WILD_ExtraFG": null

2019-08-24 13:04:51 - [TEST_STEP][PASSED] - wild[4] = "WILD_Triple": null

2019-08-24 13:04:51 - [TEST_STEP][PASSED] - wildList = Arrays.asList(wild): null

2019-08-24 13:04:51 - [TEST_STEP][PASSED] - wildList = wildList: null

2019-08-24 13:04:51 - [TEST_STEP][PASSED] - free_spin_reel_counter = []: null

2019-08-24 13:04:51 - [TEST_STEP][PASSED] - free_spin_reel_counter[0] = 0: null

2019-08-24 13:04:51 - [TEST_STEP][PASSED] - free_spin_reel_counter[1] = 0: null

2019-08-24 13:04:51 - [TEST_STEP][PASSED] - free_spin_reel_counter[2] = 0: null

2019-08-24 13:04:51 - [TEST_STEP][PASSED] - M4_spin_reels = reels: null

2019-08-24 13:04:51 - [TEST_STEP][PASSED] - for ([i = 0, i &lt; M4_spin_reels.size(), (i++)]): null

2019-08-24 13:04:51 - [TEST_STEP][PASSED] - symbols = symbols: null

2019-08-24 13:04:51 - [TEST_STEP][PASSED] - for ([j = 0, j &lt; symbols.size(), (j++)]): null

2019-08-24 13:04:51 - [TEST_STEP][PASSED] - symbol = symbol: null

2019-08-24 13:04:51 - [TEST_STEP][PASSED] - println(symbol): null

2019-08-24 13:04:51 - [TEST_STEP][PASSED] - if (i == 2 &amp;&amp; wildList.indexOf(symbol) != -1): null

2019-08-24 13:04:51 - [TEST_STEP][PASSED] - if (i == 3 &amp;&amp; wildList.indexOf(symbol) != -1): null

2019-08-24 13:04:51 - [TEST_STEP][PASSED] - if (i == 4 &amp;&amp; wildList.indexOf(symbol) != -1): null

2019-08-24 13:04:51 - [TEST_STEP][PASSED] - symbol = symbol: null

2019-08-24 13:04:51 - [TEST_STEP][PASSED] - println(symbol): null

2019-08-24 13:04:51 - [TEST_STEP][PASSED] - if (i == 2 &amp;&amp; wildList.indexOf(symbol) != -1): null

2019-08-24 13:04:51 - [TEST_STEP][PASSED] - if (i == 3 &amp;&amp; wildList.indexOf(symbol) != -1): null

2019-08-24 13:04:51 - [TEST_STEP][PASSED] - if (i == 4 &amp;&amp; wildList.indexOf(symbol) != -1): null

2019-08-24 13:04:51 - [TEST_STEP][PASSED] - symbol = symbol: null

2019-08-24 13:04:51 - [TEST_STEP][PASSED] - println(symbol): null

2019-08-24 13:04:51 - [TEST_STEP][PASSED] - if (i == 2 &amp;&amp; wildList.indexOf(symbol) != -1): null

2019-08-24 13:04:51 - [TEST_STEP][PASSED] - if (i == 3 &amp;&amp; wildList.indexOf(symbol) != -1): null

2019-08-24 13:04:51 - [TEST_STEP][PASSED] - if (i == 4 &amp;&amp; wildList.indexOf(symbol) != -1): null

2019-08-24 13:04:51 - [TEST_STEP][PASSED] - symbols = symbols: null

2019-08-24 13:04:51 - [TEST_STEP][PASSED] - for ([j = 0, j &lt; symbols.size(), (j++)]): null

2019-08-24 13:04:51 - [TEST_STEP][PASSED] - symbol = symbol: null

2019-08-24 13:04:51 - [TEST_STEP][PASSED] - println(symbol): null

2019-08-24 13:04:51 - [TEST_STEP][PASSED] - if (i == 2 &amp;&amp; wildList.indexOf(symbol) != -1): null

2019-08-24 13:04:51 - [TEST_STEP][PASSED] - if (i == 3 &amp;&amp; wildList.indexOf(symbol) != -1): null

2019-08-24 13:04:51 - [TEST_STEP][PASSED] - if (i == 4 &amp;&amp; wildList.indexOf(symbol) != -1): null

2019-08-24 13:04:51 - [TEST_STEP][PASSED] - symbol = symbol: null

2019-08-24 13:04:51 - [TEST_STEP][PASSED] - println(symbol): null

2019-08-24 13:04:51 - [TEST_STEP][PASSED] - if (i == 2 &amp;&amp; wildList.indexOf(symbol) != -1): null

2019-08-24 13:04:51 - [TEST_STEP][PASSED] - if (i == 3 &amp;&amp; wildList.indexOf(symbol) != -1): null

2019-08-24 13:04:51 - [TEST_STEP][PASSED] - if (i == 4 &amp;&amp; wildList.indexOf(symbol) != -1): null

2019-08-24 13:04:51 - [TEST_STEP][PASSED] - symbol = symbol: null

2019-08-24 13:04:51 - [TEST_STEP][PASSED] - println(symbol): null

2019-08-24 13:04:51 - [TEST_STEP][PASSED] - if (i == 2 &amp;&amp; wildList.indexOf(symbol) != -1): null

2019-08-24 13:04:51 - [TEST_STEP][PASSED] - if (i == 3 &amp;&amp; wildList.indexOf(symbol) != -1): null

2019-08-24 13:04:51 - [TEST_STEP][PASSED] - if (i == 4 &amp;&amp; wildList.indexOf(symbol) != -1): null

2019-08-24 13:04:51 - [TEST_STEP][PASSED] - symbols = symbols: null

2019-08-24 13:04:51 - [TEST_STEP][PASSED] - for ([j = 0, j &lt; symbols.size(), (j++)]): null

2019-08-24 13:04:51 - [TEST_STEP][PASSED] - symbol = symbol: null

2019-08-24 13:04:51 - [TEST_STEP][PASSED] - println(symbol): null

2019-08-24 13:04:51 - [TEST_STEP][PASSED] - if (i == 2 &amp;&amp; wildList.indexOf(symbol) != -1): null

2019-08-24 13:04:51 - [TEST_STEP][PASSED] - println("wild found on reel 3, adding counter by 1"): null

2019-08-24 13:04:51 - [TEST_STEP][PASSED] - free_spin_reel_counter[0] = free_spin_reel_counter[0] + 1: null

2019-08-24 13:04:51 - [TEST_STEP][PASSED] - if (i == 3 &amp;&amp; wildList.indexOf(symbol) != -1): null

2019-08-24 13:04:51 - [TEST_STEP][PASSED] - if (i == 4 &amp;&amp; wildList.indexOf(symbol) != -1): null

2019-08-24 13:04:51 - [TEST_STEP][PASSED] - symbol = symbol: null

2019-08-24 13:04:51 - [TEST_STEP][PASSED] - println(symbol): null

2019-08-24 13:04:51 - [TEST_STEP][PASSED] - if (i == 2 &amp;&amp; wildList.indexOf(symbol) != -1): null

2019-08-24 13:04:51 - [TEST_STEP][PASSED] - if (i == 3 &amp;&amp; wildList.indexOf(symbol) != -1): null

2019-08-24 13:04:51 - [TEST_STEP][PASSED] - if (i == 4 &amp;&amp; wildList.indexOf(symbol) != -1): null

2019-08-24 13:04:51 - [TEST_STEP][PASSED] - symbol = symbol: null

2019-08-24 13:04:51 - [TEST_STEP][PASSED] - println(symbol): null

2019-08-24 13:04:51 - [TEST_STEP][PASSED] - if (i == 2 &amp;&amp; wildList.indexOf(symbol) != -1): null

2019-08-24 13:04:51 - [TEST_STEP][PASSED] - if (i == 3 &amp;&amp; wildList.indexOf(symbol) != -1): null

2019-08-24 13:04:51 - [TEST_STEP][PASSED] - if (i == 4 &amp;&amp; wildList.indexOf(symbol) != -1): null

2019-08-24 13:04:51 - [TEST_STEP][PASSED] - symbols = symbols: null

2019-08-24 13:04:51 - [TEST_STEP][PASSED] - for ([j = 0, j &lt; symbols.size(), (j++)]): null

2019-08-24 13:04:51 - [TEST_STEP][PASSED] - symbol = symbol: null

2019-08-24 13:04:51 - [TEST_STEP][PASSED] - println(symbol): null

2019-08-24 13:04:51 - [TEST_STEP][PASSED] - if (i == 2 &amp;&amp; wildList.indexOf(symbol) != -1): null

2019-08-24 13:04:51 - [TEST_STEP][PASSED] - if (i == 3 &amp;&amp; wildList.indexOf(symbol) != -1): null

2019-08-24 13:04:51 - [TEST_STEP][PASSED] - if (i == 4 &amp;&amp; wildList.indexOf(symbol) != -1): null

2019-08-24 13:04:51 - [TEST_STEP][PASSED] - symbol = symbol: null

2019-08-24 13:04:51 - [TEST_STEP][PASSED] - println(symbol): null

2019-08-24 13:04:51 - [TEST_STEP][PASSED] - if (i == 2 &amp;&amp; wildList.indexOf(symbol) != -1): null

2019-08-24 13:04:51 - [TEST_STEP][PASSED] - if (i == 3 &amp;&amp; wildList.indexOf(symbol) != -1): null

2019-08-24 13:04:51 - [TEST_STEP][PASSED] - if (i == 4 &amp;&amp; wildList.indexOf(symbol) != -1): null

2019-08-24 13:04:51 - [TEST_STEP][PASSED] - symbol = symbol: null

2019-08-24 13:04:51 - [TEST_STEP][PASSED] - println(symbol): null

2019-08-24 13:04:51 - [TEST_STEP][PASSED] - if (i == 2 &amp;&amp; wildList.indexOf(symbol) != -1): null

2019-08-24 13:04:51 - [TEST_STEP][PASSED] - if (i == 3 &amp;&amp; wildList.indexOf(symbol) != -1): null

2019-08-24 13:04:51 - [TEST_STEP][PASSED] - if (i == 4 &amp;&amp; wildList.indexOf(symbol) != -1): null

2019-08-24 13:04:51 - [TEST_STEP][PASSED] - symbols = symbols: null

2019-08-24 13:04:51 - [TEST_STEP][PASSED] - for ([j = 0, j &lt; symbols.size(), (j++)]): null

2019-08-24 13:04:51 - [TEST_STEP][PASSED] - symbol = symbol: null

2019-08-24 13:04:51 - [TEST_STEP][PASSED] - println(symbol): null

2019-08-24 13:04:51 - [TEST_STEP][PASSED] - if (i == 2 &amp;&amp; wildList.indexOf(symbol) != -1): null

2019-08-24 13:04:51 - [TEST_STEP][PASSED] - if (i == 3 &amp;&amp; wildList.indexOf(symbol) != -1): null

2019-08-24 13:04:51 - [TEST_STEP][PASSED] - if (i == 4 &amp;&amp; wildList.indexOf(symbol) != -1): null

2019-08-24 13:04:51 - [TEST_STEP][PASSED] - symbol = symbol: null

2019-08-24 13:04:51 - [TEST_STEP][PASSED] - println(symbol): null

2019-08-24 13:04:51 - [TEST_STEP][PASSED] - if (i == 2 &amp;&amp; wildList.indexOf(symbol) != -1): null

2019-08-24 13:04:51 - [TEST_STEP][PASSED] - if (i == 3 &amp;&amp; wildList.indexOf(symbol) != -1): null

2019-08-24 13:04:51 - [TEST_STEP][PASSED] - if (i == 4 &amp;&amp; wildList.indexOf(symbol) != -1): null

2019-08-24 13:04:51 - [TEST_STEP][PASSED] - symbol = symbol: null

2019-08-24 13:04:51 - [TEST_STEP][PASSED] - println(symbol): null

2019-08-24 13:04:51 - [TEST_STEP][PASSED] - if (i == 2 &amp;&amp; wildList.indexOf(symbol) != -1): null

2019-08-24 13:04:51 - [TEST_STEP][PASSED] - if (i == 3 &amp;&amp; wildList.indexOf(symbol) != -1): null

2019-08-24 13:04:51 - [TEST_STEP][PASSED] - if (i == 4 &amp;&amp; wildList.indexOf(symbol) != -1): null

2019-08-24 13:04:51 - [TEST_STEP][PASSED] - free_spin_reel_counter = free_spin_reel_counter: null

2019-08-24 13:04:51 - [TEST_STEP][PASSED] - println("reel 3 wild found: " + free_spin_reel_counter[0]): null

2019-08-24 13:04:51 - [TEST_STEP][PASSED] - println("reel 4 wild found: " + free_spin_reel_counter[1]): null

2019-08-24 13:04:51 - [TEST_STEP][PASSED] - println("reel 5 wild found: " + free_spin_reel_counter[2]): null

2019-08-24 13:04:51 - [TEST_STEP][PASSED] - M4_spin_reels = M4_spin_reels: null

2019-08-24 13:04:51 - [TEST_STEP][PASSED] - M4_spin_reels_symbols = symbol: null

2019-08-24 13:04:51 - [TEST_STEP][PASSED] - M4_spin_reels_symbols = M4_spin_reels_symbols: null

2019-08-24 13:04:51 - [TEST_STEP][PASSED] - M4_spin_reel_wins = reel_wins: null

2019-08-24 13:04:51 - [TEST_STEP][PASSED] - M4_spin_reel_wins = M4_spin_reel_wins: null

2019-08-24 13:04:51 - [TEST_STEP][PASSED] - println("GlobalVariable.M4_spin_reel_wins is: " + M4_spin_reel_wins): null

2019-08-24 13:04:51 - [TEST_STEP][PASSED] - M4_spin_total_bonus_win_this_round = total_bonus_win_this_round: null

2019-08-24 13:04:51 - [TEST_STEP][PASSED] - M4_spin_total_bonus_win_this_round = M4_spin_total_bonus_win_this_round: null

2019-08-24 13:04:51 - [TEST_STEP][PASSED] - println("GlobalVariable.M4_spin_total_bonus_win_this_round is: " + M4_spin_total_bonus_win_this_round): null

2019-08-24 13:04:51 - [TEST_STEP][PASSED] - M4_spin_bonus_spin_result = spin_result: null

2019-08-24 13:04:51 - [TEST_STEP][PASSED] - M4_spin_bonus_spin_result = M4_spin_bonus_spin_result: null

2019-08-24 13:04:51 - [MESSAGE][PASSED] - Verify response successfully

2019-08-24 13:04:51 - [MESSAGE][PASSED] - Send request and verify the response successfully

2019-08-24 13:04:51 - [TEST_STEP][PASSED] - if (M4_total_bonus_spins_int != 0 &amp;&amp; M4_spin_reels_symbols[2].contains("WILD_Expanding")): null

2019-08-24 13:04:51 - [TEST_STEP][PASSED] - free_spin_reel_counter = free_spin_reel_counter: null

2019-08-24 13:04:51 - [TEST_STEP][PASSED] - M4_spin_reels_symbols = M4_spin_reels_symbols: null

2019-08-24 13:04:51 - [TEST_STEP][PASSED] - M4_total_bonus_spins = M4_total_bonus_spins: null

2019-08-24 13:04:51 - [TEST_STEP][PASSED] - spin_result = sendRequestAndVerify(findTestObject("INT/RGS(M4)/1_M4_spin", ["M4_login_user_id":M4_login_user_id, "rgs_session_token":rgs_session_token, "partner":Partner])): Send request and verify the response successfully

2019-08-24 13:04:51 - [MESSAGE][INFO] - HAR: /Users/eiralee/Katalon_Script/SuperWild/Reports/20190824_125957/INT/superWild_5/20190824_125957/requests/main/91.har

2019-08-24 13:04:51 - [TEST_CASE][PASSED] - Start Test Case : Verification: Verification accomplished successfully

2019-08-24 13:04:51 - [TEST_STEP][PASSED] - request = getInstance().getCurrentRequest(): null

2019-08-24 13:04:51 - [TEST_STEP][PASSED] - response = getInstance().getCurrentResponse(): null

2019-08-24 13:04:51 - [TEST_STEP][PASSED] - verifyResponseStatusCode(response, 200): Verify response status code successfully

2019-08-24 13:04:51 - [MESSAGE][PASSED] - Verify response status code successfully

2019-08-24 13:04:51 - [TEST_STEP][PASSED] - getStatusCode()).isEqualTo(200): null

2019-08-24 13:04:51 - [TEST_STEP][PASSED] - newline = System.getProperty("line.separator"): null

2019-08-24 13:04:51 - [TEST_STEP][PASSED] - M4_spin = new groovy.json.JsonSlurper(): null

2019-08-24 13:04:51 - [TEST_STEP][PASSED] - result_M4_spin = M4_spin.parseText(response.getResponseBodyContent()): null

2019-08-24 13:04:51 - [TEST_STEP][PASSED] - M4_spin_current_balance = current_balance: null

2019-08-24 13:04:51 - [TEST_STEP][PASSED] - M4_spin_current_balance = M4_spin_current_balance: null

2019-08-24 13:04:51 - [TEST_STEP][PASSED] - M4_spin_transaction_id = causality: null

2019-08-24 13:04:51 - [TEST_STEP][PASSED] - M4_spin_transaction_id = M4_spin_transaction_id: null

2019-08-24 13:04:51 - [TEST_STEP][PASSED] - M4_spin_round_id = round_id: null

2019-08-24 13:04:51 - [TEST_STEP][PASSED] - M4_spin_round_id = M4_spin_round_id: null

2019-08-24 13:04:51 - [TEST_STEP][PASSED] - M4_spin_line_wins = line_wins: null

2019-08-24 13:04:51 - [TEST_STEP][PASSED] - M4_spin_line_wins = M4_spin_line_wins: null

2019-08-24 13:04:51 - [TEST_STEP][PASSED] - M4_total_bonus_spins_int = total_bonus_spins: null

2019-08-24 13:04:51 - [TEST_STEP][PASSED] - println("******M4_total_bonus_spins type is:*******" + newline + getClass().getName()): null

2019-08-24 13:04:51 - [TEST_STEP][PASSED] - M4_total_bonus_spins_int = M4_total_bonus_spins_int: null

2019-08-24 13:04:51 - [TEST_STEP][PASSED] - M4_total_bonus_spins = Integer.toString(M4_total_bonus_spins_int): null

2019-08-24 13:04:51 - [TEST_STEP][PASSED] - M4_total_bonus_spins = M4_total_bonus_spins: null

2019-08-24 13:04:51 - [TEST_STEP][PASSED] - println("M4_total_bonus_spins is:" + M4_total_bonus_spins): null

2019-08-24 13:04:51 - [TEST_STEP][PASSED] - M4_spin_bonus_data = bonus_data: null

2019-08-24 13:04:51 - [TEST_STEP][PASSED] - M4_spin_features_triggered = result_M4_spin: null

2019-08-24 13:04:51 - [TEST_STEP][PASSED] - wild = []: null

2019-08-24 13:04:51 - [TEST_STEP][PASSED] - wild[0] = "WILD_Expanding": null

2019-08-24 13:04:51 - [TEST_STEP][PASSED] - wild[1] = "WILD_Normal": null

2019-08-24 13:04:51 - [TEST_STEP][PASSED] - wild[2] = "WILD_Double": null

2019-08-24 13:04:51 - [TEST_STEP][PASSED] - wild[3] = "WILD_ExtraFG": null

2019-08-24 13:04:51 - [TEST_STEP][PASSED] - wild[4] = "WILD_Triple": null

2019-08-24 13:04:51 - [TEST_STEP][PASSED] - wildList = Arrays.asList(wild): null

2019-08-24 13:04:51 - [TEST_STEP][PASSED] - wildList = wildList: null

2019-08-24 13:04:51 - [TEST_STEP][PASSED] - free_spin_reel_counter = []: null

2019-08-24 13:04:51 - [TEST_STEP][PASSED] - free_spin_reel_counter[0] = 0: null

2019-08-24 13:04:51 - [TEST_STEP][PASSED] - free_spin_reel_counter[1] = 0: null

2019-08-24 13:04:51 - [TEST_STEP][PASSED] - free_spin_reel_counter[2] = 0: null

2019-08-24 13:04:51 - [TEST_STEP][PASSED] - M4_spin_reels = reels: null

2019-08-24 13:04:51 - [TEST_STEP][PASSED] - for ([i = 0, i &lt; M4_spin_reels.size(), (i++)]): null

2019-08-24 13:04:51 - [TEST_STEP][PASSED] - symbols = symbols: null

2019-08-24 13:04:51 - [TEST_STEP][PASSED] - for ([j = 0, j &lt; symbols.size(), (j++)]): null

2019-08-24 13:04:51 - [TEST_STEP][PASSED] - symbol = symbol: null

2019-08-24 13:04:51 - [TEST_STEP][PASSED] - println(symbol): null

2019-08-24 13:04:51 - [TEST_STEP][PASSED] - if (i == 2 &amp;&amp; wildList.indexOf(symbol) != -1): null

2019-08-24 13:04:51 - [TEST_STEP][PASSED] - if (i == 3 &amp;&amp; wildList.indexOf(symbol) != -1): null

2019-08-24 13:04:51 - [TEST_STEP][PASSED] - if (i == 4 &amp;&amp; wildList.indexOf(symbol) != -1): null

2019-08-24 13:04:51 - [TEST_STEP][PASSED] - symbol = symbol: null

2019-08-24 13:04:51 - [TEST_STEP][PASSED] - println(symbol): null

2019-08-24 13:04:51 - [TEST_STEP][PASSED] - if (i == 2 &amp;&amp; wildList.indexOf(symbol) != -1): null

2019-08-24 13:04:51 - [TEST_STEP][PASSED] - if (i == 3 &amp;&amp; wildList.indexOf(symbol) != -1): null

2019-08-24 13:04:51 - [TEST_STEP][PASSED] - if (i == 4 &amp;&amp; wildList.indexOf(symbol) != -1): null

2019-08-24 13:04:51 - [TEST_STEP][PASSED] - symbol = symbol: null

2019-08-24 13:04:51 - [TEST_STEP][PASSED] - println(symbol): null

2019-08-24 13:04:51 - [TEST_STEP][PASSED] - if (i == 2 &amp;&amp; wildList.indexOf(symbol) != -1): null

2019-08-24 13:04:51 - [TEST_STEP][PASSED] - if (i == 3 &amp;&amp; wildList.indexOf(symbol) != -1): null

2019-08-24 13:04:51 - [TEST_STEP][PASSED] - if (i == 4 &amp;&amp; wildList.indexOf(symbol) != -1): null

2019-08-24 13:04:51 - [TEST_STEP][PASSED] - symbols = symbols: null

2019-08-24 13:04:51 - [TEST_STEP][PASSED] - for ([j = 0, j &lt; symbols.size(), (j++)]): null

2019-08-24 13:04:51 - [TEST_STEP][PASSED] - symbol = symbol: null

2019-08-24 13:04:51 - [TEST_STEP][PASSED] - println(symbol): null

2019-08-24 13:04:51 - [TEST_STEP][PASSED] - if (i == 2 &amp;&amp; wildList.indexOf(symbol) != -1): null

2019-08-24 13:04:51 - [TEST_STEP][PASSED] - if (i == 3 &amp;&amp; wildList.indexOf(symbol) != -1): null

2019-08-24 13:04:51 - [TEST_STEP][PASSED] - if (i == 4 &amp;&amp; wildList.indexOf(symbol) != -1): null

2019-08-24 13:04:55 - [TEST_STEP][PASSED] - symbol = symbol: null

2019-08-24 13:04:55 - [TEST_STEP][PASSED] - println(symbol): null

2019-08-24 13:04:55 - [TEST_STEP][PASSED] - if (i == 2 &amp;&amp; wildList.indexOf(symbol) != -1): null

2019-08-24 13:04:55 - [TEST_STEP][PASSED] - if (i == 3 &amp;&amp; wildList.indexOf(symbol) != -1): null

2019-08-24 13:04:55 - [TEST_STEP][PASSED] - if (i == 4 &amp;&amp; wildList.indexOf(symbol) != -1): null

2019-08-24 13:04:55 - [TEST_STEP][PASSED] - symbol = symbol: null

2019-08-24 13:04:55 - [TEST_STEP][PASSED] - println(symbol): null

2019-08-24 13:04:55 - [TEST_STEP][PASSED] - if (i == 2 &amp;&amp; wildList.indexOf(symbol) != -1): null

2019-08-24 13:04:55 - [TEST_STEP][PASSED] - if (i == 3 &amp;&amp; wildList.indexOf(symbol) != -1): null

2019-08-24 13:04:55 - [TEST_STEP][PASSED] - if (i == 4 &amp;&amp; wildList.indexOf(symbol) != -1): null

2019-08-24 13:04:58 - [TEST_STEP][PASSED] - symbols = symbols: null

2019-08-24 13:04:58 - [TEST_STEP][PASSED] - for ([j = 0, j &lt; symbols.size(), (j++)]): null

2019-08-24 13:04:58 - [TEST_STEP][PASSED] - symbol = symbol: null

2019-08-24 13:04:58 - [TEST_STEP][PASSED] - println(symbol): null

2019-08-24 13:04:58 - [TEST_STEP][PASSED] - if (i == 2 &amp;&amp; wildList.indexOf(symbol) != -1): null

2019-08-24 13:04:58 - [TEST_STEP][PASSED] - if (i == 3 &amp;&amp; wildList.indexOf(symbol) != -1): null

2019-08-24 13:04:58 - [TEST_STEP][PASSED] - if (i == 4 &amp;&amp; wildList.indexOf(symbol) != -1): null

2019-08-24 13:04:58 - [TEST_STEP][PASSED] - symbol = symbol: null

2019-08-24 13:04:58 - [TEST_STEP][PASSED] - println(symbol): null

2019-08-24 13:04:58 - [TEST_STEP][PASSED] - if (i == 2 &amp;&amp; wildList.indexOf(symbol) != -1): null

2019-08-24 13:04:58 - [TEST_STEP][PASSED] - if (i == 3 &amp;&amp; wildList.indexOf(symbol) != -1): null

2019-08-24 13:04:58 - [TEST_STEP][PASSED] - if (i == 4 &amp;&amp; wildList.indexOf(symbol) != -1): null

2019-08-24 13:04:58 - [TEST_STEP][PASSED] - symbol = symbol: null

2019-08-24 13:04:58 - [TEST_STEP][PASSED] - println(symbol): null

2019-08-24 13:04:58 - [TEST_STEP][PASSED] - if (i == 2 &amp;&amp; wildList.indexOf(symbol) != -1): null

2019-08-24 13:04:58 - [TEST_STEP][PASSED] - if (i == 3 &amp;&amp; wildList.indexOf(symbol) != -1): null

2019-08-24 13:04:58 - [TEST_STEP][PASSED] - if (i == 4 &amp;&amp; wildList.indexOf(symbol) != -1): null

2019-08-24 13:04:58 - [TEST_STEP][PASSED] - symbols = symbols: null

2019-08-24 13:04:58 - [TEST_STEP][PASSED] - for ([j = 0, j &lt; symbols.size(), (j++)]): null

2019-08-24 13:04:58 - [TEST_STEP][PASSED] - symbol = symbol: null

2019-08-24 13:04:58 - [TEST_STEP][PASSED] - println(symbol): null

2019-08-24 13:04:58 - [TEST_STEP][PASSED] - if (i == 2 &amp;&amp; wildList.indexOf(symbol) != -1): null

2019-08-24 13:04:58 - [TEST_STEP][PASSED] - if (i == 3 &amp;&amp; wildList.indexOf(symbol) != -1): null

2019-08-24 13:04:58 - [TEST_STEP][PASSED] - if (i == 4 &amp;&amp; wildList.indexOf(symbol) != -1): null

2019-08-24 13:04:58 - [TEST_STEP][PASSED] - symbol = symbol: null

2019-08-24 13:04:58 - [TEST_STEP][PASSED] - println(symbol): null

2019-08-24 13:04:58 - [TEST_STEP][PASSED] - if (i == 2 &amp;&amp; wildList.indexOf(symbol) != -1): null

2019-08-24 13:04:58 - [TEST_STEP][PASSED] - if (i == 3 &amp;&amp; wildList.indexOf(symbol) != -1): null

2019-08-24 13:04:58 - [TEST_STEP][PASSED] - if (i == 4 &amp;&amp; wildList.indexOf(symbol) != -1): null

2019-08-24 13:04:58 - [TEST_STEP][PASSED] - symbol = symbol: null

2019-08-24 13:04:58 - [TEST_STEP][PASSED] - println(symbol): null

2019-08-24 13:04:58 - [TEST_STEP][PASSED] - if (i == 2 &amp;&amp; wildList.indexOf(symbol) != -1): null

2019-08-24 13:04:58 - [TEST_STEP][PASSED] - if (i == 3 &amp;&amp; wildList.indexOf(symbol) != -1): null

2019-08-24 13:04:58 - [TEST_STEP][PASSED] - if (i == 4 &amp;&amp; wildList.indexOf(symbol) != -1): null

2019-08-24 13:04:58 - [TEST_STEP][PASSED] - symbols = symbols: null

2019-08-24 13:04:58 - [TEST_STEP][PASSED] - for ([j = 0, j &lt; symbols.size(), (j++)]): null

2019-08-24 13:04:58 - [TEST_STEP][PASSED] - symbol = symbol: null

2019-08-24 13:04:58 - [TEST_STEP][PASSED] - println(symbol): null

2019-08-24 13:04:58 - [TEST_STEP][PASSED] - if (i == 2 &amp;&amp; wildList.indexOf(symbol) != -1): null

2019-08-24 13:04:58 - [TEST_STEP][PASSED] - if (i == 3 &amp;&amp; wildList.indexOf(symbol) != -1): null

2019-08-24 13:04:58 - [TEST_STEP][PASSED] - if (i == 4 &amp;&amp; wildList.indexOf(symbol) != -1): null

2019-08-24 13:04:58 - [TEST_STEP][PASSED] - symbol = symbol: null

2019-08-24 13:04:58 - [TEST_STEP][PASSED] - println(symbol): null

2019-08-24 13:04:58 - [TEST_STEP][PASSED] - if (i == 2 &amp;&amp; wildList.indexOf(symbol) != -1): null

2019-08-24 13:04:58 - [TEST_STEP][PASSED] - if (i == 3 &amp;&amp; wildList.indexOf(symbol) != -1): null

2019-08-24 13:04:58 - [TEST_STEP][PASSED] - if (i == 4 &amp;&amp; wildList.indexOf(symbol) != -1): null

2019-08-24 13:04:58 - [TEST_STEP][PASSED] - symbol = symbol: null

2019-08-24 13:04:58 - [TEST_STEP][PASSED] - println(symbol): null

2019-08-24 13:04:58 - [TEST_STEP][PASSED] - if (i == 2 &amp;&amp; wildList.indexOf(symbol) != -1): null

2019-08-24 13:04:58 - [TEST_STEP][PASSED] - if (i == 3 &amp;&amp; wildList.indexOf(symbol) != -1): null

2019-08-24 13:04:58 - [TEST_STEP][PASSED] - if (i == 4 &amp;&amp; wildList.indexOf(symbol) != -1): null

2019-08-24 13:04:58 - [TEST_STEP][PASSED] - free_spin_reel_counter = free_spin_reel_counter: null

2019-08-24 13:04:58 - [TEST_STEP][PASSED] - println("reel 3 wild found: " + free_spin_reel_counter[0]): null

2019-08-24 13:04:58 - [TEST_STEP][PASSED] - println("reel 4 wild found: " + free_spin_reel_counter[1]): null

2019-08-24 13:04:58 - [TEST_STEP][PASSED] - println("reel 5 wild found: " + free_spin_reel_counter[2]): null

2019-08-24 13:04:58 - [TEST_STEP][PASSED] - M4_spin_reels = M4_spin_reels: null

2019-08-24 13:04:58 - [TEST_STEP][PASSED] - M4_spin_reels_symbols = symbol: null

2019-08-24 13:04:58 - [TEST_STEP][PASSED] - M4_spin_reels_symbols = M4_spin_reels_symbols: null

2019-08-24 13:04:58 - [TEST_STEP][PASSED] - M4_spin_reel_wins = reel_wins: null

2019-08-24 13:04:58 - [TEST_STEP][PASSED] - M4_spin_reel_wins = M4_spin_reel_wins: null

2019-08-24 13:04:58 - [TEST_STEP][PASSED] - println("GlobalVariable.M4_spin_reel_wins is: " + M4_spin_reel_wins): null

2019-08-24 13:04:58 - [TEST_STEP][PASSED] - M4_spin_total_bonus_win_this_round = total_bonus_win_this_round: null

2019-08-24 13:04:58 - [TEST_STEP][PASSED] - M4_spin_total_bonus_win_this_round = M4_spin_total_bonus_win_this_round: null

2019-08-24 13:04:58 - [TEST_STEP][PASSED] - println("GlobalVariable.M4_spin_total_bonus_win_this_round is: " + M4_spin_total_bonus_win_this_round): null

2019-08-24 13:04:58 - [TEST_STEP][PASSED] - M4_spin_bonus_spin_result = spin_result: null

2019-08-24 13:04:58 - [TEST_STEP][PASSED] - M4_spin_bonus_spin_result = M4_spin_bonus_spin_result: null

2019-08-24 13:04:58 - [MESSAGE][PASSED] - Verify response successfully

2019-08-24 13:04:58 - [MESSAGE][PASSED] - Send request and verify the response successfully

2019-08-24 13:04:58 - [TEST_STEP][PASSED] - if (M4_total_bonus_spins_int != 0 &amp;&amp; M4_spin_reels_symbols[2].contains("WILD_Expanding")): null

2019-08-24 13:04:58 - [TEST_STEP][PASSED] - free_spin_reel_counter = free_spin_reel_counter: null

2019-08-24 13:04:58 - [TEST_STEP][PASSED] - M4_spin_reels_symbols = M4_spin_reels_symbols: null

2019-08-24 13:04:58 - [TEST_STEP][PASSED] - M4_total_bonus_spins = M4_total_bonus_spins: null

2019-08-24 13:04:58 - [TEST_STEP][PASSED] - spin_result = sendRequestAndVerify(findTestObject("INT/RGS(M4)/1_M4_spin", ["M4_login_user_id":M4_login_user_id, "rgs_session_token":rgs_session_token, "partner":Partner])): Send request and verify the response successfully

2019-08-24 13:04:58 - [MESSAGE][INFO] - HAR: /Users/eiralee/Katalon_Script/SuperWild/Reports/20190824_125957/INT/superWild_5/20190824_125957/requests/main/92.har

2019-08-24 13:04:58 - [TEST_CASE][PASSED] - Start Test Case : Verification: Verification accomplished successfully

2019-08-24 13:04:58 - [TEST_STEP][PASSED] - request = getInstance().getCurrentRequest(): null

2019-08-24 13:04:58 - [TEST_STEP][PASSED] - response = getInstance().getCurrentResponse(): null

2019-08-24 13:04:58 - [TEST_STEP][PASSED] - verifyResponseStatusCode(response, 200): Verify response status code successfully

2019-08-24 13:04:58 - [MESSAGE][PASSED] - Verify response status code successfully

2019-08-24 13:04:58 - [TEST_STEP][PASSED] - getStatusCode()).isEqualTo(200): null

2019-08-24 13:04:58 - [TEST_STEP][PASSED] - newline = System.getProperty("line.separator"): null

2019-08-24 13:04:58 - [TEST_STEP][PASSED] - M4_spin = new groovy.json.JsonSlurper(): null

2019-08-24 13:04:58 - [TEST_STEP][PASSED] - result_M4_spin = M4_spin.parseText(response.getResponseBodyContent()): null

2019-08-24 13:04:58 - [TEST_STEP][PASSED] - M4_spin_current_balance = current_balance: null

2019-08-24 13:04:58 - [TEST_STEP][PASSED] - M4_spin_current_balance = M4_spin_current_balance: null

2019-08-24 13:04:58 - [TEST_STEP][PASSED] - M4_spin_transaction_id = causality: null

2019-08-24 13:04:58 - [TEST_STEP][PASSED] - M4_spin_transaction_id = M4_spin_transaction_id: null

2019-08-24 13:04:58 - [TEST_STEP][PASSED] - M4_spin_round_id = round_id: null

2019-08-24 13:04:58 - [TEST_STEP][PASSED] - M4_spin_round_id = M4_spin_round_id: null

2019-08-24 13:04:58 - [TEST_STEP][PASSED] - M4_spin_line_wins = line_wins: null

2019-08-24 13:04:58 - [TEST_STEP][PASSED] - M4_spin_line_wins = M4_spin_line_wins: null

2019-08-24 13:04:58 - [TEST_STEP][PASSED] - M4_total_bonus_spins_int = total_bonus_spins: null

2019-08-24 13:04:58 - [TEST_STEP][PASSED] - println("******M4_total_bonus_spins type is:*******" + newline + getClass().getName()): null

2019-08-24 13:04:58 - [TEST_STEP][PASSED] - M4_total_bonus_spins_int = M4_total_bonus_spins_int: null

2019-08-24 13:04:58 - [TEST_STEP][PASSED] - M4_total_bonus_spins = Integer.toString(M4_total_bonus_spins_int): null

2019-08-24 13:04:58 - [TEST_STEP][PASSED] - M4_total_bonus_spins = M4_total_bonus_spins: null

2019-08-24 13:04:58 - [TEST_STEP][PASSED] - println("M4_total_bonus_spins is:" + M4_total_bonus_spins): null

2019-08-24 13:04:58 - [TEST_STEP][PASSED] - M4_spin_bonus_data = bonus_data: null

2019-08-24 13:04:58 - [TEST_STEP][PASSED] - M4_spin_features_triggered = result_M4_spin: null

2019-08-24 13:04:58 - [TEST_STEP][PASSED] - wild = []: null

2019-08-24 13:04:58 - [TEST_STEP][PASSED] - wild[0] = "WILD_Expanding": null

2019-08-24 13:04:58 - [TEST_STEP][PASSED] - wild[1] = "WILD_Normal": null

2019-08-24 13:04:58 - [TEST_STEP][PASSED] - wild[2] = "WILD_Double": null

2019-08-24 13:04:58 - [TEST_STEP][PASSED] - wild[3] = "WILD_ExtraFG": null

2019-08-24 13:04:58 - [TEST_STEP][PASSED] - wild[4] = "WILD_Triple": null

2019-08-24 13:04:58 - [TEST_STEP][PASSED] - wildList = Arrays.asList(wild): null

2019-08-24 13:04:58 - [TEST_STEP][PASSED] - wildList = wildList: null

2019-08-24 13:04:58 - [TEST_STEP][PASSED] - free_spin_reel_counter = []: null

2019-08-24 13:04:58 - [TEST_STEP][PASSED] - free_spin_reel_counter[0] = 0: null

2019-08-24 13:04:58 - [TEST_STEP][PASSED] - free_spin_reel_counter[1] = 0: null

2019-08-24 13:04:58 - [TEST_STEP][PASSED] - free_spin_reel_counter[2] = 0: null

2019-08-24 13:04:58 - [TEST_STEP][PASSED] - M4_spin_reels = reels: null

2019-08-24 13:04:58 - [TEST_STEP][PASSED] - for ([i = 0, i &lt; M4_spin_reels.size(), (i++)]): null

2019-08-24 13:04:58 - [TEST_STEP][PASSED] - symbols = symbols: null

2019-08-24 13:04:58 - [TEST_STEP][PASSED] - for ([j = 0, j &lt; symbols.size(), (j++)]): null

2019-08-24 13:04:58 - [TEST_STEP][PASSED] - symbol = symbol: null

2019-08-24 13:04:58 - [TEST_STEP][PASSED] - println(symbol): null

2019-08-24 13:04:58 - [TEST_STEP][PASSED] - if (i == 2 &amp;&amp; wildList.indexOf(symbol) != -1): null

2019-08-24 13:04:58 - [TEST_STEP][PASSED] - if (i == 3 &amp;&amp; wildList.indexOf(symbol) != -1): null

2019-08-24 13:04:58 - [TEST_STEP][PASSED] - if (i == 4 &amp;&amp; wildList.indexOf(symbol) != -1): null

2019-08-24 13:04:58 - [TEST_STEP][PASSED] - symbol = symbol: null

2019-08-24 13:04:58 - [TEST_STEP][PASSED] - println(symbol): null

2019-08-24 13:04:58 - [TEST_STEP][PASSED] - if (i == 2 &amp;&amp; wildList.indexOf(symbol) != -1): null

2019-08-24 13:04:58 - [TEST_STEP][PASSED] - if (i == 3 &amp;&amp; wildList.indexOf(symbol) != -1): null

2019-08-24 13:04:58 - [TEST_STEP][PASSED] - if (i == 4 &amp;&amp; wildList.indexOf(symbol) != -1): null

2019-08-24 13:04:58 - [TEST_STEP][PASSED] - symbol = symbol: null

2019-08-24 13:04:58 - [TEST_STEP][PASSED] - println(symbol): null

2019-08-24 13:04:58 - [TEST_STEP][PASSED] - if (i == 2 &amp;&amp; wildList.indexOf(symbol) != -1): null

2019-08-24 13:04:58 - [TEST_STEP][PASSED] - if (i == 3 &amp;&amp; wildList.indexOf(symbol) != -1): null

2019-08-24 13:04:58 - [TEST_STEP][PASSED] - if (i == 4 &amp;&amp; wildList.indexOf(symbol) != -1): null

2019-08-24 13:04:58 - [TEST_STEP][PASSED] - symbols = symbols: null

2019-08-24 13:04:58 - [TEST_STEP][PASSED] - for ([j = 0, j &lt; symbols.size(), (j++)]): null

2019-08-24 13:04:58 - [TEST_STEP][PASSED] - symbol = symbol: null

2019-08-24 13:04:58 - [TEST_STEP][PASSED] - println(symbol): null

2019-08-24 13:04:58 - [TEST_STEP][PASSED] - if (i == 2 &amp;&amp; wildList.indexOf(symbol) != -1): null

2019-08-24 13:04:58 - [TEST_STEP][PASSED] - if (i == 3 &amp;&amp; wildList.indexOf(symbol) != -1): null

2019-08-24 13:04:58 - [TEST_STEP][PASSED] - if (i == 4 &amp;&amp; wildList.indexOf(symbol) != -1): null

2019-08-24 13:04:58 - [TEST_STEP][PASSED] - symbol = symbol: null

2019-08-24 13:04:58 - [TEST_STEP][PASSED] - println(symbol): null

2019-08-24 13:04:58 - [TEST_STEP][PASSED] - if (i == 2 &amp;&amp; wildList.indexOf(symbol) != -1): null

2019-08-24 13:04:58 - [TEST_STEP][PASSED] - if (i == 3 &amp;&amp; wildList.indexOf(symbol) != -1): null

2019-08-24 13:04:58 - [TEST_STEP][PASSED] - if (i == 4 &amp;&amp; wildList.indexOf(symbol) != -1): null

2019-08-24 13:04:58 - [TEST_STEP][PASSED] - symbol = symbol: null

2019-08-24 13:04:58 - [TEST_STEP][PASSED] - println(symbol): null

2019-08-24 13:04:58 - [TEST_STEP][PASSED] - if (i == 2 &amp;&amp; wildList.indexOf(symbol) != -1): null

2019-08-24 13:04:58 - [TEST_STEP][PASSED] - if (i == 3 &amp;&amp; wildList.indexOf(symbol) != -1): null

2019-08-24 13:04:58 - [TEST_STEP][PASSED] - if (i == 4 &amp;&amp; wildList.indexOf(symbol) != -1): null

2019-08-24 13:04:58 - [TEST_STEP][PASSED] - symbols = symbols: null

2019-08-24 13:04:58 - [TEST_STEP][PASSED] - for ([j = 0, j &lt; symbols.size(), (j++)]): null

2019-08-24 13:04:58 - [TEST_STEP][PASSED] - symbol = symbol: null

2019-08-24 13:04:58 - [TEST_STEP][PASSED] - println(symbol): null

2019-08-24 13:04:58 - [TEST_STEP][PASSED] - if (i == 2 &amp;&amp; wildList.indexOf(symbol) != -1): null

2019-08-24 13:04:58 - [TEST_STEP][PASSED] - if (i == 3 &amp;&amp; wildList.indexOf(symbol) != -1): null

2019-08-24 13:04:58 - [TEST_STEP][PASSED] - if (i == 4 &amp;&amp; wildList.indexOf(symbol) != -1): null

2019-08-24 13:04:58 - [TEST_STEP][PASSED] - symbol = symbol: null

2019-08-24 13:04:58 - [TEST_STEP][PASSED] - println(symbol): null

2019-08-24 13:04:58 - [TEST_STEP][PASSED] - if (i == 2 &amp;&amp; wildList.indexOf(symbol) != -1): null

2019-08-24 13:04:58 - [TEST_STEP][PASSED] - if (i == 3 &amp;&amp; wildList.indexOf(symbol) != -1): null

2019-08-24 13:04:58 - [TEST_STEP][PASSED] - if (i == 4 &amp;&amp; wildList.indexOf(symbol) != -1): null

2019-08-24 13:04:58 - [TEST_STEP][PASSED] - symbol = symbol: null

2019-08-24 13:04:58 - [TEST_STEP][PASSED] - println(symbol): null

2019-08-24 13:04:58 - [TEST_STEP][PASSED] - if (i == 2 &amp;&amp; wildList.indexOf(symbol) != -1): null

2019-08-24 13:04:58 - [TEST_STEP][PASSED] - if (i == 3 &amp;&amp; wildList.indexOf(symbol) != -1): null

2019-08-24 13:04:58 - [TEST_STEP][PASSED] - if (i == 4 &amp;&amp; wildList.indexOf(symbol) != -1): null

2019-08-24 13:04:58 - [TEST_STEP][PASSED] - symbols = symbols: null

2019-08-24 13:04:58 - [TEST_STEP][PASSED] - for ([j = 0, j &lt; symbols.size(), (j++)]): null

2019-08-24 13:04:58 - [TEST_STEP][PASSED] - symbol = symbol: null

2019-08-24 13:04:58 - [TEST_STEP][PASSED] - println(symbol): null

2019-08-24 13:04:58 - [TEST_STEP][PASSED] - if (i == 2 &amp;&amp; wildList.indexOf(symbol) != -1): null

2019-08-24 13:04:58 - [TEST_STEP][PASSED] - if (i == 3 &amp;&amp; wildList.indexOf(symbol) != -1): null

2019-08-24 13:04:58 - [TEST_STEP][PASSED] - if (i == 4 &amp;&amp; wildList.indexOf(symbol) != -1): null

2019-08-24 13:04:58 - [TEST_STEP][PASSED] - symbol = symbol: null

2019-08-24 13:04:58 - [TEST_STEP][PASSED] - println(symbol): null

2019-08-24 13:04:58 - [TEST_STEP][PASSED] - if (i == 2 &amp;&amp; wildList.indexOf(symbol) != -1): null

2019-08-24 13:04:58 - [TEST_STEP][PASSED] - if (i == 3 &amp;&amp; wildList.indexOf(symbol) != -1): null

2019-08-24 13:04:58 - [TEST_STEP][PASSED] - if (i == 4 &amp;&amp; wildList.indexOf(symbol) != -1): null

2019-08-24 13:04:58 - [TEST_STEP][PASSED] - symbol = symbol: null

2019-08-24 13:04:58 - [TEST_STEP][PASSED] - println(symbol): null

2019-08-24 13:04:58 - [TEST_STEP][PASSED] - if (i == 2 &amp;&amp; wildList.indexOf(symbol) != -1): null

2019-08-24 13:04:58 - [TEST_STEP][PASSED] - if (i == 3 &amp;&amp; wildList.indexOf(symbol) != -1): null

2019-08-24 13:04:58 - [TEST_STEP][PASSED] - if (i == 4 &amp;&amp; wildList.indexOf(symbol) != -1): null

2019-08-24 13:04:58 - [TEST_STEP][PASSED] - symbols = symbols: null

2019-08-24 13:04:58 - [TEST_STEP][PASSED] - for ([j = 0, j &lt; symbols.size(), (j++)]): null

2019-08-24 13:04:58 - [TEST_STEP][PASSED] - symbol = symbol: null

2019-08-24 13:04:58 - [TEST_STEP][PASSED] - println(symbol): null

2019-08-24 13:04:58 - [TEST_STEP][PASSED] - if (i == 2 &amp;&amp; wildList.indexOf(symbol) != -1): null

2019-08-24 13:04:58 - [TEST_STEP][PASSED] - if (i == 3 &amp;&amp; wildList.indexOf(symbol) != -1): null

2019-08-24 13:04:58 - [TEST_STEP][PASSED] - if (i == 4 &amp;&amp; wildList.indexOf(symbol) != -1): null

2019-08-24 13:04:58 - [TEST_STEP][PASSED] - symbol = symbol: null

2019-08-24 13:04:58 - [TEST_STEP][PASSED] - println(symbol): null

2019-08-24 13:04:58 - [TEST_STEP][PASSED] - if (i == 2 &amp;&amp; wildList.indexOf(symbol) != -1): null

2019-08-24 13:04:58 - [TEST_STEP][PASSED] - if (i == 3 &amp;&amp; wildList.indexOf(symbol) != -1): null

2019-08-24 13:04:58 - [TEST_STEP][PASSED] - if (i == 4 &amp;&amp; wildList.indexOf(symbol) != -1): null

2019-08-24 13:04:58 - [TEST_STEP][PASSED] - symbol = symbol: null

2019-08-24 13:04:58 - [TEST_STEP][PASSED] - println(symbol): null

2019-08-24 13:04:58 - [TEST_STEP][PASSED] - if (i == 2 &amp;&amp; wildList.indexOf(symbol) != -1): null

2019-08-24 13:04:58 - [TEST_STEP][PASSED] - if (i == 3 &amp;&amp; wildList.indexOf(symbol) != -1): null

2019-08-24 13:04:58 - [TEST_STEP][PASSED] - if (i == 4 &amp;&amp; wildList.indexOf(symbol) != -1): null

2019-08-24 13:04:58 - [TEST_STEP][PASSED] - free_spin_reel_counter = free_spin_reel_counter: null

2019-08-24 13:04:58 - [TEST_STEP][PASSED] - println("reel 3 wild found: " + free_spin_reel_counter[0]): null

2019-08-24 13:04:58 - [TEST_STEP][PASSED] - println("reel 4 wild found: " + free_spin_reel_counter[1]): null

2019-08-24 13:04:58 - [TEST_STEP][PASSED] - println("reel 5 wild found: " + free_spin_reel_counter[2]): null

2019-08-24 13:04:58 - [TEST_STEP][PASSED] - M4_spin_reels = M4_spin_reels: null

2019-08-24 13:04:58 - [TEST_STEP][PASSED] - M4_spin_reels_symbols = symbol: null

2019-08-24 13:04:58 - [TEST_STEP][PASSED] - M4_spin_reels_symbols = M4_spin_reels_symbols: null

2019-08-24 13:04:58 - [TEST_STEP][PASSED] - M4_spin_reel_wins = reel_wins: null

2019-08-24 13:04:58 - [TEST_STEP][PASSED] - M4_spin_reel_wins = M4_spin_reel_wins: null

2019-08-24 13:04:58 - [TEST_STEP][PASSED] - println("GlobalVariable.M4_spin_reel_wins is: " + M4_spin_reel_wins): null

2019-08-24 13:04:58 - [TEST_STEP][PASSED] - M4_spin_total_bonus_win_this_round = total_bonus_win_this_round: null

2019-08-24 13:04:58 - [TEST_STEP][PASSED] - M4_spin_total_bonus_win_this_round = M4_spin_total_bonus_win_this_round: null

2019-08-24 13:04:58 - [TEST_STEP][PASSED] - println("GlobalVariable.M4_spin_total_bonus_win_this_round is: " + M4_spin_total_bonus_win_this_round): null

2019-08-24 13:04:58 - [TEST_STEP][PASSED] - M4_spin_bonus_spin_result = spin_result: null

2019-08-24 13:04:58 - [TEST_STEP][PASSED] - M4_spin_bonus_spin_result = M4_spin_bonus_spin_result: null

2019-08-24 13:04:58 - [MESSAGE][PASSED] - Verify response successfully

2019-08-24 13:04:58 - [MESSAGE][PASSED] - Send request and verify the response successfully

2019-08-24 13:04:58 - [TEST_STEP][PASSED] - if (M4_total_bonus_spins_int != 0 &amp;&amp; M4_spin_reels_symbols[2].contains("WILD_Expanding")): null

2019-08-24 13:04:58 - [TEST_STEP][PASSED] - free_spin_reel_counter = free_spin_reel_counter: null

2019-08-24 13:04:58 - [TEST_STEP][PASSED] - M4_spin_reels_symbols = M4_spin_reels_symbols: null

2019-08-24 13:04:58 - [TEST_STEP][PASSED] - M4_total_bonus_spins = M4_total_bonus_spins: null

2019-08-24 13:04:58 - [TEST_STEP][PASSED] - spin_result = sendRequestAndVerify(findTestObject("INT/RGS(M4)/1_M4_spin", ["M4_login_user_id":M4_login_user_id, "rgs_session_token":rgs_session_token, "partner":Partner])): Send request and verify the response successfully

2019-08-24 13:04:58 - [MESSAGE][INFO] - HAR: /Users/eiralee/Katalon_Script/SuperWild/Reports/20190824_125957/INT/superWild_5/20190824_125957/requests/main/93.har

2019-08-24 13:04:58 - [TEST_CASE][PASSED] - Start Test Case : Verification: Verification accomplished successfully

2019-08-24 13:04:59 - [TEST_STEP][PASSED] - request = getInstance().getCurrentRequest(): null

2019-08-24 13:04:59 - [TEST_STEP][PASSED] - response = getInstance().getCurrentResponse(): null

2019-08-24 13:04:59 - [TEST_STEP][PASSED] - verifyResponseStatusCode(response, 200): Verify response status code successfully

2019-08-24 13:04:59 - [MESSAGE][PASSED] - Verify response status code successfully

2019-08-24 13:04:59 - [TEST_STEP][PASSED] - getStatusCode()).isEqualTo(200): null

2019-08-24 13:04:59 - [TEST_STEP][PASSED] - newline = System.getProperty("line.separator"): null

2019-08-24 13:04:59 - [TEST_STEP][PASSED] - M4_spin = new groovy.json.JsonSlurper(): null

2019-08-24 13:04:59 - [TEST_STEP][PASSED] - result_M4_spin = M4_spin.parseText(response.getResponseBodyContent()): null

2019-08-24 13:04:59 - [TEST_STEP][PASSED] - M4_spin_current_balance = current_balance: null

2019-08-24 13:04:59 - [TEST_STEP][PASSED] - M4_spin_current_balance = M4_spin_current_balance: null

2019-08-24 13:04:59 - [TEST_STEP][PASSED] - M4_spin_transaction_id = causality: null

2019-08-24 13:04:59 - [TEST_STEP][PASSED] - M4_spin_transaction_id = M4_spin_transaction_id: null

2019-08-24 13:04:59 - [TEST_STEP][PASSED] - M4_spin_round_id = round_id: null

2019-08-24 13:04:59 - [TEST_STEP][PASSED] - M4_spin_round_id = M4_spin_round_id: null

2019-08-24 13:04:59 - [TEST_STEP][PASSED] - M4_spin_line_wins = line_wins: null

2019-08-24 13:04:59 - [TEST_STEP][PASSED] - M4_spin_line_wins = M4_spin_line_wins: null

2019-08-24 13:04:59 - [TEST_STEP][PASSED] - M4_total_bonus_spins_int = total_bonus_spins: null

2019-08-24 13:04:59 - [TEST_STEP][PASSED] - println("******M4_total_bonus_spins type is:*******" + newline + getClass().getName()): null

2019-08-24 13:04:59 - [TEST_STEP][PASSED] - M4_total_bonus_spins_int = M4_total_bonus_spins_int: null

2019-08-24 13:04:59 - [TEST_STEP][PASSED] - M4_total_bonus_spins = Integer.toString(M4_total_bonus_spins_int): null

2019-08-24 13:04:59 - [TEST_STEP][PASSED] - M4_total_bonus_spins = M4_total_bonus_spins: null

2019-08-24 13:04:59 - [TEST_STEP][PASSED] - println("M4_total_bonus_spins is:" + M4_total_bonus_spins): null

2019-08-24 13:04:59 - [TEST_STEP][PASSED] - M4_spin_bonus_data = bonus_data: null

2019-08-24 13:04:59 - [TEST_STEP][PASSED] - M4_spin_features_triggered = result_M4_spin: null

2019-08-24 13:04:59 - [TEST_STEP][PASSED] - wild = []: null

2019-08-24 13:04:59 - [TEST_STEP][PASSED] - wild[0] = "WILD_Expanding": null

2019-08-24 13:04:59 - [TEST_STEP][PASSED] - wild[1] = "WILD_Normal": null

2019-08-24 13:04:59 - [TEST_STEP][PASSED] - wild[2] = "WILD_Double": null

2019-08-24 13:04:59 - [TEST_STEP][PASSED] - wild[3] = "WILD_ExtraFG": null

2019-08-24 13:04:59 - [TEST_STEP][PASSED] - wild[4] = "WILD_Triple": null

2019-08-24 13:04:59 - [TEST_STEP][PASSED] - wildList = Arrays.asList(wild): null

2019-08-24 13:04:59 - [TEST_STEP][PASSED] - wildList = wildList: null

2019-08-24 13:04:59 - [TEST_STEP][PASSED] - free_spin_reel_counter = []: null

2019-08-24 13:04:59 - [TEST_STEP][PASSED] - free_spin_reel_counter[0] = 0: null

2019-08-24 13:04:59 - [TEST_STEP][PASSED] - free_spin_reel_counter[1] = 0: null

2019-08-24 13:04:59 - [TEST_STEP][PASSED] - free_spin_reel_counter[2] = 0: null

2019-08-24 13:04:59 - [TEST_STEP][PASSED] - M4_spin_reels = reels: null

2019-08-24 13:04:59 - [TEST_STEP][PASSED] - for ([i = 0, i &lt; M4_spin_reels.size(), (i++)]): null

2019-08-24 13:04:59 - [TEST_STEP][PASSED] - symbols = symbols: null

2019-08-24 13:04:59 - [TEST_STEP][PASSED] - for ([j = 0, j &lt; symbols.size(), (j++)]): null

2019-08-24 13:04:59 - [TEST_STEP][PASSED] - symbol = symbol: null

2019-08-24 13:04:59 - [TEST_STEP][PASSED] - println(symbol): null

2019-08-24 13:04:59 - [TEST_STEP][PASSED] - if (i == 2 &amp;&amp; wildList.indexOf(symbol) != -1): null

2019-08-24 13:04:59 - [TEST_STEP][PASSED] - if (i == 3 &amp;&amp; wildList.indexOf(symbol) != -1): null

2019-08-24 13:04:59 - [TEST_STEP][PASSED] - if (i == 4 &amp;&amp; wildList.indexOf(symbol) != -1): null

2019-08-24 13:04:59 - [TEST_STEP][PASSED] - symbol = symbol: null

2019-08-24 13:04:59 - [TEST_STEP][PASSED] - println(symbol): null

2019-08-24 13:04:59 - [TEST_STEP][PASSED] - if (i == 2 &amp;&amp; wildList.indexOf(symbol) != -1): null

2019-08-24 13:04:59 - [TEST_STEP][PASSED] - if (i == 3 &amp;&amp; wildList.indexOf(symbol) != -1): null

2019-08-24 13:04:59 - [TEST_STEP][PASSED] - if (i == 4 &amp;&amp; wildList.indexOf(symbol) != -1): null

2019-08-24 13:04:59 - [TEST_STEP][PASSED] - symbol = symbol: null

2019-08-24 13:04:59 - [TEST_STEP][PASSED] - println(symbol): null

2019-08-24 13:04:59 - [TEST_STEP][PASSED] - if (i == 2 &amp;&amp; wildList.indexOf(symbol) != -1): null

2019-08-24 13:04:59 - [TEST_STEP][PASSED] - if (i == 3 &amp;&amp; wildList.indexOf(symbol) != -1): null

2019-08-24 13:04:59 - [TEST_STEP][PASSED] - if (i == 4 &amp;&amp; wildList.indexOf(symbol) != -1): null

2019-08-24 13:04:59 - [TEST_STEP][PASSED] - symbols = symbols: null

2019-08-24 13:04:59 - [TEST_STEP][PASSED] - for ([j = 0, j &lt; symbols.size(), (j++)]): null

2019-08-24 13:04:59 - [TEST_STEP][PASSED] - symbol = symbol: null

2019-08-24 13:04:59 - [TEST_STEP][PASSED] - println(symbol): null

2019-08-24 13:04:59 - [TEST_STEP][PASSED] - if (i == 2 &amp;&amp; wildList.indexOf(symbol) != -1): null

2019-08-24 13:04:59 - [TEST_STEP][PASSED] - if (i == 3 &amp;&amp; wildList.indexOf(symbol) != -1): null

2019-08-24 13:04:59 - [TEST_STEP][PASSED] - if (i == 4 &amp;&amp; wildList.indexOf(symbol) != -1): null

2019-08-24 13:04:59 - [TEST_STEP][PASSED] - symbol = symbol: null

2019-08-24 13:04:59 - [TEST_STEP][PASSED] - println(symbol): null

2019-08-24 13:04:59 - [TEST_STEP][PASSED] - if (i == 2 &amp;&amp; wildList.indexOf(symbol) != -1): null

2019-08-24 13:04:59 - [TEST_STEP][PASSED] - if (i == 3 &amp;&amp; wildList.indexOf(symbol) != -1): null

2019-08-24 13:04:59 - [TEST_STEP][PASSED] - if (i == 4 &amp;&amp; wildList.indexOf(symbol) != -1): null

2019-08-24 13:04:59 - [TEST_STEP][PASSED] - symbol = symbol: null

2019-08-24 13:04:59 - [TEST_STEP][PASSED] - println(symbol): null

2019-08-24 13:04:59 - [TEST_STEP][PASSED] - if (i == 2 &amp;&amp; wildList.indexOf(symbol) != -1): null

2019-08-24 13:04:59 - [TEST_STEP][PASSED] - if (i == 3 &amp;&amp; wildList.indexOf(symbol) != -1): null

2019-08-24 13:04:59 - [TEST_STEP][PASSED] - if (i == 4 &amp;&amp; wildList.indexOf(symbol) != -1): null

2019-08-24 13:04:59 - [TEST_STEP][PASSED] - symbols = symbols: null

2019-08-24 13:04:59 - [TEST_STEP][PASSED] - for ([j = 0, j &lt; symbols.size(), (j++)]): null

2019-08-24 13:04:59 - [TEST_STEP][PASSED] - symbol = symbol: null

2019-08-24 13:04:59 - [TEST_STEP][PASSED] - println(symbol): null

2019-08-24 13:04:59 - [TEST_STEP][PASSED] - if (i == 2 &amp;&amp; wildList.indexOf(symbol) != -1): null

2019-08-24 13:04:59 - [TEST_STEP][PASSED] - if (i == 3 &amp;&amp; wildList.indexOf(symbol) != -1): null

2019-08-24 13:04:59 - [TEST_STEP][PASSED] - if (i == 4 &amp;&amp; wildList.indexOf(symbol) != -1): null

2019-08-24 13:04:59 - [TEST_STEP][PASSED] - symbol = symbol: null

2019-08-24 13:04:59 - [TEST_STEP][PASSED] - println(symbol): null

2019-08-24 13:04:59 - [TEST_STEP][PASSED] - if (i == 2 &amp;&amp; wildList.indexOf(symbol) != -1): null

2019-08-24 13:04:59 - [TEST_STEP][PASSED] - if (i == 3 &amp;&amp; wildList.indexOf(symbol) != -1): null

2019-08-24 13:04:59 - [TEST_STEP][PASSED] - if (i == 4 &amp;&amp; wildList.indexOf(symbol) != -1): null

2019-08-24 13:04:59 - [TEST_STEP][PASSED] - symbol = symbol: null

2019-08-24 13:04:59 - [TEST_STEP][PASSED] - println(symbol): null

2019-08-24 13:04:59 - [TEST_STEP][PASSED] - if (i == 2 &amp;&amp; wildList.indexOf(symbol) != -1): null

2019-08-24 13:04:59 - [TEST_STEP][PASSED] - if (i == 3 &amp;&amp; wildList.indexOf(symbol) != -1): null

2019-08-24 13:04:59 - [TEST_STEP][PASSED] - if (i == 4 &amp;&amp; wildList.indexOf(symbol) != -1): null

2019-08-24 13:04:59 - [TEST_STEP][PASSED] - symbols = symbols: null

2019-08-24 13:04:59 - [TEST_STEP][PASSED] - for ([j = 0, j &lt; symbols.size(), (j++)]): null

2019-08-24 13:04:59 - [TEST_STEP][PASSED] - symbol = symbol: null

2019-08-24 13:04:59 - [TEST_STEP][PASSED] - println(symbol): null

2019-08-24 13:04:59 - [TEST_STEP][PASSED] - if (i == 2 &amp;&amp; wildList.indexOf(symbol) != -1): null

2019-08-24 13:04:59 - [TEST_STEP][PASSED] - if (i == 3 &amp;&amp; wildList.indexOf(symbol) != -1): null

2019-08-24 13:04:59 - [TEST_STEP][PASSED] - if (i == 4 &amp;&amp; wildList.indexOf(symbol) != -1): null

2019-08-24 13:04:59 - [TEST_STEP][PASSED] - symbol = symbol: null

2019-08-24 13:04:59 - [TEST_STEP][PASSED] - println(symbol): null

2019-08-24 13:04:59 - [TEST_STEP][PASSED] - if (i == 2 &amp;&amp; wildList.indexOf(symbol) != -1): null

2019-08-24 13:04:59 - [TEST_STEP][PASSED] - if (i == 3 &amp;&amp; wildList.indexOf(symbol) != -1): null

2019-08-24 13:04:59 - [TEST_STEP][PASSED] - if (i == 4 &amp;&amp; wildList.indexOf(symbol) != -1): null

2019-08-24 13:04:59 - [TEST_STEP][PASSED] - symbol = symbol: null

2019-08-24 13:05:03 - [TEST_STEP][PASSED] - println(symbol): null

2019-08-24 13:05:03 - [TEST_STEP][PASSED] - if (i == 2 &amp;&amp; wildList.indexOf(symbol) != -1): null

2019-08-24 13:05:03 - [TEST_STEP][PASSED] - if (i == 3 &amp;&amp; wildList.indexOf(symbol) != -1): null

2019-08-24 13:05:03 - [TEST_STEP][PASSED] - if (i == 4 &amp;&amp; wildList.indexOf(symbol) != -1): null

2019-08-24 13:05:03 - [TEST_STEP][PASSED] - symbols = symbols: null

2019-08-24 13:05:03 - [TEST_STEP][PASSED] - for ([j = 0, j &lt; symbols.size(), (j++)]): null

2019-08-24 13:05:03 - [TEST_STEP][PASSED] - symbol = symbol: null

2019-08-24 13:05:03 - [TEST_STEP][PASSED] - println(symbol): null

2019-08-24 13:05:03 - [TEST_STEP][PASSED] - if (i == 2 &amp;&amp; wildList.indexOf(symbol) != -1): null

2019-08-24 13:05:03 - [TEST_STEP][PASSED] - if (i == 3 &amp;&amp; wildList.indexOf(symbol) != -1): null

2019-08-24 13:05:03 - [TEST_STEP][PASSED] - if (i == 4 &amp;&amp; wildList.indexOf(symbol) != -1): null

2019-08-24 13:05:08 - [TEST_STEP][PASSED] - symbol = symbol: null

2019-08-24 13:05:08 - [TEST_STEP][PASSED] - println(symbol): null

2019-08-24 13:05:08 - [TEST_STEP][PASSED] - if (i == 2 &amp;&amp; wildList.indexOf(symbol) != -1): null

2019-08-24 13:05:08 - [TEST_STEP][PASSED] - if (i == 3 &amp;&amp; wildList.indexOf(symbol) != -1): null

2019-08-24 13:05:08 - [TEST_STEP][PASSED] - if (i == 4 &amp;&amp; wildList.indexOf(symbol) != -1): null

2019-08-24 13:05:13 - [TEST_STEP][PASSED] - symbol = symbol: null

2019-08-24 13:05:13 - [TEST_STEP][PASSED] - println(symbol): null

2019-08-24 13:05:13 - [TEST_STEP][PASSED] - if (i == 2 &amp;&amp; wildList.indexOf(symbol) != -1): null

2019-08-24 13:05:13 - [TEST_STEP][PASSED] - if (i == 3 &amp;&amp; wildList.indexOf(symbol) != -1): null

2019-08-24 13:05:13 - [TEST_STEP][PASSED] - if (i == 4 &amp;&amp; wildList.indexOf(symbol) != -1): null

2019-08-24 13:05:13 - [TEST_STEP][PASSED] - free_spin_reel_counter = free_spin_reel_counter: null

2019-08-24 13:05:13 - [TEST_STEP][PASSED] - println("reel 3 wild found: " + free_spin_reel_counter[0]): null

2019-08-24 13:05:13 - [TEST_STEP][PASSED] - println("reel 4 wild found: " + free_spin_reel_counter[1]): null

2019-08-24 13:05:13 - [TEST_STEP][PASSED] - println("reel 5 wild found: " + free_spin_reel_counter[2]): null

2019-08-24 13:05:13 - [TEST_STEP][PASSED] - M4_spin_reels = M4_spin_reels: null

2019-08-24 13:05:13 - [TEST_STEP][PASSED] - M4_spin_reels_symbols = symbol: null

2019-08-24 13:05:13 - [TEST_STEP][PASSED] - M4_spin_reels_symbols = M4_spin_reels_symbols: null

2019-08-24 13:05:13 - [TEST_STEP][PASSED] - M4_spin_reel_wins = reel_wins: null

2019-08-24 13:05:13 - [TEST_STEP][PASSED] - M4_spin_reel_wins = M4_spin_reel_wins: null

2019-08-24 13:05:13 - [TEST_STEP][PASSED] - println("GlobalVariable.M4_spin_reel_wins is: " + M4_spin_reel_wins): null

2019-08-24 13:05:13 - [TEST_STEP][PASSED] - M4_spin_total_bonus_win_this_round = total_bonus_win_this_round: null

2019-08-24 13:05:13 - [TEST_STEP][PASSED] - M4_spin_total_bonus_win_this_round = M4_spin_total_bonus_win_this_round: null

2019-08-24 13:05:13 - [TEST_STEP][PASSED] - println("GlobalVariable.M4_spin_total_bonus_win_this_round is: " + M4_spin_total_bonus_win_this_round): null

2019-08-24 13:05:13 - [TEST_STEP][PASSED] - M4_spin_bonus_spin_result = spin_result: null

2019-08-24 13:05:13 - [TEST_STEP][PASSED] - M4_spin_bonus_spin_result = M4_spin_bonus_spin_result: null

2019-08-24 13:05:13 - [MESSAGE][PASSED] - Verify response successfully

2019-08-24 13:05:13 - [MESSAGE][PASSED] - Send request and verify the response successfully

2019-08-24 13:05:13 - [TEST_STEP][PASSED] - if (M4_total_bonus_spins_int != 0 &amp;&amp; M4_spin_reels_symbols[2].contains("WILD_Expanding")): null

2019-08-24 13:05:13 - [TEST_STEP][PASSED] - free_spin_reel_counter = free_spin_reel_counter: null

2019-08-24 13:05:13 - [TEST_STEP][PASSED] - M4_spin_reels_symbols = M4_spin_reels_symbols: null

2019-08-24 13:05:13 - [TEST_STEP][PASSED] - M4_total_bonus_spins = M4_total_bonus_spins: null

2019-08-24 13:05:13 - [TEST_STEP][PASSED] - spin_result = sendRequestAndVerify(findTestObject("INT/RGS(M4)/1_M4_spin", ["M4_login_user_id":M4_login_user_id, "rgs_session_token":rgs_session_token, "partner":Partner])): Send request and verify the response successfully

2019-08-24 13:05:14 - [MESSAGE][INFO] - HAR: /Users/eiralee/Katalon_Script/SuperWild/Reports/20190824_125957/INT/superWild_5/20190824_125957/requests/main/94.har

2019-08-24 13:05:14 - [TEST_CASE][PASSED] - Start Test Case : Verification: Verification accomplished successfully

2019-08-24 13:05:14 - [TEST_STEP][PASSED] - request = getInstance().getCurrentRequest(): null

2019-08-24 13:05:14 - [TEST_STEP][PASSED] - response = getInstance().getCurrentResponse(): null

2019-08-24 13:05:14 - [TEST_STEP][PASSED] - verifyResponseStatusCode(response, 200): Verify response status code successfully

2019-08-24 13:05:14 - [MESSAGE][PASSED] - Verify response status code successfully

2019-08-24 13:05:14 - [TEST_STEP][PASSED] - getStatusCode()).isEqualTo(200): null

2019-08-24 13:05:14 - [TEST_STEP][PASSED] - newline = System.getProperty("line.separator"): null

2019-08-24 13:05:14 - [TEST_STEP][PASSED] - M4_spin = new groovy.json.JsonSlurper(): null

2019-08-24 13:05:14 - [TEST_STEP][PASSED] - result_M4_spin = M4_spin.parseText(response.getResponseBodyContent()): null

2019-08-24 13:05:14 - [TEST_STEP][PASSED] - M4_spin_current_balance = current_balance: null

2019-08-24 13:05:14 - [TEST_STEP][PASSED] - M4_spin_current_balance = M4_spin_current_balance: null

2019-08-24 13:05:14 - [TEST_STEP][PASSED] - M4_spin_transaction_id = causality: null

2019-08-24 13:05:14 - [TEST_STEP][PASSED] - M4_spin_transaction_id = M4_spin_transaction_id: null

2019-08-24 13:05:14 - [TEST_STEP][PASSED] - M4_spin_round_id = round_id: null

2019-08-24 13:05:14 - [TEST_STEP][PASSED] - M4_spin_round_id = M4_spin_round_id: null

2019-08-24 13:05:14 - [TEST_STEP][PASSED] - M4_spin_line_wins = line_wins: null

2019-08-24 13:05:14 - [TEST_STEP][PASSED] - M4_spin_line_wins = M4_spin_line_wins: null

2019-08-24 13:05:14 - [TEST_STEP][PASSED] - M4_total_bonus_spins_int = total_bonus_spins: null

2019-08-24 13:05:14 - [TEST_STEP][PASSED] - println("******M4_total_bonus_spins type is:*******" + newline + getClass().getName()): null

2019-08-24 13:05:14 - [TEST_STEP][PASSED] - M4_total_bonus_spins_int = M4_total_bonus_spins_int: null

2019-08-24 13:05:14 - [TEST_STEP][PASSED] - M4_total_bonus_spins = Integer.toString(M4_total_bonus_spins_int): null

2019-08-24 13:05:14 - [TEST_STEP][PASSED] - M4_total_bonus_spins = M4_total_bonus_spins: null

2019-08-24 13:05:14 - [TEST_STEP][PASSED] - println("M4_total_bonus_spins is:" + M4_total_bonus_spins): null

2019-08-24 13:05:14 - [TEST_STEP][PASSED] - M4_spin_bonus_data = bonus_data: null

2019-08-24 13:05:14 - [TEST_STEP][PASSED] - M4_spin_features_triggered = result_M4_spin: null

2019-08-24 13:05:14 - [TEST_STEP][PASSED] - wild = []: null

2019-08-24 13:05:14 - [TEST_STEP][PASSED] - wild[0] = "WILD_Expanding": null

2019-08-24 13:05:14 - [TEST_STEP][PASSED] - wild[1] = "WILD_Normal": null

2019-08-24 13:05:14 - [TEST_STEP][PASSED] - wild[2] = "WILD_Double": null

2019-08-24 13:05:14 - [TEST_STEP][PASSED] - wild[3] = "WILD_ExtraFG": null

2019-08-24 13:05:14 - [TEST_STEP][PASSED] - wild[4] = "WILD_Triple": null

2019-08-24 13:05:14 - [TEST_STEP][PASSED] - wildList = Arrays.asList(wild): null

2019-08-24 13:05:14 - [TEST_STEP][PASSED] - wildList = wildList: null

2019-08-24 13:05:14 - [TEST_STEP][PASSED] - free_spin_reel_counter = []: null

2019-08-24 13:05:14 - [TEST_STEP][PASSED] - free_spin_reel_counter[0] = 0: null

2019-08-24 13:05:14 - [TEST_STEP][PASSED] - free_spin_reel_counter[1] = 0: null

2019-08-24 13:05:14 - [TEST_STEP][PASSED] - free_spin_reel_counter[2] = 0: null

2019-08-24 13:05:14 - [TEST_STEP][PASSED] - M4_spin_reels = reels: null

2019-08-24 13:05:14 - [TEST_STEP][PASSED] - for ([i = 0, i &lt; M4_spin_reels.size(), (i++)]): null

2019-08-24 13:05:14 - [TEST_STEP][PASSED] - symbols = symbols: null

2019-08-24 13:05:14 - [TEST_STEP][PASSED] - for ([j = 0, j &lt; symbols.size(), (j++)]): null

2019-08-24 13:05:14 - [TEST_STEP][PASSED] - symbol = symbol: null

2019-08-24 13:05:14 - [TEST_STEP][PASSED] - println(symbol): null

2019-08-24 13:05:14 - [TEST_STEP][PASSED] - if (i == 2 &amp;&amp; wildList.indexOf(symbol) != -1): null

2019-08-24 13:05:14 - [TEST_STEP][PASSED] - if (i == 3 &amp;&amp; wildList.indexOf(symbol) != -1): null

2019-08-24 13:05:14 - [TEST_STEP][PASSED] - if (i == 4 &amp;&amp; wildList.indexOf(symbol) != -1): null

2019-08-24 13:05:14 - [TEST_STEP][PASSED] - symbol = symbol: null

2019-08-24 13:05:14 - [TEST_STEP][PASSED] - println(symbol): null

2019-08-24 13:05:14 - [TEST_STEP][PASSED] - if (i == 2 &amp;&amp; wildList.indexOf(symbol) != -1): null

2019-08-24 13:05:14 - [TEST_STEP][PASSED] - if (i == 3 &amp;&amp; wildList.indexOf(symbol) != -1): null

2019-08-24 13:05:14 - [TEST_STEP][PASSED] - if (i == 4 &amp;&amp; wildList.indexOf(symbol) != -1): null

2019-08-24 13:05:14 - [TEST_STEP][PASSED] - symbol = symbol: null

2019-08-24 13:05:14 - [TEST_STEP][PASSED] - println(symbol): null

2019-08-24 13:05:14 - [TEST_STEP][PASSED] - if (i == 2 &amp;&amp; wildList.indexOf(symbol) != -1): null

2019-08-24 13:05:14 - [TEST_STEP][PASSED] - if (i == 3 &amp;&amp; wildList.indexOf(symbol) != -1): null

2019-08-24 13:05:14 - [TEST_STEP][PASSED] - if (i == 4 &amp;&amp; wildList.indexOf(symbol) != -1): null

2019-08-24 13:05:14 - [TEST_STEP][PASSED] - symbols = symbols: null

2019-08-24 13:05:14 - [TEST_STEP][PASSED] - for ([j = 0, j &lt; symbols.size(), (j++)]): null

2019-08-24 13:05:14 - [TEST_STEP][PASSED] - symbol = symbol: null

2019-08-24 13:05:14 - [TEST_STEP][PASSED] - println(symbol): null

2019-08-24 13:05:14 - [TEST_STEP][PASSED] - if (i == 2 &amp;&amp; wildList.indexOf(symbol) != -1): null

2019-08-24 13:05:14 - [TEST_STEP][PASSED] - if (i == 3 &amp;&amp; wildList.indexOf(symbol) != -1): null

2019-08-24 13:05:14 - [TEST_STEP][PASSED] - if (i == 4 &amp;&amp; wildList.indexOf(symbol) != -1): null

2019-08-24 13:05:14 - [TEST_STEP][PASSED] - symbol = symbol: null

2019-08-24 13:05:14 - [TEST_STEP][PASSED] - println(symbol): null

2019-08-24 13:05:14 - [TEST_STEP][PASSED] - if (i == 2 &amp;&amp; wildList.indexOf(symbol) != -1): null

2019-08-24 13:05:14 - [TEST_STEP][PASSED] - if (i == 3 &amp;&amp; wildList.indexOf(symbol) != -1): null

2019-08-24 13:05:14 - [TEST_STEP][PASSED] - if (i == 4 &amp;&amp; wildList.indexOf(symbol) != -1): null

2019-08-24 13:05:14 - [TEST_STEP][PASSED] - symbol = symbol: null

2019-08-24 13:05:14 - [TEST_STEP][PASSED] - println(symbol): null

2019-08-24 13:05:14 - [TEST_STEP][PASSED] - if (i == 2 &amp;&amp; wildList.indexOf(symbol) != -1): null

2019-08-24 13:05:14 - [TEST_STEP][PASSED] - if (i == 3 &amp;&amp; wildList.indexOf(symbol) != -1): null

2019-08-24 13:05:14 - [TEST_STEP][PASSED] - if (i == 4 &amp;&amp; wildList.indexOf(symbol) != -1): null

2019-08-24 13:05:14 - [TEST_STEP][PASSED] - symbols = symbols: null

2019-08-24 13:05:14 - [TEST_STEP][PASSED] - for ([j = 0, j &lt; symbols.size(), (j++)]): null

2019-08-24 13:05:14 - [TEST_STEP][PASSED] - symbol = symbol: null

2019-08-24 13:05:14 - [TEST_STEP][PASSED] - println(symbol): null

2019-08-24 13:05:14 - [TEST_STEP][PASSED] - if (i == 2 &amp;&amp; wildList.indexOf(symbol) != -1): null

2019-08-24 13:05:14 - [TEST_STEP][PASSED] - if (i == 3 &amp;&amp; wildList.indexOf(symbol) != -1): null

2019-08-24 13:05:14 - [TEST_STEP][PASSED] - if (i == 4 &amp;&amp; wildList.indexOf(symbol) != -1): null

2019-08-24 13:05:14 - [TEST_STEP][PASSED] - symbol = symbol: null

2019-08-24 13:05:14 - [TEST_STEP][PASSED] - println(symbol): null

2019-08-24 13:05:14 - [TEST_STEP][PASSED] - if (i == 2 &amp;&amp; wildList.indexOf(symbol) != -1): null

2019-08-24 13:05:14 - [TEST_STEP][PASSED] - if (i == 3 &amp;&amp; wildList.indexOf(symbol) != -1): null

2019-08-24 13:05:14 - [TEST_STEP][PASSED] - if (i == 4 &amp;&amp; wildList.indexOf(symbol) != -1): null

2019-08-24 13:05:14 - [TEST_STEP][PASSED] - symbol = symbol: null

2019-08-24 13:05:14 - [TEST_STEP][PASSED] - println(symbol): null

2019-08-24 13:05:14 - [TEST_STEP][PASSED] - if (i == 2 &amp;&amp; wildList.indexOf(symbol) != -1): null

2019-08-24 13:05:14 - [TEST_STEP][PASSED] - if (i == 3 &amp;&amp; wildList.indexOf(symbol) != -1): null

2019-08-24 13:05:14 - [TEST_STEP][PASSED] - if (i == 4 &amp;&amp; wildList.indexOf(symbol) != -1): null

2019-08-24 13:05:14 - [TEST_STEP][PASSED] - symbols = symbols: null

2019-08-24 13:05:14 - [TEST_STEP][PASSED] - for ([j = 0, j &lt; symbols.size(), (j++)]): null

2019-08-24 13:05:14 - [TEST_STEP][PASSED] - symbol = symbol: null

2019-08-24 13:05:14 - [TEST_STEP][PASSED] - println(symbol): null

2019-08-24 13:05:14 - [TEST_STEP][PASSED] - if (i == 2 &amp;&amp; wildList.indexOf(symbol) != -1): null

2019-08-24 13:05:14 - [TEST_STEP][PASSED] - if (i == 3 &amp;&amp; wildList.indexOf(symbol) != -1): null

2019-08-24 13:05:14 - [TEST_STEP][PASSED] - if (i == 4 &amp;&amp; wildList.indexOf(symbol) != -1): null

2019-08-24 13:05:14 - [TEST_STEP][PASSED] - symbol = symbol: null

2019-08-24 13:05:14 - [TEST_STEP][PASSED] - println(symbol): null

2019-08-24 13:05:14 - [TEST_STEP][PASSED] - if (i == 2 &amp;&amp; wildList.indexOf(symbol) != -1): null

2019-08-24 13:05:14 - [TEST_STEP][PASSED] - if (i == 3 &amp;&amp; wildList.indexOf(symbol) != -1): null

2019-08-24 13:05:14 - [TEST_STEP][PASSED] - if (i == 4 &amp;&amp; wildList.indexOf(symbol) != -1): null

2019-08-24 13:05:14 - [TEST_STEP][PASSED] - symbol = symbol: null

2019-08-24 13:05:14 - [TEST_STEP][PASSED] - println(symbol): null

2019-08-24 13:05:14 - [TEST_STEP][PASSED] - if (i == 2 &amp;&amp; wildList.indexOf(symbol) != -1): null

2019-08-24 13:05:14 - [TEST_STEP][PASSED] - if (i == 3 &amp;&amp; wildList.indexOf(symbol) != -1): null

2019-08-24 13:05:14 - [TEST_STEP][PASSED] - if (i == 4 &amp;&amp; wildList.indexOf(symbol) != -1): null

2019-08-24 13:05:14 - [TEST_STEP][PASSED] - symbols = symbols: null

2019-08-24 13:05:14 - [TEST_STEP][PASSED] - for ([j = 0, j &lt; symbols.size(), (j++)]): null

2019-08-24 13:05:14 - [TEST_STEP][PASSED] - symbol = symbol: null

2019-08-24 13:05:14 - [TEST_STEP][PASSED] - println(symbol): null

2019-08-24 13:05:14 - [TEST_STEP][PASSED] - if (i == 2 &amp;&amp; wildList.indexOf(symbol) != -1): null

2019-08-24 13:05:14 - [TEST_STEP][PASSED] - if (i == 3 &amp;&amp; wildList.indexOf(symbol) != -1): null

2019-08-24 13:05:14 - [TEST_STEP][PASSED] - if (i == 4 &amp;&amp; wildList.indexOf(symbol) != -1): null

2019-08-24 13:05:14 - [TEST_STEP][PASSED] - symbol = symbol: null

2019-08-24 13:05:14 - [TEST_STEP][PASSED] - println(symbol): null

2019-08-24 13:05:14 - [TEST_STEP][PASSED] - if (i == 2 &amp;&amp; wildList.indexOf(symbol) != -1): null

2019-08-24 13:05:14 - [TEST_STEP][PASSED] - if (i == 3 &amp;&amp; wildList.indexOf(symbol) != -1): null

2019-08-24 13:05:14 - [TEST_STEP][PASSED] - if (i == 4 &amp;&amp; wildList.indexOf(symbol) != -1): null

2019-08-24 13:05:14 - [TEST_STEP][PASSED] - symbol = symbol: null

2019-08-24 13:05:14 - [TEST_STEP][PASSED] - println(symbol): null

2019-08-24 13:05:14 - [TEST_STEP][PASSED] - if (i == 2 &amp;&amp; wildList.indexOf(symbol) != -1): null

2019-08-24 13:05:14 - [TEST_STEP][PASSED] - if (i == 3 &amp;&amp; wildList.indexOf(symbol) != -1): null

2019-08-24 13:05:14 - [TEST_STEP][PASSED] - if (i == 4 &amp;&amp; wildList.indexOf(symbol) != -1): null

2019-08-24 13:05:14 - [TEST_STEP][PASSED] - println("wild found on reel 5, adding counter by 1"): null

2019-08-24 13:05:14 - [TEST_STEP][PASSED] - free_spin_reel_counter[2] = free_spin_reel_counter[2] + 1: null

2019-08-24 13:05:14 - [TEST_STEP][PASSED] - free_spin_reel_counter = free_spin_reel_counter: null

2019-08-24 13:05:14 - [TEST_STEP][PASSED] - println("reel 3 wild found: " + free_spin_reel_counter[0]): null

2019-08-24 13:05:14 - [TEST_STEP][PASSED] - println("reel 4 wild found: " + free_spin_reel_counter[1]): null

2019-08-24 13:05:14 - [TEST_STEP][PASSED] - println("reel 5 wild found: " + free_spin_reel_counter[2]): null

2019-08-24 13:05:14 - [TEST_STEP][PASSED] - M4_spin_reels = M4_spin_reels: null

2019-08-24 13:05:14 - [TEST_STEP][PASSED] - M4_spin_reels_symbols = symbol: null

2019-08-24 13:05:14 - [TEST_STEP][PASSED] - M4_spin_reels_symbols = M4_spin_reels_symbols: null

2019-08-24 13:05:14 - [TEST_STEP][PASSED] - M4_spin_reel_wins = reel_wins: null

2019-08-24 13:05:14 - [TEST_STEP][PASSED] - M4_spin_reel_wins = M4_spin_reel_wins: null

2019-08-24 13:05:14 - [TEST_STEP][PASSED] - println("GlobalVariable.M4_spin_reel_wins is: " + M4_spin_reel_wins): null

2019-08-24 13:05:14 - [TEST_STEP][PASSED] - M4_spin_total_bonus_win_this_round = total_bonus_win_this_round: null

2019-08-24 13:05:14 - [TEST_STEP][PASSED] - M4_spin_total_bonus_win_this_round = M4_spin_total_bonus_win_this_round: null

2019-08-24 13:05:14 - [TEST_STEP][PASSED] - println("GlobalVariable.M4_spin_total_bonus_win_this_round is: " + M4_spin_total_bonus_win_this_round): null

2019-08-24 13:05:14 - [TEST_STEP][PASSED] - M4_spin_bonus_spin_result = spin_result: null

2019-08-24 13:05:14 - [TEST_STEP][PASSED] - M4_spin_bonus_spin_result = M4_spin_bonus_spin_result: null

2019-08-24 13:05:14 - [MESSAGE][PASSED] - Verify response successfully

2019-08-24 13:05:14 - [MESSAGE][PASSED] - Send request and verify the response successfully

2019-08-24 13:05:14 - [TEST_STEP][PASSED] - if (M4_total_bonus_spins_int != 0 &amp;&amp; M4_spin_reels_symbols[2].contains("WILD_Expanding")): null

2019-08-24 13:05:14 - [TEST_STEP][PASSED] - free_spin_reel_counter = free_spin_reel_counter: null

2019-08-24 13:05:14 - [TEST_STEP][PASSED] - M4_spin_reels_symbols = M4_spin_reels_symbols: null

2019-08-24 13:05:14 - [TEST_STEP][PASSED] - M4_total_bonus_spins = M4_total_bonus_spins: null

2019-08-24 13:05:14 - [TEST_STEP][PASSED] - spin_result = sendRequestAndVerify(findTestObject("INT/RGS(M4)/1_M4_spin", ["M4_login_user_id":M4_login_user_id, "rgs_session_token":rgs_session_token, "partner":Partner])): Send request and verify the response successfully

2019-08-24 13:05:15 - [MESSAGE][INFO] - HAR: /Users/eiralee/Katalon_Script/SuperWild/Reports/20190824_125957/INT/superWild_5/20190824_125957/requests/main/95.har

2019-08-24 13:05:15 - [TEST_CASE][PASSED] - Start Test Case : Verification: Verification accomplished successfully

2019-08-24 13:05:15 - [TEST_STEP][PASSED] - request = getInstance().getCurrentRequest(): null

2019-08-24 13:05:15 - [TEST_STEP][PASSED] - response = getInstance().getCurrentResponse(): null

2019-08-24 13:05:15 - [TEST_STEP][PASSED] - verifyResponseStatusCode(response, 200): Verify response status code successfully

2019-08-24 13:05:15 - [MESSAGE][PASSED] - Verify response status code successfully

2019-08-24 13:05:15 - [TEST_STEP][PASSED] - getStatusCode()).isEqualTo(200): null

2019-08-24 13:05:15 - [TEST_STEP][PASSED] - newline = System.getProperty("line.separator"): null

2019-08-24 13:05:15 - [TEST_STEP][PASSED] - M4_spin = new groovy.json.JsonSlurper(): null

2019-08-24 13:05:15 - [TEST_STEP][PASSED] - result_M4_spin = M4_spin.parseText(response.getResponseBodyContent()): null

2019-08-24 13:05:15 - [TEST_STEP][PASSED] - M4_spin_current_balance = current_balance: null

2019-08-24 13:05:15 - [TEST_STEP][PASSED] - M4_spin_current_balance = M4_spin_current_balance: null

2019-08-24 13:05:15 - [TEST_STEP][PASSED] - M4_spin_transaction_id = causality: null

2019-08-24 13:05:15 - [TEST_STEP][PASSED] - M4_spin_transaction_id = M4_spin_transaction_id: null

2019-08-24 13:05:15 - [TEST_STEP][PASSED] - M4_spin_round_id = round_id: null

2019-08-24 13:05:15 - [TEST_STEP][PASSED] - M4_spin_round_id = M4_spin_round_id: null

2019-08-24 13:05:15 - [TEST_STEP][PASSED] - M4_spin_line_wins = line_wins: null

2019-08-24 13:05:15 - [TEST_STEP][PASSED] - M4_spin_line_wins = M4_spin_line_wins: null

2019-08-24 13:05:15 - [TEST_STEP][PASSED] - M4_total_bonus_spins_int = total_bonus_spins: null

2019-08-24 13:05:15 - [TEST_STEP][PASSED] - println("******M4_total_bonus_spins type is:*******" + newline + getClass().getName()): null

2019-08-24 13:05:15 - [TEST_STEP][PASSED] - M4_total_bonus_spins_int = M4_total_bonus_spins_int: null

2019-08-24 13:05:15 - [TEST_STEP][PASSED] - M4_total_bonus_spins = Integer.toString(M4_total_bonus_spins_int): null

2019-08-24 13:05:15 - [TEST_STEP][PASSED] - M4_total_bonus_spins = M4_total_bonus_spins: null

2019-08-24 13:05:15 - [TEST_STEP][PASSED] - println("M4_total_bonus_spins is:" + M4_total_bonus_spins): null

2019-08-24 13:05:15 - [TEST_STEP][PASSED] - M4_spin_bonus_data = bonus_data: null

2019-08-24 13:05:15 - [TEST_STEP][PASSED] - M4_spin_features_triggered = result_M4_spin: null

2019-08-24 13:05:15 - [TEST_STEP][PASSED] - wild = []: null

2019-08-24 13:05:15 - [TEST_STEP][PASSED] - wild[0] = "WILD_Expanding": null

2019-08-24 13:05:15 - [TEST_STEP][PASSED] - wild[1] = "WILD_Normal": null

2019-08-24 13:05:15 - [TEST_STEP][PASSED] - wild[2] = "WILD_Double": null

2019-08-24 13:05:15 - [TEST_STEP][PASSED] - wild[3] = "WILD_ExtraFG": null

2019-08-24 13:05:15 - [TEST_STEP][PASSED] - wild[4] = "WILD_Triple": null

2019-08-24 13:05:15 - [TEST_STEP][PASSED] - wildList = Arrays.asList(wild): null

2019-08-24 13:05:15 - [TEST_STEP][PASSED] - wildList = wildList: null

2019-08-24 13:05:15 - [TEST_STEP][PASSED] - free_spin_reel_counter = []: null

2019-08-24 13:05:15 - [TEST_STEP][PASSED] - free_spin_reel_counter[0] = 0: null

2019-08-24 13:05:15 - [TEST_STEP][PASSED] - free_spin_reel_counter[1] = 0: null

2019-08-24 13:05:15 - [TEST_STEP][PASSED] - free_spin_reel_counter[2] = 0: null

2019-08-24 13:05:15 - [TEST_STEP][PASSED] - M4_spin_reels = reels: null

2019-08-24 13:05:15 - [TEST_STEP][PASSED] - for ([i = 0, i &lt; M4_spin_reels.size(), (i++)]): null

2019-08-24 13:05:15 - [TEST_STEP][PASSED] - symbols = symbols: null

2019-08-24 13:05:15 - [TEST_STEP][PASSED] - for ([j = 0, j &lt; symbols.size(), (j++)]): null

2019-08-24 13:05:15 - [TEST_STEP][PASSED] - symbol = symbol: null

2019-08-24 13:05:15 - [TEST_STEP][PASSED] - println(symbol): null

2019-08-24 13:05:15 - [TEST_STEP][PASSED] - if (i == 2 &amp;&amp; wildList.indexOf(symbol) != -1): null

2019-08-24 13:05:15 - [TEST_STEP][PASSED] - if (i == 3 &amp;&amp; wildList.indexOf(symbol) != -1): null

2019-08-24 13:05:15 - [TEST_STEP][PASSED] - if (i == 4 &amp;&amp; wildList.indexOf(symbol) != -1): null

2019-08-24 13:05:15 - [TEST_STEP][PASSED] - symbol = symbol: null

2019-08-24 13:05:15 - [TEST_STEP][PASSED] - println(symbol): null

2019-08-24 13:05:15 - [TEST_STEP][PASSED] - if (i == 2 &amp;&amp; wildList.indexOf(symbol) != -1): null

2019-08-24 13:05:15 - [TEST_STEP][PASSED] - if (i == 3 &amp;&amp; wildList.indexOf(symbol) != -1): null

2019-08-24 13:05:15 - [TEST_STEP][PASSED] - if (i == 4 &amp;&amp; wildList.indexOf(symbol) != -1): null

2019-08-24 13:05:15 - [TEST_STEP][PASSED] - symbol = symbol: null

2019-08-24 13:05:15 - [TEST_STEP][PASSED] - println(symbol): null

2019-08-24 13:05:15 - [TEST_STEP][PASSED] - if (i == 2 &amp;&amp; wildList.indexOf(symbol) != -1): null

2019-08-24 13:05:15 - [TEST_STEP][PASSED] - if (i == 3 &amp;&amp; wildList.indexOf(symbol) != -1): null

2019-08-24 13:05:15 - [TEST_STEP][PASSED] - if (i == 4 &amp;&amp; wildList.indexOf(symbol) != -1): null

2019-08-24 13:05:15 - [TEST_STEP][PASSED] - symbols = symbols: null

2019-08-24 13:05:15 - [TEST_STEP][PASSED] - for ([j = 0, j &lt; symbols.size(), (j++)]): null

2019-08-24 13:05:15 - [TEST_STEP][PASSED] - symbol = symbol: null

2019-08-24 13:05:15 - [TEST_STEP][PASSED] - println(symbol): null

2019-08-24 13:05:15 - [TEST_STEP][PASSED] - if (i == 2 &amp;&amp; wildList.indexOf(symbol) != -1): null

2019-08-24 13:05:15 - [TEST_STEP][PASSED] - if (i == 3 &amp;&amp; wildList.indexOf(symbol) != -1): null

2019-08-24 13:05:15 - [TEST_STEP][PASSED] - if (i == 4 &amp;&amp; wildList.indexOf(symbol) != -1): null

2019-08-24 13:05:15 - [TEST_STEP][PASSED] - symbol = symbol: null

2019-08-24 13:05:15 - [TEST_STEP][PASSED] - println(symbol): null

2019-08-24 13:05:15 - [TEST_STEP][PASSED] - if (i == 2 &amp;&amp; wildList.indexOf(symbol) != -1): null

2019-08-24 13:05:15 - [TEST_STEP][PASSED] - if (i == 3 &amp;&amp; wildList.indexOf(symbol) != -1): null

2019-08-24 13:05:15 - [TEST_STEP][PASSED] - if (i == 4 &amp;&amp; wildList.indexOf(symbol) != -1): null

2019-08-24 13:05:15 - [TEST_STEP][PASSED] - symbol = symbol: null

2019-08-24 13:05:15 - [TEST_STEP][PASSED] - println(symbol): null

2019-08-24 13:05:15 - [TEST_STEP][PASSED] - if (i == 2 &amp;&amp; wildList.indexOf(symbol) != -1): null

2019-08-24 13:05:15 - [TEST_STEP][PASSED] - if (i == 3 &amp;&amp; wildList.indexOf(symbol) != -1): null

2019-08-24 13:05:15 - [TEST_STEP][PASSED] - if (i == 4 &amp;&amp; wildList.indexOf(symbol) != -1): null

2019-08-24 13:05:15 - [TEST_STEP][PASSED] - symbols = symbols: null

2019-08-24 13:05:15 - [TEST_STEP][PASSED] - for ([j = 0, j &lt; symbols.size(), (j++)]): null

2019-08-24 13:05:15 - [TEST_STEP][PASSED] - symbol = symbol: null

2019-08-24 13:05:15 - [TEST_STEP][PASSED] - println(symbol): null

2019-08-24 13:05:15 - [TEST_STEP][PASSED] - if (i == 2 &amp;&amp; wildList.indexOf(symbol) != -1): null

2019-08-24 13:05:15 - [TEST_STEP][PASSED] - if (i == 3 &amp;&amp; wildList.indexOf(symbol) != -1): null

2019-08-24 13:05:15 - [TEST_STEP][PASSED] - if (i == 4 &amp;&amp; wildList.indexOf(symbol) != -1): null

2019-08-24 13:05:15 - [TEST_STEP][PASSED] - symbol = symbol: null

2019-08-24 13:05:15 - [TEST_STEP][PASSED] - println(symbol): null

2019-08-24 13:05:15 - [TEST_STEP][PASSED] - if (i == 2 &amp;&amp; wildList.indexOf(symbol) != -1): null

2019-08-24 13:05:15 - [TEST_STEP][PASSED] - if (i == 3 &amp;&amp; wildList.indexOf(symbol) != -1): null

2019-08-24 13:05:15 - [TEST_STEP][PASSED] - if (i == 4 &amp;&amp; wildList.indexOf(symbol) != -1): null

2019-08-24 13:05:15 - [TEST_STEP][PASSED] - symbol = symbol: null

2019-08-24 13:05:15 - [TEST_STEP][PASSED] - println(symbol): null

2019-08-24 13:05:15 - [TEST_STEP][PASSED] - if (i == 2 &amp;&amp; wildList.indexOf(symbol) != -1): null

2019-08-24 13:05:15 - [TEST_STEP][PASSED] - if (i == 3 &amp;&amp; wildList.indexOf(symbol) != -1): null

2019-08-24 13:05:15 - [TEST_STEP][PASSED] - if (i == 4 &amp;&amp; wildList.indexOf(symbol) != -1): null

2019-08-24 13:05:15 - [TEST_STEP][PASSED] - symbols = symbols: null

2019-08-24 13:05:15 - [TEST_STEP][PASSED] - for ([j = 0, j &lt; symbols.size(), (j++)]): null

2019-08-24 13:05:15 - [TEST_STEP][PASSED] - symbol = symbol: null

2019-08-24 13:05:15 - [TEST_STEP][PASSED] - println(symbol): null

2019-08-24 13:05:15 - [TEST_STEP][PASSED] - if (i == 2 &amp;&amp; wildList.indexOf(symbol) != -1): null

2019-08-24 13:05:15 - [TEST_STEP][PASSED] - if (i == 3 &amp;&amp; wildList.indexOf(symbol) != -1): null

2019-08-24 13:05:15 - [TEST_STEP][PASSED] - println("wild found on reel 4, adding counter by 1"): null

2019-08-24 13:05:15 - [TEST_STEP][PASSED] - free_spin_reel_counter[1] = free_spin_reel_counter[1] + 1: null

2019-08-24 13:05:15 - [TEST_STEP][PASSED] - if (i == 4 &amp;&amp; wildList.indexOf(symbol) != -1): null

2019-08-24 13:05:15 - [TEST_STEP][PASSED] - symbol = symbol: null

2019-08-24 13:05:15 - [TEST_STEP][PASSED] - println(symbol): null

2019-08-24 13:05:15 - [TEST_STEP][PASSED] - if (i == 2 &amp;&amp; wildList.indexOf(symbol) != -1): null

2019-08-24 13:05:15 - [TEST_STEP][PASSED] - if (i == 3 &amp;&amp; wildList.indexOf(symbol) != -1): null

2019-08-24 13:05:15 - [TEST_STEP][PASSED] - if (i == 4 &amp;&amp; wildList.indexOf(symbol) != -1): null

2019-08-24 13:05:15 - [TEST_STEP][PASSED] - symbol = symbol: null

2019-08-24 13:05:15 - [TEST_STEP][PASSED] - println(symbol): null

2019-08-24 13:05:15 - [TEST_STEP][PASSED] - if (i == 2 &amp;&amp; wildList.indexOf(symbol) != -1): null

2019-08-24 13:05:15 - [TEST_STEP][PASSED] - if (i == 3 &amp;&amp; wildList.indexOf(symbol) != -1): null

2019-08-24 13:05:15 - [TEST_STEP][PASSED] - if (i == 4 &amp;&amp; wildList.indexOf(symbol) != -1): null

2019-08-24 13:05:15 - [TEST_STEP][PASSED] - symbols = symbols: null

2019-08-24 13:05:15 - [TEST_STEP][PASSED] - for ([j = 0, j &lt; symbols.size(), (j++)]): null

2019-08-24 13:05:15 - [TEST_STEP][PASSED] - symbol = symbol: null

2019-08-24 13:05:15 - [TEST_STEP][PASSED] - println(symbol): null

2019-08-24 13:05:15 - [TEST_STEP][PASSED] - if (i == 2 &amp;&amp; wildList.indexOf(symbol) != -1): null

2019-08-24 13:05:15 - [TEST_STEP][PASSED] - if (i == 3 &amp;&amp; wildList.indexOf(symbol) != -1): null

2019-08-24 13:05:15 - [TEST_STEP][PASSED] - if (i == 4 &amp;&amp; wildList.indexOf(symbol) != -1): null

2019-08-24 13:05:15 - [TEST_STEP][PASSED] - symbol = symbol: null

2019-08-24 13:05:15 - [TEST_STEP][PASSED] - println(symbol): null

2019-08-24 13:05:15 - [TEST_STEP][PASSED] - if (i == 2 &amp;&amp; wildList.indexOf(symbol) != -1): null

2019-08-24 13:05:15 - [TEST_STEP][PASSED] - if (i == 3 &amp;&amp; wildList.indexOf(symbol) != -1): null

2019-08-24 13:05:15 - [TEST_STEP][PASSED] - if (i == 4 &amp;&amp; wildList.indexOf(symbol) != -1): null

2019-08-24 13:05:15 - [TEST_STEP][PASSED] - symbol = symbol: null

2019-08-24 13:05:15 - [TEST_STEP][PASSED] - println(symbol): null

2019-08-24 13:05:15 - [TEST_STEP][PASSED] - if (i == 2 &amp;&amp; wildList.indexOf(symbol) != -1): null

2019-08-24 13:05:15 - [TEST_STEP][PASSED] - if (i == 3 &amp;&amp; wildList.indexOf(symbol) != -1): null

2019-08-24 13:05:15 - [TEST_STEP][PASSED] - if (i == 4 &amp;&amp; wildList.indexOf(symbol) != -1): null

2019-08-24 13:05:15 - [TEST_STEP][PASSED] - free_spin_reel_counter = free_spin_reel_counter: null

2019-08-24 13:05:15 - [TEST_STEP][PASSED] - println("reel 3 wild found: " + free_spin_reel_counter[0]): null

2019-08-24 13:05:15 - [TEST_STEP][PASSED] - println("reel 4 wild found: " + free_spin_reel_counter[1]): null

2019-08-24 13:05:15 - [TEST_STEP][PASSED] - println("reel 5 wild found: " + free_spin_reel_counter[2]): null

2019-08-24 13:05:15 - [TEST_STEP][PASSED] - M4_spin_reels = M4_spin_reels: null

2019-08-24 13:05:15 - [TEST_STEP][PASSED] - M4_spin_reels_symbols = symbol: null

2019-08-24 13:05:15 - [TEST_STEP][PASSED] - M4_spin_reels_symbols = M4_spin_reels_symbols: null

2019-08-24 13:05:15 - [TEST_STEP][PASSED] - M4_spin_reel_wins = reel_wins: null

2019-08-24 13:05:15 - [TEST_STEP][PASSED] - M4_spin_reel_wins = M4_spin_reel_wins: null

2019-08-24 13:05:15 - [TEST_STEP][PASSED] - println("GlobalVariable.M4_spin_reel_wins is: " + M4_spin_reel_wins): null

2019-08-24 13:05:15 - [TEST_STEP][PASSED] - M4_spin_total_bonus_win_this_round = total_bonus_win_this_round: null

2019-08-24 13:05:15 - [TEST_STEP][PASSED] - M4_spin_total_bonus_win_this_round = M4_spin_total_bonus_win_this_round: null

2019-08-24 13:05:15 - [TEST_STEP][PASSED] - println("GlobalVariable.M4_spin_total_bonus_win_this_round is: " + M4_spin_total_bonus_win_this_round): null

2019-08-24 13:05:15 - [TEST_STEP][PASSED] - M4_spin_bonus_spin_result = spin_result: null

2019-08-24 13:05:15 - [TEST_STEP][PASSED] - M4_spin_bonus_spin_result = M4_spin_bonus_spin_result: null

2019-08-24 13:05:15 - [MESSAGE][PASSED] - Verify response successfully

2019-08-24 13:05:15 - [MESSAGE][PASSED] - Send request and verify the response successfully

2019-08-24 13:05:15 - [TEST_STEP][PASSED] - if (M4_total_bonus_spins_int != 0 &amp;&amp; M4_spin_reels_symbols[2].contains("WILD_Expanding")): null

2019-08-24 13:05:15 - [TEST_STEP][PASSED] - free_spin_reel_counter = free_spin_reel_counter: null

2019-08-24 13:05:15 - [TEST_STEP][PASSED] - M4_spin_reels_symbols = M4_spin_reels_symbols: null

2019-08-24 13:05:15 - [TEST_STEP][PASSED] - M4_total_bonus_spins = M4_total_bonus_spins: null

2019-08-24 13:05:15 - [TEST_STEP][PASSED] - spin_result = sendRequestAndVerify(findTestObject("INT/RGS(M4)/1_M4_spin", ["M4_login_user_id":M4_login_user_id, "rgs_session_token":rgs_session_token, "partner":Partner])): Send request and verify the response successfully

2019-08-24 13:05:15 - [MESSAGE][INFO] - HAR: /Users/eiralee/Katalon_Script/SuperWild/Reports/20190824_125957/INT/superWild_5/20190824_125957/requests/main/96.har

2019-08-24 13:05:15 - [TEST_CASE][PASSED] - Start Test Case : Verification: Verification accomplished successfully

2019-08-24 13:05:15 - [TEST_STEP][PASSED] - request = getInstance().getCurrentRequest(): null

2019-08-24 13:05:16 - [TEST_STEP][PASSED] - response = getInstance().getCurrentResponse(): null

2019-08-24 13:05:16 - [TEST_STEP][PASSED] - verifyResponseStatusCode(response, 200): Verify response status code successfully

2019-08-24 13:05:16 - [MESSAGE][PASSED] - Verify response status code successfully

2019-08-24 13:05:16 - [TEST_STEP][PASSED] - getStatusCode()).isEqualTo(200): null

2019-08-24 13:05:16 - [TEST_STEP][PASSED] - newline = System.getProperty("line.separator"): null

2019-08-24 13:05:16 - [TEST_STEP][PASSED] - M4_spin = new groovy.json.JsonSlurper(): null

2019-08-24 13:05:16 - [TEST_STEP][PASSED] - result_M4_spin = M4_spin.parseText(response.getResponseBodyContent()): null

2019-08-24 13:05:16 - [TEST_STEP][PASSED] - M4_spin_current_balance = current_balance: null

2019-08-24 13:05:16 - [TEST_STEP][PASSED] - M4_spin_current_balance = M4_spin_current_balance: null

2019-08-24 13:05:16 - [TEST_STEP][PASSED] - M4_spin_transaction_id = causality: null

2019-08-24 13:05:16 - [TEST_STEP][PASSED] - M4_spin_transaction_id = M4_spin_transaction_id: null

2019-08-24 13:05:16 - [TEST_STEP][PASSED] - M4_spin_round_id = round_id: null

2019-08-24 13:05:16 - [TEST_STEP][PASSED] - M4_spin_round_id = M4_spin_round_id: null

2019-08-24 13:05:16 - [TEST_STEP][PASSED] - M4_spin_line_wins = line_wins: null

2019-08-24 13:05:16 - [TEST_STEP][PASSED] - M4_spin_line_wins = M4_spin_line_wins: null

2019-08-24 13:05:16 - [TEST_STEP][PASSED] - M4_total_bonus_spins_int = total_bonus_spins: null

2019-08-24 13:05:16 - [TEST_STEP][PASSED] - println("******M4_total_bonus_spins type is:*******" + newline + getClass().getName()): null

2019-08-24 13:05:16 - [TEST_STEP][PASSED] - M4_total_bonus_spins_int = M4_total_bonus_spins_int: null

2019-08-24 13:05:16 - [TEST_STEP][PASSED] - M4_total_bonus_spins = Integer.toString(M4_total_bonus_spins_int): null

2019-08-24 13:05:16 - [TEST_STEP][PASSED] - M4_total_bonus_spins = M4_total_bonus_spins: null

2019-08-24 13:05:16 - [TEST_STEP][PASSED] - println("M4_total_bonus_spins is:" + M4_total_bonus_spins): null

2019-08-24 13:05:16 - [TEST_STEP][PASSED] - M4_spin_bonus_data = bonus_data: null

2019-08-24 13:05:16 - [TEST_STEP][PASSED] - M4_spin_features_triggered = result_M4_spin: null

2019-08-24 13:05:16 - [TEST_STEP][PASSED] - wild = []: null

2019-08-24 13:05:16 - [TEST_STEP][PASSED] - wild[0] = "WILD_Expanding": null

2019-08-24 13:05:16 - [TEST_STEP][PASSED] - wild[1] = "WILD_Normal": null

2019-08-24 13:05:16 - [TEST_STEP][PASSED] - wild[2] = "WILD_Double": null

2019-08-24 13:05:16 - [TEST_STEP][PASSED] - wild[3] = "WILD_ExtraFG": null

2019-08-24 13:05:16 - [TEST_STEP][PASSED] - wild[4] = "WILD_Triple": null

2019-08-24 13:05:16 - [TEST_STEP][PASSED] - wildList = Arrays.asList(wild): null

2019-08-24 13:05:16 - [TEST_STEP][PASSED] - wildList = wildList: null

2019-08-24 13:05:16 - [TEST_STEP][PASSED] - free_spin_reel_counter = []: null

2019-08-24 13:05:16 - [TEST_STEP][PASSED] - free_spin_reel_counter[0] = 0: null

2019-08-24 13:05:16 - [TEST_STEP][PASSED] - free_spin_reel_counter[1] = 0: null

2019-08-24 13:05:16 - [TEST_STEP][PASSED] - free_spin_reel_counter[2] = 0: null

2019-08-24 13:05:16 - [TEST_STEP][PASSED] - M4_spin_reels = reels: null

2019-08-24 13:05:16 - [TEST_STEP][PASSED] - for ([i = 0, i &lt; M4_spin_reels.size(), (i++)]): null

2019-08-24 13:05:16 - [TEST_STEP][PASSED] - symbols = symbols: null

2019-08-24 13:05:16 - [TEST_STEP][PASSED] - for ([j = 0, j &lt; symbols.size(), (j++)]): null

2019-08-24 13:05:16 - [TEST_STEP][PASSED] - symbol = symbol: null

2019-08-24 13:05:16 - [TEST_STEP][PASSED] - println(symbol): null

2019-08-24 13:05:16 - [TEST_STEP][PASSED] - if (i == 2 &amp;&amp; wildList.indexOf(symbol) != -1): null

2019-08-24 13:05:16 - [TEST_STEP][PASSED] - if (i == 3 &amp;&amp; wildList.indexOf(symbol) != -1): null

2019-08-24 13:05:16 - [TEST_STEP][PASSED] - if (i == 4 &amp;&amp; wildList.indexOf(symbol) != -1): null

2019-08-24 13:05:16 - [TEST_STEP][PASSED] - symbol = symbol: null

2019-08-24 13:05:16 - [TEST_STEP][PASSED] - println(symbol): null

2019-08-24 13:05:16 - [TEST_STEP][PASSED] - if (i == 2 &amp;&amp; wildList.indexOf(symbol) != -1): null

2019-08-24 13:05:16 - [TEST_STEP][PASSED] - if (i == 3 &amp;&amp; wildList.indexOf(symbol) != -1): null

2019-08-24 13:05:16 - [TEST_STEP][PASSED] - if (i == 4 &amp;&amp; wildList.indexOf(symbol) != -1): null

2019-08-24 13:05:16 - [TEST_STEP][PASSED] - symbol = symbol: null

2019-08-24 13:05:16 - [TEST_STEP][PASSED] - println(symbol): null

2019-08-24 13:05:16 - [TEST_STEP][PASSED] - if (i == 2 &amp;&amp; wildList.indexOf(symbol) != -1): null

2019-08-24 13:05:16 - [TEST_STEP][PASSED] - if (i == 3 &amp;&amp; wildList.indexOf(symbol) != -1): null

2019-08-24 13:05:16 - [TEST_STEP][PASSED] - if (i == 4 &amp;&amp; wildList.indexOf(symbol) != -1): null

2019-08-24 13:05:16 - [TEST_STEP][PASSED] - symbols = symbols: null

2019-08-24 13:05:16 - [TEST_STEP][PASSED] - for ([j = 0, j &lt; symbols.size(), (j++)]): null

2019-08-24 13:05:16 - [TEST_STEP][PASSED] - symbol = symbol: null

2019-08-24 13:05:16 - [TEST_STEP][PASSED] - println(symbol): null

2019-08-24 13:05:16 - [TEST_STEP][PASSED] - if (i == 2 &amp;&amp; wildList.indexOf(symbol) != -1): null

2019-08-24 13:05:16 - [TEST_STEP][PASSED] - if (i == 3 &amp;&amp; wildList.indexOf(symbol) != -1): null

2019-08-24 13:05:16 - [TEST_STEP][PASSED] - if (i == 4 &amp;&amp; wildList.indexOf(symbol) != -1): null

2019-08-24 13:05:16 - [TEST_STEP][PASSED] - symbol = symbol: null

2019-08-24 13:05:16 - [TEST_STEP][PASSED] - println(symbol): null

2019-08-24 13:05:16 - [TEST_STEP][PASSED] - if (i == 2 &amp;&amp; wildList.indexOf(symbol) != -1): null

2019-08-24 13:05:16 - [TEST_STEP][PASSED] - if (i == 3 &amp;&amp; wildList.indexOf(symbol) != -1): null

2019-08-24 13:05:16 - [TEST_STEP][PASSED] - if (i == 4 &amp;&amp; wildList.indexOf(symbol) != -1): null

2019-08-24 13:05:16 - [TEST_STEP][PASSED] - symbol = symbol: null

2019-08-24 13:05:16 - [TEST_STEP][PASSED] - println(symbol): null

2019-08-24 13:05:16 - [TEST_STEP][PASSED] - if (i == 2 &amp;&amp; wildList.indexOf(symbol) != -1): null

2019-08-24 13:05:16 - [TEST_STEP][PASSED] - if (i == 3 &amp;&amp; wildList.indexOf(symbol) != -1): null

2019-08-24 13:05:16 - [TEST_STEP][PASSED] - if (i == 4 &amp;&amp; wildList.indexOf(symbol) != -1): null

2019-08-24 13:05:16 - [TEST_STEP][PASSED] - symbols = symbols: null

2019-08-24 13:05:16 - [TEST_STEP][PASSED] - for ([j = 0, j &lt; symbols.size(), (j++)]): null

2019-08-24 13:05:16 - [TEST_STEP][PASSED] - symbol = symbol: null

2019-08-24 13:05:16 - [TEST_STEP][PASSED] - println(symbol): null

2019-08-24 13:05:16 - [TEST_STEP][PASSED] - if (i == 2 &amp;&amp; wildList.indexOf(symbol) != -1): null

2019-08-24 13:05:16 - [TEST_STEP][PASSED] - if (i == 3 &amp;&amp; wildList.indexOf(symbol) != -1): null

2019-08-24 13:05:16 - [TEST_STEP][PASSED] - if (i == 4 &amp;&amp; wildList.indexOf(symbol) != -1): null

2019-08-24 13:05:16 - [TEST_STEP][PASSED] - symbol = symbol: null

2019-08-24 13:05:16 - [TEST_STEP][PASSED] - println(symbol): null

2019-08-24 13:05:16 - [TEST_STEP][PASSED] - if (i == 2 &amp;&amp; wildList.indexOf(symbol) != -1): null

2019-08-24 13:05:16 - [TEST_STEP][PASSED] - if (i == 3 &amp;&amp; wildList.indexOf(symbol) != -1): null

2019-08-24 13:05:16 - [TEST_STEP][PASSED] - if (i == 4 &amp;&amp; wildList.indexOf(symbol) != -1): null

2019-08-24 13:05:16 - [TEST_STEP][PASSED] - symbol = symbol: null

2019-08-24 13:05:16 - [TEST_STEP][PASSED] - println(symbol): null

2019-08-24 13:05:16 - [TEST_STEP][PASSED] - if (i == 2 &amp;&amp; wildList.indexOf(symbol) != -1): null

2019-08-24 13:05:16 - [TEST_STEP][PASSED] - if (i == 3 &amp;&amp; wildList.indexOf(symbol) != -1): null

2019-08-24 13:05:16 - [TEST_STEP][PASSED] - if (i == 4 &amp;&amp; wildList.indexOf(symbol) != -1): null

2019-08-24 13:05:16 - [TEST_STEP][PASSED] - symbols = symbols: null

2019-08-24 13:05:16 - [TEST_STEP][PASSED] - for ([j = 0, j &lt; symbols.size(), (j++)]): null

2019-08-24 13:05:16 - [TEST_STEP][PASSED] - symbol = symbol: null

2019-08-24 13:05:16 - [TEST_STEP][PASSED] - println(symbol): null

2019-08-24 13:05:16 - [TEST_STEP][PASSED] - if (i == 2 &amp;&amp; wildList.indexOf(symbol) != -1): null

2019-08-24 13:05:16 - [TEST_STEP][PASSED] - if (i == 3 &amp;&amp; wildList.indexOf(symbol) != -1): null

2019-08-24 13:05:16 - [TEST_STEP][PASSED] - if (i == 4 &amp;&amp; wildList.indexOf(symbol) != -1): null

2019-08-24 13:05:16 - [TEST_STEP][PASSED] - symbol = symbol: null

2019-08-24 13:05:16 - [TEST_STEP][PASSED] - println(symbol): null

2019-08-24 13:05:16 - [TEST_STEP][PASSED] - if (i == 2 &amp;&amp; wildList.indexOf(symbol) != -1): null

2019-08-24 13:05:16 - [TEST_STEP][PASSED] - if (i == 3 &amp;&amp; wildList.indexOf(symbol) != -1): null

2019-08-24 13:05:16 - [TEST_STEP][PASSED] - if (i == 4 &amp;&amp; wildList.indexOf(symbol) != -1): null

2019-08-24 13:05:16 - [TEST_STEP][PASSED] - symbol = symbol: null

2019-08-24 13:05:16 - [TEST_STEP][PASSED] - println(symbol): null

2019-08-24 13:05:16 - [TEST_STEP][PASSED] - if (i == 2 &amp;&amp; wildList.indexOf(symbol) != -1): null

2019-08-24 13:05:16 - [TEST_STEP][PASSED] - if (i == 3 &amp;&amp; wildList.indexOf(symbol) != -1): null

2019-08-24 13:05:16 - [TEST_STEP][PASSED] - if (i == 4 &amp;&amp; wildList.indexOf(symbol) != -1): null

2019-08-24 13:05:16 - [TEST_STEP][PASSED] - symbols = symbols: null

2019-08-24 13:05:16 - [TEST_STEP][PASSED] - for ([j = 0, j &lt; symbols.size(), (j++)]): null

2019-08-24 13:05:16 - [TEST_STEP][PASSED] - symbol = symbol: null

2019-08-24 13:05:16 - [TEST_STEP][PASSED] - println(symbol): null

2019-08-24 13:05:16 - [TEST_STEP][PASSED] - if (i == 2 &amp;&amp; wildList.indexOf(symbol) != -1): null

2019-08-24 13:05:16 - [TEST_STEP][PASSED] - if (i == 3 &amp;&amp; wildList.indexOf(symbol) != -1): null

2019-08-24 13:05:16 - [TEST_STEP][PASSED] - if (i == 4 &amp;&amp; wildList.indexOf(symbol) != -1): null

2019-08-24 13:05:16 - [TEST_STEP][PASSED] - symbol = symbol: null

2019-08-24 13:05:16 - [TEST_STEP][PASSED] - println(symbol): null

2019-08-24 13:05:16 - [TEST_STEP][PASSED] - if (i == 2 &amp;&amp; wildList.indexOf(symbol) != -1): null

2019-08-24 13:05:16 - [TEST_STEP][PASSED] - if (i == 3 &amp;&amp; wildList.indexOf(symbol) != -1): null

2019-08-24 13:05:16 - [TEST_STEP][PASSED] - if (i == 4 &amp;&amp; wildList.indexOf(symbol) != -1): null

2019-08-24 13:05:16 - [TEST_STEP][PASSED] - println("wild found on reel 5, adding counter by 1"): null

2019-08-24 13:05:16 - [TEST_STEP][PASSED] - free_spin_reel_counter[2] = free_spin_reel_counter[2] + 1: null

2019-08-24 13:05:16 - [TEST_STEP][PASSED] - symbol = symbol: null

2019-08-24 13:05:16 - [TEST_STEP][PASSED] - println(symbol): null

2019-08-24 13:05:16 - [TEST_STEP][PASSED] - if (i == 2 &amp;&amp; wildList.indexOf(symbol) != -1): null

2019-08-24 13:05:16 - [TEST_STEP][PASSED] - if (i == 3 &amp;&amp; wildList.indexOf(symbol) != -1): null

2019-08-24 13:05:16 - [TEST_STEP][PASSED] - if (i == 4 &amp;&amp; wildList.indexOf(symbol) != -1): null

2019-08-24 13:05:16 - [TEST_STEP][PASSED] - free_spin_reel_counter = free_spin_reel_counter: null

2019-08-24 13:05:16 - [TEST_STEP][PASSED] - println("reel 3 wild found: " + free_spin_reel_counter[0]): null

2019-08-24 13:05:16 - [TEST_STEP][PASSED] - println("reel 4 wild found: " + free_spin_reel_counter[1]): null

2019-08-24 13:05:16 - [TEST_STEP][PASSED] - println("reel 5 wild found: " + free_spin_reel_counter[2]): null

2019-08-24 13:05:16 - [TEST_STEP][PASSED] - M4_spin_reels = M4_spin_reels: null

2019-08-24 13:05:16 - [TEST_STEP][PASSED] - M4_spin_reels_symbols = symbol: null

2019-08-24 13:05:16 - [TEST_STEP][PASSED] - M4_spin_reels_symbols = M4_spin_reels_symbols: null

2019-08-24 13:05:16 - [TEST_STEP][PASSED] - M4_spin_reel_wins = reel_wins: null

2019-08-24 13:05:16 - [TEST_STEP][PASSED] - M4_spin_reel_wins = M4_spin_reel_wins: null

2019-08-24 13:05:16 - [TEST_STEP][PASSED] - println("GlobalVariable.M4_spin_reel_wins is: " + M4_spin_reel_wins): null

2019-08-24 13:05:16 - [TEST_STEP][PASSED] - M4_spin_total_bonus_win_this_round = total_bonus_win_this_round: null

2019-08-24 13:05:16 - [TEST_STEP][PASSED] - M4_spin_total_bonus_win_this_round = M4_spin_total_bonus_win_this_round: null

2019-08-24 13:05:16 - [TEST_STEP][PASSED] - println("GlobalVariable.M4_spin_total_bonus_win_this_round is: " + M4_spin_total_bonus_win_this_round): null

2019-08-24 13:05:16 - [TEST_STEP][PASSED] - M4_spin_bonus_spin_result = spin_result: null

2019-08-24 13:05:16 - [TEST_STEP][PASSED] - M4_spin_bonus_spin_result = M4_spin_bonus_spin_result: null

2019-08-24 13:05:16 - [MESSAGE][PASSED] - Verify response successfully

2019-08-24 13:05:16 - [MESSAGE][PASSED] - Send request and verify the response successfully

2019-08-24 13:05:16 - [TEST_STEP][PASSED] - if (M4_total_bonus_spins_int != 0 &amp;&amp; M4_spin_reels_symbols[2].contains("WILD_Expanding")): null

2019-08-24 13:05:16 - [TEST_STEP][PASSED] - free_spin_reel_counter = free_spin_reel_counter: null

2019-08-24 13:05:16 - [TEST_STEP][PASSED] - M4_spin_reels_symbols = M4_spin_reels_symbols: null

2019-08-24 13:05:16 - [TEST_STEP][PASSED] - M4_total_bonus_spins = M4_total_bonus_spins: null

2019-08-24 13:05:16 - [TEST_STEP][PASSED] - spin_result = sendRequestAndVerify(findTestObject("INT/RGS(M4)/1_M4_spin", ["M4_login_user_id":M4_login_user_id, "rgs_session_token":rgs_session_token, "partner":Partner])): Send request and verify the response successfully

2019-08-24 13:05:16 - [MESSAGE][INFO] - HAR: /Users/eiralee/Katalon_Script/SuperWild/Reports/20190824_125957/INT/superWild_5/20190824_125957/requests/main/97.har

2019-08-24 13:05:16 - [TEST_CASE][PASSED] - Start Test Case : Verification: Verification accomplished successfully

2019-08-24 13:05:16 - [TEST_STEP][PASSED] - request = getInstance().getCurrentRequest(): null

2019-08-24 13:05:16 - [TEST_STEP][PASSED] - response = getInstance().getCurrentResponse(): null

2019-08-24 13:05:16 - [TEST_STEP][PASSED] - verifyResponseStatusCode(response, 200): Verify response status code successfully

2019-08-24 13:05:16 - [MESSAGE][PASSED] - Verify response status code successfully

2019-08-24 13:05:16 - [TEST_STEP][PASSED] - getStatusCode()).isEqualTo(200): null

2019-08-24 13:05:16 - [TEST_STEP][PASSED] - newline = System.getProperty("line.separator"): null

2019-08-24 13:05:16 - [TEST_STEP][PASSED] - M4_spin = new groovy.json.JsonSlurper(): null

2019-08-24 13:05:16 - [TEST_STEP][PASSED] - result_M4_spin = M4_spin.parseText(response.getResponseBodyContent()): null

2019-08-24 13:05:16 - [TEST_STEP][PASSED] - M4_spin_current_balance = current_balance: null

2019-08-24 13:05:16 - [TEST_STEP][PASSED] - M4_spin_current_balance = M4_spin_current_balance: null

2019-08-24 13:05:16 - [TEST_STEP][PASSED] - M4_spin_transaction_id = causality: null

2019-08-24 13:05:16 - [TEST_STEP][PASSED] - M4_spin_transaction_id = M4_spin_transaction_id: null

2019-08-24 13:05:16 - [TEST_STEP][PASSED] - M4_spin_round_id = round_id: null

2019-08-24 13:05:16 - [TEST_STEP][PASSED] - M4_spin_round_id = M4_spin_round_id: null

2019-08-24 13:05:16 - [TEST_STEP][PASSED] - M4_spin_line_wins = line_wins: null

2019-08-24 13:05:16 - [TEST_STEP][PASSED] - M4_spin_line_wins = M4_spin_line_wins: null

2019-08-24 13:05:16 - [TEST_STEP][PASSED] - M4_total_bonus_spins_int = total_bonus_spins: null

2019-08-24 13:05:16 - [TEST_STEP][PASSED] - println("******M4_total_bonus_spins type is:*******" + newline + getClass().getName()): null

2019-08-24 13:05:16 - [TEST_STEP][PASSED] - M4_total_bonus_spins_int = M4_total_bonus_spins_int: null

2019-08-24 13:05:16 - [TEST_STEP][PASSED] - M4_total_bonus_spins = Integer.toString(M4_total_bonus_spins_int): null

2019-08-24 13:05:16 - [TEST_STEP][PASSED] - M4_total_bonus_spins = M4_total_bonus_spins: null

2019-08-24 13:05:16 - [TEST_STEP][PASSED] - println("M4_total_bonus_spins is:" + M4_total_bonus_spins): null

2019-08-24 13:05:16 - [TEST_STEP][PASSED] - M4_spin_bonus_data = bonus_data: null

2019-08-24 13:05:16 - [TEST_STEP][PASSED] - M4_spin_features_triggered = result_M4_spin: null

2019-08-24 13:05:16 - [TEST_STEP][PASSED] - wild = []: null

2019-08-24 13:05:16 - [TEST_STEP][PASSED] - wild[0] = "WILD_Expanding": null

2019-08-24 13:05:16 - [TEST_STEP][PASSED] - wild[1] = "WILD_Normal": null

2019-08-24 13:05:16 - [TEST_STEP][PASSED] - wild[2] = "WILD_Double": null

2019-08-24 13:05:16 - [TEST_STEP][PASSED] - wild[3] = "WILD_ExtraFG": null

2019-08-24 13:05:16 - [TEST_STEP][PASSED] - wild[4] = "WILD_Triple": null

2019-08-24 13:05:16 - [TEST_STEP][PASSED] - wildList = Arrays.asList(wild): null

2019-08-24 13:05:16 - [TEST_STEP][PASSED] - wildList = wildList: null

2019-08-24 13:05:16 - [TEST_STEP][PASSED] - free_spin_reel_counter = []: null

2019-08-24 13:05:16 - [TEST_STEP][PASSED] - free_spin_reel_counter[0] = 0: null

2019-08-24 13:05:16 - [TEST_STEP][PASSED] - free_spin_reel_counter[1] = 0: null

2019-08-24 13:05:16 - [TEST_STEP][PASSED] - free_spin_reel_counter[2] = 0: null

2019-08-24 13:05:16 - [TEST_STEP][PASSED] - M4_spin_reels = reels: null

2019-08-24 13:05:16 - [TEST_STEP][PASSED] - for ([i = 0, i &lt; M4_spin_reels.size(), (i++)]): null

2019-08-24 13:05:16 - [TEST_STEP][PASSED] - symbols = symbols: null

2019-08-24 13:05:16 - [TEST_STEP][PASSED] - for ([j = 0, j &lt; symbols.size(), (j++)]): null

2019-08-24 13:05:16 - [TEST_STEP][PASSED] - symbol = symbol: null

2019-08-24 13:05:16 - [TEST_STEP][PASSED] - println(symbol): null

2019-08-24 13:05:16 - [TEST_STEP][PASSED] - if (i == 2 &amp;&amp; wildList.indexOf(symbol) != -1): null

2019-08-24 13:05:16 - [TEST_STEP][PASSED] - if (i == 3 &amp;&amp; wildList.indexOf(symbol) != -1): null

2019-08-24 13:05:16 - [TEST_STEP][PASSED] - if (i == 4 &amp;&amp; wildList.indexOf(symbol) != -1): null

2019-08-24 13:05:16 - [TEST_STEP][PASSED] - symbol = symbol: null

2019-08-24 13:05:16 - [TEST_STEP][PASSED] - println(symbol): null

2019-08-24 13:05:16 - [TEST_STEP][PASSED] - if (i == 2 &amp;&amp; wildList.indexOf(symbol) != -1): null

2019-08-24 13:05:16 - [TEST_STEP][PASSED] - if (i == 3 &amp;&amp; wildList.indexOf(symbol) != -1): null

2019-08-24 13:05:16 - [TEST_STEP][PASSED] - if (i == 4 &amp;&amp; wildList.indexOf(symbol) != -1): null

2019-08-24 13:05:16 - [TEST_STEP][PASSED] - symbol = symbol: null

2019-08-24 13:05:16 - [TEST_STEP][PASSED] - println(symbol): null

2019-08-24 13:05:16 - [TEST_STEP][PASSED] - if (i == 2 &amp;&amp; wildList.indexOf(symbol) != -1): null

2019-08-24 13:05:16 - [TEST_STEP][PASSED] - if (i == 3 &amp;&amp; wildList.indexOf(symbol) != -1): null

2019-08-24 13:05:16 - [TEST_STEP][PASSED] - if (i == 4 &amp;&amp; wildList.indexOf(symbol) != -1): null

2019-08-24 13:05:16 - [TEST_STEP][PASSED] - symbols = symbols: null

2019-08-24 13:05:16 - [TEST_STEP][PASSED] - for ([j = 0, j &lt; symbols.size(), (j++)]): null

2019-08-24 13:05:16 - [TEST_STEP][PASSED] - symbol = symbol: null

2019-08-24 13:05:16 - [TEST_STEP][PASSED] - println(symbol): null

2019-08-24 13:05:16 - [TEST_STEP][PASSED] - if (i == 2 &amp;&amp; wildList.indexOf(symbol) != -1): null

2019-08-24 13:05:16 - [TEST_STEP][PASSED] - if (i == 3 &amp;&amp; wildList.indexOf(symbol) != -1): null

2019-08-24 13:05:16 - [TEST_STEP][PASSED] - if (i == 4 &amp;&amp; wildList.indexOf(symbol) != -1): null

2019-08-24 13:05:16 - [TEST_STEP][PASSED] - symbol = symbol: null

2019-08-24 13:05:16 - [TEST_STEP][PASSED] - println(symbol): null

2019-08-24 13:05:16 - [TEST_STEP][PASSED] - if (i == 2 &amp;&amp; wildList.indexOf(symbol) != -1): null

2019-08-24 13:05:16 - [TEST_STEP][PASSED] - if (i == 3 &amp;&amp; wildList.indexOf(symbol) != -1): null

2019-08-24 13:05:16 - [TEST_STEP][PASSED] - if (i == 4 &amp;&amp; wildList.indexOf(symbol) != -1): null

2019-08-24 13:05:16 - [TEST_STEP][PASSED] - symbol = symbol: null

2019-08-24 13:05:16 - [TEST_STEP][PASSED] - println(symbol): null

2019-08-24 13:05:16 - [TEST_STEP][PASSED] - if (i == 2 &amp;&amp; wildList.indexOf(symbol) != -1): null

2019-08-24 13:05:16 - [TEST_STEP][PASSED] - if (i == 3 &amp;&amp; wildList.indexOf(symbol) != -1): null

2019-08-24 13:05:16 - [TEST_STEP][PASSED] - if (i == 4 &amp;&amp; wildList.indexOf(symbol) != -1): null

2019-08-24 13:05:16 - [TEST_STEP][PASSED] - symbols = symbols: null

2019-08-24 13:05:16 - [TEST_STEP][PASSED] - for ([j = 0, j &lt; symbols.size(), (j++)]): null

2019-08-24 13:05:16 - [TEST_STEP][PASSED] - symbol = symbol: null

2019-08-24 13:05:16 - [TEST_STEP][PASSED] - println(symbol): null

2019-08-24 13:05:16 - [TEST_STEP][PASSED] - if (i == 2 &amp;&amp; wildList.indexOf(symbol) != -1): null

2019-08-24 13:05:16 - [TEST_STEP][PASSED] - if (i == 3 &amp;&amp; wildList.indexOf(symbol) != -1): null

2019-08-24 13:05:16 - [TEST_STEP][PASSED] - if (i == 4 &amp;&amp; wildList.indexOf(symbol) != -1): null

2019-08-24 13:05:16 - [TEST_STEP][PASSED] - symbol = symbol: null

2019-08-24 13:05:16 - [TEST_STEP][PASSED] - println(symbol): null

2019-08-24 13:05:16 - [TEST_STEP][PASSED] - if (i == 2 &amp;&amp; wildList.indexOf(symbol) != -1): null

2019-08-24 13:05:16 - [TEST_STEP][PASSED] - if (i == 3 &amp;&amp; wildList.indexOf(symbol) != -1): null

2019-08-24 13:05:16 - [TEST_STEP][PASSED] - if (i == 4 &amp;&amp; wildList.indexOf(symbol) != -1): null

2019-08-24 13:05:16 - [TEST_STEP][PASSED] - symbol = symbol: null

2019-08-24 13:05:16 - [TEST_STEP][PASSED] - println(symbol): null

2019-08-24 13:05:16 - [TEST_STEP][PASSED] - if (i == 2 &amp;&amp; wildList.indexOf(symbol) != -1): null

2019-08-24 13:05:16 - [TEST_STEP][PASSED] - if (i == 3 &amp;&amp; wildList.indexOf(symbol) != -1): null

2019-08-24 13:05:16 - [TEST_STEP][PASSED] - if (i == 4 &amp;&amp; wildList.indexOf(symbol) != -1): null

2019-08-24 13:05:16 - [TEST_STEP][PASSED] - symbols = symbols: null

2019-08-24 13:05:16 - [TEST_STEP][PASSED] - for ([j = 0, j &lt; symbols.size(), (j++)]): null

2019-08-24 13:05:16 - [TEST_STEP][PASSED] - symbol = symbol: null

2019-08-24 13:05:16 - [TEST_STEP][PASSED] - println(symbol): null

2019-08-24 13:05:16 - [TEST_STEP][PASSED] - if (i == 2 &amp;&amp; wildList.indexOf(symbol) != -1): null

2019-08-24 13:05:16 - [TEST_STEP][PASSED] - if (i == 3 &amp;&amp; wildList.indexOf(symbol) != -1): null

2019-08-24 13:05:16 - [TEST_STEP][PASSED] - if (i == 4 &amp;&amp; wildList.indexOf(symbol) != -1): null

2019-08-24 13:05:16 - [TEST_STEP][PASSED] - symbol = symbol: null

2019-08-24 13:05:16 - [TEST_STEP][PASSED] - println(symbol): null

2019-08-24 13:05:16 - [TEST_STEP][PASSED] - if (i == 2 &amp;&amp; wildList.indexOf(symbol) != -1): null

2019-08-24 13:05:16 - [TEST_STEP][PASSED] - if (i == 3 &amp;&amp; wildList.indexOf(symbol) != -1): null

2019-08-24 13:05:16 - [TEST_STEP][PASSED] - if (i == 4 &amp;&amp; wildList.indexOf(symbol) != -1): null

2019-08-24 13:05:16 - [TEST_STEP][PASSED] - symbol = symbol: null

2019-08-24 13:05:16 - [TEST_STEP][PASSED] - println(symbol): null

2019-08-24 13:05:16 - [TEST_STEP][PASSED] - if (i == 2 &amp;&amp; wildList.indexOf(symbol) != -1): null

2019-08-24 13:05:16 - [TEST_STEP][PASSED] - if (i == 3 &amp;&amp; wildList.indexOf(symbol) != -1): null

2019-08-24 13:05:16 - [TEST_STEP][PASSED] - if (i == 4 &amp;&amp; wildList.indexOf(symbol) != -1): null

2019-08-24 13:05:16 - [TEST_STEP][PASSED] - symbols = symbols: null

2019-08-24 13:05:16 - [TEST_STEP][PASSED] - for ([j = 0, j &lt; symbols.size(), (j++)]): null

2019-08-24 13:05:16 - [TEST_STEP][PASSED] - symbol = symbol: null

2019-08-24 13:05:16 - [TEST_STEP][PASSED] - println(symbol): null

2019-08-24 13:05:16 - [TEST_STEP][PASSED] - if (i == 2 &amp;&amp; wildList.indexOf(symbol) != -1): null

2019-08-24 13:05:16 - [TEST_STEP][PASSED] - if (i == 3 &amp;&amp; wildList.indexOf(symbol) != -1): null

2019-08-24 13:05:16 - [TEST_STEP][PASSED] - if (i == 4 &amp;&amp; wildList.indexOf(symbol) != -1): null

2019-08-24 13:05:16 - [TEST_STEP][PASSED] - symbol = symbol: null

2019-08-24 13:05:16 - [TEST_STEP][PASSED] - println(symbol): null

2019-08-24 13:05:16 - [TEST_STEP][PASSED] - if (i == 2 &amp;&amp; wildList.indexOf(symbol) != -1): null

2019-08-24 13:05:16 - [TEST_STEP][PASSED] - if (i == 3 &amp;&amp; wildList.indexOf(symbol) != -1): null

2019-08-24 13:05:16 - [TEST_STEP][PASSED] - if (i == 4 &amp;&amp; wildList.indexOf(symbol) != -1): null

2019-08-24 13:05:16 - [TEST_STEP][PASSED] - symbol = symbol: null

2019-08-24 13:05:16 - [TEST_STEP][PASSED] - println(symbol): null

2019-08-24 13:05:16 - [TEST_STEP][PASSED] - if (i == 2 &amp;&amp; wildList.indexOf(symbol) != -1): null

2019-08-24 13:05:16 - [TEST_STEP][PASSED] - if (i == 3 &amp;&amp; wildList.indexOf(symbol) != -1): null

2019-08-24 13:05:16 - [TEST_STEP][PASSED] - if (i == 4 &amp;&amp; wildList.indexOf(symbol) != -1): null

2019-08-24 13:05:16 - [TEST_STEP][PASSED] - free_spin_reel_counter = free_spin_reel_counter: null

2019-08-24 13:05:16 - [TEST_STEP][PASSED] - println("reel 3 wild found: " + free_spin_reel_counter[0]): null

2019-08-24 13:05:16 - [TEST_STEP][PASSED] - println("reel 4 wild found: " + free_spin_reel_counter[1]): null

2019-08-24 13:05:16 - [TEST_STEP][PASSED] - println("reel 5 wild found: " + free_spin_reel_counter[2]): null

2019-08-24 13:05:16 - [TEST_STEP][PASSED] - M4_spin_reels = M4_spin_reels: null

2019-08-24 13:05:16 - [TEST_STEP][PASSED] - M4_spin_reels_symbols = symbol: null

2019-08-24 13:05:16 - [TEST_STEP][PASSED] - M4_spin_reels_symbols = M4_spin_reels_symbols: null

2019-08-24 13:05:16 - [TEST_STEP][PASSED] - M4_spin_reel_wins = reel_wins: null

2019-08-24 13:05:16 - [TEST_STEP][PASSED] - M4_spin_reel_wins = M4_spin_reel_wins: null

2019-08-24 13:05:16 - [TEST_STEP][PASSED] - println("GlobalVariable.M4_spin_reel_wins is: " + M4_spin_reel_wins): null

2019-08-24 13:05:16 - [TEST_STEP][PASSED] - M4_spin_total_bonus_win_this_round = total_bonus_win_this_round: null

2019-08-24 13:05:16 - [TEST_STEP][PASSED] - M4_spin_total_bonus_win_this_round = M4_spin_total_bonus_win_this_round: null

2019-08-24 13:05:16 - [TEST_STEP][PASSED] - println("GlobalVariable.M4_spin_total_bonus_win_this_round is: " + M4_spin_total_bonus_win_this_round): null

2019-08-24 13:05:16 - [TEST_STEP][PASSED] - M4_spin_bonus_spin_result = spin_result: null

2019-08-24 13:05:16 - [TEST_STEP][PASSED] - M4_spin_bonus_spin_result = M4_spin_bonus_spin_result: null

2019-08-24 13:05:16 - [MESSAGE][PASSED] - Verify response successfully

2019-08-24 13:05:16 - [MESSAGE][PASSED] - Send request and verify the response successfully

2019-08-24 13:05:16 - [TEST_STEP][PASSED] - if (M4_total_bonus_spins_int != 0 &amp;&amp; M4_spin_reels_symbols[2].contains("WILD_Expanding")): null

2019-08-24 13:05:16 - [TEST_STEP][PASSED] - free_spin_reel_counter = free_spin_reel_counter: null

2019-08-24 13:05:16 - [TEST_STEP][PASSED] - M4_spin_reels_symbols = M4_spin_reels_symbols: null

2019-08-24 13:05:16 - [TEST_STEP][PASSED] - M4_total_bonus_spins = M4_total_bonus_spins: null

2019-08-24 13:05:16 - [TEST_STEP][PASSED] - spin_result = sendRequestAndVerify(findTestObject("INT/RGS(M4)/1_M4_spin", ["M4_login_user_id":M4_login_user_id, "rgs_session_token":rgs_session_token, "partner":Partner])): Send request and verify the response successfully

2019-08-24 13:05:16 - [MESSAGE][INFO] - HAR: /Users/eiralee/Katalon_Script/SuperWild/Reports/20190824_125957/INT/superWild_5/20190824_125957/requests/main/98.har

2019-08-24 13:05:16 - [TEST_CASE][PASSED] - Start Test Case : Verification: Verification accomplished successfully

2019-08-24 13:05:16 - [TEST_STEP][PASSED] - request = getInstance().getCurrentRequest(): null

2019-08-24 13:05:17 - [TEST_STEP][PASSED] - response = getInstance().getCurrentResponse(): null

2019-08-24 13:05:17 - [TEST_STEP][PASSED] - verifyResponseStatusCode(response, 200): Verify response status code successfully

2019-08-24 13:05:17 - [MESSAGE][PASSED] - Verify response status code successfully

2019-08-24 13:05:17 - [TEST_STEP][PASSED] - getStatusCode()).isEqualTo(200): null

2019-08-24 13:05:17 - [TEST_STEP][PASSED] - newline = System.getProperty("line.separator"): null

2019-08-24 13:05:17 - [TEST_STEP][PASSED] - M4_spin = new groovy.json.JsonSlurper(): null

2019-08-24 13:05:17 - [TEST_STEP][PASSED] - result_M4_spin = M4_spin.parseText(response.getResponseBodyContent()): null

2019-08-24 13:05:17 - [TEST_STEP][PASSED] - M4_spin_current_balance = current_balance: null

2019-08-24 13:05:17 - [TEST_STEP][PASSED] - M4_spin_current_balance = M4_spin_current_balance: null

2019-08-24 13:05:17 - [TEST_STEP][PASSED] - M4_spin_transaction_id = causality: null

2019-08-24 13:05:17 - [TEST_STEP][PASSED] - M4_spin_transaction_id = M4_spin_transaction_id: null

2019-08-24 13:05:17 - [TEST_STEP][PASSED] - M4_spin_round_id = round_id: null

2019-08-24 13:05:17 - [TEST_STEP][PASSED] - M4_spin_round_id = M4_spin_round_id: null

2019-08-24 13:05:17 - [TEST_STEP][PASSED] - M4_spin_line_wins = line_wins: null

2019-08-24 13:05:17 - [TEST_STEP][PASSED] - M4_spin_line_wins = M4_spin_line_wins: null

2019-08-24 13:05:17 - [TEST_STEP][PASSED] - M4_total_bonus_spins_int = total_bonus_spins: null

2019-08-24 13:05:17 - [TEST_STEP][PASSED] - println("******M4_total_bonus_spins type is:*******" + newline + getClass().getName()): null

2019-08-24 13:05:17 - [TEST_STEP][PASSED] - M4_total_bonus_spins_int = M4_total_bonus_spins_int: null

2019-08-24 13:05:17 - [TEST_STEP][PASSED] - M4_total_bonus_spins = Integer.toString(M4_total_bonus_spins_int): null

2019-08-24 13:05:17 - [TEST_STEP][PASSED] - M4_total_bonus_spins = M4_total_bonus_spins: null

2019-08-24 13:05:17 - [TEST_STEP][PASSED] - println("M4_total_bonus_spins is:" + M4_total_bonus_spins): null

2019-08-24 13:05:17 - [TEST_STEP][PASSED] - M4_spin_bonus_data = bonus_data: null

2019-08-24 13:05:17 - [TEST_STEP][PASSED] - M4_spin_features_triggered = result_M4_spin: null

2019-08-24 13:05:17 - [TEST_STEP][PASSED] - wild = []: null

2019-08-24 13:05:17 - [TEST_STEP][PASSED] - wild[0] = "WILD_Expanding": null

2019-08-24 13:05:17 - [TEST_STEP][PASSED] - wild[1] = "WILD_Normal": null

2019-08-24 13:05:17 - [TEST_STEP][PASSED] - wild[2] = "WILD_Double": null

2019-08-24 13:05:20 - [TEST_STEP][PASSED] - wild[3] = "WILD_ExtraFG": null

2019-08-24 13:05:20 - [TEST_STEP][PASSED] - wild[4] = "WILD_Triple": null

2019-08-24 13:05:20 - [TEST_STEP][PASSED] - wildList = Arrays.asList(wild): null

2019-08-24 13:05:20 - [TEST_STEP][PASSED] - wildList = wildList: null

2019-08-24 13:05:20 - [TEST_STEP][PASSED] - free_spin_reel_counter = []: null

2019-08-24 13:05:20 - [TEST_STEP][PASSED] - free_spin_reel_counter[0] = 0: null

2019-08-24 13:05:20 - [TEST_STEP][PASSED] - free_spin_reel_counter[1] = 0: null

2019-08-24 13:05:20 - [TEST_STEP][PASSED] - free_spin_reel_counter[2] = 0: null

2019-08-24 13:05:20 - [TEST_STEP][PASSED] - M4_spin_reels = reels: null

2019-08-24 13:05:20 - [TEST_STEP][PASSED] - for ([i = 0, i &lt; M4_spin_reels.size(), (i++)]): null

2019-08-24 13:05:20 - [TEST_STEP][PASSED] - symbols = symbols: null

2019-08-24 13:05:20 - [TEST_STEP][PASSED] - for ([j = 0, j &lt; symbols.size(), (j++)]): null

2019-08-24 13:05:20 - [TEST_STEP][PASSED] - symbol = symbol: null

2019-08-24 13:05:20 - [TEST_STEP][PASSED] - println(symbol): null

2019-08-24 13:05:20 - [TEST_STEP][PASSED] - if (i == 2 &amp;&amp; wildList.indexOf(symbol) != -1): null

2019-08-24 13:05:20 - [TEST_STEP][PASSED] - if (i == 3 &amp;&amp; wildList.indexOf(symbol) != -1): null

2019-08-24 13:05:20 - [TEST_STEP][PASSED] - if (i == 4 &amp;&amp; wildList.indexOf(symbol) != -1): null

2019-08-24 13:05:20 - [TEST_STEP][PASSED] - symbol = symbol: null

2019-08-24 13:05:20 - [TEST_STEP][PASSED] - println(symbol): null

2019-08-24 13:05:20 - [TEST_STEP][PASSED] - if (i == 2 &amp;&amp; wildList.indexOf(symbol) != -1): null

2019-08-24 13:05:20 - [TEST_STEP][PASSED] - if (i == 3 &amp;&amp; wildList.indexOf(symbol) != -1): null

2019-08-24 13:05:20 - [TEST_STEP][PASSED] - if (i == 4 &amp;&amp; wildList.indexOf(symbol) != -1): null

2019-08-24 13:05:20 - [TEST_STEP][PASSED] - symbol = symbol: null

2019-08-24 13:05:20 - [TEST_STEP][PASSED] - println(symbol): null

2019-08-24 13:05:20 - [TEST_STEP][PASSED] - if (i == 2 &amp;&amp; wildList.indexOf(symbol) != -1): null

2019-08-24 13:05:20 - [TEST_STEP][PASSED] - if (i == 3 &amp;&amp; wildList.indexOf(symbol) != -1): null

2019-08-24 13:05:20 - [TEST_STEP][PASSED] - if (i == 4 &amp;&amp; wildList.indexOf(symbol) != -1): null

2019-08-24 13:05:20 - [TEST_STEP][PASSED] - symbols = symbols: null

2019-08-24 13:05:20 - [TEST_STEP][PASSED] - for ([j = 0, j &lt; symbols.size(), (j++)]): null

2019-08-24 13:05:20 - [TEST_STEP][PASSED] - symbol = symbol: null

2019-08-24 13:05:20 - [TEST_STEP][PASSED] - println(symbol): null

2019-08-24 13:05:20 - [TEST_STEP][PASSED] - if (i == 2 &amp;&amp; wildList.indexOf(symbol) != -1): null

2019-08-24 13:05:20 - [TEST_STEP][PASSED] - if (i == 3 &amp;&amp; wildList.indexOf(symbol) != -1): null

2019-08-24 13:05:20 - [TEST_STEP][PASSED] - if (i == 4 &amp;&amp; wildList.indexOf(symbol) != -1): null

2019-08-24 13:05:20 - [TEST_STEP][PASSED] - symbol = symbol: null

2019-08-24 13:05:20 - [TEST_STEP][PASSED] - println(symbol): null

2019-08-24 13:05:20 - [TEST_STEP][PASSED] - if (i == 2 &amp;&amp; wildList.indexOf(symbol) != -1): null

2019-08-24 13:05:20 - [TEST_STEP][PASSED] - if (i == 3 &amp;&amp; wildList.indexOf(symbol) != -1): null

2019-08-24 13:05:20 - [TEST_STEP][PASSED] - if (i == 4 &amp;&amp; wildList.indexOf(symbol) != -1): null

2019-08-24 13:05:20 - [TEST_STEP][PASSED] - symbol = symbol: null

2019-08-24 13:05:20 - [TEST_STEP][PASSED] - println(symbol): null

2019-08-24 13:05:20 - [TEST_STEP][PASSED] - if (i == 2 &amp;&amp; wildList.indexOf(symbol) != -1): null

2019-08-24 13:05:20 - [TEST_STEP][PASSED] - if (i == 3 &amp;&amp; wildList.indexOf(symbol) != -1): null

2019-08-24 13:05:20 - [TEST_STEP][PASSED] - if (i == 4 &amp;&amp; wildList.indexOf(symbol) != -1): null

2019-08-24 13:05:20 - [TEST_STEP][PASSED] - symbols = symbols: null

2019-08-24 13:05:20 - [TEST_STEP][PASSED] - for ([j = 0, j &lt; symbols.size(), (j++)]): null

2019-08-24 13:05:20 - [TEST_STEP][PASSED] - symbol = symbol: null

2019-08-24 13:05:20 - [TEST_STEP][PASSED] - println(symbol): null

2019-08-24 13:05:20 - [TEST_STEP][PASSED] - if (i == 2 &amp;&amp; wildList.indexOf(symbol) != -1): null

2019-08-24 13:05:20 - [TEST_STEP][PASSED] - if (i == 3 &amp;&amp; wildList.indexOf(symbol) != -1): null

2019-08-24 13:05:20 - [TEST_STEP][PASSED] - if (i == 4 &amp;&amp; wildList.indexOf(symbol) != -1): null

2019-08-24 13:05:20 - [TEST_STEP][PASSED] - symbol = symbol: null

2019-08-24 13:05:20 - [TEST_STEP][PASSED] - println(symbol): null

2019-08-24 13:05:20 - [TEST_STEP][PASSED] - if (i == 2 &amp;&amp; wildList.indexOf(symbol) != -1): null

2019-08-24 13:05:20 - [TEST_STEP][PASSED] - if (i == 3 &amp;&amp; wildList.indexOf(symbol) != -1): null

2019-08-24 13:05:20 - [TEST_STEP][PASSED] - if (i == 4 &amp;&amp; wildList.indexOf(symbol) != -1): null

2019-08-24 13:05:20 - [TEST_STEP][PASSED] - symbol = symbol: null

2019-08-24 13:05:20 - [TEST_STEP][PASSED] - println(symbol): null

2019-08-24 13:05:20 - [TEST_STEP][PASSED] - if (i == 2 &amp;&amp; wildList.indexOf(symbol) != -1): null

2019-08-24 13:05:20 - [TEST_STEP][PASSED] - if (i == 3 &amp;&amp; wildList.indexOf(symbol) != -1): null

2019-08-24 13:05:20 - [TEST_STEP][PASSED] - if (i == 4 &amp;&amp; wildList.indexOf(symbol) != -1): null

2019-08-24 13:05:20 - [TEST_STEP][PASSED] - symbols = symbols: null

2019-08-24 13:05:20 - [TEST_STEP][PASSED] - for ([j = 0, j &lt; symbols.size(), (j++)]): null

2019-08-24 13:05:20 - [TEST_STEP][PASSED] - symbol = symbol: null

2019-08-24 13:05:20 - [TEST_STEP][PASSED] - println(symbol): null

2019-08-24 13:05:20 - [TEST_STEP][PASSED] - if (i == 2 &amp;&amp; wildList.indexOf(symbol) != -1): null

2019-08-24 13:05:20 - [TEST_STEP][PASSED] - if (i == 3 &amp;&amp; wildList.indexOf(symbol) != -1): null

2019-08-24 13:05:20 - [TEST_STEP][PASSED] - if (i == 4 &amp;&amp; wildList.indexOf(symbol) != -1): null

2019-08-24 13:05:20 - [TEST_STEP][PASSED] - symbol = symbol: null

2019-08-24 13:05:20 - [TEST_STEP][PASSED] - println(symbol): null

2019-08-24 13:05:20 - [TEST_STEP][PASSED] - if (i == 2 &amp;&amp; wildList.indexOf(symbol) != -1): null

2019-08-24 13:05:20 - [TEST_STEP][PASSED] - if (i == 3 &amp;&amp; wildList.indexOf(symbol) != -1): null

2019-08-24 13:05:20 - [TEST_STEP][PASSED] - if (i == 4 &amp;&amp; wildList.indexOf(symbol) != -1): null

2019-08-24 13:05:20 - [TEST_STEP][PASSED] - symbol = symbol: null

2019-08-24 13:05:20 - [TEST_STEP][PASSED] - println(symbol): null

2019-08-24 13:05:20 - [TEST_STEP][PASSED] - if (i == 2 &amp;&amp; wildList.indexOf(symbol) != -1): null

2019-08-24 13:05:20 - [TEST_STEP][PASSED] - if (i == 3 &amp;&amp; wildList.indexOf(symbol) != -1): null

2019-08-24 13:05:20 - [TEST_STEP][PASSED] - if (i == 4 &amp;&amp; wildList.indexOf(symbol) != -1): null

2019-08-24 13:05:20 - [TEST_STEP][PASSED] - symbols = symbols: null

2019-08-24 13:05:20 - [TEST_STEP][PASSED] - for ([j = 0, j &lt; symbols.size(), (j++)]): null

2019-08-24 13:05:20 - [TEST_STEP][PASSED] - symbol = symbol: null

2019-08-24 13:05:20 - [TEST_STEP][PASSED] - println(symbol): null

2019-08-24 13:05:20 - [TEST_STEP][PASSED] - if (i == 2 &amp;&amp; wildList.indexOf(symbol) != -1): null

2019-08-24 13:05:20 - [TEST_STEP][PASSED] - if (i == 3 &amp;&amp; wildList.indexOf(symbol) != -1): null

2019-08-24 13:05:20 - [TEST_STEP][PASSED] - if (i == 4 &amp;&amp; wildList.indexOf(symbol) != -1): null

2019-08-24 13:05:20 - [TEST_STEP][PASSED] - symbol = symbol: null

2019-08-24 13:05:20 - [TEST_STEP][PASSED] - println(symbol): null

2019-08-24 13:05:20 - [TEST_STEP][PASSED] - if (i == 2 &amp;&amp; wildList.indexOf(symbol) != -1): null

2019-08-24 13:05:20 - [TEST_STEP][PASSED] - if (i == 3 &amp;&amp; wildList.indexOf(symbol) != -1): null

2019-08-24 13:05:20 - [TEST_STEP][PASSED] - if (i == 4 &amp;&amp; wildList.indexOf(symbol) != -1): null

2019-08-24 13:05:20 - [TEST_STEP][PASSED] - println("wild found on reel 5, adding counter by 1"): null

2019-08-24 13:05:20 - [TEST_STEP][PASSED] - free_spin_reel_counter[2] = free_spin_reel_counter[2] + 1: null

2019-08-24 13:05:20 - [TEST_STEP][PASSED] - symbol = symbol: null

2019-08-24 13:05:20 - [TEST_STEP][PASSED] - println(symbol): null

2019-08-24 13:05:20 - [TEST_STEP][PASSED] - if (i == 2 &amp;&amp; wildList.indexOf(symbol) != -1): null

2019-08-24 13:05:20 - [TEST_STEP][PASSED] - if (i == 3 &amp;&amp; wildList.indexOf(symbol) != -1): null

2019-08-24 13:05:20 - [TEST_STEP][PASSED] - if (i == 4 &amp;&amp; wildList.indexOf(symbol) != -1): null

2019-08-24 13:05:20 - [TEST_STEP][PASSED] - free_spin_reel_counter = free_spin_reel_counter: null

2019-08-24 13:05:20 - [TEST_STEP][PASSED] - println("reel 3 wild found: " + free_spin_reel_counter[0]): null

2019-08-24 13:05:20 - [TEST_STEP][PASSED] - println("reel 4 wild found: " + free_spin_reel_counter[1]): null

2019-08-24 13:05:20 - [TEST_STEP][PASSED] - println("reel 5 wild found: " + free_spin_reel_counter[2]): null

2019-08-24 13:05:20 - [TEST_STEP][PASSED] - M4_spin_reels = M4_spin_reels: null

2019-08-24 13:05:20 - [TEST_STEP][PASSED] - M4_spin_reels_symbols = symbol: null

2019-08-24 13:05:20 - [TEST_STEP][PASSED] - M4_spin_reels_symbols = M4_spin_reels_symbols: null

2019-08-24 13:05:20 - [TEST_STEP][PASSED] - M4_spin_reel_wins = reel_wins: null

2019-08-24 13:05:20 - [TEST_STEP][PASSED] - M4_spin_reel_wins = M4_spin_reel_wins: null

2019-08-24 13:05:20 - [TEST_STEP][PASSED] - println("GlobalVariable.M4_spin_reel_wins is: " + M4_spin_reel_wins): null

2019-08-24 13:05:20 - [TEST_STEP][PASSED] - M4_spin_total_bonus_win_this_round = total_bonus_win_this_round: null

2019-08-24 13:05:20 - [TEST_STEP][PASSED] - M4_spin_total_bonus_win_this_round = M4_spin_total_bonus_win_this_round: null

2019-08-24 13:05:20 - [TEST_STEP][PASSED] - println("GlobalVariable.M4_spin_total_bonus_win_this_round is: " + M4_spin_total_bonus_win_this_round): null

2019-08-24 13:05:20 - [TEST_STEP][PASSED] - M4_spin_bonus_spin_result = spin_result: null

2019-08-24 13:05:20 - [TEST_STEP][PASSED] - M4_spin_bonus_spin_result = M4_spin_bonus_spin_result: null

2019-08-24 13:05:20 - [MESSAGE][PASSED] - Verify response successfully

2019-08-24 13:05:20 - [MESSAGE][PASSED] - Send request and verify the response successfully

2019-08-24 13:05:20 - [TEST_STEP][PASSED] - if (M4_total_bonus_spins_int != 0 &amp;&amp; M4_spin_reels_symbols[2].contains("WILD_Expanding")): null

2019-08-24 13:05:20 - [TEST_STEP][PASSED] - free_spin_reel_counter = free_spin_reel_counter: null

2019-08-24 13:05:20 - [TEST_STEP][PASSED] - M4_spin_reels_symbols = M4_spin_reels_symbols: null

2019-08-24 13:05:20 - [TEST_STEP][PASSED] - M4_total_bonus_spins = M4_total_bonus_spins: null

2019-08-24 13:05:20 - [TEST_STEP][PASSED] - spin_result = sendRequestAndVerify(findTestObject("INT/RGS(M4)/1_M4_spin", ["M4_login_user_id":M4_login_user_id, "rgs_session_token":rgs_session_token, "partner":Partner])): Send request and verify the response successfully

2019-08-24 13:05:21 - [MESSAGE][INFO] - HAR: /Users/eiralee/Katalon_Script/SuperWild/Reports/20190824_125957/INT/superWild_5/20190824_125957/requests/main/99.har

2019-08-24 13:05:21 - [TEST_CASE][PASSED] - Start Test Case : Verification: Verification accomplished successfully

2019-08-24 13:05:21 - [TEST_STEP][PASSED] - request = getInstance().getCurrentRequest(): null

2019-08-24 13:05:21 - [TEST_STEP][PASSED] - response = getInstance().getCurrentResponse(): null

2019-08-24 13:05:21 - [TEST_STEP][PASSED] - verifyResponseStatusCode(response, 200): Verify response status code successfully

2019-08-24 13:05:21 - [MESSAGE][PASSED] - Verify response status code successfully

2019-08-24 13:05:21 - [TEST_STEP][PASSED] - getStatusCode()).isEqualTo(200): null

2019-08-24 13:05:21 - [TEST_STEP][PASSED] - newline = System.getProperty("line.separator"): null

2019-08-24 13:05:21 - [TEST_STEP][PASSED] - M4_spin = new groovy.json.JsonSlurper(): null

2019-08-24 13:05:21 - [TEST_STEP][PASSED] - result_M4_spin = M4_spin.parseText(response.getResponseBodyContent()): null

2019-08-24 13:05:21 - [TEST_STEP][PASSED] - M4_spin_current_balance = current_balance: null

2019-08-24 13:05:21 - [TEST_STEP][PASSED] - M4_spin_current_balance = M4_spin_current_balance: null

2019-08-24 13:05:21 - [TEST_STEP][PASSED] - M4_spin_transaction_id = causality: null

2019-08-24 13:05:21 - [TEST_STEP][PASSED] - M4_spin_transaction_id = M4_spin_transaction_id: null

2019-08-24 13:05:21 - [TEST_STEP][PASSED] - M4_spin_round_id = round_id: null

2019-08-24 13:05:21 - [TEST_STEP][PASSED] - M4_spin_round_id = M4_spin_round_id: null

2019-08-24 13:05:21 - [TEST_STEP][PASSED] - M4_spin_line_wins = line_wins: null

2019-08-24 13:05:21 - [TEST_STEP][PASSED] - M4_spin_line_wins = M4_spin_line_wins: null

2019-08-24 13:05:21 - [TEST_STEP][PASSED] - M4_total_bonus_spins_int = total_bonus_spins: null

2019-08-24 13:05:21 - [TEST_STEP][PASSED] - println("******M4_total_bonus_spins type is:*******" + newline + getClass().getName()): null

2019-08-24 13:05:21 - [TEST_STEP][PASSED] - M4_total_bonus_spins_int = M4_total_bonus_spins_int: null

2019-08-24 13:05:21 - [TEST_STEP][PASSED] - M4_total_bonus_spins = Integer.toString(M4_total_bonus_spins_int): null

2019-08-24 13:05:21 - [TEST_STEP][PASSED] - M4_total_bonus_spins = M4_total_bonus_spins: null

2019-08-24 13:05:21 - [TEST_STEP][PASSED] - println("M4_total_bonus_spins is:" + M4_total_bonus_spins): null

2019-08-24 13:05:21 - [TEST_STEP][PASSED] - M4_spin_bonus_data = bonus_data: null

2019-08-24 13:05:21 - [TEST_STEP][PASSED] - M4_spin_features_triggered = result_M4_spin: null

2019-08-24 13:05:21 - [TEST_STEP][PASSED] - wild = []: null

2019-08-24 13:05:21 - [TEST_STEP][PASSED] - wild[0] = "WILD_Expanding": null

2019-08-24 13:05:21 - [TEST_STEP][PASSED] - wild[1] = "WILD_Normal": null

2019-08-24 13:05:21 - [TEST_STEP][PASSED] - wild[2] = "WILD_Double": null

2019-08-24 13:05:21 - [TEST_STEP][PASSED] - wild[3] = "WILD_ExtraFG": null

2019-08-24 13:05:21 - [TEST_STEP][PASSED] - wild[4] = "WILD_Triple": null

2019-08-24 13:05:21 - [TEST_STEP][PASSED] - wildList = Arrays.asList(wild): null

2019-08-24 13:05:21 - [TEST_STEP][PASSED] - wildList = wildList: null

2019-08-24 13:05:21 - [TEST_STEP][PASSED] - free_spin_reel_counter = []: null

2019-08-24 13:05:21 - [TEST_STEP][PASSED] - free_spin_reel_counter[0] = 0: null

2019-08-24 13:05:21 - [TEST_STEP][PASSED] - free_spin_reel_counter[1] = 0: null

2019-08-24 13:05:21 - [TEST_STEP][PASSED] - free_spin_reel_counter[2] = 0: null

2019-08-24 13:05:21 - [TEST_STEP][PASSED] - M4_spin_reels = reels: null

2019-08-24 13:05:21 - [TEST_STEP][PASSED] - for ([i = 0, i &lt; M4_spin_reels.size(), (i++)]): null

2019-08-24 13:05:21 - [TEST_STEP][PASSED] - symbols = symbols: null

2019-08-24 13:05:21 - [TEST_STEP][PASSED] - for ([j = 0, j &lt; symbols.size(), (j++)]): null

2019-08-24 13:05:21 - [TEST_STEP][PASSED] - symbol = symbol: null

2019-08-24 13:05:21 - [TEST_STEP][PASSED] - println(symbol): null

2019-08-24 13:05:21 - [TEST_STEP][PASSED] - if (i == 2 &amp;&amp; wildList.indexOf(symbol) != -1): null

2019-08-24 13:05:21 - [TEST_STEP][PASSED] - if (i == 3 &amp;&amp; wildList.indexOf(symbol) != -1): null

2019-08-24 13:05:21 - [TEST_STEP][PASSED] - if (i == 4 &amp;&amp; wildList.indexOf(symbol) != -1): null

2019-08-24 13:05:21 - [TEST_STEP][PASSED] - symbol = symbol: null

2019-08-24 13:05:21 - [TEST_STEP][PASSED] - println(symbol): null

2019-08-24 13:05:21 - [TEST_STEP][PASSED] - if (i == 2 &amp;&amp; wildList.indexOf(symbol) != -1): null

2019-08-24 13:05:21 - [TEST_STEP][PASSED] - if (i == 3 &amp;&amp; wildList.indexOf(symbol) != -1): null

2019-08-24 13:05:21 - [TEST_STEP][PASSED] - if (i == 4 &amp;&amp; wildList.indexOf(symbol) != -1): null

2019-08-24 13:05:21 - [TEST_STEP][PASSED] - symbol = symbol: null

2019-08-24 13:05:21 - [TEST_STEP][PASSED] - println(symbol): null

2019-08-24 13:05:21 - [TEST_STEP][PASSED] - if (i == 2 &amp;&amp; wildList.indexOf(symbol) != -1): null

2019-08-24 13:05:21 - [TEST_STEP][PASSED] - if (i == 3 &amp;&amp; wildList.indexOf(symbol) != -1): null

2019-08-24 13:05:21 - [TEST_STEP][PASSED] - if (i == 4 &amp;&amp; wildList.indexOf(symbol) != -1): null

2019-08-24 13:05:21 - [TEST_STEP][PASSED] - symbols = symbols: null

2019-08-24 13:05:21 - [TEST_STEP][PASSED] - for ([j = 0, j &lt; symbols.size(), (j++)]): null

2019-08-24 13:05:21 - [TEST_STEP][PASSED] - symbol = symbol: null

2019-08-24 13:05:21 - [TEST_STEP][PASSED] - println(symbol): null

2019-08-24 13:05:21 - [TEST_STEP][PASSED] - if (i == 2 &amp;&amp; wildList.indexOf(symbol) != -1): null

2019-08-24 13:05:21 - [TEST_STEP][PASSED] - if (i == 3 &amp;&amp; wildList.indexOf(symbol) != -1): null

2019-08-24 13:05:21 - [TEST_STEP][PASSED] - if (i == 4 &amp;&amp; wildList.indexOf(symbol) != -1): null

2019-08-24 13:05:21 - [TEST_STEP][PASSED] - symbol = symbol: null

2019-08-24 13:05:21 - [TEST_STEP][PASSED] - println(symbol): null

2019-08-24 13:05:21 - [TEST_STEP][PASSED] - if (i == 2 &amp;&amp; wildList.indexOf(symbol) != -1): null

2019-08-24 13:05:21 - [TEST_STEP][PASSED] - if (i == 3 &amp;&amp; wildList.indexOf(symbol) != -1): null

2019-08-24 13:05:21 - [TEST_STEP][PASSED] - if (i == 4 &amp;&amp; wildList.indexOf(symbol) != -1): null

2019-08-24 13:05:21 - [TEST_STEP][PASSED] - symbol = symbol: null

2019-08-24 13:05:21 - [TEST_STEP][PASSED] - println(symbol): null

2019-08-24 13:05:21 - [TEST_STEP][PASSED] - if (i == 2 &amp;&amp; wildList.indexOf(symbol) != -1): null

2019-08-24 13:05:21 - [TEST_STEP][PASSED] - if (i == 3 &amp;&amp; wildList.indexOf(symbol) != -1): null

2019-08-24 13:05:21 - [TEST_STEP][PASSED] - if (i == 4 &amp;&amp; wildList.indexOf(symbol) != -1): null

2019-08-24 13:05:21 - [TEST_STEP][PASSED] - symbols = symbols: null

2019-08-24 13:05:21 - [TEST_STEP][PASSED] - for ([j = 0, j &lt; symbols.size(), (j++)]): null

2019-08-24 13:05:21 - [TEST_STEP][PASSED] - symbol = symbol: null

2019-08-24 13:05:21 - [TEST_STEP][PASSED] - println(symbol): null

2019-08-24 13:05:21 - [TEST_STEP][PASSED] - if (i == 2 &amp;&amp; wildList.indexOf(symbol) != -1): null

2019-08-24 13:05:21 - [TEST_STEP][PASSED] - if (i == 3 &amp;&amp; wildList.indexOf(symbol) != -1): null

2019-08-24 13:05:21 - [TEST_STEP][PASSED] - if (i == 4 &amp;&amp; wildList.indexOf(symbol) != -1): null

2019-08-24 13:05:21 - [TEST_STEP][PASSED] - symbol = symbol: null

2019-08-24 13:05:21 - [TEST_STEP][PASSED] - println(symbol): null

2019-08-24 13:05:21 - [TEST_STEP][PASSED] - if (i == 2 &amp;&amp; wildList.indexOf(symbol) != -1): null

2019-08-24 13:05:21 - [TEST_STEP][PASSED] - println("wild found on reel 3, adding counter by 1"): null

2019-08-24 13:05:21 - [TEST_STEP][PASSED] - free_spin_reel_counter[0] = free_spin_reel_counter[0] + 1: null

2019-08-24 13:05:21 - [TEST_STEP][PASSED] - if (i == 3 &amp;&amp; wildList.indexOf(symbol) != -1): null

2019-08-24 13:05:21 - [TEST_STEP][PASSED] - if (i == 4 &amp;&amp; wildList.indexOf(symbol) != -1): null

2019-08-24 13:05:21 - [TEST_STEP][PASSED] - symbol = symbol: null

2019-08-24 13:05:21 - [TEST_STEP][PASSED] - println(symbol): null

2019-08-24 13:05:21 - [TEST_STEP][PASSED] - if (i == 2 &amp;&amp; wildList.indexOf(symbol) != -1): null

2019-08-24 13:05:21 - [TEST_STEP][PASSED] - if (i == 3 &amp;&amp; wildList.indexOf(symbol) != -1): null

2019-08-24 13:05:21 - [TEST_STEP][PASSED] - if (i == 4 &amp;&amp; wildList.indexOf(symbol) != -1): null

2019-08-24 13:05:21 - [TEST_STEP][PASSED] - symbols = symbols: null

2019-08-24 13:05:21 - [TEST_STEP][PASSED] - for ([j = 0, j &lt; symbols.size(), (j++)]): null

2019-08-24 13:05:21 - [TEST_STEP][PASSED] - symbol = symbol: null

2019-08-24 13:05:21 - [TEST_STEP][PASSED] - println(symbol): null

2019-08-24 13:05:21 - [TEST_STEP][PASSED] - if (i == 2 &amp;&amp; wildList.indexOf(symbol) != -1): null

2019-08-24 13:05:21 - [TEST_STEP][PASSED] - if (i == 3 &amp;&amp; wildList.indexOf(symbol) != -1): null

2019-08-24 13:05:21 - [TEST_STEP][PASSED] - if (i == 4 &amp;&amp; wildList.indexOf(symbol) != -1): null

2019-08-24 13:05:21 - [TEST_STEP][PASSED] - symbol = symbol: null

2019-08-24 13:05:21 - [TEST_STEP][PASSED] - println(symbol): null

2019-08-24 13:05:21 - [TEST_STEP][PASSED] - if (i == 2 &amp;&amp; wildList.indexOf(symbol) != -1): null

2019-08-24 13:05:21 - [TEST_STEP][PASSED] - if (i == 3 &amp;&amp; wildList.indexOf(symbol) != -1): null

2019-08-24 13:05:21 - [TEST_STEP][PASSED] - println("wild found on reel 4, adding counter by 1"): null

2019-08-24 13:05:21 - [TEST_STEP][PASSED] - free_spin_reel_counter[1] = free_spin_reel_counter[1] + 1: null

2019-08-24 13:05:21 - [TEST_STEP][PASSED] - if (i == 4 &amp;&amp; wildList.indexOf(symbol) != -1): null

2019-08-24 13:05:21 - [TEST_STEP][PASSED] - symbol = symbol: null

2019-08-24 13:05:21 - [TEST_STEP][PASSED] - println(symbol): null

2019-08-24 13:05:21 - [TEST_STEP][PASSED] - if (i == 2 &amp;&amp; wildList.indexOf(symbol) != -1): null

2019-08-24 13:05:21 - [TEST_STEP][PASSED] - if (i == 3 &amp;&amp; wildList.indexOf(symbol) != -1): null

2019-08-24 13:05:21 - [TEST_STEP][PASSED] - if (i == 4 &amp;&amp; wildList.indexOf(symbol) != -1): null

2019-08-24 13:05:21 - [TEST_STEP][PASSED] - symbols = symbols: null

2019-08-24 13:05:21 - [TEST_STEP][PASSED] - for ([j = 0, j &lt; symbols.size(), (j++)]): null

2019-08-24 13:05:21 - [TEST_STEP][PASSED] - symbol = symbol: null

2019-08-24 13:05:21 - [TEST_STEP][PASSED] - println(symbol): null

2019-08-24 13:05:21 - [TEST_STEP][PASSED] - if (i == 2 &amp;&amp; wildList.indexOf(symbol) != -1): null

2019-08-24 13:05:21 - [TEST_STEP][PASSED] - if (i == 3 &amp;&amp; wildList.indexOf(symbol) != -1): null

2019-08-24 13:05:21 - [TEST_STEP][PASSED] - if (i == 4 &amp;&amp; wildList.indexOf(symbol) != -1): null

2019-08-24 13:05:21 - [TEST_STEP][PASSED] - symbol = symbol: null

2019-08-24 13:05:21 - [TEST_STEP][PASSED] - println(symbol): null

2019-08-24 13:05:21 - [TEST_STEP][PASSED] - if (i == 2 &amp;&amp; wildList.indexOf(symbol) != -1): null

2019-08-24 13:05:21 - [TEST_STEP][PASSED] - if (i == 3 &amp;&amp; wildList.indexOf(symbol) != -1): null

2019-08-24 13:05:21 - [TEST_STEP][PASSED] - if (i == 4 &amp;&amp; wildList.indexOf(symbol) != -1): null

2019-08-24 13:05:21 - [TEST_STEP][PASSED] - symbol = symbol: null

2019-08-24 13:05:21 - [TEST_STEP][PASSED] - println(symbol): null

2019-08-24 13:05:21 - [TEST_STEP][PASSED] - if (i == 2 &amp;&amp; wildList.indexOf(symbol) != -1): null

2019-08-24 13:05:21 - [TEST_STEP][PASSED] - if (i == 3 &amp;&amp; wildList.indexOf(symbol) != -1): null

2019-08-24 13:05:21 - [TEST_STEP][PASSED] - if (i == 4 &amp;&amp; wildList.indexOf(symbol) != -1): null

2019-08-24 13:05:21 - [TEST_STEP][PASSED] - free_spin_reel_counter = free_spin_reel_counter: null

2019-08-24 13:05:21 - [TEST_STEP][PASSED] - println("reel 3 wild found: " + free_spin_reel_counter[0]): null

2019-08-24 13:05:21 - [TEST_STEP][PASSED] - println("reel 4 wild found: " + free_spin_reel_counter[1]): null

2019-08-24 13:05:21 - [TEST_STEP][PASSED] - println("reel 5 wild found: " + free_spin_reel_counter[2]): null

2019-08-24 13:05:21 - [TEST_STEP][PASSED] - M4_spin_reels = M4_spin_reels: null

2019-08-24 13:05:21 - [TEST_STEP][PASSED] - M4_spin_reels_symbols = symbol: null

2019-08-24 13:05:21 - [TEST_STEP][PASSED] - M4_spin_reels_symbols = M4_spin_reels_symbols: null

2019-08-24 13:05:21 - [TEST_STEP][PASSED] - M4_spin_reel_wins = reel_wins: null

2019-08-24 13:05:21 - [TEST_STEP][PASSED] - M4_spin_reel_wins = M4_spin_reel_wins: null

2019-08-24 13:05:21 - [TEST_STEP][PASSED] - println("GlobalVariable.M4_spin_reel_wins is: " + M4_spin_reel_wins): null

2019-08-24 13:05:21 - [TEST_STEP][PASSED] - M4_spin_total_bonus_win_this_round = total_bonus_win_this_round: null

2019-08-24 13:05:21 - [TEST_STEP][PASSED] - M4_spin_total_bonus_win_this_round = M4_spin_total_bonus_win_this_round: null

2019-08-24 13:05:21 - [TEST_STEP][PASSED] - println("GlobalVariable.M4_spin_total_bonus_win_this_round is: " + M4_spin_total_bonus_win_this_round): null

2019-08-24 13:05:21 - [TEST_STEP][PASSED] - M4_spin_bonus_spin_result = spin_result: null

2019-08-24 13:05:21 - [TEST_STEP][PASSED] - M4_spin_bonus_spin_result = M4_spin_bonus_spin_result: null

2019-08-24 13:05:21 - [MESSAGE][PASSED] - Verify response successfully

2019-08-24 13:05:21 - [MESSAGE][PASSED] - Send request and verify the response successfully

2019-08-24 13:05:21 - [TEST_STEP][PASSED] - if (M4_total_bonus_spins_int != 0 &amp;&amp; M4_spin_reels_symbols[2].contains("WILD_Expanding")): null

2019-08-24 13:05:21 - [TEST_STEP][PASSED] - free_spin_reel_counter = free_spin_reel_counter: null

2019-08-24 13:05:21 - [TEST_STEP][PASSED] - M4_spin_reels_symbols = M4_spin_reels_symbols: null

2019-08-24 13:05:21 - [TEST_STEP][PASSED] - M4_total_bonus_spins = M4_total_bonus_spins: null

2019-08-24 13:05:21 - [TEST_STEP][PASSED] - spin_result = sendRequestAndVerify(findTestObject("INT/RGS(M4)/1_M4_spin", ["M4_login_user_id":M4_login_user_id, "rgs_session_token":rgs_session_token, "partner":Partner])): Send request and verify the response successfully

2019-08-24 13:05:21 - [MESSAGE][INFO] - HAR: /Users/eiralee/Katalon_Script/SuperWild/Reports/20190824_125957/INT/superWild_5/20190824_125957/requests/main/100.har

2019-08-24 13:05:21 - [TEST_CASE][PASSED] - Start Test Case : Verification: Verification accomplished successfully

2019-08-24 13:05:21 - [TEST_STEP][PASSED] - request = getInstance().getCurrentRequest(): null

2019-08-24 13:05:21 - [TEST_STEP][PASSED] - response = getInstance().getCurrentResponse(): null

2019-08-24 13:05:21 - [TEST_STEP][PASSED] - verifyResponseStatusCode(response, 200): Verify response status code successfully

2019-08-24 13:05:21 - [MESSAGE][PASSED] - Verify response status code successfully

2019-08-24 13:05:21 - [TEST_STEP][PASSED] - getStatusCode()).isEqualTo(200): null

2019-08-24 13:05:21 - [TEST_STEP][PASSED] - newline = System.getProperty("line.separator"): null

2019-08-24 13:05:21 - [TEST_STEP][PASSED] - M4_spin = new groovy.json.JsonSlurper(): null

2019-08-24 13:05:21 - [TEST_STEP][PASSED] - result_M4_spin = M4_spin.parseText(response.getResponseBodyContent()): null

2019-08-24 13:05:21 - [TEST_STEP][PASSED] - M4_spin_current_balance = current_balance: null

2019-08-24 13:05:21 - [TEST_STEP][PASSED] - M4_spin_current_balance = M4_spin_current_balance: null

2019-08-24 13:05:21 - [TEST_STEP][PASSED] - M4_spin_transaction_id = causality: null

2019-08-24 13:05:21 - [TEST_STEP][PASSED] - M4_spin_transaction_id = M4_spin_transaction_id: null

2019-08-24 13:05:21 - [TEST_STEP][PASSED] - M4_spin_round_id = round_id: null

2019-08-24 13:05:21 - [TEST_STEP][PASSED] - M4_spin_round_id = M4_spin_round_id: null

2019-08-24 13:05:21 - [TEST_STEP][PASSED] - M4_spin_line_wins = line_wins: null

2019-08-24 13:05:21 - [TEST_STEP][PASSED] - M4_spin_line_wins = M4_spin_line_wins: null

2019-08-24 13:05:21 - [TEST_STEP][PASSED] - M4_total_bonus_spins_int = total_bonus_spins: null

2019-08-24 13:05:21 - [TEST_STEP][PASSED] - println("******M4_total_bonus_spins type is:*******" + newline + getClass().getName()): null

2019-08-24 13:05:21 - [TEST_STEP][PASSED] - M4_total_bonus_spins_int = M4_total_bonus_spins_int: null

2019-08-24 13:05:21 - [TEST_STEP][PASSED] - M4_total_bonus_spins = Integer.toString(M4_total_bonus_spins_int): null

2019-08-24 13:05:21 - [TEST_STEP][PASSED] - M4_total_bonus_spins = M4_total_bonus_spins: null

2019-08-24 13:05:21 - [TEST_STEP][PASSED] - println("M4_total_bonus_spins is:" + M4_total_bonus_spins): null

2019-08-24 13:05:21 - [TEST_STEP][PASSED] - M4_spin_bonus_data = bonus_data: null

2019-08-24 13:05:21 - [TEST_STEP][PASSED] - M4_spin_features_triggered = result_M4_spin: null

2019-08-24 13:05:21 - [TEST_STEP][PASSED] - wild = []: null

2019-08-24 13:05:21 - [TEST_STEP][PASSED] - wild[0] = "WILD_Expanding": null

2019-08-24 13:05:21 - [TEST_STEP][PASSED] - wild[1] = "WILD_Normal": null

2019-08-24 13:05:21 - [TEST_STEP][PASSED] - wild[2] = "WILD_Double": null

2019-08-24 13:05:21 - [TEST_STEP][PASSED] - wild[3] = "WILD_ExtraFG": null

2019-08-24 13:05:21 - [TEST_STEP][PASSED] - wild[4] = "WILD_Triple": null

2019-08-24 13:05:21 - [TEST_STEP][PASSED] - wildList = Arrays.asList(wild): null

2019-08-24 13:05:21 - [TEST_STEP][PASSED] - wildList = wildList: null

2019-08-24 13:05:21 - [TEST_STEP][PASSED] - free_spin_reel_counter = []: null

2019-08-24 13:05:21 - [TEST_STEP][PASSED] - free_spin_reel_counter[0] = 0: null

2019-08-24 13:05:21 - [TEST_STEP][PASSED] - free_spin_reel_counter[1] = 0: null

2019-08-24 13:05:21 - [TEST_STEP][PASSED] - free_spin_reel_counter[2] = 0: null

2019-08-24 13:05:21 - [TEST_STEP][PASSED] - M4_spin_reels = reels: null

2019-08-24 13:05:21 - [TEST_STEP][PASSED] - for ([i = 0, i &lt; M4_spin_reels.size(), (i++)]): null

2019-08-24 13:05:21 - [TEST_STEP][PASSED] - symbols = symbols: null

2019-08-24 13:05:21 - [TEST_STEP][PASSED] - for ([j = 0, j &lt; symbols.size(), (j++)]): null

2019-08-24 13:05:21 - [TEST_STEP][PASSED] - symbol = symbol: null

2019-08-24 13:05:21 - [TEST_STEP][PASSED] - println(symbol): null

2019-08-24 13:05:21 - [TEST_STEP][PASSED] - if (i == 2 &amp;&amp; wildList.indexOf(symbol) != -1): null

2019-08-24 13:05:21 - [TEST_STEP][PASSED] - if (i == 3 &amp;&amp; wildList.indexOf(symbol) != -1): null

2019-08-24 13:05:21 - [TEST_STEP][PASSED] - if (i == 4 &amp;&amp; wildList.indexOf(symbol) != -1): null

2019-08-24 13:05:21 - [TEST_STEP][PASSED] - symbol = symbol: null

2019-08-24 13:05:21 - [TEST_STEP][PASSED] - println(symbol): null

2019-08-24 13:05:21 - [TEST_STEP][PASSED] - if (i == 2 &amp;&amp; wildList.indexOf(symbol) != -1): null

2019-08-24 13:05:21 - [TEST_STEP][PASSED] - if (i == 3 &amp;&amp; wildList.indexOf(symbol) != -1): null

2019-08-24 13:05:21 - [TEST_STEP][PASSED] - if (i == 4 &amp;&amp; wildList.indexOf(symbol) != -1): null

2019-08-24 13:05:21 - [TEST_STEP][PASSED] - symbol = symbol: null

2019-08-24 13:05:21 - [TEST_STEP][PASSED] - println(symbol): null

2019-08-24 13:05:21 - [TEST_STEP][PASSED] - if (i == 2 &amp;&amp; wildList.indexOf(symbol) != -1): null

2019-08-24 13:05:25 - [TEST_STEP][PASSED] - if (i == 3 &amp;&amp; wildList.indexOf(symbol) != -1): null

2019-08-24 13:05:25 - [TEST_STEP][PASSED] - if (i == 4 &amp;&amp; wildList.indexOf(symbol) != -1): null

2019-08-24 13:05:25 - [TEST_STEP][PASSED] - symbols = symbols: null

2019-08-24 13:05:25 - [TEST_STEP][PASSED] - for ([j = 0, j &lt; symbols.size(), (j++)]): null

2019-08-24 13:05:25 - [TEST_STEP][PASSED] - symbol = symbol: null

2019-08-24 13:05:25 - [TEST_STEP][PASSED] - println(symbol): null

2019-08-24 13:05:25 - [TEST_STEP][PASSED] - if (i == 2 &amp;&amp; wildList.indexOf(symbol) != -1): null

2019-08-24 13:05:25 - [TEST_STEP][PASSED] - if (i == 3 &amp;&amp; wildList.indexOf(symbol) != -1): null

2019-08-24 13:05:25 - [TEST_STEP][PASSED] - if (i == 4 &amp;&amp; wildList.indexOf(symbol) != -1): null

2019-08-24 13:05:25 - [TEST_STEP][PASSED] - symbol = symbol: null

2019-08-24 13:05:25 - [TEST_STEP][PASSED] - println(symbol): null

2019-08-24 13:05:31 - [TEST_STEP][PASSED] - if (i == 2 &amp;&amp; wildList.indexOf(symbol) != -1): null

2019-08-24 13:05:31 - [TEST_STEP][PASSED] - if (i == 3 &amp;&amp; wildList.indexOf(symbol) != -1): null

2019-08-24 13:05:31 - [TEST_STEP][PASSED] - if (i == 4 &amp;&amp; wildList.indexOf(symbol) != -1): null

2019-08-24 13:05:31 - [TEST_STEP][PASSED] - symbol = symbol: null

2019-08-24 13:05:31 - [TEST_STEP][PASSED] - println(symbol): null

2019-08-24 13:05:36 - [TEST_STEP][PASSED] - if (i == 2 &amp;&amp; wildList.indexOf(symbol) != -1): null

2019-08-24 13:05:36 - [TEST_STEP][PASSED] - if (i == 3 &amp;&amp; wildList.indexOf(symbol) != -1): null

2019-08-24 13:05:36 - [TEST_STEP][PASSED] - if (i == 4 &amp;&amp; wildList.indexOf(symbol) != -1): null

2019-08-24 13:05:36 - [TEST_STEP][PASSED] - symbols = symbols: null

2019-08-24 13:05:36 - [TEST_STEP][PASSED] - for ([j = 0, j &lt; symbols.size(), (j++)]): null

2019-08-24 13:05:36 - [TEST_STEP][PASSED] - symbol = symbol: null

2019-08-24 13:05:36 - [TEST_STEP][PASSED] - println(symbol): null

2019-08-24 13:05:36 - [TEST_STEP][PASSED] - if (i == 2 &amp;&amp; wildList.indexOf(symbol) != -1): null

2019-08-24 13:05:36 - [TEST_STEP][PASSED] - if (i == 3 &amp;&amp; wildList.indexOf(symbol) != -1): null

2019-08-24 13:05:36 - [TEST_STEP][PASSED] - if (i == 4 &amp;&amp; wildList.indexOf(symbol) != -1): null

2019-08-24 13:05:36 - [TEST_STEP][PASSED] - symbol = symbol: null

2019-08-24 13:05:36 - [TEST_STEP][PASSED] - println(symbol): null

2019-08-24 13:05:36 - [TEST_STEP][PASSED] - if (i == 2 &amp;&amp; wildList.indexOf(symbol) != -1): null

2019-08-24 13:05:36 - [TEST_STEP][PASSED] - if (i == 3 &amp;&amp; wildList.indexOf(symbol) != -1): null

2019-08-24 13:05:36 - [TEST_STEP][PASSED] - if (i == 4 &amp;&amp; wildList.indexOf(symbol) != -1): null

2019-08-24 13:05:36 - [TEST_STEP][PASSED] - symbol = symbol: null

2019-08-24 13:05:36 - [TEST_STEP][PASSED] - println(symbol): null

2019-08-24 13:05:36 - [TEST_STEP][PASSED] - if (i == 2 &amp;&amp; wildList.indexOf(symbol) != -1): null

2019-08-24 13:05:36 - [TEST_STEP][PASSED] - if (i == 3 &amp;&amp; wildList.indexOf(symbol) != -1): null

2019-08-24 13:05:36 - [TEST_STEP][PASSED] - if (i == 4 &amp;&amp; wildList.indexOf(symbol) != -1): null

2019-08-24 13:05:36 - [TEST_STEP][PASSED] - symbols = symbols: null

2019-08-24 13:05:36 - [TEST_STEP][PASSED] - for ([j = 0, j &lt; symbols.size(), (j++)]): null

2019-08-24 13:05:36 - [TEST_STEP][PASSED] - symbol = symbol: null

2019-08-24 13:05:36 - [TEST_STEP][PASSED] - println(symbol): null

2019-08-24 13:05:36 - [TEST_STEP][PASSED] - if (i == 2 &amp;&amp; wildList.indexOf(symbol) != -1): null

2019-08-24 13:05:36 - [TEST_STEP][PASSED] - if (i == 3 &amp;&amp; wildList.indexOf(symbol) != -1): null

2019-08-24 13:05:36 - [TEST_STEP][PASSED] - if (i == 4 &amp;&amp; wildList.indexOf(symbol) != -1): null

2019-08-24 13:05:36 - [TEST_STEP][PASSED] - symbol = symbol: null

2019-08-24 13:05:36 - [TEST_STEP][PASSED] - println(symbol): null

2019-08-24 13:05:36 - [TEST_STEP][PASSED] - if (i == 2 &amp;&amp; wildList.indexOf(symbol) != -1): null

2019-08-24 13:05:36 - [TEST_STEP][PASSED] - if (i == 3 &amp;&amp; wildList.indexOf(symbol) != -1): null

2019-08-24 13:05:36 - [TEST_STEP][PASSED] - println("wild found on reel 4, adding counter by 1"): null

2019-08-24 13:05:36 - [TEST_STEP][PASSED] - free_spin_reel_counter[1] = free_spin_reel_counter[1] + 1: null

2019-08-24 13:05:36 - [TEST_STEP][PASSED] - if (i == 4 &amp;&amp; wildList.indexOf(symbol) != -1): null

2019-08-24 13:05:36 - [TEST_STEP][PASSED] - symbol = symbol: null

2019-08-24 13:05:36 - [TEST_STEP][PASSED] - println(symbol): null

2019-08-24 13:05:36 - [TEST_STEP][PASSED] - if (i == 2 &amp;&amp; wildList.indexOf(symbol) != -1): null

2019-08-24 13:05:36 - [TEST_STEP][PASSED] - if (i == 3 &amp;&amp; wildList.indexOf(symbol) != -1): null

2019-08-24 13:05:36 - [TEST_STEP][PASSED] - if (i == 4 &amp;&amp; wildList.indexOf(symbol) != -1): null

2019-08-24 13:05:36 - [TEST_STEP][PASSED] - symbols = symbols: null

2019-08-24 13:05:36 - [TEST_STEP][PASSED] - for ([j = 0, j &lt; symbols.size(), (j++)]): null

2019-08-24 13:05:36 - [TEST_STEP][PASSED] - symbol = symbol: null

2019-08-24 13:05:36 - [TEST_STEP][PASSED] - println(symbol): null

2019-08-24 13:05:36 - [TEST_STEP][PASSED] - if (i == 2 &amp;&amp; wildList.indexOf(symbol) != -1): null

2019-08-24 13:05:36 - [TEST_STEP][PASSED] - if (i == 3 &amp;&amp; wildList.indexOf(symbol) != -1): null

2019-08-24 13:05:36 - [TEST_STEP][PASSED] - if (i == 4 &amp;&amp; wildList.indexOf(symbol) != -1): null

2019-08-24 13:05:36 - [TEST_STEP][PASSED] - symbol = symbol: null

2019-08-24 13:05:36 - [TEST_STEP][PASSED] - println(symbol): null

2019-08-24 13:05:36 - [TEST_STEP][PASSED] - if (i == 2 &amp;&amp; wildList.indexOf(symbol) != -1): null

2019-08-24 13:05:36 - [TEST_STEP][PASSED] - if (i == 3 &amp;&amp; wildList.indexOf(symbol) != -1): null

2019-08-24 13:05:36 - [TEST_STEP][PASSED] - if (i == 4 &amp;&amp; wildList.indexOf(symbol) != -1): null

2019-08-24 13:05:36 - [TEST_STEP][PASSED] - symbol = symbol: null

2019-08-24 13:05:36 - [TEST_STEP][PASSED] - println(symbol): null

2019-08-24 13:05:36 - [TEST_STEP][PASSED] - if (i == 2 &amp;&amp; wildList.indexOf(symbol) != -1): null

2019-08-24 13:05:36 - [TEST_STEP][PASSED] - if (i == 3 &amp;&amp; wildList.indexOf(symbol) != -1): null

2019-08-24 13:05:36 - [TEST_STEP][PASSED] - if (i == 4 &amp;&amp; wildList.indexOf(symbol) != -1): null

2019-08-24 13:05:36 - [TEST_STEP][PASSED] - free_spin_reel_counter = free_spin_reel_counter: null

2019-08-24 13:05:36 - [TEST_STEP][PASSED] - println("reel 3 wild found: " + free_spin_reel_counter[0]): null

2019-08-24 13:05:36 - [TEST_STEP][PASSED] - println("reel 4 wild found: " + free_spin_reel_counter[1]): null

2019-08-24 13:05:36 - [TEST_STEP][PASSED] - println("reel 5 wild found: " + free_spin_reel_counter[2]): null

2019-08-24 13:05:36 - [TEST_STEP][PASSED] - M4_spin_reels = M4_spin_reels: null

2019-08-24 13:05:36 - [TEST_STEP][PASSED] - M4_spin_reels_symbols = symbol: null

2019-08-24 13:05:36 - [TEST_STEP][PASSED] - M4_spin_reels_symbols = M4_spin_reels_symbols: null

2019-08-24 13:05:36 - [TEST_STEP][PASSED] - M4_spin_reel_wins = reel_wins: null

2019-08-24 13:05:36 - [TEST_STEP][PASSED] - M4_spin_reel_wins = M4_spin_reel_wins: null

2019-08-24 13:05:36 - [TEST_STEP][PASSED] - println("GlobalVariable.M4_spin_reel_wins is: " + M4_spin_reel_wins): null

2019-08-24 13:05:36 - [TEST_STEP][PASSED] - M4_spin_total_bonus_win_this_round = total_bonus_win_this_round: null

2019-08-24 13:05:36 - [TEST_STEP][PASSED] - M4_spin_total_bonus_win_this_round = M4_spin_total_bonus_win_this_round: null

2019-08-24 13:05:36 - [TEST_STEP][PASSED] - println("GlobalVariable.M4_spin_total_bonus_win_this_round is: " + M4_spin_total_bonus_win_this_round): null

2019-08-24 13:05:36 - [TEST_STEP][PASSED] - M4_spin_bonus_spin_result = spin_result: null

2019-08-24 13:05:36 - [TEST_STEP][PASSED] - M4_spin_bonus_spin_result = M4_spin_bonus_spin_result: null

2019-08-24 13:05:36 - [MESSAGE][PASSED] - Verify response successfully

2019-08-24 13:05:36 - [MESSAGE][PASSED] - Send request and verify the response successfully

2019-08-24 13:05:36 - [TEST_STEP][PASSED] - if (M4_total_bonus_spins_int != 0 &amp;&amp; M4_spin_reels_symbols[2].contains("WILD_Expanding")): null

2019-08-24 13:05:36 - [TEST_STEP][PASSED] - free_spin_reel_counter = free_spin_reel_counter: null

2019-08-24 13:05:36 - [TEST_STEP][PASSED] - M4_spin_reels_symbols = M4_spin_reels_symbols: null

2019-08-24 13:05:36 - [TEST_STEP][PASSED] - M4_total_bonus_spins = M4_total_bonus_spins: null

2019-08-24 13:05:36 - [TEST_STEP][PASSED] - spin_result = sendRequestAndVerify(findTestObject("INT/RGS(M4)/1_M4_spin", ["M4_login_user_id":M4_login_user_id, "rgs_session_token":rgs_session_token, "partner":Partner])): Send request and verify the response successfully

2019-08-24 13:05:37 - [MESSAGE][INFO] - HAR: /Users/eiralee/Katalon_Script/SuperWild/Reports/20190824_125957/INT/superWild_5/20190824_125957/requests/main/101.har

2019-08-24 13:05:37 - [TEST_CASE][PASSED] - Start Test Case : Verification: Verification accomplished successfully

2019-08-24 13:05:37 - [TEST_STEP][PASSED] - request = getInstance().getCurrentRequest(): null

2019-08-24 13:05:37 - [TEST_STEP][PASSED] - response = getInstance().getCurrentResponse(): null

2019-08-24 13:05:37 - [TEST_STEP][PASSED] - verifyResponseStatusCode(response, 200): Verify response status code successfully

2019-08-24 13:05:37 - [MESSAGE][PASSED] - Verify response status code successfully

2019-08-24 13:05:37 - [TEST_STEP][PASSED] - getStatusCode()).isEqualTo(200): null

2019-08-24 13:05:37 - [TEST_STEP][PASSED] - newline = System.getProperty("line.separator"): null

2019-08-24 13:05:37 - [TEST_STEP][PASSED] - M4_spin = new groovy.json.JsonSlurper(): null

2019-08-24 13:05:37 - [TEST_STEP][PASSED] - result_M4_spin = M4_spin.parseText(response.getResponseBodyContent()): null

2019-08-24 13:05:37 - [TEST_STEP][PASSED] - M4_spin_current_balance = current_balance: null

2019-08-24 13:05:37 - [TEST_STEP][PASSED] - M4_spin_current_balance = M4_spin_current_balance: null

2019-08-24 13:05:37 - [TEST_STEP][PASSED] - M4_spin_transaction_id = causality: null

2019-08-24 13:05:37 - [TEST_STEP][PASSED] - M4_spin_transaction_id = M4_spin_transaction_id: null

2019-08-24 13:05:37 - [TEST_STEP][PASSED] - M4_spin_round_id = round_id: null

2019-08-24 13:05:37 - [TEST_STEP][PASSED] - M4_spin_round_id = M4_spin_round_id: null

2019-08-24 13:05:37 - [TEST_STEP][PASSED] - M4_spin_line_wins = line_wins: null

2019-08-24 13:05:37 - [TEST_STEP][PASSED] - M4_spin_line_wins = M4_spin_line_wins: null

2019-08-24 13:05:37 - [TEST_STEP][PASSED] - M4_total_bonus_spins_int = total_bonus_spins: null

2019-08-24 13:05:37 - [TEST_STEP][PASSED] - println("******M4_total_bonus_spins type is:*******" + newline + getClass().getName()): null

2019-08-24 13:05:37 - [TEST_STEP][PASSED] - M4_total_bonus_spins_int = M4_total_bonus_spins_int: null

2019-08-24 13:05:37 - [TEST_STEP][PASSED] - M4_total_bonus_spins = Integer.toString(M4_total_bonus_spins_int): null

2019-08-24 13:05:37 - [TEST_STEP][PASSED] - M4_total_bonus_spins = M4_total_bonus_spins: null

2019-08-24 13:05:37 - [TEST_STEP][PASSED] - println("M4_total_bonus_spins is:" + M4_total_bonus_spins): null

2019-08-24 13:05:37 - [TEST_STEP][PASSED] - M4_spin_bonus_data = bonus_data: null

2019-08-24 13:05:37 - [TEST_STEP][PASSED] - M4_spin_features_triggered = result_M4_spin: null

2019-08-24 13:05:37 - [TEST_STEP][PASSED] - wild = []: null

2019-08-24 13:05:37 - [TEST_STEP][PASSED] - wild[0] = "WILD_Expanding": null

2019-08-24 13:05:37 - [TEST_STEP][PASSED] - wild[1] = "WILD_Normal": null

2019-08-24 13:05:37 - [TEST_STEP][PASSED] - wild[2] = "WILD_Double": null

2019-08-24 13:05:37 - [TEST_STEP][PASSED] - wild[3] = "WILD_ExtraFG": null

2019-08-24 13:05:37 - [TEST_STEP][PASSED] - wild[4] = "WILD_Triple": null

2019-08-24 13:05:37 - [TEST_STEP][PASSED] - wildList = Arrays.asList(wild): null

2019-08-24 13:05:37 - [TEST_STEP][PASSED] - wildList = wildList: null

2019-08-24 13:05:37 - [TEST_STEP][PASSED] - free_spin_reel_counter = []: null

2019-08-24 13:05:37 - [TEST_STEP][PASSED] - free_spin_reel_counter[0] = 0: null

2019-08-24 13:05:37 - [TEST_STEP][PASSED] - free_spin_reel_counter[1] = 0: null

2019-08-24 13:05:37 - [TEST_STEP][PASSED] - free_spin_reel_counter[2] = 0: null

2019-08-24 13:05:37 - [TEST_STEP][PASSED] - M4_spin_reels = reels: null

2019-08-24 13:05:37 - [TEST_STEP][PASSED] - for ([i = 0, i &lt; M4_spin_reels.size(), (i++)]): null

2019-08-24 13:05:37 - [TEST_STEP][PASSED] - symbols = symbols: null

2019-08-24 13:05:37 - [TEST_STEP][PASSED] - for ([j = 0, j &lt; symbols.size(), (j++)]): null

2019-08-24 13:05:37 - [TEST_STEP][PASSED] - symbol = symbol: null

2019-08-24 13:05:37 - [TEST_STEP][PASSED] - println(symbol): null

2019-08-24 13:05:37 - [TEST_STEP][PASSED] - if (i == 2 &amp;&amp; wildList.indexOf(symbol) != -1): null

2019-08-24 13:05:37 - [TEST_STEP][PASSED] - if (i == 3 &amp;&amp; wildList.indexOf(symbol) != -1): null

2019-08-24 13:05:37 - [TEST_STEP][PASSED] - if (i == 4 &amp;&amp; wildList.indexOf(symbol) != -1): null

2019-08-24 13:05:37 - [TEST_STEP][PASSED] - symbol = symbol: null

2019-08-24 13:05:37 - [TEST_STEP][PASSED] - println(symbol): null

2019-08-24 13:05:37 - [TEST_STEP][PASSED] - if (i == 2 &amp;&amp; wildList.indexOf(symbol) != -1): null

2019-08-24 13:05:37 - [TEST_STEP][PASSED] - if (i == 3 &amp;&amp; wildList.indexOf(symbol) != -1): null

2019-08-24 13:05:37 - [TEST_STEP][PASSED] - if (i == 4 &amp;&amp; wildList.indexOf(symbol) != -1): null

2019-08-24 13:05:37 - [TEST_STEP][PASSED] - symbol = symbol: null

2019-08-24 13:05:37 - [TEST_STEP][PASSED] - println(symbol): null

2019-08-24 13:05:37 - [TEST_STEP][PASSED] - if (i == 2 &amp;&amp; wildList.indexOf(symbol) != -1): null

2019-08-24 13:05:37 - [TEST_STEP][PASSED] - if (i == 3 &amp;&amp; wildList.indexOf(symbol) != -1): null

2019-08-24 13:05:37 - [TEST_STEP][PASSED] - if (i == 4 &amp;&amp; wildList.indexOf(symbol) != -1): null

2019-08-24 13:05:37 - [TEST_STEP][PASSED] - symbols = symbols: null

2019-08-24 13:05:37 - [TEST_STEP][PASSED] - for ([j = 0, j &lt; symbols.size(), (j++)]): null

2019-08-24 13:05:37 - [TEST_STEP][PASSED] - symbol = symbol: null

2019-08-24 13:05:37 - [TEST_STEP][PASSED] - println(symbol): null

2019-08-24 13:05:37 - [TEST_STEP][PASSED] - if (i == 2 &amp;&amp; wildList.indexOf(symbol) != -1): null

2019-08-24 13:05:37 - [TEST_STEP][PASSED] - if (i == 3 &amp;&amp; wildList.indexOf(symbol) != -1): null

2019-08-24 13:05:37 - [TEST_STEP][PASSED] - if (i == 4 &amp;&amp; wildList.indexOf(symbol) != -1): null

2019-08-24 13:05:37 - [TEST_STEP][PASSED] - symbol = symbol: null

2019-08-24 13:05:37 - [TEST_STEP][PASSED] - println(symbol): null

2019-08-24 13:05:37 - [TEST_STEP][PASSED] - if (i == 2 &amp;&amp; wildList.indexOf(symbol) != -1): null

2019-08-24 13:05:37 - [TEST_STEP][PASSED] - if (i == 3 &amp;&amp; wildList.indexOf(symbol) != -1): null

2019-08-24 13:05:37 - [TEST_STEP][PASSED] - if (i == 4 &amp;&amp; wildList.indexOf(symbol) != -1): null

2019-08-24 13:05:37 - [TEST_STEP][PASSED] - symbol = symbol: null

2019-08-24 13:05:37 - [TEST_STEP][PASSED] - println(symbol): null

2019-08-24 13:05:37 - [TEST_STEP][PASSED] - if (i == 2 &amp;&amp; wildList.indexOf(symbol) != -1): null

2019-08-24 13:05:37 - [TEST_STEP][PASSED] - if (i == 3 &amp;&amp; wildList.indexOf(symbol) != -1): null

2019-08-24 13:05:37 - [TEST_STEP][PASSED] - if (i == 4 &amp;&amp; wildList.indexOf(symbol) != -1): null

2019-08-24 13:05:37 - [TEST_STEP][PASSED] - symbols = symbols: null

2019-08-24 13:05:37 - [TEST_STEP][PASSED] - for ([j = 0, j &lt; symbols.size(), (j++)]): null

2019-08-24 13:05:37 - [TEST_STEP][PASSED] - symbol = symbol: null

2019-08-24 13:05:37 - [TEST_STEP][PASSED] - println(symbol): null

2019-08-24 13:05:37 - [TEST_STEP][PASSED] - if (i == 2 &amp;&amp; wildList.indexOf(symbol) != -1): null

2019-08-24 13:05:37 - [TEST_STEP][PASSED] - if (i == 3 &amp;&amp; wildList.indexOf(symbol) != -1): null

2019-08-24 13:05:37 - [TEST_STEP][PASSED] - if (i == 4 &amp;&amp; wildList.indexOf(symbol) != -1): null

2019-08-24 13:05:37 - [TEST_STEP][PASSED] - symbol = symbol: null

2019-08-24 13:05:37 - [TEST_STEP][PASSED] - println(symbol): null

2019-08-24 13:05:37 - [TEST_STEP][PASSED] - if (i == 2 &amp;&amp; wildList.indexOf(symbol) != -1): null

2019-08-24 13:05:37 - [TEST_STEP][PASSED] - if (i == 3 &amp;&amp; wildList.indexOf(symbol) != -1): null

2019-08-24 13:05:37 - [TEST_STEP][PASSED] - if (i == 4 &amp;&amp; wildList.indexOf(symbol) != -1): null

2019-08-24 13:05:37 - [TEST_STEP][PASSED] - symbol = symbol: null

2019-08-24 13:05:37 - [TEST_STEP][PASSED] - println(symbol): null

2019-08-24 13:05:37 - [TEST_STEP][PASSED] - if (i == 2 &amp;&amp; wildList.indexOf(symbol) != -1): null

2019-08-24 13:05:37 - [TEST_STEP][PASSED] - if (i == 3 &amp;&amp; wildList.indexOf(symbol) != -1): null

2019-08-24 13:05:37 - [TEST_STEP][PASSED] - if (i == 4 &amp;&amp; wildList.indexOf(symbol) != -1): null

2019-08-24 13:05:37 - [TEST_STEP][PASSED] - symbols = symbols: null

2019-08-24 13:05:37 - [TEST_STEP][PASSED] - for ([j = 0, j &lt; symbols.size(), (j++)]): null

2019-08-24 13:05:37 - [TEST_STEP][PASSED] - symbol = symbol: null

2019-08-24 13:05:37 - [TEST_STEP][PASSED] - println(symbol): null

2019-08-24 13:05:37 - [TEST_STEP][PASSED] - if (i == 2 &amp;&amp; wildList.indexOf(symbol) != -1): null

2019-08-24 13:05:37 - [TEST_STEP][PASSED] - if (i == 3 &amp;&amp; wildList.indexOf(symbol) != -1): null

2019-08-24 13:05:37 - [TEST_STEP][PASSED] - if (i == 4 &amp;&amp; wildList.indexOf(symbol) != -1): null

2019-08-24 13:05:37 - [TEST_STEP][PASSED] - symbol = symbol: null

2019-08-24 13:05:37 - [TEST_STEP][PASSED] - println(symbol): null

2019-08-24 13:05:37 - [TEST_STEP][PASSED] - if (i == 2 &amp;&amp; wildList.indexOf(symbol) != -1): null

2019-08-24 13:05:37 - [TEST_STEP][PASSED] - if (i == 3 &amp;&amp; wildList.indexOf(symbol) != -1): null

2019-08-24 13:05:37 - [TEST_STEP][PASSED] - if (i == 4 &amp;&amp; wildList.indexOf(symbol) != -1): null

2019-08-24 13:05:37 - [TEST_STEP][PASSED] - symbol = symbol: null

2019-08-24 13:05:37 - [TEST_STEP][PASSED] - println(symbol): null

2019-08-24 13:05:37 - [TEST_STEP][PASSED] - if (i == 2 &amp;&amp; wildList.indexOf(symbol) != -1): null

2019-08-24 13:05:37 - [TEST_STEP][PASSED] - if (i == 3 &amp;&amp; wildList.indexOf(symbol) != -1): null

2019-08-24 13:05:37 - [TEST_STEP][PASSED] - if (i == 4 &amp;&amp; wildList.indexOf(symbol) != -1): null

2019-08-24 13:05:37 - [TEST_STEP][PASSED] - symbols = symbols: null

2019-08-24 13:05:37 - [TEST_STEP][PASSED] - for ([j = 0, j &lt; symbols.size(), (j++)]): null

2019-08-24 13:05:37 - [TEST_STEP][PASSED] - symbol = symbol: null

2019-08-24 13:05:37 - [TEST_STEP][PASSED] - println(symbol): null

2019-08-24 13:05:37 - [TEST_STEP][PASSED] - if (i == 2 &amp;&amp; wildList.indexOf(symbol) != -1): null

2019-08-24 13:05:37 - [TEST_STEP][PASSED] - if (i == 3 &amp;&amp; wildList.indexOf(symbol) != -1): null

2019-08-24 13:05:37 - [TEST_STEP][PASSED] - if (i == 4 &amp;&amp; wildList.indexOf(symbol) != -1): null

2019-08-24 13:05:37 - [TEST_STEP][PASSED] - symbol = symbol: null

2019-08-24 13:05:37 - [TEST_STEP][PASSED] - println(symbol): null

2019-08-24 13:05:37 - [TEST_STEP][PASSED] - if (i == 2 &amp;&amp; wildList.indexOf(symbol) != -1): null

2019-08-24 13:05:37 - [TEST_STEP][PASSED] - if (i == 3 &amp;&amp; wildList.indexOf(symbol) != -1): null

2019-08-24 13:05:37 - [TEST_STEP][PASSED] - if (i == 4 &amp;&amp; wildList.indexOf(symbol) != -1): null

2019-08-24 13:05:37 - [TEST_STEP][PASSED] - symbol = symbol: null

2019-08-24 13:05:37 - [TEST_STEP][PASSED] - println(symbol): null

2019-08-24 13:05:37 - [TEST_STEP][PASSED] - if (i == 2 &amp;&amp; wildList.indexOf(symbol) != -1): null

2019-08-24 13:05:37 - [TEST_STEP][PASSED] - if (i == 3 &amp;&amp; wildList.indexOf(symbol) != -1): null

2019-08-24 13:05:37 - [TEST_STEP][PASSED] - if (i == 4 &amp;&amp; wildList.indexOf(symbol) != -1): null

2019-08-24 13:05:37 - [TEST_STEP][PASSED] - free_spin_reel_counter = free_spin_reel_counter: null

2019-08-24 13:05:37 - [TEST_STEP][PASSED] - println("reel 3 wild found: " + free_spin_reel_counter[0]): null

2019-08-24 13:05:37 - [TEST_STEP][PASSED] - println("reel 4 wild found: " + free_spin_reel_counter[1]): null

2019-08-24 13:05:37 - [TEST_STEP][PASSED] - println("reel 5 wild found: " + free_spin_reel_counter[2]): null

2019-08-24 13:05:37 - [TEST_STEP][PASSED] - M4_spin_reels = M4_spin_reels: null

2019-08-24 13:05:37 - [TEST_STEP][PASSED] - M4_spin_reels_symbols = symbol: null

2019-08-24 13:05:37 - [TEST_STEP][PASSED] - M4_spin_reels_symbols = M4_spin_reels_symbols: null

2019-08-24 13:05:37 - [TEST_STEP][PASSED] - M4_spin_reel_wins = reel_wins: null

2019-08-24 13:05:37 - [TEST_STEP][PASSED] - M4_spin_reel_wins = M4_spin_reel_wins: null

2019-08-24 13:05:37 - [TEST_STEP][PASSED] - println("GlobalVariable.M4_spin_reel_wins is: " + M4_spin_reel_wins): null

2019-08-24 13:05:37 - [TEST_STEP][PASSED] - M4_spin_total_bonus_win_this_round = total_bonus_win_this_round: null

2019-08-24 13:05:37 - [TEST_STEP][PASSED] - M4_spin_total_bonus_win_this_round = M4_spin_total_bonus_win_this_round: null

2019-08-24 13:05:37 - [TEST_STEP][PASSED] - println("GlobalVariable.M4_spin_total_bonus_win_this_round is: " + M4_spin_total_bonus_win_this_round): null

2019-08-24 13:05:37 - [TEST_STEP][PASSED] - M4_spin_bonus_spin_result = spin_result: null

2019-08-24 13:05:37 - [TEST_STEP][PASSED] - M4_spin_bonus_spin_result = M4_spin_bonus_spin_result: null

2019-08-24 13:05:37 - [MESSAGE][PASSED] - Verify response successfully

2019-08-24 13:05:37 - [MESSAGE][PASSED] - Send request and verify the response successfully

2019-08-24 13:05:37 - [TEST_STEP][PASSED] - if (M4_total_bonus_spins_int != 0 &amp;&amp; M4_spin_reels_symbols[2].contains("WILD_Expanding")): null

2019-08-24 13:05:37 - [TEST_STEP][PASSED] - free_spin_reel_counter = free_spin_reel_counter: null

2019-08-24 13:05:37 - [TEST_STEP][PASSED] - M4_spin_reels_symbols = M4_spin_reels_symbols: null

2019-08-24 13:05:37 - [TEST_STEP][PASSED] - M4_total_bonus_spins = M4_total_bonus_spins: null

2019-08-24 13:05:37 - [TEST_STEP][PASSED] - spin_result = sendRequestAndVerify(findTestObject("INT/RGS(M4)/1_M4_spin", ["M4_login_user_id":M4_login_user_id, "rgs_session_token":rgs_session_token, "partner":Partner])): Send request and verify the response successfully

2019-08-24 13:05:37 - [MESSAGE][INFO] - HAR: /Users/eiralee/Katalon_Script/SuperWild/Reports/20190824_125957/INT/superWild_5/20190824_125957/requests/main/102.har

2019-08-24 13:05:37 - [TEST_CASE][PASSED] - Start Test Case : Verification: Verification accomplished successfully

2019-08-24 13:05:38 - [TEST_STEP][PASSED] - request = getInstance().getCurrentRequest(): null

2019-08-24 13:05:38 - [TEST_STEP][PASSED] - response = getInstance().getCurrentResponse(): null

2019-08-24 13:05:38 - [TEST_STEP][PASSED] - verifyResponseStatusCode(response, 200): Verify response status code successfully

2019-08-24 13:05:38 - [MESSAGE][PASSED] - Verify response status code successfully

2019-08-24 13:05:38 - [TEST_STEP][PASSED] - getStatusCode()).isEqualTo(200): null

2019-08-24 13:05:38 - [TEST_STEP][PASSED] - newline = System.getProperty("line.separator"): null

2019-08-24 13:05:38 - [TEST_STEP][PASSED] - M4_spin = new groovy.json.JsonSlurper(): null

2019-08-24 13:05:38 - [TEST_STEP][PASSED] - result_M4_spin = M4_spin.parseText(response.getResponseBodyContent()): null

2019-08-24 13:05:38 - [TEST_STEP][PASSED] - M4_spin_current_balance = current_balance: null

2019-08-24 13:05:38 - [TEST_STEP][PASSED] - M4_spin_current_balance = M4_spin_current_balance: null

2019-08-24 13:05:38 - [TEST_STEP][PASSED] - M4_spin_transaction_id = causality: null

2019-08-24 13:05:38 - [TEST_STEP][PASSED] - M4_spin_transaction_id = M4_spin_transaction_id: null

2019-08-24 13:05:38 - [TEST_STEP][PASSED] - M4_spin_round_id = round_id: null

2019-08-24 13:05:38 - [TEST_STEP][PASSED] - M4_spin_round_id = M4_spin_round_id: null

2019-08-24 13:05:38 - [TEST_STEP][PASSED] - M4_spin_line_wins = line_wins: null

2019-08-24 13:05:38 - [TEST_STEP][PASSED] - M4_spin_line_wins = M4_spin_line_wins: null

2019-08-24 13:05:38 - [TEST_STEP][PASSED] - M4_total_bonus_spins_int = total_bonus_spins: null

2019-08-24 13:05:38 - [TEST_STEP][PASSED] - println("******M4_total_bonus_spins type is:*******" + newline + getClass().getName()): null

2019-08-24 13:05:38 - [TEST_STEP][PASSED] - M4_total_bonus_spins_int = M4_total_bonus_spins_int: null

2019-08-24 13:05:38 - [TEST_STEP][PASSED] - M4_total_bonus_spins = Integer.toString(M4_total_bonus_spins_int): null

2019-08-24 13:05:38 - [TEST_STEP][PASSED] - M4_total_bonus_spins = M4_total_bonus_spins: null

2019-08-24 13:05:38 - [TEST_STEP][PASSED] - println("M4_total_bonus_spins is:" + M4_total_bonus_spins): null

2019-08-24 13:05:38 - [TEST_STEP][PASSED] - M4_spin_bonus_data = bonus_data: null

2019-08-24 13:05:38 - [TEST_STEP][PASSED] - M4_spin_features_triggered = result_M4_spin: null

2019-08-24 13:05:38 - [TEST_STEP][PASSED] - wild = []: null

2019-08-24 13:05:38 - [TEST_STEP][PASSED] - wild[0] = "WILD_Expanding": null

2019-08-24 13:05:38 - [TEST_STEP][PASSED] - wild[1] = "WILD_Normal": null

2019-08-24 13:05:38 - [TEST_STEP][PASSED] - wild[2] = "WILD_Double": null

2019-08-24 13:05:38 - [TEST_STEP][PASSED] - wild[3] = "WILD_ExtraFG": null

2019-08-24 13:05:38 - [TEST_STEP][PASSED] - wild[4] = "WILD_Triple": null

2019-08-24 13:05:38 - [TEST_STEP][PASSED] - wildList = Arrays.asList(wild): null

2019-08-24 13:05:38 - [TEST_STEP][PASSED] - wildList = wildList: null

2019-08-24 13:05:38 - [TEST_STEP][PASSED] - free_spin_reel_counter = []: null

2019-08-24 13:05:38 - [TEST_STEP][PASSED] - free_spin_reel_counter[0] = 0: null

2019-08-24 13:05:38 - [TEST_STEP][PASSED] - free_spin_reel_counter[1] = 0: null

2019-08-24 13:05:38 - [TEST_STEP][PASSED] - free_spin_reel_counter[2] = 0: null

2019-08-24 13:05:38 - [TEST_STEP][PASSED] - M4_spin_reels = reels: null

2019-08-24 13:05:38 - [TEST_STEP][PASSED] - for ([i = 0, i &lt; M4_spin_reels.size(), (i++)]): null

2019-08-24 13:05:38 - [TEST_STEP][PASSED] - symbols = symbols: null

2019-08-24 13:05:38 - [TEST_STEP][PASSED] - for ([j = 0, j &lt; symbols.size(), (j++)]): null

2019-08-24 13:05:38 - [TEST_STEP][PASSED] - symbol = symbol: null

2019-08-24 13:05:38 - [TEST_STEP][PASSED] - println(symbol): null

2019-08-24 13:05:38 - [TEST_STEP][PASSED] - if (i == 2 &amp;&amp; wildList.indexOf(symbol) != -1): null

2019-08-24 13:05:38 - [TEST_STEP][PASSED] - if (i == 3 &amp;&amp; wildList.indexOf(symbol) != -1): null

2019-08-24 13:05:38 - [TEST_STEP][PASSED] - if (i == 4 &amp;&amp; wildList.indexOf(symbol) != -1): null

2019-08-24 13:05:38 - [TEST_STEP][PASSED] - symbol = symbol: null

2019-08-24 13:05:38 - [TEST_STEP][PASSED] - println(symbol): null

2019-08-24 13:05:38 - [TEST_STEP][PASSED] - if (i == 2 &amp;&amp; wildList.indexOf(symbol) != -1): null

2019-08-24 13:05:38 - [TEST_STEP][PASSED] - if (i == 3 &amp;&amp; wildList.indexOf(symbol) != -1): null

2019-08-24 13:05:38 - [TEST_STEP][PASSED] - if (i == 4 &amp;&amp; wildList.indexOf(symbol) != -1): null

2019-08-24 13:05:38 - [TEST_STEP][PASSED] - symbol = symbol: null

2019-08-24 13:05:38 - [TEST_STEP][PASSED] - println(symbol): null

2019-08-24 13:05:38 - [TEST_STEP][PASSED] - if (i == 2 &amp;&amp; wildList.indexOf(symbol) != -1): null

2019-08-24 13:05:38 - [TEST_STEP][PASSED] - if (i == 3 &amp;&amp; wildList.indexOf(symbol) != -1): null

2019-08-24 13:05:38 - [TEST_STEP][PASSED] - if (i == 4 &amp;&amp; wildList.indexOf(symbol) != -1): null

2019-08-24 13:05:38 - [TEST_STEP][PASSED] - symbols = symbols: null

2019-08-24 13:05:38 - [TEST_STEP][PASSED] - for ([j = 0, j &lt; symbols.size(), (j++)]): null

2019-08-24 13:05:38 - [TEST_STEP][PASSED] - symbol = symbol: null

2019-08-24 13:05:38 - [TEST_STEP][PASSED] - println(symbol): null

2019-08-24 13:05:38 - [TEST_STEP][PASSED] - if (i == 2 &amp;&amp; wildList.indexOf(symbol) != -1): null

2019-08-24 13:05:38 - [TEST_STEP][PASSED] - if (i == 3 &amp;&amp; wildList.indexOf(symbol) != -1): null

2019-08-24 13:05:38 - [TEST_STEP][PASSED] - if (i == 4 &amp;&amp; wildList.indexOf(symbol) != -1): null

2019-08-24 13:05:38 - [TEST_STEP][PASSED] - symbol = symbol: null

2019-08-24 13:05:38 - [TEST_STEP][PASSED] - println(symbol): null

2019-08-24 13:05:38 - [TEST_STEP][PASSED] - if (i == 2 &amp;&amp; wildList.indexOf(symbol) != -1): null

2019-08-24 13:05:38 - [TEST_STEP][PASSED] - if (i == 3 &amp;&amp; wildList.indexOf(symbol) != -1): null

2019-08-24 13:05:38 - [TEST_STEP][PASSED] - if (i == 4 &amp;&amp; wildList.indexOf(symbol) != -1): null

2019-08-24 13:05:38 - [TEST_STEP][PASSED] - symbol = symbol: null

2019-08-24 13:05:38 - [TEST_STEP][PASSED] - println(symbol): null

2019-08-24 13:05:38 - [TEST_STEP][PASSED] - if (i == 2 &amp;&amp; wildList.indexOf(symbol) != -1): null

2019-08-24 13:05:38 - [TEST_STEP][PASSED] - if (i == 3 &amp;&amp; wildList.indexOf(symbol) != -1): null

2019-08-24 13:05:38 - [TEST_STEP][PASSED] - if (i == 4 &amp;&amp; wildList.indexOf(symbol) != -1): null

2019-08-24 13:05:38 - [TEST_STEP][PASSED] - symbols = symbols: null

2019-08-24 13:05:38 - [TEST_STEP][PASSED] - for ([j = 0, j &lt; symbols.size(), (j++)]): null

2019-08-24 13:05:38 - [TEST_STEP][PASSED] - symbol = symbol: null

2019-08-24 13:05:38 - [TEST_STEP][PASSED] - println(symbol): null

2019-08-24 13:05:38 - [TEST_STEP][PASSED] - if (i == 2 &amp;&amp; wildList.indexOf(symbol) != -1): null

2019-08-24 13:05:38 - [TEST_STEP][PASSED] - if (i == 3 &amp;&amp; wildList.indexOf(symbol) != -1): null

2019-08-24 13:05:38 - [TEST_STEP][PASSED] - if (i == 4 &amp;&amp; wildList.indexOf(symbol) != -1): null

2019-08-24 13:05:38 - [TEST_STEP][PASSED] - symbol = symbol: null

2019-08-24 13:05:38 - [TEST_STEP][PASSED] - println(symbol): null

2019-08-24 13:05:38 - [TEST_STEP][PASSED] - if (i == 2 &amp;&amp; wildList.indexOf(symbol) != -1): null

2019-08-24 13:05:38 - [TEST_STEP][PASSED] - if (i == 3 &amp;&amp; wildList.indexOf(symbol) != -1): null

2019-08-24 13:05:38 - [TEST_STEP][PASSED] - if (i == 4 &amp;&amp; wildList.indexOf(symbol) != -1): null

2019-08-24 13:05:38 - [TEST_STEP][PASSED] - symbol = symbol: null

2019-08-24 13:05:38 - [TEST_STEP][PASSED] - println(symbol): null

2019-08-24 13:05:38 - [TEST_STEP][PASSED] - if (i == 2 &amp;&amp; wildList.indexOf(symbol) != -1): null

2019-08-24 13:05:38 - [TEST_STEP][PASSED] - if (i == 3 &amp;&amp; wildList.indexOf(symbol) != -1): null

2019-08-24 13:05:38 - [TEST_STEP][PASSED] - if (i == 4 &amp;&amp; wildList.indexOf(symbol) != -1): null

2019-08-24 13:05:38 - [TEST_STEP][PASSED] - symbols = symbols: null

2019-08-24 13:05:38 - [TEST_STEP][PASSED] - for ([j = 0, j &lt; symbols.size(), (j++)]): null

2019-08-24 13:05:38 - [TEST_STEP][PASSED] - symbol = symbol: null

2019-08-24 13:05:38 - [TEST_STEP][PASSED] - println(symbol): null

2019-08-24 13:05:38 - [TEST_STEP][PASSED] - if (i == 2 &amp;&amp; wildList.indexOf(symbol) != -1): null

2019-08-24 13:05:38 - [TEST_STEP][PASSED] - if (i == 3 &amp;&amp; wildList.indexOf(symbol) != -1): null

2019-08-24 13:05:38 - [TEST_STEP][PASSED] - if (i == 4 &amp;&amp; wildList.indexOf(symbol) != -1): null

2019-08-24 13:05:38 - [TEST_STEP][PASSED] - symbol = symbol: null

2019-08-24 13:05:38 - [TEST_STEP][PASSED] - println(symbol): null

2019-08-24 13:05:38 - [TEST_STEP][PASSED] - if (i == 2 &amp;&amp; wildList.indexOf(symbol) != -1): null

2019-08-24 13:05:38 - [TEST_STEP][PASSED] - if (i == 3 &amp;&amp; wildList.indexOf(symbol) != -1): null

2019-08-24 13:05:38 - [TEST_STEP][PASSED] - if (i == 4 &amp;&amp; wildList.indexOf(symbol) != -1): null

2019-08-24 13:05:38 - [TEST_STEP][PASSED] - symbol = symbol: null

2019-08-24 13:05:38 - [TEST_STEP][PASSED] - println(symbol): null

2019-08-24 13:05:38 - [TEST_STEP][PASSED] - if (i == 2 &amp;&amp; wildList.indexOf(symbol) != -1): null

2019-08-24 13:05:38 - [TEST_STEP][PASSED] - if (i == 3 &amp;&amp; wildList.indexOf(symbol) != -1): null

2019-08-24 13:05:38 - [TEST_STEP][PASSED] - if (i == 4 &amp;&amp; wildList.indexOf(symbol) != -1): null

2019-08-24 13:05:38 - [TEST_STEP][PASSED] - symbols = symbols: null

2019-08-24 13:05:38 - [TEST_STEP][PASSED] - for ([j = 0, j &lt; symbols.size(), (j++)]): null

2019-08-24 13:05:38 - [TEST_STEP][PASSED] - symbol = symbol: null

2019-08-24 13:05:38 - [TEST_STEP][PASSED] - println(symbol): null

2019-08-24 13:05:38 - [TEST_STEP][PASSED] - if (i == 2 &amp;&amp; wildList.indexOf(symbol) != -1): null

2019-08-24 13:05:38 - [TEST_STEP][PASSED] - if (i == 3 &amp;&amp; wildList.indexOf(symbol) != -1): null

2019-08-24 13:05:38 - [TEST_STEP][PASSED] - if (i == 4 &amp;&amp; wildList.indexOf(symbol) != -1): null

2019-08-24 13:05:38 - [TEST_STEP][PASSED] - symbol = symbol: null

2019-08-24 13:05:38 - [TEST_STEP][PASSED] - println(symbol): null

2019-08-24 13:05:38 - [TEST_STEP][PASSED] - if (i == 2 &amp;&amp; wildList.indexOf(symbol) != -1): null

2019-08-24 13:05:38 - [TEST_STEP][PASSED] - if (i == 3 &amp;&amp; wildList.indexOf(symbol) != -1): null

2019-08-24 13:05:38 - [TEST_STEP][PASSED] - if (i == 4 &amp;&amp; wildList.indexOf(symbol) != -1): null

2019-08-24 13:05:38 - [TEST_STEP][PASSED] - symbol = symbol: null

2019-08-24 13:05:38 - [TEST_STEP][PASSED] - println(symbol): null

2019-08-24 13:05:38 - [TEST_STEP][PASSED] - if (i == 2 &amp;&amp; wildList.indexOf(symbol) != -1): null

2019-08-24 13:05:38 - [TEST_STEP][PASSED] - if (i == 3 &amp;&amp; wildList.indexOf(symbol) != -1): null

2019-08-24 13:05:38 - [TEST_STEP][PASSED] - if (i == 4 &amp;&amp; wildList.indexOf(symbol) != -1): null

2019-08-24 13:05:38 - [TEST_STEP][PASSED] - free_spin_reel_counter = free_spin_reel_counter: null

2019-08-24 13:05:38 - [TEST_STEP][PASSED] - println("reel 3 wild found: " + free_spin_reel_counter[0]): null

2019-08-24 13:05:38 - [TEST_STEP][PASSED] - println("reel 4 wild found: " + free_spin_reel_counter[1]): null

2019-08-24 13:05:38 - [TEST_STEP][PASSED] - println("reel 5 wild found: " + free_spin_reel_counter[2]): null

2019-08-24 13:05:38 - [TEST_STEP][PASSED] - M4_spin_reels = M4_spin_reels: null

2019-08-24 13:05:38 - [TEST_STEP][PASSED] - M4_spin_reels_symbols = symbol: null

2019-08-24 13:05:38 - [TEST_STEP][PASSED] - M4_spin_reels_symbols = M4_spin_reels_symbols: null

2019-08-24 13:05:38 - [TEST_STEP][PASSED] - M4_spin_reel_wins = reel_wins: null

2019-08-24 13:05:38 - [TEST_STEP][PASSED] - M4_spin_reel_wins = M4_spin_reel_wins: null

2019-08-24 13:05:38 - [TEST_STEP][PASSED] - println("GlobalVariable.M4_spin_reel_wins is: " + M4_spin_reel_wins): null

2019-08-24 13:05:38 - [TEST_STEP][PASSED] - M4_spin_total_bonus_win_this_round = total_bonus_win_this_round: null

2019-08-24 13:05:38 - [TEST_STEP][PASSED] - M4_spin_total_bonus_win_this_round = M4_spin_total_bonus_win_this_round: null

2019-08-24 13:05:38 - [TEST_STEP][PASSED] - println("GlobalVariable.M4_spin_total_bonus_win_this_round is: " + M4_spin_total_bonus_win_this_round): null

2019-08-24 13:05:38 - [TEST_STEP][PASSED] - M4_spin_bonus_spin_result = spin_result: null

2019-08-24 13:05:38 - [TEST_STEP][PASSED] - M4_spin_bonus_spin_result = M4_spin_bonus_spin_result: null

2019-08-24 13:05:38 - [MESSAGE][PASSED] - Verify response successfully

2019-08-24 13:05:38 - [MESSAGE][PASSED] - Send request and verify the response successfully

2019-08-24 13:05:38 - [TEST_STEP][PASSED] - if (M4_total_bonus_spins_int != 0 &amp;&amp; M4_spin_reels_symbols[2].contains("WILD_Expanding")): null

2019-08-24 13:05:38 - [TEST_STEP][PASSED] - free_spin_reel_counter = free_spin_reel_counter: null

2019-08-24 13:05:38 - [TEST_STEP][PASSED] - M4_spin_reels_symbols = M4_spin_reels_symbols: null

2019-08-24 13:05:38 - [TEST_STEP][PASSED] - M4_total_bonus_spins = M4_total_bonus_spins: null

2019-08-24 13:05:38 - [TEST_STEP][PASSED] - spin_result = sendRequestAndVerify(findTestObject("INT/RGS(M4)/1_M4_spin", ["M4_login_user_id":M4_login_user_id, "rgs_session_token":rgs_session_token, "partner":Partner])): Send request and verify the response successfully

2019-08-24 13:05:38 - [MESSAGE][INFO] - HAR: /Users/eiralee/Katalon_Script/SuperWild/Reports/20190824_125957/INT/superWild_5/20190824_125957/requests/main/103.har

2019-08-24 13:05:38 - [TEST_CASE][PASSED] - Start Test Case : Verification: Verification accomplished successfully

2019-08-24 13:05:38 - [TEST_STEP][PASSED] - request = getInstance().getCurrentRequest(): null

2019-08-24 13:05:38 - [TEST_STEP][PASSED] - response = getInstance().getCurrentResponse(): null

2019-08-24 13:05:38 - [TEST_STEP][PASSED] - verifyResponseStatusCode(response, 200): Verify response status code successfully

2019-08-24 13:05:38 - [MESSAGE][PASSED] - Verify response status code successfully

2019-08-24 13:05:38 - [TEST_STEP][PASSED] - getStatusCode()).isEqualTo(200): null

2019-08-24 13:05:38 - [TEST_STEP][PASSED] - newline = System.getProperty("line.separator"): null

2019-08-24 13:05:38 - [TEST_STEP][PASSED] - M4_spin = new groovy.json.JsonSlurper(): null

2019-08-24 13:05:38 - [TEST_STEP][PASSED] - result_M4_spin = M4_spin.parseText(response.getResponseBodyContent()): null

2019-08-24 13:05:38 - [TEST_STEP][PASSED] - M4_spin_current_balance = current_balance: null

2019-08-24 13:05:38 - [TEST_STEP][PASSED] - M4_spin_current_balance = M4_spin_current_balance: null

2019-08-24 13:05:38 - [TEST_STEP][PASSED] - M4_spin_transaction_id = causality: null

2019-08-24 13:05:38 - [TEST_STEP][PASSED] - M4_spin_transaction_id = M4_spin_transaction_id: null

2019-08-24 13:05:38 - [TEST_STEP][PASSED] - M4_spin_round_id = round_id: null

2019-08-24 13:05:38 - [TEST_STEP][PASSED] - M4_spin_round_id = M4_spin_round_id: null

2019-08-24 13:05:38 - [TEST_STEP][PASSED] - M4_spin_line_wins = line_wins: null

2019-08-24 13:05:38 - [TEST_STEP][PASSED] - M4_spin_line_wins = M4_spin_line_wins: null

2019-08-24 13:05:38 - [TEST_STEP][PASSED] - M4_total_bonus_spins_int = total_bonus_spins: null

2019-08-24 13:05:38 - [TEST_STEP][PASSED] - println("******M4_total_bonus_spins type is:*******" + newline + getClass().getName()): null

2019-08-24 13:05:38 - [TEST_STEP][PASSED] - M4_total_bonus_spins_int = M4_total_bonus_spins_int: null

2019-08-24 13:05:38 - [TEST_STEP][PASSED] - M4_total_bonus_spins = Integer.toString(M4_total_bonus_spins_int): null

2019-08-24 13:05:38 - [TEST_STEP][PASSED] - M4_total_bonus_spins = M4_total_bonus_spins: null

2019-08-24 13:05:38 - [TEST_STEP][PASSED] - println("M4_total_bonus_spins is:" + M4_total_bonus_spins): null

2019-08-24 13:05:38 - [TEST_STEP][PASSED] - M4_spin_bonus_data = bonus_data: null

2019-08-24 13:05:38 - [TEST_STEP][PASSED] - M4_spin_features_triggered = result_M4_spin: null

2019-08-24 13:05:38 - [TEST_STEP][PASSED] - wild = []: null

2019-08-24 13:05:38 - [TEST_STEP][PASSED] - wild[0] = "WILD_Expanding": null

2019-08-24 13:05:38 - [TEST_STEP][PASSED] - wild[1] = "WILD_Normal": null

2019-08-24 13:05:38 - [TEST_STEP][PASSED] - wild[2] = "WILD_Double": null

2019-08-24 13:05:38 - [TEST_STEP][PASSED] - wild[3] = "WILD_ExtraFG": null

2019-08-24 13:05:38 - [TEST_STEP][PASSED] - wild[4] = "WILD_Triple": null

2019-08-24 13:05:38 - [TEST_STEP][PASSED] - wildList = Arrays.asList(wild): null

2019-08-24 13:05:38 - [TEST_STEP][PASSED] - wildList = wildList: null

2019-08-24 13:05:38 - [TEST_STEP][PASSED] - free_spin_reel_counter = []: null

2019-08-24 13:05:38 - [TEST_STEP][PASSED] - free_spin_reel_counter[0] = 0: null

2019-08-24 13:05:38 - [TEST_STEP][PASSED] - free_spin_reel_counter[1] = 0: null

2019-08-24 13:05:38 - [TEST_STEP][PASSED] - free_spin_reel_counter[2] = 0: null

2019-08-24 13:05:38 - [TEST_STEP][PASSED] - M4_spin_reels = reels: null

2019-08-24 13:05:38 - [TEST_STEP][PASSED] - for ([i = 0, i &lt; M4_spin_reels.size(), (i++)]): null

2019-08-24 13:05:38 - [TEST_STEP][PASSED] - symbols = symbols: null

2019-08-24 13:05:38 - [TEST_STEP][PASSED] - for ([j = 0, j &lt; symbols.size(), (j++)]): null

2019-08-24 13:05:38 - [TEST_STEP][PASSED] - symbol = symbol: null

2019-08-24 13:05:38 - [TEST_STEP][PASSED] - println(symbol): null

2019-08-24 13:05:38 - [TEST_STEP][PASSED] - if (i == 2 &amp;&amp; wildList.indexOf(symbol) != -1): null

2019-08-24 13:05:38 - [TEST_STEP][PASSED] - if (i == 3 &amp;&amp; wildList.indexOf(symbol) != -1): null

2019-08-24 13:05:38 - [TEST_STEP][PASSED] - if (i == 4 &amp;&amp; wildList.indexOf(symbol) != -1): null

2019-08-24 13:05:38 - [TEST_STEP][PASSED] - symbol = symbol: null

2019-08-24 13:05:38 - [TEST_STEP][PASSED] - println(symbol): null

2019-08-24 13:05:38 - [TEST_STEP][PASSED] - if (i == 2 &amp;&amp; wildList.indexOf(symbol) != -1): null

2019-08-24 13:05:38 - [TEST_STEP][PASSED] - if (i == 3 &amp;&amp; wildList.indexOf(symbol) != -1): null

2019-08-24 13:05:38 - [TEST_STEP][PASSED] - if (i == 4 &amp;&amp; wildList.indexOf(symbol) != -1): null

2019-08-24 13:05:38 - [TEST_STEP][PASSED] - symbol = symbol: null

2019-08-24 13:05:38 - [TEST_STEP][PASSED] - println(symbol): null

2019-08-24 13:05:38 - [TEST_STEP][PASSED] - if (i == 2 &amp;&amp; wildList.indexOf(symbol) != -1): null

2019-08-24 13:05:38 - [TEST_STEP][PASSED] - if (i == 3 &amp;&amp; wildList.indexOf(symbol) != -1): null

2019-08-24 13:05:38 - [TEST_STEP][PASSED] - if (i == 4 &amp;&amp; wildList.indexOf(symbol) != -1): null

2019-08-24 13:05:38 - [TEST_STEP][PASSED] - symbols = symbols: null

2019-08-24 13:05:38 - [TEST_STEP][PASSED] - for ([j = 0, j &lt; symbols.size(), (j++)]): null

2019-08-24 13:05:38 - [TEST_STEP][PASSED] - symbol = symbol: null

2019-08-24 13:05:38 - [TEST_STEP][PASSED] - println(symbol): null

2019-08-24 13:05:38 - [TEST_STEP][PASSED] - if (i == 2 &amp;&amp; wildList.indexOf(symbol) != -1): null

2019-08-24 13:05:38 - [TEST_STEP][PASSED] - if (i == 3 &amp;&amp; wildList.indexOf(symbol) != -1): null

2019-08-24 13:05:38 - [TEST_STEP][PASSED] - if (i == 4 &amp;&amp; wildList.indexOf(symbol) != -1): null

2019-08-24 13:05:38 - [TEST_STEP][PASSED] - symbol = symbol: null

2019-08-24 13:05:38 - [TEST_STEP][PASSED] - println(symbol): null

2019-08-24 13:05:38 - [TEST_STEP][PASSED] - if (i == 2 &amp;&amp; wildList.indexOf(symbol) != -1): null

2019-08-24 13:05:38 - [TEST_STEP][PASSED] - if (i == 3 &amp;&amp; wildList.indexOf(symbol) != -1): null

2019-08-24 13:05:38 - [TEST_STEP][PASSED] - if (i == 4 &amp;&amp; wildList.indexOf(symbol) != -1): null

2019-08-24 13:05:38 - [TEST_STEP][PASSED] - symbol = symbol: null

2019-08-24 13:05:38 - [TEST_STEP][PASSED] - println(symbol): null

2019-08-24 13:05:38 - [TEST_STEP][PASSED] - if (i == 2 &amp;&amp; wildList.indexOf(symbol) != -1): null

2019-08-24 13:05:38 - [TEST_STEP][PASSED] - if (i == 3 &amp;&amp; wildList.indexOf(symbol) != -1): null

2019-08-24 13:05:38 - [TEST_STEP][PASSED] - if (i == 4 &amp;&amp; wildList.indexOf(symbol) != -1): null

2019-08-24 13:05:38 - [TEST_STEP][PASSED] - symbols = symbols: null

2019-08-24 13:05:38 - [TEST_STEP][PASSED] - for ([j = 0, j &lt; symbols.size(), (j++)]): null

2019-08-24 13:05:38 - [TEST_STEP][PASSED] - symbol = symbol: null

2019-08-24 13:05:38 - [TEST_STEP][PASSED] - println(symbol): null

2019-08-24 13:05:38 - [TEST_STEP][PASSED] - if (i == 2 &amp;&amp; wildList.indexOf(symbol) != -1): null

2019-08-24 13:05:38 - [TEST_STEP][PASSED] - if (i == 3 &amp;&amp; wildList.indexOf(symbol) != -1): null

2019-08-24 13:05:38 - [TEST_STEP][PASSED] - if (i == 4 &amp;&amp; wildList.indexOf(symbol) != -1): null

2019-08-24 13:05:38 - [TEST_STEP][PASSED] - symbol = symbol: null

2019-08-24 13:05:38 - [TEST_STEP][PASSED] - println(symbol): null

2019-08-24 13:05:38 - [TEST_STEP][PASSED] - if (i == 2 &amp;&amp; wildList.indexOf(symbol) != -1): null

2019-08-24 13:05:38 - [TEST_STEP][PASSED] - if (i == 3 &amp;&amp; wildList.indexOf(symbol) != -1): null

2019-08-24 13:05:38 - [TEST_STEP][PASSED] - if (i == 4 &amp;&amp; wildList.indexOf(symbol) != -1): null

2019-08-24 13:05:38 - [TEST_STEP][PASSED] - symbol = symbol: null

2019-08-24 13:05:38 - [TEST_STEP][PASSED] - println(symbol): null

2019-08-24 13:05:38 - [TEST_STEP][PASSED] - if (i == 2 &amp;&amp; wildList.indexOf(symbol) != -1): null

2019-08-24 13:05:38 - [TEST_STEP][PASSED] - if (i == 3 &amp;&amp; wildList.indexOf(symbol) != -1): null

2019-08-24 13:05:38 - [TEST_STEP][PASSED] - if (i == 4 &amp;&amp; wildList.indexOf(symbol) != -1): null

2019-08-24 13:05:38 - [TEST_STEP][PASSED] - symbols = symbols: null

2019-08-24 13:05:38 - [TEST_STEP][PASSED] - for ([j = 0, j &lt; symbols.size(), (j++)]): null

2019-08-24 13:05:38 - [TEST_STEP][PASSED] - symbol = symbol: null

2019-08-24 13:05:38 - [TEST_STEP][PASSED] - println(symbol): null

2019-08-24 13:05:38 - [TEST_STEP][PASSED] - if (i == 2 &amp;&amp; wildList.indexOf(symbol) != -1): null

2019-08-24 13:05:38 - [TEST_STEP][PASSED] - if (i == 3 &amp;&amp; wildList.indexOf(symbol) != -1): null

2019-08-24 13:05:38 - [TEST_STEP][PASSED] - if (i == 4 &amp;&amp; wildList.indexOf(symbol) != -1): null

2019-08-24 13:05:38 - [TEST_STEP][PASSED] - symbol = symbol: null

2019-08-24 13:05:38 - [TEST_STEP][PASSED] - println(symbol): null

2019-08-24 13:05:38 - [TEST_STEP][PASSED] - if (i == 2 &amp;&amp; wildList.indexOf(symbol) != -1): null

2019-08-24 13:05:38 - [TEST_STEP][PASSED] - if (i == 3 &amp;&amp; wildList.indexOf(symbol) != -1): null

2019-08-24 13:05:38 - [TEST_STEP][PASSED] - if (i == 4 &amp;&amp; wildList.indexOf(symbol) != -1): null

2019-08-24 13:05:38 - [TEST_STEP][PASSED] - symbol = symbol: null

2019-08-24 13:05:38 - [TEST_STEP][PASSED] - println(symbol): null

2019-08-24 13:05:38 - [TEST_STEP][PASSED] - if (i == 2 &amp;&amp; wildList.indexOf(symbol) != -1): null

2019-08-24 13:05:38 - [TEST_STEP][PASSED] - if (i == 3 &amp;&amp; wildList.indexOf(symbol) != -1): null

2019-08-24 13:05:38 - [TEST_STEP][PASSED] - if (i == 4 &amp;&amp; wildList.indexOf(symbol) != -1): null

2019-08-24 13:05:38 - [TEST_STEP][PASSED] - symbols = symbols: null

2019-08-24 13:05:38 - [TEST_STEP][PASSED] - for ([j = 0, j &lt; symbols.size(), (j++)]): null

2019-08-24 13:05:38 - [TEST_STEP][PASSED] - symbol = symbol: null

2019-08-24 13:05:38 - [TEST_STEP][PASSED] - println(symbol): null

2019-08-24 13:05:38 - [TEST_STEP][PASSED] - if (i == 2 &amp;&amp; wildList.indexOf(symbol) != -1): null

2019-08-24 13:05:38 - [TEST_STEP][PASSED] - if (i == 3 &amp;&amp; wildList.indexOf(symbol) != -1): null

2019-08-24 13:05:38 - [TEST_STEP][PASSED] - if (i == 4 &amp;&amp; wildList.indexOf(symbol) != -1): null

2019-08-24 13:05:38 - [TEST_STEP][PASSED] - symbol = symbol: null

2019-08-24 13:05:38 - [TEST_STEP][PASSED] - println(symbol): null

2019-08-24 13:05:38 - [TEST_STEP][PASSED] - if (i == 2 &amp;&amp; wildList.indexOf(symbol) != -1): null

2019-08-24 13:05:38 - [TEST_STEP][PASSED] - if (i == 3 &amp;&amp; wildList.indexOf(symbol) != -1): null

2019-08-24 13:05:38 - [TEST_STEP][PASSED] - if (i == 4 &amp;&amp; wildList.indexOf(symbol) != -1): null

2019-08-24 13:05:38 - [TEST_STEP][PASSED] - symbol = symbol: null

2019-08-24 13:05:38 - [TEST_STEP][PASSED] - println(symbol): null

2019-08-24 13:05:38 - [TEST_STEP][PASSED] - if (i == 2 &amp;&amp; wildList.indexOf(symbol) != -1): null

2019-08-24 13:05:38 - [TEST_STEP][PASSED] - if (i == 3 &amp;&amp; wildList.indexOf(symbol) != -1): null

2019-08-24 13:05:38 - [TEST_STEP][PASSED] - if (i == 4 &amp;&amp; wildList.indexOf(symbol) != -1): null

2019-08-24 13:05:38 - [TEST_STEP][PASSED] - free_spin_reel_counter = free_spin_reel_counter: null

2019-08-24 13:05:38 - [TEST_STEP][PASSED] - println("reel 3 wild found: " + free_spin_reel_counter[0]): null

2019-08-24 13:05:38 - [TEST_STEP][PASSED] - println("reel 4 wild found: " + free_spin_reel_counter[1]): null

2019-08-24 13:05:38 - [TEST_STEP][PASSED] - println("reel 5 wild found: " + free_spin_reel_counter[2]): null

2019-08-24 13:05:38 - [TEST_STEP][PASSED] - M4_spin_reels = M4_spin_reels: null

2019-08-24 13:05:38 - [TEST_STEP][PASSED] - M4_spin_reels_symbols = symbol: null

2019-08-24 13:05:38 - [TEST_STEP][PASSED] - M4_spin_reels_symbols = M4_spin_reels_symbols: null

2019-08-24 13:05:38 - [TEST_STEP][PASSED] - M4_spin_reel_wins = reel_wins: null

2019-08-24 13:05:38 - [TEST_STEP][PASSED] - M4_spin_reel_wins = M4_spin_reel_wins: null

2019-08-24 13:05:38 - [TEST_STEP][PASSED] - println("GlobalVariable.M4_spin_reel_wins is: " + M4_spin_reel_wins): null

2019-08-24 13:05:38 - [TEST_STEP][PASSED] - M4_spin_total_bonus_win_this_round = total_bonus_win_this_round: null

2019-08-24 13:05:38 - [TEST_STEP][PASSED] - M4_spin_total_bonus_win_this_round = M4_spin_total_bonus_win_this_round: null

2019-08-24 13:05:38 - [TEST_STEP][PASSED] - println("GlobalVariable.M4_spin_total_bonus_win_this_round is: " + M4_spin_total_bonus_win_this_round): null

2019-08-24 13:05:38 - [TEST_STEP][PASSED] - M4_spin_bonus_spin_result = spin_result: null

2019-08-24 13:05:38 - [TEST_STEP][PASSED] - M4_spin_bonus_spin_result = M4_spin_bonus_spin_result: null

2019-08-24 13:05:38 - [MESSAGE][PASSED] - Verify response successfully

2019-08-24 13:05:38 - [MESSAGE][PASSED] - Send request and verify the response successfully

2019-08-24 13:05:38 - [TEST_STEP][PASSED] - if (M4_total_bonus_spins_int != 0 &amp;&amp; M4_spin_reels_symbols[2].contains("WILD_Expanding")): null

2019-08-24 13:05:38 - [TEST_STEP][PASSED] - free_spin_reel_counter = free_spin_reel_counter: null

2019-08-24 13:05:38 - [TEST_STEP][PASSED] - M4_spin_reels_symbols = M4_spin_reels_symbols: null

2019-08-24 13:05:38 - [TEST_STEP][PASSED] - M4_total_bonus_spins = M4_total_bonus_spins: null

2019-08-24 13:05:38 - [TEST_STEP][PASSED] - spin_result = sendRequestAndVerify(findTestObject("INT/RGS(M4)/1_M4_spin", ["M4_login_user_id":M4_login_user_id, "rgs_session_token":rgs_session_token, "partner":Partner])): Send request and verify the response successfully

2019-08-24 13:05:38 - [MESSAGE][INFO] - HAR: /Users/eiralee/Katalon_Script/SuperWild/Reports/20190824_125957/INT/superWild_5/20190824_125957/requests/main/104.har

2019-08-24 13:05:39 - [TEST_CASE][PASSED] - Start Test Case : Verification: Verification accomplished successfully

2019-08-24 13:05:39 - [TEST_STEP][PASSED] - request = getInstance().getCurrentRequest(): null

2019-08-24 13:05:39 - [TEST_STEP][PASSED] - response = getInstance().getCurrentResponse(): null

2019-08-24 13:05:39 - [TEST_STEP][PASSED] - verifyResponseStatusCode(response, 200): Verify response status code successfully

2019-08-24 13:05:39 - [MESSAGE][PASSED] - Verify response status code successfully

2019-08-24 13:05:39 - [TEST_STEP][PASSED] - getStatusCode()).isEqualTo(200): null

2019-08-24 13:05:39 - [TEST_STEP][PASSED] - newline = System.getProperty("line.separator"): null

2019-08-24 13:05:39 - [TEST_STEP][PASSED] - M4_spin = new groovy.json.JsonSlurper(): null

2019-08-24 13:05:39 - [TEST_STEP][PASSED] - result_M4_spin = M4_spin.parseText(response.getResponseBodyContent()): null

2019-08-24 13:05:39 - [TEST_STEP][PASSED] - M4_spin_current_balance = current_balance: null

2019-08-24 13:05:39 - [TEST_STEP][PASSED] - M4_spin_current_balance = M4_spin_current_balance: null

2019-08-24 13:05:39 - [TEST_STEP][PASSED] - M4_spin_transaction_id = causality: null

2019-08-24 13:05:39 - [TEST_STEP][PASSED] - M4_spin_transaction_id = M4_spin_transaction_id: null

2019-08-24 13:05:39 - [TEST_STEP][PASSED] - M4_spin_round_id = round_id: null

2019-08-24 13:05:39 - [TEST_STEP][PASSED] - M4_spin_round_id = M4_spin_round_id: null

2019-08-24 13:05:39 - [TEST_STEP][PASSED] - M4_spin_line_wins = line_wins: null

2019-08-24 13:05:39 - [TEST_STEP][PASSED] - M4_spin_line_wins = M4_spin_line_wins: null

2019-08-24 13:05:39 - [TEST_STEP][PASSED] - M4_total_bonus_spins_int = total_bonus_spins: null

2019-08-24 13:05:39 - [TEST_STEP][PASSED] - println("******M4_total_bonus_spins type is:*******" + newline + getClass().getName()): null

2019-08-24 13:05:39 - [TEST_STEP][PASSED] - M4_total_bonus_spins_int = M4_total_bonus_spins_int: null

2019-08-24 13:05:39 - [TEST_STEP][PASSED] - M4_total_bonus_spins = Integer.toString(M4_total_bonus_spins_int): null

2019-08-24 13:05:39 - [TEST_STEP][PASSED] - M4_total_bonus_spins = M4_total_bonus_spins: null

2019-08-24 13:05:39 - [TEST_STEP][PASSED] - println("M4_total_bonus_spins is:" + M4_total_bonus_spins): null

2019-08-24 13:05:39 - [TEST_STEP][PASSED] - M4_spin_bonus_data = bonus_data: null

2019-08-24 13:05:39 - [TEST_STEP][PASSED] - M4_spin_features_triggered = result_M4_spin: null

2019-08-24 13:05:39 - [TEST_STEP][PASSED] - wild = []: null

2019-08-24 13:05:39 - [TEST_STEP][PASSED] - wild[0] = "WILD_Expanding": null

2019-08-24 13:05:39 - [TEST_STEP][PASSED] - wild[1] = "WILD_Normal": null

2019-08-24 13:05:39 - [TEST_STEP][PASSED] - wild[2] = "WILD_Double": null

2019-08-24 13:05:39 - [TEST_STEP][PASSED] - wild[3] = "WILD_ExtraFG": null

2019-08-24 13:05:39 - [TEST_STEP][PASSED] - wild[4] = "WILD_Triple": null

2019-08-24 13:05:39 - [TEST_STEP][PASSED] - wildList = Arrays.asList(wild): null

2019-08-24 13:05:39 - [TEST_STEP][PASSED] - wildList = wildList: null

2019-08-24 13:05:39 - [TEST_STEP][PASSED] - free_spin_reel_counter = []: null

2019-08-24 13:05:39 - [TEST_STEP][PASSED] - free_spin_reel_counter[0] = 0: null

2019-08-24 13:05:39 - [TEST_STEP][PASSED] - free_spin_reel_counter[1] = 0: null

2019-08-24 13:05:39 - [TEST_STEP][PASSED] - free_spin_reel_counter[2] = 0: null

2019-08-24 13:05:39 - [TEST_STEP][PASSED] - M4_spin_reels = reels: null

2019-08-24 13:05:39 - [TEST_STEP][PASSED] - for ([i = 0, i &lt; M4_spin_reels.size(), (i++)]): null

2019-08-24 13:05:39 - [TEST_STEP][PASSED] - symbols = symbols: null

2019-08-24 13:05:39 - [TEST_STEP][PASSED] - for ([j = 0, j &lt; symbols.size(), (j++)]): null

2019-08-24 13:05:39 - [TEST_STEP][PASSED] - symbol = symbol: null

2019-08-24 13:05:39 - [TEST_STEP][PASSED] - println(symbol): null

2019-08-24 13:05:39 - [TEST_STEP][PASSED] - if (i == 2 &amp;&amp; wildList.indexOf(symbol) != -1): null

2019-08-24 13:05:39 - [TEST_STEP][PASSED] - if (i == 3 &amp;&amp; wildList.indexOf(symbol) != -1): null

2019-08-24 13:05:39 - [TEST_STEP][PASSED] - if (i == 4 &amp;&amp; wildList.indexOf(symbol) != -1): null

2019-08-24 13:05:39 - [TEST_STEP][PASSED] - symbol = symbol: null

2019-08-24 13:05:39 - [TEST_STEP][PASSED] - println(symbol): null

2019-08-24 13:05:39 - [TEST_STEP][PASSED] - if (i == 2 &amp;&amp; wildList.indexOf(symbol) != -1): null

2019-08-24 13:05:39 - [TEST_STEP][PASSED] - if (i == 3 &amp;&amp; wildList.indexOf(symbol) != -1): null

2019-08-24 13:05:39 - [TEST_STEP][PASSED] - if (i == 4 &amp;&amp; wildList.indexOf(symbol) != -1): null

2019-08-24 13:05:39 - [TEST_STEP][PASSED] - symbol = symbol: null

2019-08-24 13:05:39 - [TEST_STEP][PASSED] - println(symbol): null

2019-08-24 13:05:39 - [TEST_STEP][PASSED] - if (i == 2 &amp;&amp; wildList.indexOf(symbol) != -1): null

2019-08-24 13:05:39 - [TEST_STEP][PASSED] - if (i == 3 &amp;&amp; wildList.indexOf(symbol) != -1): null

2019-08-24 13:05:39 - [TEST_STEP][PASSED] - if (i == 4 &amp;&amp; wildList.indexOf(symbol) != -1): null

2019-08-24 13:05:39 - [TEST_STEP][PASSED] - symbols = symbols: null

2019-08-24 13:05:39 - [TEST_STEP][PASSED] - for ([j = 0, j &lt; symbols.size(), (j++)]): null

2019-08-24 13:05:39 - [TEST_STEP][PASSED] - symbol = symbol: null

2019-08-24 13:05:39 - [TEST_STEP][PASSED] - println(symbol): null

2019-08-24 13:05:39 - [TEST_STEP][PASSED] - if (i == 2 &amp;&amp; wildList.indexOf(symbol) != -1): null

2019-08-24 13:05:39 - [TEST_STEP][PASSED] - if (i == 3 &amp;&amp; wildList.indexOf(symbol) != -1): null

2019-08-24 13:05:39 - [TEST_STEP][PASSED] - if (i == 4 &amp;&amp; wildList.indexOf(symbol) != -1): null

2019-08-24 13:05:39 - [TEST_STEP][PASSED] - symbol = symbol: null

2019-08-24 13:05:39 - [TEST_STEP][PASSED] - println(symbol): null

2019-08-24 13:05:39 - [TEST_STEP][PASSED] - if (i == 2 &amp;&amp; wildList.indexOf(symbol) != -1): null

2019-08-24 13:05:39 - [TEST_STEP][PASSED] - if (i == 3 &amp;&amp; wildList.indexOf(symbol) != -1): null

2019-08-24 13:05:39 - [TEST_STEP][PASSED] - if (i == 4 &amp;&amp; wildList.indexOf(symbol) != -1): null

2019-08-24 13:05:39 - [TEST_STEP][PASSED] - symbol = symbol: null

2019-08-24 13:05:39 - [TEST_STEP][PASSED] - println(symbol): null

2019-08-24 13:05:39 - [TEST_STEP][PASSED] - if (i == 2 &amp;&amp; wildList.indexOf(symbol) != -1): null

2019-08-24 13:05:39 - [TEST_STEP][PASSED] - if (i == 3 &amp;&amp; wildList.indexOf(symbol) != -1): null

2019-08-24 13:05:39 - [TEST_STEP][PASSED] - if (i == 4 &amp;&amp; wildList.indexOf(symbol) != -1): null

2019-08-24 13:05:39 - [TEST_STEP][PASSED] - symbols = symbols: null

2019-08-24 13:05:39 - [TEST_STEP][PASSED] - for ([j = 0, j &lt; symbols.size(), (j++)]): null

2019-08-24 13:05:39 - [TEST_STEP][PASSED] - symbol = symbol: null

2019-08-24 13:05:39 - [TEST_STEP][PASSED] - println(symbol): null

2019-08-24 13:05:39 - [TEST_STEP][PASSED] - if (i == 2 &amp;&amp; wildList.indexOf(symbol) != -1): null

2019-08-24 13:05:39 - [TEST_STEP][PASSED] - if (i == 3 &amp;&amp; wildList.indexOf(symbol) != -1): null

2019-08-24 13:05:39 - [TEST_STEP][PASSED] - if (i == 4 &amp;&amp; wildList.indexOf(symbol) != -1): null

2019-08-24 13:05:39 - [TEST_STEP][PASSED] - symbol = symbol: null

2019-08-24 13:05:39 - [TEST_STEP][PASSED] - println(symbol): null

2019-08-24 13:05:39 - [TEST_STEP][PASSED] - if (i == 2 &amp;&amp; wildList.indexOf(symbol) != -1): null

2019-08-24 13:05:39 - [TEST_STEP][PASSED] - println("wild found on reel 3, adding counter by 1"): null

2019-08-24 13:05:39 - [TEST_STEP][PASSED] - free_spin_reel_counter[0] = free_spin_reel_counter[0] + 1: null

2019-08-24 13:05:39 - [TEST_STEP][PASSED] - if (i == 3 &amp;&amp; wildList.indexOf(symbol) != -1): null

2019-08-24 13:05:39 - [TEST_STEP][PASSED] - if (i == 4 &amp;&amp; wildList.indexOf(symbol) != -1): null

2019-08-24 13:05:39 - [TEST_STEP][PASSED] - symbol = symbol: null

2019-08-24 13:05:39 - [TEST_STEP][PASSED] - println(symbol): null

2019-08-24 13:05:39 - [TEST_STEP][PASSED] - if (i == 2 &amp;&amp; wildList.indexOf(symbol) != -1): null

2019-08-24 13:05:39 - [TEST_STEP][PASSED] - if (i == 3 &amp;&amp; wildList.indexOf(symbol) != -1): null

2019-08-24 13:05:39 - [TEST_STEP][PASSED] - if (i == 4 &amp;&amp; wildList.indexOf(symbol) != -1): null

2019-08-24 13:05:39 - [TEST_STEP][PASSED] - symbols = symbols: null

2019-08-24 13:05:39 - [TEST_STEP][PASSED] - for ([j = 0, j &lt; symbols.size(), (j++)]): null

2019-08-24 13:05:39 - [TEST_STEP][PASSED] - symbol = symbol: null

2019-08-24 13:05:39 - [TEST_STEP][PASSED] - println(symbol): null

2019-08-24 13:05:39 - [TEST_STEP][PASSED] - if (i == 2 &amp;&amp; wildList.indexOf(symbol) != -1): null

2019-08-24 13:05:39 - [TEST_STEP][PASSED] - if (i == 3 &amp;&amp; wildList.indexOf(symbol) != -1): null

2019-08-24 13:05:39 - [TEST_STEP][PASSED] - if (i == 4 &amp;&amp; wildList.indexOf(symbol) != -1): null

2019-08-24 13:05:39 - [TEST_STEP][PASSED] - symbol = symbol: null

2019-08-24 13:05:39 - [TEST_STEP][PASSED] - println(symbol): null

2019-08-24 13:05:39 - [TEST_STEP][PASSED] - if (i == 2 &amp;&amp; wildList.indexOf(symbol) != -1): null

2019-08-24 13:05:39 - [TEST_STEP][PASSED] - if (i == 3 &amp;&amp; wildList.indexOf(symbol) != -1): null

2019-08-24 13:05:39 - [TEST_STEP][PASSED] - if (i == 4 &amp;&amp; wildList.indexOf(symbol) != -1): null

2019-08-24 13:05:39 - [TEST_STEP][PASSED] - symbol = symbol: null

2019-08-24 13:05:39 - [TEST_STEP][PASSED] - println(symbol): null

2019-08-24 13:05:39 - [TEST_STEP][PASSED] - if (i == 2 &amp;&amp; wildList.indexOf(symbol) != -1): null

2019-08-24 13:05:39 - [TEST_STEP][PASSED] - if (i == 3 &amp;&amp; wildList.indexOf(symbol) != -1): null

2019-08-24 13:05:39 - [TEST_STEP][PASSED] - if (i == 4 &amp;&amp; wildList.indexOf(symbol) != -1): null

2019-08-24 13:05:39 - [TEST_STEP][PASSED] - symbols = symbols: null

2019-08-24 13:05:39 - [TEST_STEP][PASSED] - for ([j = 0, j &lt; symbols.size(), (j++)]): null

2019-08-24 13:05:39 - [TEST_STEP][PASSED] - symbol = symbol: null

2019-08-24 13:05:39 - [TEST_STEP][PASSED] - println(symbol): null

2019-08-24 13:05:39 - [TEST_STEP][PASSED] - if (i == 2 &amp;&amp; wildList.indexOf(symbol) != -1): null

2019-08-24 13:05:39 - [TEST_STEP][PASSED] - if (i == 3 &amp;&amp; wildList.indexOf(symbol) != -1): null

2019-08-24 13:05:39 - [TEST_STEP][PASSED] - if (i == 4 &amp;&amp; wildList.indexOf(symbol) != -1): null

2019-08-24 13:05:39 - [TEST_STEP][PASSED] - symbol = symbol: null

2019-08-24 13:05:39 - [TEST_STEP][PASSED] - println(symbol): null

2019-08-24 13:05:39 - [TEST_STEP][PASSED] - if (i == 2 &amp;&amp; wildList.indexOf(symbol) != -1): null

2019-08-24 13:05:39 - [TEST_STEP][PASSED] - if (i == 3 &amp;&amp; wildList.indexOf(symbol) != -1): null

2019-08-24 13:05:39 - [TEST_STEP][PASSED] - if (i == 4 &amp;&amp; wildList.indexOf(symbol) != -1): null

2019-08-24 13:05:39 - [TEST_STEP][PASSED] - symbol = symbol: null

2019-08-24 13:05:39 - [TEST_STEP][PASSED] - println(symbol): null

2019-08-24 13:05:39 - [TEST_STEP][PASSED] - if (i == 2 &amp;&amp; wildList.indexOf(symbol) != -1): null

2019-08-24 13:05:39 - [TEST_STEP][PASSED] - if (i == 3 &amp;&amp; wildList.indexOf(symbol) != -1): null

2019-08-24 13:05:39 - [TEST_STEP][PASSED] - if (i == 4 &amp;&amp; wildList.indexOf(symbol) != -1): null

2019-08-24 13:05:39 - [TEST_STEP][PASSED] - free_spin_reel_counter = free_spin_reel_counter: null

2019-08-24 13:05:39 - [TEST_STEP][PASSED] - println("reel 3 wild found: " + free_spin_reel_counter[0]): null

2019-08-24 13:05:39 - [TEST_STEP][PASSED] - println("reel 4 wild found: " + free_spin_reel_counter[1]): null

2019-08-24 13:05:39 - [TEST_STEP][PASSED] - println("reel 5 wild found: " + free_spin_reel_counter[2]): null

2019-08-24 13:05:39 - [TEST_STEP][PASSED] - M4_spin_reels = M4_spin_reels: null

2019-08-24 13:05:47 - [TEST_STEP][PASSED] - M4_spin_reels_symbols = symbol: null

2019-08-24 13:05:47 - [TEST_STEP][PASSED] - M4_spin_reels_symbols = M4_spin_reels_symbols: null

2019-08-24 13:05:47 - [TEST_STEP][PASSED] - M4_spin_reel_wins = reel_wins: null

2019-08-24 13:05:47 - [TEST_STEP][PASSED] - M4_spin_reel_wins = M4_spin_reel_wins: null

2019-08-24 13:05:47 - [TEST_STEP][PASSED] - println("GlobalVariable.M4_spin_reel_wins is: " + M4_spin_reel_wins): null

2019-08-24 13:05:47 - [TEST_STEP][PASSED] - M4_spin_total_bonus_win_this_round = total_bonus_win_this_round: null

2019-08-24 13:05:52 - [TEST_STEP][PASSED] - M4_spin_total_bonus_win_this_round = M4_spin_total_bonus_win_this_round: null

2019-08-24 13:05:52 - [TEST_STEP][PASSED] - println("GlobalVariable.M4_spin_total_bonus_win_this_round is: " + M4_spin_total_bonus_win_this_round): null

2019-08-24 13:05:52 - [TEST_STEP][PASSED] - M4_spin_bonus_spin_result = spin_result: null

2019-08-24 13:05:52 - [TEST_STEP][PASSED] - M4_spin_bonus_spin_result = M4_spin_bonus_spin_result: null

2019-08-24 13:05:52 - [MESSAGE][PASSED] - Verify response successfully

2019-08-24 13:05:52 - [MESSAGE][PASSED] - Send request and verify the response successfully

2019-08-24 13:05:52 - [TEST_STEP][PASSED] - if (M4_total_bonus_spins_int != 0 &amp;&amp; M4_spin_reels_symbols[2].contains("WILD_Expanding")): null

2019-08-24 13:05:52 - [TEST_STEP][PASSED] - free_spin_reel_counter = free_spin_reel_counter: null

2019-08-24 13:05:52 - [TEST_STEP][PASSED] - M4_spin_reels_symbols = M4_spin_reels_symbols: null

2019-08-24 13:05:52 - [TEST_STEP][PASSED] - M4_total_bonus_spins = M4_total_bonus_spins: null

2019-08-24 13:05:52 - [TEST_STEP][PASSED] - spin_result = sendRequestAndVerify(findTestObject("INT/RGS(M4)/1_M4_spin", ["M4_login_user_id":M4_login_user_id, "rgs_session_token":rgs_session_token, "partner":Partner])): Send request and verify the response successfully

2019-08-24 13:05:53 - [MESSAGE][INFO] - HAR: /Users/eiralee/Katalon_Script/SuperWild/Reports/20190824_125957/INT/superWild_5/20190824_125957/requests/main/105.har

2019-08-24 13:05:53 - [TEST_CASE][PASSED] - Start Test Case : Verification: Verification accomplished successfully

2019-08-24 13:05:53 - [TEST_STEP][PASSED] - request = getInstance().getCurrentRequest(): null

2019-08-24 13:05:53 - [TEST_STEP][PASSED] - response = getInstance().getCurrentResponse(): null

2019-08-24 13:05:53 - [TEST_STEP][PASSED] - verifyResponseStatusCode(response, 200): Verify response status code successfully

2019-08-24 13:05:53 - [MESSAGE][PASSED] - Verify response status code successfully

2019-08-24 13:05:53 - [TEST_STEP][PASSED] - getStatusCode()).isEqualTo(200): null

2019-08-24 13:05:53 - [TEST_STEP][PASSED] - newline = System.getProperty("line.separator"): null

2019-08-24 13:05:53 - [TEST_STEP][PASSED] - M4_spin = new groovy.json.JsonSlurper(): null

2019-08-24 13:05:53 - [TEST_STEP][PASSED] - result_M4_spin = M4_spin.parseText(response.getResponseBodyContent()): null

2019-08-24 13:05:53 - [TEST_STEP][PASSED] - M4_spin_current_balance = current_balance: null

2019-08-24 13:05:53 - [TEST_STEP][PASSED] - M4_spin_current_balance = M4_spin_current_balance: null

2019-08-24 13:05:53 - [TEST_STEP][PASSED] - M4_spin_transaction_id = causality: null

2019-08-24 13:05:53 - [TEST_STEP][PASSED] - M4_spin_transaction_id = M4_spin_transaction_id: null

2019-08-24 13:05:53 - [TEST_STEP][PASSED] - M4_spin_round_id = round_id: null

2019-08-24 13:05:53 - [TEST_STEP][PASSED] - M4_spin_round_id = M4_spin_round_id: null

2019-08-24 13:05:53 - [TEST_STEP][PASSED] - M4_spin_line_wins = line_wins: null

2019-08-24 13:05:53 - [TEST_STEP][PASSED] - M4_spin_line_wins = M4_spin_line_wins: null

2019-08-24 13:05:53 - [TEST_STEP][PASSED] - M4_total_bonus_spins_int = total_bonus_spins: null

2019-08-24 13:05:53 - [TEST_STEP][PASSED] - println("******M4_total_bonus_spins type is:*******" + newline + getClass().getName()): null

2019-08-24 13:05:53 - [TEST_STEP][PASSED] - M4_total_bonus_spins_int = M4_total_bonus_spins_int: null

2019-08-24 13:05:53 - [TEST_STEP][PASSED] - M4_total_bonus_spins = Integer.toString(M4_total_bonus_spins_int): null

2019-08-24 13:05:53 - [TEST_STEP][PASSED] - M4_total_bonus_spins = M4_total_bonus_spins: null

2019-08-24 13:05:53 - [TEST_STEP][PASSED] - println("M4_total_bonus_spins is:" + M4_total_bonus_spins): null

2019-08-24 13:05:53 - [TEST_STEP][PASSED] - M4_spin_bonus_data = bonus_data: null

2019-08-24 13:05:53 - [TEST_STEP][PASSED] - M4_spin_features_triggered = result_M4_spin: null

2019-08-24 13:05:53 - [TEST_STEP][PASSED] - wild = []: null

2019-08-24 13:05:53 - [TEST_STEP][PASSED] - wild[0] = "WILD_Expanding": null

2019-08-24 13:05:53 - [TEST_STEP][PASSED] - wild[1] = "WILD_Normal": null

2019-08-24 13:05:53 - [TEST_STEP][PASSED] - wild[2] = "WILD_Double": null

2019-08-24 13:05:53 - [TEST_STEP][PASSED] - wild[3] = "WILD_ExtraFG": null

2019-08-24 13:05:53 - [TEST_STEP][PASSED] - wild[4] = "WILD_Triple": null

2019-08-24 13:05:53 - [TEST_STEP][PASSED] - wildList = Arrays.asList(wild): null

2019-08-24 13:05:53 - [TEST_STEP][PASSED] - wildList = wildList: null

2019-08-24 13:05:53 - [TEST_STEP][PASSED] - free_spin_reel_counter = []: null

2019-08-24 13:05:53 - [TEST_STEP][PASSED] - free_spin_reel_counter[0] = 0: null

2019-08-24 13:05:53 - [TEST_STEP][PASSED] - free_spin_reel_counter[1] = 0: null

2019-08-24 13:05:53 - [TEST_STEP][PASSED] - free_spin_reel_counter[2] = 0: null

2019-08-24 13:05:53 - [TEST_STEP][PASSED] - M4_spin_reels = reels: null

2019-08-24 13:05:53 - [TEST_STEP][PASSED] - for ([i = 0, i &lt; M4_spin_reels.size(), (i++)]): null

2019-08-24 13:05:53 - [TEST_STEP][PASSED] - symbols = symbols: null

2019-08-24 13:05:53 - [TEST_STEP][PASSED] - for ([j = 0, j &lt; symbols.size(), (j++)]): null

2019-08-24 13:05:53 - [TEST_STEP][PASSED] - symbol = symbol: null

2019-08-24 13:05:53 - [TEST_STEP][PASSED] - println(symbol): null

2019-08-24 13:05:53 - [TEST_STEP][PASSED] - if (i == 2 &amp;&amp; wildList.indexOf(symbol) != -1): null

2019-08-24 13:05:53 - [TEST_STEP][PASSED] - if (i == 3 &amp;&amp; wildList.indexOf(symbol) != -1): null

2019-08-24 13:05:53 - [TEST_STEP][PASSED] - if (i == 4 &amp;&amp; wildList.indexOf(symbol) != -1): null

2019-08-24 13:05:53 - [TEST_STEP][PASSED] - symbol = symbol: null

2019-08-24 13:05:53 - [TEST_STEP][PASSED] - println(symbol): null

2019-08-24 13:05:53 - [TEST_STEP][PASSED] - if (i == 2 &amp;&amp; wildList.indexOf(symbol) != -1): null

2019-08-24 13:05:53 - [TEST_STEP][PASSED] - if (i == 3 &amp;&amp; wildList.indexOf(symbol) != -1): null

2019-08-24 13:05:53 - [TEST_STEP][PASSED] - if (i == 4 &amp;&amp; wildList.indexOf(symbol) != -1): null

2019-08-24 13:05:53 - [TEST_STEP][PASSED] - symbol = symbol: null

2019-08-24 13:05:53 - [TEST_STEP][PASSED] - println(symbol): null

2019-08-24 13:05:53 - [TEST_STEP][PASSED] - if (i == 2 &amp;&amp; wildList.indexOf(symbol) != -1): null

2019-08-24 13:05:53 - [TEST_STEP][PASSED] - if (i == 3 &amp;&amp; wildList.indexOf(symbol) != -1): null

2019-08-24 13:05:53 - [TEST_STEP][PASSED] - if (i == 4 &amp;&amp; wildList.indexOf(symbol) != -1): null

2019-08-24 13:05:53 - [TEST_STEP][PASSED] - symbols = symbols: null

2019-08-24 13:05:53 - [TEST_STEP][PASSED] - for ([j = 0, j &lt; symbols.size(), (j++)]): null

2019-08-24 13:05:53 - [TEST_STEP][PASSED] - symbol = symbol: null

2019-08-24 13:05:53 - [TEST_STEP][PASSED] - println(symbol): null

2019-08-24 13:05:53 - [TEST_STEP][PASSED] - if (i == 2 &amp;&amp; wildList.indexOf(symbol) != -1): null

2019-08-24 13:05:53 - [TEST_STEP][PASSED] - if (i == 3 &amp;&amp; wildList.indexOf(symbol) != -1): null

2019-08-24 13:05:53 - [TEST_STEP][PASSED] - if (i == 4 &amp;&amp; wildList.indexOf(symbol) != -1): null

2019-08-24 13:05:53 - [TEST_STEP][PASSED] - symbol = symbol: null

2019-08-24 13:05:53 - [TEST_STEP][PASSED] - println(symbol): null

2019-08-24 13:05:53 - [TEST_STEP][PASSED] - if (i == 2 &amp;&amp; wildList.indexOf(symbol) != -1): null

2019-08-24 13:05:53 - [TEST_STEP][PASSED] - if (i == 3 &amp;&amp; wildList.indexOf(symbol) != -1): null

2019-08-24 13:05:53 - [TEST_STEP][PASSED] - if (i == 4 &amp;&amp; wildList.indexOf(symbol) != -1): null

2019-08-24 13:05:53 - [TEST_STEP][PASSED] - symbol = symbol: null

2019-08-24 13:05:53 - [TEST_STEP][PASSED] - println(symbol): null

2019-08-24 13:05:53 - [TEST_STEP][PASSED] - if (i == 2 &amp;&amp; wildList.indexOf(symbol) != -1): null

2019-08-24 13:05:53 - [TEST_STEP][PASSED] - if (i == 3 &amp;&amp; wildList.indexOf(symbol) != -1): null

2019-08-24 13:05:53 - [TEST_STEP][PASSED] - if (i == 4 &amp;&amp; wildList.indexOf(symbol) != -1): null

2019-08-24 13:05:53 - [TEST_STEP][PASSED] - symbols = symbols: null

2019-08-24 13:05:53 - [TEST_STEP][PASSED] - for ([j = 0, j &lt; symbols.size(), (j++)]): null

2019-08-24 13:05:53 - [TEST_STEP][PASSED] - symbol = symbol: null

2019-08-24 13:05:53 - [TEST_STEP][PASSED] - println(symbol): null

2019-08-24 13:05:53 - [TEST_STEP][PASSED] - if (i == 2 &amp;&amp; wildList.indexOf(symbol) != -1): null

2019-08-24 13:05:53 - [TEST_STEP][PASSED] - if (i == 3 &amp;&amp; wildList.indexOf(symbol) != -1): null

2019-08-24 13:05:53 - [TEST_STEP][PASSED] - if (i == 4 &amp;&amp; wildList.indexOf(symbol) != -1): null

2019-08-24 13:05:53 - [TEST_STEP][PASSED] - symbol = symbol: null

2019-08-24 13:05:53 - [TEST_STEP][PASSED] - println(symbol): null

2019-08-24 13:05:53 - [TEST_STEP][PASSED] - if (i == 2 &amp;&amp; wildList.indexOf(symbol) != -1): null

2019-08-24 13:05:53 - [TEST_STEP][PASSED] - if (i == 3 &amp;&amp; wildList.indexOf(symbol) != -1): null

2019-08-24 13:05:53 - [TEST_STEP][PASSED] - if (i == 4 &amp;&amp; wildList.indexOf(symbol) != -1): null

2019-08-24 13:05:53 - [TEST_STEP][PASSED] - symbol = symbol: null

2019-08-24 13:05:53 - [TEST_STEP][PASSED] - println(symbol): null

2019-08-24 13:05:53 - [TEST_STEP][PASSED] - if (i == 2 &amp;&amp; wildList.indexOf(symbol) != -1): null

2019-08-24 13:05:53 - [TEST_STEP][PASSED] - if (i == 3 &amp;&amp; wildList.indexOf(symbol) != -1): null

2019-08-24 13:05:53 - [TEST_STEP][PASSED] - if (i == 4 &amp;&amp; wildList.indexOf(symbol) != -1): null

2019-08-24 13:05:53 - [TEST_STEP][PASSED] - symbols = symbols: null

2019-08-24 13:05:53 - [TEST_STEP][PASSED] - for ([j = 0, j &lt; symbols.size(), (j++)]): null

2019-08-24 13:05:53 - [TEST_STEP][PASSED] - symbol = symbol: null

2019-08-24 13:05:53 - [TEST_STEP][PASSED] - println(symbol): null

2019-08-24 13:05:53 - [TEST_STEP][PASSED] - if (i == 2 &amp;&amp; wildList.indexOf(symbol) != -1): null

2019-08-24 13:05:53 - [TEST_STEP][PASSED] - if (i == 3 &amp;&amp; wildList.indexOf(symbol) != -1): null

2019-08-24 13:05:53 - [TEST_STEP][PASSED] - if (i == 4 &amp;&amp; wildList.indexOf(symbol) != -1): null

2019-08-24 13:05:53 - [TEST_STEP][PASSED] - symbol = symbol: null

2019-08-24 13:05:53 - [TEST_STEP][PASSED] - println(symbol): null

2019-08-24 13:05:53 - [TEST_STEP][PASSED] - if (i == 2 &amp;&amp; wildList.indexOf(symbol) != -1): null

2019-08-24 13:05:53 - [TEST_STEP][PASSED] - if (i == 3 &amp;&amp; wildList.indexOf(symbol) != -1): null

2019-08-24 13:05:53 - [TEST_STEP][PASSED] - if (i == 4 &amp;&amp; wildList.indexOf(symbol) != -1): null

2019-08-24 13:05:53 - [TEST_STEP][PASSED] - symbol = symbol: null

2019-08-24 13:05:53 - [TEST_STEP][PASSED] - println(symbol): null

2019-08-24 13:05:53 - [TEST_STEP][PASSED] - if (i == 2 &amp;&amp; wildList.indexOf(symbol) != -1): null

2019-08-24 13:05:53 - [TEST_STEP][PASSED] - if (i == 3 &amp;&amp; wildList.indexOf(symbol) != -1): null

2019-08-24 13:05:53 - [TEST_STEP][PASSED] - if (i == 4 &amp;&amp; wildList.indexOf(symbol) != -1): null

2019-08-24 13:05:53 - [TEST_STEP][PASSED] - symbols = symbols: null

2019-08-24 13:05:53 - [TEST_STEP][PASSED] - for ([j = 0, j &lt; symbols.size(), (j++)]): null

2019-08-24 13:05:53 - [TEST_STEP][PASSED] - symbol = symbol: null

2019-08-24 13:05:53 - [TEST_STEP][PASSED] - println(symbol): null

2019-08-24 13:05:53 - [TEST_STEP][PASSED] - if (i == 2 &amp;&amp; wildList.indexOf(symbol) != -1): null

2019-08-24 13:05:53 - [TEST_STEP][PASSED] - if (i == 3 &amp;&amp; wildList.indexOf(symbol) != -1): null

2019-08-24 13:05:53 - [TEST_STEP][PASSED] - if (i == 4 &amp;&amp; wildList.indexOf(symbol) != -1): null

2019-08-24 13:05:53 - [TEST_STEP][PASSED] - symbol = symbol: null

2019-08-24 13:05:53 - [TEST_STEP][PASSED] - println(symbol): null

2019-08-24 13:05:53 - [TEST_STEP][PASSED] - if (i == 2 &amp;&amp; wildList.indexOf(symbol) != -1): null

2019-08-24 13:05:53 - [TEST_STEP][PASSED] - if (i == 3 &amp;&amp; wildList.indexOf(symbol) != -1): null

2019-08-24 13:05:53 - [TEST_STEP][PASSED] - if (i == 4 &amp;&amp; wildList.indexOf(symbol) != -1): null

2019-08-24 13:05:53 - [TEST_STEP][PASSED] - symbol = symbol: null

2019-08-24 13:05:53 - [TEST_STEP][PASSED] - println(symbol): null

2019-08-24 13:05:53 - [TEST_STEP][PASSED] - if (i == 2 &amp;&amp; wildList.indexOf(symbol) != -1): null

2019-08-24 13:05:53 - [TEST_STEP][PASSED] - if (i == 3 &amp;&amp; wildList.indexOf(symbol) != -1): null

2019-08-24 13:05:53 - [TEST_STEP][PASSED] - if (i == 4 &amp;&amp; wildList.indexOf(symbol) != -1): null

2019-08-24 13:05:53 - [TEST_STEP][PASSED] - free_spin_reel_counter = free_spin_reel_counter: null

2019-08-24 13:05:53 - [TEST_STEP][PASSED] - println("reel 3 wild found: " + free_spin_reel_counter[0]): null

2019-08-24 13:05:53 - [TEST_STEP][PASSED] - println("reel 4 wild found: " + free_spin_reel_counter[1]): null

2019-08-24 13:05:53 - [TEST_STEP][PASSED] - println("reel 5 wild found: " + free_spin_reel_counter[2]): null

2019-08-24 13:05:53 - [TEST_STEP][PASSED] - M4_spin_reels = M4_spin_reels: null

2019-08-24 13:05:53 - [TEST_STEP][PASSED] - M4_spin_reels_symbols = symbol: null

2019-08-24 13:05:53 - [TEST_STEP][PASSED] - M4_spin_reels_symbols = M4_spin_reels_symbols: null

2019-08-24 13:05:53 - [TEST_STEP][PASSED] - M4_spin_reel_wins = reel_wins: null

2019-08-24 13:05:53 - [TEST_STEP][PASSED] - M4_spin_reel_wins = M4_spin_reel_wins: null

2019-08-24 13:05:53 - [TEST_STEP][PASSED] - println("GlobalVariable.M4_spin_reel_wins is: " + M4_spin_reel_wins): null

2019-08-24 13:05:53 - [TEST_STEP][PASSED] - M4_spin_total_bonus_win_this_round = total_bonus_win_this_round: null

2019-08-24 13:05:53 - [TEST_STEP][PASSED] - M4_spin_total_bonus_win_this_round = M4_spin_total_bonus_win_this_round: null

2019-08-24 13:05:53 - [TEST_STEP][PASSED] - println("GlobalVariable.M4_spin_total_bonus_win_this_round is: " + M4_spin_total_bonus_win_this_round): null

2019-08-24 13:05:53 - [TEST_STEP][PASSED] - M4_spin_bonus_spin_result = spin_result: null

2019-08-24 13:05:53 - [TEST_STEP][PASSED] - M4_spin_bonus_spin_result = M4_spin_bonus_spin_result: null

2019-08-24 13:05:53 - [MESSAGE][PASSED] - Verify response successfully

2019-08-24 13:05:53 - [MESSAGE][PASSED] - Send request and verify the response successfully

2019-08-24 13:05:53 - [TEST_STEP][PASSED] - if (M4_total_bonus_spins_int != 0 &amp;&amp; M4_spin_reels_symbols[2].contains("WILD_Expanding")): null

2019-08-24 13:05:53 - [TEST_STEP][PASSED] - free_spin_reel_counter = free_spin_reel_counter: null

2019-08-24 13:05:53 - [TEST_STEP][PASSED] - M4_spin_reels_symbols = M4_spin_reels_symbols: null

2019-08-24 13:05:53 - [TEST_STEP][PASSED] - M4_total_bonus_spins = M4_total_bonus_spins: null

2019-08-24 13:05:53 - [TEST_STEP][PASSED] - spin_result = sendRequestAndVerify(findTestObject("INT/RGS(M4)/1_M4_spin", ["M4_login_user_id":M4_login_user_id, "rgs_session_token":rgs_session_token, "partner":Partner])): Send request and verify the response successfully

2019-08-24 13:05:53 - [MESSAGE][INFO] - HAR: /Users/eiralee/Katalon_Script/SuperWild/Reports/20190824_125957/INT/superWild_5/20190824_125957/requests/main/106.har

2019-08-24 13:05:53 - [TEST_CASE][PASSED] - Start Test Case : Verification: Verification accomplished successfully

2019-08-24 13:05:53 - [TEST_STEP][PASSED] - request = getInstance().getCurrentRequest(): null

2019-08-24 13:05:53 - [TEST_STEP][PASSED] - response = getInstance().getCurrentResponse(): null

2019-08-24 13:05:53 - [TEST_STEP][PASSED] - verifyResponseStatusCode(response, 200): Verify response status code successfully

2019-08-24 13:05:53 - [MESSAGE][PASSED] - Verify response status code successfully

2019-08-24 13:05:53 - [TEST_STEP][PASSED] - getStatusCode()).isEqualTo(200): null

2019-08-24 13:05:53 - [TEST_STEP][PASSED] - newline = System.getProperty("line.separator"): null

2019-08-24 13:05:53 - [TEST_STEP][PASSED] - M4_spin = new groovy.json.JsonSlurper(): null

2019-08-24 13:05:53 - [TEST_STEP][PASSED] - result_M4_spin = M4_spin.parseText(response.getResponseBodyContent()): null

2019-08-24 13:05:53 - [TEST_STEP][PASSED] - M4_spin_current_balance = current_balance: null

2019-08-24 13:05:53 - [TEST_STEP][PASSED] - M4_spin_current_balance = M4_spin_current_balance: null

2019-08-24 13:05:53 - [TEST_STEP][PASSED] - M4_spin_transaction_id = causality: null

2019-08-24 13:05:53 - [TEST_STEP][PASSED] - M4_spin_transaction_id = M4_spin_transaction_id: null

2019-08-24 13:05:53 - [TEST_STEP][PASSED] - M4_spin_round_id = round_id: null

2019-08-24 13:05:53 - [TEST_STEP][PASSED] - M4_spin_round_id = M4_spin_round_id: null

2019-08-24 13:05:53 - [TEST_STEP][PASSED] - M4_spin_line_wins = line_wins: null

2019-08-24 13:05:53 - [TEST_STEP][PASSED] - M4_spin_line_wins = M4_spin_line_wins: null

2019-08-24 13:05:53 - [TEST_STEP][PASSED] - M4_total_bonus_spins_int = total_bonus_spins: null

2019-08-24 13:05:53 - [TEST_STEP][PASSED] - println("******M4_total_bonus_spins type is:*******" + newline + getClass().getName()): null

2019-08-24 13:05:53 - [TEST_STEP][PASSED] - M4_total_bonus_spins_int = M4_total_bonus_spins_int: null

2019-08-24 13:05:53 - [TEST_STEP][PASSED] - M4_total_bonus_spins = Integer.toString(M4_total_bonus_spins_int): null

2019-08-24 13:05:53 - [TEST_STEP][PASSED] - M4_total_bonus_spins = M4_total_bonus_spins: null

2019-08-24 13:05:53 - [TEST_STEP][PASSED] - println("M4_total_bonus_spins is:" + M4_total_bonus_spins): null

2019-08-24 13:05:53 - [TEST_STEP][PASSED] - M4_spin_bonus_data = bonus_data: null

2019-08-24 13:05:53 - [TEST_STEP][PASSED] - M4_spin_features_triggered = result_M4_spin: null

2019-08-24 13:05:53 - [TEST_STEP][PASSED] - wild = []: null

2019-08-24 13:05:53 - [TEST_STEP][PASSED] - wild[0] = "WILD_Expanding": null

2019-08-24 13:05:53 - [TEST_STEP][PASSED] - wild[1] = "WILD_Normal": null

2019-08-24 13:05:53 - [TEST_STEP][PASSED] - wild[2] = "WILD_Double": null

2019-08-24 13:05:53 - [TEST_STEP][PASSED] - wild[3] = "WILD_ExtraFG": null

2019-08-24 13:05:53 - [TEST_STEP][PASSED] - wild[4] = "WILD_Triple": null

2019-08-24 13:05:53 - [TEST_STEP][PASSED] - wildList = Arrays.asList(wild): null

2019-08-24 13:05:53 - [TEST_STEP][PASSED] - wildList = wildList: null

2019-08-24 13:05:53 - [TEST_STEP][PASSED] - free_spin_reel_counter = []: null

2019-08-24 13:05:53 - [TEST_STEP][PASSED] - free_spin_reel_counter[0] = 0: null

2019-08-24 13:05:53 - [TEST_STEP][PASSED] - free_spin_reel_counter[1] = 0: null

2019-08-24 13:05:53 - [TEST_STEP][PASSED] - free_spin_reel_counter[2] = 0: null

2019-08-24 13:05:53 - [TEST_STEP][PASSED] - M4_spin_reels = reels: null

2019-08-24 13:05:53 - [TEST_STEP][PASSED] - for ([i = 0, i &lt; M4_spin_reels.size(), (i++)]): null

2019-08-24 13:05:53 - [TEST_STEP][PASSED] - symbols = symbols: null

2019-08-24 13:05:53 - [TEST_STEP][PASSED] - for ([j = 0, j &lt; symbols.size(), (j++)]): null

2019-08-24 13:05:53 - [TEST_STEP][PASSED] - symbol = symbol: null

2019-08-24 13:05:53 - [TEST_STEP][PASSED] - println(symbol): null

2019-08-24 13:05:53 - [TEST_STEP][PASSED] - if (i == 2 &amp;&amp; wildList.indexOf(symbol) != -1): null

2019-08-24 13:05:53 - [TEST_STEP][PASSED] - if (i == 3 &amp;&amp; wildList.indexOf(symbol) != -1): null

2019-08-24 13:05:53 - [TEST_STEP][PASSED] - if (i == 4 &amp;&amp; wildList.indexOf(symbol) != -1): null

2019-08-24 13:05:53 - [TEST_STEP][PASSED] - symbol = symbol: null

2019-08-24 13:05:53 - [TEST_STEP][PASSED] - println(symbol): null

2019-08-24 13:05:53 - [TEST_STEP][PASSED] - if (i == 2 &amp;&amp; wildList.indexOf(symbol) != -1): null

2019-08-24 13:05:53 - [TEST_STEP][PASSED] - if (i == 3 &amp;&amp; wildList.indexOf(symbol) != -1): null

2019-08-24 13:05:53 - [TEST_STEP][PASSED] - if (i == 4 &amp;&amp; wildList.indexOf(symbol) != -1): null

2019-08-24 13:05:53 - [TEST_STEP][PASSED] - symbol = symbol: null

2019-08-24 13:05:53 - [TEST_STEP][PASSED] - println(symbol): null

2019-08-24 13:05:53 - [TEST_STEP][PASSED] - if (i == 2 &amp;&amp; wildList.indexOf(symbol) != -1): null

2019-08-24 13:05:53 - [TEST_STEP][PASSED] - if (i == 3 &amp;&amp; wildList.indexOf(symbol) != -1): null

2019-08-24 13:05:53 - [TEST_STEP][PASSED] - if (i == 4 &amp;&amp; wildList.indexOf(symbol) != -1): null

2019-08-24 13:05:53 - [TEST_STEP][PASSED] - symbols = symbols: null

2019-08-24 13:05:53 - [TEST_STEP][PASSED] - for ([j = 0, j &lt; symbols.size(), (j++)]): null

2019-08-24 13:05:53 - [TEST_STEP][PASSED] - symbol = symbol: null

2019-08-24 13:05:53 - [TEST_STEP][PASSED] - println(symbol): null

2019-08-24 13:05:53 - [TEST_STEP][PASSED] - if (i == 2 &amp;&amp; wildList.indexOf(symbol) != -1): null

2019-08-24 13:05:53 - [TEST_STEP][PASSED] - if (i == 3 &amp;&amp; wildList.indexOf(symbol) != -1): null

2019-08-24 13:05:53 - [TEST_STEP][PASSED] - if (i == 4 &amp;&amp; wildList.indexOf(symbol) != -1): null

2019-08-24 13:05:53 - [TEST_STEP][PASSED] - symbol = symbol: null

2019-08-24 13:05:53 - [TEST_STEP][PASSED] - println(symbol): null

2019-08-24 13:05:53 - [TEST_STEP][PASSED] - if (i == 2 &amp;&amp; wildList.indexOf(symbol) != -1): null

2019-08-24 13:05:53 - [TEST_STEP][PASSED] - if (i == 3 &amp;&amp; wildList.indexOf(symbol) != -1): null

2019-08-24 13:05:53 - [TEST_STEP][PASSED] - if (i == 4 &amp;&amp; wildList.indexOf(symbol) != -1): null

2019-08-24 13:05:53 - [TEST_STEP][PASSED] - symbol = symbol: null

2019-08-24 13:05:53 - [TEST_STEP][PASSED] - println(symbol): null

2019-08-24 13:05:53 - [TEST_STEP][PASSED] - if (i == 2 &amp;&amp; wildList.indexOf(symbol) != -1): null

2019-08-24 13:05:53 - [TEST_STEP][PASSED] - if (i == 3 &amp;&amp; wildList.indexOf(symbol) != -1): null

2019-08-24 13:05:53 - [TEST_STEP][PASSED] - if (i == 4 &amp;&amp; wildList.indexOf(symbol) != -1): null

2019-08-24 13:05:53 - [TEST_STEP][PASSED] - symbols = symbols: null

2019-08-24 13:05:53 - [TEST_STEP][PASSED] - for ([j = 0, j &lt; symbols.size(), (j++)]): null

2019-08-24 13:05:53 - [TEST_STEP][PASSED] - symbol = symbol: null

2019-08-24 13:05:53 - [TEST_STEP][PASSED] - println(symbol): null

2019-08-24 13:05:53 - [TEST_STEP][PASSED] - if (i == 2 &amp;&amp; wildList.indexOf(symbol) != -1): null

2019-08-24 13:05:53 - [TEST_STEP][PASSED] - if (i == 3 &amp;&amp; wildList.indexOf(symbol) != -1): null

2019-08-24 13:05:53 - [TEST_STEP][PASSED] - if (i == 4 &amp;&amp; wildList.indexOf(symbol) != -1): null

2019-08-24 13:05:53 - [TEST_STEP][PASSED] - symbol = symbol: null

2019-08-24 13:05:53 - [TEST_STEP][PASSED] - println(symbol): null

2019-08-24 13:05:53 - [TEST_STEP][PASSED] - if (i == 2 &amp;&amp; wildList.indexOf(symbol) != -1): null

2019-08-24 13:05:53 - [TEST_STEP][PASSED] - if (i == 3 &amp;&amp; wildList.indexOf(symbol) != -1): null

2019-08-24 13:05:53 - [TEST_STEP][PASSED] - if (i == 4 &amp;&amp; wildList.indexOf(symbol) != -1): null

2019-08-24 13:05:53 - [TEST_STEP][PASSED] - symbol = symbol: null

2019-08-24 13:05:53 - [TEST_STEP][PASSED] - println(symbol): null

2019-08-24 13:05:53 - [TEST_STEP][PASSED] - if (i == 2 &amp;&amp; wildList.indexOf(symbol) != -1): null

2019-08-24 13:05:53 - [TEST_STEP][PASSED] - if (i == 3 &amp;&amp; wildList.indexOf(symbol) != -1): null

2019-08-24 13:05:53 - [TEST_STEP][PASSED] - if (i == 4 &amp;&amp; wildList.indexOf(symbol) != -1): null

2019-08-24 13:05:53 - [TEST_STEP][PASSED] - symbols = symbols: null

2019-08-24 13:05:53 - [TEST_STEP][PASSED] - for ([j = 0, j &lt; symbols.size(), (j++)]): null

2019-08-24 13:05:53 - [TEST_STEP][PASSED] - symbol = symbol: null

2019-08-24 13:05:53 - [TEST_STEP][PASSED] - println(symbol): null

2019-08-24 13:05:53 - [TEST_STEP][PASSED] - if (i == 2 &amp;&amp; wildList.indexOf(symbol) != -1): null

2019-08-24 13:05:53 - [TEST_STEP][PASSED] - if (i == 3 &amp;&amp; wildList.indexOf(symbol) != -1): null

2019-08-24 13:05:53 - [TEST_STEP][PASSED] - if (i == 4 &amp;&amp; wildList.indexOf(symbol) != -1): null

2019-08-24 13:05:53 - [TEST_STEP][PASSED] - symbol = symbol: null

2019-08-24 13:05:53 - [TEST_STEP][PASSED] - println(symbol): null

2019-08-24 13:05:53 - [TEST_STEP][PASSED] - if (i == 2 &amp;&amp; wildList.indexOf(symbol) != -1): null

2019-08-24 13:05:53 - [TEST_STEP][PASSED] - if (i == 3 &amp;&amp; wildList.indexOf(symbol) != -1): null

2019-08-24 13:05:53 - [TEST_STEP][PASSED] - if (i == 4 &amp;&amp; wildList.indexOf(symbol) != -1): null

2019-08-24 13:05:53 - [TEST_STEP][PASSED] - symbol = symbol: null

2019-08-24 13:05:53 - [TEST_STEP][PASSED] - println(symbol): null

2019-08-24 13:05:53 - [TEST_STEP][PASSED] - if (i == 2 &amp;&amp; wildList.indexOf(symbol) != -1): null

2019-08-24 13:05:53 - [TEST_STEP][PASSED] - if (i == 3 &amp;&amp; wildList.indexOf(symbol) != -1): null

2019-08-24 13:05:53 - [TEST_STEP][PASSED] - if (i == 4 &amp;&amp; wildList.indexOf(symbol) != -1): null

2019-08-24 13:05:53 - [TEST_STEP][PASSED] - symbols = symbols: null

2019-08-24 13:05:53 - [TEST_STEP][PASSED] - for ([j = 0, j &lt; symbols.size(), (j++)]): null

2019-08-24 13:05:53 - [TEST_STEP][PASSED] - symbol = symbol: null

2019-08-24 13:05:53 - [TEST_STEP][PASSED] - println(symbol): null

2019-08-24 13:05:54 - [TEST_STEP][PASSED] - if (i == 2 &amp;&amp; wildList.indexOf(symbol) != -1): null

2019-08-24 13:05:54 - [TEST_STEP][PASSED] - if (i == 3 &amp;&amp; wildList.indexOf(symbol) != -1): null

2019-08-24 13:05:54 - [TEST_STEP][PASSED] - if (i == 4 &amp;&amp; wildList.indexOf(symbol) != -1): null

2019-08-24 13:05:54 - [TEST_STEP][PASSED] - symbol = symbol: null

2019-08-24 13:05:54 - [TEST_STEP][PASSED] - println(symbol): null

2019-08-24 13:05:54 - [TEST_STEP][PASSED] - if (i == 2 &amp;&amp; wildList.indexOf(symbol) != -1): null

2019-08-24 13:05:54 - [TEST_STEP][PASSED] - if (i == 3 &amp;&amp; wildList.indexOf(symbol) != -1): null

2019-08-24 13:05:54 - [TEST_STEP][PASSED] - if (i == 4 &amp;&amp; wildList.indexOf(symbol) != -1): null

2019-08-24 13:05:54 - [TEST_STEP][PASSED] - symbol = symbol: null

2019-08-24 13:05:54 - [TEST_STEP][PASSED] - println(symbol): null

2019-08-24 13:05:54 - [TEST_STEP][PASSED] - if (i == 2 &amp;&amp; wildList.indexOf(symbol) != -1): null

2019-08-24 13:05:54 - [TEST_STEP][PASSED] - if (i == 3 &amp;&amp; wildList.indexOf(symbol) != -1): null

2019-08-24 13:05:54 - [TEST_STEP][PASSED] - if (i == 4 &amp;&amp; wildList.indexOf(symbol) != -1): null

2019-08-24 13:05:54 - [TEST_STEP][PASSED] - free_spin_reel_counter = free_spin_reel_counter: null

2019-08-24 13:05:54 - [TEST_STEP][PASSED] - println("reel 3 wild found: " + free_spin_reel_counter[0]): null

2019-08-24 13:05:54 - [TEST_STEP][PASSED] - println("reel 4 wild found: " + free_spin_reel_counter[1]): null

2019-08-24 13:05:54 - [TEST_STEP][PASSED] - println("reel 5 wild found: " + free_spin_reel_counter[2]): null

2019-08-24 13:05:54 - [TEST_STEP][PASSED] - M4_spin_reels = M4_spin_reels: null

2019-08-24 13:05:54 - [TEST_STEP][PASSED] - M4_spin_reels_symbols = symbol: null

2019-08-24 13:05:54 - [TEST_STEP][PASSED] - M4_spin_reels_symbols = M4_spin_reels_symbols: null

2019-08-24 13:05:54 - [TEST_STEP][PASSED] - M4_spin_reel_wins = reel_wins: null

2019-08-24 13:05:54 - [TEST_STEP][PASSED] - M4_spin_reel_wins = M4_spin_reel_wins: null

2019-08-24 13:05:54 - [TEST_STEP][PASSED] - println("GlobalVariable.M4_spin_reel_wins is: " + M4_spin_reel_wins): null

2019-08-24 13:05:54 - [TEST_STEP][PASSED] - M4_spin_total_bonus_win_this_round = total_bonus_win_this_round: null

2019-08-24 13:05:54 - [TEST_STEP][PASSED] - M4_spin_total_bonus_win_this_round = M4_spin_total_bonus_win_this_round: null

2019-08-24 13:05:54 - [TEST_STEP][PASSED] - println("GlobalVariable.M4_spin_total_bonus_win_this_round is: " + M4_spin_total_bonus_win_this_round): null

2019-08-24 13:05:54 - [TEST_STEP][PASSED] - M4_spin_bonus_spin_result = spin_result: null

2019-08-24 13:05:54 - [TEST_STEP][PASSED] - M4_spin_bonus_spin_result = M4_spin_bonus_spin_result: null

2019-08-24 13:05:54 - [MESSAGE][PASSED] - Verify response successfully

2019-08-24 13:05:54 - [MESSAGE][PASSED] - Send request and verify the response successfully

2019-08-24 13:05:54 - [TEST_STEP][PASSED] - if (M4_total_bonus_spins_int != 0 &amp;&amp; M4_spin_reels_symbols[2].contains("WILD_Expanding")): null

2019-08-24 13:05:54 - [TEST_STEP][PASSED] - free_spin_reel_counter = free_spin_reel_counter: null

2019-08-24 13:05:54 - [TEST_STEP][PASSED] - M4_spin_reels_symbols = M4_spin_reels_symbols: null

2019-08-24 13:05:54 - [TEST_STEP][PASSED] - M4_total_bonus_spins = M4_total_bonus_spins: null

2019-08-24 13:05:54 - [TEST_STEP][PASSED] - spin_result = sendRequestAndVerify(findTestObject("INT/RGS(M4)/1_M4_spin", ["M4_login_user_id":M4_login_user_id, "rgs_session_token":rgs_session_token, "partner":Partner])): Send request and verify the response successfully

2019-08-24 13:05:54 - [MESSAGE][INFO] - HAR: /Users/eiralee/Katalon_Script/SuperWild/Reports/20190824_125957/INT/superWild_5/20190824_125957/requests/main/107.har

2019-08-24 13:05:54 - [TEST_CASE][PASSED] - Start Test Case : Verification: Verification accomplished successfully

2019-08-24 13:05:54 - [TEST_STEP][PASSED] - request = getInstance().getCurrentRequest(): null

2019-08-24 13:05:54 - [TEST_STEP][PASSED] - response = getInstance().getCurrentResponse(): null

2019-08-24 13:05:54 - [TEST_STEP][PASSED] - verifyResponseStatusCode(response, 200): Verify response status code successfully

2019-08-24 13:05:54 - [MESSAGE][PASSED] - Verify response status code successfully

2019-08-24 13:05:54 - [TEST_STEP][PASSED] - getStatusCode()).isEqualTo(200): null

2019-08-24 13:05:54 - [TEST_STEP][PASSED] - newline = System.getProperty("line.separator"): null

2019-08-24 13:05:54 - [TEST_STEP][PASSED] - M4_spin = new groovy.json.JsonSlurper(): null

2019-08-24 13:05:54 - [TEST_STEP][PASSED] - result_M4_spin = M4_spin.parseText(response.getResponseBodyContent()): null

2019-08-24 13:05:54 - [TEST_STEP][PASSED] - M4_spin_current_balance = current_balance: null

2019-08-24 13:05:54 - [TEST_STEP][PASSED] - M4_spin_current_balance = M4_spin_current_balance: null

2019-08-24 13:05:54 - [TEST_STEP][PASSED] - M4_spin_transaction_id = causality: null

2019-08-24 13:05:54 - [TEST_STEP][PASSED] - M4_spin_transaction_id = M4_spin_transaction_id: null

2019-08-24 13:05:54 - [TEST_STEP][PASSED] - M4_spin_round_id = round_id: null

2019-08-24 13:05:54 - [TEST_STEP][PASSED] - M4_spin_round_id = M4_spin_round_id: null

2019-08-24 13:05:54 - [TEST_STEP][PASSED] - M4_spin_line_wins = line_wins: null

2019-08-24 13:05:54 - [TEST_STEP][PASSED] - M4_spin_line_wins = M4_spin_line_wins: null

2019-08-24 13:05:54 - [TEST_STEP][PASSED] - M4_total_bonus_spins_int = total_bonus_spins: null

2019-08-24 13:05:54 - [TEST_STEP][PASSED] - println("******M4_total_bonus_spins type is:*******" + newline + getClass().getName()): null

2019-08-24 13:05:54 - [TEST_STEP][PASSED] - M4_total_bonus_spins_int = M4_total_bonus_spins_int: null

2019-08-24 13:05:54 - [TEST_STEP][PASSED] - M4_total_bonus_spins = Integer.toString(M4_total_bonus_spins_int): null

2019-08-24 13:05:54 - [TEST_STEP][PASSED] - M4_total_bonus_spins = M4_total_bonus_spins: null

2019-08-24 13:05:54 - [TEST_STEP][PASSED] - println("M4_total_bonus_spins is:" + M4_total_bonus_spins): null

2019-08-24 13:05:54 - [TEST_STEP][PASSED] - M4_spin_bonus_data = bonus_data: null

2019-08-24 13:05:54 - [TEST_STEP][PASSED] - M4_spin_features_triggered = result_M4_spin: null

2019-08-24 13:05:54 - [TEST_STEP][PASSED] - wild = []: null

2019-08-24 13:05:54 - [TEST_STEP][PASSED] - wild[0] = "WILD_Expanding": null

2019-08-24 13:05:54 - [TEST_STEP][PASSED] - wild[1] = "WILD_Normal": null

2019-08-24 13:05:54 - [TEST_STEP][PASSED] - wild[2] = "WILD_Double": null

2019-08-24 13:05:54 - [TEST_STEP][PASSED] - wild[3] = "WILD_ExtraFG": null

2019-08-24 13:05:54 - [TEST_STEP][PASSED] - wild[4] = "WILD_Triple": null

2019-08-24 13:05:54 - [TEST_STEP][PASSED] - wildList = Arrays.asList(wild): null

2019-08-24 13:05:54 - [TEST_STEP][PASSED] - wildList = wildList: null

2019-08-24 13:05:54 - [TEST_STEP][PASSED] - free_spin_reel_counter = []: null

2019-08-24 13:05:54 - [TEST_STEP][PASSED] - free_spin_reel_counter[0] = 0: null

2019-08-24 13:05:54 - [TEST_STEP][PASSED] - free_spin_reel_counter[1] = 0: null

2019-08-24 13:05:54 - [TEST_STEP][PASSED] - free_spin_reel_counter[2] = 0: null

2019-08-24 13:05:54 - [TEST_STEP][PASSED] - M4_spin_reels = reels: null

2019-08-24 13:05:54 - [TEST_STEP][PASSED] - for ([i = 0, i &lt; M4_spin_reels.size(), (i++)]): null

2019-08-24 13:05:54 - [TEST_STEP][PASSED] - symbols = symbols: null

2019-08-24 13:05:54 - [TEST_STEP][PASSED] - for ([j = 0, j &lt; symbols.size(), (j++)]): null

2019-08-24 13:05:54 - [TEST_STEP][PASSED] - symbol = symbol: null

2019-08-24 13:05:54 - [TEST_STEP][PASSED] - println(symbol): null

2019-08-24 13:05:54 - [TEST_STEP][PASSED] - if (i == 2 &amp;&amp; wildList.indexOf(symbol) != -1): null

2019-08-24 13:05:54 - [TEST_STEP][PASSED] - if (i == 3 &amp;&amp; wildList.indexOf(symbol) != -1): null

2019-08-24 13:05:54 - [TEST_STEP][PASSED] - if (i == 4 &amp;&amp; wildList.indexOf(symbol) != -1): null

2019-08-24 13:05:54 - [TEST_STEP][PASSED] - symbol = symbol: null

2019-08-24 13:05:54 - [TEST_STEP][PASSED] - println(symbol): null

2019-08-24 13:05:54 - [TEST_STEP][PASSED] - if (i == 2 &amp;&amp; wildList.indexOf(symbol) != -1): null

2019-08-24 13:05:54 - [TEST_STEP][PASSED] - if (i == 3 &amp;&amp; wildList.indexOf(symbol) != -1): null

2019-08-24 13:05:54 - [TEST_STEP][PASSED] - if (i == 4 &amp;&amp; wildList.indexOf(symbol) != -1): null

2019-08-24 13:05:54 - [TEST_STEP][PASSED] - symbol = symbol: null

2019-08-24 13:05:54 - [TEST_STEP][PASSED] - println(symbol): null

2019-08-24 13:05:54 - [TEST_STEP][PASSED] - if (i == 2 &amp;&amp; wildList.indexOf(symbol) != -1): null

2019-08-24 13:05:54 - [TEST_STEP][PASSED] - if (i == 3 &amp;&amp; wildList.indexOf(symbol) != -1): null

2019-08-24 13:05:54 - [TEST_STEP][PASSED] - if (i == 4 &amp;&amp; wildList.indexOf(symbol) != -1): null

2019-08-24 13:05:54 - [TEST_STEP][PASSED] - symbols = symbols: null

2019-08-24 13:05:54 - [TEST_STEP][PASSED] - for ([j = 0, j &lt; symbols.size(), (j++)]): null

2019-08-24 13:05:54 - [TEST_STEP][PASSED] - symbol = symbol: null

2019-08-24 13:05:54 - [TEST_STEP][PASSED] - println(symbol): null

2019-08-24 13:05:54 - [TEST_STEP][PASSED] - if (i == 2 &amp;&amp; wildList.indexOf(symbol) != -1): null

2019-08-24 13:05:54 - [TEST_STEP][PASSED] - if (i == 3 &amp;&amp; wildList.indexOf(symbol) != -1): null

2019-08-24 13:05:54 - [TEST_STEP][PASSED] - if (i == 4 &amp;&amp; wildList.indexOf(symbol) != -1): null

2019-08-24 13:05:54 - [TEST_STEP][PASSED] - symbol = symbol: null

2019-08-24 13:05:54 - [TEST_STEP][PASSED] - println(symbol): null

2019-08-24 13:05:54 - [TEST_STEP][PASSED] - if (i == 2 &amp;&amp; wildList.indexOf(symbol) != -1): null

2019-08-24 13:05:54 - [TEST_STEP][PASSED] - if (i == 3 &amp;&amp; wildList.indexOf(symbol) != -1): null

2019-08-24 13:05:54 - [TEST_STEP][PASSED] - if (i == 4 &amp;&amp; wildList.indexOf(symbol) != -1): null

2019-08-24 13:05:54 - [TEST_STEP][PASSED] - symbol = symbol: null

2019-08-24 13:05:54 - [TEST_STEP][PASSED] - println(symbol): null

2019-08-24 13:05:54 - [TEST_STEP][PASSED] - if (i == 2 &amp;&amp; wildList.indexOf(symbol) != -1): null

2019-08-24 13:05:54 - [TEST_STEP][PASSED] - if (i == 3 &amp;&amp; wildList.indexOf(symbol) != -1): null

2019-08-24 13:05:54 - [TEST_STEP][PASSED] - if (i == 4 &amp;&amp; wildList.indexOf(symbol) != -1): null

2019-08-24 13:05:54 - [TEST_STEP][PASSED] - symbols = symbols: null

2019-08-24 13:05:54 - [TEST_STEP][PASSED] - for ([j = 0, j &lt; symbols.size(), (j++)]): null

2019-08-24 13:05:54 - [TEST_STEP][PASSED] - symbol = symbol: null

2019-08-24 13:05:54 - [TEST_STEP][PASSED] - println(symbol): null

2019-08-24 13:05:54 - [TEST_STEP][PASSED] - if (i == 2 &amp;&amp; wildList.indexOf(symbol) != -1): null

2019-08-24 13:05:54 - [TEST_STEP][PASSED] - if (i == 3 &amp;&amp; wildList.indexOf(symbol) != -1): null

2019-08-24 13:05:54 - [TEST_STEP][PASSED] - if (i == 4 &amp;&amp; wildList.indexOf(symbol) != -1): null

2019-08-24 13:05:54 - [TEST_STEP][PASSED] - symbol = symbol: null

2019-08-24 13:05:54 - [TEST_STEP][PASSED] - println(symbol): null

2019-08-24 13:05:54 - [TEST_STEP][PASSED] - if (i == 2 &amp;&amp; wildList.indexOf(symbol) != -1): null

2019-08-24 13:05:54 - [TEST_STEP][PASSED] - println("wild found on reel 3, adding counter by 1"): null

2019-08-24 13:05:54 - [TEST_STEP][PASSED] - free_spin_reel_counter[0] = free_spin_reel_counter[0] + 1: null

2019-08-24 13:05:54 - [TEST_STEP][PASSED] - if (i == 3 &amp;&amp; wildList.indexOf(symbol) != -1): null

2019-08-24 13:05:54 - [TEST_STEP][PASSED] - if (i == 4 &amp;&amp; wildList.indexOf(symbol) != -1): null

2019-08-24 13:05:54 - [TEST_STEP][PASSED] - symbol = symbol: null

2019-08-24 13:05:54 - [TEST_STEP][PASSED] - println(symbol): null

2019-08-24 13:05:54 - [TEST_STEP][PASSED] - if (i == 2 &amp;&amp; wildList.indexOf(symbol) != -1): null

2019-08-24 13:05:54 - [TEST_STEP][PASSED] - if (i == 3 &amp;&amp; wildList.indexOf(symbol) != -1): null

2019-08-24 13:05:54 - [TEST_STEP][PASSED] - if (i == 4 &amp;&amp; wildList.indexOf(symbol) != -1): null

2019-08-24 13:05:54 - [TEST_STEP][PASSED] - symbols = symbols: null

2019-08-24 13:05:54 - [TEST_STEP][PASSED] - for ([j = 0, j &lt; symbols.size(), (j++)]): null

2019-08-24 13:05:54 - [TEST_STEP][PASSED] - symbol = symbol: null

2019-08-24 13:05:54 - [TEST_STEP][PASSED] - println(symbol): null

2019-08-24 13:05:54 - [TEST_STEP][PASSED] - if (i == 2 &amp;&amp; wildList.indexOf(symbol) != -1): null

2019-08-24 13:05:54 - [TEST_STEP][PASSED] - if (i == 3 &amp;&amp; wildList.indexOf(symbol) != -1): null

2019-08-24 13:05:54 - [TEST_STEP][PASSED] - if (i == 4 &amp;&amp; wildList.indexOf(symbol) != -1): null

2019-08-24 13:05:54 - [TEST_STEP][PASSED] - symbol = symbol: null

2019-08-24 13:05:54 - [TEST_STEP][PASSED] - println(symbol): null

2019-08-24 13:05:54 - [TEST_STEP][PASSED] - if (i == 2 &amp;&amp; wildList.indexOf(symbol) != -1): null

2019-08-24 13:05:54 - [TEST_STEP][PASSED] - if (i == 3 &amp;&amp; wildList.indexOf(symbol) != -1): null

2019-08-24 13:05:54 - [TEST_STEP][PASSED] - if (i == 4 &amp;&amp; wildList.indexOf(symbol) != -1): null

2019-08-24 13:05:54 - [TEST_STEP][PASSED] - symbol = symbol: null

2019-08-24 13:05:54 - [TEST_STEP][PASSED] - println(symbol): null

2019-08-24 13:05:54 - [TEST_STEP][PASSED] - if (i == 2 &amp;&amp; wildList.indexOf(symbol) != -1): null

2019-08-24 13:05:54 - [TEST_STEP][PASSED] - if (i == 3 &amp;&amp; wildList.indexOf(symbol) != -1): null

2019-08-24 13:05:54 - [TEST_STEP][PASSED] - if (i == 4 &amp;&amp; wildList.indexOf(symbol) != -1): null

2019-08-24 13:05:54 - [TEST_STEP][PASSED] - symbols = symbols: null

2019-08-24 13:05:54 - [TEST_STEP][PASSED] - for ([j = 0, j &lt; symbols.size(), (j++)]): null

2019-08-24 13:05:54 - [TEST_STEP][PASSED] - symbol = symbol: null

2019-08-24 13:05:54 - [TEST_STEP][PASSED] - println(symbol): null

2019-08-24 13:05:54 - [TEST_STEP][PASSED] - if (i == 2 &amp;&amp; wildList.indexOf(symbol) != -1): null

2019-08-24 13:05:54 - [TEST_STEP][PASSED] - if (i == 3 &amp;&amp; wildList.indexOf(symbol) != -1): null

2019-08-24 13:05:54 - [TEST_STEP][PASSED] - if (i == 4 &amp;&amp; wildList.indexOf(symbol) != -1): null

2019-08-24 13:05:54 - [TEST_STEP][PASSED] - symbol = symbol: null

2019-08-24 13:05:54 - [TEST_STEP][PASSED] - println(symbol): null

2019-08-24 13:05:54 - [TEST_STEP][PASSED] - if (i == 2 &amp;&amp; wildList.indexOf(symbol) != -1): null

2019-08-24 13:05:54 - [TEST_STEP][PASSED] - if (i == 3 &amp;&amp; wildList.indexOf(symbol) != -1): null

2019-08-24 13:05:54 - [TEST_STEP][PASSED] - if (i == 4 &amp;&amp; wildList.indexOf(symbol) != -1): null

2019-08-24 13:05:54 - [TEST_STEP][PASSED] - symbol = symbol: null

2019-08-24 13:05:54 - [TEST_STEP][PASSED] - println(symbol): null

2019-08-24 13:05:54 - [TEST_STEP][PASSED] - if (i == 2 &amp;&amp; wildList.indexOf(symbol) != -1): null

2019-08-24 13:05:54 - [TEST_STEP][PASSED] - if (i == 3 &amp;&amp; wildList.indexOf(symbol) != -1): null

2019-08-24 13:05:54 - [TEST_STEP][PASSED] - if (i == 4 &amp;&amp; wildList.indexOf(symbol) != -1): null

2019-08-24 13:05:54 - [TEST_STEP][PASSED] - free_spin_reel_counter = free_spin_reel_counter: null

2019-08-24 13:05:54 - [TEST_STEP][PASSED] - println("reel 3 wild found: " + free_spin_reel_counter[0]): null

2019-08-24 13:05:54 - [TEST_STEP][PASSED] - println("reel 4 wild found: " + free_spin_reel_counter[1]): null

2019-08-24 13:05:54 - [TEST_STEP][PASSED] - println("reel 5 wild found: " + free_spin_reel_counter[2]): null

2019-08-24 13:05:54 - [TEST_STEP][PASSED] - M4_spin_reels = M4_spin_reels: null

2019-08-24 13:05:54 - [TEST_STEP][PASSED] - M4_spin_reels_symbols = symbol: null

2019-08-24 13:05:54 - [TEST_STEP][PASSED] - M4_spin_reels_symbols = M4_spin_reels_symbols: null

2019-08-24 13:05:54 - [TEST_STEP][PASSED] - M4_spin_reel_wins = reel_wins: null

2019-08-24 13:05:54 - [TEST_STEP][PASSED] - M4_spin_reel_wins = M4_spin_reel_wins: null

2019-08-24 13:05:54 - [TEST_STEP][PASSED] - println("GlobalVariable.M4_spin_reel_wins is: " + M4_spin_reel_wins): null

2019-08-24 13:05:54 - [TEST_STEP][PASSED] - M4_spin_total_bonus_win_this_round = total_bonus_win_this_round: null

2019-08-24 13:05:54 - [TEST_STEP][PASSED] - M4_spin_total_bonus_win_this_round = M4_spin_total_bonus_win_this_round: null

2019-08-24 13:05:54 - [TEST_STEP][PASSED] - println("GlobalVariable.M4_spin_total_bonus_win_this_round is: " + M4_spin_total_bonus_win_this_round): null

2019-08-24 13:05:54 - [TEST_STEP][PASSED] - M4_spin_bonus_spin_result = spin_result: null

2019-08-24 13:05:54 - [TEST_STEP][PASSED] - M4_spin_bonus_spin_result = M4_spin_bonus_spin_result: null

2019-08-24 13:05:54 - [MESSAGE][PASSED] - Verify response successfully

2019-08-24 13:05:54 - [MESSAGE][PASSED] - Send request and verify the response successfully

2019-08-24 13:05:54 - [TEST_STEP][PASSED] - if (M4_total_bonus_spins_int != 0 &amp;&amp; M4_spin_reels_symbols[2].contains("WILD_Expanding")): null

2019-08-24 13:05:54 - [TEST_STEP][PASSED] - free_spin_reel_counter = free_spin_reel_counter: null

2019-08-24 13:05:54 - [TEST_STEP][PASSED] - M4_spin_reels_symbols = M4_spin_reels_symbols: null

2019-08-24 13:05:54 - [TEST_STEP][PASSED] - M4_total_bonus_spins = M4_total_bonus_spins: null

2019-08-24 13:05:54 - [TEST_STEP][PASSED] - spin_result = sendRequestAndVerify(findTestObject("INT/RGS(M4)/1_M4_spin", ["M4_login_user_id":M4_login_user_id, "rgs_session_token":rgs_session_token, "partner":Partner])): Send request and verify the response successfully

2019-08-24 13:05:54 - [MESSAGE][INFO] - HAR: /Users/eiralee/Katalon_Script/SuperWild/Reports/20190824_125957/INT/superWild_5/20190824_125957/requests/main/108.har

2019-08-24 13:05:54 - [TEST_CASE][PASSED] - Start Test Case : Verification: Verification accomplished successfully

2019-08-24 13:05:55 - [TEST_STEP][PASSED] - request = getInstance().getCurrentRequest(): null

2019-08-24 13:05:55 - [TEST_STEP][PASSED] - response = getInstance().getCurrentResponse(): null

2019-08-24 13:05:55 - [TEST_STEP][PASSED] - verifyResponseStatusCode(response, 200): Verify response status code successfully

2019-08-24 13:05:55 - [MESSAGE][PASSED] - Verify response status code successfully

2019-08-24 13:05:55 - [TEST_STEP][PASSED] - getStatusCode()).isEqualTo(200): null

2019-08-24 13:05:55 - [TEST_STEP][PASSED] - newline = System.getProperty("line.separator"): null

2019-08-24 13:05:55 - [TEST_STEP][PASSED] - M4_spin = new groovy.json.JsonSlurper(): null

2019-08-24 13:05:55 - [TEST_STEP][PASSED] - result_M4_spin = M4_spin.parseText(response.getResponseBodyContent()): null

2019-08-24 13:05:55 - [TEST_STEP][PASSED] - M4_spin_current_balance = current_balance: null

2019-08-24 13:05:55 - [TEST_STEP][PASSED] - M4_spin_current_balance = M4_spin_current_balance: null

2019-08-24 13:05:55 - [TEST_STEP][PASSED] - M4_spin_transaction_id = causality: null

2019-08-24 13:05:55 - [TEST_STEP][PASSED] - M4_spin_transaction_id = M4_spin_transaction_id: null

2019-08-24 13:05:55 - [TEST_STEP][PASSED] - M4_spin_round_id = round_id: null

2019-08-24 13:05:55 - [TEST_STEP][PASSED] - M4_spin_round_id = M4_spin_round_id: null

2019-08-24 13:05:55 - [TEST_STEP][PASSED] - M4_spin_line_wins = line_wins: null

2019-08-24 13:05:55 - [TEST_STEP][PASSED] - M4_spin_line_wins = M4_spin_line_wins: null

2019-08-24 13:05:55 - [TEST_STEP][PASSED] - M4_total_bonus_spins_int = total_bonus_spins: null

2019-08-24 13:05:55 - [TEST_STEP][PASSED] - println("******M4_total_bonus_spins type is:*******" + newline + getClass().getName()): null

2019-08-24 13:05:55 - [TEST_STEP][PASSED] - M4_total_bonus_spins_int = M4_total_bonus_spins_int: null

2019-08-24 13:05:55 - [TEST_STEP][PASSED] - M4_total_bonus_spins = Integer.toString(M4_total_bonus_spins_int): null

2019-08-24 13:05:55 - [TEST_STEP][PASSED] - M4_total_bonus_spins = M4_total_bonus_spins: null

2019-08-24 13:05:55 - [TEST_STEP][PASSED] - println("M4_total_bonus_spins is:" + M4_total_bonus_spins): null

2019-08-24 13:05:55 - [TEST_STEP][PASSED] - M4_spin_bonus_data = bonus_data: null

2019-08-24 13:05:55 - [TEST_STEP][PASSED] - M4_spin_features_triggered = result_M4_spin: null

2019-08-24 13:05:55 - [TEST_STEP][PASSED] - wild = []: null

2019-08-24 13:05:55 - [TEST_STEP][PASSED] - wild[0] = "WILD_Expanding": null

2019-08-24 13:05:55 - [TEST_STEP][PASSED] - wild[1] = "WILD_Normal": null

2019-08-24 13:05:55 - [TEST_STEP][PASSED] - wild[2] = "WILD_Double": null

2019-08-24 13:05:55 - [TEST_STEP][PASSED] - wild[3] = "WILD_ExtraFG": null

2019-08-24 13:05:55 - [TEST_STEP][PASSED] - wild[4] = "WILD_Triple": null

2019-08-24 13:05:55 - [TEST_STEP][PASSED] - wildList = Arrays.asList(wild): null

2019-08-24 13:05:55 - [TEST_STEP][PASSED] - wildList = wildList: null

2019-08-24 13:05:55 - [TEST_STEP][PASSED] - free_spin_reel_counter = []: null

2019-08-24 13:05:55 - [TEST_STEP][PASSED] - free_spin_reel_counter[0] = 0: null

2019-08-24 13:05:55 - [TEST_STEP][PASSED] - free_spin_reel_counter[1] = 0: null

2019-08-24 13:05:55 - [TEST_STEP][PASSED] - free_spin_reel_counter[2] = 0: null

2019-08-24 13:05:55 - [TEST_STEP][PASSED] - M4_spin_reels = reels: null

2019-08-24 13:05:55 - [TEST_STEP][PASSED] - for ([i = 0, i &lt; M4_spin_reels.size(), (i++)]): null

2019-08-24 13:05:55 - [TEST_STEP][PASSED] - symbols = symbols: null

2019-08-24 13:05:55 - [TEST_STEP][PASSED] - for ([j = 0, j &lt; symbols.size(), (j++)]): null

2019-08-24 13:05:55 - [TEST_STEP][PASSED] - symbol = symbol: null

2019-08-24 13:05:55 - [TEST_STEP][PASSED] - println(symbol): null

2019-08-24 13:05:55 - [TEST_STEP][PASSED] - if (i == 2 &amp;&amp; wildList.indexOf(symbol) != -1): null

2019-08-24 13:05:55 - [TEST_STEP][PASSED] - if (i == 3 &amp;&amp; wildList.indexOf(symbol) != -1): null

2019-08-24 13:05:55 - [TEST_STEP][PASSED] - if (i == 4 &amp;&amp; wildList.indexOf(symbol) != -1): null

2019-08-24 13:05:55 - [TEST_STEP][PASSED] - symbol = symbol: null

2019-08-24 13:05:55 - [TEST_STEP][PASSED] - println(symbol): null

2019-08-24 13:05:55 - [TEST_STEP][PASSED] - if (i == 2 &amp;&amp; wildList.indexOf(symbol) != -1): null

2019-08-24 13:05:55 - [TEST_STEP][PASSED] - if (i == 3 &amp;&amp; wildList.indexOf(symbol) != -1): null

2019-08-24 13:05:55 - [TEST_STEP][PASSED] - if (i == 4 &amp;&amp; wildList.indexOf(symbol) != -1): null

2019-08-24 13:05:55 - [TEST_STEP][PASSED] - symbol = symbol: null

2019-08-24 13:05:55 - [TEST_STEP][PASSED] - println(symbol): null

2019-08-24 13:05:55 - [TEST_STEP][PASSED] - if (i == 2 &amp;&amp; wildList.indexOf(symbol) != -1): null

2019-08-24 13:05:55 - [TEST_STEP][PASSED] - if (i == 3 &amp;&amp; wildList.indexOf(symbol) != -1): null

2019-08-24 13:05:55 - [TEST_STEP][PASSED] - if (i == 4 &amp;&amp; wildList.indexOf(symbol) != -1): null

2019-08-24 13:05:55 - [TEST_STEP][PASSED] - symbols = symbols: null

2019-08-24 13:05:55 - [TEST_STEP][PASSED] - for ([j = 0, j &lt; symbols.size(), (j++)]): null

2019-08-24 13:05:55 - [TEST_STEP][PASSED] - symbol = symbol: null

2019-08-24 13:05:55 - [TEST_STEP][PASSED] - println(symbol): null

2019-08-24 13:05:55 - [TEST_STEP][PASSED] - if (i == 2 &amp;&amp; wildList.indexOf(symbol) != -1): null

2019-08-24 13:05:55 - [TEST_STEP][PASSED] - if (i == 3 &amp;&amp; wildList.indexOf(symbol) != -1): null

2019-08-24 13:05:55 - [TEST_STEP][PASSED] - if (i == 4 &amp;&amp; wildList.indexOf(symbol) != -1): null

2019-08-24 13:05:55 - [TEST_STEP][PASSED] - symbol = symbol: null

2019-08-24 13:05:55 - [TEST_STEP][PASSED] - println(symbol): null

2019-08-24 13:05:55 - [TEST_STEP][PASSED] - if (i == 2 &amp;&amp; wildList.indexOf(symbol) != -1): null

2019-08-24 13:05:55 - [TEST_STEP][PASSED] - if (i == 3 &amp;&amp; wildList.indexOf(symbol) != -1): null

2019-08-24 13:05:55 - [TEST_STEP][PASSED] - if (i == 4 &amp;&amp; wildList.indexOf(symbol) != -1): null

2019-08-24 13:05:55 - [TEST_STEP][PASSED] - symbol = symbol: null

2019-08-24 13:05:55 - [TEST_STEP][PASSED] - println(symbol): null

2019-08-24 13:05:55 - [TEST_STEP][PASSED] - if (i == 2 &amp;&amp; wildList.indexOf(symbol) != -1): null

2019-08-24 13:05:55 - [TEST_STEP][PASSED] - if (i == 3 &amp;&amp; wildList.indexOf(symbol) != -1): null

2019-08-24 13:05:55 - [TEST_STEP][PASSED] - if (i == 4 &amp;&amp; wildList.indexOf(symbol) != -1): null

2019-08-24 13:05:55 - [TEST_STEP][PASSED] - symbols = symbols: null

2019-08-24 13:05:55 - [TEST_STEP][PASSED] - for ([j = 0, j &lt; symbols.size(), (j++)]): null

2019-08-24 13:05:55 - [TEST_STEP][PASSED] - symbol = symbol: null

2019-08-24 13:05:55 - [TEST_STEP][PASSED] - println(symbol): null

2019-08-24 13:05:55 - [TEST_STEP][PASSED] - if (i == 2 &amp;&amp; wildList.indexOf(symbol) != -1): null

2019-08-24 13:05:55 - [TEST_STEP][PASSED] - if (i == 3 &amp;&amp; wildList.indexOf(symbol) != -1): null

2019-08-24 13:05:55 - [TEST_STEP][PASSED] - if (i == 4 &amp;&amp; wildList.indexOf(symbol) != -1): null

2019-08-24 13:05:55 - [TEST_STEP][PASSED] - symbol = symbol: null

2019-08-24 13:05:55 - [TEST_STEP][PASSED] - println(symbol): null

2019-08-24 13:05:55 - [TEST_STEP][PASSED] - if (i == 2 &amp;&amp; wildList.indexOf(symbol) != -1): null

2019-08-24 13:05:55 - [TEST_STEP][PASSED] - if (i == 3 &amp;&amp; wildList.indexOf(symbol) != -1): null

2019-08-24 13:05:55 - [TEST_STEP][PASSED] - if (i == 4 &amp;&amp; wildList.indexOf(symbol) != -1): null

2019-08-24 13:05:55 - [TEST_STEP][PASSED] - symbol = symbol: null

2019-08-24 13:05:55 - [TEST_STEP][PASSED] - println(symbol): null

2019-08-24 13:05:55 - [TEST_STEP][PASSED] - if (i == 2 &amp;&amp; wildList.indexOf(symbol) != -1): null

2019-08-24 13:05:55 - [TEST_STEP][PASSED] - if (i == 3 &amp;&amp; wildList.indexOf(symbol) != -1): null

2019-08-24 13:05:55 - [TEST_STEP][PASSED] - if (i == 4 &amp;&amp; wildList.indexOf(symbol) != -1): null

2019-08-24 13:05:55 - [TEST_STEP][PASSED] - symbols = symbols: null

2019-08-24 13:05:55 - [TEST_STEP][PASSED] - for ([j = 0, j &lt; symbols.size(), (j++)]): null

2019-08-24 13:05:55 - [TEST_STEP][PASSED] - symbol = symbol: null

2019-08-24 13:05:55 - [TEST_STEP][PASSED] - println(symbol): null

2019-08-24 13:05:55 - [TEST_STEP][PASSED] - if (i == 2 &amp;&amp; wildList.indexOf(symbol) != -1): null

2019-08-24 13:05:55 - [TEST_STEP][PASSED] - if (i == 3 &amp;&amp; wildList.indexOf(symbol) != -1): null

2019-08-24 13:05:55 - [TEST_STEP][PASSED] - if (i == 4 &amp;&amp; wildList.indexOf(symbol) != -1): null

2019-08-24 13:05:55 - [TEST_STEP][PASSED] - symbol = symbol: null

2019-08-24 13:05:55 - [TEST_STEP][PASSED] - println(symbol): null

2019-08-24 13:05:55 - [TEST_STEP][PASSED] - if (i == 2 &amp;&amp; wildList.indexOf(symbol) != -1): null

2019-08-24 13:05:55 - [TEST_STEP][PASSED] - if (i == 3 &amp;&amp; wildList.indexOf(symbol) != -1): null

2019-08-24 13:05:55 - [TEST_STEP][PASSED] - if (i == 4 &amp;&amp; wildList.indexOf(symbol) != -1): null

2019-08-24 13:05:55 - [TEST_STEP][PASSED] - symbol = symbol: null

2019-08-24 13:05:55 - [TEST_STEP][PASSED] - println(symbol): null

2019-08-24 13:05:55 - [TEST_STEP][PASSED] - if (i == 2 &amp;&amp; wildList.indexOf(symbol) != -1): null

2019-08-24 13:05:55 - [TEST_STEP][PASSED] - if (i == 3 &amp;&amp; wildList.indexOf(symbol) != -1): null

2019-08-24 13:05:55 - [TEST_STEP][PASSED] - if (i == 4 &amp;&amp; wildList.indexOf(symbol) != -1): null

2019-08-24 13:05:55 - [TEST_STEP][PASSED] - symbols = symbols: null

2019-08-24 13:05:55 - [TEST_STEP][PASSED] - for ([j = 0, j &lt; symbols.size(), (j++)]): null

2019-08-24 13:05:55 - [TEST_STEP][PASSED] - symbol = symbol: null

2019-08-24 13:05:55 - [TEST_STEP][PASSED] - println(symbol): null

2019-08-24 13:05:55 - [TEST_STEP][PASSED] - if (i == 2 &amp;&amp; wildList.indexOf(symbol) != -1): null

2019-08-24 13:05:55 - [TEST_STEP][PASSED] - if (i == 3 &amp;&amp; wildList.indexOf(symbol) != -1): null

2019-08-24 13:05:55 - [TEST_STEP][PASSED] - if (i == 4 &amp;&amp; wildList.indexOf(symbol) != -1): null

2019-08-24 13:05:55 - [TEST_STEP][PASSED] - symbol = symbol: null

2019-08-24 13:05:55 - [TEST_STEP][PASSED] - println(symbol): null

2019-08-24 13:05:55 - [TEST_STEP][PASSED] - if (i == 2 &amp;&amp; wildList.indexOf(symbol) != -1): null

2019-08-24 13:05:55 - [TEST_STEP][PASSED] - if (i == 3 &amp;&amp; wildList.indexOf(symbol) != -1): null

2019-08-24 13:05:55 - [TEST_STEP][PASSED] - if (i == 4 &amp;&amp; wildList.indexOf(symbol) != -1): null

2019-08-24 13:05:55 - [TEST_STEP][PASSED] - symbol = symbol: null

2019-08-24 13:05:55 - [TEST_STEP][PASSED] - println(symbol): null

2019-08-24 13:05:55 - [TEST_STEP][PASSED] - if (i == 2 &amp;&amp; wildList.indexOf(symbol) != -1): null

2019-08-24 13:05:55 - [TEST_STEP][PASSED] - if (i == 3 &amp;&amp; wildList.indexOf(symbol) != -1): null

2019-08-24 13:05:55 - [TEST_STEP][PASSED] - if (i == 4 &amp;&amp; wildList.indexOf(symbol) != -1): null

2019-08-24 13:05:55 - [TEST_STEP][PASSED] - free_spin_reel_counter = free_spin_reel_counter: null

2019-08-24 13:05:55 - [TEST_STEP][PASSED] - println("reel 3 wild found: " + free_spin_reel_counter[0]): null

2019-08-24 13:05:55 - [TEST_STEP][PASSED] - println("reel 4 wild found: " + free_spin_reel_counter[1]): null

2019-08-24 13:05:55 - [TEST_STEP][PASSED] - println("reel 5 wild found: " + free_spin_reel_counter[2]): null

2019-08-24 13:05:55 - [TEST_STEP][PASSED] - M4_spin_reels = M4_spin_reels: null

2019-08-24 13:05:55 - [TEST_STEP][PASSED] - M4_spin_reels_symbols = symbol: null

2019-08-24 13:05:55 - [TEST_STEP][PASSED] - M4_spin_reels_symbols = M4_spin_reels_symbols: null

2019-08-24 13:05:55 - [TEST_STEP][PASSED] - M4_spin_reel_wins = reel_wins: null

2019-08-24 13:05:55 - [TEST_STEP][PASSED] - M4_spin_reel_wins = M4_spin_reel_wins: null

2019-08-24 13:05:55 - [TEST_STEP][PASSED] - println("GlobalVariable.M4_spin_reel_wins is: " + M4_spin_reel_wins): null

2019-08-24 13:05:55 - [TEST_STEP][PASSED] - M4_spin_total_bonus_win_this_round = total_bonus_win_this_round: null

2019-08-24 13:05:55 - [TEST_STEP][PASSED] - M4_spin_total_bonus_win_this_round = M4_spin_total_bonus_win_this_round: null

2019-08-24 13:05:55 - [TEST_STEP][PASSED] - println("GlobalVariable.M4_spin_total_bonus_win_this_round is: " + M4_spin_total_bonus_win_this_round): null

2019-08-24 13:05:55 - [TEST_STEP][PASSED] - M4_spin_bonus_spin_result = spin_result: null

2019-08-24 13:05:55 - [TEST_STEP][PASSED] - M4_spin_bonus_spin_result = M4_spin_bonus_spin_result: null

2019-08-24 13:05:55 - [MESSAGE][PASSED] - Verify response successfully

2019-08-24 13:05:55 - [MESSAGE][PASSED] - Send request and verify the response successfully

2019-08-24 13:05:55 - [TEST_STEP][PASSED] - if (M4_total_bonus_spins_int != 0 &amp;&amp; M4_spin_reels_symbols[2].contains("WILD_Expanding")): null

2019-08-24 13:05:55 - [TEST_STEP][PASSED] - free_spin_reel_counter = free_spin_reel_counter: null

2019-08-24 13:05:55 - [TEST_STEP][PASSED] - M4_spin_reels_symbols = M4_spin_reels_symbols: null

2019-08-24 13:05:55 - [TEST_STEP][PASSED] - M4_total_bonus_spins = M4_total_bonus_spins: null

2019-08-24 13:05:55 - [TEST_STEP][PASSED] - spin_result = sendRequestAndVerify(findTestObject("INT/RGS(M4)/1_M4_spin", ["M4_login_user_id":M4_login_user_id, "rgs_session_token":rgs_session_token, "partner":Partner])): Send request and verify the response successfully

2019-08-24 13:05:55 - [MESSAGE][INFO] - HAR: /Users/eiralee/Katalon_Script/SuperWild/Reports/20190824_125957/INT/superWild_5/20190824_125957/requests/main/109.har

2019-08-24 13:05:55 - [TEST_CASE][PASSED] - Start Test Case : Verification: Verification accomplished successfully

2019-08-24 13:05:55 - [TEST_STEP][PASSED] - request = getInstance().getCurrentRequest(): null

2019-08-24 13:05:55 - [TEST_STEP][PASSED] - response = getInstance().getCurrentResponse(): null

2019-08-24 13:05:55 - [TEST_STEP][PASSED] - verifyResponseStatusCode(response, 200): Verify response status code successfully

2019-08-24 13:05:55 - [MESSAGE][PASSED] - Verify response status code successfully

2019-08-24 13:05:55 - [TEST_STEP][PASSED] - getStatusCode()).isEqualTo(200): null

2019-08-24 13:05:55 - [TEST_STEP][PASSED] - newline = System.getProperty("line.separator"): null

2019-08-24 13:05:55 - [TEST_STEP][PASSED] - M4_spin = new groovy.json.JsonSlurper(): null

2019-08-24 13:05:55 - [TEST_STEP][PASSED] - result_M4_spin = M4_spin.parseText(response.getResponseBodyContent()): null

2019-08-24 13:05:55 - [TEST_STEP][PASSED] - M4_spin_current_balance = current_balance: null

2019-08-24 13:05:55 - [TEST_STEP][PASSED] - M4_spin_current_balance = M4_spin_current_balance: null

2019-08-24 13:05:55 - [TEST_STEP][PASSED] - M4_spin_transaction_id = causality: null

2019-08-24 13:05:55 - [TEST_STEP][PASSED] - M4_spin_transaction_id = M4_spin_transaction_id: null

2019-08-24 13:05:55 - [TEST_STEP][PASSED] - M4_spin_round_id = round_id: null

2019-08-24 13:05:55 - [TEST_STEP][PASSED] - M4_spin_round_id = M4_spin_round_id: null

2019-08-24 13:05:55 - [TEST_STEP][PASSED] - M4_spin_line_wins = line_wins: null

2019-08-24 13:05:55 - [TEST_STEP][PASSED] - M4_spin_line_wins = M4_spin_line_wins: null

2019-08-24 13:05:55 - [TEST_STEP][PASSED] - M4_total_bonus_spins_int = total_bonus_spins: null

2019-08-24 13:05:55 - [TEST_STEP][PASSED] - println("******M4_total_bonus_spins type is:*******" + newline + getClass().getName()): null

2019-08-24 13:05:55 - [TEST_STEP][PASSED] - M4_total_bonus_spins_int = M4_total_bonus_spins_int: null

2019-08-24 13:05:55 - [TEST_STEP][PASSED] - M4_total_bonus_spins = Integer.toString(M4_total_bonus_spins_int): null

2019-08-24 13:05:55 - [TEST_STEP][PASSED] - M4_total_bonus_spins = M4_total_bonus_spins: null

2019-08-24 13:05:55 - [TEST_STEP][PASSED] - println("M4_total_bonus_spins is:" + M4_total_bonus_spins): null

2019-08-24 13:05:55 - [TEST_STEP][PASSED] - M4_spin_bonus_data = bonus_data: null

2019-08-24 13:05:55 - [TEST_STEP][PASSED] - M4_spin_features_triggered = result_M4_spin: null

2019-08-24 13:05:55 - [TEST_STEP][PASSED] - wild = []: null

2019-08-24 13:05:55 - [TEST_STEP][PASSED] - wild[0] = "WILD_Expanding": null

2019-08-24 13:05:55 - [TEST_STEP][PASSED] - wild[1] = "WILD_Normal": null

2019-08-24 13:05:55 - [TEST_STEP][PASSED] - wild[2] = "WILD_Double": null

2019-08-24 13:05:55 - [TEST_STEP][PASSED] - wild[3] = "WILD_ExtraFG": null

2019-08-24 13:05:55 - [TEST_STEP][PASSED] - wild[4] = "WILD_Triple": null

2019-08-24 13:05:55 - [TEST_STEP][PASSED] - wildList = Arrays.asList(wild): null

2019-08-24 13:05:55 - [TEST_STEP][PASSED] - wildList = wildList: null

2019-08-24 13:05:55 - [TEST_STEP][PASSED] - free_spin_reel_counter = []: null

2019-08-24 13:05:55 - [TEST_STEP][PASSED] - free_spin_reel_counter[0] = 0: null

2019-08-24 13:05:55 - [TEST_STEP][PASSED] - free_spin_reel_counter[1] = 0: null

2019-08-24 13:05:55 - [TEST_STEP][PASSED] - free_spin_reel_counter[2] = 0: null

2019-08-24 13:05:55 - [TEST_STEP][PASSED] - M4_spin_reels = reels: null

2019-08-24 13:05:55 - [TEST_STEP][PASSED] - for ([i = 0, i &lt; M4_spin_reels.size(), (i++)]): null

2019-08-24 13:05:55 - [TEST_STEP][PASSED] - symbols = symbols: null

2019-08-24 13:05:55 - [TEST_STEP][PASSED] - for ([j = 0, j &lt; symbols.size(), (j++)]): null

2019-08-24 13:05:55 - [TEST_STEP][PASSED] - symbol = symbol: null

2019-08-24 13:05:55 - [TEST_STEP][PASSED] - println(symbol): null

2019-08-24 13:05:55 - [TEST_STEP][PASSED] - if (i == 2 &amp;&amp; wildList.indexOf(symbol) != -1): null

2019-08-24 13:05:55 - [TEST_STEP][PASSED] - if (i == 3 &amp;&amp; wildList.indexOf(symbol) != -1): null

2019-08-24 13:05:55 - [TEST_STEP][PASSED] - if (i == 4 &amp;&amp; wildList.indexOf(symbol) != -1): null

2019-08-24 13:05:55 - [TEST_STEP][PASSED] - symbol = symbol: null

2019-08-24 13:05:55 - [TEST_STEP][PASSED] - println(symbol): null

2019-08-24 13:05:55 - [TEST_STEP][PASSED] - if (i == 2 &amp;&amp; wildList.indexOf(symbol) != -1): null

2019-08-24 13:05:55 - [TEST_STEP][PASSED] - if (i == 3 &amp;&amp; wildList.indexOf(symbol) != -1): null

2019-08-24 13:05:55 - [TEST_STEP][PASSED] - if (i == 4 &amp;&amp; wildList.indexOf(symbol) != -1): null

2019-08-24 13:05:55 - [TEST_STEP][PASSED] - symbol = symbol: null

2019-08-24 13:05:59 - [TEST_STEP][PASSED] - println(symbol): null

2019-08-24 13:05:59 - [TEST_STEP][PASSED] - if (i == 2 &amp;&amp; wildList.indexOf(symbol) != -1): null

2019-08-24 13:05:59 - [TEST_STEP][PASSED] - if (i == 3 &amp;&amp; wildList.indexOf(symbol) != -1): null

2019-08-24 13:05:59 - [TEST_STEP][PASSED] - if (i == 4 &amp;&amp; wildList.indexOf(symbol) != -1): null

2019-08-24 13:05:59 - [TEST_STEP][PASSED] - symbols = symbols: null

2019-08-24 13:05:59 - [TEST_STEP][PASSED] - for ([j = 0, j &lt; symbols.size(), (j++)]): null

2019-08-24 13:05:59 - [TEST_STEP][PASSED] - symbol = symbol: null

2019-08-24 13:05:59 - [TEST_STEP][PASSED] - println(symbol): null

2019-08-24 13:05:59 - [TEST_STEP][PASSED] - if (i == 2 &amp;&amp; wildList.indexOf(symbol) != -1): null

2019-08-24 13:05:59 - [TEST_STEP][PASSED] - if (i == 3 &amp;&amp; wildList.indexOf(symbol) != -1): null

2019-08-24 13:05:59 - [TEST_STEP][PASSED] - if (i == 4 &amp;&amp; wildList.indexOf(symbol) != -1): null

2019-08-24 13:05:59 - [TEST_STEP][PASSED] - symbol = symbol: null

2019-08-24 13:05:59 - [TEST_STEP][PASSED] - println(symbol): null

2019-08-24 13:05:59 - [TEST_STEP][PASSED] - if (i == 2 &amp;&amp; wildList.indexOf(symbol) != -1): null

2019-08-24 13:05:59 - [TEST_STEP][PASSED] - if (i == 3 &amp;&amp; wildList.indexOf(symbol) != -1): null

2019-08-24 13:05:59 - [TEST_STEP][PASSED] - if (i == 4 &amp;&amp; wildList.indexOf(symbol) != -1): null

2019-08-24 13:05:59 - [TEST_STEP][PASSED] - symbol = symbol: null

2019-08-24 13:05:59 - [TEST_STEP][PASSED] - println(symbol): null

2019-08-24 13:05:59 - [TEST_STEP][PASSED] - if (i == 2 &amp;&amp; wildList.indexOf(symbol) != -1): null

2019-08-24 13:05:59 - [TEST_STEP][PASSED] - if (i == 3 &amp;&amp; wildList.indexOf(symbol) != -1): null

2019-08-24 13:05:59 - [TEST_STEP][PASSED] - if (i == 4 &amp;&amp; wildList.indexOf(symbol) != -1): null

2019-08-24 13:05:59 - [TEST_STEP][PASSED] - symbols = symbols: null

2019-08-24 13:05:59 - [TEST_STEP][PASSED] - for ([j = 0, j &lt; symbols.size(), (j++)]): null

2019-08-24 13:05:59 - [TEST_STEP][PASSED] - symbol = symbol: null

2019-08-24 13:05:59 - [TEST_STEP][PASSED] - println(symbol): null

2019-08-24 13:05:59 - [TEST_STEP][PASSED] - if (i == 2 &amp;&amp; wildList.indexOf(symbol) != -1): null

2019-08-24 13:05:59 - [TEST_STEP][PASSED] - if (i == 3 &amp;&amp; wildList.indexOf(symbol) != -1): null

2019-08-24 13:05:59 - [TEST_STEP][PASSED] - if (i == 4 &amp;&amp; wildList.indexOf(symbol) != -1): null

2019-08-24 13:05:59 - [TEST_STEP][PASSED] - symbol = symbol: null

2019-08-24 13:05:59 - [TEST_STEP][PASSED] - println(symbol): null

2019-08-24 13:05:59 - [TEST_STEP][PASSED] - if (i == 2 &amp;&amp; wildList.indexOf(symbol) != -1): null

2019-08-24 13:05:59 - [TEST_STEP][PASSED] - if (i == 3 &amp;&amp; wildList.indexOf(symbol) != -1): null

2019-08-24 13:05:59 - [TEST_STEP][PASSED] - if (i == 4 &amp;&amp; wildList.indexOf(symbol) != -1): null

2019-08-24 13:05:59 - [TEST_STEP][PASSED] - symbol = symbol: null

2019-08-24 13:05:59 - [TEST_STEP][PASSED] - println(symbol): null

2019-08-24 13:05:59 - [TEST_STEP][PASSED] - if (i == 2 &amp;&amp; wildList.indexOf(symbol) != -1): null

2019-08-24 13:05:59 - [TEST_STEP][PASSED] - if (i == 3 &amp;&amp; wildList.indexOf(symbol) != -1): null

2019-08-24 13:05:59 - [TEST_STEP][PASSED] - if (i == 4 &amp;&amp; wildList.indexOf(symbol) != -1): null

2019-08-24 13:05:59 - [TEST_STEP][PASSED] - symbols = symbols: null

2019-08-24 13:05:59 - [TEST_STEP][PASSED] - for ([j = 0, j &lt; symbols.size(), (j++)]): null

2019-08-24 13:05:59 - [TEST_STEP][PASSED] - symbol = symbol: null

2019-08-24 13:05:59 - [TEST_STEP][PASSED] - println(symbol): null

2019-08-24 13:05:59 - [TEST_STEP][PASSED] - if (i == 2 &amp;&amp; wildList.indexOf(symbol) != -1): null

2019-08-24 13:05:59 - [TEST_STEP][PASSED] - if (i == 3 &amp;&amp; wildList.indexOf(symbol) != -1): null

2019-08-24 13:05:59 - [TEST_STEP][PASSED] - if (i == 4 &amp;&amp; wildList.indexOf(symbol) != -1): null

2019-08-24 13:05:59 - [TEST_STEP][PASSED] - symbol = symbol: null

2019-08-24 13:05:59 - [TEST_STEP][PASSED] - println(symbol): null

2019-08-24 13:05:59 - [TEST_STEP][PASSED] - if (i == 2 &amp;&amp; wildList.indexOf(symbol) != -1): null

2019-08-24 13:05:59 - [TEST_STEP][PASSED] - if (i == 3 &amp;&amp; wildList.indexOf(symbol) != -1): null

2019-08-24 13:05:59 - [TEST_STEP][PASSED] - if (i == 4 &amp;&amp; wildList.indexOf(symbol) != -1): null

2019-08-24 13:05:59 - [TEST_STEP][PASSED] - symbol = symbol: null

2019-08-24 13:05:59 - [TEST_STEP][PASSED] - println(symbol): null

2019-08-24 13:05:59 - [TEST_STEP][PASSED] - if (i == 2 &amp;&amp; wildList.indexOf(symbol) != -1): null

2019-08-24 13:05:59 - [TEST_STEP][PASSED] - if (i == 3 &amp;&amp; wildList.indexOf(symbol) != -1): null

2019-08-24 13:05:59 - [TEST_STEP][PASSED] - if (i == 4 &amp;&amp; wildList.indexOf(symbol) != -1): null

2019-08-24 13:05:59 - [TEST_STEP][PASSED] - symbols = symbols: null

2019-08-24 13:05:59 - [TEST_STEP][PASSED] - for ([j = 0, j &lt; symbols.size(), (j++)]): null

2019-08-24 13:05:59 - [TEST_STEP][PASSED] - symbol = symbol: null

2019-08-24 13:05:59 - [TEST_STEP][PASSED] - println(symbol): null

2019-08-24 13:05:59 - [TEST_STEP][PASSED] - if (i == 2 &amp;&amp; wildList.indexOf(symbol) != -1): null

2019-08-24 13:05:59 - [TEST_STEP][PASSED] - if (i == 3 &amp;&amp; wildList.indexOf(symbol) != -1): null

2019-08-24 13:05:59 - [TEST_STEP][PASSED] - if (i == 4 &amp;&amp; wildList.indexOf(symbol) != -1): null

2019-08-24 13:05:59 - [TEST_STEP][PASSED] - symbol = symbol: null

2019-08-24 13:05:59 - [TEST_STEP][PASSED] - println(symbol): null

2019-08-24 13:05:59 - [TEST_STEP][PASSED] - if (i == 2 &amp;&amp; wildList.indexOf(symbol) != -1): null

2019-08-24 13:05:59 - [TEST_STEP][PASSED] - if (i == 3 &amp;&amp; wildList.indexOf(symbol) != -1): null

2019-08-24 13:05:59 - [TEST_STEP][PASSED] - if (i == 4 &amp;&amp; wildList.indexOf(symbol) != -1): null

2019-08-24 13:05:59 - [TEST_STEP][PASSED] - symbol = symbol: null

2019-08-24 13:05:59 - [TEST_STEP][PASSED] - println(symbol): null

2019-08-24 13:05:59 - [TEST_STEP][PASSED] - if (i == 2 &amp;&amp; wildList.indexOf(symbol) != -1): null

2019-08-24 13:05:59 - [TEST_STEP][PASSED] - if (i == 3 &amp;&amp; wildList.indexOf(symbol) != -1): null

2019-08-24 13:05:59 - [TEST_STEP][PASSED] - if (i == 4 &amp;&amp; wildList.indexOf(symbol) != -1): null

2019-08-24 13:05:59 - [TEST_STEP][PASSED] - free_spin_reel_counter = free_spin_reel_counter: null

2019-08-24 13:05:59 - [TEST_STEP][PASSED] - println("reel 3 wild found: " + free_spin_reel_counter[0]): null

2019-08-24 13:05:59 - [TEST_STEP][PASSED] - println("reel 4 wild found: " + free_spin_reel_counter[1]): null

2019-08-24 13:05:59 - [TEST_STEP][PASSED] - println("reel 5 wild found: " + free_spin_reel_counter[2]): null

2019-08-24 13:05:59 - [TEST_STEP][PASSED] - M4_spin_reels = M4_spin_reels: null

2019-08-24 13:05:59 - [TEST_STEP][PASSED] - M4_spin_reels_symbols = symbol: null

2019-08-24 13:05:59 - [TEST_STEP][PASSED] - M4_spin_reels_symbols = M4_spin_reels_symbols: null

2019-08-24 13:05:59 - [TEST_STEP][PASSED] - M4_spin_reel_wins = reel_wins: null

2019-08-24 13:05:59 - [TEST_STEP][PASSED] - M4_spin_reel_wins = M4_spin_reel_wins: null

2019-08-24 13:05:59 - [TEST_STEP][PASSED] - println("GlobalVariable.M4_spin_reel_wins is: " + M4_spin_reel_wins): null

2019-08-24 13:05:59 - [TEST_STEP][PASSED] - M4_spin_total_bonus_win_this_round = total_bonus_win_this_round: null

2019-08-24 13:05:59 - [TEST_STEP][PASSED] - M4_spin_total_bonus_win_this_round = M4_spin_total_bonus_win_this_round: null

2019-08-24 13:05:59 - [TEST_STEP][PASSED] - println("GlobalVariable.M4_spin_total_bonus_win_this_round is: " + M4_spin_total_bonus_win_this_round): null

2019-08-24 13:05:59 - [TEST_STEP][PASSED] - M4_spin_bonus_spin_result = spin_result: null

2019-08-24 13:05:59 - [TEST_STEP][PASSED] - M4_spin_bonus_spin_result = M4_spin_bonus_spin_result: null

2019-08-24 13:05:59 - [MESSAGE][PASSED] - Verify response successfully

2019-08-24 13:05:59 - [MESSAGE][PASSED] - Send request and verify the response successfully

2019-08-24 13:05:59 - [TEST_STEP][PASSED] - if (M4_total_bonus_spins_int != 0 &amp;&amp; M4_spin_reels_symbols[2].contains("WILD_Expanding")): null

2019-08-24 13:05:59 - [TEST_STEP][PASSED] - free_spin_reel_counter = free_spin_reel_counter: null

2019-08-24 13:05:59 - [TEST_STEP][PASSED] - M4_spin_reels_symbols = M4_spin_reels_symbols: null

2019-08-24 13:05:59 - [TEST_STEP][PASSED] - M4_total_bonus_spins = M4_total_bonus_spins: null

2019-08-24 13:05:59 - [TEST_STEP][PASSED] - spin_result = sendRequestAndVerify(findTestObject("INT/RGS(M4)/1_M4_spin", ["M4_login_user_id":M4_login_user_id, "rgs_session_token":rgs_session_token, "partner":Partner])): Send request and verify the response successfully

2019-08-24 13:05:59 - [MESSAGE][INFO] - HAR: /Users/eiralee/Katalon_Script/SuperWild/Reports/20190824_125957/INT/superWild_5/20190824_125957/requests/main/110.har

2019-08-24 13:05:59 - [TEST_CASE][PASSED] - Start Test Case : Verification: Verification accomplished successfully

2019-08-24 13:05:59 - [TEST_STEP][PASSED] - request = getInstance().getCurrentRequest(): null

2019-08-24 13:05:59 - [TEST_STEP][PASSED] - response = getInstance().getCurrentResponse(): null

2019-08-24 13:05:59 - [TEST_STEP][PASSED] - verifyResponseStatusCode(response, 200): Verify response status code successfully

2019-08-24 13:05:59 - [MESSAGE][PASSED] - Verify response status code successfully

2019-08-24 13:05:59 - [TEST_STEP][PASSED] - getStatusCode()).isEqualTo(200): null

2019-08-24 13:05:59 - [TEST_STEP][PASSED] - newline = System.getProperty("line.separator"): null

2019-08-24 13:05:59 - [TEST_STEP][PASSED] - M4_spin = new groovy.json.JsonSlurper(): null

2019-08-24 13:05:59 - [TEST_STEP][PASSED] - result_M4_spin = M4_spin.parseText(response.getResponseBodyContent()): null

2019-08-24 13:05:59 - [TEST_STEP][PASSED] - M4_spin_current_balance = current_balance: null

2019-08-24 13:05:59 - [TEST_STEP][PASSED] - M4_spin_current_balance = M4_spin_current_balance: null

2019-08-24 13:05:59 - [TEST_STEP][PASSED] - M4_spin_transaction_id = causality: null

2019-08-24 13:05:59 - [TEST_STEP][PASSED] - M4_spin_transaction_id = M4_spin_transaction_id: null

2019-08-24 13:05:59 - [TEST_STEP][PASSED] - M4_spin_round_id = round_id: null

2019-08-24 13:05:59 - [TEST_STEP][PASSED] - M4_spin_round_id = M4_spin_round_id: null

2019-08-24 13:05:59 - [TEST_STEP][PASSED] - M4_spin_line_wins = line_wins: null

2019-08-24 13:05:59 - [TEST_STEP][PASSED] - M4_spin_line_wins = M4_spin_line_wins: null

2019-08-24 13:05:59 - [TEST_STEP][PASSED] - M4_total_bonus_spins_int = total_bonus_spins: null

2019-08-24 13:05:59 - [TEST_STEP][PASSED] - println("******M4_total_bonus_spins type is:*******" + newline + getClass().getName()): null

2019-08-24 13:05:59 - [TEST_STEP][PASSED] - M4_total_bonus_spins_int = M4_total_bonus_spins_int: null

2019-08-24 13:05:59 - [TEST_STEP][PASSED] - M4_total_bonus_spins = Integer.toString(M4_total_bonus_spins_int): null

2019-08-24 13:05:59 - [TEST_STEP][PASSED] - M4_total_bonus_spins = M4_total_bonus_spins: null

2019-08-24 13:05:59 - [TEST_STEP][PASSED] - println("M4_total_bonus_spins is:" + M4_total_bonus_spins): null

2019-08-24 13:05:59 - [TEST_STEP][PASSED] - M4_spin_bonus_data = bonus_data: null

2019-08-24 13:05:59 - [TEST_STEP][PASSED] - M4_spin_features_triggered = result_M4_spin: null

2019-08-24 13:05:59 - [TEST_STEP][PASSED] - wild = []: null

2019-08-24 13:05:59 - [TEST_STEP][PASSED] - wild[0] = "WILD_Expanding": null

2019-08-24 13:05:59 - [TEST_STEP][PASSED] - wild[1] = "WILD_Normal": null

2019-08-24 13:05:59 - [TEST_STEP][PASSED] - wild[2] = "WILD_Double": null

2019-08-24 13:05:59 - [TEST_STEP][PASSED] - wild[3] = "WILD_ExtraFG": null

2019-08-24 13:05:59 - [TEST_STEP][PASSED] - wild[4] = "WILD_Triple": null

2019-08-24 13:05:59 - [TEST_STEP][PASSED] - wildList = Arrays.asList(wild): null

2019-08-24 13:05:59 - [TEST_STEP][PASSED] - wildList = wildList: null

2019-08-24 13:05:59 - [TEST_STEP][PASSED] - free_spin_reel_counter = []: null

2019-08-24 13:05:59 - [TEST_STEP][PASSED] - free_spin_reel_counter[0] = 0: null

2019-08-24 13:05:59 - [TEST_STEP][PASSED] - free_spin_reel_counter[1] = 0: null

2019-08-24 13:05:59 - [TEST_STEP][PASSED] - free_spin_reel_counter[2] = 0: null

2019-08-24 13:05:59 - [TEST_STEP][PASSED] - M4_spin_reels = reels: null

2019-08-24 13:05:59 - [TEST_STEP][PASSED] - for ([i = 0, i &lt; M4_spin_reels.size(), (i++)]): null

2019-08-24 13:05:59 - [TEST_STEP][PASSED] - symbols = symbols: null

2019-08-24 13:05:59 - [TEST_STEP][PASSED] - for ([j = 0, j &lt; symbols.size(), (j++)]): null

2019-08-24 13:05:59 - [TEST_STEP][PASSED] - symbol = symbol: null

2019-08-24 13:05:59 - [TEST_STEP][PASSED] - println(symbol): null

2019-08-24 13:05:59 - [TEST_STEP][PASSED] - if (i == 2 &amp;&amp; wildList.indexOf(symbol) != -1): null

2019-08-24 13:05:59 - [TEST_STEP][PASSED] - if (i == 3 &amp;&amp; wildList.indexOf(symbol) != -1): null

2019-08-24 13:05:59 - [TEST_STEP][PASSED] - if (i == 4 &amp;&amp; wildList.indexOf(symbol) != -1): null

2019-08-24 13:05:59 - [TEST_STEP][PASSED] - symbol = symbol: null

2019-08-24 13:05:59 - [TEST_STEP][PASSED] - println(symbol): null

2019-08-24 13:05:59 - [TEST_STEP][PASSED] - if (i == 2 &amp;&amp; wildList.indexOf(symbol) != -1): null

2019-08-24 13:05:59 - [TEST_STEP][PASSED] - if (i == 3 &amp;&amp; wildList.indexOf(symbol) != -1): null

2019-08-24 13:05:59 - [TEST_STEP][PASSED] - if (i == 4 &amp;&amp; wildList.indexOf(symbol) != -1): null

2019-08-24 13:05:59 - [TEST_STEP][PASSED] - symbol = symbol: null

2019-08-24 13:05:59 - [TEST_STEP][PASSED] - println(symbol): null

2019-08-24 13:05:59 - [TEST_STEP][PASSED] - if (i == 2 &amp;&amp; wildList.indexOf(symbol) != -1): null

2019-08-24 13:05:59 - [TEST_STEP][PASSED] - if (i == 3 &amp;&amp; wildList.indexOf(symbol) != -1): null

2019-08-24 13:05:59 - [TEST_STEP][PASSED] - if (i == 4 &amp;&amp; wildList.indexOf(symbol) != -1): null

2019-08-24 13:05:59 - [TEST_STEP][PASSED] - symbols = symbols: null

2019-08-24 13:05:59 - [TEST_STEP][PASSED] - for ([j = 0, j &lt; symbols.size(), (j++)]): null

2019-08-24 13:05:59 - [TEST_STEP][PASSED] - symbol = symbol: null

2019-08-24 13:05:59 - [TEST_STEP][PASSED] - println(symbol): null

2019-08-24 13:05:59 - [TEST_STEP][PASSED] - if (i == 2 &amp;&amp; wildList.indexOf(symbol) != -1): null

2019-08-24 13:05:59 - [TEST_STEP][PASSED] - if (i == 3 &amp;&amp; wildList.indexOf(symbol) != -1): null

2019-08-24 13:05:59 - [TEST_STEP][PASSED] - if (i == 4 &amp;&amp; wildList.indexOf(symbol) != -1): null

2019-08-24 13:05:59 - [TEST_STEP][PASSED] - symbol = symbol: null

2019-08-24 13:05:59 - [TEST_STEP][PASSED] - println(symbol): null

2019-08-24 13:05:59 - [TEST_STEP][PASSED] - if (i == 2 &amp;&amp; wildList.indexOf(symbol) != -1): null

2019-08-24 13:05:59 - [TEST_STEP][PASSED] - if (i == 3 &amp;&amp; wildList.indexOf(symbol) != -1): null

2019-08-24 13:05:59 - [TEST_STEP][PASSED] - if (i == 4 &amp;&amp; wildList.indexOf(symbol) != -1): null

2019-08-24 13:05:59 - [TEST_STEP][PASSED] - symbol = symbol: null

2019-08-24 13:05:59 - [TEST_STEP][PASSED] - println(symbol): null

2019-08-24 13:05:59 - [TEST_STEP][PASSED] - if (i == 2 &amp;&amp; wildList.indexOf(symbol) != -1): null

2019-08-24 13:05:59 - [TEST_STEP][PASSED] - if (i == 3 &amp;&amp; wildList.indexOf(symbol) != -1): null

2019-08-24 13:05:59 - [TEST_STEP][PASSED] - if (i == 4 &amp;&amp; wildList.indexOf(symbol) != -1): null

2019-08-24 13:05:59 - [TEST_STEP][PASSED] - symbols = symbols: null

2019-08-24 13:05:59 - [TEST_STEP][PASSED] - for ([j = 0, j &lt; symbols.size(), (j++)]): null

2019-08-24 13:05:59 - [TEST_STEP][PASSED] - symbol = symbol: null

2019-08-24 13:05:59 - [TEST_STEP][PASSED] - println(symbol): null

2019-08-24 13:05:59 - [TEST_STEP][PASSED] - if (i == 2 &amp;&amp; wildList.indexOf(symbol) != -1): null

2019-08-24 13:05:59 - [TEST_STEP][PASSED] - if (i == 3 &amp;&amp; wildList.indexOf(symbol) != -1): null

2019-08-24 13:05:59 - [TEST_STEP][PASSED] - if (i == 4 &amp;&amp; wildList.indexOf(symbol) != -1): null

2019-08-24 13:05:59 - [TEST_STEP][PASSED] - symbol = symbol: null

2019-08-24 13:05:59 - [TEST_STEP][PASSED] - println(symbol): null

2019-08-24 13:05:59 - [TEST_STEP][PASSED] - if (i == 2 &amp;&amp; wildList.indexOf(symbol) != -1): null

2019-08-24 13:05:59 - [TEST_STEP][PASSED] - if (i == 3 &amp;&amp; wildList.indexOf(symbol) != -1): null

2019-08-24 13:05:59 - [TEST_STEP][PASSED] - if (i == 4 &amp;&amp; wildList.indexOf(symbol) != -1): null

2019-08-24 13:05:59 - [TEST_STEP][PASSED] - symbol = symbol: null

2019-08-24 13:05:59 - [TEST_STEP][PASSED] - println(symbol): null

2019-08-24 13:05:59 - [TEST_STEP][PASSED] - if (i == 2 &amp;&amp; wildList.indexOf(symbol) != -1): null

2019-08-24 13:05:59 - [TEST_STEP][PASSED] - if (i == 3 &amp;&amp; wildList.indexOf(symbol) != -1): null

2019-08-24 13:05:59 - [TEST_STEP][PASSED] - if (i == 4 &amp;&amp; wildList.indexOf(symbol) != -1): null

2019-08-24 13:05:59 - [TEST_STEP][PASSED] - symbols = symbols: null

2019-08-24 13:05:59 - [TEST_STEP][PASSED] - for ([j = 0, j &lt; symbols.size(), (j++)]): null

2019-08-24 13:05:59 - [TEST_STEP][PASSED] - symbol = symbol: null

2019-08-24 13:05:59 - [TEST_STEP][PASSED] - println(symbol): null

2019-08-24 13:05:59 - [TEST_STEP][PASSED] - if (i == 2 &amp;&amp; wildList.indexOf(symbol) != -1): null

2019-08-24 13:05:59 - [TEST_STEP][PASSED] - if (i == 3 &amp;&amp; wildList.indexOf(symbol) != -1): null

2019-08-24 13:05:59 - [TEST_STEP][PASSED] - if (i == 4 &amp;&amp; wildList.indexOf(symbol) != -1): null

2019-08-24 13:05:59 - [TEST_STEP][PASSED] - symbol = symbol: null

2019-08-24 13:05:59 - [TEST_STEP][PASSED] - println(symbol): null

2019-08-24 13:05:59 - [TEST_STEP][PASSED] - if (i == 2 &amp;&amp; wildList.indexOf(symbol) != -1): null

2019-08-24 13:05:59 - [TEST_STEP][PASSED] - if (i == 3 &amp;&amp; wildList.indexOf(symbol) != -1): null

2019-08-24 13:05:59 - [TEST_STEP][PASSED] - if (i == 4 &amp;&amp; wildList.indexOf(symbol) != -1): null

2019-08-24 13:05:59 - [TEST_STEP][PASSED] - symbol = symbol: null

2019-08-24 13:05:59 - [TEST_STEP][PASSED] - println(symbol): null

2019-08-24 13:05:59 - [TEST_STEP][PASSED] - if (i == 2 &amp;&amp; wildList.indexOf(symbol) != -1): null

2019-08-24 13:05:59 - [TEST_STEP][PASSED] - if (i == 3 &amp;&amp; wildList.indexOf(symbol) != -1): null

2019-08-24 13:05:59 - [TEST_STEP][PASSED] - if (i == 4 &amp;&amp; wildList.indexOf(symbol) != -1): null

2019-08-24 13:05:59 - [TEST_STEP][PASSED] - symbols = symbols: null

2019-08-24 13:05:59 - [TEST_STEP][PASSED] - for ([j = 0, j &lt; symbols.size(), (j++)]): null

2019-08-24 13:05:59 - [TEST_STEP][PASSED] - symbol = symbol: null

2019-08-24 13:05:59 - [TEST_STEP][PASSED] - println(symbol): null

2019-08-24 13:05:59 - [TEST_STEP][PASSED] - if (i == 2 &amp;&amp; wildList.indexOf(symbol) != -1): null

2019-08-24 13:05:59 - [TEST_STEP][PASSED] - if (i == 3 &amp;&amp; wildList.indexOf(symbol) != -1): null

2019-08-24 13:05:59 - [TEST_STEP][PASSED] - if (i == 4 &amp;&amp; wildList.indexOf(symbol) != -1): null

2019-08-24 13:05:59 - [TEST_STEP][PASSED] - symbol = symbol: null

2019-08-24 13:05:59 - [TEST_STEP][PASSED] - println(symbol): null

2019-08-24 13:05:59 - [TEST_STEP][PASSED] - if (i == 2 &amp;&amp; wildList.indexOf(symbol) != -1): null

2019-08-24 13:05:59 - [TEST_STEP][PASSED] - if (i == 3 &amp;&amp; wildList.indexOf(symbol) != -1): null

2019-08-24 13:05:59 - [TEST_STEP][PASSED] - if (i == 4 &amp;&amp; wildList.indexOf(symbol) != -1): null

2019-08-24 13:05:59 - [TEST_STEP][PASSED] - symbol = symbol: null

2019-08-24 13:05:59 - [TEST_STEP][PASSED] - println(symbol): null

2019-08-24 13:05:59 - [TEST_STEP][PASSED] - if (i == 2 &amp;&amp; wildList.indexOf(symbol) != -1): null

2019-08-24 13:05:59 - [TEST_STEP][PASSED] - if (i == 3 &amp;&amp; wildList.indexOf(symbol) != -1): null

2019-08-24 13:05:59 - [TEST_STEP][PASSED] - if (i == 4 &amp;&amp; wildList.indexOf(symbol) != -1): null

2019-08-24 13:05:59 - [TEST_STEP][PASSED] - free_spin_reel_counter = free_spin_reel_counter: null

2019-08-24 13:05:59 - [TEST_STEP][PASSED] - println("reel 3 wild found: " + free_spin_reel_counter[0]): null

2019-08-24 13:05:59 - [TEST_STEP][PASSED] - println("reel 4 wild found: " + free_spin_reel_counter[1]): null

2019-08-24 13:05:59 - [TEST_STEP][PASSED] - println("reel 5 wild found: " + free_spin_reel_counter[2]): null

2019-08-24 13:05:59 - [TEST_STEP][PASSED] - M4_spin_reels = M4_spin_reels: null

2019-08-24 13:05:59 - [TEST_STEP][PASSED] - M4_spin_reels_symbols = symbol: null

2019-08-24 13:05:59 - [TEST_STEP][PASSED] - M4_spin_reels_symbols = M4_spin_reels_symbols: null

2019-08-24 13:05:59 - [TEST_STEP][PASSED] - M4_spin_reel_wins = reel_wins: null

2019-08-24 13:05:59 - [TEST_STEP][PASSED] - M4_spin_reel_wins = M4_spin_reel_wins: null

2019-08-24 13:05:59 - [TEST_STEP][PASSED] - println("GlobalVariable.M4_spin_reel_wins is: " + M4_spin_reel_wins): null

2019-08-24 13:05:59 - [TEST_STEP][PASSED] - M4_spin_total_bonus_win_this_round = total_bonus_win_this_round: null

2019-08-24 13:05:59 - [TEST_STEP][PASSED] - M4_spin_total_bonus_win_this_round = M4_spin_total_bonus_win_this_round: null

2019-08-24 13:05:59 - [TEST_STEP][PASSED] - println("GlobalVariable.M4_spin_total_bonus_win_this_round is: " + M4_spin_total_bonus_win_this_round): null

2019-08-24 13:05:59 - [TEST_STEP][PASSED] - M4_spin_bonus_spin_result = spin_result: null

2019-08-24 13:05:59 - [TEST_STEP][PASSED] - M4_spin_bonus_spin_result = M4_spin_bonus_spin_result: null

2019-08-24 13:05:59 - [MESSAGE][PASSED] - Verify response successfully

2019-08-24 13:05:59 - [MESSAGE][PASSED] - Send request and verify the response successfully

2019-08-24 13:05:59 - [TEST_STEP][PASSED] - if (M4_total_bonus_spins_int != 0 &amp;&amp; M4_spin_reels_symbols[2].contains("WILD_Expanding")): null

2019-08-24 13:05:59 - [TEST_STEP][PASSED] - free_spin_reel_counter = free_spin_reel_counter: null

2019-08-24 13:05:59 - [TEST_STEP][PASSED] - M4_spin_reels_symbols = M4_spin_reels_symbols: null

2019-08-24 13:05:59 - [TEST_STEP][PASSED] - M4_total_bonus_spins = M4_total_bonus_spins: null

2019-08-24 13:05:59 - [TEST_STEP][PASSED] - spin_result = sendRequestAndVerify(findTestObject("INT/RGS(M4)/1_M4_spin", ["M4_login_user_id":M4_login_user_id, "rgs_session_token":rgs_session_token, "partner":Partner])): Send request and verify the response successfully

2019-08-24 13:06:00 - [MESSAGE][INFO] - HAR: /Users/eiralee/Katalon_Script/SuperWild/Reports/20190824_125957/INT/superWild_5/20190824_125957/requests/main/111.har

2019-08-24 13:06:00 - [TEST_CASE][PASSED] - Start Test Case : Verification: Verification accomplished successfully

2019-08-24 13:06:00 - [TEST_STEP][PASSED] - request = getInstance().getCurrentRequest(): null

2019-08-24 13:06:00 - [TEST_STEP][PASSED] - response = getInstance().getCurrentResponse(): null

2019-08-24 13:06:00 - [TEST_STEP][PASSED] - verifyResponseStatusCode(response, 200): Verify response status code successfully

2019-08-24 13:06:00 - [MESSAGE][PASSED] - Verify response status code successfully

2019-08-24 13:06:00 - [TEST_STEP][PASSED] - getStatusCode()).isEqualTo(200): null

2019-08-24 13:06:00 - [TEST_STEP][PASSED] - newline = System.getProperty("line.separator"): null

2019-08-24 13:06:00 - [TEST_STEP][PASSED] - M4_spin = new groovy.json.JsonSlurper(): null

2019-08-24 13:06:00 - [TEST_STEP][PASSED] - result_M4_spin = M4_spin.parseText(response.getResponseBodyContent()): null

2019-08-24 13:06:00 - [TEST_STEP][PASSED] - M4_spin_current_balance = current_balance: null

2019-08-24 13:06:00 - [TEST_STEP][PASSED] - M4_spin_current_balance = M4_spin_current_balance: null

2019-08-24 13:06:00 - [TEST_STEP][PASSED] - M4_spin_transaction_id = causality: null

2019-08-24 13:06:00 - [TEST_STEP][PASSED] - M4_spin_transaction_id = M4_spin_transaction_id: null

2019-08-24 13:06:00 - [TEST_STEP][PASSED] - M4_spin_round_id = round_id: null

2019-08-24 13:06:00 - [TEST_STEP][PASSED] - M4_spin_round_id = M4_spin_round_id: null

2019-08-24 13:06:00 - [TEST_STEP][PASSED] - M4_spin_line_wins = line_wins: null

2019-08-24 13:06:00 - [TEST_STEP][PASSED] - M4_spin_line_wins = M4_spin_line_wins: null

2019-08-24 13:06:00 - [TEST_STEP][PASSED] - M4_total_bonus_spins_int = total_bonus_spins: null

2019-08-24 13:06:00 - [TEST_STEP][PASSED] - println("******M4_total_bonus_spins type is:*******" + newline + getClass().getName()): null

2019-08-24 13:06:00 - [TEST_STEP][PASSED] - M4_total_bonus_spins_int = M4_total_bonus_spins_int: null

2019-08-24 13:06:00 - [TEST_STEP][PASSED] - M4_total_bonus_spins = Integer.toString(M4_total_bonus_spins_int): null

2019-08-24 13:06:00 - [TEST_STEP][PASSED] - M4_total_bonus_spins = M4_total_bonus_spins: null

2019-08-24 13:06:00 - [TEST_STEP][PASSED] - println("M4_total_bonus_spins is:" + M4_total_bonus_spins): null

2019-08-24 13:06:00 - [TEST_STEP][PASSED] - M4_spin_bonus_data = bonus_data: null

2019-08-24 13:06:00 - [TEST_STEP][PASSED] - M4_spin_features_triggered = result_M4_spin: null

2019-08-24 13:06:00 - [TEST_STEP][PASSED] - wild = []: null

2019-08-24 13:06:00 - [TEST_STEP][PASSED] - wild[0] = "WILD_Expanding": null

2019-08-24 13:06:00 - [TEST_STEP][PASSED] - wild[1] = "WILD_Normal": null

2019-08-24 13:06:00 - [TEST_STEP][PASSED] - wild[2] = "WILD_Double": null

2019-08-24 13:06:00 - [TEST_STEP][PASSED] - wild[3] = "WILD_ExtraFG": null

2019-08-24 13:06:00 - [TEST_STEP][PASSED] - wild[4] = "WILD_Triple": null

2019-08-24 13:06:00 - [TEST_STEP][PASSED] - wildList = Arrays.asList(wild): null

2019-08-24 13:06:00 - [TEST_STEP][PASSED] - wildList = wildList: null

2019-08-24 13:06:00 - [TEST_STEP][PASSED] - free_spin_reel_counter = []: null

2019-08-24 13:06:00 - [TEST_STEP][PASSED] - free_spin_reel_counter[0] = 0: null

2019-08-24 13:06:00 - [TEST_STEP][PASSED] - free_spin_reel_counter[1] = 0: null

2019-08-24 13:06:00 - [TEST_STEP][PASSED] - free_spin_reel_counter[2] = 0: null

2019-08-24 13:06:00 - [TEST_STEP][PASSED] - M4_spin_reels = reels: null

2019-08-24 13:06:00 - [TEST_STEP][PASSED] - for ([i = 0, i &lt; M4_spin_reels.size(), (i++)]): null

2019-08-24 13:06:00 - [TEST_STEP][PASSED] - symbols = symbols: null

2019-08-24 13:06:00 - [TEST_STEP][PASSED] - for ([j = 0, j &lt; symbols.size(), (j++)]): null

2019-08-24 13:06:00 - [TEST_STEP][PASSED] - symbol = symbol: null

2019-08-24 13:06:00 - [TEST_STEP][PASSED] - println(symbol): null

2019-08-24 13:06:00 - [TEST_STEP][PASSED] - if (i == 2 &amp;&amp; wildList.indexOf(symbol) != -1): null

2019-08-24 13:06:00 - [TEST_STEP][PASSED] - if (i == 3 &amp;&amp; wildList.indexOf(symbol) != -1): null

2019-08-24 13:06:00 - [TEST_STEP][PASSED] - if (i == 4 &amp;&amp; wildList.indexOf(symbol) != -1): null

2019-08-24 13:06:00 - [TEST_STEP][PASSED] - symbol = symbol: null

2019-08-24 13:06:00 - [TEST_STEP][PASSED] - println(symbol): null

2019-08-24 13:06:00 - [TEST_STEP][PASSED] - if (i == 2 &amp;&amp; wildList.indexOf(symbol) != -1): null

2019-08-24 13:06:00 - [TEST_STEP][PASSED] - if (i == 3 &amp;&amp; wildList.indexOf(symbol) != -1): null

2019-08-24 13:06:00 - [TEST_STEP][PASSED] - if (i == 4 &amp;&amp; wildList.indexOf(symbol) != -1): null

2019-08-24 13:06:00 - [TEST_STEP][PASSED] - symbol = symbol: null

2019-08-24 13:06:00 - [TEST_STEP][PASSED] - println(symbol): null

2019-08-24 13:06:00 - [TEST_STEP][PASSED] - if (i == 2 &amp;&amp; wildList.indexOf(symbol) != -1): null

2019-08-24 13:06:00 - [TEST_STEP][PASSED] - if (i == 3 &amp;&amp; wildList.indexOf(symbol) != -1): null

2019-08-24 13:06:00 - [TEST_STEP][PASSED] - if (i == 4 &amp;&amp; wildList.indexOf(symbol) != -1): null

2019-08-24 13:06:00 - [TEST_STEP][PASSED] - symbols = symbols: null

2019-08-24 13:06:00 - [TEST_STEP][PASSED] - for ([j = 0, j &lt; symbols.size(), (j++)]): null

2019-08-24 13:06:00 - [TEST_STEP][PASSED] - symbol = symbol: null

2019-08-24 13:06:00 - [TEST_STEP][PASSED] - println(symbol): null

2019-08-24 13:06:00 - [TEST_STEP][PASSED] - if (i == 2 &amp;&amp; wildList.indexOf(symbol) != -1): null

2019-08-24 13:06:00 - [TEST_STEP][PASSED] - if (i == 3 &amp;&amp; wildList.indexOf(symbol) != -1): null

2019-08-24 13:06:00 - [TEST_STEP][PASSED] - if (i == 4 &amp;&amp; wildList.indexOf(symbol) != -1): null

2019-08-24 13:06:00 - [TEST_STEP][PASSED] - symbol = symbol: null

2019-08-24 13:06:00 - [TEST_STEP][PASSED] - println(symbol): null

2019-08-24 13:06:00 - [TEST_STEP][PASSED] - if (i == 2 &amp;&amp; wildList.indexOf(symbol) != -1): null

2019-08-24 13:06:00 - [TEST_STEP][PASSED] - if (i == 3 &amp;&amp; wildList.indexOf(symbol) != -1): null

2019-08-24 13:06:00 - [TEST_STEP][PASSED] - if (i == 4 &amp;&amp; wildList.indexOf(symbol) != -1): null

2019-08-24 13:06:00 - [TEST_STEP][PASSED] - symbol = symbol: null

2019-08-24 13:06:00 - [TEST_STEP][PASSED] - println(symbol): null

2019-08-24 13:06:00 - [TEST_STEP][PASSED] - if (i == 2 &amp;&amp; wildList.indexOf(symbol) != -1): null

2019-08-24 13:06:00 - [TEST_STEP][PASSED] - if (i == 3 &amp;&amp; wildList.indexOf(symbol) != -1): null

2019-08-24 13:06:00 - [TEST_STEP][PASSED] - if (i == 4 &amp;&amp; wildList.indexOf(symbol) != -1): null

2019-08-24 13:06:00 - [TEST_STEP][PASSED] - symbols = symbols: null

2019-08-24 13:06:00 - [TEST_STEP][PASSED] - for ([j = 0, j &lt; symbols.size(), (j++)]): null

2019-08-24 13:06:00 - [TEST_STEP][PASSED] - symbol = symbol: null

2019-08-24 13:06:00 - [TEST_STEP][PASSED] - println(symbol): null

2019-08-24 13:06:00 - [TEST_STEP][PASSED] - if (i == 2 &amp;&amp; wildList.indexOf(symbol) != -1): null

2019-08-24 13:06:00 - [TEST_STEP][PASSED] - if (i == 3 &amp;&amp; wildList.indexOf(symbol) != -1): null

2019-08-24 13:06:00 - [TEST_STEP][PASSED] - if (i == 4 &amp;&amp; wildList.indexOf(symbol) != -1): null

2019-08-24 13:06:00 - [TEST_STEP][PASSED] - symbol = symbol: null

2019-08-24 13:06:00 - [TEST_STEP][PASSED] - println(symbol): null

2019-08-24 13:06:04 - [TEST_STEP][PASSED] - if (i == 2 &amp;&amp; wildList.indexOf(symbol) != -1): null

2019-08-24 13:06:04 - [TEST_STEP][PASSED] - if (i == 3 &amp;&amp; wildList.indexOf(symbol) != -1): null

2019-08-24 13:06:04 - [TEST_STEP][PASSED] - if (i == 4 &amp;&amp; wildList.indexOf(symbol) != -1): null

2019-08-24 13:06:04 - [TEST_STEP][PASSED] - symbol = symbol: null

2019-08-24 13:06:04 - [TEST_STEP][PASSED] - println(symbol): null

2019-08-24 13:06:04 - [TEST_STEP][PASSED] - if (i == 2 &amp;&amp; wildList.indexOf(symbol) != -1): null

2019-08-24 13:06:04 - [TEST_STEP][PASSED] - if (i == 3 &amp;&amp; wildList.indexOf(symbol) != -1): null

2019-08-24 13:06:04 - [TEST_STEP][PASSED] - if (i == 4 &amp;&amp; wildList.indexOf(symbol) != -1): null

2019-08-24 13:06:04 - [TEST_STEP][PASSED] - symbols = symbols: null

2019-08-24 13:06:04 - [TEST_STEP][PASSED] - for ([j = 0, j &lt; symbols.size(), (j++)]): null

2019-08-24 13:06:07 - [TEST_STEP][PASSED] - symbol = symbol: null

2019-08-24 13:06:07 - [TEST_STEP][PASSED] - println(symbol): null

2019-08-24 13:06:07 - [TEST_STEP][PASSED] - if (i == 2 &amp;&amp; wildList.indexOf(symbol) != -1): null

2019-08-24 13:06:07 - [TEST_STEP][PASSED] - if (i == 3 &amp;&amp; wildList.indexOf(symbol) != -1): null

2019-08-24 13:06:07 - [TEST_STEP][PASSED] - if (i == 4 &amp;&amp; wildList.indexOf(symbol) != -1): null

2019-08-24 13:06:07 - [TEST_STEP][PASSED] - symbol = symbol: null

2019-08-24 13:06:07 - [TEST_STEP][PASSED] - println(symbol): null

2019-08-24 13:06:07 - [TEST_STEP][PASSED] - if (i == 2 &amp;&amp; wildList.indexOf(symbol) != -1): null

2019-08-24 13:06:07 - [TEST_STEP][PASSED] - if (i == 3 &amp;&amp; wildList.indexOf(symbol) != -1): null

2019-08-24 13:06:07 - [TEST_STEP][PASSED] - if (i == 4 &amp;&amp; wildList.indexOf(symbol) != -1): null

2019-08-24 13:06:07 - [TEST_STEP][PASSED] - symbol = symbol: null

2019-08-24 13:06:07 - [TEST_STEP][PASSED] - println(symbol): null

2019-08-24 13:06:07 - [TEST_STEP][PASSED] - if (i == 2 &amp;&amp; wildList.indexOf(symbol) != -1): null

2019-08-24 13:06:07 - [TEST_STEP][PASSED] - if (i == 3 &amp;&amp; wildList.indexOf(symbol) != -1): null

2019-08-24 13:06:07 - [TEST_STEP][PASSED] - if (i == 4 &amp;&amp; wildList.indexOf(symbol) != -1): null

2019-08-24 13:06:07 - [TEST_STEP][PASSED] - symbols = symbols: null

2019-08-24 13:06:07 - [TEST_STEP][PASSED] - for ([j = 0, j &lt; symbols.size(), (j++)]): null

2019-08-24 13:06:07 - [TEST_STEP][PASSED] - symbol = symbol: null

2019-08-24 13:06:07 - [TEST_STEP][PASSED] - println(symbol): null

2019-08-24 13:06:07 - [TEST_STEP][PASSED] - if (i == 2 &amp;&amp; wildList.indexOf(symbol) != -1): null

2019-08-24 13:06:07 - [TEST_STEP][PASSED] - if (i == 3 &amp;&amp; wildList.indexOf(symbol) != -1): null

2019-08-24 13:06:07 - [TEST_STEP][PASSED] - if (i == 4 &amp;&amp; wildList.indexOf(symbol) != -1): null

2019-08-24 13:06:07 - [TEST_STEP][PASSED] - symbol = symbol: null

2019-08-24 13:06:07 - [TEST_STEP][PASSED] - println(symbol): null

2019-08-24 13:06:07 - [TEST_STEP][PASSED] - if (i == 2 &amp;&amp; wildList.indexOf(symbol) != -1): null

2019-08-24 13:06:07 - [TEST_STEP][PASSED] - if (i == 3 &amp;&amp; wildList.indexOf(symbol) != -1): null

2019-08-24 13:06:07 - [TEST_STEP][PASSED] - if (i == 4 &amp;&amp; wildList.indexOf(symbol) != -1): null

2019-08-24 13:06:07 - [TEST_STEP][PASSED] - symbol = symbol: null

2019-08-24 13:06:07 - [TEST_STEP][PASSED] - println(symbol): null

2019-08-24 13:06:07 - [TEST_STEP][PASSED] - if (i == 2 &amp;&amp; wildList.indexOf(symbol) != -1): null

2019-08-24 13:06:07 - [TEST_STEP][PASSED] - if (i == 3 &amp;&amp; wildList.indexOf(symbol) != -1): null

2019-08-24 13:06:07 - [TEST_STEP][PASSED] - if (i == 4 &amp;&amp; wildList.indexOf(symbol) != -1): null

2019-08-24 13:06:07 - [TEST_STEP][PASSED] - free_spin_reel_counter = free_spin_reel_counter: null

2019-08-24 13:06:07 - [TEST_STEP][PASSED] - println("reel 3 wild found: " + free_spin_reel_counter[0]): null

2019-08-24 13:06:07 - [TEST_STEP][PASSED] - println("reel 4 wild found: " + free_spin_reel_counter[1]): null

2019-08-24 13:06:07 - [TEST_STEP][PASSED] - println("reel 5 wild found: " + free_spin_reel_counter[2]): null

2019-08-24 13:06:07 - [TEST_STEP][PASSED] - M4_spin_reels = M4_spin_reels: null

2019-08-24 13:06:07 - [TEST_STEP][PASSED] - M4_spin_reels_symbols = symbol: null

2019-08-24 13:06:07 - [TEST_STEP][PASSED] - M4_spin_reels_symbols = M4_spin_reels_symbols: null

2019-08-24 13:06:07 - [TEST_STEP][PASSED] - M4_spin_reel_wins = reel_wins: null

2019-08-24 13:06:07 - [TEST_STEP][PASSED] - M4_spin_reel_wins = M4_spin_reel_wins: null

2019-08-24 13:06:07 - [TEST_STEP][PASSED] - println("GlobalVariable.M4_spin_reel_wins is: " + M4_spin_reel_wins): null

2019-08-24 13:06:07 - [TEST_STEP][PASSED] - M4_spin_total_bonus_win_this_round = total_bonus_win_this_round: null

2019-08-24 13:06:07 - [TEST_STEP][PASSED] - M4_spin_total_bonus_win_this_round = M4_spin_total_bonus_win_this_round: null

2019-08-24 13:06:07 - [TEST_STEP][PASSED] - println("GlobalVariable.M4_spin_total_bonus_win_this_round is: " + M4_spin_total_bonus_win_this_round): null

2019-08-24 13:06:07 - [TEST_STEP][PASSED] - M4_spin_bonus_spin_result = spin_result: null

2019-08-24 13:06:07 - [TEST_STEP][PASSED] - M4_spin_bonus_spin_result = M4_spin_bonus_spin_result: null

2019-08-24 13:06:07 - [MESSAGE][PASSED] - Verify response successfully

2019-08-24 13:06:07 - [MESSAGE][PASSED] - Send request and verify the response successfully

2019-08-24 13:06:07 - [TEST_STEP][PASSED] - if (M4_total_bonus_spins_int != 0 &amp;&amp; M4_spin_reels_symbols[2].contains("WILD_Expanding")): null

2019-08-24 13:06:07 - [TEST_STEP][PASSED] - free_spin_reel_counter = free_spin_reel_counter: null

2019-08-24 13:06:07 - [TEST_STEP][PASSED] - M4_spin_reels_symbols = M4_spin_reels_symbols: null

2019-08-24 13:06:07 - [TEST_STEP][PASSED] - M4_total_bonus_spins = M4_total_bonus_spins: null

2019-08-24 13:06:07 - [TEST_STEP][PASSED] - spin_result = sendRequestAndVerify(findTestObject("INT/RGS(M4)/1_M4_spin", ["M4_login_user_id":M4_login_user_id, "rgs_session_token":rgs_session_token, "partner":Partner])): Send request and verify the response successfully

2019-08-24 13:06:07 - [MESSAGE][INFO] - HAR: /Users/eiralee/Katalon_Script/SuperWild/Reports/20190824_125957/INT/superWild_5/20190824_125957/requests/main/112.har

2019-08-24 13:06:07 - [TEST_CASE][PASSED] - Start Test Case : Verification: Verification accomplished successfully

2019-08-24 13:06:07 - [TEST_STEP][PASSED] - request = getInstance().getCurrentRequest(): null

2019-08-24 13:06:07 - [TEST_STEP][PASSED] - response = getInstance().getCurrentResponse(): null

2019-08-24 13:06:07 - [TEST_STEP][PASSED] - verifyResponseStatusCode(response, 200): Verify response status code successfully

2019-08-24 13:06:07 - [MESSAGE][PASSED] - Verify response status code successfully

2019-08-24 13:06:07 - [TEST_STEP][PASSED] - getStatusCode()).isEqualTo(200): null

2019-08-24 13:06:07 - [TEST_STEP][PASSED] - newline = System.getProperty("line.separator"): null

2019-08-24 13:06:07 - [TEST_STEP][PASSED] - M4_spin = new groovy.json.JsonSlurper(): null

2019-08-24 13:06:07 - [TEST_STEP][PASSED] - result_M4_spin = M4_spin.parseText(response.getResponseBodyContent()): null

2019-08-24 13:06:07 - [TEST_STEP][PASSED] - M4_spin_current_balance = current_balance: null

2019-08-24 13:06:07 - [TEST_STEP][PASSED] - M4_spin_current_balance = M4_spin_current_balance: null

2019-08-24 13:06:07 - [TEST_STEP][PASSED] - M4_spin_transaction_id = causality: null

2019-08-24 13:06:07 - [TEST_STEP][PASSED] - M4_spin_transaction_id = M4_spin_transaction_id: null

2019-08-24 13:06:07 - [TEST_STEP][PASSED] - M4_spin_round_id = round_id: null

2019-08-24 13:06:07 - [TEST_STEP][PASSED] - M4_spin_round_id = M4_spin_round_id: null

2019-08-24 13:06:07 - [TEST_STEP][PASSED] - M4_spin_line_wins = line_wins: null

2019-08-24 13:06:07 - [TEST_STEP][PASSED] - M4_spin_line_wins = M4_spin_line_wins: null

2019-08-24 13:06:07 - [TEST_STEP][PASSED] - M4_total_bonus_spins_int = total_bonus_spins: null

2019-08-24 13:06:07 - [TEST_STEP][PASSED] - println("******M4_total_bonus_spins type is:*******" + newline + getClass().getName()): null

2019-08-24 13:06:07 - [TEST_STEP][PASSED] - M4_total_bonus_spins_int = M4_total_bonus_spins_int: null

2019-08-24 13:06:07 - [TEST_STEP][PASSED] - M4_total_bonus_spins = Integer.toString(M4_total_bonus_spins_int): null

2019-08-24 13:06:07 - [TEST_STEP][PASSED] - M4_total_bonus_spins = M4_total_bonus_spins: null

2019-08-24 13:06:07 - [TEST_STEP][PASSED] - println("M4_total_bonus_spins is:" + M4_total_bonus_spins): null

2019-08-24 13:06:07 - [TEST_STEP][PASSED] - M4_spin_bonus_data = bonus_data: null

2019-08-24 13:06:07 - [TEST_STEP][PASSED] - M4_spin_features_triggered = result_M4_spin: null

2019-08-24 13:06:07 - [TEST_STEP][PASSED] - wild = []: null

2019-08-24 13:06:07 - [TEST_STEP][PASSED] - wild[0] = "WILD_Expanding": null

2019-08-24 13:06:07 - [TEST_STEP][PASSED] - wild[1] = "WILD_Normal": null

2019-08-24 13:06:07 - [TEST_STEP][PASSED] - wild[2] = "WILD_Double": null

2019-08-24 13:06:07 - [TEST_STEP][PASSED] - wild[3] = "WILD_ExtraFG": null

2019-08-24 13:06:07 - [TEST_STEP][PASSED] - wild[4] = "WILD_Triple": null

2019-08-24 13:06:07 - [TEST_STEP][PASSED] - wildList = Arrays.asList(wild): null

2019-08-24 13:06:07 - [TEST_STEP][PASSED] - wildList = wildList: null

2019-08-24 13:06:07 - [TEST_STEP][PASSED] - free_spin_reel_counter = []: null

2019-08-24 13:06:07 - [TEST_STEP][PASSED] - free_spin_reel_counter[0] = 0: null

2019-08-24 13:06:07 - [TEST_STEP][PASSED] - free_spin_reel_counter[1] = 0: null

2019-08-24 13:06:07 - [TEST_STEP][PASSED] - free_spin_reel_counter[2] = 0: null

2019-08-24 13:06:07 - [TEST_STEP][PASSED] - M4_spin_reels = reels: null

2019-08-24 13:06:07 - [TEST_STEP][PASSED] - for ([i = 0, i &lt; M4_spin_reels.size(), (i++)]): null

2019-08-24 13:06:07 - [TEST_STEP][PASSED] - symbols = symbols: null

2019-08-24 13:06:07 - [TEST_STEP][PASSED] - for ([j = 0, j &lt; symbols.size(), (j++)]): null

2019-08-24 13:06:07 - [TEST_STEP][PASSED] - symbol = symbol: null

2019-08-24 13:06:07 - [TEST_STEP][PASSED] - println(symbol): null

2019-08-24 13:06:07 - [TEST_STEP][PASSED] - if (i == 2 &amp;&amp; wildList.indexOf(symbol) != -1): null

2019-08-24 13:06:07 - [TEST_STEP][PASSED] - if (i == 3 &amp;&amp; wildList.indexOf(symbol) != -1): null

2019-08-24 13:06:07 - [TEST_STEP][PASSED] - if (i == 4 &amp;&amp; wildList.indexOf(symbol) != -1): null

2019-08-24 13:06:07 - [TEST_STEP][PASSED] - symbol = symbol: null

2019-08-24 13:06:07 - [TEST_STEP][PASSED] - println(symbol): null

2019-08-24 13:06:07 - [TEST_STEP][PASSED] - if (i == 2 &amp;&amp; wildList.indexOf(symbol) != -1): null

2019-08-24 13:06:07 - [TEST_STEP][PASSED] - if (i == 3 &amp;&amp; wildList.indexOf(symbol) != -1): null

2019-08-24 13:06:07 - [TEST_STEP][PASSED] - if (i == 4 &amp;&amp; wildList.indexOf(symbol) != -1): null

2019-08-24 13:06:07 - [TEST_STEP][PASSED] - symbol = symbol: null

2019-08-24 13:06:07 - [TEST_STEP][PASSED] - println(symbol): null

2019-08-24 13:06:07 - [TEST_STEP][PASSED] - if (i == 2 &amp;&amp; wildList.indexOf(symbol) != -1): null

2019-08-24 13:06:07 - [TEST_STEP][PASSED] - if (i == 3 &amp;&amp; wildList.indexOf(symbol) != -1): null

2019-08-24 13:06:07 - [TEST_STEP][PASSED] - if (i == 4 &amp;&amp; wildList.indexOf(symbol) != -1): null

2019-08-24 13:06:07 - [TEST_STEP][PASSED] - symbols = symbols: null

2019-08-24 13:06:07 - [TEST_STEP][PASSED] - for ([j = 0, j &lt; symbols.size(), (j++)]): null

2019-08-24 13:06:07 - [TEST_STEP][PASSED] - symbol = symbol: null

2019-08-24 13:06:07 - [TEST_STEP][PASSED] - println(symbol): null

2019-08-24 13:06:07 - [TEST_STEP][PASSED] - if (i == 2 &amp;&amp; wildList.indexOf(symbol) != -1): null

2019-08-24 13:06:07 - [TEST_STEP][PASSED] - if (i == 3 &amp;&amp; wildList.indexOf(symbol) != -1): null

2019-08-24 13:06:07 - [TEST_STEP][PASSED] - if (i == 4 &amp;&amp; wildList.indexOf(symbol) != -1): null

2019-08-24 13:06:07 - [TEST_STEP][PASSED] - symbol = symbol: null

2019-08-24 13:06:07 - [TEST_STEP][PASSED] - println(symbol): null

2019-08-24 13:06:07 - [TEST_STEP][PASSED] - if (i == 2 &amp;&amp; wildList.indexOf(symbol) != -1): null

2019-08-24 13:06:07 - [TEST_STEP][PASSED] - if (i == 3 &amp;&amp; wildList.indexOf(symbol) != -1): null

2019-08-24 13:06:07 - [TEST_STEP][PASSED] - if (i == 4 &amp;&amp; wildList.indexOf(symbol) != -1): null

2019-08-24 13:06:07 - [TEST_STEP][PASSED] - symbol = symbol: null

2019-08-24 13:06:07 - [TEST_STEP][PASSED] - println(symbol): null

2019-08-24 13:06:07 - [TEST_STEP][PASSED] - if (i == 2 &amp;&amp; wildList.indexOf(symbol) != -1): null

2019-08-24 13:06:07 - [TEST_STEP][PASSED] - if (i == 3 &amp;&amp; wildList.indexOf(symbol) != -1): null

2019-08-24 13:06:07 - [TEST_STEP][PASSED] - if (i == 4 &amp;&amp; wildList.indexOf(symbol) != -1): null

2019-08-24 13:06:07 - [TEST_STEP][PASSED] - symbols = symbols: null

2019-08-24 13:06:07 - [TEST_STEP][PASSED] - for ([j = 0, j &lt; symbols.size(), (j++)]): null

2019-08-24 13:06:07 - [TEST_STEP][PASSED] - symbol = symbol: null

2019-08-24 13:06:07 - [TEST_STEP][PASSED] - println(symbol): null

2019-08-24 13:06:07 - [TEST_STEP][PASSED] - if (i == 2 &amp;&amp; wildList.indexOf(symbol) != -1): null

2019-08-24 13:06:07 - [TEST_STEP][PASSED] - if (i == 3 &amp;&amp; wildList.indexOf(symbol) != -1): null

2019-08-24 13:06:07 - [TEST_STEP][PASSED] - if (i == 4 &amp;&amp; wildList.indexOf(symbol) != -1): null

2019-08-24 13:06:07 - [TEST_STEP][PASSED] - symbol = symbol: null

2019-08-24 13:06:07 - [TEST_STEP][PASSED] - println(symbol): null

2019-08-24 13:06:07 - [TEST_STEP][PASSED] - if (i == 2 &amp;&amp; wildList.indexOf(symbol) != -1): null

2019-08-24 13:06:07 - [TEST_STEP][PASSED] - if (i == 3 &amp;&amp; wildList.indexOf(symbol) != -1): null

2019-08-24 13:06:07 - [TEST_STEP][PASSED] - if (i == 4 &amp;&amp; wildList.indexOf(symbol) != -1): null

2019-08-24 13:06:07 - [TEST_STEP][PASSED] - symbol = symbol: null

2019-08-24 13:06:07 - [TEST_STEP][PASSED] - println(symbol): null

2019-08-24 13:06:07 - [TEST_STEP][PASSED] - if (i == 2 &amp;&amp; wildList.indexOf(symbol) != -1): null

2019-08-24 13:06:07 - [TEST_STEP][PASSED] - if (i == 3 &amp;&amp; wildList.indexOf(symbol) != -1): null

2019-08-24 13:06:07 - [TEST_STEP][PASSED] - if (i == 4 &amp;&amp; wildList.indexOf(symbol) != -1): null

2019-08-24 13:06:07 - [TEST_STEP][PASSED] - symbols = symbols: null

2019-08-24 13:06:07 - [TEST_STEP][PASSED] - for ([j = 0, j &lt; symbols.size(), (j++)]): null

2019-08-24 13:06:07 - [TEST_STEP][PASSED] - symbol = symbol: null

2019-08-24 13:06:07 - [TEST_STEP][PASSED] - println(symbol): null

2019-08-24 13:06:07 - [TEST_STEP][PASSED] - if (i == 2 &amp;&amp; wildList.indexOf(symbol) != -1): null

2019-08-24 13:06:07 - [TEST_STEP][PASSED] - if (i == 3 &amp;&amp; wildList.indexOf(symbol) != -1): null

2019-08-24 13:06:07 - [TEST_STEP][PASSED] - if (i == 4 &amp;&amp; wildList.indexOf(symbol) != -1): null

2019-08-24 13:06:07 - [TEST_STEP][PASSED] - symbol = symbol: null

2019-08-24 13:06:07 - [TEST_STEP][PASSED] - println(symbol): null

2019-08-24 13:06:07 - [TEST_STEP][PASSED] - if (i == 2 &amp;&amp; wildList.indexOf(symbol) != -1): null

2019-08-24 13:06:07 - [TEST_STEP][PASSED] - if (i == 3 &amp;&amp; wildList.indexOf(symbol) != -1): null

2019-08-24 13:06:07 - [TEST_STEP][PASSED] - if (i == 4 &amp;&amp; wildList.indexOf(symbol) != -1): null

2019-08-24 13:06:07 - [TEST_STEP][PASSED] - symbol = symbol: null

2019-08-24 13:06:07 - [TEST_STEP][PASSED] - println(symbol): null

2019-08-24 13:06:07 - [TEST_STEP][PASSED] - if (i == 2 &amp;&amp; wildList.indexOf(symbol) != -1): null

2019-08-24 13:06:07 - [TEST_STEP][PASSED] - if (i == 3 &amp;&amp; wildList.indexOf(symbol) != -1): null

2019-08-24 13:06:07 - [TEST_STEP][PASSED] - if (i == 4 &amp;&amp; wildList.indexOf(symbol) != -1): null

2019-08-24 13:06:07 - [TEST_STEP][PASSED] - symbols = symbols: null

2019-08-24 13:06:07 - [TEST_STEP][PASSED] - for ([j = 0, j &lt; symbols.size(), (j++)]): null

2019-08-24 13:06:07 - [TEST_STEP][PASSED] - symbol = symbol: null

2019-08-24 13:06:07 - [TEST_STEP][PASSED] - println(symbol): null

2019-08-24 13:06:07 - [TEST_STEP][PASSED] - if (i == 2 &amp;&amp; wildList.indexOf(symbol) != -1): null

2019-08-24 13:06:07 - [TEST_STEP][PASSED] - if (i == 3 &amp;&amp; wildList.indexOf(symbol) != -1): null

2019-08-24 13:06:07 - [TEST_STEP][PASSED] - if (i == 4 &amp;&amp; wildList.indexOf(symbol) != -1): null

2019-08-24 13:06:07 - [TEST_STEP][PASSED] - symbol = symbol: null

2019-08-24 13:06:07 - [TEST_STEP][PASSED] - println(symbol): null

2019-08-24 13:06:07 - [TEST_STEP][PASSED] - if (i == 2 &amp;&amp; wildList.indexOf(symbol) != -1): null

2019-08-24 13:06:07 - [TEST_STEP][PASSED] - if (i == 3 &amp;&amp; wildList.indexOf(symbol) != -1): null

2019-08-24 13:06:07 - [TEST_STEP][PASSED] - if (i == 4 &amp;&amp; wildList.indexOf(symbol) != -1): null

2019-08-24 13:06:07 - [TEST_STEP][PASSED] - symbol = symbol: null

2019-08-24 13:06:07 - [TEST_STEP][PASSED] - println(symbol): null

2019-08-24 13:06:07 - [TEST_STEP][PASSED] - if (i == 2 &amp;&amp; wildList.indexOf(symbol) != -1): null

2019-08-24 13:06:07 - [TEST_STEP][PASSED] - if (i == 3 &amp;&amp; wildList.indexOf(symbol) != -1): null

2019-08-24 13:06:07 - [TEST_STEP][PASSED] - if (i == 4 &amp;&amp; wildList.indexOf(symbol) != -1): null

2019-08-24 13:06:07 - [TEST_STEP][PASSED] - free_spin_reel_counter = free_spin_reel_counter: null

2019-08-24 13:06:07 - [TEST_STEP][PASSED] - println("reel 3 wild found: " + free_spin_reel_counter[0]): null

2019-08-24 13:06:07 - [TEST_STEP][PASSED] - println("reel 4 wild found: " + free_spin_reel_counter[1]): null

2019-08-24 13:06:07 - [TEST_STEP][PASSED] - println("reel 5 wild found: " + free_spin_reel_counter[2]): null

2019-08-24 13:06:07 - [TEST_STEP][PASSED] - M4_spin_reels = M4_spin_reels: null

2019-08-24 13:06:07 - [TEST_STEP][PASSED] - M4_spin_reels_symbols = symbol: null

2019-08-24 13:06:07 - [TEST_STEP][PASSED] - M4_spin_reels_symbols = M4_spin_reels_symbols: null

2019-08-24 13:06:07 - [TEST_STEP][PASSED] - M4_spin_reel_wins = reel_wins: null

2019-08-24 13:06:07 - [TEST_STEP][PASSED] - M4_spin_reel_wins = M4_spin_reel_wins: null

2019-08-24 13:06:07 - [TEST_STEP][PASSED] - println("GlobalVariable.M4_spin_reel_wins is: " + M4_spin_reel_wins): null

2019-08-24 13:06:07 - [TEST_STEP][PASSED] - M4_spin_total_bonus_win_this_round = total_bonus_win_this_round: null

2019-08-24 13:06:07 - [TEST_STEP][PASSED] - M4_spin_total_bonus_win_this_round = M4_spin_total_bonus_win_this_round: null

2019-08-24 13:06:07 - [TEST_STEP][PASSED] - println("GlobalVariable.M4_spin_total_bonus_win_this_round is: " + M4_spin_total_bonus_win_this_round): null

2019-08-24 13:06:07 - [TEST_STEP][PASSED] - M4_spin_bonus_spin_result = spin_result: null

2019-08-24 13:06:07 - [TEST_STEP][PASSED] - M4_spin_bonus_spin_result = M4_spin_bonus_spin_result: null

2019-08-24 13:06:07 - [MESSAGE][PASSED] - Verify response successfully

2019-08-24 13:06:07 - [MESSAGE][PASSED] - Send request and verify the response successfully

2019-08-24 13:06:07 - [TEST_STEP][PASSED] - if (M4_total_bonus_spins_int != 0 &amp;&amp; M4_spin_reels_symbols[2].contains("WILD_Expanding")): null

2019-08-24 13:06:07 - [TEST_STEP][PASSED] - free_spin_reel_counter = free_spin_reel_counter: null

2019-08-24 13:06:07 - [TEST_STEP][PASSED] - M4_spin_reels_symbols = M4_spin_reels_symbols: null

2019-08-24 13:06:07 - [TEST_STEP][PASSED] - M4_total_bonus_spins = M4_total_bonus_spins: null

2019-08-24 13:06:07 - [TEST_STEP][PASSED] - spin_result = sendRequestAndVerify(findTestObject("INT/RGS(M4)/1_M4_spin", ["M4_login_user_id":M4_login_user_id, "rgs_session_token":rgs_session_token, "partner":Partner])): Send request and verify the response successfully

2019-08-24 13:06:07 - [MESSAGE][INFO] - HAR: /Users/eiralee/Katalon_Script/SuperWild/Reports/20190824_125957/INT/superWild_5/20190824_125957/requests/main/113.har

2019-08-24 13:06:08 - [TEST_CASE][PASSED] - Start Test Case : Verification: Verification accomplished successfully

2019-08-24 13:06:08 - [TEST_STEP][PASSED] - request = getInstance().getCurrentRequest(): null

2019-08-24 13:06:08 - [TEST_STEP][PASSED] - response = getInstance().getCurrentResponse(): null

2019-08-24 13:06:08 - [TEST_STEP][PASSED] - verifyResponseStatusCode(response, 200): Verify response status code successfully

2019-08-24 13:06:08 - [MESSAGE][PASSED] - Verify response status code successfully

2019-08-24 13:06:08 - [TEST_STEP][PASSED] - getStatusCode()).isEqualTo(200): null

2019-08-24 13:06:08 - [TEST_STEP][PASSED] - newline = System.getProperty("line.separator"): null

2019-08-24 13:06:08 - [TEST_STEP][PASSED] - M4_spin = new groovy.json.JsonSlurper(): null

2019-08-24 13:06:08 - [TEST_STEP][PASSED] - result_M4_spin = M4_spin.parseText(response.getResponseBodyContent()): null

2019-08-24 13:06:08 - [TEST_STEP][PASSED] - M4_spin_current_balance = current_balance: null

2019-08-24 13:06:08 - [TEST_STEP][PASSED] - M4_spin_current_balance = M4_spin_current_balance: null

2019-08-24 13:06:08 - [TEST_STEP][PASSED] - M4_spin_transaction_id = causality: null

2019-08-24 13:06:08 - [TEST_STEP][PASSED] - M4_spin_transaction_id = M4_spin_transaction_id: null

2019-08-24 13:06:08 - [TEST_STEP][PASSED] - M4_spin_round_id = round_id: null

2019-08-24 13:06:08 - [TEST_STEP][PASSED] - M4_spin_round_id = M4_spin_round_id: null

2019-08-24 13:06:08 - [TEST_STEP][PASSED] - M4_spin_line_wins = line_wins: null

2019-08-24 13:06:08 - [TEST_STEP][PASSED] - M4_spin_line_wins = M4_spin_line_wins: null

2019-08-24 13:06:08 - [TEST_STEP][PASSED] - M4_total_bonus_spins_int = total_bonus_spins: null

2019-08-24 13:06:08 - [TEST_STEP][PASSED] - println("******M4_total_bonus_spins type is:*******" + newline + getClass().getName()): null

2019-08-24 13:06:08 - [TEST_STEP][PASSED] - M4_total_bonus_spins_int = M4_total_bonus_spins_int: null

2019-08-24 13:06:08 - [TEST_STEP][PASSED] - M4_total_bonus_spins = Integer.toString(M4_total_bonus_spins_int): null

2019-08-24 13:06:08 - [TEST_STEP][PASSED] - M4_total_bonus_spins = M4_total_bonus_spins: null

2019-08-24 13:06:08 - [TEST_STEP][PASSED] - println("M4_total_bonus_spins is:" + M4_total_bonus_spins): null

2019-08-24 13:06:08 - [TEST_STEP][PASSED] - M4_spin_bonus_data = bonus_data: null

2019-08-24 13:06:08 - [TEST_STEP][PASSED] - M4_spin_features_triggered = result_M4_spin: null

2019-08-24 13:06:08 - [TEST_STEP][PASSED] - wild = []: null

2019-08-24 13:06:08 - [TEST_STEP][PASSED] - wild[0] = "WILD_Expanding": null

2019-08-24 13:06:08 - [TEST_STEP][PASSED] - wild[1] = "WILD_Normal": null

2019-08-24 13:06:08 - [TEST_STEP][PASSED] - wild[2] = "WILD_Double": null

2019-08-24 13:06:08 - [TEST_STEP][PASSED] - wild[3] = "WILD_ExtraFG": null

2019-08-24 13:06:08 - [TEST_STEP][PASSED] - wild[4] = "WILD_Triple": null

2019-08-24 13:06:08 - [TEST_STEP][PASSED] - wildList = Arrays.asList(wild): null

2019-08-24 13:06:08 - [TEST_STEP][PASSED] - wildList = wildList: null

2019-08-24 13:06:08 - [TEST_STEP][PASSED] - free_spin_reel_counter = []: null

2019-08-24 13:06:08 - [TEST_STEP][PASSED] - free_spin_reel_counter[0] = 0: null

2019-08-24 13:06:08 - [TEST_STEP][PASSED] - free_spin_reel_counter[1] = 0: null

2019-08-24 13:06:08 - [TEST_STEP][PASSED] - free_spin_reel_counter[2] = 0: null

2019-08-24 13:06:08 - [TEST_STEP][PASSED] - M4_spin_reels = reels: null

2019-08-24 13:06:08 - [TEST_STEP][PASSED] - for ([i = 0, i &lt; M4_spin_reels.size(), (i++)]): null

2019-08-24 13:06:08 - [TEST_STEP][PASSED] - symbols = symbols: null

2019-08-24 13:06:08 - [TEST_STEP][PASSED] - for ([j = 0, j &lt; symbols.size(), (j++)]): null

2019-08-24 13:06:08 - [TEST_STEP][PASSED] - symbol = symbol: null

2019-08-24 13:06:08 - [TEST_STEP][PASSED] - println(symbol): null

2019-08-24 13:06:08 - [TEST_STEP][PASSED] - if (i == 2 &amp;&amp; wildList.indexOf(symbol) != -1): null

2019-08-24 13:06:08 - [TEST_STEP][PASSED] - if (i == 3 &amp;&amp; wildList.indexOf(symbol) != -1): null

2019-08-24 13:06:08 - [TEST_STEP][PASSED] - if (i == 4 &amp;&amp; wildList.indexOf(symbol) != -1): null

2019-08-24 13:06:08 - [TEST_STEP][PASSED] - symbol = symbol: null

2019-08-24 13:06:08 - [TEST_STEP][PASSED] - println(symbol): null

2019-08-24 13:06:08 - [TEST_STEP][PASSED] - if (i == 2 &amp;&amp; wildList.indexOf(symbol) != -1): null

2019-08-24 13:06:08 - [TEST_STEP][PASSED] - if (i == 3 &amp;&amp; wildList.indexOf(symbol) != -1): null

2019-08-24 13:06:08 - [TEST_STEP][PASSED] - if (i == 4 &amp;&amp; wildList.indexOf(symbol) != -1): null

2019-08-24 13:06:08 - [TEST_STEP][PASSED] - symbol = symbol: null

2019-08-24 13:06:08 - [TEST_STEP][PASSED] - println(symbol): null

2019-08-24 13:06:08 - [TEST_STEP][PASSED] - if (i == 2 &amp;&amp; wildList.indexOf(symbol) != -1): null

2019-08-24 13:06:08 - [TEST_STEP][PASSED] - if (i == 3 &amp;&amp; wildList.indexOf(symbol) != -1): null

2019-08-24 13:06:08 - [TEST_STEP][PASSED] - if (i == 4 &amp;&amp; wildList.indexOf(symbol) != -1): null

2019-08-24 13:06:08 - [TEST_STEP][PASSED] - symbols = symbols: null

2019-08-24 13:06:08 - [TEST_STEP][PASSED] - for ([j = 0, j &lt; symbols.size(), (j++)]): null

2019-08-24 13:06:08 - [TEST_STEP][PASSED] - symbol = symbol: null

2019-08-24 13:06:08 - [TEST_STEP][PASSED] - println(symbol): null

2019-08-24 13:06:08 - [TEST_STEP][PASSED] - if (i == 2 &amp;&amp; wildList.indexOf(symbol) != -1): null

2019-08-24 13:06:08 - [TEST_STEP][PASSED] - if (i == 3 &amp;&amp; wildList.indexOf(symbol) != -1): null

2019-08-24 13:06:08 - [TEST_STEP][PASSED] - if (i == 4 &amp;&amp; wildList.indexOf(symbol) != -1): null

2019-08-24 13:06:08 - [TEST_STEP][PASSED] - symbol = symbol: null

2019-08-24 13:06:08 - [TEST_STEP][PASSED] - println(symbol): null

2019-08-24 13:06:08 - [TEST_STEP][PASSED] - if (i == 2 &amp;&amp; wildList.indexOf(symbol) != -1): null

2019-08-24 13:06:08 - [TEST_STEP][PASSED] - if (i == 3 &amp;&amp; wildList.indexOf(symbol) != -1): null

2019-08-24 13:06:08 - [TEST_STEP][PASSED] - if (i == 4 &amp;&amp; wildList.indexOf(symbol) != -1): null

2019-08-24 13:06:08 - [TEST_STEP][PASSED] - symbol = symbol: null

2019-08-24 13:06:08 - [TEST_STEP][PASSED] - println(symbol): null

2019-08-24 13:06:08 - [TEST_STEP][PASSED] - if (i == 2 &amp;&amp; wildList.indexOf(symbol) != -1): null

2019-08-24 13:06:08 - [TEST_STEP][PASSED] - if (i == 3 &amp;&amp; wildList.indexOf(symbol) != -1): null

2019-08-24 13:06:08 - [TEST_STEP][PASSED] - if (i == 4 &amp;&amp; wildList.indexOf(symbol) != -1): null

2019-08-24 13:06:08 - [TEST_STEP][PASSED] - symbols = symbols: null

2019-08-24 13:06:08 - [TEST_STEP][PASSED] - for ([j = 0, j &lt; symbols.size(), (j++)]): null

2019-08-24 13:06:08 - [TEST_STEP][PASSED] - symbol = symbol: null

2019-08-24 13:06:08 - [TEST_STEP][PASSED] - println(symbol): null

2019-08-24 13:06:08 - [TEST_STEP][PASSED] - if (i == 2 &amp;&amp; wildList.indexOf(symbol) != -1): null

2019-08-24 13:06:08 - [TEST_STEP][PASSED] - if (i == 3 &amp;&amp; wildList.indexOf(symbol) != -1): null

2019-08-24 13:06:08 - [TEST_STEP][PASSED] - if (i == 4 &amp;&amp; wildList.indexOf(symbol) != -1): null

2019-08-24 13:06:08 - [TEST_STEP][PASSED] - symbol = symbol: null

2019-08-24 13:06:08 - [TEST_STEP][PASSED] - println(symbol): null

2019-08-24 13:06:08 - [TEST_STEP][PASSED] - if (i == 2 &amp;&amp; wildList.indexOf(symbol) != -1): null

2019-08-24 13:06:08 - [TEST_STEP][PASSED] - if (i == 3 &amp;&amp; wildList.indexOf(symbol) != -1): null

2019-08-24 13:06:08 - [TEST_STEP][PASSED] - if (i == 4 &amp;&amp; wildList.indexOf(symbol) != -1): null

2019-08-24 13:06:08 - [TEST_STEP][PASSED] - symbol = symbol: null

2019-08-24 13:06:08 - [TEST_STEP][PASSED] - println(symbol): null

2019-08-24 13:06:08 - [TEST_STEP][PASSED] - if (i == 2 &amp;&amp; wildList.indexOf(symbol) != -1): null

2019-08-24 13:06:08 - [TEST_STEP][PASSED] - if (i == 3 &amp;&amp; wildList.indexOf(symbol) != -1): null

2019-08-24 13:06:08 - [TEST_STEP][PASSED] - if (i == 4 &amp;&amp; wildList.indexOf(symbol) != -1): null

2019-08-24 13:06:08 - [TEST_STEP][PASSED] - symbols = symbols: null

2019-08-24 13:06:08 - [TEST_STEP][PASSED] - for ([j = 0, j &lt; symbols.size(), (j++)]): null

2019-08-24 13:06:08 - [TEST_STEP][PASSED] - symbol = symbol: null

2019-08-24 13:06:08 - [TEST_STEP][PASSED] - println(symbol): null

2019-08-24 13:06:08 - [TEST_STEP][PASSED] - if (i == 2 &amp;&amp; wildList.indexOf(symbol) != -1): null

2019-08-24 13:06:08 - [TEST_STEP][PASSED] - if (i == 3 &amp;&amp; wildList.indexOf(symbol) != -1): null

2019-08-24 13:06:08 - [TEST_STEP][PASSED] - if (i == 4 &amp;&amp; wildList.indexOf(symbol) != -1): null

2019-08-24 13:06:08 - [TEST_STEP][PASSED] - symbol = symbol: null

2019-08-24 13:06:08 - [TEST_STEP][PASSED] - println(symbol): null

2019-08-24 13:06:08 - [TEST_STEP][PASSED] - if (i == 2 &amp;&amp; wildList.indexOf(symbol) != -1): null

2019-08-24 13:06:08 - [TEST_STEP][PASSED] - if (i == 3 &amp;&amp; wildList.indexOf(symbol) != -1): null

2019-08-24 13:06:08 - [TEST_STEP][PASSED] - if (i == 4 &amp;&amp; wildList.indexOf(symbol) != -1): null

2019-08-24 13:06:08 - [TEST_STEP][PASSED] - symbol = symbol: null

2019-08-24 13:06:08 - [TEST_STEP][PASSED] - println(symbol): null

2019-08-24 13:06:08 - [TEST_STEP][PASSED] - if (i == 2 &amp;&amp; wildList.indexOf(symbol) != -1): null

2019-08-24 13:06:08 - [TEST_STEP][PASSED] - if (i == 3 &amp;&amp; wildList.indexOf(symbol) != -1): null

2019-08-24 13:06:08 - [TEST_STEP][PASSED] - if (i == 4 &amp;&amp; wildList.indexOf(symbol) != -1): null

2019-08-24 13:06:08 - [TEST_STEP][PASSED] - symbols = symbols: null

2019-08-24 13:06:08 - [TEST_STEP][PASSED] - for ([j = 0, j &lt; symbols.size(), (j++)]): null

2019-08-24 13:06:08 - [TEST_STEP][PASSED] - symbol = symbol: null

2019-08-24 13:06:08 - [TEST_STEP][PASSED] - println(symbol): null

2019-08-24 13:06:08 - [TEST_STEP][PASSED] - if (i == 2 &amp;&amp; wildList.indexOf(symbol) != -1): null

2019-08-24 13:06:08 - [TEST_STEP][PASSED] - if (i == 3 &amp;&amp; wildList.indexOf(symbol) != -1): null

2019-08-24 13:06:08 - [TEST_STEP][PASSED] - if (i == 4 &amp;&amp; wildList.indexOf(symbol) != -1): null

2019-08-24 13:06:08 - [TEST_STEP][PASSED] - symbol = symbol: null

2019-08-24 13:06:08 - [TEST_STEP][PASSED] - println(symbol): null

2019-08-24 13:06:08 - [TEST_STEP][PASSED] - if (i == 2 &amp;&amp; wildList.indexOf(symbol) != -1): null

2019-08-24 13:06:08 - [TEST_STEP][PASSED] - if (i == 3 &amp;&amp; wildList.indexOf(symbol) != -1): null

2019-08-24 13:06:08 - [TEST_STEP][PASSED] - if (i == 4 &amp;&amp; wildList.indexOf(symbol) != -1): null

2019-08-24 13:06:08 - [TEST_STEP][PASSED] - symbol = symbol: null

2019-08-24 13:06:08 - [TEST_STEP][PASSED] - println(symbol): null

2019-08-24 13:06:08 - [TEST_STEP][PASSED] - if (i == 2 &amp;&amp; wildList.indexOf(symbol) != -1): null

2019-08-24 13:06:12 - [TEST_STEP][PASSED] - if (i == 3 &amp;&amp; wildList.indexOf(symbol) != -1): null

2019-08-24 13:06:12 - [TEST_STEP][PASSED] - if (i == 4 &amp;&amp; wildList.indexOf(symbol) != -1): null

2019-08-24 13:06:12 - [TEST_STEP][PASSED] - free_spin_reel_counter = free_spin_reel_counter: null

2019-08-24 13:06:12 - [TEST_STEP][PASSED] - println("reel 3 wild found: " + free_spin_reel_counter[0]): null

2019-08-24 13:06:12 - [TEST_STEP][PASSED] - println("reel 4 wild found: " + free_spin_reel_counter[1]): null

2019-08-24 13:06:12 - [TEST_STEP][PASSED] - println("reel 5 wild found: " + free_spin_reel_counter[2]): null

2019-08-24 13:06:12 - [TEST_STEP][PASSED] - M4_spin_reels = M4_spin_reels: null

2019-08-24 13:06:12 - [TEST_STEP][PASSED] - M4_spin_reels_symbols = symbol: null

2019-08-24 13:06:12 - [TEST_STEP][PASSED] - M4_spin_reels_symbols = M4_spin_reels_symbols: null

2019-08-24 13:06:14 - [TEST_STEP][PASSED] - M4_spin_reel_wins = reel_wins: null

2019-08-24 13:06:14 - [TEST_STEP][PASSED] - M4_spin_reel_wins = M4_spin_reel_wins: null

2019-08-24 13:06:14 - [TEST_STEP][PASSED] - println("GlobalVariable.M4_spin_reel_wins is: " + M4_spin_reel_wins): null

2019-08-24 13:06:14 - [TEST_STEP][PASSED] - M4_spin_total_bonus_win_this_round = total_bonus_win_this_round: null

2019-08-24 13:06:14 - [TEST_STEP][PASSED] - M4_spin_total_bonus_win_this_round = M4_spin_total_bonus_win_this_round: null

2019-08-24 13:06:14 - [TEST_STEP][PASSED] - println("GlobalVariable.M4_spin_total_bonus_win_this_round is: " + M4_spin_total_bonus_win_this_round): null

2019-08-24 13:06:14 - [TEST_STEP][PASSED] - M4_spin_bonus_spin_result = spin_result: null

2019-08-24 13:06:14 - [TEST_STEP][PASSED] - M4_spin_bonus_spin_result = M4_spin_bonus_spin_result: null

2019-08-24 13:06:14 - [MESSAGE][PASSED] - Verify response successfully

2019-08-24 13:06:14 - [MESSAGE][PASSED] - Send request and verify the response successfully

2019-08-24 13:06:14 - [TEST_STEP][PASSED] - if (M4_total_bonus_spins_int != 0 &amp;&amp; M4_spin_reels_symbols[2].contains("WILD_Expanding")): null

2019-08-24 13:06:14 - [TEST_STEP][PASSED] - free_spin_reel_counter = free_spin_reel_counter: null

2019-08-24 13:06:14 - [TEST_STEP][PASSED] - M4_spin_reels_symbols = M4_spin_reels_symbols: null

2019-08-24 13:06:14 - [TEST_STEP][PASSED] - M4_total_bonus_spins = M4_total_bonus_spins: null

2019-08-24 13:06:14 - [TEST_STEP][PASSED] - spin_result = sendRequestAndVerify(findTestObject("INT/RGS(M4)/1_M4_spin", ["M4_login_user_id":M4_login_user_id, "rgs_session_token":rgs_session_token, "partner":Partner])): Send request and verify the response successfully

2019-08-24 13:06:15 - [MESSAGE][INFO] - HAR: /Users/eiralee/Katalon_Script/SuperWild/Reports/20190824_125957/INT/superWild_5/20190824_125957/requests/main/114.har

2019-08-24 13:06:15 - [TEST_CASE][PASSED] - Start Test Case : Verification: Verification accomplished successfully

2019-08-24 13:06:15 - [TEST_STEP][PASSED] - request = getInstance().getCurrentRequest(): null

2019-08-24 13:06:15 - [TEST_STEP][PASSED] - response = getInstance().getCurrentResponse(): null

2019-08-24 13:06:15 - [TEST_STEP][PASSED] - verifyResponseStatusCode(response, 200): Verify response status code successfully

2019-08-24 13:06:15 - [MESSAGE][PASSED] - Verify response status code successfully

2019-08-24 13:06:15 - [TEST_STEP][PASSED] - getStatusCode()).isEqualTo(200): null

2019-08-24 13:06:15 - [TEST_STEP][PASSED] - newline = System.getProperty("line.separator"): null

2019-08-24 13:06:15 - [TEST_STEP][PASSED] - M4_spin = new groovy.json.JsonSlurper(): null

2019-08-24 13:06:15 - [TEST_STEP][PASSED] - result_M4_spin = M4_spin.parseText(response.getResponseBodyContent()): null

2019-08-24 13:06:15 - [TEST_STEP][PASSED] - M4_spin_current_balance = current_balance: null

2019-08-24 13:06:15 - [TEST_STEP][PASSED] - M4_spin_current_balance = M4_spin_current_balance: null

2019-08-24 13:06:15 - [TEST_STEP][PASSED] - M4_spin_transaction_id = causality: null

2019-08-24 13:06:15 - [TEST_STEP][PASSED] - M4_spin_transaction_id = M4_spin_transaction_id: null

2019-08-24 13:06:15 - [TEST_STEP][PASSED] - M4_spin_round_id = round_id: null

2019-08-24 13:06:15 - [TEST_STEP][PASSED] - M4_spin_round_id = M4_spin_round_id: null

2019-08-24 13:06:15 - [TEST_STEP][PASSED] - M4_spin_line_wins = line_wins: null

2019-08-24 13:06:15 - [TEST_STEP][PASSED] - M4_spin_line_wins = M4_spin_line_wins: null

2019-08-24 13:06:15 - [TEST_STEP][PASSED] - M4_total_bonus_spins_int = total_bonus_spins: null

2019-08-24 13:06:15 - [TEST_STEP][PASSED] - println("******M4_total_bonus_spins type is:*******" + newline + getClass().getName()): null

2019-08-24 13:06:15 - [TEST_STEP][PASSED] - M4_total_bonus_spins_int = M4_total_bonus_spins_int: null

2019-08-24 13:06:15 - [TEST_STEP][PASSED] - M4_total_bonus_spins = Integer.toString(M4_total_bonus_spins_int): null

2019-08-24 13:06:15 - [TEST_STEP][PASSED] - M4_total_bonus_spins = M4_total_bonus_spins: null

2019-08-24 13:06:15 - [TEST_STEP][PASSED] - println("M4_total_bonus_spins is:" + M4_total_bonus_spins): null

2019-08-24 13:06:15 - [TEST_STEP][PASSED] - M4_spin_bonus_data = bonus_data: null

2019-08-24 13:06:15 - [TEST_STEP][PASSED] - M4_spin_features_triggered = result_M4_spin: null

2019-08-24 13:06:15 - [TEST_STEP][PASSED] - wild = []: null

2019-08-24 13:06:15 - [TEST_STEP][PASSED] - wild[0] = "WILD_Expanding": null

2019-08-24 13:06:15 - [TEST_STEP][PASSED] - wild[1] = "WILD_Normal": null

2019-08-24 13:06:15 - [TEST_STEP][PASSED] - wild[2] = "WILD_Double": null

2019-08-24 13:06:15 - [TEST_STEP][PASSED] - wild[3] = "WILD_ExtraFG": null

2019-08-24 13:06:15 - [TEST_STEP][PASSED] - wild[4] = "WILD_Triple": null

2019-08-24 13:06:15 - [TEST_STEP][PASSED] - wildList = Arrays.asList(wild): null

2019-08-24 13:06:15 - [TEST_STEP][PASSED] - wildList = wildList: null

2019-08-24 13:06:15 - [TEST_STEP][PASSED] - free_spin_reel_counter = []: null

2019-08-24 13:06:15 - [TEST_STEP][PASSED] - free_spin_reel_counter[0] = 0: null

2019-08-24 13:06:15 - [TEST_STEP][PASSED] - free_spin_reel_counter[1] = 0: null

2019-08-24 13:06:15 - [TEST_STEP][PASSED] - free_spin_reel_counter[2] = 0: null

2019-08-24 13:06:15 - [TEST_STEP][PASSED] - M4_spin_reels = reels: null

2019-08-24 13:06:15 - [TEST_STEP][PASSED] - for ([i = 0, i &lt; M4_spin_reels.size(), (i++)]): null

2019-08-24 13:06:15 - [TEST_STEP][PASSED] - symbols = symbols: null

2019-08-24 13:06:15 - [TEST_STEP][PASSED] - for ([j = 0, j &lt; symbols.size(), (j++)]): null

2019-08-24 13:06:15 - [TEST_STEP][PASSED] - symbol = symbol: null

2019-08-24 13:06:15 - [TEST_STEP][PASSED] - println(symbol): null

2019-08-24 13:06:15 - [TEST_STEP][PASSED] - if (i == 2 &amp;&amp; wildList.indexOf(symbol) != -1): null

2019-08-24 13:06:15 - [TEST_STEP][PASSED] - if (i == 3 &amp;&amp; wildList.indexOf(symbol) != -1): null

2019-08-24 13:06:15 - [TEST_STEP][PASSED] - if (i == 4 &amp;&amp; wildList.indexOf(symbol) != -1): null

2019-08-24 13:06:15 - [TEST_STEP][PASSED] - symbol = symbol: null

2019-08-24 13:06:15 - [TEST_STEP][PASSED] - println(symbol): null

2019-08-24 13:06:15 - [TEST_STEP][PASSED] - if (i == 2 &amp;&amp; wildList.indexOf(symbol) != -1): null

2019-08-24 13:06:15 - [TEST_STEP][PASSED] - if (i == 3 &amp;&amp; wildList.indexOf(symbol) != -1): null

2019-08-24 13:06:15 - [TEST_STEP][PASSED] - if (i == 4 &amp;&amp; wildList.indexOf(symbol) != -1): null

2019-08-24 13:06:15 - [TEST_STEP][PASSED] - symbol = symbol: null

2019-08-24 13:06:15 - [TEST_STEP][PASSED] - println(symbol): null

2019-08-24 13:06:15 - [TEST_STEP][PASSED] - if (i == 2 &amp;&amp; wildList.indexOf(symbol) != -1): null

2019-08-24 13:06:15 - [TEST_STEP][PASSED] - if (i == 3 &amp;&amp; wildList.indexOf(symbol) != -1): null

2019-08-24 13:06:15 - [TEST_STEP][PASSED] - if (i == 4 &amp;&amp; wildList.indexOf(symbol) != -1): null

2019-08-24 13:06:15 - [TEST_STEP][PASSED] - symbols = symbols: null

2019-08-24 13:06:15 - [TEST_STEP][PASSED] - for ([j = 0, j &lt; symbols.size(), (j++)]): null

2019-08-24 13:06:15 - [TEST_STEP][PASSED] - symbol = symbol: null

2019-08-24 13:06:15 - [TEST_STEP][PASSED] - println(symbol): null

2019-08-24 13:06:15 - [TEST_STEP][PASSED] - if (i == 2 &amp;&amp; wildList.indexOf(symbol) != -1): null

2019-08-24 13:06:15 - [TEST_STEP][PASSED] - if (i == 3 &amp;&amp; wildList.indexOf(symbol) != -1): null

2019-08-24 13:06:15 - [TEST_STEP][PASSED] - if (i == 4 &amp;&amp; wildList.indexOf(symbol) != -1): null

2019-08-24 13:06:15 - [TEST_STEP][PASSED] - symbol = symbol: null

2019-08-24 13:06:15 - [TEST_STEP][PASSED] - println(symbol): null

2019-08-24 13:06:15 - [TEST_STEP][PASSED] - if (i == 2 &amp;&amp; wildList.indexOf(symbol) != -1): null

2019-08-24 13:06:15 - [TEST_STEP][PASSED] - if (i == 3 &amp;&amp; wildList.indexOf(symbol) != -1): null

2019-08-24 13:06:15 - [TEST_STEP][PASSED] - if (i == 4 &amp;&amp; wildList.indexOf(symbol) != -1): null

2019-08-24 13:06:15 - [TEST_STEP][PASSED] - symbol = symbol: null

2019-08-24 13:06:15 - [TEST_STEP][PASSED] - println(symbol): null

2019-08-24 13:06:15 - [TEST_STEP][PASSED] - if (i == 2 &amp;&amp; wildList.indexOf(symbol) != -1): null

2019-08-24 13:06:15 - [TEST_STEP][PASSED] - if (i == 3 &amp;&amp; wildList.indexOf(symbol) != -1): null

2019-08-24 13:06:15 - [TEST_STEP][PASSED] - if (i == 4 &amp;&amp; wildList.indexOf(symbol) != -1): null

2019-08-24 13:06:15 - [TEST_STEP][PASSED] - symbols = symbols: null

2019-08-24 13:06:15 - [TEST_STEP][PASSED] - for ([j = 0, j &lt; symbols.size(), (j++)]): null

2019-08-24 13:06:15 - [TEST_STEP][PASSED] - symbol = symbol: null

2019-08-24 13:06:15 - [TEST_STEP][PASSED] - println(symbol): null

2019-08-24 13:06:15 - [TEST_STEP][PASSED] - if (i == 2 &amp;&amp; wildList.indexOf(symbol) != -1): null

2019-08-24 13:06:15 - [TEST_STEP][PASSED] - if (i == 3 &amp;&amp; wildList.indexOf(symbol) != -1): null

2019-08-24 13:06:15 - [TEST_STEP][PASSED] - if (i == 4 &amp;&amp; wildList.indexOf(symbol) != -1): null

2019-08-24 13:06:15 - [TEST_STEP][PASSED] - symbol = symbol: null

2019-08-24 13:06:15 - [TEST_STEP][PASSED] - println(symbol): null

2019-08-24 13:06:15 - [TEST_STEP][PASSED] - if (i == 2 &amp;&amp; wildList.indexOf(symbol) != -1): null

2019-08-24 13:06:15 - [TEST_STEP][PASSED] - if (i == 3 &amp;&amp; wildList.indexOf(symbol) != -1): null

2019-08-24 13:06:15 - [TEST_STEP][PASSED] - if (i == 4 &amp;&amp; wildList.indexOf(symbol) != -1): null

2019-08-24 13:06:15 - [TEST_STEP][PASSED] - symbol = symbol: null

2019-08-24 13:06:15 - [TEST_STEP][PASSED] - println(symbol): null

2019-08-24 13:06:15 - [TEST_STEP][PASSED] - if (i == 2 &amp;&amp; wildList.indexOf(symbol) != -1): null

2019-08-24 13:06:15 - [TEST_STEP][PASSED] - if (i == 3 &amp;&amp; wildList.indexOf(symbol) != -1): null

2019-08-24 13:06:15 - [TEST_STEP][PASSED] - if (i == 4 &amp;&amp; wildList.indexOf(symbol) != -1): null

2019-08-24 13:06:15 - [TEST_STEP][PASSED] - symbols = symbols: null

2019-08-24 13:06:15 - [TEST_STEP][PASSED] - for ([j = 0, j &lt; symbols.size(), (j++)]): null

2019-08-24 13:06:15 - [TEST_STEP][PASSED] - symbol = symbol: null

2019-08-24 13:06:15 - [TEST_STEP][PASSED] - println(symbol): null

2019-08-24 13:06:15 - [TEST_STEP][PASSED] - if (i == 2 &amp;&amp; wildList.indexOf(symbol) != -1): null

2019-08-24 13:06:15 - [TEST_STEP][PASSED] - if (i == 3 &amp;&amp; wildList.indexOf(symbol) != -1): null

2019-08-24 13:06:15 - [TEST_STEP][PASSED] - if (i == 4 &amp;&amp; wildList.indexOf(symbol) != -1): null

2019-08-24 13:06:15 - [TEST_STEP][PASSED] - symbol = symbol: null

2019-08-24 13:06:15 - [TEST_STEP][PASSED] - println(symbol): null

2019-08-24 13:06:15 - [TEST_STEP][PASSED] - if (i == 2 &amp;&amp; wildList.indexOf(symbol) != -1): null

2019-08-24 13:06:15 - [TEST_STEP][PASSED] - if (i == 3 &amp;&amp; wildList.indexOf(symbol) != -1): null

2019-08-24 13:06:15 - [TEST_STEP][PASSED] - if (i == 4 &amp;&amp; wildList.indexOf(symbol) != -1): null

2019-08-24 13:06:15 - [TEST_STEP][PASSED] - symbol = symbol: null

2019-08-24 13:06:15 - [TEST_STEP][PASSED] - println(symbol): null

2019-08-24 13:06:15 - [TEST_STEP][PASSED] - if (i == 2 &amp;&amp; wildList.indexOf(symbol) != -1): null

2019-08-24 13:06:15 - [TEST_STEP][PASSED] - if (i == 3 &amp;&amp; wildList.indexOf(symbol) != -1): null

2019-08-24 13:06:15 - [TEST_STEP][PASSED] - if (i == 4 &amp;&amp; wildList.indexOf(symbol) != -1): null

2019-08-24 13:06:15 - [TEST_STEP][PASSED] - symbols = symbols: null

2019-08-24 13:06:15 - [TEST_STEP][PASSED] - for ([j = 0, j &lt; symbols.size(), (j++)]): null

2019-08-24 13:06:15 - [TEST_STEP][PASSED] - symbol = symbol: null

2019-08-24 13:06:15 - [TEST_STEP][PASSED] - println(symbol): null

2019-08-24 13:06:15 - [TEST_STEP][PASSED] - if (i == 2 &amp;&amp; wildList.indexOf(symbol) != -1): null

2019-08-24 13:06:15 - [TEST_STEP][PASSED] - if (i == 3 &amp;&amp; wildList.indexOf(symbol) != -1): null

2019-08-24 13:06:15 - [TEST_STEP][PASSED] - if (i == 4 &amp;&amp; wildList.indexOf(symbol) != -1): null

2019-08-24 13:06:15 - [TEST_STEP][PASSED] - symbol = symbol: null

2019-08-24 13:06:15 - [TEST_STEP][PASSED] - println(symbol): null

2019-08-24 13:06:15 - [TEST_STEP][PASSED] - if (i == 2 &amp;&amp; wildList.indexOf(symbol) != -1): null

2019-08-24 13:06:15 - [TEST_STEP][PASSED] - if (i == 3 &amp;&amp; wildList.indexOf(symbol) != -1): null

2019-08-24 13:06:15 - [TEST_STEP][PASSED] - if (i == 4 &amp;&amp; wildList.indexOf(symbol) != -1): null

2019-08-24 13:06:15 - [TEST_STEP][PASSED] - symbol = symbol: null

2019-08-24 13:06:15 - [TEST_STEP][PASSED] - println(symbol): null

2019-08-24 13:06:15 - [TEST_STEP][PASSED] - if (i == 2 &amp;&amp; wildList.indexOf(symbol) != -1): null

2019-08-24 13:06:15 - [TEST_STEP][PASSED] - if (i == 3 &amp;&amp; wildList.indexOf(symbol) != -1): null

2019-08-24 13:06:15 - [TEST_STEP][PASSED] - if (i == 4 &amp;&amp; wildList.indexOf(symbol) != -1): null

2019-08-24 13:06:15 - [TEST_STEP][PASSED] - free_spin_reel_counter = free_spin_reel_counter: null

2019-08-24 13:06:15 - [TEST_STEP][PASSED] - println("reel 3 wild found: " + free_spin_reel_counter[0]): null

2019-08-24 13:06:15 - [TEST_STEP][PASSED] - println("reel 4 wild found: " + free_spin_reel_counter[1]): null

2019-08-24 13:06:15 - [TEST_STEP][PASSED] - println("reel 5 wild found: " + free_spin_reel_counter[2]): null

2019-08-24 13:06:15 - [TEST_STEP][PASSED] - M4_spin_reels = M4_spin_reels: null

2019-08-24 13:06:15 - [TEST_STEP][PASSED] - M4_spin_reels_symbols = symbol: null

2019-08-24 13:06:15 - [TEST_STEP][PASSED] - M4_spin_reels_symbols = M4_spin_reels_symbols: null

2019-08-24 13:06:15 - [TEST_STEP][PASSED] - M4_spin_reel_wins = reel_wins: null

2019-08-24 13:06:15 - [TEST_STEP][PASSED] - M4_spin_reel_wins = M4_spin_reel_wins: null

2019-08-24 13:06:15 - [TEST_STEP][PASSED] - println("GlobalVariable.M4_spin_reel_wins is: " + M4_spin_reel_wins): null

2019-08-24 13:06:15 - [TEST_STEP][PASSED] - M4_spin_total_bonus_win_this_round = total_bonus_win_this_round: null

2019-08-24 13:06:15 - [TEST_STEP][PASSED] - M4_spin_total_bonus_win_this_round = M4_spin_total_bonus_win_this_round: null

2019-08-24 13:06:15 - [TEST_STEP][PASSED] - println("GlobalVariable.M4_spin_total_bonus_win_this_round is: " + M4_spin_total_bonus_win_this_round): null

2019-08-24 13:06:15 - [TEST_STEP][PASSED] - M4_spin_bonus_spin_result = spin_result: null

2019-08-24 13:06:15 - [TEST_STEP][PASSED] - M4_spin_bonus_spin_result = M4_spin_bonus_spin_result: null

2019-08-24 13:06:15 - [MESSAGE][PASSED] - Verify response successfully

2019-08-24 13:06:15 - [MESSAGE][PASSED] - Send request and verify the response successfully

2019-08-24 13:06:15 - [TEST_STEP][PASSED] - if (M4_total_bonus_spins_int != 0 &amp;&amp; M4_spin_reels_symbols[2].contains("WILD_Expanding")): null

2019-08-24 13:06:15 - [TEST_STEP][PASSED] - free_spin_reel_counter = free_spin_reel_counter: null

2019-08-24 13:06:15 - [TEST_STEP][PASSED] - M4_spin_reels_symbols = M4_spin_reels_symbols: null

2019-08-24 13:06:15 - [TEST_STEP][PASSED] - M4_total_bonus_spins = M4_total_bonus_spins: null

2019-08-24 13:06:15 - [TEST_STEP][PASSED] - spin_result = sendRequestAndVerify(findTestObject("INT/RGS(M4)/1_M4_spin", ["M4_login_user_id":M4_login_user_id, "rgs_session_token":rgs_session_token, "partner":Partner])): Send request and verify the response successfully

2019-08-24 13:06:15 - [MESSAGE][INFO] - HAR: /Users/eiralee/Katalon_Script/SuperWild/Reports/20190824_125957/INT/superWild_5/20190824_125957/requests/main/115.har

2019-08-24 13:06:15 - [TEST_CASE][PASSED] - Start Test Case : Verification: Verification accomplished successfully

2019-08-24 13:06:15 - [TEST_STEP][PASSED] - request = getInstance().getCurrentRequest(): null

2019-08-24 13:06:15 - [TEST_STEP][PASSED] - response = getInstance().getCurrentResponse(): null

2019-08-24 13:06:15 - [TEST_STEP][PASSED] - verifyResponseStatusCode(response, 200): Verify response status code successfully

2019-08-24 13:06:15 - [MESSAGE][PASSED] - Verify response status code successfully

2019-08-24 13:06:15 - [TEST_STEP][PASSED] - getStatusCode()).isEqualTo(200): null

2019-08-24 13:06:15 - [TEST_STEP][PASSED] - newline = System.getProperty("line.separator"): null

2019-08-24 13:06:15 - [TEST_STEP][PASSED] - M4_spin = new groovy.json.JsonSlurper(): null

2019-08-24 13:06:15 - [TEST_STEP][PASSED] - result_M4_spin = M4_spin.parseText(response.getResponseBodyContent()): null

2019-08-24 13:06:15 - [TEST_STEP][PASSED] - M4_spin_current_balance = current_balance: null

2019-08-24 13:06:15 - [TEST_STEP][PASSED] - M4_spin_current_balance = M4_spin_current_balance: null

2019-08-24 13:06:15 - [TEST_STEP][PASSED] - M4_spin_transaction_id = causality: null

2019-08-24 13:06:15 - [TEST_STEP][PASSED] - M4_spin_transaction_id = M4_spin_transaction_id: null

2019-08-24 13:06:15 - [TEST_STEP][PASSED] - M4_spin_round_id = round_id: null

2019-08-24 13:06:15 - [TEST_STEP][PASSED] - M4_spin_round_id = M4_spin_round_id: null

2019-08-24 13:06:15 - [TEST_STEP][PASSED] - M4_spin_line_wins = line_wins: null

2019-08-24 13:06:15 - [TEST_STEP][PASSED] - M4_spin_line_wins = M4_spin_line_wins: null

2019-08-24 13:06:15 - [TEST_STEP][PASSED] - M4_total_bonus_spins_int = total_bonus_spins: null

2019-08-24 13:06:15 - [TEST_STEP][PASSED] - println("******M4_total_bonus_spins type is:*******" + newline + getClass().getName()): null

2019-08-24 13:06:15 - [TEST_STEP][PASSED] - M4_total_bonus_spins_int = M4_total_bonus_spins_int: null

2019-08-24 13:06:15 - [TEST_STEP][PASSED] - M4_total_bonus_spins = Integer.toString(M4_total_bonus_spins_int): null

2019-08-24 13:06:15 - [TEST_STEP][PASSED] - M4_total_bonus_spins = M4_total_bonus_spins: null

2019-08-24 13:06:15 - [TEST_STEP][PASSED] - println("M4_total_bonus_spins is:" + M4_total_bonus_spins): null

2019-08-24 13:06:15 - [TEST_STEP][PASSED] - M4_spin_bonus_data = bonus_data: null

2019-08-24 13:06:15 - [TEST_STEP][PASSED] - M4_spin_features_triggered = result_M4_spin: null

2019-08-24 13:06:15 - [TEST_STEP][PASSED] - wild = []: null

2019-08-24 13:06:15 - [TEST_STEP][PASSED] - wild[0] = "WILD_Expanding": null

2019-08-24 13:06:15 - [TEST_STEP][PASSED] - wild[1] = "WILD_Normal": null

2019-08-24 13:06:15 - [TEST_STEP][PASSED] - wild[2] = "WILD_Double": null

2019-08-24 13:06:15 - [TEST_STEP][PASSED] - wild[3] = "WILD_ExtraFG": null

2019-08-24 13:06:15 - [TEST_STEP][PASSED] - wild[4] = "WILD_Triple": null

2019-08-24 13:06:15 - [TEST_STEP][PASSED] - wildList = Arrays.asList(wild): null

2019-08-24 13:06:15 - [TEST_STEP][PASSED] - wildList = wildList: null

2019-08-24 13:06:15 - [TEST_STEP][PASSED] - free_spin_reel_counter = []: null

2019-08-24 13:06:15 - [TEST_STEP][PASSED] - free_spin_reel_counter[0] = 0: null

2019-08-24 13:06:15 - [TEST_STEP][PASSED] - free_spin_reel_counter[1] = 0: null

2019-08-24 13:06:15 - [TEST_STEP][PASSED] - free_spin_reel_counter[2] = 0: null

2019-08-24 13:06:15 - [TEST_STEP][PASSED] - M4_spin_reels = reels: null

2019-08-24 13:06:15 - [TEST_STEP][PASSED] - for ([i = 0, i &lt; M4_spin_reels.size(), (i++)]): null

2019-08-24 13:06:15 - [TEST_STEP][PASSED] - symbols = symbols: null

2019-08-24 13:06:15 - [TEST_STEP][PASSED] - for ([j = 0, j &lt; symbols.size(), (j++)]): null

2019-08-24 13:06:15 - [TEST_STEP][PASSED] - symbol = symbol: null

2019-08-24 13:06:15 - [TEST_STEP][PASSED] - println(symbol): null

2019-08-24 13:06:15 - [TEST_STEP][PASSED] - if (i == 2 &amp;&amp; wildList.indexOf(symbol) != -1): null

2019-08-24 13:06:15 - [TEST_STEP][PASSED] - if (i == 3 &amp;&amp; wildList.indexOf(symbol) != -1): null

2019-08-24 13:06:15 - [TEST_STEP][PASSED] - if (i == 4 &amp;&amp; wildList.indexOf(symbol) != -1): null

2019-08-24 13:06:15 - [TEST_STEP][PASSED] - symbol = symbol: null

2019-08-24 13:06:15 - [TEST_STEP][PASSED] - println(symbol): null

2019-08-24 13:06:15 - [TEST_STEP][PASSED] - if (i == 2 &amp;&amp; wildList.indexOf(symbol) != -1): null

2019-08-24 13:06:15 - [TEST_STEP][PASSED] - if (i == 3 &amp;&amp; wildList.indexOf(symbol) != -1): null

2019-08-24 13:06:15 - [TEST_STEP][PASSED] - if (i == 4 &amp;&amp; wildList.indexOf(symbol) != -1): null

2019-08-24 13:06:15 - [TEST_STEP][PASSED] - symbol = symbol: null

2019-08-24 13:06:15 - [TEST_STEP][PASSED] - println(symbol): null

2019-08-24 13:06:15 - [TEST_STEP][PASSED] - if (i == 2 &amp;&amp; wildList.indexOf(symbol) != -1): null

2019-08-24 13:06:15 - [TEST_STEP][PASSED] - if (i == 3 &amp;&amp; wildList.indexOf(symbol) != -1): null

2019-08-24 13:06:15 - [TEST_STEP][PASSED] - if (i == 4 &amp;&amp; wildList.indexOf(symbol) != -1): null

2019-08-24 13:06:15 - [TEST_STEP][PASSED] - symbols = symbols: null

2019-08-24 13:06:15 - [TEST_STEP][PASSED] - for ([j = 0, j &lt; symbols.size(), (j++)]): null

2019-08-24 13:06:15 - [TEST_STEP][PASSED] - symbol = symbol: null

2019-08-24 13:06:15 - [TEST_STEP][PASSED] - println(symbol): null

2019-08-24 13:06:15 - [TEST_STEP][PASSED] - if (i == 2 &amp;&amp; wildList.indexOf(symbol) != -1): null

2019-08-24 13:06:15 - [TEST_STEP][PASSED] - if (i == 3 &amp;&amp; wildList.indexOf(symbol) != -1): null

2019-08-24 13:06:15 - [TEST_STEP][PASSED] - if (i == 4 &amp;&amp; wildList.indexOf(symbol) != -1): null

2019-08-24 13:06:15 - [TEST_STEP][PASSED] - symbol = symbol: null

2019-08-24 13:06:15 - [TEST_STEP][PASSED] - println(symbol): null

2019-08-24 13:06:15 - [TEST_STEP][PASSED] - if (i == 2 &amp;&amp; wildList.indexOf(symbol) != -1): null

2019-08-24 13:06:15 - [TEST_STEP][PASSED] - if (i == 3 &amp;&amp; wildList.indexOf(symbol) != -1): null

2019-08-24 13:06:15 - [TEST_STEP][PASSED] - if (i == 4 &amp;&amp; wildList.indexOf(symbol) != -1): null

2019-08-24 13:06:15 - [TEST_STEP][PASSED] - symbol = symbol: null

2019-08-24 13:06:15 - [TEST_STEP][PASSED] - println(symbol): null

2019-08-24 13:06:15 - [TEST_STEP][PASSED] - if (i == 2 &amp;&amp; wildList.indexOf(symbol) != -1): null

2019-08-24 13:06:15 - [TEST_STEP][PASSED] - if (i == 3 &amp;&amp; wildList.indexOf(symbol) != -1): null

2019-08-24 13:06:15 - [TEST_STEP][PASSED] - if (i == 4 &amp;&amp; wildList.indexOf(symbol) != -1): null

2019-08-24 13:06:15 - [TEST_STEP][PASSED] - symbols = symbols: null

2019-08-24 13:06:15 - [TEST_STEP][PASSED] - for ([j = 0, j &lt; symbols.size(), (j++)]): null

2019-08-24 13:06:15 - [TEST_STEP][PASSED] - symbol = symbol: null

2019-08-24 13:06:15 - [TEST_STEP][PASSED] - println(symbol): null

2019-08-24 13:06:15 - [TEST_STEP][PASSED] - if (i == 2 &amp;&amp; wildList.indexOf(symbol) != -1): null

2019-08-24 13:06:15 - [TEST_STEP][PASSED] - if (i == 3 &amp;&amp; wildList.indexOf(symbol) != -1): null

2019-08-24 13:06:15 - [TEST_STEP][PASSED] - if (i == 4 &amp;&amp; wildList.indexOf(symbol) != -1): null

2019-08-24 13:06:15 - [TEST_STEP][PASSED] - symbol = symbol: null

2019-08-24 13:06:15 - [TEST_STEP][PASSED] - println(symbol): null

2019-08-24 13:06:15 - [TEST_STEP][PASSED] - if (i == 2 &amp;&amp; wildList.indexOf(symbol) != -1): null

2019-08-24 13:06:15 - [TEST_STEP][PASSED] - if (i == 3 &amp;&amp; wildList.indexOf(symbol) != -1): null

2019-08-24 13:06:15 - [TEST_STEP][PASSED] - if (i == 4 &amp;&amp; wildList.indexOf(symbol) != -1): null

2019-08-24 13:06:15 - [TEST_STEP][PASSED] - symbol = symbol: null

2019-08-24 13:06:15 - [TEST_STEP][PASSED] - println(symbol): null

2019-08-24 13:06:15 - [TEST_STEP][PASSED] - if (i == 2 &amp;&amp; wildList.indexOf(symbol) != -1): null

2019-08-24 13:06:15 - [TEST_STEP][PASSED] - if (i == 3 &amp;&amp; wildList.indexOf(symbol) != -1): null

2019-08-24 13:06:15 - [TEST_STEP][PASSED] - if (i == 4 &amp;&amp; wildList.indexOf(symbol) != -1): null

2019-08-24 13:06:15 - [TEST_STEP][PASSED] - symbols = symbols: null

2019-08-24 13:06:15 - [TEST_STEP][PASSED] - for ([j = 0, j &lt; symbols.size(), (j++)]): null

2019-08-24 13:06:15 - [TEST_STEP][PASSED] - symbol = symbol: null

2019-08-24 13:06:15 - [TEST_STEP][PASSED] - println(symbol): null

2019-08-24 13:06:15 - [TEST_STEP][PASSED] - if (i == 2 &amp;&amp; wildList.indexOf(symbol) != -1): null

2019-08-24 13:06:15 - [TEST_STEP][PASSED] - if (i == 3 &amp;&amp; wildList.indexOf(symbol) != -1): null

2019-08-24 13:06:15 - [TEST_STEP][PASSED] - if (i == 4 &amp;&amp; wildList.indexOf(symbol) != -1): null

2019-08-24 13:06:15 - [TEST_STEP][PASSED] - symbol = symbol: null

2019-08-24 13:06:15 - [TEST_STEP][PASSED] - println(symbol): null

2019-08-24 13:06:15 - [TEST_STEP][PASSED] - if (i == 2 &amp;&amp; wildList.indexOf(symbol) != -1): null

2019-08-24 13:06:15 - [TEST_STEP][PASSED] - if (i == 3 &amp;&amp; wildList.indexOf(symbol) != -1): null

2019-08-24 13:06:15 - [TEST_STEP][PASSED] - if (i == 4 &amp;&amp; wildList.indexOf(symbol) != -1): null

2019-08-24 13:06:15 - [TEST_STEP][PASSED] - symbol = symbol: null

2019-08-24 13:06:15 - [TEST_STEP][PASSED] - println(symbol): null

2019-08-24 13:06:15 - [TEST_STEP][PASSED] - if (i == 2 &amp;&amp; wildList.indexOf(symbol) != -1): null

2019-08-24 13:06:15 - [TEST_STEP][PASSED] - if (i == 3 &amp;&amp; wildList.indexOf(symbol) != -1): null

2019-08-24 13:06:15 - [TEST_STEP][PASSED] - if (i == 4 &amp;&amp; wildList.indexOf(symbol) != -1): null

2019-08-24 13:06:15 - [TEST_STEP][PASSED] - symbols = symbols: null

2019-08-24 13:06:15 - [TEST_STEP][PASSED] - for ([j = 0, j &lt; symbols.size(), (j++)]): null

2019-08-24 13:06:15 - [TEST_STEP][PASSED] - symbol = symbol: null

2019-08-24 13:06:15 - [TEST_STEP][PASSED] - println(symbol): null

2019-08-24 13:06:15 - [TEST_STEP][PASSED] - if (i == 2 &amp;&amp; wildList.indexOf(symbol) != -1): null

2019-08-24 13:06:15 - [TEST_STEP][PASSED] - if (i == 3 &amp;&amp; wildList.indexOf(symbol) != -1): null

2019-08-24 13:06:15 - [TEST_STEP][PASSED] - if (i == 4 &amp;&amp; wildList.indexOf(symbol) != -1): null

2019-08-24 13:06:15 - [TEST_STEP][PASSED] - symbol = symbol: null

2019-08-24 13:06:15 - [TEST_STEP][PASSED] - println(symbol): null

2019-08-24 13:06:15 - [TEST_STEP][PASSED] - if (i == 2 &amp;&amp; wildList.indexOf(symbol) != -1): null

2019-08-24 13:06:15 - [TEST_STEP][PASSED] - if (i == 3 &amp;&amp; wildList.indexOf(symbol) != -1): null

2019-08-24 13:06:15 - [TEST_STEP][PASSED] - if (i == 4 &amp;&amp; wildList.indexOf(symbol) != -1): null

2019-08-24 13:06:15 - [TEST_STEP][PASSED] - symbol = symbol: null

2019-08-24 13:06:15 - [TEST_STEP][PASSED] - println(symbol): null

2019-08-24 13:06:15 - [TEST_STEP][PASSED] - if (i == 2 &amp;&amp; wildList.indexOf(symbol) != -1): null

2019-08-24 13:06:15 - [TEST_STEP][PASSED] - if (i == 3 &amp;&amp; wildList.indexOf(symbol) != -1): null

2019-08-24 13:06:15 - [TEST_STEP][PASSED] - if (i == 4 &amp;&amp; wildList.indexOf(symbol) != -1): null

2019-08-24 13:06:15 - [TEST_STEP][PASSED] - free_spin_reel_counter = free_spin_reel_counter: null

2019-08-24 13:06:15 - [TEST_STEP][PASSED] - println("reel 3 wild found: " + free_spin_reel_counter[0]): null

2019-08-24 13:06:15 - [TEST_STEP][PASSED] - println("reel 4 wild found: " + free_spin_reel_counter[1]): null

2019-08-24 13:06:15 - [TEST_STEP][PASSED] - println("reel 5 wild found: " + free_spin_reel_counter[2]): null

2019-08-24 13:06:15 - [TEST_STEP][PASSED] - M4_spin_reels = M4_spin_reels: null

2019-08-24 13:06:15 - [TEST_STEP][PASSED] - M4_spin_reels_symbols = symbol: null

2019-08-24 13:06:15 - [TEST_STEP][PASSED] - M4_spin_reels_symbols = M4_spin_reels_symbols: null

2019-08-24 13:06:15 - [TEST_STEP][PASSED] - M4_spin_reel_wins = reel_wins: null

2019-08-24 13:06:15 - [TEST_STEP][PASSED] - M4_spin_reel_wins = M4_spin_reel_wins: null

2019-08-24 13:06:15 - [TEST_STEP][PASSED] - println("GlobalVariable.M4_spin_reel_wins is: " + M4_spin_reel_wins): null

2019-08-24 13:06:15 - [TEST_STEP][PASSED] - M4_spin_total_bonus_win_this_round = total_bonus_win_this_round: null

2019-08-24 13:06:15 - [TEST_STEP][PASSED] - M4_spin_total_bonus_win_this_round = M4_spin_total_bonus_win_this_round: null

2019-08-24 13:06:15 - [TEST_STEP][PASSED] - println("GlobalVariable.M4_spin_total_bonus_win_this_round is: " + M4_spin_total_bonus_win_this_round): null

2019-08-24 13:06:15 - [TEST_STEP][PASSED] - M4_spin_bonus_spin_result = spin_result: null

2019-08-24 13:06:15 - [TEST_STEP][PASSED] - M4_spin_bonus_spin_result = M4_spin_bonus_spin_result: null

2019-08-24 13:06:15 - [MESSAGE][PASSED] - Verify response successfully

2019-08-24 13:06:15 - [MESSAGE][PASSED] - Send request and verify the response successfully

2019-08-24 13:06:15 - [TEST_STEP][PASSED] - if (M4_total_bonus_spins_int != 0 &amp;&amp; M4_spin_reels_symbols[2].contains("WILD_Expanding")): null

2019-08-24 13:06:15 - [TEST_STEP][PASSED] - free_spin_reel_counter = free_spin_reel_counter: null

2019-08-24 13:06:15 - [TEST_STEP][PASSED] - M4_spin_reels_symbols = M4_spin_reels_symbols: null

2019-08-24 13:06:15 - [TEST_STEP][PASSED] - M4_total_bonus_spins = M4_total_bonus_spins: null

2019-08-24 13:06:15 - [TEST_STEP][PASSED] - spin_result = sendRequestAndVerify(findTestObject("INT/RGS(M4)/1_M4_spin", ["M4_login_user_id":M4_login_user_id, "rgs_session_token":rgs_session_token, "partner":Partner])): Send request and verify the response successfully

2019-08-24 13:06:16 - [MESSAGE][INFO] - HAR: /Users/eiralee/Katalon_Script/SuperWild/Reports/20190824_125957/INT/superWild_5/20190824_125957/requests/main/116.har

2019-08-24 13:06:16 - [TEST_CASE][PASSED] - Start Test Case : Verification: Verification accomplished successfully

2019-08-24 13:06:16 - [TEST_STEP][PASSED] - request = getInstance().getCurrentRequest(): null

2019-08-24 13:06:16 - [TEST_STEP][PASSED] - response = getInstance().getCurrentResponse(): null

2019-08-24 13:06:16 - [TEST_STEP][PASSED] - verifyResponseStatusCode(response, 200): Verify response status code successfully

2019-08-24 13:06:16 - [MESSAGE][PASSED] - Verify response status code successfully

2019-08-24 13:06:16 - [TEST_STEP][PASSED] - getStatusCode()).isEqualTo(200): null

2019-08-24 13:06:16 - [TEST_STEP][PASSED] - newline = System.getProperty("line.separator"): null

2019-08-24 13:06:16 - [TEST_STEP][PASSED] - M4_spin = new groovy.json.JsonSlurper(): null

2019-08-24 13:06:16 - [TEST_STEP][PASSED] - result_M4_spin = M4_spin.parseText(response.getResponseBodyContent()): null

2019-08-24 13:06:16 - [TEST_STEP][PASSED] - M4_spin_current_balance = current_balance: null

2019-08-24 13:06:16 - [TEST_STEP][PASSED] - M4_spin_current_balance = M4_spin_current_balance: null

2019-08-24 13:06:16 - [TEST_STEP][PASSED] - M4_spin_transaction_id = causality: null

2019-08-24 13:06:16 - [TEST_STEP][PASSED] - M4_spin_transaction_id = M4_spin_transaction_id: null

2019-08-24 13:06:16 - [TEST_STEP][PASSED] - M4_spin_round_id = round_id: null

2019-08-24 13:06:16 - [TEST_STEP][PASSED] - M4_spin_round_id = M4_spin_round_id: null

2019-08-24 13:06:19 - [TEST_STEP][PASSED] - M4_spin_line_wins = line_wins: null

2019-08-24 13:06:19 - [TEST_STEP][PASSED] - M4_spin_line_wins = M4_spin_line_wins: null

2019-08-24 13:06:19 - [TEST_STEP][PASSED] - M4_total_bonus_spins_int = total_bonus_spins: null

2019-08-24 13:06:19 - [TEST_STEP][PASSED] - println("******M4_total_bonus_spins type is:*******" + newline + getClass().getName()): null

2019-08-24 13:06:19 - [TEST_STEP][PASSED] - M4_total_bonus_spins_int = M4_total_bonus_spins_int: null

2019-08-24 13:06:19 - [TEST_STEP][PASSED] - M4_total_bonus_spins = Integer.toString(M4_total_bonus_spins_int): null

2019-08-24 13:06:19 - [TEST_STEP][PASSED] - M4_total_bonus_spins = M4_total_bonus_spins: null

2019-08-24 13:06:19 - [TEST_STEP][PASSED] - println("M4_total_bonus_spins is:" + M4_total_bonus_spins): null

2019-08-24 13:06:19 - [TEST_STEP][PASSED] - M4_spin_bonus_data = bonus_data: null

2019-08-24 13:06:19 - [TEST_STEP][PASSED] - M4_spin_features_triggered = result_M4_spin: null

2019-08-24 13:06:25 - [TEST_STEP][PASSED] - wild = []: null

2019-08-24 13:06:25 - [TEST_STEP][PASSED] - wild[0] = "WILD_Expanding": null

2019-08-24 13:06:25 - [TEST_STEP][PASSED] - wild[1] = "WILD_Normal": null

2019-08-24 13:06:25 - [TEST_STEP][PASSED] - wild[2] = "WILD_Double": null

2019-08-24 13:06:25 - [TEST_STEP][PASSED] - wild[3] = "WILD_ExtraFG": null

2019-08-24 13:06:30 - [TEST_STEP][PASSED] - wild[4] = "WILD_Triple": null

2019-08-24 13:06:30 - [TEST_STEP][PASSED] - wildList = Arrays.asList(wild): null

2019-08-24 13:06:30 - [TEST_STEP][PASSED] - wildList = wildList: null

2019-08-24 13:06:30 - [TEST_STEP][PASSED] - free_spin_reel_counter = []: null

2019-08-24 13:06:30 - [TEST_STEP][PASSED] - free_spin_reel_counter[0] = 0: null

2019-08-24 13:06:30 - [TEST_STEP][PASSED] - free_spin_reel_counter[1] = 0: null

2019-08-24 13:06:30 - [TEST_STEP][PASSED] - free_spin_reel_counter[2] = 0: null

2019-08-24 13:06:30 - [TEST_STEP][PASSED] - M4_spin_reels = reels: null

2019-08-24 13:06:30 - [TEST_STEP][PASSED] - for ([i = 0, i &lt; M4_spin_reels.size(), (i++)]): null

2019-08-24 13:06:30 - [TEST_STEP][PASSED] - symbols = symbols: null

2019-08-24 13:06:30 - [TEST_STEP][PASSED] - for ([j = 0, j &lt; symbols.size(), (j++)]): null

2019-08-24 13:06:30 - [TEST_STEP][PASSED] - symbol = symbol: null

2019-08-24 13:06:30 - [TEST_STEP][PASSED] - println(symbol): null

2019-08-24 13:06:30 - [TEST_STEP][PASSED] - if (i == 2 &amp;&amp; wildList.indexOf(symbol) != -1): null

2019-08-24 13:06:30 - [TEST_STEP][PASSED] - if (i == 3 &amp;&amp; wildList.indexOf(symbol) != -1): null

2019-08-24 13:06:30 - [TEST_STEP][PASSED] - if (i == 4 &amp;&amp; wildList.indexOf(symbol) != -1): null

2019-08-24 13:06:30 - [TEST_STEP][PASSED] - symbol = symbol: null

2019-08-24 13:06:30 - [TEST_STEP][PASSED] - println(symbol): null

2019-08-24 13:06:30 - [TEST_STEP][PASSED] - if (i == 2 &amp;&amp; wildList.indexOf(symbol) != -1): null

2019-08-24 13:06:30 - [TEST_STEP][PASSED] - if (i == 3 &amp;&amp; wildList.indexOf(symbol) != -1): null

2019-08-24 13:06:30 - [TEST_STEP][PASSED] - if (i == 4 &amp;&amp; wildList.indexOf(symbol) != -1): null

2019-08-24 13:06:30 - [TEST_STEP][PASSED] - symbol = symbol: null

2019-08-24 13:06:30 - [TEST_STEP][PASSED] - println(symbol): null

2019-08-24 13:06:30 - [TEST_STEP][PASSED] - if (i == 2 &amp;&amp; wildList.indexOf(symbol) != -1): null

2019-08-24 13:06:30 - [TEST_STEP][PASSED] - if (i == 3 &amp;&amp; wildList.indexOf(symbol) != -1): null

2019-08-24 13:06:30 - [TEST_STEP][PASSED] - if (i == 4 &amp;&amp; wildList.indexOf(symbol) != -1): null

2019-08-24 13:06:30 - [TEST_STEP][PASSED] - symbols = symbols: null

2019-08-24 13:06:30 - [TEST_STEP][PASSED] - for ([j = 0, j &lt; symbols.size(), (j++)]): null

2019-08-24 13:06:30 - [TEST_STEP][PASSED] - symbol = symbol: null

2019-08-24 13:06:30 - [TEST_STEP][PASSED] - println(symbol): null

2019-08-24 13:06:30 - [TEST_STEP][PASSED] - if (i == 2 &amp;&amp; wildList.indexOf(symbol) != -1): null

2019-08-24 13:06:30 - [TEST_STEP][PASSED] - if (i == 3 &amp;&amp; wildList.indexOf(symbol) != -1): null

2019-08-24 13:06:30 - [TEST_STEP][PASSED] - if (i == 4 &amp;&amp; wildList.indexOf(symbol) != -1): null

2019-08-24 13:06:30 - [TEST_STEP][PASSED] - symbol = symbol: null

2019-08-24 13:06:30 - [TEST_STEP][PASSED] - println(symbol): null

2019-08-24 13:06:30 - [TEST_STEP][PASSED] - if (i == 2 &amp;&amp; wildList.indexOf(symbol) != -1): null

2019-08-24 13:06:30 - [TEST_STEP][PASSED] - if (i == 3 &amp;&amp; wildList.indexOf(symbol) != -1): null

2019-08-24 13:06:30 - [TEST_STEP][PASSED] - if (i == 4 &amp;&amp; wildList.indexOf(symbol) != -1): null

2019-08-24 13:06:30 - [TEST_STEP][PASSED] - symbol = symbol: null

2019-08-24 13:06:30 - [TEST_STEP][PASSED] - println(symbol): null

2019-08-24 13:06:30 - [TEST_STEP][PASSED] - if (i == 2 &amp;&amp; wildList.indexOf(symbol) != -1): null

2019-08-24 13:06:30 - [TEST_STEP][PASSED] - if (i == 3 &amp;&amp; wildList.indexOf(symbol) != -1): null

2019-08-24 13:06:30 - [TEST_STEP][PASSED] - if (i == 4 &amp;&amp; wildList.indexOf(symbol) != -1): null

2019-08-24 13:06:30 - [TEST_STEP][PASSED] - symbols = symbols: null

2019-08-24 13:06:30 - [TEST_STEP][PASSED] - for ([j = 0, j &lt; symbols.size(), (j++)]): null

2019-08-24 13:06:30 - [TEST_STEP][PASSED] - symbol = symbol: null

2019-08-24 13:06:30 - [TEST_STEP][PASSED] - println(symbol): null

2019-08-24 13:06:30 - [TEST_STEP][PASSED] - if (i == 2 &amp;&amp; wildList.indexOf(symbol) != -1): null

2019-08-24 13:06:30 - [TEST_STEP][PASSED] - if (i == 3 &amp;&amp; wildList.indexOf(symbol) != -1): null

2019-08-24 13:06:30 - [TEST_STEP][PASSED] - if (i == 4 &amp;&amp; wildList.indexOf(symbol) != -1): null

2019-08-24 13:06:30 - [TEST_STEP][PASSED] - symbol = symbol: null

2019-08-24 13:06:30 - [TEST_STEP][PASSED] - println(symbol): null

2019-08-24 13:06:30 - [TEST_STEP][PASSED] - if (i == 2 &amp;&amp; wildList.indexOf(symbol) != -1): null

2019-08-24 13:06:30 - [TEST_STEP][PASSED] - println("wild found on reel 3, adding counter by 1"): null

2019-08-24 13:06:30 - [TEST_STEP][PASSED] - free_spin_reel_counter[0] = free_spin_reel_counter[0] + 1: null

2019-08-24 13:06:30 - [TEST_STEP][PASSED] - if (i == 3 &amp;&amp; wildList.indexOf(symbol) != -1): null

2019-08-24 13:06:30 - [TEST_STEP][PASSED] - if (i == 4 &amp;&amp; wildList.indexOf(symbol) != -1): null

2019-08-24 13:06:30 - [TEST_STEP][PASSED] - symbol = symbol: null

2019-08-24 13:06:30 - [TEST_STEP][PASSED] - println(symbol): null

2019-08-24 13:06:30 - [TEST_STEP][PASSED] - if (i == 2 &amp;&amp; wildList.indexOf(symbol) != -1): null

2019-08-24 13:06:30 - [TEST_STEP][PASSED] - if (i == 3 &amp;&amp; wildList.indexOf(symbol) != -1): null

2019-08-24 13:06:30 - [TEST_STEP][PASSED] - if (i == 4 &amp;&amp; wildList.indexOf(symbol) != -1): null

2019-08-24 13:06:30 - [TEST_STEP][PASSED] - symbols = symbols: null

2019-08-24 13:06:30 - [TEST_STEP][PASSED] - for ([j = 0, j &lt; symbols.size(), (j++)]): null

2019-08-24 13:06:30 - [TEST_STEP][PASSED] - symbol = symbol: null

2019-08-24 13:06:30 - [TEST_STEP][PASSED] - println(symbol): null

2019-08-24 13:06:30 - [TEST_STEP][PASSED] - if (i == 2 &amp;&amp; wildList.indexOf(symbol) != -1): null

2019-08-24 13:06:30 - [TEST_STEP][PASSED] - if (i == 3 &amp;&amp; wildList.indexOf(symbol) != -1): null

2019-08-24 13:06:30 - [TEST_STEP][PASSED] - if (i == 4 &amp;&amp; wildList.indexOf(symbol) != -1): null

2019-08-24 13:06:30 - [TEST_STEP][PASSED] - symbol = symbol: null

2019-08-24 13:06:30 - [TEST_STEP][PASSED] - println(symbol): null

2019-08-24 13:06:30 - [TEST_STEP][PASSED] - if (i == 2 &amp;&amp; wildList.indexOf(symbol) != -1): null

2019-08-24 13:06:30 - [TEST_STEP][PASSED] - if (i == 3 &amp;&amp; wildList.indexOf(symbol) != -1): null

2019-08-24 13:06:30 - [TEST_STEP][PASSED] - if (i == 4 &amp;&amp; wildList.indexOf(symbol) != -1): null

2019-08-24 13:06:30 - [TEST_STEP][PASSED] - symbol = symbol: null

2019-08-24 13:06:30 - [TEST_STEP][PASSED] - println(symbol): null

2019-08-24 13:06:30 - [TEST_STEP][PASSED] - if (i == 2 &amp;&amp; wildList.indexOf(symbol) != -1): null

2019-08-24 13:06:30 - [TEST_STEP][PASSED] - if (i == 3 &amp;&amp; wildList.indexOf(symbol) != -1): null

2019-08-24 13:06:30 - [TEST_STEP][PASSED] - if (i == 4 &amp;&amp; wildList.indexOf(symbol) != -1): null

2019-08-24 13:06:30 - [TEST_STEP][PASSED] - symbols = symbols: null

2019-08-24 13:06:30 - [TEST_STEP][PASSED] - for ([j = 0, j &lt; symbols.size(), (j++)]): null

2019-08-24 13:06:30 - [TEST_STEP][PASSED] - symbol = symbol: null

2019-08-24 13:06:30 - [TEST_STEP][PASSED] - println(symbol): null

2019-08-24 13:06:30 - [TEST_STEP][PASSED] - if (i == 2 &amp;&amp; wildList.indexOf(symbol) != -1): null

2019-08-24 13:06:30 - [TEST_STEP][PASSED] - if (i == 3 &amp;&amp; wildList.indexOf(symbol) != -1): null

2019-08-24 13:06:30 - [TEST_STEP][PASSED] - if (i == 4 &amp;&amp; wildList.indexOf(symbol) != -1): null

2019-08-24 13:06:30 - [TEST_STEP][PASSED] - symbol = symbol: null

2019-08-24 13:06:30 - [TEST_STEP][PASSED] - println(symbol): null

2019-08-24 13:06:30 - [TEST_STEP][PASSED] - if (i == 2 &amp;&amp; wildList.indexOf(symbol) != -1): null

2019-08-24 13:06:30 - [TEST_STEP][PASSED] - if (i == 3 &amp;&amp; wildList.indexOf(symbol) != -1): null

2019-08-24 13:06:30 - [TEST_STEP][PASSED] - if (i == 4 &amp;&amp; wildList.indexOf(symbol) != -1): null

2019-08-24 13:06:30 - [TEST_STEP][PASSED] - println("wild found on reel 5, adding counter by 1"): null

2019-08-24 13:06:30 - [TEST_STEP][PASSED] - free_spin_reel_counter[2] = free_spin_reel_counter[2] + 1: null

2019-08-24 13:06:30 - [TEST_STEP][PASSED] - symbol = symbol: null

2019-08-24 13:06:30 - [TEST_STEP][PASSED] - println(symbol): null

2019-08-24 13:06:30 - [TEST_STEP][PASSED] - if (i == 2 &amp;&amp; wildList.indexOf(symbol) != -1): null

2019-08-24 13:06:30 - [TEST_STEP][PASSED] - if (i == 3 &amp;&amp; wildList.indexOf(symbol) != -1): null

2019-08-24 13:06:30 - [TEST_STEP][PASSED] - if (i == 4 &amp;&amp; wildList.indexOf(symbol) != -1): null

2019-08-24 13:06:30 - [TEST_STEP][PASSED] - free_spin_reel_counter = free_spin_reel_counter: null

2019-08-24 13:06:30 - [TEST_STEP][PASSED] - println("reel 3 wild found: " + free_spin_reel_counter[0]): null

2019-08-24 13:06:30 - [TEST_STEP][PASSED] - println("reel 4 wild found: " + free_spin_reel_counter[1]): null

2019-08-24 13:06:30 - [TEST_STEP][PASSED] - println("reel 5 wild found: " + free_spin_reel_counter[2]): null

2019-08-24 13:06:30 - [TEST_STEP][PASSED] - M4_spin_reels = M4_spin_reels: null

2019-08-24 13:06:30 - [TEST_STEP][PASSED] - M4_spin_reels_symbols = symbol: null

2019-08-24 13:06:30 - [TEST_STEP][PASSED] - M4_spin_reels_symbols = M4_spin_reels_symbols: null

2019-08-24 13:06:30 - [TEST_STEP][PASSED] - M4_spin_reel_wins = reel_wins: null

2019-08-24 13:06:30 - [TEST_STEP][PASSED] - M4_spin_reel_wins = M4_spin_reel_wins: null

2019-08-24 13:06:30 - [TEST_STEP][PASSED] - println("GlobalVariable.M4_spin_reel_wins is: " + M4_spin_reel_wins): null

2019-08-24 13:06:30 - [TEST_STEP][PASSED] - M4_spin_total_bonus_win_this_round = total_bonus_win_this_round: null

2019-08-24 13:06:30 - [TEST_STEP][PASSED] - M4_spin_total_bonus_win_this_round = M4_spin_total_bonus_win_this_round: null

2019-08-24 13:06:30 - [TEST_STEP][PASSED] - println("GlobalVariable.M4_spin_total_bonus_win_this_round is: " + M4_spin_total_bonus_win_this_round): null

2019-08-24 13:06:30 - [TEST_STEP][PASSED] - M4_spin_bonus_spin_result = spin_result: null

2019-08-24 13:06:30 - [TEST_STEP][PASSED] - M4_spin_bonus_spin_result = M4_spin_bonus_spin_result: null

2019-08-24 13:06:30 - [MESSAGE][PASSED] - Verify response successfully

2019-08-24 13:06:30 - [MESSAGE][PASSED] - Send request and verify the response successfully

2019-08-24 13:06:30 - [TEST_STEP][PASSED] - if (M4_total_bonus_spins_int != 0 &amp;&amp; M4_spin_reels_symbols[2].contains("WILD_Expanding")): null

2019-08-24 13:06:30 - [TEST_STEP][PASSED] - free_spin_reel_counter = free_spin_reel_counter: null

2019-08-24 13:06:30 - [TEST_STEP][PASSED] - M4_spin_reels_symbols = M4_spin_reels_symbols: null

2019-08-24 13:06:30 - [TEST_STEP][PASSED] - M4_total_bonus_spins = M4_total_bonus_spins: null

2019-08-24 13:06:30 - [TEST_STEP][PASSED] - spin_result = sendRequestAndVerify(findTestObject("INT/RGS(M4)/1_M4_spin", ["M4_login_user_id":M4_login_user_id, "rgs_session_token":rgs_session_token, "partner":Partner])): Send request and verify the response successfully

2019-08-24 13:06:30 - [MESSAGE][INFO] - HAR: /Users/eiralee/Katalon_Script/SuperWild/Reports/20190824_125957/INT/superWild_5/20190824_125957/requests/main/117.har

2019-08-24 13:06:30 - [TEST_CASE][PASSED] - Start Test Case : Verification: Verification accomplished successfully

2019-08-24 13:06:30 - [TEST_STEP][PASSED] - request = getInstance().getCurrentRequest(): null

2019-08-24 13:06:30 - [TEST_STEP][PASSED] - response = getInstance().getCurrentResponse(): null

2019-08-24 13:06:30 - [TEST_STEP][PASSED] - verifyResponseStatusCode(response, 200): Verify response status code successfully

2019-08-24 13:06:30 - [MESSAGE][PASSED] - Verify response status code successfully

2019-08-24 13:06:30 - [TEST_STEP][PASSED] - getStatusCode()).isEqualTo(200): null

2019-08-24 13:06:30 - [TEST_STEP][PASSED] - newline = System.getProperty("line.separator"): null

2019-08-24 13:06:30 - [TEST_STEP][PASSED] - M4_spin = new groovy.json.JsonSlurper(): null

2019-08-24 13:06:30 - [TEST_STEP][PASSED] - result_M4_spin = M4_spin.parseText(response.getResponseBodyContent()): null

2019-08-24 13:06:30 - [TEST_STEP][PASSED] - M4_spin_current_balance = current_balance: null

2019-08-24 13:06:30 - [TEST_STEP][PASSED] - M4_spin_current_balance = M4_spin_current_balance: null

2019-08-24 13:06:30 - [TEST_STEP][PASSED] - M4_spin_transaction_id = causality: null

2019-08-24 13:06:30 - [TEST_STEP][PASSED] - M4_spin_transaction_id = M4_spin_transaction_id: null

2019-08-24 13:06:30 - [TEST_STEP][PASSED] - M4_spin_round_id = round_id: null

2019-08-24 13:06:30 - [TEST_STEP][PASSED] - M4_spin_round_id = M4_spin_round_id: null

2019-08-24 13:06:30 - [TEST_STEP][PASSED] - M4_spin_line_wins = line_wins: null

2019-08-24 13:06:30 - [TEST_STEP][PASSED] - M4_spin_line_wins = M4_spin_line_wins: null

2019-08-24 13:06:30 - [TEST_STEP][PASSED] - M4_total_bonus_spins_int = total_bonus_spins: null

2019-08-24 13:06:30 - [TEST_STEP][PASSED] - println("******M4_total_bonus_spins type is:*******" + newline + getClass().getName()): null

2019-08-24 13:06:30 - [TEST_STEP][PASSED] - M4_total_bonus_spins_int = M4_total_bonus_spins_int: null

2019-08-24 13:06:30 - [TEST_STEP][PASSED] - M4_total_bonus_spins = Integer.toString(M4_total_bonus_spins_int): null

2019-08-24 13:06:30 - [TEST_STEP][PASSED] - M4_total_bonus_spins = M4_total_bonus_spins: null

2019-08-24 13:06:30 - [TEST_STEP][PASSED] - println("M4_total_bonus_spins is:" + M4_total_bonus_spins): null

2019-08-24 13:06:30 - [TEST_STEP][PASSED] - M4_spin_bonus_data = bonus_data: null

2019-08-24 13:06:30 - [TEST_STEP][PASSED] - M4_spin_features_triggered = result_M4_spin: null

2019-08-24 13:06:30 - [TEST_STEP][PASSED] - wild = []: null

2019-08-24 13:06:30 - [TEST_STEP][PASSED] - wild[0] = "WILD_Expanding": null

2019-08-24 13:06:30 - [TEST_STEP][PASSED] - wild[1] = "WILD_Normal": null

2019-08-24 13:06:30 - [TEST_STEP][PASSED] - wild[2] = "WILD_Double": null

2019-08-24 13:06:30 - [TEST_STEP][PASSED] - wild[3] = "WILD_ExtraFG": null

2019-08-24 13:06:30 - [TEST_STEP][PASSED] - wild[4] = "WILD_Triple": null

2019-08-24 13:06:30 - [TEST_STEP][PASSED] - wildList = Arrays.asList(wild): null

2019-08-24 13:06:30 - [TEST_STEP][PASSED] - wildList = wildList: null

2019-08-24 13:06:30 - [TEST_STEP][PASSED] - free_spin_reel_counter = []: null

2019-08-24 13:06:30 - [TEST_STEP][PASSED] - free_spin_reel_counter[0] = 0: null

2019-08-24 13:06:30 - [TEST_STEP][PASSED] - free_spin_reel_counter[1] = 0: null

2019-08-24 13:06:30 - [TEST_STEP][PASSED] - free_spin_reel_counter[2] = 0: null

2019-08-24 13:06:30 - [TEST_STEP][PASSED] - M4_spin_reels = reels: null

2019-08-24 13:06:30 - [TEST_STEP][PASSED] - for ([i = 0, i &lt; M4_spin_reels.size(), (i++)]): null

2019-08-24 13:06:30 - [TEST_STEP][PASSED] - symbols = symbols: null

2019-08-24 13:06:30 - [TEST_STEP][PASSED] - for ([j = 0, j &lt; symbols.size(), (j++)]): null

2019-08-24 13:06:30 - [TEST_STEP][PASSED] - symbol = symbol: null

2019-08-24 13:06:30 - [TEST_STEP][PASSED] - println(symbol): null

2019-08-24 13:06:30 - [TEST_STEP][PASSED] - if (i == 2 &amp;&amp; wildList.indexOf(symbol) != -1): null

2019-08-24 13:06:30 - [TEST_STEP][PASSED] - if (i == 3 &amp;&amp; wildList.indexOf(symbol) != -1): null

2019-08-24 13:06:30 - [TEST_STEP][PASSED] - if (i == 4 &amp;&amp; wildList.indexOf(symbol) != -1): null

2019-08-24 13:06:30 - [TEST_STEP][PASSED] - symbol = symbol: null

2019-08-24 13:06:30 - [TEST_STEP][PASSED] - println(symbol): null

2019-08-24 13:06:30 - [TEST_STEP][PASSED] - if (i == 2 &amp;&amp; wildList.indexOf(symbol) != -1): null

2019-08-24 13:06:30 - [TEST_STEP][PASSED] - if (i == 3 &amp;&amp; wildList.indexOf(symbol) != -1): null

2019-08-24 13:06:30 - [TEST_STEP][PASSED] - if (i == 4 &amp;&amp; wildList.indexOf(symbol) != -1): null

2019-08-24 13:06:30 - [TEST_STEP][PASSED] - symbol = symbol: null

2019-08-24 13:06:30 - [TEST_STEP][PASSED] - println(symbol): null

2019-08-24 13:06:30 - [TEST_STEP][PASSED] - if (i == 2 &amp;&amp; wildList.indexOf(symbol) != -1): null

2019-08-24 13:06:30 - [TEST_STEP][PASSED] - if (i == 3 &amp;&amp; wildList.indexOf(symbol) != -1): null

2019-08-24 13:06:30 - [TEST_STEP][PASSED] - if (i == 4 &amp;&amp; wildList.indexOf(symbol) != -1): null

2019-08-24 13:06:30 - [TEST_STEP][PASSED] - symbols = symbols: null

2019-08-24 13:06:30 - [TEST_STEP][PASSED] - for ([j = 0, j &lt; symbols.size(), (j++)]): null

2019-08-24 13:06:30 - [TEST_STEP][PASSED] - symbol = symbol: null

2019-08-24 13:06:30 - [TEST_STEP][PASSED] - println(symbol): null

2019-08-24 13:06:30 - [TEST_STEP][PASSED] - if (i == 2 &amp;&amp; wildList.indexOf(symbol) != -1): null

2019-08-24 13:06:30 - [TEST_STEP][PASSED] - if (i == 3 &amp;&amp; wildList.indexOf(symbol) != -1): null

2019-08-24 13:06:30 - [TEST_STEP][PASSED] - if (i == 4 &amp;&amp; wildList.indexOf(symbol) != -1): null

2019-08-24 13:06:30 - [TEST_STEP][PASSED] - symbol = symbol: null

2019-08-24 13:06:30 - [TEST_STEP][PASSED] - println(symbol): null

2019-08-24 13:06:30 - [TEST_STEP][PASSED] - if (i == 2 &amp;&amp; wildList.indexOf(symbol) != -1): null

2019-08-24 13:06:30 - [TEST_STEP][PASSED] - if (i == 3 &amp;&amp; wildList.indexOf(symbol) != -1): null

2019-08-24 13:06:30 - [TEST_STEP][PASSED] - if (i == 4 &amp;&amp; wildList.indexOf(symbol) != -1): null

2019-08-24 13:06:30 - [TEST_STEP][PASSED] - symbol = symbol: null

2019-08-24 13:06:30 - [TEST_STEP][PASSED] - println(symbol): null

2019-08-24 13:06:30 - [TEST_STEP][PASSED] - if (i == 2 &amp;&amp; wildList.indexOf(symbol) != -1): null

2019-08-24 13:06:30 - [TEST_STEP][PASSED] - if (i == 3 &amp;&amp; wildList.indexOf(symbol) != -1): null

2019-08-24 13:06:30 - [TEST_STEP][PASSED] - if (i == 4 &amp;&amp; wildList.indexOf(symbol) != -1): null

2019-08-24 13:06:30 - [TEST_STEP][PASSED] - symbols = symbols: null

2019-08-24 13:06:30 - [TEST_STEP][PASSED] - for ([j = 0, j &lt; symbols.size(), (j++)]): null

2019-08-24 13:06:30 - [TEST_STEP][PASSED] - symbol = symbol: null

2019-08-24 13:06:30 - [TEST_STEP][PASSED] - println(symbol): null

2019-08-24 13:06:30 - [TEST_STEP][PASSED] - if (i == 2 &amp;&amp; wildList.indexOf(symbol) != -1): null

2019-08-24 13:06:30 - [TEST_STEP][PASSED] - if (i == 3 &amp;&amp; wildList.indexOf(symbol) != -1): null

2019-08-24 13:06:30 - [TEST_STEP][PASSED] - if (i == 4 &amp;&amp; wildList.indexOf(symbol) != -1): null

2019-08-24 13:06:30 - [TEST_STEP][PASSED] - symbol = symbol: null

2019-08-24 13:06:30 - [TEST_STEP][PASSED] - println(symbol): null

2019-08-24 13:06:30 - [TEST_STEP][PASSED] - if (i == 2 &amp;&amp; wildList.indexOf(symbol) != -1): null

2019-08-24 13:06:30 - [TEST_STEP][PASSED] - if (i == 3 &amp;&amp; wildList.indexOf(symbol) != -1): null

2019-08-24 13:06:30 - [TEST_STEP][PASSED] - if (i == 4 &amp;&amp; wildList.indexOf(symbol) != -1): null

2019-08-24 13:06:30 - [TEST_STEP][PASSED] - symbol = symbol: null

2019-08-24 13:06:30 - [TEST_STEP][PASSED] - println(symbol): null

2019-08-24 13:06:30 - [TEST_STEP][PASSED] - if (i == 2 &amp;&amp; wildList.indexOf(symbol) != -1): null

2019-08-24 13:06:30 - [TEST_STEP][PASSED] - if (i == 3 &amp;&amp; wildList.indexOf(symbol) != -1): null

2019-08-24 13:06:30 - [TEST_STEP][PASSED] - if (i == 4 &amp;&amp; wildList.indexOf(symbol) != -1): null

2019-08-24 13:06:30 - [TEST_STEP][PASSED] - symbols = symbols: null

2019-08-24 13:06:30 - [TEST_STEP][PASSED] - for ([j = 0, j &lt; symbols.size(), (j++)]): null

2019-08-24 13:06:30 - [TEST_STEP][PASSED] - symbol = symbol: null

2019-08-24 13:06:30 - [TEST_STEP][PASSED] - println(symbol): null

2019-08-24 13:06:30 - [TEST_STEP][PASSED] - if (i == 2 &amp;&amp; wildList.indexOf(symbol) != -1): null

2019-08-24 13:06:30 - [TEST_STEP][PASSED] - if (i == 3 &amp;&amp; wildList.indexOf(symbol) != -1): null

2019-08-24 13:06:30 - [TEST_STEP][PASSED] - if (i == 4 &amp;&amp; wildList.indexOf(symbol) != -1): null

2019-08-24 13:06:30 - [TEST_STEP][PASSED] - symbol = symbol: null

2019-08-24 13:06:30 - [TEST_STEP][PASSED] - println(symbol): null

2019-08-24 13:06:30 - [TEST_STEP][PASSED] - if (i == 2 &amp;&amp; wildList.indexOf(symbol) != -1): null

2019-08-24 13:06:30 - [TEST_STEP][PASSED] - if (i == 3 &amp;&amp; wildList.indexOf(symbol) != -1): null

2019-08-24 13:06:30 - [TEST_STEP][PASSED] - if (i == 4 &amp;&amp; wildList.indexOf(symbol) != -1): null

2019-08-24 13:06:30 - [TEST_STEP][PASSED] - symbol = symbol: null

2019-08-24 13:06:30 - [TEST_STEP][PASSED] - println(symbol): null

2019-08-24 13:06:30 - [TEST_STEP][PASSED] - if (i == 2 &amp;&amp; wildList.indexOf(symbol) != -1): null

2019-08-24 13:06:30 - [TEST_STEP][PASSED] - if (i == 3 &amp;&amp; wildList.indexOf(symbol) != -1): null

2019-08-24 13:06:30 - [TEST_STEP][PASSED] - if (i == 4 &amp;&amp; wildList.indexOf(symbol) != -1): null

2019-08-24 13:06:30 - [TEST_STEP][PASSED] - symbols = symbols: null

2019-08-24 13:06:30 - [TEST_STEP][PASSED] - for ([j = 0, j &lt; symbols.size(), (j++)]): null

2019-08-24 13:06:30 - [TEST_STEP][PASSED] - symbol = symbol: null

2019-08-24 13:06:30 - [TEST_STEP][PASSED] - println(symbol): null

2019-08-24 13:06:30 - [TEST_STEP][PASSED] - if (i == 2 &amp;&amp; wildList.indexOf(symbol) != -1): null

2019-08-24 13:06:30 - [TEST_STEP][PASSED] - if (i == 3 &amp;&amp; wildList.indexOf(symbol) != -1): null

2019-08-24 13:06:30 - [TEST_STEP][PASSED] - if (i == 4 &amp;&amp; wildList.indexOf(symbol) != -1): null

2019-08-24 13:06:30 - [TEST_STEP][PASSED] - symbol = symbol: null

2019-08-24 13:06:30 - [TEST_STEP][PASSED] - println(symbol): null

2019-08-24 13:06:30 - [TEST_STEP][PASSED] - if (i == 2 &amp;&amp; wildList.indexOf(symbol) != -1): null

2019-08-24 13:06:30 - [TEST_STEP][PASSED] - if (i == 3 &amp;&amp; wildList.indexOf(symbol) != -1): null

2019-08-24 13:06:30 - [TEST_STEP][PASSED] - if (i == 4 &amp;&amp; wildList.indexOf(symbol) != -1): null

2019-08-24 13:06:30 - [TEST_STEP][PASSED] - symbol = symbol: null

2019-08-24 13:06:30 - [TEST_STEP][PASSED] - println(symbol): null

2019-08-24 13:06:30 - [TEST_STEP][PASSED] - if (i == 2 &amp;&amp; wildList.indexOf(symbol) != -1): null

2019-08-24 13:06:30 - [TEST_STEP][PASSED] - if (i == 3 &amp;&amp; wildList.indexOf(symbol) != -1): null

2019-08-24 13:06:30 - [TEST_STEP][PASSED] - if (i == 4 &amp;&amp; wildList.indexOf(symbol) != -1): null

2019-08-24 13:06:30 - [TEST_STEP][PASSED] - free_spin_reel_counter = free_spin_reel_counter: null

2019-08-24 13:06:30 - [TEST_STEP][PASSED] - println("reel 3 wild found: " + free_spin_reel_counter[0]): null

2019-08-24 13:06:30 - [TEST_STEP][PASSED] - println("reel 4 wild found: " + free_spin_reel_counter[1]): null

2019-08-24 13:06:30 - [TEST_STEP][PASSED] - println("reel 5 wild found: " + free_spin_reel_counter[2]): null

2019-08-24 13:06:30 - [TEST_STEP][PASSED] - M4_spin_reels = M4_spin_reels: null

2019-08-24 13:06:30 - [TEST_STEP][PASSED] - M4_spin_reels_symbols = symbol: null

2019-08-24 13:06:30 - [TEST_STEP][PASSED] - M4_spin_reels_symbols = M4_spin_reels_symbols: null

2019-08-24 13:06:30 - [TEST_STEP][PASSED] - M4_spin_reel_wins = reel_wins: null

2019-08-24 13:06:30 - [TEST_STEP][PASSED] - M4_spin_reel_wins = M4_spin_reel_wins: null

2019-08-24 13:06:30 - [TEST_STEP][PASSED] - println("GlobalVariable.M4_spin_reel_wins is: " + M4_spin_reel_wins): null

2019-08-24 13:06:30 - [TEST_STEP][PASSED] - M4_spin_total_bonus_win_this_round = total_bonus_win_this_round: null

2019-08-24 13:06:30 - [TEST_STEP][PASSED] - M4_spin_total_bonus_win_this_round = M4_spin_total_bonus_win_this_round: null

2019-08-24 13:06:30 - [TEST_STEP][PASSED] - println("GlobalVariable.M4_spin_total_bonus_win_this_round is: " + M4_spin_total_bonus_win_this_round): null

2019-08-24 13:06:30 - [TEST_STEP][PASSED] - M4_spin_bonus_spin_result = spin_result: null

2019-08-24 13:06:30 - [TEST_STEP][PASSED] - M4_spin_bonus_spin_result = M4_spin_bonus_spin_result: null

2019-08-24 13:06:30 - [MESSAGE][PASSED] - Verify response successfully

2019-08-24 13:06:30 - [MESSAGE][PASSED] - Send request and verify the response successfully

2019-08-24 13:06:30 - [TEST_STEP][PASSED] - if (M4_total_bonus_spins_int != 0 &amp;&amp; M4_spin_reels_symbols[2].contains("WILD_Expanding")): null

2019-08-24 13:06:30 - [TEST_STEP][PASSED] - free_spin_reel_counter = free_spin_reel_counter: null

2019-08-24 13:06:30 - [TEST_STEP][PASSED] - M4_spin_reels_symbols = M4_spin_reels_symbols: null

2019-08-24 13:06:30 - [TEST_STEP][PASSED] - M4_total_bonus_spins = M4_total_bonus_spins: null

2019-08-24 13:06:30 - [TEST_STEP][PASSED] - spin_result = sendRequestAndVerify(findTestObject("INT/RGS(M4)/1_M4_spin", ["M4_login_user_id":M4_login_user_id, "rgs_session_token":rgs_session_token, "partner":Partner])): Send request and verify the response successfully

2019-08-24 13:06:31 - [MESSAGE][INFO] - HAR: /Users/eiralee/Katalon_Script/SuperWild/Reports/20190824_125957/INT/superWild_5/20190824_125957/requests/main/118.har

2019-08-24 13:06:31 - [TEST_CASE][PASSED] - Start Test Case : Verification: Verification accomplished successfully

2019-08-24 13:06:31 - [TEST_STEP][PASSED] - request = getInstance().getCurrentRequest(): null

2019-08-24 13:06:31 - [TEST_STEP][PASSED] - response = getInstance().getCurrentResponse(): null

2019-08-24 13:06:31 - [TEST_STEP][PASSED] - verifyResponseStatusCode(response, 200): Verify response status code successfully

2019-08-24 13:06:31 - [MESSAGE][PASSED] - Verify response status code successfully

2019-08-24 13:06:31 - [TEST_STEP][PASSED] - getStatusCode()).isEqualTo(200): null

2019-08-24 13:06:31 - [TEST_STEP][PASSED] - newline = System.getProperty("line.separator"): null

2019-08-24 13:06:31 - [TEST_STEP][PASSED] - M4_spin = new groovy.json.JsonSlurper(): null

2019-08-24 13:06:31 - [TEST_STEP][PASSED] - result_M4_spin = M4_spin.parseText(response.getResponseBodyContent()): null

2019-08-24 13:06:31 - [TEST_STEP][PASSED] - M4_spin_current_balance = current_balance: null

2019-08-24 13:06:31 - [TEST_STEP][PASSED] - M4_spin_current_balance = M4_spin_current_balance: null

2019-08-24 13:06:31 - [TEST_STEP][PASSED] - M4_spin_transaction_id = causality: null

2019-08-24 13:06:31 - [TEST_STEP][PASSED] - M4_spin_transaction_id = M4_spin_transaction_id: null

2019-08-24 13:06:31 - [TEST_STEP][PASSED] - M4_spin_round_id = round_id: null

2019-08-24 13:06:31 - [TEST_STEP][PASSED] - M4_spin_round_id = M4_spin_round_id: null

2019-08-24 13:06:31 - [TEST_STEP][PASSED] - M4_spin_line_wins = line_wins: null

2019-08-24 13:06:31 - [TEST_STEP][PASSED] - M4_spin_line_wins = M4_spin_line_wins: null

2019-08-24 13:06:31 - [TEST_STEP][PASSED] - M4_total_bonus_spins_int = total_bonus_spins: null

2019-08-24 13:06:31 - [TEST_STEP][PASSED] - println("******M4_total_bonus_spins type is:*******" + newline + getClass().getName()): null

2019-08-24 13:06:31 - [TEST_STEP][PASSED] - M4_total_bonus_spins_int = M4_total_bonus_spins_int: null

2019-08-24 13:06:31 - [TEST_STEP][PASSED] - M4_total_bonus_spins = Integer.toString(M4_total_bonus_spins_int): null

2019-08-24 13:06:31 - [TEST_STEP][PASSED] - M4_total_bonus_spins = M4_total_bonus_spins: null

2019-08-24 13:06:31 - [TEST_STEP][PASSED] - println("M4_total_bonus_spins is:" + M4_total_bonus_spins): null

2019-08-24 13:06:31 - [TEST_STEP][PASSED] - M4_spin_bonus_data = bonus_data: null

2019-08-24 13:06:31 - [TEST_STEP][PASSED] - M4_spin_features_triggered = result_M4_spin: null

2019-08-24 13:06:31 - [TEST_STEP][PASSED] - wild = []: null

2019-08-24 13:06:31 - [TEST_STEP][PASSED] - wild[0] = "WILD_Expanding": null

2019-08-24 13:06:31 - [TEST_STEP][PASSED] - wild[1] = "WILD_Normal": null

2019-08-24 13:06:31 - [TEST_STEP][PASSED] - wild[2] = "WILD_Double": null

2019-08-24 13:06:31 - [TEST_STEP][PASSED] - wild[3] = "WILD_ExtraFG": null

2019-08-24 13:06:31 - [TEST_STEP][PASSED] - wild[4] = "WILD_Triple": null

2019-08-24 13:06:31 - [TEST_STEP][PASSED] - wildList = Arrays.asList(wild): null

2019-08-24 13:06:31 - [TEST_STEP][PASSED] - wildList = wildList: null

2019-08-24 13:06:31 - [TEST_STEP][PASSED] - free_spin_reel_counter = []: null

2019-08-24 13:06:31 - [TEST_STEP][PASSED] - free_spin_reel_counter[0] = 0: null

2019-08-24 13:06:31 - [TEST_STEP][PASSED] - free_spin_reel_counter[1] = 0: null

2019-08-24 13:06:31 - [TEST_STEP][PASSED] - free_spin_reel_counter[2] = 0: null

2019-08-24 13:06:31 - [TEST_STEP][PASSED] - M4_spin_reels = reels: null

2019-08-24 13:06:31 - [TEST_STEP][PASSED] - for ([i = 0, i &lt; M4_spin_reels.size(), (i++)]): null

2019-08-24 13:06:31 - [TEST_STEP][PASSED] - symbols = symbols: null

2019-08-24 13:06:31 - [TEST_STEP][PASSED] - for ([j = 0, j &lt; symbols.size(), (j++)]): null

2019-08-24 13:06:31 - [TEST_STEP][PASSED] - symbol = symbol: null

2019-08-24 13:06:31 - [TEST_STEP][PASSED] - println(symbol): null

2019-08-24 13:06:31 - [TEST_STEP][PASSED] - if (i == 2 &amp;&amp; wildList.indexOf(symbol) != -1): null

2019-08-24 13:06:31 - [TEST_STEP][PASSED] - if (i == 3 &amp;&amp; wildList.indexOf(symbol) != -1): null

2019-08-24 13:06:31 - [TEST_STEP][PASSED] - if (i == 4 &amp;&amp; wildList.indexOf(symbol) != -1): null

2019-08-24 13:06:31 - [TEST_STEP][PASSED] - symbol = symbol: null

2019-08-24 13:06:31 - [TEST_STEP][PASSED] - println(symbol): null

2019-08-24 13:06:31 - [TEST_STEP][PASSED] - if (i == 2 &amp;&amp; wildList.indexOf(symbol) != -1): null

2019-08-24 13:06:31 - [TEST_STEP][PASSED] - if (i == 3 &amp;&amp; wildList.indexOf(symbol) != -1): null

2019-08-24 13:06:31 - [TEST_STEP][PASSED] - if (i == 4 &amp;&amp; wildList.indexOf(symbol) != -1): null

2019-08-24 13:06:31 - [TEST_STEP][PASSED] - symbol = symbol: null

2019-08-24 13:06:31 - [TEST_STEP][PASSED] - println(symbol): null

2019-08-24 13:06:31 - [TEST_STEP][PASSED] - if (i == 2 &amp;&amp; wildList.indexOf(symbol) != -1): null

2019-08-24 13:06:31 - [TEST_STEP][PASSED] - if (i == 3 &amp;&amp; wildList.indexOf(symbol) != -1): null

2019-08-24 13:06:31 - [TEST_STEP][PASSED] - if (i == 4 &amp;&amp; wildList.indexOf(symbol) != -1): null

2019-08-24 13:06:31 - [TEST_STEP][PASSED] - symbols = symbols: null

2019-08-24 13:06:31 - [TEST_STEP][PASSED] - for ([j = 0, j &lt; symbols.size(), (j++)]): null

2019-08-24 13:06:31 - [TEST_STEP][PASSED] - symbol = symbol: null

2019-08-24 13:06:31 - [TEST_STEP][PASSED] - println(symbol): null

2019-08-24 13:06:31 - [TEST_STEP][PASSED] - if (i == 2 &amp;&amp; wildList.indexOf(symbol) != -1): null

2019-08-24 13:06:31 - [TEST_STEP][PASSED] - if (i == 3 &amp;&amp; wildList.indexOf(symbol) != -1): null

2019-08-24 13:06:31 - [TEST_STEP][PASSED] - if (i == 4 &amp;&amp; wildList.indexOf(symbol) != -1): null

2019-08-24 13:06:31 - [TEST_STEP][PASSED] - symbol = symbol: null

2019-08-24 13:06:31 - [TEST_STEP][PASSED] - println(symbol): null

2019-08-24 13:06:31 - [TEST_STEP][PASSED] - if (i == 2 &amp;&amp; wildList.indexOf(symbol) != -1): null

2019-08-24 13:06:31 - [TEST_STEP][PASSED] - if (i == 3 &amp;&amp; wildList.indexOf(symbol) != -1): null

2019-08-24 13:06:31 - [TEST_STEP][PASSED] - if (i == 4 &amp;&amp; wildList.indexOf(symbol) != -1): null

2019-08-24 13:06:31 - [TEST_STEP][PASSED] - symbol = symbol: null

2019-08-24 13:06:31 - [TEST_STEP][PASSED] - println(symbol): null

2019-08-24 13:06:31 - [TEST_STEP][PASSED] - if (i == 2 &amp;&amp; wildList.indexOf(symbol) != -1): null

2019-08-24 13:06:31 - [TEST_STEP][PASSED] - if (i == 3 &amp;&amp; wildList.indexOf(symbol) != -1): null

2019-08-24 13:06:31 - [TEST_STEP][PASSED] - if (i == 4 &amp;&amp; wildList.indexOf(symbol) != -1): null

2019-08-24 13:06:31 - [TEST_STEP][PASSED] - symbols = symbols: null

2019-08-24 13:06:31 - [TEST_STEP][PASSED] - for ([j = 0, j &lt; symbols.size(), (j++)]): null

2019-08-24 13:06:31 - [TEST_STEP][PASSED] - symbol = symbol: null

2019-08-24 13:06:31 - [TEST_STEP][PASSED] - println(symbol): null

2019-08-24 13:06:31 - [TEST_STEP][PASSED] - if (i == 2 &amp;&amp; wildList.indexOf(symbol) != -1): null

2019-08-24 13:06:31 - [TEST_STEP][PASSED] - if (i == 3 &amp;&amp; wildList.indexOf(symbol) != -1): null

2019-08-24 13:06:31 - [TEST_STEP][PASSED] - if (i == 4 &amp;&amp; wildList.indexOf(symbol) != -1): null

2019-08-24 13:06:31 - [TEST_STEP][PASSED] - symbol = symbol: null

2019-08-24 13:06:31 - [TEST_STEP][PASSED] - println(symbol): null

2019-08-24 13:06:31 - [TEST_STEP][PASSED] - if (i == 2 &amp;&amp; wildList.indexOf(symbol) != -1): null

2019-08-24 13:06:31 - [TEST_STEP][PASSED] - if (i == 3 &amp;&amp; wildList.indexOf(symbol) != -1): null

2019-08-24 13:06:31 - [TEST_STEP][PASSED] - if (i == 4 &amp;&amp; wildList.indexOf(symbol) != -1): null

2019-08-24 13:06:31 - [TEST_STEP][PASSED] - symbol = symbol: null

2019-08-24 13:06:31 - [TEST_STEP][PASSED] - println(symbol): null

2019-08-24 13:06:31 - [TEST_STEP][PASSED] - if (i == 2 &amp;&amp; wildList.indexOf(symbol) != -1): null

2019-08-24 13:06:31 - [TEST_STEP][PASSED] - if (i == 3 &amp;&amp; wildList.indexOf(symbol) != -1): null

2019-08-24 13:06:31 - [TEST_STEP][PASSED] - if (i == 4 &amp;&amp; wildList.indexOf(symbol) != -1): null

2019-08-24 13:06:31 - [TEST_STEP][PASSED] - symbols = symbols: null

2019-08-24 13:06:31 - [TEST_STEP][PASSED] - for ([j = 0, j &lt; symbols.size(), (j++)]): null

2019-08-24 13:06:31 - [TEST_STEP][PASSED] - symbol = symbol: null

2019-08-24 13:06:31 - [TEST_STEP][PASSED] - println(symbol): null

2019-08-24 13:06:31 - [TEST_STEP][PASSED] - if (i == 2 &amp;&amp; wildList.indexOf(symbol) != -1): null

2019-08-24 13:06:31 - [TEST_STEP][PASSED] - if (i == 3 &amp;&amp; wildList.indexOf(symbol) != -1): null

2019-08-24 13:06:31 - [TEST_STEP][PASSED] - if (i == 4 &amp;&amp; wildList.indexOf(symbol) != -1): null

2019-08-24 13:06:31 - [TEST_STEP][PASSED] - symbol = symbol: null

2019-08-24 13:06:31 - [TEST_STEP][PASSED] - println(symbol): null

2019-08-24 13:06:31 - [TEST_STEP][PASSED] - if (i == 2 &amp;&amp; wildList.indexOf(symbol) != -1): null

2019-08-24 13:06:31 - [TEST_STEP][PASSED] - if (i == 3 &amp;&amp; wildList.indexOf(symbol) != -1): null

2019-08-24 13:06:31 - [TEST_STEP][PASSED] - if (i == 4 &amp;&amp; wildList.indexOf(symbol) != -1): null

2019-08-24 13:06:31 - [TEST_STEP][PASSED] - symbol = symbol: null

2019-08-24 13:06:31 - [TEST_STEP][PASSED] - println(symbol): null

2019-08-24 13:06:31 - [TEST_STEP][PASSED] - if (i == 2 &amp;&amp; wildList.indexOf(symbol) != -1): null

2019-08-24 13:06:31 - [TEST_STEP][PASSED] - if (i == 3 &amp;&amp; wildList.indexOf(symbol) != -1): null

2019-08-24 13:06:31 - [TEST_STEP][PASSED] - if (i == 4 &amp;&amp; wildList.indexOf(symbol) != -1): null

2019-08-24 13:06:31 - [TEST_STEP][PASSED] - symbols = symbols: null

2019-08-24 13:06:31 - [TEST_STEP][PASSED] - for ([j = 0, j &lt; symbols.size(), (j++)]): null

2019-08-24 13:06:31 - [TEST_STEP][PASSED] - symbol = symbol: null

2019-08-24 13:06:31 - [TEST_STEP][PASSED] - println(symbol): null

2019-08-24 13:06:31 - [TEST_STEP][PASSED] - if (i == 2 &amp;&amp; wildList.indexOf(symbol) != -1): null

2019-08-24 13:06:31 - [TEST_STEP][PASSED] - if (i == 3 &amp;&amp; wildList.indexOf(symbol) != -1): null

2019-08-24 13:06:31 - [TEST_STEP][PASSED] - if (i == 4 &amp;&amp; wildList.indexOf(symbol) != -1): null

2019-08-24 13:06:31 - [TEST_STEP][PASSED] - symbol = symbol: null

2019-08-24 13:06:31 - [TEST_STEP][PASSED] - println(symbol): null

2019-08-24 13:06:31 - [TEST_STEP][PASSED] - if (i == 2 &amp;&amp; wildList.indexOf(symbol) != -1): null

2019-08-24 13:06:31 - [TEST_STEP][PASSED] - if (i == 3 &amp;&amp; wildList.indexOf(symbol) != -1): null

2019-08-24 13:06:31 - [TEST_STEP][PASSED] - if (i == 4 &amp;&amp; wildList.indexOf(symbol) != -1): null

2019-08-24 13:06:31 - [TEST_STEP][PASSED] - symbol = symbol: null

2019-08-24 13:06:31 - [TEST_STEP][PASSED] - println(symbol): null

2019-08-24 13:06:31 - [TEST_STEP][PASSED] - if (i == 2 &amp;&amp; wildList.indexOf(symbol) != -1): null

2019-08-24 13:06:31 - [TEST_STEP][PASSED] - if (i == 3 &amp;&amp; wildList.indexOf(symbol) != -1): null

2019-08-24 13:06:31 - [TEST_STEP][PASSED] - if (i == 4 &amp;&amp; wildList.indexOf(symbol) != -1): null

2019-08-24 13:06:31 - [TEST_STEP][PASSED] - free_spin_reel_counter = free_spin_reel_counter: null

2019-08-24 13:06:31 - [TEST_STEP][PASSED] - println("reel 3 wild found: " + free_spin_reel_counter[0]): null

2019-08-24 13:06:31 - [TEST_STEP][PASSED] - println("reel 4 wild found: " + free_spin_reel_counter[1]): null

2019-08-24 13:06:31 - [TEST_STEP][PASSED] - println("reel 5 wild found: " + free_spin_reel_counter[2]): null

2019-08-24 13:06:31 - [TEST_STEP][PASSED] - M4_spin_reels = M4_spin_reels: null

2019-08-24 13:06:31 - [TEST_STEP][PASSED] - M4_spin_reels_symbols = symbol: null

2019-08-24 13:06:31 - [TEST_STEP][PASSED] - M4_spin_reels_symbols = M4_spin_reels_symbols: null

2019-08-24 13:06:31 - [TEST_STEP][PASSED] - M4_spin_reel_wins = reel_wins: null

2019-08-24 13:06:31 - [TEST_STEP][PASSED] - M4_spin_reel_wins = M4_spin_reel_wins: null

2019-08-24 13:06:31 - [TEST_STEP][PASSED] - println("GlobalVariable.M4_spin_reel_wins is: " + M4_spin_reel_wins): null

2019-08-24 13:06:31 - [TEST_STEP][PASSED] - M4_spin_total_bonus_win_this_round = total_bonus_win_this_round: null

2019-08-24 13:06:31 - [TEST_STEP][PASSED] - M4_spin_total_bonus_win_this_round = M4_spin_total_bonus_win_this_round: null

2019-08-24 13:06:31 - [TEST_STEP][PASSED] - println("GlobalVariable.M4_spin_total_bonus_win_this_round is: " + M4_spin_total_bonus_win_this_round): null

2019-08-24 13:06:31 - [TEST_STEP][PASSED] - M4_spin_bonus_spin_result = spin_result: null

2019-08-24 13:06:31 - [TEST_STEP][PASSED] - M4_spin_bonus_spin_result = M4_spin_bonus_spin_result: null

2019-08-24 13:06:31 - [MESSAGE][PASSED] - Verify response successfully

2019-08-24 13:06:31 - [MESSAGE][PASSED] - Send request and verify the response successfully

2019-08-24 13:06:31 - [TEST_STEP][PASSED] - if (M4_total_bonus_spins_int != 0 &amp;&amp; M4_spin_reels_symbols[2].contains("WILD_Expanding")): null

2019-08-24 13:06:31 - [TEST_STEP][PASSED] - free_spin_reel_counter = free_spin_reel_counter: null

2019-08-24 13:06:31 - [TEST_STEP][PASSED] - M4_spin_reels_symbols = M4_spin_reels_symbols: null

2019-08-24 13:06:31 - [TEST_STEP][PASSED] - M4_total_bonus_spins = M4_total_bonus_spins: null

2019-08-24 13:06:31 - [TEST_STEP][PASSED] - spin_result = sendRequestAndVerify(findTestObject("INT/RGS(M4)/1_M4_spin", ["M4_login_user_id":M4_login_user_id, "rgs_session_token":rgs_session_token, "partner":Partner])): Send request and verify the response successfully

2019-08-24 13:06:31 - [MESSAGE][INFO] - HAR: /Users/eiralee/Katalon_Script/SuperWild/Reports/20190824_125957/INT/superWild_5/20190824_125957/requests/main/119.har

2019-08-24 13:06:31 - [TEST_CASE][PASSED] - Start Test Case : Verification: Verification accomplished successfully

2019-08-24 13:06:31 - [TEST_STEP][PASSED] - request = getInstance().getCurrentRequest(): null

2019-08-24 13:06:31 - [TEST_STEP][PASSED] - response = getInstance().getCurrentResponse(): null

2019-08-24 13:06:31 - [TEST_STEP][PASSED] - verifyResponseStatusCode(response, 200): Verify response status code successfully

2019-08-24 13:06:31 - [MESSAGE][PASSED] - Verify response status code successfully

2019-08-24 13:06:31 - [TEST_STEP][PASSED] - getStatusCode()).isEqualTo(200): null

2019-08-24 13:06:31 - [TEST_STEP][PASSED] - newline = System.getProperty("line.separator"): null

2019-08-24 13:06:31 - [TEST_STEP][PASSED] - M4_spin = new groovy.json.JsonSlurper(): null

2019-08-24 13:06:31 - [TEST_STEP][PASSED] - result_M4_spin = M4_spin.parseText(response.getResponseBodyContent()): null

2019-08-24 13:06:31 - [TEST_STEP][PASSED] - M4_spin_current_balance = current_balance: null

2019-08-24 13:06:31 - [TEST_STEP][PASSED] - M4_spin_current_balance = M4_spin_current_balance: null

2019-08-24 13:06:31 - [TEST_STEP][PASSED] - M4_spin_transaction_id = causality: null

2019-08-24 13:06:31 - [TEST_STEP][PASSED] - M4_spin_transaction_id = M4_spin_transaction_id: null

2019-08-24 13:06:31 - [TEST_STEP][PASSED] - M4_spin_round_id = round_id: null

2019-08-24 13:06:31 - [TEST_STEP][PASSED] - M4_spin_round_id = M4_spin_round_id: null

2019-08-24 13:06:31 - [TEST_STEP][PASSED] - M4_spin_line_wins = line_wins: null

2019-08-24 13:06:31 - [TEST_STEP][PASSED] - M4_spin_line_wins = M4_spin_line_wins: null

2019-08-24 13:06:31 - [TEST_STEP][PASSED] - M4_total_bonus_spins_int = total_bonus_spins: null

2019-08-24 13:06:31 - [TEST_STEP][PASSED] - println("******M4_total_bonus_spins type is:*******" + newline + getClass().getName()): null

2019-08-24 13:06:31 - [TEST_STEP][PASSED] - M4_total_bonus_spins_int = M4_total_bonus_spins_int: null

2019-08-24 13:06:31 - [TEST_STEP][PASSED] - M4_total_bonus_spins = Integer.toString(M4_total_bonus_spins_int): null

2019-08-24 13:06:31 - [TEST_STEP][PASSED] - M4_total_bonus_spins = M4_total_bonus_spins: null

2019-08-24 13:06:31 - [TEST_STEP][PASSED] - println("M4_total_bonus_spins is:" + M4_total_bonus_spins): null

2019-08-24 13:06:31 - [TEST_STEP][PASSED] - M4_spin_bonus_data = bonus_data: null

2019-08-24 13:06:31 - [TEST_STEP][PASSED] - M4_spin_features_triggered = result_M4_spin: null

2019-08-24 13:06:31 - [TEST_STEP][PASSED] - wild = []: null

2019-08-24 13:06:31 - [TEST_STEP][PASSED] - wild[0] = "WILD_Expanding": null

2019-08-24 13:06:31 - [TEST_STEP][PASSED] - wild[1] = "WILD_Normal": null

2019-08-24 13:06:31 - [TEST_STEP][PASSED] - wild[2] = "WILD_Double": null

2019-08-24 13:06:31 - [TEST_STEP][PASSED] - wild[3] = "WILD_ExtraFG": null

2019-08-24 13:06:31 - [TEST_STEP][PASSED] - wild[4] = "WILD_Triple": null

2019-08-24 13:06:31 - [TEST_STEP][PASSED] - wildList = Arrays.asList(wild): null

2019-08-24 13:06:31 - [TEST_STEP][PASSED] - wildList = wildList: null

2019-08-24 13:06:31 - [TEST_STEP][PASSED] - free_spin_reel_counter = []: null

2019-08-24 13:06:31 - [TEST_STEP][PASSED] - free_spin_reel_counter[0] = 0: null

2019-08-24 13:06:31 - [TEST_STEP][PASSED] - free_spin_reel_counter[1] = 0: null

2019-08-24 13:06:31 - [TEST_STEP][PASSED] - free_spin_reel_counter[2] = 0: null

2019-08-24 13:06:31 - [TEST_STEP][PASSED] - M4_spin_reels = reels: null

2019-08-24 13:06:31 - [TEST_STEP][PASSED] - for ([i = 0, i &lt; M4_spin_reels.size(), (i++)]): null

2019-08-24 13:06:31 - [TEST_STEP][PASSED] - symbols = symbols: null

2019-08-24 13:06:31 - [TEST_STEP][PASSED] - for ([j = 0, j &lt; symbols.size(), (j++)]): null

2019-08-24 13:06:31 - [TEST_STEP][PASSED] - symbol = symbol: null

2019-08-24 13:06:31 - [TEST_STEP][PASSED] - println(symbol): null

2019-08-24 13:06:31 - [TEST_STEP][PASSED] - if (i == 2 &amp;&amp; wildList.indexOf(symbol) != -1): null

2019-08-24 13:06:31 - [TEST_STEP][PASSED] - if (i == 3 &amp;&amp; wildList.indexOf(symbol) != -1): null

2019-08-24 13:06:31 - [TEST_STEP][PASSED] - if (i == 4 &amp;&amp; wildList.indexOf(symbol) != -1): null

2019-08-24 13:06:31 - [TEST_STEP][PASSED] - symbol = symbol: null

2019-08-24 13:06:31 - [TEST_STEP][PASSED] - println(symbol): null

2019-08-24 13:06:31 - [TEST_STEP][PASSED] - if (i == 2 &amp;&amp; wildList.indexOf(symbol) != -1): null

2019-08-24 13:06:31 - [TEST_STEP][PASSED] - if (i == 3 &amp;&amp; wildList.indexOf(symbol) != -1): null

2019-08-24 13:06:31 - [TEST_STEP][PASSED] - if (i == 4 &amp;&amp; wildList.indexOf(symbol) != -1): null

2019-08-24 13:06:31 - [TEST_STEP][PASSED] - symbol = symbol: null

2019-08-24 13:06:31 - [TEST_STEP][PASSED] - println(symbol): null

2019-08-24 13:06:31 - [TEST_STEP][PASSED] - if (i == 2 &amp;&amp; wildList.indexOf(symbol) != -1): null

2019-08-24 13:06:31 - [TEST_STEP][PASSED] - if (i == 3 &amp;&amp; wildList.indexOf(symbol) != -1): null

2019-08-24 13:06:31 - [TEST_STEP][PASSED] - if (i == 4 &amp;&amp; wildList.indexOf(symbol) != -1): null

2019-08-24 13:06:31 - [TEST_STEP][PASSED] - symbols = symbols: null

2019-08-24 13:06:31 - [TEST_STEP][PASSED] - for ([j = 0, j &lt; symbols.size(), (j++)]): null

2019-08-24 13:06:31 - [TEST_STEP][PASSED] - symbol = symbol: null

2019-08-24 13:06:31 - [TEST_STEP][PASSED] - println(symbol): null

2019-08-24 13:06:31 - [TEST_STEP][PASSED] - if (i == 2 &amp;&amp; wildList.indexOf(symbol) != -1): null

2019-08-24 13:06:31 - [TEST_STEP][PASSED] - if (i == 3 &amp;&amp; wildList.indexOf(symbol) != -1): null

2019-08-24 13:06:31 - [TEST_STEP][PASSED] - if (i == 4 &amp;&amp; wildList.indexOf(symbol) != -1): null

2019-08-24 13:06:31 - [TEST_STEP][PASSED] - symbol = symbol: null

2019-08-24 13:06:31 - [TEST_STEP][PASSED] - println(symbol): null

2019-08-24 13:06:31 - [TEST_STEP][PASSED] - if (i == 2 &amp;&amp; wildList.indexOf(symbol) != -1): null

2019-08-24 13:06:31 - [TEST_STEP][PASSED] - if (i == 3 &amp;&amp; wildList.indexOf(symbol) != -1): null

2019-08-24 13:06:31 - [TEST_STEP][PASSED] - if (i == 4 &amp;&amp; wildList.indexOf(symbol) != -1): null

2019-08-24 13:06:31 - [TEST_STEP][PASSED] - symbol = symbol: null

2019-08-24 13:06:31 - [TEST_STEP][PASSED] - println(symbol): null

2019-08-24 13:06:31 - [TEST_STEP][PASSED] - if (i == 2 &amp;&amp; wildList.indexOf(symbol) != -1): null

2019-08-24 13:06:31 - [TEST_STEP][PASSED] - if (i == 3 &amp;&amp; wildList.indexOf(symbol) != -1): null

2019-08-24 13:06:31 - [TEST_STEP][PASSED] - if (i == 4 &amp;&amp; wildList.indexOf(symbol) != -1): null

2019-08-24 13:06:31 - [TEST_STEP][PASSED] - symbols = symbols: null

2019-08-24 13:06:31 - [TEST_STEP][PASSED] - for ([j = 0, j &lt; symbols.size(), (j++)]): null

2019-08-24 13:06:31 - [TEST_STEP][PASSED] - symbol = symbol: null

2019-08-24 13:06:31 - [TEST_STEP][PASSED] - println(symbol): null

2019-08-24 13:06:31 - [TEST_STEP][PASSED] - if (i == 2 &amp;&amp; wildList.indexOf(symbol) != -1): null

2019-08-24 13:06:31 - [TEST_STEP][PASSED] - if (i == 3 &amp;&amp; wildList.indexOf(symbol) != -1): null

2019-08-24 13:06:31 - [TEST_STEP][PASSED] - if (i == 4 &amp;&amp; wildList.indexOf(symbol) != -1): null

2019-08-24 13:06:31 - [TEST_STEP][PASSED] - symbol = symbol: null

2019-08-24 13:06:31 - [TEST_STEP][PASSED] - println(symbol): null

2019-08-24 13:06:31 - [TEST_STEP][PASSED] - if (i == 2 &amp;&amp; wildList.indexOf(symbol) != -1): null

2019-08-24 13:06:31 - [TEST_STEP][PASSED] - println("wild found on reel 3, adding counter by 1"): null

2019-08-24 13:06:31 - [TEST_STEP][PASSED] - free_spin_reel_counter[0] = free_spin_reel_counter[0] + 1: null

2019-08-24 13:06:31 - [TEST_STEP][PASSED] - if (i == 3 &amp;&amp; wildList.indexOf(symbol) != -1): null

2019-08-24 13:06:31 - [TEST_STEP][PASSED] - if (i == 4 &amp;&amp; wildList.indexOf(symbol) != -1): null

2019-08-24 13:06:31 - [TEST_STEP][PASSED] - symbol = symbol: null

2019-08-24 13:06:31 - [TEST_STEP][PASSED] - println(symbol): null

2019-08-24 13:06:31 - [TEST_STEP][PASSED] - if (i == 2 &amp;&amp; wildList.indexOf(symbol) != -1): null

2019-08-24 13:06:31 - [TEST_STEP][PASSED] - if (i == 3 &amp;&amp; wildList.indexOf(symbol) != -1): null

2019-08-24 13:06:31 - [TEST_STEP][PASSED] - if (i == 4 &amp;&amp; wildList.indexOf(symbol) != -1): null

2019-08-24 13:06:31 - [TEST_STEP][PASSED] - symbols = symbols: null

2019-08-24 13:06:31 - [TEST_STEP][PASSED] - for ([j = 0, j &lt; symbols.size(), (j++)]): null

2019-08-24 13:06:31 - [TEST_STEP][PASSED] - symbol = symbol: null

2019-08-24 13:06:31 - [TEST_STEP][PASSED] - println(symbol): null

2019-08-24 13:06:31 - [TEST_STEP][PASSED] - if (i == 2 &amp;&amp; wildList.indexOf(symbol) != -1): null

2019-08-24 13:06:31 - [TEST_STEP][PASSED] - if (i == 3 &amp;&amp; wildList.indexOf(symbol) != -1): null

2019-08-24 13:06:31 - [TEST_STEP][PASSED] - if (i == 4 &amp;&amp; wildList.indexOf(symbol) != -1): null

2019-08-24 13:06:31 - [TEST_STEP][PASSED] - symbol = symbol: null

2019-08-24 13:06:31 - [TEST_STEP][PASSED] - println(symbol): null

2019-08-24 13:06:31 - [TEST_STEP][PASSED] - if (i == 2 &amp;&amp; wildList.indexOf(symbol) != -1): null

2019-08-24 13:06:31 - [TEST_STEP][PASSED] - if (i == 3 &amp;&amp; wildList.indexOf(symbol) != -1): null

2019-08-24 13:06:31 - [TEST_STEP][PASSED] - if (i == 4 &amp;&amp; wildList.indexOf(symbol) != -1): null

2019-08-24 13:06:31 - [TEST_STEP][PASSED] - symbol = symbol: null

2019-08-24 13:06:31 - [TEST_STEP][PASSED] - println(symbol): null

2019-08-24 13:06:31 - [TEST_STEP][PASSED] - if (i == 2 &amp;&amp; wildList.indexOf(symbol) != -1): null

2019-08-24 13:06:31 - [TEST_STEP][PASSED] - if (i == 3 &amp;&amp; wildList.indexOf(symbol) != -1): null

2019-08-24 13:06:31 - [TEST_STEP][PASSED] - if (i == 4 &amp;&amp; wildList.indexOf(symbol) != -1): null

2019-08-24 13:06:31 - [TEST_STEP][PASSED] - symbols = symbols: null

2019-08-24 13:06:31 - [TEST_STEP][PASSED] - for ([j = 0, j &lt; symbols.size(), (j++)]): null

2019-08-24 13:06:31 - [TEST_STEP][PASSED] - symbol = symbol: null

2019-08-24 13:06:31 - [TEST_STEP][PASSED] - println(symbol): null

2019-08-24 13:06:31 - [TEST_STEP][PASSED] - if (i == 2 &amp;&amp; wildList.indexOf(symbol) != -1): null

2019-08-24 13:06:31 - [TEST_STEP][PASSED] - if (i == 3 &amp;&amp; wildList.indexOf(symbol) != -1): null

2019-08-24 13:06:31 - [TEST_STEP][PASSED] - if (i == 4 &amp;&amp; wildList.indexOf(symbol) != -1): null

2019-08-24 13:06:31 - [TEST_STEP][PASSED] - symbol = symbol: null

2019-08-24 13:06:31 - [TEST_STEP][PASSED] - println(symbol): null

2019-08-24 13:06:31 - [TEST_STEP][PASSED] - if (i == 2 &amp;&amp; wildList.indexOf(symbol) != -1): null

2019-08-24 13:06:31 - [TEST_STEP][PASSED] - if (i == 3 &amp;&amp; wildList.indexOf(symbol) != -1): null

2019-08-24 13:06:31 - [TEST_STEP][PASSED] - if (i == 4 &amp;&amp; wildList.indexOf(symbol) != -1): null

2019-08-24 13:06:31 - [TEST_STEP][PASSED] - symbol = symbol: null

2019-08-24 13:06:31 - [TEST_STEP][PASSED] - println(symbol): null

2019-08-24 13:06:31 - [TEST_STEP][PASSED] - if (i == 2 &amp;&amp; wildList.indexOf(symbol) != -1): null

2019-08-24 13:06:31 - [TEST_STEP][PASSED] - if (i == 3 &amp;&amp; wildList.indexOf(symbol) != -1): null

2019-08-24 13:06:31 - [TEST_STEP][PASSED] - if (i == 4 &amp;&amp; wildList.indexOf(symbol) != -1): null

2019-08-24 13:06:31 - [TEST_STEP][PASSED] - free_spin_reel_counter = free_spin_reel_counter: null

2019-08-24 13:06:31 - [TEST_STEP][PASSED] - println("reel 3 wild found: " + free_spin_reel_counter[0]): null

2019-08-24 13:06:31 - [TEST_STEP][PASSED] - println("reel 4 wild found: " + free_spin_reel_counter[1]): null

2019-08-24 13:06:31 - [TEST_STEP][PASSED] - println("reel 5 wild found: " + free_spin_reel_counter[2]): null

2019-08-24 13:06:31 - [TEST_STEP][PASSED] - M4_spin_reels = M4_spin_reels: null

2019-08-24 13:06:31 - [TEST_STEP][PASSED] - M4_spin_reels_symbols = symbol: null

2019-08-24 13:06:31 - [TEST_STEP][PASSED] - M4_spin_reels_symbols = M4_spin_reels_symbols: null

2019-08-24 13:06:31 - [TEST_STEP][PASSED] - M4_spin_reel_wins = reel_wins: null

2019-08-24 13:06:31 - [TEST_STEP][PASSED] - M4_spin_reel_wins = M4_spin_reel_wins: null

2019-08-24 13:06:31 - [TEST_STEP][PASSED] - println("GlobalVariable.M4_spin_reel_wins is: " + M4_spin_reel_wins): null

2019-08-24 13:06:31 - [TEST_STEP][PASSED] - M4_spin_total_bonus_win_this_round = total_bonus_win_this_round: null

2019-08-24 13:06:31 - [TEST_STEP][PASSED] - M4_spin_total_bonus_win_this_round = M4_spin_total_bonus_win_this_round: null

2019-08-24 13:06:31 - [TEST_STEP][PASSED] - println("GlobalVariable.M4_spin_total_bonus_win_this_round is: " + M4_spin_total_bonus_win_this_round): null

2019-08-24 13:06:31 - [TEST_STEP][PASSED] - M4_spin_bonus_spin_result = spin_result: null

2019-08-24 13:06:31 - [TEST_STEP][PASSED] - M4_spin_bonus_spin_result = M4_spin_bonus_spin_result: null

2019-08-24 13:06:31 - [MESSAGE][PASSED] - Verify response successfully

2019-08-24 13:06:31 - [MESSAGE][PASSED] - Send request and verify the response successfully

2019-08-24 13:06:31 - [TEST_STEP][PASSED] - if (M4_total_bonus_spins_int != 0 &amp;&amp; M4_spin_reels_symbols[2].contains("WILD_Expanding")): null

2019-08-24 13:06:31 - [TEST_STEP][PASSED] - free_spin_reel_counter = free_spin_reel_counter: null

2019-08-24 13:06:31 - [TEST_STEP][PASSED] - M4_spin_reels_symbols = M4_spin_reels_symbols: null

2019-08-24 13:06:31 - [TEST_STEP][PASSED] - M4_total_bonus_spins = M4_total_bonus_spins: null

2019-08-24 13:06:31 - [TEST_STEP][PASSED] - spin_result = sendRequestAndVerify(findTestObject("INT/RGS(M4)/1_M4_spin", ["M4_login_user_id":M4_login_user_id, "rgs_session_token":rgs_session_token, "partner":Partner])): Send request and verify the response successfully

2019-08-24 13:06:32 - [MESSAGE][INFO] - HAR: /Users/eiralee/Katalon_Script/SuperWild/Reports/20190824_125957/INT/superWild_5/20190824_125957/requests/main/120.har

2019-08-24 13:06:32 - [TEST_CASE][PASSED] - Start Test Case : Verification: Verification accomplished successfully

2019-08-24 13:06:32 - [TEST_STEP][PASSED] - request = getInstance().getCurrentRequest(): null

2019-08-24 13:06:32 - [TEST_STEP][PASSED] - response = getInstance().getCurrentResponse(): null

2019-08-24 13:06:32 - [TEST_STEP][PASSED] - verifyResponseStatusCode(response, 200): Verify response status code successfully

2019-08-24 13:06:32 - [MESSAGE][PASSED] - Verify response status code successfully

2019-08-24 13:06:32 - [TEST_STEP][PASSED] - getStatusCode()).isEqualTo(200): null

2019-08-24 13:06:32 - [TEST_STEP][PASSED] - newline = System.getProperty("line.separator"): null

2019-08-24 13:06:32 - [TEST_STEP][PASSED] - M4_spin = new groovy.json.JsonSlurper(): null

2019-08-24 13:06:32 - [TEST_STEP][PASSED] - result_M4_spin = M4_spin.parseText(response.getResponseBodyContent()): null

2019-08-24 13:06:32 - [TEST_STEP][PASSED] - M4_spin_current_balance = current_balance: null

2019-08-24 13:06:32 - [TEST_STEP][PASSED] - M4_spin_current_balance = M4_spin_current_balance: null

2019-08-24 13:06:32 - [TEST_STEP][PASSED] - M4_spin_transaction_id = causality: null

2019-08-24 13:06:32 - [TEST_STEP][PASSED] - M4_spin_transaction_id = M4_spin_transaction_id: null

2019-08-24 13:06:32 - [TEST_STEP][PASSED] - M4_spin_round_id = round_id: null

2019-08-24 13:06:32 - [TEST_STEP][PASSED] - M4_spin_round_id = M4_spin_round_id: null

2019-08-24 13:06:32 - [TEST_STEP][PASSED] - M4_spin_line_wins = line_wins: null

2019-08-24 13:06:32 - [TEST_STEP][PASSED] - M4_spin_line_wins = M4_spin_line_wins: null

2019-08-24 13:06:32 - [TEST_STEP][PASSED] - M4_total_bonus_spins_int = total_bonus_spins: null

2019-08-24 13:06:32 - [TEST_STEP][PASSED] - println("******M4_total_bonus_spins type is:*******" + newline + getClass().getName()): null

2019-08-24 13:06:32 - [TEST_STEP][PASSED] - M4_total_bonus_spins_int = M4_total_bonus_spins_int: null

2019-08-24 13:06:32 - [TEST_STEP][PASSED] - M4_total_bonus_spins = Integer.toString(M4_total_bonus_spins_int): null

2019-08-24 13:06:32 - [TEST_STEP][PASSED] - M4_total_bonus_spins = M4_total_bonus_spins: null

2019-08-24 13:06:32 - [TEST_STEP][PASSED] - println("M4_total_bonus_spins is:" + M4_total_bonus_spins): null

2019-08-24 13:06:32 - [TEST_STEP][PASSED] - M4_spin_bonus_data = bonus_data: null

2019-08-24 13:06:32 - [TEST_STEP][PASSED] - M4_spin_features_triggered = result_M4_spin: null

2019-08-24 13:06:32 - [TEST_STEP][PASSED] - wild = []: null

2019-08-24 13:06:32 - [TEST_STEP][PASSED] - wild[0] = "WILD_Expanding": null

2019-08-24 13:06:32 - [TEST_STEP][PASSED] - wild[1] = "WILD_Normal": null

2019-08-24 13:06:32 - [TEST_STEP][PASSED] - wild[2] = "WILD_Double": null

2019-08-24 13:06:32 - [TEST_STEP][PASSED] - wild[3] = "WILD_ExtraFG": null

2019-08-24 13:06:32 - [TEST_STEP][PASSED] - wild[4] = "WILD_Triple": null

2019-08-24 13:06:32 - [TEST_STEP][PASSED] - wildList = Arrays.asList(wild): null

2019-08-24 13:06:32 - [TEST_STEP][PASSED] - wildList = wildList: null

2019-08-24 13:06:32 - [TEST_STEP][PASSED] - free_spin_reel_counter = []: null

2019-08-24 13:06:32 - [TEST_STEP][PASSED] - free_spin_reel_counter[0] = 0: null

2019-08-24 13:06:32 - [TEST_STEP][PASSED] - free_spin_reel_counter[1] = 0: null

2019-08-24 13:06:32 - [TEST_STEP][PASSED] - free_spin_reel_counter[2] = 0: null

2019-08-24 13:06:32 - [TEST_STEP][PASSED] - M4_spin_reels = reels: null

2019-08-24 13:06:32 - [TEST_STEP][PASSED] - for ([i = 0, i &lt; M4_spin_reels.size(), (i++)]): null

2019-08-24 13:06:32 - [TEST_STEP][PASSED] - symbols = symbols: null

2019-08-24 13:06:32 - [TEST_STEP][PASSED] - for ([j = 0, j &lt; symbols.size(), (j++)]): null

2019-08-24 13:06:32 - [TEST_STEP][PASSED] - symbol = symbol: null

2019-08-24 13:06:32 - [TEST_STEP][PASSED] - println(symbol): null

2019-08-24 13:06:32 - [TEST_STEP][PASSED] - if (i == 2 &amp;&amp; wildList.indexOf(symbol) != -1): null

2019-08-24 13:06:32 - [TEST_STEP][PASSED] - if (i == 3 &amp;&amp; wildList.indexOf(symbol) != -1): null

2019-08-24 13:06:32 - [TEST_STEP][PASSED] - if (i == 4 &amp;&amp; wildList.indexOf(symbol) != -1): null

2019-08-24 13:06:32 - [TEST_STEP][PASSED] - symbol = symbol: null

2019-08-24 13:06:32 - [TEST_STEP][PASSED] - println(symbol): null

2019-08-24 13:06:32 - [TEST_STEP][PASSED] - if (i == 2 &amp;&amp; wildList.indexOf(symbol) != -1): null

2019-08-24 13:06:32 - [TEST_STEP][PASSED] - if (i == 3 &amp;&amp; wildList.indexOf(symbol) != -1): null

2019-08-24 13:06:32 - [TEST_STEP][PASSED] - if (i == 4 &amp;&amp; wildList.indexOf(symbol) != -1): null

2019-08-24 13:06:32 - [TEST_STEP][PASSED] - symbol = symbol: null

2019-08-24 13:06:32 - [TEST_STEP][PASSED] - println(symbol): null

2019-08-24 13:06:32 - [TEST_STEP][PASSED] - if (i == 2 &amp;&amp; wildList.indexOf(symbol) != -1): null

2019-08-24 13:06:32 - [TEST_STEP][PASSED] - if (i == 3 &amp;&amp; wildList.indexOf(symbol) != -1): null

2019-08-24 13:06:32 - [TEST_STEP][PASSED] - if (i == 4 &amp;&amp; wildList.indexOf(symbol) != -1): null

2019-08-24 13:06:32 - [TEST_STEP][PASSED] - symbols = symbols: null

2019-08-24 13:06:32 - [TEST_STEP][PASSED] - for ([j = 0, j &lt; symbols.size(), (j++)]): null

2019-08-24 13:06:32 - [TEST_STEP][PASSED] - symbol = symbol: null

2019-08-24 13:06:32 - [TEST_STEP][PASSED] - println(symbol): null

2019-08-24 13:06:32 - [TEST_STEP][PASSED] - if (i == 2 &amp;&amp; wildList.indexOf(symbol) != -1): null

2019-08-24 13:06:32 - [TEST_STEP][PASSED] - if (i == 3 &amp;&amp; wildList.indexOf(symbol) != -1): null

2019-08-24 13:06:32 - [TEST_STEP][PASSED] - if (i == 4 &amp;&amp; wildList.indexOf(symbol) != -1): null

2019-08-24 13:06:32 - [TEST_STEP][PASSED] - symbol = symbol: null

2019-08-24 13:06:32 - [TEST_STEP][PASSED] - println(symbol): null

2019-08-24 13:06:32 - [TEST_STEP][PASSED] - if (i == 2 &amp;&amp; wildList.indexOf(symbol) != -1): null

2019-08-24 13:06:32 - [TEST_STEP][PASSED] - if (i == 3 &amp;&amp; wildList.indexOf(symbol) != -1): null

2019-08-24 13:06:32 - [TEST_STEP][PASSED] - if (i == 4 &amp;&amp; wildList.indexOf(symbol) != -1): null

2019-08-24 13:06:32 - [TEST_STEP][PASSED] - symbol = symbol: null

2019-08-24 13:06:32 - [TEST_STEP][PASSED] - println(symbol): null

2019-08-24 13:06:32 - [TEST_STEP][PASSED] - if (i == 2 &amp;&amp; wildList.indexOf(symbol) != -1): null

2019-08-24 13:06:32 - [TEST_STEP][PASSED] - if (i == 3 &amp;&amp; wildList.indexOf(symbol) != -1): null

2019-08-24 13:06:32 - [TEST_STEP][PASSED] - if (i == 4 &amp;&amp; wildList.indexOf(symbol) != -1): null

2019-08-24 13:06:32 - [TEST_STEP][PASSED] - symbols = symbols: null

2019-08-24 13:06:32 - [TEST_STEP][PASSED] - for ([j = 0, j &lt; symbols.size(), (j++)]): null

2019-08-24 13:06:32 - [TEST_STEP][PASSED] - symbol = symbol: null

2019-08-24 13:06:32 - [TEST_STEP][PASSED] - println(symbol): null

2019-08-24 13:06:32 - [TEST_STEP][PASSED] - if (i == 2 &amp;&amp; wildList.indexOf(symbol) != -1): null

2019-08-24 13:06:32 - [TEST_STEP][PASSED] - if (i == 3 &amp;&amp; wildList.indexOf(symbol) != -1): null

2019-08-24 13:06:32 - [TEST_STEP][PASSED] - if (i == 4 &amp;&amp; wildList.indexOf(symbol) != -1): null

2019-08-24 13:06:32 - [TEST_STEP][PASSED] - symbol = symbol: null

2019-08-24 13:06:32 - [TEST_STEP][PASSED] - println(symbol): null

2019-08-24 13:06:32 - [TEST_STEP][PASSED] - if (i == 2 &amp;&amp; wildList.indexOf(symbol) != -1): null

2019-08-24 13:06:32 - [TEST_STEP][PASSED] - println("wild found on reel 3, adding counter by 1"): null

2019-08-24 13:06:32 - [TEST_STEP][PASSED] - free_spin_reel_counter[0] = free_spin_reel_counter[0] + 1: null

2019-08-24 13:06:32 - [TEST_STEP][PASSED] - if (i == 3 &amp;&amp; wildList.indexOf(symbol) != -1): null

2019-08-24 13:06:32 - [TEST_STEP][PASSED] - if (i == 4 &amp;&amp; wildList.indexOf(symbol) != -1): null

2019-08-24 13:06:32 - [TEST_STEP][PASSED] - symbol = symbol: null

2019-08-24 13:06:32 - [TEST_STEP][PASSED] - println(symbol): null

2019-08-24 13:06:32 - [TEST_STEP][PASSED] - if (i == 2 &amp;&amp; wildList.indexOf(symbol) != -1): null

2019-08-24 13:06:41 - [TEST_STEP][PASSED] - if (i == 3 &amp;&amp; wildList.indexOf(symbol) != -1): null

2019-08-24 13:06:41 - [TEST_STEP][PASSED] - if (i == 4 &amp;&amp; wildList.indexOf(symbol) != -1): null

2019-08-24 13:06:41 - [TEST_STEP][PASSED] - symbols = symbols: null

2019-08-24 13:06:41 - [TEST_STEP][PASSED] - for ([j = 0, j &lt; symbols.size(), (j++)]): null

2019-08-24 13:06:41 - [TEST_STEP][PASSED] - symbol = symbol: null

2019-08-24 13:06:46 - [TEST_STEP][PASSED] - println(symbol): null

2019-08-24 13:06:46 - [TEST_STEP][PASSED] - if (i == 2 &amp;&amp; wildList.indexOf(symbol) != -1): null

2019-08-24 13:06:46 - [TEST_STEP][PASSED] - if (i == 3 &amp;&amp; wildList.indexOf(symbol) != -1): null

2019-08-24 13:06:46 - [TEST_STEP][PASSED] - if (i == 4 &amp;&amp; wildList.indexOf(symbol) != -1): null

2019-08-24 13:06:46 - [TEST_STEP][PASSED] - symbol = symbol: null

2019-08-24 13:06:46 - [TEST_STEP][PASSED] - println(symbol): null

2019-08-24 13:06:46 - [TEST_STEP][PASSED] - if (i == 2 &amp;&amp; wildList.indexOf(symbol) != -1): null

2019-08-24 13:06:46 - [TEST_STEP][PASSED] - if (i == 3 &amp;&amp; wildList.indexOf(symbol) != -1): null

2019-08-24 13:06:46 - [TEST_STEP][PASSED] - if (i == 4 &amp;&amp; wildList.indexOf(symbol) != -1): null

2019-08-24 13:06:46 - [TEST_STEP][PASSED] - symbol = symbol: null

2019-08-24 13:06:46 - [TEST_STEP][PASSED] - println(symbol): null

2019-08-24 13:06:46 - [TEST_STEP][PASSED] - if (i == 2 &amp;&amp; wildList.indexOf(symbol) != -1): null

2019-08-24 13:06:46 - [TEST_STEP][PASSED] - if (i == 3 &amp;&amp; wildList.indexOf(symbol) != -1): null

2019-08-24 13:06:46 - [TEST_STEP][PASSED] - if (i == 4 &amp;&amp; wildList.indexOf(symbol) != -1): null

2019-08-24 13:06:46 - [TEST_STEP][PASSED] - symbols = symbols: null

2019-08-24 13:06:46 - [TEST_STEP][PASSED] - for ([j = 0, j &lt; symbols.size(), (j++)]): null

2019-08-24 13:06:46 - [TEST_STEP][PASSED] - symbol = symbol: null

2019-08-24 13:06:46 - [TEST_STEP][PASSED] - println(symbol): null

2019-08-24 13:06:46 - [TEST_STEP][PASSED] - if (i == 2 &amp;&amp; wildList.indexOf(symbol) != -1): null

2019-08-24 13:06:46 - [TEST_STEP][PASSED] - if (i == 3 &amp;&amp; wildList.indexOf(symbol) != -1): null

2019-08-24 13:06:46 - [TEST_STEP][PASSED] - if (i == 4 &amp;&amp; wildList.indexOf(symbol) != -1): null

2019-08-24 13:06:46 - [TEST_STEP][PASSED] - symbol = symbol: null

2019-08-24 13:06:46 - [TEST_STEP][PASSED] - println(symbol): null

2019-08-24 13:06:46 - [TEST_STEP][PASSED] - if (i == 2 &amp;&amp; wildList.indexOf(symbol) != -1): null

2019-08-24 13:06:46 - [TEST_STEP][PASSED] - if (i == 3 &amp;&amp; wildList.indexOf(symbol) != -1): null

2019-08-24 13:06:46 - [TEST_STEP][PASSED] - if (i == 4 &amp;&amp; wildList.indexOf(symbol) != -1): null

2019-08-24 13:06:46 - [TEST_STEP][PASSED] - symbol = symbol: null

2019-08-24 13:06:46 - [TEST_STEP][PASSED] - println(symbol): null

2019-08-24 13:06:46 - [TEST_STEP][PASSED] - if (i == 2 &amp;&amp; wildList.indexOf(symbol) != -1): null

2019-08-24 13:06:46 - [TEST_STEP][PASSED] - if (i == 3 &amp;&amp; wildList.indexOf(symbol) != -1): null

2019-08-24 13:06:46 - [TEST_STEP][PASSED] - if (i == 4 &amp;&amp; wildList.indexOf(symbol) != -1): null

2019-08-24 13:06:46 - [TEST_STEP][PASSED] - free_spin_reel_counter = free_spin_reel_counter: null

2019-08-24 13:06:46 - [TEST_STEP][PASSED] - println("reel 3 wild found: " + free_spin_reel_counter[0]): null

2019-08-24 13:06:46 - [TEST_STEP][PASSED] - println("reel 4 wild found: " + free_spin_reel_counter[1]): null

2019-08-24 13:06:46 - [TEST_STEP][PASSED] - println("reel 5 wild found: " + free_spin_reel_counter[2]): null

2019-08-24 13:06:46 - [TEST_STEP][PASSED] - M4_spin_reels = M4_spin_reels: null

2019-08-24 13:06:46 - [TEST_STEP][PASSED] - M4_spin_reels_symbols = symbol: null

2019-08-24 13:06:46 - [TEST_STEP][PASSED] - M4_spin_reels_symbols = M4_spin_reels_symbols: null

2019-08-24 13:06:46 - [TEST_STEP][PASSED] - M4_spin_reel_wins = reel_wins: null

2019-08-24 13:06:46 - [TEST_STEP][PASSED] - M4_spin_reel_wins = M4_spin_reel_wins: null

2019-08-24 13:06:46 - [TEST_STEP][PASSED] - println("GlobalVariable.M4_spin_reel_wins is: " + M4_spin_reel_wins): null

2019-08-24 13:06:46 - [TEST_STEP][PASSED] - M4_spin_total_bonus_win_this_round = total_bonus_win_this_round: null

2019-08-24 13:06:46 - [TEST_STEP][PASSED] - M4_spin_total_bonus_win_this_round = M4_spin_total_bonus_win_this_round: null

2019-08-24 13:06:46 - [TEST_STEP][PASSED] - println("GlobalVariable.M4_spin_total_bonus_win_this_round is: " + M4_spin_total_bonus_win_this_round): null

2019-08-24 13:06:46 - [TEST_STEP][PASSED] - M4_spin_bonus_spin_result = spin_result: null

2019-08-24 13:06:46 - [TEST_STEP][PASSED] - M4_spin_bonus_spin_result = M4_spin_bonus_spin_result: null

2019-08-24 13:06:46 - [MESSAGE][PASSED] - Verify response successfully

2019-08-24 13:06:46 - [MESSAGE][PASSED] - Send request and verify the response successfully

2019-08-24 13:06:46 - [TEST_STEP][PASSED] - if (M4_total_bonus_spins_int != 0 &amp;&amp; M4_spin_reels_symbols[2].contains("WILD_Expanding")): null

2019-08-24 13:06:46 - [TEST_STEP][PASSED] - free_spin_reel_counter = free_spin_reel_counter: null

2019-08-24 13:06:46 - [TEST_STEP][PASSED] - M4_spin_reels_symbols = M4_spin_reels_symbols: null

2019-08-24 13:06:46 - [TEST_STEP][PASSED] - M4_total_bonus_spins = M4_total_bonus_spins: null

2019-08-24 13:06:46 - [TEST_STEP][PASSED] - spin_result = sendRequestAndVerify(findTestObject("INT/RGS(M4)/1_M4_spin", ["M4_login_user_id":M4_login_user_id, "rgs_session_token":rgs_session_token, "partner":Partner])): Send request and verify the response successfully

2019-08-24 13:06:46 - [MESSAGE][INFO] - HAR: /Users/eiralee/Katalon_Script/SuperWild/Reports/20190824_125957/INT/superWild_5/20190824_125957/requests/main/121.har

2019-08-24 13:06:47 - [TEST_CASE][PASSED] - Start Test Case : Verification: Verification accomplished successfully

2019-08-24 13:06:47 - [TEST_STEP][PASSED] - request = getInstance().getCurrentRequest(): null

2019-08-24 13:06:47 - [TEST_STEP][PASSED] - response = getInstance().getCurrentResponse(): null

2019-08-24 13:06:47 - [TEST_STEP][PASSED] - verifyResponseStatusCode(response, 200): Verify response status code successfully

2019-08-24 13:06:47 - [MESSAGE][PASSED] - Verify response status code successfully

2019-08-24 13:06:47 - [TEST_STEP][PASSED] - getStatusCode()).isEqualTo(200): null

2019-08-24 13:06:47 - [TEST_STEP][PASSED] - newline = System.getProperty("line.separator"): null

2019-08-24 13:06:47 - [TEST_STEP][PASSED] - M4_spin = new groovy.json.JsonSlurper(): null

2019-08-24 13:06:47 - [TEST_STEP][PASSED] - result_M4_spin = M4_spin.parseText(response.getResponseBodyContent()): null

2019-08-24 13:06:47 - [TEST_STEP][PASSED] - M4_spin_current_balance = current_balance: null

2019-08-24 13:06:47 - [TEST_STEP][PASSED] - M4_spin_current_balance = M4_spin_current_balance: null

2019-08-24 13:06:47 - [TEST_STEP][PASSED] - M4_spin_transaction_id = causality: null

2019-08-24 13:06:47 - [TEST_STEP][PASSED] - M4_spin_transaction_id = M4_spin_transaction_id: null

2019-08-24 13:06:47 - [TEST_STEP][PASSED] - M4_spin_round_id = round_id: null

2019-08-24 13:06:47 - [TEST_STEP][PASSED] - M4_spin_round_id = M4_spin_round_id: null

2019-08-24 13:06:47 - [TEST_STEP][PASSED] - M4_spin_line_wins = line_wins: null

2019-08-24 13:06:47 - [TEST_STEP][PASSED] - M4_spin_line_wins = M4_spin_line_wins: null

2019-08-24 13:06:47 - [TEST_STEP][PASSED] - M4_total_bonus_spins_int = total_bonus_spins: null

2019-08-24 13:06:47 - [TEST_STEP][PASSED] - println("******M4_total_bonus_spins type is:*******" + newline + getClass().getName()): null

2019-08-24 13:06:47 - [TEST_STEP][PASSED] - M4_total_bonus_spins_int = M4_total_bonus_spins_int: null

2019-08-24 13:06:47 - [TEST_STEP][PASSED] - M4_total_bonus_spins = Integer.toString(M4_total_bonus_spins_int): null

2019-08-24 13:06:47 - [TEST_STEP][PASSED] - M4_total_bonus_spins = M4_total_bonus_spins: null

2019-08-24 13:06:47 - [TEST_STEP][PASSED] - println("M4_total_bonus_spins is:" + M4_total_bonus_spins): null

2019-08-24 13:06:47 - [TEST_STEP][PASSED] - M4_spin_bonus_data = bonus_data: null

2019-08-24 13:06:47 - [TEST_STEP][PASSED] - M4_spin_features_triggered = result_M4_spin: null

2019-08-24 13:06:47 - [TEST_STEP][PASSED] - wild = []: null

2019-08-24 13:06:47 - [TEST_STEP][PASSED] - wild[0] = "WILD_Expanding": null

2019-08-24 13:06:47 - [TEST_STEP][PASSED] - wild[1] = "WILD_Normal": null

2019-08-24 13:06:47 - [TEST_STEP][PASSED] - wild[2] = "WILD_Double": null

2019-08-24 13:06:47 - [TEST_STEP][PASSED] - wild[3] = "WILD_ExtraFG": null

2019-08-24 13:06:47 - [TEST_STEP][PASSED] - wild[4] = "WILD_Triple": null

2019-08-24 13:06:47 - [TEST_STEP][PASSED] - wildList = Arrays.asList(wild): null

2019-08-24 13:06:47 - [TEST_STEP][PASSED] - wildList = wildList: null

2019-08-24 13:06:47 - [TEST_STEP][PASSED] - free_spin_reel_counter = []: null

2019-08-24 13:06:47 - [TEST_STEP][PASSED] - free_spin_reel_counter[0] = 0: null

2019-08-24 13:06:47 - [TEST_STEP][PASSED] - free_spin_reel_counter[1] = 0: null

2019-08-24 13:06:47 - [TEST_STEP][PASSED] - free_spin_reel_counter[2] = 0: null

2019-08-24 13:06:47 - [TEST_STEP][PASSED] - M4_spin_reels = reels: null

2019-08-24 13:06:47 - [TEST_STEP][PASSED] - for ([i = 0, i &lt; M4_spin_reels.size(), (i++)]): null

2019-08-24 13:06:47 - [TEST_STEP][PASSED] - symbols = symbols: null

2019-08-24 13:06:47 - [TEST_STEP][PASSED] - for ([j = 0, j &lt; symbols.size(), (j++)]): null

2019-08-24 13:06:47 - [TEST_STEP][PASSED] - symbol = symbol: null

2019-08-24 13:06:47 - [TEST_STEP][PASSED] - println(symbol): null

2019-08-24 13:06:47 - [TEST_STEP][PASSED] - if (i == 2 &amp;&amp; wildList.indexOf(symbol) != -1): null

2019-08-24 13:06:47 - [TEST_STEP][PASSED] - if (i == 3 &amp;&amp; wildList.indexOf(symbol) != -1): null

2019-08-24 13:06:47 - [TEST_STEP][PASSED] - if (i == 4 &amp;&amp; wildList.indexOf(symbol) != -1): null

2019-08-24 13:06:47 - [TEST_STEP][PASSED] - symbol = symbol: null

2019-08-24 13:06:47 - [TEST_STEP][PASSED] - println(symbol): null

2019-08-24 13:06:47 - [TEST_STEP][PASSED] - if (i == 2 &amp;&amp; wildList.indexOf(symbol) != -1): null

2019-08-24 13:06:47 - [TEST_STEP][PASSED] - if (i == 3 &amp;&amp; wildList.indexOf(symbol) != -1): null

2019-08-24 13:06:47 - [TEST_STEP][PASSED] - if (i == 4 &amp;&amp; wildList.indexOf(symbol) != -1): null

2019-08-24 13:06:47 - [TEST_STEP][PASSED] - symbol = symbol: null

2019-08-24 13:06:47 - [TEST_STEP][PASSED] - println(symbol): null

2019-08-24 13:06:47 - [TEST_STEP][PASSED] - if (i == 2 &amp;&amp; wildList.indexOf(symbol) != -1): null

2019-08-24 13:06:47 - [TEST_STEP][PASSED] - if (i == 3 &amp;&amp; wildList.indexOf(symbol) != -1): null

2019-08-24 13:06:47 - [TEST_STEP][PASSED] - if (i == 4 &amp;&amp; wildList.indexOf(symbol) != -1): null

2019-08-24 13:06:47 - [TEST_STEP][PASSED] - symbols = symbols: null

2019-08-24 13:06:47 - [TEST_STEP][PASSED] - for ([j = 0, j &lt; symbols.size(), (j++)]): null

2019-08-24 13:06:47 - [TEST_STEP][PASSED] - symbol = symbol: null

2019-08-24 13:06:47 - [TEST_STEP][PASSED] - println(symbol): null

2019-08-24 13:06:47 - [TEST_STEP][PASSED] - if (i == 2 &amp;&amp; wildList.indexOf(symbol) != -1): null

2019-08-24 13:06:47 - [TEST_STEP][PASSED] - if (i == 3 &amp;&amp; wildList.indexOf(symbol) != -1): null

2019-08-24 13:06:47 - [TEST_STEP][PASSED] - if (i == 4 &amp;&amp; wildList.indexOf(symbol) != -1): null

2019-08-24 13:06:47 - [TEST_STEP][PASSED] - symbol = symbol: null

2019-08-24 13:06:47 - [TEST_STEP][PASSED] - println(symbol): null

2019-08-24 13:06:47 - [TEST_STEP][PASSED] - if (i == 2 &amp;&amp; wildList.indexOf(symbol) != -1): null

2019-08-24 13:06:47 - [TEST_STEP][PASSED] - if (i == 3 &amp;&amp; wildList.indexOf(symbol) != -1): null

2019-08-24 13:06:47 - [TEST_STEP][PASSED] - if (i == 4 &amp;&amp; wildList.indexOf(symbol) != -1): null

2019-08-24 13:06:47 - [TEST_STEP][PASSED] - symbol = symbol: null

2019-08-24 13:06:47 - [TEST_STEP][PASSED] - println(symbol): null

2019-08-24 13:06:47 - [TEST_STEP][PASSED] - if (i == 2 &amp;&amp; wildList.indexOf(symbol) != -1): null

2019-08-24 13:06:47 - [TEST_STEP][PASSED] - if (i == 3 &amp;&amp; wildList.indexOf(symbol) != -1): null

2019-08-24 13:06:47 - [TEST_STEP][PASSED] - if (i == 4 &amp;&amp; wildList.indexOf(symbol) != -1): null

2019-08-24 13:06:47 - [TEST_STEP][PASSED] - symbols = symbols: null

2019-08-24 13:06:47 - [TEST_STEP][PASSED] - for ([j = 0, j &lt; symbols.size(), (j++)]): null

2019-08-24 13:06:47 - [TEST_STEP][PASSED] - symbol = symbol: null

2019-08-24 13:06:47 - [TEST_STEP][PASSED] - println(symbol): null

2019-08-24 13:06:47 - [TEST_STEP][PASSED] - if (i == 2 &amp;&amp; wildList.indexOf(symbol) != -1): null

2019-08-24 13:06:47 - [TEST_STEP][PASSED] - if (i == 3 &amp;&amp; wildList.indexOf(symbol) != -1): null

2019-08-24 13:06:47 - [TEST_STEP][PASSED] - if (i == 4 &amp;&amp; wildList.indexOf(symbol) != -1): null

2019-08-24 13:06:47 - [TEST_STEP][PASSED] - symbol = symbol: null

2019-08-24 13:06:47 - [TEST_STEP][PASSED] - println(symbol): null

2019-08-24 13:06:47 - [TEST_STEP][PASSED] - if (i == 2 &amp;&amp; wildList.indexOf(symbol) != -1): null

2019-08-24 13:06:47 - [TEST_STEP][PASSED] - if (i == 3 &amp;&amp; wildList.indexOf(symbol) != -1): null

2019-08-24 13:06:47 - [TEST_STEP][PASSED] - if (i == 4 &amp;&amp; wildList.indexOf(symbol) != -1): null

2019-08-24 13:06:47 - [TEST_STEP][PASSED] - symbol = symbol: null

2019-08-24 13:06:47 - [TEST_STEP][PASSED] - println(symbol): null

2019-08-24 13:06:47 - [TEST_STEP][PASSED] - if (i == 2 &amp;&amp; wildList.indexOf(symbol) != -1): null

2019-08-24 13:06:47 - [TEST_STEP][PASSED] - if (i == 3 &amp;&amp; wildList.indexOf(symbol) != -1): null

2019-08-24 13:06:47 - [TEST_STEP][PASSED] - if (i == 4 &amp;&amp; wildList.indexOf(symbol) != -1): null

2019-08-24 13:06:47 - [TEST_STEP][PASSED] - symbols = symbols: null

2019-08-24 13:06:47 - [TEST_STEP][PASSED] - for ([j = 0, j &lt; symbols.size(), (j++)]): null

2019-08-24 13:06:47 - [TEST_STEP][PASSED] - symbol = symbol: null

2019-08-24 13:06:47 - [TEST_STEP][PASSED] - println(symbol): null

2019-08-24 13:06:47 - [TEST_STEP][PASSED] - if (i == 2 &amp;&amp; wildList.indexOf(symbol) != -1): null

2019-08-24 13:06:47 - [TEST_STEP][PASSED] - if (i == 3 &amp;&amp; wildList.indexOf(symbol) != -1): null

2019-08-24 13:06:47 - [TEST_STEP][PASSED] - if (i == 4 &amp;&amp; wildList.indexOf(symbol) != -1): null

2019-08-24 13:06:47 - [TEST_STEP][PASSED] - symbol = symbol: null

2019-08-24 13:06:47 - [TEST_STEP][PASSED] - println(symbol): null

2019-08-24 13:06:47 - [TEST_STEP][PASSED] - if (i == 2 &amp;&amp; wildList.indexOf(symbol) != -1): null

2019-08-24 13:06:47 - [TEST_STEP][PASSED] - if (i == 3 &amp;&amp; wildList.indexOf(symbol) != -1): null

2019-08-24 13:06:47 - [TEST_STEP][PASSED] - if (i == 4 &amp;&amp; wildList.indexOf(symbol) != -1): null

2019-08-24 13:06:47 - [TEST_STEP][PASSED] - symbol = symbol: null

2019-08-24 13:06:47 - [TEST_STEP][PASSED] - println(symbol): null

2019-08-24 13:06:47 - [TEST_STEP][PASSED] - if (i == 2 &amp;&amp; wildList.indexOf(symbol) != -1): null

2019-08-24 13:06:47 - [TEST_STEP][PASSED] - if (i == 3 &amp;&amp; wildList.indexOf(symbol) != -1): null

2019-08-24 13:06:47 - [TEST_STEP][PASSED] - if (i == 4 &amp;&amp; wildList.indexOf(symbol) != -1): null

2019-08-24 13:06:47 - [TEST_STEP][PASSED] - symbols = symbols: null

2019-08-24 13:06:47 - [TEST_STEP][PASSED] - for ([j = 0, j &lt; symbols.size(), (j++)]): null

2019-08-24 13:06:47 - [TEST_STEP][PASSED] - symbol = symbol: null

2019-08-24 13:06:47 - [TEST_STEP][PASSED] - println(symbol): null

2019-08-24 13:06:47 - [TEST_STEP][PASSED] - if (i == 2 &amp;&amp; wildList.indexOf(symbol) != -1): null

2019-08-24 13:06:47 - [TEST_STEP][PASSED] - if (i == 3 &amp;&amp; wildList.indexOf(symbol) != -1): null

2019-08-24 13:06:47 - [TEST_STEP][PASSED] - if (i == 4 &amp;&amp; wildList.indexOf(symbol) != -1): null

2019-08-24 13:06:47 - [TEST_STEP][PASSED] - symbol = symbol: null

2019-08-24 13:06:47 - [TEST_STEP][PASSED] - println(symbol): null

2019-08-24 13:06:47 - [TEST_STEP][PASSED] - if (i == 2 &amp;&amp; wildList.indexOf(symbol) != -1): null

2019-08-24 13:06:47 - [TEST_STEP][PASSED] - if (i == 3 &amp;&amp; wildList.indexOf(symbol) != -1): null

2019-08-24 13:06:47 - [TEST_STEP][PASSED] - if (i == 4 &amp;&amp; wildList.indexOf(symbol) != -1): null

2019-08-24 13:06:47 - [TEST_STEP][PASSED] - println("wild found on reel 5, adding counter by 1"): null

2019-08-24 13:06:47 - [TEST_STEP][PASSED] - free_spin_reel_counter[2] = free_spin_reel_counter[2] + 1: null

2019-08-24 13:06:47 - [TEST_STEP][PASSED] - symbol = symbol: null

2019-08-24 13:06:47 - [TEST_STEP][PASSED] - println(symbol): null

2019-08-24 13:06:47 - [TEST_STEP][PASSED] - if (i == 2 &amp;&amp; wildList.indexOf(symbol) != -1): null

2019-08-24 13:06:47 - [TEST_STEP][PASSED] - if (i == 3 &amp;&amp; wildList.indexOf(symbol) != -1): null

2019-08-24 13:06:47 - [TEST_STEP][PASSED] - if (i == 4 &amp;&amp; wildList.indexOf(symbol) != -1): null

2019-08-24 13:06:47 - [TEST_STEP][PASSED] - free_spin_reel_counter = free_spin_reel_counter: null

2019-08-24 13:06:47 - [TEST_STEP][PASSED] - println("reel 3 wild found: " + free_spin_reel_counter[0]): null

2019-08-24 13:06:47 - [TEST_STEP][PASSED] - println("reel 4 wild found: " + free_spin_reel_counter[1]): null

2019-08-24 13:06:47 - [TEST_STEP][PASSED] - println("reel 5 wild found: " + free_spin_reel_counter[2]): null

2019-08-24 13:06:47 - [TEST_STEP][PASSED] - M4_spin_reels = M4_spin_reels: null

2019-08-24 13:06:47 - [TEST_STEP][PASSED] - M4_spin_reels_symbols = symbol: null

2019-08-24 13:06:47 - [TEST_STEP][PASSED] - M4_spin_reels_symbols = M4_spin_reels_symbols: null

2019-08-24 13:06:47 - [TEST_STEP][PASSED] - M4_spin_reel_wins = reel_wins: null

2019-08-24 13:06:47 - [TEST_STEP][PASSED] - M4_spin_reel_wins = M4_spin_reel_wins: null

2019-08-24 13:06:47 - [TEST_STEP][PASSED] - println("GlobalVariable.M4_spin_reel_wins is: " + M4_spin_reel_wins): null

2019-08-24 13:06:47 - [TEST_STEP][PASSED] - M4_spin_total_bonus_win_this_round = total_bonus_win_this_round: null

2019-08-24 13:06:47 - [TEST_STEP][PASSED] - M4_spin_total_bonus_win_this_round = M4_spin_total_bonus_win_this_round: null

2019-08-24 13:06:47 - [TEST_STEP][PASSED] - println("GlobalVariable.M4_spin_total_bonus_win_this_round is: " + M4_spin_total_bonus_win_this_round): null

2019-08-24 13:06:47 - [TEST_STEP][PASSED] - M4_spin_bonus_spin_result = spin_result: null

2019-08-24 13:06:47 - [TEST_STEP][PASSED] - M4_spin_bonus_spin_result = M4_spin_bonus_spin_result: null

2019-08-24 13:06:47 - [MESSAGE][PASSED] - Verify response successfully

2019-08-24 13:06:47 - [MESSAGE][PASSED] - Send request and verify the response successfully

2019-08-24 13:06:47 - [TEST_STEP][PASSED] - if (M4_total_bonus_spins_int != 0 &amp;&amp; M4_spin_reels_symbols[2].contains("WILD_Expanding")): null

2019-08-24 13:06:47 - [TEST_STEP][PASSED] - free_spin_reel_counter = free_spin_reel_counter: null

2019-08-24 13:06:47 - [TEST_STEP][PASSED] - M4_spin_reels_symbols = M4_spin_reels_symbols: null

2019-08-24 13:06:47 - [TEST_STEP][PASSED] - M4_total_bonus_spins = M4_total_bonus_spins: null

2019-08-24 13:06:47 - [TEST_STEP][PASSED] - spin_result = sendRequestAndVerify(findTestObject("INT/RGS(M4)/1_M4_spin", ["M4_login_user_id":M4_login_user_id, "rgs_session_token":rgs_session_token, "partner":Partner])): Send request and verify the response successfully

2019-08-24 13:06:47 - [MESSAGE][INFO] - HAR: /Users/eiralee/Katalon_Script/SuperWild/Reports/20190824_125957/INT/superWild_5/20190824_125957/requests/main/122.har

2019-08-24 13:06:47 - [TEST_CASE][PASSED] - Start Test Case : Verification: Verification accomplished successfully

2019-08-24 13:06:47 - [TEST_STEP][PASSED] - request = getInstance().getCurrentRequest(): null

2019-08-24 13:06:47 - [TEST_STEP][PASSED] - response = getInstance().getCurrentResponse(): null

2019-08-24 13:06:47 - [TEST_STEP][PASSED] - verifyResponseStatusCode(response, 200): Verify response status code successfully

2019-08-24 13:06:47 - [MESSAGE][PASSED] - Verify response status code successfully

2019-08-24 13:06:47 - [TEST_STEP][PASSED] - getStatusCode()).isEqualTo(200): null

2019-08-24 13:06:47 - [TEST_STEP][PASSED] - newline = System.getProperty("line.separator"): null

2019-08-24 13:06:47 - [TEST_STEP][PASSED] - M4_spin = new groovy.json.JsonSlurper(): null

2019-08-24 13:06:47 - [TEST_STEP][PASSED] - result_M4_spin = M4_spin.parseText(response.getResponseBodyContent()): null

2019-08-24 13:06:47 - [TEST_STEP][PASSED] - M4_spin_current_balance = current_balance: null

2019-08-24 13:06:47 - [TEST_STEP][PASSED] - M4_spin_current_balance = M4_spin_current_balance: null

2019-08-24 13:06:47 - [TEST_STEP][PASSED] - M4_spin_transaction_id = causality: null

2019-08-24 13:06:47 - [TEST_STEP][PASSED] - M4_spin_transaction_id = M4_spin_transaction_id: null

2019-08-24 13:06:47 - [TEST_STEP][PASSED] - M4_spin_round_id = round_id: null

2019-08-24 13:06:47 - [TEST_STEP][PASSED] - M4_spin_round_id = M4_spin_round_id: null

2019-08-24 13:06:47 - [TEST_STEP][PASSED] - M4_spin_line_wins = line_wins: null

2019-08-24 13:06:47 - [TEST_STEP][PASSED] - M4_spin_line_wins = M4_spin_line_wins: null

2019-08-24 13:06:47 - [TEST_STEP][PASSED] - M4_total_bonus_spins_int = total_bonus_spins: null

2019-08-24 13:06:47 - [TEST_STEP][PASSED] - println("******M4_total_bonus_spins type is:*******" + newline + getClass().getName()): null

2019-08-24 13:06:47 - [TEST_STEP][PASSED] - M4_total_bonus_spins_int = M4_total_bonus_spins_int: null

2019-08-24 13:06:47 - [TEST_STEP][PASSED] - M4_total_bonus_spins = Integer.toString(M4_total_bonus_spins_int): null

2019-08-24 13:06:47 - [TEST_STEP][PASSED] - M4_total_bonus_spins = M4_total_bonus_spins: null

2019-08-24 13:06:47 - [TEST_STEP][PASSED] - println("M4_total_bonus_spins is:" + M4_total_bonus_spins): null

2019-08-24 13:06:47 - [TEST_STEP][PASSED] - M4_spin_bonus_data = bonus_data: null

2019-08-24 13:06:47 - [TEST_STEP][PASSED] - M4_spin_features_triggered = result_M4_spin: null

2019-08-24 13:06:47 - [TEST_STEP][PASSED] - wild = []: null

2019-08-24 13:06:47 - [TEST_STEP][PASSED] - wild[0] = "WILD_Expanding": null

2019-08-24 13:06:47 - [TEST_STEP][PASSED] - wild[1] = "WILD_Normal": null

2019-08-24 13:06:47 - [TEST_STEP][PASSED] - wild[2] = "WILD_Double": null

2019-08-24 13:06:47 - [TEST_STEP][PASSED] - wild[3] = "WILD_ExtraFG": null

2019-08-24 13:06:47 - [TEST_STEP][PASSED] - wild[4] = "WILD_Triple": null

2019-08-24 13:06:47 - [TEST_STEP][PASSED] - wildList = Arrays.asList(wild): null

2019-08-24 13:06:47 - [TEST_STEP][PASSED] - wildList = wildList: null

2019-08-24 13:06:47 - [TEST_STEP][PASSED] - free_spin_reel_counter = []: null

2019-08-24 13:06:47 - [TEST_STEP][PASSED] - free_spin_reel_counter[0] = 0: null

2019-08-24 13:06:47 - [TEST_STEP][PASSED] - free_spin_reel_counter[1] = 0: null

2019-08-24 13:06:47 - [TEST_STEP][PASSED] - free_spin_reel_counter[2] = 0: null

2019-08-24 13:06:47 - [TEST_STEP][PASSED] - M4_spin_reels = reels: null

2019-08-24 13:06:47 - [TEST_STEP][PASSED] - for ([i = 0, i &lt; M4_spin_reels.size(), (i++)]): null

2019-08-24 13:06:47 - [TEST_STEP][PASSED] - symbols = symbols: null

2019-08-24 13:06:47 - [TEST_STEP][PASSED] - for ([j = 0, j &lt; symbols.size(), (j++)]): null

2019-08-24 13:06:47 - [TEST_STEP][PASSED] - symbol = symbol: null

2019-08-24 13:06:47 - [TEST_STEP][PASSED] - println(symbol): null

2019-08-24 13:06:47 - [TEST_STEP][PASSED] - if (i == 2 &amp;&amp; wildList.indexOf(symbol) != -1): null

2019-08-24 13:06:47 - [TEST_STEP][PASSED] - if (i == 3 &amp;&amp; wildList.indexOf(symbol) != -1): null

2019-08-24 13:06:47 - [TEST_STEP][PASSED] - if (i == 4 &amp;&amp; wildList.indexOf(symbol) != -1): null

2019-08-24 13:06:47 - [TEST_STEP][PASSED] - symbol = symbol: null

2019-08-24 13:06:47 - [TEST_STEP][PASSED] - println(symbol): null

2019-08-24 13:06:47 - [TEST_STEP][PASSED] - if (i == 2 &amp;&amp; wildList.indexOf(symbol) != -1): null

2019-08-24 13:06:47 - [TEST_STEP][PASSED] - if (i == 3 &amp;&amp; wildList.indexOf(symbol) != -1): null

2019-08-24 13:06:47 - [TEST_STEP][PASSED] - if (i == 4 &amp;&amp; wildList.indexOf(symbol) != -1): null

2019-08-24 13:06:47 - [TEST_STEP][PASSED] - symbol = symbol: null

2019-08-24 13:06:47 - [TEST_STEP][PASSED] - println(symbol): null

2019-08-24 13:06:47 - [TEST_STEP][PASSED] - if (i == 2 &amp;&amp; wildList.indexOf(symbol) != -1): null

2019-08-24 13:06:47 - [TEST_STEP][PASSED] - if (i == 3 &amp;&amp; wildList.indexOf(symbol) != -1): null

2019-08-24 13:06:47 - [TEST_STEP][PASSED] - if (i == 4 &amp;&amp; wildList.indexOf(symbol) != -1): null

2019-08-24 13:06:47 - [TEST_STEP][PASSED] - symbols = symbols: null

2019-08-24 13:06:47 - [TEST_STEP][PASSED] - for ([j = 0, j &lt; symbols.size(), (j++)]): null

2019-08-24 13:06:47 - [TEST_STEP][PASSED] - symbol = symbol: null

2019-08-24 13:06:47 - [TEST_STEP][PASSED] - println(symbol): null

2019-08-24 13:06:47 - [TEST_STEP][PASSED] - if (i == 2 &amp;&amp; wildList.indexOf(symbol) != -1): null

2019-08-24 13:06:47 - [TEST_STEP][PASSED] - if (i == 3 &amp;&amp; wildList.indexOf(symbol) != -1): null

2019-08-24 13:06:47 - [TEST_STEP][PASSED] - if (i == 4 &amp;&amp; wildList.indexOf(symbol) != -1): null

2019-08-24 13:06:47 - [TEST_STEP][PASSED] - symbol = symbol: null

2019-08-24 13:06:47 - [TEST_STEP][PASSED] - println(symbol): null

2019-08-24 13:06:47 - [TEST_STEP][PASSED] - if (i == 2 &amp;&amp; wildList.indexOf(symbol) != -1): null

2019-08-24 13:06:47 - [TEST_STEP][PASSED] - if (i == 3 &amp;&amp; wildList.indexOf(symbol) != -1): null

2019-08-24 13:06:47 - [TEST_STEP][PASSED] - if (i == 4 &amp;&amp; wildList.indexOf(symbol) != -1): null

2019-08-24 13:06:47 - [TEST_STEP][PASSED] - symbol = symbol: null

2019-08-24 13:06:47 - [TEST_STEP][PASSED] - println(symbol): null

2019-08-24 13:06:47 - [TEST_STEP][PASSED] - if (i == 2 &amp;&amp; wildList.indexOf(symbol) != -1): null

2019-08-24 13:06:47 - [TEST_STEP][PASSED] - if (i == 3 &amp;&amp; wildList.indexOf(symbol) != -1): null

2019-08-24 13:06:47 - [TEST_STEP][PASSED] - if (i == 4 &amp;&amp; wildList.indexOf(symbol) != -1): null

2019-08-24 13:06:47 - [TEST_STEP][PASSED] - symbols = symbols: null

2019-08-24 13:06:47 - [TEST_STEP][PASSED] - for ([j = 0, j &lt; symbols.size(), (j++)]): null

2019-08-24 13:06:47 - [TEST_STEP][PASSED] - symbol = symbol: null

2019-08-24 13:06:47 - [TEST_STEP][PASSED] - println(symbol): null

2019-08-24 13:06:47 - [TEST_STEP][PASSED] - if (i == 2 &amp;&amp; wildList.indexOf(symbol) != -1): null

2019-08-24 13:06:47 - [TEST_STEP][PASSED] - if (i == 3 &amp;&amp; wildList.indexOf(symbol) != -1): null

2019-08-24 13:06:47 - [TEST_STEP][PASSED] - if (i == 4 &amp;&amp; wildList.indexOf(symbol) != -1): null

2019-08-24 13:06:47 - [TEST_STEP][PASSED] - symbol = symbol: null

2019-08-24 13:06:47 - [TEST_STEP][PASSED] - println(symbol): null

2019-08-24 13:06:47 - [TEST_STEP][PASSED] - if (i == 2 &amp;&amp; wildList.indexOf(symbol) != -1): null

2019-08-24 13:06:47 - [TEST_STEP][PASSED] - if (i == 3 &amp;&amp; wildList.indexOf(symbol) != -1): null

2019-08-24 13:06:47 - [TEST_STEP][PASSED] - if (i == 4 &amp;&amp; wildList.indexOf(symbol) != -1): null

2019-08-24 13:06:47 - [TEST_STEP][PASSED] - symbol = symbol: null

2019-08-24 13:06:47 - [TEST_STEP][PASSED] - println(symbol): null

2019-08-24 13:06:47 - [TEST_STEP][PASSED] - if (i == 2 &amp;&amp; wildList.indexOf(symbol) != -1): null

2019-08-24 13:06:47 - [TEST_STEP][PASSED] - if (i == 3 &amp;&amp; wildList.indexOf(symbol) != -1): null

2019-08-24 13:06:47 - [TEST_STEP][PASSED] - if (i == 4 &amp;&amp; wildList.indexOf(symbol) != -1): null

2019-08-24 13:06:47 - [TEST_STEP][PASSED] - symbols = symbols: null

2019-08-24 13:06:47 - [TEST_STEP][PASSED] - for ([j = 0, j &lt; symbols.size(), (j++)]): null

2019-08-24 13:06:47 - [TEST_STEP][PASSED] - symbol = symbol: null

2019-08-24 13:06:47 - [TEST_STEP][PASSED] - println(symbol): null

2019-08-24 13:06:47 - [TEST_STEP][PASSED] - if (i == 2 &amp;&amp; wildList.indexOf(symbol) != -1): null

2019-08-24 13:06:47 - [TEST_STEP][PASSED] - if (i == 3 &amp;&amp; wildList.indexOf(symbol) != -1): null

2019-08-24 13:06:47 - [TEST_STEP][PASSED] - if (i == 4 &amp;&amp; wildList.indexOf(symbol) != -1): null

2019-08-24 13:06:47 - [TEST_STEP][PASSED] - symbol = symbol: null

2019-08-24 13:06:47 - [TEST_STEP][PASSED] - println(symbol): null

2019-08-24 13:06:47 - [TEST_STEP][PASSED] - if (i == 2 &amp;&amp; wildList.indexOf(symbol) != -1): null

2019-08-24 13:06:47 - [TEST_STEP][PASSED] - if (i == 3 &amp;&amp; wildList.indexOf(symbol) != -1): null

2019-08-24 13:06:47 - [TEST_STEP][PASSED] - if (i == 4 &amp;&amp; wildList.indexOf(symbol) != -1): null

2019-08-24 13:06:47 - [TEST_STEP][PASSED] - symbol = symbol: null

2019-08-24 13:06:47 - [TEST_STEP][PASSED] - println(symbol): null

2019-08-24 13:06:47 - [TEST_STEP][PASSED] - if (i == 2 &amp;&amp; wildList.indexOf(symbol) != -1): null

2019-08-24 13:06:47 - [TEST_STEP][PASSED] - if (i == 3 &amp;&amp; wildList.indexOf(symbol) != -1): null

2019-08-24 13:06:47 - [TEST_STEP][PASSED] - if (i == 4 &amp;&amp; wildList.indexOf(symbol) != -1): null

2019-08-24 13:06:47 - [TEST_STEP][PASSED] - symbols = symbols: null

2019-08-24 13:06:47 - [TEST_STEP][PASSED] - for ([j = 0, j &lt; symbols.size(), (j++)]): null

2019-08-24 13:06:47 - [TEST_STEP][PASSED] - symbol = symbol: null

2019-08-24 13:06:47 - [TEST_STEP][PASSED] - println(symbol): null

2019-08-24 13:06:47 - [TEST_STEP][PASSED] - if (i == 2 &amp;&amp; wildList.indexOf(symbol) != -1): null

2019-08-24 13:06:47 - [TEST_STEP][PASSED] - if (i == 3 &amp;&amp; wildList.indexOf(symbol) != -1): null

2019-08-24 13:06:47 - [TEST_STEP][PASSED] - if (i == 4 &amp;&amp; wildList.indexOf(symbol) != -1): null

2019-08-24 13:06:47 - [TEST_STEP][PASSED] - symbol = symbol: null

2019-08-24 13:06:47 - [TEST_STEP][PASSED] - println(symbol): null

2019-08-24 13:06:47 - [TEST_STEP][PASSED] - if (i == 2 &amp;&amp; wildList.indexOf(symbol) != -1): null

2019-08-24 13:06:47 - [TEST_STEP][PASSED] - if (i == 3 &amp;&amp; wildList.indexOf(symbol) != -1): null

2019-08-24 13:06:47 - [TEST_STEP][PASSED] - if (i == 4 &amp;&amp; wildList.indexOf(symbol) != -1): null

2019-08-24 13:06:47 - [TEST_STEP][PASSED] - symbol = symbol: null

2019-08-24 13:06:47 - [TEST_STEP][PASSED] - println(symbol): null

2019-08-24 13:06:47 - [TEST_STEP][PASSED] - if (i == 2 &amp;&amp; wildList.indexOf(symbol) != -1): null

2019-08-24 13:06:47 - [TEST_STEP][PASSED] - if (i == 3 &amp;&amp; wildList.indexOf(symbol) != -1): null

2019-08-24 13:06:47 - [TEST_STEP][PASSED] - if (i == 4 &amp;&amp; wildList.indexOf(symbol) != -1): null

2019-08-24 13:06:47 - [TEST_STEP][PASSED] - free_spin_reel_counter = free_spin_reel_counter: null

2019-08-24 13:06:47 - [TEST_STEP][PASSED] - println("reel 3 wild found: " + free_spin_reel_counter[0]): null

2019-08-24 13:06:47 - [TEST_STEP][PASSED] - println("reel 4 wild found: " + free_spin_reel_counter[1]): null

2019-08-24 13:06:47 - [TEST_STEP][PASSED] - println("reel 5 wild found: " + free_spin_reel_counter[2]): null

2019-08-24 13:06:47 - [TEST_STEP][PASSED] - M4_spin_reels = M4_spin_reels: null

2019-08-24 13:06:47 - [TEST_STEP][PASSED] - M4_spin_reels_symbols = symbol: null

2019-08-24 13:06:47 - [TEST_STEP][PASSED] - M4_spin_reels_symbols = M4_spin_reels_symbols: null

2019-08-24 13:06:47 - [TEST_STEP][PASSED] - M4_spin_reel_wins = reel_wins: null

2019-08-24 13:06:47 - [TEST_STEP][PASSED] - M4_spin_reel_wins = M4_spin_reel_wins: null

2019-08-24 13:06:47 - [TEST_STEP][PASSED] - println("GlobalVariable.M4_spin_reel_wins is: " + M4_spin_reel_wins): null

2019-08-24 13:06:47 - [TEST_STEP][PASSED] - M4_spin_total_bonus_win_this_round = total_bonus_win_this_round: null

2019-08-24 13:06:47 - [TEST_STEP][PASSED] - M4_spin_total_bonus_win_this_round = M4_spin_total_bonus_win_this_round: null

2019-08-24 13:06:47 - [TEST_STEP][PASSED] - println("GlobalVariable.M4_spin_total_bonus_win_this_round is: " + M4_spin_total_bonus_win_this_round): null

2019-08-24 13:06:47 - [TEST_STEP][PASSED] - M4_spin_bonus_spin_result = spin_result: null

2019-08-24 13:06:47 - [TEST_STEP][PASSED] - M4_spin_bonus_spin_result = M4_spin_bonus_spin_result: null

2019-08-24 13:06:47 - [MESSAGE][PASSED] - Verify response successfully

2019-08-24 13:06:47 - [MESSAGE][PASSED] - Send request and verify the response successfully

2019-08-24 13:06:47 - [TEST_STEP][PASSED] - if (M4_total_bonus_spins_int != 0 &amp;&amp; M4_spin_reels_symbols[2].contains("WILD_Expanding")): null

2019-08-24 13:06:47 - [TEST_STEP][PASSED] - free_spin_reel_counter = free_spin_reel_counter: null

2019-08-24 13:06:47 - [TEST_STEP][PASSED] - M4_spin_reels_symbols = M4_spin_reels_symbols: null

2019-08-24 13:06:47 - [TEST_STEP][PASSED] - M4_total_bonus_spins = M4_total_bonus_spins: null

2019-08-24 13:06:47 - [TEST_STEP][PASSED] - spin_result = sendRequestAndVerify(findTestObject("INT/RGS(M4)/1_M4_spin", ["M4_login_user_id":M4_login_user_id, "rgs_session_token":rgs_session_token, "partner":Partner])): Send request and verify the response successfully

2019-08-24 13:06:48 - [MESSAGE][INFO] - HAR: /Users/eiralee/Katalon_Script/SuperWild/Reports/20190824_125957/INT/superWild_5/20190824_125957/requests/main/123.har

2019-08-24 13:06:48 - [TEST_CASE][PASSED] - Start Test Case : Verification: Verification accomplished successfully

2019-08-24 13:06:48 - [TEST_STEP][PASSED] - request = getInstance().getCurrentRequest(): null

2019-08-24 13:06:48 - [TEST_STEP][PASSED] - response = getInstance().getCurrentResponse(): null

2019-08-24 13:06:48 - [TEST_STEP][PASSED] - verifyResponseStatusCode(response, 200): Verify response status code successfully

2019-08-24 13:06:48 - [MESSAGE][PASSED] - Verify response status code successfully

2019-08-24 13:06:48 - [TEST_STEP][PASSED] - getStatusCode()).isEqualTo(200): null

2019-08-24 13:06:48 - [TEST_STEP][PASSED] - newline = System.getProperty("line.separator"): null

2019-08-24 13:06:48 - [TEST_STEP][PASSED] - M4_spin = new groovy.json.JsonSlurper(): null

2019-08-24 13:06:48 - [TEST_STEP][PASSED] - result_M4_spin = M4_spin.parseText(response.getResponseBodyContent()): null

2019-08-24 13:06:48 - [TEST_STEP][PASSED] - M4_spin_current_balance = current_balance: null

2019-08-24 13:06:48 - [TEST_STEP][PASSED] - M4_spin_current_balance = M4_spin_current_balance: null

2019-08-24 13:06:48 - [TEST_STEP][PASSED] - M4_spin_transaction_id = causality: null

2019-08-24 13:06:48 - [TEST_STEP][PASSED] - M4_spin_transaction_id = M4_spin_transaction_id: null

2019-08-24 13:06:48 - [TEST_STEP][PASSED] - M4_spin_round_id = round_id: null

2019-08-24 13:06:48 - [TEST_STEP][PASSED] - M4_spin_round_id = M4_spin_round_id: null

2019-08-24 13:06:48 - [TEST_STEP][PASSED] - M4_spin_line_wins = line_wins: null

2019-08-24 13:06:48 - [TEST_STEP][PASSED] - M4_spin_line_wins = M4_spin_line_wins: null

2019-08-24 13:06:48 - [TEST_STEP][PASSED] - M4_total_bonus_spins_int = total_bonus_spins: null

2019-08-24 13:06:48 - [TEST_STEP][PASSED] - println("******M4_total_bonus_spins type is:*******" + newline + getClass().getName()): null

2019-08-24 13:06:48 - [TEST_STEP][PASSED] - M4_total_bonus_spins_int = M4_total_bonus_spins_int: null

2019-08-24 13:06:48 - [TEST_STEP][PASSED] - M4_total_bonus_spins = Integer.toString(M4_total_bonus_spins_int): null

2019-08-24 13:06:48 - [TEST_STEP][PASSED] - M4_total_bonus_spins = M4_total_bonus_spins: null

2019-08-24 13:06:48 - [TEST_STEP][PASSED] - println("M4_total_bonus_spins is:" + M4_total_bonus_spins): null

2019-08-24 13:06:48 - [TEST_STEP][PASSED] - M4_spin_bonus_data = bonus_data: null

2019-08-24 13:06:48 - [TEST_STEP][PASSED] - M4_spin_features_triggered = result_M4_spin: null

2019-08-24 13:06:48 - [TEST_STEP][PASSED] - wild = []: null

2019-08-24 13:06:48 - [TEST_STEP][PASSED] - wild[0] = "WILD_Expanding": null

2019-08-24 13:06:48 - [TEST_STEP][PASSED] - wild[1] = "WILD_Normal": null

2019-08-24 13:06:48 - [TEST_STEP][PASSED] - wild[2] = "WILD_Double": null

2019-08-24 13:06:48 - [TEST_STEP][PASSED] - wild[3] = "WILD_ExtraFG": null

2019-08-24 13:06:48 - [TEST_STEP][PASSED] - wild[4] = "WILD_Triple": null

2019-08-24 13:06:48 - [TEST_STEP][PASSED] - wildList = Arrays.asList(wild): null

2019-08-24 13:06:48 - [TEST_STEP][PASSED] - wildList = wildList: null

2019-08-24 13:06:48 - [TEST_STEP][PASSED] - free_spin_reel_counter = []: null

2019-08-24 13:06:48 - [TEST_STEP][PASSED] - free_spin_reel_counter[0] = 0: null

2019-08-24 13:06:48 - [TEST_STEP][PASSED] - free_spin_reel_counter[1] = 0: null

2019-08-24 13:06:48 - [TEST_STEP][PASSED] - free_spin_reel_counter[2] = 0: null

2019-08-24 13:06:48 - [TEST_STEP][PASSED] - M4_spin_reels = reels: null

2019-08-24 13:06:48 - [TEST_STEP][PASSED] - for ([i = 0, i &lt; M4_spin_reels.size(), (i++)]): null

2019-08-24 13:06:48 - [TEST_STEP][PASSED] - symbols = symbols: null

2019-08-24 13:06:48 - [TEST_STEP][PASSED] - for ([j = 0, j &lt; symbols.size(), (j++)]): null

2019-08-24 13:06:48 - [TEST_STEP][PASSED] - symbol = symbol: null

2019-08-24 13:06:48 - [TEST_STEP][PASSED] - println(symbol): null

2019-08-24 13:06:48 - [TEST_STEP][PASSED] - if (i == 2 &amp;&amp; wildList.indexOf(symbol) != -1): null

2019-08-24 13:06:48 - [TEST_STEP][PASSED] - if (i == 3 &amp;&amp; wildList.indexOf(symbol) != -1): null

2019-08-24 13:06:48 - [TEST_STEP][PASSED] - if (i == 4 &amp;&amp; wildList.indexOf(symbol) != -1): null

2019-08-24 13:06:48 - [TEST_STEP][PASSED] - symbol = symbol: null

2019-08-24 13:06:48 - [TEST_STEP][PASSED] - println(symbol): null

2019-08-24 13:06:48 - [TEST_STEP][PASSED] - if (i == 2 &amp;&amp; wildList.indexOf(symbol) != -1): null

2019-08-24 13:06:48 - [TEST_STEP][PASSED] - if (i == 3 &amp;&amp; wildList.indexOf(symbol) != -1): null

2019-08-24 13:06:48 - [TEST_STEP][PASSED] - if (i == 4 &amp;&amp; wildList.indexOf(symbol) != -1): null

2019-08-24 13:06:48 - [TEST_STEP][PASSED] - symbol = symbol: null

2019-08-24 13:06:48 - [TEST_STEP][PASSED] - println(symbol): null

2019-08-24 13:06:48 - [TEST_STEP][PASSED] - if (i == 2 &amp;&amp; wildList.indexOf(symbol) != -1): null

2019-08-24 13:06:48 - [TEST_STEP][PASSED] - if (i == 3 &amp;&amp; wildList.indexOf(symbol) != -1): null

2019-08-24 13:06:48 - [TEST_STEP][PASSED] - if (i == 4 &amp;&amp; wildList.indexOf(symbol) != -1): null

2019-08-24 13:06:48 - [TEST_STEP][PASSED] - symbols = symbols: null

2019-08-24 13:06:48 - [TEST_STEP][PASSED] - for ([j = 0, j &lt; symbols.size(), (j++)]): null

2019-08-24 13:06:48 - [TEST_STEP][PASSED] - symbol = symbol: null

2019-08-24 13:06:48 - [TEST_STEP][PASSED] - println(symbol): null

2019-08-24 13:06:48 - [TEST_STEP][PASSED] - if (i == 2 &amp;&amp; wildList.indexOf(symbol) != -1): null

2019-08-24 13:06:48 - [TEST_STEP][PASSED] - if (i == 3 &amp;&amp; wildList.indexOf(symbol) != -1): null

2019-08-24 13:06:48 - [TEST_STEP][PASSED] - if (i == 4 &amp;&amp; wildList.indexOf(symbol) != -1): null

2019-08-24 13:06:48 - [TEST_STEP][PASSED] - symbol = symbol: null

2019-08-24 13:06:48 - [TEST_STEP][PASSED] - println(symbol): null

2019-08-24 13:06:48 - [TEST_STEP][PASSED] - if (i == 2 &amp;&amp; wildList.indexOf(symbol) != -1): null

2019-08-24 13:06:48 - [TEST_STEP][PASSED] - if (i == 3 &amp;&amp; wildList.indexOf(symbol) != -1): null

2019-08-24 13:06:48 - [TEST_STEP][PASSED] - if (i == 4 &amp;&amp; wildList.indexOf(symbol) != -1): null

2019-08-24 13:06:48 - [TEST_STEP][PASSED] - symbol = symbol: null

2019-08-24 13:06:48 - [TEST_STEP][PASSED] - println(symbol): null

2019-08-24 13:06:48 - [TEST_STEP][PASSED] - if (i == 2 &amp;&amp; wildList.indexOf(symbol) != -1): null

2019-08-24 13:06:48 - [TEST_STEP][PASSED] - if (i == 3 &amp;&amp; wildList.indexOf(symbol) != -1): null

2019-08-24 13:06:48 - [TEST_STEP][PASSED] - if (i == 4 &amp;&amp; wildList.indexOf(symbol) != -1): null

2019-08-24 13:06:48 - [TEST_STEP][PASSED] - symbols = symbols: null

2019-08-24 13:06:48 - [TEST_STEP][PASSED] - for ([j = 0, j &lt; symbols.size(), (j++)]): null

2019-08-24 13:06:48 - [TEST_STEP][PASSED] - symbol = symbol: null

2019-08-24 13:06:48 - [TEST_STEP][PASSED] - println(symbol): null

2019-08-24 13:06:48 - [TEST_STEP][PASSED] - if (i == 2 &amp;&amp; wildList.indexOf(symbol) != -1): null

2019-08-24 13:06:48 - [TEST_STEP][PASSED] - if (i == 3 &amp;&amp; wildList.indexOf(symbol) != -1): null

2019-08-24 13:06:48 - [TEST_STEP][PASSED] - if (i == 4 &amp;&amp; wildList.indexOf(symbol) != -1): null

2019-08-24 13:06:48 - [TEST_STEP][PASSED] - symbol = symbol: null

2019-08-24 13:06:48 - [TEST_STEP][PASSED] - println(symbol): null

2019-08-24 13:06:48 - [TEST_STEP][PASSED] - if (i == 2 &amp;&amp; wildList.indexOf(symbol) != -1): null

2019-08-24 13:06:48 - [TEST_STEP][PASSED] - if (i == 3 &amp;&amp; wildList.indexOf(symbol) != -1): null

2019-08-24 13:06:48 - [TEST_STEP][PASSED] - if (i == 4 &amp;&amp; wildList.indexOf(symbol) != -1): null

2019-08-24 13:06:48 - [TEST_STEP][PASSED] - symbol = symbol: null

2019-08-24 13:06:48 - [TEST_STEP][PASSED] - println(symbol): null

2019-08-24 13:06:48 - [TEST_STEP][PASSED] - if (i == 2 &amp;&amp; wildList.indexOf(symbol) != -1): null

2019-08-24 13:06:48 - [TEST_STEP][PASSED] - if (i == 3 &amp;&amp; wildList.indexOf(symbol) != -1): null

2019-08-24 13:06:48 - [TEST_STEP][PASSED] - if (i == 4 &amp;&amp; wildList.indexOf(symbol) != -1): null

2019-08-24 13:06:48 - [TEST_STEP][PASSED] - symbols = symbols: null

2019-08-24 13:06:48 - [TEST_STEP][PASSED] - for ([j = 0, j &lt; symbols.size(), (j++)]): null

2019-08-24 13:06:48 - [TEST_STEP][PASSED] - symbol = symbol: null

2019-08-24 13:06:48 - [TEST_STEP][PASSED] - println(symbol): null

2019-08-24 13:06:48 - [TEST_STEP][PASSED] - if (i == 2 &amp;&amp; wildList.indexOf(symbol) != -1): null

2019-08-24 13:06:48 - [TEST_STEP][PASSED] - if (i == 3 &amp;&amp; wildList.indexOf(symbol) != -1): null

2019-08-24 13:06:48 - [TEST_STEP][PASSED] - if (i == 4 &amp;&amp; wildList.indexOf(symbol) != -1): null

2019-08-24 13:06:48 - [TEST_STEP][PASSED] - symbol = symbol: null

2019-08-24 13:06:48 - [TEST_STEP][PASSED] - println(symbol): null

2019-08-24 13:06:48 - [TEST_STEP][PASSED] - if (i == 2 &amp;&amp; wildList.indexOf(symbol) != -1): null

2019-08-24 13:06:48 - [TEST_STEP][PASSED] - if (i == 3 &amp;&amp; wildList.indexOf(symbol) != -1): null

2019-08-24 13:06:48 - [TEST_STEP][PASSED] - if (i == 4 &amp;&amp; wildList.indexOf(symbol) != -1): null

2019-08-24 13:06:48 - [TEST_STEP][PASSED] - symbol = symbol: null

2019-08-24 13:06:48 - [TEST_STEP][PASSED] - println(symbol): null

2019-08-24 13:06:48 - [TEST_STEP][PASSED] - if (i == 2 &amp;&amp; wildList.indexOf(symbol) != -1): null

2019-08-24 13:06:48 - [TEST_STEP][PASSED] - if (i == 3 &amp;&amp; wildList.indexOf(symbol) != -1): null

2019-08-24 13:06:48 - [TEST_STEP][PASSED] - if (i == 4 &amp;&amp; wildList.indexOf(symbol) != -1): null

2019-08-24 13:06:48 - [TEST_STEP][PASSED] - symbols = symbols: null

2019-08-24 13:06:48 - [TEST_STEP][PASSED] - for ([j = 0, j &lt; symbols.size(), (j++)]): null

2019-08-24 13:06:48 - [TEST_STEP][PASSED] - symbol = symbol: null

2019-08-24 13:06:48 - [TEST_STEP][PASSED] - println(symbol): null

2019-08-24 13:06:48 - [TEST_STEP][PASSED] - if (i == 2 &amp;&amp; wildList.indexOf(symbol) != -1): null

2019-08-24 13:06:48 - [TEST_STEP][PASSED] - if (i == 3 &amp;&amp; wildList.indexOf(symbol) != -1): null

2019-08-24 13:06:48 - [TEST_STEP][PASSED] - if (i == 4 &amp;&amp; wildList.indexOf(symbol) != -1): null

2019-08-24 13:06:48 - [TEST_STEP][PASSED] - symbol = symbol: null

2019-08-24 13:06:48 - [TEST_STEP][PASSED] - println(symbol): null

2019-08-24 13:06:48 - [TEST_STEP][PASSED] - if (i == 2 &amp;&amp; wildList.indexOf(symbol) != -1): null

2019-08-24 13:06:48 - [TEST_STEP][PASSED] - if (i == 3 &amp;&amp; wildList.indexOf(symbol) != -1): null

2019-08-24 13:06:48 - [TEST_STEP][PASSED] - if (i == 4 &amp;&amp; wildList.indexOf(symbol) != -1): null

2019-08-24 13:06:48 - [TEST_STEP][PASSED] - symbol = symbol: null

2019-08-24 13:06:48 - [TEST_STEP][PASSED] - println(symbol): null

2019-08-24 13:06:48 - [TEST_STEP][PASSED] - if (i == 2 &amp;&amp; wildList.indexOf(symbol) != -1): null

2019-08-24 13:06:48 - [TEST_STEP][PASSED] - if (i == 3 &amp;&amp; wildList.indexOf(symbol) != -1): null

2019-08-24 13:06:48 - [TEST_STEP][PASSED] - if (i == 4 &amp;&amp; wildList.indexOf(symbol) != -1): null

2019-08-24 13:06:48 - [TEST_STEP][PASSED] - free_spin_reel_counter = free_spin_reel_counter: null

2019-08-24 13:06:48 - [TEST_STEP][PASSED] - println("reel 3 wild found: " + free_spin_reel_counter[0]): null

2019-08-24 13:06:48 - [TEST_STEP][PASSED] - println("reel 4 wild found: " + free_spin_reel_counter[1]): null

2019-08-24 13:06:48 - [TEST_STEP][PASSED] - println("reel 5 wild found: " + free_spin_reel_counter[2]): null

2019-08-24 13:06:48 - [TEST_STEP][PASSED] - M4_spin_reels = M4_spin_reels: null

2019-08-24 13:06:48 - [TEST_STEP][PASSED] - M4_spin_reels_symbols = symbol: null

2019-08-24 13:06:48 - [TEST_STEP][PASSED] - M4_spin_reels_symbols = M4_spin_reels_symbols: null

2019-08-24 13:06:48 - [TEST_STEP][PASSED] - M4_spin_reel_wins = reel_wins: null

2019-08-24 13:06:48 - [TEST_STEP][PASSED] - M4_spin_reel_wins = M4_spin_reel_wins: null

2019-08-24 13:06:48 - [TEST_STEP][PASSED] - println("GlobalVariable.M4_spin_reel_wins is: " + M4_spin_reel_wins): null

2019-08-24 13:06:48 - [TEST_STEP][PASSED] - M4_spin_total_bonus_win_this_round = total_bonus_win_this_round: null

2019-08-24 13:06:48 - [TEST_STEP][PASSED] - M4_spin_total_bonus_win_this_round = M4_spin_total_bonus_win_this_round: null

2019-08-24 13:06:48 - [TEST_STEP][PASSED] - println("GlobalVariable.M4_spin_total_bonus_win_this_round is: " + M4_spin_total_bonus_win_this_round): null

2019-08-24 13:06:48 - [TEST_STEP][PASSED] - M4_spin_bonus_spin_result = spin_result: null

2019-08-24 13:06:48 - [TEST_STEP][PASSED] - M4_spin_bonus_spin_result = M4_spin_bonus_spin_result: null

2019-08-24 13:06:48 - [MESSAGE][PASSED] - Verify response successfully

2019-08-24 13:06:48 - [MESSAGE][PASSED] - Send request and verify the response successfully

2019-08-24 13:06:48 - [TEST_STEP][PASSED] - if (M4_total_bonus_spins_int != 0 &amp;&amp; M4_spin_reels_symbols[2].contains("WILD_Expanding")): null

2019-08-24 13:06:48 - [TEST_STEP][PASSED] - free_spin_reel_counter = free_spin_reel_counter: null

2019-08-24 13:06:48 - [TEST_STEP][PASSED] - M4_spin_reels_symbols = M4_spin_reels_symbols: null

2019-08-24 13:06:48 - [TEST_STEP][PASSED] - M4_total_bonus_spins = M4_total_bonus_spins: null

2019-08-24 13:06:48 - [TEST_STEP][PASSED] - spin_result = sendRequestAndVerify(findTestObject("INT/RGS(M4)/1_M4_spin", ["M4_login_user_id":M4_login_user_id, "rgs_session_token":rgs_session_token, "partner":Partner])): Send request and verify the response successfully

2019-08-24 13:06:48 - [MESSAGE][INFO] - HAR: /Users/eiralee/Katalon_Script/SuperWild/Reports/20190824_125957/INT/superWild_5/20190824_125957/requests/main/124.har

2019-08-24 13:06:48 - [TEST_CASE][PASSED] - Start Test Case : Verification: Verification accomplished successfully

2019-08-24 13:06:48 - [TEST_STEP][PASSED] - request = getInstance().getCurrentRequest(): null

2019-08-24 13:06:48 - [TEST_STEP][PASSED] - response = getInstance().getCurrentResponse(): null

2019-08-24 13:06:48 - [TEST_STEP][PASSED] - verifyResponseStatusCode(response, 200): Verify response status code successfully

2019-08-24 13:06:48 - [MESSAGE][PASSED] - Verify response status code successfully

2019-08-24 13:06:48 - [TEST_STEP][PASSED] - getStatusCode()).isEqualTo(200): null

2019-08-24 13:06:48 - [TEST_STEP][PASSED] - newline = System.getProperty("line.separator"): null

2019-08-24 13:06:48 - [TEST_STEP][PASSED] - M4_spin = new groovy.json.JsonSlurper(): null

2019-08-24 13:06:48 - [TEST_STEP][PASSED] - result_M4_spin = M4_spin.parseText(response.getResponseBodyContent()): null

2019-08-24 13:06:48 - [TEST_STEP][PASSED] - M4_spin_current_balance = current_balance: null

2019-08-24 13:06:48 - [TEST_STEP][PASSED] - M4_spin_current_balance = M4_spin_current_balance: null

2019-08-24 13:06:48 - [TEST_STEP][PASSED] - M4_spin_transaction_id = causality: null

2019-08-24 13:06:48 - [TEST_STEP][PASSED] - M4_spin_transaction_id = M4_spin_transaction_id: null

2019-08-24 13:06:48 - [TEST_STEP][PASSED] - M4_spin_round_id = round_id: null

2019-08-24 13:06:48 - [TEST_STEP][PASSED] - M4_spin_round_id = M4_spin_round_id: null

2019-08-24 13:06:48 - [TEST_STEP][PASSED] - M4_spin_line_wins = line_wins: null

2019-08-24 13:06:48 - [TEST_STEP][PASSED] - M4_spin_line_wins = M4_spin_line_wins: null

2019-08-24 13:06:48 - [TEST_STEP][PASSED] - M4_total_bonus_spins_int = total_bonus_spins: null

2019-08-24 13:06:48 - [TEST_STEP][PASSED] - println("******M4_total_bonus_spins type is:*******" + newline + getClass().getName()): null

2019-08-24 13:06:48 - [TEST_STEP][PASSED] - M4_total_bonus_spins_int = M4_total_bonus_spins_int: null

2019-08-24 13:06:48 - [TEST_STEP][PASSED] - M4_total_bonus_spins = Integer.toString(M4_total_bonus_spins_int): null

2019-08-24 13:06:48 - [TEST_STEP][PASSED] - M4_total_bonus_spins = M4_total_bonus_spins: null

2019-08-24 13:06:48 - [TEST_STEP][PASSED] - println("M4_total_bonus_spins is:" + M4_total_bonus_spins): null

2019-08-24 13:06:48 - [TEST_STEP][PASSED] - M4_spin_bonus_data = bonus_data: null

2019-08-24 13:06:48 - [TEST_STEP][PASSED] - M4_spin_features_triggered = result_M4_spin: null

2019-08-24 13:06:48 - [TEST_STEP][PASSED] - wild = []: null

2019-08-24 13:06:48 - [TEST_STEP][PASSED] - wild[0] = "WILD_Expanding": null

2019-08-24 13:06:48 - [TEST_STEP][PASSED] - wild[1] = "WILD_Normal": null

2019-08-24 13:06:48 - [TEST_STEP][PASSED] - wild[2] = "WILD_Double": null

2019-08-24 13:06:48 - [TEST_STEP][PASSED] - wild[3] = "WILD_ExtraFG": null

2019-08-24 13:06:48 - [TEST_STEP][PASSED] - wild[4] = "WILD_Triple": null

2019-08-24 13:06:48 - [TEST_STEP][PASSED] - wildList = Arrays.asList(wild): null

2019-08-24 13:06:48 - [TEST_STEP][PASSED] - wildList = wildList: null

2019-08-24 13:06:48 - [TEST_STEP][PASSED] - free_spin_reel_counter = []: null

2019-08-24 13:06:48 - [TEST_STEP][PASSED] - free_spin_reel_counter[0] = 0: null

2019-08-24 13:06:48 - [TEST_STEP][PASSED] - free_spin_reel_counter[1] = 0: null

2019-08-24 13:06:48 - [TEST_STEP][PASSED] - free_spin_reel_counter[2] = 0: null

2019-08-24 13:06:48 - [TEST_STEP][PASSED] - M4_spin_reels = reels: null

2019-08-24 13:06:48 - [TEST_STEP][PASSED] - for ([i = 0, i &lt; M4_spin_reels.size(), (i++)]): null

2019-08-24 13:06:48 - [TEST_STEP][PASSED] - symbols = symbols: null

2019-08-24 13:06:48 - [TEST_STEP][PASSED] - for ([j = 0, j &lt; symbols.size(), (j++)]): null

2019-08-24 13:06:48 - [TEST_STEP][PASSED] - symbol = symbol: null

2019-08-24 13:06:48 - [TEST_STEP][PASSED] - println(symbol): null

2019-08-24 13:06:48 - [TEST_STEP][PASSED] - if (i == 2 &amp;&amp; wildList.indexOf(symbol) != -1): null

2019-08-24 13:06:48 - [TEST_STEP][PASSED] - if (i == 3 &amp;&amp; wildList.indexOf(symbol) != -1): null

2019-08-24 13:06:48 - [TEST_STEP][PASSED] - if (i == 4 &amp;&amp; wildList.indexOf(symbol) != -1): null

2019-08-24 13:06:48 - [TEST_STEP][PASSED] - symbol = symbol: null

2019-08-24 13:06:48 - [TEST_STEP][PASSED] - println(symbol): null

2019-08-24 13:06:48 - [TEST_STEP][PASSED] - if (i == 2 &amp;&amp; wildList.indexOf(symbol) != -1): null

2019-08-24 13:06:48 - [TEST_STEP][PASSED] - if (i == 3 &amp;&amp; wildList.indexOf(symbol) != -1): null

2019-08-24 13:06:48 - [TEST_STEP][PASSED] - if (i == 4 &amp;&amp; wildList.indexOf(symbol) != -1): null

2019-08-24 13:06:48 - [TEST_STEP][PASSED] - symbol = symbol: null

2019-08-24 13:06:48 - [TEST_STEP][PASSED] - println(symbol): null

2019-08-24 13:06:48 - [TEST_STEP][PASSED] - if (i == 2 &amp;&amp; wildList.indexOf(symbol) != -1): null

2019-08-24 13:06:48 - [TEST_STEP][PASSED] - if (i == 3 &amp;&amp; wildList.indexOf(symbol) != -1): null

2019-08-24 13:06:48 - [TEST_STEP][PASSED] - if (i == 4 &amp;&amp; wildList.indexOf(symbol) != -1): null

2019-08-24 13:06:48 - [TEST_STEP][PASSED] - symbols = symbols: null

2019-08-24 13:06:48 - [TEST_STEP][PASSED] - for ([j = 0, j &lt; symbols.size(), (j++)]): null

2019-08-24 13:06:48 - [TEST_STEP][PASSED] - symbol = symbol: null

2019-08-24 13:06:48 - [TEST_STEP][PASSED] - println(symbol): null

2019-08-24 13:06:48 - [TEST_STEP][PASSED] - if (i == 2 &amp;&amp; wildList.indexOf(symbol) != -1): null

2019-08-24 13:06:48 - [TEST_STEP][PASSED] - if (i == 3 &amp;&amp; wildList.indexOf(symbol) != -1): null

2019-08-24 13:06:48 - [TEST_STEP][PASSED] - if (i == 4 &amp;&amp; wildList.indexOf(symbol) != -1): null

2019-08-24 13:06:48 - [TEST_STEP][PASSED] - symbol = symbol: null

2019-08-24 13:06:48 - [TEST_STEP][PASSED] - println(symbol): null

2019-08-24 13:06:48 - [TEST_STEP][PASSED] - if (i == 2 &amp;&amp; wildList.indexOf(symbol) != -1): null

2019-08-24 13:06:48 - [TEST_STEP][PASSED] - if (i == 3 &amp;&amp; wildList.indexOf(symbol) != -1): null

2019-08-24 13:06:48 - [TEST_STEP][PASSED] - if (i == 4 &amp;&amp; wildList.indexOf(symbol) != -1): null

2019-08-24 13:06:48 - [TEST_STEP][PASSED] - symbol = symbol: null

2019-08-24 13:06:48 - [TEST_STEP][PASSED] - println(symbol): null

2019-08-24 13:06:48 - [TEST_STEP][PASSED] - if (i == 2 &amp;&amp; wildList.indexOf(symbol) != -1): null

2019-08-24 13:06:48 - [TEST_STEP][PASSED] - if (i == 3 &amp;&amp; wildList.indexOf(symbol) != -1): null

2019-08-24 13:06:48 - [TEST_STEP][PASSED] - if (i == 4 &amp;&amp; wildList.indexOf(symbol) != -1): null

2019-08-24 13:06:48 - [TEST_STEP][PASSED] - symbols = symbols: null

2019-08-24 13:06:48 - [TEST_STEP][PASSED] - for ([j = 0, j &lt; symbols.size(), (j++)]): null

2019-08-24 13:06:48 - [TEST_STEP][PASSED] - symbol = symbol: null

2019-08-24 13:06:48 - [TEST_STEP][PASSED] - println(symbol): null

2019-08-24 13:06:48 - [TEST_STEP][PASSED] - if (i == 2 &amp;&amp; wildList.indexOf(symbol) != -1): null

2019-08-24 13:06:48 - [TEST_STEP][PASSED] - if (i == 3 &amp;&amp; wildList.indexOf(symbol) != -1): null

2019-08-24 13:06:48 - [TEST_STEP][PASSED] - if (i == 4 &amp;&amp; wildList.indexOf(symbol) != -1): null

2019-08-24 13:06:48 - [TEST_STEP][PASSED] - symbol = symbol: null

2019-08-24 13:06:48 - [TEST_STEP][PASSED] - println(symbol): null

2019-08-24 13:06:48 - [TEST_STEP][PASSED] - if (i == 2 &amp;&amp; wildList.indexOf(symbol) != -1): null

2019-08-24 13:06:48 - [TEST_STEP][PASSED] - if (i == 3 &amp;&amp; wildList.indexOf(symbol) != -1): null

2019-08-24 13:06:48 - [TEST_STEP][PASSED] - if (i == 4 &amp;&amp; wildList.indexOf(symbol) != -1): null

2019-08-24 13:06:48 - [TEST_STEP][PASSED] - symbol = symbol: null

2019-08-24 13:06:48 - [TEST_STEP][PASSED] - println(symbol): null

2019-08-24 13:06:48 - [TEST_STEP][PASSED] - if (i == 2 &amp;&amp; wildList.indexOf(symbol) != -1): null

2019-08-24 13:06:48 - [TEST_STEP][PASSED] - if (i == 3 &amp;&amp; wildList.indexOf(symbol) != -1): null

2019-08-24 13:06:48 - [TEST_STEP][PASSED] - if (i == 4 &amp;&amp; wildList.indexOf(symbol) != -1): null

2019-08-24 13:06:48 - [TEST_STEP][PASSED] - symbols = symbols: null

2019-08-24 13:06:48 - [TEST_STEP][PASSED] - for ([j = 0, j &lt; symbols.size(), (j++)]): null

2019-08-24 13:06:48 - [TEST_STEP][PASSED] - symbol = symbol: null

2019-08-24 13:06:48 - [TEST_STEP][PASSED] - println(symbol): null

2019-08-24 13:06:48 - [TEST_STEP][PASSED] - if (i == 2 &amp;&amp; wildList.indexOf(symbol) != -1): null

2019-08-24 13:06:48 - [TEST_STEP][PASSED] - if (i == 3 &amp;&amp; wildList.indexOf(symbol) != -1): null

2019-08-24 13:06:48 - [TEST_STEP][PASSED] - if (i == 4 &amp;&amp; wildList.indexOf(symbol) != -1): null

2019-08-24 13:06:48 - [TEST_STEP][PASSED] - symbol = symbol: null

2019-08-24 13:06:48 - [TEST_STEP][PASSED] - println(symbol): null

2019-08-24 13:06:48 - [TEST_STEP][PASSED] - if (i == 2 &amp;&amp; wildList.indexOf(symbol) != -1): null

2019-08-24 13:06:48 - [TEST_STEP][PASSED] - if (i == 3 &amp;&amp; wildList.indexOf(symbol) != -1): null

2019-08-24 13:06:48 - [TEST_STEP][PASSED] - if (i == 4 &amp;&amp; wildList.indexOf(symbol) != -1): null

2019-08-24 13:06:48 - [TEST_STEP][PASSED] - symbol = symbol: null

2019-08-24 13:06:48 - [TEST_STEP][PASSED] - println(symbol): null

2019-08-24 13:06:48 - [TEST_STEP][PASSED] - if (i == 2 &amp;&amp; wildList.indexOf(symbol) != -1): null

2019-08-24 13:06:48 - [TEST_STEP][PASSED] - if (i == 3 &amp;&amp; wildList.indexOf(symbol) != -1): null

2019-08-24 13:06:48 - [TEST_STEP][PASSED] - if (i == 4 &amp;&amp; wildList.indexOf(symbol) != -1): null

2019-08-24 13:06:48 - [TEST_STEP][PASSED] - symbols = symbols: null

2019-08-24 13:06:48 - [TEST_STEP][PASSED] - for ([j = 0, j &lt; symbols.size(), (j++)]): null

2019-08-24 13:06:48 - [TEST_STEP][PASSED] - symbol = symbol: null

2019-08-24 13:06:48 - [TEST_STEP][PASSED] - println(symbol): null

2019-08-24 13:06:48 - [TEST_STEP][PASSED] - if (i == 2 &amp;&amp; wildList.indexOf(symbol) != -1): null

2019-08-24 13:06:48 - [TEST_STEP][PASSED] - if (i == 3 &amp;&amp; wildList.indexOf(symbol) != -1): null

2019-08-24 13:06:48 - [TEST_STEP][PASSED] - if (i == 4 &amp;&amp; wildList.indexOf(symbol) != -1): null

2019-08-24 13:06:48 - [TEST_STEP][PASSED] - symbol = symbol: null

2019-08-24 13:06:48 - [TEST_STEP][PASSED] - println(symbol): null

2019-08-24 13:06:48 - [TEST_STEP][PASSED] - if (i == 2 &amp;&amp; wildList.indexOf(symbol) != -1): null

2019-08-24 13:06:48 - [TEST_STEP][PASSED] - if (i == 3 &amp;&amp; wildList.indexOf(symbol) != -1): null

2019-08-24 13:06:48 - [TEST_STEP][PASSED] - if (i == 4 &amp;&amp; wildList.indexOf(symbol) != -1): null

2019-08-24 13:06:48 - [TEST_STEP][PASSED] - symbol = symbol: null

2019-08-24 13:06:48 - [TEST_STEP][PASSED] - println(symbol): null

2019-08-24 13:06:48 - [TEST_STEP][PASSED] - if (i == 2 &amp;&amp; wildList.indexOf(symbol) != -1): null

2019-08-24 13:06:48 - [TEST_STEP][PASSED] - if (i == 3 &amp;&amp; wildList.indexOf(symbol) != -1): null

2019-08-24 13:06:48 - [TEST_STEP][PASSED] - if (i == 4 &amp;&amp; wildList.indexOf(symbol) != -1): null

2019-08-24 13:06:48 - [TEST_STEP][PASSED] - free_spin_reel_counter = free_spin_reel_counter: null

2019-08-24 13:06:48 - [TEST_STEP][PASSED] - println("reel 3 wild found: " + free_spin_reel_counter[0]): null

2019-08-24 13:06:48 - [TEST_STEP][PASSED] - println("reel 4 wild found: " + free_spin_reel_counter[1]): null

2019-08-24 13:06:48 - [TEST_STEP][PASSED] - println("reel 5 wild found: " + free_spin_reel_counter[2]): null

2019-08-24 13:06:48 - [TEST_STEP][PASSED] - M4_spin_reels = M4_spin_reels: null

2019-08-24 13:06:48 - [TEST_STEP][PASSED] - M4_spin_reels_symbols = symbol: null

2019-08-24 13:06:48 - [TEST_STEP][PASSED] - M4_spin_reels_symbols = M4_spin_reels_symbols: null

2019-08-24 13:06:48 - [TEST_STEP][PASSED] - M4_spin_reel_wins = reel_wins: null

2019-08-24 13:06:48 - [TEST_STEP][PASSED] - M4_spin_reel_wins = M4_spin_reel_wins: null

2019-08-24 13:06:48 - [TEST_STEP][PASSED] - println("GlobalVariable.M4_spin_reel_wins is: " + M4_spin_reel_wins): null

2019-08-24 13:06:48 - [TEST_STEP][PASSED] - M4_spin_total_bonus_win_this_round = total_bonus_win_this_round: null

2019-08-24 13:06:48 - [TEST_STEP][PASSED] - M4_spin_total_bonus_win_this_round = M4_spin_total_bonus_win_this_round: null

2019-08-24 13:06:48 - [TEST_STEP][PASSED] - println("GlobalVariable.M4_spin_total_bonus_win_this_round is: " + M4_spin_total_bonus_win_this_round): null

2019-08-24 13:06:48 - [TEST_STEP][PASSED] - M4_spin_bonus_spin_result = spin_result: null

2019-08-24 13:06:48 - [TEST_STEP][PASSED] - M4_spin_bonus_spin_result = M4_spin_bonus_spin_result: null

2019-08-24 13:06:48 - [MESSAGE][PASSED] - Verify response successfully

2019-08-24 13:06:48 - [MESSAGE][PASSED] - Send request and verify the response successfully

2019-08-24 13:06:48 - [TEST_STEP][PASSED] - if (M4_total_bonus_spins_int != 0 &amp;&amp; M4_spin_reels_symbols[2].contains("WILD_Expanding")): null

2019-08-24 13:06:48 - [TEST_STEP][PASSED] - free_spin_reel_counter = free_spin_reel_counter: null

2019-08-24 13:06:48 - [TEST_STEP][PASSED] - M4_spin_reels_symbols = M4_spin_reels_symbols: null

2019-08-24 13:06:48 - [TEST_STEP][PASSED] - M4_total_bonus_spins = M4_total_bonus_spins: null

2019-08-24 13:06:48 - [TEST_STEP][PASSED] - spin_result = sendRequestAndVerify(findTestObject("INT/RGS(M4)/1_M4_spin", ["M4_login_user_id":M4_login_user_id, "rgs_session_token":rgs_session_token, "partner":Partner])): Send request and verify the response successfully

2019-08-24 13:06:49 - [MESSAGE][INFO] - HAR: /Users/eiralee/Katalon_Script/SuperWild/Reports/20190824_125957/INT/superWild_5/20190824_125957/requests/main/125.har

2019-08-24 13:06:49 - [TEST_CASE][PASSED] - Start Test Case : Verification: Verification accomplished successfully

2019-08-24 13:06:49 - [TEST_STEP][PASSED] - request = getInstance().getCurrentRequest(): null

2019-08-24 13:06:49 - [TEST_STEP][PASSED] - response = getInstance().getCurrentResponse(): null

2019-08-24 13:06:49 - [TEST_STEP][PASSED] - verifyResponseStatusCode(response, 200): Verify response status code successfully

2019-08-24 13:06:49 - [MESSAGE][PASSED] - Verify response status code successfully

2019-08-24 13:06:49 - [TEST_STEP][PASSED] - getStatusCode()).isEqualTo(200): null

2019-08-24 13:06:49 - [TEST_STEP][PASSED] - newline = System.getProperty("line.separator"): null

2019-08-24 13:06:49 - [TEST_STEP][PASSED] - M4_spin = new groovy.json.JsonSlurper(): null

2019-08-24 13:06:53 - [TEST_STEP][PASSED] - result_M4_spin = M4_spin.parseText(response.getResponseBodyContent()): null

2019-08-24 13:06:53 - [TEST_STEP][PASSED] - M4_spin_current_balance = current_balance: null

2019-08-24 13:06:53 - [TEST_STEP][PASSED] - M4_spin_current_balance = M4_spin_current_balance: null

2019-08-24 13:06:53 - [TEST_STEP][PASSED] - M4_spin_transaction_id = causality: null

2019-08-24 13:06:53 - [TEST_STEP][PASSED] - M4_spin_transaction_id = M4_spin_transaction_id: null

2019-08-24 13:06:53 - [TEST_STEP][PASSED] - M4_spin_round_id = round_id: null

2019-08-24 13:06:53 - [TEST_STEP][PASSED] - M4_spin_round_id = M4_spin_round_id: null

2019-08-24 13:06:53 - [TEST_STEP][PASSED] - M4_spin_line_wins = line_wins: null

2019-08-24 13:06:53 - [TEST_STEP][PASSED] - M4_spin_line_wins = M4_spin_line_wins: null

2019-08-24 13:06:53 - [TEST_STEP][PASSED] - M4_total_bonus_spins_int = total_bonus_spins: null

2019-08-24 13:06:53 - [TEST_STEP][PASSED] - println("******M4_total_bonus_spins type is:*******" + newline + getClass().getName()): null

2019-08-24 13:06:53 - [TEST_STEP][PASSED] - M4_total_bonus_spins_int = M4_total_bonus_spins_int: null

2019-08-24 13:06:53 - [TEST_STEP][PASSED] - M4_total_bonus_spins = Integer.toString(M4_total_bonus_spins_int): null

2019-08-24 13:06:53 - [TEST_STEP][PASSED] - M4_total_bonus_spins = M4_total_bonus_spins: null

2019-08-24 13:06:53 - [TEST_STEP][PASSED] - println("M4_total_bonus_spins is:" + M4_total_bonus_spins): null

2019-08-24 13:06:53 - [TEST_STEP][PASSED] - M4_spin_bonus_data = bonus_data: null

2019-08-24 13:06:53 - [TEST_STEP][PASSED] - M4_spin_features_triggered = result_M4_spin: null

2019-08-24 13:06:53 - [TEST_STEP][PASSED] - wild = []: null

2019-08-24 13:06:53 - [TEST_STEP][PASSED] - wild[0] = "WILD_Expanding": null

2019-08-24 13:06:53 - [TEST_STEP][PASSED] - wild[1] = "WILD_Normal": null

2019-08-24 13:06:53 - [TEST_STEP][PASSED] - wild[2] = "WILD_Double": null

2019-08-24 13:06:53 - [TEST_STEP][PASSED] - wild[3] = "WILD_ExtraFG": null

2019-08-24 13:06:53 - [TEST_STEP][PASSED] - wild[4] = "WILD_Triple": null

2019-08-24 13:06:53 - [TEST_STEP][PASSED] - wildList = Arrays.asList(wild): null

2019-08-24 13:06:53 - [TEST_STEP][PASSED] - wildList = wildList: null

2019-08-24 13:06:53 - [TEST_STEP][PASSED] - free_spin_reel_counter = []: null

2019-08-24 13:06:53 - [TEST_STEP][PASSED] - free_spin_reel_counter[0] = 0: null

2019-08-24 13:06:53 - [TEST_STEP][PASSED] - free_spin_reel_counter[1] = 0: null

2019-08-24 13:06:53 - [TEST_STEP][PASSED] - free_spin_reel_counter[2] = 0: null

2019-08-24 13:06:53 - [TEST_STEP][PASSED] - M4_spin_reels = reels: null

2019-08-24 13:06:53 - [TEST_STEP][PASSED] - for ([i = 0, i &lt; M4_spin_reels.size(), (i++)]): null

2019-08-24 13:06:53 - [TEST_STEP][PASSED] - symbols = symbols: null

2019-08-24 13:06:53 - [TEST_STEP][PASSED] - for ([j = 0, j &lt; symbols.size(), (j++)]): null

2019-08-24 13:06:53 - [TEST_STEP][PASSED] - symbol = symbol: null

2019-08-24 13:06:53 - [TEST_STEP][PASSED] - println(symbol): null

2019-08-24 13:06:53 - [TEST_STEP][PASSED] - if (i == 2 &amp;&amp; wildList.indexOf(symbol) != -1): null

2019-08-24 13:06:53 - [TEST_STEP][PASSED] - if (i == 3 &amp;&amp; wildList.indexOf(symbol) != -1): null

2019-08-24 13:06:53 - [TEST_STEP][PASSED] - if (i == 4 &amp;&amp; wildList.indexOf(symbol) != -1): null

2019-08-24 13:06:53 - [TEST_STEP][PASSED] - symbol = symbol: null

2019-08-24 13:06:53 - [TEST_STEP][PASSED] - println(symbol): null

2019-08-24 13:06:53 - [TEST_STEP][PASSED] - if (i == 2 &amp;&amp; wildList.indexOf(symbol) != -1): null

2019-08-24 13:06:53 - [TEST_STEP][PASSED] - if (i == 3 &amp;&amp; wildList.indexOf(symbol) != -1): null

2019-08-24 13:06:53 - [TEST_STEP][PASSED] - if (i == 4 &amp;&amp; wildList.indexOf(symbol) != -1): null

2019-08-24 13:06:53 - [TEST_STEP][PASSED] - symbol = symbol: null

2019-08-24 13:06:53 - [TEST_STEP][PASSED] - println(symbol): null

2019-08-24 13:06:53 - [TEST_STEP][PASSED] - if (i == 2 &amp;&amp; wildList.indexOf(symbol) != -1): null

2019-08-24 13:06:53 - [TEST_STEP][PASSED] - if (i == 3 &amp;&amp; wildList.indexOf(symbol) != -1): null

2019-08-24 13:06:53 - [TEST_STEP][PASSED] - if (i == 4 &amp;&amp; wildList.indexOf(symbol) != -1): null

2019-08-24 13:06:53 - [TEST_STEP][PASSED] - symbols = symbols: null

2019-08-24 13:06:53 - [TEST_STEP][PASSED] - for ([j = 0, j &lt; symbols.size(), (j++)]): null

2019-08-24 13:06:53 - [TEST_STEP][PASSED] - symbol = symbol: null

2019-08-24 13:06:53 - [TEST_STEP][PASSED] - println(symbol): null

2019-08-24 13:06:53 - [TEST_STEP][PASSED] - if (i == 2 &amp;&amp; wildList.indexOf(symbol) != -1): null

2019-08-24 13:06:53 - [TEST_STEP][PASSED] - if (i == 3 &amp;&amp; wildList.indexOf(symbol) != -1): null

2019-08-24 13:06:53 - [TEST_STEP][PASSED] - if (i == 4 &amp;&amp; wildList.indexOf(symbol) != -1): null

2019-08-24 13:06:53 - [TEST_STEP][PASSED] - symbol = symbol: null

2019-08-24 13:06:53 - [TEST_STEP][PASSED] - println(symbol): null

2019-08-24 13:06:53 - [TEST_STEP][PASSED] - if (i == 2 &amp;&amp; wildList.indexOf(symbol) != -1): null

2019-08-24 13:06:53 - [TEST_STEP][PASSED] - if (i == 3 &amp;&amp; wildList.indexOf(symbol) != -1): null

2019-08-24 13:06:53 - [TEST_STEP][PASSED] - if (i == 4 &amp;&amp; wildList.indexOf(symbol) != -1): null

2019-08-24 13:06:53 - [TEST_STEP][PASSED] - symbol = symbol: null

2019-08-24 13:06:53 - [TEST_STEP][PASSED] - println(symbol): null

2019-08-24 13:06:53 - [TEST_STEP][PASSED] - if (i == 2 &amp;&amp; wildList.indexOf(symbol) != -1): null

2019-08-24 13:06:53 - [TEST_STEP][PASSED] - if (i == 3 &amp;&amp; wildList.indexOf(symbol) != -1): null

2019-08-24 13:06:53 - [TEST_STEP][PASSED] - if (i == 4 &amp;&amp; wildList.indexOf(symbol) != -1): null

2019-08-24 13:06:53 - [TEST_STEP][PASSED] - symbols = symbols: null

2019-08-24 13:06:53 - [TEST_STEP][PASSED] - for ([j = 0, j &lt; symbols.size(), (j++)]): null

2019-08-24 13:06:53 - [TEST_STEP][PASSED] - symbol = symbol: null

2019-08-24 13:06:53 - [TEST_STEP][PASSED] - println(symbol): null

2019-08-24 13:06:53 - [TEST_STEP][PASSED] - if (i == 2 &amp;&amp; wildList.indexOf(symbol) != -1): null

2019-08-24 13:06:53 - [TEST_STEP][PASSED] - println("wild found on reel 3, adding counter by 1"): null

2019-08-24 13:06:53 - [TEST_STEP][PASSED] - free_spin_reel_counter[0] = free_spin_reel_counter[0] + 1: null

2019-08-24 13:06:53 - [TEST_STEP][PASSED] - if (i == 3 &amp;&amp; wildList.indexOf(symbol) != -1): null

2019-08-24 13:06:53 - [TEST_STEP][PASSED] - if (i == 4 &amp;&amp; wildList.indexOf(symbol) != -1): null

2019-08-24 13:06:53 - [TEST_STEP][PASSED] - symbol = symbol: null

2019-08-24 13:06:53 - [TEST_STEP][PASSED] - println(symbol): null

2019-08-24 13:06:53 - [TEST_STEP][PASSED] - if (i == 2 &amp;&amp; wildList.indexOf(symbol) != -1): null

2019-08-24 13:06:53 - [TEST_STEP][PASSED] - if (i == 3 &amp;&amp; wildList.indexOf(symbol) != -1): null

2019-08-24 13:06:53 - [TEST_STEP][PASSED] - if (i == 4 &amp;&amp; wildList.indexOf(symbol) != -1): null

2019-08-24 13:06:53 - [TEST_STEP][PASSED] - symbol = symbol: null

2019-08-24 13:06:53 - [TEST_STEP][PASSED] - println(symbol): null

2019-08-24 13:06:53 - [TEST_STEP][PASSED] - if (i == 2 &amp;&amp; wildList.indexOf(symbol) != -1): null

2019-08-24 13:06:53 - [TEST_STEP][PASSED] - if (i == 3 &amp;&amp; wildList.indexOf(symbol) != -1): null

2019-08-24 13:06:53 - [TEST_STEP][PASSED] - if (i == 4 &amp;&amp; wildList.indexOf(symbol) != -1): null

2019-08-24 13:06:53 - [TEST_STEP][PASSED] - symbols = symbols: null

2019-08-24 13:06:53 - [TEST_STEP][PASSED] - for ([j = 0, j &lt; symbols.size(), (j++)]): null

2019-08-24 13:06:53 - [TEST_STEP][PASSED] - symbol = symbol: null

2019-08-24 13:06:53 - [TEST_STEP][PASSED] - println(symbol): null

2019-08-24 13:06:53 - [TEST_STEP][PASSED] - if (i == 2 &amp;&amp; wildList.indexOf(symbol) != -1): null

2019-08-24 13:06:53 - [TEST_STEP][PASSED] - if (i == 3 &amp;&amp; wildList.indexOf(symbol) != -1): null

2019-08-24 13:06:53 - [TEST_STEP][PASSED] - if (i == 4 &amp;&amp; wildList.indexOf(symbol) != -1): null

2019-08-24 13:06:53 - [TEST_STEP][PASSED] - symbol = symbol: null

2019-08-24 13:06:53 - [TEST_STEP][PASSED] - println(symbol): null

2019-08-24 13:06:53 - [TEST_STEP][PASSED] - if (i == 2 &amp;&amp; wildList.indexOf(symbol) != -1): null

2019-08-24 13:06:53 - [TEST_STEP][PASSED] - if (i == 3 &amp;&amp; wildList.indexOf(symbol) != -1): null

2019-08-24 13:06:53 - [TEST_STEP][PASSED] - if (i == 4 &amp;&amp; wildList.indexOf(symbol) != -1): null

2019-08-24 13:06:53 - [TEST_STEP][PASSED] - symbol = symbol: null

2019-08-24 13:06:53 - [TEST_STEP][PASSED] - println(symbol): null

2019-08-24 13:06:53 - [TEST_STEP][PASSED] - if (i == 2 &amp;&amp; wildList.indexOf(symbol) != -1): null

2019-08-24 13:06:53 - [TEST_STEP][PASSED] - if (i == 3 &amp;&amp; wildList.indexOf(symbol) != -1): null

2019-08-24 13:06:53 - [TEST_STEP][PASSED] - if (i == 4 &amp;&amp; wildList.indexOf(symbol) != -1): null

2019-08-24 13:06:53 - [TEST_STEP][PASSED] - symbols = symbols: null

2019-08-24 13:06:53 - [TEST_STEP][PASSED] - for ([j = 0, j &lt; symbols.size(), (j++)]): null

2019-08-24 13:06:53 - [TEST_STEP][PASSED] - symbol = symbol: null

2019-08-24 13:06:53 - [TEST_STEP][PASSED] - println(symbol): null

2019-08-24 13:06:53 - [TEST_STEP][PASSED] - if (i == 2 &amp;&amp; wildList.indexOf(symbol) != -1): null

2019-08-24 13:06:53 - [TEST_STEP][PASSED] - if (i == 3 &amp;&amp; wildList.indexOf(symbol) != -1): null

2019-08-24 13:06:53 - [TEST_STEP][PASSED] - if (i == 4 &amp;&amp; wildList.indexOf(symbol) != -1): null

2019-08-24 13:06:53 - [TEST_STEP][PASSED] - symbol = symbol: null

2019-08-24 13:06:53 - [TEST_STEP][PASSED] - println(symbol): null

2019-08-24 13:06:53 - [TEST_STEP][PASSED] - if (i == 2 &amp;&amp; wildList.indexOf(symbol) != -1): null

2019-08-24 13:06:53 - [TEST_STEP][PASSED] - if (i == 3 &amp;&amp; wildList.indexOf(symbol) != -1): null

2019-08-24 13:06:53 - [TEST_STEP][PASSED] - if (i == 4 &amp;&amp; wildList.indexOf(symbol) != -1): null

2019-08-24 13:06:53 - [TEST_STEP][PASSED] - println("wild found on reel 5, adding counter by 1"): null

2019-08-24 13:06:53 - [TEST_STEP][PASSED] - free_spin_reel_counter[2] = free_spin_reel_counter[2] + 1: null

2019-08-24 13:06:53 - [TEST_STEP][PASSED] - symbol = symbol: null

2019-08-24 13:06:53 - [TEST_STEP][PASSED] - println(symbol): null

2019-08-24 13:06:53 - [TEST_STEP][PASSED] - if (i == 2 &amp;&amp; wildList.indexOf(symbol) != -1): null

2019-08-24 13:06:53 - [TEST_STEP][PASSED] - if (i == 3 &amp;&amp; wildList.indexOf(symbol) != -1): null

2019-08-24 13:06:53 - [TEST_STEP][PASSED] - if (i == 4 &amp;&amp; wildList.indexOf(symbol) != -1): null

2019-08-24 13:06:53 - [TEST_STEP][PASSED] - free_spin_reel_counter = free_spin_reel_counter: null

2019-08-24 13:06:53 - [TEST_STEP][PASSED] - println("reel 3 wild found: " + free_spin_reel_counter[0]): null

2019-08-24 13:06:53 - [TEST_STEP][PASSED] - println("reel 4 wild found: " + free_spin_reel_counter[1]): null

2019-08-24 13:06:53 - [TEST_STEP][PASSED] - println("reel 5 wild found: " + free_spin_reel_counter[2]): null

2019-08-24 13:06:53 - [TEST_STEP][PASSED] - M4_spin_reels = M4_spin_reels: null

2019-08-24 13:06:53 - [TEST_STEP][PASSED] - M4_spin_reels_symbols = symbol: null

2019-08-24 13:06:53 - [TEST_STEP][PASSED] - M4_spin_reels_symbols = M4_spin_reels_symbols: null

2019-08-24 13:06:53 - [TEST_STEP][PASSED] - M4_spin_reel_wins = reel_wins: null

2019-08-24 13:06:53 - [TEST_STEP][PASSED] - M4_spin_reel_wins = M4_spin_reel_wins: null

2019-08-24 13:06:53 - [TEST_STEP][PASSED] - println("GlobalVariable.M4_spin_reel_wins is: " + M4_spin_reel_wins): null

2019-08-24 13:06:53 - [TEST_STEP][PASSED] - M4_spin_total_bonus_win_this_round = total_bonus_win_this_round: null

2019-08-24 13:06:53 - [TEST_STEP][PASSED] - M4_spin_total_bonus_win_this_round = M4_spin_total_bonus_win_this_round: null

2019-08-24 13:06:53 - [TEST_STEP][PASSED] - println("GlobalVariable.M4_spin_total_bonus_win_this_round is: " + M4_spin_total_bonus_win_this_round): null

2019-08-24 13:06:53 - [TEST_STEP][PASSED] - M4_spin_bonus_spin_result = spin_result: null

2019-08-24 13:06:53 - [TEST_STEP][PASSED] - M4_spin_bonus_spin_result = M4_spin_bonus_spin_result: null

2019-08-24 13:06:53 - [MESSAGE][PASSED] - Verify response successfully

2019-08-24 13:06:53 - [MESSAGE][PASSED] - Send request and verify the response successfully

2019-08-24 13:06:53 - [TEST_STEP][PASSED] - if (M4_total_bonus_spins_int != 0 &amp;&amp; M4_spin_reels_symbols[2].contains("WILD_Expanding")): null

2019-08-24 13:06:53 - [TEST_STEP][PASSED] - free_spin_reel_counter = free_spin_reel_counter: null

2019-08-24 13:06:53 - [TEST_STEP][PASSED] - M4_spin_reels_symbols = M4_spin_reels_symbols: null

2019-08-24 13:06:53 - [TEST_STEP][PASSED] - M4_total_bonus_spins = M4_total_bonus_spins: null

2019-08-24 13:06:53 - [TEST_STEP][PASSED] - spin_result = sendRequestAndVerify(findTestObject("INT/RGS(M4)/1_M4_spin", ["M4_login_user_id":M4_login_user_id, "rgs_session_token":rgs_session_token, "partner":Partner])): Send request and verify the response successfully

2019-08-24 13:06:53 - [MESSAGE][INFO] - HAR: /Users/eiralee/Katalon_Script/SuperWild/Reports/20190824_125957/INT/superWild_5/20190824_125957/requests/main/126.har

2019-08-24 13:06:53 - [TEST_CASE][PASSED] - Start Test Case : Verification: Verification accomplished successfully

2019-08-24 13:06:53 - [TEST_STEP][PASSED] - request = getInstance().getCurrentRequest(): null

2019-08-24 13:06:54 - [TEST_STEP][PASSED] - response = getInstance().getCurrentResponse(): null

2019-08-24 13:06:54 - [TEST_STEP][PASSED] - verifyResponseStatusCode(response, 200): Verify response status code successfully

2019-08-24 13:06:54 - [MESSAGE][PASSED] - Verify response status code successfully

2019-08-24 13:06:54 - [TEST_STEP][PASSED] - getStatusCode()).isEqualTo(200): null

2019-08-24 13:06:54 - [TEST_STEP][PASSED] - newline = System.getProperty("line.separator"): null

2019-08-24 13:06:54 - [TEST_STEP][PASSED] - M4_spin = new groovy.json.JsonSlurper(): null

2019-08-24 13:06:54 - [TEST_STEP][PASSED] - result_M4_spin = M4_spin.parseText(response.getResponseBodyContent()): null

2019-08-24 13:06:54 - [TEST_STEP][PASSED] - M4_spin_current_balance = current_balance: null

2019-08-24 13:06:54 - [TEST_STEP][PASSED] - M4_spin_current_balance = M4_spin_current_balance: null

2019-08-24 13:06:54 - [TEST_STEP][PASSED] - M4_spin_transaction_id = causality: null

2019-08-24 13:06:54 - [TEST_STEP][PASSED] - M4_spin_transaction_id = M4_spin_transaction_id: null

2019-08-24 13:06:54 - [TEST_STEP][PASSED] - M4_spin_round_id = round_id: null

2019-08-24 13:06:54 - [TEST_STEP][PASSED] - M4_spin_round_id = M4_spin_round_id: null

2019-08-24 13:06:54 - [TEST_STEP][PASSED] - M4_spin_line_wins = line_wins: null

2019-08-24 13:06:54 - [TEST_STEP][PASSED] - M4_spin_line_wins = M4_spin_line_wins: null

2019-08-24 13:06:54 - [TEST_STEP][PASSED] - M4_total_bonus_spins_int = total_bonus_spins: null

2019-08-24 13:06:54 - [TEST_STEP][PASSED] - println("******M4_total_bonus_spins type is:*******" + newline + getClass().getName()): null

2019-08-24 13:06:54 - [TEST_STEP][PASSED] - M4_total_bonus_spins_int = M4_total_bonus_spins_int: null

2019-08-24 13:06:54 - [TEST_STEP][PASSED] - M4_total_bonus_spins = Integer.toString(M4_total_bonus_spins_int): null

2019-08-24 13:06:54 - [TEST_STEP][PASSED] - M4_total_bonus_spins = M4_total_bonus_spins: null

2019-08-24 13:06:54 - [TEST_STEP][PASSED] - println("M4_total_bonus_spins is:" + M4_total_bonus_spins): null

2019-08-24 13:06:54 - [TEST_STEP][PASSED] - M4_spin_bonus_data = bonus_data: null

2019-08-24 13:06:54 - [TEST_STEP][PASSED] - M4_spin_features_triggered = result_M4_spin: null

2019-08-24 13:06:54 - [TEST_STEP][PASSED] - wild = []: null

2019-08-24 13:06:54 - [TEST_STEP][PASSED] - wild[0] = "WILD_Expanding": null

2019-08-24 13:06:54 - [TEST_STEP][PASSED] - wild[1] = "WILD_Normal": null

2019-08-24 13:06:54 - [TEST_STEP][PASSED] - wild[2] = "WILD_Double": null

2019-08-24 13:06:54 - [TEST_STEP][PASSED] - wild[3] = "WILD_ExtraFG": null

2019-08-24 13:06:54 - [TEST_STEP][PASSED] - wild[4] = "WILD_Triple": null

2019-08-24 13:06:54 - [TEST_STEP][PASSED] - wildList = Arrays.asList(wild): null

2019-08-24 13:06:54 - [TEST_STEP][PASSED] - wildList = wildList: null

2019-08-24 13:06:54 - [TEST_STEP][PASSED] - free_spin_reel_counter = []: null

2019-08-24 13:06:54 - [TEST_STEP][PASSED] - free_spin_reel_counter[0] = 0: null

2019-08-24 13:06:54 - [TEST_STEP][PASSED] - free_spin_reel_counter[1] = 0: null

2019-08-24 13:06:54 - [TEST_STEP][PASSED] - free_spin_reel_counter[2] = 0: null

2019-08-24 13:06:54 - [TEST_STEP][PASSED] - M4_spin_reels = reels: null

2019-08-24 13:06:54 - [TEST_STEP][PASSED] - for ([i = 0, i &lt; M4_spin_reels.size(), (i++)]): null

2019-08-24 13:06:54 - [TEST_STEP][PASSED] - symbols = symbols: null

2019-08-24 13:06:54 - [TEST_STEP][PASSED] - for ([j = 0, j &lt; symbols.size(), (j++)]): null

2019-08-24 13:06:54 - [TEST_STEP][PASSED] - symbol = symbol: null

2019-08-24 13:06:54 - [TEST_STEP][PASSED] - println(symbol): null

2019-08-24 13:06:54 - [TEST_STEP][PASSED] - if (i == 2 &amp;&amp; wildList.indexOf(symbol) != -1): null

2019-08-24 13:06:54 - [TEST_STEP][PASSED] - if (i == 3 &amp;&amp; wildList.indexOf(symbol) != -1): null

2019-08-24 13:06:54 - [TEST_STEP][PASSED] - if (i == 4 &amp;&amp; wildList.indexOf(symbol) != -1): null

2019-08-24 13:06:54 - [TEST_STEP][PASSED] - symbol = symbol: null

2019-08-24 13:06:54 - [TEST_STEP][PASSED] - println(symbol): null

2019-08-24 13:06:54 - [TEST_STEP][PASSED] - if (i == 2 &amp;&amp; wildList.indexOf(symbol) != -1): null

2019-08-24 13:06:54 - [TEST_STEP][PASSED] - if (i == 3 &amp;&amp; wildList.indexOf(symbol) != -1): null

2019-08-24 13:06:54 - [TEST_STEP][PASSED] - if (i == 4 &amp;&amp; wildList.indexOf(symbol) != -1): null

2019-08-24 13:06:54 - [TEST_STEP][PASSED] - symbol = symbol: null

2019-08-24 13:06:54 - [TEST_STEP][PASSED] - println(symbol): null

2019-08-24 13:06:54 - [TEST_STEP][PASSED] - if (i == 2 &amp;&amp; wildList.indexOf(symbol) != -1): null

2019-08-24 13:06:54 - [TEST_STEP][PASSED] - if (i == 3 &amp;&amp; wildList.indexOf(symbol) != -1): null

2019-08-24 13:06:54 - [TEST_STEP][PASSED] - if (i == 4 &amp;&amp; wildList.indexOf(symbol) != -1): null

2019-08-24 13:06:54 - [TEST_STEP][PASSED] - symbols = symbols: null

2019-08-24 13:06:54 - [TEST_STEP][PASSED] - for ([j = 0, j &lt; symbols.size(), (j++)]): null

2019-08-24 13:06:54 - [TEST_STEP][PASSED] - symbol = symbol: null

2019-08-24 13:06:54 - [TEST_STEP][PASSED] - println(symbol): null

2019-08-24 13:06:54 - [TEST_STEP][PASSED] - if (i == 2 &amp;&amp; wildList.indexOf(symbol) != -1): null

2019-08-24 13:06:54 - [TEST_STEP][PASSED] - if (i == 3 &amp;&amp; wildList.indexOf(symbol) != -1): null

2019-08-24 13:06:54 - [TEST_STEP][PASSED] - if (i == 4 &amp;&amp; wildList.indexOf(symbol) != -1): null

2019-08-24 13:06:54 - [TEST_STEP][PASSED] - symbol = symbol: null

2019-08-24 13:06:54 - [TEST_STEP][PASSED] - println(symbol): null

2019-08-24 13:06:54 - [TEST_STEP][PASSED] - if (i == 2 &amp;&amp; wildList.indexOf(symbol) != -1): null

2019-08-24 13:06:54 - [TEST_STEP][PASSED] - if (i == 3 &amp;&amp; wildList.indexOf(symbol) != -1): null

2019-08-24 13:06:54 - [TEST_STEP][PASSED] - if (i == 4 &amp;&amp; wildList.indexOf(symbol) != -1): null

2019-08-24 13:06:54 - [TEST_STEP][PASSED] - symbol = symbol: null

2019-08-24 13:06:54 - [TEST_STEP][PASSED] - println(symbol): null

2019-08-24 13:06:54 - [TEST_STEP][PASSED] - if (i == 2 &amp;&amp; wildList.indexOf(symbol) != -1): null

2019-08-24 13:06:54 - [TEST_STEP][PASSED] - if (i == 3 &amp;&amp; wildList.indexOf(symbol) != -1): null

2019-08-24 13:06:54 - [TEST_STEP][PASSED] - if (i == 4 &amp;&amp; wildList.indexOf(symbol) != -1): null

2019-08-24 13:06:54 - [TEST_STEP][PASSED] - symbols = symbols: null

2019-08-24 13:06:54 - [TEST_STEP][PASSED] - for ([j = 0, j &lt; symbols.size(), (j++)]): null

2019-08-24 13:06:54 - [TEST_STEP][PASSED] - symbol = symbol: null

2019-08-24 13:06:54 - [TEST_STEP][PASSED] - println(symbol): null

2019-08-24 13:06:54 - [TEST_STEP][PASSED] - if (i == 2 &amp;&amp; wildList.indexOf(symbol) != -1): null

2019-08-24 13:06:54 - [TEST_STEP][PASSED] - if (i == 3 &amp;&amp; wildList.indexOf(symbol) != -1): null

2019-08-24 13:06:54 - [TEST_STEP][PASSED] - if (i == 4 &amp;&amp; wildList.indexOf(symbol) != -1): null

2019-08-24 13:06:54 - [TEST_STEP][PASSED] - symbol = symbol: null

2019-08-24 13:06:54 - [TEST_STEP][PASSED] - println(symbol): null

2019-08-24 13:06:54 - [TEST_STEP][PASSED] - if (i == 2 &amp;&amp; wildList.indexOf(symbol) != -1): null

2019-08-24 13:06:54 - [TEST_STEP][PASSED] - if (i == 3 &amp;&amp; wildList.indexOf(symbol) != -1): null

2019-08-24 13:06:54 - [TEST_STEP][PASSED] - if (i == 4 &amp;&amp; wildList.indexOf(symbol) != -1): null

2019-08-24 13:06:54 - [TEST_STEP][PASSED] - symbol = symbol: null

2019-08-24 13:06:54 - [TEST_STEP][PASSED] - println(symbol): null

2019-08-24 13:06:54 - [TEST_STEP][PASSED] - if (i == 2 &amp;&amp; wildList.indexOf(symbol) != -1): null

2019-08-24 13:06:54 - [TEST_STEP][PASSED] - println("wild found on reel 3, adding counter by 1"): null

2019-08-24 13:06:54 - [TEST_STEP][PASSED] - free_spin_reel_counter[0] = free_spin_reel_counter[0] + 1: null

2019-08-24 13:06:54 - [TEST_STEP][PASSED] - if (i == 3 &amp;&amp; wildList.indexOf(symbol) != -1): null

2019-08-24 13:06:54 - [TEST_STEP][PASSED] - if (i == 4 &amp;&amp; wildList.indexOf(symbol) != -1): null

2019-08-24 13:06:54 - [TEST_STEP][PASSED] - symbols = symbols: null

2019-08-24 13:06:54 - [TEST_STEP][PASSED] - for ([j = 0, j &lt; symbols.size(), (j++)]): null

2019-08-24 13:06:54 - [TEST_STEP][PASSED] - symbol = symbol: null

2019-08-24 13:06:54 - [TEST_STEP][PASSED] - println(symbol): null

2019-08-24 13:06:54 - [TEST_STEP][PASSED] - if (i == 2 &amp;&amp; wildList.indexOf(symbol) != -1): null

2019-08-24 13:06:54 - [TEST_STEP][PASSED] - if (i == 3 &amp;&amp; wildList.indexOf(symbol) != -1): null

2019-08-24 13:06:54 - [TEST_STEP][PASSED] - if (i == 4 &amp;&amp; wildList.indexOf(symbol) != -1): null

2019-08-24 13:06:54 - [TEST_STEP][PASSED] - symbol = symbol: null

2019-08-24 13:06:54 - [TEST_STEP][PASSED] - println(symbol): null

2019-08-24 13:06:54 - [TEST_STEP][PASSED] - if (i == 2 &amp;&amp; wildList.indexOf(symbol) != -1): null

2019-08-24 13:06:54 - [TEST_STEP][PASSED] - if (i == 3 &amp;&amp; wildList.indexOf(symbol) != -1): null

2019-08-24 13:06:54 - [TEST_STEP][PASSED] - if (i == 4 &amp;&amp; wildList.indexOf(symbol) != -1): null

2019-08-24 13:06:54 - [TEST_STEP][PASSED] - symbol = symbol: null

2019-08-24 13:06:54 - [TEST_STEP][PASSED] - println(symbol): null

2019-08-24 13:06:54 - [TEST_STEP][PASSED] - if (i == 2 &amp;&amp; wildList.indexOf(symbol) != -1): null

2019-08-24 13:06:54 - [TEST_STEP][PASSED] - if (i == 3 &amp;&amp; wildList.indexOf(symbol) != -1): null

2019-08-24 13:06:54 - [TEST_STEP][PASSED] - if (i == 4 &amp;&amp; wildList.indexOf(symbol) != -1): null

2019-08-24 13:06:54 - [TEST_STEP][PASSED] - symbols = symbols: null

2019-08-24 13:06:54 - [TEST_STEP][PASSED] - for ([j = 0, j &lt; symbols.size(), (j++)]): null

2019-08-24 13:06:54 - [TEST_STEP][PASSED] - symbol = symbol: null

2019-08-24 13:06:54 - [TEST_STEP][PASSED] - println(symbol): null

2019-08-24 13:06:54 - [TEST_STEP][PASSED] - if (i == 2 &amp;&amp; wildList.indexOf(symbol) != -1): null

2019-08-24 13:06:54 - [TEST_STEP][PASSED] - if (i == 3 &amp;&amp; wildList.indexOf(symbol) != -1): null

2019-08-24 13:06:54 - [TEST_STEP][PASSED] - if (i == 4 &amp;&amp; wildList.indexOf(symbol) != -1): null

2019-08-24 13:06:54 - [TEST_STEP][PASSED] - symbol = symbol: null

2019-08-24 13:06:54 - [TEST_STEP][PASSED] - println(symbol): null

2019-08-24 13:06:54 - [TEST_STEP][PASSED] - if (i == 2 &amp;&amp; wildList.indexOf(symbol) != -1): null

2019-08-24 13:06:54 - [TEST_STEP][PASSED] - if (i == 3 &amp;&amp; wildList.indexOf(symbol) != -1): null

2019-08-24 13:06:54 - [TEST_STEP][PASSED] - if (i == 4 &amp;&amp; wildList.indexOf(symbol) != -1): null

2019-08-24 13:06:54 - [TEST_STEP][PASSED] - symbol = symbol: null

2019-08-24 13:06:54 - [TEST_STEP][PASSED] - println(symbol): null

2019-08-24 13:06:54 - [TEST_STEP][PASSED] - if (i == 2 &amp;&amp; wildList.indexOf(symbol) != -1): null

2019-08-24 13:06:54 - [TEST_STEP][PASSED] - if (i == 3 &amp;&amp; wildList.indexOf(symbol) != -1): null

2019-08-24 13:06:54 - [TEST_STEP][PASSED] - if (i == 4 &amp;&amp; wildList.indexOf(symbol) != -1): null

2019-08-24 13:06:54 - [TEST_STEP][PASSED] - free_spin_reel_counter = free_spin_reel_counter: null

2019-08-24 13:06:54 - [TEST_STEP][PASSED] - println("reel 3 wild found: " + free_spin_reel_counter[0]): null

2019-08-24 13:06:54 - [TEST_STEP][PASSED] - println("reel 4 wild found: " + free_spin_reel_counter[1]): null

2019-08-24 13:06:54 - [TEST_STEP][PASSED] - println("reel 5 wild found: " + free_spin_reel_counter[2]): null

2019-08-24 13:06:54 - [TEST_STEP][PASSED] - M4_spin_reels = M4_spin_reels: null

2019-08-24 13:06:54 - [TEST_STEP][PASSED] - M4_spin_reels_symbols = symbol: null

2019-08-24 13:06:54 - [TEST_STEP][PASSED] - M4_spin_reels_symbols = M4_spin_reels_symbols: null

2019-08-24 13:06:54 - [TEST_STEP][PASSED] - M4_spin_reel_wins = reel_wins: null

2019-08-24 13:06:54 - [TEST_STEP][PASSED] - M4_spin_reel_wins = M4_spin_reel_wins: null

2019-08-24 13:06:54 - [TEST_STEP][PASSED] - println("GlobalVariable.M4_spin_reel_wins is: " + M4_spin_reel_wins): null

2019-08-24 13:06:54 - [TEST_STEP][PASSED] - M4_spin_total_bonus_win_this_round = total_bonus_win_this_round: null

2019-08-24 13:06:54 - [TEST_STEP][PASSED] - M4_spin_total_bonus_win_this_round = M4_spin_total_bonus_win_this_round: null

2019-08-24 13:06:54 - [TEST_STEP][PASSED] - println("GlobalVariable.M4_spin_total_bonus_win_this_round is: " + M4_spin_total_bonus_win_this_round): null

2019-08-24 13:06:54 - [TEST_STEP][PASSED] - M4_spin_bonus_spin_result = spin_result: null

2019-08-24 13:06:54 - [TEST_STEP][PASSED] - M4_spin_bonus_spin_result = M4_spin_bonus_spin_result: null

2019-08-24 13:06:54 - [MESSAGE][PASSED] - Verify response successfully

2019-08-24 13:06:54 - [MESSAGE][PASSED] - Send request and verify the response successfully

2019-08-24 13:06:54 - [TEST_STEP][PASSED] - if (M4_total_bonus_spins_int != 0 &amp;&amp; M4_spin_reels_symbols[2].contains("WILD_Expanding")): null

2019-08-24 13:06:54 - [TEST_STEP][PASSED] - free_spin_reel_counter = free_spin_reel_counter: null

2019-08-24 13:06:54 - [TEST_STEP][PASSED] - M4_spin_reels_symbols = M4_spin_reels_symbols: null

2019-08-24 13:06:54 - [TEST_STEP][PASSED] - M4_total_bonus_spins = M4_total_bonus_spins: null

2019-08-24 13:06:54 - [TEST_STEP][PASSED] - spin_result = sendRequestAndVerify(findTestObject("INT/RGS(M4)/1_M4_spin", ["M4_login_user_id":M4_login_user_id, "rgs_session_token":rgs_session_token, "partner":Partner])): Send request and verify the response successfully

2019-08-24 13:06:54 - [MESSAGE][INFO] - HAR: /Users/eiralee/Katalon_Script/SuperWild/Reports/20190824_125957/INT/superWild_5/20190824_125957/requests/main/127.har

2019-08-24 13:06:54 - [TEST_CASE][PASSED] - Start Test Case : Verification: Verification accomplished successfully

2019-08-24 13:06:54 - [TEST_STEP][PASSED] - request = getInstance().getCurrentRequest(): null

2019-08-24 13:06:54 - [TEST_STEP][PASSED] - response = getInstance().getCurrentResponse(): null

2019-08-24 13:06:54 - [TEST_STEP][PASSED] - verifyResponseStatusCode(response, 200): Verify response status code successfully

2019-08-24 13:06:54 - [MESSAGE][PASSED] - Verify response status code successfully

2019-08-24 13:06:54 - [TEST_STEP][PASSED] - getStatusCode()).isEqualTo(200): null

2019-08-24 13:06:54 - [TEST_STEP][PASSED] - newline = System.getProperty("line.separator"): null

2019-08-24 13:06:54 - [TEST_STEP][PASSED] - M4_spin = new groovy.json.JsonSlurper(): null

2019-08-24 13:06:54 - [TEST_STEP][PASSED] - result_M4_spin = M4_spin.parseText(response.getResponseBodyContent()): null

2019-08-24 13:06:54 - [TEST_STEP][PASSED] - M4_spin_current_balance = current_balance: null

2019-08-24 13:06:54 - [TEST_STEP][PASSED] - M4_spin_current_balance = M4_spin_current_balance: null

2019-08-24 13:06:54 - [TEST_STEP][PASSED] - M4_spin_transaction_id = causality: null

2019-08-24 13:06:54 - [TEST_STEP][PASSED] - M4_spin_transaction_id = M4_spin_transaction_id: null

2019-08-24 13:06:54 - [TEST_STEP][PASSED] - M4_spin_round_id = round_id: null

2019-08-24 13:06:54 - [TEST_STEP][PASSED] - M4_spin_round_id = M4_spin_round_id: null

2019-08-24 13:06:54 - [TEST_STEP][PASSED] - M4_spin_line_wins = line_wins: null

2019-08-24 13:06:54 - [TEST_STEP][PASSED] - M4_spin_line_wins = M4_spin_line_wins: null

2019-08-24 13:06:54 - [TEST_STEP][PASSED] - M4_total_bonus_spins_int = total_bonus_spins: null

2019-08-24 13:06:54 - [TEST_STEP][PASSED] - println("******M4_total_bonus_spins type is:*******" + newline + getClass().getName()): null

2019-08-24 13:06:54 - [TEST_STEP][PASSED] - M4_total_bonus_spins_int = M4_total_bonus_spins_int: null

2019-08-24 13:06:54 - [TEST_STEP][PASSED] - M4_total_bonus_spins = Integer.toString(M4_total_bonus_spins_int): null

2019-08-24 13:06:54 - [TEST_STEP][PASSED] - M4_total_bonus_spins = M4_total_bonus_spins: null

2019-08-24 13:06:54 - [TEST_STEP][PASSED] - println("M4_total_bonus_spins is:" + M4_total_bonus_spins): null

2019-08-24 13:06:54 - [TEST_STEP][PASSED] - M4_spin_bonus_data = bonus_data: null

2019-08-24 13:06:54 - [TEST_STEP][PASSED] - M4_spin_features_triggered = result_M4_spin: null

2019-08-24 13:06:54 - [TEST_STEP][PASSED] - wild = []: null

2019-08-24 13:06:54 - [TEST_STEP][PASSED] - wild[0] = "WILD_Expanding": null

2019-08-24 13:06:54 - [TEST_STEP][PASSED] - wild[1] = "WILD_Normal": null

2019-08-24 13:06:54 - [TEST_STEP][PASSED] - wild[2] = "WILD_Double": null

2019-08-24 13:06:54 - [TEST_STEP][PASSED] - wild[3] = "WILD_ExtraFG": null

2019-08-24 13:06:54 - [TEST_STEP][PASSED] - wild[4] = "WILD_Triple": null

2019-08-24 13:06:54 - [TEST_STEP][PASSED] - wildList = Arrays.asList(wild): null

2019-08-24 13:06:58 - [TEST_STEP][PASSED] - wildList = wildList: null

2019-08-24 13:06:58 - [TEST_STEP][PASSED] - free_spin_reel_counter = []: null

2019-08-24 13:06:58 - [TEST_STEP][PASSED] - free_spin_reel_counter[0] = 0: null

2019-08-24 13:06:58 - [TEST_STEP][PASSED] - free_spin_reel_counter[1] = 0: null

2019-08-24 13:06:58 - [TEST_STEP][PASSED] - free_spin_reel_counter[2] = 0: null

2019-08-24 13:06:58 - [TEST_STEP][PASSED] - M4_spin_reels = reels: null

2019-08-24 13:06:58 - [TEST_STEP][PASSED] - for ([i = 0, i &lt; M4_spin_reels.size(), (i++)]): null

2019-08-24 13:06:58 - [TEST_STEP][PASSED] - symbols = symbols: null

2019-08-24 13:06:58 - [TEST_STEP][PASSED] - for ([j = 0, j &lt; symbols.size(), (j++)]): null

2019-08-24 13:06:58 - [TEST_STEP][PASSED] - symbol = symbol: null

2019-08-24 13:06:58 - [TEST_STEP][PASSED] - println(symbol): null

2019-08-24 13:07:01 - [TEST_STEP][PASSED] - if (i == 2 &amp;&amp; wildList.indexOf(symbol) != -1): null

2019-08-24 13:07:01 - [TEST_STEP][PASSED] - if (i == 3 &amp;&amp; wildList.indexOf(symbol) != -1): null

2019-08-24 13:07:01 - [TEST_STEP][PASSED] - if (i == 4 &amp;&amp; wildList.indexOf(symbol) != -1): null

2019-08-24 13:07:01 - [TEST_STEP][PASSED] - symbol = symbol: null

2019-08-24 13:07:01 - [TEST_STEP][PASSED] - println(symbol): null

2019-08-24 13:07:01 - [TEST_STEP][PASSED] - if (i == 2 &amp;&amp; wildList.indexOf(symbol) != -1): null

2019-08-24 13:07:01 - [TEST_STEP][PASSED] - if (i == 3 &amp;&amp; wildList.indexOf(symbol) != -1): null

2019-08-24 13:07:01 - [TEST_STEP][PASSED] - if (i == 4 &amp;&amp; wildList.indexOf(symbol) != -1): null

2019-08-24 13:07:01 - [TEST_STEP][PASSED] - symbol = symbol: null

2019-08-24 13:07:01 - [TEST_STEP][PASSED] - println(symbol): null

2019-08-24 13:07:01 - [TEST_STEP][PASSED] - if (i == 2 &amp;&amp; wildList.indexOf(symbol) != -1): null

2019-08-24 13:07:01 - [TEST_STEP][PASSED] - if (i == 3 &amp;&amp; wildList.indexOf(symbol) != -1): null

2019-08-24 13:07:01 - [TEST_STEP][PASSED] - if (i == 4 &amp;&amp; wildList.indexOf(symbol) != -1): null

2019-08-24 13:07:01 - [TEST_STEP][PASSED] - symbols = symbols: null

2019-08-24 13:07:01 - [TEST_STEP][PASSED] - for ([j = 0, j &lt; symbols.size(), (j++)]): null

2019-08-24 13:07:01 - [TEST_STEP][PASSED] - symbol = symbol: null

2019-08-24 13:07:01 - [TEST_STEP][PASSED] - println(symbol): null

2019-08-24 13:07:01 - [TEST_STEP][PASSED] - if (i == 2 &amp;&amp; wildList.indexOf(symbol) != -1): null

2019-08-24 13:07:01 - [TEST_STEP][PASSED] - if (i == 3 &amp;&amp; wildList.indexOf(symbol) != -1): null

2019-08-24 13:07:01 - [TEST_STEP][PASSED] - if (i == 4 &amp;&amp; wildList.indexOf(symbol) != -1): null

2019-08-24 13:07:01 - [TEST_STEP][PASSED] - symbol = symbol: null

2019-08-24 13:07:01 - [TEST_STEP][PASSED] - println(symbol): null

2019-08-24 13:07:01 - [TEST_STEP][PASSED] - if (i == 2 &amp;&amp; wildList.indexOf(symbol) != -1): null

2019-08-24 13:07:01 - [TEST_STEP][PASSED] - if (i == 3 &amp;&amp; wildList.indexOf(symbol) != -1): null

2019-08-24 13:07:01 - [TEST_STEP][PASSED] - if (i == 4 &amp;&amp; wildList.indexOf(symbol) != -1): null

2019-08-24 13:07:01 - [TEST_STEP][PASSED] - symbol = symbol: null

2019-08-24 13:07:01 - [TEST_STEP][PASSED] - println(symbol): null

2019-08-24 13:07:01 - [TEST_STEP][PASSED] - if (i == 2 &amp;&amp; wildList.indexOf(symbol) != -1): null

2019-08-24 13:07:01 - [TEST_STEP][PASSED] - if (i == 3 &amp;&amp; wildList.indexOf(symbol) != -1): null

2019-08-24 13:07:01 - [TEST_STEP][PASSED] - if (i == 4 &amp;&amp; wildList.indexOf(symbol) != -1): null

2019-08-24 13:07:01 - [TEST_STEP][PASSED] - symbols = symbols: null

2019-08-24 13:07:01 - [TEST_STEP][PASSED] - for ([j = 0, j &lt; symbols.size(), (j++)]): null

2019-08-24 13:07:01 - [TEST_STEP][PASSED] - symbol = symbol: null

2019-08-24 13:07:01 - [TEST_STEP][PASSED] - println(symbol): null

2019-08-24 13:07:01 - [TEST_STEP][PASSED] - if (i == 2 &amp;&amp; wildList.indexOf(symbol) != -1): null

2019-08-24 13:07:01 - [TEST_STEP][PASSED] - if (i == 3 &amp;&amp; wildList.indexOf(symbol) != -1): null

2019-08-24 13:07:01 - [TEST_STEP][PASSED] - if (i == 4 &amp;&amp; wildList.indexOf(symbol) != -1): null

2019-08-24 13:07:01 - [TEST_STEP][PASSED] - symbol = symbol: null

2019-08-24 13:07:01 - [TEST_STEP][PASSED] - println(symbol): null

2019-08-24 13:07:01 - [TEST_STEP][PASSED] - if (i == 2 &amp;&amp; wildList.indexOf(symbol) != -1): null

2019-08-24 13:07:01 - [TEST_STEP][PASSED] - if (i == 3 &amp;&amp; wildList.indexOf(symbol) != -1): null

2019-08-24 13:07:01 - [TEST_STEP][PASSED] - if (i == 4 &amp;&amp; wildList.indexOf(symbol) != -1): null

2019-08-24 13:07:01 - [TEST_STEP][PASSED] - symbol = symbol: null

2019-08-24 13:07:01 - [TEST_STEP][PASSED] - println(symbol): null

2019-08-24 13:07:01 - [TEST_STEP][PASSED] - if (i == 2 &amp;&amp; wildList.indexOf(symbol) != -1): null

2019-08-24 13:07:01 - [TEST_STEP][PASSED] - if (i == 3 &amp;&amp; wildList.indexOf(symbol) != -1): null

2019-08-24 13:07:01 - [TEST_STEP][PASSED] - if (i == 4 &amp;&amp; wildList.indexOf(symbol) != -1): null

2019-08-24 13:07:01 - [TEST_STEP][PASSED] - symbols = symbols: null

2019-08-24 13:07:01 - [TEST_STEP][PASSED] - for ([j = 0, j &lt; symbols.size(), (j++)]): null

2019-08-24 13:07:01 - [TEST_STEP][PASSED] - symbol = symbol: null

2019-08-24 13:07:01 - [TEST_STEP][PASSED] - println(symbol): null

2019-08-24 13:07:01 - [TEST_STEP][PASSED] - if (i == 2 &amp;&amp; wildList.indexOf(symbol) != -1): null

2019-08-24 13:07:01 - [TEST_STEP][PASSED] - if (i == 3 &amp;&amp; wildList.indexOf(symbol) != -1): null

2019-08-24 13:07:01 - [TEST_STEP][PASSED] - if (i == 4 &amp;&amp; wildList.indexOf(symbol) != -1): null

2019-08-24 13:07:01 - [TEST_STEP][PASSED] - symbol = symbol: null

2019-08-24 13:07:01 - [TEST_STEP][PASSED] - println(symbol): null

2019-08-24 13:07:01 - [TEST_STEP][PASSED] - if (i == 2 &amp;&amp; wildList.indexOf(symbol) != -1): null

2019-08-24 13:07:01 - [TEST_STEP][PASSED] - if (i == 3 &amp;&amp; wildList.indexOf(symbol) != -1): null

2019-08-24 13:07:01 - [TEST_STEP][PASSED] - if (i == 4 &amp;&amp; wildList.indexOf(symbol) != -1): null

2019-08-24 13:07:01 - [TEST_STEP][PASSED] - symbol = symbol: null

2019-08-24 13:07:01 - [TEST_STEP][PASSED] - println(symbol): null

2019-08-24 13:07:01 - [TEST_STEP][PASSED] - if (i == 2 &amp;&amp; wildList.indexOf(symbol) != -1): null

2019-08-24 13:07:01 - [TEST_STEP][PASSED] - if (i == 3 &amp;&amp; wildList.indexOf(symbol) != -1): null

2019-08-24 13:07:01 - [TEST_STEP][PASSED] - if (i == 4 &amp;&amp; wildList.indexOf(symbol) != -1): null

2019-08-24 13:07:01 - [TEST_STEP][PASSED] - symbols = symbols: null

2019-08-24 13:07:01 - [TEST_STEP][PASSED] - for ([j = 0, j &lt; symbols.size(), (j++)]): null

2019-08-24 13:07:01 - [TEST_STEP][PASSED] - symbol = symbol: null

2019-08-24 13:07:01 - [TEST_STEP][PASSED] - println(symbol): null

2019-08-24 13:07:01 - [TEST_STEP][PASSED] - if (i == 2 &amp;&amp; wildList.indexOf(symbol) != -1): null

2019-08-24 13:07:01 - [TEST_STEP][PASSED] - if (i == 3 &amp;&amp; wildList.indexOf(symbol) != -1): null

2019-08-24 13:07:01 - [TEST_STEP][PASSED] - if (i == 4 &amp;&amp; wildList.indexOf(symbol) != -1): null

2019-08-24 13:07:01 - [TEST_STEP][PASSED] - symbol = symbol: null

2019-08-24 13:07:01 - [TEST_STEP][PASSED] - println(symbol): null

2019-08-24 13:07:01 - [TEST_STEP][PASSED] - if (i == 2 &amp;&amp; wildList.indexOf(symbol) != -1): null

2019-08-24 13:07:01 - [TEST_STEP][PASSED] - if (i == 3 &amp;&amp; wildList.indexOf(symbol) != -1): null

2019-08-24 13:07:01 - [TEST_STEP][PASSED] - if (i == 4 &amp;&amp; wildList.indexOf(symbol) != -1): null

2019-08-24 13:07:01 - [TEST_STEP][PASSED] - symbol = symbol: null

2019-08-24 13:07:01 - [TEST_STEP][PASSED] - println(symbol): null

2019-08-24 13:07:01 - [TEST_STEP][PASSED] - if (i == 2 &amp;&amp; wildList.indexOf(symbol) != -1): null

2019-08-24 13:07:01 - [TEST_STEP][PASSED] - if (i == 3 &amp;&amp; wildList.indexOf(symbol) != -1): null

2019-08-24 13:07:01 - [TEST_STEP][PASSED] - if (i == 4 &amp;&amp; wildList.indexOf(symbol) != -1): null

2019-08-24 13:07:01 - [TEST_STEP][PASSED] - free_spin_reel_counter = free_spin_reel_counter: null

2019-08-24 13:07:01 - [TEST_STEP][PASSED] - println("reel 3 wild found: " + free_spin_reel_counter[0]): null

2019-08-24 13:07:01 - [TEST_STEP][PASSED] - println("reel 4 wild found: " + free_spin_reel_counter[1]): null

2019-08-24 13:07:01 - [TEST_STEP][PASSED] - println("reel 5 wild found: " + free_spin_reel_counter[2]): null

2019-08-24 13:07:01 - [TEST_STEP][PASSED] - M4_spin_reels = M4_spin_reels: null

2019-08-24 13:07:01 - [TEST_STEP][PASSED] - M4_spin_reels_symbols = symbol: null

2019-08-24 13:07:01 - [TEST_STEP][PASSED] - M4_spin_reels_symbols = M4_spin_reels_symbols: null

2019-08-24 13:07:01 - [TEST_STEP][PASSED] - M4_spin_reel_wins = reel_wins: null

2019-08-24 13:07:01 - [TEST_STEP][PASSED] - M4_spin_reel_wins = M4_spin_reel_wins: null

2019-08-24 13:07:01 - [TEST_STEP][PASSED] - println("GlobalVariable.M4_spin_reel_wins is: " + M4_spin_reel_wins): null

2019-08-24 13:07:01 - [TEST_STEP][PASSED] - M4_spin_total_bonus_win_this_round = total_bonus_win_this_round: null

2019-08-24 13:07:01 - [TEST_STEP][PASSED] - M4_spin_total_bonus_win_this_round = M4_spin_total_bonus_win_this_round: null

2019-08-24 13:07:01 - [TEST_STEP][PASSED] - println("GlobalVariable.M4_spin_total_bonus_win_this_round is: " + M4_spin_total_bonus_win_this_round): null

2019-08-24 13:07:01 - [TEST_STEP][PASSED] - M4_spin_bonus_spin_result = spin_result: null

2019-08-24 13:07:01 - [TEST_STEP][PASSED] - M4_spin_bonus_spin_result = M4_spin_bonus_spin_result: null

2019-08-24 13:07:01 - [MESSAGE][PASSED] - Verify response successfully

2019-08-24 13:07:01 - [MESSAGE][PASSED] - Send request and verify the response successfully

2019-08-24 13:07:01 - [TEST_STEP][PASSED] - if (M4_total_bonus_spins_int != 0 &amp;&amp; M4_spin_reels_symbols[2].contains("WILD_Expanding")): null

2019-08-24 13:07:01 - [TEST_STEP][PASSED] - free_spin_reel_counter = free_spin_reel_counter: null

2019-08-24 13:07:01 - [TEST_STEP][PASSED] - M4_spin_reels_symbols = M4_spin_reels_symbols: null

2019-08-24 13:07:01 - [TEST_STEP][PASSED] - M4_total_bonus_spins = M4_total_bonus_spins: null

2019-08-24 13:07:01 - [TEST_STEP][PASSED] - spin_result = sendRequestAndVerify(findTestObject("INT/RGS(M4)/1_M4_spin", ["M4_login_user_id":M4_login_user_id, "rgs_session_token":rgs_session_token, "partner":Partner])): Send request and verify the response successfully

2019-08-24 13:07:01 - [MESSAGE][INFO] - HAR: /Users/eiralee/Katalon_Script/SuperWild/Reports/20190824_125957/INT/superWild_5/20190824_125957/requests/main/128.har

2019-08-24 13:07:01 - [TEST_CASE][PASSED] - Start Test Case : Verification: Verification accomplished successfully

2019-08-24 13:07:01 - [TEST_STEP][PASSED] - request = getInstance().getCurrentRequest(): null

2019-08-24 13:07:01 - [TEST_STEP][PASSED] - response = getInstance().getCurrentResponse(): null

2019-08-24 13:07:01 - [TEST_STEP][PASSED] - verifyResponseStatusCode(response, 200): Verify response status code successfully

2019-08-24 13:07:01 - [MESSAGE][PASSED] - Verify response status code successfully

2019-08-24 13:07:01 - [TEST_STEP][PASSED] - getStatusCode()).isEqualTo(200): null

2019-08-24 13:07:01 - [TEST_STEP][PASSED] - newline = System.getProperty("line.separator"): null

2019-08-24 13:07:01 - [TEST_STEP][PASSED] - M4_spin = new groovy.json.JsonSlurper(): null

2019-08-24 13:07:01 - [TEST_STEP][PASSED] - result_M4_spin = M4_spin.parseText(response.getResponseBodyContent()): null

2019-08-24 13:07:01 - [TEST_STEP][PASSED] - M4_spin_current_balance = current_balance: null

2019-08-24 13:07:01 - [TEST_STEP][PASSED] - M4_spin_current_balance = M4_spin_current_balance: null

2019-08-24 13:07:01 - [TEST_STEP][PASSED] - M4_spin_transaction_id = causality: null

2019-08-24 13:07:01 - [TEST_STEP][PASSED] - M4_spin_transaction_id = M4_spin_transaction_id: null

2019-08-24 13:07:01 - [TEST_STEP][PASSED] - M4_spin_round_id = round_id: null

2019-08-24 13:07:01 - [TEST_STEP][PASSED] - M4_spin_round_id = M4_spin_round_id: null

2019-08-24 13:07:01 - [TEST_STEP][PASSED] - M4_spin_line_wins = line_wins: null

2019-08-24 13:07:01 - [TEST_STEP][PASSED] - M4_spin_line_wins = M4_spin_line_wins: null

2019-08-24 13:07:01 - [TEST_STEP][PASSED] - M4_total_bonus_spins_int = total_bonus_spins: null

2019-08-24 13:07:01 - [TEST_STEP][PASSED] - println("******M4_total_bonus_spins type is:*******" + newline + getClass().getName()): null

2019-08-24 13:07:01 - [TEST_STEP][PASSED] - M4_total_bonus_spins_int = M4_total_bonus_spins_int: null

2019-08-24 13:07:01 - [TEST_STEP][PASSED] - M4_total_bonus_spins = Integer.toString(M4_total_bonus_spins_int): null

2019-08-24 13:07:01 - [TEST_STEP][PASSED] - M4_total_bonus_spins = M4_total_bonus_spins: null

2019-08-24 13:07:01 - [TEST_STEP][PASSED] - println("M4_total_bonus_spins is:" + M4_total_bonus_spins): null

2019-08-24 13:07:01 - [TEST_STEP][PASSED] - M4_spin_bonus_data = bonus_data: null

2019-08-24 13:07:01 - [TEST_STEP][PASSED] - M4_spin_features_triggered = result_M4_spin: null

2019-08-24 13:07:01 - [TEST_STEP][PASSED] - wild = []: null

2019-08-24 13:07:01 - [TEST_STEP][PASSED] - wild[0] = "WILD_Expanding": null

2019-08-24 13:07:01 - [TEST_STEP][PASSED] - wild[1] = "WILD_Normal": null

2019-08-24 13:07:01 - [TEST_STEP][PASSED] - wild[2] = "WILD_Double": null

2019-08-24 13:07:01 - [TEST_STEP][PASSED] - wild[3] = "WILD_ExtraFG": null

2019-08-24 13:07:01 - [TEST_STEP][PASSED] - wild[4] = "WILD_Triple": null

2019-08-24 13:07:01 - [TEST_STEP][PASSED] - wildList = Arrays.asList(wild): null

2019-08-24 13:07:01 - [TEST_STEP][PASSED] - wildList = wildList: null

2019-08-24 13:07:01 - [TEST_STEP][PASSED] - free_spin_reel_counter = []: null

2019-08-24 13:07:01 - [TEST_STEP][PASSED] - free_spin_reel_counter[0] = 0: null

2019-08-24 13:07:01 - [TEST_STEP][PASSED] - free_spin_reel_counter[1] = 0: null

2019-08-24 13:07:01 - [TEST_STEP][PASSED] - free_spin_reel_counter[2] = 0: null

2019-08-24 13:07:01 - [TEST_STEP][PASSED] - M4_spin_reels = reels: null

2019-08-24 13:07:01 - [TEST_STEP][PASSED] - for ([i = 0, i &lt; M4_spin_reels.size(), (i++)]): null

2019-08-24 13:07:01 - [TEST_STEP][PASSED] - symbols = symbols: null

2019-08-24 13:07:01 - [TEST_STEP][PASSED] - for ([j = 0, j &lt; symbols.size(), (j++)]): null

2019-08-24 13:07:01 - [TEST_STEP][PASSED] - symbol = symbol: null

2019-08-24 13:07:01 - [TEST_STEP][PASSED] - println(symbol): null

2019-08-24 13:07:01 - [TEST_STEP][PASSED] - if (i == 2 &amp;&amp; wildList.indexOf(symbol) != -1): null

2019-08-24 13:07:01 - [TEST_STEP][PASSED] - if (i == 3 &amp;&amp; wildList.indexOf(symbol) != -1): null

2019-08-24 13:07:01 - [TEST_STEP][PASSED] - if (i == 4 &amp;&amp; wildList.indexOf(symbol) != -1): null

2019-08-24 13:07:01 - [TEST_STEP][PASSED] - symbol = symbol: null

2019-08-24 13:07:01 - [TEST_STEP][PASSED] - println(symbol): null

2019-08-24 13:07:01 - [TEST_STEP][PASSED] - if (i == 2 &amp;&amp; wildList.indexOf(symbol) != -1): null

2019-08-24 13:07:01 - [TEST_STEP][PASSED] - if (i == 3 &amp;&amp; wildList.indexOf(symbol) != -1): null

2019-08-24 13:07:01 - [TEST_STEP][PASSED] - if (i == 4 &amp;&amp; wildList.indexOf(symbol) != -1): null

2019-08-24 13:07:01 - [TEST_STEP][PASSED] - symbol = symbol: null

2019-08-24 13:07:01 - [TEST_STEP][PASSED] - println(symbol): null

2019-08-24 13:07:01 - [TEST_STEP][PASSED] - if (i == 2 &amp;&amp; wildList.indexOf(symbol) != -1): null

2019-08-24 13:07:01 - [TEST_STEP][PASSED] - if (i == 3 &amp;&amp; wildList.indexOf(symbol) != -1): null

2019-08-24 13:07:01 - [TEST_STEP][PASSED] - if (i == 4 &amp;&amp; wildList.indexOf(symbol) != -1): null

2019-08-24 13:07:01 - [TEST_STEP][PASSED] - symbols = symbols: null

2019-08-24 13:07:01 - [TEST_STEP][PASSED] - for ([j = 0, j &lt; symbols.size(), (j++)]): null

2019-08-24 13:07:01 - [TEST_STEP][PASSED] - symbol = symbol: null

2019-08-24 13:07:01 - [TEST_STEP][PASSED] - println(symbol): null

2019-08-24 13:07:01 - [TEST_STEP][PASSED] - if (i == 2 &amp;&amp; wildList.indexOf(symbol) != -1): null

2019-08-24 13:07:01 - [TEST_STEP][PASSED] - if (i == 3 &amp;&amp; wildList.indexOf(symbol) != -1): null

2019-08-24 13:07:01 - [TEST_STEP][PASSED] - if (i == 4 &amp;&amp; wildList.indexOf(symbol) != -1): null

2019-08-24 13:07:01 - [TEST_STEP][PASSED] - symbol = symbol: null

2019-08-24 13:07:01 - [TEST_STEP][PASSED] - println(symbol): null

2019-08-24 13:07:01 - [TEST_STEP][PASSED] - if (i == 2 &amp;&amp; wildList.indexOf(symbol) != -1): null

2019-08-24 13:07:01 - [TEST_STEP][PASSED] - if (i == 3 &amp;&amp; wildList.indexOf(symbol) != -1): null

2019-08-24 13:07:01 - [TEST_STEP][PASSED] - if (i == 4 &amp;&amp; wildList.indexOf(symbol) != -1): null

2019-08-24 13:07:01 - [TEST_STEP][PASSED] - symbol = symbol: null

2019-08-24 13:07:01 - [TEST_STEP][PASSED] - println(symbol): null

2019-08-24 13:07:01 - [TEST_STEP][PASSED] - if (i == 2 &amp;&amp; wildList.indexOf(symbol) != -1): null

2019-08-24 13:07:01 - [TEST_STEP][PASSED] - if (i == 3 &amp;&amp; wildList.indexOf(symbol) != -1): null

2019-08-24 13:07:01 - [TEST_STEP][PASSED] - if (i == 4 &amp;&amp; wildList.indexOf(symbol) != -1): null

2019-08-24 13:07:01 - [TEST_STEP][PASSED] - symbols = symbols: null

2019-08-24 13:07:01 - [TEST_STEP][PASSED] - for ([j = 0, j &lt; symbols.size(), (j++)]): null

2019-08-24 13:07:01 - [TEST_STEP][PASSED] - symbol = symbol: null

2019-08-24 13:07:01 - [TEST_STEP][PASSED] - println(symbol): null

2019-08-24 13:07:01 - [TEST_STEP][PASSED] - if (i == 2 &amp;&amp; wildList.indexOf(symbol) != -1): null

2019-08-24 13:07:01 - [TEST_STEP][PASSED] - println("wild found on reel 3, adding counter by 1"): null

2019-08-24 13:07:01 - [TEST_STEP][PASSED] - free_spin_reel_counter[0] = free_spin_reel_counter[0] + 1: null

2019-08-24 13:07:01 - [TEST_STEP][PASSED] - if (i == 3 &amp;&amp; wildList.indexOf(symbol) != -1): null

2019-08-24 13:07:01 - [TEST_STEP][PASSED] - if (i == 4 &amp;&amp; wildList.indexOf(symbol) != -1): null

2019-08-24 13:07:01 - [TEST_STEP][PASSED] - symbol = symbol: null

2019-08-24 13:07:01 - [TEST_STEP][PASSED] - println(symbol): null

2019-08-24 13:07:01 - [TEST_STEP][PASSED] - if (i == 2 &amp;&amp; wildList.indexOf(symbol) != -1): null

2019-08-24 13:07:01 - [TEST_STEP][PASSED] - if (i == 3 &amp;&amp; wildList.indexOf(symbol) != -1): null

2019-08-24 13:07:01 - [TEST_STEP][PASSED] - if (i == 4 &amp;&amp; wildList.indexOf(symbol) != -1): null

2019-08-24 13:07:01 - [TEST_STEP][PASSED] - symbol = symbol: null

2019-08-24 13:07:01 - [TEST_STEP][PASSED] - println(symbol): null

2019-08-24 13:07:01 - [TEST_STEP][PASSED] - if (i == 2 &amp;&amp; wildList.indexOf(symbol) != -1): null

2019-08-24 13:07:01 - [TEST_STEP][PASSED] - if (i == 3 &amp;&amp; wildList.indexOf(symbol) != -1): null

2019-08-24 13:07:01 - [TEST_STEP][PASSED] - if (i == 4 &amp;&amp; wildList.indexOf(symbol) != -1): null

2019-08-24 13:07:01 - [TEST_STEP][PASSED] - symbols = symbols: null

2019-08-24 13:07:01 - [TEST_STEP][PASSED] - for ([j = 0, j &lt; symbols.size(), (j++)]): null

2019-08-24 13:07:01 - [TEST_STEP][PASSED] - symbol = symbol: null

2019-08-24 13:07:01 - [TEST_STEP][PASSED] - println(symbol): null

2019-08-24 13:07:01 - [TEST_STEP][PASSED] - if (i == 2 &amp;&amp; wildList.indexOf(symbol) != -1): null

2019-08-24 13:07:01 - [TEST_STEP][PASSED] - if (i == 3 &amp;&amp; wildList.indexOf(symbol) != -1): null

2019-08-24 13:07:01 - [TEST_STEP][PASSED] - println("wild found on reel 4, adding counter by 1"): null

2019-08-24 13:07:01 - [TEST_STEP][PASSED] - free_spin_reel_counter[1] = free_spin_reel_counter[1] + 1: null

2019-08-24 13:07:01 - [TEST_STEP][PASSED] - if (i == 4 &amp;&amp; wildList.indexOf(symbol) != -1): null

2019-08-24 13:07:01 - [TEST_STEP][PASSED] - symbol = symbol: null

2019-08-24 13:07:01 - [TEST_STEP][PASSED] - println(symbol): null

2019-08-24 13:07:01 - [TEST_STEP][PASSED] - if (i == 2 &amp;&amp; wildList.indexOf(symbol) != -1): null

2019-08-24 13:07:01 - [TEST_STEP][PASSED] - if (i == 3 &amp;&amp; wildList.indexOf(symbol) != -1): null

2019-08-24 13:07:01 - [TEST_STEP][PASSED] - if (i == 4 &amp;&amp; wildList.indexOf(symbol) != -1): null

2019-08-24 13:07:01 - [TEST_STEP][PASSED] - symbol = symbol: null

2019-08-24 13:07:01 - [TEST_STEP][PASSED] - println(symbol): null

2019-08-24 13:07:01 - [TEST_STEP][PASSED] - if (i == 2 &amp;&amp; wildList.indexOf(symbol) != -1): null

2019-08-24 13:07:01 - [TEST_STEP][PASSED] - if (i == 3 &amp;&amp; wildList.indexOf(symbol) != -1): null

2019-08-24 13:07:01 - [TEST_STEP][PASSED] - if (i == 4 &amp;&amp; wildList.indexOf(symbol) != -1): null

2019-08-24 13:07:01 - [TEST_STEP][PASSED] - symbols = symbols: null

2019-08-24 13:07:01 - [TEST_STEP][PASSED] - for ([j = 0, j &lt; symbols.size(), (j++)]): null

2019-08-24 13:07:01 - [TEST_STEP][PASSED] - symbol = symbol: null

2019-08-24 13:07:01 - [TEST_STEP][PASSED] - println(symbol): null

2019-08-24 13:07:01 - [TEST_STEP][PASSED] - if (i == 2 &amp;&amp; wildList.indexOf(symbol) != -1): null

2019-08-24 13:07:01 - [TEST_STEP][PASSED] - if (i == 3 &amp;&amp; wildList.indexOf(symbol) != -1): null

2019-08-24 13:07:01 - [TEST_STEP][PASSED] - if (i == 4 &amp;&amp; wildList.indexOf(symbol) != -1): null

2019-08-24 13:07:01 - [TEST_STEP][PASSED] - symbol = symbol: null

2019-08-24 13:07:01 - [TEST_STEP][PASSED] - println(symbol): null

2019-08-24 13:07:01 - [TEST_STEP][PASSED] - if (i == 2 &amp;&amp; wildList.indexOf(symbol) != -1): null

2019-08-24 13:07:01 - [TEST_STEP][PASSED] - if (i == 3 &amp;&amp; wildList.indexOf(symbol) != -1): null

2019-08-24 13:07:01 - [TEST_STEP][PASSED] - if (i == 4 &amp;&amp; wildList.indexOf(symbol) != -1): null

2019-08-24 13:07:01 - [TEST_STEP][PASSED] - symbol = symbol: null

2019-08-24 13:07:01 - [TEST_STEP][PASSED] - println(symbol): null

2019-08-24 13:07:01 - [TEST_STEP][PASSED] - if (i == 2 &amp;&amp; wildList.indexOf(symbol) != -1): null

2019-08-24 13:07:01 - [TEST_STEP][PASSED] - if (i == 3 &amp;&amp; wildList.indexOf(symbol) != -1): null

2019-08-24 13:07:01 - [TEST_STEP][PASSED] - if (i == 4 &amp;&amp; wildList.indexOf(symbol) != -1): null

2019-08-24 13:07:01 - [TEST_STEP][PASSED] - free_spin_reel_counter = free_spin_reel_counter: null

2019-08-24 13:07:01 - [TEST_STEP][PASSED] - println("reel 3 wild found: " + free_spin_reel_counter[0]): null

2019-08-24 13:07:01 - [TEST_STEP][PASSED] - println("reel 4 wild found: " + free_spin_reel_counter[1]): null

2019-08-24 13:07:01 - [TEST_STEP][PASSED] - println("reel 5 wild found: " + free_spin_reel_counter[2]): null

2019-08-24 13:07:01 - [TEST_STEP][PASSED] - M4_spin_reels = M4_spin_reels: null

2019-08-24 13:07:01 - [TEST_STEP][PASSED] - M4_spin_reels_symbols = symbol: null

2019-08-24 13:07:01 - [TEST_STEP][PASSED] - M4_spin_reels_symbols = M4_spin_reels_symbols: null

2019-08-24 13:07:01 - [TEST_STEP][PASSED] - M4_spin_reel_wins = reel_wins: null

2019-08-24 13:07:01 - [TEST_STEP][PASSED] - M4_spin_reel_wins = M4_spin_reel_wins: null

2019-08-24 13:07:01 - [TEST_STEP][PASSED] - println("GlobalVariable.M4_spin_reel_wins is: " + M4_spin_reel_wins): null

2019-08-24 13:07:01 - [TEST_STEP][PASSED] - M4_spin_total_bonus_win_this_round = total_bonus_win_this_round: null

2019-08-24 13:07:01 - [TEST_STEP][PASSED] - M4_spin_total_bonus_win_this_round = M4_spin_total_bonus_win_this_round: null

2019-08-24 13:07:01 - [TEST_STEP][PASSED] - println("GlobalVariable.M4_spin_total_bonus_win_this_round is: " + M4_spin_total_bonus_win_this_round): null

2019-08-24 13:07:01 - [TEST_STEP][PASSED] - M4_spin_bonus_spin_result = spin_result: null

2019-08-24 13:07:01 - [TEST_STEP][PASSED] - M4_spin_bonus_spin_result = M4_spin_bonus_spin_result: null

2019-08-24 13:07:01 - [MESSAGE][PASSED] - Verify response successfully

2019-08-24 13:07:01 - [MESSAGE][PASSED] - Send request and verify the response successfully

2019-08-24 13:07:01 - [TEST_STEP][PASSED] - if (M4_total_bonus_spins_int != 0 &amp;&amp; M4_spin_reels_symbols[2].contains("WILD_Expanding")): null

2019-08-24 13:07:01 - [TEST_STEP][PASSED] - free_spin_reel_counter = free_spin_reel_counter: null

2019-08-24 13:07:01 - [TEST_STEP][PASSED] - M4_spin_reels_symbols = M4_spin_reels_symbols: null

2019-08-24 13:07:01 - [TEST_STEP][PASSED] - M4_total_bonus_spins = M4_total_bonus_spins: null

2019-08-24 13:07:01 - [TEST_STEP][PASSED] - spin_result = sendRequestAndVerify(findTestObject("INT/RGS(M4)/1_M4_spin", ["M4_login_user_id":M4_login_user_id, "rgs_session_token":rgs_session_token, "partner":Partner])): Send request and verify the response successfully

2019-08-24 13:07:02 - [MESSAGE][INFO] - HAR: /Users/eiralee/Katalon_Script/SuperWild/Reports/20190824_125957/INT/superWild_5/20190824_125957/requests/main/129.har

2019-08-24 13:07:02 - [TEST_CASE][PASSED] - Start Test Case : Verification: Verification accomplished successfully

2019-08-24 13:07:02 - [TEST_STEP][PASSED] - request = getInstance().getCurrentRequest(): null

2019-08-24 13:07:02 - [TEST_STEP][PASSED] - response = getInstance().getCurrentResponse(): null

2019-08-24 13:07:02 - [TEST_STEP][PASSED] - verifyResponseStatusCode(response, 200): Verify response status code successfully

2019-08-24 13:07:02 - [MESSAGE][PASSED] - Verify response status code successfully

2019-08-24 13:07:02 - [TEST_STEP][PASSED] - getStatusCode()).isEqualTo(200): null

2019-08-24 13:07:02 - [TEST_STEP][PASSED] - newline = System.getProperty("line.separator"): null

2019-08-24 13:07:02 - [TEST_STEP][PASSED] - M4_spin = new groovy.json.JsonSlurper(): null

2019-08-24 13:07:02 - [TEST_STEP][PASSED] - result_M4_spin = M4_spin.parseText(response.getResponseBodyContent()): null

2019-08-24 13:07:02 - [TEST_STEP][PASSED] - M4_spin_current_balance = current_balance: null

2019-08-24 13:07:02 - [TEST_STEP][PASSED] - M4_spin_current_balance = M4_spin_current_balance: null

2019-08-24 13:07:02 - [TEST_STEP][PASSED] - M4_spin_transaction_id = causality: null

2019-08-24 13:07:02 - [TEST_STEP][PASSED] - M4_spin_transaction_id = M4_spin_transaction_id: null

2019-08-24 13:07:02 - [TEST_STEP][PASSED] - M4_spin_round_id = round_id: null

2019-08-24 13:07:02 - [TEST_STEP][PASSED] - M4_spin_round_id = M4_spin_round_id: null

2019-08-24 13:07:02 - [TEST_STEP][PASSED] - M4_spin_line_wins = line_wins: null

2019-08-24 13:07:02 - [TEST_STEP][PASSED] - M4_spin_line_wins = M4_spin_line_wins: null

2019-08-24 13:07:02 - [TEST_STEP][PASSED] - M4_total_bonus_spins_int = total_bonus_spins: null

2019-08-24 13:07:02 - [TEST_STEP][PASSED] - println("******M4_total_bonus_spins type is:*******" + newline + getClass().getName()): null

2019-08-24 13:07:02 - [TEST_STEP][PASSED] - M4_total_bonus_spins_int = M4_total_bonus_spins_int: null

2019-08-24 13:07:02 - [TEST_STEP][PASSED] - M4_total_bonus_spins = Integer.toString(M4_total_bonus_spins_int): null

2019-08-24 13:07:02 - [TEST_STEP][PASSED] - M4_total_bonus_spins = M4_total_bonus_spins: null

2019-08-24 13:07:02 - [TEST_STEP][PASSED] - println("M4_total_bonus_spins is:" + M4_total_bonus_spins): null

2019-08-24 13:07:02 - [TEST_STEP][PASSED] - M4_spin_bonus_data = bonus_data: null

2019-08-24 13:07:02 - [TEST_STEP][PASSED] - M4_spin_features_triggered = result_M4_spin: null

2019-08-24 13:07:02 - [TEST_STEP][PASSED] - wild = []: null

2019-08-24 13:07:02 - [TEST_STEP][PASSED] - wild[0] = "WILD_Expanding": null

2019-08-24 13:07:02 - [TEST_STEP][PASSED] - wild[1] = "WILD_Normal": null

2019-08-24 13:07:02 - [TEST_STEP][PASSED] - wild[2] = "WILD_Double": null

2019-08-24 13:07:02 - [TEST_STEP][PASSED] - wild[3] = "WILD_ExtraFG": null

2019-08-24 13:07:02 - [TEST_STEP][PASSED] - wild[4] = "WILD_Triple": null

2019-08-24 13:07:02 - [TEST_STEP][PASSED] - wildList = Arrays.asList(wild): null

2019-08-24 13:07:02 - [TEST_STEP][PASSED] - wildList = wildList: null

2019-08-24 13:07:02 - [TEST_STEP][PASSED] - free_spin_reel_counter = []: null

2019-08-24 13:07:02 - [TEST_STEP][PASSED] - free_spin_reel_counter[0] = 0: null

2019-08-24 13:07:02 - [TEST_STEP][PASSED] - free_spin_reel_counter[1] = 0: null

2019-08-24 13:07:02 - [TEST_STEP][PASSED] - free_spin_reel_counter[2] = 0: null

2019-08-24 13:07:02 - [TEST_STEP][PASSED] - M4_spin_reels = reels: null

2019-08-24 13:07:02 - [TEST_STEP][PASSED] - for ([i = 0, i &lt; M4_spin_reels.size(), (i++)]): null

2019-08-24 13:07:02 - [TEST_STEP][PASSED] - symbols = symbols: null

2019-08-24 13:07:02 - [TEST_STEP][PASSED] - for ([j = 0, j &lt; symbols.size(), (j++)]): null

2019-08-24 13:07:02 - [TEST_STEP][PASSED] - symbol = symbol: null

2019-08-24 13:07:02 - [TEST_STEP][PASSED] - println(symbol): null

2019-08-24 13:07:02 - [TEST_STEP][PASSED] - if (i == 2 &amp;&amp; wildList.indexOf(symbol) != -1): null

2019-08-24 13:07:02 - [TEST_STEP][PASSED] - if (i == 3 &amp;&amp; wildList.indexOf(symbol) != -1): null

2019-08-24 13:07:02 - [TEST_STEP][PASSED] - if (i == 4 &amp;&amp; wildList.indexOf(symbol) != -1): null

2019-08-24 13:07:02 - [TEST_STEP][PASSED] - symbol = symbol: null

2019-08-24 13:07:02 - [TEST_STEP][PASSED] - println(symbol): null

2019-08-24 13:07:02 - [TEST_STEP][PASSED] - if (i == 2 &amp;&amp; wildList.indexOf(symbol) != -1): null

2019-08-24 13:07:02 - [TEST_STEP][PASSED] - if (i == 3 &amp;&amp; wildList.indexOf(symbol) != -1): null

2019-08-24 13:07:02 - [TEST_STEP][PASSED] - if (i == 4 &amp;&amp; wildList.indexOf(symbol) != -1): null

2019-08-24 13:07:02 - [TEST_STEP][PASSED] - symbol = symbol: null

2019-08-24 13:07:02 - [TEST_STEP][PASSED] - println(symbol): null

2019-08-24 13:07:02 - [TEST_STEP][PASSED] - if (i == 2 &amp;&amp; wildList.indexOf(symbol) != -1): null

2019-08-24 13:07:02 - [TEST_STEP][PASSED] - if (i == 3 &amp;&amp; wildList.indexOf(symbol) != -1): null

2019-08-24 13:07:02 - [TEST_STEP][PASSED] - if (i == 4 &amp;&amp; wildList.indexOf(symbol) != -1): null

2019-08-24 13:07:02 - [TEST_STEP][PASSED] - symbols = symbols: null

2019-08-24 13:07:02 - [TEST_STEP][PASSED] - for ([j = 0, j &lt; symbols.size(), (j++)]): null

2019-08-24 13:07:02 - [TEST_STEP][PASSED] - symbol = symbol: null

2019-08-24 13:07:02 - [TEST_STEP][PASSED] - println(symbol): null

2019-08-24 13:07:02 - [TEST_STEP][PASSED] - if (i == 2 &amp;&amp; wildList.indexOf(symbol) != -1): null

2019-08-24 13:07:02 - [TEST_STEP][PASSED] - if (i == 3 &amp;&amp; wildList.indexOf(symbol) != -1): null

2019-08-24 13:07:02 - [TEST_STEP][PASSED] - if (i == 4 &amp;&amp; wildList.indexOf(symbol) != -1): null

2019-08-24 13:07:02 - [TEST_STEP][PASSED] - symbol = symbol: null

2019-08-24 13:07:02 - [TEST_STEP][PASSED] - println(symbol): null

2019-08-24 13:07:02 - [TEST_STEP][PASSED] - if (i == 2 &amp;&amp; wildList.indexOf(symbol) != -1): null

2019-08-24 13:07:02 - [TEST_STEP][PASSED] - if (i == 3 &amp;&amp; wildList.indexOf(symbol) != -1): null

2019-08-24 13:07:02 - [TEST_STEP][PASSED] - if (i == 4 &amp;&amp; wildList.indexOf(symbol) != -1): null

2019-08-24 13:07:02 - [TEST_STEP][PASSED] - symbol = symbol: null

2019-08-24 13:07:06 - [TEST_STEP][PASSED] - println(symbol): null

2019-08-24 13:07:06 - [TEST_STEP][PASSED] - if (i == 2 &amp;&amp; wildList.indexOf(symbol) != -1): null

2019-08-24 13:07:06 - [TEST_STEP][PASSED] - if (i == 3 &amp;&amp; wildList.indexOf(symbol) != -1): null

2019-08-24 13:07:06 - [TEST_STEP][PASSED] - if (i == 4 &amp;&amp; wildList.indexOf(symbol) != -1): null

2019-08-24 13:07:06 - [TEST_STEP][PASSED] - symbols = symbols: null

2019-08-24 13:07:06 - [TEST_STEP][PASSED] - for ([j = 0, j &lt; symbols.size(), (j++)]): null

2019-08-24 13:07:06 - [TEST_STEP][PASSED] - symbol = symbol: null

2019-08-24 13:07:06 - [TEST_STEP][PASSED] - println(symbol): null

2019-08-24 13:07:06 - [TEST_STEP][PASSED] - if (i == 2 &amp;&amp; wildList.indexOf(symbol) != -1): null

2019-08-24 13:07:06 - [TEST_STEP][PASSED] - if (i == 3 &amp;&amp; wildList.indexOf(symbol) != -1): null

2019-08-24 13:07:09 - [TEST_STEP][PASSED] - if (i == 4 &amp;&amp; wildList.indexOf(symbol) != -1): null

2019-08-24 13:07:09 - [TEST_STEP][PASSED] - symbol = symbol: null

2019-08-24 13:07:09 - [TEST_STEP][PASSED] - println(symbol): null

2019-08-24 13:07:09 - [TEST_STEP][PASSED] - if (i == 2 &amp;&amp; wildList.indexOf(symbol) != -1): null

2019-08-24 13:07:09 - [TEST_STEP][PASSED] - if (i == 3 &amp;&amp; wildList.indexOf(symbol) != -1): null

2019-08-24 13:07:09 - [TEST_STEP][PASSED] - if (i == 4 &amp;&amp; wildList.indexOf(symbol) != -1): null

2019-08-24 13:07:09 - [TEST_STEP][PASSED] - symbol = symbol: null

2019-08-24 13:07:09 - [TEST_STEP][PASSED] - println(symbol): null

2019-08-24 13:07:09 - [TEST_STEP][PASSED] - if (i == 2 &amp;&amp; wildList.indexOf(symbol) != -1): null

2019-08-24 13:07:09 - [TEST_STEP][PASSED] - if (i == 3 &amp;&amp; wildList.indexOf(symbol) != -1): null

2019-08-24 13:07:09 - [TEST_STEP][PASSED] - if (i == 4 &amp;&amp; wildList.indexOf(symbol) != -1): null

2019-08-24 13:07:09 - [TEST_STEP][PASSED] - symbols = symbols: null

2019-08-24 13:07:09 - [TEST_STEP][PASSED] - for ([j = 0, j &lt; symbols.size(), (j++)]): null

2019-08-24 13:07:09 - [TEST_STEP][PASSED] - symbol = symbol: null

2019-08-24 13:07:09 - [TEST_STEP][PASSED] - println(symbol): null

2019-08-24 13:07:09 - [TEST_STEP][PASSED] - if (i == 2 &amp;&amp; wildList.indexOf(symbol) != -1): null

2019-08-24 13:07:09 - [TEST_STEP][PASSED] - if (i == 3 &amp;&amp; wildList.indexOf(symbol) != -1): null

2019-08-24 13:07:09 - [TEST_STEP][PASSED] - if (i == 4 &amp;&amp; wildList.indexOf(symbol) != -1): null

2019-08-24 13:07:09 - [TEST_STEP][PASSED] - symbol = symbol: null

2019-08-24 13:07:09 - [TEST_STEP][PASSED] - println(symbol): null

2019-08-24 13:07:09 - [TEST_STEP][PASSED] - if (i == 2 &amp;&amp; wildList.indexOf(symbol) != -1): null

2019-08-24 13:07:09 - [TEST_STEP][PASSED] - if (i == 3 &amp;&amp; wildList.indexOf(symbol) != -1): null

2019-08-24 13:07:09 - [TEST_STEP][PASSED] - if (i == 4 &amp;&amp; wildList.indexOf(symbol) != -1): null

2019-08-24 13:07:09 - [TEST_STEP][PASSED] - symbol = symbol: null

2019-08-24 13:07:09 - [TEST_STEP][PASSED] - println(symbol): null

2019-08-24 13:07:09 - [TEST_STEP][PASSED] - if (i == 2 &amp;&amp; wildList.indexOf(symbol) != -1): null

2019-08-24 13:07:09 - [TEST_STEP][PASSED] - if (i == 3 &amp;&amp; wildList.indexOf(symbol) != -1): null

2019-08-24 13:07:09 - [TEST_STEP][PASSED] - if (i == 4 &amp;&amp; wildList.indexOf(symbol) != -1): null

2019-08-24 13:07:09 - [TEST_STEP][PASSED] - symbols = symbols: null

2019-08-24 13:07:09 - [TEST_STEP][PASSED] - for ([j = 0, j &lt; symbols.size(), (j++)]): null

2019-08-24 13:07:09 - [TEST_STEP][PASSED] - symbol = symbol: null

2019-08-24 13:07:09 - [TEST_STEP][PASSED] - println(symbol): null

2019-08-24 13:07:09 - [TEST_STEP][PASSED] - if (i == 2 &amp;&amp; wildList.indexOf(symbol) != -1): null

2019-08-24 13:07:09 - [TEST_STEP][PASSED] - if (i == 3 &amp;&amp; wildList.indexOf(symbol) != -1): null

2019-08-24 13:07:09 - [TEST_STEP][PASSED] - if (i == 4 &amp;&amp; wildList.indexOf(symbol) != -1): null

2019-08-24 13:07:09 - [TEST_STEP][PASSED] - symbol = symbol: null

2019-08-24 13:07:09 - [TEST_STEP][PASSED] - println(symbol): null

2019-08-24 13:07:09 - [TEST_STEP][PASSED] - if (i == 2 &amp;&amp; wildList.indexOf(symbol) != -1): null

2019-08-24 13:07:09 - [TEST_STEP][PASSED] - if (i == 3 &amp;&amp; wildList.indexOf(symbol) != -1): null

2019-08-24 13:07:09 - [TEST_STEP][PASSED] - if (i == 4 &amp;&amp; wildList.indexOf(symbol) != -1): null

2019-08-24 13:07:09 - [TEST_STEP][PASSED] - symbol = symbol: null

2019-08-24 13:07:09 - [TEST_STEP][PASSED] - println(symbol): null

2019-08-24 13:07:09 - [TEST_STEP][PASSED] - if (i == 2 &amp;&amp; wildList.indexOf(symbol) != -1): null

2019-08-24 13:07:09 - [TEST_STEP][PASSED] - if (i == 3 &amp;&amp; wildList.indexOf(symbol) != -1): null

2019-08-24 13:07:09 - [TEST_STEP][PASSED] - if (i == 4 &amp;&amp; wildList.indexOf(symbol) != -1): null

2019-08-24 13:07:09 - [TEST_STEP][PASSED] - free_spin_reel_counter = free_spin_reel_counter: null

2019-08-24 13:07:09 - [TEST_STEP][PASSED] - println("reel 3 wild found: " + free_spin_reel_counter[0]): null

2019-08-24 13:07:09 - [TEST_STEP][PASSED] - println("reel 4 wild found: " + free_spin_reel_counter[1]): null

2019-08-24 13:07:09 - [TEST_STEP][PASSED] - println("reel 5 wild found: " + free_spin_reel_counter[2]): null

2019-08-24 13:07:09 - [TEST_STEP][PASSED] - M4_spin_reels = M4_spin_reels: null

2019-08-24 13:07:09 - [TEST_STEP][PASSED] - M4_spin_reels_symbols = symbol: null

2019-08-24 13:07:09 - [TEST_STEP][PASSED] - M4_spin_reels_symbols = M4_spin_reels_symbols: null

2019-08-24 13:07:09 - [TEST_STEP][PASSED] - M4_spin_reel_wins = reel_wins: null

2019-08-24 13:07:09 - [TEST_STEP][PASSED] - M4_spin_reel_wins = M4_spin_reel_wins: null

2019-08-24 13:07:09 - [TEST_STEP][PASSED] - println("GlobalVariable.M4_spin_reel_wins is: " + M4_spin_reel_wins): null

2019-08-24 13:07:09 - [TEST_STEP][PASSED] - M4_spin_total_bonus_win_this_round = total_bonus_win_this_round: null

2019-08-24 13:07:09 - [TEST_STEP][PASSED] - M4_spin_total_bonus_win_this_round = M4_spin_total_bonus_win_this_round: null

2019-08-24 13:07:09 - [TEST_STEP][PASSED] - println("GlobalVariable.M4_spin_total_bonus_win_this_round is: " + M4_spin_total_bonus_win_this_round): null

2019-08-24 13:07:09 - [TEST_STEP][PASSED] - M4_spin_bonus_spin_result = spin_result: null

2019-08-24 13:07:09 - [TEST_STEP][PASSED] - M4_spin_bonus_spin_result = M4_spin_bonus_spin_result: null

2019-08-24 13:07:09 - [MESSAGE][PASSED] - Verify response successfully

2019-08-24 13:07:09 - [MESSAGE][PASSED] - Send request and verify the response successfully

2019-08-24 13:07:09 - [TEST_STEP][PASSED] - if (M4_total_bonus_spins_int != 0 &amp;&amp; M4_spin_reels_symbols[2].contains("WILD_Expanding")): null

2019-08-24 13:07:09 - [TEST_STEP][PASSED] - free_spin_reel_counter = free_spin_reel_counter: null

2019-08-24 13:07:09 - [TEST_STEP][PASSED] - M4_spin_reels_symbols = M4_spin_reels_symbols: null

2019-08-24 13:07:09 - [TEST_STEP][PASSED] - M4_total_bonus_spins = M4_total_bonus_spins: null

2019-08-24 13:07:09 - [TEST_STEP][PASSED] - spin_result = sendRequestAndVerify(findTestObject("INT/RGS(M4)/1_M4_spin", ["M4_login_user_id":M4_login_user_id, "rgs_session_token":rgs_session_token, "partner":Partner])): Send request and verify the response successfully

2019-08-24 13:07:09 - [MESSAGE][INFO] - HAR: /Users/eiralee/Katalon_Script/SuperWild/Reports/20190824_125957/INT/superWild_5/20190824_125957/requests/main/130.har

2019-08-24 13:07:09 - [TEST_CASE][PASSED] - Start Test Case : Verification: Verification accomplished successfully

2019-08-24 13:07:09 - [TEST_STEP][PASSED] - request = getInstance().getCurrentRequest(): null

2019-08-24 13:07:09 - [TEST_STEP][PASSED] - response = getInstance().getCurrentResponse(): null

2019-08-24 13:07:09 - [TEST_STEP][PASSED] - verifyResponseStatusCode(response, 200): Verify response status code successfully

2019-08-24 13:07:09 - [MESSAGE][PASSED] - Verify response status code successfully

2019-08-24 13:07:09 - [TEST_STEP][PASSED] - getStatusCode()).isEqualTo(200): null

2019-08-24 13:07:09 - [TEST_STEP][PASSED] - newline = System.getProperty("line.separator"): null

2019-08-24 13:07:09 - [TEST_STEP][PASSED] - M4_spin = new groovy.json.JsonSlurper(): null

2019-08-24 13:07:09 - [TEST_STEP][PASSED] - result_M4_spin = M4_spin.parseText(response.getResponseBodyContent()): null

2019-08-24 13:07:09 - [TEST_STEP][PASSED] - M4_spin_current_balance = current_balance: null

2019-08-24 13:07:09 - [TEST_STEP][PASSED] - M4_spin_current_balance = M4_spin_current_balance: null

2019-08-24 13:07:09 - [TEST_STEP][PASSED] - M4_spin_transaction_id = causality: null

2019-08-24 13:07:09 - [TEST_STEP][PASSED] - M4_spin_transaction_id = M4_spin_transaction_id: null

2019-08-24 13:07:09 - [TEST_STEP][PASSED] - M4_spin_round_id = round_id: null

2019-08-24 13:07:09 - [TEST_STEP][PASSED] - M4_spin_round_id = M4_spin_round_id: null

2019-08-24 13:07:09 - [TEST_STEP][PASSED] - M4_spin_line_wins = line_wins: null

2019-08-24 13:07:09 - [TEST_STEP][PASSED] - M4_spin_line_wins = M4_spin_line_wins: null

2019-08-24 13:07:09 - [TEST_STEP][PASSED] - M4_total_bonus_spins_int = total_bonus_spins: null

2019-08-24 13:07:09 - [TEST_STEP][PASSED] - println("******M4_total_bonus_spins type is:*******" + newline + getClass().getName()): null

2019-08-24 13:07:09 - [TEST_STEP][PASSED] - M4_total_bonus_spins_int = M4_total_bonus_spins_int: null

2019-08-24 13:07:09 - [TEST_STEP][PASSED] - M4_total_bonus_spins = Integer.toString(M4_total_bonus_spins_int): null

2019-08-24 13:07:09 - [TEST_STEP][PASSED] - M4_total_bonus_spins = M4_total_bonus_spins: null

2019-08-24 13:07:09 - [TEST_STEP][PASSED] - println("M4_total_bonus_spins is:" + M4_total_bonus_spins): null

2019-08-24 13:07:09 - [TEST_STEP][PASSED] - M4_spin_bonus_data = bonus_data: null

2019-08-24 13:07:09 - [TEST_STEP][PASSED] - M4_spin_features_triggered = result_M4_spin: null

2019-08-24 13:07:09 - [TEST_STEP][PASSED] - wild = []: null

2019-08-24 13:07:09 - [TEST_STEP][PASSED] - wild[0] = "WILD_Expanding": null

2019-08-24 13:07:09 - [TEST_STEP][PASSED] - wild[1] = "WILD_Normal": null

2019-08-24 13:07:09 - [TEST_STEP][PASSED] - wild[2] = "WILD_Double": null

2019-08-24 13:07:09 - [TEST_STEP][PASSED] - wild[3] = "WILD_ExtraFG": null

2019-08-24 13:07:09 - [TEST_STEP][PASSED] - wild[4] = "WILD_Triple": null

2019-08-24 13:07:09 - [TEST_STEP][PASSED] - wildList = Arrays.asList(wild): null

2019-08-24 13:07:09 - [TEST_STEP][PASSED] - wildList = wildList: null

2019-08-24 13:07:09 - [TEST_STEP][PASSED] - free_spin_reel_counter = []: null

2019-08-24 13:07:09 - [TEST_STEP][PASSED] - free_spin_reel_counter[0] = 0: null

2019-08-24 13:07:09 - [TEST_STEP][PASSED] - free_spin_reel_counter[1] = 0: null

2019-08-24 13:07:09 - [TEST_STEP][PASSED] - free_spin_reel_counter[2] = 0: null

2019-08-24 13:07:09 - [TEST_STEP][PASSED] - M4_spin_reels = reels: null

2019-08-24 13:07:09 - [TEST_STEP][PASSED] - for ([i = 0, i &lt; M4_spin_reels.size(), (i++)]): null

2019-08-24 13:07:09 - [TEST_STEP][PASSED] - symbols = symbols: null

2019-08-24 13:07:09 - [TEST_STEP][PASSED] - for ([j = 0, j &lt; symbols.size(), (j++)]): null

2019-08-24 13:07:09 - [TEST_STEP][PASSED] - symbol = symbol: null

2019-08-24 13:07:09 - [TEST_STEP][PASSED] - println(symbol): null

2019-08-24 13:07:09 - [TEST_STEP][PASSED] - if (i == 2 &amp;&amp; wildList.indexOf(symbol) != -1): null

2019-08-24 13:07:09 - [TEST_STEP][PASSED] - if (i == 3 &amp;&amp; wildList.indexOf(symbol) != -1): null

2019-08-24 13:07:09 - [TEST_STEP][PASSED] - if (i == 4 &amp;&amp; wildList.indexOf(symbol) != -1): null

2019-08-24 13:07:09 - [TEST_STEP][PASSED] - symbol = symbol: null

2019-08-24 13:07:09 - [TEST_STEP][PASSED] - println(symbol): null

2019-08-24 13:07:09 - [TEST_STEP][PASSED] - if (i == 2 &amp;&amp; wildList.indexOf(symbol) != -1): null

2019-08-24 13:07:09 - [TEST_STEP][PASSED] - if (i == 3 &amp;&amp; wildList.indexOf(symbol) != -1): null

2019-08-24 13:07:09 - [TEST_STEP][PASSED] - if (i == 4 &amp;&amp; wildList.indexOf(symbol) != -1): null

2019-08-24 13:07:09 - [TEST_STEP][PASSED] - symbol = symbol: null

2019-08-24 13:07:09 - [TEST_STEP][PASSED] - println(symbol): null

2019-08-24 13:07:09 - [TEST_STEP][PASSED] - if (i == 2 &amp;&amp; wildList.indexOf(symbol) != -1): null

2019-08-24 13:07:09 - [TEST_STEP][PASSED] - if (i == 3 &amp;&amp; wildList.indexOf(symbol) != -1): null

2019-08-24 13:07:09 - [TEST_STEP][PASSED] - if (i == 4 &amp;&amp; wildList.indexOf(symbol) != -1): null

2019-08-24 13:07:09 - [TEST_STEP][PASSED] - symbols = symbols: null

2019-08-24 13:07:09 - [TEST_STEP][PASSED] - for ([j = 0, j &lt; symbols.size(), (j++)]): null

2019-08-24 13:07:09 - [TEST_STEP][PASSED] - symbol = symbol: null

2019-08-24 13:07:09 - [TEST_STEP][PASSED] - println(symbol): null

2019-08-24 13:07:09 - [TEST_STEP][PASSED] - if (i == 2 &amp;&amp; wildList.indexOf(symbol) != -1): null

2019-08-24 13:07:09 - [TEST_STEP][PASSED] - if (i == 3 &amp;&amp; wildList.indexOf(symbol) != -1): null

2019-08-24 13:07:09 - [TEST_STEP][PASSED] - if (i == 4 &amp;&amp; wildList.indexOf(symbol) != -1): null

2019-08-24 13:07:09 - [TEST_STEP][PASSED] - symbol = symbol: null

2019-08-24 13:07:09 - [TEST_STEP][PASSED] - println(symbol): null

2019-08-24 13:07:09 - [TEST_STEP][PASSED] - if (i == 2 &amp;&amp; wildList.indexOf(symbol) != -1): null

2019-08-24 13:07:09 - [TEST_STEP][PASSED] - if (i == 3 &amp;&amp; wildList.indexOf(symbol) != -1): null

2019-08-24 13:07:09 - [TEST_STEP][PASSED] - if (i == 4 &amp;&amp; wildList.indexOf(symbol) != -1): null

2019-08-24 13:07:09 - [TEST_STEP][PASSED] - symbol = symbol: null

2019-08-24 13:07:09 - [TEST_STEP][PASSED] - println(symbol): null

2019-08-24 13:07:09 - [TEST_STEP][PASSED] - if (i == 2 &amp;&amp; wildList.indexOf(symbol) != -1): null

2019-08-24 13:07:09 - [TEST_STEP][PASSED] - if (i == 3 &amp;&amp; wildList.indexOf(symbol) != -1): null

2019-08-24 13:07:09 - [TEST_STEP][PASSED] - if (i == 4 &amp;&amp; wildList.indexOf(symbol) != -1): null

2019-08-24 13:07:09 - [TEST_STEP][PASSED] - symbols = symbols: null

2019-08-24 13:07:09 - [TEST_STEP][PASSED] - for ([j = 0, j &lt; symbols.size(), (j++)]): null

2019-08-24 13:07:09 - [TEST_STEP][PASSED] - symbol = symbol: null

2019-08-24 13:07:09 - [TEST_STEP][PASSED] - println(symbol): null

2019-08-24 13:07:09 - [TEST_STEP][PASSED] - if (i == 2 &amp;&amp; wildList.indexOf(symbol) != -1): null

2019-08-24 13:07:09 - [TEST_STEP][PASSED] - if (i == 3 &amp;&amp; wildList.indexOf(symbol) != -1): null

2019-08-24 13:07:09 - [TEST_STEP][PASSED] - if (i == 4 &amp;&amp; wildList.indexOf(symbol) != -1): null

2019-08-24 13:07:09 - [TEST_STEP][PASSED] - symbol = symbol: null

2019-08-24 13:07:09 - [TEST_STEP][PASSED] - println(symbol): null

2019-08-24 13:07:09 - [TEST_STEP][PASSED] - if (i == 2 &amp;&amp; wildList.indexOf(symbol) != -1): null

2019-08-24 13:07:09 - [TEST_STEP][PASSED] - if (i == 3 &amp;&amp; wildList.indexOf(symbol) != -1): null

2019-08-24 13:07:09 - [TEST_STEP][PASSED] - if (i == 4 &amp;&amp; wildList.indexOf(symbol) != -1): null

2019-08-24 13:07:09 - [TEST_STEP][PASSED] - symbol = symbol: null

2019-08-24 13:07:09 - [TEST_STEP][PASSED] - println(symbol): null

2019-08-24 13:07:09 - [TEST_STEP][PASSED] - if (i == 2 &amp;&amp; wildList.indexOf(symbol) != -1): null

2019-08-24 13:07:09 - [TEST_STEP][PASSED] - if (i == 3 &amp;&amp; wildList.indexOf(symbol) != -1): null

2019-08-24 13:07:09 - [TEST_STEP][PASSED] - if (i == 4 &amp;&amp; wildList.indexOf(symbol) != -1): null

2019-08-24 13:07:09 - [TEST_STEP][PASSED] - symbols = symbols: null

2019-08-24 13:07:09 - [TEST_STEP][PASSED] - for ([j = 0, j &lt; symbols.size(), (j++)]): null

2019-08-24 13:07:09 - [TEST_STEP][PASSED] - symbol = symbol: null

2019-08-24 13:07:09 - [TEST_STEP][PASSED] - println(symbol): null

2019-08-24 13:07:09 - [TEST_STEP][PASSED] - if (i == 2 &amp;&amp; wildList.indexOf(symbol) != -1): null

2019-08-24 13:07:09 - [TEST_STEP][PASSED] - if (i == 3 &amp;&amp; wildList.indexOf(symbol) != -1): null

2019-08-24 13:07:09 - [TEST_STEP][PASSED] - if (i == 4 &amp;&amp; wildList.indexOf(symbol) != -1): null

2019-08-24 13:07:09 - [TEST_STEP][PASSED] - symbol = symbol: null

2019-08-24 13:07:09 - [TEST_STEP][PASSED] - println(symbol): null

2019-08-24 13:07:09 - [TEST_STEP][PASSED] - if (i == 2 &amp;&amp; wildList.indexOf(symbol) != -1): null

2019-08-24 13:07:09 - [TEST_STEP][PASSED] - if (i == 3 &amp;&amp; wildList.indexOf(symbol) != -1): null

2019-08-24 13:07:09 - [TEST_STEP][PASSED] - if (i == 4 &amp;&amp; wildList.indexOf(symbol) != -1): null

2019-08-24 13:07:09 - [TEST_STEP][PASSED] - symbol = symbol: null

2019-08-24 13:07:09 - [TEST_STEP][PASSED] - println(symbol): null

2019-08-24 13:07:09 - [TEST_STEP][PASSED] - if (i == 2 &amp;&amp; wildList.indexOf(symbol) != -1): null

2019-08-24 13:07:09 - [TEST_STEP][PASSED] - if (i == 3 &amp;&amp; wildList.indexOf(symbol) != -1): null

2019-08-24 13:07:09 - [TEST_STEP][PASSED] - if (i == 4 &amp;&amp; wildList.indexOf(symbol) != -1): null

2019-08-24 13:07:09 - [TEST_STEP][PASSED] - symbols = symbols: null

2019-08-24 13:07:09 - [TEST_STEP][PASSED] - for ([j = 0, j &lt; symbols.size(), (j++)]): null

2019-08-24 13:07:09 - [TEST_STEP][PASSED] - symbol = symbol: null

2019-08-24 13:07:09 - [TEST_STEP][PASSED] - println(symbol): null

2019-08-24 13:07:09 - [TEST_STEP][PASSED] - if (i == 2 &amp;&amp; wildList.indexOf(symbol) != -1): null

2019-08-24 13:07:09 - [TEST_STEP][PASSED] - if (i == 3 &amp;&amp; wildList.indexOf(symbol) != -1): null

2019-08-24 13:07:09 - [TEST_STEP][PASSED] - if (i == 4 &amp;&amp; wildList.indexOf(symbol) != -1): null

2019-08-24 13:07:09 - [TEST_STEP][PASSED] - symbol = symbol: null

2019-08-24 13:07:09 - [TEST_STEP][PASSED] - println(symbol): null

2019-08-24 13:07:09 - [TEST_STEP][PASSED] - if (i == 2 &amp;&amp; wildList.indexOf(symbol) != -1): null

2019-08-24 13:07:09 - [TEST_STEP][PASSED] - if (i == 3 &amp;&amp; wildList.indexOf(symbol) != -1): null

2019-08-24 13:07:09 - [TEST_STEP][PASSED] - if (i == 4 &amp;&amp; wildList.indexOf(symbol) != -1): null

2019-08-24 13:07:09 - [TEST_STEP][PASSED] - symbol = symbol: null

2019-08-24 13:07:09 - [TEST_STEP][PASSED] - println(symbol): null

2019-08-24 13:07:09 - [TEST_STEP][PASSED] - if (i == 2 &amp;&amp; wildList.indexOf(symbol) != -1): null

2019-08-24 13:07:09 - [TEST_STEP][PASSED] - if (i == 3 &amp;&amp; wildList.indexOf(symbol) != -1): null

2019-08-24 13:07:09 - [TEST_STEP][PASSED] - if (i == 4 &amp;&amp; wildList.indexOf(symbol) != -1): null

2019-08-24 13:07:09 - [TEST_STEP][PASSED] - free_spin_reel_counter = free_spin_reel_counter: null

2019-08-24 13:07:09 - [TEST_STEP][PASSED] - println("reel 3 wild found: " + free_spin_reel_counter[0]): null

2019-08-24 13:07:09 - [TEST_STEP][PASSED] - println("reel 4 wild found: " + free_spin_reel_counter[1]): null

2019-08-24 13:07:09 - [TEST_STEP][PASSED] - println("reel 5 wild found: " + free_spin_reel_counter[2]): null

2019-08-24 13:07:09 - [TEST_STEP][PASSED] - M4_spin_reels = M4_spin_reels: null

2019-08-24 13:07:09 - [TEST_STEP][PASSED] - M4_spin_reels_symbols = symbol: null

2019-08-24 13:07:09 - [TEST_STEP][PASSED] - M4_spin_reels_symbols = M4_spin_reels_symbols: null

2019-08-24 13:07:09 - [TEST_STEP][PASSED] - M4_spin_reel_wins = reel_wins: null

2019-08-24 13:07:09 - [TEST_STEP][PASSED] - M4_spin_reel_wins = M4_spin_reel_wins: null

2019-08-24 13:07:09 - [TEST_STEP][PASSED] - println("GlobalVariable.M4_spin_reel_wins is: " + M4_spin_reel_wins): null

2019-08-24 13:07:09 - [TEST_STEP][PASSED] - M4_spin_total_bonus_win_this_round = total_bonus_win_this_round: null

2019-08-24 13:07:09 - [TEST_STEP][PASSED] - M4_spin_total_bonus_win_this_round = M4_spin_total_bonus_win_this_round: null

2019-08-24 13:07:09 - [TEST_STEP][PASSED] - println("GlobalVariable.M4_spin_total_bonus_win_this_round is: " + M4_spin_total_bonus_win_this_round): null

2019-08-24 13:07:09 - [TEST_STEP][PASSED] - M4_spin_bonus_spin_result = spin_result: null

2019-08-24 13:07:09 - [TEST_STEP][PASSED] - M4_spin_bonus_spin_result = M4_spin_bonus_spin_result: null

2019-08-24 13:07:09 - [MESSAGE][PASSED] - Verify response successfully

2019-08-24 13:07:09 - [MESSAGE][PASSED] - Send request and verify the response successfully

2019-08-24 13:07:09 - [TEST_STEP][PASSED] - if (M4_total_bonus_spins_int != 0 &amp;&amp; M4_spin_reels_symbols[2].contains("WILD_Expanding")): null

2019-08-24 13:07:09 - [TEST_STEP][PASSED] - free_spin_reel_counter = free_spin_reel_counter: null

2019-08-24 13:07:09 - [TEST_STEP][PASSED] - M4_spin_reels_symbols = M4_spin_reels_symbols: null

2019-08-24 13:07:09 - [TEST_STEP][PASSED] - M4_total_bonus_spins = M4_total_bonus_spins: null

2019-08-24 13:07:09 - [TEST_STEP][PASSED] - spin_result = sendRequestAndVerify(findTestObject("INT/RGS(M4)/1_M4_spin", ["M4_login_user_id":M4_login_user_id, "rgs_session_token":rgs_session_token, "partner":Partner])): Send request and verify the response successfully

2019-08-24 13:07:10 - [MESSAGE][INFO] - HAR: /Users/eiralee/Katalon_Script/SuperWild/Reports/20190824_125957/INT/superWild_5/20190824_125957/requests/main/131.har

2019-08-24 13:07:10 - [TEST_CASE][PASSED] - Start Test Case : Verification: Verification accomplished successfully

2019-08-24 13:07:10 - [TEST_STEP][PASSED] - request = getInstance().getCurrentRequest(): null

2019-08-24 13:07:10 - [TEST_STEP][PASSED] - response = getInstance().getCurrentResponse(): null

2019-08-24 13:07:10 - [TEST_STEP][PASSED] - verifyResponseStatusCode(response, 200): Verify response status code successfully

2019-08-24 13:07:10 - [MESSAGE][PASSED] - Verify response status code successfully

2019-08-24 13:07:10 - [TEST_STEP][PASSED] - getStatusCode()).isEqualTo(200): null

2019-08-24 13:07:10 - [TEST_STEP][PASSED] - newline = System.getProperty("line.separator"): null

2019-08-24 13:07:10 - [TEST_STEP][PASSED] - M4_spin = new groovy.json.JsonSlurper(): null

2019-08-24 13:07:10 - [TEST_STEP][PASSED] - result_M4_spin = M4_spin.parseText(response.getResponseBodyContent()): null

2019-08-24 13:07:10 - [TEST_STEP][PASSED] - M4_spin_current_balance = current_balance: null

2019-08-24 13:07:10 - [TEST_STEP][PASSED] - M4_spin_current_balance = M4_spin_current_balance: null

2019-08-24 13:07:10 - [TEST_STEP][PASSED] - M4_spin_transaction_id = causality: null

2019-08-24 13:07:10 - [TEST_STEP][PASSED] - M4_spin_transaction_id = M4_spin_transaction_id: null

2019-08-24 13:07:10 - [TEST_STEP][PASSED] - M4_spin_round_id = round_id: null

2019-08-24 13:07:10 - [TEST_STEP][PASSED] - M4_spin_round_id = M4_spin_round_id: null

2019-08-24 13:07:10 - [TEST_STEP][PASSED] - M4_spin_line_wins = line_wins: null

2019-08-24 13:07:10 - [TEST_STEP][PASSED] - M4_spin_line_wins = M4_spin_line_wins: null

2019-08-24 13:07:10 - [TEST_STEP][PASSED] - M4_total_bonus_spins_int = total_bonus_spins: null

2019-08-24 13:07:10 - [TEST_STEP][PASSED] - println("******M4_total_bonus_spins type is:*******" + newline + getClass().getName()): null

2019-08-24 13:07:10 - [TEST_STEP][PASSED] - M4_total_bonus_spins_int = M4_total_bonus_spins_int: null

2019-08-24 13:07:10 - [TEST_STEP][PASSED] - M4_total_bonus_spins = Integer.toString(M4_total_bonus_spins_int): null

2019-08-24 13:07:10 - [TEST_STEP][PASSED] - M4_total_bonus_spins = M4_total_bonus_spins: null

2019-08-24 13:07:10 - [TEST_STEP][PASSED] - println("M4_total_bonus_spins is:" + M4_total_bonus_spins): null

2019-08-24 13:07:10 - [TEST_STEP][PASSED] - M4_spin_bonus_data = bonus_data: null

2019-08-24 13:07:10 - [TEST_STEP][PASSED] - M4_spin_features_triggered = result_M4_spin: null

2019-08-24 13:07:10 - [TEST_STEP][PASSED] - wild = []: null

2019-08-24 13:07:10 - [TEST_STEP][PASSED] - wild[0] = "WILD_Expanding": null

2019-08-24 13:07:10 - [TEST_STEP][PASSED] - wild[1] = "WILD_Normal": null

2019-08-24 13:07:10 - [TEST_STEP][PASSED] - wild[2] = "WILD_Double": null

2019-08-24 13:07:10 - [TEST_STEP][PASSED] - wild[3] = "WILD_ExtraFG": null

2019-08-24 13:07:10 - [TEST_STEP][PASSED] - wild[4] = "WILD_Triple": null

2019-08-24 13:07:10 - [TEST_STEP][PASSED] - wildList = Arrays.asList(wild): null

2019-08-24 13:07:10 - [TEST_STEP][PASSED] - wildList = wildList: null

2019-08-24 13:07:10 - [TEST_STEP][PASSED] - free_spin_reel_counter = []: null

2019-08-24 13:07:10 - [TEST_STEP][PASSED] - free_spin_reel_counter[0] = 0: null

2019-08-24 13:07:10 - [TEST_STEP][PASSED] - free_spin_reel_counter[1] = 0: null

2019-08-24 13:07:10 - [TEST_STEP][PASSED] - free_spin_reel_counter[2] = 0: null

2019-08-24 13:07:10 - [TEST_STEP][PASSED] - M4_spin_reels = reels: null

2019-08-24 13:07:10 - [TEST_STEP][PASSED] - for ([i = 0, i &lt; M4_spin_reels.size(), (i++)]): null

2019-08-24 13:07:10 - [TEST_STEP][PASSED] - symbols = symbols: null

2019-08-24 13:07:10 - [TEST_STEP][PASSED] - for ([j = 0, j &lt; symbols.size(), (j++)]): null

2019-08-24 13:07:10 - [TEST_STEP][PASSED] - symbol = symbol: null

2019-08-24 13:07:10 - [TEST_STEP][PASSED] - println(symbol): null

2019-08-24 13:07:10 - [TEST_STEP][PASSED] - if (i == 2 &amp;&amp; wildList.indexOf(symbol) != -1): null

2019-08-24 13:07:10 - [TEST_STEP][PASSED] - if (i == 3 &amp;&amp; wildList.indexOf(symbol) != -1): null

2019-08-24 13:07:10 - [TEST_STEP][PASSED] - if (i == 4 &amp;&amp; wildList.indexOf(symbol) != -1): null

2019-08-24 13:07:10 - [TEST_STEP][PASSED] - symbol = symbol: null

2019-08-24 13:07:10 - [TEST_STEP][PASSED] - println(symbol): null

2019-08-24 13:07:10 - [TEST_STEP][PASSED] - if (i == 2 &amp;&amp; wildList.indexOf(symbol) != -1): null

2019-08-24 13:07:10 - [TEST_STEP][PASSED] - if (i == 3 &amp;&amp; wildList.indexOf(symbol) != -1): null

2019-08-24 13:07:10 - [TEST_STEP][PASSED] - if (i == 4 &amp;&amp; wildList.indexOf(symbol) != -1): null

2019-08-24 13:07:10 - [TEST_STEP][PASSED] - symbol = symbol: null

2019-08-24 13:07:10 - [TEST_STEP][PASSED] - println(symbol): null

2019-08-24 13:07:10 - [TEST_STEP][PASSED] - if (i == 2 &amp;&amp; wildList.indexOf(symbol) != -1): null

2019-08-24 13:07:10 - [TEST_STEP][PASSED] - if (i == 3 &amp;&amp; wildList.indexOf(symbol) != -1): null

2019-08-24 13:07:10 - [TEST_STEP][PASSED] - if (i == 4 &amp;&amp; wildList.indexOf(symbol) != -1): null

2019-08-24 13:07:10 - [TEST_STEP][PASSED] - symbols = symbols: null

2019-08-24 13:07:10 - [TEST_STEP][PASSED] - for ([j = 0, j &lt; symbols.size(), (j++)]): null

2019-08-24 13:07:10 - [TEST_STEP][PASSED] - symbol = symbol: null

2019-08-24 13:07:10 - [TEST_STEP][PASSED] - println(symbol): null

2019-08-24 13:07:10 - [TEST_STEP][PASSED] - if (i == 2 &amp;&amp; wildList.indexOf(symbol) != -1): null

2019-08-24 13:07:10 - [TEST_STEP][PASSED] - if (i == 3 &amp;&amp; wildList.indexOf(symbol) != -1): null

2019-08-24 13:07:10 - [TEST_STEP][PASSED] - if (i == 4 &amp;&amp; wildList.indexOf(symbol) != -1): null

2019-08-24 13:07:10 - [TEST_STEP][PASSED] - symbol = symbol: null

2019-08-24 13:07:10 - [TEST_STEP][PASSED] - println(symbol): null

2019-08-24 13:07:10 - [TEST_STEP][PASSED] - if (i == 2 &amp;&amp; wildList.indexOf(symbol) != -1): null

2019-08-24 13:07:10 - [TEST_STEP][PASSED] - if (i == 3 &amp;&amp; wildList.indexOf(symbol) != -1): null

2019-08-24 13:07:10 - [TEST_STEP][PASSED] - if (i == 4 &amp;&amp; wildList.indexOf(symbol) != -1): null

2019-08-24 13:07:10 - [TEST_STEP][PASSED] - symbol = symbol: null

2019-08-24 13:07:10 - [TEST_STEP][PASSED] - println(symbol): null

2019-08-24 13:07:10 - [TEST_STEP][PASSED] - if (i == 2 &amp;&amp; wildList.indexOf(symbol) != -1): null

2019-08-24 13:07:10 - [TEST_STEP][PASSED] - if (i == 3 &amp;&amp; wildList.indexOf(symbol) != -1): null

2019-08-24 13:07:10 - [TEST_STEP][PASSED] - if (i == 4 &amp;&amp; wildList.indexOf(symbol) != -1): null

2019-08-24 13:07:10 - [TEST_STEP][PASSED] - symbols = symbols: null

2019-08-24 13:07:10 - [TEST_STEP][PASSED] - for ([j = 0, j &lt; symbols.size(), (j++)]): null

2019-08-24 13:07:10 - [TEST_STEP][PASSED] - symbol = symbol: null

2019-08-24 13:07:10 - [TEST_STEP][PASSED] - println(symbol): null

2019-08-24 13:07:10 - [TEST_STEP][PASSED] - if (i == 2 &amp;&amp; wildList.indexOf(symbol) != -1): null

2019-08-24 13:07:10 - [TEST_STEP][PASSED] - if (i == 3 &amp;&amp; wildList.indexOf(symbol) != -1): null

2019-08-24 13:07:10 - [TEST_STEP][PASSED] - if (i == 4 &amp;&amp; wildList.indexOf(symbol) != -1): null

2019-08-24 13:07:10 - [TEST_STEP][PASSED] - symbol = symbol: null

2019-08-24 13:07:10 - [TEST_STEP][PASSED] - println(symbol): null

2019-08-24 13:07:10 - [TEST_STEP][PASSED] - if (i == 2 &amp;&amp; wildList.indexOf(symbol) != -1): null

2019-08-24 13:07:10 - [TEST_STEP][PASSED] - if (i == 3 &amp;&amp; wildList.indexOf(symbol) != -1): null

2019-08-24 13:07:10 - [TEST_STEP][PASSED] - if (i == 4 &amp;&amp; wildList.indexOf(symbol) != -1): null

2019-08-24 13:07:10 - [TEST_STEP][PASSED] - symbol = symbol: null

2019-08-24 13:07:10 - [TEST_STEP][PASSED] - println(symbol): null

2019-08-24 13:07:10 - [TEST_STEP][PASSED] - if (i == 2 &amp;&amp; wildList.indexOf(symbol) != -1): null

2019-08-24 13:07:10 - [TEST_STEP][PASSED] - if (i == 3 &amp;&amp; wildList.indexOf(symbol) != -1): null

2019-08-24 13:07:10 - [TEST_STEP][PASSED] - if (i == 4 &amp;&amp; wildList.indexOf(symbol) != -1): null

2019-08-24 13:07:10 - [TEST_STEP][PASSED] - symbols = symbols: null

2019-08-24 13:07:10 - [TEST_STEP][PASSED] - for ([j = 0, j &lt; symbols.size(), (j++)]): null

2019-08-24 13:07:10 - [TEST_STEP][PASSED] - symbol = symbol: null

2019-08-24 13:07:10 - [TEST_STEP][PASSED] - println(symbol): null

2019-08-24 13:07:10 - [TEST_STEP][PASSED] - if (i == 2 &amp;&amp; wildList.indexOf(symbol) != -1): null

2019-08-24 13:07:10 - [TEST_STEP][PASSED] - if (i == 3 &amp;&amp; wildList.indexOf(symbol) != -1): null

2019-08-24 13:07:10 - [TEST_STEP][PASSED] - if (i == 4 &amp;&amp; wildList.indexOf(symbol) != -1): null

2019-08-24 13:07:10 - [TEST_STEP][PASSED] - symbol = symbol: null

2019-08-24 13:07:10 - [TEST_STEP][PASSED] - println(symbol): null

2019-08-24 13:07:10 - [TEST_STEP][PASSED] - if (i == 2 &amp;&amp; wildList.indexOf(symbol) != -1): null

2019-08-24 13:07:10 - [TEST_STEP][PASSED] - if (i == 3 &amp;&amp; wildList.indexOf(symbol) != -1): null

2019-08-24 13:07:10 - [TEST_STEP][PASSED] - if (i == 4 &amp;&amp; wildList.indexOf(symbol) != -1): null

2019-08-24 13:07:10 - [TEST_STEP][PASSED] - symbol = symbol: null

2019-08-24 13:07:10 - [TEST_STEP][PASSED] - println(symbol): null

2019-08-24 13:07:10 - [TEST_STEP][PASSED] - if (i == 2 &amp;&amp; wildList.indexOf(symbol) != -1): null

2019-08-24 13:07:10 - [TEST_STEP][PASSED] - if (i == 3 &amp;&amp; wildList.indexOf(symbol) != -1): null

2019-08-24 13:07:10 - [TEST_STEP][PASSED] - if (i == 4 &amp;&amp; wildList.indexOf(symbol) != -1): null

2019-08-24 13:07:10 - [TEST_STEP][PASSED] - symbols = symbols: null

2019-08-24 13:07:10 - [TEST_STEP][PASSED] - for ([j = 0, j &lt; symbols.size(), (j++)]): null

2019-08-24 13:07:14 - [TEST_STEP][PASSED] - symbol = symbol: null

2019-08-24 13:07:14 - [TEST_STEP][PASSED] - println(symbol): null

2019-08-24 13:07:14 - [TEST_STEP][PASSED] - if (i == 2 &amp;&amp; wildList.indexOf(symbol) != -1): null

2019-08-24 13:07:14 - [TEST_STEP][PASSED] - if (i == 3 &amp;&amp; wildList.indexOf(symbol) != -1): null

2019-08-24 13:07:14 - [TEST_STEP][PASSED] - if (i == 4 &amp;&amp; wildList.indexOf(symbol) != -1): null

2019-08-24 13:07:14 - [TEST_STEP][PASSED] - symbol = symbol: null

2019-08-24 13:07:14 - [TEST_STEP][PASSED] - println(symbol): null

2019-08-24 13:07:14 - [TEST_STEP][PASSED] - if (i == 2 &amp;&amp; wildList.indexOf(symbol) != -1): null

2019-08-24 13:07:14 - [TEST_STEP][PASSED] - if (i == 3 &amp;&amp; wildList.indexOf(symbol) != -1): null

2019-08-24 13:07:14 - [TEST_STEP][PASSED] - if (i == 4 &amp;&amp; wildList.indexOf(symbol) != -1): null

2019-08-24 13:07:14 - [TEST_STEP][PASSED] - symbol = symbol: null

2019-08-24 13:07:19 - [TEST_STEP][PASSED] - println(symbol): null

2019-08-24 13:07:19 - [TEST_STEP][PASSED] - if (i == 2 &amp;&amp; wildList.indexOf(symbol) != -1): null

2019-08-24 13:07:19 - [TEST_STEP][PASSED] - if (i == 3 &amp;&amp; wildList.indexOf(symbol) != -1): null

2019-08-24 13:07:19 - [TEST_STEP][PASSED] - if (i == 4 &amp;&amp; wildList.indexOf(symbol) != -1): null

2019-08-24 13:07:24 - [TEST_STEP][PASSED] - free_spin_reel_counter = free_spin_reel_counter: null

2019-08-24 13:07:24 - [TEST_STEP][PASSED] - println("reel 3 wild found: " + free_spin_reel_counter[0]): null

2019-08-24 13:07:24 - [TEST_STEP][PASSED] - println("reel 4 wild found: " + free_spin_reel_counter[1]): null

2019-08-24 13:07:24 - [TEST_STEP][PASSED] - println("reel 5 wild found: " + free_spin_reel_counter[2]): null

2019-08-24 13:07:24 - [TEST_STEP][PASSED] - M4_spin_reels = M4_spin_reels: null

2019-08-24 13:07:24 - [TEST_STEP][PASSED] - M4_spin_reels_symbols = symbol: null

2019-08-24 13:07:24 - [TEST_STEP][PASSED] - M4_spin_reels_symbols = M4_spin_reels_symbols: null

2019-08-24 13:07:24 - [TEST_STEP][PASSED] - M4_spin_reel_wins = reel_wins: null

2019-08-24 13:07:24 - [TEST_STEP][PASSED] - M4_spin_reel_wins = M4_spin_reel_wins: null

2019-08-24 13:07:24 - [TEST_STEP][PASSED] - println("GlobalVariable.M4_spin_reel_wins is: " + M4_spin_reel_wins): null

2019-08-24 13:07:24 - [TEST_STEP][PASSED] - M4_spin_total_bonus_win_this_round = total_bonus_win_this_round: null

2019-08-24 13:07:24 - [TEST_STEP][PASSED] - M4_spin_total_bonus_win_this_round = M4_spin_total_bonus_win_this_round: null

2019-08-24 13:07:24 - [TEST_STEP][PASSED] - println("GlobalVariable.M4_spin_total_bonus_win_this_round is: " + M4_spin_total_bonus_win_this_round): null

2019-08-24 13:07:24 - [TEST_STEP][PASSED] - M4_spin_bonus_spin_result = spin_result: null

2019-08-24 13:07:24 - [TEST_STEP][PASSED] - M4_spin_bonus_spin_result = M4_spin_bonus_spin_result: null

2019-08-24 13:07:24 - [MESSAGE][PASSED] - Verify response successfully

2019-08-24 13:07:24 - [MESSAGE][PASSED] - Send request and verify the response successfully

2019-08-24 13:07:24 - [TEST_STEP][PASSED] - if (M4_total_bonus_spins_int != 0 &amp;&amp; M4_spin_reels_symbols[2].contains("WILD_Expanding")): null

2019-08-24 13:07:24 - [TEST_STEP][PASSED] - free_spin_reel_counter = free_spin_reel_counter: null

2019-08-24 13:07:24 - [TEST_STEP][PASSED] - M4_spin_reels_symbols = M4_spin_reels_symbols: null

2019-08-24 13:07:24 - [TEST_STEP][PASSED] - M4_total_bonus_spins = M4_total_bonus_spins: null

2019-08-24 13:07:24 - [TEST_STEP][PASSED] - spin_result = sendRequestAndVerify(findTestObject("INT/RGS(M4)/1_M4_spin", ["M4_login_user_id":M4_login_user_id, "rgs_session_token":rgs_session_token, "partner":Partner])): Send request and verify the response successfully

2019-08-24 13:07:25 - [MESSAGE][INFO] - HAR: /Users/eiralee/Katalon_Script/SuperWild/Reports/20190824_125957/INT/superWild_5/20190824_125957/requests/main/132.har

2019-08-24 13:07:25 - [TEST_CASE][PASSED] - Start Test Case : Verification: Verification accomplished successfully

2019-08-24 13:07:25 - [TEST_STEP][PASSED] - request = getInstance().getCurrentRequest(): null

2019-08-24 13:07:25 - [TEST_STEP][PASSED] - response = getInstance().getCurrentResponse(): null

2019-08-24 13:07:25 - [TEST_STEP][PASSED] - verifyResponseStatusCode(response, 200): Verify response status code successfully

2019-08-24 13:07:25 - [MESSAGE][PASSED] - Verify response status code successfully

2019-08-24 13:07:25 - [TEST_STEP][PASSED] - getStatusCode()).isEqualTo(200): null

2019-08-24 13:07:25 - [TEST_STEP][PASSED] - newline = System.getProperty("line.separator"): null

2019-08-24 13:07:25 - [TEST_STEP][PASSED] - M4_spin = new groovy.json.JsonSlurper(): null

2019-08-24 13:07:25 - [TEST_STEP][PASSED] - result_M4_spin = M4_spin.parseText(response.getResponseBodyContent()): null

2019-08-24 13:07:25 - [TEST_STEP][PASSED] - M4_spin_current_balance = current_balance: null

2019-08-24 13:07:25 - [TEST_STEP][PASSED] - M4_spin_current_balance = M4_spin_current_balance: null

2019-08-24 13:07:25 - [TEST_STEP][PASSED] - M4_spin_transaction_id = causality: null

2019-08-24 13:07:25 - [TEST_STEP][PASSED] - M4_spin_transaction_id = M4_spin_transaction_id: null

2019-08-24 13:07:25 - [TEST_STEP][PASSED] - M4_spin_round_id = round_id: null

2019-08-24 13:07:25 - [TEST_STEP][PASSED] - M4_spin_round_id = M4_spin_round_id: null

2019-08-24 13:07:25 - [TEST_STEP][PASSED] - M4_spin_line_wins = line_wins: null

2019-08-24 13:07:25 - [TEST_STEP][PASSED] - M4_spin_line_wins = M4_spin_line_wins: null

2019-08-24 13:07:25 - [TEST_STEP][PASSED] - M4_total_bonus_spins_int = total_bonus_spins: null

2019-08-24 13:07:25 - [TEST_STEP][PASSED] - println("******M4_total_bonus_spins type is:*******" + newline + getClass().getName()): null

2019-08-24 13:07:25 - [TEST_STEP][PASSED] - M4_total_bonus_spins_int = M4_total_bonus_spins_int: null

2019-08-24 13:07:25 - [TEST_STEP][PASSED] - M4_total_bonus_spins = Integer.toString(M4_total_bonus_spins_int): null

2019-08-24 13:07:25 - [TEST_STEP][PASSED] - M4_total_bonus_spins = M4_total_bonus_spins: null

2019-08-24 13:07:25 - [TEST_STEP][PASSED] - println("M4_total_bonus_spins is:" + M4_total_bonus_spins): null

2019-08-24 13:07:25 - [TEST_STEP][PASSED] - M4_spin_bonus_data = bonus_data: null

2019-08-24 13:07:25 - [TEST_STEP][PASSED] - M4_spin_features_triggered = result_M4_spin: null

2019-08-24 13:07:25 - [TEST_STEP][PASSED] - wild = []: null

2019-08-24 13:07:25 - [TEST_STEP][PASSED] - wild[0] = "WILD_Expanding": null

2019-08-24 13:07:25 - [TEST_STEP][PASSED] - wild[1] = "WILD_Normal": null

2019-08-24 13:07:25 - [TEST_STEP][PASSED] - wild[2] = "WILD_Double": null

2019-08-24 13:07:25 - [TEST_STEP][PASSED] - wild[3] = "WILD_ExtraFG": null

2019-08-24 13:07:25 - [TEST_STEP][PASSED] - wild[4] = "WILD_Triple": null

2019-08-24 13:07:25 - [TEST_STEP][PASSED] - wildList = Arrays.asList(wild): null

2019-08-24 13:07:25 - [TEST_STEP][PASSED] - wildList = wildList: null

2019-08-24 13:07:25 - [TEST_STEP][PASSED] - free_spin_reel_counter = []: null

2019-08-24 13:07:25 - [TEST_STEP][PASSED] - free_spin_reel_counter[0] = 0: null

2019-08-24 13:07:25 - [TEST_STEP][PASSED] - free_spin_reel_counter[1] = 0: null

2019-08-24 13:07:25 - [TEST_STEP][PASSED] - free_spin_reel_counter[2] = 0: null

2019-08-24 13:07:25 - [TEST_STEP][PASSED] - M4_spin_reels = reels: null

2019-08-24 13:07:25 - [TEST_STEP][PASSED] - for ([i = 0, i &lt; M4_spin_reels.size(), (i++)]): null

2019-08-24 13:07:25 - [TEST_STEP][PASSED] - symbols = symbols: null

2019-08-24 13:07:25 - [TEST_STEP][PASSED] - for ([j = 0, j &lt; symbols.size(), (j++)]): null

2019-08-24 13:07:25 - [TEST_STEP][PASSED] - symbol = symbol: null

2019-08-24 13:07:25 - [TEST_STEP][PASSED] - println(symbol): null

2019-08-24 13:07:25 - [TEST_STEP][PASSED] - if (i == 2 &amp;&amp; wildList.indexOf(symbol) != -1): null

2019-08-24 13:07:25 - [TEST_STEP][PASSED] - if (i == 3 &amp;&amp; wildList.indexOf(symbol) != -1): null

2019-08-24 13:07:25 - [TEST_STEP][PASSED] - if (i == 4 &amp;&amp; wildList.indexOf(symbol) != -1): null

2019-08-24 13:07:25 - [TEST_STEP][PASSED] - symbol = symbol: null

2019-08-24 13:07:25 - [TEST_STEP][PASSED] - println(symbol): null

2019-08-24 13:07:25 - [TEST_STEP][PASSED] - if (i == 2 &amp;&amp; wildList.indexOf(symbol) != -1): null

2019-08-24 13:07:25 - [TEST_STEP][PASSED] - if (i == 3 &amp;&amp; wildList.indexOf(symbol) != -1): null

2019-08-24 13:07:25 - [TEST_STEP][PASSED] - if (i == 4 &amp;&amp; wildList.indexOf(symbol) != -1): null

2019-08-24 13:07:25 - [TEST_STEP][PASSED] - symbol = symbol: null

2019-08-24 13:07:25 - [TEST_STEP][PASSED] - println(symbol): null

2019-08-24 13:07:25 - [TEST_STEP][PASSED] - if (i == 2 &amp;&amp; wildList.indexOf(symbol) != -1): null

2019-08-24 13:07:25 - [TEST_STEP][PASSED] - if (i == 3 &amp;&amp; wildList.indexOf(symbol) != -1): null

2019-08-24 13:07:25 - [TEST_STEP][PASSED] - if (i == 4 &amp;&amp; wildList.indexOf(symbol) != -1): null

2019-08-24 13:07:25 - [TEST_STEP][PASSED] - symbols = symbols: null

2019-08-24 13:07:25 - [TEST_STEP][PASSED] - for ([j = 0, j &lt; symbols.size(), (j++)]): null

2019-08-24 13:07:25 - [TEST_STEP][PASSED] - symbol = symbol: null

2019-08-24 13:07:25 - [TEST_STEP][PASSED] - println(symbol): null

2019-08-24 13:07:25 - [TEST_STEP][PASSED] - if (i == 2 &amp;&amp; wildList.indexOf(symbol) != -1): null

2019-08-24 13:07:25 - [TEST_STEP][PASSED] - if (i == 3 &amp;&amp; wildList.indexOf(symbol) != -1): null

2019-08-24 13:07:25 - [TEST_STEP][PASSED] - if (i == 4 &amp;&amp; wildList.indexOf(symbol) != -1): null

2019-08-24 13:07:25 - [TEST_STEP][PASSED] - symbol = symbol: null

2019-08-24 13:07:25 - [TEST_STEP][PASSED] - println(symbol): null

2019-08-24 13:07:25 - [TEST_STEP][PASSED] - if (i == 2 &amp;&amp; wildList.indexOf(symbol) != -1): null

2019-08-24 13:07:25 - [TEST_STEP][PASSED] - if (i == 3 &amp;&amp; wildList.indexOf(symbol) != -1): null

2019-08-24 13:07:25 - [TEST_STEP][PASSED] - if (i == 4 &amp;&amp; wildList.indexOf(symbol) != -1): null

2019-08-24 13:07:25 - [TEST_STEP][PASSED] - symbol = symbol: null

2019-08-24 13:07:25 - [TEST_STEP][PASSED] - println(symbol): null

2019-08-24 13:07:25 - [TEST_STEP][PASSED] - if (i == 2 &amp;&amp; wildList.indexOf(symbol) != -1): null

2019-08-24 13:07:25 - [TEST_STEP][PASSED] - if (i == 3 &amp;&amp; wildList.indexOf(symbol) != -1): null

2019-08-24 13:07:25 - [TEST_STEP][PASSED] - if (i == 4 &amp;&amp; wildList.indexOf(symbol) != -1): null

2019-08-24 13:07:25 - [TEST_STEP][PASSED] - symbols = symbols: null

2019-08-24 13:07:25 - [TEST_STEP][PASSED] - for ([j = 0, j &lt; symbols.size(), (j++)]): null

2019-08-24 13:07:25 - [TEST_STEP][PASSED] - symbol = symbol: null

2019-08-24 13:07:25 - [TEST_STEP][PASSED] - println(symbol): null

2019-08-24 13:07:25 - [TEST_STEP][PASSED] - if (i == 2 &amp;&amp; wildList.indexOf(symbol) != -1): null

2019-08-24 13:07:25 - [TEST_STEP][PASSED] - if (i == 3 &amp;&amp; wildList.indexOf(symbol) != -1): null

2019-08-24 13:07:25 - [TEST_STEP][PASSED] - if (i == 4 &amp;&amp; wildList.indexOf(symbol) != -1): null

2019-08-24 13:07:25 - [TEST_STEP][PASSED] - symbol = symbol: null

2019-08-24 13:07:25 - [TEST_STEP][PASSED] - println(symbol): null

2019-08-24 13:07:25 - [TEST_STEP][PASSED] - if (i == 2 &amp;&amp; wildList.indexOf(symbol) != -1): null

2019-08-24 13:07:25 - [TEST_STEP][PASSED] - println("wild found on reel 3, adding counter by 1"): null

2019-08-24 13:07:25 - [TEST_STEP][PASSED] - free_spin_reel_counter[0] = free_spin_reel_counter[0] + 1: null

2019-08-24 13:07:25 - [TEST_STEP][PASSED] - if (i == 3 &amp;&amp; wildList.indexOf(symbol) != -1): null

2019-08-24 13:07:25 - [TEST_STEP][PASSED] - if (i == 4 &amp;&amp; wildList.indexOf(symbol) != -1): null

2019-08-24 13:07:25 - [TEST_STEP][PASSED] - symbol = symbol: null

2019-08-24 13:07:25 - [TEST_STEP][PASSED] - println(symbol): null

2019-08-24 13:07:25 - [TEST_STEP][PASSED] - if (i == 2 &amp;&amp; wildList.indexOf(symbol) != -1): null

2019-08-24 13:07:25 - [TEST_STEP][PASSED] - if (i == 3 &amp;&amp; wildList.indexOf(symbol) != -1): null

2019-08-24 13:07:25 - [TEST_STEP][PASSED] - if (i == 4 &amp;&amp; wildList.indexOf(symbol) != -1): null

2019-08-24 13:07:25 - [TEST_STEP][PASSED] - symbols = symbols: null

2019-08-24 13:07:25 - [TEST_STEP][PASSED] - for ([j = 0, j &lt; symbols.size(), (j++)]): null

2019-08-24 13:07:25 - [TEST_STEP][PASSED] - symbol = symbol: null

2019-08-24 13:07:25 - [TEST_STEP][PASSED] - println(symbol): null

2019-08-24 13:07:25 - [TEST_STEP][PASSED] - if (i == 2 &amp;&amp; wildList.indexOf(symbol) != -1): null

2019-08-24 13:07:25 - [TEST_STEP][PASSED] - if (i == 3 &amp;&amp; wildList.indexOf(symbol) != -1): null

2019-08-24 13:07:25 - [TEST_STEP][PASSED] - if (i == 4 &amp;&amp; wildList.indexOf(symbol) != -1): null

2019-08-24 13:07:25 - [TEST_STEP][PASSED] - symbol = symbol: null

2019-08-24 13:07:25 - [TEST_STEP][PASSED] - println(symbol): null

2019-08-24 13:07:25 - [TEST_STEP][PASSED] - if (i == 2 &amp;&amp; wildList.indexOf(symbol) != -1): null

2019-08-24 13:07:25 - [TEST_STEP][PASSED] - if (i == 3 &amp;&amp; wildList.indexOf(symbol) != -1): null

2019-08-24 13:07:25 - [TEST_STEP][PASSED] - if (i == 4 &amp;&amp; wildList.indexOf(symbol) != -1): null

2019-08-24 13:07:25 - [TEST_STEP][PASSED] - symbol = symbol: null

2019-08-24 13:07:25 - [TEST_STEP][PASSED] - println(symbol): null

2019-08-24 13:07:25 - [TEST_STEP][PASSED] - if (i == 2 &amp;&amp; wildList.indexOf(symbol) != -1): null

2019-08-24 13:07:25 - [TEST_STEP][PASSED] - if (i == 3 &amp;&amp; wildList.indexOf(symbol) != -1): null

2019-08-24 13:07:25 - [TEST_STEP][PASSED] - if (i == 4 &amp;&amp; wildList.indexOf(symbol) != -1): null

2019-08-24 13:07:25 - [TEST_STEP][PASSED] - symbols = symbols: null

2019-08-24 13:07:25 - [TEST_STEP][PASSED] - for ([j = 0, j &lt; symbols.size(), (j++)]): null

2019-08-24 13:07:25 - [TEST_STEP][PASSED] - symbol = symbol: null

2019-08-24 13:07:25 - [TEST_STEP][PASSED] - println(symbol): null

2019-08-24 13:07:25 - [TEST_STEP][PASSED] - if (i == 2 &amp;&amp; wildList.indexOf(symbol) != -1): null

2019-08-24 13:07:25 - [TEST_STEP][PASSED] - if (i == 3 &amp;&amp; wildList.indexOf(symbol) != -1): null

2019-08-24 13:07:25 - [TEST_STEP][PASSED] - if (i == 4 &amp;&amp; wildList.indexOf(symbol) != -1): null

2019-08-24 13:07:25 - [TEST_STEP][PASSED] - symbol = symbol: null

2019-08-24 13:07:25 - [TEST_STEP][PASSED] - println(symbol): null

2019-08-24 13:07:25 - [TEST_STEP][PASSED] - if (i == 2 &amp;&amp; wildList.indexOf(symbol) != -1): null

2019-08-24 13:07:25 - [TEST_STEP][PASSED] - if (i == 3 &amp;&amp; wildList.indexOf(symbol) != -1): null

2019-08-24 13:07:25 - [TEST_STEP][PASSED] - if (i == 4 &amp;&amp; wildList.indexOf(symbol) != -1): null

2019-08-24 13:07:25 - [TEST_STEP][PASSED] - symbol = symbol: null

2019-08-24 13:07:25 - [TEST_STEP][PASSED] - println(symbol): null

2019-08-24 13:07:25 - [TEST_STEP][PASSED] - if (i == 2 &amp;&amp; wildList.indexOf(symbol) != -1): null

2019-08-24 13:07:25 - [TEST_STEP][PASSED] - if (i == 3 &amp;&amp; wildList.indexOf(symbol) != -1): null

2019-08-24 13:07:25 - [TEST_STEP][PASSED] - if (i == 4 &amp;&amp; wildList.indexOf(symbol) != -1): null

2019-08-24 13:07:25 - [TEST_STEP][PASSED] - free_spin_reel_counter = free_spin_reel_counter: null

2019-08-24 13:07:25 - [TEST_STEP][PASSED] - println("reel 3 wild found: " + free_spin_reel_counter[0]): null

2019-08-24 13:07:25 - [TEST_STEP][PASSED] - println("reel 4 wild found: " + free_spin_reel_counter[1]): null

2019-08-24 13:07:25 - [TEST_STEP][PASSED] - println("reel 5 wild found: " + free_spin_reel_counter[2]): null

2019-08-24 13:07:25 - [TEST_STEP][PASSED] - M4_spin_reels = M4_spin_reels: null

2019-08-24 13:07:25 - [TEST_STEP][PASSED] - M4_spin_reels_symbols = symbol: null

2019-08-24 13:07:25 - [TEST_STEP][PASSED] - M4_spin_reels_symbols = M4_spin_reels_symbols: null

2019-08-24 13:07:25 - [TEST_STEP][PASSED] - M4_spin_reel_wins = reel_wins: null

2019-08-24 13:07:25 - [TEST_STEP][PASSED] - M4_spin_reel_wins = M4_spin_reel_wins: null

2019-08-24 13:07:25 - [TEST_STEP][PASSED] - println("GlobalVariable.M4_spin_reel_wins is: " + M4_spin_reel_wins): null

2019-08-24 13:07:25 - [TEST_STEP][PASSED] - M4_spin_total_bonus_win_this_round = total_bonus_win_this_round: null

2019-08-24 13:07:25 - [TEST_STEP][PASSED] - M4_spin_total_bonus_win_this_round = M4_spin_total_bonus_win_this_round: null

2019-08-24 13:07:25 - [TEST_STEP][PASSED] - println("GlobalVariable.M4_spin_total_bonus_win_this_round is: " + M4_spin_total_bonus_win_this_round): null

2019-08-24 13:07:25 - [TEST_STEP][PASSED] - M4_spin_bonus_spin_result = spin_result: null

2019-08-24 13:07:25 - [TEST_STEP][PASSED] - M4_spin_bonus_spin_result = M4_spin_bonus_spin_result: null

2019-08-24 13:07:25 - [MESSAGE][PASSED] - Verify response successfully

2019-08-24 13:07:25 - [MESSAGE][PASSED] - Send request and verify the response successfully

2019-08-24 13:07:25 - [TEST_STEP][PASSED] - if (M4_total_bonus_spins_int != 0 &amp;&amp; M4_spin_reels_symbols[2].contains("WILD_Expanding")): null

2019-08-24 13:07:25 - [TEST_STEP][PASSED] - free_spin_reel_counter = free_spin_reel_counter: null

2019-08-24 13:07:25 - [TEST_STEP][PASSED] - M4_spin_reels_symbols = M4_spin_reels_symbols: null

2019-08-24 13:07:25 - [TEST_STEP][PASSED] - M4_total_bonus_spins = M4_total_bonus_spins: null

2019-08-24 13:07:25 - [TEST_STEP][PASSED] - spin_result = sendRequestAndVerify(findTestObject("INT/RGS(M4)/1_M4_spin", ["M4_login_user_id":M4_login_user_id, "rgs_session_token":rgs_session_token, "partner":Partner])): Send request and verify the response successfully

2019-08-24 13:07:26 - [MESSAGE][INFO] - HAR: /Users/eiralee/Katalon_Script/SuperWild/Reports/20190824_125957/INT/superWild_5/20190824_125957/requests/main/133.har

2019-08-24 13:07:26 - [TEST_CASE][PASSED] - Start Test Case : Verification: Verification accomplished successfully

2019-08-24 13:07:26 - [TEST_STEP][PASSED] - request = getInstance().getCurrentRequest(): null

2019-08-24 13:07:26 - [TEST_STEP][PASSED] - response = getInstance().getCurrentResponse(): null

2019-08-24 13:07:26 - [TEST_STEP][PASSED] - verifyResponseStatusCode(response, 200): Verify response status code successfully

2019-08-24 13:07:26 - [MESSAGE][PASSED] - Verify response status code successfully

2019-08-24 13:07:26 - [TEST_STEP][PASSED] - getStatusCode()).isEqualTo(200): null

2019-08-24 13:07:26 - [TEST_STEP][PASSED] - newline = System.getProperty("line.separator"): null

2019-08-24 13:07:26 - [TEST_STEP][PASSED] - M4_spin = new groovy.json.JsonSlurper(): null

2019-08-24 13:07:26 - [TEST_STEP][PASSED] - result_M4_spin = M4_spin.parseText(response.getResponseBodyContent()): null

2019-08-24 13:07:26 - [TEST_STEP][PASSED] - M4_spin_current_balance = current_balance: null

2019-08-24 13:07:26 - [TEST_STEP][PASSED] - M4_spin_current_balance = M4_spin_current_balance: null

2019-08-24 13:07:26 - [TEST_STEP][PASSED] - M4_spin_transaction_id = causality: null

2019-08-24 13:07:26 - [TEST_STEP][PASSED] - M4_spin_transaction_id = M4_spin_transaction_id: null

2019-08-24 13:07:26 - [TEST_STEP][PASSED] - M4_spin_round_id = round_id: null

2019-08-24 13:07:26 - [TEST_STEP][PASSED] - M4_spin_round_id = M4_spin_round_id: null

2019-08-24 13:07:26 - [TEST_STEP][PASSED] - M4_spin_line_wins = line_wins: null

2019-08-24 13:07:26 - [TEST_STEP][PASSED] - M4_spin_line_wins = M4_spin_line_wins: null

2019-08-24 13:07:26 - [TEST_STEP][PASSED] - M4_total_bonus_spins_int = total_bonus_spins: null

2019-08-24 13:07:26 - [TEST_STEP][PASSED] - println("******M4_total_bonus_spins type is:*******" + newline + getClass().getName()): null

2019-08-24 13:07:26 - [TEST_STEP][PASSED] - M4_total_bonus_spins_int = M4_total_bonus_spins_int: null

2019-08-24 13:07:26 - [TEST_STEP][PASSED] - M4_total_bonus_spins = Integer.toString(M4_total_bonus_spins_int): null

2019-08-24 13:07:26 - [TEST_STEP][PASSED] - M4_total_bonus_spins = M4_total_bonus_spins: null

2019-08-24 13:07:26 - [TEST_STEP][PASSED] - println("M4_total_bonus_spins is:" + M4_total_bonus_spins): null

2019-08-24 13:07:26 - [TEST_STEP][PASSED] - M4_spin_bonus_data = bonus_data: null

2019-08-24 13:07:26 - [TEST_STEP][PASSED] - M4_spin_features_triggered = result_M4_spin: null

2019-08-24 13:07:26 - [TEST_STEP][PASSED] - wild = []: null

2019-08-24 13:07:26 - [TEST_STEP][PASSED] - wild[0] = "WILD_Expanding": null

2019-08-24 13:07:26 - [TEST_STEP][PASSED] - wild[1] = "WILD_Normal": null

2019-08-24 13:07:26 - [TEST_STEP][PASSED] - wild[2] = "WILD_Double": null

2019-08-24 13:07:26 - [TEST_STEP][PASSED] - wild[3] = "WILD_ExtraFG": null

2019-08-24 13:07:26 - [TEST_STEP][PASSED] - wild[4] = "WILD_Triple": null

2019-08-24 13:07:26 - [TEST_STEP][PASSED] - wildList = Arrays.asList(wild): null

2019-08-24 13:07:26 - [TEST_STEP][PASSED] - wildList = wildList: null

2019-08-24 13:07:26 - [TEST_STEP][PASSED] - free_spin_reel_counter = []: null

2019-08-24 13:07:26 - [TEST_STEP][PASSED] - free_spin_reel_counter[0] = 0: null

2019-08-24 13:07:26 - [TEST_STEP][PASSED] - free_spin_reel_counter[1] = 0: null

2019-08-24 13:07:26 - [TEST_STEP][PASSED] - free_spin_reel_counter[2] = 0: null

2019-08-24 13:07:26 - [TEST_STEP][PASSED] - M4_spin_reels = reels: null

2019-08-24 13:07:26 - [TEST_STEP][PASSED] - for ([i = 0, i &lt; M4_spin_reels.size(), (i++)]): null

2019-08-24 13:07:26 - [TEST_STEP][PASSED] - symbols = symbols: null

2019-08-24 13:07:26 - [TEST_STEP][PASSED] - for ([j = 0, j &lt; symbols.size(), (j++)]): null

2019-08-24 13:07:26 - [TEST_STEP][PASSED] - symbol = symbol: null

2019-08-24 13:07:26 - [TEST_STEP][PASSED] - println(symbol): null

2019-08-24 13:07:26 - [TEST_STEP][PASSED] - if (i == 2 &amp;&amp; wildList.indexOf(symbol) != -1): null

2019-08-24 13:07:26 - [TEST_STEP][PASSED] - if (i == 3 &amp;&amp; wildList.indexOf(symbol) != -1): null

2019-08-24 13:07:26 - [TEST_STEP][PASSED] - if (i == 4 &amp;&amp; wildList.indexOf(symbol) != -1): null

2019-08-24 13:07:26 - [TEST_STEP][PASSED] - symbol = symbol: null

2019-08-24 13:07:26 - [TEST_STEP][PASSED] - println(symbol): null

2019-08-24 13:07:26 - [TEST_STEP][PASSED] - if (i == 2 &amp;&amp; wildList.indexOf(symbol) != -1): null

2019-08-24 13:07:26 - [TEST_STEP][PASSED] - if (i == 3 &amp;&amp; wildList.indexOf(symbol) != -1): null

2019-08-24 13:07:26 - [TEST_STEP][PASSED] - if (i == 4 &amp;&amp; wildList.indexOf(symbol) != -1): null

2019-08-24 13:07:26 - [TEST_STEP][PASSED] - symbol = symbol: null

2019-08-24 13:07:26 - [TEST_STEP][PASSED] - println(symbol): null

2019-08-24 13:07:26 - [TEST_STEP][PASSED] - if (i == 2 &amp;&amp; wildList.indexOf(symbol) != -1): null

2019-08-24 13:07:26 - [TEST_STEP][PASSED] - if (i == 3 &amp;&amp; wildList.indexOf(symbol) != -1): null

2019-08-24 13:07:26 - [TEST_STEP][PASSED] - if (i == 4 &amp;&amp; wildList.indexOf(symbol) != -1): null

2019-08-24 13:07:26 - [TEST_STEP][PASSED] - symbols = symbols: null

2019-08-24 13:07:26 - [TEST_STEP][PASSED] - for ([j = 0, j &lt; symbols.size(), (j++)]): null

2019-08-24 13:07:26 - [TEST_STEP][PASSED] - symbol = symbol: null

2019-08-24 13:07:26 - [TEST_STEP][PASSED] - println(symbol): null

2019-08-24 13:07:26 - [TEST_STEP][PASSED] - if (i == 2 &amp;&amp; wildList.indexOf(symbol) != -1): null

2019-08-24 13:07:26 - [TEST_STEP][PASSED] - if (i == 3 &amp;&amp; wildList.indexOf(symbol) != -1): null

2019-08-24 13:07:26 - [TEST_STEP][PASSED] - if (i == 4 &amp;&amp; wildList.indexOf(symbol) != -1): null

2019-08-24 13:07:26 - [TEST_STEP][PASSED] - symbol = symbol: null

2019-08-24 13:07:26 - [TEST_STEP][PASSED] - println(symbol): null

2019-08-24 13:07:26 - [TEST_STEP][PASSED] - if (i == 2 &amp;&amp; wildList.indexOf(symbol) != -1): null

2019-08-24 13:07:26 - [TEST_STEP][PASSED] - if (i == 3 &amp;&amp; wildList.indexOf(symbol) != -1): null

2019-08-24 13:07:26 - [TEST_STEP][PASSED] - if (i == 4 &amp;&amp; wildList.indexOf(symbol) != -1): null

2019-08-24 13:07:26 - [TEST_STEP][PASSED] - symbol = symbol: null

2019-08-24 13:07:26 - [TEST_STEP][PASSED] - println(symbol): null

2019-08-24 13:07:26 - [TEST_STEP][PASSED] - if (i == 2 &amp;&amp; wildList.indexOf(symbol) != -1): null

2019-08-24 13:07:26 - [TEST_STEP][PASSED] - if (i == 3 &amp;&amp; wildList.indexOf(symbol) != -1): null

2019-08-24 13:07:26 - [TEST_STEP][PASSED] - if (i == 4 &amp;&amp; wildList.indexOf(symbol) != -1): null

2019-08-24 13:07:26 - [TEST_STEP][PASSED] - symbols = symbols: null

2019-08-24 13:07:26 - [TEST_STEP][PASSED] - for ([j = 0, j &lt; symbols.size(), (j++)]): null

2019-08-24 13:07:26 - [TEST_STEP][PASSED] - symbol = symbol: null

2019-08-24 13:07:26 - [TEST_STEP][PASSED] - println(symbol): null

2019-08-24 13:07:26 - [TEST_STEP][PASSED] - if (i == 2 &amp;&amp; wildList.indexOf(symbol) != -1): null

2019-08-24 13:07:26 - [TEST_STEP][PASSED] - if (i == 3 &amp;&amp; wildList.indexOf(symbol) != -1): null

2019-08-24 13:07:26 - [TEST_STEP][PASSED] - if (i == 4 &amp;&amp; wildList.indexOf(symbol) != -1): null

2019-08-24 13:07:26 - [TEST_STEP][PASSED] - symbol = symbol: null

2019-08-24 13:07:26 - [TEST_STEP][PASSED] - println(symbol): null

2019-08-24 13:07:26 - [TEST_STEP][PASSED] - if (i == 2 &amp;&amp; wildList.indexOf(symbol) != -1): null

2019-08-24 13:07:26 - [TEST_STEP][PASSED] - if (i == 3 &amp;&amp; wildList.indexOf(symbol) != -1): null

2019-08-24 13:07:26 - [TEST_STEP][PASSED] - if (i == 4 &amp;&amp; wildList.indexOf(symbol) != -1): null

2019-08-24 13:07:26 - [TEST_STEP][PASSED] - symbol = symbol: null

2019-08-24 13:07:26 - [TEST_STEP][PASSED] - println(symbol): null

2019-08-24 13:07:26 - [TEST_STEP][PASSED] - if (i == 2 &amp;&amp; wildList.indexOf(symbol) != -1): null

2019-08-24 13:07:26 - [TEST_STEP][PASSED] - if (i == 3 &amp;&amp; wildList.indexOf(symbol) != -1): null

2019-08-24 13:07:26 - [TEST_STEP][PASSED] - if (i == 4 &amp;&amp; wildList.indexOf(symbol) != -1): null

2019-08-24 13:07:26 - [TEST_STEP][PASSED] - symbols = symbols: null

2019-08-24 13:07:26 - [TEST_STEP][PASSED] - for ([j = 0, j &lt; symbols.size(), (j++)]): null

2019-08-24 13:07:26 - [TEST_STEP][PASSED] - symbol = symbol: null

2019-08-24 13:07:26 - [TEST_STEP][PASSED] - println(symbol): null

2019-08-24 13:07:26 - [TEST_STEP][PASSED] - if (i == 2 &amp;&amp; wildList.indexOf(symbol) != -1): null

2019-08-24 13:07:26 - [TEST_STEP][PASSED] - if (i == 3 &amp;&amp; wildList.indexOf(symbol) != -1): null

2019-08-24 13:07:26 - [TEST_STEP][PASSED] - if (i == 4 &amp;&amp; wildList.indexOf(symbol) != -1): null

2019-08-24 13:07:26 - [TEST_STEP][PASSED] - symbol = symbol: null

2019-08-24 13:07:26 - [TEST_STEP][PASSED] - println(symbol): null

2019-08-24 13:07:26 - [TEST_STEP][PASSED] - if (i == 2 &amp;&amp; wildList.indexOf(symbol) != -1): null

2019-08-24 13:07:26 - [TEST_STEP][PASSED] - if (i == 3 &amp;&amp; wildList.indexOf(symbol) != -1): null

2019-08-24 13:07:26 - [TEST_STEP][PASSED] - if (i == 4 &amp;&amp; wildList.indexOf(symbol) != -1): null

2019-08-24 13:07:26 - [TEST_STEP][PASSED] - symbol = symbol: null

2019-08-24 13:07:26 - [TEST_STEP][PASSED] - println(symbol): null

2019-08-24 13:07:26 - [TEST_STEP][PASSED] - if (i == 2 &amp;&amp; wildList.indexOf(symbol) != -1): null

2019-08-24 13:07:26 - [TEST_STEP][PASSED] - if (i == 3 &amp;&amp; wildList.indexOf(symbol) != -1): null

2019-08-24 13:07:26 - [TEST_STEP][PASSED] - if (i == 4 &amp;&amp; wildList.indexOf(symbol) != -1): null

2019-08-24 13:07:26 - [TEST_STEP][PASSED] - symbols = symbols: null

2019-08-24 13:07:26 - [TEST_STEP][PASSED] - for ([j = 0, j &lt; symbols.size(), (j++)]): null

2019-08-24 13:07:26 - [TEST_STEP][PASSED] - symbol = symbol: null

2019-08-24 13:07:26 - [TEST_STEP][PASSED] - println(symbol): null

2019-08-24 13:07:26 - [TEST_STEP][PASSED] - if (i == 2 &amp;&amp; wildList.indexOf(symbol) != -1): null

2019-08-24 13:07:26 - [TEST_STEP][PASSED] - if (i == 3 &amp;&amp; wildList.indexOf(symbol) != -1): null

2019-08-24 13:07:26 - [TEST_STEP][PASSED] - if (i == 4 &amp;&amp; wildList.indexOf(symbol) != -1): null

2019-08-24 13:07:26 - [TEST_STEP][PASSED] - symbol = symbol: null

2019-08-24 13:07:26 - [TEST_STEP][PASSED] - println(symbol): null

2019-08-24 13:07:26 - [TEST_STEP][PASSED] - if (i == 2 &amp;&amp; wildList.indexOf(symbol) != -1): null

2019-08-24 13:07:26 - [TEST_STEP][PASSED] - if (i == 3 &amp;&amp; wildList.indexOf(symbol) != -1): null

2019-08-24 13:07:26 - [TEST_STEP][PASSED] - if (i == 4 &amp;&amp; wildList.indexOf(symbol) != -1): null

2019-08-24 13:07:26 - [TEST_STEP][PASSED] - symbol = symbol: null

2019-08-24 13:07:26 - [TEST_STEP][PASSED] - println(symbol): null

2019-08-24 13:07:26 - [TEST_STEP][PASSED] - if (i == 2 &amp;&amp; wildList.indexOf(symbol) != -1): null

2019-08-24 13:07:26 - [TEST_STEP][PASSED] - if (i == 3 &amp;&amp; wildList.indexOf(symbol) != -1): null

2019-08-24 13:07:26 - [TEST_STEP][PASSED] - if (i == 4 &amp;&amp; wildList.indexOf(symbol) != -1): null

2019-08-24 13:07:26 - [TEST_STEP][PASSED] - free_spin_reel_counter = free_spin_reel_counter: null

2019-08-24 13:07:26 - [TEST_STEP][PASSED] - println("reel 3 wild found: " + free_spin_reel_counter[0]): null

2019-08-24 13:07:26 - [TEST_STEP][PASSED] - println("reel 4 wild found: " + free_spin_reel_counter[1]): null

2019-08-24 13:07:26 - [TEST_STEP][PASSED] - println("reel 5 wild found: " + free_spin_reel_counter[2]): null

2019-08-24 13:07:26 - [TEST_STEP][PASSED] - M4_spin_reels = M4_spin_reels: null

2019-08-24 13:07:26 - [TEST_STEP][PASSED] - M4_spin_reels_symbols = symbol: null

2019-08-24 13:07:26 - [TEST_STEP][PASSED] - M4_spin_reels_symbols = M4_spin_reels_symbols: null

2019-08-24 13:07:26 - [TEST_STEP][PASSED] - M4_spin_reel_wins = reel_wins: null

2019-08-24 13:07:26 - [TEST_STEP][PASSED] - M4_spin_reel_wins = M4_spin_reel_wins: null

2019-08-24 13:07:26 - [TEST_STEP][PASSED] - println("GlobalVariable.M4_spin_reel_wins is: " + M4_spin_reel_wins): null

2019-08-24 13:07:26 - [TEST_STEP][PASSED] - M4_spin_total_bonus_win_this_round = total_bonus_win_this_round: null

2019-08-24 13:07:26 - [TEST_STEP][PASSED] - M4_spin_total_bonus_win_this_round = M4_spin_total_bonus_win_this_round: null

2019-08-24 13:07:26 - [TEST_STEP][PASSED] - println("GlobalVariable.M4_spin_total_bonus_win_this_round is: " + M4_spin_total_bonus_win_this_round): null

2019-08-24 13:07:26 - [TEST_STEP][PASSED] - M4_spin_bonus_spin_result = spin_result: null

2019-08-24 13:07:26 - [TEST_STEP][PASSED] - M4_spin_bonus_spin_result = M4_spin_bonus_spin_result: null

2019-08-24 13:07:26 - [MESSAGE][PASSED] - Verify response successfully

2019-08-24 13:07:26 - [MESSAGE][PASSED] - Send request and verify the response successfully

2019-08-24 13:07:26 - [TEST_STEP][PASSED] - if (M4_total_bonus_spins_int != 0 &amp;&amp; M4_spin_reels_symbols[2].contains("WILD_Expanding")): null

2019-08-24 13:07:26 - [TEST_STEP][PASSED] - free_spin_reel_counter = free_spin_reel_counter: null

2019-08-24 13:07:26 - [TEST_STEP][PASSED] - M4_spin_reels_symbols = M4_spin_reels_symbols: null

2019-08-24 13:07:26 - [TEST_STEP][PASSED] - M4_total_bonus_spins = M4_total_bonus_spins: null

2019-08-24 13:07:26 - [TEST_STEP][PASSED] - spin_result = sendRequestAndVerify(findTestObject("INT/RGS(M4)/1_M4_spin", ["M4_login_user_id":M4_login_user_id, "rgs_session_token":rgs_session_token, "partner":Partner])): Send request and verify the response successfully

2019-08-24 13:07:26 - [MESSAGE][INFO] - HAR: /Users/eiralee/Katalon_Script/SuperWild/Reports/20190824_125957/INT/superWild_5/20190824_125957/requests/main/134.har

2019-08-24 13:07:26 - [TEST_CASE][PASSED] - Start Test Case : Verification: Verification accomplished successfully

2019-08-24 13:07:26 - [TEST_STEP][PASSED] - request = getInstance().getCurrentRequest(): null

2019-08-24 13:07:26 - [TEST_STEP][PASSED] - response = getInstance().getCurrentResponse(): null

2019-08-24 13:07:26 - [TEST_STEP][PASSED] - verifyResponseStatusCode(response, 200): Verify response status code successfully

2019-08-24 13:07:26 - [MESSAGE][PASSED] - Verify response status code successfully

2019-08-24 13:07:26 - [TEST_STEP][PASSED] - getStatusCode()).isEqualTo(200): null

2019-08-24 13:07:26 - [TEST_STEP][PASSED] - newline = System.getProperty("line.separator"): null

2019-08-24 13:07:26 - [TEST_STEP][PASSED] - M4_spin = new groovy.json.JsonSlurper(): null

2019-08-24 13:07:26 - [TEST_STEP][PASSED] - result_M4_spin = M4_spin.parseText(response.getResponseBodyContent()): null

2019-08-24 13:07:26 - [TEST_STEP][PASSED] - M4_spin_current_balance = current_balance: null

2019-08-24 13:07:26 - [TEST_STEP][PASSED] - M4_spin_current_balance = M4_spin_current_balance: null

2019-08-24 13:07:26 - [TEST_STEP][PASSED] - M4_spin_transaction_id = causality: null

2019-08-24 13:07:26 - [TEST_STEP][PASSED] - M4_spin_transaction_id = M4_spin_transaction_id: null

2019-08-24 13:07:26 - [TEST_STEP][PASSED] - M4_spin_round_id = round_id: null

2019-08-24 13:07:26 - [TEST_STEP][PASSED] - M4_spin_round_id = M4_spin_round_id: null

2019-08-24 13:07:26 - [TEST_STEP][PASSED] - M4_spin_line_wins = line_wins: null

2019-08-24 13:07:26 - [TEST_STEP][PASSED] - M4_spin_line_wins = M4_spin_line_wins: null

2019-08-24 13:07:26 - [TEST_STEP][PASSED] - M4_total_bonus_spins_int = total_bonus_spins: null

2019-08-24 13:07:26 - [TEST_STEP][PASSED] - println("******M4_total_bonus_spins type is:*******" + newline + getClass().getName()): null

2019-08-24 13:07:27 - [TEST_STEP][PASSED] - M4_total_bonus_spins_int = M4_total_bonus_spins_int: null

2019-08-24 13:07:27 - [TEST_STEP][PASSED] - M4_total_bonus_spins = Integer.toString(M4_total_bonus_spins_int): null

2019-08-24 13:07:27 - [TEST_STEP][PASSED] - M4_total_bonus_spins = M4_total_bonus_spins: null

2019-08-24 13:07:27 - [TEST_STEP][PASSED] - println("M4_total_bonus_spins is:" + M4_total_bonus_spins): null

2019-08-24 13:07:27 - [TEST_STEP][PASSED] - M4_spin_bonus_data = bonus_data: null

2019-08-24 13:07:27 - [TEST_STEP][PASSED] - M4_spin_features_triggered = result_M4_spin: null

2019-08-24 13:07:27 - [TEST_STEP][PASSED] - wild = []: null

2019-08-24 13:07:27 - [TEST_STEP][PASSED] - wild[0] = "WILD_Expanding": null

2019-08-24 13:07:27 - [TEST_STEP][PASSED] - wild[1] = "WILD_Normal": null

2019-08-24 13:07:27 - [TEST_STEP][PASSED] - wild[2] = "WILD_Double": null

2019-08-24 13:07:27 - [TEST_STEP][PASSED] - wild[3] = "WILD_ExtraFG": null

2019-08-24 13:07:27 - [TEST_STEP][PASSED] - wild[4] = "WILD_Triple": null

2019-08-24 13:07:27 - [TEST_STEP][PASSED] - wildList = Arrays.asList(wild): null

2019-08-24 13:07:27 - [TEST_STEP][PASSED] - wildList = wildList: null

2019-08-24 13:07:27 - [TEST_STEP][PASSED] - free_spin_reel_counter = []: null

2019-08-24 13:07:27 - [TEST_STEP][PASSED] - free_spin_reel_counter[0] = 0: null

2019-08-24 13:07:27 - [TEST_STEP][PASSED] - free_spin_reel_counter[1] = 0: null

2019-08-24 13:07:27 - [TEST_STEP][PASSED] - free_spin_reel_counter[2] = 0: null

2019-08-24 13:07:27 - [TEST_STEP][PASSED] - M4_spin_reels = reels: null

2019-08-24 13:07:27 - [TEST_STEP][PASSED] - for ([i = 0, i &lt; M4_spin_reels.size(), (i++)]): null

2019-08-24 13:07:27 - [TEST_STEP][PASSED] - symbols = symbols: null

2019-08-24 13:07:27 - [TEST_STEP][PASSED] - for ([j = 0, j &lt; symbols.size(), (j++)]): null

2019-08-24 13:07:27 - [TEST_STEP][PASSED] - symbol = symbol: null

2019-08-24 13:07:27 - [TEST_STEP][PASSED] - println(symbol): null

2019-08-24 13:07:27 - [TEST_STEP][PASSED] - if (i == 2 &amp;&amp; wildList.indexOf(symbol) != -1): null

2019-08-24 13:07:27 - [TEST_STEP][PASSED] - if (i == 3 &amp;&amp; wildList.indexOf(symbol) != -1): null

2019-08-24 13:07:27 - [TEST_STEP][PASSED] - if (i == 4 &amp;&amp; wildList.indexOf(symbol) != -1): null

2019-08-24 13:07:27 - [TEST_STEP][PASSED] - symbol = symbol: null

2019-08-24 13:07:27 - [TEST_STEP][PASSED] - println(symbol): null

2019-08-24 13:07:27 - [TEST_STEP][PASSED] - if (i == 2 &amp;&amp; wildList.indexOf(symbol) != -1): null

2019-08-24 13:07:27 - [TEST_STEP][PASSED] - if (i == 3 &amp;&amp; wildList.indexOf(symbol) != -1): null

2019-08-24 13:07:27 - [TEST_STEP][PASSED] - if (i == 4 &amp;&amp; wildList.indexOf(symbol) != -1): null

2019-08-24 13:07:27 - [TEST_STEP][PASSED] - symbol = symbol: null

2019-08-24 13:07:27 - [TEST_STEP][PASSED] - println(symbol): null

2019-08-24 13:07:27 - [TEST_STEP][PASSED] - if (i == 2 &amp;&amp; wildList.indexOf(symbol) != -1): null

2019-08-24 13:07:27 - [TEST_STEP][PASSED] - if (i == 3 &amp;&amp; wildList.indexOf(symbol) != -1): null

2019-08-24 13:07:27 - [TEST_STEP][PASSED] - if (i == 4 &amp;&amp; wildList.indexOf(symbol) != -1): null

2019-08-24 13:07:27 - [TEST_STEP][PASSED] - symbols = symbols: null

2019-08-24 13:07:27 - [TEST_STEP][PASSED] - for ([j = 0, j &lt; symbols.size(), (j++)]): null

2019-08-24 13:07:27 - [TEST_STEP][PASSED] - symbol = symbol: null

2019-08-24 13:07:27 - [TEST_STEP][PASSED] - println(symbol): null

2019-08-24 13:07:27 - [TEST_STEP][PASSED] - if (i == 2 &amp;&amp; wildList.indexOf(symbol) != -1): null

2019-08-24 13:07:27 - [TEST_STEP][PASSED] - if (i == 3 &amp;&amp; wildList.indexOf(symbol) != -1): null

2019-08-24 13:07:27 - [TEST_STEP][PASSED] - if (i == 4 &amp;&amp; wildList.indexOf(symbol) != -1): null

2019-08-24 13:07:27 - [TEST_STEP][PASSED] - symbol = symbol: null

2019-08-24 13:07:27 - [TEST_STEP][PASSED] - println(symbol): null

2019-08-24 13:07:27 - [TEST_STEP][PASSED] - if (i == 2 &amp;&amp; wildList.indexOf(symbol) != -1): null

2019-08-24 13:07:27 - [TEST_STEP][PASSED] - if (i == 3 &amp;&amp; wildList.indexOf(symbol) != -1): null

2019-08-24 13:07:27 - [TEST_STEP][PASSED] - if (i == 4 &amp;&amp; wildList.indexOf(symbol) != -1): null

2019-08-24 13:07:27 - [TEST_STEP][PASSED] - symbol = symbol: null

2019-08-24 13:07:27 - [TEST_STEP][PASSED] - println(symbol): null

2019-08-24 13:07:27 - [TEST_STEP][PASSED] - if (i == 2 &amp;&amp; wildList.indexOf(symbol) != -1): null

2019-08-24 13:07:27 - [TEST_STEP][PASSED] - if (i == 3 &amp;&amp; wildList.indexOf(symbol) != -1): null

2019-08-24 13:07:27 - [TEST_STEP][PASSED] - if (i == 4 &amp;&amp; wildList.indexOf(symbol) != -1): null

2019-08-24 13:07:27 - [TEST_STEP][PASSED] - symbols = symbols: null

2019-08-24 13:07:27 - [TEST_STEP][PASSED] - for ([j = 0, j &lt; symbols.size(), (j++)]): null

2019-08-24 13:07:27 - [TEST_STEP][PASSED] - symbol = symbol: null

2019-08-24 13:07:27 - [TEST_STEP][PASSED] - println(symbol): null

2019-08-24 13:07:27 - [TEST_STEP][PASSED] - if (i == 2 &amp;&amp; wildList.indexOf(symbol) != -1): null

2019-08-24 13:07:27 - [TEST_STEP][PASSED] - if (i == 3 &amp;&amp; wildList.indexOf(symbol) != -1): null

2019-08-24 13:07:27 - [TEST_STEP][PASSED] - if (i == 4 &amp;&amp; wildList.indexOf(symbol) != -1): null

2019-08-24 13:07:27 - [TEST_STEP][PASSED] - symbol = symbol: null

2019-08-24 13:07:27 - [TEST_STEP][PASSED] - println(symbol): null

2019-08-24 13:07:27 - [TEST_STEP][PASSED] - if (i == 2 &amp;&amp; wildList.indexOf(symbol) != -1): null

2019-08-24 13:07:27 - [TEST_STEP][PASSED] - if (i == 3 &amp;&amp; wildList.indexOf(symbol) != -1): null

2019-08-24 13:07:27 - [TEST_STEP][PASSED] - if (i == 4 &amp;&amp; wildList.indexOf(symbol) != -1): null

2019-08-24 13:07:27 - [TEST_STEP][PASSED] - symbol = symbol: null

2019-08-24 13:07:27 - [TEST_STEP][PASSED] - println(symbol): null

2019-08-24 13:07:27 - [TEST_STEP][PASSED] - if (i == 2 &amp;&amp; wildList.indexOf(symbol) != -1): null

2019-08-24 13:07:27 - [TEST_STEP][PASSED] - if (i == 3 &amp;&amp; wildList.indexOf(symbol) != -1): null

2019-08-24 13:07:27 - [TEST_STEP][PASSED] - if (i == 4 &amp;&amp; wildList.indexOf(symbol) != -1): null

2019-08-24 13:07:27 - [TEST_STEP][PASSED] - symbols = symbols: null

2019-08-24 13:07:27 - [TEST_STEP][PASSED] - for ([j = 0, j &lt; symbols.size(), (j++)]): null

2019-08-24 13:07:27 - [TEST_STEP][PASSED] - symbol = symbol: null

2019-08-24 13:07:27 - [TEST_STEP][PASSED] - println(symbol): null

2019-08-24 13:07:27 - [TEST_STEP][PASSED] - if (i == 2 &amp;&amp; wildList.indexOf(symbol) != -1): null

2019-08-24 13:07:27 - [TEST_STEP][PASSED] - if (i == 3 &amp;&amp; wildList.indexOf(symbol) != -1): null

2019-08-24 13:07:27 - [TEST_STEP][PASSED] - if (i == 4 &amp;&amp; wildList.indexOf(symbol) != -1): null

2019-08-24 13:07:27 - [TEST_STEP][PASSED] - symbol = symbol: null

2019-08-24 13:07:27 - [TEST_STEP][PASSED] - println(symbol): null

2019-08-24 13:07:27 - [TEST_STEP][PASSED] - if (i == 2 &amp;&amp; wildList.indexOf(symbol) != -1): null

2019-08-24 13:07:27 - [TEST_STEP][PASSED] - if (i == 3 &amp;&amp; wildList.indexOf(symbol) != -1): null

2019-08-24 13:07:27 - [TEST_STEP][PASSED] - if (i == 4 &amp;&amp; wildList.indexOf(symbol) != -1): null

2019-08-24 13:07:27 - [TEST_STEP][PASSED] - symbol = symbol: null

2019-08-24 13:07:27 - [TEST_STEP][PASSED] - println(symbol): null

2019-08-24 13:07:27 - [TEST_STEP][PASSED] - if (i == 2 &amp;&amp; wildList.indexOf(symbol) != -1): null

2019-08-24 13:07:27 - [TEST_STEP][PASSED] - if (i == 3 &amp;&amp; wildList.indexOf(symbol) != -1): null

2019-08-24 13:07:27 - [TEST_STEP][PASSED] - if (i == 4 &amp;&amp; wildList.indexOf(symbol) != -1): null

2019-08-24 13:07:27 - [TEST_STEP][PASSED] - symbols = symbols: null

2019-08-24 13:07:27 - [TEST_STEP][PASSED] - for ([j = 0, j &lt; symbols.size(), (j++)]): null

2019-08-24 13:07:27 - [TEST_STEP][PASSED] - symbol = symbol: null

2019-08-24 13:07:27 - [TEST_STEP][PASSED] - println(symbol): null

2019-08-24 13:07:27 - [TEST_STEP][PASSED] - if (i == 2 &amp;&amp; wildList.indexOf(symbol) != -1): null

2019-08-24 13:07:27 - [TEST_STEP][PASSED] - if (i == 3 &amp;&amp; wildList.indexOf(symbol) != -1): null

2019-08-24 13:07:27 - [TEST_STEP][PASSED] - if (i == 4 &amp;&amp; wildList.indexOf(symbol) != -1): null

2019-08-24 13:07:27 - [TEST_STEP][PASSED] - symbol = symbol: null

2019-08-24 13:07:27 - [TEST_STEP][PASSED] - println(symbol): null

2019-08-24 13:07:27 - [TEST_STEP][PASSED] - if (i == 2 &amp;&amp; wildList.indexOf(symbol) != -1): null

2019-08-24 13:07:27 - [TEST_STEP][PASSED] - if (i == 3 &amp;&amp; wildList.indexOf(symbol) != -1): null

2019-08-24 13:07:27 - [TEST_STEP][PASSED] - if (i == 4 &amp;&amp; wildList.indexOf(symbol) != -1): null

2019-08-24 13:07:27 - [TEST_STEP][PASSED] - symbol = symbol: null

2019-08-24 13:07:27 - [TEST_STEP][PASSED] - println(symbol): null

2019-08-24 13:07:27 - [TEST_STEP][PASSED] - if (i == 2 &amp;&amp; wildList.indexOf(symbol) != -1): null

2019-08-24 13:07:27 - [TEST_STEP][PASSED] - if (i == 3 &amp;&amp; wildList.indexOf(symbol) != -1): null

2019-08-24 13:07:27 - [TEST_STEP][PASSED] - if (i == 4 &amp;&amp; wildList.indexOf(symbol) != -1): null

2019-08-24 13:07:27 - [TEST_STEP][PASSED] - free_spin_reel_counter = free_spin_reel_counter: null

2019-08-24 13:07:27 - [TEST_STEP][PASSED] - println("reel 3 wild found: " + free_spin_reel_counter[0]): null

2019-08-24 13:07:27 - [TEST_STEP][PASSED] - println("reel 4 wild found: " + free_spin_reel_counter[1]): null

2019-08-24 13:07:27 - [TEST_STEP][PASSED] - println("reel 5 wild found: " + free_spin_reel_counter[2]): null

2019-08-24 13:07:27 - [TEST_STEP][PASSED] - M4_spin_reels = M4_spin_reels: null

2019-08-24 13:07:27 - [TEST_STEP][PASSED] - M4_spin_reels_symbols = symbol: null

2019-08-24 13:07:27 - [TEST_STEP][PASSED] - M4_spin_reels_symbols = M4_spin_reels_symbols: null

2019-08-24 13:07:27 - [TEST_STEP][PASSED] - M4_spin_reel_wins = reel_wins: null

2019-08-24 13:07:27 - [TEST_STEP][PASSED] - M4_spin_reel_wins = M4_spin_reel_wins: null

2019-08-24 13:07:27 - [TEST_STEP][PASSED] - println("GlobalVariable.M4_spin_reel_wins is: " + M4_spin_reel_wins): null

2019-08-24 13:07:27 - [TEST_STEP][PASSED] - M4_spin_total_bonus_win_this_round = total_bonus_win_this_round: null

2019-08-24 13:07:27 - [TEST_STEP][PASSED] - M4_spin_total_bonus_win_this_round = M4_spin_total_bonus_win_this_round: null

2019-08-24 13:07:27 - [TEST_STEP][PASSED] - println("GlobalVariable.M4_spin_total_bonus_win_this_round is: " + M4_spin_total_bonus_win_this_round): null

2019-08-24 13:07:27 - [TEST_STEP][PASSED] - M4_spin_bonus_spin_result = spin_result: null

2019-08-24 13:07:27 - [TEST_STEP][PASSED] - M4_spin_bonus_spin_result = M4_spin_bonus_spin_result: null

2019-08-24 13:07:27 - [MESSAGE][PASSED] - Verify response successfully

2019-08-24 13:07:27 - [MESSAGE][PASSED] - Send request and verify the response successfully

2019-08-24 13:07:27 - [TEST_STEP][PASSED] - if (M4_total_bonus_spins_int != 0 &amp;&amp; M4_spin_reels_symbols[2].contains("WILD_Expanding")): null

2019-08-24 13:07:27 - [TEST_STEP][PASSED] - free_spin_reel_counter = free_spin_reel_counter: null

2019-08-24 13:07:27 - [TEST_STEP][PASSED] - M4_spin_reels_symbols = M4_spin_reels_symbols: null

2019-08-24 13:07:27 - [TEST_STEP][PASSED] - M4_total_bonus_spins = M4_total_bonus_spins: null

2019-08-24 13:07:27 - [TEST_STEP][PASSED] - spin_result = sendRequestAndVerify(findTestObject("INT/RGS(M4)/1_M4_spin", ["M4_login_user_id":M4_login_user_id, "rgs_session_token":rgs_session_token, "partner":Partner])): Send request and verify the response successfully

2019-08-24 13:07:27 - [MESSAGE][INFO] - HAR: /Users/eiralee/Katalon_Script/SuperWild/Reports/20190824_125957/INT/superWild_5/20190824_125957/requests/main/135.har

2019-08-24 13:07:27 - [TEST_CASE][PASSED] - Start Test Case : Verification: Verification accomplished successfully

2019-08-24 13:07:27 - [TEST_STEP][PASSED] - request = getInstance().getCurrentRequest(): null

2019-08-24 13:07:27 - [TEST_STEP][PASSED] - response = getInstance().getCurrentResponse(): null

2019-08-24 13:07:27 - [TEST_STEP][PASSED] - verifyResponseStatusCode(response, 200): Verify response status code successfully

2019-08-24 13:07:27 - [MESSAGE][PASSED] - Verify response status code successfully

2019-08-24 13:07:27 - [TEST_STEP][PASSED] - getStatusCode()).isEqualTo(200): null

2019-08-24 13:07:27 - [TEST_STEP][PASSED] - newline = System.getProperty("line.separator"): null

2019-08-24 13:07:27 - [TEST_STEP][PASSED] - M4_spin = new groovy.json.JsonSlurper(): null

2019-08-24 13:07:27 - [TEST_STEP][PASSED] - result_M4_spin = M4_spin.parseText(response.getResponseBodyContent()): null

2019-08-24 13:07:27 - [TEST_STEP][PASSED] - M4_spin_current_balance = current_balance: null

2019-08-24 13:07:27 - [TEST_STEP][PASSED] - M4_spin_current_balance = M4_spin_current_balance: null

2019-08-24 13:07:27 - [TEST_STEP][PASSED] - M4_spin_transaction_id = causality: null

2019-08-24 13:07:27 - [TEST_STEP][PASSED] - M4_spin_transaction_id = M4_spin_transaction_id: null

2019-08-24 13:07:27 - [TEST_STEP][PASSED] - M4_spin_round_id = round_id: null

2019-08-24 13:07:27 - [TEST_STEP][PASSED] - M4_spin_round_id = M4_spin_round_id: null

2019-08-24 13:07:27 - [TEST_STEP][PASSED] - M4_spin_line_wins = line_wins: null

2019-08-24 13:07:27 - [TEST_STEP][PASSED] - M4_spin_line_wins = M4_spin_line_wins: null

2019-08-24 13:07:27 - [TEST_STEP][PASSED] - M4_total_bonus_spins_int = total_bonus_spins: null

2019-08-24 13:07:27 - [TEST_STEP][PASSED] - println("******M4_total_bonus_spins type is:*******" + newline + getClass().getName()): null

2019-08-24 13:07:27 - [TEST_STEP][PASSED] - M4_total_bonus_spins_int = M4_total_bonus_spins_int: null

2019-08-24 13:07:27 - [TEST_STEP][PASSED] - M4_total_bonus_spins = Integer.toString(M4_total_bonus_spins_int): null

2019-08-24 13:07:27 - [TEST_STEP][PASSED] - M4_total_bonus_spins = M4_total_bonus_spins: null

2019-08-24 13:07:27 - [TEST_STEP][PASSED] - println("M4_total_bonus_spins is:" + M4_total_bonus_spins): null

2019-08-24 13:07:27 - [TEST_STEP][PASSED] - M4_spin_bonus_data = bonus_data: null

2019-08-24 13:07:27 - [TEST_STEP][PASSED] - M4_spin_features_triggered = result_M4_spin: null

2019-08-24 13:07:27 - [TEST_STEP][PASSED] - wild = []: null

2019-08-24 13:07:27 - [TEST_STEP][PASSED] - wild[0] = "WILD_Expanding": null

2019-08-24 13:07:27 - [TEST_STEP][PASSED] - wild[1] = "WILD_Normal": null

2019-08-24 13:07:27 - [TEST_STEP][PASSED] - wild[2] = "WILD_Double": null

2019-08-24 13:07:27 - [TEST_STEP][PASSED] - wild[3] = "WILD_ExtraFG": null

2019-08-24 13:07:27 - [TEST_STEP][PASSED] - wild[4] = "WILD_Triple": null

2019-08-24 13:07:27 - [TEST_STEP][PASSED] - wildList = Arrays.asList(wild): null

2019-08-24 13:07:27 - [TEST_STEP][PASSED] - wildList = wildList: null

2019-08-24 13:07:27 - [TEST_STEP][PASSED] - free_spin_reel_counter = []: null

2019-08-24 13:07:27 - [TEST_STEP][PASSED] - free_spin_reel_counter[0] = 0: null

2019-08-24 13:07:27 - [TEST_STEP][PASSED] - free_spin_reel_counter[1] = 0: null

2019-08-24 13:07:27 - [TEST_STEP][PASSED] - free_spin_reel_counter[2] = 0: null

2019-08-24 13:07:27 - [TEST_STEP][PASSED] - M4_spin_reels = reels: null

2019-08-24 13:07:27 - [TEST_STEP][PASSED] - for ([i = 0, i &lt; M4_spin_reels.size(), (i++)]): null

2019-08-24 13:07:27 - [TEST_STEP][PASSED] - symbols = symbols: null

2019-08-24 13:07:27 - [TEST_STEP][PASSED] - for ([j = 0, j &lt; symbols.size(), (j++)]): null

2019-08-24 13:07:27 - [TEST_STEP][PASSED] - symbol = symbol: null

2019-08-24 13:07:27 - [TEST_STEP][PASSED] - println(symbol): null

2019-08-24 13:07:27 - [TEST_STEP][PASSED] - if (i == 2 &amp;&amp; wildList.indexOf(symbol) != -1): null

2019-08-24 13:07:27 - [TEST_STEP][PASSED] - if (i == 3 &amp;&amp; wildList.indexOf(symbol) != -1): null

2019-08-24 13:07:27 - [TEST_STEP][PASSED] - if (i == 4 &amp;&amp; wildList.indexOf(symbol) != -1): null

2019-08-24 13:07:27 - [TEST_STEP][PASSED] - symbol = symbol: null

2019-08-24 13:07:27 - [TEST_STEP][PASSED] - println(symbol): null

2019-08-24 13:07:27 - [TEST_STEP][PASSED] - if (i == 2 &amp;&amp; wildList.indexOf(symbol) != -1): null

2019-08-24 13:07:27 - [TEST_STEP][PASSED] - if (i == 3 &amp;&amp; wildList.indexOf(symbol) != -1): null

2019-08-24 13:07:27 - [TEST_STEP][PASSED] - if (i == 4 &amp;&amp; wildList.indexOf(symbol) != -1): null

2019-08-24 13:07:27 - [TEST_STEP][PASSED] - symbol = symbol: null

2019-08-24 13:07:27 - [TEST_STEP][PASSED] - println(symbol): null

2019-08-24 13:07:27 - [TEST_STEP][PASSED] - if (i == 2 &amp;&amp; wildList.indexOf(symbol) != -1): null

2019-08-24 13:07:27 - [TEST_STEP][PASSED] - if (i == 3 &amp;&amp; wildList.indexOf(symbol) != -1): null

2019-08-24 13:07:27 - [TEST_STEP][PASSED] - if (i == 4 &amp;&amp; wildList.indexOf(symbol) != -1): null

2019-08-24 13:07:27 - [TEST_STEP][PASSED] - symbols = symbols: null

2019-08-24 13:07:27 - [TEST_STEP][PASSED] - for ([j = 0, j &lt; symbols.size(), (j++)]): null

2019-08-24 13:07:27 - [TEST_STEP][PASSED] - symbol = symbol: null

2019-08-24 13:07:27 - [TEST_STEP][PASSED] - println(symbol): null

2019-08-24 13:07:27 - [TEST_STEP][PASSED] - if (i == 2 &amp;&amp; wildList.indexOf(symbol) != -1): null

2019-08-24 13:07:27 - [TEST_STEP][PASSED] - if (i == 3 &amp;&amp; wildList.indexOf(symbol) != -1): null

2019-08-24 13:07:27 - [TEST_STEP][PASSED] - if (i == 4 &amp;&amp; wildList.indexOf(symbol) != -1): null

2019-08-24 13:07:27 - [TEST_STEP][PASSED] - symbol = symbol: null

2019-08-24 13:07:27 - [TEST_STEP][PASSED] - println(symbol): null

2019-08-24 13:07:27 - [TEST_STEP][PASSED] - if (i == 2 &amp;&amp; wildList.indexOf(symbol) != -1): null

2019-08-24 13:07:27 - [TEST_STEP][PASSED] - if (i == 3 &amp;&amp; wildList.indexOf(symbol) != -1): null

2019-08-24 13:07:27 - [TEST_STEP][PASSED] - if (i == 4 &amp;&amp; wildList.indexOf(symbol) != -1): null

2019-08-24 13:07:27 - [TEST_STEP][PASSED] - symbol = symbol: null

2019-08-24 13:07:27 - [TEST_STEP][PASSED] - println(symbol): null

2019-08-24 13:07:27 - [TEST_STEP][PASSED] - if (i == 2 &amp;&amp; wildList.indexOf(symbol) != -1): null

2019-08-24 13:07:27 - [TEST_STEP][PASSED] - if (i == 3 &amp;&amp; wildList.indexOf(symbol) != -1): null

2019-08-24 13:07:27 - [TEST_STEP][PASSED] - if (i == 4 &amp;&amp; wildList.indexOf(symbol) != -1): null

2019-08-24 13:07:27 - [TEST_STEP][PASSED] - symbols = symbols: null

2019-08-24 13:07:27 - [TEST_STEP][PASSED] - for ([j = 0, j &lt; symbols.size(), (j++)]): null

2019-08-24 13:07:27 - [TEST_STEP][PASSED] - symbol = symbol: null

2019-08-24 13:07:27 - [TEST_STEP][PASSED] - println(symbol): null

2019-08-24 13:07:27 - [TEST_STEP][PASSED] - if (i == 2 &amp;&amp; wildList.indexOf(symbol) != -1): null

2019-08-24 13:07:27 - [TEST_STEP][PASSED] - println("wild found on reel 3, adding counter by 1"): null

2019-08-24 13:07:27 - [TEST_STEP][PASSED] - free_spin_reel_counter[0] = free_spin_reel_counter[0] + 1: null

2019-08-24 13:07:27 - [TEST_STEP][PASSED] - if (i == 3 &amp;&amp; wildList.indexOf(symbol) != -1): null

2019-08-24 13:07:27 - [TEST_STEP][PASSED] - if (i == 4 &amp;&amp; wildList.indexOf(symbol) != -1): null

2019-08-24 13:07:27 - [TEST_STEP][PASSED] - symbol = symbol: null

2019-08-24 13:07:27 - [TEST_STEP][PASSED] - println(symbol): null

2019-08-24 13:07:27 - [TEST_STEP][PASSED] - if (i == 2 &amp;&amp; wildList.indexOf(symbol) != -1): null

2019-08-24 13:07:27 - [TEST_STEP][PASSED] - if (i == 3 &amp;&amp; wildList.indexOf(symbol) != -1): null

2019-08-24 13:07:27 - [TEST_STEP][PASSED] - if (i == 4 &amp;&amp; wildList.indexOf(symbol) != -1): null

2019-08-24 13:07:27 - [TEST_STEP][PASSED] - symbol = symbol: null

2019-08-24 13:07:27 - [TEST_STEP][PASSED] - println(symbol): null

2019-08-24 13:07:27 - [TEST_STEP][PASSED] - if (i == 2 &amp;&amp; wildList.indexOf(symbol) != -1): null

2019-08-24 13:07:27 - [TEST_STEP][PASSED] - if (i == 3 &amp;&amp; wildList.indexOf(symbol) != -1): null

2019-08-24 13:07:27 - [TEST_STEP][PASSED] - if (i == 4 &amp;&amp; wildList.indexOf(symbol) != -1): null

2019-08-24 13:07:27 - [TEST_STEP][PASSED] - symbols = symbols: null

2019-08-24 13:07:27 - [TEST_STEP][PASSED] - for ([j = 0, j &lt; symbols.size(), (j++)]): null

2019-08-24 13:07:27 - [TEST_STEP][PASSED] - symbol = symbol: null

2019-08-24 13:07:27 - [TEST_STEP][PASSED] - println(symbol): null

2019-08-24 13:07:27 - [TEST_STEP][PASSED] - if (i == 2 &amp;&amp; wildList.indexOf(symbol) != -1): null

2019-08-24 13:07:27 - [TEST_STEP][PASSED] - if (i == 3 &amp;&amp; wildList.indexOf(symbol) != -1): null

2019-08-24 13:07:27 - [TEST_STEP][PASSED] - if (i == 4 &amp;&amp; wildList.indexOf(symbol) != -1): null

2019-08-24 13:07:27 - [TEST_STEP][PASSED] - symbol = symbol: null

2019-08-24 13:07:27 - [TEST_STEP][PASSED] - println(symbol): null

2019-08-24 13:07:27 - [TEST_STEP][PASSED] - if (i == 2 &amp;&amp; wildList.indexOf(symbol) != -1): null

2019-08-24 13:07:27 - [TEST_STEP][PASSED] - if (i == 3 &amp;&amp; wildList.indexOf(symbol) != -1): null

2019-08-24 13:07:27 - [TEST_STEP][PASSED] - if (i == 4 &amp;&amp; wildList.indexOf(symbol) != -1): null

2019-08-24 13:07:27 - [TEST_STEP][PASSED] - symbol = symbol: null

2019-08-24 13:07:27 - [TEST_STEP][PASSED] - println(symbol): null

2019-08-24 13:07:27 - [TEST_STEP][PASSED] - if (i == 2 &amp;&amp; wildList.indexOf(symbol) != -1): null

2019-08-24 13:07:27 - [TEST_STEP][PASSED] - if (i == 3 &amp;&amp; wildList.indexOf(symbol) != -1): null

2019-08-24 13:07:27 - [TEST_STEP][PASSED] - if (i == 4 &amp;&amp; wildList.indexOf(symbol) != -1): null

2019-08-24 13:07:27 - [TEST_STEP][PASSED] - symbols = symbols: null

2019-08-24 13:07:27 - [TEST_STEP][PASSED] - for ([j = 0, j &lt; symbols.size(), (j++)]): null

2019-08-24 13:07:27 - [TEST_STEP][PASSED] - symbol = symbol: null

2019-08-24 13:07:27 - [TEST_STEP][PASSED] - println(symbol): null

2019-08-24 13:07:27 - [TEST_STEP][PASSED] - if (i == 2 &amp;&amp; wildList.indexOf(symbol) != -1): null

2019-08-24 13:07:27 - [TEST_STEP][PASSED] - if (i == 3 &amp;&amp; wildList.indexOf(symbol) != -1): null

2019-08-24 13:07:27 - [TEST_STEP][PASSED] - if (i == 4 &amp;&amp; wildList.indexOf(symbol) != -1): null

2019-08-24 13:07:27 - [TEST_STEP][PASSED] - println("wild found on reel 5, adding counter by 1"): null

2019-08-24 13:07:27 - [TEST_STEP][PASSED] - free_spin_reel_counter[2] = free_spin_reel_counter[2] + 1: null

2019-08-24 13:07:27 - [TEST_STEP][PASSED] - symbol = symbol: null

2019-08-24 13:07:27 - [TEST_STEP][PASSED] - println(symbol): null

2019-08-24 13:07:27 - [TEST_STEP][PASSED] - if (i == 2 &amp;&amp; wildList.indexOf(symbol) != -1): null

2019-08-24 13:07:27 - [TEST_STEP][PASSED] - if (i == 3 &amp;&amp; wildList.indexOf(symbol) != -1): null

2019-08-24 13:07:27 - [TEST_STEP][PASSED] - if (i == 4 &amp;&amp; wildList.indexOf(symbol) != -1): null

2019-08-24 13:07:27 - [TEST_STEP][PASSED] - symbol = symbol: null

2019-08-24 13:07:27 - [TEST_STEP][PASSED] - println(symbol): null

2019-08-24 13:07:27 - [TEST_STEP][PASSED] - if (i == 2 &amp;&amp; wildList.indexOf(symbol) != -1): null

2019-08-24 13:07:27 - [TEST_STEP][PASSED] - if (i == 3 &amp;&amp; wildList.indexOf(symbol) != -1): null

2019-08-24 13:07:27 - [TEST_STEP][PASSED] - if (i == 4 &amp;&amp; wildList.indexOf(symbol) != -1): null

2019-08-24 13:07:27 - [TEST_STEP][PASSED] - free_spin_reel_counter = free_spin_reel_counter: null

2019-08-24 13:07:27 - [TEST_STEP][PASSED] - println("reel 3 wild found: " + free_spin_reel_counter[0]): null

2019-08-24 13:07:27 - [TEST_STEP][PASSED] - println("reel 4 wild found: " + free_spin_reel_counter[1]): null

2019-08-24 13:07:27 - [TEST_STEP][PASSED] - println("reel 5 wild found: " + free_spin_reel_counter[2]): null

2019-08-24 13:07:27 - [TEST_STEP][PASSED] - M4_spin_reels = M4_spin_reels: null

2019-08-24 13:07:27 - [TEST_STEP][PASSED] - M4_spin_reels_symbols = symbol: null

2019-08-24 13:07:27 - [TEST_STEP][PASSED] - M4_spin_reels_symbols = M4_spin_reels_symbols: null

2019-08-24 13:07:27 - [TEST_STEP][PASSED] - M4_spin_reel_wins = reel_wins: null

2019-08-24 13:07:27 - [TEST_STEP][PASSED] - M4_spin_reel_wins = M4_spin_reel_wins: null

2019-08-24 13:07:27 - [TEST_STEP][PASSED] - println("GlobalVariable.M4_spin_reel_wins is: " + M4_spin_reel_wins): null

2019-08-24 13:07:27 - [TEST_STEP][PASSED] - M4_spin_total_bonus_win_this_round = total_bonus_win_this_round: null

2019-08-24 13:07:27 - [TEST_STEP][PASSED] - M4_spin_total_bonus_win_this_round = M4_spin_total_bonus_win_this_round: null

2019-08-24 13:07:27 - [TEST_STEP][PASSED] - println("GlobalVariable.M4_spin_total_bonus_win_this_round is: " + M4_spin_total_bonus_win_this_round): null

2019-08-24 13:07:27 - [TEST_STEP][PASSED] - M4_spin_bonus_spin_result = spin_result: null

2019-08-24 13:07:27 - [TEST_STEP][PASSED] - M4_spin_bonus_spin_result = M4_spin_bonus_spin_result: null

2019-08-24 13:07:27 - [MESSAGE][PASSED] - Verify response successfully

2019-08-24 13:07:27 - [MESSAGE][PASSED] - Send request and verify the response successfully

2019-08-24 13:07:27 - [TEST_STEP][PASSED] - if (M4_total_bonus_spins_int != 0 &amp;&amp; M4_spin_reels_symbols[2].contains("WILD_Expanding")): null

2019-08-24 13:07:27 - [TEST_STEP][PASSED] - free_spin_reel_counter = free_spin_reel_counter: null

2019-08-24 13:07:27 - [TEST_STEP][PASSED] - M4_spin_reels_symbols = M4_spin_reels_symbols: null

2019-08-24 13:07:27 - [TEST_STEP][PASSED] - M4_total_bonus_spins = M4_total_bonus_spins: null

2019-08-24 13:07:27 - [TEST_STEP][PASSED] - spin_result = sendRequestAndVerify(findTestObject("INT/RGS(M4)/1_M4_spin", ["M4_login_user_id":M4_login_user_id, "rgs_session_token":rgs_session_token, "partner":Partner])): Send request and verify the response successfully

2019-08-24 13:07:27 - [MESSAGE][INFO] - HAR: /Users/eiralee/Katalon_Script/SuperWild/Reports/20190824_125957/INT/superWild_5/20190824_125957/requests/main/136.har

2019-08-24 13:07:27 - [TEST_CASE][PASSED] - Start Test Case : Verification: Verification accomplished successfully

2019-08-24 13:07:28 - [TEST_STEP][PASSED] - request = getInstance().getCurrentRequest(): null

2019-08-24 13:07:28 - [TEST_STEP][PASSED] - response = getInstance().getCurrentResponse(): null

2019-08-24 13:07:28 - [TEST_STEP][PASSED] - verifyResponseStatusCode(response, 200): Verify response status code successfully

2019-08-24 13:07:28 - [MESSAGE][PASSED] - Verify response status code successfully

2019-08-24 13:07:28 - [TEST_STEP][PASSED] - getStatusCode()).isEqualTo(200): null

2019-08-24 13:07:28 - [TEST_STEP][PASSED] - newline = System.getProperty("line.separator"): null

2019-08-24 13:07:28 - [TEST_STEP][PASSED] - M4_spin = new groovy.json.JsonSlurper(): null

2019-08-24 13:07:28 - [TEST_STEP][PASSED] - result_M4_spin = M4_spin.parseText(response.getResponseBodyContent()): null

2019-08-24 13:07:28 - [TEST_STEP][PASSED] - M4_spin_current_balance = current_balance: null

2019-08-24 13:07:28 - [TEST_STEP][PASSED] - M4_spin_current_balance = M4_spin_current_balance: null

2019-08-24 13:07:28 - [TEST_STEP][PASSED] - M4_spin_transaction_id = causality: null

2019-08-24 13:07:28 - [TEST_STEP][PASSED] - M4_spin_transaction_id = M4_spin_transaction_id: null

2019-08-24 13:07:28 - [TEST_STEP][PASSED] - M4_spin_round_id = round_id: null

2019-08-24 13:07:28 - [TEST_STEP][PASSED] - M4_spin_round_id = M4_spin_round_id: null

2019-08-24 13:07:28 - [TEST_STEP][PASSED] - M4_spin_line_wins = line_wins: null

2019-08-24 13:07:28 - [TEST_STEP][PASSED] - M4_spin_line_wins = M4_spin_line_wins: null

2019-08-24 13:07:28 - [TEST_STEP][PASSED] - M4_total_bonus_spins_int = total_bonus_spins: null

2019-08-24 13:07:28 - [TEST_STEP][PASSED] - println("******M4_total_bonus_spins type is:*******" + newline + getClass().getName()): null

2019-08-24 13:07:28 - [TEST_STEP][PASSED] - M4_total_bonus_spins_int = M4_total_bonus_spins_int: null

2019-08-24 13:07:28 - [TEST_STEP][PASSED] - M4_total_bonus_spins = Integer.toString(M4_total_bonus_spins_int): null

2019-08-24 13:07:28 - [TEST_STEP][PASSED] - M4_total_bonus_spins = M4_total_bonus_spins: null

2019-08-24 13:07:28 - [TEST_STEP][PASSED] - println("M4_total_bonus_spins is:" + M4_total_bonus_spins): null

2019-08-24 13:07:28 - [TEST_STEP][PASSED] - M4_spin_bonus_data = bonus_data: null

2019-08-24 13:07:28 - [TEST_STEP][PASSED] - M4_spin_features_triggered = result_M4_spin: null

2019-08-24 13:07:28 - [TEST_STEP][PASSED] - wild = []: null

2019-08-24 13:07:28 - [TEST_STEP][PASSED] - wild[0] = "WILD_Expanding": null

2019-08-24 13:07:28 - [TEST_STEP][PASSED] - wild[1] = "WILD_Normal": null

2019-08-24 13:07:28 - [TEST_STEP][PASSED] - wild[2] = "WILD_Double": null

2019-08-24 13:07:28 - [TEST_STEP][PASSED] - wild[3] = "WILD_ExtraFG": null

2019-08-24 13:07:28 - [TEST_STEP][PASSED] - wild[4] = "WILD_Triple": null

2019-08-24 13:07:28 - [TEST_STEP][PASSED] - wildList = Arrays.asList(wild): null

2019-08-24 13:07:28 - [TEST_STEP][PASSED] - wildList = wildList: null

2019-08-24 13:07:28 - [TEST_STEP][PASSED] - free_spin_reel_counter = []: null

2019-08-24 13:07:28 - [TEST_STEP][PASSED] - free_spin_reel_counter[0] = 0: null

2019-08-24 13:07:28 - [TEST_STEP][PASSED] - free_spin_reel_counter[1] = 0: null

2019-08-24 13:07:36 - [TEST_STEP][PASSED] - free_spin_reel_counter[2] = 0: null

2019-08-24 13:07:36 - [TEST_STEP][PASSED] - M4_spin_reels = reels: null

2019-08-24 13:07:36 - [TEST_STEP][PASSED] - for ([i = 0, i &lt; M4_spin_reels.size(), (i++)]): null

2019-08-24 13:07:36 - [TEST_STEP][PASSED] - symbols = symbols: null

2019-08-24 13:07:36 - [TEST_STEP][PASSED] - for ([j = 0, j &lt; symbols.size(), (j++)]): null

2019-08-24 13:07:36 - [TEST_STEP][PASSED] - symbol = symbol: null

2019-08-24 13:07:42 - [TEST_STEP][PASSED] - println(symbol): null

2019-08-24 13:07:42 - [TEST_STEP][PASSED] - if (i == 2 &amp;&amp; wildList.indexOf(symbol) != -1): null

2019-08-24 13:07:42 - [TEST_STEP][PASSED] - if (i == 3 &amp;&amp; wildList.indexOf(symbol) != -1): null

2019-08-24 13:07:42 - [TEST_STEP][PASSED] - if (i == 4 &amp;&amp; wildList.indexOf(symbol) != -1): null

2019-08-24 13:07:42 - [TEST_STEP][PASSED] - symbol = symbol: null

2019-08-24 13:07:42 - [TEST_STEP][PASSED] - println(symbol): null

2019-08-24 13:07:42 - [TEST_STEP][PASSED] - if (i == 2 &amp;&amp; wildList.indexOf(symbol) != -1): null

2019-08-24 13:07:42 - [TEST_STEP][PASSED] - if (i == 3 &amp;&amp; wildList.indexOf(symbol) != -1): null

2019-08-24 13:07:42 - [TEST_STEP][PASSED] - if (i == 4 &amp;&amp; wildList.indexOf(symbol) != -1): null

2019-08-24 13:07:42 - [TEST_STEP][PASSED] - symbol = symbol: null

2019-08-24 13:07:42 - [TEST_STEP][PASSED] - println(symbol): null

2019-08-24 13:07:42 - [TEST_STEP][PASSED] - if (i == 2 &amp;&amp; wildList.indexOf(symbol) != -1): null

2019-08-24 13:07:42 - [TEST_STEP][PASSED] - if (i == 3 &amp;&amp; wildList.indexOf(symbol) != -1): null

2019-08-24 13:07:42 - [TEST_STEP][PASSED] - if (i == 4 &amp;&amp; wildList.indexOf(symbol) != -1): null

2019-08-24 13:07:42 - [TEST_STEP][PASSED] - symbols = symbols: null

2019-08-24 13:07:42 - [TEST_STEP][PASSED] - for ([j = 0, j &lt; symbols.size(), (j++)]): null

2019-08-24 13:07:42 - [TEST_STEP][PASSED] - symbol = symbol: null

2019-08-24 13:07:42 - [TEST_STEP][PASSED] - println(symbol): null

2019-08-24 13:07:42 - [TEST_STEP][PASSED] - if (i == 2 &amp;&amp; wildList.indexOf(symbol) != -1): null

2019-08-24 13:07:42 - [TEST_STEP][PASSED] - if (i == 3 &amp;&amp; wildList.indexOf(symbol) != -1): null

2019-08-24 13:07:42 - [TEST_STEP][PASSED] - if (i == 4 &amp;&amp; wildList.indexOf(symbol) != -1): null

2019-08-24 13:07:42 - [TEST_STEP][PASSED] - symbol = symbol: null

2019-08-24 13:07:42 - [TEST_STEP][PASSED] - println(symbol): null

2019-08-24 13:07:42 - [TEST_STEP][PASSED] - if (i == 2 &amp;&amp; wildList.indexOf(symbol) != -1): null

2019-08-24 13:07:42 - [TEST_STEP][PASSED] - if (i == 3 &amp;&amp; wildList.indexOf(symbol) != -1): null

2019-08-24 13:07:42 - [TEST_STEP][PASSED] - if (i == 4 &amp;&amp; wildList.indexOf(symbol) != -1): null

2019-08-24 13:07:42 - [TEST_STEP][PASSED] - symbol = symbol: null

2019-08-24 13:07:42 - [TEST_STEP][PASSED] - println(symbol): null

2019-08-24 13:07:42 - [TEST_STEP][PASSED] - if (i == 2 &amp;&amp; wildList.indexOf(symbol) != -1): null

2019-08-24 13:07:42 - [TEST_STEP][PASSED] - if (i == 3 &amp;&amp; wildList.indexOf(symbol) != -1): null

2019-08-24 13:07:42 - [TEST_STEP][PASSED] - if (i == 4 &amp;&amp; wildList.indexOf(symbol) != -1): null

2019-08-24 13:07:42 - [TEST_STEP][PASSED] - symbols = symbols: null

2019-08-24 13:07:42 - [TEST_STEP][PASSED] - for ([j = 0, j &lt; symbols.size(), (j++)]): null

2019-08-24 13:07:42 - [TEST_STEP][PASSED] - symbol = symbol: null

2019-08-24 13:07:42 - [TEST_STEP][PASSED] - println(symbol): null

2019-08-24 13:07:42 - [TEST_STEP][PASSED] - if (i == 2 &amp;&amp; wildList.indexOf(symbol) != -1): null

2019-08-24 13:07:42 - [TEST_STEP][PASSED] - if (i == 3 &amp;&amp; wildList.indexOf(symbol) != -1): null

2019-08-24 13:07:42 - [TEST_STEP][PASSED] - if (i == 4 &amp;&amp; wildList.indexOf(symbol) != -1): null

2019-08-24 13:07:42 - [TEST_STEP][PASSED] - symbol = symbol: null

2019-08-24 13:07:42 - [TEST_STEP][PASSED] - println(symbol): null

2019-08-24 13:07:42 - [TEST_STEP][PASSED] - if (i == 2 &amp;&amp; wildList.indexOf(symbol) != -1): null

2019-08-24 13:07:42 - [TEST_STEP][PASSED] - if (i == 3 &amp;&amp; wildList.indexOf(symbol) != -1): null

2019-08-24 13:07:42 - [TEST_STEP][PASSED] - if (i == 4 &amp;&amp; wildList.indexOf(symbol) != -1): null

2019-08-24 13:07:42 - [TEST_STEP][PASSED] - symbol = symbol: null

2019-08-24 13:07:42 - [TEST_STEP][PASSED] - println(symbol): null

2019-08-24 13:07:42 - [TEST_STEP][PASSED] - if (i == 2 &amp;&amp; wildList.indexOf(symbol) != -1): null

2019-08-24 13:07:42 - [TEST_STEP][PASSED] - println("wild found on reel 3, adding counter by 1"): null

2019-08-24 13:07:42 - [TEST_STEP][PASSED] - free_spin_reel_counter[0] = free_spin_reel_counter[0] + 1: null

2019-08-24 13:07:42 - [TEST_STEP][PASSED] - if (i == 3 &amp;&amp; wildList.indexOf(symbol) != -1): null

2019-08-24 13:07:42 - [TEST_STEP][PASSED] - if (i == 4 &amp;&amp; wildList.indexOf(symbol) != -1): null

2019-08-24 13:07:42 - [TEST_STEP][PASSED] - symbols = symbols: null

2019-08-24 13:07:42 - [TEST_STEP][PASSED] - for ([j = 0, j &lt; symbols.size(), (j++)]): null

2019-08-24 13:07:42 - [TEST_STEP][PASSED] - symbol = symbol: null

2019-08-24 13:07:42 - [TEST_STEP][PASSED] - println(symbol): null

2019-08-24 13:07:42 - [TEST_STEP][PASSED] - if (i == 2 &amp;&amp; wildList.indexOf(symbol) != -1): null

2019-08-24 13:07:42 - [TEST_STEP][PASSED] - if (i == 3 &amp;&amp; wildList.indexOf(symbol) != -1): null

2019-08-24 13:07:42 - [TEST_STEP][PASSED] - if (i == 4 &amp;&amp; wildList.indexOf(symbol) != -1): null

2019-08-24 13:07:42 - [TEST_STEP][PASSED] - symbol = symbol: null

2019-08-24 13:07:42 - [TEST_STEP][PASSED] - println(symbol): null

2019-08-24 13:07:42 - [TEST_STEP][PASSED] - if (i == 2 &amp;&amp; wildList.indexOf(symbol) != -1): null

2019-08-24 13:07:42 - [TEST_STEP][PASSED] - if (i == 3 &amp;&amp; wildList.indexOf(symbol) != -1): null

2019-08-24 13:07:42 - [TEST_STEP][PASSED] - if (i == 4 &amp;&amp; wildList.indexOf(symbol) != -1): null

2019-08-24 13:07:42 - [TEST_STEP][PASSED] - symbol = symbol: null

2019-08-24 13:07:42 - [TEST_STEP][PASSED] - println(symbol): null

2019-08-24 13:07:42 - [TEST_STEP][PASSED] - if (i == 2 &amp;&amp; wildList.indexOf(symbol) != -1): null

2019-08-24 13:07:42 - [TEST_STEP][PASSED] - if (i == 3 &amp;&amp; wildList.indexOf(symbol) != -1): null

2019-08-24 13:07:42 - [TEST_STEP][PASSED] - println("wild found on reel 4, adding counter by 1"): null

2019-08-24 13:07:42 - [TEST_STEP][PASSED] - free_spin_reel_counter[1] = free_spin_reel_counter[1] + 1: null

2019-08-24 13:07:42 - [TEST_STEP][PASSED] - if (i == 4 &amp;&amp; wildList.indexOf(symbol) != -1): null

2019-08-24 13:07:42 - [TEST_STEP][PASSED] - symbols = symbols: null

2019-08-24 13:07:42 - [TEST_STEP][PASSED] - for ([j = 0, j &lt; symbols.size(), (j++)]): null

2019-08-24 13:07:42 - [TEST_STEP][PASSED] - symbol = symbol: null

2019-08-24 13:07:42 - [TEST_STEP][PASSED] - println(symbol): null

2019-08-24 13:07:42 - [TEST_STEP][PASSED] - if (i == 2 &amp;&amp; wildList.indexOf(symbol) != -1): null

2019-08-24 13:07:42 - [TEST_STEP][PASSED] - if (i == 3 &amp;&amp; wildList.indexOf(symbol) != -1): null

2019-08-24 13:07:42 - [TEST_STEP][PASSED] - if (i == 4 &amp;&amp; wildList.indexOf(symbol) != -1): null

2019-08-24 13:07:42 - [TEST_STEP][PASSED] - symbol = symbol: null

2019-08-24 13:07:42 - [TEST_STEP][PASSED] - println(symbol): null

2019-08-24 13:07:42 - [TEST_STEP][PASSED] - if (i == 2 &amp;&amp; wildList.indexOf(symbol) != -1): null

2019-08-24 13:07:42 - [TEST_STEP][PASSED] - if (i == 3 &amp;&amp; wildList.indexOf(symbol) != -1): null

2019-08-24 13:07:42 - [TEST_STEP][PASSED] - if (i == 4 &amp;&amp; wildList.indexOf(symbol) != -1): null

2019-08-24 13:07:42 - [TEST_STEP][PASSED] - symbol = symbol: null

2019-08-24 13:07:42 - [TEST_STEP][PASSED] - println(symbol): null

2019-08-24 13:07:42 - [TEST_STEP][PASSED] - if (i == 2 &amp;&amp; wildList.indexOf(symbol) != -1): null

2019-08-24 13:07:42 - [TEST_STEP][PASSED] - if (i == 3 &amp;&amp; wildList.indexOf(symbol) != -1): null

2019-08-24 13:07:42 - [TEST_STEP][PASSED] - if (i == 4 &amp;&amp; wildList.indexOf(symbol) != -1): null

2019-08-24 13:07:42 - [TEST_STEP][PASSED] - free_spin_reel_counter = free_spin_reel_counter: null

2019-08-24 13:07:42 - [TEST_STEP][PASSED] - println("reel 3 wild found: " + free_spin_reel_counter[0]): null

2019-08-24 13:07:42 - [TEST_STEP][PASSED] - println("reel 4 wild found: " + free_spin_reel_counter[1]): null

2019-08-24 13:07:42 - [TEST_STEP][PASSED] - println("reel 5 wild found: " + free_spin_reel_counter[2]): null

2019-08-24 13:07:42 - [TEST_STEP][PASSED] - M4_spin_reels = M4_spin_reels: null

2019-08-24 13:07:42 - [TEST_STEP][PASSED] - M4_spin_reels_symbols = symbol: null

2019-08-24 13:07:42 - [TEST_STEP][PASSED] - M4_spin_reels_symbols = M4_spin_reels_symbols: null

2019-08-24 13:07:42 - [TEST_STEP][PASSED] - M4_spin_reel_wins = reel_wins: null

2019-08-24 13:07:42 - [TEST_STEP][PASSED] - M4_spin_reel_wins = M4_spin_reel_wins: null

2019-08-24 13:07:42 - [TEST_STEP][PASSED] - println("GlobalVariable.M4_spin_reel_wins is: " + M4_spin_reel_wins): null

2019-08-24 13:07:42 - [TEST_STEP][PASSED] - M4_spin_total_bonus_win_this_round = total_bonus_win_this_round: null

2019-08-24 13:07:42 - [TEST_STEP][PASSED] - M4_spin_total_bonus_win_this_round = M4_spin_total_bonus_win_this_round: null

2019-08-24 13:07:42 - [TEST_STEP][PASSED] - println("GlobalVariable.M4_spin_total_bonus_win_this_round is: " + M4_spin_total_bonus_win_this_round): null

2019-08-24 13:07:42 - [TEST_STEP][PASSED] - M4_spin_bonus_spin_result = spin_result: null

2019-08-24 13:07:42 - [TEST_STEP][PASSED] - M4_spin_bonus_spin_result = M4_spin_bonus_spin_result: null

2019-08-24 13:07:42 - [MESSAGE][PASSED] - Verify response successfully

2019-08-24 13:07:42 - [MESSAGE][PASSED] - Send request and verify the response successfully

2019-08-24 13:07:42 - [TEST_STEP][PASSED] - if (M4_total_bonus_spins_int != 0 &amp;&amp; M4_spin_reels_symbols[2].contains("WILD_Expanding")): null

2019-08-24 13:07:42 - [TEST_STEP][PASSED] - free_spin_reel_counter = free_spin_reel_counter: null

2019-08-24 13:07:42 - [TEST_STEP][PASSED] - M4_spin_reels_symbols = M4_spin_reels_symbols: null

2019-08-24 13:07:42 - [TEST_STEP][PASSED] - M4_total_bonus_spins = M4_total_bonus_spins: null

2019-08-24 13:07:42 - [TEST_STEP][PASSED] - spin_result = sendRequestAndVerify(findTestObject("INT/RGS(M4)/1_M4_spin", ["M4_login_user_id":M4_login_user_id, "rgs_session_token":rgs_session_token, "partner":Partner])): Send request and verify the response successfully

2019-08-24 13:07:42 - [MESSAGE][INFO] - HAR: /Users/eiralee/Katalon_Script/SuperWild/Reports/20190824_125957/INT/superWild_5/20190824_125957/requests/main/137.har

2019-08-24 13:07:42 - [TEST_CASE][PASSED] - Start Test Case : Verification: Verification accomplished successfully

2019-08-24 13:07:42 - [TEST_STEP][PASSED] - request = getInstance().getCurrentRequest(): null

2019-08-24 13:07:42 - [TEST_STEP][PASSED] - response = getInstance().getCurrentResponse(): null

2019-08-24 13:07:42 - [TEST_STEP][PASSED] - verifyResponseStatusCode(response, 200): Verify response status code successfully

2019-08-24 13:07:42 - [MESSAGE][PASSED] - Verify response status code successfully

2019-08-24 13:07:42 - [TEST_STEP][PASSED] - getStatusCode()).isEqualTo(200): null

2019-08-24 13:07:42 - [TEST_STEP][PASSED] - newline = System.getProperty("line.separator"): null

2019-08-24 13:07:42 - [TEST_STEP][PASSED] - M4_spin = new groovy.json.JsonSlurper(): null

2019-08-24 13:07:42 - [TEST_STEP][PASSED] - result_M4_spin = M4_spin.parseText(response.getResponseBodyContent()): null

2019-08-24 13:07:42 - [TEST_STEP][PASSED] - M4_spin_current_balance = current_balance: null

2019-08-24 13:07:42 - [TEST_STEP][PASSED] - M4_spin_current_balance = M4_spin_current_balance: null

2019-08-24 13:07:42 - [TEST_STEP][PASSED] - M4_spin_transaction_id = causality: null

2019-08-24 13:07:42 - [TEST_STEP][PASSED] - M4_spin_transaction_id = M4_spin_transaction_id: null

2019-08-24 13:07:42 - [TEST_STEP][PASSED] - M4_spin_round_id = round_id: null

2019-08-24 13:07:42 - [TEST_STEP][PASSED] - M4_spin_round_id = M4_spin_round_id: null

2019-08-24 13:07:42 - [TEST_STEP][PASSED] - M4_spin_line_wins = line_wins: null

2019-08-24 13:07:42 - [TEST_STEP][PASSED] - M4_spin_line_wins = M4_spin_line_wins: null

2019-08-24 13:07:42 - [TEST_STEP][PASSED] - M4_total_bonus_spins_int = total_bonus_spins: null

2019-08-24 13:07:42 - [TEST_STEP][PASSED] - println("******M4_total_bonus_spins type is:*******" + newline + getClass().getName()): null

2019-08-24 13:07:42 - [TEST_STEP][PASSED] - M4_total_bonus_spins_int = M4_total_bonus_spins_int: null

2019-08-24 13:07:42 - [TEST_STEP][PASSED] - M4_total_bonus_spins = Integer.toString(M4_total_bonus_spins_int): null

2019-08-24 13:07:42 - [TEST_STEP][PASSED] - M4_total_bonus_spins = M4_total_bonus_spins: null

2019-08-24 13:07:42 - [TEST_STEP][PASSED] - println("M4_total_bonus_spins is:" + M4_total_bonus_spins): null

2019-08-24 13:07:42 - [TEST_STEP][PASSED] - M4_spin_bonus_data = bonus_data: null

2019-08-24 13:07:42 - [TEST_STEP][PASSED] - M4_spin_features_triggered = result_M4_spin: null

2019-08-24 13:07:42 - [TEST_STEP][PASSED] - wild = []: null

2019-08-24 13:07:42 - [TEST_STEP][PASSED] - wild[0] = "WILD_Expanding": null

2019-08-24 13:07:42 - [TEST_STEP][PASSED] - wild[1] = "WILD_Normal": null

2019-08-24 13:07:42 - [TEST_STEP][PASSED] - wild[2] = "WILD_Double": null

2019-08-24 13:07:42 - [TEST_STEP][PASSED] - wild[3] = "WILD_ExtraFG": null

2019-08-24 13:07:42 - [TEST_STEP][PASSED] - wild[4] = "WILD_Triple": null

2019-08-24 13:07:42 - [TEST_STEP][PASSED] - wildList = Arrays.asList(wild): null

2019-08-24 13:07:42 - [TEST_STEP][PASSED] - wildList = wildList: null

2019-08-24 13:07:42 - [TEST_STEP][PASSED] - free_spin_reel_counter = []: null

2019-08-24 13:07:42 - [TEST_STEP][PASSED] - free_spin_reel_counter[0] = 0: null

2019-08-24 13:07:42 - [TEST_STEP][PASSED] - free_spin_reel_counter[1] = 0: null

2019-08-24 13:07:42 - [TEST_STEP][PASSED] - free_spin_reel_counter[2] = 0: null

2019-08-24 13:07:42 - [TEST_STEP][PASSED] - M4_spin_reels = reels: null

2019-08-24 13:07:42 - [TEST_STEP][PASSED] - for ([i = 0, i &lt; M4_spin_reels.size(), (i++)]): null

2019-08-24 13:07:42 - [TEST_STEP][PASSED] - symbols = symbols: null

2019-08-24 13:07:42 - [TEST_STEP][PASSED] - for ([j = 0, j &lt; symbols.size(), (j++)]): null

2019-08-24 13:07:42 - [TEST_STEP][PASSED] - symbol = symbol: null

2019-08-24 13:07:42 - [TEST_STEP][PASSED] - println(symbol): null

2019-08-24 13:07:42 - [TEST_STEP][PASSED] - if (i == 2 &amp;&amp; wildList.indexOf(symbol) != -1): null

2019-08-24 13:07:42 - [TEST_STEP][PASSED] - if (i == 3 &amp;&amp; wildList.indexOf(symbol) != -1): null

2019-08-24 13:07:42 - [TEST_STEP][PASSED] - if (i == 4 &amp;&amp; wildList.indexOf(symbol) != -1): null

2019-08-24 13:07:42 - [TEST_STEP][PASSED] - symbol = symbol: null

2019-08-24 13:07:42 - [TEST_STEP][PASSED] - println(symbol): null

2019-08-24 13:07:42 - [TEST_STEP][PASSED] - if (i == 2 &amp;&amp; wildList.indexOf(symbol) != -1): null

2019-08-24 13:07:42 - [TEST_STEP][PASSED] - if (i == 3 &amp;&amp; wildList.indexOf(symbol) != -1): null

2019-08-24 13:07:42 - [TEST_STEP][PASSED] - if (i == 4 &amp;&amp; wildList.indexOf(symbol) != -1): null

2019-08-24 13:07:42 - [TEST_STEP][PASSED] - symbol = symbol: null

2019-08-24 13:07:42 - [TEST_STEP][PASSED] - println(symbol): null

2019-08-24 13:07:42 - [TEST_STEP][PASSED] - if (i == 2 &amp;&amp; wildList.indexOf(symbol) != -1): null

2019-08-24 13:07:42 - [TEST_STEP][PASSED] - if (i == 3 &amp;&amp; wildList.indexOf(symbol) != -1): null

2019-08-24 13:07:42 - [TEST_STEP][PASSED] - if (i == 4 &amp;&amp; wildList.indexOf(symbol) != -1): null

2019-08-24 13:07:42 - [TEST_STEP][PASSED] - symbols = symbols: null

2019-08-24 13:07:42 - [TEST_STEP][PASSED] - for ([j = 0, j &lt; symbols.size(), (j++)]): null

2019-08-24 13:07:42 - [TEST_STEP][PASSED] - symbol = symbol: null

2019-08-24 13:07:42 - [TEST_STEP][PASSED] - println(symbol): null

2019-08-24 13:07:42 - [TEST_STEP][PASSED] - if (i == 2 &amp;&amp; wildList.indexOf(symbol) != -1): null

2019-08-24 13:07:42 - [TEST_STEP][PASSED] - if (i == 3 &amp;&amp; wildList.indexOf(symbol) != -1): null

2019-08-24 13:07:42 - [TEST_STEP][PASSED] - if (i == 4 &amp;&amp; wildList.indexOf(symbol) != -1): null

2019-08-24 13:07:42 - [TEST_STEP][PASSED] - symbol = symbol: null

2019-08-24 13:07:42 - [TEST_STEP][PASSED] - println(symbol): null

2019-08-24 13:07:42 - [TEST_STEP][PASSED] - if (i == 2 &amp;&amp; wildList.indexOf(symbol) != -1): null

2019-08-24 13:07:42 - [TEST_STEP][PASSED] - if (i == 3 &amp;&amp; wildList.indexOf(symbol) != -1): null

2019-08-24 13:07:42 - [TEST_STEP][PASSED] - if (i == 4 &amp;&amp; wildList.indexOf(symbol) != -1): null

2019-08-24 13:07:42 - [TEST_STEP][PASSED] - symbol = symbol: null

2019-08-24 13:07:42 - [TEST_STEP][PASSED] - println(symbol): null

2019-08-24 13:07:42 - [TEST_STEP][PASSED] - if (i == 2 &amp;&amp; wildList.indexOf(symbol) != -1): null

2019-08-24 13:07:42 - [TEST_STEP][PASSED] - if (i == 3 &amp;&amp; wildList.indexOf(symbol) != -1): null

2019-08-24 13:07:42 - [TEST_STEP][PASSED] - if (i == 4 &amp;&amp; wildList.indexOf(symbol) != -1): null

2019-08-24 13:07:42 - [TEST_STEP][PASSED] - symbols = symbols: null

2019-08-24 13:07:42 - [TEST_STEP][PASSED] - for ([j = 0, j &lt; symbols.size(), (j++)]): null

2019-08-24 13:07:42 - [TEST_STEP][PASSED] - symbol = symbol: null

2019-08-24 13:07:42 - [TEST_STEP][PASSED] - println(symbol): null

2019-08-24 13:07:42 - [TEST_STEP][PASSED] - if (i == 2 &amp;&amp; wildList.indexOf(symbol) != -1): null

2019-08-24 13:07:42 - [TEST_STEP][PASSED] - if (i == 3 &amp;&amp; wildList.indexOf(symbol) != -1): null

2019-08-24 13:07:42 - [TEST_STEP][PASSED] - if (i == 4 &amp;&amp; wildList.indexOf(symbol) != -1): null

2019-08-24 13:07:42 - [TEST_STEP][PASSED] - symbol = symbol: null

2019-08-24 13:07:42 - [TEST_STEP][PASSED] - println(symbol): null

2019-08-24 13:07:42 - [TEST_STEP][PASSED] - if (i == 2 &amp;&amp; wildList.indexOf(symbol) != -1): null

2019-08-24 13:07:42 - [TEST_STEP][PASSED] - if (i == 3 &amp;&amp; wildList.indexOf(symbol) != -1): null

2019-08-24 13:07:42 - [TEST_STEP][PASSED] - if (i == 4 &amp;&amp; wildList.indexOf(symbol) != -1): null

2019-08-24 13:07:42 - [TEST_STEP][PASSED] - symbol = symbol: null

2019-08-24 13:07:42 - [TEST_STEP][PASSED] - println(symbol): null

2019-08-24 13:07:42 - [TEST_STEP][PASSED] - if (i == 2 &amp;&amp; wildList.indexOf(symbol) != -1): null

2019-08-24 13:07:42 - [TEST_STEP][PASSED] - println("wild found on reel 3, adding counter by 1"): null

2019-08-24 13:07:42 - [TEST_STEP][PASSED] - free_spin_reel_counter[0] = free_spin_reel_counter[0] + 1: null

2019-08-24 13:07:42 - [TEST_STEP][PASSED] - if (i == 3 &amp;&amp; wildList.indexOf(symbol) != -1): null

2019-08-24 13:07:42 - [TEST_STEP][PASSED] - if (i == 4 &amp;&amp; wildList.indexOf(symbol) != -1): null

2019-08-24 13:07:42 - [TEST_STEP][PASSED] - symbols = symbols: null

2019-08-24 13:07:42 - [TEST_STEP][PASSED] - for ([j = 0, j &lt; symbols.size(), (j++)]): null

2019-08-24 13:07:42 - [TEST_STEP][PASSED] - symbol = symbol: null

2019-08-24 13:07:42 - [TEST_STEP][PASSED] - println(symbol): null

2019-08-24 13:07:42 - [TEST_STEP][PASSED] - if (i == 2 &amp;&amp; wildList.indexOf(symbol) != -1): null

2019-08-24 13:07:42 - [TEST_STEP][PASSED] - if (i == 3 &amp;&amp; wildList.indexOf(symbol) != -1): null

2019-08-24 13:07:42 - [TEST_STEP][PASSED] - if (i == 4 &amp;&amp; wildList.indexOf(symbol) != -1): null

2019-08-24 13:07:42 - [TEST_STEP][PASSED] - symbol = symbol: null

2019-08-24 13:07:42 - [TEST_STEP][PASSED] - println(symbol): null

2019-08-24 13:07:42 - [TEST_STEP][PASSED] - if (i == 2 &amp;&amp; wildList.indexOf(symbol) != -1): null

2019-08-24 13:07:42 - [TEST_STEP][PASSED] - if (i == 3 &amp;&amp; wildList.indexOf(symbol) != -1): null

2019-08-24 13:07:42 - [TEST_STEP][PASSED] - if (i == 4 &amp;&amp; wildList.indexOf(symbol) != -1): null

2019-08-24 13:07:42 - [TEST_STEP][PASSED] - symbol = symbol: null

2019-08-24 13:07:42 - [TEST_STEP][PASSED] - println(symbol): null

2019-08-24 13:07:42 - [TEST_STEP][PASSED] - if (i == 2 &amp;&amp; wildList.indexOf(symbol) != -1): null

2019-08-24 13:07:42 - [TEST_STEP][PASSED] - if (i == 3 &amp;&amp; wildList.indexOf(symbol) != -1): null

2019-08-24 13:07:42 - [TEST_STEP][PASSED] - if (i == 4 &amp;&amp; wildList.indexOf(symbol) != -1): null

2019-08-24 13:07:42 - [TEST_STEP][PASSED] - symbols = symbols: null

2019-08-24 13:07:42 - [TEST_STEP][PASSED] - for ([j = 0, j &lt; symbols.size(), (j++)]): null

2019-08-24 13:07:42 - [TEST_STEP][PASSED] - symbol = symbol: null

2019-08-24 13:07:42 - [TEST_STEP][PASSED] - println(symbol): null

2019-08-24 13:07:42 - [TEST_STEP][PASSED] - if (i == 2 &amp;&amp; wildList.indexOf(symbol) != -1): null

2019-08-24 13:07:42 - [TEST_STEP][PASSED] - if (i == 3 &amp;&amp; wildList.indexOf(symbol) != -1): null

2019-08-24 13:07:42 - [TEST_STEP][PASSED] - if (i == 4 &amp;&amp; wildList.indexOf(symbol) != -1): null

2019-08-24 13:07:42 - [TEST_STEP][PASSED] - symbol = symbol: null

2019-08-24 13:07:42 - [TEST_STEP][PASSED] - println(symbol): null

2019-08-24 13:07:42 - [TEST_STEP][PASSED] - if (i == 2 &amp;&amp; wildList.indexOf(symbol) != -1): null

2019-08-24 13:07:42 - [TEST_STEP][PASSED] - if (i == 3 &amp;&amp; wildList.indexOf(symbol) != -1): null

2019-08-24 13:07:42 - [TEST_STEP][PASSED] - if (i == 4 &amp;&amp; wildList.indexOf(symbol) != -1): null

2019-08-24 13:07:42 - [TEST_STEP][PASSED] - symbol = symbol: null

2019-08-24 13:07:42 - [TEST_STEP][PASSED] - println(symbol): null

2019-08-24 13:07:42 - [TEST_STEP][PASSED] - if (i == 2 &amp;&amp; wildList.indexOf(symbol) != -1): null

2019-08-24 13:07:42 - [TEST_STEP][PASSED] - if (i == 3 &amp;&amp; wildList.indexOf(symbol) != -1): null

2019-08-24 13:07:42 - [TEST_STEP][PASSED] - if (i == 4 &amp;&amp; wildList.indexOf(symbol) != -1): null

2019-08-24 13:07:42 - [TEST_STEP][PASSED] - free_spin_reel_counter = free_spin_reel_counter: null

2019-08-24 13:07:42 - [TEST_STEP][PASSED] - println("reel 3 wild found: " + free_spin_reel_counter[0]): null

2019-08-24 13:07:42 - [TEST_STEP][PASSED] - println("reel 4 wild found: " + free_spin_reel_counter[1]): null

2019-08-24 13:07:42 - [TEST_STEP][PASSED] - println("reel 5 wild found: " + free_spin_reel_counter[2]): null

2019-08-24 13:07:42 - [TEST_STEP][PASSED] - M4_spin_reels = M4_spin_reels: null

2019-08-24 13:07:42 - [TEST_STEP][PASSED] - M4_spin_reels_symbols = symbol: null

2019-08-24 13:07:42 - [TEST_STEP][PASSED] - M4_spin_reels_symbols = M4_spin_reels_symbols: null

2019-08-24 13:07:42 - [TEST_STEP][PASSED] - M4_spin_reel_wins = reel_wins: null

2019-08-24 13:07:42 - [TEST_STEP][PASSED] - M4_spin_reel_wins = M4_spin_reel_wins: null

2019-08-24 13:07:42 - [TEST_STEP][PASSED] - println("GlobalVariable.M4_spin_reel_wins is: " + M4_spin_reel_wins): null

2019-08-24 13:07:42 - [TEST_STEP][PASSED] - M4_spin_total_bonus_win_this_round = total_bonus_win_this_round: null

2019-08-24 13:07:42 - [TEST_STEP][PASSED] - M4_spin_total_bonus_win_this_round = M4_spin_total_bonus_win_this_round: null

2019-08-24 13:07:42 - [TEST_STEP][PASSED] - println("GlobalVariable.M4_spin_total_bonus_win_this_round is: " + M4_spin_total_bonus_win_this_round): null

2019-08-24 13:07:42 - [TEST_STEP][PASSED] - M4_spin_bonus_spin_result = spin_result: null

2019-08-24 13:07:42 - [TEST_STEP][PASSED] - M4_spin_bonus_spin_result = M4_spin_bonus_spin_result: null

2019-08-24 13:07:42 - [MESSAGE][PASSED] - Verify response successfully

2019-08-24 13:07:42 - [MESSAGE][PASSED] - Send request and verify the response successfully

2019-08-24 13:07:42 - [TEST_STEP][PASSED] - if (M4_total_bonus_spins_int != 0 &amp;&amp; M4_spin_reels_symbols[2].contains("WILD_Expanding")): null

2019-08-24 13:07:42 - [TEST_STEP][PASSED] - free_spin_reel_counter = free_spin_reel_counter: null

2019-08-24 13:07:42 - [TEST_STEP][PASSED] - M4_spin_reels_symbols = M4_spin_reels_symbols: null

2019-08-24 13:07:42 - [TEST_STEP][PASSED] - M4_total_bonus_spins = M4_total_bonus_spins: null

2019-08-24 13:07:42 - [TEST_STEP][PASSED] - spin_result = sendRequestAndVerify(findTestObject("INT/RGS(M4)/1_M4_spin", ["M4_login_user_id":M4_login_user_id, "rgs_session_token":rgs_session_token, "partner":Partner])): Send request and verify the response successfully

2019-08-24 13:07:43 - [MESSAGE][INFO] - HAR: /Users/eiralee/Katalon_Script/SuperWild/Reports/20190824_125957/INT/superWild_5/20190824_125957/requests/main/138.har

2019-08-24 13:07:43 - [TEST_CASE][PASSED] - Start Test Case : Verification: Verification accomplished successfully

2019-08-24 13:07:43 - [TEST_STEP][PASSED] - request = getInstance().getCurrentRequest(): null

2019-08-24 13:07:43 - [TEST_STEP][PASSED] - response = getInstance().getCurrentResponse(): null

2019-08-24 13:07:43 - [TEST_STEP][PASSED] - verifyResponseStatusCode(response, 200): Verify response status code successfully

2019-08-24 13:07:43 - [MESSAGE][PASSED] - Verify response status code successfully

2019-08-24 13:07:43 - [TEST_STEP][PASSED] - getStatusCode()).isEqualTo(200): null

2019-08-24 13:07:43 - [TEST_STEP][PASSED] - newline = System.getProperty("line.separator"): null

2019-08-24 13:07:43 - [TEST_STEP][PASSED] - M4_spin = new groovy.json.JsonSlurper(): null

2019-08-24 13:07:43 - [TEST_STEP][PASSED] - result_M4_spin = M4_spin.parseText(response.getResponseBodyContent()): null

2019-08-24 13:07:43 - [TEST_STEP][PASSED] - M4_spin_current_balance = current_balance: null

2019-08-24 13:07:43 - [TEST_STEP][PASSED] - M4_spin_current_balance = M4_spin_current_balance: null

2019-08-24 13:07:43 - [TEST_STEP][PASSED] - M4_spin_transaction_id = causality: null

2019-08-24 13:07:43 - [TEST_STEP][PASSED] - M4_spin_transaction_id = M4_spin_transaction_id: null

2019-08-24 13:07:43 - [TEST_STEP][PASSED] - M4_spin_round_id = round_id: null

2019-08-24 13:07:43 - [TEST_STEP][PASSED] - M4_spin_round_id = M4_spin_round_id: null

2019-08-24 13:07:43 - [TEST_STEP][PASSED] - M4_spin_line_wins = line_wins: null

2019-08-24 13:07:43 - [TEST_STEP][PASSED] - M4_spin_line_wins = M4_spin_line_wins: null

2019-08-24 13:07:43 - [TEST_STEP][PASSED] - M4_total_bonus_spins_int = total_bonus_spins: null

2019-08-24 13:07:43 - [TEST_STEP][PASSED] - println("******M4_total_bonus_spins type is:*******" + newline + getClass().getName()): null

2019-08-24 13:07:43 - [TEST_STEP][PASSED] - M4_total_bonus_spins_int = M4_total_bonus_spins_int: null

2019-08-24 13:07:43 - [TEST_STEP][PASSED] - M4_total_bonus_spins = Integer.toString(M4_total_bonus_spins_int): null

2019-08-24 13:07:43 - [TEST_STEP][PASSED] - M4_total_bonus_spins = M4_total_bonus_spins: null

2019-08-24 13:07:43 - [TEST_STEP][PASSED] - println("M4_total_bonus_spins is:" + M4_total_bonus_spins): null

2019-08-24 13:07:43 - [TEST_STEP][PASSED] - M4_spin_bonus_data = bonus_data: null

2019-08-24 13:07:43 - [TEST_STEP][PASSED] - M4_spin_features_triggered = result_M4_spin: null

2019-08-24 13:07:43 - [TEST_STEP][PASSED] - wild = []: null

2019-08-24 13:07:43 - [TEST_STEP][PASSED] - wild[0] = "WILD_Expanding": null

2019-08-24 13:07:43 - [TEST_STEP][PASSED] - wild[1] = "WILD_Normal": null

2019-08-24 13:07:43 - [TEST_STEP][PASSED] - wild[2] = "WILD_Double": null

2019-08-24 13:07:43 - [TEST_STEP][PASSED] - wild[3] = "WILD_ExtraFG": null

2019-08-24 13:07:43 - [TEST_STEP][PASSED] - wild[4] = "WILD_Triple": null

2019-08-24 13:07:43 - [TEST_STEP][PASSED] - wildList = Arrays.asList(wild): null

2019-08-24 13:07:43 - [TEST_STEP][PASSED] - wildList = wildList: null

2019-08-24 13:07:43 - [TEST_STEP][PASSED] - free_spin_reel_counter = []: null

2019-08-24 13:07:43 - [TEST_STEP][PASSED] - free_spin_reel_counter[0] = 0: null

2019-08-24 13:07:43 - [TEST_STEP][PASSED] - free_spin_reel_counter[1] = 0: null

2019-08-24 13:07:43 - [TEST_STEP][PASSED] - free_spin_reel_counter[2] = 0: null

2019-08-24 13:07:43 - [TEST_STEP][PASSED] - M4_spin_reels = reels: null

2019-08-24 13:07:43 - [TEST_STEP][PASSED] - for ([i = 0, i &lt; M4_spin_reels.size(), (i++)]): null

2019-08-24 13:07:43 - [TEST_STEP][PASSED] - symbols = symbols: null

2019-08-24 13:07:43 - [TEST_STEP][PASSED] - for ([j = 0, j &lt; symbols.size(), (j++)]): null

2019-08-24 13:07:43 - [TEST_STEP][PASSED] - symbol = symbol: null

2019-08-24 13:07:43 - [TEST_STEP][PASSED] - println(symbol): null

2019-08-24 13:07:43 - [TEST_STEP][PASSED] - if (i == 2 &amp;&amp; wildList.indexOf(symbol) != -1): null

2019-08-24 13:07:43 - [TEST_STEP][PASSED] - if (i == 3 &amp;&amp; wildList.indexOf(symbol) != -1): null

2019-08-24 13:07:43 - [TEST_STEP][PASSED] - if (i == 4 &amp;&amp; wildList.indexOf(symbol) != -1): null

2019-08-24 13:07:43 - [TEST_STEP][PASSED] - symbol = symbol: null

2019-08-24 13:07:43 - [TEST_STEP][PASSED] - println(symbol): null

2019-08-24 13:07:43 - [TEST_STEP][PASSED] - if (i == 2 &amp;&amp; wildList.indexOf(symbol) != -1): null

2019-08-24 13:07:43 - [TEST_STEP][PASSED] - if (i == 3 &amp;&amp; wildList.indexOf(symbol) != -1): null

2019-08-24 13:07:43 - [TEST_STEP][PASSED] - if (i == 4 &amp;&amp; wildList.indexOf(symbol) != -1): null

2019-08-24 13:07:43 - [TEST_STEP][PASSED] - symbol = symbol: null

2019-08-24 13:07:43 - [TEST_STEP][PASSED] - println(symbol): null

2019-08-24 13:07:43 - [TEST_STEP][PASSED] - if (i == 2 &amp;&amp; wildList.indexOf(symbol) != -1): null

2019-08-24 13:07:43 - [TEST_STEP][PASSED] - if (i == 3 &amp;&amp; wildList.indexOf(symbol) != -1): null

2019-08-24 13:07:43 - [TEST_STEP][PASSED] - if (i == 4 &amp;&amp; wildList.indexOf(symbol) != -1): null

2019-08-24 13:07:43 - [TEST_STEP][PASSED] - symbols = symbols: null

2019-08-24 13:07:43 - [TEST_STEP][PASSED] - for ([j = 0, j &lt; symbols.size(), (j++)]): null

2019-08-24 13:07:43 - [TEST_STEP][PASSED] - symbol = symbol: null

2019-08-24 13:07:43 - [TEST_STEP][PASSED] - println(symbol): null

2019-08-24 13:07:43 - [TEST_STEP][PASSED] - if (i == 2 &amp;&amp; wildList.indexOf(symbol) != -1): null

2019-08-24 13:07:43 - [TEST_STEP][PASSED] - if (i == 3 &amp;&amp; wildList.indexOf(symbol) != -1): null

2019-08-24 13:07:43 - [TEST_STEP][PASSED] - if (i == 4 &amp;&amp; wildList.indexOf(symbol) != -1): null

2019-08-24 13:07:43 - [TEST_STEP][PASSED] - symbol = symbol: null

2019-08-24 13:07:43 - [TEST_STEP][PASSED] - println(symbol): null

2019-08-24 13:07:43 - [TEST_STEP][PASSED] - if (i == 2 &amp;&amp; wildList.indexOf(symbol) != -1): null

2019-08-24 13:07:43 - [TEST_STEP][PASSED] - if (i == 3 &amp;&amp; wildList.indexOf(symbol) != -1): null

2019-08-24 13:07:43 - [TEST_STEP][PASSED] - if (i == 4 &amp;&amp; wildList.indexOf(symbol) != -1): null

2019-08-24 13:07:43 - [TEST_STEP][PASSED] - symbol = symbol: null

2019-08-24 13:07:43 - [TEST_STEP][PASSED] - println(symbol): null

2019-08-24 13:07:43 - [TEST_STEP][PASSED] - if (i == 2 &amp;&amp; wildList.indexOf(symbol) != -1): null

2019-08-24 13:07:43 - [TEST_STEP][PASSED] - if (i == 3 &amp;&amp; wildList.indexOf(symbol) != -1): null

2019-08-24 13:07:43 - [TEST_STEP][PASSED] - if (i == 4 &amp;&amp; wildList.indexOf(symbol) != -1): null

2019-08-24 13:07:43 - [TEST_STEP][PASSED] - symbols = symbols: null

2019-08-24 13:07:43 - [TEST_STEP][PASSED] - for ([j = 0, j &lt; symbols.size(), (j++)]): null

2019-08-24 13:07:43 - [TEST_STEP][PASSED] - symbol = symbol: null

2019-08-24 13:07:43 - [TEST_STEP][PASSED] - println(symbol): null

2019-08-24 13:07:43 - [TEST_STEP][PASSED] - if (i == 2 &amp;&amp; wildList.indexOf(symbol) != -1): null

2019-08-24 13:07:43 - [TEST_STEP][PASSED] - println("wild found on reel 3, adding counter by 1"): null

2019-08-24 13:07:43 - [TEST_STEP][PASSED] - free_spin_reel_counter[0] = free_spin_reel_counter[0] + 1: null

2019-08-24 13:07:43 - [TEST_STEP][PASSED] - if (i == 3 &amp;&amp; wildList.indexOf(symbol) != -1): null

2019-08-24 13:07:43 - [TEST_STEP][PASSED] - if (i == 4 &amp;&amp; wildList.indexOf(symbol) != -1): null

2019-08-24 13:07:43 - [TEST_STEP][PASSED] - symbol = symbol: null

2019-08-24 13:07:43 - [TEST_STEP][PASSED] - println(symbol): null

2019-08-24 13:07:43 - [TEST_STEP][PASSED] - if (i == 2 &amp;&amp; wildList.indexOf(symbol) != -1): null

2019-08-24 13:07:43 - [TEST_STEP][PASSED] - if (i == 3 &amp;&amp; wildList.indexOf(symbol) != -1): null

2019-08-24 13:07:43 - [TEST_STEP][PASSED] - if (i == 4 &amp;&amp; wildList.indexOf(symbol) != -1): null

2019-08-24 13:07:43 - [TEST_STEP][PASSED] - symbol = symbol: null

2019-08-24 13:07:43 - [TEST_STEP][PASSED] - println(symbol): null

2019-08-24 13:07:43 - [TEST_STEP][PASSED] - if (i == 2 &amp;&amp; wildList.indexOf(symbol) != -1): null

2019-08-24 13:07:43 - [TEST_STEP][PASSED] - if (i == 3 &amp;&amp; wildList.indexOf(symbol) != -1): null

2019-08-24 13:07:43 - [TEST_STEP][PASSED] - if (i == 4 &amp;&amp; wildList.indexOf(symbol) != -1): null

2019-08-24 13:07:43 - [TEST_STEP][PASSED] - symbols = symbols: null

2019-08-24 13:07:43 - [TEST_STEP][PASSED] - for ([j = 0, j &lt; symbols.size(), (j++)]): null

2019-08-24 13:07:43 - [TEST_STEP][PASSED] - symbol = symbol: null

2019-08-24 13:07:43 - [TEST_STEP][PASSED] - println(symbol): null

2019-08-24 13:07:43 - [TEST_STEP][PASSED] - if (i == 2 &amp;&amp; wildList.indexOf(symbol) != -1): null

2019-08-24 13:07:43 - [TEST_STEP][PASSED] - if (i == 3 &amp;&amp; wildList.indexOf(symbol) != -1): null

2019-08-24 13:07:43 - [TEST_STEP][PASSED] - if (i == 4 &amp;&amp; wildList.indexOf(symbol) != -1): null

2019-08-24 13:07:43 - [TEST_STEP][PASSED] - symbol = symbol: null

2019-08-24 13:07:43 - [TEST_STEP][PASSED] - println(symbol): null

2019-08-24 13:07:43 - [TEST_STEP][PASSED] - if (i == 2 &amp;&amp; wildList.indexOf(symbol) != -1): null

2019-08-24 13:07:43 - [TEST_STEP][PASSED] - if (i == 3 &amp;&amp; wildList.indexOf(symbol) != -1): null

2019-08-24 13:07:43 - [TEST_STEP][PASSED] - if (i == 4 &amp;&amp; wildList.indexOf(symbol) != -1): null

2019-08-24 13:07:43 - [TEST_STEP][PASSED] - symbol = symbol: null

2019-08-24 13:07:43 - [TEST_STEP][PASSED] - println(symbol): null

2019-08-24 13:07:43 - [TEST_STEP][PASSED] - if (i == 2 &amp;&amp; wildList.indexOf(symbol) != -1): null

2019-08-24 13:07:43 - [TEST_STEP][PASSED] - if (i == 3 &amp;&amp; wildList.indexOf(symbol) != -1): null

2019-08-24 13:07:43 - [TEST_STEP][PASSED] - if (i == 4 &amp;&amp; wildList.indexOf(symbol) != -1): null

2019-08-24 13:07:43 - [TEST_STEP][PASSED] - symbols = symbols: null

2019-08-24 13:07:43 - [TEST_STEP][PASSED] - for ([j = 0, j &lt; symbols.size(), (j++)]): null

2019-08-24 13:07:43 - [TEST_STEP][PASSED] - symbol = symbol: null

2019-08-24 13:07:43 - [TEST_STEP][PASSED] - println(symbol): null

2019-08-24 13:07:43 - [TEST_STEP][PASSED] - if (i == 2 &amp;&amp; wildList.indexOf(symbol) != -1): null

2019-08-24 13:07:43 - [TEST_STEP][PASSED] - if (i == 3 &amp;&amp; wildList.indexOf(symbol) != -1): null

2019-08-24 13:07:43 - [TEST_STEP][PASSED] - if (i == 4 &amp;&amp; wildList.indexOf(symbol) != -1): null

2019-08-24 13:07:43 - [TEST_STEP][PASSED] - symbol = symbol: null

2019-08-24 13:07:43 - [TEST_STEP][PASSED] - println(symbol): null

2019-08-24 13:07:43 - [TEST_STEP][PASSED] - if (i == 2 &amp;&amp; wildList.indexOf(symbol) != -1): null

2019-08-24 13:07:43 - [TEST_STEP][PASSED] - if (i == 3 &amp;&amp; wildList.indexOf(symbol) != -1): null

2019-08-24 13:07:43 - [TEST_STEP][PASSED] - if (i == 4 &amp;&amp; wildList.indexOf(symbol) != -1): null

2019-08-24 13:07:43 - [TEST_STEP][PASSED] - symbol = symbol: null

2019-08-24 13:07:43 - [TEST_STEP][PASSED] - println(symbol): null

2019-08-24 13:07:43 - [TEST_STEP][PASSED] - if (i == 2 &amp;&amp; wildList.indexOf(symbol) != -1): null

2019-08-24 13:07:43 - [TEST_STEP][PASSED] - if (i == 3 &amp;&amp; wildList.indexOf(symbol) != -1): null

2019-08-24 13:07:43 - [TEST_STEP][PASSED] - if (i == 4 &amp;&amp; wildList.indexOf(symbol) != -1): null

2019-08-24 13:07:43 - [TEST_STEP][PASSED] - free_spin_reel_counter = free_spin_reel_counter: null

2019-08-24 13:07:43 - [TEST_STEP][PASSED] - println("reel 3 wild found: " + free_spin_reel_counter[0]): null

2019-08-24 13:07:43 - [TEST_STEP][PASSED] - println("reel 4 wild found: " + free_spin_reel_counter[1]): null

2019-08-24 13:07:43 - [TEST_STEP][PASSED] - println("reel 5 wild found: " + free_spin_reel_counter[2]): null

2019-08-24 13:07:43 - [TEST_STEP][PASSED] - M4_spin_reels = M4_spin_reels: null

2019-08-24 13:07:43 - [TEST_STEP][PASSED] - M4_spin_reels_symbols = symbol: null

2019-08-24 13:07:43 - [TEST_STEP][PASSED] - M4_spin_reels_symbols = M4_spin_reels_symbols: null

2019-08-24 13:07:43 - [TEST_STEP][PASSED] - M4_spin_reel_wins = reel_wins: null

2019-08-24 13:07:43 - [TEST_STEP][PASSED] - M4_spin_reel_wins = M4_spin_reel_wins: null

2019-08-24 13:07:43 - [TEST_STEP][PASSED] - println("GlobalVariable.M4_spin_reel_wins is: " + M4_spin_reel_wins): null

2019-08-24 13:07:43 - [TEST_STEP][PASSED] - M4_spin_total_bonus_win_this_round = total_bonus_win_this_round: null

2019-08-24 13:07:43 - [TEST_STEP][PASSED] - M4_spin_total_bonus_win_this_round = M4_spin_total_bonus_win_this_round: null

2019-08-24 13:07:43 - [TEST_STEP][PASSED] - println("GlobalVariable.M4_spin_total_bonus_win_this_round is: " + M4_spin_total_bonus_win_this_round): null

2019-08-24 13:07:43 - [TEST_STEP][PASSED] - M4_spin_bonus_spin_result = spin_result: null

2019-08-24 13:07:43 - [TEST_STEP][PASSED] - M4_spin_bonus_spin_result = M4_spin_bonus_spin_result: null

2019-08-24 13:07:43 - [MESSAGE][PASSED] - Verify response successfully

2019-08-24 13:07:43 - [MESSAGE][PASSED] - Send request and verify the response successfully

2019-08-24 13:07:43 - [TEST_STEP][PASSED] - if (M4_total_bonus_spins_int != 0 &amp;&amp; M4_spin_reels_symbols[2].contains("WILD_Expanding")): null

2019-08-24 13:07:43 - [TEST_STEP][PASSED] - free_spin_reel_counter = free_spin_reel_counter: null

2019-08-24 13:07:43 - [TEST_STEP][PASSED] - M4_spin_reels_symbols = M4_spin_reels_symbols: null

2019-08-24 13:07:43 - [TEST_STEP][PASSED] - M4_total_bonus_spins = M4_total_bonus_spins: null

2019-08-24 13:07:43 - [TEST_STEP][PASSED] - spin_result = sendRequestAndVerify(findTestObject("INT/RGS(M4)/1_M4_spin", ["M4_login_user_id":M4_login_user_id, "rgs_session_token":rgs_session_token, "partner":Partner])): Send request and verify the response successfully

2019-08-24 13:07:43 - [MESSAGE][INFO] - HAR: /Users/eiralee/Katalon_Script/SuperWild/Reports/20190824_125957/INT/superWild_5/20190824_125957/requests/main/139.har

2019-08-24 13:07:43 - [TEST_CASE][PASSED] - Start Test Case : Verification: Verification accomplished successfully

2019-08-24 13:07:43 - [TEST_STEP][PASSED] - request = getInstance().getCurrentRequest(): null

2019-08-24 13:07:43 - [TEST_STEP][PASSED] - response = getInstance().getCurrentResponse(): null

2019-08-24 13:07:43 - [TEST_STEP][PASSED] - verifyResponseStatusCode(response, 200): Verify response status code successfully

2019-08-24 13:07:43 - [MESSAGE][PASSED] - Verify response status code successfully

2019-08-24 13:07:43 - [TEST_STEP][PASSED] - getStatusCode()).isEqualTo(200): null

2019-08-24 13:07:43 - [TEST_STEP][PASSED] - newline = System.getProperty("line.separator"): null

2019-08-24 13:07:43 - [TEST_STEP][PASSED] - M4_spin = new groovy.json.JsonSlurper(): null

2019-08-24 13:07:43 - [TEST_STEP][PASSED] - result_M4_spin = M4_spin.parseText(response.getResponseBodyContent()): null

2019-08-24 13:07:43 - [TEST_STEP][PASSED] - M4_spin_current_balance = current_balance: null

2019-08-24 13:07:43 - [TEST_STEP][PASSED] - M4_spin_current_balance = M4_spin_current_balance: null

2019-08-24 13:07:43 - [TEST_STEP][PASSED] - M4_spin_transaction_id = causality: null

2019-08-24 13:07:43 - [TEST_STEP][PASSED] - M4_spin_transaction_id = M4_spin_transaction_id: null

2019-08-24 13:07:43 - [TEST_STEP][PASSED] - M4_spin_round_id = round_id: null

2019-08-24 13:07:43 - [TEST_STEP][PASSED] - M4_spin_round_id = M4_spin_round_id: null

2019-08-24 13:07:43 - [TEST_STEP][PASSED] - M4_spin_line_wins = line_wins: null

2019-08-24 13:07:43 - [TEST_STEP][PASSED] - M4_spin_line_wins = M4_spin_line_wins: null

2019-08-24 13:07:43 - [TEST_STEP][PASSED] - M4_total_bonus_spins_int = total_bonus_spins: null

2019-08-24 13:07:43 - [TEST_STEP][PASSED] - println("******M4_total_bonus_spins type is:*******" + newline + getClass().getName()): null

2019-08-24 13:07:43 - [TEST_STEP][PASSED] - M4_total_bonus_spins_int = M4_total_bonus_spins_int: null

2019-08-24 13:07:43 - [TEST_STEP][PASSED] - M4_total_bonus_spins = Integer.toString(M4_total_bonus_spins_int): null

2019-08-24 13:07:43 - [TEST_STEP][PASSED] - M4_total_bonus_spins = M4_total_bonus_spins: null

2019-08-24 13:07:43 - [TEST_STEP][PASSED] - println("M4_total_bonus_spins is:" + M4_total_bonus_spins): null

2019-08-24 13:07:43 - [TEST_STEP][PASSED] - M4_spin_bonus_data = bonus_data: null

2019-08-24 13:07:43 - [TEST_STEP][PASSED] - M4_spin_features_triggered = result_M4_spin: null

2019-08-24 13:07:43 - [TEST_STEP][PASSED] - wild = []: null

2019-08-24 13:07:43 - [TEST_STEP][PASSED] - wild[0] = "WILD_Expanding": null

2019-08-24 13:07:43 - [TEST_STEP][PASSED] - wild[1] = "WILD_Normal": null

2019-08-24 13:07:43 - [TEST_STEP][PASSED] - wild[2] = "WILD_Double": null

2019-08-24 13:07:43 - [TEST_STEP][PASSED] - wild[3] = "WILD_ExtraFG": null

2019-08-24 13:07:43 - [TEST_STEP][PASSED] - wild[4] = "WILD_Triple": null

2019-08-24 13:07:43 - [TEST_STEP][PASSED] - wildList = Arrays.asList(wild): null

2019-08-24 13:07:43 - [TEST_STEP][PASSED] - wildList = wildList: null

2019-08-24 13:07:43 - [TEST_STEP][PASSED] - free_spin_reel_counter = []: null

2019-08-24 13:07:43 - [TEST_STEP][PASSED] - free_spin_reel_counter[0] = 0: null

2019-08-24 13:07:43 - [TEST_STEP][PASSED] - free_spin_reel_counter[1] = 0: null

2019-08-24 13:07:43 - [TEST_STEP][PASSED] - free_spin_reel_counter[2] = 0: null

2019-08-24 13:07:43 - [TEST_STEP][PASSED] - M4_spin_reels = reels: null

2019-08-24 13:07:43 - [TEST_STEP][PASSED] - for ([i = 0, i &lt; M4_spin_reels.size(), (i++)]): null

2019-08-24 13:07:43 - [TEST_STEP][PASSED] - symbols = symbols: null

2019-08-24 13:07:43 - [TEST_STEP][PASSED] - for ([j = 0, j &lt; symbols.size(), (j++)]): null

2019-08-24 13:07:43 - [TEST_STEP][PASSED] - symbol = symbol: null

2019-08-24 13:07:43 - [TEST_STEP][PASSED] - println(symbol): null

2019-08-24 13:07:43 - [TEST_STEP][PASSED] - if (i == 2 &amp;&amp; wildList.indexOf(symbol) != -1): null

2019-08-24 13:07:43 - [TEST_STEP][PASSED] - if (i == 3 &amp;&amp; wildList.indexOf(symbol) != -1): null

2019-08-24 13:07:43 - [TEST_STEP][PASSED] - if (i == 4 &amp;&amp; wildList.indexOf(symbol) != -1): null

2019-08-24 13:07:43 - [TEST_STEP][PASSED] - symbol = symbol: null

2019-08-24 13:07:43 - [TEST_STEP][PASSED] - println(symbol): null

2019-08-24 13:07:43 - [TEST_STEP][PASSED] - if (i == 2 &amp;&amp; wildList.indexOf(symbol) != -1): null

2019-08-24 13:07:43 - [TEST_STEP][PASSED] - if (i == 3 &amp;&amp; wildList.indexOf(symbol) != -1): null

2019-08-24 13:07:43 - [TEST_STEP][PASSED] - if (i == 4 &amp;&amp; wildList.indexOf(symbol) != -1): null

2019-08-24 13:07:43 - [TEST_STEP][PASSED] - symbol = symbol: null

2019-08-24 13:07:43 - [TEST_STEP][PASSED] - println(symbol): null

2019-08-24 13:07:43 - [TEST_STEP][PASSED] - if (i == 2 &amp;&amp; wildList.indexOf(symbol) != -1): null

2019-08-24 13:07:43 - [TEST_STEP][PASSED] - if (i == 3 &amp;&amp; wildList.indexOf(symbol) != -1): null

2019-08-24 13:07:43 - [TEST_STEP][PASSED] - if (i == 4 &amp;&amp; wildList.indexOf(symbol) != -1): null

2019-08-24 13:07:43 - [TEST_STEP][PASSED] - symbols = symbols: null

2019-08-24 13:07:43 - [TEST_STEP][PASSED] - for ([j = 0, j &lt; symbols.size(), (j++)]): null

2019-08-24 13:07:43 - [TEST_STEP][PASSED] - symbol = symbol: null

2019-08-24 13:07:43 - [TEST_STEP][PASSED] - println(symbol): null

2019-08-24 13:07:43 - [TEST_STEP][PASSED] - if (i == 2 &amp;&amp; wildList.indexOf(symbol) != -1): null

2019-08-24 13:07:43 - [TEST_STEP][PASSED] - if (i == 3 &amp;&amp; wildList.indexOf(symbol) != -1): null

2019-08-24 13:07:43 - [TEST_STEP][PASSED] - if (i == 4 &amp;&amp; wildList.indexOf(symbol) != -1): null

2019-08-24 13:07:43 - [TEST_STEP][PASSED] - symbol = symbol: null

2019-08-24 13:07:43 - [TEST_STEP][PASSED] - println(symbol): null

2019-08-24 13:07:43 - [TEST_STEP][PASSED] - if (i == 2 &amp;&amp; wildList.indexOf(symbol) != -1): null

2019-08-24 13:07:43 - [TEST_STEP][PASSED] - if (i == 3 &amp;&amp; wildList.indexOf(symbol) != -1): null

2019-08-24 13:07:43 - [TEST_STEP][PASSED] - if (i == 4 &amp;&amp; wildList.indexOf(symbol) != -1): null

2019-08-24 13:07:43 - [TEST_STEP][PASSED] - symbol = symbol: null

2019-08-24 13:07:43 - [TEST_STEP][PASSED] - println(symbol): null

2019-08-24 13:07:43 - [TEST_STEP][PASSED] - if (i == 2 &amp;&amp; wildList.indexOf(symbol) != -1): null

2019-08-24 13:07:43 - [TEST_STEP][PASSED] - if (i == 3 &amp;&amp; wildList.indexOf(symbol) != -1): null

2019-08-24 13:07:43 - [TEST_STEP][PASSED] - if (i == 4 &amp;&amp; wildList.indexOf(symbol) != -1): null

2019-08-24 13:07:43 - [TEST_STEP][PASSED] - symbols = symbols: null

2019-08-24 13:07:43 - [TEST_STEP][PASSED] - for ([j = 0, j &lt; symbols.size(), (j++)]): null

2019-08-24 13:07:43 - [TEST_STEP][PASSED] - symbol = symbol: null

2019-08-24 13:07:43 - [TEST_STEP][PASSED] - println(symbol): null

2019-08-24 13:07:43 - [TEST_STEP][PASSED] - if (i == 2 &amp;&amp; wildList.indexOf(symbol) != -1): null

2019-08-24 13:07:43 - [TEST_STEP][PASSED] - if (i == 3 &amp;&amp; wildList.indexOf(symbol) != -1): null

2019-08-24 13:07:43 - [TEST_STEP][PASSED] - if (i == 4 &amp;&amp; wildList.indexOf(symbol) != -1): null

2019-08-24 13:07:43 - [TEST_STEP][PASSED] - symbol = symbol: null

2019-08-24 13:07:43 - [TEST_STEP][PASSED] - println(symbol): null

2019-08-24 13:07:43 - [TEST_STEP][PASSED] - if (i == 2 &amp;&amp; wildList.indexOf(symbol) != -1): null

2019-08-24 13:07:43 - [TEST_STEP][PASSED] - if (i == 3 &amp;&amp; wildList.indexOf(symbol) != -1): null

2019-08-24 13:07:43 - [TEST_STEP][PASSED] - if (i == 4 &amp;&amp; wildList.indexOf(symbol) != -1): null

2019-08-24 13:07:43 - [TEST_STEP][PASSED] - symbol = symbol: null

2019-08-24 13:07:43 - [TEST_STEP][PASSED] - println(symbol): null

2019-08-24 13:07:43 - [TEST_STEP][PASSED] - if (i == 2 &amp;&amp; wildList.indexOf(symbol) != -1): null

2019-08-24 13:07:43 - [TEST_STEP][PASSED] - if (i == 3 &amp;&amp; wildList.indexOf(symbol) != -1): null

2019-08-24 13:07:43 - [TEST_STEP][PASSED] - if (i == 4 &amp;&amp; wildList.indexOf(symbol) != -1): null

2019-08-24 13:07:43 - [TEST_STEP][PASSED] - symbols = symbols: null

2019-08-24 13:07:43 - [TEST_STEP][PASSED] - for ([j = 0, j &lt; symbols.size(), (j++)]): null

2019-08-24 13:07:43 - [TEST_STEP][PASSED] - symbol = symbol: null

2019-08-24 13:07:43 - [TEST_STEP][PASSED] - println(symbol): null

2019-08-24 13:07:43 - [TEST_STEP][PASSED] - if (i == 2 &amp;&amp; wildList.indexOf(symbol) != -1): null

2019-08-24 13:07:43 - [TEST_STEP][PASSED] - if (i == 3 &amp;&amp; wildList.indexOf(symbol) != -1): null

2019-08-24 13:07:43 - [TEST_STEP][PASSED] - if (i == 4 &amp;&amp; wildList.indexOf(symbol) != -1): null

2019-08-24 13:07:43 - [TEST_STEP][PASSED] - symbol = symbol: null

2019-08-24 13:07:43 - [TEST_STEP][PASSED] - println(symbol): null

2019-08-24 13:07:43 - [TEST_STEP][PASSED] - if (i == 2 &amp;&amp; wildList.indexOf(symbol) != -1): null

2019-08-24 13:07:43 - [TEST_STEP][PASSED] - if (i == 3 &amp;&amp; wildList.indexOf(symbol) != -1): null

2019-08-24 13:07:43 - [TEST_STEP][PASSED] - println("wild found on reel 4, adding counter by 1"): null

2019-08-24 13:07:43 - [TEST_STEP][PASSED] - free_spin_reel_counter[1] = free_spin_reel_counter[1] + 1: null

2019-08-24 13:07:43 - [TEST_STEP][PASSED] - if (i == 4 &amp;&amp; wildList.indexOf(symbol) != -1): null

2019-08-24 13:07:43 - [TEST_STEP][PASSED] - symbol = symbol: null

2019-08-24 13:07:43 - [TEST_STEP][PASSED] - println(symbol): null

2019-08-24 13:07:43 - [TEST_STEP][PASSED] - if (i == 2 &amp;&amp; wildList.indexOf(symbol) != -1): null

2019-08-24 13:07:43 - [TEST_STEP][PASSED] - if (i == 3 &amp;&amp; wildList.indexOf(symbol) != -1): null

2019-08-24 13:07:43 - [TEST_STEP][PASSED] - if (i == 4 &amp;&amp; wildList.indexOf(symbol) != -1): null

2019-08-24 13:07:43 - [TEST_STEP][PASSED] - symbols = symbols: null

2019-08-24 13:07:43 - [TEST_STEP][PASSED] - for ([j = 0, j &lt; symbols.size(), (j++)]): null

2019-08-24 13:07:43 - [TEST_STEP][PASSED] - symbol = symbol: null

2019-08-24 13:07:43 - [TEST_STEP][PASSED] - println(symbol): null

2019-08-24 13:07:43 - [TEST_STEP][PASSED] - if (i == 2 &amp;&amp; wildList.indexOf(symbol) != -1): null

2019-08-24 13:07:43 - [TEST_STEP][PASSED] - if (i == 3 &amp;&amp; wildList.indexOf(symbol) != -1): null

2019-08-24 13:07:43 - [TEST_STEP][PASSED] - if (i == 4 &amp;&amp; wildList.indexOf(symbol) != -1): null

2019-08-24 13:07:43 - [TEST_STEP][PASSED] - symbol = symbol: null

2019-08-24 13:07:43 - [TEST_STEP][PASSED] - println(symbol): null

2019-08-24 13:07:43 - [TEST_STEP][PASSED] - if (i == 2 &amp;&amp; wildList.indexOf(symbol) != -1): null

2019-08-24 13:07:43 - [TEST_STEP][PASSED] - if (i == 3 &amp;&amp; wildList.indexOf(symbol) != -1): null

2019-08-24 13:07:43 - [TEST_STEP][PASSED] - if (i == 4 &amp;&amp; wildList.indexOf(symbol) != -1): null

2019-08-24 13:07:43 - [TEST_STEP][PASSED] - symbol = symbol: null

2019-08-24 13:07:43 - [TEST_STEP][PASSED] - println(symbol): null

2019-08-24 13:07:43 - [TEST_STEP][PASSED] - if (i == 2 &amp;&amp; wildList.indexOf(symbol) != -1): null

2019-08-24 13:07:43 - [TEST_STEP][PASSED] - if (i == 3 &amp;&amp; wildList.indexOf(symbol) != -1): null

2019-08-24 13:07:43 - [TEST_STEP][PASSED] - if (i == 4 &amp;&amp; wildList.indexOf(symbol) != -1): null

2019-08-24 13:07:43 - [TEST_STEP][PASSED] - free_spin_reel_counter = free_spin_reel_counter: null

2019-08-24 13:07:43 - [TEST_STEP][PASSED] - println("reel 3 wild found: " + free_spin_reel_counter[0]): null

2019-08-24 13:07:43 - [TEST_STEP][PASSED] - println("reel 4 wild found: " + free_spin_reel_counter[1]): null

2019-08-24 13:07:43 - [TEST_STEP][PASSED] - println("reel 5 wild found: " + free_spin_reel_counter[2]): null

2019-08-24 13:07:43 - [TEST_STEP][PASSED] - M4_spin_reels = M4_spin_reels: null

2019-08-24 13:07:43 - [TEST_STEP][PASSED] - M4_spin_reels_symbols = symbol: null

2019-08-24 13:07:43 - [TEST_STEP][PASSED] - M4_spin_reels_symbols = M4_spin_reels_symbols: null

2019-08-24 13:07:43 - [TEST_STEP][PASSED] - M4_spin_reel_wins = reel_wins: null

2019-08-24 13:07:43 - [TEST_STEP][PASSED] - M4_spin_reel_wins = M4_spin_reel_wins: null

2019-08-24 13:07:43 - [TEST_STEP][PASSED] - println("GlobalVariable.M4_spin_reel_wins is: " + M4_spin_reel_wins): null

2019-08-24 13:07:43 - [TEST_STEP][PASSED] - M4_spin_total_bonus_win_this_round = total_bonus_win_this_round: null

2019-08-24 13:07:43 - [TEST_STEP][PASSED] - M4_spin_total_bonus_win_this_round = M4_spin_total_bonus_win_this_round: null

2019-08-24 13:07:43 - [TEST_STEP][PASSED] - println("GlobalVariable.M4_spin_total_bonus_win_this_round is: " + M4_spin_total_bonus_win_this_round): null

2019-08-24 13:07:43 - [TEST_STEP][PASSED] - M4_spin_bonus_spin_result = spin_result: null

2019-08-24 13:07:43 - [TEST_STEP][PASSED] - M4_spin_bonus_spin_result = M4_spin_bonus_spin_result: null

2019-08-24 13:07:43 - [MESSAGE][PASSED] - Verify response successfully

2019-08-24 13:07:43 - [MESSAGE][PASSED] - Send request and verify the response successfully

2019-08-24 13:07:43 - [TEST_STEP][PASSED] - if (M4_total_bonus_spins_int != 0 &amp;&amp; M4_spin_reels_symbols[2].contains("WILD_Expanding")): null

2019-08-24 13:07:43 - [TEST_STEP][PASSED] - free_spin_reel_counter = free_spin_reel_counter: null

2019-08-24 13:07:43 - [TEST_STEP][PASSED] - M4_spin_reels_symbols = M4_spin_reels_symbols: null

2019-08-24 13:07:43 - [TEST_STEP][PASSED] - M4_total_bonus_spins = M4_total_bonus_spins: null

2019-08-24 13:07:43 - [TEST_STEP][PASSED] - spin_result = sendRequestAndVerify(findTestObject("INT/RGS(M4)/1_M4_spin", ["M4_login_user_id":M4_login_user_id, "rgs_session_token":rgs_session_token, "partner":Partner])): Send request and verify the response successfully

2019-08-24 13:07:44 - [MESSAGE][INFO] - HAR: /Users/eiralee/Katalon_Script/SuperWild/Reports/20190824_125957/INT/superWild_5/20190824_125957/requests/main/140.har

2019-08-24 13:07:44 - [TEST_CASE][PASSED] - Start Test Case : Verification: Verification accomplished successfully

2019-08-24 13:07:44 - [TEST_STEP][PASSED] - request = getInstance().getCurrentRequest(): null

2019-08-24 13:07:44 - [TEST_STEP][PASSED] - response = getInstance().getCurrentResponse(): null

2019-08-24 13:07:44 - [TEST_STEP][PASSED] - verifyResponseStatusCode(response, 200): Verify response status code successfully

2019-08-24 13:07:44 - [MESSAGE][PASSED] - Verify response status code successfully

2019-08-24 13:07:44 - [TEST_STEP][PASSED] - getStatusCode()).isEqualTo(200): null

2019-08-24 13:07:44 - [TEST_STEP][PASSED] - newline = System.getProperty("line.separator"): null

2019-08-24 13:07:44 - [TEST_STEP][PASSED] - M4_spin = new groovy.json.JsonSlurper(): null

2019-08-24 13:07:44 - [TEST_STEP][PASSED] - result_M4_spin = M4_spin.parseText(response.getResponseBodyContent()): null

2019-08-24 13:07:44 - [TEST_STEP][PASSED] - M4_spin_current_balance = current_balance: null

2019-08-24 13:07:44 - [TEST_STEP][PASSED] - M4_spin_current_balance = M4_spin_current_balance: null

2019-08-24 13:07:44 - [TEST_STEP][PASSED] - M4_spin_transaction_id = causality: null

2019-08-24 13:07:44 - [TEST_STEP][PASSED] - M4_spin_transaction_id = M4_spin_transaction_id: null

2019-08-24 13:07:44 - [TEST_STEP][PASSED] - M4_spin_round_id = round_id: null

2019-08-24 13:07:44 - [TEST_STEP][PASSED] - M4_spin_round_id = M4_spin_round_id: null

2019-08-24 13:07:44 - [TEST_STEP][PASSED] - M4_spin_line_wins = line_wins: null

2019-08-24 13:07:44 - [TEST_STEP][PASSED] - M4_spin_line_wins = M4_spin_line_wins: null

2019-08-24 13:07:44 - [TEST_STEP][PASSED] - M4_total_bonus_spins_int = total_bonus_spins: null

2019-08-24 13:07:44 - [TEST_STEP][PASSED] - println("******M4_total_bonus_spins type is:*******" + newline + getClass().getName()): null

2019-08-24 13:07:44 - [TEST_STEP][PASSED] - M4_total_bonus_spins_int = M4_total_bonus_spins_int: null

2019-08-24 13:07:44 - [TEST_STEP][PASSED] - M4_total_bonus_spins = Integer.toString(M4_total_bonus_spins_int): null

2019-08-24 13:07:44 - [TEST_STEP][PASSED] - M4_total_bonus_spins = M4_total_bonus_spins: null

2019-08-24 13:07:44 - [TEST_STEP][PASSED] - println("M4_total_bonus_spins is:" + M4_total_bonus_spins): null

2019-08-24 13:07:44 - [TEST_STEP][PASSED] - M4_spin_bonus_data = bonus_data: null

2019-08-24 13:07:44 - [TEST_STEP][PASSED] - M4_spin_features_triggered = result_M4_spin: null

2019-08-24 13:07:44 - [TEST_STEP][PASSED] - wild = []: null

2019-08-24 13:07:44 - [TEST_STEP][PASSED] - wild[0] = "WILD_Expanding": null

2019-08-24 13:07:44 - [TEST_STEP][PASSED] - wild[1] = "WILD_Normal": null

2019-08-24 13:07:44 - [TEST_STEP][PASSED] - wild[2] = "WILD_Double": null

2019-08-24 13:07:44 - [TEST_STEP][PASSED] - wild[3] = "WILD_ExtraFG": null

2019-08-24 13:07:44 - [TEST_STEP][PASSED] - wild[4] = "WILD_Triple": null

2019-08-24 13:07:44 - [TEST_STEP][PASSED] - wildList = Arrays.asList(wild): null

2019-08-24 13:07:44 - [TEST_STEP][PASSED] - wildList = wildList: null

2019-08-24 13:07:44 - [TEST_STEP][PASSED] - free_spin_reel_counter = []: null

2019-08-24 13:07:44 - [TEST_STEP][PASSED] - free_spin_reel_counter[0] = 0: null

2019-08-24 13:07:44 - [TEST_STEP][PASSED] - free_spin_reel_counter[1] = 0: null

2019-08-24 13:07:44 - [TEST_STEP][PASSED] - free_spin_reel_counter[2] = 0: null

2019-08-24 13:07:44 - [TEST_STEP][PASSED] - M4_spin_reels = reels: null

2019-08-24 13:07:44 - [TEST_STEP][PASSED] - for ([i = 0, i &lt; M4_spin_reels.size(), (i++)]): null

2019-08-24 13:07:44 - [TEST_STEP][PASSED] - symbols = symbols: null

2019-08-24 13:07:44 - [TEST_STEP][PASSED] - for ([j = 0, j &lt; symbols.size(), (j++)]): null

2019-08-24 13:07:44 - [TEST_STEP][PASSED] - symbol = symbol: null

2019-08-24 13:07:44 - [TEST_STEP][PASSED] - println(symbol): null

2019-08-24 13:07:44 - [TEST_STEP][PASSED] - if (i == 2 &amp;&amp; wildList.indexOf(symbol) != -1): null

2019-08-24 13:07:44 - [TEST_STEP][PASSED] - if (i == 3 &amp;&amp; wildList.indexOf(symbol) != -1): null

2019-08-24 13:07:44 - [TEST_STEP][PASSED] - if (i == 4 &amp;&amp; wildList.indexOf(symbol) != -1): null

2019-08-24 13:07:44 - [TEST_STEP][PASSED] - symbol = symbol: null

2019-08-24 13:07:44 - [TEST_STEP][PASSED] - println(symbol): null

2019-08-24 13:07:44 - [TEST_STEP][PASSED] - if (i == 2 &amp;&amp; wildList.indexOf(symbol) != -1): null

2019-08-24 13:07:44 - [TEST_STEP][PASSED] - if (i == 3 &amp;&amp; wildList.indexOf(symbol) != -1): null

2019-08-24 13:07:44 - [TEST_STEP][PASSED] - if (i == 4 &amp;&amp; wildList.indexOf(symbol) != -1): null

2019-08-24 13:07:44 - [TEST_STEP][PASSED] - symbol = symbol: null

2019-08-24 13:07:44 - [TEST_STEP][PASSED] - println(symbol): null

2019-08-24 13:07:44 - [TEST_STEP][PASSED] - if (i == 2 &amp;&amp; wildList.indexOf(symbol) != -1): null

2019-08-24 13:07:44 - [TEST_STEP][PASSED] - if (i == 3 &amp;&amp; wildList.indexOf(symbol) != -1): null

2019-08-24 13:07:44 - [TEST_STEP][PASSED] - if (i == 4 &amp;&amp; wildList.indexOf(symbol) != -1): null

2019-08-24 13:07:44 - [TEST_STEP][PASSED] - symbols = symbols: null

2019-08-24 13:07:44 - [TEST_STEP][PASSED] - for ([j = 0, j &lt; symbols.size(), (j++)]): null

2019-08-24 13:07:44 - [TEST_STEP][PASSED] - symbol = symbol: null

2019-08-24 13:07:44 - [TEST_STEP][PASSED] - println(symbol): null

2019-08-24 13:07:44 - [TEST_STEP][PASSED] - if (i == 2 &amp;&amp; wildList.indexOf(symbol) != -1): null

2019-08-24 13:07:44 - [TEST_STEP][PASSED] - if (i == 3 &amp;&amp; wildList.indexOf(symbol) != -1): null

2019-08-24 13:07:44 - [TEST_STEP][PASSED] - if (i == 4 &amp;&amp; wildList.indexOf(symbol) != -1): null

2019-08-24 13:07:44 - [TEST_STEP][PASSED] - symbol = symbol: null

2019-08-24 13:07:44 - [TEST_STEP][PASSED] - println(symbol): null

2019-08-24 13:07:44 - [TEST_STEP][PASSED] - if (i == 2 &amp;&amp; wildList.indexOf(symbol) != -1): null

2019-08-24 13:07:44 - [TEST_STEP][PASSED] - if (i == 3 &amp;&amp; wildList.indexOf(symbol) != -1): null

2019-08-24 13:07:44 - [TEST_STEP][PASSED] - if (i == 4 &amp;&amp; wildList.indexOf(symbol) != -1): null

2019-08-24 13:07:44 - [TEST_STEP][PASSED] - symbol = symbol: null

2019-08-24 13:07:44 - [TEST_STEP][PASSED] - println(symbol): null

2019-08-24 13:07:44 - [TEST_STEP][PASSED] - if (i == 2 &amp;&amp; wildList.indexOf(symbol) != -1): null

2019-08-24 13:07:44 - [TEST_STEP][PASSED] - if (i == 3 &amp;&amp; wildList.indexOf(symbol) != -1): null

2019-08-24 13:07:44 - [TEST_STEP][PASSED] - if (i == 4 &amp;&amp; wildList.indexOf(symbol) != -1): null

2019-08-24 13:07:44 - [TEST_STEP][PASSED] - symbols = symbols: null

2019-08-24 13:07:44 - [TEST_STEP][PASSED] - for ([j = 0, j &lt; symbols.size(), (j++)]): null

2019-08-24 13:07:44 - [TEST_STEP][PASSED] - symbol = symbol: null

2019-08-24 13:07:44 - [TEST_STEP][PASSED] - println(symbol): null

2019-08-24 13:07:44 - [TEST_STEP][PASSED] - if (i == 2 &amp;&amp; wildList.indexOf(symbol) != -1): null

2019-08-24 13:07:44 - [TEST_STEP][PASSED] - if (i == 3 &amp;&amp; wildList.indexOf(symbol) != -1): null

2019-08-24 13:07:44 - [TEST_STEP][PASSED] - if (i == 4 &amp;&amp; wildList.indexOf(symbol) != -1): null

2019-08-24 13:07:44 - [TEST_STEP][PASSED] - symbol = symbol: null

2019-08-24 13:07:44 - [TEST_STEP][PASSED] - println(symbol): null

2019-08-24 13:07:44 - [TEST_STEP][PASSED] - if (i == 2 &amp;&amp; wildList.indexOf(symbol) != -1): null

2019-08-24 13:07:44 - [TEST_STEP][PASSED] - if (i == 3 &amp;&amp; wildList.indexOf(symbol) != -1): null

2019-08-24 13:07:44 - [TEST_STEP][PASSED] - if (i == 4 &amp;&amp; wildList.indexOf(symbol) != -1): null

2019-08-24 13:07:44 - [TEST_STEP][PASSED] - symbol = symbol: null

2019-08-24 13:07:44 - [TEST_STEP][PASSED] - println(symbol): null

2019-08-24 13:07:44 - [TEST_STEP][PASSED] - if (i == 2 &amp;&amp; wildList.indexOf(symbol) != -1): null

2019-08-24 13:07:44 - [TEST_STEP][PASSED] - println("wild found on reel 3, adding counter by 1"): null

2019-08-24 13:07:44 - [TEST_STEP][PASSED] - free_spin_reel_counter[0] = free_spin_reel_counter[0] + 1: null

2019-08-24 13:07:44 - [TEST_STEP][PASSED] - if (i == 3 &amp;&amp; wildList.indexOf(symbol) != -1): null

2019-08-24 13:07:44 - [TEST_STEP][PASSED] - if (i == 4 &amp;&amp; wildList.indexOf(symbol) != -1): null

2019-08-24 13:07:44 - [TEST_STEP][PASSED] - symbols = symbols: null

2019-08-24 13:07:44 - [TEST_STEP][PASSED] - for ([j = 0, j &lt; symbols.size(), (j++)]): null

2019-08-24 13:07:44 - [TEST_STEP][PASSED] - symbol = symbol: null

2019-08-24 13:07:44 - [TEST_STEP][PASSED] - println(symbol): null

2019-08-24 13:07:44 - [TEST_STEP][PASSED] - if (i == 2 &amp;&amp; wildList.indexOf(symbol) != -1): null

2019-08-24 13:07:47 - [TEST_STEP][PASSED] - if (i == 3 &amp;&amp; wildList.indexOf(symbol) != -1): null

2019-08-24 13:07:47 - [TEST_STEP][PASSED] - println("wild found on reel 4, adding counter by 1"): null

2019-08-24 13:07:47 - [TEST_STEP][PASSED] - free_spin_reel_counter[1] = free_spin_reel_counter[1] + 1: null

2019-08-24 13:07:47 - [TEST_STEP][PASSED] - if (i == 4 &amp;&amp; wildList.indexOf(symbol) != -1): null

2019-08-24 13:07:47 - [TEST_STEP][PASSED] - symbol = symbol: null

2019-08-24 13:07:47 - [TEST_STEP][PASSED] - println(symbol): null

2019-08-24 13:07:47 - [TEST_STEP][PASSED] - if (i == 2 &amp;&amp; wildList.indexOf(symbol) != -1): null

2019-08-24 13:07:47 - [TEST_STEP][PASSED] - if (i == 3 &amp;&amp; wildList.indexOf(symbol) != -1): null

2019-08-24 13:07:47 - [TEST_STEP][PASSED] - if (i == 4 &amp;&amp; wildList.indexOf(symbol) != -1): null

2019-08-24 13:07:47 - [TEST_STEP][PASSED] - symbol = symbol: null

2019-08-24 13:07:47 - [TEST_STEP][PASSED] - println(symbol): null

2019-08-24 13:07:47 - [TEST_STEP][PASSED] - if (i == 2 &amp;&amp; wildList.indexOf(symbol) != -1): null

2019-08-24 13:07:47 - [TEST_STEP][PASSED] - if (i == 3 &amp;&amp; wildList.indexOf(symbol) != -1): null

2019-08-24 13:07:47 - [TEST_STEP][PASSED] - if (i == 4 &amp;&amp; wildList.indexOf(symbol) != -1): null

2019-08-24 13:07:47 - [TEST_STEP][PASSED] - symbols = symbols: null

2019-08-24 13:07:47 - [TEST_STEP][PASSED] - for ([j = 0, j &lt; symbols.size(), (j++)]): null

2019-08-24 13:07:47 - [TEST_STEP][PASSED] - symbol = symbol: null

2019-08-24 13:07:47 - [TEST_STEP][PASSED] - println(symbol): null

2019-08-24 13:07:47 - [TEST_STEP][PASSED] - if (i == 2 &amp;&amp; wildList.indexOf(symbol) != -1): null

2019-08-24 13:07:47 - [TEST_STEP][PASSED] - if (i == 3 &amp;&amp; wildList.indexOf(symbol) != -1): null

2019-08-24 13:07:47 - [TEST_STEP][PASSED] - if (i == 4 &amp;&amp; wildList.indexOf(symbol) != -1): null

2019-08-24 13:07:47 - [TEST_STEP][PASSED] - symbol = symbol: null

2019-08-24 13:07:47 - [TEST_STEP][PASSED] - println(symbol): null

2019-08-24 13:07:47 - [TEST_STEP][PASSED] - if (i == 2 &amp;&amp; wildList.indexOf(symbol) != -1): null

2019-08-24 13:07:47 - [TEST_STEP][PASSED] - if (i == 3 &amp;&amp; wildList.indexOf(symbol) != -1): null

2019-08-24 13:07:47 - [TEST_STEP][PASSED] - if (i == 4 &amp;&amp; wildList.indexOf(symbol) != -1): null

2019-08-24 13:07:47 - [TEST_STEP][PASSED] - println("wild found on reel 5, adding counter by 1"): null

2019-08-24 13:07:47 - [TEST_STEP][PASSED] - free_spin_reel_counter[2] = free_spin_reel_counter[2] + 1: null

2019-08-24 13:07:47 - [TEST_STEP][PASSED] - symbol = symbol: null

2019-08-24 13:07:47 - [TEST_STEP][PASSED] - println(symbol): null

2019-08-24 13:07:47 - [TEST_STEP][PASSED] - if (i == 2 &amp;&amp; wildList.indexOf(symbol) != -1): null

2019-08-24 13:07:47 - [TEST_STEP][PASSED] - if (i == 3 &amp;&amp; wildList.indexOf(symbol) != -1): null

2019-08-24 13:07:47 - [TEST_STEP][PASSED] - if (i == 4 &amp;&amp; wildList.indexOf(symbol) != -1): null

2019-08-24 13:07:47 - [TEST_STEP][PASSED] - free_spin_reel_counter = free_spin_reel_counter: null

2019-08-24 13:07:47 - [TEST_STEP][PASSED] - println("reel 3 wild found: " + free_spin_reel_counter[0]): null

2019-08-24 13:07:47 - [TEST_STEP][PASSED] - println("reel 4 wild found: " + free_spin_reel_counter[1]): null

2019-08-24 13:07:47 - [TEST_STEP][PASSED] - println("reel 5 wild found: " + free_spin_reel_counter[2]): null

2019-08-24 13:07:47 - [TEST_STEP][PASSED] - M4_spin_reels = M4_spin_reels: null

2019-08-24 13:07:47 - [TEST_STEP][PASSED] - M4_spin_reels_symbols = symbol: null

2019-08-24 13:07:47 - [TEST_STEP][PASSED] - M4_spin_reels_symbols = M4_spin_reels_symbols: null

2019-08-24 13:07:47 - [TEST_STEP][PASSED] - M4_spin_reel_wins = reel_wins: null

2019-08-24 13:07:47 - [TEST_STEP][PASSED] - M4_spin_reel_wins = M4_spin_reel_wins: null

2019-08-24 13:07:47 - [TEST_STEP][PASSED] - println("GlobalVariable.M4_spin_reel_wins is: " + M4_spin_reel_wins): null

2019-08-24 13:07:47 - [TEST_STEP][PASSED] - M4_spin_total_bonus_win_this_round = total_bonus_win_this_round: null

2019-08-24 13:07:47 - [TEST_STEP][PASSED] - M4_spin_total_bonus_win_this_round = M4_spin_total_bonus_win_this_round: null

2019-08-24 13:07:47 - [TEST_STEP][PASSED] - println("GlobalVariable.M4_spin_total_bonus_win_this_round is: " + M4_spin_total_bonus_win_this_round): null

2019-08-24 13:07:47 - [TEST_STEP][PASSED] - M4_spin_bonus_spin_result = spin_result: null

2019-08-24 13:07:47 - [TEST_STEP][PASSED] - M4_spin_bonus_spin_result = M4_spin_bonus_spin_result: null

2019-08-24 13:07:47 - [MESSAGE][PASSED] - Verify response successfully

2019-08-24 13:07:47 - [MESSAGE][PASSED] - Send request and verify the response successfully

2019-08-24 13:07:47 - [TEST_STEP][PASSED] - if (M4_total_bonus_spins_int != 0 &amp;&amp; M4_spin_reels_symbols[2].contains("WILD_Expanding")): null

2019-08-24 13:07:47 - [TEST_STEP][PASSED] - free_spin_reel_counter = free_spin_reel_counter: null

2019-08-24 13:07:47 - [TEST_STEP][PASSED] - M4_spin_reels_symbols = M4_spin_reels_symbols: null

2019-08-24 13:07:47 - [TEST_STEP][PASSED] - M4_total_bonus_spins = M4_total_bonus_spins: null

2019-08-24 13:07:47 - [TEST_STEP][PASSED] - spin_result = sendRequestAndVerify(findTestObject("INT/RGS(M4)/1_M4_spin", ["M4_login_user_id":M4_login_user_id, "rgs_session_token":rgs_session_token, "partner":Partner])): Send request and verify the response successfully

2019-08-24 13:07:48 - [MESSAGE][INFO] - HAR: /Users/eiralee/Katalon_Script/SuperWild/Reports/20190824_125957/INT/superWild_5/20190824_125957/requests/main/141.har

2019-08-24 13:07:48 - [TEST_CASE][PASSED] - Start Test Case : Verification: Verification accomplished successfully

2019-08-24 13:07:48 - [TEST_STEP][PASSED] - request = getInstance().getCurrentRequest(): null

2019-08-24 13:07:48 - [TEST_STEP][PASSED] - response = getInstance().getCurrentResponse(): null

2019-08-24 13:07:48 - [TEST_STEP][PASSED] - verifyResponseStatusCode(response, 200): Verify response status code successfully

2019-08-24 13:07:48 - [MESSAGE][PASSED] - Verify response status code successfully

2019-08-24 13:07:48 - [TEST_STEP][PASSED] - getStatusCode()).isEqualTo(200): null

2019-08-24 13:07:48 - [TEST_STEP][PASSED] - newline = System.getProperty("line.separator"): null

2019-08-24 13:07:48 - [TEST_STEP][PASSED] - M4_spin = new groovy.json.JsonSlurper(): null

2019-08-24 13:07:48 - [TEST_STEP][PASSED] - result_M4_spin = M4_spin.parseText(response.getResponseBodyContent()): null

2019-08-24 13:07:48 - [TEST_STEP][PASSED] - M4_spin_current_balance = current_balance: null

2019-08-24 13:07:48 - [TEST_STEP][PASSED] - M4_spin_current_balance = M4_spin_current_balance: null

2019-08-24 13:07:48 - [TEST_STEP][PASSED] - M4_spin_transaction_id = causality: null

2019-08-24 13:07:48 - [TEST_STEP][PASSED] - M4_spin_transaction_id = M4_spin_transaction_id: null

2019-08-24 13:07:48 - [TEST_STEP][PASSED] - M4_spin_round_id = round_id: null

2019-08-24 13:07:48 - [TEST_STEP][PASSED] - M4_spin_round_id = M4_spin_round_id: null

2019-08-24 13:07:48 - [TEST_STEP][PASSED] - M4_spin_line_wins = line_wins: null

2019-08-24 13:07:48 - [TEST_STEP][PASSED] - M4_spin_line_wins = M4_spin_line_wins: null

2019-08-24 13:07:48 - [TEST_STEP][PASSED] - M4_total_bonus_spins_int = total_bonus_spins: null

2019-08-24 13:07:48 - [TEST_STEP][PASSED] - println("******M4_total_bonus_spins type is:*******" + newline + getClass().getName()): null

2019-08-24 13:07:48 - [TEST_STEP][PASSED] - M4_total_bonus_spins_int = M4_total_bonus_spins_int: null

2019-08-24 13:07:48 - [TEST_STEP][PASSED] - M4_total_bonus_spins = Integer.toString(M4_total_bonus_spins_int): null

2019-08-24 13:07:48 - [TEST_STEP][PASSED] - M4_total_bonus_spins = M4_total_bonus_spins: null

2019-08-24 13:07:48 - [TEST_STEP][PASSED] - println("M4_total_bonus_spins is:" + M4_total_bonus_spins): null

2019-08-24 13:07:48 - [TEST_STEP][PASSED] - M4_spin_bonus_data = bonus_data: null

2019-08-24 13:07:48 - [TEST_STEP][PASSED] - M4_spin_features_triggered = result_M4_spin: null

2019-08-24 13:07:48 - [TEST_STEP][PASSED] - wild = []: null

2019-08-24 13:07:48 - [TEST_STEP][PASSED] - wild[0] = "WILD_Expanding": null

2019-08-24 13:07:48 - [TEST_STEP][PASSED] - wild[1] = "WILD_Normal": null

2019-08-24 13:07:48 - [TEST_STEP][PASSED] - wild[2] = "WILD_Double": null

2019-08-24 13:07:48 - [TEST_STEP][PASSED] - wild[3] = "WILD_ExtraFG": null

2019-08-24 13:07:48 - [TEST_STEP][PASSED] - wild[4] = "WILD_Triple": null

2019-08-24 13:07:48 - [TEST_STEP][PASSED] - wildList = Arrays.asList(wild): null

2019-08-24 13:07:48 - [TEST_STEP][PASSED] - wildList = wildList: null

2019-08-24 13:07:48 - [TEST_STEP][PASSED] - free_spin_reel_counter = []: null

2019-08-24 13:07:48 - [TEST_STEP][PASSED] - free_spin_reel_counter[0] = 0: null

2019-08-24 13:07:48 - [TEST_STEP][PASSED] - free_spin_reel_counter[1] = 0: null

2019-08-24 13:07:48 - [TEST_STEP][PASSED] - free_spin_reel_counter[2] = 0: null

2019-08-24 13:07:48 - [TEST_STEP][PASSED] - M4_spin_reels = reels: null

2019-08-24 13:07:48 - [TEST_STEP][PASSED] - for ([i = 0, i &lt; M4_spin_reels.size(), (i++)]): null

2019-08-24 13:07:48 - [TEST_STEP][PASSED] - symbols = symbols: null

2019-08-24 13:07:48 - [TEST_STEP][PASSED] - for ([j = 0, j &lt; symbols.size(), (j++)]): null

2019-08-24 13:07:48 - [TEST_STEP][PASSED] - symbol = symbol: null

2019-08-24 13:07:48 - [TEST_STEP][PASSED] - println(symbol): null

2019-08-24 13:07:48 - [TEST_STEP][PASSED] - if (i == 2 &amp;&amp; wildList.indexOf(symbol) != -1): null

2019-08-24 13:07:48 - [TEST_STEP][PASSED] - if (i == 3 &amp;&amp; wildList.indexOf(symbol) != -1): null

2019-08-24 13:07:48 - [TEST_STEP][PASSED] - if (i == 4 &amp;&amp; wildList.indexOf(symbol) != -1): null

2019-08-24 13:07:48 - [TEST_STEP][PASSED] - symbol = symbol: null

2019-08-24 13:07:48 - [TEST_STEP][PASSED] - println(symbol): null

2019-08-24 13:07:48 - [TEST_STEP][PASSED] - if (i == 2 &amp;&amp; wildList.indexOf(symbol) != -1): null

2019-08-24 13:07:48 - [TEST_STEP][PASSED] - if (i == 3 &amp;&amp; wildList.indexOf(symbol) != -1): null

2019-08-24 13:07:48 - [TEST_STEP][PASSED] - if (i == 4 &amp;&amp; wildList.indexOf(symbol) != -1): null

2019-08-24 13:07:48 - [TEST_STEP][PASSED] - symbol = symbol: null

2019-08-24 13:07:48 - [TEST_STEP][PASSED] - println(symbol): null

2019-08-24 13:07:48 - [TEST_STEP][PASSED] - if (i == 2 &amp;&amp; wildList.indexOf(symbol) != -1): null

2019-08-24 13:07:48 - [TEST_STEP][PASSED] - if (i == 3 &amp;&amp; wildList.indexOf(symbol) != -1): null

2019-08-24 13:07:48 - [TEST_STEP][PASSED] - if (i == 4 &amp;&amp; wildList.indexOf(symbol) != -1): null

2019-08-24 13:07:48 - [TEST_STEP][PASSED] - symbols = symbols: null

2019-08-24 13:07:48 - [TEST_STEP][PASSED] - for ([j = 0, j &lt; symbols.size(), (j++)]): null

2019-08-24 13:07:48 - [TEST_STEP][PASSED] - symbol = symbol: null

2019-08-24 13:07:48 - [TEST_STEP][PASSED] - println(symbol): null

2019-08-24 13:07:48 - [TEST_STEP][PASSED] - if (i == 2 &amp;&amp; wildList.indexOf(symbol) != -1): null

2019-08-24 13:07:48 - [TEST_STEP][PASSED] - if (i == 3 &amp;&amp; wildList.indexOf(symbol) != -1): null

2019-08-24 13:07:48 - [TEST_STEP][PASSED] - if (i == 4 &amp;&amp; wildList.indexOf(symbol) != -1): null

2019-08-24 13:07:48 - [TEST_STEP][PASSED] - symbol = symbol: null

2019-08-24 13:07:48 - [TEST_STEP][PASSED] - println(symbol): null

2019-08-24 13:07:48 - [TEST_STEP][PASSED] - if (i == 2 &amp;&amp; wildList.indexOf(symbol) != -1): null

2019-08-24 13:07:48 - [TEST_STEP][PASSED] - if (i == 3 &amp;&amp; wildList.indexOf(symbol) != -1): null

2019-08-24 13:07:48 - [TEST_STEP][PASSED] - if (i == 4 &amp;&amp; wildList.indexOf(symbol) != -1): null

2019-08-24 13:07:48 - [TEST_STEP][PASSED] - symbol = symbol: null

2019-08-24 13:07:48 - [TEST_STEP][PASSED] - println(symbol): null

2019-08-24 13:07:48 - [TEST_STEP][PASSED] - if (i == 2 &amp;&amp; wildList.indexOf(symbol) != -1): null

2019-08-24 13:07:48 - [TEST_STEP][PASSED] - if (i == 3 &amp;&amp; wildList.indexOf(symbol) != -1): null

2019-08-24 13:07:48 - [TEST_STEP][PASSED] - if (i == 4 &amp;&amp; wildList.indexOf(symbol) != -1): null

2019-08-24 13:07:48 - [TEST_STEP][PASSED] - symbols = symbols: null

2019-08-24 13:07:48 - [TEST_STEP][PASSED] - for ([j = 0, j &lt; symbols.size(), (j++)]): null

2019-08-24 13:07:48 - [TEST_STEP][PASSED] - symbol = symbol: null

2019-08-24 13:07:48 - [TEST_STEP][PASSED] - println(symbol): null

2019-08-24 13:07:48 - [TEST_STEP][PASSED] - if (i == 2 &amp;&amp; wildList.indexOf(symbol) != -1): null

2019-08-24 13:07:48 - [TEST_STEP][PASSED] - if (i == 3 &amp;&amp; wildList.indexOf(symbol) != -1): null

2019-08-24 13:07:48 - [TEST_STEP][PASSED] - if (i == 4 &amp;&amp; wildList.indexOf(symbol) != -1): null

2019-08-24 13:07:48 - [TEST_STEP][PASSED] - symbol = symbol: null

2019-08-24 13:07:48 - [TEST_STEP][PASSED] - println(symbol): null

2019-08-24 13:07:48 - [TEST_STEP][PASSED] - if (i == 2 &amp;&amp; wildList.indexOf(symbol) != -1): null

2019-08-24 13:07:48 - [TEST_STEP][PASSED] - println("wild found on reel 3, adding counter by 1"): null

2019-08-24 13:07:48 - [TEST_STEP][PASSED] - free_spin_reel_counter[0] = free_spin_reel_counter[0] + 1: null

2019-08-24 13:07:48 - [TEST_STEP][PASSED] - if (i == 3 &amp;&amp; wildList.indexOf(symbol) != -1): null

2019-08-24 13:07:48 - [TEST_STEP][PASSED] - if (i == 4 &amp;&amp; wildList.indexOf(symbol) != -1): null

2019-08-24 13:07:48 - [TEST_STEP][PASSED] - symbol = symbol: null

2019-08-24 13:07:48 - [TEST_STEP][PASSED] - println(symbol): null

2019-08-24 13:07:48 - [TEST_STEP][PASSED] - if (i == 2 &amp;&amp; wildList.indexOf(symbol) != -1): null

2019-08-24 13:07:48 - [TEST_STEP][PASSED] - if (i == 3 &amp;&amp; wildList.indexOf(symbol) != -1): null

2019-08-24 13:07:48 - [TEST_STEP][PASSED] - if (i == 4 &amp;&amp; wildList.indexOf(symbol) != -1): null

2019-08-24 13:07:48 - [TEST_STEP][PASSED] - symbols = symbols: null

2019-08-24 13:07:48 - [TEST_STEP][PASSED] - for ([j = 0, j &lt; symbols.size(), (j++)]): null

2019-08-24 13:07:48 - [TEST_STEP][PASSED] - symbol = symbol: null

2019-08-24 13:07:48 - [TEST_STEP][PASSED] - println(symbol): null

2019-08-24 13:07:48 - [TEST_STEP][PASSED] - if (i == 2 &amp;&amp; wildList.indexOf(symbol) != -1): null

2019-08-24 13:07:48 - [TEST_STEP][PASSED] - if (i == 3 &amp;&amp; wildList.indexOf(symbol) != -1): null

2019-08-24 13:07:48 - [TEST_STEP][PASSED] - if (i == 4 &amp;&amp; wildList.indexOf(symbol) != -1): null

2019-08-24 13:07:48 - [TEST_STEP][PASSED] - symbol = symbol: null

2019-08-24 13:07:48 - [TEST_STEP][PASSED] - println(symbol): null

2019-08-24 13:07:48 - [TEST_STEP][PASSED] - if (i == 2 &amp;&amp; wildList.indexOf(symbol) != -1): null

2019-08-24 13:07:48 - [TEST_STEP][PASSED] - if (i == 3 &amp;&amp; wildList.indexOf(symbol) != -1): null

2019-08-24 13:07:48 - [TEST_STEP][PASSED] - if (i == 4 &amp;&amp; wildList.indexOf(symbol) != -1): null

2019-08-24 13:07:48 - [TEST_STEP][PASSED] - symbol = symbol: null

2019-08-24 13:07:48 - [TEST_STEP][PASSED] - println(symbol): null

2019-08-24 13:07:48 - [TEST_STEP][PASSED] - if (i == 2 &amp;&amp; wildList.indexOf(symbol) != -1): null

2019-08-24 13:07:48 - [TEST_STEP][PASSED] - if (i == 3 &amp;&amp; wildList.indexOf(symbol) != -1): null

2019-08-24 13:07:48 - [TEST_STEP][PASSED] - if (i == 4 &amp;&amp; wildList.indexOf(symbol) != -1): null

2019-08-24 13:07:48 - [TEST_STEP][PASSED] - symbols = symbols: null

2019-08-24 13:07:48 - [TEST_STEP][PASSED] - for ([j = 0, j &lt; symbols.size(), (j++)]): null

2019-08-24 13:07:48 - [TEST_STEP][PASSED] - symbol = symbol: null

2019-08-24 13:07:48 - [TEST_STEP][PASSED] - println(symbol): null

2019-08-24 13:07:48 - [TEST_STEP][PASSED] - if (i == 2 &amp;&amp; wildList.indexOf(symbol) != -1): null

2019-08-24 13:07:48 - [TEST_STEP][PASSED] - if (i == 3 &amp;&amp; wildList.indexOf(symbol) != -1): null

2019-08-24 13:07:48 - [TEST_STEP][PASSED] - if (i == 4 &amp;&amp; wildList.indexOf(symbol) != -1): null

2019-08-24 13:07:48 - [TEST_STEP][PASSED] - symbol = symbol: null

2019-08-24 13:07:48 - [TEST_STEP][PASSED] - println(symbol): null

2019-08-24 13:07:48 - [TEST_STEP][PASSED] - if (i == 2 &amp;&amp; wildList.indexOf(symbol) != -1): null

2019-08-24 13:07:48 - [TEST_STEP][PASSED] - if (i == 3 &amp;&amp; wildList.indexOf(symbol) != -1): null

2019-08-24 13:07:48 - [TEST_STEP][PASSED] - if (i == 4 &amp;&amp; wildList.indexOf(symbol) != -1): null

2019-08-24 13:07:48 - [TEST_STEP][PASSED] - symbol = symbol: null

2019-08-24 13:07:48 - [TEST_STEP][PASSED] - println(symbol): null

2019-08-24 13:07:48 - [TEST_STEP][PASSED] - if (i == 2 &amp;&amp; wildList.indexOf(symbol) != -1): null

2019-08-24 13:07:48 - [TEST_STEP][PASSED] - if (i == 3 &amp;&amp; wildList.indexOf(symbol) != -1): null

2019-08-24 13:07:48 - [TEST_STEP][PASSED] - if (i == 4 &amp;&amp; wildList.indexOf(symbol) != -1): null

2019-08-24 13:07:48 - [TEST_STEP][PASSED] - free_spin_reel_counter = free_spin_reel_counter: null

2019-08-24 13:07:48 - [TEST_STEP][PASSED] - println("reel 3 wild found: " + free_spin_reel_counter[0]): null

2019-08-24 13:07:48 - [TEST_STEP][PASSED] - println("reel 4 wild found: " + free_spin_reel_counter[1]): null

2019-08-24 13:07:48 - [TEST_STEP][PASSED] - println("reel 5 wild found: " + free_spin_reel_counter[2]): null

2019-08-24 13:07:48 - [TEST_STEP][PASSED] - M4_spin_reels = M4_spin_reels: null

2019-08-24 13:07:48 - [TEST_STEP][PASSED] - M4_spin_reels_symbols = symbol: null

2019-08-24 13:07:48 - [TEST_STEP][PASSED] - M4_spin_reels_symbols = M4_spin_reels_symbols: null

2019-08-24 13:07:48 - [TEST_STEP][PASSED] - M4_spin_reel_wins = reel_wins: null

2019-08-24 13:07:48 - [TEST_STEP][PASSED] - M4_spin_reel_wins = M4_spin_reel_wins: null

2019-08-24 13:07:48 - [TEST_STEP][PASSED] - println("GlobalVariable.M4_spin_reel_wins is: " + M4_spin_reel_wins): null

2019-08-24 13:07:48 - [TEST_STEP][PASSED] - M4_spin_total_bonus_win_this_round = total_bonus_win_this_round: null

2019-08-24 13:07:48 - [TEST_STEP][PASSED] - M4_spin_total_bonus_win_this_round = M4_spin_total_bonus_win_this_round: null

2019-08-24 13:07:48 - [TEST_STEP][PASSED] - println("GlobalVariable.M4_spin_total_bonus_win_this_round is: " + M4_spin_total_bonus_win_this_round): null

2019-08-24 13:07:48 - [TEST_STEP][PASSED] - M4_spin_bonus_spin_result = spin_result: null

2019-08-24 13:07:48 - [TEST_STEP][PASSED] - M4_spin_bonus_spin_result = M4_spin_bonus_spin_result: null

2019-08-24 13:07:48 - [MESSAGE][PASSED] - Verify response successfully

2019-08-24 13:07:48 - [MESSAGE][PASSED] - Send request and verify the response successfully

2019-08-24 13:07:48 - [TEST_STEP][PASSED] - if (M4_total_bonus_spins_int != 0 &amp;&amp; M4_spin_reels_symbols[2].contains("WILD_Expanding")): null

2019-08-24 13:07:48 - [TEST_STEP][PASSED] - free_spin_reel_counter = free_spin_reel_counter: null

2019-08-24 13:07:48 - [TEST_STEP][PASSED] - M4_spin_reels_symbols = M4_spin_reels_symbols: null

2019-08-24 13:07:48 - [TEST_STEP][PASSED] - M4_total_bonus_spins = M4_total_bonus_spins: null

2019-08-24 13:07:48 - [TEST_STEP][PASSED] - spin_result = sendRequestAndVerify(findTestObject("INT/RGS(M4)/1_M4_spin", ["M4_login_user_id":M4_login_user_id, "rgs_session_token":rgs_session_token, "partner":Partner])): Send request and verify the response successfully

2019-08-24 13:07:48 - [MESSAGE][INFO] - HAR: /Users/eiralee/Katalon_Script/SuperWild/Reports/20190824_125957/INT/superWild_5/20190824_125957/requests/main/142.har

2019-08-24 13:07:48 - [TEST_CASE][PASSED] - Start Test Case : Verification: Verification accomplished successfully

2019-08-24 13:07:48 - [TEST_STEP][PASSED] - request = getInstance().getCurrentRequest(): null

2019-08-24 13:07:48 - [TEST_STEP][PASSED] - response = getInstance().getCurrentResponse(): null

2019-08-24 13:07:48 - [TEST_STEP][PASSED] - verifyResponseStatusCode(response, 200): Verify response status code successfully

2019-08-24 13:07:48 - [MESSAGE][PASSED] - Verify response status code successfully

2019-08-24 13:07:48 - [TEST_STEP][PASSED] - getStatusCode()).isEqualTo(200): null

2019-08-24 13:07:48 - [TEST_STEP][PASSED] - newline = System.getProperty("line.separator"): null

2019-08-24 13:07:48 - [TEST_STEP][PASSED] - M4_spin = new groovy.json.JsonSlurper(): null

2019-08-24 13:07:48 - [TEST_STEP][PASSED] - result_M4_spin = M4_spin.parseText(response.getResponseBodyContent()): null

2019-08-24 13:07:48 - [TEST_STEP][PASSED] - M4_spin_current_balance = current_balance: null

2019-08-24 13:07:48 - [TEST_STEP][PASSED] - M4_spin_current_balance = M4_spin_current_balance: null

2019-08-24 13:07:48 - [TEST_STEP][PASSED] - M4_spin_transaction_id = causality: null

2019-08-24 13:07:48 - [TEST_STEP][PASSED] - M4_spin_transaction_id = M4_spin_transaction_id: null

2019-08-24 13:07:48 - [TEST_STEP][PASSED] - M4_spin_round_id = round_id: null

2019-08-24 13:07:48 - [TEST_STEP][PASSED] - M4_spin_round_id = M4_spin_round_id: null

2019-08-24 13:07:48 - [TEST_STEP][PASSED] - M4_spin_line_wins = line_wins: null

2019-08-24 13:07:48 - [TEST_STEP][PASSED] - M4_spin_line_wins = M4_spin_line_wins: null

2019-08-24 13:07:48 - [TEST_STEP][PASSED] - M4_total_bonus_spins_int = total_bonus_spins: null

2019-08-24 13:07:48 - [TEST_STEP][PASSED] - println("******M4_total_bonus_spins type is:*******" + newline + getClass().getName()): null

2019-08-24 13:07:48 - [TEST_STEP][PASSED] - M4_total_bonus_spins_int = M4_total_bonus_spins_int: null

2019-08-24 13:07:48 - [TEST_STEP][PASSED] - M4_total_bonus_spins = Integer.toString(M4_total_bonus_spins_int): null

2019-08-24 13:07:48 - [TEST_STEP][PASSED] - M4_total_bonus_spins = M4_total_bonus_spins: null

2019-08-24 13:07:48 - [TEST_STEP][PASSED] - println("M4_total_bonus_spins is:" + M4_total_bonus_spins): null

2019-08-24 13:07:48 - [TEST_STEP][PASSED] - M4_spin_bonus_data = bonus_data: null

2019-08-24 13:07:48 - [TEST_STEP][PASSED] - M4_spin_features_triggered = result_M4_spin: null

2019-08-24 13:07:48 - [TEST_STEP][PASSED] - wild = []: null

2019-08-24 13:07:48 - [TEST_STEP][PASSED] - wild[0] = "WILD_Expanding": null

2019-08-24 13:07:48 - [TEST_STEP][PASSED] - wild[1] = "WILD_Normal": null

2019-08-24 13:07:48 - [TEST_STEP][PASSED] - wild[2] = "WILD_Double": null

2019-08-24 13:07:48 - [TEST_STEP][PASSED] - wild[3] = "WILD_ExtraFG": null

2019-08-24 13:07:48 - [TEST_STEP][PASSED] - wild[4] = "WILD_Triple": null

2019-08-24 13:07:48 - [TEST_STEP][PASSED] - wildList = Arrays.asList(wild): null

2019-08-24 13:07:48 - [TEST_STEP][PASSED] - wildList = wildList: null

2019-08-24 13:07:48 - [TEST_STEP][PASSED] - free_spin_reel_counter = []: null

2019-08-24 13:07:48 - [TEST_STEP][PASSED] - free_spin_reel_counter[0] = 0: null

2019-08-24 13:07:48 - [TEST_STEP][PASSED] - free_spin_reel_counter[1] = 0: null

2019-08-24 13:07:48 - [TEST_STEP][PASSED] - free_spin_reel_counter[2] = 0: null

2019-08-24 13:07:48 - [TEST_STEP][PASSED] - M4_spin_reels = reels: null

2019-08-24 13:07:48 - [TEST_STEP][PASSED] - for ([i = 0, i &lt; M4_spin_reels.size(), (i++)]): null

2019-08-24 13:07:48 - [TEST_STEP][PASSED] - symbols = symbols: null

2019-08-24 13:07:48 - [TEST_STEP][PASSED] - for ([j = 0, j &lt; symbols.size(), (j++)]): null

2019-08-24 13:07:48 - [TEST_STEP][PASSED] - symbol = symbol: null

2019-08-24 13:07:48 - [TEST_STEP][PASSED] - println(symbol): null

2019-08-24 13:07:48 - [TEST_STEP][PASSED] - if (i == 2 &amp;&amp; wildList.indexOf(symbol) != -1): null

2019-08-24 13:07:48 - [TEST_STEP][PASSED] - if (i == 3 &amp;&amp; wildList.indexOf(symbol) != -1): null

2019-08-24 13:07:48 - [TEST_STEP][PASSED] - if (i == 4 &amp;&amp; wildList.indexOf(symbol) != -1): null

2019-08-24 13:07:48 - [TEST_STEP][PASSED] - symbol = symbol: null

2019-08-24 13:07:48 - [TEST_STEP][PASSED] - println(symbol): null

2019-08-24 13:07:48 - [TEST_STEP][PASSED] - if (i == 2 &amp;&amp; wildList.indexOf(symbol) != -1): null

2019-08-24 13:07:48 - [TEST_STEP][PASSED] - if (i == 3 &amp;&amp; wildList.indexOf(symbol) != -1): null

2019-08-24 13:07:48 - [TEST_STEP][PASSED] - if (i == 4 &amp;&amp; wildList.indexOf(symbol) != -1): null

2019-08-24 13:07:48 - [TEST_STEP][PASSED] - symbol = symbol: null

2019-08-24 13:07:48 - [TEST_STEP][PASSED] - println(symbol): null

2019-08-24 13:07:48 - [TEST_STEP][PASSED] - if (i == 2 &amp;&amp; wildList.indexOf(symbol) != -1): null

2019-08-24 13:07:48 - [TEST_STEP][PASSED] - if (i == 3 &amp;&amp; wildList.indexOf(symbol) != -1): null

2019-08-24 13:07:48 - [TEST_STEP][PASSED] - if (i == 4 &amp;&amp; wildList.indexOf(symbol) != -1): null

2019-08-24 13:07:48 - [TEST_STEP][PASSED] - symbols = symbols: null

2019-08-24 13:07:48 - [TEST_STEP][PASSED] - for ([j = 0, j &lt; symbols.size(), (j++)]): null

2019-08-24 13:07:48 - [TEST_STEP][PASSED] - symbol = symbol: null

2019-08-24 13:07:48 - [TEST_STEP][PASSED] - println(symbol): null

2019-08-24 13:07:48 - [TEST_STEP][PASSED] - if (i == 2 &amp;&amp; wildList.indexOf(symbol) != -1): null

2019-08-24 13:07:48 - [TEST_STEP][PASSED] - if (i == 3 &amp;&amp; wildList.indexOf(symbol) != -1): null

2019-08-24 13:07:48 - [TEST_STEP][PASSED] - if (i == 4 &amp;&amp; wildList.indexOf(symbol) != -1): null

2019-08-24 13:07:48 - [TEST_STEP][PASSED] - symbol = symbol: null

2019-08-24 13:07:48 - [TEST_STEP][PASSED] - println(symbol): null

2019-08-24 13:07:48 - [TEST_STEP][PASSED] - if (i == 2 &amp;&amp; wildList.indexOf(symbol) != -1): null

2019-08-24 13:07:48 - [TEST_STEP][PASSED] - if (i == 3 &amp;&amp; wildList.indexOf(symbol) != -1): null

2019-08-24 13:07:48 - [TEST_STEP][PASSED] - if (i == 4 &amp;&amp; wildList.indexOf(symbol) != -1): null

2019-08-24 13:07:48 - [TEST_STEP][PASSED] - symbol = symbol: null

2019-08-24 13:07:48 - [TEST_STEP][PASSED] - println(symbol): null

2019-08-24 13:07:48 - [TEST_STEP][PASSED] - if (i == 2 &amp;&amp; wildList.indexOf(symbol) != -1): null

2019-08-24 13:07:48 - [TEST_STEP][PASSED] - if (i == 3 &amp;&amp; wildList.indexOf(symbol) != -1): null

2019-08-24 13:07:48 - [TEST_STEP][PASSED] - if (i == 4 &amp;&amp; wildList.indexOf(symbol) != -1): null

2019-08-24 13:07:48 - [TEST_STEP][PASSED] - symbols = symbols: null

2019-08-24 13:07:48 - [TEST_STEP][PASSED] - for ([j = 0, j &lt; symbols.size(), (j++)]): null

2019-08-24 13:07:48 - [TEST_STEP][PASSED] - symbol = symbol: null

2019-08-24 13:07:48 - [TEST_STEP][PASSED] - println(symbol): null

2019-08-24 13:07:48 - [TEST_STEP][PASSED] - if (i == 2 &amp;&amp; wildList.indexOf(symbol) != -1): null

2019-08-24 13:07:48 - [TEST_STEP][PASSED] - if (i == 3 &amp;&amp; wildList.indexOf(symbol) != -1): null

2019-08-24 13:07:48 - [TEST_STEP][PASSED] - if (i == 4 &amp;&amp; wildList.indexOf(symbol) != -1): null

2019-08-24 13:07:48 - [TEST_STEP][PASSED] - symbol = symbol: null

2019-08-24 13:07:48 - [TEST_STEP][PASSED] - println(symbol): null

2019-08-24 13:07:48 - [TEST_STEP][PASSED] - if (i == 2 &amp;&amp; wildList.indexOf(symbol) != -1): null

2019-08-24 13:07:48 - [TEST_STEP][PASSED] - if (i == 3 &amp;&amp; wildList.indexOf(symbol) != -1): null

2019-08-24 13:07:48 - [TEST_STEP][PASSED] - if (i == 4 &amp;&amp; wildList.indexOf(symbol) != -1): null

2019-08-24 13:07:48 - [TEST_STEP][PASSED] - symbol = symbol: null

2019-08-24 13:07:48 - [TEST_STEP][PASSED] - println(symbol): null

2019-08-24 13:07:48 - [TEST_STEP][PASSED] - if (i == 2 &amp;&amp; wildList.indexOf(symbol) != -1): null

2019-08-24 13:07:48 - [TEST_STEP][PASSED] - if (i == 3 &amp;&amp; wildList.indexOf(symbol) != -1): null

2019-08-24 13:07:48 - [TEST_STEP][PASSED] - if (i == 4 &amp;&amp; wildList.indexOf(symbol) != -1): null

2019-08-24 13:07:48 - [TEST_STEP][PASSED] - symbols = symbols: null

2019-08-24 13:07:48 - [TEST_STEP][PASSED] - for ([j = 0, j &lt; symbols.size(), (j++)]): null

2019-08-24 13:07:48 - [TEST_STEP][PASSED] - symbol = symbol: null

2019-08-24 13:07:48 - [TEST_STEP][PASSED] - println(symbol): null

2019-08-24 13:07:48 - [TEST_STEP][PASSED] - if (i == 2 &amp;&amp; wildList.indexOf(symbol) != -1): null

2019-08-24 13:07:48 - [TEST_STEP][PASSED] - if (i == 3 &amp;&amp; wildList.indexOf(symbol) != -1): null

2019-08-24 13:07:48 - [TEST_STEP][PASSED] - if (i == 4 &amp;&amp; wildList.indexOf(symbol) != -1): null

2019-08-24 13:07:48 - [TEST_STEP][PASSED] - symbol = symbol: null

2019-08-24 13:07:48 - [TEST_STEP][PASSED] - println(symbol): null

2019-08-24 13:07:48 - [TEST_STEP][PASSED] - if (i == 2 &amp;&amp; wildList.indexOf(symbol) != -1): null

2019-08-24 13:07:48 - [TEST_STEP][PASSED] - if (i == 3 &amp;&amp; wildList.indexOf(symbol) != -1): null

2019-08-24 13:07:48 - [TEST_STEP][PASSED] - if (i == 4 &amp;&amp; wildList.indexOf(symbol) != -1): null

2019-08-24 13:07:48 - [TEST_STEP][PASSED] - symbol = symbol: null

2019-08-24 13:07:48 - [TEST_STEP][PASSED] - println(symbol): null

2019-08-24 13:07:48 - [TEST_STEP][PASSED] - if (i == 2 &amp;&amp; wildList.indexOf(symbol) != -1): null

2019-08-24 13:07:48 - [TEST_STEP][PASSED] - if (i == 3 &amp;&amp; wildList.indexOf(symbol) != -1): null

2019-08-24 13:07:48 - [TEST_STEP][PASSED] - if (i == 4 &amp;&amp; wildList.indexOf(symbol) != -1): null

2019-08-24 13:07:48 - [TEST_STEP][PASSED] - symbols = symbols: null

2019-08-24 13:07:48 - [TEST_STEP][PASSED] - for ([j = 0, j &lt; symbols.size(), (j++)]): null

2019-08-24 13:07:48 - [TEST_STEP][PASSED] - symbol = symbol: null

2019-08-24 13:07:48 - [TEST_STEP][PASSED] - println(symbol): null

2019-08-24 13:07:48 - [TEST_STEP][PASSED] - if (i == 2 &amp;&amp; wildList.indexOf(symbol) != -1): null

2019-08-24 13:07:48 - [TEST_STEP][PASSED] - if (i == 3 &amp;&amp; wildList.indexOf(symbol) != -1): null

2019-08-24 13:07:48 - [TEST_STEP][PASSED] - if (i == 4 &amp;&amp; wildList.indexOf(symbol) != -1): null

2019-08-24 13:07:48 - [TEST_STEP][PASSED] - symbol = symbol: null

2019-08-24 13:07:48 - [TEST_STEP][PASSED] - println(symbol): null

2019-08-24 13:07:48 - [TEST_STEP][PASSED] - if (i == 2 &amp;&amp; wildList.indexOf(symbol) != -1): null

2019-08-24 13:07:48 - [TEST_STEP][PASSED] - if (i == 3 &amp;&amp; wildList.indexOf(symbol) != -1): null

2019-08-24 13:07:53 - [TEST_STEP][PASSED] - if (i == 4 &amp;&amp; wildList.indexOf(symbol) != -1): null

2019-08-24 13:07:53 - [TEST_STEP][PASSED] - symbol = symbol: null

2019-08-24 13:07:53 - [TEST_STEP][PASSED] - println(symbol): null

2019-08-24 13:07:53 - [TEST_STEP][PASSED] - if (i == 2 &amp;&amp; wildList.indexOf(symbol) != -1): null

2019-08-24 13:07:53 - [TEST_STEP][PASSED] - if (i == 3 &amp;&amp; wildList.indexOf(symbol) != -1): null

2019-08-24 13:07:53 - [TEST_STEP][PASSED] - if (i == 4 &amp;&amp; wildList.indexOf(symbol) != -1): null

2019-08-24 13:07:53 - [TEST_STEP][PASSED] - free_spin_reel_counter = free_spin_reel_counter: null

2019-08-24 13:07:53 - [TEST_STEP][PASSED] - println("reel 3 wild found: " + free_spin_reel_counter[0]): null

2019-08-24 13:07:53 - [TEST_STEP][PASSED] - println("reel 4 wild found: " + free_spin_reel_counter[1]): null

2019-08-24 13:07:55 - [TEST_STEP][PASSED] - println("reel 5 wild found: " + free_spin_reel_counter[2]): null

2019-08-24 13:07:55 - [TEST_STEP][PASSED] - M4_spin_reels = M4_spin_reels: null

2019-08-24 13:07:55 - [TEST_STEP][PASSED] - M4_spin_reels_symbols = symbol: null

2019-08-24 13:07:55 - [TEST_STEP][PASSED] - M4_spin_reels_symbols = M4_spin_reels_symbols: null

2019-08-24 13:07:55 - [TEST_STEP][PASSED] - M4_spin_reel_wins = reel_wins: null

2019-08-24 13:07:55 - [TEST_STEP][PASSED] - M4_spin_reel_wins = M4_spin_reel_wins: null

2019-08-24 13:07:55 - [TEST_STEP][PASSED] - println("GlobalVariable.M4_spin_reel_wins is: " + M4_spin_reel_wins): null

2019-08-24 13:07:55 - [TEST_STEP][PASSED] - M4_spin_total_bonus_win_this_round = total_bonus_win_this_round: null

2019-08-24 13:07:55 - [TEST_STEP][PASSED] - M4_spin_total_bonus_win_this_round = M4_spin_total_bonus_win_this_round: null

2019-08-24 13:07:55 - [TEST_STEP][PASSED] - println("GlobalVariable.M4_spin_total_bonus_win_this_round is: " + M4_spin_total_bonus_win_this_round): null

2019-08-24 13:07:55 - [TEST_STEP][PASSED] - M4_spin_bonus_spin_result = spin_result: null

2019-08-24 13:07:55 - [TEST_STEP][PASSED] - M4_spin_bonus_spin_result = M4_spin_bonus_spin_result: null

2019-08-24 13:07:55 - [MESSAGE][PASSED] - Verify response successfully

2019-08-24 13:07:55 - [MESSAGE][PASSED] - Send request and verify the response successfully

2019-08-24 13:07:55 - [TEST_STEP][PASSED] - if (M4_total_bonus_spins_int != 0 &amp;&amp; M4_spin_reels_symbols[2].contains("WILD_Expanding")): null

2019-08-24 13:07:55 - [TEST_STEP][PASSED] - free_spin_reel_counter = free_spin_reel_counter: null

2019-08-24 13:07:55 - [TEST_STEP][PASSED] - M4_spin_reels_symbols = M4_spin_reels_symbols: null

2019-08-24 13:07:55 - [TEST_STEP][PASSED] - M4_total_bonus_spins = M4_total_bonus_spins: null

2019-08-24 13:07:55 - [TEST_STEP][PASSED] - spin_result = sendRequestAndVerify(findTestObject("INT/RGS(M4)/1_M4_spin", ["M4_login_user_id":M4_login_user_id, "rgs_session_token":rgs_session_token, "partner":Partner])): Send request and verify the response successfully

2019-08-24 13:07:55 - [MESSAGE][INFO] - HAR: /Users/eiralee/Katalon_Script/SuperWild/Reports/20190824_125957/INT/superWild_5/20190824_125957/requests/main/143.har

2019-08-24 13:07:56 - [TEST_CASE][PASSED] - Start Test Case : Verification: Verification accomplished successfully

2019-08-24 13:07:56 - [TEST_STEP][PASSED] - request = getInstance().getCurrentRequest(): null

2019-08-24 13:07:56 - [TEST_STEP][PASSED] - response = getInstance().getCurrentResponse(): null

2019-08-24 13:07:56 - [TEST_STEP][PASSED] - verifyResponseStatusCode(response, 200): Verify response status code successfully

2019-08-24 13:07:56 - [MESSAGE][PASSED] - Verify response status code successfully

2019-08-24 13:07:56 - [TEST_STEP][PASSED] - getStatusCode()).isEqualTo(200): null

2019-08-24 13:07:56 - [TEST_STEP][PASSED] - newline = System.getProperty("line.separator"): null

2019-08-24 13:07:56 - [TEST_STEP][PASSED] - M4_spin = new groovy.json.JsonSlurper(): null

2019-08-24 13:07:56 - [TEST_STEP][PASSED] - result_M4_spin = M4_spin.parseText(response.getResponseBodyContent()): null

2019-08-24 13:07:56 - [TEST_STEP][PASSED] - M4_spin_current_balance = current_balance: null

2019-08-24 13:07:56 - [TEST_STEP][PASSED] - M4_spin_current_balance = M4_spin_current_balance: null

2019-08-24 13:07:56 - [TEST_STEP][PASSED] - M4_spin_transaction_id = causality: null

2019-08-24 13:07:56 - [TEST_STEP][PASSED] - M4_spin_transaction_id = M4_spin_transaction_id: null

2019-08-24 13:07:56 - [TEST_STEP][PASSED] - M4_spin_round_id = round_id: null

2019-08-24 13:07:56 - [TEST_STEP][PASSED] - M4_spin_round_id = M4_spin_round_id: null

2019-08-24 13:07:56 - [TEST_STEP][PASSED] - M4_spin_line_wins = line_wins: null

2019-08-24 13:07:56 - [TEST_STEP][PASSED] - M4_spin_line_wins = M4_spin_line_wins: null

2019-08-24 13:07:56 - [TEST_STEP][PASSED] - M4_total_bonus_spins_int = total_bonus_spins: null

2019-08-24 13:07:56 - [TEST_STEP][PASSED] - println("******M4_total_bonus_spins type is:*******" + newline + getClass().getName()): null

2019-08-24 13:07:56 - [TEST_STEP][PASSED] - M4_total_bonus_spins_int = M4_total_bonus_spins_int: null

2019-08-24 13:07:56 - [TEST_STEP][PASSED] - M4_total_bonus_spins = Integer.toString(M4_total_bonus_spins_int): null

2019-08-24 13:07:56 - [TEST_STEP][PASSED] - M4_total_bonus_spins = M4_total_bonus_spins: null

2019-08-24 13:07:56 - [TEST_STEP][PASSED] - println("M4_total_bonus_spins is:" + M4_total_bonus_spins): null

2019-08-24 13:07:56 - [TEST_STEP][PASSED] - M4_spin_bonus_data = bonus_data: null

2019-08-24 13:07:56 - [TEST_STEP][PASSED] - M4_spin_features_triggered = result_M4_spin: null

2019-08-24 13:07:56 - [TEST_STEP][PASSED] - wild = []: null

2019-08-24 13:07:56 - [TEST_STEP][PASSED] - wild[0] = "WILD_Expanding": null

2019-08-24 13:07:56 - [TEST_STEP][PASSED] - wild[1] = "WILD_Normal": null

2019-08-24 13:07:56 - [TEST_STEP][PASSED] - wild[2] = "WILD_Double": null

2019-08-24 13:07:56 - [TEST_STEP][PASSED] - wild[3] = "WILD_ExtraFG": null

2019-08-24 13:07:56 - [TEST_STEP][PASSED] - wild[4] = "WILD_Triple": null

2019-08-24 13:07:56 - [TEST_STEP][PASSED] - wildList = Arrays.asList(wild): null

2019-08-24 13:07:56 - [TEST_STEP][PASSED] - wildList = wildList: null

2019-08-24 13:07:56 - [TEST_STEP][PASSED] - free_spin_reel_counter = []: null

2019-08-24 13:07:56 - [TEST_STEP][PASSED] - free_spin_reel_counter[0] = 0: null

2019-08-24 13:07:56 - [TEST_STEP][PASSED] - free_spin_reel_counter[1] = 0: null

2019-08-24 13:07:56 - [TEST_STEP][PASSED] - free_spin_reel_counter[2] = 0: null

2019-08-24 13:07:56 - [TEST_STEP][PASSED] - M4_spin_reels = reels: null

2019-08-24 13:07:56 - [TEST_STEP][PASSED] - for ([i = 0, i &lt; M4_spin_reels.size(), (i++)]): null

2019-08-24 13:07:56 - [TEST_STEP][PASSED] - symbols = symbols: null

2019-08-24 13:07:56 - [TEST_STEP][PASSED] - for ([j = 0, j &lt; symbols.size(), (j++)]): null

2019-08-24 13:07:56 - [TEST_STEP][PASSED] - symbol = symbol: null

2019-08-24 13:07:56 - [TEST_STEP][PASSED] - println(symbol): null

2019-08-24 13:07:56 - [TEST_STEP][PASSED] - if (i == 2 &amp;&amp; wildList.indexOf(symbol) != -1): null

2019-08-24 13:07:56 - [TEST_STEP][PASSED] - if (i == 3 &amp;&amp; wildList.indexOf(symbol) != -1): null

2019-08-24 13:07:56 - [TEST_STEP][PASSED] - if (i == 4 &amp;&amp; wildList.indexOf(symbol) != -1): null

2019-08-24 13:07:56 - [TEST_STEP][PASSED] - symbol = symbol: null

2019-08-24 13:07:56 - [TEST_STEP][PASSED] - println(symbol): null

2019-08-24 13:07:56 - [TEST_STEP][PASSED] - if (i == 2 &amp;&amp; wildList.indexOf(symbol) != -1): null

2019-08-24 13:07:56 - [TEST_STEP][PASSED] - if (i == 3 &amp;&amp; wildList.indexOf(symbol) != -1): null

2019-08-24 13:07:56 - [TEST_STEP][PASSED] - if (i == 4 &amp;&amp; wildList.indexOf(symbol) != -1): null

2019-08-24 13:07:56 - [TEST_STEP][PASSED] - symbol = symbol: null

2019-08-24 13:07:56 - [TEST_STEP][PASSED] - println(symbol): null

2019-08-24 13:07:56 - [TEST_STEP][PASSED] - if (i == 2 &amp;&amp; wildList.indexOf(symbol) != -1): null

2019-08-24 13:07:56 - [TEST_STEP][PASSED] - if (i == 3 &amp;&amp; wildList.indexOf(symbol) != -1): null

2019-08-24 13:07:56 - [TEST_STEP][PASSED] - if (i == 4 &amp;&amp; wildList.indexOf(symbol) != -1): null

2019-08-24 13:07:56 - [TEST_STEP][PASSED] - symbols = symbols: null

2019-08-24 13:07:56 - [TEST_STEP][PASSED] - for ([j = 0, j &lt; symbols.size(), (j++)]): null

2019-08-24 13:07:56 - [TEST_STEP][PASSED] - symbol = symbol: null

2019-08-24 13:07:56 - [TEST_STEP][PASSED] - println(symbol): null

2019-08-24 13:07:56 - [TEST_STEP][PASSED] - if (i == 2 &amp;&amp; wildList.indexOf(symbol) != -1): null

2019-08-24 13:07:56 - [TEST_STEP][PASSED] - if (i == 3 &amp;&amp; wildList.indexOf(symbol) != -1): null

2019-08-24 13:07:56 - [TEST_STEP][PASSED] - if (i == 4 &amp;&amp; wildList.indexOf(symbol) != -1): null

2019-08-24 13:07:56 - [TEST_STEP][PASSED] - symbol = symbol: null

2019-08-24 13:07:56 - [TEST_STEP][PASSED] - println(symbol): null

2019-08-24 13:07:56 - [TEST_STEP][PASSED] - if (i == 2 &amp;&amp; wildList.indexOf(symbol) != -1): null

2019-08-24 13:07:56 - [TEST_STEP][PASSED] - if (i == 3 &amp;&amp; wildList.indexOf(symbol) != -1): null

2019-08-24 13:07:56 - [TEST_STEP][PASSED] - if (i == 4 &amp;&amp; wildList.indexOf(symbol) != -1): null

2019-08-24 13:07:56 - [TEST_STEP][PASSED] - symbol = symbol: null

2019-08-24 13:07:56 - [TEST_STEP][PASSED] - println(symbol): null

2019-08-24 13:07:56 - [TEST_STEP][PASSED] - if (i == 2 &amp;&amp; wildList.indexOf(symbol) != -1): null

2019-08-24 13:07:56 - [TEST_STEP][PASSED] - if (i == 3 &amp;&amp; wildList.indexOf(symbol) != -1): null

2019-08-24 13:07:56 - [TEST_STEP][PASSED] - if (i == 4 &amp;&amp; wildList.indexOf(symbol) != -1): null

2019-08-24 13:07:56 - [TEST_STEP][PASSED] - symbols = symbols: null

2019-08-24 13:07:56 - [TEST_STEP][PASSED] - for ([j = 0, j &lt; symbols.size(), (j++)]): null

2019-08-24 13:07:56 - [TEST_STEP][PASSED] - symbol = symbol: null

2019-08-24 13:07:56 - [TEST_STEP][PASSED] - println(symbol): null

2019-08-24 13:07:56 - [TEST_STEP][PASSED] - if (i == 2 &amp;&amp; wildList.indexOf(symbol) != -1): null

2019-08-24 13:07:56 - [TEST_STEP][PASSED] - if (i == 3 &amp;&amp; wildList.indexOf(symbol) != -1): null

2019-08-24 13:07:56 - [TEST_STEP][PASSED] - if (i == 4 &amp;&amp; wildList.indexOf(symbol) != -1): null

2019-08-24 13:07:56 - [TEST_STEP][PASSED] - symbol = symbol: null

2019-08-24 13:07:56 - [TEST_STEP][PASSED] - println(symbol): null

2019-08-24 13:07:56 - [TEST_STEP][PASSED] - if (i == 2 &amp;&amp; wildList.indexOf(symbol) != -1): null

2019-08-24 13:07:56 - [TEST_STEP][PASSED] - if (i == 3 &amp;&amp; wildList.indexOf(symbol) != -1): null

2019-08-24 13:07:56 - [TEST_STEP][PASSED] - if (i == 4 &amp;&amp; wildList.indexOf(symbol) != -1): null

2019-08-24 13:07:56 - [TEST_STEP][PASSED] - symbol = symbol: null

2019-08-24 13:07:56 - [TEST_STEP][PASSED] - println(symbol): null

2019-08-24 13:07:56 - [TEST_STEP][PASSED] - if (i == 2 &amp;&amp; wildList.indexOf(symbol) != -1): null

2019-08-24 13:07:56 - [TEST_STEP][PASSED] - if (i == 3 &amp;&amp; wildList.indexOf(symbol) != -1): null

2019-08-24 13:07:56 - [TEST_STEP][PASSED] - if (i == 4 &amp;&amp; wildList.indexOf(symbol) != -1): null

2019-08-24 13:07:56 - [TEST_STEP][PASSED] - symbols = symbols: null

2019-08-24 13:07:56 - [TEST_STEP][PASSED] - for ([j = 0, j &lt; symbols.size(), (j++)]): null

2019-08-24 13:07:56 - [TEST_STEP][PASSED] - symbol = symbol: null

2019-08-24 13:07:56 - [TEST_STEP][PASSED] - println(symbol): null

2019-08-24 13:07:56 - [TEST_STEP][PASSED] - if (i == 2 &amp;&amp; wildList.indexOf(symbol) != -1): null

2019-08-24 13:07:56 - [TEST_STEP][PASSED] - if (i == 3 &amp;&amp; wildList.indexOf(symbol) != -1): null

2019-08-24 13:07:56 - [TEST_STEP][PASSED] - if (i == 4 &amp;&amp; wildList.indexOf(symbol) != -1): null

2019-08-24 13:07:56 - [TEST_STEP][PASSED] - symbol = symbol: null

2019-08-24 13:07:56 - [TEST_STEP][PASSED] - println(symbol): null

2019-08-24 13:07:56 - [TEST_STEP][PASSED] - if (i == 2 &amp;&amp; wildList.indexOf(symbol) != -1): null

2019-08-24 13:07:56 - [TEST_STEP][PASSED] - if (i == 3 &amp;&amp; wildList.indexOf(symbol) != -1): null

2019-08-24 13:07:56 - [TEST_STEP][PASSED] - if (i == 4 &amp;&amp; wildList.indexOf(symbol) != -1): null

2019-08-24 13:07:56 - [TEST_STEP][PASSED] - symbol = symbol: null

2019-08-24 13:07:56 - [TEST_STEP][PASSED] - println(symbol): null

2019-08-24 13:07:56 - [TEST_STEP][PASSED] - if (i == 2 &amp;&amp; wildList.indexOf(symbol) != -1): null

2019-08-24 13:07:56 - [TEST_STEP][PASSED] - if (i == 3 &amp;&amp; wildList.indexOf(symbol) != -1): null

2019-08-24 13:07:56 - [TEST_STEP][PASSED] - if (i == 4 &amp;&amp; wildList.indexOf(symbol) != -1): null

2019-08-24 13:07:56 - [TEST_STEP][PASSED] - symbols = symbols: null

2019-08-24 13:07:56 - [TEST_STEP][PASSED] - for ([j = 0, j &lt; symbols.size(), (j++)]): null

2019-08-24 13:07:56 - [TEST_STEP][PASSED] - symbol = symbol: null

2019-08-24 13:07:56 - [TEST_STEP][PASSED] - println(symbol): null

2019-08-24 13:07:56 - [TEST_STEP][PASSED] - if (i == 2 &amp;&amp; wildList.indexOf(symbol) != -1): null

2019-08-24 13:07:56 - [TEST_STEP][PASSED] - if (i == 3 &amp;&amp; wildList.indexOf(symbol) != -1): null

2019-08-24 13:07:56 - [TEST_STEP][PASSED] - if (i == 4 &amp;&amp; wildList.indexOf(symbol) != -1): null

2019-08-24 13:07:56 - [TEST_STEP][PASSED] - symbol = symbol: null

2019-08-24 13:07:56 - [TEST_STEP][PASSED] - println(symbol): null

2019-08-24 13:07:56 - [TEST_STEP][PASSED] - if (i == 2 &amp;&amp; wildList.indexOf(symbol) != -1): null

2019-08-24 13:07:56 - [TEST_STEP][PASSED] - if (i == 3 &amp;&amp; wildList.indexOf(symbol) != -1): null

2019-08-24 13:07:56 - [TEST_STEP][PASSED] - if (i == 4 &amp;&amp; wildList.indexOf(symbol) != -1): null

2019-08-24 13:07:56 - [TEST_STEP][PASSED] - symbol = symbol: null

2019-08-24 13:07:56 - [TEST_STEP][PASSED] - println(symbol): null

2019-08-24 13:07:56 - [TEST_STEP][PASSED] - if (i == 2 &amp;&amp; wildList.indexOf(symbol) != -1): null

2019-08-24 13:07:56 - [TEST_STEP][PASSED] - if (i == 3 &amp;&amp; wildList.indexOf(symbol) != -1): null

2019-08-24 13:07:56 - [TEST_STEP][PASSED] - if (i == 4 &amp;&amp; wildList.indexOf(symbol) != -1): null

2019-08-24 13:07:56 - [TEST_STEP][PASSED] - free_spin_reel_counter = free_spin_reel_counter: null

2019-08-24 13:07:56 - [TEST_STEP][PASSED] - println("reel 3 wild found: " + free_spin_reel_counter[0]): null

2019-08-24 13:07:56 - [TEST_STEP][PASSED] - println("reel 4 wild found: " + free_spin_reel_counter[1]): null

2019-08-24 13:07:56 - [TEST_STEP][PASSED] - println("reel 5 wild found: " + free_spin_reel_counter[2]): null

2019-08-24 13:07:56 - [TEST_STEP][PASSED] - M4_spin_reels = M4_spin_reels: null

2019-08-24 13:07:56 - [TEST_STEP][PASSED] - M4_spin_reels_symbols = symbol: null

2019-08-24 13:07:56 - [TEST_STEP][PASSED] - M4_spin_reels_symbols = M4_spin_reels_symbols: null

2019-08-24 13:07:56 - [TEST_STEP][PASSED] - M4_spin_reel_wins = reel_wins: null

2019-08-24 13:07:56 - [TEST_STEP][PASSED] - M4_spin_reel_wins = M4_spin_reel_wins: null

2019-08-24 13:07:56 - [TEST_STEP][PASSED] - println("GlobalVariable.M4_spin_reel_wins is: " + M4_spin_reel_wins): null

2019-08-24 13:07:56 - [TEST_STEP][PASSED] - M4_spin_total_bonus_win_this_round = total_bonus_win_this_round: null

2019-08-24 13:07:56 - [TEST_STEP][PASSED] - M4_spin_total_bonus_win_this_round = M4_spin_total_bonus_win_this_round: null

2019-08-24 13:07:56 - [TEST_STEP][PASSED] - println("GlobalVariable.M4_spin_total_bonus_win_this_round is: " + M4_spin_total_bonus_win_this_round): null

2019-08-24 13:07:56 - [TEST_STEP][PASSED] - M4_spin_bonus_spin_result = spin_result: null

2019-08-24 13:07:56 - [TEST_STEP][PASSED] - M4_spin_bonus_spin_result = M4_spin_bonus_spin_result: null

2019-08-24 13:07:56 - [MESSAGE][PASSED] - Verify response successfully

2019-08-24 13:07:56 - [MESSAGE][PASSED] - Send request and verify the response successfully

2019-08-24 13:07:56 - [TEST_STEP][PASSED] - if (M4_total_bonus_spins_int != 0 &amp;&amp; M4_spin_reels_symbols[2].contains("WILD_Expanding")): null

2019-08-24 13:07:56 - [TEST_STEP][PASSED] - free_spin_reel_counter = free_spin_reel_counter: null

2019-08-24 13:07:56 - [TEST_STEP][PASSED] - M4_spin_reels_symbols = M4_spin_reels_symbols: null

2019-08-24 13:07:56 - [TEST_STEP][PASSED] - M4_total_bonus_spins = M4_total_bonus_spins: null

2019-08-24 13:07:56 - [TEST_STEP][PASSED] - spin_result = sendRequestAndVerify(findTestObject("INT/RGS(M4)/1_M4_spin", ["M4_login_user_id":M4_login_user_id, "rgs_session_token":rgs_session_token, "partner":Partner])): Send request and verify the response successfully

2019-08-24 13:07:56 - [MESSAGE][INFO] - HAR: /Users/eiralee/Katalon_Script/SuperWild/Reports/20190824_125957/INT/superWild_5/20190824_125957/requests/main/144.har

2019-08-24 13:07:56 - [TEST_CASE][PASSED] - Start Test Case : Verification: Verification accomplished successfully

2019-08-24 13:07:56 - [TEST_STEP][PASSED] - request = getInstance().getCurrentRequest(): null

2019-08-24 13:07:56 - [TEST_STEP][PASSED] - response = getInstance().getCurrentResponse(): null

2019-08-24 13:07:56 - [TEST_STEP][PASSED] - verifyResponseStatusCode(response, 200): Verify response status code successfully

2019-08-24 13:07:56 - [MESSAGE][PASSED] - Verify response status code successfully

2019-08-24 13:07:56 - [TEST_STEP][PASSED] - getStatusCode()).isEqualTo(200): null

2019-08-24 13:07:56 - [TEST_STEP][PASSED] - newline = System.getProperty("line.separator"): null

2019-08-24 13:07:56 - [TEST_STEP][PASSED] - M4_spin = new groovy.json.JsonSlurper(): null

2019-08-24 13:07:56 - [TEST_STEP][PASSED] - result_M4_spin = M4_spin.parseText(response.getResponseBodyContent()): null

2019-08-24 13:07:56 - [TEST_STEP][PASSED] - M4_spin_current_balance = current_balance: null

2019-08-24 13:07:56 - [TEST_STEP][PASSED] - M4_spin_current_balance = M4_spin_current_balance: null

2019-08-24 13:07:56 - [TEST_STEP][PASSED] - M4_spin_transaction_id = causality: null

2019-08-24 13:07:56 - [TEST_STEP][PASSED] - M4_spin_transaction_id = M4_spin_transaction_id: null

2019-08-24 13:07:56 - [TEST_STEP][PASSED] - M4_spin_round_id = round_id: null

2019-08-24 13:07:56 - [TEST_STEP][PASSED] - M4_spin_round_id = M4_spin_round_id: null

2019-08-24 13:07:56 - [TEST_STEP][PASSED] - M4_spin_line_wins = line_wins: null

2019-08-24 13:07:56 - [TEST_STEP][PASSED] - M4_spin_line_wins = M4_spin_line_wins: null

2019-08-24 13:07:56 - [TEST_STEP][PASSED] - M4_total_bonus_spins_int = total_bonus_spins: null

2019-08-24 13:07:56 - [TEST_STEP][PASSED] - println("******M4_total_bonus_spins type is:*******" + newline + getClass().getName()): null

2019-08-24 13:07:56 - [TEST_STEP][PASSED] - M4_total_bonus_spins_int = M4_total_bonus_spins_int: null

2019-08-24 13:07:56 - [TEST_STEP][PASSED] - M4_total_bonus_spins = Integer.toString(M4_total_bonus_spins_int): null

2019-08-24 13:07:56 - [TEST_STEP][PASSED] - M4_total_bonus_spins = M4_total_bonus_spins: null

2019-08-24 13:07:56 - [TEST_STEP][PASSED] - println("M4_total_bonus_spins is:" + M4_total_bonus_spins): null

2019-08-24 13:07:56 - [TEST_STEP][PASSED] - M4_spin_bonus_data = bonus_data: null

2019-08-24 13:07:56 - [TEST_STEP][PASSED] - M4_spin_features_triggered = result_M4_spin: null

2019-08-24 13:07:56 - [TEST_STEP][PASSED] - wild = []: null

2019-08-24 13:07:56 - [TEST_STEP][PASSED] - wild[0] = "WILD_Expanding": null

2019-08-24 13:07:56 - [TEST_STEP][PASSED] - wild[1] = "WILD_Normal": null

2019-08-24 13:07:56 - [TEST_STEP][PASSED] - wild[2] = "WILD_Double": null

2019-08-24 13:07:56 - [TEST_STEP][PASSED] - wild[3] = "WILD_ExtraFG": null

2019-08-24 13:07:56 - [TEST_STEP][PASSED] - wild[4] = "WILD_Triple": null

2019-08-24 13:07:56 - [TEST_STEP][PASSED] - wildList = Arrays.asList(wild): null

2019-08-24 13:07:56 - [TEST_STEP][PASSED] - wildList = wildList: null

2019-08-24 13:07:56 - [TEST_STEP][PASSED] - free_spin_reel_counter = []: null

2019-08-24 13:07:56 - [TEST_STEP][PASSED] - free_spin_reel_counter[0] = 0: null

2019-08-24 13:07:56 - [TEST_STEP][PASSED] - free_spin_reel_counter[1] = 0: null

2019-08-24 13:07:56 - [TEST_STEP][PASSED] - free_spin_reel_counter[2] = 0: null

2019-08-24 13:07:56 - [TEST_STEP][PASSED] - M4_spin_reels = reels: null

2019-08-24 13:07:56 - [TEST_STEP][PASSED] - for ([i = 0, i &lt; M4_spin_reels.size(), (i++)]): null

2019-08-24 13:07:56 - [TEST_STEP][PASSED] - symbols = symbols: null

2019-08-24 13:07:56 - [TEST_STEP][PASSED] - for ([j = 0, j &lt; symbols.size(), (j++)]): null

2019-08-24 13:07:56 - [TEST_STEP][PASSED] - symbol = symbol: null

2019-08-24 13:07:56 - [TEST_STEP][PASSED] - println(symbol): null

2019-08-24 13:07:56 - [TEST_STEP][PASSED] - if (i == 2 &amp;&amp; wildList.indexOf(symbol) != -1): null

2019-08-24 13:07:56 - [TEST_STEP][PASSED] - if (i == 3 &amp;&amp; wildList.indexOf(symbol) != -1): null

2019-08-24 13:07:56 - [TEST_STEP][PASSED] - if (i == 4 &amp;&amp; wildList.indexOf(symbol) != -1): null

2019-08-24 13:07:56 - [TEST_STEP][PASSED] - symbol = symbol: null

2019-08-24 13:07:56 - [TEST_STEP][PASSED] - println(symbol): null

2019-08-24 13:07:56 - [TEST_STEP][PASSED] - if (i == 2 &amp;&amp; wildList.indexOf(symbol) != -1): null

2019-08-24 13:07:56 - [TEST_STEP][PASSED] - if (i == 3 &amp;&amp; wildList.indexOf(symbol) != -1): null

2019-08-24 13:07:56 - [TEST_STEP][PASSED] - if (i == 4 &amp;&amp; wildList.indexOf(symbol) != -1): null

2019-08-24 13:07:56 - [TEST_STEP][PASSED] - symbol = symbol: null

2019-08-24 13:07:56 - [TEST_STEP][PASSED] - println(symbol): null

2019-08-24 13:07:56 - [TEST_STEP][PASSED] - if (i == 2 &amp;&amp; wildList.indexOf(symbol) != -1): null

2019-08-24 13:07:56 - [TEST_STEP][PASSED] - if (i == 3 &amp;&amp; wildList.indexOf(symbol) != -1): null

2019-08-24 13:07:56 - [TEST_STEP][PASSED] - if (i == 4 &amp;&amp; wildList.indexOf(symbol) != -1): null

2019-08-24 13:07:56 - [TEST_STEP][PASSED] - symbols = symbols: null

2019-08-24 13:07:56 - [TEST_STEP][PASSED] - for ([j = 0, j &lt; symbols.size(), (j++)]): null

2019-08-24 13:07:56 - [TEST_STEP][PASSED] - symbol = symbol: null

2019-08-24 13:07:56 - [TEST_STEP][PASSED] - println(symbol): null

2019-08-24 13:07:56 - [TEST_STEP][PASSED] - if (i == 2 &amp;&amp; wildList.indexOf(symbol) != -1): null

2019-08-24 13:07:56 - [TEST_STEP][PASSED] - if (i == 3 &amp;&amp; wildList.indexOf(symbol) != -1): null

2019-08-24 13:07:56 - [TEST_STEP][PASSED] - if (i == 4 &amp;&amp; wildList.indexOf(symbol) != -1): null

2019-08-24 13:07:56 - [TEST_STEP][PASSED] - symbol = symbol: null

2019-08-24 13:07:56 - [TEST_STEP][PASSED] - println(symbol): null

2019-08-24 13:07:56 - [TEST_STEP][PASSED] - if (i == 2 &amp;&amp; wildList.indexOf(symbol) != -1): null

2019-08-24 13:07:56 - [TEST_STEP][PASSED] - if (i == 3 &amp;&amp; wildList.indexOf(symbol) != -1): null

2019-08-24 13:07:56 - [TEST_STEP][PASSED] - if (i == 4 &amp;&amp; wildList.indexOf(symbol) != -1): null

2019-08-24 13:07:56 - [TEST_STEP][PASSED] - symbol = symbol: null

2019-08-24 13:07:56 - [TEST_STEP][PASSED] - println(symbol): null

2019-08-24 13:07:56 - [TEST_STEP][PASSED] - if (i == 2 &amp;&amp; wildList.indexOf(symbol) != -1): null

2019-08-24 13:07:56 - [TEST_STEP][PASSED] - if (i == 3 &amp;&amp; wildList.indexOf(symbol) != -1): null

2019-08-24 13:07:56 - [TEST_STEP][PASSED] - if (i == 4 &amp;&amp; wildList.indexOf(symbol) != -1): null

2019-08-24 13:07:56 - [TEST_STEP][PASSED] - symbols = symbols: null

2019-08-24 13:07:56 - [TEST_STEP][PASSED] - for ([j = 0, j &lt; symbols.size(), (j++)]): null

2019-08-24 13:07:56 - [TEST_STEP][PASSED] - symbol = symbol: null

2019-08-24 13:07:56 - [TEST_STEP][PASSED] - println(symbol): null

2019-08-24 13:07:56 - [TEST_STEP][PASSED] - if (i == 2 &amp;&amp; wildList.indexOf(symbol) != -1): null

2019-08-24 13:07:56 - [TEST_STEP][PASSED] - if (i == 3 &amp;&amp; wildList.indexOf(symbol) != -1): null

2019-08-24 13:07:56 - [TEST_STEP][PASSED] - if (i == 4 &amp;&amp; wildList.indexOf(symbol) != -1): null

2019-08-24 13:07:56 - [TEST_STEP][PASSED] - symbol = symbol: null

2019-08-24 13:07:56 - [TEST_STEP][PASSED] - println(symbol): null

2019-08-24 13:07:56 - [TEST_STEP][PASSED] - if (i == 2 &amp;&amp; wildList.indexOf(symbol) != -1): null

2019-08-24 13:07:56 - [TEST_STEP][PASSED] - println("wild found on reel 3, adding counter by 1"): null

2019-08-24 13:07:56 - [TEST_STEP][PASSED] - free_spin_reel_counter[0] = free_spin_reel_counter[0] + 1: null

2019-08-24 13:07:56 - [TEST_STEP][PASSED] - if (i == 3 &amp;&amp; wildList.indexOf(symbol) != -1): null

2019-08-24 13:07:56 - [TEST_STEP][PASSED] - if (i == 4 &amp;&amp; wildList.indexOf(symbol) != -1): null

2019-08-24 13:07:56 - [TEST_STEP][PASSED] - symbol = symbol: null

2019-08-24 13:07:56 - [TEST_STEP][PASSED] - println(symbol): null

2019-08-24 13:07:56 - [TEST_STEP][PASSED] - if (i == 2 &amp;&amp; wildList.indexOf(symbol) != -1): null

2019-08-24 13:07:56 - [TEST_STEP][PASSED] - if (i == 3 &amp;&amp; wildList.indexOf(symbol) != -1): null

2019-08-24 13:07:56 - [TEST_STEP][PASSED] - if (i == 4 &amp;&amp; wildList.indexOf(symbol) != -1): null

2019-08-24 13:07:56 - [TEST_STEP][PASSED] - symbols = symbols: null

2019-08-24 13:07:56 - [TEST_STEP][PASSED] - for ([j = 0, j &lt; symbols.size(), (j++)]): null

2019-08-24 13:07:56 - [TEST_STEP][PASSED] - symbol = symbol: null

2019-08-24 13:07:56 - [TEST_STEP][PASSED] - println(symbol): null

2019-08-24 13:07:56 - [TEST_STEP][PASSED] - if (i == 2 &amp;&amp; wildList.indexOf(symbol) != -1): null

2019-08-24 13:07:56 - [TEST_STEP][PASSED] - if (i == 3 &amp;&amp; wildList.indexOf(symbol) != -1): null

2019-08-24 13:07:56 - [TEST_STEP][PASSED] - if (i == 4 &amp;&amp; wildList.indexOf(symbol) != -1): null

2019-08-24 13:07:56 - [TEST_STEP][PASSED] - symbol = symbol: null

2019-08-24 13:07:56 - [TEST_STEP][PASSED] - println(symbol): null

2019-08-24 13:07:56 - [TEST_STEP][PASSED] - if (i == 2 &amp;&amp; wildList.indexOf(symbol) != -1): null

2019-08-24 13:07:56 - [TEST_STEP][PASSED] - if (i == 3 &amp;&amp; wildList.indexOf(symbol) != -1): null

2019-08-24 13:07:56 - [TEST_STEP][PASSED] - if (i == 4 &amp;&amp; wildList.indexOf(symbol) != -1): null

2019-08-24 13:07:56 - [TEST_STEP][PASSED] - symbol = symbol: null

2019-08-24 13:07:56 - [TEST_STEP][PASSED] - println(symbol): null

2019-08-24 13:07:56 - [TEST_STEP][PASSED] - if (i == 2 &amp;&amp; wildList.indexOf(symbol) != -1): null

2019-08-24 13:07:56 - [TEST_STEP][PASSED] - if (i == 3 &amp;&amp; wildList.indexOf(symbol) != -1): null

2019-08-24 13:07:56 - [TEST_STEP][PASSED] - if (i == 4 &amp;&amp; wildList.indexOf(symbol) != -1): null

2019-08-24 13:07:56 - [TEST_STEP][PASSED] - symbols = symbols: null

2019-08-24 13:07:56 - [TEST_STEP][PASSED] - for ([j = 0, j &lt; symbols.size(), (j++)]): null

2019-08-24 13:07:56 - [TEST_STEP][PASSED] - symbol = symbol: null

2019-08-24 13:07:56 - [TEST_STEP][PASSED] - println(symbol): null

2019-08-24 13:07:56 - [TEST_STEP][PASSED] - if (i == 2 &amp;&amp; wildList.indexOf(symbol) != -1): null

2019-08-24 13:07:56 - [TEST_STEP][PASSED] - if (i == 3 &amp;&amp; wildList.indexOf(symbol) != -1): null

2019-08-24 13:07:56 - [TEST_STEP][PASSED] - if (i == 4 &amp;&amp; wildList.indexOf(symbol) != -1): null

2019-08-24 13:07:56 - [TEST_STEP][PASSED] - symbol = symbol: null

2019-08-24 13:07:56 - [TEST_STEP][PASSED] - println(symbol): null

2019-08-24 13:07:56 - [TEST_STEP][PASSED] - if (i == 2 &amp;&amp; wildList.indexOf(symbol) != -1): null

2019-08-24 13:07:56 - [TEST_STEP][PASSED] - if (i == 3 &amp;&amp; wildList.indexOf(symbol) != -1): null

2019-08-24 13:07:56 - [TEST_STEP][PASSED] - if (i == 4 &amp;&amp; wildList.indexOf(symbol) != -1): null

2019-08-24 13:07:56 - [TEST_STEP][PASSED] - symbol = symbol: null

2019-08-24 13:07:56 - [TEST_STEP][PASSED] - println(symbol): null

2019-08-24 13:07:56 - [TEST_STEP][PASSED] - if (i == 2 &amp;&amp; wildList.indexOf(symbol) != -1): null

2019-08-24 13:07:56 - [TEST_STEP][PASSED] - if (i == 3 &amp;&amp; wildList.indexOf(symbol) != -1): null

2019-08-24 13:07:56 - [TEST_STEP][PASSED] - if (i == 4 &amp;&amp; wildList.indexOf(symbol) != -1): null

2019-08-24 13:07:56 - [TEST_STEP][PASSED] - free_spin_reel_counter = free_spin_reel_counter: null

2019-08-24 13:07:56 - [TEST_STEP][PASSED] - println("reel 3 wild found: " + free_spin_reel_counter[0]): null

2019-08-24 13:07:56 - [TEST_STEP][PASSED] - println("reel 4 wild found: " + free_spin_reel_counter[1]): null

2019-08-24 13:07:56 - [TEST_STEP][PASSED] - println("reel 5 wild found: " + free_spin_reel_counter[2]): null

2019-08-24 13:07:56 - [TEST_STEP][PASSED] - M4_spin_reels = M4_spin_reels: null

2019-08-24 13:07:56 - [TEST_STEP][PASSED] - M4_spin_reels_symbols = symbol: null

2019-08-24 13:07:56 - [TEST_STEP][PASSED] - M4_spin_reels_symbols = M4_spin_reels_symbols: null

2019-08-24 13:07:56 - [TEST_STEP][PASSED] - M4_spin_reel_wins = reel_wins: null

2019-08-24 13:07:56 - [TEST_STEP][PASSED] - M4_spin_reel_wins = M4_spin_reel_wins: null

2019-08-24 13:07:56 - [TEST_STEP][PASSED] - println("GlobalVariable.M4_spin_reel_wins is: " + M4_spin_reel_wins): null

2019-08-24 13:07:56 - [TEST_STEP][PASSED] - M4_spin_total_bonus_win_this_round = total_bonus_win_this_round: null

2019-08-24 13:07:56 - [TEST_STEP][PASSED] - M4_spin_total_bonus_win_this_round = M4_spin_total_bonus_win_this_round: null

2019-08-24 13:07:56 - [TEST_STEP][PASSED] - println("GlobalVariable.M4_spin_total_bonus_win_this_round is: " + M4_spin_total_bonus_win_this_round): null

2019-08-24 13:07:56 - [TEST_STEP][PASSED] - M4_spin_bonus_spin_result = spin_result: null

2019-08-24 13:07:56 - [TEST_STEP][PASSED] - M4_spin_bonus_spin_result = M4_spin_bonus_spin_result: null

2019-08-24 13:07:56 - [MESSAGE][PASSED] - Verify response successfully

2019-08-24 13:07:56 - [MESSAGE][PASSED] - Send request and verify the response successfully

2019-08-24 13:07:56 - [TEST_STEP][PASSED] - if (M4_total_bonus_spins_int != 0 &amp;&amp; M4_spin_reels_symbols[2].contains("WILD_Expanding")): null

2019-08-24 13:07:56 - [TEST_STEP][PASSED] - free_spin_reel_counter = free_spin_reel_counter: null

2019-08-24 13:07:56 - [TEST_STEP][PASSED] - M4_spin_reels_symbols = M4_spin_reels_symbols: null

2019-08-24 13:07:56 - [TEST_STEP][PASSED] - M4_total_bonus_spins = M4_total_bonus_spins: null

2019-08-24 13:07:56 - [TEST_STEP][PASSED] - spin_result = sendRequestAndVerify(findTestObject("INT/RGS(M4)/1_M4_spin", ["M4_login_user_id":M4_login_user_id, "rgs_session_token":rgs_session_token, "partner":Partner])): Send request and verify the response successfully

2019-08-24 13:07:57 - [MESSAGE][INFO] - HAR: /Users/eiralee/Katalon_Script/SuperWild/Reports/20190824_125957/INT/superWild_5/20190824_125957/requests/main/145.har

2019-08-24 13:07:57 - [TEST_CASE][PASSED] - Start Test Case : Verification: Verification accomplished successfully

2019-08-24 13:07:57 - [TEST_STEP][PASSED] - request = getInstance().getCurrentRequest(): null

2019-08-24 13:07:57 - [TEST_STEP][PASSED] - response = getInstance().getCurrentResponse(): null

2019-08-24 13:07:57 - [TEST_STEP][PASSED] - verifyResponseStatusCode(response, 200): Verify response status code successfully

2019-08-24 13:07:57 - [MESSAGE][PASSED] - Verify response status code successfully

2019-08-24 13:07:57 - [TEST_STEP][PASSED] - getStatusCode()).isEqualTo(200): null

2019-08-24 13:07:57 - [TEST_STEP][PASSED] - newline = System.getProperty("line.separator"): null

2019-08-24 13:07:57 - [TEST_STEP][PASSED] - M4_spin = new groovy.json.JsonSlurper(): null

2019-08-24 13:07:57 - [TEST_STEP][PASSED] - result_M4_spin = M4_spin.parseText(response.getResponseBodyContent()): null

2019-08-24 13:08:00 - [TEST_STEP][PASSED] - M4_spin_current_balance = current_balance: null

2019-08-24 13:08:00 - [TEST_STEP][PASSED] - M4_spin_current_balance = M4_spin_current_balance: null

2019-08-24 13:08:00 - [TEST_STEP][PASSED] - M4_spin_transaction_id = causality: null

2019-08-24 13:08:00 - [TEST_STEP][PASSED] - M4_spin_transaction_id = M4_spin_transaction_id: null

2019-08-24 13:08:00 - [TEST_STEP][PASSED] - M4_spin_round_id = round_id: null

2019-08-24 13:08:00 - [TEST_STEP][PASSED] - M4_spin_round_id = M4_spin_round_id: null

2019-08-24 13:08:00 - [TEST_STEP][PASSED] - M4_spin_line_wins = line_wins: null

2019-08-24 13:08:00 - [TEST_STEP][PASSED] - M4_spin_line_wins = M4_spin_line_wins: null

2019-08-24 13:08:00 - [TEST_STEP][PASSED] - M4_total_bonus_spins_int = total_bonus_spins: null

2019-08-24 13:08:00 - [TEST_STEP][PASSED] - println("******M4_total_bonus_spins type is:*******" + newline + getClass().getName()): null

2019-08-24 13:08:03 - [TEST_STEP][PASSED] - M4_total_bonus_spins_int = M4_total_bonus_spins_int: null

2019-08-24 13:08:03 - [TEST_STEP][PASSED] - M4_total_bonus_spins = Integer.toString(M4_total_bonus_spins_int): null

2019-08-24 13:08:03 - [TEST_STEP][PASSED] - M4_total_bonus_spins = M4_total_bonus_spins: null

2019-08-24 13:08:03 - [TEST_STEP][PASSED] - println("M4_total_bonus_spins is:" + M4_total_bonus_spins): null

2019-08-24 13:08:03 - [TEST_STEP][PASSED] - M4_spin_bonus_data = bonus_data: null

2019-08-24 13:08:03 - [TEST_STEP][PASSED] - M4_spin_features_triggered = result_M4_spin: null

2019-08-24 13:08:03 - [TEST_STEP][PASSED] - wild = []: null

2019-08-24 13:08:03 - [TEST_STEP][PASSED] - wild[0] = "WILD_Expanding": null

2019-08-24 13:08:03 - [TEST_STEP][PASSED] - wild[1] = "WILD_Normal": null

2019-08-24 13:08:03 - [TEST_STEP][PASSED] - wild[2] = "WILD_Double": null

2019-08-24 13:08:03 - [TEST_STEP][PASSED] - wild[3] = "WILD_ExtraFG": null

2019-08-24 13:08:03 - [TEST_STEP][PASSED] - wild[4] = "WILD_Triple": null

2019-08-24 13:08:03 - [TEST_STEP][PASSED] - wildList = Arrays.asList(wild): null

2019-08-24 13:08:03 - [TEST_STEP][PASSED] - wildList = wildList: null

2019-08-24 13:08:03 - [TEST_STEP][PASSED] - free_spin_reel_counter = []: null

2019-08-24 13:08:03 - [TEST_STEP][PASSED] - free_spin_reel_counter[0] = 0: null

2019-08-24 13:08:03 - [TEST_STEP][PASSED] - free_spin_reel_counter[1] = 0: null

2019-08-24 13:08:03 - [TEST_STEP][PASSED] - free_spin_reel_counter[2] = 0: null

2019-08-24 13:08:03 - [TEST_STEP][PASSED] - M4_spin_reels = reels: null

2019-08-24 13:08:03 - [TEST_STEP][PASSED] - for ([i = 0, i &lt; M4_spin_reels.size(), (i++)]): null

2019-08-24 13:08:03 - [TEST_STEP][PASSED] - symbols = symbols: null

2019-08-24 13:08:03 - [TEST_STEP][PASSED] - for ([j = 0, j &lt; symbols.size(), (j++)]): null

2019-08-24 13:08:03 - [TEST_STEP][PASSED] - symbol = symbol: null

2019-08-24 13:08:03 - [TEST_STEP][PASSED] - println(symbol): null

2019-08-24 13:08:03 - [TEST_STEP][PASSED] - if (i == 2 &amp;&amp; wildList.indexOf(symbol) != -1): null

2019-08-24 13:08:03 - [TEST_STEP][PASSED] - if (i == 3 &amp;&amp; wildList.indexOf(symbol) != -1): null

2019-08-24 13:08:03 - [TEST_STEP][PASSED] - if (i == 4 &amp;&amp; wildList.indexOf(symbol) != -1): null

2019-08-24 13:08:03 - [TEST_STEP][PASSED] - symbol = symbol: null

2019-08-24 13:08:03 - [TEST_STEP][PASSED] - println(symbol): null

2019-08-24 13:08:03 - [TEST_STEP][PASSED] - if (i == 2 &amp;&amp; wildList.indexOf(symbol) != -1): null

2019-08-24 13:08:03 - [TEST_STEP][PASSED] - if (i == 3 &amp;&amp; wildList.indexOf(symbol) != -1): null

2019-08-24 13:08:03 - [TEST_STEP][PASSED] - if (i == 4 &amp;&amp; wildList.indexOf(symbol) != -1): null

2019-08-24 13:08:03 - [TEST_STEP][PASSED] - symbol = symbol: null

2019-08-24 13:08:03 - [TEST_STEP][PASSED] - println(symbol): null

2019-08-24 13:08:03 - [TEST_STEP][PASSED] - if (i == 2 &amp;&amp; wildList.indexOf(symbol) != -1): null

2019-08-24 13:08:03 - [TEST_STEP][PASSED] - if (i == 3 &amp;&amp; wildList.indexOf(symbol) != -1): null

2019-08-24 13:08:03 - [TEST_STEP][PASSED] - if (i == 4 &amp;&amp; wildList.indexOf(symbol) != -1): null

2019-08-24 13:08:03 - [TEST_STEP][PASSED] - symbols = symbols: null

2019-08-24 13:08:03 - [TEST_STEP][PASSED] - for ([j = 0, j &lt; symbols.size(), (j++)]): null

2019-08-24 13:08:03 - [TEST_STEP][PASSED] - symbol = symbol: null

2019-08-24 13:08:03 - [TEST_STEP][PASSED] - println(symbol): null

2019-08-24 13:08:03 - [TEST_STEP][PASSED] - if (i == 2 &amp;&amp; wildList.indexOf(symbol) != -1): null

2019-08-24 13:08:03 - [TEST_STEP][PASSED] - if (i == 3 &amp;&amp; wildList.indexOf(symbol) != -1): null

2019-08-24 13:08:03 - [TEST_STEP][PASSED] - if (i == 4 &amp;&amp; wildList.indexOf(symbol) != -1): null

2019-08-24 13:08:03 - [TEST_STEP][PASSED] - symbol = symbol: null

2019-08-24 13:08:03 - [TEST_STEP][PASSED] - println(symbol): null

2019-08-24 13:08:03 - [TEST_STEP][PASSED] - if (i == 2 &amp;&amp; wildList.indexOf(symbol) != -1): null

2019-08-24 13:08:03 - [TEST_STEP][PASSED] - if (i == 3 &amp;&amp; wildList.indexOf(symbol) != -1): null

2019-08-24 13:08:03 - [TEST_STEP][PASSED] - if (i == 4 &amp;&amp; wildList.indexOf(symbol) != -1): null

2019-08-24 13:08:03 - [TEST_STEP][PASSED] - symbol = symbol: null

2019-08-24 13:08:03 - [TEST_STEP][PASSED] - println(symbol): null

2019-08-24 13:08:03 - [TEST_STEP][PASSED] - if (i == 2 &amp;&amp; wildList.indexOf(symbol) != -1): null

2019-08-24 13:08:03 - [TEST_STEP][PASSED] - if (i == 3 &amp;&amp; wildList.indexOf(symbol) != -1): null

2019-08-24 13:08:03 - [TEST_STEP][PASSED] - if (i == 4 &amp;&amp; wildList.indexOf(symbol) != -1): null

2019-08-24 13:08:03 - [TEST_STEP][PASSED] - symbols = symbols: null

2019-08-24 13:08:03 - [TEST_STEP][PASSED] - for ([j = 0, j &lt; symbols.size(), (j++)]): null

2019-08-24 13:08:03 - [TEST_STEP][PASSED] - symbol = symbol: null

2019-08-24 13:08:03 - [TEST_STEP][PASSED] - println(symbol): null

2019-08-24 13:08:03 - [TEST_STEP][PASSED] - if (i == 2 &amp;&amp; wildList.indexOf(symbol) != -1): null

2019-08-24 13:08:03 - [TEST_STEP][PASSED] - if (i == 3 &amp;&amp; wildList.indexOf(symbol) != -1): null

2019-08-24 13:08:03 - [TEST_STEP][PASSED] - if (i == 4 &amp;&amp; wildList.indexOf(symbol) != -1): null

2019-08-24 13:08:03 - [TEST_STEP][PASSED] - symbol = symbol: null

2019-08-24 13:08:03 - [TEST_STEP][PASSED] - println(symbol): null

2019-08-24 13:08:03 - [TEST_STEP][PASSED] - if (i == 2 &amp;&amp; wildList.indexOf(symbol) != -1): null

2019-08-24 13:08:03 - [TEST_STEP][PASSED] - if (i == 3 &amp;&amp; wildList.indexOf(symbol) != -1): null

2019-08-24 13:08:03 - [TEST_STEP][PASSED] - if (i == 4 &amp;&amp; wildList.indexOf(symbol) != -1): null

2019-08-24 13:08:03 - [TEST_STEP][PASSED] - symbol = symbol: null

2019-08-24 13:08:03 - [TEST_STEP][PASSED] - println(symbol): null

2019-08-24 13:08:03 - [TEST_STEP][PASSED] - if (i == 2 &amp;&amp; wildList.indexOf(symbol) != -1): null

2019-08-24 13:08:03 - [TEST_STEP][PASSED] - if (i == 3 &amp;&amp; wildList.indexOf(symbol) != -1): null

2019-08-24 13:08:03 - [TEST_STEP][PASSED] - if (i == 4 &amp;&amp; wildList.indexOf(symbol) != -1): null

2019-08-24 13:08:03 - [TEST_STEP][PASSED] - symbols = symbols: null

2019-08-24 13:08:03 - [TEST_STEP][PASSED] - for ([j = 0, j &lt; symbols.size(), (j++)]): null

2019-08-24 13:08:03 - [TEST_STEP][PASSED] - symbol = symbol: null

2019-08-24 13:08:03 - [TEST_STEP][PASSED] - println(symbol): null

2019-08-24 13:08:03 - [TEST_STEP][PASSED] - if (i == 2 &amp;&amp; wildList.indexOf(symbol) != -1): null

2019-08-24 13:08:03 - [TEST_STEP][PASSED] - if (i == 3 &amp;&amp; wildList.indexOf(symbol) != -1): null

2019-08-24 13:08:03 - [TEST_STEP][PASSED] - if (i == 4 &amp;&amp; wildList.indexOf(symbol) != -1): null

2019-08-24 13:08:03 - [TEST_STEP][PASSED] - symbol = symbol: null

2019-08-24 13:08:03 - [TEST_STEP][PASSED] - println(symbol): null

2019-08-24 13:08:03 - [TEST_STEP][PASSED] - if (i == 2 &amp;&amp; wildList.indexOf(symbol) != -1): null

2019-08-24 13:08:03 - [TEST_STEP][PASSED] - if (i == 3 &amp;&amp; wildList.indexOf(symbol) != -1): null

2019-08-24 13:08:03 - [TEST_STEP][PASSED] - if (i == 4 &amp;&amp; wildList.indexOf(symbol) != -1): null

2019-08-24 13:08:03 - [TEST_STEP][PASSED] - symbol = symbol: null

2019-08-24 13:08:03 - [TEST_STEP][PASSED] - println(symbol): null

2019-08-24 13:08:03 - [TEST_STEP][PASSED] - if (i == 2 &amp;&amp; wildList.indexOf(symbol) != -1): null

2019-08-24 13:08:03 - [TEST_STEP][PASSED] - if (i == 3 &amp;&amp; wildList.indexOf(symbol) != -1): null

2019-08-24 13:08:03 - [TEST_STEP][PASSED] - if (i == 4 &amp;&amp; wildList.indexOf(symbol) != -1): null

2019-08-24 13:08:03 - [TEST_STEP][PASSED] - symbols = symbols: null

2019-08-24 13:08:03 - [TEST_STEP][PASSED] - for ([j = 0, j &lt; symbols.size(), (j++)]): null

2019-08-24 13:08:03 - [TEST_STEP][PASSED] - symbol = symbol: null

2019-08-24 13:08:03 - [TEST_STEP][PASSED] - println(symbol): null

2019-08-24 13:08:03 - [TEST_STEP][PASSED] - if (i == 2 &amp;&amp; wildList.indexOf(symbol) != -1): null

2019-08-24 13:08:03 - [TEST_STEP][PASSED] - if (i == 3 &amp;&amp; wildList.indexOf(symbol) != -1): null

2019-08-24 13:08:03 - [TEST_STEP][PASSED] - if (i == 4 &amp;&amp; wildList.indexOf(symbol) != -1): null

2019-08-24 13:08:03 - [TEST_STEP][PASSED] - symbol = symbol: null

2019-08-24 13:08:03 - [TEST_STEP][PASSED] - println(symbol): null

2019-08-24 13:08:03 - [TEST_STEP][PASSED] - if (i == 2 &amp;&amp; wildList.indexOf(symbol) != -1): null

2019-08-24 13:08:03 - [TEST_STEP][PASSED] - if (i == 3 &amp;&amp; wildList.indexOf(symbol) != -1): null

2019-08-24 13:08:03 - [TEST_STEP][PASSED] - if (i == 4 &amp;&amp; wildList.indexOf(symbol) != -1): null

2019-08-24 13:08:03 - [TEST_STEP][PASSED] - symbol = symbol: null

2019-08-24 13:08:03 - [TEST_STEP][PASSED] - println(symbol): null

2019-08-24 13:08:03 - [TEST_STEP][PASSED] - if (i == 2 &amp;&amp; wildList.indexOf(symbol) != -1): null

2019-08-24 13:08:03 - [TEST_STEP][PASSED] - if (i == 3 &amp;&amp; wildList.indexOf(symbol) != -1): null

2019-08-24 13:08:03 - [TEST_STEP][PASSED] - if (i == 4 &amp;&amp; wildList.indexOf(symbol) != -1): null

2019-08-24 13:08:03 - [TEST_STEP][PASSED] - free_spin_reel_counter = free_spin_reel_counter: null

2019-08-24 13:08:03 - [TEST_STEP][PASSED] - println("reel 3 wild found: " + free_spin_reel_counter[0]): null

2019-08-24 13:08:03 - [TEST_STEP][PASSED] - println("reel 4 wild found: " + free_spin_reel_counter[1]): null

2019-08-24 13:08:03 - [TEST_STEP][PASSED] - println("reel 5 wild found: " + free_spin_reel_counter[2]): null

2019-08-24 13:08:03 - [TEST_STEP][PASSED] - M4_spin_reels = M4_spin_reels: null

2019-08-24 13:08:03 - [TEST_STEP][PASSED] - M4_spin_reels_symbols = symbol: null

2019-08-24 13:08:03 - [TEST_STEP][PASSED] - M4_spin_reels_symbols = M4_spin_reels_symbols: null

2019-08-24 13:08:03 - [TEST_STEP][PASSED] - M4_spin_reel_wins = reel_wins: null

2019-08-24 13:08:03 - [TEST_STEP][PASSED] - M4_spin_reel_wins = M4_spin_reel_wins: null

2019-08-24 13:08:03 - [TEST_STEP][PASSED] - println("GlobalVariable.M4_spin_reel_wins is: " + M4_spin_reel_wins): null

2019-08-24 13:08:03 - [TEST_STEP][PASSED] - M4_spin_total_bonus_win_this_round = total_bonus_win_this_round: null

2019-08-24 13:08:03 - [TEST_STEP][PASSED] - M4_spin_total_bonus_win_this_round = M4_spin_total_bonus_win_this_round: null

2019-08-24 13:08:03 - [TEST_STEP][PASSED] - println("GlobalVariable.M4_spin_total_bonus_win_this_round is: " + M4_spin_total_bonus_win_this_round): null

2019-08-24 13:08:03 - [TEST_STEP][PASSED] - M4_spin_bonus_spin_result = spin_result: null

2019-08-24 13:08:03 - [TEST_STEP][PASSED] - M4_spin_bonus_spin_result = M4_spin_bonus_spin_result: null

2019-08-24 13:08:03 - [MESSAGE][PASSED] - Verify response successfully

2019-08-24 13:08:03 - [MESSAGE][PASSED] - Send request and verify the response successfully

2019-08-24 13:08:03 - [TEST_STEP][PASSED] - if (M4_total_bonus_spins_int != 0 &amp;&amp; M4_spin_reels_symbols[2].contains("WILD_Expanding")): null

2019-08-24 13:08:03 - [TEST_STEP][PASSED] - free_spin_reel_counter = free_spin_reel_counter: null

2019-08-24 13:08:03 - [TEST_STEP][PASSED] - M4_spin_reels_symbols = M4_spin_reels_symbols: null

2019-08-24 13:08:03 - [TEST_STEP][PASSED] - M4_total_bonus_spins = M4_total_bonus_spins: null

2019-08-24 13:08:03 - [TEST_STEP][PASSED] - spin_result = sendRequestAndVerify(findTestObject("INT/RGS(M4)/1_M4_spin", ["M4_login_user_id":M4_login_user_id, "rgs_session_token":rgs_session_token, "partner":Partner])): Send request and verify the response successfully

2019-08-24 13:08:03 - [MESSAGE][INFO] - HAR: /Users/eiralee/Katalon_Script/SuperWild/Reports/20190824_125957/INT/superWild_5/20190824_125957/requests/main/146.har

2019-08-24 13:08:04 - [TEST_CASE][PASSED] - Start Test Case : Verification: Verification accomplished successfully

2019-08-24 13:08:04 - [TEST_STEP][PASSED] - request = getInstance().getCurrentRequest(): null

2019-08-24 13:08:04 - [TEST_STEP][PASSED] - response = getInstance().getCurrentResponse(): null

2019-08-24 13:08:04 - [TEST_STEP][PASSED] - verifyResponseStatusCode(response, 200): Verify response status code successfully

2019-08-24 13:08:04 - [MESSAGE][PASSED] - Verify response status code successfully

2019-08-24 13:08:04 - [TEST_STEP][PASSED] - getStatusCode()).isEqualTo(200): null

2019-08-24 13:08:04 - [TEST_STEP][PASSED] - newline = System.getProperty("line.separator"): null

2019-08-24 13:08:04 - [TEST_STEP][PASSED] - M4_spin = new groovy.json.JsonSlurper(): null

2019-08-24 13:08:04 - [TEST_STEP][PASSED] - result_M4_spin = M4_spin.parseText(response.getResponseBodyContent()): null

2019-08-24 13:08:04 - [TEST_STEP][PASSED] - M4_spin_current_balance = current_balance: null

2019-08-24 13:08:04 - [TEST_STEP][PASSED] - M4_spin_current_balance = M4_spin_current_balance: null

2019-08-24 13:08:04 - [TEST_STEP][PASSED] - M4_spin_transaction_id = causality: null

2019-08-24 13:08:04 - [TEST_STEP][PASSED] - M4_spin_transaction_id = M4_spin_transaction_id: null

2019-08-24 13:08:04 - [TEST_STEP][PASSED] - M4_spin_round_id = round_id: null

2019-08-24 13:08:04 - [TEST_STEP][PASSED] - M4_spin_round_id = M4_spin_round_id: null

2019-08-24 13:08:04 - [TEST_STEP][PASSED] - M4_spin_line_wins = line_wins: null

2019-08-24 13:08:04 - [TEST_STEP][PASSED] - M4_spin_line_wins = M4_spin_line_wins: null

2019-08-24 13:08:04 - [TEST_STEP][PASSED] - M4_total_bonus_spins_int = total_bonus_spins: null

2019-08-24 13:08:04 - [TEST_STEP][PASSED] - println("******M4_total_bonus_spins type is:*******" + newline + getClass().getName()): null

2019-08-24 13:08:04 - [TEST_STEP][PASSED] - M4_total_bonus_spins_int = M4_total_bonus_spins_int: null

2019-08-24 13:08:04 - [TEST_STEP][PASSED] - M4_total_bonus_spins = Integer.toString(M4_total_bonus_spins_int): null

2019-08-24 13:08:04 - [TEST_STEP][PASSED] - M4_total_bonus_spins = M4_total_bonus_spins: null

2019-08-24 13:08:04 - [TEST_STEP][PASSED] - println("M4_total_bonus_spins is:" + M4_total_bonus_spins): null

2019-08-24 13:08:04 - [TEST_STEP][PASSED] - M4_spin_bonus_data = bonus_data: null

2019-08-24 13:08:04 - [TEST_STEP][PASSED] - M4_spin_features_triggered = result_M4_spin: null

2019-08-24 13:08:04 - [TEST_STEP][PASSED] - wild = []: null

2019-08-24 13:08:04 - [TEST_STEP][PASSED] - wild[0] = "WILD_Expanding": null

2019-08-24 13:08:04 - [TEST_STEP][PASSED] - wild[1] = "WILD_Normal": null

2019-08-24 13:08:04 - [TEST_STEP][PASSED] - wild[2] = "WILD_Double": null

2019-08-24 13:08:04 - [TEST_STEP][PASSED] - wild[3] = "WILD_ExtraFG": null

2019-08-24 13:08:04 - [TEST_STEP][PASSED] - wild[4] = "WILD_Triple": null

2019-08-24 13:08:04 - [TEST_STEP][PASSED] - wildList = Arrays.asList(wild): null

2019-08-24 13:08:04 - [TEST_STEP][PASSED] - wildList = wildList: null

2019-08-24 13:08:04 - [TEST_STEP][PASSED] - free_spin_reel_counter = []: null

2019-08-24 13:08:04 - [TEST_STEP][PASSED] - free_spin_reel_counter[0] = 0: null

2019-08-24 13:08:04 - [TEST_STEP][PASSED] - free_spin_reel_counter[1] = 0: null

2019-08-24 13:08:04 - [TEST_STEP][PASSED] - free_spin_reel_counter[2] = 0: null

2019-08-24 13:08:04 - [TEST_STEP][PASSED] - M4_spin_reels = reels: null

2019-08-24 13:08:04 - [TEST_STEP][PASSED] - for ([i = 0, i &lt; M4_spin_reels.size(), (i++)]): null

2019-08-24 13:08:04 - [TEST_STEP][PASSED] - symbols = symbols: null

2019-08-24 13:08:04 - [TEST_STEP][PASSED] - for ([j = 0, j &lt; symbols.size(), (j++)]): null

2019-08-24 13:08:04 - [TEST_STEP][PASSED] - symbol = symbol: null

2019-08-24 13:08:04 - [TEST_STEP][PASSED] - println(symbol): null

2019-08-24 13:08:04 - [TEST_STEP][PASSED] - if (i == 2 &amp;&amp; wildList.indexOf(symbol) != -1): null

2019-08-24 13:08:04 - [TEST_STEP][PASSED] - if (i == 3 &amp;&amp; wildList.indexOf(symbol) != -1): null

2019-08-24 13:08:04 - [TEST_STEP][PASSED] - if (i == 4 &amp;&amp; wildList.indexOf(symbol) != -1): null

2019-08-24 13:08:04 - [TEST_STEP][PASSED] - symbol = symbol: null

2019-08-24 13:08:04 - [TEST_STEP][PASSED] - println(symbol): null

2019-08-24 13:08:04 - [TEST_STEP][PASSED] - if (i == 2 &amp;&amp; wildList.indexOf(symbol) != -1): null

2019-08-24 13:08:04 - [TEST_STEP][PASSED] - if (i == 3 &amp;&amp; wildList.indexOf(symbol) != -1): null

2019-08-24 13:08:04 - [TEST_STEP][PASSED] - if (i == 4 &amp;&amp; wildList.indexOf(symbol) != -1): null

2019-08-24 13:08:04 - [TEST_STEP][PASSED] - symbol = symbol: null

2019-08-24 13:08:04 - [TEST_STEP][PASSED] - println(symbol): null

2019-08-24 13:08:04 - [TEST_STEP][PASSED] - if (i == 2 &amp;&amp; wildList.indexOf(symbol) != -1): null

2019-08-24 13:08:04 - [TEST_STEP][PASSED] - if (i == 3 &amp;&amp; wildList.indexOf(symbol) != -1): null

2019-08-24 13:08:04 - [TEST_STEP][PASSED] - if (i == 4 &amp;&amp; wildList.indexOf(symbol) != -1): null

2019-08-24 13:08:04 - [TEST_STEP][PASSED] - symbols = symbols: null

2019-08-24 13:08:04 - [TEST_STEP][PASSED] - for ([j = 0, j &lt; symbols.size(), (j++)]): null

2019-08-24 13:08:04 - [TEST_STEP][PASSED] - symbol = symbol: null

2019-08-24 13:08:04 - [TEST_STEP][PASSED] - println(symbol): null

2019-08-24 13:08:04 - [TEST_STEP][PASSED] - if (i == 2 &amp;&amp; wildList.indexOf(symbol) != -1): null

2019-08-24 13:08:04 - [TEST_STEP][PASSED] - if (i == 3 &amp;&amp; wildList.indexOf(symbol) != -1): null

2019-08-24 13:08:04 - [TEST_STEP][PASSED] - if (i == 4 &amp;&amp; wildList.indexOf(symbol) != -1): null

2019-08-24 13:08:04 - [TEST_STEP][PASSED] - symbol = symbol: null

2019-08-24 13:08:04 - [TEST_STEP][PASSED] - println(symbol): null

2019-08-24 13:08:04 - [TEST_STEP][PASSED] - if (i == 2 &amp;&amp; wildList.indexOf(symbol) != -1): null

2019-08-24 13:08:04 - [TEST_STEP][PASSED] - if (i == 3 &amp;&amp; wildList.indexOf(symbol) != -1): null

2019-08-24 13:08:04 - [TEST_STEP][PASSED] - if (i == 4 &amp;&amp; wildList.indexOf(symbol) != -1): null

2019-08-24 13:08:04 - [TEST_STEP][PASSED] - symbol = symbol: null

2019-08-24 13:08:04 - [TEST_STEP][PASSED] - println(symbol): null

2019-08-24 13:08:04 - [TEST_STEP][PASSED] - if (i == 2 &amp;&amp; wildList.indexOf(symbol) != -1): null

2019-08-24 13:08:04 - [TEST_STEP][PASSED] - if (i == 3 &amp;&amp; wildList.indexOf(symbol) != -1): null

2019-08-24 13:08:04 - [TEST_STEP][PASSED] - if (i == 4 &amp;&amp; wildList.indexOf(symbol) != -1): null

2019-08-24 13:08:04 - [TEST_STEP][PASSED] - symbols = symbols: null

2019-08-24 13:08:04 - [TEST_STEP][PASSED] - for ([j = 0, j &lt; symbols.size(), (j++)]): null

2019-08-24 13:08:04 - [TEST_STEP][PASSED] - symbol = symbol: null

2019-08-24 13:08:04 - [TEST_STEP][PASSED] - println(symbol): null

2019-08-24 13:08:04 - [TEST_STEP][PASSED] - if (i == 2 &amp;&amp; wildList.indexOf(symbol) != -1): null

2019-08-24 13:08:04 - [TEST_STEP][PASSED] - if (i == 3 &amp;&amp; wildList.indexOf(symbol) != -1): null

2019-08-24 13:08:04 - [TEST_STEP][PASSED] - if (i == 4 &amp;&amp; wildList.indexOf(symbol) != -1): null

2019-08-24 13:08:04 - [TEST_STEP][PASSED] - symbol = symbol: null

2019-08-24 13:08:04 - [TEST_STEP][PASSED] - println(symbol): null

2019-08-24 13:08:04 - [TEST_STEP][PASSED] - if (i == 2 &amp;&amp; wildList.indexOf(symbol) != -1): null

2019-08-24 13:08:04 - [TEST_STEP][PASSED] - if (i == 3 &amp;&amp; wildList.indexOf(symbol) != -1): null

2019-08-24 13:08:04 - [TEST_STEP][PASSED] - if (i == 4 &amp;&amp; wildList.indexOf(symbol) != -1): null

2019-08-24 13:08:04 - [TEST_STEP][PASSED] - symbol = symbol: null

2019-08-24 13:08:04 - [TEST_STEP][PASSED] - println(symbol): null

2019-08-24 13:08:04 - [TEST_STEP][PASSED] - if (i == 2 &amp;&amp; wildList.indexOf(symbol) != -1): null

2019-08-24 13:08:04 - [TEST_STEP][PASSED] - if (i == 3 &amp;&amp; wildList.indexOf(symbol) != -1): null

2019-08-24 13:08:04 - [TEST_STEP][PASSED] - if (i == 4 &amp;&amp; wildList.indexOf(symbol) != -1): null

2019-08-24 13:08:04 - [TEST_STEP][PASSED] - symbols = symbols: null

2019-08-24 13:08:04 - [TEST_STEP][PASSED] - for ([j = 0, j &lt; symbols.size(), (j++)]): null

2019-08-24 13:08:04 - [TEST_STEP][PASSED] - symbol = symbol: null

2019-08-24 13:08:04 - [TEST_STEP][PASSED] - println(symbol): null

2019-08-24 13:08:04 - [TEST_STEP][PASSED] - if (i == 2 &amp;&amp; wildList.indexOf(symbol) != -1): null

2019-08-24 13:08:04 - [TEST_STEP][PASSED] - if (i == 3 &amp;&amp; wildList.indexOf(symbol) != -1): null

2019-08-24 13:08:04 - [TEST_STEP][PASSED] - if (i == 4 &amp;&amp; wildList.indexOf(symbol) != -1): null

2019-08-24 13:08:04 - [TEST_STEP][PASSED] - symbol = symbol: null

2019-08-24 13:08:04 - [TEST_STEP][PASSED] - println(symbol): null

2019-08-24 13:08:04 - [TEST_STEP][PASSED] - if (i == 2 &amp;&amp; wildList.indexOf(symbol) != -1): null

2019-08-24 13:08:04 - [TEST_STEP][PASSED] - if (i == 3 &amp;&amp; wildList.indexOf(symbol) != -1): null

2019-08-24 13:08:04 - [TEST_STEP][PASSED] - if (i == 4 &amp;&amp; wildList.indexOf(symbol) != -1): null

2019-08-24 13:08:04 - [TEST_STEP][PASSED] - symbol = symbol: null

2019-08-24 13:08:04 - [TEST_STEP][PASSED] - println(symbol): null

2019-08-24 13:08:04 - [TEST_STEP][PASSED] - if (i == 2 &amp;&amp; wildList.indexOf(symbol) != -1): null

2019-08-24 13:08:04 - [TEST_STEP][PASSED] - if (i == 3 &amp;&amp; wildList.indexOf(symbol) != -1): null

2019-08-24 13:08:04 - [TEST_STEP][PASSED] - if (i == 4 &amp;&amp; wildList.indexOf(symbol) != -1): null

2019-08-24 13:08:04 - [TEST_STEP][PASSED] - symbols = symbols: null

2019-08-24 13:08:04 - [TEST_STEP][PASSED] - for ([j = 0, j &lt; symbols.size(), (j++)]): null

2019-08-24 13:08:04 - [TEST_STEP][PASSED] - symbol = symbol: null

2019-08-24 13:08:04 - [TEST_STEP][PASSED] - println(symbol): null

2019-08-24 13:08:04 - [TEST_STEP][PASSED] - if (i == 2 &amp;&amp; wildList.indexOf(symbol) != -1): null

2019-08-24 13:08:04 - [TEST_STEP][PASSED] - if (i == 3 &amp;&amp; wildList.indexOf(symbol) != -1): null

2019-08-24 13:08:04 - [TEST_STEP][PASSED] - if (i == 4 &amp;&amp; wildList.indexOf(symbol) != -1): null

2019-08-24 13:08:04 - [TEST_STEP][PASSED] - symbol = symbol: null

2019-08-24 13:08:04 - [TEST_STEP][PASSED] - println(symbol): null

2019-08-24 13:08:04 - [TEST_STEP][PASSED] - if (i == 2 &amp;&amp; wildList.indexOf(symbol) != -1): null

2019-08-24 13:08:04 - [TEST_STEP][PASSED] - if (i == 3 &amp;&amp; wildList.indexOf(symbol) != -1): null

2019-08-24 13:08:04 - [TEST_STEP][PASSED] - if (i == 4 &amp;&amp; wildList.indexOf(symbol) != -1): null

2019-08-24 13:08:04 - [TEST_STEP][PASSED] - symbol = symbol: null

2019-08-24 13:08:04 - [TEST_STEP][PASSED] - println(symbol): null

2019-08-24 13:08:04 - [TEST_STEP][PASSED] - if (i == 2 &amp;&amp; wildList.indexOf(symbol) != -1): null

2019-08-24 13:08:04 - [TEST_STEP][PASSED] - if (i == 3 &amp;&amp; wildList.indexOf(symbol) != -1): null

2019-08-24 13:08:04 - [TEST_STEP][PASSED] - if (i == 4 &amp;&amp; wildList.indexOf(symbol) != -1): null

2019-08-24 13:08:04 - [TEST_STEP][PASSED] - free_spin_reel_counter = free_spin_reel_counter: null

2019-08-24 13:08:04 - [TEST_STEP][PASSED] - println("reel 3 wild found: " + free_spin_reel_counter[0]): null

2019-08-24 13:08:04 - [TEST_STEP][PASSED] - println("reel 4 wild found: " + free_spin_reel_counter[1]): null

2019-08-24 13:08:04 - [TEST_STEP][PASSED] - println("reel 5 wild found: " + free_spin_reel_counter[2]): null

2019-08-24 13:08:04 - [TEST_STEP][PASSED] - M4_spin_reels = M4_spin_reels: null

2019-08-24 13:08:04 - [TEST_STEP][PASSED] - M4_spin_reels_symbols = symbol: null

2019-08-24 13:08:04 - [TEST_STEP][PASSED] - M4_spin_reels_symbols = M4_spin_reels_symbols: null

2019-08-24 13:08:04 - [TEST_STEP][PASSED] - M4_spin_reel_wins = reel_wins: null

2019-08-24 13:08:04 - [TEST_STEP][PASSED] - M4_spin_reel_wins = M4_spin_reel_wins: null

2019-08-24 13:08:04 - [TEST_STEP][PASSED] - println("GlobalVariable.M4_spin_reel_wins is: " + M4_spin_reel_wins): null

2019-08-24 13:08:04 - [TEST_STEP][PASSED] - M4_spin_total_bonus_win_this_round = total_bonus_win_this_round: null

2019-08-24 13:08:04 - [TEST_STEP][PASSED] - M4_spin_total_bonus_win_this_round = M4_spin_total_bonus_win_this_round: null

2019-08-24 13:08:04 - [TEST_STEP][PASSED] - println("GlobalVariable.M4_spin_total_bonus_win_this_round is: " + M4_spin_total_bonus_win_this_round): null

2019-08-24 13:08:04 - [TEST_STEP][PASSED] - M4_spin_bonus_spin_result = spin_result: null

2019-08-24 13:08:04 - [TEST_STEP][PASSED] - M4_spin_bonus_spin_result = M4_spin_bonus_spin_result: null

2019-08-24 13:08:04 - [MESSAGE][PASSED] - Verify response successfully

2019-08-24 13:08:04 - [MESSAGE][PASSED] - Send request and verify the response successfully

2019-08-24 13:08:04 - [TEST_STEP][PASSED] - if (M4_total_bonus_spins_int != 0 &amp;&amp; M4_spin_reels_symbols[2].contains("WILD_Expanding")): null

2019-08-24 13:08:04 - [TEST_STEP][PASSED] - free_spin_reel_counter = free_spin_reel_counter: null

2019-08-24 13:08:04 - [TEST_STEP][PASSED] - M4_spin_reels_symbols = M4_spin_reels_symbols: null

2019-08-24 13:08:04 - [TEST_STEP][PASSED] - M4_total_bonus_spins = M4_total_bonus_spins: null

2019-08-24 13:08:04 - [TEST_STEP][PASSED] - spin_result = sendRequestAndVerify(findTestObject("INT/RGS(M4)/1_M4_spin", ["M4_login_user_id":M4_login_user_id, "rgs_session_token":rgs_session_token, "partner":Partner])): Send request and verify the response successfully

2019-08-24 13:08:04 - [MESSAGE][INFO] - HAR: /Users/eiralee/Katalon_Script/SuperWild/Reports/20190824_125957/INT/superWild_5/20190824_125957/requests/main/147.har

2019-08-24 13:08:04 - [TEST_CASE][PASSED] - Start Test Case : Verification: Verification accomplished successfully

2019-08-24 13:08:04 - [TEST_STEP][PASSED] - request = getInstance().getCurrentRequest(): null

2019-08-24 13:08:04 - [TEST_STEP][PASSED] - response = getInstance().getCurrentResponse(): null

2019-08-24 13:08:04 - [TEST_STEP][PASSED] - verifyResponseStatusCode(response, 200): Verify response status code successfully

2019-08-24 13:08:04 - [MESSAGE][PASSED] - Verify response status code successfully

2019-08-24 13:08:04 - [TEST_STEP][PASSED] - getStatusCode()).isEqualTo(200): null

2019-08-24 13:08:04 - [TEST_STEP][PASSED] - newline = System.getProperty("line.separator"): null

2019-08-24 13:08:04 - [TEST_STEP][PASSED] - M4_spin = new groovy.json.JsonSlurper(): null

2019-08-24 13:08:04 - [TEST_STEP][PASSED] - result_M4_spin = M4_spin.parseText(response.getResponseBodyContent()): null

2019-08-24 13:08:04 - [TEST_STEP][PASSED] - M4_spin_current_balance = current_balance: null

2019-08-24 13:08:04 - [TEST_STEP][PASSED] - M4_spin_current_balance = M4_spin_current_balance: null

2019-08-24 13:08:04 - [TEST_STEP][PASSED] - M4_spin_transaction_id = causality: null

2019-08-24 13:08:04 - [TEST_STEP][PASSED] - M4_spin_transaction_id = M4_spin_transaction_id: null

2019-08-24 13:08:04 - [TEST_STEP][PASSED] - M4_spin_round_id = round_id: null

2019-08-24 13:08:04 - [TEST_STEP][PASSED] - M4_spin_round_id = M4_spin_round_id: null

2019-08-24 13:08:04 - [TEST_STEP][PASSED] - M4_spin_line_wins = line_wins: null

2019-08-24 13:08:04 - [TEST_STEP][PASSED] - M4_spin_line_wins = M4_spin_line_wins: null

2019-08-24 13:08:04 - [TEST_STEP][PASSED] - M4_total_bonus_spins_int = total_bonus_spins: null

2019-08-24 13:08:04 - [TEST_STEP][PASSED] - println("******M4_total_bonus_spins type is:*******" + newline + getClass().getName()): null

2019-08-24 13:08:04 - [TEST_STEP][PASSED] - M4_total_bonus_spins_int = M4_total_bonus_spins_int: null

2019-08-24 13:08:04 - [TEST_STEP][PASSED] - M4_total_bonus_spins = Integer.toString(M4_total_bonus_spins_int): null

2019-08-24 13:08:04 - [TEST_STEP][PASSED] - M4_total_bonus_spins = M4_total_bonus_spins: null

2019-08-24 13:08:04 - [TEST_STEP][PASSED] - println("M4_total_bonus_spins is:" + M4_total_bonus_spins): null

2019-08-24 13:08:04 - [TEST_STEP][PASSED] - M4_spin_bonus_data = bonus_data: null

2019-08-24 13:08:04 - [TEST_STEP][PASSED] - M4_spin_features_triggered = result_M4_spin: null

2019-08-24 13:08:04 - [TEST_STEP][PASSED] - wild = []: null

2019-08-24 13:08:04 - [TEST_STEP][PASSED] - wild[0] = "WILD_Expanding": null

2019-08-24 13:08:04 - [TEST_STEP][PASSED] - wild[1] = "WILD_Normal": null

2019-08-24 13:08:04 - [TEST_STEP][PASSED] - wild[2] = "WILD_Double": null

2019-08-24 13:08:04 - [TEST_STEP][PASSED] - wild[3] = "WILD_ExtraFG": null

2019-08-24 13:08:04 - [TEST_STEP][PASSED] - wild[4] = "WILD_Triple": null

2019-08-24 13:08:04 - [TEST_STEP][PASSED] - wildList = Arrays.asList(wild): null

2019-08-24 13:08:04 - [TEST_STEP][PASSED] - wildList = wildList: null

2019-08-24 13:08:04 - [TEST_STEP][PASSED] - free_spin_reel_counter = []: null

2019-08-24 13:08:04 - [TEST_STEP][PASSED] - free_spin_reel_counter[0] = 0: null

2019-08-24 13:08:04 - [TEST_STEP][PASSED] - free_spin_reel_counter[1] = 0: null

2019-08-24 13:08:04 - [TEST_STEP][PASSED] - free_spin_reel_counter[2] = 0: null

2019-08-24 13:08:04 - [TEST_STEP][PASSED] - M4_spin_reels = reels: null

2019-08-24 13:08:04 - [TEST_STEP][PASSED] - for ([i = 0, i &lt; M4_spin_reels.size(), (i++)]): null

2019-08-24 13:08:04 - [TEST_STEP][PASSED] - symbols = symbols: null

2019-08-24 13:08:04 - [TEST_STEP][PASSED] - for ([j = 0, j &lt; symbols.size(), (j++)]): null

2019-08-24 13:08:04 - [TEST_STEP][PASSED] - symbol = symbol: null

2019-08-24 13:08:04 - [TEST_STEP][PASSED] - println(symbol): null

2019-08-24 13:08:04 - [TEST_STEP][PASSED] - if (i == 2 &amp;&amp; wildList.indexOf(symbol) != -1): null

2019-08-24 13:08:04 - [TEST_STEP][PASSED] - if (i == 3 &amp;&amp; wildList.indexOf(symbol) != -1): null

2019-08-24 13:08:04 - [TEST_STEP][PASSED] - if (i == 4 &amp;&amp; wildList.indexOf(symbol) != -1): null

2019-08-24 13:08:04 - [TEST_STEP][PASSED] - symbol = symbol: null

2019-08-24 13:08:04 - [TEST_STEP][PASSED] - println(symbol): null

2019-08-24 13:08:04 - [TEST_STEP][PASSED] - if (i == 2 &amp;&amp; wildList.indexOf(symbol) != -1): null

2019-08-24 13:08:04 - [TEST_STEP][PASSED] - if (i == 3 &amp;&amp; wildList.indexOf(symbol) != -1): null

2019-08-24 13:08:08 - [TEST_STEP][PASSED] - if (i == 4 &amp;&amp; wildList.indexOf(symbol) != -1): null

2019-08-24 13:08:08 - [TEST_STEP][PASSED] - symbol = symbol: null

2019-08-24 13:08:08 - [TEST_STEP][PASSED] - println(symbol): null

2019-08-24 13:08:08 - [TEST_STEP][PASSED] - if (i == 2 &amp;&amp; wildList.indexOf(symbol) != -1): null

2019-08-24 13:08:08 - [TEST_STEP][PASSED] - if (i == 3 &amp;&amp; wildList.indexOf(symbol) != -1): null

2019-08-24 13:08:08 - [TEST_STEP][PASSED] - if (i == 4 &amp;&amp; wildList.indexOf(symbol) != -1): null

2019-08-24 13:08:08 - [TEST_STEP][PASSED] - symbols = symbols: null

2019-08-24 13:08:08 - [TEST_STEP][PASSED] - for ([j = 0, j &lt; symbols.size(), (j++)]): null

2019-08-24 13:08:08 - [TEST_STEP][PASSED] - symbol = symbol: null

2019-08-24 13:08:08 - [TEST_STEP][PASSED] - println(symbol): null

2019-08-24 13:08:11 - [TEST_STEP][PASSED] - if (i == 2 &amp;&amp; wildList.indexOf(symbol) != -1): null

2019-08-24 13:08:11 - [TEST_STEP][PASSED] - if (i == 3 &amp;&amp; wildList.indexOf(symbol) != -1): null

2019-08-24 13:08:11 - [TEST_STEP][PASSED] - if (i == 4 &amp;&amp; wildList.indexOf(symbol) != -1): null

2019-08-24 13:08:11 - [TEST_STEP][PASSED] - symbol = symbol: null

2019-08-24 13:08:11 - [TEST_STEP][PASSED] - println(symbol): null

2019-08-24 13:08:11 - [TEST_STEP][PASSED] - if (i == 2 &amp;&amp; wildList.indexOf(symbol) != -1): null

2019-08-24 13:08:11 - [TEST_STEP][PASSED] - if (i == 3 &amp;&amp; wildList.indexOf(symbol) != -1): null

2019-08-24 13:08:11 - [TEST_STEP][PASSED] - if (i == 4 &amp;&amp; wildList.indexOf(symbol) != -1): null

2019-08-24 13:08:11 - [TEST_STEP][PASSED] - symbol = symbol: null

2019-08-24 13:08:11 - [TEST_STEP][PASSED] - println(symbol): null

2019-08-24 13:08:11 - [TEST_STEP][PASSED] - if (i == 2 &amp;&amp; wildList.indexOf(symbol) != -1): null

2019-08-24 13:08:11 - [TEST_STEP][PASSED] - if (i == 3 &amp;&amp; wildList.indexOf(symbol) != -1): null

2019-08-24 13:08:11 - [TEST_STEP][PASSED] - if (i == 4 &amp;&amp; wildList.indexOf(symbol) != -1): null

2019-08-24 13:08:11 - [TEST_STEP][PASSED] - symbols = symbols: null

2019-08-24 13:08:11 - [TEST_STEP][PASSED] - for ([j = 0, j &lt; symbols.size(), (j++)]): null

2019-08-24 13:08:11 - [TEST_STEP][PASSED] - symbol = symbol: null

2019-08-24 13:08:11 - [TEST_STEP][PASSED] - println(symbol): null

2019-08-24 13:08:11 - [TEST_STEP][PASSED] - if (i == 2 &amp;&amp; wildList.indexOf(symbol) != -1): null

2019-08-24 13:08:11 - [TEST_STEP][PASSED] - if (i == 3 &amp;&amp; wildList.indexOf(symbol) != -1): null

2019-08-24 13:08:11 - [TEST_STEP][PASSED] - if (i == 4 &amp;&amp; wildList.indexOf(symbol) != -1): null

2019-08-24 13:08:11 - [TEST_STEP][PASSED] - symbol = symbol: null

2019-08-24 13:08:11 - [TEST_STEP][PASSED] - println(symbol): null

2019-08-24 13:08:11 - [TEST_STEP][PASSED] - if (i == 2 &amp;&amp; wildList.indexOf(symbol) != -1): null

2019-08-24 13:08:11 - [TEST_STEP][PASSED] - if (i == 3 &amp;&amp; wildList.indexOf(symbol) != -1): null

2019-08-24 13:08:11 - [TEST_STEP][PASSED] - if (i == 4 &amp;&amp; wildList.indexOf(symbol) != -1): null

2019-08-24 13:08:11 - [TEST_STEP][PASSED] - symbol = symbol: null

2019-08-24 13:08:11 - [TEST_STEP][PASSED] - println(symbol): null

2019-08-24 13:08:11 - [TEST_STEP][PASSED] - if (i == 2 &amp;&amp; wildList.indexOf(symbol) != -1): null

2019-08-24 13:08:11 - [TEST_STEP][PASSED] - if (i == 3 &amp;&amp; wildList.indexOf(symbol) != -1): null

2019-08-24 13:08:11 - [TEST_STEP][PASSED] - if (i == 4 &amp;&amp; wildList.indexOf(symbol) != -1): null

2019-08-24 13:08:11 - [TEST_STEP][PASSED] - symbols = symbols: null

2019-08-24 13:08:11 - [TEST_STEP][PASSED] - for ([j = 0, j &lt; symbols.size(), (j++)]): null

2019-08-24 13:08:11 - [TEST_STEP][PASSED] - symbol = symbol: null

2019-08-24 13:08:11 - [TEST_STEP][PASSED] - println(symbol): null

2019-08-24 13:08:11 - [TEST_STEP][PASSED] - if (i == 2 &amp;&amp; wildList.indexOf(symbol) != -1): null

2019-08-24 13:08:11 - [TEST_STEP][PASSED] - if (i == 3 &amp;&amp; wildList.indexOf(symbol) != -1): null

2019-08-24 13:08:11 - [TEST_STEP][PASSED] - if (i == 4 &amp;&amp; wildList.indexOf(symbol) != -1): null

2019-08-24 13:08:11 - [TEST_STEP][PASSED] - symbol = symbol: null

2019-08-24 13:08:11 - [TEST_STEP][PASSED] - println(symbol): null

2019-08-24 13:08:11 - [TEST_STEP][PASSED] - if (i == 2 &amp;&amp; wildList.indexOf(symbol) != -1): null

2019-08-24 13:08:11 - [TEST_STEP][PASSED] - if (i == 3 &amp;&amp; wildList.indexOf(symbol) != -1): null

2019-08-24 13:08:11 - [TEST_STEP][PASSED] - if (i == 4 &amp;&amp; wildList.indexOf(symbol) != -1): null

2019-08-24 13:08:11 - [TEST_STEP][PASSED] - symbol = symbol: null

2019-08-24 13:08:11 - [TEST_STEP][PASSED] - println(symbol): null

2019-08-24 13:08:11 - [TEST_STEP][PASSED] - if (i == 2 &amp;&amp; wildList.indexOf(symbol) != -1): null

2019-08-24 13:08:11 - [TEST_STEP][PASSED] - if (i == 3 &amp;&amp; wildList.indexOf(symbol) != -1): null

2019-08-24 13:08:11 - [TEST_STEP][PASSED] - if (i == 4 &amp;&amp; wildList.indexOf(symbol) != -1): null

2019-08-24 13:08:11 - [TEST_STEP][PASSED] - symbols = symbols: null

2019-08-24 13:08:11 - [TEST_STEP][PASSED] - for ([j = 0, j &lt; symbols.size(), (j++)]): null

2019-08-24 13:08:11 - [TEST_STEP][PASSED] - symbol = symbol: null

2019-08-24 13:08:11 - [TEST_STEP][PASSED] - println(symbol): null

2019-08-24 13:08:11 - [TEST_STEP][PASSED] - if (i == 2 &amp;&amp; wildList.indexOf(symbol) != -1): null

2019-08-24 13:08:11 - [TEST_STEP][PASSED] - if (i == 3 &amp;&amp; wildList.indexOf(symbol) != -1): null

2019-08-24 13:08:11 - [TEST_STEP][PASSED] - if (i == 4 &amp;&amp; wildList.indexOf(symbol) != -1): null

2019-08-24 13:08:11 - [TEST_STEP][PASSED] - symbol = symbol: null

2019-08-24 13:08:11 - [TEST_STEP][PASSED] - println(symbol): null

2019-08-24 13:08:11 - [TEST_STEP][PASSED] - if (i == 2 &amp;&amp; wildList.indexOf(symbol) != -1): null

2019-08-24 13:08:11 - [TEST_STEP][PASSED] - if (i == 3 &amp;&amp; wildList.indexOf(symbol) != -1): null

2019-08-24 13:08:11 - [TEST_STEP][PASSED] - if (i == 4 &amp;&amp; wildList.indexOf(symbol) != -1): null

2019-08-24 13:08:11 - [TEST_STEP][PASSED] - symbol = symbol: null

2019-08-24 13:08:11 - [TEST_STEP][PASSED] - println(symbol): null

2019-08-24 13:08:11 - [TEST_STEP][PASSED] - if (i == 2 &amp;&amp; wildList.indexOf(symbol) != -1): null

2019-08-24 13:08:11 - [TEST_STEP][PASSED] - if (i == 3 &amp;&amp; wildList.indexOf(symbol) != -1): null

2019-08-24 13:08:11 - [TEST_STEP][PASSED] - if (i == 4 &amp;&amp; wildList.indexOf(symbol) != -1): null

2019-08-24 13:08:11 - [TEST_STEP][PASSED] - free_spin_reel_counter = free_spin_reel_counter: null

2019-08-24 13:08:11 - [TEST_STEP][PASSED] - println("reel 3 wild found: " + free_spin_reel_counter[0]): null

2019-08-24 13:08:11 - [TEST_STEP][PASSED] - println("reel 4 wild found: " + free_spin_reel_counter[1]): null

2019-08-24 13:08:11 - [TEST_STEP][PASSED] - println("reel 5 wild found: " + free_spin_reel_counter[2]): null

2019-08-24 13:08:11 - [TEST_STEP][PASSED] - M4_spin_reels = M4_spin_reels: null

2019-08-24 13:08:11 - [TEST_STEP][PASSED] - M4_spin_reels_symbols = symbol: null

2019-08-24 13:08:11 - [TEST_STEP][PASSED] - M4_spin_reels_symbols = M4_spin_reels_symbols: null

2019-08-24 13:08:11 - [TEST_STEP][PASSED] - M4_spin_reel_wins = reel_wins: null

2019-08-24 13:08:11 - [TEST_STEP][PASSED] - M4_spin_reel_wins = M4_spin_reel_wins: null

2019-08-24 13:08:11 - [TEST_STEP][PASSED] - println("GlobalVariable.M4_spin_reel_wins is: " + M4_spin_reel_wins): null

2019-08-24 13:08:11 - [TEST_STEP][PASSED] - M4_spin_total_bonus_win_this_round = total_bonus_win_this_round: null

2019-08-24 13:08:11 - [TEST_STEP][PASSED] - M4_spin_total_bonus_win_this_round = M4_spin_total_bonus_win_this_round: null

2019-08-24 13:08:11 - [TEST_STEP][PASSED] - println("GlobalVariable.M4_spin_total_bonus_win_this_round is: " + M4_spin_total_bonus_win_this_round): null

2019-08-24 13:08:11 - [TEST_STEP][PASSED] - M4_spin_bonus_spin_result = spin_result: null

2019-08-24 13:08:11 - [TEST_STEP][PASSED] - M4_spin_bonus_spin_result = M4_spin_bonus_spin_result: null

2019-08-24 13:08:11 - [MESSAGE][PASSED] - Verify response successfully

2019-08-24 13:08:11 - [MESSAGE][PASSED] - Send request and verify the response successfully

2019-08-24 13:08:11 - [TEST_STEP][PASSED] - if (M4_total_bonus_spins_int != 0 &amp;&amp; M4_spin_reels_symbols[2].contains("WILD_Expanding")): null

2019-08-24 13:08:11 - [TEST_STEP][PASSED] - free_spin_reel_counter = free_spin_reel_counter: null

2019-08-24 13:08:11 - [TEST_STEP][PASSED] - M4_spin_reels_symbols = M4_spin_reels_symbols: null

2019-08-24 13:08:11 - [TEST_STEP][PASSED] - M4_total_bonus_spins = M4_total_bonus_spins: null

2019-08-24 13:08:11 - [TEST_STEP][PASSED] - spin_result = sendRequestAndVerify(findTestObject("INT/RGS(M4)/1_M4_spin", ["M4_login_user_id":M4_login_user_id, "rgs_session_token":rgs_session_token, "partner":Partner])): Send request and verify the response successfully

2019-08-24 13:08:11 - [MESSAGE][INFO] - HAR: /Users/eiralee/Katalon_Script/SuperWild/Reports/20190824_125957/INT/superWild_5/20190824_125957/requests/main/148.har

2019-08-24 13:08:11 - [TEST_CASE][PASSED] - Start Test Case : Verification: Verification accomplished successfully

2019-08-24 13:08:11 - [TEST_STEP][PASSED] - request = getInstance().getCurrentRequest(): null

2019-08-24 13:08:12 - [TEST_STEP][PASSED] - response = getInstance().getCurrentResponse(): null

2019-08-24 13:08:12 - [TEST_STEP][PASSED] - verifyResponseStatusCode(response, 200): Verify response status code successfully

2019-08-24 13:08:12 - [MESSAGE][PASSED] - Verify response status code successfully

2019-08-24 13:08:12 - [TEST_STEP][PASSED] - getStatusCode()).isEqualTo(200): null

2019-08-24 13:08:12 - [TEST_STEP][PASSED] - newline = System.getProperty("line.separator"): null

2019-08-24 13:08:12 - [TEST_STEP][PASSED] - M4_spin = new groovy.json.JsonSlurper(): null

2019-08-24 13:08:12 - [TEST_STEP][PASSED] - result_M4_spin = M4_spin.parseText(response.getResponseBodyContent()): null

2019-08-24 13:08:12 - [TEST_STEP][PASSED] - M4_spin_current_balance = current_balance: null

2019-08-24 13:08:12 - [TEST_STEP][PASSED] - M4_spin_current_balance = M4_spin_current_balance: null

2019-08-24 13:08:12 - [TEST_STEP][PASSED] - M4_spin_transaction_id = causality: null

2019-08-24 13:08:12 - [TEST_STEP][PASSED] - M4_spin_transaction_id = M4_spin_transaction_id: null

2019-08-24 13:08:12 - [TEST_STEP][PASSED] - M4_spin_round_id = round_id: null

2019-08-24 13:08:12 - [TEST_STEP][PASSED] - M4_spin_round_id = M4_spin_round_id: null

2019-08-24 13:08:12 - [TEST_STEP][PASSED] - M4_spin_line_wins = line_wins: null

2019-08-24 13:08:12 - [TEST_STEP][PASSED] - M4_spin_line_wins = M4_spin_line_wins: null

2019-08-24 13:08:12 - [TEST_STEP][PASSED] - M4_total_bonus_spins_int = total_bonus_spins: null

2019-08-24 13:08:12 - [TEST_STEP][PASSED] - println("******M4_total_bonus_spins type is:*******" + newline + getClass().getName()): null

2019-08-24 13:08:12 - [TEST_STEP][PASSED] - M4_total_bonus_spins_int = M4_total_bonus_spins_int: null

2019-08-24 13:08:12 - [TEST_STEP][PASSED] - M4_total_bonus_spins = Integer.toString(M4_total_bonus_spins_int): null

2019-08-24 13:08:12 - [TEST_STEP][PASSED] - M4_total_bonus_spins = M4_total_bonus_spins: null

2019-08-24 13:08:12 - [TEST_STEP][PASSED] - println("M4_total_bonus_spins is:" + M4_total_bonus_spins): null

2019-08-24 13:08:12 - [TEST_STEP][PASSED] - M4_spin_bonus_data = bonus_data: null

2019-08-24 13:08:12 - [TEST_STEP][PASSED] - M4_spin_features_triggered = result_M4_spin: null

2019-08-24 13:08:12 - [TEST_STEP][PASSED] - wild = []: null

2019-08-24 13:08:12 - [TEST_STEP][PASSED] - wild[0] = "WILD_Expanding": null

2019-08-24 13:08:12 - [TEST_STEP][PASSED] - wild[1] = "WILD_Normal": null

2019-08-24 13:08:12 - [TEST_STEP][PASSED] - wild[2] = "WILD_Double": null

2019-08-24 13:08:12 - [TEST_STEP][PASSED] - wild[3] = "WILD_ExtraFG": null

2019-08-24 13:08:12 - [TEST_STEP][PASSED] - wild[4] = "WILD_Triple": null

2019-08-24 13:08:12 - [TEST_STEP][PASSED] - wildList = Arrays.asList(wild): null

2019-08-24 13:08:12 - [TEST_STEP][PASSED] - wildList = wildList: null

2019-08-24 13:08:12 - [TEST_STEP][PASSED] - free_spin_reel_counter = []: null

2019-08-24 13:08:12 - [TEST_STEP][PASSED] - free_spin_reel_counter[0] = 0: null

2019-08-24 13:08:12 - [TEST_STEP][PASSED] - free_spin_reel_counter[1] = 0: null

2019-08-24 13:08:12 - [TEST_STEP][PASSED] - free_spin_reel_counter[2] = 0: null

2019-08-24 13:08:12 - [TEST_STEP][PASSED] - M4_spin_reels = reels: null

2019-08-24 13:08:12 - [TEST_STEP][PASSED] - for ([i = 0, i &lt; M4_spin_reels.size(), (i++)]): null

2019-08-24 13:08:12 - [TEST_STEP][PASSED] - symbols = symbols: null

2019-08-24 13:08:12 - [TEST_STEP][PASSED] - for ([j = 0, j &lt; symbols.size(), (j++)]): null

2019-08-24 13:08:12 - [TEST_STEP][PASSED] - symbol = symbol: null

2019-08-24 13:08:12 - [TEST_STEP][PASSED] - println(symbol): null

2019-08-24 13:08:12 - [TEST_STEP][PASSED] - if (i == 2 &amp;&amp; wildList.indexOf(symbol) != -1): null

2019-08-24 13:08:12 - [TEST_STEP][PASSED] - if (i == 3 &amp;&amp; wildList.indexOf(symbol) != -1): null

2019-08-24 13:08:12 - [TEST_STEP][PASSED] - if (i == 4 &amp;&amp; wildList.indexOf(symbol) != -1): null

2019-08-24 13:08:12 - [TEST_STEP][PASSED] - symbol = symbol: null

2019-08-24 13:08:12 - [TEST_STEP][PASSED] - println(symbol): null

2019-08-24 13:08:12 - [TEST_STEP][PASSED] - if (i == 2 &amp;&amp; wildList.indexOf(symbol) != -1): null

2019-08-24 13:08:12 - [TEST_STEP][PASSED] - if (i == 3 &amp;&amp; wildList.indexOf(symbol) != -1): null

2019-08-24 13:08:12 - [TEST_STEP][PASSED] - if (i == 4 &amp;&amp; wildList.indexOf(symbol) != -1): null

2019-08-24 13:08:12 - [TEST_STEP][PASSED] - symbol = symbol: null

2019-08-24 13:08:12 - [TEST_STEP][PASSED] - println(symbol): null

2019-08-24 13:08:12 - [TEST_STEP][PASSED] - if (i == 2 &amp;&amp; wildList.indexOf(symbol) != -1): null

2019-08-24 13:08:12 - [TEST_STEP][PASSED] - if (i == 3 &amp;&amp; wildList.indexOf(symbol) != -1): null

2019-08-24 13:08:12 - [TEST_STEP][PASSED] - if (i == 4 &amp;&amp; wildList.indexOf(symbol) != -1): null

2019-08-24 13:08:12 - [TEST_STEP][PASSED] - symbols = symbols: null

2019-08-24 13:08:12 - [TEST_STEP][PASSED] - for ([j = 0, j &lt; symbols.size(), (j++)]): null

2019-08-24 13:08:12 - [TEST_STEP][PASSED] - symbol = symbol: null

2019-08-24 13:08:12 - [TEST_STEP][PASSED] - println(symbol): null

2019-08-24 13:08:12 - [TEST_STEP][PASSED] - if (i == 2 &amp;&amp; wildList.indexOf(symbol) != -1): null

2019-08-24 13:08:12 - [TEST_STEP][PASSED] - if (i == 3 &amp;&amp; wildList.indexOf(symbol) != -1): null

2019-08-24 13:08:12 - [TEST_STEP][PASSED] - if (i == 4 &amp;&amp; wildList.indexOf(symbol) != -1): null

2019-08-24 13:08:12 - [TEST_STEP][PASSED] - symbol = symbol: null

2019-08-24 13:08:12 - [TEST_STEP][PASSED] - println(symbol): null

2019-08-24 13:08:12 - [TEST_STEP][PASSED] - if (i == 2 &amp;&amp; wildList.indexOf(symbol) != -1): null

2019-08-24 13:08:12 - [TEST_STEP][PASSED] - if (i == 3 &amp;&amp; wildList.indexOf(symbol) != -1): null

2019-08-24 13:08:12 - [TEST_STEP][PASSED] - if (i == 4 &amp;&amp; wildList.indexOf(symbol) != -1): null

2019-08-24 13:08:12 - [TEST_STEP][PASSED] - symbol = symbol: null

2019-08-24 13:08:12 - [TEST_STEP][PASSED] - println(symbol): null

2019-08-24 13:08:12 - [TEST_STEP][PASSED] - if (i == 2 &amp;&amp; wildList.indexOf(symbol) != -1): null

2019-08-24 13:08:12 - [TEST_STEP][PASSED] - if (i == 3 &amp;&amp; wildList.indexOf(symbol) != -1): null

2019-08-24 13:08:12 - [TEST_STEP][PASSED] - if (i == 4 &amp;&amp; wildList.indexOf(symbol) != -1): null

2019-08-24 13:08:12 - [TEST_STEP][PASSED] - symbols = symbols: null

2019-08-24 13:08:12 - [TEST_STEP][PASSED] - for ([j = 0, j &lt; symbols.size(), (j++)]): null

2019-08-24 13:08:12 - [TEST_STEP][PASSED] - symbol = symbol: null

2019-08-24 13:08:12 - [TEST_STEP][PASSED] - println(symbol): null

2019-08-24 13:08:12 - [TEST_STEP][PASSED] - if (i == 2 &amp;&amp; wildList.indexOf(symbol) != -1): null

2019-08-24 13:08:12 - [TEST_STEP][PASSED] - if (i == 3 &amp;&amp; wildList.indexOf(symbol) != -1): null

2019-08-24 13:08:12 - [TEST_STEP][PASSED] - if (i == 4 &amp;&amp; wildList.indexOf(symbol) != -1): null

2019-08-24 13:08:12 - [TEST_STEP][PASSED] - symbol = symbol: null

2019-08-24 13:08:12 - [TEST_STEP][PASSED] - println(symbol): null

2019-08-24 13:08:12 - [TEST_STEP][PASSED] - if (i == 2 &amp;&amp; wildList.indexOf(symbol) != -1): null

2019-08-24 13:08:12 - [TEST_STEP][PASSED] - if (i == 3 &amp;&amp; wildList.indexOf(symbol) != -1): null

2019-08-24 13:08:12 - [TEST_STEP][PASSED] - if (i == 4 &amp;&amp; wildList.indexOf(symbol) != -1): null

2019-08-24 13:08:12 - [TEST_STEP][PASSED] - symbol = symbol: null

2019-08-24 13:08:12 - [TEST_STEP][PASSED] - println(symbol): null

2019-08-24 13:08:12 - [TEST_STEP][PASSED] - if (i == 2 &amp;&amp; wildList.indexOf(symbol) != -1): null

2019-08-24 13:08:12 - [TEST_STEP][PASSED] - if (i == 3 &amp;&amp; wildList.indexOf(symbol) != -1): null

2019-08-24 13:08:12 - [TEST_STEP][PASSED] - if (i == 4 &amp;&amp; wildList.indexOf(symbol) != -1): null

2019-08-24 13:08:12 - [TEST_STEP][PASSED] - symbols = symbols: null

2019-08-24 13:08:12 - [TEST_STEP][PASSED] - for ([j = 0, j &lt; symbols.size(), (j++)]): null

2019-08-24 13:08:12 - [TEST_STEP][PASSED] - symbol = symbol: null

2019-08-24 13:08:12 - [TEST_STEP][PASSED] - println(symbol): null

2019-08-24 13:08:12 - [TEST_STEP][PASSED] - if (i == 2 &amp;&amp; wildList.indexOf(symbol) != -1): null

2019-08-24 13:08:12 - [TEST_STEP][PASSED] - if (i == 3 &amp;&amp; wildList.indexOf(symbol) != -1): null

2019-08-24 13:08:12 - [TEST_STEP][PASSED] - if (i == 4 &amp;&amp; wildList.indexOf(symbol) != -1): null

2019-08-24 13:08:12 - [TEST_STEP][PASSED] - symbol = symbol: null

2019-08-24 13:08:12 - [TEST_STEP][PASSED] - println(symbol): null

2019-08-24 13:08:12 - [TEST_STEP][PASSED] - if (i == 2 &amp;&amp; wildList.indexOf(symbol) != -1): null

2019-08-24 13:08:12 - [TEST_STEP][PASSED] - if (i == 3 &amp;&amp; wildList.indexOf(symbol) != -1): null

2019-08-24 13:08:12 - [TEST_STEP][PASSED] - if (i == 4 &amp;&amp; wildList.indexOf(symbol) != -1): null

2019-08-24 13:08:12 - [TEST_STEP][PASSED] - symbol = symbol: null

2019-08-24 13:08:12 - [TEST_STEP][PASSED] - println(symbol): null

2019-08-24 13:08:12 - [TEST_STEP][PASSED] - if (i == 2 &amp;&amp; wildList.indexOf(symbol) != -1): null

2019-08-24 13:08:12 - [TEST_STEP][PASSED] - if (i == 3 &amp;&amp; wildList.indexOf(symbol) != -1): null

2019-08-24 13:08:12 - [TEST_STEP][PASSED] - if (i == 4 &amp;&amp; wildList.indexOf(symbol) != -1): null

2019-08-24 13:08:12 - [TEST_STEP][PASSED] - symbols = symbols: null

2019-08-24 13:08:12 - [TEST_STEP][PASSED] - for ([j = 0, j &lt; symbols.size(), (j++)]): null

2019-08-24 13:08:12 - [TEST_STEP][PASSED] - symbol = symbol: null

2019-08-24 13:08:12 - [TEST_STEP][PASSED] - println(symbol): null

2019-08-24 13:08:12 - [TEST_STEP][PASSED] - if (i == 2 &amp;&amp; wildList.indexOf(symbol) != -1): null

2019-08-24 13:08:12 - [TEST_STEP][PASSED] - if (i == 3 &amp;&amp; wildList.indexOf(symbol) != -1): null

2019-08-24 13:08:12 - [TEST_STEP][PASSED] - if (i == 4 &amp;&amp; wildList.indexOf(symbol) != -1): null

2019-08-24 13:08:12 - [TEST_STEP][PASSED] - symbol = symbol: null

2019-08-24 13:08:12 - [TEST_STEP][PASSED] - println(symbol): null

2019-08-24 13:08:12 - [TEST_STEP][PASSED] - if (i == 2 &amp;&amp; wildList.indexOf(symbol) != -1): null

2019-08-24 13:08:12 - [TEST_STEP][PASSED] - if (i == 3 &amp;&amp; wildList.indexOf(symbol) != -1): null

2019-08-24 13:08:12 - [TEST_STEP][PASSED] - if (i == 4 &amp;&amp; wildList.indexOf(symbol) != -1): null

2019-08-24 13:08:12 - [TEST_STEP][PASSED] - symbol = symbol: null

2019-08-24 13:08:12 - [TEST_STEP][PASSED] - println(symbol): null

2019-08-24 13:08:12 - [TEST_STEP][PASSED] - if (i == 2 &amp;&amp; wildList.indexOf(symbol) != -1): null

2019-08-24 13:08:12 - [TEST_STEP][PASSED] - if (i == 3 &amp;&amp; wildList.indexOf(symbol) != -1): null

2019-08-24 13:08:12 - [TEST_STEP][PASSED] - if (i == 4 &amp;&amp; wildList.indexOf(symbol) != -1): null

2019-08-24 13:08:12 - [TEST_STEP][PASSED] - free_spin_reel_counter = free_spin_reel_counter: null

2019-08-24 13:08:12 - [TEST_STEP][PASSED] - println("reel 3 wild found: " + free_spin_reel_counter[0]): null

2019-08-24 13:08:12 - [TEST_STEP][PASSED] - println("reel 4 wild found: " + free_spin_reel_counter[1]): null

2019-08-24 13:08:12 - [TEST_STEP][PASSED] - println("reel 5 wild found: " + free_spin_reel_counter[2]): null

2019-08-24 13:08:12 - [TEST_STEP][PASSED] - M4_spin_reels = M4_spin_reels: null

2019-08-24 13:08:12 - [TEST_STEP][PASSED] - M4_spin_reels_symbols = symbol: null

2019-08-24 13:08:12 - [TEST_STEP][PASSED] - M4_spin_reels_symbols = M4_spin_reels_symbols: null

2019-08-24 13:08:12 - [TEST_STEP][PASSED] - M4_spin_reel_wins = reel_wins: null

2019-08-24 13:08:12 - [TEST_STEP][PASSED] - M4_spin_reel_wins = M4_spin_reel_wins: null

2019-08-24 13:08:12 - [TEST_STEP][PASSED] - println("GlobalVariable.M4_spin_reel_wins is: " + M4_spin_reel_wins): null

2019-08-24 13:08:12 - [TEST_STEP][PASSED] - M4_spin_total_bonus_win_this_round = total_bonus_win_this_round: null

2019-08-24 13:08:12 - [TEST_STEP][PASSED] - M4_spin_total_bonus_win_this_round = M4_spin_total_bonus_win_this_round: null

2019-08-24 13:08:12 - [TEST_STEP][PASSED] - println("GlobalVariable.M4_spin_total_bonus_win_this_round is: " + M4_spin_total_bonus_win_this_round): null

2019-08-24 13:08:12 - [TEST_STEP][PASSED] - M4_spin_bonus_spin_result = spin_result: null

2019-08-24 13:08:12 - [TEST_STEP][PASSED] - M4_spin_bonus_spin_result = M4_spin_bonus_spin_result: null

2019-08-24 13:08:12 - [MESSAGE][PASSED] - Verify response successfully

2019-08-24 13:08:12 - [MESSAGE][PASSED] - Send request and verify the response successfully

2019-08-24 13:08:12 - [TEST_STEP][PASSED] - if (M4_total_bonus_spins_int != 0 &amp;&amp; M4_spin_reels_symbols[2].contains("WILD_Expanding")): null

2019-08-24 13:08:12 - [TEST_STEP][PASSED] - free_spin_reel_counter = free_spin_reel_counter: null

2019-08-24 13:08:12 - [TEST_STEP][PASSED] - M4_spin_reels_symbols = M4_spin_reels_symbols: null

2019-08-24 13:08:12 - [TEST_STEP][PASSED] - M4_total_bonus_spins = M4_total_bonus_spins: null

2019-08-24 13:08:12 - [TEST_STEP][PASSED] - spin_result = sendRequestAndVerify(findTestObject("INT/RGS(M4)/1_M4_spin", ["M4_login_user_id":M4_login_user_id, "rgs_session_token":rgs_session_token, "partner":Partner])): Send request and verify the response successfully

2019-08-24 13:08:12 - [MESSAGE][INFO] - HAR: /Users/eiralee/Katalon_Script/SuperWild/Reports/20190824_125957/INT/superWild_5/20190824_125957/requests/main/149.har

2019-08-24 13:08:12 - [TEST_CASE][PASSED] - Start Test Case : Verification: Verification accomplished successfully

2019-08-24 13:08:12 - [TEST_STEP][PASSED] - request = getInstance().getCurrentRequest(): null

2019-08-24 13:08:12 - [TEST_STEP][PASSED] - response = getInstance().getCurrentResponse(): null

2019-08-24 13:08:12 - [TEST_STEP][PASSED] - verifyResponseStatusCode(response, 200): Verify response status code successfully

2019-08-24 13:08:12 - [MESSAGE][PASSED] - Verify response status code successfully

2019-08-24 13:08:12 - [TEST_STEP][PASSED] - getStatusCode()).isEqualTo(200): null

2019-08-24 13:08:12 - [TEST_STEP][PASSED] - newline = System.getProperty("line.separator"): null

2019-08-24 13:08:12 - [TEST_STEP][PASSED] - M4_spin = new groovy.json.JsonSlurper(): null

2019-08-24 13:08:12 - [TEST_STEP][PASSED] - result_M4_spin = M4_spin.parseText(response.getResponseBodyContent()): null

2019-08-24 13:08:12 - [TEST_STEP][PASSED] - M4_spin_current_balance = current_balance: null

2019-08-24 13:08:12 - [TEST_STEP][PASSED] - M4_spin_current_balance = M4_spin_current_balance: null

2019-08-24 13:08:12 - [TEST_STEP][PASSED] - M4_spin_transaction_id = causality: null

2019-08-24 13:08:12 - [TEST_STEP][PASSED] - M4_spin_transaction_id = M4_spin_transaction_id: null

2019-08-24 13:08:12 - [TEST_STEP][PASSED] - M4_spin_round_id = round_id: null

2019-08-24 13:08:12 - [TEST_STEP][PASSED] - M4_spin_round_id = M4_spin_round_id: null

2019-08-24 13:08:12 - [TEST_STEP][PASSED] - M4_spin_line_wins = line_wins: null

2019-08-24 13:08:12 - [TEST_STEP][PASSED] - M4_spin_line_wins = M4_spin_line_wins: null

2019-08-24 13:08:12 - [TEST_STEP][PASSED] - M4_total_bonus_spins_int = total_bonus_spins: null

2019-08-24 13:08:12 - [TEST_STEP][PASSED] - println("******M4_total_bonus_spins type is:*******" + newline + getClass().getName()): null

2019-08-24 13:08:12 - [TEST_STEP][PASSED] - M4_total_bonus_spins_int = M4_total_bonus_spins_int: null

2019-08-24 13:08:12 - [TEST_STEP][PASSED] - M4_total_bonus_spins = Integer.toString(M4_total_bonus_spins_int): null

2019-08-24 13:08:12 - [TEST_STEP][PASSED] - M4_total_bonus_spins = M4_total_bonus_spins: null

2019-08-24 13:08:12 - [TEST_STEP][PASSED] - println("M4_total_bonus_spins is:" + M4_total_bonus_spins): null

2019-08-24 13:08:12 - [TEST_STEP][PASSED] - M4_spin_bonus_data = bonus_data: null

2019-08-24 13:08:12 - [TEST_STEP][PASSED] - M4_spin_features_triggered = result_M4_spin: null

2019-08-24 13:08:12 - [TEST_STEP][PASSED] - wild = []: null

2019-08-24 13:08:12 - [TEST_STEP][PASSED] - wild[0] = "WILD_Expanding": null

2019-08-24 13:08:12 - [TEST_STEP][PASSED] - wild[1] = "WILD_Normal": null

2019-08-24 13:08:12 - [TEST_STEP][PASSED] - wild[2] = "WILD_Double": null

2019-08-24 13:08:12 - [TEST_STEP][PASSED] - wild[3] = "WILD_ExtraFG": null

2019-08-24 13:08:12 - [TEST_STEP][PASSED] - wild[4] = "WILD_Triple": null

2019-08-24 13:08:12 - [TEST_STEP][PASSED] - wildList = Arrays.asList(wild): null

2019-08-24 13:08:12 - [TEST_STEP][PASSED] - wildList = wildList: null

2019-08-24 13:08:12 - [TEST_STEP][PASSED] - free_spin_reel_counter = []: null

2019-08-24 13:08:12 - [TEST_STEP][PASSED] - free_spin_reel_counter[0] = 0: null

2019-08-24 13:08:12 - [TEST_STEP][PASSED] - free_spin_reel_counter[1] = 0: null

2019-08-24 13:08:12 - [TEST_STEP][PASSED] - free_spin_reel_counter[2] = 0: null

2019-08-24 13:08:12 - [TEST_STEP][PASSED] - M4_spin_reels = reels: null

2019-08-24 13:08:12 - [TEST_STEP][PASSED] - for ([i = 0, i &lt; M4_spin_reels.size(), (i++)]): null

2019-08-24 13:08:12 - [TEST_STEP][PASSED] - symbols = symbols: null

2019-08-24 13:08:12 - [TEST_STEP][PASSED] - for ([j = 0, j &lt; symbols.size(), (j++)]): null

2019-08-24 13:08:12 - [TEST_STEP][PASSED] - symbol = symbol: null

2019-08-24 13:08:12 - [TEST_STEP][PASSED] - println(symbol): null

2019-08-24 13:08:12 - [TEST_STEP][PASSED] - if (i == 2 &amp;&amp; wildList.indexOf(symbol) != -1): null

2019-08-24 13:08:12 - [TEST_STEP][PASSED] - if (i == 3 &amp;&amp; wildList.indexOf(symbol) != -1): null

2019-08-24 13:08:12 - [TEST_STEP][PASSED] - if (i == 4 &amp;&amp; wildList.indexOf(symbol) != -1): null

2019-08-24 13:08:12 - [TEST_STEP][PASSED] - symbol = symbol: null

2019-08-24 13:08:12 - [TEST_STEP][PASSED] - println(symbol): null

2019-08-24 13:08:12 - [TEST_STEP][PASSED] - if (i == 2 &amp;&amp; wildList.indexOf(symbol) != -1): null

2019-08-24 13:08:12 - [TEST_STEP][PASSED] - if (i == 3 &amp;&amp; wildList.indexOf(symbol) != -1): null

2019-08-24 13:08:12 - [TEST_STEP][PASSED] - if (i == 4 &amp;&amp; wildList.indexOf(symbol) != -1): null

2019-08-24 13:08:12 - [TEST_STEP][PASSED] - symbol = symbol: null

2019-08-24 13:08:12 - [TEST_STEP][PASSED] - println(symbol): null

2019-08-24 13:08:12 - [TEST_STEP][PASSED] - if (i == 2 &amp;&amp; wildList.indexOf(symbol) != -1): null

2019-08-24 13:08:12 - [TEST_STEP][PASSED] - if (i == 3 &amp;&amp; wildList.indexOf(symbol) != -1): null

2019-08-24 13:08:12 - [TEST_STEP][PASSED] - if (i == 4 &amp;&amp; wildList.indexOf(symbol) != -1): null

2019-08-24 13:08:12 - [TEST_STEP][PASSED] - symbols = symbols: null

2019-08-24 13:08:12 - [TEST_STEP][PASSED] - for ([j = 0, j &lt; symbols.size(), (j++)]): null

2019-08-24 13:08:12 - [TEST_STEP][PASSED] - symbol = symbol: null

2019-08-24 13:08:12 - [TEST_STEP][PASSED] - println(symbol): null

2019-08-24 13:08:12 - [TEST_STEP][PASSED] - if (i == 2 &amp;&amp; wildList.indexOf(symbol) != -1): null

2019-08-24 13:08:12 - [TEST_STEP][PASSED] - if (i == 3 &amp;&amp; wildList.indexOf(symbol) != -1): null

2019-08-24 13:08:12 - [TEST_STEP][PASSED] - if (i == 4 &amp;&amp; wildList.indexOf(symbol) != -1): null

2019-08-24 13:08:12 - [TEST_STEP][PASSED] - symbol = symbol: null

2019-08-24 13:08:12 - [TEST_STEP][PASSED] - println(symbol): null

2019-08-24 13:08:12 - [TEST_STEP][PASSED] - if (i == 2 &amp;&amp; wildList.indexOf(symbol) != -1): null

2019-08-24 13:08:12 - [TEST_STEP][PASSED] - if (i == 3 &amp;&amp; wildList.indexOf(symbol) != -1): null

2019-08-24 13:08:12 - [TEST_STEP][PASSED] - if (i == 4 &amp;&amp; wildList.indexOf(symbol) != -1): null

2019-08-24 13:08:12 - [TEST_STEP][PASSED] - symbol = symbol: null

2019-08-24 13:08:12 - [TEST_STEP][PASSED] - println(symbol): null

2019-08-24 13:08:12 - [TEST_STEP][PASSED] - if (i == 2 &amp;&amp; wildList.indexOf(symbol) != -1): null

2019-08-24 13:08:12 - [TEST_STEP][PASSED] - if (i == 3 &amp;&amp; wildList.indexOf(symbol) != -1): null

2019-08-24 13:08:12 - [TEST_STEP][PASSED] - if (i == 4 &amp;&amp; wildList.indexOf(symbol) != -1): null

2019-08-24 13:08:12 - [TEST_STEP][PASSED] - symbols = symbols: null

2019-08-24 13:08:12 - [TEST_STEP][PASSED] - for ([j = 0, j &lt; symbols.size(), (j++)]): null

2019-08-24 13:08:12 - [TEST_STEP][PASSED] - symbol = symbol: null

2019-08-24 13:08:12 - [TEST_STEP][PASSED] - println(symbol): null

2019-08-24 13:08:12 - [TEST_STEP][PASSED] - if (i == 2 &amp;&amp; wildList.indexOf(symbol) != -1): null

2019-08-24 13:08:12 - [TEST_STEP][PASSED] - if (i == 3 &amp;&amp; wildList.indexOf(symbol) != -1): null

2019-08-24 13:08:12 - [TEST_STEP][PASSED] - if (i == 4 &amp;&amp; wildList.indexOf(symbol) != -1): null

2019-08-24 13:08:12 - [TEST_STEP][PASSED] - symbol = symbol: null

2019-08-24 13:08:12 - [TEST_STEP][PASSED] - println(symbol): null

2019-08-24 13:08:12 - [TEST_STEP][PASSED] - if (i == 2 &amp;&amp; wildList.indexOf(symbol) != -1): null

2019-08-24 13:08:12 - [TEST_STEP][PASSED] - if (i == 3 &amp;&amp; wildList.indexOf(symbol) != -1): null

2019-08-24 13:08:12 - [TEST_STEP][PASSED] - if (i == 4 &amp;&amp; wildList.indexOf(symbol) != -1): null

2019-08-24 13:08:12 - [TEST_STEP][PASSED] - symbol = symbol: null

2019-08-24 13:08:12 - [TEST_STEP][PASSED] - println(symbol): null

2019-08-24 13:08:12 - [TEST_STEP][PASSED] - if (i == 2 &amp;&amp; wildList.indexOf(symbol) != -1): null

2019-08-24 13:08:12 - [TEST_STEP][PASSED] - if (i == 3 &amp;&amp; wildList.indexOf(symbol) != -1): null

2019-08-24 13:08:12 - [TEST_STEP][PASSED] - if (i == 4 &amp;&amp; wildList.indexOf(symbol) != -1): null

2019-08-24 13:08:16 - [TEST_STEP][PASSED] - symbols = symbols: null

2019-08-24 13:08:16 - [TEST_STEP][PASSED] - for ([j = 0, j &lt; symbols.size(), (j++)]): null

2019-08-24 13:08:16 - [TEST_STEP][PASSED] - symbol = symbol: null

2019-08-24 13:08:16 - [TEST_STEP][PASSED] - println(symbol): null

2019-08-24 13:08:16 - [TEST_STEP][PASSED] - if (i == 2 &amp;&amp; wildList.indexOf(symbol) != -1): null

2019-08-24 13:08:16 - [TEST_STEP][PASSED] - if (i == 3 &amp;&amp; wildList.indexOf(symbol) != -1): null

2019-08-24 13:08:16 - [TEST_STEP][PASSED] - if (i == 4 &amp;&amp; wildList.indexOf(symbol) != -1): null

2019-08-24 13:08:16 - [TEST_STEP][PASSED] - symbol = symbol: null

2019-08-24 13:08:16 - [TEST_STEP][PASSED] - println(symbol): null

2019-08-24 13:08:16 - [TEST_STEP][PASSED] - if (i == 2 &amp;&amp; wildList.indexOf(symbol) != -1): null

2019-08-24 13:08:19 - [TEST_STEP][PASSED] - if (i == 3 &amp;&amp; wildList.indexOf(symbol) != -1): null

2019-08-24 13:08:19 - [TEST_STEP][PASSED] - if (i == 4 &amp;&amp; wildList.indexOf(symbol) != -1): null

2019-08-24 13:08:19 - [TEST_STEP][PASSED] - symbol = symbol: null

2019-08-24 13:08:19 - [TEST_STEP][PASSED] - println(symbol): null

2019-08-24 13:08:19 - [TEST_STEP][PASSED] - if (i == 2 &amp;&amp; wildList.indexOf(symbol) != -1): null

2019-08-24 13:08:19 - [TEST_STEP][PASSED] - if (i == 3 &amp;&amp; wildList.indexOf(symbol) != -1): null

2019-08-24 13:08:19 - [TEST_STEP][PASSED] - if (i == 4 &amp;&amp; wildList.indexOf(symbol) != -1): null

2019-08-24 13:08:19 - [TEST_STEP][PASSED] - symbols = symbols: null

2019-08-24 13:08:19 - [TEST_STEP][PASSED] - for ([j = 0, j &lt; symbols.size(), (j++)]): null

2019-08-24 13:08:19 - [TEST_STEP][PASSED] - symbol = symbol: null

2019-08-24 13:08:19 - [TEST_STEP][PASSED] - println(symbol): null

2019-08-24 13:08:19 - [TEST_STEP][PASSED] - if (i == 2 &amp;&amp; wildList.indexOf(symbol) != -1): null

2019-08-24 13:08:19 - [TEST_STEP][PASSED] - if (i == 3 &amp;&amp; wildList.indexOf(symbol) != -1): null

2019-08-24 13:08:19 - [TEST_STEP][PASSED] - if (i == 4 &amp;&amp; wildList.indexOf(symbol) != -1): null

2019-08-24 13:08:19 - [TEST_STEP][PASSED] - symbol = symbol: null

2019-08-24 13:08:19 - [TEST_STEP][PASSED] - println(symbol): null

2019-08-24 13:08:19 - [TEST_STEP][PASSED] - if (i == 2 &amp;&amp; wildList.indexOf(symbol) != -1): null

2019-08-24 13:08:19 - [TEST_STEP][PASSED] - if (i == 3 &amp;&amp; wildList.indexOf(symbol) != -1): null

2019-08-24 13:08:19 - [TEST_STEP][PASSED] - if (i == 4 &amp;&amp; wildList.indexOf(symbol) != -1): null

2019-08-24 13:08:19 - [TEST_STEP][PASSED] - symbol = symbol: null

2019-08-24 13:08:19 - [TEST_STEP][PASSED] - println(symbol): null

2019-08-24 13:08:19 - [TEST_STEP][PASSED] - if (i == 2 &amp;&amp; wildList.indexOf(symbol) != -1): null

2019-08-24 13:08:19 - [TEST_STEP][PASSED] - if (i == 3 &amp;&amp; wildList.indexOf(symbol) != -1): null

2019-08-24 13:08:19 - [TEST_STEP][PASSED] - if (i == 4 &amp;&amp; wildList.indexOf(symbol) != -1): null

2019-08-24 13:08:19 - [TEST_STEP][PASSED] - free_spin_reel_counter = free_spin_reel_counter: null

2019-08-24 13:08:19 - [TEST_STEP][PASSED] - println("reel 3 wild found: " + free_spin_reel_counter[0]): null

2019-08-24 13:08:19 - [TEST_STEP][PASSED] - println("reel 4 wild found: " + free_spin_reel_counter[1]): null

2019-08-24 13:08:19 - [TEST_STEP][PASSED] - println("reel 5 wild found: " + free_spin_reel_counter[2]): null

2019-08-24 13:08:19 - [TEST_STEP][PASSED] - M4_spin_reels = M4_spin_reels: null

2019-08-24 13:08:19 - [TEST_STEP][PASSED] - M4_spin_reels_symbols = symbol: null

2019-08-24 13:08:19 - [TEST_STEP][PASSED] - M4_spin_reels_symbols = M4_spin_reels_symbols: null

2019-08-24 13:08:19 - [TEST_STEP][PASSED] - M4_spin_reel_wins = reel_wins: null

2019-08-24 13:08:19 - [TEST_STEP][PASSED] - M4_spin_reel_wins = M4_spin_reel_wins: null

2019-08-24 13:08:19 - [TEST_STEP][PASSED] - println("GlobalVariable.M4_spin_reel_wins is: " + M4_spin_reel_wins): null

2019-08-24 13:08:19 - [TEST_STEP][PASSED] - M4_spin_total_bonus_win_this_round = total_bonus_win_this_round: null

2019-08-24 13:08:19 - [TEST_STEP][PASSED] - M4_spin_total_bonus_win_this_round = M4_spin_total_bonus_win_this_round: null

2019-08-24 13:08:19 - [TEST_STEP][PASSED] - println("GlobalVariable.M4_spin_total_bonus_win_this_round is: " + M4_spin_total_bonus_win_this_round): null

2019-08-24 13:08:19 - [TEST_STEP][PASSED] - M4_spin_bonus_spin_result = spin_result: null

2019-08-24 13:08:19 - [TEST_STEP][PASSED] - M4_spin_bonus_spin_result = M4_spin_bonus_spin_result: null

2019-08-24 13:08:19 - [MESSAGE][PASSED] - Verify response successfully

2019-08-24 13:08:19 - [MESSAGE][PASSED] - Send request and verify the response successfully

2019-08-24 13:08:19 - [TEST_STEP][PASSED] - if (M4_total_bonus_spins_int != 0 &amp;&amp; M4_spin_reels_symbols[2].contains("WILD_Expanding")): null

2019-08-24 13:08:19 - [TEST_STEP][PASSED] - free_spin_reel_counter = free_spin_reel_counter: null

2019-08-24 13:08:19 - [TEST_STEP][PASSED] - M4_spin_reels_symbols = M4_spin_reels_symbols: null

2019-08-24 13:08:19 - [TEST_STEP][PASSED] - M4_total_bonus_spins = M4_total_bonus_spins: null

2019-08-24 13:08:19 - [TEST_STEP][PASSED] - spin_result = sendRequestAndVerify(findTestObject("INT/RGS(M4)/1_M4_spin", ["M4_login_user_id":M4_login_user_id, "rgs_session_token":rgs_session_token, "partner":Partner])): Send request and verify the response successfully

2019-08-24 13:08:19 - [MESSAGE][INFO] - HAR: /Users/eiralee/Katalon_Script/SuperWild/Reports/20190824_125957/INT/superWild_5/20190824_125957/requests/main/150.har

2019-08-24 13:08:19 - [TEST_CASE][PASSED] - Start Test Case : Verification: Verification accomplished successfully

2019-08-24 13:08:19 - [TEST_STEP][PASSED] - request = getInstance().getCurrentRequest(): null

2019-08-24 13:08:19 - [TEST_STEP][PASSED] - response = getInstance().getCurrentResponse(): null

2019-08-24 13:08:19 - [TEST_STEP][PASSED] - verifyResponseStatusCode(response, 200): Verify response status code successfully

2019-08-24 13:08:19 - [MESSAGE][PASSED] - Verify response status code successfully

2019-08-24 13:08:19 - [TEST_STEP][PASSED] - getStatusCode()).isEqualTo(200): null

2019-08-24 13:08:19 - [TEST_STEP][PASSED] - newline = System.getProperty("line.separator"): null

2019-08-24 13:08:19 - [TEST_STEP][PASSED] - M4_spin = new groovy.json.JsonSlurper(): null

2019-08-24 13:08:19 - [TEST_STEP][PASSED] - result_M4_spin = M4_spin.parseText(response.getResponseBodyContent()): null

2019-08-24 13:08:19 - [TEST_STEP][PASSED] - M4_spin_current_balance = current_balance: null

2019-08-24 13:08:19 - [TEST_STEP][PASSED] - M4_spin_current_balance = M4_spin_current_balance: null

2019-08-24 13:08:19 - [TEST_STEP][PASSED] - M4_spin_transaction_id = causality: null

2019-08-24 13:08:19 - [TEST_STEP][PASSED] - M4_spin_transaction_id = M4_spin_transaction_id: null

2019-08-24 13:08:19 - [TEST_STEP][PASSED] - M4_spin_round_id = round_id: null

2019-08-24 13:08:19 - [TEST_STEP][PASSED] - M4_spin_round_id = M4_spin_round_id: null

2019-08-24 13:08:19 - [TEST_STEP][PASSED] - M4_spin_line_wins = line_wins: null

2019-08-24 13:08:19 - [TEST_STEP][PASSED] - M4_spin_line_wins = M4_spin_line_wins: null

2019-08-24 13:08:19 - [TEST_STEP][PASSED] - M4_total_bonus_spins_int = total_bonus_spins: null

2019-08-24 13:08:19 - [TEST_STEP][PASSED] - println("******M4_total_bonus_spins type is:*******" + newline + getClass().getName()): null

2019-08-24 13:08:19 - [TEST_STEP][PASSED] - M4_total_bonus_spins_int = M4_total_bonus_spins_int: null

2019-08-24 13:08:19 - [TEST_STEP][PASSED] - M4_total_bonus_spins = Integer.toString(M4_total_bonus_spins_int): null

2019-08-24 13:08:19 - [TEST_STEP][PASSED] - M4_total_bonus_spins = M4_total_bonus_spins: null

2019-08-24 13:08:19 - [TEST_STEP][PASSED] - println("M4_total_bonus_spins is:" + M4_total_bonus_spins): null

2019-08-24 13:08:19 - [TEST_STEP][PASSED] - M4_spin_bonus_data = bonus_data: null

2019-08-24 13:08:19 - [TEST_STEP][PASSED] - M4_spin_features_triggered = result_M4_spin: null

2019-08-24 13:08:19 - [TEST_STEP][PASSED] - wild = []: null

2019-08-24 13:08:19 - [TEST_STEP][PASSED] - wild[0] = "WILD_Expanding": null

2019-08-24 13:08:19 - [TEST_STEP][PASSED] - wild[1] = "WILD_Normal": null

2019-08-24 13:08:19 - [TEST_STEP][PASSED] - wild[2] = "WILD_Double": null

2019-08-24 13:08:19 - [TEST_STEP][PASSED] - wild[3] = "WILD_ExtraFG": null

2019-08-24 13:08:19 - [TEST_STEP][PASSED] - wild[4] = "WILD_Triple": null

2019-08-24 13:08:19 - [TEST_STEP][PASSED] - wildList = Arrays.asList(wild): null

2019-08-24 13:08:19 - [TEST_STEP][PASSED] - wildList = wildList: null

2019-08-24 13:08:19 - [TEST_STEP][PASSED] - free_spin_reel_counter = []: null

2019-08-24 13:08:19 - [TEST_STEP][PASSED] - free_spin_reel_counter[0] = 0: null

2019-08-24 13:08:19 - [TEST_STEP][PASSED] - free_spin_reel_counter[1] = 0: null

2019-08-24 13:08:19 - [TEST_STEP][PASSED] - free_spin_reel_counter[2] = 0: null

2019-08-24 13:08:19 - [TEST_STEP][PASSED] - M4_spin_reels = reels: null

2019-08-24 13:08:19 - [TEST_STEP][PASSED] - for ([i = 0, i &lt; M4_spin_reels.size(), (i++)]): null

2019-08-24 13:08:19 - [TEST_STEP][PASSED] - symbols = symbols: null

2019-08-24 13:08:19 - [TEST_STEP][PASSED] - for ([j = 0, j &lt; symbols.size(), (j++)]): null

2019-08-24 13:08:19 - [TEST_STEP][PASSED] - symbol = symbol: null

2019-08-24 13:08:19 - [TEST_STEP][PASSED] - println(symbol): null

2019-08-24 13:08:19 - [TEST_STEP][PASSED] - if (i == 2 &amp;&amp; wildList.indexOf(symbol) != -1): null

2019-08-24 13:08:19 - [TEST_STEP][PASSED] - if (i == 3 &amp;&amp; wildList.indexOf(symbol) != -1): null

2019-08-24 13:08:19 - [TEST_STEP][PASSED] - if (i == 4 &amp;&amp; wildList.indexOf(symbol) != -1): null

2019-08-24 13:08:19 - [TEST_STEP][PASSED] - symbol = symbol: null

2019-08-24 13:08:19 - [TEST_STEP][PASSED] - println(symbol): null

2019-08-24 13:08:19 - [TEST_STEP][PASSED] - if (i == 2 &amp;&amp; wildList.indexOf(symbol) != -1): null

2019-08-24 13:08:19 - [TEST_STEP][PASSED] - if (i == 3 &amp;&amp; wildList.indexOf(symbol) != -1): null

2019-08-24 13:08:19 - [TEST_STEP][PASSED] - if (i == 4 &amp;&amp; wildList.indexOf(symbol) != -1): null

2019-08-24 13:08:19 - [TEST_STEP][PASSED] - symbol = symbol: null

2019-08-24 13:08:19 - [TEST_STEP][PASSED] - println(symbol): null

2019-08-24 13:08:19 - [TEST_STEP][PASSED] - if (i == 2 &amp;&amp; wildList.indexOf(symbol) != -1): null

2019-08-24 13:08:19 - [TEST_STEP][PASSED] - if (i == 3 &amp;&amp; wildList.indexOf(symbol) != -1): null

2019-08-24 13:08:19 - [TEST_STEP][PASSED] - if (i == 4 &amp;&amp; wildList.indexOf(symbol) != -1): null

2019-08-24 13:08:19 - [TEST_STEP][PASSED] - symbols = symbols: null

2019-08-24 13:08:19 - [TEST_STEP][PASSED] - for ([j = 0, j &lt; symbols.size(), (j++)]): null

2019-08-24 13:08:19 - [TEST_STEP][PASSED] - symbol = symbol: null

2019-08-24 13:08:19 - [TEST_STEP][PASSED] - println(symbol): null

2019-08-24 13:08:19 - [TEST_STEP][PASSED] - if (i == 2 &amp;&amp; wildList.indexOf(symbol) != -1): null

2019-08-24 13:08:19 - [TEST_STEP][PASSED] - if (i == 3 &amp;&amp; wildList.indexOf(symbol) != -1): null

2019-08-24 13:08:19 - [TEST_STEP][PASSED] - if (i == 4 &amp;&amp; wildList.indexOf(symbol) != -1): null

2019-08-24 13:08:19 - [TEST_STEP][PASSED] - symbol = symbol: null

2019-08-24 13:08:19 - [TEST_STEP][PASSED] - println(symbol): null

2019-08-24 13:08:19 - [TEST_STEP][PASSED] - if (i == 2 &amp;&amp; wildList.indexOf(symbol) != -1): null

2019-08-24 13:08:19 - [TEST_STEP][PASSED] - if (i == 3 &amp;&amp; wildList.indexOf(symbol) != -1): null

2019-08-24 13:08:19 - [TEST_STEP][PASSED] - if (i == 4 &amp;&amp; wildList.indexOf(symbol) != -1): null

2019-08-24 13:08:19 - [TEST_STEP][PASSED] - symbol = symbol: null

2019-08-24 13:08:19 - [TEST_STEP][PASSED] - println(symbol): null

2019-08-24 13:08:19 - [TEST_STEP][PASSED] - if (i == 2 &amp;&amp; wildList.indexOf(symbol) != -1): null

2019-08-24 13:08:19 - [TEST_STEP][PASSED] - if (i == 3 &amp;&amp; wildList.indexOf(symbol) != -1): null

2019-08-24 13:08:19 - [TEST_STEP][PASSED] - if (i == 4 &amp;&amp; wildList.indexOf(symbol) != -1): null

2019-08-24 13:08:19 - [TEST_STEP][PASSED] - symbols = symbols: null

2019-08-24 13:08:19 - [TEST_STEP][PASSED] - for ([j = 0, j &lt; symbols.size(), (j++)]): null

2019-08-24 13:08:19 - [TEST_STEP][PASSED] - symbol = symbol: null

2019-08-24 13:08:19 - [TEST_STEP][PASSED] - println(symbol): null

2019-08-24 13:08:19 - [TEST_STEP][PASSED] - if (i == 2 &amp;&amp; wildList.indexOf(symbol) != -1): null

2019-08-24 13:08:19 - [TEST_STEP][PASSED] - if (i == 3 &amp;&amp; wildList.indexOf(symbol) != -1): null

2019-08-24 13:08:19 - [TEST_STEP][PASSED] - if (i == 4 &amp;&amp; wildList.indexOf(symbol) != -1): null

2019-08-24 13:08:19 - [TEST_STEP][PASSED] - symbol = symbol: null

2019-08-24 13:08:19 - [TEST_STEP][PASSED] - println(symbol): null

2019-08-24 13:08:19 - [TEST_STEP][PASSED] - if (i == 2 &amp;&amp; wildList.indexOf(symbol) != -1): null

2019-08-24 13:08:19 - [TEST_STEP][PASSED] - if (i == 3 &amp;&amp; wildList.indexOf(symbol) != -1): null

2019-08-24 13:08:19 - [TEST_STEP][PASSED] - if (i == 4 &amp;&amp; wildList.indexOf(symbol) != -1): null

2019-08-24 13:08:19 - [TEST_STEP][PASSED] - symbol = symbol: null

2019-08-24 13:08:19 - [TEST_STEP][PASSED] - println(symbol): null

2019-08-24 13:08:19 - [TEST_STEP][PASSED] - if (i == 2 &amp;&amp; wildList.indexOf(symbol) != -1): null

2019-08-24 13:08:19 - [TEST_STEP][PASSED] - if (i == 3 &amp;&amp; wildList.indexOf(symbol) != -1): null

2019-08-24 13:08:19 - [TEST_STEP][PASSED] - if (i == 4 &amp;&amp; wildList.indexOf(symbol) != -1): null

2019-08-24 13:08:19 - [TEST_STEP][PASSED] - symbols = symbols: null

2019-08-24 13:08:19 - [TEST_STEP][PASSED] - for ([j = 0, j &lt; symbols.size(), (j++)]): null

2019-08-24 13:08:19 - [TEST_STEP][PASSED] - symbol = symbol: null

2019-08-24 13:08:19 - [TEST_STEP][PASSED] - println(symbol): null

2019-08-24 13:08:19 - [TEST_STEP][PASSED] - if (i == 2 &amp;&amp; wildList.indexOf(symbol) != -1): null

2019-08-24 13:08:19 - [TEST_STEP][PASSED] - if (i == 3 &amp;&amp; wildList.indexOf(symbol) != -1): null

2019-08-24 13:08:19 - [TEST_STEP][PASSED] - if (i == 4 &amp;&amp; wildList.indexOf(symbol) != -1): null

2019-08-24 13:08:19 - [TEST_STEP][PASSED] - symbol = symbol: null

2019-08-24 13:08:19 - [TEST_STEP][PASSED] - println(symbol): null

2019-08-24 13:08:19 - [TEST_STEP][PASSED] - if (i == 2 &amp;&amp; wildList.indexOf(symbol) != -1): null

2019-08-24 13:08:19 - [TEST_STEP][PASSED] - if (i == 3 &amp;&amp; wildList.indexOf(symbol) != -1): null

2019-08-24 13:08:19 - [TEST_STEP][PASSED] - println("wild found on reel 4, adding counter by 1"): null

2019-08-24 13:08:19 - [TEST_STEP][PASSED] - free_spin_reel_counter[1] = free_spin_reel_counter[1] + 1: null

2019-08-24 13:08:19 - [TEST_STEP][PASSED] - if (i == 4 &amp;&amp; wildList.indexOf(symbol) != -1): null

2019-08-24 13:08:19 - [TEST_STEP][PASSED] - symbol = symbol: null

2019-08-24 13:08:19 - [TEST_STEP][PASSED] - println(symbol): null

2019-08-24 13:08:19 - [TEST_STEP][PASSED] - if (i == 2 &amp;&amp; wildList.indexOf(symbol) != -1): null

2019-08-24 13:08:19 - [TEST_STEP][PASSED] - if (i == 3 &amp;&amp; wildList.indexOf(symbol) != -1): null

2019-08-24 13:08:19 - [TEST_STEP][PASSED] - if (i == 4 &amp;&amp; wildList.indexOf(symbol) != -1): null

2019-08-24 13:08:19 - [TEST_STEP][PASSED] - symbols = symbols: null

2019-08-24 13:08:19 - [TEST_STEP][PASSED] - for ([j = 0, j &lt; symbols.size(), (j++)]): null

2019-08-24 13:08:19 - [TEST_STEP][PASSED] - symbol = symbol: null

2019-08-24 13:08:19 - [TEST_STEP][PASSED] - println(symbol): null

2019-08-24 13:08:19 - [TEST_STEP][PASSED] - if (i == 2 &amp;&amp; wildList.indexOf(symbol) != -1): null

2019-08-24 13:08:19 - [TEST_STEP][PASSED] - if (i == 3 &amp;&amp; wildList.indexOf(symbol) != -1): null

2019-08-24 13:08:19 - [TEST_STEP][PASSED] - if (i == 4 &amp;&amp; wildList.indexOf(symbol) != -1): null

2019-08-24 13:08:19 - [TEST_STEP][PASSED] - symbol = symbol: null

2019-08-24 13:08:19 - [TEST_STEP][PASSED] - println(symbol): null

2019-08-24 13:08:19 - [TEST_STEP][PASSED] - if (i == 2 &amp;&amp; wildList.indexOf(symbol) != -1): null

2019-08-24 13:08:19 - [TEST_STEP][PASSED] - if (i == 3 &amp;&amp; wildList.indexOf(symbol) != -1): null

2019-08-24 13:08:19 - [TEST_STEP][PASSED] - if (i == 4 &amp;&amp; wildList.indexOf(symbol) != -1): null

2019-08-24 13:08:19 - [TEST_STEP][PASSED] - symbol = symbol: null

2019-08-24 13:08:19 - [TEST_STEP][PASSED] - println(symbol): null

2019-08-24 13:08:19 - [TEST_STEP][PASSED] - if (i == 2 &amp;&amp; wildList.indexOf(symbol) != -1): null

2019-08-24 13:08:19 - [TEST_STEP][PASSED] - if (i == 3 &amp;&amp; wildList.indexOf(symbol) != -1): null

2019-08-24 13:08:19 - [TEST_STEP][PASSED] - if (i == 4 &amp;&amp; wildList.indexOf(symbol) != -1): null

2019-08-24 13:08:19 - [TEST_STEP][PASSED] - free_spin_reel_counter = free_spin_reel_counter: null

2019-08-24 13:08:19 - [TEST_STEP][PASSED] - println("reel 3 wild found: " + free_spin_reel_counter[0]): null

2019-08-24 13:08:19 - [TEST_STEP][PASSED] - println("reel 4 wild found: " + free_spin_reel_counter[1]): null

2019-08-24 13:08:19 - [TEST_STEP][PASSED] - println("reel 5 wild found: " + free_spin_reel_counter[2]): null

2019-08-24 13:08:19 - [TEST_STEP][PASSED] - M4_spin_reels = M4_spin_reels: null

2019-08-24 13:08:19 - [TEST_STEP][PASSED] - M4_spin_reels_symbols = symbol: null

2019-08-24 13:08:19 - [TEST_STEP][PASSED] - M4_spin_reels_symbols = M4_spin_reels_symbols: null

2019-08-24 13:08:19 - [TEST_STEP][PASSED] - M4_spin_reel_wins = reel_wins: null

2019-08-24 13:08:19 - [TEST_STEP][PASSED] - M4_spin_reel_wins = M4_spin_reel_wins: null

2019-08-24 13:08:19 - [TEST_STEP][PASSED] - println("GlobalVariable.M4_spin_reel_wins is: " + M4_spin_reel_wins): null

2019-08-24 13:08:19 - [TEST_STEP][PASSED] - M4_spin_total_bonus_win_this_round = total_bonus_win_this_round: null

2019-08-24 13:08:19 - [TEST_STEP][PASSED] - M4_spin_total_bonus_win_this_round = M4_spin_total_bonus_win_this_round: null

2019-08-24 13:08:19 - [TEST_STEP][PASSED] - println("GlobalVariable.M4_spin_total_bonus_win_this_round is: " + M4_spin_total_bonus_win_this_round): null

2019-08-24 13:08:19 - [TEST_STEP][PASSED] - M4_spin_bonus_spin_result = spin_result: null

2019-08-24 13:08:19 - [TEST_STEP][PASSED] - M4_spin_bonus_spin_result = M4_spin_bonus_spin_result: null

2019-08-24 13:08:19 - [MESSAGE][PASSED] - Verify response successfully

2019-08-24 13:08:19 - [MESSAGE][PASSED] - Send request and verify the response successfully

2019-08-24 13:08:19 - [TEST_STEP][PASSED] - if (M4_total_bonus_spins_int != 0 &amp;&amp; M4_spin_reels_symbols[2].contains("WILD_Expanding")): null

2019-08-24 13:08:19 - [TEST_STEP][PASSED] - free_spin_reel_counter = free_spin_reel_counter: null

2019-08-24 13:08:19 - [TEST_STEP][PASSED] - M4_spin_reels_symbols = M4_spin_reels_symbols: null

2019-08-24 13:08:19 - [TEST_STEP][PASSED] - M4_total_bonus_spins = M4_total_bonus_spins: null

2019-08-24 13:08:19 - [TEST_STEP][PASSED] - spin_result = sendRequestAndVerify(findTestObject("INT/RGS(M4)/1_M4_spin", ["M4_login_user_id":M4_login_user_id, "rgs_session_token":rgs_session_token, "partner":Partner])): Send request and verify the response successfully

2019-08-24 13:08:20 - [MESSAGE][INFO] - HAR: /Users/eiralee/Katalon_Script/SuperWild/Reports/20190824_125957/INT/superWild_5/20190824_125957/requests/main/151.har

2019-08-24 13:08:20 - [TEST_CASE][PASSED] - Start Test Case : Verification: Verification accomplished successfully

2019-08-24 13:08:20 - [TEST_STEP][PASSED] - request = getInstance().getCurrentRequest(): null

2019-08-24 13:08:20 - [TEST_STEP][PASSED] - response = getInstance().getCurrentResponse(): null

2019-08-24 13:08:20 - [TEST_STEP][PASSED] - verifyResponseStatusCode(response, 200): Verify response status code successfully

2019-08-24 13:08:20 - [MESSAGE][PASSED] - Verify response status code successfully

2019-08-24 13:08:20 - [TEST_STEP][PASSED] - getStatusCode()).isEqualTo(200): null

2019-08-24 13:08:20 - [TEST_STEP][PASSED] - newline = System.getProperty("line.separator"): null

2019-08-24 13:08:20 - [TEST_STEP][PASSED] - M4_spin = new groovy.json.JsonSlurper(): null

2019-08-24 13:08:20 - [TEST_STEP][PASSED] - result_M4_spin = M4_spin.parseText(response.getResponseBodyContent()): null

2019-08-24 13:08:20 - [TEST_STEP][PASSED] - M4_spin_current_balance = current_balance: null

2019-08-24 13:08:20 - [TEST_STEP][PASSED] - M4_spin_current_balance = M4_spin_current_balance: null

2019-08-24 13:08:20 - [TEST_STEP][PASSED] - M4_spin_transaction_id = causality: null

2019-08-24 13:08:20 - [TEST_STEP][PASSED] - M4_spin_transaction_id = M4_spin_transaction_id: null

2019-08-24 13:08:20 - [TEST_STEP][PASSED] - M4_spin_round_id = round_id: null

2019-08-24 13:08:20 - [TEST_STEP][PASSED] - M4_spin_round_id = M4_spin_round_id: null

2019-08-24 13:08:20 - [TEST_STEP][PASSED] - M4_spin_line_wins = line_wins: null

2019-08-24 13:08:20 - [TEST_STEP][PASSED] - M4_spin_line_wins = M4_spin_line_wins: null

2019-08-24 13:08:20 - [TEST_STEP][PASSED] - M4_total_bonus_spins_int = total_bonus_spins: null

2019-08-24 13:08:20 - [TEST_STEP][PASSED] - println("******M4_total_bonus_spins type is:*******" + newline + getClass().getName()): null

2019-08-24 13:08:20 - [TEST_STEP][PASSED] - M4_total_bonus_spins_int = M4_total_bonus_spins_int: null

2019-08-24 13:08:20 - [TEST_STEP][PASSED] - M4_total_bonus_spins = Integer.toString(M4_total_bonus_spins_int): null

2019-08-24 13:08:20 - [TEST_STEP][PASSED] - M4_total_bonus_spins = M4_total_bonus_spins: null

2019-08-24 13:08:20 - [TEST_STEP][PASSED] - println("M4_total_bonus_spins is:" + M4_total_bonus_spins): null

2019-08-24 13:08:20 - [TEST_STEP][PASSED] - M4_spin_bonus_data = bonus_data: null

2019-08-24 13:08:20 - [TEST_STEP][PASSED] - M4_spin_features_triggered = result_M4_spin: null

2019-08-24 13:08:20 - [TEST_STEP][PASSED] - wild = []: null

2019-08-24 13:08:20 - [TEST_STEP][PASSED] - wild[0] = "WILD_Expanding": null

2019-08-24 13:08:20 - [TEST_STEP][PASSED] - wild[1] = "WILD_Normal": null

2019-08-24 13:08:20 - [TEST_STEP][PASSED] - wild[2] = "WILD_Double": null

2019-08-24 13:08:20 - [TEST_STEP][PASSED] - wild[3] = "WILD_ExtraFG": null

2019-08-24 13:08:20 - [TEST_STEP][PASSED] - wild[4] = "WILD_Triple": null

2019-08-24 13:08:20 - [TEST_STEP][PASSED] - wildList = Arrays.asList(wild): null

2019-08-24 13:08:20 - [TEST_STEP][PASSED] - wildList = wildList: null

2019-08-24 13:08:20 - [TEST_STEP][PASSED] - free_spin_reel_counter = []: null

2019-08-24 13:08:20 - [TEST_STEP][PASSED] - free_spin_reel_counter[0] = 0: null

2019-08-24 13:08:20 - [TEST_STEP][PASSED] - free_spin_reel_counter[1] = 0: null

2019-08-24 13:08:20 - [TEST_STEP][PASSED] - free_spin_reel_counter[2] = 0: null

2019-08-24 13:08:20 - [TEST_STEP][PASSED] - M4_spin_reels = reels: null

2019-08-24 13:08:20 - [TEST_STEP][PASSED] - for ([i = 0, i &lt; M4_spin_reels.size(), (i++)]): null

2019-08-24 13:08:20 - [TEST_STEP][PASSED] - symbols = symbols: null

2019-08-24 13:08:20 - [TEST_STEP][PASSED] - for ([j = 0, j &lt; symbols.size(), (j++)]): null

2019-08-24 13:08:20 - [TEST_STEP][PASSED] - symbol = symbol: null

2019-08-24 13:08:20 - [TEST_STEP][PASSED] - println(symbol): null

2019-08-24 13:08:20 - [TEST_STEP][PASSED] - if (i == 2 &amp;&amp; wildList.indexOf(symbol) != -1): null

2019-08-24 13:08:20 - [TEST_STEP][PASSED] - if (i == 3 &amp;&amp; wildList.indexOf(symbol) != -1): null

2019-08-24 13:08:20 - [TEST_STEP][PASSED] - if (i == 4 &amp;&amp; wildList.indexOf(symbol) != -1): null

2019-08-24 13:08:20 - [TEST_STEP][PASSED] - symbol = symbol: null

2019-08-24 13:08:20 - [TEST_STEP][PASSED] - println(symbol): null

2019-08-24 13:08:20 - [TEST_STEP][PASSED] - if (i == 2 &amp;&amp; wildList.indexOf(symbol) != -1): null

2019-08-24 13:08:20 - [TEST_STEP][PASSED] - if (i == 3 &amp;&amp; wildList.indexOf(symbol) != -1): null

2019-08-24 13:08:20 - [TEST_STEP][PASSED] - if (i == 4 &amp;&amp; wildList.indexOf(symbol) != -1): null

2019-08-24 13:08:20 - [TEST_STEP][PASSED] - symbol = symbol: null

2019-08-24 13:08:20 - [TEST_STEP][PASSED] - println(symbol): null

2019-08-24 13:08:20 - [TEST_STEP][PASSED] - if (i == 2 &amp;&amp; wildList.indexOf(symbol) != -1): null

2019-08-24 13:08:20 - [TEST_STEP][PASSED] - if (i == 3 &amp;&amp; wildList.indexOf(symbol) != -1): null

2019-08-24 13:08:20 - [TEST_STEP][PASSED] - if (i == 4 &amp;&amp; wildList.indexOf(symbol) != -1): null

2019-08-24 13:08:20 - [TEST_STEP][PASSED] - symbols = symbols: null

2019-08-24 13:08:20 - [TEST_STEP][PASSED] - for ([j = 0, j &lt; symbols.size(), (j++)]): null

2019-08-24 13:08:20 - [TEST_STEP][PASSED] - symbol = symbol: null

2019-08-24 13:08:20 - [TEST_STEP][PASSED] - println(symbol): null

2019-08-24 13:08:20 - [TEST_STEP][PASSED] - if (i == 2 &amp;&amp; wildList.indexOf(symbol) != -1): null

2019-08-24 13:08:20 - [TEST_STEP][PASSED] - if (i == 3 &amp;&amp; wildList.indexOf(symbol) != -1): null

2019-08-24 13:08:20 - [TEST_STEP][PASSED] - if (i == 4 &amp;&amp; wildList.indexOf(symbol) != -1): null

2019-08-24 13:08:20 - [TEST_STEP][PASSED] - symbol = symbol: null

2019-08-24 13:08:20 - [TEST_STEP][PASSED] - println(symbol): null

2019-08-24 13:08:20 - [TEST_STEP][PASSED] - if (i == 2 &amp;&amp; wildList.indexOf(symbol) != -1): null

2019-08-24 13:08:20 - [TEST_STEP][PASSED] - if (i == 3 &amp;&amp; wildList.indexOf(symbol) != -1): null

2019-08-24 13:08:20 - [TEST_STEP][PASSED] - if (i == 4 &amp;&amp; wildList.indexOf(symbol) != -1): null

2019-08-24 13:08:20 - [TEST_STEP][PASSED] - symbol = symbol: null

2019-08-24 13:08:20 - [TEST_STEP][PASSED] - println(symbol): null

2019-08-24 13:08:20 - [TEST_STEP][PASSED] - if (i == 2 &amp;&amp; wildList.indexOf(symbol) != -1): null

2019-08-24 13:08:20 - [TEST_STEP][PASSED] - if (i == 3 &amp;&amp; wildList.indexOf(symbol) != -1): null

2019-08-24 13:08:20 - [TEST_STEP][PASSED] - if (i == 4 &amp;&amp; wildList.indexOf(symbol) != -1): null

2019-08-24 13:08:20 - [TEST_STEP][PASSED] - symbols = symbols: null

2019-08-24 13:08:20 - [TEST_STEP][PASSED] - for ([j = 0, j &lt; symbols.size(), (j++)]): null

2019-08-24 13:08:20 - [TEST_STEP][PASSED] - symbol = symbol: null

2019-08-24 13:08:20 - [TEST_STEP][PASSED] - println(symbol): null

2019-08-24 13:08:20 - [TEST_STEP][PASSED] - if (i == 2 &amp;&amp; wildList.indexOf(symbol) != -1): null

2019-08-24 13:08:20 - [TEST_STEP][PASSED] - if (i == 3 &amp;&amp; wildList.indexOf(symbol) != -1): null

2019-08-24 13:08:20 - [TEST_STEP][PASSED] - if (i == 4 &amp;&amp; wildList.indexOf(symbol) != -1): null

2019-08-24 13:08:20 - [TEST_STEP][PASSED] - symbol = symbol: null

2019-08-24 13:08:20 - [TEST_STEP][PASSED] - println(symbol): null

2019-08-24 13:08:20 - [TEST_STEP][PASSED] - if (i == 2 &amp;&amp; wildList.indexOf(symbol) != -1): null

2019-08-24 13:08:20 - [TEST_STEP][PASSED] - if (i == 3 &amp;&amp; wildList.indexOf(symbol) != -1): null

2019-08-24 13:08:20 - [TEST_STEP][PASSED] - if (i == 4 &amp;&amp; wildList.indexOf(symbol) != -1): null

2019-08-24 13:08:20 - [TEST_STEP][PASSED] - symbol = symbol: null

2019-08-24 13:08:20 - [TEST_STEP][PASSED] - println(symbol): null

2019-08-24 13:08:20 - [TEST_STEP][PASSED] - if (i == 2 &amp;&amp; wildList.indexOf(symbol) != -1): null

2019-08-24 13:08:20 - [TEST_STEP][PASSED] - if (i == 3 &amp;&amp; wildList.indexOf(symbol) != -1): null

2019-08-24 13:08:20 - [TEST_STEP][PASSED] - if (i == 4 &amp;&amp; wildList.indexOf(symbol) != -1): null

2019-08-24 13:08:20 - [TEST_STEP][PASSED] - symbols = symbols: null

2019-08-24 13:08:20 - [TEST_STEP][PASSED] - for ([j = 0, j &lt; symbols.size(), (j++)]): null

2019-08-24 13:08:20 - [TEST_STEP][PASSED] - symbol = symbol: null

2019-08-24 13:08:20 - [TEST_STEP][PASSED] - println(symbol): null

2019-08-24 13:08:20 - [TEST_STEP][PASSED] - if (i == 2 &amp;&amp; wildList.indexOf(symbol) != -1): null

2019-08-24 13:08:20 - [TEST_STEP][PASSED] - if (i == 3 &amp;&amp; wildList.indexOf(symbol) != -1): null

2019-08-24 13:08:20 - [TEST_STEP][PASSED] - if (i == 4 &amp;&amp; wildList.indexOf(symbol) != -1): null

2019-08-24 13:08:20 - [TEST_STEP][PASSED] - symbol = symbol: null

2019-08-24 13:08:20 - [TEST_STEP][PASSED] - println(symbol): null

2019-08-24 13:08:20 - [TEST_STEP][PASSED] - if (i == 2 &amp;&amp; wildList.indexOf(symbol) != -1): null

2019-08-24 13:08:20 - [TEST_STEP][PASSED] - if (i == 3 &amp;&amp; wildList.indexOf(symbol) != -1): null

2019-08-24 13:08:20 - [TEST_STEP][PASSED] - if (i == 4 &amp;&amp; wildList.indexOf(symbol) != -1): null

2019-08-24 13:08:20 - [TEST_STEP][PASSED] - symbol = symbol: null

2019-08-24 13:08:20 - [TEST_STEP][PASSED] - println(symbol): null

2019-08-24 13:08:20 - [TEST_STEP][PASSED] - if (i == 2 &amp;&amp; wildList.indexOf(symbol) != -1): null

2019-08-24 13:08:20 - [TEST_STEP][PASSED] - if (i == 3 &amp;&amp; wildList.indexOf(symbol) != -1): null

2019-08-24 13:08:20 - [TEST_STEP][PASSED] - if (i == 4 &amp;&amp; wildList.indexOf(symbol) != -1): null

2019-08-24 13:08:20 - [TEST_STEP][PASSED] - symbols = symbols: null

2019-08-24 13:08:20 - [TEST_STEP][PASSED] - for ([j = 0, j &lt; symbols.size(), (j++)]): null

2019-08-24 13:08:20 - [TEST_STEP][PASSED] - symbol = symbol: null

2019-08-24 13:08:20 - [TEST_STEP][PASSED] - println(symbol): null

2019-08-24 13:08:20 - [TEST_STEP][PASSED] - if (i == 2 &amp;&amp; wildList.indexOf(symbol) != -1): null

2019-08-24 13:08:20 - [TEST_STEP][PASSED] - if (i == 3 &amp;&amp; wildList.indexOf(symbol) != -1): null

2019-08-24 13:08:20 - [TEST_STEP][PASSED] - if (i == 4 &amp;&amp; wildList.indexOf(symbol) != -1): null

2019-08-24 13:08:20 - [TEST_STEP][PASSED] - symbol = symbol: null

2019-08-24 13:08:20 - [TEST_STEP][PASSED] - println(symbol): null

2019-08-24 13:08:20 - [TEST_STEP][PASSED] - if (i == 2 &amp;&amp; wildList.indexOf(symbol) != -1): null

2019-08-24 13:08:20 - [TEST_STEP][PASSED] - if (i == 3 &amp;&amp; wildList.indexOf(symbol) != -1): null

2019-08-24 13:08:20 - [TEST_STEP][PASSED] - if (i == 4 &amp;&amp; wildList.indexOf(symbol) != -1): null

2019-08-24 13:08:20 - [TEST_STEP][PASSED] - symbol = symbol: null

2019-08-24 13:08:20 - [TEST_STEP][PASSED] - println(symbol): null

2019-08-24 13:08:20 - [TEST_STEP][PASSED] - if (i == 2 &amp;&amp; wildList.indexOf(symbol) != -1): null

2019-08-24 13:08:20 - [TEST_STEP][PASSED] - if (i == 3 &amp;&amp; wildList.indexOf(symbol) != -1): null

2019-08-24 13:08:20 - [TEST_STEP][PASSED] - if (i == 4 &amp;&amp; wildList.indexOf(symbol) != -1): null

2019-08-24 13:08:20 - [TEST_STEP][PASSED] - free_spin_reel_counter = free_spin_reel_counter: null

2019-08-24 13:08:20 - [TEST_STEP][PASSED] - println("reel 3 wild found: " + free_spin_reel_counter[0]): null

2019-08-24 13:08:20 - [TEST_STEP][PASSED] - println("reel 4 wild found: " + free_spin_reel_counter[1]): null

2019-08-24 13:08:24 - [TEST_STEP][PASSED] - println("reel 5 wild found: " + free_spin_reel_counter[2]): null

2019-08-24 13:08:24 - [TEST_STEP][PASSED] - M4_spin_reels = M4_spin_reels: null

2019-08-24 13:08:24 - [TEST_STEP][PASSED] - M4_spin_reels_symbols = symbol: null

2019-08-24 13:08:24 - [TEST_STEP][PASSED] - M4_spin_reels_symbols = M4_spin_reels_symbols: null

2019-08-24 13:08:24 - [TEST_STEP][PASSED] - M4_spin_reel_wins = reel_wins: null

2019-08-24 13:08:24 - [TEST_STEP][PASSED] - M4_spin_reel_wins = M4_spin_reel_wins: null

2019-08-24 13:08:24 - [TEST_STEP][PASSED] - println("GlobalVariable.M4_spin_reel_wins is: " + M4_spin_reel_wins): null

2019-08-24 13:08:24 - [TEST_STEP][PASSED] - M4_spin_total_bonus_win_this_round = total_bonus_win_this_round: null

2019-08-24 13:08:24 - [TEST_STEP][PASSED] - M4_spin_total_bonus_win_this_round = M4_spin_total_bonus_win_this_round: null

2019-08-24 13:08:24 - [TEST_STEP][PASSED] - println("GlobalVariable.M4_spin_total_bonus_win_this_round is: " + M4_spin_total_bonus_win_this_round): null

2019-08-24 13:08:29 - [TEST_STEP][PASSED] - M4_spin_bonus_spin_result = spin_result: null

2019-08-24 13:08:29 - [TEST_STEP][PASSED] - M4_spin_bonus_spin_result = M4_spin_bonus_spin_result: null

2019-08-24 13:08:29 - [MESSAGE][PASSED] - Verify response successfully

2019-08-24 13:08:29 - [MESSAGE][PASSED] - Send request and verify the response successfully

2019-08-24 13:08:29 - [TEST_STEP][PASSED] - if (M4_total_bonus_spins_int != 0 &amp;&amp; M4_spin_reels_symbols[2].contains("WILD_Expanding")): null

2019-08-24 13:08:35 - [TEST_STEP][PASSED] - free_spin_reel_counter = free_spin_reel_counter: null

2019-08-24 13:08:35 - [TEST_STEP][PASSED] - M4_spin_reels_symbols = M4_spin_reels_symbols: null

2019-08-24 13:08:35 - [TEST_STEP][PASSED] - M4_total_bonus_spins = M4_total_bonus_spins: null

2019-08-24 13:08:35 - [TEST_STEP][PASSED] - spin_result = sendRequestAndVerify(findTestObject("INT/RGS(M4)/1_M4_spin", ["M4_login_user_id":M4_login_user_id, "rgs_session_token":rgs_session_token, "partner":Partner])): Send request and verify the response successfully

2019-08-24 13:08:37 - [MESSAGE][INFO] - HAR: /Users/eiralee/Katalon_Script/SuperWild/Reports/20190824_125957/INT/superWild_5/20190824_125957/requests/main/152.har

2019-08-24 13:08:37 - [TEST_CASE][PASSED] - Start Test Case : Verification: Verification accomplished successfully

2019-08-24 13:08:37 - [TEST_STEP][PASSED] - request = getInstance().getCurrentRequest(): null

2019-08-24 13:08:37 - [TEST_STEP][PASSED] - response = getInstance().getCurrentResponse(): null

2019-08-24 13:08:37 - [TEST_STEP][PASSED] - verifyResponseStatusCode(response, 200): Verify response status code successfully

2019-08-24 13:08:37 - [MESSAGE][PASSED] - Verify response status code successfully

2019-08-24 13:08:37 - [TEST_STEP][PASSED] - getStatusCode()).isEqualTo(200): null

2019-08-24 13:08:37 - [TEST_STEP][PASSED] - newline = System.getProperty("line.separator"): null

2019-08-24 13:08:37 - [TEST_STEP][PASSED] - M4_spin = new groovy.json.JsonSlurper(): null

2019-08-24 13:08:37 - [TEST_STEP][PASSED] - result_M4_spin = M4_spin.parseText(response.getResponseBodyContent()): null

2019-08-24 13:08:37 - [TEST_STEP][PASSED] - M4_spin_current_balance = current_balance: null

2019-08-24 13:08:37 - [TEST_STEP][PASSED] - M4_spin_current_balance = M4_spin_current_balance: null

2019-08-24 13:08:37 - [TEST_STEP][PASSED] - M4_spin_transaction_id = causality: null

2019-08-24 13:08:37 - [TEST_STEP][PASSED] - M4_spin_transaction_id = M4_spin_transaction_id: null

2019-08-24 13:08:37 - [TEST_STEP][PASSED] - M4_spin_round_id = round_id: null

2019-08-24 13:08:37 - [TEST_STEP][PASSED] - M4_spin_round_id = M4_spin_round_id: null

2019-08-24 13:08:37 - [TEST_STEP][PASSED] - M4_spin_line_wins = line_wins: null

2019-08-24 13:08:37 - [TEST_STEP][PASSED] - M4_spin_line_wins = M4_spin_line_wins: null

2019-08-24 13:08:37 - [TEST_STEP][PASSED] - M4_total_bonus_spins_int = total_bonus_spins: null

2019-08-24 13:08:37 - [TEST_STEP][PASSED] - println("******M4_total_bonus_spins type is:*******" + newline + getClass().getName()): null

2019-08-24 13:08:37 - [TEST_STEP][PASSED] - M4_total_bonus_spins_int = M4_total_bonus_spins_int: null

2019-08-24 13:08:37 - [TEST_STEP][PASSED] - M4_total_bonus_spins = Integer.toString(M4_total_bonus_spins_int): null

2019-08-24 13:08:37 - [TEST_STEP][PASSED] - M4_total_bonus_spins = M4_total_bonus_spins: null

2019-08-24 13:08:37 - [TEST_STEP][PASSED] - println("M4_total_bonus_spins is:" + M4_total_bonus_spins): null

2019-08-24 13:08:37 - [TEST_STEP][PASSED] - M4_spin_bonus_data = bonus_data: null

2019-08-24 13:08:37 - [TEST_STEP][PASSED] - M4_spin_features_triggered = result_M4_spin: null

2019-08-24 13:08:37 - [TEST_STEP][PASSED] - wild = []: null

2019-08-24 13:08:37 - [TEST_STEP][PASSED] - wild[0] = "WILD_Expanding": null

2019-08-24 13:08:37 - [TEST_STEP][PASSED] - wild[1] = "WILD_Normal": null

2019-08-24 13:08:37 - [TEST_STEP][PASSED] - wild[2] = "WILD_Double": null

2019-08-24 13:08:37 - [TEST_STEP][PASSED] - wild[3] = "WILD_ExtraFG": null

2019-08-24 13:08:37 - [TEST_STEP][PASSED] - wild[4] = "WILD_Triple": null

2019-08-24 13:08:37 - [TEST_STEP][PASSED] - wildList = Arrays.asList(wild): null

2019-08-24 13:08:37 - [TEST_STEP][PASSED] - wildList = wildList: null

2019-08-24 13:08:37 - [TEST_STEP][PASSED] - free_spin_reel_counter = []: null

2019-08-24 13:08:37 - [TEST_STEP][PASSED] - free_spin_reel_counter[0] = 0: null

2019-08-24 13:08:37 - [TEST_STEP][PASSED] - free_spin_reel_counter[1] = 0: null

2019-08-24 13:08:37 - [TEST_STEP][PASSED] - free_spin_reel_counter[2] = 0: null

2019-08-24 13:08:37 - [TEST_STEP][PASSED] - M4_spin_reels = reels: null

2019-08-24 13:08:37 - [TEST_STEP][PASSED] - for ([i = 0, i &lt; M4_spin_reels.size(), (i++)]): null

2019-08-24 13:08:37 - [TEST_STEP][PASSED] - symbols = symbols: null

2019-08-24 13:08:37 - [TEST_STEP][PASSED] - for ([j = 0, j &lt; symbols.size(), (j++)]): null

2019-08-24 13:08:37 - [TEST_STEP][PASSED] - symbol = symbol: null

2019-08-24 13:08:37 - [TEST_STEP][PASSED] - println(symbol): null

2019-08-24 13:08:37 - [TEST_STEP][PASSED] - if (i == 2 &amp;&amp; wildList.indexOf(symbol) != -1): null

2019-08-24 13:08:37 - [TEST_STEP][PASSED] - if (i == 3 &amp;&amp; wildList.indexOf(symbol) != -1): null

2019-08-24 13:08:37 - [TEST_STEP][PASSED] - if (i == 4 &amp;&amp; wildList.indexOf(symbol) != -1): null

2019-08-24 13:08:37 - [TEST_STEP][PASSED] - symbol = symbol: null

2019-08-24 13:08:37 - [TEST_STEP][PASSED] - println(symbol): null

2019-08-24 13:08:37 - [TEST_STEP][PASSED] - if (i == 2 &amp;&amp; wildList.indexOf(symbol) != -1): null

2019-08-24 13:08:37 - [TEST_STEP][PASSED] - if (i == 3 &amp;&amp; wildList.indexOf(symbol) != -1): null

2019-08-24 13:08:37 - [TEST_STEP][PASSED] - if (i == 4 &amp;&amp; wildList.indexOf(symbol) != -1): null

2019-08-24 13:08:37 - [TEST_STEP][PASSED] - symbol = symbol: null

2019-08-24 13:08:37 - [TEST_STEP][PASSED] - println(symbol): null

2019-08-24 13:08:37 - [TEST_STEP][PASSED] - if (i == 2 &amp;&amp; wildList.indexOf(symbol) != -1): null

2019-08-24 13:08:37 - [TEST_STEP][PASSED] - if (i == 3 &amp;&amp; wildList.indexOf(symbol) != -1): null

2019-08-24 13:08:37 - [TEST_STEP][PASSED] - if (i == 4 &amp;&amp; wildList.indexOf(symbol) != -1): null

2019-08-24 13:08:37 - [TEST_STEP][PASSED] - symbols = symbols: null

2019-08-24 13:08:37 - [TEST_STEP][PASSED] - for ([j = 0, j &lt; symbols.size(), (j++)]): null

2019-08-24 13:08:37 - [TEST_STEP][PASSED] - symbol = symbol: null

2019-08-24 13:08:37 - [TEST_STEP][PASSED] - println(symbol): null

2019-08-24 13:08:37 - [TEST_STEP][PASSED] - if (i == 2 &amp;&amp; wildList.indexOf(symbol) != -1): null

2019-08-24 13:08:37 - [TEST_STEP][PASSED] - if (i == 3 &amp;&amp; wildList.indexOf(symbol) != -1): null

2019-08-24 13:08:37 - [TEST_STEP][PASSED] - if (i == 4 &amp;&amp; wildList.indexOf(symbol) != -1): null

2019-08-24 13:08:37 - [TEST_STEP][PASSED] - symbol = symbol: null

2019-08-24 13:08:37 - [TEST_STEP][PASSED] - println(symbol): null

2019-08-24 13:08:37 - [TEST_STEP][PASSED] - if (i == 2 &amp;&amp; wildList.indexOf(symbol) != -1): null

2019-08-24 13:08:37 - [TEST_STEP][PASSED] - if (i == 3 &amp;&amp; wildList.indexOf(symbol) != -1): null

2019-08-24 13:08:37 - [TEST_STEP][PASSED] - if (i == 4 &amp;&amp; wildList.indexOf(symbol) != -1): null

2019-08-24 13:08:37 - [TEST_STEP][PASSED] - symbol = symbol: null

2019-08-24 13:08:37 - [TEST_STEP][PASSED] - println(symbol): null

2019-08-24 13:08:37 - [TEST_STEP][PASSED] - if (i == 2 &amp;&amp; wildList.indexOf(symbol) != -1): null

2019-08-24 13:08:37 - [TEST_STEP][PASSED] - if (i == 3 &amp;&amp; wildList.indexOf(symbol) != -1): null

2019-08-24 13:08:37 - [TEST_STEP][PASSED] - if (i == 4 &amp;&amp; wildList.indexOf(symbol) != -1): null

2019-08-24 13:08:37 - [TEST_STEP][PASSED] - symbols = symbols: null

2019-08-24 13:08:37 - [TEST_STEP][PASSED] - for ([j = 0, j &lt; symbols.size(), (j++)]): null

2019-08-24 13:08:37 - [TEST_STEP][PASSED] - symbol = symbol: null

2019-08-24 13:08:37 - [TEST_STEP][PASSED] - println(symbol): null

2019-08-24 13:08:37 - [TEST_STEP][PASSED] - if (i == 2 &amp;&amp; wildList.indexOf(symbol) != -1): null

2019-08-24 13:08:37 - [TEST_STEP][PASSED] - if (i == 3 &amp;&amp; wildList.indexOf(symbol) != -1): null

2019-08-24 13:08:37 - [TEST_STEP][PASSED] - if (i == 4 &amp;&amp; wildList.indexOf(symbol) != -1): null

2019-08-24 13:08:37 - [TEST_STEP][PASSED] - symbol = symbol: null

2019-08-24 13:08:37 - [TEST_STEP][PASSED] - println(symbol): null

2019-08-24 13:08:37 - [TEST_STEP][PASSED] - if (i == 2 &amp;&amp; wildList.indexOf(symbol) != -1): null

2019-08-24 13:08:37 - [TEST_STEP][PASSED] - if (i == 3 &amp;&amp; wildList.indexOf(symbol) != -1): null

2019-08-24 13:08:37 - [TEST_STEP][PASSED] - if (i == 4 &amp;&amp; wildList.indexOf(symbol) != -1): null

2019-08-24 13:08:37 - [TEST_STEP][PASSED] - symbol = symbol: null

2019-08-24 13:08:37 - [TEST_STEP][PASSED] - println(symbol): null

2019-08-24 13:08:37 - [TEST_STEP][PASSED] - if (i == 2 &amp;&amp; wildList.indexOf(symbol) != -1): null

2019-08-24 13:08:37 - [TEST_STEP][PASSED] - if (i == 3 &amp;&amp; wildList.indexOf(symbol) != -1): null

2019-08-24 13:08:37 - [TEST_STEP][PASSED] - if (i == 4 &amp;&amp; wildList.indexOf(symbol) != -1): null

2019-08-24 13:08:37 - [TEST_STEP][PASSED] - symbols = symbols: null

2019-08-24 13:08:37 - [TEST_STEP][PASSED] - for ([j = 0, j &lt; symbols.size(), (j++)]): null

2019-08-24 13:08:37 - [TEST_STEP][PASSED] - symbol = symbol: null

2019-08-24 13:08:37 - [TEST_STEP][PASSED] - println(symbol): null

2019-08-24 13:08:37 - [TEST_STEP][PASSED] - if (i == 2 &amp;&amp; wildList.indexOf(symbol) != -1): null

2019-08-24 13:08:37 - [TEST_STEP][PASSED] - if (i == 3 &amp;&amp; wildList.indexOf(symbol) != -1): null

2019-08-24 13:08:37 - [TEST_STEP][PASSED] - if (i == 4 &amp;&amp; wildList.indexOf(symbol) != -1): null

2019-08-24 13:08:37 - [TEST_STEP][PASSED] - symbol = symbol: null

2019-08-24 13:08:37 - [TEST_STEP][PASSED] - println(symbol): null

2019-08-24 13:08:37 - [TEST_STEP][PASSED] - if (i == 2 &amp;&amp; wildList.indexOf(symbol) != -1): null

2019-08-24 13:08:37 - [TEST_STEP][PASSED] - if (i == 3 &amp;&amp; wildList.indexOf(symbol) != -1): null

2019-08-24 13:08:37 - [TEST_STEP][PASSED] - if (i == 4 &amp;&amp; wildList.indexOf(symbol) != -1): null

2019-08-24 13:08:37 - [TEST_STEP][PASSED] - symbol = symbol: null

2019-08-24 13:08:37 - [TEST_STEP][PASSED] - println(symbol): null

2019-08-24 13:08:37 - [TEST_STEP][PASSED] - if (i == 2 &amp;&amp; wildList.indexOf(symbol) != -1): null

2019-08-24 13:08:37 - [TEST_STEP][PASSED] - if (i == 3 &amp;&amp; wildList.indexOf(symbol) != -1): null

2019-08-24 13:08:37 - [TEST_STEP][PASSED] - if (i == 4 &amp;&amp; wildList.indexOf(symbol) != -1): null

2019-08-24 13:08:37 - [TEST_STEP][PASSED] - symbols = symbols: null

2019-08-24 13:08:37 - [TEST_STEP][PASSED] - for ([j = 0, j &lt; symbols.size(), (j++)]): null

2019-08-24 13:08:37 - [TEST_STEP][PASSED] - symbol = symbol: null

2019-08-24 13:08:37 - [TEST_STEP][PASSED] - println(symbol): null

2019-08-24 13:08:37 - [TEST_STEP][PASSED] - if (i == 2 &amp;&amp; wildList.indexOf(symbol) != -1): null

2019-08-24 13:08:37 - [TEST_STEP][PASSED] - if (i == 3 &amp;&amp; wildList.indexOf(symbol) != -1): null

2019-08-24 13:08:37 - [TEST_STEP][PASSED] - if (i == 4 &amp;&amp; wildList.indexOf(symbol) != -1): null

2019-08-24 13:08:37 - [TEST_STEP][PASSED] - symbol = symbol: null

2019-08-24 13:08:37 - [TEST_STEP][PASSED] - println(symbol): null

2019-08-24 13:08:37 - [TEST_STEP][PASSED] - if (i == 2 &amp;&amp; wildList.indexOf(symbol) != -1): null

2019-08-24 13:08:37 - [TEST_STEP][PASSED] - if (i == 3 &amp;&amp; wildList.indexOf(symbol) != -1): null

2019-08-24 13:08:37 - [TEST_STEP][PASSED] - if (i == 4 &amp;&amp; wildList.indexOf(symbol) != -1): null

2019-08-24 13:08:37 - [TEST_STEP][PASSED] - symbol = symbol: null

2019-08-24 13:08:37 - [TEST_STEP][PASSED] - println(symbol): null

2019-08-24 13:08:37 - [TEST_STEP][PASSED] - if (i == 2 &amp;&amp; wildList.indexOf(symbol) != -1): null

2019-08-24 13:08:37 - [TEST_STEP][PASSED] - if (i == 3 &amp;&amp; wildList.indexOf(symbol) != -1): null

2019-08-24 13:08:37 - [TEST_STEP][PASSED] - if (i == 4 &amp;&amp; wildList.indexOf(symbol) != -1): null

2019-08-24 13:08:37 - [TEST_STEP][PASSED] - free_spin_reel_counter = free_spin_reel_counter: null

2019-08-24 13:08:37 - [TEST_STEP][PASSED] - println("reel 3 wild found: " + free_spin_reel_counter[0]): null

2019-08-24 13:08:37 - [TEST_STEP][PASSED] - println("reel 4 wild found: " + free_spin_reel_counter[1]): null

2019-08-24 13:08:37 - [TEST_STEP][PASSED] - println("reel 5 wild found: " + free_spin_reel_counter[2]): null

2019-08-24 13:08:37 - [TEST_STEP][PASSED] - M4_spin_reels = M4_spin_reels: null

2019-08-24 13:08:37 - [TEST_STEP][PASSED] - M4_spin_reels_symbols = symbol: null

2019-08-24 13:08:37 - [TEST_STEP][PASSED] - M4_spin_reels_symbols = M4_spin_reels_symbols: null

2019-08-24 13:08:37 - [TEST_STEP][PASSED] - M4_spin_reel_wins = reel_wins: null

2019-08-24 13:08:37 - [TEST_STEP][PASSED] - M4_spin_reel_wins = M4_spin_reel_wins: null

2019-08-24 13:08:37 - [TEST_STEP][PASSED] - println("GlobalVariable.M4_spin_reel_wins is: " + M4_spin_reel_wins): null

2019-08-24 13:08:37 - [TEST_STEP][PASSED] - M4_spin_total_bonus_win_this_round = total_bonus_win_this_round: null

2019-08-24 13:08:37 - [TEST_STEP][PASSED] - M4_spin_total_bonus_win_this_round = M4_spin_total_bonus_win_this_round: null

2019-08-24 13:08:37 - [TEST_STEP][PASSED] - println("GlobalVariable.M4_spin_total_bonus_win_this_round is: " + M4_spin_total_bonus_win_this_round): null

2019-08-24 13:08:37 - [TEST_STEP][PASSED] - M4_spin_bonus_spin_result = spin_result: null

2019-08-24 13:08:37 - [TEST_STEP][PASSED] - M4_spin_bonus_spin_result = M4_spin_bonus_spin_result: null

2019-08-24 13:08:37 - [MESSAGE][PASSED] - Verify response successfully

2019-08-24 13:08:37 - [MESSAGE][PASSED] - Send request and verify the response successfully

2019-08-24 13:08:37 - [TEST_STEP][PASSED] - if (M4_total_bonus_spins_int != 0 &amp;&amp; M4_spin_reels_symbols[2].contains("WILD_Expanding")): null

2019-08-24 13:08:37 - [TEST_STEP][PASSED] - free_spin_reel_counter = free_spin_reel_counter: null

2019-08-24 13:08:37 - [TEST_STEP][PASSED] - M4_spin_reels_symbols = M4_spin_reels_symbols: null

2019-08-24 13:08:37 - [TEST_STEP][PASSED] - M4_total_bonus_spins = M4_total_bonus_spins: null

2019-08-24 13:08:37 - [TEST_STEP][PASSED] - spin_result = sendRequestAndVerify(findTestObject("INT/RGS(M4)/1_M4_spin", ["M4_login_user_id":M4_login_user_id, "rgs_session_token":rgs_session_token, "partner":Partner])): Send request and verify the response successfully

2019-08-24 13:08:37 - [MESSAGE][INFO] - HAR: /Users/eiralee/Katalon_Script/SuperWild/Reports/20190824_125957/INT/superWild_5/20190824_125957/requests/main/153.har

2019-08-24 13:08:37 - [TEST_CASE][PASSED] - Start Test Case : Verification: Verification accomplished successfully

2019-08-24 13:08:38 - [TEST_STEP][PASSED] - request = getInstance().getCurrentRequest(): null

2019-08-24 13:08:38 - [TEST_STEP][PASSED] - response = getInstance().getCurrentResponse(): null

2019-08-24 13:08:38 - [TEST_STEP][PASSED] - verifyResponseStatusCode(response, 200): Verify response status code successfully

2019-08-24 13:08:38 - [MESSAGE][PASSED] - Verify response status code successfully

2019-08-24 13:08:38 - [TEST_STEP][PASSED] - getStatusCode()).isEqualTo(200): null

2019-08-24 13:08:38 - [TEST_STEP][PASSED] - newline = System.getProperty("line.separator"): null

2019-08-24 13:08:38 - [TEST_STEP][PASSED] - M4_spin = new groovy.json.JsonSlurper(): null

2019-08-24 13:08:38 - [TEST_STEP][PASSED] - result_M4_spin = M4_spin.parseText(response.getResponseBodyContent()): null

2019-08-24 13:08:38 - [TEST_STEP][PASSED] - M4_spin_current_balance = current_balance: null

2019-08-24 13:08:38 - [TEST_STEP][PASSED] - M4_spin_current_balance = M4_spin_current_balance: null

2019-08-24 13:08:38 - [TEST_STEP][PASSED] - M4_spin_transaction_id = causality: null

2019-08-24 13:08:38 - [TEST_STEP][PASSED] - M4_spin_transaction_id = M4_spin_transaction_id: null

2019-08-24 13:08:38 - [TEST_STEP][PASSED] - M4_spin_round_id = round_id: null

2019-08-24 13:08:38 - [TEST_STEP][PASSED] - M4_spin_round_id = M4_spin_round_id: null

2019-08-24 13:08:38 - [TEST_STEP][PASSED] - M4_spin_line_wins = line_wins: null

2019-08-24 13:08:38 - [TEST_STEP][PASSED] - M4_spin_line_wins = M4_spin_line_wins: null

2019-08-24 13:08:38 - [TEST_STEP][PASSED] - M4_total_bonus_spins_int = total_bonus_spins: null

2019-08-24 13:08:38 - [TEST_STEP][PASSED] - println("******M4_total_bonus_spins type is:*******" + newline + getClass().getName()): null

2019-08-24 13:08:38 - [TEST_STEP][PASSED] - M4_total_bonus_spins_int = M4_total_bonus_spins_int: null

2019-08-24 13:08:38 - [TEST_STEP][PASSED] - M4_total_bonus_spins = Integer.toString(M4_total_bonus_spins_int): null

2019-08-24 13:08:38 - [TEST_STEP][PASSED] - M4_total_bonus_spins = M4_total_bonus_spins: null

2019-08-24 13:08:38 - [TEST_STEP][PASSED] - println("M4_total_bonus_spins is:" + M4_total_bonus_spins): null

2019-08-24 13:08:38 - [TEST_STEP][PASSED] - M4_spin_bonus_data = bonus_data: null

2019-08-24 13:08:38 - [TEST_STEP][PASSED] - M4_spin_features_triggered = result_M4_spin: null

2019-08-24 13:08:38 - [TEST_STEP][PASSED] - wild = []: null

2019-08-24 13:08:38 - [TEST_STEP][PASSED] - wild[0] = "WILD_Expanding": null

2019-08-24 13:08:38 - [TEST_STEP][PASSED] - wild[1] = "WILD_Normal": null

2019-08-24 13:08:38 - [TEST_STEP][PASSED] - wild[2] = "WILD_Double": null

2019-08-24 13:08:38 - [TEST_STEP][PASSED] - wild[3] = "WILD_ExtraFG": null

2019-08-24 13:08:38 - [TEST_STEP][PASSED] - wild[4] = "WILD_Triple": null

2019-08-24 13:08:38 - [TEST_STEP][PASSED] - wildList = Arrays.asList(wild): null

2019-08-24 13:08:38 - [TEST_STEP][PASSED] - wildList = wildList: null

2019-08-24 13:08:38 - [TEST_STEP][PASSED] - free_spin_reel_counter = []: null

2019-08-24 13:08:38 - [TEST_STEP][PASSED] - free_spin_reel_counter[0] = 0: null

2019-08-24 13:08:38 - [TEST_STEP][PASSED] - free_spin_reel_counter[1] = 0: null

2019-08-24 13:08:38 - [TEST_STEP][PASSED] - free_spin_reel_counter[2] = 0: null

2019-08-24 13:08:38 - [TEST_STEP][PASSED] - M4_spin_reels = reels: null

2019-08-24 13:08:38 - [TEST_STEP][PASSED] - for ([i = 0, i &lt; M4_spin_reels.size(), (i++)]): null

2019-08-24 13:08:38 - [TEST_STEP][PASSED] - symbols = symbols: null

2019-08-24 13:08:38 - [TEST_STEP][PASSED] - for ([j = 0, j &lt; symbols.size(), (j++)]): null

2019-08-24 13:08:38 - [TEST_STEP][PASSED] - symbol = symbol: null

2019-08-24 13:08:38 - [TEST_STEP][PASSED] - println(symbol): null

2019-08-24 13:08:38 - [TEST_STEP][PASSED] - if (i == 2 &amp;&amp; wildList.indexOf(symbol) != -1): null

2019-08-24 13:08:38 - [TEST_STEP][PASSED] - if (i == 3 &amp;&amp; wildList.indexOf(symbol) != -1): null

2019-08-24 13:08:38 - [TEST_STEP][PASSED] - if (i == 4 &amp;&amp; wildList.indexOf(symbol) != -1): null

2019-08-24 13:08:38 - [TEST_STEP][PASSED] - symbol = symbol: null

2019-08-24 13:08:38 - [TEST_STEP][PASSED] - println(symbol): null

2019-08-24 13:08:38 - [TEST_STEP][PASSED] - if (i == 2 &amp;&amp; wildList.indexOf(symbol) != -1): null

2019-08-24 13:08:38 - [TEST_STEP][PASSED] - if (i == 3 &amp;&amp; wildList.indexOf(symbol) != -1): null

2019-08-24 13:08:38 - [TEST_STEP][PASSED] - if (i == 4 &amp;&amp; wildList.indexOf(symbol) != -1): null

2019-08-24 13:08:38 - [TEST_STEP][PASSED] - symbol = symbol: null

2019-08-24 13:08:38 - [TEST_STEP][PASSED] - println(symbol): null

2019-08-24 13:08:38 - [TEST_STEP][PASSED] - if (i == 2 &amp;&amp; wildList.indexOf(symbol) != -1): null

2019-08-24 13:08:38 - [TEST_STEP][PASSED] - if (i == 3 &amp;&amp; wildList.indexOf(symbol) != -1): null

2019-08-24 13:08:38 - [TEST_STEP][PASSED] - if (i == 4 &amp;&amp; wildList.indexOf(symbol) != -1): null

2019-08-24 13:08:38 - [TEST_STEP][PASSED] - symbols = symbols: null

2019-08-24 13:08:38 - [TEST_STEP][PASSED] - for ([j = 0, j &lt; symbols.size(), (j++)]): null

2019-08-24 13:08:38 - [TEST_STEP][PASSED] - symbol = symbol: null

2019-08-24 13:08:38 - [TEST_STEP][PASSED] - println(symbol): null

2019-08-24 13:08:38 - [TEST_STEP][PASSED] - if (i == 2 &amp;&amp; wildList.indexOf(symbol) != -1): null

2019-08-24 13:08:38 - [TEST_STEP][PASSED] - if (i == 3 &amp;&amp; wildList.indexOf(symbol) != -1): null

2019-08-24 13:08:38 - [TEST_STEP][PASSED] - if (i == 4 &amp;&amp; wildList.indexOf(symbol) != -1): null

2019-08-24 13:08:38 - [TEST_STEP][PASSED] - symbol = symbol: null

2019-08-24 13:08:38 - [TEST_STEP][PASSED] - println(symbol): null

2019-08-24 13:08:38 - [TEST_STEP][PASSED] - if (i == 2 &amp;&amp; wildList.indexOf(symbol) != -1): null

2019-08-24 13:08:38 - [TEST_STEP][PASSED] - if (i == 3 &amp;&amp; wildList.indexOf(symbol) != -1): null

2019-08-24 13:08:38 - [TEST_STEP][PASSED] - if (i == 4 &amp;&amp; wildList.indexOf(symbol) != -1): null

2019-08-24 13:08:38 - [TEST_STEP][PASSED] - symbol = symbol: null

2019-08-24 13:08:38 - [TEST_STEP][PASSED] - println(symbol): null

2019-08-24 13:08:38 - [TEST_STEP][PASSED] - if (i == 2 &amp;&amp; wildList.indexOf(symbol) != -1): null

2019-08-24 13:08:38 - [TEST_STEP][PASSED] - if (i == 3 &amp;&amp; wildList.indexOf(symbol) != -1): null

2019-08-24 13:08:38 - [TEST_STEP][PASSED] - if (i == 4 &amp;&amp; wildList.indexOf(symbol) != -1): null

2019-08-24 13:08:38 - [TEST_STEP][PASSED] - symbols = symbols: null

2019-08-24 13:08:38 - [TEST_STEP][PASSED] - for ([j = 0, j &lt; symbols.size(), (j++)]): null

2019-08-24 13:08:38 - [TEST_STEP][PASSED] - symbol = symbol: null

2019-08-24 13:08:38 - [TEST_STEP][PASSED] - println(symbol): null

2019-08-24 13:08:38 - [TEST_STEP][PASSED] - if (i == 2 &amp;&amp; wildList.indexOf(symbol) != -1): null

2019-08-24 13:08:38 - [TEST_STEP][PASSED] - if (i == 3 &amp;&amp; wildList.indexOf(symbol) != -1): null

2019-08-24 13:08:38 - [TEST_STEP][PASSED] - if (i == 4 &amp;&amp; wildList.indexOf(symbol) != -1): null

2019-08-24 13:08:38 - [TEST_STEP][PASSED] - symbol = symbol: null

2019-08-24 13:08:38 - [TEST_STEP][PASSED] - println(symbol): null

2019-08-24 13:08:38 - [TEST_STEP][PASSED] - if (i == 2 &amp;&amp; wildList.indexOf(symbol) != -1): null

2019-08-24 13:08:38 - [TEST_STEP][PASSED] - if (i == 3 &amp;&amp; wildList.indexOf(symbol) != -1): null

2019-08-24 13:08:38 - [TEST_STEP][PASSED] - if (i == 4 &amp;&amp; wildList.indexOf(symbol) != -1): null

2019-08-24 13:08:38 - [TEST_STEP][PASSED] - symbol = symbol: null

2019-08-24 13:08:38 - [TEST_STEP][PASSED] - println(symbol): null

2019-08-24 13:08:38 - [TEST_STEP][PASSED] - if (i == 2 &amp;&amp; wildList.indexOf(symbol) != -1): null

2019-08-24 13:08:38 - [TEST_STEP][PASSED] - if (i == 3 &amp;&amp; wildList.indexOf(symbol) != -1): null

2019-08-24 13:08:38 - [TEST_STEP][PASSED] - if (i == 4 &amp;&amp; wildList.indexOf(symbol) != -1): null

2019-08-24 13:08:38 - [TEST_STEP][PASSED] - symbols = symbols: null

2019-08-24 13:08:38 - [TEST_STEP][PASSED] - for ([j = 0, j &lt; symbols.size(), (j++)]): null

2019-08-24 13:08:38 - [TEST_STEP][PASSED] - symbol = symbol: null

2019-08-24 13:08:38 - [TEST_STEP][PASSED] - println(symbol): null

2019-08-24 13:08:38 - [TEST_STEP][PASSED] - if (i == 2 &amp;&amp; wildList.indexOf(symbol) != -1): null

2019-08-24 13:08:38 - [TEST_STEP][PASSED] - if (i == 3 &amp;&amp; wildList.indexOf(symbol) != -1): null

2019-08-24 13:08:38 - [TEST_STEP][PASSED] - println("wild found on reel 4, adding counter by 1"): null

2019-08-24 13:08:38 - [TEST_STEP][PASSED] - free_spin_reel_counter[1] = free_spin_reel_counter[1] + 1: null

2019-08-24 13:08:38 - [TEST_STEP][PASSED] - if (i == 4 &amp;&amp; wildList.indexOf(symbol) != -1): null

2019-08-24 13:08:38 - [TEST_STEP][PASSED] - symbol = symbol: null

2019-08-24 13:08:38 - [TEST_STEP][PASSED] - println(symbol): null

2019-08-24 13:08:38 - [TEST_STEP][PASSED] - if (i == 2 &amp;&amp; wildList.indexOf(symbol) != -1): null

2019-08-24 13:08:38 - [TEST_STEP][PASSED] - if (i == 3 &amp;&amp; wildList.indexOf(symbol) != -1): null

2019-08-24 13:08:38 - [TEST_STEP][PASSED] - if (i == 4 &amp;&amp; wildList.indexOf(symbol) != -1): null

2019-08-24 13:08:38 - [TEST_STEP][PASSED] - symbol = symbol: null

2019-08-24 13:08:38 - [TEST_STEP][PASSED] - println(symbol): null

2019-08-24 13:08:38 - [TEST_STEP][PASSED] - if (i == 2 &amp;&amp; wildList.indexOf(symbol) != -1): null

2019-08-24 13:08:38 - [TEST_STEP][PASSED] - if (i == 3 &amp;&amp; wildList.indexOf(symbol) != -1): null

2019-08-24 13:08:38 - [TEST_STEP][PASSED] - if (i == 4 &amp;&amp; wildList.indexOf(symbol) != -1): null

2019-08-24 13:08:38 - [TEST_STEP][PASSED] - symbols = symbols: null

2019-08-24 13:08:38 - [TEST_STEP][PASSED] - for ([j = 0, j &lt; symbols.size(), (j++)]): null

2019-08-24 13:08:38 - [TEST_STEP][PASSED] - symbol = symbol: null

2019-08-24 13:08:38 - [TEST_STEP][PASSED] - println(symbol): null

2019-08-24 13:08:38 - [TEST_STEP][PASSED] - if (i == 2 &amp;&amp; wildList.indexOf(symbol) != -1): null

2019-08-24 13:08:38 - [TEST_STEP][PASSED] - if (i == 3 &amp;&amp; wildList.indexOf(symbol) != -1): null

2019-08-24 13:08:38 - [TEST_STEP][PASSED] - if (i == 4 &amp;&amp; wildList.indexOf(symbol) != -1): null

2019-08-24 13:08:38 - [TEST_STEP][PASSED] - symbol = symbol: null

2019-08-24 13:08:38 - [TEST_STEP][PASSED] - println(symbol): null

2019-08-24 13:08:38 - [TEST_STEP][PASSED] - if (i == 2 &amp;&amp; wildList.indexOf(symbol) != -1): null

2019-08-24 13:08:38 - [TEST_STEP][PASSED] - if (i == 3 &amp;&amp; wildList.indexOf(symbol) != -1): null

2019-08-24 13:08:38 - [TEST_STEP][PASSED] - if (i == 4 &amp;&amp; wildList.indexOf(symbol) != -1): null

2019-08-24 13:08:38 - [TEST_STEP][PASSED] - symbol = symbol: null

2019-08-24 13:08:38 - [TEST_STEP][PASSED] - println(symbol): null

2019-08-24 13:08:38 - [TEST_STEP][PASSED] - if (i == 2 &amp;&amp; wildList.indexOf(symbol) != -1): null

2019-08-24 13:08:38 - [TEST_STEP][PASSED] - if (i == 3 &amp;&amp; wildList.indexOf(symbol) != -1): null

2019-08-24 13:08:38 - [TEST_STEP][PASSED] - if (i == 4 &amp;&amp; wildList.indexOf(symbol) != -1): null

2019-08-24 13:08:38 - [TEST_STEP][PASSED] - free_spin_reel_counter = free_spin_reel_counter: null

2019-08-24 13:08:38 - [TEST_STEP][PASSED] - println("reel 3 wild found: " + free_spin_reel_counter[0]): null

2019-08-24 13:08:38 - [TEST_STEP][PASSED] - println("reel 4 wild found: " + free_spin_reel_counter[1]): null

2019-08-24 13:08:38 - [TEST_STEP][PASSED] - println("reel 5 wild found: " + free_spin_reel_counter[2]): null

2019-08-24 13:08:38 - [TEST_STEP][PASSED] - M4_spin_reels = M4_spin_reels: null

2019-08-24 13:08:38 - [TEST_STEP][PASSED] - M4_spin_reels_symbols = symbol: null

2019-08-24 13:08:38 - [TEST_STEP][PASSED] - M4_spin_reels_symbols = M4_spin_reels_symbols: null

2019-08-24 13:08:38 - [TEST_STEP][PASSED] - M4_spin_reel_wins = reel_wins: null

2019-08-24 13:08:38 - [TEST_STEP][PASSED] - M4_spin_reel_wins = M4_spin_reel_wins: null

2019-08-24 13:08:38 - [TEST_STEP][PASSED] - println("GlobalVariable.M4_spin_reel_wins is: " + M4_spin_reel_wins): null

2019-08-24 13:08:38 - [TEST_STEP][PASSED] - M4_spin_total_bonus_win_this_round = total_bonus_win_this_round: null

2019-08-24 13:08:38 - [TEST_STEP][PASSED] - M4_spin_total_bonus_win_this_round = M4_spin_total_bonus_win_this_round: null

2019-08-24 13:08:38 - [TEST_STEP][PASSED] - println("GlobalVariable.M4_spin_total_bonus_win_this_round is: " + M4_spin_total_bonus_win_this_round): null

2019-08-24 13:08:38 - [TEST_STEP][PASSED] - M4_spin_bonus_spin_result = spin_result: null

2019-08-24 13:08:38 - [TEST_STEP][PASSED] - M4_spin_bonus_spin_result = M4_spin_bonus_spin_result: null

2019-08-24 13:08:38 - [MESSAGE][PASSED] - Verify response successfully

2019-08-24 13:08:38 - [MESSAGE][PASSED] - Send request and verify the response successfully

2019-08-24 13:08:38 - [TEST_STEP][PASSED] - if (M4_total_bonus_spins_int != 0 &amp;&amp; M4_spin_reels_symbols[2].contains("WILD_Expanding")): null

2019-08-24 13:08:38 - [TEST_STEP][PASSED] - free_spin_reel_counter = free_spin_reel_counter: null

2019-08-24 13:08:38 - [TEST_STEP][PASSED] - M4_spin_reels_symbols = M4_spin_reels_symbols: null

2019-08-24 13:08:38 - [TEST_STEP][PASSED] - M4_total_bonus_spins = M4_total_bonus_spins: null

2019-08-24 13:08:38 - [TEST_STEP][PASSED] - spin_result = sendRequestAndVerify(findTestObject("INT/RGS(M4)/1_M4_spin", ["M4_login_user_id":M4_login_user_id, "rgs_session_token":rgs_session_token, "partner":Partner])): Send request and verify the response successfully

2019-08-24 13:08:38 - [MESSAGE][INFO] - HAR: /Users/eiralee/Katalon_Script/SuperWild/Reports/20190824_125957/INT/superWild_5/20190824_125957/requests/main/154.har

2019-08-24 13:08:38 - [TEST_CASE][PASSED] - Start Test Case : Verification: Verification accomplished successfully

2019-08-24 13:08:38 - [TEST_STEP][PASSED] - request = getInstance().getCurrentRequest(): null

2019-08-24 13:08:38 - [TEST_STEP][PASSED] - response = getInstance().getCurrentResponse(): null

2019-08-24 13:08:38 - [TEST_STEP][PASSED] - verifyResponseStatusCode(response, 200): Verify response status code successfully

2019-08-24 13:08:38 - [MESSAGE][PASSED] - Verify response status code successfully

2019-08-24 13:08:38 - [TEST_STEP][PASSED] - getStatusCode()).isEqualTo(200): null

2019-08-24 13:08:38 - [TEST_STEP][PASSED] - newline = System.getProperty("line.separator"): null

2019-08-24 13:08:38 - [TEST_STEP][PASSED] - M4_spin = new groovy.json.JsonSlurper(): null

2019-08-24 13:08:38 - [TEST_STEP][PASSED] - result_M4_spin = M4_spin.parseText(response.getResponseBodyContent()): null

2019-08-24 13:08:38 - [TEST_STEP][PASSED] - M4_spin_current_balance = current_balance: null

2019-08-24 13:08:38 - [TEST_STEP][PASSED] - M4_spin_current_balance = M4_spin_current_balance: null

2019-08-24 13:08:38 - [TEST_STEP][PASSED] - M4_spin_transaction_id = causality: null

2019-08-24 13:08:38 - [TEST_STEP][PASSED] - M4_spin_transaction_id = M4_spin_transaction_id: null

2019-08-24 13:08:38 - [TEST_STEP][PASSED] - M4_spin_round_id = round_id: null

2019-08-24 13:08:38 - [TEST_STEP][PASSED] - M4_spin_round_id = M4_spin_round_id: null

2019-08-24 13:08:38 - [TEST_STEP][PASSED] - M4_spin_line_wins = line_wins: null

2019-08-24 13:08:38 - [TEST_STEP][PASSED] - M4_spin_line_wins = M4_spin_line_wins: null

2019-08-24 13:08:38 - [TEST_STEP][PASSED] - M4_total_bonus_spins_int = total_bonus_spins: null

2019-08-24 13:08:38 - [TEST_STEP][PASSED] - println("******M4_total_bonus_spins type is:*******" + newline + getClass().getName()): null

2019-08-24 13:08:38 - [TEST_STEP][PASSED] - M4_total_bonus_spins_int = M4_total_bonus_spins_int: null

2019-08-24 13:08:38 - [TEST_STEP][PASSED] - M4_total_bonus_spins = Integer.toString(M4_total_bonus_spins_int): null

2019-08-24 13:08:38 - [TEST_STEP][PASSED] - M4_total_bonus_spins = M4_total_bonus_spins: null

2019-08-24 13:08:38 - [TEST_STEP][PASSED] - println("M4_total_bonus_spins is:" + M4_total_bonus_spins): null

2019-08-24 13:08:38 - [TEST_STEP][PASSED] - M4_spin_bonus_data = bonus_data: null

2019-08-24 13:08:38 - [TEST_STEP][PASSED] - M4_spin_features_triggered = result_M4_spin: null

2019-08-24 13:08:38 - [TEST_STEP][PASSED] - wild = []: null

2019-08-24 13:08:38 - [TEST_STEP][PASSED] - wild[0] = "WILD_Expanding": null

2019-08-24 13:08:38 - [TEST_STEP][PASSED] - wild[1] = "WILD_Normal": null

2019-08-24 13:08:38 - [TEST_STEP][PASSED] - wild[2] = "WILD_Double": null

2019-08-24 13:08:38 - [TEST_STEP][PASSED] - wild[3] = "WILD_ExtraFG": null

2019-08-24 13:08:38 - [TEST_STEP][PASSED] - wild[4] = "WILD_Triple": null

2019-08-24 13:08:38 - [TEST_STEP][PASSED] - wildList = Arrays.asList(wild): null

2019-08-24 13:08:38 - [TEST_STEP][PASSED] - wildList = wildList: null

2019-08-24 13:08:38 - [TEST_STEP][PASSED] - free_spin_reel_counter = []: null

2019-08-24 13:08:38 - [TEST_STEP][PASSED] - free_spin_reel_counter[0] = 0: null

2019-08-24 13:08:38 - [TEST_STEP][PASSED] - free_spin_reel_counter[1] = 0: null

2019-08-24 13:08:38 - [TEST_STEP][PASSED] - free_spin_reel_counter[2] = 0: null

2019-08-24 13:08:38 - [TEST_STEP][PASSED] - M4_spin_reels = reels: null

2019-08-24 13:08:38 - [TEST_STEP][PASSED] - for ([i = 0, i &lt; M4_spin_reels.size(), (i++)]): null

2019-08-24 13:08:38 - [TEST_STEP][PASSED] - symbols = symbols: null

2019-08-24 13:08:38 - [TEST_STEP][PASSED] - for ([j = 0, j &lt; symbols.size(), (j++)]): null

2019-08-24 13:08:38 - [TEST_STEP][PASSED] - symbol = symbol: null

2019-08-24 13:08:38 - [TEST_STEP][PASSED] - println(symbol): null

2019-08-24 13:08:38 - [TEST_STEP][PASSED] - if (i == 2 &amp;&amp; wildList.indexOf(symbol) != -1): null

2019-08-24 13:08:38 - [TEST_STEP][PASSED] - if (i == 3 &amp;&amp; wildList.indexOf(symbol) != -1): null

2019-08-24 13:08:38 - [TEST_STEP][PASSED] - if (i == 4 &amp;&amp; wildList.indexOf(symbol) != -1): null

2019-08-24 13:08:38 - [TEST_STEP][PASSED] - symbol = symbol: null

2019-08-24 13:08:38 - [TEST_STEP][PASSED] - println(symbol): null

2019-08-24 13:08:38 - [TEST_STEP][PASSED] - if (i == 2 &amp;&amp; wildList.indexOf(symbol) != -1): null

2019-08-24 13:08:38 - [TEST_STEP][PASSED] - if (i == 3 &amp;&amp; wildList.indexOf(symbol) != -1): null

2019-08-24 13:08:38 - [TEST_STEP][PASSED] - if (i == 4 &amp;&amp; wildList.indexOf(symbol) != -1): null

2019-08-24 13:08:38 - [TEST_STEP][PASSED] - symbol = symbol: null

2019-08-24 13:08:38 - [TEST_STEP][PASSED] - println(symbol): null

2019-08-24 13:08:38 - [TEST_STEP][PASSED] - if (i == 2 &amp;&amp; wildList.indexOf(symbol) != -1): null

2019-08-24 13:08:38 - [TEST_STEP][PASSED] - if (i == 3 &amp;&amp; wildList.indexOf(symbol) != -1): null

2019-08-24 13:08:38 - [TEST_STEP][PASSED] - if (i == 4 &amp;&amp; wildList.indexOf(symbol) != -1): null

2019-08-24 13:08:38 - [TEST_STEP][PASSED] - symbols = symbols: null

2019-08-24 13:08:38 - [TEST_STEP][PASSED] - for ([j = 0, j &lt; symbols.size(), (j++)]): null

2019-08-24 13:08:38 - [TEST_STEP][PASSED] - symbol = symbol: null

2019-08-24 13:08:38 - [TEST_STEP][PASSED] - println(symbol): null

2019-08-24 13:08:38 - [TEST_STEP][PASSED] - if (i == 2 &amp;&amp; wildList.indexOf(symbol) != -1): null

2019-08-24 13:08:38 - [TEST_STEP][PASSED] - if (i == 3 &amp;&amp; wildList.indexOf(symbol) != -1): null

2019-08-24 13:08:38 - [TEST_STEP][PASSED] - if (i == 4 &amp;&amp; wildList.indexOf(symbol) != -1): null

2019-08-24 13:08:38 - [TEST_STEP][PASSED] - symbol = symbol: null

2019-08-24 13:08:38 - [TEST_STEP][PASSED] - println(symbol): null

2019-08-24 13:08:38 - [TEST_STEP][PASSED] - if (i == 2 &amp;&amp; wildList.indexOf(symbol) != -1): null

2019-08-24 13:08:38 - [TEST_STEP][PASSED] - if (i == 3 &amp;&amp; wildList.indexOf(symbol) != -1): null

2019-08-24 13:08:38 - [TEST_STEP][PASSED] - if (i == 4 &amp;&amp; wildList.indexOf(symbol) != -1): null

2019-08-24 13:08:38 - [TEST_STEP][PASSED] - symbol = symbol: null

2019-08-24 13:08:38 - [TEST_STEP][PASSED] - println(symbol): null

2019-08-24 13:08:38 - [TEST_STEP][PASSED] - if (i == 2 &amp;&amp; wildList.indexOf(symbol) != -1): null

2019-08-24 13:08:38 - [TEST_STEP][PASSED] - if (i == 3 &amp;&amp; wildList.indexOf(symbol) != -1): null

2019-08-24 13:08:38 - [TEST_STEP][PASSED] - if (i == 4 &amp;&amp; wildList.indexOf(symbol) != -1): null

2019-08-24 13:08:38 - [TEST_STEP][PASSED] - symbols = symbols: null

2019-08-24 13:08:38 - [TEST_STEP][PASSED] - for ([j = 0, j &lt; symbols.size(), (j++)]): null

2019-08-24 13:08:38 - [TEST_STEP][PASSED] - symbol = symbol: null

2019-08-24 13:08:38 - [TEST_STEP][PASSED] - println(symbol): null

2019-08-24 13:08:38 - [TEST_STEP][PASSED] - if (i == 2 &amp;&amp; wildList.indexOf(symbol) != -1): null

2019-08-24 13:08:38 - [TEST_STEP][PASSED] - if (i == 3 &amp;&amp; wildList.indexOf(symbol) != -1): null

2019-08-24 13:08:38 - [TEST_STEP][PASSED] - if (i == 4 &amp;&amp; wildList.indexOf(symbol) != -1): null

2019-08-24 13:08:38 - [TEST_STEP][PASSED] - symbol = symbol: null

2019-08-24 13:08:38 - [TEST_STEP][PASSED] - println(symbol): null

2019-08-24 13:08:38 - [TEST_STEP][PASSED] - if (i == 2 &amp;&amp; wildList.indexOf(symbol) != -1): null

2019-08-24 13:08:38 - [TEST_STEP][PASSED] - if (i == 3 &amp;&amp; wildList.indexOf(symbol) != -1): null

2019-08-24 13:08:38 - [TEST_STEP][PASSED] - if (i == 4 &amp;&amp; wildList.indexOf(symbol) != -1): null

2019-08-24 13:08:38 - [TEST_STEP][PASSED] - symbol = symbol: null

2019-08-24 13:08:38 - [TEST_STEP][PASSED] - println(symbol): null

2019-08-24 13:08:38 - [TEST_STEP][PASSED] - if (i == 2 &amp;&amp; wildList.indexOf(symbol) != -1): null

2019-08-24 13:08:38 - [TEST_STEP][PASSED] - if (i == 3 &amp;&amp; wildList.indexOf(symbol) != -1): null

2019-08-24 13:08:38 - [TEST_STEP][PASSED] - if (i == 4 &amp;&amp; wildList.indexOf(symbol) != -1): null

2019-08-24 13:08:38 - [TEST_STEP][PASSED] - symbols = symbols: null

2019-08-24 13:08:38 - [TEST_STEP][PASSED] - for ([j = 0, j &lt; symbols.size(), (j++)]): null

2019-08-24 13:08:38 - [TEST_STEP][PASSED] - symbol = symbol: null

2019-08-24 13:08:38 - [TEST_STEP][PASSED] - println(symbol): null

2019-08-24 13:08:38 - [TEST_STEP][PASSED] - if (i == 2 &amp;&amp; wildList.indexOf(symbol) != -1): null

2019-08-24 13:08:38 - [TEST_STEP][PASSED] - if (i == 3 &amp;&amp; wildList.indexOf(symbol) != -1): null

2019-08-24 13:08:38 - [TEST_STEP][PASSED] - if (i == 4 &amp;&amp; wildList.indexOf(symbol) != -1): null

2019-08-24 13:08:38 - [TEST_STEP][PASSED] - symbol = symbol: null

2019-08-24 13:08:38 - [TEST_STEP][PASSED] - println(symbol): null

2019-08-24 13:08:38 - [TEST_STEP][PASSED] - if (i == 2 &amp;&amp; wildList.indexOf(symbol) != -1): null

2019-08-24 13:08:38 - [TEST_STEP][PASSED] - if (i == 3 &amp;&amp; wildList.indexOf(symbol) != -1): null

2019-08-24 13:08:38 - [TEST_STEP][PASSED] - if (i == 4 &amp;&amp; wildList.indexOf(symbol) != -1): null

2019-08-24 13:08:38 - [TEST_STEP][PASSED] - symbol = symbol: null

2019-08-24 13:08:38 - [TEST_STEP][PASSED] - println(symbol): null

2019-08-24 13:08:38 - [TEST_STEP][PASSED] - if (i == 2 &amp;&amp; wildList.indexOf(symbol) != -1): null

2019-08-24 13:08:38 - [TEST_STEP][PASSED] - if (i == 3 &amp;&amp; wildList.indexOf(symbol) != -1): null

2019-08-24 13:08:38 - [TEST_STEP][PASSED] - if (i == 4 &amp;&amp; wildList.indexOf(symbol) != -1): null

2019-08-24 13:08:38 - [TEST_STEP][PASSED] - symbols = symbols: null

2019-08-24 13:08:38 - [TEST_STEP][PASSED] - for ([j = 0, j &lt; symbols.size(), (j++)]): null

2019-08-24 13:08:38 - [TEST_STEP][PASSED] - symbol = symbol: null

2019-08-24 13:08:38 - [TEST_STEP][PASSED] - println(symbol): null

2019-08-24 13:08:38 - [TEST_STEP][PASSED] - if (i == 2 &amp;&amp; wildList.indexOf(symbol) != -1): null

2019-08-24 13:08:38 - [TEST_STEP][PASSED] - if (i == 3 &amp;&amp; wildList.indexOf(symbol) != -1): null

2019-08-24 13:08:38 - [TEST_STEP][PASSED] - if (i == 4 &amp;&amp; wildList.indexOf(symbol) != -1): null

2019-08-24 13:08:38 - [TEST_STEP][PASSED] - println("wild found on reel 5, adding counter by 1"): null

2019-08-24 13:08:38 - [TEST_STEP][PASSED] - free_spin_reel_counter[2] = free_spin_reel_counter[2] + 1: null

2019-08-24 13:08:38 - [TEST_STEP][PASSED] - symbol = symbol: null

2019-08-24 13:08:38 - [TEST_STEP][PASSED] - println(symbol): null

2019-08-24 13:08:38 - [TEST_STEP][PASSED] - if (i == 2 &amp;&amp; wildList.indexOf(symbol) != -1): null

2019-08-24 13:08:38 - [TEST_STEP][PASSED] - if (i == 3 &amp;&amp; wildList.indexOf(symbol) != -1): null

2019-08-24 13:08:38 - [TEST_STEP][PASSED] - if (i == 4 &amp;&amp; wildList.indexOf(symbol) != -1): null

2019-08-24 13:08:38 - [TEST_STEP][PASSED] - symbol = symbol: null

2019-08-24 13:08:38 - [TEST_STEP][PASSED] - println(symbol): null

2019-08-24 13:08:38 - [TEST_STEP][PASSED] - if (i == 2 &amp;&amp; wildList.indexOf(symbol) != -1): null

2019-08-24 13:08:38 - [TEST_STEP][PASSED] - if (i == 3 &amp;&amp; wildList.indexOf(symbol) != -1): null

2019-08-24 13:08:38 - [TEST_STEP][PASSED] - if (i == 4 &amp;&amp; wildList.indexOf(symbol) != -1): null

2019-08-24 13:08:38 - [TEST_STEP][PASSED] - free_spin_reel_counter = free_spin_reel_counter: null

2019-08-24 13:08:38 - [TEST_STEP][PASSED] - println("reel 3 wild found: " + free_spin_reel_counter[0]): null

2019-08-24 13:08:38 - [TEST_STEP][PASSED] - println("reel 4 wild found: " + free_spin_reel_counter[1]): null

2019-08-24 13:08:38 - [TEST_STEP][PASSED] - println("reel 5 wild found: " + free_spin_reel_counter[2]): null

2019-08-24 13:08:38 - [TEST_STEP][PASSED] - M4_spin_reels = M4_spin_reels: null

2019-08-24 13:08:38 - [TEST_STEP][PASSED] - M4_spin_reels_symbols = symbol: null

2019-08-24 13:08:38 - [TEST_STEP][PASSED] - M4_spin_reels_symbols = M4_spin_reels_symbols: null

2019-08-24 13:08:38 - [TEST_STEP][PASSED] - M4_spin_reel_wins = reel_wins: null

2019-08-24 13:08:38 - [TEST_STEP][PASSED] - M4_spin_reel_wins = M4_spin_reel_wins: null

2019-08-24 13:08:38 - [TEST_STEP][PASSED] - println("GlobalVariable.M4_spin_reel_wins is: " + M4_spin_reel_wins): null

2019-08-24 13:08:38 - [TEST_STEP][PASSED] - M4_spin_total_bonus_win_this_round = total_bonus_win_this_round: null

2019-08-24 13:08:38 - [TEST_STEP][PASSED] - M4_spin_total_bonus_win_this_round = M4_spin_total_bonus_win_this_round: null

2019-08-24 13:08:38 - [TEST_STEP][PASSED] - println("GlobalVariable.M4_spin_total_bonus_win_this_round is: " + M4_spin_total_bonus_win_this_round): null

2019-08-24 13:08:38 - [TEST_STEP][PASSED] - M4_spin_bonus_spin_result = spin_result: null

2019-08-24 13:08:38 - [TEST_STEP][PASSED] - M4_spin_bonus_spin_result = M4_spin_bonus_spin_result: null

2019-08-24 13:08:38 - [MESSAGE][PASSED] - Verify response successfully

2019-08-24 13:08:38 - [MESSAGE][PASSED] - Send request and verify the response successfully

2019-08-24 13:08:38 - [TEST_STEP][PASSED] - if (M4_total_bonus_spins_int != 0 &amp;&amp; M4_spin_reels_symbols[2].contains("WILD_Expanding")): null

2019-08-24 13:08:38 - [TEST_STEP][PASSED] - free_spin_reel_counter = free_spin_reel_counter: null

2019-08-24 13:08:38 - [TEST_STEP][PASSED] - M4_spin_reels_symbols = M4_spin_reels_symbols: null

2019-08-24 13:08:38 - [TEST_STEP][PASSED] - M4_total_bonus_spins = M4_total_bonus_spins: null

2019-08-24 13:08:38 - [TEST_STEP][PASSED] - spin_result = sendRequestAndVerify(findTestObject("INT/RGS(M4)/1_M4_spin", ["M4_login_user_id":M4_login_user_id, "rgs_session_token":rgs_session_token, "partner":Partner])): Send request and verify the response successfully

2019-08-24 13:08:39 - [MESSAGE][INFO] - HAR: /Users/eiralee/Katalon_Script/SuperWild/Reports/20190824_125957/INT/superWild_5/20190824_125957/requests/main/155.har

2019-08-24 13:08:39 - [TEST_CASE][PASSED] - Start Test Case : Verification: Verification accomplished successfully

2019-08-24 13:08:39 - [TEST_STEP][PASSED] - request = getInstance().getCurrentRequest(): null

2019-08-24 13:08:39 - [TEST_STEP][PASSED] - response = getInstance().getCurrentResponse(): null

2019-08-24 13:08:39 - [TEST_STEP][PASSED] - verifyResponseStatusCode(response, 200): Verify response status code successfully

2019-08-24 13:08:39 - [MESSAGE][PASSED] - Verify response status code successfully

2019-08-24 13:08:39 - [TEST_STEP][PASSED] - getStatusCode()).isEqualTo(200): null

2019-08-24 13:08:39 - [TEST_STEP][PASSED] - newline = System.getProperty("line.separator"): null

2019-08-24 13:08:39 - [TEST_STEP][PASSED] - M4_spin = new groovy.json.JsonSlurper(): null

2019-08-24 13:08:39 - [TEST_STEP][PASSED] - result_M4_spin = M4_spin.parseText(response.getResponseBodyContent()): null

2019-08-24 13:08:39 - [TEST_STEP][PASSED] - M4_spin_current_balance = current_balance: null

2019-08-24 13:08:39 - [TEST_STEP][PASSED] - M4_spin_current_balance = M4_spin_current_balance: null

2019-08-24 13:08:39 - [TEST_STEP][PASSED] - M4_spin_transaction_id = causality: null

2019-08-24 13:08:39 - [TEST_STEP][PASSED] - M4_spin_transaction_id = M4_spin_transaction_id: null

2019-08-24 13:08:39 - [TEST_STEP][PASSED] - M4_spin_round_id = round_id: null

2019-08-24 13:08:39 - [TEST_STEP][PASSED] - M4_spin_round_id = M4_spin_round_id: null

2019-08-24 13:08:39 - [TEST_STEP][PASSED] - M4_spin_line_wins = line_wins: null

2019-08-24 13:08:39 - [TEST_STEP][PASSED] - M4_spin_line_wins = M4_spin_line_wins: null

2019-08-24 13:08:39 - [TEST_STEP][PASSED] - M4_total_bonus_spins_int = total_bonus_spins: null

2019-08-24 13:08:39 - [TEST_STEP][PASSED] - println("******M4_total_bonus_spins type is:*******" + newline + getClass().getName()): null

2019-08-24 13:08:39 - [TEST_STEP][PASSED] - M4_total_bonus_spins_int = M4_total_bonus_spins_int: null

2019-08-24 13:08:39 - [TEST_STEP][PASSED] - M4_total_bonus_spins = Integer.toString(M4_total_bonus_spins_int): null

2019-08-24 13:08:39 - [TEST_STEP][PASSED] - M4_total_bonus_spins = M4_total_bonus_spins: null

2019-08-24 13:08:39 - [TEST_STEP][PASSED] - println("M4_total_bonus_spins is:" + M4_total_bonus_spins): null

2019-08-24 13:08:39 - [TEST_STEP][PASSED] - M4_spin_bonus_data = bonus_data: null

2019-08-24 13:08:39 - [TEST_STEP][PASSED] - M4_spin_features_triggered = result_M4_spin: null

2019-08-24 13:08:39 - [TEST_STEP][PASSED] - wild = []: null

2019-08-24 13:08:39 - [TEST_STEP][PASSED] - wild[0] = "WILD_Expanding": null

2019-08-24 13:08:39 - [TEST_STEP][PASSED] - wild[1] = "WILD_Normal": null

2019-08-24 13:08:39 - [TEST_STEP][PASSED] - wild[2] = "WILD_Double": null

2019-08-24 13:08:39 - [TEST_STEP][PASSED] - wild[3] = "WILD_ExtraFG": null

2019-08-24 13:08:39 - [TEST_STEP][PASSED] - wild[4] = "WILD_Triple": null

2019-08-24 13:08:39 - [TEST_STEP][PASSED] - wildList = Arrays.asList(wild): null

2019-08-24 13:08:39 - [TEST_STEP][PASSED] - wildList = wildList: null

2019-08-24 13:08:39 - [TEST_STEP][PASSED] - free_spin_reel_counter = []: null

2019-08-24 13:08:39 - [TEST_STEP][PASSED] - free_spin_reel_counter[0] = 0: null

2019-08-24 13:08:39 - [TEST_STEP][PASSED] - free_spin_reel_counter[1] = 0: null

2019-08-24 13:08:39 - [TEST_STEP][PASSED] - free_spin_reel_counter[2] = 0: null

2019-08-24 13:08:39 - [TEST_STEP][PASSED] - M4_spin_reels = reels: null

2019-08-24 13:08:39 - [TEST_STEP][PASSED] - for ([i = 0, i &lt; M4_spin_reels.size(), (i++)]): null

2019-08-24 13:08:39 - [TEST_STEP][PASSED] - symbols = symbols: null

2019-08-24 13:08:39 - [TEST_STEP][PASSED] - for ([j = 0, j &lt; symbols.size(), (j++)]): null

2019-08-24 13:08:39 - [TEST_STEP][PASSED] - symbol = symbol: null

2019-08-24 13:08:39 - [TEST_STEP][PASSED] - println(symbol): null

2019-08-24 13:08:39 - [TEST_STEP][PASSED] - if (i == 2 &amp;&amp; wildList.indexOf(symbol) != -1): null

2019-08-24 13:08:39 - [TEST_STEP][PASSED] - if (i == 3 &amp;&amp; wildList.indexOf(symbol) != -1): null

2019-08-24 13:08:39 - [TEST_STEP][PASSED] - if (i == 4 &amp;&amp; wildList.indexOf(symbol) != -1): null

2019-08-24 13:08:39 - [TEST_STEP][PASSED] - symbol = symbol: null

2019-08-24 13:08:39 - [TEST_STEP][PASSED] - println(symbol): null

2019-08-24 13:08:39 - [TEST_STEP][PASSED] - if (i == 2 &amp;&amp; wildList.indexOf(symbol) != -1): null

2019-08-24 13:08:39 - [TEST_STEP][PASSED] - if (i == 3 &amp;&amp; wildList.indexOf(symbol) != -1): null

2019-08-24 13:08:39 - [TEST_STEP][PASSED] - if (i == 4 &amp;&amp; wildList.indexOf(symbol) != -1): null

2019-08-24 13:08:39 - [TEST_STEP][PASSED] - symbol = symbol: null

2019-08-24 13:08:39 - [TEST_STEP][PASSED] - println(symbol): null

2019-08-24 13:08:39 - [TEST_STEP][PASSED] - if (i == 2 &amp;&amp; wildList.indexOf(symbol) != -1): null

2019-08-24 13:08:39 - [TEST_STEP][PASSED] - if (i == 3 &amp;&amp; wildList.indexOf(symbol) != -1): null

2019-08-24 13:08:39 - [TEST_STEP][PASSED] - if (i == 4 &amp;&amp; wildList.indexOf(symbol) != -1): null

2019-08-24 13:08:39 - [TEST_STEP][PASSED] - symbols = symbols: null

2019-08-24 13:08:39 - [TEST_STEP][PASSED] - for ([j = 0, j &lt; symbols.size(), (j++)]): null

2019-08-24 13:08:39 - [TEST_STEP][PASSED] - symbol = symbol: null

2019-08-24 13:08:39 - [TEST_STEP][PASSED] - println(symbol): null

2019-08-24 13:08:39 - [TEST_STEP][PASSED] - if (i == 2 &amp;&amp; wildList.indexOf(symbol) != -1): null

2019-08-24 13:08:39 - [TEST_STEP][PASSED] - if (i == 3 &amp;&amp; wildList.indexOf(symbol) != -1): null

2019-08-24 13:08:39 - [TEST_STEP][PASSED] - if (i == 4 &amp;&amp; wildList.indexOf(symbol) != -1): null

2019-08-24 13:08:39 - [TEST_STEP][PASSED] - symbol = symbol: null

2019-08-24 13:08:39 - [TEST_STEP][PASSED] - println(symbol): null

2019-08-24 13:08:39 - [TEST_STEP][PASSED] - if (i == 2 &amp;&amp; wildList.indexOf(symbol) != -1): null

2019-08-24 13:08:39 - [TEST_STEP][PASSED] - if (i == 3 &amp;&amp; wildList.indexOf(symbol) != -1): null

2019-08-24 13:08:39 - [TEST_STEP][PASSED] - if (i == 4 &amp;&amp; wildList.indexOf(symbol) != -1): null

2019-08-24 13:08:39 - [TEST_STEP][PASSED] - symbol = symbol: null

2019-08-24 13:08:39 - [TEST_STEP][PASSED] - println(symbol): null

2019-08-24 13:08:39 - [TEST_STEP][PASSED] - if (i == 2 &amp;&amp; wildList.indexOf(symbol) != -1): null

2019-08-24 13:08:39 - [TEST_STEP][PASSED] - if (i == 3 &amp;&amp; wildList.indexOf(symbol) != -1): null

2019-08-24 13:08:39 - [TEST_STEP][PASSED] - if (i == 4 &amp;&amp; wildList.indexOf(symbol) != -1): null

2019-08-24 13:08:39 - [TEST_STEP][PASSED] - symbols = symbols: null

2019-08-24 13:08:39 - [TEST_STEP][PASSED] - for ([j = 0, j &lt; symbols.size(), (j++)]): null

2019-08-24 13:08:39 - [TEST_STEP][PASSED] - symbol = symbol: null

2019-08-24 13:08:39 - [TEST_STEP][PASSED] - println(symbol): null

2019-08-24 13:08:39 - [TEST_STEP][PASSED] - if (i == 2 &amp;&amp; wildList.indexOf(symbol) != -1): null

2019-08-24 13:08:39 - [TEST_STEP][PASSED] - println("wild found on reel 3, adding counter by 1"): null

2019-08-24 13:08:39 - [TEST_STEP][PASSED] - free_spin_reel_counter[0] = free_spin_reel_counter[0] + 1: null

2019-08-24 13:08:39 - [TEST_STEP][PASSED] - if (i == 3 &amp;&amp; wildList.indexOf(symbol) != -1): null

2019-08-24 13:08:39 - [TEST_STEP][PASSED] - if (i == 4 &amp;&amp; wildList.indexOf(symbol) != -1): null

2019-08-24 13:08:39 - [TEST_STEP][PASSED] - symbol = symbol: null

2019-08-24 13:08:39 - [TEST_STEP][PASSED] - println(symbol): null

2019-08-24 13:08:39 - [TEST_STEP][PASSED] - if (i == 2 &amp;&amp; wildList.indexOf(symbol) != -1): null

2019-08-24 13:08:39 - [TEST_STEP][PASSED] - if (i == 3 &amp;&amp; wildList.indexOf(symbol) != -1): null

2019-08-24 13:08:39 - [TEST_STEP][PASSED] - if (i == 4 &amp;&amp; wildList.indexOf(symbol) != -1): null

2019-08-24 13:08:39 - [TEST_STEP][PASSED] - symbol = symbol: null

2019-08-24 13:08:39 - [TEST_STEP][PASSED] - println(symbol): null

2019-08-24 13:08:39 - [TEST_STEP][PASSED] - if (i == 2 &amp;&amp; wildList.indexOf(symbol) != -1): null

2019-08-24 13:08:39 - [TEST_STEP][PASSED] - if (i == 3 &amp;&amp; wildList.indexOf(symbol) != -1): null

2019-08-24 13:08:39 - [TEST_STEP][PASSED] - if (i == 4 &amp;&amp; wildList.indexOf(symbol) != -1): null

2019-08-24 13:08:39 - [TEST_STEP][PASSED] - symbols = symbols: null

2019-08-24 13:08:39 - [TEST_STEP][PASSED] - for ([j = 0, j &lt; symbols.size(), (j++)]): null

2019-08-24 13:08:39 - [TEST_STEP][PASSED] - symbol = symbol: null

2019-08-24 13:08:39 - [TEST_STEP][PASSED] - println(symbol): null

2019-08-24 13:08:39 - [TEST_STEP][PASSED] - if (i == 2 &amp;&amp; wildList.indexOf(symbol) != -1): null

2019-08-24 13:08:39 - [TEST_STEP][PASSED] - if (i == 3 &amp;&amp; wildList.indexOf(symbol) != -1): null

2019-08-24 13:08:39 - [TEST_STEP][PASSED] - if (i == 4 &amp;&amp; wildList.indexOf(symbol) != -1): null

2019-08-24 13:08:39 - [TEST_STEP][PASSED] - symbol = symbol: null

2019-08-24 13:08:39 - [TEST_STEP][PASSED] - println(symbol): null

2019-08-24 13:08:39 - [TEST_STEP][PASSED] - if (i == 2 &amp;&amp; wildList.indexOf(symbol) != -1): null

2019-08-24 13:08:39 - [TEST_STEP][PASSED] - if (i == 3 &amp;&amp; wildList.indexOf(symbol) != -1): null

2019-08-24 13:08:39 - [TEST_STEP][PASSED] - if (i == 4 &amp;&amp; wildList.indexOf(symbol) != -1): null

2019-08-24 13:08:39 - [TEST_STEP][PASSED] - symbol = symbol: null

2019-08-24 13:08:39 - [TEST_STEP][PASSED] - println(symbol): null

2019-08-24 13:08:39 - [TEST_STEP][PASSED] - if (i == 2 &amp;&amp; wildList.indexOf(symbol) != -1): null

2019-08-24 13:08:39 - [TEST_STEP][PASSED] - if (i == 3 &amp;&amp; wildList.indexOf(symbol) != -1): null

2019-08-24 13:08:39 - [TEST_STEP][PASSED] - if (i == 4 &amp;&amp; wildList.indexOf(symbol) != -1): null

2019-08-24 13:08:39 - [TEST_STEP][PASSED] - symbols = symbols: null

2019-08-24 13:08:39 - [TEST_STEP][PASSED] - for ([j = 0, j &lt; symbols.size(), (j++)]): null

2019-08-24 13:08:39 - [TEST_STEP][PASSED] - symbol = symbol: null

2019-08-24 13:08:39 - [TEST_STEP][PASSED] - println(symbol): null

2019-08-24 13:08:39 - [TEST_STEP][PASSED] - if (i == 2 &amp;&amp; wildList.indexOf(symbol) != -1): null

2019-08-24 13:08:39 - [TEST_STEP][PASSED] - if (i == 3 &amp;&amp; wildList.indexOf(symbol) != -1): null

2019-08-24 13:08:39 - [TEST_STEP][PASSED] - if (i == 4 &amp;&amp; wildList.indexOf(symbol) != -1): null

2019-08-24 13:08:39 - [TEST_STEP][PASSED] - symbol = symbol: null

2019-08-24 13:08:39 - [TEST_STEP][PASSED] - println(symbol): null

2019-08-24 13:08:39 - [TEST_STEP][PASSED] - if (i == 2 &amp;&amp; wildList.indexOf(symbol) != -1): null

2019-08-24 13:08:39 - [TEST_STEP][PASSED] - if (i == 3 &amp;&amp; wildList.indexOf(symbol) != -1): null

2019-08-24 13:08:39 - [TEST_STEP][PASSED] - if (i == 4 &amp;&amp; wildList.indexOf(symbol) != -1): null

2019-08-24 13:08:39 - [TEST_STEP][PASSED] - symbol = symbol: null

2019-08-24 13:08:39 - [TEST_STEP][PASSED] - println(symbol): null

2019-08-24 13:08:39 - [TEST_STEP][PASSED] - if (i == 2 &amp;&amp; wildList.indexOf(symbol) != -1): null

2019-08-24 13:08:39 - [TEST_STEP][PASSED] - if (i == 3 &amp;&amp; wildList.indexOf(symbol) != -1): null

2019-08-24 13:08:39 - [TEST_STEP][PASSED] - if (i == 4 &amp;&amp; wildList.indexOf(symbol) != -1): null

2019-08-24 13:08:39 - [TEST_STEP][PASSED] - free_spin_reel_counter = free_spin_reel_counter: null

2019-08-24 13:08:39 - [TEST_STEP][PASSED] - println("reel 3 wild found: " + free_spin_reel_counter[0]): null

2019-08-24 13:08:39 - [TEST_STEP][PASSED] - println("reel 4 wild found: " + free_spin_reel_counter[1]): null

2019-08-24 13:08:39 - [TEST_STEP][PASSED] - println("reel 5 wild found: " + free_spin_reel_counter[2]): null

2019-08-24 13:08:39 - [TEST_STEP][PASSED] - M4_spin_reels = M4_spin_reels: null

2019-08-24 13:08:39 - [TEST_STEP][PASSED] - M4_spin_reels_symbols = symbol: null

2019-08-24 13:08:39 - [TEST_STEP][PASSED] - M4_spin_reels_symbols = M4_spin_reels_symbols: null

2019-08-24 13:08:39 - [TEST_STEP][PASSED] - M4_spin_reel_wins = reel_wins: null

2019-08-24 13:08:39 - [TEST_STEP][PASSED] - M4_spin_reel_wins = M4_spin_reel_wins: null

2019-08-24 13:08:39 - [TEST_STEP][PASSED] - println("GlobalVariable.M4_spin_reel_wins is: " + M4_spin_reel_wins): null

2019-08-24 13:08:39 - [TEST_STEP][PASSED] - M4_spin_total_bonus_win_this_round = total_bonus_win_this_round: null

2019-08-24 13:08:39 - [TEST_STEP][PASSED] - M4_spin_total_bonus_win_this_round = M4_spin_total_bonus_win_this_round: null

2019-08-24 13:08:39 - [TEST_STEP][PASSED] - println("GlobalVariable.M4_spin_total_bonus_win_this_round is: " + M4_spin_total_bonus_win_this_round): null

2019-08-24 13:08:39 - [TEST_STEP][PASSED] - M4_spin_bonus_spin_result = spin_result: null

2019-08-24 13:08:39 - [TEST_STEP][PASSED] - M4_spin_bonus_spin_result = M4_spin_bonus_spin_result: null

2019-08-24 13:08:39 - [MESSAGE][PASSED] - Verify response successfully

2019-08-24 13:08:39 - [MESSAGE][PASSED] - Send request and verify the response successfully

2019-08-24 13:08:39 - [TEST_STEP][PASSED] - if (M4_total_bonus_spins_int != 0 &amp;&amp; M4_spin_reels_symbols[2].contains("WILD_Expanding")): null

2019-08-24 13:08:39 - [TEST_STEP][PASSED] - free_spin_reel_counter = free_spin_reel_counter: null

2019-08-24 13:08:39 - [TEST_STEP][PASSED] - M4_spin_reels_symbols = M4_spin_reels_symbols: null

2019-08-24 13:08:39 - [TEST_STEP][PASSED] - M4_total_bonus_spins = M4_total_bonus_spins: null

2019-08-24 13:08:39 - [TEST_STEP][PASSED] - spin_result = sendRequestAndVerify(findTestObject("INT/RGS(M4)/1_M4_spin", ["M4_login_user_id":M4_login_user_id, "rgs_session_token":rgs_session_token, "partner":Partner])): Send request and verify the response successfully

2019-08-24 13:08:39 - [MESSAGE][INFO] - HAR: /Users/eiralee/Katalon_Script/SuperWild/Reports/20190824_125957/INT/superWild_5/20190824_125957/requests/main/156.har

2019-08-24 13:08:40 - [TEST_CASE][PASSED] - Start Test Case : Verification: Verification accomplished successfully

2019-08-24 13:08:40 - [TEST_STEP][PASSED] - request = getInstance().getCurrentRequest(): null

2019-08-24 13:08:40 - [TEST_STEP][PASSED] - response = getInstance().getCurrentResponse(): null

2019-08-24 13:08:40 - [TEST_STEP][PASSED] - verifyResponseStatusCode(response, 200): Verify response status code successfully

2019-08-24 13:08:40 - [MESSAGE][PASSED] - Verify response status code successfully

2019-08-24 13:08:40 - [TEST_STEP][PASSED] - getStatusCode()).isEqualTo(200): null

2019-08-24 13:08:40 - [TEST_STEP][PASSED] - newline = System.getProperty("line.separator"): null

2019-08-24 13:08:40 - [TEST_STEP][PASSED] - M4_spin = new groovy.json.JsonSlurper(): null

2019-08-24 13:08:40 - [TEST_STEP][PASSED] - result_M4_spin = M4_spin.parseText(response.getResponseBodyContent()): null

2019-08-24 13:08:40 - [TEST_STEP][PASSED] - M4_spin_current_balance = current_balance: null

2019-08-24 13:08:40 - [TEST_STEP][PASSED] - M4_spin_current_balance = M4_spin_current_balance: null

2019-08-24 13:08:40 - [TEST_STEP][PASSED] - M4_spin_transaction_id = causality: null

2019-08-24 13:08:40 - [TEST_STEP][PASSED] - M4_spin_transaction_id = M4_spin_transaction_id: null

2019-08-24 13:08:40 - [TEST_STEP][PASSED] - M4_spin_round_id = round_id: null

2019-08-24 13:08:40 - [TEST_STEP][PASSED] - M4_spin_round_id = M4_spin_round_id: null

2019-08-24 13:08:40 - [TEST_STEP][PASSED] - M4_spin_line_wins = line_wins: null

2019-08-24 13:08:40 - [TEST_STEP][PASSED] - M4_spin_line_wins = M4_spin_line_wins: null

2019-08-24 13:08:40 - [TEST_STEP][PASSED] - M4_total_bonus_spins_int = total_bonus_spins: null

2019-08-24 13:08:40 - [TEST_STEP][PASSED] - println("******M4_total_bonus_spins type is:*******" + newline + getClass().getName()): null

2019-08-24 13:08:40 - [TEST_STEP][PASSED] - M4_total_bonus_spins_int = M4_total_bonus_spins_int: null

2019-08-24 13:08:40 - [TEST_STEP][PASSED] - M4_total_bonus_spins = Integer.toString(M4_total_bonus_spins_int): null

2019-08-24 13:08:40 - [TEST_STEP][PASSED] - M4_total_bonus_spins = M4_total_bonus_spins: null

2019-08-24 13:08:40 - [TEST_STEP][PASSED] - println("M4_total_bonus_spins is:" + M4_total_bonus_spins): null

2019-08-24 13:08:40 - [TEST_STEP][PASSED] - M4_spin_bonus_data = bonus_data: null

2019-08-24 13:08:40 - [TEST_STEP][PASSED] - M4_spin_features_triggered = result_M4_spin: null

2019-08-24 13:08:40 - [TEST_STEP][PASSED] - wild = []: null

2019-08-24 13:08:40 - [TEST_STEP][PASSED] - wild[0] = "WILD_Expanding": null

2019-08-24 13:08:40 - [TEST_STEP][PASSED] - wild[1] = "WILD_Normal": null

2019-08-24 13:08:40 - [TEST_STEP][PASSED] - wild[2] = "WILD_Double": null

2019-08-24 13:08:40 - [TEST_STEP][PASSED] - wild[3] = "WILD_ExtraFG": null

2019-08-24 13:08:40 - [TEST_STEP][PASSED] - wild[4] = "WILD_Triple": null

2019-08-24 13:08:40 - [TEST_STEP][PASSED] - wildList = Arrays.asList(wild): null

2019-08-24 13:08:40 - [TEST_STEP][PASSED] - wildList = wildList: null

2019-08-24 13:08:40 - [TEST_STEP][PASSED] - free_spin_reel_counter = []: null

2019-08-24 13:08:40 - [TEST_STEP][PASSED] - free_spin_reel_counter[0] = 0: null

2019-08-24 13:08:40 - [TEST_STEP][PASSED] - free_spin_reel_counter[1] = 0: null

2019-08-24 13:08:40 - [TEST_STEP][PASSED] - free_spin_reel_counter[2] = 0: null

2019-08-24 13:08:40 - [TEST_STEP][PASSED] - M4_spin_reels = reels: null

2019-08-24 13:08:40 - [TEST_STEP][PASSED] - for ([i = 0, i &lt; M4_spin_reels.size(), (i++)]): null

2019-08-24 13:08:40 - [TEST_STEP][PASSED] - symbols = symbols: null

2019-08-24 13:08:40 - [TEST_STEP][PASSED] - for ([j = 0, j &lt; symbols.size(), (j++)]): null

2019-08-24 13:08:40 - [TEST_STEP][PASSED] - symbol = symbol: null

2019-08-24 13:08:40 - [TEST_STEP][PASSED] - println(symbol): null

2019-08-24 13:08:40 - [TEST_STEP][PASSED] - if (i == 2 &amp;&amp; wildList.indexOf(symbol) != -1): null

2019-08-24 13:08:40 - [TEST_STEP][PASSED] - if (i == 3 &amp;&amp; wildList.indexOf(symbol) != -1): null

2019-08-24 13:08:40 - [TEST_STEP][PASSED] - if (i == 4 &amp;&amp; wildList.indexOf(symbol) != -1): null

2019-08-24 13:08:40 - [TEST_STEP][PASSED] - symbol = symbol: null

2019-08-24 13:08:40 - [TEST_STEP][PASSED] - println(symbol): null

2019-08-24 13:08:40 - [TEST_STEP][PASSED] - if (i == 2 &amp;&amp; wildList.indexOf(symbol) != -1): null

2019-08-24 13:08:40 - [TEST_STEP][PASSED] - if (i == 3 &amp;&amp; wildList.indexOf(symbol) != -1): null

2019-08-24 13:08:40 - [TEST_STEP][PASSED] - if (i == 4 &amp;&amp; wildList.indexOf(symbol) != -1): null

2019-08-24 13:08:40 - [TEST_STEP][PASSED] - symbol = symbol: null

2019-08-24 13:08:40 - [TEST_STEP][PASSED] - println(symbol): null

2019-08-24 13:08:40 - [TEST_STEP][PASSED] - if (i == 2 &amp;&amp; wildList.indexOf(symbol) != -1): null

2019-08-24 13:08:40 - [TEST_STEP][PASSED] - if (i == 3 &amp;&amp; wildList.indexOf(symbol) != -1): null

2019-08-24 13:08:42 - [TEST_STEP][PASSED] - if (i == 4 &amp;&amp; wildList.indexOf(symbol) != -1): null

2019-08-24 13:08:42 - [TEST_STEP][PASSED] - symbols = symbols: null

2019-08-24 13:08:42 - [TEST_STEP][PASSED] - for ([j = 0, j &lt; symbols.size(), (j++)]): null

2019-08-24 13:08:42 - [TEST_STEP][PASSED] - symbol = symbol: null

2019-08-24 13:08:42 - [TEST_STEP][PASSED] - println(symbol): null

2019-08-24 13:08:42 - [TEST_STEP][PASSED] - if (i == 2 &amp;&amp; wildList.indexOf(symbol) != -1): null

2019-08-24 13:08:42 - [TEST_STEP][PASSED] - if (i == 3 &amp;&amp; wildList.indexOf(symbol) != -1): null

2019-08-24 13:08:42 - [TEST_STEP][PASSED] - if (i == 4 &amp;&amp; wildList.indexOf(symbol) != -1): null

2019-08-24 13:08:42 - [TEST_STEP][PASSED] - symbol = symbol: null

2019-08-24 13:08:42 - [TEST_STEP][PASSED] - println(symbol): null

2019-08-24 13:08:42 - [TEST_STEP][PASSED] - if (i == 2 &amp;&amp; wildList.indexOf(symbol) != -1): null

2019-08-24 13:08:42 - [TEST_STEP][PASSED] - if (i == 3 &amp;&amp; wildList.indexOf(symbol) != -1): null

2019-08-24 13:08:42 - [TEST_STEP][PASSED] - if (i == 4 &amp;&amp; wildList.indexOf(symbol) != -1): null

2019-08-24 13:08:42 - [TEST_STEP][PASSED] - symbol = symbol: null

2019-08-24 13:08:42 - [TEST_STEP][PASSED] - println(symbol): null

2019-08-24 13:08:42 - [TEST_STEP][PASSED] - if (i == 2 &amp;&amp; wildList.indexOf(symbol) != -1): null

2019-08-24 13:08:42 - [TEST_STEP][PASSED] - if (i == 3 &amp;&amp; wildList.indexOf(symbol) != -1): null

2019-08-24 13:08:42 - [TEST_STEP][PASSED] - if (i == 4 &amp;&amp; wildList.indexOf(symbol) != -1): null

2019-08-24 13:08:42 - [TEST_STEP][PASSED] - symbols = symbols: null

2019-08-24 13:08:42 - [TEST_STEP][PASSED] - for ([j = 0, j &lt; symbols.size(), (j++)]): null

2019-08-24 13:08:42 - [TEST_STEP][PASSED] - symbol = symbol: null

2019-08-24 13:08:42 - [TEST_STEP][PASSED] - println(symbol): null

2019-08-24 13:08:42 - [TEST_STEP][PASSED] - if (i == 2 &amp;&amp; wildList.indexOf(symbol) != -1): null

2019-08-24 13:08:42 - [TEST_STEP][PASSED] - if (i == 3 &amp;&amp; wildList.indexOf(symbol) != -1): null

2019-08-24 13:08:42 - [TEST_STEP][PASSED] - if (i == 4 &amp;&amp; wildList.indexOf(symbol) != -1): null

2019-08-24 13:08:42 - [TEST_STEP][PASSED] - symbol = symbol: null

2019-08-24 13:08:42 - [TEST_STEP][PASSED] - println(symbol): null

2019-08-24 13:08:42 - [TEST_STEP][PASSED] - if (i == 2 &amp;&amp; wildList.indexOf(symbol) != -1): null

2019-08-24 13:08:42 - [TEST_STEP][PASSED] - if (i == 3 &amp;&amp; wildList.indexOf(symbol) != -1): null

2019-08-24 13:08:42 - [TEST_STEP][PASSED] - if (i == 4 &amp;&amp; wildList.indexOf(symbol) != -1): null

2019-08-24 13:08:42 - [TEST_STEP][PASSED] - symbol = symbol: null

2019-08-24 13:08:42 - [TEST_STEP][PASSED] - println(symbol): null

2019-08-24 13:08:42 - [TEST_STEP][PASSED] - if (i == 2 &amp;&amp; wildList.indexOf(symbol) != -1): null

2019-08-24 13:08:42 - [TEST_STEP][PASSED] - if (i == 3 &amp;&amp; wildList.indexOf(symbol) != -1): null

2019-08-24 13:08:42 - [TEST_STEP][PASSED] - if (i == 4 &amp;&amp; wildList.indexOf(symbol) != -1): null

2019-08-24 13:08:42 - [TEST_STEP][PASSED] - symbols = symbols: null

2019-08-24 13:08:42 - [TEST_STEP][PASSED] - for ([j = 0, j &lt; symbols.size(), (j++)]): null

2019-08-24 13:08:42 - [TEST_STEP][PASSED] - symbol = symbol: null

2019-08-24 13:08:42 - [TEST_STEP][PASSED] - println(symbol): null

2019-08-24 13:08:42 - [TEST_STEP][PASSED] - if (i == 2 &amp;&amp; wildList.indexOf(symbol) != -1): null

2019-08-24 13:08:42 - [TEST_STEP][PASSED] - if (i == 3 &amp;&amp; wildList.indexOf(symbol) != -1): null

2019-08-24 13:08:42 - [TEST_STEP][PASSED] - if (i == 4 &amp;&amp; wildList.indexOf(symbol) != -1): null

2019-08-24 13:08:42 - [TEST_STEP][PASSED] - symbol = symbol: null

2019-08-24 13:08:42 - [TEST_STEP][PASSED] - println(symbol): null

2019-08-24 13:08:42 - [TEST_STEP][PASSED] - if (i == 2 &amp;&amp; wildList.indexOf(symbol) != -1): null

2019-08-24 13:08:42 - [TEST_STEP][PASSED] - if (i == 3 &amp;&amp; wildList.indexOf(symbol) != -1): null

2019-08-24 13:08:42 - [TEST_STEP][PASSED] - if (i == 4 &amp;&amp; wildList.indexOf(symbol) != -1): null

2019-08-24 13:08:42 - [TEST_STEP][PASSED] - symbol = symbol: null

2019-08-24 13:08:42 - [TEST_STEP][PASSED] - println(symbol): null

2019-08-24 13:08:42 - [TEST_STEP][PASSED] - if (i == 2 &amp;&amp; wildList.indexOf(symbol) != -1): null

2019-08-24 13:08:42 - [TEST_STEP][PASSED] - if (i == 3 &amp;&amp; wildList.indexOf(symbol) != -1): null

2019-08-24 13:08:42 - [TEST_STEP][PASSED] - if (i == 4 &amp;&amp; wildList.indexOf(symbol) != -1): null

2019-08-24 13:08:42 - [TEST_STEP][PASSED] - symbols = symbols: null

2019-08-24 13:08:42 - [TEST_STEP][PASSED] - for ([j = 0, j &lt; symbols.size(), (j++)]): null

2019-08-24 13:08:42 - [TEST_STEP][PASSED] - symbol = symbol: null

2019-08-24 13:08:42 - [TEST_STEP][PASSED] - println(symbol): null

2019-08-24 13:08:42 - [TEST_STEP][PASSED] - if (i == 2 &amp;&amp; wildList.indexOf(symbol) != -1): null

2019-08-24 13:08:42 - [TEST_STEP][PASSED] - if (i == 3 &amp;&amp; wildList.indexOf(symbol) != -1): null

2019-08-24 13:08:42 - [TEST_STEP][PASSED] - if (i == 4 &amp;&amp; wildList.indexOf(symbol) != -1): null

2019-08-24 13:08:42 - [TEST_STEP][PASSED] - symbol = symbol: null

2019-08-24 13:08:42 - [TEST_STEP][PASSED] - println(symbol): null

2019-08-24 13:08:42 - [TEST_STEP][PASSED] - if (i == 2 &amp;&amp; wildList.indexOf(symbol) != -1): null

2019-08-24 13:08:42 - [TEST_STEP][PASSED] - if (i == 3 &amp;&amp; wildList.indexOf(symbol) != -1): null

2019-08-24 13:08:42 - [TEST_STEP][PASSED] - if (i == 4 &amp;&amp; wildList.indexOf(symbol) != -1): null

2019-08-24 13:08:42 - [TEST_STEP][PASSED] - symbol = symbol: null

2019-08-24 13:08:42 - [TEST_STEP][PASSED] - println(symbol): null

2019-08-24 13:08:42 - [TEST_STEP][PASSED] - if (i == 2 &amp;&amp; wildList.indexOf(symbol) != -1): null

2019-08-24 13:08:42 - [TEST_STEP][PASSED] - if (i == 3 &amp;&amp; wildList.indexOf(symbol) != -1): null

2019-08-24 13:08:42 - [TEST_STEP][PASSED] - if (i == 4 &amp;&amp; wildList.indexOf(symbol) != -1): null

2019-08-24 13:08:42 - [TEST_STEP][PASSED] - free_spin_reel_counter = free_spin_reel_counter: null

2019-08-24 13:08:42 - [TEST_STEP][PASSED] - println("reel 3 wild found: " + free_spin_reel_counter[0]): null

2019-08-24 13:08:42 - [TEST_STEP][PASSED] - println("reel 4 wild found: " + free_spin_reel_counter[1]): null

2019-08-24 13:08:42 - [TEST_STEP][PASSED] - println("reel 5 wild found: " + free_spin_reel_counter[2]): null

2019-08-24 13:08:42 - [TEST_STEP][PASSED] - M4_spin_reels = M4_spin_reels: null

2019-08-24 13:08:42 - [TEST_STEP][PASSED] - M4_spin_reels_symbols = symbol: null

2019-08-24 13:08:42 - [TEST_STEP][PASSED] - M4_spin_reels_symbols = M4_spin_reels_symbols: null

2019-08-24 13:08:42 - [TEST_STEP][PASSED] - M4_spin_reel_wins = reel_wins: null

2019-08-24 13:08:42 - [TEST_STEP][PASSED] - M4_spin_reel_wins = M4_spin_reel_wins: null

2019-08-24 13:08:42 - [TEST_STEP][PASSED] - println("GlobalVariable.M4_spin_reel_wins is: " + M4_spin_reel_wins): null

2019-08-24 13:08:42 - [TEST_STEP][PASSED] - M4_spin_total_bonus_win_this_round = total_bonus_win_this_round: null

2019-08-24 13:08:42 - [TEST_STEP][PASSED] - M4_spin_total_bonus_win_this_round = M4_spin_total_bonus_win_this_round: null

2019-08-24 13:08:42 - [TEST_STEP][PASSED] - println("GlobalVariable.M4_spin_total_bonus_win_this_round is: " + M4_spin_total_bonus_win_this_round): null

2019-08-24 13:08:42 - [TEST_STEP][PASSED] - M4_spin_bonus_spin_result = spin_result: null

2019-08-24 13:08:42 - [TEST_STEP][PASSED] - M4_spin_bonus_spin_result = M4_spin_bonus_spin_result: null

2019-08-24 13:08:42 - [MESSAGE][PASSED] - Verify response successfully

2019-08-24 13:08:42 - [MESSAGE][PASSED] - Send request and verify the response successfully

2019-08-24 13:08:42 - [TEST_STEP][PASSED] - if (M4_total_bonus_spins_int != 0 &amp;&amp; M4_spin_reels_symbols[2].contains("WILD_Expanding")): null

2019-08-24 13:08:42 - [TEST_STEP][PASSED] - free_spin_reel_counter = free_spin_reel_counter: null

2019-08-24 13:08:42 - [TEST_STEP][PASSED] - M4_spin_reels_symbols = M4_spin_reels_symbols: null

2019-08-24 13:08:42 - [TEST_STEP][PASSED] - M4_total_bonus_spins = M4_total_bonus_spins: null

2019-08-24 13:08:42 - [TEST_STEP][PASSED] - spin_result = sendRequestAndVerify(findTestObject("INT/RGS(M4)/1_M4_spin", ["M4_login_user_id":M4_login_user_id, "rgs_session_token":rgs_session_token, "partner":Partner])): Send request and verify the response successfully

2019-08-24 13:08:43 - [MESSAGE][INFO] - HAR: /Users/eiralee/Katalon_Script/SuperWild/Reports/20190824_125957/INT/superWild_5/20190824_125957/requests/main/157.har

2019-08-24 13:08:43 - [TEST_CASE][PASSED] - Start Test Case : Verification: Verification accomplished successfully

2019-08-24 13:08:43 - [TEST_STEP][PASSED] - request = getInstance().getCurrentRequest(): null

2019-08-24 13:08:43 - [TEST_STEP][PASSED] - response = getInstance().getCurrentResponse(): null

2019-08-24 13:08:43 - [TEST_STEP][PASSED] - verifyResponseStatusCode(response, 200): Verify response status code successfully

2019-08-24 13:08:43 - [MESSAGE][PASSED] - Verify response status code successfully

2019-08-24 13:08:43 - [TEST_STEP][PASSED] - getStatusCode()).isEqualTo(200): null

2019-08-24 13:08:43 - [TEST_STEP][PASSED] - newline = System.getProperty("line.separator"): null

2019-08-24 13:08:43 - [TEST_STEP][PASSED] - M4_spin = new groovy.json.JsonSlurper(): null

2019-08-24 13:08:43 - [TEST_STEP][PASSED] - result_M4_spin = M4_spin.parseText(response.getResponseBodyContent()): null

2019-08-24 13:08:43 - [TEST_STEP][PASSED] - M4_spin_current_balance = current_balance: null

2019-08-24 13:08:43 - [TEST_STEP][PASSED] - M4_spin_current_balance = M4_spin_current_balance: null

2019-08-24 13:08:43 - [TEST_STEP][PASSED] - M4_spin_transaction_id = causality: null

2019-08-24 13:08:43 - [TEST_STEP][PASSED] - M4_spin_transaction_id = M4_spin_transaction_id: null

2019-08-24 13:08:43 - [TEST_STEP][PASSED] - M4_spin_round_id = round_id: null

2019-08-24 13:08:43 - [TEST_STEP][PASSED] - M4_spin_round_id = M4_spin_round_id: null

2019-08-24 13:08:43 - [TEST_STEP][PASSED] - M4_spin_line_wins = line_wins: null

2019-08-24 13:08:43 - [TEST_STEP][PASSED] - M4_spin_line_wins = M4_spin_line_wins: null

2019-08-24 13:08:43 - [TEST_STEP][PASSED] - M4_total_bonus_spins_int = total_bonus_spins: null

2019-08-24 13:08:43 - [TEST_STEP][PASSED] - println("******M4_total_bonus_spins type is:*******" + newline + getClass().getName()): null

2019-08-24 13:08:43 - [TEST_STEP][PASSED] - M4_total_bonus_spins_int = M4_total_bonus_spins_int: null

2019-08-24 13:08:43 - [TEST_STEP][PASSED] - M4_total_bonus_spins = Integer.toString(M4_total_bonus_spins_int): null

2019-08-24 13:08:43 - [TEST_STEP][PASSED] - M4_total_bonus_spins = M4_total_bonus_spins: null

2019-08-24 13:08:43 - [TEST_STEP][PASSED] - println("M4_total_bonus_spins is:" + M4_total_bonus_spins): null

2019-08-24 13:08:43 - [TEST_STEP][PASSED] - M4_spin_bonus_data = bonus_data: null

2019-08-24 13:08:43 - [TEST_STEP][PASSED] - M4_spin_features_triggered = result_M4_spin: null

2019-08-24 13:08:43 - [TEST_STEP][PASSED] - wild = []: null

2019-08-24 13:08:43 - [TEST_STEP][PASSED] - wild[0] = "WILD_Expanding": null

2019-08-24 13:08:43 - [TEST_STEP][PASSED] - wild[1] = "WILD_Normal": null

2019-08-24 13:08:43 - [TEST_STEP][PASSED] - wild[2] = "WILD_Double": null

2019-08-24 13:08:43 - [TEST_STEP][PASSED] - wild[3] = "WILD_ExtraFG": null

2019-08-24 13:08:43 - [TEST_STEP][PASSED] - wild[4] = "WILD_Triple": null

2019-08-24 13:08:43 - [TEST_STEP][PASSED] - wildList = Arrays.asList(wild): null

2019-08-24 13:08:43 - [TEST_STEP][PASSED] - wildList = wildList: null

2019-08-24 13:08:43 - [TEST_STEP][PASSED] - free_spin_reel_counter = []: null

2019-08-24 13:08:43 - [TEST_STEP][PASSED] - free_spin_reel_counter[0] = 0: null

2019-08-24 13:08:43 - [TEST_STEP][PASSED] - free_spin_reel_counter[1] = 0: null

2019-08-24 13:08:43 - [TEST_STEP][PASSED] - free_spin_reel_counter[2] = 0: null

2019-08-24 13:08:43 - [TEST_STEP][PASSED] - M4_spin_reels = reels: null

2019-08-24 13:08:43 - [TEST_STEP][PASSED] - for ([i = 0, i &lt; M4_spin_reels.size(), (i++)]): null

2019-08-24 13:08:43 - [TEST_STEP][PASSED] - symbols = symbols: null

2019-08-24 13:08:43 - [TEST_STEP][PASSED] - for ([j = 0, j &lt; symbols.size(), (j++)]): null

2019-08-24 13:08:43 - [TEST_STEP][PASSED] - symbol = symbol: null

2019-08-24 13:08:43 - [TEST_STEP][PASSED] - println(symbol): null

2019-08-24 13:08:43 - [TEST_STEP][PASSED] - if (i == 2 &amp;&amp; wildList.indexOf(symbol) != -1): null

2019-08-24 13:08:43 - [TEST_STEP][PASSED] - if (i == 3 &amp;&amp; wildList.indexOf(symbol) != -1): null

2019-08-24 13:08:43 - [TEST_STEP][PASSED] - if (i == 4 &amp;&amp; wildList.indexOf(symbol) != -1): null

2019-08-24 13:08:43 - [TEST_STEP][PASSED] - symbol = symbol: null

2019-08-24 13:08:43 - [TEST_STEP][PASSED] - println(symbol): null

2019-08-24 13:08:43 - [TEST_STEP][PASSED] - if (i == 2 &amp;&amp; wildList.indexOf(symbol) != -1): null

2019-08-24 13:08:43 - [TEST_STEP][PASSED] - if (i == 3 &amp;&amp; wildList.indexOf(symbol) != -1): null

2019-08-24 13:08:43 - [TEST_STEP][PASSED] - if (i == 4 &amp;&amp; wildList.indexOf(symbol) != -1): null

2019-08-24 13:08:43 - [TEST_STEP][PASSED] - symbol = symbol: null

2019-08-24 13:08:43 - [TEST_STEP][PASSED] - println(symbol): null

2019-08-24 13:08:43 - [TEST_STEP][PASSED] - if (i == 2 &amp;&amp; wildList.indexOf(symbol) != -1): null

2019-08-24 13:08:43 - [TEST_STEP][PASSED] - if (i == 3 &amp;&amp; wildList.indexOf(symbol) != -1): null

2019-08-24 13:08:43 - [TEST_STEP][PASSED] - if (i == 4 &amp;&amp; wildList.indexOf(symbol) != -1): null

2019-08-24 13:08:43 - [TEST_STEP][PASSED] - symbols = symbols: null

2019-08-24 13:08:43 - [TEST_STEP][PASSED] - for ([j = 0, j &lt; symbols.size(), (j++)]): null

2019-08-24 13:08:43 - [TEST_STEP][PASSED] - symbol = symbol: null

2019-08-24 13:08:43 - [TEST_STEP][PASSED] - println(symbol): null

2019-08-24 13:08:43 - [TEST_STEP][PASSED] - if (i == 2 &amp;&amp; wildList.indexOf(symbol) != -1): null

2019-08-24 13:08:43 - [TEST_STEP][PASSED] - if (i == 3 &amp;&amp; wildList.indexOf(symbol) != -1): null

2019-08-24 13:08:43 - [TEST_STEP][PASSED] - if (i == 4 &amp;&amp; wildList.indexOf(symbol) != -1): null

2019-08-24 13:08:43 - [TEST_STEP][PASSED] - symbol = symbol: null

2019-08-24 13:08:43 - [TEST_STEP][PASSED] - println(symbol): null

2019-08-24 13:08:43 - [TEST_STEP][PASSED] - if (i == 2 &amp;&amp; wildList.indexOf(symbol) != -1): null

2019-08-24 13:08:43 - [TEST_STEP][PASSED] - if (i == 3 &amp;&amp; wildList.indexOf(symbol) != -1): null

2019-08-24 13:08:43 - [TEST_STEP][PASSED] - if (i == 4 &amp;&amp; wildList.indexOf(symbol) != -1): null

2019-08-24 13:08:43 - [TEST_STEP][PASSED] - symbol = symbol: null

2019-08-24 13:08:43 - [TEST_STEP][PASSED] - println(symbol): null

2019-08-24 13:08:43 - [TEST_STEP][PASSED] - if (i == 2 &amp;&amp; wildList.indexOf(symbol) != -1): null

2019-08-24 13:08:43 - [TEST_STEP][PASSED] - if (i == 3 &amp;&amp; wildList.indexOf(symbol) != -1): null

2019-08-24 13:08:43 - [TEST_STEP][PASSED] - if (i == 4 &amp;&amp; wildList.indexOf(symbol) != -1): null

2019-08-24 13:08:43 - [TEST_STEP][PASSED] - symbols = symbols: null

2019-08-24 13:08:43 - [TEST_STEP][PASSED] - for ([j = 0, j &lt; symbols.size(), (j++)]): null

2019-08-24 13:08:43 - [TEST_STEP][PASSED] - symbol = symbol: null

2019-08-24 13:08:43 - [TEST_STEP][PASSED] - println(symbol): null

2019-08-24 13:08:43 - [TEST_STEP][PASSED] - if (i == 2 &amp;&amp; wildList.indexOf(symbol) != -1): null

2019-08-24 13:08:43 - [TEST_STEP][PASSED] - if (i == 3 &amp;&amp; wildList.indexOf(symbol) != -1): null

2019-08-24 13:08:43 - [TEST_STEP][PASSED] - if (i == 4 &amp;&amp; wildList.indexOf(symbol) != -1): null

2019-08-24 13:08:43 - [TEST_STEP][PASSED] - symbol = symbol: null

2019-08-24 13:08:43 - [TEST_STEP][PASSED] - println(symbol): null

2019-08-24 13:08:43 - [TEST_STEP][PASSED] - if (i == 2 &amp;&amp; wildList.indexOf(symbol) != -1): null

2019-08-24 13:08:43 - [TEST_STEP][PASSED] - println("wild found on reel 3, adding counter by 1"): null

2019-08-24 13:08:43 - [TEST_STEP][PASSED] - free_spin_reel_counter[0] = free_spin_reel_counter[0] + 1: null

2019-08-24 13:08:43 - [TEST_STEP][PASSED] - if (i == 3 &amp;&amp; wildList.indexOf(symbol) != -1): null

2019-08-24 13:08:43 - [TEST_STEP][PASSED] - if (i == 4 &amp;&amp; wildList.indexOf(symbol) != -1): null

2019-08-24 13:08:43 - [TEST_STEP][PASSED] - symbol = symbol: null

2019-08-24 13:08:43 - [TEST_STEP][PASSED] - println(symbol): null

2019-08-24 13:08:43 - [TEST_STEP][PASSED] - if (i == 2 &amp;&amp; wildList.indexOf(symbol) != -1): null

2019-08-24 13:08:43 - [TEST_STEP][PASSED] - if (i == 3 &amp;&amp; wildList.indexOf(symbol) != -1): null

2019-08-24 13:08:43 - [TEST_STEP][PASSED] - if (i == 4 &amp;&amp; wildList.indexOf(symbol) != -1): null

2019-08-24 13:08:43 - [TEST_STEP][PASSED] - symbols = symbols: null

2019-08-24 13:08:43 - [TEST_STEP][PASSED] - for ([j = 0, j &lt; symbols.size(), (j++)]): null

2019-08-24 13:08:43 - [TEST_STEP][PASSED] - symbol = symbol: null

2019-08-24 13:08:43 - [TEST_STEP][PASSED] - println(symbol): null

2019-08-24 13:08:43 - [TEST_STEP][PASSED] - if (i == 2 &amp;&amp; wildList.indexOf(symbol) != -1): null

2019-08-24 13:08:43 - [TEST_STEP][PASSED] - if (i == 3 &amp;&amp; wildList.indexOf(symbol) != -1): null

2019-08-24 13:08:43 - [TEST_STEP][PASSED] - if (i == 4 &amp;&amp; wildList.indexOf(symbol) != -1): null

2019-08-24 13:08:43 - [TEST_STEP][PASSED] - symbol = symbol: null

2019-08-24 13:08:43 - [TEST_STEP][PASSED] - println(symbol): null

2019-08-24 13:08:43 - [TEST_STEP][PASSED] - if (i == 2 &amp;&amp; wildList.indexOf(symbol) != -1): null

2019-08-24 13:08:43 - [TEST_STEP][PASSED] - if (i == 3 &amp;&amp; wildList.indexOf(symbol) != -1): null

2019-08-24 13:08:43 - [TEST_STEP][PASSED] - if (i == 4 &amp;&amp; wildList.indexOf(symbol) != -1): null

2019-08-24 13:08:43 - [TEST_STEP][PASSED] - symbol = symbol: null

2019-08-24 13:08:43 - [TEST_STEP][PASSED] - println(symbol): null

2019-08-24 13:08:43 - [TEST_STEP][PASSED] - if (i == 2 &amp;&amp; wildList.indexOf(symbol) != -1): null

2019-08-24 13:08:43 - [TEST_STEP][PASSED] - if (i == 3 &amp;&amp; wildList.indexOf(symbol) != -1): null

2019-08-24 13:08:43 - [TEST_STEP][PASSED] - if (i == 4 &amp;&amp; wildList.indexOf(symbol) != -1): null

2019-08-24 13:08:43 - [TEST_STEP][PASSED] - symbols = symbols: null

2019-08-24 13:08:43 - [TEST_STEP][PASSED] - for ([j = 0, j &lt; symbols.size(), (j++)]): null

2019-08-24 13:08:43 - [TEST_STEP][PASSED] - symbol = symbol: null

2019-08-24 13:08:43 - [TEST_STEP][PASSED] - println(symbol): null

2019-08-24 13:08:43 - [TEST_STEP][PASSED] - if (i == 2 &amp;&amp; wildList.indexOf(symbol) != -1): null

2019-08-24 13:08:43 - [TEST_STEP][PASSED] - if (i == 3 &amp;&amp; wildList.indexOf(symbol) != -1): null

2019-08-24 13:08:43 - [TEST_STEP][PASSED] - if (i == 4 &amp;&amp; wildList.indexOf(symbol) != -1): null

2019-08-24 13:08:43 - [TEST_STEP][PASSED] - symbol = symbol: null

2019-08-24 13:08:43 - [TEST_STEP][PASSED] - println(symbol): null

2019-08-24 13:08:43 - [TEST_STEP][PASSED] - if (i == 2 &amp;&amp; wildList.indexOf(symbol) != -1): null

2019-08-24 13:08:43 - [TEST_STEP][PASSED] - if (i == 3 &amp;&amp; wildList.indexOf(symbol) != -1): null

2019-08-24 13:08:43 - [TEST_STEP][PASSED] - if (i == 4 &amp;&amp; wildList.indexOf(symbol) != -1): null

2019-08-24 13:08:43 - [TEST_STEP][PASSED] - symbol = symbol: null

2019-08-24 13:08:43 - [TEST_STEP][PASSED] - println(symbol): null

2019-08-24 13:08:43 - [TEST_STEP][PASSED] - if (i == 2 &amp;&amp; wildList.indexOf(symbol) != -1): null

2019-08-24 13:08:43 - [TEST_STEP][PASSED] - if (i == 3 &amp;&amp; wildList.indexOf(symbol) != -1): null

2019-08-24 13:08:43 - [TEST_STEP][PASSED] - if (i == 4 &amp;&amp; wildList.indexOf(symbol) != -1): null

2019-08-24 13:08:43 - [TEST_STEP][PASSED] - free_spin_reel_counter = free_spin_reel_counter: null

2019-08-24 13:08:43 - [TEST_STEP][PASSED] - println("reel 3 wild found: " + free_spin_reel_counter[0]): null

2019-08-24 13:08:43 - [TEST_STEP][PASSED] - println("reel 4 wild found: " + free_spin_reel_counter[1]): null

2019-08-24 13:08:43 - [TEST_STEP][PASSED] - println("reel 5 wild found: " + free_spin_reel_counter[2]): null

2019-08-24 13:08:43 - [TEST_STEP][PASSED] - M4_spin_reels = M4_spin_reels: null

2019-08-24 13:08:43 - [TEST_STEP][PASSED] - M4_spin_reels_symbols = symbol: null

2019-08-24 13:08:43 - [TEST_STEP][PASSED] - M4_spin_reels_symbols = M4_spin_reels_symbols: null

2019-08-24 13:08:43 - [TEST_STEP][PASSED] - M4_spin_reel_wins = reel_wins: null

2019-08-24 13:08:43 - [TEST_STEP][PASSED] - M4_spin_reel_wins = M4_spin_reel_wins: null

2019-08-24 13:08:43 - [TEST_STEP][PASSED] - println("GlobalVariable.M4_spin_reel_wins is: " + M4_spin_reel_wins): null

2019-08-24 13:08:43 - [TEST_STEP][PASSED] - M4_spin_total_bonus_win_this_round = total_bonus_win_this_round: null

2019-08-24 13:08:43 - [TEST_STEP][PASSED] - M4_spin_total_bonus_win_this_round = M4_spin_total_bonus_win_this_round: null

2019-08-24 13:08:43 - [TEST_STEP][PASSED] - println("GlobalVariable.M4_spin_total_bonus_win_this_round is: " + M4_spin_total_bonus_win_this_round): null

2019-08-24 13:08:43 - [TEST_STEP][PASSED] - M4_spin_bonus_spin_result = spin_result: null

2019-08-24 13:08:43 - [TEST_STEP][PASSED] - M4_spin_bonus_spin_result = M4_spin_bonus_spin_result: null

2019-08-24 13:08:43 - [MESSAGE][PASSED] - Verify response successfully

2019-08-24 13:08:43 - [MESSAGE][PASSED] - Send request and verify the response successfully

2019-08-24 13:08:43 - [TEST_STEP][PASSED] - if (M4_total_bonus_spins_int != 0 &amp;&amp; M4_spin_reels_symbols[2].contains("WILD_Expanding")): null

2019-08-24 13:08:43 - [TEST_STEP][PASSED] - free_spin_reel_counter = free_spin_reel_counter: null

2019-08-24 13:08:43 - [TEST_STEP][PASSED] - M4_spin_reels_symbols = M4_spin_reels_symbols: null

2019-08-24 13:08:43 - [TEST_STEP][PASSED] - M4_total_bonus_spins = M4_total_bonus_spins: null

2019-08-24 13:08:43 - [TEST_STEP][PASSED] - spin_result = sendRequestAndVerify(findTestObject("INT/RGS(M4)/1_M4_spin", ["M4_login_user_id":M4_login_user_id, "rgs_session_token":rgs_session_token, "partner":Partner])): Send request and verify the response successfully

2019-08-24 13:08:43 - [MESSAGE][INFO] - HAR: /Users/eiralee/Katalon_Script/SuperWild/Reports/20190824_125957/INT/superWild_5/20190824_125957/requests/main/158.har

2019-08-24 13:08:43 - [TEST_CASE][PASSED] - Start Test Case : Verification: Verification accomplished successfully

2019-08-24 13:08:43 - [TEST_STEP][PASSED] - request = getInstance().getCurrentRequest(): null

2019-08-24 13:08:43 - [TEST_STEP][PASSED] - response = getInstance().getCurrentResponse(): null

2019-08-24 13:08:43 - [TEST_STEP][PASSED] - verifyResponseStatusCode(response, 200): Verify response status code successfully

2019-08-24 13:08:43 - [MESSAGE][PASSED] - Verify response status code successfully

2019-08-24 13:08:43 - [TEST_STEP][PASSED] - getStatusCode()).isEqualTo(200): null

2019-08-24 13:08:43 - [TEST_STEP][PASSED] - newline = System.getProperty("line.separator"): null

2019-08-24 13:08:43 - [TEST_STEP][PASSED] - M4_spin = new groovy.json.JsonSlurper(): null

2019-08-24 13:08:43 - [TEST_STEP][PASSED] - result_M4_spin = M4_spin.parseText(response.getResponseBodyContent()): null

2019-08-24 13:08:43 - [TEST_STEP][PASSED] - M4_spin_current_balance = current_balance: null

2019-08-24 13:08:43 - [TEST_STEP][PASSED] - M4_spin_current_balance = M4_spin_current_balance: null

2019-08-24 13:08:43 - [TEST_STEP][PASSED] - M4_spin_transaction_id = causality: null

2019-08-24 13:08:43 - [TEST_STEP][PASSED] - M4_spin_transaction_id = M4_spin_transaction_id: null

2019-08-24 13:08:43 - [TEST_STEP][PASSED] - M4_spin_round_id = round_id: null

2019-08-24 13:08:43 - [TEST_STEP][PASSED] - M4_spin_round_id = M4_spin_round_id: null

2019-08-24 13:08:43 - [TEST_STEP][PASSED] - M4_spin_line_wins = line_wins: null

2019-08-24 13:08:43 - [TEST_STEP][PASSED] - M4_spin_line_wins = M4_spin_line_wins: null

2019-08-24 13:08:43 - [TEST_STEP][PASSED] - M4_total_bonus_spins_int = total_bonus_spins: null

2019-08-24 13:08:43 - [TEST_STEP][PASSED] - println("******M4_total_bonus_spins type is:*******" + newline + getClass().getName()): null

2019-08-24 13:08:43 - [TEST_STEP][PASSED] - M4_total_bonus_spins_int = M4_total_bonus_spins_int: null

2019-08-24 13:08:43 - [TEST_STEP][PASSED] - M4_total_bonus_spins = Integer.toString(M4_total_bonus_spins_int): null

2019-08-24 13:08:43 - [TEST_STEP][PASSED] - M4_total_bonus_spins = M4_total_bonus_spins: null

2019-08-24 13:08:43 - [TEST_STEP][PASSED] - println("M4_total_bonus_spins is:" + M4_total_bonus_spins): null

2019-08-24 13:08:43 - [TEST_STEP][PASSED] - M4_spin_bonus_data = bonus_data: null

2019-08-24 13:08:43 - [TEST_STEP][PASSED] - M4_spin_features_triggered = result_M4_spin: null

2019-08-24 13:08:43 - [TEST_STEP][PASSED] - wild = []: null

2019-08-24 13:08:43 - [TEST_STEP][PASSED] - wild[0] = "WILD_Expanding": null

2019-08-24 13:08:43 - [TEST_STEP][PASSED] - wild[1] = "WILD_Normal": null

2019-08-24 13:08:43 - [TEST_STEP][PASSED] - wild[2] = "WILD_Double": null

2019-08-24 13:08:43 - [TEST_STEP][PASSED] - wild[3] = "WILD_ExtraFG": null

2019-08-24 13:08:43 - [TEST_STEP][PASSED] - wild[4] = "WILD_Triple": null

2019-08-24 13:08:43 - [TEST_STEP][PASSED] - wildList = Arrays.asList(wild): null

2019-08-24 13:08:43 - [TEST_STEP][PASSED] - wildList = wildList: null

2019-08-24 13:08:43 - [TEST_STEP][PASSED] - free_spin_reel_counter = []: null

2019-08-24 13:08:43 - [TEST_STEP][PASSED] - free_spin_reel_counter[0] = 0: null

2019-08-24 13:08:43 - [TEST_STEP][PASSED] - free_spin_reel_counter[1] = 0: null

2019-08-24 13:08:43 - [TEST_STEP][PASSED] - free_spin_reel_counter[2] = 0: null

2019-08-24 13:08:43 - [TEST_STEP][PASSED] - M4_spin_reels = reels: null

2019-08-24 13:08:43 - [TEST_STEP][PASSED] - for ([i = 0, i &lt; M4_spin_reels.size(), (i++)]): null

2019-08-24 13:08:43 - [TEST_STEP][PASSED] - symbols = symbols: null

2019-08-24 13:08:43 - [TEST_STEP][PASSED] - for ([j = 0, j &lt; symbols.size(), (j++)]): null

2019-08-24 13:08:43 - [TEST_STEP][PASSED] - symbol = symbol: null

2019-08-24 13:08:43 - [TEST_STEP][PASSED] - println(symbol): null

2019-08-24 13:08:43 - [TEST_STEP][PASSED] - if (i == 2 &amp;&amp; wildList.indexOf(symbol) != -1): null

2019-08-24 13:08:43 - [TEST_STEP][PASSED] - if (i == 3 &amp;&amp; wildList.indexOf(symbol) != -1): null

2019-08-24 13:08:43 - [TEST_STEP][PASSED] - if (i == 4 &amp;&amp; wildList.indexOf(symbol) != -1): null

2019-08-24 13:08:43 - [TEST_STEP][PASSED] - symbol = symbol: null

2019-08-24 13:08:43 - [TEST_STEP][PASSED] - println(symbol): null

2019-08-24 13:08:43 - [TEST_STEP][PASSED] - if (i == 2 &amp;&amp; wildList.indexOf(symbol) != -1): null

2019-08-24 13:08:43 - [TEST_STEP][PASSED] - if (i == 3 &amp;&amp; wildList.indexOf(symbol) != -1): null

2019-08-24 13:08:43 - [TEST_STEP][PASSED] - if (i == 4 &amp;&amp; wildList.indexOf(symbol) != -1): null

2019-08-24 13:08:43 - [TEST_STEP][PASSED] - symbol = symbol: null

2019-08-24 13:08:43 - [TEST_STEP][PASSED] - println(symbol): null

2019-08-24 13:08:43 - [TEST_STEP][PASSED] - if (i == 2 &amp;&amp; wildList.indexOf(symbol) != -1): null

2019-08-24 13:08:43 - [TEST_STEP][PASSED] - if (i == 3 &amp;&amp; wildList.indexOf(symbol) != -1): null

2019-08-24 13:08:43 - [TEST_STEP][PASSED] - if (i == 4 &amp;&amp; wildList.indexOf(symbol) != -1): null

2019-08-24 13:08:43 - [TEST_STEP][PASSED] - symbols = symbols: null

2019-08-24 13:08:43 - [TEST_STEP][PASSED] - for ([j = 0, j &lt; symbols.size(), (j++)]): null

2019-08-24 13:08:43 - [TEST_STEP][PASSED] - symbol = symbol: null

2019-08-24 13:08:43 - [TEST_STEP][PASSED] - println(symbol): null

2019-08-24 13:08:43 - [TEST_STEP][PASSED] - if (i == 2 &amp;&amp; wildList.indexOf(symbol) != -1): null

2019-08-24 13:08:43 - [TEST_STEP][PASSED] - if (i == 3 &amp;&amp; wildList.indexOf(symbol) != -1): null

2019-08-24 13:08:43 - [TEST_STEP][PASSED] - if (i == 4 &amp;&amp; wildList.indexOf(symbol) != -1): null

2019-08-24 13:08:43 - [TEST_STEP][PASSED] - symbol = symbol: null

2019-08-24 13:08:43 - [TEST_STEP][PASSED] - println(symbol): null

2019-08-24 13:08:43 - [TEST_STEP][PASSED] - if (i == 2 &amp;&amp; wildList.indexOf(symbol) != -1): null

2019-08-24 13:08:43 - [TEST_STEP][PASSED] - if (i == 3 &amp;&amp; wildList.indexOf(symbol) != -1): null

2019-08-24 13:08:43 - [TEST_STEP][PASSED] - if (i == 4 &amp;&amp; wildList.indexOf(symbol) != -1): null

2019-08-24 13:08:43 - [TEST_STEP][PASSED] - symbol = symbol: null

2019-08-24 13:08:43 - [TEST_STEP][PASSED] - println(symbol): null

2019-08-24 13:08:43 - [TEST_STEP][PASSED] - if (i == 2 &amp;&amp; wildList.indexOf(symbol) != -1): null

2019-08-24 13:08:43 - [TEST_STEP][PASSED] - if (i == 3 &amp;&amp; wildList.indexOf(symbol) != -1): null

2019-08-24 13:08:43 - [TEST_STEP][PASSED] - if (i == 4 &amp;&amp; wildList.indexOf(symbol) != -1): null

2019-08-24 13:08:43 - [TEST_STEP][PASSED] - symbols = symbols: null

2019-08-24 13:08:43 - [TEST_STEP][PASSED] - for ([j = 0, j &lt; symbols.size(), (j++)]): null

2019-08-24 13:08:43 - [TEST_STEP][PASSED] - symbol = symbol: null

2019-08-24 13:08:43 - [TEST_STEP][PASSED] - println(symbol): null

2019-08-24 13:08:43 - [TEST_STEP][PASSED] - if (i == 2 &amp;&amp; wildList.indexOf(symbol) != -1): null

2019-08-24 13:08:43 - [TEST_STEP][PASSED] - if (i == 3 &amp;&amp; wildList.indexOf(symbol) != -1): null

2019-08-24 13:08:43 - [TEST_STEP][PASSED] - if (i == 4 &amp;&amp; wildList.indexOf(symbol) != -1): null

2019-08-24 13:08:43 - [TEST_STEP][PASSED] - symbol = symbol: null

2019-08-24 13:08:43 - [TEST_STEP][PASSED] - println(symbol): null

2019-08-24 13:08:43 - [TEST_STEP][PASSED] - if (i == 2 &amp;&amp; wildList.indexOf(symbol) != -1): null

2019-08-24 13:08:47 - [TEST_STEP][PASSED] - if (i == 3 &amp;&amp; wildList.indexOf(symbol) != -1): null

2019-08-24 13:08:47 - [TEST_STEP][PASSED] - if (i == 4 &amp;&amp; wildList.indexOf(symbol) != -1): null

2019-08-24 13:08:47 - [TEST_STEP][PASSED] - symbol = symbol: null

2019-08-24 13:08:47 - [TEST_STEP][PASSED] - println(symbol): null

2019-08-24 13:08:47 - [TEST_STEP][PASSED] - if (i == 2 &amp;&amp; wildList.indexOf(symbol) != -1): null

2019-08-24 13:08:47 - [TEST_STEP][PASSED] - if (i == 3 &amp;&amp; wildList.indexOf(symbol) != -1): null

2019-08-24 13:08:47 - [TEST_STEP][PASSED] - if (i == 4 &amp;&amp; wildList.indexOf(symbol) != -1): null

2019-08-24 13:08:47 - [TEST_STEP][PASSED] - symbols = symbols: null

2019-08-24 13:08:47 - [TEST_STEP][PASSED] - for ([j = 0, j &lt; symbols.size(), (j++)]): null

2019-08-24 13:08:47 - [TEST_STEP][PASSED] - symbol = symbol: null

2019-08-24 13:08:47 - [TEST_STEP][PASSED] - println(symbol): null

2019-08-24 13:08:50 - [TEST_STEP][PASSED] - if (i == 2 &amp;&amp; wildList.indexOf(symbol) != -1): null

2019-08-24 13:08:50 - [TEST_STEP][PASSED] - if (i == 3 &amp;&amp; wildList.indexOf(symbol) != -1): null

2019-08-24 13:08:50 - [TEST_STEP][PASSED] - if (i == 4 &amp;&amp; wildList.indexOf(symbol) != -1): null

2019-08-24 13:08:50 - [TEST_STEP][PASSED] - symbol = symbol: null

2019-08-24 13:08:50 - [TEST_STEP][PASSED] - println(symbol): null

2019-08-24 13:08:50 - [TEST_STEP][PASSED] - if (i == 2 &amp;&amp; wildList.indexOf(symbol) != -1): null

2019-08-24 13:08:50 - [TEST_STEP][PASSED] - if (i == 3 &amp;&amp; wildList.indexOf(symbol) != -1): null

2019-08-24 13:08:50 - [TEST_STEP][PASSED] - if (i == 4 &amp;&amp; wildList.indexOf(symbol) != -1): null

2019-08-24 13:08:50 - [TEST_STEP][PASSED] - symbol = symbol: null

2019-08-24 13:08:50 - [TEST_STEP][PASSED] - println(symbol): null

2019-08-24 13:08:50 - [TEST_STEP][PASSED] - if (i == 2 &amp;&amp; wildList.indexOf(symbol) != -1): null

2019-08-24 13:08:50 - [TEST_STEP][PASSED] - if (i == 3 &amp;&amp; wildList.indexOf(symbol) != -1): null

2019-08-24 13:08:50 - [TEST_STEP][PASSED] - if (i == 4 &amp;&amp; wildList.indexOf(symbol) != -1): null

2019-08-24 13:08:50 - [TEST_STEP][PASSED] - symbols = symbols: null

2019-08-24 13:08:50 - [TEST_STEP][PASSED] - for ([j = 0, j &lt; symbols.size(), (j++)]): null

2019-08-24 13:08:50 - [TEST_STEP][PASSED] - symbol = symbol: null

2019-08-24 13:08:50 - [TEST_STEP][PASSED] - println(symbol): null

2019-08-24 13:08:50 - [TEST_STEP][PASSED] - if (i == 2 &amp;&amp; wildList.indexOf(symbol) != -1): null

2019-08-24 13:08:50 - [TEST_STEP][PASSED] - if (i == 3 &amp;&amp; wildList.indexOf(symbol) != -1): null

2019-08-24 13:08:50 - [TEST_STEP][PASSED] - if (i == 4 &amp;&amp; wildList.indexOf(symbol) != -1): null

2019-08-24 13:08:50 - [TEST_STEP][PASSED] - symbol = symbol: null

2019-08-24 13:08:50 - [TEST_STEP][PASSED] - println(symbol): null

2019-08-24 13:08:50 - [TEST_STEP][PASSED] - if (i == 2 &amp;&amp; wildList.indexOf(symbol) != -1): null

2019-08-24 13:08:50 - [TEST_STEP][PASSED] - if (i == 3 &amp;&amp; wildList.indexOf(symbol) != -1): null

2019-08-24 13:08:50 - [TEST_STEP][PASSED] - if (i == 4 &amp;&amp; wildList.indexOf(symbol) != -1): null

2019-08-24 13:08:50 - [TEST_STEP][PASSED] - symbol = symbol: null

2019-08-24 13:08:50 - [TEST_STEP][PASSED] - println(symbol): null

2019-08-24 13:08:50 - [TEST_STEP][PASSED] - if (i == 2 &amp;&amp; wildList.indexOf(symbol) != -1): null

2019-08-24 13:08:50 - [TEST_STEP][PASSED] - if (i == 3 &amp;&amp; wildList.indexOf(symbol) != -1): null

2019-08-24 13:08:50 - [TEST_STEP][PASSED] - if (i == 4 &amp;&amp; wildList.indexOf(symbol) != -1): null

2019-08-24 13:08:50 - [TEST_STEP][PASSED] - free_spin_reel_counter = free_spin_reel_counter: null

2019-08-24 13:08:50 - [TEST_STEP][PASSED] - println("reel 3 wild found: " + free_spin_reel_counter[0]): null

2019-08-24 13:08:50 - [TEST_STEP][PASSED] - println("reel 4 wild found: " + free_spin_reel_counter[1]): null

2019-08-24 13:08:50 - [TEST_STEP][PASSED] - println("reel 5 wild found: " + free_spin_reel_counter[2]): null

2019-08-24 13:08:50 - [TEST_STEP][PASSED] - M4_spin_reels = M4_spin_reels: null

2019-08-24 13:08:50 - [TEST_STEP][PASSED] - M4_spin_reels_symbols = symbol: null

2019-08-24 13:08:50 - [TEST_STEP][PASSED] - M4_spin_reels_symbols = M4_spin_reels_symbols: null

2019-08-24 13:08:50 - [TEST_STEP][PASSED] - M4_spin_reel_wins = reel_wins: null

2019-08-24 13:08:50 - [TEST_STEP][PASSED] - M4_spin_reel_wins = M4_spin_reel_wins: null

2019-08-24 13:08:50 - [TEST_STEP][PASSED] - println("GlobalVariable.M4_spin_reel_wins is: " + M4_spin_reel_wins): null

2019-08-24 13:08:50 - [TEST_STEP][PASSED] - M4_spin_total_bonus_win_this_round = total_bonus_win_this_round: null

2019-08-24 13:08:50 - [TEST_STEP][PASSED] - M4_spin_total_bonus_win_this_round = M4_spin_total_bonus_win_this_round: null

2019-08-24 13:08:50 - [TEST_STEP][PASSED] - println("GlobalVariable.M4_spin_total_bonus_win_this_round is: " + M4_spin_total_bonus_win_this_round): null

2019-08-24 13:08:50 - [TEST_STEP][PASSED] - M4_spin_bonus_spin_result = spin_result: null

2019-08-24 13:08:50 - [TEST_STEP][PASSED] - M4_spin_bonus_spin_result = M4_spin_bonus_spin_result: null

2019-08-24 13:08:50 - [MESSAGE][PASSED] - Verify response successfully

2019-08-24 13:08:50 - [MESSAGE][PASSED] - Send request and verify the response successfully

2019-08-24 13:08:50 - [TEST_STEP][PASSED] - if (M4_total_bonus_spins_int != 0 &amp;&amp; M4_spin_reels_symbols[2].contains("WILD_Expanding")): null

2019-08-24 13:08:50 - [TEST_STEP][PASSED] - free_spin_reel_counter = free_spin_reel_counter: null

2019-08-24 13:08:50 - [TEST_STEP][PASSED] - M4_spin_reels_symbols = M4_spin_reels_symbols: null

2019-08-24 13:08:50 - [TEST_STEP][PASSED] - M4_total_bonus_spins = M4_total_bonus_spins: null

2019-08-24 13:08:50 - [TEST_STEP][PASSED] - spin_result = sendRequestAndVerify(findTestObject("INT/RGS(M4)/1_M4_spin", ["M4_login_user_id":M4_login_user_id, "rgs_session_token":rgs_session_token, "partner":Partner])): Send request and verify the response successfully

2019-08-24 13:08:51 - [MESSAGE][INFO] - HAR: /Users/eiralee/Katalon_Script/SuperWild/Reports/20190824_125957/INT/superWild_5/20190824_125957/requests/main/159.har

2019-08-24 13:08:51 - [TEST_CASE][PASSED] - Start Test Case : Verification: Verification accomplished successfully

2019-08-24 13:08:51 - [TEST_STEP][PASSED] - request = getInstance().getCurrentRequest(): null

2019-08-24 13:08:51 - [TEST_STEP][PASSED] - response = getInstance().getCurrentResponse(): null

2019-08-24 13:08:51 - [TEST_STEP][PASSED] - verifyResponseStatusCode(response, 200): Verify response status code successfully

2019-08-24 13:08:51 - [MESSAGE][PASSED] - Verify response status code successfully

2019-08-24 13:08:51 - [TEST_STEP][PASSED] - getStatusCode()).isEqualTo(200): null

2019-08-24 13:08:51 - [TEST_STEP][PASSED] - newline = System.getProperty("line.separator"): null

2019-08-24 13:08:51 - [TEST_STEP][PASSED] - M4_spin = new groovy.json.JsonSlurper(): null

2019-08-24 13:08:51 - [TEST_STEP][PASSED] - result_M4_spin = M4_spin.parseText(response.getResponseBodyContent()): null

2019-08-24 13:08:51 - [TEST_STEP][PASSED] - M4_spin_current_balance = current_balance: null

2019-08-24 13:08:51 - [TEST_STEP][PASSED] - M4_spin_current_balance = M4_spin_current_balance: null

2019-08-24 13:08:51 - [TEST_STEP][PASSED] - M4_spin_transaction_id = causality: null

2019-08-24 13:08:51 - [TEST_STEP][PASSED] - M4_spin_transaction_id = M4_spin_transaction_id: null

2019-08-24 13:08:51 - [TEST_STEP][PASSED] - M4_spin_round_id = round_id: null

2019-08-24 13:08:51 - [TEST_STEP][PASSED] - M4_spin_round_id = M4_spin_round_id: null

2019-08-24 13:08:51 - [TEST_STEP][PASSED] - M4_spin_line_wins = line_wins: null

2019-08-24 13:08:51 - [TEST_STEP][PASSED] - M4_spin_line_wins = M4_spin_line_wins: null

2019-08-24 13:08:51 - [TEST_STEP][PASSED] - M4_total_bonus_spins_int = total_bonus_spins: null

2019-08-24 13:08:51 - [TEST_STEP][PASSED] - println("******M4_total_bonus_spins type is:*******" + newline + getClass().getName()): null

2019-08-24 13:08:51 - [TEST_STEP][PASSED] - M4_total_bonus_spins_int = M4_total_bonus_spins_int: null

2019-08-24 13:08:51 - [TEST_STEP][PASSED] - M4_total_bonus_spins = Integer.toString(M4_total_bonus_spins_int): null

2019-08-24 13:08:51 - [TEST_STEP][PASSED] - M4_total_bonus_spins = M4_total_bonus_spins: null

2019-08-24 13:08:51 - [TEST_STEP][PASSED] - println("M4_total_bonus_spins is:" + M4_total_bonus_spins): null

2019-08-24 13:08:51 - [TEST_STEP][PASSED] - M4_spin_bonus_data = bonus_data: null

2019-08-24 13:08:51 - [TEST_STEP][PASSED] - M4_spin_features_triggered = result_M4_spin: null

2019-08-24 13:08:51 - [TEST_STEP][PASSED] - wild = []: null

2019-08-24 13:08:51 - [TEST_STEP][PASSED] - wild[0] = "WILD_Expanding": null

2019-08-24 13:08:51 - [TEST_STEP][PASSED] - wild[1] = "WILD_Normal": null

2019-08-24 13:08:51 - [TEST_STEP][PASSED] - wild[2] = "WILD_Double": null

2019-08-24 13:08:51 - [TEST_STEP][PASSED] - wild[3] = "WILD_ExtraFG": null

2019-08-24 13:08:51 - [TEST_STEP][PASSED] - wild[4] = "WILD_Triple": null

2019-08-24 13:08:51 - [TEST_STEP][PASSED] - wildList = Arrays.asList(wild): null

2019-08-24 13:08:51 - [TEST_STEP][PASSED] - wildList = wildList: null

2019-08-24 13:08:51 - [TEST_STEP][PASSED] - free_spin_reel_counter = []: null

2019-08-24 13:08:51 - [TEST_STEP][PASSED] - free_spin_reel_counter[0] = 0: null

2019-08-24 13:08:51 - [TEST_STEP][PASSED] - free_spin_reel_counter[1] = 0: null

2019-08-24 13:08:51 - [TEST_STEP][PASSED] - free_spin_reel_counter[2] = 0: null

2019-08-24 13:08:51 - [TEST_STEP][PASSED] - M4_spin_reels = reels: null

2019-08-24 13:08:51 - [TEST_STEP][PASSED] - for ([i = 0, i &lt; M4_spin_reels.size(), (i++)]): null

2019-08-24 13:08:51 - [TEST_STEP][PASSED] - symbols = symbols: null

2019-08-24 13:08:51 - [TEST_STEP][PASSED] - for ([j = 0, j &lt; symbols.size(), (j++)]): null

2019-08-24 13:08:51 - [TEST_STEP][PASSED] - symbol = symbol: null

2019-08-24 13:08:51 - [TEST_STEP][PASSED] - println(symbol): null

2019-08-24 13:08:51 - [TEST_STEP][PASSED] - if (i == 2 &amp;&amp; wildList.indexOf(symbol) != -1): null

2019-08-24 13:08:51 - [TEST_STEP][PASSED] - if (i == 3 &amp;&amp; wildList.indexOf(symbol) != -1): null

2019-08-24 13:08:51 - [TEST_STEP][PASSED] - if (i == 4 &amp;&amp; wildList.indexOf(symbol) != -1): null

2019-08-24 13:08:51 - [TEST_STEP][PASSED] - symbol = symbol: null

2019-08-24 13:08:51 - [TEST_STEP][PASSED] - println(symbol): null

2019-08-24 13:08:51 - [TEST_STEP][PASSED] - if (i == 2 &amp;&amp; wildList.indexOf(symbol) != -1): null

2019-08-24 13:08:51 - [TEST_STEP][PASSED] - if (i == 3 &amp;&amp; wildList.indexOf(symbol) != -1): null

2019-08-24 13:08:51 - [TEST_STEP][PASSED] - if (i == 4 &amp;&amp; wildList.indexOf(symbol) != -1): null

2019-08-24 13:08:51 - [TEST_STEP][PASSED] - symbol = symbol: null

2019-08-24 13:08:51 - [TEST_STEP][PASSED] - println(symbol): null

2019-08-24 13:08:51 - [TEST_STEP][PASSED] - if (i == 2 &amp;&amp; wildList.indexOf(symbol) != -1): null

2019-08-24 13:08:51 - [TEST_STEP][PASSED] - if (i == 3 &amp;&amp; wildList.indexOf(symbol) != -1): null

2019-08-24 13:08:51 - [TEST_STEP][PASSED] - if (i == 4 &amp;&amp; wildList.indexOf(symbol) != -1): null

2019-08-24 13:08:51 - [TEST_STEP][PASSED] - symbols = symbols: null

2019-08-24 13:08:51 - [TEST_STEP][PASSED] - for ([j = 0, j &lt; symbols.size(), (j++)]): null

2019-08-24 13:08:51 - [TEST_STEP][PASSED] - symbol = symbol: null

2019-08-24 13:08:51 - [TEST_STEP][PASSED] - println(symbol): null

2019-08-24 13:08:51 - [TEST_STEP][PASSED] - if (i == 2 &amp;&amp; wildList.indexOf(symbol) != -1): null

2019-08-24 13:08:51 - [TEST_STEP][PASSED] - if (i == 3 &amp;&amp; wildList.indexOf(symbol) != -1): null

2019-08-24 13:08:51 - [TEST_STEP][PASSED] - if (i == 4 &amp;&amp; wildList.indexOf(symbol) != -1): null

2019-08-24 13:08:51 - [TEST_STEP][PASSED] - symbol = symbol: null

2019-08-24 13:08:51 - [TEST_STEP][PASSED] - println(symbol): null

2019-08-24 13:08:51 - [TEST_STEP][PASSED] - if (i == 2 &amp;&amp; wildList.indexOf(symbol) != -1): null

2019-08-24 13:08:51 - [TEST_STEP][PASSED] - if (i == 3 &amp;&amp; wildList.indexOf(symbol) != -1): null

2019-08-24 13:08:51 - [TEST_STEP][PASSED] - if (i == 4 &amp;&amp; wildList.indexOf(symbol) != -1): null

2019-08-24 13:08:51 - [TEST_STEP][PASSED] - symbol = symbol: null

2019-08-24 13:08:51 - [TEST_STEP][PASSED] - println(symbol): null

2019-08-24 13:08:51 - [TEST_STEP][PASSED] - if (i == 2 &amp;&amp; wildList.indexOf(symbol) != -1): null

2019-08-24 13:08:51 - [TEST_STEP][PASSED] - if (i == 3 &amp;&amp; wildList.indexOf(symbol) != -1): null

2019-08-24 13:08:51 - [TEST_STEP][PASSED] - if (i == 4 &amp;&amp; wildList.indexOf(symbol) != -1): null

2019-08-24 13:08:51 - [TEST_STEP][PASSED] - symbols = symbols: null

2019-08-24 13:08:51 - [TEST_STEP][PASSED] - for ([j = 0, j &lt; symbols.size(), (j++)]): null

2019-08-24 13:08:51 - [TEST_STEP][PASSED] - symbol = symbol: null

2019-08-24 13:08:51 - [TEST_STEP][PASSED] - println(symbol): null

2019-08-24 13:08:51 - [TEST_STEP][PASSED] - if (i == 2 &amp;&amp; wildList.indexOf(symbol) != -1): null

2019-08-24 13:08:51 - [TEST_STEP][PASSED] - if (i == 3 &amp;&amp; wildList.indexOf(symbol) != -1): null

2019-08-24 13:08:51 - [TEST_STEP][PASSED] - if (i == 4 &amp;&amp; wildList.indexOf(symbol) != -1): null

2019-08-24 13:08:51 - [TEST_STEP][PASSED] - symbol = symbol: null

2019-08-24 13:08:51 - [TEST_STEP][PASSED] - println(symbol): null

2019-08-24 13:08:51 - [TEST_STEP][PASSED] - if (i == 2 &amp;&amp; wildList.indexOf(symbol) != -1): null

2019-08-24 13:08:51 - [TEST_STEP][PASSED] - println("wild found on reel 3, adding counter by 1"): null

2019-08-24 13:08:51 - [TEST_STEP][PASSED] - free_spin_reel_counter[0] = free_spin_reel_counter[0] + 1: null

2019-08-24 13:08:51 - [TEST_STEP][PASSED] - if (i == 3 &amp;&amp; wildList.indexOf(symbol) != -1): null

2019-08-24 13:08:51 - [TEST_STEP][PASSED] - if (i == 4 &amp;&amp; wildList.indexOf(symbol) != -1): null

2019-08-24 13:08:51 - [TEST_STEP][PASSED] - symbol = symbol: null

2019-08-24 13:08:51 - [TEST_STEP][PASSED] - println(symbol): null

2019-08-24 13:08:51 - [TEST_STEP][PASSED] - if (i == 2 &amp;&amp; wildList.indexOf(symbol) != -1): null

2019-08-24 13:08:51 - [TEST_STEP][PASSED] - if (i == 3 &amp;&amp; wildList.indexOf(symbol) != -1): null

2019-08-24 13:08:51 - [TEST_STEP][PASSED] - if (i == 4 &amp;&amp; wildList.indexOf(symbol) != -1): null

2019-08-24 13:08:51 - [TEST_STEP][PASSED] - symbols = symbols: null

2019-08-24 13:08:51 - [TEST_STEP][PASSED] - for ([j = 0, j &lt; symbols.size(), (j++)]): null

2019-08-24 13:08:51 - [TEST_STEP][PASSED] - symbol = symbol: null

2019-08-24 13:08:51 - [TEST_STEP][PASSED] - println(symbol): null

2019-08-24 13:08:51 - [TEST_STEP][PASSED] - if (i == 2 &amp;&amp; wildList.indexOf(symbol) != -1): null

2019-08-24 13:08:51 - [TEST_STEP][PASSED] - if (i == 3 &amp;&amp; wildList.indexOf(symbol) != -1): null

2019-08-24 13:08:51 - [TEST_STEP][PASSED] - if (i == 4 &amp;&amp; wildList.indexOf(symbol) != -1): null

2019-08-24 13:08:51 - [TEST_STEP][PASSED] - symbol = symbol: null

2019-08-24 13:08:51 - [TEST_STEP][PASSED] - println(symbol): null

2019-08-24 13:08:51 - [TEST_STEP][PASSED] - if (i == 2 &amp;&amp; wildList.indexOf(symbol) != -1): null

2019-08-24 13:08:51 - [TEST_STEP][PASSED] - if (i == 3 &amp;&amp; wildList.indexOf(symbol) != -1): null

2019-08-24 13:08:51 - [TEST_STEP][PASSED] - if (i == 4 &amp;&amp; wildList.indexOf(symbol) != -1): null

2019-08-24 13:08:51 - [TEST_STEP][PASSED] - symbol = symbol: null

2019-08-24 13:08:51 - [TEST_STEP][PASSED] - println(symbol): null

2019-08-24 13:08:51 - [TEST_STEP][PASSED] - if (i == 2 &amp;&amp; wildList.indexOf(symbol) != -1): null

2019-08-24 13:08:51 - [TEST_STEP][PASSED] - if (i == 3 &amp;&amp; wildList.indexOf(symbol) != -1): null

2019-08-24 13:08:51 - [TEST_STEP][PASSED] - if (i == 4 &amp;&amp; wildList.indexOf(symbol) != -1): null

2019-08-24 13:08:51 - [TEST_STEP][PASSED] - symbols = symbols: null

2019-08-24 13:08:51 - [TEST_STEP][PASSED] - for ([j = 0, j &lt; symbols.size(), (j++)]): null

2019-08-24 13:08:51 - [TEST_STEP][PASSED] - symbol = symbol: null

2019-08-24 13:08:51 - [TEST_STEP][PASSED] - println(symbol): null

2019-08-24 13:08:51 - [TEST_STEP][PASSED] - if (i == 2 &amp;&amp; wildList.indexOf(symbol) != -1): null

2019-08-24 13:08:51 - [TEST_STEP][PASSED] - if (i == 3 &amp;&amp; wildList.indexOf(symbol) != -1): null

2019-08-24 13:08:51 - [TEST_STEP][PASSED] - if (i == 4 &amp;&amp; wildList.indexOf(symbol) != -1): null

2019-08-24 13:08:51 - [TEST_STEP][PASSED] - symbol = symbol: null

2019-08-24 13:08:51 - [TEST_STEP][PASSED] - println(symbol): null

2019-08-24 13:08:51 - [TEST_STEP][PASSED] - if (i == 2 &amp;&amp; wildList.indexOf(symbol) != -1): null

2019-08-24 13:08:51 - [TEST_STEP][PASSED] - if (i == 3 &amp;&amp; wildList.indexOf(symbol) != -1): null

2019-08-24 13:08:51 - [TEST_STEP][PASSED] - if (i == 4 &amp;&amp; wildList.indexOf(symbol) != -1): null

2019-08-24 13:08:51 - [TEST_STEP][PASSED] - symbol = symbol: null

2019-08-24 13:08:51 - [TEST_STEP][PASSED] - println(symbol): null

2019-08-24 13:08:51 - [TEST_STEP][PASSED] - if (i == 2 &amp;&amp; wildList.indexOf(symbol) != -1): null

2019-08-24 13:08:51 - [TEST_STEP][PASSED] - if (i == 3 &amp;&amp; wildList.indexOf(symbol) != -1): null

2019-08-24 13:08:51 - [TEST_STEP][PASSED] - if (i == 4 &amp;&amp; wildList.indexOf(symbol) != -1): null

2019-08-24 13:08:51 - [TEST_STEP][PASSED] - free_spin_reel_counter = free_spin_reel_counter: null

2019-08-24 13:08:51 - [TEST_STEP][PASSED] - println("reel 3 wild found: " + free_spin_reel_counter[0]): null

2019-08-24 13:08:51 - [TEST_STEP][PASSED] - println("reel 4 wild found: " + free_spin_reel_counter[1]): null

2019-08-24 13:08:51 - [TEST_STEP][PASSED] - println("reel 5 wild found: " + free_spin_reel_counter[2]): null

2019-08-24 13:08:51 - [TEST_STEP][PASSED] - M4_spin_reels = M4_spin_reels: null

2019-08-24 13:08:51 - [TEST_STEP][PASSED] - M4_spin_reels_symbols = symbol: null

2019-08-24 13:08:51 - [TEST_STEP][PASSED] - M4_spin_reels_symbols = M4_spin_reels_symbols: null

2019-08-24 13:08:51 - [TEST_STEP][PASSED] - M4_spin_reel_wins = reel_wins: null

2019-08-24 13:08:51 - [TEST_STEP][PASSED] - M4_spin_reel_wins = M4_spin_reel_wins: null

2019-08-24 13:08:51 - [TEST_STEP][PASSED] - println("GlobalVariable.M4_spin_reel_wins is: " + M4_spin_reel_wins): null

2019-08-24 13:08:51 - [TEST_STEP][PASSED] - M4_spin_total_bonus_win_this_round = total_bonus_win_this_round: null

2019-08-24 13:08:51 - [TEST_STEP][PASSED] - M4_spin_total_bonus_win_this_round = M4_spin_total_bonus_win_this_round: null

2019-08-24 13:08:51 - [TEST_STEP][PASSED] - println("GlobalVariable.M4_spin_total_bonus_win_this_round is: " + M4_spin_total_bonus_win_this_round): null

2019-08-24 13:08:51 - [TEST_STEP][PASSED] - M4_spin_bonus_spin_result = spin_result: null

2019-08-24 13:08:51 - [TEST_STEP][PASSED] - M4_spin_bonus_spin_result = M4_spin_bonus_spin_result: null

2019-08-24 13:08:51 - [MESSAGE][PASSED] - Verify response successfully

2019-08-24 13:08:51 - [MESSAGE][PASSED] - Send request and verify the response successfully

2019-08-24 13:08:51 - [TEST_STEP][PASSED] - if (M4_total_bonus_spins_int != 0 &amp;&amp; M4_spin_reels_symbols[2].contains("WILD_Expanding")): null

2019-08-24 13:08:51 - [TEST_STEP][PASSED] - free_spin_reel_counter = free_spin_reel_counter: null

2019-08-24 13:08:51 - [TEST_STEP][PASSED] - M4_spin_reels_symbols = M4_spin_reels_symbols: null

2019-08-24 13:08:51 - [TEST_STEP][PASSED] - M4_total_bonus_spins = M4_total_bonus_spins: null

2019-08-24 13:08:51 - [TEST_STEP][PASSED] - spin_result = sendRequestAndVerify(findTestObject("INT/RGS(M4)/1_M4_spin", ["M4_login_user_id":M4_login_user_id, "rgs_session_token":rgs_session_token, "partner":Partner])): Send request and verify the response successfully

2019-08-24 13:08:51 - [MESSAGE][INFO] - HAR: /Users/eiralee/Katalon_Script/SuperWild/Reports/20190824_125957/INT/superWild_5/20190824_125957/requests/main/160.har

2019-08-24 13:08:51 - [TEST_CASE][PASSED] - Start Test Case : Verification: Verification accomplished successfully

2019-08-24 13:08:51 - [TEST_STEP][PASSED] - request = getInstance().getCurrentRequest(): null

2019-08-24 13:08:51 - [TEST_STEP][PASSED] - response = getInstance().getCurrentResponse(): null

2019-08-24 13:08:51 - [TEST_STEP][PASSED] - verifyResponseStatusCode(response, 200): Verify response status code successfully

2019-08-24 13:08:51 - [MESSAGE][PASSED] - Verify response status code successfully

2019-08-24 13:08:51 - [TEST_STEP][PASSED] - getStatusCode()).isEqualTo(200): null

2019-08-24 13:08:51 - [TEST_STEP][PASSED] - newline = System.getProperty("line.separator"): null

2019-08-24 13:08:51 - [TEST_STEP][PASSED] - M4_spin = new groovy.json.JsonSlurper(): null

2019-08-24 13:08:51 - [TEST_STEP][PASSED] - result_M4_spin = M4_spin.parseText(response.getResponseBodyContent()): null

2019-08-24 13:08:51 - [TEST_STEP][PASSED] - M4_spin_current_balance = current_balance: null

2019-08-24 13:08:51 - [TEST_STEP][PASSED] - M4_spin_current_balance = M4_spin_current_balance: null

2019-08-24 13:08:51 - [TEST_STEP][PASSED] - M4_spin_transaction_id = causality: null

2019-08-24 13:08:51 - [TEST_STEP][PASSED] - M4_spin_transaction_id = M4_spin_transaction_id: null

2019-08-24 13:08:51 - [TEST_STEP][PASSED] - M4_spin_round_id = round_id: null

2019-08-24 13:08:51 - [TEST_STEP][PASSED] - M4_spin_round_id = M4_spin_round_id: null

2019-08-24 13:08:51 - [TEST_STEP][PASSED] - M4_spin_line_wins = line_wins: null

2019-08-24 13:08:51 - [TEST_STEP][PASSED] - M4_spin_line_wins = M4_spin_line_wins: null

2019-08-24 13:08:51 - [TEST_STEP][PASSED] - M4_total_bonus_spins_int = total_bonus_spins: null

2019-08-24 13:08:51 - [TEST_STEP][PASSED] - println("******M4_total_bonus_spins type is:*******" + newline + getClass().getName()): null

2019-08-24 13:08:51 - [TEST_STEP][PASSED] - M4_total_bonus_spins_int = M4_total_bonus_spins_int: null

2019-08-24 13:08:51 - [TEST_STEP][PASSED] - M4_total_bonus_spins = Integer.toString(M4_total_bonus_spins_int): null

2019-08-24 13:08:51 - [TEST_STEP][PASSED] - M4_total_bonus_spins = M4_total_bonus_spins: null

2019-08-24 13:08:51 - [TEST_STEP][PASSED] - println("M4_total_bonus_spins is:" + M4_total_bonus_spins): null

2019-08-24 13:08:51 - [TEST_STEP][PASSED] - M4_spin_bonus_data = bonus_data: null

2019-08-24 13:08:51 - [TEST_STEP][PASSED] - M4_spin_features_triggered = result_M4_spin: null

2019-08-24 13:08:51 - [TEST_STEP][PASSED] - wild = []: null

2019-08-24 13:08:51 - [TEST_STEP][PASSED] - wild[0] = "WILD_Expanding": null

2019-08-24 13:08:51 - [TEST_STEP][PASSED] - wild[1] = "WILD_Normal": null

2019-08-24 13:08:51 - [TEST_STEP][PASSED] - wild[2] = "WILD_Double": null

2019-08-24 13:08:51 - [TEST_STEP][PASSED] - wild[3] = "WILD_ExtraFG": null

2019-08-24 13:08:51 - [TEST_STEP][PASSED] - wild[4] = "WILD_Triple": null

2019-08-24 13:08:51 - [TEST_STEP][PASSED] - wildList = Arrays.asList(wild): null

2019-08-24 13:08:51 - [TEST_STEP][PASSED] - wildList = wildList: null

2019-08-24 13:08:51 - [TEST_STEP][PASSED] - free_spin_reel_counter = []: null

2019-08-24 13:08:51 - [TEST_STEP][PASSED] - free_spin_reel_counter[0] = 0: null

2019-08-24 13:08:51 - [TEST_STEP][PASSED] - free_spin_reel_counter[1] = 0: null

2019-08-24 13:08:51 - [TEST_STEP][PASSED] - free_spin_reel_counter[2] = 0: null

2019-08-24 13:08:51 - [TEST_STEP][PASSED] - M4_spin_reels = reels: null

2019-08-24 13:08:51 - [TEST_STEP][PASSED] - for ([i = 0, i &lt; M4_spin_reels.size(), (i++)]): null

2019-08-24 13:08:51 - [TEST_STEP][PASSED] - symbols = symbols: null

2019-08-24 13:08:51 - [TEST_STEP][PASSED] - for ([j = 0, j &lt; symbols.size(), (j++)]): null

2019-08-24 13:08:51 - [TEST_STEP][PASSED] - symbol = symbol: null

2019-08-24 13:08:51 - [TEST_STEP][PASSED] - println(symbol): null

2019-08-24 13:08:51 - [TEST_STEP][PASSED] - if (i == 2 &amp;&amp; wildList.indexOf(symbol) != -1): null

2019-08-24 13:08:51 - [TEST_STEP][PASSED] - if (i == 3 &amp;&amp; wildList.indexOf(symbol) != -1): null

2019-08-24 13:08:51 - [TEST_STEP][PASSED] - if (i == 4 &amp;&amp; wildList.indexOf(symbol) != -1): null

2019-08-24 13:08:51 - [TEST_STEP][PASSED] - symbol = symbol: null

2019-08-24 13:08:51 - [TEST_STEP][PASSED] - println(symbol): null

2019-08-24 13:08:51 - [TEST_STEP][PASSED] - if (i == 2 &amp;&amp; wildList.indexOf(symbol) != -1): null

2019-08-24 13:08:51 - [TEST_STEP][PASSED] - if (i == 3 &amp;&amp; wildList.indexOf(symbol) != -1): null

2019-08-24 13:08:51 - [TEST_STEP][PASSED] - if (i == 4 &amp;&amp; wildList.indexOf(symbol) != -1): null

2019-08-24 13:08:51 - [TEST_STEP][PASSED] - symbol = symbol: null

2019-08-24 13:08:51 - [TEST_STEP][PASSED] - println(symbol): null

2019-08-24 13:08:51 - [TEST_STEP][PASSED] - if (i == 2 &amp;&amp; wildList.indexOf(symbol) != -1): null

2019-08-24 13:08:51 - [TEST_STEP][PASSED] - if (i == 3 &amp;&amp; wildList.indexOf(symbol) != -1): null

2019-08-24 13:08:51 - [TEST_STEP][PASSED] - if (i == 4 &amp;&amp; wildList.indexOf(symbol) != -1): null

2019-08-24 13:08:51 - [TEST_STEP][PASSED] - symbols = symbols: null

2019-08-24 13:08:51 - [TEST_STEP][PASSED] - for ([j = 0, j &lt; symbols.size(), (j++)]): null

2019-08-24 13:08:51 - [TEST_STEP][PASSED] - symbol = symbol: null

2019-08-24 13:08:51 - [TEST_STEP][PASSED] - println(symbol): null

2019-08-24 13:08:51 - [TEST_STEP][PASSED] - if (i == 2 &amp;&amp; wildList.indexOf(symbol) != -1): null

2019-08-24 13:08:51 - [TEST_STEP][PASSED] - if (i == 3 &amp;&amp; wildList.indexOf(symbol) != -1): null

2019-08-24 13:08:51 - [TEST_STEP][PASSED] - if (i == 4 &amp;&amp; wildList.indexOf(symbol) != -1): null

2019-08-24 13:08:51 - [TEST_STEP][PASSED] - symbol = symbol: null

2019-08-24 13:08:51 - [TEST_STEP][PASSED] - println(symbol): null

2019-08-24 13:08:51 - [TEST_STEP][PASSED] - if (i == 2 &amp;&amp; wildList.indexOf(symbol) != -1): null

2019-08-24 13:08:51 - [TEST_STEP][PASSED] - if (i == 3 &amp;&amp; wildList.indexOf(symbol) != -1): null

2019-08-24 13:08:51 - [TEST_STEP][PASSED] - if (i == 4 &amp;&amp; wildList.indexOf(symbol) != -1): null

2019-08-24 13:08:51 - [TEST_STEP][PASSED] - symbol = symbol: null

2019-08-24 13:08:51 - [TEST_STEP][PASSED] - println(symbol): null

2019-08-24 13:08:51 - [TEST_STEP][PASSED] - if (i == 2 &amp;&amp; wildList.indexOf(symbol) != -1): null

2019-08-24 13:08:51 - [TEST_STEP][PASSED] - if (i == 3 &amp;&amp; wildList.indexOf(symbol) != -1): null

2019-08-24 13:08:51 - [TEST_STEP][PASSED] - if (i == 4 &amp;&amp; wildList.indexOf(symbol) != -1): null

2019-08-24 13:08:51 - [TEST_STEP][PASSED] - symbols = symbols: null

2019-08-24 13:08:51 - [TEST_STEP][PASSED] - for ([j = 0, j &lt; symbols.size(), (j++)]): null

2019-08-24 13:08:51 - [TEST_STEP][PASSED] - symbol = symbol: null

2019-08-24 13:08:51 - [TEST_STEP][PASSED] - println(symbol): null

2019-08-24 13:08:51 - [TEST_STEP][PASSED] - if (i == 2 &amp;&amp; wildList.indexOf(symbol) != -1): null

2019-08-24 13:08:51 - [TEST_STEP][PASSED] - if (i == 3 &amp;&amp; wildList.indexOf(symbol) != -1): null

2019-08-24 13:08:51 - [TEST_STEP][PASSED] - if (i == 4 &amp;&amp; wildList.indexOf(symbol) != -1): null

2019-08-24 13:08:51 - [TEST_STEP][PASSED] - symbol = symbol: null

2019-08-24 13:08:51 - [TEST_STEP][PASSED] - println(symbol): null

2019-08-24 13:08:51 - [TEST_STEP][PASSED] - if (i == 2 &amp;&amp; wildList.indexOf(symbol) != -1): null

2019-08-24 13:08:51 - [TEST_STEP][PASSED] - if (i == 3 &amp;&amp; wildList.indexOf(symbol) != -1): null

2019-08-24 13:08:51 - [TEST_STEP][PASSED] - if (i == 4 &amp;&amp; wildList.indexOf(symbol) != -1): null

2019-08-24 13:08:51 - [TEST_STEP][PASSED] - symbol = symbol: null

2019-08-24 13:08:51 - [TEST_STEP][PASSED] - println(symbol): null

2019-08-24 13:08:51 - [TEST_STEP][PASSED] - if (i == 2 &amp;&amp; wildList.indexOf(symbol) != -1): null

2019-08-24 13:08:51 - [TEST_STEP][PASSED] - if (i == 3 &amp;&amp; wildList.indexOf(symbol) != -1): null

2019-08-24 13:08:51 - [TEST_STEP][PASSED] - if (i == 4 &amp;&amp; wildList.indexOf(symbol) != -1): null

2019-08-24 13:08:51 - [TEST_STEP][PASSED] - symbols = symbols: null

2019-08-24 13:08:51 - [TEST_STEP][PASSED] - for ([j = 0, j &lt; symbols.size(), (j++)]): null

2019-08-24 13:08:51 - [TEST_STEP][PASSED] - symbol = symbol: null

2019-08-24 13:08:51 - [TEST_STEP][PASSED] - println(symbol): null

2019-08-24 13:08:51 - [TEST_STEP][PASSED] - if (i == 2 &amp;&amp; wildList.indexOf(symbol) != -1): null

2019-08-24 13:08:51 - [TEST_STEP][PASSED] - if (i == 3 &amp;&amp; wildList.indexOf(symbol) != -1): null

2019-08-24 13:08:51 - [TEST_STEP][PASSED] - if (i == 4 &amp;&amp; wildList.indexOf(symbol) != -1): null

2019-08-24 13:08:51 - [TEST_STEP][PASSED] - symbol = symbol: null

2019-08-24 13:08:51 - [TEST_STEP][PASSED] - println(symbol): null

2019-08-24 13:08:51 - [TEST_STEP][PASSED] - if (i == 2 &amp;&amp; wildList.indexOf(symbol) != -1): null

2019-08-24 13:08:51 - [TEST_STEP][PASSED] - if (i == 3 &amp;&amp; wildList.indexOf(symbol) != -1): null

2019-08-24 13:08:51 - [TEST_STEP][PASSED] - if (i == 4 &amp;&amp; wildList.indexOf(symbol) != -1): null

2019-08-24 13:08:51 - [TEST_STEP][PASSED] - symbol = symbol: null

2019-08-24 13:08:51 - [TEST_STEP][PASSED] - println(symbol): null

2019-08-24 13:08:51 - [TEST_STEP][PASSED] - if (i == 2 &amp;&amp; wildList.indexOf(symbol) != -1): null

2019-08-24 13:08:51 - [TEST_STEP][PASSED] - if (i == 3 &amp;&amp; wildList.indexOf(symbol) != -1): null

2019-08-24 13:08:51 - [TEST_STEP][PASSED] - if (i == 4 &amp;&amp; wildList.indexOf(symbol) != -1): null

2019-08-24 13:08:51 - [TEST_STEP][PASSED] - symbols = symbols: null

2019-08-24 13:08:51 - [TEST_STEP][PASSED] - for ([j = 0, j &lt; symbols.size(), (j++)]): null

2019-08-24 13:08:51 - [TEST_STEP][PASSED] - symbol = symbol: null

2019-08-24 13:08:51 - [TEST_STEP][PASSED] - println(symbol): null

2019-08-24 13:08:51 - [TEST_STEP][PASSED] - if (i == 2 &amp;&amp; wildList.indexOf(symbol) != -1): null

2019-08-24 13:08:51 - [TEST_STEP][PASSED] - if (i == 3 &amp;&amp; wildList.indexOf(symbol) != -1): null

2019-08-24 13:08:51 - [TEST_STEP][PASSED] - if (i == 4 &amp;&amp; wildList.indexOf(symbol) != -1): null

2019-08-24 13:08:51 - [TEST_STEP][PASSED] - symbol = symbol: null

2019-08-24 13:08:51 - [TEST_STEP][PASSED] - println(symbol): null

2019-08-24 13:08:51 - [TEST_STEP][PASSED] - if (i == 2 &amp;&amp; wildList.indexOf(symbol) != -1): null

2019-08-24 13:08:51 - [TEST_STEP][PASSED] - if (i == 3 &amp;&amp; wildList.indexOf(symbol) != -1): null

2019-08-24 13:08:51 - [TEST_STEP][PASSED] - if (i == 4 &amp;&amp; wildList.indexOf(symbol) != -1): null

2019-08-24 13:08:51 - [TEST_STEP][PASSED] - symbol = symbol: null

2019-08-24 13:08:51 - [TEST_STEP][PASSED] - println(symbol): null

2019-08-24 13:08:51 - [TEST_STEP][PASSED] - if (i == 2 &amp;&amp; wildList.indexOf(symbol) != -1): null

2019-08-24 13:08:55 - [TEST_STEP][PASSED] - if (i == 3 &amp;&amp; wildList.indexOf(symbol) != -1): null

2019-08-24 13:08:55 - [TEST_STEP][PASSED] - if (i == 4 &amp;&amp; wildList.indexOf(symbol) != -1): null

2019-08-24 13:08:55 - [TEST_STEP][PASSED] - free_spin_reel_counter = free_spin_reel_counter: null

2019-08-24 13:08:55 - [TEST_STEP][PASSED] - println("reel 3 wild found: " + free_spin_reel_counter[0]): null

2019-08-24 13:08:55 - [TEST_STEP][PASSED] - println("reel 4 wild found: " + free_spin_reel_counter[1]): null

2019-08-24 13:08:55 - [TEST_STEP][PASSED] - println("reel 5 wild found: " + free_spin_reel_counter[2]): null

2019-08-24 13:08:55 - [TEST_STEP][PASSED] - M4_spin_reels = M4_spin_reels: null

2019-08-24 13:08:55 - [TEST_STEP][PASSED] - M4_spin_reels_symbols = symbol: null

2019-08-24 13:08:55 - [TEST_STEP][PASSED] - M4_spin_reels_symbols = M4_spin_reels_symbols: null

2019-08-24 13:08:58 - [TEST_STEP][PASSED] - M4_spin_reel_wins = reel_wins: null

2019-08-24 13:08:58 - [TEST_STEP][PASSED] - M4_spin_reel_wins = M4_spin_reel_wins: null

2019-08-24 13:08:58 - [TEST_STEP][PASSED] - println("GlobalVariable.M4_spin_reel_wins is: " + M4_spin_reel_wins): null

2019-08-24 13:08:58 - [TEST_STEP][PASSED] - M4_spin_total_bonus_win_this_round = total_bonus_win_this_round: null

2019-08-24 13:08:58 - [TEST_STEP][PASSED] - M4_spin_total_bonus_win_this_round = M4_spin_total_bonus_win_this_round: null

2019-08-24 13:08:58 - [TEST_STEP][PASSED] - println("GlobalVariable.M4_spin_total_bonus_win_this_round is: " + M4_spin_total_bonus_win_this_round): null

2019-08-24 13:08:58 - [TEST_STEP][PASSED] - M4_spin_bonus_spin_result = spin_result: null

2019-08-24 13:08:58 - [TEST_STEP][PASSED] - M4_spin_bonus_spin_result = M4_spin_bonus_spin_result: null

2019-08-24 13:08:58 - [MESSAGE][PASSED] - Verify response successfully

2019-08-24 13:08:58 - [MESSAGE][PASSED] - Send request and verify the response successfully

2019-08-24 13:08:58 - [TEST_STEP][PASSED] - if (M4_total_bonus_spins_int != 0 &amp;&amp; M4_spin_reels_symbols[2].contains("WILD_Expanding")): null

2019-08-24 13:08:58 - [TEST_STEP][PASSED] - free_spin_reel_counter = free_spin_reel_counter: null

2019-08-24 13:08:58 - [TEST_STEP][PASSED] - M4_spin_reels_symbols = M4_spin_reels_symbols: null

2019-08-24 13:08:58 - [TEST_STEP][PASSED] - M4_total_bonus_spins = M4_total_bonus_spins: null

2019-08-24 13:08:58 - [TEST_STEP][PASSED] - spin_result = sendRequestAndVerify(findTestObject("INT/RGS(M4)/1_M4_spin", ["M4_login_user_id":M4_login_user_id, "rgs_session_token":rgs_session_token, "partner":Partner])): Send request and verify the response successfully

2019-08-24 13:08:58 - [MESSAGE][INFO] - HAR: /Users/eiralee/Katalon_Script/SuperWild/Reports/20190824_125957/INT/superWild_5/20190824_125957/requests/main/161.har

2019-08-24 13:08:58 - [TEST_CASE][PASSED] - Start Test Case : Verification: Verification accomplished successfully

2019-08-24 13:08:58 - [TEST_STEP][PASSED] - request = getInstance().getCurrentRequest(): null

2019-08-24 13:08:59 - [TEST_STEP][PASSED] - response = getInstance().getCurrentResponse(): null

2019-08-24 13:08:59 - [TEST_STEP][PASSED] - verifyResponseStatusCode(response, 200): Verify response status code successfully

2019-08-24 13:08:59 - [MESSAGE][PASSED] - Verify response status code successfully

2019-08-24 13:08:59 - [TEST_STEP][PASSED] - getStatusCode()).isEqualTo(200): null

2019-08-24 13:08:59 - [TEST_STEP][PASSED] - newline = System.getProperty("line.separator"): null

2019-08-24 13:08:59 - [TEST_STEP][PASSED] - M4_spin = new groovy.json.JsonSlurper(): null

2019-08-24 13:08:59 - [TEST_STEP][PASSED] - result_M4_spin = M4_spin.parseText(response.getResponseBodyContent()): null

2019-08-24 13:08:59 - [TEST_STEP][PASSED] - M4_spin_current_balance = current_balance: null

2019-08-24 13:08:59 - [TEST_STEP][PASSED] - M4_spin_current_balance = M4_spin_current_balance: null

2019-08-24 13:08:59 - [TEST_STEP][PASSED] - M4_spin_transaction_id = causality: null

2019-08-24 13:08:59 - [TEST_STEP][PASSED] - M4_spin_transaction_id = M4_spin_transaction_id: null

2019-08-24 13:08:59 - [TEST_STEP][PASSED] - M4_spin_round_id = round_id: null

2019-08-24 13:08:59 - [TEST_STEP][PASSED] - M4_spin_round_id = M4_spin_round_id: null

2019-08-24 13:08:59 - [TEST_STEP][PASSED] - M4_spin_line_wins = line_wins: null

2019-08-24 13:08:59 - [TEST_STEP][PASSED] - M4_spin_line_wins = M4_spin_line_wins: null

2019-08-24 13:08:59 - [TEST_STEP][PASSED] - M4_total_bonus_spins_int = total_bonus_spins: null

2019-08-24 13:08:59 - [TEST_STEP][PASSED] - println("******M4_total_bonus_spins type is:*******" + newline + getClass().getName()): null

2019-08-24 13:08:59 - [TEST_STEP][PASSED] - M4_total_bonus_spins_int = M4_total_bonus_spins_int: null

2019-08-24 13:08:59 - [TEST_STEP][PASSED] - M4_total_bonus_spins = Integer.toString(M4_total_bonus_spins_int): null

2019-08-24 13:08:59 - [TEST_STEP][PASSED] - M4_total_bonus_spins = M4_total_bonus_spins: null

2019-08-24 13:08:59 - [TEST_STEP][PASSED] - println("M4_total_bonus_spins is:" + M4_total_bonus_spins): null

2019-08-24 13:08:59 - [TEST_STEP][PASSED] - M4_spin_bonus_data = bonus_data: null

2019-08-24 13:08:59 - [TEST_STEP][PASSED] - M4_spin_features_triggered = result_M4_spin: null

2019-08-24 13:08:59 - [TEST_STEP][PASSED] - wild = []: null

2019-08-24 13:08:59 - [TEST_STEP][PASSED] - wild[0] = "WILD_Expanding": null

2019-08-24 13:08:59 - [TEST_STEP][PASSED] - wild[1] = "WILD_Normal": null

2019-08-24 13:08:59 - [TEST_STEP][PASSED] - wild[2] = "WILD_Double": null

2019-08-24 13:08:59 - [TEST_STEP][PASSED] - wild[3] = "WILD_ExtraFG": null

2019-08-24 13:08:59 - [TEST_STEP][PASSED] - wild[4] = "WILD_Triple": null

2019-08-24 13:08:59 - [TEST_STEP][PASSED] - wildList = Arrays.asList(wild): null

2019-08-24 13:08:59 - [TEST_STEP][PASSED] - wildList = wildList: null

2019-08-24 13:08:59 - [TEST_STEP][PASSED] - free_spin_reel_counter = []: null

2019-08-24 13:08:59 - [TEST_STEP][PASSED] - free_spin_reel_counter[0] = 0: null

2019-08-24 13:08:59 - [TEST_STEP][PASSED] - free_spin_reel_counter[1] = 0: null

2019-08-24 13:08:59 - [TEST_STEP][PASSED] - free_spin_reel_counter[2] = 0: null

2019-08-24 13:08:59 - [TEST_STEP][PASSED] - M4_spin_reels = reels: null

2019-08-24 13:08:59 - [TEST_STEP][PASSED] - for ([i = 0, i &lt; M4_spin_reels.size(), (i++)]): null

2019-08-24 13:08:59 - [TEST_STEP][PASSED] - symbols = symbols: null

2019-08-24 13:08:59 - [TEST_STEP][PASSED] - for ([j = 0, j &lt; symbols.size(), (j++)]): null

2019-08-24 13:08:59 - [TEST_STEP][PASSED] - symbol = symbol: null

2019-08-24 13:08:59 - [TEST_STEP][PASSED] - println(symbol): null

2019-08-24 13:08:59 - [TEST_STEP][PASSED] - if (i == 2 &amp;&amp; wildList.indexOf(symbol) != -1): null

2019-08-24 13:08:59 - [TEST_STEP][PASSED] - if (i == 3 &amp;&amp; wildList.indexOf(symbol) != -1): null

2019-08-24 13:08:59 - [TEST_STEP][PASSED] - if (i == 4 &amp;&amp; wildList.indexOf(symbol) != -1): null

2019-08-24 13:08:59 - [TEST_STEP][PASSED] - symbol = symbol: null

2019-08-24 13:08:59 - [TEST_STEP][PASSED] - println(symbol): null

2019-08-24 13:08:59 - [TEST_STEP][PASSED] - if (i == 2 &amp;&amp; wildList.indexOf(symbol) != -1): null

2019-08-24 13:08:59 - [TEST_STEP][PASSED] - if (i == 3 &amp;&amp; wildList.indexOf(symbol) != -1): null

2019-08-24 13:08:59 - [TEST_STEP][PASSED] - if (i == 4 &amp;&amp; wildList.indexOf(symbol) != -1): null

2019-08-24 13:08:59 - [TEST_STEP][PASSED] - symbol = symbol: null

2019-08-24 13:08:59 - [TEST_STEP][PASSED] - println(symbol): null

2019-08-24 13:08:59 - [TEST_STEP][PASSED] - if (i == 2 &amp;&amp; wildList.indexOf(symbol) != -1): null

2019-08-24 13:08:59 - [TEST_STEP][PASSED] - if (i == 3 &amp;&amp; wildList.indexOf(symbol) != -1): null

2019-08-24 13:08:59 - [TEST_STEP][PASSED] - if (i == 4 &amp;&amp; wildList.indexOf(symbol) != -1): null

2019-08-24 13:08:59 - [TEST_STEP][PASSED] - symbols = symbols: null

2019-08-24 13:08:59 - [TEST_STEP][PASSED] - for ([j = 0, j &lt; symbols.size(), (j++)]): null

2019-08-24 13:08:59 - [TEST_STEP][PASSED] - symbol = symbol: null

2019-08-24 13:08:59 - [TEST_STEP][PASSED] - println(symbol): null

2019-08-24 13:08:59 - [TEST_STEP][PASSED] - if (i == 2 &amp;&amp; wildList.indexOf(symbol) != -1): null

2019-08-24 13:08:59 - [TEST_STEP][PASSED] - if (i == 3 &amp;&amp; wildList.indexOf(symbol) != -1): null

2019-08-24 13:08:59 - [TEST_STEP][PASSED] - if (i == 4 &amp;&amp; wildList.indexOf(symbol) != -1): null

2019-08-24 13:08:59 - [TEST_STEP][PASSED] - symbol = symbol: null

2019-08-24 13:08:59 - [TEST_STEP][PASSED] - println(symbol): null

2019-08-24 13:08:59 - [TEST_STEP][PASSED] - if (i == 2 &amp;&amp; wildList.indexOf(symbol) != -1): null

2019-08-24 13:08:59 - [TEST_STEP][PASSED] - if (i == 3 &amp;&amp; wildList.indexOf(symbol) != -1): null

2019-08-24 13:08:59 - [TEST_STEP][PASSED] - if (i == 4 &amp;&amp; wildList.indexOf(symbol) != -1): null

2019-08-24 13:08:59 - [TEST_STEP][PASSED] - symbol = symbol: null

2019-08-24 13:08:59 - [TEST_STEP][PASSED] - println(symbol): null

2019-08-24 13:08:59 - [TEST_STEP][PASSED] - if (i == 2 &amp;&amp; wildList.indexOf(symbol) != -1): null

2019-08-24 13:08:59 - [TEST_STEP][PASSED] - if (i == 3 &amp;&amp; wildList.indexOf(symbol) != -1): null

2019-08-24 13:08:59 - [TEST_STEP][PASSED] - if (i == 4 &amp;&amp; wildList.indexOf(symbol) != -1): null

2019-08-24 13:08:59 - [TEST_STEP][PASSED] - symbols = symbols: null

2019-08-24 13:08:59 - [TEST_STEP][PASSED] - for ([j = 0, j &lt; symbols.size(), (j++)]): null

2019-08-24 13:08:59 - [TEST_STEP][PASSED] - symbol = symbol: null

2019-08-24 13:08:59 - [TEST_STEP][PASSED] - println(symbol): null

2019-08-24 13:08:59 - [TEST_STEP][PASSED] - if (i == 2 &amp;&amp; wildList.indexOf(symbol) != -1): null

2019-08-24 13:08:59 - [TEST_STEP][PASSED] - if (i == 3 &amp;&amp; wildList.indexOf(symbol) != -1): null

2019-08-24 13:08:59 - [TEST_STEP][PASSED] - if (i == 4 &amp;&amp; wildList.indexOf(symbol) != -1): null

2019-08-24 13:08:59 - [TEST_STEP][PASSED] - symbol = symbol: null

2019-08-24 13:08:59 - [TEST_STEP][PASSED] - println(symbol): null

2019-08-24 13:08:59 - [TEST_STEP][PASSED] - if (i == 2 &amp;&amp; wildList.indexOf(symbol) != -1): null

2019-08-24 13:08:59 - [TEST_STEP][PASSED] - if (i == 3 &amp;&amp; wildList.indexOf(symbol) != -1): null

2019-08-24 13:08:59 - [TEST_STEP][PASSED] - if (i == 4 &amp;&amp; wildList.indexOf(symbol) != -1): null

2019-08-24 13:08:59 - [TEST_STEP][PASSED] - symbol = symbol: null

2019-08-24 13:08:59 - [TEST_STEP][PASSED] - println(symbol): null

2019-08-24 13:08:59 - [TEST_STEP][PASSED] - if (i == 2 &amp;&amp; wildList.indexOf(symbol) != -1): null

2019-08-24 13:08:59 - [TEST_STEP][PASSED] - if (i == 3 &amp;&amp; wildList.indexOf(symbol) != -1): null

2019-08-24 13:08:59 - [TEST_STEP][PASSED] - if (i == 4 &amp;&amp; wildList.indexOf(symbol) != -1): null

2019-08-24 13:08:59 - [TEST_STEP][PASSED] - symbols = symbols: null

2019-08-24 13:08:59 - [TEST_STEP][PASSED] - for ([j = 0, j &lt; symbols.size(), (j++)]): null

2019-08-24 13:08:59 - [TEST_STEP][PASSED] - symbol = symbol: null

2019-08-24 13:08:59 - [TEST_STEP][PASSED] - println(symbol): null

2019-08-24 13:08:59 - [TEST_STEP][PASSED] - if (i == 2 &amp;&amp; wildList.indexOf(symbol) != -1): null

2019-08-24 13:08:59 - [TEST_STEP][PASSED] - if (i == 3 &amp;&amp; wildList.indexOf(symbol) != -1): null

2019-08-24 13:08:59 - [TEST_STEP][PASSED] - if (i == 4 &amp;&amp; wildList.indexOf(symbol) != -1): null

2019-08-24 13:08:59 - [TEST_STEP][PASSED] - symbol = symbol: null

2019-08-24 13:08:59 - [TEST_STEP][PASSED] - println(symbol): null

2019-08-24 13:08:59 - [TEST_STEP][PASSED] - if (i == 2 &amp;&amp; wildList.indexOf(symbol) != -1): null

2019-08-24 13:08:59 - [TEST_STEP][PASSED] - if (i == 3 &amp;&amp; wildList.indexOf(symbol) != -1): null

2019-08-24 13:08:59 - [TEST_STEP][PASSED] - if (i == 4 &amp;&amp; wildList.indexOf(symbol) != -1): null

2019-08-24 13:08:59 - [TEST_STEP][PASSED] - symbol = symbol: null

2019-08-24 13:08:59 - [TEST_STEP][PASSED] - println(symbol): null

2019-08-24 13:08:59 - [TEST_STEP][PASSED] - if (i == 2 &amp;&amp; wildList.indexOf(symbol) != -1): null

2019-08-24 13:08:59 - [TEST_STEP][PASSED] - if (i == 3 &amp;&amp; wildList.indexOf(symbol) != -1): null

2019-08-24 13:08:59 - [TEST_STEP][PASSED] - if (i == 4 &amp;&amp; wildList.indexOf(symbol) != -1): null

2019-08-24 13:08:59 - [TEST_STEP][PASSED] - symbols = symbols: null

2019-08-24 13:08:59 - [TEST_STEP][PASSED] - for ([j = 0, j &lt; symbols.size(), (j++)]): null

2019-08-24 13:08:59 - [TEST_STEP][PASSED] - symbol = symbol: null

2019-08-24 13:08:59 - [TEST_STEP][PASSED] - println(symbol): null

2019-08-24 13:08:59 - [TEST_STEP][PASSED] - if (i == 2 &amp;&amp; wildList.indexOf(symbol) != -1): null

2019-08-24 13:08:59 - [TEST_STEP][PASSED] - if (i == 3 &amp;&amp; wildList.indexOf(symbol) != -1): null

2019-08-24 13:08:59 - [TEST_STEP][PASSED] - if (i == 4 &amp;&amp; wildList.indexOf(symbol) != -1): null

2019-08-24 13:08:59 - [TEST_STEP][PASSED] - symbol = symbol: null

2019-08-24 13:08:59 - [TEST_STEP][PASSED] - println(symbol): null

2019-08-24 13:08:59 - [TEST_STEP][PASSED] - if (i == 2 &amp;&amp; wildList.indexOf(symbol) != -1): null

2019-08-24 13:08:59 - [TEST_STEP][PASSED] - if (i == 3 &amp;&amp; wildList.indexOf(symbol) != -1): null

2019-08-24 13:08:59 - [TEST_STEP][PASSED] - if (i == 4 &amp;&amp; wildList.indexOf(symbol) != -1): null

2019-08-24 13:08:59 - [TEST_STEP][PASSED] - symbol = symbol: null

2019-08-24 13:08:59 - [TEST_STEP][PASSED] - println(symbol): null

2019-08-24 13:08:59 - [TEST_STEP][PASSED] - if (i == 2 &amp;&amp; wildList.indexOf(symbol) != -1): null

2019-08-24 13:08:59 - [TEST_STEP][PASSED] - if (i == 3 &amp;&amp; wildList.indexOf(symbol) != -1): null

2019-08-24 13:08:59 - [TEST_STEP][PASSED] - if (i == 4 &amp;&amp; wildList.indexOf(symbol) != -1): null

2019-08-24 13:08:59 - [TEST_STEP][PASSED] - free_spin_reel_counter = free_spin_reel_counter: null

2019-08-24 13:08:59 - [TEST_STEP][PASSED] - println("reel 3 wild found: " + free_spin_reel_counter[0]): null

2019-08-24 13:08:59 - [TEST_STEP][PASSED] - println("reel 4 wild found: " + free_spin_reel_counter[1]): null

2019-08-24 13:08:59 - [TEST_STEP][PASSED] - println("reel 5 wild found: " + free_spin_reel_counter[2]): null

2019-08-24 13:08:59 - [TEST_STEP][PASSED] - M4_spin_reels = M4_spin_reels: null

2019-08-24 13:08:59 - [TEST_STEP][PASSED] - M4_spin_reels_symbols = symbol: null

2019-08-24 13:08:59 - [TEST_STEP][PASSED] - M4_spin_reels_symbols = M4_spin_reels_symbols: null

2019-08-24 13:08:59 - [TEST_STEP][PASSED] - M4_spin_reel_wins = reel_wins: null

2019-08-24 13:08:59 - [TEST_STEP][PASSED] - M4_spin_reel_wins = M4_spin_reel_wins: null

2019-08-24 13:08:59 - [TEST_STEP][PASSED] - println("GlobalVariable.M4_spin_reel_wins is: " + M4_spin_reel_wins): null

2019-08-24 13:08:59 - [TEST_STEP][PASSED] - M4_spin_total_bonus_win_this_round = total_bonus_win_this_round: null

2019-08-24 13:08:59 - [TEST_STEP][PASSED] - M4_spin_total_bonus_win_this_round = M4_spin_total_bonus_win_this_round: null

2019-08-24 13:08:59 - [TEST_STEP][PASSED] - println("GlobalVariable.M4_spin_total_bonus_win_this_round is: " + M4_spin_total_bonus_win_this_round): null

2019-08-24 13:08:59 - [TEST_STEP][PASSED] - M4_spin_bonus_spin_result = spin_result: null

2019-08-24 13:08:59 - [TEST_STEP][PASSED] - M4_spin_bonus_spin_result = M4_spin_bonus_spin_result: null

2019-08-24 13:08:59 - [MESSAGE][PASSED] - Verify response successfully

2019-08-24 13:08:59 - [MESSAGE][PASSED] - Send request and verify the response successfully

2019-08-24 13:08:59 - [TEST_STEP][PASSED] - if (M4_total_bonus_spins_int != 0 &amp;&amp; M4_spin_reels_symbols[2].contains("WILD_Expanding")): null

2019-08-24 13:08:59 - [TEST_STEP][PASSED] - free_spin_reel_counter = free_spin_reel_counter: null

2019-08-24 13:08:59 - [TEST_STEP][PASSED] - M4_spin_reels_symbols = M4_spin_reels_symbols: null

2019-08-24 13:08:59 - [TEST_STEP][PASSED] - M4_total_bonus_spins = M4_total_bonus_spins: null

2019-08-24 13:08:59 - [TEST_STEP][PASSED] - spin_result = sendRequestAndVerify(findTestObject("INT/RGS(M4)/1_M4_spin", ["M4_login_user_id":M4_login_user_id, "rgs_session_token":rgs_session_token, "partner":Partner])): Send request and verify the response successfully

2019-08-24 13:08:59 - [MESSAGE][INFO] - HAR: /Users/eiralee/Katalon_Script/SuperWild/Reports/20190824_125957/INT/superWild_5/20190824_125957/requests/main/162.har

2019-08-24 13:08:59 - [TEST_CASE][PASSED] - Start Test Case : Verification: Verification accomplished successfully

2019-08-24 13:08:59 - [TEST_STEP][PASSED] - request = getInstance().getCurrentRequest(): null

2019-08-24 13:08:59 - [TEST_STEP][PASSED] - response = getInstance().getCurrentResponse(): null

2019-08-24 13:08:59 - [TEST_STEP][PASSED] - verifyResponseStatusCode(response, 200): Verify response status code successfully

2019-08-24 13:08:59 - [MESSAGE][PASSED] - Verify response status code successfully

2019-08-24 13:08:59 - [TEST_STEP][PASSED] - getStatusCode()).isEqualTo(200): null

2019-08-24 13:08:59 - [TEST_STEP][PASSED] - newline = System.getProperty("line.separator"): null

2019-08-24 13:08:59 - [TEST_STEP][PASSED] - M4_spin = new groovy.json.JsonSlurper(): null

2019-08-24 13:08:59 - [TEST_STEP][PASSED] - result_M4_spin = M4_spin.parseText(response.getResponseBodyContent()): null

2019-08-24 13:08:59 - [TEST_STEP][PASSED] - M4_spin_current_balance = current_balance: null

2019-08-24 13:08:59 - [TEST_STEP][PASSED] - M4_spin_current_balance = M4_spin_current_balance: null

2019-08-24 13:08:59 - [TEST_STEP][PASSED] - M4_spin_transaction_id = causality: null

2019-08-24 13:08:59 - [TEST_STEP][PASSED] - M4_spin_transaction_id = M4_spin_transaction_id: null

2019-08-24 13:08:59 - [TEST_STEP][PASSED] - M4_spin_round_id = round_id: null

2019-08-24 13:08:59 - [TEST_STEP][PASSED] - M4_spin_round_id = M4_spin_round_id: null

2019-08-24 13:08:59 - [TEST_STEP][PASSED] - M4_spin_line_wins = line_wins: null

2019-08-24 13:08:59 - [TEST_STEP][PASSED] - M4_spin_line_wins = M4_spin_line_wins: null

2019-08-24 13:08:59 - [TEST_STEP][PASSED] - M4_total_bonus_spins_int = total_bonus_spins: null

2019-08-24 13:08:59 - [TEST_STEP][PASSED] - println("******M4_total_bonus_spins type is:*******" + newline + getClass().getName()): null

2019-08-24 13:08:59 - [TEST_STEP][PASSED] - M4_total_bonus_spins_int = M4_total_bonus_spins_int: null

2019-08-24 13:08:59 - [TEST_STEP][PASSED] - M4_total_bonus_spins = Integer.toString(M4_total_bonus_spins_int): null

2019-08-24 13:08:59 - [TEST_STEP][PASSED] - M4_total_bonus_spins = M4_total_bonus_spins: null

2019-08-24 13:08:59 - [TEST_STEP][PASSED] - println("M4_total_bonus_spins is:" + M4_total_bonus_spins): null

2019-08-24 13:08:59 - [TEST_STEP][PASSED] - M4_spin_bonus_data = bonus_data: null

2019-08-24 13:08:59 - [TEST_STEP][PASSED] - M4_spin_features_triggered = result_M4_spin: null

2019-08-24 13:08:59 - [TEST_STEP][PASSED] - wild = []: null

2019-08-24 13:08:59 - [TEST_STEP][PASSED] - wild[0] = "WILD_Expanding": null

2019-08-24 13:08:59 - [TEST_STEP][PASSED] - wild[1] = "WILD_Normal": null

2019-08-24 13:08:59 - [TEST_STEP][PASSED] - wild[2] = "WILD_Double": null

2019-08-24 13:08:59 - [TEST_STEP][PASSED] - wild[3] = "WILD_ExtraFG": null

2019-08-24 13:08:59 - [TEST_STEP][PASSED] - wild[4] = "WILD_Triple": null

2019-08-24 13:08:59 - [TEST_STEP][PASSED] - wildList = Arrays.asList(wild): null

2019-08-24 13:08:59 - [TEST_STEP][PASSED] - wildList = wildList: null

2019-08-24 13:08:59 - [TEST_STEP][PASSED] - free_spin_reel_counter = []: null

2019-08-24 13:08:59 - [TEST_STEP][PASSED] - free_spin_reel_counter[0] = 0: null

2019-08-24 13:08:59 - [TEST_STEP][PASSED] - free_spin_reel_counter[1] = 0: null

2019-08-24 13:08:59 - [TEST_STEP][PASSED] - free_spin_reel_counter[2] = 0: null

2019-08-24 13:08:59 - [TEST_STEP][PASSED] - M4_spin_reels = reels: null

2019-08-24 13:08:59 - [TEST_STEP][PASSED] - for ([i = 0, i &lt; M4_spin_reels.size(), (i++)]): null

2019-08-24 13:08:59 - [TEST_STEP][PASSED] - symbols = symbols: null

2019-08-24 13:08:59 - [TEST_STEP][PASSED] - for ([j = 0, j &lt; symbols.size(), (j++)]): null

2019-08-24 13:08:59 - [TEST_STEP][PASSED] - symbol = symbol: null

2019-08-24 13:08:59 - [TEST_STEP][PASSED] - println(symbol): null

2019-08-24 13:08:59 - [TEST_STEP][PASSED] - if (i == 2 &amp;&amp; wildList.indexOf(symbol) != -1): null

2019-08-24 13:08:59 - [TEST_STEP][PASSED] - if (i == 3 &amp;&amp; wildList.indexOf(symbol) != -1): null

2019-08-24 13:08:59 - [TEST_STEP][PASSED] - if (i == 4 &amp;&amp; wildList.indexOf(symbol) != -1): null

2019-08-24 13:08:59 - [TEST_STEP][PASSED] - symbol = symbol: null

2019-08-24 13:08:59 - [TEST_STEP][PASSED] - println(symbol): null

2019-08-24 13:08:59 - [TEST_STEP][PASSED] - if (i == 2 &amp;&amp; wildList.indexOf(symbol) != -1): null

2019-08-24 13:08:59 - [TEST_STEP][PASSED] - if (i == 3 &amp;&amp; wildList.indexOf(symbol) != -1): null

2019-08-24 13:08:59 - [TEST_STEP][PASSED] - if (i == 4 &amp;&amp; wildList.indexOf(symbol) != -1): null

2019-08-24 13:08:59 - [TEST_STEP][PASSED] - symbol = symbol: null

2019-08-24 13:08:59 - [TEST_STEP][PASSED] - println(symbol): null

2019-08-24 13:08:59 - [TEST_STEP][PASSED] - if (i == 2 &amp;&amp; wildList.indexOf(symbol) != -1): null

2019-08-24 13:08:59 - [TEST_STEP][PASSED] - if (i == 3 &amp;&amp; wildList.indexOf(symbol) != -1): null

2019-08-24 13:08:59 - [TEST_STEP][PASSED] - if (i == 4 &amp;&amp; wildList.indexOf(symbol) != -1): null

2019-08-24 13:08:59 - [TEST_STEP][PASSED] - symbols = symbols: null

2019-08-24 13:08:59 - [TEST_STEP][PASSED] - for ([j = 0, j &lt; symbols.size(), (j++)]): null

2019-08-24 13:08:59 - [TEST_STEP][PASSED] - symbol = symbol: null

2019-08-24 13:08:59 - [TEST_STEP][PASSED] - println(symbol): null

2019-08-24 13:08:59 - [TEST_STEP][PASSED] - if (i == 2 &amp;&amp; wildList.indexOf(symbol) != -1): null

2019-08-24 13:08:59 - [TEST_STEP][PASSED] - if (i == 3 &amp;&amp; wildList.indexOf(symbol) != -1): null

2019-08-24 13:08:59 - [TEST_STEP][PASSED] - if (i == 4 &amp;&amp; wildList.indexOf(symbol) != -1): null

2019-08-24 13:08:59 - [TEST_STEP][PASSED] - symbol = symbol: null

2019-08-24 13:08:59 - [TEST_STEP][PASSED] - println(symbol): null

2019-08-24 13:08:59 - [TEST_STEP][PASSED] - if (i == 2 &amp;&amp; wildList.indexOf(symbol) != -1): null

2019-08-24 13:08:59 - [TEST_STEP][PASSED] - if (i == 3 &amp;&amp; wildList.indexOf(symbol) != -1): null

2019-08-24 13:08:59 - [TEST_STEP][PASSED] - if (i == 4 &amp;&amp; wildList.indexOf(symbol) != -1): null

2019-08-24 13:08:59 - [TEST_STEP][PASSED] - symbol = symbol: null

2019-08-24 13:08:59 - [TEST_STEP][PASSED] - println(symbol): null

2019-08-24 13:08:59 - [TEST_STEP][PASSED] - if (i == 2 &amp;&amp; wildList.indexOf(symbol) != -1): null

2019-08-24 13:08:59 - [TEST_STEP][PASSED] - if (i == 3 &amp;&amp; wildList.indexOf(symbol) != -1): null

2019-08-24 13:08:59 - [TEST_STEP][PASSED] - if (i == 4 &amp;&amp; wildList.indexOf(symbol) != -1): null

2019-08-24 13:08:59 - [TEST_STEP][PASSED] - symbols = symbols: null

2019-08-24 13:08:59 - [TEST_STEP][PASSED] - for ([j = 0, j &lt; symbols.size(), (j++)]): null

2019-08-24 13:08:59 - [TEST_STEP][PASSED] - symbol = symbol: null

2019-08-24 13:08:59 - [TEST_STEP][PASSED] - println(symbol): null

2019-08-24 13:08:59 - [TEST_STEP][PASSED] - if (i == 2 &amp;&amp; wildList.indexOf(symbol) != -1): null

2019-08-24 13:08:59 - [TEST_STEP][PASSED] - if (i == 3 &amp;&amp; wildList.indexOf(symbol) != -1): null

2019-08-24 13:08:59 - [TEST_STEP][PASSED] - if (i == 4 &amp;&amp; wildList.indexOf(symbol) != -1): null

2019-08-24 13:08:59 - [TEST_STEP][PASSED] - symbol = symbol: null

2019-08-24 13:08:59 - [TEST_STEP][PASSED] - println(symbol): null

2019-08-24 13:08:59 - [TEST_STEP][PASSED] - if (i == 2 &amp;&amp; wildList.indexOf(symbol) != -1): null

2019-08-24 13:08:59 - [TEST_STEP][PASSED] - if (i == 3 &amp;&amp; wildList.indexOf(symbol) != -1): null

2019-08-24 13:08:59 - [TEST_STEP][PASSED] - if (i == 4 &amp;&amp; wildList.indexOf(symbol) != -1): null

2019-08-24 13:08:59 - [TEST_STEP][PASSED] - symbol = symbol: null

2019-08-24 13:08:59 - [TEST_STEP][PASSED] - println(symbol): null

2019-08-24 13:08:59 - [TEST_STEP][PASSED] - if (i == 2 &amp;&amp; wildList.indexOf(symbol) != -1): null

2019-08-24 13:08:59 - [TEST_STEP][PASSED] - if (i == 3 &amp;&amp; wildList.indexOf(symbol) != -1): null

2019-08-24 13:08:59 - [TEST_STEP][PASSED] - if (i == 4 &amp;&amp; wildList.indexOf(symbol) != -1): null

2019-08-24 13:08:59 - [TEST_STEP][PASSED] - symbols = symbols: null

2019-08-24 13:08:59 - [TEST_STEP][PASSED] - for ([j = 0, j &lt; symbols.size(), (j++)]): null

2019-08-24 13:08:59 - [TEST_STEP][PASSED] - symbol = symbol: null

2019-08-24 13:08:59 - [TEST_STEP][PASSED] - println(symbol): null

2019-08-24 13:08:59 - [TEST_STEP][PASSED] - if (i == 2 &amp;&amp; wildList.indexOf(symbol) != -1): null

2019-08-24 13:08:59 - [TEST_STEP][PASSED] - if (i == 3 &amp;&amp; wildList.indexOf(symbol) != -1): null

2019-08-24 13:08:59 - [TEST_STEP][PASSED] - if (i == 4 &amp;&amp; wildList.indexOf(symbol) != -1): null

2019-08-24 13:08:59 - [TEST_STEP][PASSED] - symbol = symbol: null

2019-08-24 13:08:59 - [TEST_STEP][PASSED] - println(symbol): null

2019-08-24 13:08:59 - [TEST_STEP][PASSED] - if (i == 2 &amp;&amp; wildList.indexOf(symbol) != -1): null

2019-08-24 13:08:59 - [TEST_STEP][PASSED] - if (i == 3 &amp;&amp; wildList.indexOf(symbol) != -1): null

2019-08-24 13:08:59 - [TEST_STEP][PASSED] - if (i == 4 &amp;&amp; wildList.indexOf(symbol) != -1): null

2019-08-24 13:08:59 - [TEST_STEP][PASSED] - symbol = symbol: null

2019-08-24 13:08:59 - [TEST_STEP][PASSED] - println(symbol): null

2019-08-24 13:08:59 - [TEST_STEP][PASSED] - if (i == 2 &amp;&amp; wildList.indexOf(symbol) != -1): null

2019-08-24 13:08:59 - [TEST_STEP][PASSED] - if (i == 3 &amp;&amp; wildList.indexOf(symbol) != -1): null

2019-08-24 13:08:59 - [TEST_STEP][PASSED] - if (i == 4 &amp;&amp; wildList.indexOf(symbol) != -1): null

2019-08-24 13:08:59 - [TEST_STEP][PASSED] - symbols = symbols: null

2019-08-24 13:08:59 - [TEST_STEP][PASSED] - for ([j = 0, j &lt; symbols.size(), (j++)]): null

2019-08-24 13:08:59 - [TEST_STEP][PASSED] - symbol = symbol: null

2019-08-24 13:08:59 - [TEST_STEP][PASSED] - println(symbol): null

2019-08-24 13:08:59 - [TEST_STEP][PASSED] - if (i == 2 &amp;&amp; wildList.indexOf(symbol) != -1): null

2019-08-24 13:08:59 - [TEST_STEP][PASSED] - if (i == 3 &amp;&amp; wildList.indexOf(symbol) != -1): null

2019-08-24 13:08:59 - [TEST_STEP][PASSED] - if (i == 4 &amp;&amp; wildList.indexOf(symbol) != -1): null

2019-08-24 13:08:59 - [TEST_STEP][PASSED] - symbol = symbol: null

2019-08-24 13:08:59 - [TEST_STEP][PASSED] - println(symbol): null

2019-08-24 13:08:59 - [TEST_STEP][PASSED] - if (i == 2 &amp;&amp; wildList.indexOf(symbol) != -1): null

2019-08-24 13:08:59 - [TEST_STEP][PASSED] - if (i == 3 &amp;&amp; wildList.indexOf(symbol) != -1): null

2019-08-24 13:08:59 - [TEST_STEP][PASSED] - if (i == 4 &amp;&amp; wildList.indexOf(symbol) != -1): null

2019-08-24 13:08:59 - [TEST_STEP][PASSED] - symbol = symbol: null

2019-08-24 13:08:59 - [TEST_STEP][PASSED] - println(symbol): null

2019-08-24 13:08:59 - [TEST_STEP][PASSED] - if (i == 2 &amp;&amp; wildList.indexOf(symbol) != -1): null

2019-08-24 13:08:59 - [TEST_STEP][PASSED] - if (i == 3 &amp;&amp; wildList.indexOf(symbol) != -1): null

2019-08-24 13:08:59 - [TEST_STEP][PASSED] - if (i == 4 &amp;&amp; wildList.indexOf(symbol) != -1): null

2019-08-24 13:08:59 - [TEST_STEP][PASSED] - free_spin_reel_counter = free_spin_reel_counter: null

2019-08-24 13:08:59 - [TEST_STEP][PASSED] - println("reel 3 wild found: " + free_spin_reel_counter[0]): null

2019-08-24 13:08:59 - [TEST_STEP][PASSED] - println("reel 4 wild found: " + free_spin_reel_counter[1]): null

2019-08-24 13:08:59 - [TEST_STEP][PASSED] - println("reel 5 wild found: " + free_spin_reel_counter[2]): null

2019-08-24 13:08:59 - [TEST_STEP][PASSED] - M4_spin_reels = M4_spin_reels: null

2019-08-24 13:08:59 - [TEST_STEP][PASSED] - M4_spin_reels_symbols = symbol: null

2019-08-24 13:08:59 - [TEST_STEP][PASSED] - M4_spin_reels_symbols = M4_spin_reels_symbols: null

2019-08-24 13:08:59 - [TEST_STEP][PASSED] - M4_spin_reel_wins = reel_wins: null

2019-08-24 13:08:59 - [TEST_STEP][PASSED] - M4_spin_reel_wins = M4_spin_reel_wins: null

2019-08-24 13:08:59 - [TEST_STEP][PASSED] - println("GlobalVariable.M4_spin_reel_wins is: " + M4_spin_reel_wins): null

2019-08-24 13:08:59 - [TEST_STEP][PASSED] - M4_spin_total_bonus_win_this_round = total_bonus_win_this_round: null

2019-08-24 13:08:59 - [TEST_STEP][PASSED] - M4_spin_total_bonus_win_this_round = M4_spin_total_bonus_win_this_round: null

2019-08-24 13:08:59 - [TEST_STEP][PASSED] - println("GlobalVariable.M4_spin_total_bonus_win_this_round is: " + M4_spin_total_bonus_win_this_round): null

2019-08-24 13:08:59 - [TEST_STEP][PASSED] - M4_spin_bonus_spin_result = spin_result: null

2019-08-24 13:08:59 - [TEST_STEP][PASSED] - M4_spin_bonus_spin_result = M4_spin_bonus_spin_result: null

2019-08-24 13:08:59 - [MESSAGE][PASSED] - Verify response successfully

2019-08-24 13:08:59 - [MESSAGE][PASSED] - Send request and verify the response successfully

2019-08-24 13:08:59 - [TEST_STEP][PASSED] - if (M4_total_bonus_spins_int != 0 &amp;&amp; M4_spin_reels_symbols[2].contains("WILD_Expanding")): null

2019-08-24 13:08:59 - [TEST_STEP][PASSED] - free_spin_reel_counter = free_spin_reel_counter: null

2019-08-24 13:08:59 - [TEST_STEP][PASSED] - M4_spin_reels_symbols = M4_spin_reels_symbols: null

2019-08-24 13:08:59 - [TEST_STEP][PASSED] - M4_total_bonus_spins = M4_total_bonus_spins: null

2019-08-24 13:08:59 - [TEST_STEP][PASSED] - spin_result = sendRequestAndVerify(findTestObject("INT/RGS(M4)/1_M4_spin", ["M4_login_user_id":M4_login_user_id, "rgs_session_token":rgs_session_token, "partner":Partner])): Send request and verify the response successfully

2019-08-24 13:08:59 - [MESSAGE][INFO] - HAR: /Users/eiralee/Katalon_Script/SuperWild/Reports/20190824_125957/INT/superWild_5/20190824_125957/requests/main/163.har

2019-08-24 13:09:00 - [TEST_CASE][PASSED] - Start Test Case : Verification: Verification accomplished successfully

2019-08-24 13:09:00 - [TEST_STEP][PASSED] - request = getInstance().getCurrentRequest(): null

2019-08-24 13:09:00 - [TEST_STEP][PASSED] - response = getInstance().getCurrentResponse(): null

2019-08-24 13:09:00 - [TEST_STEP][PASSED] - verifyResponseStatusCode(response, 200): Verify response status code successfully

2019-08-24 13:09:00 - [MESSAGE][PASSED] - Verify response status code successfully

2019-08-24 13:09:00 - [TEST_STEP][PASSED] - getStatusCode()).isEqualTo(200): null

2019-08-24 13:09:00 - [TEST_STEP][PASSED] - newline = System.getProperty("line.separator"): null

2019-08-24 13:09:00 - [TEST_STEP][PASSED] - M4_spin = new groovy.json.JsonSlurper(): null

2019-08-24 13:09:00 - [TEST_STEP][PASSED] - result_M4_spin = M4_spin.parseText(response.getResponseBodyContent()): null

2019-08-24 13:09:00 - [TEST_STEP][PASSED] - M4_spin_current_balance = current_balance: null

2019-08-24 13:09:00 - [TEST_STEP][PASSED] - M4_spin_current_balance = M4_spin_current_balance: null

2019-08-24 13:09:00 - [TEST_STEP][PASSED] - M4_spin_transaction_id = causality: null

2019-08-24 13:09:00 - [TEST_STEP][PASSED] - M4_spin_transaction_id = M4_spin_transaction_id: null

2019-08-24 13:09:00 - [TEST_STEP][PASSED] - M4_spin_round_id = round_id: null

2019-08-24 13:09:03 - [TEST_STEP][PASSED] - M4_spin_round_id = M4_spin_round_id: null

2019-08-24 13:09:03 - [TEST_STEP][PASSED] - M4_spin_line_wins = line_wins: null

2019-08-24 13:09:03 - [TEST_STEP][PASSED] - M4_spin_line_wins = M4_spin_line_wins: null

2019-08-24 13:09:03 - [TEST_STEP][PASSED] - M4_total_bonus_spins_int = total_bonus_spins: null

2019-08-24 13:09:03 - [TEST_STEP][PASSED] - println("******M4_total_bonus_spins type is:*******" + newline + getClass().getName()): null

2019-08-24 13:09:03 - [TEST_STEP][PASSED] - M4_total_bonus_spins_int = M4_total_bonus_spins_int: null

2019-08-24 13:09:03 - [TEST_STEP][PASSED] - M4_total_bonus_spins = Integer.toString(M4_total_bonus_spins_int): null

2019-08-24 13:09:03 - [TEST_STEP][PASSED] - M4_total_bonus_spins = M4_total_bonus_spins: null

2019-08-24 13:09:03 - [TEST_STEP][PASSED] - println("M4_total_bonus_spins is:" + M4_total_bonus_spins): null

2019-08-24 13:09:03 - [TEST_STEP][PASSED] - M4_spin_bonus_data = bonus_data: null

2019-08-24 13:09:06 - [TEST_STEP][PASSED] - M4_spin_features_triggered = result_M4_spin: null

2019-08-24 13:09:06 - [TEST_STEP][PASSED] - wild = []: null

2019-08-24 13:09:06 - [TEST_STEP][PASSED] - wild[0] = "WILD_Expanding": null

2019-08-24 13:09:06 - [TEST_STEP][PASSED] - wild[1] = "WILD_Normal": null

2019-08-24 13:09:06 - [TEST_STEP][PASSED] - wild[2] = "WILD_Double": null

2019-08-24 13:09:06 - [TEST_STEP][PASSED] - wild[3] = "WILD_ExtraFG": null

2019-08-24 13:09:06 - [TEST_STEP][PASSED] - wild[4] = "WILD_Triple": null

2019-08-24 13:09:06 - [TEST_STEP][PASSED] - wildList = Arrays.asList(wild): null

2019-08-24 13:09:06 - [TEST_STEP][PASSED] - wildList = wildList: null

2019-08-24 13:09:06 - [TEST_STEP][PASSED] - free_spin_reel_counter = []: null

2019-08-24 13:09:06 - [TEST_STEP][PASSED] - free_spin_reel_counter[0] = 0: null

2019-08-24 13:09:06 - [TEST_STEP][PASSED] - free_spin_reel_counter[1] = 0: null

2019-08-24 13:09:06 - [TEST_STEP][PASSED] - free_spin_reel_counter[2] = 0: null

2019-08-24 13:09:06 - [TEST_STEP][PASSED] - M4_spin_reels = reels: null

2019-08-24 13:09:06 - [TEST_STEP][PASSED] - for ([i = 0, i &lt; M4_spin_reels.size(), (i++)]): null

2019-08-24 13:09:06 - [TEST_STEP][PASSED] - symbols = symbols: null

2019-08-24 13:09:06 - [TEST_STEP][PASSED] - for ([j = 0, j &lt; symbols.size(), (j++)]): null

2019-08-24 13:09:06 - [TEST_STEP][PASSED] - symbol = symbol: null

2019-08-24 13:09:06 - [TEST_STEP][PASSED] - println(symbol): null

2019-08-24 13:09:06 - [TEST_STEP][PASSED] - if (i == 2 &amp;&amp; wildList.indexOf(symbol) != -1): null

2019-08-24 13:09:06 - [TEST_STEP][PASSED] - if (i == 3 &amp;&amp; wildList.indexOf(symbol) != -1): null

2019-08-24 13:09:06 - [TEST_STEP][PASSED] - if (i == 4 &amp;&amp; wildList.indexOf(symbol) != -1): null

2019-08-24 13:09:06 - [TEST_STEP][PASSED] - symbol = symbol: null

2019-08-24 13:09:06 - [TEST_STEP][PASSED] - println(symbol): null

2019-08-24 13:09:06 - [TEST_STEP][PASSED] - if (i == 2 &amp;&amp; wildList.indexOf(symbol) != -1): null

2019-08-24 13:09:06 - [TEST_STEP][PASSED] - if (i == 3 &amp;&amp; wildList.indexOf(symbol) != -1): null

2019-08-24 13:09:06 - [TEST_STEP][PASSED] - if (i == 4 &amp;&amp; wildList.indexOf(symbol) != -1): null

2019-08-24 13:09:06 - [TEST_STEP][PASSED] - symbol = symbol: null

2019-08-24 13:09:06 - [TEST_STEP][PASSED] - println(symbol): null

2019-08-24 13:09:06 - [TEST_STEP][PASSED] - if (i == 2 &amp;&amp; wildList.indexOf(symbol) != -1): null

2019-08-24 13:09:06 - [TEST_STEP][PASSED] - if (i == 3 &amp;&amp; wildList.indexOf(symbol) != -1): null

2019-08-24 13:09:06 - [TEST_STEP][PASSED] - if (i == 4 &amp;&amp; wildList.indexOf(symbol) != -1): null

2019-08-24 13:09:06 - [TEST_STEP][PASSED] - symbols = symbols: null

2019-08-24 13:09:06 - [TEST_STEP][PASSED] - for ([j = 0, j &lt; symbols.size(), (j++)]): null

2019-08-24 13:09:06 - [TEST_STEP][PASSED] - symbol = symbol: null

2019-08-24 13:09:06 - [TEST_STEP][PASSED] - println(symbol): null

2019-08-24 13:09:06 - [TEST_STEP][PASSED] - if (i == 2 &amp;&amp; wildList.indexOf(symbol) != -1): null

2019-08-24 13:09:06 - [TEST_STEP][PASSED] - if (i == 3 &amp;&amp; wildList.indexOf(symbol) != -1): null

2019-08-24 13:09:06 - [TEST_STEP][PASSED] - if (i == 4 &amp;&amp; wildList.indexOf(symbol) != -1): null

2019-08-24 13:09:06 - [TEST_STEP][PASSED] - symbol = symbol: null

2019-08-24 13:09:06 - [TEST_STEP][PASSED] - println(symbol): null

2019-08-24 13:09:06 - [TEST_STEP][PASSED] - if (i == 2 &amp;&amp; wildList.indexOf(symbol) != -1): null

2019-08-24 13:09:06 - [TEST_STEP][PASSED] - if (i == 3 &amp;&amp; wildList.indexOf(symbol) != -1): null

2019-08-24 13:09:06 - [TEST_STEP][PASSED] - if (i == 4 &amp;&amp; wildList.indexOf(symbol) != -1): null

2019-08-24 13:09:06 - [TEST_STEP][PASSED] - symbol = symbol: null

2019-08-24 13:09:06 - [TEST_STEP][PASSED] - println(symbol): null

2019-08-24 13:09:06 - [TEST_STEP][PASSED] - if (i == 2 &amp;&amp; wildList.indexOf(symbol) != -1): null

2019-08-24 13:09:06 - [TEST_STEP][PASSED] - if (i == 3 &amp;&amp; wildList.indexOf(symbol) != -1): null

2019-08-24 13:09:06 - [TEST_STEP][PASSED] - if (i == 4 &amp;&amp; wildList.indexOf(symbol) != -1): null

2019-08-24 13:09:06 - [TEST_STEP][PASSED] - symbols = symbols: null

2019-08-24 13:09:06 - [TEST_STEP][PASSED] - for ([j = 0, j &lt; symbols.size(), (j++)]): null

2019-08-24 13:09:06 - [TEST_STEP][PASSED] - symbol = symbol: null

2019-08-24 13:09:06 - [TEST_STEP][PASSED] - println(symbol): null

2019-08-24 13:09:06 - [TEST_STEP][PASSED] - if (i == 2 &amp;&amp; wildList.indexOf(symbol) != -1): null

2019-08-24 13:09:06 - [TEST_STEP][PASSED] - if (i == 3 &amp;&amp; wildList.indexOf(symbol) != -1): null

2019-08-24 13:09:06 - [TEST_STEP][PASSED] - if (i == 4 &amp;&amp; wildList.indexOf(symbol) != -1): null

2019-08-24 13:09:06 - [TEST_STEP][PASSED] - symbol = symbol: null

2019-08-24 13:09:06 - [TEST_STEP][PASSED] - println(symbol): null

2019-08-24 13:09:06 - [TEST_STEP][PASSED] - if (i == 2 &amp;&amp; wildList.indexOf(symbol) != -1): null

2019-08-24 13:09:06 - [TEST_STEP][PASSED] - if (i == 3 &amp;&amp; wildList.indexOf(symbol) != -1): null

2019-08-24 13:09:06 - [TEST_STEP][PASSED] - if (i == 4 &amp;&amp; wildList.indexOf(symbol) != -1): null

2019-08-24 13:09:06 - [TEST_STEP][PASSED] - symbol = symbol: null

2019-08-24 13:09:06 - [TEST_STEP][PASSED] - println(symbol): null

2019-08-24 13:09:06 - [TEST_STEP][PASSED] - if (i == 2 &amp;&amp; wildList.indexOf(symbol) != -1): null

2019-08-24 13:09:06 - [TEST_STEP][PASSED] - if (i == 3 &amp;&amp; wildList.indexOf(symbol) != -1): null

2019-08-24 13:09:06 - [TEST_STEP][PASSED] - if (i == 4 &amp;&amp; wildList.indexOf(symbol) != -1): null

2019-08-24 13:09:06 - [TEST_STEP][PASSED] - symbols = symbols: null

2019-08-24 13:09:06 - [TEST_STEP][PASSED] - for ([j = 0, j &lt; symbols.size(), (j++)]): null

2019-08-24 13:09:06 - [TEST_STEP][PASSED] - symbol = symbol: null

2019-08-24 13:09:06 - [TEST_STEP][PASSED] - println(symbol): null

2019-08-24 13:09:06 - [TEST_STEP][PASSED] - if (i == 2 &amp;&amp; wildList.indexOf(symbol) != -1): null

2019-08-24 13:09:06 - [TEST_STEP][PASSED] - if (i == 3 &amp;&amp; wildList.indexOf(symbol) != -1): null

2019-08-24 13:09:06 - [TEST_STEP][PASSED] - if (i == 4 &amp;&amp; wildList.indexOf(symbol) != -1): null

2019-08-24 13:09:06 - [TEST_STEP][PASSED] - symbol = symbol: null

2019-08-24 13:09:06 - [TEST_STEP][PASSED] - println(symbol): null

2019-08-24 13:09:06 - [TEST_STEP][PASSED] - if (i == 2 &amp;&amp; wildList.indexOf(symbol) != -1): null

2019-08-24 13:09:06 - [TEST_STEP][PASSED] - if (i == 3 &amp;&amp; wildList.indexOf(symbol) != -1): null

2019-08-24 13:09:06 - [TEST_STEP][PASSED] - if (i == 4 &amp;&amp; wildList.indexOf(symbol) != -1): null

2019-08-24 13:09:06 - [TEST_STEP][PASSED] - symbol = symbol: null

2019-08-24 13:09:06 - [TEST_STEP][PASSED] - println(symbol): null

2019-08-24 13:09:06 - [TEST_STEP][PASSED] - if (i == 2 &amp;&amp; wildList.indexOf(symbol) != -1): null

2019-08-24 13:09:06 - [TEST_STEP][PASSED] - if (i == 3 &amp;&amp; wildList.indexOf(symbol) != -1): null

2019-08-24 13:09:06 - [TEST_STEP][PASSED] - if (i == 4 &amp;&amp; wildList.indexOf(symbol) != -1): null

2019-08-24 13:09:06 - [TEST_STEP][PASSED] - symbols = symbols: null

2019-08-24 13:09:06 - [TEST_STEP][PASSED] - for ([j = 0, j &lt; symbols.size(), (j++)]): null

2019-08-24 13:09:06 - [TEST_STEP][PASSED] - symbol = symbol: null

2019-08-24 13:09:06 - [TEST_STEP][PASSED] - println(symbol): null

2019-08-24 13:09:06 - [TEST_STEP][PASSED] - if (i == 2 &amp;&amp; wildList.indexOf(symbol) != -1): null

2019-08-24 13:09:06 - [TEST_STEP][PASSED] - if (i == 3 &amp;&amp; wildList.indexOf(symbol) != -1): null

2019-08-24 13:09:06 - [TEST_STEP][PASSED] - if (i == 4 &amp;&amp; wildList.indexOf(symbol) != -1): null

2019-08-24 13:09:06 - [TEST_STEP][PASSED] - symbol = symbol: null

2019-08-24 13:09:06 - [TEST_STEP][PASSED] - println(symbol): null

2019-08-24 13:09:06 - [TEST_STEP][PASSED] - if (i == 2 &amp;&amp; wildList.indexOf(symbol) != -1): null

2019-08-24 13:09:06 - [TEST_STEP][PASSED] - if (i == 3 &amp;&amp; wildList.indexOf(symbol) != -1): null

2019-08-24 13:09:06 - [TEST_STEP][PASSED] - if (i == 4 &amp;&amp; wildList.indexOf(symbol) != -1): null

2019-08-24 13:09:06 - [TEST_STEP][PASSED] - println("wild found on reel 5, adding counter by 1"): null

2019-08-24 13:09:06 - [TEST_STEP][PASSED] - free_spin_reel_counter[2] = free_spin_reel_counter[2] + 1: null

2019-08-24 13:09:06 - [TEST_STEP][PASSED] - symbol = symbol: null

2019-08-24 13:09:06 - [TEST_STEP][PASSED] - println(symbol): null

2019-08-24 13:09:06 - [TEST_STEP][PASSED] - if (i == 2 &amp;&amp; wildList.indexOf(symbol) != -1): null

2019-08-24 13:09:06 - [TEST_STEP][PASSED] - if (i == 3 &amp;&amp; wildList.indexOf(symbol) != -1): null

2019-08-24 13:09:06 - [TEST_STEP][PASSED] - if (i == 4 &amp;&amp; wildList.indexOf(symbol) != -1): null

2019-08-24 13:09:06 - [TEST_STEP][PASSED] - free_spin_reel_counter = free_spin_reel_counter: null

2019-08-24 13:09:06 - [TEST_STEP][PASSED] - println("reel 3 wild found: " + free_spin_reel_counter[0]): null

2019-08-24 13:09:06 - [TEST_STEP][PASSED] - println("reel 4 wild found: " + free_spin_reel_counter[1]): null

2019-08-24 13:09:06 - [TEST_STEP][PASSED] - println("reel 5 wild found: " + free_spin_reel_counter[2]): null

2019-08-24 13:09:06 - [TEST_STEP][PASSED] - M4_spin_reels = M4_spin_reels: null

2019-08-24 13:09:06 - [TEST_STEP][PASSED] - M4_spin_reels_symbols = symbol: null

2019-08-24 13:09:06 - [TEST_STEP][PASSED] - M4_spin_reels_symbols = M4_spin_reels_symbols: null

2019-08-24 13:09:06 - [TEST_STEP][PASSED] - M4_spin_reel_wins = reel_wins: null

2019-08-24 13:09:06 - [TEST_STEP][PASSED] - M4_spin_reel_wins = M4_spin_reel_wins: null

2019-08-24 13:09:06 - [TEST_STEP][PASSED] - println("GlobalVariable.M4_spin_reel_wins is: " + M4_spin_reel_wins): null

2019-08-24 13:09:06 - [TEST_STEP][PASSED] - M4_spin_total_bonus_win_this_round = total_bonus_win_this_round: null

2019-08-24 13:09:06 - [TEST_STEP][PASSED] - M4_spin_total_bonus_win_this_round = M4_spin_total_bonus_win_this_round: null

2019-08-24 13:09:06 - [TEST_STEP][PASSED] - println("GlobalVariable.M4_spin_total_bonus_win_this_round is: " + M4_spin_total_bonus_win_this_round): null

2019-08-24 13:09:06 - [TEST_STEP][PASSED] - M4_spin_bonus_spin_result = spin_result: null

2019-08-24 13:09:06 - [TEST_STEP][PASSED] - M4_spin_bonus_spin_result = M4_spin_bonus_spin_result: null

2019-08-24 13:09:06 - [MESSAGE][PASSED] - Verify response successfully

2019-08-24 13:09:06 - [MESSAGE][PASSED] - Send request and verify the response successfully

2019-08-24 13:09:06 - [TEST_STEP][PASSED] - if (M4_total_bonus_spins_int != 0 &amp;&amp; M4_spin_reels_symbols[2].contains("WILD_Expanding")): null

2019-08-24 13:09:06 - [TEST_STEP][PASSED] - free_spin_reel_counter = free_spin_reel_counter: null

2019-08-24 13:09:06 - [TEST_STEP][PASSED] - M4_spin_reels_symbols = M4_spin_reels_symbols: null

2019-08-24 13:09:06 - [TEST_STEP][PASSED] - M4_total_bonus_spins = M4_total_bonus_spins: null

2019-08-24 13:09:06 - [TEST_STEP][PASSED] - spin_result = sendRequestAndVerify(findTestObject("INT/RGS(M4)/1_M4_spin", ["M4_login_user_id":M4_login_user_id, "rgs_session_token":rgs_session_token, "partner":Partner])): Send request and verify the response successfully

2019-08-24 13:09:07 - [MESSAGE][INFO] - HAR: /Users/eiralee/Katalon_Script/SuperWild/Reports/20190824_125957/INT/superWild_5/20190824_125957/requests/main/164.har

2019-08-24 13:09:07 - [TEST_CASE][PASSED] - Start Test Case : Verification: Verification accomplished successfully

2019-08-24 13:09:07 - [TEST_STEP][PASSED] - request = getInstance().getCurrentRequest(): null

2019-08-24 13:09:07 - [TEST_STEP][PASSED] - response = getInstance().getCurrentResponse(): null

2019-08-24 13:09:07 - [TEST_STEP][PASSED] - verifyResponseStatusCode(response, 200): Verify response status code successfully

2019-08-24 13:09:07 - [MESSAGE][PASSED] - Verify response status code successfully

2019-08-24 13:09:07 - [TEST_STEP][PASSED] - getStatusCode()).isEqualTo(200): null

2019-08-24 13:09:07 - [TEST_STEP][PASSED] - newline = System.getProperty("line.separator"): null

2019-08-24 13:09:07 - [TEST_STEP][PASSED] - M4_spin = new groovy.json.JsonSlurper(): null

2019-08-24 13:09:07 - [TEST_STEP][PASSED] - result_M4_spin = M4_spin.parseText(response.getResponseBodyContent()): null

2019-08-24 13:09:07 - [TEST_STEP][PASSED] - M4_spin_current_balance = current_balance: null

2019-08-24 13:09:07 - [TEST_STEP][PASSED] - M4_spin_current_balance = M4_spin_current_balance: null

2019-08-24 13:09:07 - [TEST_STEP][PASSED] - M4_spin_transaction_id = causality: null

2019-08-24 13:09:07 - [TEST_STEP][PASSED] - M4_spin_transaction_id = M4_spin_transaction_id: null

2019-08-24 13:09:07 - [TEST_STEP][PASSED] - M4_spin_round_id = round_id: null

2019-08-24 13:09:07 - [TEST_STEP][PASSED] - M4_spin_round_id = M4_spin_round_id: null

2019-08-24 13:09:07 - [TEST_STEP][PASSED] - M4_spin_line_wins = line_wins: null

2019-08-24 13:09:07 - [TEST_STEP][PASSED] - M4_spin_line_wins = M4_spin_line_wins: null

2019-08-24 13:09:07 - [TEST_STEP][PASSED] - M4_total_bonus_spins_int = total_bonus_spins: null

2019-08-24 13:09:07 - [TEST_STEP][PASSED] - println("******M4_total_bonus_spins type is:*******" + newline + getClass().getName()): null

2019-08-24 13:09:07 - [TEST_STEP][PASSED] - M4_total_bonus_spins_int = M4_total_bonus_spins_int: null

2019-08-24 13:09:07 - [TEST_STEP][PASSED] - M4_total_bonus_spins = Integer.toString(M4_total_bonus_spins_int): null

2019-08-24 13:09:07 - [TEST_STEP][PASSED] - M4_total_bonus_spins = M4_total_bonus_spins: null

2019-08-24 13:09:07 - [TEST_STEP][PASSED] - println("M4_total_bonus_spins is:" + M4_total_bonus_spins): null

2019-08-24 13:09:07 - [TEST_STEP][PASSED] - M4_spin_bonus_data = bonus_data: null

2019-08-24 13:09:07 - [TEST_STEP][PASSED] - M4_spin_features_triggered = result_M4_spin: null

2019-08-24 13:09:07 - [TEST_STEP][PASSED] - wild = []: null

2019-08-24 13:09:07 - [TEST_STEP][PASSED] - wild[0] = "WILD_Expanding": null

2019-08-24 13:09:07 - [TEST_STEP][PASSED] - wild[1] = "WILD_Normal": null

2019-08-24 13:09:07 - [TEST_STEP][PASSED] - wild[2] = "WILD_Double": null

2019-08-24 13:09:07 - [TEST_STEP][PASSED] - wild[3] = "WILD_ExtraFG": null

2019-08-24 13:09:07 - [TEST_STEP][PASSED] - wild[4] = "WILD_Triple": null

2019-08-24 13:09:07 - [TEST_STEP][PASSED] - wildList = Arrays.asList(wild): null

2019-08-24 13:09:07 - [TEST_STEP][PASSED] - wildList = wildList: null

2019-08-24 13:09:07 - [TEST_STEP][PASSED] - free_spin_reel_counter = []: null

2019-08-24 13:09:07 - [TEST_STEP][PASSED] - free_spin_reel_counter[0] = 0: null

2019-08-24 13:09:07 - [TEST_STEP][PASSED] - free_spin_reel_counter[1] = 0: null

2019-08-24 13:09:07 - [TEST_STEP][PASSED] - free_spin_reel_counter[2] = 0: null

2019-08-24 13:09:07 - [TEST_STEP][PASSED] - M4_spin_reels = reels: null

2019-08-24 13:09:07 - [TEST_STEP][PASSED] - for ([i = 0, i &lt; M4_spin_reels.size(), (i++)]): null

2019-08-24 13:09:07 - [TEST_STEP][PASSED] - symbols = symbols: null

2019-08-24 13:09:07 - [TEST_STEP][PASSED] - for ([j = 0, j &lt; symbols.size(), (j++)]): null

2019-08-24 13:09:07 - [TEST_STEP][PASSED] - symbol = symbol: null

2019-08-24 13:09:07 - [TEST_STEP][PASSED] - println(symbol): null

2019-08-24 13:09:07 - [TEST_STEP][PASSED] - if (i == 2 &amp;&amp; wildList.indexOf(symbol) != -1): null

2019-08-24 13:09:07 - [TEST_STEP][PASSED] - if (i == 3 &amp;&amp; wildList.indexOf(symbol) != -1): null

2019-08-24 13:09:07 - [TEST_STEP][PASSED] - if (i == 4 &amp;&amp; wildList.indexOf(symbol) != -1): null

2019-08-24 13:09:07 - [TEST_STEP][PASSED] - symbol = symbol: null

2019-08-24 13:09:07 - [TEST_STEP][PASSED] - println(symbol): null

2019-08-24 13:09:07 - [TEST_STEP][PASSED] - if (i == 2 &amp;&amp; wildList.indexOf(symbol) != -1): null

2019-08-24 13:09:07 - [TEST_STEP][PASSED] - if (i == 3 &amp;&amp; wildList.indexOf(symbol) != -1): null

2019-08-24 13:09:07 - [TEST_STEP][PASSED] - if (i == 4 &amp;&amp; wildList.indexOf(symbol) != -1): null

2019-08-24 13:09:07 - [TEST_STEP][PASSED] - symbol = symbol: null

2019-08-24 13:09:07 - [TEST_STEP][PASSED] - println(symbol): null

2019-08-24 13:09:07 - [TEST_STEP][PASSED] - if (i == 2 &amp;&amp; wildList.indexOf(symbol) != -1): null

2019-08-24 13:09:07 - [TEST_STEP][PASSED] - if (i == 3 &amp;&amp; wildList.indexOf(symbol) != -1): null

2019-08-24 13:09:07 - [TEST_STEP][PASSED] - if (i == 4 &amp;&amp; wildList.indexOf(symbol) != -1): null

2019-08-24 13:09:07 - [TEST_STEP][PASSED] - symbols = symbols: null

2019-08-24 13:09:07 - [TEST_STEP][PASSED] - for ([j = 0, j &lt; symbols.size(), (j++)]): null

2019-08-24 13:09:07 - [TEST_STEP][PASSED] - symbol = symbol: null

2019-08-24 13:09:07 - [TEST_STEP][PASSED] - println(symbol): null

2019-08-24 13:09:07 - [TEST_STEP][PASSED] - if (i == 2 &amp;&amp; wildList.indexOf(symbol) != -1): null

2019-08-24 13:09:07 - [TEST_STEP][PASSED] - if (i == 3 &amp;&amp; wildList.indexOf(symbol) != -1): null

2019-08-24 13:09:07 - [TEST_STEP][PASSED] - if (i == 4 &amp;&amp; wildList.indexOf(symbol) != -1): null

2019-08-24 13:09:07 - [TEST_STEP][PASSED] - symbol = symbol: null

2019-08-24 13:09:07 - [TEST_STEP][PASSED] - println(symbol): null

2019-08-24 13:09:07 - [TEST_STEP][PASSED] - if (i == 2 &amp;&amp; wildList.indexOf(symbol) != -1): null

2019-08-24 13:09:07 - [TEST_STEP][PASSED] - if (i == 3 &amp;&amp; wildList.indexOf(symbol) != -1): null

2019-08-24 13:09:07 - [TEST_STEP][PASSED] - if (i == 4 &amp;&amp; wildList.indexOf(symbol) != -1): null

2019-08-24 13:09:07 - [TEST_STEP][PASSED] - symbol = symbol: null

2019-08-24 13:09:07 - [TEST_STEP][PASSED] - println(symbol): null

2019-08-24 13:09:07 - [TEST_STEP][PASSED] - if (i == 2 &amp;&amp; wildList.indexOf(symbol) != -1): null

2019-08-24 13:09:07 - [TEST_STEP][PASSED] - if (i == 3 &amp;&amp; wildList.indexOf(symbol) != -1): null

2019-08-24 13:09:07 - [TEST_STEP][PASSED] - if (i == 4 &amp;&amp; wildList.indexOf(symbol) != -1): null

2019-08-24 13:09:07 - [TEST_STEP][PASSED] - symbols = symbols: null

2019-08-24 13:09:07 - [TEST_STEP][PASSED] - for ([j = 0, j &lt; symbols.size(), (j++)]): null

2019-08-24 13:09:07 - [TEST_STEP][PASSED] - symbol = symbol: null

2019-08-24 13:09:07 - [TEST_STEP][PASSED] - println(symbol): null

2019-08-24 13:09:07 - [TEST_STEP][PASSED] - if (i == 2 &amp;&amp; wildList.indexOf(symbol) != -1): null

2019-08-24 13:09:07 - [TEST_STEP][PASSED] - if (i == 3 &amp;&amp; wildList.indexOf(symbol) != -1): null

2019-08-24 13:09:07 - [TEST_STEP][PASSED] - if (i == 4 &amp;&amp; wildList.indexOf(symbol) != -1): null

2019-08-24 13:09:07 - [TEST_STEP][PASSED] - symbol = symbol: null

2019-08-24 13:09:07 - [TEST_STEP][PASSED] - println(symbol): null

2019-08-24 13:09:07 - [TEST_STEP][PASSED] - if (i == 2 &amp;&amp; wildList.indexOf(symbol) != -1): null

2019-08-24 13:09:07 - [TEST_STEP][PASSED] - if (i == 3 &amp;&amp; wildList.indexOf(symbol) != -1): null

2019-08-24 13:09:07 - [TEST_STEP][PASSED] - if (i == 4 &amp;&amp; wildList.indexOf(symbol) != -1): null

2019-08-24 13:09:07 - [TEST_STEP][PASSED] - symbol = symbol: null

2019-08-24 13:09:07 - [TEST_STEP][PASSED] - println(symbol): null

2019-08-24 13:09:07 - [TEST_STEP][PASSED] - if (i == 2 &amp;&amp; wildList.indexOf(symbol) != -1): null

2019-08-24 13:09:07 - [TEST_STEP][PASSED] - if (i == 3 &amp;&amp; wildList.indexOf(symbol) != -1): null

2019-08-24 13:09:07 - [TEST_STEP][PASSED] - if (i == 4 &amp;&amp; wildList.indexOf(symbol) != -1): null

2019-08-24 13:09:07 - [TEST_STEP][PASSED] - symbols = symbols: null

2019-08-24 13:09:07 - [TEST_STEP][PASSED] - for ([j = 0, j &lt; symbols.size(), (j++)]): null

2019-08-24 13:09:07 - [TEST_STEP][PASSED] - symbol = symbol: null

2019-08-24 13:09:07 - [TEST_STEP][PASSED] - println(symbol): null

2019-08-24 13:09:07 - [TEST_STEP][PASSED] - if (i == 2 &amp;&amp; wildList.indexOf(symbol) != -1): null

2019-08-24 13:09:07 - [TEST_STEP][PASSED] - if (i == 3 &amp;&amp; wildList.indexOf(symbol) != -1): null

2019-08-24 13:09:07 - [TEST_STEP][PASSED] - if (i == 4 &amp;&amp; wildList.indexOf(symbol) != -1): null

2019-08-24 13:09:07 - [TEST_STEP][PASSED] - symbol = symbol: null

2019-08-24 13:09:07 - [TEST_STEP][PASSED] - println(symbol): null

2019-08-24 13:09:07 - [TEST_STEP][PASSED] - if (i == 2 &amp;&amp; wildList.indexOf(symbol) != -1): null

2019-08-24 13:09:07 - [TEST_STEP][PASSED] - if (i == 3 &amp;&amp; wildList.indexOf(symbol) != -1): null

2019-08-24 13:09:07 - [TEST_STEP][PASSED] - if (i == 4 &amp;&amp; wildList.indexOf(symbol) != -1): null

2019-08-24 13:09:07 - [TEST_STEP][PASSED] - symbol = symbol: null

2019-08-24 13:09:07 - [TEST_STEP][PASSED] - println(symbol): null

2019-08-24 13:09:07 - [TEST_STEP][PASSED] - if (i == 2 &amp;&amp; wildList.indexOf(symbol) != -1): null

2019-08-24 13:09:07 - [TEST_STEP][PASSED] - if (i == 3 &amp;&amp; wildList.indexOf(symbol) != -1): null

2019-08-24 13:09:07 - [TEST_STEP][PASSED] - if (i == 4 &amp;&amp; wildList.indexOf(symbol) != -1): null

2019-08-24 13:09:07 - [TEST_STEP][PASSED] - symbols = symbols: null

2019-08-24 13:09:07 - [TEST_STEP][PASSED] - for ([j = 0, j &lt; symbols.size(), (j++)]): null

2019-08-24 13:09:07 - [TEST_STEP][PASSED] - symbol = symbol: null

2019-08-24 13:09:07 - [TEST_STEP][PASSED] - println(symbol): null

2019-08-24 13:09:07 - [TEST_STEP][PASSED] - if (i == 2 &amp;&amp; wildList.indexOf(symbol) != -1): null

2019-08-24 13:09:07 - [TEST_STEP][PASSED] - if (i == 3 &amp;&amp; wildList.indexOf(symbol) != -1): null

2019-08-24 13:09:07 - [TEST_STEP][PASSED] - if (i == 4 &amp;&amp; wildList.indexOf(symbol) != -1): null

2019-08-24 13:09:07 - [TEST_STEP][PASSED] - symbol = symbol: null

2019-08-24 13:09:07 - [TEST_STEP][PASSED] - println(symbol): null

2019-08-24 13:09:07 - [TEST_STEP][PASSED] - if (i == 2 &amp;&amp; wildList.indexOf(symbol) != -1): null

2019-08-24 13:09:07 - [TEST_STEP][PASSED] - if (i == 3 &amp;&amp; wildList.indexOf(symbol) != -1): null

2019-08-24 13:09:07 - [TEST_STEP][PASSED] - if (i == 4 &amp;&amp; wildList.indexOf(symbol) != -1): null

2019-08-24 13:09:07 - [TEST_STEP][PASSED] - symbol = symbol: null

2019-08-24 13:09:07 - [TEST_STEP][PASSED] - println(symbol): null

2019-08-24 13:09:07 - [TEST_STEP][PASSED] - if (i == 2 &amp;&amp; wildList.indexOf(symbol) != -1): null

2019-08-24 13:09:07 - [TEST_STEP][PASSED] - if (i == 3 &amp;&amp; wildList.indexOf(symbol) != -1): null

2019-08-24 13:09:07 - [TEST_STEP][PASSED] - if (i == 4 &amp;&amp; wildList.indexOf(symbol) != -1): null

2019-08-24 13:09:07 - [TEST_STEP][PASSED] - free_spin_reel_counter = free_spin_reel_counter: null

2019-08-24 13:09:07 - [TEST_STEP][PASSED] - println("reel 3 wild found: " + free_spin_reel_counter[0]): null

2019-08-24 13:09:07 - [TEST_STEP][PASSED] - println("reel 4 wild found: " + free_spin_reel_counter[1]): null

2019-08-24 13:09:07 - [TEST_STEP][PASSED] - println("reel 5 wild found: " + free_spin_reel_counter[2]): null

2019-08-24 13:09:07 - [TEST_STEP][PASSED] - M4_spin_reels = M4_spin_reels: null

2019-08-24 13:09:07 - [TEST_STEP][PASSED] - M4_spin_reels_symbols = symbol: null

2019-08-24 13:09:07 - [TEST_STEP][PASSED] - M4_spin_reels_symbols = M4_spin_reels_symbols: null

2019-08-24 13:09:07 - [TEST_STEP][PASSED] - M4_spin_reel_wins = reel_wins: null

2019-08-24 13:09:07 - [TEST_STEP][PASSED] - M4_spin_reel_wins = M4_spin_reel_wins: null

2019-08-24 13:09:07 - [TEST_STEP][PASSED] - println("GlobalVariable.M4_spin_reel_wins is: " + M4_spin_reel_wins): null

2019-08-24 13:09:07 - [TEST_STEP][PASSED] - M4_spin_total_bonus_win_this_round = total_bonus_win_this_round: null

2019-08-24 13:09:07 - [TEST_STEP][PASSED] - M4_spin_total_bonus_win_this_round = M4_spin_total_bonus_win_this_round: null

2019-08-24 13:09:07 - [TEST_STEP][PASSED] - println("GlobalVariable.M4_spin_total_bonus_win_this_round is: " + M4_spin_total_bonus_win_this_round): null

2019-08-24 13:09:07 - [TEST_STEP][PASSED] - M4_spin_bonus_spin_result = spin_result: null

2019-08-24 13:09:07 - [TEST_STEP][PASSED] - M4_spin_bonus_spin_result = M4_spin_bonus_spin_result: null

2019-08-24 13:09:07 - [MESSAGE][PASSED] - Verify response successfully

2019-08-24 13:09:07 - [MESSAGE][PASSED] - Send request and verify the response successfully

2019-08-24 13:09:07 - [TEST_STEP][PASSED] - if (M4_total_bonus_spins_int != 0 &amp;&amp; M4_spin_reels_symbols[2].contains("WILD_Expanding")): null

2019-08-24 13:09:07 - [TEST_STEP][PASSED] - free_spin_reel_counter = free_spin_reel_counter: null

2019-08-24 13:09:07 - [TEST_STEP][PASSED] - M4_spin_reels_symbols = M4_spin_reels_symbols: null

2019-08-24 13:09:07 - [TEST_STEP][PASSED] - M4_total_bonus_spins = M4_total_bonus_spins: null

2019-08-24 13:09:07 - [TEST_STEP][PASSED] - spin_result = sendRequestAndVerify(findTestObject("INT/RGS(M4)/1_M4_spin", ["M4_login_user_id":M4_login_user_id, "rgs_session_token":rgs_session_token, "partner":Partner])): Send request and verify the response successfully

2019-08-24 13:09:07 - [MESSAGE][INFO] - HAR: /Users/eiralee/Katalon_Script/SuperWild/Reports/20190824_125957/INT/superWild_5/20190824_125957/requests/main/165.har

2019-08-24 13:09:07 - [TEST_CASE][PASSED] - Start Test Case : Verification: Verification accomplished successfully

2019-08-24 13:09:07 - [TEST_STEP][PASSED] - request = getInstance().getCurrentRequest(): null

2019-08-24 13:09:07 - [TEST_STEP][PASSED] - response = getInstance().getCurrentResponse(): null

2019-08-24 13:09:07 - [TEST_STEP][PASSED] - verifyResponseStatusCode(response, 200): Verify response status code successfully

2019-08-24 13:09:07 - [MESSAGE][PASSED] - Verify response status code successfully

2019-08-24 13:09:07 - [TEST_STEP][PASSED] - getStatusCode()).isEqualTo(200): null

2019-08-24 13:09:07 - [TEST_STEP][PASSED] - newline = System.getProperty("line.separator"): null

2019-08-24 13:09:07 - [TEST_STEP][PASSED] - M4_spin = new groovy.json.JsonSlurper(): null

2019-08-24 13:09:07 - [TEST_STEP][PASSED] - result_M4_spin = M4_spin.parseText(response.getResponseBodyContent()): null

2019-08-24 13:09:07 - [TEST_STEP][PASSED] - M4_spin_current_balance = current_balance: null

2019-08-24 13:09:07 - [TEST_STEP][PASSED] - M4_spin_current_balance = M4_spin_current_balance: null

2019-08-24 13:09:07 - [TEST_STEP][PASSED] - M4_spin_transaction_id = causality: null

2019-08-24 13:09:07 - [TEST_STEP][PASSED] - M4_spin_transaction_id = M4_spin_transaction_id: null

2019-08-24 13:09:07 - [TEST_STEP][PASSED] - M4_spin_round_id = round_id: null

2019-08-24 13:09:07 - [TEST_STEP][PASSED] - M4_spin_round_id = M4_spin_round_id: null

2019-08-24 13:09:07 - [TEST_STEP][PASSED] - M4_spin_line_wins = line_wins: null

2019-08-24 13:09:07 - [TEST_STEP][PASSED] - M4_spin_line_wins = M4_spin_line_wins: null

2019-08-24 13:09:07 - [TEST_STEP][PASSED] - M4_total_bonus_spins_int = total_bonus_spins: null

2019-08-24 13:09:07 - [TEST_STEP][PASSED] - println("******M4_total_bonus_spins type is:*******" + newline + getClass().getName()): null

2019-08-24 13:09:07 - [TEST_STEP][PASSED] - M4_total_bonus_spins_int = M4_total_bonus_spins_int: null

2019-08-24 13:09:07 - [TEST_STEP][PASSED] - M4_total_bonus_spins = Integer.toString(M4_total_bonus_spins_int): null

2019-08-24 13:09:07 - [TEST_STEP][PASSED] - M4_total_bonus_spins = M4_total_bonus_spins: null

2019-08-24 13:09:07 - [TEST_STEP][PASSED] - println("M4_total_bonus_spins is:" + M4_total_bonus_spins): null

2019-08-24 13:09:07 - [TEST_STEP][PASSED] - M4_spin_bonus_data = bonus_data: null

2019-08-24 13:09:07 - [TEST_STEP][PASSED] - M4_spin_features_triggered = result_M4_spin: null

2019-08-24 13:09:07 - [TEST_STEP][PASSED] - wild = []: null

2019-08-24 13:09:07 - [TEST_STEP][PASSED] - wild[0] = "WILD_Expanding": null

2019-08-24 13:09:07 - [TEST_STEP][PASSED] - wild[1] = "WILD_Normal": null

2019-08-24 13:09:07 - [TEST_STEP][PASSED] - wild[2] = "WILD_Double": null

2019-08-24 13:09:07 - [TEST_STEP][PASSED] - wild[3] = "WILD_ExtraFG": null

2019-08-24 13:09:07 - [TEST_STEP][PASSED] - wild[4] = "WILD_Triple": null

2019-08-24 13:09:07 - [TEST_STEP][PASSED] - wildList = Arrays.asList(wild): null

2019-08-24 13:09:07 - [TEST_STEP][PASSED] - wildList = wildList: null

2019-08-24 13:09:07 - [TEST_STEP][PASSED] - free_spin_reel_counter = []: null

2019-08-24 13:09:07 - [TEST_STEP][PASSED] - free_spin_reel_counter[0] = 0: null

2019-08-24 13:09:07 - [TEST_STEP][PASSED] - free_spin_reel_counter[1] = 0: null

2019-08-24 13:09:07 - [TEST_STEP][PASSED] - free_spin_reel_counter[2] = 0: null

2019-08-24 13:09:07 - [TEST_STEP][PASSED] - M4_spin_reels = reels: null

2019-08-24 13:09:07 - [TEST_STEP][PASSED] - for ([i = 0, i &lt; M4_spin_reels.size(), (i++)]): null

2019-08-24 13:09:07 - [TEST_STEP][PASSED] - symbols = symbols: null

2019-08-24 13:09:07 - [TEST_STEP][PASSED] - for ([j = 0, j &lt; symbols.size(), (j++)]): null

2019-08-24 13:09:07 - [TEST_STEP][PASSED] - symbol = symbol: null

2019-08-24 13:09:07 - [TEST_STEP][PASSED] - println(symbol): null

2019-08-24 13:09:07 - [TEST_STEP][PASSED] - if (i == 2 &amp;&amp; wildList.indexOf(symbol) != -1): null

2019-08-24 13:09:07 - [TEST_STEP][PASSED] - if (i == 3 &amp;&amp; wildList.indexOf(symbol) != -1): null

2019-08-24 13:09:07 - [TEST_STEP][PASSED] - if (i == 4 &amp;&amp; wildList.indexOf(symbol) != -1): null

2019-08-24 13:09:07 - [TEST_STEP][PASSED] - symbol = symbol: null

2019-08-24 13:09:07 - [TEST_STEP][PASSED] - println(symbol): null

2019-08-24 13:09:07 - [TEST_STEP][PASSED] - if (i == 2 &amp;&amp; wildList.indexOf(symbol) != -1): null

2019-08-24 13:09:07 - [TEST_STEP][PASSED] - if (i == 3 &amp;&amp; wildList.indexOf(symbol) != -1): null

2019-08-24 13:09:07 - [TEST_STEP][PASSED] - if (i == 4 &amp;&amp; wildList.indexOf(symbol) != -1): null

2019-08-24 13:09:07 - [TEST_STEP][PASSED] - symbol = symbol: null

2019-08-24 13:09:07 - [TEST_STEP][PASSED] - println(symbol): null

2019-08-24 13:09:11 - [TEST_STEP][PASSED] - if (i == 2 &amp;&amp; wildList.indexOf(symbol) != -1): null

2019-08-24 13:09:11 - [TEST_STEP][PASSED] - if (i == 3 &amp;&amp; wildList.indexOf(symbol) != -1): null

2019-08-24 13:09:11 - [TEST_STEP][PASSED] - if (i == 4 &amp;&amp; wildList.indexOf(symbol) != -1): null

2019-08-24 13:09:11 - [TEST_STEP][PASSED] - symbols = symbols: null

2019-08-24 13:09:11 - [TEST_STEP][PASSED] - for ([j = 0, j &lt; symbols.size(), (j++)]): null

2019-08-24 13:09:11 - [TEST_STEP][PASSED] - symbol = symbol: null

2019-08-24 13:09:11 - [TEST_STEP][PASSED] - println(symbol): null

2019-08-24 13:09:11 - [TEST_STEP][PASSED] - if (i == 2 &amp;&amp; wildList.indexOf(symbol) != -1): null

2019-08-24 13:09:11 - [TEST_STEP][PASSED] - if (i == 3 &amp;&amp; wildList.indexOf(symbol) != -1): null

2019-08-24 13:09:11 - [TEST_STEP][PASSED] - if (i == 4 &amp;&amp; wildList.indexOf(symbol) != -1): null

2019-08-24 13:09:14 - [TEST_STEP][PASSED] - symbol = symbol: null

2019-08-24 13:09:14 - [TEST_STEP][PASSED] - println(symbol): null

2019-08-24 13:09:14 - [TEST_STEP][PASSED] - if (i == 2 &amp;&amp; wildList.indexOf(symbol) != -1): null

2019-08-24 13:09:14 - [TEST_STEP][PASSED] - if (i == 3 &amp;&amp; wildList.indexOf(symbol) != -1): null

2019-08-24 13:09:14 - [TEST_STEP][PASSED] - if (i == 4 &amp;&amp; wildList.indexOf(symbol) != -1): null

2019-08-24 13:09:14 - [TEST_STEP][PASSED] - symbol = symbol: null

2019-08-24 13:09:14 - [TEST_STEP][PASSED] - println(symbol): null

2019-08-24 13:09:14 - [TEST_STEP][PASSED] - if (i == 2 &amp;&amp; wildList.indexOf(symbol) != -1): null

2019-08-24 13:09:14 - [TEST_STEP][PASSED] - if (i == 3 &amp;&amp; wildList.indexOf(symbol) != -1): null

2019-08-24 13:09:14 - [TEST_STEP][PASSED] - if (i == 4 &amp;&amp; wildList.indexOf(symbol) != -1): null

2019-08-24 13:09:14 - [TEST_STEP][PASSED] - symbols = symbols: null

2019-08-24 13:09:14 - [TEST_STEP][PASSED] - for ([j = 0, j &lt; symbols.size(), (j++)]): null

2019-08-24 13:09:14 - [TEST_STEP][PASSED] - symbol = symbol: null

2019-08-24 13:09:14 - [TEST_STEP][PASSED] - println(symbol): null

2019-08-24 13:09:14 - [TEST_STEP][PASSED] - if (i == 2 &amp;&amp; wildList.indexOf(symbol) != -1): null

2019-08-24 13:09:14 - [TEST_STEP][PASSED] - if (i == 3 &amp;&amp; wildList.indexOf(symbol) != -1): null

2019-08-24 13:09:14 - [TEST_STEP][PASSED] - if (i == 4 &amp;&amp; wildList.indexOf(symbol) != -1): null

2019-08-24 13:09:14 - [TEST_STEP][PASSED] - symbol = symbol: null

2019-08-24 13:09:14 - [TEST_STEP][PASSED] - println(symbol): null

2019-08-24 13:09:14 - [TEST_STEP][PASSED] - if (i == 2 &amp;&amp; wildList.indexOf(symbol) != -1): null

2019-08-24 13:09:14 - [TEST_STEP][PASSED] - println("wild found on reel 3, adding counter by 1"): null

2019-08-24 13:09:14 - [TEST_STEP][PASSED] - free_spin_reel_counter[0] = free_spin_reel_counter[0] + 1: null

2019-08-24 13:09:14 - [TEST_STEP][PASSED] - if (i == 3 &amp;&amp; wildList.indexOf(symbol) != -1): null

2019-08-24 13:09:14 - [TEST_STEP][PASSED] - if (i == 4 &amp;&amp; wildList.indexOf(symbol) != -1): null

2019-08-24 13:09:14 - [TEST_STEP][PASSED] - symbol = symbol: null

2019-08-24 13:09:14 - [TEST_STEP][PASSED] - println(symbol): null

2019-08-24 13:09:14 - [TEST_STEP][PASSED] - if (i == 2 &amp;&amp; wildList.indexOf(symbol) != -1): null

2019-08-24 13:09:14 - [TEST_STEP][PASSED] - if (i == 3 &amp;&amp; wildList.indexOf(symbol) != -1): null

2019-08-24 13:09:14 - [TEST_STEP][PASSED] - if (i == 4 &amp;&amp; wildList.indexOf(symbol) != -1): null

2019-08-24 13:09:14 - [TEST_STEP][PASSED] - symbols = symbols: null

2019-08-24 13:09:14 - [TEST_STEP][PASSED] - for ([j = 0, j &lt; symbols.size(), (j++)]): null

2019-08-24 13:09:14 - [TEST_STEP][PASSED] - symbol = symbol: null

2019-08-24 13:09:14 - [TEST_STEP][PASSED] - println(symbol): null

2019-08-24 13:09:14 - [TEST_STEP][PASSED] - if (i == 2 &amp;&amp; wildList.indexOf(symbol) != -1): null

2019-08-24 13:09:14 - [TEST_STEP][PASSED] - if (i == 3 &amp;&amp; wildList.indexOf(symbol) != -1): null

2019-08-24 13:09:14 - [TEST_STEP][PASSED] - if (i == 4 &amp;&amp; wildList.indexOf(symbol) != -1): null

2019-08-24 13:09:14 - [TEST_STEP][PASSED] - symbol = symbol: null

2019-08-24 13:09:14 - [TEST_STEP][PASSED] - println(symbol): null

2019-08-24 13:09:14 - [TEST_STEP][PASSED] - if (i == 2 &amp;&amp; wildList.indexOf(symbol) != -1): null

2019-08-24 13:09:14 - [TEST_STEP][PASSED] - if (i == 3 &amp;&amp; wildList.indexOf(symbol) != -1): null

2019-08-24 13:09:14 - [TEST_STEP][PASSED] - if (i == 4 &amp;&amp; wildList.indexOf(symbol) != -1): null

2019-08-24 13:09:14 - [TEST_STEP][PASSED] - symbol = symbol: null

2019-08-24 13:09:14 - [TEST_STEP][PASSED] - println(symbol): null

2019-08-24 13:09:14 - [TEST_STEP][PASSED] - if (i == 2 &amp;&amp; wildList.indexOf(symbol) != -1): null

2019-08-24 13:09:14 - [TEST_STEP][PASSED] - if (i == 3 &amp;&amp; wildList.indexOf(symbol) != -1): null

2019-08-24 13:09:14 - [TEST_STEP][PASSED] - if (i == 4 &amp;&amp; wildList.indexOf(symbol) != -1): null

2019-08-24 13:09:14 - [TEST_STEP][PASSED] - symbols = symbols: null

2019-08-24 13:09:14 - [TEST_STEP][PASSED] - for ([j = 0, j &lt; symbols.size(), (j++)]): null

2019-08-24 13:09:14 - [TEST_STEP][PASSED] - symbol = symbol: null

2019-08-24 13:09:14 - [TEST_STEP][PASSED] - println(symbol): null

2019-08-24 13:09:14 - [TEST_STEP][PASSED] - if (i == 2 &amp;&amp; wildList.indexOf(symbol) != -1): null

2019-08-24 13:09:14 - [TEST_STEP][PASSED] - if (i == 3 &amp;&amp; wildList.indexOf(symbol) != -1): null

2019-08-24 13:09:14 - [TEST_STEP][PASSED] - if (i == 4 &amp;&amp; wildList.indexOf(symbol) != -1): null

2019-08-24 13:09:14 - [TEST_STEP][PASSED] - symbol = symbol: null

2019-08-24 13:09:14 - [TEST_STEP][PASSED] - println(symbol): null

2019-08-24 13:09:14 - [TEST_STEP][PASSED] - if (i == 2 &amp;&amp; wildList.indexOf(symbol) != -1): null

2019-08-24 13:09:14 - [TEST_STEP][PASSED] - if (i == 3 &amp;&amp; wildList.indexOf(symbol) != -1): null

2019-08-24 13:09:14 - [TEST_STEP][PASSED] - if (i == 4 &amp;&amp; wildList.indexOf(symbol) != -1): null

2019-08-24 13:09:14 - [TEST_STEP][PASSED] - symbol = symbol: null

2019-08-24 13:09:14 - [TEST_STEP][PASSED] - println(symbol): null

2019-08-24 13:09:14 - [TEST_STEP][PASSED] - if (i == 2 &amp;&amp; wildList.indexOf(symbol) != -1): null

2019-08-24 13:09:14 - [TEST_STEP][PASSED] - if (i == 3 &amp;&amp; wildList.indexOf(symbol) != -1): null

2019-08-24 13:09:14 - [TEST_STEP][PASSED] - if (i == 4 &amp;&amp; wildList.indexOf(symbol) != -1): null

2019-08-24 13:09:14 - [TEST_STEP][PASSED] - free_spin_reel_counter = free_spin_reel_counter: null

2019-08-24 13:09:14 - [TEST_STEP][PASSED] - println("reel 3 wild found: " + free_spin_reel_counter[0]): null

2019-08-24 13:09:14 - [TEST_STEP][PASSED] - println("reel 4 wild found: " + free_spin_reel_counter[1]): null

2019-08-24 13:09:14 - [TEST_STEP][PASSED] - println("reel 5 wild found: " + free_spin_reel_counter[2]): null

2019-08-24 13:09:14 - [TEST_STEP][PASSED] - M4_spin_reels = M4_spin_reels: null

2019-08-24 13:09:14 - [TEST_STEP][PASSED] - M4_spin_reels_symbols = symbol: null

2019-08-24 13:09:14 - [TEST_STEP][PASSED] - M4_spin_reels_symbols = M4_spin_reels_symbols: null

2019-08-24 13:09:14 - [TEST_STEP][PASSED] - M4_spin_reel_wins = reel_wins: null

2019-08-24 13:09:14 - [TEST_STEP][PASSED] - M4_spin_reel_wins = M4_spin_reel_wins: null

2019-08-24 13:09:14 - [TEST_STEP][PASSED] - println("GlobalVariable.M4_spin_reel_wins is: " + M4_spin_reel_wins): null

2019-08-24 13:09:14 - [TEST_STEP][PASSED] - M4_spin_total_bonus_win_this_round = total_bonus_win_this_round: null

2019-08-24 13:09:14 - [TEST_STEP][PASSED] - M4_spin_total_bonus_win_this_round = M4_spin_total_bonus_win_this_round: null

2019-08-24 13:09:14 - [TEST_STEP][PASSED] - println("GlobalVariable.M4_spin_total_bonus_win_this_round is: " + M4_spin_total_bonus_win_this_round): null

2019-08-24 13:09:14 - [TEST_STEP][PASSED] - M4_spin_bonus_spin_result = spin_result: null

2019-08-24 13:09:14 - [TEST_STEP][PASSED] - M4_spin_bonus_spin_result = M4_spin_bonus_spin_result: null

2019-08-24 13:09:14 - [MESSAGE][PASSED] - Verify response successfully

2019-08-24 13:09:14 - [MESSAGE][PASSED] - Send request and verify the response successfully

2019-08-24 13:09:14 - [TEST_STEP][PASSED] - if (M4_total_bonus_spins_int != 0 &amp;&amp; M4_spin_reels_symbols[2].contains("WILD_Expanding")): null

2019-08-24 13:09:14 - [TEST_STEP][PASSED] - free_spin_reel_counter = free_spin_reel_counter: null

2019-08-24 13:09:14 - [TEST_STEP][PASSED] - M4_spin_reels_symbols = M4_spin_reels_symbols: null

2019-08-24 13:09:14 - [TEST_STEP][PASSED] - M4_total_bonus_spins = M4_total_bonus_spins: null

2019-08-24 13:09:14 - [TEST_STEP][PASSED] - spin_result = sendRequestAndVerify(findTestObject("INT/RGS(M4)/1_M4_spin", ["M4_login_user_id":M4_login_user_id, "rgs_session_token":rgs_session_token, "partner":Partner])): Send request and verify the response successfully

2019-08-24 13:09:14 - [MESSAGE][INFO] - HAR: /Users/eiralee/Katalon_Script/SuperWild/Reports/20190824_125957/INT/superWild_5/20190824_125957/requests/main/166.har

2019-08-24 13:09:14 - [TEST_CASE][PASSED] - Start Test Case : Verification: Verification accomplished successfully

2019-08-24 13:09:14 - [TEST_STEP][PASSED] - request = getInstance().getCurrentRequest(): null

2019-08-24 13:09:14 - [TEST_STEP][PASSED] - response = getInstance().getCurrentResponse(): null

2019-08-24 13:09:14 - [TEST_STEP][PASSED] - verifyResponseStatusCode(response, 200): Verify response status code successfully

2019-08-24 13:09:14 - [MESSAGE][PASSED] - Verify response status code successfully

2019-08-24 13:09:14 - [TEST_STEP][PASSED] - getStatusCode()).isEqualTo(200): null

2019-08-24 13:09:14 - [TEST_STEP][PASSED] - newline = System.getProperty("line.separator"): null

2019-08-24 13:09:14 - [TEST_STEP][PASSED] - M4_spin = new groovy.json.JsonSlurper(): null

2019-08-24 13:09:14 - [TEST_STEP][PASSED] - result_M4_spin = M4_spin.parseText(response.getResponseBodyContent()): null

2019-08-24 13:09:14 - [TEST_STEP][PASSED] - M4_spin_current_balance = current_balance: null

2019-08-24 13:09:14 - [TEST_STEP][PASSED] - M4_spin_current_balance = M4_spin_current_balance: null

2019-08-24 13:09:14 - [TEST_STEP][PASSED] - M4_spin_transaction_id = causality: null

2019-08-24 13:09:14 - [TEST_STEP][PASSED] - M4_spin_transaction_id = M4_spin_transaction_id: null

2019-08-24 13:09:14 - [TEST_STEP][PASSED] - M4_spin_round_id = round_id: null

2019-08-24 13:09:14 - [TEST_STEP][PASSED] - M4_spin_round_id = M4_spin_round_id: null

2019-08-24 13:09:14 - [TEST_STEP][PASSED] - M4_spin_line_wins = line_wins: null

2019-08-24 13:09:14 - [TEST_STEP][PASSED] - M4_spin_line_wins = M4_spin_line_wins: null

2019-08-24 13:09:14 - [TEST_STEP][PASSED] - M4_total_bonus_spins_int = total_bonus_spins: null

2019-08-24 13:09:14 - [TEST_STEP][PASSED] - println("******M4_total_bonus_spins type is:*******" + newline + getClass().getName()): null

2019-08-24 13:09:14 - [TEST_STEP][PASSED] - M4_total_bonus_spins_int = M4_total_bonus_spins_int: null

2019-08-24 13:09:14 - [TEST_STEP][PASSED] - M4_total_bonus_spins = Integer.toString(M4_total_bonus_spins_int): null

2019-08-24 13:09:14 - [TEST_STEP][PASSED] - M4_total_bonus_spins = M4_total_bonus_spins: null

2019-08-24 13:09:14 - [TEST_STEP][PASSED] - println("M4_total_bonus_spins is:" + M4_total_bonus_spins): null

2019-08-24 13:09:14 - [TEST_STEP][PASSED] - M4_spin_bonus_data = bonus_data: null

2019-08-24 13:09:14 - [TEST_STEP][PASSED] - M4_spin_features_triggered = result_M4_spin: null

2019-08-24 13:09:14 - [TEST_STEP][PASSED] - wild = []: null

2019-08-24 13:09:14 - [TEST_STEP][PASSED] - wild[0] = "WILD_Expanding": null

2019-08-24 13:09:14 - [TEST_STEP][PASSED] - wild[1] = "WILD_Normal": null

2019-08-24 13:09:14 - [TEST_STEP][PASSED] - wild[2] = "WILD_Double": null

2019-08-24 13:09:14 - [TEST_STEP][PASSED] - wild[3] = "WILD_ExtraFG": null

2019-08-24 13:09:14 - [TEST_STEP][PASSED] - wild[4] = "WILD_Triple": null

2019-08-24 13:09:14 - [TEST_STEP][PASSED] - wildList = Arrays.asList(wild): null

2019-08-24 13:09:14 - [TEST_STEP][PASSED] - wildList = wildList: null

2019-08-24 13:09:14 - [TEST_STEP][PASSED] - free_spin_reel_counter = []: null

2019-08-24 13:09:14 - [TEST_STEP][PASSED] - free_spin_reel_counter[0] = 0: null

2019-08-24 13:09:14 - [TEST_STEP][PASSED] - free_spin_reel_counter[1] = 0: null

2019-08-24 13:09:14 - [TEST_STEP][PASSED] - free_spin_reel_counter[2] = 0: null

2019-08-24 13:09:14 - [TEST_STEP][PASSED] - M4_spin_reels = reels: null

2019-08-24 13:09:14 - [TEST_STEP][PASSED] - for ([i = 0, i &lt; M4_spin_reels.size(), (i++)]): null

2019-08-24 13:09:14 - [TEST_STEP][PASSED] - symbols = symbols: null

2019-08-24 13:09:14 - [TEST_STEP][PASSED] - for ([j = 0, j &lt; symbols.size(), (j++)]): null

2019-08-24 13:09:14 - [TEST_STEP][PASSED] - symbol = symbol: null

2019-08-24 13:09:14 - [TEST_STEP][PASSED] - println(symbol): null

2019-08-24 13:09:14 - [TEST_STEP][PASSED] - if (i == 2 &amp;&amp; wildList.indexOf(symbol) != -1): null

2019-08-24 13:09:14 - [TEST_STEP][PASSED] - if (i == 3 &amp;&amp; wildList.indexOf(symbol) != -1): null

2019-08-24 13:09:14 - [TEST_STEP][PASSED] - if (i == 4 &amp;&amp; wildList.indexOf(symbol) != -1): null

2019-08-24 13:09:14 - [TEST_STEP][PASSED] - symbol = symbol: null

2019-08-24 13:09:14 - [TEST_STEP][PASSED] - println(symbol): null

2019-08-24 13:09:14 - [TEST_STEP][PASSED] - if (i == 2 &amp;&amp; wildList.indexOf(symbol) != -1): null

2019-08-24 13:09:14 - [TEST_STEP][PASSED] - if (i == 3 &amp;&amp; wildList.indexOf(symbol) != -1): null

2019-08-24 13:09:14 - [TEST_STEP][PASSED] - if (i == 4 &amp;&amp; wildList.indexOf(symbol) != -1): null

2019-08-24 13:09:14 - [TEST_STEP][PASSED] - symbol = symbol: null

2019-08-24 13:09:14 - [TEST_STEP][PASSED] - println(symbol): null

2019-08-24 13:09:14 - [TEST_STEP][PASSED] - if (i == 2 &amp;&amp; wildList.indexOf(symbol) != -1): null

2019-08-24 13:09:14 - [TEST_STEP][PASSED] - if (i == 3 &amp;&amp; wildList.indexOf(symbol) != -1): null

2019-08-24 13:09:14 - [TEST_STEP][PASSED] - if (i == 4 &amp;&amp; wildList.indexOf(symbol) != -1): null

2019-08-24 13:09:14 - [TEST_STEP][PASSED] - symbols = symbols: null

2019-08-24 13:09:14 - [TEST_STEP][PASSED] - for ([j = 0, j &lt; symbols.size(), (j++)]): null

2019-08-24 13:09:14 - [TEST_STEP][PASSED] - symbol = symbol: null

2019-08-24 13:09:14 - [TEST_STEP][PASSED] - println(symbol): null

2019-08-24 13:09:14 - [TEST_STEP][PASSED] - if (i == 2 &amp;&amp; wildList.indexOf(symbol) != -1): null

2019-08-24 13:09:14 - [TEST_STEP][PASSED] - if (i == 3 &amp;&amp; wildList.indexOf(symbol) != -1): null

2019-08-24 13:09:14 - [TEST_STEP][PASSED] - if (i == 4 &amp;&amp; wildList.indexOf(symbol) != -1): null

2019-08-24 13:09:14 - [TEST_STEP][PASSED] - symbol = symbol: null

2019-08-24 13:09:14 - [TEST_STEP][PASSED] - println(symbol): null

2019-08-24 13:09:14 - [TEST_STEP][PASSED] - if (i == 2 &amp;&amp; wildList.indexOf(symbol) != -1): null

2019-08-24 13:09:14 - [TEST_STEP][PASSED] - if (i == 3 &amp;&amp; wildList.indexOf(symbol) != -1): null

2019-08-24 13:09:14 - [TEST_STEP][PASSED] - if (i == 4 &amp;&amp; wildList.indexOf(symbol) != -1): null

2019-08-24 13:09:14 - [TEST_STEP][PASSED] - symbol = symbol: null

2019-08-24 13:09:14 - [TEST_STEP][PASSED] - println(symbol): null

2019-08-24 13:09:14 - [TEST_STEP][PASSED] - if (i == 2 &amp;&amp; wildList.indexOf(symbol) != -1): null

2019-08-24 13:09:14 - [TEST_STEP][PASSED] - if (i == 3 &amp;&amp; wildList.indexOf(symbol) != -1): null

2019-08-24 13:09:14 - [TEST_STEP][PASSED] - if (i == 4 &amp;&amp; wildList.indexOf(symbol) != -1): null

2019-08-24 13:09:14 - [TEST_STEP][PASSED] - symbols = symbols: null

2019-08-24 13:09:14 - [TEST_STEP][PASSED] - for ([j = 0, j &lt; symbols.size(), (j++)]): null

2019-08-24 13:09:14 - [TEST_STEP][PASSED] - symbol = symbol: null

2019-08-24 13:09:14 - [TEST_STEP][PASSED] - println(symbol): null

2019-08-24 13:09:14 - [TEST_STEP][PASSED] - if (i == 2 &amp;&amp; wildList.indexOf(symbol) != -1): null

2019-08-24 13:09:14 - [TEST_STEP][PASSED] - if (i == 3 &amp;&amp; wildList.indexOf(symbol) != -1): null

2019-08-24 13:09:14 - [TEST_STEP][PASSED] - if (i == 4 &amp;&amp; wildList.indexOf(symbol) != -1): null

2019-08-24 13:09:14 - [TEST_STEP][PASSED] - symbol = symbol: null

2019-08-24 13:09:14 - [TEST_STEP][PASSED] - println(symbol): null

2019-08-24 13:09:14 - [TEST_STEP][PASSED] - if (i == 2 &amp;&amp; wildList.indexOf(symbol) != -1): null

2019-08-24 13:09:14 - [TEST_STEP][PASSED] - if (i == 3 &amp;&amp; wildList.indexOf(symbol) != -1): null

2019-08-24 13:09:14 - [TEST_STEP][PASSED] - if (i == 4 &amp;&amp; wildList.indexOf(symbol) != -1): null

2019-08-24 13:09:14 - [TEST_STEP][PASSED] - symbol = symbol: null

2019-08-24 13:09:14 - [TEST_STEP][PASSED] - println(symbol): null

2019-08-24 13:09:14 - [TEST_STEP][PASSED] - if (i == 2 &amp;&amp; wildList.indexOf(symbol) != -1): null

2019-08-24 13:09:14 - [TEST_STEP][PASSED] - if (i == 3 &amp;&amp; wildList.indexOf(symbol) != -1): null

2019-08-24 13:09:14 - [TEST_STEP][PASSED] - if (i == 4 &amp;&amp; wildList.indexOf(symbol) != -1): null

2019-08-24 13:09:14 - [TEST_STEP][PASSED] - symbols = symbols: null

2019-08-24 13:09:14 - [TEST_STEP][PASSED] - for ([j = 0, j &lt; symbols.size(), (j++)]): null

2019-08-24 13:09:14 - [TEST_STEP][PASSED] - symbol = symbol: null

2019-08-24 13:09:14 - [TEST_STEP][PASSED] - println(symbol): null

2019-08-24 13:09:14 - [TEST_STEP][PASSED] - if (i == 2 &amp;&amp; wildList.indexOf(symbol) != -1): null

2019-08-24 13:09:14 - [TEST_STEP][PASSED] - if (i == 3 &amp;&amp; wildList.indexOf(symbol) != -1): null

2019-08-24 13:09:14 - [TEST_STEP][PASSED] - if (i == 4 &amp;&amp; wildList.indexOf(symbol) != -1): null

2019-08-24 13:09:14 - [TEST_STEP][PASSED] - symbol = symbol: null

2019-08-24 13:09:14 - [TEST_STEP][PASSED] - println(symbol): null

2019-08-24 13:09:14 - [TEST_STEP][PASSED] - if (i == 2 &amp;&amp; wildList.indexOf(symbol) != -1): null

2019-08-24 13:09:14 - [TEST_STEP][PASSED] - if (i == 3 &amp;&amp; wildList.indexOf(symbol) != -1): null

2019-08-24 13:09:14 - [TEST_STEP][PASSED] - if (i == 4 &amp;&amp; wildList.indexOf(symbol) != -1): null

2019-08-24 13:09:14 - [TEST_STEP][PASSED] - symbol = symbol: null

2019-08-24 13:09:14 - [TEST_STEP][PASSED] - println(symbol): null

2019-08-24 13:09:14 - [TEST_STEP][PASSED] - if (i == 2 &amp;&amp; wildList.indexOf(symbol) != -1): null

2019-08-24 13:09:14 - [TEST_STEP][PASSED] - if (i == 3 &amp;&amp; wildList.indexOf(symbol) != -1): null

2019-08-24 13:09:14 - [TEST_STEP][PASSED] - if (i == 4 &amp;&amp; wildList.indexOf(symbol) != -1): null

2019-08-24 13:09:14 - [TEST_STEP][PASSED] - symbols = symbols: null

2019-08-24 13:09:14 - [TEST_STEP][PASSED] - for ([j = 0, j &lt; symbols.size(), (j++)]): null

2019-08-24 13:09:14 - [TEST_STEP][PASSED] - symbol = symbol: null

2019-08-24 13:09:14 - [TEST_STEP][PASSED] - println(symbol): null

2019-08-24 13:09:14 - [TEST_STEP][PASSED] - if (i == 2 &amp;&amp; wildList.indexOf(symbol) != -1): null

2019-08-24 13:09:14 - [TEST_STEP][PASSED] - if (i == 3 &amp;&amp; wildList.indexOf(symbol) != -1): null

2019-08-24 13:09:14 - [TEST_STEP][PASSED] - if (i == 4 &amp;&amp; wildList.indexOf(symbol) != -1): null

2019-08-24 13:09:14 - [TEST_STEP][PASSED] - symbol = symbol: null

2019-08-24 13:09:14 - [TEST_STEP][PASSED] - println(symbol): null

2019-08-24 13:09:14 - [TEST_STEP][PASSED] - if (i == 2 &amp;&amp; wildList.indexOf(symbol) != -1): null

2019-08-24 13:09:14 - [TEST_STEP][PASSED] - if (i == 3 &amp;&amp; wildList.indexOf(symbol) != -1): null

2019-08-24 13:09:14 - [TEST_STEP][PASSED] - if (i == 4 &amp;&amp; wildList.indexOf(symbol) != -1): null

2019-08-24 13:09:14 - [TEST_STEP][PASSED] - symbol = symbol: null

2019-08-24 13:09:14 - [TEST_STEP][PASSED] - println(symbol): null

2019-08-24 13:09:14 - [TEST_STEP][PASSED] - if (i == 2 &amp;&amp; wildList.indexOf(symbol) != -1): null

2019-08-24 13:09:14 - [TEST_STEP][PASSED] - if (i == 3 &amp;&amp; wildList.indexOf(symbol) != -1): null

2019-08-24 13:09:14 - [TEST_STEP][PASSED] - if (i == 4 &amp;&amp; wildList.indexOf(symbol) != -1): null

2019-08-24 13:09:14 - [TEST_STEP][PASSED] - free_spin_reel_counter = free_spin_reel_counter: null

2019-08-24 13:09:14 - [TEST_STEP][PASSED] - println("reel 3 wild found: " + free_spin_reel_counter[0]): null

2019-08-24 13:09:14 - [TEST_STEP][PASSED] - println("reel 4 wild found: " + free_spin_reel_counter[1]): null

2019-08-24 13:09:14 - [TEST_STEP][PASSED] - println("reel 5 wild found: " + free_spin_reel_counter[2]): null

2019-08-24 13:09:14 - [TEST_STEP][PASSED] - M4_spin_reels = M4_spin_reels: null

2019-08-24 13:09:14 - [TEST_STEP][PASSED] - M4_spin_reels_symbols = symbol: null

2019-08-24 13:09:14 - [TEST_STEP][PASSED] - M4_spin_reels_symbols = M4_spin_reels_symbols: null

2019-08-24 13:09:14 - [TEST_STEP][PASSED] - M4_spin_reel_wins = reel_wins: null

2019-08-24 13:09:14 - [TEST_STEP][PASSED] - M4_spin_reel_wins = M4_spin_reel_wins: null

2019-08-24 13:09:14 - [TEST_STEP][PASSED] - println("GlobalVariable.M4_spin_reel_wins is: " + M4_spin_reel_wins): null

2019-08-24 13:09:14 - [TEST_STEP][PASSED] - M4_spin_total_bonus_win_this_round = total_bonus_win_this_round: null

2019-08-24 13:09:14 - [TEST_STEP][PASSED] - M4_spin_total_bonus_win_this_round = M4_spin_total_bonus_win_this_round: null

2019-08-24 13:09:14 - [TEST_STEP][PASSED] - println("GlobalVariable.M4_spin_total_bonus_win_this_round is: " + M4_spin_total_bonus_win_this_round): null

2019-08-24 13:09:14 - [TEST_STEP][PASSED] - M4_spin_bonus_spin_result = spin_result: null

2019-08-24 13:09:14 - [TEST_STEP][PASSED] - M4_spin_bonus_spin_result = M4_spin_bonus_spin_result: null

2019-08-24 13:09:14 - [MESSAGE][PASSED] - Verify response successfully

2019-08-24 13:09:14 - [MESSAGE][PASSED] - Send request and verify the response successfully

2019-08-24 13:09:14 - [TEST_STEP][PASSED] - if (M4_total_bonus_spins_int != 0 &amp;&amp; M4_spin_reels_symbols[2].contains("WILD_Expanding")): null

2019-08-24 13:09:14 - [TEST_STEP][PASSED] - free_spin_reel_counter = free_spin_reel_counter: null

2019-08-24 13:09:14 - [TEST_STEP][PASSED] - M4_spin_reels_symbols = M4_spin_reels_symbols: null

2019-08-24 13:09:14 - [TEST_STEP][PASSED] - M4_total_bonus_spins = M4_total_bonus_spins: null

2019-08-24 13:09:14 - [TEST_STEP][PASSED] - spin_result = sendRequestAndVerify(findTestObject("INT/RGS(M4)/1_M4_spin", ["M4_login_user_id":M4_login_user_id, "rgs_session_token":rgs_session_token, "partner":Partner])): Send request and verify the response successfully

2019-08-24 13:09:15 - [MESSAGE][INFO] - HAR: /Users/eiralee/Katalon_Script/SuperWild/Reports/20190824_125957/INT/superWild_5/20190824_125957/requests/main/167.har

2019-08-24 13:09:15 - [TEST_CASE][PASSED] - Start Test Case : Verification: Verification accomplished successfully

2019-08-24 13:09:15 - [TEST_STEP][PASSED] - request = getInstance().getCurrentRequest(): null

2019-08-24 13:09:15 - [TEST_STEP][PASSED] - response = getInstance().getCurrentResponse(): null

2019-08-24 13:09:15 - [TEST_STEP][PASSED] - verifyResponseStatusCode(response, 200): Verify response status code successfully

2019-08-24 13:09:15 - [MESSAGE][PASSED] - Verify response status code successfully

2019-08-24 13:09:15 - [TEST_STEP][PASSED] - getStatusCode()).isEqualTo(200): null

2019-08-24 13:09:15 - [TEST_STEP][PASSED] - newline = System.getProperty("line.separator"): null

2019-08-24 13:09:15 - [TEST_STEP][PASSED] - M4_spin = new groovy.json.JsonSlurper(): null

2019-08-24 13:09:15 - [TEST_STEP][PASSED] - result_M4_spin = M4_spin.parseText(response.getResponseBodyContent()): null

2019-08-24 13:09:15 - [TEST_STEP][PASSED] - M4_spin_current_balance = current_balance: null

2019-08-24 13:09:15 - [TEST_STEP][PASSED] - M4_spin_current_balance = M4_spin_current_balance: null

2019-08-24 13:09:15 - [TEST_STEP][PASSED] - M4_spin_transaction_id = causality: null

2019-08-24 13:09:15 - [TEST_STEP][PASSED] - M4_spin_transaction_id = M4_spin_transaction_id: null

2019-08-24 13:09:15 - [TEST_STEP][PASSED] - M4_spin_round_id = round_id: null

2019-08-24 13:09:15 - [TEST_STEP][PASSED] - M4_spin_round_id = M4_spin_round_id: null

2019-08-24 13:09:15 - [TEST_STEP][PASSED] - M4_spin_line_wins = line_wins: null

2019-08-24 13:09:15 - [TEST_STEP][PASSED] - M4_spin_line_wins = M4_spin_line_wins: null

2019-08-24 13:09:15 - [TEST_STEP][PASSED] - M4_total_bonus_spins_int = total_bonus_spins: null

2019-08-24 13:09:15 - [TEST_STEP][PASSED] - println("******M4_total_bonus_spins type is:*******" + newline + getClass().getName()): null

2019-08-24 13:09:15 - [TEST_STEP][PASSED] - M4_total_bonus_spins_int = M4_total_bonus_spins_int: null

2019-08-24 13:09:15 - [TEST_STEP][PASSED] - M4_total_bonus_spins = Integer.toString(M4_total_bonus_spins_int): null

2019-08-24 13:09:15 - [TEST_STEP][PASSED] - M4_total_bonus_spins = M4_total_bonus_spins: null

2019-08-24 13:09:15 - [TEST_STEP][PASSED] - println("M4_total_bonus_spins is:" + M4_total_bonus_spins): null

2019-08-24 13:09:15 - [TEST_STEP][PASSED] - M4_spin_bonus_data = bonus_data: null

2019-08-24 13:09:15 - [TEST_STEP][PASSED] - M4_spin_features_triggered = result_M4_spin: null

2019-08-24 13:09:15 - [TEST_STEP][PASSED] - wild = []: null

2019-08-24 13:09:15 - [TEST_STEP][PASSED] - wild[0] = "WILD_Expanding": null

2019-08-24 13:09:15 - [TEST_STEP][PASSED] - wild[1] = "WILD_Normal": null

2019-08-24 13:09:15 - [TEST_STEP][PASSED] - wild[2] = "WILD_Double": null

2019-08-24 13:09:15 - [TEST_STEP][PASSED] - wild[3] = "WILD_ExtraFG": null

2019-08-24 13:09:15 - [TEST_STEP][PASSED] - wild[4] = "WILD_Triple": null

2019-08-24 13:09:15 - [TEST_STEP][PASSED] - wildList = Arrays.asList(wild): null

2019-08-24 13:09:15 - [TEST_STEP][PASSED] - wildList = wildList: null

2019-08-24 13:09:15 - [TEST_STEP][PASSED] - free_spin_reel_counter = []: null

2019-08-24 13:09:15 - [TEST_STEP][PASSED] - free_spin_reel_counter[0] = 0: null

2019-08-24 13:09:15 - [TEST_STEP][PASSED] - free_spin_reel_counter[1] = 0: null

2019-08-24 13:09:15 - [TEST_STEP][PASSED] - free_spin_reel_counter[2] = 0: null

2019-08-24 13:09:15 - [TEST_STEP][PASSED] - M4_spin_reels = reels: null

2019-08-24 13:09:15 - [TEST_STEP][PASSED] - for ([i = 0, i &lt; M4_spin_reels.size(), (i++)]): null

2019-08-24 13:09:15 - [TEST_STEP][PASSED] - symbols = symbols: null

2019-08-24 13:09:15 - [TEST_STEP][PASSED] - for ([j = 0, j &lt; symbols.size(), (j++)]): null

2019-08-24 13:09:15 - [TEST_STEP][PASSED] - symbol = symbol: null

2019-08-24 13:09:15 - [TEST_STEP][PASSED] - println(symbol): null

2019-08-24 13:09:15 - [TEST_STEP][PASSED] - if (i == 2 &amp;&amp; wildList.indexOf(symbol) != -1): null

2019-08-24 13:09:15 - [TEST_STEP][PASSED] - if (i == 3 &amp;&amp; wildList.indexOf(symbol) != -1): null

2019-08-24 13:09:15 - [TEST_STEP][PASSED] - if (i == 4 &amp;&amp; wildList.indexOf(symbol) != -1): null

2019-08-24 13:09:15 - [TEST_STEP][PASSED] - symbol = symbol: null

2019-08-24 13:09:15 - [TEST_STEP][PASSED] - println(symbol): null

2019-08-24 13:09:15 - [TEST_STEP][PASSED] - if (i == 2 &amp;&amp; wildList.indexOf(symbol) != -1): null

2019-08-24 13:09:15 - [TEST_STEP][PASSED] - if (i == 3 &amp;&amp; wildList.indexOf(symbol) != -1): null

2019-08-24 13:09:15 - [TEST_STEP][PASSED] - if (i == 4 &amp;&amp; wildList.indexOf(symbol) != -1): null

2019-08-24 13:09:15 - [TEST_STEP][PASSED] - symbol = symbol: null

2019-08-24 13:09:15 - [TEST_STEP][PASSED] - println(symbol): null

2019-08-24 13:09:15 - [TEST_STEP][PASSED] - if (i == 2 &amp;&amp; wildList.indexOf(symbol) != -1): null

2019-08-24 13:09:15 - [TEST_STEP][PASSED] - if (i == 3 &amp;&amp; wildList.indexOf(symbol) != -1): null

2019-08-24 13:09:15 - [TEST_STEP][PASSED] - if (i == 4 &amp;&amp; wildList.indexOf(symbol) != -1): null

2019-08-24 13:09:15 - [TEST_STEP][PASSED] - symbols = symbols: null

2019-08-24 13:09:15 - [TEST_STEP][PASSED] - for ([j = 0, j &lt; symbols.size(), (j++)]): null

2019-08-24 13:09:15 - [TEST_STEP][PASSED] - symbol = symbol: null

2019-08-24 13:09:15 - [TEST_STEP][PASSED] - println(symbol): null

2019-08-24 13:09:15 - [TEST_STEP][PASSED] - if (i == 2 &amp;&amp; wildList.indexOf(symbol) != -1): null

2019-08-24 13:09:15 - [TEST_STEP][PASSED] - if (i == 3 &amp;&amp; wildList.indexOf(symbol) != -1): null

2019-08-24 13:09:15 - [TEST_STEP][PASSED] - if (i == 4 &amp;&amp; wildList.indexOf(symbol) != -1): null

2019-08-24 13:09:15 - [TEST_STEP][PASSED] - symbol = symbol: null

2019-08-24 13:09:15 - [TEST_STEP][PASSED] - println(symbol): null

2019-08-24 13:09:15 - [TEST_STEP][PASSED] - if (i == 2 &amp;&amp; wildList.indexOf(symbol) != -1): null

2019-08-24 13:09:15 - [TEST_STEP][PASSED] - if (i == 3 &amp;&amp; wildList.indexOf(symbol) != -1): null

2019-08-24 13:09:15 - [TEST_STEP][PASSED] - if (i == 4 &amp;&amp; wildList.indexOf(symbol) != -1): null

2019-08-24 13:09:15 - [TEST_STEP][PASSED] - symbol = symbol: null

2019-08-24 13:09:15 - [TEST_STEP][PASSED] - println(symbol): null

2019-08-24 13:09:15 - [TEST_STEP][PASSED] - if (i == 2 &amp;&amp; wildList.indexOf(symbol) != -1): null

2019-08-24 13:09:15 - [TEST_STEP][PASSED] - if (i == 3 &amp;&amp; wildList.indexOf(symbol) != -1): null

2019-08-24 13:09:15 - [TEST_STEP][PASSED] - if (i == 4 &amp;&amp; wildList.indexOf(symbol) != -1): null

2019-08-24 13:09:15 - [TEST_STEP][PASSED] - symbols = symbols: null

2019-08-24 13:09:15 - [TEST_STEP][PASSED] - for ([j = 0, j &lt; symbols.size(), (j++)]): null

2019-08-24 13:09:15 - [TEST_STEP][PASSED] - symbol = symbol: null

2019-08-24 13:09:15 - [TEST_STEP][PASSED] - println(symbol): null

2019-08-24 13:09:15 - [TEST_STEP][PASSED] - if (i == 2 &amp;&amp; wildList.indexOf(symbol) != -1): null

2019-08-24 13:09:15 - [TEST_STEP][PASSED] - if (i == 3 &amp;&amp; wildList.indexOf(symbol) != -1): null

2019-08-24 13:09:15 - [TEST_STEP][PASSED] - if (i == 4 &amp;&amp; wildList.indexOf(symbol) != -1): null

2019-08-24 13:09:15 - [TEST_STEP][PASSED] - symbol = symbol: null

2019-08-24 13:09:15 - [TEST_STEP][PASSED] - println(symbol): null

2019-08-24 13:09:15 - [TEST_STEP][PASSED] - if (i == 2 &amp;&amp; wildList.indexOf(symbol) != -1): null

2019-08-24 13:09:15 - [TEST_STEP][PASSED] - if (i == 3 &amp;&amp; wildList.indexOf(symbol) != -1): null

2019-08-24 13:09:15 - [TEST_STEP][PASSED] - if (i == 4 &amp;&amp; wildList.indexOf(symbol) != -1): null

2019-08-24 13:09:15 - [TEST_STEP][PASSED] - symbol = symbol: null

2019-08-24 13:09:15 - [TEST_STEP][PASSED] - println(symbol): null

2019-08-24 13:09:15 - [TEST_STEP][PASSED] - if (i == 2 &amp;&amp; wildList.indexOf(symbol) != -1): null

2019-08-24 13:09:15 - [TEST_STEP][PASSED] - if (i == 3 &amp;&amp; wildList.indexOf(symbol) != -1): null

2019-08-24 13:09:15 - [TEST_STEP][PASSED] - if (i == 4 &amp;&amp; wildList.indexOf(symbol) != -1): null

2019-08-24 13:09:15 - [TEST_STEP][PASSED] - symbols = symbols: null

2019-08-24 13:09:19 - [TEST_STEP][PASSED] - for ([j = 0, j &lt; symbols.size(), (j++)]): null

2019-08-24 13:09:19 - [TEST_STEP][PASSED] - symbol = symbol: null

2019-08-24 13:09:19 - [TEST_STEP][PASSED] - println(symbol): null

2019-08-24 13:09:19 - [TEST_STEP][PASSED] - if (i == 2 &amp;&amp; wildList.indexOf(symbol) != -1): null

2019-08-24 13:09:19 - [TEST_STEP][PASSED] - if (i == 3 &amp;&amp; wildList.indexOf(symbol) != -1): null

2019-08-24 13:09:19 - [TEST_STEP][PASSED] - if (i == 4 &amp;&amp; wildList.indexOf(symbol) != -1): null

2019-08-24 13:09:19 - [TEST_STEP][PASSED] - symbol = symbol: null

2019-08-24 13:09:19 - [TEST_STEP][PASSED] - println(symbol): null

2019-08-24 13:09:19 - [TEST_STEP][PASSED] - if (i == 2 &amp;&amp; wildList.indexOf(symbol) != -1): null

2019-08-24 13:09:19 - [TEST_STEP][PASSED] - if (i == 3 &amp;&amp; wildList.indexOf(symbol) != -1): null

2019-08-24 13:09:19 - [TEST_STEP][PASSED] - if (i == 4 &amp;&amp; wildList.indexOf(symbol) != -1): null

2019-08-24 13:09:24 - [TEST_STEP][PASSED] - symbol = symbol: null

2019-08-24 13:09:24 - [TEST_STEP][PASSED] - println(symbol): null

2019-08-24 13:09:24 - [TEST_STEP][PASSED] - if (i == 2 &amp;&amp; wildList.indexOf(symbol) != -1): null

2019-08-24 13:09:24 - [TEST_STEP][PASSED] - if (i == 3 &amp;&amp; wildList.indexOf(symbol) != -1): null

2019-08-24 13:09:24 - [TEST_STEP][PASSED] - if (i == 4 &amp;&amp; wildList.indexOf(symbol) != -1): null

2019-08-24 13:09:30 - [TEST_STEP][PASSED] - symbols = symbols: null

2019-08-24 13:09:30 - [TEST_STEP][PASSED] - for ([j = 0, j &lt; symbols.size(), (j++)]): null

2019-08-24 13:09:30 - [TEST_STEP][PASSED] - symbol = symbol: null

2019-08-24 13:09:30 - [TEST_STEP][PASSED] - println(symbol): null

2019-08-24 13:09:30 - [TEST_STEP][PASSED] - if (i == 2 &amp;&amp; wildList.indexOf(symbol) != -1): null

2019-08-24 13:09:30 - [TEST_STEP][PASSED] - if (i == 3 &amp;&amp; wildList.indexOf(symbol) != -1): null

2019-08-24 13:09:30 - [TEST_STEP][PASSED] - if (i == 4 &amp;&amp; wildList.indexOf(symbol) != -1): null

2019-08-24 13:09:30 - [TEST_STEP][PASSED] - symbol = symbol: null

2019-08-24 13:09:30 - [TEST_STEP][PASSED] - println(symbol): null

2019-08-24 13:09:30 - [TEST_STEP][PASSED] - if (i == 2 &amp;&amp; wildList.indexOf(symbol) != -1): null

2019-08-24 13:09:30 - [TEST_STEP][PASSED] - if (i == 3 &amp;&amp; wildList.indexOf(symbol) != -1): null

2019-08-24 13:09:30 - [TEST_STEP][PASSED] - if (i == 4 &amp;&amp; wildList.indexOf(symbol) != -1): null

2019-08-24 13:09:30 - [TEST_STEP][PASSED] - symbol = symbol: null

2019-08-24 13:09:30 - [TEST_STEP][PASSED] - println(symbol): null

2019-08-24 13:09:30 - [TEST_STEP][PASSED] - if (i == 2 &amp;&amp; wildList.indexOf(symbol) != -1): null

2019-08-24 13:09:30 - [TEST_STEP][PASSED] - if (i == 3 &amp;&amp; wildList.indexOf(symbol) != -1): null

2019-08-24 13:09:30 - [TEST_STEP][PASSED] - if (i == 4 &amp;&amp; wildList.indexOf(symbol) != -1): null

2019-08-24 13:09:30 - [TEST_STEP][PASSED] - free_spin_reel_counter = free_spin_reel_counter: null

2019-08-24 13:09:30 - [TEST_STEP][PASSED] - println("reel 3 wild found: " + free_spin_reel_counter[0]): null

2019-08-24 13:09:30 - [TEST_STEP][PASSED] - println("reel 4 wild found: " + free_spin_reel_counter[1]): null

2019-08-24 13:09:30 - [TEST_STEP][PASSED] - println("reel 5 wild found: " + free_spin_reel_counter[2]): null

2019-08-24 13:09:30 - [TEST_STEP][PASSED] - M4_spin_reels = M4_spin_reels: null

2019-08-24 13:09:30 - [TEST_STEP][PASSED] - M4_spin_reels_symbols = symbol: null

2019-08-24 13:09:30 - [TEST_STEP][PASSED] - M4_spin_reels_symbols = M4_spin_reels_symbols: null

2019-08-24 13:09:30 - [TEST_STEP][PASSED] - M4_spin_reel_wins = reel_wins: null

2019-08-24 13:09:30 - [TEST_STEP][PASSED] - M4_spin_reel_wins = M4_spin_reel_wins: null

2019-08-24 13:09:30 - [TEST_STEP][PASSED] - println("GlobalVariable.M4_spin_reel_wins is: " + M4_spin_reel_wins): null

2019-08-24 13:09:30 - [TEST_STEP][PASSED] - M4_spin_total_bonus_win_this_round = total_bonus_win_this_round: null

2019-08-24 13:09:30 - [TEST_STEP][PASSED] - M4_spin_total_bonus_win_this_round = M4_spin_total_bonus_win_this_round: null

2019-08-24 13:09:30 - [TEST_STEP][PASSED] - println("GlobalVariable.M4_spin_total_bonus_win_this_round is: " + M4_spin_total_bonus_win_this_round): null

2019-08-24 13:09:30 - [TEST_STEP][PASSED] - M4_spin_bonus_spin_result = spin_result: null

2019-08-24 13:09:30 - [TEST_STEP][PASSED] - M4_spin_bonus_spin_result = M4_spin_bonus_spin_result: null

2019-08-24 13:09:30 - [MESSAGE][PASSED] - Verify response successfully

2019-08-24 13:09:30 - [MESSAGE][PASSED] - Send request and verify the response successfully

2019-08-24 13:09:30 - [TEST_STEP][PASSED] - if (M4_total_bonus_spins_int != 0 &amp;&amp; M4_spin_reels_symbols[2].contains("WILD_Expanding")): null

2019-08-24 13:09:30 - [TEST_STEP][PASSED] - free_spin_reel_counter = free_spin_reel_counter: null

2019-08-24 13:09:30 - [TEST_STEP][PASSED] - M4_spin_reels_symbols = M4_spin_reels_symbols: null

2019-08-24 13:09:30 - [TEST_STEP][PASSED] - M4_total_bonus_spins = M4_total_bonus_spins: null

2019-08-24 13:09:30 - [TEST_STEP][PASSED] - spin_result = sendRequestAndVerify(findTestObject("INT/RGS(M4)/1_M4_spin", ["M4_login_user_id":M4_login_user_id, "rgs_session_token":rgs_session_token, "partner":Partner])): Send request and verify the response successfully

2019-08-24 13:09:30 - [MESSAGE][INFO] - HAR: /Users/eiralee/Katalon_Script/SuperWild/Reports/20190824_125957/INT/superWild_5/20190824_125957/requests/main/168.har

2019-08-24 13:09:30 - [TEST_CASE][PASSED] - Start Test Case : Verification: Verification accomplished successfully

2019-08-24 13:09:30 - [TEST_STEP][PASSED] - request = getInstance().getCurrentRequest(): null

2019-08-24 13:09:30 - [TEST_STEP][PASSED] - response = getInstance().getCurrentResponse(): null

2019-08-24 13:09:30 - [TEST_STEP][PASSED] - verifyResponseStatusCode(response, 200): Verify response status code successfully

2019-08-24 13:09:30 - [MESSAGE][PASSED] - Verify response status code successfully

2019-08-24 13:09:30 - [TEST_STEP][PASSED] - getStatusCode()).isEqualTo(200): null

2019-08-24 13:09:30 - [TEST_STEP][PASSED] - newline = System.getProperty("line.separator"): null

2019-08-24 13:09:30 - [TEST_STEP][PASSED] - M4_spin = new groovy.json.JsonSlurper(): null

2019-08-24 13:09:30 - [TEST_STEP][PASSED] - result_M4_spin = M4_spin.parseText(response.getResponseBodyContent()): null

2019-08-24 13:09:30 - [TEST_STEP][PASSED] - M4_spin_current_balance = current_balance: null

2019-08-24 13:09:30 - [TEST_STEP][PASSED] - M4_spin_current_balance = M4_spin_current_balance: null

2019-08-24 13:09:30 - [TEST_STEP][PASSED] - M4_spin_transaction_id = causality: null

2019-08-24 13:09:30 - [TEST_STEP][PASSED] - M4_spin_transaction_id = M4_spin_transaction_id: null

2019-08-24 13:09:30 - [TEST_STEP][PASSED] - M4_spin_round_id = round_id: null

2019-08-24 13:09:30 - [TEST_STEP][PASSED] - M4_spin_round_id = M4_spin_round_id: null

2019-08-24 13:09:30 - [TEST_STEP][PASSED] - M4_spin_line_wins = line_wins: null

2019-08-24 13:09:30 - [TEST_STEP][PASSED] - M4_spin_line_wins = M4_spin_line_wins: null

2019-08-24 13:09:30 - [TEST_STEP][PASSED] - M4_total_bonus_spins_int = total_bonus_spins: null

2019-08-24 13:09:30 - [TEST_STEP][PASSED] - println("******M4_total_bonus_spins type is:*******" + newline + getClass().getName()): null

2019-08-24 13:09:30 - [TEST_STEP][PASSED] - M4_total_bonus_spins_int = M4_total_bonus_spins_int: null

2019-08-24 13:09:30 - [TEST_STEP][PASSED] - M4_total_bonus_spins = Integer.toString(M4_total_bonus_spins_int): null

2019-08-24 13:09:30 - [TEST_STEP][PASSED] - M4_total_bonus_spins = M4_total_bonus_spins: null

2019-08-24 13:09:30 - [TEST_STEP][PASSED] - println("M4_total_bonus_spins is:" + M4_total_bonus_spins): null

2019-08-24 13:09:30 - [TEST_STEP][PASSED] - M4_spin_bonus_data = bonus_data: null

2019-08-24 13:09:30 - [TEST_STEP][PASSED] - M4_spin_features_triggered = result_M4_spin: null

2019-08-24 13:09:30 - [TEST_STEP][PASSED] - wild = []: null

2019-08-24 13:09:30 - [TEST_STEP][PASSED] - wild[0] = "WILD_Expanding": null

2019-08-24 13:09:30 - [TEST_STEP][PASSED] - wild[1] = "WILD_Normal": null

2019-08-24 13:09:30 - [TEST_STEP][PASSED] - wild[2] = "WILD_Double": null

2019-08-24 13:09:30 - [TEST_STEP][PASSED] - wild[3] = "WILD_ExtraFG": null

2019-08-24 13:09:30 - [TEST_STEP][PASSED] - wild[4] = "WILD_Triple": null

2019-08-24 13:09:30 - [TEST_STEP][PASSED] - wildList = Arrays.asList(wild): null

2019-08-24 13:09:30 - [TEST_STEP][PASSED] - wildList = wildList: null

2019-08-24 13:09:30 - [TEST_STEP][PASSED] - free_spin_reel_counter = []: null

2019-08-24 13:09:30 - [TEST_STEP][PASSED] - free_spin_reel_counter[0] = 0: null

2019-08-24 13:09:30 - [TEST_STEP][PASSED] - free_spin_reel_counter[1] = 0: null

2019-08-24 13:09:30 - [TEST_STEP][PASSED] - free_spin_reel_counter[2] = 0: null

2019-08-24 13:09:30 - [TEST_STEP][PASSED] - M4_spin_reels = reels: null

2019-08-24 13:09:30 - [TEST_STEP][PASSED] - for ([i = 0, i &lt; M4_spin_reels.size(), (i++)]): null

2019-08-24 13:09:30 - [TEST_STEP][PASSED] - symbols = symbols: null

2019-08-24 13:09:30 - [TEST_STEP][PASSED] - for ([j = 0, j &lt; symbols.size(), (j++)]): null

2019-08-24 13:09:30 - [TEST_STEP][PASSED] - symbol = symbol: null

2019-08-24 13:09:30 - [TEST_STEP][PASSED] - println(symbol): null

2019-08-24 13:09:30 - [TEST_STEP][PASSED] - if (i == 2 &amp;&amp; wildList.indexOf(symbol) != -1): null

2019-08-24 13:09:30 - [TEST_STEP][PASSED] - if (i == 3 &amp;&amp; wildList.indexOf(symbol) != -1): null

2019-08-24 13:09:30 - [TEST_STEP][PASSED] - if (i == 4 &amp;&amp; wildList.indexOf(symbol) != -1): null

2019-08-24 13:09:30 - [TEST_STEP][PASSED] - symbol = symbol: null

2019-08-24 13:09:30 - [TEST_STEP][PASSED] - println(symbol): null

2019-08-24 13:09:30 - [TEST_STEP][PASSED] - if (i == 2 &amp;&amp; wildList.indexOf(symbol) != -1): null

2019-08-24 13:09:30 - [TEST_STEP][PASSED] - if (i == 3 &amp;&amp; wildList.indexOf(symbol) != -1): null

2019-08-24 13:09:30 - [TEST_STEP][PASSED] - if (i == 4 &amp;&amp; wildList.indexOf(symbol) != -1): null

2019-08-24 13:09:30 - [TEST_STEP][PASSED] - symbol = symbol: null

2019-08-24 13:09:30 - [TEST_STEP][PASSED] - println(symbol): null

2019-08-24 13:09:30 - [TEST_STEP][PASSED] - if (i == 2 &amp;&amp; wildList.indexOf(symbol) != -1): null

2019-08-24 13:09:30 - [TEST_STEP][PASSED] - if (i == 3 &amp;&amp; wildList.indexOf(symbol) != -1): null

2019-08-24 13:09:30 - [TEST_STEP][PASSED] - if (i == 4 &amp;&amp; wildList.indexOf(symbol) != -1): null

2019-08-24 13:09:30 - [TEST_STEP][PASSED] - symbols = symbols: null

2019-08-24 13:09:30 - [TEST_STEP][PASSED] - for ([j = 0, j &lt; symbols.size(), (j++)]): null

2019-08-24 13:09:30 - [TEST_STEP][PASSED] - symbol = symbol: null

2019-08-24 13:09:30 - [TEST_STEP][PASSED] - println(symbol): null

2019-08-24 13:09:30 - [TEST_STEP][PASSED] - if (i == 2 &amp;&amp; wildList.indexOf(symbol) != -1): null

2019-08-24 13:09:30 - [TEST_STEP][PASSED] - if (i == 3 &amp;&amp; wildList.indexOf(symbol) != -1): null

2019-08-24 13:09:30 - [TEST_STEP][PASSED] - if (i == 4 &amp;&amp; wildList.indexOf(symbol) != -1): null

2019-08-24 13:09:30 - [TEST_STEP][PASSED] - symbol = symbol: null

2019-08-24 13:09:30 - [TEST_STEP][PASSED] - println(symbol): null

2019-08-24 13:09:30 - [TEST_STEP][PASSED] - if (i == 2 &amp;&amp; wildList.indexOf(symbol) != -1): null

2019-08-24 13:09:30 - [TEST_STEP][PASSED] - if (i == 3 &amp;&amp; wildList.indexOf(symbol) != -1): null

2019-08-24 13:09:30 - [TEST_STEP][PASSED] - if (i == 4 &amp;&amp; wildList.indexOf(symbol) != -1): null

2019-08-24 13:09:30 - [TEST_STEP][PASSED] - symbol = symbol: null

2019-08-24 13:09:30 - [TEST_STEP][PASSED] - println(symbol): null

2019-08-24 13:09:30 - [TEST_STEP][PASSED] - if (i == 2 &amp;&amp; wildList.indexOf(symbol) != -1): null

2019-08-24 13:09:30 - [TEST_STEP][PASSED] - if (i == 3 &amp;&amp; wildList.indexOf(symbol) != -1): null

2019-08-24 13:09:30 - [TEST_STEP][PASSED] - if (i == 4 &amp;&amp; wildList.indexOf(symbol) != -1): null

2019-08-24 13:09:30 - [TEST_STEP][PASSED] - symbols = symbols: null

2019-08-24 13:09:30 - [TEST_STEP][PASSED] - for ([j = 0, j &lt; symbols.size(), (j++)]): null

2019-08-24 13:09:30 - [TEST_STEP][PASSED] - symbol = symbol: null

2019-08-24 13:09:30 - [TEST_STEP][PASSED] - println(symbol): null

2019-08-24 13:09:30 - [TEST_STEP][PASSED] - if (i == 2 &amp;&amp; wildList.indexOf(symbol) != -1): null

2019-08-24 13:09:30 - [TEST_STEP][PASSED] - if (i == 3 &amp;&amp; wildList.indexOf(symbol) != -1): null

2019-08-24 13:09:30 - [TEST_STEP][PASSED] - if (i == 4 &amp;&amp; wildList.indexOf(symbol) != -1): null

2019-08-24 13:09:30 - [TEST_STEP][PASSED] - symbol = symbol: null

2019-08-24 13:09:30 - [TEST_STEP][PASSED] - println(symbol): null

2019-08-24 13:09:30 - [TEST_STEP][PASSED] - if (i == 2 &amp;&amp; wildList.indexOf(symbol) != -1): null

2019-08-24 13:09:30 - [TEST_STEP][PASSED] - if (i == 3 &amp;&amp; wildList.indexOf(symbol) != -1): null

2019-08-24 13:09:30 - [TEST_STEP][PASSED] - if (i == 4 &amp;&amp; wildList.indexOf(symbol) != -1): null

2019-08-24 13:09:30 - [TEST_STEP][PASSED] - symbol = symbol: null

2019-08-24 13:09:30 - [TEST_STEP][PASSED] - println(symbol): null

2019-08-24 13:09:30 - [TEST_STEP][PASSED] - if (i == 2 &amp;&amp; wildList.indexOf(symbol) != -1): null

2019-08-24 13:09:30 - [TEST_STEP][PASSED] - if (i == 3 &amp;&amp; wildList.indexOf(symbol) != -1): null

2019-08-24 13:09:30 - [TEST_STEP][PASSED] - if (i == 4 &amp;&amp; wildList.indexOf(symbol) != -1): null

2019-08-24 13:09:30 - [TEST_STEP][PASSED] - symbols = symbols: null

2019-08-24 13:09:30 - [TEST_STEP][PASSED] - for ([j = 0, j &lt; symbols.size(), (j++)]): null

2019-08-24 13:09:30 - [TEST_STEP][PASSED] - symbol = symbol: null

2019-08-24 13:09:30 - [TEST_STEP][PASSED] - println(symbol): null

2019-08-24 13:09:30 - [TEST_STEP][PASSED] - if (i == 2 &amp;&amp; wildList.indexOf(symbol) != -1): null

2019-08-24 13:09:30 - [TEST_STEP][PASSED] - if (i == 3 &amp;&amp; wildList.indexOf(symbol) != -1): null

2019-08-24 13:09:30 - [TEST_STEP][PASSED] - if (i == 4 &amp;&amp; wildList.indexOf(symbol) != -1): null

2019-08-24 13:09:30 - [TEST_STEP][PASSED] - symbol = symbol: null

2019-08-24 13:09:30 - [TEST_STEP][PASSED] - println(symbol): null

2019-08-24 13:09:30 - [TEST_STEP][PASSED] - if (i == 2 &amp;&amp; wildList.indexOf(symbol) != -1): null

2019-08-24 13:09:30 - [TEST_STEP][PASSED] - if (i == 3 &amp;&amp; wildList.indexOf(symbol) != -1): null

2019-08-24 13:09:30 - [TEST_STEP][PASSED] - println("wild found on reel 4, adding counter by 1"): null

2019-08-24 13:09:30 - [TEST_STEP][PASSED] - free_spin_reel_counter[1] = free_spin_reel_counter[1] + 1: null

2019-08-24 13:09:30 - [TEST_STEP][PASSED] - if (i == 4 &amp;&amp; wildList.indexOf(symbol) != -1): null

2019-08-24 13:09:30 - [TEST_STEP][PASSED] - symbol = symbol: null

2019-08-24 13:09:30 - [TEST_STEP][PASSED] - println(symbol): null

2019-08-24 13:09:30 - [TEST_STEP][PASSED] - if (i == 2 &amp;&amp; wildList.indexOf(symbol) != -1): null

2019-08-24 13:09:30 - [TEST_STEP][PASSED] - if (i == 3 &amp;&amp; wildList.indexOf(symbol) != -1): null

2019-08-24 13:09:30 - [TEST_STEP][PASSED] - if (i == 4 &amp;&amp; wildList.indexOf(symbol) != -1): null

2019-08-24 13:09:30 - [TEST_STEP][PASSED] - symbols = symbols: null

2019-08-24 13:09:30 - [TEST_STEP][PASSED] - for ([j = 0, j &lt; symbols.size(), (j++)]): null

2019-08-24 13:09:30 - [TEST_STEP][PASSED] - symbol = symbol: null

2019-08-24 13:09:30 - [TEST_STEP][PASSED] - println(symbol): null

2019-08-24 13:09:30 - [TEST_STEP][PASSED] - if (i == 2 &amp;&amp; wildList.indexOf(symbol) != -1): null

2019-08-24 13:09:30 - [TEST_STEP][PASSED] - if (i == 3 &amp;&amp; wildList.indexOf(symbol) != -1): null

2019-08-24 13:09:30 - [TEST_STEP][PASSED] - if (i == 4 &amp;&amp; wildList.indexOf(symbol) != -1): null

2019-08-24 13:09:30 - [TEST_STEP][PASSED] - symbol = symbol: null

2019-08-24 13:09:30 - [TEST_STEP][PASSED] - println(symbol): null

2019-08-24 13:09:30 - [TEST_STEP][PASSED] - if (i == 2 &amp;&amp; wildList.indexOf(symbol) != -1): null

2019-08-24 13:09:30 - [TEST_STEP][PASSED] - if (i == 3 &amp;&amp; wildList.indexOf(symbol) != -1): null

2019-08-24 13:09:30 - [TEST_STEP][PASSED] - if (i == 4 &amp;&amp; wildList.indexOf(symbol) != -1): null

2019-08-24 13:09:30 - [TEST_STEP][PASSED] - println("wild found on reel 5, adding counter by 1"): null

2019-08-24 13:09:30 - [TEST_STEP][PASSED] - free_spin_reel_counter[2] = free_spin_reel_counter[2] + 1: null

2019-08-24 13:09:30 - [TEST_STEP][PASSED] - symbol = symbol: null

2019-08-24 13:09:30 - [TEST_STEP][PASSED] - println(symbol): null

2019-08-24 13:09:30 - [TEST_STEP][PASSED] - if (i == 2 &amp;&amp; wildList.indexOf(symbol) != -1): null

2019-08-24 13:09:30 - [TEST_STEP][PASSED] - if (i == 3 &amp;&amp; wildList.indexOf(symbol) != -1): null

2019-08-24 13:09:30 - [TEST_STEP][PASSED] - if (i == 4 &amp;&amp; wildList.indexOf(symbol) != -1): null

2019-08-24 13:09:30 - [TEST_STEP][PASSED] - free_spin_reel_counter = free_spin_reel_counter: null

2019-08-24 13:09:30 - [TEST_STEP][PASSED] - println("reel 3 wild found: " + free_spin_reel_counter[0]): null

2019-08-24 13:09:30 - [TEST_STEP][PASSED] - println("reel 4 wild found: " + free_spin_reel_counter[1]): null

2019-08-24 13:09:30 - [TEST_STEP][PASSED] - println("reel 5 wild found: " + free_spin_reel_counter[2]): null

2019-08-24 13:09:30 - [TEST_STEP][PASSED] - M4_spin_reels = M4_spin_reels: null

2019-08-24 13:09:30 - [TEST_STEP][PASSED] - M4_spin_reels_symbols = symbol: null

2019-08-24 13:09:30 - [TEST_STEP][PASSED] - M4_spin_reels_symbols = M4_spin_reels_symbols: null

2019-08-24 13:09:30 - [TEST_STEP][PASSED] - M4_spin_reel_wins = reel_wins: null

2019-08-24 13:09:30 - [TEST_STEP][PASSED] - M4_spin_reel_wins = M4_spin_reel_wins: null

2019-08-24 13:09:30 - [TEST_STEP][PASSED] - println("GlobalVariable.M4_spin_reel_wins is: " + M4_spin_reel_wins): null

2019-08-24 13:09:30 - [TEST_STEP][PASSED] - M4_spin_total_bonus_win_this_round = total_bonus_win_this_round: null

2019-08-24 13:09:30 - [TEST_STEP][PASSED] - M4_spin_total_bonus_win_this_round = M4_spin_total_bonus_win_this_round: null

2019-08-24 13:09:30 - [TEST_STEP][PASSED] - println("GlobalVariable.M4_spin_total_bonus_win_this_round is: " + M4_spin_total_bonus_win_this_round): null

2019-08-24 13:09:30 - [TEST_STEP][PASSED] - M4_spin_bonus_spin_result = spin_result: null

2019-08-24 13:09:30 - [TEST_STEP][PASSED] - M4_spin_bonus_spin_result = M4_spin_bonus_spin_result: null

2019-08-24 13:09:30 - [MESSAGE][PASSED] - Verify response successfully

2019-08-24 13:09:30 - [MESSAGE][PASSED] - Send request and verify the response successfully

2019-08-24 13:09:30 - [TEST_STEP][PASSED] - if (M4_total_bonus_spins_int != 0 &amp;&amp; M4_spin_reels_symbols[2].contains("WILD_Expanding")): null

2019-08-24 13:09:30 - [TEST_STEP][PASSED] - free_spin_reel_counter = free_spin_reel_counter: null

2019-08-24 13:09:30 - [TEST_STEP][PASSED] - M4_spin_reels_symbols = M4_spin_reels_symbols: null

2019-08-24 13:09:30 - [TEST_STEP][PASSED] - M4_total_bonus_spins = M4_total_bonus_spins: null

2019-08-24 13:09:30 - [TEST_STEP][PASSED] - spin_result = sendRequestAndVerify(findTestObject("INT/RGS(M4)/1_M4_spin", ["M4_login_user_id":M4_login_user_id, "rgs_session_token":rgs_session_token, "partner":Partner])): Send request and verify the response successfully

2019-08-24 13:09:31 - [MESSAGE][INFO] - HAR: /Users/eiralee/Katalon_Script/SuperWild/Reports/20190824_125957/INT/superWild_5/20190824_125957/requests/main/169.har

2019-08-24 13:09:31 - [TEST_CASE][PASSED] - Start Test Case : Verification: Verification accomplished successfully

2019-08-24 13:09:31 - [TEST_STEP][PASSED] - request = getInstance().getCurrentRequest(): null

2019-08-24 13:09:31 - [TEST_STEP][PASSED] - response = getInstance().getCurrentResponse(): null

2019-08-24 13:09:31 - [TEST_STEP][PASSED] - verifyResponseStatusCode(response, 200): Verify response status code successfully

2019-08-24 13:09:31 - [MESSAGE][PASSED] - Verify response status code successfully

2019-08-24 13:09:31 - [TEST_STEP][PASSED] - getStatusCode()).isEqualTo(200): null

2019-08-24 13:09:31 - [TEST_STEP][PASSED] - newline = System.getProperty("line.separator"): null

2019-08-24 13:09:31 - [TEST_STEP][PASSED] - M4_spin = new groovy.json.JsonSlurper(): null

2019-08-24 13:09:31 - [TEST_STEP][PASSED] - result_M4_spin = M4_spin.parseText(response.getResponseBodyContent()): null

2019-08-24 13:09:31 - [TEST_STEP][PASSED] - M4_spin_current_balance = current_balance: null

2019-08-24 13:09:31 - [TEST_STEP][PASSED] - M4_spin_current_balance = M4_spin_current_balance: null

2019-08-24 13:09:31 - [TEST_STEP][PASSED] - M4_spin_transaction_id = causality: null

2019-08-24 13:09:31 - [TEST_STEP][PASSED] - M4_spin_transaction_id = M4_spin_transaction_id: null

2019-08-24 13:09:31 - [TEST_STEP][PASSED] - M4_spin_round_id = round_id: null

2019-08-24 13:09:31 - [TEST_STEP][PASSED] - M4_spin_round_id = M4_spin_round_id: null

2019-08-24 13:09:31 - [TEST_STEP][PASSED] - M4_spin_line_wins = line_wins: null

2019-08-24 13:09:31 - [TEST_STEP][PASSED] - M4_spin_line_wins = M4_spin_line_wins: null

2019-08-24 13:09:31 - [TEST_STEP][PASSED] - M4_total_bonus_spins_int = total_bonus_spins: null

2019-08-24 13:09:31 - [TEST_STEP][PASSED] - println("******M4_total_bonus_spins type is:*******" + newline + getClass().getName()): null

2019-08-24 13:09:31 - [TEST_STEP][PASSED] - M4_total_bonus_spins_int = M4_total_bonus_spins_int: null

2019-08-24 13:09:31 - [TEST_STEP][PASSED] - M4_total_bonus_spins = Integer.toString(M4_total_bonus_spins_int): null

2019-08-24 13:09:31 - [TEST_STEP][PASSED] - M4_total_bonus_spins = M4_total_bonus_spins: null

2019-08-24 13:09:31 - [TEST_STEP][PASSED] - println("M4_total_bonus_spins is:" + M4_total_bonus_spins): null

2019-08-24 13:09:31 - [TEST_STEP][PASSED] - M4_spin_bonus_data = bonus_data: null

2019-08-24 13:09:31 - [TEST_STEP][PASSED] - M4_spin_features_triggered = result_M4_spin: null

2019-08-24 13:09:31 - [TEST_STEP][PASSED] - wild = []: null

2019-08-24 13:09:31 - [TEST_STEP][PASSED] - wild[0] = "WILD_Expanding": null

2019-08-24 13:09:31 - [TEST_STEP][PASSED] - wild[1] = "WILD_Normal": null

2019-08-24 13:09:31 - [TEST_STEP][PASSED] - wild[2] = "WILD_Double": null

2019-08-24 13:09:31 - [TEST_STEP][PASSED] - wild[3] = "WILD_ExtraFG": null

2019-08-24 13:09:31 - [TEST_STEP][PASSED] - wild[4] = "WILD_Triple": null

2019-08-24 13:09:31 - [TEST_STEP][PASSED] - wildList = Arrays.asList(wild): null

2019-08-24 13:09:31 - [TEST_STEP][PASSED] - wildList = wildList: null

2019-08-24 13:09:31 - [TEST_STEP][PASSED] - free_spin_reel_counter = []: null

2019-08-24 13:09:31 - [TEST_STEP][PASSED] - free_spin_reel_counter[0] = 0: null

2019-08-24 13:09:31 - [TEST_STEP][PASSED] - free_spin_reel_counter[1] = 0: null

2019-08-24 13:09:31 - [TEST_STEP][PASSED] - free_spin_reel_counter[2] = 0: null

2019-08-24 13:09:31 - [TEST_STEP][PASSED] - M4_spin_reels = reels: null

2019-08-24 13:09:31 - [TEST_STEP][PASSED] - for ([i = 0, i &lt; M4_spin_reels.size(), (i++)]): null

2019-08-24 13:09:31 - [TEST_STEP][PASSED] - symbols = symbols: null

2019-08-24 13:09:31 - [TEST_STEP][PASSED] - for ([j = 0, j &lt; symbols.size(), (j++)]): null

2019-08-24 13:09:31 - [TEST_STEP][PASSED] - symbol = symbol: null

2019-08-24 13:09:31 - [TEST_STEP][PASSED] - println(symbol): null

2019-08-24 13:09:31 - [TEST_STEP][PASSED] - if (i == 2 &amp;&amp; wildList.indexOf(symbol) != -1): null

2019-08-24 13:09:31 - [TEST_STEP][PASSED] - if (i == 3 &amp;&amp; wildList.indexOf(symbol) != -1): null

2019-08-24 13:09:31 - [TEST_STEP][PASSED] - if (i == 4 &amp;&amp; wildList.indexOf(symbol) != -1): null

2019-08-24 13:09:31 - [TEST_STEP][PASSED] - symbol = symbol: null

2019-08-24 13:09:31 - [TEST_STEP][PASSED] - println(symbol): null

2019-08-24 13:09:31 - [TEST_STEP][PASSED] - if (i == 2 &amp;&amp; wildList.indexOf(symbol) != -1): null

2019-08-24 13:09:31 - [TEST_STEP][PASSED] - if (i == 3 &amp;&amp; wildList.indexOf(symbol) != -1): null

2019-08-24 13:09:31 - [TEST_STEP][PASSED] - if (i == 4 &amp;&amp; wildList.indexOf(symbol) != -1): null

2019-08-24 13:09:31 - [TEST_STEP][PASSED] - symbol = symbol: null

2019-08-24 13:09:31 - [TEST_STEP][PASSED] - println(symbol): null

2019-08-24 13:09:31 - [TEST_STEP][PASSED] - if (i == 2 &amp;&amp; wildList.indexOf(symbol) != -1): null

2019-08-24 13:09:31 - [TEST_STEP][PASSED] - if (i == 3 &amp;&amp; wildList.indexOf(symbol) != -1): null

2019-08-24 13:09:31 - [TEST_STEP][PASSED] - if (i == 4 &amp;&amp; wildList.indexOf(symbol) != -1): null

2019-08-24 13:09:31 - [TEST_STEP][PASSED] - symbols = symbols: null

2019-08-24 13:09:31 - [TEST_STEP][PASSED] - for ([j = 0, j &lt; symbols.size(), (j++)]): null

2019-08-24 13:09:31 - [TEST_STEP][PASSED] - symbol = symbol: null

2019-08-24 13:09:31 - [TEST_STEP][PASSED] - println(symbol): null

2019-08-24 13:09:31 - [TEST_STEP][PASSED] - if (i == 2 &amp;&amp; wildList.indexOf(symbol) != -1): null

2019-08-24 13:09:31 - [TEST_STEP][PASSED] - if (i == 3 &amp;&amp; wildList.indexOf(symbol) != -1): null

2019-08-24 13:09:31 - [TEST_STEP][PASSED] - if (i == 4 &amp;&amp; wildList.indexOf(symbol) != -1): null

2019-08-24 13:09:31 - [TEST_STEP][PASSED] - symbol = symbol: null

2019-08-24 13:09:31 - [TEST_STEP][PASSED] - println(symbol): null

2019-08-24 13:09:31 - [TEST_STEP][PASSED] - if (i == 2 &amp;&amp; wildList.indexOf(symbol) != -1): null

2019-08-24 13:09:31 - [TEST_STEP][PASSED] - if (i == 3 &amp;&amp; wildList.indexOf(symbol) != -1): null

2019-08-24 13:09:31 - [TEST_STEP][PASSED] - if (i == 4 &amp;&amp; wildList.indexOf(symbol) != -1): null

2019-08-24 13:09:31 - [TEST_STEP][PASSED] - symbol = symbol: null

2019-08-24 13:09:31 - [TEST_STEP][PASSED] - println(symbol): null

2019-08-24 13:09:31 - [TEST_STEP][PASSED] - if (i == 2 &amp;&amp; wildList.indexOf(symbol) != -1): null

2019-08-24 13:09:31 - [TEST_STEP][PASSED] - if (i == 3 &amp;&amp; wildList.indexOf(symbol) != -1): null

2019-08-24 13:09:31 - [TEST_STEP][PASSED] - if (i == 4 &amp;&amp; wildList.indexOf(symbol) != -1): null

2019-08-24 13:09:31 - [TEST_STEP][PASSED] - symbols = symbols: null

2019-08-24 13:09:31 - [TEST_STEP][PASSED] - for ([j = 0, j &lt; symbols.size(), (j++)]): null

2019-08-24 13:09:31 - [TEST_STEP][PASSED] - symbol = symbol: null

2019-08-24 13:09:31 - [TEST_STEP][PASSED] - println(symbol): null

2019-08-24 13:09:31 - [TEST_STEP][PASSED] - if (i == 2 &amp;&amp; wildList.indexOf(symbol) != -1): null

2019-08-24 13:09:31 - [TEST_STEP][PASSED] - if (i == 3 &amp;&amp; wildList.indexOf(symbol) != -1): null

2019-08-24 13:09:31 - [TEST_STEP][PASSED] - if (i == 4 &amp;&amp; wildList.indexOf(symbol) != -1): null

2019-08-24 13:09:31 - [TEST_STEP][PASSED] - symbol = symbol: null

2019-08-24 13:09:31 - [TEST_STEP][PASSED] - println(symbol): null

2019-08-24 13:09:31 - [TEST_STEP][PASSED] - if (i == 2 &amp;&amp; wildList.indexOf(symbol) != -1): null

2019-08-24 13:09:31 - [TEST_STEP][PASSED] - if (i == 3 &amp;&amp; wildList.indexOf(symbol) != -1): null

2019-08-24 13:09:31 - [TEST_STEP][PASSED] - if (i == 4 &amp;&amp; wildList.indexOf(symbol) != -1): null

2019-08-24 13:09:31 - [TEST_STEP][PASSED] - symbol = symbol: null

2019-08-24 13:09:31 - [TEST_STEP][PASSED] - println(symbol): null

2019-08-24 13:09:31 - [TEST_STEP][PASSED] - if (i == 2 &amp;&amp; wildList.indexOf(symbol) != -1): null

2019-08-24 13:09:31 - [TEST_STEP][PASSED] - if (i == 3 &amp;&amp; wildList.indexOf(symbol) != -1): null

2019-08-24 13:09:31 - [TEST_STEP][PASSED] - if (i == 4 &amp;&amp; wildList.indexOf(symbol) != -1): null

2019-08-24 13:09:31 - [TEST_STEP][PASSED] - symbols = symbols: null

2019-08-24 13:09:31 - [TEST_STEP][PASSED] - for ([j = 0, j &lt; symbols.size(), (j++)]): null

2019-08-24 13:09:31 - [TEST_STEP][PASSED] - symbol = symbol: null

2019-08-24 13:09:31 - [TEST_STEP][PASSED] - println(symbol): null

2019-08-24 13:09:31 - [TEST_STEP][PASSED] - if (i == 2 &amp;&amp; wildList.indexOf(symbol) != -1): null

2019-08-24 13:09:31 - [TEST_STEP][PASSED] - if (i == 3 &amp;&amp; wildList.indexOf(symbol) != -1): null

2019-08-24 13:09:31 - [TEST_STEP][PASSED] - if (i == 4 &amp;&amp; wildList.indexOf(symbol) != -1): null

2019-08-24 13:09:31 - [TEST_STEP][PASSED] - symbol = symbol: null

2019-08-24 13:09:31 - [TEST_STEP][PASSED] - println(symbol): null

2019-08-24 13:09:31 - [TEST_STEP][PASSED] - if (i == 2 &amp;&amp; wildList.indexOf(symbol) != -1): null

2019-08-24 13:09:31 - [TEST_STEP][PASSED] - if (i == 3 &amp;&amp; wildList.indexOf(symbol) != -1): null

2019-08-24 13:09:31 - [TEST_STEP][PASSED] - if (i == 4 &amp;&amp; wildList.indexOf(symbol) != -1): null

2019-08-24 13:09:31 - [TEST_STEP][PASSED] - symbol = symbol: null

2019-08-24 13:09:31 - [TEST_STEP][PASSED] - println(symbol): null

2019-08-24 13:09:31 - [TEST_STEP][PASSED] - if (i == 2 &amp;&amp; wildList.indexOf(symbol) != -1): null

2019-08-24 13:09:31 - [TEST_STEP][PASSED] - if (i == 3 &amp;&amp; wildList.indexOf(symbol) != -1): null

2019-08-24 13:09:31 - [TEST_STEP][PASSED] - if (i == 4 &amp;&amp; wildList.indexOf(symbol) != -1): null

2019-08-24 13:09:31 - [TEST_STEP][PASSED] - symbols = symbols: null

2019-08-24 13:09:31 - [TEST_STEP][PASSED] - for ([j = 0, j &lt; symbols.size(), (j++)]): null

2019-08-24 13:09:31 - [TEST_STEP][PASSED] - symbol = symbol: null

2019-08-24 13:09:31 - [TEST_STEP][PASSED] - println(symbol): null

2019-08-24 13:09:31 - [TEST_STEP][PASSED] - if (i == 2 &amp;&amp; wildList.indexOf(symbol) != -1): null

2019-08-24 13:09:31 - [TEST_STEP][PASSED] - if (i == 3 &amp;&amp; wildList.indexOf(symbol) != -1): null

2019-08-24 13:09:31 - [TEST_STEP][PASSED] - if (i == 4 &amp;&amp; wildList.indexOf(symbol) != -1): null

2019-08-24 13:09:31 - [TEST_STEP][PASSED] - symbol = symbol: null

2019-08-24 13:09:31 - [TEST_STEP][PASSED] - println(symbol): null

2019-08-24 13:09:31 - [TEST_STEP][PASSED] - if (i == 2 &amp;&amp; wildList.indexOf(symbol) != -1): null

2019-08-24 13:09:31 - [TEST_STEP][PASSED] - if (i == 3 &amp;&amp; wildList.indexOf(symbol) != -1): null

2019-08-24 13:09:31 - [TEST_STEP][PASSED] - if (i == 4 &amp;&amp; wildList.indexOf(symbol) != -1): null

2019-08-24 13:09:31 - [TEST_STEP][PASSED] - symbol = symbol: null

2019-08-24 13:09:31 - [TEST_STEP][PASSED] - println(symbol): null

2019-08-24 13:09:31 - [TEST_STEP][PASSED] - if (i == 2 &amp;&amp; wildList.indexOf(symbol) != -1): null

2019-08-24 13:09:31 - [TEST_STEP][PASSED] - if (i == 3 &amp;&amp; wildList.indexOf(symbol) != -1): null

2019-08-24 13:09:31 - [TEST_STEP][PASSED] - if (i == 4 &amp;&amp; wildList.indexOf(symbol) != -1): null

2019-08-24 13:09:31 - [TEST_STEP][PASSED] - free_spin_reel_counter = free_spin_reel_counter: null

2019-08-24 13:09:31 - [TEST_STEP][PASSED] - println("reel 3 wild found: " + free_spin_reel_counter[0]): null

2019-08-24 13:09:31 - [TEST_STEP][PASSED] - println("reel 4 wild found: " + free_spin_reel_counter[1]): null

2019-08-24 13:09:31 - [TEST_STEP][PASSED] - println("reel 5 wild found: " + free_spin_reel_counter[2]): null

2019-08-24 13:09:31 - [TEST_STEP][PASSED] - M4_spin_reels = M4_spin_reels: null

2019-08-24 13:09:31 - [TEST_STEP][PASSED] - M4_spin_reels_symbols = symbol: null

2019-08-24 13:09:31 - [TEST_STEP][PASSED] - M4_spin_reels_symbols = M4_spin_reels_symbols: null

2019-08-24 13:09:31 - [TEST_STEP][PASSED] - M4_spin_reel_wins = reel_wins: null

2019-08-24 13:09:31 - [TEST_STEP][PASSED] - M4_spin_reel_wins = M4_spin_reel_wins: null

2019-08-24 13:09:31 - [TEST_STEP][PASSED] - println("GlobalVariable.M4_spin_reel_wins is: " + M4_spin_reel_wins): null

2019-08-24 13:09:31 - [TEST_STEP][PASSED] - M4_spin_total_bonus_win_this_round = total_bonus_win_this_round: null

2019-08-24 13:09:31 - [TEST_STEP][PASSED] - M4_spin_total_bonus_win_this_round = M4_spin_total_bonus_win_this_round: null

2019-08-24 13:09:31 - [TEST_STEP][PASSED] - println("GlobalVariable.M4_spin_total_bonus_win_this_round is: " + M4_spin_total_bonus_win_this_round): null

2019-08-24 13:09:31 - [TEST_STEP][PASSED] - M4_spin_bonus_spin_result = spin_result: null

2019-08-24 13:09:31 - [TEST_STEP][PASSED] - M4_spin_bonus_spin_result = M4_spin_bonus_spin_result: null

2019-08-24 13:09:31 - [MESSAGE][PASSED] - Verify response successfully

2019-08-24 13:09:31 - [MESSAGE][PASSED] - Send request and verify the response successfully

2019-08-24 13:09:31 - [TEST_STEP][PASSED] - if (M4_total_bonus_spins_int != 0 &amp;&amp; M4_spin_reels_symbols[2].contains("WILD_Expanding")): null

2019-08-24 13:09:31 - [TEST_STEP][PASSED] - free_spin_reel_counter = free_spin_reel_counter: null

2019-08-24 13:09:31 - [TEST_STEP][PASSED] - M4_spin_reels_symbols = M4_spin_reels_symbols: null

2019-08-24 13:09:31 - [TEST_STEP][PASSED] - M4_total_bonus_spins = M4_total_bonus_spins: null

2019-08-24 13:09:31 - [TEST_STEP][PASSED] - spin_result = sendRequestAndVerify(findTestObject("INT/RGS(M4)/1_M4_spin", ["M4_login_user_id":M4_login_user_id, "rgs_session_token":rgs_session_token, "partner":Partner])): Send request and verify the response successfully

2019-08-24 13:09:31 - [MESSAGE][INFO] - HAR: /Users/eiralee/Katalon_Script/SuperWild/Reports/20190824_125957/INT/superWild_5/20190824_125957/requests/main/170.har

2019-08-24 13:09:31 - [TEST_CASE][PASSED] - Start Test Case : Verification: Verification accomplished successfully

2019-08-24 13:09:31 - [TEST_STEP][PASSED] - request = getInstance().getCurrentRequest(): null

2019-08-24 13:09:31 - [TEST_STEP][PASSED] - response = getInstance().getCurrentResponse(): null

2019-08-24 13:09:31 - [TEST_STEP][PASSED] - verifyResponseStatusCode(response, 200): Verify response status code successfully

2019-08-24 13:09:31 - [MESSAGE][PASSED] - Verify response status code successfully

2019-08-24 13:09:31 - [TEST_STEP][PASSED] - getStatusCode()).isEqualTo(200): null

2019-08-24 13:09:31 - [TEST_STEP][PASSED] - newline = System.getProperty("line.separator"): null

2019-08-24 13:09:31 - [TEST_STEP][PASSED] - M4_spin = new groovy.json.JsonSlurper(): null

2019-08-24 13:09:31 - [TEST_STEP][PASSED] - result_M4_spin = M4_spin.parseText(response.getResponseBodyContent()): null

2019-08-24 13:09:31 - [TEST_STEP][PASSED] - M4_spin_current_balance = current_balance: null

2019-08-24 13:09:31 - [TEST_STEP][PASSED] - M4_spin_current_balance = M4_spin_current_balance: null

2019-08-24 13:09:31 - [TEST_STEP][PASSED] - M4_spin_transaction_id = causality: null

2019-08-24 13:09:31 - [TEST_STEP][PASSED] - M4_spin_transaction_id = M4_spin_transaction_id: null

2019-08-24 13:09:31 - [TEST_STEP][PASSED] - M4_spin_round_id = round_id: null

2019-08-24 13:09:31 - [TEST_STEP][PASSED] - M4_spin_round_id = M4_spin_round_id: null

2019-08-24 13:09:31 - [TEST_STEP][PASSED] - M4_spin_line_wins = line_wins: null

2019-08-24 13:09:31 - [TEST_STEP][PASSED] - M4_spin_line_wins = M4_spin_line_wins: null

2019-08-24 13:09:31 - [TEST_STEP][PASSED] - M4_total_bonus_spins_int = total_bonus_spins: null

2019-08-24 13:09:31 - [TEST_STEP][PASSED] - println("******M4_total_bonus_spins type is:*******" + newline + getClass().getName()): null

2019-08-24 13:09:31 - [TEST_STEP][PASSED] - M4_total_bonus_spins_int = M4_total_bonus_spins_int: null

2019-08-24 13:09:31 - [TEST_STEP][PASSED] - M4_total_bonus_spins = Integer.toString(M4_total_bonus_spins_int): null

2019-08-24 13:09:31 - [TEST_STEP][PASSED] - M4_total_bonus_spins = M4_total_bonus_spins: null

2019-08-24 13:09:31 - [TEST_STEP][PASSED] - println("M4_total_bonus_spins is:" + M4_total_bonus_spins): null

2019-08-24 13:09:31 - [TEST_STEP][PASSED] - M4_spin_bonus_data = bonus_data: null

2019-08-24 13:09:31 - [TEST_STEP][PASSED] - M4_spin_features_triggered = result_M4_spin: null

2019-08-24 13:09:31 - [TEST_STEP][PASSED] - wild = []: null

2019-08-24 13:09:31 - [TEST_STEP][PASSED] - wild[0] = "WILD_Expanding": null

2019-08-24 13:09:31 - [TEST_STEP][PASSED] - wild[1] = "WILD_Normal": null

2019-08-24 13:09:31 - [TEST_STEP][PASSED] - wild[2] = "WILD_Double": null

2019-08-24 13:09:31 - [TEST_STEP][PASSED] - wild[3] = "WILD_ExtraFG": null

2019-08-24 13:09:31 - [TEST_STEP][PASSED] - wild[4] = "WILD_Triple": null

2019-08-24 13:09:31 - [TEST_STEP][PASSED] - wildList = Arrays.asList(wild): null

2019-08-24 13:09:31 - [TEST_STEP][PASSED] - wildList = wildList: null

2019-08-24 13:09:31 - [TEST_STEP][PASSED] - free_spin_reel_counter = []: null

2019-08-24 13:09:31 - [TEST_STEP][PASSED] - free_spin_reel_counter[0] = 0: null

2019-08-24 13:09:31 - [TEST_STEP][PASSED] - free_spin_reel_counter[1] = 0: null

2019-08-24 13:09:31 - [TEST_STEP][PASSED] - free_spin_reel_counter[2] = 0: null

2019-08-24 13:09:31 - [TEST_STEP][PASSED] - M4_spin_reels = reels: null

2019-08-24 13:09:31 - [TEST_STEP][PASSED] - for ([i = 0, i &lt; M4_spin_reels.size(), (i++)]): null

2019-08-24 13:09:31 - [TEST_STEP][PASSED] - symbols = symbols: null

2019-08-24 13:09:31 - [TEST_STEP][PASSED] - for ([j = 0, j &lt; symbols.size(), (j++)]): null

2019-08-24 13:09:31 - [TEST_STEP][PASSED] - symbol = symbol: null

2019-08-24 13:09:31 - [TEST_STEP][PASSED] - println(symbol): null

2019-08-24 13:09:31 - [TEST_STEP][PASSED] - if (i == 2 &amp;&amp; wildList.indexOf(symbol) != -1): null

2019-08-24 13:09:31 - [TEST_STEP][PASSED] - if (i == 3 &amp;&amp; wildList.indexOf(symbol) != -1): null

2019-08-24 13:09:31 - [TEST_STEP][PASSED] - if (i == 4 &amp;&amp; wildList.indexOf(symbol) != -1): null

2019-08-24 13:09:31 - [TEST_STEP][PASSED] - symbol = symbol: null

2019-08-24 13:09:31 - [TEST_STEP][PASSED] - println(symbol): null

2019-08-24 13:09:31 - [TEST_STEP][PASSED] - if (i == 2 &amp;&amp; wildList.indexOf(symbol) != -1): null

2019-08-24 13:09:31 - [TEST_STEP][PASSED] - if (i == 3 &amp;&amp; wildList.indexOf(symbol) != -1): null

2019-08-24 13:09:31 - [TEST_STEP][PASSED] - if (i == 4 &amp;&amp; wildList.indexOf(symbol) != -1): null

2019-08-24 13:09:31 - [TEST_STEP][PASSED] - symbol = symbol: null

2019-08-24 13:09:31 - [TEST_STEP][PASSED] - println(symbol): null

2019-08-24 13:09:31 - [TEST_STEP][PASSED] - if (i == 2 &amp;&amp; wildList.indexOf(symbol) != -1): null

2019-08-24 13:09:31 - [TEST_STEP][PASSED] - if (i == 3 &amp;&amp; wildList.indexOf(symbol) != -1): null

2019-08-24 13:09:31 - [TEST_STEP][PASSED] - if (i == 4 &amp;&amp; wildList.indexOf(symbol) != -1): null

2019-08-24 13:09:31 - [TEST_STEP][PASSED] - symbols = symbols: null

2019-08-24 13:09:31 - [TEST_STEP][PASSED] - for ([j = 0, j &lt; symbols.size(), (j++)]): null

2019-08-24 13:09:31 - [TEST_STEP][PASSED] - symbol = symbol: null

2019-08-24 13:09:31 - [TEST_STEP][PASSED] - println(symbol): null

2019-08-24 13:09:31 - [TEST_STEP][PASSED] - if (i == 2 &amp;&amp; wildList.indexOf(symbol) != -1): null

2019-08-24 13:09:31 - [TEST_STEP][PASSED] - if (i == 3 &amp;&amp; wildList.indexOf(symbol) != -1): null

2019-08-24 13:09:31 - [TEST_STEP][PASSED] - if (i == 4 &amp;&amp; wildList.indexOf(symbol) != -1): null

2019-08-24 13:09:31 - [TEST_STEP][PASSED] - symbol = symbol: null

2019-08-24 13:09:31 - [TEST_STEP][PASSED] - println(symbol): null

2019-08-24 13:09:31 - [TEST_STEP][PASSED] - if (i == 2 &amp;&amp; wildList.indexOf(symbol) != -1): null

2019-08-24 13:09:31 - [TEST_STEP][PASSED] - if (i == 3 &amp;&amp; wildList.indexOf(symbol) != -1): null

2019-08-24 13:09:31 - [TEST_STEP][PASSED] - if (i == 4 &amp;&amp; wildList.indexOf(symbol) != -1): null

2019-08-24 13:09:31 - [TEST_STEP][PASSED] - symbol = symbol: null

2019-08-24 13:09:31 - [TEST_STEP][PASSED] - println(symbol): null

2019-08-24 13:09:31 - [TEST_STEP][PASSED] - if (i == 2 &amp;&amp; wildList.indexOf(symbol) != -1): null

2019-08-24 13:09:31 - [TEST_STEP][PASSED] - if (i == 3 &amp;&amp; wildList.indexOf(symbol) != -1): null

2019-08-24 13:09:31 - [TEST_STEP][PASSED] - if (i == 4 &amp;&amp; wildList.indexOf(symbol) != -1): null

2019-08-24 13:09:31 - [TEST_STEP][PASSED] - symbols = symbols: null

2019-08-24 13:09:31 - [TEST_STEP][PASSED] - for ([j = 0, j &lt; symbols.size(), (j++)]): null

2019-08-24 13:09:31 - [TEST_STEP][PASSED] - symbol = symbol: null

2019-08-24 13:09:31 - [TEST_STEP][PASSED] - println(symbol): null

2019-08-24 13:09:31 - [TEST_STEP][PASSED] - if (i == 2 &amp;&amp; wildList.indexOf(symbol) != -1): null

2019-08-24 13:09:31 - [TEST_STEP][PASSED] - if (i == 3 &amp;&amp; wildList.indexOf(symbol) != -1): null

2019-08-24 13:09:31 - [TEST_STEP][PASSED] - if (i == 4 &amp;&amp; wildList.indexOf(symbol) != -1): null

2019-08-24 13:09:31 - [TEST_STEP][PASSED] - symbol = symbol: null

2019-08-24 13:09:31 - [TEST_STEP][PASSED] - println(symbol): null

2019-08-24 13:09:31 - [TEST_STEP][PASSED] - if (i == 2 &amp;&amp; wildList.indexOf(symbol) != -1): null

2019-08-24 13:09:31 - [TEST_STEP][PASSED] - if (i == 3 &amp;&amp; wildList.indexOf(symbol) != -1): null

2019-08-24 13:09:31 - [TEST_STEP][PASSED] - if (i == 4 &amp;&amp; wildList.indexOf(symbol) != -1): null

2019-08-24 13:09:31 - [TEST_STEP][PASSED] - symbol = symbol: null

2019-08-24 13:09:31 - [TEST_STEP][PASSED] - println(symbol): null

2019-08-24 13:09:31 - [TEST_STEP][PASSED] - if (i == 2 &amp;&amp; wildList.indexOf(symbol) != -1): null

2019-08-24 13:09:31 - [TEST_STEP][PASSED] - if (i == 3 &amp;&amp; wildList.indexOf(symbol) != -1): null

2019-08-24 13:09:31 - [TEST_STEP][PASSED] - if (i == 4 &amp;&amp; wildList.indexOf(symbol) != -1): null

2019-08-24 13:09:31 - [TEST_STEP][PASSED] - symbols = symbols: null

2019-08-24 13:09:31 - [TEST_STEP][PASSED] - for ([j = 0, j &lt; symbols.size(), (j++)]): null

2019-08-24 13:09:31 - [TEST_STEP][PASSED] - symbol = symbol: null

2019-08-24 13:09:31 - [TEST_STEP][PASSED] - println(symbol): null

2019-08-24 13:09:31 - [TEST_STEP][PASSED] - if (i == 2 &amp;&amp; wildList.indexOf(symbol) != -1): null

2019-08-24 13:09:31 - [TEST_STEP][PASSED] - if (i == 3 &amp;&amp; wildList.indexOf(symbol) != -1): null

2019-08-24 13:09:31 - [TEST_STEP][PASSED] - if (i == 4 &amp;&amp; wildList.indexOf(symbol) != -1): null

2019-08-24 13:09:31 - [TEST_STEP][PASSED] - symbol = symbol: null

2019-08-24 13:09:31 - [TEST_STEP][PASSED] - println(symbol): null

2019-08-24 13:09:31 - [TEST_STEP][PASSED] - if (i == 2 &amp;&amp; wildList.indexOf(symbol) != -1): null

2019-08-24 13:09:31 - [TEST_STEP][PASSED] - if (i == 3 &amp;&amp; wildList.indexOf(symbol) != -1): null

2019-08-24 13:09:31 - [TEST_STEP][PASSED] - if (i == 4 &amp;&amp; wildList.indexOf(symbol) != -1): null

2019-08-24 13:09:31 - [TEST_STEP][PASSED] - symbol = symbol: null

2019-08-24 13:09:31 - [TEST_STEP][PASSED] - println(symbol): null

2019-08-24 13:09:31 - [TEST_STEP][PASSED] - if (i == 2 &amp;&amp; wildList.indexOf(symbol) != -1): null

2019-08-24 13:09:31 - [TEST_STEP][PASSED] - if (i == 3 &amp;&amp; wildList.indexOf(symbol) != -1): null

2019-08-24 13:09:31 - [TEST_STEP][PASSED] - if (i == 4 &amp;&amp; wildList.indexOf(symbol) != -1): null

2019-08-24 13:09:31 - [TEST_STEP][PASSED] - symbols = symbols: null

2019-08-24 13:09:31 - [TEST_STEP][PASSED] - for ([j = 0, j &lt; symbols.size(), (j++)]): null

2019-08-24 13:09:31 - [TEST_STEP][PASSED] - symbol = symbol: null

2019-08-24 13:09:31 - [TEST_STEP][PASSED] - println(symbol): null

2019-08-24 13:09:31 - [TEST_STEP][PASSED] - if (i == 2 &amp;&amp; wildList.indexOf(symbol) != -1): null

2019-08-24 13:09:31 - [TEST_STEP][PASSED] - if (i == 3 &amp;&amp; wildList.indexOf(symbol) != -1): null

2019-08-24 13:09:31 - [TEST_STEP][PASSED] - if (i == 4 &amp;&amp; wildList.indexOf(symbol) != -1): null

2019-08-24 13:09:31 - [TEST_STEP][PASSED] - println("wild found on reel 5, adding counter by 1"): null

2019-08-24 13:09:31 - [TEST_STEP][PASSED] - free_spin_reel_counter[2] = free_spin_reel_counter[2] + 1: null

2019-08-24 13:09:31 - [TEST_STEP][PASSED] - symbol = symbol: null

2019-08-24 13:09:31 - [TEST_STEP][PASSED] - println(symbol): null

2019-08-24 13:09:31 - [TEST_STEP][PASSED] - if (i == 2 &amp;&amp; wildList.indexOf(symbol) != -1): null

2019-08-24 13:09:31 - [TEST_STEP][PASSED] - if (i == 3 &amp;&amp; wildList.indexOf(symbol) != -1): null

2019-08-24 13:09:31 - [TEST_STEP][PASSED] - if (i == 4 &amp;&amp; wildList.indexOf(symbol) != -1): null

2019-08-24 13:09:31 - [TEST_STEP][PASSED] - symbol = symbol: null

2019-08-24 13:09:31 - [TEST_STEP][PASSED] - println(symbol): null

2019-08-24 13:09:31 - [TEST_STEP][PASSED] - if (i == 2 &amp;&amp; wildList.indexOf(symbol) != -1): null

2019-08-24 13:09:31 - [TEST_STEP][PASSED] - if (i == 3 &amp;&amp; wildList.indexOf(symbol) != -1): null

2019-08-24 13:09:31 - [TEST_STEP][PASSED] - if (i == 4 &amp;&amp; wildList.indexOf(symbol) != -1): null

2019-08-24 13:09:31 - [TEST_STEP][PASSED] - free_spin_reel_counter = free_spin_reel_counter: null

2019-08-24 13:09:31 - [TEST_STEP][PASSED] - println("reel 3 wild found: " + free_spin_reel_counter[0]): null

2019-08-24 13:09:31 - [TEST_STEP][PASSED] - println("reel 4 wild found: " + free_spin_reel_counter[1]): null

2019-08-24 13:09:31 - [TEST_STEP][PASSED] - println("reel 5 wild found: " + free_spin_reel_counter[2]): null

2019-08-24 13:09:31 - [TEST_STEP][PASSED] - M4_spin_reels = M4_spin_reels: null

2019-08-24 13:09:31 - [TEST_STEP][PASSED] - M4_spin_reels_symbols = symbol: null

2019-08-24 13:09:31 - [TEST_STEP][PASSED] - M4_spin_reels_symbols = M4_spin_reels_symbols: null

2019-08-24 13:09:31 - [TEST_STEP][PASSED] - M4_spin_reel_wins = reel_wins: null

2019-08-24 13:09:31 - [TEST_STEP][PASSED] - M4_spin_reel_wins = M4_spin_reel_wins: null

2019-08-24 13:09:31 - [TEST_STEP][PASSED] - println("GlobalVariable.M4_spin_reel_wins is: " + M4_spin_reel_wins): null

2019-08-24 13:09:31 - [TEST_STEP][PASSED] - M4_spin_total_bonus_win_this_round = total_bonus_win_this_round: null

2019-08-24 13:09:31 - [TEST_STEP][PASSED] - M4_spin_total_bonus_win_this_round = M4_spin_total_bonus_win_this_round: null

2019-08-24 13:09:31 - [TEST_STEP][PASSED] - println("GlobalVariable.M4_spin_total_bonus_win_this_round is: " + M4_spin_total_bonus_win_this_round): null

2019-08-24 13:09:31 - [TEST_STEP][PASSED] - M4_spin_bonus_spin_result = spin_result: null

2019-08-24 13:09:31 - [TEST_STEP][PASSED] - M4_spin_bonus_spin_result = M4_spin_bonus_spin_result: null

2019-08-24 13:09:31 - [MESSAGE][PASSED] - Verify response successfully

2019-08-24 13:09:31 - [MESSAGE][PASSED] - Send request and verify the response successfully

2019-08-24 13:09:31 - [TEST_STEP][PASSED] - if (M4_total_bonus_spins_int != 0 &amp;&amp; M4_spin_reels_symbols[2].contains("WILD_Expanding")): null

2019-08-24 13:09:31 - [TEST_STEP][PASSED] - free_spin_reel_counter = free_spin_reel_counter: null

2019-08-24 13:09:31 - [TEST_STEP][PASSED] - M4_spin_reels_symbols = M4_spin_reels_symbols: null

2019-08-24 13:09:31 - [TEST_STEP][PASSED] - M4_total_bonus_spins = M4_total_bonus_spins: null

2019-08-24 13:09:31 - [TEST_STEP][PASSED] - spin_result = sendRequestAndVerify(findTestObject("INT/RGS(M4)/1_M4_spin", ["M4_login_user_id":M4_login_user_id, "rgs_session_token":rgs_session_token, "partner":Partner])): Send request and verify the response successfully

2019-08-24 13:09:32 - [MESSAGE][INFO] - HAR: /Users/eiralee/Katalon_Script/SuperWild/Reports/20190824_125957/INT/superWild_5/20190824_125957/requests/main/171.har

2019-08-24 13:09:32 - [TEST_CASE][PASSED] - Start Test Case : Verification: Verification accomplished successfully

2019-08-24 13:09:32 - [TEST_STEP][PASSED] - request = getInstance().getCurrentRequest(): null

2019-08-24 13:09:32 - [TEST_STEP][PASSED] - response = getInstance().getCurrentResponse(): null

2019-08-24 13:09:32 - [TEST_STEP][PASSED] - verifyResponseStatusCode(response, 200): Verify response status code successfully

2019-08-24 13:09:32 - [MESSAGE][PASSED] - Verify response status code successfully

2019-08-24 13:09:32 - [TEST_STEP][PASSED] - getStatusCode()).isEqualTo(200): null

2019-08-24 13:09:32 - [TEST_STEP][PASSED] - newline = System.getProperty("line.separator"): null

2019-08-24 13:09:32 - [TEST_STEP][PASSED] - M4_spin = new groovy.json.JsonSlurper(): null

2019-08-24 13:09:32 - [TEST_STEP][PASSED] - result_M4_spin = M4_spin.parseText(response.getResponseBodyContent()): null

2019-08-24 13:09:32 - [TEST_STEP][PASSED] - M4_spin_current_balance = current_balance: null

2019-08-24 13:09:32 - [TEST_STEP][PASSED] - M4_spin_current_balance = M4_spin_current_balance: null

2019-08-24 13:09:32 - [TEST_STEP][PASSED] - M4_spin_transaction_id = causality: null

2019-08-24 13:09:32 - [TEST_STEP][PASSED] - M4_spin_transaction_id = M4_spin_transaction_id: null

2019-08-24 13:09:32 - [TEST_STEP][PASSED] - M4_spin_round_id = round_id: null

2019-08-24 13:09:32 - [TEST_STEP][PASSED] - M4_spin_round_id = M4_spin_round_id: null

2019-08-24 13:09:32 - [TEST_STEP][PASSED] - M4_spin_line_wins = line_wins: null

2019-08-24 13:09:32 - [TEST_STEP][PASSED] - M4_spin_line_wins = M4_spin_line_wins: null

2019-08-24 13:09:32 - [TEST_STEP][PASSED] - M4_total_bonus_spins_int = total_bonus_spins: null

2019-08-24 13:09:32 - [TEST_STEP][PASSED] - println("******M4_total_bonus_spins type is:*******" + newline + getClass().getName()): null

2019-08-24 13:09:32 - [TEST_STEP][PASSED] - M4_total_bonus_spins_int = M4_total_bonus_spins_int: null

2019-08-24 13:09:32 - [TEST_STEP][PASSED] - M4_total_bonus_spins = Integer.toString(M4_total_bonus_spins_int): null

2019-08-24 13:09:32 - [TEST_STEP][PASSED] - M4_total_bonus_spins = M4_total_bonus_spins: null

2019-08-24 13:09:32 - [TEST_STEP][PASSED] - println("M4_total_bonus_spins is:" + M4_total_bonus_spins): null

2019-08-24 13:09:32 - [TEST_STEP][PASSED] - M4_spin_bonus_data = bonus_data: null

2019-08-24 13:09:32 - [TEST_STEP][PASSED] - M4_spin_features_triggered = result_M4_spin: null

2019-08-24 13:09:32 - [TEST_STEP][PASSED] - wild = []: null

2019-08-24 13:09:32 - [TEST_STEP][PASSED] - wild[0] = "WILD_Expanding": null

2019-08-24 13:09:32 - [TEST_STEP][PASSED] - wild[1] = "WILD_Normal": null

2019-08-24 13:09:32 - [TEST_STEP][PASSED] - wild[2] = "WILD_Double": null

2019-08-24 13:09:32 - [TEST_STEP][PASSED] - wild[3] = "WILD_ExtraFG": null

2019-08-24 13:09:32 - [TEST_STEP][PASSED] - wild[4] = "WILD_Triple": null

2019-08-24 13:09:32 - [TEST_STEP][PASSED] - wildList = Arrays.asList(wild): null

2019-08-24 13:09:32 - [TEST_STEP][PASSED] - wildList = wildList: null

2019-08-24 13:09:32 - [TEST_STEP][PASSED] - free_spin_reel_counter = []: null

2019-08-24 13:09:32 - [TEST_STEP][PASSED] - free_spin_reel_counter[0] = 0: null

2019-08-24 13:09:32 - [TEST_STEP][PASSED] - free_spin_reel_counter[1] = 0: null

2019-08-24 13:09:32 - [TEST_STEP][PASSED] - free_spin_reel_counter[2] = 0: null

2019-08-24 13:09:32 - [TEST_STEP][PASSED] - M4_spin_reels = reels: null

2019-08-24 13:09:32 - [TEST_STEP][PASSED] - for ([i = 0, i &lt; M4_spin_reels.size(), (i++)]): null

2019-08-24 13:09:32 - [TEST_STEP][PASSED] - symbols = symbols: null

2019-08-24 13:09:32 - [TEST_STEP][PASSED] - for ([j = 0, j &lt; symbols.size(), (j++)]): null

2019-08-24 13:09:32 - [TEST_STEP][PASSED] - symbol = symbol: null

2019-08-24 13:09:32 - [TEST_STEP][PASSED] - println(symbol): null

2019-08-24 13:09:32 - [TEST_STEP][PASSED] - if (i == 2 &amp;&amp; wildList.indexOf(symbol) != -1): null

2019-08-24 13:09:32 - [TEST_STEP][PASSED] - if (i == 3 &amp;&amp; wildList.indexOf(symbol) != -1): null

2019-08-24 13:09:32 - [TEST_STEP][PASSED] - if (i == 4 &amp;&amp; wildList.indexOf(symbol) != -1): null

2019-08-24 13:09:32 - [TEST_STEP][PASSED] - symbol = symbol: null

2019-08-24 13:09:32 - [TEST_STEP][PASSED] - println(symbol): null

2019-08-24 13:09:32 - [TEST_STEP][PASSED] - if (i == 2 &amp;&amp; wildList.indexOf(symbol) != -1): null

2019-08-24 13:09:32 - [TEST_STEP][PASSED] - if (i == 3 &amp;&amp; wildList.indexOf(symbol) != -1): null

2019-08-24 13:09:32 - [TEST_STEP][PASSED] - if (i == 4 &amp;&amp; wildList.indexOf(symbol) != -1): null

2019-08-24 13:09:32 - [TEST_STEP][PASSED] - symbol = symbol: null

2019-08-24 13:09:32 - [TEST_STEP][PASSED] - println(symbol): null

2019-08-24 13:09:32 - [TEST_STEP][PASSED] - if (i == 2 &amp;&amp; wildList.indexOf(symbol) != -1): null

2019-08-24 13:09:32 - [TEST_STEP][PASSED] - if (i == 3 &amp;&amp; wildList.indexOf(symbol) != -1): null

2019-08-24 13:09:32 - [TEST_STEP][PASSED] - if (i == 4 &amp;&amp; wildList.indexOf(symbol) != -1): null

2019-08-24 13:09:32 - [TEST_STEP][PASSED] - symbols = symbols: null

2019-08-24 13:09:32 - [TEST_STEP][PASSED] - for ([j = 0, j &lt; symbols.size(), (j++)]): null

2019-08-24 13:09:32 - [TEST_STEP][PASSED] - symbol = symbol: null

2019-08-24 13:09:32 - [TEST_STEP][PASSED] - println(symbol): null

2019-08-24 13:09:32 - [TEST_STEP][PASSED] - if (i == 2 &amp;&amp; wildList.indexOf(symbol) != -1): null

2019-08-24 13:09:32 - [TEST_STEP][PASSED] - if (i == 3 &amp;&amp; wildList.indexOf(symbol) != -1): null

2019-08-24 13:09:32 - [TEST_STEP][PASSED] - if (i == 4 &amp;&amp; wildList.indexOf(symbol) != -1): null

2019-08-24 13:09:32 - [TEST_STEP][PASSED] - symbol = symbol: null

2019-08-24 13:09:32 - [TEST_STEP][PASSED] - println(symbol): null

2019-08-24 13:09:32 - [TEST_STEP][PASSED] - if (i == 2 &amp;&amp; wildList.indexOf(symbol) != -1): null

2019-08-24 13:09:32 - [TEST_STEP][PASSED] - if (i == 3 &amp;&amp; wildList.indexOf(symbol) != -1): null

2019-08-24 13:09:32 - [TEST_STEP][PASSED] - if (i == 4 &amp;&amp; wildList.indexOf(symbol) != -1): null

2019-08-24 13:09:32 - [TEST_STEP][PASSED] - symbol = symbol: null

2019-08-24 13:09:32 - [TEST_STEP][PASSED] - println(symbol): null

2019-08-24 13:09:32 - [TEST_STEP][PASSED] - if (i == 2 &amp;&amp; wildList.indexOf(symbol) != -1): null

2019-08-24 13:09:32 - [TEST_STEP][PASSED] - if (i == 3 &amp;&amp; wildList.indexOf(symbol) != -1): null

2019-08-24 13:09:32 - [TEST_STEP][PASSED] - if (i == 4 &amp;&amp; wildList.indexOf(symbol) != -1): null

2019-08-24 13:09:32 - [TEST_STEP][PASSED] - symbols = symbols: null

2019-08-24 13:09:32 - [TEST_STEP][PASSED] - for ([j = 0, j &lt; symbols.size(), (j++)]): null

2019-08-24 13:09:32 - [TEST_STEP][PASSED] - symbol = symbol: null

2019-08-24 13:09:32 - [TEST_STEP][PASSED] - println(symbol): null

2019-08-24 13:09:32 - [TEST_STEP][PASSED] - if (i == 2 &amp;&amp; wildList.indexOf(symbol) != -1): null

2019-08-24 13:09:32 - [TEST_STEP][PASSED] - if (i == 3 &amp;&amp; wildList.indexOf(symbol) != -1): null

2019-08-24 13:09:32 - [TEST_STEP][PASSED] - if (i == 4 &amp;&amp; wildList.indexOf(symbol) != -1): null

2019-08-24 13:09:32 - [TEST_STEP][PASSED] - symbol = symbol: null

2019-08-24 13:09:32 - [TEST_STEP][PASSED] - println(symbol): null

2019-08-24 13:09:32 - [TEST_STEP][PASSED] - if (i == 2 &amp;&amp; wildList.indexOf(symbol) != -1): null

2019-08-24 13:09:32 - [TEST_STEP][PASSED] - if (i == 3 &amp;&amp; wildList.indexOf(symbol) != -1): null

2019-08-24 13:09:32 - [TEST_STEP][PASSED] - if (i == 4 &amp;&amp; wildList.indexOf(symbol) != -1): null

2019-08-24 13:09:32 - [TEST_STEP][PASSED] - symbol = symbol: null

2019-08-24 13:09:32 - [TEST_STEP][PASSED] - println(symbol): null

2019-08-24 13:09:32 - [TEST_STEP][PASSED] - if (i == 2 &amp;&amp; wildList.indexOf(symbol) != -1): null

2019-08-24 13:09:32 - [TEST_STEP][PASSED] - if (i == 3 &amp;&amp; wildList.indexOf(symbol) != -1): null

2019-08-24 13:09:32 - [TEST_STEP][PASSED] - if (i == 4 &amp;&amp; wildList.indexOf(symbol) != -1): null

2019-08-24 13:09:32 - [TEST_STEP][PASSED] - symbols = symbols: null

2019-08-24 13:09:32 - [TEST_STEP][PASSED] - for ([j = 0, j &lt; symbols.size(), (j++)]): null

2019-08-24 13:09:32 - [TEST_STEP][PASSED] - symbol = symbol: null

2019-08-24 13:09:32 - [TEST_STEP][PASSED] - println(symbol): null

2019-08-24 13:09:32 - [TEST_STEP][PASSED] - if (i == 2 &amp;&amp; wildList.indexOf(symbol) != -1): null

2019-08-24 13:09:32 - [TEST_STEP][PASSED] - if (i == 3 &amp;&amp; wildList.indexOf(symbol) != -1): null

2019-08-24 13:09:32 - [TEST_STEP][PASSED] - if (i == 4 &amp;&amp; wildList.indexOf(symbol) != -1): null

2019-08-24 13:09:32 - [TEST_STEP][PASSED] - symbol = symbol: null

2019-08-24 13:09:32 - [TEST_STEP][PASSED] - println(symbol): null

2019-08-24 13:09:32 - [TEST_STEP][PASSED] - if (i == 2 &amp;&amp; wildList.indexOf(symbol) != -1): null

2019-08-24 13:09:32 - [TEST_STEP][PASSED] - if (i == 3 &amp;&amp; wildList.indexOf(symbol) != -1): null

2019-08-24 13:09:32 - [TEST_STEP][PASSED] - if (i == 4 &amp;&amp; wildList.indexOf(symbol) != -1): null

2019-08-24 13:09:32 - [TEST_STEP][PASSED] - symbol = symbol: null

2019-08-24 13:09:32 - [TEST_STEP][PASSED] - println(symbol): null

2019-08-24 13:09:32 - [TEST_STEP][PASSED] - if (i == 2 &amp;&amp; wildList.indexOf(symbol) != -1): null

2019-08-24 13:09:32 - [TEST_STEP][PASSED] - if (i == 3 &amp;&amp; wildList.indexOf(symbol) != -1): null

2019-08-24 13:09:32 - [TEST_STEP][PASSED] - if (i == 4 &amp;&amp; wildList.indexOf(symbol) != -1): null

2019-08-24 13:09:32 - [TEST_STEP][PASSED] - symbols = symbols: null

2019-08-24 13:09:32 - [TEST_STEP][PASSED] - for ([j = 0, j &lt; symbols.size(), (j++)]): null

2019-08-24 13:09:32 - [TEST_STEP][PASSED] - symbol = symbol: null

2019-08-24 13:09:32 - [TEST_STEP][PASSED] - println(symbol): null

2019-08-24 13:09:32 - [TEST_STEP][PASSED] - if (i == 2 &amp;&amp; wildList.indexOf(symbol) != -1): null

2019-08-24 13:09:32 - [TEST_STEP][PASSED] - if (i == 3 &amp;&amp; wildList.indexOf(symbol) != -1): null

2019-08-24 13:09:32 - [TEST_STEP][PASSED] - if (i == 4 &amp;&amp; wildList.indexOf(symbol) != -1): null

2019-08-24 13:09:32 - [TEST_STEP][PASSED] - symbol = symbol: null

2019-08-24 13:09:32 - [TEST_STEP][PASSED] - println(symbol): null

2019-08-24 13:09:32 - [TEST_STEP][PASSED] - if (i == 2 &amp;&amp; wildList.indexOf(symbol) != -1): null

2019-08-24 13:09:32 - [TEST_STEP][PASSED] - if (i == 3 &amp;&amp; wildList.indexOf(symbol) != -1): null

2019-08-24 13:09:32 - [TEST_STEP][PASSED] - if (i == 4 &amp;&amp; wildList.indexOf(symbol) != -1): null

2019-08-24 13:09:32 - [TEST_STEP][PASSED] - symbol = symbol: null

2019-08-24 13:09:32 - [TEST_STEP][PASSED] - println(symbol): null

2019-08-24 13:09:32 - [TEST_STEP][PASSED] - if (i == 2 &amp;&amp; wildList.indexOf(symbol) != -1): null

2019-08-24 13:09:32 - [TEST_STEP][PASSED] - if (i == 3 &amp;&amp; wildList.indexOf(symbol) != -1): null

2019-08-24 13:09:32 - [TEST_STEP][PASSED] - if (i == 4 &amp;&amp; wildList.indexOf(symbol) != -1): null

2019-08-24 13:09:32 - [TEST_STEP][PASSED] - free_spin_reel_counter = free_spin_reel_counter: null

2019-08-24 13:09:32 - [TEST_STEP][PASSED] - println("reel 3 wild found: " + free_spin_reel_counter[0]): null

2019-08-24 13:09:32 - [TEST_STEP][PASSED] - println("reel 4 wild found: " + free_spin_reel_counter[1]): null

2019-08-24 13:09:32 - [TEST_STEP][PASSED] - println("reel 5 wild found: " + free_spin_reel_counter[2]): null

2019-08-24 13:09:32 - [TEST_STEP][PASSED] - M4_spin_reels = M4_spin_reels: null

2019-08-24 13:09:32 - [TEST_STEP][PASSED] - M4_spin_reels_symbols = symbol: null

2019-08-24 13:09:32 - [TEST_STEP][PASSED] - M4_spin_reels_symbols = M4_spin_reels_symbols: null

2019-08-24 13:09:32 - [TEST_STEP][PASSED] - M4_spin_reel_wins = reel_wins: null

2019-08-24 13:09:32 - [TEST_STEP][PASSED] - M4_spin_reel_wins = M4_spin_reel_wins: null

2019-08-24 13:09:32 - [TEST_STEP][PASSED] - println("GlobalVariable.M4_spin_reel_wins is: " + M4_spin_reel_wins): null

2019-08-24 13:09:32 - [TEST_STEP][PASSED] - M4_spin_total_bonus_win_this_round = total_bonus_win_this_round: null

2019-08-24 13:09:32 - [TEST_STEP][PASSED] - M4_spin_total_bonus_win_this_round = M4_spin_total_bonus_win_this_round: null

2019-08-24 13:09:32 - [TEST_STEP][PASSED] - println("GlobalVariable.M4_spin_total_bonus_win_this_round is: " + M4_spin_total_bonus_win_this_round): null

2019-08-24 13:09:32 - [TEST_STEP][PASSED] - M4_spin_bonus_spin_result = spin_result: null

2019-08-24 13:09:32 - [TEST_STEP][PASSED] - M4_spin_bonus_spin_result = M4_spin_bonus_spin_result: null

2019-08-24 13:09:32 - [MESSAGE][PASSED] - Verify response successfully

2019-08-24 13:09:32 - [MESSAGE][PASSED] - Send request and verify the response successfully

2019-08-24 13:09:32 - [TEST_STEP][PASSED] - if (M4_total_bonus_spins_int != 0 &amp;&amp; M4_spin_reels_symbols[2].contains("WILD_Expanding")): null

2019-08-24 13:09:32 - [TEST_STEP][PASSED] - free_spin_reel_counter = free_spin_reel_counter: null

2019-08-24 13:09:32 - [TEST_STEP][PASSED] - M4_spin_reels_symbols = M4_spin_reels_symbols: null

2019-08-24 13:09:32 - [TEST_STEP][PASSED] - M4_total_bonus_spins = M4_total_bonus_spins: null

2019-08-24 13:09:32 - [TEST_STEP][PASSED] - spin_result = sendRequestAndVerify(findTestObject("INT/RGS(M4)/1_M4_spin", ["M4_login_user_id":M4_login_user_id, "rgs_session_token":rgs_session_token, "partner":Partner])): Send request and verify the response successfully

2019-08-24 13:09:32 - [MESSAGE][INFO] - HAR: /Users/eiralee/Katalon_Script/SuperWild/Reports/20190824_125957/INT/superWild_5/20190824_125957/requests/main/172.har

2019-08-24 13:09:32 - [TEST_CASE][PASSED] - Start Test Case : Verification: Verification accomplished successfully

2019-08-24 13:09:32 - [TEST_STEP][PASSED] - request = getInstance().getCurrentRequest(): null

2019-08-24 13:09:33 - [TEST_STEP][PASSED] - response = getInstance().getCurrentResponse(): null

2019-08-24 13:09:33 - [TEST_STEP][PASSED] - verifyResponseStatusCode(response, 200): Verify response status code successfully

2019-08-24 13:09:33 - [MESSAGE][PASSED] - Verify response status code successfully

2019-08-24 13:09:33 - [TEST_STEP][PASSED] - getStatusCode()).isEqualTo(200): null

2019-08-24 13:09:33 - [TEST_STEP][PASSED] - newline = System.getProperty("line.separator"): null

2019-08-24 13:09:33 - [TEST_STEP][PASSED] - M4_spin = new groovy.json.JsonSlurper(): null

2019-08-24 13:09:33 - [TEST_STEP][PASSED] - result_M4_spin = M4_spin.parseText(response.getResponseBodyContent()): null

2019-08-24 13:09:33 - [TEST_STEP][PASSED] - M4_spin_current_balance = current_balance: null

2019-08-24 13:09:33 - [TEST_STEP][PASSED] - M4_spin_current_balance = M4_spin_current_balance: null

2019-08-24 13:09:33 - [TEST_STEP][PASSED] - M4_spin_transaction_id = causality: null

2019-08-24 13:09:33 - [TEST_STEP][PASSED] - M4_spin_transaction_id = M4_spin_transaction_id: null

2019-08-24 13:09:33 - [TEST_STEP][PASSED] - M4_spin_round_id = round_id: null

2019-08-24 13:09:33 - [TEST_STEP][PASSED] - M4_spin_round_id = M4_spin_round_id: null

2019-08-24 13:09:33 - [TEST_STEP][PASSED] - M4_spin_line_wins = line_wins: null

2019-08-24 13:09:33 - [TEST_STEP][PASSED] - M4_spin_line_wins = M4_spin_line_wins: null

2019-08-24 13:09:33 - [TEST_STEP][PASSED] - M4_total_bonus_spins_int = total_bonus_spins: null

2019-08-24 13:09:41 - [TEST_STEP][PASSED] - println("******M4_total_bonus_spins type is:*******" + newline + getClass().getName()): null

2019-08-24 13:09:41 - [TEST_STEP][PASSED] - M4_total_bonus_spins_int = M4_total_bonus_spins_int: null

2019-08-24 13:09:41 - [TEST_STEP][PASSED] - M4_total_bonus_spins = Integer.toString(M4_total_bonus_spins_int): null

2019-08-24 13:09:41 - [TEST_STEP][PASSED] - M4_total_bonus_spins = M4_total_bonus_spins: null

2019-08-24 13:09:41 - [TEST_STEP][PASSED] - println("M4_total_bonus_spins is:" + M4_total_bonus_spins): null

2019-08-24 13:09:46 - [TEST_STEP][PASSED] - M4_spin_bonus_data = bonus_data: null

2019-08-24 13:09:46 - [TEST_STEP][PASSED] - M4_spin_features_triggered = result_M4_spin: null

2019-08-24 13:09:46 - [TEST_STEP][PASSED] - wild = []: null

2019-08-24 13:09:46 - [TEST_STEP][PASSED] - wild[0] = "WILD_Expanding": null

2019-08-24 13:09:46 - [TEST_STEP][PASSED] - wild[1] = "WILD_Normal": null

2019-08-24 13:09:46 - [TEST_STEP][PASSED] - wild[2] = "WILD_Double": null

2019-08-24 13:09:46 - [TEST_STEP][PASSED] - wild[3] = "WILD_ExtraFG": null

2019-08-24 13:09:46 - [TEST_STEP][PASSED] - wild[4] = "WILD_Triple": null

2019-08-24 13:09:46 - [TEST_STEP][PASSED] - wildList = Arrays.asList(wild): null

2019-08-24 13:09:46 - [TEST_STEP][PASSED] - wildList = wildList: null

2019-08-24 13:09:46 - [TEST_STEP][PASSED] - free_spin_reel_counter = []: null

2019-08-24 13:09:46 - [TEST_STEP][PASSED] - free_spin_reel_counter[0] = 0: null

2019-08-24 13:09:46 - [TEST_STEP][PASSED] - free_spin_reel_counter[1] = 0: null

2019-08-24 13:09:46 - [TEST_STEP][PASSED] - free_spin_reel_counter[2] = 0: null

2019-08-24 13:09:46 - [TEST_STEP][PASSED] - M4_spin_reels = reels: null

2019-08-24 13:09:46 - [TEST_STEP][PASSED] - for ([i = 0, i &lt; M4_spin_reels.size(), (i++)]): null

2019-08-24 13:09:46 - [TEST_STEP][PASSED] - symbols = symbols: null

2019-08-24 13:09:46 - [TEST_STEP][PASSED] - for ([j = 0, j &lt; symbols.size(), (j++)]): null

2019-08-24 13:09:46 - [TEST_STEP][PASSED] - symbol = symbol: null

2019-08-24 13:09:46 - [TEST_STEP][PASSED] - println(symbol): null

2019-08-24 13:09:46 - [TEST_STEP][PASSED] - if (i == 2 &amp;&amp; wildList.indexOf(symbol) != -1): null

2019-08-24 13:09:46 - [TEST_STEP][PASSED] - if (i == 3 &amp;&amp; wildList.indexOf(symbol) != -1): null

2019-08-24 13:09:46 - [TEST_STEP][PASSED] - if (i == 4 &amp;&amp; wildList.indexOf(symbol) != -1): null

2019-08-24 13:09:46 - [TEST_STEP][PASSED] - symbol = symbol: null

2019-08-24 13:09:46 - [TEST_STEP][PASSED] - println(symbol): null

2019-08-24 13:09:46 - [TEST_STEP][PASSED] - if (i == 2 &amp;&amp; wildList.indexOf(symbol) != -1): null

2019-08-24 13:09:46 - [TEST_STEP][PASSED] - if (i == 3 &amp;&amp; wildList.indexOf(symbol) != -1): null

2019-08-24 13:09:46 - [TEST_STEP][PASSED] - if (i == 4 &amp;&amp; wildList.indexOf(symbol) != -1): null

2019-08-24 13:09:46 - [TEST_STEP][PASSED] - symbol = symbol: null

2019-08-24 13:09:46 - [TEST_STEP][PASSED] - println(symbol): null

2019-08-24 13:09:46 - [TEST_STEP][PASSED] - if (i == 2 &amp;&amp; wildList.indexOf(symbol) != -1): null

2019-08-24 13:09:46 - [TEST_STEP][PASSED] - if (i == 3 &amp;&amp; wildList.indexOf(symbol) != -1): null

2019-08-24 13:09:46 - [TEST_STEP][PASSED] - if (i == 4 &amp;&amp; wildList.indexOf(symbol) != -1): null

2019-08-24 13:09:46 - [TEST_STEP][PASSED] - symbols = symbols: null

2019-08-24 13:09:46 - [TEST_STEP][PASSED] - for ([j = 0, j &lt; symbols.size(), (j++)]): null

2019-08-24 13:09:46 - [TEST_STEP][PASSED] - symbol = symbol: null

2019-08-24 13:09:46 - [TEST_STEP][PASSED] - println(symbol): null

2019-08-24 13:09:46 - [TEST_STEP][PASSED] - if (i == 2 &amp;&amp; wildList.indexOf(symbol) != -1): null

2019-08-24 13:09:46 - [TEST_STEP][PASSED] - if (i == 3 &amp;&amp; wildList.indexOf(symbol) != -1): null

2019-08-24 13:09:46 - [TEST_STEP][PASSED] - if (i == 4 &amp;&amp; wildList.indexOf(symbol) != -1): null

2019-08-24 13:09:46 - [TEST_STEP][PASSED] - symbol = symbol: null

2019-08-24 13:09:46 - [TEST_STEP][PASSED] - println(symbol): null

2019-08-24 13:09:46 - [TEST_STEP][PASSED] - if (i == 2 &amp;&amp; wildList.indexOf(symbol) != -1): null

2019-08-24 13:09:46 - [TEST_STEP][PASSED] - if (i == 3 &amp;&amp; wildList.indexOf(symbol) != -1): null

2019-08-24 13:09:46 - [TEST_STEP][PASSED] - if (i == 4 &amp;&amp; wildList.indexOf(symbol) != -1): null

2019-08-24 13:09:46 - [TEST_STEP][PASSED] - symbol = symbol: null

2019-08-24 13:09:46 - [TEST_STEP][PASSED] - println(symbol): null

2019-08-24 13:09:46 - [TEST_STEP][PASSED] - if (i == 2 &amp;&amp; wildList.indexOf(symbol) != -1): null

2019-08-24 13:09:46 - [TEST_STEP][PASSED] - if (i == 3 &amp;&amp; wildList.indexOf(symbol) != -1): null

2019-08-24 13:09:46 - [TEST_STEP][PASSED] - if (i == 4 &amp;&amp; wildList.indexOf(symbol) != -1): null

2019-08-24 13:09:46 - [TEST_STEP][PASSED] - symbols = symbols: null

2019-08-24 13:09:46 - [TEST_STEP][PASSED] - for ([j = 0, j &lt; symbols.size(), (j++)]): null

2019-08-24 13:09:46 - [TEST_STEP][PASSED] - symbol = symbol: null

2019-08-24 13:09:46 - [TEST_STEP][PASSED] - println(symbol): null

2019-08-24 13:09:46 - [TEST_STEP][PASSED] - if (i == 2 &amp;&amp; wildList.indexOf(symbol) != -1): null

2019-08-24 13:09:46 - [TEST_STEP][PASSED] - if (i == 3 &amp;&amp; wildList.indexOf(symbol) != -1): null

2019-08-24 13:09:46 - [TEST_STEP][PASSED] - if (i == 4 &amp;&amp; wildList.indexOf(symbol) != -1): null

2019-08-24 13:09:46 - [TEST_STEP][PASSED] - symbol = symbol: null

2019-08-24 13:09:46 - [TEST_STEP][PASSED] - println(symbol): null

2019-08-24 13:09:46 - [TEST_STEP][PASSED] - if (i == 2 &amp;&amp; wildList.indexOf(symbol) != -1): null

2019-08-24 13:09:46 - [TEST_STEP][PASSED] - if (i == 3 &amp;&amp; wildList.indexOf(symbol) != -1): null

2019-08-24 13:09:46 - [TEST_STEP][PASSED] - if (i == 4 &amp;&amp; wildList.indexOf(symbol) != -1): null

2019-08-24 13:09:46 - [TEST_STEP][PASSED] - symbol = symbol: null

2019-08-24 13:09:46 - [TEST_STEP][PASSED] - println(symbol): null

2019-08-24 13:09:46 - [TEST_STEP][PASSED] - if (i == 2 &amp;&amp; wildList.indexOf(symbol) != -1): null

2019-08-24 13:09:46 - [TEST_STEP][PASSED] - if (i == 3 &amp;&amp; wildList.indexOf(symbol) != -1): null

2019-08-24 13:09:46 - [TEST_STEP][PASSED] - if (i == 4 &amp;&amp; wildList.indexOf(symbol) != -1): null

2019-08-24 13:09:46 - [TEST_STEP][PASSED] - symbols = symbols: null

2019-08-24 13:09:46 - [TEST_STEP][PASSED] - for ([j = 0, j &lt; symbols.size(), (j++)]): null

2019-08-24 13:09:46 - [TEST_STEP][PASSED] - symbol = symbol: null

2019-08-24 13:09:46 - [TEST_STEP][PASSED] - println(symbol): null

2019-08-24 13:09:46 - [TEST_STEP][PASSED] - if (i == 2 &amp;&amp; wildList.indexOf(symbol) != -1): null

2019-08-24 13:09:46 - [TEST_STEP][PASSED] - if (i == 3 &amp;&amp; wildList.indexOf(symbol) != -1): null

2019-08-24 13:09:46 - [TEST_STEP][PASSED] - if (i == 4 &amp;&amp; wildList.indexOf(symbol) != -1): null

2019-08-24 13:09:46 - [TEST_STEP][PASSED] - symbol = symbol: null

2019-08-24 13:09:46 - [TEST_STEP][PASSED] - println(symbol): null

2019-08-24 13:09:46 - [TEST_STEP][PASSED] - if (i == 2 &amp;&amp; wildList.indexOf(symbol) != -1): null

2019-08-24 13:09:46 - [TEST_STEP][PASSED] - if (i == 3 &amp;&amp; wildList.indexOf(symbol) != -1): null

2019-08-24 13:09:46 - [TEST_STEP][PASSED] - println("wild found on reel 4, adding counter by 1"): null

2019-08-24 13:09:46 - [TEST_STEP][PASSED] - free_spin_reel_counter[1] = free_spin_reel_counter[1] + 1: null

2019-08-24 13:09:46 - [TEST_STEP][PASSED] - if (i == 4 &amp;&amp; wildList.indexOf(symbol) != -1): null

2019-08-24 13:09:46 - [TEST_STEP][PASSED] - symbol = symbol: null

2019-08-24 13:09:46 - [TEST_STEP][PASSED] - println(symbol): null

2019-08-24 13:09:46 - [TEST_STEP][PASSED] - if (i == 2 &amp;&amp; wildList.indexOf(symbol) != -1): null

2019-08-24 13:09:46 - [TEST_STEP][PASSED] - if (i == 3 &amp;&amp; wildList.indexOf(symbol) != -1): null

2019-08-24 13:09:46 - [TEST_STEP][PASSED] - if (i == 4 &amp;&amp; wildList.indexOf(symbol) != -1): null

2019-08-24 13:09:46 - [TEST_STEP][PASSED] - symbols = symbols: null

2019-08-24 13:09:46 - [TEST_STEP][PASSED] - for ([j = 0, j &lt; symbols.size(), (j++)]): null

2019-08-24 13:09:46 - [TEST_STEP][PASSED] - symbol = symbol: null

2019-08-24 13:09:46 - [TEST_STEP][PASSED] - println(symbol): null

2019-08-24 13:09:46 - [TEST_STEP][PASSED] - if (i == 2 &amp;&amp; wildList.indexOf(symbol) != -1): null

2019-08-24 13:09:46 - [TEST_STEP][PASSED] - if (i == 3 &amp;&amp; wildList.indexOf(symbol) != -1): null

2019-08-24 13:09:46 - [TEST_STEP][PASSED] - if (i == 4 &amp;&amp; wildList.indexOf(symbol) != -1): null

2019-08-24 13:09:46 - [TEST_STEP][PASSED] - symbol = symbol: null

2019-08-24 13:09:46 - [TEST_STEP][PASSED] - println(symbol): null

2019-08-24 13:09:46 - [TEST_STEP][PASSED] - if (i == 2 &amp;&amp; wildList.indexOf(symbol) != -1): null

2019-08-24 13:09:46 - [TEST_STEP][PASSED] - if (i == 3 &amp;&amp; wildList.indexOf(symbol) != -1): null

2019-08-24 13:09:46 - [TEST_STEP][PASSED] - if (i == 4 &amp;&amp; wildList.indexOf(symbol) != -1): null

2019-08-24 13:09:46 - [TEST_STEP][PASSED] - symbol = symbol: null

2019-08-24 13:09:46 - [TEST_STEP][PASSED] - println(symbol): null

2019-08-24 13:09:46 - [TEST_STEP][PASSED] - if (i == 2 &amp;&amp; wildList.indexOf(symbol) != -1): null

2019-08-24 13:09:46 - [TEST_STEP][PASSED] - if (i == 3 &amp;&amp; wildList.indexOf(symbol) != -1): null

2019-08-24 13:09:46 - [TEST_STEP][PASSED] - if (i == 4 &amp;&amp; wildList.indexOf(symbol) != -1): null

2019-08-24 13:09:46 - [TEST_STEP][PASSED] - free_spin_reel_counter = free_spin_reel_counter: null

2019-08-24 13:09:46 - [TEST_STEP][PASSED] - println("reel 3 wild found: " + free_spin_reel_counter[0]): null

2019-08-24 13:09:46 - [TEST_STEP][PASSED] - println("reel 4 wild found: " + free_spin_reel_counter[1]): null

2019-08-24 13:09:46 - [TEST_STEP][PASSED] - println("reel 5 wild found: " + free_spin_reel_counter[2]): null

2019-08-24 13:09:46 - [TEST_STEP][PASSED] - M4_spin_reels = M4_spin_reels: null

2019-08-24 13:09:46 - [TEST_STEP][PASSED] - M4_spin_reels_symbols = symbol: null

2019-08-24 13:09:46 - [TEST_STEP][PASSED] - M4_spin_reels_symbols = M4_spin_reels_symbols: null

2019-08-24 13:09:46 - [TEST_STEP][PASSED] - M4_spin_reel_wins = reel_wins: null

2019-08-24 13:09:46 - [TEST_STEP][PASSED] - M4_spin_reel_wins = M4_spin_reel_wins: null

2019-08-24 13:09:46 - [TEST_STEP][PASSED] - println("GlobalVariable.M4_spin_reel_wins is: " + M4_spin_reel_wins): null

2019-08-24 13:09:46 - [TEST_STEP][PASSED] - M4_spin_total_bonus_win_this_round = total_bonus_win_this_round: null

2019-08-24 13:09:46 - [TEST_STEP][PASSED] - M4_spin_total_bonus_win_this_round = M4_spin_total_bonus_win_this_round: null

2019-08-24 13:09:46 - [TEST_STEP][PASSED] - println("GlobalVariable.M4_spin_total_bonus_win_this_round is: " + M4_spin_total_bonus_win_this_round): null

2019-08-24 13:09:46 - [TEST_STEP][PASSED] - M4_spin_bonus_spin_result = spin_result: null

2019-08-24 13:09:46 - [TEST_STEP][PASSED] - M4_spin_bonus_spin_result = M4_spin_bonus_spin_result: null

2019-08-24 13:09:46 - [MESSAGE][PASSED] - Verify response successfully

2019-08-24 13:09:46 - [MESSAGE][PASSED] - Send request and verify the response successfully

2019-08-24 13:09:46 - [TEST_STEP][PASSED] - if (M4_total_bonus_spins_int != 0 &amp;&amp; M4_spin_reels_symbols[2].contains("WILD_Expanding")): null

2019-08-24 13:09:46 - [TEST_STEP][PASSED] - free_spin_reel_counter = free_spin_reel_counter: null

2019-08-24 13:09:46 - [TEST_STEP][PASSED] - M4_spin_reels_symbols = M4_spin_reels_symbols: null

2019-08-24 13:09:46 - [TEST_STEP][PASSED] - M4_total_bonus_spins = M4_total_bonus_spins: null

2019-08-24 13:09:46 - [TEST_STEP][PASSED] - spin_result = sendRequestAndVerify(findTestObject("INT/RGS(M4)/1_M4_spin", ["M4_login_user_id":M4_login_user_id, "rgs_session_token":rgs_session_token, "partner":Partner])): Send request and verify the response successfully

2019-08-24 13:09:48 - [MESSAGE][INFO] - HAR: /Users/eiralee/Katalon_Script/SuperWild/Reports/20190824_125957/INT/superWild_5/20190824_125957/requests/main/173.har

2019-08-24 13:09:48 - [TEST_CASE][PASSED] - Start Test Case : Verification: Verification accomplished successfully

2019-08-24 13:09:48 - [TEST_STEP][PASSED] - request = getInstance().getCurrentRequest(): null

2019-08-24 13:09:48 - [TEST_STEP][PASSED] - response = getInstance().getCurrentResponse(): null

2019-08-24 13:09:48 - [TEST_STEP][PASSED] - verifyResponseStatusCode(response, 200): Verify response status code successfully

2019-08-24 13:09:48 - [MESSAGE][PASSED] - Verify response status code successfully

2019-08-24 13:09:48 - [TEST_STEP][PASSED] - getStatusCode()).isEqualTo(200): null

2019-08-24 13:09:48 - [TEST_STEP][PASSED] - newline = System.getProperty("line.separator"): null

2019-08-24 13:09:48 - [TEST_STEP][PASSED] - M4_spin = new groovy.json.JsonSlurper(): null

2019-08-24 13:09:48 - [TEST_STEP][PASSED] - result_M4_spin = M4_spin.parseText(response.getResponseBodyContent()): null

2019-08-24 13:09:48 - [TEST_STEP][PASSED] - M4_spin_current_balance = current_balance: null

2019-08-24 13:09:48 - [TEST_STEP][PASSED] - M4_spin_current_balance = M4_spin_current_balance: null

2019-08-24 13:09:48 - [TEST_STEP][PASSED] - M4_spin_transaction_id = causality: null

2019-08-24 13:09:48 - [TEST_STEP][PASSED] - M4_spin_transaction_id = M4_spin_transaction_id: null

2019-08-24 13:09:48 - [TEST_STEP][PASSED] - M4_spin_round_id = round_id: null

2019-08-24 13:09:48 - [TEST_STEP][PASSED] - M4_spin_round_id = M4_spin_round_id: null

2019-08-24 13:09:48 - [TEST_STEP][PASSED] - M4_spin_line_wins = line_wins: null

2019-08-24 13:09:48 - [TEST_STEP][PASSED] - M4_spin_line_wins = M4_spin_line_wins: null

2019-08-24 13:09:48 - [TEST_STEP][PASSED] - M4_total_bonus_spins_int = total_bonus_spins: null

2019-08-24 13:09:48 - [TEST_STEP][PASSED] - println("******M4_total_bonus_spins type is:*******" + newline + getClass().getName()): null

2019-08-24 13:09:48 - [TEST_STEP][PASSED] - M4_total_bonus_spins_int = M4_total_bonus_spins_int: null

2019-08-24 13:09:48 - [TEST_STEP][PASSED] - M4_total_bonus_spins = Integer.toString(M4_total_bonus_spins_int): null

2019-08-24 13:09:48 - [TEST_STEP][PASSED] - M4_total_bonus_spins = M4_total_bonus_spins: null

2019-08-24 13:09:48 - [TEST_STEP][PASSED] - println("M4_total_bonus_spins is:" + M4_total_bonus_spins): null

2019-08-24 13:09:48 - [TEST_STEP][PASSED] - M4_spin_bonus_data = bonus_data: null

2019-08-24 13:09:48 - [TEST_STEP][PASSED] - M4_spin_features_triggered = result_M4_spin: null

2019-08-24 13:09:48 - [TEST_STEP][PASSED] - wild = []: null

2019-08-24 13:09:48 - [TEST_STEP][PASSED] - wild[0] = "WILD_Expanding": null

2019-08-24 13:09:48 - [TEST_STEP][PASSED] - wild[1] = "WILD_Normal": null

2019-08-24 13:09:48 - [TEST_STEP][PASSED] - wild[2] = "WILD_Double": null

2019-08-24 13:09:48 - [TEST_STEP][PASSED] - wild[3] = "WILD_ExtraFG": null

2019-08-24 13:09:48 - [TEST_STEP][PASSED] - wild[4] = "WILD_Triple": null

2019-08-24 13:09:48 - [TEST_STEP][PASSED] - wildList = Arrays.asList(wild): null

2019-08-24 13:09:48 - [TEST_STEP][PASSED] - wildList = wildList: null

2019-08-24 13:09:48 - [TEST_STEP][PASSED] - free_spin_reel_counter = []: null

2019-08-24 13:09:48 - [TEST_STEP][PASSED] - free_spin_reel_counter[0] = 0: null

2019-08-24 13:09:48 - [TEST_STEP][PASSED] - free_spin_reel_counter[1] = 0: null

2019-08-24 13:09:48 - [TEST_STEP][PASSED] - free_spin_reel_counter[2] = 0: null

2019-08-24 13:09:48 - [TEST_STEP][PASSED] - M4_spin_reels = reels: null

2019-08-24 13:09:48 - [TEST_STEP][PASSED] - for ([i = 0, i &lt; M4_spin_reels.size(), (i++)]): null

2019-08-24 13:09:48 - [TEST_STEP][PASSED] - symbols = symbols: null

2019-08-24 13:09:48 - [TEST_STEP][PASSED] - for ([j = 0, j &lt; symbols.size(), (j++)]): null

2019-08-24 13:09:48 - [TEST_STEP][PASSED] - symbol = symbol: null

2019-08-24 13:09:48 - [TEST_STEP][PASSED] - println(symbol): null

2019-08-24 13:09:48 - [TEST_STEP][PASSED] - if (i == 2 &amp;&amp; wildList.indexOf(symbol) != -1): null

2019-08-24 13:09:48 - [TEST_STEP][PASSED] - if (i == 3 &amp;&amp; wildList.indexOf(symbol) != -1): null

2019-08-24 13:09:48 - [TEST_STEP][PASSED] - if (i == 4 &amp;&amp; wildList.indexOf(symbol) != -1): null

2019-08-24 13:09:48 - [TEST_STEP][PASSED] - symbol = symbol: null

2019-08-24 13:09:48 - [TEST_STEP][PASSED] - println(symbol): null

2019-08-24 13:09:48 - [TEST_STEP][PASSED] - if (i == 2 &amp;&amp; wildList.indexOf(symbol) != -1): null

2019-08-24 13:09:48 - [TEST_STEP][PASSED] - if (i == 3 &amp;&amp; wildList.indexOf(symbol) != -1): null

2019-08-24 13:09:48 - [TEST_STEP][PASSED] - if (i == 4 &amp;&amp; wildList.indexOf(symbol) != -1): null

2019-08-24 13:09:48 - [TEST_STEP][PASSED] - symbol = symbol: null

2019-08-24 13:09:48 - [TEST_STEP][PASSED] - println(symbol): null

2019-08-24 13:09:48 - [TEST_STEP][PASSED] - if (i == 2 &amp;&amp; wildList.indexOf(symbol) != -1): null

2019-08-24 13:09:48 - [TEST_STEP][PASSED] - if (i == 3 &amp;&amp; wildList.indexOf(symbol) != -1): null

2019-08-24 13:09:48 - [TEST_STEP][PASSED] - if (i == 4 &amp;&amp; wildList.indexOf(symbol) != -1): null

2019-08-24 13:09:48 - [TEST_STEP][PASSED] - symbols = symbols: null

2019-08-24 13:09:48 - [TEST_STEP][PASSED] - for ([j = 0, j &lt; symbols.size(), (j++)]): null

2019-08-24 13:09:48 - [TEST_STEP][PASSED] - symbol = symbol: null

2019-08-24 13:09:48 - [TEST_STEP][PASSED] - println(symbol): null

2019-08-24 13:09:48 - [TEST_STEP][PASSED] - if (i == 2 &amp;&amp; wildList.indexOf(symbol) != -1): null

2019-08-24 13:09:48 - [TEST_STEP][PASSED] - if (i == 3 &amp;&amp; wildList.indexOf(symbol) != -1): null

2019-08-24 13:09:48 - [TEST_STEP][PASSED] - if (i == 4 &amp;&amp; wildList.indexOf(symbol) != -1): null

2019-08-24 13:09:48 - [TEST_STEP][PASSED] - symbol = symbol: null

2019-08-24 13:09:48 - [TEST_STEP][PASSED] - println(symbol): null

2019-08-24 13:09:48 - [TEST_STEP][PASSED] - if (i == 2 &amp;&amp; wildList.indexOf(symbol) != -1): null

2019-08-24 13:09:48 - [TEST_STEP][PASSED] - if (i == 3 &amp;&amp; wildList.indexOf(symbol) != -1): null

2019-08-24 13:09:48 - [TEST_STEP][PASSED] - if (i == 4 &amp;&amp; wildList.indexOf(symbol) != -1): null

2019-08-24 13:09:48 - [TEST_STEP][PASSED] - symbol = symbol: null

2019-08-24 13:09:48 - [TEST_STEP][PASSED] - println(symbol): null

2019-08-24 13:09:48 - [TEST_STEP][PASSED] - if (i == 2 &amp;&amp; wildList.indexOf(symbol) != -1): null

2019-08-24 13:09:48 - [TEST_STEP][PASSED] - if (i == 3 &amp;&amp; wildList.indexOf(symbol) != -1): null

2019-08-24 13:09:48 - [TEST_STEP][PASSED] - if (i == 4 &amp;&amp; wildList.indexOf(symbol) != -1): null

2019-08-24 13:09:48 - [TEST_STEP][PASSED] - symbols = symbols: null

2019-08-24 13:09:48 - [TEST_STEP][PASSED] - for ([j = 0, j &lt; symbols.size(), (j++)]): null

2019-08-24 13:09:48 - [TEST_STEP][PASSED] - symbol = symbol: null

2019-08-24 13:09:48 - [TEST_STEP][PASSED] - println(symbol): null

2019-08-24 13:09:48 - [TEST_STEP][PASSED] - if (i == 2 &amp;&amp; wildList.indexOf(symbol) != -1): null

2019-08-24 13:09:48 - [TEST_STEP][PASSED] - if (i == 3 &amp;&amp; wildList.indexOf(symbol) != -1): null

2019-08-24 13:09:48 - [TEST_STEP][PASSED] - if (i == 4 &amp;&amp; wildList.indexOf(symbol) != -1): null

2019-08-24 13:09:48 - [TEST_STEP][PASSED] - symbol = symbol: null

2019-08-24 13:09:48 - [TEST_STEP][PASSED] - println(symbol): null

2019-08-24 13:09:48 - [TEST_STEP][PASSED] - if (i == 2 &amp;&amp; wildList.indexOf(symbol) != -1): null

2019-08-24 13:09:48 - [TEST_STEP][PASSED] - if (i == 3 &amp;&amp; wildList.indexOf(symbol) != -1): null

2019-08-24 13:09:48 - [TEST_STEP][PASSED] - if (i == 4 &amp;&amp; wildList.indexOf(symbol) != -1): null

2019-08-24 13:09:48 - [TEST_STEP][PASSED] - symbol = symbol: null

2019-08-24 13:09:48 - [TEST_STEP][PASSED] - println(symbol): null

2019-08-24 13:09:48 - [TEST_STEP][PASSED] - if (i == 2 &amp;&amp; wildList.indexOf(symbol) != -1): null

2019-08-24 13:09:48 - [TEST_STEP][PASSED] - if (i == 3 &amp;&amp; wildList.indexOf(symbol) != -1): null

2019-08-24 13:09:48 - [TEST_STEP][PASSED] - if (i == 4 &amp;&amp; wildList.indexOf(symbol) != -1): null

2019-08-24 13:09:48 - [TEST_STEP][PASSED] - symbols = symbols: null

2019-08-24 13:09:48 - [TEST_STEP][PASSED] - for ([j = 0, j &lt; symbols.size(), (j++)]): null

2019-08-24 13:09:48 - [TEST_STEP][PASSED] - symbol = symbol: null

2019-08-24 13:09:48 - [TEST_STEP][PASSED] - println(symbol): null

2019-08-24 13:09:48 - [TEST_STEP][PASSED] - if (i == 2 &amp;&amp; wildList.indexOf(symbol) != -1): null

2019-08-24 13:09:48 - [TEST_STEP][PASSED] - if (i == 3 &amp;&amp; wildList.indexOf(symbol) != -1): null

2019-08-24 13:09:48 - [TEST_STEP][PASSED] - if (i == 4 &amp;&amp; wildList.indexOf(symbol) != -1): null

2019-08-24 13:09:48 - [TEST_STEP][PASSED] - symbol = symbol: null

2019-08-24 13:09:48 - [TEST_STEP][PASSED] - println(symbol): null

2019-08-24 13:09:48 - [TEST_STEP][PASSED] - if (i == 2 &amp;&amp; wildList.indexOf(symbol) != -1): null

2019-08-24 13:09:48 - [TEST_STEP][PASSED] - if (i == 3 &amp;&amp; wildList.indexOf(symbol) != -1): null

2019-08-24 13:09:48 - [TEST_STEP][PASSED] - if (i == 4 &amp;&amp; wildList.indexOf(symbol) != -1): null

2019-08-24 13:09:48 - [TEST_STEP][PASSED] - symbol = symbol: null

2019-08-24 13:09:48 - [TEST_STEP][PASSED] - println(symbol): null

2019-08-24 13:09:48 - [TEST_STEP][PASSED] - if (i == 2 &amp;&amp; wildList.indexOf(symbol) != -1): null

2019-08-24 13:09:48 - [TEST_STEP][PASSED] - if (i == 3 &amp;&amp; wildList.indexOf(symbol) != -1): null

2019-08-24 13:09:48 - [TEST_STEP][PASSED] - if (i == 4 &amp;&amp; wildList.indexOf(symbol) != -1): null

2019-08-24 13:09:48 - [TEST_STEP][PASSED] - symbols = symbols: null

2019-08-24 13:09:48 - [TEST_STEP][PASSED] - for ([j = 0, j &lt; symbols.size(), (j++)]): null

2019-08-24 13:09:48 - [TEST_STEP][PASSED] - symbol = symbol: null

2019-08-24 13:09:48 - [TEST_STEP][PASSED] - println(symbol): null

2019-08-24 13:09:48 - [TEST_STEP][PASSED] - if (i == 2 &amp;&amp; wildList.indexOf(symbol) != -1): null

2019-08-24 13:09:48 - [TEST_STEP][PASSED] - if (i == 3 &amp;&amp; wildList.indexOf(symbol) != -1): null

2019-08-24 13:09:48 - [TEST_STEP][PASSED] - if (i == 4 &amp;&amp; wildList.indexOf(symbol) != -1): null

2019-08-24 13:09:48 - [TEST_STEP][PASSED] - symbol = symbol: null

2019-08-24 13:09:48 - [TEST_STEP][PASSED] - println(symbol): null

2019-08-24 13:09:48 - [TEST_STEP][PASSED] - if (i == 2 &amp;&amp; wildList.indexOf(symbol) != -1): null

2019-08-24 13:09:48 - [TEST_STEP][PASSED] - if (i == 3 &amp;&amp; wildList.indexOf(symbol) != -1): null

2019-08-24 13:09:48 - [TEST_STEP][PASSED] - if (i == 4 &amp;&amp; wildList.indexOf(symbol) != -1): null

2019-08-24 13:09:48 - [TEST_STEP][PASSED] - symbol = symbol: null

2019-08-24 13:09:48 - [TEST_STEP][PASSED] - println(symbol): null

2019-08-24 13:09:48 - [TEST_STEP][PASSED] - if (i == 2 &amp;&amp; wildList.indexOf(symbol) != -1): null

2019-08-24 13:09:48 - [TEST_STEP][PASSED] - if (i == 3 &amp;&amp; wildList.indexOf(symbol) != -1): null

2019-08-24 13:09:48 - [TEST_STEP][PASSED] - if (i == 4 &amp;&amp; wildList.indexOf(symbol) != -1): null

2019-08-24 13:09:48 - [TEST_STEP][PASSED] - free_spin_reel_counter = free_spin_reel_counter: null

2019-08-24 13:09:48 - [TEST_STEP][PASSED] - println("reel 3 wild found: " + free_spin_reel_counter[0]): null

2019-08-24 13:09:48 - [TEST_STEP][PASSED] - println("reel 4 wild found: " + free_spin_reel_counter[1]): null

2019-08-24 13:09:48 - [TEST_STEP][PASSED] - println("reel 5 wild found: " + free_spin_reel_counter[2]): null

2019-08-24 13:09:48 - [TEST_STEP][PASSED] - M4_spin_reels = M4_spin_reels: null

2019-08-24 13:09:48 - [TEST_STEP][PASSED] - M4_spin_reels_symbols = symbol: null

2019-08-24 13:09:48 - [TEST_STEP][PASSED] - M4_spin_reels_symbols = M4_spin_reels_symbols: null

2019-08-24 13:09:48 - [TEST_STEP][PASSED] - M4_spin_reel_wins = reel_wins: null

2019-08-24 13:09:48 - [TEST_STEP][PASSED] - M4_spin_reel_wins = M4_spin_reel_wins: null

2019-08-24 13:09:48 - [TEST_STEP][PASSED] - println("GlobalVariable.M4_spin_reel_wins is: " + M4_spin_reel_wins): null

2019-08-24 13:09:48 - [TEST_STEP][PASSED] - M4_spin_total_bonus_win_this_round = total_bonus_win_this_round: null

2019-08-24 13:09:48 - [TEST_STEP][PASSED] - M4_spin_total_bonus_win_this_round = M4_spin_total_bonus_win_this_round: null

2019-08-24 13:09:48 - [TEST_STEP][PASSED] - println("GlobalVariable.M4_spin_total_bonus_win_this_round is: " + M4_spin_total_bonus_win_this_round): null

2019-08-24 13:09:48 - [TEST_STEP][PASSED] - M4_spin_bonus_spin_result = spin_result: null

2019-08-24 13:09:48 - [TEST_STEP][PASSED] - M4_spin_bonus_spin_result = M4_spin_bonus_spin_result: null

2019-08-24 13:09:48 - [MESSAGE][PASSED] - Verify response successfully

2019-08-24 13:09:48 - [MESSAGE][PASSED] - Send request and verify the response successfully

2019-08-24 13:09:48 - [TEST_STEP][PASSED] - if (M4_total_bonus_spins_int != 0 &amp;&amp; M4_spin_reels_symbols[2].contains("WILD_Expanding")): null

2019-08-24 13:09:48 - [TEST_STEP][PASSED] - free_spin_reel_counter = free_spin_reel_counter: null

2019-08-24 13:09:48 - [TEST_STEP][PASSED] - M4_spin_reels_symbols = M4_spin_reels_symbols: null

2019-08-24 13:09:48 - [TEST_STEP][PASSED] - M4_total_bonus_spins = M4_total_bonus_spins: null

2019-08-24 13:09:48 - [TEST_STEP][PASSED] - spin_result = sendRequestAndVerify(findTestObject("INT/RGS(M4)/1_M4_spin", ["M4_login_user_id":M4_login_user_id, "rgs_session_token":rgs_session_token, "partner":Partner])): Send request and verify the response successfully

2019-08-24 13:09:49 - [MESSAGE][INFO] - HAR: /Users/eiralee/Katalon_Script/SuperWild/Reports/20190824_125957/INT/superWild_5/20190824_125957/requests/main/174.har

2019-08-24 13:09:49 - [TEST_CASE][PASSED] - Start Test Case : Verification: Verification accomplished successfully

2019-08-24 13:09:49 - [TEST_STEP][PASSED] - request = getInstance().getCurrentRequest(): null

2019-08-24 13:09:49 - [TEST_STEP][PASSED] - response = getInstance().getCurrentResponse(): null

2019-08-24 13:09:49 - [TEST_STEP][PASSED] - verifyResponseStatusCode(response, 200): Verify response status code successfully

2019-08-24 13:09:49 - [MESSAGE][PASSED] - Verify response status code successfully

2019-08-24 13:09:49 - [TEST_STEP][PASSED] - getStatusCode()).isEqualTo(200): null

2019-08-24 13:09:49 - [TEST_STEP][PASSED] - newline = System.getProperty("line.separator"): null

2019-08-24 13:09:49 - [TEST_STEP][PASSED] - M4_spin = new groovy.json.JsonSlurper(): null

2019-08-24 13:09:49 - [TEST_STEP][PASSED] - result_M4_spin = M4_spin.parseText(response.getResponseBodyContent()): null

2019-08-24 13:09:49 - [TEST_STEP][PASSED] - M4_spin_current_balance = current_balance: null

2019-08-24 13:09:49 - [TEST_STEP][PASSED] - M4_spin_current_balance = M4_spin_current_balance: null

2019-08-24 13:09:49 - [TEST_STEP][PASSED] - M4_spin_transaction_id = causality: null

2019-08-24 13:09:49 - [TEST_STEP][PASSED] - M4_spin_transaction_id = M4_spin_transaction_id: null

2019-08-24 13:09:49 - [TEST_STEP][PASSED] - M4_spin_round_id = round_id: null

2019-08-24 13:09:49 - [TEST_STEP][PASSED] - M4_spin_round_id = M4_spin_round_id: null

2019-08-24 13:09:49 - [TEST_STEP][PASSED] - M4_spin_line_wins = line_wins: null

2019-08-24 13:09:49 - [TEST_STEP][PASSED] - M4_spin_line_wins = M4_spin_line_wins: null

2019-08-24 13:09:49 - [TEST_STEP][PASSED] - M4_total_bonus_spins_int = total_bonus_spins: null

2019-08-24 13:09:49 - [TEST_STEP][PASSED] - println("******M4_total_bonus_spins type is:*******" + newline + getClass().getName()): null

2019-08-24 13:09:49 - [TEST_STEP][PASSED] - M4_total_bonus_spins_int = M4_total_bonus_spins_int: null

2019-08-24 13:09:49 - [TEST_STEP][PASSED] - M4_total_bonus_spins = Integer.toString(M4_total_bonus_spins_int): null

2019-08-24 13:09:49 - [TEST_STEP][PASSED] - M4_total_bonus_spins = M4_total_bonus_spins: null

2019-08-24 13:09:49 - [TEST_STEP][PASSED] - println("M4_total_bonus_spins is:" + M4_total_bonus_spins): null

2019-08-24 13:09:49 - [TEST_STEP][PASSED] - M4_spin_bonus_data = bonus_data: null

2019-08-24 13:09:49 - [TEST_STEP][PASSED] - M4_spin_features_triggered = result_M4_spin: null

2019-08-24 13:09:49 - [TEST_STEP][PASSED] - wild = []: null

2019-08-24 13:09:49 - [TEST_STEP][PASSED] - wild[0] = "WILD_Expanding": null

2019-08-24 13:09:49 - [TEST_STEP][PASSED] - wild[1] = "WILD_Normal": null

2019-08-24 13:09:49 - [TEST_STEP][PASSED] - wild[2] = "WILD_Double": null

2019-08-24 13:09:49 - [TEST_STEP][PASSED] - wild[3] = "WILD_ExtraFG": null

2019-08-24 13:09:49 - [TEST_STEP][PASSED] - wild[4] = "WILD_Triple": null

2019-08-24 13:09:49 - [TEST_STEP][PASSED] - wildList = Arrays.asList(wild): null

2019-08-24 13:09:49 - [TEST_STEP][PASSED] - wildList = wildList: null

2019-08-24 13:09:49 - [TEST_STEP][PASSED] - free_spin_reel_counter = []: null

2019-08-24 13:09:49 - [TEST_STEP][PASSED] - free_spin_reel_counter[0] = 0: null

2019-08-24 13:09:49 - [TEST_STEP][PASSED] - free_spin_reel_counter[1] = 0: null

2019-08-24 13:09:49 - [TEST_STEP][PASSED] - free_spin_reel_counter[2] = 0: null

2019-08-24 13:09:49 - [TEST_STEP][PASSED] - M4_spin_reels = reels: null

2019-08-24 13:09:49 - [TEST_STEP][PASSED] - for ([i = 0, i &lt; M4_spin_reels.size(), (i++)]): null

2019-08-24 13:09:49 - [TEST_STEP][PASSED] - symbols = symbols: null

2019-08-24 13:09:49 - [TEST_STEP][PASSED] - for ([j = 0, j &lt; symbols.size(), (j++)]): null

2019-08-24 13:09:49 - [TEST_STEP][PASSED] - symbol = symbol: null

2019-08-24 13:09:49 - [TEST_STEP][PASSED] - println(symbol): null

2019-08-24 13:09:49 - [TEST_STEP][PASSED] - if (i == 2 &amp;&amp; wildList.indexOf(symbol) != -1): null

2019-08-24 13:09:49 - [TEST_STEP][PASSED] - if (i == 3 &amp;&amp; wildList.indexOf(symbol) != -1): null

2019-08-24 13:09:49 - [TEST_STEP][PASSED] - if (i == 4 &amp;&amp; wildList.indexOf(symbol) != -1): null

2019-08-24 13:09:49 - [TEST_STEP][PASSED] - symbol = symbol: null

2019-08-24 13:09:49 - [TEST_STEP][PASSED] - println(symbol): null

2019-08-24 13:09:49 - [TEST_STEP][PASSED] - if (i == 2 &amp;&amp; wildList.indexOf(symbol) != -1): null

2019-08-24 13:09:49 - [TEST_STEP][PASSED] - if (i == 3 &amp;&amp; wildList.indexOf(symbol) != -1): null

2019-08-24 13:09:49 - [TEST_STEP][PASSED] - if (i == 4 &amp;&amp; wildList.indexOf(symbol) != -1): null

2019-08-24 13:09:49 - [TEST_STEP][PASSED] - symbol = symbol: null

2019-08-24 13:09:49 - [TEST_STEP][PASSED] - println(symbol): null

2019-08-24 13:09:49 - [TEST_STEP][PASSED] - if (i == 2 &amp;&amp; wildList.indexOf(symbol) != -1): null

2019-08-24 13:09:49 - [TEST_STEP][PASSED] - if (i == 3 &amp;&amp; wildList.indexOf(symbol) != -1): null

2019-08-24 13:09:49 - [TEST_STEP][PASSED] - if (i == 4 &amp;&amp; wildList.indexOf(symbol) != -1): null

2019-08-24 13:09:49 - [TEST_STEP][PASSED] - symbols = symbols: null

2019-08-24 13:09:49 - [TEST_STEP][PASSED] - for ([j = 0, j &lt; symbols.size(), (j++)]): null

2019-08-24 13:09:49 - [TEST_STEP][PASSED] - symbol = symbol: null

2019-08-24 13:09:49 - [TEST_STEP][PASSED] - println(symbol): null

2019-08-24 13:09:49 - [TEST_STEP][PASSED] - if (i == 2 &amp;&amp; wildList.indexOf(symbol) != -1): null

2019-08-24 13:09:49 - [TEST_STEP][PASSED] - if (i == 3 &amp;&amp; wildList.indexOf(symbol) != -1): null

2019-08-24 13:09:49 - [TEST_STEP][PASSED] - if (i == 4 &amp;&amp; wildList.indexOf(symbol) != -1): null

2019-08-24 13:09:49 - [TEST_STEP][PASSED] - symbol = symbol: null

2019-08-24 13:09:49 - [TEST_STEP][PASSED] - println(symbol): null

2019-08-24 13:09:49 - [TEST_STEP][PASSED] - if (i == 2 &amp;&amp; wildList.indexOf(symbol) != -1): null

2019-08-24 13:09:49 - [TEST_STEP][PASSED] - if (i == 3 &amp;&amp; wildList.indexOf(symbol) != -1): null

2019-08-24 13:09:49 - [TEST_STEP][PASSED] - if (i == 4 &amp;&amp; wildList.indexOf(symbol) != -1): null

2019-08-24 13:09:49 - [TEST_STEP][PASSED] - symbol = symbol: null

2019-08-24 13:09:49 - [TEST_STEP][PASSED] - println(symbol): null

2019-08-24 13:09:49 - [TEST_STEP][PASSED] - if (i == 2 &amp;&amp; wildList.indexOf(symbol) != -1): null

2019-08-24 13:09:49 - [TEST_STEP][PASSED] - if (i == 3 &amp;&amp; wildList.indexOf(symbol) != -1): null

2019-08-24 13:09:49 - [TEST_STEP][PASSED] - if (i == 4 &amp;&amp; wildList.indexOf(symbol) != -1): null

2019-08-24 13:09:49 - [TEST_STEP][PASSED] - symbols = symbols: null

2019-08-24 13:09:49 - [TEST_STEP][PASSED] - for ([j = 0, j &lt; symbols.size(), (j++)]): null

2019-08-24 13:09:49 - [TEST_STEP][PASSED] - symbol = symbol: null

2019-08-24 13:09:49 - [TEST_STEP][PASSED] - println(symbol): null

2019-08-24 13:09:49 - [TEST_STEP][PASSED] - if (i == 2 &amp;&amp; wildList.indexOf(symbol) != -1): null

2019-08-24 13:09:49 - [TEST_STEP][PASSED] - if (i == 3 &amp;&amp; wildList.indexOf(symbol) != -1): null

2019-08-24 13:09:49 - [TEST_STEP][PASSED] - if (i == 4 &amp;&amp; wildList.indexOf(symbol) != -1): null

2019-08-24 13:09:49 - [TEST_STEP][PASSED] - symbol = symbol: null

2019-08-24 13:09:49 - [TEST_STEP][PASSED] - println(symbol): null

2019-08-24 13:09:49 - [TEST_STEP][PASSED] - if (i == 2 &amp;&amp; wildList.indexOf(symbol) != -1): null

2019-08-24 13:09:49 - [TEST_STEP][PASSED] - if (i == 3 &amp;&amp; wildList.indexOf(symbol) != -1): null

2019-08-24 13:09:49 - [TEST_STEP][PASSED] - if (i == 4 &amp;&amp; wildList.indexOf(symbol) != -1): null

2019-08-24 13:09:49 - [TEST_STEP][PASSED] - symbol = symbol: null

2019-08-24 13:09:49 - [TEST_STEP][PASSED] - println(symbol): null

2019-08-24 13:09:49 - [TEST_STEP][PASSED] - if (i == 2 &amp;&amp; wildList.indexOf(symbol) != -1): null

2019-08-24 13:09:49 - [TEST_STEP][PASSED] - if (i == 3 &amp;&amp; wildList.indexOf(symbol) != -1): null

2019-08-24 13:09:49 - [TEST_STEP][PASSED] - if (i == 4 &amp;&amp; wildList.indexOf(symbol) != -1): null

2019-08-24 13:09:49 - [TEST_STEP][PASSED] - symbols = symbols: null

2019-08-24 13:09:49 - [TEST_STEP][PASSED] - for ([j = 0, j &lt; symbols.size(), (j++)]): null

2019-08-24 13:09:49 - [TEST_STEP][PASSED] - symbol = symbol: null

2019-08-24 13:09:49 - [TEST_STEP][PASSED] - println(symbol): null

2019-08-24 13:09:49 - [TEST_STEP][PASSED] - if (i == 2 &amp;&amp; wildList.indexOf(symbol) != -1): null

2019-08-24 13:09:49 - [TEST_STEP][PASSED] - if (i == 3 &amp;&amp; wildList.indexOf(symbol) != -1): null

2019-08-24 13:09:49 - [TEST_STEP][PASSED] - if (i == 4 &amp;&amp; wildList.indexOf(symbol) != -1): null

2019-08-24 13:09:49 - [TEST_STEP][PASSED] - symbol = symbol: null

2019-08-24 13:09:49 - [TEST_STEP][PASSED] - println(symbol): null

2019-08-24 13:09:49 - [TEST_STEP][PASSED] - if (i == 2 &amp;&amp; wildList.indexOf(symbol) != -1): null

2019-08-24 13:09:49 - [TEST_STEP][PASSED] - if (i == 3 &amp;&amp; wildList.indexOf(symbol) != -1): null

2019-08-24 13:09:49 - [TEST_STEP][PASSED] - if (i == 4 &amp;&amp; wildList.indexOf(symbol) != -1): null

2019-08-24 13:09:49 - [TEST_STEP][PASSED] - symbol = symbol: null

2019-08-24 13:09:49 - [TEST_STEP][PASSED] - println(symbol): null

2019-08-24 13:09:49 - [TEST_STEP][PASSED] - if (i == 2 &amp;&amp; wildList.indexOf(symbol) != -1): null

2019-08-24 13:09:49 - [TEST_STEP][PASSED] - if (i == 3 &amp;&amp; wildList.indexOf(symbol) != -1): null

2019-08-24 13:09:49 - [TEST_STEP][PASSED] - if (i == 4 &amp;&amp; wildList.indexOf(symbol) != -1): null

2019-08-24 13:09:49 - [TEST_STEP][PASSED] - symbols = symbols: null

2019-08-24 13:09:49 - [TEST_STEP][PASSED] - for ([j = 0, j &lt; symbols.size(), (j++)]): null

2019-08-24 13:09:49 - [TEST_STEP][PASSED] - symbol = symbol: null

2019-08-24 13:09:49 - [TEST_STEP][PASSED] - println(symbol): null

2019-08-24 13:09:49 - [TEST_STEP][PASSED] - if (i == 2 &amp;&amp; wildList.indexOf(symbol) != -1): null

2019-08-24 13:09:49 - [TEST_STEP][PASSED] - if (i == 3 &amp;&amp; wildList.indexOf(symbol) != -1): null

2019-08-24 13:09:49 - [TEST_STEP][PASSED] - if (i == 4 &amp;&amp; wildList.indexOf(symbol) != -1): null

2019-08-24 13:09:49 - [TEST_STEP][PASSED] - symbol = symbol: null

2019-08-24 13:09:49 - [TEST_STEP][PASSED] - println(symbol): null

2019-08-24 13:09:49 - [TEST_STEP][PASSED] - if (i == 2 &amp;&amp; wildList.indexOf(symbol) != -1): null

2019-08-24 13:09:49 - [TEST_STEP][PASSED] - if (i == 3 &amp;&amp; wildList.indexOf(symbol) != -1): null

2019-08-24 13:09:49 - [TEST_STEP][PASSED] - if (i == 4 &amp;&amp; wildList.indexOf(symbol) != -1): null

2019-08-24 13:09:49 - [TEST_STEP][PASSED] - println("wild found on reel 5, adding counter by 1"): null

2019-08-24 13:09:49 - [TEST_STEP][PASSED] - free_spin_reel_counter[2] = free_spin_reel_counter[2] + 1: null

2019-08-24 13:09:49 - [TEST_STEP][PASSED] - symbol = symbol: null

2019-08-24 13:09:49 - [TEST_STEP][PASSED] - println(symbol): null

2019-08-24 13:09:49 - [TEST_STEP][PASSED] - if (i == 2 &amp;&amp; wildList.indexOf(symbol) != -1): null

2019-08-24 13:09:49 - [TEST_STEP][PASSED] - if (i == 3 &amp;&amp; wildList.indexOf(symbol) != -1): null

2019-08-24 13:09:49 - [TEST_STEP][PASSED] - if (i == 4 &amp;&amp; wildList.indexOf(symbol) != -1): null

2019-08-24 13:09:49 - [TEST_STEP][PASSED] - free_spin_reel_counter = free_spin_reel_counter: null

2019-08-24 13:09:49 - [TEST_STEP][PASSED] - println("reel 3 wild found: " + free_spin_reel_counter[0]): null

2019-08-24 13:09:49 - [TEST_STEP][PASSED] - println("reel 4 wild found: " + free_spin_reel_counter[1]): null

2019-08-24 13:09:49 - [TEST_STEP][PASSED] - println("reel 5 wild found: " + free_spin_reel_counter[2]): null

2019-08-24 13:09:49 - [TEST_STEP][PASSED] - M4_spin_reels = M4_spin_reels: null

2019-08-24 13:09:49 - [TEST_STEP][PASSED] - M4_spin_reels_symbols = symbol: null

2019-08-24 13:09:49 - [TEST_STEP][PASSED] - M4_spin_reels_symbols = M4_spin_reels_symbols: null

2019-08-24 13:09:49 - [TEST_STEP][PASSED] - M4_spin_reel_wins = reel_wins: null

2019-08-24 13:09:49 - [TEST_STEP][PASSED] - M4_spin_reel_wins = M4_spin_reel_wins: null

2019-08-24 13:09:49 - [TEST_STEP][PASSED] - println("GlobalVariable.M4_spin_reel_wins is: " + M4_spin_reel_wins): null

2019-08-24 13:09:49 - [TEST_STEP][PASSED] - M4_spin_total_bonus_win_this_round = total_bonus_win_this_round: null

2019-08-24 13:09:49 - [TEST_STEP][PASSED] - M4_spin_total_bonus_win_this_round = M4_spin_total_bonus_win_this_round: null

2019-08-24 13:09:49 - [TEST_STEP][PASSED] - println("GlobalVariable.M4_spin_total_bonus_win_this_round is: " + M4_spin_total_bonus_win_this_round): null

2019-08-24 13:09:49 - [TEST_STEP][PASSED] - M4_spin_bonus_spin_result = spin_result: null

2019-08-24 13:09:49 - [TEST_STEP][PASSED] - M4_spin_bonus_spin_result = M4_spin_bonus_spin_result: null

2019-08-24 13:09:49 - [MESSAGE][PASSED] - Verify response successfully

2019-08-24 13:09:49 - [MESSAGE][PASSED] - Send request and verify the response successfully

2019-08-24 13:09:49 - [TEST_STEP][PASSED] - if (M4_total_bonus_spins_int != 0 &amp;&amp; M4_spin_reels_symbols[2].contains("WILD_Expanding")): null

2019-08-24 13:09:49 - [TEST_STEP][PASSED] - free_spin_reel_counter = free_spin_reel_counter: null

2019-08-24 13:09:49 - [TEST_STEP][PASSED] - M4_spin_reels_symbols = M4_spin_reels_symbols: null

2019-08-24 13:09:49 - [TEST_STEP][PASSED] - M4_total_bonus_spins = M4_total_bonus_spins: null

2019-08-24 13:09:49 - [TEST_STEP][PASSED] - spin_result = sendRequestAndVerify(findTestObject("INT/RGS(M4)/1_M4_spin", ["M4_login_user_id":M4_login_user_id, "rgs_session_token":rgs_session_token, "partner":Partner])): Send request and verify the response successfully

2019-08-24 13:09:49 - [MESSAGE][INFO] - HAR: /Users/eiralee/Katalon_Script/SuperWild/Reports/20190824_125957/INT/superWild_5/20190824_125957/requests/main/175.har

2019-08-24 13:09:49 - [TEST_CASE][PASSED] - Start Test Case : Verification: Verification accomplished successfully

2019-08-24 13:09:49 - [TEST_STEP][PASSED] - request = getInstance().getCurrentRequest(): null

2019-08-24 13:09:49 - [TEST_STEP][PASSED] - response = getInstance().getCurrentResponse(): null

2019-08-24 13:09:49 - [TEST_STEP][PASSED] - verifyResponseStatusCode(response, 200): Verify response status code successfully

2019-08-24 13:09:49 - [MESSAGE][PASSED] - Verify response status code successfully

2019-08-24 13:09:49 - [TEST_STEP][PASSED] - getStatusCode()).isEqualTo(200): null

2019-08-24 13:09:49 - [TEST_STEP][PASSED] - newline = System.getProperty("line.separator"): null

2019-08-24 13:09:49 - [TEST_STEP][PASSED] - M4_spin = new groovy.json.JsonSlurper(): null

2019-08-24 13:09:49 - [TEST_STEP][PASSED] - result_M4_spin = M4_spin.parseText(response.getResponseBodyContent()): null

2019-08-24 13:09:49 - [TEST_STEP][PASSED] - M4_spin_current_balance = current_balance: null

2019-08-24 13:09:49 - [TEST_STEP][PASSED] - M4_spin_current_balance = M4_spin_current_balance: null

2019-08-24 13:09:49 - [TEST_STEP][PASSED] - M4_spin_transaction_id = causality: null

2019-08-24 13:09:49 - [TEST_STEP][PASSED] - M4_spin_transaction_id = M4_spin_transaction_id: null

2019-08-24 13:09:49 - [TEST_STEP][PASSED] - M4_spin_round_id = round_id: null

2019-08-24 13:09:49 - [TEST_STEP][PASSED] - M4_spin_round_id = M4_spin_round_id: null

2019-08-24 13:09:49 - [TEST_STEP][PASSED] - M4_spin_line_wins = line_wins: null

2019-08-24 13:09:49 - [TEST_STEP][PASSED] - M4_spin_line_wins = M4_spin_line_wins: null

2019-08-24 13:09:49 - [TEST_STEP][PASSED] - M4_total_bonus_spins_int = total_bonus_spins: null

2019-08-24 13:09:49 - [TEST_STEP][PASSED] - println("******M4_total_bonus_spins type is:*******" + newline + getClass().getName()): null

2019-08-24 13:09:49 - [TEST_STEP][PASSED] - M4_total_bonus_spins_int = M4_total_bonus_spins_int: null

2019-08-24 13:09:49 - [TEST_STEP][PASSED] - M4_total_bonus_spins = Integer.toString(M4_total_bonus_spins_int): null

2019-08-24 13:09:49 - [TEST_STEP][PASSED] - M4_total_bonus_spins = M4_total_bonus_spins: null

2019-08-24 13:09:49 - [TEST_STEP][PASSED] - println("M4_total_bonus_spins is:" + M4_total_bonus_spins): null

2019-08-24 13:09:49 - [TEST_STEP][PASSED] - M4_spin_bonus_data = bonus_data: null

2019-08-24 13:09:49 - [TEST_STEP][PASSED] - M4_spin_features_triggered = result_M4_spin: null

2019-08-24 13:09:49 - [TEST_STEP][PASSED] - wild = []: null

2019-08-24 13:09:49 - [TEST_STEP][PASSED] - wild[0] = "WILD_Expanding": null

2019-08-24 13:09:49 - [TEST_STEP][PASSED] - wild[1] = "WILD_Normal": null

2019-08-24 13:09:49 - [TEST_STEP][PASSED] - wild[2] = "WILD_Double": null

2019-08-24 13:09:49 - [TEST_STEP][PASSED] - wild[3] = "WILD_ExtraFG": null

2019-08-24 13:09:49 - [TEST_STEP][PASSED] - wild[4] = "WILD_Triple": null

2019-08-24 13:09:49 - [TEST_STEP][PASSED] - wildList = Arrays.asList(wild): null

2019-08-24 13:09:49 - [TEST_STEP][PASSED] - wildList = wildList: null

2019-08-24 13:09:49 - [TEST_STEP][PASSED] - free_spin_reel_counter = []: null

2019-08-24 13:09:49 - [TEST_STEP][PASSED] - free_spin_reel_counter[0] = 0: null

2019-08-24 13:09:49 - [TEST_STEP][PASSED] - free_spin_reel_counter[1] = 0: null

2019-08-24 13:09:49 - [TEST_STEP][PASSED] - free_spin_reel_counter[2] = 0: null

2019-08-24 13:09:49 - [TEST_STEP][PASSED] - M4_spin_reels = reels: null

2019-08-24 13:09:49 - [TEST_STEP][PASSED] - for ([i = 0, i &lt; M4_spin_reels.size(), (i++)]): null

2019-08-24 13:09:49 - [TEST_STEP][PASSED] - symbols = symbols: null

2019-08-24 13:09:49 - [TEST_STEP][PASSED] - for ([j = 0, j &lt; symbols.size(), (j++)]): null

2019-08-24 13:09:49 - [TEST_STEP][PASSED] - symbol = symbol: null

2019-08-24 13:09:49 - [TEST_STEP][PASSED] - println(symbol): null

2019-08-24 13:09:49 - [TEST_STEP][PASSED] - if (i == 2 &amp;&amp; wildList.indexOf(symbol) != -1): null

2019-08-24 13:09:49 - [TEST_STEP][PASSED] - if (i == 3 &amp;&amp; wildList.indexOf(symbol) != -1): null

2019-08-24 13:09:49 - [TEST_STEP][PASSED] - if (i == 4 &amp;&amp; wildList.indexOf(symbol) != -1): null

2019-08-24 13:09:49 - [TEST_STEP][PASSED] - symbol = symbol: null

2019-08-24 13:09:49 - [TEST_STEP][PASSED] - println(symbol): null

2019-08-24 13:09:49 - [TEST_STEP][PASSED] - if (i == 2 &amp;&amp; wildList.indexOf(symbol) != -1): null

2019-08-24 13:09:49 - [TEST_STEP][PASSED] - if (i == 3 &amp;&amp; wildList.indexOf(symbol) != -1): null

2019-08-24 13:09:49 - [TEST_STEP][PASSED] - if (i == 4 &amp;&amp; wildList.indexOf(symbol) != -1): null

2019-08-24 13:09:49 - [TEST_STEP][PASSED] - symbol = symbol: null

2019-08-24 13:09:49 - [TEST_STEP][PASSED] - println(symbol): null

2019-08-24 13:09:49 - [TEST_STEP][PASSED] - if (i == 2 &amp;&amp; wildList.indexOf(symbol) != -1): null

2019-08-24 13:09:49 - [TEST_STEP][PASSED] - if (i == 3 &amp;&amp; wildList.indexOf(symbol) != -1): null

2019-08-24 13:09:49 - [TEST_STEP][PASSED] - if (i == 4 &amp;&amp; wildList.indexOf(symbol) != -1): null

2019-08-24 13:09:49 - [TEST_STEP][PASSED] - symbols = symbols: null

2019-08-24 13:09:49 - [TEST_STEP][PASSED] - for ([j = 0, j &lt; symbols.size(), (j++)]): null

2019-08-24 13:09:49 - [TEST_STEP][PASSED] - symbol = symbol: null

2019-08-24 13:09:49 - [TEST_STEP][PASSED] - println(symbol): null

2019-08-24 13:09:49 - [TEST_STEP][PASSED] - if (i == 2 &amp;&amp; wildList.indexOf(symbol) != -1): null

2019-08-24 13:09:49 - [TEST_STEP][PASSED] - if (i == 3 &amp;&amp; wildList.indexOf(symbol) != -1): null

2019-08-24 13:09:49 - [TEST_STEP][PASSED] - if (i == 4 &amp;&amp; wildList.indexOf(symbol) != -1): null

2019-08-24 13:09:49 - [TEST_STEP][PASSED] - symbol = symbol: null

2019-08-24 13:09:49 - [TEST_STEP][PASSED] - println(symbol): null

2019-08-24 13:09:49 - [TEST_STEP][PASSED] - if (i == 2 &amp;&amp; wildList.indexOf(symbol) != -1): null

2019-08-24 13:09:49 - [TEST_STEP][PASSED] - if (i == 3 &amp;&amp; wildList.indexOf(symbol) != -1): null

2019-08-24 13:09:49 - [TEST_STEP][PASSED] - if (i == 4 &amp;&amp; wildList.indexOf(symbol) != -1): null

2019-08-24 13:09:49 - [TEST_STEP][PASSED] - symbol = symbol: null

2019-08-24 13:09:49 - [TEST_STEP][PASSED] - println(symbol): null

2019-08-24 13:09:49 - [TEST_STEP][PASSED] - if (i == 2 &amp;&amp; wildList.indexOf(symbol) != -1): null

2019-08-24 13:09:49 - [TEST_STEP][PASSED] - if (i == 3 &amp;&amp; wildList.indexOf(symbol) != -1): null

2019-08-24 13:09:49 - [TEST_STEP][PASSED] - if (i == 4 &amp;&amp; wildList.indexOf(symbol) != -1): null

2019-08-24 13:09:49 - [TEST_STEP][PASSED] - symbols = symbols: null

2019-08-24 13:09:49 - [TEST_STEP][PASSED] - for ([j = 0, j &lt; symbols.size(), (j++)]): null

2019-08-24 13:09:49 - [TEST_STEP][PASSED] - symbol = symbol: null

2019-08-24 13:09:49 - [TEST_STEP][PASSED] - println(symbol): null

2019-08-24 13:09:49 - [TEST_STEP][PASSED] - if (i == 2 &amp;&amp; wildList.indexOf(symbol) != -1): null

2019-08-24 13:09:49 - [TEST_STEP][PASSED] - if (i == 3 &amp;&amp; wildList.indexOf(symbol) != -1): null

2019-08-24 13:09:49 - [TEST_STEP][PASSED] - if (i == 4 &amp;&amp; wildList.indexOf(symbol) != -1): null

2019-08-24 13:09:49 - [TEST_STEP][PASSED] - symbol = symbol: null

2019-08-24 13:09:49 - [TEST_STEP][PASSED] - println(symbol): null

2019-08-24 13:09:49 - [TEST_STEP][PASSED] - if (i == 2 &amp;&amp; wildList.indexOf(symbol) != -1): null

2019-08-24 13:09:49 - [TEST_STEP][PASSED] - if (i == 3 &amp;&amp; wildList.indexOf(symbol) != -1): null

2019-08-24 13:09:49 - [TEST_STEP][PASSED] - if (i == 4 &amp;&amp; wildList.indexOf(symbol) != -1): null

2019-08-24 13:09:49 - [TEST_STEP][PASSED] - symbol = symbol: null

2019-08-24 13:09:49 - [TEST_STEP][PASSED] - println(symbol): null

2019-08-24 13:09:49 - [TEST_STEP][PASSED] - if (i == 2 &amp;&amp; wildList.indexOf(symbol) != -1): null

2019-08-24 13:09:49 - [TEST_STEP][PASSED] - if (i == 3 &amp;&amp; wildList.indexOf(symbol) != -1): null

2019-08-24 13:09:49 - [TEST_STEP][PASSED] - if (i == 4 &amp;&amp; wildList.indexOf(symbol) != -1): null

2019-08-24 13:09:49 - [TEST_STEP][PASSED] - symbols = symbols: null

2019-08-24 13:09:49 - [TEST_STEP][PASSED] - for ([j = 0, j &lt; symbols.size(), (j++)]): null

2019-08-24 13:09:49 - [TEST_STEP][PASSED] - symbol = symbol: null

2019-08-24 13:09:49 - [TEST_STEP][PASSED] - println(symbol): null

2019-08-24 13:09:49 - [TEST_STEP][PASSED] - if (i == 2 &amp;&amp; wildList.indexOf(symbol) != -1): null

2019-08-24 13:09:49 - [TEST_STEP][PASSED] - if (i == 3 &amp;&amp; wildList.indexOf(symbol) != -1): null

2019-08-24 13:09:49 - [TEST_STEP][PASSED] - if (i == 4 &amp;&amp; wildList.indexOf(symbol) != -1): null

2019-08-24 13:09:49 - [TEST_STEP][PASSED] - symbol = symbol: null

2019-08-24 13:09:49 - [TEST_STEP][PASSED] - println(symbol): null

2019-08-24 13:09:49 - [TEST_STEP][PASSED] - if (i == 2 &amp;&amp; wildList.indexOf(symbol) != -1): null

2019-08-24 13:09:49 - [TEST_STEP][PASSED] - if (i == 3 &amp;&amp; wildList.indexOf(symbol) != -1): null

2019-08-24 13:09:49 - [TEST_STEP][PASSED] - if (i == 4 &amp;&amp; wildList.indexOf(symbol) != -1): null

2019-08-24 13:09:49 - [TEST_STEP][PASSED] - symbol = symbol: null

2019-08-24 13:09:49 - [TEST_STEP][PASSED] - println(symbol): null

2019-08-24 13:09:49 - [TEST_STEP][PASSED] - if (i == 2 &amp;&amp; wildList.indexOf(symbol) != -1): null

2019-08-24 13:09:49 - [TEST_STEP][PASSED] - if (i == 3 &amp;&amp; wildList.indexOf(symbol) != -1): null

2019-08-24 13:09:49 - [TEST_STEP][PASSED] - if (i == 4 &amp;&amp; wildList.indexOf(symbol) != -1): null

2019-08-24 13:09:49 - [TEST_STEP][PASSED] - symbols = symbols: null

2019-08-24 13:09:49 - [TEST_STEP][PASSED] - for ([j = 0, j &lt; symbols.size(), (j++)]): null

2019-08-24 13:09:49 - [TEST_STEP][PASSED] - symbol = symbol: null

2019-08-24 13:09:49 - [TEST_STEP][PASSED] - println(symbol): null

2019-08-24 13:09:49 - [TEST_STEP][PASSED] - if (i == 2 &amp;&amp; wildList.indexOf(symbol) != -1): null

2019-08-24 13:09:49 - [TEST_STEP][PASSED] - if (i == 3 &amp;&amp; wildList.indexOf(symbol) != -1): null

2019-08-24 13:09:49 - [TEST_STEP][PASSED] - if (i == 4 &amp;&amp; wildList.indexOf(symbol) != -1): null

2019-08-24 13:09:49 - [TEST_STEP][PASSED] - symbol = symbol: null

2019-08-24 13:09:49 - [TEST_STEP][PASSED] - println(symbol): null

2019-08-24 13:09:49 - [TEST_STEP][PASSED] - if (i == 2 &amp;&amp; wildList.indexOf(symbol) != -1): null

2019-08-24 13:09:49 - [TEST_STEP][PASSED] - if (i == 3 &amp;&amp; wildList.indexOf(symbol) != -1): null

2019-08-24 13:09:49 - [TEST_STEP][PASSED] - if (i == 4 &amp;&amp; wildList.indexOf(symbol) != -1): null

2019-08-24 13:09:49 - [TEST_STEP][PASSED] - symbol = symbol: null

2019-08-24 13:09:49 - [TEST_STEP][PASSED] - println(symbol): null

2019-08-24 13:09:49 - [TEST_STEP][PASSED] - if (i == 2 &amp;&amp; wildList.indexOf(symbol) != -1): null

2019-08-24 13:09:49 - [TEST_STEP][PASSED] - if (i == 3 &amp;&amp; wildList.indexOf(symbol) != -1): null

2019-08-24 13:09:49 - [TEST_STEP][PASSED] - if (i == 4 &amp;&amp; wildList.indexOf(symbol) != -1): null

2019-08-24 13:09:49 - [TEST_STEP][PASSED] - free_spin_reel_counter = free_spin_reel_counter: null

2019-08-24 13:09:49 - [TEST_STEP][PASSED] - println("reel 3 wild found: " + free_spin_reel_counter[0]): null

2019-08-24 13:09:49 - [TEST_STEP][PASSED] - println("reel 4 wild found: " + free_spin_reel_counter[1]): null

2019-08-24 13:09:49 - [TEST_STEP][PASSED] - println("reel 5 wild found: " + free_spin_reel_counter[2]): null

2019-08-24 13:09:49 - [TEST_STEP][PASSED] - M4_spin_reels = M4_spin_reels: null

2019-08-24 13:09:49 - [TEST_STEP][PASSED] - M4_spin_reels_symbols = symbol: null

2019-08-24 13:09:49 - [TEST_STEP][PASSED] - M4_spin_reels_symbols = M4_spin_reels_symbols: null

2019-08-24 13:09:49 - [TEST_STEP][PASSED] - M4_spin_reel_wins = reel_wins: null

2019-08-24 13:09:49 - [TEST_STEP][PASSED] - M4_spin_reel_wins = M4_spin_reel_wins: null

2019-08-24 13:09:49 - [TEST_STEP][PASSED] - println("GlobalVariable.M4_spin_reel_wins is: " + M4_spin_reel_wins): null

2019-08-24 13:09:49 - [TEST_STEP][PASSED] - M4_spin_total_bonus_win_this_round = total_bonus_win_this_round: null

2019-08-24 13:09:49 - [TEST_STEP][PASSED] - M4_spin_total_bonus_win_this_round = M4_spin_total_bonus_win_this_round: null

2019-08-24 13:09:49 - [TEST_STEP][PASSED] - println("GlobalVariable.M4_spin_total_bonus_win_this_round is: " + M4_spin_total_bonus_win_this_round): null

2019-08-24 13:09:49 - [TEST_STEP][PASSED] - M4_spin_bonus_spin_result = spin_result: null

2019-08-24 13:09:49 - [TEST_STEP][PASSED] - M4_spin_bonus_spin_result = M4_spin_bonus_spin_result: null

2019-08-24 13:09:49 - [MESSAGE][PASSED] - Verify response successfully

2019-08-24 13:09:49 - [MESSAGE][PASSED] - Send request and verify the response successfully

2019-08-24 13:09:49 - [TEST_STEP][PASSED] - if (M4_total_bonus_spins_int != 0 &amp;&amp; M4_spin_reels_symbols[2].contains("WILD_Expanding")): null

2019-08-24 13:09:49 - [TEST_STEP][PASSED] - free_spin_reel_counter = free_spin_reel_counter: null

2019-08-24 13:09:49 - [TEST_STEP][PASSED] - M4_spin_reels_symbols = M4_spin_reels_symbols: null

2019-08-24 13:09:49 - [TEST_STEP][PASSED] - M4_total_bonus_spins = M4_total_bonus_spins: null

2019-08-24 13:09:49 - [TEST_STEP][PASSED] - spin_result = sendRequestAndVerify(findTestObject("INT/RGS(M4)/1_M4_spin", ["M4_login_user_id":M4_login_user_id, "rgs_session_token":rgs_session_token, "partner":Partner])): Send request and verify the response successfully

2019-08-24 13:09:50 - [MESSAGE][INFO] - HAR: /Users/eiralee/Katalon_Script/SuperWild/Reports/20190824_125957/INT/superWild_5/20190824_125957/requests/main/176.har

2019-08-24 13:09:50 - [TEST_CASE][PASSED] - Start Test Case : Verification: Verification accomplished successfully

2019-08-24 13:09:50 - [TEST_STEP][PASSED] - request = getInstance().getCurrentRequest(): null

2019-08-24 13:09:50 - [TEST_STEP][PASSED] - response = getInstance().getCurrentResponse(): null

2019-08-24 13:09:50 - [TEST_STEP][PASSED] - verifyResponseStatusCode(response, 200): Verify response status code successfully

2019-08-24 13:09:50 - [MESSAGE][PASSED] - Verify response status code successfully

2019-08-24 13:09:50 - [TEST_STEP][PASSED] - getStatusCode()).isEqualTo(200): null

2019-08-24 13:09:50 - [TEST_STEP][PASSED] - newline = System.getProperty("line.separator"): null

2019-08-24 13:09:50 - [TEST_STEP][PASSED] - M4_spin = new groovy.json.JsonSlurper(): null

2019-08-24 13:09:50 - [TEST_STEP][PASSED] - result_M4_spin = M4_spin.parseText(response.getResponseBodyContent()): null

2019-08-24 13:09:50 - [TEST_STEP][PASSED] - M4_spin_current_balance = current_balance: null

2019-08-24 13:09:50 - [TEST_STEP][PASSED] - M4_spin_current_balance = M4_spin_current_balance: null

2019-08-24 13:09:50 - [TEST_STEP][PASSED] - M4_spin_transaction_id = causality: null

2019-08-24 13:09:50 - [TEST_STEP][PASSED] - M4_spin_transaction_id = M4_spin_transaction_id: null

2019-08-24 13:09:50 - [TEST_STEP][PASSED] - M4_spin_round_id = round_id: null

2019-08-24 13:09:50 - [TEST_STEP][PASSED] - M4_spin_round_id = M4_spin_round_id: null

2019-08-24 13:09:50 - [TEST_STEP][PASSED] - M4_spin_line_wins = line_wins: null

2019-08-24 13:09:50 - [TEST_STEP][PASSED] - M4_spin_line_wins = M4_spin_line_wins: null

2019-08-24 13:09:50 - [TEST_STEP][PASSED] - M4_total_bonus_spins_int = total_bonus_spins: null

2019-08-24 13:09:50 - [TEST_STEP][PASSED] - println("******M4_total_bonus_spins type is:*******" + newline + getClass().getName()): null

2019-08-24 13:09:50 - [TEST_STEP][PASSED] - M4_total_bonus_spins_int = M4_total_bonus_spins_int: null

2019-08-24 13:09:50 - [TEST_STEP][PASSED] - M4_total_bonus_spins = Integer.toString(M4_total_bonus_spins_int): null

2019-08-24 13:09:50 - [TEST_STEP][PASSED] - M4_total_bonus_spins = M4_total_bonus_spins: null

2019-08-24 13:09:50 - [TEST_STEP][PASSED] - println("M4_total_bonus_spins is:" + M4_total_bonus_spins): null

2019-08-24 13:09:50 - [TEST_STEP][PASSED] - M4_spin_bonus_data = bonus_data: null

2019-08-24 13:09:50 - [TEST_STEP][PASSED] - M4_spin_features_triggered = result_M4_spin: null

2019-08-24 13:09:50 - [TEST_STEP][PASSED] - wild = []: null

2019-08-24 13:09:50 - [TEST_STEP][PASSED] - wild[0] = "WILD_Expanding": null

2019-08-24 13:09:50 - [TEST_STEP][PASSED] - wild[1] = "WILD_Normal": null

2019-08-24 13:09:50 - [TEST_STEP][PASSED] - wild[2] = "WILD_Double": null

2019-08-24 13:09:50 - [TEST_STEP][PASSED] - wild[3] = "WILD_ExtraFG": null

2019-08-24 13:09:50 - [TEST_STEP][PASSED] - wild[4] = "WILD_Triple": null

2019-08-24 13:09:50 - [TEST_STEP][PASSED] - wildList = Arrays.asList(wild): null

2019-08-24 13:09:50 - [TEST_STEP][PASSED] - wildList = wildList: null

2019-08-24 13:09:50 - [TEST_STEP][PASSED] - free_spin_reel_counter = []: null

2019-08-24 13:09:50 - [TEST_STEP][PASSED] - free_spin_reel_counter[0] = 0: null

2019-08-24 13:09:50 - [TEST_STEP][PASSED] - free_spin_reel_counter[1] = 0: null

2019-08-24 13:09:50 - [TEST_STEP][PASSED] - free_spin_reel_counter[2] = 0: null

2019-08-24 13:09:50 - [TEST_STEP][PASSED] - M4_spin_reels = reels: null

2019-08-24 13:09:50 - [TEST_STEP][PASSED] - for ([i = 0, i &lt; M4_spin_reels.size(), (i++)]): null

2019-08-24 13:09:50 - [TEST_STEP][PASSED] - symbols = symbols: null

2019-08-24 13:09:50 - [TEST_STEP][PASSED] - for ([j = 0, j &lt; symbols.size(), (j++)]): null

2019-08-24 13:09:50 - [TEST_STEP][PASSED] - symbol = symbol: null

2019-08-24 13:09:50 - [TEST_STEP][PASSED] - println(symbol): null

2019-08-24 13:09:50 - [TEST_STEP][PASSED] - if (i == 2 &amp;&amp; wildList.indexOf(symbol) != -1): null

2019-08-24 13:09:50 - [TEST_STEP][PASSED] - if (i == 3 &amp;&amp; wildList.indexOf(symbol) != -1): null

2019-08-24 13:09:50 - [TEST_STEP][PASSED] - if (i == 4 &amp;&amp; wildList.indexOf(symbol) != -1): null

2019-08-24 13:09:50 - [TEST_STEP][PASSED] - symbol = symbol: null

2019-08-24 13:09:50 - [TEST_STEP][PASSED] - println(symbol): null

2019-08-24 13:09:50 - [TEST_STEP][PASSED] - if (i == 2 &amp;&amp; wildList.indexOf(symbol) != -1): null

2019-08-24 13:09:50 - [TEST_STEP][PASSED] - if (i == 3 &amp;&amp; wildList.indexOf(symbol) != -1): null

2019-08-24 13:09:50 - [TEST_STEP][PASSED] - if (i == 4 &amp;&amp; wildList.indexOf(symbol) != -1): null

2019-08-24 13:09:50 - [TEST_STEP][PASSED] - symbol = symbol: null

2019-08-24 13:09:50 - [TEST_STEP][PASSED] - println(symbol): null

2019-08-24 13:09:50 - [TEST_STEP][PASSED] - if (i == 2 &amp;&amp; wildList.indexOf(symbol) != -1): null

2019-08-24 13:09:50 - [TEST_STEP][PASSED] - if (i == 3 &amp;&amp; wildList.indexOf(symbol) != -1): null

2019-08-24 13:09:50 - [TEST_STEP][PASSED] - if (i == 4 &amp;&amp; wildList.indexOf(symbol) != -1): null

2019-08-24 13:09:50 - [TEST_STEP][PASSED] - symbols = symbols: null

2019-08-24 13:09:50 - [TEST_STEP][PASSED] - for ([j = 0, j &lt; symbols.size(), (j++)]): null

2019-08-24 13:09:50 - [TEST_STEP][PASSED] - symbol = symbol: null

2019-08-24 13:09:50 - [TEST_STEP][PASSED] - println(symbol): null

2019-08-24 13:09:50 - [TEST_STEP][PASSED] - if (i == 2 &amp;&amp; wildList.indexOf(symbol) != -1): null

2019-08-24 13:09:50 - [TEST_STEP][PASSED] - if (i == 3 &amp;&amp; wildList.indexOf(symbol) != -1): null

2019-08-24 13:09:50 - [TEST_STEP][PASSED] - if (i == 4 &amp;&amp; wildList.indexOf(symbol) != -1): null

2019-08-24 13:09:50 - [TEST_STEP][PASSED] - symbol = symbol: null

2019-08-24 13:09:50 - [TEST_STEP][PASSED] - println(symbol): null

2019-08-24 13:09:50 - [TEST_STEP][PASSED] - if (i == 2 &amp;&amp; wildList.indexOf(symbol) != -1): null

2019-08-24 13:09:50 - [TEST_STEP][PASSED] - if (i == 3 &amp;&amp; wildList.indexOf(symbol) != -1): null

2019-08-24 13:09:50 - [TEST_STEP][PASSED] - if (i == 4 &amp;&amp; wildList.indexOf(symbol) != -1): null

2019-08-24 13:09:50 - [TEST_STEP][PASSED] - symbol = symbol: null

2019-08-24 13:09:50 - [TEST_STEP][PASSED] - println(symbol): null

2019-08-24 13:09:50 - [TEST_STEP][PASSED] - if (i == 2 &amp;&amp; wildList.indexOf(symbol) != -1): null

2019-08-24 13:09:50 - [TEST_STEP][PASSED] - if (i == 3 &amp;&amp; wildList.indexOf(symbol) != -1): null

2019-08-24 13:09:50 - [TEST_STEP][PASSED] - if (i == 4 &amp;&amp; wildList.indexOf(symbol) != -1): null

2019-08-24 13:09:50 - [TEST_STEP][PASSED] - symbols = symbols: null

2019-08-24 13:09:50 - [TEST_STEP][PASSED] - for ([j = 0, j &lt; symbols.size(), (j++)]): null

2019-08-24 13:09:50 - [TEST_STEP][PASSED] - symbol = symbol: null

2019-08-24 13:09:50 - [TEST_STEP][PASSED] - println(symbol): null

2019-08-24 13:09:50 - [TEST_STEP][PASSED] - if (i == 2 &amp;&amp; wildList.indexOf(symbol) != -1): null

2019-08-24 13:09:50 - [TEST_STEP][PASSED] - if (i == 3 &amp;&amp; wildList.indexOf(symbol) != -1): null

2019-08-24 13:09:50 - [TEST_STEP][PASSED] - if (i == 4 &amp;&amp; wildList.indexOf(symbol) != -1): null

2019-08-24 13:09:50 - [TEST_STEP][PASSED] - symbol = symbol: null

2019-08-24 13:09:50 - [TEST_STEP][PASSED] - println(symbol): null

2019-08-24 13:09:50 - [TEST_STEP][PASSED] - if (i == 2 &amp;&amp; wildList.indexOf(symbol) != -1): null

2019-08-24 13:09:50 - [TEST_STEP][PASSED] - if (i == 3 &amp;&amp; wildList.indexOf(symbol) != -1): null

2019-08-24 13:09:50 - [TEST_STEP][PASSED] - if (i == 4 &amp;&amp; wildList.indexOf(symbol) != -1): null

2019-08-24 13:09:53 - [TEST_STEP][PASSED] - symbol = symbol: null

2019-08-24 13:09:53 - [TEST_STEP][PASSED] - println(symbol): null

2019-08-24 13:09:53 - [TEST_STEP][PASSED] - if (i == 2 &amp;&amp; wildList.indexOf(symbol) != -1): null

2019-08-24 13:09:53 - [TEST_STEP][PASSED] - if (i == 3 &amp;&amp; wildList.indexOf(symbol) != -1): null

2019-08-24 13:09:53 - [TEST_STEP][PASSED] - if (i == 4 &amp;&amp; wildList.indexOf(symbol) != -1): null

2019-08-24 13:09:53 - [TEST_STEP][PASSED] - symbols = symbols: null

2019-08-24 13:09:53 - [TEST_STEP][PASSED] - for ([j = 0, j &lt; symbols.size(), (j++)]): null

2019-08-24 13:09:53 - [TEST_STEP][PASSED] - symbol = symbol: null

2019-08-24 13:09:53 - [TEST_STEP][PASSED] - println(symbol): null

2019-08-24 13:09:53 - [TEST_STEP][PASSED] - if (i == 2 &amp;&amp; wildList.indexOf(symbol) != -1): null

2019-08-24 13:09:53 - [TEST_STEP][PASSED] - if (i == 3 &amp;&amp; wildList.indexOf(symbol) != -1): null

2019-08-24 13:09:53 - [TEST_STEP][PASSED] - if (i == 4 &amp;&amp; wildList.indexOf(symbol) != -1): null

2019-08-24 13:09:53 - [TEST_STEP][PASSED] - symbol = symbol: null

2019-08-24 13:09:53 - [TEST_STEP][PASSED] - println(symbol): null

2019-08-24 13:09:53 - [TEST_STEP][PASSED] - if (i == 2 &amp;&amp; wildList.indexOf(symbol) != -1): null

2019-08-24 13:09:53 - [TEST_STEP][PASSED] - if (i == 3 &amp;&amp; wildList.indexOf(symbol) != -1): null

2019-08-24 13:09:53 - [TEST_STEP][PASSED] - if (i == 4 &amp;&amp; wildList.indexOf(symbol) != -1): null

2019-08-24 13:09:53 - [TEST_STEP][PASSED] - symbol = symbol: null

2019-08-24 13:09:53 - [TEST_STEP][PASSED] - println(symbol): null

2019-08-24 13:09:53 - [TEST_STEP][PASSED] - if (i == 2 &amp;&amp; wildList.indexOf(symbol) != -1): null

2019-08-24 13:09:53 - [TEST_STEP][PASSED] - if (i == 3 &amp;&amp; wildList.indexOf(symbol) != -1): null

2019-08-24 13:09:53 - [TEST_STEP][PASSED] - if (i == 4 &amp;&amp; wildList.indexOf(symbol) != -1): null

2019-08-24 13:09:53 - [TEST_STEP][PASSED] - symbols = symbols: null

2019-08-24 13:09:53 - [TEST_STEP][PASSED] - for ([j = 0, j &lt; symbols.size(), (j++)]): null

2019-08-24 13:09:53 - [TEST_STEP][PASSED] - symbol = symbol: null

2019-08-24 13:09:53 - [TEST_STEP][PASSED] - println(symbol): null

2019-08-24 13:09:53 - [TEST_STEP][PASSED] - if (i == 2 &amp;&amp; wildList.indexOf(symbol) != -1): null

2019-08-24 13:09:53 - [TEST_STEP][PASSED] - if (i == 3 &amp;&amp; wildList.indexOf(symbol) != -1): null

2019-08-24 13:09:53 - [TEST_STEP][PASSED] - if (i == 4 &amp;&amp; wildList.indexOf(symbol) != -1): null

2019-08-24 13:09:53 - [TEST_STEP][PASSED] - symbol = symbol: null

2019-08-24 13:09:53 - [TEST_STEP][PASSED] - println(symbol): null

2019-08-24 13:09:53 - [TEST_STEP][PASSED] - if (i == 2 &amp;&amp; wildList.indexOf(symbol) != -1): null

2019-08-24 13:09:53 - [TEST_STEP][PASSED] - if (i == 3 &amp;&amp; wildList.indexOf(symbol) != -1): null

2019-08-24 13:09:53 - [TEST_STEP][PASSED] - if (i == 4 &amp;&amp; wildList.indexOf(symbol) != -1): null

2019-08-24 13:09:53 - [TEST_STEP][PASSED] - symbol = symbol: null

2019-08-24 13:09:53 - [TEST_STEP][PASSED] - println(symbol): null

2019-08-24 13:09:53 - [TEST_STEP][PASSED] - if (i == 2 &amp;&amp; wildList.indexOf(symbol) != -1): null

2019-08-24 13:09:53 - [TEST_STEP][PASSED] - if (i == 3 &amp;&amp; wildList.indexOf(symbol) != -1): null

2019-08-24 13:09:53 - [TEST_STEP][PASSED] - if (i == 4 &amp;&amp; wildList.indexOf(symbol) != -1): null

2019-08-24 13:09:53 - [TEST_STEP][PASSED] - free_spin_reel_counter = free_spin_reel_counter: null

2019-08-24 13:09:53 - [TEST_STEP][PASSED] - println("reel 3 wild found: " + free_spin_reel_counter[0]): null

2019-08-24 13:09:53 - [TEST_STEP][PASSED] - println("reel 4 wild found: " + free_spin_reel_counter[1]): null

2019-08-24 13:09:53 - [TEST_STEP][PASSED] - println("reel 5 wild found: " + free_spin_reel_counter[2]): null

2019-08-24 13:09:53 - [TEST_STEP][PASSED] - M4_spin_reels = M4_spin_reels: null

2019-08-24 13:09:53 - [TEST_STEP][PASSED] - M4_spin_reels_symbols = symbol: null

2019-08-24 13:09:53 - [TEST_STEP][PASSED] - M4_spin_reels_symbols = M4_spin_reels_symbols: null

2019-08-24 13:09:53 - [TEST_STEP][PASSED] - M4_spin_reel_wins = reel_wins: null

2019-08-24 13:09:53 - [TEST_STEP][PASSED] - M4_spin_reel_wins = M4_spin_reel_wins: null

2019-08-24 13:09:53 - [TEST_STEP][PASSED] - println("GlobalVariable.M4_spin_reel_wins is: " + M4_spin_reel_wins): null

2019-08-24 13:09:53 - [TEST_STEP][PASSED] - M4_spin_total_bonus_win_this_round = total_bonus_win_this_round: null

2019-08-24 13:09:53 - [TEST_STEP][PASSED] - M4_spin_total_bonus_win_this_round = M4_spin_total_bonus_win_this_round: null

2019-08-24 13:09:53 - [TEST_STEP][PASSED] - println("GlobalVariable.M4_spin_total_bonus_win_this_round is: " + M4_spin_total_bonus_win_this_round): null

2019-08-24 13:09:53 - [TEST_STEP][PASSED] - M4_spin_bonus_spin_result = spin_result: null

2019-08-24 13:09:53 - [TEST_STEP][PASSED] - M4_spin_bonus_spin_result = M4_spin_bonus_spin_result: null

2019-08-24 13:09:53 - [MESSAGE][PASSED] - Verify response successfully

2019-08-24 13:09:53 - [MESSAGE][PASSED] - Send request and verify the response successfully

2019-08-24 13:09:53 - [TEST_STEP][PASSED] - if (M4_total_bonus_spins_int != 0 &amp;&amp; M4_spin_reels_symbols[2].contains("WILD_Expanding")): null

2019-08-24 13:09:53 - [TEST_STEP][PASSED] - free_spin_reel_counter = free_spin_reel_counter: null

2019-08-24 13:09:53 - [TEST_STEP][PASSED] - M4_spin_reels_symbols = M4_spin_reels_symbols: null

2019-08-24 13:09:53 - [TEST_STEP][PASSED] - M4_total_bonus_spins = M4_total_bonus_spins: null

2019-08-24 13:09:53 - [TEST_STEP][PASSED] - spin_result = sendRequestAndVerify(findTestObject("INT/RGS(M4)/1_M4_spin", ["M4_login_user_id":M4_login_user_id, "rgs_session_token":rgs_session_token, "partner":Partner])): Send request and verify the response successfully

2019-08-24 13:09:53 - [MESSAGE][INFO] - HAR: /Users/eiralee/Katalon_Script/SuperWild/Reports/20190824_125957/INT/superWild_5/20190824_125957/requests/main/177.har

2019-08-24 13:09:53 - [TEST_CASE][PASSED] - Start Test Case : Verification: Verification accomplished successfully

2019-08-24 13:09:53 - [TEST_STEP][PASSED] - request = getInstance().getCurrentRequest(): null

2019-08-24 13:09:54 - [TEST_STEP][PASSED] - response = getInstance().getCurrentResponse(): null

2019-08-24 13:09:54 - [TEST_STEP][PASSED] - verifyResponseStatusCode(response, 200): Verify response status code successfully

2019-08-24 13:09:54 - [MESSAGE][PASSED] - Verify response status code successfully

2019-08-24 13:09:54 - [TEST_STEP][PASSED] - getStatusCode()).isEqualTo(200): null

2019-08-24 13:09:54 - [TEST_STEP][PASSED] - newline = System.getProperty("line.separator"): null

2019-08-24 13:09:54 - [TEST_STEP][PASSED] - M4_spin = new groovy.json.JsonSlurper(): null

2019-08-24 13:09:54 - [TEST_STEP][PASSED] - result_M4_spin = M4_spin.parseText(response.getResponseBodyContent()): null

2019-08-24 13:09:54 - [TEST_STEP][PASSED] - M4_spin_current_balance = current_balance: null

2019-08-24 13:09:54 - [TEST_STEP][PASSED] - M4_spin_current_balance = M4_spin_current_balance: null

2019-08-24 13:09:54 - [TEST_STEP][PASSED] - M4_spin_transaction_id = causality: null

2019-08-24 13:09:54 - [TEST_STEP][PASSED] - M4_spin_transaction_id = M4_spin_transaction_id: null

2019-08-24 13:09:54 - [TEST_STEP][PASSED] - M4_spin_round_id = round_id: null

2019-08-24 13:09:54 - [TEST_STEP][PASSED] - M4_spin_round_id = M4_spin_round_id: null

2019-08-24 13:09:54 - [TEST_STEP][PASSED] - M4_spin_line_wins = line_wins: null

2019-08-24 13:09:54 - [TEST_STEP][PASSED] - M4_spin_line_wins = M4_spin_line_wins: null

2019-08-24 13:09:54 - [TEST_STEP][PASSED] - M4_total_bonus_spins_int = total_bonus_spins: null

2019-08-24 13:09:54 - [TEST_STEP][PASSED] - println("******M4_total_bonus_spins type is:*******" + newline + getClass().getName()): null

2019-08-24 13:09:54 - [TEST_STEP][PASSED] - M4_total_bonus_spins_int = M4_total_bonus_spins_int: null

2019-08-24 13:09:54 - [TEST_STEP][PASSED] - M4_total_bonus_spins = Integer.toString(M4_total_bonus_spins_int): null

2019-08-24 13:09:54 - [TEST_STEP][PASSED] - M4_total_bonus_spins = M4_total_bonus_spins: null

2019-08-24 13:09:54 - [TEST_STEP][PASSED] - println("M4_total_bonus_spins is:" + M4_total_bonus_spins): null

2019-08-24 13:09:54 - [TEST_STEP][PASSED] - M4_spin_bonus_data = bonus_data: null

2019-08-24 13:09:54 - [TEST_STEP][PASSED] - M4_spin_features_triggered = result_M4_spin: null

2019-08-24 13:09:54 - [TEST_STEP][PASSED] - wild = []: null

2019-08-24 13:09:54 - [TEST_STEP][PASSED] - wild[0] = "WILD_Expanding": null

2019-08-24 13:09:54 - [TEST_STEP][PASSED] - wild[1] = "WILD_Normal": null

2019-08-24 13:09:54 - [TEST_STEP][PASSED] - wild[2] = "WILD_Double": null

2019-08-24 13:09:54 - [TEST_STEP][PASSED] - wild[3] = "WILD_ExtraFG": null

2019-08-24 13:09:54 - [TEST_STEP][PASSED] - wild[4] = "WILD_Triple": null

2019-08-24 13:09:54 - [TEST_STEP][PASSED] - wildList = Arrays.asList(wild): null

2019-08-24 13:09:54 - [TEST_STEP][PASSED] - wildList = wildList: null

2019-08-24 13:09:54 - [TEST_STEP][PASSED] - free_spin_reel_counter = []: null

2019-08-24 13:09:54 - [TEST_STEP][PASSED] - free_spin_reel_counter[0] = 0: null

2019-08-24 13:09:54 - [TEST_STEP][PASSED] - free_spin_reel_counter[1] = 0: null

2019-08-24 13:09:54 - [TEST_STEP][PASSED] - free_spin_reel_counter[2] = 0: null

2019-08-24 13:09:54 - [TEST_STEP][PASSED] - M4_spin_reels = reels: null

2019-08-24 13:09:54 - [TEST_STEP][PASSED] - for ([i = 0, i &lt; M4_spin_reels.size(), (i++)]): null

2019-08-24 13:09:54 - [TEST_STEP][PASSED] - symbols = symbols: null

2019-08-24 13:09:54 - [TEST_STEP][PASSED] - for ([j = 0, j &lt; symbols.size(), (j++)]): null

2019-08-24 13:09:54 - [TEST_STEP][PASSED] - symbol = symbol: null

2019-08-24 13:09:54 - [TEST_STEP][PASSED] - println(symbol): null

2019-08-24 13:09:54 - [TEST_STEP][PASSED] - if (i == 2 &amp;&amp; wildList.indexOf(symbol) != -1): null

2019-08-24 13:09:54 - [TEST_STEP][PASSED] - if (i == 3 &amp;&amp; wildList.indexOf(symbol) != -1): null

2019-08-24 13:09:54 - [TEST_STEP][PASSED] - if (i == 4 &amp;&amp; wildList.indexOf(symbol) != -1): null

2019-08-24 13:09:54 - [TEST_STEP][PASSED] - symbol = symbol: null

2019-08-24 13:09:54 - [TEST_STEP][PASSED] - println(symbol): null

2019-08-24 13:09:54 - [TEST_STEP][PASSED] - if (i == 2 &amp;&amp; wildList.indexOf(symbol) != -1): null

2019-08-24 13:09:54 - [TEST_STEP][PASSED] - if (i == 3 &amp;&amp; wildList.indexOf(symbol) != -1): null

2019-08-24 13:09:54 - [TEST_STEP][PASSED] - if (i == 4 &amp;&amp; wildList.indexOf(symbol) != -1): null

2019-08-24 13:09:54 - [TEST_STEP][PASSED] - symbol = symbol: null

2019-08-24 13:09:54 - [TEST_STEP][PASSED] - println(symbol): null

2019-08-24 13:09:54 - [TEST_STEP][PASSED] - if (i == 2 &amp;&amp; wildList.indexOf(symbol) != -1): null

2019-08-24 13:09:54 - [TEST_STEP][PASSED] - if (i == 3 &amp;&amp; wildList.indexOf(symbol) != -1): null

2019-08-24 13:09:54 - [TEST_STEP][PASSED] - if (i == 4 &amp;&amp; wildList.indexOf(symbol) != -1): null

2019-08-24 13:09:54 - [TEST_STEP][PASSED] - symbols = symbols: null

2019-08-24 13:09:54 - [TEST_STEP][PASSED] - for ([j = 0, j &lt; symbols.size(), (j++)]): null

2019-08-24 13:09:54 - [TEST_STEP][PASSED] - symbol = symbol: null

2019-08-24 13:09:54 - [TEST_STEP][PASSED] - println(symbol): null

2019-08-24 13:09:54 - [TEST_STEP][PASSED] - if (i == 2 &amp;&amp; wildList.indexOf(symbol) != -1): null

2019-08-24 13:09:54 - [TEST_STEP][PASSED] - if (i == 3 &amp;&amp; wildList.indexOf(symbol) != -1): null

2019-08-24 13:09:54 - [TEST_STEP][PASSED] - if (i == 4 &amp;&amp; wildList.indexOf(symbol) != -1): null

2019-08-24 13:09:54 - [TEST_STEP][PASSED] - symbol = symbol: null

2019-08-24 13:09:54 - [TEST_STEP][PASSED] - println(symbol): null

2019-08-24 13:09:54 - [TEST_STEP][PASSED] - if (i == 2 &amp;&amp; wildList.indexOf(symbol) != -1): null

2019-08-24 13:09:54 - [TEST_STEP][PASSED] - if (i == 3 &amp;&amp; wildList.indexOf(symbol) != -1): null

2019-08-24 13:09:54 - [TEST_STEP][PASSED] - if (i == 4 &amp;&amp; wildList.indexOf(symbol) != -1): null

2019-08-24 13:09:54 - [TEST_STEP][PASSED] - symbol = symbol: null

2019-08-24 13:09:54 - [TEST_STEP][PASSED] - println(symbol): null

2019-08-24 13:09:54 - [TEST_STEP][PASSED] - if (i == 2 &amp;&amp; wildList.indexOf(symbol) != -1): null

2019-08-24 13:09:54 - [TEST_STEP][PASSED] - if (i == 3 &amp;&amp; wildList.indexOf(symbol) != -1): null

2019-08-24 13:09:54 - [TEST_STEP][PASSED] - if (i == 4 &amp;&amp; wildList.indexOf(symbol) != -1): null

2019-08-24 13:09:54 - [TEST_STEP][PASSED] - symbols = symbols: null

2019-08-24 13:09:54 - [TEST_STEP][PASSED] - for ([j = 0, j &lt; symbols.size(), (j++)]): null

2019-08-24 13:09:54 - [TEST_STEP][PASSED] - symbol = symbol: null

2019-08-24 13:09:54 - [TEST_STEP][PASSED] - println(symbol): null

2019-08-24 13:09:54 - [TEST_STEP][PASSED] - if (i == 2 &amp;&amp; wildList.indexOf(symbol) != -1): null

2019-08-24 13:09:54 - [TEST_STEP][PASSED] - if (i == 3 &amp;&amp; wildList.indexOf(symbol) != -1): null

2019-08-24 13:09:54 - [TEST_STEP][PASSED] - if (i == 4 &amp;&amp; wildList.indexOf(symbol) != -1): null

2019-08-24 13:09:54 - [TEST_STEP][PASSED] - symbol = symbol: null

2019-08-24 13:09:54 - [TEST_STEP][PASSED] - println(symbol): null

2019-08-24 13:09:54 - [TEST_STEP][PASSED] - if (i == 2 &amp;&amp; wildList.indexOf(symbol) != -1): null

2019-08-24 13:09:54 - [TEST_STEP][PASSED] - if (i == 3 &amp;&amp; wildList.indexOf(symbol) != -1): null

2019-08-24 13:09:54 - [TEST_STEP][PASSED] - if (i == 4 &amp;&amp; wildList.indexOf(symbol) != -1): null

2019-08-24 13:09:54 - [TEST_STEP][PASSED] - symbol = symbol: null

2019-08-24 13:09:54 - [TEST_STEP][PASSED] - println(symbol): null

2019-08-24 13:09:54 - [TEST_STEP][PASSED] - if (i == 2 &amp;&amp; wildList.indexOf(symbol) != -1): null

2019-08-24 13:09:54 - [TEST_STEP][PASSED] - if (i == 3 &amp;&amp; wildList.indexOf(symbol) != -1): null

2019-08-24 13:09:54 - [TEST_STEP][PASSED] - if (i == 4 &amp;&amp; wildList.indexOf(symbol) != -1): null

2019-08-24 13:09:54 - [TEST_STEP][PASSED] - symbols = symbols: null

2019-08-24 13:09:54 - [TEST_STEP][PASSED] - for ([j = 0, j &lt; symbols.size(), (j++)]): null

2019-08-24 13:09:54 - [TEST_STEP][PASSED] - symbol = symbol: null

2019-08-24 13:09:54 - [TEST_STEP][PASSED] - println(symbol): null

2019-08-24 13:09:54 - [TEST_STEP][PASSED] - if (i == 2 &amp;&amp; wildList.indexOf(symbol) != -1): null

2019-08-24 13:09:54 - [TEST_STEP][PASSED] - if (i == 3 &amp;&amp; wildList.indexOf(symbol) != -1): null

2019-08-24 13:09:54 - [TEST_STEP][PASSED] - if (i == 4 &amp;&amp; wildList.indexOf(symbol) != -1): null

2019-08-24 13:09:54 - [TEST_STEP][PASSED] - symbol = symbol: null

2019-08-24 13:09:54 - [TEST_STEP][PASSED] - println(symbol): null

2019-08-24 13:09:54 - [TEST_STEP][PASSED] - if (i == 2 &amp;&amp; wildList.indexOf(symbol) != -1): null

2019-08-24 13:09:54 - [TEST_STEP][PASSED] - if (i == 3 &amp;&amp; wildList.indexOf(symbol) != -1): null

2019-08-24 13:09:54 - [TEST_STEP][PASSED] - if (i == 4 &amp;&amp; wildList.indexOf(symbol) != -1): null

2019-08-24 13:09:54 - [TEST_STEP][PASSED] - symbol = symbol: null

2019-08-24 13:09:54 - [TEST_STEP][PASSED] - println(symbol): null

2019-08-24 13:09:54 - [TEST_STEP][PASSED] - if (i == 2 &amp;&amp; wildList.indexOf(symbol) != -1): null

2019-08-24 13:09:54 - [TEST_STEP][PASSED] - if (i == 3 &amp;&amp; wildList.indexOf(symbol) != -1): null

2019-08-24 13:09:54 - [TEST_STEP][PASSED] - if (i == 4 &amp;&amp; wildList.indexOf(symbol) != -1): null

2019-08-24 13:09:54 - [TEST_STEP][PASSED] - symbols = symbols: null

2019-08-24 13:09:54 - [TEST_STEP][PASSED] - for ([j = 0, j &lt; symbols.size(), (j++)]): null

2019-08-24 13:09:54 - [TEST_STEP][PASSED] - symbol = symbol: null

2019-08-24 13:09:54 - [TEST_STEP][PASSED] - println(symbol): null

2019-08-24 13:09:54 - [TEST_STEP][PASSED] - if (i == 2 &amp;&amp; wildList.indexOf(symbol) != -1): null

2019-08-24 13:09:54 - [TEST_STEP][PASSED] - if (i == 3 &amp;&amp; wildList.indexOf(symbol) != -1): null

2019-08-24 13:09:54 - [TEST_STEP][PASSED] - if (i == 4 &amp;&amp; wildList.indexOf(symbol) != -1): null

2019-08-24 13:09:54 - [TEST_STEP][PASSED] - println("wild found on reel 5, adding counter by 1"): null

2019-08-24 13:09:54 - [TEST_STEP][PASSED] - free_spin_reel_counter[2] = free_spin_reel_counter[2] + 1: null

2019-08-24 13:09:54 - [TEST_STEP][PASSED] - symbol = symbol: null

2019-08-24 13:09:54 - [TEST_STEP][PASSED] - println(symbol): null

2019-08-24 13:09:54 - [TEST_STEP][PASSED] - if (i == 2 &amp;&amp; wildList.indexOf(symbol) != -1): null

2019-08-24 13:09:54 - [TEST_STEP][PASSED] - if (i == 3 &amp;&amp; wildList.indexOf(symbol) != -1): null

2019-08-24 13:09:54 - [TEST_STEP][PASSED] - if (i == 4 &amp;&amp; wildList.indexOf(symbol) != -1): null

2019-08-24 13:09:54 - [TEST_STEP][PASSED] - symbol = symbol: null

2019-08-24 13:09:54 - [TEST_STEP][PASSED] - println(symbol): null

2019-08-24 13:09:54 - [TEST_STEP][PASSED] - if (i == 2 &amp;&amp; wildList.indexOf(symbol) != -1): null

2019-08-24 13:09:54 - [TEST_STEP][PASSED] - if (i == 3 &amp;&amp; wildList.indexOf(symbol) != -1): null

2019-08-24 13:09:54 - [TEST_STEP][PASSED] - if (i == 4 &amp;&amp; wildList.indexOf(symbol) != -1): null

2019-08-24 13:09:54 - [TEST_STEP][PASSED] - free_spin_reel_counter = free_spin_reel_counter: null

2019-08-24 13:09:54 - [TEST_STEP][PASSED] - println("reel 3 wild found: " + free_spin_reel_counter[0]): null

2019-08-24 13:09:54 - [TEST_STEP][PASSED] - println("reel 4 wild found: " + free_spin_reel_counter[1]): null

2019-08-24 13:09:54 - [TEST_STEP][PASSED] - println("reel 5 wild found: " + free_spin_reel_counter[2]): null

2019-08-24 13:09:54 - [TEST_STEP][PASSED] - M4_spin_reels = M4_spin_reels: null

2019-08-24 13:09:54 - [TEST_STEP][PASSED] - M4_spin_reels_symbols = symbol: null

2019-08-24 13:09:54 - [TEST_STEP][PASSED] - M4_spin_reels_symbols = M4_spin_reels_symbols: null

2019-08-24 13:09:54 - [TEST_STEP][PASSED] - M4_spin_reel_wins = reel_wins: null

2019-08-24 13:09:54 - [TEST_STEP][PASSED] - M4_spin_reel_wins = M4_spin_reel_wins: null

2019-08-24 13:09:54 - [TEST_STEP][PASSED] - println("GlobalVariable.M4_spin_reel_wins is: " + M4_spin_reel_wins): null

2019-08-24 13:09:54 - [TEST_STEP][PASSED] - M4_spin_total_bonus_win_this_round = total_bonus_win_this_round: null

2019-08-24 13:09:54 - [TEST_STEP][PASSED] - M4_spin_total_bonus_win_this_round = M4_spin_total_bonus_win_this_round: null

2019-08-24 13:09:54 - [TEST_STEP][PASSED] - println("GlobalVariable.M4_spin_total_bonus_win_this_round is: " + M4_spin_total_bonus_win_this_round): null

2019-08-24 13:09:54 - [TEST_STEP][PASSED] - M4_spin_bonus_spin_result = spin_result: null

2019-08-24 13:09:54 - [TEST_STEP][PASSED] - M4_spin_bonus_spin_result = M4_spin_bonus_spin_result: null

2019-08-24 13:09:54 - [MESSAGE][PASSED] - Verify response successfully

2019-08-24 13:09:54 - [MESSAGE][PASSED] - Send request and verify the response successfully

2019-08-24 13:09:54 - [TEST_STEP][PASSED] - if (M4_total_bonus_spins_int != 0 &amp;&amp; M4_spin_reels_symbols[2].contains("WILD_Expanding")): null

2019-08-24 13:09:54 - [TEST_STEP][PASSED] - free_spin_reel_counter = free_spin_reel_counter: null

2019-08-24 13:09:54 - [TEST_STEP][PASSED] - M4_spin_reels_symbols = M4_spin_reels_symbols: null

2019-08-24 13:09:54 - [TEST_STEP][PASSED] - M4_total_bonus_spins = M4_total_bonus_spins: null

2019-08-24 13:09:54 - [TEST_STEP][PASSED] - spin_result = sendRequestAndVerify(findTestObject("INT/RGS(M4)/1_M4_spin", ["M4_login_user_id":M4_login_user_id, "rgs_session_token":rgs_session_token, "partner":Partner])): Send request and verify the response successfully

2019-08-24 13:09:54 - [MESSAGE][INFO] - HAR: /Users/eiralee/Katalon_Script/SuperWild/Reports/20190824_125957/INT/superWild_5/20190824_125957/requests/main/178.har

2019-08-24 13:09:54 - [TEST_CASE][PASSED] - Start Test Case : Verification: Verification accomplished successfully

2019-08-24 13:09:54 - [TEST_STEP][PASSED] - request = getInstance().getCurrentRequest(): null

2019-08-24 13:09:54 - [TEST_STEP][PASSED] - response = getInstance().getCurrentResponse(): null

2019-08-24 13:09:54 - [TEST_STEP][PASSED] - verifyResponseStatusCode(response, 200): Verify response status code successfully

2019-08-24 13:09:54 - [MESSAGE][PASSED] - Verify response status code successfully

2019-08-24 13:09:54 - [TEST_STEP][PASSED] - getStatusCode()).isEqualTo(200): null

2019-08-24 13:09:54 - [TEST_STEP][PASSED] - newline = System.getProperty("line.separator"): null

2019-08-24 13:09:54 - [TEST_STEP][PASSED] - M4_spin = new groovy.json.JsonSlurper(): null

2019-08-24 13:09:54 - [TEST_STEP][PASSED] - result_M4_spin = M4_spin.parseText(response.getResponseBodyContent()): null

2019-08-24 13:09:54 - [TEST_STEP][PASSED] - M4_spin_current_balance = current_balance: null

2019-08-24 13:09:54 - [TEST_STEP][PASSED] - M4_spin_current_balance = M4_spin_current_balance: null

2019-08-24 13:09:54 - [TEST_STEP][PASSED] - M4_spin_transaction_id = causality: null

2019-08-24 13:09:54 - [TEST_STEP][PASSED] - M4_spin_transaction_id = M4_spin_transaction_id: null

2019-08-24 13:09:54 - [TEST_STEP][PASSED] - M4_spin_round_id = round_id: null

2019-08-24 13:09:54 - [TEST_STEP][PASSED] - M4_spin_round_id = M4_spin_round_id: null

2019-08-24 13:09:54 - [TEST_STEP][PASSED] - M4_spin_line_wins = line_wins: null

2019-08-24 13:09:54 - [TEST_STEP][PASSED] - M4_spin_line_wins = M4_spin_line_wins: null

2019-08-24 13:09:54 - [TEST_STEP][PASSED] - M4_total_bonus_spins_int = total_bonus_spins: null

2019-08-24 13:09:54 - [TEST_STEP][PASSED] - println("******M4_total_bonus_spins type is:*******" + newline + getClass().getName()): null

2019-08-24 13:09:54 - [TEST_STEP][PASSED] - M4_total_bonus_spins_int = M4_total_bonus_spins_int: null

2019-08-24 13:09:54 - [TEST_STEP][PASSED] - M4_total_bonus_spins = Integer.toString(M4_total_bonus_spins_int): null

2019-08-24 13:09:54 - [TEST_STEP][PASSED] - M4_total_bonus_spins = M4_total_bonus_spins: null

2019-08-24 13:09:54 - [TEST_STEP][PASSED] - println("M4_total_bonus_spins is:" + M4_total_bonus_spins): null

2019-08-24 13:09:54 - [TEST_STEP][PASSED] - M4_spin_bonus_data = bonus_data: null

2019-08-24 13:09:54 - [TEST_STEP][PASSED] - M4_spin_features_triggered = result_M4_spin: null

2019-08-24 13:09:54 - [TEST_STEP][PASSED] - wild = []: null

2019-08-24 13:09:54 - [TEST_STEP][PASSED] - wild[0] = "WILD_Expanding": null

2019-08-24 13:09:54 - [TEST_STEP][PASSED] - wild[1] = "WILD_Normal": null

2019-08-24 13:09:54 - [TEST_STEP][PASSED] - wild[2] = "WILD_Double": null

2019-08-24 13:09:54 - [TEST_STEP][PASSED] - wild[3] = "WILD_ExtraFG": null

2019-08-24 13:09:54 - [TEST_STEP][PASSED] - wild[4] = "WILD_Triple": null

2019-08-24 13:09:54 - [TEST_STEP][PASSED] - wildList = Arrays.asList(wild): null

2019-08-24 13:09:54 - [TEST_STEP][PASSED] - wildList = wildList: null

2019-08-24 13:09:54 - [TEST_STEP][PASSED] - free_spin_reel_counter = []: null

2019-08-24 13:09:54 - [TEST_STEP][PASSED] - free_spin_reel_counter[0] = 0: null

2019-08-24 13:09:54 - [TEST_STEP][PASSED] - free_spin_reel_counter[1] = 0: null

2019-08-24 13:09:54 - [TEST_STEP][PASSED] - free_spin_reel_counter[2] = 0: null

2019-08-24 13:09:54 - [TEST_STEP][PASSED] - M4_spin_reels = reels: null

2019-08-24 13:09:54 - [TEST_STEP][PASSED] - for ([i = 0, i &lt; M4_spin_reels.size(), (i++)]): null

2019-08-24 13:09:54 - [TEST_STEP][PASSED] - symbols = symbols: null

2019-08-24 13:09:54 - [TEST_STEP][PASSED] - for ([j = 0, j &lt; symbols.size(), (j++)]): null

2019-08-24 13:09:54 - [TEST_STEP][PASSED] - symbol = symbol: null

2019-08-24 13:09:54 - [TEST_STEP][PASSED] - println(symbol): null

2019-08-24 13:09:54 - [TEST_STEP][PASSED] - if (i == 2 &amp;&amp; wildList.indexOf(symbol) != -1): null

2019-08-24 13:09:54 - [TEST_STEP][PASSED] - if (i == 3 &amp;&amp; wildList.indexOf(symbol) != -1): null

2019-08-24 13:09:54 - [TEST_STEP][PASSED] - if (i == 4 &amp;&amp; wildList.indexOf(symbol) != -1): null

2019-08-24 13:09:54 - [TEST_STEP][PASSED] - symbol = symbol: null

2019-08-24 13:09:54 - [TEST_STEP][PASSED] - println(symbol): null

2019-08-24 13:09:54 - [TEST_STEP][PASSED] - if (i == 2 &amp;&amp; wildList.indexOf(symbol) != -1): null

2019-08-24 13:09:54 - [TEST_STEP][PASSED] - if (i == 3 &amp;&amp; wildList.indexOf(symbol) != -1): null

2019-08-24 13:09:54 - [TEST_STEP][PASSED] - if (i == 4 &amp;&amp; wildList.indexOf(symbol) != -1): null

2019-08-24 13:09:54 - [TEST_STEP][PASSED] - symbol = symbol: null

2019-08-24 13:09:54 - [TEST_STEP][PASSED] - println(symbol): null

2019-08-24 13:09:54 - [TEST_STEP][PASSED] - if (i == 2 &amp;&amp; wildList.indexOf(symbol) != -1): null

2019-08-24 13:09:54 - [TEST_STEP][PASSED] - if (i == 3 &amp;&amp; wildList.indexOf(symbol) != -1): null

2019-08-24 13:09:54 - [TEST_STEP][PASSED] - if (i == 4 &amp;&amp; wildList.indexOf(symbol) != -1): null

2019-08-24 13:09:54 - [TEST_STEP][PASSED] - symbols = symbols: null

2019-08-24 13:09:54 - [TEST_STEP][PASSED] - for ([j = 0, j &lt; symbols.size(), (j++)]): null

2019-08-24 13:09:54 - [TEST_STEP][PASSED] - symbol = symbol: null

2019-08-24 13:09:54 - [TEST_STEP][PASSED] - println(symbol): null

2019-08-24 13:09:54 - [TEST_STEP][PASSED] - if (i == 2 &amp;&amp; wildList.indexOf(symbol) != -1): null

2019-08-24 13:09:54 - [TEST_STEP][PASSED] - if (i == 3 &amp;&amp; wildList.indexOf(symbol) != -1): null

2019-08-24 13:09:54 - [TEST_STEP][PASSED] - if (i == 4 &amp;&amp; wildList.indexOf(symbol) != -1): null

2019-08-24 13:09:54 - [TEST_STEP][PASSED] - symbol = symbol: null

2019-08-24 13:09:54 - [TEST_STEP][PASSED] - println(symbol): null

2019-08-24 13:09:54 - [TEST_STEP][PASSED] - if (i == 2 &amp;&amp; wildList.indexOf(symbol) != -1): null

2019-08-24 13:09:54 - [TEST_STEP][PASSED] - if (i == 3 &amp;&amp; wildList.indexOf(symbol) != -1): null

2019-08-24 13:09:54 - [TEST_STEP][PASSED] - if (i == 4 &amp;&amp; wildList.indexOf(symbol) != -1): null

2019-08-24 13:09:54 - [TEST_STEP][PASSED] - symbol = symbol: null

2019-08-24 13:09:54 - [TEST_STEP][PASSED] - println(symbol): null

2019-08-24 13:09:54 - [TEST_STEP][PASSED] - if (i == 2 &amp;&amp; wildList.indexOf(symbol) != -1): null

2019-08-24 13:09:54 - [TEST_STEP][PASSED] - if (i == 3 &amp;&amp; wildList.indexOf(symbol) != -1): null

2019-08-24 13:09:54 - [TEST_STEP][PASSED] - if (i == 4 &amp;&amp; wildList.indexOf(symbol) != -1): null

2019-08-24 13:09:54 - [TEST_STEP][PASSED] - symbols = symbols: null

2019-08-24 13:09:54 - [TEST_STEP][PASSED] - for ([j = 0, j &lt; symbols.size(), (j++)]): null

2019-08-24 13:09:54 - [TEST_STEP][PASSED] - symbol = symbol: null

2019-08-24 13:09:54 - [TEST_STEP][PASSED] - println(symbol): null

2019-08-24 13:09:54 - [TEST_STEP][PASSED] - if (i == 2 &amp;&amp; wildList.indexOf(symbol) != -1): null

2019-08-24 13:09:54 - [TEST_STEP][PASSED] - if (i == 3 &amp;&amp; wildList.indexOf(symbol) != -1): null

2019-08-24 13:09:54 - [TEST_STEP][PASSED] - if (i == 4 &amp;&amp; wildList.indexOf(symbol) != -1): null

2019-08-24 13:09:54 - [TEST_STEP][PASSED] - symbol = symbol: null

2019-08-24 13:09:54 - [TEST_STEP][PASSED] - println(symbol): null

2019-08-24 13:09:54 - [TEST_STEP][PASSED] - if (i == 2 &amp;&amp; wildList.indexOf(symbol) != -1): null

2019-08-24 13:09:54 - [TEST_STEP][PASSED] - if (i == 3 &amp;&amp; wildList.indexOf(symbol) != -1): null

2019-08-24 13:09:54 - [TEST_STEP][PASSED] - if (i == 4 &amp;&amp; wildList.indexOf(symbol) != -1): null

2019-08-24 13:09:54 - [TEST_STEP][PASSED] - symbol = symbol: null

2019-08-24 13:09:54 - [TEST_STEP][PASSED] - println(symbol): null

2019-08-24 13:09:54 - [TEST_STEP][PASSED] - if (i == 2 &amp;&amp; wildList.indexOf(symbol) != -1): null

2019-08-24 13:09:54 - [TEST_STEP][PASSED] - if (i == 3 &amp;&amp; wildList.indexOf(symbol) != -1): null

2019-08-24 13:09:54 - [TEST_STEP][PASSED] - if (i == 4 &amp;&amp; wildList.indexOf(symbol) != -1): null

2019-08-24 13:09:54 - [TEST_STEP][PASSED] - symbols = symbols: null

2019-08-24 13:09:54 - [TEST_STEP][PASSED] - for ([j = 0, j &lt; symbols.size(), (j++)]): null

2019-08-24 13:09:54 - [TEST_STEP][PASSED] - symbol = symbol: null

2019-08-24 13:09:54 - [TEST_STEP][PASSED] - println(symbol): null

2019-08-24 13:09:54 - [TEST_STEP][PASSED] - if (i == 2 &amp;&amp; wildList.indexOf(symbol) != -1): null

2019-08-24 13:09:54 - [TEST_STEP][PASSED] - if (i == 3 &amp;&amp; wildList.indexOf(symbol) != -1): null

2019-08-24 13:09:54 - [TEST_STEP][PASSED] - if (i == 4 &amp;&amp; wildList.indexOf(symbol) != -1): null

2019-08-24 13:09:54 - [TEST_STEP][PASSED] - symbol = symbol: null

2019-08-24 13:09:54 - [TEST_STEP][PASSED] - println(symbol): null

2019-08-24 13:09:54 - [TEST_STEP][PASSED] - if (i == 2 &amp;&amp; wildList.indexOf(symbol) != -1): null

2019-08-24 13:09:54 - [TEST_STEP][PASSED] - if (i == 3 &amp;&amp; wildList.indexOf(symbol) != -1): null

2019-08-24 13:09:54 - [TEST_STEP][PASSED] - if (i == 4 &amp;&amp; wildList.indexOf(symbol) != -1): null

2019-08-24 13:09:54 - [TEST_STEP][PASSED] - symbol = symbol: null

2019-08-24 13:09:54 - [TEST_STEP][PASSED] - println(symbol): null

2019-08-24 13:09:54 - [TEST_STEP][PASSED] - if (i == 2 &amp;&amp; wildList.indexOf(symbol) != -1): null

2019-08-24 13:09:54 - [TEST_STEP][PASSED] - if (i == 3 &amp;&amp; wildList.indexOf(symbol) != -1): null

2019-08-24 13:09:54 - [TEST_STEP][PASSED] - if (i == 4 &amp;&amp; wildList.indexOf(symbol) != -1): null

2019-08-24 13:09:54 - [TEST_STEP][PASSED] - symbols = symbols: null

2019-08-24 13:09:54 - [TEST_STEP][PASSED] - for ([j = 0, j &lt; symbols.size(), (j++)]): null

2019-08-24 13:09:54 - [TEST_STEP][PASSED] - symbol = symbol: null

2019-08-24 13:09:54 - [TEST_STEP][PASSED] - println(symbol): null

2019-08-24 13:09:54 - [TEST_STEP][PASSED] - if (i == 2 &amp;&amp; wildList.indexOf(symbol) != -1): null

2019-08-24 13:09:54 - [TEST_STEP][PASSED] - if (i == 3 &amp;&amp; wildList.indexOf(symbol) != -1): null

2019-08-24 13:09:58 - [TEST_STEP][PASSED] - if (i == 4 &amp;&amp; wildList.indexOf(symbol) != -1): null

2019-08-24 13:09:58 - [TEST_STEP][PASSED] - symbol = symbol: null

2019-08-24 13:09:58 - [TEST_STEP][PASSED] - println(symbol): null

2019-08-24 13:09:58 - [TEST_STEP][PASSED] - if (i == 2 &amp;&amp; wildList.indexOf(symbol) != -1): null

2019-08-24 13:09:58 - [TEST_STEP][PASSED] - if (i == 3 &amp;&amp; wildList.indexOf(symbol) != -1): null

2019-08-24 13:09:58 - [TEST_STEP][PASSED] - if (i == 4 &amp;&amp; wildList.indexOf(symbol) != -1): null

2019-08-24 13:09:58 - [TEST_STEP][PASSED] - symbol = symbol: null

2019-08-24 13:09:58 - [TEST_STEP][PASSED] - println(symbol): null

2019-08-24 13:09:58 - [TEST_STEP][PASSED] - if (i == 2 &amp;&amp; wildList.indexOf(symbol) != -1): null

2019-08-24 13:09:58 - [TEST_STEP][PASSED] - if (i == 3 &amp;&amp; wildList.indexOf(symbol) != -1): null

2019-08-24 13:10:04 - [TEST_STEP][PASSED] - if (i == 4 &amp;&amp; wildList.indexOf(symbol) != -1): null

2019-08-24 13:10:04 - [TEST_STEP][PASSED] - free_spin_reel_counter = free_spin_reel_counter: null

2019-08-24 13:10:04 - [TEST_STEP][PASSED] - println("reel 3 wild found: " + free_spin_reel_counter[0]): null

2019-08-24 13:10:04 - [TEST_STEP][PASSED] - println("reel 4 wild found: " + free_spin_reel_counter[1]): null

2019-08-24 13:10:04 - [TEST_STEP][PASSED] - println("reel 5 wild found: " + free_spin_reel_counter[2]): null

2019-08-24 13:10:09 - [TEST_STEP][PASSED] - M4_spin_reels = M4_spin_reels: null

2019-08-24 13:10:09 - [TEST_STEP][PASSED] - M4_spin_reels_symbols = symbol: null

2019-08-24 13:10:09 - [TEST_STEP][PASSED] - M4_spin_reels_symbols = M4_spin_reels_symbols: null

2019-08-24 13:10:09 - [TEST_STEP][PASSED] - M4_spin_reel_wins = reel_wins: null

2019-08-24 13:10:09 - [TEST_STEP][PASSED] - M4_spin_reel_wins = M4_spin_reel_wins: null

2019-08-24 13:10:09 - [TEST_STEP][PASSED] - println("GlobalVariable.M4_spin_reel_wins is: " + M4_spin_reel_wins): null

2019-08-24 13:10:09 - [TEST_STEP][PASSED] - M4_spin_total_bonus_win_this_round = total_bonus_win_this_round: null

2019-08-24 13:10:09 - [TEST_STEP][PASSED] - M4_spin_total_bonus_win_this_round = M4_spin_total_bonus_win_this_round: null

2019-08-24 13:10:09 - [TEST_STEP][PASSED] - println("GlobalVariable.M4_spin_total_bonus_win_this_round is: " + M4_spin_total_bonus_win_this_round): null

2019-08-24 13:10:09 - [TEST_STEP][PASSED] - M4_spin_bonus_spin_result = spin_result: null

2019-08-24 13:10:09 - [TEST_STEP][PASSED] - M4_spin_bonus_spin_result = M4_spin_bonus_spin_result: null

2019-08-24 13:10:09 - [MESSAGE][PASSED] - Verify response successfully

2019-08-24 13:10:09 - [MESSAGE][PASSED] - Send request and verify the response successfully

2019-08-24 13:10:09 - [TEST_STEP][PASSED] - if (M4_total_bonus_spins_int != 0 &amp;&amp; M4_spin_reels_symbols[2].contains("WILD_Expanding")): null

2019-08-24 13:10:09 - [TEST_STEP][PASSED] - free_spin_reel_counter = free_spin_reel_counter: null

2019-08-24 13:10:09 - [TEST_STEP][PASSED] - M4_spin_reels_symbols = M4_spin_reels_symbols: null

2019-08-24 13:10:09 - [TEST_STEP][PASSED] - M4_total_bonus_spins = M4_total_bonus_spins: null

2019-08-24 13:10:09 - [TEST_STEP][PASSED] - spin_result = sendRequestAndVerify(findTestObject("INT/RGS(M4)/1_M4_spin", ["M4_login_user_id":M4_login_user_id, "rgs_session_token":rgs_session_token, "partner":Partner])): Send request and verify the response successfully

2019-08-24 13:10:09 - [MESSAGE][INFO] - HAR: /Users/eiralee/Katalon_Script/SuperWild/Reports/20190824_125957/INT/superWild_5/20190824_125957/requests/main/179.har

2019-08-24 13:10:09 - [TEST_CASE][PASSED] - Start Test Case : Verification: Verification accomplished successfully

2019-08-24 13:10:09 - [TEST_STEP][PASSED] - request = getInstance().getCurrentRequest(): null

2019-08-24 13:10:10 - [TEST_STEP][PASSED] - response = getInstance().getCurrentResponse(): null

2019-08-24 13:10:10 - [TEST_STEP][PASSED] - verifyResponseStatusCode(response, 200): Verify response status code successfully

2019-08-24 13:10:10 - [MESSAGE][PASSED] - Verify response status code successfully

2019-08-24 13:10:10 - [TEST_STEP][PASSED] - getStatusCode()).isEqualTo(200): null

2019-08-24 13:10:10 - [TEST_STEP][PASSED] - newline = System.getProperty("line.separator"): null

2019-08-24 13:10:10 - [TEST_STEP][PASSED] - M4_spin = new groovy.json.JsonSlurper(): null

2019-08-24 13:10:10 - [TEST_STEP][PASSED] - result_M4_spin = M4_spin.parseText(response.getResponseBodyContent()): null

2019-08-24 13:10:10 - [TEST_STEP][PASSED] - M4_spin_current_balance = current_balance: null

2019-08-24 13:10:10 - [TEST_STEP][PASSED] - M4_spin_current_balance = M4_spin_current_balance: null

2019-08-24 13:10:10 - [TEST_STEP][PASSED] - M4_spin_transaction_id = causality: null

2019-08-24 13:10:10 - [TEST_STEP][PASSED] - M4_spin_transaction_id = M4_spin_transaction_id: null

2019-08-24 13:10:10 - [TEST_STEP][PASSED] - M4_spin_round_id = round_id: null

2019-08-24 13:10:10 - [TEST_STEP][PASSED] - M4_spin_round_id = M4_spin_round_id: null

2019-08-24 13:10:10 - [TEST_STEP][PASSED] - M4_spin_line_wins = line_wins: null

2019-08-24 13:10:10 - [TEST_STEP][PASSED] - M4_spin_line_wins = M4_spin_line_wins: null

2019-08-24 13:10:10 - [TEST_STEP][PASSED] - M4_total_bonus_spins_int = total_bonus_spins: null

2019-08-24 13:10:10 - [TEST_STEP][PASSED] - println("******M4_total_bonus_spins type is:*******" + newline + getClass().getName()): null

2019-08-24 13:10:10 - [TEST_STEP][PASSED] - M4_total_bonus_spins_int = M4_total_bonus_spins_int: null

2019-08-24 13:10:10 - [TEST_STEP][PASSED] - M4_total_bonus_spins = Integer.toString(M4_total_bonus_spins_int): null

2019-08-24 13:10:10 - [TEST_STEP][PASSED] - M4_total_bonus_spins = M4_total_bonus_spins: null

2019-08-24 13:10:10 - [TEST_STEP][PASSED] - println("M4_total_bonus_spins is:" + M4_total_bonus_spins): null

2019-08-24 13:10:10 - [TEST_STEP][PASSED] - M4_spin_bonus_data = bonus_data: null

2019-08-24 13:10:10 - [TEST_STEP][PASSED] - M4_spin_features_triggered = result_M4_spin: null

2019-08-24 13:10:10 - [TEST_STEP][PASSED] - wild = []: null

2019-08-24 13:10:10 - [TEST_STEP][PASSED] - wild[0] = "WILD_Expanding": null

2019-08-24 13:10:10 - [TEST_STEP][PASSED] - wild[1] = "WILD_Normal": null

2019-08-24 13:10:10 - [TEST_STEP][PASSED] - wild[2] = "WILD_Double": null

2019-08-24 13:10:10 - [TEST_STEP][PASSED] - wild[3] = "WILD_ExtraFG": null

2019-08-24 13:10:10 - [TEST_STEP][PASSED] - wild[4] = "WILD_Triple": null

2019-08-24 13:10:10 - [TEST_STEP][PASSED] - wildList = Arrays.asList(wild): null

2019-08-24 13:10:10 - [TEST_STEP][PASSED] - wildList = wildList: null

2019-08-24 13:10:10 - [TEST_STEP][PASSED] - free_spin_reel_counter = []: null

2019-08-24 13:10:10 - [TEST_STEP][PASSED] - free_spin_reel_counter[0] = 0: null

2019-08-24 13:10:10 - [TEST_STEP][PASSED] - free_spin_reel_counter[1] = 0: null

2019-08-24 13:10:10 - [TEST_STEP][PASSED] - free_spin_reel_counter[2] = 0: null

2019-08-24 13:10:10 - [TEST_STEP][PASSED] - M4_spin_reels = reels: null

2019-08-24 13:10:10 - [TEST_STEP][PASSED] - for ([i = 0, i &lt; M4_spin_reels.size(), (i++)]): null

2019-08-24 13:10:10 - [TEST_STEP][PASSED] - symbols = symbols: null

2019-08-24 13:10:10 - [TEST_STEP][PASSED] - for ([j = 0, j &lt; symbols.size(), (j++)]): null

2019-08-24 13:10:10 - [TEST_STEP][PASSED] - symbol = symbol: null

2019-08-24 13:10:10 - [TEST_STEP][PASSED] - println(symbol): null

2019-08-24 13:10:10 - [TEST_STEP][PASSED] - if (i == 2 &amp;&amp; wildList.indexOf(symbol) != -1): null

2019-08-24 13:10:10 - [TEST_STEP][PASSED] - if (i == 3 &amp;&amp; wildList.indexOf(symbol) != -1): null

2019-08-24 13:10:10 - [TEST_STEP][PASSED] - if (i == 4 &amp;&amp; wildList.indexOf(symbol) != -1): null

2019-08-24 13:10:10 - [TEST_STEP][PASSED] - symbol = symbol: null

2019-08-24 13:10:10 - [TEST_STEP][PASSED] - println(symbol): null

2019-08-24 13:10:10 - [TEST_STEP][PASSED] - if (i == 2 &amp;&amp; wildList.indexOf(symbol) != -1): null

2019-08-24 13:10:10 - [TEST_STEP][PASSED] - if (i == 3 &amp;&amp; wildList.indexOf(symbol) != -1): null

2019-08-24 13:10:10 - [TEST_STEP][PASSED] - if (i == 4 &amp;&amp; wildList.indexOf(symbol) != -1): null

2019-08-24 13:10:10 - [TEST_STEP][PASSED] - symbol = symbol: null

2019-08-24 13:10:10 - [TEST_STEP][PASSED] - println(symbol): null

2019-08-24 13:10:10 - [TEST_STEP][PASSED] - if (i == 2 &amp;&amp; wildList.indexOf(symbol) != -1): null

2019-08-24 13:10:10 - [TEST_STEP][PASSED] - if (i == 3 &amp;&amp; wildList.indexOf(symbol) != -1): null

2019-08-24 13:10:10 - [TEST_STEP][PASSED] - if (i == 4 &amp;&amp; wildList.indexOf(symbol) != -1): null

2019-08-24 13:10:10 - [TEST_STEP][PASSED] - symbols = symbols: null

2019-08-24 13:10:10 - [TEST_STEP][PASSED] - for ([j = 0, j &lt; symbols.size(), (j++)]): null

2019-08-24 13:10:10 - [TEST_STEP][PASSED] - symbol = symbol: null

2019-08-24 13:10:10 - [TEST_STEP][PASSED] - println(symbol): null

2019-08-24 13:10:10 - [TEST_STEP][PASSED] - if (i == 2 &amp;&amp; wildList.indexOf(symbol) != -1): null

2019-08-24 13:10:10 - [TEST_STEP][PASSED] - if (i == 3 &amp;&amp; wildList.indexOf(symbol) != -1): null

2019-08-24 13:10:10 - [TEST_STEP][PASSED] - if (i == 4 &amp;&amp; wildList.indexOf(symbol) != -1): null

2019-08-24 13:10:10 - [TEST_STEP][PASSED] - symbol = symbol: null

2019-08-24 13:10:10 - [TEST_STEP][PASSED] - println(symbol): null

2019-08-24 13:10:10 - [TEST_STEP][PASSED] - if (i == 2 &amp;&amp; wildList.indexOf(symbol) != -1): null

2019-08-24 13:10:10 - [TEST_STEP][PASSED] - if (i == 3 &amp;&amp; wildList.indexOf(symbol) != -1): null

2019-08-24 13:10:10 - [TEST_STEP][PASSED] - if (i == 4 &amp;&amp; wildList.indexOf(symbol) != -1): null

2019-08-24 13:10:10 - [TEST_STEP][PASSED] - symbol = symbol: null

2019-08-24 13:10:10 - [TEST_STEP][PASSED] - println(symbol): null

2019-08-24 13:10:10 - [TEST_STEP][PASSED] - if (i == 2 &amp;&amp; wildList.indexOf(symbol) != -1): null

2019-08-24 13:10:10 - [TEST_STEP][PASSED] - if (i == 3 &amp;&amp; wildList.indexOf(symbol) != -1): null

2019-08-24 13:10:10 - [TEST_STEP][PASSED] - if (i == 4 &amp;&amp; wildList.indexOf(symbol) != -1): null

2019-08-24 13:10:10 - [TEST_STEP][PASSED] - symbols = symbols: null

2019-08-24 13:10:10 - [TEST_STEP][PASSED] - for ([j = 0, j &lt; symbols.size(), (j++)]): null

2019-08-24 13:10:10 - [TEST_STEP][PASSED] - symbol = symbol: null

2019-08-24 13:10:10 - [TEST_STEP][PASSED] - println(symbol): null

2019-08-24 13:10:10 - [TEST_STEP][PASSED] - if (i == 2 &amp;&amp; wildList.indexOf(symbol) != -1): null

2019-08-24 13:10:10 - [TEST_STEP][PASSED] - if (i == 3 &amp;&amp; wildList.indexOf(symbol) != -1): null

2019-08-24 13:10:10 - [TEST_STEP][PASSED] - if (i == 4 &amp;&amp; wildList.indexOf(symbol) != -1): null

2019-08-24 13:10:10 - [TEST_STEP][PASSED] - symbol = symbol: null

2019-08-24 13:10:10 - [TEST_STEP][PASSED] - println(symbol): null

2019-08-24 13:10:10 - [TEST_STEP][PASSED] - if (i == 2 &amp;&amp; wildList.indexOf(symbol) != -1): null

2019-08-24 13:10:10 - [TEST_STEP][PASSED] - if (i == 3 &amp;&amp; wildList.indexOf(symbol) != -1): null

2019-08-24 13:10:10 - [TEST_STEP][PASSED] - if (i == 4 &amp;&amp; wildList.indexOf(symbol) != -1): null

2019-08-24 13:10:10 - [TEST_STEP][PASSED] - symbol = symbol: null

2019-08-24 13:10:10 - [TEST_STEP][PASSED] - println(symbol): null

2019-08-24 13:10:10 - [TEST_STEP][PASSED] - if (i == 2 &amp;&amp; wildList.indexOf(symbol) != -1): null

2019-08-24 13:10:10 - [TEST_STEP][PASSED] - if (i == 3 &amp;&amp; wildList.indexOf(symbol) != -1): null

2019-08-24 13:10:10 - [TEST_STEP][PASSED] - if (i == 4 &amp;&amp; wildList.indexOf(symbol) != -1): null

2019-08-24 13:10:10 - [TEST_STEP][PASSED] - symbols = symbols: null

2019-08-24 13:10:10 - [TEST_STEP][PASSED] - for ([j = 0, j &lt; symbols.size(), (j++)]): null

2019-08-24 13:10:10 - [TEST_STEP][PASSED] - symbol = symbol: null

2019-08-24 13:10:10 - [TEST_STEP][PASSED] - println(symbol): null

2019-08-24 13:10:10 - [TEST_STEP][PASSED] - if (i == 2 &amp;&amp; wildList.indexOf(symbol) != -1): null

2019-08-24 13:10:10 - [TEST_STEP][PASSED] - if (i == 3 &amp;&amp; wildList.indexOf(symbol) != -1): null

2019-08-24 13:10:10 - [TEST_STEP][PASSED] - if (i == 4 &amp;&amp; wildList.indexOf(symbol) != -1): null

2019-08-24 13:10:10 - [TEST_STEP][PASSED] - symbol = symbol: null

2019-08-24 13:10:10 - [TEST_STEP][PASSED] - println(symbol): null

2019-08-24 13:10:10 - [TEST_STEP][PASSED] - if (i == 2 &amp;&amp; wildList.indexOf(symbol) != -1): null

2019-08-24 13:10:10 - [TEST_STEP][PASSED] - if (i == 3 &amp;&amp; wildList.indexOf(symbol) != -1): null

2019-08-24 13:10:10 - [TEST_STEP][PASSED] - if (i == 4 &amp;&amp; wildList.indexOf(symbol) != -1): null

2019-08-24 13:10:10 - [TEST_STEP][PASSED] - symbol = symbol: null

2019-08-24 13:10:10 - [TEST_STEP][PASSED] - println(symbol): null

2019-08-24 13:10:10 - [TEST_STEP][PASSED] - if (i == 2 &amp;&amp; wildList.indexOf(symbol) != -1): null

2019-08-24 13:10:10 - [TEST_STEP][PASSED] - if (i == 3 &amp;&amp; wildList.indexOf(symbol) != -1): null

2019-08-24 13:10:10 - [TEST_STEP][PASSED] - if (i == 4 &amp;&amp; wildList.indexOf(symbol) != -1): null

2019-08-24 13:10:10 - [TEST_STEP][PASSED] - symbols = symbols: null

2019-08-24 13:10:10 - [TEST_STEP][PASSED] - for ([j = 0, j &lt; symbols.size(), (j++)]): null

2019-08-24 13:10:10 - [TEST_STEP][PASSED] - symbol = symbol: null

2019-08-24 13:10:10 - [TEST_STEP][PASSED] - println(symbol): null

2019-08-24 13:10:10 - [TEST_STEP][PASSED] - if (i == 2 &amp;&amp; wildList.indexOf(symbol) != -1): null

2019-08-24 13:10:10 - [TEST_STEP][PASSED] - if (i == 3 &amp;&amp; wildList.indexOf(symbol) != -1): null

2019-08-24 13:10:10 - [TEST_STEP][PASSED] - if (i == 4 &amp;&amp; wildList.indexOf(symbol) != -1): null

2019-08-24 13:10:10 - [TEST_STEP][PASSED] - symbol = symbol: null

2019-08-24 13:10:10 - [TEST_STEP][PASSED] - println(symbol): null

2019-08-24 13:10:10 - [TEST_STEP][PASSED] - if (i == 2 &amp;&amp; wildList.indexOf(symbol) != -1): null

2019-08-24 13:10:10 - [TEST_STEP][PASSED] - if (i == 3 &amp;&amp; wildList.indexOf(symbol) != -1): null

2019-08-24 13:10:10 - [TEST_STEP][PASSED] - if (i == 4 &amp;&amp; wildList.indexOf(symbol) != -1): null

2019-08-24 13:10:10 - [TEST_STEP][PASSED] - symbol = symbol: null

2019-08-24 13:10:10 - [TEST_STEP][PASSED] - println(symbol): null

2019-08-24 13:10:10 - [TEST_STEP][PASSED] - if (i == 2 &amp;&amp; wildList.indexOf(symbol) != -1): null

2019-08-24 13:10:10 - [TEST_STEP][PASSED] - if (i == 3 &amp;&amp; wildList.indexOf(symbol) != -1): null

2019-08-24 13:10:10 - [TEST_STEP][PASSED] - if (i == 4 &amp;&amp; wildList.indexOf(symbol) != -1): null

2019-08-24 13:10:10 - [TEST_STEP][PASSED] - free_spin_reel_counter = free_spin_reel_counter: null

2019-08-24 13:10:10 - [TEST_STEP][PASSED] - println("reel 3 wild found: " + free_spin_reel_counter[0]): null

2019-08-24 13:10:10 - [TEST_STEP][PASSED] - println("reel 4 wild found: " + free_spin_reel_counter[1]): null

2019-08-24 13:10:10 - [TEST_STEP][PASSED] - println("reel 5 wild found: " + free_spin_reel_counter[2]): null

2019-08-24 13:10:10 - [TEST_STEP][PASSED] - M4_spin_reels = M4_spin_reels: null

2019-08-24 13:10:10 - [TEST_STEP][PASSED] - M4_spin_reels_symbols = symbol: null

2019-08-24 13:10:10 - [TEST_STEP][PASSED] - M4_spin_reels_symbols = M4_spin_reels_symbols: null

2019-08-24 13:10:10 - [TEST_STEP][PASSED] - M4_spin_reel_wins = reel_wins: null

2019-08-24 13:10:10 - [TEST_STEP][PASSED] - M4_spin_reel_wins = M4_spin_reel_wins: null

2019-08-24 13:10:10 - [TEST_STEP][PASSED] - println("GlobalVariable.M4_spin_reel_wins is: " + M4_spin_reel_wins): null

2019-08-24 13:10:10 - [TEST_STEP][PASSED] - M4_spin_total_bonus_win_this_round = total_bonus_win_this_round: null

2019-08-24 13:10:10 - [TEST_STEP][PASSED] - M4_spin_total_bonus_win_this_round = M4_spin_total_bonus_win_this_round: null

2019-08-24 13:10:10 - [TEST_STEP][PASSED] - println("GlobalVariable.M4_spin_total_bonus_win_this_round is: " + M4_spin_total_bonus_win_this_round): null

2019-08-24 13:10:10 - [TEST_STEP][PASSED] - M4_spin_bonus_spin_result = spin_result: null

2019-08-24 13:10:10 - [TEST_STEP][PASSED] - M4_spin_bonus_spin_result = M4_spin_bonus_spin_result: null

2019-08-24 13:10:10 - [MESSAGE][PASSED] - Verify response successfully

2019-08-24 13:10:10 - [MESSAGE][PASSED] - Send request and verify the response successfully

2019-08-24 13:10:10 - [TEST_STEP][PASSED] - if (M4_total_bonus_spins_int != 0 &amp;&amp; M4_spin_reels_symbols[2].contains("WILD_Expanding")): null

2019-08-24 13:10:10 - [TEST_STEP][PASSED] - free_spin_reel_counter = free_spin_reel_counter: null

2019-08-24 13:10:10 - [TEST_STEP][PASSED] - M4_spin_reels_symbols = M4_spin_reels_symbols: null

2019-08-24 13:10:10 - [TEST_STEP][PASSED] - M4_total_bonus_spins = M4_total_bonus_spins: null

2019-08-24 13:10:10 - [TEST_STEP][PASSED] - spin_result = sendRequestAndVerify(findTestObject("INT/RGS(M4)/1_M4_spin", ["M4_login_user_id":M4_login_user_id, "rgs_session_token":rgs_session_token, "partner":Partner])): Send request and verify the response successfully

2019-08-24 13:10:10 - [MESSAGE][INFO] - HAR: /Users/eiralee/Katalon_Script/SuperWild/Reports/20190824_125957/INT/superWild_5/20190824_125957/requests/main/180.har

2019-08-24 13:10:10 - [TEST_CASE][PASSED] - Start Test Case : Verification: Verification accomplished successfully

2019-08-24 13:10:10 - [TEST_STEP][PASSED] - request = getInstance().getCurrentRequest(): null

2019-08-24 13:10:10 - [TEST_STEP][PASSED] - response = getInstance().getCurrentResponse(): null

2019-08-24 13:10:10 - [TEST_STEP][PASSED] - verifyResponseStatusCode(response, 200): Verify response status code successfully

2019-08-24 13:10:10 - [MESSAGE][PASSED] - Verify response status code successfully

2019-08-24 13:10:10 - [TEST_STEP][PASSED] - getStatusCode()).isEqualTo(200): null

2019-08-24 13:10:10 - [TEST_STEP][PASSED] - newline = System.getProperty("line.separator"): null

2019-08-24 13:10:10 - [TEST_STEP][PASSED] - M4_spin = new groovy.json.JsonSlurper(): null

2019-08-24 13:10:10 - [TEST_STEP][PASSED] - result_M4_spin = M4_spin.parseText(response.getResponseBodyContent()): null

2019-08-24 13:10:10 - [TEST_STEP][PASSED] - M4_spin_current_balance = current_balance: null

2019-08-24 13:10:10 - [TEST_STEP][PASSED] - M4_spin_current_balance = M4_spin_current_balance: null

2019-08-24 13:10:10 - [TEST_STEP][PASSED] - M4_spin_transaction_id = causality: null

2019-08-24 13:10:10 - [TEST_STEP][PASSED] - M4_spin_transaction_id = M4_spin_transaction_id: null

2019-08-24 13:10:10 - [TEST_STEP][PASSED] - M4_spin_round_id = round_id: null

2019-08-24 13:10:10 - [TEST_STEP][PASSED] - M4_spin_round_id = M4_spin_round_id: null

2019-08-24 13:10:10 - [TEST_STEP][PASSED] - M4_spin_line_wins = line_wins: null

2019-08-24 13:10:10 - [TEST_STEP][PASSED] - M4_spin_line_wins = M4_spin_line_wins: null

2019-08-24 13:10:10 - [TEST_STEP][PASSED] - M4_total_bonus_spins_int = total_bonus_spins: null

2019-08-24 13:10:10 - [TEST_STEP][PASSED] - println("******M4_total_bonus_spins type is:*******" + newline + getClass().getName()): null

2019-08-24 13:10:10 - [TEST_STEP][PASSED] - M4_total_bonus_spins_int = M4_total_bonus_spins_int: null

2019-08-24 13:10:10 - [TEST_STEP][PASSED] - M4_total_bonus_spins = Integer.toString(M4_total_bonus_spins_int): null

2019-08-24 13:10:10 - [TEST_STEP][PASSED] - M4_total_bonus_spins = M4_total_bonus_spins: null

2019-08-24 13:10:10 - [TEST_STEP][PASSED] - println("M4_total_bonus_spins is:" + M4_total_bonus_spins): null

2019-08-24 13:10:10 - [TEST_STEP][PASSED] - M4_spin_bonus_data = bonus_data: null

2019-08-24 13:10:10 - [TEST_STEP][PASSED] - M4_spin_features_triggered = result_M4_spin: null

2019-08-24 13:10:10 - [TEST_STEP][PASSED] - wild = []: null

2019-08-24 13:10:10 - [TEST_STEP][PASSED] - wild[0] = "WILD_Expanding": null

2019-08-24 13:10:10 - [TEST_STEP][PASSED] - wild[1] = "WILD_Normal": null

2019-08-24 13:10:10 - [TEST_STEP][PASSED] - wild[2] = "WILD_Double": null

2019-08-24 13:10:10 - [TEST_STEP][PASSED] - wild[3] = "WILD_ExtraFG": null

2019-08-24 13:10:10 - [TEST_STEP][PASSED] - wild[4] = "WILD_Triple": null

2019-08-24 13:10:10 - [TEST_STEP][PASSED] - wildList = Arrays.asList(wild): null

2019-08-24 13:10:10 - [TEST_STEP][PASSED] - wildList = wildList: null

2019-08-24 13:10:10 - [TEST_STEP][PASSED] - free_spin_reel_counter = []: null

2019-08-24 13:10:10 - [TEST_STEP][PASSED] - free_spin_reel_counter[0] = 0: null

2019-08-24 13:10:10 - [TEST_STEP][PASSED] - free_spin_reel_counter[1] = 0: null

2019-08-24 13:10:10 - [TEST_STEP][PASSED] - free_spin_reel_counter[2] = 0: null

2019-08-24 13:10:10 - [TEST_STEP][PASSED] - M4_spin_reels = reels: null

2019-08-24 13:10:10 - [TEST_STEP][PASSED] - for ([i = 0, i &lt; M4_spin_reels.size(), (i++)]): null

2019-08-24 13:10:10 - [TEST_STEP][PASSED] - symbols = symbols: null

2019-08-24 13:10:10 - [TEST_STEP][PASSED] - for ([j = 0, j &lt; symbols.size(), (j++)]): null

2019-08-24 13:10:10 - [TEST_STEP][PASSED] - symbol = symbol: null

2019-08-24 13:10:10 - [TEST_STEP][PASSED] - println(symbol): null

2019-08-24 13:10:10 - [TEST_STEP][PASSED] - if (i == 2 &amp;&amp; wildList.indexOf(symbol) != -1): null

2019-08-24 13:10:10 - [TEST_STEP][PASSED] - if (i == 3 &amp;&amp; wildList.indexOf(symbol) != -1): null

2019-08-24 13:10:10 - [TEST_STEP][PASSED] - if (i == 4 &amp;&amp; wildList.indexOf(symbol) != -1): null

2019-08-24 13:10:10 - [TEST_STEP][PASSED] - symbol = symbol: null

2019-08-24 13:10:10 - [TEST_STEP][PASSED] - println(symbol): null

2019-08-24 13:10:10 - [TEST_STEP][PASSED] - if (i == 2 &amp;&amp; wildList.indexOf(symbol) != -1): null

2019-08-24 13:10:10 - [TEST_STEP][PASSED] - if (i == 3 &amp;&amp; wildList.indexOf(symbol) != -1): null

2019-08-24 13:10:10 - [TEST_STEP][PASSED] - if (i == 4 &amp;&amp; wildList.indexOf(symbol) != -1): null

2019-08-24 13:10:10 - [TEST_STEP][PASSED] - symbol = symbol: null

2019-08-24 13:10:10 - [TEST_STEP][PASSED] - println(symbol): null

2019-08-24 13:10:10 - [TEST_STEP][PASSED] - if (i == 2 &amp;&amp; wildList.indexOf(symbol) != -1): null

2019-08-24 13:10:10 - [TEST_STEP][PASSED] - if (i == 3 &amp;&amp; wildList.indexOf(symbol) != -1): null

2019-08-24 13:10:10 - [TEST_STEP][PASSED] - if (i == 4 &amp;&amp; wildList.indexOf(symbol) != -1): null

2019-08-24 13:10:10 - [TEST_STEP][PASSED] - symbols = symbols: null

2019-08-24 13:10:10 - [TEST_STEP][PASSED] - for ([j = 0, j &lt; symbols.size(), (j++)]): null

2019-08-24 13:10:10 - [TEST_STEP][PASSED] - symbol = symbol: null

2019-08-24 13:10:10 - [TEST_STEP][PASSED] - println(symbol): null

2019-08-24 13:10:10 - [TEST_STEP][PASSED] - if (i == 2 &amp;&amp; wildList.indexOf(symbol) != -1): null

2019-08-24 13:10:10 - [TEST_STEP][PASSED] - if (i == 3 &amp;&amp; wildList.indexOf(symbol) != -1): null

2019-08-24 13:10:10 - [TEST_STEP][PASSED] - if (i == 4 &amp;&amp; wildList.indexOf(symbol) != -1): null

2019-08-24 13:10:10 - [TEST_STEP][PASSED] - symbol = symbol: null

2019-08-24 13:10:10 - [TEST_STEP][PASSED] - println(symbol): null

2019-08-24 13:10:10 - [TEST_STEP][PASSED] - if (i == 2 &amp;&amp; wildList.indexOf(symbol) != -1): null

2019-08-24 13:10:10 - [TEST_STEP][PASSED] - if (i == 3 &amp;&amp; wildList.indexOf(symbol) != -1): null

2019-08-24 13:10:10 - [TEST_STEP][PASSED] - if (i == 4 &amp;&amp; wildList.indexOf(symbol) != -1): null

2019-08-24 13:10:10 - [TEST_STEP][PASSED] - symbol = symbol: null

2019-08-24 13:10:10 - [TEST_STEP][PASSED] - println(symbol): null

2019-08-24 13:10:10 - [TEST_STEP][PASSED] - if (i == 2 &amp;&amp; wildList.indexOf(symbol) != -1): null

2019-08-24 13:10:10 - [TEST_STEP][PASSED] - if (i == 3 &amp;&amp; wildList.indexOf(symbol) != -1): null

2019-08-24 13:10:10 - [TEST_STEP][PASSED] - if (i == 4 &amp;&amp; wildList.indexOf(symbol) != -1): null

2019-08-24 13:10:10 - [TEST_STEP][PASSED] - symbols = symbols: null

2019-08-24 13:10:10 - [TEST_STEP][PASSED] - for ([j = 0, j &lt; symbols.size(), (j++)]): null

2019-08-24 13:10:10 - [TEST_STEP][PASSED] - symbol = symbol: null

2019-08-24 13:10:10 - [TEST_STEP][PASSED] - println(symbol): null

2019-08-24 13:10:10 - [TEST_STEP][PASSED] - if (i == 2 &amp;&amp; wildList.indexOf(symbol) != -1): null

2019-08-24 13:10:10 - [TEST_STEP][PASSED] - if (i == 3 &amp;&amp; wildList.indexOf(symbol) != -1): null

2019-08-24 13:10:10 - [TEST_STEP][PASSED] - if (i == 4 &amp;&amp; wildList.indexOf(symbol) != -1): null

2019-08-24 13:10:10 - [TEST_STEP][PASSED] - symbol = symbol: null

2019-08-24 13:10:10 - [TEST_STEP][PASSED] - println(symbol): null

2019-08-24 13:10:10 - [TEST_STEP][PASSED] - if (i == 2 &amp;&amp; wildList.indexOf(symbol) != -1): null

2019-08-24 13:10:10 - [TEST_STEP][PASSED] - println("wild found on reel 3, adding counter by 1"): null

2019-08-24 13:10:10 - [TEST_STEP][PASSED] - free_spin_reel_counter[0] = free_spin_reel_counter[0] + 1: null

2019-08-24 13:10:10 - [TEST_STEP][PASSED] - if (i == 3 &amp;&amp; wildList.indexOf(symbol) != -1): null

2019-08-24 13:10:10 - [TEST_STEP][PASSED] - if (i == 4 &amp;&amp; wildList.indexOf(symbol) != -1): null

2019-08-24 13:10:10 - [TEST_STEP][PASSED] - symbol = symbol: null

2019-08-24 13:10:10 - [TEST_STEP][PASSED] - println(symbol): null

2019-08-24 13:10:10 - [TEST_STEP][PASSED] - if (i == 2 &amp;&amp; wildList.indexOf(symbol) != -1): null

2019-08-24 13:10:10 - [TEST_STEP][PASSED] - if (i == 3 &amp;&amp; wildList.indexOf(symbol) != -1): null

2019-08-24 13:10:10 - [TEST_STEP][PASSED] - if (i == 4 &amp;&amp; wildList.indexOf(symbol) != -1): null

2019-08-24 13:10:10 - [TEST_STEP][PASSED] - symbols = symbols: null

2019-08-24 13:10:10 - [TEST_STEP][PASSED] - for ([j = 0, j &lt; symbols.size(), (j++)]): null

2019-08-24 13:10:10 - [TEST_STEP][PASSED] - symbol = symbol: null

2019-08-24 13:10:10 - [TEST_STEP][PASSED] - println(symbol): null

2019-08-24 13:10:10 - [TEST_STEP][PASSED] - if (i == 2 &amp;&amp; wildList.indexOf(symbol) != -1): null

2019-08-24 13:10:10 - [TEST_STEP][PASSED] - if (i == 3 &amp;&amp; wildList.indexOf(symbol) != -1): null

2019-08-24 13:10:10 - [TEST_STEP][PASSED] - if (i == 4 &amp;&amp; wildList.indexOf(symbol) != -1): null

2019-08-24 13:10:10 - [TEST_STEP][PASSED] - symbol = symbol: null

2019-08-24 13:10:10 - [TEST_STEP][PASSED] - println(symbol): null

2019-08-24 13:10:10 - [TEST_STEP][PASSED] - if (i == 2 &amp;&amp; wildList.indexOf(symbol) != -1): null

2019-08-24 13:10:10 - [TEST_STEP][PASSED] - if (i == 3 &amp;&amp; wildList.indexOf(symbol) != -1): null

2019-08-24 13:10:10 - [TEST_STEP][PASSED] - if (i == 4 &amp;&amp; wildList.indexOf(symbol) != -1): null

2019-08-24 13:10:10 - [TEST_STEP][PASSED] - symbol = symbol: null

2019-08-24 13:10:10 - [TEST_STEP][PASSED] - println(symbol): null

2019-08-24 13:10:10 - [TEST_STEP][PASSED] - if (i == 2 &amp;&amp; wildList.indexOf(symbol) != -1): null

2019-08-24 13:10:10 - [TEST_STEP][PASSED] - if (i == 3 &amp;&amp; wildList.indexOf(symbol) != -1): null

2019-08-24 13:10:10 - [TEST_STEP][PASSED] - if (i == 4 &amp;&amp; wildList.indexOf(symbol) != -1): null

2019-08-24 13:10:10 - [TEST_STEP][PASSED] - symbols = symbols: null

2019-08-24 13:10:10 - [TEST_STEP][PASSED] - for ([j = 0, j &lt; symbols.size(), (j++)]): null

2019-08-24 13:10:10 - [TEST_STEP][PASSED] - symbol = symbol: null

2019-08-24 13:10:10 - [TEST_STEP][PASSED] - println(symbol): null

2019-08-24 13:10:10 - [TEST_STEP][PASSED] - if (i == 2 &amp;&amp; wildList.indexOf(symbol) != -1): null

2019-08-24 13:10:10 - [TEST_STEP][PASSED] - if (i == 3 &amp;&amp; wildList.indexOf(symbol) != -1): null

2019-08-24 13:10:10 - [TEST_STEP][PASSED] - if (i == 4 &amp;&amp; wildList.indexOf(symbol) != -1): null

2019-08-24 13:10:10 - [TEST_STEP][PASSED] - symbol = symbol: null

2019-08-24 13:10:10 - [TEST_STEP][PASSED] - println(symbol): null

2019-08-24 13:10:10 - [TEST_STEP][PASSED] - if (i == 2 &amp;&amp; wildList.indexOf(symbol) != -1): null

2019-08-24 13:10:10 - [TEST_STEP][PASSED] - if (i == 3 &amp;&amp; wildList.indexOf(symbol) != -1): null

2019-08-24 13:10:10 - [TEST_STEP][PASSED] - if (i == 4 &amp;&amp; wildList.indexOf(symbol) != -1): null

2019-08-24 13:10:10 - [TEST_STEP][PASSED] - symbol = symbol: null

2019-08-24 13:10:10 - [TEST_STEP][PASSED] - println(symbol): null

2019-08-24 13:10:10 - [TEST_STEP][PASSED] - if (i == 2 &amp;&amp; wildList.indexOf(symbol) != -1): null

2019-08-24 13:10:10 - [TEST_STEP][PASSED] - if (i == 3 &amp;&amp; wildList.indexOf(symbol) != -1): null

2019-08-24 13:10:10 - [TEST_STEP][PASSED] - if (i == 4 &amp;&amp; wildList.indexOf(symbol) != -1): null

2019-08-24 13:10:10 - [TEST_STEP][PASSED] - free_spin_reel_counter = free_spin_reel_counter: null

2019-08-24 13:10:10 - [TEST_STEP][PASSED] - println("reel 3 wild found: " + free_spin_reel_counter[0]): null

2019-08-24 13:10:10 - [TEST_STEP][PASSED] - println("reel 4 wild found: " + free_spin_reel_counter[1]): null

2019-08-24 13:10:10 - [TEST_STEP][PASSED] - println("reel 5 wild found: " + free_spin_reel_counter[2]): null

2019-08-24 13:10:10 - [TEST_STEP][PASSED] - M4_spin_reels = M4_spin_reels: null

2019-08-24 13:10:10 - [TEST_STEP][PASSED] - M4_spin_reels_symbols = symbol: null

2019-08-24 13:10:10 - [TEST_STEP][PASSED] - M4_spin_reels_symbols = M4_spin_reels_symbols: null

2019-08-24 13:10:10 - [TEST_STEP][PASSED] - M4_spin_reel_wins = reel_wins: null

2019-08-24 13:10:10 - [TEST_STEP][PASSED] - M4_spin_reel_wins = M4_spin_reel_wins: null

2019-08-24 13:10:10 - [TEST_STEP][PASSED] - println("GlobalVariable.M4_spin_reel_wins is: " + M4_spin_reel_wins): null

2019-08-24 13:10:10 - [TEST_STEP][PASSED] - M4_spin_total_bonus_win_this_round = total_bonus_win_this_round: null

2019-08-24 13:10:10 - [TEST_STEP][PASSED] - M4_spin_total_bonus_win_this_round = M4_spin_total_bonus_win_this_round: null

2019-08-24 13:10:10 - [TEST_STEP][PASSED] - println("GlobalVariable.M4_spin_total_bonus_win_this_round is: " + M4_spin_total_bonus_win_this_round): null

2019-08-24 13:10:10 - [TEST_STEP][PASSED] - M4_spin_bonus_spin_result = spin_result: null

2019-08-24 13:10:10 - [TEST_STEP][PASSED] - M4_spin_bonus_spin_result = M4_spin_bonus_spin_result: null

2019-08-24 13:10:10 - [MESSAGE][PASSED] - Verify response successfully

2019-08-24 13:10:10 - [MESSAGE][PASSED] - Send request and verify the response successfully

2019-08-24 13:10:10 - [TEST_STEP][PASSED] - if (M4_total_bonus_spins_int != 0 &amp;&amp; M4_spin_reels_symbols[2].contains("WILD_Expanding")): null

2019-08-24 13:10:10 - [TEST_STEP][PASSED] - free_spin_reel_counter = free_spin_reel_counter: null

2019-08-24 13:10:10 - [TEST_STEP][PASSED] - M4_spin_reels_symbols = M4_spin_reels_symbols: null

2019-08-24 13:10:10 - [TEST_STEP][PASSED] - M4_total_bonus_spins = M4_total_bonus_spins: null

2019-08-24 13:10:10 - [TEST_STEP][PASSED] - spin_result = sendRequestAndVerify(findTestObject("INT/RGS(M4)/1_M4_spin", ["M4_login_user_id":M4_login_user_id, "rgs_session_token":rgs_session_token, "partner":Partner])): Send request and verify the response successfully

2019-08-24 13:10:10 - [MESSAGE][INFO] - HAR: /Users/eiralee/Katalon_Script/SuperWild/Reports/20190824_125957/INT/superWild_5/20190824_125957/requests/main/181.har

2019-08-24 13:10:11 - [TEST_CASE][PASSED] - Start Test Case : Verification: Verification accomplished successfully

2019-08-24 13:10:11 - [TEST_STEP][PASSED] - request = getInstance().getCurrentRequest(): null

2019-08-24 13:10:11 - [TEST_STEP][PASSED] - response = getInstance().getCurrentResponse(): null

2019-08-24 13:10:11 - [TEST_STEP][PASSED] - verifyResponseStatusCode(response, 200): Verify response status code successfully

2019-08-24 13:10:11 - [MESSAGE][PASSED] - Verify response status code successfully

2019-08-24 13:10:11 - [TEST_STEP][PASSED] - getStatusCode()).isEqualTo(200): null

2019-08-24 13:10:11 - [TEST_STEP][PASSED] - newline = System.getProperty("line.separator"): null

2019-08-24 13:10:11 - [TEST_STEP][PASSED] - M4_spin = new groovy.json.JsonSlurper(): null

2019-08-24 13:10:11 - [TEST_STEP][PASSED] - result_M4_spin = M4_spin.parseText(response.getResponseBodyContent()): null

2019-08-24 13:10:11 - [TEST_STEP][PASSED] - M4_spin_current_balance = current_balance: null

2019-08-24 13:10:11 - [TEST_STEP][PASSED] - M4_spin_current_balance = M4_spin_current_balance: null

2019-08-24 13:10:11 - [TEST_STEP][PASSED] - M4_spin_transaction_id = causality: null

2019-08-24 13:10:11 - [TEST_STEP][PASSED] - M4_spin_transaction_id = M4_spin_transaction_id: null

2019-08-24 13:10:11 - [TEST_STEP][PASSED] - M4_spin_round_id = round_id: null

2019-08-24 13:10:11 - [TEST_STEP][PASSED] - M4_spin_round_id = M4_spin_round_id: null

2019-08-24 13:10:11 - [TEST_STEP][PASSED] - M4_spin_line_wins = line_wins: null

2019-08-24 13:10:11 - [TEST_STEP][PASSED] - M4_spin_line_wins = M4_spin_line_wins: null

2019-08-24 13:10:11 - [TEST_STEP][PASSED] - M4_total_bonus_spins_int = total_bonus_spins: null

2019-08-24 13:10:11 - [TEST_STEP][PASSED] - println("******M4_total_bonus_spins type is:*******" + newline + getClass().getName()): null

2019-08-24 13:10:11 - [TEST_STEP][PASSED] - M4_total_bonus_spins_int = M4_total_bonus_spins_int: null

2019-08-24 13:10:11 - [TEST_STEP][PASSED] - M4_total_bonus_spins = Integer.toString(M4_total_bonus_spins_int): null

2019-08-24 13:10:11 - [TEST_STEP][PASSED] - M4_total_bonus_spins = M4_total_bonus_spins: null

2019-08-24 13:10:11 - [TEST_STEP][PASSED] - println("M4_total_bonus_spins is:" + M4_total_bonus_spins): null

2019-08-24 13:10:11 - [TEST_STEP][PASSED] - M4_spin_bonus_data = bonus_data: null

2019-08-24 13:10:11 - [TEST_STEP][PASSED] - M4_spin_features_triggered = result_M4_spin: null

2019-08-24 13:10:11 - [TEST_STEP][PASSED] - wild = []: null

2019-08-24 13:10:11 - [TEST_STEP][PASSED] - wild[0] = "WILD_Expanding": null

2019-08-24 13:10:11 - [TEST_STEP][PASSED] - wild[1] = "WILD_Normal": null

2019-08-24 13:10:11 - [TEST_STEP][PASSED] - wild[2] = "WILD_Double": null

2019-08-24 13:10:11 - [TEST_STEP][PASSED] - wild[3] = "WILD_ExtraFG": null

2019-08-24 13:10:11 - [TEST_STEP][PASSED] - wild[4] = "WILD_Triple": null

2019-08-24 13:10:11 - [TEST_STEP][PASSED] - wildList = Arrays.asList(wild): null

2019-08-24 13:10:11 - [TEST_STEP][PASSED] - wildList = wildList: null

2019-08-24 13:10:11 - [TEST_STEP][PASSED] - free_spin_reel_counter = []: null

2019-08-24 13:10:11 - [TEST_STEP][PASSED] - free_spin_reel_counter[0] = 0: null

2019-08-24 13:10:11 - [TEST_STEP][PASSED] - free_spin_reel_counter[1] = 0: null

2019-08-24 13:10:11 - [TEST_STEP][PASSED] - free_spin_reel_counter[2] = 0: null

2019-08-24 13:10:11 - [TEST_STEP][PASSED] - M4_spin_reels = reels: null

2019-08-24 13:10:11 - [TEST_STEP][PASSED] - for ([i = 0, i &lt; M4_spin_reels.size(), (i++)]): null

2019-08-24 13:10:11 - [TEST_STEP][PASSED] - symbols = symbols: null

2019-08-24 13:10:11 - [TEST_STEP][PASSED] - for ([j = 0, j &lt; symbols.size(), (j++)]): null

2019-08-24 13:10:11 - [TEST_STEP][PASSED] - symbol = symbol: null

2019-08-24 13:10:11 - [TEST_STEP][PASSED] - println(symbol): null

2019-08-24 13:10:11 - [TEST_STEP][PASSED] - if (i == 2 &amp;&amp; wildList.indexOf(symbol) != -1): null

2019-08-24 13:10:11 - [TEST_STEP][PASSED] - if (i == 3 &amp;&amp; wildList.indexOf(symbol) != -1): null

2019-08-24 13:10:11 - [TEST_STEP][PASSED] - if (i == 4 &amp;&amp; wildList.indexOf(symbol) != -1): null

2019-08-24 13:10:11 - [TEST_STEP][PASSED] - symbol = symbol: null

2019-08-24 13:10:11 - [TEST_STEP][PASSED] - println(symbol): null

2019-08-24 13:10:11 - [TEST_STEP][PASSED] - if (i == 2 &amp;&amp; wildList.indexOf(symbol) != -1): null

2019-08-24 13:10:11 - [TEST_STEP][PASSED] - if (i == 3 &amp;&amp; wildList.indexOf(symbol) != -1): null

2019-08-24 13:10:11 - [TEST_STEP][PASSED] - if (i == 4 &amp;&amp; wildList.indexOf(symbol) != -1): null

2019-08-24 13:10:11 - [TEST_STEP][PASSED] - symbol = symbol: null

2019-08-24 13:10:11 - [TEST_STEP][PASSED] - println(symbol): null

2019-08-24 13:10:11 - [TEST_STEP][PASSED] - if (i == 2 &amp;&amp; wildList.indexOf(symbol) != -1): null

2019-08-24 13:10:11 - [TEST_STEP][PASSED] - if (i == 3 &amp;&amp; wildList.indexOf(symbol) != -1): null

2019-08-24 13:10:11 - [TEST_STEP][PASSED] - if (i == 4 &amp;&amp; wildList.indexOf(symbol) != -1): null

2019-08-24 13:10:11 - [TEST_STEP][PASSED] - symbols = symbols: null

2019-08-24 13:10:11 - [TEST_STEP][PASSED] - for ([j = 0, j &lt; symbols.size(), (j++)]): null

2019-08-24 13:10:11 - [TEST_STEP][PASSED] - symbol = symbol: null

2019-08-24 13:10:11 - [TEST_STEP][PASSED] - println(symbol): null

2019-08-24 13:10:11 - [TEST_STEP][PASSED] - if (i == 2 &amp;&amp; wildList.indexOf(symbol) != -1): null

2019-08-24 13:10:11 - [TEST_STEP][PASSED] - if (i == 3 &amp;&amp; wildList.indexOf(symbol) != -1): null

2019-08-24 13:10:11 - [TEST_STEP][PASSED] - if (i == 4 &amp;&amp; wildList.indexOf(symbol) != -1): null

2019-08-24 13:10:11 - [TEST_STEP][PASSED] - symbol = symbol: null

2019-08-24 13:10:11 - [TEST_STEP][PASSED] - println(symbol): null

2019-08-24 13:10:11 - [TEST_STEP][PASSED] - if (i == 2 &amp;&amp; wildList.indexOf(symbol) != -1): null

2019-08-24 13:10:11 - [TEST_STEP][PASSED] - if (i == 3 &amp;&amp; wildList.indexOf(symbol) != -1): null

2019-08-24 13:10:11 - [TEST_STEP][PASSED] - if (i == 4 &amp;&amp; wildList.indexOf(symbol) != -1): null

2019-08-24 13:10:11 - [TEST_STEP][PASSED] - symbol = symbol: null

2019-08-24 13:10:11 - [TEST_STEP][PASSED] - println(symbol): null

2019-08-24 13:10:11 - [TEST_STEP][PASSED] - if (i == 2 &amp;&amp; wildList.indexOf(symbol) != -1): null

2019-08-24 13:10:11 - [TEST_STEP][PASSED] - if (i == 3 &amp;&amp; wildList.indexOf(symbol) != -1): null

2019-08-24 13:10:11 - [TEST_STEP][PASSED] - if (i == 4 &amp;&amp; wildList.indexOf(symbol) != -1): null

2019-08-24 13:10:11 - [TEST_STEP][PASSED] - symbols = symbols: null

2019-08-24 13:10:11 - [TEST_STEP][PASSED] - for ([j = 0, j &lt; symbols.size(), (j++)]): null

2019-08-24 13:10:11 - [TEST_STEP][PASSED] - symbol = symbol: null

2019-08-24 13:10:11 - [TEST_STEP][PASSED] - println(symbol): null

2019-08-24 13:10:11 - [TEST_STEP][PASSED] - if (i == 2 &amp;&amp; wildList.indexOf(symbol) != -1): null

2019-08-24 13:10:11 - [TEST_STEP][PASSED] - if (i == 3 &amp;&amp; wildList.indexOf(symbol) != -1): null

2019-08-24 13:10:11 - [TEST_STEP][PASSED] - if (i == 4 &amp;&amp; wildList.indexOf(symbol) != -1): null

2019-08-24 13:10:11 - [TEST_STEP][PASSED] - symbol = symbol: null

2019-08-24 13:10:11 - [TEST_STEP][PASSED] - println(symbol): null

2019-08-24 13:10:11 - [TEST_STEP][PASSED] - if (i == 2 &amp;&amp; wildList.indexOf(symbol) != -1): null

2019-08-24 13:10:11 - [TEST_STEP][PASSED] - if (i == 3 &amp;&amp; wildList.indexOf(symbol) != -1): null

2019-08-24 13:10:11 - [TEST_STEP][PASSED] - if (i == 4 &amp;&amp; wildList.indexOf(symbol) != -1): null

2019-08-24 13:10:11 - [TEST_STEP][PASSED] - symbol = symbol: null

2019-08-24 13:10:11 - [TEST_STEP][PASSED] - println(symbol): null

2019-08-24 13:10:11 - [TEST_STEP][PASSED] - if (i == 2 &amp;&amp; wildList.indexOf(symbol) != -1): null

2019-08-24 13:10:11 - [TEST_STEP][PASSED] - if (i == 3 &amp;&amp; wildList.indexOf(symbol) != -1): null

2019-08-24 13:10:11 - [TEST_STEP][PASSED] - if (i == 4 &amp;&amp; wildList.indexOf(symbol) != -1): null

2019-08-24 13:10:11 - [TEST_STEP][PASSED] - symbols = symbols: null

2019-08-24 13:10:11 - [TEST_STEP][PASSED] - for ([j = 0, j &lt; symbols.size(), (j++)]): null

2019-08-24 13:10:11 - [TEST_STEP][PASSED] - symbol = symbol: null

2019-08-24 13:10:11 - [TEST_STEP][PASSED] - println(symbol): null

2019-08-24 13:10:11 - [TEST_STEP][PASSED] - if (i == 2 &amp;&amp; wildList.indexOf(symbol) != -1): null

2019-08-24 13:10:11 - [TEST_STEP][PASSED] - if (i == 3 &amp;&amp; wildList.indexOf(symbol) != -1): null

2019-08-24 13:10:11 - [TEST_STEP][PASSED] - if (i == 4 &amp;&amp; wildList.indexOf(symbol) != -1): null

2019-08-24 13:10:11 - [TEST_STEP][PASSED] - symbol = symbol: null

2019-08-24 13:10:11 - [TEST_STEP][PASSED] - println(symbol): null

2019-08-24 13:10:11 - [TEST_STEP][PASSED] - if (i == 2 &amp;&amp; wildList.indexOf(symbol) != -1): null

2019-08-24 13:10:11 - [TEST_STEP][PASSED] - if (i == 3 &amp;&amp; wildList.indexOf(symbol) != -1): null

2019-08-24 13:10:11 - [TEST_STEP][PASSED] - if (i == 4 &amp;&amp; wildList.indexOf(symbol) != -1): null

2019-08-24 13:10:11 - [TEST_STEP][PASSED] - symbol = symbol: null

2019-08-24 13:10:11 - [TEST_STEP][PASSED] - println(symbol): null

2019-08-24 13:10:11 - [TEST_STEP][PASSED] - if (i == 2 &amp;&amp; wildList.indexOf(symbol) != -1): null

2019-08-24 13:10:11 - [TEST_STEP][PASSED] - if (i == 3 &amp;&amp; wildList.indexOf(symbol) != -1): null

2019-08-24 13:10:11 - [TEST_STEP][PASSED] - if (i == 4 &amp;&amp; wildList.indexOf(symbol) != -1): null

2019-08-24 13:10:11 - [TEST_STEP][PASSED] - symbols = symbols: null

2019-08-24 13:10:11 - [TEST_STEP][PASSED] - for ([j = 0, j &lt; symbols.size(), (j++)]): null

2019-08-24 13:10:11 - [TEST_STEP][PASSED] - symbol = symbol: null

2019-08-24 13:10:11 - [TEST_STEP][PASSED] - println(symbol): null

2019-08-24 13:10:11 - [TEST_STEP][PASSED] - if (i == 2 &amp;&amp; wildList.indexOf(symbol) != -1): null

2019-08-24 13:10:11 - [TEST_STEP][PASSED] - if (i == 3 &amp;&amp; wildList.indexOf(symbol) != -1): null

2019-08-24 13:10:11 - [TEST_STEP][PASSED] - if (i == 4 &amp;&amp; wildList.indexOf(symbol) != -1): null

2019-08-24 13:10:11 - [TEST_STEP][PASSED] - symbol = symbol: null

2019-08-24 13:10:11 - [TEST_STEP][PASSED] - println(symbol): null

2019-08-24 13:10:11 - [TEST_STEP][PASSED] - if (i == 2 &amp;&amp; wildList.indexOf(symbol) != -1): null

2019-08-24 13:10:11 - [TEST_STEP][PASSED] - if (i == 3 &amp;&amp; wildList.indexOf(symbol) != -1): null

2019-08-24 13:10:11 - [TEST_STEP][PASSED] - if (i == 4 &amp;&amp; wildList.indexOf(symbol) != -1): null

2019-08-24 13:10:11 - [TEST_STEP][PASSED] - symbol = symbol: null

2019-08-24 13:10:11 - [TEST_STEP][PASSED] - println(symbol): null

2019-08-24 13:10:11 - [TEST_STEP][PASSED] - if (i == 2 &amp;&amp; wildList.indexOf(symbol) != -1): null

2019-08-24 13:10:11 - [TEST_STEP][PASSED] - if (i == 3 &amp;&amp; wildList.indexOf(symbol) != -1): null

2019-08-24 13:10:11 - [TEST_STEP][PASSED] - if (i == 4 &amp;&amp; wildList.indexOf(symbol) != -1): null

2019-08-24 13:10:11 - [TEST_STEP][PASSED] - free_spin_reel_counter = free_spin_reel_counter: null

2019-08-24 13:10:11 - [TEST_STEP][PASSED] - println("reel 3 wild found: " + free_spin_reel_counter[0]): null

2019-08-24 13:10:11 - [TEST_STEP][PASSED] - println("reel 4 wild found: " + free_spin_reel_counter[1]): null

2019-08-24 13:10:11 - [TEST_STEP][PASSED] - println("reel 5 wild found: " + free_spin_reel_counter[2]): null

2019-08-24 13:10:11 - [TEST_STEP][PASSED] - M4_spin_reels = M4_spin_reels: null

2019-08-24 13:10:11 - [TEST_STEP][PASSED] - M4_spin_reels_symbols = symbol: null

2019-08-24 13:10:11 - [TEST_STEP][PASSED] - M4_spin_reels_symbols = M4_spin_reels_symbols: null

2019-08-24 13:10:11 - [TEST_STEP][PASSED] - M4_spin_reel_wins = reel_wins: null

2019-08-24 13:10:11 - [TEST_STEP][PASSED] - M4_spin_reel_wins = M4_spin_reel_wins: null

2019-08-24 13:10:11 - [TEST_STEP][PASSED] - println("GlobalVariable.M4_spin_reel_wins is: " + M4_spin_reel_wins): null

2019-08-24 13:10:11 - [TEST_STEP][PASSED] - M4_spin_total_bonus_win_this_round = total_bonus_win_this_round: null

2019-08-24 13:10:11 - [TEST_STEP][PASSED] - M4_spin_total_bonus_win_this_round = M4_spin_total_bonus_win_this_round: null

2019-08-24 13:10:11 - [TEST_STEP][PASSED] - println("GlobalVariable.M4_spin_total_bonus_win_this_round is: " + M4_spin_total_bonus_win_this_round): null

2019-08-24 13:10:11 - [TEST_STEP][PASSED] - M4_spin_bonus_spin_result = spin_result: null

2019-08-24 13:10:11 - [TEST_STEP][PASSED] - M4_spin_bonus_spin_result = M4_spin_bonus_spin_result: null

2019-08-24 13:10:11 - [MESSAGE][PASSED] - Verify response successfully

2019-08-24 13:10:11 - [MESSAGE][PASSED] - Send request and verify the response successfully

2019-08-24 13:10:11 - [TEST_STEP][PASSED] - if (M4_total_bonus_spins_int != 0 &amp;&amp; M4_spin_reels_symbols[2].contains("WILD_Expanding")): null

2019-08-24 13:10:11 - [TEST_STEP][PASSED] - free_spin_reel_counter = free_spin_reel_counter: null

2019-08-24 13:10:11 - [TEST_STEP][PASSED] - M4_spin_reels_symbols = M4_spin_reels_symbols: null

2019-08-24 13:10:11 - [TEST_STEP][PASSED] - M4_total_bonus_spins = M4_total_bonus_spins: null

2019-08-24 13:10:11 - [TEST_STEP][PASSED] - spin_result = sendRequestAndVerify(findTestObject("INT/RGS(M4)/1_M4_spin", ["M4_login_user_id":M4_login_user_id, "rgs_session_token":rgs_session_token, "partner":Partner])): Send request and verify the response successfully

2019-08-24 13:10:11 - [MESSAGE][INFO] - HAR: /Users/eiralee/Katalon_Script/SuperWild/Reports/20190824_125957/INT/superWild_5/20190824_125957/requests/main/182.har

2019-08-24 13:10:11 - [TEST_CASE][PASSED] - Start Test Case : Verification: Verification accomplished successfully

2019-08-24 13:10:11 - [TEST_STEP][PASSED] - request = getInstance().getCurrentRequest(): null

2019-08-24 13:10:11 - [TEST_STEP][PASSED] - response = getInstance().getCurrentResponse(): null

2019-08-24 13:10:11 - [TEST_STEP][PASSED] - verifyResponseStatusCode(response, 200): Verify response status code successfully

2019-08-24 13:10:11 - [MESSAGE][PASSED] - Verify response status code successfully

2019-08-24 13:10:11 - [TEST_STEP][PASSED] - getStatusCode()).isEqualTo(200): null

2019-08-24 13:10:11 - [TEST_STEP][PASSED] - newline = System.getProperty("line.separator"): null

2019-08-24 13:10:11 - [TEST_STEP][PASSED] - M4_spin = new groovy.json.JsonSlurper(): null

2019-08-24 13:10:11 - [TEST_STEP][PASSED] - result_M4_spin = M4_spin.parseText(response.getResponseBodyContent()): null

2019-08-24 13:10:11 - [TEST_STEP][PASSED] - M4_spin_current_balance = current_balance: null

2019-08-24 13:10:11 - [TEST_STEP][PASSED] - M4_spin_current_balance = M4_spin_current_balance: null

2019-08-24 13:10:11 - [TEST_STEP][PASSED] - M4_spin_transaction_id = causality: null

2019-08-24 13:10:11 - [TEST_STEP][PASSED] - M4_spin_transaction_id = M4_spin_transaction_id: null

2019-08-24 13:10:11 - [TEST_STEP][PASSED] - M4_spin_round_id = round_id: null

2019-08-24 13:10:11 - [TEST_STEP][PASSED] - M4_spin_round_id = M4_spin_round_id: null

2019-08-24 13:10:11 - [TEST_STEP][PASSED] - M4_spin_line_wins = line_wins: null

2019-08-24 13:10:11 - [TEST_STEP][PASSED] - M4_spin_line_wins = M4_spin_line_wins: null

2019-08-24 13:10:11 - [TEST_STEP][PASSED] - M4_total_bonus_spins_int = total_bonus_spins: null

2019-08-24 13:10:11 - [TEST_STEP][PASSED] - println("******M4_total_bonus_spins type is:*******" + newline + getClass().getName()): null

2019-08-24 13:10:11 - [TEST_STEP][PASSED] - M4_total_bonus_spins_int = M4_total_bonus_spins_int: null

2019-08-24 13:10:11 - [TEST_STEP][PASSED] - M4_total_bonus_spins = Integer.toString(M4_total_bonus_spins_int): null

2019-08-24 13:10:11 - [TEST_STEP][PASSED] - M4_total_bonus_spins = M4_total_bonus_spins: null

2019-08-24 13:10:11 - [TEST_STEP][PASSED] - println("M4_total_bonus_spins is:" + M4_total_bonus_spins): null

2019-08-24 13:10:11 - [TEST_STEP][PASSED] - M4_spin_bonus_data = bonus_data: null

2019-08-24 13:10:11 - [TEST_STEP][PASSED] - M4_spin_features_triggered = result_M4_spin: null

2019-08-24 13:10:11 - [TEST_STEP][PASSED] - wild = []: null

2019-08-24 13:10:11 - [TEST_STEP][PASSED] - wild[0] = "WILD_Expanding": null

2019-08-24 13:10:11 - [TEST_STEP][PASSED] - wild[1] = "WILD_Normal": null

2019-08-24 13:10:11 - [TEST_STEP][PASSED] - wild[2] = "WILD_Double": null

2019-08-24 13:10:11 - [TEST_STEP][PASSED] - wild[3] = "WILD_ExtraFG": null

2019-08-24 13:10:11 - [TEST_STEP][PASSED] - wild[4] = "WILD_Triple": null

2019-08-24 13:10:11 - [TEST_STEP][PASSED] - wildList = Arrays.asList(wild): null

2019-08-24 13:10:11 - [TEST_STEP][PASSED] - wildList = wildList: null

2019-08-24 13:10:11 - [TEST_STEP][PASSED] - free_spin_reel_counter = []: null

2019-08-24 13:10:11 - [TEST_STEP][PASSED] - free_spin_reel_counter[0] = 0: null

2019-08-24 13:10:11 - [TEST_STEP][PASSED] - free_spin_reel_counter[1] = 0: null

2019-08-24 13:10:11 - [TEST_STEP][PASSED] - free_spin_reel_counter[2] = 0: null

2019-08-24 13:10:11 - [TEST_STEP][PASSED] - M4_spin_reels = reels: null

2019-08-24 13:10:11 - [TEST_STEP][PASSED] - for ([i = 0, i &lt; M4_spin_reels.size(), (i++)]): null

2019-08-24 13:10:11 - [TEST_STEP][PASSED] - symbols = symbols: null

2019-08-24 13:10:11 - [TEST_STEP][PASSED] - for ([j = 0, j &lt; symbols.size(), (j++)]): null

2019-08-24 13:10:11 - [TEST_STEP][PASSED] - symbol = symbol: null

2019-08-24 13:10:11 - [TEST_STEP][PASSED] - println(symbol): null

2019-08-24 13:10:11 - [TEST_STEP][PASSED] - if (i == 2 &amp;&amp; wildList.indexOf(symbol) != -1): null

2019-08-24 13:10:11 - [TEST_STEP][PASSED] - if (i == 3 &amp;&amp; wildList.indexOf(symbol) != -1): null

2019-08-24 13:10:11 - [TEST_STEP][PASSED] - if (i == 4 &amp;&amp; wildList.indexOf(symbol) != -1): null

2019-08-24 13:10:11 - [TEST_STEP][PASSED] - symbol = symbol: null

2019-08-24 13:10:11 - [TEST_STEP][PASSED] - println(symbol): null

2019-08-24 13:10:11 - [TEST_STEP][PASSED] - if (i == 2 &amp;&amp; wildList.indexOf(symbol) != -1): null

2019-08-24 13:10:11 - [TEST_STEP][PASSED] - if (i == 3 &amp;&amp; wildList.indexOf(symbol) != -1): null

2019-08-24 13:10:11 - [TEST_STEP][PASSED] - if (i == 4 &amp;&amp; wildList.indexOf(symbol) != -1): null

2019-08-24 13:10:11 - [TEST_STEP][PASSED] - symbol = symbol: null

2019-08-24 13:10:11 - [TEST_STEP][PASSED] - println(symbol): null

2019-08-24 13:10:11 - [TEST_STEP][PASSED] - if (i == 2 &amp;&amp; wildList.indexOf(symbol) != -1): null

2019-08-24 13:10:11 - [TEST_STEP][PASSED] - if (i == 3 &amp;&amp; wildList.indexOf(symbol) != -1): null

2019-08-24 13:10:11 - [TEST_STEP][PASSED] - if (i == 4 &amp;&amp; wildList.indexOf(symbol) != -1): null

2019-08-24 13:10:11 - [TEST_STEP][PASSED] - symbols = symbols: null

2019-08-24 13:10:11 - [TEST_STEP][PASSED] - for ([j = 0, j &lt; symbols.size(), (j++)]): null

2019-08-24 13:10:11 - [TEST_STEP][PASSED] - symbol = symbol: null

2019-08-24 13:10:11 - [TEST_STEP][PASSED] - println(symbol): null

2019-08-24 13:10:11 - [TEST_STEP][PASSED] - if (i == 2 &amp;&amp; wildList.indexOf(symbol) != -1): null

2019-08-24 13:10:11 - [TEST_STEP][PASSED] - if (i == 3 &amp;&amp; wildList.indexOf(symbol) != -1): null

2019-08-24 13:10:11 - [TEST_STEP][PASSED] - if (i == 4 &amp;&amp; wildList.indexOf(symbol) != -1): null

2019-08-24 13:10:11 - [TEST_STEP][PASSED] - symbol = symbol: null

2019-08-24 13:10:11 - [TEST_STEP][PASSED] - println(symbol): null

2019-08-24 13:10:11 - [TEST_STEP][PASSED] - if (i == 2 &amp;&amp; wildList.indexOf(symbol) != -1): null

2019-08-24 13:10:11 - [TEST_STEP][PASSED] - if (i == 3 &amp;&amp; wildList.indexOf(symbol) != -1): null

2019-08-24 13:10:11 - [TEST_STEP][PASSED] - if (i == 4 &amp;&amp; wildList.indexOf(symbol) != -1): null

2019-08-24 13:10:11 - [TEST_STEP][PASSED] - symbol = symbol: null

2019-08-24 13:10:11 - [TEST_STEP][PASSED] - println(symbol): null

2019-08-24 13:10:11 - [TEST_STEP][PASSED] - if (i == 2 &amp;&amp; wildList.indexOf(symbol) != -1): null

2019-08-24 13:10:11 - [TEST_STEP][PASSED] - if (i == 3 &amp;&amp; wildList.indexOf(symbol) != -1): null

2019-08-24 13:10:11 - [TEST_STEP][PASSED] - if (i == 4 &amp;&amp; wildList.indexOf(symbol) != -1): null

2019-08-24 13:10:11 - [TEST_STEP][PASSED] - symbols = symbols: null

2019-08-24 13:10:11 - [TEST_STEP][PASSED] - for ([j = 0, j &lt; symbols.size(), (j++)]): null

2019-08-24 13:10:11 - [TEST_STEP][PASSED] - symbol = symbol: null

2019-08-24 13:10:11 - [TEST_STEP][PASSED] - println(symbol): null

2019-08-24 13:10:11 - [TEST_STEP][PASSED] - if (i == 2 &amp;&amp; wildList.indexOf(symbol) != -1): null

2019-08-24 13:10:11 - [TEST_STEP][PASSED] - if (i == 3 &amp;&amp; wildList.indexOf(symbol) != -1): null

2019-08-24 13:10:11 - [TEST_STEP][PASSED] - if (i == 4 &amp;&amp; wildList.indexOf(symbol) != -1): null

2019-08-24 13:10:11 - [TEST_STEP][PASSED] - symbol = symbol: null

2019-08-24 13:10:11 - [TEST_STEP][PASSED] - println(symbol): null

2019-08-24 13:10:11 - [TEST_STEP][PASSED] - if (i == 2 &amp;&amp; wildList.indexOf(symbol) != -1): null

2019-08-24 13:10:11 - [TEST_STEP][PASSED] - if (i == 3 &amp;&amp; wildList.indexOf(symbol) != -1): null

2019-08-24 13:10:11 - [TEST_STEP][PASSED] - if (i == 4 &amp;&amp; wildList.indexOf(symbol) != -1): null

2019-08-24 13:10:11 - [TEST_STEP][PASSED] - symbol = symbol: null

2019-08-24 13:10:11 - [TEST_STEP][PASSED] - println(symbol): null

2019-08-24 13:10:11 - [TEST_STEP][PASSED] - if (i == 2 &amp;&amp; wildList.indexOf(symbol) != -1): null

2019-08-24 13:10:11 - [TEST_STEP][PASSED] - if (i == 3 &amp;&amp; wildList.indexOf(symbol) != -1): null

2019-08-24 13:10:11 - [TEST_STEP][PASSED] - if (i == 4 &amp;&amp; wildList.indexOf(symbol) != -1): null

2019-08-24 13:10:11 - [TEST_STEP][PASSED] - symbols = symbols: null

2019-08-24 13:10:11 - [TEST_STEP][PASSED] - for ([j = 0, j &lt; symbols.size(), (j++)]): null

2019-08-24 13:10:11 - [TEST_STEP][PASSED] - symbol = symbol: null

2019-08-24 13:10:11 - [TEST_STEP][PASSED] - println(symbol): null

2019-08-24 13:10:11 - [TEST_STEP][PASSED] - if (i == 2 &amp;&amp; wildList.indexOf(symbol) != -1): null

2019-08-24 13:10:11 - [TEST_STEP][PASSED] - if (i == 3 &amp;&amp; wildList.indexOf(symbol) != -1): null

2019-08-24 13:10:11 - [TEST_STEP][PASSED] - if (i == 4 &amp;&amp; wildList.indexOf(symbol) != -1): null

2019-08-24 13:10:11 - [TEST_STEP][PASSED] - symbol = symbol: null

2019-08-24 13:10:11 - [TEST_STEP][PASSED] - println(symbol): null

2019-08-24 13:10:11 - [TEST_STEP][PASSED] - if (i == 2 &amp;&amp; wildList.indexOf(symbol) != -1): null

2019-08-24 13:10:11 - [TEST_STEP][PASSED] - if (i == 3 &amp;&amp; wildList.indexOf(symbol) != -1): null

2019-08-24 13:10:11 - [TEST_STEP][PASSED] - if (i == 4 &amp;&amp; wildList.indexOf(symbol) != -1): null

2019-08-24 13:10:11 - [TEST_STEP][PASSED] - symbol = symbol: null

2019-08-24 13:10:11 - [TEST_STEP][PASSED] - println(symbol): null

2019-08-24 13:10:11 - [TEST_STEP][PASSED] - if (i == 2 &amp;&amp; wildList.indexOf(symbol) != -1): null

2019-08-24 13:10:11 - [TEST_STEP][PASSED] - if (i == 3 &amp;&amp; wildList.indexOf(symbol) != -1): null

2019-08-24 13:10:11 - [TEST_STEP][PASSED] - if (i == 4 &amp;&amp; wildList.indexOf(symbol) != -1): null

2019-08-24 13:10:11 - [TEST_STEP][PASSED] - symbols = symbols: null

2019-08-24 13:10:11 - [TEST_STEP][PASSED] - for ([j = 0, j &lt; symbols.size(), (j++)]): null

2019-08-24 13:10:11 - [TEST_STEP][PASSED] - symbol = symbol: null

2019-08-24 13:10:11 - [TEST_STEP][PASSED] - println(symbol): null

2019-08-24 13:10:11 - [TEST_STEP][PASSED] - if (i == 2 &amp;&amp; wildList.indexOf(symbol) != -1): null

2019-08-24 13:10:11 - [TEST_STEP][PASSED] - if (i == 3 &amp;&amp; wildList.indexOf(symbol) != -1): null

2019-08-24 13:10:11 - [TEST_STEP][PASSED] - if (i == 4 &amp;&amp; wildList.indexOf(symbol) != -1): null

2019-08-24 13:10:11 - [TEST_STEP][PASSED] - symbol = symbol: null

2019-08-24 13:10:11 - [TEST_STEP][PASSED] - println(symbol): null

2019-08-24 13:10:11 - [TEST_STEP][PASSED] - if (i == 2 &amp;&amp; wildList.indexOf(symbol) != -1): null

2019-08-24 13:10:11 - [TEST_STEP][PASSED] - if (i == 3 &amp;&amp; wildList.indexOf(symbol) != -1): null

2019-08-24 13:10:11 - [TEST_STEP][PASSED] - if (i == 4 &amp;&amp; wildList.indexOf(symbol) != -1): null

2019-08-24 13:10:11 - [TEST_STEP][PASSED] - symbol = symbol: null

2019-08-24 13:10:11 - [TEST_STEP][PASSED] - println(symbol): null

2019-08-24 13:10:11 - [TEST_STEP][PASSED] - if (i == 2 &amp;&amp; wildList.indexOf(symbol) != -1): null

2019-08-24 13:10:11 - [TEST_STEP][PASSED] - if (i == 3 &amp;&amp; wildList.indexOf(symbol) != -1): null

2019-08-24 13:10:11 - [TEST_STEP][PASSED] - if (i == 4 &amp;&amp; wildList.indexOf(symbol) != -1): null

2019-08-24 13:10:11 - [TEST_STEP][PASSED] - free_spin_reel_counter = free_spin_reel_counter: null

2019-08-24 13:10:11 - [TEST_STEP][PASSED] - println("reel 3 wild found: " + free_spin_reel_counter[0]): null

2019-08-24 13:10:11 - [TEST_STEP][PASSED] - println("reel 4 wild found: " + free_spin_reel_counter[1]): null

2019-08-24 13:10:11 - [TEST_STEP][PASSED] - println("reel 5 wild found: " + free_spin_reel_counter[2]): null

2019-08-24 13:10:11 - [TEST_STEP][PASSED] - M4_spin_reels = M4_spin_reels: null

2019-08-24 13:10:11 - [TEST_STEP][PASSED] - M4_spin_reels_symbols = symbol: null

2019-08-24 13:10:11 - [TEST_STEP][PASSED] - M4_spin_reels_symbols = M4_spin_reels_symbols: null

2019-08-24 13:10:11 - [TEST_STEP][PASSED] - M4_spin_reel_wins = reel_wins: null

2019-08-24 13:10:11 - [TEST_STEP][PASSED] - M4_spin_reel_wins = M4_spin_reel_wins: null

2019-08-24 13:10:11 - [TEST_STEP][PASSED] - println("GlobalVariable.M4_spin_reel_wins is: " + M4_spin_reel_wins): null

2019-08-24 13:10:11 - [TEST_STEP][PASSED] - M4_spin_total_bonus_win_this_round = total_bonus_win_this_round: null

2019-08-24 13:10:11 - [TEST_STEP][PASSED] - M4_spin_total_bonus_win_this_round = M4_spin_total_bonus_win_this_round: null

2019-08-24 13:10:11 - [TEST_STEP][PASSED] - println("GlobalVariable.M4_spin_total_bonus_win_this_round is: " + M4_spin_total_bonus_win_this_round): null

2019-08-24 13:10:11 - [TEST_STEP][PASSED] - M4_spin_bonus_spin_result = spin_result: null

2019-08-24 13:10:11 - [TEST_STEP][PASSED] - M4_spin_bonus_spin_result = M4_spin_bonus_spin_result: null

2019-08-24 13:10:11 - [MESSAGE][PASSED] - Verify response successfully

2019-08-24 13:10:11 - [MESSAGE][PASSED] - Send request and verify the response successfully

2019-08-24 13:10:11 - [TEST_STEP][PASSED] - if (M4_total_bonus_spins_int != 0 &amp;&amp; M4_spin_reels_symbols[2].contains("WILD_Expanding")): null

2019-08-24 13:10:11 - [TEST_STEP][PASSED] - free_spin_reel_counter = free_spin_reel_counter: null

2019-08-24 13:10:11 - [TEST_STEP][PASSED] - M4_spin_reels_symbols = M4_spin_reels_symbols: null

2019-08-24 13:10:11 - [TEST_STEP][PASSED] - M4_total_bonus_spins = M4_total_bonus_spins: null

2019-08-24 13:10:11 - [TEST_STEP][PASSED] - spin_result = sendRequestAndVerify(findTestObject("INT/RGS(M4)/1_M4_spin", ["M4_login_user_id":M4_login_user_id, "rgs_session_token":rgs_session_token, "partner":Partner])): Send request and verify the response successfully

2019-08-24 13:10:12 - [MESSAGE][INFO] - HAR: /Users/eiralee/Katalon_Script/SuperWild/Reports/20190824_125957/INT/superWild_5/20190824_125957/requests/main/183.har

2019-08-24 13:10:12 - [TEST_CASE][PASSED] - Start Test Case : Verification: Verification accomplished successfully

2019-08-24 13:10:12 - [TEST_STEP][PASSED] - request = getInstance().getCurrentRequest(): null

2019-08-24 13:10:12 - [TEST_STEP][PASSED] - response = getInstance().getCurrentResponse(): null

2019-08-24 13:10:12 - [TEST_STEP][PASSED] - verifyResponseStatusCode(response, 200): Verify response status code successfully

2019-08-24 13:10:12 - [MESSAGE][PASSED] - Verify response status code successfully

2019-08-24 13:10:12 - [TEST_STEP][PASSED] - getStatusCode()).isEqualTo(200): null

2019-08-24 13:10:12 - [TEST_STEP][PASSED] - newline = System.getProperty("line.separator"): null

2019-08-24 13:10:12 - [TEST_STEP][PASSED] - M4_spin = new groovy.json.JsonSlurper(): null

2019-08-24 13:10:12 - [TEST_STEP][PASSED] - result_M4_spin = M4_spin.parseText(response.getResponseBodyContent()): null

2019-08-24 13:10:12 - [TEST_STEP][PASSED] - M4_spin_current_balance = current_balance: null

2019-08-24 13:10:12 - [TEST_STEP][PASSED] - M4_spin_current_balance = M4_spin_current_balance: null

2019-08-24 13:10:12 - [TEST_STEP][PASSED] - M4_spin_transaction_id = causality: null

2019-08-24 13:10:12 - [TEST_STEP][PASSED] - M4_spin_transaction_id = M4_spin_transaction_id: null

2019-08-24 13:10:12 - [TEST_STEP][PASSED] - M4_spin_round_id = round_id: null

2019-08-24 13:10:12 - [TEST_STEP][PASSED] - M4_spin_round_id = M4_spin_round_id: null

2019-08-24 13:10:12 - [TEST_STEP][PASSED] - M4_spin_line_wins = line_wins: null

2019-08-24 13:10:12 - [TEST_STEP][PASSED] - M4_spin_line_wins = M4_spin_line_wins: null

2019-08-24 13:10:12 - [TEST_STEP][PASSED] - M4_total_bonus_spins_int = total_bonus_spins: null

2019-08-24 13:10:12 - [TEST_STEP][PASSED] - println("******M4_total_bonus_spins type is:*******" + newline + getClass().getName()): null

2019-08-24 13:10:12 - [TEST_STEP][PASSED] - M4_total_bonus_spins_int = M4_total_bonus_spins_int: null

2019-08-24 13:10:12 - [TEST_STEP][PASSED] - M4_total_bonus_spins = Integer.toString(M4_total_bonus_spins_int): null

2019-08-24 13:10:12 - [TEST_STEP][PASSED] - M4_total_bonus_spins = M4_total_bonus_spins: null

2019-08-24 13:10:12 - [TEST_STEP][PASSED] - println("M4_total_bonus_spins is:" + M4_total_bonus_spins): null

2019-08-24 13:10:12 - [TEST_STEP][PASSED] - M4_spin_bonus_data = bonus_data: null

2019-08-24 13:10:12 - [TEST_STEP][PASSED] - M4_spin_features_triggered = result_M4_spin: null

2019-08-24 13:10:12 - [TEST_STEP][PASSED] - wild = []: null

2019-08-24 13:10:12 - [TEST_STEP][PASSED] - wild[0] = "WILD_Expanding": null

2019-08-24 13:10:12 - [TEST_STEP][PASSED] - wild[1] = "WILD_Normal": null

2019-08-24 13:10:12 - [TEST_STEP][PASSED] - wild[2] = "WILD_Double": null

2019-08-24 13:10:12 - [TEST_STEP][PASSED] - wild[3] = "WILD_ExtraFG": null

2019-08-24 13:10:12 - [TEST_STEP][PASSED] - wild[4] = "WILD_Triple": null

2019-08-24 13:10:12 - [TEST_STEP][PASSED] - wildList = Arrays.asList(wild): null

2019-08-24 13:10:12 - [TEST_STEP][PASSED] - wildList = wildList: null

2019-08-24 13:10:12 - [TEST_STEP][PASSED] - free_spin_reel_counter = []: null

2019-08-24 13:10:12 - [TEST_STEP][PASSED] - free_spin_reel_counter[0] = 0: null

2019-08-24 13:10:12 - [TEST_STEP][PASSED] - free_spin_reel_counter[1] = 0: null

2019-08-24 13:10:12 - [TEST_STEP][PASSED] - free_spin_reel_counter[2] = 0: null

2019-08-24 13:10:12 - [TEST_STEP][PASSED] - M4_spin_reels = reels: null

2019-08-24 13:10:12 - [TEST_STEP][PASSED] - for ([i = 0, i &lt; M4_spin_reels.size(), (i++)]): null

2019-08-24 13:10:12 - [TEST_STEP][PASSED] - symbols = symbols: null

2019-08-24 13:10:12 - [TEST_STEP][PASSED] - for ([j = 0, j &lt; symbols.size(), (j++)]): null

2019-08-24 13:10:12 - [TEST_STEP][PASSED] - symbol = symbol: null

2019-08-24 13:10:12 - [TEST_STEP][PASSED] - println(symbol): null

2019-08-24 13:10:12 - [TEST_STEP][PASSED] - if (i == 2 &amp;&amp; wildList.indexOf(symbol) != -1): null

2019-08-24 13:10:12 - [TEST_STEP][PASSED] - if (i == 3 &amp;&amp; wildList.indexOf(symbol) != -1): null

2019-08-24 13:10:17 - [TEST_STEP][PASSED] - if (i == 4 &amp;&amp; wildList.indexOf(symbol) != -1): null

2019-08-24 13:10:17 - [TEST_STEP][PASSED] - symbol = symbol: null

2019-08-24 13:10:17 - [TEST_STEP][PASSED] - println(symbol): null

2019-08-24 13:10:17 - [TEST_STEP][PASSED] - if (i == 2 &amp;&amp; wildList.indexOf(symbol) != -1): null

2019-08-24 13:10:17 - [TEST_STEP][PASSED] - if (i == 3 &amp;&amp; wildList.indexOf(symbol) != -1): null

2019-08-24 13:10:17 - [TEST_STEP][PASSED] - if (i == 4 &amp;&amp; wildList.indexOf(symbol) != -1): null

2019-08-24 13:10:17 - [TEST_STEP][PASSED] - symbol = symbol: null

2019-08-24 13:10:17 - [TEST_STEP][PASSED] - println(symbol): null

2019-08-24 13:10:17 - [TEST_STEP][PASSED] - if (i == 2 &amp;&amp; wildList.indexOf(symbol) != -1): null

2019-08-24 13:10:17 - [TEST_STEP][PASSED] - if (i == 3 &amp;&amp; wildList.indexOf(symbol) != -1): null

2019-08-24 13:10:17 - [TEST_STEP][PASSED] - if (i == 4 &amp;&amp; wildList.indexOf(symbol) != -1): null

2019-08-24 13:10:17 - [TEST_STEP][PASSED] - symbols = symbols: null

2019-08-24 13:10:17 - [TEST_STEP][PASSED] - for ([j = 0, j &lt; symbols.size(), (j++)]): null

2019-08-24 13:10:17 - [TEST_STEP][PASSED] - symbol = symbol: null

2019-08-24 13:10:17 - [TEST_STEP][PASSED] - println(symbol): null

2019-08-24 13:10:17 - [TEST_STEP][PASSED] - if (i == 2 &amp;&amp; wildList.indexOf(symbol) != -1): null

2019-08-24 13:10:17 - [TEST_STEP][PASSED] - if (i == 3 &amp;&amp; wildList.indexOf(symbol) != -1): null

2019-08-24 13:10:17 - [TEST_STEP][PASSED] - if (i == 4 &amp;&amp; wildList.indexOf(symbol) != -1): null

2019-08-24 13:10:17 - [TEST_STEP][PASSED] - symbol = symbol: null

2019-08-24 13:10:17 - [TEST_STEP][PASSED] - println(symbol): null

2019-08-24 13:10:17 - [TEST_STEP][PASSED] - if (i == 2 &amp;&amp; wildList.indexOf(symbol) != -1): null

2019-08-24 13:10:17 - [TEST_STEP][PASSED] - if (i == 3 &amp;&amp; wildList.indexOf(symbol) != -1): null

2019-08-24 13:10:17 - [TEST_STEP][PASSED] - if (i == 4 &amp;&amp; wildList.indexOf(symbol) != -1): null

2019-08-24 13:10:17 - [TEST_STEP][PASSED] - symbol = symbol: null

2019-08-24 13:10:17 - [TEST_STEP][PASSED] - println(symbol): null

2019-08-24 13:10:17 - [TEST_STEP][PASSED] - if (i == 2 &amp;&amp; wildList.indexOf(symbol) != -1): null

2019-08-24 13:10:17 - [TEST_STEP][PASSED] - if (i == 3 &amp;&amp; wildList.indexOf(symbol) != -1): null

2019-08-24 13:10:17 - [TEST_STEP][PASSED] - if (i == 4 &amp;&amp; wildList.indexOf(symbol) != -1): null

2019-08-24 13:10:17 - [TEST_STEP][PASSED] - symbols = symbols: null

2019-08-24 13:10:17 - [TEST_STEP][PASSED] - for ([j = 0, j &lt; symbols.size(), (j++)]): null

2019-08-24 13:10:17 - [TEST_STEP][PASSED] - symbol = symbol: null

2019-08-24 13:10:17 - [TEST_STEP][PASSED] - println(symbol): null

2019-08-24 13:10:17 - [TEST_STEP][PASSED] - if (i == 2 &amp;&amp; wildList.indexOf(symbol) != -1): null

2019-08-24 13:10:17 - [TEST_STEP][PASSED] - if (i == 3 &amp;&amp; wildList.indexOf(symbol) != -1): null

2019-08-24 13:10:17 - [TEST_STEP][PASSED] - if (i == 4 &amp;&amp; wildList.indexOf(symbol) != -1): null

2019-08-24 13:10:17 - [TEST_STEP][PASSED] - symbol = symbol: null

2019-08-24 13:10:17 - [TEST_STEP][PASSED] - println(symbol): null

2019-08-24 13:10:17 - [TEST_STEP][PASSED] - if (i == 2 &amp;&amp; wildList.indexOf(symbol) != -1): null

2019-08-24 13:10:17 - [TEST_STEP][PASSED] - if (i == 3 &amp;&amp; wildList.indexOf(symbol) != -1): null

2019-08-24 13:10:17 - [TEST_STEP][PASSED] - if (i == 4 &amp;&amp; wildList.indexOf(symbol) != -1): null

2019-08-24 13:10:17 - [TEST_STEP][PASSED] - symbol = symbol: null

2019-08-24 13:10:17 - [TEST_STEP][PASSED] - println(symbol): null

2019-08-24 13:10:17 - [TEST_STEP][PASSED] - if (i == 2 &amp;&amp; wildList.indexOf(symbol) != -1): null

2019-08-24 13:10:17 - [TEST_STEP][PASSED] - println("wild found on reel 3, adding counter by 1"): null

2019-08-24 13:10:17 - [TEST_STEP][PASSED] - free_spin_reel_counter[0] = free_spin_reel_counter[0] + 1: null

2019-08-24 13:10:17 - [TEST_STEP][PASSED] - if (i == 3 &amp;&amp; wildList.indexOf(symbol) != -1): null

2019-08-24 13:10:17 - [TEST_STEP][PASSED] - if (i == 4 &amp;&amp; wildList.indexOf(symbol) != -1): null

2019-08-24 13:10:17 - [TEST_STEP][PASSED] - symbols = symbols: null

2019-08-24 13:10:17 - [TEST_STEP][PASSED] - for ([j = 0, j &lt; symbols.size(), (j++)]): null

2019-08-24 13:10:17 - [TEST_STEP][PASSED] - symbol = symbol: null

2019-08-24 13:10:17 - [TEST_STEP][PASSED] - println(symbol): null

2019-08-24 13:10:17 - [TEST_STEP][PASSED] - if (i == 2 &amp;&amp; wildList.indexOf(symbol) != -1): null

2019-08-24 13:10:17 - [TEST_STEP][PASSED] - if (i == 3 &amp;&amp; wildList.indexOf(symbol) != -1): null

2019-08-24 13:10:17 - [TEST_STEP][PASSED] - if (i == 4 &amp;&amp; wildList.indexOf(symbol) != -1): null

2019-08-24 13:10:17 - [TEST_STEP][PASSED] - symbol = symbol: null

2019-08-24 13:10:17 - [TEST_STEP][PASSED] - println(symbol): null

2019-08-24 13:10:17 - [TEST_STEP][PASSED] - if (i == 2 &amp;&amp; wildList.indexOf(symbol) != -1): null

2019-08-24 13:10:17 - [TEST_STEP][PASSED] - if (i == 3 &amp;&amp; wildList.indexOf(symbol) != -1): null

2019-08-24 13:10:17 - [TEST_STEP][PASSED] - if (i == 4 &amp;&amp; wildList.indexOf(symbol) != -1): null

2019-08-24 13:10:17 - [TEST_STEP][PASSED] - symbol = symbol: null

2019-08-24 13:10:17 - [TEST_STEP][PASSED] - println(symbol): null

2019-08-24 13:10:17 - [TEST_STEP][PASSED] - if (i == 2 &amp;&amp; wildList.indexOf(symbol) != -1): null

2019-08-24 13:10:17 - [TEST_STEP][PASSED] - if (i == 3 &amp;&amp; wildList.indexOf(symbol) != -1): null

2019-08-24 13:10:17 - [TEST_STEP][PASSED] - println("wild found on reel 4, adding counter by 1"): null

2019-08-24 13:10:17 - [TEST_STEP][PASSED] - free_spin_reel_counter[1] = free_spin_reel_counter[1] + 1: null

2019-08-24 13:10:17 - [TEST_STEP][PASSED] - if (i == 4 &amp;&amp; wildList.indexOf(symbol) != -1): null

2019-08-24 13:10:17 - [TEST_STEP][PASSED] - symbols = symbols: null

2019-08-24 13:10:17 - [TEST_STEP][PASSED] - for ([j = 0, j &lt; symbols.size(), (j++)]): null

2019-08-24 13:10:17 - [TEST_STEP][PASSED] - symbol = symbol: null

2019-08-24 13:10:17 - [TEST_STEP][PASSED] - println(symbol): null

2019-08-24 13:10:17 - [TEST_STEP][PASSED] - if (i == 2 &amp;&amp; wildList.indexOf(symbol) != -1): null

2019-08-24 13:10:17 - [TEST_STEP][PASSED] - if (i == 3 &amp;&amp; wildList.indexOf(symbol) != -1): null

2019-08-24 13:10:17 - [TEST_STEP][PASSED] - if (i == 4 &amp;&amp; wildList.indexOf(symbol) != -1): null

2019-08-24 13:10:17 - [TEST_STEP][PASSED] - symbol = symbol: null

2019-08-24 13:10:17 - [TEST_STEP][PASSED] - println(symbol): null

2019-08-24 13:10:17 - [TEST_STEP][PASSED] - if (i == 2 &amp;&amp; wildList.indexOf(symbol) != -1): null

2019-08-24 13:10:17 - [TEST_STEP][PASSED] - if (i == 3 &amp;&amp; wildList.indexOf(symbol) != -1): null

2019-08-24 13:10:17 - [TEST_STEP][PASSED] - if (i == 4 &amp;&amp; wildList.indexOf(symbol) != -1): null

2019-08-24 13:10:17 - [TEST_STEP][PASSED] - println("wild found on reel 5, adding counter by 1"): null

2019-08-24 13:10:17 - [TEST_STEP][PASSED] - free_spin_reel_counter[2] = free_spin_reel_counter[2] + 1: null

2019-08-24 13:10:17 - [TEST_STEP][PASSED] - symbol = symbol: null

2019-08-24 13:10:17 - [TEST_STEP][PASSED] - println(symbol): null

2019-08-24 13:10:17 - [TEST_STEP][PASSED] - if (i == 2 &amp;&amp; wildList.indexOf(symbol) != -1): null

2019-08-24 13:10:17 - [TEST_STEP][PASSED] - if (i == 3 &amp;&amp; wildList.indexOf(symbol) != -1): null

2019-08-24 13:10:17 - [TEST_STEP][PASSED] - if (i == 4 &amp;&amp; wildList.indexOf(symbol) != -1): null

2019-08-24 13:10:17 - [TEST_STEP][PASSED] - free_spin_reel_counter = free_spin_reel_counter: null

2019-08-24 13:10:17 - [TEST_STEP][PASSED] - println("reel 3 wild found: " + free_spin_reel_counter[0]): null

2019-08-24 13:10:17 - [TEST_STEP][PASSED] - println("reel 4 wild found: " + free_spin_reel_counter[1]): null

2019-08-24 13:10:17 - [TEST_STEP][PASSED] - println("reel 5 wild found: " + free_spin_reel_counter[2]): null

2019-08-24 13:10:17 - [TEST_STEP][PASSED] - M4_spin_reels = M4_spin_reels: null

2019-08-24 13:10:17 - [TEST_STEP][PASSED] - M4_spin_reels_symbols = symbol: null

2019-08-24 13:10:17 - [TEST_STEP][PASSED] - M4_spin_reels_symbols = M4_spin_reels_symbols: null

2019-08-24 13:10:17 - [TEST_STEP][PASSED] - M4_spin_reel_wins = reel_wins: null

2019-08-24 13:10:17 - [TEST_STEP][PASSED] - M4_spin_reel_wins = M4_spin_reel_wins: null

2019-08-24 13:10:17 - [TEST_STEP][PASSED] - println("GlobalVariable.M4_spin_reel_wins is: " + M4_spin_reel_wins): null

2019-08-24 13:10:17 - [TEST_STEP][PASSED] - M4_spin_total_bonus_win_this_round = total_bonus_win_this_round: null

2019-08-24 13:10:17 - [TEST_STEP][PASSED] - M4_spin_total_bonus_win_this_round = M4_spin_total_bonus_win_this_round: null

2019-08-24 13:10:17 - [TEST_STEP][PASSED] - println("GlobalVariable.M4_spin_total_bonus_win_this_round is: " + M4_spin_total_bonus_win_this_round): null

2019-08-24 13:10:17 - [TEST_STEP][PASSED] - M4_spin_bonus_spin_result = spin_result: null

2019-08-24 13:10:17 - [TEST_STEP][PASSED] - M4_spin_bonus_spin_result = M4_spin_bonus_spin_result: null

2019-08-24 13:10:17 - [MESSAGE][PASSED] - Verify response successfully

2019-08-24 13:10:17 - [MESSAGE][PASSED] - Send request and verify the response successfully

2019-08-24 13:10:17 - [TEST_STEP][PASSED] - if (M4_total_bonus_spins_int != 0 &amp;&amp; M4_spin_reels_symbols[2].contains("WILD_Expanding")): null

2019-08-24 13:10:17 - [TEST_STEP][PASSED] - free_spin_reel_counter = free_spin_reel_counter: null

2019-08-24 13:10:17 - [TEST_STEP][PASSED] - M4_spin_reels_symbols = M4_spin_reels_symbols: null

2019-08-24 13:10:17 - [TEST_STEP][PASSED] - M4_total_bonus_spins = M4_total_bonus_spins: null

2019-08-24 13:10:17 - [TEST_STEP][PASSED] - spin_result = sendRequestAndVerify(findTestObject("INT/RGS(M4)/1_M4_spin", ["M4_login_user_id":M4_login_user_id, "rgs_session_token":rgs_session_token, "partner":Partner])): Send request and verify the response successfully

2019-08-24 13:10:17 - [MESSAGE][INFO] - HAR: /Users/eiralee/Katalon_Script/SuperWild/Reports/20190824_125957/INT/superWild_5/20190824_125957/requests/main/184.har

2019-08-24 13:10:17 - [TEST_CASE][PASSED] - Start Test Case : Verification: Verification accomplished successfully

2019-08-24 13:10:17 - [TEST_STEP][PASSED] - request = getInstance().getCurrentRequest(): null

2019-08-24 13:10:17 - [TEST_STEP][PASSED] - response = getInstance().getCurrentResponse(): null

2019-08-24 13:10:17 - [TEST_STEP][PASSED] - verifyResponseStatusCode(response, 200): Verify response status code successfully

2019-08-24 13:10:17 - [MESSAGE][PASSED] - Verify response status code successfully

2019-08-24 13:10:17 - [TEST_STEP][PASSED] - getStatusCode()).isEqualTo(200): null

2019-08-24 13:10:17 - [TEST_STEP][PASSED] - newline = System.getProperty("line.separator"): null

2019-08-24 13:10:17 - [TEST_STEP][PASSED] - M4_spin = new groovy.json.JsonSlurper(): null

2019-08-24 13:10:17 - [TEST_STEP][PASSED] - result_M4_spin = M4_spin.parseText(response.getResponseBodyContent()): null

2019-08-24 13:10:17 - [TEST_STEP][PASSED] - M4_spin_current_balance = current_balance: null

2019-08-24 13:10:17 - [TEST_STEP][PASSED] - M4_spin_current_balance = M4_spin_current_balance: null

2019-08-24 13:10:17 - [TEST_STEP][PASSED] - M4_spin_transaction_id = causality: null

2019-08-24 13:10:17 - [TEST_STEP][PASSED] - M4_spin_transaction_id = M4_spin_transaction_id: null

2019-08-24 13:10:17 - [TEST_STEP][PASSED] - M4_spin_round_id = round_id: null

2019-08-24 13:10:17 - [TEST_STEP][PASSED] - M4_spin_round_id = M4_spin_round_id: null

2019-08-24 13:10:17 - [TEST_STEP][PASSED] - M4_spin_line_wins = line_wins: null

2019-08-24 13:10:17 - [TEST_STEP][PASSED] - M4_spin_line_wins = M4_spin_line_wins: null

2019-08-24 13:10:17 - [TEST_STEP][PASSED] - M4_total_bonus_spins_int = total_bonus_spins: null

2019-08-24 13:10:17 - [TEST_STEP][PASSED] - println("******M4_total_bonus_spins type is:*******" + newline + getClass().getName()): null

2019-08-24 13:10:17 - [TEST_STEP][PASSED] - M4_total_bonus_spins_int = M4_total_bonus_spins_int: null

2019-08-24 13:10:17 - [TEST_STEP][PASSED] - M4_total_bonus_spins = Integer.toString(M4_total_bonus_spins_int): null

2019-08-24 13:10:17 - [TEST_STEP][PASSED] - M4_total_bonus_spins = M4_total_bonus_spins: null

2019-08-24 13:10:17 - [TEST_STEP][PASSED] - println("M4_total_bonus_spins is:" + M4_total_bonus_spins): null

2019-08-24 13:10:17 - [TEST_STEP][PASSED] - M4_spin_bonus_data = bonus_data: null

2019-08-24 13:10:17 - [TEST_STEP][PASSED] - M4_spin_features_triggered = result_M4_spin: null

2019-08-24 13:10:17 - [TEST_STEP][PASSED] - wild = []: null

2019-08-24 13:10:17 - [TEST_STEP][PASSED] - wild[0] = "WILD_Expanding": null

2019-08-24 13:10:17 - [TEST_STEP][PASSED] - wild[1] = "WILD_Normal": null

2019-08-24 13:10:17 - [TEST_STEP][PASSED] - wild[2] = "WILD_Double": null

2019-08-24 13:10:17 - [TEST_STEP][PASSED] - wild[3] = "WILD_ExtraFG": null

2019-08-24 13:10:17 - [TEST_STEP][PASSED] - wild[4] = "WILD_Triple": null

2019-08-24 13:10:17 - [TEST_STEP][PASSED] - wildList = Arrays.asList(wild): null

2019-08-24 13:10:17 - [TEST_STEP][PASSED] - wildList = wildList: null

2019-08-24 13:10:17 - [TEST_STEP][PASSED] - free_spin_reel_counter = []: null

2019-08-24 13:10:17 - [TEST_STEP][PASSED] - free_spin_reel_counter[0] = 0: null

2019-08-24 13:10:17 - [TEST_STEP][PASSED] - free_spin_reel_counter[1] = 0: null

2019-08-24 13:10:17 - [TEST_STEP][PASSED] - free_spin_reel_counter[2] = 0: null

2019-08-24 13:10:17 - [TEST_STEP][PASSED] - M4_spin_reels = reels: null

2019-08-24 13:10:17 - [TEST_STEP][PASSED] - for ([i = 0, i &lt; M4_spin_reels.size(), (i++)]): null

2019-08-24 13:10:17 - [TEST_STEP][PASSED] - symbols = symbols: null

2019-08-24 13:10:17 - [TEST_STEP][PASSED] - for ([j = 0, j &lt; symbols.size(), (j++)]): null

2019-08-24 13:10:17 - [TEST_STEP][PASSED] - symbol = symbol: null

2019-08-24 13:10:17 - [TEST_STEP][PASSED] - println(symbol): null

2019-08-24 13:10:17 - [TEST_STEP][PASSED] - if (i == 2 &amp;&amp; wildList.indexOf(symbol) != -1): null

2019-08-24 13:10:17 - [TEST_STEP][PASSED] - if (i == 3 &amp;&amp; wildList.indexOf(symbol) != -1): null

2019-08-24 13:10:17 - [TEST_STEP][PASSED] - if (i == 4 &amp;&amp; wildList.indexOf(symbol) != -1): null

2019-08-24 13:10:17 - [TEST_STEP][PASSED] - symbol = symbol: null

2019-08-24 13:10:17 - [TEST_STEP][PASSED] - println(symbol): null

2019-08-24 13:10:17 - [TEST_STEP][PASSED] - if (i == 2 &amp;&amp; wildList.indexOf(symbol) != -1): null

2019-08-24 13:10:17 - [TEST_STEP][PASSED] - if (i == 3 &amp;&amp; wildList.indexOf(symbol) != -1): null

2019-08-24 13:10:17 - [TEST_STEP][PASSED] - if (i == 4 &amp;&amp; wildList.indexOf(symbol) != -1): null

2019-08-24 13:10:17 - [TEST_STEP][PASSED] - symbol = symbol: null

2019-08-24 13:10:17 - [TEST_STEP][PASSED] - println(symbol): null

2019-08-24 13:10:17 - [TEST_STEP][PASSED] - if (i == 2 &amp;&amp; wildList.indexOf(symbol) != -1): null

2019-08-24 13:10:17 - [TEST_STEP][PASSED] - if (i == 3 &amp;&amp; wildList.indexOf(symbol) != -1): null

2019-08-24 13:10:17 - [TEST_STEP][PASSED] - if (i == 4 &amp;&amp; wildList.indexOf(symbol) != -1): null

2019-08-24 13:10:17 - [TEST_STEP][PASSED] - symbols = symbols: null

2019-08-24 13:10:17 - [TEST_STEP][PASSED] - for ([j = 0, j &lt; symbols.size(), (j++)]): null

2019-08-24 13:10:17 - [TEST_STEP][PASSED] - symbol = symbol: null

2019-08-24 13:10:17 - [TEST_STEP][PASSED] - println(symbol): null

2019-08-24 13:10:17 - [TEST_STEP][PASSED] - if (i == 2 &amp;&amp; wildList.indexOf(symbol) != -1): null

2019-08-24 13:10:17 - [TEST_STEP][PASSED] - if (i == 3 &amp;&amp; wildList.indexOf(symbol) != -1): null

2019-08-24 13:10:17 - [TEST_STEP][PASSED] - if (i == 4 &amp;&amp; wildList.indexOf(symbol) != -1): null

2019-08-24 13:10:17 - [TEST_STEP][PASSED] - symbol = symbol: null

2019-08-24 13:10:17 - [TEST_STEP][PASSED] - println(symbol): null

2019-08-24 13:10:17 - [TEST_STEP][PASSED] - if (i == 2 &amp;&amp; wildList.indexOf(symbol) != -1): null

2019-08-24 13:10:17 - [TEST_STEP][PASSED] - if (i == 3 &amp;&amp; wildList.indexOf(symbol) != -1): null

2019-08-24 13:10:17 - [TEST_STEP][PASSED] - if (i == 4 &amp;&amp; wildList.indexOf(symbol) != -1): null

2019-08-24 13:10:17 - [TEST_STEP][PASSED] - symbol = symbol: null

2019-08-24 13:10:17 - [TEST_STEP][PASSED] - println(symbol): null

2019-08-24 13:10:17 - [TEST_STEP][PASSED] - if (i == 2 &amp;&amp; wildList.indexOf(symbol) != -1): null

2019-08-24 13:10:17 - [TEST_STEP][PASSED] - if (i == 3 &amp;&amp; wildList.indexOf(symbol) != -1): null

2019-08-24 13:10:17 - [TEST_STEP][PASSED] - if (i == 4 &amp;&amp; wildList.indexOf(symbol) != -1): null

2019-08-24 13:10:17 - [TEST_STEP][PASSED] - symbols = symbols: null

2019-08-24 13:10:17 - [TEST_STEP][PASSED] - for ([j = 0, j &lt; symbols.size(), (j++)]): null

2019-08-24 13:10:17 - [TEST_STEP][PASSED] - symbol = symbol: null

2019-08-24 13:10:17 - [TEST_STEP][PASSED] - println(symbol): null

2019-08-24 13:10:17 - [TEST_STEP][PASSED] - if (i == 2 &amp;&amp; wildList.indexOf(symbol) != -1): null

2019-08-24 13:10:17 - [TEST_STEP][PASSED] - println("wild found on reel 3, adding counter by 1"): null

2019-08-24 13:10:17 - [TEST_STEP][PASSED] - free_spin_reel_counter[0] = free_spin_reel_counter[0] + 1: null

2019-08-24 13:10:17 - [TEST_STEP][PASSED] - if (i == 3 &amp;&amp; wildList.indexOf(symbol) != -1): null

2019-08-24 13:10:17 - [TEST_STEP][PASSED] - if (i == 4 &amp;&amp; wildList.indexOf(symbol) != -1): null

2019-08-24 13:10:17 - [TEST_STEP][PASSED] - symbol = symbol: null

2019-08-24 13:10:17 - [TEST_STEP][PASSED] - println(symbol): null

2019-08-24 13:10:17 - [TEST_STEP][PASSED] - if (i == 2 &amp;&amp; wildList.indexOf(symbol) != -1): null

2019-08-24 13:10:17 - [TEST_STEP][PASSED] - if (i == 3 &amp;&amp; wildList.indexOf(symbol) != -1): null

2019-08-24 13:10:17 - [TEST_STEP][PASSED] - if (i == 4 &amp;&amp; wildList.indexOf(symbol) != -1): null

2019-08-24 13:10:17 - [TEST_STEP][PASSED] - symbol = symbol: null

2019-08-24 13:10:17 - [TEST_STEP][PASSED] - println(symbol): null

2019-08-24 13:10:17 - [TEST_STEP][PASSED] - if (i == 2 &amp;&amp; wildList.indexOf(symbol) != -1): null

2019-08-24 13:10:17 - [TEST_STEP][PASSED] - if (i == 3 &amp;&amp; wildList.indexOf(symbol) != -1): null

2019-08-24 13:10:17 - [TEST_STEP][PASSED] - if (i == 4 &amp;&amp; wildList.indexOf(symbol) != -1): null

2019-08-24 13:10:17 - [TEST_STEP][PASSED] - symbols = symbols: null

2019-08-24 13:10:17 - [TEST_STEP][PASSED] - for ([j = 0, j &lt; symbols.size(), (j++)]): null

2019-08-24 13:10:17 - [TEST_STEP][PASSED] - symbol = symbol: null

2019-08-24 13:10:17 - [TEST_STEP][PASSED] - println(symbol): null

2019-08-24 13:10:17 - [TEST_STEP][PASSED] - if (i == 2 &amp;&amp; wildList.indexOf(symbol) != -1): null

2019-08-24 13:10:17 - [TEST_STEP][PASSED] - if (i == 3 &amp;&amp; wildList.indexOf(symbol) != -1): null

2019-08-24 13:10:17 - [TEST_STEP][PASSED] - if (i == 4 &amp;&amp; wildList.indexOf(symbol) != -1): null

2019-08-24 13:10:17 - [TEST_STEP][PASSED] - symbol = symbol: null

2019-08-24 13:10:17 - [TEST_STEP][PASSED] - println(symbol): null

2019-08-24 13:10:17 - [TEST_STEP][PASSED] - if (i == 2 &amp;&amp; wildList.indexOf(symbol) != -1): null

2019-08-24 13:10:17 - [TEST_STEP][PASSED] - if (i == 3 &amp;&amp; wildList.indexOf(symbol) != -1): null

2019-08-24 13:10:17 - [TEST_STEP][PASSED] - if (i == 4 &amp;&amp; wildList.indexOf(symbol) != -1): null

2019-08-24 13:10:17 - [TEST_STEP][PASSED] - symbol = symbol: null

2019-08-24 13:10:17 - [TEST_STEP][PASSED] - println(symbol): null

2019-08-24 13:10:17 - [TEST_STEP][PASSED] - if (i == 2 &amp;&amp; wildList.indexOf(symbol) != -1): null

2019-08-24 13:10:17 - [TEST_STEP][PASSED] - if (i == 3 &amp;&amp; wildList.indexOf(symbol) != -1): null

2019-08-24 13:10:17 - [TEST_STEP][PASSED] - if (i == 4 &amp;&amp; wildList.indexOf(symbol) != -1): null

2019-08-24 13:10:17 - [TEST_STEP][PASSED] - symbols = symbols: null

2019-08-24 13:10:17 - [TEST_STEP][PASSED] - for ([j = 0, j &lt; symbols.size(), (j++)]): null

2019-08-24 13:10:17 - [TEST_STEP][PASSED] - symbol = symbol: null

2019-08-24 13:10:17 - [TEST_STEP][PASSED] - println(symbol): null

2019-08-24 13:10:17 - [TEST_STEP][PASSED] - if (i == 2 &amp;&amp; wildList.indexOf(symbol) != -1): null

2019-08-24 13:10:17 - [TEST_STEP][PASSED] - if (i == 3 &amp;&amp; wildList.indexOf(symbol) != -1): null

2019-08-24 13:10:17 - [TEST_STEP][PASSED] - if (i == 4 &amp;&amp; wildList.indexOf(symbol) != -1): null

2019-08-24 13:10:17 - [TEST_STEP][PASSED] - symbol = symbol: null

2019-08-24 13:10:17 - [TEST_STEP][PASSED] - println(symbol): null

2019-08-24 13:10:17 - [TEST_STEP][PASSED] - if (i == 2 &amp;&amp; wildList.indexOf(symbol) != -1): null

2019-08-24 13:10:17 - [TEST_STEP][PASSED] - if (i == 3 &amp;&amp; wildList.indexOf(symbol) != -1): null

2019-08-24 13:10:17 - [TEST_STEP][PASSED] - if (i == 4 &amp;&amp; wildList.indexOf(symbol) != -1): null

2019-08-24 13:10:17 - [TEST_STEP][PASSED] - symbol = symbol: null

2019-08-24 13:10:17 - [TEST_STEP][PASSED] - println(symbol): null

2019-08-24 13:10:17 - [TEST_STEP][PASSED] - if (i == 2 &amp;&amp; wildList.indexOf(symbol) != -1): null

2019-08-24 13:10:17 - [TEST_STEP][PASSED] - if (i == 3 &amp;&amp; wildList.indexOf(symbol) != -1): null

2019-08-24 13:10:17 - [TEST_STEP][PASSED] - if (i == 4 &amp;&amp; wildList.indexOf(symbol) != -1): null

2019-08-24 13:10:17 - [TEST_STEP][PASSED] - free_spin_reel_counter = free_spin_reel_counter: null

2019-08-24 13:10:17 - [TEST_STEP][PASSED] - println("reel 3 wild found: " + free_spin_reel_counter[0]): null

2019-08-24 13:10:17 - [TEST_STEP][PASSED] - println("reel 4 wild found: " + free_spin_reel_counter[1]): null

2019-08-24 13:10:17 - [TEST_STEP][PASSED] - println("reel 5 wild found: " + free_spin_reel_counter[2]): null

2019-08-24 13:10:17 - [TEST_STEP][PASSED] - M4_spin_reels = M4_spin_reels: null

2019-08-24 13:10:17 - [TEST_STEP][PASSED] - M4_spin_reels_symbols = symbol: null

2019-08-24 13:10:17 - [TEST_STEP][PASSED] - M4_spin_reels_symbols = M4_spin_reels_symbols: null

2019-08-24 13:10:17 - [TEST_STEP][PASSED] - M4_spin_reel_wins = reel_wins: null

2019-08-24 13:10:17 - [TEST_STEP][PASSED] - M4_spin_reel_wins = M4_spin_reel_wins: null

2019-08-24 13:10:17 - [TEST_STEP][PASSED] - println("GlobalVariable.M4_spin_reel_wins is: " + M4_spin_reel_wins): null

2019-08-24 13:10:17 - [TEST_STEP][PASSED] - M4_spin_total_bonus_win_this_round = total_bonus_win_this_round: null

2019-08-24 13:10:17 - [TEST_STEP][PASSED] - M4_spin_total_bonus_win_this_round = M4_spin_total_bonus_win_this_round: null

2019-08-24 13:10:17 - [TEST_STEP][PASSED] - println("GlobalVariable.M4_spin_total_bonus_win_this_round is: " + M4_spin_total_bonus_win_this_round): null

2019-08-24 13:10:17 - [TEST_STEP][PASSED] - M4_spin_bonus_spin_result = spin_result: null

2019-08-24 13:10:17 - [TEST_STEP][PASSED] - M4_spin_bonus_spin_result = M4_spin_bonus_spin_result: null

2019-08-24 13:10:17 - [MESSAGE][PASSED] - Verify response successfully

2019-08-24 13:10:17 - [MESSAGE][PASSED] - Send request and verify the response successfully

2019-08-24 13:10:17 - [TEST_STEP][PASSED] - if (M4_total_bonus_spins_int != 0 &amp;&amp; M4_spin_reels_symbols[2].contains("WILD_Expanding")): null

2019-08-24 13:10:17 - [TEST_STEP][PASSED] - free_spin_reel_counter = free_spin_reel_counter: null

2019-08-24 13:10:17 - [TEST_STEP][PASSED] - M4_spin_reels_symbols = M4_spin_reels_symbols: null

2019-08-24 13:10:17 - [TEST_STEP][PASSED] - M4_total_bonus_spins = M4_total_bonus_spins: null

2019-08-24 13:10:17 - [TEST_STEP][PASSED] - spin_result = sendRequestAndVerify(findTestObject("INT/RGS(M4)/1_M4_spin", ["M4_login_user_id":M4_login_user_id, "rgs_session_token":rgs_session_token, "partner":Partner])): Send request and verify the response successfully

2019-08-24 13:10:17 - [MESSAGE][INFO] - HAR: /Users/eiralee/Katalon_Script/SuperWild/Reports/20190824_125957/INT/superWild_5/20190824_125957/requests/main/185.har

2019-08-24 13:10:17 - [TEST_CASE][PASSED] - Start Test Case : Verification: Verification accomplished successfully

2019-08-24 13:10:18 - [TEST_STEP][PASSED] - request = getInstance().getCurrentRequest(): null

2019-08-24 13:10:18 - [TEST_STEP][PASSED] - response = getInstance().getCurrentResponse(): null

2019-08-24 13:10:18 - [TEST_STEP][PASSED] - verifyResponseStatusCode(response, 200): Verify response status code successfully

2019-08-24 13:10:18 - [MESSAGE][PASSED] - Verify response status code successfully

2019-08-24 13:10:18 - [TEST_STEP][PASSED] - getStatusCode()).isEqualTo(200): null

2019-08-24 13:10:18 - [TEST_STEP][PASSED] - newline = System.getProperty("line.separator"): null

2019-08-24 13:10:18 - [TEST_STEP][PASSED] - M4_spin = new groovy.json.JsonSlurper(): null

2019-08-24 13:10:18 - [TEST_STEP][PASSED] - result_M4_spin = M4_spin.parseText(response.getResponseBodyContent()): null

2019-08-24 13:10:18 - [TEST_STEP][PASSED] - M4_spin_current_balance = current_balance: null

2019-08-24 13:10:18 - [TEST_STEP][PASSED] - M4_spin_current_balance = M4_spin_current_balance: null

2019-08-24 13:10:18 - [TEST_STEP][PASSED] - M4_spin_transaction_id = causality: null

2019-08-24 13:10:18 - [TEST_STEP][PASSED] - M4_spin_transaction_id = M4_spin_transaction_id: null

2019-08-24 13:10:18 - [TEST_STEP][PASSED] - M4_spin_round_id = round_id: null

2019-08-24 13:10:18 - [TEST_STEP][PASSED] - M4_spin_round_id = M4_spin_round_id: null

2019-08-24 13:10:18 - [TEST_STEP][PASSED] - M4_spin_line_wins = line_wins: null

2019-08-24 13:10:18 - [TEST_STEP][PASSED] - M4_spin_line_wins = M4_spin_line_wins: null

2019-08-24 13:10:18 - [TEST_STEP][PASSED] - M4_total_bonus_spins_int = total_bonus_spins: null

2019-08-24 13:10:18 - [TEST_STEP][PASSED] - println("******M4_total_bonus_spins type is:*******" + newline + getClass().getName()): null

2019-08-24 13:10:18 - [TEST_STEP][PASSED] - M4_total_bonus_spins_int = M4_total_bonus_spins_int: null

2019-08-24 13:10:18 - [TEST_STEP][PASSED] - M4_total_bonus_spins = Integer.toString(M4_total_bonus_spins_int): null

2019-08-24 13:10:18 - [TEST_STEP][PASSED] - M4_total_bonus_spins = M4_total_bonus_spins: null

2019-08-24 13:10:18 - [TEST_STEP][PASSED] - println("M4_total_bonus_spins is:" + M4_total_bonus_spins): null

2019-08-24 13:10:18 - [TEST_STEP][PASSED] - M4_spin_bonus_data = bonus_data: null

2019-08-24 13:10:18 - [TEST_STEP][PASSED] - M4_spin_features_triggered = result_M4_spin: null

2019-08-24 13:10:18 - [TEST_STEP][PASSED] - wild = []: null

2019-08-24 13:10:18 - [TEST_STEP][PASSED] - wild[0] = "WILD_Expanding": null

2019-08-24 13:10:18 - [TEST_STEP][PASSED] - wild[1] = "WILD_Normal": null

2019-08-24 13:10:18 - [TEST_STEP][PASSED] - wild[2] = "WILD_Double": null

2019-08-24 13:10:18 - [TEST_STEP][PASSED] - wild[3] = "WILD_ExtraFG": null

2019-08-24 13:10:18 - [TEST_STEP][PASSED] - wild[4] = "WILD_Triple": null

2019-08-24 13:10:18 - [TEST_STEP][PASSED] - wildList = Arrays.asList(wild): null

2019-08-24 13:10:18 - [TEST_STEP][PASSED] - wildList = wildList: null

2019-08-24 13:10:18 - [TEST_STEP][PASSED] - free_spin_reel_counter = []: null

2019-08-24 13:10:18 - [TEST_STEP][PASSED] - free_spin_reel_counter[0] = 0: null

2019-08-24 13:10:18 - [TEST_STEP][PASSED] - free_spin_reel_counter[1] = 0: null

2019-08-24 13:10:18 - [TEST_STEP][PASSED] - free_spin_reel_counter[2] = 0: null

2019-08-24 13:10:18 - [TEST_STEP][PASSED] - M4_spin_reels = reels: null

2019-08-24 13:10:18 - [TEST_STEP][PASSED] - for ([i = 0, i &lt; M4_spin_reels.size(), (i++)]): null

2019-08-24 13:10:18 - [TEST_STEP][PASSED] - symbols = symbols: null

2019-08-24 13:10:18 - [TEST_STEP][PASSED] - for ([j = 0, j &lt; symbols.size(), (j++)]): null

2019-08-24 13:10:18 - [TEST_STEP][PASSED] - symbol = symbol: null

2019-08-24 13:10:18 - [TEST_STEP][PASSED] - println(symbol): null

2019-08-24 13:10:18 - [TEST_STEP][PASSED] - if (i == 2 &amp;&amp; wildList.indexOf(symbol) != -1): null

2019-08-24 13:10:18 - [TEST_STEP][PASSED] - if (i == 3 &amp;&amp; wildList.indexOf(symbol) != -1): null

2019-08-24 13:10:18 - [TEST_STEP][PASSED] - if (i == 4 &amp;&amp; wildList.indexOf(symbol) != -1): null

2019-08-24 13:10:18 - [TEST_STEP][PASSED] - symbol = symbol: null

2019-08-24 13:10:18 - [TEST_STEP][PASSED] - println(symbol): null

2019-08-24 13:10:18 - [TEST_STEP][PASSED] - if (i == 2 &amp;&amp; wildList.indexOf(symbol) != -1): null

2019-08-24 13:10:18 - [TEST_STEP][PASSED] - if (i == 3 &amp;&amp; wildList.indexOf(symbol) != -1): null

2019-08-24 13:10:18 - [TEST_STEP][PASSED] - if (i == 4 &amp;&amp; wildList.indexOf(symbol) != -1): null

2019-08-24 13:10:18 - [TEST_STEP][PASSED] - symbol = symbol: null

2019-08-24 13:10:18 - [TEST_STEP][PASSED] - println(symbol): null

2019-08-24 13:10:18 - [TEST_STEP][PASSED] - if (i == 2 &amp;&amp; wildList.indexOf(symbol) != -1): null

2019-08-24 13:10:18 - [TEST_STEP][PASSED] - if (i == 3 &amp;&amp; wildList.indexOf(symbol) != -1): null

2019-08-24 13:10:18 - [TEST_STEP][PASSED] - if (i == 4 &amp;&amp; wildList.indexOf(symbol) != -1): null

2019-08-24 13:10:18 - [TEST_STEP][PASSED] - symbols = symbols: null

2019-08-24 13:10:18 - [TEST_STEP][PASSED] - for ([j = 0, j &lt; symbols.size(), (j++)]): null

2019-08-24 13:10:18 - [TEST_STEP][PASSED] - symbol = symbol: null

2019-08-24 13:10:18 - [TEST_STEP][PASSED] - println(symbol): null

2019-08-24 13:10:18 - [TEST_STEP][PASSED] - if (i == 2 &amp;&amp; wildList.indexOf(symbol) != -1): null

2019-08-24 13:10:18 - [TEST_STEP][PASSED] - if (i == 3 &amp;&amp; wildList.indexOf(symbol) != -1): null

2019-08-24 13:10:18 - [TEST_STEP][PASSED] - if (i == 4 &amp;&amp; wildList.indexOf(symbol) != -1): null

2019-08-24 13:10:18 - [TEST_STEP][PASSED] - symbol = symbol: null

2019-08-24 13:10:18 - [TEST_STEP][PASSED] - println(symbol): null

2019-08-24 13:10:18 - [TEST_STEP][PASSED] - if (i == 2 &amp;&amp; wildList.indexOf(symbol) != -1): null

2019-08-24 13:10:18 - [TEST_STEP][PASSED] - if (i == 3 &amp;&amp; wildList.indexOf(symbol) != -1): null

2019-08-24 13:10:22 - [TEST_STEP][PASSED] - if (i == 4 &amp;&amp; wildList.indexOf(symbol) != -1): null

2019-08-24 13:10:22 - [TEST_STEP][PASSED] - symbol = symbol: null

2019-08-24 13:10:22 - [TEST_STEP][PASSED] - println(symbol): null

2019-08-24 13:10:22 - [TEST_STEP][PASSED] - if (i == 2 &amp;&amp; wildList.indexOf(symbol) != -1): null

2019-08-24 13:10:22 - [TEST_STEP][PASSED] - if (i == 3 &amp;&amp; wildList.indexOf(symbol) != -1): null

2019-08-24 13:10:22 - [TEST_STEP][PASSED] - if (i == 4 &amp;&amp; wildList.indexOf(symbol) != -1): null

2019-08-24 13:10:22 - [TEST_STEP][PASSED] - symbols = symbols: null

2019-08-24 13:10:22 - [TEST_STEP][PASSED] - for ([j = 0, j &lt; symbols.size(), (j++)]): null

2019-08-24 13:10:22 - [TEST_STEP][PASSED] - symbol = symbol: null

2019-08-24 13:10:22 - [TEST_STEP][PASSED] - println(symbol): null

2019-08-24 13:10:25 - [TEST_STEP][PASSED] - if (i == 2 &amp;&amp; wildList.indexOf(symbol) != -1): null

2019-08-24 13:10:25 - [TEST_STEP][PASSED] - if (i == 3 &amp;&amp; wildList.indexOf(symbol) != -1): null

2019-08-24 13:10:25 - [TEST_STEP][PASSED] - if (i == 4 &amp;&amp; wildList.indexOf(symbol) != -1): null

2019-08-24 13:10:25 - [TEST_STEP][PASSED] - symbol = symbol: null

2019-08-24 13:10:25 - [TEST_STEP][PASSED] - println(symbol): null

2019-08-24 13:10:25 - [TEST_STEP][PASSED] - if (i == 2 &amp;&amp; wildList.indexOf(symbol) != -1): null

2019-08-24 13:10:25 - [TEST_STEP][PASSED] - if (i == 3 &amp;&amp; wildList.indexOf(symbol) != -1): null

2019-08-24 13:10:25 - [TEST_STEP][PASSED] - if (i == 4 &amp;&amp; wildList.indexOf(symbol) != -1): null

2019-08-24 13:10:25 - [TEST_STEP][PASSED] - symbol = symbol: null

2019-08-24 13:10:25 - [TEST_STEP][PASSED] - println(symbol): null

2019-08-24 13:10:25 - [TEST_STEP][PASSED] - if (i == 2 &amp;&amp; wildList.indexOf(symbol) != -1): null

2019-08-24 13:10:25 - [TEST_STEP][PASSED] - println("wild found on reel 3, adding counter by 1"): null

2019-08-24 13:10:25 - [TEST_STEP][PASSED] - free_spin_reel_counter[0] = free_spin_reel_counter[0] + 1: null

2019-08-24 13:10:25 - [TEST_STEP][PASSED] - if (i == 3 &amp;&amp; wildList.indexOf(symbol) != -1): null

2019-08-24 13:10:25 - [TEST_STEP][PASSED] - if (i == 4 &amp;&amp; wildList.indexOf(symbol) != -1): null

2019-08-24 13:10:25 - [TEST_STEP][PASSED] - symbols = symbols: null

2019-08-24 13:10:25 - [TEST_STEP][PASSED] - for ([j = 0, j &lt; symbols.size(), (j++)]): null

2019-08-24 13:10:25 - [TEST_STEP][PASSED] - symbol = symbol: null

2019-08-24 13:10:25 - [TEST_STEP][PASSED] - println(symbol): null

2019-08-24 13:10:25 - [TEST_STEP][PASSED] - if (i == 2 &amp;&amp; wildList.indexOf(symbol) != -1): null

2019-08-24 13:10:25 - [TEST_STEP][PASSED] - if (i == 3 &amp;&amp; wildList.indexOf(symbol) != -1): null

2019-08-24 13:10:25 - [TEST_STEP][PASSED] - if (i == 4 &amp;&amp; wildList.indexOf(symbol) != -1): null

2019-08-24 13:10:25 - [TEST_STEP][PASSED] - symbol = symbol: null

2019-08-24 13:10:25 - [TEST_STEP][PASSED] - println(symbol): null

2019-08-24 13:10:25 - [TEST_STEP][PASSED] - if (i == 2 &amp;&amp; wildList.indexOf(symbol) != -1): null

2019-08-24 13:10:25 - [TEST_STEP][PASSED] - if (i == 3 &amp;&amp; wildList.indexOf(symbol) != -1): null

2019-08-24 13:10:25 - [TEST_STEP][PASSED] - if (i == 4 &amp;&amp; wildList.indexOf(symbol) != -1): null

2019-08-24 13:10:25 - [TEST_STEP][PASSED] - symbol = symbol: null

2019-08-24 13:10:25 - [TEST_STEP][PASSED] - println(symbol): null

2019-08-24 13:10:25 - [TEST_STEP][PASSED] - if (i == 2 &amp;&amp; wildList.indexOf(symbol) != -1): null

2019-08-24 13:10:25 - [TEST_STEP][PASSED] - if (i == 3 &amp;&amp; wildList.indexOf(symbol) != -1): null

2019-08-24 13:10:25 - [TEST_STEP][PASSED] - if (i == 4 &amp;&amp; wildList.indexOf(symbol) != -1): null

2019-08-24 13:10:25 - [TEST_STEP][PASSED] - symbols = symbols: null

2019-08-24 13:10:25 - [TEST_STEP][PASSED] - for ([j = 0, j &lt; symbols.size(), (j++)]): null

2019-08-24 13:10:25 - [TEST_STEP][PASSED] - symbol = symbol: null

2019-08-24 13:10:25 - [TEST_STEP][PASSED] - println(symbol): null

2019-08-24 13:10:25 - [TEST_STEP][PASSED] - if (i == 2 &amp;&amp; wildList.indexOf(symbol) != -1): null

2019-08-24 13:10:25 - [TEST_STEP][PASSED] - if (i == 3 &amp;&amp; wildList.indexOf(symbol) != -1): null

2019-08-24 13:10:25 - [TEST_STEP][PASSED] - if (i == 4 &amp;&amp; wildList.indexOf(symbol) != -1): null

2019-08-24 13:10:25 - [TEST_STEP][PASSED] - symbol = symbol: null

2019-08-24 13:10:25 - [TEST_STEP][PASSED] - println(symbol): null

2019-08-24 13:10:25 - [TEST_STEP][PASSED] - if (i == 2 &amp;&amp; wildList.indexOf(symbol) != -1): null

2019-08-24 13:10:25 - [TEST_STEP][PASSED] - if (i == 3 &amp;&amp; wildList.indexOf(symbol) != -1): null

2019-08-24 13:10:25 - [TEST_STEP][PASSED] - if (i == 4 &amp;&amp; wildList.indexOf(symbol) != -1): null

2019-08-24 13:10:25 - [TEST_STEP][PASSED] - symbol = symbol: null

2019-08-24 13:10:25 - [TEST_STEP][PASSED] - println(symbol): null

2019-08-24 13:10:25 - [TEST_STEP][PASSED] - if (i == 2 &amp;&amp; wildList.indexOf(symbol) != -1): null

2019-08-24 13:10:25 - [TEST_STEP][PASSED] - if (i == 3 &amp;&amp; wildList.indexOf(symbol) != -1): null

2019-08-24 13:10:25 - [TEST_STEP][PASSED] - if (i == 4 &amp;&amp; wildList.indexOf(symbol) != -1): null

2019-08-24 13:10:25 - [TEST_STEP][PASSED] - free_spin_reel_counter = free_spin_reel_counter: null

2019-08-24 13:10:25 - [TEST_STEP][PASSED] - println("reel 3 wild found: " + free_spin_reel_counter[0]): null

2019-08-24 13:10:25 - [TEST_STEP][PASSED] - println("reel 4 wild found: " + free_spin_reel_counter[1]): null

2019-08-24 13:10:25 - [TEST_STEP][PASSED] - println("reel 5 wild found: " + free_spin_reel_counter[2]): null

2019-08-24 13:10:25 - [TEST_STEP][PASSED] - M4_spin_reels = M4_spin_reels: null

2019-08-24 13:10:25 - [TEST_STEP][PASSED] - M4_spin_reels_symbols = symbol: null

2019-08-24 13:10:25 - [TEST_STEP][PASSED] - M4_spin_reels_symbols = M4_spin_reels_symbols: null

2019-08-24 13:10:25 - [TEST_STEP][PASSED] - M4_spin_reel_wins = reel_wins: null

2019-08-24 13:10:25 - [TEST_STEP][PASSED] - M4_spin_reel_wins = M4_spin_reel_wins: null

2019-08-24 13:10:25 - [TEST_STEP][PASSED] - println("GlobalVariable.M4_spin_reel_wins is: " + M4_spin_reel_wins): null

2019-08-24 13:10:25 - [TEST_STEP][PASSED] - M4_spin_total_bonus_win_this_round = total_bonus_win_this_round: null

2019-08-24 13:10:25 - [TEST_STEP][PASSED] - M4_spin_total_bonus_win_this_round = M4_spin_total_bonus_win_this_round: null

2019-08-24 13:10:25 - [TEST_STEP][PASSED] - println("GlobalVariable.M4_spin_total_bonus_win_this_round is: " + M4_spin_total_bonus_win_this_round): null

2019-08-24 13:10:25 - [TEST_STEP][PASSED] - M4_spin_bonus_spin_result = spin_result: null

2019-08-24 13:10:25 - [TEST_STEP][PASSED] - M4_spin_bonus_spin_result = M4_spin_bonus_spin_result: null

2019-08-24 13:10:25 - [MESSAGE][PASSED] - Verify response successfully

2019-08-24 13:10:25 - [MESSAGE][PASSED] - Send request and verify the response successfully

2019-08-24 13:10:25 - [TEST_STEP][PASSED] - if (M4_total_bonus_spins_int != 0 &amp;&amp; M4_spin_reels_symbols[2].contains("WILD_Expanding")): null

2019-08-24 13:10:25 - [TEST_STEP][PASSED] - free_spin_reel_counter = free_spin_reel_counter: null

2019-08-24 13:10:25 - [TEST_STEP][PASSED] - M4_spin_reels_symbols = M4_spin_reels_symbols: null

2019-08-24 13:10:25 - [TEST_STEP][PASSED] - M4_total_bonus_spins = M4_total_bonus_spins: null

2019-08-24 13:10:25 - [TEST_STEP][PASSED] - spin_result = sendRequestAndVerify(findTestObject("INT/RGS(M4)/1_M4_spin", ["M4_login_user_id":M4_login_user_id, "rgs_session_token":rgs_session_token, "partner":Partner])): Send request and verify the response successfully

2019-08-24 13:10:25 - [MESSAGE][INFO] - HAR: /Users/eiralee/Katalon_Script/SuperWild/Reports/20190824_125957/INT/superWild_5/20190824_125957/requests/main/186.har

2019-08-24 13:10:25 - [TEST_CASE][PASSED] - Start Test Case : Verification: Verification accomplished successfully

2019-08-24 13:10:25 - [TEST_STEP][PASSED] - request = getInstance().getCurrentRequest(): null

2019-08-24 13:10:25 - [TEST_STEP][PASSED] - response = getInstance().getCurrentResponse(): null

2019-08-24 13:10:25 - [TEST_STEP][PASSED] - verifyResponseStatusCode(response, 200): Verify response status code successfully

2019-08-24 13:10:25 - [MESSAGE][PASSED] - Verify response status code successfully

2019-08-24 13:10:25 - [TEST_STEP][PASSED] - getStatusCode()).isEqualTo(200): null

2019-08-24 13:10:25 - [TEST_STEP][PASSED] - newline = System.getProperty("line.separator"): null

2019-08-24 13:10:25 - [TEST_STEP][PASSED] - M4_spin = new groovy.json.JsonSlurper(): null

2019-08-24 13:10:25 - [TEST_STEP][PASSED] - result_M4_spin = M4_spin.parseText(response.getResponseBodyContent()): null

2019-08-24 13:10:25 - [TEST_STEP][PASSED] - M4_spin_current_balance = current_balance: null

2019-08-24 13:10:25 - [TEST_STEP][PASSED] - M4_spin_current_balance = M4_spin_current_balance: null

2019-08-24 13:10:25 - [TEST_STEP][PASSED] - M4_spin_transaction_id = causality: null

2019-08-24 13:10:25 - [TEST_STEP][PASSED] - M4_spin_transaction_id = M4_spin_transaction_id: null

2019-08-24 13:10:25 - [TEST_STEP][PASSED] - M4_spin_round_id = round_id: null

2019-08-24 13:10:25 - [TEST_STEP][PASSED] - M4_spin_round_id = M4_spin_round_id: null

2019-08-24 13:10:25 - [TEST_STEP][PASSED] - M4_spin_line_wins = line_wins: null

2019-08-24 13:10:25 - [TEST_STEP][PASSED] - M4_spin_line_wins = M4_spin_line_wins: null

2019-08-24 13:10:25 - [TEST_STEP][PASSED] - M4_total_bonus_spins_int = total_bonus_spins: null

2019-08-24 13:10:25 - [TEST_STEP][PASSED] - println("******M4_total_bonus_spins type is:*******" + newline + getClass().getName()): null

2019-08-24 13:10:25 - [TEST_STEP][PASSED] - M4_total_bonus_spins_int = M4_total_bonus_spins_int: null

2019-08-24 13:10:25 - [TEST_STEP][PASSED] - M4_total_bonus_spins = Integer.toString(M4_total_bonus_spins_int): null

2019-08-24 13:10:25 - [TEST_STEP][PASSED] - M4_total_bonus_spins = M4_total_bonus_spins: null

2019-08-24 13:10:25 - [TEST_STEP][PASSED] - println("M4_total_bonus_spins is:" + M4_total_bonus_spins): null

2019-08-24 13:10:25 - [TEST_STEP][PASSED] - M4_spin_bonus_data = bonus_data: null

2019-08-24 13:10:25 - [TEST_STEP][PASSED] - M4_spin_features_triggered = result_M4_spin: null

2019-08-24 13:10:25 - [TEST_STEP][PASSED] - wild = []: null

2019-08-24 13:10:25 - [TEST_STEP][PASSED] - wild[0] = "WILD_Expanding": null

2019-08-24 13:10:25 - [TEST_STEP][PASSED] - wild[1] = "WILD_Normal": null

2019-08-24 13:10:25 - [TEST_STEP][PASSED] - wild[2] = "WILD_Double": null

2019-08-24 13:10:25 - [TEST_STEP][PASSED] - wild[3] = "WILD_ExtraFG": null

2019-08-24 13:10:25 - [TEST_STEP][PASSED] - wild[4] = "WILD_Triple": null

2019-08-24 13:10:25 - [TEST_STEP][PASSED] - wildList = Arrays.asList(wild): null

2019-08-24 13:10:25 - [TEST_STEP][PASSED] - wildList = wildList: null

2019-08-24 13:10:25 - [TEST_STEP][PASSED] - free_spin_reel_counter = []: null

2019-08-24 13:10:25 - [TEST_STEP][PASSED] - free_spin_reel_counter[0] = 0: null

2019-08-24 13:10:25 - [TEST_STEP][PASSED] - free_spin_reel_counter[1] = 0: null

2019-08-24 13:10:25 - [TEST_STEP][PASSED] - free_spin_reel_counter[2] = 0: null

2019-08-24 13:10:25 - [TEST_STEP][PASSED] - M4_spin_reels = reels: null

2019-08-24 13:10:25 - [TEST_STEP][PASSED] - for ([i = 0, i &lt; M4_spin_reels.size(), (i++)]): null

2019-08-24 13:10:25 - [TEST_STEP][PASSED] - symbols = symbols: null

2019-08-24 13:10:25 - [TEST_STEP][PASSED] - for ([j = 0, j &lt; symbols.size(), (j++)]): null

2019-08-24 13:10:25 - [TEST_STEP][PASSED] - symbol = symbol: null

2019-08-24 13:10:25 - [TEST_STEP][PASSED] - println(symbol): null

2019-08-24 13:10:25 - [TEST_STEP][PASSED] - if (i == 2 &amp;&amp; wildList.indexOf(symbol) != -1): null

2019-08-24 13:10:25 - [TEST_STEP][PASSED] - if (i == 3 &amp;&amp; wildList.indexOf(symbol) != -1): null

2019-08-24 13:10:25 - [TEST_STEP][PASSED] - if (i == 4 &amp;&amp; wildList.indexOf(symbol) != -1): null

2019-08-24 13:10:25 - [TEST_STEP][PASSED] - symbol = symbol: null

2019-08-24 13:10:25 - [TEST_STEP][PASSED] - println(symbol): null

2019-08-24 13:10:25 - [TEST_STEP][PASSED] - if (i == 2 &amp;&amp; wildList.indexOf(symbol) != -1): null

2019-08-24 13:10:25 - [TEST_STEP][PASSED] - if (i == 3 &amp;&amp; wildList.indexOf(symbol) != -1): null

2019-08-24 13:10:25 - [TEST_STEP][PASSED] - if (i == 4 &amp;&amp; wildList.indexOf(symbol) != -1): null

2019-08-24 13:10:25 - [TEST_STEP][PASSED] - symbol = symbol: null

2019-08-24 13:10:25 - [TEST_STEP][PASSED] - println(symbol): null

2019-08-24 13:10:25 - [TEST_STEP][PASSED] - if (i == 2 &amp;&amp; wildList.indexOf(symbol) != -1): null

2019-08-24 13:10:25 - [TEST_STEP][PASSED] - if (i == 3 &amp;&amp; wildList.indexOf(symbol) != -1): null

2019-08-24 13:10:25 - [TEST_STEP][PASSED] - if (i == 4 &amp;&amp; wildList.indexOf(symbol) != -1): null

2019-08-24 13:10:25 - [TEST_STEP][PASSED] - symbols = symbols: null

2019-08-24 13:10:25 - [TEST_STEP][PASSED] - for ([j = 0, j &lt; symbols.size(), (j++)]): null

2019-08-24 13:10:25 - [TEST_STEP][PASSED] - symbol = symbol: null

2019-08-24 13:10:25 - [TEST_STEP][PASSED] - println(symbol): null

2019-08-24 13:10:25 - [TEST_STEP][PASSED] - if (i == 2 &amp;&amp; wildList.indexOf(symbol) != -1): null

2019-08-24 13:10:25 - [TEST_STEP][PASSED] - if (i == 3 &amp;&amp; wildList.indexOf(symbol) != -1): null

2019-08-24 13:10:25 - [TEST_STEP][PASSED] - if (i == 4 &amp;&amp; wildList.indexOf(symbol) != -1): null

2019-08-24 13:10:25 - [TEST_STEP][PASSED] - symbol = symbol: null

2019-08-24 13:10:25 - [TEST_STEP][PASSED] - println(symbol): null

2019-08-24 13:10:25 - [TEST_STEP][PASSED] - if (i == 2 &amp;&amp; wildList.indexOf(symbol) != -1): null

2019-08-24 13:10:25 - [TEST_STEP][PASSED] - if (i == 3 &amp;&amp; wildList.indexOf(symbol) != -1): null

2019-08-24 13:10:25 - [TEST_STEP][PASSED] - if (i == 4 &amp;&amp; wildList.indexOf(symbol) != -1): null

2019-08-24 13:10:25 - [TEST_STEP][PASSED] - symbol = symbol: null

2019-08-24 13:10:25 - [TEST_STEP][PASSED] - println(symbol): null

2019-08-24 13:10:25 - [TEST_STEP][PASSED] - if (i == 2 &amp;&amp; wildList.indexOf(symbol) != -1): null

2019-08-24 13:10:25 - [TEST_STEP][PASSED] - if (i == 3 &amp;&amp; wildList.indexOf(symbol) != -1): null

2019-08-24 13:10:25 - [TEST_STEP][PASSED] - if (i == 4 &amp;&amp; wildList.indexOf(symbol) != -1): null

2019-08-24 13:10:25 - [TEST_STEP][PASSED] - symbols = symbols: null

2019-08-24 13:10:25 - [TEST_STEP][PASSED] - for ([j = 0, j &lt; symbols.size(), (j++)]): null

2019-08-24 13:10:25 - [TEST_STEP][PASSED] - symbol = symbol: null

2019-08-24 13:10:25 - [TEST_STEP][PASSED] - println(symbol): null

2019-08-24 13:10:25 - [TEST_STEP][PASSED] - if (i == 2 &amp;&amp; wildList.indexOf(symbol) != -1): null

2019-08-24 13:10:25 - [TEST_STEP][PASSED] - if (i == 3 &amp;&amp; wildList.indexOf(symbol) != -1): null

2019-08-24 13:10:25 - [TEST_STEP][PASSED] - if (i == 4 &amp;&amp; wildList.indexOf(symbol) != -1): null

2019-08-24 13:10:25 - [TEST_STEP][PASSED] - symbol = symbol: null

2019-08-24 13:10:25 - [TEST_STEP][PASSED] - println(symbol): null

2019-08-24 13:10:25 - [TEST_STEP][PASSED] - if (i == 2 &amp;&amp; wildList.indexOf(symbol) != -1): null

2019-08-24 13:10:25 - [TEST_STEP][PASSED] - if (i == 3 &amp;&amp; wildList.indexOf(symbol) != -1): null

2019-08-24 13:10:25 - [TEST_STEP][PASSED] - if (i == 4 &amp;&amp; wildList.indexOf(symbol) != -1): null

2019-08-24 13:10:25 - [TEST_STEP][PASSED] - symbol = symbol: null

2019-08-24 13:10:25 - [TEST_STEP][PASSED] - println(symbol): null

2019-08-24 13:10:25 - [TEST_STEP][PASSED] - if (i == 2 &amp;&amp; wildList.indexOf(symbol) != -1): null

2019-08-24 13:10:25 - [TEST_STEP][PASSED] - if (i == 3 &amp;&amp; wildList.indexOf(symbol) != -1): null

2019-08-24 13:10:25 - [TEST_STEP][PASSED] - if (i == 4 &amp;&amp; wildList.indexOf(symbol) != -1): null

2019-08-24 13:10:25 - [TEST_STEP][PASSED] - symbols = symbols: null

2019-08-24 13:10:25 - [TEST_STEP][PASSED] - for ([j = 0, j &lt; symbols.size(), (j++)]): null

2019-08-24 13:10:25 - [TEST_STEP][PASSED] - symbol = symbol: null

2019-08-24 13:10:25 - [TEST_STEP][PASSED] - println(symbol): null

2019-08-24 13:10:25 - [TEST_STEP][PASSED] - if (i == 2 &amp;&amp; wildList.indexOf(symbol) != -1): null

2019-08-24 13:10:25 - [TEST_STEP][PASSED] - if (i == 3 &amp;&amp; wildList.indexOf(symbol) != -1): null

2019-08-24 13:10:25 - [TEST_STEP][PASSED] - if (i == 4 &amp;&amp; wildList.indexOf(symbol) != -1): null

2019-08-24 13:10:25 - [TEST_STEP][PASSED] - symbol = symbol: null

2019-08-24 13:10:25 - [TEST_STEP][PASSED] - println(symbol): null

2019-08-24 13:10:25 - [TEST_STEP][PASSED] - if (i == 2 &amp;&amp; wildList.indexOf(symbol) != -1): null

2019-08-24 13:10:25 - [TEST_STEP][PASSED] - if (i == 3 &amp;&amp; wildList.indexOf(symbol) != -1): null

2019-08-24 13:10:25 - [TEST_STEP][PASSED] - if (i == 4 &amp;&amp; wildList.indexOf(symbol) != -1): null

2019-08-24 13:10:25 - [TEST_STEP][PASSED] - symbol = symbol: null

2019-08-24 13:10:25 - [TEST_STEP][PASSED] - println(symbol): null

2019-08-24 13:10:25 - [TEST_STEP][PASSED] - if (i == 2 &amp;&amp; wildList.indexOf(symbol) != -1): null

2019-08-24 13:10:25 - [TEST_STEP][PASSED] - if (i == 3 &amp;&amp; wildList.indexOf(symbol) != -1): null

2019-08-24 13:10:25 - [TEST_STEP][PASSED] - if (i == 4 &amp;&amp; wildList.indexOf(symbol) != -1): null

2019-08-24 13:10:25 - [TEST_STEP][PASSED] - symbols = symbols: null

2019-08-24 13:10:25 - [TEST_STEP][PASSED] - for ([j = 0, j &lt; symbols.size(), (j++)]): null

2019-08-24 13:10:25 - [TEST_STEP][PASSED] - symbol = symbol: null

2019-08-24 13:10:25 - [TEST_STEP][PASSED] - println(symbol): null

2019-08-24 13:10:25 - [TEST_STEP][PASSED] - if (i == 2 &amp;&amp; wildList.indexOf(symbol) != -1): null

2019-08-24 13:10:25 - [TEST_STEP][PASSED] - if (i == 3 &amp;&amp; wildList.indexOf(symbol) != -1): null

2019-08-24 13:10:25 - [TEST_STEP][PASSED] - if (i == 4 &amp;&amp; wildList.indexOf(symbol) != -1): null

2019-08-24 13:10:25 - [TEST_STEP][PASSED] - symbol = symbol: null

2019-08-24 13:10:25 - [TEST_STEP][PASSED] - println(symbol): null

2019-08-24 13:10:25 - [TEST_STEP][PASSED] - if (i == 2 &amp;&amp; wildList.indexOf(symbol) != -1): null

2019-08-24 13:10:25 - [TEST_STEP][PASSED] - if (i == 3 &amp;&amp; wildList.indexOf(symbol) != -1): null

2019-08-24 13:10:25 - [TEST_STEP][PASSED] - if (i == 4 &amp;&amp; wildList.indexOf(symbol) != -1): null

2019-08-24 13:10:25 - [TEST_STEP][PASSED] - symbol = symbol: null

2019-08-24 13:10:25 - [TEST_STEP][PASSED] - println(symbol): null

2019-08-24 13:10:25 - [TEST_STEP][PASSED] - if (i == 2 &amp;&amp; wildList.indexOf(symbol) != -1): null

2019-08-24 13:10:25 - [TEST_STEP][PASSED] - if (i == 3 &amp;&amp; wildList.indexOf(symbol) != -1): null

2019-08-24 13:10:25 - [TEST_STEP][PASSED] - if (i == 4 &amp;&amp; wildList.indexOf(symbol) != -1): null

2019-08-24 13:10:25 - [TEST_STEP][PASSED] - free_spin_reel_counter = free_spin_reel_counter: null

2019-08-24 13:10:25 - [TEST_STEP][PASSED] - println("reel 3 wild found: " + free_spin_reel_counter[0]): null

2019-08-24 13:10:25 - [TEST_STEP][PASSED] - println("reel 4 wild found: " + free_spin_reel_counter[1]): null

2019-08-24 13:10:25 - [TEST_STEP][PASSED] - println("reel 5 wild found: " + free_spin_reel_counter[2]): null

2019-08-24 13:10:25 - [TEST_STEP][PASSED] - M4_spin_reels = M4_spin_reels: null

2019-08-24 13:10:25 - [TEST_STEP][PASSED] - M4_spin_reels_symbols = symbol: null

2019-08-24 13:10:25 - [TEST_STEP][PASSED] - M4_spin_reels_symbols = M4_spin_reels_symbols: null

2019-08-24 13:10:25 - [TEST_STEP][PASSED] - M4_spin_reel_wins = reel_wins: null

2019-08-24 13:10:25 - [TEST_STEP][PASSED] - M4_spin_reel_wins = M4_spin_reel_wins: null

2019-08-24 13:10:25 - [TEST_STEP][PASSED] - println("GlobalVariable.M4_spin_reel_wins is: " + M4_spin_reel_wins): null

2019-08-24 13:10:25 - [TEST_STEP][PASSED] - M4_spin_total_bonus_win_this_round = total_bonus_win_this_round: null

2019-08-24 13:10:25 - [TEST_STEP][PASSED] - M4_spin_total_bonus_win_this_round = M4_spin_total_bonus_win_this_round: null

2019-08-24 13:10:25 - [TEST_STEP][PASSED] - println("GlobalVariable.M4_spin_total_bonus_win_this_round is: " + M4_spin_total_bonus_win_this_round): null

2019-08-24 13:10:25 - [TEST_STEP][PASSED] - M4_spin_bonus_spin_result = spin_result: null

2019-08-24 13:10:25 - [TEST_STEP][PASSED] - M4_spin_bonus_spin_result = M4_spin_bonus_spin_result: null

2019-08-24 13:10:25 - [MESSAGE][PASSED] - Verify response successfully

2019-08-24 13:10:25 - [MESSAGE][PASSED] - Send request and verify the response successfully

2019-08-24 13:10:25 - [TEST_STEP][PASSED] - if (M4_total_bonus_spins_int != 0 &amp;&amp; M4_spin_reels_symbols[2].contains("WILD_Expanding")): null

2019-08-24 13:10:25 - [TEST_STEP][PASSED] - free_spin_reel_counter = free_spin_reel_counter: null

2019-08-24 13:10:25 - [TEST_STEP][PASSED] - M4_spin_reels_symbols = M4_spin_reels_symbols: null

2019-08-24 13:10:25 - [TEST_STEP][PASSED] - M4_total_bonus_spins = M4_total_bonus_spins: null

2019-08-24 13:10:25 - [TEST_STEP][PASSED] - spin_result = sendRequestAndVerify(findTestObject("INT/RGS(M4)/1_M4_spin", ["M4_login_user_id":M4_login_user_id, "rgs_session_token":rgs_session_token, "partner":Partner])): Send request and verify the response successfully

2019-08-24 13:10:25 - [MESSAGE][INFO] - HAR: /Users/eiralee/Katalon_Script/SuperWild/Reports/20190824_125957/INT/superWild_5/20190824_125957/requests/main/187.har

2019-08-24 13:10:25 - [TEST_CASE][PASSED] - Start Test Case : Verification: Verification accomplished successfully

2019-08-24 13:10:26 - [TEST_STEP][PASSED] - request = getInstance().getCurrentRequest(): null

2019-08-24 13:10:26 - [TEST_STEP][PASSED] - response = getInstance().getCurrentResponse(): null

2019-08-24 13:10:26 - [TEST_STEP][PASSED] - verifyResponseStatusCode(response, 200): Verify response status code successfully

2019-08-24 13:10:26 - [MESSAGE][PASSED] - Verify response status code successfully

2019-08-24 13:10:26 - [TEST_STEP][PASSED] - getStatusCode()).isEqualTo(200): null

2019-08-24 13:10:26 - [TEST_STEP][PASSED] - newline = System.getProperty("line.separator"): null

2019-08-24 13:10:26 - [TEST_STEP][PASSED] - M4_spin = new groovy.json.JsonSlurper(): null

2019-08-24 13:10:26 - [TEST_STEP][PASSED] - result_M4_spin = M4_spin.parseText(response.getResponseBodyContent()): null

2019-08-24 13:10:26 - [TEST_STEP][PASSED] - M4_spin_current_balance = current_balance: null

2019-08-24 13:10:26 - [TEST_STEP][PASSED] - M4_spin_current_balance = M4_spin_current_balance: null

2019-08-24 13:10:26 - [TEST_STEP][PASSED] - M4_spin_transaction_id = causality: null

2019-08-24 13:10:26 - [TEST_STEP][PASSED] - M4_spin_transaction_id = M4_spin_transaction_id: null

2019-08-24 13:10:26 - [TEST_STEP][PASSED] - M4_spin_round_id = round_id: null

2019-08-24 13:10:26 - [TEST_STEP][PASSED] - M4_spin_round_id = M4_spin_round_id: null

2019-08-24 13:10:26 - [TEST_STEP][PASSED] - M4_spin_line_wins = line_wins: null

2019-08-24 13:10:26 - [TEST_STEP][PASSED] - M4_spin_line_wins = M4_spin_line_wins: null

2019-08-24 13:10:26 - [TEST_STEP][PASSED] - M4_total_bonus_spins_int = total_bonus_spins: null

2019-08-24 13:10:26 - [TEST_STEP][PASSED] - println("******M4_total_bonus_spins type is:*******" + newline + getClass().getName()): null

2019-08-24 13:10:26 - [TEST_STEP][PASSED] - M4_total_bonus_spins_int = M4_total_bonus_spins_int: null

2019-08-24 13:10:26 - [TEST_STEP][PASSED] - M4_total_bonus_spins = Integer.toString(M4_total_bonus_spins_int): null

2019-08-24 13:10:26 - [TEST_STEP][PASSED] - M4_total_bonus_spins = M4_total_bonus_spins: null

2019-08-24 13:10:26 - [TEST_STEP][PASSED] - println("M4_total_bonus_spins is:" + M4_total_bonus_spins): null

2019-08-24 13:10:26 - [TEST_STEP][PASSED] - M4_spin_bonus_data = bonus_data: null

2019-08-24 13:10:26 - [TEST_STEP][PASSED] - M4_spin_features_triggered = result_M4_spin: null

2019-08-24 13:10:26 - [TEST_STEP][PASSED] - wild = []: null

2019-08-24 13:10:26 - [TEST_STEP][PASSED] - wild[0] = "WILD_Expanding": null

2019-08-24 13:10:26 - [TEST_STEP][PASSED] - wild[1] = "WILD_Normal": null

2019-08-24 13:10:26 - [TEST_STEP][PASSED] - wild[2] = "WILD_Double": null

2019-08-24 13:10:26 - [TEST_STEP][PASSED] - wild[3] = "WILD_ExtraFG": null

2019-08-24 13:10:26 - [TEST_STEP][PASSED] - wild[4] = "WILD_Triple": null

2019-08-24 13:10:26 - [TEST_STEP][PASSED] - wildList = Arrays.asList(wild): null

2019-08-24 13:10:26 - [TEST_STEP][PASSED] - wildList = wildList: null

2019-08-24 13:10:26 - [TEST_STEP][PASSED] - free_spin_reel_counter = []: null

2019-08-24 13:10:26 - [TEST_STEP][PASSED] - free_spin_reel_counter[0] = 0: null

2019-08-24 13:10:26 - [TEST_STEP][PASSED] - free_spin_reel_counter[1] = 0: null

2019-08-24 13:10:26 - [TEST_STEP][PASSED] - free_spin_reel_counter[2] = 0: null

2019-08-24 13:10:26 - [TEST_STEP][PASSED] - M4_spin_reels = reels: null

2019-08-24 13:10:26 - [TEST_STEP][PASSED] - for ([i = 0, i &lt; M4_spin_reels.size(), (i++)]): null

2019-08-24 13:10:26 - [TEST_STEP][PASSED] - symbols = symbols: null

2019-08-24 13:10:26 - [TEST_STEP][PASSED] - for ([j = 0, j &lt; symbols.size(), (j++)]): null

2019-08-24 13:10:26 - [TEST_STEP][PASSED] - symbol = symbol: null

2019-08-24 13:10:26 - [TEST_STEP][PASSED] - println(symbol): null

2019-08-24 13:10:26 - [TEST_STEP][PASSED] - if (i == 2 &amp;&amp; wildList.indexOf(symbol) != -1): null

2019-08-24 13:10:26 - [TEST_STEP][PASSED] - if (i == 3 &amp;&amp; wildList.indexOf(symbol) != -1): null

2019-08-24 13:10:26 - [TEST_STEP][PASSED] - if (i == 4 &amp;&amp; wildList.indexOf(symbol) != -1): null

2019-08-24 13:10:26 - [TEST_STEP][PASSED] - symbol = symbol: null

2019-08-24 13:10:26 - [TEST_STEP][PASSED] - println(symbol): null

2019-08-24 13:10:26 - [TEST_STEP][PASSED] - if (i == 2 &amp;&amp; wildList.indexOf(symbol) != -1): null

2019-08-24 13:10:26 - [TEST_STEP][PASSED] - if (i == 3 &amp;&amp; wildList.indexOf(symbol) != -1): null

2019-08-24 13:10:26 - [TEST_STEP][PASSED] - if (i == 4 &amp;&amp; wildList.indexOf(symbol) != -1): null

2019-08-24 13:10:26 - [TEST_STEP][PASSED] - symbol = symbol: null

2019-08-24 13:10:26 - [TEST_STEP][PASSED] - println(symbol): null

2019-08-24 13:10:26 - [TEST_STEP][PASSED] - if (i == 2 &amp;&amp; wildList.indexOf(symbol) != -1): null

2019-08-24 13:10:26 - [TEST_STEP][PASSED] - if (i == 3 &amp;&amp; wildList.indexOf(symbol) != -1): null

2019-08-24 13:10:26 - [TEST_STEP][PASSED] - if (i == 4 &amp;&amp; wildList.indexOf(symbol) != -1): null

2019-08-24 13:10:26 - [TEST_STEP][PASSED] - symbols = symbols: null

2019-08-24 13:10:26 - [TEST_STEP][PASSED] - for ([j = 0, j &lt; symbols.size(), (j++)]): null

2019-08-24 13:10:26 - [TEST_STEP][PASSED] - symbol = symbol: null

2019-08-24 13:10:26 - [TEST_STEP][PASSED] - println(symbol): null

2019-08-24 13:10:26 - [TEST_STEP][PASSED] - if (i == 2 &amp;&amp; wildList.indexOf(symbol) != -1): null

2019-08-24 13:10:26 - [TEST_STEP][PASSED] - if (i == 3 &amp;&amp; wildList.indexOf(symbol) != -1): null

2019-08-24 13:10:26 - [TEST_STEP][PASSED] - if (i == 4 &amp;&amp; wildList.indexOf(symbol) != -1): null

2019-08-24 13:10:26 - [TEST_STEP][PASSED] - symbol = symbol: null

2019-08-24 13:10:26 - [TEST_STEP][PASSED] - println(symbol): null

2019-08-24 13:10:26 - [TEST_STEP][PASSED] - if (i == 2 &amp;&amp; wildList.indexOf(symbol) != -1): null

2019-08-24 13:10:26 - [TEST_STEP][PASSED] - if (i == 3 &amp;&amp; wildList.indexOf(symbol) != -1): null

2019-08-24 13:10:26 - [TEST_STEP][PASSED] - if (i == 4 &amp;&amp; wildList.indexOf(symbol) != -1): null

2019-08-24 13:10:26 - [TEST_STEP][PASSED] - symbol = symbol: null

2019-08-24 13:10:26 - [TEST_STEP][PASSED] - println(symbol): null

2019-08-24 13:10:26 - [TEST_STEP][PASSED] - if (i == 2 &amp;&amp; wildList.indexOf(symbol) != -1): null

2019-08-24 13:10:26 - [TEST_STEP][PASSED] - if (i == 3 &amp;&amp; wildList.indexOf(symbol) != -1): null

2019-08-24 13:10:26 - [TEST_STEP][PASSED] - if (i == 4 &amp;&amp; wildList.indexOf(symbol) != -1): null

2019-08-24 13:10:26 - [TEST_STEP][PASSED] - symbols = symbols: null

2019-08-24 13:10:26 - [TEST_STEP][PASSED] - for ([j = 0, j &lt; symbols.size(), (j++)]): null

2019-08-24 13:10:26 - [TEST_STEP][PASSED] - symbol = symbol: null

2019-08-24 13:10:26 - [TEST_STEP][PASSED] - println(symbol): null

2019-08-24 13:10:26 - [TEST_STEP][PASSED] - if (i == 2 &amp;&amp; wildList.indexOf(symbol) != -1): null

2019-08-24 13:10:26 - [TEST_STEP][PASSED] - if (i == 3 &amp;&amp; wildList.indexOf(symbol) != -1): null

2019-08-24 13:10:26 - [TEST_STEP][PASSED] - if (i == 4 &amp;&amp; wildList.indexOf(symbol) != -1): null

2019-08-24 13:10:26 - [TEST_STEP][PASSED] - symbol = symbol: null

2019-08-24 13:10:26 - [TEST_STEP][PASSED] - println(symbol): null

2019-08-24 13:10:26 - [TEST_STEP][PASSED] - if (i == 2 &amp;&amp; wildList.indexOf(symbol) != -1): null

2019-08-24 13:10:26 - [TEST_STEP][PASSED] - if (i == 3 &amp;&amp; wildList.indexOf(symbol) != -1): null

2019-08-24 13:10:26 - [TEST_STEP][PASSED] - if (i == 4 &amp;&amp; wildList.indexOf(symbol) != -1): null

2019-08-24 13:10:26 - [TEST_STEP][PASSED] - symbol = symbol: null

2019-08-24 13:10:26 - [TEST_STEP][PASSED] - println(symbol): null

2019-08-24 13:10:26 - [TEST_STEP][PASSED] - if (i == 2 &amp;&amp; wildList.indexOf(symbol) != -1): null

2019-08-24 13:10:26 - [TEST_STEP][PASSED] - if (i == 3 &amp;&amp; wildList.indexOf(symbol) != -1): null

2019-08-24 13:10:26 - [TEST_STEP][PASSED] - if (i == 4 &amp;&amp; wildList.indexOf(symbol) != -1): null

2019-08-24 13:10:26 - [TEST_STEP][PASSED] - symbols = symbols: null

2019-08-24 13:10:26 - [TEST_STEP][PASSED] - for ([j = 0, j &lt; symbols.size(), (j++)]): null

2019-08-24 13:10:26 - [TEST_STEP][PASSED] - symbol = symbol: null

2019-08-24 13:10:26 - [TEST_STEP][PASSED] - println(symbol): null

2019-08-24 13:10:26 - [TEST_STEP][PASSED] - if (i == 2 &amp;&amp; wildList.indexOf(symbol) != -1): null

2019-08-24 13:10:26 - [TEST_STEP][PASSED] - if (i == 3 &amp;&amp; wildList.indexOf(symbol) != -1): null

2019-08-24 13:10:26 - [TEST_STEP][PASSED] - if (i == 4 &amp;&amp; wildList.indexOf(symbol) != -1): null

2019-08-24 13:10:26 - [TEST_STEP][PASSED] - symbol = symbol: null

2019-08-24 13:10:26 - [TEST_STEP][PASSED] - println(symbol): null

2019-08-24 13:10:26 - [TEST_STEP][PASSED] - if (i == 2 &amp;&amp; wildList.indexOf(symbol) != -1): null

2019-08-24 13:10:26 - [TEST_STEP][PASSED] - if (i == 3 &amp;&amp; wildList.indexOf(symbol) != -1): null

2019-08-24 13:10:26 - [TEST_STEP][PASSED] - println("wild found on reel 4, adding counter by 1"): null

2019-08-24 13:10:26 - [TEST_STEP][PASSED] - free_spin_reel_counter[1] = free_spin_reel_counter[1] + 1: null

2019-08-24 13:10:26 - [TEST_STEP][PASSED] - if (i == 4 &amp;&amp; wildList.indexOf(symbol) != -1): null

2019-08-24 13:10:26 - [TEST_STEP][PASSED] - symbol = symbol: null

2019-08-24 13:10:30 - [TEST_STEP][PASSED] - println(symbol): null

2019-08-24 13:10:30 - [TEST_STEP][PASSED] - if (i == 2 &amp;&amp; wildList.indexOf(symbol) != -1): null

2019-08-24 13:10:30 - [TEST_STEP][PASSED] - if (i == 3 &amp;&amp; wildList.indexOf(symbol) != -1): null

2019-08-24 13:10:30 - [TEST_STEP][PASSED] - if (i == 4 &amp;&amp; wildList.indexOf(symbol) != -1): null

2019-08-24 13:10:30 - [TEST_STEP][PASSED] - symbols = symbols: null

2019-08-24 13:10:30 - [TEST_STEP][PASSED] - for ([j = 0, j &lt; symbols.size(), (j++)]): null

2019-08-24 13:10:30 - [TEST_STEP][PASSED] - symbol = symbol: null

2019-08-24 13:10:30 - [TEST_STEP][PASSED] - println(symbol): null

2019-08-24 13:10:30 - [TEST_STEP][PASSED] - if (i == 2 &amp;&amp; wildList.indexOf(symbol) != -1): null

2019-08-24 13:10:30 - [TEST_STEP][PASSED] - if (i == 3 &amp;&amp; wildList.indexOf(symbol) != -1): null

2019-08-24 13:10:35 - [TEST_STEP][PASSED] - if (i == 4 &amp;&amp; wildList.indexOf(symbol) != -1): null

2019-08-24 13:10:35 - [TEST_STEP][PASSED] - symbol = symbol: null

2019-08-24 13:10:35 - [TEST_STEP][PASSED] - println(symbol): null

2019-08-24 13:10:35 - [TEST_STEP][PASSED] - if (i == 2 &amp;&amp; wildList.indexOf(symbol) != -1): null

2019-08-24 13:10:35 - [TEST_STEP][PASSED] - if (i == 3 &amp;&amp; wildList.indexOf(symbol) != -1): null

2019-08-24 13:10:40 - [TEST_STEP][PASSED] - if (i == 4 &amp;&amp; wildList.indexOf(symbol) != -1): null

2019-08-24 13:10:40 - [TEST_STEP][PASSED] - symbol = symbol: null

2019-08-24 13:10:40 - [TEST_STEP][PASSED] - println(symbol): null

2019-08-24 13:10:40 - [TEST_STEP][PASSED] - if (i == 2 &amp;&amp; wildList.indexOf(symbol) != -1): null

2019-08-24 13:10:40 - [TEST_STEP][PASSED] - if (i == 3 &amp;&amp; wildList.indexOf(symbol) != -1): null

2019-08-24 13:10:40 - [TEST_STEP][PASSED] - if (i == 4 &amp;&amp; wildList.indexOf(symbol) != -1): null

2019-08-24 13:10:40 - [TEST_STEP][PASSED] - free_spin_reel_counter = free_spin_reel_counter: null

2019-08-24 13:10:40 - [TEST_STEP][PASSED] - println("reel 3 wild found: " + free_spin_reel_counter[0]): null

2019-08-24 13:10:40 - [TEST_STEP][PASSED] - println("reel 4 wild found: " + free_spin_reel_counter[1]): null

2019-08-24 13:10:40 - [TEST_STEP][PASSED] - println("reel 5 wild found: " + free_spin_reel_counter[2]): null

2019-08-24 13:10:40 - [TEST_STEP][PASSED] - M4_spin_reels = M4_spin_reels: null

2019-08-24 13:10:40 - [TEST_STEP][PASSED] - M4_spin_reels_symbols = symbol: null

2019-08-24 13:10:40 - [TEST_STEP][PASSED] - M4_spin_reels_symbols = M4_spin_reels_symbols: null

2019-08-24 13:10:40 - [TEST_STEP][PASSED] - M4_spin_reel_wins = reel_wins: null

2019-08-24 13:10:40 - [TEST_STEP][PASSED] - M4_spin_reel_wins = M4_spin_reel_wins: null

2019-08-24 13:10:40 - [TEST_STEP][PASSED] - println("GlobalVariable.M4_spin_reel_wins is: " + M4_spin_reel_wins): null

2019-08-24 13:10:40 - [TEST_STEP][PASSED] - M4_spin_total_bonus_win_this_round = total_bonus_win_this_round: null

2019-08-24 13:10:40 - [TEST_STEP][PASSED] - M4_spin_total_bonus_win_this_round = M4_spin_total_bonus_win_this_round: null

2019-08-24 13:10:40 - [TEST_STEP][PASSED] - println("GlobalVariable.M4_spin_total_bonus_win_this_round is: " + M4_spin_total_bonus_win_this_round): null

2019-08-24 13:10:40 - [TEST_STEP][PASSED] - M4_spin_bonus_spin_result = spin_result: null

2019-08-24 13:10:40 - [TEST_STEP][PASSED] - M4_spin_bonus_spin_result = M4_spin_bonus_spin_result: null

2019-08-24 13:10:40 - [MESSAGE][PASSED] - Verify response successfully

2019-08-24 13:10:40 - [MESSAGE][PASSED] - Send request and verify the response successfully

2019-08-24 13:10:40 - [TEST_STEP][PASSED] - if (M4_total_bonus_spins_int != 0 &amp;&amp; M4_spin_reels_symbols[2].contains("WILD_Expanding")): null

2019-08-24 13:10:40 - [TEST_STEP][PASSED] - free_spin_reel_counter = free_spin_reel_counter: null

2019-08-24 13:10:40 - [TEST_STEP][PASSED] - M4_spin_reels_symbols = M4_spin_reels_symbols: null

2019-08-24 13:10:40 - [TEST_STEP][PASSED] - M4_total_bonus_spins = M4_total_bonus_spins: null

2019-08-24 13:10:40 - [TEST_STEP][PASSED] - spin_result = sendRequestAndVerify(findTestObject("INT/RGS(M4)/1_M4_spin", ["M4_login_user_id":M4_login_user_id, "rgs_session_token":rgs_session_token, "partner":Partner])): Send request and verify the response successfully

2019-08-24 13:10:41 - [MESSAGE][INFO] - HAR: /Users/eiralee/Katalon_Script/SuperWild/Reports/20190824_125957/INT/superWild_5/20190824_125957/requests/main/188.har

2019-08-24 13:10:41 - [TEST_CASE][PASSED] - Start Test Case : Verification: Verification accomplished successfully

2019-08-24 13:10:41 - [TEST_STEP][PASSED] - request = getInstance().getCurrentRequest(): null

2019-08-24 13:10:41 - [TEST_STEP][PASSED] - response = getInstance().getCurrentResponse(): null

2019-08-24 13:10:41 - [TEST_STEP][PASSED] - verifyResponseStatusCode(response, 200): Verify response status code successfully

2019-08-24 13:10:41 - [MESSAGE][PASSED] - Verify response status code successfully

2019-08-24 13:10:41 - [TEST_STEP][PASSED] - getStatusCode()).isEqualTo(200): null

2019-08-24 13:10:41 - [TEST_STEP][PASSED] - newline = System.getProperty("line.separator"): null

2019-08-24 13:10:41 - [TEST_STEP][PASSED] - M4_spin = new groovy.json.JsonSlurper(): null

2019-08-24 13:10:41 - [TEST_STEP][PASSED] - result_M4_spin = M4_spin.parseText(response.getResponseBodyContent()): null

2019-08-24 13:10:41 - [TEST_STEP][PASSED] - M4_spin_current_balance = current_balance: null

2019-08-24 13:10:41 - [TEST_STEP][PASSED] - M4_spin_current_balance = M4_spin_current_balance: null

2019-08-24 13:10:41 - [TEST_STEP][PASSED] - M4_spin_transaction_id = causality: null

2019-08-24 13:10:41 - [TEST_STEP][PASSED] - M4_spin_transaction_id = M4_spin_transaction_id: null

2019-08-24 13:10:41 - [TEST_STEP][PASSED] - M4_spin_round_id = round_id: null

2019-08-24 13:10:41 - [TEST_STEP][PASSED] - M4_spin_round_id = M4_spin_round_id: null

2019-08-24 13:10:41 - [TEST_STEP][PASSED] - M4_spin_line_wins = line_wins: null

2019-08-24 13:10:41 - [TEST_STEP][PASSED] - M4_spin_line_wins = M4_spin_line_wins: null

2019-08-24 13:10:41 - [TEST_STEP][PASSED] - M4_total_bonus_spins_int = total_bonus_spins: null

2019-08-24 13:10:41 - [TEST_STEP][PASSED] - println("******M4_total_bonus_spins type is:*******" + newline + getClass().getName()): null

2019-08-24 13:10:41 - [TEST_STEP][PASSED] - M4_total_bonus_spins_int = M4_total_bonus_spins_int: null

2019-08-24 13:10:41 - [TEST_STEP][PASSED] - M4_total_bonus_spins = Integer.toString(M4_total_bonus_spins_int): null

2019-08-24 13:10:41 - [TEST_STEP][PASSED] - M4_total_bonus_spins = M4_total_bonus_spins: null

2019-08-24 13:10:41 - [TEST_STEP][PASSED] - println("M4_total_bonus_spins is:" + M4_total_bonus_spins): null

2019-08-24 13:10:41 - [TEST_STEP][PASSED] - M4_spin_bonus_data = bonus_data: null

2019-08-24 13:10:41 - [TEST_STEP][PASSED] - M4_spin_features_triggered = result_M4_spin: null

2019-08-24 13:10:41 - [TEST_STEP][PASSED] - wild = []: null

2019-08-24 13:10:41 - [TEST_STEP][PASSED] - wild[0] = "WILD_Expanding": null

2019-08-24 13:10:41 - [TEST_STEP][PASSED] - wild[1] = "WILD_Normal": null

2019-08-24 13:10:41 - [TEST_STEP][PASSED] - wild[2] = "WILD_Double": null

2019-08-24 13:10:41 - [TEST_STEP][PASSED] - wild[3] = "WILD_ExtraFG": null

2019-08-24 13:10:41 - [TEST_STEP][PASSED] - wild[4] = "WILD_Triple": null

2019-08-24 13:10:41 - [TEST_STEP][PASSED] - wildList = Arrays.asList(wild): null

2019-08-24 13:10:41 - [TEST_STEP][PASSED] - wildList = wildList: null

2019-08-24 13:10:41 - [TEST_STEP][PASSED] - free_spin_reel_counter = []: null

2019-08-24 13:10:41 - [TEST_STEP][PASSED] - free_spin_reel_counter[0] = 0: null

2019-08-24 13:10:41 - [TEST_STEP][PASSED] - free_spin_reel_counter[1] = 0: null

2019-08-24 13:10:41 - [TEST_STEP][PASSED] - free_spin_reel_counter[2] = 0: null

2019-08-24 13:10:41 - [TEST_STEP][PASSED] - M4_spin_reels = reels: null

2019-08-24 13:10:41 - [TEST_STEP][PASSED] - for ([i = 0, i &lt; M4_spin_reels.size(), (i++)]): null

2019-08-24 13:10:41 - [TEST_STEP][PASSED] - symbols = symbols: null

2019-08-24 13:10:41 - [TEST_STEP][PASSED] - for ([j = 0, j &lt; symbols.size(), (j++)]): null

2019-08-24 13:10:41 - [TEST_STEP][PASSED] - symbol = symbol: null

2019-08-24 13:10:41 - [TEST_STEP][PASSED] - println(symbol): null

2019-08-24 13:10:41 - [TEST_STEP][PASSED] - if (i == 2 &amp;&amp; wildList.indexOf(symbol) != -1): null

2019-08-24 13:10:41 - [TEST_STEP][PASSED] - if (i == 3 &amp;&amp; wildList.indexOf(symbol) != -1): null

2019-08-24 13:10:41 - [TEST_STEP][PASSED] - if (i == 4 &amp;&amp; wildList.indexOf(symbol) != -1): null

2019-08-24 13:10:41 - [TEST_STEP][PASSED] - symbol = symbol: null

2019-08-24 13:10:41 - [TEST_STEP][PASSED] - println(symbol): null

2019-08-24 13:10:41 - [TEST_STEP][PASSED] - if (i == 2 &amp;&amp; wildList.indexOf(symbol) != -1): null

2019-08-24 13:10:41 - [TEST_STEP][PASSED] - if (i == 3 &amp;&amp; wildList.indexOf(symbol) != -1): null

2019-08-24 13:10:41 - [TEST_STEP][PASSED] - if (i == 4 &amp;&amp; wildList.indexOf(symbol) != -1): null

2019-08-24 13:10:41 - [TEST_STEP][PASSED] - symbol = symbol: null

2019-08-24 13:10:41 - [TEST_STEP][PASSED] - println(symbol): null

2019-08-24 13:10:41 - [TEST_STEP][PASSED] - if (i == 2 &amp;&amp; wildList.indexOf(symbol) != -1): null

2019-08-24 13:10:41 - [TEST_STEP][PASSED] - if (i == 3 &amp;&amp; wildList.indexOf(symbol) != -1): null

2019-08-24 13:10:41 - [TEST_STEP][PASSED] - if (i == 4 &amp;&amp; wildList.indexOf(symbol) != -1): null

2019-08-24 13:10:41 - [TEST_STEP][PASSED] - symbols = symbols: null

2019-08-24 13:10:41 - [TEST_STEP][PASSED] - for ([j = 0, j &lt; symbols.size(), (j++)]): null

2019-08-24 13:10:41 - [TEST_STEP][PASSED] - symbol = symbol: null

2019-08-24 13:10:41 - [TEST_STEP][PASSED] - println(symbol): null

2019-08-24 13:10:41 - [TEST_STEP][PASSED] - if (i == 2 &amp;&amp; wildList.indexOf(symbol) != -1): null

2019-08-24 13:10:41 - [TEST_STEP][PASSED] - if (i == 3 &amp;&amp; wildList.indexOf(symbol) != -1): null

2019-08-24 13:10:41 - [TEST_STEP][PASSED] - if (i == 4 &amp;&amp; wildList.indexOf(symbol) != -1): null

2019-08-24 13:10:41 - [TEST_STEP][PASSED] - symbol = symbol: null

2019-08-24 13:10:41 - [TEST_STEP][PASSED] - println(symbol): null

2019-08-24 13:10:41 - [TEST_STEP][PASSED] - if (i == 2 &amp;&amp; wildList.indexOf(symbol) != -1): null

2019-08-24 13:10:41 - [TEST_STEP][PASSED] - if (i == 3 &amp;&amp; wildList.indexOf(symbol) != -1): null

2019-08-24 13:10:41 - [TEST_STEP][PASSED] - if (i == 4 &amp;&amp; wildList.indexOf(symbol) != -1): null

2019-08-24 13:10:41 - [TEST_STEP][PASSED] - symbol = symbol: null

2019-08-24 13:10:41 - [TEST_STEP][PASSED] - println(symbol): null

2019-08-24 13:10:41 - [TEST_STEP][PASSED] - if (i == 2 &amp;&amp; wildList.indexOf(symbol) != -1): null

2019-08-24 13:10:41 - [TEST_STEP][PASSED] - if (i == 3 &amp;&amp; wildList.indexOf(symbol) != -1): null

2019-08-24 13:10:41 - [TEST_STEP][PASSED] - if (i == 4 &amp;&amp; wildList.indexOf(symbol) != -1): null

2019-08-24 13:10:41 - [TEST_STEP][PASSED] - symbols = symbols: null

2019-08-24 13:10:41 - [TEST_STEP][PASSED] - for ([j = 0, j &lt; symbols.size(), (j++)]): null

2019-08-24 13:10:41 - [TEST_STEP][PASSED] - symbol = symbol: null

2019-08-24 13:10:41 - [TEST_STEP][PASSED] - println(symbol): null

2019-08-24 13:10:41 - [TEST_STEP][PASSED] - if (i == 2 &amp;&amp; wildList.indexOf(symbol) != -1): null

2019-08-24 13:10:41 - [TEST_STEP][PASSED] - if (i == 3 &amp;&amp; wildList.indexOf(symbol) != -1): null

2019-08-24 13:10:41 - [TEST_STEP][PASSED] - if (i == 4 &amp;&amp; wildList.indexOf(symbol) != -1): null

2019-08-24 13:10:41 - [TEST_STEP][PASSED] - symbol = symbol: null

2019-08-24 13:10:41 - [TEST_STEP][PASSED] - println(symbol): null

2019-08-24 13:10:41 - [TEST_STEP][PASSED] - if (i == 2 &amp;&amp; wildList.indexOf(symbol) != -1): null

2019-08-24 13:10:41 - [TEST_STEP][PASSED] - println("wild found on reel 3, adding counter by 1"): null

2019-08-24 13:10:41 - [TEST_STEP][PASSED] - free_spin_reel_counter[0] = free_spin_reel_counter[0] + 1: null

2019-08-24 13:10:41 - [TEST_STEP][PASSED] - if (i == 3 &amp;&amp; wildList.indexOf(symbol) != -1): null

2019-08-24 13:10:41 - [TEST_STEP][PASSED] - if (i == 4 &amp;&amp; wildList.indexOf(symbol) != -1): null

2019-08-24 13:10:41 - [TEST_STEP][PASSED] - symbol = symbol: null

2019-08-24 13:10:41 - [TEST_STEP][PASSED] - println(symbol): null

2019-08-24 13:10:41 - [TEST_STEP][PASSED] - if (i == 2 &amp;&amp; wildList.indexOf(symbol) != -1): null

2019-08-24 13:10:41 - [TEST_STEP][PASSED] - if (i == 3 &amp;&amp; wildList.indexOf(symbol) != -1): null

2019-08-24 13:10:41 - [TEST_STEP][PASSED] - if (i == 4 &amp;&amp; wildList.indexOf(symbol) != -1): null

2019-08-24 13:10:41 - [TEST_STEP][PASSED] - symbols = symbols: null

2019-08-24 13:10:41 - [TEST_STEP][PASSED] - for ([j = 0, j &lt; symbols.size(), (j++)]): null

2019-08-24 13:10:41 - [TEST_STEP][PASSED] - symbol = symbol: null

2019-08-24 13:10:41 - [TEST_STEP][PASSED] - println(symbol): null

2019-08-24 13:10:41 - [TEST_STEP][PASSED] - if (i == 2 &amp;&amp; wildList.indexOf(symbol) != -1): null

2019-08-24 13:10:41 - [TEST_STEP][PASSED] - if (i == 3 &amp;&amp; wildList.indexOf(symbol) != -1): null

2019-08-24 13:10:41 - [TEST_STEP][PASSED] - if (i == 4 &amp;&amp; wildList.indexOf(symbol) != -1): null

2019-08-24 13:10:41 - [TEST_STEP][PASSED] - symbol = symbol: null

2019-08-24 13:10:41 - [TEST_STEP][PASSED] - println(symbol): null

2019-08-24 13:10:41 - [TEST_STEP][PASSED] - if (i == 2 &amp;&amp; wildList.indexOf(symbol) != -1): null

2019-08-24 13:10:41 - [TEST_STEP][PASSED] - if (i == 3 &amp;&amp; wildList.indexOf(symbol) != -1): null

2019-08-24 13:10:41 - [TEST_STEP][PASSED] - if (i == 4 &amp;&amp; wildList.indexOf(symbol) != -1): null

2019-08-24 13:10:41 - [TEST_STEP][PASSED] - symbol = symbol: null

2019-08-24 13:10:41 - [TEST_STEP][PASSED] - println(symbol): null

2019-08-24 13:10:41 - [TEST_STEP][PASSED] - if (i == 2 &amp;&amp; wildList.indexOf(symbol) != -1): null

2019-08-24 13:10:41 - [TEST_STEP][PASSED] - if (i == 3 &amp;&amp; wildList.indexOf(symbol) != -1): null

2019-08-24 13:10:41 - [TEST_STEP][PASSED] - if (i == 4 &amp;&amp; wildList.indexOf(symbol) != -1): null

2019-08-24 13:10:41 - [TEST_STEP][PASSED] - symbols = symbols: null

2019-08-24 13:10:41 - [TEST_STEP][PASSED] - for ([j = 0, j &lt; symbols.size(), (j++)]): null

2019-08-24 13:10:41 - [TEST_STEP][PASSED] - symbol = symbol: null

2019-08-24 13:10:41 - [TEST_STEP][PASSED] - println(symbol): null

2019-08-24 13:10:41 - [TEST_STEP][PASSED] - if (i == 2 &amp;&amp; wildList.indexOf(symbol) != -1): null

2019-08-24 13:10:41 - [TEST_STEP][PASSED] - if (i == 3 &amp;&amp; wildList.indexOf(symbol) != -1): null

2019-08-24 13:10:41 - [TEST_STEP][PASSED] - if (i == 4 &amp;&amp; wildList.indexOf(symbol) != -1): null

2019-08-24 13:10:41 - [TEST_STEP][PASSED] - symbol = symbol: null

2019-08-24 13:10:41 - [TEST_STEP][PASSED] - println(symbol): null

2019-08-24 13:10:41 - [TEST_STEP][PASSED] - if (i == 2 &amp;&amp; wildList.indexOf(symbol) != -1): null

2019-08-24 13:10:41 - [TEST_STEP][PASSED] - if (i == 3 &amp;&amp; wildList.indexOf(symbol) != -1): null

2019-08-24 13:10:41 - [TEST_STEP][PASSED] - if (i == 4 &amp;&amp; wildList.indexOf(symbol) != -1): null

2019-08-24 13:10:41 - [TEST_STEP][PASSED] - symbol = symbol: null

2019-08-24 13:10:41 - [TEST_STEP][PASSED] - println(symbol): null

2019-08-24 13:10:41 - [TEST_STEP][PASSED] - if (i == 2 &amp;&amp; wildList.indexOf(symbol) != -1): null

2019-08-24 13:10:41 - [TEST_STEP][PASSED] - if (i == 3 &amp;&amp; wildList.indexOf(symbol) != -1): null

2019-08-24 13:10:41 - [TEST_STEP][PASSED] - if (i == 4 &amp;&amp; wildList.indexOf(symbol) != -1): null

2019-08-24 13:10:41 - [TEST_STEP][PASSED] - free_spin_reel_counter = free_spin_reel_counter: null

2019-08-24 13:10:41 - [TEST_STEP][PASSED] - println("reel 3 wild found: " + free_spin_reel_counter[0]): null

2019-08-24 13:10:41 - [TEST_STEP][PASSED] - println("reel 4 wild found: " + free_spin_reel_counter[1]): null

2019-08-24 13:10:41 - [TEST_STEP][PASSED] - println("reel 5 wild found: " + free_spin_reel_counter[2]): null

2019-08-24 13:10:41 - [TEST_STEP][PASSED] - M4_spin_reels = M4_spin_reels: null

2019-08-24 13:10:41 - [TEST_STEP][PASSED] - M4_spin_reels_symbols = symbol: null

2019-08-24 13:10:41 - [TEST_STEP][PASSED] - M4_spin_reels_symbols = M4_spin_reels_symbols: null

2019-08-24 13:10:41 - [TEST_STEP][PASSED] - M4_spin_reel_wins = reel_wins: null

2019-08-24 13:10:41 - [TEST_STEP][PASSED] - M4_spin_reel_wins = M4_spin_reel_wins: null

2019-08-24 13:10:41 - [TEST_STEP][PASSED] - println("GlobalVariable.M4_spin_reel_wins is: " + M4_spin_reel_wins): null

2019-08-24 13:10:41 - [TEST_STEP][PASSED] - M4_spin_total_bonus_win_this_round = total_bonus_win_this_round: null

2019-08-24 13:10:41 - [TEST_STEP][PASSED] - M4_spin_total_bonus_win_this_round = M4_spin_total_bonus_win_this_round: null

2019-08-24 13:10:41 - [TEST_STEP][PASSED] - println("GlobalVariable.M4_spin_total_bonus_win_this_round is: " + M4_spin_total_bonus_win_this_round): null

2019-08-24 13:10:41 - [TEST_STEP][PASSED] - M4_spin_bonus_spin_result = spin_result: null

2019-08-24 13:10:41 - [TEST_STEP][PASSED] - M4_spin_bonus_spin_result = M4_spin_bonus_spin_result: null

2019-08-24 13:10:41 - [MESSAGE][PASSED] - Verify response successfully

2019-08-24 13:10:41 - [MESSAGE][PASSED] - Send request and verify the response successfully

2019-08-24 13:10:41 - [TEST_STEP][PASSED] - if (M4_total_bonus_spins_int != 0 &amp;&amp; M4_spin_reels_symbols[2].contains("WILD_Expanding")): null

2019-08-24 13:10:41 - [TEST_STEP][PASSED] - free_spin_reel_counter = free_spin_reel_counter: null

2019-08-24 13:10:41 - [TEST_STEP][PASSED] - M4_spin_reels_symbols = M4_spin_reels_symbols: null

2019-08-24 13:10:41 - [TEST_STEP][PASSED] - M4_total_bonus_spins = M4_total_bonus_spins: null

2019-08-24 13:10:41 - [TEST_STEP][PASSED] - spin_result = sendRequestAndVerify(findTestObject("INT/RGS(M4)/1_M4_spin", ["M4_login_user_id":M4_login_user_id, "rgs_session_token":rgs_session_token, "partner":Partner])): Send request and verify the response successfully

2019-08-24 13:10:41 - [MESSAGE][INFO] - HAR: /Users/eiralee/Katalon_Script/SuperWild/Reports/20190824_125957/INT/superWild_5/20190824_125957/requests/main/189.har

2019-08-24 13:10:41 - [TEST_CASE][PASSED] - Start Test Case : Verification: Verification accomplished successfully

2019-08-24 13:10:41 - [TEST_STEP][PASSED] - request = getInstance().getCurrentRequest(): null

2019-08-24 13:10:41 - [TEST_STEP][PASSED] - response = getInstance().getCurrentResponse(): null

2019-08-24 13:10:41 - [TEST_STEP][PASSED] - verifyResponseStatusCode(response, 200): Verify response status code successfully

2019-08-24 13:10:41 - [MESSAGE][PASSED] - Verify response status code successfully

2019-08-24 13:10:41 - [TEST_STEP][PASSED] - getStatusCode()).isEqualTo(200): null

2019-08-24 13:10:41 - [TEST_STEP][PASSED] - newline = System.getProperty("line.separator"): null

2019-08-24 13:10:41 - [TEST_STEP][PASSED] - M4_spin = new groovy.json.JsonSlurper(): null

2019-08-24 13:10:41 - [TEST_STEP][PASSED] - result_M4_spin = M4_spin.parseText(response.getResponseBodyContent()): null

2019-08-24 13:10:41 - [TEST_STEP][PASSED] - M4_spin_current_balance = current_balance: null

2019-08-24 13:10:41 - [TEST_STEP][PASSED] - M4_spin_current_balance = M4_spin_current_balance: null

2019-08-24 13:10:41 - [TEST_STEP][PASSED] - M4_spin_transaction_id = causality: null

2019-08-24 13:10:41 - [TEST_STEP][PASSED] - M4_spin_transaction_id = M4_spin_transaction_id: null

2019-08-24 13:10:41 - [TEST_STEP][PASSED] - M4_spin_round_id = round_id: null

2019-08-24 13:10:41 - [TEST_STEP][PASSED] - M4_spin_round_id = M4_spin_round_id: null

2019-08-24 13:10:41 - [TEST_STEP][PASSED] - M4_spin_line_wins = line_wins: null

2019-08-24 13:10:41 - [TEST_STEP][PASSED] - M4_spin_line_wins = M4_spin_line_wins: null

2019-08-24 13:10:41 - [TEST_STEP][PASSED] - M4_total_bonus_spins_int = total_bonus_spins: null

2019-08-24 13:10:41 - [TEST_STEP][PASSED] - println("******M4_total_bonus_spins type is:*******" + newline + getClass().getName()): null

2019-08-24 13:10:41 - [TEST_STEP][PASSED] - M4_total_bonus_spins_int = M4_total_bonus_spins_int: null

2019-08-24 13:10:41 - [TEST_STEP][PASSED] - M4_total_bonus_spins = Integer.toString(M4_total_bonus_spins_int): null

2019-08-24 13:10:41 - [TEST_STEP][PASSED] - M4_total_bonus_spins = M4_total_bonus_spins: null

2019-08-24 13:10:41 - [TEST_STEP][PASSED] - println("M4_total_bonus_spins is:" + M4_total_bonus_spins): null

2019-08-24 13:10:41 - [TEST_STEP][PASSED] - M4_spin_bonus_data = bonus_data: null

2019-08-24 13:10:41 - [TEST_STEP][PASSED] - M4_spin_features_triggered = result_M4_spin: null

2019-08-24 13:10:41 - [TEST_STEP][PASSED] - wild = []: null

2019-08-24 13:10:41 - [TEST_STEP][PASSED] - wild[0] = "WILD_Expanding": null

2019-08-24 13:10:41 - [TEST_STEP][PASSED] - wild[1] = "WILD_Normal": null

2019-08-24 13:10:41 - [TEST_STEP][PASSED] - wild[2] = "WILD_Double": null

2019-08-24 13:10:41 - [TEST_STEP][PASSED] - wild[3] = "WILD_ExtraFG": null

2019-08-24 13:10:41 - [TEST_STEP][PASSED] - wild[4] = "WILD_Triple": null

2019-08-24 13:10:41 - [TEST_STEP][PASSED] - wildList = Arrays.asList(wild): null

2019-08-24 13:10:41 - [TEST_STEP][PASSED] - wildList = wildList: null

2019-08-24 13:10:41 - [TEST_STEP][PASSED] - free_spin_reel_counter = []: null

2019-08-24 13:10:41 - [TEST_STEP][PASSED] - free_spin_reel_counter[0] = 0: null

2019-08-24 13:10:41 - [TEST_STEP][PASSED] - free_spin_reel_counter[1] = 0: null

2019-08-24 13:10:41 - [TEST_STEP][PASSED] - free_spin_reel_counter[2] = 0: null

2019-08-24 13:10:41 - [TEST_STEP][PASSED] - M4_spin_reels = reels: null

2019-08-24 13:10:41 - [TEST_STEP][PASSED] - for ([i = 0, i &lt; M4_spin_reels.size(), (i++)]): null

2019-08-24 13:10:41 - [TEST_STEP][PASSED] - symbols = symbols: null

2019-08-24 13:10:41 - [TEST_STEP][PASSED] - for ([j = 0, j &lt; symbols.size(), (j++)]): null

2019-08-24 13:10:41 - [TEST_STEP][PASSED] - symbol = symbol: null

2019-08-24 13:10:41 - [TEST_STEP][PASSED] - println(symbol): null

2019-08-24 13:10:41 - [TEST_STEP][PASSED] - if (i == 2 &amp;&amp; wildList.indexOf(symbol) != -1): null

2019-08-24 13:10:41 - [TEST_STEP][PASSED] - if (i == 3 &amp;&amp; wildList.indexOf(symbol) != -1): null

2019-08-24 13:10:41 - [TEST_STEP][PASSED] - if (i == 4 &amp;&amp; wildList.indexOf(symbol) != -1): null

2019-08-24 13:10:41 - [TEST_STEP][PASSED] - symbol = symbol: null

2019-08-24 13:10:41 - [TEST_STEP][PASSED] - println(symbol): null

2019-08-24 13:10:41 - [TEST_STEP][PASSED] - if (i == 2 &amp;&amp; wildList.indexOf(symbol) != -1): null

2019-08-24 13:10:41 - [TEST_STEP][PASSED] - if (i == 3 &amp;&amp; wildList.indexOf(symbol) != -1): null

2019-08-24 13:10:41 - [TEST_STEP][PASSED] - if (i == 4 &amp;&amp; wildList.indexOf(symbol) != -1): null

2019-08-24 13:10:41 - [TEST_STEP][PASSED] - symbol = symbol: null

2019-08-24 13:10:41 - [TEST_STEP][PASSED] - println(symbol): null

2019-08-24 13:10:41 - [TEST_STEP][PASSED] - if (i == 2 &amp;&amp; wildList.indexOf(symbol) != -1): null

2019-08-24 13:10:41 - [TEST_STEP][PASSED] - if (i == 3 &amp;&amp; wildList.indexOf(symbol) != -1): null

2019-08-24 13:10:41 - [TEST_STEP][PASSED] - if (i == 4 &amp;&amp; wildList.indexOf(symbol) != -1): null

2019-08-24 13:10:41 - [TEST_STEP][PASSED] - symbols = symbols: null

2019-08-24 13:10:41 - [TEST_STEP][PASSED] - for ([j = 0, j &lt; symbols.size(), (j++)]): null

2019-08-24 13:10:41 - [TEST_STEP][PASSED] - symbol = symbol: null

2019-08-24 13:10:41 - [TEST_STEP][PASSED] - println(symbol): null

2019-08-24 13:10:41 - [TEST_STEP][PASSED] - if (i == 2 &amp;&amp; wildList.indexOf(symbol) != -1): null

2019-08-24 13:10:41 - [TEST_STEP][PASSED] - if (i == 3 &amp;&amp; wildList.indexOf(symbol) != -1): null

2019-08-24 13:10:41 - [TEST_STEP][PASSED] - if (i == 4 &amp;&amp; wildList.indexOf(symbol) != -1): null

2019-08-24 13:10:41 - [TEST_STEP][PASSED] - symbol = symbol: null

2019-08-24 13:10:41 - [TEST_STEP][PASSED] - println(symbol): null

2019-08-24 13:10:41 - [TEST_STEP][PASSED] - if (i == 2 &amp;&amp; wildList.indexOf(symbol) != -1): null

2019-08-24 13:10:41 - [TEST_STEP][PASSED] - if (i == 3 &amp;&amp; wildList.indexOf(symbol) != -1): null

2019-08-24 13:10:41 - [TEST_STEP][PASSED] - if (i == 4 &amp;&amp; wildList.indexOf(symbol) != -1): null

2019-08-24 13:10:41 - [TEST_STEP][PASSED] - symbol = symbol: null

2019-08-24 13:10:41 - [TEST_STEP][PASSED] - println(symbol): null

2019-08-24 13:10:41 - [TEST_STEP][PASSED] - if (i == 2 &amp;&amp; wildList.indexOf(symbol) != -1): null

2019-08-24 13:10:41 - [TEST_STEP][PASSED] - if (i == 3 &amp;&amp; wildList.indexOf(symbol) != -1): null

2019-08-24 13:10:41 - [TEST_STEP][PASSED] - if (i == 4 &amp;&amp; wildList.indexOf(symbol) != -1): null

2019-08-24 13:10:41 - [TEST_STEP][PASSED] - symbols = symbols: null

2019-08-24 13:10:41 - [TEST_STEP][PASSED] - for ([j = 0, j &lt; symbols.size(), (j++)]): null

2019-08-24 13:10:41 - [TEST_STEP][PASSED] - symbol = symbol: null

2019-08-24 13:10:41 - [TEST_STEP][PASSED] - println(symbol): null

2019-08-24 13:10:41 - [TEST_STEP][PASSED] - if (i == 2 &amp;&amp; wildList.indexOf(symbol) != -1): null

2019-08-24 13:10:41 - [TEST_STEP][PASSED] - if (i == 3 &amp;&amp; wildList.indexOf(symbol) != -1): null

2019-08-24 13:10:41 - [TEST_STEP][PASSED] - if (i == 4 &amp;&amp; wildList.indexOf(symbol) != -1): null

2019-08-24 13:10:41 - [TEST_STEP][PASSED] - symbol = symbol: null

2019-08-24 13:10:41 - [TEST_STEP][PASSED] - println(symbol): null

2019-08-24 13:10:41 - [TEST_STEP][PASSED] - if (i == 2 &amp;&amp; wildList.indexOf(symbol) != -1): null

2019-08-24 13:10:41 - [TEST_STEP][PASSED] - if (i == 3 &amp;&amp; wildList.indexOf(symbol) != -1): null

2019-08-24 13:10:41 - [TEST_STEP][PASSED] - if (i == 4 &amp;&amp; wildList.indexOf(symbol) != -1): null

2019-08-24 13:10:41 - [TEST_STEP][PASSED] - symbol = symbol: null

2019-08-24 13:10:41 - [TEST_STEP][PASSED] - println(symbol): null

2019-08-24 13:10:41 - [TEST_STEP][PASSED] - if (i == 2 &amp;&amp; wildList.indexOf(symbol) != -1): null

2019-08-24 13:10:41 - [TEST_STEP][PASSED] - if (i == 3 &amp;&amp; wildList.indexOf(symbol) != -1): null

2019-08-24 13:10:41 - [TEST_STEP][PASSED] - if (i == 4 &amp;&amp; wildList.indexOf(symbol) != -1): null

2019-08-24 13:10:41 - [TEST_STEP][PASSED] - symbols = symbols: null

2019-08-24 13:10:41 - [TEST_STEP][PASSED] - for ([j = 0, j &lt; symbols.size(), (j++)]): null

2019-08-24 13:10:41 - [TEST_STEP][PASSED] - symbol = symbol: null

2019-08-24 13:10:41 - [TEST_STEP][PASSED] - println(symbol): null

2019-08-24 13:10:41 - [TEST_STEP][PASSED] - if (i == 2 &amp;&amp; wildList.indexOf(symbol) != -1): null

2019-08-24 13:10:41 - [TEST_STEP][PASSED] - if (i == 3 &amp;&amp; wildList.indexOf(symbol) != -1): null

2019-08-24 13:10:41 - [TEST_STEP][PASSED] - if (i == 4 &amp;&amp; wildList.indexOf(symbol) != -1): null

2019-08-24 13:10:41 - [TEST_STEP][PASSED] - symbol = symbol: null

2019-08-24 13:10:41 - [TEST_STEP][PASSED] - println(symbol): null

2019-08-24 13:10:41 - [TEST_STEP][PASSED] - if (i == 2 &amp;&amp; wildList.indexOf(symbol) != -1): null

2019-08-24 13:10:41 - [TEST_STEP][PASSED] - if (i == 3 &amp;&amp; wildList.indexOf(symbol) != -1): null

2019-08-24 13:10:41 - [TEST_STEP][PASSED] - if (i == 4 &amp;&amp; wildList.indexOf(symbol) != -1): null

2019-08-24 13:10:41 - [TEST_STEP][PASSED] - symbol = symbol: null

2019-08-24 13:10:41 - [TEST_STEP][PASSED] - println(symbol): null

2019-08-24 13:10:41 - [TEST_STEP][PASSED] - if (i == 2 &amp;&amp; wildList.indexOf(symbol) != -1): null

2019-08-24 13:10:41 - [TEST_STEP][PASSED] - if (i == 3 &amp;&amp; wildList.indexOf(symbol) != -1): null

2019-08-24 13:10:41 - [TEST_STEP][PASSED] - if (i == 4 &amp;&amp; wildList.indexOf(symbol) != -1): null

2019-08-24 13:10:41 - [TEST_STEP][PASSED] - symbols = symbols: null

2019-08-24 13:10:41 - [TEST_STEP][PASSED] - for ([j = 0, j &lt; symbols.size(), (j++)]): null

2019-08-24 13:10:41 - [TEST_STEP][PASSED] - symbol = symbol: null

2019-08-24 13:10:41 - [TEST_STEP][PASSED] - println(symbol): null

2019-08-24 13:10:41 - [TEST_STEP][PASSED] - if (i == 2 &amp;&amp; wildList.indexOf(symbol) != -1): null

2019-08-24 13:10:41 - [TEST_STEP][PASSED] - if (i == 3 &amp;&amp; wildList.indexOf(symbol) != -1): null

2019-08-24 13:10:41 - [TEST_STEP][PASSED] - if (i == 4 &amp;&amp; wildList.indexOf(symbol) != -1): null

2019-08-24 13:10:41 - [TEST_STEP][PASSED] - symbol = symbol: null

2019-08-24 13:10:41 - [TEST_STEP][PASSED] - println(symbol): null

2019-08-24 13:10:41 - [TEST_STEP][PASSED] - if (i == 2 &amp;&amp; wildList.indexOf(symbol) != -1): null

2019-08-24 13:10:41 - [TEST_STEP][PASSED] - if (i == 3 &amp;&amp; wildList.indexOf(symbol) != -1): null

2019-08-24 13:10:41 - [TEST_STEP][PASSED] - if (i == 4 &amp;&amp; wildList.indexOf(symbol) != -1): null

2019-08-24 13:10:41 - [TEST_STEP][PASSED] - symbol = symbol: null

2019-08-24 13:10:41 - [TEST_STEP][PASSED] - println(symbol): null

2019-08-24 13:10:41 - [TEST_STEP][PASSED] - if (i == 2 &amp;&amp; wildList.indexOf(symbol) != -1): null

2019-08-24 13:10:41 - [TEST_STEP][PASSED] - if (i == 3 &amp;&amp; wildList.indexOf(symbol) != -1): null

2019-08-24 13:10:41 - [TEST_STEP][PASSED] - if (i == 4 &amp;&amp; wildList.indexOf(symbol) != -1): null

2019-08-24 13:10:41 - [TEST_STEP][PASSED] - free_spin_reel_counter = free_spin_reel_counter: null

2019-08-24 13:10:41 - [TEST_STEP][PASSED] - println("reel 3 wild found: " + free_spin_reel_counter[0]): null

2019-08-24 13:10:41 - [TEST_STEP][PASSED] - println("reel 4 wild found: " + free_spin_reel_counter[1]): null

2019-08-24 13:10:41 - [TEST_STEP][PASSED] - println("reel 5 wild found: " + free_spin_reel_counter[2]): null

2019-08-24 13:10:41 - [TEST_STEP][PASSED] - M4_spin_reels = M4_spin_reels: null

2019-08-24 13:10:41 - [TEST_STEP][PASSED] - M4_spin_reels_symbols = symbol: null

2019-08-24 13:10:41 - [TEST_STEP][PASSED] - M4_spin_reels_symbols = M4_spin_reels_symbols: null

2019-08-24 13:10:41 - [TEST_STEP][PASSED] - M4_spin_reel_wins = reel_wins: null

2019-08-24 13:10:41 - [TEST_STEP][PASSED] - M4_spin_reel_wins = M4_spin_reel_wins: null

2019-08-24 13:10:41 - [TEST_STEP][PASSED] - println("GlobalVariable.M4_spin_reel_wins is: " + M4_spin_reel_wins): null

2019-08-24 13:10:41 - [TEST_STEP][PASSED] - M4_spin_total_bonus_win_this_round = total_bonus_win_this_round: null

2019-08-24 13:10:41 - [TEST_STEP][PASSED] - M4_spin_total_bonus_win_this_round = M4_spin_total_bonus_win_this_round: null

2019-08-24 13:10:41 - [TEST_STEP][PASSED] - println("GlobalVariable.M4_spin_total_bonus_win_this_round is: " + M4_spin_total_bonus_win_this_round): null

2019-08-24 13:10:41 - [TEST_STEP][PASSED] - M4_spin_bonus_spin_result = spin_result: null

2019-08-24 13:10:41 - [TEST_STEP][PASSED] - M4_spin_bonus_spin_result = M4_spin_bonus_spin_result: null

2019-08-24 13:10:41 - [MESSAGE][PASSED] - Verify response successfully

2019-08-24 13:10:41 - [MESSAGE][PASSED] - Send request and verify the response successfully

2019-08-24 13:10:41 - [TEST_STEP][PASSED] - if (M4_total_bonus_spins_int != 0 &amp;&amp; M4_spin_reels_symbols[2].contains("WILD_Expanding")): null

2019-08-24 13:10:41 - [TEST_STEP][PASSED] - free_spin_reel_counter = free_spin_reel_counter: null

2019-08-24 13:10:41 - [TEST_STEP][PASSED] - M4_spin_reels_symbols = M4_spin_reels_symbols: null

2019-08-24 13:10:41 - [TEST_STEP][PASSED] - M4_total_bonus_spins = M4_total_bonus_spins: null

2019-08-24 13:10:41 - [TEST_STEP][PASSED] - spin_result = sendRequestAndVerify(findTestObject("INT/RGS(M4)/1_M4_spin", ["M4_login_user_id":M4_login_user_id, "rgs_session_token":rgs_session_token, "partner":Partner])): Send request and verify the response successfully

2019-08-24 13:10:42 - [MESSAGE][INFO] - HAR: /Users/eiralee/Katalon_Script/SuperWild/Reports/20190824_125957/INT/superWild_5/20190824_125957/requests/main/190.har

2019-08-24 13:10:42 - [TEST_CASE][PASSED] - Start Test Case : Verification: Verification accomplished successfully

2019-08-24 13:10:42 - [TEST_STEP][PASSED] - request = getInstance().getCurrentRequest(): null

2019-08-24 13:10:42 - [TEST_STEP][PASSED] - response = getInstance().getCurrentResponse(): null

2019-08-24 13:10:42 - [TEST_STEP][PASSED] - verifyResponseStatusCode(response, 200): Verify response status code successfully

2019-08-24 13:10:42 - [MESSAGE][PASSED] - Verify response status code successfully

2019-08-24 13:10:42 - [TEST_STEP][PASSED] - getStatusCode()).isEqualTo(200): null

2019-08-24 13:10:42 - [TEST_STEP][PASSED] - newline = System.getProperty("line.separator"): null

2019-08-24 13:10:42 - [TEST_STEP][PASSED] - M4_spin = new groovy.json.JsonSlurper(): null

2019-08-24 13:10:42 - [TEST_STEP][PASSED] - result_M4_spin = M4_spin.parseText(response.getResponseBodyContent()): null

2019-08-24 13:10:42 - [TEST_STEP][PASSED] - M4_spin_current_balance = current_balance: null

2019-08-24 13:10:42 - [TEST_STEP][PASSED] - M4_spin_current_balance = M4_spin_current_balance: null

2019-08-24 13:10:42 - [TEST_STEP][PASSED] - M4_spin_transaction_id = causality: null

2019-08-24 13:10:42 - [TEST_STEP][PASSED] - M4_spin_transaction_id = M4_spin_transaction_id: null

2019-08-24 13:10:42 - [TEST_STEP][PASSED] - M4_spin_round_id = round_id: null

2019-08-24 13:10:42 - [TEST_STEP][PASSED] - M4_spin_round_id = M4_spin_round_id: null

2019-08-24 13:10:42 - [TEST_STEP][PASSED] - M4_spin_line_wins = line_wins: null

2019-08-24 13:10:42 - [TEST_STEP][PASSED] - M4_spin_line_wins = M4_spin_line_wins: null

2019-08-24 13:10:42 - [TEST_STEP][PASSED] - M4_total_bonus_spins_int = total_bonus_spins: null

2019-08-24 13:10:42 - [TEST_STEP][PASSED] - println("******M4_total_bonus_spins type is:*******" + newline + getClass().getName()): null

2019-08-24 13:10:42 - [TEST_STEP][PASSED] - M4_total_bonus_spins_int = M4_total_bonus_spins_int: null

2019-08-24 13:10:42 - [TEST_STEP][PASSED] - M4_total_bonus_spins = Integer.toString(M4_total_bonus_spins_int): null

2019-08-24 13:10:42 - [TEST_STEP][PASSED] - M4_total_bonus_spins = M4_total_bonus_spins: null

2019-08-24 13:10:42 - [TEST_STEP][PASSED] - println("M4_total_bonus_spins is:" + M4_total_bonus_spins): null

2019-08-24 13:10:42 - [TEST_STEP][PASSED] - M4_spin_bonus_data = bonus_data: null

2019-08-24 13:10:42 - [TEST_STEP][PASSED] - M4_spin_features_triggered = result_M4_spin: null

2019-08-24 13:10:42 - [TEST_STEP][PASSED] - wild = []: null

2019-08-24 13:10:42 - [TEST_STEP][PASSED] - wild[0] = "WILD_Expanding": null

2019-08-24 13:10:42 - [TEST_STEP][PASSED] - wild[1] = "WILD_Normal": null

2019-08-24 13:10:42 - [TEST_STEP][PASSED] - wild[2] = "WILD_Double": null

2019-08-24 13:10:42 - [TEST_STEP][PASSED] - wild[3] = "WILD_ExtraFG": null

2019-08-24 13:10:42 - [TEST_STEP][PASSED] - wild[4] = "WILD_Triple": null

2019-08-24 13:10:42 - [TEST_STEP][PASSED] - wildList = Arrays.asList(wild): null

2019-08-24 13:10:42 - [TEST_STEP][PASSED] - wildList = wildList: null

2019-08-24 13:10:42 - [TEST_STEP][PASSED] - free_spin_reel_counter = []: null

2019-08-24 13:10:42 - [TEST_STEP][PASSED] - free_spin_reel_counter[0] = 0: null

2019-08-24 13:10:42 - [TEST_STEP][PASSED] - free_spin_reel_counter[1] = 0: null

2019-08-24 13:10:42 - [TEST_STEP][PASSED] - free_spin_reel_counter[2] = 0: null

2019-08-24 13:10:42 - [TEST_STEP][PASSED] - M4_spin_reels = reels: null

2019-08-24 13:10:42 - [TEST_STEP][PASSED] - for ([i = 0, i &lt; M4_spin_reels.size(), (i++)]): null

2019-08-24 13:10:42 - [TEST_STEP][PASSED] - symbols = symbols: null

2019-08-24 13:10:42 - [TEST_STEP][PASSED] - for ([j = 0, j &lt; symbols.size(), (j++)]): null

2019-08-24 13:10:42 - [TEST_STEP][PASSED] - symbol = symbol: null

2019-08-24 13:10:42 - [TEST_STEP][PASSED] - println(symbol): null

2019-08-24 13:10:42 - [TEST_STEP][PASSED] - if (i == 2 &amp;&amp; wildList.indexOf(symbol) != -1): null

2019-08-24 13:10:42 - [TEST_STEP][PASSED] - if (i == 3 &amp;&amp; wildList.indexOf(symbol) != -1): null

2019-08-24 13:10:42 - [TEST_STEP][PASSED] - if (i == 4 &amp;&amp; wildList.indexOf(symbol) != -1): null

2019-08-24 13:10:42 - [TEST_STEP][PASSED] - symbol = symbol: null

2019-08-24 13:10:42 - [TEST_STEP][PASSED] - println(symbol): null

2019-08-24 13:10:42 - [TEST_STEP][PASSED] - if (i == 2 &amp;&amp; wildList.indexOf(symbol) != -1): null

2019-08-24 13:10:42 - [TEST_STEP][PASSED] - if (i == 3 &amp;&amp; wildList.indexOf(symbol) != -1): null

2019-08-24 13:10:42 - [TEST_STEP][PASSED] - if (i == 4 &amp;&amp; wildList.indexOf(symbol) != -1): null

2019-08-24 13:10:42 - [TEST_STEP][PASSED] - symbol = symbol: null

2019-08-24 13:10:42 - [TEST_STEP][PASSED] - println(symbol): null

2019-08-24 13:10:42 - [TEST_STEP][PASSED] - if (i == 2 &amp;&amp; wildList.indexOf(symbol) != -1): null

2019-08-24 13:10:42 - [TEST_STEP][PASSED] - if (i == 3 &amp;&amp; wildList.indexOf(symbol) != -1): null

2019-08-24 13:10:42 - [TEST_STEP][PASSED] - if (i == 4 &amp;&amp; wildList.indexOf(symbol) != -1): null

2019-08-24 13:10:42 - [TEST_STEP][PASSED] - symbols = symbols: null

2019-08-24 13:10:42 - [TEST_STEP][PASSED] - for ([j = 0, j &lt; symbols.size(), (j++)]): null

2019-08-24 13:10:42 - [TEST_STEP][PASSED] - symbol = symbol: null

2019-08-24 13:10:42 - [TEST_STEP][PASSED] - println(symbol): null

2019-08-24 13:10:42 - [TEST_STEP][PASSED] - if (i == 2 &amp;&amp; wildList.indexOf(symbol) != -1): null

2019-08-24 13:10:42 - [TEST_STEP][PASSED] - if (i == 3 &amp;&amp; wildList.indexOf(symbol) != -1): null

2019-08-24 13:10:42 - [TEST_STEP][PASSED] - if (i == 4 &amp;&amp; wildList.indexOf(symbol) != -1): null

2019-08-24 13:10:42 - [TEST_STEP][PASSED] - symbol = symbol: null

2019-08-24 13:10:42 - [TEST_STEP][PASSED] - println(symbol): null

2019-08-24 13:10:42 - [TEST_STEP][PASSED] - if (i == 2 &amp;&amp; wildList.indexOf(symbol) != -1): null

2019-08-24 13:10:42 - [TEST_STEP][PASSED] - if (i == 3 &amp;&amp; wildList.indexOf(symbol) != -1): null

2019-08-24 13:10:42 - [TEST_STEP][PASSED] - if (i == 4 &amp;&amp; wildList.indexOf(symbol) != -1): null

2019-08-24 13:10:42 - [TEST_STEP][PASSED] - symbol = symbol: null

2019-08-24 13:10:42 - [TEST_STEP][PASSED] - println(symbol): null

2019-08-24 13:10:42 - [TEST_STEP][PASSED] - if (i == 2 &amp;&amp; wildList.indexOf(symbol) != -1): null

2019-08-24 13:10:42 - [TEST_STEP][PASSED] - if (i == 3 &amp;&amp; wildList.indexOf(symbol) != -1): null

2019-08-24 13:10:42 - [TEST_STEP][PASSED] - if (i == 4 &amp;&amp; wildList.indexOf(symbol) != -1): null

2019-08-24 13:10:42 - [TEST_STEP][PASSED] - symbols = symbols: null

2019-08-24 13:10:42 - [TEST_STEP][PASSED] - for ([j = 0, j &lt; symbols.size(), (j++)]): null

2019-08-24 13:10:42 - [TEST_STEP][PASSED] - symbol = symbol: null

2019-08-24 13:10:42 - [TEST_STEP][PASSED] - println(symbol): null

2019-08-24 13:10:42 - [TEST_STEP][PASSED] - if (i == 2 &amp;&amp; wildList.indexOf(symbol) != -1): null

2019-08-24 13:10:42 - [TEST_STEP][PASSED] - if (i == 3 &amp;&amp; wildList.indexOf(symbol) != -1): null

2019-08-24 13:10:42 - [TEST_STEP][PASSED] - if (i == 4 &amp;&amp; wildList.indexOf(symbol) != -1): null

2019-08-24 13:10:42 - [TEST_STEP][PASSED] - symbol = symbol: null

2019-08-24 13:10:42 - [TEST_STEP][PASSED] - println(symbol): null

2019-08-24 13:10:42 - [TEST_STEP][PASSED] - if (i == 2 &amp;&amp; wildList.indexOf(symbol) != -1): null

2019-08-24 13:10:42 - [TEST_STEP][PASSED] - if (i == 3 &amp;&amp; wildList.indexOf(symbol) != -1): null

2019-08-24 13:10:42 - [TEST_STEP][PASSED] - if (i == 4 &amp;&amp; wildList.indexOf(symbol) != -1): null

2019-08-24 13:10:42 - [TEST_STEP][PASSED] - symbol = symbol: null

2019-08-24 13:10:42 - [TEST_STEP][PASSED] - println(symbol): null

2019-08-24 13:10:42 - [TEST_STEP][PASSED] - if (i == 2 &amp;&amp; wildList.indexOf(symbol) != -1): null

2019-08-24 13:10:42 - [TEST_STEP][PASSED] - if (i == 3 &amp;&amp; wildList.indexOf(symbol) != -1): null

2019-08-24 13:10:42 - [TEST_STEP][PASSED] - if (i == 4 &amp;&amp; wildList.indexOf(symbol) != -1): null

2019-08-24 13:10:42 - [TEST_STEP][PASSED] - symbols = symbols: null

2019-08-24 13:10:42 - [TEST_STEP][PASSED] - for ([j = 0, j &lt; symbols.size(), (j++)]): null

2019-08-24 13:10:42 - [TEST_STEP][PASSED] - symbol = symbol: null

2019-08-24 13:10:42 - [TEST_STEP][PASSED] - println(symbol): null

2019-08-24 13:10:42 - [TEST_STEP][PASSED] - if (i == 2 &amp;&amp; wildList.indexOf(symbol) != -1): null

2019-08-24 13:10:42 - [TEST_STEP][PASSED] - if (i == 3 &amp;&amp; wildList.indexOf(symbol) != -1): null

2019-08-24 13:10:42 - [TEST_STEP][PASSED] - if (i == 4 &amp;&amp; wildList.indexOf(symbol) != -1): null

2019-08-24 13:10:42 - [TEST_STEP][PASSED] - symbol = symbol: null

2019-08-24 13:10:42 - [TEST_STEP][PASSED] - println(symbol): null

2019-08-24 13:10:42 - [TEST_STEP][PASSED] - if (i == 2 &amp;&amp; wildList.indexOf(symbol) != -1): null

2019-08-24 13:10:42 - [TEST_STEP][PASSED] - if (i == 3 &amp;&amp; wildList.indexOf(symbol) != -1): null

2019-08-24 13:10:42 - [TEST_STEP][PASSED] - if (i == 4 &amp;&amp; wildList.indexOf(symbol) != -1): null

2019-08-24 13:10:42 - [TEST_STEP][PASSED] - symbol = symbol: null

2019-08-24 13:10:42 - [TEST_STEP][PASSED] - println(symbol): null

2019-08-24 13:10:42 - [TEST_STEP][PASSED] - if (i == 2 &amp;&amp; wildList.indexOf(symbol) != -1): null

2019-08-24 13:10:42 - [TEST_STEP][PASSED] - if (i == 3 &amp;&amp; wildList.indexOf(symbol) != -1): null

2019-08-24 13:10:42 - [TEST_STEP][PASSED] - if (i == 4 &amp;&amp; wildList.indexOf(symbol) != -1): null

2019-08-24 13:10:42 - [TEST_STEP][PASSED] - symbols = symbols: null

2019-08-24 13:10:42 - [TEST_STEP][PASSED] - for ([j = 0, j &lt; symbols.size(), (j++)]): null

2019-08-24 13:10:42 - [TEST_STEP][PASSED] - symbol = symbol: null

2019-08-24 13:10:42 - [TEST_STEP][PASSED] - println(symbol): null

2019-08-24 13:10:42 - [TEST_STEP][PASSED] - if (i == 2 &amp;&amp; wildList.indexOf(symbol) != -1): null

2019-08-24 13:10:42 - [TEST_STEP][PASSED] - if (i == 3 &amp;&amp; wildList.indexOf(symbol) != -1): null

2019-08-24 13:10:42 - [TEST_STEP][PASSED] - if (i == 4 &amp;&amp; wildList.indexOf(symbol) != -1): null

2019-08-24 13:10:42 - [TEST_STEP][PASSED] - symbol = symbol: null

2019-08-24 13:10:42 - [TEST_STEP][PASSED] - println(symbol): null

2019-08-24 13:10:42 - [TEST_STEP][PASSED] - if (i == 2 &amp;&amp; wildList.indexOf(symbol) != -1): null

2019-08-24 13:10:42 - [TEST_STEP][PASSED] - if (i == 3 &amp;&amp; wildList.indexOf(symbol) != -1): null

2019-08-24 13:10:42 - [TEST_STEP][PASSED] - if (i == 4 &amp;&amp; wildList.indexOf(symbol) != -1): null

2019-08-24 13:10:42 - [TEST_STEP][PASSED] - symbol = symbol: null

2019-08-24 13:10:42 - [TEST_STEP][PASSED] - println(symbol): null

2019-08-24 13:10:42 - [TEST_STEP][PASSED] - if (i == 2 &amp;&amp; wildList.indexOf(symbol) != -1): null

2019-08-24 13:10:42 - [TEST_STEP][PASSED] - if (i == 3 &amp;&amp; wildList.indexOf(symbol) != -1): null

2019-08-24 13:10:42 - [TEST_STEP][PASSED] - if (i == 4 &amp;&amp; wildList.indexOf(symbol) != -1): null

2019-08-24 13:10:42 - [TEST_STEP][PASSED] - free_spin_reel_counter = free_spin_reel_counter: null

2019-08-24 13:10:42 - [TEST_STEP][PASSED] - println("reel 3 wild found: " + free_spin_reel_counter[0]): null

2019-08-24 13:10:42 - [TEST_STEP][PASSED] - println("reel 4 wild found: " + free_spin_reel_counter[1]): null

2019-08-24 13:10:42 - [TEST_STEP][PASSED] - println("reel 5 wild found: " + free_spin_reel_counter[2]): null

2019-08-24 13:10:42 - [TEST_STEP][PASSED] - M4_spin_reels = M4_spin_reels: null

2019-08-24 13:10:42 - [TEST_STEP][PASSED] - M4_spin_reels_symbols = symbol: null

2019-08-24 13:10:42 - [TEST_STEP][PASSED] - M4_spin_reels_symbols = M4_spin_reels_symbols: null

2019-08-24 13:10:42 - [TEST_STEP][PASSED] - M4_spin_reel_wins = reel_wins: null

2019-08-24 13:10:42 - [TEST_STEP][PASSED] - M4_spin_reel_wins = M4_spin_reel_wins: null

2019-08-24 13:10:42 - [TEST_STEP][PASSED] - println("GlobalVariable.M4_spin_reel_wins is: " + M4_spin_reel_wins): null

2019-08-24 13:10:42 - [TEST_STEP][PASSED] - M4_spin_total_bonus_win_this_round = total_bonus_win_this_round: null

2019-08-24 13:10:42 - [TEST_STEP][PASSED] - M4_spin_total_bonus_win_this_round = M4_spin_total_bonus_win_this_round: null

2019-08-24 13:10:42 - [TEST_STEP][PASSED] - println("GlobalVariable.M4_spin_total_bonus_win_this_round is: " + M4_spin_total_bonus_win_this_round): null

2019-08-24 13:10:42 - [TEST_STEP][PASSED] - M4_spin_bonus_spin_result = spin_result: null

2019-08-24 13:10:42 - [TEST_STEP][PASSED] - M4_spin_bonus_spin_result = M4_spin_bonus_spin_result: null

2019-08-24 13:10:42 - [MESSAGE][PASSED] - Verify response successfully

2019-08-24 13:10:42 - [MESSAGE][PASSED] - Send request and verify the response successfully

2019-08-24 13:10:42 - [TEST_STEP][PASSED] - if (M4_total_bonus_spins_int != 0 &amp;&amp; M4_spin_reels_symbols[2].contains("WILD_Expanding")): null

2019-08-24 13:10:42 - [TEST_STEP][PASSED] - free_spin_reel_counter = free_spin_reel_counter: null

2019-08-24 13:10:42 - [TEST_STEP][PASSED] - M4_spin_reels_symbols = M4_spin_reels_symbols: null

2019-08-24 13:10:42 - [TEST_STEP][PASSED] - M4_total_bonus_spins = M4_total_bonus_spins: null

2019-08-24 13:10:42 - [TEST_STEP][PASSED] - spin_result = sendRequestAndVerify(findTestObject("INT/RGS(M4)/1_M4_spin", ["M4_login_user_id":M4_login_user_id, "rgs_session_token":rgs_session_token, "partner":Partner])): Send request and verify the response successfully

2019-08-24 13:10:42 - [MESSAGE][INFO] - HAR: /Users/eiralee/Katalon_Script/SuperWild/Reports/20190824_125957/INT/superWild_5/20190824_125957/requests/main/191.har

2019-08-24 13:10:42 - [TEST_CASE][PASSED] - Start Test Case : Verification: Verification accomplished successfully

2019-08-24 13:10:42 - [TEST_STEP][PASSED] - request = getInstance().getCurrentRequest(): null

2019-08-24 13:10:42 - [TEST_STEP][PASSED] - response = getInstance().getCurrentResponse(): null

2019-08-24 13:10:42 - [TEST_STEP][PASSED] - verifyResponseStatusCode(response, 200): Verify response status code successfully

2019-08-24 13:10:42 - [MESSAGE][PASSED] - Verify response status code successfully

2019-08-24 13:10:42 - [TEST_STEP][PASSED] - getStatusCode()).isEqualTo(200): null

2019-08-24 13:10:42 - [TEST_STEP][PASSED] - newline = System.getProperty("line.separator"): null

2019-08-24 13:10:42 - [TEST_STEP][PASSED] - M4_spin = new groovy.json.JsonSlurper(): null

2019-08-24 13:10:42 - [TEST_STEP][PASSED] - result_M4_spin = M4_spin.parseText(response.getResponseBodyContent()): null

2019-08-24 13:10:42 - [TEST_STEP][PASSED] - M4_spin_current_balance = current_balance: null

2019-08-24 13:10:42 - [TEST_STEP][PASSED] - M4_spin_current_balance = M4_spin_current_balance: null

2019-08-24 13:10:42 - [TEST_STEP][PASSED] - M4_spin_transaction_id = causality: null

2019-08-24 13:10:42 - [TEST_STEP][PASSED] - M4_spin_transaction_id = M4_spin_transaction_id: null

2019-08-24 13:10:42 - [TEST_STEP][PASSED] - M4_spin_round_id = round_id: null

2019-08-24 13:10:42 - [TEST_STEP][PASSED] - M4_spin_round_id = M4_spin_round_id: null

2019-08-24 13:10:42 - [TEST_STEP][PASSED] - M4_spin_line_wins = line_wins: null

2019-08-24 13:10:42 - [TEST_STEP][PASSED] - M4_spin_line_wins = M4_spin_line_wins: null

2019-08-24 13:10:42 - [TEST_STEP][PASSED] - M4_total_bonus_spins_int = total_bonus_spins: null

2019-08-24 13:10:42 - [TEST_STEP][PASSED] - println("******M4_total_bonus_spins type is:*******" + newline + getClass().getName()): null

2019-08-24 13:10:42 - [TEST_STEP][PASSED] - M4_total_bonus_spins_int = M4_total_bonus_spins_int: null

2019-08-24 13:10:42 - [TEST_STEP][PASSED] - M4_total_bonus_spins = Integer.toString(M4_total_bonus_spins_int): null

2019-08-24 13:10:42 - [TEST_STEP][PASSED] - M4_total_bonus_spins = M4_total_bonus_spins: null

2019-08-24 13:10:42 - [TEST_STEP][PASSED] - println("M4_total_bonus_spins is:" + M4_total_bonus_spins): null

2019-08-24 13:10:42 - [TEST_STEP][PASSED] - M4_spin_bonus_data = bonus_data: null

2019-08-24 13:10:42 - [TEST_STEP][PASSED] - M4_spin_features_triggered = result_M4_spin: null

2019-08-24 13:10:42 - [TEST_STEP][PASSED] - wild = []: null

2019-08-24 13:10:42 - [TEST_STEP][PASSED] - wild[0] = "WILD_Expanding": null

2019-08-24 13:10:42 - [TEST_STEP][PASSED] - wild[1] = "WILD_Normal": null

2019-08-24 13:10:42 - [TEST_STEP][PASSED] - wild[2] = "WILD_Double": null

2019-08-24 13:10:42 - [TEST_STEP][PASSED] - wild[3] = "WILD_ExtraFG": null

2019-08-24 13:10:42 - [TEST_STEP][PASSED] - wild[4] = "WILD_Triple": null

2019-08-24 13:10:42 - [TEST_STEP][PASSED] - wildList = Arrays.asList(wild): null

2019-08-24 13:10:42 - [TEST_STEP][PASSED] - wildList = wildList: null

2019-08-24 13:10:42 - [TEST_STEP][PASSED] - free_spin_reel_counter = []: null

2019-08-24 13:10:42 - [TEST_STEP][PASSED] - free_spin_reel_counter[0] = 0: null

2019-08-24 13:10:42 - [TEST_STEP][PASSED] - free_spin_reel_counter[1] = 0: null

2019-08-24 13:10:42 - [TEST_STEP][PASSED] - free_spin_reel_counter[2] = 0: null

2019-08-24 13:10:42 - [TEST_STEP][PASSED] - M4_spin_reels = reels: null

2019-08-24 13:10:42 - [TEST_STEP][PASSED] - for ([i = 0, i &lt; M4_spin_reels.size(), (i++)]): null

2019-08-24 13:10:42 - [TEST_STEP][PASSED] - symbols = symbols: null

2019-08-24 13:10:42 - [TEST_STEP][PASSED] - for ([j = 0, j &lt; symbols.size(), (j++)]): null

2019-08-24 13:10:42 - [TEST_STEP][PASSED] - symbol = symbol: null

2019-08-24 13:10:42 - [TEST_STEP][PASSED] - println(symbol): null

2019-08-24 13:10:42 - [TEST_STEP][PASSED] - if (i == 2 &amp;&amp; wildList.indexOf(symbol) != -1): null

2019-08-24 13:10:42 - [TEST_STEP][PASSED] - if (i == 3 &amp;&amp; wildList.indexOf(symbol) != -1): null

2019-08-24 13:10:42 - [TEST_STEP][PASSED] - if (i == 4 &amp;&amp; wildList.indexOf(symbol) != -1): null

2019-08-24 13:10:42 - [TEST_STEP][PASSED] - symbol = symbol: null

2019-08-24 13:10:42 - [TEST_STEP][PASSED] - println(symbol): null

2019-08-24 13:10:42 - [TEST_STEP][PASSED] - if (i == 2 &amp;&amp; wildList.indexOf(symbol) != -1): null

2019-08-24 13:10:42 - [TEST_STEP][PASSED] - if (i == 3 &amp;&amp; wildList.indexOf(symbol) != -1): null

2019-08-24 13:10:42 - [TEST_STEP][PASSED] - if (i == 4 &amp;&amp; wildList.indexOf(symbol) != -1): null

2019-08-24 13:10:42 - [TEST_STEP][PASSED] - symbol = symbol: null

2019-08-24 13:10:42 - [TEST_STEP][PASSED] - println(symbol): null

2019-08-24 13:10:42 - [TEST_STEP][PASSED] - if (i == 2 &amp;&amp; wildList.indexOf(symbol) != -1): null

2019-08-24 13:10:42 - [TEST_STEP][PASSED] - if (i == 3 &amp;&amp; wildList.indexOf(symbol) != -1): null

2019-08-24 13:10:42 - [TEST_STEP][PASSED] - if (i == 4 &amp;&amp; wildList.indexOf(symbol) != -1): null

2019-08-24 13:10:42 - [TEST_STEP][PASSED] - symbols = symbols: null

2019-08-24 13:10:42 - [TEST_STEP][PASSED] - for ([j = 0, j &lt; symbols.size(), (j++)]): null

2019-08-24 13:10:42 - [TEST_STEP][PASSED] - symbol = symbol: null

2019-08-24 13:10:42 - [TEST_STEP][PASSED] - println(symbol): null

2019-08-24 13:10:42 - [TEST_STEP][PASSED] - if (i == 2 &amp;&amp; wildList.indexOf(symbol) != -1): null

2019-08-24 13:10:42 - [TEST_STEP][PASSED] - if (i == 3 &amp;&amp; wildList.indexOf(symbol) != -1): null

2019-08-24 13:10:42 - [TEST_STEP][PASSED] - if (i == 4 &amp;&amp; wildList.indexOf(symbol) != -1): null

2019-08-24 13:10:42 - [TEST_STEP][PASSED] - symbol = symbol: null

2019-08-24 13:10:42 - [TEST_STEP][PASSED] - println(symbol): null

2019-08-24 13:10:42 - [TEST_STEP][PASSED] - if (i == 2 &amp;&amp; wildList.indexOf(symbol) != -1): null

2019-08-24 13:10:42 - [TEST_STEP][PASSED] - if (i == 3 &amp;&amp; wildList.indexOf(symbol) != -1): null

2019-08-24 13:10:42 - [TEST_STEP][PASSED] - if (i == 4 &amp;&amp; wildList.indexOf(symbol) != -1): null

2019-08-24 13:10:42 - [TEST_STEP][PASSED] - symbol = symbol: null

2019-08-24 13:10:42 - [TEST_STEP][PASSED] - println(symbol): null

2019-08-24 13:10:42 - [TEST_STEP][PASSED] - if (i == 2 &amp;&amp; wildList.indexOf(symbol) != -1): null

2019-08-24 13:10:42 - [TEST_STEP][PASSED] - if (i == 3 &amp;&amp; wildList.indexOf(symbol) != -1): null

2019-08-24 13:10:42 - [TEST_STEP][PASSED] - if (i == 4 &amp;&amp; wildList.indexOf(symbol) != -1): null

2019-08-24 13:10:42 - [TEST_STEP][PASSED] - symbols = symbols: null

2019-08-24 13:10:42 - [TEST_STEP][PASSED] - for ([j = 0, j &lt; symbols.size(), (j++)]): null

2019-08-24 13:10:42 - [TEST_STEP][PASSED] - symbol = symbol: null

2019-08-24 13:10:42 - [TEST_STEP][PASSED] - println(symbol): null

2019-08-24 13:10:42 - [TEST_STEP][PASSED] - if (i == 2 &amp;&amp; wildList.indexOf(symbol) != -1): null

2019-08-24 13:10:42 - [TEST_STEP][PASSED] - if (i == 3 &amp;&amp; wildList.indexOf(symbol) != -1): null

2019-08-24 13:10:42 - [TEST_STEP][PASSED] - if (i == 4 &amp;&amp; wildList.indexOf(symbol) != -1): null

2019-08-24 13:10:42 - [TEST_STEP][PASSED] - symbol = symbol: null

2019-08-24 13:10:42 - [TEST_STEP][PASSED] - println(symbol): null

2019-08-24 13:10:42 - [TEST_STEP][PASSED] - if (i == 2 &amp;&amp; wildList.indexOf(symbol) != -1): null

2019-08-24 13:10:42 - [TEST_STEP][PASSED] - if (i == 3 &amp;&amp; wildList.indexOf(symbol) != -1): null

2019-08-24 13:10:42 - [TEST_STEP][PASSED] - if (i == 4 &amp;&amp; wildList.indexOf(symbol) != -1): null

2019-08-24 13:10:42 - [TEST_STEP][PASSED] - symbol = symbol: null

2019-08-24 13:10:42 - [TEST_STEP][PASSED] - println(symbol): null

2019-08-24 13:10:42 - [TEST_STEP][PASSED] - if (i == 2 &amp;&amp; wildList.indexOf(symbol) != -1): null

2019-08-24 13:10:42 - [TEST_STEP][PASSED] - println("wild found on reel 3, adding counter by 1"): null

2019-08-24 13:10:42 - [TEST_STEP][PASSED] - free_spin_reel_counter[0] = free_spin_reel_counter[0] + 1: null

2019-08-24 13:10:42 - [TEST_STEP][PASSED] - if (i == 3 &amp;&amp; wildList.indexOf(symbol) != -1): null

2019-08-24 13:10:42 - [TEST_STEP][PASSED] - if (i == 4 &amp;&amp; wildList.indexOf(symbol) != -1): null

2019-08-24 13:10:42 - [TEST_STEP][PASSED] - symbols = symbols: null

2019-08-24 13:10:42 - [TEST_STEP][PASSED] - for ([j = 0, j &lt; symbols.size(), (j++)]): null

2019-08-24 13:10:42 - [TEST_STEP][PASSED] - symbol = symbol: null

2019-08-24 13:10:42 - [TEST_STEP][PASSED] - println(symbol): null

2019-08-24 13:10:42 - [TEST_STEP][PASSED] - if (i == 2 &amp;&amp; wildList.indexOf(symbol) != -1): null

2019-08-24 13:10:42 - [TEST_STEP][PASSED] - if (i == 3 &amp;&amp; wildList.indexOf(symbol) != -1): null

2019-08-24 13:10:42 - [TEST_STEP][PASSED] - if (i == 4 &amp;&amp; wildList.indexOf(symbol) != -1): null

2019-08-24 13:10:42 - [TEST_STEP][PASSED] - symbol = symbol: null

2019-08-24 13:10:42 - [TEST_STEP][PASSED] - println(symbol): null

2019-08-24 13:10:42 - [TEST_STEP][PASSED] - if (i == 2 &amp;&amp; wildList.indexOf(symbol) != -1): null

2019-08-24 13:10:42 - [TEST_STEP][PASSED] - if (i == 3 &amp;&amp; wildList.indexOf(symbol) != -1): null

2019-08-24 13:10:42 - [TEST_STEP][PASSED] - if (i == 4 &amp;&amp; wildList.indexOf(symbol) != -1): null

2019-08-24 13:10:42 - [TEST_STEP][PASSED] - symbol = symbol: null

2019-08-24 13:10:42 - [TEST_STEP][PASSED] - println(symbol): null

2019-08-24 13:10:42 - [TEST_STEP][PASSED] - if (i == 2 &amp;&amp; wildList.indexOf(symbol) != -1): null

2019-08-24 13:10:42 - [TEST_STEP][PASSED] - if (i == 3 &amp;&amp; wildList.indexOf(symbol) != -1): null

2019-08-24 13:10:42 - [TEST_STEP][PASSED] - println("wild found on reel 4, adding counter by 1"): null

2019-08-24 13:10:42 - [TEST_STEP][PASSED] - free_spin_reel_counter[1] = free_spin_reel_counter[1] + 1: null

2019-08-24 13:10:42 - [TEST_STEP][PASSED] - if (i == 4 &amp;&amp; wildList.indexOf(symbol) != -1): null

2019-08-24 13:10:42 - [TEST_STEP][PASSED] - symbols = symbols: null

2019-08-24 13:10:42 - [TEST_STEP][PASSED] - for ([j = 0, j &lt; symbols.size(), (j++)]): null

2019-08-24 13:10:42 - [TEST_STEP][PASSED] - symbol = symbol: null

2019-08-24 13:10:42 - [TEST_STEP][PASSED] - println(symbol): null

2019-08-24 13:10:42 - [TEST_STEP][PASSED] - if (i == 2 &amp;&amp; wildList.indexOf(symbol) != -1): null

2019-08-24 13:10:42 - [TEST_STEP][PASSED] - if (i == 3 &amp;&amp; wildList.indexOf(symbol) != -1): null

2019-08-24 13:10:42 - [TEST_STEP][PASSED] - if (i == 4 &amp;&amp; wildList.indexOf(symbol) != -1): null

2019-08-24 13:10:42 - [TEST_STEP][PASSED] - symbol = symbol: null

2019-08-24 13:10:42 - [TEST_STEP][PASSED] - println(symbol): null

2019-08-24 13:10:42 - [TEST_STEP][PASSED] - if (i == 2 &amp;&amp; wildList.indexOf(symbol) != -1): null

2019-08-24 13:10:42 - [TEST_STEP][PASSED] - if (i == 3 &amp;&amp; wildList.indexOf(symbol) != -1): null

2019-08-24 13:10:42 - [TEST_STEP][PASSED] - if (i == 4 &amp;&amp; wildList.indexOf(symbol) != -1): null

2019-08-24 13:10:42 - [TEST_STEP][PASSED] - symbol = symbol: null

2019-08-24 13:10:42 - [TEST_STEP][PASSED] - println(symbol): null

2019-08-24 13:10:42 - [TEST_STEP][PASSED] - if (i == 2 &amp;&amp; wildList.indexOf(symbol) != -1): null

2019-08-24 13:10:42 - [TEST_STEP][PASSED] - if (i == 3 &amp;&amp; wildList.indexOf(symbol) != -1): null

2019-08-24 13:10:42 - [TEST_STEP][PASSED] - if (i == 4 &amp;&amp; wildList.indexOf(symbol) != -1): null

2019-08-24 13:10:42 - [TEST_STEP][PASSED] - free_spin_reel_counter = free_spin_reel_counter: null

2019-08-24 13:10:42 - [TEST_STEP][PASSED] - println("reel 3 wild found: " + free_spin_reel_counter[0]): null

2019-08-24 13:10:42 - [TEST_STEP][PASSED] - println("reel 4 wild found: " + free_spin_reel_counter[1]): null

2019-08-24 13:10:42 - [TEST_STEP][PASSED] - println("reel 5 wild found: " + free_spin_reel_counter[2]): null

2019-08-24 13:10:42 - [TEST_STEP][PASSED] - M4_spin_reels = M4_spin_reels: null

2019-08-24 13:10:42 - [TEST_STEP][PASSED] - M4_spin_reels_symbols = symbol: null

2019-08-24 13:10:42 - [TEST_STEP][PASSED] - M4_spin_reels_symbols = M4_spin_reels_symbols: null

2019-08-24 13:10:42 - [TEST_STEP][PASSED] - M4_spin_reel_wins = reel_wins: null

2019-08-24 13:10:42 - [TEST_STEP][PASSED] - M4_spin_reel_wins = M4_spin_reel_wins: null

2019-08-24 13:10:42 - [TEST_STEP][PASSED] - println("GlobalVariable.M4_spin_reel_wins is: " + M4_spin_reel_wins): null

2019-08-24 13:10:42 - [TEST_STEP][PASSED] - M4_spin_total_bonus_win_this_round = total_bonus_win_this_round: null

2019-08-24 13:10:42 - [TEST_STEP][PASSED] - M4_spin_total_bonus_win_this_round = M4_spin_total_bonus_win_this_round: null

2019-08-24 13:10:42 - [TEST_STEP][PASSED] - println("GlobalVariable.M4_spin_total_bonus_win_this_round is: " + M4_spin_total_bonus_win_this_round): null

2019-08-24 13:10:42 - [TEST_STEP][PASSED] - M4_spin_bonus_spin_result = spin_result: null

2019-08-24 13:10:42 - [TEST_STEP][PASSED] - M4_spin_bonus_spin_result = M4_spin_bonus_spin_result: null

2019-08-24 13:10:42 - [MESSAGE][PASSED] - Verify response successfully

2019-08-24 13:10:42 - [MESSAGE][PASSED] - Send request and verify the response successfully

2019-08-24 13:10:42 - [TEST_STEP][PASSED] - if (M4_total_bonus_spins_int != 0 &amp;&amp; M4_spin_reels_symbols[2].contains("WILD_Expanding")): null

2019-08-24 13:10:42 - [TEST_STEP][PASSED] - free_spin_reel_counter = free_spin_reel_counter: null

2019-08-24 13:10:42 - [TEST_STEP][PASSED] - M4_spin_reels_symbols = M4_spin_reels_symbols: null

2019-08-24 13:10:42 - [TEST_STEP][PASSED] - M4_total_bonus_spins = M4_total_bonus_spins: null

2019-08-24 13:10:42 - [TEST_STEP][PASSED] - spin_result = sendRequestAndVerify(findTestObject("INT/RGS(M4)/1_M4_spin", ["M4_login_user_id":M4_login_user_id, "rgs_session_token":rgs_session_token, "partner":Partner])): Send request and verify the response successfully

2019-08-24 13:10:43 - [MESSAGE][INFO] - HAR: /Users/eiralee/Katalon_Script/SuperWild/Reports/20190824_125957/INT/superWild_5/20190824_125957/requests/main/192.har

2019-08-24 13:10:43 - [TEST_CASE][PASSED] - Start Test Case : Verification: Verification accomplished successfully

2019-08-24 13:10:43 - [TEST_STEP][PASSED] - request = getInstance().getCurrentRequest(): null

2019-08-24 13:10:43 - [TEST_STEP][PASSED] - response = getInstance().getCurrentResponse(): null

2019-08-24 13:10:43 - [TEST_STEP][PASSED] - verifyResponseStatusCode(response, 200): Verify response status code successfully

2019-08-24 13:10:43 - [MESSAGE][PASSED] - Verify response status code successfully

2019-08-24 13:10:43 - [TEST_STEP][PASSED] - getStatusCode()).isEqualTo(200): null

2019-08-24 13:10:43 - [TEST_STEP][PASSED] - newline = System.getProperty("line.separator"): null

2019-08-24 13:10:43 - [TEST_STEP][PASSED] - M4_spin = new groovy.json.JsonSlurper(): null

2019-08-24 13:10:43 - [TEST_STEP][PASSED] - result_M4_spin = M4_spin.parseText(response.getResponseBodyContent()): null

2019-08-24 13:10:43 - [TEST_STEP][PASSED] - M4_spin_current_balance = current_balance: null

2019-08-24 13:10:43 - [TEST_STEP][PASSED] - M4_spin_current_balance = M4_spin_current_balance: null

2019-08-24 13:10:43 - [TEST_STEP][PASSED] - M4_spin_transaction_id = causality: null

2019-08-24 13:10:43 - [TEST_STEP][PASSED] - M4_spin_transaction_id = M4_spin_transaction_id: null

2019-08-24 13:10:43 - [TEST_STEP][PASSED] - M4_spin_round_id = round_id: null

2019-08-24 13:10:43 - [TEST_STEP][PASSED] - M4_spin_round_id = M4_spin_round_id: null

2019-08-24 13:10:43 - [TEST_STEP][PASSED] - M4_spin_line_wins = line_wins: null

2019-08-24 13:10:43 - [TEST_STEP][PASSED] - M4_spin_line_wins = M4_spin_line_wins: null

2019-08-24 13:10:43 - [TEST_STEP][PASSED] - M4_total_bonus_spins_int = total_bonus_spins: null

2019-08-24 13:10:43 - [TEST_STEP][PASSED] - println("******M4_total_bonus_spins type is:*******" + newline + getClass().getName()): null

2019-08-24 13:10:43 - [TEST_STEP][PASSED] - M4_total_bonus_spins_int = M4_total_bonus_spins_int: null

2019-08-24 13:10:43 - [TEST_STEP][PASSED] - M4_total_bonus_spins = Integer.toString(M4_total_bonus_spins_int): null

2019-08-24 13:10:43 - [TEST_STEP][PASSED] - M4_total_bonus_spins = M4_total_bonus_spins: null

2019-08-24 13:10:43 - [TEST_STEP][PASSED] - println("M4_total_bonus_spins is:" + M4_total_bonus_spins): null

2019-08-24 13:10:43 - [TEST_STEP][PASSED] - M4_spin_bonus_data = bonus_data: null

2019-08-24 13:10:43 - [TEST_STEP][PASSED] - M4_spin_features_triggered = result_M4_spin: null

2019-08-24 13:10:43 - [TEST_STEP][PASSED] - wild = []: null

2019-08-24 13:10:43 - [TEST_STEP][PASSED] - wild[0] = "WILD_Expanding": null

2019-08-24 13:10:43 - [TEST_STEP][PASSED] - wild[1] = "WILD_Normal": null

2019-08-24 13:10:43 - [TEST_STEP][PASSED] - wild[2] = "WILD_Double": null

2019-08-24 13:10:48 - [TEST_STEP][PASSED] - wild[3] = "WILD_ExtraFG": null

2019-08-24 13:10:48 - [TEST_STEP][PASSED] - wild[4] = "WILD_Triple": null

2019-08-24 13:10:48 - [TEST_STEP][PASSED] - wildList = Arrays.asList(wild): null

2019-08-24 13:10:48 - [TEST_STEP][PASSED] - wildList = wildList: null

2019-08-24 13:10:48 - [TEST_STEP][PASSED] - free_spin_reel_counter = []: null

2019-08-24 13:10:48 - [TEST_STEP][PASSED] - free_spin_reel_counter[0] = 0: null

2019-08-24 13:10:48 - [TEST_STEP][PASSED] - free_spin_reel_counter[1] = 0: null

2019-08-24 13:10:48 - [TEST_STEP][PASSED] - free_spin_reel_counter[2] = 0: null

2019-08-24 13:10:48 - [TEST_STEP][PASSED] - M4_spin_reels = reels: null

2019-08-24 13:10:48 - [TEST_STEP][PASSED] - for ([i = 0, i &lt; M4_spin_reels.size(), (i++)]): null

2019-08-24 13:10:48 - [TEST_STEP][PASSED] - symbols = symbols: null

2019-08-24 13:10:48 - [TEST_STEP][PASSED] - for ([j = 0, j &lt; symbols.size(), (j++)]): null

2019-08-24 13:10:48 - [TEST_STEP][PASSED] - symbol = symbol: null

2019-08-24 13:10:48 - [TEST_STEP][PASSED] - println(symbol): null

2019-08-24 13:10:48 - [TEST_STEP][PASSED] - if (i == 2 &amp;&amp; wildList.indexOf(symbol) != -1): null

2019-08-24 13:10:48 - [TEST_STEP][PASSED] - if (i == 3 &amp;&amp; wildList.indexOf(symbol) != -1): null

2019-08-24 13:10:48 - [TEST_STEP][PASSED] - if (i == 4 &amp;&amp; wildList.indexOf(symbol) != -1): null

2019-08-24 13:10:48 - [TEST_STEP][PASSED] - symbol = symbol: null

2019-08-24 13:10:48 - [TEST_STEP][PASSED] - println(symbol): null

2019-08-24 13:10:48 - [TEST_STEP][PASSED] - if (i == 2 &amp;&amp; wildList.indexOf(symbol) != -1): null

2019-08-24 13:10:48 - [TEST_STEP][PASSED] - if (i == 3 &amp;&amp; wildList.indexOf(symbol) != -1): null

2019-08-24 13:10:48 - [TEST_STEP][PASSED] - if (i == 4 &amp;&amp; wildList.indexOf(symbol) != -1): null

2019-08-24 13:10:48 - [TEST_STEP][PASSED] - symbol = symbol: null

2019-08-24 13:10:48 - [TEST_STEP][PASSED] - println(symbol): null

2019-08-24 13:10:48 - [TEST_STEP][PASSED] - if (i == 2 &amp;&amp; wildList.indexOf(symbol) != -1): null

2019-08-24 13:10:48 - [TEST_STEP][PASSED] - if (i == 3 &amp;&amp; wildList.indexOf(symbol) != -1): null

2019-08-24 13:10:48 - [TEST_STEP][PASSED] - if (i == 4 &amp;&amp; wildList.indexOf(symbol) != -1): null

2019-08-24 13:10:48 - [TEST_STEP][PASSED] - symbols = symbols: null

2019-08-24 13:10:48 - [TEST_STEP][PASSED] - for ([j = 0, j &lt; symbols.size(), (j++)]): null

2019-08-24 13:10:48 - [TEST_STEP][PASSED] - symbol = symbol: null

2019-08-24 13:10:48 - [TEST_STEP][PASSED] - println(symbol): null

2019-08-24 13:10:48 - [TEST_STEP][PASSED] - if (i == 2 &amp;&amp; wildList.indexOf(symbol) != -1): null

2019-08-24 13:10:48 - [TEST_STEP][PASSED] - if (i == 3 &amp;&amp; wildList.indexOf(symbol) != -1): null

2019-08-24 13:10:48 - [TEST_STEP][PASSED] - if (i == 4 &amp;&amp; wildList.indexOf(symbol) != -1): null

2019-08-24 13:10:48 - [TEST_STEP][PASSED] - symbol = symbol: null

2019-08-24 13:10:48 - [TEST_STEP][PASSED] - println(symbol): null

2019-08-24 13:10:48 - [TEST_STEP][PASSED] - if (i == 2 &amp;&amp; wildList.indexOf(symbol) != -1): null

2019-08-24 13:10:48 - [TEST_STEP][PASSED] - if (i == 3 &amp;&amp; wildList.indexOf(symbol) != -1): null

2019-08-24 13:10:48 - [TEST_STEP][PASSED] - if (i == 4 &amp;&amp; wildList.indexOf(symbol) != -1): null

2019-08-24 13:10:48 - [TEST_STEP][PASSED] - symbol = symbol: null

2019-08-24 13:10:48 - [TEST_STEP][PASSED] - println(symbol): null

2019-08-24 13:10:48 - [TEST_STEP][PASSED] - if (i == 2 &amp;&amp; wildList.indexOf(symbol) != -1): null

2019-08-24 13:10:48 - [TEST_STEP][PASSED] - if (i == 3 &amp;&amp; wildList.indexOf(symbol) != -1): null

2019-08-24 13:10:48 - [TEST_STEP][PASSED] - if (i == 4 &amp;&amp; wildList.indexOf(symbol) != -1): null

2019-08-24 13:10:48 - [TEST_STEP][PASSED] - symbols = symbols: null

2019-08-24 13:10:48 - [TEST_STEP][PASSED] - for ([j = 0, j &lt; symbols.size(), (j++)]): null

2019-08-24 13:10:48 - [TEST_STEP][PASSED] - symbol = symbol: null

2019-08-24 13:10:48 - [TEST_STEP][PASSED] - println(symbol): null

2019-08-24 13:10:48 - [TEST_STEP][PASSED] - if (i == 2 &amp;&amp; wildList.indexOf(symbol) != -1): null

2019-08-24 13:10:48 - [TEST_STEP][PASSED] - if (i == 3 &amp;&amp; wildList.indexOf(symbol) != -1): null

2019-08-24 13:10:48 - [TEST_STEP][PASSED] - if (i == 4 &amp;&amp; wildList.indexOf(symbol) != -1): null

2019-08-24 13:10:48 - [TEST_STEP][PASSED] - symbol = symbol: null

2019-08-24 13:10:48 - [TEST_STEP][PASSED] - println(symbol): null

2019-08-24 13:10:48 - [TEST_STEP][PASSED] - if (i == 2 &amp;&amp; wildList.indexOf(symbol) != -1): null

2019-08-24 13:10:48 - [TEST_STEP][PASSED] - if (i == 3 &amp;&amp; wildList.indexOf(symbol) != -1): null

2019-08-24 13:10:48 - [TEST_STEP][PASSED] - if (i == 4 &amp;&amp; wildList.indexOf(symbol) != -1): null

2019-08-24 13:10:48 - [TEST_STEP][PASSED] - symbol = symbol: null

2019-08-24 13:10:48 - [TEST_STEP][PASSED] - println(symbol): null

2019-08-24 13:10:48 - [TEST_STEP][PASSED] - if (i == 2 &amp;&amp; wildList.indexOf(symbol) != -1): null

2019-08-24 13:10:48 - [TEST_STEP][PASSED] - if (i == 3 &amp;&amp; wildList.indexOf(symbol) != -1): null

2019-08-24 13:10:48 - [TEST_STEP][PASSED] - if (i == 4 &amp;&amp; wildList.indexOf(symbol) != -1): null

2019-08-24 13:10:48 - [TEST_STEP][PASSED] - symbols = symbols: null

2019-08-24 13:10:48 - [TEST_STEP][PASSED] - for ([j = 0, j &lt; symbols.size(), (j++)]): null

2019-08-24 13:10:48 - [TEST_STEP][PASSED] - symbol = symbol: null

2019-08-24 13:10:48 - [TEST_STEP][PASSED] - println(symbol): null

2019-08-24 13:10:48 - [TEST_STEP][PASSED] - if (i == 2 &amp;&amp; wildList.indexOf(symbol) != -1): null

2019-08-24 13:10:48 - [TEST_STEP][PASSED] - if (i == 3 &amp;&amp; wildList.indexOf(symbol) != -1): null

2019-08-24 13:10:48 - [TEST_STEP][PASSED] - if (i == 4 &amp;&amp; wildList.indexOf(symbol) != -1): null

2019-08-24 13:10:48 - [TEST_STEP][PASSED] - symbol = symbol: null

2019-08-24 13:10:48 - [TEST_STEP][PASSED] - println(symbol): null

2019-08-24 13:10:48 - [TEST_STEP][PASSED] - if (i == 2 &amp;&amp; wildList.indexOf(symbol) != -1): null

2019-08-24 13:10:48 - [TEST_STEP][PASSED] - if (i == 3 &amp;&amp; wildList.indexOf(symbol) != -1): null

2019-08-24 13:10:48 - [TEST_STEP][PASSED] - if (i == 4 &amp;&amp; wildList.indexOf(symbol) != -1): null

2019-08-24 13:10:48 - [TEST_STEP][PASSED] - symbol = symbol: null

2019-08-24 13:10:48 - [TEST_STEP][PASSED] - println(symbol): null

2019-08-24 13:10:48 - [TEST_STEP][PASSED] - if (i == 2 &amp;&amp; wildList.indexOf(symbol) != -1): null

2019-08-24 13:10:48 - [TEST_STEP][PASSED] - if (i == 3 &amp;&amp; wildList.indexOf(symbol) != -1): null

2019-08-24 13:10:48 - [TEST_STEP][PASSED] - if (i == 4 &amp;&amp; wildList.indexOf(symbol) != -1): null

2019-08-24 13:10:48 - [TEST_STEP][PASSED] - symbols = symbols: null

2019-08-24 13:10:48 - [TEST_STEP][PASSED] - for ([j = 0, j &lt; symbols.size(), (j++)]): null

2019-08-24 13:10:48 - [TEST_STEP][PASSED] - symbol = symbol: null

2019-08-24 13:10:48 - [TEST_STEP][PASSED] - println(symbol): null

2019-08-24 13:10:48 - [TEST_STEP][PASSED] - if (i == 2 &amp;&amp; wildList.indexOf(symbol) != -1): null

2019-08-24 13:10:48 - [TEST_STEP][PASSED] - if (i == 3 &amp;&amp; wildList.indexOf(symbol) != -1): null

2019-08-24 13:10:48 - [TEST_STEP][PASSED] - if (i == 4 &amp;&amp; wildList.indexOf(symbol) != -1): null

2019-08-24 13:10:48 - [TEST_STEP][PASSED] - symbol = symbol: null

2019-08-24 13:10:48 - [TEST_STEP][PASSED] - println(symbol): null

2019-08-24 13:10:48 - [TEST_STEP][PASSED] - if (i == 2 &amp;&amp; wildList.indexOf(symbol) != -1): null

2019-08-24 13:10:48 - [TEST_STEP][PASSED] - if (i == 3 &amp;&amp; wildList.indexOf(symbol) != -1): null

2019-08-24 13:10:48 - [TEST_STEP][PASSED] - if (i == 4 &amp;&amp; wildList.indexOf(symbol) != -1): null

2019-08-24 13:10:48 - [TEST_STEP][PASSED] - symbol = symbol: null

2019-08-24 13:10:48 - [TEST_STEP][PASSED] - println(symbol): null

2019-08-24 13:10:48 - [TEST_STEP][PASSED] - if (i == 2 &amp;&amp; wildList.indexOf(symbol) != -1): null

2019-08-24 13:10:48 - [TEST_STEP][PASSED] - if (i == 3 &amp;&amp; wildList.indexOf(symbol) != -1): null

2019-08-24 13:10:48 - [TEST_STEP][PASSED] - if (i == 4 &amp;&amp; wildList.indexOf(symbol) != -1): null

2019-08-24 13:10:48 - [TEST_STEP][PASSED] - free_spin_reel_counter = free_spin_reel_counter: null

2019-08-24 13:10:48 - [TEST_STEP][PASSED] - println("reel 3 wild found: " + free_spin_reel_counter[0]): null

2019-08-24 13:10:48 - [TEST_STEP][PASSED] - println("reel 4 wild found: " + free_spin_reel_counter[1]): null

2019-08-24 13:10:48 - [TEST_STEP][PASSED] - println("reel 5 wild found: " + free_spin_reel_counter[2]): null

2019-08-24 13:10:48 - [TEST_STEP][PASSED] - M4_spin_reels = M4_spin_reels: null

2019-08-24 13:10:48 - [TEST_STEP][PASSED] - M4_spin_reels_symbols = symbol: null

2019-08-24 13:10:48 - [TEST_STEP][PASSED] - M4_spin_reels_symbols = M4_spin_reels_symbols: null

2019-08-24 13:10:48 - [TEST_STEP][PASSED] - M4_spin_reel_wins = reel_wins: null

2019-08-24 13:10:48 - [TEST_STEP][PASSED] - M4_spin_reel_wins = M4_spin_reel_wins: null

2019-08-24 13:10:48 - [TEST_STEP][PASSED] - println("GlobalVariable.M4_spin_reel_wins is: " + M4_spin_reel_wins): null

2019-08-24 13:10:48 - [TEST_STEP][PASSED] - M4_spin_total_bonus_win_this_round = total_bonus_win_this_round: null

2019-08-24 13:10:48 - [TEST_STEP][PASSED] - M4_spin_total_bonus_win_this_round = M4_spin_total_bonus_win_this_round: null

2019-08-24 13:10:48 - [TEST_STEP][PASSED] - println("GlobalVariable.M4_spin_total_bonus_win_this_round is: " + M4_spin_total_bonus_win_this_round): null

2019-08-24 13:10:48 - [TEST_STEP][PASSED] - M4_spin_bonus_spin_result = spin_result: null

2019-08-24 13:10:48 - [TEST_STEP][PASSED] - M4_spin_bonus_spin_result = M4_spin_bonus_spin_result: null

2019-08-24 13:10:48 - [MESSAGE][PASSED] - Verify response successfully

2019-08-24 13:10:48 - [MESSAGE][PASSED] - Send request and verify the response successfully

2019-08-24 13:10:48 - [TEST_STEP][PASSED] - if (M4_total_bonus_spins_int != 0 &amp;&amp; M4_spin_reels_symbols[2].contains("WILD_Expanding")): null

2019-08-24 13:10:48 - [TEST_STEP][PASSED] - free_spin_reel_counter = free_spin_reel_counter: null

2019-08-24 13:10:48 - [TEST_STEP][PASSED] - M4_spin_reels_symbols = M4_spin_reels_symbols: null

2019-08-24 13:10:48 - [TEST_STEP][PASSED] - M4_total_bonus_spins = M4_total_bonus_spins: null

2019-08-24 13:10:48 - [TEST_STEP][PASSED] - spin_result = sendRequestAndVerify(findTestObject("INT/RGS(M4)/1_M4_spin", ["M4_login_user_id":M4_login_user_id, "rgs_session_token":rgs_session_token, "partner":Partner])): Send request and verify the response successfully

2019-08-24 13:10:49 - [MESSAGE][INFO] - HAR: /Users/eiralee/Katalon_Script/SuperWild/Reports/20190824_125957/INT/superWild_5/20190824_125957/requests/main/193.har

2019-08-24 13:10:49 - [TEST_CASE][PASSED] - Start Test Case : Verification: Verification accomplished successfully

2019-08-24 13:10:49 - [TEST_STEP][PASSED] - request = getInstance().getCurrentRequest(): null

2019-08-24 13:10:49 - [TEST_STEP][PASSED] - response = getInstance().getCurrentResponse(): null

2019-08-24 13:10:49 - [TEST_STEP][PASSED] - verifyResponseStatusCode(response, 200): Verify response status code successfully

2019-08-24 13:10:49 - [MESSAGE][PASSED] - Verify response status code successfully

2019-08-24 13:10:49 - [TEST_STEP][PASSED] - getStatusCode()).isEqualTo(200): null

2019-08-24 13:10:49 - [TEST_STEP][PASSED] - newline = System.getProperty("line.separator"): null

2019-08-24 13:10:49 - [TEST_STEP][PASSED] - M4_spin = new groovy.json.JsonSlurper(): null

2019-08-24 13:10:49 - [TEST_STEP][PASSED] - result_M4_spin = M4_spin.parseText(response.getResponseBodyContent()): null

2019-08-24 13:10:49 - [TEST_STEP][PASSED] - M4_spin_current_balance = current_balance: null

2019-08-24 13:10:49 - [TEST_STEP][PASSED] - M4_spin_current_balance = M4_spin_current_balance: null

2019-08-24 13:10:49 - [TEST_STEP][PASSED] - M4_spin_transaction_id = causality: null

2019-08-24 13:10:49 - [TEST_STEP][PASSED] - M4_spin_transaction_id = M4_spin_transaction_id: null

2019-08-24 13:10:49 - [TEST_STEP][PASSED] - M4_spin_round_id = round_id: null

2019-08-24 13:10:49 - [TEST_STEP][PASSED] - M4_spin_round_id = M4_spin_round_id: null

2019-08-24 13:10:49 - [TEST_STEP][PASSED] - M4_spin_line_wins = line_wins: null

2019-08-24 13:10:49 - [TEST_STEP][PASSED] - M4_spin_line_wins = M4_spin_line_wins: null

2019-08-24 13:10:49 - [TEST_STEP][PASSED] - M4_total_bonus_spins_int = total_bonus_spins: null

2019-08-24 13:10:49 - [TEST_STEP][PASSED] - println("******M4_total_bonus_spins type is:*******" + newline + getClass().getName()): null

2019-08-24 13:10:49 - [TEST_STEP][PASSED] - M4_total_bonus_spins_int = M4_total_bonus_spins_int: null

2019-08-24 13:10:49 - [TEST_STEP][PASSED] - M4_total_bonus_spins = Integer.toString(M4_total_bonus_spins_int): null

2019-08-24 13:10:49 - [TEST_STEP][PASSED] - M4_total_bonus_spins = M4_total_bonus_spins: null

2019-08-24 13:10:49 - [TEST_STEP][PASSED] - println("M4_total_bonus_spins is:" + M4_total_bonus_spins): null

2019-08-24 13:10:49 - [TEST_STEP][PASSED] - M4_spin_bonus_data = bonus_data: null

2019-08-24 13:10:49 - [TEST_STEP][PASSED] - M4_spin_features_triggered = result_M4_spin: null

2019-08-24 13:10:49 - [TEST_STEP][PASSED] - wild = []: null

2019-08-24 13:10:49 - [TEST_STEP][PASSED] - wild[0] = "WILD_Expanding": null

2019-08-24 13:10:49 - [TEST_STEP][PASSED] - wild[1] = "WILD_Normal": null

2019-08-24 13:10:49 - [TEST_STEP][PASSED] - wild[2] = "WILD_Double": null

2019-08-24 13:10:49 - [TEST_STEP][PASSED] - wild[3] = "WILD_ExtraFG": null

2019-08-24 13:10:49 - [TEST_STEP][PASSED] - wild[4] = "WILD_Triple": null

2019-08-24 13:10:49 - [TEST_STEP][PASSED] - wildList = Arrays.asList(wild): null

2019-08-24 13:10:49 - [TEST_STEP][PASSED] - wildList = wildList: null

2019-08-24 13:10:49 - [TEST_STEP][PASSED] - free_spin_reel_counter = []: null

2019-08-24 13:10:49 - [TEST_STEP][PASSED] - free_spin_reel_counter[0] = 0: null

2019-08-24 13:10:49 - [TEST_STEP][PASSED] - free_spin_reel_counter[1] = 0: null

2019-08-24 13:10:49 - [TEST_STEP][PASSED] - free_spin_reel_counter[2] = 0: null

2019-08-24 13:10:49 - [TEST_STEP][PASSED] - M4_spin_reels = reels: null

2019-08-24 13:10:49 - [TEST_STEP][PASSED] - for ([i = 0, i &lt; M4_spin_reels.size(), (i++)]): null

2019-08-24 13:10:49 - [TEST_STEP][PASSED] - symbols = symbols: null

2019-08-24 13:10:49 - [TEST_STEP][PASSED] - for ([j = 0, j &lt; symbols.size(), (j++)]): null

2019-08-24 13:10:49 - [TEST_STEP][PASSED] - symbol = symbol: null

2019-08-24 13:10:49 - [TEST_STEP][PASSED] - println(symbol): null

2019-08-24 13:10:49 - [TEST_STEP][PASSED] - if (i == 2 &amp;&amp; wildList.indexOf(symbol) != -1): null

2019-08-24 13:10:49 - [TEST_STEP][PASSED] - if (i == 3 &amp;&amp; wildList.indexOf(symbol) != -1): null

2019-08-24 13:10:49 - [TEST_STEP][PASSED] - if (i == 4 &amp;&amp; wildList.indexOf(symbol) != -1): null

2019-08-24 13:10:49 - [TEST_STEP][PASSED] - symbol = symbol: null

2019-08-24 13:10:49 - [TEST_STEP][PASSED] - println(symbol): null

2019-08-24 13:10:49 - [TEST_STEP][PASSED] - if (i == 2 &amp;&amp; wildList.indexOf(symbol) != -1): null

2019-08-24 13:10:49 - [TEST_STEP][PASSED] - if (i == 3 &amp;&amp; wildList.indexOf(symbol) != -1): null

2019-08-24 13:10:49 - [TEST_STEP][PASSED] - if (i == 4 &amp;&amp; wildList.indexOf(symbol) != -1): null

2019-08-24 13:10:49 - [TEST_STEP][PASSED] - symbol = symbol: null

2019-08-24 13:10:49 - [TEST_STEP][PASSED] - println(symbol): null

2019-08-24 13:10:49 - [TEST_STEP][PASSED] - if (i == 2 &amp;&amp; wildList.indexOf(symbol) != -1): null

2019-08-24 13:10:49 - [TEST_STEP][PASSED] - if (i == 3 &amp;&amp; wildList.indexOf(symbol) != -1): null

2019-08-24 13:10:49 - [TEST_STEP][PASSED] - if (i == 4 &amp;&amp; wildList.indexOf(symbol) != -1): null

2019-08-24 13:10:49 - [TEST_STEP][PASSED] - symbols = symbols: null

2019-08-24 13:10:49 - [TEST_STEP][PASSED] - for ([j = 0, j &lt; symbols.size(), (j++)]): null

2019-08-24 13:10:49 - [TEST_STEP][PASSED] - symbol = symbol: null

2019-08-24 13:10:49 - [TEST_STEP][PASSED] - println(symbol): null

2019-08-24 13:10:49 - [TEST_STEP][PASSED] - if (i == 2 &amp;&amp; wildList.indexOf(symbol) != -1): null

2019-08-24 13:10:49 - [TEST_STEP][PASSED] - if (i == 3 &amp;&amp; wildList.indexOf(symbol) != -1): null

2019-08-24 13:10:49 - [TEST_STEP][PASSED] - if (i == 4 &amp;&amp; wildList.indexOf(symbol) != -1): null

2019-08-24 13:10:49 - [TEST_STEP][PASSED] - symbol = symbol: null

2019-08-24 13:10:49 - [TEST_STEP][PASSED] - println(symbol): null

2019-08-24 13:10:49 - [TEST_STEP][PASSED] - if (i == 2 &amp;&amp; wildList.indexOf(symbol) != -1): null

2019-08-24 13:10:49 - [TEST_STEP][PASSED] - if (i == 3 &amp;&amp; wildList.indexOf(symbol) != -1): null

2019-08-24 13:10:49 - [TEST_STEP][PASSED] - if (i == 4 &amp;&amp; wildList.indexOf(symbol) != -1): null

2019-08-24 13:10:49 - [TEST_STEP][PASSED] - symbol = symbol: null

2019-08-24 13:10:49 - [TEST_STEP][PASSED] - println(symbol): null

2019-08-24 13:10:49 - [TEST_STEP][PASSED] - if (i == 2 &amp;&amp; wildList.indexOf(symbol) != -1): null

2019-08-24 13:10:49 - [TEST_STEP][PASSED] - if (i == 3 &amp;&amp; wildList.indexOf(symbol) != -1): null

2019-08-24 13:10:49 - [TEST_STEP][PASSED] - if (i == 4 &amp;&amp; wildList.indexOf(symbol) != -1): null

2019-08-24 13:10:49 - [TEST_STEP][PASSED] - symbols = symbols: null

2019-08-24 13:10:49 - [TEST_STEP][PASSED] - for ([j = 0, j &lt; symbols.size(), (j++)]): null

2019-08-24 13:10:49 - [TEST_STEP][PASSED] - symbol = symbol: null

2019-08-24 13:10:49 - [TEST_STEP][PASSED] - println(symbol): null

2019-08-24 13:10:49 - [TEST_STEP][PASSED] - if (i == 2 &amp;&amp; wildList.indexOf(symbol) != -1): null

2019-08-24 13:10:49 - [TEST_STEP][PASSED] - if (i == 3 &amp;&amp; wildList.indexOf(symbol) != -1): null

2019-08-24 13:10:49 - [TEST_STEP][PASSED] - if (i == 4 &amp;&amp; wildList.indexOf(symbol) != -1): null

2019-08-24 13:10:49 - [TEST_STEP][PASSED] - symbol = symbol: null

2019-08-24 13:10:49 - [TEST_STEP][PASSED] - println(symbol): null

2019-08-24 13:10:49 - [TEST_STEP][PASSED] - if (i == 2 &amp;&amp; wildList.indexOf(symbol) != -1): null

2019-08-24 13:10:49 - [TEST_STEP][PASSED] - if (i == 3 &amp;&amp; wildList.indexOf(symbol) != -1): null

2019-08-24 13:10:49 - [TEST_STEP][PASSED] - if (i == 4 &amp;&amp; wildList.indexOf(symbol) != -1): null

2019-08-24 13:10:49 - [TEST_STEP][PASSED] - symbol = symbol: null

2019-08-24 13:10:49 - [TEST_STEP][PASSED] - println(symbol): null

2019-08-24 13:10:49 - [TEST_STEP][PASSED] - if (i == 2 &amp;&amp; wildList.indexOf(symbol) != -1): null

2019-08-24 13:10:49 - [TEST_STEP][PASSED] - if (i == 3 &amp;&amp; wildList.indexOf(symbol) != -1): null

2019-08-24 13:10:49 - [TEST_STEP][PASSED] - if (i == 4 &amp;&amp; wildList.indexOf(symbol) != -1): null

2019-08-24 13:10:49 - [TEST_STEP][PASSED] - symbols = symbols: null

2019-08-24 13:10:49 - [TEST_STEP][PASSED] - for ([j = 0, j &lt; symbols.size(), (j++)]): null

2019-08-24 13:10:49 - [TEST_STEP][PASSED] - symbol = symbol: null

2019-08-24 13:10:49 - [TEST_STEP][PASSED] - println(symbol): null

2019-08-24 13:10:49 - [TEST_STEP][PASSED] - if (i == 2 &amp;&amp; wildList.indexOf(symbol) != -1): null

2019-08-24 13:10:49 - [TEST_STEP][PASSED] - if (i == 3 &amp;&amp; wildList.indexOf(symbol) != -1): null

2019-08-24 13:10:49 - [TEST_STEP][PASSED] - if (i == 4 &amp;&amp; wildList.indexOf(symbol) != -1): null

2019-08-24 13:10:49 - [TEST_STEP][PASSED] - symbol = symbol: null

2019-08-24 13:10:49 - [TEST_STEP][PASSED] - println(symbol): null

2019-08-24 13:10:49 - [TEST_STEP][PASSED] - if (i == 2 &amp;&amp; wildList.indexOf(symbol) != -1): null

2019-08-24 13:10:49 - [TEST_STEP][PASSED] - if (i == 3 &amp;&amp; wildList.indexOf(symbol) != -1): null

2019-08-24 13:10:49 - [TEST_STEP][PASSED] - if (i == 4 &amp;&amp; wildList.indexOf(symbol) != -1): null

2019-08-24 13:10:49 - [TEST_STEP][PASSED] - symbol = symbol: null

2019-08-24 13:10:49 - [TEST_STEP][PASSED] - println(symbol): null

2019-08-24 13:10:49 - [TEST_STEP][PASSED] - if (i == 2 &amp;&amp; wildList.indexOf(symbol) != -1): null

2019-08-24 13:10:49 - [TEST_STEP][PASSED] - if (i == 3 &amp;&amp; wildList.indexOf(symbol) != -1): null

2019-08-24 13:10:49 - [TEST_STEP][PASSED] - if (i == 4 &amp;&amp; wildList.indexOf(symbol) != -1): null

2019-08-24 13:10:49 - [TEST_STEP][PASSED] - symbols = symbols: null

2019-08-24 13:10:49 - [TEST_STEP][PASSED] - for ([j = 0, j &lt; symbols.size(), (j++)]): null

2019-08-24 13:10:49 - [TEST_STEP][PASSED] - symbol = symbol: null

2019-08-24 13:10:49 - [TEST_STEP][PASSED] - println(symbol): null

2019-08-24 13:10:49 - [TEST_STEP][PASSED] - if (i == 2 &amp;&amp; wildList.indexOf(symbol) != -1): null

2019-08-24 13:10:49 - [TEST_STEP][PASSED] - if (i == 3 &amp;&amp; wildList.indexOf(symbol) != -1): null

2019-08-24 13:10:49 - [TEST_STEP][PASSED] - if (i == 4 &amp;&amp; wildList.indexOf(symbol) != -1): null

2019-08-24 13:10:49 - [TEST_STEP][PASSED] - symbol = symbol: null

2019-08-24 13:10:49 - [TEST_STEP][PASSED] - println(symbol): null

2019-08-24 13:10:49 - [TEST_STEP][PASSED] - if (i == 2 &amp;&amp; wildList.indexOf(symbol) != -1): null

2019-08-24 13:10:49 - [TEST_STEP][PASSED] - if (i == 3 &amp;&amp; wildList.indexOf(symbol) != -1): null

2019-08-24 13:10:49 - [TEST_STEP][PASSED] - if (i == 4 &amp;&amp; wildList.indexOf(symbol) != -1): null

2019-08-24 13:10:49 - [TEST_STEP][PASSED] - symbol = symbol: null

2019-08-24 13:10:49 - [TEST_STEP][PASSED] - println(symbol): null

2019-08-24 13:10:49 - [TEST_STEP][PASSED] - if (i == 2 &amp;&amp; wildList.indexOf(symbol) != -1): null

2019-08-24 13:10:49 - [TEST_STEP][PASSED] - if (i == 3 &amp;&amp; wildList.indexOf(symbol) != -1): null

2019-08-24 13:10:49 - [TEST_STEP][PASSED] - if (i == 4 &amp;&amp; wildList.indexOf(symbol) != -1): null

2019-08-24 13:10:49 - [TEST_STEP][PASSED] - free_spin_reel_counter = free_spin_reel_counter: null

2019-08-24 13:10:49 - [TEST_STEP][PASSED] - println("reel 3 wild found: " + free_spin_reel_counter[0]): null

2019-08-24 13:10:49 - [TEST_STEP][PASSED] - println("reel 4 wild found: " + free_spin_reel_counter[1]): null

2019-08-24 13:10:49 - [TEST_STEP][PASSED] - println("reel 5 wild found: " + free_spin_reel_counter[2]): null

2019-08-24 13:10:49 - [TEST_STEP][PASSED] - M4_spin_reels = M4_spin_reels: null

2019-08-24 13:10:49 - [TEST_STEP][PASSED] - M4_spin_reels_symbols = symbol: null

2019-08-24 13:10:49 - [TEST_STEP][PASSED] - M4_spin_reels_symbols = M4_spin_reels_symbols: null

2019-08-24 13:10:49 - [TEST_STEP][PASSED] - M4_spin_reel_wins = reel_wins: null

2019-08-24 13:10:49 - [TEST_STEP][PASSED] - M4_spin_reel_wins = M4_spin_reel_wins: null

2019-08-24 13:10:49 - [TEST_STEP][PASSED] - println("GlobalVariable.M4_spin_reel_wins is: " + M4_spin_reel_wins): null

2019-08-24 13:10:49 - [TEST_STEP][PASSED] - M4_spin_total_bonus_win_this_round = total_bonus_win_this_round: null

2019-08-24 13:10:49 - [TEST_STEP][PASSED] - M4_spin_total_bonus_win_this_round = M4_spin_total_bonus_win_this_round: null

2019-08-24 13:10:49 - [TEST_STEP][PASSED] - println("GlobalVariable.M4_spin_total_bonus_win_this_round is: " + M4_spin_total_bonus_win_this_round): null

2019-08-24 13:10:49 - [TEST_STEP][PASSED] - M4_spin_bonus_spin_result = spin_result: null

2019-08-24 13:10:49 - [TEST_STEP][PASSED] - M4_spin_bonus_spin_result = M4_spin_bonus_spin_result: null

2019-08-24 13:10:49 - [MESSAGE][PASSED] - Verify response successfully

2019-08-24 13:10:49 - [MESSAGE][PASSED] - Send request and verify the response successfully

2019-08-24 13:10:49 - [TEST_STEP][PASSED] - if (M4_total_bonus_spins_int != 0 &amp;&amp; M4_spin_reels_symbols[2].contains("WILD_Expanding")): null

2019-08-24 13:10:49 - [TEST_STEP][PASSED] - free_spin_reel_counter = free_spin_reel_counter: null

2019-08-24 13:10:49 - [TEST_STEP][PASSED] - M4_spin_reels_symbols = M4_spin_reels_symbols: null

2019-08-24 13:10:49 - [TEST_STEP][PASSED] - M4_total_bonus_spins = M4_total_bonus_spins: null

2019-08-24 13:10:49 - [TEST_STEP][PASSED] - spin_result = sendRequestAndVerify(findTestObject("INT/RGS(M4)/1_M4_spin", ["M4_login_user_id":M4_login_user_id, "rgs_session_token":rgs_session_token, "partner":Partner])): Send request and verify the response successfully

2019-08-24 13:10:50 - [MESSAGE][INFO] - HAR: /Users/eiralee/Katalon_Script/SuperWild/Reports/20190824_125957/INT/superWild_5/20190824_125957/requests/main/194.har

2019-08-24 13:10:50 - [TEST_CASE][PASSED] - Start Test Case : Verification: Verification accomplished successfully

2019-08-24 13:10:50 - [TEST_STEP][PASSED] - request = getInstance().getCurrentRequest(): null

2019-08-24 13:10:50 - [TEST_STEP][PASSED] - response = getInstance().getCurrentResponse(): null

2019-08-24 13:10:50 - [TEST_STEP][PASSED] - verifyResponseStatusCode(response, 200): Verify response status code successfully

2019-08-24 13:10:50 - [MESSAGE][PASSED] - Verify response status code successfully

2019-08-24 13:10:50 - [TEST_STEP][PASSED] - getStatusCode()).isEqualTo(200): null

2019-08-24 13:10:50 - [TEST_STEP][PASSED] - newline = System.getProperty("line.separator"): null

2019-08-24 13:10:50 - [TEST_STEP][PASSED] - M4_spin = new groovy.json.JsonSlurper(): null

2019-08-24 13:10:50 - [TEST_STEP][PASSED] - result_M4_spin = M4_spin.parseText(response.getResponseBodyContent()): null

2019-08-24 13:10:50 - [TEST_STEP][PASSED] - M4_spin_current_balance = current_balance: null

2019-08-24 13:10:50 - [TEST_STEP][PASSED] - M4_spin_current_balance = M4_spin_current_balance: null

2019-08-24 13:10:50 - [TEST_STEP][PASSED] - M4_spin_transaction_id = causality: null

2019-08-24 13:10:50 - [TEST_STEP][PASSED] - M4_spin_transaction_id = M4_spin_transaction_id: null

2019-08-24 13:10:50 - [TEST_STEP][PASSED] - M4_spin_round_id = round_id: null

2019-08-24 13:10:50 - [TEST_STEP][PASSED] - M4_spin_round_id = M4_spin_round_id: null

2019-08-24 13:10:50 - [TEST_STEP][PASSED] - M4_spin_line_wins = line_wins: null

2019-08-24 13:10:50 - [TEST_STEP][PASSED] - M4_spin_line_wins = M4_spin_line_wins: null

2019-08-24 13:10:50 - [TEST_STEP][PASSED] - M4_total_bonus_spins_int = total_bonus_spins: null

2019-08-24 13:10:50 - [TEST_STEP][PASSED] - println("******M4_total_bonus_spins type is:*******" + newline + getClass().getName()): null

2019-08-24 13:10:50 - [TEST_STEP][PASSED] - M4_total_bonus_spins_int = M4_total_bonus_spins_int: null

2019-08-24 13:10:50 - [TEST_STEP][PASSED] - M4_total_bonus_spins = Integer.toString(M4_total_bonus_spins_int): null

2019-08-24 13:10:50 - [TEST_STEP][PASSED] - M4_total_bonus_spins = M4_total_bonus_spins: null

2019-08-24 13:10:50 - [TEST_STEP][PASSED] - println("M4_total_bonus_spins is:" + M4_total_bonus_spins): null

2019-08-24 13:10:50 - [TEST_STEP][PASSED] - M4_spin_bonus_data = bonus_data: null

2019-08-24 13:10:50 - [TEST_STEP][PASSED] - M4_spin_features_triggered = result_M4_spin: null

2019-08-24 13:10:50 - [TEST_STEP][PASSED] - wild = []: null

2019-08-24 13:10:50 - [TEST_STEP][PASSED] - wild[0] = "WILD_Expanding": null

2019-08-24 13:10:50 - [TEST_STEP][PASSED] - wild[1] = "WILD_Normal": null

2019-08-24 13:10:50 - [TEST_STEP][PASSED] - wild[2] = "WILD_Double": null

2019-08-24 13:10:50 - [TEST_STEP][PASSED] - wild[3] = "WILD_ExtraFG": null

2019-08-24 13:10:50 - [TEST_STEP][PASSED] - wild[4] = "WILD_Triple": null

2019-08-24 13:10:50 - [TEST_STEP][PASSED] - wildList = Arrays.asList(wild): null

2019-08-24 13:10:50 - [TEST_STEP][PASSED] - wildList = wildList: null

2019-08-24 13:10:50 - [TEST_STEP][PASSED] - free_spin_reel_counter = []: null

2019-08-24 13:10:50 - [TEST_STEP][PASSED] - free_spin_reel_counter[0] = 0: null

2019-08-24 13:10:50 - [TEST_STEP][PASSED] - free_spin_reel_counter[1] = 0: null

2019-08-24 13:10:50 - [TEST_STEP][PASSED] - free_spin_reel_counter[2] = 0: null

2019-08-24 13:10:50 - [TEST_STEP][PASSED] - M4_spin_reels = reels: null

2019-08-24 13:10:50 - [TEST_STEP][PASSED] - for ([i = 0, i &lt; M4_spin_reels.size(), (i++)]): null

2019-08-24 13:10:50 - [TEST_STEP][PASSED] - symbols = symbols: null

2019-08-24 13:10:50 - [TEST_STEP][PASSED] - for ([j = 0, j &lt; symbols.size(), (j++)]): null

2019-08-24 13:10:50 - [TEST_STEP][PASSED] - symbol = symbol: null

2019-08-24 13:10:50 - [TEST_STEP][PASSED] - println(symbol): null

2019-08-24 13:10:50 - [TEST_STEP][PASSED] - if (i == 2 &amp;&amp; wildList.indexOf(symbol) != -1): null

2019-08-24 13:10:50 - [TEST_STEP][PASSED] - if (i == 3 &amp;&amp; wildList.indexOf(symbol) != -1): null

2019-08-24 13:10:50 - [TEST_STEP][PASSED] - if (i == 4 &amp;&amp; wildList.indexOf(symbol) != -1): null

2019-08-24 13:10:50 - [TEST_STEP][PASSED] - symbol = symbol: null

2019-08-24 13:10:50 - [TEST_STEP][PASSED] - println(symbol): null

2019-08-24 13:10:50 - [TEST_STEP][PASSED] - if (i == 2 &amp;&amp; wildList.indexOf(symbol) != -1): null

2019-08-24 13:10:50 - [TEST_STEP][PASSED] - if (i == 3 &amp;&amp; wildList.indexOf(symbol) != -1): null

2019-08-24 13:10:50 - [TEST_STEP][PASSED] - if (i == 4 &amp;&amp; wildList.indexOf(symbol) != -1): null

2019-08-24 13:10:50 - [TEST_STEP][PASSED] - symbol = symbol: null

2019-08-24 13:10:50 - [TEST_STEP][PASSED] - println(symbol): null

2019-08-24 13:10:50 - [TEST_STEP][PASSED] - if (i == 2 &amp;&amp; wildList.indexOf(symbol) != -1): null

2019-08-24 13:10:50 - [TEST_STEP][PASSED] - if (i == 3 &amp;&amp; wildList.indexOf(symbol) != -1): null

2019-08-24 13:10:50 - [TEST_STEP][PASSED] - if (i == 4 &amp;&amp; wildList.indexOf(symbol) != -1): null

2019-08-24 13:10:50 - [TEST_STEP][PASSED] - symbols = symbols: null

2019-08-24 13:10:50 - [TEST_STEP][PASSED] - for ([j = 0, j &lt; symbols.size(), (j++)]): null

2019-08-24 13:10:50 - [TEST_STEP][PASSED] - symbol = symbol: null

2019-08-24 13:10:50 - [TEST_STEP][PASSED] - println(symbol): null

2019-08-24 13:10:54 - [TEST_STEP][PASSED] - if (i == 2 &amp;&amp; wildList.indexOf(symbol) != -1): null

2019-08-24 13:10:54 - [TEST_STEP][PASSED] - if (i == 3 &amp;&amp; wildList.indexOf(symbol) != -1): null

2019-08-24 13:10:54 - [TEST_STEP][PASSED] - if (i == 4 &amp;&amp; wildList.indexOf(symbol) != -1): null

2019-08-24 13:10:54 - [TEST_STEP][PASSED] - symbol = symbol: null

2019-08-24 13:10:54 - [TEST_STEP][PASSED] - println(symbol): null

2019-08-24 13:10:54 - [TEST_STEP][PASSED] - if (i == 2 &amp;&amp; wildList.indexOf(symbol) != -1): null

2019-08-24 13:10:54 - [TEST_STEP][PASSED] - if (i == 3 &amp;&amp; wildList.indexOf(symbol) != -1): null

2019-08-24 13:10:54 - [TEST_STEP][PASSED] - if (i == 4 &amp;&amp; wildList.indexOf(symbol) != -1): null

2019-08-24 13:10:54 - [TEST_STEP][PASSED] - symbol = symbol: null

2019-08-24 13:10:54 - [TEST_STEP][PASSED] - println(symbol): null

2019-08-24 13:10:56 - [TEST_STEP][PASSED] - if (i == 2 &amp;&amp; wildList.indexOf(symbol) != -1): null

2019-08-24 13:10:56 - [TEST_STEP][PASSED] - if (i == 3 &amp;&amp; wildList.indexOf(symbol) != -1): null

2019-08-24 13:10:56 - [TEST_STEP][PASSED] - if (i == 4 &amp;&amp; wildList.indexOf(symbol) != -1): null

2019-08-24 13:10:56 - [TEST_STEP][PASSED] - symbols = symbols: null

2019-08-24 13:10:56 - [TEST_STEP][PASSED] - for ([j = 0, j &lt; symbols.size(), (j++)]): null

2019-08-24 13:10:56 - [TEST_STEP][PASSED] - symbol = symbol: null

2019-08-24 13:10:56 - [TEST_STEP][PASSED] - println(symbol): null

2019-08-24 13:10:56 - [TEST_STEP][PASSED] - if (i == 2 &amp;&amp; wildList.indexOf(symbol) != -1): null

2019-08-24 13:10:56 - [TEST_STEP][PASSED] - if (i == 3 &amp;&amp; wildList.indexOf(symbol) != -1): null

2019-08-24 13:10:56 - [TEST_STEP][PASSED] - if (i == 4 &amp;&amp; wildList.indexOf(symbol) != -1): null

2019-08-24 13:10:56 - [TEST_STEP][PASSED] - symbol = symbol: null

2019-08-24 13:10:56 - [TEST_STEP][PASSED] - println(symbol): null

2019-08-24 13:10:56 - [TEST_STEP][PASSED] - if (i == 2 &amp;&amp; wildList.indexOf(symbol) != -1): null

2019-08-24 13:10:56 - [TEST_STEP][PASSED] - if (i == 3 &amp;&amp; wildList.indexOf(symbol) != -1): null

2019-08-24 13:10:56 - [TEST_STEP][PASSED] - if (i == 4 &amp;&amp; wildList.indexOf(symbol) != -1): null

2019-08-24 13:10:56 - [TEST_STEP][PASSED] - symbol = symbol: null

2019-08-24 13:10:56 - [TEST_STEP][PASSED] - println(symbol): null

2019-08-24 13:10:56 - [TEST_STEP][PASSED] - if (i == 2 &amp;&amp; wildList.indexOf(symbol) != -1): null

2019-08-24 13:10:56 - [TEST_STEP][PASSED] - if (i == 3 &amp;&amp; wildList.indexOf(symbol) != -1): null

2019-08-24 13:10:56 - [TEST_STEP][PASSED] - if (i == 4 &amp;&amp; wildList.indexOf(symbol) != -1): null

2019-08-24 13:10:56 - [TEST_STEP][PASSED] - symbols = symbols: null

2019-08-24 13:10:56 - [TEST_STEP][PASSED] - for ([j = 0, j &lt; symbols.size(), (j++)]): null

2019-08-24 13:10:56 - [TEST_STEP][PASSED] - symbol = symbol: null

2019-08-24 13:10:56 - [TEST_STEP][PASSED] - println(symbol): null

2019-08-24 13:10:56 - [TEST_STEP][PASSED] - if (i == 2 &amp;&amp; wildList.indexOf(symbol) != -1): null

2019-08-24 13:10:56 - [TEST_STEP][PASSED] - if (i == 3 &amp;&amp; wildList.indexOf(symbol) != -1): null

2019-08-24 13:10:56 - [TEST_STEP][PASSED] - if (i == 4 &amp;&amp; wildList.indexOf(symbol) != -1): null

2019-08-24 13:10:56 - [TEST_STEP][PASSED] - symbol = symbol: null

2019-08-24 13:10:56 - [TEST_STEP][PASSED] - println(symbol): null

2019-08-24 13:10:56 - [TEST_STEP][PASSED] - if (i == 2 &amp;&amp; wildList.indexOf(symbol) != -1): null

2019-08-24 13:10:56 - [TEST_STEP][PASSED] - if (i == 3 &amp;&amp; wildList.indexOf(symbol) != -1): null

2019-08-24 13:10:56 - [TEST_STEP][PASSED] - if (i == 4 &amp;&amp; wildList.indexOf(symbol) != -1): null

2019-08-24 13:10:56 - [TEST_STEP][PASSED] - symbol = symbol: null

2019-08-24 13:10:56 - [TEST_STEP][PASSED] - println(symbol): null

2019-08-24 13:10:56 - [TEST_STEP][PASSED] - if (i == 2 &amp;&amp; wildList.indexOf(symbol) != -1): null

2019-08-24 13:10:56 - [TEST_STEP][PASSED] - if (i == 3 &amp;&amp; wildList.indexOf(symbol) != -1): null

2019-08-24 13:10:56 - [TEST_STEP][PASSED] - if (i == 4 &amp;&amp; wildList.indexOf(symbol) != -1): null

2019-08-24 13:10:56 - [TEST_STEP][PASSED] - symbols = symbols: null

2019-08-24 13:10:56 - [TEST_STEP][PASSED] - for ([j = 0, j &lt; symbols.size(), (j++)]): null

2019-08-24 13:10:56 - [TEST_STEP][PASSED] - symbol = symbol: null

2019-08-24 13:10:56 - [TEST_STEP][PASSED] - println(symbol): null

2019-08-24 13:10:56 - [TEST_STEP][PASSED] - if (i == 2 &amp;&amp; wildList.indexOf(symbol) != -1): null

2019-08-24 13:10:56 - [TEST_STEP][PASSED] - if (i == 3 &amp;&amp; wildList.indexOf(symbol) != -1): null

2019-08-24 13:10:56 - [TEST_STEP][PASSED] - if (i == 4 &amp;&amp; wildList.indexOf(symbol) != -1): null

2019-08-24 13:10:56 - [TEST_STEP][PASSED] - symbol = symbol: null

2019-08-24 13:10:56 - [TEST_STEP][PASSED] - println(symbol): null

2019-08-24 13:10:56 - [TEST_STEP][PASSED] - if (i == 2 &amp;&amp; wildList.indexOf(symbol) != -1): null

2019-08-24 13:10:56 - [TEST_STEP][PASSED] - if (i == 3 &amp;&amp; wildList.indexOf(symbol) != -1): null

2019-08-24 13:10:56 - [TEST_STEP][PASSED] - if (i == 4 &amp;&amp; wildList.indexOf(symbol) != -1): null

2019-08-24 13:10:56 - [TEST_STEP][PASSED] - symbol = symbol: null

2019-08-24 13:10:56 - [TEST_STEP][PASSED] - println(symbol): null

2019-08-24 13:10:56 - [TEST_STEP][PASSED] - if (i == 2 &amp;&amp; wildList.indexOf(symbol) != -1): null

2019-08-24 13:10:56 - [TEST_STEP][PASSED] - if (i == 3 &amp;&amp; wildList.indexOf(symbol) != -1): null

2019-08-24 13:10:56 - [TEST_STEP][PASSED] - if (i == 4 &amp;&amp; wildList.indexOf(symbol) != -1): null

2019-08-24 13:10:56 - [TEST_STEP][PASSED] - free_spin_reel_counter = free_spin_reel_counter: null

2019-08-24 13:10:56 - [TEST_STEP][PASSED] - println("reel 3 wild found: " + free_spin_reel_counter[0]): null

2019-08-24 13:10:56 - [TEST_STEP][PASSED] - println("reel 4 wild found: " + free_spin_reel_counter[1]): null

2019-08-24 13:10:56 - [TEST_STEP][PASSED] - println("reel 5 wild found: " + free_spin_reel_counter[2]): null

2019-08-24 13:10:56 - [TEST_STEP][PASSED] - M4_spin_reels = M4_spin_reels: null

2019-08-24 13:10:56 - [TEST_STEP][PASSED] - M4_spin_reels_symbols = symbol: null

2019-08-24 13:10:56 - [TEST_STEP][PASSED] - M4_spin_reels_symbols = M4_spin_reels_symbols: null

2019-08-24 13:10:56 - [TEST_STEP][PASSED] - M4_spin_reel_wins = reel_wins: null

2019-08-24 13:10:56 - [TEST_STEP][PASSED] - M4_spin_reel_wins = M4_spin_reel_wins: null

2019-08-24 13:10:56 - [TEST_STEP][PASSED] - println("GlobalVariable.M4_spin_reel_wins is: " + M4_spin_reel_wins): null

2019-08-24 13:10:56 - [TEST_STEP][PASSED] - M4_spin_total_bonus_win_this_round = total_bonus_win_this_round: null

2019-08-24 13:10:56 - [TEST_STEP][PASSED] - M4_spin_total_bonus_win_this_round = M4_spin_total_bonus_win_this_round: null

2019-08-24 13:10:56 - [TEST_STEP][PASSED] - println("GlobalVariable.M4_spin_total_bonus_win_this_round is: " + M4_spin_total_bonus_win_this_round): null

2019-08-24 13:10:56 - [TEST_STEP][PASSED] - M4_spin_bonus_spin_result = spin_result: null

2019-08-24 13:10:56 - [TEST_STEP][PASSED] - M4_spin_bonus_spin_result = M4_spin_bonus_spin_result: null

2019-08-24 13:10:56 - [MESSAGE][PASSED] - Verify response successfully

2019-08-24 13:10:56 - [MESSAGE][PASSED] - Send request and verify the response successfully

2019-08-24 13:10:56 - [TEST_STEP][PASSED] - if (M4_total_bonus_spins_int != 0 &amp;&amp; M4_spin_reels_symbols[2].contains("WILD_Expanding")): null

2019-08-24 13:10:56 - [TEST_STEP][PASSED] - free_spin_reel_counter = free_spin_reel_counter: null

2019-08-24 13:10:56 - [TEST_STEP][PASSED] - M4_spin_reels_symbols = M4_spin_reels_symbols: null

2019-08-24 13:10:56 - [TEST_STEP][PASSED] - M4_total_bonus_spins = M4_total_bonus_spins: null

2019-08-24 13:10:56 - [TEST_STEP][PASSED] - spin_result = sendRequestAndVerify(findTestObject("INT/RGS(M4)/1_M4_spin", ["M4_login_user_id":M4_login_user_id, "rgs_session_token":rgs_session_token, "partner":Partner])): Send request and verify the response successfully

2019-08-24 13:10:57 - [MESSAGE][INFO] - HAR: /Users/eiralee/Katalon_Script/SuperWild/Reports/20190824_125957/INT/superWild_5/20190824_125957/requests/main/195.har

2019-08-24 13:10:57 - [TEST_CASE][PASSED] - Start Test Case : Verification: Verification accomplished successfully

2019-08-24 13:10:57 - [TEST_STEP][PASSED] - request = getInstance().getCurrentRequest(): null

2019-08-24 13:10:57 - [TEST_STEP][PASSED] - response = getInstance().getCurrentResponse(): null

2019-08-24 13:10:57 - [TEST_STEP][PASSED] - verifyResponseStatusCode(response, 200): Verify response status code successfully

2019-08-24 13:10:57 - [MESSAGE][PASSED] - Verify response status code successfully

2019-08-24 13:10:57 - [TEST_STEP][PASSED] - getStatusCode()).isEqualTo(200): null

2019-08-24 13:10:57 - [TEST_STEP][PASSED] - newline = System.getProperty("line.separator"): null

2019-08-24 13:10:57 - [TEST_STEP][PASSED] - M4_spin = new groovy.json.JsonSlurper(): null

2019-08-24 13:10:57 - [TEST_STEP][PASSED] - result_M4_spin = M4_spin.parseText(response.getResponseBodyContent()): null

2019-08-24 13:10:57 - [TEST_STEP][PASSED] - M4_spin_current_balance = current_balance: null

2019-08-24 13:10:57 - [TEST_STEP][PASSED] - M4_spin_current_balance = M4_spin_current_balance: null

2019-08-24 13:10:57 - [TEST_STEP][PASSED] - M4_spin_transaction_id = causality: null

2019-08-24 13:10:57 - [TEST_STEP][PASSED] - M4_spin_transaction_id = M4_spin_transaction_id: null

2019-08-24 13:10:57 - [TEST_STEP][PASSED] - M4_spin_round_id = round_id: null

2019-08-24 13:10:57 - [TEST_STEP][PASSED] - M4_spin_round_id = M4_spin_round_id: null

2019-08-24 13:10:57 - [TEST_STEP][PASSED] - M4_spin_line_wins = line_wins: null

2019-08-24 13:10:57 - [TEST_STEP][PASSED] - M4_spin_line_wins = M4_spin_line_wins: null

2019-08-24 13:10:57 - [TEST_STEP][PASSED] - M4_total_bonus_spins_int = total_bonus_spins: null

2019-08-24 13:10:57 - [TEST_STEP][PASSED] - println("******M4_total_bonus_spins type is:*******" + newline + getClass().getName()): null

2019-08-24 13:10:57 - [TEST_STEP][PASSED] - M4_total_bonus_spins_int = M4_total_bonus_spins_int: null

2019-08-24 13:10:57 - [TEST_STEP][PASSED] - M4_total_bonus_spins = Integer.toString(M4_total_bonus_spins_int): null

2019-08-24 13:10:57 - [TEST_STEP][PASSED] - M4_total_bonus_spins = M4_total_bonus_spins: null

2019-08-24 13:10:57 - [TEST_STEP][PASSED] - println("M4_total_bonus_spins is:" + M4_total_bonus_spins): null

2019-08-24 13:10:57 - [TEST_STEP][PASSED] - M4_spin_bonus_data = bonus_data: null

2019-08-24 13:10:57 - [TEST_STEP][PASSED] - M4_spin_features_triggered = result_M4_spin: null

2019-08-24 13:10:57 - [TEST_STEP][PASSED] - wild = []: null

2019-08-24 13:10:57 - [TEST_STEP][PASSED] - wild[0] = "WILD_Expanding": null

2019-08-24 13:10:57 - [TEST_STEP][PASSED] - wild[1] = "WILD_Normal": null

2019-08-24 13:10:57 - [TEST_STEP][PASSED] - wild[2] = "WILD_Double": null

2019-08-24 13:10:57 - [TEST_STEP][PASSED] - wild[3] = "WILD_ExtraFG": null

2019-08-24 13:10:57 - [TEST_STEP][PASSED] - wild[4] = "WILD_Triple": null

2019-08-24 13:10:57 - [TEST_STEP][PASSED] - wildList = Arrays.asList(wild): null

2019-08-24 13:10:57 - [TEST_STEP][PASSED] - wildList = wildList: null

2019-08-24 13:10:57 - [TEST_STEP][PASSED] - free_spin_reel_counter = []: null

2019-08-24 13:10:57 - [TEST_STEP][PASSED] - free_spin_reel_counter[0] = 0: null

2019-08-24 13:10:57 - [TEST_STEP][PASSED] - free_spin_reel_counter[1] = 0: null

2019-08-24 13:10:57 - [TEST_STEP][PASSED] - free_spin_reel_counter[2] = 0: null

2019-08-24 13:10:57 - [TEST_STEP][PASSED] - M4_spin_reels = reels: null

2019-08-24 13:10:57 - [TEST_STEP][PASSED] - for ([i = 0, i &lt; M4_spin_reels.size(), (i++)]): null

2019-08-24 13:10:57 - [TEST_STEP][PASSED] - symbols = symbols: null

2019-08-24 13:10:57 - [TEST_STEP][PASSED] - for ([j = 0, j &lt; symbols.size(), (j++)]): null

2019-08-24 13:10:57 - [TEST_STEP][PASSED] - symbol = symbol: null

2019-08-24 13:10:57 - [TEST_STEP][PASSED] - println(symbol): null

2019-08-24 13:10:57 - [TEST_STEP][PASSED] - if (i == 2 &amp;&amp; wildList.indexOf(symbol) != -1): null

2019-08-24 13:10:57 - [TEST_STEP][PASSED] - if (i == 3 &amp;&amp; wildList.indexOf(symbol) != -1): null

2019-08-24 13:10:57 - [TEST_STEP][PASSED] - if (i == 4 &amp;&amp; wildList.indexOf(symbol) != -1): null

2019-08-24 13:10:57 - [TEST_STEP][PASSED] - symbol = symbol: null

2019-08-24 13:10:57 - [TEST_STEP][PASSED] - println(symbol): null

2019-08-24 13:10:57 - [TEST_STEP][PASSED] - if (i == 2 &amp;&amp; wildList.indexOf(symbol) != -1): null

2019-08-24 13:10:57 - [TEST_STEP][PASSED] - if (i == 3 &amp;&amp; wildList.indexOf(symbol) != -1): null

2019-08-24 13:10:57 - [TEST_STEP][PASSED] - if (i == 4 &amp;&amp; wildList.indexOf(symbol) != -1): null

2019-08-24 13:10:57 - [TEST_STEP][PASSED] - symbol = symbol: null

2019-08-24 13:10:57 - [TEST_STEP][PASSED] - println(symbol): null

2019-08-24 13:10:57 - [TEST_STEP][PASSED] - if (i == 2 &amp;&amp; wildList.indexOf(symbol) != -1): null

2019-08-24 13:10:57 - [TEST_STEP][PASSED] - if (i == 3 &amp;&amp; wildList.indexOf(symbol) != -1): null

2019-08-24 13:10:57 - [TEST_STEP][PASSED] - if (i == 4 &amp;&amp; wildList.indexOf(symbol) != -1): null

2019-08-24 13:10:57 - [TEST_STEP][PASSED] - symbols = symbols: null

2019-08-24 13:10:57 - [TEST_STEP][PASSED] - for ([j = 0, j &lt; symbols.size(), (j++)]): null

2019-08-24 13:10:57 - [TEST_STEP][PASSED] - symbol = symbol: null

2019-08-24 13:10:57 - [TEST_STEP][PASSED] - println(symbol): null

2019-08-24 13:10:57 - [TEST_STEP][PASSED] - if (i == 2 &amp;&amp; wildList.indexOf(symbol) != -1): null

2019-08-24 13:10:57 - [TEST_STEP][PASSED] - if (i == 3 &amp;&amp; wildList.indexOf(symbol) != -1): null

2019-08-24 13:10:57 - [TEST_STEP][PASSED] - if (i == 4 &amp;&amp; wildList.indexOf(symbol) != -1): null

2019-08-24 13:10:57 - [TEST_STEP][PASSED] - symbol = symbol: null

2019-08-24 13:10:57 - [TEST_STEP][PASSED] - println(symbol): null

2019-08-24 13:10:57 - [TEST_STEP][PASSED] - if (i == 2 &amp;&amp; wildList.indexOf(symbol) != -1): null

2019-08-24 13:10:57 - [TEST_STEP][PASSED] - if (i == 3 &amp;&amp; wildList.indexOf(symbol) != -1): null

2019-08-24 13:10:57 - [TEST_STEP][PASSED] - if (i == 4 &amp;&amp; wildList.indexOf(symbol) != -1): null

2019-08-24 13:10:57 - [TEST_STEP][PASSED] - symbol = symbol: null

2019-08-24 13:10:57 - [TEST_STEP][PASSED] - println(symbol): null

2019-08-24 13:10:57 - [TEST_STEP][PASSED] - if (i == 2 &amp;&amp; wildList.indexOf(symbol) != -1): null

2019-08-24 13:10:57 - [TEST_STEP][PASSED] - if (i == 3 &amp;&amp; wildList.indexOf(symbol) != -1): null

2019-08-24 13:10:57 - [TEST_STEP][PASSED] - if (i == 4 &amp;&amp; wildList.indexOf(symbol) != -1): null

2019-08-24 13:10:57 - [TEST_STEP][PASSED] - symbols = symbols: null

2019-08-24 13:10:57 - [TEST_STEP][PASSED] - for ([j = 0, j &lt; symbols.size(), (j++)]): null

2019-08-24 13:10:57 - [TEST_STEP][PASSED] - symbol = symbol: null

2019-08-24 13:10:57 - [TEST_STEP][PASSED] - println(symbol): null

2019-08-24 13:10:57 - [TEST_STEP][PASSED] - if (i == 2 &amp;&amp; wildList.indexOf(symbol) != -1): null

2019-08-24 13:10:57 - [TEST_STEP][PASSED] - println("wild found on reel 3, adding counter by 1"): null

2019-08-24 13:10:57 - [TEST_STEP][PASSED] - free_spin_reel_counter[0] = free_spin_reel_counter[0] + 1: null

2019-08-24 13:10:57 - [TEST_STEP][PASSED] - if (i == 3 &amp;&amp; wildList.indexOf(symbol) != -1): null

2019-08-24 13:10:57 - [TEST_STEP][PASSED] - if (i == 4 &amp;&amp; wildList.indexOf(symbol) != -1): null

2019-08-24 13:10:57 - [TEST_STEP][PASSED] - symbol = symbol: null

2019-08-24 13:10:57 - [TEST_STEP][PASSED] - println(symbol): null

2019-08-24 13:10:57 - [TEST_STEP][PASSED] - if (i == 2 &amp;&amp; wildList.indexOf(symbol) != -1): null

2019-08-24 13:10:57 - [TEST_STEP][PASSED] - if (i == 3 &amp;&amp; wildList.indexOf(symbol) != -1): null

2019-08-24 13:10:57 - [TEST_STEP][PASSED] - if (i == 4 &amp;&amp; wildList.indexOf(symbol) != -1): null

2019-08-24 13:10:57 - [TEST_STEP][PASSED] - symbol = symbol: null

2019-08-24 13:10:57 - [TEST_STEP][PASSED] - println(symbol): null

2019-08-24 13:10:57 - [TEST_STEP][PASSED] - if (i == 2 &amp;&amp; wildList.indexOf(symbol) != -1): null

2019-08-24 13:10:57 - [TEST_STEP][PASSED] - if (i == 3 &amp;&amp; wildList.indexOf(symbol) != -1): null

2019-08-24 13:10:57 - [TEST_STEP][PASSED] - if (i == 4 &amp;&amp; wildList.indexOf(symbol) != -1): null

2019-08-24 13:10:57 - [TEST_STEP][PASSED] - symbols = symbols: null

2019-08-24 13:10:57 - [TEST_STEP][PASSED] - for ([j = 0, j &lt; symbols.size(), (j++)]): null

2019-08-24 13:10:57 - [TEST_STEP][PASSED] - symbol = symbol: null

2019-08-24 13:10:57 - [TEST_STEP][PASSED] - println(symbol): null

2019-08-24 13:10:57 - [TEST_STEP][PASSED] - if (i == 2 &amp;&amp; wildList.indexOf(symbol) != -1): null

2019-08-24 13:10:57 - [TEST_STEP][PASSED] - if (i == 3 &amp;&amp; wildList.indexOf(symbol) != -1): null

2019-08-24 13:10:57 - [TEST_STEP][PASSED] - if (i == 4 &amp;&amp; wildList.indexOf(symbol) != -1): null

2019-08-24 13:10:57 - [TEST_STEP][PASSED] - symbol = symbol: null

2019-08-24 13:10:57 - [TEST_STEP][PASSED] - println(symbol): null

2019-08-24 13:10:57 - [TEST_STEP][PASSED] - if (i == 2 &amp;&amp; wildList.indexOf(symbol) != -1): null

2019-08-24 13:10:57 - [TEST_STEP][PASSED] - if (i == 3 &amp;&amp; wildList.indexOf(symbol) != -1): null

2019-08-24 13:10:57 - [TEST_STEP][PASSED] - if (i == 4 &amp;&amp; wildList.indexOf(symbol) != -1): null

2019-08-24 13:10:57 - [TEST_STEP][PASSED] - symbol = symbol: null

2019-08-24 13:10:57 - [TEST_STEP][PASSED] - println(symbol): null

2019-08-24 13:10:57 - [TEST_STEP][PASSED] - if (i == 2 &amp;&amp; wildList.indexOf(symbol) != -1): null

2019-08-24 13:10:57 - [TEST_STEP][PASSED] - if (i == 3 &amp;&amp; wildList.indexOf(symbol) != -1): null

2019-08-24 13:10:57 - [TEST_STEP][PASSED] - if (i == 4 &amp;&amp; wildList.indexOf(symbol) != -1): null

2019-08-24 13:10:57 - [TEST_STEP][PASSED] - symbols = symbols: null

2019-08-24 13:10:57 - [TEST_STEP][PASSED] - for ([j = 0, j &lt; symbols.size(), (j++)]): null

2019-08-24 13:10:57 - [TEST_STEP][PASSED] - symbol = symbol: null

2019-08-24 13:10:57 - [TEST_STEP][PASSED] - println(symbol): null

2019-08-24 13:10:57 - [TEST_STEP][PASSED] - if (i == 2 &amp;&amp; wildList.indexOf(symbol) != -1): null

2019-08-24 13:10:57 - [TEST_STEP][PASSED] - if (i == 3 &amp;&amp; wildList.indexOf(symbol) != -1): null

2019-08-24 13:10:57 - [TEST_STEP][PASSED] - if (i == 4 &amp;&amp; wildList.indexOf(symbol) != -1): null

2019-08-24 13:10:57 - [TEST_STEP][PASSED] - symbol = symbol: null

2019-08-24 13:10:57 - [TEST_STEP][PASSED] - println(symbol): null

2019-08-24 13:10:57 - [TEST_STEP][PASSED] - if (i == 2 &amp;&amp; wildList.indexOf(symbol) != -1): null

2019-08-24 13:10:57 - [TEST_STEP][PASSED] - if (i == 3 &amp;&amp; wildList.indexOf(symbol) != -1): null

2019-08-24 13:10:57 - [TEST_STEP][PASSED] - if (i == 4 &amp;&amp; wildList.indexOf(symbol) != -1): null

2019-08-24 13:10:57 - [TEST_STEP][PASSED] - symbol = symbol: null

2019-08-24 13:10:57 - [TEST_STEP][PASSED] - println(symbol): null

2019-08-24 13:10:57 - [TEST_STEP][PASSED] - if (i == 2 &amp;&amp; wildList.indexOf(symbol) != -1): null

2019-08-24 13:10:57 - [TEST_STEP][PASSED] - if (i == 3 &amp;&amp; wildList.indexOf(symbol) != -1): null

2019-08-24 13:10:57 - [TEST_STEP][PASSED] - if (i == 4 &amp;&amp; wildList.indexOf(symbol) != -1): null

2019-08-24 13:10:57 - [TEST_STEP][PASSED] - println("wild found on reel 5, adding counter by 1"): null

2019-08-24 13:10:57 - [TEST_STEP][PASSED] - free_spin_reel_counter[2] = free_spin_reel_counter[2] + 1: null

2019-08-24 13:10:57 - [TEST_STEP][PASSED] - free_spin_reel_counter = free_spin_reel_counter: null

2019-08-24 13:10:57 - [TEST_STEP][PASSED] - println("reel 3 wild found: " + free_spin_reel_counter[0]): null

2019-08-24 13:10:57 - [TEST_STEP][PASSED] - println("reel 4 wild found: " + free_spin_reel_counter[1]): null

2019-08-24 13:10:57 - [TEST_STEP][PASSED] - println("reel 5 wild found: " + free_spin_reel_counter[2]): null

2019-08-24 13:10:57 - [TEST_STEP][PASSED] - M4_spin_reels = M4_spin_reels: null

2019-08-24 13:10:57 - [TEST_STEP][PASSED] - M4_spin_reels_symbols = symbol: null

2019-08-24 13:10:57 - [TEST_STEP][PASSED] - M4_spin_reels_symbols = M4_spin_reels_symbols: null

2019-08-24 13:10:57 - [TEST_STEP][PASSED] - M4_spin_reel_wins = reel_wins: null

2019-08-24 13:10:57 - [TEST_STEP][PASSED] - M4_spin_reel_wins = M4_spin_reel_wins: null

2019-08-24 13:10:57 - [TEST_STEP][PASSED] - println("GlobalVariable.M4_spin_reel_wins is: " + M4_spin_reel_wins): null

2019-08-24 13:10:57 - [TEST_STEP][PASSED] - M4_spin_total_bonus_win_this_round = total_bonus_win_this_round: null

2019-08-24 13:10:57 - [TEST_STEP][PASSED] - M4_spin_total_bonus_win_this_round = M4_spin_total_bonus_win_this_round: null

2019-08-24 13:10:57 - [TEST_STEP][PASSED] - println("GlobalVariable.M4_spin_total_bonus_win_this_round is: " + M4_spin_total_bonus_win_this_round): null

2019-08-24 13:10:57 - [TEST_STEP][PASSED] - M4_spin_bonus_spin_result = spin_result: null

2019-08-24 13:10:57 - [TEST_STEP][PASSED] - M4_spin_bonus_spin_result = M4_spin_bonus_spin_result: null

2019-08-24 13:10:57 - [MESSAGE][PASSED] - Verify response successfully

2019-08-24 13:10:57 - [MESSAGE][PASSED] - Send request and verify the response successfully

2019-08-24 13:10:57 - [TEST_STEP][PASSED] - if (M4_total_bonus_spins_int != 0 &amp;&amp; M4_spin_reels_symbols[2].contains("WILD_Expanding")): null

2019-08-24 13:10:57 - [TEST_STEP][PASSED] - free_spin_reel_counter = free_spin_reel_counter: null

2019-08-24 13:10:57 - [TEST_STEP][PASSED] - M4_spin_reels_symbols = M4_spin_reels_symbols: null

2019-08-24 13:10:57 - [TEST_STEP][PASSED] - M4_total_bonus_spins = M4_total_bonus_spins: null

2019-08-24 13:10:57 - [TEST_STEP][PASSED] - spin_result = sendRequestAndVerify(findTestObject("INT/RGS(M4)/1_M4_spin", ["M4_login_user_id":M4_login_user_id, "rgs_session_token":rgs_session_token, "partner":Partner])): Send request and verify the response successfully

2019-08-24 13:10:57 - [MESSAGE][INFO] - HAR: /Users/eiralee/Katalon_Script/SuperWild/Reports/20190824_125957/INT/superWild_5/20190824_125957/requests/main/196.har

2019-08-24 13:10:57 - [TEST_CASE][PASSED] - Start Test Case : Verification: Verification accomplished successfully

2019-08-24 13:10:57 - [TEST_STEP][PASSED] - request = getInstance().getCurrentRequest(): null

2019-08-24 13:10:57 - [TEST_STEP][PASSED] - response = getInstance().getCurrentResponse(): null

2019-08-24 13:10:57 - [TEST_STEP][PASSED] - verifyResponseStatusCode(response, 200): Verify response status code successfully

2019-08-24 13:10:57 - [MESSAGE][PASSED] - Verify response status code successfully

2019-08-24 13:10:57 - [TEST_STEP][PASSED] - getStatusCode()).isEqualTo(200): null

2019-08-24 13:10:57 - [TEST_STEP][PASSED] - newline = System.getProperty("line.separator"): null

2019-08-24 13:10:57 - [TEST_STEP][PASSED] - M4_spin = new groovy.json.JsonSlurper(): null

2019-08-24 13:10:57 - [TEST_STEP][PASSED] - result_M4_spin = M4_spin.parseText(response.getResponseBodyContent()): null

2019-08-24 13:10:57 - [TEST_STEP][PASSED] - M4_spin_current_balance = current_balance: null

2019-08-24 13:10:57 - [TEST_STEP][PASSED] - M4_spin_current_balance = M4_spin_current_balance: null

2019-08-24 13:10:57 - [TEST_STEP][PASSED] - M4_spin_transaction_id = causality: null

2019-08-24 13:10:57 - [TEST_STEP][PASSED] - M4_spin_transaction_id = M4_spin_transaction_id: null

2019-08-24 13:10:57 - [TEST_STEP][PASSED] - M4_spin_round_id = round_id: null

2019-08-24 13:10:57 - [TEST_STEP][PASSED] - M4_spin_round_id = M4_spin_round_id: null

2019-08-24 13:10:57 - [TEST_STEP][PASSED] - M4_spin_line_wins = line_wins: null

2019-08-24 13:10:57 - [TEST_STEP][PASSED] - M4_spin_line_wins = M4_spin_line_wins: null

2019-08-24 13:10:57 - [TEST_STEP][PASSED] - M4_total_bonus_spins_int = total_bonus_spins: null

2019-08-24 13:10:57 - [TEST_STEP][PASSED] - println("******M4_total_bonus_spins type is:*******" + newline + getClass().getName()): null

2019-08-24 13:10:57 - [TEST_STEP][PASSED] - M4_total_bonus_spins_int = M4_total_bonus_spins_int: null

2019-08-24 13:10:57 - [TEST_STEP][PASSED] - M4_total_bonus_spins = Integer.toString(M4_total_bonus_spins_int): null

2019-08-24 13:10:57 - [TEST_STEP][PASSED] - M4_total_bonus_spins = M4_total_bonus_spins: null

2019-08-24 13:10:57 - [TEST_STEP][PASSED] - println("M4_total_bonus_spins is:" + M4_total_bonus_spins): null

2019-08-24 13:10:57 - [TEST_STEP][PASSED] - M4_spin_bonus_data = bonus_data: null

2019-08-24 13:10:57 - [TEST_STEP][PASSED] - M4_spin_features_triggered = result_M4_spin: null

2019-08-24 13:10:57 - [TEST_STEP][PASSED] - wild = []: null

2019-08-24 13:10:57 - [TEST_STEP][PASSED] - wild[0] = "WILD_Expanding": null

2019-08-24 13:10:57 - [TEST_STEP][PASSED] - wild[1] = "WILD_Normal": null

2019-08-24 13:10:57 - [TEST_STEP][PASSED] - wild[2] = "WILD_Double": null

2019-08-24 13:10:57 - [TEST_STEP][PASSED] - wild[3] = "WILD_ExtraFG": null

2019-08-24 13:10:57 - [TEST_STEP][PASSED] - wild[4] = "WILD_Triple": null

2019-08-24 13:10:57 - [TEST_STEP][PASSED] - wildList = Arrays.asList(wild): null

2019-08-24 13:10:57 - [TEST_STEP][PASSED] - wildList = wildList: null

2019-08-24 13:10:57 - [TEST_STEP][PASSED] - free_spin_reel_counter = []: null

2019-08-24 13:10:57 - [TEST_STEP][PASSED] - free_spin_reel_counter[0] = 0: null

2019-08-24 13:10:57 - [TEST_STEP][PASSED] - free_spin_reel_counter[1] = 0: null

2019-08-24 13:10:57 - [TEST_STEP][PASSED] - free_spin_reel_counter[2] = 0: null

2019-08-24 13:10:57 - [TEST_STEP][PASSED] - M4_spin_reels = reels: null

2019-08-24 13:10:57 - [TEST_STEP][PASSED] - for ([i = 0, i &lt; M4_spin_reels.size(), (i++)]): null

2019-08-24 13:10:57 - [TEST_STEP][PASSED] - symbols = symbols: null

2019-08-24 13:10:57 - [TEST_STEP][PASSED] - for ([j = 0, j &lt; symbols.size(), (j++)]): null

2019-08-24 13:10:57 - [TEST_STEP][PASSED] - symbol = symbol: null

2019-08-24 13:10:57 - [TEST_STEP][PASSED] - println(symbol): null

2019-08-24 13:10:57 - [TEST_STEP][PASSED] - if (i == 2 &amp;&amp; wildList.indexOf(symbol) != -1): null

2019-08-24 13:10:57 - [TEST_STEP][PASSED] - if (i == 3 &amp;&amp; wildList.indexOf(symbol) != -1): null

2019-08-24 13:10:57 - [TEST_STEP][PASSED] - if (i == 4 &amp;&amp; wildList.indexOf(symbol) != -1): null

2019-08-24 13:10:57 - [TEST_STEP][PASSED] - symbol = symbol: null

2019-08-24 13:10:57 - [TEST_STEP][PASSED] - println(symbol): null

2019-08-24 13:10:57 - [TEST_STEP][PASSED] - if (i == 2 &amp;&amp; wildList.indexOf(symbol) != -1): null

2019-08-24 13:10:57 - [TEST_STEP][PASSED] - if (i == 3 &amp;&amp; wildList.indexOf(symbol) != -1): null

2019-08-24 13:10:57 - [TEST_STEP][PASSED] - if (i == 4 &amp;&amp; wildList.indexOf(symbol) != -1): null

2019-08-24 13:10:57 - [TEST_STEP][PASSED] - symbol = symbol: null

2019-08-24 13:10:57 - [TEST_STEP][PASSED] - println(symbol): null

2019-08-24 13:10:57 - [TEST_STEP][PASSED] - if (i == 2 &amp;&amp; wildList.indexOf(symbol) != -1): null

2019-08-24 13:10:57 - [TEST_STEP][PASSED] - if (i == 3 &amp;&amp; wildList.indexOf(symbol) != -1): null

2019-08-24 13:10:57 - [TEST_STEP][PASSED] - if (i == 4 &amp;&amp; wildList.indexOf(symbol) != -1): null

2019-08-24 13:10:57 - [TEST_STEP][PASSED] - symbols = symbols: null

2019-08-24 13:10:57 - [TEST_STEP][PASSED] - for ([j = 0, j &lt; symbols.size(), (j++)]): null

2019-08-24 13:10:57 - [TEST_STEP][PASSED] - symbol = symbol: null

2019-08-24 13:10:57 - [TEST_STEP][PASSED] - println(symbol): null

2019-08-24 13:10:57 - [TEST_STEP][PASSED] - if (i == 2 &amp;&amp; wildList.indexOf(symbol) != -1): null

2019-08-24 13:10:57 - [TEST_STEP][PASSED] - if (i == 3 &amp;&amp; wildList.indexOf(symbol) != -1): null

2019-08-24 13:10:57 - [TEST_STEP][PASSED] - if (i == 4 &amp;&amp; wildList.indexOf(symbol) != -1): null

2019-08-24 13:10:57 - [TEST_STEP][PASSED] - symbol = symbol: null

2019-08-24 13:10:57 - [TEST_STEP][PASSED] - println(symbol): null

2019-08-24 13:10:57 - [TEST_STEP][PASSED] - if (i == 2 &amp;&amp; wildList.indexOf(symbol) != -1): null

2019-08-24 13:10:57 - [TEST_STEP][PASSED] - if (i == 3 &amp;&amp; wildList.indexOf(symbol) != -1): null

2019-08-24 13:10:57 - [TEST_STEP][PASSED] - if (i == 4 &amp;&amp; wildList.indexOf(symbol) != -1): null

2019-08-24 13:10:57 - [TEST_STEP][PASSED] - symbol = symbol: null

2019-08-24 13:10:57 - [TEST_STEP][PASSED] - println(symbol): null

2019-08-24 13:10:57 - [TEST_STEP][PASSED] - if (i == 2 &amp;&amp; wildList.indexOf(symbol) != -1): null

2019-08-24 13:10:57 - [TEST_STEP][PASSED] - if (i == 3 &amp;&amp; wildList.indexOf(symbol) != -1): null

2019-08-24 13:10:57 - [TEST_STEP][PASSED] - if (i == 4 &amp;&amp; wildList.indexOf(symbol) != -1): null

2019-08-24 13:10:57 - [TEST_STEP][PASSED] - symbols = symbols: null

2019-08-24 13:10:57 - [TEST_STEP][PASSED] - for ([j = 0, j &lt; symbols.size(), (j++)]): null

2019-08-24 13:10:57 - [TEST_STEP][PASSED] - symbol = symbol: null

2019-08-24 13:10:57 - [TEST_STEP][PASSED] - println(symbol): null

2019-08-24 13:10:57 - [TEST_STEP][PASSED] - if (i == 2 &amp;&amp; wildList.indexOf(symbol) != -1): null

2019-08-24 13:10:57 - [TEST_STEP][PASSED] - if (i == 3 &amp;&amp; wildList.indexOf(symbol) != -1): null

2019-08-24 13:10:57 - [TEST_STEP][PASSED] - if (i == 4 &amp;&amp; wildList.indexOf(symbol) != -1): null

2019-08-24 13:10:57 - [TEST_STEP][PASSED] - symbol = symbol: null

2019-08-24 13:10:57 - [TEST_STEP][PASSED] - println(symbol): null

2019-08-24 13:10:57 - [TEST_STEP][PASSED] - if (i == 2 &amp;&amp; wildList.indexOf(symbol) != -1): null

2019-08-24 13:10:57 - [TEST_STEP][PASSED] - if (i == 3 &amp;&amp; wildList.indexOf(symbol) != -1): null

2019-08-24 13:10:57 - [TEST_STEP][PASSED] - if (i == 4 &amp;&amp; wildList.indexOf(symbol) != -1): null

2019-08-24 13:10:57 - [TEST_STEP][PASSED] - symbol = symbol: null

2019-08-24 13:10:57 - [TEST_STEP][PASSED] - println(symbol): null

2019-08-24 13:10:57 - [TEST_STEP][PASSED] - if (i == 2 &amp;&amp; wildList.indexOf(symbol) != -1): null

2019-08-24 13:10:57 - [TEST_STEP][PASSED] - if (i == 3 &amp;&amp; wildList.indexOf(symbol) != -1): null

2019-08-24 13:10:57 - [TEST_STEP][PASSED] - if (i == 4 &amp;&amp; wildList.indexOf(symbol) != -1): null

2019-08-24 13:10:57 - [TEST_STEP][PASSED] - symbols = symbols: null

2019-08-24 13:10:57 - [TEST_STEP][PASSED] - for ([j = 0, j &lt; symbols.size(), (j++)]): null

2019-08-24 13:10:57 - [TEST_STEP][PASSED] - symbol = symbol: null

2019-08-24 13:10:57 - [TEST_STEP][PASSED] - println(symbol): null

2019-08-24 13:10:57 - [TEST_STEP][PASSED] - if (i == 2 &amp;&amp; wildList.indexOf(symbol) != -1): null

2019-08-24 13:10:57 - [TEST_STEP][PASSED] - if (i == 3 &amp;&amp; wildList.indexOf(symbol) != -1): null

2019-08-24 13:11:02 - [TEST_STEP][PASSED] - if (i == 4 &amp;&amp; wildList.indexOf(symbol) != -1): null

2019-08-24 13:11:02 - [TEST_STEP][PASSED] - symbol = symbol: null

2019-08-24 13:11:02 - [TEST_STEP][PASSED] - println(symbol): null

2019-08-24 13:11:02 - [TEST_STEP][PASSED] - if (i == 2 &amp;&amp; wildList.indexOf(symbol) != -1): null

2019-08-24 13:11:02 - [TEST_STEP][PASSED] - if (i == 3 &amp;&amp; wildList.indexOf(symbol) != -1): null

2019-08-24 13:11:02 - [TEST_STEP][PASSED] - if (i == 4 &amp;&amp; wildList.indexOf(symbol) != -1): null

2019-08-24 13:11:02 - [TEST_STEP][PASSED] - symbol = symbol: null

2019-08-24 13:11:02 - [TEST_STEP][PASSED] - println(symbol): null

2019-08-24 13:11:02 - [TEST_STEP][PASSED] - if (i == 2 &amp;&amp; wildList.indexOf(symbol) != -1): null

2019-08-24 13:11:02 - [TEST_STEP][PASSED] - if (i == 3 &amp;&amp; wildList.indexOf(symbol) != -1): null

2019-08-24 13:11:04 - [TEST_STEP][PASSED] - if (i == 4 &amp;&amp; wildList.indexOf(symbol) != -1): null

2019-08-24 13:11:04 - [TEST_STEP][PASSED] - symbols = symbols: null

2019-08-24 13:11:04 - [TEST_STEP][PASSED] - for ([j = 0, j &lt; symbols.size(), (j++)]): null

2019-08-24 13:11:04 - [TEST_STEP][PASSED] - symbol = symbol: null

2019-08-24 13:11:04 - [TEST_STEP][PASSED] - println(symbol): null

2019-08-24 13:11:04 - [TEST_STEP][PASSED] - if (i == 2 &amp;&amp; wildList.indexOf(symbol) != -1): null

2019-08-24 13:11:04 - [TEST_STEP][PASSED] - if (i == 3 &amp;&amp; wildList.indexOf(symbol) != -1): null

2019-08-24 13:11:04 - [TEST_STEP][PASSED] - if (i == 4 &amp;&amp; wildList.indexOf(symbol) != -1): null

2019-08-24 13:11:04 - [TEST_STEP][PASSED] - symbol = symbol: null

2019-08-24 13:11:04 - [TEST_STEP][PASSED] - println(symbol): null

2019-08-24 13:11:04 - [TEST_STEP][PASSED] - if (i == 2 &amp;&amp; wildList.indexOf(symbol) != -1): null

2019-08-24 13:11:04 - [TEST_STEP][PASSED] - if (i == 3 &amp;&amp; wildList.indexOf(symbol) != -1): null

2019-08-24 13:11:04 - [TEST_STEP][PASSED] - if (i == 4 &amp;&amp; wildList.indexOf(symbol) != -1): null

2019-08-24 13:11:04 - [TEST_STEP][PASSED] - symbol = symbol: null

2019-08-24 13:11:04 - [TEST_STEP][PASSED] - println(symbol): null

2019-08-24 13:11:04 - [TEST_STEP][PASSED] - if (i == 2 &amp;&amp; wildList.indexOf(symbol) != -1): null

2019-08-24 13:11:04 - [TEST_STEP][PASSED] - if (i == 3 &amp;&amp; wildList.indexOf(symbol) != -1): null

2019-08-24 13:11:04 - [TEST_STEP][PASSED] - if (i == 4 &amp;&amp; wildList.indexOf(symbol) != -1): null

2019-08-24 13:11:04 - [TEST_STEP][PASSED] - free_spin_reel_counter = free_spin_reel_counter: null

2019-08-24 13:11:04 - [TEST_STEP][PASSED] - println("reel 3 wild found: " + free_spin_reel_counter[0]): null

2019-08-24 13:11:04 - [TEST_STEP][PASSED] - println("reel 4 wild found: " + free_spin_reel_counter[1]): null

2019-08-24 13:11:04 - [TEST_STEP][PASSED] - println("reel 5 wild found: " + free_spin_reel_counter[2]): null

2019-08-24 13:11:04 - [TEST_STEP][PASSED] - M4_spin_reels = M4_spin_reels: null

2019-08-24 13:11:04 - [TEST_STEP][PASSED] - M4_spin_reels_symbols = symbol: null

2019-08-24 13:11:04 - [TEST_STEP][PASSED] - M4_spin_reels_symbols = M4_spin_reels_symbols: null

2019-08-24 13:11:04 - [TEST_STEP][PASSED] - M4_spin_reel_wins = reel_wins: null

2019-08-24 13:11:04 - [TEST_STEP][PASSED] - M4_spin_reel_wins = M4_spin_reel_wins: null

2019-08-24 13:11:04 - [TEST_STEP][PASSED] - println("GlobalVariable.M4_spin_reel_wins is: " + M4_spin_reel_wins): null

2019-08-24 13:11:04 - [TEST_STEP][PASSED] - M4_spin_total_bonus_win_this_round = total_bonus_win_this_round: null

2019-08-24 13:11:04 - [TEST_STEP][PASSED] - M4_spin_total_bonus_win_this_round = M4_spin_total_bonus_win_this_round: null

2019-08-24 13:11:04 - [TEST_STEP][PASSED] - println("GlobalVariable.M4_spin_total_bonus_win_this_round is: " + M4_spin_total_bonus_win_this_round): null

2019-08-24 13:11:04 - [TEST_STEP][PASSED] - M4_spin_bonus_spin_result = spin_result: null

2019-08-24 13:11:04 - [TEST_STEP][PASSED] - M4_spin_bonus_spin_result = M4_spin_bonus_spin_result: null

2019-08-24 13:11:04 - [MESSAGE][PASSED] - Verify response successfully

2019-08-24 13:11:04 - [MESSAGE][PASSED] - Send request and verify the response successfully

2019-08-24 13:11:04 - [TEST_STEP][PASSED] - if (M4_total_bonus_spins_int != 0 &amp;&amp; M4_spin_reels_symbols[2].contains("WILD_Expanding")): null

2019-08-24 13:11:04 - [TEST_STEP][PASSED] - free_spin_reel_counter = free_spin_reel_counter: null

2019-08-24 13:11:04 - [TEST_STEP][PASSED] - M4_spin_reels_symbols = M4_spin_reels_symbols: null

2019-08-24 13:11:04 - [TEST_STEP][PASSED] - M4_total_bonus_spins = M4_total_bonus_spins: null

2019-08-24 13:11:04 - [TEST_STEP][PASSED] - spin_result = sendRequestAndVerify(findTestObject("INT/RGS(M4)/1_M4_spin", ["M4_login_user_id":M4_login_user_id, "rgs_session_token":rgs_session_token, "partner":Partner])): Send request and verify the response successfully

2019-08-24 13:11:05 - [MESSAGE][INFO] - HAR: /Users/eiralee/Katalon_Script/SuperWild/Reports/20190824_125957/INT/superWild_5/20190824_125957/requests/main/197.har

2019-08-24 13:11:05 - [TEST_CASE][PASSED] - Start Test Case : Verification: Verification accomplished successfully

2019-08-24 13:11:05 - [TEST_STEP][PASSED] - request = getInstance().getCurrentRequest(): null

2019-08-24 13:11:05 - [TEST_STEP][PASSED] - response = getInstance().getCurrentResponse(): null

2019-08-24 13:11:05 - [TEST_STEP][PASSED] - verifyResponseStatusCode(response, 200): Verify response status code successfully

2019-08-24 13:11:05 - [MESSAGE][PASSED] - Verify response status code successfully

2019-08-24 13:11:05 - [TEST_STEP][PASSED] - getStatusCode()).isEqualTo(200): null

2019-08-24 13:11:05 - [TEST_STEP][PASSED] - newline = System.getProperty("line.separator"): null

2019-08-24 13:11:05 - [TEST_STEP][PASSED] - M4_spin = new groovy.json.JsonSlurper(): null

2019-08-24 13:11:05 - [TEST_STEP][PASSED] - result_M4_spin = M4_spin.parseText(response.getResponseBodyContent()): null

2019-08-24 13:11:05 - [TEST_STEP][PASSED] - M4_spin_current_balance = current_balance: null

2019-08-24 13:11:05 - [TEST_STEP][PASSED] - M4_spin_current_balance = M4_spin_current_balance: null

2019-08-24 13:11:05 - [TEST_STEP][PASSED] - M4_spin_transaction_id = causality: null

2019-08-24 13:11:05 - [TEST_STEP][PASSED] - M4_spin_transaction_id = M4_spin_transaction_id: null

2019-08-24 13:11:05 - [TEST_STEP][PASSED] - M4_spin_round_id = round_id: null

2019-08-24 13:11:05 - [TEST_STEP][PASSED] - M4_spin_round_id = M4_spin_round_id: null

2019-08-24 13:11:05 - [TEST_STEP][PASSED] - M4_spin_line_wins = line_wins: null

2019-08-24 13:11:05 - [TEST_STEP][PASSED] - M4_spin_line_wins = M4_spin_line_wins: null

2019-08-24 13:11:05 - [TEST_STEP][PASSED] - M4_total_bonus_spins_int = total_bonus_spins: null

2019-08-24 13:11:05 - [TEST_STEP][PASSED] - println("******M4_total_bonus_spins type is:*******" + newline + getClass().getName()): null

2019-08-24 13:11:05 - [TEST_STEP][PASSED] - M4_total_bonus_spins_int = M4_total_bonus_spins_int: null

2019-08-24 13:11:05 - [TEST_STEP][PASSED] - M4_total_bonus_spins = Integer.toString(M4_total_bonus_spins_int): null

2019-08-24 13:11:05 - [TEST_STEP][PASSED] - M4_total_bonus_spins = M4_total_bonus_spins: null

2019-08-24 13:11:05 - [TEST_STEP][PASSED] - println("M4_total_bonus_spins is:" + M4_total_bonus_spins): null

2019-08-24 13:11:05 - [TEST_STEP][PASSED] - M4_spin_bonus_data = bonus_data: null

2019-08-24 13:11:05 - [TEST_STEP][PASSED] - M4_spin_features_triggered = result_M4_spin: null

2019-08-24 13:11:05 - [TEST_STEP][PASSED] - wild = []: null

2019-08-24 13:11:05 - [TEST_STEP][PASSED] - wild[0] = "WILD_Expanding": null

2019-08-24 13:11:05 - [TEST_STEP][PASSED] - wild[1] = "WILD_Normal": null

2019-08-24 13:11:05 - [TEST_STEP][PASSED] - wild[2] = "WILD_Double": null

2019-08-24 13:11:05 - [TEST_STEP][PASSED] - wild[3] = "WILD_ExtraFG": null

2019-08-24 13:11:05 - [TEST_STEP][PASSED] - wild[4] = "WILD_Triple": null

2019-08-24 13:11:05 - [TEST_STEP][PASSED] - wildList = Arrays.asList(wild): null

2019-08-24 13:11:05 - [TEST_STEP][PASSED] - wildList = wildList: null

2019-08-24 13:11:05 - [TEST_STEP][PASSED] - free_spin_reel_counter = []: null

2019-08-24 13:11:05 - [TEST_STEP][PASSED] - free_spin_reel_counter[0] = 0: null

2019-08-24 13:11:05 - [TEST_STEP][PASSED] - free_spin_reel_counter[1] = 0: null

2019-08-24 13:11:05 - [TEST_STEP][PASSED] - free_spin_reel_counter[2] = 0: null

2019-08-24 13:11:05 - [TEST_STEP][PASSED] - M4_spin_reels = reels: null

2019-08-24 13:11:05 - [TEST_STEP][PASSED] - for ([i = 0, i &lt; M4_spin_reels.size(), (i++)]): null

2019-08-24 13:11:05 - [TEST_STEP][PASSED] - symbols = symbols: null

2019-08-24 13:11:05 - [TEST_STEP][PASSED] - for ([j = 0, j &lt; symbols.size(), (j++)]): null

2019-08-24 13:11:05 - [TEST_STEP][PASSED] - symbol = symbol: null

2019-08-24 13:11:05 - [TEST_STEP][PASSED] - println(symbol): null

2019-08-24 13:11:05 - [TEST_STEP][PASSED] - if (i == 2 &amp;&amp; wildList.indexOf(symbol) != -1): null

2019-08-24 13:11:05 - [TEST_STEP][PASSED] - if (i == 3 &amp;&amp; wildList.indexOf(symbol) != -1): null

2019-08-24 13:11:05 - [TEST_STEP][PASSED] - if (i == 4 &amp;&amp; wildList.indexOf(symbol) != -1): null

2019-08-24 13:11:05 - [TEST_STEP][PASSED] - symbol = symbol: null

2019-08-24 13:11:05 - [TEST_STEP][PASSED] - println(symbol): null

2019-08-24 13:11:05 - [TEST_STEP][PASSED] - if (i == 2 &amp;&amp; wildList.indexOf(symbol) != -1): null

2019-08-24 13:11:05 - [TEST_STEP][PASSED] - if (i == 3 &amp;&amp; wildList.indexOf(symbol) != -1): null

2019-08-24 13:11:05 - [TEST_STEP][PASSED] - if (i == 4 &amp;&amp; wildList.indexOf(symbol) != -1): null

2019-08-24 13:11:05 - [TEST_STEP][PASSED] - symbol = symbol: null

2019-08-24 13:11:05 - [TEST_STEP][PASSED] - println(symbol): null

2019-08-24 13:11:05 - [TEST_STEP][PASSED] - if (i == 2 &amp;&amp; wildList.indexOf(symbol) != -1): null

2019-08-24 13:11:05 - [TEST_STEP][PASSED] - if (i == 3 &amp;&amp; wildList.indexOf(symbol) != -1): null

2019-08-24 13:11:05 - [TEST_STEP][PASSED] - if (i == 4 &amp;&amp; wildList.indexOf(symbol) != -1): null

2019-08-24 13:11:05 - [TEST_STEP][PASSED] - symbols = symbols: null

2019-08-24 13:11:05 - [TEST_STEP][PASSED] - for ([j = 0, j &lt; symbols.size(), (j++)]): null

2019-08-24 13:11:05 - [TEST_STEP][PASSED] - symbol = symbol: null

2019-08-24 13:11:05 - [TEST_STEP][PASSED] - println(symbol): null

2019-08-24 13:11:05 - [TEST_STEP][PASSED] - if (i == 2 &amp;&amp; wildList.indexOf(symbol) != -1): null

2019-08-24 13:11:05 - [TEST_STEP][PASSED] - if (i == 3 &amp;&amp; wildList.indexOf(symbol) != -1): null

2019-08-24 13:11:05 - [TEST_STEP][PASSED] - if (i == 4 &amp;&amp; wildList.indexOf(symbol) != -1): null

2019-08-24 13:11:05 - [TEST_STEP][PASSED] - symbol = symbol: null

2019-08-24 13:11:05 - [TEST_STEP][PASSED] - println(symbol): null

2019-08-24 13:11:05 - [TEST_STEP][PASSED] - if (i == 2 &amp;&amp; wildList.indexOf(symbol) != -1): null

2019-08-24 13:11:05 - [TEST_STEP][PASSED] - if (i == 3 &amp;&amp; wildList.indexOf(symbol) != -1): null

2019-08-24 13:11:05 - [TEST_STEP][PASSED] - if (i == 4 &amp;&amp; wildList.indexOf(symbol) != -1): null

2019-08-24 13:11:05 - [TEST_STEP][PASSED] - symbol = symbol: null

2019-08-24 13:11:05 - [TEST_STEP][PASSED] - println(symbol): null

2019-08-24 13:11:05 - [TEST_STEP][PASSED] - if (i == 2 &amp;&amp; wildList.indexOf(symbol) != -1): null

2019-08-24 13:11:05 - [TEST_STEP][PASSED] - if (i == 3 &amp;&amp; wildList.indexOf(symbol) != -1): null

2019-08-24 13:11:05 - [TEST_STEP][PASSED] - if (i == 4 &amp;&amp; wildList.indexOf(symbol) != -1): null

2019-08-24 13:11:05 - [TEST_STEP][PASSED] - symbols = symbols: null

2019-08-24 13:11:05 - [TEST_STEP][PASSED] - for ([j = 0, j &lt; symbols.size(), (j++)]): null

2019-08-24 13:11:05 - [TEST_STEP][PASSED] - symbol = symbol: null

2019-08-24 13:11:05 - [TEST_STEP][PASSED] - println(symbol): null

2019-08-24 13:11:05 - [TEST_STEP][PASSED] - if (i == 2 &amp;&amp; wildList.indexOf(symbol) != -1): null

2019-08-24 13:11:05 - [TEST_STEP][PASSED] - if (i == 3 &amp;&amp; wildList.indexOf(symbol) != -1): null

2019-08-24 13:11:05 - [TEST_STEP][PASSED] - if (i == 4 &amp;&amp; wildList.indexOf(symbol) != -1): null

2019-08-24 13:11:05 - [TEST_STEP][PASSED] - symbol = symbol: null

2019-08-24 13:11:05 - [TEST_STEP][PASSED] - println(symbol): null

2019-08-24 13:11:05 - [TEST_STEP][PASSED] - if (i == 2 &amp;&amp; wildList.indexOf(symbol) != -1): null

2019-08-24 13:11:05 - [TEST_STEP][PASSED] - if (i == 3 &amp;&amp; wildList.indexOf(symbol) != -1): null

2019-08-24 13:11:05 - [TEST_STEP][PASSED] - if (i == 4 &amp;&amp; wildList.indexOf(symbol) != -1): null

2019-08-24 13:11:05 - [TEST_STEP][PASSED] - symbol = symbol: null

2019-08-24 13:11:05 - [TEST_STEP][PASSED] - println(symbol): null

2019-08-24 13:11:05 - [TEST_STEP][PASSED] - if (i == 2 &amp;&amp; wildList.indexOf(symbol) != -1): null

2019-08-24 13:11:05 - [TEST_STEP][PASSED] - if (i == 3 &amp;&amp; wildList.indexOf(symbol) != -1): null

2019-08-24 13:11:05 - [TEST_STEP][PASSED] - if (i == 4 &amp;&amp; wildList.indexOf(symbol) != -1): null

2019-08-24 13:11:05 - [TEST_STEP][PASSED] - symbols = symbols: null

2019-08-24 13:11:05 - [TEST_STEP][PASSED] - for ([j = 0, j &lt; symbols.size(), (j++)]): null

2019-08-24 13:11:05 - [TEST_STEP][PASSED] - symbol = symbol: null

2019-08-24 13:11:05 - [TEST_STEP][PASSED] - println(symbol): null

2019-08-24 13:11:05 - [TEST_STEP][PASSED] - if (i == 2 &amp;&amp; wildList.indexOf(symbol) != -1): null

2019-08-24 13:11:05 - [TEST_STEP][PASSED] - if (i == 3 &amp;&amp; wildList.indexOf(symbol) != -1): null

2019-08-24 13:11:05 - [TEST_STEP][PASSED] - if (i == 4 &amp;&amp; wildList.indexOf(symbol) != -1): null

2019-08-24 13:11:05 - [TEST_STEP][PASSED] - symbol = symbol: null

2019-08-24 13:11:05 - [TEST_STEP][PASSED] - println(symbol): null

2019-08-24 13:11:05 - [TEST_STEP][PASSED] - if (i == 2 &amp;&amp; wildList.indexOf(symbol) != -1): null

2019-08-24 13:11:05 - [TEST_STEP][PASSED] - if (i == 3 &amp;&amp; wildList.indexOf(symbol) != -1): null

2019-08-24 13:11:05 - [TEST_STEP][PASSED] - if (i == 4 &amp;&amp; wildList.indexOf(symbol) != -1): null

2019-08-24 13:11:05 - [TEST_STEP][PASSED] - symbol = symbol: null

2019-08-24 13:11:05 - [TEST_STEP][PASSED] - println(symbol): null

2019-08-24 13:11:05 - [TEST_STEP][PASSED] - if (i == 2 &amp;&amp; wildList.indexOf(symbol) != -1): null

2019-08-24 13:11:05 - [TEST_STEP][PASSED] - if (i == 3 &amp;&amp; wildList.indexOf(symbol) != -1): null

2019-08-24 13:11:05 - [TEST_STEP][PASSED] - if (i == 4 &amp;&amp; wildList.indexOf(symbol) != -1): null

2019-08-24 13:11:05 - [TEST_STEP][PASSED] - symbols = symbols: null

2019-08-24 13:11:05 - [TEST_STEP][PASSED] - for ([j = 0, j &lt; symbols.size(), (j++)]): null

2019-08-24 13:11:05 - [TEST_STEP][PASSED] - symbol = symbol: null

2019-08-24 13:11:05 - [TEST_STEP][PASSED] - println(symbol): null

2019-08-24 13:11:05 - [TEST_STEP][PASSED] - if (i == 2 &amp;&amp; wildList.indexOf(symbol) != -1): null

2019-08-24 13:11:05 - [TEST_STEP][PASSED] - if (i == 3 &amp;&amp; wildList.indexOf(symbol) != -1): null

2019-08-24 13:11:05 - [TEST_STEP][PASSED] - if (i == 4 &amp;&amp; wildList.indexOf(symbol) != -1): null

2019-08-24 13:11:05 - [TEST_STEP][PASSED] - symbol = symbol: null

2019-08-24 13:11:05 - [TEST_STEP][PASSED] - println(symbol): null

2019-08-24 13:11:05 - [TEST_STEP][PASSED] - if (i == 2 &amp;&amp; wildList.indexOf(symbol) != -1): null

2019-08-24 13:11:05 - [TEST_STEP][PASSED] - if (i == 3 &amp;&amp; wildList.indexOf(symbol) != -1): null

2019-08-24 13:11:05 - [TEST_STEP][PASSED] - if (i == 4 &amp;&amp; wildList.indexOf(symbol) != -1): null

2019-08-24 13:11:05 - [TEST_STEP][PASSED] - symbol = symbol: null

2019-08-24 13:11:05 - [TEST_STEP][PASSED] - println(symbol): null

2019-08-24 13:11:05 - [TEST_STEP][PASSED] - if (i == 2 &amp;&amp; wildList.indexOf(symbol) != -1): null

2019-08-24 13:11:05 - [TEST_STEP][PASSED] - if (i == 3 &amp;&amp; wildList.indexOf(symbol) != -1): null

2019-08-24 13:11:05 - [TEST_STEP][PASSED] - if (i == 4 &amp;&amp; wildList.indexOf(symbol) != -1): null

2019-08-24 13:11:05 - [TEST_STEP][PASSED] - free_spin_reel_counter = free_spin_reel_counter: null

2019-08-24 13:11:05 - [TEST_STEP][PASSED] - println("reel 3 wild found: " + free_spin_reel_counter[0]): null

2019-08-24 13:11:05 - [TEST_STEP][PASSED] - println("reel 4 wild found: " + free_spin_reel_counter[1]): null

2019-08-24 13:11:05 - [TEST_STEP][PASSED] - println("reel 5 wild found: " + free_spin_reel_counter[2]): null

2019-08-24 13:11:05 - [TEST_STEP][PASSED] - M4_spin_reels = M4_spin_reels: null

2019-08-24 13:11:05 - [TEST_STEP][PASSED] - M4_spin_reels_symbols = symbol: null

2019-08-24 13:11:05 - [TEST_STEP][PASSED] - M4_spin_reels_symbols = M4_spin_reels_symbols: null

2019-08-24 13:11:05 - [TEST_STEP][PASSED] - M4_spin_reel_wins = reel_wins: null

2019-08-24 13:11:05 - [TEST_STEP][PASSED] - M4_spin_reel_wins = M4_spin_reel_wins: null

2019-08-24 13:11:05 - [TEST_STEP][PASSED] - println("GlobalVariable.M4_spin_reel_wins is: " + M4_spin_reel_wins): null

2019-08-24 13:11:05 - [TEST_STEP][PASSED] - M4_spin_total_bonus_win_this_round = total_bonus_win_this_round: null

2019-08-24 13:11:05 - [TEST_STEP][PASSED] - M4_spin_total_bonus_win_this_round = M4_spin_total_bonus_win_this_round: null

2019-08-24 13:11:05 - [TEST_STEP][PASSED] - println("GlobalVariable.M4_spin_total_bonus_win_this_round is: " + M4_spin_total_bonus_win_this_round): null

2019-08-24 13:11:05 - [TEST_STEP][PASSED] - M4_spin_bonus_spin_result = spin_result: null

2019-08-24 13:11:05 - [TEST_STEP][PASSED] - M4_spin_bonus_spin_result = M4_spin_bonus_spin_result: null

2019-08-24 13:11:05 - [MESSAGE][PASSED] - Verify response successfully

2019-08-24 13:11:05 - [MESSAGE][PASSED] - Send request and verify the response successfully

2019-08-24 13:11:05 - [TEST_STEP][PASSED] - if (M4_total_bonus_spins_int != 0 &amp;&amp; M4_spin_reels_symbols[2].contains("WILD_Expanding")): null

2019-08-24 13:11:05 - [TEST_STEP][PASSED] - free_spin_reel_counter = free_spin_reel_counter: null

2019-08-24 13:11:05 - [TEST_STEP][PASSED] - M4_spin_reels_symbols = M4_spin_reels_symbols: null

2019-08-24 13:11:05 - [TEST_STEP][PASSED] - M4_total_bonus_spins = M4_total_bonus_spins: null

2019-08-24 13:11:05 - [TEST_STEP][PASSED] - spin_result = sendRequestAndVerify(findTestObject("INT/RGS(M4)/1_M4_spin", ["M4_login_user_id":M4_login_user_id, "rgs_session_token":rgs_session_token, "partner":Partner])): Send request and verify the response successfully

2019-08-24 13:11:05 - [MESSAGE][INFO] - HAR: /Users/eiralee/Katalon_Script/SuperWild/Reports/20190824_125957/INT/superWild_5/20190824_125957/requests/main/198.har

2019-08-24 13:11:05 - [TEST_CASE][PASSED] - Start Test Case : Verification: Verification accomplished successfully

2019-08-24 13:11:05 - [TEST_STEP][PASSED] - request = getInstance().getCurrentRequest(): null

2019-08-24 13:11:05 - [TEST_STEP][PASSED] - response = getInstance().getCurrentResponse(): null

2019-08-24 13:11:05 - [TEST_STEP][PASSED] - verifyResponseStatusCode(response, 200): Verify response status code successfully

2019-08-24 13:11:05 - [MESSAGE][PASSED] - Verify response status code successfully

2019-08-24 13:11:05 - [TEST_STEP][PASSED] - getStatusCode()).isEqualTo(200): null

2019-08-24 13:11:05 - [TEST_STEP][PASSED] - newline = System.getProperty("line.separator"): null

2019-08-24 13:11:05 - [TEST_STEP][PASSED] - M4_spin = new groovy.json.JsonSlurper(): null

2019-08-24 13:11:05 - [TEST_STEP][PASSED] - result_M4_spin = M4_spin.parseText(response.getResponseBodyContent()): null

2019-08-24 13:11:05 - [TEST_STEP][PASSED] - M4_spin_current_balance = current_balance: null

2019-08-24 13:11:05 - [TEST_STEP][PASSED] - M4_spin_current_balance = M4_spin_current_balance: null

2019-08-24 13:11:05 - [TEST_STEP][PASSED] - M4_spin_transaction_id = causality: null

2019-08-24 13:11:05 - [TEST_STEP][PASSED] - M4_spin_transaction_id = M4_spin_transaction_id: null

2019-08-24 13:11:05 - [TEST_STEP][PASSED] - M4_spin_round_id = round_id: null

2019-08-24 13:11:05 - [TEST_STEP][PASSED] - M4_spin_round_id = M4_spin_round_id: null

2019-08-24 13:11:05 - [TEST_STEP][PASSED] - M4_spin_line_wins = line_wins: null

2019-08-24 13:11:05 - [TEST_STEP][PASSED] - M4_spin_line_wins = M4_spin_line_wins: null

2019-08-24 13:11:05 - [TEST_STEP][PASSED] - M4_total_bonus_spins_int = total_bonus_spins: null

2019-08-24 13:11:05 - [TEST_STEP][PASSED] - println("******M4_total_bonus_spins type is:*******" + newline + getClass().getName()): null

2019-08-24 13:11:05 - [TEST_STEP][PASSED] - M4_total_bonus_spins_int = M4_total_bonus_spins_int: null

2019-08-24 13:11:05 - [TEST_STEP][PASSED] - M4_total_bonus_spins = Integer.toString(M4_total_bonus_spins_int): null

2019-08-24 13:11:05 - [TEST_STEP][PASSED] - M4_total_bonus_spins = M4_total_bonus_spins: null

2019-08-24 13:11:05 - [TEST_STEP][PASSED] - println("M4_total_bonus_spins is:" + M4_total_bonus_spins): null

2019-08-24 13:11:05 - [TEST_STEP][PASSED] - M4_spin_bonus_data = bonus_data: null

2019-08-24 13:11:05 - [TEST_STEP][PASSED] - M4_spin_features_triggered = result_M4_spin: null

2019-08-24 13:11:05 - [TEST_STEP][PASSED] - wild = []: null

2019-08-24 13:11:05 - [TEST_STEP][PASSED] - wild[0] = "WILD_Expanding": null

2019-08-24 13:11:05 - [TEST_STEP][PASSED] - wild[1] = "WILD_Normal": null

2019-08-24 13:11:05 - [TEST_STEP][PASSED] - wild[2] = "WILD_Double": null

2019-08-24 13:11:05 - [TEST_STEP][PASSED] - wild[3] = "WILD_ExtraFG": null

2019-08-24 13:11:05 - [TEST_STEP][PASSED] - wild[4] = "WILD_Triple": null

2019-08-24 13:11:05 - [TEST_STEP][PASSED] - wildList = Arrays.asList(wild): null

2019-08-24 13:11:05 - [TEST_STEP][PASSED] - wildList = wildList: null

2019-08-24 13:11:05 - [TEST_STEP][PASSED] - free_spin_reel_counter = []: null

2019-08-24 13:11:05 - [TEST_STEP][PASSED] - free_spin_reel_counter[0] = 0: null

2019-08-24 13:11:05 - [TEST_STEP][PASSED] - free_spin_reel_counter[1] = 0: null

2019-08-24 13:11:05 - [TEST_STEP][PASSED] - free_spin_reel_counter[2] = 0: null

2019-08-24 13:11:05 - [TEST_STEP][PASSED] - M4_spin_reels = reels: null

2019-08-24 13:11:05 - [TEST_STEP][PASSED] - for ([i = 0, i &lt; M4_spin_reels.size(), (i++)]): null

2019-08-24 13:11:05 - [TEST_STEP][PASSED] - symbols = symbols: null

2019-08-24 13:11:05 - [TEST_STEP][PASSED] - for ([j = 0, j &lt; symbols.size(), (j++)]): null

2019-08-24 13:11:05 - [TEST_STEP][PASSED] - symbol = symbol: null

2019-08-24 13:11:05 - [TEST_STEP][PASSED] - println(symbol): null

2019-08-24 13:11:05 - [TEST_STEP][PASSED] - if (i == 2 &amp;&amp; wildList.indexOf(symbol) != -1): null

2019-08-24 13:11:05 - [TEST_STEP][PASSED] - if (i == 3 &amp;&amp; wildList.indexOf(symbol) != -1): null

2019-08-24 13:11:05 - [TEST_STEP][PASSED] - if (i == 4 &amp;&amp; wildList.indexOf(symbol) != -1): null

2019-08-24 13:11:05 - [TEST_STEP][PASSED] - symbol = symbol: null

2019-08-24 13:11:05 - [TEST_STEP][PASSED] - println(symbol): null

2019-08-24 13:11:05 - [TEST_STEP][PASSED] - if (i == 2 &amp;&amp; wildList.indexOf(symbol) != -1): null

2019-08-24 13:11:05 - [TEST_STEP][PASSED] - if (i == 3 &amp;&amp; wildList.indexOf(symbol) != -1): null

2019-08-24 13:11:05 - [TEST_STEP][PASSED] - if (i == 4 &amp;&amp; wildList.indexOf(symbol) != -1): null

2019-08-24 13:11:05 - [TEST_STEP][PASSED] - symbol = symbol: null

2019-08-24 13:11:05 - [TEST_STEP][PASSED] - println(symbol): null

2019-08-24 13:11:05 - [TEST_STEP][PASSED] - if (i == 2 &amp;&amp; wildList.indexOf(symbol) != -1): null

2019-08-24 13:11:05 - [TEST_STEP][PASSED] - if (i == 3 &amp;&amp; wildList.indexOf(symbol) != -1): null

2019-08-24 13:11:05 - [TEST_STEP][PASSED] - if (i == 4 &amp;&amp; wildList.indexOf(symbol) != -1): null

2019-08-24 13:11:05 - [TEST_STEP][PASSED] - symbols = symbols: null

2019-08-24 13:11:05 - [TEST_STEP][PASSED] - for ([j = 0, j &lt; symbols.size(), (j++)]): null

2019-08-24 13:11:05 - [TEST_STEP][PASSED] - symbol = symbol: null

2019-08-24 13:11:05 - [TEST_STEP][PASSED] - println(symbol): null

2019-08-24 13:11:05 - [TEST_STEP][PASSED] - if (i == 2 &amp;&amp; wildList.indexOf(symbol) != -1): null

2019-08-24 13:11:05 - [TEST_STEP][PASSED] - if (i == 3 &amp;&amp; wildList.indexOf(symbol) != -1): null

2019-08-24 13:11:05 - [TEST_STEP][PASSED] - if (i == 4 &amp;&amp; wildList.indexOf(symbol) != -1): null

2019-08-24 13:11:05 - [TEST_STEP][PASSED] - symbol = symbol: null

2019-08-24 13:11:05 - [TEST_STEP][PASSED] - println(symbol): null

2019-08-24 13:11:05 - [TEST_STEP][PASSED] - if (i == 2 &amp;&amp; wildList.indexOf(symbol) != -1): null

2019-08-24 13:11:05 - [TEST_STEP][PASSED] - if (i == 3 &amp;&amp; wildList.indexOf(symbol) != -1): null

2019-08-24 13:11:05 - [TEST_STEP][PASSED] - if (i == 4 &amp;&amp; wildList.indexOf(symbol) != -1): null

2019-08-24 13:11:05 - [TEST_STEP][PASSED] - symbol = symbol: null

2019-08-24 13:11:05 - [TEST_STEP][PASSED] - println(symbol): null

2019-08-24 13:11:05 - [TEST_STEP][PASSED] - if (i == 2 &amp;&amp; wildList.indexOf(symbol) != -1): null

2019-08-24 13:11:05 - [TEST_STEP][PASSED] - if (i == 3 &amp;&amp; wildList.indexOf(symbol) != -1): null

2019-08-24 13:11:05 - [TEST_STEP][PASSED] - if (i == 4 &amp;&amp; wildList.indexOf(symbol) != -1): null

2019-08-24 13:11:05 - [TEST_STEP][PASSED] - symbols = symbols: null

2019-08-24 13:11:05 - [TEST_STEP][PASSED] - for ([j = 0, j &lt; symbols.size(), (j++)]): null

2019-08-24 13:11:05 - [TEST_STEP][PASSED] - symbol = symbol: null

2019-08-24 13:11:05 - [TEST_STEP][PASSED] - println(symbol): null

2019-08-24 13:11:05 - [TEST_STEP][PASSED] - if (i == 2 &amp;&amp; wildList.indexOf(symbol) != -1): null

2019-08-24 13:11:05 - [TEST_STEP][PASSED] - if (i == 3 &amp;&amp; wildList.indexOf(symbol) != -1): null

2019-08-24 13:11:05 - [TEST_STEP][PASSED] - if (i == 4 &amp;&amp; wildList.indexOf(symbol) != -1): null

2019-08-24 13:11:05 - [TEST_STEP][PASSED] - symbol = symbol: null

2019-08-24 13:11:05 - [TEST_STEP][PASSED] - println(symbol): null

2019-08-24 13:11:05 - [TEST_STEP][PASSED] - if (i == 2 &amp;&amp; wildList.indexOf(symbol) != -1): null

2019-08-24 13:11:05 - [TEST_STEP][PASSED] - if (i == 3 &amp;&amp; wildList.indexOf(symbol) != -1): null

2019-08-24 13:11:05 - [TEST_STEP][PASSED] - if (i == 4 &amp;&amp; wildList.indexOf(symbol) != -1): null

2019-08-24 13:11:05 - [TEST_STEP][PASSED] - symbol = symbol: null

2019-08-24 13:11:05 - [TEST_STEP][PASSED] - println(symbol): null

2019-08-24 13:11:05 - [TEST_STEP][PASSED] - if (i == 2 &amp;&amp; wildList.indexOf(symbol) != -1): null

2019-08-24 13:11:05 - [TEST_STEP][PASSED] - if (i == 3 &amp;&amp; wildList.indexOf(symbol) != -1): null

2019-08-24 13:11:05 - [TEST_STEP][PASSED] - if (i == 4 &amp;&amp; wildList.indexOf(symbol) != -1): null

2019-08-24 13:11:05 - [TEST_STEP][PASSED] - symbols = symbols: null

2019-08-24 13:11:05 - [TEST_STEP][PASSED] - for ([j = 0, j &lt; symbols.size(), (j++)]): null

2019-08-24 13:11:05 - [TEST_STEP][PASSED] - symbol = symbol: null

2019-08-24 13:11:05 - [TEST_STEP][PASSED] - println(symbol): null

2019-08-24 13:11:05 - [TEST_STEP][PASSED] - if (i == 2 &amp;&amp; wildList.indexOf(symbol) != -1): null

2019-08-24 13:11:05 - [TEST_STEP][PASSED] - if (i == 3 &amp;&amp; wildList.indexOf(symbol) != -1): null

2019-08-24 13:11:05 - [TEST_STEP][PASSED] - if (i == 4 &amp;&amp; wildList.indexOf(symbol) != -1): null

2019-08-24 13:11:05 - [TEST_STEP][PASSED] - symbol = symbol: null

2019-08-24 13:11:05 - [TEST_STEP][PASSED] - println(symbol): null

2019-08-24 13:11:05 - [TEST_STEP][PASSED] - if (i == 2 &amp;&amp; wildList.indexOf(symbol) != -1): null

2019-08-24 13:11:05 - [TEST_STEP][PASSED] - if (i == 3 &amp;&amp; wildList.indexOf(symbol) != -1): null

2019-08-24 13:11:05 - [TEST_STEP][PASSED] - if (i == 4 &amp;&amp; wildList.indexOf(symbol) != -1): null

2019-08-24 13:11:05 - [TEST_STEP][PASSED] - symbol = symbol: null

2019-08-24 13:11:05 - [TEST_STEP][PASSED] - println(symbol): null

2019-08-24 13:11:05 - [TEST_STEP][PASSED] - if (i == 2 &amp;&amp; wildList.indexOf(symbol) != -1): null

2019-08-24 13:11:05 - [TEST_STEP][PASSED] - if (i == 3 &amp;&amp; wildList.indexOf(symbol) != -1): null

2019-08-24 13:11:05 - [TEST_STEP][PASSED] - if (i == 4 &amp;&amp; wildList.indexOf(symbol) != -1): null

2019-08-24 13:11:05 - [TEST_STEP][PASSED] - symbols = symbols: null

2019-08-24 13:11:05 - [TEST_STEP][PASSED] - for ([j = 0, j &lt; symbols.size(), (j++)]): null

2019-08-24 13:11:05 - [TEST_STEP][PASSED] - symbol = symbol: null

2019-08-24 13:11:05 - [TEST_STEP][PASSED] - println(symbol): null

2019-08-24 13:11:05 - [TEST_STEP][PASSED] - if (i == 2 &amp;&amp; wildList.indexOf(symbol) != -1): null

2019-08-24 13:11:05 - [TEST_STEP][PASSED] - if (i == 3 &amp;&amp; wildList.indexOf(symbol) != -1): null

2019-08-24 13:11:05 - [TEST_STEP][PASSED] - if (i == 4 &amp;&amp; wildList.indexOf(symbol) != -1): null

2019-08-24 13:11:05 - [TEST_STEP][PASSED] - symbol = symbol: null

2019-08-24 13:11:05 - [TEST_STEP][PASSED] - println(symbol): null

2019-08-24 13:11:05 - [TEST_STEP][PASSED] - if (i == 2 &amp;&amp; wildList.indexOf(symbol) != -1): null

2019-08-24 13:11:06 - [TEST_STEP][PASSED] - if (i == 3 &amp;&amp; wildList.indexOf(symbol) != -1): null

2019-08-24 13:11:06 - [TEST_STEP][PASSED] - if (i == 4 &amp;&amp; wildList.indexOf(symbol) != -1): null

2019-08-24 13:11:06 - [TEST_STEP][PASSED] - println("wild found on reel 5, adding counter by 1"): null

2019-08-24 13:11:06 - [TEST_STEP][PASSED] - free_spin_reel_counter[2] = free_spin_reel_counter[2] + 1: null

2019-08-24 13:11:06 - [TEST_STEP][PASSED] - symbol = symbol: null

2019-08-24 13:11:06 - [TEST_STEP][PASSED] - println(symbol): null

2019-08-24 13:11:06 - [TEST_STEP][PASSED] - if (i == 2 &amp;&amp; wildList.indexOf(symbol) != -1): null

2019-08-24 13:11:06 - [TEST_STEP][PASSED] - if (i == 3 &amp;&amp; wildList.indexOf(symbol) != -1): null

2019-08-24 13:11:06 - [TEST_STEP][PASSED] - if (i == 4 &amp;&amp; wildList.indexOf(symbol) != -1): null

2019-08-24 13:11:06 - [TEST_STEP][PASSED] - free_spin_reel_counter = free_spin_reel_counter: null

2019-08-24 13:11:06 - [TEST_STEP][PASSED] - println("reel 3 wild found: " + free_spin_reel_counter[0]): null

2019-08-24 13:11:06 - [TEST_STEP][PASSED] - println("reel 4 wild found: " + free_spin_reel_counter[1]): null

2019-08-24 13:11:06 - [TEST_STEP][PASSED] - println("reel 5 wild found: " + free_spin_reel_counter[2]): null

2019-08-24 13:11:06 - [TEST_STEP][PASSED] - M4_spin_reels = M4_spin_reels: null

2019-08-24 13:11:06 - [TEST_STEP][PASSED] - M4_spin_reels_symbols = symbol: null

2019-08-24 13:11:06 - [TEST_STEP][PASSED] - M4_spin_reels_symbols = M4_spin_reels_symbols: null

2019-08-24 13:11:06 - [TEST_STEP][PASSED] - M4_spin_reel_wins = reel_wins: null

2019-08-24 13:11:06 - [TEST_STEP][PASSED] - M4_spin_reel_wins = M4_spin_reel_wins: null

2019-08-24 13:11:09 - [TEST_STEP][PASSED] - println("GlobalVariable.M4_spin_reel_wins is: " + M4_spin_reel_wins): null

2019-08-24 13:11:09 - [TEST_STEP][PASSED] - M4_spin_total_bonus_win_this_round = total_bonus_win_this_round: null

2019-08-24 13:11:09 - [TEST_STEP][PASSED] - M4_spin_total_bonus_win_this_round = M4_spin_total_bonus_win_this_round: null

2019-08-24 13:11:09 - [TEST_STEP][PASSED] - println("GlobalVariable.M4_spin_total_bonus_win_this_round is: " + M4_spin_total_bonus_win_this_round): null

2019-08-24 13:11:09 - [TEST_STEP][PASSED] - M4_spin_bonus_spin_result = spin_result: null

2019-08-24 13:11:09 - [TEST_STEP][PASSED] - M4_spin_bonus_spin_result = M4_spin_bonus_spin_result: null

2019-08-24 13:11:09 - [MESSAGE][PASSED] - Verify response successfully

2019-08-24 13:11:09 - [MESSAGE][PASSED] - Send request and verify the response successfully

2019-08-24 13:11:09 - [TEST_STEP][PASSED] - if (M4_total_bonus_spins_int != 0 &amp;&amp; M4_spin_reels_symbols[2].contains("WILD_Expanding")): null

2019-08-24 13:11:15 - [TEST_STEP][PASSED] - free_spin_reel_counter = free_spin_reel_counter: null

2019-08-24 13:11:15 - [TEST_STEP][PASSED] - M4_spin_reels_symbols = M4_spin_reels_symbols: null

2019-08-24 13:11:15 - [TEST_STEP][PASSED] - M4_total_bonus_spins = M4_total_bonus_spins: null

2019-08-24 13:11:15 - [TEST_STEP][PASSED] - spin_result = sendRequestAndVerify(findTestObject("INT/RGS(M4)/1_M4_spin", ["M4_login_user_id":M4_login_user_id, "rgs_session_token":rgs_session_token, "partner":Partner])): Send request and verify the response successfully

2019-08-24 13:11:15 - [MESSAGE][INFO] - HAR: /Users/eiralee/Katalon_Script/SuperWild/Reports/20190824_125957/INT/superWild_5/20190824_125957/requests/main/199.har

2019-08-24 13:11:15 - [TEST_CASE][PASSED] - Start Test Case : Verification: Verification accomplished successfully

2019-08-24 13:11:15 - [TEST_STEP][PASSED] - request = getInstance().getCurrentRequest(): null

2019-08-24 13:11:20 - [TEST_STEP][PASSED] - response = getInstance().getCurrentResponse(): null

2019-08-24 13:11:20 - [TEST_STEP][PASSED] - verifyResponseStatusCode(response, 200): Verify response status code successfully

2019-08-24 13:11:20 - [MESSAGE][PASSED] - Verify response status code successfully

2019-08-24 13:11:20 - [TEST_STEP][PASSED] - getStatusCode()).isEqualTo(200): null

2019-08-24 13:11:20 - [TEST_STEP][PASSED] - newline = System.getProperty("line.separator"): null

2019-08-24 13:11:20 - [TEST_STEP][PASSED] - M4_spin = new groovy.json.JsonSlurper(): null

2019-08-24 13:11:20 - [TEST_STEP][PASSED] - result_M4_spin = M4_spin.parseText(response.getResponseBodyContent()): null

2019-08-24 13:11:20 - [TEST_STEP][PASSED] - M4_spin_current_balance = current_balance: null

2019-08-24 13:11:20 - [TEST_STEP][PASSED] - M4_spin_current_balance = M4_spin_current_balance: null

2019-08-24 13:11:20 - [TEST_STEP][PASSED] - M4_spin_transaction_id = causality: null

2019-08-24 13:11:20 - [TEST_STEP][PASSED] - M4_spin_transaction_id = M4_spin_transaction_id: null

2019-08-24 13:11:20 - [TEST_STEP][PASSED] - M4_spin_round_id = round_id: null

2019-08-24 13:11:20 - [TEST_STEP][PASSED] - M4_spin_round_id = M4_spin_round_id: null

2019-08-24 13:11:20 - [TEST_STEP][PASSED] - M4_spin_line_wins = line_wins: null

2019-08-24 13:11:20 - [TEST_STEP][PASSED] - M4_spin_line_wins = M4_spin_line_wins: null

2019-08-24 13:11:20 - [TEST_STEP][PASSED] - M4_total_bonus_spins_int = total_bonus_spins: null

2019-08-24 13:11:20 - [TEST_STEP][PASSED] - println("******M4_total_bonus_spins type is:*******" + newline + getClass().getName()): null

2019-08-24 13:11:20 - [TEST_STEP][PASSED] - M4_total_bonus_spins_int = M4_total_bonus_spins_int: null

2019-08-24 13:11:20 - [TEST_STEP][PASSED] - M4_total_bonus_spins = Integer.toString(M4_total_bonus_spins_int): null

2019-08-24 13:11:20 - [TEST_STEP][PASSED] - M4_total_bonus_spins = M4_total_bonus_spins: null

2019-08-24 13:11:20 - [TEST_STEP][PASSED] - println("M4_total_bonus_spins is:" + M4_total_bonus_spins): null

2019-08-24 13:11:20 - [TEST_STEP][PASSED] - M4_spin_bonus_data = bonus_data: null

2019-08-24 13:11:20 - [TEST_STEP][PASSED] - M4_spin_features_triggered = result_M4_spin: null

2019-08-24 13:11:20 - [TEST_STEP][PASSED] - wild = []: null

2019-08-24 13:11:20 - [TEST_STEP][PASSED] - wild[0] = "WILD_Expanding": null

2019-08-24 13:11:20 - [TEST_STEP][PASSED] - wild[1] = "WILD_Normal": null

2019-08-24 13:11:20 - [TEST_STEP][PASSED] - wild[2] = "WILD_Double": null

2019-08-24 13:11:20 - [TEST_STEP][PASSED] - wild[3] = "WILD_ExtraFG": null

2019-08-24 13:11:20 - [TEST_STEP][PASSED] - wild[4] = "WILD_Triple": null

2019-08-24 13:11:20 - [TEST_STEP][PASSED] - wildList = Arrays.asList(wild): null

2019-08-24 13:11:20 - [TEST_STEP][PASSED] - wildList = wildList: null

2019-08-24 13:11:20 - [TEST_STEP][PASSED] - free_spin_reel_counter = []: null

2019-08-24 13:11:20 - [TEST_STEP][PASSED] - free_spin_reel_counter[0] = 0: null

2019-08-24 13:11:20 - [TEST_STEP][PASSED] - free_spin_reel_counter[1] = 0: null

2019-08-24 13:11:20 - [TEST_STEP][PASSED] - free_spin_reel_counter[2] = 0: null

2019-08-24 13:11:20 - [TEST_STEP][PASSED] - M4_spin_reels = reels: null

2019-08-24 13:11:20 - [TEST_STEP][PASSED] - for ([i = 0, i &lt; M4_spin_reels.size(), (i++)]): null

2019-08-24 13:11:20 - [TEST_STEP][PASSED] - symbols = symbols: null

2019-08-24 13:11:20 - [TEST_STEP][PASSED] - for ([j = 0, j &lt; symbols.size(), (j++)]): null

2019-08-24 13:11:20 - [TEST_STEP][PASSED] - symbol = symbol: null

2019-08-24 13:11:20 - [TEST_STEP][PASSED] - println(symbol): null

2019-08-24 13:11:20 - [TEST_STEP][PASSED] - if (i == 2 &amp;&amp; wildList.indexOf(symbol) != -1): null

2019-08-24 13:11:20 - [TEST_STEP][PASSED] - if (i == 3 &amp;&amp; wildList.indexOf(symbol) != -1): null

2019-08-24 13:11:20 - [TEST_STEP][PASSED] - if (i == 4 &amp;&amp; wildList.indexOf(symbol) != -1): null

2019-08-24 13:11:20 - [TEST_STEP][PASSED] - symbol = symbol: null

2019-08-24 13:11:20 - [TEST_STEP][PASSED] - println(symbol): null

2019-08-24 13:11:20 - [TEST_STEP][PASSED] - if (i == 2 &amp;&amp; wildList.indexOf(symbol) != -1): null

2019-08-24 13:11:20 - [TEST_STEP][PASSED] - if (i == 3 &amp;&amp; wildList.indexOf(symbol) != -1): null

2019-08-24 13:11:20 - [TEST_STEP][PASSED] - if (i == 4 &amp;&amp; wildList.indexOf(symbol) != -1): null

2019-08-24 13:11:20 - [TEST_STEP][PASSED] - symbol = symbol: null

2019-08-24 13:11:20 - [TEST_STEP][PASSED] - println(symbol): null

2019-08-24 13:11:20 - [TEST_STEP][PASSED] - if (i == 2 &amp;&amp; wildList.indexOf(symbol) != -1): null

2019-08-24 13:11:20 - [TEST_STEP][PASSED] - if (i == 3 &amp;&amp; wildList.indexOf(symbol) != -1): null

2019-08-24 13:11:20 - [TEST_STEP][PASSED] - if (i == 4 &amp;&amp; wildList.indexOf(symbol) != -1): null

2019-08-24 13:11:20 - [TEST_STEP][PASSED] - symbols = symbols: null

2019-08-24 13:11:20 - [TEST_STEP][PASSED] - for ([j = 0, j &lt; symbols.size(), (j++)]): null

2019-08-24 13:11:20 - [TEST_STEP][PASSED] - symbol = symbol: null

2019-08-24 13:11:20 - [TEST_STEP][PASSED] - println(symbol): null

2019-08-24 13:11:20 - [TEST_STEP][PASSED] - if (i == 2 &amp;&amp; wildList.indexOf(symbol) != -1): null

2019-08-24 13:11:20 - [TEST_STEP][PASSED] - if (i == 3 &amp;&amp; wildList.indexOf(symbol) != -1): null

2019-08-24 13:11:20 - [TEST_STEP][PASSED] - if (i == 4 &amp;&amp; wildList.indexOf(symbol) != -1): null

2019-08-24 13:11:20 - [TEST_STEP][PASSED] - symbol = symbol: null

2019-08-24 13:11:20 - [TEST_STEP][PASSED] - println(symbol): null

2019-08-24 13:11:20 - [TEST_STEP][PASSED] - if (i == 2 &amp;&amp; wildList.indexOf(symbol) != -1): null

2019-08-24 13:11:20 - [TEST_STEP][PASSED] - if (i == 3 &amp;&amp; wildList.indexOf(symbol) != -1): null

2019-08-24 13:11:20 - [TEST_STEP][PASSED] - if (i == 4 &amp;&amp; wildList.indexOf(symbol) != -1): null

2019-08-24 13:11:20 - [TEST_STEP][PASSED] - symbol = symbol: null

2019-08-24 13:11:20 - [TEST_STEP][PASSED] - println(symbol): null

2019-08-24 13:11:20 - [TEST_STEP][PASSED] - if (i == 2 &amp;&amp; wildList.indexOf(symbol) != -1): null

2019-08-24 13:11:20 - [TEST_STEP][PASSED] - if (i == 3 &amp;&amp; wildList.indexOf(symbol) != -1): null

2019-08-24 13:11:20 - [TEST_STEP][PASSED] - if (i == 4 &amp;&amp; wildList.indexOf(symbol) != -1): null

2019-08-24 13:11:20 - [TEST_STEP][PASSED] - symbols = symbols: null

2019-08-24 13:11:20 - [TEST_STEP][PASSED] - for ([j = 0, j &lt; symbols.size(), (j++)]): null

2019-08-24 13:11:20 - [TEST_STEP][PASSED] - symbol = symbol: null

2019-08-24 13:11:20 - [TEST_STEP][PASSED] - println(symbol): null

2019-08-24 13:11:20 - [TEST_STEP][PASSED] - if (i == 2 &amp;&amp; wildList.indexOf(symbol) != -1): null

2019-08-24 13:11:20 - [TEST_STEP][PASSED] - if (i == 3 &amp;&amp; wildList.indexOf(symbol) != -1): null

2019-08-24 13:11:20 - [TEST_STEP][PASSED] - if (i == 4 &amp;&amp; wildList.indexOf(symbol) != -1): null

2019-08-24 13:11:20 - [TEST_STEP][PASSED] - symbol = symbol: null

2019-08-24 13:11:20 - [TEST_STEP][PASSED] - println(symbol): null

2019-08-24 13:11:20 - [TEST_STEP][PASSED] - if (i == 2 &amp;&amp; wildList.indexOf(symbol) != -1): null

2019-08-24 13:11:20 - [TEST_STEP][PASSED] - if (i == 3 &amp;&amp; wildList.indexOf(symbol) != -1): null

2019-08-24 13:11:20 - [TEST_STEP][PASSED] - if (i == 4 &amp;&amp; wildList.indexOf(symbol) != -1): null

2019-08-24 13:11:20 - [TEST_STEP][PASSED] - symbol = symbol: null

2019-08-24 13:11:20 - [TEST_STEP][PASSED] - println(symbol): null

2019-08-24 13:11:20 - [TEST_STEP][PASSED] - if (i == 2 &amp;&amp; wildList.indexOf(symbol) != -1): null

2019-08-24 13:11:20 - [TEST_STEP][PASSED] - if (i == 3 &amp;&amp; wildList.indexOf(symbol) != -1): null

2019-08-24 13:11:20 - [TEST_STEP][PASSED] - if (i == 4 &amp;&amp; wildList.indexOf(symbol) != -1): null

2019-08-24 13:11:20 - [TEST_STEP][PASSED] - symbols = symbols: null

2019-08-24 13:11:20 - [TEST_STEP][PASSED] - for ([j = 0, j &lt; symbols.size(), (j++)]): null

2019-08-24 13:11:20 - [TEST_STEP][PASSED] - symbol = symbol: null

2019-08-24 13:11:20 - [TEST_STEP][PASSED] - println(symbol): null

2019-08-24 13:11:20 - [TEST_STEP][PASSED] - if (i == 2 &amp;&amp; wildList.indexOf(symbol) != -1): null

2019-08-24 13:11:20 - [TEST_STEP][PASSED] - if (i == 3 &amp;&amp; wildList.indexOf(symbol) != -1): null

2019-08-24 13:11:20 - [TEST_STEP][PASSED] - if (i == 4 &amp;&amp; wildList.indexOf(symbol) != -1): null

2019-08-24 13:11:20 - [TEST_STEP][PASSED] - symbol = symbol: null

2019-08-24 13:11:20 - [TEST_STEP][PASSED] - println(symbol): null

2019-08-24 13:11:20 - [TEST_STEP][PASSED] - if (i == 2 &amp;&amp; wildList.indexOf(symbol) != -1): null

2019-08-24 13:11:20 - [TEST_STEP][PASSED] - if (i == 3 &amp;&amp; wildList.indexOf(symbol) != -1): null

2019-08-24 13:11:20 - [TEST_STEP][PASSED] - if (i == 4 &amp;&amp; wildList.indexOf(symbol) != -1): null

2019-08-24 13:11:20 - [TEST_STEP][PASSED] - symbol = symbol: null

2019-08-24 13:11:20 - [TEST_STEP][PASSED] - println(symbol): null

2019-08-24 13:11:20 - [TEST_STEP][PASSED] - if (i == 2 &amp;&amp; wildList.indexOf(symbol) != -1): null

2019-08-24 13:11:20 - [TEST_STEP][PASSED] - if (i == 3 &amp;&amp; wildList.indexOf(symbol) != -1): null

2019-08-24 13:11:20 - [TEST_STEP][PASSED] - if (i == 4 &amp;&amp; wildList.indexOf(symbol) != -1): null

2019-08-24 13:11:20 - [TEST_STEP][PASSED] - symbols = symbols: null

2019-08-24 13:11:20 - [TEST_STEP][PASSED] - for ([j = 0, j &lt; symbols.size(), (j++)]): null

2019-08-24 13:11:20 - [TEST_STEP][PASSED] - symbol = symbol: null

2019-08-24 13:11:20 - [TEST_STEP][PASSED] - println(symbol): null

2019-08-24 13:11:20 - [TEST_STEP][PASSED] - if (i == 2 &amp;&amp; wildList.indexOf(symbol) != -1): null

2019-08-24 13:11:20 - [TEST_STEP][PASSED] - if (i == 3 &amp;&amp; wildList.indexOf(symbol) != -1): null

2019-08-24 13:11:20 - [TEST_STEP][PASSED] - if (i == 4 &amp;&amp; wildList.indexOf(symbol) != -1): null

2019-08-24 13:11:20 - [TEST_STEP][PASSED] - symbol = symbol: null

2019-08-24 13:11:20 - [TEST_STEP][PASSED] - println(symbol): null

2019-08-24 13:11:20 - [TEST_STEP][PASSED] - if (i == 2 &amp;&amp; wildList.indexOf(symbol) != -1): null

2019-08-24 13:11:20 - [TEST_STEP][PASSED] - if (i == 3 &amp;&amp; wildList.indexOf(symbol) != -1): null

2019-08-24 13:11:20 - [TEST_STEP][PASSED] - if (i == 4 &amp;&amp; wildList.indexOf(symbol) != -1): null

2019-08-24 13:11:20 - [TEST_STEP][PASSED] - symbol = symbol: null

2019-08-24 13:11:20 - [TEST_STEP][PASSED] - println(symbol): null

2019-08-24 13:11:20 - [TEST_STEP][PASSED] - if (i == 2 &amp;&amp; wildList.indexOf(symbol) != -1): null

2019-08-24 13:11:20 - [TEST_STEP][PASSED] - if (i == 3 &amp;&amp; wildList.indexOf(symbol) != -1): null

2019-08-24 13:11:20 - [TEST_STEP][PASSED] - if (i == 4 &amp;&amp; wildList.indexOf(symbol) != -1): null

2019-08-24 13:11:20 - [TEST_STEP][PASSED] - free_spin_reel_counter = free_spin_reel_counter: null

2019-08-24 13:11:20 - [TEST_STEP][PASSED] - println("reel 3 wild found: " + free_spin_reel_counter[0]): null

2019-08-24 13:11:20 - [TEST_STEP][PASSED] - println("reel 4 wild found: " + free_spin_reel_counter[1]): null

2019-08-24 13:11:20 - [TEST_STEP][PASSED] - println("reel 5 wild found: " + free_spin_reel_counter[2]): null

2019-08-24 13:11:20 - [TEST_STEP][PASSED] - M4_spin_reels = M4_spin_reels: null

2019-08-24 13:11:20 - [TEST_STEP][PASSED] - M4_spin_reels_symbols = symbol: null

2019-08-24 13:11:20 - [TEST_STEP][PASSED] - M4_spin_reels_symbols = M4_spin_reels_symbols: null

2019-08-24 13:11:20 - [TEST_STEP][PASSED] - M4_spin_reel_wins = reel_wins: null

2019-08-24 13:11:20 - [TEST_STEP][PASSED] - M4_spin_reel_wins = M4_spin_reel_wins: null

2019-08-24 13:11:20 - [TEST_STEP][PASSED] - println("GlobalVariable.M4_spin_reel_wins is: " + M4_spin_reel_wins): null

2019-08-24 13:11:20 - [TEST_STEP][PASSED] - M4_spin_total_bonus_win_this_round = total_bonus_win_this_round: null

2019-08-24 13:11:20 - [TEST_STEP][PASSED] - M4_spin_total_bonus_win_this_round = M4_spin_total_bonus_win_this_round: null

2019-08-24 13:11:20 - [TEST_STEP][PASSED] - println("GlobalVariable.M4_spin_total_bonus_win_this_round is: " + M4_spin_total_bonus_win_this_round): null

2019-08-24 13:11:20 - [TEST_STEP][PASSED] - M4_spin_bonus_spin_result = spin_result: null

2019-08-24 13:11:20 - [TEST_STEP][PASSED] - M4_spin_bonus_spin_result = M4_spin_bonus_spin_result: null

2019-08-24 13:11:20 - [MESSAGE][PASSED] - Verify response successfully

2019-08-24 13:11:20 - [MESSAGE][PASSED] - Send request and verify the response successfully

2019-08-24 13:11:20 - [TEST_STEP][PASSED] - if (M4_total_bonus_spins_int != 0 &amp;&amp; M4_spin_reels_symbols[2].contains("WILD_Expanding")): null

2019-08-24 13:11:20 - [TEST_STEP][PASSED] - free_spin_reel_counter = free_spin_reel_counter: null

2019-08-24 13:11:20 - [TEST_STEP][PASSED] - M4_spin_reels_symbols = M4_spin_reels_symbols: null

2019-08-24 13:11:20 - [TEST_STEP][PASSED] - M4_total_bonus_spins = M4_total_bonus_spins: null

2019-08-24 13:11:20 - [TEST_STEP][PASSED] - spin_result = sendRequestAndVerify(findTestObject("INT/RGS(M4)/1_M4_spin", ["M4_login_user_id":M4_login_user_id, "rgs_session_token":rgs_session_token, "partner":Partner])): Send request and verify the response successfully

2019-08-24 13:11:20 - [MESSAGE][INFO] - HAR: /Users/eiralee/Katalon_Script/SuperWild/Reports/20190824_125957/INT/superWild_5/20190824_125957/requests/main/200.har

2019-08-24 13:11:20 - [TEST_CASE][PASSED] - Start Test Case : Verification: Verification accomplished successfully

2019-08-24 13:11:20 - [TEST_STEP][PASSED] - request = getInstance().getCurrentRequest(): null

2019-08-24 13:11:21 - [TEST_STEP][PASSED] - response = getInstance().getCurrentResponse(): null

2019-08-24 13:11:21 - [TEST_STEP][PASSED] - verifyResponseStatusCode(response, 200): Verify response status code successfully

2019-08-24 13:11:21 - [MESSAGE][PASSED] - Verify response status code successfully

2019-08-24 13:11:21 - [TEST_STEP][PASSED] - getStatusCode()).isEqualTo(200): null

2019-08-24 13:11:21 - [TEST_STEP][PASSED] - newline = System.getProperty("line.separator"): null

2019-08-24 13:11:21 - [TEST_STEP][PASSED] - M4_spin = new groovy.json.JsonSlurper(): null

2019-08-24 13:11:21 - [TEST_STEP][PASSED] - result_M4_spin = M4_spin.parseText(response.getResponseBodyContent()): null

2019-08-24 13:11:21 - [TEST_STEP][PASSED] - M4_spin_current_balance = current_balance: null

2019-08-24 13:11:21 - [TEST_STEP][PASSED] - M4_spin_current_balance = M4_spin_current_balance: null

2019-08-24 13:11:21 - [TEST_STEP][PASSED] - M4_spin_transaction_id = causality: null

2019-08-24 13:11:21 - [TEST_STEP][PASSED] - M4_spin_transaction_id = M4_spin_transaction_id: null

2019-08-24 13:11:21 - [TEST_STEP][PASSED] - M4_spin_round_id = round_id: null

2019-08-24 13:11:21 - [TEST_STEP][PASSED] - M4_spin_round_id = M4_spin_round_id: null

2019-08-24 13:11:21 - [TEST_STEP][PASSED] - M4_spin_line_wins = line_wins: null

2019-08-24 13:11:21 - [TEST_STEP][PASSED] - M4_spin_line_wins = M4_spin_line_wins: null

2019-08-24 13:11:21 - [TEST_STEP][PASSED] - M4_total_bonus_spins_int = total_bonus_spins: null

2019-08-24 13:11:21 - [TEST_STEP][PASSED] - println("******M4_total_bonus_spins type is:*******" + newline + getClass().getName()): null

2019-08-24 13:11:21 - [TEST_STEP][PASSED] - M4_total_bonus_spins_int = M4_total_bonus_spins_int: null

2019-08-24 13:11:21 - [TEST_STEP][PASSED] - M4_total_bonus_spins = Integer.toString(M4_total_bonus_spins_int): null

2019-08-24 13:11:21 - [TEST_STEP][PASSED] - M4_total_bonus_spins = M4_total_bonus_spins: null

2019-08-24 13:11:21 - [TEST_STEP][PASSED] - println("M4_total_bonus_spins is:" + M4_total_bonus_spins): null

2019-08-24 13:11:21 - [TEST_STEP][PASSED] - M4_spin_bonus_data = bonus_data: null

2019-08-24 13:11:21 - [TEST_STEP][PASSED] - M4_spin_features_triggered = result_M4_spin: null

2019-08-24 13:11:21 - [TEST_STEP][PASSED] - wild = []: null

2019-08-24 13:11:21 - [TEST_STEP][PASSED] - wild[0] = "WILD_Expanding": null

2019-08-24 13:11:21 - [TEST_STEP][PASSED] - wild[1] = "WILD_Normal": null

2019-08-24 13:11:21 - [TEST_STEP][PASSED] - wild[2] = "WILD_Double": null

2019-08-24 13:11:21 - [TEST_STEP][PASSED] - wild[3] = "WILD_ExtraFG": null

2019-08-24 13:11:21 - [TEST_STEP][PASSED] - wild[4] = "WILD_Triple": null

2019-08-24 13:11:21 - [TEST_STEP][PASSED] - wildList = Arrays.asList(wild): null

2019-08-24 13:11:21 - [TEST_STEP][PASSED] - wildList = wildList: null

2019-08-24 13:11:21 - [TEST_STEP][PASSED] - free_spin_reel_counter = []: null

2019-08-24 13:11:21 - [TEST_STEP][PASSED] - free_spin_reel_counter[0] = 0: null

2019-08-24 13:11:21 - [TEST_STEP][PASSED] - free_spin_reel_counter[1] = 0: null

2019-08-24 13:11:21 - [TEST_STEP][PASSED] - free_spin_reel_counter[2] = 0: null

2019-08-24 13:11:21 - [TEST_STEP][PASSED] - M4_spin_reels = reels: null

2019-08-24 13:11:21 - [TEST_STEP][PASSED] - for ([i = 0, i &lt; M4_spin_reels.size(), (i++)]): null

2019-08-24 13:11:21 - [TEST_STEP][PASSED] - symbols = symbols: null

2019-08-24 13:11:21 - [TEST_STEP][PASSED] - for ([j = 0, j &lt; symbols.size(), (j++)]): null

2019-08-24 13:11:21 - [TEST_STEP][PASSED] - symbol = symbol: null

2019-08-24 13:11:21 - [TEST_STEP][PASSED] - println(symbol): null

2019-08-24 13:11:21 - [TEST_STEP][PASSED] - if (i == 2 &amp;&amp; wildList.indexOf(symbol) != -1): null

2019-08-24 13:11:21 - [TEST_STEP][PASSED] - if (i == 3 &amp;&amp; wildList.indexOf(symbol) != -1): null

2019-08-24 13:11:21 - [TEST_STEP][PASSED] - if (i == 4 &amp;&amp; wildList.indexOf(symbol) != -1): null

2019-08-24 13:11:21 - [TEST_STEP][PASSED] - symbol = symbol: null

2019-08-24 13:11:21 - [TEST_STEP][PASSED] - println(symbol): null

2019-08-24 13:11:21 - [TEST_STEP][PASSED] - if (i == 2 &amp;&amp; wildList.indexOf(symbol) != -1): null

2019-08-24 13:11:21 - [TEST_STEP][PASSED] - if (i == 3 &amp;&amp; wildList.indexOf(symbol) != -1): null

2019-08-24 13:11:21 - [TEST_STEP][PASSED] - if (i == 4 &amp;&amp; wildList.indexOf(symbol) != -1): null

2019-08-24 13:11:21 - [TEST_STEP][PASSED] - symbol = symbol: null

2019-08-24 13:11:21 - [TEST_STEP][PASSED] - println(symbol): null

2019-08-24 13:11:21 - [TEST_STEP][PASSED] - if (i == 2 &amp;&amp; wildList.indexOf(symbol) != -1): null

2019-08-24 13:11:21 - [TEST_STEP][PASSED] - if (i == 3 &amp;&amp; wildList.indexOf(symbol) != -1): null

2019-08-24 13:11:21 - [TEST_STEP][PASSED] - if (i == 4 &amp;&amp; wildList.indexOf(symbol) != -1): null

2019-08-24 13:11:21 - [TEST_STEP][PASSED] - symbols = symbols: null

2019-08-24 13:11:21 - [TEST_STEP][PASSED] - for ([j = 0, j &lt; symbols.size(), (j++)]): null

2019-08-24 13:11:21 - [TEST_STEP][PASSED] - symbol = symbol: null

2019-08-24 13:11:21 - [TEST_STEP][PASSED] - println(symbol): null

2019-08-24 13:11:21 - [TEST_STEP][PASSED] - if (i == 2 &amp;&amp; wildList.indexOf(symbol) != -1): null

2019-08-24 13:11:21 - [TEST_STEP][PASSED] - if (i == 3 &amp;&amp; wildList.indexOf(symbol) != -1): null

2019-08-24 13:11:21 - [TEST_STEP][PASSED] - if (i == 4 &amp;&amp; wildList.indexOf(symbol) != -1): null

2019-08-24 13:11:21 - [TEST_STEP][PASSED] - symbol = symbol: null

2019-08-24 13:11:21 - [TEST_STEP][PASSED] - println(symbol): null

2019-08-24 13:11:21 - [TEST_STEP][PASSED] - if (i == 2 &amp;&amp; wildList.indexOf(symbol) != -1): null

2019-08-24 13:11:21 - [TEST_STEP][PASSED] - if (i == 3 &amp;&amp; wildList.indexOf(symbol) != -1): null

2019-08-24 13:11:21 - [TEST_STEP][PASSED] - if (i == 4 &amp;&amp; wildList.indexOf(symbol) != -1): null

2019-08-24 13:11:21 - [TEST_STEP][PASSED] - symbol = symbol: null

2019-08-24 13:11:21 - [TEST_STEP][PASSED] - println(symbol): null

2019-08-24 13:11:21 - [TEST_STEP][PASSED] - if (i == 2 &amp;&amp; wildList.indexOf(symbol) != -1): null

2019-08-24 13:11:21 - [TEST_STEP][PASSED] - if (i == 3 &amp;&amp; wildList.indexOf(symbol) != -1): null

2019-08-24 13:11:21 - [TEST_STEP][PASSED] - if (i == 4 &amp;&amp; wildList.indexOf(symbol) != -1): null

2019-08-24 13:11:21 - [TEST_STEP][PASSED] - symbols = symbols: null

2019-08-24 13:11:21 - [TEST_STEP][PASSED] - for ([j = 0, j &lt; symbols.size(), (j++)]): null

2019-08-24 13:11:21 - [TEST_STEP][PASSED] - symbol = symbol: null

2019-08-24 13:11:21 - [TEST_STEP][PASSED] - println(symbol): null

2019-08-24 13:11:21 - [TEST_STEP][PASSED] - if (i == 2 &amp;&amp; wildList.indexOf(symbol) != -1): null

2019-08-24 13:11:21 - [TEST_STEP][PASSED] - if (i == 3 &amp;&amp; wildList.indexOf(symbol) != -1): null

2019-08-24 13:11:21 - [TEST_STEP][PASSED] - if (i == 4 &amp;&amp; wildList.indexOf(symbol) != -1): null

2019-08-24 13:11:21 - [TEST_STEP][PASSED] - symbol = symbol: null

2019-08-24 13:11:21 - [TEST_STEP][PASSED] - println(symbol): null

2019-08-24 13:11:21 - [TEST_STEP][PASSED] - if (i == 2 &amp;&amp; wildList.indexOf(symbol) != -1): null

2019-08-24 13:11:21 - [TEST_STEP][PASSED] - if (i == 3 &amp;&amp; wildList.indexOf(symbol) != -1): null

2019-08-24 13:11:21 - [TEST_STEP][PASSED] - if (i == 4 &amp;&amp; wildList.indexOf(symbol) != -1): null

2019-08-24 13:11:21 - [TEST_STEP][PASSED] - symbol = symbol: null

2019-08-24 13:11:21 - [TEST_STEP][PASSED] - println(symbol): null

2019-08-24 13:11:21 - [TEST_STEP][PASSED] - if (i == 2 &amp;&amp; wildList.indexOf(symbol) != -1): null

2019-08-24 13:11:21 - [TEST_STEP][PASSED] - if (i == 3 &amp;&amp; wildList.indexOf(symbol) != -1): null

2019-08-24 13:11:21 - [TEST_STEP][PASSED] - if (i == 4 &amp;&amp; wildList.indexOf(symbol) != -1): null

2019-08-24 13:11:21 - [TEST_STEP][PASSED] - symbols = symbols: null

2019-08-24 13:11:21 - [TEST_STEP][PASSED] - for ([j = 0, j &lt; symbols.size(), (j++)]): null

2019-08-24 13:11:21 - [TEST_STEP][PASSED] - symbol = symbol: null

2019-08-24 13:11:21 - [TEST_STEP][PASSED] - println(symbol): null

2019-08-24 13:11:21 - [TEST_STEP][PASSED] - if (i == 2 &amp;&amp; wildList.indexOf(symbol) != -1): null

2019-08-24 13:11:21 - [TEST_STEP][PASSED] - if (i == 3 &amp;&amp; wildList.indexOf(symbol) != -1): null

2019-08-24 13:11:21 - [TEST_STEP][PASSED] - if (i == 4 &amp;&amp; wildList.indexOf(symbol) != -1): null

2019-08-24 13:11:21 - [TEST_STEP][PASSED] - symbol = symbol: null

2019-08-24 13:11:21 - [TEST_STEP][PASSED] - println(symbol): null

2019-08-24 13:11:21 - [TEST_STEP][PASSED] - if (i == 2 &amp;&amp; wildList.indexOf(symbol) != -1): null

2019-08-24 13:11:21 - [TEST_STEP][PASSED] - if (i == 3 &amp;&amp; wildList.indexOf(symbol) != -1): null

2019-08-24 13:11:21 - [TEST_STEP][PASSED] - println("wild found on reel 4, adding counter by 1"): null

2019-08-24 13:11:21 - [TEST_STEP][PASSED] - free_spin_reel_counter[1] = free_spin_reel_counter[1] + 1: null

2019-08-24 13:11:21 - [TEST_STEP][PASSED] - if (i == 4 &amp;&amp; wildList.indexOf(symbol) != -1): null

2019-08-24 13:11:21 - [TEST_STEP][PASSED] - symbol = symbol: null

2019-08-24 13:11:21 - [TEST_STEP][PASSED] - println(symbol): null

2019-08-24 13:11:21 - [TEST_STEP][PASSED] - if (i == 2 &amp;&amp; wildList.indexOf(symbol) != -1): null

2019-08-24 13:11:21 - [TEST_STEP][PASSED] - if (i == 3 &amp;&amp; wildList.indexOf(symbol) != -1): null

2019-08-24 13:11:21 - [TEST_STEP][PASSED] - if (i == 4 &amp;&amp; wildList.indexOf(symbol) != -1): null

2019-08-24 13:11:21 - [TEST_STEP][PASSED] - symbols = symbols: null

2019-08-24 13:11:21 - [TEST_STEP][PASSED] - for ([j = 0, j &lt; symbols.size(), (j++)]): null

2019-08-24 13:11:21 - [TEST_STEP][PASSED] - symbol = symbol: null

2019-08-24 13:11:21 - [TEST_STEP][PASSED] - println(symbol): null

2019-08-24 13:11:21 - [TEST_STEP][PASSED] - if (i == 2 &amp;&amp; wildList.indexOf(symbol) != -1): null

2019-08-24 13:11:21 - [TEST_STEP][PASSED] - if (i == 3 &amp;&amp; wildList.indexOf(symbol) != -1): null

2019-08-24 13:11:21 - [TEST_STEP][PASSED] - if (i == 4 &amp;&amp; wildList.indexOf(symbol) != -1): null

2019-08-24 13:11:21 - [TEST_STEP][PASSED] - symbol = symbol: null

2019-08-24 13:11:21 - [TEST_STEP][PASSED] - println(symbol): null

2019-08-24 13:11:21 - [TEST_STEP][PASSED] - if (i == 2 &amp;&amp; wildList.indexOf(symbol) != -1): null

2019-08-24 13:11:21 - [TEST_STEP][PASSED] - if (i == 3 &amp;&amp; wildList.indexOf(symbol) != -1): null

2019-08-24 13:11:21 - [TEST_STEP][PASSED] - if (i == 4 &amp;&amp; wildList.indexOf(symbol) != -1): null

2019-08-24 13:11:21 - [TEST_STEP][PASSED] - symbol = symbol: null

2019-08-24 13:11:21 - [TEST_STEP][PASSED] - println(symbol): null

2019-08-24 13:11:21 - [TEST_STEP][PASSED] - if (i == 2 &amp;&amp; wildList.indexOf(symbol) != -1): null

2019-08-24 13:11:21 - [TEST_STEP][PASSED] - if (i == 3 &amp;&amp; wildList.indexOf(symbol) != -1): null

2019-08-24 13:11:21 - [TEST_STEP][PASSED] - if (i == 4 &amp;&amp; wildList.indexOf(symbol) != -1): null

2019-08-24 13:11:21 - [TEST_STEP][PASSED] - free_spin_reel_counter = free_spin_reel_counter: null

2019-08-24 13:11:21 - [TEST_STEP][PASSED] - println("reel 3 wild found: " + free_spin_reel_counter[0]): null

2019-08-24 13:11:21 - [TEST_STEP][PASSED] - println("reel 4 wild found: " + free_spin_reel_counter[1]): null

2019-08-24 13:11:21 - [TEST_STEP][PASSED] - println("reel 5 wild found: " + free_spin_reel_counter[2]): null

2019-08-24 13:11:21 - [TEST_STEP][PASSED] - M4_spin_reels = M4_spin_reels: null

2019-08-24 13:11:21 - [TEST_STEP][PASSED] - M4_spin_reels_symbols = symbol: null

2019-08-24 13:11:21 - [TEST_STEP][PASSED] - M4_spin_reels_symbols = M4_spin_reels_symbols: null

2019-08-24 13:11:21 - [TEST_STEP][PASSED] - M4_spin_reel_wins = reel_wins: null

2019-08-24 13:11:21 - [TEST_STEP][PASSED] - M4_spin_reel_wins = M4_spin_reel_wins: null

2019-08-24 13:11:21 - [TEST_STEP][PASSED] - println("GlobalVariable.M4_spin_reel_wins is: " + M4_spin_reel_wins): null

2019-08-24 13:11:21 - [TEST_STEP][PASSED] - M4_spin_total_bonus_win_this_round = total_bonus_win_this_round: null

2019-08-24 13:11:21 - [TEST_STEP][PASSED] - M4_spin_total_bonus_win_this_round = M4_spin_total_bonus_win_this_round: null

2019-08-24 13:11:21 - [TEST_STEP][PASSED] - println("GlobalVariable.M4_spin_total_bonus_win_this_round is: " + M4_spin_total_bonus_win_this_round): null

2019-08-24 13:11:21 - [TEST_STEP][PASSED] - M4_spin_bonus_spin_result = spin_result: null

2019-08-24 13:11:21 - [TEST_STEP][PASSED] - M4_spin_bonus_spin_result = M4_spin_bonus_spin_result: null

2019-08-24 13:11:21 - [MESSAGE][PASSED] - Verify response successfully

2019-08-24 13:11:21 - [MESSAGE][PASSED] - Send request and verify the response successfully

2019-08-24 13:11:21 - [TEST_STEP][PASSED] - if (M4_total_bonus_spins_int != 0 &amp;&amp; M4_spin_reels_symbols[2].contains("WILD_Expanding")): null

2019-08-24 13:11:21 - [TEST_STEP][PASSED] - free_spin_reel_counter = free_spin_reel_counter: null

2019-08-24 13:11:21 - [TEST_STEP][PASSED] - M4_spin_reels_symbols = M4_spin_reels_symbols: null

2019-08-24 13:11:21 - [TEST_STEP][PASSED] - M4_total_bonus_spins = M4_total_bonus_spins: null

2019-08-24 13:11:21 - [TEST_STEP][PASSED] - spin_result = sendRequestAndVerify(findTestObject("INT/RGS(M4)/1_M4_spin", ["M4_login_user_id":M4_login_user_id, "rgs_session_token":rgs_session_token, "partner":Partner])): Send request and verify the response successfully

2019-08-24 13:11:21 - [MESSAGE][INFO] - HAR: /Users/eiralee/Katalon_Script/SuperWild/Reports/20190824_125957/INT/superWild_5/20190824_125957/requests/main/201.har

2019-08-24 13:11:21 - [TEST_CASE][PASSED] - Start Test Case : Verification: Verification accomplished successfully

2019-08-24 13:11:21 - [TEST_STEP][PASSED] - request = getInstance().getCurrentRequest(): null

2019-08-24 13:11:21 - [TEST_STEP][PASSED] - response = getInstance().getCurrentResponse(): null

2019-08-24 13:11:21 - [TEST_STEP][PASSED] - verifyResponseStatusCode(response, 200): Verify response status code successfully

2019-08-24 13:11:21 - [MESSAGE][PASSED] - Verify response status code successfully

2019-08-24 13:11:21 - [TEST_STEP][PASSED] - getStatusCode()).isEqualTo(200): null

2019-08-24 13:11:21 - [TEST_STEP][PASSED] - newline = System.getProperty("line.separator"): null

2019-08-24 13:11:21 - [TEST_STEP][PASSED] - M4_spin = new groovy.json.JsonSlurper(): null

2019-08-24 13:11:21 - [TEST_STEP][PASSED] - result_M4_spin = M4_spin.parseText(response.getResponseBodyContent()): null

2019-08-24 13:11:21 - [TEST_STEP][PASSED] - M4_spin_current_balance = current_balance: null

2019-08-24 13:11:21 - [TEST_STEP][PASSED] - M4_spin_current_balance = M4_spin_current_balance: null

2019-08-24 13:11:21 - [TEST_STEP][PASSED] - M4_spin_transaction_id = causality: null

2019-08-24 13:11:21 - [TEST_STEP][PASSED] - M4_spin_transaction_id = M4_spin_transaction_id: null

2019-08-24 13:11:21 - [TEST_STEP][PASSED] - M4_spin_round_id = round_id: null

2019-08-24 13:11:21 - [TEST_STEP][PASSED] - M4_spin_round_id = M4_spin_round_id: null

2019-08-24 13:11:21 - [TEST_STEP][PASSED] - M4_spin_line_wins = line_wins: null

2019-08-24 13:11:21 - [TEST_STEP][PASSED] - M4_spin_line_wins = M4_spin_line_wins: null

2019-08-24 13:11:21 - [TEST_STEP][PASSED] - M4_total_bonus_spins_int = total_bonus_spins: null

2019-08-24 13:11:21 - [TEST_STEP][PASSED] - println("******M4_total_bonus_spins type is:*******" + newline + getClass().getName()): null

2019-08-24 13:11:21 - [TEST_STEP][PASSED] - M4_total_bonus_spins_int = M4_total_bonus_spins_int: null

2019-08-24 13:11:21 - [TEST_STEP][PASSED] - M4_total_bonus_spins = Integer.toString(M4_total_bonus_spins_int): null

2019-08-24 13:11:21 - [TEST_STEP][PASSED] - M4_total_bonus_spins = M4_total_bonus_spins: null

2019-08-24 13:11:21 - [TEST_STEP][PASSED] - println("M4_total_bonus_spins is:" + M4_total_bonus_spins): null

2019-08-24 13:11:21 - [TEST_STEP][PASSED] - M4_spin_bonus_data = bonus_data: null

2019-08-24 13:11:21 - [TEST_STEP][PASSED] - M4_spin_features_triggered = result_M4_spin: null

2019-08-24 13:11:21 - [TEST_STEP][PASSED] - wild = []: null

2019-08-24 13:11:21 - [TEST_STEP][PASSED] - wild[0] = "WILD_Expanding": null

2019-08-24 13:11:21 - [TEST_STEP][PASSED] - wild[1] = "WILD_Normal": null

2019-08-24 13:11:21 - [TEST_STEP][PASSED] - wild[2] = "WILD_Double": null

2019-08-24 13:11:21 - [TEST_STEP][PASSED] - wild[3] = "WILD_ExtraFG": null

2019-08-24 13:11:21 - [TEST_STEP][PASSED] - wild[4] = "WILD_Triple": null

2019-08-24 13:11:21 - [TEST_STEP][PASSED] - wildList = Arrays.asList(wild): null

2019-08-24 13:11:21 - [TEST_STEP][PASSED] - wildList = wildList: null

2019-08-24 13:11:21 - [TEST_STEP][PASSED] - free_spin_reel_counter = []: null

2019-08-24 13:11:21 - [TEST_STEP][PASSED] - free_spin_reel_counter[0] = 0: null

2019-08-24 13:11:21 - [TEST_STEP][PASSED] - free_spin_reel_counter[1] = 0: null

2019-08-24 13:11:21 - [TEST_STEP][PASSED] - free_spin_reel_counter[2] = 0: null

2019-08-24 13:11:21 - [TEST_STEP][PASSED] - M4_spin_reels = reels: null

2019-08-24 13:11:21 - [TEST_STEP][PASSED] - for ([i = 0, i &lt; M4_spin_reels.size(), (i++)]): null

2019-08-24 13:11:21 - [TEST_STEP][PASSED] - symbols = symbols: null

2019-08-24 13:11:21 - [TEST_STEP][PASSED] - for ([j = 0, j &lt; symbols.size(), (j++)]): null

2019-08-24 13:11:21 - [TEST_STEP][PASSED] - symbol = symbol: null

2019-08-24 13:11:21 - [TEST_STEP][PASSED] - println(symbol): null

2019-08-24 13:11:21 - [TEST_STEP][PASSED] - if (i == 2 &amp;&amp; wildList.indexOf(symbol) != -1): null

2019-08-24 13:11:21 - [TEST_STEP][PASSED] - if (i == 3 &amp;&amp; wildList.indexOf(symbol) != -1): null

2019-08-24 13:11:21 - [TEST_STEP][PASSED] - if (i == 4 &amp;&amp; wildList.indexOf(symbol) != -1): null

2019-08-24 13:11:21 - [TEST_STEP][PASSED] - symbol = symbol: null

2019-08-24 13:11:21 - [TEST_STEP][PASSED] - println(symbol): null

2019-08-24 13:11:21 - [TEST_STEP][PASSED] - if (i == 2 &amp;&amp; wildList.indexOf(symbol) != -1): null

2019-08-24 13:11:21 - [TEST_STEP][PASSED] - if (i == 3 &amp;&amp; wildList.indexOf(symbol) != -1): null

2019-08-24 13:11:21 - [TEST_STEP][PASSED] - if (i == 4 &amp;&amp; wildList.indexOf(symbol) != -1): null

2019-08-24 13:11:21 - [TEST_STEP][PASSED] - symbol = symbol: null

2019-08-24 13:11:21 - [TEST_STEP][PASSED] - println(symbol): null

2019-08-24 13:11:21 - [TEST_STEP][PASSED] - if (i == 2 &amp;&amp; wildList.indexOf(symbol) != -1): null

2019-08-24 13:11:21 - [TEST_STEP][PASSED] - if (i == 3 &amp;&amp; wildList.indexOf(symbol) != -1): null

2019-08-24 13:11:21 - [TEST_STEP][PASSED] - if (i == 4 &amp;&amp; wildList.indexOf(symbol) != -1): null

2019-08-24 13:11:21 - [TEST_STEP][PASSED] - symbols = symbols: null

2019-08-24 13:11:21 - [TEST_STEP][PASSED] - for ([j = 0, j &lt; symbols.size(), (j++)]): null

2019-08-24 13:11:21 - [TEST_STEP][PASSED] - symbol = symbol: null

2019-08-24 13:11:21 - [TEST_STEP][PASSED] - println(symbol): null

2019-08-24 13:11:21 - [TEST_STEP][PASSED] - if (i == 2 &amp;&amp; wildList.indexOf(symbol) != -1): null

2019-08-24 13:11:21 - [TEST_STEP][PASSED] - if (i == 3 &amp;&amp; wildList.indexOf(symbol) != -1): null

2019-08-24 13:11:21 - [TEST_STEP][PASSED] - if (i == 4 &amp;&amp; wildList.indexOf(symbol) != -1): null

2019-08-24 13:11:21 - [TEST_STEP][PASSED] - symbol = symbol: null

2019-08-24 13:11:21 - [TEST_STEP][PASSED] - println(symbol): null

2019-08-24 13:11:21 - [TEST_STEP][PASSED] - if (i == 2 &amp;&amp; wildList.indexOf(symbol) != -1): null

2019-08-24 13:11:21 - [TEST_STEP][PASSED] - if (i == 3 &amp;&amp; wildList.indexOf(symbol) != -1): null

2019-08-24 13:11:21 - [TEST_STEP][PASSED] - if (i == 4 &amp;&amp; wildList.indexOf(symbol) != -1): null

2019-08-24 13:11:21 - [TEST_STEP][PASSED] - symbol = symbol: null

2019-08-24 13:11:21 - [TEST_STEP][PASSED] - println(symbol): null

2019-08-24 13:11:21 - [TEST_STEP][PASSED] - if (i == 2 &amp;&amp; wildList.indexOf(symbol) != -1): null

2019-08-24 13:11:21 - [TEST_STEP][PASSED] - if (i == 3 &amp;&amp; wildList.indexOf(symbol) != -1): null

2019-08-24 13:11:21 - [TEST_STEP][PASSED] - if (i == 4 &amp;&amp; wildList.indexOf(symbol) != -1): null

2019-08-24 13:11:21 - [TEST_STEP][PASSED] - symbols = symbols: null

2019-08-24 13:11:21 - [TEST_STEP][PASSED] - for ([j = 0, j &lt; symbols.size(), (j++)]): null

2019-08-24 13:11:21 - [TEST_STEP][PASSED] - symbol = symbol: null

2019-08-24 13:11:21 - [TEST_STEP][PASSED] - println(symbol): null

2019-08-24 13:11:21 - [TEST_STEP][PASSED] - if (i == 2 &amp;&amp; wildList.indexOf(symbol) != -1): null

2019-08-24 13:11:21 - [TEST_STEP][PASSED] - if (i == 3 &amp;&amp; wildList.indexOf(symbol) != -1): null

2019-08-24 13:11:21 - [TEST_STEP][PASSED] - if (i == 4 &amp;&amp; wildList.indexOf(symbol) != -1): null

2019-08-24 13:11:21 - [TEST_STEP][PASSED] - symbol = symbol: null

2019-08-24 13:11:21 - [TEST_STEP][PASSED] - println(symbol): null

2019-08-24 13:11:21 - [TEST_STEP][PASSED] - if (i == 2 &amp;&amp; wildList.indexOf(symbol) != -1): null

2019-08-24 13:11:21 - [TEST_STEP][PASSED] - if (i == 3 &amp;&amp; wildList.indexOf(symbol) != -1): null

2019-08-24 13:11:21 - [TEST_STEP][PASSED] - if (i == 4 &amp;&amp; wildList.indexOf(symbol) != -1): null

2019-08-24 13:11:21 - [TEST_STEP][PASSED] - symbol = symbol: null

2019-08-24 13:11:21 - [TEST_STEP][PASSED] - println(symbol): null

2019-08-24 13:11:21 - [TEST_STEP][PASSED] - if (i == 2 &amp;&amp; wildList.indexOf(symbol) != -1): null

2019-08-24 13:11:21 - [TEST_STEP][PASSED] - if (i == 3 &amp;&amp; wildList.indexOf(symbol) != -1): null

2019-08-24 13:11:21 - [TEST_STEP][PASSED] - if (i == 4 &amp;&amp; wildList.indexOf(symbol) != -1): null

2019-08-24 13:11:21 - [TEST_STEP][PASSED] - symbols = symbols: null

2019-08-24 13:11:21 - [TEST_STEP][PASSED] - for ([j = 0, j &lt; symbols.size(), (j++)]): null

2019-08-24 13:11:21 - [TEST_STEP][PASSED] - symbol = symbol: null

2019-08-24 13:11:21 - [TEST_STEP][PASSED] - println(symbol): null

2019-08-24 13:11:21 - [TEST_STEP][PASSED] - if (i == 2 &amp;&amp; wildList.indexOf(symbol) != -1): null

2019-08-24 13:11:21 - [TEST_STEP][PASSED] - if (i == 3 &amp;&amp; wildList.indexOf(symbol) != -1): null

2019-08-24 13:11:21 - [TEST_STEP][PASSED] - if (i == 4 &amp;&amp; wildList.indexOf(symbol) != -1): null

2019-08-24 13:11:21 - [TEST_STEP][PASSED] - symbol = symbol: null

2019-08-24 13:11:21 - [TEST_STEP][PASSED] - println(symbol): null

2019-08-24 13:11:21 - [TEST_STEP][PASSED] - if (i == 2 &amp;&amp; wildList.indexOf(symbol) != -1): null

2019-08-24 13:11:21 - [TEST_STEP][PASSED] - if (i == 3 &amp;&amp; wildList.indexOf(symbol) != -1): null

2019-08-24 13:11:21 - [TEST_STEP][PASSED] - if (i == 4 &amp;&amp; wildList.indexOf(symbol) != -1): null

2019-08-24 13:11:21 - [TEST_STEP][PASSED] - symbol = symbol: null

2019-08-24 13:11:21 - [TEST_STEP][PASSED] - println(symbol): null

2019-08-24 13:11:21 - [TEST_STEP][PASSED] - if (i == 2 &amp;&amp; wildList.indexOf(symbol) != -1): null

2019-08-24 13:11:21 - [TEST_STEP][PASSED] - if (i == 3 &amp;&amp; wildList.indexOf(symbol) != -1): null

2019-08-24 13:11:21 - [TEST_STEP][PASSED] - if (i == 4 &amp;&amp; wildList.indexOf(symbol) != -1): null

2019-08-24 13:11:21 - [TEST_STEP][PASSED] - symbols = symbols: null

2019-08-24 13:11:21 - [TEST_STEP][PASSED] - for ([j = 0, j &lt; symbols.size(), (j++)]): null

2019-08-24 13:11:21 - [TEST_STEP][PASSED] - symbol = symbol: null

2019-08-24 13:11:21 - [TEST_STEP][PASSED] - println(symbol): null

2019-08-24 13:11:21 - [TEST_STEP][PASSED] - if (i == 2 &amp;&amp; wildList.indexOf(symbol) != -1): null

2019-08-24 13:11:21 - [TEST_STEP][PASSED] - if (i == 3 &amp;&amp; wildList.indexOf(symbol) != -1): null

2019-08-24 13:11:21 - [TEST_STEP][PASSED] - if (i == 4 &amp;&amp; wildList.indexOf(symbol) != -1): null

2019-08-24 13:11:21 - [TEST_STEP][PASSED] - symbol = symbol: null

2019-08-24 13:11:21 - [TEST_STEP][PASSED] - println(symbol): null

2019-08-24 13:11:21 - [TEST_STEP][PASSED] - if (i == 2 &amp;&amp; wildList.indexOf(symbol) != -1): null

2019-08-24 13:11:21 - [TEST_STEP][PASSED] - if (i == 3 &amp;&amp; wildList.indexOf(symbol) != -1): null

2019-08-24 13:11:21 - [TEST_STEP][PASSED] - if (i == 4 &amp;&amp; wildList.indexOf(symbol) != -1): null

2019-08-24 13:11:21 - [TEST_STEP][PASSED] - symbol = symbol: null

2019-08-24 13:11:21 - [TEST_STEP][PASSED] - println(symbol): null

2019-08-24 13:11:21 - [TEST_STEP][PASSED] - if (i == 2 &amp;&amp; wildList.indexOf(symbol) != -1): null

2019-08-24 13:11:21 - [TEST_STEP][PASSED] - if (i == 3 &amp;&amp; wildList.indexOf(symbol) != -1): null

2019-08-24 13:11:21 - [TEST_STEP][PASSED] - if (i == 4 &amp;&amp; wildList.indexOf(symbol) != -1): null

2019-08-24 13:11:21 - [TEST_STEP][PASSED] - free_spin_reel_counter = free_spin_reel_counter: null

2019-08-24 13:11:21 - [TEST_STEP][PASSED] - println("reel 3 wild found: " + free_spin_reel_counter[0]): null

2019-08-24 13:11:21 - [TEST_STEP][PASSED] - println("reel 4 wild found: " + free_spin_reel_counter[1]): null

2019-08-24 13:11:21 - [TEST_STEP][PASSED] - println("reel 5 wild found: " + free_spin_reel_counter[2]): null

2019-08-24 13:11:21 - [TEST_STEP][PASSED] - M4_spin_reels = M4_spin_reels: null

2019-08-24 13:11:21 - [TEST_STEP][PASSED] - M4_spin_reels_symbols = symbol: null

2019-08-24 13:11:21 - [TEST_STEP][PASSED] - M4_spin_reels_symbols = M4_spin_reels_symbols: null

2019-08-24 13:11:21 - [TEST_STEP][PASSED] - M4_spin_reel_wins = reel_wins: null

2019-08-24 13:11:21 - [TEST_STEP][PASSED] - M4_spin_reel_wins = M4_spin_reel_wins: null

2019-08-24 13:11:21 - [TEST_STEP][PASSED] - println("GlobalVariable.M4_spin_reel_wins is: " + M4_spin_reel_wins): null

2019-08-24 13:11:21 - [TEST_STEP][PASSED] - M4_spin_total_bonus_win_this_round = total_bonus_win_this_round: null

2019-08-24 13:11:21 - [TEST_STEP][PASSED] - M4_spin_total_bonus_win_this_round = M4_spin_total_bonus_win_this_round: null

2019-08-24 13:11:21 - [TEST_STEP][PASSED] - println("GlobalVariable.M4_spin_total_bonus_win_this_round is: " + M4_spin_total_bonus_win_this_round): null

2019-08-24 13:11:21 - [TEST_STEP][PASSED] - M4_spin_bonus_spin_result = spin_result: null

2019-08-24 13:11:21 - [TEST_STEP][PASSED] - M4_spin_bonus_spin_result = M4_spin_bonus_spin_result: null

2019-08-24 13:11:21 - [MESSAGE][PASSED] - Verify response successfully

2019-08-24 13:11:21 - [MESSAGE][PASSED] - Send request and verify the response successfully

2019-08-24 13:11:21 - [TEST_STEP][PASSED] - if (M4_total_bonus_spins_int != 0 &amp;&amp; M4_spin_reels_symbols[2].contains("WILD_Expanding")): null

2019-08-24 13:11:21 - [TEST_STEP][PASSED] - free_spin_reel_counter = free_spin_reel_counter: null

2019-08-24 13:11:21 - [TEST_STEP][PASSED] - M4_spin_reels_symbols = M4_spin_reels_symbols: null

2019-08-24 13:11:21 - [TEST_STEP][PASSED] - M4_total_bonus_spins = M4_total_bonus_spins: null

2019-08-24 13:11:21 - [TEST_STEP][PASSED] - spin_result = sendRequestAndVerify(findTestObject("INT/RGS(M4)/1_M4_spin", ["M4_login_user_id":M4_login_user_id, "rgs_session_token":rgs_session_token, "partner":Partner])): Send request and verify the response successfully

2019-08-24 13:11:21 - [MESSAGE][INFO] - HAR: /Users/eiralee/Katalon_Script/SuperWild/Reports/20190824_125957/INT/superWild_5/20190824_125957/requests/main/202.har

2019-08-24 13:11:22 - [TEST_CASE][PASSED] - Start Test Case : Verification: Verification accomplished successfully

2019-08-24 13:11:22 - [TEST_STEP][PASSED] - request = getInstance().getCurrentRequest(): null

2019-08-24 13:11:22 - [TEST_STEP][PASSED] - response = getInstance().getCurrentResponse(): null

2019-08-24 13:11:22 - [TEST_STEP][PASSED] - verifyResponseStatusCode(response, 200): Verify response status code successfully

2019-08-24 13:11:22 - [MESSAGE][PASSED] - Verify response status code successfully

2019-08-24 13:11:22 - [TEST_STEP][PASSED] - getStatusCode()).isEqualTo(200): null

2019-08-24 13:11:22 - [TEST_STEP][PASSED] - newline = System.getProperty("line.separator"): null

2019-08-24 13:11:22 - [TEST_STEP][PASSED] - M4_spin = new groovy.json.JsonSlurper(): null

2019-08-24 13:11:22 - [TEST_STEP][PASSED] - result_M4_spin = M4_spin.parseText(response.getResponseBodyContent()): null

2019-08-24 13:11:22 - [TEST_STEP][PASSED] - M4_spin_current_balance = current_balance: null

2019-08-24 13:11:22 - [TEST_STEP][PASSED] - M4_spin_current_balance = M4_spin_current_balance: null

2019-08-24 13:11:22 - [TEST_STEP][PASSED] - M4_spin_transaction_id = causality: null

2019-08-24 13:11:22 - [TEST_STEP][PASSED] - M4_spin_transaction_id = M4_spin_transaction_id: null

2019-08-24 13:11:22 - [TEST_STEP][PASSED] - M4_spin_round_id = round_id: null

2019-08-24 13:11:22 - [TEST_STEP][PASSED] - M4_spin_round_id = M4_spin_round_id: null

2019-08-24 13:11:22 - [TEST_STEP][PASSED] - M4_spin_line_wins = line_wins: null

2019-08-24 13:11:22 - [TEST_STEP][PASSED] - M4_spin_line_wins = M4_spin_line_wins: null

2019-08-24 13:11:22 - [TEST_STEP][PASSED] - M4_total_bonus_spins_int = total_bonus_spins: null

2019-08-24 13:11:22 - [TEST_STEP][PASSED] - println("******M4_total_bonus_spins type is:*******" + newline + getClass().getName()): null

2019-08-24 13:11:22 - [TEST_STEP][PASSED] - M4_total_bonus_spins_int = M4_total_bonus_spins_int: null

2019-08-24 13:11:22 - [TEST_STEP][PASSED] - M4_total_bonus_spins = Integer.toString(M4_total_bonus_spins_int): null

2019-08-24 13:11:22 - [TEST_STEP][PASSED] - M4_total_bonus_spins = M4_total_bonus_spins: null

2019-08-24 13:11:22 - [TEST_STEP][PASSED] - println("M4_total_bonus_spins is:" + M4_total_bonus_spins): null

2019-08-24 13:11:22 - [TEST_STEP][PASSED] - M4_spin_bonus_data = bonus_data: null

2019-08-24 13:11:22 - [TEST_STEP][PASSED] - M4_spin_features_triggered = result_M4_spin: null

2019-08-24 13:11:22 - [TEST_STEP][PASSED] - wild = []: null

2019-08-24 13:11:22 - [TEST_STEP][PASSED] - wild[0] = "WILD_Expanding": null

2019-08-24 13:11:22 - [TEST_STEP][PASSED] - wild[1] = "WILD_Normal": null

2019-08-24 13:11:22 - [TEST_STEP][PASSED] - wild[2] = "WILD_Double": null

2019-08-24 13:11:22 - [TEST_STEP][PASSED] - wild[3] = "WILD_ExtraFG": null

2019-08-24 13:11:22 - [TEST_STEP][PASSED] - wild[4] = "WILD_Triple": null

2019-08-24 13:11:22 - [TEST_STEP][PASSED] - wildList = Arrays.asList(wild): null

2019-08-24 13:11:22 - [TEST_STEP][PASSED] - wildList = wildList: null

2019-08-24 13:11:22 - [TEST_STEP][PASSED] - free_spin_reel_counter = []: null

2019-08-24 13:11:22 - [TEST_STEP][PASSED] - free_spin_reel_counter[0] = 0: null

2019-08-24 13:11:22 - [TEST_STEP][PASSED] - free_spin_reel_counter[1] = 0: null

2019-08-24 13:11:22 - [TEST_STEP][PASSED] - free_spin_reel_counter[2] = 0: null

2019-08-24 13:11:22 - [TEST_STEP][PASSED] - M4_spin_reels = reels: null

2019-08-24 13:11:22 - [TEST_STEP][PASSED] - for ([i = 0, i &lt; M4_spin_reels.size(), (i++)]): null

2019-08-24 13:11:22 - [TEST_STEP][PASSED] - symbols = symbols: null

2019-08-24 13:11:22 - [TEST_STEP][PASSED] - for ([j = 0, j &lt; symbols.size(), (j++)]): null

2019-08-24 13:11:22 - [TEST_STEP][PASSED] - symbol = symbol: null

2019-08-24 13:11:22 - [TEST_STEP][PASSED] - println(symbol): null

2019-08-24 13:11:22 - [TEST_STEP][PASSED] - if (i == 2 &amp;&amp; wildList.indexOf(symbol) != -1): null

2019-08-24 13:11:22 - [TEST_STEP][PASSED] - if (i == 3 &amp;&amp; wildList.indexOf(symbol) != -1): null

2019-08-24 13:11:22 - [TEST_STEP][PASSED] - if (i == 4 &amp;&amp; wildList.indexOf(symbol) != -1): null

2019-08-24 13:11:22 - [TEST_STEP][PASSED] - symbol = symbol: null

2019-08-24 13:11:22 - [TEST_STEP][PASSED] - println(symbol): null

2019-08-24 13:11:22 - [TEST_STEP][PASSED] - if (i == 2 &amp;&amp; wildList.indexOf(symbol) != -1): null

2019-08-24 13:11:22 - [TEST_STEP][PASSED] - if (i == 3 &amp;&amp; wildList.indexOf(symbol) != -1): null

2019-08-24 13:11:22 - [TEST_STEP][PASSED] - if (i == 4 &amp;&amp; wildList.indexOf(symbol) != -1): null

2019-08-24 13:11:22 - [TEST_STEP][PASSED] - symbol = symbol: null

2019-08-24 13:11:22 - [TEST_STEP][PASSED] - println(symbol): null

2019-08-24 13:11:22 - [TEST_STEP][PASSED] - if (i == 2 &amp;&amp; wildList.indexOf(symbol) != -1): null

2019-08-24 13:11:22 - [TEST_STEP][PASSED] - if (i == 3 &amp;&amp; wildList.indexOf(symbol) != -1): null

2019-08-24 13:11:22 - [TEST_STEP][PASSED] - if (i == 4 &amp;&amp; wildList.indexOf(symbol) != -1): null

2019-08-24 13:11:22 - [TEST_STEP][PASSED] - symbols = symbols: null

2019-08-24 13:11:22 - [TEST_STEP][PASSED] - for ([j = 0, j &lt; symbols.size(), (j++)]): null

2019-08-24 13:11:22 - [TEST_STEP][PASSED] - symbol = symbol: null

2019-08-24 13:11:22 - [TEST_STEP][PASSED] - println(symbol): null

2019-08-24 13:11:22 - [TEST_STEP][PASSED] - if (i == 2 &amp;&amp; wildList.indexOf(symbol) != -1): null

2019-08-24 13:11:22 - [TEST_STEP][PASSED] - if (i == 3 &amp;&amp; wildList.indexOf(symbol) != -1): null

2019-08-24 13:11:22 - [TEST_STEP][PASSED] - if (i == 4 &amp;&amp; wildList.indexOf(symbol) != -1): null

2019-08-24 13:11:22 - [TEST_STEP][PASSED] - symbol = symbol: null

2019-08-24 13:11:22 - [TEST_STEP][PASSED] - println(symbol): null

2019-08-24 13:11:22 - [TEST_STEP][PASSED] - if (i == 2 &amp;&amp; wildList.indexOf(symbol) != -1): null

2019-08-24 13:11:22 - [TEST_STEP][PASSED] - if (i == 3 &amp;&amp; wildList.indexOf(symbol) != -1): null

2019-08-24 13:11:22 - [TEST_STEP][PASSED] - if (i == 4 &amp;&amp; wildList.indexOf(symbol) != -1): null

2019-08-24 13:11:22 - [TEST_STEP][PASSED] - symbol = symbol: null

2019-08-24 13:11:22 - [TEST_STEP][PASSED] - println(symbol): null

2019-08-24 13:11:22 - [TEST_STEP][PASSED] - if (i == 2 &amp;&amp; wildList.indexOf(symbol) != -1): null

2019-08-24 13:11:22 - [TEST_STEP][PASSED] - if (i == 3 &amp;&amp; wildList.indexOf(symbol) != -1): null

2019-08-24 13:11:22 - [TEST_STEP][PASSED] - if (i == 4 &amp;&amp; wildList.indexOf(symbol) != -1): null

2019-08-24 13:11:22 - [TEST_STEP][PASSED] - symbols = symbols: null

2019-08-24 13:11:22 - [TEST_STEP][PASSED] - for ([j = 0, j &lt; symbols.size(), (j++)]): null

2019-08-24 13:11:22 - [TEST_STEP][PASSED] - symbol = symbol: null

2019-08-24 13:11:22 - [TEST_STEP][PASSED] - println(symbol): null

2019-08-24 13:11:22 - [TEST_STEP][PASSED] - if (i == 2 &amp;&amp; wildList.indexOf(symbol) != -1): null

2019-08-24 13:11:22 - [TEST_STEP][PASSED] - if (i == 3 &amp;&amp; wildList.indexOf(symbol) != -1): null

2019-08-24 13:11:22 - [TEST_STEP][PASSED] - if (i == 4 &amp;&amp; wildList.indexOf(symbol) != -1): null

2019-08-24 13:11:22 - [TEST_STEP][PASSED] - symbol = symbol: null

2019-08-24 13:11:22 - [TEST_STEP][PASSED] - println(symbol): null

2019-08-24 13:11:22 - [TEST_STEP][PASSED] - if (i == 2 &amp;&amp; wildList.indexOf(symbol) != -1): null

2019-08-24 13:11:22 - [TEST_STEP][PASSED] - if (i == 3 &amp;&amp; wildList.indexOf(symbol) != -1): null

2019-08-24 13:11:22 - [TEST_STEP][PASSED] - if (i == 4 &amp;&amp; wildList.indexOf(symbol) != -1): null

2019-08-24 13:11:22 - [TEST_STEP][PASSED] - symbol = symbol: null

2019-08-24 13:11:22 - [TEST_STEP][PASSED] - println(symbol): null

2019-08-24 13:11:22 - [TEST_STEP][PASSED] - if (i == 2 &amp;&amp; wildList.indexOf(symbol) != -1): null

2019-08-24 13:11:22 - [TEST_STEP][PASSED] - if (i == 3 &amp;&amp; wildList.indexOf(symbol) != -1): null

2019-08-24 13:11:22 - [TEST_STEP][PASSED] - if (i == 4 &amp;&amp; wildList.indexOf(symbol) != -1): null

2019-08-24 13:11:22 - [TEST_STEP][PASSED] - symbols = symbols: null

2019-08-24 13:11:22 - [TEST_STEP][PASSED] - for ([j = 0, j &lt; symbols.size(), (j++)]): null

2019-08-24 13:11:22 - [TEST_STEP][PASSED] - symbol = symbol: null

2019-08-24 13:11:22 - [TEST_STEP][PASSED] - println(symbol): null

2019-08-24 13:11:22 - [TEST_STEP][PASSED] - if (i == 2 &amp;&amp; wildList.indexOf(symbol) != -1): null

2019-08-24 13:11:22 - [TEST_STEP][PASSED] - if (i == 3 &amp;&amp; wildList.indexOf(symbol) != -1): null

2019-08-24 13:11:22 - [TEST_STEP][PASSED] - if (i == 4 &amp;&amp; wildList.indexOf(symbol) != -1): null

2019-08-24 13:11:22 - [TEST_STEP][PASSED] - symbol = symbol: null

2019-08-24 13:11:22 - [TEST_STEP][PASSED] - println(symbol): null

2019-08-24 13:11:22 - [TEST_STEP][PASSED] - if (i == 2 &amp;&amp; wildList.indexOf(symbol) != -1): null

2019-08-24 13:11:22 - [TEST_STEP][PASSED] - if (i == 3 &amp;&amp; wildList.indexOf(symbol) != -1): null

2019-08-24 13:11:22 - [TEST_STEP][PASSED] - if (i == 4 &amp;&amp; wildList.indexOf(symbol) != -1): null

2019-08-24 13:11:22 - [TEST_STEP][PASSED] - symbol = symbol: null

2019-08-24 13:11:22 - [TEST_STEP][PASSED] - println(symbol): null

2019-08-24 13:11:22 - [TEST_STEP][PASSED] - if (i == 2 &amp;&amp; wildList.indexOf(symbol) != -1): null

2019-08-24 13:11:22 - [TEST_STEP][PASSED] - if (i == 3 &amp;&amp; wildList.indexOf(symbol) != -1): null

2019-08-24 13:11:22 - [TEST_STEP][PASSED] - if (i == 4 &amp;&amp; wildList.indexOf(symbol) != -1): null

2019-08-24 13:11:22 - [TEST_STEP][PASSED] - symbols = symbols: null

2019-08-24 13:11:22 - [TEST_STEP][PASSED] - for ([j = 0, j &lt; symbols.size(), (j++)]): null

2019-08-24 13:11:22 - [TEST_STEP][PASSED] - symbol = symbol: null

2019-08-24 13:11:22 - [TEST_STEP][PASSED] - println(symbol): null

2019-08-24 13:11:22 - [TEST_STEP][PASSED] - if (i == 2 &amp;&amp; wildList.indexOf(symbol) != -1): null

2019-08-24 13:11:22 - [TEST_STEP][PASSED] - if (i == 3 &amp;&amp; wildList.indexOf(symbol) != -1): null

2019-08-24 13:11:22 - [TEST_STEP][PASSED] - if (i == 4 &amp;&amp; wildList.indexOf(symbol) != -1): null

2019-08-24 13:11:22 - [TEST_STEP][PASSED] - symbol = symbol: null

2019-08-24 13:11:22 - [TEST_STEP][PASSED] - println(symbol): null

2019-08-24 13:11:22 - [TEST_STEP][PASSED] - if (i == 2 &amp;&amp; wildList.indexOf(symbol) != -1): null

2019-08-24 13:11:22 - [TEST_STEP][PASSED] - if (i == 3 &amp;&amp; wildList.indexOf(symbol) != -1): null

2019-08-24 13:11:22 - [TEST_STEP][PASSED] - if (i == 4 &amp;&amp; wildList.indexOf(symbol) != -1): null

2019-08-24 13:11:22 - [TEST_STEP][PASSED] - symbol = symbol: null

2019-08-24 13:11:22 - [TEST_STEP][PASSED] - println(symbol): null

2019-08-24 13:11:22 - [TEST_STEP][PASSED] - if (i == 2 &amp;&amp; wildList.indexOf(symbol) != -1): null

2019-08-24 13:11:22 - [TEST_STEP][PASSED] - if (i == 3 &amp;&amp; wildList.indexOf(symbol) != -1): null

2019-08-24 13:11:22 - [TEST_STEP][PASSED] - if (i == 4 &amp;&amp; wildList.indexOf(symbol) != -1): null

2019-08-24 13:11:22 - [TEST_STEP][PASSED] - free_spin_reel_counter = free_spin_reel_counter: null

2019-08-24 13:11:22 - [TEST_STEP][PASSED] - println("reel 3 wild found: " + free_spin_reel_counter[0]): null

2019-08-24 13:11:22 - [TEST_STEP][PASSED] - println("reel 4 wild found: " + free_spin_reel_counter[1]): null

2019-08-24 13:11:22 - [TEST_STEP][PASSED] - println("reel 5 wild found: " + free_spin_reel_counter[2]): null

2019-08-24 13:11:22 - [TEST_STEP][PASSED] - M4_spin_reels = M4_spin_reels: null

2019-08-24 13:11:22 - [TEST_STEP][PASSED] - M4_spin_reels_symbols = symbol: null

2019-08-24 13:11:22 - [TEST_STEP][PASSED] - M4_spin_reels_symbols = M4_spin_reels_symbols: null

2019-08-24 13:11:22 - [TEST_STEP][PASSED] - M4_spin_reel_wins = reel_wins: null

2019-08-24 13:11:22 - [TEST_STEP][PASSED] - M4_spin_reel_wins = M4_spin_reel_wins: null

2019-08-24 13:11:22 - [TEST_STEP][PASSED] - println("GlobalVariable.M4_spin_reel_wins is: " + M4_spin_reel_wins): null

2019-08-24 13:11:22 - [TEST_STEP][PASSED] - M4_spin_total_bonus_win_this_round = total_bonus_win_this_round: null

2019-08-24 13:11:22 - [TEST_STEP][PASSED] - M4_spin_total_bonus_win_this_round = M4_spin_total_bonus_win_this_round: null

2019-08-24 13:11:22 - [TEST_STEP][PASSED] - println("GlobalVariable.M4_spin_total_bonus_win_this_round is: " + M4_spin_total_bonus_win_this_round): null

2019-08-24 13:11:22 - [TEST_STEP][PASSED] - M4_spin_bonus_spin_result = spin_result: null

2019-08-24 13:11:22 - [TEST_STEP][PASSED] - M4_spin_bonus_spin_result = M4_spin_bonus_spin_result: null

2019-08-24 13:11:22 - [MESSAGE][PASSED] - Verify response successfully

2019-08-24 13:11:22 - [MESSAGE][PASSED] - Send request and verify the response successfully

2019-08-24 13:11:22 - [TEST_STEP][PASSED] - if (M4_total_bonus_spins_int != 0 &amp;&amp; M4_spin_reels_symbols[2].contains("WILD_Expanding")): null

2019-08-24 13:11:22 - [TEST_STEP][PASSED] - free_spin_reel_counter = free_spin_reel_counter: null

2019-08-24 13:11:22 - [TEST_STEP][PASSED] - M4_spin_reels_symbols = M4_spin_reels_symbols: null

2019-08-24 13:11:22 - [TEST_STEP][PASSED] - M4_total_bonus_spins = M4_total_bonus_spins: null

2019-08-24 13:11:22 - [TEST_STEP][PASSED] - spin_result = sendRequestAndVerify(findTestObject("INT/RGS(M4)/1_M4_spin", ["M4_login_user_id":M4_login_user_id, "rgs_session_token":rgs_session_token, "partner":Partner])): Send request and verify the response successfully

2019-08-24 13:11:22 - [MESSAGE][INFO] - HAR: /Users/eiralee/Katalon_Script/SuperWild/Reports/20190824_125957/INT/superWild_5/20190824_125957/requests/main/203.har

2019-08-24 13:11:22 - [TEST_CASE][PASSED] - Start Test Case : Verification: Verification accomplished successfully

2019-08-24 13:11:22 - [TEST_STEP][PASSED] - request = getInstance().getCurrentRequest(): null

2019-08-24 13:11:22 - [TEST_STEP][PASSED] - response = getInstance().getCurrentResponse(): null

2019-08-24 13:11:22 - [TEST_STEP][PASSED] - verifyResponseStatusCode(response, 200): Verify response status code successfully

2019-08-24 13:11:22 - [MESSAGE][PASSED] - Verify response status code successfully

2019-08-24 13:11:22 - [TEST_STEP][PASSED] - getStatusCode()).isEqualTo(200): null

2019-08-24 13:11:22 - [TEST_STEP][PASSED] - newline = System.getProperty("line.separator"): null

2019-08-24 13:11:22 - [TEST_STEP][PASSED] - M4_spin = new groovy.json.JsonSlurper(): null

2019-08-24 13:11:22 - [TEST_STEP][PASSED] - result_M4_spin = M4_spin.parseText(response.getResponseBodyContent()): null

2019-08-24 13:11:22 - [TEST_STEP][PASSED] - M4_spin_current_balance = current_balance: null

2019-08-24 13:11:22 - [TEST_STEP][PASSED] - M4_spin_current_balance = M4_spin_current_balance: null

2019-08-24 13:11:22 - [TEST_STEP][PASSED] - M4_spin_transaction_id = causality: null

2019-08-24 13:11:22 - [TEST_STEP][PASSED] - M4_spin_transaction_id = M4_spin_transaction_id: null

2019-08-24 13:11:22 - [TEST_STEP][PASSED] - M4_spin_round_id = round_id: null

2019-08-24 13:11:22 - [TEST_STEP][PASSED] - M4_spin_round_id = M4_spin_round_id: null

2019-08-24 13:11:22 - [TEST_STEP][PASSED] - M4_spin_line_wins = line_wins: null

2019-08-24 13:11:22 - [TEST_STEP][PASSED] - M4_spin_line_wins = M4_spin_line_wins: null

2019-08-24 13:11:22 - [TEST_STEP][PASSED] - M4_total_bonus_spins_int = total_bonus_spins: null

2019-08-24 13:11:22 - [TEST_STEP][PASSED] - println("******M4_total_bonus_spins type is:*******" + newline + getClass().getName()): null

2019-08-24 13:11:22 - [TEST_STEP][PASSED] - M4_total_bonus_spins_int = M4_total_bonus_spins_int: null

2019-08-24 13:11:22 - [TEST_STEP][PASSED] - M4_total_bonus_spins = Integer.toString(M4_total_bonus_spins_int): null

2019-08-24 13:11:22 - [TEST_STEP][PASSED] - M4_total_bonus_spins = M4_total_bonus_spins: null

2019-08-24 13:11:22 - [TEST_STEP][PASSED] - println("M4_total_bonus_spins is:" + M4_total_bonus_spins): null

2019-08-24 13:11:22 - [TEST_STEP][PASSED] - M4_spin_bonus_data = bonus_data: null

2019-08-24 13:11:22 - [TEST_STEP][PASSED] - M4_spin_features_triggered = result_M4_spin: null

2019-08-24 13:11:22 - [TEST_STEP][PASSED] - wild = []: null

2019-08-24 13:11:22 - [TEST_STEP][PASSED] - wild[0] = "WILD_Expanding": null

2019-08-24 13:11:22 - [TEST_STEP][PASSED] - wild[1] = "WILD_Normal": null

2019-08-24 13:11:22 - [TEST_STEP][PASSED] - wild[2] = "WILD_Double": null

2019-08-24 13:11:22 - [TEST_STEP][PASSED] - wild[3] = "WILD_ExtraFG": null

2019-08-24 13:11:22 - [TEST_STEP][PASSED] - wild[4] = "WILD_Triple": null

2019-08-24 13:11:22 - [TEST_STEP][PASSED] - wildList = Arrays.asList(wild): null

2019-08-24 13:11:22 - [TEST_STEP][PASSED] - wildList = wildList: null

2019-08-24 13:11:22 - [TEST_STEP][PASSED] - free_spin_reel_counter = []: null

2019-08-24 13:11:22 - [TEST_STEP][PASSED] - free_spin_reel_counter[0] = 0: null

2019-08-24 13:11:22 - [TEST_STEP][PASSED] - free_spin_reel_counter[1] = 0: null

2019-08-24 13:11:22 - [TEST_STEP][PASSED] - free_spin_reel_counter[2] = 0: null

2019-08-24 13:11:22 - [TEST_STEP][PASSED] - M4_spin_reels = reels: null

2019-08-24 13:11:22 - [TEST_STEP][PASSED] - for ([i = 0, i &lt; M4_spin_reels.size(), (i++)]): null

2019-08-24 13:11:22 - [TEST_STEP][PASSED] - symbols = symbols: null

2019-08-24 13:11:22 - [TEST_STEP][PASSED] - for ([j = 0, j &lt; symbols.size(), (j++)]): null

2019-08-24 13:11:22 - [TEST_STEP][PASSED] - symbol = symbol: null

2019-08-24 13:11:22 - [TEST_STEP][PASSED] - println(symbol): null

2019-08-24 13:11:22 - [TEST_STEP][PASSED] - if (i == 2 &amp;&amp; wildList.indexOf(symbol) != -1): null

2019-08-24 13:11:22 - [TEST_STEP][PASSED] - if (i == 3 &amp;&amp; wildList.indexOf(symbol) != -1): null

2019-08-24 13:11:22 - [TEST_STEP][PASSED] - if (i == 4 &amp;&amp; wildList.indexOf(symbol) != -1): null

2019-08-24 13:11:22 - [TEST_STEP][PASSED] - symbol = symbol: null

2019-08-24 13:11:22 - [TEST_STEP][PASSED] - println(symbol): null

2019-08-24 13:11:22 - [TEST_STEP][PASSED] - if (i == 2 &amp;&amp; wildList.indexOf(symbol) != -1): null

2019-08-24 13:11:22 - [TEST_STEP][PASSED] - if (i == 3 &amp;&amp; wildList.indexOf(symbol) != -1): null

2019-08-24 13:11:22 - [TEST_STEP][PASSED] - if (i == 4 &amp;&amp; wildList.indexOf(symbol) != -1): null

2019-08-24 13:11:22 - [TEST_STEP][PASSED] - symbol = symbol: null

2019-08-24 13:11:22 - [TEST_STEP][PASSED] - println(symbol): null

2019-08-24 13:11:22 - [TEST_STEP][PASSED] - if (i == 2 &amp;&amp; wildList.indexOf(symbol) != -1): null

2019-08-24 13:11:22 - [TEST_STEP][PASSED] - if (i == 3 &amp;&amp; wildList.indexOf(symbol) != -1): null

2019-08-24 13:11:22 - [TEST_STEP][PASSED] - if (i == 4 &amp;&amp; wildList.indexOf(symbol) != -1): null

2019-08-24 13:11:22 - [TEST_STEP][PASSED] - symbols = symbols: null

2019-08-24 13:11:22 - [TEST_STEP][PASSED] - for ([j = 0, j &lt; symbols.size(), (j++)]): null

2019-08-24 13:11:22 - [TEST_STEP][PASSED] - symbol = symbol: null

2019-08-24 13:11:22 - [TEST_STEP][PASSED] - println(symbol): null

2019-08-24 13:11:22 - [TEST_STEP][PASSED] - if (i == 2 &amp;&amp; wildList.indexOf(symbol) != -1): null

2019-08-24 13:11:22 - [TEST_STEP][PASSED] - if (i == 3 &amp;&amp; wildList.indexOf(symbol) != -1): null

2019-08-24 13:11:22 - [TEST_STEP][PASSED] - if (i == 4 &amp;&amp; wildList.indexOf(symbol) != -1): null

2019-08-24 13:11:22 - [TEST_STEP][PASSED] - symbol = symbol: null

2019-08-24 13:11:22 - [TEST_STEP][PASSED] - println(symbol): null

2019-08-24 13:11:22 - [TEST_STEP][PASSED] - if (i == 2 &amp;&amp; wildList.indexOf(symbol) != -1): null

2019-08-24 13:11:28 - [TEST_STEP][PASSED] - if (i == 3 &amp;&amp; wildList.indexOf(symbol) != -1): null

2019-08-24 13:11:28 - [TEST_STEP][PASSED] - if (i == 4 &amp;&amp; wildList.indexOf(symbol) != -1): null

2019-08-24 13:11:28 - [TEST_STEP][PASSED] - symbol = symbol: null

2019-08-24 13:11:28 - [TEST_STEP][PASSED] - println(symbol): null

2019-08-24 13:11:28 - [TEST_STEP][PASSED] - if (i == 2 &amp;&amp; wildList.indexOf(symbol) != -1): null

2019-08-24 13:11:28 - [TEST_STEP][PASSED] - if (i == 3 &amp;&amp; wildList.indexOf(symbol) != -1): null

2019-08-24 13:11:28 - [TEST_STEP][PASSED] - if (i == 4 &amp;&amp; wildList.indexOf(symbol) != -1): null

2019-08-24 13:11:28 - [TEST_STEP][PASSED] - symbols = symbols: null

2019-08-24 13:11:28 - [TEST_STEP][PASSED] - for ([j = 0, j &lt; symbols.size(), (j++)]): null

2019-08-24 13:11:28 - [TEST_STEP][PASSED] - symbol = symbol: null

2019-08-24 13:11:28 - [TEST_STEP][PASSED] - println(symbol): null

2019-08-24 13:11:28 - [TEST_STEP][PASSED] - if (i == 2 &amp;&amp; wildList.indexOf(symbol) != -1): null

2019-08-24 13:11:28 - [TEST_STEP][PASSED] - if (i == 3 &amp;&amp; wildList.indexOf(symbol) != -1): null

2019-08-24 13:11:28 - [TEST_STEP][PASSED] - if (i == 4 &amp;&amp; wildList.indexOf(symbol) != -1): null

2019-08-24 13:11:28 - [TEST_STEP][PASSED] - symbol = symbol: null

2019-08-24 13:11:28 - [TEST_STEP][PASSED] - println(symbol): null

2019-08-24 13:11:28 - [TEST_STEP][PASSED] - if (i == 2 &amp;&amp; wildList.indexOf(symbol) != -1): null

2019-08-24 13:11:28 - [TEST_STEP][PASSED] - if (i == 3 &amp;&amp; wildList.indexOf(symbol) != -1): null

2019-08-24 13:11:28 - [TEST_STEP][PASSED] - if (i == 4 &amp;&amp; wildList.indexOf(symbol) != -1): null

2019-08-24 13:11:28 - [TEST_STEP][PASSED] - symbol = symbol: null

2019-08-24 13:11:28 - [TEST_STEP][PASSED] - println(symbol): null

2019-08-24 13:11:28 - [TEST_STEP][PASSED] - if (i == 2 &amp;&amp; wildList.indexOf(symbol) != -1): null

2019-08-24 13:11:28 - [TEST_STEP][PASSED] - if (i == 3 &amp;&amp; wildList.indexOf(symbol) != -1): null

2019-08-24 13:11:28 - [TEST_STEP][PASSED] - if (i == 4 &amp;&amp; wildList.indexOf(symbol) != -1): null

2019-08-24 13:11:28 - [TEST_STEP][PASSED] - symbols = symbols: null

2019-08-24 13:11:28 - [TEST_STEP][PASSED] - for ([j = 0, j &lt; symbols.size(), (j++)]): null

2019-08-24 13:11:28 - [TEST_STEP][PASSED] - symbol = symbol: null

2019-08-24 13:11:28 - [TEST_STEP][PASSED] - println(symbol): null

2019-08-24 13:11:28 - [TEST_STEP][PASSED] - if (i == 2 &amp;&amp; wildList.indexOf(symbol) != -1): null

2019-08-24 13:11:28 - [TEST_STEP][PASSED] - if (i == 3 &amp;&amp; wildList.indexOf(symbol) != -1): null

2019-08-24 13:11:28 - [TEST_STEP][PASSED] - println("wild found on reel 4, adding counter by 1"): null

2019-08-24 13:11:28 - [TEST_STEP][PASSED] - free_spin_reel_counter[1] = free_spin_reel_counter[1] + 1: null

2019-08-24 13:11:28 - [TEST_STEP][PASSED] - if (i == 4 &amp;&amp; wildList.indexOf(symbol) != -1): null

2019-08-24 13:11:28 - [TEST_STEP][PASSED] - symbol = symbol: null

2019-08-24 13:11:28 - [TEST_STEP][PASSED] - println(symbol): null

2019-08-24 13:11:28 - [TEST_STEP][PASSED] - if (i == 2 &amp;&amp; wildList.indexOf(symbol) != -1): null

2019-08-24 13:11:28 - [TEST_STEP][PASSED] - if (i == 3 &amp;&amp; wildList.indexOf(symbol) != -1): null

2019-08-24 13:11:28 - [TEST_STEP][PASSED] - if (i == 4 &amp;&amp; wildList.indexOf(symbol) != -1): null

2019-08-24 13:11:28 - [TEST_STEP][PASSED] - symbol = symbol: null

2019-08-24 13:11:28 - [TEST_STEP][PASSED] - println(symbol): null

2019-08-24 13:11:28 - [TEST_STEP][PASSED] - if (i == 2 &amp;&amp; wildList.indexOf(symbol) != -1): null

2019-08-24 13:11:28 - [TEST_STEP][PASSED] - if (i == 3 &amp;&amp; wildList.indexOf(symbol) != -1): null

2019-08-24 13:11:28 - [TEST_STEP][PASSED] - if (i == 4 &amp;&amp; wildList.indexOf(symbol) != -1): null

2019-08-24 13:11:28 - [TEST_STEP][PASSED] - symbols = symbols: null

2019-08-24 13:11:28 - [TEST_STEP][PASSED] - for ([j = 0, j &lt; symbols.size(), (j++)]): null

2019-08-24 13:11:28 - [TEST_STEP][PASSED] - symbol = symbol: null

2019-08-24 13:11:28 - [TEST_STEP][PASSED] - println(symbol): null

2019-08-24 13:11:28 - [TEST_STEP][PASSED] - if (i == 2 &amp;&amp; wildList.indexOf(symbol) != -1): null

2019-08-24 13:11:28 - [TEST_STEP][PASSED] - if (i == 3 &amp;&amp; wildList.indexOf(symbol) != -1): null

2019-08-24 13:11:28 - [TEST_STEP][PASSED] - if (i == 4 &amp;&amp; wildList.indexOf(symbol) != -1): null

2019-08-24 13:11:28 - [TEST_STEP][PASSED] - symbol = symbol: null

2019-08-24 13:11:28 - [TEST_STEP][PASSED] - println(symbol): null

2019-08-24 13:11:28 - [TEST_STEP][PASSED] - if (i == 2 &amp;&amp; wildList.indexOf(symbol) != -1): null

2019-08-24 13:11:28 - [TEST_STEP][PASSED] - if (i == 3 &amp;&amp; wildList.indexOf(symbol) != -1): null

2019-08-24 13:11:28 - [TEST_STEP][PASSED] - if (i == 4 &amp;&amp; wildList.indexOf(symbol) != -1): null

2019-08-24 13:11:28 - [TEST_STEP][PASSED] - symbol = symbol: null

2019-08-24 13:11:28 - [TEST_STEP][PASSED] - println(symbol): null

2019-08-24 13:11:28 - [TEST_STEP][PASSED] - if (i == 2 &amp;&amp; wildList.indexOf(symbol) != -1): null

2019-08-24 13:11:28 - [TEST_STEP][PASSED] - if (i == 3 &amp;&amp; wildList.indexOf(symbol) != -1): null

2019-08-24 13:11:28 - [TEST_STEP][PASSED] - if (i == 4 &amp;&amp; wildList.indexOf(symbol) != -1): null

2019-08-24 13:11:28 - [TEST_STEP][PASSED] - free_spin_reel_counter = free_spin_reel_counter: null

2019-08-24 13:11:28 - [TEST_STEP][PASSED] - println("reel 3 wild found: " + free_spin_reel_counter[0]): null

2019-08-24 13:11:28 - [TEST_STEP][PASSED] - println("reel 4 wild found: " + free_spin_reel_counter[1]): null

2019-08-24 13:11:28 - [TEST_STEP][PASSED] - println("reel 5 wild found: " + free_spin_reel_counter[2]): null

2019-08-24 13:11:28 - [TEST_STEP][PASSED] - M4_spin_reels = M4_spin_reels: null

2019-08-24 13:11:28 - [TEST_STEP][PASSED] - M4_spin_reels_symbols = symbol: null

2019-08-24 13:11:28 - [TEST_STEP][PASSED] - M4_spin_reels_symbols = M4_spin_reels_symbols: null

2019-08-24 13:11:28 - [TEST_STEP][PASSED] - M4_spin_reel_wins = reel_wins: null

2019-08-24 13:11:28 - [TEST_STEP][PASSED] - M4_spin_reel_wins = M4_spin_reel_wins: null

2019-08-24 13:11:28 - [TEST_STEP][PASSED] - println("GlobalVariable.M4_spin_reel_wins is: " + M4_spin_reel_wins): null

2019-08-24 13:11:28 - [TEST_STEP][PASSED] - M4_spin_total_bonus_win_this_round = total_bonus_win_this_round: null

2019-08-24 13:11:28 - [TEST_STEP][PASSED] - M4_spin_total_bonus_win_this_round = M4_spin_total_bonus_win_this_round: null

2019-08-24 13:11:28 - [TEST_STEP][PASSED] - println("GlobalVariable.M4_spin_total_bonus_win_this_round is: " + M4_spin_total_bonus_win_this_round): null

2019-08-24 13:11:28 - [TEST_STEP][PASSED] - M4_spin_bonus_spin_result = spin_result: null

2019-08-24 13:11:28 - [TEST_STEP][PASSED] - M4_spin_bonus_spin_result = M4_spin_bonus_spin_result: null

2019-08-24 13:11:28 - [MESSAGE][PASSED] - Verify response successfully

2019-08-24 13:11:28 - [MESSAGE][PASSED] - Send request and verify the response successfully

2019-08-24 13:11:28 - [TEST_STEP][PASSED] - if (M4_total_bonus_spins_int != 0 &amp;&amp; M4_spin_reels_symbols[2].contains("WILD_Expanding")): null

2019-08-24 13:11:28 - [TEST_STEP][PASSED] - free_spin_reel_counter = free_spin_reel_counter: null

2019-08-24 13:11:28 - [TEST_STEP][PASSED] - M4_spin_reels_symbols = M4_spin_reels_symbols: null

2019-08-24 13:11:28 - [TEST_STEP][PASSED] - M4_total_bonus_spins = M4_total_bonus_spins: null

2019-08-24 13:11:28 - [TEST_STEP][PASSED] - spin_result = sendRequestAndVerify(findTestObject("INT/RGS(M4)/1_M4_spin", ["M4_login_user_id":M4_login_user_id, "rgs_session_token":rgs_session_token, "partner":Partner])): Send request and verify the response successfully

2019-08-24 13:11:28 - [MESSAGE][INFO] - HAR: /Users/eiralee/Katalon_Script/SuperWild/Reports/20190824_125957/INT/superWild_5/20190824_125957/requests/main/204.har

2019-08-24 13:11:28 - [TEST_CASE][PASSED] - Start Test Case : Verification: Verification accomplished successfully

2019-08-24 13:11:28 - [TEST_STEP][PASSED] - request = getInstance().getCurrentRequest(): null

2019-08-24 13:11:28 - [TEST_STEP][PASSED] - response = getInstance().getCurrentResponse(): null

2019-08-24 13:11:28 - [TEST_STEP][PASSED] - verifyResponseStatusCode(response, 200): Verify response status code successfully

2019-08-24 13:11:28 - [MESSAGE][PASSED] - Verify response status code successfully

2019-08-24 13:11:28 - [TEST_STEP][PASSED] - getStatusCode()).isEqualTo(200): null

2019-08-24 13:11:28 - [TEST_STEP][PASSED] - newline = System.getProperty("line.separator"): null

2019-08-24 13:11:28 - [TEST_STEP][PASSED] - M4_spin = new groovy.json.JsonSlurper(): null

2019-08-24 13:11:28 - [TEST_STEP][PASSED] - result_M4_spin = M4_spin.parseText(response.getResponseBodyContent()): null

2019-08-24 13:11:28 - [TEST_STEP][PASSED] - M4_spin_current_balance = current_balance: null

2019-08-24 13:11:28 - [TEST_STEP][PASSED] - M4_spin_current_balance = M4_spin_current_balance: null

2019-08-24 13:11:28 - [TEST_STEP][PASSED] - M4_spin_transaction_id = causality: null

2019-08-24 13:11:28 - [TEST_STEP][PASSED] - M4_spin_transaction_id = M4_spin_transaction_id: null

2019-08-24 13:11:28 - [TEST_STEP][PASSED] - M4_spin_round_id = round_id: null

2019-08-24 13:11:28 - [TEST_STEP][PASSED] - M4_spin_round_id = M4_spin_round_id: null

2019-08-24 13:11:28 - [TEST_STEP][PASSED] - M4_spin_line_wins = line_wins: null

2019-08-24 13:11:28 - [TEST_STEP][PASSED] - M4_spin_line_wins = M4_spin_line_wins: null

2019-08-24 13:11:28 - [TEST_STEP][PASSED] - M4_total_bonus_spins_int = total_bonus_spins: null

2019-08-24 13:11:28 - [TEST_STEP][PASSED] - println("******M4_total_bonus_spins type is:*******" + newline + getClass().getName()): null

2019-08-24 13:11:28 - [TEST_STEP][PASSED] - M4_total_bonus_spins_int = M4_total_bonus_spins_int: null

2019-08-24 13:11:28 - [TEST_STEP][PASSED] - M4_total_bonus_spins = Integer.toString(M4_total_bonus_spins_int): null

2019-08-24 13:11:28 - [TEST_STEP][PASSED] - M4_total_bonus_spins = M4_total_bonus_spins: null

2019-08-24 13:11:28 - [TEST_STEP][PASSED] - println("M4_total_bonus_spins is:" + M4_total_bonus_spins): null

2019-08-24 13:11:28 - [TEST_STEP][PASSED] - M4_spin_bonus_data = bonus_data: null

2019-08-24 13:11:28 - [TEST_STEP][PASSED] - M4_spin_features_triggered = result_M4_spin: null

2019-08-24 13:11:28 - [TEST_STEP][PASSED] - wild = []: null

2019-08-24 13:11:28 - [TEST_STEP][PASSED] - wild[0] = "WILD_Expanding": null

2019-08-24 13:11:28 - [TEST_STEP][PASSED] - wild[1] = "WILD_Normal": null

2019-08-24 13:11:28 - [TEST_STEP][PASSED] - wild[2] = "WILD_Double": null

2019-08-24 13:11:28 - [TEST_STEP][PASSED] - wild[3] = "WILD_ExtraFG": null

2019-08-24 13:11:28 - [TEST_STEP][PASSED] - wild[4] = "WILD_Triple": null

2019-08-24 13:11:28 - [TEST_STEP][PASSED] - wildList = Arrays.asList(wild): null

2019-08-24 13:11:28 - [TEST_STEP][PASSED] - wildList = wildList: null

2019-08-24 13:11:28 - [TEST_STEP][PASSED] - free_spin_reel_counter = []: null

2019-08-24 13:11:28 - [TEST_STEP][PASSED] - free_spin_reel_counter[0] = 0: null

2019-08-24 13:11:28 - [TEST_STEP][PASSED] - free_spin_reel_counter[1] = 0: null

2019-08-24 13:11:28 - [TEST_STEP][PASSED] - free_spin_reel_counter[2] = 0: null

2019-08-24 13:11:28 - [TEST_STEP][PASSED] - M4_spin_reels = reels: null

2019-08-24 13:11:28 - [TEST_STEP][PASSED] - for ([i = 0, i &lt; M4_spin_reels.size(), (i++)]): null

2019-08-24 13:11:28 - [TEST_STEP][PASSED] - symbols = symbols: null

2019-08-24 13:11:28 - [TEST_STEP][PASSED] - for ([j = 0, j &lt; symbols.size(), (j++)]): null

2019-08-24 13:11:28 - [TEST_STEP][PASSED] - symbol = symbol: null

2019-08-24 13:11:28 - [TEST_STEP][PASSED] - println(symbol): null

2019-08-24 13:11:28 - [TEST_STEP][PASSED] - if (i == 2 &amp;&amp; wildList.indexOf(symbol) != -1): null

2019-08-24 13:11:28 - [TEST_STEP][PASSED] - if (i == 3 &amp;&amp; wildList.indexOf(symbol) != -1): null

2019-08-24 13:11:28 - [TEST_STEP][PASSED] - if (i == 4 &amp;&amp; wildList.indexOf(symbol) != -1): null

2019-08-24 13:11:28 - [TEST_STEP][PASSED] - symbol = symbol: null

2019-08-24 13:11:28 - [TEST_STEP][PASSED] - println(symbol): null

2019-08-24 13:11:28 - [TEST_STEP][PASSED] - if (i == 2 &amp;&amp; wildList.indexOf(symbol) != -1): null

2019-08-24 13:11:28 - [TEST_STEP][PASSED] - if (i == 3 &amp;&amp; wildList.indexOf(symbol) != -1): null

2019-08-24 13:11:28 - [TEST_STEP][PASSED] - if (i == 4 &amp;&amp; wildList.indexOf(symbol) != -1): null

2019-08-24 13:11:28 - [TEST_STEP][PASSED] - symbol = symbol: null

2019-08-24 13:11:28 - [TEST_STEP][PASSED] - println(symbol): null

2019-08-24 13:11:28 - [TEST_STEP][PASSED] - if (i == 2 &amp;&amp; wildList.indexOf(symbol) != -1): null

2019-08-24 13:11:28 - [TEST_STEP][PASSED] - if (i == 3 &amp;&amp; wildList.indexOf(symbol) != -1): null

2019-08-24 13:11:28 - [TEST_STEP][PASSED] - if (i == 4 &amp;&amp; wildList.indexOf(symbol) != -1): null

2019-08-24 13:11:28 - [TEST_STEP][PASSED] - symbols = symbols: null

2019-08-24 13:11:28 - [TEST_STEP][PASSED] - for ([j = 0, j &lt; symbols.size(), (j++)]): null

2019-08-24 13:11:28 - [TEST_STEP][PASSED] - symbol = symbol: null

2019-08-24 13:11:28 - [TEST_STEP][PASSED] - println(symbol): null

2019-08-24 13:11:28 - [TEST_STEP][PASSED] - if (i == 2 &amp;&amp; wildList.indexOf(symbol) != -1): null

2019-08-24 13:11:28 - [TEST_STEP][PASSED] - if (i == 3 &amp;&amp; wildList.indexOf(symbol) != -1): null

2019-08-24 13:11:28 - [TEST_STEP][PASSED] - if (i == 4 &amp;&amp; wildList.indexOf(symbol) != -1): null

2019-08-24 13:11:28 - [TEST_STEP][PASSED] - symbol = symbol: null

2019-08-24 13:11:28 - [TEST_STEP][PASSED] - println(symbol): null

2019-08-24 13:11:28 - [TEST_STEP][PASSED] - if (i == 2 &amp;&amp; wildList.indexOf(symbol) != -1): null

2019-08-24 13:11:28 - [TEST_STEP][PASSED] - if (i == 3 &amp;&amp; wildList.indexOf(symbol) != -1): null

2019-08-24 13:11:28 - [TEST_STEP][PASSED] - if (i == 4 &amp;&amp; wildList.indexOf(symbol) != -1): null

2019-08-24 13:11:28 - [TEST_STEP][PASSED] - symbol = symbol: null

2019-08-24 13:11:28 - [TEST_STEP][PASSED] - println(symbol): null

2019-08-24 13:11:28 - [TEST_STEP][PASSED] - if (i == 2 &amp;&amp; wildList.indexOf(symbol) != -1): null

2019-08-24 13:11:28 - [TEST_STEP][PASSED] - if (i == 3 &amp;&amp; wildList.indexOf(symbol) != -1): null

2019-08-24 13:11:28 - [TEST_STEP][PASSED] - if (i == 4 &amp;&amp; wildList.indexOf(symbol) != -1): null

2019-08-24 13:11:28 - [TEST_STEP][PASSED] - symbols = symbols: null

2019-08-24 13:11:28 - [TEST_STEP][PASSED] - for ([j = 0, j &lt; symbols.size(), (j++)]): null

2019-08-24 13:11:28 - [TEST_STEP][PASSED] - symbol = symbol: null

2019-08-24 13:11:28 - [TEST_STEP][PASSED] - println(symbol): null

2019-08-24 13:11:28 - [TEST_STEP][PASSED] - if (i == 2 &amp;&amp; wildList.indexOf(symbol) != -1): null

2019-08-24 13:11:28 - [TEST_STEP][PASSED] - if (i == 3 &amp;&amp; wildList.indexOf(symbol) != -1): null

2019-08-24 13:11:28 - [TEST_STEP][PASSED] - if (i == 4 &amp;&amp; wildList.indexOf(symbol) != -1): null

2019-08-24 13:11:28 - [TEST_STEP][PASSED] - symbol = symbol: null

2019-08-24 13:11:28 - [TEST_STEP][PASSED] - println(symbol): null

2019-08-24 13:11:28 - [TEST_STEP][PASSED] - if (i == 2 &amp;&amp; wildList.indexOf(symbol) != -1): null

2019-08-24 13:11:28 - [TEST_STEP][PASSED] - if (i == 3 &amp;&amp; wildList.indexOf(symbol) != -1): null

2019-08-24 13:11:28 - [TEST_STEP][PASSED] - if (i == 4 &amp;&amp; wildList.indexOf(symbol) != -1): null

2019-08-24 13:11:28 - [TEST_STEP][PASSED] - symbol = symbol: null

2019-08-24 13:11:28 - [TEST_STEP][PASSED] - println(symbol): null

2019-08-24 13:11:28 - [TEST_STEP][PASSED] - if (i == 2 &amp;&amp; wildList.indexOf(symbol) != -1): null

2019-08-24 13:11:28 - [TEST_STEP][PASSED] - if (i == 3 &amp;&amp; wildList.indexOf(symbol) != -1): null

2019-08-24 13:11:28 - [TEST_STEP][PASSED] - if (i == 4 &amp;&amp; wildList.indexOf(symbol) != -1): null

2019-08-24 13:11:28 - [TEST_STEP][PASSED] - symbols = symbols: null

2019-08-24 13:11:28 - [TEST_STEP][PASSED] - for ([j = 0, j &lt; symbols.size(), (j++)]): null

2019-08-24 13:11:28 - [TEST_STEP][PASSED] - symbol = symbol: null

2019-08-24 13:11:28 - [TEST_STEP][PASSED] - println(symbol): null

2019-08-24 13:11:28 - [TEST_STEP][PASSED] - if (i == 2 &amp;&amp; wildList.indexOf(symbol) != -1): null

2019-08-24 13:11:28 - [TEST_STEP][PASSED] - if (i == 3 &amp;&amp; wildList.indexOf(symbol) != -1): null

2019-08-24 13:11:28 - [TEST_STEP][PASSED] - if (i == 4 &amp;&amp; wildList.indexOf(symbol) != -1): null

2019-08-24 13:11:28 - [TEST_STEP][PASSED] - symbol = symbol: null

2019-08-24 13:11:28 - [TEST_STEP][PASSED] - println(symbol): null

2019-08-24 13:11:28 - [TEST_STEP][PASSED] - if (i == 2 &amp;&amp; wildList.indexOf(symbol) != -1): null

2019-08-24 13:11:28 - [TEST_STEP][PASSED] - if (i == 3 &amp;&amp; wildList.indexOf(symbol) != -1): null

2019-08-24 13:11:28 - [TEST_STEP][PASSED] - if (i == 4 &amp;&amp; wildList.indexOf(symbol) != -1): null

2019-08-24 13:11:28 - [TEST_STEP][PASSED] - symbol = symbol: null

2019-08-24 13:11:28 - [TEST_STEP][PASSED] - println(symbol): null

2019-08-24 13:11:28 - [TEST_STEP][PASSED] - if (i == 2 &amp;&amp; wildList.indexOf(symbol) != -1): null

2019-08-24 13:11:28 - [TEST_STEP][PASSED] - if (i == 3 &amp;&amp; wildList.indexOf(symbol) != -1): null

2019-08-24 13:11:28 - [TEST_STEP][PASSED] - if (i == 4 &amp;&amp; wildList.indexOf(symbol) != -1): null

2019-08-24 13:11:28 - [TEST_STEP][PASSED] - symbols = symbols: null

2019-08-24 13:11:28 - [TEST_STEP][PASSED] - for ([j = 0, j &lt; symbols.size(), (j++)]): null

2019-08-24 13:11:28 - [TEST_STEP][PASSED] - symbol = symbol: null

2019-08-24 13:11:28 - [TEST_STEP][PASSED] - println(symbol): null

2019-08-24 13:11:28 - [TEST_STEP][PASSED] - if (i == 2 &amp;&amp; wildList.indexOf(symbol) != -1): null

2019-08-24 13:11:28 - [TEST_STEP][PASSED] - if (i == 3 &amp;&amp; wildList.indexOf(symbol) != -1): null

2019-08-24 13:11:28 - [TEST_STEP][PASSED] - if (i == 4 &amp;&amp; wildList.indexOf(symbol) != -1): null

2019-08-24 13:11:28 - [TEST_STEP][PASSED] - println("wild found on reel 5, adding counter by 1"): null

2019-08-24 13:11:28 - [TEST_STEP][PASSED] - free_spin_reel_counter[2] = free_spin_reel_counter[2] + 1: null

2019-08-24 13:11:28 - [TEST_STEP][PASSED] - symbol = symbol: null

2019-08-24 13:11:28 - [TEST_STEP][PASSED] - println(symbol): null

2019-08-24 13:11:28 - [TEST_STEP][PASSED] - if (i == 2 &amp;&amp; wildList.indexOf(symbol) != -1): null

2019-08-24 13:11:28 - [TEST_STEP][PASSED] - if (i == 3 &amp;&amp; wildList.indexOf(symbol) != -1): null

2019-08-24 13:11:28 - [TEST_STEP][PASSED] - if (i == 4 &amp;&amp; wildList.indexOf(symbol) != -1): null

2019-08-24 13:11:28 - [TEST_STEP][PASSED] - symbol = symbol: null

2019-08-24 13:11:28 - [TEST_STEP][PASSED] - println(symbol): null

2019-08-24 13:11:28 - [TEST_STEP][PASSED] - if (i == 2 &amp;&amp; wildList.indexOf(symbol) != -1): null

2019-08-24 13:11:28 - [TEST_STEP][PASSED] - if (i == 3 &amp;&amp; wildList.indexOf(symbol) != -1): null

2019-08-24 13:11:28 - [TEST_STEP][PASSED] - if (i == 4 &amp;&amp; wildList.indexOf(symbol) != -1): null

2019-08-24 13:11:28 - [TEST_STEP][PASSED] - free_spin_reel_counter = free_spin_reel_counter: null

2019-08-24 13:11:28 - [TEST_STEP][PASSED] - println("reel 3 wild found: " + free_spin_reel_counter[0]): null

2019-08-24 13:11:28 - [TEST_STEP][PASSED] - println("reel 4 wild found: " + free_spin_reel_counter[1]): null

2019-08-24 13:11:28 - [TEST_STEP][PASSED] - println("reel 5 wild found: " + free_spin_reel_counter[2]): null

2019-08-24 13:11:28 - [TEST_STEP][PASSED] - M4_spin_reels = M4_spin_reels: null

2019-08-24 13:11:28 - [TEST_STEP][PASSED] - M4_spin_reels_symbols = symbol: null

2019-08-24 13:11:28 - [TEST_STEP][PASSED] - M4_spin_reels_symbols = M4_spin_reels_symbols: null

2019-08-24 13:11:28 - [TEST_STEP][PASSED] - M4_spin_reel_wins = reel_wins: null

2019-08-24 13:11:28 - [TEST_STEP][PASSED] - M4_spin_reel_wins = M4_spin_reel_wins: null

2019-08-24 13:11:28 - [TEST_STEP][PASSED] - println("GlobalVariable.M4_spin_reel_wins is: " + M4_spin_reel_wins): null

2019-08-24 13:11:28 - [TEST_STEP][PASSED] - M4_spin_total_bonus_win_this_round = total_bonus_win_this_round: null

2019-08-24 13:11:28 - [TEST_STEP][PASSED] - M4_spin_total_bonus_win_this_round = M4_spin_total_bonus_win_this_round: null

2019-08-24 13:11:28 - [TEST_STEP][PASSED] - println("GlobalVariable.M4_spin_total_bonus_win_this_round is: " + M4_spin_total_bonus_win_this_round): null

2019-08-24 13:11:28 - [TEST_STEP][PASSED] - M4_spin_bonus_spin_result = spin_result: null

2019-08-24 13:11:28 - [TEST_STEP][PASSED] - M4_spin_bonus_spin_result = M4_spin_bonus_spin_result: null

2019-08-24 13:11:28 - [MESSAGE][PASSED] - Verify response successfully

2019-08-24 13:11:28 - [MESSAGE][PASSED] - Send request and verify the response successfully

2019-08-24 13:11:28 - [TEST_STEP][PASSED] - if (M4_total_bonus_spins_int != 0 &amp;&amp; M4_spin_reels_symbols[2].contains("WILD_Expanding")): null

2019-08-24 13:11:28 - [TEST_STEP][PASSED] - free_spin_reel_counter = free_spin_reel_counter: null

2019-08-24 13:11:28 - [TEST_STEP][PASSED] - M4_spin_reels_symbols = M4_spin_reels_symbols: null

2019-08-24 13:11:28 - [TEST_STEP][PASSED] - M4_total_bonus_spins = M4_total_bonus_spins: null

2019-08-24 13:11:28 - [TEST_STEP][PASSED] - spin_result = sendRequestAndVerify(findTestObject("INT/RGS(M4)/1_M4_spin", ["M4_login_user_id":M4_login_user_id, "rgs_session_token":rgs_session_token, "partner":Partner])): Send request and verify the response successfully

2019-08-24 13:11:29 - [MESSAGE][INFO] - HAR: /Users/eiralee/Katalon_Script/SuperWild/Reports/20190824_125957/INT/superWild_5/20190824_125957/requests/main/205.har

2019-08-24 13:11:29 - [TEST_CASE][PASSED] - Start Test Case : Verification: Verification accomplished successfully

2019-08-24 13:11:29 - [TEST_STEP][PASSED] - request = getInstance().getCurrentRequest(): null

2019-08-24 13:11:29 - [TEST_STEP][PASSED] - response = getInstance().getCurrentResponse(): null

2019-08-24 13:11:29 - [TEST_STEP][PASSED] - verifyResponseStatusCode(response, 200): Verify response status code successfully

2019-08-24 13:11:29 - [MESSAGE][PASSED] - Verify response status code successfully

2019-08-24 13:11:29 - [TEST_STEP][PASSED] - getStatusCode()).isEqualTo(200): null

2019-08-24 13:11:29 - [TEST_STEP][PASSED] - newline = System.getProperty("line.separator"): null

2019-08-24 13:11:29 - [TEST_STEP][PASSED] - M4_spin = new groovy.json.JsonSlurper(): null

2019-08-24 13:11:29 - [TEST_STEP][PASSED] - result_M4_spin = M4_spin.parseText(response.getResponseBodyContent()): null

2019-08-24 13:11:29 - [TEST_STEP][PASSED] - M4_spin_current_balance = current_balance: null

2019-08-24 13:11:29 - [TEST_STEP][PASSED] - M4_spin_current_balance = M4_spin_current_balance: null

2019-08-24 13:11:29 - [TEST_STEP][PASSED] - M4_spin_transaction_id = causality: null

2019-08-24 13:11:29 - [TEST_STEP][PASSED] - M4_spin_transaction_id = M4_spin_transaction_id: null

2019-08-24 13:11:29 - [TEST_STEP][PASSED] - M4_spin_round_id = round_id: null

2019-08-24 13:11:29 - [TEST_STEP][PASSED] - M4_spin_round_id = M4_spin_round_id: null

2019-08-24 13:11:29 - [TEST_STEP][PASSED] - M4_spin_line_wins = line_wins: null

2019-08-24 13:11:29 - [TEST_STEP][PASSED] - M4_spin_line_wins = M4_spin_line_wins: null

2019-08-24 13:11:29 - [TEST_STEP][PASSED] - M4_total_bonus_spins_int = total_bonus_spins: null

2019-08-24 13:11:29 - [TEST_STEP][PASSED] - println("******M4_total_bonus_spins type is:*******" + newline + getClass().getName()): null

2019-08-24 13:11:29 - [TEST_STEP][PASSED] - M4_total_bonus_spins_int = M4_total_bonus_spins_int: null

2019-08-24 13:11:29 - [TEST_STEP][PASSED] - M4_total_bonus_spins = Integer.toString(M4_total_bonus_spins_int): null

2019-08-24 13:11:29 - [TEST_STEP][PASSED] - M4_total_bonus_spins = M4_total_bonus_spins: null

2019-08-24 13:11:29 - [TEST_STEP][PASSED] - println("M4_total_bonus_spins is:" + M4_total_bonus_spins): null

2019-08-24 13:11:29 - [TEST_STEP][PASSED] - M4_spin_bonus_data = bonus_data: null

2019-08-24 13:11:29 - [TEST_STEP][PASSED] - M4_spin_features_triggered = result_M4_spin: null

2019-08-24 13:11:29 - [TEST_STEP][PASSED] - wild = []: null

2019-08-24 13:11:29 - [TEST_STEP][PASSED] - wild[0] = "WILD_Expanding": null

2019-08-24 13:11:29 - [TEST_STEP][PASSED] - wild[1] = "WILD_Normal": null

2019-08-24 13:11:29 - [TEST_STEP][PASSED] - wild[2] = "WILD_Double": null

2019-08-24 13:11:29 - [TEST_STEP][PASSED] - wild[3] = "WILD_ExtraFG": null

2019-08-24 13:11:29 - [TEST_STEP][PASSED] - wild[4] = "WILD_Triple": null

2019-08-24 13:11:29 - [TEST_STEP][PASSED] - wildList = Arrays.asList(wild): null

2019-08-24 13:11:29 - [TEST_STEP][PASSED] - wildList = wildList: null

2019-08-24 13:11:29 - [TEST_STEP][PASSED] - free_spin_reel_counter = []: null

2019-08-24 13:11:29 - [TEST_STEP][PASSED] - free_spin_reel_counter[0] = 0: null

2019-08-24 13:11:29 - [TEST_STEP][PASSED] - free_spin_reel_counter[1] = 0: null

2019-08-24 13:11:29 - [TEST_STEP][PASSED] - free_spin_reel_counter[2] = 0: null

2019-08-24 13:11:29 - [TEST_STEP][PASSED] - M4_spin_reels = reels: null

2019-08-24 13:11:29 - [TEST_STEP][PASSED] - for ([i = 0, i &lt; M4_spin_reels.size(), (i++)]): null

2019-08-24 13:11:29 - [TEST_STEP][PASSED] - symbols = symbols: null

2019-08-24 13:11:29 - [TEST_STEP][PASSED] - for ([j = 0, j &lt; symbols.size(), (j++)]): null

2019-08-24 13:11:29 - [TEST_STEP][PASSED] - symbol = symbol: null

2019-08-24 13:11:29 - [TEST_STEP][PASSED] - println(symbol): null

2019-08-24 13:11:29 - [TEST_STEP][PASSED] - if (i == 2 &amp;&amp; wildList.indexOf(symbol) != -1): null

2019-08-24 13:11:29 - [TEST_STEP][PASSED] - if (i == 3 &amp;&amp; wildList.indexOf(symbol) != -1): null

2019-08-24 13:11:29 - [TEST_STEP][PASSED] - if (i == 4 &amp;&amp; wildList.indexOf(symbol) != -1): null

2019-08-24 13:11:29 - [TEST_STEP][PASSED] - symbol = symbol: null

2019-08-24 13:11:29 - [TEST_STEP][PASSED] - println(symbol): null

2019-08-24 13:11:29 - [TEST_STEP][PASSED] - if (i == 2 &amp;&amp; wildList.indexOf(symbol) != -1): null

2019-08-24 13:11:29 - [TEST_STEP][PASSED] - if (i == 3 &amp;&amp; wildList.indexOf(symbol) != -1): null

2019-08-24 13:11:29 - [TEST_STEP][PASSED] - if (i == 4 &amp;&amp; wildList.indexOf(symbol) != -1): null

2019-08-24 13:11:29 - [TEST_STEP][PASSED] - symbol = symbol: null

2019-08-24 13:11:29 - [TEST_STEP][PASSED] - println(symbol): null

2019-08-24 13:11:29 - [TEST_STEP][PASSED] - if (i == 2 &amp;&amp; wildList.indexOf(symbol) != -1): null

2019-08-24 13:11:29 - [TEST_STEP][PASSED] - if (i == 3 &amp;&amp; wildList.indexOf(symbol) != -1): null

2019-08-24 13:11:29 - [TEST_STEP][PASSED] - if (i == 4 &amp;&amp; wildList.indexOf(symbol) != -1): null

2019-08-24 13:11:29 - [TEST_STEP][PASSED] - symbols = symbols: null

2019-08-24 13:11:29 - [TEST_STEP][PASSED] - for ([j = 0, j &lt; symbols.size(), (j++)]): null

2019-08-24 13:11:29 - [TEST_STEP][PASSED] - symbol = symbol: null

2019-08-24 13:11:29 - [TEST_STEP][PASSED] - println(symbol): null

2019-08-24 13:11:29 - [TEST_STEP][PASSED] - if (i == 2 &amp;&amp; wildList.indexOf(symbol) != -1): null

2019-08-24 13:11:29 - [TEST_STEP][PASSED] - if (i == 3 &amp;&amp; wildList.indexOf(symbol) != -1): null

2019-08-24 13:11:29 - [TEST_STEP][PASSED] - if (i == 4 &amp;&amp; wildList.indexOf(symbol) != -1): null

2019-08-24 13:11:29 - [TEST_STEP][PASSED] - symbol = symbol: null

2019-08-24 13:11:29 - [TEST_STEP][PASSED] - println(symbol): null

2019-08-24 13:11:29 - [TEST_STEP][PASSED] - if (i == 2 &amp;&amp; wildList.indexOf(symbol) != -1): null

2019-08-24 13:11:29 - [TEST_STEP][PASSED] - if (i == 3 &amp;&amp; wildList.indexOf(symbol) != -1): null

2019-08-24 13:11:29 - [TEST_STEP][PASSED] - if (i == 4 &amp;&amp; wildList.indexOf(symbol) != -1): null

2019-08-24 13:11:29 - [TEST_STEP][PASSED] - symbol = symbol: null

2019-08-24 13:11:29 - [TEST_STEP][PASSED] - println(symbol): null

2019-08-24 13:11:29 - [TEST_STEP][PASSED] - if (i == 2 &amp;&amp; wildList.indexOf(symbol) != -1): null

2019-08-24 13:11:29 - [TEST_STEP][PASSED] - if (i == 3 &amp;&amp; wildList.indexOf(symbol) != -1): null

2019-08-24 13:11:29 - [TEST_STEP][PASSED] - if (i == 4 &amp;&amp; wildList.indexOf(symbol) != -1): null

2019-08-24 13:11:29 - [TEST_STEP][PASSED] - symbols = symbols: null

2019-08-24 13:11:29 - [TEST_STEP][PASSED] - for ([j = 0, j &lt; symbols.size(), (j++)]): null

2019-08-24 13:11:29 - [TEST_STEP][PASSED] - symbol = symbol: null

2019-08-24 13:11:29 - [TEST_STEP][PASSED] - println(symbol): null

2019-08-24 13:11:29 - [TEST_STEP][PASSED] - if (i == 2 &amp;&amp; wildList.indexOf(symbol) != -1): null

2019-08-24 13:11:29 - [TEST_STEP][PASSED] - println("wild found on reel 3, adding counter by 1"): null

2019-08-24 13:11:29 - [TEST_STEP][PASSED] - free_spin_reel_counter[0] = free_spin_reel_counter[0] + 1: null

2019-08-24 13:11:29 - [TEST_STEP][PASSED] - if (i == 3 &amp;&amp; wildList.indexOf(symbol) != -1): null

2019-08-24 13:11:29 - [TEST_STEP][PASSED] - if (i == 4 &amp;&amp; wildList.indexOf(symbol) != -1): null

2019-08-24 13:11:29 - [TEST_STEP][PASSED] - symbol = symbol: null

2019-08-24 13:11:29 - [TEST_STEP][PASSED] - println(symbol): null

2019-08-24 13:11:29 - [TEST_STEP][PASSED] - if (i == 2 &amp;&amp; wildList.indexOf(symbol) != -1): null

2019-08-24 13:11:29 - [TEST_STEP][PASSED] - if (i == 3 &amp;&amp; wildList.indexOf(symbol) != -1): null

2019-08-24 13:11:29 - [TEST_STEP][PASSED] - if (i == 4 &amp;&amp; wildList.indexOf(symbol) != -1): null

2019-08-24 13:11:29 - [TEST_STEP][PASSED] - symbol = symbol: null

2019-08-24 13:11:29 - [TEST_STEP][PASSED] - println(symbol): null

2019-08-24 13:11:29 - [TEST_STEP][PASSED] - if (i == 2 &amp;&amp; wildList.indexOf(symbol) != -1): null

2019-08-24 13:11:29 - [TEST_STEP][PASSED] - if (i == 3 &amp;&amp; wildList.indexOf(symbol) != -1): null

2019-08-24 13:11:29 - [TEST_STEP][PASSED] - if (i == 4 &amp;&amp; wildList.indexOf(symbol) != -1): null

2019-08-24 13:11:33 - [TEST_STEP][PASSED] - symbols = symbols: null

2019-08-24 13:11:33 - [TEST_STEP][PASSED] - for ([j = 0, j &lt; symbols.size(), (j++)]): null

2019-08-24 13:11:33 - [TEST_STEP][PASSED] - symbol = symbol: null

2019-08-24 13:11:33 - [TEST_STEP][PASSED] - println(symbol): null

2019-08-24 13:11:33 - [TEST_STEP][PASSED] - if (i == 2 &amp;&amp; wildList.indexOf(symbol) != -1): null

2019-08-24 13:11:33 - [TEST_STEP][PASSED] - if (i == 3 &amp;&amp; wildList.indexOf(symbol) != -1): null

2019-08-24 13:11:33 - [TEST_STEP][PASSED] - if (i == 4 &amp;&amp; wildList.indexOf(symbol) != -1): null

2019-08-24 13:11:33 - [TEST_STEP][PASSED] - symbol = symbol: null

2019-08-24 13:11:33 - [TEST_STEP][PASSED] - println(symbol): null

2019-08-24 13:11:33 - [TEST_STEP][PASSED] - if (i == 2 &amp;&amp; wildList.indexOf(symbol) != -1): null

2019-08-24 13:11:36 - [TEST_STEP][PASSED] - if (i == 3 &amp;&amp; wildList.indexOf(symbol) != -1): null

2019-08-24 13:11:36 - [TEST_STEP][PASSED] - println("wild found on reel 4, adding counter by 1"): null

2019-08-24 13:11:36 - [TEST_STEP][PASSED] - free_spin_reel_counter[1] = free_spin_reel_counter[1] + 1: null

2019-08-24 13:11:36 - [TEST_STEP][PASSED] - if (i == 4 &amp;&amp; wildList.indexOf(symbol) != -1): null

2019-08-24 13:11:36 - [TEST_STEP][PASSED] - symbol = symbol: null

2019-08-24 13:11:36 - [TEST_STEP][PASSED] - println(symbol): null

2019-08-24 13:11:36 - [TEST_STEP][PASSED] - if (i == 2 &amp;&amp; wildList.indexOf(symbol) != -1): null

2019-08-24 13:11:36 - [TEST_STEP][PASSED] - if (i == 3 &amp;&amp; wildList.indexOf(symbol) != -1): null

2019-08-24 13:11:36 - [TEST_STEP][PASSED] - if (i == 4 &amp;&amp; wildList.indexOf(symbol) != -1): null

2019-08-24 13:11:36 - [TEST_STEP][PASSED] - symbols = symbols: null

2019-08-24 13:11:36 - [TEST_STEP][PASSED] - for ([j = 0, j &lt; symbols.size(), (j++)]): null

2019-08-24 13:11:36 - [TEST_STEP][PASSED] - symbol = symbol: null

2019-08-24 13:11:36 - [TEST_STEP][PASSED] - println(symbol): null

2019-08-24 13:11:36 - [TEST_STEP][PASSED] - if (i == 2 &amp;&amp; wildList.indexOf(symbol) != -1): null

2019-08-24 13:11:36 - [TEST_STEP][PASSED] - if (i == 3 &amp;&amp; wildList.indexOf(symbol) != -1): null

2019-08-24 13:11:36 - [TEST_STEP][PASSED] - if (i == 4 &amp;&amp; wildList.indexOf(symbol) != -1): null

2019-08-24 13:11:36 - [TEST_STEP][PASSED] - symbol = symbol: null

2019-08-24 13:11:36 - [TEST_STEP][PASSED] - println(symbol): null

2019-08-24 13:11:36 - [TEST_STEP][PASSED] - if (i == 2 &amp;&amp; wildList.indexOf(symbol) != -1): null

2019-08-24 13:11:36 - [TEST_STEP][PASSED] - if (i == 3 &amp;&amp; wildList.indexOf(symbol) != -1): null

2019-08-24 13:11:36 - [TEST_STEP][PASSED] - if (i == 4 &amp;&amp; wildList.indexOf(symbol) != -1): null

2019-08-24 13:11:36 - [TEST_STEP][PASSED] - symbol = symbol: null

2019-08-24 13:11:36 - [TEST_STEP][PASSED] - println(symbol): null

2019-08-24 13:11:36 - [TEST_STEP][PASSED] - if (i == 2 &amp;&amp; wildList.indexOf(symbol) != -1): null

2019-08-24 13:11:36 - [TEST_STEP][PASSED] - if (i == 3 &amp;&amp; wildList.indexOf(symbol) != -1): null

2019-08-24 13:11:36 - [TEST_STEP][PASSED] - if (i == 4 &amp;&amp; wildList.indexOf(symbol) != -1): null

2019-08-24 13:11:36 - [TEST_STEP][PASSED] - free_spin_reel_counter = free_spin_reel_counter: null

2019-08-24 13:11:36 - [TEST_STEP][PASSED] - println("reel 3 wild found: " + free_spin_reel_counter[0]): null

2019-08-24 13:11:36 - [TEST_STEP][PASSED] - println("reel 4 wild found: " + free_spin_reel_counter[1]): null

2019-08-24 13:11:36 - [TEST_STEP][PASSED] - println("reel 5 wild found: " + free_spin_reel_counter[2]): null

2019-08-24 13:11:36 - [TEST_STEP][PASSED] - M4_spin_reels = M4_spin_reels: null

2019-08-24 13:11:36 - [TEST_STEP][PASSED] - M4_spin_reels_symbols = symbol: null

2019-08-24 13:11:36 - [TEST_STEP][PASSED] - M4_spin_reels_symbols = M4_spin_reels_symbols: null

2019-08-24 13:11:36 - [TEST_STEP][PASSED] - M4_spin_reel_wins = reel_wins: null

2019-08-24 13:11:36 - [TEST_STEP][PASSED] - M4_spin_reel_wins = M4_spin_reel_wins: null

2019-08-24 13:11:36 - [TEST_STEP][PASSED] - println("GlobalVariable.M4_spin_reel_wins is: " + M4_spin_reel_wins): null

2019-08-24 13:11:36 - [TEST_STEP][PASSED] - M4_spin_total_bonus_win_this_round = total_bonus_win_this_round: null

2019-08-24 13:11:36 - [TEST_STEP][PASSED] - M4_spin_total_bonus_win_this_round = M4_spin_total_bonus_win_this_round: null

2019-08-24 13:11:36 - [TEST_STEP][PASSED] - println("GlobalVariable.M4_spin_total_bonus_win_this_round is: " + M4_spin_total_bonus_win_this_round): null

2019-08-24 13:11:36 - [TEST_STEP][PASSED] - M4_spin_bonus_spin_result = spin_result: null

2019-08-24 13:11:36 - [TEST_STEP][PASSED] - M4_spin_bonus_spin_result = M4_spin_bonus_spin_result: null

2019-08-24 13:11:36 - [MESSAGE][PASSED] - Verify response successfully

2019-08-24 13:11:36 - [MESSAGE][PASSED] - Send request and verify the response successfully

2019-08-24 13:11:36 - [TEST_STEP][PASSED] - if (M4_total_bonus_spins_int != 0 &amp;&amp; M4_spin_reels_symbols[2].contains("WILD_Expanding")): null

2019-08-24 13:11:36 - [TEST_STEP][PASSED] - free_spin_reel_counter = free_spin_reel_counter: null

2019-08-24 13:11:36 - [TEST_STEP][PASSED] - M4_spin_reels_symbols = M4_spin_reels_symbols: null

2019-08-24 13:11:36 - [TEST_STEP][PASSED] - M4_total_bonus_spins = M4_total_bonus_spins: null

2019-08-24 13:11:36 - [TEST_STEP][PASSED] - spin_result = sendRequestAndVerify(findTestObject("INT/RGS(M4)/1_M4_spin", ["M4_login_user_id":M4_login_user_id, "rgs_session_token":rgs_session_token, "partner":Partner])): Send request and verify the response successfully

2019-08-24 13:11:36 - [MESSAGE][INFO] - HAR: /Users/eiralee/Katalon_Script/SuperWild/Reports/20190824_125957/INT/superWild_5/20190824_125957/requests/main/206.har

2019-08-24 13:11:36 - [TEST_CASE][PASSED] - Start Test Case : Verification: Verification accomplished successfully

2019-08-24 13:11:36 - [TEST_STEP][PASSED] - request = getInstance().getCurrentRequest(): null

2019-08-24 13:11:36 - [TEST_STEP][PASSED] - response = getInstance().getCurrentResponse(): null

2019-08-24 13:11:36 - [TEST_STEP][PASSED] - verifyResponseStatusCode(response, 200): Verify response status code successfully

2019-08-24 13:11:36 - [MESSAGE][PASSED] - Verify response status code successfully

2019-08-24 13:11:36 - [TEST_STEP][PASSED] - getStatusCode()).isEqualTo(200): null

2019-08-24 13:11:36 - [TEST_STEP][PASSED] - newline = System.getProperty("line.separator"): null

2019-08-24 13:11:36 - [TEST_STEP][PASSED] - M4_spin = new groovy.json.JsonSlurper(): null

2019-08-24 13:11:36 - [TEST_STEP][PASSED] - result_M4_spin = M4_spin.parseText(response.getResponseBodyContent()): null

2019-08-24 13:11:36 - [TEST_STEP][PASSED] - M4_spin_current_balance = current_balance: null

2019-08-24 13:11:36 - [TEST_STEP][PASSED] - M4_spin_current_balance = M4_spin_current_balance: null

2019-08-24 13:11:36 - [TEST_STEP][PASSED] - M4_spin_transaction_id = causality: null

2019-08-24 13:11:36 - [TEST_STEP][PASSED] - M4_spin_transaction_id = M4_spin_transaction_id: null

2019-08-24 13:11:36 - [TEST_STEP][PASSED] - M4_spin_round_id = round_id: null

2019-08-24 13:11:36 - [TEST_STEP][PASSED] - M4_spin_round_id = M4_spin_round_id: null

2019-08-24 13:11:36 - [TEST_STEP][PASSED] - M4_spin_line_wins = line_wins: null

2019-08-24 13:11:36 - [TEST_STEP][PASSED] - M4_spin_line_wins = M4_spin_line_wins: null

2019-08-24 13:11:36 - [TEST_STEP][PASSED] - M4_total_bonus_spins_int = total_bonus_spins: null

2019-08-24 13:11:36 - [TEST_STEP][PASSED] - println("******M4_total_bonus_spins type is:*******" + newline + getClass().getName()): null

2019-08-24 13:11:36 - [TEST_STEP][PASSED] - M4_total_bonus_spins_int = M4_total_bonus_spins_int: null

2019-08-24 13:11:36 - [TEST_STEP][PASSED] - M4_total_bonus_spins = Integer.toString(M4_total_bonus_spins_int): null

2019-08-24 13:11:36 - [TEST_STEP][PASSED] - M4_total_bonus_spins = M4_total_bonus_spins: null

2019-08-24 13:11:36 - [TEST_STEP][PASSED] - println("M4_total_bonus_spins is:" + M4_total_bonus_spins): null

2019-08-24 13:11:36 - [TEST_STEP][PASSED] - M4_spin_bonus_data = bonus_data: null

2019-08-24 13:11:36 - [TEST_STEP][PASSED] - M4_spin_features_triggered = result_M4_spin: null

2019-08-24 13:11:36 - [TEST_STEP][PASSED] - wild = []: null

2019-08-24 13:11:36 - [TEST_STEP][PASSED] - wild[0] = "WILD_Expanding": null

2019-08-24 13:11:36 - [TEST_STEP][PASSED] - wild[1] = "WILD_Normal": null

2019-08-24 13:11:36 - [TEST_STEP][PASSED] - wild[2] = "WILD_Double": null

2019-08-24 13:11:36 - [TEST_STEP][PASSED] - wild[3] = "WILD_ExtraFG": null

2019-08-24 13:11:36 - [TEST_STEP][PASSED] - wild[4] = "WILD_Triple": null

2019-08-24 13:11:36 - [TEST_STEP][PASSED] - wildList = Arrays.asList(wild): null

2019-08-24 13:11:36 - [TEST_STEP][PASSED] - wildList = wildList: null

2019-08-24 13:11:36 - [TEST_STEP][PASSED] - free_spin_reel_counter = []: null

2019-08-24 13:11:36 - [TEST_STEP][PASSED] - free_spin_reel_counter[0] = 0: null

2019-08-24 13:11:36 - [TEST_STEP][PASSED] - free_spin_reel_counter[1] = 0: null

2019-08-24 13:11:36 - [TEST_STEP][PASSED] - free_spin_reel_counter[2] = 0: null

2019-08-24 13:11:36 - [TEST_STEP][PASSED] - M4_spin_reels = reels: null

2019-08-24 13:11:36 - [TEST_STEP][PASSED] - for ([i = 0, i &lt; M4_spin_reels.size(), (i++)]): null

2019-08-24 13:11:36 - [TEST_STEP][PASSED] - symbols = symbols: null

2019-08-24 13:11:36 - [TEST_STEP][PASSED] - for ([j = 0, j &lt; symbols.size(), (j++)]): null

2019-08-24 13:11:36 - [TEST_STEP][PASSED] - symbol = symbol: null

2019-08-24 13:11:36 - [TEST_STEP][PASSED] - println(symbol): null

2019-08-24 13:11:36 - [TEST_STEP][PASSED] - if (i == 2 &amp;&amp; wildList.indexOf(symbol) != -1): null

2019-08-24 13:11:36 - [TEST_STEP][PASSED] - if (i == 3 &amp;&amp; wildList.indexOf(symbol) != -1): null

2019-08-24 13:11:36 - [TEST_STEP][PASSED] - if (i == 4 &amp;&amp; wildList.indexOf(symbol) != -1): null

2019-08-24 13:11:36 - [TEST_STEP][PASSED] - symbol = symbol: null

2019-08-24 13:11:36 - [TEST_STEP][PASSED] - println(symbol): null

2019-08-24 13:11:36 - [TEST_STEP][PASSED] - if (i == 2 &amp;&amp; wildList.indexOf(symbol) != -1): null

2019-08-24 13:11:36 - [TEST_STEP][PASSED] - if (i == 3 &amp;&amp; wildList.indexOf(symbol) != -1): null

2019-08-24 13:11:36 - [TEST_STEP][PASSED] - if (i == 4 &amp;&amp; wildList.indexOf(symbol) != -1): null

2019-08-24 13:11:36 - [TEST_STEP][PASSED] - symbol = symbol: null

2019-08-24 13:11:36 - [TEST_STEP][PASSED] - println(symbol): null

2019-08-24 13:11:36 - [TEST_STEP][PASSED] - if (i == 2 &amp;&amp; wildList.indexOf(symbol) != -1): null

2019-08-24 13:11:36 - [TEST_STEP][PASSED] - if (i == 3 &amp;&amp; wildList.indexOf(symbol) != -1): null

2019-08-24 13:11:36 - [TEST_STEP][PASSED] - if (i == 4 &amp;&amp; wildList.indexOf(symbol) != -1): null

2019-08-24 13:11:36 - [TEST_STEP][PASSED] - symbols = symbols: null

2019-08-24 13:11:36 - [TEST_STEP][PASSED] - for ([j = 0, j &lt; symbols.size(), (j++)]): null

2019-08-24 13:11:36 - [TEST_STEP][PASSED] - symbol = symbol: null

2019-08-24 13:11:36 - [TEST_STEP][PASSED] - println(symbol): null

2019-08-24 13:11:36 - [TEST_STEP][PASSED] - if (i == 2 &amp;&amp; wildList.indexOf(symbol) != -1): null

2019-08-24 13:11:36 - [TEST_STEP][PASSED] - if (i == 3 &amp;&amp; wildList.indexOf(symbol) != -1): null

2019-08-24 13:11:36 - [TEST_STEP][PASSED] - if (i == 4 &amp;&amp; wildList.indexOf(symbol) != -1): null

2019-08-24 13:11:36 - [TEST_STEP][PASSED] - symbol = symbol: null

2019-08-24 13:11:36 - [TEST_STEP][PASSED] - println(symbol): null

2019-08-24 13:11:36 - [TEST_STEP][PASSED] - if (i == 2 &amp;&amp; wildList.indexOf(symbol) != -1): null

2019-08-24 13:11:36 - [TEST_STEP][PASSED] - if (i == 3 &amp;&amp; wildList.indexOf(symbol) != -1): null

2019-08-24 13:11:36 - [TEST_STEP][PASSED] - if (i == 4 &amp;&amp; wildList.indexOf(symbol) != -1): null

2019-08-24 13:11:36 - [TEST_STEP][PASSED] - symbol = symbol: null

2019-08-24 13:11:36 - [TEST_STEP][PASSED] - println(symbol): null

2019-08-24 13:11:36 - [TEST_STEP][PASSED] - if (i == 2 &amp;&amp; wildList.indexOf(symbol) != -1): null

2019-08-24 13:11:36 - [TEST_STEP][PASSED] - if (i == 3 &amp;&amp; wildList.indexOf(symbol) != -1): null

2019-08-24 13:11:36 - [TEST_STEP][PASSED] - if (i == 4 &amp;&amp; wildList.indexOf(symbol) != -1): null

2019-08-24 13:11:36 - [TEST_STEP][PASSED] - symbols = symbols: null

2019-08-24 13:11:36 - [TEST_STEP][PASSED] - for ([j = 0, j &lt; symbols.size(), (j++)]): null

2019-08-24 13:11:36 - [TEST_STEP][PASSED] - symbol = symbol: null

2019-08-24 13:11:36 - [TEST_STEP][PASSED] - println(symbol): null

2019-08-24 13:11:36 - [TEST_STEP][PASSED] - if (i == 2 &amp;&amp; wildList.indexOf(symbol) != -1): null

2019-08-24 13:11:36 - [TEST_STEP][PASSED] - if (i == 3 &amp;&amp; wildList.indexOf(symbol) != -1): null

2019-08-24 13:11:36 - [TEST_STEP][PASSED] - if (i == 4 &amp;&amp; wildList.indexOf(symbol) != -1): null

2019-08-24 13:11:36 - [TEST_STEP][PASSED] - symbol = symbol: null

2019-08-24 13:11:36 - [TEST_STEP][PASSED] - println(symbol): null

2019-08-24 13:11:36 - [TEST_STEP][PASSED] - if (i == 2 &amp;&amp; wildList.indexOf(symbol) != -1): null

2019-08-24 13:11:36 - [TEST_STEP][PASSED] - println("wild found on reel 3, adding counter by 1"): null

2019-08-24 13:11:36 - [TEST_STEP][PASSED] - free_spin_reel_counter[0] = free_spin_reel_counter[0] + 1: null

2019-08-24 13:11:36 - [TEST_STEP][PASSED] - if (i == 3 &amp;&amp; wildList.indexOf(symbol) != -1): null

2019-08-24 13:11:36 - [TEST_STEP][PASSED] - if (i == 4 &amp;&amp; wildList.indexOf(symbol) != -1): null

2019-08-24 13:11:36 - [TEST_STEP][PASSED] - symbol = symbol: null

2019-08-24 13:11:36 - [TEST_STEP][PASSED] - println(symbol): null

2019-08-24 13:11:36 - [TEST_STEP][PASSED] - if (i == 2 &amp;&amp; wildList.indexOf(symbol) != -1): null

2019-08-24 13:11:36 - [TEST_STEP][PASSED] - if (i == 3 &amp;&amp; wildList.indexOf(symbol) != -1): null

2019-08-24 13:11:36 - [TEST_STEP][PASSED] - if (i == 4 &amp;&amp; wildList.indexOf(symbol) != -1): null

2019-08-24 13:11:36 - [TEST_STEP][PASSED] - symbols = symbols: null

2019-08-24 13:11:36 - [TEST_STEP][PASSED] - for ([j = 0, j &lt; symbols.size(), (j++)]): null

2019-08-24 13:11:36 - [TEST_STEP][PASSED] - symbol = symbol: null

2019-08-24 13:11:36 - [TEST_STEP][PASSED] - println(symbol): null

2019-08-24 13:11:36 - [TEST_STEP][PASSED] - if (i == 2 &amp;&amp; wildList.indexOf(symbol) != -1): null

2019-08-24 13:11:36 - [TEST_STEP][PASSED] - if (i == 3 &amp;&amp; wildList.indexOf(symbol) != -1): null

2019-08-24 13:11:36 - [TEST_STEP][PASSED] - if (i == 4 &amp;&amp; wildList.indexOf(symbol) != -1): null

2019-08-24 13:11:36 - [TEST_STEP][PASSED] - symbol = symbol: null

2019-08-24 13:11:36 - [TEST_STEP][PASSED] - println(symbol): null

2019-08-24 13:11:36 - [TEST_STEP][PASSED] - if (i == 2 &amp;&amp; wildList.indexOf(symbol) != -1): null

2019-08-24 13:11:36 - [TEST_STEP][PASSED] - if (i == 3 &amp;&amp; wildList.indexOf(symbol) != -1): null

2019-08-24 13:11:36 - [TEST_STEP][PASSED] - if (i == 4 &amp;&amp; wildList.indexOf(symbol) != -1): null

2019-08-24 13:11:36 - [TEST_STEP][PASSED] - symbol = symbol: null

2019-08-24 13:11:36 - [TEST_STEP][PASSED] - println(symbol): null

2019-08-24 13:11:36 - [TEST_STEP][PASSED] - if (i == 2 &amp;&amp; wildList.indexOf(symbol) != -1): null

2019-08-24 13:11:36 - [TEST_STEP][PASSED] - if (i == 3 &amp;&amp; wildList.indexOf(symbol) != -1): null

2019-08-24 13:11:36 - [TEST_STEP][PASSED] - if (i == 4 &amp;&amp; wildList.indexOf(symbol) != -1): null

2019-08-24 13:11:36 - [TEST_STEP][PASSED] - symbols = symbols: null

2019-08-24 13:11:36 - [TEST_STEP][PASSED] - for ([j = 0, j &lt; symbols.size(), (j++)]): null

2019-08-24 13:11:36 - [TEST_STEP][PASSED] - symbol = symbol: null

2019-08-24 13:11:36 - [TEST_STEP][PASSED] - println(symbol): null

2019-08-24 13:11:36 - [TEST_STEP][PASSED] - if (i == 2 &amp;&amp; wildList.indexOf(symbol) != -1): null

2019-08-24 13:11:36 - [TEST_STEP][PASSED] - if (i == 3 &amp;&amp; wildList.indexOf(symbol) != -1): null

2019-08-24 13:11:36 - [TEST_STEP][PASSED] - if (i == 4 &amp;&amp; wildList.indexOf(symbol) != -1): null

2019-08-24 13:11:36 - [TEST_STEP][PASSED] - symbol = symbol: null

2019-08-24 13:11:36 - [TEST_STEP][PASSED] - println(symbol): null

2019-08-24 13:11:36 - [TEST_STEP][PASSED] - if (i == 2 &amp;&amp; wildList.indexOf(symbol) != -1): null

2019-08-24 13:11:36 - [TEST_STEP][PASSED] - if (i == 3 &amp;&amp; wildList.indexOf(symbol) != -1): null

2019-08-24 13:11:36 - [TEST_STEP][PASSED] - if (i == 4 &amp;&amp; wildList.indexOf(symbol) != -1): null

2019-08-24 13:11:36 - [TEST_STEP][PASSED] - symbol = symbol: null

2019-08-24 13:11:36 - [TEST_STEP][PASSED] - println(symbol): null

2019-08-24 13:11:36 - [TEST_STEP][PASSED] - if (i == 2 &amp;&amp; wildList.indexOf(symbol) != -1): null

2019-08-24 13:11:36 - [TEST_STEP][PASSED] - if (i == 3 &amp;&amp; wildList.indexOf(symbol) != -1): null

2019-08-24 13:11:36 - [TEST_STEP][PASSED] - if (i == 4 &amp;&amp; wildList.indexOf(symbol) != -1): null

2019-08-24 13:11:36 - [TEST_STEP][PASSED] - free_spin_reel_counter = free_spin_reel_counter: null

2019-08-24 13:11:36 - [TEST_STEP][PASSED] - println("reel 3 wild found: " + free_spin_reel_counter[0]): null

2019-08-24 13:11:36 - [TEST_STEP][PASSED] - println("reel 4 wild found: " + free_spin_reel_counter[1]): null

2019-08-24 13:11:36 - [TEST_STEP][PASSED] - println("reel 5 wild found: " + free_spin_reel_counter[2]): null

2019-08-24 13:11:36 - [TEST_STEP][PASSED] - M4_spin_reels = M4_spin_reels: null

2019-08-24 13:11:36 - [TEST_STEP][PASSED] - M4_spin_reels_symbols = symbol: null

2019-08-24 13:11:36 - [TEST_STEP][PASSED] - M4_spin_reels_symbols = M4_spin_reels_symbols: null

2019-08-24 13:11:36 - [TEST_STEP][PASSED] - M4_spin_reel_wins = reel_wins: null

2019-08-24 13:11:36 - [TEST_STEP][PASSED] - M4_spin_reel_wins = M4_spin_reel_wins: null

2019-08-24 13:11:36 - [TEST_STEP][PASSED] - println("GlobalVariable.M4_spin_reel_wins is: " + M4_spin_reel_wins): null

2019-08-24 13:11:36 - [TEST_STEP][PASSED] - M4_spin_total_bonus_win_this_round = total_bonus_win_this_round: null

2019-08-24 13:11:36 - [TEST_STEP][PASSED] - M4_spin_total_bonus_win_this_round = M4_spin_total_bonus_win_this_round: null

2019-08-24 13:11:36 - [TEST_STEP][PASSED] - println("GlobalVariable.M4_spin_total_bonus_win_this_round is: " + M4_spin_total_bonus_win_this_round): null

2019-08-24 13:11:36 - [TEST_STEP][PASSED] - M4_spin_bonus_spin_result = spin_result: null

2019-08-24 13:11:36 - [TEST_STEP][PASSED] - M4_spin_bonus_spin_result = M4_spin_bonus_spin_result: null

2019-08-24 13:11:36 - [MESSAGE][PASSED] - Verify response successfully

2019-08-24 13:11:36 - [MESSAGE][PASSED] - Send request and verify the response successfully

2019-08-24 13:11:36 - [TEST_STEP][PASSED] - if (M4_total_bonus_spins_int != 0 &amp;&amp; M4_spin_reels_symbols[2].contains("WILD_Expanding")): null

2019-08-24 13:11:36 - [TEST_STEP][PASSED] - free_spin_reel_counter = free_spin_reel_counter: null

2019-08-24 13:11:36 - [TEST_STEP][PASSED] - M4_spin_reels_symbols = M4_spin_reels_symbols: null

2019-08-24 13:11:36 - [TEST_STEP][PASSED] - M4_total_bonus_spins = M4_total_bonus_spins: null

2019-08-24 13:11:36 - [TEST_STEP][PASSED] - spin_result = sendRequestAndVerify(findTestObject("INT/RGS(M4)/1_M4_spin", ["M4_login_user_id":M4_login_user_id, "rgs_session_token":rgs_session_token, "partner":Partner])): Send request and verify the response successfully

2019-08-24 13:11:37 - [MESSAGE][INFO] - HAR: /Users/eiralee/Katalon_Script/SuperWild/Reports/20190824_125957/INT/superWild_5/20190824_125957/requests/main/207.har

2019-08-24 13:11:37 - [TEST_CASE][PASSED] - Start Test Case : Verification: Verification accomplished successfully

2019-08-24 13:11:37 - [TEST_STEP][PASSED] - request = getInstance().getCurrentRequest(): null

2019-08-24 13:11:37 - [TEST_STEP][PASSED] - response = getInstance().getCurrentResponse(): null

2019-08-24 13:11:37 - [TEST_STEP][PASSED] - verifyResponseStatusCode(response, 200): Verify response status code successfully

2019-08-24 13:11:37 - [MESSAGE][PASSED] - Verify response status code successfully

2019-08-24 13:11:37 - [TEST_STEP][PASSED] - getStatusCode()).isEqualTo(200): null

2019-08-24 13:11:37 - [TEST_STEP][PASSED] - newline = System.getProperty("line.separator"): null

2019-08-24 13:11:37 - [TEST_STEP][PASSED] - M4_spin = new groovy.json.JsonSlurper(): null

2019-08-24 13:11:37 - [TEST_STEP][PASSED] - result_M4_spin = M4_spin.parseText(response.getResponseBodyContent()): null

2019-08-24 13:11:37 - [TEST_STEP][PASSED] - M4_spin_current_balance = current_balance: null

2019-08-24 13:11:37 - [TEST_STEP][PASSED] - M4_spin_current_balance = M4_spin_current_balance: null

2019-08-24 13:11:37 - [TEST_STEP][PASSED] - M4_spin_transaction_id = causality: null

2019-08-24 13:11:37 - [TEST_STEP][PASSED] - M4_spin_transaction_id = M4_spin_transaction_id: null

2019-08-24 13:11:37 - [TEST_STEP][PASSED] - M4_spin_round_id = round_id: null

2019-08-24 13:11:37 - [TEST_STEP][PASSED] - M4_spin_round_id = M4_spin_round_id: null

2019-08-24 13:11:37 - [TEST_STEP][PASSED] - M4_spin_line_wins = line_wins: null

2019-08-24 13:11:37 - [TEST_STEP][PASSED] - M4_spin_line_wins = M4_spin_line_wins: null

2019-08-24 13:11:37 - [TEST_STEP][PASSED] - M4_total_bonus_spins_int = total_bonus_spins: null

2019-08-24 13:11:37 - [TEST_STEP][PASSED] - println("******M4_total_bonus_spins type is:*******" + newline + getClass().getName()): null

2019-08-24 13:11:37 - [TEST_STEP][PASSED] - M4_total_bonus_spins_int = M4_total_bonus_spins_int: null

2019-08-24 13:11:37 - [TEST_STEP][PASSED] - M4_total_bonus_spins = Integer.toString(M4_total_bonus_spins_int): null

2019-08-24 13:11:37 - [TEST_STEP][PASSED] - M4_total_bonus_spins = M4_total_bonus_spins: null

2019-08-24 13:11:37 - [TEST_STEP][PASSED] - println("M4_total_bonus_spins is:" + M4_total_bonus_spins): null

2019-08-24 13:11:37 - [TEST_STEP][PASSED] - M4_spin_bonus_data = bonus_data: null

2019-08-24 13:11:37 - [TEST_STEP][PASSED] - M4_spin_features_triggered = result_M4_spin: null

2019-08-24 13:11:37 - [TEST_STEP][PASSED] - wild = []: null

2019-08-24 13:11:37 - [TEST_STEP][PASSED] - wild[0] = "WILD_Expanding": null

2019-08-24 13:11:37 - [TEST_STEP][PASSED] - wild[1] = "WILD_Normal": null

2019-08-24 13:11:37 - [TEST_STEP][PASSED] - wild[2] = "WILD_Double": null

2019-08-24 13:11:37 - [TEST_STEP][PASSED] - wild[3] = "WILD_ExtraFG": null

2019-08-24 13:11:37 - [TEST_STEP][PASSED] - wild[4] = "WILD_Triple": null

2019-08-24 13:11:37 - [TEST_STEP][PASSED] - wildList = Arrays.asList(wild): null

2019-08-24 13:11:37 - [TEST_STEP][PASSED] - wildList = wildList: null

2019-08-24 13:11:37 - [TEST_STEP][PASSED] - free_spin_reel_counter = []: null

2019-08-24 13:11:37 - [TEST_STEP][PASSED] - free_spin_reel_counter[0] = 0: null

2019-08-24 13:11:37 - [TEST_STEP][PASSED] - free_spin_reel_counter[1] = 0: null

2019-08-24 13:11:37 - [TEST_STEP][PASSED] - free_spin_reel_counter[2] = 0: null

2019-08-24 13:11:37 - [TEST_STEP][PASSED] - M4_spin_reels = reels: null

2019-08-24 13:11:37 - [TEST_STEP][PASSED] - for ([i = 0, i &lt; M4_spin_reels.size(), (i++)]): null

2019-08-24 13:11:37 - [TEST_STEP][PASSED] - symbols = symbols: null

2019-08-24 13:11:37 - [TEST_STEP][PASSED] - for ([j = 0, j &lt; symbols.size(), (j++)]): null

2019-08-24 13:11:37 - [TEST_STEP][PASSED] - symbol = symbol: null

2019-08-24 13:11:37 - [TEST_STEP][PASSED] - println(symbol): null

2019-08-24 13:11:37 - [TEST_STEP][PASSED] - if (i == 2 &amp;&amp; wildList.indexOf(symbol) != -1): null

2019-08-24 13:11:37 - [TEST_STEP][PASSED] - if (i == 3 &amp;&amp; wildList.indexOf(symbol) != -1): null

2019-08-24 13:11:37 - [TEST_STEP][PASSED] - if (i == 4 &amp;&amp; wildList.indexOf(symbol) != -1): null

2019-08-24 13:11:37 - [TEST_STEP][PASSED] - symbol = symbol: null

2019-08-24 13:11:37 - [TEST_STEP][PASSED] - println(symbol): null

2019-08-24 13:11:37 - [TEST_STEP][PASSED] - if (i == 2 &amp;&amp; wildList.indexOf(symbol) != -1): null

2019-08-24 13:11:37 - [TEST_STEP][PASSED] - if (i == 3 &amp;&amp; wildList.indexOf(symbol) != -1): null

2019-08-24 13:11:37 - [TEST_STEP][PASSED] - if (i == 4 &amp;&amp; wildList.indexOf(symbol) != -1): null

2019-08-24 13:11:37 - [TEST_STEP][PASSED] - symbol = symbol: null

2019-08-24 13:11:37 - [TEST_STEP][PASSED] - println(symbol): null

2019-08-24 13:11:37 - [TEST_STEP][PASSED] - if (i == 2 &amp;&amp; wildList.indexOf(symbol) != -1): null

2019-08-24 13:11:37 - [TEST_STEP][PASSED] - if (i == 3 &amp;&amp; wildList.indexOf(symbol) != -1): null

2019-08-24 13:11:37 - [TEST_STEP][PASSED] - if (i == 4 &amp;&amp; wildList.indexOf(symbol) != -1): null

2019-08-24 13:11:37 - [TEST_STEP][PASSED] - symbols = symbols: null

2019-08-24 13:11:37 - [TEST_STEP][PASSED] - for ([j = 0, j &lt; symbols.size(), (j++)]): null

2019-08-24 13:11:37 - [TEST_STEP][PASSED] - symbol = symbol: null

2019-08-24 13:11:37 - [TEST_STEP][PASSED] - println(symbol): null

2019-08-24 13:11:37 - [TEST_STEP][PASSED] - if (i == 2 &amp;&amp; wildList.indexOf(symbol) != -1): null

2019-08-24 13:11:37 - [TEST_STEP][PASSED] - if (i == 3 &amp;&amp; wildList.indexOf(symbol) != -1): null

2019-08-24 13:11:37 - [TEST_STEP][PASSED] - if (i == 4 &amp;&amp; wildList.indexOf(symbol) != -1): null

2019-08-24 13:11:37 - [TEST_STEP][PASSED] - symbol = symbol: null

2019-08-24 13:11:37 - [TEST_STEP][PASSED] - println(symbol): null

2019-08-24 13:11:37 - [TEST_STEP][PASSED] - if (i == 2 &amp;&amp; wildList.indexOf(symbol) != -1): null

2019-08-24 13:11:37 - [TEST_STEP][PASSED] - if (i == 3 &amp;&amp; wildList.indexOf(symbol) != -1): null

2019-08-24 13:11:37 - [TEST_STEP][PASSED] - if (i == 4 &amp;&amp; wildList.indexOf(symbol) != -1): null

2019-08-24 13:11:37 - [TEST_STEP][PASSED] - symbol = symbol: null

2019-08-24 13:11:37 - [TEST_STEP][PASSED] - println(symbol): null

2019-08-24 13:11:37 - [TEST_STEP][PASSED] - if (i == 2 &amp;&amp; wildList.indexOf(symbol) != -1): null

2019-08-24 13:11:37 - [TEST_STEP][PASSED] - if (i == 3 &amp;&amp; wildList.indexOf(symbol) != -1): null

2019-08-24 13:11:37 - [TEST_STEP][PASSED] - if (i == 4 &amp;&amp; wildList.indexOf(symbol) != -1): null

2019-08-24 13:11:37 - [TEST_STEP][PASSED] - symbols = symbols: null

2019-08-24 13:11:37 - [TEST_STEP][PASSED] - for ([j = 0, j &lt; symbols.size(), (j++)]): null

2019-08-24 13:11:37 - [TEST_STEP][PASSED] - symbol = symbol: null

2019-08-24 13:11:37 - [TEST_STEP][PASSED] - println(symbol): null

2019-08-24 13:11:37 - [TEST_STEP][PASSED] - if (i == 2 &amp;&amp; wildList.indexOf(symbol) != -1): null

2019-08-24 13:11:37 - [TEST_STEP][PASSED] - println("wild found on reel 3, adding counter by 1"): null

2019-08-24 13:11:37 - [TEST_STEP][PASSED] - free_spin_reel_counter[0] = free_spin_reel_counter[0] + 1: null

2019-08-24 13:11:37 - [TEST_STEP][PASSED] - if (i == 3 &amp;&amp; wildList.indexOf(symbol) != -1): null

2019-08-24 13:11:37 - [TEST_STEP][PASSED] - if (i == 4 &amp;&amp; wildList.indexOf(symbol) != -1): null

2019-08-24 13:11:37 - [TEST_STEP][PASSED] - symbol = symbol: null

2019-08-24 13:11:37 - [TEST_STEP][PASSED] - println(symbol): null

2019-08-24 13:11:37 - [TEST_STEP][PASSED] - if (i == 2 &amp;&amp; wildList.indexOf(symbol) != -1): null

2019-08-24 13:11:37 - [TEST_STEP][PASSED] - if (i == 3 &amp;&amp; wildList.indexOf(symbol) != -1): null

2019-08-24 13:11:37 - [TEST_STEP][PASSED] - if (i == 4 &amp;&amp; wildList.indexOf(symbol) != -1): null

2019-08-24 13:11:37 - [TEST_STEP][PASSED] - symbol = symbol: null

2019-08-24 13:11:37 - [TEST_STEP][PASSED] - println(symbol): null

2019-08-24 13:11:37 - [TEST_STEP][PASSED] - if (i == 2 &amp;&amp; wildList.indexOf(symbol) != -1): null

2019-08-24 13:11:37 - [TEST_STEP][PASSED] - if (i == 3 &amp;&amp; wildList.indexOf(symbol) != -1): null

2019-08-24 13:11:37 - [TEST_STEP][PASSED] - if (i == 4 &amp;&amp; wildList.indexOf(symbol) != -1): null

2019-08-24 13:11:37 - [TEST_STEP][PASSED] - symbols = symbols: null

2019-08-24 13:11:37 - [TEST_STEP][PASSED] - for ([j = 0, j &lt; symbols.size(), (j++)]): null

2019-08-24 13:11:37 - [TEST_STEP][PASSED] - symbol = symbol: null

2019-08-24 13:11:37 - [TEST_STEP][PASSED] - println(symbol): null

2019-08-24 13:11:37 - [TEST_STEP][PASSED] - if (i == 2 &amp;&amp; wildList.indexOf(symbol) != -1): null

2019-08-24 13:11:37 - [TEST_STEP][PASSED] - if (i == 3 &amp;&amp; wildList.indexOf(symbol) != -1): null

2019-08-24 13:11:37 - [TEST_STEP][PASSED] - if (i == 4 &amp;&amp; wildList.indexOf(symbol) != -1): null

2019-08-24 13:11:37 - [TEST_STEP][PASSED] - symbol = symbol: null

2019-08-24 13:11:37 - [TEST_STEP][PASSED] - println(symbol): null

2019-08-24 13:11:37 - [TEST_STEP][PASSED] - if (i == 2 &amp;&amp; wildList.indexOf(symbol) != -1): null

2019-08-24 13:11:37 - [TEST_STEP][PASSED] - if (i == 3 &amp;&amp; wildList.indexOf(symbol) != -1): null

2019-08-24 13:11:37 - [TEST_STEP][PASSED] - if (i == 4 &amp;&amp; wildList.indexOf(symbol) != -1): null

2019-08-24 13:11:37 - [TEST_STEP][PASSED] - symbol = symbol: null

2019-08-24 13:11:37 - [TEST_STEP][PASSED] - println(symbol): null

2019-08-24 13:11:37 - [TEST_STEP][PASSED] - if (i == 2 &amp;&amp; wildList.indexOf(symbol) != -1): null

2019-08-24 13:11:37 - [TEST_STEP][PASSED] - if (i == 3 &amp;&amp; wildList.indexOf(symbol) != -1): null

2019-08-24 13:11:37 - [TEST_STEP][PASSED] - if (i == 4 &amp;&amp; wildList.indexOf(symbol) != -1): null

2019-08-24 13:11:37 - [TEST_STEP][PASSED] - symbols = symbols: null

2019-08-24 13:11:37 - [TEST_STEP][PASSED] - for ([j = 0, j &lt; symbols.size(), (j++)]): null

2019-08-24 13:11:37 - [TEST_STEP][PASSED] - symbol = symbol: null

2019-08-24 13:11:37 - [TEST_STEP][PASSED] - println(symbol): null

2019-08-24 13:11:37 - [TEST_STEP][PASSED] - if (i == 2 &amp;&amp; wildList.indexOf(symbol) != -1): null

2019-08-24 13:11:37 - [TEST_STEP][PASSED] - if (i == 3 &amp;&amp; wildList.indexOf(symbol) != -1): null

2019-08-24 13:11:37 - [TEST_STEP][PASSED] - if (i == 4 &amp;&amp; wildList.indexOf(symbol) != -1): null

2019-08-24 13:11:37 - [TEST_STEP][PASSED] - symbol = symbol: null

2019-08-24 13:11:37 - [TEST_STEP][PASSED] - println(symbol): null

2019-08-24 13:11:37 - [TEST_STEP][PASSED] - if (i == 2 &amp;&amp; wildList.indexOf(symbol) != -1): null

2019-08-24 13:11:37 - [TEST_STEP][PASSED] - if (i == 3 &amp;&amp; wildList.indexOf(symbol) != -1): null

2019-08-24 13:11:37 - [TEST_STEP][PASSED] - if (i == 4 &amp;&amp; wildList.indexOf(symbol) != -1): null

2019-08-24 13:11:37 - [TEST_STEP][PASSED] - symbol = symbol: null

2019-08-24 13:11:37 - [TEST_STEP][PASSED] - println(symbol): null

2019-08-24 13:11:37 - [TEST_STEP][PASSED] - if (i == 2 &amp;&amp; wildList.indexOf(symbol) != -1): null

2019-08-24 13:11:37 - [TEST_STEP][PASSED] - if (i == 3 &amp;&amp; wildList.indexOf(symbol) != -1): null

2019-08-24 13:11:37 - [TEST_STEP][PASSED] - if (i == 4 &amp;&amp; wildList.indexOf(symbol) != -1): null

2019-08-24 13:11:41 - [TEST_STEP][PASSED] - free_spin_reel_counter = free_spin_reel_counter: null

2019-08-24 13:11:41 - [TEST_STEP][PASSED] - println("reel 3 wild found: " + free_spin_reel_counter[0]): null

2019-08-24 13:11:41 - [TEST_STEP][PASSED] - println("reel 4 wild found: " + free_spin_reel_counter[1]): null

2019-08-24 13:11:41 - [TEST_STEP][PASSED] - println("reel 5 wild found: " + free_spin_reel_counter[2]): null

2019-08-24 13:11:41 - [TEST_STEP][PASSED] - M4_spin_reels = M4_spin_reels: null

2019-08-24 13:11:41 - [TEST_STEP][PASSED] - M4_spin_reels_symbols = symbol: null

2019-08-24 13:11:41 - [TEST_STEP][PASSED] - M4_spin_reels_symbols = M4_spin_reels_symbols: null

2019-08-24 13:11:41 - [TEST_STEP][PASSED] - M4_spin_reel_wins = reel_wins: null

2019-08-24 13:11:41 - [TEST_STEP][PASSED] - M4_spin_reel_wins = M4_spin_reel_wins: null

2019-08-24 13:11:44 - [TEST_STEP][PASSED] - println("GlobalVariable.M4_spin_reel_wins is: " + M4_spin_reel_wins): null

2019-08-24 13:11:44 - [TEST_STEP][PASSED] - M4_spin_total_bonus_win_this_round = total_bonus_win_this_round: null

2019-08-24 13:11:44 - [TEST_STEP][PASSED] - M4_spin_total_bonus_win_this_round = M4_spin_total_bonus_win_this_round: null

2019-08-24 13:11:44 - [TEST_STEP][PASSED] - println("GlobalVariable.M4_spin_total_bonus_win_this_round is: " + M4_spin_total_bonus_win_this_round): null

2019-08-24 13:11:44 - [TEST_STEP][PASSED] - M4_spin_bonus_spin_result = spin_result: null

2019-08-24 13:11:44 - [TEST_STEP][PASSED] - M4_spin_bonus_spin_result = M4_spin_bonus_spin_result: null

2019-08-24 13:11:44 - [MESSAGE][PASSED] - Verify response successfully

2019-08-24 13:11:44 - [MESSAGE][PASSED] - Send request and verify the response successfully

2019-08-24 13:11:44 - [TEST_STEP][PASSED] - if (M4_total_bonus_spins_int != 0 &amp;&amp; M4_spin_reels_symbols[2].contains("WILD_Expanding")): null

2019-08-24 13:11:44 - [TEST_STEP][PASSED] - free_spin_reel_counter = free_spin_reel_counter: null

2019-08-24 13:11:44 - [TEST_STEP][PASSED] - M4_spin_reels_symbols = M4_spin_reels_symbols: null

2019-08-24 13:11:44 - [TEST_STEP][PASSED] - M4_total_bonus_spins = M4_total_bonus_spins: null

2019-08-24 13:11:44 - [TEST_STEP][PASSED] - spin_result = sendRequestAndVerify(findTestObject("INT/RGS(M4)/1_M4_spin", ["M4_login_user_id":M4_login_user_id, "rgs_session_token":rgs_session_token, "partner":Partner])): Send request and verify the response successfully

2019-08-24 13:11:44 - [MESSAGE][INFO] - HAR: /Users/eiralee/Katalon_Script/SuperWild/Reports/20190824_125957/INT/superWild_5/20190824_125957/requests/main/208.har

2019-08-24 13:11:44 - [TEST_CASE][PASSED] - Start Test Case : Verification: Verification accomplished successfully

2019-08-24 13:11:44 - [TEST_STEP][PASSED] - request = getInstance().getCurrentRequest(): null

2019-08-24 13:11:44 - [TEST_STEP][PASSED] - response = getInstance().getCurrentResponse(): null

2019-08-24 13:11:44 - [TEST_STEP][PASSED] - verifyResponseStatusCode(response, 200): Verify response status code successfully

2019-08-24 13:11:44 - [MESSAGE][PASSED] - Verify response status code successfully

2019-08-24 13:11:44 - [TEST_STEP][PASSED] - getStatusCode()).isEqualTo(200): null

2019-08-24 13:11:44 - [TEST_STEP][PASSED] - newline = System.getProperty("line.separator"): null

2019-08-24 13:11:44 - [TEST_STEP][PASSED] - M4_spin = new groovy.json.JsonSlurper(): null

2019-08-24 13:11:44 - [TEST_STEP][PASSED] - result_M4_spin = M4_spin.parseText(response.getResponseBodyContent()): null

2019-08-24 13:11:44 - [TEST_STEP][PASSED] - M4_spin_current_balance = current_balance: null

2019-08-24 13:11:44 - [TEST_STEP][PASSED] - M4_spin_current_balance = M4_spin_current_balance: null

2019-08-24 13:11:44 - [TEST_STEP][PASSED] - M4_spin_transaction_id = causality: null

2019-08-24 13:11:44 - [TEST_STEP][PASSED] - M4_spin_transaction_id = M4_spin_transaction_id: null

2019-08-24 13:11:44 - [TEST_STEP][PASSED] - M4_spin_round_id = round_id: null

2019-08-24 13:11:44 - [TEST_STEP][PASSED] - M4_spin_round_id = M4_spin_round_id: null

2019-08-24 13:11:44 - [TEST_STEP][PASSED] - M4_spin_line_wins = line_wins: null

2019-08-24 13:11:44 - [TEST_STEP][PASSED] - M4_spin_line_wins = M4_spin_line_wins: null

2019-08-24 13:11:44 - [TEST_STEP][PASSED] - M4_total_bonus_spins_int = total_bonus_spins: null

2019-08-24 13:11:44 - [TEST_STEP][PASSED] - println("******M4_total_bonus_spins type is:*******" + newline + getClass().getName()): null

2019-08-24 13:11:44 - [TEST_STEP][PASSED] - M4_total_bonus_spins_int = M4_total_bonus_spins_int: null

2019-08-24 13:11:44 - [TEST_STEP][PASSED] - M4_total_bonus_spins = Integer.toString(M4_total_bonus_spins_int): null

2019-08-24 13:11:44 - [TEST_STEP][PASSED] - M4_total_bonus_spins = M4_total_bonus_spins: null

2019-08-24 13:11:44 - [TEST_STEP][PASSED] - println("M4_total_bonus_spins is:" + M4_total_bonus_spins): null

2019-08-24 13:11:44 - [TEST_STEP][PASSED] - M4_spin_bonus_data = bonus_data: null

2019-08-24 13:11:44 - [TEST_STEP][PASSED] - M4_spin_features_triggered = result_M4_spin: null

2019-08-24 13:11:44 - [TEST_STEP][PASSED] - wild = []: null

2019-08-24 13:11:44 - [TEST_STEP][PASSED] - wild[0] = "WILD_Expanding": null

2019-08-24 13:11:44 - [TEST_STEP][PASSED] - wild[1] = "WILD_Normal": null

2019-08-24 13:11:44 - [TEST_STEP][PASSED] - wild[2] = "WILD_Double": null

2019-08-24 13:11:44 - [TEST_STEP][PASSED] - wild[3] = "WILD_ExtraFG": null

2019-08-24 13:11:44 - [TEST_STEP][PASSED] - wild[4] = "WILD_Triple": null

2019-08-24 13:11:44 - [TEST_STEP][PASSED] - wildList = Arrays.asList(wild): null

2019-08-24 13:11:44 - [TEST_STEP][PASSED] - wildList = wildList: null

2019-08-24 13:11:44 - [TEST_STEP][PASSED] - free_spin_reel_counter = []: null

2019-08-24 13:11:44 - [TEST_STEP][PASSED] - free_spin_reel_counter[0] = 0: null

2019-08-24 13:11:44 - [TEST_STEP][PASSED] - free_spin_reel_counter[1] = 0: null

2019-08-24 13:11:44 - [TEST_STEP][PASSED] - free_spin_reel_counter[2] = 0: null

2019-08-24 13:11:44 - [TEST_STEP][PASSED] - M4_spin_reels = reels: null

2019-08-24 13:11:44 - [TEST_STEP][PASSED] - for ([i = 0, i &lt; M4_spin_reels.size(), (i++)]): null

2019-08-24 13:11:44 - [TEST_STEP][PASSED] - symbols = symbols: null

2019-08-24 13:11:44 - [TEST_STEP][PASSED] - for ([j = 0, j &lt; symbols.size(), (j++)]): null

2019-08-24 13:11:44 - [TEST_STEP][PASSED] - symbol = symbol: null

2019-08-24 13:11:44 - [TEST_STEP][PASSED] - println(symbol): null

2019-08-24 13:11:44 - [TEST_STEP][PASSED] - if (i == 2 &amp;&amp; wildList.indexOf(symbol) != -1): null

2019-08-24 13:11:44 - [TEST_STEP][PASSED] - if (i == 3 &amp;&amp; wildList.indexOf(symbol) != -1): null

2019-08-24 13:11:44 - [TEST_STEP][PASSED] - if (i == 4 &amp;&amp; wildList.indexOf(symbol) != -1): null

2019-08-24 13:11:44 - [TEST_STEP][PASSED] - symbol = symbol: null

2019-08-24 13:11:44 - [TEST_STEP][PASSED] - println(symbol): null

2019-08-24 13:11:44 - [TEST_STEP][PASSED] - if (i == 2 &amp;&amp; wildList.indexOf(symbol) != -1): null

2019-08-24 13:11:44 - [TEST_STEP][PASSED] - if (i == 3 &amp;&amp; wildList.indexOf(symbol) != -1): null

2019-08-24 13:11:44 - [TEST_STEP][PASSED] - if (i == 4 &amp;&amp; wildList.indexOf(symbol) != -1): null

2019-08-24 13:11:44 - [TEST_STEP][PASSED] - symbol = symbol: null

2019-08-24 13:11:44 - [TEST_STEP][PASSED] - println(symbol): null

2019-08-24 13:11:44 - [TEST_STEP][PASSED] - if (i == 2 &amp;&amp; wildList.indexOf(symbol) != -1): null

2019-08-24 13:11:44 - [TEST_STEP][PASSED] - if (i == 3 &amp;&amp; wildList.indexOf(symbol) != -1): null

2019-08-24 13:11:44 - [TEST_STEP][PASSED] - if (i == 4 &amp;&amp; wildList.indexOf(symbol) != -1): null

2019-08-24 13:11:44 - [TEST_STEP][PASSED] - symbols = symbols: null

2019-08-24 13:11:44 - [TEST_STEP][PASSED] - for ([j = 0, j &lt; symbols.size(), (j++)]): null

2019-08-24 13:11:44 - [TEST_STEP][PASSED] - symbol = symbol: null

2019-08-24 13:11:44 - [TEST_STEP][PASSED] - println(symbol): null

2019-08-24 13:11:44 - [TEST_STEP][PASSED] - if (i == 2 &amp;&amp; wildList.indexOf(symbol) != -1): null

2019-08-24 13:11:44 - [TEST_STEP][PASSED] - if (i == 3 &amp;&amp; wildList.indexOf(symbol) != -1): null

2019-08-24 13:11:44 - [TEST_STEP][PASSED] - if (i == 4 &amp;&amp; wildList.indexOf(symbol) != -1): null

2019-08-24 13:11:44 - [TEST_STEP][PASSED] - symbol = symbol: null

2019-08-24 13:11:44 - [TEST_STEP][PASSED] - println(symbol): null

2019-08-24 13:11:44 - [TEST_STEP][PASSED] - if (i == 2 &amp;&amp; wildList.indexOf(symbol) != -1): null

2019-08-24 13:11:44 - [TEST_STEP][PASSED] - if (i == 3 &amp;&amp; wildList.indexOf(symbol) != -1): null

2019-08-24 13:11:44 - [TEST_STEP][PASSED] - if (i == 4 &amp;&amp; wildList.indexOf(symbol) != -1): null

2019-08-24 13:11:44 - [TEST_STEP][PASSED] - symbol = symbol: null

2019-08-24 13:11:44 - [TEST_STEP][PASSED] - println(symbol): null

2019-08-24 13:11:44 - [TEST_STEP][PASSED] - if (i == 2 &amp;&amp; wildList.indexOf(symbol) != -1): null

2019-08-24 13:11:44 - [TEST_STEP][PASSED] - if (i == 3 &amp;&amp; wildList.indexOf(symbol) != -1): null

2019-08-24 13:11:44 - [TEST_STEP][PASSED] - if (i == 4 &amp;&amp; wildList.indexOf(symbol) != -1): null

2019-08-24 13:11:44 - [TEST_STEP][PASSED] - symbols = symbols: null

2019-08-24 13:11:44 - [TEST_STEP][PASSED] - for ([j = 0, j &lt; symbols.size(), (j++)]): null

2019-08-24 13:11:44 - [TEST_STEP][PASSED] - symbol = symbol: null

2019-08-24 13:11:44 - [TEST_STEP][PASSED] - println(symbol): null

2019-08-24 13:11:44 - [TEST_STEP][PASSED] - if (i == 2 &amp;&amp; wildList.indexOf(symbol) != -1): null

2019-08-24 13:11:44 - [TEST_STEP][PASSED] - if (i == 3 &amp;&amp; wildList.indexOf(symbol) != -1): null

2019-08-24 13:11:44 - [TEST_STEP][PASSED] - if (i == 4 &amp;&amp; wildList.indexOf(symbol) != -1): null

2019-08-24 13:11:44 - [TEST_STEP][PASSED] - symbol = symbol: null

2019-08-24 13:11:44 - [TEST_STEP][PASSED] - println(symbol): null

2019-08-24 13:11:44 - [TEST_STEP][PASSED] - if (i == 2 &amp;&amp; wildList.indexOf(symbol) != -1): null

2019-08-24 13:11:44 - [TEST_STEP][PASSED] - if (i == 3 &amp;&amp; wildList.indexOf(symbol) != -1): null

2019-08-24 13:11:44 - [TEST_STEP][PASSED] - if (i == 4 &amp;&amp; wildList.indexOf(symbol) != -1): null

2019-08-24 13:11:44 - [TEST_STEP][PASSED] - symbol = symbol: null

2019-08-24 13:11:44 - [TEST_STEP][PASSED] - println(symbol): null

2019-08-24 13:11:44 - [TEST_STEP][PASSED] - if (i == 2 &amp;&amp; wildList.indexOf(symbol) != -1): null

2019-08-24 13:11:44 - [TEST_STEP][PASSED] - if (i == 3 &amp;&amp; wildList.indexOf(symbol) != -1): null

2019-08-24 13:11:44 - [TEST_STEP][PASSED] - if (i == 4 &amp;&amp; wildList.indexOf(symbol) != -1): null

2019-08-24 13:11:44 - [TEST_STEP][PASSED] - symbols = symbols: null

2019-08-24 13:11:44 - [TEST_STEP][PASSED] - for ([j = 0, j &lt; symbols.size(), (j++)]): null

2019-08-24 13:11:44 - [TEST_STEP][PASSED] - symbol = symbol: null

2019-08-24 13:11:44 - [TEST_STEP][PASSED] - println(symbol): null

2019-08-24 13:11:44 - [TEST_STEP][PASSED] - if (i == 2 &amp;&amp; wildList.indexOf(symbol) != -1): null

2019-08-24 13:11:44 - [TEST_STEP][PASSED] - if (i == 3 &amp;&amp; wildList.indexOf(symbol) != -1): null

2019-08-24 13:11:44 - [TEST_STEP][PASSED] - println("wild found on reel 4, adding counter by 1"): null

2019-08-24 13:11:44 - [TEST_STEP][PASSED] - free_spin_reel_counter[1] = free_spin_reel_counter[1] + 1: null

2019-08-24 13:11:44 - [TEST_STEP][PASSED] - if (i == 4 &amp;&amp; wildList.indexOf(symbol) != -1): null

2019-08-24 13:11:44 - [TEST_STEP][PASSED] - symbol = symbol: null

2019-08-24 13:11:44 - [TEST_STEP][PASSED] - println(symbol): null

2019-08-24 13:11:44 - [TEST_STEP][PASSED] - if (i == 2 &amp;&amp; wildList.indexOf(symbol) != -1): null

2019-08-24 13:11:44 - [TEST_STEP][PASSED] - if (i == 3 &amp;&amp; wildList.indexOf(symbol) != -1): null

2019-08-24 13:11:44 - [TEST_STEP][PASSED] - if (i == 4 &amp;&amp; wildList.indexOf(symbol) != -1): null

2019-08-24 13:11:44 - [TEST_STEP][PASSED] - symbol = symbol: null

2019-08-24 13:11:44 - [TEST_STEP][PASSED] - println(symbol): null

2019-08-24 13:11:44 - [TEST_STEP][PASSED] - if (i == 2 &amp;&amp; wildList.indexOf(symbol) != -1): null

2019-08-24 13:11:44 - [TEST_STEP][PASSED] - if (i == 3 &amp;&amp; wildList.indexOf(symbol) != -1): null

2019-08-24 13:11:44 - [TEST_STEP][PASSED] - if (i == 4 &amp;&amp; wildList.indexOf(symbol) != -1): null

2019-08-24 13:11:44 - [TEST_STEP][PASSED] - symbols = symbols: null

2019-08-24 13:11:44 - [TEST_STEP][PASSED] - for ([j = 0, j &lt; symbols.size(), (j++)]): null

2019-08-24 13:11:44 - [TEST_STEP][PASSED] - symbol = symbol: null

2019-08-24 13:11:44 - [TEST_STEP][PASSED] - println(symbol): null

2019-08-24 13:11:44 - [TEST_STEP][PASSED] - if (i == 2 &amp;&amp; wildList.indexOf(symbol) != -1): null

2019-08-24 13:11:44 - [TEST_STEP][PASSED] - if (i == 3 &amp;&amp; wildList.indexOf(symbol) != -1): null

2019-08-24 13:11:44 - [TEST_STEP][PASSED] - if (i == 4 &amp;&amp; wildList.indexOf(symbol) != -1): null

2019-08-24 13:11:44 - [TEST_STEP][PASSED] - symbol = symbol: null

2019-08-24 13:11:44 - [TEST_STEP][PASSED] - println(symbol): null

2019-08-24 13:11:44 - [TEST_STEP][PASSED] - if (i == 2 &amp;&amp; wildList.indexOf(symbol) != -1): null

2019-08-24 13:11:44 - [TEST_STEP][PASSED] - if (i == 3 &amp;&amp; wildList.indexOf(symbol) != -1): null

2019-08-24 13:11:44 - [TEST_STEP][PASSED] - if (i == 4 &amp;&amp; wildList.indexOf(symbol) != -1): null

2019-08-24 13:11:44 - [TEST_STEP][PASSED] - symbol = symbol: null

2019-08-24 13:11:44 - [TEST_STEP][PASSED] - println(symbol): null

2019-08-24 13:11:44 - [TEST_STEP][PASSED] - if (i == 2 &amp;&amp; wildList.indexOf(symbol) != -1): null

2019-08-24 13:11:44 - [TEST_STEP][PASSED] - if (i == 3 &amp;&amp; wildList.indexOf(symbol) != -1): null

2019-08-24 13:11:44 - [TEST_STEP][PASSED] - if (i == 4 &amp;&amp; wildList.indexOf(symbol) != -1): null

2019-08-24 13:11:44 - [TEST_STEP][PASSED] - free_spin_reel_counter = free_spin_reel_counter: null

2019-08-24 13:11:44 - [TEST_STEP][PASSED] - println("reel 3 wild found: " + free_spin_reel_counter[0]): null

2019-08-24 13:11:44 - [TEST_STEP][PASSED] - println("reel 4 wild found: " + free_spin_reel_counter[1]): null

2019-08-24 13:11:44 - [TEST_STEP][PASSED] - println("reel 5 wild found: " + free_spin_reel_counter[2]): null

2019-08-24 13:11:44 - [TEST_STEP][PASSED] - M4_spin_reels = M4_spin_reels: null

2019-08-24 13:11:44 - [TEST_STEP][PASSED] - M4_spin_reels_symbols = symbol: null

2019-08-24 13:11:44 - [TEST_STEP][PASSED] - M4_spin_reels_symbols = M4_spin_reels_symbols: null

2019-08-24 13:11:44 - [TEST_STEP][PASSED] - M4_spin_reel_wins = reel_wins: null

2019-08-24 13:11:44 - [TEST_STEP][PASSED] - M4_spin_reel_wins = M4_spin_reel_wins: null

2019-08-24 13:11:44 - [TEST_STEP][PASSED] - println("GlobalVariable.M4_spin_reel_wins is: " + M4_spin_reel_wins): null

2019-08-24 13:11:44 - [TEST_STEP][PASSED] - M4_spin_total_bonus_win_this_round = total_bonus_win_this_round: null

2019-08-24 13:11:44 - [TEST_STEP][PASSED] - M4_spin_total_bonus_win_this_round = M4_spin_total_bonus_win_this_round: null

2019-08-24 13:11:44 - [TEST_STEP][PASSED] - println("GlobalVariable.M4_spin_total_bonus_win_this_round is: " + M4_spin_total_bonus_win_this_round): null

2019-08-24 13:11:44 - [TEST_STEP][PASSED] - M4_spin_bonus_spin_result = spin_result: null

2019-08-24 13:11:44 - [TEST_STEP][PASSED] - M4_spin_bonus_spin_result = M4_spin_bonus_spin_result: null

2019-08-24 13:11:44 - [MESSAGE][PASSED] - Verify response successfully

2019-08-24 13:11:44 - [MESSAGE][PASSED] - Send request and verify the response successfully

2019-08-24 13:11:44 - [TEST_STEP][PASSED] - if (M4_total_bonus_spins_int != 0 &amp;&amp; M4_spin_reels_symbols[2].contains("WILD_Expanding")): null

2019-08-24 13:11:44 - [TEST_STEP][PASSED] - free_spin_reel_counter = free_spin_reel_counter: null

2019-08-24 13:11:44 - [TEST_STEP][PASSED] - M4_spin_reels_symbols = M4_spin_reels_symbols: null

2019-08-24 13:11:44 - [TEST_STEP][PASSED] - M4_total_bonus_spins = M4_total_bonus_spins: null

2019-08-24 13:11:44 - [TEST_STEP][PASSED] - spin_result = sendRequestAndVerify(findTestObject("INT/RGS(M4)/1_M4_spin", ["M4_login_user_id":M4_login_user_id, "rgs_session_token":rgs_session_token, "partner":Partner])): Send request and verify the response successfully

2019-08-24 13:11:45 - [MESSAGE][INFO] - HAR: /Users/eiralee/Katalon_Script/SuperWild/Reports/20190824_125957/INT/superWild_5/20190824_125957/requests/main/209.har

2019-08-24 13:11:45 - [TEST_CASE][PASSED] - Start Test Case : Verification: Verification accomplished successfully

2019-08-24 13:11:45 - [TEST_STEP][PASSED] - request = getInstance().getCurrentRequest(): null

2019-08-24 13:11:45 - [TEST_STEP][PASSED] - response = getInstance().getCurrentResponse(): null

2019-08-24 13:11:45 - [TEST_STEP][PASSED] - verifyResponseStatusCode(response, 200): Verify response status code successfully

2019-08-24 13:11:45 - [MESSAGE][PASSED] - Verify response status code successfully

2019-08-24 13:11:45 - [TEST_STEP][PASSED] - getStatusCode()).isEqualTo(200): null

2019-08-24 13:11:45 - [TEST_STEP][PASSED] - newline = System.getProperty("line.separator"): null

2019-08-24 13:11:45 - [TEST_STEP][PASSED] - M4_spin = new groovy.json.JsonSlurper(): null

2019-08-24 13:11:45 - [TEST_STEP][PASSED] - result_M4_spin = M4_spin.parseText(response.getResponseBodyContent()): null

2019-08-24 13:11:45 - [TEST_STEP][PASSED] - M4_spin_current_balance = current_balance: null

2019-08-24 13:11:45 - [TEST_STEP][PASSED] - M4_spin_current_balance = M4_spin_current_balance: null

2019-08-24 13:11:45 - [TEST_STEP][PASSED] - M4_spin_transaction_id = causality: null

2019-08-24 13:11:45 - [TEST_STEP][PASSED] - M4_spin_transaction_id = M4_spin_transaction_id: null

2019-08-24 13:11:45 - [TEST_STEP][PASSED] - M4_spin_round_id = round_id: null

2019-08-24 13:11:45 - [TEST_STEP][PASSED] - M4_spin_round_id = M4_spin_round_id: null

2019-08-24 13:11:45 - [TEST_STEP][PASSED] - M4_spin_line_wins = line_wins: null

2019-08-24 13:11:45 - [TEST_STEP][PASSED] - M4_spin_line_wins = M4_spin_line_wins: null

2019-08-24 13:11:45 - [TEST_STEP][PASSED] - M4_total_bonus_spins_int = total_bonus_spins: null

2019-08-24 13:11:45 - [TEST_STEP][PASSED] - println("******M4_total_bonus_spins type is:*******" + newline + getClass().getName()): null

2019-08-24 13:11:45 - [TEST_STEP][PASSED] - M4_total_bonus_spins_int = M4_total_bonus_spins_int: null

2019-08-24 13:11:45 - [TEST_STEP][PASSED] - M4_total_bonus_spins = Integer.toString(M4_total_bonus_spins_int): null

2019-08-24 13:11:45 - [TEST_STEP][PASSED] - M4_total_bonus_spins = M4_total_bonus_spins: null

2019-08-24 13:11:45 - [TEST_STEP][PASSED] - println("M4_total_bonus_spins is:" + M4_total_bonus_spins): null

2019-08-24 13:11:45 - [TEST_STEP][PASSED] - M4_spin_bonus_data = bonus_data: null

2019-08-24 13:11:45 - [TEST_STEP][PASSED] - M4_spin_features_triggered = result_M4_spin: null

2019-08-24 13:11:45 - [TEST_STEP][PASSED] - wild = []: null

2019-08-24 13:11:45 - [TEST_STEP][PASSED] - wild[0] = "WILD_Expanding": null

2019-08-24 13:11:45 - [TEST_STEP][PASSED] - wild[1] = "WILD_Normal": null

2019-08-24 13:11:45 - [TEST_STEP][PASSED] - wild[2] = "WILD_Double": null

2019-08-24 13:11:45 - [TEST_STEP][PASSED] - wild[3] = "WILD_ExtraFG": null

2019-08-24 13:11:45 - [TEST_STEP][PASSED] - wild[4] = "WILD_Triple": null

2019-08-24 13:11:45 - [TEST_STEP][PASSED] - wildList = Arrays.asList(wild): null

2019-08-24 13:11:45 - [TEST_STEP][PASSED] - wildList = wildList: null

2019-08-24 13:11:45 - [TEST_STEP][PASSED] - free_spin_reel_counter = []: null

2019-08-24 13:11:45 - [TEST_STEP][PASSED] - free_spin_reel_counter[0] = 0: null

2019-08-24 13:11:45 - [TEST_STEP][PASSED] - free_spin_reel_counter[1] = 0: null

2019-08-24 13:11:45 - [TEST_STEP][PASSED] - free_spin_reel_counter[2] = 0: null

2019-08-24 13:11:45 - [TEST_STEP][PASSED] - M4_spin_reels = reels: null

2019-08-24 13:11:45 - [TEST_STEP][PASSED] - for ([i = 0, i &lt; M4_spin_reels.size(), (i++)]): null

2019-08-24 13:11:45 - [TEST_STEP][PASSED] - symbols = symbols: null

2019-08-24 13:11:45 - [TEST_STEP][PASSED] - for ([j = 0, j &lt; symbols.size(), (j++)]): null

2019-08-24 13:11:45 - [TEST_STEP][PASSED] - symbol = symbol: null

2019-08-24 13:11:45 - [TEST_STEP][PASSED] - println(symbol): null

2019-08-24 13:11:45 - [TEST_STEP][PASSED] - if (i == 2 &amp;&amp; wildList.indexOf(symbol) != -1): null

2019-08-24 13:11:45 - [TEST_STEP][PASSED] - if (i == 3 &amp;&amp; wildList.indexOf(symbol) != -1): null

2019-08-24 13:11:45 - [TEST_STEP][PASSED] - if (i == 4 &amp;&amp; wildList.indexOf(symbol) != -1): null

2019-08-24 13:11:45 - [TEST_STEP][PASSED] - symbol = symbol: null

2019-08-24 13:11:45 - [TEST_STEP][PASSED] - println(symbol): null

2019-08-24 13:11:45 - [TEST_STEP][PASSED] - if (i == 2 &amp;&amp; wildList.indexOf(symbol) != -1): null

2019-08-24 13:11:45 - [TEST_STEP][PASSED] - if (i == 3 &amp;&amp; wildList.indexOf(symbol) != -1): null

2019-08-24 13:11:45 - [TEST_STEP][PASSED] - if (i == 4 &amp;&amp; wildList.indexOf(symbol) != -1): null

2019-08-24 13:11:45 - [TEST_STEP][PASSED] - symbol = symbol: null

2019-08-24 13:11:45 - [TEST_STEP][PASSED] - println(symbol): null

2019-08-24 13:11:45 - [TEST_STEP][PASSED] - if (i == 2 &amp;&amp; wildList.indexOf(symbol) != -1): null

2019-08-24 13:11:45 - [TEST_STEP][PASSED] - if (i == 3 &amp;&amp; wildList.indexOf(symbol) != -1): null

2019-08-24 13:11:45 - [TEST_STEP][PASSED] - if (i == 4 &amp;&amp; wildList.indexOf(symbol) != -1): null

2019-08-24 13:11:45 - [TEST_STEP][PASSED] - symbols = symbols: null

2019-08-24 13:11:45 - [TEST_STEP][PASSED] - for ([j = 0, j &lt; symbols.size(), (j++)]): null

2019-08-24 13:11:45 - [TEST_STEP][PASSED] - symbol = symbol: null

2019-08-24 13:11:45 - [TEST_STEP][PASSED] - println(symbol): null

2019-08-24 13:11:45 - [TEST_STEP][PASSED] - if (i == 2 &amp;&amp; wildList.indexOf(symbol) != -1): null

2019-08-24 13:11:45 - [TEST_STEP][PASSED] - if (i == 3 &amp;&amp; wildList.indexOf(symbol) != -1): null

2019-08-24 13:11:45 - [TEST_STEP][PASSED] - if (i == 4 &amp;&amp; wildList.indexOf(symbol) != -1): null

2019-08-24 13:11:45 - [TEST_STEP][PASSED] - symbol = symbol: null

2019-08-24 13:11:45 - [TEST_STEP][PASSED] - println(symbol): null

2019-08-24 13:11:45 - [TEST_STEP][PASSED] - if (i == 2 &amp;&amp; wildList.indexOf(symbol) != -1): null

2019-08-24 13:11:45 - [TEST_STEP][PASSED] - if (i == 3 &amp;&amp; wildList.indexOf(symbol) != -1): null

2019-08-24 13:11:45 - [TEST_STEP][PASSED] - if (i == 4 &amp;&amp; wildList.indexOf(symbol) != -1): null

2019-08-24 13:11:45 - [TEST_STEP][PASSED] - symbol = symbol: null

2019-08-24 13:11:45 - [TEST_STEP][PASSED] - println(symbol): null

2019-08-24 13:11:45 - [TEST_STEP][PASSED] - if (i == 2 &amp;&amp; wildList.indexOf(symbol) != -1): null

2019-08-24 13:11:45 - [TEST_STEP][PASSED] - if (i == 3 &amp;&amp; wildList.indexOf(symbol) != -1): null

2019-08-24 13:11:45 - [TEST_STEP][PASSED] - if (i == 4 &amp;&amp; wildList.indexOf(symbol) != -1): null

2019-08-24 13:11:45 - [TEST_STEP][PASSED] - symbols = symbols: null

2019-08-24 13:11:45 - [TEST_STEP][PASSED] - for ([j = 0, j &lt; symbols.size(), (j++)]): null

2019-08-24 13:11:45 - [TEST_STEP][PASSED] - symbol = symbol: null

2019-08-24 13:11:45 - [TEST_STEP][PASSED] - println(symbol): null

2019-08-24 13:11:45 - [TEST_STEP][PASSED] - if (i == 2 &amp;&amp; wildList.indexOf(symbol) != -1): null

2019-08-24 13:11:45 - [TEST_STEP][PASSED] - if (i == 3 &amp;&amp; wildList.indexOf(symbol) != -1): null

2019-08-24 13:11:45 - [TEST_STEP][PASSED] - if (i == 4 &amp;&amp; wildList.indexOf(symbol) != -1): null

2019-08-24 13:11:45 - [TEST_STEP][PASSED] - symbol = symbol: null

2019-08-24 13:11:45 - [TEST_STEP][PASSED] - println(symbol): null

2019-08-24 13:11:45 - [TEST_STEP][PASSED] - if (i == 2 &amp;&amp; wildList.indexOf(symbol) != -1): null

2019-08-24 13:11:45 - [TEST_STEP][PASSED] - if (i == 3 &amp;&amp; wildList.indexOf(symbol) != -1): null

2019-08-24 13:11:45 - [TEST_STEP][PASSED] - if (i == 4 &amp;&amp; wildList.indexOf(symbol) != -1): null

2019-08-24 13:11:45 - [TEST_STEP][PASSED] - symbol = symbol: null

2019-08-24 13:11:45 - [TEST_STEP][PASSED] - println(symbol): null

2019-08-24 13:11:45 - [TEST_STEP][PASSED] - if (i == 2 &amp;&amp; wildList.indexOf(symbol) != -1): null

2019-08-24 13:11:45 - [TEST_STEP][PASSED] - if (i == 3 &amp;&amp; wildList.indexOf(symbol) != -1): null

2019-08-24 13:11:45 - [TEST_STEP][PASSED] - if (i == 4 &amp;&amp; wildList.indexOf(symbol) != -1): null

2019-08-24 13:11:45 - [TEST_STEP][PASSED] - symbols = symbols: null

2019-08-24 13:11:45 - [TEST_STEP][PASSED] - for ([j = 0, j &lt; symbols.size(), (j++)]): null

2019-08-24 13:11:45 - [TEST_STEP][PASSED] - symbol = symbol: null

2019-08-24 13:11:45 - [TEST_STEP][PASSED] - println(symbol): null

2019-08-24 13:11:45 - [TEST_STEP][PASSED] - if (i == 2 &amp;&amp; wildList.indexOf(symbol) != -1): null

2019-08-24 13:11:45 - [TEST_STEP][PASSED] - if (i == 3 &amp;&amp; wildList.indexOf(symbol) != -1): null

2019-08-24 13:11:45 - [TEST_STEP][PASSED] - if (i == 4 &amp;&amp; wildList.indexOf(symbol) != -1): null

2019-08-24 13:11:45 - [TEST_STEP][PASSED] - symbol = symbol: null

2019-08-24 13:11:45 - [TEST_STEP][PASSED] - println(symbol): null

2019-08-24 13:11:45 - [TEST_STEP][PASSED] - if (i == 2 &amp;&amp; wildList.indexOf(symbol) != -1): null

2019-08-24 13:11:45 - [TEST_STEP][PASSED] - if (i == 3 &amp;&amp; wildList.indexOf(symbol) != -1): null

2019-08-24 13:11:45 - [TEST_STEP][PASSED] - if (i == 4 &amp;&amp; wildList.indexOf(symbol) != -1): null

2019-08-24 13:11:45 - [TEST_STEP][PASSED] - symbol = symbol: null

2019-08-24 13:11:45 - [TEST_STEP][PASSED] - println(symbol): null

2019-08-24 13:11:45 - [TEST_STEP][PASSED] - if (i == 2 &amp;&amp; wildList.indexOf(symbol) != -1): null

2019-08-24 13:11:45 - [TEST_STEP][PASSED] - if (i == 3 &amp;&amp; wildList.indexOf(symbol) != -1): null

2019-08-24 13:11:45 - [TEST_STEP][PASSED] - if (i == 4 &amp;&amp; wildList.indexOf(symbol) != -1): null

2019-08-24 13:11:45 - [TEST_STEP][PASSED] - symbols = symbols: null

2019-08-24 13:11:45 - [TEST_STEP][PASSED] - for ([j = 0, j &lt; symbols.size(), (j++)]): null

2019-08-24 13:11:45 - [TEST_STEP][PASSED] - symbol = symbol: null

2019-08-24 13:11:45 - [TEST_STEP][PASSED] - println(symbol): null

2019-08-24 13:11:45 - [TEST_STEP][PASSED] - if (i == 2 &amp;&amp; wildList.indexOf(symbol) != -1): null

2019-08-24 13:11:45 - [TEST_STEP][PASSED] - if (i == 3 &amp;&amp; wildList.indexOf(symbol) != -1): null

2019-08-24 13:11:45 - [TEST_STEP][PASSED] - if (i == 4 &amp;&amp; wildList.indexOf(symbol) != -1): null

2019-08-24 13:11:45 - [TEST_STEP][PASSED] - symbol = symbol: null

2019-08-24 13:11:45 - [TEST_STEP][PASSED] - println(symbol): null

2019-08-24 13:11:45 - [TEST_STEP][PASSED] - if (i == 2 &amp;&amp; wildList.indexOf(symbol) != -1): null

2019-08-24 13:11:45 - [TEST_STEP][PASSED] - if (i == 3 &amp;&amp; wildList.indexOf(symbol) != -1): null

2019-08-24 13:11:45 - [TEST_STEP][PASSED] - if (i == 4 &amp;&amp; wildList.indexOf(symbol) != -1): null

2019-08-24 13:11:45 - [TEST_STEP][PASSED] - symbol = symbol: null

2019-08-24 13:11:45 - [TEST_STEP][PASSED] - println(symbol): null

2019-08-24 13:11:45 - [TEST_STEP][PASSED] - if (i == 2 &amp;&amp; wildList.indexOf(symbol) != -1): null

2019-08-24 13:11:45 - [TEST_STEP][PASSED] - if (i == 3 &amp;&amp; wildList.indexOf(symbol) != -1): null

2019-08-24 13:11:45 - [TEST_STEP][PASSED] - if (i == 4 &amp;&amp; wildList.indexOf(symbol) != -1): null

2019-08-24 13:11:45 - [TEST_STEP][PASSED] - free_spin_reel_counter = free_spin_reel_counter: null

2019-08-24 13:11:45 - [TEST_STEP][PASSED] - println("reel 3 wild found: " + free_spin_reel_counter[0]): null

2019-08-24 13:11:45 - [TEST_STEP][PASSED] - println("reel 4 wild found: " + free_spin_reel_counter[1]): null

2019-08-24 13:11:45 - [TEST_STEP][PASSED] - println("reel 5 wild found: " + free_spin_reel_counter[2]): null

2019-08-24 13:11:45 - [TEST_STEP][PASSED] - M4_spin_reels = M4_spin_reels: null

2019-08-24 13:11:45 - [TEST_STEP][PASSED] - M4_spin_reels_symbols = symbol: null

2019-08-24 13:11:45 - [TEST_STEP][PASSED] - M4_spin_reels_symbols = M4_spin_reels_symbols: null

2019-08-24 13:11:45 - [TEST_STEP][PASSED] - M4_spin_reel_wins = reel_wins: null

2019-08-24 13:11:45 - [TEST_STEP][PASSED] - M4_spin_reel_wins = M4_spin_reel_wins: null

2019-08-24 13:11:45 - [TEST_STEP][PASSED] - println("GlobalVariable.M4_spin_reel_wins is: " + M4_spin_reel_wins): null

2019-08-24 13:11:45 - [TEST_STEP][PASSED] - M4_spin_total_bonus_win_this_round = total_bonus_win_this_round: null

2019-08-24 13:11:45 - [TEST_STEP][PASSED] - M4_spin_total_bonus_win_this_round = M4_spin_total_bonus_win_this_round: null

2019-08-24 13:11:45 - [TEST_STEP][PASSED] - println("GlobalVariable.M4_spin_total_bonus_win_this_round is: " + M4_spin_total_bonus_win_this_round): null

2019-08-24 13:11:45 - [TEST_STEP][PASSED] - M4_spin_bonus_spin_result = spin_result: null

2019-08-24 13:11:45 - [TEST_STEP][PASSED] - M4_spin_bonus_spin_result = M4_spin_bonus_spin_result: null

2019-08-24 13:11:45 - [MESSAGE][PASSED] - Verify response successfully

2019-08-24 13:11:45 - [MESSAGE][PASSED] - Send request and verify the response successfully

2019-08-24 13:11:45 - [TEST_STEP][PASSED] - if (M4_total_bonus_spins_int != 0 &amp;&amp; M4_spin_reels_symbols[2].contains("WILD_Expanding")): null

2019-08-24 13:11:45 - [TEST_STEP][PASSED] - free_spin_reel_counter = free_spin_reel_counter: null

2019-08-24 13:11:45 - [TEST_STEP][PASSED] - M4_spin_reels_symbols = M4_spin_reels_symbols: null

2019-08-24 13:11:45 - [TEST_STEP][PASSED] - M4_total_bonus_spins = M4_total_bonus_spins: null

2019-08-24 13:11:45 - [TEST_STEP][PASSED] - spin_result = sendRequestAndVerify(findTestObject("INT/RGS(M4)/1_M4_spin", ["M4_login_user_id":M4_login_user_id, "rgs_session_token":rgs_session_token, "partner":Partner])): Send request and verify the response successfully

2019-08-24 13:11:45 - [MESSAGE][INFO] - HAR: /Users/eiralee/Katalon_Script/SuperWild/Reports/20190824_125957/INT/superWild_5/20190824_125957/requests/main/210.har

2019-08-24 13:11:46 - [TEST_CASE][PASSED] - Start Test Case : Verification: Verification accomplished successfully

2019-08-24 13:11:46 - [TEST_STEP][PASSED] - request = getInstance().getCurrentRequest(): null

2019-08-24 13:11:46 - [TEST_STEP][PASSED] - response = getInstance().getCurrentResponse(): null

2019-08-24 13:11:46 - [TEST_STEP][PASSED] - verifyResponseStatusCode(response, 200): Verify response status code successfully

2019-08-24 13:11:46 - [MESSAGE][PASSED] - Verify response status code successfully

2019-08-24 13:11:46 - [TEST_STEP][PASSED] - getStatusCode()).isEqualTo(200): null

2019-08-24 13:11:46 - [TEST_STEP][PASSED] - newline = System.getProperty("line.separator"): null

2019-08-24 13:11:46 - [TEST_STEP][PASSED] - M4_spin = new groovy.json.JsonSlurper(): null

2019-08-24 13:11:46 - [TEST_STEP][PASSED] - result_M4_spin = M4_spin.parseText(response.getResponseBodyContent()): null

2019-08-24 13:11:46 - [TEST_STEP][PASSED] - M4_spin_current_balance = current_balance: null

2019-08-24 13:11:46 - [TEST_STEP][PASSED] - M4_spin_current_balance = M4_spin_current_balance: null

2019-08-24 13:11:46 - [TEST_STEP][PASSED] - M4_spin_transaction_id = causality: null

2019-08-24 13:11:46 - [TEST_STEP][PASSED] - M4_spin_transaction_id = M4_spin_transaction_id: null

2019-08-24 13:11:46 - [TEST_STEP][PASSED] - M4_spin_round_id = round_id: null

2019-08-24 13:11:49 - [TEST_STEP][PASSED] - M4_spin_round_id = M4_spin_round_id: null

2019-08-24 13:11:49 - [TEST_STEP][PASSED] - M4_spin_line_wins = line_wins: null

2019-08-24 13:11:49 - [TEST_STEP][PASSED] - M4_spin_line_wins = M4_spin_line_wins: null

2019-08-24 13:11:49 - [TEST_STEP][PASSED] - M4_total_bonus_spins_int = total_bonus_spins: null

2019-08-24 13:11:49 - [TEST_STEP][PASSED] - println("******M4_total_bonus_spins type is:*******" + newline + getClass().getName()): null

2019-08-24 13:11:49 - [TEST_STEP][PASSED] - M4_total_bonus_spins_int = M4_total_bonus_spins_int: null

2019-08-24 13:11:49 - [TEST_STEP][PASSED] - M4_total_bonus_spins = Integer.toString(M4_total_bonus_spins_int): null

2019-08-24 13:11:49 - [TEST_STEP][PASSED] - M4_total_bonus_spins = M4_total_bonus_spins: null

2019-08-24 13:11:49 - [TEST_STEP][PASSED] - println("M4_total_bonus_spins is:" + M4_total_bonus_spins): null

2019-08-24 13:11:49 - [TEST_STEP][PASSED] - M4_spin_bonus_data = bonus_data: null

2019-08-24 13:11:54 - [TEST_STEP][PASSED] - M4_spin_features_triggered = result_M4_spin: null

2019-08-24 13:11:54 - [TEST_STEP][PASSED] - wild = []: null

2019-08-24 13:11:54 - [TEST_STEP][PASSED] - wild[0] = "WILD_Expanding": null

2019-08-24 13:11:54 - [TEST_STEP][PASSED] - wild[1] = "WILD_Normal": null

2019-08-24 13:11:54 - [TEST_STEP][PASSED] - wild[2] = "WILD_Double": null

2019-08-24 13:11:54 - [TEST_STEP][PASSED] - wild[3] = "WILD_ExtraFG": null

2019-08-24 13:11:59 - [TEST_STEP][PASSED] - wild[4] = "WILD_Triple": null

2019-08-24 13:11:59 - [TEST_STEP][PASSED] - wildList = Arrays.asList(wild): null

2019-08-24 13:11:59 - [TEST_STEP][PASSED] - wildList = wildList: null

2019-08-24 13:11:59 - [TEST_STEP][PASSED] - free_spin_reel_counter = []: null

2019-08-24 13:11:59 - [TEST_STEP][PASSED] - free_spin_reel_counter[0] = 0: null

2019-08-24 13:11:59 - [TEST_STEP][PASSED] - free_spin_reel_counter[1] = 0: null

2019-08-24 13:11:59 - [TEST_STEP][PASSED] - free_spin_reel_counter[2] = 0: null

2019-08-24 13:11:59 - [TEST_STEP][PASSED] - M4_spin_reels = reels: null

2019-08-24 13:11:59 - [TEST_STEP][PASSED] - for ([i = 0, i &lt; M4_spin_reels.size(), (i++)]): null

2019-08-24 13:11:59 - [TEST_STEP][PASSED] - symbols = symbols: null

2019-08-24 13:11:59 - [TEST_STEP][PASSED] - for ([j = 0, j &lt; symbols.size(), (j++)]): null

2019-08-24 13:11:59 - [TEST_STEP][PASSED] - symbol = symbol: null

2019-08-24 13:11:59 - [TEST_STEP][PASSED] - println(symbol): null

2019-08-24 13:11:59 - [TEST_STEP][PASSED] - if (i == 2 &amp;&amp; wildList.indexOf(symbol) != -1): null

2019-08-24 13:11:59 - [TEST_STEP][PASSED] - if (i == 3 &amp;&amp; wildList.indexOf(symbol) != -1): null

2019-08-24 13:11:59 - [TEST_STEP][PASSED] - if (i == 4 &amp;&amp; wildList.indexOf(symbol) != -1): null

2019-08-24 13:11:59 - [TEST_STEP][PASSED] - symbol = symbol: null

2019-08-24 13:11:59 - [TEST_STEP][PASSED] - println(symbol): null

2019-08-24 13:11:59 - [TEST_STEP][PASSED] - if (i == 2 &amp;&amp; wildList.indexOf(symbol) != -1): null

2019-08-24 13:11:59 - [TEST_STEP][PASSED] - if (i == 3 &amp;&amp; wildList.indexOf(symbol) != -1): null

2019-08-24 13:11:59 - [TEST_STEP][PASSED] - if (i == 4 &amp;&amp; wildList.indexOf(symbol) != -1): null

2019-08-24 13:11:59 - [TEST_STEP][PASSED] - symbol = symbol: null

2019-08-24 13:11:59 - [TEST_STEP][PASSED] - println(symbol): null

2019-08-24 13:11:59 - [TEST_STEP][PASSED] - if (i == 2 &amp;&amp; wildList.indexOf(symbol) != -1): null

2019-08-24 13:11:59 - [TEST_STEP][PASSED] - if (i == 3 &amp;&amp; wildList.indexOf(symbol) != -1): null

2019-08-24 13:11:59 - [TEST_STEP][PASSED] - if (i == 4 &amp;&amp; wildList.indexOf(symbol) != -1): null

2019-08-24 13:11:59 - [TEST_STEP][PASSED] - symbols = symbols: null

2019-08-24 13:11:59 - [TEST_STEP][PASSED] - for ([j = 0, j &lt; symbols.size(), (j++)]): null

2019-08-24 13:11:59 - [TEST_STEP][PASSED] - symbol = symbol: null

2019-08-24 13:11:59 - [TEST_STEP][PASSED] - println(symbol): null

2019-08-24 13:11:59 - [TEST_STEP][PASSED] - if (i == 2 &amp;&amp; wildList.indexOf(symbol) != -1): null

2019-08-24 13:11:59 - [TEST_STEP][PASSED] - if (i == 3 &amp;&amp; wildList.indexOf(symbol) != -1): null

2019-08-24 13:11:59 - [TEST_STEP][PASSED] - if (i == 4 &amp;&amp; wildList.indexOf(symbol) != -1): null

2019-08-24 13:11:59 - [TEST_STEP][PASSED] - symbol = symbol: null

2019-08-24 13:11:59 - [TEST_STEP][PASSED] - println(symbol): null

2019-08-24 13:11:59 - [TEST_STEP][PASSED] - if (i == 2 &amp;&amp; wildList.indexOf(symbol) != -1): null

2019-08-24 13:11:59 - [TEST_STEP][PASSED] - if (i == 3 &amp;&amp; wildList.indexOf(symbol) != -1): null

2019-08-24 13:11:59 - [TEST_STEP][PASSED] - if (i == 4 &amp;&amp; wildList.indexOf(symbol) != -1): null

2019-08-24 13:11:59 - [TEST_STEP][PASSED] - symbol = symbol: null

2019-08-24 13:11:59 - [TEST_STEP][PASSED] - println(symbol): null

2019-08-24 13:11:59 - [TEST_STEP][PASSED] - if (i == 2 &amp;&amp; wildList.indexOf(symbol) != -1): null

2019-08-24 13:11:59 - [TEST_STEP][PASSED] - if (i == 3 &amp;&amp; wildList.indexOf(symbol) != -1): null

2019-08-24 13:11:59 - [TEST_STEP][PASSED] - if (i == 4 &amp;&amp; wildList.indexOf(symbol) != -1): null

2019-08-24 13:11:59 - [TEST_STEP][PASSED] - symbols = symbols: null

2019-08-24 13:11:59 - [TEST_STEP][PASSED] - for ([j = 0, j &lt; symbols.size(), (j++)]): null

2019-08-24 13:11:59 - [TEST_STEP][PASSED] - symbol = symbol: null

2019-08-24 13:11:59 - [TEST_STEP][PASSED] - println(symbol): null

2019-08-24 13:11:59 - [TEST_STEP][PASSED] - if (i == 2 &amp;&amp; wildList.indexOf(symbol) != -1): null

2019-08-24 13:11:59 - [TEST_STEP][PASSED] - if (i == 3 &amp;&amp; wildList.indexOf(symbol) != -1): null

2019-08-24 13:11:59 - [TEST_STEP][PASSED] - if (i == 4 &amp;&amp; wildList.indexOf(symbol) != -1): null

2019-08-24 13:11:59 - [TEST_STEP][PASSED] - symbol = symbol: null

2019-08-24 13:11:59 - [TEST_STEP][PASSED] - println(symbol): null

2019-08-24 13:11:59 - [TEST_STEP][PASSED] - if (i == 2 &amp;&amp; wildList.indexOf(symbol) != -1): null

2019-08-24 13:11:59 - [TEST_STEP][PASSED] - if (i == 3 &amp;&amp; wildList.indexOf(symbol) != -1): null

2019-08-24 13:11:59 - [TEST_STEP][PASSED] - if (i == 4 &amp;&amp; wildList.indexOf(symbol) != -1): null

2019-08-24 13:11:59 - [TEST_STEP][PASSED] - symbol = symbol: null

2019-08-24 13:11:59 - [TEST_STEP][PASSED] - println(symbol): null

2019-08-24 13:11:59 - [TEST_STEP][PASSED] - if (i == 2 &amp;&amp; wildList.indexOf(symbol) != -1): null

2019-08-24 13:11:59 - [TEST_STEP][PASSED] - if (i == 3 &amp;&amp; wildList.indexOf(symbol) != -1): null

2019-08-24 13:11:59 - [TEST_STEP][PASSED] - if (i == 4 &amp;&amp; wildList.indexOf(symbol) != -1): null

2019-08-24 13:11:59 - [TEST_STEP][PASSED] - symbols = symbols: null

2019-08-24 13:11:59 - [TEST_STEP][PASSED] - for ([j = 0, j &lt; symbols.size(), (j++)]): null

2019-08-24 13:11:59 - [TEST_STEP][PASSED] - symbol = symbol: null

2019-08-24 13:11:59 - [TEST_STEP][PASSED] - println(symbol): null

2019-08-24 13:11:59 - [TEST_STEP][PASSED] - if (i == 2 &amp;&amp; wildList.indexOf(symbol) != -1): null

2019-08-24 13:11:59 - [TEST_STEP][PASSED] - if (i == 3 &amp;&amp; wildList.indexOf(symbol) != -1): null

2019-08-24 13:11:59 - [TEST_STEP][PASSED] - if (i == 4 &amp;&amp; wildList.indexOf(symbol) != -1): null

2019-08-24 13:11:59 - [TEST_STEP][PASSED] - symbol = symbol: null

2019-08-24 13:11:59 - [TEST_STEP][PASSED] - println(symbol): null

2019-08-24 13:11:59 - [TEST_STEP][PASSED] - if (i == 2 &amp;&amp; wildList.indexOf(symbol) != -1): null

2019-08-24 13:11:59 - [TEST_STEP][PASSED] - if (i == 3 &amp;&amp; wildList.indexOf(symbol) != -1): null

2019-08-24 13:11:59 - [TEST_STEP][PASSED] - if (i == 4 &amp;&amp; wildList.indexOf(symbol) != -1): null

2019-08-24 13:11:59 - [TEST_STEP][PASSED] - symbol = symbol: null

2019-08-24 13:11:59 - [TEST_STEP][PASSED] - println(symbol): null

2019-08-24 13:11:59 - [TEST_STEP][PASSED] - if (i == 2 &amp;&amp; wildList.indexOf(symbol) != -1): null

2019-08-24 13:11:59 - [TEST_STEP][PASSED] - if (i == 3 &amp;&amp; wildList.indexOf(symbol) != -1): null

2019-08-24 13:11:59 - [TEST_STEP][PASSED] - if (i == 4 &amp;&amp; wildList.indexOf(symbol) != -1): null

2019-08-24 13:11:59 - [TEST_STEP][PASSED] - symbols = symbols: null

2019-08-24 13:11:59 - [TEST_STEP][PASSED] - for ([j = 0, j &lt; symbols.size(), (j++)]): null

2019-08-24 13:11:59 - [TEST_STEP][PASSED] - symbol = symbol: null

2019-08-24 13:11:59 - [TEST_STEP][PASSED] - println(symbol): null

2019-08-24 13:11:59 - [TEST_STEP][PASSED] - if (i == 2 &amp;&amp; wildList.indexOf(symbol) != -1): null

2019-08-24 13:11:59 - [TEST_STEP][PASSED] - if (i == 3 &amp;&amp; wildList.indexOf(symbol) != -1): null

2019-08-24 13:11:59 - [TEST_STEP][PASSED] - if (i == 4 &amp;&amp; wildList.indexOf(symbol) != -1): null

2019-08-24 13:11:59 - [TEST_STEP][PASSED] - symbol = symbol: null

2019-08-24 13:11:59 - [TEST_STEP][PASSED] - println(symbol): null

2019-08-24 13:11:59 - [TEST_STEP][PASSED] - if (i == 2 &amp;&amp; wildList.indexOf(symbol) != -1): null

2019-08-24 13:11:59 - [TEST_STEP][PASSED] - if (i == 3 &amp;&amp; wildList.indexOf(symbol) != -1): null

2019-08-24 13:11:59 - [TEST_STEP][PASSED] - if (i == 4 &amp;&amp; wildList.indexOf(symbol) != -1): null

2019-08-24 13:11:59 - [TEST_STEP][PASSED] - symbol = symbol: null

2019-08-24 13:11:59 - [TEST_STEP][PASSED] - println(symbol): null

2019-08-24 13:11:59 - [TEST_STEP][PASSED] - if (i == 2 &amp;&amp; wildList.indexOf(symbol) != -1): null

2019-08-24 13:11:59 - [TEST_STEP][PASSED] - if (i == 3 &amp;&amp; wildList.indexOf(symbol) != -1): null

2019-08-24 13:11:59 - [TEST_STEP][PASSED] - if (i == 4 &amp;&amp; wildList.indexOf(symbol) != -1): null

2019-08-24 13:11:59 - [TEST_STEP][PASSED] - free_spin_reel_counter = free_spin_reel_counter: null

2019-08-24 13:11:59 - [TEST_STEP][PASSED] - println("reel 3 wild found: " + free_spin_reel_counter[0]): null

2019-08-24 13:11:59 - [TEST_STEP][PASSED] - println("reel 4 wild found: " + free_spin_reel_counter[1]): null

2019-08-24 13:11:59 - [TEST_STEP][PASSED] - println("reel 5 wild found: " + free_spin_reel_counter[2]): null

2019-08-24 13:11:59 - [TEST_STEP][PASSED] - M4_spin_reels = M4_spin_reels: null

2019-08-24 13:11:59 - [TEST_STEP][PASSED] - M4_spin_reels_symbols = symbol: null

2019-08-24 13:11:59 - [TEST_STEP][PASSED] - M4_spin_reels_symbols = M4_spin_reels_symbols: null

2019-08-24 13:11:59 - [TEST_STEP][PASSED] - M4_spin_reel_wins = reel_wins: null

2019-08-24 13:11:59 - [TEST_STEP][PASSED] - M4_spin_reel_wins = M4_spin_reel_wins: null

2019-08-24 13:11:59 - [TEST_STEP][PASSED] - println("GlobalVariable.M4_spin_reel_wins is: " + M4_spin_reel_wins): null

2019-08-24 13:11:59 - [TEST_STEP][PASSED] - M4_spin_total_bonus_win_this_round = total_bonus_win_this_round: null

2019-08-24 13:11:59 - [TEST_STEP][PASSED] - M4_spin_total_bonus_win_this_round = M4_spin_total_bonus_win_this_round: null

2019-08-24 13:11:59 - [TEST_STEP][PASSED] - println("GlobalVariable.M4_spin_total_bonus_win_this_round is: " + M4_spin_total_bonus_win_this_round): null

2019-08-24 13:11:59 - [TEST_STEP][PASSED] - M4_spin_bonus_spin_result = spin_result: null

2019-08-24 13:11:59 - [TEST_STEP][PASSED] - M4_spin_bonus_spin_result = M4_spin_bonus_spin_result: null

2019-08-24 13:11:59 - [MESSAGE][PASSED] - Verify response successfully

2019-08-24 13:11:59 - [MESSAGE][PASSED] - Send request and verify the response successfully

2019-08-24 13:11:59 - [TEST_STEP][PASSED] - if (M4_total_bonus_spins_int != 0 &amp;&amp; M4_spin_reels_symbols[2].contains("WILD_Expanding")): null

2019-08-24 13:11:59 - [TEST_STEP][PASSED] - free_spin_reel_counter = free_spin_reel_counter: null

2019-08-24 13:11:59 - [TEST_STEP][PASSED] - M4_spin_reels_symbols = M4_spin_reels_symbols: null

2019-08-24 13:11:59 - [TEST_STEP][PASSED] - M4_total_bonus_spins = M4_total_bonus_spins: null

2019-08-24 13:11:59 - [TEST_STEP][PASSED] - spin_result = sendRequestAndVerify(findTestObject("INT/RGS(M4)/1_M4_spin", ["M4_login_user_id":M4_login_user_id, "rgs_session_token":rgs_session_token, "partner":Partner])): Send request and verify the response successfully

2019-08-24 13:12:01 - [MESSAGE][INFO] - HAR: /Users/eiralee/Katalon_Script/SuperWild/Reports/20190824_125957/INT/superWild_5/20190824_125957/requests/main/211.har

2019-08-24 13:12:01 - [TEST_CASE][PASSED] - Start Test Case : Verification: Verification accomplished successfully

2019-08-24 13:12:01 - [TEST_STEP][PASSED] - request = getInstance().getCurrentRequest(): null

2019-08-24 13:12:01 - [TEST_STEP][PASSED] - response = getInstance().getCurrentResponse(): null

2019-08-24 13:12:01 - [TEST_STEP][PASSED] - verifyResponseStatusCode(response, 200): Verify response status code successfully

2019-08-24 13:12:01 - [MESSAGE][PASSED] - Verify response status code successfully

2019-08-24 13:12:01 - [TEST_STEP][PASSED] - getStatusCode()).isEqualTo(200): null

2019-08-24 13:12:01 - [TEST_STEP][PASSED] - newline = System.getProperty("line.separator"): null

2019-08-24 13:12:01 - [TEST_STEP][PASSED] - M4_spin = new groovy.json.JsonSlurper(): null

2019-08-24 13:12:01 - [TEST_STEP][PASSED] - result_M4_spin = M4_spin.parseText(response.getResponseBodyContent()): null

2019-08-24 13:12:01 - [TEST_STEP][PASSED] - M4_spin_current_balance = current_balance: null

2019-08-24 13:12:01 - [TEST_STEP][PASSED] - M4_spin_current_balance = M4_spin_current_balance: null

2019-08-24 13:12:01 - [TEST_STEP][PASSED] - M4_spin_transaction_id = causality: null

2019-08-24 13:12:01 - [TEST_STEP][PASSED] - M4_spin_transaction_id = M4_spin_transaction_id: null

2019-08-24 13:12:01 - [TEST_STEP][PASSED] - M4_spin_round_id = round_id: null

2019-08-24 13:12:01 - [TEST_STEP][PASSED] - M4_spin_round_id = M4_spin_round_id: null

2019-08-24 13:12:01 - [TEST_STEP][PASSED] - M4_spin_line_wins = line_wins: null

2019-08-24 13:12:01 - [TEST_STEP][PASSED] - M4_spin_line_wins = M4_spin_line_wins: null

2019-08-24 13:12:01 - [TEST_STEP][PASSED] - M4_total_bonus_spins_int = total_bonus_spins: null

2019-08-24 13:12:01 - [TEST_STEP][PASSED] - println("******M4_total_bonus_spins type is:*******" + newline + getClass().getName()): null

2019-08-24 13:12:01 - [TEST_STEP][PASSED] - M4_total_bonus_spins_int = M4_total_bonus_spins_int: null

2019-08-24 13:12:01 - [TEST_STEP][PASSED] - M4_total_bonus_spins = Integer.toString(M4_total_bonus_spins_int): null

2019-08-24 13:12:01 - [TEST_STEP][PASSED] - M4_total_bonus_spins = M4_total_bonus_spins: null

2019-08-24 13:12:01 - [TEST_STEP][PASSED] - println("M4_total_bonus_spins is:" + M4_total_bonus_spins): null

2019-08-24 13:12:01 - [TEST_STEP][PASSED] - M4_spin_bonus_data = bonus_data: null

2019-08-24 13:12:01 - [TEST_STEP][PASSED] - M4_spin_features_triggered = result_M4_spin: null

2019-08-24 13:12:01 - [TEST_STEP][PASSED] - wild = []: null

2019-08-24 13:12:01 - [TEST_STEP][PASSED] - wild[0] = "WILD_Expanding": null

2019-08-24 13:12:01 - [TEST_STEP][PASSED] - wild[1] = "WILD_Normal": null

2019-08-24 13:12:01 - [TEST_STEP][PASSED] - wild[2] = "WILD_Double": null

2019-08-24 13:12:01 - [TEST_STEP][PASSED] - wild[3] = "WILD_ExtraFG": null

2019-08-24 13:12:01 - [TEST_STEP][PASSED] - wild[4] = "WILD_Triple": null

2019-08-24 13:12:01 - [TEST_STEP][PASSED] - wildList = Arrays.asList(wild): null

2019-08-24 13:12:01 - [TEST_STEP][PASSED] - wildList = wildList: null

2019-08-24 13:12:01 - [TEST_STEP][PASSED] - free_spin_reel_counter = []: null

2019-08-24 13:12:01 - [TEST_STEP][PASSED] - free_spin_reel_counter[0] = 0: null

2019-08-24 13:12:01 - [TEST_STEP][PASSED] - free_spin_reel_counter[1] = 0: null

2019-08-24 13:12:01 - [TEST_STEP][PASSED] - free_spin_reel_counter[2] = 0: null

2019-08-24 13:12:01 - [TEST_STEP][PASSED] - M4_spin_reels = reels: null

2019-08-24 13:12:01 - [TEST_STEP][PASSED] - for ([i = 0, i &lt; M4_spin_reels.size(), (i++)]): null

2019-08-24 13:12:01 - [TEST_STEP][PASSED] - symbols = symbols: null

2019-08-24 13:12:01 - [TEST_STEP][PASSED] - for ([j = 0, j &lt; symbols.size(), (j++)]): null

2019-08-24 13:12:01 - [TEST_STEP][PASSED] - symbol = symbol: null

2019-08-24 13:12:01 - [TEST_STEP][PASSED] - println(symbol): null

2019-08-24 13:12:01 - [TEST_STEP][PASSED] - if (i == 2 &amp;&amp; wildList.indexOf(symbol) != -1): null

2019-08-24 13:12:01 - [TEST_STEP][PASSED] - if (i == 3 &amp;&amp; wildList.indexOf(symbol) != -1): null

2019-08-24 13:12:01 - [TEST_STEP][PASSED] - if (i == 4 &amp;&amp; wildList.indexOf(symbol) != -1): null

2019-08-24 13:12:01 - [TEST_STEP][PASSED] - symbol = symbol: null

2019-08-24 13:12:01 - [TEST_STEP][PASSED] - println(symbol): null

2019-08-24 13:12:01 - [TEST_STEP][PASSED] - if (i == 2 &amp;&amp; wildList.indexOf(symbol) != -1): null

2019-08-24 13:12:01 - [TEST_STEP][PASSED] - if (i == 3 &amp;&amp; wildList.indexOf(symbol) != -1): null

2019-08-24 13:12:01 - [TEST_STEP][PASSED] - if (i == 4 &amp;&amp; wildList.indexOf(symbol) != -1): null

2019-08-24 13:12:01 - [TEST_STEP][PASSED] - symbol = symbol: null

2019-08-24 13:12:01 - [TEST_STEP][PASSED] - println(symbol): null

2019-08-24 13:12:01 - [TEST_STEP][PASSED] - if (i == 2 &amp;&amp; wildList.indexOf(symbol) != -1): null

2019-08-24 13:12:01 - [TEST_STEP][PASSED] - if (i == 3 &amp;&amp; wildList.indexOf(symbol) != -1): null

2019-08-24 13:12:01 - [TEST_STEP][PASSED] - if (i == 4 &amp;&amp; wildList.indexOf(symbol) != -1): null

2019-08-24 13:12:01 - [TEST_STEP][PASSED] - symbols = symbols: null

2019-08-24 13:12:01 - [TEST_STEP][PASSED] - for ([j = 0, j &lt; symbols.size(), (j++)]): null

2019-08-24 13:12:01 - [TEST_STEP][PASSED] - symbol = symbol: null

2019-08-24 13:12:01 - [TEST_STEP][PASSED] - println(symbol): null

2019-08-24 13:12:01 - [TEST_STEP][PASSED] - if (i == 2 &amp;&amp; wildList.indexOf(symbol) != -1): null

2019-08-24 13:12:01 - [TEST_STEP][PASSED] - if (i == 3 &amp;&amp; wildList.indexOf(symbol) != -1): null

2019-08-24 13:12:01 - [TEST_STEP][PASSED] - if (i == 4 &amp;&amp; wildList.indexOf(symbol) != -1): null

2019-08-24 13:12:01 - [TEST_STEP][PASSED] - symbol = symbol: null

2019-08-24 13:12:01 - [TEST_STEP][PASSED] - println(symbol): null

2019-08-24 13:12:01 - [TEST_STEP][PASSED] - if (i == 2 &amp;&amp; wildList.indexOf(symbol) != -1): null

2019-08-24 13:12:01 - [TEST_STEP][PASSED] - if (i == 3 &amp;&amp; wildList.indexOf(symbol) != -1): null

2019-08-24 13:12:01 - [TEST_STEP][PASSED] - if (i == 4 &amp;&amp; wildList.indexOf(symbol) != -1): null

2019-08-24 13:12:01 - [TEST_STEP][PASSED] - symbol = symbol: null

2019-08-24 13:12:01 - [TEST_STEP][PASSED] - println(symbol): null

2019-08-24 13:12:01 - [TEST_STEP][PASSED] - if (i == 2 &amp;&amp; wildList.indexOf(symbol) != -1): null

2019-08-24 13:12:01 - [TEST_STEP][PASSED] - if (i == 3 &amp;&amp; wildList.indexOf(symbol) != -1): null

2019-08-24 13:12:01 - [TEST_STEP][PASSED] - if (i == 4 &amp;&amp; wildList.indexOf(symbol) != -1): null

2019-08-24 13:12:01 - [TEST_STEP][PASSED] - symbols = symbols: null

2019-08-24 13:12:01 - [TEST_STEP][PASSED] - for ([j = 0, j &lt; symbols.size(), (j++)]): null

2019-08-24 13:12:01 - [TEST_STEP][PASSED] - symbol = symbol: null

2019-08-24 13:12:01 - [TEST_STEP][PASSED] - println(symbol): null

2019-08-24 13:12:01 - [TEST_STEP][PASSED] - if (i == 2 &amp;&amp; wildList.indexOf(symbol) != -1): null

2019-08-24 13:12:01 - [TEST_STEP][PASSED] - if (i == 3 &amp;&amp; wildList.indexOf(symbol) != -1): null

2019-08-24 13:12:01 - [TEST_STEP][PASSED] - if (i == 4 &amp;&amp; wildList.indexOf(symbol) != -1): null

2019-08-24 13:12:01 - [TEST_STEP][PASSED] - symbol = symbol: null

2019-08-24 13:12:01 - [TEST_STEP][PASSED] - println(symbol): null

2019-08-24 13:12:01 - [TEST_STEP][PASSED] - if (i == 2 &amp;&amp; wildList.indexOf(symbol) != -1): null

2019-08-24 13:12:01 - [TEST_STEP][PASSED] - if (i == 3 &amp;&amp; wildList.indexOf(symbol) != -1): null

2019-08-24 13:12:01 - [TEST_STEP][PASSED] - if (i == 4 &amp;&amp; wildList.indexOf(symbol) != -1): null

2019-08-24 13:12:01 - [TEST_STEP][PASSED] - symbol = symbol: null

2019-08-24 13:12:01 - [TEST_STEP][PASSED] - println(symbol): null

2019-08-24 13:12:01 - [TEST_STEP][PASSED] - if (i == 2 &amp;&amp; wildList.indexOf(symbol) != -1): null

2019-08-24 13:12:01 - [TEST_STEP][PASSED] - if (i == 3 &amp;&amp; wildList.indexOf(symbol) != -1): null

2019-08-24 13:12:01 - [TEST_STEP][PASSED] - if (i == 4 &amp;&amp; wildList.indexOf(symbol) != -1): null

2019-08-24 13:12:01 - [TEST_STEP][PASSED] - symbols = symbols: null

2019-08-24 13:12:01 - [TEST_STEP][PASSED] - for ([j = 0, j &lt; symbols.size(), (j++)]): null

2019-08-24 13:12:01 - [TEST_STEP][PASSED] - symbol = symbol: null

2019-08-24 13:12:01 - [TEST_STEP][PASSED] - println(symbol): null

2019-08-24 13:12:01 - [TEST_STEP][PASSED] - if (i == 2 &amp;&amp; wildList.indexOf(symbol) != -1): null

2019-08-24 13:12:01 - [TEST_STEP][PASSED] - if (i == 3 &amp;&amp; wildList.indexOf(symbol) != -1): null

2019-08-24 13:12:01 - [TEST_STEP][PASSED] - if (i == 4 &amp;&amp; wildList.indexOf(symbol) != -1): null

2019-08-24 13:12:01 - [TEST_STEP][PASSED] - symbol = symbol: null

2019-08-24 13:12:01 - [TEST_STEP][PASSED] - println(symbol): null

2019-08-24 13:12:01 - [TEST_STEP][PASSED] - if (i == 2 &amp;&amp; wildList.indexOf(symbol) != -1): null

2019-08-24 13:12:01 - [TEST_STEP][PASSED] - if (i == 3 &amp;&amp; wildList.indexOf(symbol) != -1): null

2019-08-24 13:12:01 - [TEST_STEP][PASSED] - if (i == 4 &amp;&amp; wildList.indexOf(symbol) != -1): null

2019-08-24 13:12:01 - [TEST_STEP][PASSED] - symbol = symbol: null

2019-08-24 13:12:01 - [TEST_STEP][PASSED] - println(symbol): null

2019-08-24 13:12:01 - [TEST_STEP][PASSED] - if (i == 2 &amp;&amp; wildList.indexOf(symbol) != -1): null

2019-08-24 13:12:01 - [TEST_STEP][PASSED] - if (i == 3 &amp;&amp; wildList.indexOf(symbol) != -1): null

2019-08-24 13:12:01 - [TEST_STEP][PASSED] - if (i == 4 &amp;&amp; wildList.indexOf(symbol) != -1): null

2019-08-24 13:12:01 - [TEST_STEP][PASSED] - symbols = symbols: null

2019-08-24 13:12:01 - [TEST_STEP][PASSED] - for ([j = 0, j &lt; symbols.size(), (j++)]): null

2019-08-24 13:12:01 - [TEST_STEP][PASSED] - symbol = symbol: null

2019-08-24 13:12:01 - [TEST_STEP][PASSED] - println(symbol): null

2019-08-24 13:12:01 - [TEST_STEP][PASSED] - if (i == 2 &amp;&amp; wildList.indexOf(symbol) != -1): null

2019-08-24 13:12:01 - [TEST_STEP][PASSED] - if (i == 3 &amp;&amp; wildList.indexOf(symbol) != -1): null

2019-08-24 13:12:01 - [TEST_STEP][PASSED] - if (i == 4 &amp;&amp; wildList.indexOf(symbol) != -1): null

2019-08-24 13:12:01 - [TEST_STEP][PASSED] - println("wild found on reel 5, adding counter by 1"): null

2019-08-24 13:12:01 - [TEST_STEP][PASSED] - free_spin_reel_counter[2] = free_spin_reel_counter[2] + 1: null

2019-08-24 13:12:01 - [TEST_STEP][PASSED] - symbol = symbol: null

2019-08-24 13:12:01 - [TEST_STEP][PASSED] - println(symbol): null

2019-08-24 13:12:01 - [TEST_STEP][PASSED] - if (i == 2 &amp;&amp; wildList.indexOf(symbol) != -1): null

2019-08-24 13:12:01 - [TEST_STEP][PASSED] - if (i == 3 &amp;&amp; wildList.indexOf(symbol) != -1): null

2019-08-24 13:12:01 - [TEST_STEP][PASSED] - if (i == 4 &amp;&amp; wildList.indexOf(symbol) != -1): null

2019-08-24 13:12:01 - [TEST_STEP][PASSED] - symbol = symbol: null

2019-08-24 13:12:01 - [TEST_STEP][PASSED] - println(symbol): null

2019-08-24 13:12:01 - [TEST_STEP][PASSED] - if (i == 2 &amp;&amp; wildList.indexOf(symbol) != -1): null

2019-08-24 13:12:01 - [TEST_STEP][PASSED] - if (i == 3 &amp;&amp; wildList.indexOf(symbol) != -1): null

2019-08-24 13:12:01 - [TEST_STEP][PASSED] - if (i == 4 &amp;&amp; wildList.indexOf(symbol) != -1): null

2019-08-24 13:12:01 - [TEST_STEP][PASSED] - free_spin_reel_counter = free_spin_reel_counter: null

2019-08-24 13:12:01 - [TEST_STEP][PASSED] - println("reel 3 wild found: " + free_spin_reel_counter[0]): null

2019-08-24 13:12:01 - [TEST_STEP][PASSED] - println("reel 4 wild found: " + free_spin_reel_counter[1]): null

2019-08-24 13:12:01 - [TEST_STEP][PASSED] - println("reel 5 wild found: " + free_spin_reel_counter[2]): null

2019-08-24 13:12:01 - [TEST_STEP][PASSED] - M4_spin_reels = M4_spin_reels: null

2019-08-24 13:12:01 - [TEST_STEP][PASSED] - M4_spin_reels_symbols = symbol: null

2019-08-24 13:12:01 - [TEST_STEP][PASSED] - M4_spin_reels_symbols = M4_spin_reels_symbols: null

2019-08-24 13:12:01 - [TEST_STEP][PASSED] - M4_spin_reel_wins = reel_wins: null

2019-08-24 13:12:01 - [TEST_STEP][PASSED] - M4_spin_reel_wins = M4_spin_reel_wins: null

2019-08-24 13:12:01 - [TEST_STEP][PASSED] - println("GlobalVariable.M4_spin_reel_wins is: " + M4_spin_reel_wins): null

2019-08-24 13:12:01 - [TEST_STEP][PASSED] - M4_spin_total_bonus_win_this_round = total_bonus_win_this_round: null

2019-08-24 13:12:01 - [TEST_STEP][PASSED] - M4_spin_total_bonus_win_this_round = M4_spin_total_bonus_win_this_round: null

2019-08-24 13:12:01 - [TEST_STEP][PASSED] - println("GlobalVariable.M4_spin_total_bonus_win_this_round is: " + M4_spin_total_bonus_win_this_round): null

2019-08-24 13:12:01 - [TEST_STEP][PASSED] - M4_spin_bonus_spin_result = spin_result: null

2019-08-24 13:12:01 - [TEST_STEP][PASSED] - M4_spin_bonus_spin_result = M4_spin_bonus_spin_result: null

2019-08-24 13:12:01 - [MESSAGE][PASSED] - Verify response successfully

2019-08-24 13:12:01 - [MESSAGE][PASSED] - Send request and verify the response successfully

2019-08-24 13:12:01 - [TEST_STEP][PASSED] - if (M4_total_bonus_spins_int != 0 &amp;&amp; M4_spin_reels_symbols[2].contains("WILD_Expanding")): null

2019-08-24 13:12:01 - [TEST_STEP][PASSED] - free_spin_reel_counter = free_spin_reel_counter: null

2019-08-24 13:12:01 - [TEST_STEP][PASSED] - M4_spin_reels_symbols = M4_spin_reels_symbols: null

2019-08-24 13:12:01 - [TEST_STEP][PASSED] - M4_total_bonus_spins = M4_total_bonus_spins: null

2019-08-24 13:12:01 - [TEST_STEP][PASSED] - spin_result = sendRequestAndVerify(findTestObject("INT/RGS(M4)/1_M4_spin", ["M4_login_user_id":M4_login_user_id, "rgs_session_token":rgs_session_token, "partner":Partner])): Send request and verify the response successfully

2019-08-24 13:12:01 - [MESSAGE][INFO] - HAR: /Users/eiralee/Katalon_Script/SuperWild/Reports/20190824_125957/INT/superWild_5/20190824_125957/requests/main/212.har

2019-08-24 13:12:01 - [TEST_CASE][PASSED] - Start Test Case : Verification: Verification accomplished successfully

2019-08-24 13:12:01 - [TEST_STEP][PASSED] - request = getInstance().getCurrentRequest(): null

2019-08-24 13:12:01 - [TEST_STEP][PASSED] - response = getInstance().getCurrentResponse(): null

2019-08-24 13:12:01 - [TEST_STEP][PASSED] - verifyResponseStatusCode(response, 200): Verify response status code successfully

2019-08-24 13:12:01 - [MESSAGE][PASSED] - Verify response status code successfully

2019-08-24 13:12:01 - [TEST_STEP][PASSED] - getStatusCode()).isEqualTo(200): null

2019-08-24 13:12:01 - [TEST_STEP][PASSED] - newline = System.getProperty("line.separator"): null

2019-08-24 13:12:01 - [TEST_STEP][PASSED] - M4_spin = new groovy.json.JsonSlurper(): null

2019-08-24 13:12:01 - [TEST_STEP][PASSED] - result_M4_spin = M4_spin.parseText(response.getResponseBodyContent()): null

2019-08-24 13:12:01 - [TEST_STEP][PASSED] - M4_spin_current_balance = current_balance: null

2019-08-24 13:12:01 - [TEST_STEP][PASSED] - M4_spin_current_balance = M4_spin_current_balance: null

2019-08-24 13:12:01 - [TEST_STEP][PASSED] - M4_spin_transaction_id = causality: null

2019-08-24 13:12:01 - [TEST_STEP][PASSED] - M4_spin_transaction_id = M4_spin_transaction_id: null

2019-08-24 13:12:01 - [TEST_STEP][PASSED] - M4_spin_round_id = round_id: null

2019-08-24 13:12:01 - [TEST_STEP][PASSED] - M4_spin_round_id = M4_spin_round_id: null

2019-08-24 13:12:01 - [TEST_STEP][PASSED] - M4_spin_line_wins = line_wins: null

2019-08-24 13:12:01 - [TEST_STEP][PASSED] - M4_spin_line_wins = M4_spin_line_wins: null

2019-08-24 13:12:01 - [TEST_STEP][PASSED] - M4_total_bonus_spins_int = total_bonus_spins: null

2019-08-24 13:12:01 - [TEST_STEP][PASSED] - println("******M4_total_bonus_spins type is:*******" + newline + getClass().getName()): null

2019-08-24 13:12:01 - [TEST_STEP][PASSED] - M4_total_bonus_spins_int = M4_total_bonus_spins_int: null

2019-08-24 13:12:01 - [TEST_STEP][PASSED] - M4_total_bonus_spins = Integer.toString(M4_total_bonus_spins_int): null

2019-08-24 13:12:01 - [TEST_STEP][PASSED] - M4_total_bonus_spins = M4_total_bonus_spins: null

2019-08-24 13:12:01 - [TEST_STEP][PASSED] - println("M4_total_bonus_spins is:" + M4_total_bonus_spins): null

2019-08-24 13:12:01 - [TEST_STEP][PASSED] - M4_spin_bonus_data = bonus_data: null

2019-08-24 13:12:01 - [TEST_STEP][PASSED] - M4_spin_features_triggered = result_M4_spin: null

2019-08-24 13:12:01 - [TEST_STEP][PASSED] - wild = []: null

2019-08-24 13:12:01 - [TEST_STEP][PASSED] - wild[0] = "WILD_Expanding": null

2019-08-24 13:12:01 - [TEST_STEP][PASSED] - wild[1] = "WILD_Normal": null

2019-08-24 13:12:01 - [TEST_STEP][PASSED] - wild[2] = "WILD_Double": null

2019-08-24 13:12:01 - [TEST_STEP][PASSED] - wild[3] = "WILD_ExtraFG": null

2019-08-24 13:12:01 - [TEST_STEP][PASSED] - wild[4] = "WILD_Triple": null

2019-08-24 13:12:01 - [TEST_STEP][PASSED] - wildList = Arrays.asList(wild): null

2019-08-24 13:12:01 - [TEST_STEP][PASSED] - wildList = wildList: null

2019-08-24 13:12:01 - [TEST_STEP][PASSED] - free_spin_reel_counter = []: null

2019-08-24 13:12:01 - [TEST_STEP][PASSED] - free_spin_reel_counter[0] = 0: null

2019-08-24 13:12:01 - [TEST_STEP][PASSED] - free_spin_reel_counter[1] = 0: null

2019-08-24 13:12:01 - [TEST_STEP][PASSED] - free_spin_reel_counter[2] = 0: null

2019-08-24 13:12:01 - [TEST_STEP][PASSED] - M4_spin_reels = reels: null

2019-08-24 13:12:01 - [TEST_STEP][PASSED] - for ([i = 0, i &lt; M4_spin_reels.size(), (i++)]): null

2019-08-24 13:12:01 - [TEST_STEP][PASSED] - symbols = symbols: null

2019-08-24 13:12:01 - [TEST_STEP][PASSED] - for ([j = 0, j &lt; symbols.size(), (j++)]): null

2019-08-24 13:12:01 - [TEST_STEP][PASSED] - symbol = symbol: null

2019-08-24 13:12:01 - [TEST_STEP][PASSED] - println(symbol): null

2019-08-24 13:12:01 - [TEST_STEP][PASSED] - if (i == 2 &amp;&amp; wildList.indexOf(symbol) != -1): null

2019-08-24 13:12:01 - [TEST_STEP][PASSED] - if (i == 3 &amp;&amp; wildList.indexOf(symbol) != -1): null

2019-08-24 13:12:01 - [TEST_STEP][PASSED] - if (i == 4 &amp;&amp; wildList.indexOf(symbol) != -1): null

2019-08-24 13:12:01 - [TEST_STEP][PASSED] - symbol = symbol: null

2019-08-24 13:12:01 - [TEST_STEP][PASSED] - println(symbol): null

2019-08-24 13:12:01 - [TEST_STEP][PASSED] - if (i == 2 &amp;&amp; wildList.indexOf(symbol) != -1): null

2019-08-24 13:12:01 - [TEST_STEP][PASSED] - if (i == 3 &amp;&amp; wildList.indexOf(symbol) != -1): null

2019-08-24 13:12:01 - [TEST_STEP][PASSED] - if (i == 4 &amp;&amp; wildList.indexOf(symbol) != -1): null

2019-08-24 13:12:01 - [TEST_STEP][PASSED] - symbol = symbol: null

2019-08-24 13:12:01 - [TEST_STEP][PASSED] - println(symbol): null

2019-08-24 13:12:01 - [TEST_STEP][PASSED] - if (i == 2 &amp;&amp; wildList.indexOf(symbol) != -1): null

2019-08-24 13:12:01 - [TEST_STEP][PASSED] - if (i == 3 &amp;&amp; wildList.indexOf(symbol) != -1): null

2019-08-24 13:12:01 - [TEST_STEP][PASSED] - if (i == 4 &amp;&amp; wildList.indexOf(symbol) != -1): null

2019-08-24 13:12:01 - [TEST_STEP][PASSED] - symbols = symbols: null

2019-08-24 13:12:01 - [TEST_STEP][PASSED] - for ([j = 0, j &lt; symbols.size(), (j++)]): null

2019-08-24 13:12:01 - [TEST_STEP][PASSED] - symbol = symbol: null

2019-08-24 13:12:01 - [TEST_STEP][PASSED] - println(symbol): null

2019-08-24 13:12:01 - [TEST_STEP][PASSED] - if (i == 2 &amp;&amp; wildList.indexOf(symbol) != -1): null

2019-08-24 13:12:01 - [TEST_STEP][PASSED] - if (i == 3 &amp;&amp; wildList.indexOf(symbol) != -1): null

2019-08-24 13:12:01 - [TEST_STEP][PASSED] - if (i == 4 &amp;&amp; wildList.indexOf(symbol) != -1): null

2019-08-24 13:12:01 - [TEST_STEP][PASSED] - symbol = symbol: null

2019-08-24 13:12:01 - [TEST_STEP][PASSED] - println(symbol): null

2019-08-24 13:12:01 - [TEST_STEP][PASSED] - if (i == 2 &amp;&amp; wildList.indexOf(symbol) != -1): null

2019-08-24 13:12:01 - [TEST_STEP][PASSED] - if (i == 3 &amp;&amp; wildList.indexOf(symbol) != -1): null

2019-08-24 13:12:01 - [TEST_STEP][PASSED] - if (i == 4 &amp;&amp; wildList.indexOf(symbol) != -1): null

2019-08-24 13:12:01 - [TEST_STEP][PASSED] - symbol = symbol: null

2019-08-24 13:12:01 - [TEST_STEP][PASSED] - println(symbol): null

2019-08-24 13:12:01 - [TEST_STEP][PASSED] - if (i == 2 &amp;&amp; wildList.indexOf(symbol) != -1): null

2019-08-24 13:12:01 - [TEST_STEP][PASSED] - if (i == 3 &amp;&amp; wildList.indexOf(symbol) != -1): null

2019-08-24 13:12:01 - [TEST_STEP][PASSED] - if (i == 4 &amp;&amp; wildList.indexOf(symbol) != -1): null

2019-08-24 13:12:01 - [TEST_STEP][PASSED] - symbols = symbols: null

2019-08-24 13:12:01 - [TEST_STEP][PASSED] - for ([j = 0, j &lt; symbols.size(), (j++)]): null

2019-08-24 13:12:01 - [TEST_STEP][PASSED] - symbol = symbol: null

2019-08-24 13:12:01 - [TEST_STEP][PASSED] - println(symbol): null

2019-08-24 13:12:01 - [TEST_STEP][PASSED] - if (i == 2 &amp;&amp; wildList.indexOf(symbol) != -1): null

2019-08-24 13:12:01 - [TEST_STEP][PASSED] - if (i == 3 &amp;&amp; wildList.indexOf(symbol) != -1): null

2019-08-24 13:12:01 - [TEST_STEP][PASSED] - if (i == 4 &amp;&amp; wildList.indexOf(symbol) != -1): null

2019-08-24 13:12:01 - [TEST_STEP][PASSED] - symbol = symbol: null

2019-08-24 13:12:01 - [TEST_STEP][PASSED] - println(symbol): null

2019-08-24 13:12:01 - [TEST_STEP][PASSED] - if (i == 2 &amp;&amp; wildList.indexOf(symbol) != -1): null

2019-08-24 13:12:01 - [TEST_STEP][PASSED] - if (i == 3 &amp;&amp; wildList.indexOf(symbol) != -1): null

2019-08-24 13:12:01 - [TEST_STEP][PASSED] - if (i == 4 &amp;&amp; wildList.indexOf(symbol) != -1): null

2019-08-24 13:12:01 - [TEST_STEP][PASSED] - symbol = symbol: null

2019-08-24 13:12:01 - [TEST_STEP][PASSED] - println(symbol): null

2019-08-24 13:12:01 - [TEST_STEP][PASSED] - if (i == 2 &amp;&amp; wildList.indexOf(symbol) != -1): null

2019-08-24 13:12:01 - [TEST_STEP][PASSED] - if (i == 3 &amp;&amp; wildList.indexOf(symbol) != -1): null

2019-08-24 13:12:01 - [TEST_STEP][PASSED] - if (i == 4 &amp;&amp; wildList.indexOf(symbol) != -1): null

2019-08-24 13:12:01 - [TEST_STEP][PASSED] - symbols = symbols: null

2019-08-24 13:12:01 - [TEST_STEP][PASSED] - for ([j = 0, j &lt; symbols.size(), (j++)]): null

2019-08-24 13:12:01 - [TEST_STEP][PASSED] - symbol = symbol: null

2019-08-24 13:12:01 - [TEST_STEP][PASSED] - println(symbol): null

2019-08-24 13:12:01 - [TEST_STEP][PASSED] - if (i == 2 &amp;&amp; wildList.indexOf(symbol) != -1): null

2019-08-24 13:12:01 - [TEST_STEP][PASSED] - if (i == 3 &amp;&amp; wildList.indexOf(symbol) != -1): null

2019-08-24 13:12:01 - [TEST_STEP][PASSED] - if (i == 4 &amp;&amp; wildList.indexOf(symbol) != -1): null

2019-08-24 13:12:01 - [TEST_STEP][PASSED] - symbol = symbol: null

2019-08-24 13:12:01 - [TEST_STEP][PASSED] - println(symbol): null

2019-08-24 13:12:01 - [TEST_STEP][PASSED] - if (i == 2 &amp;&amp; wildList.indexOf(symbol) != -1): null

2019-08-24 13:12:01 - [TEST_STEP][PASSED] - if (i == 3 &amp;&amp; wildList.indexOf(symbol) != -1): null

2019-08-24 13:12:01 - [TEST_STEP][PASSED] - println("wild found on reel 4, adding counter by 1"): null

2019-08-24 13:12:01 - [TEST_STEP][PASSED] - free_spin_reel_counter[1] = free_spin_reel_counter[1] + 1: null

2019-08-24 13:12:01 - [TEST_STEP][PASSED] - if (i == 4 &amp;&amp; wildList.indexOf(symbol) != -1): null

2019-08-24 13:12:01 - [TEST_STEP][PASSED] - symbol = symbol: null

2019-08-24 13:12:01 - [TEST_STEP][PASSED] - println(symbol): null

2019-08-24 13:12:01 - [TEST_STEP][PASSED] - if (i == 2 &amp;&amp; wildList.indexOf(symbol) != -1): null

2019-08-24 13:12:01 - [TEST_STEP][PASSED] - if (i == 3 &amp;&amp; wildList.indexOf(symbol) != -1): null

2019-08-24 13:12:01 - [TEST_STEP][PASSED] - if (i == 4 &amp;&amp; wildList.indexOf(symbol) != -1): null

2019-08-24 13:12:01 - [TEST_STEP][PASSED] - symbols = symbols: null

2019-08-24 13:12:01 - [TEST_STEP][PASSED] - for ([j = 0, j &lt; symbols.size(), (j++)]): null

2019-08-24 13:12:01 - [TEST_STEP][PASSED] - symbol = symbol: null

2019-08-24 13:12:01 - [TEST_STEP][PASSED] - println(symbol): null

2019-08-24 13:12:01 - [TEST_STEP][PASSED] - if (i == 2 &amp;&amp; wildList.indexOf(symbol) != -1): null

2019-08-24 13:12:01 - [TEST_STEP][PASSED] - if (i == 3 &amp;&amp; wildList.indexOf(symbol) != -1): null

2019-08-24 13:12:01 - [TEST_STEP][PASSED] - if (i == 4 &amp;&amp; wildList.indexOf(symbol) != -1): null

2019-08-24 13:12:01 - [TEST_STEP][PASSED] - symbol = symbol: null

2019-08-24 13:12:01 - [TEST_STEP][PASSED] - println(symbol): null

2019-08-24 13:12:01 - [TEST_STEP][PASSED] - if (i == 2 &amp;&amp; wildList.indexOf(symbol) != -1): null

2019-08-24 13:12:01 - [TEST_STEP][PASSED] - if (i == 3 &amp;&amp; wildList.indexOf(symbol) != -1): null

2019-08-24 13:12:01 - [TEST_STEP][PASSED] - if (i == 4 &amp;&amp; wildList.indexOf(symbol) != -1): null

2019-08-24 13:12:01 - [TEST_STEP][PASSED] - symbol = symbol: null

2019-08-24 13:12:01 - [TEST_STEP][PASSED] - println(symbol): null

2019-08-24 13:12:01 - [TEST_STEP][PASSED] - if (i == 2 &amp;&amp; wildList.indexOf(symbol) != -1): null

2019-08-24 13:12:01 - [TEST_STEP][PASSED] - if (i == 3 &amp;&amp; wildList.indexOf(symbol) != -1): null

2019-08-24 13:12:01 - [TEST_STEP][PASSED] - if (i == 4 &amp;&amp; wildList.indexOf(symbol) != -1): null

2019-08-24 13:12:01 - [TEST_STEP][PASSED] - free_spin_reel_counter = free_spin_reel_counter: null

2019-08-24 13:12:01 - [TEST_STEP][PASSED] - println("reel 3 wild found: " + free_spin_reel_counter[0]): null

2019-08-24 13:12:01 - [TEST_STEP][PASSED] - println("reel 4 wild found: " + free_spin_reel_counter[1]): null

2019-08-24 13:12:01 - [TEST_STEP][PASSED] - println("reel 5 wild found: " + free_spin_reel_counter[2]): null

2019-08-24 13:12:01 - [TEST_STEP][PASSED] - M4_spin_reels = M4_spin_reels: null

2019-08-24 13:12:01 - [TEST_STEP][PASSED] - M4_spin_reels_symbols = symbol: null

2019-08-24 13:12:01 - [TEST_STEP][PASSED] - M4_spin_reels_symbols = M4_spin_reels_symbols: null

2019-08-24 13:12:01 - [TEST_STEP][PASSED] - M4_spin_reel_wins = reel_wins: null

2019-08-24 13:12:01 - [TEST_STEP][PASSED] - M4_spin_reel_wins = M4_spin_reel_wins: null

2019-08-24 13:12:01 - [TEST_STEP][PASSED] - println("GlobalVariable.M4_spin_reel_wins is: " + M4_spin_reel_wins): null

2019-08-24 13:12:01 - [TEST_STEP][PASSED] - M4_spin_total_bonus_win_this_round = total_bonus_win_this_round: null

2019-08-24 13:12:01 - [TEST_STEP][PASSED] - M4_spin_total_bonus_win_this_round = M4_spin_total_bonus_win_this_round: null

2019-08-24 13:12:01 - [TEST_STEP][PASSED] - println("GlobalVariable.M4_spin_total_bonus_win_this_round is: " + M4_spin_total_bonus_win_this_round): null

2019-08-24 13:12:01 - [TEST_STEP][PASSED] - M4_spin_bonus_spin_result = spin_result: null

2019-08-24 13:12:01 - [TEST_STEP][PASSED] - M4_spin_bonus_spin_result = M4_spin_bonus_spin_result: null

2019-08-24 13:12:01 - [MESSAGE][PASSED] - Verify response successfully

2019-08-24 13:12:01 - [MESSAGE][PASSED] - Send request and verify the response successfully

2019-08-24 13:12:01 - [TEST_STEP][PASSED] - if (M4_total_bonus_spins_int != 0 &amp;&amp; M4_spin_reels_symbols[2].contains("WILD_Expanding")): null

2019-08-24 13:12:01 - [TEST_STEP][PASSED] - free_spin_reel_counter = free_spin_reel_counter: null

2019-08-24 13:12:01 - [TEST_STEP][PASSED] - M4_spin_reels_symbols = M4_spin_reels_symbols: null

2019-08-24 13:12:01 - [TEST_STEP][PASSED] - M4_total_bonus_spins = M4_total_bonus_spins: null

2019-08-24 13:12:01 - [TEST_STEP][PASSED] - spin_result = sendRequestAndVerify(findTestObject("INT/RGS(M4)/1_M4_spin", ["M4_login_user_id":M4_login_user_id, "rgs_session_token":rgs_session_token, "partner":Partner])): Send request and verify the response successfully

2019-08-24 13:12:02 - [MESSAGE][INFO] - HAR: /Users/eiralee/Katalon_Script/SuperWild/Reports/20190824_125957/INT/superWild_5/20190824_125957/requests/main/213.har

2019-08-24 13:12:02 - [TEST_CASE][PASSED] - Start Test Case : Verification: Verification accomplished successfully

2019-08-24 13:12:02 - [TEST_STEP][PASSED] - request = getInstance().getCurrentRequest(): null

2019-08-24 13:12:02 - [TEST_STEP][PASSED] - response = getInstance().getCurrentResponse(): null

2019-08-24 13:12:02 - [TEST_STEP][PASSED] - verifyResponseStatusCode(response, 200): Verify response status code successfully

2019-08-24 13:12:02 - [MESSAGE][PASSED] - Verify response status code successfully

2019-08-24 13:12:02 - [TEST_STEP][PASSED] - getStatusCode()).isEqualTo(200): null

2019-08-24 13:12:02 - [TEST_STEP][PASSED] - newline = System.getProperty("line.separator"): null

2019-08-24 13:12:02 - [TEST_STEP][PASSED] - M4_spin = new groovy.json.JsonSlurper(): null

2019-08-24 13:12:02 - [TEST_STEP][PASSED] - result_M4_spin = M4_spin.parseText(response.getResponseBodyContent()): null

2019-08-24 13:12:02 - [TEST_STEP][PASSED] - M4_spin_current_balance = current_balance: null

2019-08-24 13:12:02 - [TEST_STEP][PASSED] - M4_spin_current_balance = M4_spin_current_balance: null

2019-08-24 13:12:02 - [TEST_STEP][PASSED] - M4_spin_transaction_id = causality: null

2019-08-24 13:12:02 - [TEST_STEP][PASSED] - M4_spin_transaction_id = M4_spin_transaction_id: null

2019-08-24 13:12:02 - [TEST_STEP][PASSED] - M4_spin_round_id = round_id: null

2019-08-24 13:12:02 - [TEST_STEP][PASSED] - M4_spin_round_id = M4_spin_round_id: null

2019-08-24 13:12:02 - [TEST_STEP][PASSED] - M4_spin_line_wins = line_wins: null

2019-08-24 13:12:02 - [TEST_STEP][PASSED] - M4_spin_line_wins = M4_spin_line_wins: null

2019-08-24 13:12:02 - [TEST_STEP][PASSED] - M4_total_bonus_spins_int = total_bonus_spins: null

2019-08-24 13:12:02 - [TEST_STEP][PASSED] - println("******M4_total_bonus_spins type is:*******" + newline + getClass().getName()): null

2019-08-24 13:12:02 - [TEST_STEP][PASSED] - M4_total_bonus_spins_int = M4_total_bonus_spins_int: null

2019-08-24 13:12:02 - [TEST_STEP][PASSED] - M4_total_bonus_spins = Integer.toString(M4_total_bonus_spins_int): null

2019-08-24 13:12:02 - [TEST_STEP][PASSED] - M4_total_bonus_spins = M4_total_bonus_spins: null

2019-08-24 13:12:02 - [TEST_STEP][PASSED] - println("M4_total_bonus_spins is:" + M4_total_bonus_spins): null

2019-08-24 13:12:02 - [TEST_STEP][PASSED] - M4_spin_bonus_data = bonus_data: null

2019-08-24 13:12:02 - [TEST_STEP][PASSED] - M4_spin_features_triggered = result_M4_spin: null

2019-08-24 13:12:02 - [TEST_STEP][PASSED] - wild = []: null

2019-08-24 13:12:02 - [TEST_STEP][PASSED] - wild[0] = "WILD_Expanding": null

2019-08-24 13:12:02 - [TEST_STEP][PASSED] - wild[1] = "WILD_Normal": null

2019-08-24 13:12:02 - [TEST_STEP][PASSED] - wild[2] = "WILD_Double": null

2019-08-24 13:12:02 - [TEST_STEP][PASSED] - wild[3] = "WILD_ExtraFG": null

2019-08-24 13:12:02 - [TEST_STEP][PASSED] - wild[4] = "WILD_Triple": null

2019-08-24 13:12:02 - [TEST_STEP][PASSED] - wildList = Arrays.asList(wild): null

2019-08-24 13:12:02 - [TEST_STEP][PASSED] - wildList = wildList: null

2019-08-24 13:12:02 - [TEST_STEP][PASSED] - free_spin_reel_counter = []: null

2019-08-24 13:12:02 - [TEST_STEP][PASSED] - free_spin_reel_counter[0] = 0: null

2019-08-24 13:12:02 - [TEST_STEP][PASSED] - free_spin_reel_counter[1] = 0: null

2019-08-24 13:12:02 - [TEST_STEP][PASSED] - free_spin_reel_counter[2] = 0: null

2019-08-24 13:12:02 - [TEST_STEP][PASSED] - M4_spin_reels = reels: null

2019-08-24 13:12:02 - [TEST_STEP][PASSED] - for ([i = 0, i &lt; M4_spin_reels.size(), (i++)]): null

2019-08-24 13:12:02 - [TEST_STEP][PASSED] - symbols = symbols: null

2019-08-24 13:12:02 - [TEST_STEP][PASSED] - for ([j = 0, j &lt; symbols.size(), (j++)]): null

2019-08-24 13:12:02 - [TEST_STEP][PASSED] - symbol = symbol: null

2019-08-24 13:12:02 - [TEST_STEP][PASSED] - println(symbol): null

2019-08-24 13:12:02 - [TEST_STEP][PASSED] - if (i == 2 &amp;&amp; wildList.indexOf(symbol) != -1): null

2019-08-24 13:12:02 - [TEST_STEP][PASSED] - if (i == 3 &amp;&amp; wildList.indexOf(symbol) != -1): null

2019-08-24 13:12:02 - [TEST_STEP][PASSED] - if (i == 4 &amp;&amp; wildList.indexOf(symbol) != -1): null

2019-08-24 13:12:02 - [TEST_STEP][PASSED] - symbol = symbol: null

2019-08-24 13:12:02 - [TEST_STEP][PASSED] - println(symbol): null

2019-08-24 13:12:02 - [TEST_STEP][PASSED] - if (i == 2 &amp;&amp; wildList.indexOf(symbol) != -1): null

2019-08-24 13:12:02 - [TEST_STEP][PASSED] - if (i == 3 &amp;&amp; wildList.indexOf(symbol) != -1): null

2019-08-24 13:12:02 - [TEST_STEP][PASSED] - if (i == 4 &amp;&amp; wildList.indexOf(symbol) != -1): null

2019-08-24 13:12:02 - [TEST_STEP][PASSED] - symbol = symbol: null

2019-08-24 13:12:02 - [TEST_STEP][PASSED] - println(symbol): null

2019-08-24 13:12:02 - [TEST_STEP][PASSED] - if (i == 2 &amp;&amp; wildList.indexOf(symbol) != -1): null

2019-08-24 13:12:02 - [TEST_STEP][PASSED] - if (i == 3 &amp;&amp; wildList.indexOf(symbol) != -1): null

2019-08-24 13:12:02 - [TEST_STEP][PASSED] - if (i == 4 &amp;&amp; wildList.indexOf(symbol) != -1): null

2019-08-24 13:12:02 - [TEST_STEP][PASSED] - symbols = symbols: null

2019-08-24 13:12:02 - [TEST_STEP][PASSED] - for ([j = 0, j &lt; symbols.size(), (j++)]): null

2019-08-24 13:12:02 - [TEST_STEP][PASSED] - symbol = symbol: null

2019-08-24 13:12:02 - [TEST_STEP][PASSED] - println(symbol): null

2019-08-24 13:12:02 - [TEST_STEP][PASSED] - if (i == 2 &amp;&amp; wildList.indexOf(symbol) != -1): null

2019-08-24 13:12:02 - [TEST_STEP][PASSED] - if (i == 3 &amp;&amp; wildList.indexOf(symbol) != -1): null

2019-08-24 13:12:02 - [TEST_STEP][PASSED] - if (i == 4 &amp;&amp; wildList.indexOf(symbol) != -1): null

2019-08-24 13:12:02 - [TEST_STEP][PASSED] - symbol = symbol: null

2019-08-24 13:12:02 - [TEST_STEP][PASSED] - println(symbol): null

2019-08-24 13:12:02 - [TEST_STEP][PASSED] - if (i == 2 &amp;&amp; wildList.indexOf(symbol) != -1): null

2019-08-24 13:12:02 - [TEST_STEP][PASSED] - if (i == 3 &amp;&amp; wildList.indexOf(symbol) != -1): null

2019-08-24 13:12:02 - [TEST_STEP][PASSED] - if (i == 4 &amp;&amp; wildList.indexOf(symbol) != -1): null

2019-08-24 13:12:02 - [TEST_STEP][PASSED] - symbol = symbol: null

2019-08-24 13:12:02 - [TEST_STEP][PASSED] - println(symbol): null

2019-08-24 13:12:02 - [TEST_STEP][PASSED] - if (i == 2 &amp;&amp; wildList.indexOf(symbol) != -1): null

2019-08-24 13:12:02 - [TEST_STEP][PASSED] - if (i == 3 &amp;&amp; wildList.indexOf(symbol) != -1): null

2019-08-24 13:12:02 - [TEST_STEP][PASSED] - if (i == 4 &amp;&amp; wildList.indexOf(symbol) != -1): null

2019-08-24 13:12:02 - [TEST_STEP][PASSED] - symbols = symbols: null

2019-08-24 13:12:02 - [TEST_STEP][PASSED] - for ([j = 0, j &lt; symbols.size(), (j++)]): null

2019-08-24 13:12:02 - [TEST_STEP][PASSED] - symbol = symbol: null

2019-08-24 13:12:02 - [TEST_STEP][PASSED] - println(symbol): null

2019-08-24 13:12:02 - [TEST_STEP][PASSED] - if (i == 2 &amp;&amp; wildList.indexOf(symbol) != -1): null

2019-08-24 13:12:02 - [TEST_STEP][PASSED] - if (i == 3 &amp;&amp; wildList.indexOf(symbol) != -1): null

2019-08-24 13:12:02 - [TEST_STEP][PASSED] - if (i == 4 &amp;&amp; wildList.indexOf(symbol) != -1): null

2019-08-24 13:12:02 - [TEST_STEP][PASSED] - symbol = symbol: null

2019-08-24 13:12:02 - [TEST_STEP][PASSED] - println(symbol): null

2019-08-24 13:12:02 - [TEST_STEP][PASSED] - if (i == 2 &amp;&amp; wildList.indexOf(symbol) != -1): null

2019-08-24 13:12:02 - [TEST_STEP][PASSED] - if (i == 3 &amp;&amp; wildList.indexOf(symbol) != -1): null

2019-08-24 13:12:02 - [TEST_STEP][PASSED] - if (i == 4 &amp;&amp; wildList.indexOf(symbol) != -1): null

2019-08-24 13:12:02 - [TEST_STEP][PASSED] - symbol = symbol: null

2019-08-24 13:12:02 - [TEST_STEP][PASSED] - println(symbol): null

2019-08-24 13:12:02 - [TEST_STEP][PASSED] - if (i == 2 &amp;&amp; wildList.indexOf(symbol) != -1): null

2019-08-24 13:12:02 - [TEST_STEP][PASSED] - if (i == 3 &amp;&amp; wildList.indexOf(symbol) != -1): null

2019-08-24 13:12:02 - [TEST_STEP][PASSED] - if (i == 4 &amp;&amp; wildList.indexOf(symbol) != -1): null

2019-08-24 13:12:02 - [TEST_STEP][PASSED] - symbols = symbols: null

2019-08-24 13:12:02 - [TEST_STEP][PASSED] - for ([j = 0, j &lt; symbols.size(), (j++)]): null

2019-08-24 13:12:02 - [TEST_STEP][PASSED] - symbol = symbol: null

2019-08-24 13:12:02 - [TEST_STEP][PASSED] - println(symbol): null

2019-08-24 13:12:02 - [TEST_STEP][PASSED] - if (i == 2 &amp;&amp; wildList.indexOf(symbol) != -1): null

2019-08-24 13:12:02 - [TEST_STEP][PASSED] - if (i == 3 &amp;&amp; wildList.indexOf(symbol) != -1): null

2019-08-24 13:12:02 - [TEST_STEP][PASSED] - if (i == 4 &amp;&amp; wildList.indexOf(symbol) != -1): null

2019-08-24 13:12:02 - [TEST_STEP][PASSED] - symbol = symbol: null

2019-08-24 13:12:02 - [TEST_STEP][PASSED] - println(symbol): null

2019-08-24 13:12:02 - [TEST_STEP][PASSED] - if (i == 2 &amp;&amp; wildList.indexOf(symbol) != -1): null

2019-08-24 13:12:02 - [TEST_STEP][PASSED] - if (i == 3 &amp;&amp; wildList.indexOf(symbol) != -1): null

2019-08-24 13:12:02 - [TEST_STEP][PASSED] - if (i == 4 &amp;&amp; wildList.indexOf(symbol) != -1): null

2019-08-24 13:12:02 - [TEST_STEP][PASSED] - symbol = symbol: null

2019-08-24 13:12:02 - [TEST_STEP][PASSED] - println(symbol): null

2019-08-24 13:12:02 - [TEST_STEP][PASSED] - if (i == 2 &amp;&amp; wildList.indexOf(symbol) != -1): null

2019-08-24 13:12:02 - [TEST_STEP][PASSED] - if (i == 3 &amp;&amp; wildList.indexOf(symbol) != -1): null

2019-08-24 13:12:02 - [TEST_STEP][PASSED] - if (i == 4 &amp;&amp; wildList.indexOf(symbol) != -1): null

2019-08-24 13:12:02 - [TEST_STEP][PASSED] - symbols = symbols: null

2019-08-24 13:12:02 - [TEST_STEP][PASSED] - for ([j = 0, j &lt; symbols.size(), (j++)]): null

2019-08-24 13:12:02 - [TEST_STEP][PASSED] - symbol = symbol: null

2019-08-24 13:12:02 - [TEST_STEP][PASSED] - println(symbol): null

2019-08-24 13:12:02 - [TEST_STEP][PASSED] - if (i == 2 &amp;&amp; wildList.indexOf(symbol) != -1): null

2019-08-24 13:12:02 - [TEST_STEP][PASSED] - if (i == 3 &amp;&amp; wildList.indexOf(symbol) != -1): null

2019-08-24 13:12:02 - [TEST_STEP][PASSED] - if (i == 4 &amp;&amp; wildList.indexOf(symbol) != -1): null

2019-08-24 13:12:02 - [TEST_STEP][PASSED] - symbol = symbol: null

2019-08-24 13:12:02 - [TEST_STEP][PASSED] - println(symbol): null

2019-08-24 13:12:02 - [TEST_STEP][PASSED] - if (i == 2 &amp;&amp; wildList.indexOf(symbol) != -1): null

2019-08-24 13:12:02 - [TEST_STEP][PASSED] - if (i == 3 &amp;&amp; wildList.indexOf(symbol) != -1): null

2019-08-24 13:12:02 - [TEST_STEP][PASSED] - if (i == 4 &amp;&amp; wildList.indexOf(symbol) != -1): null

2019-08-24 13:12:02 - [TEST_STEP][PASSED] - symbol = symbol: null

2019-08-24 13:12:02 - [TEST_STEP][PASSED] - println(symbol): null

2019-08-24 13:12:02 - [TEST_STEP][PASSED] - if (i == 2 &amp;&amp; wildList.indexOf(symbol) != -1): null

2019-08-24 13:12:02 - [TEST_STEP][PASSED] - if (i == 3 &amp;&amp; wildList.indexOf(symbol) != -1): null

2019-08-24 13:12:02 - [TEST_STEP][PASSED] - if (i == 4 &amp;&amp; wildList.indexOf(symbol) != -1): null

2019-08-24 13:12:02 - [TEST_STEP][PASSED] - free_spin_reel_counter = free_spin_reel_counter: null

2019-08-24 13:12:02 - [TEST_STEP][PASSED] - println("reel 3 wild found: " + free_spin_reel_counter[0]): null

2019-08-24 13:12:02 - [TEST_STEP][PASSED] - println("reel 4 wild found: " + free_spin_reel_counter[1]): null

2019-08-24 13:12:02 - [TEST_STEP][PASSED] - println("reel 5 wild found: " + free_spin_reel_counter[2]): null

2019-08-24 13:12:02 - [TEST_STEP][PASSED] - M4_spin_reels = M4_spin_reels: null

2019-08-24 13:12:02 - [TEST_STEP][PASSED] - M4_spin_reels_symbols = symbol: null

2019-08-24 13:12:02 - [TEST_STEP][PASSED] - M4_spin_reels_symbols = M4_spin_reels_symbols: null

2019-08-24 13:12:02 - [TEST_STEP][PASSED] - M4_spin_reel_wins = reel_wins: null

2019-08-24 13:12:02 - [TEST_STEP][PASSED] - M4_spin_reel_wins = M4_spin_reel_wins: null

2019-08-24 13:12:02 - [TEST_STEP][PASSED] - println("GlobalVariable.M4_spin_reel_wins is: " + M4_spin_reel_wins): null

2019-08-24 13:12:02 - [TEST_STEP][PASSED] - M4_spin_total_bonus_win_this_round = total_bonus_win_this_round: null

2019-08-24 13:12:02 - [TEST_STEP][PASSED] - M4_spin_total_bonus_win_this_round = M4_spin_total_bonus_win_this_round: null

2019-08-24 13:12:02 - [TEST_STEP][PASSED] - println("GlobalVariable.M4_spin_total_bonus_win_this_round is: " + M4_spin_total_bonus_win_this_round): null

2019-08-24 13:12:02 - [TEST_STEP][PASSED] - M4_spin_bonus_spin_result = spin_result: null

2019-08-24 13:12:02 - [TEST_STEP][PASSED] - M4_spin_bonus_spin_result = M4_spin_bonus_spin_result: null

2019-08-24 13:12:02 - [MESSAGE][PASSED] - Verify response successfully

2019-08-24 13:12:02 - [MESSAGE][PASSED] - Send request and verify the response successfully

2019-08-24 13:12:02 - [TEST_STEP][PASSED] - if (M4_total_bonus_spins_int != 0 &amp;&amp; M4_spin_reels_symbols[2].contains("WILD_Expanding")): null

2019-08-24 13:12:02 - [TEST_STEP][PASSED] - free_spin_reel_counter = free_spin_reel_counter: null

2019-08-24 13:12:02 - [TEST_STEP][PASSED] - M4_spin_reels_symbols = M4_spin_reels_symbols: null

2019-08-24 13:12:02 - [TEST_STEP][PASSED] - M4_total_bonus_spins = M4_total_bonus_spins: null

2019-08-24 13:12:02 - [TEST_STEP][PASSED] - spin_result = sendRequestAndVerify(findTestObject("INT/RGS(M4)/1_M4_spin", ["M4_login_user_id":M4_login_user_id, "rgs_session_token":rgs_session_token, "partner":Partner])): Send request and verify the response successfully

2019-08-24 13:12:03 - [MESSAGE][INFO] - HAR: /Users/eiralee/Katalon_Script/SuperWild/Reports/20190824_125957/INT/superWild_5/20190824_125957/requests/main/214.har

2019-08-24 13:12:03 - [TEST_CASE][PASSED] - Start Test Case : Verification: Verification accomplished successfully

2019-08-24 13:12:03 - [TEST_STEP][PASSED] - request = getInstance().getCurrentRequest(): null

2019-08-24 13:12:04 - [TEST_STEP][PASSED] - response = getInstance().getCurrentResponse(): null

2019-08-24 13:12:04 - [TEST_STEP][PASSED] - verifyResponseStatusCode(response, 200): Verify response status code successfully

2019-08-24 13:12:04 - [MESSAGE][PASSED] - Verify response status code successfully

2019-08-24 13:12:04 - [TEST_STEP][PASSED] - getStatusCode()).isEqualTo(200): null

2019-08-24 13:12:04 - [TEST_STEP][PASSED] - newline = System.getProperty("line.separator"): null

2019-08-24 13:12:04 - [TEST_STEP][PASSED] - M4_spin = new groovy.json.JsonSlurper(): null

2019-08-24 13:12:04 - [TEST_STEP][PASSED] - result_M4_spin = M4_spin.parseText(response.getResponseBodyContent()): null

2019-08-24 13:12:04 - [TEST_STEP][PASSED] - M4_spin_current_balance = current_balance: null

2019-08-24 13:12:04 - [TEST_STEP][PASSED] - M4_spin_current_balance = M4_spin_current_balance: null

2019-08-24 13:12:04 - [TEST_STEP][PASSED] - M4_spin_transaction_id = causality: null

2019-08-24 13:12:04 - [TEST_STEP][PASSED] - M4_spin_transaction_id = M4_spin_transaction_id: null

2019-08-24 13:12:04 - [TEST_STEP][PASSED] - M4_spin_round_id = round_id: null

2019-08-24 13:12:04 - [TEST_STEP][PASSED] - M4_spin_round_id = M4_spin_round_id: null

2019-08-24 13:12:04 - [TEST_STEP][PASSED] - M4_spin_line_wins = line_wins: null

2019-08-24 13:12:04 - [TEST_STEP][PASSED] - M4_spin_line_wins = M4_spin_line_wins: null

2019-08-24 13:12:04 - [TEST_STEP][PASSED] - M4_total_bonus_spins_int = total_bonus_spins: null

2019-08-24 13:12:04 - [TEST_STEP][PASSED] - println("******M4_total_bonus_spins type is:*******" + newline + getClass().getName()): null

2019-08-24 13:12:04 - [TEST_STEP][PASSED] - M4_total_bonus_spins_int = M4_total_bonus_spins_int: null

2019-08-24 13:12:04 - [TEST_STEP][PASSED] - M4_total_bonus_spins = Integer.toString(M4_total_bonus_spins_int): null

2019-08-24 13:12:04 - [TEST_STEP][PASSED] - M4_total_bonus_spins = M4_total_bonus_spins: null

2019-08-24 13:12:04 - [TEST_STEP][PASSED] - println("M4_total_bonus_spins is:" + M4_total_bonus_spins): null

2019-08-24 13:12:04 - [TEST_STEP][PASSED] - M4_spin_bonus_data = bonus_data: null

2019-08-24 13:12:04 - [TEST_STEP][PASSED] - M4_spin_features_triggered = result_M4_spin: null

2019-08-24 13:12:04 - [TEST_STEP][PASSED] - wild = []: null

2019-08-24 13:12:04 - [TEST_STEP][PASSED] - wild[0] = "WILD_Expanding": null

2019-08-24 13:12:04 - [TEST_STEP][PASSED] - wild[1] = "WILD_Normal": null

2019-08-24 13:12:04 - [TEST_STEP][PASSED] - wild[2] = "WILD_Double": null

2019-08-24 13:12:04 - [TEST_STEP][PASSED] - wild[3] = "WILD_ExtraFG": null

2019-08-24 13:12:04 - [TEST_STEP][PASSED] - wild[4] = "WILD_Triple": null

2019-08-24 13:12:04 - [TEST_STEP][PASSED] - wildList = Arrays.asList(wild): null

2019-08-24 13:12:04 - [TEST_STEP][PASSED] - wildList = wildList: null

2019-08-24 13:12:04 - [TEST_STEP][PASSED] - free_spin_reel_counter = []: null

2019-08-24 13:12:04 - [TEST_STEP][PASSED] - free_spin_reel_counter[0] = 0: null

2019-08-24 13:12:04 - [TEST_STEP][PASSED] - free_spin_reel_counter[1] = 0: null

2019-08-24 13:12:04 - [TEST_STEP][PASSED] - free_spin_reel_counter[2] = 0: null

2019-08-24 13:12:04 - [TEST_STEP][PASSED] - M4_spin_reels = reels: null

2019-08-24 13:12:04 - [TEST_STEP][PASSED] - for ([i = 0, i &lt; M4_spin_reels.size(), (i++)]): null

2019-08-24 13:12:04 - [TEST_STEP][PASSED] - symbols = symbols: null

2019-08-24 13:12:04 - [TEST_STEP][PASSED] - for ([j = 0, j &lt; symbols.size(), (j++)]): null

2019-08-24 13:12:04 - [TEST_STEP][PASSED] - symbol = symbol: null

2019-08-24 13:12:04 - [TEST_STEP][PASSED] - println(symbol): null

2019-08-24 13:12:04 - [TEST_STEP][PASSED] - if (i == 2 &amp;&amp; wildList.indexOf(symbol) != -1): null

2019-08-24 13:12:04 - [TEST_STEP][PASSED] - if (i == 3 &amp;&amp; wildList.indexOf(symbol) != -1): null

2019-08-24 13:12:04 - [TEST_STEP][PASSED] - if (i == 4 &amp;&amp; wildList.indexOf(symbol) != -1): null

2019-08-24 13:12:04 - [TEST_STEP][PASSED] - symbol = symbol: null

2019-08-24 13:12:04 - [TEST_STEP][PASSED] - println(symbol): null

2019-08-24 13:12:04 - [TEST_STEP][PASSED] - if (i == 2 &amp;&amp; wildList.indexOf(symbol) != -1): null

2019-08-24 13:12:04 - [TEST_STEP][PASSED] - if (i == 3 &amp;&amp; wildList.indexOf(symbol) != -1): null

2019-08-24 13:12:04 - [TEST_STEP][PASSED] - if (i == 4 &amp;&amp; wildList.indexOf(symbol) != -1): null

2019-08-24 13:12:04 - [TEST_STEP][PASSED] - symbol = symbol: null

2019-08-24 13:12:04 - [TEST_STEP][PASSED] - println(symbol): null

2019-08-24 13:12:04 - [TEST_STEP][PASSED] - if (i == 2 &amp;&amp; wildList.indexOf(symbol) != -1): null

2019-08-24 13:12:04 - [TEST_STEP][PASSED] - if (i == 3 &amp;&amp; wildList.indexOf(symbol) != -1): null

2019-08-24 13:12:04 - [TEST_STEP][PASSED] - if (i == 4 &amp;&amp; wildList.indexOf(symbol) != -1): null

2019-08-24 13:12:04 - [TEST_STEP][PASSED] - symbols = symbols: null

2019-08-24 13:12:04 - [TEST_STEP][PASSED] - for ([j = 0, j &lt; symbols.size(), (j++)]): null

2019-08-24 13:12:04 - [TEST_STEP][PASSED] - symbol = symbol: null

2019-08-24 13:12:04 - [TEST_STEP][PASSED] - println(symbol): null

2019-08-24 13:12:04 - [TEST_STEP][PASSED] - if (i == 2 &amp;&amp; wildList.indexOf(symbol) != -1): null

2019-08-24 13:12:04 - [TEST_STEP][PASSED] - if (i == 3 &amp;&amp; wildList.indexOf(symbol) != -1): null

2019-08-24 13:12:04 - [TEST_STEP][PASSED] - if (i == 4 &amp;&amp; wildList.indexOf(symbol) != -1): null

2019-08-24 13:12:04 - [TEST_STEP][PASSED] - symbol = symbol: null

2019-08-24 13:12:04 - [TEST_STEP][PASSED] - println(symbol): null

2019-08-24 13:12:04 - [TEST_STEP][PASSED] - if (i == 2 &amp;&amp; wildList.indexOf(symbol) != -1): null

2019-08-24 13:12:04 - [TEST_STEP][PASSED] - if (i == 3 &amp;&amp; wildList.indexOf(symbol) != -1): null

2019-08-24 13:12:04 - [TEST_STEP][PASSED] - if (i == 4 &amp;&amp; wildList.indexOf(symbol) != -1): null

2019-08-24 13:12:04 - [TEST_STEP][PASSED] - symbol = symbol: null

2019-08-24 13:12:04 - [TEST_STEP][PASSED] - println(symbol): null

2019-08-24 13:12:04 - [TEST_STEP][PASSED] - if (i == 2 &amp;&amp; wildList.indexOf(symbol) != -1): null

2019-08-24 13:12:04 - [TEST_STEP][PASSED] - if (i == 3 &amp;&amp; wildList.indexOf(symbol) != -1): null

2019-08-24 13:12:04 - [TEST_STEP][PASSED] - if (i == 4 &amp;&amp; wildList.indexOf(symbol) != -1): null

2019-08-24 13:12:04 - [TEST_STEP][PASSED] - symbols = symbols: null

2019-08-24 13:12:04 - [TEST_STEP][PASSED] - for ([j = 0, j &lt; symbols.size(), (j++)]): null

2019-08-24 13:12:04 - [TEST_STEP][PASSED] - symbol = symbol: null

2019-08-24 13:12:04 - [TEST_STEP][PASSED] - println(symbol): null

2019-08-24 13:12:04 - [TEST_STEP][PASSED] - if (i == 2 &amp;&amp; wildList.indexOf(symbol) != -1): null

2019-08-24 13:12:04 - [TEST_STEP][PASSED] - if (i == 3 &amp;&amp; wildList.indexOf(symbol) != -1): null

2019-08-24 13:12:04 - [TEST_STEP][PASSED] - if (i == 4 &amp;&amp; wildList.indexOf(symbol) != -1): null

2019-08-24 13:12:04 - [TEST_STEP][PASSED] - symbol = symbol: null

2019-08-24 13:12:04 - [TEST_STEP][PASSED] - println(symbol): null

2019-08-24 13:12:04 - [TEST_STEP][PASSED] - if (i == 2 &amp;&amp; wildList.indexOf(symbol) != -1): null

2019-08-24 13:12:04 - [TEST_STEP][PASSED] - if (i == 3 &amp;&amp; wildList.indexOf(symbol) != -1): null

2019-08-24 13:12:04 - [TEST_STEP][PASSED] - if (i == 4 &amp;&amp; wildList.indexOf(symbol) != -1): null

2019-08-24 13:12:04 - [TEST_STEP][PASSED] - symbol = symbol: null

2019-08-24 13:12:04 - [TEST_STEP][PASSED] - println(symbol): null

2019-08-24 13:12:04 - [TEST_STEP][PASSED] - if (i == 2 &amp;&amp; wildList.indexOf(symbol) != -1): null

2019-08-24 13:12:04 - [TEST_STEP][PASSED] - if (i == 3 &amp;&amp; wildList.indexOf(symbol) != -1): null

2019-08-24 13:12:04 - [TEST_STEP][PASSED] - if (i == 4 &amp;&amp; wildList.indexOf(symbol) != -1): null

2019-08-24 13:12:04 - [TEST_STEP][PASSED] - symbols = symbols: null

2019-08-24 13:12:11 - [TEST_STEP][PASSED] - for ([j = 0, j &lt; symbols.size(), (j++)]): null

2019-08-24 13:12:11 - [TEST_STEP][PASSED] - symbol = symbol: null

2019-08-24 13:12:11 - [TEST_STEP][PASSED] - println(symbol): null

2019-08-24 13:12:11 - [TEST_STEP][PASSED] - if (i == 2 &amp;&amp; wildList.indexOf(symbol) != -1): null

2019-08-24 13:12:11 - [TEST_STEP][PASSED] - if (i == 3 &amp;&amp; wildList.indexOf(symbol) != -1): null

2019-08-24 13:12:11 - [TEST_STEP][PASSED] - if (i == 4 &amp;&amp; wildList.indexOf(symbol) != -1): null

2019-08-24 13:12:16 - [TEST_STEP][PASSED] - symbol = symbol: null

2019-08-24 13:12:16 - [TEST_STEP][PASSED] - println(symbol): null

2019-08-24 13:12:16 - [TEST_STEP][PASSED] - if (i == 2 &amp;&amp; wildList.indexOf(symbol) != -1): null

2019-08-24 13:12:16 - [TEST_STEP][PASSED] - if (i == 3 &amp;&amp; wildList.indexOf(symbol) != -1): null

2019-08-24 13:12:16 - [TEST_STEP][PASSED] - if (i == 4 &amp;&amp; wildList.indexOf(symbol) != -1): null

2019-08-24 13:12:16 - [TEST_STEP][PASSED] - symbol = symbol: null

2019-08-24 13:12:16 - [TEST_STEP][PASSED] - println(symbol): null

2019-08-24 13:12:16 - [TEST_STEP][PASSED] - if (i == 2 &amp;&amp; wildList.indexOf(symbol) != -1): null

2019-08-24 13:12:16 - [TEST_STEP][PASSED] - if (i == 3 &amp;&amp; wildList.indexOf(symbol) != -1): null

2019-08-24 13:12:16 - [TEST_STEP][PASSED] - if (i == 4 &amp;&amp; wildList.indexOf(symbol) != -1): null

2019-08-24 13:12:17 - [TEST_STEP][PASSED] - symbols = symbols: null

2019-08-24 13:12:17 - [TEST_STEP][PASSED] - for ([j = 0, j &lt; symbols.size(), (j++)]): null

2019-08-24 13:12:17 - [TEST_STEP][PASSED] - symbol = symbol: null

2019-08-24 13:12:17 - [TEST_STEP][PASSED] - println(symbol): null

2019-08-24 13:12:17 - [TEST_STEP][PASSED] - if (i == 2 &amp;&amp; wildList.indexOf(symbol) != -1): null

2019-08-24 13:12:17 - [TEST_STEP][PASSED] - if (i == 3 &amp;&amp; wildList.indexOf(symbol) != -1): null

2019-08-24 13:12:17 - [TEST_STEP][PASSED] - if (i == 4 &amp;&amp; wildList.indexOf(symbol) != -1): null

2019-08-24 13:12:17 - [TEST_STEP][PASSED] - symbol = symbol: null

2019-08-24 13:12:17 - [TEST_STEP][PASSED] - println(symbol): null

2019-08-24 13:12:17 - [TEST_STEP][PASSED] - if (i == 2 &amp;&amp; wildList.indexOf(symbol) != -1): null

2019-08-24 13:12:17 - [TEST_STEP][PASSED] - if (i == 3 &amp;&amp; wildList.indexOf(symbol) != -1): null

2019-08-24 13:12:17 - [TEST_STEP][PASSED] - if (i == 4 &amp;&amp; wildList.indexOf(symbol) != -1): null

2019-08-24 13:12:17 - [TEST_STEP][PASSED] - symbol = symbol: null

2019-08-24 13:12:17 - [TEST_STEP][PASSED] - println(symbol): null

2019-08-24 13:12:17 - [TEST_STEP][PASSED] - if (i == 2 &amp;&amp; wildList.indexOf(symbol) != -1): null

2019-08-24 13:12:17 - [TEST_STEP][PASSED] - if (i == 3 &amp;&amp; wildList.indexOf(symbol) != -1): null

2019-08-24 13:12:17 - [TEST_STEP][PASSED] - if (i == 4 &amp;&amp; wildList.indexOf(symbol) != -1): null

2019-08-24 13:12:17 - [TEST_STEP][PASSED] - println("wild found on reel 5, adding counter by 1"): null

2019-08-24 13:12:17 - [TEST_STEP][PASSED] - free_spin_reel_counter[2] = free_spin_reel_counter[2] + 1: null

2019-08-24 13:12:17 - [TEST_STEP][PASSED] - free_spin_reel_counter = free_spin_reel_counter: null

2019-08-24 13:12:17 - [TEST_STEP][PASSED] - println("reel 3 wild found: " + free_spin_reel_counter[0]): null

2019-08-24 13:12:17 - [TEST_STEP][PASSED] - println("reel 4 wild found: " + free_spin_reel_counter[1]): null

2019-08-24 13:12:17 - [TEST_STEP][PASSED] - println("reel 5 wild found: " + free_spin_reel_counter[2]): null

2019-08-24 13:12:17 - [TEST_STEP][PASSED] - M4_spin_reels = M4_spin_reels: null

2019-08-24 13:12:17 - [TEST_STEP][PASSED] - M4_spin_reels_symbols = symbol: null

2019-08-24 13:12:17 - [TEST_STEP][PASSED] - M4_spin_reels_symbols = M4_spin_reels_symbols: null

2019-08-24 13:12:17 - [TEST_STEP][PASSED] - M4_spin_reel_wins = reel_wins: null

2019-08-24 13:12:17 - [TEST_STEP][PASSED] - M4_spin_reel_wins = M4_spin_reel_wins: null

2019-08-24 13:12:17 - [TEST_STEP][PASSED] - println("GlobalVariable.M4_spin_reel_wins is: " + M4_spin_reel_wins): null

2019-08-24 13:12:17 - [TEST_STEP][PASSED] - M4_spin_total_bonus_win_this_round = total_bonus_win_this_round: null

2019-08-24 13:12:17 - [TEST_STEP][PASSED] - M4_spin_total_bonus_win_this_round = M4_spin_total_bonus_win_this_round: null

2019-08-24 13:12:17 - [TEST_STEP][PASSED] - println("GlobalVariable.M4_spin_total_bonus_win_this_round is: " + M4_spin_total_bonus_win_this_round): null

2019-08-24 13:12:17 - [TEST_STEP][PASSED] - M4_spin_bonus_spin_result = spin_result: null

2019-08-24 13:12:17 - [TEST_STEP][PASSED] - M4_spin_bonus_spin_result = M4_spin_bonus_spin_result: null

2019-08-24 13:12:17 - [MESSAGE][PASSED] - Verify response successfully

2019-08-24 13:12:17 - [MESSAGE][PASSED] - Send request and verify the response successfully

2019-08-24 13:12:17 - [TEST_STEP][PASSED] - if (M4_total_bonus_spins_int != 0 &amp;&amp; M4_spin_reels_symbols[2].contains("WILD_Expanding")): null

2019-08-24 13:12:17 - [TEST_STEP][PASSED] - free_spin_reel_counter = free_spin_reel_counter: null

2019-08-24 13:12:17 - [TEST_STEP][PASSED] - M4_spin_reels_symbols = M4_spin_reels_symbols: null

2019-08-24 13:12:17 - [TEST_STEP][PASSED] - M4_total_bonus_spins = M4_total_bonus_spins: null

2019-08-24 13:12:17 - [TEST_STEP][PASSED] - spin_result = sendRequestAndVerify(findTestObject("INT/RGS(M4)/1_M4_spin", ["M4_login_user_id":M4_login_user_id, "rgs_session_token":rgs_session_token, "partner":Partner])): Send request and verify the response successfully

2019-08-24 13:12:17 - [MESSAGE][INFO] - HAR: /Users/eiralee/Katalon_Script/SuperWild/Reports/20190824_125957/INT/superWild_5/20190824_125957/requests/main/215.har

2019-08-24 13:12:17 - [TEST_CASE][PASSED] - Start Test Case : Verification: Verification accomplished successfully

2019-08-24 13:12:17 - [TEST_STEP][PASSED] - request = getInstance().getCurrentRequest(): null

2019-08-24 13:12:17 - [TEST_STEP][PASSED] - response = getInstance().getCurrentResponse(): null

2019-08-24 13:12:17 - [TEST_STEP][PASSED] - verifyResponseStatusCode(response, 200): Verify response status code successfully

2019-08-24 13:12:17 - [MESSAGE][PASSED] - Verify response status code successfully

2019-08-24 13:12:17 - [TEST_STEP][PASSED] - getStatusCode()).isEqualTo(200): null

2019-08-24 13:12:17 - [TEST_STEP][PASSED] - newline = System.getProperty("line.separator"): null

2019-08-24 13:12:17 - [TEST_STEP][PASSED] - M4_spin = new groovy.json.JsonSlurper(): null

2019-08-24 13:12:17 - [TEST_STEP][PASSED] - result_M4_spin = M4_spin.parseText(response.getResponseBodyContent()): null

2019-08-24 13:12:17 - [TEST_STEP][PASSED] - M4_spin_current_balance = current_balance: null

2019-08-24 13:12:17 - [TEST_STEP][PASSED] - M4_spin_current_balance = M4_spin_current_balance: null

2019-08-24 13:12:17 - [TEST_STEP][PASSED] - M4_spin_transaction_id = causality: null

2019-08-24 13:12:17 - [TEST_STEP][PASSED] - M4_spin_transaction_id = M4_spin_transaction_id: null

2019-08-24 13:12:17 - [TEST_STEP][PASSED] - M4_spin_round_id = round_id: null

2019-08-24 13:12:17 - [TEST_STEP][PASSED] - M4_spin_round_id = M4_spin_round_id: null

2019-08-24 13:12:17 - [TEST_STEP][PASSED] - M4_spin_line_wins = line_wins: null

2019-08-24 13:12:17 - [TEST_STEP][PASSED] - M4_spin_line_wins = M4_spin_line_wins: null

2019-08-24 13:12:17 - [TEST_STEP][PASSED] - M4_total_bonus_spins_int = total_bonus_spins: null

2019-08-24 13:12:17 - [TEST_STEP][PASSED] - println("******M4_total_bonus_spins type is:*******" + newline + getClass().getName()): null

2019-08-24 13:12:17 - [TEST_STEP][PASSED] - M4_total_bonus_spins_int = M4_total_bonus_spins_int: null

2019-08-24 13:12:17 - [TEST_STEP][PASSED] - M4_total_bonus_spins = Integer.toString(M4_total_bonus_spins_int): null

2019-08-24 13:12:17 - [TEST_STEP][PASSED] - M4_total_bonus_spins = M4_total_bonus_spins: null

2019-08-24 13:12:17 - [TEST_STEP][PASSED] - println("M4_total_bonus_spins is:" + M4_total_bonus_spins): null

2019-08-24 13:12:17 - [TEST_STEP][PASSED] - M4_spin_bonus_data = bonus_data: null

2019-08-24 13:12:17 - [TEST_STEP][PASSED] - M4_spin_features_triggered = result_M4_spin: null

2019-08-24 13:12:17 - [TEST_STEP][PASSED] - wild = []: null

2019-08-24 13:12:17 - [TEST_STEP][PASSED] - wild[0] = "WILD_Expanding": null

2019-08-24 13:12:17 - [TEST_STEP][PASSED] - wild[1] = "WILD_Normal": null

2019-08-24 13:12:17 - [TEST_STEP][PASSED] - wild[2] = "WILD_Double": null

2019-08-24 13:12:17 - [TEST_STEP][PASSED] - wild[3] = "WILD_ExtraFG": null

2019-08-24 13:12:17 - [TEST_STEP][PASSED] - wild[4] = "WILD_Triple": null

2019-08-24 13:12:17 - [TEST_STEP][PASSED] - wildList = Arrays.asList(wild): null

2019-08-24 13:12:17 - [TEST_STEP][PASSED] - wildList = wildList: null

2019-08-24 13:12:17 - [TEST_STEP][PASSED] - free_spin_reel_counter = []: null

2019-08-24 13:12:17 - [TEST_STEP][PASSED] - free_spin_reel_counter[0] = 0: null

2019-08-24 13:12:17 - [TEST_STEP][PASSED] - free_spin_reel_counter[1] = 0: null

2019-08-24 13:12:17 - [TEST_STEP][PASSED] - free_spin_reel_counter[2] = 0: null

2019-08-24 13:12:17 - [TEST_STEP][PASSED] - M4_spin_reels = reels: null

2019-08-24 13:12:17 - [TEST_STEP][PASSED] - for ([i = 0, i &lt; M4_spin_reels.size(), (i++)]): null

2019-08-24 13:12:17 - [TEST_STEP][PASSED] - symbols = symbols: null

2019-08-24 13:12:17 - [TEST_STEP][PASSED] - for ([j = 0, j &lt; symbols.size(), (j++)]): null

2019-08-24 13:12:17 - [TEST_STEP][PASSED] - symbol = symbol: null

2019-08-24 13:12:17 - [TEST_STEP][PASSED] - println(symbol): null

2019-08-24 13:12:17 - [TEST_STEP][PASSED] - if (i == 2 &amp;&amp; wildList.indexOf(symbol) != -1): null

2019-08-24 13:12:17 - [TEST_STEP][PASSED] - if (i == 3 &amp;&amp; wildList.indexOf(symbol) != -1): null

2019-08-24 13:12:17 - [TEST_STEP][PASSED] - if (i == 4 &amp;&amp; wildList.indexOf(symbol) != -1): null

2019-08-24 13:12:17 - [TEST_STEP][PASSED] - symbol = symbol: null

2019-08-24 13:12:17 - [TEST_STEP][PASSED] - println(symbol): null

2019-08-24 13:12:17 - [TEST_STEP][PASSED] - if (i == 2 &amp;&amp; wildList.indexOf(symbol) != -1): null

2019-08-24 13:12:17 - [TEST_STEP][PASSED] - if (i == 3 &amp;&amp; wildList.indexOf(symbol) != -1): null

2019-08-24 13:12:17 - [TEST_STEP][PASSED] - if (i == 4 &amp;&amp; wildList.indexOf(symbol) != -1): null

2019-08-24 13:12:17 - [TEST_STEP][PASSED] - symbol = symbol: null

2019-08-24 13:12:17 - [TEST_STEP][PASSED] - println(symbol): null

2019-08-24 13:12:17 - [TEST_STEP][PASSED] - if (i == 2 &amp;&amp; wildList.indexOf(symbol) != -1): null

2019-08-24 13:12:17 - [TEST_STEP][PASSED] - if (i == 3 &amp;&amp; wildList.indexOf(symbol) != -1): null

2019-08-24 13:12:17 - [TEST_STEP][PASSED] - if (i == 4 &amp;&amp; wildList.indexOf(symbol) != -1): null

2019-08-24 13:12:17 - [TEST_STEP][PASSED] - symbols = symbols: null

2019-08-24 13:12:17 - [TEST_STEP][PASSED] - for ([j = 0, j &lt; symbols.size(), (j++)]): null

2019-08-24 13:12:17 - [TEST_STEP][PASSED] - symbol = symbol: null

2019-08-24 13:12:17 - [TEST_STEP][PASSED] - println(symbol): null

2019-08-24 13:12:17 - [TEST_STEP][PASSED] - if (i == 2 &amp;&amp; wildList.indexOf(symbol) != -1): null

2019-08-24 13:12:17 - [TEST_STEP][PASSED] - if (i == 3 &amp;&amp; wildList.indexOf(symbol) != -1): null

2019-08-24 13:12:17 - [TEST_STEP][PASSED] - if (i == 4 &amp;&amp; wildList.indexOf(symbol) != -1): null

2019-08-24 13:12:17 - [TEST_STEP][PASSED] - symbol = symbol: null

2019-08-24 13:12:17 - [TEST_STEP][PASSED] - println(symbol): null

2019-08-24 13:12:17 - [TEST_STEP][PASSED] - if (i == 2 &amp;&amp; wildList.indexOf(symbol) != -1): null

2019-08-24 13:12:17 - [TEST_STEP][PASSED] - if (i == 3 &amp;&amp; wildList.indexOf(symbol) != -1): null

2019-08-24 13:12:17 - [TEST_STEP][PASSED] - if (i == 4 &amp;&amp; wildList.indexOf(symbol) != -1): null

2019-08-24 13:12:17 - [TEST_STEP][PASSED] - symbol = symbol: null

2019-08-24 13:12:17 - [TEST_STEP][PASSED] - println(symbol): null

2019-08-24 13:12:17 - [TEST_STEP][PASSED] - if (i == 2 &amp;&amp; wildList.indexOf(symbol) != -1): null

2019-08-24 13:12:17 - [TEST_STEP][PASSED] - if (i == 3 &amp;&amp; wildList.indexOf(symbol) != -1): null

2019-08-24 13:12:17 - [TEST_STEP][PASSED] - if (i == 4 &amp;&amp; wildList.indexOf(symbol) != -1): null

2019-08-24 13:12:17 - [TEST_STEP][PASSED] - symbols = symbols: null

2019-08-24 13:12:17 - [TEST_STEP][PASSED] - for ([j = 0, j &lt; symbols.size(), (j++)]): null

2019-08-24 13:12:17 - [TEST_STEP][PASSED] - symbol = symbol: null

2019-08-24 13:12:17 - [TEST_STEP][PASSED] - println(symbol): null

2019-08-24 13:12:17 - [TEST_STEP][PASSED] - if (i == 2 &amp;&amp; wildList.indexOf(symbol) != -1): null

2019-08-24 13:12:17 - [TEST_STEP][PASSED] - if (i == 3 &amp;&amp; wildList.indexOf(symbol) != -1): null

2019-08-24 13:12:17 - [TEST_STEP][PASSED] - if (i == 4 &amp;&amp; wildList.indexOf(symbol) != -1): null

2019-08-24 13:12:17 - [TEST_STEP][PASSED] - symbol = symbol: null

2019-08-24 13:12:17 - [TEST_STEP][PASSED] - println(symbol): null

2019-08-24 13:12:17 - [TEST_STEP][PASSED] - if (i == 2 &amp;&amp; wildList.indexOf(symbol) != -1): null

2019-08-24 13:12:17 - [TEST_STEP][PASSED] - if (i == 3 &amp;&amp; wildList.indexOf(symbol) != -1): null

2019-08-24 13:12:17 - [TEST_STEP][PASSED] - if (i == 4 &amp;&amp; wildList.indexOf(symbol) != -1): null

2019-08-24 13:12:17 - [TEST_STEP][PASSED] - symbol = symbol: null

2019-08-24 13:12:17 - [TEST_STEP][PASSED] - println(symbol): null

2019-08-24 13:12:17 - [TEST_STEP][PASSED] - if (i == 2 &amp;&amp; wildList.indexOf(symbol) != -1): null

2019-08-24 13:12:17 - [TEST_STEP][PASSED] - if (i == 3 &amp;&amp; wildList.indexOf(symbol) != -1): null

2019-08-24 13:12:17 - [TEST_STEP][PASSED] - if (i == 4 &amp;&amp; wildList.indexOf(symbol) != -1): null

2019-08-24 13:12:17 - [TEST_STEP][PASSED] - symbols = symbols: null

2019-08-24 13:12:17 - [TEST_STEP][PASSED] - for ([j = 0, j &lt; symbols.size(), (j++)]): null

2019-08-24 13:12:17 - [TEST_STEP][PASSED] - symbol = symbol: null

2019-08-24 13:12:17 - [TEST_STEP][PASSED] - println(symbol): null

2019-08-24 13:12:17 - [TEST_STEP][PASSED] - if (i == 2 &amp;&amp; wildList.indexOf(symbol) != -1): null

2019-08-24 13:12:17 - [TEST_STEP][PASSED] - if (i == 3 &amp;&amp; wildList.indexOf(symbol) != -1): null

2019-08-24 13:12:17 - [TEST_STEP][PASSED] - println("wild found on reel 4, adding counter by 1"): null

2019-08-24 13:12:17 - [TEST_STEP][PASSED] - free_spin_reel_counter[1] = free_spin_reel_counter[1] + 1: null

2019-08-24 13:12:17 - [TEST_STEP][PASSED] - if (i == 4 &amp;&amp; wildList.indexOf(symbol) != -1): null

2019-08-24 13:12:17 - [TEST_STEP][PASSED] - symbol = symbol: null

2019-08-24 13:12:17 - [TEST_STEP][PASSED] - println(symbol): null

2019-08-24 13:12:17 - [TEST_STEP][PASSED] - if (i == 2 &amp;&amp; wildList.indexOf(symbol) != -1): null

2019-08-24 13:12:17 - [TEST_STEP][PASSED] - if (i == 3 &amp;&amp; wildList.indexOf(symbol) != -1): null

2019-08-24 13:12:17 - [TEST_STEP][PASSED] - if (i == 4 &amp;&amp; wildList.indexOf(symbol) != -1): null

2019-08-24 13:12:17 - [TEST_STEP][PASSED] - symbol = symbol: null

2019-08-24 13:12:17 - [TEST_STEP][PASSED] - println(symbol): null

2019-08-24 13:12:17 - [TEST_STEP][PASSED] - if (i == 2 &amp;&amp; wildList.indexOf(symbol) != -1): null

2019-08-24 13:12:17 - [TEST_STEP][PASSED] - if (i == 3 &amp;&amp; wildList.indexOf(symbol) != -1): null

2019-08-24 13:12:17 - [TEST_STEP][PASSED] - if (i == 4 &amp;&amp; wildList.indexOf(symbol) != -1): null

2019-08-24 13:12:17 - [TEST_STEP][PASSED] - symbols = symbols: null

2019-08-24 13:12:17 - [TEST_STEP][PASSED] - for ([j = 0, j &lt; symbols.size(), (j++)]): null

2019-08-24 13:12:17 - [TEST_STEP][PASSED] - symbol = symbol: null

2019-08-24 13:12:17 - [TEST_STEP][PASSED] - println(symbol): null

2019-08-24 13:12:17 - [TEST_STEP][PASSED] - if (i == 2 &amp;&amp; wildList.indexOf(symbol) != -1): null

2019-08-24 13:12:17 - [TEST_STEP][PASSED] - if (i == 3 &amp;&amp; wildList.indexOf(symbol) != -1): null

2019-08-24 13:12:17 - [TEST_STEP][PASSED] - if (i == 4 &amp;&amp; wildList.indexOf(symbol) != -1): null

2019-08-24 13:12:17 - [TEST_STEP][PASSED] - symbol = symbol: null

2019-08-24 13:12:17 - [TEST_STEP][PASSED] - println(symbol): null

2019-08-24 13:12:17 - [TEST_STEP][PASSED] - if (i == 2 &amp;&amp; wildList.indexOf(symbol) != -1): null

2019-08-24 13:12:17 - [TEST_STEP][PASSED] - if (i == 3 &amp;&amp; wildList.indexOf(symbol) != -1): null

2019-08-24 13:12:17 - [TEST_STEP][PASSED] - if (i == 4 &amp;&amp; wildList.indexOf(symbol) != -1): null

2019-08-24 13:12:17 - [TEST_STEP][PASSED] - symbol = symbol: null

2019-08-24 13:12:17 - [TEST_STEP][PASSED] - println(symbol): null

2019-08-24 13:12:17 - [TEST_STEP][PASSED] - if (i == 2 &amp;&amp; wildList.indexOf(symbol) != -1): null

2019-08-24 13:12:17 - [TEST_STEP][PASSED] - if (i == 3 &amp;&amp; wildList.indexOf(symbol) != -1): null

2019-08-24 13:12:17 - [TEST_STEP][PASSED] - if (i == 4 &amp;&amp; wildList.indexOf(symbol) != -1): null

2019-08-24 13:12:17 - [TEST_STEP][PASSED] - free_spin_reel_counter = free_spin_reel_counter: null

2019-08-24 13:12:17 - [TEST_STEP][PASSED] - println("reel 3 wild found: " + free_spin_reel_counter[0]): null

2019-08-24 13:12:17 - [TEST_STEP][PASSED] - println("reel 4 wild found: " + free_spin_reel_counter[1]): null

2019-08-24 13:12:17 - [TEST_STEP][PASSED] - println("reel 5 wild found: " + free_spin_reel_counter[2]): null

2019-08-24 13:12:17 - [TEST_STEP][PASSED] - M4_spin_reels = M4_spin_reels: null

2019-08-24 13:12:17 - [TEST_STEP][PASSED] - M4_spin_reels_symbols = symbol: null

2019-08-24 13:12:17 - [TEST_STEP][PASSED] - M4_spin_reels_symbols = M4_spin_reels_symbols: null

2019-08-24 13:12:17 - [TEST_STEP][PASSED] - M4_spin_reel_wins = reel_wins: null

2019-08-24 13:12:17 - [TEST_STEP][PASSED] - M4_spin_reel_wins = M4_spin_reel_wins: null

2019-08-24 13:12:17 - [TEST_STEP][PASSED] - println("GlobalVariable.M4_spin_reel_wins is: " + M4_spin_reel_wins): null

2019-08-24 13:12:17 - [TEST_STEP][PASSED] - M4_spin_total_bonus_win_this_round = total_bonus_win_this_round: null

2019-08-24 13:12:17 - [TEST_STEP][PASSED] - M4_spin_total_bonus_win_this_round = M4_spin_total_bonus_win_this_round: null

2019-08-24 13:12:17 - [TEST_STEP][PASSED] - println("GlobalVariable.M4_spin_total_bonus_win_this_round is: " + M4_spin_total_bonus_win_this_round): null

2019-08-24 13:12:17 - [TEST_STEP][PASSED] - M4_spin_bonus_spin_result = spin_result: null

2019-08-24 13:12:17 - [TEST_STEP][PASSED] - M4_spin_bonus_spin_result = M4_spin_bonus_spin_result: null

2019-08-24 13:12:17 - [MESSAGE][PASSED] - Verify response successfully

2019-08-24 13:12:17 - [MESSAGE][PASSED] - Send request and verify the response successfully

2019-08-24 13:12:17 - [TEST_STEP][PASSED] - if (M4_total_bonus_spins_int != 0 &amp;&amp; M4_spin_reels_symbols[2].contains("WILD_Expanding")): null

2019-08-24 13:12:17 - [TEST_STEP][PASSED] - free_spin_reel_counter = free_spin_reel_counter: null

2019-08-24 13:12:17 - [TEST_STEP][PASSED] - M4_spin_reels_symbols = M4_spin_reels_symbols: null

2019-08-24 13:12:17 - [TEST_STEP][PASSED] - M4_total_bonus_spins = M4_total_bonus_spins: null

2019-08-24 13:12:17 - [TEST_STEP][PASSED] - spin_result = sendRequestAndVerify(findTestObject("INT/RGS(M4)/1_M4_spin", ["M4_login_user_id":M4_login_user_id, "rgs_session_token":rgs_session_token, "partner":Partner])): Send request and verify the response successfully

2019-08-24 13:12:18 - [MESSAGE][INFO] - HAR: /Users/eiralee/Katalon_Script/SuperWild/Reports/20190824_125957/INT/superWild_5/20190824_125957/requests/main/216.har

2019-08-24 13:12:18 - [TEST_CASE][PASSED] - Start Test Case : Verification: Verification accomplished successfully

2019-08-24 13:12:18 - [TEST_STEP][PASSED] - request = getInstance().getCurrentRequest(): null

2019-08-24 13:12:18 - [TEST_STEP][PASSED] - response = getInstance().getCurrentResponse(): null

2019-08-24 13:12:18 - [TEST_STEP][PASSED] - verifyResponseStatusCode(response, 200): Verify response status code successfully

2019-08-24 13:12:18 - [MESSAGE][PASSED] - Verify response status code successfully

2019-08-24 13:12:18 - [TEST_STEP][PASSED] - getStatusCode()).isEqualTo(200): null

2019-08-24 13:12:18 - [TEST_STEP][PASSED] - newline = System.getProperty("line.separator"): null

2019-08-24 13:12:18 - [TEST_STEP][PASSED] - M4_spin = new groovy.json.JsonSlurper(): null

2019-08-24 13:12:18 - [TEST_STEP][PASSED] - result_M4_spin = M4_spin.parseText(response.getResponseBodyContent()): null

2019-08-24 13:12:18 - [TEST_STEP][PASSED] - M4_spin_current_balance = current_balance: null

2019-08-24 13:12:18 - [TEST_STEP][PASSED] - M4_spin_current_balance = M4_spin_current_balance: null

2019-08-24 13:12:18 - [TEST_STEP][PASSED] - M4_spin_transaction_id = causality: null

2019-08-24 13:12:18 - [TEST_STEP][PASSED] - M4_spin_transaction_id = M4_spin_transaction_id: null

2019-08-24 13:12:18 - [TEST_STEP][PASSED] - M4_spin_round_id = round_id: null

2019-08-24 13:12:18 - [TEST_STEP][PASSED] - M4_spin_round_id = M4_spin_round_id: null

2019-08-24 13:12:18 - [TEST_STEP][PASSED] - M4_spin_line_wins = line_wins: null

2019-08-24 13:12:18 - [TEST_STEP][PASSED] - M4_spin_line_wins = M4_spin_line_wins: null

2019-08-24 13:12:18 - [TEST_STEP][PASSED] - M4_total_bonus_spins_int = total_bonus_spins: null

2019-08-24 13:12:18 - [TEST_STEP][PASSED] - println("******M4_total_bonus_spins type is:*******" + newline + getClass().getName()): null

2019-08-24 13:12:18 - [TEST_STEP][PASSED] - M4_total_bonus_spins_int = M4_total_bonus_spins_int: null

2019-08-24 13:12:18 - [TEST_STEP][PASSED] - M4_total_bonus_spins = Integer.toString(M4_total_bonus_spins_int): null

2019-08-24 13:12:18 - [TEST_STEP][PASSED] - M4_total_bonus_spins = M4_total_bonus_spins: null

2019-08-24 13:12:18 - [TEST_STEP][PASSED] - println("M4_total_bonus_spins is:" + M4_total_bonus_spins): null

2019-08-24 13:12:18 - [TEST_STEP][PASSED] - M4_spin_bonus_data = bonus_data: null

2019-08-24 13:12:18 - [TEST_STEP][PASSED] - M4_spin_features_triggered = result_M4_spin: null

2019-08-24 13:12:18 - [TEST_STEP][PASSED] - wild = []: null

2019-08-24 13:12:18 - [TEST_STEP][PASSED] - wild[0] = "WILD_Expanding": null

2019-08-24 13:12:18 - [TEST_STEP][PASSED] - wild[1] = "WILD_Normal": null

2019-08-24 13:12:18 - [TEST_STEP][PASSED] - wild[2] = "WILD_Double": null

2019-08-24 13:12:18 - [TEST_STEP][PASSED] - wild[3] = "WILD_ExtraFG": null

2019-08-24 13:12:18 - [TEST_STEP][PASSED] - wild[4] = "WILD_Triple": null

2019-08-24 13:12:18 - [TEST_STEP][PASSED] - wildList = Arrays.asList(wild): null

2019-08-24 13:12:18 - [TEST_STEP][PASSED] - wildList = wildList: null

2019-08-24 13:12:18 - [TEST_STEP][PASSED] - free_spin_reel_counter = []: null

2019-08-24 13:12:18 - [TEST_STEP][PASSED] - free_spin_reel_counter[0] = 0: null

2019-08-24 13:12:18 - [TEST_STEP][PASSED] - free_spin_reel_counter[1] = 0: null

2019-08-24 13:12:18 - [TEST_STEP][PASSED] - free_spin_reel_counter[2] = 0: null

2019-08-24 13:12:18 - [TEST_STEP][PASSED] - M4_spin_reels = reels: null

2019-08-24 13:12:18 - [TEST_STEP][PASSED] - for ([i = 0, i &lt; M4_spin_reels.size(), (i++)]): null

2019-08-24 13:12:18 - [TEST_STEP][PASSED] - symbols = symbols: null

2019-08-24 13:12:18 - [TEST_STEP][PASSED] - for ([j = 0, j &lt; symbols.size(), (j++)]): null

2019-08-24 13:12:18 - [TEST_STEP][PASSED] - symbol = symbol: null

2019-08-24 13:12:18 - [TEST_STEP][PASSED] - println(symbol): null

2019-08-24 13:12:18 - [TEST_STEP][PASSED] - if (i == 2 &amp;&amp; wildList.indexOf(symbol) != -1): null

2019-08-24 13:12:18 - [TEST_STEP][PASSED] - if (i == 3 &amp;&amp; wildList.indexOf(symbol) != -1): null

2019-08-24 13:12:18 - [TEST_STEP][PASSED] - if (i == 4 &amp;&amp; wildList.indexOf(symbol) != -1): null

2019-08-24 13:12:18 - [TEST_STEP][PASSED] - symbol = symbol: null

2019-08-24 13:12:18 - [TEST_STEP][PASSED] - println(symbol): null

2019-08-24 13:12:18 - [TEST_STEP][PASSED] - if (i == 2 &amp;&amp; wildList.indexOf(symbol) != -1): null

2019-08-24 13:12:18 - [TEST_STEP][PASSED] - if (i == 3 &amp;&amp; wildList.indexOf(symbol) != -1): null

2019-08-24 13:12:18 - [TEST_STEP][PASSED] - if (i == 4 &amp;&amp; wildList.indexOf(symbol) != -1): null

2019-08-24 13:12:18 - [TEST_STEP][PASSED] - symbol = symbol: null

2019-08-24 13:12:18 - [TEST_STEP][PASSED] - println(symbol): null

2019-08-24 13:12:18 - [TEST_STEP][PASSED] - if (i == 2 &amp;&amp; wildList.indexOf(symbol) != -1): null

2019-08-24 13:12:18 - [TEST_STEP][PASSED] - if (i == 3 &amp;&amp; wildList.indexOf(symbol) != -1): null

2019-08-24 13:12:18 - [TEST_STEP][PASSED] - if (i == 4 &amp;&amp; wildList.indexOf(symbol) != -1): null

2019-08-24 13:12:18 - [TEST_STEP][PASSED] - symbols = symbols: null

2019-08-24 13:12:18 - [TEST_STEP][PASSED] - for ([j = 0, j &lt; symbols.size(), (j++)]): null

2019-08-24 13:12:18 - [TEST_STEP][PASSED] - symbol = symbol: null

2019-08-24 13:12:18 - [TEST_STEP][PASSED] - println(symbol): null

2019-08-24 13:12:18 - [TEST_STEP][PASSED] - if (i == 2 &amp;&amp; wildList.indexOf(symbol) != -1): null

2019-08-24 13:12:18 - [TEST_STEP][PASSED] - if (i == 3 &amp;&amp; wildList.indexOf(symbol) != -1): null

2019-08-24 13:12:18 - [TEST_STEP][PASSED] - if (i == 4 &amp;&amp; wildList.indexOf(symbol) != -1): null

2019-08-24 13:12:18 - [TEST_STEP][PASSED] - symbol = symbol: null

2019-08-24 13:12:18 - [TEST_STEP][PASSED] - println(symbol): null

2019-08-24 13:12:18 - [TEST_STEP][PASSED] - if (i == 2 &amp;&amp; wildList.indexOf(symbol) != -1): null

2019-08-24 13:12:18 - [TEST_STEP][PASSED] - if (i == 3 &amp;&amp; wildList.indexOf(symbol) != -1): null

2019-08-24 13:12:18 - [TEST_STEP][PASSED] - if (i == 4 &amp;&amp; wildList.indexOf(symbol) != -1): null

2019-08-24 13:12:18 - [TEST_STEP][PASSED] - symbol = symbol: null

2019-08-24 13:12:18 - [TEST_STEP][PASSED] - println(symbol): null

2019-08-24 13:12:18 - [TEST_STEP][PASSED] - if (i == 2 &amp;&amp; wildList.indexOf(symbol) != -1): null

2019-08-24 13:12:18 - [TEST_STEP][PASSED] - if (i == 3 &amp;&amp; wildList.indexOf(symbol) != -1): null

2019-08-24 13:12:18 - [TEST_STEP][PASSED] - if (i == 4 &amp;&amp; wildList.indexOf(symbol) != -1): null

2019-08-24 13:12:18 - [TEST_STEP][PASSED] - symbols = symbols: null

2019-08-24 13:12:18 - [TEST_STEP][PASSED] - for ([j = 0, j &lt; symbols.size(), (j++)]): null

2019-08-24 13:12:18 - [TEST_STEP][PASSED] - symbol = symbol: null

2019-08-24 13:12:18 - [TEST_STEP][PASSED] - println(symbol): null

2019-08-24 13:12:18 - [TEST_STEP][PASSED] - if (i == 2 &amp;&amp; wildList.indexOf(symbol) != -1): null

2019-08-24 13:12:18 - [TEST_STEP][PASSED] - if (i == 3 &amp;&amp; wildList.indexOf(symbol) != -1): null

2019-08-24 13:12:18 - [TEST_STEP][PASSED] - if (i == 4 &amp;&amp; wildList.indexOf(symbol) != -1): null

2019-08-24 13:12:18 - [TEST_STEP][PASSED] - symbol = symbol: null

2019-08-24 13:12:18 - [TEST_STEP][PASSED] - println(symbol): null

2019-08-24 13:12:18 - [TEST_STEP][PASSED] - if (i == 2 &amp;&amp; wildList.indexOf(symbol) != -1): null

2019-08-24 13:12:18 - [TEST_STEP][PASSED] - if (i == 3 &amp;&amp; wildList.indexOf(symbol) != -1): null

2019-08-24 13:12:18 - [TEST_STEP][PASSED] - if (i == 4 &amp;&amp; wildList.indexOf(symbol) != -1): null

2019-08-24 13:12:18 - [TEST_STEP][PASSED] - symbol = symbol: null

2019-08-24 13:12:18 - [TEST_STEP][PASSED] - println(symbol): null

2019-08-24 13:12:18 - [TEST_STEP][PASSED] - if (i == 2 &amp;&amp; wildList.indexOf(symbol) != -1): null

2019-08-24 13:12:18 - [TEST_STEP][PASSED] - if (i == 3 &amp;&amp; wildList.indexOf(symbol) != -1): null

2019-08-24 13:12:18 - [TEST_STEP][PASSED] - if (i == 4 &amp;&amp; wildList.indexOf(symbol) != -1): null

2019-08-24 13:12:18 - [TEST_STEP][PASSED] - symbols = symbols: null

2019-08-24 13:12:18 - [TEST_STEP][PASSED] - for ([j = 0, j &lt; symbols.size(), (j++)]): null

2019-08-24 13:12:18 - [TEST_STEP][PASSED] - symbol = symbol: null

2019-08-24 13:12:18 - [TEST_STEP][PASSED] - println(symbol): null

2019-08-24 13:12:18 - [TEST_STEP][PASSED] - if (i == 2 &amp;&amp; wildList.indexOf(symbol) != -1): null

2019-08-24 13:12:18 - [TEST_STEP][PASSED] - if (i == 3 &amp;&amp; wildList.indexOf(symbol) != -1): null

2019-08-24 13:12:18 - [TEST_STEP][PASSED] - println("wild found on reel 4, adding counter by 1"): null

2019-08-24 13:12:18 - [TEST_STEP][PASSED] - free_spin_reel_counter[1] = free_spin_reel_counter[1] + 1: null

2019-08-24 13:12:18 - [TEST_STEP][PASSED] - if (i == 4 &amp;&amp; wildList.indexOf(symbol) != -1): null

2019-08-24 13:12:18 - [TEST_STEP][PASSED] - symbol = symbol: null

2019-08-24 13:12:18 - [TEST_STEP][PASSED] - println(symbol): null

2019-08-24 13:12:18 - [TEST_STEP][PASSED] - if (i == 2 &amp;&amp; wildList.indexOf(symbol) != -1): null

2019-08-24 13:12:18 - [TEST_STEP][PASSED] - if (i == 3 &amp;&amp; wildList.indexOf(symbol) != -1): null

2019-08-24 13:12:18 - [TEST_STEP][PASSED] - if (i == 4 &amp;&amp; wildList.indexOf(symbol) != -1): null

2019-08-24 13:12:18 - [TEST_STEP][PASSED] - symbol = symbol: null

2019-08-24 13:12:18 - [TEST_STEP][PASSED] - println(symbol): null

2019-08-24 13:12:18 - [TEST_STEP][PASSED] - if (i == 2 &amp;&amp; wildList.indexOf(symbol) != -1): null

2019-08-24 13:12:18 - [TEST_STEP][PASSED] - if (i == 3 &amp;&amp; wildList.indexOf(symbol) != -1): null

2019-08-24 13:12:18 - [TEST_STEP][PASSED] - if (i == 4 &amp;&amp; wildList.indexOf(symbol) != -1): null

2019-08-24 13:12:18 - [TEST_STEP][PASSED] - symbols = symbols: null

2019-08-24 13:12:18 - [TEST_STEP][PASSED] - for ([j = 0, j &lt; symbols.size(), (j++)]): null

2019-08-24 13:12:18 - [TEST_STEP][PASSED] - symbol = symbol: null

2019-08-24 13:12:18 - [TEST_STEP][PASSED] - println(symbol): null

2019-08-24 13:12:18 - [TEST_STEP][PASSED] - if (i == 2 &amp;&amp; wildList.indexOf(symbol) != -1): null

2019-08-24 13:12:18 - [TEST_STEP][PASSED] - if (i == 3 &amp;&amp; wildList.indexOf(symbol) != -1): null

2019-08-24 13:12:18 - [TEST_STEP][PASSED] - if (i == 4 &amp;&amp; wildList.indexOf(symbol) != -1): null

2019-08-24 13:12:18 - [TEST_STEP][PASSED] - symbol = symbol: null

2019-08-24 13:12:18 - [TEST_STEP][PASSED] - println(symbol): null

2019-08-24 13:12:18 - [TEST_STEP][PASSED] - if (i == 2 &amp;&amp; wildList.indexOf(symbol) != -1): null

2019-08-24 13:12:18 - [TEST_STEP][PASSED] - if (i == 3 &amp;&amp; wildList.indexOf(symbol) != -1): null

2019-08-24 13:12:18 - [TEST_STEP][PASSED] - if (i == 4 &amp;&amp; wildList.indexOf(symbol) != -1): null

2019-08-24 13:12:18 - [TEST_STEP][PASSED] - symbol = symbol: null

2019-08-24 13:12:18 - [TEST_STEP][PASSED] - println(symbol): null

2019-08-24 13:12:18 - [TEST_STEP][PASSED] - if (i == 2 &amp;&amp; wildList.indexOf(symbol) != -1): null

2019-08-24 13:12:18 - [TEST_STEP][PASSED] - if (i == 3 &amp;&amp; wildList.indexOf(symbol) != -1): null

2019-08-24 13:12:18 - [TEST_STEP][PASSED] - if (i == 4 &amp;&amp; wildList.indexOf(symbol) != -1): null

2019-08-24 13:12:18 - [TEST_STEP][PASSED] - free_spin_reel_counter = free_spin_reel_counter: null

2019-08-24 13:12:18 - [TEST_STEP][PASSED] - println("reel 3 wild found: " + free_spin_reel_counter[0]): null

2019-08-24 13:12:18 - [TEST_STEP][PASSED] - println("reel 4 wild found: " + free_spin_reel_counter[1]): null

2019-08-24 13:12:18 - [TEST_STEP][PASSED] - println("reel 5 wild found: " + free_spin_reel_counter[2]): null

2019-08-24 13:12:18 - [TEST_STEP][PASSED] - M4_spin_reels = M4_spin_reels: null

2019-08-24 13:12:18 - [TEST_STEP][PASSED] - M4_spin_reels_symbols = symbol: null

2019-08-24 13:12:18 - [TEST_STEP][PASSED] - M4_spin_reels_symbols = M4_spin_reels_symbols: null

2019-08-24 13:12:18 - [TEST_STEP][PASSED] - M4_spin_reel_wins = reel_wins: null

2019-08-24 13:12:18 - [TEST_STEP][PASSED] - M4_spin_reel_wins = M4_spin_reel_wins: null

2019-08-24 13:12:18 - [TEST_STEP][PASSED] - println("GlobalVariable.M4_spin_reel_wins is: " + M4_spin_reel_wins): null

2019-08-24 13:12:18 - [TEST_STEP][PASSED] - M4_spin_total_bonus_win_this_round = total_bonus_win_this_round: null

2019-08-24 13:12:18 - [TEST_STEP][PASSED] - M4_spin_total_bonus_win_this_round = M4_spin_total_bonus_win_this_round: null

2019-08-24 13:12:18 - [TEST_STEP][PASSED] - println("GlobalVariable.M4_spin_total_bonus_win_this_round is: " + M4_spin_total_bonus_win_this_round): null

2019-08-24 13:12:18 - [TEST_STEP][PASSED] - M4_spin_bonus_spin_result = spin_result: null

2019-08-24 13:12:18 - [TEST_STEP][PASSED] - M4_spin_bonus_spin_result = M4_spin_bonus_spin_result: null

2019-08-24 13:12:18 - [MESSAGE][PASSED] - Verify response successfully

2019-08-24 13:12:18 - [MESSAGE][PASSED] - Send request and verify the response successfully

2019-08-24 13:12:18 - [TEST_STEP][PASSED] - if (M4_total_bonus_spins_int != 0 &amp;&amp; M4_spin_reels_symbols[2].contains("WILD_Expanding")): null

2019-08-24 13:12:18 - [TEST_STEP][PASSED] - free_spin_reel_counter = free_spin_reel_counter: null

2019-08-24 13:12:18 - [TEST_STEP][PASSED] - M4_spin_reels_symbols = M4_spin_reels_symbols: null

2019-08-24 13:12:18 - [TEST_STEP][PASSED] - M4_total_bonus_spins = M4_total_bonus_spins: null

2019-08-24 13:12:18 - [TEST_STEP][PASSED] - spin_result = sendRequestAndVerify(findTestObject("INT/RGS(M4)/1_M4_spin", ["M4_login_user_id":M4_login_user_id, "rgs_session_token":rgs_session_token, "partner":Partner])): Send request and verify the response successfully

2019-08-24 13:12:18 - [MESSAGE][INFO] - HAR: /Users/eiralee/Katalon_Script/SuperWild/Reports/20190824_125957/INT/superWild_5/20190824_125957/requests/main/217.har

2019-08-24 13:12:18 - [TEST_CASE][PASSED] - Start Test Case : Verification: Verification accomplished successfully

2019-08-24 13:12:18 - [TEST_STEP][PASSED] - request = getInstance().getCurrentRequest(): null

2019-08-24 13:12:18 - [TEST_STEP][PASSED] - response = getInstance().getCurrentResponse(): null

2019-08-24 13:12:18 - [TEST_STEP][PASSED] - verifyResponseStatusCode(response, 200): Verify response status code successfully

2019-08-24 13:12:18 - [MESSAGE][PASSED] - Verify response status code successfully

2019-08-24 13:12:18 - [TEST_STEP][PASSED] - getStatusCode()).isEqualTo(200): null

2019-08-24 13:12:18 - [TEST_STEP][PASSED] - newline = System.getProperty("line.separator"): null

2019-08-24 13:12:18 - [TEST_STEP][PASSED] - M4_spin = new groovy.json.JsonSlurper(): null

2019-08-24 13:12:18 - [TEST_STEP][PASSED] - result_M4_spin = M4_spin.parseText(response.getResponseBodyContent()): null

2019-08-24 13:12:18 - [TEST_STEP][PASSED] - M4_spin_current_balance = current_balance: null

2019-08-24 13:12:18 - [TEST_STEP][PASSED] - M4_spin_current_balance = M4_spin_current_balance: null

2019-08-24 13:12:18 - [TEST_STEP][PASSED] - M4_spin_transaction_id = causality: null

2019-08-24 13:12:18 - [TEST_STEP][PASSED] - M4_spin_transaction_id = M4_spin_transaction_id: null

2019-08-24 13:12:18 - [TEST_STEP][PASSED] - M4_spin_round_id = round_id: null

2019-08-24 13:12:18 - [TEST_STEP][PASSED] - M4_spin_round_id = M4_spin_round_id: null

2019-08-24 13:12:18 - [TEST_STEP][PASSED] - M4_spin_line_wins = line_wins: null

2019-08-24 13:12:18 - [TEST_STEP][PASSED] - M4_spin_line_wins = M4_spin_line_wins: null

2019-08-24 13:12:18 - [TEST_STEP][PASSED] - M4_total_bonus_spins_int = total_bonus_spins: null

2019-08-24 13:12:18 - [TEST_STEP][PASSED] - println("******M4_total_bonus_spins type is:*******" + newline + getClass().getName()): null

2019-08-24 13:12:18 - [TEST_STEP][PASSED] - M4_total_bonus_spins_int = M4_total_bonus_spins_int: null

2019-08-24 13:12:18 - [TEST_STEP][PASSED] - M4_total_bonus_spins = Integer.toString(M4_total_bonus_spins_int): null

2019-08-24 13:12:18 - [TEST_STEP][PASSED] - M4_total_bonus_spins = M4_total_bonus_spins: null

2019-08-24 13:12:18 - [TEST_STEP][PASSED] - println("M4_total_bonus_spins is:" + M4_total_bonus_spins): null

2019-08-24 13:12:18 - [TEST_STEP][PASSED] - M4_spin_bonus_data = bonus_data: null

2019-08-24 13:12:18 - [TEST_STEP][PASSED] - M4_spin_features_triggered = result_M4_spin: null

2019-08-24 13:12:18 - [TEST_STEP][PASSED] - wild = []: null

2019-08-24 13:12:18 - [TEST_STEP][PASSED] - wild[0] = "WILD_Expanding": null

2019-08-24 13:12:18 - [TEST_STEP][PASSED] - wild[1] = "WILD_Normal": null

2019-08-24 13:12:18 - [TEST_STEP][PASSED] - wild[2] = "WILD_Double": null

2019-08-24 13:12:18 - [TEST_STEP][PASSED] - wild[3] = "WILD_ExtraFG": null

2019-08-24 13:12:18 - [TEST_STEP][PASSED] - wild[4] = "WILD_Triple": null

2019-08-24 13:12:18 - [TEST_STEP][PASSED] - wildList = Arrays.asList(wild): null

2019-08-24 13:12:18 - [TEST_STEP][PASSED] - wildList = wildList: null

2019-08-24 13:12:18 - [TEST_STEP][PASSED] - free_spin_reel_counter = []: null

2019-08-24 13:12:18 - [TEST_STEP][PASSED] - free_spin_reel_counter[0] = 0: null

2019-08-24 13:12:18 - [TEST_STEP][PASSED] - free_spin_reel_counter[1] = 0: null

2019-08-24 13:12:18 - [TEST_STEP][PASSED] - free_spin_reel_counter[2] = 0: null

2019-08-24 13:12:18 - [TEST_STEP][PASSED] - M4_spin_reels = reels: null

2019-08-24 13:12:18 - [TEST_STEP][PASSED] - for ([i = 0, i &lt; M4_spin_reels.size(), (i++)]): null

2019-08-24 13:12:18 - [TEST_STEP][PASSED] - symbols = symbols: null

2019-08-24 13:12:18 - [TEST_STEP][PASSED] - for ([j = 0, j &lt; symbols.size(), (j++)]): null

2019-08-24 13:12:18 - [TEST_STEP][PASSED] - symbol = symbol: null

2019-08-24 13:12:18 - [TEST_STEP][PASSED] - println(symbol): null

2019-08-24 13:12:18 - [TEST_STEP][PASSED] - if (i == 2 &amp;&amp; wildList.indexOf(symbol) != -1): null

2019-08-24 13:12:18 - [TEST_STEP][PASSED] - if (i == 3 &amp;&amp; wildList.indexOf(symbol) != -1): null

2019-08-24 13:12:18 - [TEST_STEP][PASSED] - if (i == 4 &amp;&amp; wildList.indexOf(symbol) != -1): null

2019-08-24 13:12:18 - [TEST_STEP][PASSED] - symbol = symbol: null

2019-08-24 13:12:18 - [TEST_STEP][PASSED] - println(symbol): null

2019-08-24 13:12:18 - [TEST_STEP][PASSED] - if (i == 2 &amp;&amp; wildList.indexOf(symbol) != -1): null

2019-08-24 13:12:18 - [TEST_STEP][PASSED] - if (i == 3 &amp;&amp; wildList.indexOf(symbol) != -1): null

2019-08-24 13:12:18 - [TEST_STEP][PASSED] - if (i == 4 &amp;&amp; wildList.indexOf(symbol) != -1): null

2019-08-24 13:12:18 - [TEST_STEP][PASSED] - symbol = symbol: null

2019-08-24 13:12:18 - [TEST_STEP][PASSED] - println(symbol): null

2019-08-24 13:12:18 - [TEST_STEP][PASSED] - if (i == 2 &amp;&amp; wildList.indexOf(symbol) != -1): null

2019-08-24 13:12:18 - [TEST_STEP][PASSED] - if (i == 3 &amp;&amp; wildList.indexOf(symbol) != -1): null

2019-08-24 13:12:18 - [TEST_STEP][PASSED] - if (i == 4 &amp;&amp; wildList.indexOf(symbol) != -1): null

2019-08-24 13:12:18 - [TEST_STEP][PASSED] - symbols = symbols: null

2019-08-24 13:12:18 - [TEST_STEP][PASSED] - for ([j = 0, j &lt; symbols.size(), (j++)]): null

2019-08-24 13:12:18 - [TEST_STEP][PASSED] - symbol = symbol: null

2019-08-24 13:12:18 - [TEST_STEP][PASSED] - println(symbol): null

2019-08-24 13:12:18 - [TEST_STEP][PASSED] - if (i == 2 &amp;&amp; wildList.indexOf(symbol) != -1): null

2019-08-24 13:12:18 - [TEST_STEP][PASSED] - if (i == 3 &amp;&amp; wildList.indexOf(symbol) != -1): null

2019-08-24 13:12:18 - [TEST_STEP][PASSED] - if (i == 4 &amp;&amp; wildList.indexOf(symbol) != -1): null

2019-08-24 13:12:18 - [TEST_STEP][PASSED] - symbol = symbol: null

2019-08-24 13:12:18 - [TEST_STEP][PASSED] - println(symbol): null

2019-08-24 13:12:18 - [TEST_STEP][PASSED] - if (i == 2 &amp;&amp; wildList.indexOf(symbol) != -1): null

2019-08-24 13:12:18 - [TEST_STEP][PASSED] - if (i == 3 &amp;&amp; wildList.indexOf(symbol) != -1): null

2019-08-24 13:12:18 - [TEST_STEP][PASSED] - if (i == 4 &amp;&amp; wildList.indexOf(symbol) != -1): null

2019-08-24 13:12:18 - [TEST_STEP][PASSED] - symbol = symbol: null

2019-08-24 13:12:18 - [TEST_STEP][PASSED] - println(symbol): null

2019-08-24 13:12:18 - [TEST_STEP][PASSED] - if (i == 2 &amp;&amp; wildList.indexOf(symbol) != -1): null

2019-08-24 13:12:18 - [TEST_STEP][PASSED] - if (i == 3 &amp;&amp; wildList.indexOf(symbol) != -1): null

2019-08-24 13:12:18 - [TEST_STEP][PASSED] - if (i == 4 &amp;&amp; wildList.indexOf(symbol) != -1): null

2019-08-24 13:12:18 - [TEST_STEP][PASSED] - symbols = symbols: null

2019-08-24 13:12:18 - [TEST_STEP][PASSED] - for ([j = 0, j &lt; symbols.size(), (j++)]): null

2019-08-24 13:12:18 - [TEST_STEP][PASSED] - symbol = symbol: null

2019-08-24 13:12:18 - [TEST_STEP][PASSED] - println(symbol): null

2019-08-24 13:12:18 - [TEST_STEP][PASSED] - if (i == 2 &amp;&amp; wildList.indexOf(symbol) != -1): null

2019-08-24 13:12:18 - [TEST_STEP][PASSED] - if (i == 3 &amp;&amp; wildList.indexOf(symbol) != -1): null

2019-08-24 13:12:18 - [TEST_STEP][PASSED] - if (i == 4 &amp;&amp; wildList.indexOf(symbol) != -1): null

2019-08-24 13:12:18 - [TEST_STEP][PASSED] - symbol = symbol: null

2019-08-24 13:12:18 - [TEST_STEP][PASSED] - println(symbol): null

2019-08-24 13:12:18 - [TEST_STEP][PASSED] - if (i == 2 &amp;&amp; wildList.indexOf(symbol) != -1): null

2019-08-24 13:12:18 - [TEST_STEP][PASSED] - if (i == 3 &amp;&amp; wildList.indexOf(symbol) != -1): null

2019-08-24 13:12:18 - [TEST_STEP][PASSED] - if (i == 4 &amp;&amp; wildList.indexOf(symbol) != -1): null

2019-08-24 13:12:18 - [TEST_STEP][PASSED] - symbol = symbol: null

2019-08-24 13:12:18 - [TEST_STEP][PASSED] - println(symbol): null

2019-08-24 13:12:18 - [TEST_STEP][PASSED] - if (i == 2 &amp;&amp; wildList.indexOf(symbol) != -1): null

2019-08-24 13:12:18 - [TEST_STEP][PASSED] - if (i == 3 &amp;&amp; wildList.indexOf(symbol) != -1): null

2019-08-24 13:12:18 - [TEST_STEP][PASSED] - if (i == 4 &amp;&amp; wildList.indexOf(symbol) != -1): null

2019-08-24 13:12:18 - [TEST_STEP][PASSED] - symbols = symbols: null

2019-08-24 13:12:18 - [TEST_STEP][PASSED] - for ([j = 0, j &lt; symbols.size(), (j++)]): null

2019-08-24 13:12:18 - [TEST_STEP][PASSED] - symbol = symbol: null

2019-08-24 13:12:18 - [TEST_STEP][PASSED] - println(symbol): null

2019-08-24 13:12:18 - [TEST_STEP][PASSED] - if (i == 2 &amp;&amp; wildList.indexOf(symbol) != -1): null

2019-08-24 13:12:18 - [TEST_STEP][PASSED] - if (i == 3 &amp;&amp; wildList.indexOf(symbol) != -1): null

2019-08-24 13:12:18 - [TEST_STEP][PASSED] - if (i == 4 &amp;&amp; wildList.indexOf(symbol) != -1): null

2019-08-24 13:12:18 - [TEST_STEP][PASSED] - symbol = symbol: null

2019-08-24 13:12:18 - [TEST_STEP][PASSED] - println(symbol): null

2019-08-24 13:12:18 - [TEST_STEP][PASSED] - if (i == 2 &amp;&amp; wildList.indexOf(symbol) != -1): null

2019-08-24 13:12:18 - [TEST_STEP][PASSED] - if (i == 3 &amp;&amp; wildList.indexOf(symbol) != -1): null

2019-08-24 13:12:18 - [TEST_STEP][PASSED] - if (i == 4 &amp;&amp; wildList.indexOf(symbol) != -1): null

2019-08-24 13:12:18 - [TEST_STEP][PASSED] - symbol = symbol: null

2019-08-24 13:12:18 - [TEST_STEP][PASSED] - println(symbol): null

2019-08-24 13:12:18 - [TEST_STEP][PASSED] - if (i == 2 &amp;&amp; wildList.indexOf(symbol) != -1): null

2019-08-24 13:12:18 - [TEST_STEP][PASSED] - if (i == 3 &amp;&amp; wildList.indexOf(symbol) != -1): null

2019-08-24 13:12:18 - [TEST_STEP][PASSED] - if (i == 4 &amp;&amp; wildList.indexOf(symbol) != -1): null

2019-08-24 13:12:18 - [TEST_STEP][PASSED] - symbols = symbols: null

2019-08-24 13:12:18 - [TEST_STEP][PASSED] - for ([j = 0, j &lt; symbols.size(), (j++)]): null

2019-08-24 13:12:18 - [TEST_STEP][PASSED] - symbol = symbol: null

2019-08-24 13:12:18 - [TEST_STEP][PASSED] - println(symbol): null

2019-08-24 13:12:18 - [TEST_STEP][PASSED] - if (i == 2 &amp;&amp; wildList.indexOf(symbol) != -1): null

2019-08-24 13:12:18 - [TEST_STEP][PASSED] - if (i == 3 &amp;&amp; wildList.indexOf(symbol) != -1): null

2019-08-24 13:12:18 - [TEST_STEP][PASSED] - if (i == 4 &amp;&amp; wildList.indexOf(symbol) != -1): null

2019-08-24 13:12:18 - [TEST_STEP][PASSED] - symbol = symbol: null

2019-08-24 13:12:18 - [TEST_STEP][PASSED] - println(symbol): null

2019-08-24 13:12:18 - [TEST_STEP][PASSED] - if (i == 2 &amp;&amp; wildList.indexOf(symbol) != -1): null

2019-08-24 13:12:18 - [TEST_STEP][PASSED] - if (i == 3 &amp;&amp; wildList.indexOf(symbol) != -1): null

2019-08-24 13:12:18 - [TEST_STEP][PASSED] - if (i == 4 &amp;&amp; wildList.indexOf(symbol) != -1): null

2019-08-24 13:12:18 - [TEST_STEP][PASSED] - symbol = symbol: null

2019-08-24 13:12:18 - [TEST_STEP][PASSED] - println(symbol): null

2019-08-24 13:12:18 - [TEST_STEP][PASSED] - if (i == 2 &amp;&amp; wildList.indexOf(symbol) != -1): null

2019-08-24 13:12:18 - [TEST_STEP][PASSED] - if (i == 3 &amp;&amp; wildList.indexOf(symbol) != -1): null

2019-08-24 13:12:18 - [TEST_STEP][PASSED] - if (i == 4 &amp;&amp; wildList.indexOf(symbol) != -1): null

2019-08-24 13:12:18 - [TEST_STEP][PASSED] - free_spin_reel_counter = free_spin_reel_counter: null

2019-08-24 13:12:18 - [TEST_STEP][PASSED] - println("reel 3 wild found: " + free_spin_reel_counter[0]): null

2019-08-24 13:12:18 - [TEST_STEP][PASSED] - println("reel 4 wild found: " + free_spin_reel_counter[1]): null

2019-08-24 13:12:18 - [TEST_STEP][PASSED] - println("reel 5 wild found: " + free_spin_reel_counter[2]): null

2019-08-24 13:12:18 - [TEST_STEP][PASSED] - M4_spin_reels = M4_spin_reels: null

2019-08-24 13:12:18 - [TEST_STEP][PASSED] - M4_spin_reels_symbols = symbol: null

2019-08-24 13:12:18 - [TEST_STEP][PASSED] - M4_spin_reels_symbols = M4_spin_reels_symbols: null

2019-08-24 13:12:18 - [TEST_STEP][PASSED] - M4_spin_reel_wins = reel_wins: null

2019-08-24 13:12:18 - [TEST_STEP][PASSED] - M4_spin_reel_wins = M4_spin_reel_wins: null

2019-08-24 13:12:18 - [TEST_STEP][PASSED] - println("GlobalVariable.M4_spin_reel_wins is: " + M4_spin_reel_wins): null

2019-08-24 13:12:18 - [TEST_STEP][PASSED] - M4_spin_total_bonus_win_this_round = total_bonus_win_this_round: null

2019-08-24 13:12:18 - [TEST_STEP][PASSED] - M4_spin_total_bonus_win_this_round = M4_spin_total_bonus_win_this_round: null

2019-08-24 13:12:18 - [TEST_STEP][PASSED] - println("GlobalVariable.M4_spin_total_bonus_win_this_round is: " + M4_spin_total_bonus_win_this_round): null

2019-08-24 13:12:18 - [TEST_STEP][PASSED] - M4_spin_bonus_spin_result = spin_result: null

2019-08-24 13:12:18 - [TEST_STEP][PASSED] - M4_spin_bonus_spin_result = M4_spin_bonus_spin_result: null

2019-08-24 13:12:18 - [MESSAGE][PASSED] - Verify response successfully

2019-08-24 13:12:18 - [MESSAGE][PASSED] - Send request and verify the response successfully

2019-08-24 13:12:18 - [TEST_STEP][PASSED] - if (M4_total_bonus_spins_int != 0 &amp;&amp; M4_spin_reels_symbols[2].contains("WILD_Expanding")): null

2019-08-24 13:12:18 - [TEST_STEP][PASSED] - free_spin_reel_counter = free_spin_reel_counter: null

2019-08-24 13:12:18 - [TEST_STEP][PASSED] - M4_spin_reels_symbols = M4_spin_reels_symbols: null

2019-08-24 13:12:18 - [TEST_STEP][PASSED] - M4_total_bonus_spins = M4_total_bonus_spins: null

2019-08-24 13:12:18 - [TEST_STEP][PASSED] - spin_result = sendRequestAndVerify(findTestObject("INT/RGS(M4)/1_M4_spin", ["M4_login_user_id":M4_login_user_id, "rgs_session_token":rgs_session_token, "partner":Partner])): Send request and verify the response successfully

2019-08-24 13:12:19 - [MESSAGE][INFO] - HAR: /Users/eiralee/Katalon_Script/SuperWild/Reports/20190824_125957/INT/superWild_5/20190824_125957/requests/main/218.har

2019-08-24 13:12:19 - [TEST_CASE][PASSED] - Start Test Case : Verification: Verification accomplished successfully

2019-08-24 13:12:19 - [TEST_STEP][PASSED] - request = getInstance().getCurrentRequest(): null

2019-08-24 13:12:19 - [TEST_STEP][PASSED] - response = getInstance().getCurrentResponse(): null

2019-08-24 13:12:19 - [TEST_STEP][PASSED] - verifyResponseStatusCode(response, 200): Verify response status code successfully

2019-08-24 13:12:19 - [MESSAGE][PASSED] - Verify response status code successfully

2019-08-24 13:12:19 - [TEST_STEP][PASSED] - getStatusCode()).isEqualTo(200): null

2019-08-24 13:12:19 - [TEST_STEP][PASSED] - newline = System.getProperty("line.separator"): null

2019-08-24 13:12:19 - [TEST_STEP][PASSED] - M4_spin = new groovy.json.JsonSlurper(): null

2019-08-24 13:12:19 - [TEST_STEP][PASSED] - result_M4_spin = M4_spin.parseText(response.getResponseBodyContent()): null

2019-08-24 13:12:19 - [TEST_STEP][PASSED] - M4_spin_current_balance = current_balance: null

2019-08-24 13:12:19 - [TEST_STEP][PASSED] - M4_spin_current_balance = M4_spin_current_balance: null

2019-08-24 13:12:19 - [TEST_STEP][PASSED] - M4_spin_transaction_id = causality: null

2019-08-24 13:12:19 - [TEST_STEP][PASSED] - M4_spin_transaction_id = M4_spin_transaction_id: null

2019-08-24 13:12:19 - [TEST_STEP][PASSED] - M4_spin_round_id = round_id: null

2019-08-24 13:12:19 - [TEST_STEP][PASSED] - M4_spin_round_id = M4_spin_round_id: null

2019-08-24 13:12:19 - [TEST_STEP][PASSED] - M4_spin_line_wins = line_wins: null

2019-08-24 13:12:19 - [TEST_STEP][PASSED] - M4_spin_line_wins = M4_spin_line_wins: null

2019-08-24 13:12:19 - [TEST_STEP][PASSED] - M4_total_bonus_spins_int = total_bonus_spins: null

2019-08-24 13:12:19 - [TEST_STEP][PASSED] - println("******M4_total_bonus_spins type is:*******" + newline + getClass().getName()): null

2019-08-24 13:12:19 - [TEST_STEP][PASSED] - M4_total_bonus_spins_int = M4_total_bonus_spins_int: null

2019-08-24 13:12:19 - [TEST_STEP][PASSED] - M4_total_bonus_spins = Integer.toString(M4_total_bonus_spins_int): null

2019-08-24 13:12:19 - [TEST_STEP][PASSED] - M4_total_bonus_spins = M4_total_bonus_spins: null

2019-08-24 13:12:19 - [TEST_STEP][PASSED] - println("M4_total_bonus_spins is:" + M4_total_bonus_spins): null

2019-08-24 13:12:19 - [TEST_STEP][PASSED] - M4_spin_bonus_data = bonus_data: null

2019-08-24 13:12:19 - [TEST_STEP][PASSED] - M4_spin_features_triggered = result_M4_spin: null

2019-08-24 13:12:19 - [TEST_STEP][PASSED] - wild = []: null

2019-08-24 13:12:19 - [TEST_STEP][PASSED] - wild[0] = "WILD_Expanding": null

2019-08-24 13:12:19 - [TEST_STEP][PASSED] - wild[1] = "WILD_Normal": null

2019-08-24 13:12:19 - [TEST_STEP][PASSED] - wild[2] = "WILD_Double": null

2019-08-24 13:12:19 - [TEST_STEP][PASSED] - wild[3] = "WILD_ExtraFG": null

2019-08-24 13:12:19 - [TEST_STEP][PASSED] - wild[4] = "WILD_Triple": null

2019-08-24 13:12:19 - [TEST_STEP][PASSED] - wildList = Arrays.asList(wild): null

2019-08-24 13:12:19 - [TEST_STEP][PASSED] - wildList = wildList: null

2019-08-24 13:12:19 - [TEST_STEP][PASSED] - free_spin_reel_counter = []: null

2019-08-24 13:12:19 - [TEST_STEP][PASSED] - free_spin_reel_counter[0] = 0: null

2019-08-24 13:12:19 - [TEST_STEP][PASSED] - free_spin_reel_counter[1] = 0: null

2019-08-24 13:12:19 - [TEST_STEP][PASSED] - free_spin_reel_counter[2] = 0: null

2019-08-24 13:12:19 - [TEST_STEP][PASSED] - M4_spin_reels = reels: null

2019-08-24 13:12:19 - [TEST_STEP][PASSED] - for ([i = 0, i &lt; M4_spin_reels.size(), (i++)]): null

2019-08-24 13:12:19 - [TEST_STEP][PASSED] - symbols = symbols: null

2019-08-24 13:12:19 - [TEST_STEP][PASSED] - for ([j = 0, j &lt; symbols.size(), (j++)]): null

2019-08-24 13:12:19 - [TEST_STEP][PASSED] - symbol = symbol: null

2019-08-24 13:12:19 - [TEST_STEP][PASSED] - println(symbol): null

2019-08-24 13:12:19 - [TEST_STEP][PASSED] - if (i == 2 &amp;&amp; wildList.indexOf(symbol) != -1): null

2019-08-24 13:12:19 - [TEST_STEP][PASSED] - if (i == 3 &amp;&amp; wildList.indexOf(symbol) != -1): null

2019-08-24 13:12:19 - [TEST_STEP][PASSED] - if (i == 4 &amp;&amp; wildList.indexOf(symbol) != -1): null

2019-08-24 13:12:19 - [TEST_STEP][PASSED] - symbol = symbol: null

2019-08-24 13:12:19 - [TEST_STEP][PASSED] - println(symbol): null

2019-08-24 13:12:19 - [TEST_STEP][PASSED] - if (i == 2 &amp;&amp; wildList.indexOf(symbol) != -1): null

2019-08-24 13:12:19 - [TEST_STEP][PASSED] - if (i == 3 &amp;&amp; wildList.indexOf(symbol) != -1): null

2019-08-24 13:12:19 - [TEST_STEP][PASSED] - if (i == 4 &amp;&amp; wildList.indexOf(symbol) != -1): null

2019-08-24 13:12:19 - [TEST_STEP][PASSED] - symbol = symbol: null

2019-08-24 13:12:19 - [TEST_STEP][PASSED] - println(symbol): null

2019-08-24 13:12:19 - [TEST_STEP][PASSED] - if (i == 2 &amp;&amp; wildList.indexOf(symbol) != -1): null

2019-08-24 13:12:19 - [TEST_STEP][PASSED] - if (i == 3 &amp;&amp; wildList.indexOf(symbol) != -1): null

2019-08-24 13:12:19 - [TEST_STEP][PASSED] - if (i == 4 &amp;&amp; wildList.indexOf(symbol) != -1): null

2019-08-24 13:12:19 - [TEST_STEP][PASSED] - symbols = symbols: null

2019-08-24 13:12:19 - [TEST_STEP][PASSED] - for ([j = 0, j &lt; symbols.size(), (j++)]): null

2019-08-24 13:12:19 - [TEST_STEP][PASSED] - symbol = symbol: null

2019-08-24 13:12:19 - [TEST_STEP][PASSED] - println(symbol): null

2019-08-24 13:12:19 - [TEST_STEP][PASSED] - if (i == 2 &amp;&amp; wildList.indexOf(symbol) != -1): null

2019-08-24 13:12:19 - [TEST_STEP][PASSED] - if (i == 3 &amp;&amp; wildList.indexOf(symbol) != -1): null

2019-08-24 13:12:19 - [TEST_STEP][PASSED] - if (i == 4 &amp;&amp; wildList.indexOf(symbol) != -1): null

2019-08-24 13:12:19 - [TEST_STEP][PASSED] - symbol = symbol: null

2019-08-24 13:12:19 - [TEST_STEP][PASSED] - println(symbol): null

2019-08-24 13:12:19 - [TEST_STEP][PASSED] - if (i == 2 &amp;&amp; wildList.indexOf(symbol) != -1): null

2019-08-24 13:12:19 - [TEST_STEP][PASSED] - if (i == 3 &amp;&amp; wildList.indexOf(symbol) != -1): null

2019-08-24 13:12:19 - [TEST_STEP][PASSED] - if (i == 4 &amp;&amp; wildList.indexOf(symbol) != -1): null

2019-08-24 13:12:19 - [TEST_STEP][PASSED] - symbol = symbol: null

2019-08-24 13:12:19 - [TEST_STEP][PASSED] - println(symbol): null

2019-08-24 13:12:19 - [TEST_STEP][PASSED] - if (i == 2 &amp;&amp; wildList.indexOf(symbol) != -1): null

2019-08-24 13:12:19 - [TEST_STEP][PASSED] - if (i == 3 &amp;&amp; wildList.indexOf(symbol) != -1): null

2019-08-24 13:12:19 - [TEST_STEP][PASSED] - if (i == 4 &amp;&amp; wildList.indexOf(symbol) != -1): null

2019-08-24 13:12:19 - [TEST_STEP][PASSED] - symbols = symbols: null

2019-08-24 13:12:19 - [TEST_STEP][PASSED] - for ([j = 0, j &lt; symbols.size(), (j++)]): null

2019-08-24 13:12:19 - [TEST_STEP][PASSED] - symbol = symbol: null

2019-08-24 13:12:19 - [TEST_STEP][PASSED] - println(symbol): null

2019-08-24 13:12:19 - [TEST_STEP][PASSED] - if (i == 2 &amp;&amp; wildList.indexOf(symbol) != -1): null

2019-08-24 13:12:19 - [TEST_STEP][PASSED] - if (i == 3 &amp;&amp; wildList.indexOf(symbol) != -1): null

2019-08-24 13:12:19 - [TEST_STEP][PASSED] - if (i == 4 &amp;&amp; wildList.indexOf(symbol) != -1): null

2019-08-24 13:12:19 - [TEST_STEP][PASSED] - symbol = symbol: null

2019-08-24 13:12:19 - [TEST_STEP][PASSED] - println(symbol): null

2019-08-24 13:12:19 - [TEST_STEP][PASSED] - if (i == 2 &amp;&amp; wildList.indexOf(symbol) != -1): null

2019-08-24 13:12:19 - [TEST_STEP][PASSED] - if (i == 3 &amp;&amp; wildList.indexOf(symbol) != -1): null

2019-08-24 13:12:19 - [TEST_STEP][PASSED] - if (i == 4 &amp;&amp; wildList.indexOf(symbol) != -1): null

2019-08-24 13:12:19 - [TEST_STEP][PASSED] - symbol = symbol: null

2019-08-24 13:12:19 - [TEST_STEP][PASSED] - println(symbol): null

2019-08-24 13:12:19 - [TEST_STEP][PASSED] - if (i == 2 &amp;&amp; wildList.indexOf(symbol) != -1): null

2019-08-24 13:12:19 - [TEST_STEP][PASSED] - if (i == 3 &amp;&amp; wildList.indexOf(symbol) != -1): null

2019-08-24 13:12:19 - [TEST_STEP][PASSED] - if (i == 4 &amp;&amp; wildList.indexOf(symbol) != -1): null

2019-08-24 13:12:19 - [TEST_STEP][PASSED] - symbols = symbols: null

2019-08-24 13:12:19 - [TEST_STEP][PASSED] - for ([j = 0, j &lt; symbols.size(), (j++)]): null

2019-08-24 13:12:19 - [TEST_STEP][PASSED] - symbol = symbol: null

2019-08-24 13:12:19 - [TEST_STEP][PASSED] - println(symbol): null

2019-08-24 13:12:19 - [TEST_STEP][PASSED] - if (i == 2 &amp;&amp; wildList.indexOf(symbol) != -1): null

2019-08-24 13:12:19 - [TEST_STEP][PASSED] - if (i == 3 &amp;&amp; wildList.indexOf(symbol) != -1): null

2019-08-24 13:12:19 - [TEST_STEP][PASSED] - if (i == 4 &amp;&amp; wildList.indexOf(symbol) != -1): null

2019-08-24 13:12:19 - [TEST_STEP][PASSED] - symbol = symbol: null

2019-08-24 13:12:19 - [TEST_STEP][PASSED] - println(symbol): null

2019-08-24 13:12:19 - [TEST_STEP][PASSED] - if (i == 2 &amp;&amp; wildList.indexOf(symbol) != -1): null

2019-08-24 13:12:19 - [TEST_STEP][PASSED] - if (i == 3 &amp;&amp; wildList.indexOf(symbol) != -1): null

2019-08-24 13:12:19 - [TEST_STEP][PASSED] - if (i == 4 &amp;&amp; wildList.indexOf(symbol) != -1): null

2019-08-24 13:12:19 - [TEST_STEP][PASSED] - symbol = symbol: null

2019-08-24 13:12:19 - [TEST_STEP][PASSED] - println(symbol): null

2019-08-24 13:12:19 - [TEST_STEP][PASSED] - if (i == 2 &amp;&amp; wildList.indexOf(symbol) != -1): null

2019-08-24 13:12:19 - [TEST_STEP][PASSED] - if (i == 3 &amp;&amp; wildList.indexOf(symbol) != -1): null

2019-08-24 13:12:19 - [TEST_STEP][PASSED] - if (i == 4 &amp;&amp; wildList.indexOf(symbol) != -1): null

2019-08-24 13:12:19 - [TEST_STEP][PASSED] - symbols = symbols: null

2019-08-24 13:12:19 - [TEST_STEP][PASSED] - for ([j = 0, j &lt; symbols.size(), (j++)]): null

2019-08-24 13:12:19 - [TEST_STEP][PASSED] - symbol = symbol: null

2019-08-24 13:12:19 - [TEST_STEP][PASSED] - println(symbol): null

2019-08-24 13:12:19 - [TEST_STEP][PASSED] - if (i == 2 &amp;&amp; wildList.indexOf(symbol) != -1): null

2019-08-24 13:12:19 - [TEST_STEP][PASSED] - if (i == 3 &amp;&amp; wildList.indexOf(symbol) != -1): null

2019-08-24 13:12:19 - [TEST_STEP][PASSED] - if (i == 4 &amp;&amp; wildList.indexOf(symbol) != -1): null

2019-08-24 13:12:19 - [TEST_STEP][PASSED] - symbol = symbol: null

2019-08-24 13:12:19 - [TEST_STEP][PASSED] - println(symbol): null

2019-08-24 13:12:19 - [TEST_STEP][PASSED] - if (i == 2 &amp;&amp; wildList.indexOf(symbol) != -1): null

2019-08-24 13:12:19 - [TEST_STEP][PASSED] - if (i == 3 &amp;&amp; wildList.indexOf(symbol) != -1): null

2019-08-24 13:12:19 - [TEST_STEP][PASSED] - if (i == 4 &amp;&amp; wildList.indexOf(symbol) != -1): null

2019-08-24 13:12:19 - [TEST_STEP][PASSED] - symbol = symbol: null

2019-08-24 13:12:19 - [TEST_STEP][PASSED] - println(symbol): null

2019-08-24 13:12:19 - [TEST_STEP][PASSED] - if (i == 2 &amp;&amp; wildList.indexOf(symbol) != -1): null

2019-08-24 13:12:19 - [TEST_STEP][PASSED] - if (i == 3 &amp;&amp; wildList.indexOf(symbol) != -1): null

2019-08-24 13:12:19 - [TEST_STEP][PASSED] - if (i == 4 &amp;&amp; wildList.indexOf(symbol) != -1): null

2019-08-24 13:12:19 - [TEST_STEP][PASSED] - free_spin_reel_counter = free_spin_reel_counter: null

2019-08-24 13:12:19 - [TEST_STEP][PASSED] - println("reel 3 wild found: " + free_spin_reel_counter[0]): null

2019-08-24 13:12:19 - [TEST_STEP][PASSED] - println("reel 4 wild found: " + free_spin_reel_counter[1]): null

2019-08-24 13:12:19 - [TEST_STEP][PASSED] - println("reel 5 wild found: " + free_spin_reel_counter[2]): null

2019-08-24 13:12:19 - [TEST_STEP][PASSED] - M4_spin_reels = M4_spin_reels: null

2019-08-24 13:12:19 - [TEST_STEP][PASSED] - M4_spin_reels_symbols = symbol: null

2019-08-24 13:12:19 - [TEST_STEP][PASSED] - M4_spin_reels_symbols = M4_spin_reels_symbols: null

2019-08-24 13:12:19 - [TEST_STEP][PASSED] - M4_spin_reel_wins = reel_wins: null

2019-08-24 13:12:19 - [TEST_STEP][PASSED] - M4_spin_reel_wins = M4_spin_reel_wins: null

2019-08-24 13:12:19 - [TEST_STEP][PASSED] - println("GlobalVariable.M4_spin_reel_wins is: " + M4_spin_reel_wins): null

2019-08-24 13:12:19 - [TEST_STEP][PASSED] - M4_spin_total_bonus_win_this_round = total_bonus_win_this_round: null

2019-08-24 13:12:19 - [TEST_STEP][PASSED] - M4_spin_total_bonus_win_this_round = M4_spin_total_bonus_win_this_round: null

2019-08-24 13:12:19 - [TEST_STEP][PASSED] - println("GlobalVariable.M4_spin_total_bonus_win_this_round is: " + M4_spin_total_bonus_win_this_round): null

2019-08-24 13:12:19 - [TEST_STEP][PASSED] - M4_spin_bonus_spin_result = spin_result: null

2019-08-24 13:12:19 - [TEST_STEP][PASSED] - M4_spin_bonus_spin_result = M4_spin_bonus_spin_result: null

2019-08-24 13:12:19 - [MESSAGE][PASSED] - Verify response successfully

2019-08-24 13:12:19 - [MESSAGE][PASSED] - Send request and verify the response successfully

2019-08-24 13:12:19 - [TEST_STEP][PASSED] - if (M4_total_bonus_spins_int != 0 &amp;&amp; M4_spin_reels_symbols[2].contains("WILD_Expanding")): null

2019-08-24 13:12:19 - [TEST_STEP][PASSED] - free_spin_reel_counter = free_spin_reel_counter: null

2019-08-24 13:12:19 - [TEST_STEP][PASSED] - M4_spin_reels_symbols = M4_spin_reels_symbols: null

2019-08-24 13:12:19 - [TEST_STEP][PASSED] - M4_total_bonus_spins = M4_total_bonus_spins: null

2019-08-24 13:12:19 - [TEST_STEP][PASSED] - spin_result = sendRequestAndVerify(findTestObject("INT/RGS(M4)/1_M4_spin", ["M4_login_user_id":M4_login_user_id, "rgs_session_token":rgs_session_token, "partner":Partner])): Send request and verify the response successfully

2019-08-24 13:12:19 - [MESSAGE][INFO] - HAR: /Users/eiralee/Katalon_Script/SuperWild/Reports/20190824_125957/INT/superWild_5/20190824_125957/requests/main/219.har

2019-08-24 13:12:19 - [TEST_CASE][PASSED] - Start Test Case : Verification: Verification accomplished successfully

2019-08-24 13:12:19 - [TEST_STEP][PASSED] - request = getInstance().getCurrentRequest(): null

2019-08-24 13:12:19 - [TEST_STEP][PASSED] - response = getInstance().getCurrentResponse(): null

2019-08-24 13:12:19 - [TEST_STEP][PASSED] - verifyResponseStatusCode(response, 200): Verify response status code successfully

2019-08-24 13:12:20 - [MESSAGE][PASSED] - Verify response status code successfully

2019-08-24 13:12:20 - [TEST_STEP][PASSED] - getStatusCode()).isEqualTo(200): null

2019-08-24 13:12:20 - [TEST_STEP][PASSED] - newline = System.getProperty("line.separator"): null

2019-08-24 13:12:20 - [TEST_STEP][PASSED] - M4_spin = new groovy.json.JsonSlurper(): null

2019-08-24 13:12:24 - [TEST_STEP][PASSED] - result_M4_spin = M4_spin.parseText(response.getResponseBodyContent()): null

2019-08-24 13:12:24 - [TEST_STEP][PASSED] - M4_spin_current_balance = current_balance: null

2019-08-24 13:12:24 - [TEST_STEP][PASSED] - M4_spin_current_balance = M4_spin_current_balance: null

2019-08-24 13:12:24 - [TEST_STEP][PASSED] - M4_spin_transaction_id = causality: null

2019-08-24 13:12:24 - [TEST_STEP][PASSED] - M4_spin_transaction_id = M4_spin_transaction_id: null

2019-08-24 13:12:24 - [TEST_STEP][PASSED] - M4_spin_round_id = round_id: null

2019-08-24 13:12:24 - [TEST_STEP][PASSED] - M4_spin_round_id = M4_spin_round_id: null

2019-08-24 13:12:24 - [TEST_STEP][PASSED] - M4_spin_line_wins = line_wins: null

2019-08-24 13:12:24 - [TEST_STEP][PASSED] - M4_spin_line_wins = M4_spin_line_wins: null

2019-08-24 13:12:24 - [TEST_STEP][PASSED] - M4_total_bonus_spins_int = total_bonus_spins: null

2019-08-24 13:12:24 - [TEST_STEP][PASSED] - println("******M4_total_bonus_spins type is:*******" + newline + getClass().getName()): null

2019-08-24 13:12:24 - [TEST_STEP][PASSED] - M4_total_bonus_spins_int = M4_total_bonus_spins_int: null

2019-08-24 13:12:24 - [TEST_STEP][PASSED] - M4_total_bonus_spins = Integer.toString(M4_total_bonus_spins_int): null

2019-08-24 13:12:24 - [TEST_STEP][PASSED] - M4_total_bonus_spins = M4_total_bonus_spins: null

2019-08-24 13:12:24 - [TEST_STEP][PASSED] - println("M4_total_bonus_spins is:" + M4_total_bonus_spins): null

2019-08-24 13:12:24 - [TEST_STEP][PASSED] - M4_spin_bonus_data = bonus_data: null

2019-08-24 13:12:24 - [TEST_STEP][PASSED] - M4_spin_features_triggered = result_M4_spin: null

2019-08-24 13:12:24 - [TEST_STEP][PASSED] - wild = []: null

2019-08-24 13:12:24 - [TEST_STEP][PASSED] - wild[0] = "WILD_Expanding": null

2019-08-24 13:12:24 - [TEST_STEP][PASSED] - wild[1] = "WILD_Normal": null

2019-08-24 13:12:24 - [TEST_STEP][PASSED] - wild[2] = "WILD_Double": null

2019-08-24 13:12:24 - [TEST_STEP][PASSED] - wild[3] = "WILD_ExtraFG": null

2019-08-24 13:12:24 - [TEST_STEP][PASSED] - wild[4] = "WILD_Triple": null

2019-08-24 13:12:24 - [TEST_STEP][PASSED] - wildList = Arrays.asList(wild): null

2019-08-24 13:12:24 - [TEST_STEP][PASSED] - wildList = wildList: null

2019-08-24 13:12:24 - [TEST_STEP][PASSED] - free_spin_reel_counter = []: null

2019-08-24 13:12:24 - [TEST_STEP][PASSED] - free_spin_reel_counter[0] = 0: null

2019-08-24 13:12:24 - [TEST_STEP][PASSED] - free_spin_reel_counter[1] = 0: null

2019-08-24 13:12:24 - [TEST_STEP][PASSED] - free_spin_reel_counter[2] = 0: null

2019-08-24 13:12:24 - [TEST_STEP][PASSED] - M4_spin_reels = reels: null

2019-08-24 13:12:24 - [TEST_STEP][PASSED] - for ([i = 0, i &lt; M4_spin_reels.size(), (i++)]): null

2019-08-24 13:12:24 - [TEST_STEP][PASSED] - symbols = symbols: null

2019-08-24 13:12:24 - [TEST_STEP][PASSED] - for ([j = 0, j &lt; symbols.size(), (j++)]): null

2019-08-24 13:12:24 - [TEST_STEP][PASSED] - symbol = symbol: null

2019-08-24 13:12:24 - [TEST_STEP][PASSED] - println(symbol): null

2019-08-24 13:12:24 - [TEST_STEP][PASSED] - if (i == 2 &amp;&amp; wildList.indexOf(symbol) != -1): null

2019-08-24 13:12:24 - [TEST_STEP][PASSED] - if (i == 3 &amp;&amp; wildList.indexOf(symbol) != -1): null

2019-08-24 13:12:24 - [TEST_STEP][PASSED] - if (i == 4 &amp;&amp; wildList.indexOf(symbol) != -1): null

2019-08-24 13:12:24 - [TEST_STEP][PASSED] - symbol = symbol: null

2019-08-24 13:12:24 - [TEST_STEP][PASSED] - println(symbol): null

2019-08-24 13:12:24 - [TEST_STEP][PASSED] - if (i == 2 &amp;&amp; wildList.indexOf(symbol) != -1): null

2019-08-24 13:12:24 - [TEST_STEP][PASSED] - if (i == 3 &amp;&amp; wildList.indexOf(symbol) != -1): null

2019-08-24 13:12:24 - [TEST_STEP][PASSED] - if (i == 4 &amp;&amp; wildList.indexOf(symbol) != -1): null

2019-08-24 13:12:24 - [TEST_STEP][PASSED] - symbol = symbol: null

2019-08-24 13:12:24 - [TEST_STEP][PASSED] - println(symbol): null

2019-08-24 13:12:24 - [TEST_STEP][PASSED] - if (i == 2 &amp;&amp; wildList.indexOf(symbol) != -1): null

2019-08-24 13:12:24 - [TEST_STEP][PASSED] - if (i == 3 &amp;&amp; wildList.indexOf(symbol) != -1): null

2019-08-24 13:12:24 - [TEST_STEP][PASSED] - if (i == 4 &amp;&amp; wildList.indexOf(symbol) != -1): null

2019-08-24 13:12:24 - [TEST_STEP][PASSED] - symbols = symbols: null

2019-08-24 13:12:24 - [TEST_STEP][PASSED] - for ([j = 0, j &lt; symbols.size(), (j++)]): null

2019-08-24 13:12:24 - [TEST_STEP][PASSED] - symbol = symbol: null

2019-08-24 13:12:24 - [TEST_STEP][PASSED] - println(symbol): null

2019-08-24 13:12:24 - [TEST_STEP][PASSED] - if (i == 2 &amp;&amp; wildList.indexOf(symbol) != -1): null

2019-08-24 13:12:24 - [TEST_STEP][PASSED] - if (i == 3 &amp;&amp; wildList.indexOf(symbol) != -1): null

2019-08-24 13:12:24 - [TEST_STEP][PASSED] - if (i == 4 &amp;&amp; wildList.indexOf(symbol) != -1): null

2019-08-24 13:12:24 - [TEST_STEP][PASSED] - symbol = symbol: null

2019-08-24 13:12:24 - [TEST_STEP][PASSED] - println(symbol): null

2019-08-24 13:12:24 - [TEST_STEP][PASSED] - if (i == 2 &amp;&amp; wildList.indexOf(symbol) != -1): null

2019-08-24 13:12:24 - [TEST_STEP][PASSED] - if (i == 3 &amp;&amp; wildList.indexOf(symbol) != -1): null

2019-08-24 13:12:24 - [TEST_STEP][PASSED] - if (i == 4 &amp;&amp; wildList.indexOf(symbol) != -1): null

2019-08-24 13:12:24 - [TEST_STEP][PASSED] - symbol = symbol: null

2019-08-24 13:12:24 - [TEST_STEP][PASSED] - println(symbol): null

2019-08-24 13:12:24 - [TEST_STEP][PASSED] - if (i == 2 &amp;&amp; wildList.indexOf(symbol) != -1): null

2019-08-24 13:12:24 - [TEST_STEP][PASSED] - if (i == 3 &amp;&amp; wildList.indexOf(symbol) != -1): null

2019-08-24 13:12:24 - [TEST_STEP][PASSED] - if (i == 4 &amp;&amp; wildList.indexOf(symbol) != -1): null

2019-08-24 13:12:24 - [TEST_STEP][PASSED] - symbols = symbols: null

2019-08-24 13:12:24 - [TEST_STEP][PASSED] - for ([j = 0, j &lt; symbols.size(), (j++)]): null

2019-08-24 13:12:24 - [TEST_STEP][PASSED] - symbol = symbol: null

2019-08-24 13:12:24 - [TEST_STEP][PASSED] - println(symbol): null

2019-08-24 13:12:24 - [TEST_STEP][PASSED] - if (i == 2 &amp;&amp; wildList.indexOf(symbol) != -1): null

2019-08-24 13:12:24 - [TEST_STEP][PASSED] - if (i == 3 &amp;&amp; wildList.indexOf(symbol) != -1): null

2019-08-24 13:12:24 - [TEST_STEP][PASSED] - if (i == 4 &amp;&amp; wildList.indexOf(symbol) != -1): null

2019-08-24 13:12:24 - [TEST_STEP][PASSED] - symbol = symbol: null

2019-08-24 13:12:24 - [TEST_STEP][PASSED] - println(symbol): null

2019-08-24 13:12:24 - [TEST_STEP][PASSED] - if (i == 2 &amp;&amp; wildList.indexOf(symbol) != -1): null

2019-08-24 13:12:24 - [TEST_STEP][PASSED] - if (i == 3 &amp;&amp; wildList.indexOf(symbol) != -1): null

2019-08-24 13:12:24 - [TEST_STEP][PASSED] - if (i == 4 &amp;&amp; wildList.indexOf(symbol) != -1): null

2019-08-24 13:12:24 - [TEST_STEP][PASSED] - symbol = symbol: null

2019-08-24 13:12:24 - [TEST_STEP][PASSED] - println(symbol): null

2019-08-24 13:12:24 - [TEST_STEP][PASSED] - if (i == 2 &amp;&amp; wildList.indexOf(symbol) != -1): null

2019-08-24 13:12:24 - [TEST_STEP][PASSED] - if (i == 3 &amp;&amp; wildList.indexOf(symbol) != -1): null

2019-08-24 13:12:24 - [TEST_STEP][PASSED] - if (i == 4 &amp;&amp; wildList.indexOf(symbol) != -1): null

2019-08-24 13:12:24 - [TEST_STEP][PASSED] - symbols = symbols: null

2019-08-24 13:12:24 - [TEST_STEP][PASSED] - for ([j = 0, j &lt; symbols.size(), (j++)]): null

2019-08-24 13:12:24 - [TEST_STEP][PASSED] - symbol = symbol: null

2019-08-24 13:12:24 - [TEST_STEP][PASSED] - println(symbol): null

2019-08-24 13:12:24 - [TEST_STEP][PASSED] - if (i == 2 &amp;&amp; wildList.indexOf(symbol) != -1): null

2019-08-24 13:12:24 - [TEST_STEP][PASSED] - if (i == 3 &amp;&amp; wildList.indexOf(symbol) != -1): null

2019-08-24 13:12:24 - [TEST_STEP][PASSED] - if (i == 4 &amp;&amp; wildList.indexOf(symbol) != -1): null

2019-08-24 13:12:24 - [TEST_STEP][PASSED] - symbol = symbol: null

2019-08-24 13:12:24 - [TEST_STEP][PASSED] - println(symbol): null

2019-08-24 13:12:24 - [TEST_STEP][PASSED] - if (i == 2 &amp;&amp; wildList.indexOf(symbol) != -1): null

2019-08-24 13:12:24 - [TEST_STEP][PASSED] - if (i == 3 &amp;&amp; wildList.indexOf(symbol) != -1): null

2019-08-24 13:12:24 - [TEST_STEP][PASSED] - if (i == 4 &amp;&amp; wildList.indexOf(symbol) != -1): null

2019-08-24 13:12:24 - [TEST_STEP][PASSED] - symbol = symbol: null

2019-08-24 13:12:24 - [TEST_STEP][PASSED] - println(symbol): null

2019-08-24 13:12:24 - [TEST_STEP][PASSED] - if (i == 2 &amp;&amp; wildList.indexOf(symbol) != -1): null

2019-08-24 13:12:24 - [TEST_STEP][PASSED] - if (i == 3 &amp;&amp; wildList.indexOf(symbol) != -1): null

2019-08-24 13:12:24 - [TEST_STEP][PASSED] - println("wild found on reel 4, adding counter by 1"): null

2019-08-24 13:12:24 - [TEST_STEP][PASSED] - free_spin_reel_counter[1] = free_spin_reel_counter[1] + 1: null

2019-08-24 13:12:24 - [TEST_STEP][PASSED] - if (i == 4 &amp;&amp; wildList.indexOf(symbol) != -1): null

2019-08-24 13:12:24 - [TEST_STEP][PASSED] - symbols = symbols: null

2019-08-24 13:12:24 - [TEST_STEP][PASSED] - for ([j = 0, j &lt; symbols.size(), (j++)]): null

2019-08-24 13:12:24 - [TEST_STEP][PASSED] - symbol = symbol: null

2019-08-24 13:12:24 - [TEST_STEP][PASSED] - println(symbol): null

2019-08-24 13:12:24 - [TEST_STEP][PASSED] - if (i == 2 &amp;&amp; wildList.indexOf(symbol) != -1): null

2019-08-24 13:12:24 - [TEST_STEP][PASSED] - if (i == 3 &amp;&amp; wildList.indexOf(symbol) != -1): null

2019-08-24 13:12:24 - [TEST_STEP][PASSED] - if (i == 4 &amp;&amp; wildList.indexOf(symbol) != -1): null

2019-08-24 13:12:24 - [TEST_STEP][PASSED] - symbol = symbol: null

2019-08-24 13:12:24 - [TEST_STEP][PASSED] - println(symbol): null

2019-08-24 13:12:24 - [TEST_STEP][PASSED] - if (i == 2 &amp;&amp; wildList.indexOf(symbol) != -1): null

2019-08-24 13:12:24 - [TEST_STEP][PASSED] - if (i == 3 &amp;&amp; wildList.indexOf(symbol) != -1): null

2019-08-24 13:12:24 - [TEST_STEP][PASSED] - if (i == 4 &amp;&amp; wildList.indexOf(symbol) != -1): null

2019-08-24 13:12:24 - [TEST_STEP][PASSED] - symbol = symbol: null

2019-08-24 13:12:24 - [TEST_STEP][PASSED] - println(symbol): null

2019-08-24 13:12:24 - [TEST_STEP][PASSED] - if (i == 2 &amp;&amp; wildList.indexOf(symbol) != -1): null

2019-08-24 13:12:24 - [TEST_STEP][PASSED] - if (i == 3 &amp;&amp; wildList.indexOf(symbol) != -1): null

2019-08-24 13:12:24 - [TEST_STEP][PASSED] - if (i == 4 &amp;&amp; wildList.indexOf(symbol) != -1): null

2019-08-24 13:12:24 - [TEST_STEP][PASSED] - free_spin_reel_counter = free_spin_reel_counter: null

2019-08-24 13:12:24 - [TEST_STEP][PASSED] - println("reel 3 wild found: " + free_spin_reel_counter[0]): null

2019-08-24 13:12:24 - [TEST_STEP][PASSED] - println("reel 4 wild found: " + free_spin_reel_counter[1]): null

2019-08-24 13:12:24 - [TEST_STEP][PASSED] - println("reel 5 wild found: " + free_spin_reel_counter[2]): null

2019-08-24 13:12:24 - [TEST_STEP][PASSED] - M4_spin_reels = M4_spin_reels: null

2019-08-24 13:12:24 - [TEST_STEP][PASSED] - M4_spin_reels_symbols = symbol: null

2019-08-24 13:12:24 - [TEST_STEP][PASSED] - M4_spin_reels_symbols = M4_spin_reels_symbols: null

2019-08-24 13:12:24 - [TEST_STEP][PASSED] - M4_spin_reel_wins = reel_wins: null

2019-08-24 13:12:24 - [TEST_STEP][PASSED] - M4_spin_reel_wins = M4_spin_reel_wins: null

2019-08-24 13:12:24 - [TEST_STEP][PASSED] - println("GlobalVariable.M4_spin_reel_wins is: " + M4_spin_reel_wins): null

2019-08-24 13:12:24 - [TEST_STEP][PASSED] - M4_spin_total_bonus_win_this_round = total_bonus_win_this_round: null

2019-08-24 13:12:24 - [TEST_STEP][PASSED] - M4_spin_total_bonus_win_this_round = M4_spin_total_bonus_win_this_round: null

2019-08-24 13:12:24 - [TEST_STEP][PASSED] - println("GlobalVariable.M4_spin_total_bonus_win_this_round is: " + M4_spin_total_bonus_win_this_round): null

2019-08-24 13:12:24 - [TEST_STEP][PASSED] - M4_spin_bonus_spin_result = spin_result: null

2019-08-24 13:12:24 - [TEST_STEP][PASSED] - M4_spin_bonus_spin_result = M4_spin_bonus_spin_result: null

2019-08-24 13:12:24 - [MESSAGE][PASSED] - Verify response successfully

2019-08-24 13:12:24 - [MESSAGE][PASSED] - Send request and verify the response successfully

2019-08-24 13:12:24 - [TEST_STEP][PASSED] - if (M4_total_bonus_spins_int != 0 &amp;&amp; M4_spin_reels_symbols[2].contains("WILD_Expanding")): null

2019-08-24 13:12:24 - [TEST_STEP][PASSED] - free_spin_reel_counter = free_spin_reel_counter: null

2019-08-24 13:12:24 - [TEST_STEP][PASSED] - M4_spin_reels_symbols = M4_spin_reels_symbols: null

2019-08-24 13:12:24 - [TEST_STEP][PASSED] - M4_total_bonus_spins = M4_total_bonus_spins: null

2019-08-24 13:12:24 - [TEST_STEP][PASSED] - spin_result = sendRequestAndVerify(findTestObject("INT/RGS(M4)/1_M4_spin", ["M4_login_user_id":M4_login_user_id, "rgs_session_token":rgs_session_token, "partner":Partner])): Send request and verify the response successfully

2019-08-24 13:12:24 - [MESSAGE][INFO] - HAR: /Users/eiralee/Katalon_Script/SuperWild/Reports/20190824_125957/INT/superWild_5/20190824_125957/requests/main/220.har

2019-08-24 13:12:24 - [TEST_CASE][PASSED] - Start Test Case : Verification: Verification accomplished successfully

2019-08-24 13:12:24 - [TEST_STEP][PASSED] - request = getInstance().getCurrentRequest(): null

2019-08-24 13:12:24 - [TEST_STEP][PASSED] - response = getInstance().getCurrentResponse(): null

2019-08-24 13:12:24 - [TEST_STEP][PASSED] - verifyResponseStatusCode(response, 200): Verify response status code successfully

2019-08-24 13:12:24 - [MESSAGE][PASSED] - Verify response status code successfully

2019-08-24 13:12:24 - [TEST_STEP][PASSED] - getStatusCode()).isEqualTo(200): null

2019-08-24 13:12:24 - [TEST_STEP][PASSED] - newline = System.getProperty("line.separator"): null

2019-08-24 13:12:24 - [TEST_STEP][PASSED] - M4_spin = new groovy.json.JsonSlurper(): null

2019-08-24 13:12:24 - [TEST_STEP][PASSED] - result_M4_spin = M4_spin.parseText(response.getResponseBodyContent()): null

2019-08-24 13:12:24 - [TEST_STEP][PASSED] - M4_spin_current_balance = current_balance: null

2019-08-24 13:12:24 - [TEST_STEP][PASSED] - M4_spin_current_balance = M4_spin_current_balance: null

2019-08-24 13:12:24 - [TEST_STEP][PASSED] - M4_spin_transaction_id = causality: null

2019-08-24 13:12:24 - [TEST_STEP][PASSED] - M4_spin_transaction_id = M4_spin_transaction_id: null

2019-08-24 13:12:24 - [TEST_STEP][PASSED] - M4_spin_round_id = round_id: null

2019-08-24 13:12:24 - [TEST_STEP][PASSED] - M4_spin_round_id = M4_spin_round_id: null

2019-08-24 13:12:24 - [TEST_STEP][PASSED] - M4_spin_line_wins = line_wins: null

2019-08-24 13:12:24 - [TEST_STEP][PASSED] - M4_spin_line_wins = M4_spin_line_wins: null

2019-08-24 13:12:24 - [TEST_STEP][PASSED] - M4_total_bonus_spins_int = total_bonus_spins: null

2019-08-24 13:12:24 - [TEST_STEP][PASSED] - println("******M4_total_bonus_spins type is:*******" + newline + getClass().getName()): null

2019-08-24 13:12:24 - [TEST_STEP][PASSED] - M4_total_bonus_spins_int = M4_total_bonus_spins_int: null

2019-08-24 13:12:24 - [TEST_STEP][PASSED] - M4_total_bonus_spins = Integer.toString(M4_total_bonus_spins_int): null

2019-08-24 13:12:24 - [TEST_STEP][PASSED] - M4_total_bonus_spins = M4_total_bonus_spins: null

2019-08-24 13:12:24 - [TEST_STEP][PASSED] - println("M4_total_bonus_spins is:" + M4_total_bonus_spins): null

2019-08-24 13:12:24 - [TEST_STEP][PASSED] - M4_spin_bonus_data = bonus_data: null

2019-08-24 13:12:24 - [TEST_STEP][PASSED] - M4_spin_features_triggered = result_M4_spin: null

2019-08-24 13:12:24 - [TEST_STEP][PASSED] - wild = []: null

2019-08-24 13:12:24 - [TEST_STEP][PASSED] - wild[0] = "WILD_Expanding": null

2019-08-24 13:12:24 - [TEST_STEP][PASSED] - wild[1] = "WILD_Normal": null

2019-08-24 13:12:24 - [TEST_STEP][PASSED] - wild[2] = "WILD_Double": null

2019-08-24 13:12:24 - [TEST_STEP][PASSED] - wild[3] = "WILD_ExtraFG": null

2019-08-24 13:12:24 - [TEST_STEP][PASSED] - wild[4] = "WILD_Triple": null

2019-08-24 13:12:24 - [TEST_STEP][PASSED] - wildList = Arrays.asList(wild): null

2019-08-24 13:12:24 - [TEST_STEP][PASSED] - wildList = wildList: null

2019-08-24 13:12:24 - [TEST_STEP][PASSED] - free_spin_reel_counter = []: null

2019-08-24 13:12:24 - [TEST_STEP][PASSED] - free_spin_reel_counter[0] = 0: null

2019-08-24 13:12:24 - [TEST_STEP][PASSED] - free_spin_reel_counter[1] = 0: null

2019-08-24 13:12:24 - [TEST_STEP][PASSED] - free_spin_reel_counter[2] = 0: null

2019-08-24 13:12:24 - [TEST_STEP][PASSED] - M4_spin_reels = reels: null

2019-08-24 13:12:24 - [TEST_STEP][PASSED] - for ([i = 0, i &lt; M4_spin_reels.size(), (i++)]): null

2019-08-24 13:12:24 - [TEST_STEP][PASSED] - symbols = symbols: null

2019-08-24 13:12:24 - [TEST_STEP][PASSED] - for ([j = 0, j &lt; symbols.size(), (j++)]): null

2019-08-24 13:12:24 - [TEST_STEP][PASSED] - symbol = symbol: null

2019-08-24 13:12:24 - [TEST_STEP][PASSED] - println(symbol): null

2019-08-24 13:12:24 - [TEST_STEP][PASSED] - if (i == 2 &amp;&amp; wildList.indexOf(symbol) != -1): null

2019-08-24 13:12:24 - [TEST_STEP][PASSED] - if (i == 3 &amp;&amp; wildList.indexOf(symbol) != -1): null

2019-08-24 13:12:24 - [TEST_STEP][PASSED] - if (i == 4 &amp;&amp; wildList.indexOf(symbol) != -1): null

2019-08-24 13:12:24 - [TEST_STEP][PASSED] - symbol = symbol: null

2019-08-24 13:12:24 - [TEST_STEP][PASSED] - println(symbol): null

2019-08-24 13:12:24 - [TEST_STEP][PASSED] - if (i == 2 &amp;&amp; wildList.indexOf(symbol) != -1): null

2019-08-24 13:12:24 - [TEST_STEP][PASSED] - if (i == 3 &amp;&amp; wildList.indexOf(symbol) != -1): null

2019-08-24 13:12:24 - [TEST_STEP][PASSED] - if (i == 4 &amp;&amp; wildList.indexOf(symbol) != -1): null

2019-08-24 13:12:24 - [TEST_STEP][PASSED] - symbol = symbol: null

2019-08-24 13:12:24 - [TEST_STEP][PASSED] - println(symbol): null

2019-08-24 13:12:24 - [TEST_STEP][PASSED] - if (i == 2 &amp;&amp; wildList.indexOf(symbol) != -1): null

2019-08-24 13:12:24 - [TEST_STEP][PASSED] - if (i == 3 &amp;&amp; wildList.indexOf(symbol) != -1): null

2019-08-24 13:12:24 - [TEST_STEP][PASSED] - if (i == 4 &amp;&amp; wildList.indexOf(symbol) != -1): null

2019-08-24 13:12:24 - [TEST_STEP][PASSED] - symbols = symbols: null

2019-08-24 13:12:24 - [TEST_STEP][PASSED] - for ([j = 0, j &lt; symbols.size(), (j++)]): null

2019-08-24 13:12:24 - [TEST_STEP][PASSED] - symbol = symbol: null

2019-08-24 13:12:24 - [TEST_STEP][PASSED] - println(symbol): null

2019-08-24 13:12:24 - [TEST_STEP][PASSED] - if (i == 2 &amp;&amp; wildList.indexOf(symbol) != -1): null

2019-08-24 13:12:24 - [TEST_STEP][PASSED] - if (i == 3 &amp;&amp; wildList.indexOf(symbol) != -1): null

2019-08-24 13:12:24 - [TEST_STEP][PASSED] - if (i == 4 &amp;&amp; wildList.indexOf(symbol) != -1): null

2019-08-24 13:12:24 - [TEST_STEP][PASSED] - symbol = symbol: null

2019-08-24 13:12:24 - [TEST_STEP][PASSED] - println(symbol): null

2019-08-24 13:12:24 - [TEST_STEP][PASSED] - if (i == 2 &amp;&amp; wildList.indexOf(symbol) != -1): null

2019-08-24 13:12:24 - [TEST_STEP][PASSED] - if (i == 3 &amp;&amp; wildList.indexOf(symbol) != -1): null

2019-08-24 13:12:24 - [TEST_STEP][PASSED] - if (i == 4 &amp;&amp; wildList.indexOf(symbol) != -1): null

2019-08-24 13:12:24 - [TEST_STEP][PASSED] - symbol = symbol: null

2019-08-24 13:12:24 - [TEST_STEP][PASSED] - println(symbol): null

2019-08-24 13:12:24 - [TEST_STEP][PASSED] - if (i == 2 &amp;&amp; wildList.indexOf(symbol) != -1): null

2019-08-24 13:12:24 - [TEST_STEP][PASSED] - if (i == 3 &amp;&amp; wildList.indexOf(symbol) != -1): null

2019-08-24 13:12:24 - [TEST_STEP][PASSED] - if (i == 4 &amp;&amp; wildList.indexOf(symbol) != -1): null

2019-08-24 13:12:24 - [TEST_STEP][PASSED] - symbols = symbols: null

2019-08-24 13:12:24 - [TEST_STEP][PASSED] - for ([j = 0, j &lt; symbols.size(), (j++)]): null

2019-08-24 13:12:24 - [TEST_STEP][PASSED] - symbol = symbol: null

2019-08-24 13:12:24 - [TEST_STEP][PASSED] - println(symbol): null

2019-08-24 13:12:24 - [TEST_STEP][PASSED] - if (i == 2 &amp;&amp; wildList.indexOf(symbol) != -1): null

2019-08-24 13:12:24 - [TEST_STEP][PASSED] - if (i == 3 &amp;&amp; wildList.indexOf(symbol) != -1): null

2019-08-24 13:12:24 - [TEST_STEP][PASSED] - if (i == 4 &amp;&amp; wildList.indexOf(symbol) != -1): null

2019-08-24 13:12:24 - [TEST_STEP][PASSED] - symbol = symbol: null

2019-08-24 13:12:24 - [TEST_STEP][PASSED] - println(symbol): null

2019-08-24 13:12:24 - [TEST_STEP][PASSED] - if (i == 2 &amp;&amp; wildList.indexOf(symbol) != -1): null

2019-08-24 13:12:24 - [TEST_STEP][PASSED] - if (i == 3 &amp;&amp; wildList.indexOf(symbol) != -1): null

2019-08-24 13:12:24 - [TEST_STEP][PASSED] - if (i == 4 &amp;&amp; wildList.indexOf(symbol) != -1): null

2019-08-24 13:12:24 - [TEST_STEP][PASSED] - symbol = symbol: null

2019-08-24 13:12:24 - [TEST_STEP][PASSED] - println(symbol): null

2019-08-24 13:12:24 - [TEST_STEP][PASSED] - if (i == 2 &amp;&amp; wildList.indexOf(symbol) != -1): null

2019-08-24 13:12:24 - [TEST_STEP][PASSED] - if (i == 3 &amp;&amp; wildList.indexOf(symbol) != -1): null

2019-08-24 13:12:24 - [TEST_STEP][PASSED] - if (i == 4 &amp;&amp; wildList.indexOf(symbol) != -1): null

2019-08-24 13:12:24 - [TEST_STEP][PASSED] - symbols = symbols: null

2019-08-24 13:12:24 - [TEST_STEP][PASSED] - for ([j = 0, j &lt; symbols.size(), (j++)]): null

2019-08-24 13:12:24 - [TEST_STEP][PASSED] - symbol = symbol: null

2019-08-24 13:12:24 - [TEST_STEP][PASSED] - println(symbol): null

2019-08-24 13:12:24 - [TEST_STEP][PASSED] - if (i == 2 &amp;&amp; wildList.indexOf(symbol) != -1): null

2019-08-24 13:12:24 - [TEST_STEP][PASSED] - if (i == 3 &amp;&amp; wildList.indexOf(symbol) != -1): null

2019-08-24 13:12:24 - [TEST_STEP][PASSED] - println("wild found on reel 4, adding counter by 1"): null

2019-08-24 13:12:24 - [TEST_STEP][PASSED] - free_spin_reel_counter[1] = free_spin_reel_counter[1] + 1: null

2019-08-24 13:12:24 - [TEST_STEP][PASSED] - if (i == 4 &amp;&amp; wildList.indexOf(symbol) != -1): null

2019-08-24 13:12:24 - [TEST_STEP][PASSED] - symbol = symbol: null

2019-08-24 13:12:24 - [TEST_STEP][PASSED] - println(symbol): null

2019-08-24 13:12:24 - [TEST_STEP][PASSED] - if (i == 2 &amp;&amp; wildList.indexOf(symbol) != -1): null

2019-08-24 13:12:24 - [TEST_STEP][PASSED] - if (i == 3 &amp;&amp; wildList.indexOf(symbol) != -1): null

2019-08-24 13:12:24 - [TEST_STEP][PASSED] - if (i == 4 &amp;&amp; wildList.indexOf(symbol) != -1): null

2019-08-24 13:12:24 - [TEST_STEP][PASSED] - symbol = symbol: null

2019-08-24 13:12:24 - [TEST_STEP][PASSED] - println(symbol): null

2019-08-24 13:12:24 - [TEST_STEP][PASSED] - if (i == 2 &amp;&amp; wildList.indexOf(symbol) != -1): null

2019-08-24 13:12:24 - [TEST_STEP][PASSED] - if (i == 3 &amp;&amp; wildList.indexOf(symbol) != -1): null

2019-08-24 13:12:24 - [TEST_STEP][PASSED] - if (i == 4 &amp;&amp; wildList.indexOf(symbol) != -1): null

2019-08-24 13:12:24 - [TEST_STEP][PASSED] - symbols = symbols: null

2019-08-24 13:12:24 - [TEST_STEP][PASSED] - for ([j = 0, j &lt; symbols.size(), (j++)]): null

2019-08-24 13:12:24 - [TEST_STEP][PASSED] - symbol = symbol: null

2019-08-24 13:12:24 - [TEST_STEP][PASSED] - println(symbol): null

2019-08-24 13:12:24 - [TEST_STEP][PASSED] - if (i == 2 &amp;&amp; wildList.indexOf(symbol) != -1): null

2019-08-24 13:12:24 - [TEST_STEP][PASSED] - if (i == 3 &amp;&amp; wildList.indexOf(symbol) != -1): null

2019-08-24 13:12:24 - [TEST_STEP][PASSED] - if (i == 4 &amp;&amp; wildList.indexOf(symbol) != -1): null

2019-08-24 13:12:24 - [TEST_STEP][PASSED] - symbol = symbol: null

2019-08-24 13:12:24 - [TEST_STEP][PASSED] - println(symbol): null

2019-08-24 13:12:24 - [TEST_STEP][PASSED] - if (i == 2 &amp;&amp; wildList.indexOf(symbol) != -1): null

2019-08-24 13:12:24 - [TEST_STEP][PASSED] - if (i == 3 &amp;&amp; wildList.indexOf(symbol) != -1): null

2019-08-24 13:12:24 - [TEST_STEP][PASSED] - if (i == 4 &amp;&amp; wildList.indexOf(symbol) != -1): null

2019-08-24 13:12:24 - [TEST_STEP][PASSED] - symbol = symbol: null

2019-08-24 13:12:24 - [TEST_STEP][PASSED] - println(symbol): null

2019-08-24 13:12:24 - [TEST_STEP][PASSED] - if (i == 2 &amp;&amp; wildList.indexOf(symbol) != -1): null

2019-08-24 13:12:24 - [TEST_STEP][PASSED] - if (i == 3 &amp;&amp; wildList.indexOf(symbol) != -1): null

2019-08-24 13:12:24 - [TEST_STEP][PASSED] - if (i == 4 &amp;&amp; wildList.indexOf(symbol) != -1): null

2019-08-24 13:12:24 - [TEST_STEP][PASSED] - free_spin_reel_counter = free_spin_reel_counter: null

2019-08-24 13:12:24 - [TEST_STEP][PASSED] - println("reel 3 wild found: " + free_spin_reel_counter[0]): null

2019-08-24 13:12:24 - [TEST_STEP][PASSED] - println("reel 4 wild found: " + free_spin_reel_counter[1]): null

2019-08-24 13:12:24 - [TEST_STEP][PASSED] - println("reel 5 wild found: " + free_spin_reel_counter[2]): null

2019-08-24 13:12:24 - [TEST_STEP][PASSED] - M4_spin_reels = M4_spin_reels: null

2019-08-24 13:12:24 - [TEST_STEP][PASSED] - M4_spin_reels_symbols = symbol: null

2019-08-24 13:12:24 - [TEST_STEP][PASSED] - M4_spin_reels_symbols = M4_spin_reels_symbols: null

2019-08-24 13:12:24 - [TEST_STEP][PASSED] - M4_spin_reel_wins = reel_wins: null

2019-08-24 13:12:24 - [TEST_STEP][PASSED] - M4_spin_reel_wins = M4_spin_reel_wins: null

2019-08-24 13:12:24 - [TEST_STEP][PASSED] - println("GlobalVariable.M4_spin_reel_wins is: " + M4_spin_reel_wins): null

2019-08-24 13:12:24 - [TEST_STEP][PASSED] - M4_spin_total_bonus_win_this_round = total_bonus_win_this_round: null

2019-08-24 13:12:24 - [TEST_STEP][PASSED] - M4_spin_total_bonus_win_this_round = M4_spin_total_bonus_win_this_round: null

2019-08-24 13:12:24 - [TEST_STEP][PASSED] - println("GlobalVariable.M4_spin_total_bonus_win_this_round is: " + M4_spin_total_bonus_win_this_round): null

2019-08-24 13:12:24 - [TEST_STEP][PASSED] - M4_spin_bonus_spin_result = spin_result: null

2019-08-24 13:12:24 - [TEST_STEP][PASSED] - M4_spin_bonus_spin_result = M4_spin_bonus_spin_result: null

2019-08-24 13:12:24 - [MESSAGE][PASSED] - Verify response successfully

2019-08-24 13:12:24 - [MESSAGE][PASSED] - Send request and verify the response successfully

2019-08-24 13:12:24 - [TEST_STEP][PASSED] - if (M4_total_bonus_spins_int != 0 &amp;&amp; M4_spin_reels_symbols[2].contains("WILD_Expanding")): null

2019-08-24 13:12:24 - [TEST_STEP][PASSED] - free_spin_reel_counter = free_spin_reel_counter: null

2019-08-24 13:12:24 - [TEST_STEP][PASSED] - M4_spin_reels_symbols = M4_spin_reels_symbols: null

2019-08-24 13:12:24 - [TEST_STEP][PASSED] - M4_total_bonus_spins = M4_total_bonus_spins: null

2019-08-24 13:12:24 - [TEST_STEP][PASSED] - spin_result = sendRequestAndVerify(findTestObject("INT/RGS(M4)/1_M4_spin", ["M4_login_user_id":M4_login_user_id, "rgs_session_token":rgs_session_token, "partner":Partner])): Send request and verify the response successfully

2019-08-24 13:12:25 - [MESSAGE][INFO] - HAR: /Users/eiralee/Katalon_Script/SuperWild/Reports/20190824_125957/INT/superWild_5/20190824_125957/requests/main/221.har

2019-08-24 13:12:25 - [TEST_CASE][PASSED] - Start Test Case : Verification: Verification accomplished successfully

2019-08-24 13:12:25 - [TEST_STEP][PASSED] - request = getInstance().getCurrentRequest(): null

2019-08-24 13:12:25 - [TEST_STEP][PASSED] - response = getInstance().getCurrentResponse(): null

2019-08-24 13:12:25 - [TEST_STEP][PASSED] - verifyResponseStatusCode(response, 200): Verify response status code successfully

2019-08-24 13:12:25 - [MESSAGE][PASSED] - Verify response status code successfully

2019-08-24 13:12:25 - [TEST_STEP][PASSED] - getStatusCode()).isEqualTo(200): null

2019-08-24 13:12:25 - [TEST_STEP][PASSED] - newline = System.getProperty("line.separator"): null

2019-08-24 13:12:25 - [TEST_STEP][PASSED] - M4_spin = new groovy.json.JsonSlurper(): null

2019-08-24 13:12:25 - [TEST_STEP][PASSED] - result_M4_spin = M4_spin.parseText(response.getResponseBodyContent()): null

2019-08-24 13:12:25 - [TEST_STEP][PASSED] - M4_spin_current_balance = current_balance: null

2019-08-24 13:12:25 - [TEST_STEP][PASSED] - M4_spin_current_balance = M4_spin_current_balance: null

2019-08-24 13:12:25 - [TEST_STEP][PASSED] - M4_spin_transaction_id = causality: null

2019-08-24 13:12:25 - [TEST_STEP][PASSED] - M4_spin_transaction_id = M4_spin_transaction_id: null

2019-08-24 13:12:25 - [TEST_STEP][PASSED] - M4_spin_round_id = round_id: null

2019-08-24 13:12:25 - [TEST_STEP][PASSED] - M4_spin_round_id = M4_spin_round_id: null

2019-08-24 13:12:25 - [TEST_STEP][PASSED] - M4_spin_line_wins = line_wins: null

2019-08-24 13:12:25 - [TEST_STEP][PASSED] - M4_spin_line_wins = M4_spin_line_wins: null

2019-08-24 13:12:25 - [TEST_STEP][PASSED] - M4_total_bonus_spins_int = total_bonus_spins: null

2019-08-24 13:12:25 - [TEST_STEP][PASSED] - println("******M4_total_bonus_spins type is:*******" + newline + getClass().getName()): null

2019-08-24 13:12:25 - [TEST_STEP][PASSED] - M4_total_bonus_spins_int = M4_total_bonus_spins_int: null

2019-08-24 13:12:25 - [TEST_STEP][PASSED] - M4_total_bonus_spins = Integer.toString(M4_total_bonus_spins_int): null

2019-08-24 13:12:25 - [TEST_STEP][PASSED] - M4_total_bonus_spins = M4_total_bonus_spins: null

2019-08-24 13:12:25 - [TEST_STEP][PASSED] - println("M4_total_bonus_spins is:" + M4_total_bonus_spins): null

2019-08-24 13:12:25 - [TEST_STEP][PASSED] - M4_spin_bonus_data = bonus_data: null

2019-08-24 13:12:25 - [TEST_STEP][PASSED] - M4_spin_features_triggered = result_M4_spin: null

2019-08-24 13:12:25 - [TEST_STEP][PASSED] - wild = []: null

2019-08-24 13:12:25 - [TEST_STEP][PASSED] - wild[0] = "WILD_Expanding": null

2019-08-24 13:12:25 - [TEST_STEP][PASSED] - wild[1] = "WILD_Normal": null

2019-08-24 13:12:25 - [TEST_STEP][PASSED] - wild[2] = "WILD_Double": null

2019-08-24 13:12:25 - [TEST_STEP][PASSED] - wild[3] = "WILD_ExtraFG": null

2019-08-24 13:12:25 - [TEST_STEP][PASSED] - wild[4] = "WILD_Triple": null

2019-08-24 13:12:25 - [TEST_STEP][PASSED] - wildList = Arrays.asList(wild): null

2019-08-24 13:12:25 - [TEST_STEP][PASSED] - wildList = wildList: null

2019-08-24 13:12:25 - [TEST_STEP][PASSED] - free_spin_reel_counter = []: null

2019-08-24 13:12:29 - [TEST_STEP][PASSED] - free_spin_reel_counter[0] = 0: null

2019-08-24 13:12:29 - [TEST_STEP][PASSED] - free_spin_reel_counter[1] = 0: null

2019-08-24 13:12:29 - [TEST_STEP][PASSED] - free_spin_reel_counter[2] = 0: null

2019-08-24 13:12:29 - [TEST_STEP][PASSED] - M4_spin_reels = reels: null

2019-08-24 13:12:29 - [TEST_STEP][PASSED] - for ([i = 0, i &lt; M4_spin_reels.size(), (i++)]): null

2019-08-24 13:12:29 - [TEST_STEP][PASSED] - symbols = symbols: null

2019-08-24 13:12:29 - [TEST_STEP][PASSED] - for ([j = 0, j &lt; symbols.size(), (j++)]): null

2019-08-24 13:12:29 - [TEST_STEP][PASSED] - symbol = symbol: null

2019-08-24 13:12:29 - [TEST_STEP][PASSED] - println(symbol): null

2019-08-24 13:12:29 - [TEST_STEP][PASSED] - if (i == 2 &amp;&amp; wildList.indexOf(symbol) != -1): null

2019-08-24 13:12:29 - [TEST_STEP][PASSED] - if (i == 3 &amp;&amp; wildList.indexOf(symbol) != -1): null

2019-08-24 13:12:31 - [TEST_STEP][PASSED] - if (i == 4 &amp;&amp; wildList.indexOf(symbol) != -1): null

2019-08-24 13:12:31 - [TEST_STEP][PASSED] - symbol = symbol: null

2019-08-24 13:12:31 - [TEST_STEP][PASSED] - println(symbol): null

2019-08-24 13:12:31 - [TEST_STEP][PASSED] - if (i == 2 &amp;&amp; wildList.indexOf(symbol) != -1): null

2019-08-24 13:12:31 - [TEST_STEP][PASSED] - if (i == 3 &amp;&amp; wildList.indexOf(symbol) != -1): null

2019-08-24 13:12:31 - [TEST_STEP][PASSED] - if (i == 4 &amp;&amp; wildList.indexOf(symbol) != -1): null

2019-08-24 13:12:31 - [TEST_STEP][PASSED] - symbol = symbol: null

2019-08-24 13:12:31 - [TEST_STEP][PASSED] - println(symbol): null

2019-08-24 13:12:31 - [TEST_STEP][PASSED] - if (i == 2 &amp;&amp; wildList.indexOf(symbol) != -1): null

2019-08-24 13:12:31 - [TEST_STEP][PASSED] - if (i == 3 &amp;&amp; wildList.indexOf(symbol) != -1): null

2019-08-24 13:12:31 - [TEST_STEP][PASSED] - if (i == 4 &amp;&amp; wildList.indexOf(symbol) != -1): null

2019-08-24 13:12:31 - [TEST_STEP][PASSED] - symbols = symbols: null

2019-08-24 13:12:31 - [TEST_STEP][PASSED] - for ([j = 0, j &lt; symbols.size(), (j++)]): null

2019-08-24 13:12:31 - [TEST_STEP][PASSED] - symbol = symbol: null

2019-08-24 13:12:31 - [TEST_STEP][PASSED] - println(symbol): null

2019-08-24 13:12:31 - [TEST_STEP][PASSED] - if (i == 2 &amp;&amp; wildList.indexOf(symbol) != -1): null

2019-08-24 13:12:31 - [TEST_STEP][PASSED] - if (i == 3 &amp;&amp; wildList.indexOf(symbol) != -1): null

2019-08-24 13:12:31 - [TEST_STEP][PASSED] - if (i == 4 &amp;&amp; wildList.indexOf(symbol) != -1): null

2019-08-24 13:12:31 - [TEST_STEP][PASSED] - symbol = symbol: null

2019-08-24 13:12:31 - [TEST_STEP][PASSED] - println(symbol): null

2019-08-24 13:12:31 - [TEST_STEP][PASSED] - if (i == 2 &amp;&amp; wildList.indexOf(symbol) != -1): null

2019-08-24 13:12:31 - [TEST_STEP][PASSED] - if (i == 3 &amp;&amp; wildList.indexOf(symbol) != -1): null

2019-08-24 13:12:31 - [TEST_STEP][PASSED] - if (i == 4 &amp;&amp; wildList.indexOf(symbol) != -1): null

2019-08-24 13:12:31 - [TEST_STEP][PASSED] - symbol = symbol: null

2019-08-24 13:12:31 - [TEST_STEP][PASSED] - println(symbol): null

2019-08-24 13:12:31 - [TEST_STEP][PASSED] - if (i == 2 &amp;&amp; wildList.indexOf(symbol) != -1): null

2019-08-24 13:12:31 - [TEST_STEP][PASSED] - if (i == 3 &amp;&amp; wildList.indexOf(symbol) != -1): null

2019-08-24 13:12:31 - [TEST_STEP][PASSED] - if (i == 4 &amp;&amp; wildList.indexOf(symbol) != -1): null

2019-08-24 13:12:31 - [TEST_STEP][PASSED] - symbols = symbols: null

2019-08-24 13:12:31 - [TEST_STEP][PASSED] - for ([j = 0, j &lt; symbols.size(), (j++)]): null

2019-08-24 13:12:31 - [TEST_STEP][PASSED] - symbol = symbol: null

2019-08-24 13:12:31 - [TEST_STEP][PASSED] - println(symbol): null

2019-08-24 13:12:31 - [TEST_STEP][PASSED] - if (i == 2 &amp;&amp; wildList.indexOf(symbol) != -1): null

2019-08-24 13:12:31 - [TEST_STEP][PASSED] - println("wild found on reel 3, adding counter by 1"): null

2019-08-24 13:12:31 - [TEST_STEP][PASSED] - free_spin_reel_counter[0] = free_spin_reel_counter[0] + 1: null

2019-08-24 13:12:31 - [TEST_STEP][PASSED] - if (i == 3 &amp;&amp; wildList.indexOf(symbol) != -1): null

2019-08-24 13:12:31 - [TEST_STEP][PASSED] - if (i == 4 &amp;&amp; wildList.indexOf(symbol) != -1): null

2019-08-24 13:12:31 - [TEST_STEP][PASSED] - symbol = symbol: null

2019-08-24 13:12:31 - [TEST_STEP][PASSED] - println(symbol): null

2019-08-24 13:12:31 - [TEST_STEP][PASSED] - if (i == 2 &amp;&amp; wildList.indexOf(symbol) != -1): null

2019-08-24 13:12:31 - [TEST_STEP][PASSED] - if (i == 3 &amp;&amp; wildList.indexOf(symbol) != -1): null

2019-08-24 13:12:31 - [TEST_STEP][PASSED] - if (i == 4 &amp;&amp; wildList.indexOf(symbol) != -1): null

2019-08-24 13:12:31 - [TEST_STEP][PASSED] - symbol = symbol: null

2019-08-24 13:12:31 - [TEST_STEP][PASSED] - println(symbol): null

2019-08-24 13:12:31 - [TEST_STEP][PASSED] - if (i == 2 &amp;&amp; wildList.indexOf(symbol) != -1): null

2019-08-24 13:12:31 - [TEST_STEP][PASSED] - if (i == 3 &amp;&amp; wildList.indexOf(symbol) != -1): null

2019-08-24 13:12:31 - [TEST_STEP][PASSED] - if (i == 4 &amp;&amp; wildList.indexOf(symbol) != -1): null

2019-08-24 13:12:31 - [TEST_STEP][PASSED] - symbols = symbols: null

2019-08-24 13:12:31 - [TEST_STEP][PASSED] - for ([j = 0, j &lt; symbols.size(), (j++)]): null

2019-08-24 13:12:31 - [TEST_STEP][PASSED] - symbol = symbol: null

2019-08-24 13:12:31 - [TEST_STEP][PASSED] - println(symbol): null

2019-08-24 13:12:31 - [TEST_STEP][PASSED] - if (i == 2 &amp;&amp; wildList.indexOf(symbol) != -1): null

2019-08-24 13:12:31 - [TEST_STEP][PASSED] - if (i == 3 &amp;&amp; wildList.indexOf(symbol) != -1): null

2019-08-24 13:12:31 - [TEST_STEP][PASSED] - if (i == 4 &amp;&amp; wildList.indexOf(symbol) != -1): null

2019-08-24 13:12:31 - [TEST_STEP][PASSED] - symbol = symbol: null

2019-08-24 13:12:31 - [TEST_STEP][PASSED] - println(symbol): null

2019-08-24 13:12:31 - [TEST_STEP][PASSED] - if (i == 2 &amp;&amp; wildList.indexOf(symbol) != -1): null

2019-08-24 13:12:31 - [TEST_STEP][PASSED] - if (i == 3 &amp;&amp; wildList.indexOf(symbol) != -1): null

2019-08-24 13:12:31 - [TEST_STEP][PASSED] - if (i == 4 &amp;&amp; wildList.indexOf(symbol) != -1): null

2019-08-24 13:12:31 - [TEST_STEP][PASSED] - symbol = symbol: null

2019-08-24 13:12:31 - [TEST_STEP][PASSED] - println(symbol): null

2019-08-24 13:12:31 - [TEST_STEP][PASSED] - if (i == 2 &amp;&amp; wildList.indexOf(symbol) != -1): null

2019-08-24 13:12:31 - [TEST_STEP][PASSED] - if (i == 3 &amp;&amp; wildList.indexOf(symbol) != -1): null

2019-08-24 13:12:31 - [TEST_STEP][PASSED] - if (i == 4 &amp;&amp; wildList.indexOf(symbol) != -1): null

2019-08-24 13:12:31 - [TEST_STEP][PASSED] - symbols = symbols: null

2019-08-24 13:12:31 - [TEST_STEP][PASSED] - for ([j = 0, j &lt; symbols.size(), (j++)]): null

2019-08-24 13:12:31 - [TEST_STEP][PASSED] - symbol = symbol: null

2019-08-24 13:12:31 - [TEST_STEP][PASSED] - println(symbol): null

2019-08-24 13:12:31 - [TEST_STEP][PASSED] - if (i == 2 &amp;&amp; wildList.indexOf(symbol) != -1): null

2019-08-24 13:12:31 - [TEST_STEP][PASSED] - if (i == 3 &amp;&amp; wildList.indexOf(symbol) != -1): null

2019-08-24 13:12:31 - [TEST_STEP][PASSED] - if (i == 4 &amp;&amp; wildList.indexOf(symbol) != -1): null

2019-08-24 13:12:31 - [TEST_STEP][PASSED] - symbol = symbol: null

2019-08-24 13:12:31 - [TEST_STEP][PASSED] - println(symbol): null

2019-08-24 13:12:31 - [TEST_STEP][PASSED] - if (i == 2 &amp;&amp; wildList.indexOf(symbol) != -1): null

2019-08-24 13:12:31 - [TEST_STEP][PASSED] - if (i == 3 &amp;&amp; wildList.indexOf(symbol) != -1): null

2019-08-24 13:12:31 - [TEST_STEP][PASSED] - if (i == 4 &amp;&amp; wildList.indexOf(symbol) != -1): null

2019-08-24 13:12:31 - [TEST_STEP][PASSED] - println("wild found on reel 5, adding counter by 1"): null

2019-08-24 13:12:31 - [TEST_STEP][PASSED] - free_spin_reel_counter[2] = free_spin_reel_counter[2] + 1: null

2019-08-24 13:12:31 - [TEST_STEP][PASSED] - symbol = symbol: null

2019-08-24 13:12:31 - [TEST_STEP][PASSED] - println(symbol): null

2019-08-24 13:12:31 - [TEST_STEP][PASSED] - if (i == 2 &amp;&amp; wildList.indexOf(symbol) != -1): null

2019-08-24 13:12:31 - [TEST_STEP][PASSED] - if (i == 3 &amp;&amp; wildList.indexOf(symbol) != -1): null

2019-08-24 13:12:31 - [TEST_STEP][PASSED] - if (i == 4 &amp;&amp; wildList.indexOf(symbol) != -1): null

2019-08-24 13:12:31 - [TEST_STEP][PASSED] - free_spin_reel_counter = free_spin_reel_counter: null

2019-08-24 13:12:31 - [TEST_STEP][PASSED] - println("reel 3 wild found: " + free_spin_reel_counter[0]): null

2019-08-24 13:12:31 - [TEST_STEP][PASSED] - println("reel 4 wild found: " + free_spin_reel_counter[1]): null

2019-08-24 13:12:31 - [TEST_STEP][PASSED] - println("reel 5 wild found: " + free_spin_reel_counter[2]): null

2019-08-24 13:12:31 - [TEST_STEP][PASSED] - M4_spin_reels = M4_spin_reels: null

2019-08-24 13:12:31 - [TEST_STEP][PASSED] - M4_spin_reels_symbols = symbol: null

2019-08-24 13:12:31 - [TEST_STEP][PASSED] - M4_spin_reels_symbols = M4_spin_reels_symbols: null

2019-08-24 13:12:31 - [TEST_STEP][PASSED] - M4_spin_reel_wins = reel_wins: null

2019-08-24 13:12:31 - [TEST_STEP][PASSED] - M4_spin_reel_wins = M4_spin_reel_wins: null

2019-08-24 13:12:31 - [TEST_STEP][PASSED] - println("GlobalVariable.M4_spin_reel_wins is: " + M4_spin_reel_wins): null

2019-08-24 13:12:31 - [TEST_STEP][PASSED] - M4_spin_total_bonus_win_this_round = total_bonus_win_this_round: null

2019-08-24 13:12:31 - [TEST_STEP][PASSED] - M4_spin_total_bonus_win_this_round = M4_spin_total_bonus_win_this_round: null

2019-08-24 13:12:31 - [TEST_STEP][PASSED] - println("GlobalVariable.M4_spin_total_bonus_win_this_round is: " + M4_spin_total_bonus_win_this_round): null

2019-08-24 13:12:31 - [TEST_STEP][PASSED] - M4_spin_bonus_spin_result = spin_result: null

2019-08-24 13:12:31 - [TEST_STEP][PASSED] - M4_spin_bonus_spin_result = M4_spin_bonus_spin_result: null

2019-08-24 13:12:31 - [MESSAGE][PASSED] - Verify response successfully

2019-08-24 13:12:31 - [MESSAGE][PASSED] - Send request and verify the response successfully

2019-08-24 13:12:31 - [TEST_STEP][PASSED] - if (M4_total_bonus_spins_int != 0 &amp;&amp; M4_spin_reels_symbols[2].contains("WILD_Expanding")): null

2019-08-24 13:12:31 - [TEST_STEP][PASSED] - free_spin_reel_counter = free_spin_reel_counter: null

2019-08-24 13:12:31 - [TEST_STEP][PASSED] - M4_spin_reels_symbols = M4_spin_reels_symbols: null

2019-08-24 13:12:31 - [TEST_STEP][PASSED] - M4_total_bonus_spins = M4_total_bonus_spins: null

2019-08-24 13:12:31 - [TEST_STEP][PASSED] - spin_result = sendRequestAndVerify(findTestObject("INT/RGS(M4)/1_M4_spin", ["M4_login_user_id":M4_login_user_id, "rgs_session_token":rgs_session_token, "partner":Partner])): Send request and verify the response successfully

2019-08-24 13:12:32 - [MESSAGE][INFO] - HAR: /Users/eiralee/Katalon_Script/SuperWild/Reports/20190824_125957/INT/superWild_5/20190824_125957/requests/main/222.har

2019-08-24 13:12:32 - [TEST_CASE][PASSED] - Start Test Case : Verification: Verification accomplished successfully

2019-08-24 13:12:32 - [TEST_STEP][PASSED] - request = getInstance().getCurrentRequest(): null

2019-08-24 13:12:32 - [TEST_STEP][PASSED] - response = getInstance().getCurrentResponse(): null

2019-08-24 13:12:32 - [TEST_STEP][PASSED] - verifyResponseStatusCode(response, 200): Verify response status code successfully

2019-08-24 13:12:32 - [MESSAGE][PASSED] - Verify response status code successfully

2019-08-24 13:12:32 - [TEST_STEP][PASSED] - getStatusCode()).isEqualTo(200): null

2019-08-24 13:12:32 - [TEST_STEP][PASSED] - newline = System.getProperty("line.separator"): null

2019-08-24 13:12:32 - [TEST_STEP][PASSED] - M4_spin = new groovy.json.JsonSlurper(): null

2019-08-24 13:12:32 - [TEST_STEP][PASSED] - result_M4_spin = M4_spin.parseText(response.getResponseBodyContent()): null

2019-08-24 13:12:32 - [TEST_STEP][PASSED] - M4_spin_current_balance = current_balance: null

2019-08-24 13:12:32 - [TEST_STEP][PASSED] - M4_spin_current_balance = M4_spin_current_balance: null

2019-08-24 13:12:32 - [TEST_STEP][PASSED] - M4_spin_transaction_id = causality: null

2019-08-24 13:12:32 - [TEST_STEP][PASSED] - M4_spin_transaction_id = M4_spin_transaction_id: null

2019-08-24 13:12:32 - [TEST_STEP][PASSED] - M4_spin_round_id = round_id: null

2019-08-24 13:12:32 - [TEST_STEP][PASSED] - M4_spin_round_id = M4_spin_round_id: null

2019-08-24 13:12:32 - [TEST_STEP][PASSED] - M4_spin_line_wins = line_wins: null

2019-08-24 13:12:32 - [TEST_STEP][PASSED] - M4_spin_line_wins = M4_spin_line_wins: null

2019-08-24 13:12:32 - [TEST_STEP][PASSED] - M4_total_bonus_spins_int = total_bonus_spins: null

2019-08-24 13:12:32 - [TEST_STEP][PASSED] - println("******M4_total_bonus_spins type is:*******" + newline + getClass().getName()): null

2019-08-24 13:12:32 - [TEST_STEP][PASSED] - M4_total_bonus_spins_int = M4_total_bonus_spins_int: null

2019-08-24 13:12:32 - [TEST_STEP][PASSED] - M4_total_bonus_spins = Integer.toString(M4_total_bonus_spins_int): null

2019-08-24 13:12:32 - [TEST_STEP][PASSED] - M4_total_bonus_spins = M4_total_bonus_spins: null

2019-08-24 13:12:32 - [TEST_STEP][PASSED] - println("M4_total_bonus_spins is:" + M4_total_bonus_spins): null

2019-08-24 13:12:32 - [TEST_STEP][PASSED] - M4_spin_bonus_data = bonus_data: null

2019-08-24 13:12:32 - [TEST_STEP][PASSED] - M4_spin_features_triggered = result_M4_spin: null

2019-08-24 13:12:32 - [TEST_STEP][PASSED] - wild = []: null

2019-08-24 13:12:32 - [TEST_STEP][PASSED] - wild[0] = "WILD_Expanding": null

2019-08-24 13:12:32 - [TEST_STEP][PASSED] - wild[1] = "WILD_Normal": null

2019-08-24 13:12:32 - [TEST_STEP][PASSED] - wild[2] = "WILD_Double": null

2019-08-24 13:12:32 - [TEST_STEP][PASSED] - wild[3] = "WILD_ExtraFG": null

2019-08-24 13:12:32 - [TEST_STEP][PASSED] - wild[4] = "WILD_Triple": null

2019-08-24 13:12:32 - [TEST_STEP][PASSED] - wildList = Arrays.asList(wild): null

2019-08-24 13:12:32 - [TEST_STEP][PASSED] - wildList = wildList: null

2019-08-24 13:12:32 - [TEST_STEP][PASSED] - free_spin_reel_counter = []: null

2019-08-24 13:12:32 - [TEST_STEP][PASSED] - free_spin_reel_counter[0] = 0: null

2019-08-24 13:12:32 - [TEST_STEP][PASSED] - free_spin_reel_counter[1] = 0: null

2019-08-24 13:12:32 - [TEST_STEP][PASSED] - free_spin_reel_counter[2] = 0: null

2019-08-24 13:12:32 - [TEST_STEP][PASSED] - M4_spin_reels = reels: null

2019-08-24 13:12:32 - [TEST_STEP][PASSED] - for ([i = 0, i &lt; M4_spin_reels.size(), (i++)]): null

2019-08-24 13:12:32 - [TEST_STEP][PASSED] - symbols = symbols: null

2019-08-24 13:12:32 - [TEST_STEP][PASSED] - for ([j = 0, j &lt; symbols.size(), (j++)]): null

2019-08-24 13:12:32 - [TEST_STEP][PASSED] - symbol = symbol: null

2019-08-24 13:12:32 - [TEST_STEP][PASSED] - println(symbol): null

2019-08-24 13:12:32 - [TEST_STEP][PASSED] - if (i == 2 &amp;&amp; wildList.indexOf(symbol) != -1): null

2019-08-24 13:12:32 - [TEST_STEP][PASSED] - if (i == 3 &amp;&amp; wildList.indexOf(symbol) != -1): null

2019-08-24 13:12:32 - [TEST_STEP][PASSED] - if (i == 4 &amp;&amp; wildList.indexOf(symbol) != -1): null

2019-08-24 13:12:32 - [TEST_STEP][PASSED] - symbol = symbol: null

2019-08-24 13:12:32 - [TEST_STEP][PASSED] - println(symbol): null

2019-08-24 13:12:32 - [TEST_STEP][PASSED] - if (i == 2 &amp;&amp; wildList.indexOf(symbol) != -1): null

2019-08-24 13:12:32 - [TEST_STEP][PASSED] - if (i == 3 &amp;&amp; wildList.indexOf(symbol) != -1): null

2019-08-24 13:12:32 - [TEST_STEP][PASSED] - if (i == 4 &amp;&amp; wildList.indexOf(symbol) != -1): null

2019-08-24 13:12:32 - [TEST_STEP][PASSED] - symbol = symbol: null

2019-08-24 13:12:32 - [TEST_STEP][PASSED] - println(symbol): null

2019-08-24 13:12:32 - [TEST_STEP][PASSED] - if (i == 2 &amp;&amp; wildList.indexOf(symbol) != -1): null

2019-08-24 13:12:32 - [TEST_STEP][PASSED] - if (i == 3 &amp;&amp; wildList.indexOf(symbol) != -1): null

2019-08-24 13:12:32 - [TEST_STEP][PASSED] - if (i == 4 &amp;&amp; wildList.indexOf(symbol) != -1): null

2019-08-24 13:12:32 - [TEST_STEP][PASSED] - symbols = symbols: null

2019-08-24 13:12:32 - [TEST_STEP][PASSED] - for ([j = 0, j &lt; symbols.size(), (j++)]): null

2019-08-24 13:12:32 - [TEST_STEP][PASSED] - symbol = symbol: null

2019-08-24 13:12:32 - [TEST_STEP][PASSED] - println(symbol): null

2019-08-24 13:12:32 - [TEST_STEP][PASSED] - if (i == 2 &amp;&amp; wildList.indexOf(symbol) != -1): null

2019-08-24 13:12:32 - [TEST_STEP][PASSED] - if (i == 3 &amp;&amp; wildList.indexOf(symbol) != -1): null

2019-08-24 13:12:32 - [TEST_STEP][PASSED] - if (i == 4 &amp;&amp; wildList.indexOf(symbol) != -1): null

2019-08-24 13:12:32 - [TEST_STEP][PASSED] - symbol = symbol: null

2019-08-24 13:12:32 - [TEST_STEP][PASSED] - println(symbol): null

2019-08-24 13:12:32 - [TEST_STEP][PASSED] - if (i == 2 &amp;&amp; wildList.indexOf(symbol) != -1): null

2019-08-24 13:12:32 - [TEST_STEP][PASSED] - if (i == 3 &amp;&amp; wildList.indexOf(symbol) != -1): null

2019-08-24 13:12:32 - [TEST_STEP][PASSED] - if (i == 4 &amp;&amp; wildList.indexOf(symbol) != -1): null

2019-08-24 13:12:32 - [TEST_STEP][PASSED] - symbol = symbol: null

2019-08-24 13:12:32 - [TEST_STEP][PASSED] - println(symbol): null

2019-08-24 13:12:32 - [TEST_STEP][PASSED] - if (i == 2 &amp;&amp; wildList.indexOf(symbol) != -1): null

2019-08-24 13:12:32 - [TEST_STEP][PASSED] - if (i == 3 &amp;&amp; wildList.indexOf(symbol) != -1): null

2019-08-24 13:12:32 - [TEST_STEP][PASSED] - if (i == 4 &amp;&amp; wildList.indexOf(symbol) != -1): null

2019-08-24 13:12:32 - [TEST_STEP][PASSED] - symbols = symbols: null

2019-08-24 13:12:32 - [TEST_STEP][PASSED] - for ([j = 0, j &lt; symbols.size(), (j++)]): null

2019-08-24 13:12:32 - [TEST_STEP][PASSED] - symbol = symbol: null

2019-08-24 13:12:32 - [TEST_STEP][PASSED] - println(symbol): null

2019-08-24 13:12:32 - [TEST_STEP][PASSED] - if (i == 2 &amp;&amp; wildList.indexOf(symbol) != -1): null

2019-08-24 13:12:32 - [TEST_STEP][PASSED] - println("wild found on reel 3, adding counter by 1"): null

2019-08-24 13:12:32 - [TEST_STEP][PASSED] - free_spin_reel_counter[0] = free_spin_reel_counter[0] + 1: null

2019-08-24 13:12:32 - [TEST_STEP][PASSED] - if (i == 3 &amp;&amp; wildList.indexOf(symbol) != -1): null

2019-08-24 13:12:32 - [TEST_STEP][PASSED] - if (i == 4 &amp;&amp; wildList.indexOf(symbol) != -1): null

2019-08-24 13:12:32 - [TEST_STEP][PASSED] - symbol = symbol: null

2019-08-24 13:12:32 - [TEST_STEP][PASSED] - println(symbol): null

2019-08-24 13:12:32 - [TEST_STEP][PASSED] - if (i == 2 &amp;&amp; wildList.indexOf(symbol) != -1): null

2019-08-24 13:12:32 - [TEST_STEP][PASSED] - if (i == 3 &amp;&amp; wildList.indexOf(symbol) != -1): null

2019-08-24 13:12:32 - [TEST_STEP][PASSED] - if (i == 4 &amp;&amp; wildList.indexOf(symbol) != -1): null

2019-08-24 13:12:32 - [TEST_STEP][PASSED] - symbol = symbol: null

2019-08-24 13:12:32 - [TEST_STEP][PASSED] - println(symbol): null

2019-08-24 13:12:32 - [TEST_STEP][PASSED] - if (i == 2 &amp;&amp; wildList.indexOf(symbol) != -1): null

2019-08-24 13:12:32 - [TEST_STEP][PASSED] - if (i == 3 &amp;&amp; wildList.indexOf(symbol) != -1): null

2019-08-24 13:12:32 - [TEST_STEP][PASSED] - if (i == 4 &amp;&amp; wildList.indexOf(symbol) != -1): null

2019-08-24 13:12:32 - [TEST_STEP][PASSED] - symbols = symbols: null

2019-08-24 13:12:32 - [TEST_STEP][PASSED] - for ([j = 0, j &lt; symbols.size(), (j++)]): null

2019-08-24 13:12:32 - [TEST_STEP][PASSED] - symbol = symbol: null

2019-08-24 13:12:32 - [TEST_STEP][PASSED] - println(symbol): null

2019-08-24 13:12:32 - [TEST_STEP][PASSED] - if (i == 2 &amp;&amp; wildList.indexOf(symbol) != -1): null

2019-08-24 13:12:32 - [TEST_STEP][PASSED] - if (i == 3 &amp;&amp; wildList.indexOf(symbol) != -1): null

2019-08-24 13:12:32 - [TEST_STEP][PASSED] - if (i == 4 &amp;&amp; wildList.indexOf(symbol) != -1): null

2019-08-24 13:12:32 - [TEST_STEP][PASSED] - symbol = symbol: null

2019-08-24 13:12:32 - [TEST_STEP][PASSED] - println(symbol): null

2019-08-24 13:12:32 - [TEST_STEP][PASSED] - if (i == 2 &amp;&amp; wildList.indexOf(symbol) != -1): null

2019-08-24 13:12:32 - [TEST_STEP][PASSED] - if (i == 3 &amp;&amp; wildList.indexOf(symbol) != -1): null

2019-08-24 13:12:32 - [TEST_STEP][PASSED] - if (i == 4 &amp;&amp; wildList.indexOf(symbol) != -1): null

2019-08-24 13:12:32 - [TEST_STEP][PASSED] - symbol = symbol: null

2019-08-24 13:12:32 - [TEST_STEP][PASSED] - println(symbol): null

2019-08-24 13:12:32 - [TEST_STEP][PASSED] - if (i == 2 &amp;&amp; wildList.indexOf(symbol) != -1): null

2019-08-24 13:12:32 - [TEST_STEP][PASSED] - if (i == 3 &amp;&amp; wildList.indexOf(symbol) != -1): null

2019-08-24 13:12:32 - [TEST_STEP][PASSED] - if (i == 4 &amp;&amp; wildList.indexOf(symbol) != -1): null

2019-08-24 13:12:32 - [TEST_STEP][PASSED] - symbols = symbols: null

2019-08-24 13:12:32 - [TEST_STEP][PASSED] - for ([j = 0, j &lt; symbols.size(), (j++)]): null

2019-08-24 13:12:32 - [TEST_STEP][PASSED] - symbol = symbol: null

2019-08-24 13:12:32 - [TEST_STEP][PASSED] - println(symbol): null

2019-08-24 13:12:32 - [TEST_STEP][PASSED] - if (i == 2 &amp;&amp; wildList.indexOf(symbol) != -1): null

2019-08-24 13:12:32 - [TEST_STEP][PASSED] - if (i == 3 &amp;&amp; wildList.indexOf(symbol) != -1): null

2019-08-24 13:12:32 - [TEST_STEP][PASSED] - if (i == 4 &amp;&amp; wildList.indexOf(symbol) != -1): null

2019-08-24 13:12:32 - [TEST_STEP][PASSED] - symbol = symbol: null

2019-08-24 13:12:32 - [TEST_STEP][PASSED] - println(symbol): null

2019-08-24 13:12:32 - [TEST_STEP][PASSED] - if (i == 2 &amp;&amp; wildList.indexOf(symbol) != -1): null

2019-08-24 13:12:32 - [TEST_STEP][PASSED] - if (i == 3 &amp;&amp; wildList.indexOf(symbol) != -1): null

2019-08-24 13:12:32 - [TEST_STEP][PASSED] - if (i == 4 &amp;&amp; wildList.indexOf(symbol) != -1): null

2019-08-24 13:12:32 - [TEST_STEP][PASSED] - symbol = symbol: null

2019-08-24 13:12:32 - [TEST_STEP][PASSED] - println(symbol): null

2019-08-24 13:12:32 - [TEST_STEP][PASSED] - if (i == 2 &amp;&amp; wildList.indexOf(symbol) != -1): null

2019-08-24 13:12:32 - [TEST_STEP][PASSED] - if (i == 3 &amp;&amp; wildList.indexOf(symbol) != -1): null

2019-08-24 13:12:32 - [TEST_STEP][PASSED] - if (i == 4 &amp;&amp; wildList.indexOf(symbol) != -1): null

2019-08-24 13:12:32 - [TEST_STEP][PASSED] - free_spin_reel_counter = free_spin_reel_counter: null

2019-08-24 13:12:32 - [TEST_STEP][PASSED] - println("reel 3 wild found: " + free_spin_reel_counter[0]): null

2019-08-24 13:12:32 - [TEST_STEP][PASSED] - println("reel 4 wild found: " + free_spin_reel_counter[1]): null

2019-08-24 13:12:32 - [TEST_STEP][PASSED] - println("reel 5 wild found: " + free_spin_reel_counter[2]): null

2019-08-24 13:12:32 - [TEST_STEP][PASSED] - M4_spin_reels = M4_spin_reels: null

2019-08-24 13:12:32 - [TEST_STEP][PASSED] - M4_spin_reels_symbols = symbol: null

2019-08-24 13:12:32 - [TEST_STEP][PASSED] - M4_spin_reels_symbols = M4_spin_reels_symbols: null

2019-08-24 13:12:32 - [TEST_STEP][PASSED] - M4_spin_reel_wins = reel_wins: null

2019-08-24 13:12:32 - [TEST_STEP][PASSED] - M4_spin_reel_wins = M4_spin_reel_wins: null

2019-08-24 13:12:32 - [TEST_STEP][PASSED] - println("GlobalVariable.M4_spin_reel_wins is: " + M4_spin_reel_wins): null

2019-08-24 13:12:32 - [TEST_STEP][PASSED] - M4_spin_total_bonus_win_this_round = total_bonus_win_this_round: null

2019-08-24 13:12:32 - [TEST_STEP][PASSED] - M4_spin_total_bonus_win_this_round = M4_spin_total_bonus_win_this_round: null

2019-08-24 13:12:32 - [TEST_STEP][PASSED] - println("GlobalVariable.M4_spin_total_bonus_win_this_round is: " + M4_spin_total_bonus_win_this_round): null

2019-08-24 13:12:32 - [TEST_STEP][PASSED] - M4_spin_bonus_spin_result = spin_result: null

2019-08-24 13:12:32 - [TEST_STEP][PASSED] - M4_spin_bonus_spin_result = M4_spin_bonus_spin_result: null

2019-08-24 13:12:32 - [MESSAGE][PASSED] - Verify response successfully

2019-08-24 13:12:32 - [MESSAGE][PASSED] - Send request and verify the response successfully

2019-08-24 13:12:32 - [TEST_STEP][PASSED] - if (M4_total_bonus_spins_int != 0 &amp;&amp; M4_spin_reels_symbols[2].contains("WILD_Expanding")): null

2019-08-24 13:12:32 - [TEST_STEP][PASSED] - free_spin_reel_counter = free_spin_reel_counter: null

2019-08-24 13:12:32 - [TEST_STEP][PASSED] - M4_spin_reels_symbols = M4_spin_reels_symbols: null

2019-08-24 13:12:32 - [TEST_STEP][PASSED] - M4_total_bonus_spins = M4_total_bonus_spins: null

2019-08-24 13:12:32 - [TEST_STEP][PASSED] - spin_result = sendRequestAndVerify(findTestObject("INT/RGS(M4)/1_M4_spin", ["M4_login_user_id":M4_login_user_id, "rgs_session_token":rgs_session_token, "partner":Partner])): Send request and verify the response successfully

2019-08-24 13:12:32 - [MESSAGE][INFO] - HAR: /Users/eiralee/Katalon_Script/SuperWild/Reports/20190824_125957/INT/superWild_5/20190824_125957/requests/main/223.har

2019-08-24 13:12:33 - [TEST_CASE][PASSED] - Start Test Case : Verification: Verification accomplished successfully

2019-08-24 13:12:33 - [TEST_STEP][PASSED] - request = getInstance().getCurrentRequest(): null

2019-08-24 13:12:33 - [TEST_STEP][PASSED] - response = getInstance().getCurrentResponse(): null

2019-08-24 13:12:33 - [TEST_STEP][PASSED] - verifyResponseStatusCode(response, 200): Verify response status code successfully

2019-08-24 13:12:33 - [MESSAGE][PASSED] - Verify response status code successfully

2019-08-24 13:12:33 - [TEST_STEP][PASSED] - getStatusCode()).isEqualTo(200): null

2019-08-24 13:12:33 - [TEST_STEP][PASSED] - newline = System.getProperty("line.separator"): null

2019-08-24 13:12:33 - [TEST_STEP][PASSED] - M4_spin = new groovy.json.JsonSlurper(): null

2019-08-24 13:12:33 - [TEST_STEP][PASSED] - result_M4_spin = M4_spin.parseText(response.getResponseBodyContent()): null

2019-08-24 13:12:33 - [TEST_STEP][PASSED] - M4_spin_current_balance = current_balance: null

2019-08-24 13:12:33 - [TEST_STEP][PASSED] - M4_spin_current_balance = M4_spin_current_balance: null

2019-08-24 13:12:33 - [TEST_STEP][PASSED] - M4_spin_transaction_id = causality: null

2019-08-24 13:12:33 - [TEST_STEP][PASSED] - M4_spin_transaction_id = M4_spin_transaction_id: null

2019-08-24 13:12:33 - [TEST_STEP][PASSED] - M4_spin_round_id = round_id: null

2019-08-24 13:12:33 - [TEST_STEP][PASSED] - M4_spin_round_id = M4_spin_round_id: null

2019-08-24 13:12:33 - [TEST_STEP][PASSED] - M4_spin_line_wins = line_wins: null

2019-08-24 13:12:33 - [TEST_STEP][PASSED] - M4_spin_line_wins = M4_spin_line_wins: null

2019-08-24 13:12:33 - [TEST_STEP][PASSED] - M4_total_bonus_spins_int = total_bonus_spins: null

2019-08-24 13:12:33 - [TEST_STEP][PASSED] - println("******M4_total_bonus_spins type is:*******" + newline + getClass().getName()): null

2019-08-24 13:12:33 - [TEST_STEP][PASSED] - M4_total_bonus_spins_int = M4_total_bonus_spins_int: null

2019-08-24 13:12:33 - [TEST_STEP][PASSED] - M4_total_bonus_spins = Integer.toString(M4_total_bonus_spins_int): null

2019-08-24 13:12:33 - [TEST_STEP][PASSED] - M4_total_bonus_spins = M4_total_bonus_spins: null

2019-08-24 13:12:33 - [TEST_STEP][PASSED] - println("M4_total_bonus_spins is:" + M4_total_bonus_spins): null

2019-08-24 13:12:33 - [TEST_STEP][PASSED] - M4_spin_bonus_data = bonus_data: null

2019-08-24 13:12:33 - [TEST_STEP][PASSED] - M4_spin_features_triggered = result_M4_spin: null

2019-08-24 13:12:33 - [TEST_STEP][PASSED] - wild = []: null

2019-08-24 13:12:33 - [TEST_STEP][PASSED] - wild[0] = "WILD_Expanding": null

2019-08-24 13:12:33 - [TEST_STEP][PASSED] - wild[1] = "WILD_Normal": null

2019-08-24 13:12:33 - [TEST_STEP][PASSED] - wild[2] = "WILD_Double": null

2019-08-24 13:12:33 - [TEST_STEP][PASSED] - wild[3] = "WILD_ExtraFG": null

2019-08-24 13:12:33 - [TEST_STEP][PASSED] - wild[4] = "WILD_Triple": null

2019-08-24 13:12:33 - [TEST_STEP][PASSED] - wildList = Arrays.asList(wild): null

2019-08-24 13:12:33 - [TEST_STEP][PASSED] - wildList = wildList: null

2019-08-24 13:12:33 - [TEST_STEP][PASSED] - free_spin_reel_counter = []: null

2019-08-24 13:12:33 - [TEST_STEP][PASSED] - free_spin_reel_counter[0] = 0: null

2019-08-24 13:12:33 - [TEST_STEP][PASSED] - free_spin_reel_counter[1] = 0: null

2019-08-24 13:12:33 - [TEST_STEP][PASSED] - free_spin_reel_counter[2] = 0: null

2019-08-24 13:12:33 - [TEST_STEP][PASSED] - M4_spin_reels = reels: null

2019-08-24 13:12:33 - [TEST_STEP][PASSED] - for ([i = 0, i &lt; M4_spin_reels.size(), (i++)]): null

2019-08-24 13:12:33 - [TEST_STEP][PASSED] - symbols = symbols: null

2019-08-24 13:12:33 - [TEST_STEP][PASSED] - for ([j = 0, j &lt; symbols.size(), (j++)]): null

2019-08-24 13:12:33 - [TEST_STEP][PASSED] - symbol = symbol: null

2019-08-24 13:12:33 - [TEST_STEP][PASSED] - println(symbol): null

2019-08-24 13:12:33 - [TEST_STEP][PASSED] - if (i == 2 &amp;&amp; wildList.indexOf(symbol) != -1): null

2019-08-24 13:12:33 - [TEST_STEP][PASSED] - if (i == 3 &amp;&amp; wildList.indexOf(symbol) != -1): null

2019-08-24 13:12:33 - [TEST_STEP][PASSED] - if (i == 4 &amp;&amp; wildList.indexOf(symbol) != -1): null

2019-08-24 13:12:33 - [TEST_STEP][PASSED] - symbol = symbol: null

2019-08-24 13:12:33 - [TEST_STEP][PASSED] - println(symbol): null

2019-08-24 13:12:33 - [TEST_STEP][PASSED] - if (i == 2 &amp;&amp; wildList.indexOf(symbol) != -1): null

2019-08-24 13:12:33 - [TEST_STEP][PASSED] - if (i == 3 &amp;&amp; wildList.indexOf(symbol) != -1): null

2019-08-24 13:12:33 - [TEST_STEP][PASSED] - if (i == 4 &amp;&amp; wildList.indexOf(symbol) != -1): null

2019-08-24 13:12:33 - [TEST_STEP][PASSED] - symbol = symbol: null

2019-08-24 13:12:33 - [TEST_STEP][PASSED] - println(symbol): null

2019-08-24 13:12:33 - [TEST_STEP][PASSED] - if (i == 2 &amp;&amp; wildList.indexOf(symbol) != -1): null

2019-08-24 13:12:33 - [TEST_STEP][PASSED] - if (i == 3 &amp;&amp; wildList.indexOf(symbol) != -1): null

2019-08-24 13:12:33 - [TEST_STEP][PASSED] - if (i == 4 &amp;&amp; wildList.indexOf(symbol) != -1): null

2019-08-24 13:12:33 - [TEST_STEP][PASSED] - symbols = symbols: null

2019-08-24 13:12:33 - [TEST_STEP][PASSED] - for ([j = 0, j &lt; symbols.size(), (j++)]): null

2019-08-24 13:12:33 - [TEST_STEP][PASSED] - symbol = symbol: null

2019-08-24 13:12:33 - [TEST_STEP][PASSED] - println(symbol): null

2019-08-24 13:12:33 - [TEST_STEP][PASSED] - if (i == 2 &amp;&amp; wildList.indexOf(symbol) != -1): null

2019-08-24 13:12:33 - [TEST_STEP][PASSED] - if (i == 3 &amp;&amp; wildList.indexOf(symbol) != -1): null

2019-08-24 13:12:33 - [TEST_STEP][PASSED] - if (i == 4 &amp;&amp; wildList.indexOf(symbol) != -1): null

2019-08-24 13:12:33 - [TEST_STEP][PASSED] - symbol = symbol: null

2019-08-24 13:12:33 - [TEST_STEP][PASSED] - println(symbol): null

2019-08-24 13:12:33 - [TEST_STEP][PASSED] - if (i == 2 &amp;&amp; wildList.indexOf(symbol) != -1): null

2019-08-24 13:12:33 - [TEST_STEP][PASSED] - if (i == 3 &amp;&amp; wildList.indexOf(symbol) != -1): null

2019-08-24 13:12:33 - [TEST_STEP][PASSED] - if (i == 4 &amp;&amp; wildList.indexOf(symbol) != -1): null

2019-08-24 13:12:33 - [TEST_STEP][PASSED] - symbol = symbol: null

2019-08-24 13:12:37 - [TEST_STEP][PASSED] - println(symbol): null

2019-08-24 13:12:37 - [TEST_STEP][PASSED] - if (i == 2 &amp;&amp; wildList.indexOf(symbol) != -1): null

2019-08-24 13:12:37 - [TEST_STEP][PASSED] - if (i == 3 &amp;&amp; wildList.indexOf(symbol) != -1): null

2019-08-24 13:12:37 - [TEST_STEP][PASSED] - if (i == 4 &amp;&amp; wildList.indexOf(symbol) != -1): null

2019-08-24 13:12:37 - [TEST_STEP][PASSED] - symbols = symbols: null

2019-08-24 13:12:37 - [TEST_STEP][PASSED] - for ([j = 0, j &lt; symbols.size(), (j++)]): null

2019-08-24 13:12:37 - [TEST_STEP][PASSED] - symbol = symbol: null

2019-08-24 13:12:37 - [TEST_STEP][PASSED] - println(symbol): null

2019-08-24 13:12:37 - [TEST_STEP][PASSED] - if (i == 2 &amp;&amp; wildList.indexOf(symbol) != -1): null

2019-08-24 13:12:37 - [TEST_STEP][PASSED] - if (i == 3 &amp;&amp; wildList.indexOf(symbol) != -1): null

2019-08-24 13:12:39 - [TEST_STEP][PASSED] - if (i == 4 &amp;&amp; wildList.indexOf(symbol) != -1): null

2019-08-24 13:12:39 - [TEST_STEP][PASSED] - symbol = symbol: null

2019-08-24 13:12:39 - [TEST_STEP][PASSED] - println(symbol): null

2019-08-24 13:12:39 - [TEST_STEP][PASSED] - if (i == 2 &amp;&amp; wildList.indexOf(symbol) != -1): null

2019-08-24 13:12:39 - [TEST_STEP][PASSED] - if (i == 3 &amp;&amp; wildList.indexOf(symbol) != -1): null

2019-08-24 13:12:39 - [TEST_STEP][PASSED] - if (i == 4 &amp;&amp; wildList.indexOf(symbol) != -1): null

2019-08-24 13:12:39 - [TEST_STEP][PASSED] - symbol = symbol: null

2019-08-24 13:12:39 - [TEST_STEP][PASSED] - println(symbol): null

2019-08-24 13:12:39 - [TEST_STEP][PASSED] - if (i == 2 &amp;&amp; wildList.indexOf(symbol) != -1): null

2019-08-24 13:12:39 - [TEST_STEP][PASSED] - if (i == 3 &amp;&amp; wildList.indexOf(symbol) != -1): null

2019-08-24 13:12:39 - [TEST_STEP][PASSED] - if (i == 4 &amp;&amp; wildList.indexOf(symbol) != -1): null

2019-08-24 13:12:39 - [TEST_STEP][PASSED] - symbols = symbols: null

2019-08-24 13:12:39 - [TEST_STEP][PASSED] - for ([j = 0, j &lt; symbols.size(), (j++)]): null

2019-08-24 13:12:39 - [TEST_STEP][PASSED] - symbol = symbol: null

2019-08-24 13:12:39 - [TEST_STEP][PASSED] - println(symbol): null

2019-08-24 13:12:39 - [TEST_STEP][PASSED] - if (i == 2 &amp;&amp; wildList.indexOf(symbol) != -1): null

2019-08-24 13:12:39 - [TEST_STEP][PASSED] - if (i == 3 &amp;&amp; wildList.indexOf(symbol) != -1): null

2019-08-24 13:12:39 - [TEST_STEP][PASSED] - if (i == 4 &amp;&amp; wildList.indexOf(symbol) != -1): null

2019-08-24 13:12:39 - [TEST_STEP][PASSED] - symbol = symbol: null

2019-08-24 13:12:39 - [TEST_STEP][PASSED] - println(symbol): null

2019-08-24 13:12:39 - [TEST_STEP][PASSED] - if (i == 2 &amp;&amp; wildList.indexOf(symbol) != -1): null

2019-08-24 13:12:39 - [TEST_STEP][PASSED] - if (i == 3 &amp;&amp; wildList.indexOf(symbol) != -1): null

2019-08-24 13:12:39 - [TEST_STEP][PASSED] - if (i == 4 &amp;&amp; wildList.indexOf(symbol) != -1): null

2019-08-24 13:12:39 - [TEST_STEP][PASSED] - symbol = symbol: null

2019-08-24 13:12:39 - [TEST_STEP][PASSED] - println(symbol): null

2019-08-24 13:12:39 - [TEST_STEP][PASSED] - if (i == 2 &amp;&amp; wildList.indexOf(symbol) != -1): null

2019-08-24 13:12:39 - [TEST_STEP][PASSED] - if (i == 3 &amp;&amp; wildList.indexOf(symbol) != -1): null

2019-08-24 13:12:39 - [TEST_STEP][PASSED] - if (i == 4 &amp;&amp; wildList.indexOf(symbol) != -1): null

2019-08-24 13:12:39 - [TEST_STEP][PASSED] - symbols = symbols: null

2019-08-24 13:12:39 - [TEST_STEP][PASSED] - for ([j = 0, j &lt; symbols.size(), (j++)]): null

2019-08-24 13:12:39 - [TEST_STEP][PASSED] - symbol = symbol: null

2019-08-24 13:12:39 - [TEST_STEP][PASSED] - println(symbol): null

2019-08-24 13:12:39 - [TEST_STEP][PASSED] - if (i == 2 &amp;&amp; wildList.indexOf(symbol) != -1): null

2019-08-24 13:12:39 - [TEST_STEP][PASSED] - if (i == 3 &amp;&amp; wildList.indexOf(symbol) != -1): null

2019-08-24 13:12:39 - [TEST_STEP][PASSED] - if (i == 4 &amp;&amp; wildList.indexOf(symbol) != -1): null

2019-08-24 13:12:39 - [TEST_STEP][PASSED] - symbol = symbol: null

2019-08-24 13:12:39 - [TEST_STEP][PASSED] - println(symbol): null

2019-08-24 13:12:39 - [TEST_STEP][PASSED] - if (i == 2 &amp;&amp; wildList.indexOf(symbol) != -1): null

2019-08-24 13:12:39 - [TEST_STEP][PASSED] - if (i == 3 &amp;&amp; wildList.indexOf(symbol) != -1): null

2019-08-24 13:12:39 - [TEST_STEP][PASSED] - if (i == 4 &amp;&amp; wildList.indexOf(symbol) != -1): null

2019-08-24 13:12:39 - [TEST_STEP][PASSED] - symbol = symbol: null

2019-08-24 13:12:39 - [TEST_STEP][PASSED] - println(symbol): null

2019-08-24 13:12:39 - [TEST_STEP][PASSED] - if (i == 2 &amp;&amp; wildList.indexOf(symbol) != -1): null

2019-08-24 13:12:39 - [TEST_STEP][PASSED] - if (i == 3 &amp;&amp; wildList.indexOf(symbol) != -1): null

2019-08-24 13:12:39 - [TEST_STEP][PASSED] - if (i == 4 &amp;&amp; wildList.indexOf(symbol) != -1): null

2019-08-24 13:12:39 - [TEST_STEP][PASSED] - free_spin_reel_counter = free_spin_reel_counter: null

2019-08-24 13:12:39 - [TEST_STEP][PASSED] - println("reel 3 wild found: " + free_spin_reel_counter[0]): null

2019-08-24 13:12:39 - [TEST_STEP][PASSED] - println("reel 4 wild found: " + free_spin_reel_counter[1]): null

2019-08-24 13:12:39 - [TEST_STEP][PASSED] - println("reel 5 wild found: " + free_spin_reel_counter[2]): null

2019-08-24 13:12:39 - [TEST_STEP][PASSED] - M4_spin_reels = M4_spin_reels: null

2019-08-24 13:12:39 - [TEST_STEP][PASSED] - M4_spin_reels_symbols = symbol: null

2019-08-24 13:12:39 - [TEST_STEP][PASSED] - M4_spin_reels_symbols = M4_spin_reels_symbols: null

2019-08-24 13:12:39 - [TEST_STEP][PASSED] - M4_spin_reel_wins = reel_wins: null

2019-08-24 13:12:39 - [TEST_STEP][PASSED] - M4_spin_reel_wins = M4_spin_reel_wins: null

2019-08-24 13:12:39 - [TEST_STEP][PASSED] - println("GlobalVariable.M4_spin_reel_wins is: " + M4_spin_reel_wins): null

2019-08-24 13:12:39 - [TEST_STEP][PASSED] - M4_spin_total_bonus_win_this_round = total_bonus_win_this_round: null

2019-08-24 13:12:39 - [TEST_STEP][PASSED] - M4_spin_total_bonus_win_this_round = M4_spin_total_bonus_win_this_round: null

2019-08-24 13:12:39 - [TEST_STEP][PASSED] - println("GlobalVariable.M4_spin_total_bonus_win_this_round is: " + M4_spin_total_bonus_win_this_round): null

2019-08-24 13:12:39 - [TEST_STEP][PASSED] - M4_spin_bonus_spin_result = spin_result: null

2019-08-24 13:12:39 - [TEST_STEP][PASSED] - M4_spin_bonus_spin_result = M4_spin_bonus_spin_result: null

2019-08-24 13:12:39 - [MESSAGE][PASSED] - Verify response successfully

2019-08-24 13:12:39 - [MESSAGE][PASSED] - Send request and verify the response successfully

2019-08-24 13:12:39 - [TEST_STEP][PASSED] - if (M4_total_bonus_spins_int != 0 &amp;&amp; M4_spin_reels_symbols[2].contains("WILD_Expanding")): null

2019-08-24 13:12:39 - [TEST_STEP][PASSED] - free_spin_reel_counter = free_spin_reel_counter: null

2019-08-24 13:12:39 - [TEST_STEP][PASSED] - M4_spin_reels_symbols = M4_spin_reels_symbols: null

2019-08-24 13:12:39 - [TEST_STEP][PASSED] - M4_total_bonus_spins = M4_total_bonus_spins: null

2019-08-24 13:12:39 - [TEST_STEP][PASSED] - spin_result = sendRequestAndVerify(findTestObject("INT/RGS(M4)/1_M4_spin", ["M4_login_user_id":M4_login_user_id, "rgs_session_token":rgs_session_token, "partner":Partner])): Send request and verify the response successfully

2019-08-24 13:12:40 - [MESSAGE][INFO] - HAR: /Users/eiralee/Katalon_Script/SuperWild/Reports/20190824_125957/INT/superWild_5/20190824_125957/requests/main/224.har

2019-08-24 13:12:40 - [TEST_CASE][PASSED] - Start Test Case : Verification: Verification accomplished successfully

2019-08-24 13:12:40 - [TEST_STEP][PASSED] - request = getInstance().getCurrentRequest(): null

2019-08-24 13:12:40 - [TEST_STEP][PASSED] - response = getInstance().getCurrentResponse(): null

2019-08-24 13:12:40 - [TEST_STEP][PASSED] - verifyResponseStatusCode(response, 200): Verify response status code successfully

2019-08-24 13:12:40 - [MESSAGE][PASSED] - Verify response status code successfully

2019-08-24 13:12:40 - [TEST_STEP][PASSED] - getStatusCode()).isEqualTo(200): null

2019-08-24 13:12:40 - [TEST_STEP][PASSED] - newline = System.getProperty("line.separator"): null

2019-08-24 13:12:40 - [TEST_STEP][PASSED] - M4_spin = new groovy.json.JsonSlurper(): null

2019-08-24 13:12:40 - [TEST_STEP][PASSED] - result_M4_spin = M4_spin.parseText(response.getResponseBodyContent()): null

2019-08-24 13:12:40 - [TEST_STEP][PASSED] - M4_spin_current_balance = current_balance: null

2019-08-24 13:12:40 - [TEST_STEP][PASSED] - M4_spin_current_balance = M4_spin_current_balance: null

2019-08-24 13:12:40 - [TEST_STEP][PASSED] - M4_spin_transaction_id = causality: null

2019-08-24 13:12:40 - [TEST_STEP][PASSED] - M4_spin_transaction_id = M4_spin_transaction_id: null

2019-08-24 13:12:40 - [TEST_STEP][PASSED] - M4_spin_round_id = round_id: null

2019-08-24 13:12:40 - [TEST_STEP][PASSED] - M4_spin_round_id = M4_spin_round_id: null

2019-08-24 13:12:40 - [TEST_STEP][PASSED] - M4_spin_line_wins = line_wins: null

2019-08-24 13:12:40 - [TEST_STEP][PASSED] - M4_spin_line_wins = M4_spin_line_wins: null

2019-08-24 13:12:40 - [TEST_STEP][PASSED] - M4_total_bonus_spins_int = total_bonus_spins: null

2019-08-24 13:12:40 - [TEST_STEP][PASSED] - println("******M4_total_bonus_spins type is:*******" + newline + getClass().getName()): null

2019-08-24 13:12:40 - [TEST_STEP][PASSED] - M4_total_bonus_spins_int = M4_total_bonus_spins_int: null

2019-08-24 13:12:40 - [TEST_STEP][PASSED] - M4_total_bonus_spins = Integer.toString(M4_total_bonus_spins_int): null

2019-08-24 13:12:40 - [TEST_STEP][PASSED] - M4_total_bonus_spins = M4_total_bonus_spins: null

2019-08-24 13:12:40 - [TEST_STEP][PASSED] - println("M4_total_bonus_spins is:" + M4_total_bonus_spins): null

2019-08-24 13:12:40 - [TEST_STEP][PASSED] - M4_spin_bonus_data = bonus_data: null

2019-08-24 13:12:40 - [TEST_STEP][PASSED] - M4_spin_features_triggered = result_M4_spin: null

2019-08-24 13:12:40 - [TEST_STEP][PASSED] - wild = []: null

2019-08-24 13:12:40 - [TEST_STEP][PASSED] - wild[0] = "WILD_Expanding": null

2019-08-24 13:12:40 - [TEST_STEP][PASSED] - wild[1] = "WILD_Normal": null

2019-08-24 13:12:40 - [TEST_STEP][PASSED] - wild[2] = "WILD_Double": null

2019-08-24 13:12:40 - [TEST_STEP][PASSED] - wild[3] = "WILD_ExtraFG": null

2019-08-24 13:12:40 - [TEST_STEP][PASSED] - wild[4] = "WILD_Triple": null

2019-08-24 13:12:40 - [TEST_STEP][PASSED] - wildList = Arrays.asList(wild): null

2019-08-24 13:12:40 - [TEST_STEP][PASSED] - wildList = wildList: null

2019-08-24 13:12:40 - [TEST_STEP][PASSED] - free_spin_reel_counter = []: null

2019-08-24 13:12:40 - [TEST_STEP][PASSED] - free_spin_reel_counter[0] = 0: null

2019-08-24 13:12:40 - [TEST_STEP][PASSED] - free_spin_reel_counter[1] = 0: null

2019-08-24 13:12:40 - [TEST_STEP][PASSED] - free_spin_reel_counter[2] = 0: null

2019-08-24 13:12:40 - [TEST_STEP][PASSED] - M4_spin_reels = reels: null

2019-08-24 13:12:40 - [TEST_STEP][PASSED] - for ([i = 0, i &lt; M4_spin_reels.size(), (i++)]): null

2019-08-24 13:12:40 - [TEST_STEP][PASSED] - symbols = symbols: null

2019-08-24 13:12:40 - [TEST_STEP][PASSED] - for ([j = 0, j &lt; symbols.size(), (j++)]): null

2019-08-24 13:12:40 - [TEST_STEP][PASSED] - symbol = symbol: null

2019-08-24 13:12:40 - [TEST_STEP][PASSED] - println(symbol): null

2019-08-24 13:12:40 - [TEST_STEP][PASSED] - if (i == 2 &amp;&amp; wildList.indexOf(symbol) != -1): null

2019-08-24 13:12:40 - [TEST_STEP][PASSED] - if (i == 3 &amp;&amp; wildList.indexOf(symbol) != -1): null

2019-08-24 13:12:40 - [TEST_STEP][PASSED] - if (i == 4 &amp;&amp; wildList.indexOf(symbol) != -1): null

2019-08-24 13:12:40 - [TEST_STEP][PASSED] - symbol = symbol: null

2019-08-24 13:12:40 - [TEST_STEP][PASSED] - println(symbol): null

2019-08-24 13:12:40 - [TEST_STEP][PASSED] - if (i == 2 &amp;&amp; wildList.indexOf(symbol) != -1): null

2019-08-24 13:12:40 - [TEST_STEP][PASSED] - if (i == 3 &amp;&amp; wildList.indexOf(symbol) != -1): null

2019-08-24 13:12:40 - [TEST_STEP][PASSED] - if (i == 4 &amp;&amp; wildList.indexOf(symbol) != -1): null

2019-08-24 13:12:40 - [TEST_STEP][PASSED] - symbol = symbol: null

2019-08-24 13:12:40 - [TEST_STEP][PASSED] - println(symbol): null

2019-08-24 13:12:40 - [TEST_STEP][PASSED] - if (i == 2 &amp;&amp; wildList.indexOf(symbol) != -1): null

2019-08-24 13:12:40 - [TEST_STEP][PASSED] - if (i == 3 &amp;&amp; wildList.indexOf(symbol) != -1): null

2019-08-24 13:12:40 - [TEST_STEP][PASSED] - if (i == 4 &amp;&amp; wildList.indexOf(symbol) != -1): null

2019-08-24 13:12:40 - [TEST_STEP][PASSED] - symbols = symbols: null

2019-08-24 13:12:40 - [TEST_STEP][PASSED] - for ([j = 0, j &lt; symbols.size(), (j++)]): null

2019-08-24 13:12:40 - [TEST_STEP][PASSED] - symbol = symbol: null

2019-08-24 13:12:40 - [TEST_STEP][PASSED] - println(symbol): null

2019-08-24 13:12:40 - [TEST_STEP][PASSED] - if (i == 2 &amp;&amp; wildList.indexOf(symbol) != -1): null

2019-08-24 13:12:40 - [TEST_STEP][PASSED] - if (i == 3 &amp;&amp; wildList.indexOf(symbol) != -1): null

2019-08-24 13:12:40 - [TEST_STEP][PASSED] - if (i == 4 &amp;&amp; wildList.indexOf(symbol) != -1): null

2019-08-24 13:12:40 - [TEST_STEP][PASSED] - symbol = symbol: null

2019-08-24 13:12:40 - [TEST_STEP][PASSED] - println(symbol): null

2019-08-24 13:12:40 - [TEST_STEP][PASSED] - if (i == 2 &amp;&amp; wildList.indexOf(symbol) != -1): null

2019-08-24 13:12:40 - [TEST_STEP][PASSED] - if (i == 3 &amp;&amp; wildList.indexOf(symbol) != -1): null

2019-08-24 13:12:40 - [TEST_STEP][PASSED] - if (i == 4 &amp;&amp; wildList.indexOf(symbol) != -1): null

2019-08-24 13:12:40 - [TEST_STEP][PASSED] - symbol = symbol: null

2019-08-24 13:12:40 - [TEST_STEP][PASSED] - println(symbol): null

2019-08-24 13:12:40 - [TEST_STEP][PASSED] - if (i == 2 &amp;&amp; wildList.indexOf(symbol) != -1): null

2019-08-24 13:12:40 - [TEST_STEP][PASSED] - if (i == 3 &amp;&amp; wildList.indexOf(symbol) != -1): null

2019-08-24 13:12:40 - [TEST_STEP][PASSED] - if (i == 4 &amp;&amp; wildList.indexOf(symbol) != -1): null

2019-08-24 13:12:40 - [TEST_STEP][PASSED] - symbols = symbols: null

2019-08-24 13:12:40 - [TEST_STEP][PASSED] - for ([j = 0, j &lt; symbols.size(), (j++)]): null

2019-08-24 13:12:40 - [TEST_STEP][PASSED] - symbol = symbol: null

2019-08-24 13:12:40 - [TEST_STEP][PASSED] - println(symbol): null

2019-08-24 13:12:40 - [TEST_STEP][PASSED] - if (i == 2 &amp;&amp; wildList.indexOf(symbol) != -1): null

2019-08-24 13:12:40 - [TEST_STEP][PASSED] - if (i == 3 &amp;&amp; wildList.indexOf(symbol) != -1): null

2019-08-24 13:12:40 - [TEST_STEP][PASSED] - if (i == 4 &amp;&amp; wildList.indexOf(symbol) != -1): null

2019-08-24 13:12:40 - [TEST_STEP][PASSED] - symbol = symbol: null

2019-08-24 13:12:40 - [TEST_STEP][PASSED] - println(symbol): null

2019-08-24 13:12:40 - [TEST_STEP][PASSED] - if (i == 2 &amp;&amp; wildList.indexOf(symbol) != -1): null

2019-08-24 13:12:40 - [TEST_STEP][PASSED] - if (i == 3 &amp;&amp; wildList.indexOf(symbol) != -1): null

2019-08-24 13:12:40 - [TEST_STEP][PASSED] - if (i == 4 &amp;&amp; wildList.indexOf(symbol) != -1): null

2019-08-24 13:12:40 - [TEST_STEP][PASSED] - symbol = symbol: null

2019-08-24 13:12:40 - [TEST_STEP][PASSED] - println(symbol): null

2019-08-24 13:12:40 - [TEST_STEP][PASSED] - if (i == 2 &amp;&amp; wildList.indexOf(symbol) != -1): null

2019-08-24 13:12:40 - [TEST_STEP][PASSED] - if (i == 3 &amp;&amp; wildList.indexOf(symbol) != -1): null

2019-08-24 13:12:40 - [TEST_STEP][PASSED] - if (i == 4 &amp;&amp; wildList.indexOf(symbol) != -1): null

2019-08-24 13:12:40 - [TEST_STEP][PASSED] - symbols = symbols: null

2019-08-24 13:12:40 - [TEST_STEP][PASSED] - for ([j = 0, j &lt; symbols.size(), (j++)]): null

2019-08-24 13:12:40 - [TEST_STEP][PASSED] - symbol = symbol: null

2019-08-24 13:12:40 - [TEST_STEP][PASSED] - println(symbol): null

2019-08-24 13:12:40 - [TEST_STEP][PASSED] - if (i == 2 &amp;&amp; wildList.indexOf(symbol) != -1): null

2019-08-24 13:12:40 - [TEST_STEP][PASSED] - if (i == 3 &amp;&amp; wildList.indexOf(symbol) != -1): null

2019-08-24 13:12:40 - [TEST_STEP][PASSED] - if (i == 4 &amp;&amp; wildList.indexOf(symbol) != -1): null

2019-08-24 13:12:40 - [TEST_STEP][PASSED] - symbol = symbol: null

2019-08-24 13:12:40 - [TEST_STEP][PASSED] - println(symbol): null

2019-08-24 13:12:40 - [TEST_STEP][PASSED] - if (i == 2 &amp;&amp; wildList.indexOf(symbol) != -1): null

2019-08-24 13:12:40 - [TEST_STEP][PASSED] - if (i == 3 &amp;&amp; wildList.indexOf(symbol) != -1): null

2019-08-24 13:12:40 - [TEST_STEP][PASSED] - if (i == 4 &amp;&amp; wildList.indexOf(symbol) != -1): null

2019-08-24 13:12:40 - [TEST_STEP][PASSED] - symbol = symbol: null

2019-08-24 13:12:40 - [TEST_STEP][PASSED] - println(symbol): null

2019-08-24 13:12:40 - [TEST_STEP][PASSED] - if (i == 2 &amp;&amp; wildList.indexOf(symbol) != -1): null

2019-08-24 13:12:40 - [TEST_STEP][PASSED] - if (i == 3 &amp;&amp; wildList.indexOf(symbol) != -1): null

2019-08-24 13:12:40 - [TEST_STEP][PASSED] - if (i == 4 &amp;&amp; wildList.indexOf(symbol) != -1): null

2019-08-24 13:12:40 - [TEST_STEP][PASSED] - symbols = symbols: null

2019-08-24 13:12:40 - [TEST_STEP][PASSED] - for ([j = 0, j &lt; symbols.size(), (j++)]): null

2019-08-24 13:12:40 - [TEST_STEP][PASSED] - symbol = symbol: null

2019-08-24 13:12:40 - [TEST_STEP][PASSED] - println(symbol): null

2019-08-24 13:12:40 - [TEST_STEP][PASSED] - if (i == 2 &amp;&amp; wildList.indexOf(symbol) != -1): null

2019-08-24 13:12:40 - [TEST_STEP][PASSED] - if (i == 3 &amp;&amp; wildList.indexOf(symbol) != -1): null

2019-08-24 13:12:40 - [TEST_STEP][PASSED] - if (i == 4 &amp;&amp; wildList.indexOf(symbol) != -1): null

2019-08-24 13:12:40 - [TEST_STEP][PASSED] - symbol = symbol: null

2019-08-24 13:12:40 - [TEST_STEP][PASSED] - println(symbol): null

2019-08-24 13:12:40 - [TEST_STEP][PASSED] - if (i == 2 &amp;&amp; wildList.indexOf(symbol) != -1): null

2019-08-24 13:12:40 - [TEST_STEP][PASSED] - if (i == 3 &amp;&amp; wildList.indexOf(symbol) != -1): null

2019-08-24 13:12:40 - [TEST_STEP][PASSED] - if (i == 4 &amp;&amp; wildList.indexOf(symbol) != -1): null

2019-08-24 13:12:40 - [TEST_STEP][PASSED] - symbol = symbol: null

2019-08-24 13:12:40 - [TEST_STEP][PASSED] - println(symbol): null

2019-08-24 13:12:40 - [TEST_STEP][PASSED] - if (i == 2 &amp;&amp; wildList.indexOf(symbol) != -1): null

2019-08-24 13:12:40 - [TEST_STEP][PASSED] - if (i == 3 &amp;&amp; wildList.indexOf(symbol) != -1): null

2019-08-24 13:12:40 - [TEST_STEP][PASSED] - if (i == 4 &amp;&amp; wildList.indexOf(symbol) != -1): null

2019-08-24 13:12:40 - [TEST_STEP][PASSED] - free_spin_reel_counter = free_spin_reel_counter: null

2019-08-24 13:12:40 - [TEST_STEP][PASSED] - println("reel 3 wild found: " + free_spin_reel_counter[0]): null

2019-08-24 13:12:40 - [TEST_STEP][PASSED] - println("reel 4 wild found: " + free_spin_reel_counter[1]): null

2019-08-24 13:12:40 - [TEST_STEP][PASSED] - println("reel 5 wild found: " + free_spin_reel_counter[2]): null

2019-08-24 13:12:40 - [TEST_STEP][PASSED] - M4_spin_reels = M4_spin_reels: null

2019-08-24 13:12:40 - [TEST_STEP][PASSED] - M4_spin_reels_symbols = symbol: null

2019-08-24 13:12:40 - [TEST_STEP][PASSED] - M4_spin_reels_symbols = M4_spin_reels_symbols: null

2019-08-24 13:12:40 - [TEST_STEP][PASSED] - M4_spin_reel_wins = reel_wins: null

2019-08-24 13:12:40 - [TEST_STEP][PASSED] - M4_spin_reel_wins = M4_spin_reel_wins: null

2019-08-24 13:12:40 - [TEST_STEP][PASSED] - println("GlobalVariable.M4_spin_reel_wins is: " + M4_spin_reel_wins): null

2019-08-24 13:12:40 - [TEST_STEP][PASSED] - M4_spin_total_bonus_win_this_round = total_bonus_win_this_round: null

2019-08-24 13:12:40 - [TEST_STEP][PASSED] - M4_spin_total_bonus_win_this_round = M4_spin_total_bonus_win_this_round: null

2019-08-24 13:12:40 - [TEST_STEP][PASSED] - println("GlobalVariable.M4_spin_total_bonus_win_this_round is: " + M4_spin_total_bonus_win_this_round): null

2019-08-24 13:12:40 - [TEST_STEP][PASSED] - M4_spin_bonus_spin_result = spin_result: null

2019-08-24 13:12:40 - [TEST_STEP][PASSED] - M4_spin_bonus_spin_result = M4_spin_bonus_spin_result: null

2019-08-24 13:12:40 - [MESSAGE][PASSED] - Verify response successfully

2019-08-24 13:12:40 - [MESSAGE][PASSED] - Send request and verify the response successfully

2019-08-24 13:12:40 - [TEST_STEP][PASSED] - if (M4_total_bonus_spins_int != 0 &amp;&amp; M4_spin_reels_symbols[2].contains("WILD_Expanding")): null

2019-08-24 13:12:40 - [TEST_STEP][PASSED] - free_spin_reel_counter = free_spin_reel_counter: null

2019-08-24 13:12:40 - [TEST_STEP][PASSED] - M4_spin_reels_symbols = M4_spin_reels_symbols: null

2019-08-24 13:12:40 - [TEST_STEP][PASSED] - M4_total_bonus_spins = M4_total_bonus_spins: null

2019-08-24 13:12:40 - [TEST_STEP][PASSED] - spin_result = sendRequestAndVerify(findTestObject("INT/RGS(M4)/1_M4_spin", ["M4_login_user_id":M4_login_user_id, "rgs_session_token":rgs_session_token, "partner":Partner])): Send request and verify the response successfully

2019-08-24 13:12:41 - [MESSAGE][INFO] - HAR: /Users/eiralee/Katalon_Script/SuperWild/Reports/20190824_125957/INT/superWild_5/20190824_125957/requests/main/225.har

2019-08-24 13:12:41 - [TEST_CASE][PASSED] - Start Test Case : Verification: Verification accomplished successfully

2019-08-24 13:12:41 - [TEST_STEP][PASSED] - request = getInstance().getCurrentRequest(): null

2019-08-24 13:12:41 - [TEST_STEP][PASSED] - response = getInstance().getCurrentResponse(): null

2019-08-24 13:12:41 - [TEST_STEP][PASSED] - verifyResponseStatusCode(response, 200): Verify response status code successfully

2019-08-24 13:12:41 - [MESSAGE][PASSED] - Verify response status code successfully

2019-08-24 13:12:41 - [TEST_STEP][PASSED] - getStatusCode()).isEqualTo(200): null

2019-08-24 13:12:41 - [TEST_STEP][PASSED] - newline = System.getProperty("line.separator"): null

2019-08-24 13:12:41 - [TEST_STEP][PASSED] - M4_spin = new groovy.json.JsonSlurper(): null

2019-08-24 13:12:41 - [TEST_STEP][PASSED] - result_M4_spin = M4_spin.parseText(response.getResponseBodyContent()): null

2019-08-24 13:12:41 - [TEST_STEP][PASSED] - M4_spin_current_balance = current_balance: null

2019-08-24 13:12:41 - [TEST_STEP][PASSED] - M4_spin_current_balance = M4_spin_current_balance: null

2019-08-24 13:12:41 - [TEST_STEP][PASSED] - M4_spin_transaction_id = causality: null

2019-08-24 13:12:41 - [TEST_STEP][PASSED] - M4_spin_transaction_id = M4_spin_transaction_id: null

2019-08-24 13:12:41 - [TEST_STEP][PASSED] - M4_spin_round_id = round_id: null

2019-08-24 13:12:41 - [TEST_STEP][PASSED] - M4_spin_round_id = M4_spin_round_id: null

2019-08-24 13:12:41 - [TEST_STEP][PASSED] - M4_spin_line_wins = line_wins: null

2019-08-24 13:12:41 - [TEST_STEP][PASSED] - M4_spin_line_wins = M4_spin_line_wins: null

2019-08-24 13:12:41 - [TEST_STEP][PASSED] - M4_total_bonus_spins_int = total_bonus_spins: null

2019-08-24 13:12:41 - [TEST_STEP][PASSED] - println("******M4_total_bonus_spins type is:*******" + newline + getClass().getName()): null

2019-08-24 13:12:41 - [TEST_STEP][PASSED] - M4_total_bonus_spins_int = M4_total_bonus_spins_int: null

2019-08-24 13:12:41 - [TEST_STEP][PASSED] - M4_total_bonus_spins = Integer.toString(M4_total_bonus_spins_int): null

2019-08-24 13:12:41 - [TEST_STEP][PASSED] - M4_total_bonus_spins = M4_total_bonus_spins: null

2019-08-24 13:12:41 - [TEST_STEP][PASSED] - println("M4_total_bonus_spins is:" + M4_total_bonus_spins): null

2019-08-24 13:12:41 - [TEST_STEP][PASSED] - M4_spin_bonus_data = bonus_data: null

2019-08-24 13:12:41 - [TEST_STEP][PASSED] - M4_spin_features_triggered = result_M4_spin: null

2019-08-24 13:12:41 - [TEST_STEP][PASSED] - wild = []: null

2019-08-24 13:12:41 - [TEST_STEP][PASSED] - wild[0] = "WILD_Expanding": null

2019-08-24 13:12:41 - [TEST_STEP][PASSED] - wild[1] = "WILD_Normal": null

2019-08-24 13:12:41 - [TEST_STEP][PASSED] - wild[2] = "WILD_Double": null

2019-08-24 13:12:41 - [TEST_STEP][PASSED] - wild[3] = "WILD_ExtraFG": null

2019-08-24 13:12:41 - [TEST_STEP][PASSED] - wild[4] = "WILD_Triple": null

2019-08-24 13:12:41 - [TEST_STEP][PASSED] - wildList = Arrays.asList(wild): null

2019-08-24 13:12:41 - [TEST_STEP][PASSED] - wildList = wildList: null

2019-08-24 13:12:41 - [TEST_STEP][PASSED] - free_spin_reel_counter = []: null

2019-08-24 13:12:41 - [TEST_STEP][PASSED] - free_spin_reel_counter[0] = 0: null

2019-08-24 13:12:41 - [TEST_STEP][PASSED] - free_spin_reel_counter[1] = 0: null

2019-08-24 13:12:41 - [TEST_STEP][PASSED] - free_spin_reel_counter[2] = 0: null

2019-08-24 13:12:41 - [TEST_STEP][PASSED] - M4_spin_reels = reels: null

2019-08-24 13:12:41 - [TEST_STEP][PASSED] - for ([i = 0, i &lt; M4_spin_reels.size(), (i++)]): null

2019-08-24 13:12:41 - [TEST_STEP][PASSED] - symbols = symbols: null

2019-08-24 13:12:41 - [TEST_STEP][PASSED] - for ([j = 0, j &lt; symbols.size(), (j++)]): null

2019-08-24 13:12:41 - [TEST_STEP][PASSED] - symbol = symbol: null

2019-08-24 13:12:41 - [TEST_STEP][PASSED] - println(symbol): null

2019-08-24 13:12:41 - [TEST_STEP][PASSED] - if (i == 2 &amp;&amp; wildList.indexOf(symbol) != -1): null

2019-08-24 13:12:41 - [TEST_STEP][PASSED] - if (i == 3 &amp;&amp; wildList.indexOf(symbol) != -1): null

2019-08-24 13:12:41 - [TEST_STEP][PASSED] - if (i == 4 &amp;&amp; wildList.indexOf(symbol) != -1): null

2019-08-24 13:12:41 - [TEST_STEP][PASSED] - symbol = symbol: null

2019-08-24 13:12:41 - [TEST_STEP][PASSED] - println(symbol): null

2019-08-24 13:12:41 - [TEST_STEP][PASSED] - if (i == 2 &amp;&amp; wildList.indexOf(symbol) != -1): null

2019-08-24 13:12:41 - [TEST_STEP][PASSED] - if (i == 3 &amp;&amp; wildList.indexOf(symbol) != -1): null

2019-08-24 13:12:41 - [TEST_STEP][PASSED] - if (i == 4 &amp;&amp; wildList.indexOf(symbol) != -1): null

2019-08-24 13:12:41 - [TEST_STEP][PASSED] - symbol = symbol: null

2019-08-24 13:12:41 - [TEST_STEP][PASSED] - println(symbol): null

2019-08-24 13:12:41 - [TEST_STEP][PASSED] - if (i == 2 &amp;&amp; wildList.indexOf(symbol) != -1): null

2019-08-24 13:12:41 - [TEST_STEP][PASSED] - if (i == 3 &amp;&amp; wildList.indexOf(symbol) != -1): null

2019-08-24 13:12:41 - [TEST_STEP][PASSED] - if (i == 4 &amp;&amp; wildList.indexOf(symbol) != -1): null

2019-08-24 13:12:41 - [TEST_STEP][PASSED] - symbols = symbols: null

2019-08-24 13:12:41 - [TEST_STEP][PASSED] - for ([j = 0, j &lt; symbols.size(), (j++)]): null

2019-08-24 13:12:41 - [TEST_STEP][PASSED] - symbol = symbol: null

2019-08-24 13:12:41 - [TEST_STEP][PASSED] - println(symbol): null

2019-08-24 13:12:41 - [TEST_STEP][PASSED] - if (i == 2 &amp;&amp; wildList.indexOf(symbol) != -1): null

2019-08-24 13:12:41 - [TEST_STEP][PASSED] - if (i == 3 &amp;&amp; wildList.indexOf(symbol) != -1): null

2019-08-24 13:12:41 - [TEST_STEP][PASSED] - if (i == 4 &amp;&amp; wildList.indexOf(symbol) != -1): null

2019-08-24 13:12:41 - [TEST_STEP][PASSED] - symbol = symbol: null

2019-08-24 13:12:41 - [TEST_STEP][PASSED] - println(symbol): null

2019-08-24 13:12:41 - [TEST_STEP][PASSED] - if (i == 2 &amp;&amp; wildList.indexOf(symbol) != -1): null

2019-08-24 13:12:41 - [TEST_STEP][PASSED] - if (i == 3 &amp;&amp; wildList.indexOf(symbol) != -1): null

2019-08-24 13:12:41 - [TEST_STEP][PASSED] - if (i == 4 &amp;&amp; wildList.indexOf(symbol) != -1): null

2019-08-24 13:12:41 - [TEST_STEP][PASSED] - symbol = symbol: null

2019-08-24 13:12:41 - [TEST_STEP][PASSED] - println(symbol): null

2019-08-24 13:12:41 - [TEST_STEP][PASSED] - if (i == 2 &amp;&amp; wildList.indexOf(symbol) != -1): null

2019-08-24 13:12:41 - [TEST_STEP][PASSED] - if (i == 3 &amp;&amp; wildList.indexOf(symbol) != -1): null

2019-08-24 13:12:41 - [TEST_STEP][PASSED] - if (i == 4 &amp;&amp; wildList.indexOf(symbol) != -1): null

2019-08-24 13:12:41 - [TEST_STEP][PASSED] - symbols = symbols: null

2019-08-24 13:12:41 - [TEST_STEP][PASSED] - for ([j = 0, j &lt; symbols.size(), (j++)]): null

2019-08-24 13:12:41 - [TEST_STEP][PASSED] - symbol = symbol: null

2019-08-24 13:12:41 - [TEST_STEP][PASSED] - println(symbol): null

2019-08-24 13:12:41 - [TEST_STEP][PASSED] - if (i == 2 &amp;&amp; wildList.indexOf(symbol) != -1): null

2019-08-24 13:12:41 - [TEST_STEP][PASSED] - if (i == 3 &amp;&amp; wildList.indexOf(symbol) != -1): null

2019-08-24 13:12:41 - [TEST_STEP][PASSED] - if (i == 4 &amp;&amp; wildList.indexOf(symbol) != -1): null

2019-08-24 13:12:41 - [TEST_STEP][PASSED] - symbol = symbol: null

2019-08-24 13:12:41 - [TEST_STEP][PASSED] - println(symbol): null

2019-08-24 13:12:41 - [TEST_STEP][PASSED] - if (i == 2 &amp;&amp; wildList.indexOf(symbol) != -1): null

2019-08-24 13:12:41 - [TEST_STEP][PASSED] - if (i == 3 &amp;&amp; wildList.indexOf(symbol) != -1): null

2019-08-24 13:12:41 - [TEST_STEP][PASSED] - if (i == 4 &amp;&amp; wildList.indexOf(symbol) != -1): null

2019-08-24 13:12:41 - [TEST_STEP][PASSED] - symbol = symbol: null

2019-08-24 13:12:41 - [TEST_STEP][PASSED] - println(symbol): null

2019-08-24 13:12:41 - [TEST_STEP][PASSED] - if (i == 2 &amp;&amp; wildList.indexOf(symbol) != -1): null

2019-08-24 13:12:41 - [TEST_STEP][PASSED] - if (i == 3 &amp;&amp; wildList.indexOf(symbol) != -1): null

2019-08-24 13:12:41 - [TEST_STEP][PASSED] - if (i == 4 &amp;&amp; wildList.indexOf(symbol) != -1): null

2019-08-24 13:12:41 - [TEST_STEP][PASSED] - symbols = symbols: null

2019-08-24 13:12:41 - [TEST_STEP][PASSED] - for ([j = 0, j &lt; symbols.size(), (j++)]): null

2019-08-24 13:12:41 - [TEST_STEP][PASSED] - symbol = symbol: null

2019-08-24 13:12:41 - [TEST_STEP][PASSED] - println(symbol): null

2019-08-24 13:12:41 - [TEST_STEP][PASSED] - if (i == 2 &amp;&amp; wildList.indexOf(symbol) != -1): null

2019-08-24 13:12:41 - [TEST_STEP][PASSED] - if (i == 3 &amp;&amp; wildList.indexOf(symbol) != -1): null

2019-08-24 13:12:41 - [TEST_STEP][PASSED] - if (i == 4 &amp;&amp; wildList.indexOf(symbol) != -1): null

2019-08-24 13:12:41 - [TEST_STEP][PASSED] - symbol = symbol: null

2019-08-24 13:12:41 - [TEST_STEP][PASSED] - println(symbol): null

2019-08-24 13:12:41 - [TEST_STEP][PASSED] - if (i == 2 &amp;&amp; wildList.indexOf(symbol) != -1): null

2019-08-24 13:12:41 - [TEST_STEP][PASSED] - if (i == 3 &amp;&amp; wildList.indexOf(symbol) != -1): null

2019-08-24 13:12:41 - [TEST_STEP][PASSED] - if (i == 4 &amp;&amp; wildList.indexOf(symbol) != -1): null

2019-08-24 13:12:41 - [TEST_STEP][PASSED] - symbol = symbol: null

2019-08-24 13:12:41 - [TEST_STEP][PASSED] - println(symbol): null

2019-08-24 13:12:41 - [TEST_STEP][PASSED] - if (i == 2 &amp;&amp; wildList.indexOf(symbol) != -1): null

2019-08-24 13:12:41 - [TEST_STEP][PASSED] - if (i == 3 &amp;&amp; wildList.indexOf(symbol) != -1): null

2019-08-24 13:12:41 - [TEST_STEP][PASSED] - if (i == 4 &amp;&amp; wildList.indexOf(symbol) != -1): null

2019-08-24 13:12:41 - [TEST_STEP][PASSED] - symbols = symbols: null

2019-08-24 13:12:41 - [TEST_STEP][PASSED] - for ([j = 0, j &lt; symbols.size(), (j++)]): null

2019-08-24 13:12:45 - [TEST_STEP][PASSED] - symbol = symbol: null

2019-08-24 13:12:45 - [TEST_STEP][PASSED] - println(symbol): null

2019-08-24 13:12:45 - [TEST_STEP][PASSED] - if (i == 2 &amp;&amp; wildList.indexOf(symbol) != -1): null

2019-08-24 13:12:45 - [TEST_STEP][PASSED] - if (i == 3 &amp;&amp; wildList.indexOf(symbol) != -1): null

2019-08-24 13:12:45 - [TEST_STEP][PASSED] - if (i == 4 &amp;&amp; wildList.indexOf(symbol) != -1): null

2019-08-24 13:12:45 - [TEST_STEP][PASSED] - symbol = symbol: null

2019-08-24 13:12:45 - [TEST_STEP][PASSED] - println(symbol): null

2019-08-24 13:12:45 - [TEST_STEP][PASSED] - if (i == 2 &amp;&amp; wildList.indexOf(symbol) != -1): null

2019-08-24 13:12:45 - [TEST_STEP][PASSED] - if (i == 3 &amp;&amp; wildList.indexOf(symbol) != -1): null

2019-08-24 13:12:45 - [TEST_STEP][PASSED] - if (i == 4 &amp;&amp; wildList.indexOf(symbol) != -1): null

2019-08-24 13:12:45 - [TEST_STEP][PASSED] - println("wild found on reel 5, adding counter by 1"): null

2019-08-24 13:12:47 - [TEST_STEP][PASSED] - free_spin_reel_counter[2] = free_spin_reel_counter[2] + 1: null

2019-08-24 13:12:47 - [TEST_STEP][PASSED] - symbol = symbol: null

2019-08-24 13:12:47 - [TEST_STEP][PASSED] - println(symbol): null

2019-08-24 13:12:47 - [TEST_STEP][PASSED] - if (i == 2 &amp;&amp; wildList.indexOf(symbol) != -1): null

2019-08-24 13:12:47 - [TEST_STEP][PASSED] - if (i == 3 &amp;&amp; wildList.indexOf(symbol) != -1): null

2019-08-24 13:12:47 - [TEST_STEP][PASSED] - if (i == 4 &amp;&amp; wildList.indexOf(symbol) != -1): null

2019-08-24 13:12:47 - [TEST_STEP][PASSED] - free_spin_reel_counter = free_spin_reel_counter: null

2019-08-24 13:12:47 - [TEST_STEP][PASSED] - println("reel 3 wild found: " + free_spin_reel_counter[0]): null

2019-08-24 13:12:47 - [TEST_STEP][PASSED] - println("reel 4 wild found: " + free_spin_reel_counter[1]): null

2019-08-24 13:12:47 - [TEST_STEP][PASSED] - println("reel 5 wild found: " + free_spin_reel_counter[2]): null

2019-08-24 13:12:47 - [TEST_STEP][PASSED] - M4_spin_reels = M4_spin_reels: null

2019-08-24 13:12:47 - [TEST_STEP][PASSED] - M4_spin_reels_symbols = symbol: null

2019-08-24 13:12:47 - [TEST_STEP][PASSED] - M4_spin_reels_symbols = M4_spin_reels_symbols: null

2019-08-24 13:12:47 - [TEST_STEP][PASSED] - M4_spin_reel_wins = reel_wins: null

2019-08-24 13:12:47 - [TEST_STEP][PASSED] - M4_spin_reel_wins = M4_spin_reel_wins: null

2019-08-24 13:12:47 - [TEST_STEP][PASSED] - println("GlobalVariable.M4_spin_reel_wins is: " + M4_spin_reel_wins): null

2019-08-24 13:12:47 - [TEST_STEP][PASSED] - M4_spin_total_bonus_win_this_round = total_bonus_win_this_round: null

2019-08-24 13:12:47 - [TEST_STEP][PASSED] - M4_spin_total_bonus_win_this_round = M4_spin_total_bonus_win_this_round: null

2019-08-24 13:12:47 - [TEST_STEP][PASSED] - println("GlobalVariable.M4_spin_total_bonus_win_this_round is: " + M4_spin_total_bonus_win_this_round): null

2019-08-24 13:12:47 - [TEST_STEP][PASSED] - M4_spin_bonus_spin_result = spin_result: null

2019-08-24 13:12:47 - [TEST_STEP][PASSED] - M4_spin_bonus_spin_result = M4_spin_bonus_spin_result: null

2019-08-24 13:12:47 - [MESSAGE][PASSED] - Verify response successfully

2019-08-24 13:12:47 - [MESSAGE][PASSED] - Send request and verify the response successfully

2019-08-24 13:12:47 - [TEST_STEP][PASSED] - if (M4_total_bonus_spins_int != 0 &amp;&amp; M4_spin_reels_symbols[2].contains("WILD_Expanding")): null

2019-08-24 13:12:47 - [TEST_STEP][PASSED] - free_spin_reel_counter = free_spin_reel_counter: null

2019-08-24 13:12:47 - [TEST_STEP][PASSED] - M4_spin_reels_symbols = M4_spin_reels_symbols: null

2019-08-24 13:12:47 - [TEST_STEP][PASSED] - M4_total_bonus_spins = M4_total_bonus_spins: null

2019-08-24 13:12:47 - [TEST_STEP][PASSED] - spin_result = sendRequestAndVerify(findTestObject("INT/RGS(M4)/1_M4_spin", ["M4_login_user_id":M4_login_user_id, "rgs_session_token":rgs_session_token, "partner":Partner])): Send request and verify the response successfully

2019-08-24 13:12:48 - [MESSAGE][INFO] - HAR: /Users/eiralee/Katalon_Script/SuperWild/Reports/20190824_125957/INT/superWild_5/20190824_125957/requests/main/226.har

2019-08-24 13:12:48 - [TEST_CASE][PASSED] - Start Test Case : Verification: Verification accomplished successfully

2019-08-24 13:12:48 - [TEST_STEP][PASSED] - request = getInstance().getCurrentRequest(): null

2019-08-24 13:12:48 - [TEST_STEP][PASSED] - response = getInstance().getCurrentResponse(): null

2019-08-24 13:12:48 - [TEST_STEP][PASSED] - verifyResponseStatusCode(response, 200): Verify response status code successfully

2019-08-24 13:12:48 - [MESSAGE][PASSED] - Verify response status code successfully

2019-08-24 13:12:48 - [TEST_STEP][PASSED] - getStatusCode()).isEqualTo(200): null

2019-08-24 13:12:48 - [TEST_STEP][PASSED] - newline = System.getProperty("line.separator"): null

2019-08-24 13:12:48 - [TEST_STEP][PASSED] - M4_spin = new groovy.json.JsonSlurper(): null

2019-08-24 13:12:48 - [TEST_STEP][PASSED] - result_M4_spin = M4_spin.parseText(response.getResponseBodyContent()): null

2019-08-24 13:12:48 - [TEST_STEP][PASSED] - M4_spin_current_balance = current_balance: null

2019-08-24 13:12:48 - [TEST_STEP][PASSED] - M4_spin_current_balance = M4_spin_current_balance: null

2019-08-24 13:12:48 - [TEST_STEP][PASSED] - M4_spin_transaction_id = causality: null

2019-08-24 13:12:48 - [TEST_STEP][PASSED] - M4_spin_transaction_id = M4_spin_transaction_id: null

2019-08-24 13:12:48 - [TEST_STEP][PASSED] - M4_spin_round_id = round_id: null

2019-08-24 13:12:48 - [TEST_STEP][PASSED] - M4_spin_round_id = M4_spin_round_id: null

2019-08-24 13:12:48 - [TEST_STEP][PASSED] - M4_spin_line_wins = line_wins: null

2019-08-24 13:12:48 - [TEST_STEP][PASSED] - M4_spin_line_wins = M4_spin_line_wins: null

2019-08-24 13:12:48 - [TEST_STEP][PASSED] - M4_total_bonus_spins_int = total_bonus_spins: null

2019-08-24 13:12:48 - [TEST_STEP][PASSED] - println("******M4_total_bonus_spins type is:*******" + newline + getClass().getName()): null

2019-08-24 13:12:48 - [TEST_STEP][PASSED] - M4_total_bonus_spins_int = M4_total_bonus_spins_int: null

2019-08-24 13:12:48 - [TEST_STEP][PASSED] - M4_total_bonus_spins = Integer.toString(M4_total_bonus_spins_int): null

2019-08-24 13:12:48 - [TEST_STEP][PASSED] - M4_total_bonus_spins = M4_total_bonus_spins: null

2019-08-24 13:12:48 - [TEST_STEP][PASSED] - println("M4_total_bonus_spins is:" + M4_total_bonus_spins): null

2019-08-24 13:12:48 - [TEST_STEP][PASSED] - M4_spin_bonus_data = bonus_data: null

2019-08-24 13:12:48 - [TEST_STEP][PASSED] - M4_spin_features_triggered = result_M4_spin: null

2019-08-24 13:12:48 - [TEST_STEP][PASSED] - wild = []: null

2019-08-24 13:12:48 - [TEST_STEP][PASSED] - wild[0] = "WILD_Expanding": null

2019-08-24 13:12:48 - [TEST_STEP][PASSED] - wild[1] = "WILD_Normal": null

2019-08-24 13:12:48 - [TEST_STEP][PASSED] - wild[2] = "WILD_Double": null

2019-08-24 13:12:48 - [TEST_STEP][PASSED] - wild[3] = "WILD_ExtraFG": null

2019-08-24 13:12:48 - [TEST_STEP][PASSED] - wild[4] = "WILD_Triple": null

2019-08-24 13:12:48 - [TEST_STEP][PASSED] - wildList = Arrays.asList(wild): null

2019-08-24 13:12:48 - [TEST_STEP][PASSED] - wildList = wildList: null

2019-08-24 13:12:48 - [TEST_STEP][PASSED] - free_spin_reel_counter = []: null

2019-08-24 13:12:48 - [TEST_STEP][PASSED] - free_spin_reel_counter[0] = 0: null

2019-08-24 13:12:48 - [TEST_STEP][PASSED] - free_spin_reel_counter[1] = 0: null

2019-08-24 13:12:48 - [TEST_STEP][PASSED] - free_spin_reel_counter[2] = 0: null

2019-08-24 13:12:48 - [TEST_STEP][PASSED] - M4_spin_reels = reels: null

2019-08-24 13:12:48 - [TEST_STEP][PASSED] - for ([i = 0, i &lt; M4_spin_reels.size(), (i++)]): null

2019-08-24 13:12:48 - [TEST_STEP][PASSED] - symbols = symbols: null

2019-08-24 13:12:48 - [TEST_STEP][PASSED] - for ([j = 0, j &lt; symbols.size(), (j++)]): null

2019-08-24 13:12:48 - [TEST_STEP][PASSED] - symbol = symbol: null

2019-08-24 13:12:48 - [TEST_STEP][PASSED] - println(symbol): null

2019-08-24 13:12:48 - [TEST_STEP][PASSED] - if (i == 2 &amp;&amp; wildList.indexOf(symbol) != -1): null

2019-08-24 13:12:48 - [TEST_STEP][PASSED] - if (i == 3 &amp;&amp; wildList.indexOf(symbol) != -1): null

2019-08-24 13:12:48 - [TEST_STEP][PASSED] - if (i == 4 &amp;&amp; wildList.indexOf(symbol) != -1): null

2019-08-24 13:12:48 - [TEST_STEP][PASSED] - symbol = symbol: null

2019-08-24 13:12:48 - [TEST_STEP][PASSED] - println(symbol): null

2019-08-24 13:12:48 - [TEST_STEP][PASSED] - if (i == 2 &amp;&amp; wildList.indexOf(symbol) != -1): null

2019-08-24 13:12:48 - [TEST_STEP][PASSED] - if (i == 3 &amp;&amp; wildList.indexOf(symbol) != -1): null

2019-08-24 13:12:48 - [TEST_STEP][PASSED] - if (i == 4 &amp;&amp; wildList.indexOf(symbol) != -1): null

2019-08-24 13:12:48 - [TEST_STEP][PASSED] - symbol = symbol: null

2019-08-24 13:12:48 - [TEST_STEP][PASSED] - println(symbol): null

2019-08-24 13:12:48 - [TEST_STEP][PASSED] - if (i == 2 &amp;&amp; wildList.indexOf(symbol) != -1): null

2019-08-24 13:12:48 - [TEST_STEP][PASSED] - if (i == 3 &amp;&amp; wildList.indexOf(symbol) != -1): null

2019-08-24 13:12:48 - [TEST_STEP][PASSED] - if (i == 4 &amp;&amp; wildList.indexOf(symbol) != -1): null

2019-08-24 13:12:48 - [TEST_STEP][PASSED] - symbols = symbols: null

2019-08-24 13:12:48 - [TEST_STEP][PASSED] - for ([j = 0, j &lt; symbols.size(), (j++)]): null

2019-08-24 13:12:48 - [TEST_STEP][PASSED] - symbol = symbol: null

2019-08-24 13:12:48 - [TEST_STEP][PASSED] - println(symbol): null

2019-08-24 13:12:48 - [TEST_STEP][PASSED] - if (i == 2 &amp;&amp; wildList.indexOf(symbol) != -1): null

2019-08-24 13:12:48 - [TEST_STEP][PASSED] - if (i == 3 &amp;&amp; wildList.indexOf(symbol) != -1): null

2019-08-24 13:12:48 - [TEST_STEP][PASSED] - if (i == 4 &amp;&amp; wildList.indexOf(symbol) != -1): null

2019-08-24 13:12:48 - [TEST_STEP][PASSED] - symbol = symbol: null

2019-08-24 13:12:48 - [TEST_STEP][PASSED] - println(symbol): null

2019-08-24 13:12:48 - [TEST_STEP][PASSED] - if (i == 2 &amp;&amp; wildList.indexOf(symbol) != -1): null

2019-08-24 13:12:48 - [TEST_STEP][PASSED] - if (i == 3 &amp;&amp; wildList.indexOf(symbol) != -1): null

2019-08-24 13:12:48 - [TEST_STEP][PASSED] - if (i == 4 &amp;&amp; wildList.indexOf(symbol) != -1): null

2019-08-24 13:12:48 - [TEST_STEP][PASSED] - symbol = symbol: null

2019-08-24 13:12:48 - [TEST_STEP][PASSED] - println(symbol): null

2019-08-24 13:12:48 - [TEST_STEP][PASSED] - if (i == 2 &amp;&amp; wildList.indexOf(symbol) != -1): null

2019-08-24 13:12:48 - [TEST_STEP][PASSED] - if (i == 3 &amp;&amp; wildList.indexOf(symbol) != -1): null

2019-08-24 13:12:48 - [TEST_STEP][PASSED] - if (i == 4 &amp;&amp; wildList.indexOf(symbol) != -1): null

2019-08-24 13:12:48 - [TEST_STEP][PASSED] - symbols = symbols: null

2019-08-24 13:12:48 - [TEST_STEP][PASSED] - for ([j = 0, j &lt; symbols.size(), (j++)]): null

2019-08-24 13:12:48 - [TEST_STEP][PASSED] - symbol = symbol: null

2019-08-24 13:12:48 - [TEST_STEP][PASSED] - println(symbol): null

2019-08-24 13:12:48 - [TEST_STEP][PASSED] - if (i == 2 &amp;&amp; wildList.indexOf(symbol) != -1): null

2019-08-24 13:12:48 - [TEST_STEP][PASSED] - if (i == 3 &amp;&amp; wildList.indexOf(symbol) != -1): null

2019-08-24 13:12:48 - [TEST_STEP][PASSED] - if (i == 4 &amp;&amp; wildList.indexOf(symbol) != -1): null

2019-08-24 13:12:48 - [TEST_STEP][PASSED] - symbol = symbol: null

2019-08-24 13:12:48 - [TEST_STEP][PASSED] - println(symbol): null

2019-08-24 13:12:48 - [TEST_STEP][PASSED] - if (i == 2 &amp;&amp; wildList.indexOf(symbol) != -1): null

2019-08-24 13:12:48 - [TEST_STEP][PASSED] - if (i == 3 &amp;&amp; wildList.indexOf(symbol) != -1): null

2019-08-24 13:12:48 - [TEST_STEP][PASSED] - if (i == 4 &amp;&amp; wildList.indexOf(symbol) != -1): null

2019-08-24 13:12:48 - [TEST_STEP][PASSED] - symbol = symbol: null

2019-08-24 13:12:48 - [TEST_STEP][PASSED] - println(symbol): null

2019-08-24 13:12:48 - [TEST_STEP][PASSED] - if (i == 2 &amp;&amp; wildList.indexOf(symbol) != -1): null

2019-08-24 13:12:48 - [TEST_STEP][PASSED] - if (i == 3 &amp;&amp; wildList.indexOf(symbol) != -1): null

2019-08-24 13:12:48 - [TEST_STEP][PASSED] - if (i == 4 &amp;&amp; wildList.indexOf(symbol) != -1): null

2019-08-24 13:12:48 - [TEST_STEP][PASSED] - symbols = symbols: null

2019-08-24 13:12:48 - [TEST_STEP][PASSED] - for ([j = 0, j &lt; symbols.size(), (j++)]): null

2019-08-24 13:12:48 - [TEST_STEP][PASSED] - symbol = symbol: null

2019-08-24 13:12:48 - [TEST_STEP][PASSED] - println(symbol): null

2019-08-24 13:12:48 - [TEST_STEP][PASSED] - if (i == 2 &amp;&amp; wildList.indexOf(symbol) != -1): null

2019-08-24 13:12:48 - [TEST_STEP][PASSED] - if (i == 3 &amp;&amp; wildList.indexOf(symbol) != -1): null

2019-08-24 13:12:48 - [TEST_STEP][PASSED] - if (i == 4 &amp;&amp; wildList.indexOf(symbol) != -1): null

2019-08-24 13:12:48 - [TEST_STEP][PASSED] - symbol = symbol: null

2019-08-24 13:12:48 - [TEST_STEP][PASSED] - println(symbol): null

2019-08-24 13:12:48 - [TEST_STEP][PASSED] - if (i == 2 &amp;&amp; wildList.indexOf(symbol) != -1): null

2019-08-24 13:12:48 - [TEST_STEP][PASSED] - if (i == 3 &amp;&amp; wildList.indexOf(symbol) != -1): null

2019-08-24 13:12:48 - [TEST_STEP][PASSED] - if (i == 4 &amp;&amp; wildList.indexOf(symbol) != -1): null

2019-08-24 13:12:48 - [TEST_STEP][PASSED] - symbol = symbol: null

2019-08-24 13:12:48 - [TEST_STEP][PASSED] - println(symbol): null

2019-08-24 13:12:48 - [TEST_STEP][PASSED] - if (i == 2 &amp;&amp; wildList.indexOf(symbol) != -1): null

2019-08-24 13:12:48 - [TEST_STEP][PASSED] - if (i == 3 &amp;&amp; wildList.indexOf(symbol) != -1): null

2019-08-24 13:12:48 - [TEST_STEP][PASSED] - if (i == 4 &amp;&amp; wildList.indexOf(symbol) != -1): null

2019-08-24 13:12:48 - [TEST_STEP][PASSED] - symbols = symbols: null

2019-08-24 13:12:48 - [TEST_STEP][PASSED] - for ([j = 0, j &lt; symbols.size(), (j++)]): null

2019-08-24 13:12:48 - [TEST_STEP][PASSED] - symbol = symbol: null

2019-08-24 13:12:48 - [TEST_STEP][PASSED] - println(symbol): null

2019-08-24 13:12:48 - [TEST_STEP][PASSED] - if (i == 2 &amp;&amp; wildList.indexOf(symbol) != -1): null

2019-08-24 13:12:48 - [TEST_STEP][PASSED] - if (i == 3 &amp;&amp; wildList.indexOf(symbol) != -1): null

2019-08-24 13:12:48 - [TEST_STEP][PASSED] - if (i == 4 &amp;&amp; wildList.indexOf(symbol) != -1): null

2019-08-24 13:12:48 - [TEST_STEP][PASSED] - symbol = symbol: null

2019-08-24 13:12:48 - [TEST_STEP][PASSED] - println(symbol): null

2019-08-24 13:12:48 - [TEST_STEP][PASSED] - if (i == 2 &amp;&amp; wildList.indexOf(symbol) != -1): null

2019-08-24 13:12:48 - [TEST_STEP][PASSED] - if (i == 3 &amp;&amp; wildList.indexOf(symbol) != -1): null

2019-08-24 13:12:48 - [TEST_STEP][PASSED] - if (i == 4 &amp;&amp; wildList.indexOf(symbol) != -1): null

2019-08-24 13:12:48 - [TEST_STEP][PASSED] - symbol = symbol: null

2019-08-24 13:12:48 - [TEST_STEP][PASSED] - println(symbol): null

2019-08-24 13:12:48 - [TEST_STEP][PASSED] - if (i == 2 &amp;&amp; wildList.indexOf(symbol) != -1): null

2019-08-24 13:12:48 - [TEST_STEP][PASSED] - if (i == 3 &amp;&amp; wildList.indexOf(symbol) != -1): null

2019-08-24 13:12:48 - [TEST_STEP][PASSED] - if (i == 4 &amp;&amp; wildList.indexOf(symbol) != -1): null

2019-08-24 13:12:48 - [TEST_STEP][PASSED] - free_spin_reel_counter = free_spin_reel_counter: null

2019-08-24 13:12:48 - [TEST_STEP][PASSED] - println("reel 3 wild found: " + free_spin_reel_counter[0]): null

2019-08-24 13:12:48 - [TEST_STEP][PASSED] - println("reel 4 wild found: " + free_spin_reel_counter[1]): null

2019-08-24 13:12:48 - [TEST_STEP][PASSED] - println("reel 5 wild found: " + free_spin_reel_counter[2]): null

2019-08-24 13:12:48 - [TEST_STEP][PASSED] - M4_spin_reels = M4_spin_reels: null

2019-08-24 13:12:48 - [TEST_STEP][PASSED] - M4_spin_reels_symbols = symbol: null

2019-08-24 13:12:48 - [TEST_STEP][PASSED] - M4_spin_reels_symbols = M4_spin_reels_symbols: null

2019-08-24 13:12:48 - [TEST_STEP][PASSED] - M4_spin_reel_wins = reel_wins: null

2019-08-24 13:12:48 - [TEST_STEP][PASSED] - M4_spin_reel_wins = M4_spin_reel_wins: null

2019-08-24 13:12:48 - [TEST_STEP][PASSED] - println("GlobalVariable.M4_spin_reel_wins is: " + M4_spin_reel_wins): null

2019-08-24 13:12:48 - [TEST_STEP][PASSED] - M4_spin_total_bonus_win_this_round = total_bonus_win_this_round: null

2019-08-24 13:12:48 - [TEST_STEP][PASSED] - M4_spin_total_bonus_win_this_round = M4_spin_total_bonus_win_this_round: null

2019-08-24 13:12:48 - [TEST_STEP][PASSED] - println("GlobalVariable.M4_spin_total_bonus_win_this_round is: " + M4_spin_total_bonus_win_this_round): null

2019-08-24 13:12:48 - [TEST_STEP][PASSED] - M4_spin_bonus_spin_result = spin_result: null

2019-08-24 13:12:48 - [TEST_STEP][PASSED] - M4_spin_bonus_spin_result = M4_spin_bonus_spin_result: null

2019-08-24 13:12:48 - [MESSAGE][PASSED] - Verify response successfully

2019-08-24 13:12:48 - [MESSAGE][PASSED] - Send request and verify the response successfully

2019-08-24 13:12:48 - [TEST_STEP][PASSED] - if (M4_total_bonus_spins_int != 0 &amp;&amp; M4_spin_reels_symbols[2].contains("WILD_Expanding")): null

2019-08-24 13:12:48 - [TEST_STEP][PASSED] - free_spin_reel_counter = free_spin_reel_counter: null

2019-08-24 13:12:48 - [TEST_STEP][PASSED] - M4_spin_reels_symbols = M4_spin_reels_symbols: null

2019-08-24 13:12:48 - [TEST_STEP][PASSED] - M4_total_bonus_spins = M4_total_bonus_spins: null

2019-08-24 13:12:48 - [TEST_STEP][PASSED] - spin_result = sendRequestAndVerify(findTestObject("INT/RGS(M4)/1_M4_spin", ["M4_login_user_id":M4_login_user_id, "rgs_session_token":rgs_session_token, "partner":Partner])): Send request and verify the response successfully

2019-08-24 13:12:48 - [MESSAGE][INFO] - HAR: /Users/eiralee/Katalon_Script/SuperWild/Reports/20190824_125957/INT/superWild_5/20190824_125957/requests/main/227.har

2019-08-24 13:12:48 - [TEST_CASE][PASSED] - Start Test Case : Verification: Verification accomplished successfully

2019-08-24 13:12:48 - [TEST_STEP][PASSED] - request = getInstance().getCurrentRequest(): null

2019-08-24 13:12:49 - [TEST_STEP][PASSED] - response = getInstance().getCurrentResponse(): null

2019-08-24 13:12:49 - [TEST_STEP][PASSED] - verifyResponseStatusCode(response, 200): Verify response status code successfully

2019-08-24 13:12:49 - [MESSAGE][PASSED] - Verify response status code successfully

2019-08-24 13:12:49 - [TEST_STEP][PASSED] - getStatusCode()).isEqualTo(200): null

2019-08-24 13:12:49 - [TEST_STEP][PASSED] - newline = System.getProperty("line.separator"): null

2019-08-24 13:12:49 - [TEST_STEP][PASSED] - M4_spin = new groovy.json.JsonSlurper(): null

2019-08-24 13:12:49 - [TEST_STEP][PASSED] - result_M4_spin = M4_spin.parseText(response.getResponseBodyContent()): null

2019-08-24 13:12:49 - [TEST_STEP][PASSED] - M4_spin_current_balance = current_balance: null

2019-08-24 13:12:49 - [TEST_STEP][PASSED] - M4_spin_current_balance = M4_spin_current_balance: null

2019-08-24 13:12:49 - [TEST_STEP][PASSED] - M4_spin_transaction_id = causality: null

2019-08-24 13:12:49 - [TEST_STEP][PASSED] - M4_spin_transaction_id = M4_spin_transaction_id: null

2019-08-24 13:12:49 - [TEST_STEP][PASSED] - M4_spin_round_id = round_id: null

2019-08-24 13:12:49 - [TEST_STEP][PASSED] - M4_spin_round_id = M4_spin_round_id: null

2019-08-24 13:12:49 - [TEST_STEP][PASSED] - M4_spin_line_wins = line_wins: null

2019-08-24 13:12:49 - [TEST_STEP][PASSED] - M4_spin_line_wins = M4_spin_line_wins: null

2019-08-24 13:12:49 - [TEST_STEP][PASSED] - M4_total_bonus_spins_int = total_bonus_spins: null

2019-08-24 13:12:49 - [TEST_STEP][PASSED] - println("******M4_total_bonus_spins type is:*******" + newline + getClass().getName()): null

2019-08-24 13:12:49 - [TEST_STEP][PASSED] - M4_total_bonus_spins_int = M4_total_bonus_spins_int: null

2019-08-24 13:12:49 - [TEST_STEP][PASSED] - M4_total_bonus_spins = Integer.toString(M4_total_bonus_spins_int): null

2019-08-24 13:12:49 - [TEST_STEP][PASSED] - M4_total_bonus_spins = M4_total_bonus_spins: null

2019-08-24 13:12:49 - [TEST_STEP][PASSED] - println("M4_total_bonus_spins is:" + M4_total_bonus_spins): null

2019-08-24 13:12:49 - [TEST_STEP][PASSED] - M4_spin_bonus_data = bonus_data: null

2019-08-24 13:12:49 - [TEST_STEP][PASSED] - M4_spin_features_triggered = result_M4_spin: null

2019-08-24 13:12:49 - [TEST_STEP][PASSED] - wild = []: null

2019-08-24 13:12:49 - [TEST_STEP][PASSED] - wild[0] = "WILD_Expanding": null

2019-08-24 13:12:49 - [TEST_STEP][PASSED] - wild[1] = "WILD_Normal": null

2019-08-24 13:12:49 - [TEST_STEP][PASSED] - wild[2] = "WILD_Double": null

2019-08-24 13:12:49 - [TEST_STEP][PASSED] - wild[3] = "WILD_ExtraFG": null

2019-08-24 13:12:49 - [TEST_STEP][PASSED] - wild[4] = "WILD_Triple": null

2019-08-24 13:12:49 - [TEST_STEP][PASSED] - wildList = Arrays.asList(wild): null

2019-08-24 13:12:49 - [TEST_STEP][PASSED] - wildList = wildList: null

2019-08-24 13:12:49 - [TEST_STEP][PASSED] - free_spin_reel_counter = []: null

2019-08-24 13:12:49 - [TEST_STEP][PASSED] - free_spin_reel_counter[0] = 0: null

2019-08-24 13:12:49 - [TEST_STEP][PASSED] - free_spin_reel_counter[1] = 0: null

2019-08-24 13:12:49 - [TEST_STEP][PASSED] - free_spin_reel_counter[2] = 0: null

2019-08-24 13:12:49 - [TEST_STEP][PASSED] - M4_spin_reels = reels: null

2019-08-24 13:12:49 - [TEST_STEP][PASSED] - for ([i = 0, i &lt; M4_spin_reels.size(), (i++)]): null

2019-08-24 13:12:49 - [TEST_STEP][PASSED] - symbols = symbols: null

2019-08-24 13:12:49 - [TEST_STEP][PASSED] - for ([j = 0, j &lt; symbols.size(), (j++)]): null

2019-08-24 13:12:49 - [TEST_STEP][PASSED] - symbol = symbol: null

2019-08-24 13:12:49 - [TEST_STEP][PASSED] - println(symbol): null

2019-08-24 13:12:49 - [TEST_STEP][PASSED] - if (i == 2 &amp;&amp; wildList.indexOf(symbol) != -1): null

2019-08-24 13:12:49 - [TEST_STEP][PASSED] - if (i == 3 &amp;&amp; wildList.indexOf(symbol) != -1): null

2019-08-24 13:12:49 - [TEST_STEP][PASSED] - if (i == 4 &amp;&amp; wildList.indexOf(symbol) != -1): null

2019-08-24 13:12:49 - [TEST_STEP][PASSED] - symbol = symbol: null

2019-08-24 13:12:49 - [TEST_STEP][PASSED] - println(symbol): null

2019-08-24 13:12:49 - [TEST_STEP][PASSED] - if (i == 2 &amp;&amp; wildList.indexOf(symbol) != -1): null

2019-08-24 13:12:49 - [TEST_STEP][PASSED] - if (i == 3 &amp;&amp; wildList.indexOf(symbol) != -1): null

2019-08-24 13:12:49 - [TEST_STEP][PASSED] - if (i == 4 &amp;&amp; wildList.indexOf(symbol) != -1): null

2019-08-24 13:12:49 - [TEST_STEP][PASSED] - symbol = symbol: null

2019-08-24 13:12:49 - [TEST_STEP][PASSED] - println(symbol): null

2019-08-24 13:12:49 - [TEST_STEP][PASSED] - if (i == 2 &amp;&amp; wildList.indexOf(symbol) != -1): null

2019-08-24 13:12:49 - [TEST_STEP][PASSED] - if (i == 3 &amp;&amp; wildList.indexOf(symbol) != -1): null

2019-08-24 13:12:49 - [TEST_STEP][PASSED] - if (i == 4 &amp;&amp; wildList.indexOf(symbol) != -1): null

2019-08-24 13:12:49 - [TEST_STEP][PASSED] - symbols = symbols: null

2019-08-24 13:12:49 - [TEST_STEP][PASSED] - for ([j = 0, j &lt; symbols.size(), (j++)]): null

2019-08-24 13:12:49 - [TEST_STEP][PASSED] - symbol = symbol: null

2019-08-24 13:12:49 - [TEST_STEP][PASSED] - println(symbol): null

2019-08-24 13:12:49 - [TEST_STEP][PASSED] - if (i == 2 &amp;&amp; wildList.indexOf(symbol) != -1): null

2019-08-24 13:12:49 - [TEST_STEP][PASSED] - if (i == 3 &amp;&amp; wildList.indexOf(symbol) != -1): null

2019-08-24 13:12:49 - [TEST_STEP][PASSED] - if (i == 4 &amp;&amp; wildList.indexOf(symbol) != -1): null

2019-08-24 13:12:49 - [TEST_STEP][PASSED] - symbol = symbol: null

2019-08-24 13:12:49 - [TEST_STEP][PASSED] - println(symbol): null

2019-08-24 13:12:49 - [TEST_STEP][PASSED] - if (i == 2 &amp;&amp; wildList.indexOf(symbol) != -1): null

2019-08-24 13:12:49 - [TEST_STEP][PASSED] - if (i == 3 &amp;&amp; wildList.indexOf(symbol) != -1): null

2019-08-24 13:12:49 - [TEST_STEP][PASSED] - if (i == 4 &amp;&amp; wildList.indexOf(symbol) != -1): null

2019-08-24 13:12:49 - [TEST_STEP][PASSED] - symbol = symbol: null

2019-08-24 13:12:49 - [TEST_STEP][PASSED] - println(symbol): null

2019-08-24 13:12:49 - [TEST_STEP][PASSED] - if (i == 2 &amp;&amp; wildList.indexOf(symbol) != -1): null

2019-08-24 13:12:49 - [TEST_STEP][PASSED] - if (i == 3 &amp;&amp; wildList.indexOf(symbol) != -1): null

2019-08-24 13:12:49 - [TEST_STEP][PASSED] - if (i == 4 &amp;&amp; wildList.indexOf(symbol) != -1): null

2019-08-24 13:12:49 - [TEST_STEP][PASSED] - symbols = symbols: null

2019-08-24 13:12:49 - [TEST_STEP][PASSED] - for ([j = 0, j &lt; symbols.size(), (j++)]): null

2019-08-24 13:12:49 - [TEST_STEP][PASSED] - symbol = symbol: null

2019-08-24 13:12:49 - [TEST_STEP][PASSED] - println(symbol): null

2019-08-24 13:12:49 - [TEST_STEP][PASSED] - if (i == 2 &amp;&amp; wildList.indexOf(symbol) != -1): null

2019-08-24 13:12:49 - [TEST_STEP][PASSED] - if (i == 3 &amp;&amp; wildList.indexOf(symbol) != -1): null

2019-08-24 13:12:49 - [TEST_STEP][PASSED] - if (i == 4 &amp;&amp; wildList.indexOf(symbol) != -1): null

2019-08-24 13:12:49 - [TEST_STEP][PASSED] - symbol = symbol: null

2019-08-24 13:12:49 - [TEST_STEP][PASSED] - println(symbol): null

2019-08-24 13:12:49 - [TEST_STEP][PASSED] - if (i == 2 &amp;&amp; wildList.indexOf(symbol) != -1): null

2019-08-24 13:12:49 - [TEST_STEP][PASSED] - if (i == 3 &amp;&amp; wildList.indexOf(symbol) != -1): null

2019-08-24 13:12:49 - [TEST_STEP][PASSED] - if (i == 4 &amp;&amp; wildList.indexOf(symbol) != -1): null

2019-08-24 13:12:49 - [TEST_STEP][PASSED] - symbol = symbol: null

2019-08-24 13:12:49 - [TEST_STEP][PASSED] - println(symbol): null

2019-08-24 13:12:49 - [TEST_STEP][PASSED] - if (i == 2 &amp;&amp; wildList.indexOf(symbol) != -1): null

2019-08-24 13:12:49 - [TEST_STEP][PASSED] - if (i == 3 &amp;&amp; wildList.indexOf(symbol) != -1): null

2019-08-24 13:12:49 - [TEST_STEP][PASSED] - if (i == 4 &amp;&amp; wildList.indexOf(symbol) != -1): null

2019-08-24 13:12:49 - [TEST_STEP][PASSED] - symbols = symbols: null

2019-08-24 13:12:49 - [TEST_STEP][PASSED] - for ([j = 0, j &lt; symbols.size(), (j++)]): null

2019-08-24 13:12:49 - [TEST_STEP][PASSED] - symbol = symbol: null

2019-08-24 13:12:49 - [TEST_STEP][PASSED] - println(symbol): null

2019-08-24 13:12:49 - [TEST_STEP][PASSED] - if (i == 2 &amp;&amp; wildList.indexOf(symbol) != -1): null

2019-08-24 13:12:49 - [TEST_STEP][PASSED] - if (i == 3 &amp;&amp; wildList.indexOf(symbol) != -1): null

2019-08-24 13:12:49 - [TEST_STEP][PASSED] - println("wild found on reel 4, adding counter by 1"): null

2019-08-24 13:12:49 - [TEST_STEP][PASSED] - free_spin_reel_counter[1] = free_spin_reel_counter[1] + 1: null

2019-08-24 13:12:49 - [TEST_STEP][PASSED] - if (i == 4 &amp;&amp; wildList.indexOf(symbol) != -1): null

2019-08-24 13:12:49 - [TEST_STEP][PASSED] - symbol = symbol: null

2019-08-24 13:12:49 - [TEST_STEP][PASSED] - println(symbol): null

2019-08-24 13:12:49 - [TEST_STEP][PASSED] - if (i == 2 &amp;&amp; wildList.indexOf(symbol) != -1): null

2019-08-24 13:12:49 - [TEST_STEP][PASSED] - if (i == 3 &amp;&amp; wildList.indexOf(symbol) != -1): null

2019-08-24 13:12:49 - [TEST_STEP][PASSED] - if (i == 4 &amp;&amp; wildList.indexOf(symbol) != -1): null

2019-08-24 13:12:49 - [TEST_STEP][PASSED] - symbol = symbol: null

2019-08-24 13:12:49 - [TEST_STEP][PASSED] - println(symbol): null

2019-08-24 13:12:49 - [TEST_STEP][PASSED] - if (i == 2 &amp;&amp; wildList.indexOf(symbol) != -1): null

2019-08-24 13:12:49 - [TEST_STEP][PASSED] - if (i == 3 &amp;&amp; wildList.indexOf(symbol) != -1): null

2019-08-24 13:12:49 - [TEST_STEP][PASSED] - if (i == 4 &amp;&amp; wildList.indexOf(symbol) != -1): null

2019-08-24 13:12:49 - [TEST_STEP][PASSED] - symbols = symbols: null

2019-08-24 13:12:49 - [TEST_STEP][PASSED] - for ([j = 0, j &lt; symbols.size(), (j++)]): null

2019-08-24 13:12:49 - [TEST_STEP][PASSED] - symbol = symbol: null

2019-08-24 13:12:49 - [TEST_STEP][PASSED] - println(symbol): null

2019-08-24 13:12:49 - [TEST_STEP][PASSED] - if (i == 2 &amp;&amp; wildList.indexOf(symbol) != -1): null

2019-08-24 13:12:49 - [TEST_STEP][PASSED] - if (i == 3 &amp;&amp; wildList.indexOf(symbol) != -1): null

2019-08-24 13:12:49 - [TEST_STEP][PASSED] - if (i == 4 &amp;&amp; wildList.indexOf(symbol) != -1): null

2019-08-24 13:12:49 - [TEST_STEP][PASSED] - symbol = symbol: null

2019-08-24 13:12:49 - [TEST_STEP][PASSED] - println(symbol): null

2019-08-24 13:12:49 - [TEST_STEP][PASSED] - if (i == 2 &amp;&amp; wildList.indexOf(symbol) != -1): null

2019-08-24 13:12:49 - [TEST_STEP][PASSED] - if (i == 3 &amp;&amp; wildList.indexOf(symbol) != -1): null

2019-08-24 13:12:49 - [TEST_STEP][PASSED] - if (i == 4 &amp;&amp; wildList.indexOf(symbol) != -1): null

2019-08-24 13:12:49 - [TEST_STEP][PASSED] - symbol = symbol: null

2019-08-24 13:12:49 - [TEST_STEP][PASSED] - println(symbol): null

2019-08-24 13:12:49 - [TEST_STEP][PASSED] - if (i == 2 &amp;&amp; wildList.indexOf(symbol) != -1): null

2019-08-24 13:12:49 - [TEST_STEP][PASSED] - if (i == 3 &amp;&amp; wildList.indexOf(symbol) != -1): null

2019-08-24 13:12:49 - [TEST_STEP][PASSED] - if (i == 4 &amp;&amp; wildList.indexOf(symbol) != -1): null

2019-08-24 13:12:49 - [TEST_STEP][PASSED] - free_spin_reel_counter = free_spin_reel_counter: null

2019-08-24 13:12:49 - [TEST_STEP][PASSED] - println("reel 3 wild found: " + free_spin_reel_counter[0]): null

2019-08-24 13:12:49 - [TEST_STEP][PASSED] - println("reel 4 wild found: " + free_spin_reel_counter[1]): null

2019-08-24 13:12:49 - [TEST_STEP][PASSED] - println("reel 5 wild found: " + free_spin_reel_counter[2]): null

2019-08-24 13:12:49 - [TEST_STEP][PASSED] - M4_spin_reels = M4_spin_reels: null

2019-08-24 13:12:49 - [TEST_STEP][PASSED] - M4_spin_reels_symbols = symbol: null

2019-08-24 13:12:49 - [TEST_STEP][PASSED] - M4_spin_reels_symbols = M4_spin_reels_symbols: null

2019-08-24 13:12:49 - [TEST_STEP][PASSED] - M4_spin_reel_wins = reel_wins: null

2019-08-24 13:12:49 - [TEST_STEP][PASSED] - M4_spin_reel_wins = M4_spin_reel_wins: null

2019-08-24 13:12:49 - [TEST_STEP][PASSED] - println("GlobalVariable.M4_spin_reel_wins is: " + M4_spin_reel_wins): null

2019-08-24 13:12:49 - [TEST_STEP][PASSED] - M4_spin_total_bonus_win_this_round = total_bonus_win_this_round: null

2019-08-24 13:12:49 - [TEST_STEP][PASSED] - M4_spin_total_bonus_win_this_round = M4_spin_total_bonus_win_this_round: null

2019-08-24 13:12:49 - [TEST_STEP][PASSED] - println("GlobalVariable.M4_spin_total_bonus_win_this_round is: " + M4_spin_total_bonus_win_this_round): null

2019-08-24 13:12:49 - [TEST_STEP][PASSED] - M4_spin_bonus_spin_result = spin_result: null

2019-08-24 13:12:49 - [TEST_STEP][PASSED] - M4_spin_bonus_spin_result = M4_spin_bonus_spin_result: null

2019-08-24 13:12:49 - [MESSAGE][PASSED] - Verify response successfully

2019-08-24 13:12:49 - [MESSAGE][PASSED] - Send request and verify the response successfully

2019-08-24 13:12:49 - [TEST_STEP][PASSED] - if (M4_total_bonus_spins_int != 0 &amp;&amp; M4_spin_reels_symbols[2].contains("WILD_Expanding")): null

2019-08-24 13:12:49 - [TEST_STEP][PASSED] - free_spin_reel_counter = free_spin_reel_counter: null

2019-08-24 13:12:53 - [TEST_STEP][PASSED] - M4_spin_reels_symbols = M4_spin_reels_symbols: null

2019-08-24 13:12:53 - [TEST_STEP][PASSED] - M4_total_bonus_spins = M4_total_bonus_spins: null

2019-08-24 13:12:53 - [TEST_STEP][PASSED] - spin_result = sendRequestAndVerify(findTestObject("INT/RGS(M4)/1_M4_spin", ["M4_login_user_id":M4_login_user_id, "rgs_session_token":rgs_session_token, "partner":Partner])): Send request and verify the response successfully

2019-08-24 13:12:53 - [MESSAGE][INFO] - HAR: /Users/eiralee/Katalon_Script/SuperWild/Reports/20190824_125957/INT/superWild_5/20190824_125957/requests/main/228.har

2019-08-24 13:12:53 - [TEST_CASE][PASSED] - Start Test Case : Verification: Verification accomplished successfully

2019-08-24 13:12:53 - [TEST_STEP][PASSED] - request = getInstance().getCurrentRequest(): null

2019-08-24 13:12:53 - [TEST_STEP][PASSED] - response = getInstance().getCurrentResponse(): null

2019-08-24 13:12:53 - [TEST_STEP][PASSED] - verifyResponseStatusCode(response, 200): Verify response status code successfully

2019-08-24 13:12:53 - [MESSAGE][PASSED] - Verify response status code successfully

2019-08-24 13:12:53 - [TEST_STEP][PASSED] - getStatusCode()).isEqualTo(200): null

2019-08-24 13:12:53 - [TEST_STEP][PASSED] - newline = System.getProperty("line.separator"): null

2019-08-24 13:12:53 - [TEST_STEP][PASSED] - M4_spin = new groovy.json.JsonSlurper(): null

2019-08-24 13:12:58 - [TEST_STEP][PASSED] - result_M4_spin = M4_spin.parseText(response.getResponseBodyContent()): null

2019-08-24 13:12:58 - [TEST_STEP][PASSED] - M4_spin_current_balance = current_balance: null

2019-08-24 13:12:58 - [TEST_STEP][PASSED] - M4_spin_current_balance = M4_spin_current_balance: null

2019-08-24 13:12:58 - [TEST_STEP][PASSED] - M4_spin_transaction_id = causality: null

2019-08-24 13:12:58 - [TEST_STEP][PASSED] - M4_spin_transaction_id = M4_spin_transaction_id: null

2019-08-24 13:13:03 - [TEST_STEP][PASSED] - M4_spin_round_id = round_id: null

2019-08-24 13:13:03 - [TEST_STEP][PASSED] - M4_spin_round_id = M4_spin_round_id: null

2019-08-24 13:13:03 - [TEST_STEP][PASSED] - M4_spin_line_wins = line_wins: null

2019-08-24 13:13:03 - [TEST_STEP][PASSED] - M4_spin_line_wins = M4_spin_line_wins: null

2019-08-24 13:13:03 - [TEST_STEP][PASSED] - M4_total_bonus_spins_int = total_bonus_spins: null

2019-08-24 13:13:03 - [TEST_STEP][PASSED] - println("******M4_total_bonus_spins type is:*******" + newline + getClass().getName()): null

2019-08-24 13:13:03 - [TEST_STEP][PASSED] - M4_total_bonus_spins_int = M4_total_bonus_spins_int: null

2019-08-24 13:13:03 - [TEST_STEP][PASSED] - M4_total_bonus_spins = Integer.toString(M4_total_bonus_spins_int): null

2019-08-24 13:13:03 - [TEST_STEP][PASSED] - M4_total_bonus_spins = M4_total_bonus_spins: null

2019-08-24 13:13:03 - [TEST_STEP][PASSED] - println("M4_total_bonus_spins is:" + M4_total_bonus_spins): null

2019-08-24 13:13:03 - [TEST_STEP][PASSED] - M4_spin_bonus_data = bonus_data: null

2019-08-24 13:13:03 - [TEST_STEP][PASSED] - M4_spin_features_triggered = result_M4_spin: null

2019-08-24 13:13:03 - [TEST_STEP][PASSED] - wild = []: null

2019-08-24 13:13:03 - [TEST_STEP][PASSED] - wild[0] = "WILD_Expanding": null

2019-08-24 13:13:03 - [TEST_STEP][PASSED] - wild[1] = "WILD_Normal": null

2019-08-24 13:13:03 - [TEST_STEP][PASSED] - wild[2] = "WILD_Double": null

2019-08-24 13:13:03 - [TEST_STEP][PASSED] - wild[3] = "WILD_ExtraFG": null

2019-08-24 13:13:03 - [TEST_STEP][PASSED] - wild[4] = "WILD_Triple": null

2019-08-24 13:13:03 - [TEST_STEP][PASSED] - wildList = Arrays.asList(wild): null

2019-08-24 13:13:03 - [TEST_STEP][PASSED] - wildList = wildList: null

2019-08-24 13:13:03 - [TEST_STEP][PASSED] - free_spin_reel_counter = []: null

2019-08-24 13:13:03 - [TEST_STEP][PASSED] - free_spin_reel_counter[0] = 0: null

2019-08-24 13:13:03 - [TEST_STEP][PASSED] - free_spin_reel_counter[1] = 0: null

2019-08-24 13:13:03 - [TEST_STEP][PASSED] - free_spin_reel_counter[2] = 0: null

2019-08-24 13:13:03 - [TEST_STEP][PASSED] - M4_spin_reels = reels: null

2019-08-24 13:13:03 - [TEST_STEP][PASSED] - for ([i = 0, i &lt; M4_spin_reels.size(), (i++)]): null

2019-08-24 13:13:03 - [TEST_STEP][PASSED] - symbols = symbols: null

2019-08-24 13:13:03 - [TEST_STEP][PASSED] - for ([j = 0, j &lt; symbols.size(), (j++)]): null

2019-08-24 13:13:03 - [TEST_STEP][PASSED] - symbol = symbol: null

2019-08-24 13:13:03 - [TEST_STEP][PASSED] - println(symbol): null

2019-08-24 13:13:03 - [TEST_STEP][PASSED] - if (i == 2 &amp;&amp; wildList.indexOf(symbol) != -1): null

2019-08-24 13:13:03 - [TEST_STEP][PASSED] - if (i == 3 &amp;&amp; wildList.indexOf(symbol) != -1): null

2019-08-24 13:13:03 - [TEST_STEP][PASSED] - if (i == 4 &amp;&amp; wildList.indexOf(symbol) != -1): null

2019-08-24 13:13:03 - [TEST_STEP][PASSED] - symbol = symbol: null

2019-08-24 13:13:03 - [TEST_STEP][PASSED] - println(symbol): null

2019-08-24 13:13:03 - [TEST_STEP][PASSED] - if (i == 2 &amp;&amp; wildList.indexOf(symbol) != -1): null

2019-08-24 13:13:03 - [TEST_STEP][PASSED] - if (i == 3 &amp;&amp; wildList.indexOf(symbol) != -1): null

2019-08-24 13:13:03 - [TEST_STEP][PASSED] - if (i == 4 &amp;&amp; wildList.indexOf(symbol) != -1): null

2019-08-24 13:13:03 - [TEST_STEP][PASSED] - symbol = symbol: null

2019-08-24 13:13:03 - [TEST_STEP][PASSED] - println(symbol): null

2019-08-24 13:13:03 - [TEST_STEP][PASSED] - if (i == 2 &amp;&amp; wildList.indexOf(symbol) != -1): null

2019-08-24 13:13:03 - [TEST_STEP][PASSED] - if (i == 3 &amp;&amp; wildList.indexOf(symbol) != -1): null

2019-08-24 13:13:03 - [TEST_STEP][PASSED] - if (i == 4 &amp;&amp; wildList.indexOf(symbol) != -1): null

2019-08-24 13:13:03 - [TEST_STEP][PASSED] - symbols = symbols: null

2019-08-24 13:13:03 - [TEST_STEP][PASSED] - for ([j = 0, j &lt; symbols.size(), (j++)]): null

2019-08-24 13:13:03 - [TEST_STEP][PASSED] - symbol = symbol: null

2019-08-24 13:13:03 - [TEST_STEP][PASSED] - println(symbol): null

2019-08-24 13:13:03 - [TEST_STEP][PASSED] - if (i == 2 &amp;&amp; wildList.indexOf(symbol) != -1): null

2019-08-24 13:13:03 - [TEST_STEP][PASSED] - if (i == 3 &amp;&amp; wildList.indexOf(symbol) != -1): null

2019-08-24 13:13:03 - [TEST_STEP][PASSED] - if (i == 4 &amp;&amp; wildList.indexOf(symbol) != -1): null

2019-08-24 13:13:03 - [TEST_STEP][PASSED] - symbol = symbol: null

2019-08-24 13:13:03 - [TEST_STEP][PASSED] - println(symbol): null

2019-08-24 13:13:03 - [TEST_STEP][PASSED] - if (i == 2 &amp;&amp; wildList.indexOf(symbol) != -1): null

2019-08-24 13:13:03 - [TEST_STEP][PASSED] - if (i == 3 &amp;&amp; wildList.indexOf(symbol) != -1): null

2019-08-24 13:13:03 - [TEST_STEP][PASSED] - if (i == 4 &amp;&amp; wildList.indexOf(symbol) != -1): null

2019-08-24 13:13:03 - [TEST_STEP][PASSED] - symbol = symbol: null

2019-08-24 13:13:03 - [TEST_STEP][PASSED] - println(symbol): null

2019-08-24 13:13:03 - [TEST_STEP][PASSED] - if (i == 2 &amp;&amp; wildList.indexOf(symbol) != -1): null

2019-08-24 13:13:03 - [TEST_STEP][PASSED] - if (i == 3 &amp;&amp; wildList.indexOf(symbol) != -1): null

2019-08-24 13:13:03 - [TEST_STEP][PASSED] - if (i == 4 &amp;&amp; wildList.indexOf(symbol) != -1): null

2019-08-24 13:13:03 - [TEST_STEP][PASSED] - symbols = symbols: null

2019-08-24 13:13:03 - [TEST_STEP][PASSED] - for ([j = 0, j &lt; symbols.size(), (j++)]): null

2019-08-24 13:13:03 - [TEST_STEP][PASSED] - symbol = symbol: null

2019-08-24 13:13:03 - [TEST_STEP][PASSED] - println(symbol): null

2019-08-24 13:13:03 - [TEST_STEP][PASSED] - if (i == 2 &amp;&amp; wildList.indexOf(symbol) != -1): null

2019-08-24 13:13:03 - [TEST_STEP][PASSED] - println("wild found on reel 3, adding counter by 1"): null

2019-08-24 13:13:03 - [TEST_STEP][PASSED] - free_spin_reel_counter[0] = free_spin_reel_counter[0] + 1: null

2019-08-24 13:13:03 - [TEST_STEP][PASSED] - if (i == 3 &amp;&amp; wildList.indexOf(symbol) != -1): null

2019-08-24 13:13:03 - [TEST_STEP][PASSED] - if (i == 4 &amp;&amp; wildList.indexOf(symbol) != -1): null

2019-08-24 13:13:03 - [TEST_STEP][PASSED] - symbol = symbol: null

2019-08-24 13:13:03 - [TEST_STEP][PASSED] - println(symbol): null

2019-08-24 13:13:03 - [TEST_STEP][PASSED] - if (i == 2 &amp;&amp; wildList.indexOf(symbol) != -1): null

2019-08-24 13:13:03 - [TEST_STEP][PASSED] - if (i == 3 &amp;&amp; wildList.indexOf(symbol) != -1): null

2019-08-24 13:13:03 - [TEST_STEP][PASSED] - if (i == 4 &amp;&amp; wildList.indexOf(symbol) != -1): null

2019-08-24 13:13:03 - [TEST_STEP][PASSED] - symbol = symbol: null

2019-08-24 13:13:03 - [TEST_STEP][PASSED] - println(symbol): null

2019-08-24 13:13:03 - [TEST_STEP][PASSED] - if (i == 2 &amp;&amp; wildList.indexOf(symbol) != -1): null

2019-08-24 13:13:03 - [TEST_STEP][PASSED] - if (i == 3 &amp;&amp; wildList.indexOf(symbol) != -1): null

2019-08-24 13:13:03 - [TEST_STEP][PASSED] - if (i == 4 &amp;&amp; wildList.indexOf(symbol) != -1): null

2019-08-24 13:13:03 - [TEST_STEP][PASSED] - symbols = symbols: null

2019-08-24 13:13:03 - [TEST_STEP][PASSED] - for ([j = 0, j &lt; symbols.size(), (j++)]): null

2019-08-24 13:13:03 - [TEST_STEP][PASSED] - symbol = symbol: null

2019-08-24 13:13:03 - [TEST_STEP][PASSED] - println(symbol): null

2019-08-24 13:13:03 - [TEST_STEP][PASSED] - if (i == 2 &amp;&amp; wildList.indexOf(symbol) != -1): null

2019-08-24 13:13:03 - [TEST_STEP][PASSED] - if (i == 3 &amp;&amp; wildList.indexOf(symbol) != -1): null

2019-08-24 13:13:03 - [TEST_STEP][PASSED] - if (i == 4 &amp;&amp; wildList.indexOf(symbol) != -1): null

2019-08-24 13:13:03 - [TEST_STEP][PASSED] - symbol = symbol: null

2019-08-24 13:13:03 - [TEST_STEP][PASSED] - println(symbol): null

2019-08-24 13:13:03 - [TEST_STEP][PASSED] - if (i == 2 &amp;&amp; wildList.indexOf(symbol) != -1): null

2019-08-24 13:13:03 - [TEST_STEP][PASSED] - if (i == 3 &amp;&amp; wildList.indexOf(symbol) != -1): null

2019-08-24 13:13:03 - [TEST_STEP][PASSED] - if (i == 4 &amp;&amp; wildList.indexOf(symbol) != -1): null

2019-08-24 13:13:03 - [TEST_STEP][PASSED] - symbol = symbol: null

2019-08-24 13:13:03 - [TEST_STEP][PASSED] - println(symbol): null

2019-08-24 13:13:03 - [TEST_STEP][PASSED] - if (i == 2 &amp;&amp; wildList.indexOf(symbol) != -1): null

2019-08-24 13:13:03 - [TEST_STEP][PASSED] - if (i == 3 &amp;&amp; wildList.indexOf(symbol) != -1): null

2019-08-24 13:13:03 - [TEST_STEP][PASSED] - if (i == 4 &amp;&amp; wildList.indexOf(symbol) != -1): null

2019-08-24 13:13:03 - [TEST_STEP][PASSED] - symbols = symbols: null

2019-08-24 13:13:03 - [TEST_STEP][PASSED] - for ([j = 0, j &lt; symbols.size(), (j++)]): null

2019-08-24 13:13:03 - [TEST_STEP][PASSED] - symbol = symbol: null

2019-08-24 13:13:03 - [TEST_STEP][PASSED] - println(symbol): null

2019-08-24 13:13:03 - [TEST_STEP][PASSED] - if (i == 2 &amp;&amp; wildList.indexOf(symbol) != -1): null

2019-08-24 13:13:03 - [TEST_STEP][PASSED] - if (i == 3 &amp;&amp; wildList.indexOf(symbol) != -1): null

2019-08-24 13:13:03 - [TEST_STEP][PASSED] - if (i == 4 &amp;&amp; wildList.indexOf(symbol) != -1): null

2019-08-24 13:13:03 - [TEST_STEP][PASSED] - symbol = symbol: null

2019-08-24 13:13:03 - [TEST_STEP][PASSED] - println(symbol): null

2019-08-24 13:13:03 - [TEST_STEP][PASSED] - if (i == 2 &amp;&amp; wildList.indexOf(symbol) != -1): null

2019-08-24 13:13:03 - [TEST_STEP][PASSED] - if (i == 3 &amp;&amp; wildList.indexOf(symbol) != -1): null

2019-08-24 13:13:03 - [TEST_STEP][PASSED] - if (i == 4 &amp;&amp; wildList.indexOf(symbol) != -1): null

2019-08-24 13:13:03 - [TEST_STEP][PASSED] - symbol = symbol: null

2019-08-24 13:13:03 - [TEST_STEP][PASSED] - println(symbol): null

2019-08-24 13:13:03 - [TEST_STEP][PASSED] - if (i == 2 &amp;&amp; wildList.indexOf(symbol) != -1): null

2019-08-24 13:13:03 - [TEST_STEP][PASSED] - if (i == 3 &amp;&amp; wildList.indexOf(symbol) != -1): null

2019-08-24 13:13:03 - [TEST_STEP][PASSED] - if (i == 4 &amp;&amp; wildList.indexOf(symbol) != -1): null

2019-08-24 13:13:03 - [TEST_STEP][PASSED] - free_spin_reel_counter = free_spin_reel_counter: null

2019-08-24 13:13:03 - [TEST_STEP][PASSED] - println("reel 3 wild found: " + free_spin_reel_counter[0]): null

2019-08-24 13:13:03 - [TEST_STEP][PASSED] - println("reel 4 wild found: " + free_spin_reel_counter[1]): null

2019-08-24 13:13:03 - [TEST_STEP][PASSED] - println("reel 5 wild found: " + free_spin_reel_counter[2]): null

2019-08-24 13:13:03 - [TEST_STEP][PASSED] - M4_spin_reels = M4_spin_reels: null

2019-08-24 13:13:03 - [TEST_STEP][PASSED] - M4_spin_reels_symbols = symbol: null

2019-08-24 13:13:03 - [TEST_STEP][PASSED] - M4_spin_reels_symbols = M4_spin_reels_symbols: null

2019-08-24 13:13:03 - [TEST_STEP][PASSED] - M4_spin_reel_wins = reel_wins: null

2019-08-24 13:13:03 - [TEST_STEP][PASSED] - M4_spin_reel_wins = M4_spin_reel_wins: null

2019-08-24 13:13:03 - [TEST_STEP][PASSED] - println("GlobalVariable.M4_spin_reel_wins is: " + M4_spin_reel_wins): null

2019-08-24 13:13:03 - [TEST_STEP][PASSED] - M4_spin_total_bonus_win_this_round = total_bonus_win_this_round: null

2019-08-24 13:13:03 - [TEST_STEP][PASSED] - M4_spin_total_bonus_win_this_round = M4_spin_total_bonus_win_this_round: null

2019-08-24 13:13:03 - [TEST_STEP][PASSED] - println("GlobalVariable.M4_spin_total_bonus_win_this_round is: " + M4_spin_total_bonus_win_this_round): null

2019-08-24 13:13:03 - [TEST_STEP][PASSED] - M4_spin_bonus_spin_result = spin_result: null

2019-08-24 13:13:03 - [TEST_STEP][PASSED] - M4_spin_bonus_spin_result = M4_spin_bonus_spin_result: null

2019-08-24 13:13:03 - [MESSAGE][PASSED] - Verify response successfully

2019-08-24 13:13:03 - [MESSAGE][PASSED] - Send request and verify the response successfully

2019-08-24 13:13:03 - [TEST_STEP][PASSED] - if (M4_total_bonus_spins_int != 0 &amp;&amp; M4_spin_reels_symbols[2].contains("WILD_Expanding")): null

2019-08-24 13:13:03 - [TEST_STEP][PASSED] - free_spin_reel_counter = free_spin_reel_counter: null

2019-08-24 13:13:03 - [TEST_STEP][PASSED] - M4_spin_reels_symbols = M4_spin_reels_symbols: null

2019-08-24 13:13:03 - [TEST_STEP][PASSED] - M4_total_bonus_spins = M4_total_bonus_spins: null

2019-08-24 13:13:03 - [TEST_STEP][PASSED] - spin_result = sendRequestAndVerify(findTestObject("INT/RGS(M4)/1_M4_spin", ["M4_login_user_id":M4_login_user_id, "rgs_session_token":rgs_session_token, "partner":Partner])): Send request and verify the response successfully

2019-08-24 13:13:03 - [MESSAGE][INFO] - HAR: /Users/eiralee/Katalon_Script/SuperWild/Reports/20190824_125957/INT/superWild_5/20190824_125957/requests/main/229.har

2019-08-24 13:13:04 - [TEST_CASE][PASSED] - Start Test Case : Verification: Verification accomplished successfully

2019-08-24 13:13:04 - [TEST_STEP][PASSED] - request = getInstance().getCurrentRequest(): null

2019-08-24 13:13:04 - [TEST_STEP][PASSED] - response = getInstance().getCurrentResponse(): null

2019-08-24 13:13:04 - [TEST_STEP][PASSED] - verifyResponseStatusCode(response, 200): Verify response status code successfully

2019-08-24 13:13:04 - [MESSAGE][PASSED] - Verify response status code successfully

2019-08-24 13:13:04 - [TEST_STEP][PASSED] - getStatusCode()).isEqualTo(200): null

2019-08-24 13:13:04 - [TEST_STEP][PASSED] - newline = System.getProperty("line.separator"): null

2019-08-24 13:13:04 - [TEST_STEP][PASSED] - M4_spin = new groovy.json.JsonSlurper(): null

2019-08-24 13:13:04 - [TEST_STEP][PASSED] - result_M4_spin = M4_spin.parseText(response.getResponseBodyContent()): null

2019-08-24 13:13:04 - [TEST_STEP][PASSED] - M4_spin_current_balance = current_balance: null

2019-08-24 13:13:04 - [TEST_STEP][PASSED] - M4_spin_current_balance = M4_spin_current_balance: null

2019-08-24 13:13:04 - [TEST_STEP][PASSED] - M4_spin_transaction_id = causality: null

2019-08-24 13:13:04 - [TEST_STEP][PASSED] - M4_spin_transaction_id = M4_spin_transaction_id: null

2019-08-24 13:13:04 - [TEST_STEP][PASSED] - M4_spin_round_id = round_id: null

2019-08-24 13:13:04 - [TEST_STEP][PASSED] - M4_spin_round_id = M4_spin_round_id: null

2019-08-24 13:13:04 - [TEST_STEP][PASSED] - M4_spin_line_wins = line_wins: null

2019-08-24 13:13:04 - [TEST_STEP][PASSED] - M4_spin_line_wins = M4_spin_line_wins: null

2019-08-24 13:13:04 - [TEST_STEP][PASSED] - M4_total_bonus_spins_int = total_bonus_spins: null

2019-08-24 13:13:04 - [TEST_STEP][PASSED] - println("******M4_total_bonus_spins type is:*******" + newline + getClass().getName()): null

2019-08-24 13:13:04 - [TEST_STEP][PASSED] - M4_total_bonus_spins_int = M4_total_bonus_spins_int: null

2019-08-24 13:13:04 - [TEST_STEP][PASSED] - M4_total_bonus_spins = Integer.toString(M4_total_bonus_spins_int): null

2019-08-24 13:13:04 - [TEST_STEP][PASSED] - M4_total_bonus_spins = M4_total_bonus_spins: null

2019-08-24 13:13:04 - [TEST_STEP][PASSED] - println("M4_total_bonus_spins is:" + M4_total_bonus_spins): null

2019-08-24 13:13:04 - [TEST_STEP][PASSED] - M4_spin_bonus_data = bonus_data: null

2019-08-24 13:13:04 - [TEST_STEP][PASSED] - M4_spin_features_triggered = result_M4_spin: null

2019-08-24 13:13:04 - [TEST_STEP][PASSED] - wild = []: null

2019-08-24 13:13:04 - [TEST_STEP][PASSED] - wild[0] = "WILD_Expanding": null

2019-08-24 13:13:04 - [TEST_STEP][PASSED] - wild[1] = "WILD_Normal": null

2019-08-24 13:13:04 - [TEST_STEP][PASSED] - wild[2] = "WILD_Double": null

2019-08-24 13:13:04 - [TEST_STEP][PASSED] - wild[3] = "WILD_ExtraFG": null

2019-08-24 13:13:04 - [TEST_STEP][PASSED] - wild[4] = "WILD_Triple": null

2019-08-24 13:13:04 - [TEST_STEP][PASSED] - wildList = Arrays.asList(wild): null

2019-08-24 13:13:04 - [TEST_STEP][PASSED] - wildList = wildList: null

2019-08-24 13:13:04 - [TEST_STEP][PASSED] - free_spin_reel_counter = []: null

2019-08-24 13:13:04 - [TEST_STEP][PASSED] - free_spin_reel_counter[0] = 0: null

2019-08-24 13:13:04 - [TEST_STEP][PASSED] - free_spin_reel_counter[1] = 0: null

2019-08-24 13:13:04 - [TEST_STEP][PASSED] - free_spin_reel_counter[2] = 0: null

2019-08-24 13:13:04 - [TEST_STEP][PASSED] - M4_spin_reels = reels: null

2019-08-24 13:13:04 - [TEST_STEP][PASSED] - for ([i = 0, i &lt; M4_spin_reels.size(), (i++)]): null

2019-08-24 13:13:04 - [TEST_STEP][PASSED] - symbols = symbols: null

2019-08-24 13:13:04 - [TEST_STEP][PASSED] - for ([j = 0, j &lt; symbols.size(), (j++)]): null

2019-08-24 13:13:04 - [TEST_STEP][PASSED] - symbol = symbol: null

2019-08-24 13:13:04 - [TEST_STEP][PASSED] - println(symbol): null

2019-08-24 13:13:04 - [TEST_STEP][PASSED] - if (i == 2 &amp;&amp; wildList.indexOf(symbol) != -1): null

2019-08-24 13:13:04 - [TEST_STEP][PASSED] - if (i == 3 &amp;&amp; wildList.indexOf(symbol) != -1): null

2019-08-24 13:13:04 - [TEST_STEP][PASSED] - if (i == 4 &amp;&amp; wildList.indexOf(symbol) != -1): null

2019-08-24 13:13:04 - [TEST_STEP][PASSED] - symbol = symbol: null

2019-08-24 13:13:04 - [TEST_STEP][PASSED] - println(symbol): null

2019-08-24 13:13:04 - [TEST_STEP][PASSED] - if (i == 2 &amp;&amp; wildList.indexOf(symbol) != -1): null

2019-08-24 13:13:04 - [TEST_STEP][PASSED] - if (i == 3 &amp;&amp; wildList.indexOf(symbol) != -1): null

2019-08-24 13:13:04 - [TEST_STEP][PASSED] - if (i == 4 &amp;&amp; wildList.indexOf(symbol) != -1): null

2019-08-24 13:13:04 - [TEST_STEP][PASSED] - symbol = symbol: null

2019-08-24 13:13:04 - [TEST_STEP][PASSED] - println(symbol): null

2019-08-24 13:13:04 - [TEST_STEP][PASSED] - if (i == 2 &amp;&amp; wildList.indexOf(symbol) != -1): null

2019-08-24 13:13:04 - [TEST_STEP][PASSED] - if (i == 3 &amp;&amp; wildList.indexOf(symbol) != -1): null

2019-08-24 13:13:04 - [TEST_STEP][PASSED] - if (i == 4 &amp;&amp; wildList.indexOf(symbol) != -1): null

2019-08-24 13:13:04 - [TEST_STEP][PASSED] - symbols = symbols: null

2019-08-24 13:13:04 - [TEST_STEP][PASSED] - for ([j = 0, j &lt; symbols.size(), (j++)]): null

2019-08-24 13:13:04 - [TEST_STEP][PASSED] - symbol = symbol: null

2019-08-24 13:13:04 - [TEST_STEP][PASSED] - println(symbol): null

2019-08-24 13:13:04 - [TEST_STEP][PASSED] - if (i == 2 &amp;&amp; wildList.indexOf(symbol) != -1): null

2019-08-24 13:13:04 - [TEST_STEP][PASSED] - if (i == 3 &amp;&amp; wildList.indexOf(symbol) != -1): null

2019-08-24 13:13:04 - [TEST_STEP][PASSED] - if (i == 4 &amp;&amp; wildList.indexOf(symbol) != -1): null

2019-08-24 13:13:04 - [TEST_STEP][PASSED] - symbol = symbol: null

2019-08-24 13:13:04 - [TEST_STEP][PASSED] - println(symbol): null

2019-08-24 13:13:04 - [TEST_STEP][PASSED] - if (i == 2 &amp;&amp; wildList.indexOf(symbol) != -1): null

2019-08-24 13:13:04 - [TEST_STEP][PASSED] - if (i == 3 &amp;&amp; wildList.indexOf(symbol) != -1): null

2019-08-24 13:13:04 - [TEST_STEP][PASSED] - if (i == 4 &amp;&amp; wildList.indexOf(symbol) != -1): null

2019-08-24 13:13:04 - [TEST_STEP][PASSED] - symbol = symbol: null

2019-08-24 13:13:04 - [TEST_STEP][PASSED] - println(symbol): null

2019-08-24 13:13:04 - [TEST_STEP][PASSED] - if (i == 2 &amp;&amp; wildList.indexOf(symbol) != -1): null

2019-08-24 13:13:04 - [TEST_STEP][PASSED] - if (i == 3 &amp;&amp; wildList.indexOf(symbol) != -1): null

2019-08-24 13:13:04 - [TEST_STEP][PASSED] - if (i == 4 &amp;&amp; wildList.indexOf(symbol) != -1): null

2019-08-24 13:13:04 - [TEST_STEP][PASSED] - symbols = symbols: null

2019-08-24 13:13:04 - [TEST_STEP][PASSED] - for ([j = 0, j &lt; symbols.size(), (j++)]): null

2019-08-24 13:13:04 - [TEST_STEP][PASSED] - symbol = symbol: null

2019-08-24 13:13:04 - [TEST_STEP][PASSED] - println(symbol): null

2019-08-24 13:13:04 - [TEST_STEP][PASSED] - if (i == 2 &amp;&amp; wildList.indexOf(symbol) != -1): null

2019-08-24 13:13:04 - [TEST_STEP][PASSED] - if (i == 3 &amp;&amp; wildList.indexOf(symbol) != -1): null

2019-08-24 13:13:04 - [TEST_STEP][PASSED] - if (i == 4 &amp;&amp; wildList.indexOf(symbol) != -1): null

2019-08-24 13:13:04 - [TEST_STEP][PASSED] - symbol = symbol: null

2019-08-24 13:13:04 - [TEST_STEP][PASSED] - println(symbol): null

2019-08-24 13:13:04 - [TEST_STEP][PASSED] - if (i == 2 &amp;&amp; wildList.indexOf(symbol) != -1): null

2019-08-24 13:13:04 - [TEST_STEP][PASSED] - if (i == 3 &amp;&amp; wildList.indexOf(symbol) != -1): null

2019-08-24 13:13:04 - [TEST_STEP][PASSED] - if (i == 4 &amp;&amp; wildList.indexOf(symbol) != -1): null

2019-08-24 13:13:04 - [TEST_STEP][PASSED] - symbol = symbol: null

2019-08-24 13:13:04 - [TEST_STEP][PASSED] - println(symbol): null

2019-08-24 13:13:04 - [TEST_STEP][PASSED] - if (i == 2 &amp;&amp; wildList.indexOf(symbol) != -1): null

2019-08-24 13:13:04 - [TEST_STEP][PASSED] - if (i == 3 &amp;&amp; wildList.indexOf(symbol) != -1): null

2019-08-24 13:13:04 - [TEST_STEP][PASSED] - if (i == 4 &amp;&amp; wildList.indexOf(symbol) != -1): null

2019-08-24 13:13:04 - [TEST_STEP][PASSED] - symbols = symbols: null

2019-08-24 13:13:04 - [TEST_STEP][PASSED] - for ([j = 0, j &lt; symbols.size(), (j++)]): null

2019-08-24 13:13:04 - [TEST_STEP][PASSED] - symbol = symbol: null

2019-08-24 13:13:04 - [TEST_STEP][PASSED] - println(symbol): null

2019-08-24 13:13:04 - [TEST_STEP][PASSED] - if (i == 2 &amp;&amp; wildList.indexOf(symbol) != -1): null

2019-08-24 13:13:04 - [TEST_STEP][PASSED] - if (i == 3 &amp;&amp; wildList.indexOf(symbol) != -1): null

2019-08-24 13:13:04 - [TEST_STEP][PASSED] - println("wild found on reel 4, adding counter by 1"): null

2019-08-24 13:13:04 - [TEST_STEP][PASSED] - free_spin_reel_counter[1] = free_spin_reel_counter[1] + 1: null

2019-08-24 13:13:04 - [TEST_STEP][PASSED] - if (i == 4 &amp;&amp; wildList.indexOf(symbol) != -1): null

2019-08-24 13:13:04 - [TEST_STEP][PASSED] - symbol = symbol: null

2019-08-24 13:13:04 - [TEST_STEP][PASSED] - println(symbol): null

2019-08-24 13:13:04 - [TEST_STEP][PASSED] - if (i == 2 &amp;&amp; wildList.indexOf(symbol) != -1): null

2019-08-24 13:13:04 - [TEST_STEP][PASSED] - if (i == 3 &amp;&amp; wildList.indexOf(symbol) != -1): null

2019-08-24 13:13:04 - [TEST_STEP][PASSED] - if (i == 4 &amp;&amp; wildList.indexOf(symbol) != -1): null

2019-08-24 13:13:04 - [TEST_STEP][PASSED] - symbol = symbol: null

2019-08-24 13:13:04 - [TEST_STEP][PASSED] - println(symbol): null

2019-08-24 13:13:04 - [TEST_STEP][PASSED] - if (i == 2 &amp;&amp; wildList.indexOf(symbol) != -1): null

2019-08-24 13:13:04 - [TEST_STEP][PASSED] - if (i == 3 &amp;&amp; wildList.indexOf(symbol) != -1): null

2019-08-24 13:13:04 - [TEST_STEP][PASSED] - if (i == 4 &amp;&amp; wildList.indexOf(symbol) != -1): null

2019-08-24 13:13:04 - [TEST_STEP][PASSED] - symbols = symbols: null

2019-08-24 13:13:04 - [TEST_STEP][PASSED] - for ([j = 0, j &lt; symbols.size(), (j++)]): null

2019-08-24 13:13:04 - [TEST_STEP][PASSED] - symbol = symbol: null

2019-08-24 13:13:04 - [TEST_STEP][PASSED] - println(symbol): null

2019-08-24 13:13:04 - [TEST_STEP][PASSED] - if (i == 2 &amp;&amp; wildList.indexOf(symbol) != -1): null

2019-08-24 13:13:04 - [TEST_STEP][PASSED] - if (i == 3 &amp;&amp; wildList.indexOf(symbol) != -1): null

2019-08-24 13:13:04 - [TEST_STEP][PASSED] - if (i == 4 &amp;&amp; wildList.indexOf(symbol) != -1): null

2019-08-24 13:13:04 - [TEST_STEP][PASSED] - symbol = symbol: null

2019-08-24 13:13:04 - [TEST_STEP][PASSED] - println(symbol): null

2019-08-24 13:13:04 - [TEST_STEP][PASSED] - if (i == 2 &amp;&amp; wildList.indexOf(symbol) != -1): null

2019-08-24 13:13:04 - [TEST_STEP][PASSED] - if (i == 3 &amp;&amp; wildList.indexOf(symbol) != -1): null

2019-08-24 13:13:04 - [TEST_STEP][PASSED] - if (i == 4 &amp;&amp; wildList.indexOf(symbol) != -1): null

2019-08-24 13:13:04 - [TEST_STEP][PASSED] - symbol = symbol: null

2019-08-24 13:13:04 - [TEST_STEP][PASSED] - println(symbol): null

2019-08-24 13:13:04 - [TEST_STEP][PASSED] - if (i == 2 &amp;&amp; wildList.indexOf(symbol) != -1): null

2019-08-24 13:13:04 - [TEST_STEP][PASSED] - if (i == 3 &amp;&amp; wildList.indexOf(symbol) != -1): null

2019-08-24 13:13:04 - [TEST_STEP][PASSED] - if (i == 4 &amp;&amp; wildList.indexOf(symbol) != -1): null

2019-08-24 13:13:04 - [TEST_STEP][PASSED] - println("wild found on reel 5, adding counter by 1"): null

2019-08-24 13:13:04 - [TEST_STEP][PASSED] - free_spin_reel_counter[2] = free_spin_reel_counter[2] + 1: null

2019-08-24 13:13:04 - [TEST_STEP][PASSED] - free_spin_reel_counter = free_spin_reel_counter: null

2019-08-24 13:13:04 - [TEST_STEP][PASSED] - println("reel 3 wild found: " + free_spin_reel_counter[0]): null

2019-08-24 13:13:04 - [TEST_STEP][PASSED] - println("reel 4 wild found: " + free_spin_reel_counter[1]): null

2019-08-24 13:13:04 - [TEST_STEP][PASSED] - println("reel 5 wild found: " + free_spin_reel_counter[2]): null

2019-08-24 13:13:04 - [TEST_STEP][PASSED] - M4_spin_reels = M4_spin_reels: null

2019-08-24 13:13:04 - [TEST_STEP][PASSED] - M4_spin_reels_symbols = symbol: null

2019-08-24 13:13:04 - [TEST_STEP][PASSED] - M4_spin_reels_symbols = M4_spin_reels_symbols: null

2019-08-24 13:13:04 - [TEST_STEP][PASSED] - M4_spin_reel_wins = reel_wins: null

2019-08-24 13:13:04 - [TEST_STEP][PASSED] - M4_spin_reel_wins = M4_spin_reel_wins: null

2019-08-24 13:13:04 - [TEST_STEP][PASSED] - println("GlobalVariable.M4_spin_reel_wins is: " + M4_spin_reel_wins): null

2019-08-24 13:13:04 - [TEST_STEP][PASSED] - M4_spin_total_bonus_win_this_round = total_bonus_win_this_round: null

2019-08-24 13:13:04 - [TEST_STEP][PASSED] - M4_spin_total_bonus_win_this_round = M4_spin_total_bonus_win_this_round: null

2019-08-24 13:13:04 - [TEST_STEP][PASSED] - println("GlobalVariable.M4_spin_total_bonus_win_this_round is: " + M4_spin_total_bonus_win_this_round): null

2019-08-24 13:13:04 - [TEST_STEP][PASSED] - M4_spin_bonus_spin_result = spin_result: null

2019-08-24 13:13:04 - [TEST_STEP][PASSED] - M4_spin_bonus_spin_result = M4_spin_bonus_spin_result: null

2019-08-24 13:13:04 - [MESSAGE][PASSED] - Verify response successfully

2019-08-24 13:13:04 - [MESSAGE][PASSED] - Send request and verify the response successfully

2019-08-24 13:13:04 - [TEST_STEP][PASSED] - if (M4_total_bonus_spins_int != 0 &amp;&amp; M4_spin_reels_symbols[2].contains("WILD_Expanding")): null

2019-08-24 13:13:04 - [TEST_STEP][PASSED] - free_spin_reel_counter = free_spin_reel_counter: null

2019-08-24 13:13:04 - [TEST_STEP][PASSED] - M4_spin_reels_symbols = M4_spin_reels_symbols: null

2019-08-24 13:13:04 - [TEST_STEP][PASSED] - M4_total_bonus_spins = M4_total_bonus_spins: null

2019-08-24 13:13:04 - [TEST_STEP][PASSED] - spin_result = sendRequestAndVerify(findTestObject("INT/RGS(M4)/1_M4_spin", ["M4_login_user_id":M4_login_user_id, "rgs_session_token":rgs_session_token, "partner":Partner])): Send request and verify the response successfully

2019-08-24 13:13:04 - [MESSAGE][INFO] - HAR: /Users/eiralee/Katalon_Script/SuperWild/Reports/20190824_125957/INT/superWild_5/20190824_125957/requests/main/230.har

2019-08-24 13:13:04 - [TEST_CASE][PASSED] - Start Test Case : Verification: Verification accomplished successfully

2019-08-24 13:13:04 - [TEST_STEP][PASSED] - request = getInstance().getCurrentRequest(): null

2019-08-24 13:13:04 - [TEST_STEP][PASSED] - response = getInstance().getCurrentResponse(): null

2019-08-24 13:13:04 - [TEST_STEP][PASSED] - verifyResponseStatusCode(response, 200): Verify response status code successfully

2019-08-24 13:13:04 - [MESSAGE][PASSED] - Verify response status code successfully

2019-08-24 13:13:04 - [TEST_STEP][PASSED] - getStatusCode()).isEqualTo(200): null

2019-08-24 13:13:04 - [TEST_STEP][PASSED] - newline = System.getProperty("line.separator"): null

2019-08-24 13:13:04 - [TEST_STEP][PASSED] - M4_spin = new groovy.json.JsonSlurper(): null

2019-08-24 13:13:04 - [TEST_STEP][PASSED] - result_M4_spin = M4_spin.parseText(response.getResponseBodyContent()): null

2019-08-24 13:13:04 - [TEST_STEP][PASSED] - M4_spin_current_balance = current_balance: null

2019-08-24 13:13:04 - [TEST_STEP][PASSED] - M4_spin_current_balance = M4_spin_current_balance: null

2019-08-24 13:13:04 - [TEST_STEP][PASSED] - M4_spin_transaction_id = causality: null

2019-08-24 13:13:04 - [TEST_STEP][PASSED] - M4_spin_transaction_id = M4_spin_transaction_id: null

2019-08-24 13:13:04 - [TEST_STEP][PASSED] - M4_spin_round_id = round_id: null

2019-08-24 13:13:04 - [TEST_STEP][PASSED] - M4_spin_round_id = M4_spin_round_id: null

2019-08-24 13:13:04 - [TEST_STEP][PASSED] - M4_spin_line_wins = line_wins: null

2019-08-24 13:13:04 - [TEST_STEP][PASSED] - M4_spin_line_wins = M4_spin_line_wins: null

2019-08-24 13:13:04 - [TEST_STEP][PASSED] - M4_total_bonus_spins_int = total_bonus_spins: null

2019-08-24 13:13:04 - [TEST_STEP][PASSED] - println("******M4_total_bonus_spins type is:*******" + newline + getClass().getName()): null

2019-08-24 13:13:04 - [TEST_STEP][PASSED] - M4_total_bonus_spins_int = M4_total_bonus_spins_int: null

2019-08-24 13:13:04 - [TEST_STEP][PASSED] - M4_total_bonus_spins = Integer.toString(M4_total_bonus_spins_int): null

2019-08-24 13:13:04 - [TEST_STEP][PASSED] - M4_total_bonus_spins = M4_total_bonus_spins: null

2019-08-24 13:13:04 - [TEST_STEP][PASSED] - println("M4_total_bonus_spins is:" + M4_total_bonus_spins): null

2019-08-24 13:13:04 - [TEST_STEP][PASSED] - M4_spin_bonus_data = bonus_data: null

2019-08-24 13:13:04 - [TEST_STEP][PASSED] - M4_spin_features_triggered = result_M4_spin: null

2019-08-24 13:13:04 - [TEST_STEP][PASSED] - wild = []: null

2019-08-24 13:13:04 - [TEST_STEP][PASSED] - wild[0] = "WILD_Expanding": null

2019-08-24 13:13:04 - [TEST_STEP][PASSED] - wild[1] = "WILD_Normal": null

2019-08-24 13:13:04 - [TEST_STEP][PASSED] - wild[2] = "WILD_Double": null

2019-08-24 13:13:04 - [TEST_STEP][PASSED] - wild[3] = "WILD_ExtraFG": null

2019-08-24 13:13:04 - [TEST_STEP][PASSED] - wild[4] = "WILD_Triple": null

2019-08-24 13:13:04 - [TEST_STEP][PASSED] - wildList = Arrays.asList(wild): null

2019-08-24 13:13:04 - [TEST_STEP][PASSED] - wildList = wildList: null

2019-08-24 13:13:04 - [TEST_STEP][PASSED] - free_spin_reel_counter = []: null

2019-08-24 13:13:04 - [TEST_STEP][PASSED] - free_spin_reel_counter[0] = 0: null

2019-08-24 13:13:04 - [TEST_STEP][PASSED] - free_spin_reel_counter[1] = 0: null

2019-08-24 13:13:04 - [TEST_STEP][PASSED] - free_spin_reel_counter[2] = 0: null

2019-08-24 13:13:04 - [TEST_STEP][PASSED] - M4_spin_reels = reels: null

2019-08-24 13:13:04 - [TEST_STEP][PASSED] - for ([i = 0, i &lt; M4_spin_reels.size(), (i++)]): null

2019-08-24 13:13:04 - [TEST_STEP][PASSED] - symbols = symbols: null

2019-08-24 13:13:04 - [TEST_STEP][PASSED] - for ([j = 0, j &lt; symbols.size(), (j++)]): null

2019-08-24 13:13:04 - [TEST_STEP][PASSED] - symbol = symbol: null

2019-08-24 13:13:04 - [TEST_STEP][PASSED] - println(symbol): null

2019-08-24 13:13:04 - [TEST_STEP][PASSED] - if (i == 2 &amp;&amp; wildList.indexOf(symbol) != -1): null

2019-08-24 13:13:04 - [TEST_STEP][PASSED] - if (i == 3 &amp;&amp; wildList.indexOf(symbol) != -1): null

2019-08-24 13:13:04 - [TEST_STEP][PASSED] - if (i == 4 &amp;&amp; wildList.indexOf(symbol) != -1): null

2019-08-24 13:13:04 - [TEST_STEP][PASSED] - symbol = symbol: null

2019-08-24 13:13:04 - [TEST_STEP][PASSED] - println(symbol): null

2019-08-24 13:13:04 - [TEST_STEP][PASSED] - if (i == 2 &amp;&amp; wildList.indexOf(symbol) != -1): null

2019-08-24 13:13:04 - [TEST_STEP][PASSED] - if (i == 3 &amp;&amp; wildList.indexOf(symbol) != -1): null

2019-08-24 13:13:04 - [TEST_STEP][PASSED] - if (i == 4 &amp;&amp; wildList.indexOf(symbol) != -1): null

2019-08-24 13:13:04 - [TEST_STEP][PASSED] - symbol = symbol: null

2019-08-24 13:13:04 - [TEST_STEP][PASSED] - println(symbol): null

2019-08-24 13:13:04 - [TEST_STEP][PASSED] - if (i == 2 &amp;&amp; wildList.indexOf(symbol) != -1): null

2019-08-24 13:13:04 - [TEST_STEP][PASSED] - if (i == 3 &amp;&amp; wildList.indexOf(symbol) != -1): null

2019-08-24 13:13:04 - [TEST_STEP][PASSED] - if (i == 4 &amp;&amp; wildList.indexOf(symbol) != -1): null

2019-08-24 13:13:04 - [TEST_STEP][PASSED] - symbols = symbols: null

2019-08-24 13:13:04 - [TEST_STEP][PASSED] - for ([j = 0, j &lt; symbols.size(), (j++)]): null

2019-08-24 13:13:04 - [TEST_STEP][PASSED] - symbol = symbol: null

2019-08-24 13:13:04 - [TEST_STEP][PASSED] - println(symbol): null

2019-08-24 13:13:04 - [TEST_STEP][PASSED] - if (i == 2 &amp;&amp; wildList.indexOf(symbol) != -1): null

2019-08-24 13:13:04 - [TEST_STEP][PASSED] - if (i == 3 &amp;&amp; wildList.indexOf(symbol) != -1): null

2019-08-24 13:13:04 - [TEST_STEP][PASSED] - if (i == 4 &amp;&amp; wildList.indexOf(symbol) != -1): null

2019-08-24 13:13:04 - [TEST_STEP][PASSED] - symbol = symbol: null

2019-08-24 13:13:04 - [TEST_STEP][PASSED] - println(symbol): null

2019-08-24 13:13:04 - [TEST_STEP][PASSED] - if (i == 2 &amp;&amp; wildList.indexOf(symbol) != -1): null

2019-08-24 13:13:04 - [TEST_STEP][PASSED] - if (i == 3 &amp;&amp; wildList.indexOf(symbol) != -1): null

2019-08-24 13:13:04 - [TEST_STEP][PASSED] - if (i == 4 &amp;&amp; wildList.indexOf(symbol) != -1): null

2019-08-24 13:13:04 - [TEST_STEP][PASSED] - symbol = symbol: null

2019-08-24 13:13:04 - [TEST_STEP][PASSED] - println(symbol): null

2019-08-24 13:13:04 - [TEST_STEP][PASSED] - if (i == 2 &amp;&amp; wildList.indexOf(symbol) != -1): null

2019-08-24 13:13:04 - [TEST_STEP][PASSED] - if (i == 3 &amp;&amp; wildList.indexOf(symbol) != -1): null

2019-08-24 13:13:04 - [TEST_STEP][PASSED] - if (i == 4 &amp;&amp; wildList.indexOf(symbol) != -1): null

2019-08-24 13:13:04 - [TEST_STEP][PASSED] - symbols = symbols: null

2019-08-24 13:13:04 - [TEST_STEP][PASSED] - for ([j = 0, j &lt; symbols.size(), (j++)]): null

2019-08-24 13:13:04 - [TEST_STEP][PASSED] - symbol = symbol: null

2019-08-24 13:13:04 - [TEST_STEP][PASSED] - println(symbol): null

2019-08-24 13:13:04 - [TEST_STEP][PASSED] - if (i == 2 &amp;&amp; wildList.indexOf(symbol) != -1): null

2019-08-24 13:13:04 - [TEST_STEP][PASSED] - println("wild found on reel 3, adding counter by 1"): null

2019-08-24 13:13:04 - [TEST_STEP][PASSED] - free_spin_reel_counter[0] = free_spin_reel_counter[0] + 1: null

2019-08-24 13:13:04 - [TEST_STEP][PASSED] - if (i == 3 &amp;&amp; wildList.indexOf(symbol) != -1): null

2019-08-24 13:13:04 - [TEST_STEP][PASSED] - if (i == 4 &amp;&amp; wildList.indexOf(symbol) != -1): null

2019-08-24 13:13:04 - [TEST_STEP][PASSED] - symbol = symbol: null

2019-08-24 13:13:04 - [TEST_STEP][PASSED] - println(symbol): null

2019-08-24 13:13:04 - [TEST_STEP][PASSED] - if (i == 2 &amp;&amp; wildList.indexOf(symbol) != -1): null

2019-08-24 13:13:04 - [TEST_STEP][PASSED] - if (i == 3 &amp;&amp; wildList.indexOf(symbol) != -1): null

2019-08-24 13:13:04 - [TEST_STEP][PASSED] - if (i == 4 &amp;&amp; wildList.indexOf(symbol) != -1): null

2019-08-24 13:13:04 - [TEST_STEP][PASSED] - symbol = symbol: null

2019-08-24 13:13:04 - [TEST_STEP][PASSED] - println(symbol): null

2019-08-24 13:13:04 - [TEST_STEP][PASSED] - if (i == 2 &amp;&amp; wildList.indexOf(symbol) != -1): null

2019-08-24 13:13:04 - [TEST_STEP][PASSED] - if (i == 3 &amp;&amp; wildList.indexOf(symbol) != -1): null

2019-08-24 13:13:04 - [TEST_STEP][PASSED] - if (i == 4 &amp;&amp; wildList.indexOf(symbol) != -1): null

2019-08-24 13:13:04 - [TEST_STEP][PASSED] - symbols = symbols: null

2019-08-24 13:13:04 - [TEST_STEP][PASSED] - for ([j = 0, j &lt; symbols.size(), (j++)]): null

2019-08-24 13:13:04 - [TEST_STEP][PASSED] - symbol = symbol: null

2019-08-24 13:13:04 - [TEST_STEP][PASSED] - println(symbol): null

2019-08-24 13:13:04 - [TEST_STEP][PASSED] - if (i == 2 &amp;&amp; wildList.indexOf(symbol) != -1): null

2019-08-24 13:13:04 - [TEST_STEP][PASSED] - if (i == 3 &amp;&amp; wildList.indexOf(symbol) != -1): null

2019-08-24 13:13:04 - [TEST_STEP][PASSED] - if (i == 4 &amp;&amp; wildList.indexOf(symbol) != -1): null

2019-08-24 13:13:04 - [TEST_STEP][PASSED] - symbol = symbol: null

2019-08-24 13:13:04 - [TEST_STEP][PASSED] - println(symbol): null

2019-08-24 13:13:04 - [TEST_STEP][PASSED] - if (i == 2 &amp;&amp; wildList.indexOf(symbol) != -1): null

2019-08-24 13:13:04 - [TEST_STEP][PASSED] - if (i == 3 &amp;&amp; wildList.indexOf(symbol) != -1): null

2019-08-24 13:13:04 - [TEST_STEP][PASSED] - if (i == 4 &amp;&amp; wildList.indexOf(symbol) != -1): null

2019-08-24 13:13:04 - [TEST_STEP][PASSED] - symbol = symbol: null

2019-08-24 13:13:04 - [TEST_STEP][PASSED] - println(symbol): null

2019-08-24 13:13:04 - [TEST_STEP][PASSED] - if (i == 2 &amp;&amp; wildList.indexOf(symbol) != -1): null

2019-08-24 13:13:04 - [TEST_STEP][PASSED] - if (i == 3 &amp;&amp; wildList.indexOf(symbol) != -1): null

2019-08-24 13:13:04 - [TEST_STEP][PASSED] - if (i == 4 &amp;&amp; wildList.indexOf(symbol) != -1): null

2019-08-24 13:13:04 - [TEST_STEP][PASSED] - symbols = symbols: null

2019-08-24 13:13:04 - [TEST_STEP][PASSED] - for ([j = 0, j &lt; symbols.size(), (j++)]): null

2019-08-24 13:13:04 - [TEST_STEP][PASSED] - symbol = symbol: null

2019-08-24 13:13:04 - [TEST_STEP][PASSED] - println(symbol): null

2019-08-24 13:13:04 - [TEST_STEP][PASSED] - if (i == 2 &amp;&amp; wildList.indexOf(symbol) != -1): null

2019-08-24 13:13:04 - [TEST_STEP][PASSED] - if (i == 3 &amp;&amp; wildList.indexOf(symbol) != -1): null

2019-08-24 13:13:04 - [TEST_STEP][PASSED] - if (i == 4 &amp;&amp; wildList.indexOf(symbol) != -1): null

2019-08-24 13:13:04 - [TEST_STEP][PASSED] - symbol = symbol: null

2019-08-24 13:13:04 - [TEST_STEP][PASSED] - println(symbol): null

2019-08-24 13:13:04 - [TEST_STEP][PASSED] - if (i == 2 &amp;&amp; wildList.indexOf(symbol) != -1): null

2019-08-24 13:13:04 - [TEST_STEP][PASSED] - if (i == 3 &amp;&amp; wildList.indexOf(symbol) != -1): null

2019-08-24 13:13:04 - [TEST_STEP][PASSED] - if (i == 4 &amp;&amp; wildList.indexOf(symbol) != -1): null

2019-08-24 13:13:04 - [TEST_STEP][PASSED] - symbol = symbol: null

2019-08-24 13:13:04 - [TEST_STEP][PASSED] - println(symbol): null

2019-08-24 13:13:04 - [TEST_STEP][PASSED] - if (i == 2 &amp;&amp; wildList.indexOf(symbol) != -1): null

2019-08-24 13:13:04 - [TEST_STEP][PASSED] - if (i == 3 &amp;&amp; wildList.indexOf(symbol) != -1): null

2019-08-24 13:13:04 - [TEST_STEP][PASSED] - if (i == 4 &amp;&amp; wildList.indexOf(symbol) != -1): null

2019-08-24 13:13:04 - [TEST_STEP][PASSED] - free_spin_reel_counter = free_spin_reel_counter: null

2019-08-24 13:13:04 - [TEST_STEP][PASSED] - println("reel 3 wild found: " + free_spin_reel_counter[0]): null

2019-08-24 13:13:04 - [TEST_STEP][PASSED] - println("reel 4 wild found: " + free_spin_reel_counter[1]): null

2019-08-24 13:13:04 - [TEST_STEP][PASSED] - println("reel 5 wild found: " + free_spin_reel_counter[2]): null

2019-08-24 13:13:04 - [TEST_STEP][PASSED] - M4_spin_reels = M4_spin_reels: null

2019-08-24 13:13:04 - [TEST_STEP][PASSED] - M4_spin_reels_symbols = symbol: null

2019-08-24 13:13:04 - [TEST_STEP][PASSED] - M4_spin_reels_symbols = M4_spin_reels_symbols: null

2019-08-24 13:13:04 - [TEST_STEP][PASSED] - M4_spin_reel_wins = reel_wins: null

2019-08-24 13:13:04 - [TEST_STEP][PASSED] - M4_spin_reel_wins = M4_spin_reel_wins: null

2019-08-24 13:13:04 - [TEST_STEP][PASSED] - println("GlobalVariable.M4_spin_reel_wins is: " + M4_spin_reel_wins): null

2019-08-24 13:13:04 - [TEST_STEP][PASSED] - M4_spin_total_bonus_win_this_round = total_bonus_win_this_round: null

2019-08-24 13:13:04 - [TEST_STEP][PASSED] - M4_spin_total_bonus_win_this_round = M4_spin_total_bonus_win_this_round: null

2019-08-24 13:13:04 - [TEST_STEP][PASSED] - println("GlobalVariable.M4_spin_total_bonus_win_this_round is: " + M4_spin_total_bonus_win_this_round): null

2019-08-24 13:13:04 - [TEST_STEP][PASSED] - M4_spin_bonus_spin_result = spin_result: null

2019-08-24 13:13:04 - [TEST_STEP][PASSED] - M4_spin_bonus_spin_result = M4_spin_bonus_spin_result: null

2019-08-24 13:13:04 - [MESSAGE][PASSED] - Verify response successfully

2019-08-24 13:13:04 - [MESSAGE][PASSED] - Send request and verify the response successfully

2019-08-24 13:13:04 - [TEST_STEP][PASSED] - if (M4_total_bonus_spins_int != 0 &amp;&amp; M4_spin_reels_symbols[2].contains("WILD_Expanding")): null

2019-08-24 13:13:04 - [TEST_STEP][PASSED] - free_spin_reel_counter = free_spin_reel_counter: null

2019-08-24 13:13:04 - [TEST_STEP][PASSED] - M4_spin_reels_symbols = M4_spin_reels_symbols: null

2019-08-24 13:13:04 - [TEST_STEP][PASSED] - M4_total_bonus_spins = M4_total_bonus_spins: null

2019-08-24 13:13:04 - [TEST_STEP][PASSED] - spin_result = sendRequestAndVerify(findTestObject("INT/RGS(M4)/1_M4_spin", ["M4_login_user_id":M4_login_user_id, "rgs_session_token":rgs_session_token, "partner":Partner])): Send request and verify the response successfully

2019-08-24 13:13:05 - [MESSAGE][INFO] - HAR: /Users/eiralee/Katalon_Script/SuperWild/Reports/20190824_125957/INT/superWild_5/20190824_125957/requests/main/231.har

2019-08-24 13:13:05 - [TEST_CASE][PASSED] - Start Test Case : Verification: Verification accomplished successfully

2019-08-24 13:13:05 - [TEST_STEP][PASSED] - request = getInstance().getCurrentRequest(): null

2019-08-24 13:13:05 - [TEST_STEP][PASSED] - response = getInstance().getCurrentResponse(): null

2019-08-24 13:13:05 - [TEST_STEP][PASSED] - verifyResponseStatusCode(response, 200): Verify response status code successfully

2019-08-24 13:13:05 - [MESSAGE][PASSED] - Verify response status code successfully

2019-08-24 13:13:05 - [TEST_STEP][PASSED] - getStatusCode()).isEqualTo(200): null

2019-08-24 13:13:05 - [TEST_STEP][PASSED] - newline = System.getProperty("line.separator"): null

2019-08-24 13:13:05 - [TEST_STEP][PASSED] - M4_spin = new groovy.json.JsonSlurper(): null

2019-08-24 13:13:05 - [TEST_STEP][PASSED] - result_M4_spin = M4_spin.parseText(response.getResponseBodyContent()): null

2019-08-24 13:13:05 - [TEST_STEP][PASSED] - M4_spin_current_balance = current_balance: null

2019-08-24 13:13:05 - [TEST_STEP][PASSED] - M4_spin_current_balance = M4_spin_current_balance: null

2019-08-24 13:13:05 - [TEST_STEP][PASSED] - M4_spin_transaction_id = causality: null

2019-08-24 13:13:05 - [TEST_STEP][PASSED] - M4_spin_transaction_id = M4_spin_transaction_id: null

2019-08-24 13:13:05 - [TEST_STEP][PASSED] - M4_spin_round_id = round_id: null

2019-08-24 13:13:05 - [TEST_STEP][PASSED] - M4_spin_round_id = M4_spin_round_id: null

2019-08-24 13:13:05 - [TEST_STEP][PASSED] - M4_spin_line_wins = line_wins: null

2019-08-24 13:13:05 - [TEST_STEP][PASSED] - M4_spin_line_wins = M4_spin_line_wins: null

2019-08-24 13:13:05 - [TEST_STEP][PASSED] - M4_total_bonus_spins_int = total_bonus_spins: null

2019-08-24 13:13:05 - [TEST_STEP][PASSED] - println("******M4_total_bonus_spins type is:*******" + newline + getClass().getName()): null

2019-08-24 13:13:05 - [TEST_STEP][PASSED] - M4_total_bonus_spins_int = M4_total_bonus_spins_int: null

2019-08-24 13:13:05 - [TEST_STEP][PASSED] - M4_total_bonus_spins = Integer.toString(M4_total_bonus_spins_int): null

2019-08-24 13:13:05 - [TEST_STEP][PASSED] - M4_total_bonus_spins = M4_total_bonus_spins: null

2019-08-24 13:13:05 - [TEST_STEP][PASSED] - println("M4_total_bonus_spins is:" + M4_total_bonus_spins): null

2019-08-24 13:13:05 - [TEST_STEP][PASSED] - M4_spin_bonus_data = bonus_data: null

2019-08-24 13:13:05 - [TEST_STEP][PASSED] - M4_spin_features_triggered = result_M4_spin: null

2019-08-24 13:13:05 - [TEST_STEP][PASSED] - wild = []: null

2019-08-24 13:13:05 - [TEST_STEP][PASSED] - wild[0] = "WILD_Expanding": null

2019-08-24 13:13:05 - [TEST_STEP][PASSED] - wild[1] = "WILD_Normal": null

2019-08-24 13:13:05 - [TEST_STEP][PASSED] - wild[2] = "WILD_Double": null

2019-08-24 13:13:05 - [TEST_STEP][PASSED] - wild[3] = "WILD_ExtraFG": null

2019-08-24 13:13:05 - [TEST_STEP][PASSED] - wild[4] = "WILD_Triple": null

2019-08-24 13:13:05 - [TEST_STEP][PASSED] - wildList = Arrays.asList(wild): null

2019-08-24 13:13:05 - [TEST_STEP][PASSED] - wildList = wildList: null

2019-08-24 13:13:05 - [TEST_STEP][PASSED] - free_spin_reel_counter = []: null

2019-08-24 13:13:05 - [TEST_STEP][PASSED] - free_spin_reel_counter[0] = 0: null

2019-08-24 13:13:05 - [TEST_STEP][PASSED] - free_spin_reel_counter[1] = 0: null

2019-08-24 13:13:05 - [TEST_STEP][PASSED] - free_spin_reel_counter[2] = 0: null

2019-08-24 13:13:05 - [TEST_STEP][PASSED] - M4_spin_reels = reels: null

2019-08-24 13:13:05 - [TEST_STEP][PASSED] - for ([i = 0, i &lt; M4_spin_reels.size(), (i++)]): null

2019-08-24 13:13:05 - [TEST_STEP][PASSED] - symbols = symbols: null

2019-08-24 13:13:05 - [TEST_STEP][PASSED] - for ([j = 0, j &lt; symbols.size(), (j++)]): null

2019-08-24 13:13:05 - [TEST_STEP][PASSED] - symbol = symbol: null

2019-08-24 13:13:05 - [TEST_STEP][PASSED] - println(symbol): null

2019-08-24 13:13:05 - [TEST_STEP][PASSED] - if (i == 2 &amp;&amp; wildList.indexOf(symbol) != -1): null

2019-08-24 13:13:05 - [TEST_STEP][PASSED] - if (i == 3 &amp;&amp; wildList.indexOf(symbol) != -1): null

2019-08-24 13:13:05 - [TEST_STEP][PASSED] - if (i == 4 &amp;&amp; wildList.indexOf(symbol) != -1): null

2019-08-24 13:13:05 - [TEST_STEP][PASSED] - symbol = symbol: null

2019-08-24 13:13:05 - [TEST_STEP][PASSED] - println(symbol): null

2019-08-24 13:13:05 - [TEST_STEP][PASSED] - if (i == 2 &amp;&amp; wildList.indexOf(symbol) != -1): null

2019-08-24 13:13:05 - [TEST_STEP][PASSED] - if (i == 3 &amp;&amp; wildList.indexOf(symbol) != -1): null

2019-08-24 13:13:05 - [TEST_STEP][PASSED] - if (i == 4 &amp;&amp; wildList.indexOf(symbol) != -1): null

2019-08-24 13:13:05 - [TEST_STEP][PASSED] - symbol = symbol: null

2019-08-24 13:13:05 - [TEST_STEP][PASSED] - println(symbol): null

2019-08-24 13:13:05 - [TEST_STEP][PASSED] - if (i == 2 &amp;&amp; wildList.indexOf(symbol) != -1): null

2019-08-24 13:13:05 - [TEST_STEP][PASSED] - if (i == 3 &amp;&amp; wildList.indexOf(symbol) != -1): null

2019-08-24 13:13:05 - [TEST_STEP][PASSED] - if (i == 4 &amp;&amp; wildList.indexOf(symbol) != -1): null

2019-08-24 13:13:05 - [TEST_STEP][PASSED] - symbols = symbols: null

2019-08-24 13:13:05 - [TEST_STEP][PASSED] - for ([j = 0, j &lt; symbols.size(), (j++)]): null

2019-08-24 13:13:05 - [TEST_STEP][PASSED] - symbol = symbol: null

2019-08-24 13:13:05 - [TEST_STEP][PASSED] - println(symbol): null

2019-08-24 13:13:05 - [TEST_STEP][PASSED] - if (i == 2 &amp;&amp; wildList.indexOf(symbol) != -1): null

2019-08-24 13:13:05 - [TEST_STEP][PASSED] - if (i == 3 &amp;&amp; wildList.indexOf(symbol) != -1): null

2019-08-24 13:13:05 - [TEST_STEP][PASSED] - if (i == 4 &amp;&amp; wildList.indexOf(symbol) != -1): null

2019-08-24 13:13:05 - [TEST_STEP][PASSED] - symbol = symbol: null

2019-08-24 13:13:05 - [TEST_STEP][PASSED] - println(symbol): null

2019-08-24 13:13:05 - [TEST_STEP][PASSED] - if (i == 2 &amp;&amp; wildList.indexOf(symbol) != -1): null

2019-08-24 13:13:05 - [TEST_STEP][PASSED] - if (i == 3 &amp;&amp; wildList.indexOf(symbol) != -1): null

2019-08-24 13:13:05 - [TEST_STEP][PASSED] - if (i == 4 &amp;&amp; wildList.indexOf(symbol) != -1): null

2019-08-24 13:13:05 - [TEST_STEP][PASSED] - symbol = symbol: null

2019-08-24 13:13:05 - [TEST_STEP][PASSED] - println(symbol): null

2019-08-24 13:13:05 - [TEST_STEP][PASSED] - if (i == 2 &amp;&amp; wildList.indexOf(symbol) != -1): null

2019-08-24 13:13:05 - [TEST_STEP][PASSED] - if (i == 3 &amp;&amp; wildList.indexOf(symbol) != -1): null

2019-08-24 13:13:05 - [TEST_STEP][PASSED] - if (i == 4 &amp;&amp; wildList.indexOf(symbol) != -1): null

2019-08-24 13:13:05 - [TEST_STEP][PASSED] - symbols = symbols: null

2019-08-24 13:13:05 - [TEST_STEP][PASSED] - for ([j = 0, j &lt; symbols.size(), (j++)]): null

2019-08-24 13:13:05 - [TEST_STEP][PASSED] - symbol = symbol: null

2019-08-24 13:13:05 - [TEST_STEP][PASSED] - println(symbol): null

2019-08-24 13:13:05 - [TEST_STEP][PASSED] - if (i == 2 &amp;&amp; wildList.indexOf(symbol) != -1): null

2019-08-24 13:13:05 - [TEST_STEP][PASSED] - if (i == 3 &amp;&amp; wildList.indexOf(symbol) != -1): null

2019-08-24 13:13:05 - [TEST_STEP][PASSED] - if (i == 4 &amp;&amp; wildList.indexOf(symbol) != -1): null

2019-08-24 13:13:05 - [TEST_STEP][PASSED] - symbol = symbol: null

2019-08-24 13:13:05 - [TEST_STEP][PASSED] - println(symbol): null

2019-08-24 13:13:05 - [TEST_STEP][PASSED] - if (i == 2 &amp;&amp; wildList.indexOf(symbol) != -1): null

2019-08-24 13:13:05 - [TEST_STEP][PASSED] - println("wild found on reel 3, adding counter by 1"): null

2019-08-24 13:13:05 - [TEST_STEP][PASSED] - free_spin_reel_counter[0] = free_spin_reel_counter[0] + 1: null

2019-08-24 13:13:05 - [TEST_STEP][PASSED] - if (i == 3 &amp;&amp; wildList.indexOf(symbol) != -1): null

2019-08-24 13:13:05 - [TEST_STEP][PASSED] - if (i == 4 &amp;&amp; wildList.indexOf(symbol) != -1): null

2019-08-24 13:13:05 - [TEST_STEP][PASSED] - symbol = symbol: null

2019-08-24 13:13:05 - [TEST_STEP][PASSED] - println(symbol): null

2019-08-24 13:13:05 - [TEST_STEP][PASSED] - if (i == 2 &amp;&amp; wildList.indexOf(symbol) != -1): null

2019-08-24 13:13:05 - [TEST_STEP][PASSED] - if (i == 3 &amp;&amp; wildList.indexOf(symbol) != -1): null

2019-08-24 13:13:05 - [TEST_STEP][PASSED] - if (i == 4 &amp;&amp; wildList.indexOf(symbol) != -1): null

2019-08-24 13:13:05 - [TEST_STEP][PASSED] - symbols = symbols: null

2019-08-24 13:13:05 - [TEST_STEP][PASSED] - for ([j = 0, j &lt; symbols.size(), (j++)]): null

2019-08-24 13:13:05 - [TEST_STEP][PASSED] - symbol = symbol: null

2019-08-24 13:13:05 - [TEST_STEP][PASSED] - println(symbol): null

2019-08-24 13:13:05 - [TEST_STEP][PASSED] - if (i == 2 &amp;&amp; wildList.indexOf(symbol) != -1): null

2019-08-24 13:13:05 - [TEST_STEP][PASSED] - if (i == 3 &amp;&amp; wildList.indexOf(symbol) != -1): null

2019-08-24 13:13:05 - [TEST_STEP][PASSED] - if (i == 4 &amp;&amp; wildList.indexOf(symbol) != -1): null

2019-08-24 13:13:05 - [TEST_STEP][PASSED] - symbol = symbol: null

2019-08-24 13:13:05 - [TEST_STEP][PASSED] - println(symbol): null

2019-08-24 13:13:05 - [TEST_STEP][PASSED] - if (i == 2 &amp;&amp; wildList.indexOf(symbol) != -1): null

2019-08-24 13:13:05 - [TEST_STEP][PASSED] - if (i == 3 &amp;&amp; wildList.indexOf(symbol) != -1): null

2019-08-24 13:13:05 - [TEST_STEP][PASSED] - if (i == 4 &amp;&amp; wildList.indexOf(symbol) != -1): null

2019-08-24 13:13:05 - [TEST_STEP][PASSED] - symbol = symbol: null

2019-08-24 13:13:05 - [TEST_STEP][PASSED] - println(symbol): null

2019-08-24 13:13:05 - [TEST_STEP][PASSED] - if (i == 2 &amp;&amp; wildList.indexOf(symbol) != -1): null

2019-08-24 13:13:05 - [TEST_STEP][PASSED] - if (i == 3 &amp;&amp; wildList.indexOf(symbol) != -1): null

2019-08-24 13:13:05 - [TEST_STEP][PASSED] - if (i == 4 &amp;&amp; wildList.indexOf(symbol) != -1): null

2019-08-24 13:13:05 - [TEST_STEP][PASSED] - symbols = symbols: null

2019-08-24 13:13:05 - [TEST_STEP][PASSED] - for ([j = 0, j &lt; symbols.size(), (j++)]): null

2019-08-24 13:13:05 - [TEST_STEP][PASSED] - symbol = symbol: null

2019-08-24 13:13:05 - [TEST_STEP][PASSED] - println(symbol): null

2019-08-24 13:13:05 - [TEST_STEP][PASSED] - if (i == 2 &amp;&amp; wildList.indexOf(symbol) != -1): null

2019-08-24 13:13:05 - [TEST_STEP][PASSED] - if (i == 3 &amp;&amp; wildList.indexOf(symbol) != -1): null

2019-08-24 13:13:05 - [TEST_STEP][PASSED] - if (i == 4 &amp;&amp; wildList.indexOf(symbol) != -1): null

2019-08-24 13:13:05 - [TEST_STEP][PASSED] - symbol = symbol: null

2019-08-24 13:13:05 - [TEST_STEP][PASSED] - println(symbol): null

2019-08-24 13:13:05 - [TEST_STEP][PASSED] - if (i == 2 &amp;&amp; wildList.indexOf(symbol) != -1): null

2019-08-24 13:13:05 - [TEST_STEP][PASSED] - if (i == 3 &amp;&amp; wildList.indexOf(symbol) != -1): null

2019-08-24 13:13:05 - [TEST_STEP][PASSED] - if (i == 4 &amp;&amp; wildList.indexOf(symbol) != -1): null

2019-08-24 13:13:05 - [TEST_STEP][PASSED] - symbol = symbol: null

2019-08-24 13:13:05 - [TEST_STEP][PASSED] - println(symbol): null

2019-08-24 13:13:05 - [TEST_STEP][PASSED] - if (i == 2 &amp;&amp; wildList.indexOf(symbol) != -1): null

2019-08-24 13:13:05 - [TEST_STEP][PASSED] - if (i == 3 &amp;&amp; wildList.indexOf(symbol) != -1): null

2019-08-24 13:13:05 - [TEST_STEP][PASSED] - if (i == 4 &amp;&amp; wildList.indexOf(symbol) != -1): null

2019-08-24 13:13:05 - [TEST_STEP][PASSED] - println("wild found on reel 5, adding counter by 1"): null

2019-08-24 13:13:05 - [TEST_STEP][PASSED] - free_spin_reel_counter[2] = free_spin_reel_counter[2] + 1: null

2019-08-24 13:13:05 - [TEST_STEP][PASSED] - free_spin_reel_counter = free_spin_reel_counter: null

2019-08-24 13:13:05 - [TEST_STEP][PASSED] - println("reel 3 wild found: " + free_spin_reel_counter[0]): null

2019-08-24 13:13:05 - [TEST_STEP][PASSED] - println("reel 4 wild found: " + free_spin_reel_counter[1]): null

2019-08-24 13:13:05 - [TEST_STEP][PASSED] - println("reel 5 wild found: " + free_spin_reel_counter[2]): null

2019-08-24 13:13:05 - [TEST_STEP][PASSED] - M4_spin_reels = M4_spin_reels: null

2019-08-24 13:13:05 - [TEST_STEP][PASSED] - M4_spin_reels_symbols = symbol: null

2019-08-24 13:13:05 - [TEST_STEP][PASSED] - M4_spin_reels_symbols = M4_spin_reels_symbols: null

2019-08-24 13:13:05 - [TEST_STEP][PASSED] - M4_spin_reel_wins = reel_wins: null

2019-08-24 13:13:05 - [TEST_STEP][PASSED] - M4_spin_reel_wins = M4_spin_reel_wins: null

2019-08-24 13:13:05 - [TEST_STEP][PASSED] - println("GlobalVariable.M4_spin_reel_wins is: " + M4_spin_reel_wins): null

2019-08-24 13:13:05 - [TEST_STEP][PASSED] - M4_spin_total_bonus_win_this_round = total_bonus_win_this_round: null

2019-08-24 13:13:05 - [TEST_STEP][PASSED] - M4_spin_total_bonus_win_this_round = M4_spin_total_bonus_win_this_round: null

2019-08-24 13:13:05 - [TEST_STEP][PASSED] - println("GlobalVariable.M4_spin_total_bonus_win_this_round is: " + M4_spin_total_bonus_win_this_round): null

2019-08-24 13:13:05 - [TEST_STEP][PASSED] - M4_spin_bonus_spin_result = spin_result: null

2019-08-24 13:13:05 - [TEST_STEP][PASSED] - M4_spin_bonus_spin_result = M4_spin_bonus_spin_result: null

2019-08-24 13:13:05 - [MESSAGE][PASSED] - Verify response successfully

2019-08-24 13:13:05 - [MESSAGE][PASSED] - Send request and verify the response successfully

2019-08-24 13:13:05 - [TEST_STEP][PASSED] - if (M4_total_bonus_spins_int != 0 &amp;&amp; M4_spin_reels_symbols[2].contains("WILD_Expanding")): null

2019-08-24 13:13:05 - [TEST_STEP][PASSED] - free_spin_reel_counter = free_spin_reel_counter: null

2019-08-24 13:13:05 - [TEST_STEP][PASSED] - M4_spin_reels_symbols = M4_spin_reels_symbols: null

2019-08-24 13:13:05 - [TEST_STEP][PASSED] - M4_total_bonus_spins = M4_total_bonus_spins: null

2019-08-24 13:13:05 - [TEST_STEP][PASSED] - spin_result = sendRequestAndVerify(findTestObject("INT/RGS(M4)/1_M4_spin", ["M4_login_user_id":M4_login_user_id, "rgs_session_token":rgs_session_token, "partner":Partner])): Send request and verify the response successfully

2019-08-24 13:13:05 - [MESSAGE][INFO] - HAR: /Users/eiralee/Katalon_Script/SuperWild/Reports/20190824_125957/INT/superWild_5/20190824_125957/requests/main/232.har

2019-08-24 13:13:05 - [TEST_CASE][PASSED] - Start Test Case : Verification: Verification accomplished successfully

2019-08-24 13:13:05 - [TEST_STEP][PASSED] - request = getInstance().getCurrentRequest(): null

2019-08-24 13:13:06 - [TEST_STEP][PASSED] - response = getInstance().getCurrentResponse(): null

2019-08-24 13:13:06 - [TEST_STEP][PASSED] - verifyResponseStatusCode(response, 200): Verify response status code successfully

2019-08-24 13:13:06 - [MESSAGE][PASSED] - Verify response status code successfully

2019-08-24 13:13:06 - [TEST_STEP][PASSED] - getStatusCode()).isEqualTo(200): null

2019-08-24 13:13:06 - [TEST_STEP][PASSED] - newline = System.getProperty("line.separator"): null

2019-08-24 13:13:06 - [TEST_STEP][PASSED] - M4_spin = new groovy.json.JsonSlurper(): null

2019-08-24 13:13:06 - [TEST_STEP][PASSED] - result_M4_spin = M4_spin.parseText(response.getResponseBodyContent()): null

2019-08-24 13:13:06 - [TEST_STEP][PASSED] - M4_spin_current_balance = current_balance: null

2019-08-24 13:13:06 - [TEST_STEP][PASSED] - M4_spin_current_balance = M4_spin_current_balance: null

2019-08-24 13:13:06 - [TEST_STEP][PASSED] - M4_spin_transaction_id = causality: null

2019-08-24 13:13:06 - [TEST_STEP][PASSED] - M4_spin_transaction_id = M4_spin_transaction_id: null

2019-08-24 13:13:06 - [TEST_STEP][PASSED] - M4_spin_round_id = round_id: null

2019-08-24 13:13:06 - [TEST_STEP][PASSED] - M4_spin_round_id = M4_spin_round_id: null

2019-08-24 13:13:06 - [TEST_STEP][PASSED] - M4_spin_line_wins = line_wins: null

2019-08-24 13:13:06 - [TEST_STEP][PASSED] - M4_spin_line_wins = M4_spin_line_wins: null

2019-08-24 13:13:06 - [TEST_STEP][PASSED] - M4_total_bonus_spins_int = total_bonus_spins: null

2019-08-24 13:13:06 - [TEST_STEP][PASSED] - println("******M4_total_bonus_spins type is:*******" + newline + getClass().getName()): null

2019-08-24 13:13:06 - [TEST_STEP][PASSED] - M4_total_bonus_spins_int = M4_total_bonus_spins_int: null

2019-08-24 13:13:06 - [TEST_STEP][PASSED] - M4_total_bonus_spins = Integer.toString(M4_total_bonus_spins_int): null

2019-08-24 13:13:06 - [TEST_STEP][PASSED] - M4_total_bonus_spins = M4_total_bonus_spins: null

2019-08-24 13:13:06 - [TEST_STEP][PASSED] - println("M4_total_bonus_spins is:" + M4_total_bonus_spins): null

2019-08-24 13:13:06 - [TEST_STEP][PASSED] - M4_spin_bonus_data = bonus_data: null

2019-08-24 13:13:06 - [TEST_STEP][PASSED] - M4_spin_features_triggered = result_M4_spin: null

2019-08-24 13:13:06 - [TEST_STEP][PASSED] - wild = []: null

2019-08-24 13:13:06 - [TEST_STEP][PASSED] - wild[0] = "WILD_Expanding": null

2019-08-24 13:13:06 - [TEST_STEP][PASSED] - wild[1] = "WILD_Normal": null

2019-08-24 13:13:06 - [TEST_STEP][PASSED] - wild[2] = "WILD_Double": null

2019-08-24 13:13:06 - [TEST_STEP][PASSED] - wild[3] = "WILD_ExtraFG": null

2019-08-24 13:13:06 - [TEST_STEP][PASSED] - wild[4] = "WILD_Triple": null

2019-08-24 13:13:06 - [TEST_STEP][PASSED] - wildList = Arrays.asList(wild): null

2019-08-24 13:13:06 - [TEST_STEP][PASSED] - wildList = wildList: null

2019-08-24 13:13:06 - [TEST_STEP][PASSED] - free_spin_reel_counter = []: null

2019-08-24 13:13:06 - [TEST_STEP][PASSED] - free_spin_reel_counter[0] = 0: null

2019-08-24 13:13:06 - [TEST_STEP][PASSED] - free_spin_reel_counter[1] = 0: null

2019-08-24 13:13:06 - [TEST_STEP][PASSED] - free_spin_reel_counter[2] = 0: null

2019-08-24 13:13:06 - [TEST_STEP][PASSED] - M4_spin_reels = reels: null

2019-08-24 13:13:06 - [TEST_STEP][PASSED] - for ([i = 0, i &lt; M4_spin_reels.size(), (i++)]): null

2019-08-24 13:13:06 - [TEST_STEP][PASSED] - symbols = symbols: null

2019-08-24 13:13:06 - [TEST_STEP][PASSED] - for ([j = 0, j &lt; symbols.size(), (j++)]): null

2019-08-24 13:13:06 - [TEST_STEP][PASSED] - symbol = symbol: null

2019-08-24 13:13:06 - [TEST_STEP][PASSED] - println(symbol): null

2019-08-24 13:13:06 - [TEST_STEP][PASSED] - if (i == 2 &amp;&amp; wildList.indexOf(symbol) != -1): null

2019-08-24 13:13:06 - [TEST_STEP][PASSED] - if (i == 3 &amp;&amp; wildList.indexOf(symbol) != -1): null

2019-08-24 13:13:06 - [TEST_STEP][PASSED] - if (i == 4 &amp;&amp; wildList.indexOf(symbol) != -1): null

2019-08-24 13:13:06 - [TEST_STEP][PASSED] - symbol = symbol: null

2019-08-24 13:13:06 - [TEST_STEP][PASSED] - println(symbol): null

2019-08-24 13:13:06 - [TEST_STEP][PASSED] - if (i == 2 &amp;&amp; wildList.indexOf(symbol) != -1): null

2019-08-24 13:13:06 - [TEST_STEP][PASSED] - if (i == 3 &amp;&amp; wildList.indexOf(symbol) != -1): null

2019-08-24 13:13:06 - [TEST_STEP][PASSED] - if (i == 4 &amp;&amp; wildList.indexOf(symbol) != -1): null

2019-08-24 13:13:06 - [TEST_STEP][PASSED] - symbol = symbol: null

2019-08-24 13:13:06 - [TEST_STEP][PASSED] - println(symbol): null

2019-08-24 13:13:06 - [TEST_STEP][PASSED] - if (i == 2 &amp;&amp; wildList.indexOf(symbol) != -1): null

2019-08-24 13:13:06 - [TEST_STEP][PASSED] - if (i == 3 &amp;&amp; wildList.indexOf(symbol) != -1): null

2019-08-24 13:13:06 - [TEST_STEP][PASSED] - if (i == 4 &amp;&amp; wildList.indexOf(symbol) != -1): null

2019-08-24 13:13:06 - [TEST_STEP][PASSED] - symbols = symbols: null

2019-08-24 13:13:06 - [TEST_STEP][PASSED] - for ([j = 0, j &lt; symbols.size(), (j++)]): null

2019-08-24 13:13:06 - [TEST_STEP][PASSED] - symbol = symbol: null

2019-08-24 13:13:06 - [TEST_STEP][PASSED] - println(symbol): null

2019-08-24 13:13:06 - [TEST_STEP][PASSED] - if (i == 2 &amp;&amp; wildList.indexOf(symbol) != -1): null

2019-08-24 13:13:06 - [TEST_STEP][PASSED] - if (i == 3 &amp;&amp; wildList.indexOf(symbol) != -1): null

2019-08-24 13:13:06 - [TEST_STEP][PASSED] - if (i == 4 &amp;&amp; wildList.indexOf(symbol) != -1): null

2019-08-24 13:13:06 - [TEST_STEP][PASSED] - symbol = symbol: null

2019-08-24 13:13:06 - [TEST_STEP][PASSED] - println(symbol): null

2019-08-24 13:13:06 - [TEST_STEP][PASSED] - if (i == 2 &amp;&amp; wildList.indexOf(symbol) != -1): null

2019-08-24 13:13:14 - [TEST_STEP][PASSED] - if (i == 3 &amp;&amp; wildList.indexOf(symbol) != -1): null

2019-08-24 13:13:14 - [TEST_STEP][PASSED] - if (i == 4 &amp;&amp; wildList.indexOf(symbol) != -1): null

2019-08-24 13:13:14 - [TEST_STEP][PASSED] - symbol = symbol: null

2019-08-24 13:13:14 - [TEST_STEP][PASSED] - println(symbol): null

2019-08-24 13:13:14 - [TEST_STEP][PASSED] - if (i == 2 &amp;&amp; wildList.indexOf(symbol) != -1): null

2019-08-24 13:13:14 - [TEST_STEP][PASSED] - if (i == 3 &amp;&amp; wildList.indexOf(symbol) != -1): null

2019-08-24 13:13:19 - [TEST_STEP][PASSED] - if (i == 4 &amp;&amp; wildList.indexOf(symbol) != -1): null

2019-08-24 13:13:19 - [TEST_STEP][PASSED] - symbols = symbols: null

2019-08-24 13:13:19 - [TEST_STEP][PASSED] - for ([j = 0, j &lt; symbols.size(), (j++)]): null

2019-08-24 13:13:19 - [TEST_STEP][PASSED] - symbol = symbol: null

2019-08-24 13:13:19 - [TEST_STEP][PASSED] - println(symbol): null

2019-08-24 13:13:19 - [TEST_STEP][PASSED] - if (i == 2 &amp;&amp; wildList.indexOf(symbol) != -1): null

2019-08-24 13:13:19 - [TEST_STEP][PASSED] - if (i == 3 &amp;&amp; wildList.indexOf(symbol) != -1): null

2019-08-24 13:13:19 - [TEST_STEP][PASSED] - if (i == 4 &amp;&amp; wildList.indexOf(symbol) != -1): null

2019-08-24 13:13:19 - [TEST_STEP][PASSED] - symbol = symbol: null

2019-08-24 13:13:19 - [TEST_STEP][PASSED] - println(symbol): null

2019-08-24 13:13:19 - [TEST_STEP][PASSED] - if (i == 2 &amp;&amp; wildList.indexOf(symbol) != -1): null

2019-08-24 13:13:20 - [TEST_STEP][PASSED] - if (i == 3 &amp;&amp; wildList.indexOf(symbol) != -1): null

2019-08-24 13:13:20 - [TEST_STEP][PASSED] - if (i == 4 &amp;&amp; wildList.indexOf(symbol) != -1): null

2019-08-24 13:13:20 - [TEST_STEP][PASSED] - symbol = symbol: null

2019-08-24 13:13:20 - [TEST_STEP][PASSED] - println(symbol): null

2019-08-24 13:13:20 - [TEST_STEP][PASSED] - if (i == 2 &amp;&amp; wildList.indexOf(symbol) != -1): null

2019-08-24 13:13:20 - [TEST_STEP][PASSED] - if (i == 3 &amp;&amp; wildList.indexOf(symbol) != -1): null

2019-08-24 13:13:20 - [TEST_STEP][PASSED] - if (i == 4 &amp;&amp; wildList.indexOf(symbol) != -1): null

2019-08-24 13:13:20 - [TEST_STEP][PASSED] - symbols = symbols: null

2019-08-24 13:13:20 - [TEST_STEP][PASSED] - for ([j = 0, j &lt; symbols.size(), (j++)]): null

2019-08-24 13:13:20 - [TEST_STEP][PASSED] - symbol = symbol: null

2019-08-24 13:13:20 - [TEST_STEP][PASSED] - println(symbol): null

2019-08-24 13:13:20 - [TEST_STEP][PASSED] - if (i == 2 &amp;&amp; wildList.indexOf(symbol) != -1): null

2019-08-24 13:13:20 - [TEST_STEP][PASSED] - if (i == 3 &amp;&amp; wildList.indexOf(symbol) != -1): null

2019-08-24 13:13:20 - [TEST_STEP][PASSED] - if (i == 4 &amp;&amp; wildList.indexOf(symbol) != -1): null

2019-08-24 13:13:20 - [TEST_STEP][PASSED] - symbol = symbol: null

2019-08-24 13:13:20 - [TEST_STEP][PASSED] - println(symbol): null

2019-08-24 13:13:20 - [TEST_STEP][PASSED] - if (i == 2 &amp;&amp; wildList.indexOf(symbol) != -1): null

2019-08-24 13:13:20 - [TEST_STEP][PASSED] - if (i == 3 &amp;&amp; wildList.indexOf(symbol) != -1): null

2019-08-24 13:13:20 - [TEST_STEP][PASSED] - if (i == 4 &amp;&amp; wildList.indexOf(symbol) != -1): null

2019-08-24 13:13:20 - [TEST_STEP][PASSED] - symbol = symbol: null

2019-08-24 13:13:20 - [TEST_STEP][PASSED] - println(symbol): null

2019-08-24 13:13:20 - [TEST_STEP][PASSED] - if (i == 2 &amp;&amp; wildList.indexOf(symbol) != -1): null

2019-08-24 13:13:20 - [TEST_STEP][PASSED] - if (i == 3 &amp;&amp; wildList.indexOf(symbol) != -1): null

2019-08-24 13:13:20 - [TEST_STEP][PASSED] - println("wild found on reel 4, adding counter by 1"): null

2019-08-24 13:13:20 - [TEST_STEP][PASSED] - free_spin_reel_counter[1] = free_spin_reel_counter[1] + 1: null

2019-08-24 13:13:20 - [TEST_STEP][PASSED] - if (i == 4 &amp;&amp; wildList.indexOf(symbol) != -1): null

2019-08-24 13:13:20 - [TEST_STEP][PASSED] - symbols = symbols: null

2019-08-24 13:13:20 - [TEST_STEP][PASSED] - for ([j = 0, j &lt; symbols.size(), (j++)]): null

2019-08-24 13:13:20 - [TEST_STEP][PASSED] - symbol = symbol: null

2019-08-24 13:13:20 - [TEST_STEP][PASSED] - println(symbol): null

2019-08-24 13:13:20 - [TEST_STEP][PASSED] - if (i == 2 &amp;&amp; wildList.indexOf(symbol) != -1): null

2019-08-24 13:13:20 - [TEST_STEP][PASSED] - if (i == 3 &amp;&amp; wildList.indexOf(symbol) != -1): null

2019-08-24 13:13:20 - [TEST_STEP][PASSED] - if (i == 4 &amp;&amp; wildList.indexOf(symbol) != -1): null

2019-08-24 13:13:20 - [TEST_STEP][PASSED] - symbol = symbol: null

2019-08-24 13:13:20 - [TEST_STEP][PASSED] - println(symbol): null

2019-08-24 13:13:20 - [TEST_STEP][PASSED] - if (i == 2 &amp;&amp; wildList.indexOf(symbol) != -1): null

2019-08-24 13:13:20 - [TEST_STEP][PASSED] - if (i == 3 &amp;&amp; wildList.indexOf(symbol) != -1): null

2019-08-24 13:13:20 - [TEST_STEP][PASSED] - if (i == 4 &amp;&amp; wildList.indexOf(symbol) != -1): null

2019-08-24 13:13:20 - [TEST_STEP][PASSED] - symbol = symbol: null

2019-08-24 13:13:20 - [TEST_STEP][PASSED] - println(symbol): null

2019-08-24 13:13:20 - [TEST_STEP][PASSED] - if (i == 2 &amp;&amp; wildList.indexOf(symbol) != -1): null

2019-08-24 13:13:20 - [TEST_STEP][PASSED] - if (i == 3 &amp;&amp; wildList.indexOf(symbol) != -1): null

2019-08-24 13:13:20 - [TEST_STEP][PASSED] - if (i == 4 &amp;&amp; wildList.indexOf(symbol) != -1): null

2019-08-24 13:13:20 - [TEST_STEP][PASSED] - free_spin_reel_counter = free_spin_reel_counter: null

2019-08-24 13:13:20 - [TEST_STEP][PASSED] - println("reel 3 wild found: " + free_spin_reel_counter[0]): null

2019-08-24 13:13:20 - [TEST_STEP][PASSED] - println("reel 4 wild found: " + free_spin_reel_counter[1]): null

2019-08-24 13:13:20 - [TEST_STEP][PASSED] - println("reel 5 wild found: " + free_spin_reel_counter[2]): null

2019-08-24 13:13:20 - [TEST_STEP][PASSED] - M4_spin_reels = M4_spin_reels: null

2019-08-24 13:13:20 - [TEST_STEP][PASSED] - M4_spin_reels_symbols = symbol: null

2019-08-24 13:13:20 - [TEST_STEP][PASSED] - M4_spin_reels_symbols = M4_spin_reels_symbols: null

2019-08-24 13:13:20 - [TEST_STEP][PASSED] - M4_spin_reel_wins = reel_wins: null

2019-08-24 13:13:20 - [TEST_STEP][PASSED] - M4_spin_reel_wins = M4_spin_reel_wins: null

2019-08-24 13:13:20 - [TEST_STEP][PASSED] - println("GlobalVariable.M4_spin_reel_wins is: " + M4_spin_reel_wins): null

2019-08-24 13:13:20 - [TEST_STEP][PASSED] - M4_spin_total_bonus_win_this_round = total_bonus_win_this_round: null

2019-08-24 13:13:20 - [TEST_STEP][PASSED] - M4_spin_total_bonus_win_this_round = M4_spin_total_bonus_win_this_round: null

2019-08-24 13:13:20 - [TEST_STEP][PASSED] - println("GlobalVariable.M4_spin_total_bonus_win_this_round is: " + M4_spin_total_bonus_win_this_round): null

2019-08-24 13:13:20 - [TEST_STEP][PASSED] - M4_spin_bonus_spin_result = spin_result: null

2019-08-24 13:13:20 - [TEST_STEP][PASSED] - M4_spin_bonus_spin_result = M4_spin_bonus_spin_result: null

2019-08-24 13:13:20 - [MESSAGE][PASSED] - Verify response successfully

2019-08-24 13:13:20 - [MESSAGE][PASSED] - Send request and verify the response successfully

2019-08-24 13:13:20 - [TEST_STEP][PASSED] - if (M4_total_bonus_spins_int != 0 &amp;&amp; M4_spin_reels_symbols[2].contains("WILD_Expanding")): null

2019-08-24 13:13:20 - [TEST_STEP][PASSED] - free_spin_reel_counter = free_spin_reel_counter: null

2019-08-24 13:13:20 - [TEST_STEP][PASSED] - M4_spin_reels_symbols = M4_spin_reels_symbols: null

2019-08-24 13:13:20 - [TEST_STEP][PASSED] - M4_total_bonus_spins = M4_total_bonus_spins: null

2019-08-24 13:13:20 - [TEST_STEP][PASSED] - spin_result = sendRequestAndVerify(findTestObject("INT/RGS(M4)/1_M4_spin", ["M4_login_user_id":M4_login_user_id, "rgs_session_token":rgs_session_token, "partner":Partner])): Send request and verify the response successfully

2019-08-24 13:13:20 - [MESSAGE][INFO] - HAR: /Users/eiralee/Katalon_Script/SuperWild/Reports/20190824_125957/INT/superWild_5/20190824_125957/requests/main/233.har

2019-08-24 13:13:20 - [TEST_CASE][PASSED] - Start Test Case : Verification: Verification accomplished successfully

2019-08-24 13:13:20 - [TEST_STEP][PASSED] - request = getInstance().getCurrentRequest(): null

2019-08-24 13:13:20 - [TEST_STEP][PASSED] - response = getInstance().getCurrentResponse(): null

2019-08-24 13:13:20 - [TEST_STEP][PASSED] - verifyResponseStatusCode(response, 200): Verify response status code successfully

2019-08-24 13:13:20 - [MESSAGE][PASSED] - Verify response status code successfully

2019-08-24 13:13:20 - [TEST_STEP][PASSED] - getStatusCode()).isEqualTo(200): null

2019-08-24 13:13:20 - [TEST_STEP][PASSED] - newline = System.getProperty("line.separator"): null

2019-08-24 13:13:20 - [TEST_STEP][PASSED] - M4_spin = new groovy.json.JsonSlurper(): null

2019-08-24 13:13:20 - [TEST_STEP][PASSED] - result_M4_spin = M4_spin.parseText(response.getResponseBodyContent()): null

2019-08-24 13:13:20 - [TEST_STEP][PASSED] - M4_spin_current_balance = current_balance: null

2019-08-24 13:13:20 - [TEST_STEP][PASSED] - M4_spin_current_balance = M4_spin_current_balance: null

2019-08-24 13:13:20 - [TEST_STEP][PASSED] - M4_spin_transaction_id = causality: null

2019-08-24 13:13:20 - [TEST_STEP][PASSED] - M4_spin_transaction_id = M4_spin_transaction_id: null

2019-08-24 13:13:20 - [TEST_STEP][PASSED] - M4_spin_round_id = round_id: null

2019-08-24 13:13:20 - [TEST_STEP][PASSED] - M4_spin_round_id = M4_spin_round_id: null

2019-08-24 13:13:20 - [TEST_STEP][PASSED] - M4_spin_line_wins = line_wins: null

2019-08-24 13:13:20 - [TEST_STEP][PASSED] - M4_spin_line_wins = M4_spin_line_wins: null

2019-08-24 13:13:20 - [TEST_STEP][PASSED] - M4_total_bonus_spins_int = total_bonus_spins: null

2019-08-24 13:13:20 - [TEST_STEP][PASSED] - println("******M4_total_bonus_spins type is:*******" + newline + getClass().getName()): null

2019-08-24 13:13:20 - [TEST_STEP][PASSED] - M4_total_bonus_spins_int = M4_total_bonus_spins_int: null

2019-08-24 13:13:20 - [TEST_STEP][PASSED] - M4_total_bonus_spins = Integer.toString(M4_total_bonus_spins_int): null

2019-08-24 13:13:20 - [TEST_STEP][PASSED] - M4_total_bonus_spins = M4_total_bonus_spins: null

2019-08-24 13:13:20 - [TEST_STEP][PASSED] - println("M4_total_bonus_spins is:" + M4_total_bonus_spins): null

2019-08-24 13:13:20 - [TEST_STEP][PASSED] - M4_spin_bonus_data = bonus_data: null

2019-08-24 13:13:20 - [TEST_STEP][PASSED] - M4_spin_features_triggered = result_M4_spin: null

2019-08-24 13:13:20 - [TEST_STEP][PASSED] - wild = []: null

2019-08-24 13:13:20 - [TEST_STEP][PASSED] - wild[0] = "WILD_Expanding": null

2019-08-24 13:13:20 - [TEST_STEP][PASSED] - wild[1] = "WILD_Normal": null

2019-08-24 13:13:20 - [TEST_STEP][PASSED] - wild[2] = "WILD_Double": null

2019-08-24 13:13:20 - [TEST_STEP][PASSED] - wild[3] = "WILD_ExtraFG": null

2019-08-24 13:13:20 - [TEST_STEP][PASSED] - wild[4] = "WILD_Triple": null

2019-08-24 13:13:20 - [TEST_STEP][PASSED] - wildList = Arrays.asList(wild): null

2019-08-24 13:13:20 - [TEST_STEP][PASSED] - wildList = wildList: null

2019-08-24 13:13:20 - [TEST_STEP][PASSED] - free_spin_reel_counter = []: null

2019-08-24 13:13:20 - [TEST_STEP][PASSED] - free_spin_reel_counter[0] = 0: null

2019-08-24 13:13:20 - [TEST_STEP][PASSED] - free_spin_reel_counter[1] = 0: null

2019-08-24 13:13:20 - [TEST_STEP][PASSED] - free_spin_reel_counter[2] = 0: null

2019-08-24 13:13:20 - [TEST_STEP][PASSED] - M4_spin_reels = reels: null

2019-08-24 13:13:20 - [TEST_STEP][PASSED] - for ([i = 0, i &lt; M4_spin_reels.size(), (i++)]): null

2019-08-24 13:13:20 - [TEST_STEP][PASSED] - symbols = symbols: null

2019-08-24 13:13:20 - [TEST_STEP][PASSED] - for ([j = 0, j &lt; symbols.size(), (j++)]): null

2019-08-24 13:13:20 - [TEST_STEP][PASSED] - symbol = symbol: null

2019-08-24 13:13:20 - [TEST_STEP][PASSED] - println(symbol): null

2019-08-24 13:13:20 - [TEST_STEP][PASSED] - if (i == 2 &amp;&amp; wildList.indexOf(symbol) != -1): null

2019-08-24 13:13:20 - [TEST_STEP][PASSED] - if (i == 3 &amp;&amp; wildList.indexOf(symbol) != -1): null

2019-08-24 13:13:20 - [TEST_STEP][PASSED] - if (i == 4 &amp;&amp; wildList.indexOf(symbol) != -1): null

2019-08-24 13:13:20 - [TEST_STEP][PASSED] - symbol = symbol: null

2019-08-24 13:13:20 - [TEST_STEP][PASSED] - println(symbol): null

2019-08-24 13:13:20 - [TEST_STEP][PASSED] - if (i == 2 &amp;&amp; wildList.indexOf(symbol) != -1): null

2019-08-24 13:13:20 - [TEST_STEP][PASSED] - if (i == 3 &amp;&amp; wildList.indexOf(symbol) != -1): null

2019-08-24 13:13:20 - [TEST_STEP][PASSED] - if (i == 4 &amp;&amp; wildList.indexOf(symbol) != -1): null

2019-08-24 13:13:20 - [TEST_STEP][PASSED] - symbol = symbol: null

2019-08-24 13:13:20 - [TEST_STEP][PASSED] - println(symbol): null

2019-08-24 13:13:20 - [TEST_STEP][PASSED] - if (i == 2 &amp;&amp; wildList.indexOf(symbol) != -1): null

2019-08-24 13:13:20 - [TEST_STEP][PASSED] - if (i == 3 &amp;&amp; wildList.indexOf(symbol) != -1): null

2019-08-24 13:13:20 - [TEST_STEP][PASSED] - if (i == 4 &amp;&amp; wildList.indexOf(symbol) != -1): null

2019-08-24 13:13:20 - [TEST_STEP][PASSED] - symbols = symbols: null

2019-08-24 13:13:20 - [TEST_STEP][PASSED] - for ([j = 0, j &lt; symbols.size(), (j++)]): null

2019-08-24 13:13:20 - [TEST_STEP][PASSED] - symbol = symbol: null

2019-08-24 13:13:20 - [TEST_STEP][PASSED] - println(symbol): null

2019-08-24 13:13:20 - [TEST_STEP][PASSED] - if (i == 2 &amp;&amp; wildList.indexOf(symbol) != -1): null

2019-08-24 13:13:20 - [TEST_STEP][PASSED] - if (i == 3 &amp;&amp; wildList.indexOf(symbol) != -1): null

2019-08-24 13:13:20 - [TEST_STEP][PASSED] - if (i == 4 &amp;&amp; wildList.indexOf(symbol) != -1): null

2019-08-24 13:13:20 - [TEST_STEP][PASSED] - symbol = symbol: null

2019-08-24 13:13:20 - [TEST_STEP][PASSED] - println(symbol): null

2019-08-24 13:13:20 - [TEST_STEP][PASSED] - if (i == 2 &amp;&amp; wildList.indexOf(symbol) != -1): null

2019-08-24 13:13:20 - [TEST_STEP][PASSED] - if (i == 3 &amp;&amp; wildList.indexOf(symbol) != -1): null

2019-08-24 13:13:20 - [TEST_STEP][PASSED] - if (i == 4 &amp;&amp; wildList.indexOf(symbol) != -1): null

2019-08-24 13:13:20 - [TEST_STEP][PASSED] - symbol = symbol: null

2019-08-24 13:13:20 - [TEST_STEP][PASSED] - println(symbol): null

2019-08-24 13:13:20 - [TEST_STEP][PASSED] - if (i == 2 &amp;&amp; wildList.indexOf(symbol) != -1): null

2019-08-24 13:13:20 - [TEST_STEP][PASSED] - if (i == 3 &amp;&amp; wildList.indexOf(symbol) != -1): null

2019-08-24 13:13:20 - [TEST_STEP][PASSED] - if (i == 4 &amp;&amp; wildList.indexOf(symbol) != -1): null

2019-08-24 13:13:20 - [TEST_STEP][PASSED] - symbols = symbols: null

2019-08-24 13:13:20 - [TEST_STEP][PASSED] - for ([j = 0, j &lt; symbols.size(), (j++)]): null

2019-08-24 13:13:20 - [TEST_STEP][PASSED] - symbol = symbol: null

2019-08-24 13:13:20 - [TEST_STEP][PASSED] - println(symbol): null

2019-08-24 13:13:20 - [TEST_STEP][PASSED] - if (i == 2 &amp;&amp; wildList.indexOf(symbol) != -1): null

2019-08-24 13:13:20 - [TEST_STEP][PASSED] - if (i == 3 &amp;&amp; wildList.indexOf(symbol) != -1): null

2019-08-24 13:13:20 - [TEST_STEP][PASSED] - if (i == 4 &amp;&amp; wildList.indexOf(symbol) != -1): null

2019-08-24 13:13:20 - [TEST_STEP][PASSED] - symbol = symbol: null

2019-08-24 13:13:20 - [TEST_STEP][PASSED] - println(symbol): null

2019-08-24 13:13:20 - [TEST_STEP][PASSED] - if (i == 2 &amp;&amp; wildList.indexOf(symbol) != -1): null

2019-08-24 13:13:20 - [TEST_STEP][PASSED] - if (i == 3 &amp;&amp; wildList.indexOf(symbol) != -1): null

2019-08-24 13:13:20 - [TEST_STEP][PASSED] - if (i == 4 &amp;&amp; wildList.indexOf(symbol) != -1): null

2019-08-24 13:13:20 - [TEST_STEP][PASSED] - symbol = symbol: null

2019-08-24 13:13:20 - [TEST_STEP][PASSED] - println(symbol): null

2019-08-24 13:13:20 - [TEST_STEP][PASSED] - if (i == 2 &amp;&amp; wildList.indexOf(symbol) != -1): null

2019-08-24 13:13:20 - [TEST_STEP][PASSED] - if (i == 3 &amp;&amp; wildList.indexOf(symbol) != -1): null

2019-08-24 13:13:20 - [TEST_STEP][PASSED] - if (i == 4 &amp;&amp; wildList.indexOf(symbol) != -1): null

2019-08-24 13:13:20 - [TEST_STEP][PASSED] - symbols = symbols: null

2019-08-24 13:13:20 - [TEST_STEP][PASSED] - for ([j = 0, j &lt; symbols.size(), (j++)]): null

2019-08-24 13:13:20 - [TEST_STEP][PASSED] - symbol = symbol: null

2019-08-24 13:13:20 - [TEST_STEP][PASSED] - println(symbol): null

2019-08-24 13:13:20 - [TEST_STEP][PASSED] - if (i == 2 &amp;&amp; wildList.indexOf(symbol) != -1): null

2019-08-24 13:13:20 - [TEST_STEP][PASSED] - if (i == 3 &amp;&amp; wildList.indexOf(symbol) != -1): null

2019-08-24 13:13:20 - [TEST_STEP][PASSED] - if (i == 4 &amp;&amp; wildList.indexOf(symbol) != -1): null

2019-08-24 13:13:20 - [TEST_STEP][PASSED] - symbol = symbol: null

2019-08-24 13:13:20 - [TEST_STEP][PASSED] - println(symbol): null

2019-08-24 13:13:20 - [TEST_STEP][PASSED] - if (i == 2 &amp;&amp; wildList.indexOf(symbol) != -1): null

2019-08-24 13:13:20 - [TEST_STEP][PASSED] - if (i == 3 &amp;&amp; wildList.indexOf(symbol) != -1): null

2019-08-24 13:13:20 - [TEST_STEP][PASSED] - if (i == 4 &amp;&amp; wildList.indexOf(symbol) != -1): null

2019-08-24 13:13:20 - [TEST_STEP][PASSED] - symbol = symbol: null

2019-08-24 13:13:20 - [TEST_STEP][PASSED] - println(symbol): null

2019-08-24 13:13:20 - [TEST_STEP][PASSED] - if (i == 2 &amp;&amp; wildList.indexOf(symbol) != -1): null

2019-08-24 13:13:20 - [TEST_STEP][PASSED] - if (i == 3 &amp;&amp; wildList.indexOf(symbol) != -1): null

2019-08-24 13:13:20 - [TEST_STEP][PASSED] - if (i == 4 &amp;&amp; wildList.indexOf(symbol) != -1): null

2019-08-24 13:13:20 - [TEST_STEP][PASSED] - symbols = symbols: null

2019-08-24 13:13:20 - [TEST_STEP][PASSED] - for ([j = 0, j &lt; symbols.size(), (j++)]): null

2019-08-24 13:13:20 - [TEST_STEP][PASSED] - symbol = symbol: null

2019-08-24 13:13:20 - [TEST_STEP][PASSED] - println(symbol): null

2019-08-24 13:13:20 - [TEST_STEP][PASSED] - if (i == 2 &amp;&amp; wildList.indexOf(symbol) != -1): null

2019-08-24 13:13:20 - [TEST_STEP][PASSED] - if (i == 3 &amp;&amp; wildList.indexOf(symbol) != -1): null

2019-08-24 13:13:20 - [TEST_STEP][PASSED] - if (i == 4 &amp;&amp; wildList.indexOf(symbol) != -1): null

2019-08-24 13:13:20 - [TEST_STEP][PASSED] - symbol = symbol: null

2019-08-24 13:13:20 - [TEST_STEP][PASSED] - println(symbol): null

2019-08-24 13:13:20 - [TEST_STEP][PASSED] - if (i == 2 &amp;&amp; wildList.indexOf(symbol) != -1): null

2019-08-24 13:13:20 - [TEST_STEP][PASSED] - if (i == 3 &amp;&amp; wildList.indexOf(symbol) != -1): null

2019-08-24 13:13:20 - [TEST_STEP][PASSED] - if (i == 4 &amp;&amp; wildList.indexOf(symbol) != -1): null

2019-08-24 13:13:20 - [TEST_STEP][PASSED] - symbol = symbol: null

2019-08-24 13:13:20 - [TEST_STEP][PASSED] - println(symbol): null

2019-08-24 13:13:20 - [TEST_STEP][PASSED] - if (i == 2 &amp;&amp; wildList.indexOf(symbol) != -1): null

2019-08-24 13:13:20 - [TEST_STEP][PASSED] - if (i == 3 &amp;&amp; wildList.indexOf(symbol) != -1): null

2019-08-24 13:13:20 - [TEST_STEP][PASSED] - if (i == 4 &amp;&amp; wildList.indexOf(symbol) != -1): null

2019-08-24 13:13:20 - [TEST_STEP][PASSED] - free_spin_reel_counter = free_spin_reel_counter: null

2019-08-24 13:13:20 - [TEST_STEP][PASSED] - println("reel 3 wild found: " + free_spin_reel_counter[0]): null

2019-08-24 13:13:20 - [TEST_STEP][PASSED] - println("reel 4 wild found: " + free_spin_reel_counter[1]): null

2019-08-24 13:13:20 - [TEST_STEP][PASSED] - println("reel 5 wild found: " + free_spin_reel_counter[2]): null

2019-08-24 13:13:20 - [TEST_STEP][PASSED] - M4_spin_reels = M4_spin_reels: null

2019-08-24 13:13:20 - [TEST_STEP][PASSED] - M4_spin_reels_symbols = symbol: null

2019-08-24 13:13:20 - [TEST_STEP][PASSED] - M4_spin_reels_symbols = M4_spin_reels_symbols: null

2019-08-24 13:13:20 - [TEST_STEP][PASSED] - M4_spin_reel_wins = reel_wins: null

2019-08-24 13:13:20 - [TEST_STEP][PASSED] - M4_spin_reel_wins = M4_spin_reel_wins: null

2019-08-24 13:13:20 - [TEST_STEP][PASSED] - println("GlobalVariable.M4_spin_reel_wins is: " + M4_spin_reel_wins): null

2019-08-24 13:13:20 - [TEST_STEP][PASSED] - M4_spin_total_bonus_win_this_round = total_bonus_win_this_round: null

2019-08-24 13:13:20 - [TEST_STEP][PASSED] - M4_spin_total_bonus_win_this_round = M4_spin_total_bonus_win_this_round: null

2019-08-24 13:13:20 - [TEST_STEP][PASSED] - println("GlobalVariable.M4_spin_total_bonus_win_this_round is: " + M4_spin_total_bonus_win_this_round): null

2019-08-24 13:13:20 - [TEST_STEP][PASSED] - M4_spin_bonus_spin_result = spin_result: null

2019-08-24 13:13:20 - [TEST_STEP][PASSED] - M4_spin_bonus_spin_result = M4_spin_bonus_spin_result: null

2019-08-24 13:13:20 - [MESSAGE][PASSED] - Verify response successfully

2019-08-24 13:13:20 - [MESSAGE][PASSED] - Send request and verify the response successfully

2019-08-24 13:13:20 - [TEST_STEP][PASSED] - if (M4_total_bonus_spins_int != 0 &amp;&amp; M4_spin_reels_symbols[2].contains("WILD_Expanding")): null

2019-08-24 13:13:20 - [TEST_STEP][PASSED] - free_spin_reel_counter = free_spin_reel_counter: null

2019-08-24 13:13:20 - [TEST_STEP][PASSED] - M4_spin_reels_symbols = M4_spin_reels_symbols: null

2019-08-24 13:13:20 - [TEST_STEP][PASSED] - M4_total_bonus_spins = M4_total_bonus_spins: null

2019-08-24 13:13:20 - [TEST_STEP][PASSED] - spin_result = sendRequestAndVerify(findTestObject("INT/RGS(M4)/1_M4_spin", ["M4_login_user_id":M4_login_user_id, "rgs_session_token":rgs_session_token, "partner":Partner])): Send request and verify the response successfully

2019-08-24 13:13:21 - [MESSAGE][INFO] - HAR: /Users/eiralee/Katalon_Script/SuperWild/Reports/20190824_125957/INT/superWild_5/20190824_125957/requests/main/234.har

2019-08-24 13:13:21 - [TEST_CASE][PASSED] - Start Test Case : Verification: Verification accomplished successfully

2019-08-24 13:13:21 - [TEST_STEP][PASSED] - request = getInstance().getCurrentRequest(): null

2019-08-24 13:13:21 - [TEST_STEP][PASSED] - response = getInstance().getCurrentResponse(): null

2019-08-24 13:13:21 - [TEST_STEP][PASSED] - verifyResponseStatusCode(response, 200): Verify response status code successfully

2019-08-24 13:13:21 - [MESSAGE][PASSED] - Verify response status code successfully

2019-08-24 13:13:21 - [TEST_STEP][PASSED] - getStatusCode()).isEqualTo(200): null

2019-08-24 13:13:21 - [TEST_STEP][PASSED] - newline = System.getProperty("line.separator"): null

2019-08-24 13:13:21 - [TEST_STEP][PASSED] - M4_spin = new groovy.json.JsonSlurper(): null

2019-08-24 13:13:21 - [TEST_STEP][PASSED] - result_M4_spin = M4_spin.parseText(response.getResponseBodyContent()): null

2019-08-24 13:13:21 - [TEST_STEP][PASSED] - M4_spin_current_balance = current_balance: null

2019-08-24 13:13:21 - [TEST_STEP][PASSED] - M4_spin_current_balance = M4_spin_current_balance: null

2019-08-24 13:13:21 - [TEST_STEP][PASSED] - M4_spin_transaction_id = causality: null

2019-08-24 13:13:21 - [TEST_STEP][PASSED] - M4_spin_transaction_id = M4_spin_transaction_id: null

2019-08-24 13:13:21 - [TEST_STEP][PASSED] - M4_spin_round_id = round_id: null

2019-08-24 13:13:21 - [TEST_STEP][PASSED] - M4_spin_round_id = M4_spin_round_id: null

2019-08-24 13:13:21 - [TEST_STEP][PASSED] - M4_spin_line_wins = line_wins: null

2019-08-24 13:13:21 - [TEST_STEP][PASSED] - M4_spin_line_wins = M4_spin_line_wins: null

2019-08-24 13:13:21 - [TEST_STEP][PASSED] - M4_total_bonus_spins_int = total_bonus_spins: null

2019-08-24 13:13:21 - [TEST_STEP][PASSED] - println("******M4_total_bonus_spins type is:*******" + newline + getClass().getName()): null

2019-08-24 13:13:21 - [TEST_STEP][PASSED] - M4_total_bonus_spins_int = M4_total_bonus_spins_int: null

2019-08-24 13:13:21 - [TEST_STEP][PASSED] - M4_total_bonus_spins = Integer.toString(M4_total_bonus_spins_int): null

2019-08-24 13:13:21 - [TEST_STEP][PASSED] - M4_total_bonus_spins = M4_total_bonus_spins: null

2019-08-24 13:13:21 - [TEST_STEP][PASSED] - println("M4_total_bonus_spins is:" + M4_total_bonus_spins): null

2019-08-24 13:13:21 - [TEST_STEP][PASSED] - M4_spin_bonus_data = bonus_data: null

2019-08-24 13:13:21 - [TEST_STEP][PASSED] - M4_spin_features_triggered = result_M4_spin: null

2019-08-24 13:13:21 - [TEST_STEP][PASSED] - wild = []: null

2019-08-24 13:13:21 - [TEST_STEP][PASSED] - wild[0] = "WILD_Expanding": null

2019-08-24 13:13:21 - [TEST_STEP][PASSED] - wild[1] = "WILD_Normal": null

2019-08-24 13:13:21 - [TEST_STEP][PASSED] - wild[2] = "WILD_Double": null

2019-08-24 13:13:21 - [TEST_STEP][PASSED] - wild[3] = "WILD_ExtraFG": null

2019-08-24 13:13:21 - [TEST_STEP][PASSED] - wild[4] = "WILD_Triple": null

2019-08-24 13:13:21 - [TEST_STEP][PASSED] - wildList = Arrays.asList(wild): null

2019-08-24 13:13:21 - [TEST_STEP][PASSED] - wildList = wildList: null

2019-08-24 13:13:21 - [TEST_STEP][PASSED] - free_spin_reel_counter = []: null

2019-08-24 13:13:21 - [TEST_STEP][PASSED] - free_spin_reel_counter[0] = 0: null

2019-08-24 13:13:21 - [TEST_STEP][PASSED] - free_spin_reel_counter[1] = 0: null

2019-08-24 13:13:21 - [TEST_STEP][PASSED] - free_spin_reel_counter[2] = 0: null

2019-08-24 13:13:21 - [TEST_STEP][PASSED] - M4_spin_reels = reels: null

2019-08-24 13:13:21 - [TEST_STEP][PASSED] - for ([i = 0, i &lt; M4_spin_reels.size(), (i++)]): null

2019-08-24 13:13:21 - [TEST_STEP][PASSED] - symbols = symbols: null

2019-08-24 13:13:21 - [TEST_STEP][PASSED] - for ([j = 0, j &lt; symbols.size(), (j++)]): null

2019-08-24 13:13:21 - [TEST_STEP][PASSED] - symbol = symbol: null

2019-08-24 13:13:21 - [TEST_STEP][PASSED] - println(symbol): null

2019-08-24 13:13:21 - [TEST_STEP][PASSED] - if (i == 2 &amp;&amp; wildList.indexOf(symbol) != -1): null

2019-08-24 13:13:21 - [TEST_STEP][PASSED] - if (i == 3 &amp;&amp; wildList.indexOf(symbol) != -1): null

2019-08-24 13:13:21 - [TEST_STEP][PASSED] - if (i == 4 &amp;&amp; wildList.indexOf(symbol) != -1): null

2019-08-24 13:13:21 - [TEST_STEP][PASSED] - symbol = symbol: null

2019-08-24 13:13:21 - [TEST_STEP][PASSED] - println(symbol): null

2019-08-24 13:13:21 - [TEST_STEP][PASSED] - if (i == 2 &amp;&amp; wildList.indexOf(symbol) != -1): null

2019-08-24 13:13:21 - [TEST_STEP][PASSED] - if (i == 3 &amp;&amp; wildList.indexOf(symbol) != -1): null

2019-08-24 13:13:21 - [TEST_STEP][PASSED] - if (i == 4 &amp;&amp; wildList.indexOf(symbol) != -1): null

2019-08-24 13:13:21 - [TEST_STEP][PASSED] - symbol = symbol: null

2019-08-24 13:13:21 - [TEST_STEP][PASSED] - println(symbol): null

2019-08-24 13:13:21 - [TEST_STEP][PASSED] - if (i == 2 &amp;&amp; wildList.indexOf(symbol) != -1): null

2019-08-24 13:13:21 - [TEST_STEP][PASSED] - if (i == 3 &amp;&amp; wildList.indexOf(symbol) != -1): null

2019-08-24 13:13:21 - [TEST_STEP][PASSED] - if (i == 4 &amp;&amp; wildList.indexOf(symbol) != -1): null

2019-08-24 13:13:21 - [TEST_STEP][PASSED] - symbols = symbols: null

2019-08-24 13:13:21 - [TEST_STEP][PASSED] - for ([j = 0, j &lt; symbols.size(), (j++)]): null

2019-08-24 13:13:21 - [TEST_STEP][PASSED] - symbol = symbol: null

2019-08-24 13:13:21 - [TEST_STEP][PASSED] - println(symbol): null

2019-08-24 13:13:21 - [TEST_STEP][PASSED] - if (i == 2 &amp;&amp; wildList.indexOf(symbol) != -1): null

2019-08-24 13:13:21 - [TEST_STEP][PASSED] - if (i == 3 &amp;&amp; wildList.indexOf(symbol) != -1): null

2019-08-24 13:13:21 - [TEST_STEP][PASSED] - if (i == 4 &amp;&amp; wildList.indexOf(symbol) != -1): null

2019-08-24 13:13:21 - [TEST_STEP][PASSED] - symbol = symbol: null

2019-08-24 13:13:21 - [TEST_STEP][PASSED] - println(symbol): null

2019-08-24 13:13:21 - [TEST_STEP][PASSED] - if (i == 2 &amp;&amp; wildList.indexOf(symbol) != -1): null

2019-08-24 13:13:21 - [TEST_STEP][PASSED] - if (i == 3 &amp;&amp; wildList.indexOf(symbol) != -1): null

2019-08-24 13:13:21 - [TEST_STEP][PASSED] - if (i == 4 &amp;&amp; wildList.indexOf(symbol) != -1): null

2019-08-24 13:13:21 - [TEST_STEP][PASSED] - symbol = symbol: null

2019-08-24 13:13:21 - [TEST_STEP][PASSED] - println(symbol): null

2019-08-24 13:13:21 - [TEST_STEP][PASSED] - if (i == 2 &amp;&amp; wildList.indexOf(symbol) != -1): null

2019-08-24 13:13:21 - [TEST_STEP][PASSED] - if (i == 3 &amp;&amp; wildList.indexOf(symbol) != -1): null

2019-08-24 13:13:21 - [TEST_STEP][PASSED] - if (i == 4 &amp;&amp; wildList.indexOf(symbol) != -1): null

2019-08-24 13:13:21 - [TEST_STEP][PASSED] - symbols = symbols: null

2019-08-24 13:13:21 - [TEST_STEP][PASSED] - for ([j = 0, j &lt; symbols.size(), (j++)]): null

2019-08-24 13:13:21 - [TEST_STEP][PASSED] - symbol = symbol: null

2019-08-24 13:13:21 - [TEST_STEP][PASSED] - println(symbol): null

2019-08-24 13:13:21 - [TEST_STEP][PASSED] - if (i == 2 &amp;&amp; wildList.indexOf(symbol) != -1): null

2019-08-24 13:13:21 - [TEST_STEP][PASSED] - if (i == 3 &amp;&amp; wildList.indexOf(symbol) != -1): null

2019-08-24 13:13:21 - [TEST_STEP][PASSED] - if (i == 4 &amp;&amp; wildList.indexOf(symbol) != -1): null

2019-08-24 13:13:21 - [TEST_STEP][PASSED] - symbol = symbol: null

2019-08-24 13:13:21 - [TEST_STEP][PASSED] - println(symbol): null

2019-08-24 13:13:21 - [TEST_STEP][PASSED] - if (i == 2 &amp;&amp; wildList.indexOf(symbol) != -1): null

2019-08-24 13:13:21 - [TEST_STEP][PASSED] - if (i == 3 &amp;&amp; wildList.indexOf(symbol) != -1): null

2019-08-24 13:13:21 - [TEST_STEP][PASSED] - if (i == 4 &amp;&amp; wildList.indexOf(symbol) != -1): null

2019-08-24 13:13:21 - [TEST_STEP][PASSED] - symbol = symbol: null

2019-08-24 13:13:21 - [TEST_STEP][PASSED] - println(symbol): null

2019-08-24 13:13:21 - [TEST_STEP][PASSED] - if (i == 2 &amp;&amp; wildList.indexOf(symbol) != -1): null

2019-08-24 13:13:21 - [TEST_STEP][PASSED] - if (i == 3 &amp;&amp; wildList.indexOf(symbol) != -1): null

2019-08-24 13:13:21 - [TEST_STEP][PASSED] - if (i == 4 &amp;&amp; wildList.indexOf(symbol) != -1): null

2019-08-24 13:13:21 - [TEST_STEP][PASSED] - symbols = symbols: null

2019-08-24 13:13:21 - [TEST_STEP][PASSED] - for ([j = 0, j &lt; symbols.size(), (j++)]): null

2019-08-24 13:13:21 - [TEST_STEP][PASSED] - symbol = symbol: null

2019-08-24 13:13:21 - [TEST_STEP][PASSED] - println(symbol): null

2019-08-24 13:13:21 - [TEST_STEP][PASSED] - if (i == 2 &amp;&amp; wildList.indexOf(symbol) != -1): null

2019-08-24 13:13:21 - [TEST_STEP][PASSED] - if (i == 3 &amp;&amp; wildList.indexOf(symbol) != -1): null

2019-08-24 13:13:21 - [TEST_STEP][PASSED] - if (i == 4 &amp;&amp; wildList.indexOf(symbol) != -1): null

2019-08-24 13:13:21 - [TEST_STEP][PASSED] - symbol = symbol: null

2019-08-24 13:13:21 - [TEST_STEP][PASSED] - println(symbol): null

2019-08-24 13:13:21 - [TEST_STEP][PASSED] - if (i == 2 &amp;&amp; wildList.indexOf(symbol) != -1): null

2019-08-24 13:13:21 - [TEST_STEP][PASSED] - if (i == 3 &amp;&amp; wildList.indexOf(symbol) != -1): null

2019-08-24 13:13:21 - [TEST_STEP][PASSED] - if (i == 4 &amp;&amp; wildList.indexOf(symbol) != -1): null

2019-08-24 13:13:21 - [TEST_STEP][PASSED] - symbol = symbol: null

2019-08-24 13:13:21 - [TEST_STEP][PASSED] - println(symbol): null

2019-08-24 13:13:21 - [TEST_STEP][PASSED] - if (i == 2 &amp;&amp; wildList.indexOf(symbol) != -1): null

2019-08-24 13:13:21 - [TEST_STEP][PASSED] - if (i == 3 &amp;&amp; wildList.indexOf(symbol) != -1): null

2019-08-24 13:13:21 - [TEST_STEP][PASSED] - if (i == 4 &amp;&amp; wildList.indexOf(symbol) != -1): null

2019-08-24 13:13:21 - [TEST_STEP][PASSED] - symbols = symbols: null

2019-08-24 13:13:21 - [TEST_STEP][PASSED] - for ([j = 0, j &lt; symbols.size(), (j++)]): null

2019-08-24 13:13:21 - [TEST_STEP][PASSED] - symbol = symbol: null

2019-08-24 13:13:21 - [TEST_STEP][PASSED] - println(symbol): null

2019-08-24 13:13:21 - [TEST_STEP][PASSED] - if (i == 2 &amp;&amp; wildList.indexOf(symbol) != -1): null

2019-08-24 13:13:21 - [TEST_STEP][PASSED] - if (i == 3 &amp;&amp; wildList.indexOf(symbol) != -1): null

2019-08-24 13:13:21 - [TEST_STEP][PASSED] - if (i == 4 &amp;&amp; wildList.indexOf(symbol) != -1): null

2019-08-24 13:13:21 - [TEST_STEP][PASSED] - symbol = symbol: null

2019-08-24 13:13:21 - [TEST_STEP][PASSED] - println(symbol): null

2019-08-24 13:13:21 - [TEST_STEP][PASSED] - if (i == 2 &amp;&amp; wildList.indexOf(symbol) != -1): null

2019-08-24 13:13:21 - [TEST_STEP][PASSED] - if (i == 3 &amp;&amp; wildList.indexOf(symbol) != -1): null

2019-08-24 13:13:21 - [TEST_STEP][PASSED] - if (i == 4 &amp;&amp; wildList.indexOf(symbol) != -1): null

2019-08-24 13:13:21 - [TEST_STEP][PASSED] - symbol = symbol: null

2019-08-24 13:13:21 - [TEST_STEP][PASSED] - println(symbol): null

2019-08-24 13:13:21 - [TEST_STEP][PASSED] - if (i == 2 &amp;&amp; wildList.indexOf(symbol) != -1): null

2019-08-24 13:13:21 - [TEST_STEP][PASSED] - if (i == 3 &amp;&amp; wildList.indexOf(symbol) != -1): null

2019-08-24 13:13:21 - [TEST_STEP][PASSED] - if (i == 4 &amp;&amp; wildList.indexOf(symbol) != -1): null

2019-08-24 13:13:21 - [TEST_STEP][PASSED] - free_spin_reel_counter = free_spin_reel_counter: null

2019-08-24 13:13:21 - [TEST_STEP][PASSED] - println("reel 3 wild found: " + free_spin_reel_counter[0]): null

2019-08-24 13:13:21 - [TEST_STEP][PASSED] - println("reel 4 wild found: " + free_spin_reel_counter[1]): null

2019-08-24 13:13:21 - [TEST_STEP][PASSED] - println("reel 5 wild found: " + free_spin_reel_counter[2]): null

2019-08-24 13:13:21 - [TEST_STEP][PASSED] - M4_spin_reels = M4_spin_reels: null

2019-08-24 13:13:21 - [TEST_STEP][PASSED] - M4_spin_reels_symbols = symbol: null

2019-08-24 13:13:21 - [TEST_STEP][PASSED] - M4_spin_reels_symbols = M4_spin_reels_symbols: null

2019-08-24 13:13:21 - [TEST_STEP][PASSED] - M4_spin_reel_wins = reel_wins: null

2019-08-24 13:13:21 - [TEST_STEP][PASSED] - M4_spin_reel_wins = M4_spin_reel_wins: null

2019-08-24 13:13:21 - [TEST_STEP][PASSED] - println("GlobalVariable.M4_spin_reel_wins is: " + M4_spin_reel_wins): null

2019-08-24 13:13:21 - [TEST_STEP][PASSED] - M4_spin_total_bonus_win_this_round = total_bonus_win_this_round: null

2019-08-24 13:13:21 - [TEST_STEP][PASSED] - M4_spin_total_bonus_win_this_round = M4_spin_total_bonus_win_this_round: null

2019-08-24 13:13:21 - [TEST_STEP][PASSED] - println("GlobalVariable.M4_spin_total_bonus_win_this_round is: " + M4_spin_total_bonus_win_this_round): null

2019-08-24 13:13:21 - [TEST_STEP][PASSED] - M4_spin_bonus_spin_result = spin_result: null

2019-08-24 13:13:21 - [TEST_STEP][PASSED] - M4_spin_bonus_spin_result = M4_spin_bonus_spin_result: null

2019-08-24 13:13:21 - [MESSAGE][PASSED] - Verify response successfully

2019-08-24 13:13:21 - [MESSAGE][PASSED] - Send request and verify the response successfully

2019-08-24 13:13:21 - [TEST_STEP][PASSED] - if (M4_total_bonus_spins_int != 0 &amp;&amp; M4_spin_reels_symbols[2].contains("WILD_Expanding")): null

2019-08-24 13:13:21 - [TEST_STEP][PASSED] - free_spin_reel_counter = free_spin_reel_counter: null

2019-08-24 13:13:21 - [TEST_STEP][PASSED] - M4_spin_reels_symbols = M4_spin_reels_symbols: null

2019-08-24 13:13:21 - [TEST_STEP][PASSED] - M4_total_bonus_spins = M4_total_bonus_spins: null

2019-08-24 13:13:21 - [TEST_STEP][PASSED] - spin_result = sendRequestAndVerify(findTestObject("INT/RGS(M4)/1_M4_spin", ["M4_login_user_id":M4_login_user_id, "rgs_session_token":rgs_session_token, "partner":Partner])): Send request and verify the response successfully

2019-08-24 13:13:21 - [MESSAGE][INFO] - HAR: /Users/eiralee/Katalon_Script/SuperWild/Reports/20190824_125957/INT/superWild_5/20190824_125957/requests/main/235.har

2019-08-24 13:13:21 - [TEST_CASE][PASSED] - Start Test Case : Verification: Verification accomplished successfully

2019-08-24 13:13:21 - [TEST_STEP][PASSED] - request = getInstance().getCurrentRequest(): null

2019-08-24 13:13:21 - [TEST_STEP][PASSED] - response = getInstance().getCurrentResponse(): null

2019-08-24 13:13:21 - [TEST_STEP][PASSED] - verifyResponseStatusCode(response, 200): Verify response status code successfully

2019-08-24 13:13:21 - [MESSAGE][PASSED] - Verify response status code successfully

2019-08-24 13:13:21 - [TEST_STEP][PASSED] - getStatusCode()).isEqualTo(200): null

2019-08-24 13:13:21 - [TEST_STEP][PASSED] - newline = System.getProperty("line.separator"): null

2019-08-24 13:13:21 - [TEST_STEP][PASSED] - M4_spin = new groovy.json.JsonSlurper(): null

2019-08-24 13:13:21 - [TEST_STEP][PASSED] - result_M4_spin = M4_spin.parseText(response.getResponseBodyContent()): null

2019-08-24 13:13:21 - [TEST_STEP][PASSED] - M4_spin_current_balance = current_balance: null

2019-08-24 13:13:21 - [TEST_STEP][PASSED] - M4_spin_current_balance = M4_spin_current_balance: null

2019-08-24 13:13:21 - [TEST_STEP][PASSED] - M4_spin_transaction_id = causality: null

2019-08-24 13:13:21 - [TEST_STEP][PASSED] - M4_spin_transaction_id = M4_spin_transaction_id: null

2019-08-24 13:13:21 - [TEST_STEP][PASSED] - M4_spin_round_id = round_id: null

2019-08-24 13:13:21 - [TEST_STEP][PASSED] - M4_spin_round_id = M4_spin_round_id: null

2019-08-24 13:13:21 - [TEST_STEP][PASSED] - M4_spin_line_wins = line_wins: null

2019-08-24 13:13:21 - [TEST_STEP][PASSED] - M4_spin_line_wins = M4_spin_line_wins: null

2019-08-24 13:13:21 - [TEST_STEP][PASSED] - M4_total_bonus_spins_int = total_bonus_spins: null

2019-08-24 13:13:21 - [TEST_STEP][PASSED] - println("******M4_total_bonus_spins type is:*******" + newline + getClass().getName()): null

2019-08-24 13:13:21 - [TEST_STEP][PASSED] - M4_total_bonus_spins_int = M4_total_bonus_spins_int: null

2019-08-24 13:13:21 - [TEST_STEP][PASSED] - M4_total_bonus_spins = Integer.toString(M4_total_bonus_spins_int): null

2019-08-24 13:13:21 - [TEST_STEP][PASSED] - M4_total_bonus_spins = M4_total_bonus_spins: null

2019-08-24 13:13:21 - [TEST_STEP][PASSED] - println("M4_total_bonus_spins is:" + M4_total_bonus_spins): null

2019-08-24 13:13:21 - [TEST_STEP][PASSED] - M4_spin_bonus_data = bonus_data: null

2019-08-24 13:13:21 - [TEST_STEP][PASSED] - M4_spin_features_triggered = result_M4_spin: null

2019-08-24 13:13:21 - [TEST_STEP][PASSED] - wild = []: null

2019-08-24 13:13:21 - [TEST_STEP][PASSED] - wild[0] = "WILD_Expanding": null

2019-08-24 13:13:21 - [TEST_STEP][PASSED] - wild[1] = "WILD_Normal": null

2019-08-24 13:13:21 - [TEST_STEP][PASSED] - wild[2] = "WILD_Double": null

2019-08-24 13:13:21 - [TEST_STEP][PASSED] - wild[3] = "WILD_ExtraFG": null

2019-08-24 13:13:21 - [TEST_STEP][PASSED] - wild[4] = "WILD_Triple": null

2019-08-24 13:13:21 - [TEST_STEP][PASSED] - wildList = Arrays.asList(wild): null

2019-08-24 13:13:21 - [TEST_STEP][PASSED] - wildList = wildList: null

2019-08-24 13:13:21 - [TEST_STEP][PASSED] - free_spin_reel_counter = []: null

2019-08-24 13:13:21 - [TEST_STEP][PASSED] - free_spin_reel_counter[0] = 0: null

2019-08-24 13:13:21 - [TEST_STEP][PASSED] - free_spin_reel_counter[1] = 0: null

2019-08-24 13:13:21 - [TEST_STEP][PASSED] - free_spin_reel_counter[2] = 0: null

2019-08-24 13:13:21 - [TEST_STEP][PASSED] - M4_spin_reels = reels: null

2019-08-24 13:13:21 - [TEST_STEP][PASSED] - for ([i = 0, i &lt; M4_spin_reels.size(), (i++)]): null

2019-08-24 13:13:21 - [TEST_STEP][PASSED] - symbols = symbols: null

2019-08-24 13:13:21 - [TEST_STEP][PASSED] - for ([j = 0, j &lt; symbols.size(), (j++)]): null

2019-08-24 13:13:21 - [TEST_STEP][PASSED] - symbol = symbol: null

2019-08-24 13:13:21 - [TEST_STEP][PASSED] - println(symbol): null

2019-08-24 13:13:21 - [TEST_STEP][PASSED] - if (i == 2 &amp;&amp; wildList.indexOf(symbol) != -1): null

2019-08-24 13:13:21 - [TEST_STEP][PASSED] - if (i == 3 &amp;&amp; wildList.indexOf(symbol) != -1): null

2019-08-24 13:13:21 - [TEST_STEP][PASSED] - if (i == 4 &amp;&amp; wildList.indexOf(symbol) != -1): null

2019-08-24 13:13:21 - [TEST_STEP][PASSED] - symbol = symbol: null

2019-08-24 13:13:21 - [TEST_STEP][PASSED] - println(symbol): null

2019-08-24 13:13:21 - [TEST_STEP][PASSED] - if (i == 2 &amp;&amp; wildList.indexOf(symbol) != -1): null

2019-08-24 13:13:21 - [TEST_STEP][PASSED] - if (i == 3 &amp;&amp; wildList.indexOf(symbol) != -1): null

2019-08-24 13:13:21 - [TEST_STEP][PASSED] - if (i == 4 &amp;&amp; wildList.indexOf(symbol) != -1): null

2019-08-24 13:13:21 - [TEST_STEP][PASSED] - symbol = symbol: null

2019-08-24 13:13:21 - [TEST_STEP][PASSED] - println(symbol): null

2019-08-24 13:13:21 - [TEST_STEP][PASSED] - if (i == 2 &amp;&amp; wildList.indexOf(symbol) != -1): null

2019-08-24 13:13:21 - [TEST_STEP][PASSED] - if (i == 3 &amp;&amp; wildList.indexOf(symbol) != -1): null

2019-08-24 13:13:21 - [TEST_STEP][PASSED] - if (i == 4 &amp;&amp; wildList.indexOf(symbol) != -1): null

2019-08-24 13:13:21 - [TEST_STEP][PASSED] - symbols = symbols: null

2019-08-24 13:13:21 - [TEST_STEP][PASSED] - for ([j = 0, j &lt; symbols.size(), (j++)]): null

2019-08-24 13:13:21 - [TEST_STEP][PASSED] - symbol = symbol: null

2019-08-24 13:13:21 - [TEST_STEP][PASSED] - println(symbol): null

2019-08-24 13:13:21 - [TEST_STEP][PASSED] - if (i == 2 &amp;&amp; wildList.indexOf(symbol) != -1): null

2019-08-24 13:13:21 - [TEST_STEP][PASSED] - if (i == 3 &amp;&amp; wildList.indexOf(symbol) != -1): null

2019-08-24 13:13:21 - [TEST_STEP][PASSED] - if (i == 4 &amp;&amp; wildList.indexOf(symbol) != -1): null

2019-08-24 13:13:21 - [TEST_STEP][PASSED] - symbol = symbol: null

2019-08-24 13:13:21 - [TEST_STEP][PASSED] - println(symbol): null

2019-08-24 13:13:21 - [TEST_STEP][PASSED] - if (i == 2 &amp;&amp; wildList.indexOf(symbol) != -1): null

2019-08-24 13:13:21 - [TEST_STEP][PASSED] - if (i == 3 &amp;&amp; wildList.indexOf(symbol) != -1): null

2019-08-24 13:13:21 - [TEST_STEP][PASSED] - if (i == 4 &amp;&amp; wildList.indexOf(symbol) != -1): null

2019-08-24 13:13:21 - [TEST_STEP][PASSED] - symbol = symbol: null

2019-08-24 13:13:21 - [TEST_STEP][PASSED] - println(symbol): null

2019-08-24 13:13:21 - [TEST_STEP][PASSED] - if (i == 2 &amp;&amp; wildList.indexOf(symbol) != -1): null

2019-08-24 13:13:21 - [TEST_STEP][PASSED] - if (i == 3 &amp;&amp; wildList.indexOf(symbol) != -1): null

2019-08-24 13:13:21 - [TEST_STEP][PASSED] - if (i == 4 &amp;&amp; wildList.indexOf(symbol) != -1): null

2019-08-24 13:13:21 - [TEST_STEP][PASSED] - symbols = symbols: null

2019-08-24 13:13:21 - [TEST_STEP][PASSED] - for ([j = 0, j &lt; symbols.size(), (j++)]): null

2019-08-24 13:13:21 - [TEST_STEP][PASSED] - symbol = symbol: null

2019-08-24 13:13:21 - [TEST_STEP][PASSED] - println(symbol): null

2019-08-24 13:13:21 - [TEST_STEP][PASSED] - if (i == 2 &amp;&amp; wildList.indexOf(symbol) != -1): null

2019-08-24 13:13:21 - [TEST_STEP][PASSED] - if (i == 3 &amp;&amp; wildList.indexOf(symbol) != -1): null

2019-08-24 13:13:21 - [TEST_STEP][PASSED] - if (i == 4 &amp;&amp; wildList.indexOf(symbol) != -1): null

2019-08-24 13:13:21 - [TEST_STEP][PASSED] - symbol = symbol: null

2019-08-24 13:13:21 - [TEST_STEP][PASSED] - println(symbol): null

2019-08-24 13:13:21 - [TEST_STEP][PASSED] - if (i == 2 &amp;&amp; wildList.indexOf(symbol) != -1): null

2019-08-24 13:13:21 - [TEST_STEP][PASSED] - println("wild found on reel 3, adding counter by 1"): null

2019-08-24 13:13:21 - [TEST_STEP][PASSED] - free_spin_reel_counter[0] = free_spin_reel_counter[0] + 1: null

2019-08-24 13:13:21 - [TEST_STEP][PASSED] - if (i == 3 &amp;&amp; wildList.indexOf(symbol) != -1): null

2019-08-24 13:13:21 - [TEST_STEP][PASSED] - if (i == 4 &amp;&amp; wildList.indexOf(symbol) != -1): null

2019-08-24 13:13:21 - [TEST_STEP][PASSED] - symbol = symbol: null

2019-08-24 13:13:21 - [TEST_STEP][PASSED] - println(symbol): null

2019-08-24 13:13:21 - [TEST_STEP][PASSED] - if (i == 2 &amp;&amp; wildList.indexOf(symbol) != -1): null

2019-08-24 13:13:21 - [TEST_STEP][PASSED] - if (i == 3 &amp;&amp; wildList.indexOf(symbol) != -1): null

2019-08-24 13:13:21 - [TEST_STEP][PASSED] - if (i == 4 &amp;&amp; wildList.indexOf(symbol) != -1): null

2019-08-24 13:13:21 - [TEST_STEP][PASSED] - symbols = symbols: null

2019-08-24 13:13:21 - [TEST_STEP][PASSED] - for ([j = 0, j &lt; symbols.size(), (j++)]): null

2019-08-24 13:13:21 - [TEST_STEP][PASSED] - symbol = symbol: null

2019-08-24 13:13:21 - [TEST_STEP][PASSED] - println(symbol): null

2019-08-24 13:13:21 - [TEST_STEP][PASSED] - if (i == 2 &amp;&amp; wildList.indexOf(symbol) != -1): null

2019-08-24 13:13:21 - [TEST_STEP][PASSED] - if (i == 3 &amp;&amp; wildList.indexOf(symbol) != -1): null

2019-08-24 13:13:21 - [TEST_STEP][PASSED] - if (i == 4 &amp;&amp; wildList.indexOf(symbol) != -1): null

2019-08-24 13:13:21 - [TEST_STEP][PASSED] - symbol = symbol: null

2019-08-24 13:13:21 - [TEST_STEP][PASSED] - println(symbol): null

2019-08-24 13:13:21 - [TEST_STEP][PASSED] - if (i == 2 &amp;&amp; wildList.indexOf(symbol) != -1): null

2019-08-24 13:13:21 - [TEST_STEP][PASSED] - if (i == 3 &amp;&amp; wildList.indexOf(symbol) != -1): null

2019-08-24 13:13:21 - [TEST_STEP][PASSED] - if (i == 4 &amp;&amp; wildList.indexOf(symbol) != -1): null

2019-08-24 13:13:21 - [TEST_STEP][PASSED] - symbol = symbol: null

2019-08-24 13:13:21 - [TEST_STEP][PASSED] - println(symbol): null

2019-08-24 13:13:21 - [TEST_STEP][PASSED] - if (i == 2 &amp;&amp; wildList.indexOf(symbol) != -1): null

2019-08-24 13:13:21 - [TEST_STEP][PASSED] - if (i == 3 &amp;&amp; wildList.indexOf(symbol) != -1): null

2019-08-24 13:13:21 - [TEST_STEP][PASSED] - if (i == 4 &amp;&amp; wildList.indexOf(symbol) != -1): null

2019-08-24 13:13:21 - [TEST_STEP][PASSED] - symbols = symbols: null

2019-08-24 13:13:21 - [TEST_STEP][PASSED] - for ([j = 0, j &lt; symbols.size(), (j++)]): null

2019-08-24 13:13:21 - [TEST_STEP][PASSED] - symbol = symbol: null

2019-08-24 13:13:21 - [TEST_STEP][PASSED] - println(symbol): null

2019-08-24 13:13:21 - [TEST_STEP][PASSED] - if (i == 2 &amp;&amp; wildList.indexOf(symbol) != -1): null

2019-08-24 13:13:21 - [TEST_STEP][PASSED] - if (i == 3 &amp;&amp; wildList.indexOf(symbol) != -1): null

2019-08-24 13:13:21 - [TEST_STEP][PASSED] - if (i == 4 &amp;&amp; wildList.indexOf(symbol) != -1): null

2019-08-24 13:13:21 - [TEST_STEP][PASSED] - symbol = symbol: null

2019-08-24 13:13:21 - [TEST_STEP][PASSED] - println(symbol): null

2019-08-24 13:13:21 - [TEST_STEP][PASSED] - if (i == 2 &amp;&amp; wildList.indexOf(symbol) != -1): null

2019-08-24 13:13:21 - [TEST_STEP][PASSED] - if (i == 3 &amp;&amp; wildList.indexOf(symbol) != -1): null

2019-08-24 13:13:21 - [TEST_STEP][PASSED] - if (i == 4 &amp;&amp; wildList.indexOf(symbol) != -1): null

2019-08-24 13:13:21 - [TEST_STEP][PASSED] - symbol = symbol: null

2019-08-24 13:13:21 - [TEST_STEP][PASSED] - println(symbol): null

2019-08-24 13:13:21 - [TEST_STEP][PASSED] - if (i == 2 &amp;&amp; wildList.indexOf(symbol) != -1): null

2019-08-24 13:13:21 - [TEST_STEP][PASSED] - if (i == 3 &amp;&amp; wildList.indexOf(symbol) != -1): null

2019-08-24 13:13:21 - [TEST_STEP][PASSED] - if (i == 4 &amp;&amp; wildList.indexOf(symbol) != -1): null

2019-08-24 13:13:21 - [TEST_STEP][PASSED] - free_spin_reel_counter = free_spin_reel_counter: null

2019-08-24 13:13:22 - [TEST_STEP][PASSED] - println("reel 3 wild found: " + free_spin_reel_counter[0]): null

2019-08-24 13:13:22 - [TEST_STEP][PASSED] - println("reel 4 wild found: " + free_spin_reel_counter[1]): null

2019-08-24 13:13:22 - [TEST_STEP][PASSED] - println("reel 5 wild found: " + free_spin_reel_counter[2]): null

2019-08-24 13:13:22 - [TEST_STEP][PASSED] - M4_spin_reels = M4_spin_reels: null

2019-08-24 13:13:22 - [TEST_STEP][PASSED] - M4_spin_reels_symbols = symbol: null

2019-08-24 13:13:22 - [TEST_STEP][PASSED] - M4_spin_reels_symbols = M4_spin_reels_symbols: null

2019-08-24 13:13:22 - [TEST_STEP][PASSED] - M4_spin_reel_wins = reel_wins: null

2019-08-24 13:13:22 - [TEST_STEP][PASSED] - M4_spin_reel_wins = M4_spin_reel_wins: null

2019-08-24 13:13:22 - [TEST_STEP][PASSED] - println("GlobalVariable.M4_spin_reel_wins is: " + M4_spin_reel_wins): null

2019-08-24 13:13:22 - [TEST_STEP][PASSED] - M4_spin_total_bonus_win_this_round = total_bonus_win_this_round: null

2019-08-24 13:13:22 - [TEST_STEP][PASSED] - M4_spin_total_bonus_win_this_round = M4_spin_total_bonus_win_this_round: null

2019-08-24 13:13:22 - [TEST_STEP][PASSED] - println("GlobalVariable.M4_spin_total_bonus_win_this_round is: " + M4_spin_total_bonus_win_this_round): null

2019-08-24 13:13:22 - [TEST_STEP][PASSED] - M4_spin_bonus_spin_result = spin_result: null

2019-08-24 13:13:22 - [TEST_STEP][PASSED] - M4_spin_bonus_spin_result = M4_spin_bonus_spin_result: null

2019-08-24 13:13:22 - [MESSAGE][PASSED] - Verify response successfully

2019-08-24 13:13:22 - [MESSAGE][PASSED] - Send request and verify the response successfully

2019-08-24 13:13:22 - [TEST_STEP][PASSED] - if (M4_total_bonus_spins_int != 0 &amp;&amp; M4_spin_reels_symbols[2].contains("WILD_Expanding")): null

2019-08-24 13:13:22 - [TEST_STEP][PASSED] - free_spin_reel_counter = free_spin_reel_counter: null

2019-08-24 13:13:22 - [TEST_STEP][PASSED] - M4_spin_reels_symbols = M4_spin_reels_symbols: null

2019-08-24 13:13:22 - [TEST_STEP][PASSED] - M4_total_bonus_spins = M4_total_bonus_spins: null

2019-08-24 13:13:22 - [TEST_STEP][PASSED] - spin_result = sendRequestAndVerify(findTestObject("INT/RGS(M4)/1_M4_spin", ["M4_login_user_id":M4_login_user_id, "rgs_session_token":rgs_session_token, "partner":Partner])): Send request and verify the response successfully

2019-08-24 13:13:22 - [MESSAGE][INFO] - HAR: /Users/eiralee/Katalon_Script/SuperWild/Reports/20190824_125957/INT/superWild_5/20190824_125957/requests/main/236.har

2019-08-24 13:13:22 - [TEST_CASE][PASSED] - Start Test Case : Verification: Verification accomplished successfully

2019-08-24 13:13:22 - [TEST_STEP][PASSED] - request = getInstance().getCurrentRequest(): null

2019-08-24 13:13:22 - [TEST_STEP][PASSED] - response = getInstance().getCurrentResponse(): null

2019-08-24 13:13:22 - [TEST_STEP][PASSED] - verifyResponseStatusCode(response, 200): Verify response status code successfully

2019-08-24 13:13:22 - [MESSAGE][PASSED] - Verify response status code successfully

2019-08-24 13:13:22 - [TEST_STEP][PASSED] - getStatusCode()).isEqualTo(200): null

2019-08-24 13:13:22 - [TEST_STEP][PASSED] - newline = System.getProperty("line.separator"): null

2019-08-24 13:13:22 - [TEST_STEP][PASSED] - M4_spin = new groovy.json.JsonSlurper(): null

2019-08-24 13:13:22 - [TEST_STEP][PASSED] - result_M4_spin = M4_spin.parseText(response.getResponseBodyContent()): null

2019-08-24 13:13:22 - [TEST_STEP][PASSED] - M4_spin_current_balance = current_balance: null

2019-08-24 13:13:22 - [TEST_STEP][PASSED] - M4_spin_current_balance = M4_spin_current_balance: null

2019-08-24 13:13:22 - [TEST_STEP][PASSED] - M4_spin_transaction_id = causality: null

2019-08-24 13:13:22 - [TEST_STEP][PASSED] - M4_spin_transaction_id = M4_spin_transaction_id: null

2019-08-24 13:13:22 - [TEST_STEP][PASSED] - M4_spin_round_id = round_id: null

2019-08-24 13:13:22 - [TEST_STEP][PASSED] - M4_spin_round_id = M4_spin_round_id: null

2019-08-24 13:13:22 - [TEST_STEP][PASSED] - M4_spin_line_wins = line_wins: null

2019-08-24 13:13:22 - [TEST_STEP][PASSED] - M4_spin_line_wins = M4_spin_line_wins: null

2019-08-24 13:13:22 - [TEST_STEP][PASSED] - M4_total_bonus_spins_int = total_bonus_spins: null

2019-08-24 13:13:22 - [TEST_STEP][PASSED] - println("******M4_total_bonus_spins type is:*******" + newline + getClass().getName()): null

2019-08-24 13:13:22 - [TEST_STEP][PASSED] - M4_total_bonus_spins_int = M4_total_bonus_spins_int: null

2019-08-24 13:13:22 - [TEST_STEP][PASSED] - M4_total_bonus_spins = Integer.toString(M4_total_bonus_spins_int): null

2019-08-24 13:13:22 - [TEST_STEP][PASSED] - M4_total_bonus_spins = M4_total_bonus_spins: null

2019-08-24 13:13:22 - [TEST_STEP][PASSED] - println("M4_total_bonus_spins is:" + M4_total_bonus_spins): null

2019-08-24 13:13:22 - [TEST_STEP][PASSED] - M4_spin_bonus_data = bonus_data: null

2019-08-24 13:13:22 - [TEST_STEP][PASSED] - M4_spin_features_triggered = result_M4_spin: null

2019-08-24 13:13:22 - [TEST_STEP][PASSED] - wild = []: null

2019-08-24 13:13:22 - [TEST_STEP][PASSED] - wild[0] = "WILD_Expanding": null

2019-08-24 13:13:22 - [TEST_STEP][PASSED] - wild[1] = "WILD_Normal": null

2019-08-24 13:13:22 - [TEST_STEP][PASSED] - wild[2] = "WILD_Double": null

2019-08-24 13:13:22 - [TEST_STEP][PASSED] - wild[3] = "WILD_ExtraFG": null

2019-08-24 13:13:22 - [TEST_STEP][PASSED] - wild[4] = "WILD_Triple": null

2019-08-24 13:13:22 - [TEST_STEP][PASSED] - wildList = Arrays.asList(wild): null

2019-08-24 13:13:22 - [TEST_STEP][PASSED] - wildList = wildList: null

2019-08-24 13:13:22 - [TEST_STEP][PASSED] - free_spin_reel_counter = []: null

2019-08-24 13:13:22 - [TEST_STEP][PASSED] - free_spin_reel_counter[0] = 0: null

2019-08-24 13:13:22 - [TEST_STEP][PASSED] - free_spin_reel_counter[1] = 0: null

2019-08-24 13:13:22 - [TEST_STEP][PASSED] - free_spin_reel_counter[2] = 0: null

2019-08-24 13:13:22 - [TEST_STEP][PASSED] - M4_spin_reels = reels: null

2019-08-24 13:13:22 - [TEST_STEP][PASSED] - for ([i = 0, i &lt; M4_spin_reels.size(), (i++)]): null

2019-08-24 13:13:22 - [TEST_STEP][PASSED] - symbols = symbols: null

2019-08-24 13:13:22 - [TEST_STEP][PASSED] - for ([j = 0, j &lt; symbols.size(), (j++)]): null

2019-08-24 13:13:22 - [TEST_STEP][PASSED] - symbol = symbol: null

2019-08-24 13:13:22 - [TEST_STEP][PASSED] - println(symbol): null

2019-08-24 13:13:22 - [TEST_STEP][PASSED] - if (i == 2 &amp;&amp; wildList.indexOf(symbol) != -1): null

2019-08-24 13:13:22 - [TEST_STEP][PASSED] - if (i == 3 &amp;&amp; wildList.indexOf(symbol) != -1): null

2019-08-24 13:13:22 - [TEST_STEP][PASSED] - if (i == 4 &amp;&amp; wildList.indexOf(symbol) != -1): null

2019-08-24 13:13:22 - [TEST_STEP][PASSED] - symbol = symbol: null

2019-08-24 13:13:22 - [TEST_STEP][PASSED] - println(symbol): null

2019-08-24 13:13:22 - [TEST_STEP][PASSED] - if (i == 2 &amp;&amp; wildList.indexOf(symbol) != -1): null

2019-08-24 13:13:22 - [TEST_STEP][PASSED] - if (i == 3 &amp;&amp; wildList.indexOf(symbol) != -1): null

2019-08-24 13:13:22 - [TEST_STEP][PASSED] - if (i == 4 &amp;&amp; wildList.indexOf(symbol) != -1): null

2019-08-24 13:13:22 - [TEST_STEP][PASSED] - symbol = symbol: null

2019-08-24 13:13:22 - [TEST_STEP][PASSED] - println(symbol): null

2019-08-24 13:13:22 - [TEST_STEP][PASSED] - if (i == 2 &amp;&amp; wildList.indexOf(symbol) != -1): null

2019-08-24 13:13:22 - [TEST_STEP][PASSED] - if (i == 3 &amp;&amp; wildList.indexOf(symbol) != -1): null

2019-08-24 13:13:22 - [TEST_STEP][PASSED] - if (i == 4 &amp;&amp; wildList.indexOf(symbol) != -1): null

2019-08-24 13:13:22 - [TEST_STEP][PASSED] - symbols = symbols: null

2019-08-24 13:13:22 - [TEST_STEP][PASSED] - for ([j = 0, j &lt; symbols.size(), (j++)]): null

2019-08-24 13:13:22 - [TEST_STEP][PASSED] - symbol = symbol: null

2019-08-24 13:13:22 - [TEST_STEP][PASSED] - println(symbol): null

2019-08-24 13:13:22 - [TEST_STEP][PASSED] - if (i == 2 &amp;&amp; wildList.indexOf(symbol) != -1): null

2019-08-24 13:13:22 - [TEST_STEP][PASSED] - if (i == 3 &amp;&amp; wildList.indexOf(symbol) != -1): null

2019-08-24 13:13:22 - [TEST_STEP][PASSED] - if (i == 4 &amp;&amp; wildList.indexOf(symbol) != -1): null

2019-08-24 13:13:22 - [TEST_STEP][PASSED] - symbol = symbol: null

2019-08-24 13:13:22 - [TEST_STEP][PASSED] - println(symbol): null

2019-08-24 13:13:22 - [TEST_STEP][PASSED] - if (i == 2 &amp;&amp; wildList.indexOf(symbol) != -1): null

2019-08-24 13:13:22 - [TEST_STEP][PASSED] - if (i == 3 &amp;&amp; wildList.indexOf(symbol) != -1): null

2019-08-24 13:13:22 - [TEST_STEP][PASSED] - if (i == 4 &amp;&amp; wildList.indexOf(symbol) != -1): null

2019-08-24 13:13:22 - [TEST_STEP][PASSED] - symbol = symbol: null

2019-08-24 13:13:22 - [TEST_STEP][PASSED] - println(symbol): null

2019-08-24 13:13:22 - [TEST_STEP][PASSED] - if (i == 2 &amp;&amp; wildList.indexOf(symbol) != -1): null

2019-08-24 13:13:22 - [TEST_STEP][PASSED] - if (i == 3 &amp;&amp; wildList.indexOf(symbol) != -1): null

2019-08-24 13:13:22 - [TEST_STEP][PASSED] - if (i == 4 &amp;&amp; wildList.indexOf(symbol) != -1): null

2019-08-24 13:13:22 - [TEST_STEP][PASSED] - symbols = symbols: null

2019-08-24 13:13:22 - [TEST_STEP][PASSED] - for ([j = 0, j &lt; symbols.size(), (j++)]): null

2019-08-24 13:13:22 - [TEST_STEP][PASSED] - symbol = symbol: null

2019-08-24 13:13:22 - [TEST_STEP][PASSED] - println(symbol): null

2019-08-24 13:13:22 - [TEST_STEP][PASSED] - if (i == 2 &amp;&amp; wildList.indexOf(symbol) != -1): null

2019-08-24 13:13:22 - [TEST_STEP][PASSED] - if (i == 3 &amp;&amp; wildList.indexOf(symbol) != -1): null

2019-08-24 13:13:22 - [TEST_STEP][PASSED] - if (i == 4 &amp;&amp; wildList.indexOf(symbol) != -1): null

2019-08-24 13:13:22 - [TEST_STEP][PASSED] - symbol = symbol: null

2019-08-24 13:13:22 - [TEST_STEP][PASSED] - println(symbol): null

2019-08-24 13:13:22 - [TEST_STEP][PASSED] - if (i == 2 &amp;&amp; wildList.indexOf(symbol) != -1): null

2019-08-24 13:13:22 - [TEST_STEP][PASSED] - if (i == 3 &amp;&amp; wildList.indexOf(symbol) != -1): null

2019-08-24 13:13:22 - [TEST_STEP][PASSED] - if (i == 4 &amp;&amp; wildList.indexOf(symbol) != -1): null

2019-08-24 13:13:22 - [TEST_STEP][PASSED] - symbol = symbol: null

2019-08-24 13:13:22 - [TEST_STEP][PASSED] - println(symbol): null

2019-08-24 13:13:22 - [TEST_STEP][PASSED] - if (i == 2 &amp;&amp; wildList.indexOf(symbol) != -1): null

2019-08-24 13:13:22 - [TEST_STEP][PASSED] - if (i == 3 &amp;&amp; wildList.indexOf(symbol) != -1): null

2019-08-24 13:13:22 - [TEST_STEP][PASSED] - if (i == 4 &amp;&amp; wildList.indexOf(symbol) != -1): null

2019-08-24 13:13:22 - [TEST_STEP][PASSED] - symbols = symbols: null

2019-08-24 13:13:22 - [TEST_STEP][PASSED] - for ([j = 0, j &lt; symbols.size(), (j++)]): null

2019-08-24 13:13:22 - [TEST_STEP][PASSED] - symbol = symbol: null

2019-08-24 13:13:22 - [TEST_STEP][PASSED] - println(symbol): null

2019-08-24 13:13:22 - [TEST_STEP][PASSED] - if (i == 2 &amp;&amp; wildList.indexOf(symbol) != -1): null

2019-08-24 13:13:22 - [TEST_STEP][PASSED] - if (i == 3 &amp;&amp; wildList.indexOf(symbol) != -1): null

2019-08-24 13:13:22 - [TEST_STEP][PASSED] - if (i == 4 &amp;&amp; wildList.indexOf(symbol) != -1): null

2019-08-24 13:13:22 - [TEST_STEP][PASSED] - symbol = symbol: null

2019-08-24 13:13:22 - [TEST_STEP][PASSED] - println(symbol): null

2019-08-24 13:13:22 - [TEST_STEP][PASSED] - if (i == 2 &amp;&amp; wildList.indexOf(symbol) != -1): null

2019-08-24 13:13:22 - [TEST_STEP][PASSED] - if (i == 3 &amp;&amp; wildList.indexOf(symbol) != -1): null

2019-08-24 13:13:22 - [TEST_STEP][PASSED] - if (i == 4 &amp;&amp; wildList.indexOf(symbol) != -1): null

2019-08-24 13:13:22 - [TEST_STEP][PASSED] - symbol = symbol: null

2019-08-24 13:13:22 - [TEST_STEP][PASSED] - println(symbol): null

2019-08-24 13:13:22 - [TEST_STEP][PASSED] - if (i == 2 &amp;&amp; wildList.indexOf(symbol) != -1): null

2019-08-24 13:13:22 - [TEST_STEP][PASSED] - if (i == 3 &amp;&amp; wildList.indexOf(symbol) != -1): null

2019-08-24 13:13:22 - [TEST_STEP][PASSED] - if (i == 4 &amp;&amp; wildList.indexOf(symbol) != -1): null

2019-08-24 13:13:22 - [TEST_STEP][PASSED] - symbols = symbols: null

2019-08-24 13:13:22 - [TEST_STEP][PASSED] - for ([j = 0, j &lt; symbols.size(), (j++)]): null

2019-08-24 13:13:22 - [TEST_STEP][PASSED] - symbol = symbol: null

2019-08-24 13:13:22 - [TEST_STEP][PASSED] - println(symbol): null

2019-08-24 13:13:22 - [TEST_STEP][PASSED] - if (i == 2 &amp;&amp; wildList.indexOf(symbol) != -1): null

2019-08-24 13:13:22 - [TEST_STEP][PASSED] - if (i == 3 &amp;&amp; wildList.indexOf(symbol) != -1): null

2019-08-24 13:13:22 - [TEST_STEP][PASSED] - if (i == 4 &amp;&amp; wildList.indexOf(symbol) != -1): null

2019-08-24 13:13:22 - [TEST_STEP][PASSED] - symbol = symbol: null

2019-08-24 13:13:22 - [TEST_STEP][PASSED] - println(symbol): null

2019-08-24 13:13:22 - [TEST_STEP][PASSED] - if (i == 2 &amp;&amp; wildList.indexOf(symbol) != -1): null

2019-08-24 13:13:22 - [TEST_STEP][PASSED] - if (i == 3 &amp;&amp; wildList.indexOf(symbol) != -1): null

2019-08-24 13:13:22 - [TEST_STEP][PASSED] - if (i == 4 &amp;&amp; wildList.indexOf(symbol) != -1): null

2019-08-24 13:13:22 - [TEST_STEP][PASSED] - symbol = symbol: null

2019-08-24 13:13:22 - [TEST_STEP][PASSED] - println(symbol): null

2019-08-24 13:13:22 - [TEST_STEP][PASSED] - if (i == 2 &amp;&amp; wildList.indexOf(symbol) != -1): null

2019-08-24 13:13:22 - [TEST_STEP][PASSED] - if (i == 3 &amp;&amp; wildList.indexOf(symbol) != -1): null

2019-08-24 13:13:22 - [TEST_STEP][PASSED] - if (i == 4 &amp;&amp; wildList.indexOf(symbol) != -1): null

2019-08-24 13:13:22 - [TEST_STEP][PASSED] - free_spin_reel_counter = free_spin_reel_counter: null

2019-08-24 13:13:22 - [TEST_STEP][PASSED] - println("reel 3 wild found: " + free_spin_reel_counter[0]): null

2019-08-24 13:13:22 - [TEST_STEP][PASSED] - println("reel 4 wild found: " + free_spin_reel_counter[1]): null

2019-08-24 13:13:22 - [TEST_STEP][PASSED] - println("reel 5 wild found: " + free_spin_reel_counter[2]): null

2019-08-24 13:13:22 - [TEST_STEP][PASSED] - M4_spin_reels = M4_spin_reels: null

2019-08-24 13:13:22 - [TEST_STEP][PASSED] - M4_spin_reels_symbols = symbol: null

2019-08-24 13:13:22 - [TEST_STEP][PASSED] - M4_spin_reels_symbols = M4_spin_reels_symbols: null

2019-08-24 13:13:31 - [TEST_STEP][PASSED] - M4_spin_reel_wins = reel_wins: null

2019-08-24 13:13:31 - [TEST_STEP][PASSED] - M4_spin_reel_wins = M4_spin_reel_wins: null

2019-08-24 13:13:31 - [TEST_STEP][PASSED] - println("GlobalVariable.M4_spin_reel_wins is: " + M4_spin_reel_wins): null

2019-08-24 13:13:31 - [TEST_STEP][PASSED] - M4_spin_total_bonus_win_this_round = total_bonus_win_this_round: null

2019-08-24 13:13:31 - [TEST_STEP][PASSED] - M4_spin_total_bonus_win_this_round = M4_spin_total_bonus_win_this_round: null

2019-08-24 13:13:36 - [TEST_STEP][PASSED] - println("GlobalVariable.M4_spin_total_bonus_win_this_round is: " + M4_spin_total_bonus_win_this_round): null

2019-08-24 13:13:36 - [TEST_STEP][PASSED] - M4_spin_bonus_spin_result = spin_result: null

2019-08-24 13:13:36 - [TEST_STEP][PASSED] - M4_spin_bonus_spin_result = M4_spin_bonus_spin_result: null

2019-08-24 13:13:36 - [MESSAGE][PASSED] - Verify response successfully

2019-08-24 13:13:36 - [MESSAGE][PASSED] - Send request and verify the response successfully

2019-08-24 13:13:36 - [TEST_STEP][PASSED] - if (M4_total_bonus_spins_int != 0 &amp;&amp; M4_spin_reels_symbols[2].contains("WILD_Expanding")): null

2019-08-24 13:13:36 - [TEST_STEP][PASSED] - free_spin_reel_counter = free_spin_reel_counter: null

2019-08-24 13:13:36 - [TEST_STEP][PASSED] - M4_spin_reels_symbols = M4_spin_reels_symbols: null

2019-08-24 13:13:36 - [TEST_STEP][PASSED] - M4_total_bonus_spins = M4_total_bonus_spins: null

2019-08-24 13:13:36 - [TEST_STEP][PASSED] - spin_result = sendRequestAndVerify(findTestObject("INT/RGS(M4)/1_M4_spin", ["M4_login_user_id":M4_login_user_id, "rgs_session_token":rgs_session_token, "partner":Partner])): Send request and verify the response successfully

2019-08-24 13:13:37 - [MESSAGE][INFO] - HAR: /Users/eiralee/Katalon_Script/SuperWild/Reports/20190824_125957/INT/superWild_5/20190824_125957/requests/main/237.har

2019-08-24 13:13:37 - [TEST_CASE][PASSED] - Start Test Case : Verification: Verification accomplished successfully

2019-08-24 13:13:37 - [TEST_STEP][PASSED] - request = getInstance().getCurrentRequest(): null

2019-08-24 13:13:37 - [TEST_STEP][PASSED] - response = getInstance().getCurrentResponse(): null

2019-08-24 13:13:37 - [TEST_STEP][PASSED] - verifyResponseStatusCode(response, 200): Verify response status code successfully

2019-08-24 13:13:37 - [MESSAGE][PASSED] - Verify response status code successfully

2019-08-24 13:13:37 - [TEST_STEP][PASSED] - getStatusCode()).isEqualTo(200): null

2019-08-24 13:13:37 - [TEST_STEP][PASSED] - newline = System.getProperty("line.separator"): null

2019-08-24 13:13:37 - [TEST_STEP][PASSED] - M4_spin = new groovy.json.JsonSlurper(): null

2019-08-24 13:13:37 - [TEST_STEP][PASSED] - result_M4_spin = M4_spin.parseText(response.getResponseBodyContent()): null

2019-08-24 13:13:37 - [TEST_STEP][PASSED] - M4_spin_current_balance = current_balance: null

2019-08-24 13:13:37 - [TEST_STEP][PASSED] - M4_spin_current_balance = M4_spin_current_balance: null

2019-08-24 13:13:37 - [TEST_STEP][PASSED] - M4_spin_transaction_id = causality: null

2019-08-24 13:13:37 - [TEST_STEP][PASSED] - M4_spin_transaction_id = M4_spin_transaction_id: null

2019-08-24 13:13:37 - [TEST_STEP][PASSED] - M4_spin_round_id = round_id: null

2019-08-24 13:13:37 - [TEST_STEP][PASSED] - M4_spin_round_id = M4_spin_round_id: null

2019-08-24 13:13:37 - [TEST_STEP][PASSED] - M4_spin_line_wins = line_wins: null

2019-08-24 13:13:37 - [TEST_STEP][PASSED] - M4_spin_line_wins = M4_spin_line_wins: null

2019-08-24 13:13:37 - [TEST_STEP][PASSED] - M4_total_bonus_spins_int = total_bonus_spins: null

2019-08-24 13:13:37 - [TEST_STEP][PASSED] - println("******M4_total_bonus_spins type is:*******" + newline + getClass().getName()): null

2019-08-24 13:13:37 - [TEST_STEP][PASSED] - M4_total_bonus_spins_int = M4_total_bonus_spins_int: null

2019-08-24 13:13:37 - [TEST_STEP][PASSED] - M4_total_bonus_spins = Integer.toString(M4_total_bonus_spins_int): null

2019-08-24 13:13:37 - [TEST_STEP][PASSED] - M4_total_bonus_spins = M4_total_bonus_spins: null

2019-08-24 13:13:37 - [TEST_STEP][PASSED] - println("M4_total_bonus_spins is:" + M4_total_bonus_spins): null

2019-08-24 13:13:37 - [TEST_STEP][PASSED] - M4_spin_bonus_data = bonus_data: null

2019-08-24 13:13:37 - [TEST_STEP][PASSED] - M4_spin_features_triggered = result_M4_spin: null

2019-08-24 13:13:37 - [TEST_STEP][PASSED] - wild = []: null

2019-08-24 13:13:37 - [TEST_STEP][PASSED] - wild[0] = "WILD_Expanding": null

2019-08-24 13:13:37 - [TEST_STEP][PASSED] - wild[1] = "WILD_Normal": null

2019-08-24 13:13:37 - [TEST_STEP][PASSED] - wild[2] = "WILD_Double": null

2019-08-24 13:13:37 - [TEST_STEP][PASSED] - wild[3] = "WILD_ExtraFG": null

2019-08-24 13:13:37 - [TEST_STEP][PASSED] - wild[4] = "WILD_Triple": null

2019-08-24 13:13:37 - [TEST_STEP][PASSED] - wildList = Arrays.asList(wild): null

2019-08-24 13:13:37 - [TEST_STEP][PASSED] - wildList = wildList: null

2019-08-24 13:13:37 - [TEST_STEP][PASSED] - free_spin_reel_counter = []: null

2019-08-24 13:13:37 - [TEST_STEP][PASSED] - free_spin_reel_counter[0] = 0: null

2019-08-24 13:13:37 - [TEST_STEP][PASSED] - free_spin_reel_counter[1] = 0: null

2019-08-24 13:13:37 - [TEST_STEP][PASSED] - free_spin_reel_counter[2] = 0: null

2019-08-24 13:13:37 - [TEST_STEP][PASSED] - M4_spin_reels = reels: null

2019-08-24 13:13:37 - [TEST_STEP][PASSED] - for ([i = 0, i &lt; M4_spin_reels.size(), (i++)]): null

2019-08-24 13:13:37 - [TEST_STEP][PASSED] - symbols = symbols: null

2019-08-24 13:13:37 - [TEST_STEP][PASSED] - for ([j = 0, j &lt; symbols.size(), (j++)]): null

2019-08-24 13:13:37 - [TEST_STEP][PASSED] - symbol = symbol: null

2019-08-24 13:13:37 - [TEST_STEP][PASSED] - println(symbol): null

2019-08-24 13:13:37 - [TEST_STEP][PASSED] - if (i == 2 &amp;&amp; wildList.indexOf(symbol) != -1): null

2019-08-24 13:13:37 - [TEST_STEP][PASSED] - if (i == 3 &amp;&amp; wildList.indexOf(symbol) != -1): null

2019-08-24 13:13:37 - [TEST_STEP][PASSED] - if (i == 4 &amp;&amp; wildList.indexOf(symbol) != -1): null

2019-08-24 13:13:37 - [TEST_STEP][PASSED] - symbol = symbol: null

2019-08-24 13:13:37 - [TEST_STEP][PASSED] - println(symbol): null

2019-08-24 13:13:37 - [TEST_STEP][PASSED] - if (i == 2 &amp;&amp; wildList.indexOf(symbol) != -1): null

2019-08-24 13:13:37 - [TEST_STEP][PASSED] - if (i == 3 &amp;&amp; wildList.indexOf(symbol) != -1): null

2019-08-24 13:13:37 - [TEST_STEP][PASSED] - if (i == 4 &amp;&amp; wildList.indexOf(symbol) != -1): null

2019-08-24 13:13:37 - [TEST_STEP][PASSED] - symbol = symbol: null

2019-08-24 13:13:37 - [TEST_STEP][PASSED] - println(symbol): null

2019-08-24 13:13:37 - [TEST_STEP][PASSED] - if (i == 2 &amp;&amp; wildList.indexOf(symbol) != -1): null

2019-08-24 13:13:37 - [TEST_STEP][PASSED] - if (i == 3 &amp;&amp; wildList.indexOf(symbol) != -1): null

2019-08-24 13:13:37 - [TEST_STEP][PASSED] - if (i == 4 &amp;&amp; wildList.indexOf(symbol) != -1): null

2019-08-24 13:13:37 - [TEST_STEP][PASSED] - symbols = symbols: null

2019-08-24 13:13:37 - [TEST_STEP][PASSED] - for ([j = 0, j &lt; symbols.size(), (j++)]): null

2019-08-24 13:13:37 - [TEST_STEP][PASSED] - symbol = symbol: null

2019-08-24 13:13:37 - [TEST_STEP][PASSED] - println(symbol): null

2019-08-24 13:13:37 - [TEST_STEP][PASSED] - if (i == 2 &amp;&amp; wildList.indexOf(symbol) != -1): null

2019-08-24 13:13:37 - [TEST_STEP][PASSED] - if (i == 3 &amp;&amp; wildList.indexOf(symbol) != -1): null

2019-08-24 13:13:37 - [TEST_STEP][PASSED] - if (i == 4 &amp;&amp; wildList.indexOf(symbol) != -1): null

2019-08-24 13:13:37 - [TEST_STEP][PASSED] - symbol = symbol: null

2019-08-24 13:13:37 - [TEST_STEP][PASSED] - println(symbol): null

2019-08-24 13:13:37 - [TEST_STEP][PASSED] - if (i == 2 &amp;&amp; wildList.indexOf(symbol) != -1): null

2019-08-24 13:13:37 - [TEST_STEP][PASSED] - if (i == 3 &amp;&amp; wildList.indexOf(symbol) != -1): null

2019-08-24 13:13:37 - [TEST_STEP][PASSED] - if (i == 4 &amp;&amp; wildList.indexOf(symbol) != -1): null

2019-08-24 13:13:37 - [TEST_STEP][PASSED] - symbol = symbol: null

2019-08-24 13:13:37 - [TEST_STEP][PASSED] - println(symbol): null

2019-08-24 13:13:37 - [TEST_STEP][PASSED] - if (i == 2 &amp;&amp; wildList.indexOf(symbol) != -1): null

2019-08-24 13:13:37 - [TEST_STEP][PASSED] - if (i == 3 &amp;&amp; wildList.indexOf(symbol) != -1): null

2019-08-24 13:13:37 - [TEST_STEP][PASSED] - if (i == 4 &amp;&amp; wildList.indexOf(symbol) != -1): null

2019-08-24 13:13:37 - [TEST_STEP][PASSED] - symbols = symbols: null

2019-08-24 13:13:37 - [TEST_STEP][PASSED] - for ([j = 0, j &lt; symbols.size(), (j++)]): null

2019-08-24 13:13:37 - [TEST_STEP][PASSED] - symbol = symbol: null

2019-08-24 13:13:37 - [TEST_STEP][PASSED] - println(symbol): null

2019-08-24 13:13:37 - [TEST_STEP][PASSED] - if (i == 2 &amp;&amp; wildList.indexOf(symbol) != -1): null

2019-08-24 13:13:37 - [TEST_STEP][PASSED] - if (i == 3 &amp;&amp; wildList.indexOf(symbol) != -1): null

2019-08-24 13:13:37 - [TEST_STEP][PASSED] - if (i == 4 &amp;&amp; wildList.indexOf(symbol) != -1): null

2019-08-24 13:13:37 - [TEST_STEP][PASSED] - symbol = symbol: null

2019-08-24 13:13:37 - [TEST_STEP][PASSED] - println(symbol): null

2019-08-24 13:13:37 - [TEST_STEP][PASSED] - if (i == 2 &amp;&amp; wildList.indexOf(symbol) != -1): null

2019-08-24 13:13:37 - [TEST_STEP][PASSED] - if (i == 3 &amp;&amp; wildList.indexOf(symbol) != -1): null

2019-08-24 13:13:37 - [TEST_STEP][PASSED] - if (i == 4 &amp;&amp; wildList.indexOf(symbol) != -1): null

2019-08-24 13:13:37 - [TEST_STEP][PASSED] - symbol = symbol: null

2019-08-24 13:13:37 - [TEST_STEP][PASSED] - println(symbol): null

2019-08-24 13:13:37 - [TEST_STEP][PASSED] - if (i == 2 &amp;&amp; wildList.indexOf(symbol) != -1): null

2019-08-24 13:13:37 - [TEST_STEP][PASSED] - if (i == 3 &amp;&amp; wildList.indexOf(symbol) != -1): null

2019-08-24 13:13:37 - [TEST_STEP][PASSED] - if (i == 4 &amp;&amp; wildList.indexOf(symbol) != -1): null

2019-08-24 13:13:37 - [TEST_STEP][PASSED] - symbols = symbols: null

2019-08-24 13:13:37 - [TEST_STEP][PASSED] - for ([j = 0, j &lt; symbols.size(), (j++)]): null

2019-08-24 13:13:37 - [TEST_STEP][PASSED] - symbol = symbol: null

2019-08-24 13:13:37 - [TEST_STEP][PASSED] - println(symbol): null

2019-08-24 13:13:37 - [TEST_STEP][PASSED] - if (i == 2 &amp;&amp; wildList.indexOf(symbol) != -1): null

2019-08-24 13:13:37 - [TEST_STEP][PASSED] - if (i == 3 &amp;&amp; wildList.indexOf(symbol) != -1): null

2019-08-24 13:13:37 - [TEST_STEP][PASSED] - if (i == 4 &amp;&amp; wildList.indexOf(symbol) != -1): null

2019-08-24 13:13:37 - [TEST_STEP][PASSED] - symbol = symbol: null

2019-08-24 13:13:37 - [TEST_STEP][PASSED] - println(symbol): null

2019-08-24 13:13:37 - [TEST_STEP][PASSED] - if (i == 2 &amp;&amp; wildList.indexOf(symbol) != -1): null

2019-08-24 13:13:37 - [TEST_STEP][PASSED] - if (i == 3 &amp;&amp; wildList.indexOf(symbol) != -1): null

2019-08-24 13:13:37 - [TEST_STEP][PASSED] - if (i == 4 &amp;&amp; wildList.indexOf(symbol) != -1): null

2019-08-24 13:13:37 - [TEST_STEP][PASSED] - symbol = symbol: null

2019-08-24 13:13:37 - [TEST_STEP][PASSED] - println(symbol): null

2019-08-24 13:13:37 - [TEST_STEP][PASSED] - if (i == 2 &amp;&amp; wildList.indexOf(symbol) != -1): null

2019-08-24 13:13:37 - [TEST_STEP][PASSED] - if (i == 3 &amp;&amp; wildList.indexOf(symbol) != -1): null

2019-08-24 13:13:37 - [TEST_STEP][PASSED] - if (i == 4 &amp;&amp; wildList.indexOf(symbol) != -1): null

2019-08-24 13:13:37 - [TEST_STEP][PASSED] - symbols = symbols: null

2019-08-24 13:13:37 - [TEST_STEP][PASSED] - for ([j = 0, j &lt; symbols.size(), (j++)]): null

2019-08-24 13:13:37 - [TEST_STEP][PASSED] - symbol = symbol: null

2019-08-24 13:13:37 - [TEST_STEP][PASSED] - println(symbol): null

2019-08-24 13:13:37 - [TEST_STEP][PASSED] - if (i == 2 &amp;&amp; wildList.indexOf(symbol) != -1): null

2019-08-24 13:13:37 - [TEST_STEP][PASSED] - if (i == 3 &amp;&amp; wildList.indexOf(symbol) != -1): null

2019-08-24 13:13:37 - [TEST_STEP][PASSED] - if (i == 4 &amp;&amp; wildList.indexOf(symbol) != -1): null

2019-08-24 13:13:37 - [TEST_STEP][PASSED] - symbol = symbol: null

2019-08-24 13:13:37 - [TEST_STEP][PASSED] - println(symbol): null

2019-08-24 13:13:37 - [TEST_STEP][PASSED] - if (i == 2 &amp;&amp; wildList.indexOf(symbol) != -1): null

2019-08-24 13:13:37 - [TEST_STEP][PASSED] - if (i == 3 &amp;&amp; wildList.indexOf(symbol) != -1): null

2019-08-24 13:13:37 - [TEST_STEP][PASSED] - if (i == 4 &amp;&amp; wildList.indexOf(symbol) != -1): null

2019-08-24 13:13:37 - [TEST_STEP][PASSED] - symbol = symbol: null

2019-08-24 13:13:37 - [TEST_STEP][PASSED] - println(symbol): null

2019-08-24 13:13:37 - [TEST_STEP][PASSED] - if (i == 2 &amp;&amp; wildList.indexOf(symbol) != -1): null

2019-08-24 13:13:37 - [TEST_STEP][PASSED] - if (i == 3 &amp;&amp; wildList.indexOf(symbol) != -1): null

2019-08-24 13:13:37 - [TEST_STEP][PASSED] - if (i == 4 &amp;&amp; wildList.indexOf(symbol) != -1): null

2019-08-24 13:13:37 - [TEST_STEP][PASSED] - free_spin_reel_counter = free_spin_reel_counter: null

2019-08-24 13:13:37 - [TEST_STEP][PASSED] - println("reel 3 wild found: " + free_spin_reel_counter[0]): null

2019-08-24 13:13:37 - [TEST_STEP][PASSED] - println("reel 4 wild found: " + free_spin_reel_counter[1]): null

2019-08-24 13:13:37 - [TEST_STEP][PASSED] - println("reel 5 wild found: " + free_spin_reel_counter[2]): null

2019-08-24 13:13:37 - [TEST_STEP][PASSED] - M4_spin_reels = M4_spin_reels: null

2019-08-24 13:13:37 - [TEST_STEP][PASSED] - M4_spin_reels_symbols = symbol: null

2019-08-24 13:13:37 - [TEST_STEP][PASSED] - M4_spin_reels_symbols = M4_spin_reels_symbols: null

2019-08-24 13:13:37 - [TEST_STEP][PASSED] - M4_spin_reel_wins = reel_wins: null

2019-08-24 13:13:37 - [TEST_STEP][PASSED] - M4_spin_reel_wins = M4_spin_reel_wins: null

2019-08-24 13:13:37 - [TEST_STEP][PASSED] - println("GlobalVariable.M4_spin_reel_wins is: " + M4_spin_reel_wins): null

2019-08-24 13:13:37 - [TEST_STEP][PASSED] - M4_spin_total_bonus_win_this_round = total_bonus_win_this_round: null

2019-08-24 13:13:37 - [TEST_STEP][PASSED] - M4_spin_total_bonus_win_this_round = M4_spin_total_bonus_win_this_round: null

2019-08-24 13:13:37 - [TEST_STEP][PASSED] - println("GlobalVariable.M4_spin_total_bonus_win_this_round is: " + M4_spin_total_bonus_win_this_round): null

2019-08-24 13:13:37 - [TEST_STEP][PASSED] - M4_spin_bonus_spin_result = spin_result: null

2019-08-24 13:13:37 - [TEST_STEP][PASSED] - M4_spin_bonus_spin_result = M4_spin_bonus_spin_result: null

2019-08-24 13:13:37 - [MESSAGE][PASSED] - Verify response successfully

2019-08-24 13:13:37 - [MESSAGE][PASSED] - Send request and verify the response successfully

2019-08-24 13:13:37 - [TEST_STEP][PASSED] - if (M4_total_bonus_spins_int != 0 &amp;&amp; M4_spin_reels_symbols[2].contains("WILD_Expanding")): null

2019-08-24 13:13:37 - [TEST_STEP][PASSED] - free_spin_reel_counter = free_spin_reel_counter: null

2019-08-24 13:13:37 - [TEST_STEP][PASSED] - M4_spin_reels_symbols = M4_spin_reels_symbols: null

2019-08-24 13:13:37 - [TEST_STEP][PASSED] - M4_total_bonus_spins = M4_total_bonus_spins: null

2019-08-24 13:13:37 - [TEST_STEP][PASSED] - spin_result = sendRequestAndVerify(findTestObject("INT/RGS(M4)/1_M4_spin", ["M4_login_user_id":M4_login_user_id, "rgs_session_token":rgs_session_token, "partner":Partner])): Send request and verify the response successfully

2019-08-24 13:13:37 - [MESSAGE][INFO] - HAR: /Users/eiralee/Katalon_Script/SuperWild/Reports/20190824_125957/INT/superWild_5/20190824_125957/requests/main/238.har

2019-08-24 13:13:37 - [TEST_CASE][PASSED] - Start Test Case : Verification: Verification accomplished successfully

2019-08-24 13:13:37 - [TEST_STEP][PASSED] - request = getInstance().getCurrentRequest(): null

2019-08-24 13:13:37 - [TEST_STEP][PASSED] - response = getInstance().getCurrentResponse(): null

2019-08-24 13:13:37 - [TEST_STEP][PASSED] - verifyResponseStatusCode(response, 200): Verify response status code successfully

2019-08-24 13:13:37 - [MESSAGE][PASSED] - Verify response status code successfully

2019-08-24 13:13:37 - [TEST_STEP][PASSED] - getStatusCode()).isEqualTo(200): null

2019-08-24 13:13:37 - [TEST_STEP][PASSED] - newline = System.getProperty("line.separator"): null

2019-08-24 13:13:37 - [TEST_STEP][PASSED] - M4_spin = new groovy.json.JsonSlurper(): null

2019-08-24 13:13:37 - [TEST_STEP][PASSED] - result_M4_spin = M4_spin.parseText(response.getResponseBodyContent()): null

2019-08-24 13:13:37 - [TEST_STEP][PASSED] - M4_spin_current_balance = current_balance: null

2019-08-24 13:13:37 - [TEST_STEP][PASSED] - M4_spin_current_balance = M4_spin_current_balance: null

2019-08-24 13:13:37 - [TEST_STEP][PASSED] - M4_spin_transaction_id = causality: null

2019-08-24 13:13:37 - [TEST_STEP][PASSED] - M4_spin_transaction_id = M4_spin_transaction_id: null

2019-08-24 13:13:37 - [TEST_STEP][PASSED] - M4_spin_round_id = round_id: null

2019-08-24 13:13:37 - [TEST_STEP][PASSED] - M4_spin_round_id = M4_spin_round_id: null

2019-08-24 13:13:37 - [TEST_STEP][PASSED] - M4_spin_line_wins = line_wins: null

2019-08-24 13:13:37 - [TEST_STEP][PASSED] - M4_spin_line_wins = M4_spin_line_wins: null

2019-08-24 13:13:37 - [TEST_STEP][PASSED] - M4_total_bonus_spins_int = total_bonus_spins: null

2019-08-24 13:13:37 - [TEST_STEP][PASSED] - println("******M4_total_bonus_spins type is:*******" + newline + getClass().getName()): null

2019-08-24 13:13:37 - [TEST_STEP][PASSED] - M4_total_bonus_spins_int = M4_total_bonus_spins_int: null

2019-08-24 13:13:37 - [TEST_STEP][PASSED] - M4_total_bonus_spins = Integer.toString(M4_total_bonus_spins_int): null

2019-08-24 13:13:37 - [TEST_STEP][PASSED] - M4_total_bonus_spins = M4_total_bonus_spins: null

2019-08-24 13:13:37 - [TEST_STEP][PASSED] - println("M4_total_bonus_spins is:" + M4_total_bonus_spins): null

2019-08-24 13:13:37 - [TEST_STEP][PASSED] - M4_spin_bonus_data = bonus_data: null

2019-08-24 13:13:37 - [TEST_STEP][PASSED] - M4_spin_features_triggered = result_M4_spin: null

2019-08-24 13:13:37 - [TEST_STEP][PASSED] - wild = []: null

2019-08-24 13:13:37 - [TEST_STEP][PASSED] - wild[0] = "WILD_Expanding": null

2019-08-24 13:13:37 - [TEST_STEP][PASSED] - wild[1] = "WILD_Normal": null

2019-08-24 13:13:37 - [TEST_STEP][PASSED] - wild[2] = "WILD_Double": null

2019-08-24 13:13:37 - [TEST_STEP][PASSED] - wild[3] = "WILD_ExtraFG": null

2019-08-24 13:13:37 - [TEST_STEP][PASSED] - wild[4] = "WILD_Triple": null

2019-08-24 13:13:37 - [TEST_STEP][PASSED] - wildList = Arrays.asList(wild): null

2019-08-24 13:13:37 - [TEST_STEP][PASSED] - wildList = wildList: null

2019-08-24 13:13:37 - [TEST_STEP][PASSED] - free_spin_reel_counter = []: null

2019-08-24 13:13:37 - [TEST_STEP][PASSED] - free_spin_reel_counter[0] = 0: null

2019-08-24 13:13:37 - [TEST_STEP][PASSED] - free_spin_reel_counter[1] = 0: null

2019-08-24 13:13:37 - [TEST_STEP][PASSED] - free_spin_reel_counter[2] = 0: null

2019-08-24 13:13:37 - [TEST_STEP][PASSED] - M4_spin_reels = reels: null

2019-08-24 13:13:37 - [TEST_STEP][PASSED] - for ([i = 0, i &lt; M4_spin_reels.size(), (i++)]): null

2019-08-24 13:13:37 - [TEST_STEP][PASSED] - symbols = symbols: null

2019-08-24 13:13:37 - [TEST_STEP][PASSED] - for ([j = 0, j &lt; symbols.size(), (j++)]): null

2019-08-24 13:13:37 - [TEST_STEP][PASSED] - symbol = symbol: null

2019-08-24 13:13:37 - [TEST_STEP][PASSED] - println(symbol): null

2019-08-24 13:13:37 - [TEST_STEP][PASSED] - if (i == 2 &amp;&amp; wildList.indexOf(symbol) != -1): null

2019-08-24 13:13:37 - [TEST_STEP][PASSED] - if (i == 3 &amp;&amp; wildList.indexOf(symbol) != -1): null

2019-08-24 13:13:37 - [TEST_STEP][PASSED] - if (i == 4 &amp;&amp; wildList.indexOf(symbol) != -1): null

2019-08-24 13:13:37 - [TEST_STEP][PASSED] - symbol = symbol: null

2019-08-24 13:13:37 - [TEST_STEP][PASSED] - println(symbol): null

2019-08-24 13:13:37 - [TEST_STEP][PASSED] - if (i == 2 &amp;&amp; wildList.indexOf(symbol) != -1): null

2019-08-24 13:13:37 - [TEST_STEP][PASSED] - if (i == 3 &amp;&amp; wildList.indexOf(symbol) != -1): null

2019-08-24 13:13:37 - [TEST_STEP][PASSED] - if (i == 4 &amp;&amp; wildList.indexOf(symbol) != -1): null

2019-08-24 13:13:37 - [TEST_STEP][PASSED] - symbol = symbol: null

2019-08-24 13:13:37 - [TEST_STEP][PASSED] - println(symbol): null

2019-08-24 13:13:37 - [TEST_STEP][PASSED] - if (i == 2 &amp;&amp; wildList.indexOf(symbol) != -1): null

2019-08-24 13:13:37 - [TEST_STEP][PASSED] - if (i == 3 &amp;&amp; wildList.indexOf(symbol) != -1): null

2019-08-24 13:13:37 - [TEST_STEP][PASSED] - if (i == 4 &amp;&amp; wildList.indexOf(symbol) != -1): null

2019-08-24 13:13:37 - [TEST_STEP][PASSED] - symbols = symbols: null

2019-08-24 13:13:37 - [TEST_STEP][PASSED] - for ([j = 0, j &lt; symbols.size(), (j++)]): null

2019-08-24 13:13:37 - [TEST_STEP][PASSED] - symbol = symbol: null

2019-08-24 13:13:37 - [TEST_STEP][PASSED] - println(symbol): null

2019-08-24 13:13:37 - [TEST_STEP][PASSED] - if (i == 2 &amp;&amp; wildList.indexOf(symbol) != -1): null

2019-08-24 13:13:37 - [TEST_STEP][PASSED] - if (i == 3 &amp;&amp; wildList.indexOf(symbol) != -1): null

2019-08-24 13:13:37 - [TEST_STEP][PASSED] - if (i == 4 &amp;&amp; wildList.indexOf(symbol) != -1): null

2019-08-24 13:13:37 - [TEST_STEP][PASSED] - symbol = symbol: null

2019-08-24 13:13:37 - [TEST_STEP][PASSED] - println(symbol): null

2019-08-24 13:13:37 - [TEST_STEP][PASSED] - if (i == 2 &amp;&amp; wildList.indexOf(symbol) != -1): null

2019-08-24 13:13:37 - [TEST_STEP][PASSED] - if (i == 3 &amp;&amp; wildList.indexOf(symbol) != -1): null

2019-08-24 13:13:37 - [TEST_STEP][PASSED] - if (i == 4 &amp;&amp; wildList.indexOf(symbol) != -1): null

2019-08-24 13:13:37 - [TEST_STEP][PASSED] - symbol = symbol: null

2019-08-24 13:13:37 - [TEST_STEP][PASSED] - println(symbol): null

2019-08-24 13:13:37 - [TEST_STEP][PASSED] - if (i == 2 &amp;&amp; wildList.indexOf(symbol) != -1): null

2019-08-24 13:13:37 - [TEST_STEP][PASSED] - if (i == 3 &amp;&amp; wildList.indexOf(symbol) != -1): null

2019-08-24 13:13:37 - [TEST_STEP][PASSED] - if (i == 4 &amp;&amp; wildList.indexOf(symbol) != -1): null

2019-08-24 13:13:37 - [TEST_STEP][PASSED] - symbols = symbols: null

2019-08-24 13:13:37 - [TEST_STEP][PASSED] - for ([j = 0, j &lt; symbols.size(), (j++)]): null

2019-08-24 13:13:37 - [TEST_STEP][PASSED] - symbol = symbol: null

2019-08-24 13:13:37 - [TEST_STEP][PASSED] - println(symbol): null

2019-08-24 13:13:37 - [TEST_STEP][PASSED] - if (i == 2 &amp;&amp; wildList.indexOf(symbol) != -1): null

2019-08-24 13:13:37 - [TEST_STEP][PASSED] - if (i == 3 &amp;&amp; wildList.indexOf(symbol) != -1): null

2019-08-24 13:13:37 - [TEST_STEP][PASSED] - if (i == 4 &amp;&amp; wildList.indexOf(symbol) != -1): null

2019-08-24 13:13:37 - [TEST_STEP][PASSED] - symbol = symbol: null

2019-08-24 13:13:37 - [TEST_STEP][PASSED] - println(symbol): null

2019-08-24 13:13:37 - [TEST_STEP][PASSED] - if (i == 2 &amp;&amp; wildList.indexOf(symbol) != -1): null

2019-08-24 13:13:37 - [TEST_STEP][PASSED] - println("wild found on reel 3, adding counter by 1"): null

2019-08-24 13:13:37 - [TEST_STEP][PASSED] - free_spin_reel_counter[0] = free_spin_reel_counter[0] + 1: null

2019-08-24 13:13:37 - [TEST_STEP][PASSED] - if (i == 3 &amp;&amp; wildList.indexOf(symbol) != -1): null

2019-08-24 13:13:37 - [TEST_STEP][PASSED] - if (i == 4 &amp;&amp; wildList.indexOf(symbol) != -1): null

2019-08-24 13:13:37 - [TEST_STEP][PASSED] - symbol = symbol: null

2019-08-24 13:13:37 - [TEST_STEP][PASSED] - println(symbol): null

2019-08-24 13:13:37 - [TEST_STEP][PASSED] - if (i == 2 &amp;&amp; wildList.indexOf(symbol) != -1): null

2019-08-24 13:13:37 - [TEST_STEP][PASSED] - if (i == 3 &amp;&amp; wildList.indexOf(symbol) != -1): null

2019-08-24 13:13:37 - [TEST_STEP][PASSED] - if (i == 4 &amp;&amp; wildList.indexOf(symbol) != -1): null

2019-08-24 13:13:37 - [TEST_STEP][PASSED] - symbols = symbols: null

2019-08-24 13:13:37 - [TEST_STEP][PASSED] - for ([j = 0, j &lt; symbols.size(), (j++)]): null

2019-08-24 13:13:37 - [TEST_STEP][PASSED] - symbol = symbol: null

2019-08-24 13:13:37 - [TEST_STEP][PASSED] - println(symbol): null

2019-08-24 13:13:37 - [TEST_STEP][PASSED] - if (i == 2 &amp;&amp; wildList.indexOf(symbol) != -1): null

2019-08-24 13:13:37 - [TEST_STEP][PASSED] - if (i == 3 &amp;&amp; wildList.indexOf(symbol) != -1): null

2019-08-24 13:13:37 - [TEST_STEP][PASSED] - println("wild found on reel 4, adding counter by 1"): null

2019-08-24 13:13:37 - [TEST_STEP][PASSED] - free_spin_reel_counter[1] = free_spin_reel_counter[1] + 1: null

2019-08-24 13:13:37 - [TEST_STEP][PASSED] - if (i == 4 &amp;&amp; wildList.indexOf(symbol) != -1): null

2019-08-24 13:13:37 - [TEST_STEP][PASSED] - symbol = symbol: null

2019-08-24 13:13:37 - [TEST_STEP][PASSED] - println(symbol): null

2019-08-24 13:13:37 - [TEST_STEP][PASSED] - if (i == 2 &amp;&amp; wildList.indexOf(symbol) != -1): null

2019-08-24 13:13:37 - [TEST_STEP][PASSED] - if (i == 3 &amp;&amp; wildList.indexOf(symbol) != -1): null

2019-08-24 13:13:37 - [TEST_STEP][PASSED] - if (i == 4 &amp;&amp; wildList.indexOf(symbol) != -1): null

2019-08-24 13:13:37 - [TEST_STEP][PASSED] - symbol = symbol: null

2019-08-24 13:13:37 - [TEST_STEP][PASSED] - println(symbol): null

2019-08-24 13:13:37 - [TEST_STEP][PASSED] - if (i == 2 &amp;&amp; wildList.indexOf(symbol) != -1): null

2019-08-24 13:13:37 - [TEST_STEP][PASSED] - if (i == 3 &amp;&amp; wildList.indexOf(symbol) != -1): null

2019-08-24 13:13:37 - [TEST_STEP][PASSED] - if (i == 4 &amp;&amp; wildList.indexOf(symbol) != -1): null

2019-08-24 13:13:37 - [TEST_STEP][PASSED] - symbols = symbols: null

2019-08-24 13:13:37 - [TEST_STEP][PASSED] - for ([j = 0, j &lt; symbols.size(), (j++)]): null

2019-08-24 13:13:37 - [TEST_STEP][PASSED] - symbol = symbol: null

2019-08-24 13:13:37 - [TEST_STEP][PASSED] - println(symbol): null

2019-08-24 13:13:37 - [TEST_STEP][PASSED] - if (i == 2 &amp;&amp; wildList.indexOf(symbol) != -1): null

2019-08-24 13:13:37 - [TEST_STEP][PASSED] - if (i == 3 &amp;&amp; wildList.indexOf(symbol) != -1): null

2019-08-24 13:13:37 - [TEST_STEP][PASSED] - if (i == 4 &amp;&amp; wildList.indexOf(symbol) != -1): null

2019-08-24 13:13:37 - [TEST_STEP][PASSED] - symbol = symbol: null

2019-08-24 13:13:37 - [TEST_STEP][PASSED] - println(symbol): null

2019-08-24 13:13:37 - [TEST_STEP][PASSED] - if (i == 2 &amp;&amp; wildList.indexOf(symbol) != -1): null

2019-08-24 13:13:37 - [TEST_STEP][PASSED] - if (i == 3 &amp;&amp; wildList.indexOf(symbol) != -1): null

2019-08-24 13:13:37 - [TEST_STEP][PASSED] - if (i == 4 &amp;&amp; wildList.indexOf(symbol) != -1): null

2019-08-24 13:13:37 - [TEST_STEP][PASSED] - symbol = symbol: null

2019-08-24 13:13:37 - [TEST_STEP][PASSED] - println(symbol): null

2019-08-24 13:13:37 - [TEST_STEP][PASSED] - if (i == 2 &amp;&amp; wildList.indexOf(symbol) != -1): null

2019-08-24 13:13:37 - [TEST_STEP][PASSED] - if (i == 3 &amp;&amp; wildList.indexOf(symbol) != -1): null

2019-08-24 13:13:37 - [TEST_STEP][PASSED] - if (i == 4 &amp;&amp; wildList.indexOf(symbol) != -1): null

2019-08-24 13:13:37 - [TEST_STEP][PASSED] - free_spin_reel_counter = free_spin_reel_counter: null

2019-08-24 13:13:37 - [TEST_STEP][PASSED] - println("reel 3 wild found: " + free_spin_reel_counter[0]): null

2019-08-24 13:13:37 - [TEST_STEP][PASSED] - println("reel 4 wild found: " + free_spin_reel_counter[1]): null

2019-08-24 13:13:37 - [TEST_STEP][PASSED] - println("reel 5 wild found: " + free_spin_reel_counter[2]): null

2019-08-24 13:13:37 - [TEST_STEP][PASSED] - M4_spin_reels = M4_spin_reels: null

2019-08-24 13:13:37 - [TEST_STEP][PASSED] - M4_spin_reels_symbols = symbol: null

2019-08-24 13:13:37 - [TEST_STEP][PASSED] - M4_spin_reels_symbols = M4_spin_reels_symbols: null

2019-08-24 13:13:37 - [TEST_STEP][PASSED] - M4_spin_reel_wins = reel_wins: null

2019-08-24 13:13:37 - [TEST_STEP][PASSED] - M4_spin_reel_wins = M4_spin_reel_wins: null

2019-08-24 13:13:37 - [TEST_STEP][PASSED] - println("GlobalVariable.M4_spin_reel_wins is: " + M4_spin_reel_wins): null

2019-08-24 13:13:37 - [TEST_STEP][PASSED] - M4_spin_total_bonus_win_this_round = total_bonus_win_this_round: null

2019-08-24 13:13:37 - [TEST_STEP][PASSED] - M4_spin_total_bonus_win_this_round = M4_spin_total_bonus_win_this_round: null

2019-08-24 13:13:37 - [TEST_STEP][PASSED] - println("GlobalVariable.M4_spin_total_bonus_win_this_round is: " + M4_spin_total_bonus_win_this_round): null

2019-08-24 13:13:37 - [TEST_STEP][PASSED] - M4_spin_bonus_spin_result = spin_result: null

2019-08-24 13:13:37 - [TEST_STEP][PASSED] - M4_spin_bonus_spin_result = M4_spin_bonus_spin_result: null

2019-08-24 13:13:37 - [MESSAGE][PASSED] - Verify response successfully

2019-08-24 13:13:37 - [MESSAGE][PASSED] - Send request and verify the response successfully

2019-08-24 13:13:37 - [TEST_STEP][PASSED] - if (M4_total_bonus_spins_int != 0 &amp;&amp; M4_spin_reels_symbols[2].contains("WILD_Expanding")): null

2019-08-24 13:13:37 - [TEST_STEP][PASSED] - free_spin_reel_counter = free_spin_reel_counter: null

2019-08-24 13:13:37 - [TEST_STEP][PASSED] - M4_spin_reels_symbols = M4_spin_reels_symbols: null

2019-08-24 13:13:37 - [TEST_STEP][PASSED] - M4_total_bonus_spins = M4_total_bonus_spins: null

2019-08-24 13:13:37 - [TEST_STEP][PASSED] - spin_result = sendRequestAndVerify(findTestObject("INT/RGS(M4)/1_M4_spin", ["M4_login_user_id":M4_login_user_id, "rgs_session_token":rgs_session_token, "partner":Partner])): Send request and verify the response successfully

2019-08-24 13:13:38 - [MESSAGE][INFO] - HAR: /Users/eiralee/Katalon_Script/SuperWild/Reports/20190824_125957/INT/superWild_5/20190824_125957/requests/main/239.har

2019-08-24 13:13:38 - [TEST_CASE][PASSED] - Start Test Case : Verification: Verification accomplished successfully

2019-08-24 13:13:38 - [TEST_STEP][PASSED] - request = getInstance().getCurrentRequest(): null

2019-08-24 13:13:38 - [TEST_STEP][PASSED] - response = getInstance().getCurrentResponse(): null

2019-08-24 13:13:38 - [TEST_STEP][PASSED] - verifyResponseStatusCode(response, 200): Verify response status code successfully

2019-08-24 13:13:38 - [MESSAGE][PASSED] - Verify response status code successfully

2019-08-24 13:13:38 - [TEST_STEP][PASSED] - getStatusCode()).isEqualTo(200): null

2019-08-24 13:13:38 - [TEST_STEP][PASSED] - newline = System.getProperty("line.separator"): null

2019-08-24 13:13:38 - [TEST_STEP][PASSED] - M4_spin = new groovy.json.JsonSlurper(): null

2019-08-24 13:13:38 - [TEST_STEP][PASSED] - result_M4_spin = M4_spin.parseText(response.getResponseBodyContent()): null

2019-08-24 13:13:38 - [TEST_STEP][PASSED] - M4_spin_current_balance = current_balance: null

2019-08-24 13:13:38 - [TEST_STEP][PASSED] - M4_spin_current_balance = M4_spin_current_balance: null

2019-08-24 13:13:38 - [TEST_STEP][PASSED] - M4_spin_transaction_id = causality: null

2019-08-24 13:13:38 - [TEST_STEP][PASSED] - M4_spin_transaction_id = M4_spin_transaction_id: null

2019-08-24 13:13:38 - [TEST_STEP][PASSED] - M4_spin_round_id = round_id: null

2019-08-24 13:13:38 - [TEST_STEP][PASSED] - M4_spin_round_id = M4_spin_round_id: null

2019-08-24 13:13:38 - [TEST_STEP][PASSED] - M4_spin_line_wins = line_wins: null

2019-08-24 13:13:38 - [TEST_STEP][PASSED] - M4_spin_line_wins = M4_spin_line_wins: null

2019-08-24 13:13:38 - [TEST_STEP][PASSED] - M4_total_bonus_spins_int = total_bonus_spins: null

2019-08-24 13:13:38 - [TEST_STEP][PASSED] - println("******M4_total_bonus_spins type is:*******" + newline + getClass().getName()): null

2019-08-24 13:13:38 - [TEST_STEP][PASSED] - M4_total_bonus_spins_int = M4_total_bonus_spins_int: null

2019-08-24 13:13:38 - [TEST_STEP][PASSED] - M4_total_bonus_spins = Integer.toString(M4_total_bonus_spins_int): null

2019-08-24 13:13:38 - [TEST_STEP][PASSED] - M4_total_bonus_spins = M4_total_bonus_spins: null

2019-08-24 13:13:38 - [TEST_STEP][PASSED] - println("M4_total_bonus_spins is:" + M4_total_bonus_spins): null

2019-08-24 13:13:38 - [TEST_STEP][PASSED] - M4_spin_bonus_data = bonus_data: null

2019-08-24 13:13:38 - [TEST_STEP][PASSED] - M4_spin_features_triggered = result_M4_spin: null

2019-08-24 13:13:38 - [TEST_STEP][PASSED] - wild = []: null

2019-08-24 13:13:38 - [TEST_STEP][PASSED] - wild[0] = "WILD_Expanding": null

2019-08-24 13:13:38 - [TEST_STEP][PASSED] - wild[1] = "WILD_Normal": null

2019-08-24 13:13:38 - [TEST_STEP][PASSED] - wild[2] = "WILD_Double": null

2019-08-24 13:13:38 - [TEST_STEP][PASSED] - wild[3] = "WILD_ExtraFG": null

2019-08-24 13:13:38 - [TEST_STEP][PASSED] - wild[4] = "WILD_Triple": null

2019-08-24 13:13:38 - [TEST_STEP][PASSED] - wildList = Arrays.asList(wild): null

2019-08-24 13:13:38 - [TEST_STEP][PASSED] - wildList = wildList: null

2019-08-24 13:13:38 - [TEST_STEP][PASSED] - free_spin_reel_counter = []: null

2019-08-24 13:13:38 - [TEST_STEP][PASSED] - free_spin_reel_counter[0] = 0: null

2019-08-24 13:13:38 - [TEST_STEP][PASSED] - free_spin_reel_counter[1] = 0: null

2019-08-24 13:13:38 - [TEST_STEP][PASSED] - free_spin_reel_counter[2] = 0: null

2019-08-24 13:13:38 - [TEST_STEP][PASSED] - M4_spin_reels = reels: null

2019-08-24 13:13:38 - [TEST_STEP][PASSED] - for ([i = 0, i &lt; M4_spin_reels.size(), (i++)]): null

2019-08-24 13:13:38 - [TEST_STEP][PASSED] - symbols = symbols: null

2019-08-24 13:13:38 - [TEST_STEP][PASSED] - for ([j = 0, j &lt; symbols.size(), (j++)]): null

2019-08-24 13:13:38 - [TEST_STEP][PASSED] - symbol = symbol: null

2019-08-24 13:13:38 - [TEST_STEP][PASSED] - println(symbol): null

2019-08-24 13:13:38 - [TEST_STEP][PASSED] - if (i == 2 &amp;&amp; wildList.indexOf(symbol) != -1): null

2019-08-24 13:13:38 - [TEST_STEP][PASSED] - if (i == 3 &amp;&amp; wildList.indexOf(symbol) != -1): null

2019-08-24 13:13:38 - [TEST_STEP][PASSED] - if (i == 4 &amp;&amp; wildList.indexOf(symbol) != -1): null

2019-08-24 13:13:38 - [TEST_STEP][PASSED] - symbol = symbol: null

2019-08-24 13:13:38 - [TEST_STEP][PASSED] - println(symbol): null

2019-08-24 13:13:38 - [TEST_STEP][PASSED] - if (i == 2 &amp;&amp; wildList.indexOf(symbol) != -1): null

2019-08-24 13:13:38 - [TEST_STEP][PASSED] - if (i == 3 &amp;&amp; wildList.indexOf(symbol) != -1): null

2019-08-24 13:13:38 - [TEST_STEP][PASSED] - if (i == 4 &amp;&amp; wildList.indexOf(symbol) != -1): null

2019-08-24 13:13:38 - [TEST_STEP][PASSED] - symbol = symbol: null

2019-08-24 13:13:38 - [TEST_STEP][PASSED] - println(symbol): null

2019-08-24 13:13:38 - [TEST_STEP][PASSED] - if (i == 2 &amp;&amp; wildList.indexOf(symbol) != -1): null

2019-08-24 13:13:38 - [TEST_STEP][PASSED] - if (i == 3 &amp;&amp; wildList.indexOf(symbol) != -1): null

2019-08-24 13:13:38 - [TEST_STEP][PASSED] - if (i == 4 &amp;&amp; wildList.indexOf(symbol) != -1): null

2019-08-24 13:13:38 - [TEST_STEP][PASSED] - symbols = symbols: null

2019-08-24 13:13:38 - [TEST_STEP][PASSED] - for ([j = 0, j &lt; symbols.size(), (j++)]): null

2019-08-24 13:13:38 - [TEST_STEP][PASSED] - symbol = symbol: null

2019-08-24 13:13:38 - [TEST_STEP][PASSED] - println(symbol): null

2019-08-24 13:13:38 - [TEST_STEP][PASSED] - if (i == 2 &amp;&amp; wildList.indexOf(symbol) != -1): null

2019-08-24 13:13:38 - [TEST_STEP][PASSED] - if (i == 3 &amp;&amp; wildList.indexOf(symbol) != -1): null

2019-08-24 13:13:38 - [TEST_STEP][PASSED] - if (i == 4 &amp;&amp; wildList.indexOf(symbol) != -1): null

2019-08-24 13:13:38 - [TEST_STEP][PASSED] - symbol = symbol: null

2019-08-24 13:13:38 - [TEST_STEP][PASSED] - println(symbol): null

2019-08-24 13:13:38 - [TEST_STEP][PASSED] - if (i == 2 &amp;&amp; wildList.indexOf(symbol) != -1): null

2019-08-24 13:13:38 - [TEST_STEP][PASSED] - if (i == 3 &amp;&amp; wildList.indexOf(symbol) != -1): null

2019-08-24 13:13:38 - [TEST_STEP][PASSED] - if (i == 4 &amp;&amp; wildList.indexOf(symbol) != -1): null

2019-08-24 13:13:38 - [TEST_STEP][PASSED] - symbol = symbol: null

2019-08-24 13:13:38 - [TEST_STEP][PASSED] - println(symbol): null

2019-08-24 13:13:38 - [TEST_STEP][PASSED] - if (i == 2 &amp;&amp; wildList.indexOf(symbol) != -1): null

2019-08-24 13:13:38 - [TEST_STEP][PASSED] - if (i == 3 &amp;&amp; wildList.indexOf(symbol) != -1): null

2019-08-24 13:13:38 - [TEST_STEP][PASSED] - if (i == 4 &amp;&amp; wildList.indexOf(symbol) != -1): null

2019-08-24 13:13:38 - [TEST_STEP][PASSED] - symbols = symbols: null

2019-08-24 13:13:38 - [TEST_STEP][PASSED] - for ([j = 0, j &lt; symbols.size(), (j++)]): null

2019-08-24 13:13:38 - [TEST_STEP][PASSED] - symbol = symbol: null

2019-08-24 13:13:38 - [TEST_STEP][PASSED] - println(symbol): null

2019-08-24 13:13:38 - [TEST_STEP][PASSED] - if (i == 2 &amp;&amp; wildList.indexOf(symbol) != -1): null

2019-08-24 13:13:38 - [TEST_STEP][PASSED] - if (i == 3 &amp;&amp; wildList.indexOf(symbol) != -1): null

2019-08-24 13:13:38 - [TEST_STEP][PASSED] - if (i == 4 &amp;&amp; wildList.indexOf(symbol) != -1): null

2019-08-24 13:13:38 - [TEST_STEP][PASSED] - symbol = symbol: null

2019-08-24 13:13:38 - [TEST_STEP][PASSED] - println(symbol): null

2019-08-24 13:13:38 - [TEST_STEP][PASSED] - if (i == 2 &amp;&amp; wildList.indexOf(symbol) != -1): null

2019-08-24 13:13:38 - [TEST_STEP][PASSED] - if (i == 3 &amp;&amp; wildList.indexOf(symbol) != -1): null

2019-08-24 13:13:38 - [TEST_STEP][PASSED] - if (i == 4 &amp;&amp; wildList.indexOf(symbol) != -1): null

2019-08-24 13:13:38 - [TEST_STEP][PASSED] - symbol = symbol: null

2019-08-24 13:13:38 - [TEST_STEP][PASSED] - println(symbol): null

2019-08-24 13:13:38 - [TEST_STEP][PASSED] - if (i == 2 &amp;&amp; wildList.indexOf(symbol) != -1): null

2019-08-24 13:13:38 - [TEST_STEP][PASSED] - if (i == 3 &amp;&amp; wildList.indexOf(symbol) != -1): null

2019-08-24 13:13:38 - [TEST_STEP][PASSED] - if (i == 4 &amp;&amp; wildList.indexOf(symbol) != -1): null

2019-08-24 13:13:38 - [TEST_STEP][PASSED] - symbols = symbols: null

2019-08-24 13:13:38 - [TEST_STEP][PASSED] - for ([j = 0, j &lt; symbols.size(), (j++)]): null

2019-08-24 13:13:38 - [TEST_STEP][PASSED] - symbol = symbol: null

2019-08-24 13:13:38 - [TEST_STEP][PASSED] - println(symbol): null

2019-08-24 13:13:38 - [TEST_STEP][PASSED] - if (i == 2 &amp;&amp; wildList.indexOf(symbol) != -1): null

2019-08-24 13:13:38 - [TEST_STEP][PASSED] - if (i == 3 &amp;&amp; wildList.indexOf(symbol) != -1): null

2019-08-24 13:13:38 - [TEST_STEP][PASSED] - if (i == 4 &amp;&amp; wildList.indexOf(symbol) != -1): null

2019-08-24 13:13:38 - [TEST_STEP][PASSED] - symbol = symbol: null

2019-08-24 13:13:38 - [TEST_STEP][PASSED] - println(symbol): null

2019-08-24 13:13:38 - [TEST_STEP][PASSED] - if (i == 2 &amp;&amp; wildList.indexOf(symbol) != -1): null

2019-08-24 13:13:38 - [TEST_STEP][PASSED] - if (i == 3 &amp;&amp; wildList.indexOf(symbol) != -1): null

2019-08-24 13:13:38 - [TEST_STEP][PASSED] - println("wild found on reel 4, adding counter by 1"): null

2019-08-24 13:13:38 - [TEST_STEP][PASSED] - free_spin_reel_counter[1] = free_spin_reel_counter[1] + 1: null

2019-08-24 13:13:38 - [TEST_STEP][PASSED] - if (i == 4 &amp;&amp; wildList.indexOf(symbol) != -1): null

2019-08-24 13:13:38 - [TEST_STEP][PASSED] - symbol = symbol: null

2019-08-24 13:13:38 - [TEST_STEP][PASSED] - println(symbol): null

2019-08-24 13:13:38 - [TEST_STEP][PASSED] - if (i == 2 &amp;&amp; wildList.indexOf(symbol) != -1): null

2019-08-24 13:13:38 - [TEST_STEP][PASSED] - if (i == 3 &amp;&amp; wildList.indexOf(symbol) != -1): null

2019-08-24 13:13:38 - [TEST_STEP][PASSED] - if (i == 4 &amp;&amp; wildList.indexOf(symbol) != -1): null

2019-08-24 13:13:38 - [TEST_STEP][PASSED] - symbols = symbols: null

2019-08-24 13:13:38 - [TEST_STEP][PASSED] - for ([j = 0, j &lt; symbols.size(), (j++)]): null

2019-08-24 13:13:38 - [TEST_STEP][PASSED] - symbol = symbol: null

2019-08-24 13:13:38 - [TEST_STEP][PASSED] - println(symbol): null

2019-08-24 13:13:38 - [TEST_STEP][PASSED] - if (i == 2 &amp;&amp; wildList.indexOf(symbol) != -1): null

2019-08-24 13:13:38 - [TEST_STEP][PASSED] - if (i == 3 &amp;&amp; wildList.indexOf(symbol) != -1): null

2019-08-24 13:13:38 - [TEST_STEP][PASSED] - if (i == 4 &amp;&amp; wildList.indexOf(symbol) != -1): null

2019-08-24 13:13:38 - [TEST_STEP][PASSED] - symbol = symbol: null

2019-08-24 13:13:38 - [TEST_STEP][PASSED] - println(symbol): null

2019-08-24 13:13:38 - [TEST_STEP][PASSED] - if (i == 2 &amp;&amp; wildList.indexOf(symbol) != -1): null

2019-08-24 13:13:38 - [TEST_STEP][PASSED] - if (i == 3 &amp;&amp; wildList.indexOf(symbol) != -1): null

2019-08-24 13:13:38 - [TEST_STEP][PASSED] - if (i == 4 &amp;&amp; wildList.indexOf(symbol) != -1): null

2019-08-24 13:13:38 - [TEST_STEP][PASSED] - symbol = symbol: null

2019-08-24 13:13:38 - [TEST_STEP][PASSED] - println(symbol): null

2019-08-24 13:13:38 - [TEST_STEP][PASSED] - if (i == 2 &amp;&amp; wildList.indexOf(symbol) != -1): null

2019-08-24 13:13:38 - [TEST_STEP][PASSED] - if (i == 3 &amp;&amp; wildList.indexOf(symbol) != -1): null

2019-08-24 13:13:38 - [TEST_STEP][PASSED] - if (i == 4 &amp;&amp; wildList.indexOf(symbol) != -1): null

2019-08-24 13:13:38 - [TEST_STEP][PASSED] - free_spin_reel_counter = free_spin_reel_counter: null

2019-08-24 13:13:38 - [TEST_STEP][PASSED] - println("reel 3 wild found: " + free_spin_reel_counter[0]): null

2019-08-24 13:13:38 - [TEST_STEP][PASSED] - println("reel 4 wild found: " + free_spin_reel_counter[1]): null

2019-08-24 13:13:38 - [TEST_STEP][PASSED] - println("reel 5 wild found: " + free_spin_reel_counter[2]): null

2019-08-24 13:13:38 - [TEST_STEP][PASSED] - M4_spin_reels = M4_spin_reels: null

2019-08-24 13:13:38 - [TEST_STEP][PASSED] - M4_spin_reels_symbols = symbol: null

2019-08-24 13:13:38 - [TEST_STEP][PASSED] - M4_spin_reels_symbols = M4_spin_reels_symbols: null

2019-08-24 13:13:38 - [TEST_STEP][PASSED] - M4_spin_reel_wins = reel_wins: null

2019-08-24 13:13:38 - [TEST_STEP][PASSED] - M4_spin_reel_wins = M4_spin_reel_wins: null

2019-08-24 13:13:38 - [TEST_STEP][PASSED] - println("GlobalVariable.M4_spin_reel_wins is: " + M4_spin_reel_wins): null

2019-08-24 13:13:38 - [TEST_STEP][PASSED] - M4_spin_total_bonus_win_this_round = total_bonus_win_this_round: null

2019-08-24 13:13:38 - [TEST_STEP][PASSED] - M4_spin_total_bonus_win_this_round = M4_spin_total_bonus_win_this_round: null

2019-08-24 13:13:38 - [TEST_STEP][PASSED] - println("GlobalVariable.M4_spin_total_bonus_win_this_round is: " + M4_spin_total_bonus_win_this_round): null

2019-08-24 13:13:38 - [TEST_STEP][PASSED] - M4_spin_bonus_spin_result = spin_result: null

2019-08-24 13:13:38 - [TEST_STEP][PASSED] - M4_spin_bonus_spin_result = M4_spin_bonus_spin_result: null

2019-08-24 13:13:38 - [MESSAGE][PASSED] - Verify response successfully

2019-08-24 13:13:38 - [MESSAGE][PASSED] - Send request and verify the response successfully

2019-08-24 13:13:38 - [TEST_STEP][PASSED] - if (M4_total_bonus_spins_int != 0 &amp;&amp; M4_spin_reels_symbols[2].contains("WILD_Expanding")): null

2019-08-24 13:13:38 - [TEST_STEP][PASSED] - free_spin_reel_counter = free_spin_reel_counter: null

2019-08-24 13:13:38 - [TEST_STEP][PASSED] - M4_spin_reels_symbols = M4_spin_reels_symbols: null

2019-08-24 13:13:38 - [TEST_STEP][PASSED] - M4_total_bonus_spins = M4_total_bonus_spins: null

2019-08-24 13:13:38 - [TEST_STEP][PASSED] - spin_result = sendRequestAndVerify(findTestObject("INT/RGS(M4)/1_M4_spin", ["M4_login_user_id":M4_login_user_id, "rgs_session_token":rgs_session_token, "partner":Partner])): Send request and verify the response successfully

2019-08-24 13:13:38 - [MESSAGE][INFO] - HAR: /Users/eiralee/Katalon_Script/SuperWild/Reports/20190824_125957/INT/superWild_5/20190824_125957/requests/main/240.har

2019-08-24 13:13:38 - [TEST_CASE][PASSED] - Start Test Case : Verification: Verification accomplished successfully

2019-08-24 13:13:38 - [TEST_STEP][PASSED] - request = getInstance().getCurrentRequest(): null

2019-08-24 13:13:39 - [TEST_STEP][PASSED] - response = getInstance().getCurrentResponse(): null

2019-08-24 13:13:39 - [TEST_STEP][PASSED] - verifyResponseStatusCode(response, 200): Verify response status code successfully

2019-08-24 13:13:39 - [MESSAGE][PASSED] - Verify response status code successfully

2019-08-24 13:13:39 - [TEST_STEP][PASSED] - getStatusCode()).isEqualTo(200): null

2019-08-24 13:13:39 - [TEST_STEP][PASSED] - newline = System.getProperty("line.separator"): null

2019-08-24 13:13:39 - [TEST_STEP][PASSED] - M4_spin = new groovy.json.JsonSlurper(): null

2019-08-24 13:13:39 - [TEST_STEP][PASSED] - result_M4_spin = M4_spin.parseText(response.getResponseBodyContent()): null

2019-08-24 13:13:39 - [TEST_STEP][PASSED] - M4_spin_current_balance = current_balance: null

2019-08-24 13:13:39 - [TEST_STEP][PASSED] - M4_spin_current_balance = M4_spin_current_balance: null

2019-08-24 13:13:39 - [TEST_STEP][PASSED] - M4_spin_transaction_id = causality: null

2019-08-24 13:13:39 - [TEST_STEP][PASSED] - M4_spin_transaction_id = M4_spin_transaction_id: null

2019-08-24 13:13:39 - [TEST_STEP][PASSED] - M4_spin_round_id = round_id: null

2019-08-24 13:13:39 - [TEST_STEP][PASSED] - M4_spin_round_id = M4_spin_round_id: null

2019-08-24 13:13:39 - [TEST_STEP][PASSED] - M4_spin_line_wins = line_wins: null

2019-08-24 13:13:39 - [TEST_STEP][PASSED] - M4_spin_line_wins = M4_spin_line_wins: null

2019-08-24 13:13:39 - [TEST_STEP][PASSED] - M4_total_bonus_spins_int = total_bonus_spins: null

2019-08-24 13:13:39 - [TEST_STEP][PASSED] - println("******M4_total_bonus_spins type is:*******" + newline + getClass().getName()): null

2019-08-24 13:13:39 - [TEST_STEP][PASSED] - M4_total_bonus_spins_int = M4_total_bonus_spins_int: null

2019-08-24 13:13:39 - [TEST_STEP][PASSED] - M4_total_bonus_spins = Integer.toString(M4_total_bonus_spins_int): null

2019-08-24 13:13:39 - [TEST_STEP][PASSED] - M4_total_bonus_spins = M4_total_bonus_spins: null

2019-08-24 13:13:39 - [TEST_STEP][PASSED] - println("M4_total_bonus_spins is:" + M4_total_bonus_spins): null

2019-08-24 13:13:39 - [TEST_STEP][PASSED] - M4_spin_bonus_data = bonus_data: null

2019-08-24 13:13:39 - [TEST_STEP][PASSED] - M4_spin_features_triggered = result_M4_spin: null

2019-08-24 13:13:39 - [TEST_STEP][PASSED] - wild = []: null

2019-08-24 13:13:39 - [TEST_STEP][PASSED] - wild[0] = "WILD_Expanding": null

2019-08-24 13:13:39 - [TEST_STEP][PASSED] - wild[1] = "WILD_Normal": null

2019-08-24 13:13:39 - [TEST_STEP][PASSED] - wild[2] = "WILD_Double": null

2019-08-24 13:13:39 - [TEST_STEP][PASSED] - wild[3] = "WILD_ExtraFG": null

2019-08-24 13:13:39 - [TEST_STEP][PASSED] - wild[4] = "WILD_Triple": null

2019-08-24 13:13:39 - [TEST_STEP][PASSED] - wildList = Arrays.asList(wild): null

2019-08-24 13:13:39 - [TEST_STEP][PASSED] - wildList = wildList: null

2019-08-24 13:13:39 - [TEST_STEP][PASSED] - free_spin_reel_counter = []: null

2019-08-24 13:13:39 - [TEST_STEP][PASSED] - free_spin_reel_counter[0] = 0: null

2019-08-24 13:13:39 - [TEST_STEP][PASSED] - free_spin_reel_counter[1] = 0: null

2019-08-24 13:13:39 - [TEST_STEP][PASSED] - free_spin_reel_counter[2] = 0: null

2019-08-24 13:13:39 - [TEST_STEP][PASSED] - M4_spin_reels = reels: null

2019-08-24 13:13:39 - [TEST_STEP][PASSED] - for ([i = 0, i &lt; M4_spin_reels.size(), (i++)]): null

2019-08-24 13:13:39 - [TEST_STEP][PASSED] - symbols = symbols: null

2019-08-24 13:13:39 - [TEST_STEP][PASSED] - for ([j = 0, j &lt; symbols.size(), (j++)]): null

2019-08-24 13:13:39 - [TEST_STEP][PASSED] - symbol = symbol: null

2019-08-24 13:13:39 - [TEST_STEP][PASSED] - println(symbol): null

2019-08-24 13:13:39 - [TEST_STEP][PASSED] - if (i == 2 &amp;&amp; wildList.indexOf(symbol) != -1): null

2019-08-24 13:13:39 - [TEST_STEP][PASSED] - if (i == 3 &amp;&amp; wildList.indexOf(symbol) != -1): null

2019-08-24 13:13:39 - [TEST_STEP][PASSED] - if (i == 4 &amp;&amp; wildList.indexOf(symbol) != -1): null

2019-08-24 13:13:39 - [TEST_STEP][PASSED] - symbol = symbol: null

2019-08-24 13:13:39 - [TEST_STEP][PASSED] - println(symbol): null

2019-08-24 13:13:39 - [TEST_STEP][PASSED] - if (i == 2 &amp;&amp; wildList.indexOf(symbol) != -1): null

2019-08-24 13:13:39 - [TEST_STEP][PASSED] - if (i == 3 &amp;&amp; wildList.indexOf(symbol) != -1): null

2019-08-24 13:13:39 - [TEST_STEP][PASSED] - if (i == 4 &amp;&amp; wildList.indexOf(symbol) != -1): null

2019-08-24 13:13:39 - [TEST_STEP][PASSED] - symbol = symbol: null

2019-08-24 13:13:39 - [TEST_STEP][PASSED] - println(symbol): null

2019-08-24 13:13:39 - [TEST_STEP][PASSED] - if (i == 2 &amp;&amp; wildList.indexOf(symbol) != -1): null

2019-08-24 13:13:39 - [TEST_STEP][PASSED] - if (i == 3 &amp;&amp; wildList.indexOf(symbol) != -1): null

2019-08-24 13:13:39 - [TEST_STEP][PASSED] - if (i == 4 &amp;&amp; wildList.indexOf(symbol) != -1): null

2019-08-24 13:13:39 - [TEST_STEP][PASSED] - symbols = symbols: null

2019-08-24 13:13:39 - [TEST_STEP][PASSED] - for ([j = 0, j &lt; symbols.size(), (j++)]): null

2019-08-24 13:13:39 - [TEST_STEP][PASSED] - symbol = symbol: null

2019-08-24 13:13:39 - [TEST_STEP][PASSED] - println(symbol): null

2019-08-24 13:13:39 - [TEST_STEP][PASSED] - if (i == 2 &amp;&amp; wildList.indexOf(symbol) != -1): null

2019-08-24 13:13:39 - [TEST_STEP][PASSED] - if (i == 3 &amp;&amp; wildList.indexOf(symbol) != -1): null

2019-08-24 13:13:39 - [TEST_STEP][PASSED] - if (i == 4 &amp;&amp; wildList.indexOf(symbol) != -1): null

2019-08-24 13:13:39 - [TEST_STEP][PASSED] - symbol = symbol: null

2019-08-24 13:13:39 - [TEST_STEP][PASSED] - println(symbol): null

2019-08-24 13:13:39 - [TEST_STEP][PASSED] - if (i == 2 &amp;&amp; wildList.indexOf(symbol) != -1): null

2019-08-24 13:13:39 - [TEST_STEP][PASSED] - if (i == 3 &amp;&amp; wildList.indexOf(symbol) != -1): null

2019-08-24 13:13:39 - [TEST_STEP][PASSED] - if (i == 4 &amp;&amp; wildList.indexOf(symbol) != -1): null

2019-08-24 13:13:39 - [TEST_STEP][PASSED] - symbol = symbol: null

2019-08-24 13:13:39 - [TEST_STEP][PASSED] - println(symbol): null

2019-08-24 13:13:39 - [TEST_STEP][PASSED] - if (i == 2 &amp;&amp; wildList.indexOf(symbol) != -1): null

2019-08-24 13:13:39 - [TEST_STEP][PASSED] - if (i == 3 &amp;&amp; wildList.indexOf(symbol) != -1): null

2019-08-24 13:13:39 - [TEST_STEP][PASSED] - if (i == 4 &amp;&amp; wildList.indexOf(symbol) != -1): null

2019-08-24 13:13:39 - [TEST_STEP][PASSED] - symbols = symbols: null

2019-08-24 13:13:39 - [TEST_STEP][PASSED] - for ([j = 0, j &lt; symbols.size(), (j++)]): null

2019-08-24 13:13:39 - [TEST_STEP][PASSED] - symbol = symbol: null

2019-08-24 13:13:39 - [TEST_STEP][PASSED] - println(symbol): null

2019-08-24 13:13:39 - [TEST_STEP][PASSED] - if (i == 2 &amp;&amp; wildList.indexOf(symbol) != -1): null

2019-08-24 13:13:39 - [TEST_STEP][PASSED] - if (i == 3 &amp;&amp; wildList.indexOf(symbol) != -1): null

2019-08-24 13:13:39 - [TEST_STEP][PASSED] - if (i == 4 &amp;&amp; wildList.indexOf(symbol) != -1): null

2019-08-24 13:13:39 - [TEST_STEP][PASSED] - symbol = symbol: null

2019-08-24 13:13:39 - [TEST_STEP][PASSED] - println(symbol): null

2019-08-24 13:13:39 - [TEST_STEP][PASSED] - if (i == 2 &amp;&amp; wildList.indexOf(symbol) != -1): null

2019-08-24 13:13:39 - [TEST_STEP][PASSED] - if (i == 3 &amp;&amp; wildList.indexOf(symbol) != -1): null

2019-08-24 13:13:39 - [TEST_STEP][PASSED] - if (i == 4 &amp;&amp; wildList.indexOf(symbol) != -1): null

2019-08-24 13:13:39 - [TEST_STEP][PASSED] - symbol = symbol: null

2019-08-24 13:13:39 - [TEST_STEP][PASSED] - println(symbol): null

2019-08-24 13:13:39 - [TEST_STEP][PASSED] - if (i == 2 &amp;&amp; wildList.indexOf(symbol) != -1): null

2019-08-24 13:13:39 - [TEST_STEP][PASSED] - if (i == 3 &amp;&amp; wildList.indexOf(symbol) != -1): null

2019-08-24 13:13:39 - [TEST_STEP][PASSED] - if (i == 4 &amp;&amp; wildList.indexOf(symbol) != -1): null

2019-08-24 13:13:39 - [TEST_STEP][PASSED] - symbols = symbols: null

2019-08-24 13:13:39 - [TEST_STEP][PASSED] - for ([j = 0, j &lt; symbols.size(), (j++)]): null

2019-08-24 13:13:39 - [TEST_STEP][PASSED] - symbol = symbol: null

2019-08-24 13:13:39 - [TEST_STEP][PASSED] - println(symbol): null

2019-08-24 13:13:39 - [TEST_STEP][PASSED] - if (i == 2 &amp;&amp; wildList.indexOf(symbol) != -1): null

2019-08-24 13:13:39 - [TEST_STEP][PASSED] - if (i == 3 &amp;&amp; wildList.indexOf(symbol) != -1): null

2019-08-24 13:13:39 - [TEST_STEP][PASSED] - if (i == 4 &amp;&amp; wildList.indexOf(symbol) != -1): null

2019-08-24 13:13:39 - [TEST_STEP][PASSED] - symbol = symbol: null

2019-08-24 13:13:39 - [TEST_STEP][PASSED] - println(symbol): null

2019-08-24 13:13:39 - [TEST_STEP][PASSED] - if (i == 2 &amp;&amp; wildList.indexOf(symbol) != -1): null

2019-08-24 13:13:39 - [TEST_STEP][PASSED] - if (i == 3 &amp;&amp; wildList.indexOf(symbol) != -1): null

2019-08-24 13:13:39 - [TEST_STEP][PASSED] - if (i == 4 &amp;&amp; wildList.indexOf(symbol) != -1): null

2019-08-24 13:13:39 - [TEST_STEP][PASSED] - symbol = symbol: null

2019-08-24 13:13:39 - [TEST_STEP][PASSED] - println(symbol): null

2019-08-24 13:13:39 - [TEST_STEP][PASSED] - if (i == 2 &amp;&amp; wildList.indexOf(symbol) != -1): null

2019-08-24 13:13:39 - [TEST_STEP][PASSED] - if (i == 3 &amp;&amp; wildList.indexOf(symbol) != -1): null

2019-08-24 13:13:39 - [TEST_STEP][PASSED] - if (i == 4 &amp;&amp; wildList.indexOf(symbol) != -1): null

2019-08-24 13:13:39 - [TEST_STEP][PASSED] - symbols = symbols: null

2019-08-24 13:13:39 - [TEST_STEP][PASSED] - for ([j = 0, j &lt; symbols.size(), (j++)]): null

2019-08-24 13:13:39 - [TEST_STEP][PASSED] - symbol = symbol: null

2019-08-24 13:13:39 - [TEST_STEP][PASSED] - println(symbol): null

2019-08-24 13:13:39 - [TEST_STEP][PASSED] - if (i == 2 &amp;&amp; wildList.indexOf(symbol) != -1): null

2019-08-24 13:13:39 - [TEST_STEP][PASSED] - if (i == 3 &amp;&amp; wildList.indexOf(symbol) != -1): null

2019-08-24 13:13:39 - [TEST_STEP][PASSED] - if (i == 4 &amp;&amp; wildList.indexOf(symbol) != -1): null

2019-08-24 13:13:39 - [TEST_STEP][PASSED] - symbol = symbol: null

2019-08-24 13:13:39 - [TEST_STEP][PASSED] - println(symbol): null

2019-08-24 13:13:39 - [TEST_STEP][PASSED] - if (i == 2 &amp;&amp; wildList.indexOf(symbol) != -1): null

2019-08-24 13:13:39 - [TEST_STEP][PASSED] - if (i == 3 &amp;&amp; wildList.indexOf(symbol) != -1): null

2019-08-24 13:13:39 - [TEST_STEP][PASSED] - if (i == 4 &amp;&amp; wildList.indexOf(symbol) != -1): null

2019-08-24 13:13:39 - [TEST_STEP][PASSED] - symbol = symbol: null

2019-08-24 13:13:39 - [TEST_STEP][PASSED] - println(symbol): null

2019-08-24 13:13:39 - [TEST_STEP][PASSED] - if (i == 2 &amp;&amp; wildList.indexOf(symbol) != -1): null

2019-08-24 13:13:39 - [TEST_STEP][PASSED] - if (i == 3 &amp;&amp; wildList.indexOf(symbol) != -1): null

2019-08-24 13:13:39 - [TEST_STEP][PASSED] - if (i == 4 &amp;&amp; wildList.indexOf(symbol) != -1): null

2019-08-24 13:13:39 - [TEST_STEP][PASSED] - free_spin_reel_counter = free_spin_reel_counter: null

2019-08-24 13:13:39 - [TEST_STEP][PASSED] - println("reel 3 wild found: " + free_spin_reel_counter[0]): null

2019-08-24 13:13:39 - [TEST_STEP][PASSED] - println("reel 4 wild found: " + free_spin_reel_counter[1]): null

2019-08-24 13:13:39 - [TEST_STEP][PASSED] - println("reel 5 wild found: " + free_spin_reel_counter[2]): null

2019-08-24 13:13:39 - [TEST_STEP][PASSED] - M4_spin_reels = M4_spin_reels: null

2019-08-24 13:13:39 - [TEST_STEP][PASSED] - M4_spin_reels_symbols = symbol: null

2019-08-24 13:13:39 - [TEST_STEP][PASSED] - M4_spin_reels_symbols = M4_spin_reels_symbols: null

2019-08-24 13:13:39 - [TEST_STEP][PASSED] - M4_spin_reel_wins = reel_wins: null

2019-08-24 13:13:39 - [TEST_STEP][PASSED] - M4_spin_reel_wins = M4_spin_reel_wins: null

2019-08-24 13:13:39 - [TEST_STEP][PASSED] - println("GlobalVariable.M4_spin_reel_wins is: " + M4_spin_reel_wins): null

2019-08-24 13:13:39 - [TEST_STEP][PASSED] - M4_spin_total_bonus_win_this_round = total_bonus_win_this_round: null

2019-08-24 13:13:39 - [TEST_STEP][PASSED] - M4_spin_total_bonus_win_this_round = M4_spin_total_bonus_win_this_round: null

2019-08-24 13:13:39 - [TEST_STEP][PASSED] - println("GlobalVariable.M4_spin_total_bonus_win_this_round is: " + M4_spin_total_bonus_win_this_round): null

2019-08-24 13:13:39 - [TEST_STEP][PASSED] - M4_spin_bonus_spin_result = spin_result: null

2019-08-24 13:13:39 - [TEST_STEP][PASSED] - M4_spin_bonus_spin_result = M4_spin_bonus_spin_result: null

2019-08-24 13:13:39 - [MESSAGE][PASSED] - Verify response successfully

2019-08-24 13:13:39 - [MESSAGE][PASSED] - Send request and verify the response successfully

2019-08-24 13:13:39 - [TEST_STEP][PASSED] - if (M4_total_bonus_spins_int != 0 &amp;&amp; M4_spin_reels_symbols[2].contains("WILD_Expanding")): null

2019-08-24 13:13:39 - [TEST_STEP][PASSED] - free_spin_reel_counter = free_spin_reel_counter: null

2019-08-24 13:13:39 - [TEST_STEP][PASSED] - M4_spin_reels_symbols = M4_spin_reels_symbols: null

2019-08-24 13:13:39 - [TEST_STEP][PASSED] - M4_total_bonus_spins = M4_total_bonus_spins: null

2019-08-24 13:13:39 - [TEST_STEP][PASSED] - spin_result = sendRequestAndVerify(findTestObject("INT/RGS(M4)/1_M4_spin", ["M4_login_user_id":M4_login_user_id, "rgs_session_token":rgs_session_token, "partner":Partner])): Send request and verify the response successfully

2019-08-24 13:13:39 - [MESSAGE][INFO] - HAR: /Users/eiralee/Katalon_Script/SuperWild/Reports/20190824_125957/INT/superWild_5/20190824_125957/requests/main/241.har

2019-08-24 13:13:39 - [TEST_CASE][PASSED] - Start Test Case : Verification: Verification accomplished successfully

2019-08-24 13:13:39 - [TEST_STEP][PASSED] - request = getInstance().getCurrentRequest(): null

2019-08-24 13:13:40 - [TEST_STEP][PASSED] - response = getInstance().getCurrentResponse(): null

2019-08-24 13:13:40 - [TEST_STEP][PASSED] - verifyResponseStatusCode(response, 200): Verify response status code successfully

2019-08-24 13:13:40 - [MESSAGE][PASSED] - Verify response status code successfully

2019-08-24 13:13:40 - [TEST_STEP][PASSED] - getStatusCode()).isEqualTo(200): null

2019-08-24 13:13:40 - [TEST_STEP][PASSED] - newline = System.getProperty("line.separator"): null

2019-08-24 13:13:40 - [TEST_STEP][PASSED] - M4_spin = new groovy.json.JsonSlurper(): null

2019-08-24 13:13:40 - [TEST_STEP][PASSED] - result_M4_spin = M4_spin.parseText(response.getResponseBodyContent()): null

2019-08-24 13:13:40 - [TEST_STEP][PASSED] - M4_spin_current_balance = current_balance: null

2019-08-24 13:13:40 - [TEST_STEP][PASSED] - M4_spin_current_balance = M4_spin_current_balance: null

2019-08-24 13:13:40 - [TEST_STEP][PASSED] - M4_spin_transaction_id = causality: null

2019-08-24 13:13:40 - [TEST_STEP][PASSED] - M4_spin_transaction_id = M4_spin_transaction_id: null

2019-08-24 13:13:40 - [TEST_STEP][PASSED] - M4_spin_round_id = round_id: null

2019-08-24 13:13:40 - [TEST_STEP][PASSED] - M4_spin_round_id = M4_spin_round_id: null

2019-08-24 13:13:40 - [TEST_STEP][PASSED] - M4_spin_line_wins = line_wins: null

2019-08-24 13:13:40 - [TEST_STEP][PASSED] - M4_spin_line_wins = M4_spin_line_wins: null

2019-08-24 13:13:40 - [TEST_STEP][PASSED] - M4_total_bonus_spins_int = total_bonus_spins: null

2019-08-24 13:13:40 - [TEST_STEP][PASSED] - println("******M4_total_bonus_spins type is:*******" + newline + getClass().getName()): null

2019-08-24 13:13:40 - [TEST_STEP][PASSED] - M4_total_bonus_spins_int = M4_total_bonus_spins_int: null

2019-08-24 13:13:40 - [TEST_STEP][PASSED] - M4_total_bonus_spins = Integer.toString(M4_total_bonus_spins_int): null

2019-08-24 13:13:40 - [TEST_STEP][PASSED] - M4_total_bonus_spins = M4_total_bonus_spins: null

2019-08-24 13:13:40 - [TEST_STEP][PASSED] - println("M4_total_bonus_spins is:" + M4_total_bonus_spins): null

2019-08-24 13:13:40 - [TEST_STEP][PASSED] - M4_spin_bonus_data = bonus_data: null

2019-08-24 13:13:40 - [TEST_STEP][PASSED] - M4_spin_features_triggered = result_M4_spin: null

2019-08-24 13:13:40 - [TEST_STEP][PASSED] - wild = []: null

2019-08-24 13:13:40 - [TEST_STEP][PASSED] - wild[0] = "WILD_Expanding": null

2019-08-24 13:13:40 - [TEST_STEP][PASSED] - wild[1] = "WILD_Normal": null

2019-08-24 13:13:40 - [TEST_STEP][PASSED] - wild[2] = "WILD_Double": null

2019-08-24 13:13:40 - [TEST_STEP][PASSED] - wild[3] = "WILD_ExtraFG": null

2019-08-24 13:13:40 - [TEST_STEP][PASSED] - wild[4] = "WILD_Triple": null

2019-08-24 13:13:40 - [TEST_STEP][PASSED] - wildList = Arrays.asList(wild): null

2019-08-24 13:13:40 - [TEST_STEP][PASSED] - wildList = wildList: null

2019-08-24 13:13:40 - [TEST_STEP][PASSED] - free_spin_reel_counter = []: null

2019-08-24 13:13:40 - [TEST_STEP][PASSED] - free_spin_reel_counter[0] = 0: null

2019-08-24 13:13:40 - [TEST_STEP][PASSED] - free_spin_reel_counter[1] = 0: null

2019-08-24 13:13:40 - [TEST_STEP][PASSED] - free_spin_reel_counter[2] = 0: null

2019-08-24 13:13:40 - [TEST_STEP][PASSED] - M4_spin_reels = reels: null

2019-08-24 13:13:40 - [TEST_STEP][PASSED] - for ([i = 0, i &lt; M4_spin_reels.size(), (i++)]): null

2019-08-24 13:13:40 - [TEST_STEP][PASSED] - symbols = symbols: null

2019-08-24 13:13:40 - [TEST_STEP][PASSED] - for ([j = 0, j &lt; symbols.size(), (j++)]): null

2019-08-24 13:13:40 - [TEST_STEP][PASSED] - symbol = symbol: null

2019-08-24 13:13:40 - [TEST_STEP][PASSED] - println(symbol): null

2019-08-24 13:13:40 - [TEST_STEP][PASSED] - if (i == 2 &amp;&amp; wildList.indexOf(symbol) != -1): null

2019-08-24 13:13:40 - [TEST_STEP][PASSED] - if (i == 3 &amp;&amp; wildList.indexOf(symbol) != -1): null

2019-08-24 13:13:40 - [TEST_STEP][PASSED] - if (i == 4 &amp;&amp; wildList.indexOf(symbol) != -1): null

2019-08-24 13:13:40 - [TEST_STEP][PASSED] - symbol = symbol: null

2019-08-24 13:13:40 - [TEST_STEP][PASSED] - println(symbol): null

2019-08-24 13:13:40 - [TEST_STEP][PASSED] - if (i == 2 &amp;&amp; wildList.indexOf(symbol) != -1): null

2019-08-24 13:13:43 - [TEST_STEP][PASSED] - if (i == 3 &amp;&amp; wildList.indexOf(symbol) != -1): null

2019-08-24 13:13:48 - [TEST_STEP][PASSED] - if (i == 4 &amp;&amp; wildList.indexOf(symbol) != -1): null

2019-08-24 13:13:48 - [TEST_STEP][PASSED] - symbol = symbol: null

2019-08-24 13:13:48 - [TEST_STEP][PASSED] - println(symbol): null

2019-08-24 13:13:48 - [TEST_STEP][PASSED] - if (i == 2 &amp;&amp; wildList.indexOf(symbol) != -1): null

2019-08-24 13:13:48 - [TEST_STEP][PASSED] - if (i == 3 &amp;&amp; wildList.indexOf(symbol) != -1): null

2019-08-24 13:13:53 - [TEST_STEP][PASSED] - if (i == 4 &amp;&amp; wildList.indexOf(symbol) != -1): null

2019-08-24 13:13:53 - [TEST_STEP][PASSED] - symbols = symbols: null

2019-08-24 13:13:53 - [TEST_STEP][PASSED] - for ([j = 0, j &lt; symbols.size(), (j++)]): null

2019-08-24 13:13:53 - [TEST_STEP][PASSED] - symbol = symbol: null

2019-08-24 13:13:53 - [TEST_STEP][PASSED] - println(symbol): null

2019-08-24 13:13:53 - [TEST_STEP][PASSED] - if (i == 2 &amp;&amp; wildList.indexOf(symbol) != -1): null

2019-08-24 13:13:53 - [TEST_STEP][PASSED] - if (i == 3 &amp;&amp; wildList.indexOf(symbol) != -1): null

2019-08-24 13:13:53 - [TEST_STEP][PASSED] - if (i == 4 &amp;&amp; wildList.indexOf(symbol) != -1): null

2019-08-24 13:13:53 - [TEST_STEP][PASSED] - symbol = symbol: null

2019-08-24 13:13:53 - [TEST_STEP][PASSED] - println(symbol): null

2019-08-24 13:13:53 - [TEST_STEP][PASSED] - if (i == 2 &amp;&amp; wildList.indexOf(symbol) != -1): null

2019-08-24 13:13:53 - [TEST_STEP][PASSED] - if (i == 3 &amp;&amp; wildList.indexOf(symbol) != -1): null

2019-08-24 13:13:53 - [TEST_STEP][PASSED] - if (i == 4 &amp;&amp; wildList.indexOf(symbol) != -1): null

2019-08-24 13:13:53 - [TEST_STEP][PASSED] - symbol = symbol: null

2019-08-24 13:13:53 - [TEST_STEP][PASSED] - println(symbol): null

2019-08-24 13:13:53 - [TEST_STEP][PASSED] - if (i == 2 &amp;&amp; wildList.indexOf(symbol) != -1): null

2019-08-24 13:13:53 - [TEST_STEP][PASSED] - if (i == 3 &amp;&amp; wildList.indexOf(symbol) != -1): null

2019-08-24 13:13:53 - [TEST_STEP][PASSED] - if (i == 4 &amp;&amp; wildList.indexOf(symbol) != -1): null

2019-08-24 13:13:53 - [TEST_STEP][PASSED] - symbols = symbols: null

2019-08-24 13:13:53 - [TEST_STEP][PASSED] - for ([j = 0, j &lt; symbols.size(), (j++)]): null

2019-08-24 13:13:53 - [TEST_STEP][PASSED] - symbol = symbol: null

2019-08-24 13:13:53 - [TEST_STEP][PASSED] - println(symbol): null

2019-08-24 13:13:53 - [TEST_STEP][PASSED] - if (i == 2 &amp;&amp; wildList.indexOf(symbol) != -1): null

2019-08-24 13:13:53 - [TEST_STEP][PASSED] - if (i == 3 &amp;&amp; wildList.indexOf(symbol) != -1): null

2019-08-24 13:13:53 - [TEST_STEP][PASSED] - if (i == 4 &amp;&amp; wildList.indexOf(symbol) != -1): null

2019-08-24 13:13:53 - [TEST_STEP][PASSED] - symbol = symbol: null

2019-08-24 13:13:53 - [TEST_STEP][PASSED] - println(symbol): null

2019-08-24 13:13:53 - [TEST_STEP][PASSED] - if (i == 2 &amp;&amp; wildList.indexOf(symbol) != -1): null

2019-08-24 13:13:53 - [TEST_STEP][PASSED] - if (i == 3 &amp;&amp; wildList.indexOf(symbol) != -1): null

2019-08-24 13:13:53 - [TEST_STEP][PASSED] - if (i == 4 &amp;&amp; wildList.indexOf(symbol) != -1): null

2019-08-24 13:13:53 - [TEST_STEP][PASSED] - symbol = symbol: null

2019-08-24 13:13:53 - [TEST_STEP][PASSED] - println(symbol): null

2019-08-24 13:13:53 - [TEST_STEP][PASSED] - if (i == 2 &amp;&amp; wildList.indexOf(symbol) != -1): null

2019-08-24 13:13:53 - [TEST_STEP][PASSED] - if (i == 3 &amp;&amp; wildList.indexOf(symbol) != -1): null

2019-08-24 13:13:53 - [TEST_STEP][PASSED] - if (i == 4 &amp;&amp; wildList.indexOf(symbol) != -1): null

2019-08-24 13:13:53 - [TEST_STEP][PASSED] - symbols = symbols: null

2019-08-24 13:13:53 - [TEST_STEP][PASSED] - for ([j = 0, j &lt; symbols.size(), (j++)]): null

2019-08-24 13:13:53 - [TEST_STEP][PASSED] - symbol = symbol: null

2019-08-24 13:13:53 - [TEST_STEP][PASSED] - println(symbol): null

2019-08-24 13:13:53 - [TEST_STEP][PASSED] - if (i == 2 &amp;&amp; wildList.indexOf(symbol) != -1): null

2019-08-24 13:13:53 - [TEST_STEP][PASSED] - if (i == 3 &amp;&amp; wildList.indexOf(symbol) != -1): null

2019-08-24 13:13:53 - [TEST_STEP][PASSED] - if (i == 4 &amp;&amp; wildList.indexOf(symbol) != -1): null

2019-08-24 13:13:53 - [TEST_STEP][PASSED] - symbol = symbol: null

2019-08-24 13:13:53 - [TEST_STEP][PASSED] - println(symbol): null

2019-08-24 13:13:53 - [TEST_STEP][PASSED] - if (i == 2 &amp;&amp; wildList.indexOf(symbol) != -1): null

2019-08-24 13:13:53 - [TEST_STEP][PASSED] - if (i == 3 &amp;&amp; wildList.indexOf(symbol) != -1): null

2019-08-24 13:13:53 - [TEST_STEP][PASSED] - if (i == 4 &amp;&amp; wildList.indexOf(symbol) != -1): null

2019-08-24 13:13:53 - [TEST_STEP][PASSED] - symbol = symbol: null

2019-08-24 13:13:53 - [TEST_STEP][PASSED] - println(symbol): null

2019-08-24 13:13:53 - [TEST_STEP][PASSED] - if (i == 2 &amp;&amp; wildList.indexOf(symbol) != -1): null

2019-08-24 13:13:53 - [TEST_STEP][PASSED] - if (i == 3 &amp;&amp; wildList.indexOf(symbol) != -1): null

2019-08-24 13:13:53 - [TEST_STEP][PASSED] - if (i == 4 &amp;&amp; wildList.indexOf(symbol) != -1): null

2019-08-24 13:13:53 - [TEST_STEP][PASSED] - symbols = symbols: null

2019-08-24 13:13:53 - [TEST_STEP][PASSED] - for ([j = 0, j &lt; symbols.size(), (j++)]): null

2019-08-24 13:13:53 - [TEST_STEP][PASSED] - symbol = symbol: null

2019-08-24 13:13:53 - [TEST_STEP][PASSED] - println(symbol): null

2019-08-24 13:13:53 - [TEST_STEP][PASSED] - if (i == 2 &amp;&amp; wildList.indexOf(symbol) != -1): null

2019-08-24 13:13:53 - [TEST_STEP][PASSED] - if (i == 3 &amp;&amp; wildList.indexOf(symbol) != -1): null

2019-08-24 13:13:53 - [TEST_STEP][PASSED] - if (i == 4 &amp;&amp; wildList.indexOf(symbol) != -1): null

2019-08-24 13:13:53 - [TEST_STEP][PASSED] - symbol = symbol: null

2019-08-24 13:13:53 - [TEST_STEP][PASSED] - println(symbol): null

2019-08-24 13:13:53 - [TEST_STEP][PASSED] - if (i == 2 &amp;&amp; wildList.indexOf(symbol) != -1): null

2019-08-24 13:13:53 - [TEST_STEP][PASSED] - if (i == 3 &amp;&amp; wildList.indexOf(symbol) != -1): null

2019-08-24 13:13:53 - [TEST_STEP][PASSED] - if (i == 4 &amp;&amp; wildList.indexOf(symbol) != -1): null

2019-08-24 13:13:53 - [TEST_STEP][PASSED] - symbol = symbol: null

2019-08-24 13:13:53 - [TEST_STEP][PASSED] - println(symbol): null

2019-08-24 13:13:53 - [TEST_STEP][PASSED] - if (i == 2 &amp;&amp; wildList.indexOf(symbol) != -1): null

2019-08-24 13:13:53 - [TEST_STEP][PASSED] - if (i == 3 &amp;&amp; wildList.indexOf(symbol) != -1): null

2019-08-24 13:13:53 - [TEST_STEP][PASSED] - if (i == 4 &amp;&amp; wildList.indexOf(symbol) != -1): null

2019-08-24 13:13:53 - [TEST_STEP][PASSED] - free_spin_reel_counter = free_spin_reel_counter: null

2019-08-24 13:13:53 - [TEST_STEP][PASSED] - println("reel 3 wild found: " + free_spin_reel_counter[0]): null

2019-08-24 13:13:53 - [TEST_STEP][PASSED] - println("reel 4 wild found: " + free_spin_reel_counter[1]): null

2019-08-24 13:13:53 - [TEST_STEP][PASSED] - println("reel 5 wild found: " + free_spin_reel_counter[2]): null

2019-08-24 13:13:53 - [TEST_STEP][PASSED] - M4_spin_reels = M4_spin_reels: null

2019-08-24 13:13:53 - [TEST_STEP][PASSED] - M4_spin_reels_symbols = symbol: null

2019-08-24 13:13:53 - [TEST_STEP][PASSED] - M4_spin_reels_symbols = M4_spin_reels_symbols: null

2019-08-24 13:13:53 - [TEST_STEP][PASSED] - M4_spin_reel_wins = reel_wins: null

2019-08-24 13:13:53 - [TEST_STEP][PASSED] - M4_spin_reel_wins = M4_spin_reel_wins: null

2019-08-24 13:13:53 - [TEST_STEP][PASSED] - println("GlobalVariable.M4_spin_reel_wins is: " + M4_spin_reel_wins): null

2019-08-24 13:13:53 - [TEST_STEP][PASSED] - M4_spin_total_bonus_win_this_round = total_bonus_win_this_round: null

2019-08-24 13:13:53 - [TEST_STEP][PASSED] - M4_spin_total_bonus_win_this_round = M4_spin_total_bonus_win_this_round: null

2019-08-24 13:13:53 - [TEST_STEP][PASSED] - println("GlobalVariable.M4_spin_total_bonus_win_this_round is: " + M4_spin_total_bonus_win_this_round): null

2019-08-24 13:13:53 - [TEST_STEP][PASSED] - M4_spin_bonus_spin_result = spin_result: null

2019-08-24 13:13:53 - [TEST_STEP][PASSED] - M4_spin_bonus_spin_result = M4_spin_bonus_spin_result: null

2019-08-24 13:13:53 - [MESSAGE][PASSED] - Verify response successfully

2019-08-24 13:13:53 - [MESSAGE][PASSED] - Send request and verify the response successfully

2019-08-24 13:13:53 - [TEST_STEP][PASSED] - if (M4_total_bonus_spins_int != 0 &amp;&amp; M4_spin_reels_symbols[2].contains("WILD_Expanding")): null

2019-08-24 13:13:53 - [TEST_STEP][PASSED] - free_spin_reel_counter = free_spin_reel_counter: null

2019-08-24 13:13:53 - [TEST_STEP][PASSED] - M4_spin_reels_symbols = M4_spin_reels_symbols: null

2019-08-24 13:13:53 - [TEST_STEP][PASSED] - M4_total_bonus_spins = M4_total_bonus_spins: null

2019-08-24 13:13:53 - [TEST_STEP][PASSED] - spin_result = sendRequestAndVerify(findTestObject("INT/RGS(M4)/1_M4_spin", ["M4_login_user_id":M4_login_user_id, "rgs_session_token":rgs_session_token, "partner":Partner])): Send request and verify the response successfully

2019-08-24 13:13:54 - [MESSAGE][INFO] - HAR: /Users/eiralee/Katalon_Script/SuperWild/Reports/20190824_125957/INT/superWild_5/20190824_125957/requests/main/242.har

2019-08-24 13:13:54 - [TEST_CASE][PASSED] - Start Test Case : Verification: Verification accomplished successfully

2019-08-24 13:13:54 - [TEST_STEP][PASSED] - request = getInstance().getCurrentRequest(): null

2019-08-24 13:13:54 - [TEST_STEP][PASSED] - response = getInstance().getCurrentResponse(): null

2019-08-24 13:13:54 - [TEST_STEP][PASSED] - verifyResponseStatusCode(response, 200): Verify response status code successfully

2019-08-24 13:13:54 - [MESSAGE][PASSED] - Verify response status code successfully

2019-08-24 13:13:54 - [TEST_STEP][PASSED] - getStatusCode()).isEqualTo(200): null

2019-08-24 13:13:54 - [TEST_STEP][PASSED] - newline = System.getProperty("line.separator"): null

2019-08-24 13:13:54 - [TEST_STEP][PASSED] - M4_spin = new groovy.json.JsonSlurper(): null

2019-08-24 13:13:54 - [TEST_STEP][PASSED] - result_M4_spin = M4_spin.parseText(response.getResponseBodyContent()): null

2019-08-24 13:13:54 - [TEST_STEP][PASSED] - M4_spin_current_balance = current_balance: null

2019-08-24 13:13:54 - [TEST_STEP][PASSED] - M4_spin_current_balance = M4_spin_current_balance: null

2019-08-24 13:13:54 - [TEST_STEP][PASSED] - M4_spin_transaction_id = causality: null

2019-08-24 13:13:54 - [TEST_STEP][PASSED] - M4_spin_transaction_id = M4_spin_transaction_id: null

2019-08-24 13:13:54 - [TEST_STEP][PASSED] - M4_spin_round_id = round_id: null

2019-08-24 13:13:54 - [TEST_STEP][PASSED] - M4_spin_round_id = M4_spin_round_id: null

2019-08-24 13:13:54 - [TEST_STEP][PASSED] - M4_spin_line_wins = line_wins: null

2019-08-24 13:13:54 - [TEST_STEP][PASSED] - M4_spin_line_wins = M4_spin_line_wins: null

2019-08-24 13:13:54 - [TEST_STEP][PASSED] - M4_total_bonus_spins_int = total_bonus_spins: null

2019-08-24 13:13:54 - [TEST_STEP][PASSED] - println("******M4_total_bonus_spins type is:*******" + newline + getClass().getName()): null

2019-08-24 13:13:54 - [TEST_STEP][PASSED] - M4_total_bonus_spins_int = M4_total_bonus_spins_int: null

2019-08-24 13:13:54 - [TEST_STEP][PASSED] - M4_total_bonus_spins = Integer.toString(M4_total_bonus_spins_int): null

2019-08-24 13:13:54 - [TEST_STEP][PASSED] - M4_total_bonus_spins = M4_total_bonus_spins: null

2019-08-24 13:13:54 - [TEST_STEP][PASSED] - println("M4_total_bonus_spins is:" + M4_total_bonus_spins): null

2019-08-24 13:13:54 - [TEST_STEP][PASSED] - M4_spin_bonus_data = bonus_data: null

2019-08-24 13:13:54 - [TEST_STEP][PASSED] - M4_spin_features_triggered = result_M4_spin: null

2019-08-24 13:13:54 - [TEST_STEP][PASSED] - wild = []: null

2019-08-24 13:13:54 - [TEST_STEP][PASSED] - wild[0] = "WILD_Expanding": null

2019-08-24 13:13:54 - [TEST_STEP][PASSED] - wild[1] = "WILD_Normal": null

2019-08-24 13:13:54 - [TEST_STEP][PASSED] - wild[2] = "WILD_Double": null

2019-08-24 13:13:54 - [TEST_STEP][PASSED] - wild[3] = "WILD_ExtraFG": null

2019-08-24 13:13:54 - [TEST_STEP][PASSED] - wild[4] = "WILD_Triple": null

2019-08-24 13:13:54 - [TEST_STEP][PASSED] - wildList = Arrays.asList(wild): null

2019-08-24 13:13:54 - [TEST_STEP][PASSED] - wildList = wildList: null

2019-08-24 13:13:54 - [TEST_STEP][PASSED] - free_spin_reel_counter = []: null

2019-08-24 13:13:54 - [TEST_STEP][PASSED] - free_spin_reel_counter[0] = 0: null

2019-08-24 13:13:54 - [TEST_STEP][PASSED] - free_spin_reel_counter[1] = 0: null

2019-08-24 13:13:54 - [TEST_STEP][PASSED] - free_spin_reel_counter[2] = 0: null

2019-08-24 13:13:54 - [TEST_STEP][PASSED] - M4_spin_reels = reels: null

2019-08-24 13:13:54 - [TEST_STEP][PASSED] - for ([i = 0, i &lt; M4_spin_reels.size(), (i++)]): null

2019-08-24 13:13:54 - [TEST_STEP][PASSED] - symbols = symbols: null

2019-08-24 13:13:54 - [TEST_STEP][PASSED] - for ([j = 0, j &lt; symbols.size(), (j++)]): null

2019-08-24 13:13:54 - [TEST_STEP][PASSED] - symbol = symbol: null

2019-08-24 13:13:54 - [TEST_STEP][PASSED] - println(symbol): null

2019-08-24 13:13:54 - [TEST_STEP][PASSED] - if (i == 2 &amp;&amp; wildList.indexOf(symbol) != -1): null

2019-08-24 13:13:54 - [TEST_STEP][PASSED] - if (i == 3 &amp;&amp; wildList.indexOf(symbol) != -1): null

2019-08-24 13:13:54 - [TEST_STEP][PASSED] - if (i == 4 &amp;&amp; wildList.indexOf(symbol) != -1): null

2019-08-24 13:13:54 - [TEST_STEP][PASSED] - symbol = symbol: null

2019-08-24 13:13:54 - [TEST_STEP][PASSED] - println(symbol): null

2019-08-24 13:13:54 - [TEST_STEP][PASSED] - if (i == 2 &amp;&amp; wildList.indexOf(symbol) != -1): null

2019-08-24 13:13:54 - [TEST_STEP][PASSED] - if (i == 3 &amp;&amp; wildList.indexOf(symbol) != -1): null

2019-08-24 13:13:54 - [TEST_STEP][PASSED] - if (i == 4 &amp;&amp; wildList.indexOf(symbol) != -1): null

2019-08-24 13:13:54 - [TEST_STEP][PASSED] - symbol = symbol: null

2019-08-24 13:13:54 - [TEST_STEP][PASSED] - println(symbol): null

2019-08-24 13:13:54 - [TEST_STEP][PASSED] - if (i == 2 &amp;&amp; wildList.indexOf(symbol) != -1): null

2019-08-24 13:13:54 - [TEST_STEP][PASSED] - if (i == 3 &amp;&amp; wildList.indexOf(symbol) != -1): null

2019-08-24 13:13:54 - [TEST_STEP][PASSED] - if (i == 4 &amp;&amp; wildList.indexOf(symbol) != -1): null

2019-08-24 13:13:54 - [TEST_STEP][PASSED] - symbols = symbols: null

2019-08-24 13:13:54 - [TEST_STEP][PASSED] - for ([j = 0, j &lt; symbols.size(), (j++)]): null

2019-08-24 13:13:54 - [TEST_STEP][PASSED] - symbol = symbol: null

2019-08-24 13:13:54 - [TEST_STEP][PASSED] - println(symbol): null

2019-08-24 13:13:54 - [TEST_STEP][PASSED] - if (i == 2 &amp;&amp; wildList.indexOf(symbol) != -1): null

2019-08-24 13:13:54 - [TEST_STEP][PASSED] - if (i == 3 &amp;&amp; wildList.indexOf(symbol) != -1): null

2019-08-24 13:13:54 - [TEST_STEP][PASSED] - if (i == 4 &amp;&amp; wildList.indexOf(symbol) != -1): null

2019-08-24 13:13:54 - [TEST_STEP][PASSED] - symbol = symbol: null

2019-08-24 13:13:54 - [TEST_STEP][PASSED] - println(symbol): null

2019-08-24 13:13:54 - [TEST_STEP][PASSED] - if (i == 2 &amp;&amp; wildList.indexOf(symbol) != -1): null

2019-08-24 13:13:54 - [TEST_STEP][PASSED] - if (i == 3 &amp;&amp; wildList.indexOf(symbol) != -1): null

2019-08-24 13:13:54 - [TEST_STEP][PASSED] - if (i == 4 &amp;&amp; wildList.indexOf(symbol) != -1): null

2019-08-24 13:13:54 - [TEST_STEP][PASSED] - symbol = symbol: null

2019-08-24 13:13:54 - [TEST_STEP][PASSED] - println(symbol): null

2019-08-24 13:13:54 - [TEST_STEP][PASSED] - if (i == 2 &amp;&amp; wildList.indexOf(symbol) != -1): null

2019-08-24 13:13:54 - [TEST_STEP][PASSED] - if (i == 3 &amp;&amp; wildList.indexOf(symbol) != -1): null

2019-08-24 13:13:54 - [TEST_STEP][PASSED] - if (i == 4 &amp;&amp; wildList.indexOf(symbol) != -1): null

2019-08-24 13:13:54 - [TEST_STEP][PASSED] - symbols = symbols: null

2019-08-24 13:13:54 - [TEST_STEP][PASSED] - for ([j = 0, j &lt; symbols.size(), (j++)]): null

2019-08-24 13:13:54 - [TEST_STEP][PASSED] - symbol = symbol: null

2019-08-24 13:13:54 - [TEST_STEP][PASSED] - println(symbol): null

2019-08-24 13:13:54 - [TEST_STEP][PASSED] - if (i == 2 &amp;&amp; wildList.indexOf(symbol) != -1): null

2019-08-24 13:13:54 - [TEST_STEP][PASSED] - if (i == 3 &amp;&amp; wildList.indexOf(symbol) != -1): null

2019-08-24 13:13:54 - [TEST_STEP][PASSED] - if (i == 4 &amp;&amp; wildList.indexOf(symbol) != -1): null

2019-08-24 13:13:54 - [TEST_STEP][PASSED] - symbol = symbol: null

2019-08-24 13:13:54 - [TEST_STEP][PASSED] - println(symbol): null

2019-08-24 13:13:54 - [TEST_STEP][PASSED] - if (i == 2 &amp;&amp; wildList.indexOf(symbol) != -1): null

2019-08-24 13:13:54 - [TEST_STEP][PASSED] - if (i == 3 &amp;&amp; wildList.indexOf(symbol) != -1): null

2019-08-24 13:13:54 - [TEST_STEP][PASSED] - if (i == 4 &amp;&amp; wildList.indexOf(symbol) != -1): null

2019-08-24 13:13:54 - [TEST_STEP][PASSED] - symbol = symbol: null

2019-08-24 13:13:54 - [TEST_STEP][PASSED] - println(symbol): null

2019-08-24 13:13:54 - [TEST_STEP][PASSED] - if (i == 2 &amp;&amp; wildList.indexOf(symbol) != -1): null

2019-08-24 13:13:54 - [TEST_STEP][PASSED] - if (i == 3 &amp;&amp; wildList.indexOf(symbol) != -1): null

2019-08-24 13:13:54 - [TEST_STEP][PASSED] - if (i == 4 &amp;&amp; wildList.indexOf(symbol) != -1): null

2019-08-24 13:13:54 - [TEST_STEP][PASSED] - symbols = symbols: null

2019-08-24 13:13:54 - [TEST_STEP][PASSED] - for ([j = 0, j &lt; symbols.size(), (j++)]): null

2019-08-24 13:13:54 - [TEST_STEP][PASSED] - symbol = symbol: null

2019-08-24 13:13:54 - [TEST_STEP][PASSED] - println(symbol): null

2019-08-24 13:13:54 - [TEST_STEP][PASSED] - if (i == 2 &amp;&amp; wildList.indexOf(symbol) != -1): null

2019-08-24 13:13:54 - [TEST_STEP][PASSED] - if (i == 3 &amp;&amp; wildList.indexOf(symbol) != -1): null

2019-08-24 13:13:54 - [TEST_STEP][PASSED] - if (i == 4 &amp;&amp; wildList.indexOf(symbol) != -1): null

2019-08-24 13:13:54 - [TEST_STEP][PASSED] - symbol = symbol: null

2019-08-24 13:13:54 - [TEST_STEP][PASSED] - println(symbol): null

2019-08-24 13:13:54 - [TEST_STEP][PASSED] - if (i == 2 &amp;&amp; wildList.indexOf(symbol) != -1): null

2019-08-24 13:13:54 - [TEST_STEP][PASSED] - if (i == 3 &amp;&amp; wildList.indexOf(symbol) != -1): null

2019-08-24 13:13:54 - [TEST_STEP][PASSED] - if (i == 4 &amp;&amp; wildList.indexOf(symbol) != -1): null

2019-08-24 13:13:54 - [TEST_STEP][PASSED] - symbol = symbol: null

2019-08-24 13:13:54 - [TEST_STEP][PASSED] - println(symbol): null

2019-08-24 13:13:54 - [TEST_STEP][PASSED] - if (i == 2 &amp;&amp; wildList.indexOf(symbol) != -1): null

2019-08-24 13:13:54 - [TEST_STEP][PASSED] - if (i == 3 &amp;&amp; wildList.indexOf(symbol) != -1): null

2019-08-24 13:13:54 - [TEST_STEP][PASSED] - println("wild found on reel 4, adding counter by 1"): null

2019-08-24 13:13:54 - [TEST_STEP][PASSED] - free_spin_reel_counter[1] = free_spin_reel_counter[1] + 1: null

2019-08-24 13:13:54 - [TEST_STEP][PASSED] - if (i == 4 &amp;&amp; wildList.indexOf(symbol) != -1): null

2019-08-24 13:13:54 - [TEST_STEP][PASSED] - symbols = symbols: null

2019-08-24 13:13:54 - [TEST_STEP][PASSED] - for ([j = 0, j &lt; symbols.size(), (j++)]): null

2019-08-24 13:13:54 - [TEST_STEP][PASSED] - symbol = symbol: null

2019-08-24 13:13:54 - [TEST_STEP][PASSED] - println(symbol): null

2019-08-24 13:13:54 - [TEST_STEP][PASSED] - if (i == 2 &amp;&amp; wildList.indexOf(symbol) != -1): null

2019-08-24 13:13:54 - [TEST_STEP][PASSED] - if (i == 3 &amp;&amp; wildList.indexOf(symbol) != -1): null

2019-08-24 13:13:54 - [TEST_STEP][PASSED] - if (i == 4 &amp;&amp; wildList.indexOf(symbol) != -1): null

2019-08-24 13:13:54 - [TEST_STEP][PASSED] - symbol = symbol: null

2019-08-24 13:13:54 - [TEST_STEP][PASSED] - println(symbol): null

2019-08-24 13:13:54 - [TEST_STEP][PASSED] - if (i == 2 &amp;&amp; wildList.indexOf(symbol) != -1): null

2019-08-24 13:13:54 - [TEST_STEP][PASSED] - if (i == 3 &amp;&amp; wildList.indexOf(symbol) != -1): null

2019-08-24 13:13:54 - [TEST_STEP][PASSED] - if (i == 4 &amp;&amp; wildList.indexOf(symbol) != -1): null

2019-08-24 13:13:54 - [TEST_STEP][PASSED] - symbol = symbol: null

2019-08-24 13:13:54 - [TEST_STEP][PASSED] - println(symbol): null

2019-08-24 13:13:54 - [TEST_STEP][PASSED] - if (i == 2 &amp;&amp; wildList.indexOf(symbol) != -1): null

2019-08-24 13:13:54 - [TEST_STEP][PASSED] - if (i == 3 &amp;&amp; wildList.indexOf(symbol) != -1): null

2019-08-24 13:13:54 - [TEST_STEP][PASSED] - if (i == 4 &amp;&amp; wildList.indexOf(symbol) != -1): null

2019-08-24 13:13:54 - [TEST_STEP][PASSED] - free_spin_reel_counter = free_spin_reel_counter: null

2019-08-24 13:13:54 - [TEST_STEP][PASSED] - println("reel 3 wild found: " + free_spin_reel_counter[0]): null

2019-08-24 13:13:54 - [TEST_STEP][PASSED] - println("reel 4 wild found: " + free_spin_reel_counter[1]): null

2019-08-24 13:13:54 - [TEST_STEP][PASSED] - println("reel 5 wild found: " + free_spin_reel_counter[2]): null

2019-08-24 13:13:54 - [TEST_STEP][PASSED] - M4_spin_reels = M4_spin_reels: null

2019-08-24 13:13:54 - [TEST_STEP][PASSED] - M4_spin_reels_symbols = symbol: null

2019-08-24 13:13:54 - [TEST_STEP][PASSED] - M4_spin_reels_symbols = M4_spin_reels_symbols: null

2019-08-24 13:13:54 - [TEST_STEP][PASSED] - M4_spin_reel_wins = reel_wins: null

2019-08-24 13:13:54 - [TEST_STEP][PASSED] - M4_spin_reel_wins = M4_spin_reel_wins: null

2019-08-24 13:13:54 - [TEST_STEP][PASSED] - println("GlobalVariable.M4_spin_reel_wins is: " + M4_spin_reel_wins): null

2019-08-24 13:13:54 - [TEST_STEP][PASSED] - M4_spin_total_bonus_win_this_round = total_bonus_win_this_round: null

2019-08-24 13:13:54 - [TEST_STEP][PASSED] - M4_spin_total_bonus_win_this_round = M4_spin_total_bonus_win_this_round: null

2019-08-24 13:13:54 - [TEST_STEP][PASSED] - println("GlobalVariable.M4_spin_total_bonus_win_this_round is: " + M4_spin_total_bonus_win_this_round): null

2019-08-24 13:13:54 - [TEST_STEP][PASSED] - M4_spin_bonus_spin_result = spin_result: null

2019-08-24 13:13:54 - [TEST_STEP][PASSED] - M4_spin_bonus_spin_result = M4_spin_bonus_spin_result: null

2019-08-24 13:13:54 - [MESSAGE][PASSED] - Verify response successfully

2019-08-24 13:13:54 - [MESSAGE][PASSED] - Send request and verify the response successfully

2019-08-24 13:13:54 - [TEST_STEP][PASSED] - if (M4_total_bonus_spins_int != 0 &amp;&amp; M4_spin_reels_symbols[2].contains("WILD_Expanding")): null

2019-08-24 13:13:54 - [TEST_STEP][PASSED] - free_spin_reel_counter = free_spin_reel_counter: null

2019-08-24 13:13:54 - [TEST_STEP][PASSED] - M4_spin_reels_symbols = M4_spin_reels_symbols: null

2019-08-24 13:13:54 - [TEST_STEP][PASSED] - M4_total_bonus_spins = M4_total_bonus_spins: null

2019-08-24 13:13:54 - [TEST_STEP][PASSED] - spin_result = sendRequestAndVerify(findTestObject("INT/RGS(M4)/1_M4_spin", ["M4_login_user_id":M4_login_user_id, "rgs_session_token":rgs_session_token, "partner":Partner])): Send request and verify the response successfully

2019-08-24 13:13:54 - [MESSAGE][INFO] - HAR: /Users/eiralee/Katalon_Script/SuperWild/Reports/20190824_125957/INT/superWild_5/20190824_125957/requests/main/243.har

2019-08-24 13:13:54 - [TEST_CASE][PASSED] - Start Test Case : Verification: Verification accomplished successfully

2019-08-24 13:13:54 - [TEST_STEP][PASSED] - request = getInstance().getCurrentRequest(): null

2019-08-24 13:13:54 - [TEST_STEP][PASSED] - response = getInstance().getCurrentResponse(): null

2019-08-24 13:13:54 - [TEST_STEP][PASSED] - verifyResponseStatusCode(response, 200): Verify response status code successfully

2019-08-24 13:13:54 - [MESSAGE][PASSED] - Verify response status code successfully

2019-08-24 13:13:54 - [TEST_STEP][PASSED] - getStatusCode()).isEqualTo(200): null

2019-08-24 13:13:54 - [TEST_STEP][PASSED] - newline = System.getProperty("line.separator"): null

2019-08-24 13:13:54 - [TEST_STEP][PASSED] - M4_spin = new groovy.json.JsonSlurper(): null

2019-08-24 13:13:54 - [TEST_STEP][PASSED] - result_M4_spin = M4_spin.parseText(response.getResponseBodyContent()): null

2019-08-24 13:13:54 - [TEST_STEP][PASSED] - M4_spin_current_balance = current_balance: null

2019-08-24 13:13:54 - [TEST_STEP][PASSED] - M4_spin_current_balance = M4_spin_current_balance: null

2019-08-24 13:13:54 - [TEST_STEP][PASSED] - M4_spin_transaction_id = causality: null

2019-08-24 13:13:54 - [TEST_STEP][PASSED] - M4_spin_transaction_id = M4_spin_transaction_id: null

2019-08-24 13:13:54 - [TEST_STEP][PASSED] - M4_spin_round_id = round_id: null

2019-08-24 13:13:54 - [TEST_STEP][PASSED] - M4_spin_round_id = M4_spin_round_id: null

2019-08-24 13:13:54 - [TEST_STEP][PASSED] - M4_spin_line_wins = line_wins: null

2019-08-24 13:13:54 - [TEST_STEP][PASSED] - M4_spin_line_wins = M4_spin_line_wins: null

2019-08-24 13:13:54 - [TEST_STEP][PASSED] - M4_total_bonus_spins_int = total_bonus_spins: null

2019-08-24 13:13:54 - [TEST_STEP][PASSED] - println("******M4_total_bonus_spins type is:*******" + newline + getClass().getName()): null

2019-08-24 13:13:54 - [TEST_STEP][PASSED] - M4_total_bonus_spins_int = M4_total_bonus_spins_int: null

2019-08-24 13:13:54 - [TEST_STEP][PASSED] - M4_total_bonus_spins = Integer.toString(M4_total_bonus_spins_int): null

2019-08-24 13:13:54 - [TEST_STEP][PASSED] - M4_total_bonus_spins = M4_total_bonus_spins: null

2019-08-24 13:13:54 - [TEST_STEP][PASSED] - println("M4_total_bonus_spins is:" + M4_total_bonus_spins): null

2019-08-24 13:13:54 - [TEST_STEP][PASSED] - M4_spin_bonus_data = bonus_data: null

2019-08-24 13:13:54 - [TEST_STEP][PASSED] - M4_spin_features_triggered = result_M4_spin: null

2019-08-24 13:13:54 - [TEST_STEP][PASSED] - wild = []: null

2019-08-24 13:13:54 - [TEST_STEP][PASSED] - wild[0] = "WILD_Expanding": null

2019-08-24 13:13:54 - [TEST_STEP][PASSED] - wild[1] = "WILD_Normal": null

2019-08-24 13:13:54 - [TEST_STEP][PASSED] - wild[2] = "WILD_Double": null

2019-08-24 13:13:54 - [TEST_STEP][PASSED] - wild[3] = "WILD_ExtraFG": null

2019-08-24 13:13:54 - [TEST_STEP][PASSED] - wild[4] = "WILD_Triple": null

2019-08-24 13:13:54 - [TEST_STEP][PASSED] - wildList = Arrays.asList(wild): null

2019-08-24 13:13:54 - [TEST_STEP][PASSED] - wildList = wildList: null

2019-08-24 13:13:54 - [TEST_STEP][PASSED] - free_spin_reel_counter = []: null

2019-08-24 13:13:54 - [TEST_STEP][PASSED] - free_spin_reel_counter[0] = 0: null

2019-08-24 13:13:54 - [TEST_STEP][PASSED] - free_spin_reel_counter[1] = 0: null

2019-08-24 13:13:54 - [TEST_STEP][PASSED] - free_spin_reel_counter[2] = 0: null

2019-08-24 13:13:54 - [TEST_STEP][PASSED] - M4_spin_reels = reels: null

2019-08-24 13:13:54 - [TEST_STEP][PASSED] - for ([i = 0, i &lt; M4_spin_reels.size(), (i++)]): null

2019-08-24 13:13:54 - [TEST_STEP][PASSED] - symbols = symbols: null

2019-08-24 13:13:54 - [TEST_STEP][PASSED] - for ([j = 0, j &lt; symbols.size(), (j++)]): null

2019-08-24 13:13:54 - [TEST_STEP][PASSED] - symbol = symbol: null

2019-08-24 13:13:54 - [TEST_STEP][PASSED] - println(symbol): null

2019-08-24 13:13:54 - [TEST_STEP][PASSED] - if (i == 2 &amp;&amp; wildList.indexOf(symbol) != -1): null

2019-08-24 13:13:54 - [TEST_STEP][PASSED] - if (i == 3 &amp;&amp; wildList.indexOf(symbol) != -1): null

2019-08-24 13:13:54 - [TEST_STEP][PASSED] - if (i == 4 &amp;&amp; wildList.indexOf(symbol) != -1): null

2019-08-24 13:13:54 - [TEST_STEP][PASSED] - symbol = symbol: null

2019-08-24 13:13:54 - [TEST_STEP][PASSED] - println(symbol): null

2019-08-24 13:13:54 - [TEST_STEP][PASSED] - if (i == 2 &amp;&amp; wildList.indexOf(symbol) != -1): null

2019-08-24 13:13:54 - [TEST_STEP][PASSED] - if (i == 3 &amp;&amp; wildList.indexOf(symbol) != -1): null

2019-08-24 13:13:54 - [TEST_STEP][PASSED] - if (i == 4 &amp;&amp; wildList.indexOf(symbol) != -1): null

2019-08-24 13:13:54 - [TEST_STEP][PASSED] - symbol = symbol: null

2019-08-24 13:13:54 - [TEST_STEP][PASSED] - println(symbol): null

2019-08-24 13:13:54 - [TEST_STEP][PASSED] - if (i == 2 &amp;&amp; wildList.indexOf(symbol) != -1): null

2019-08-24 13:13:54 - [TEST_STEP][PASSED] - if (i == 3 &amp;&amp; wildList.indexOf(symbol) != -1): null

2019-08-24 13:13:54 - [TEST_STEP][PASSED] - if (i == 4 &amp;&amp; wildList.indexOf(symbol) != -1): null

2019-08-24 13:13:54 - [TEST_STEP][PASSED] - symbols = symbols: null

2019-08-24 13:13:54 - [TEST_STEP][PASSED] - for ([j = 0, j &lt; symbols.size(), (j++)]): null

2019-08-24 13:13:54 - [TEST_STEP][PASSED] - symbol = symbol: null

2019-08-24 13:13:54 - [TEST_STEP][PASSED] - println(symbol): null

2019-08-24 13:13:54 - [TEST_STEP][PASSED] - if (i == 2 &amp;&amp; wildList.indexOf(symbol) != -1): null

2019-08-24 13:13:54 - [TEST_STEP][PASSED] - if (i == 3 &amp;&amp; wildList.indexOf(symbol) != -1): null

2019-08-24 13:13:54 - [TEST_STEP][PASSED] - if (i == 4 &amp;&amp; wildList.indexOf(symbol) != -1): null

2019-08-24 13:13:54 - [TEST_STEP][PASSED] - symbol = symbol: null

2019-08-24 13:13:54 - [TEST_STEP][PASSED] - println(symbol): null

2019-08-24 13:13:54 - [TEST_STEP][PASSED] - if (i == 2 &amp;&amp; wildList.indexOf(symbol) != -1): null

2019-08-24 13:13:54 - [TEST_STEP][PASSED] - if (i == 3 &amp;&amp; wildList.indexOf(symbol) != -1): null

2019-08-24 13:13:54 - [TEST_STEP][PASSED] - if (i == 4 &amp;&amp; wildList.indexOf(symbol) != -1): null

2019-08-24 13:13:54 - [TEST_STEP][PASSED] - symbol = symbol: null

2019-08-24 13:13:54 - [TEST_STEP][PASSED] - println(symbol): null

2019-08-24 13:13:54 - [TEST_STEP][PASSED] - if (i == 2 &amp;&amp; wildList.indexOf(symbol) != -1): null

2019-08-24 13:13:54 - [TEST_STEP][PASSED] - if (i == 3 &amp;&amp; wildList.indexOf(symbol) != -1): null

2019-08-24 13:13:54 - [TEST_STEP][PASSED] - if (i == 4 &amp;&amp; wildList.indexOf(symbol) != -1): null

2019-08-24 13:13:54 - [TEST_STEP][PASSED] - symbols = symbols: null

2019-08-24 13:13:54 - [TEST_STEP][PASSED] - for ([j = 0, j &lt; symbols.size(), (j++)]): null

2019-08-24 13:13:54 - [TEST_STEP][PASSED] - symbol = symbol: null

2019-08-24 13:13:54 - [TEST_STEP][PASSED] - println(symbol): null

2019-08-24 13:13:54 - [TEST_STEP][PASSED] - if (i == 2 &amp;&amp; wildList.indexOf(symbol) != -1): null

2019-08-24 13:13:54 - [TEST_STEP][PASSED] - if (i == 3 &amp;&amp; wildList.indexOf(symbol) != -1): null

2019-08-24 13:13:54 - [TEST_STEP][PASSED] - if (i == 4 &amp;&amp; wildList.indexOf(symbol) != -1): null

2019-08-24 13:13:54 - [TEST_STEP][PASSED] - symbol = symbol: null

2019-08-24 13:13:54 - [TEST_STEP][PASSED] - println(symbol): null

2019-08-24 13:13:54 - [TEST_STEP][PASSED] - if (i == 2 &amp;&amp; wildList.indexOf(symbol) != -1): null

2019-08-24 13:13:54 - [TEST_STEP][PASSED] - println("wild found on reel 3, adding counter by 1"): null

2019-08-24 13:13:54 - [TEST_STEP][PASSED] - free_spin_reel_counter[0] = free_spin_reel_counter[0] + 1: null

2019-08-24 13:13:54 - [TEST_STEP][PASSED] - if (i == 3 &amp;&amp; wildList.indexOf(symbol) != -1): null

2019-08-24 13:13:54 - [TEST_STEP][PASSED] - if (i == 4 &amp;&amp; wildList.indexOf(symbol) != -1): null

2019-08-24 13:13:54 - [TEST_STEP][PASSED] - symbol = symbol: null

2019-08-24 13:13:54 - [TEST_STEP][PASSED] - println(symbol): null

2019-08-24 13:13:54 - [TEST_STEP][PASSED] - if (i == 2 &amp;&amp; wildList.indexOf(symbol) != -1): null

2019-08-24 13:13:54 - [TEST_STEP][PASSED] - if (i == 3 &amp;&amp; wildList.indexOf(symbol) != -1): null

2019-08-24 13:13:54 - [TEST_STEP][PASSED] - if (i == 4 &amp;&amp; wildList.indexOf(symbol) != -1): null

2019-08-24 13:13:54 - [TEST_STEP][PASSED] - symbols = symbols: null

2019-08-24 13:13:54 - [TEST_STEP][PASSED] - for ([j = 0, j &lt; symbols.size(), (j++)]): null

2019-08-24 13:13:54 - [TEST_STEP][PASSED] - symbol = symbol: null

2019-08-24 13:13:54 - [TEST_STEP][PASSED] - println(symbol): null

2019-08-24 13:13:54 - [TEST_STEP][PASSED] - if (i == 2 &amp;&amp; wildList.indexOf(symbol) != -1): null

2019-08-24 13:13:54 - [TEST_STEP][PASSED] - if (i == 3 &amp;&amp; wildList.indexOf(symbol) != -1): null

2019-08-24 13:13:54 - [TEST_STEP][PASSED] - if (i == 4 &amp;&amp; wildList.indexOf(symbol) != -1): null

2019-08-24 13:13:54 - [TEST_STEP][PASSED] - symbol = symbol: null

2019-08-24 13:13:54 - [TEST_STEP][PASSED] - println(symbol): null

2019-08-24 13:13:54 - [TEST_STEP][PASSED] - if (i == 2 &amp;&amp; wildList.indexOf(symbol) != -1): null

2019-08-24 13:13:54 - [TEST_STEP][PASSED] - if (i == 3 &amp;&amp; wildList.indexOf(symbol) != -1): null

2019-08-24 13:13:54 - [TEST_STEP][PASSED] - if (i == 4 &amp;&amp; wildList.indexOf(symbol) != -1): null

2019-08-24 13:13:54 - [TEST_STEP][PASSED] - symbol = symbol: null

2019-08-24 13:13:54 - [TEST_STEP][PASSED] - println(symbol): null

2019-08-24 13:13:54 - [TEST_STEP][PASSED] - if (i == 2 &amp;&amp; wildList.indexOf(symbol) != -1): null

2019-08-24 13:13:54 - [TEST_STEP][PASSED] - if (i == 3 &amp;&amp; wildList.indexOf(symbol) != -1): null

2019-08-24 13:13:54 - [TEST_STEP][PASSED] - if (i == 4 &amp;&amp; wildList.indexOf(symbol) != -1): null

2019-08-24 13:13:54 - [TEST_STEP][PASSED] - symbols = symbols: null

2019-08-24 13:13:54 - [TEST_STEP][PASSED] - for ([j = 0, j &lt; symbols.size(), (j++)]): null

2019-08-24 13:13:54 - [TEST_STEP][PASSED] - symbol = symbol: null

2019-08-24 13:13:54 - [TEST_STEP][PASSED] - println(symbol): null

2019-08-24 13:13:54 - [TEST_STEP][PASSED] - if (i == 2 &amp;&amp; wildList.indexOf(symbol) != -1): null

2019-08-24 13:13:54 - [TEST_STEP][PASSED] - if (i == 3 &amp;&amp; wildList.indexOf(symbol) != -1): null

2019-08-24 13:13:54 - [TEST_STEP][PASSED] - if (i == 4 &amp;&amp; wildList.indexOf(symbol) != -1): null

2019-08-24 13:13:54 - [TEST_STEP][PASSED] - symbol = symbol: null

2019-08-24 13:13:54 - [TEST_STEP][PASSED] - println(symbol): null

2019-08-24 13:13:54 - [TEST_STEP][PASSED] - if (i == 2 &amp;&amp; wildList.indexOf(symbol) != -1): null

2019-08-24 13:13:54 - [TEST_STEP][PASSED] - if (i == 3 &amp;&amp; wildList.indexOf(symbol) != -1): null

2019-08-24 13:13:54 - [TEST_STEP][PASSED] - if (i == 4 &amp;&amp; wildList.indexOf(symbol) != -1): null

2019-08-24 13:13:54 - [TEST_STEP][PASSED] - symbol = symbol: null

2019-08-24 13:13:54 - [TEST_STEP][PASSED] - println(symbol): null

2019-08-24 13:13:54 - [TEST_STEP][PASSED] - if (i == 2 &amp;&amp; wildList.indexOf(symbol) != -1): null

2019-08-24 13:13:54 - [TEST_STEP][PASSED] - if (i == 3 &amp;&amp; wildList.indexOf(symbol) != -1): null

2019-08-24 13:13:54 - [TEST_STEP][PASSED] - if (i == 4 &amp;&amp; wildList.indexOf(symbol) != -1): null

2019-08-24 13:13:54 - [TEST_STEP][PASSED] - free_spin_reel_counter = free_spin_reel_counter: null

2019-08-24 13:13:54 - [TEST_STEP][PASSED] - println("reel 3 wild found: " + free_spin_reel_counter[0]): null

2019-08-24 13:13:54 - [TEST_STEP][PASSED] - println("reel 4 wild found: " + free_spin_reel_counter[1]): null

2019-08-24 13:13:54 - [TEST_STEP][PASSED] - println("reel 5 wild found: " + free_spin_reel_counter[2]): null

2019-08-24 13:13:54 - [TEST_STEP][PASSED] - M4_spin_reels = M4_spin_reels: null

2019-08-24 13:13:54 - [TEST_STEP][PASSED] - M4_spin_reels_symbols = symbol: null

2019-08-24 13:13:54 - [TEST_STEP][PASSED] - M4_spin_reels_symbols = M4_spin_reels_symbols: null

2019-08-24 13:13:54 - [TEST_STEP][PASSED] - M4_spin_reel_wins = reel_wins: null

2019-08-24 13:13:54 - [TEST_STEP][PASSED] - M4_spin_reel_wins = M4_spin_reel_wins: null

2019-08-24 13:13:54 - [TEST_STEP][PASSED] - println("GlobalVariable.M4_spin_reel_wins is: " + M4_spin_reel_wins): null

2019-08-24 13:13:54 - [TEST_STEP][PASSED] - M4_spin_total_bonus_win_this_round = total_bonus_win_this_round: null

2019-08-24 13:13:54 - [TEST_STEP][PASSED] - M4_spin_total_bonus_win_this_round = M4_spin_total_bonus_win_this_round: null

2019-08-24 13:13:54 - [TEST_STEP][PASSED] - println("GlobalVariable.M4_spin_total_bonus_win_this_round is: " + M4_spin_total_bonus_win_this_round): null

2019-08-24 13:13:54 - [TEST_STEP][PASSED] - M4_spin_bonus_spin_result = spin_result: null

2019-08-24 13:13:54 - [TEST_STEP][PASSED] - M4_spin_bonus_spin_result = M4_spin_bonus_spin_result: null

2019-08-24 13:13:54 - [MESSAGE][PASSED] - Verify response successfully

2019-08-24 13:13:54 - [MESSAGE][PASSED] - Send request and verify the response successfully

2019-08-24 13:13:54 - [TEST_STEP][PASSED] - if (M4_total_bonus_spins_int != 0 &amp;&amp; M4_spin_reels_symbols[2].contains("WILD_Expanding")): null

2019-08-24 13:13:54 - [TEST_STEP][PASSED] - free_spin_reel_counter = free_spin_reel_counter: null

2019-08-24 13:13:54 - [TEST_STEP][PASSED] - M4_spin_reels_symbols = M4_spin_reels_symbols: null

2019-08-24 13:13:54 - [TEST_STEP][PASSED] - M4_total_bonus_spins = M4_total_bonus_spins: null

2019-08-24 13:13:54 - [TEST_STEP][PASSED] - spin_result = sendRequestAndVerify(findTestObject("INT/RGS(M4)/1_M4_spin", ["M4_login_user_id":M4_login_user_id, "rgs_session_token":rgs_session_token, "partner":Partner])): Send request and verify the response successfully

2019-08-24 13:13:55 - [MESSAGE][INFO] - HAR: /Users/eiralee/Katalon_Script/SuperWild/Reports/20190824_125957/INT/superWild_5/20190824_125957/requests/main/244.har

2019-08-24 13:13:55 - [TEST_CASE][PASSED] - Start Test Case : Verification: Verification accomplished successfully

2019-08-24 13:13:55 - [TEST_STEP][PASSED] - request = getInstance().getCurrentRequest(): null

2019-08-24 13:13:55 - [TEST_STEP][PASSED] - response = getInstance().getCurrentResponse(): null

2019-08-24 13:13:55 - [TEST_STEP][PASSED] - verifyResponseStatusCode(response, 200): Verify response status code successfully

2019-08-24 13:13:55 - [MESSAGE][PASSED] - Verify response status code successfully

2019-08-24 13:13:55 - [TEST_STEP][PASSED] - getStatusCode()).isEqualTo(200): null

2019-08-24 13:13:55 - [TEST_STEP][PASSED] - newline = System.getProperty("line.separator"): null

2019-08-24 13:13:55 - [TEST_STEP][PASSED] - M4_spin = new groovy.json.JsonSlurper(): null

2019-08-24 13:13:55 - [TEST_STEP][PASSED] - result_M4_spin = M4_spin.parseText(response.getResponseBodyContent()): null

2019-08-24 13:13:55 - [TEST_STEP][PASSED] - M4_spin_current_balance = current_balance: null

2019-08-24 13:13:55 - [TEST_STEP][PASSED] - M4_spin_current_balance = M4_spin_current_balance: null

2019-08-24 13:13:55 - [TEST_STEP][PASSED] - M4_spin_transaction_id = causality: null

2019-08-24 13:13:55 - [TEST_STEP][PASSED] - M4_spin_transaction_id = M4_spin_transaction_id: null

2019-08-24 13:13:55 - [TEST_STEP][PASSED] - M4_spin_round_id = round_id: null

2019-08-24 13:13:55 - [TEST_STEP][PASSED] - M4_spin_round_id = M4_spin_round_id: null

2019-08-24 13:13:55 - [TEST_STEP][PASSED] - M4_spin_line_wins = line_wins: null

2019-08-24 13:13:55 - [TEST_STEP][PASSED] - M4_spin_line_wins = M4_spin_line_wins: null

2019-08-24 13:13:55 - [TEST_STEP][PASSED] - M4_total_bonus_spins_int = total_bonus_spins: null

2019-08-24 13:13:55 - [TEST_STEP][PASSED] - println("******M4_total_bonus_spins type is:*******" + newline + getClass().getName()): null

2019-08-24 13:13:55 - [TEST_STEP][PASSED] - M4_total_bonus_spins_int = M4_total_bonus_spins_int: null

2019-08-24 13:13:55 - [TEST_STEP][PASSED] - M4_total_bonus_spins = Integer.toString(M4_total_bonus_spins_int): null

2019-08-24 13:13:55 - [TEST_STEP][PASSED] - M4_total_bonus_spins = M4_total_bonus_spins: null

2019-08-24 13:13:55 - [TEST_STEP][PASSED] - println("M4_total_bonus_spins is:" + M4_total_bonus_spins): null

2019-08-24 13:13:55 - [TEST_STEP][PASSED] - M4_spin_bonus_data = bonus_data: null

2019-08-24 13:13:55 - [TEST_STEP][PASSED] - M4_spin_features_triggered = result_M4_spin: null

2019-08-24 13:13:55 - [TEST_STEP][PASSED] - wild = []: null

2019-08-24 13:13:55 - [TEST_STEP][PASSED] - wild[0] = "WILD_Expanding": null

2019-08-24 13:13:55 - [TEST_STEP][PASSED] - wild[1] = "WILD_Normal": null

2019-08-24 13:13:55 - [TEST_STEP][PASSED] - wild[2] = "WILD_Double": null

2019-08-24 13:13:55 - [TEST_STEP][PASSED] - wild[3] = "WILD_ExtraFG": null

2019-08-24 13:13:55 - [TEST_STEP][PASSED] - wild[4] = "WILD_Triple": null

2019-08-24 13:13:55 - [TEST_STEP][PASSED] - wildList = Arrays.asList(wild): null

2019-08-24 13:13:55 - [TEST_STEP][PASSED] - wildList = wildList: null

2019-08-24 13:13:55 - [TEST_STEP][PASSED] - free_spin_reel_counter = []: null

2019-08-24 13:13:55 - [TEST_STEP][PASSED] - free_spin_reel_counter[0] = 0: null

2019-08-24 13:13:55 - [TEST_STEP][PASSED] - free_spin_reel_counter[1] = 0: null

2019-08-24 13:13:55 - [TEST_STEP][PASSED] - free_spin_reel_counter[2] = 0: null

2019-08-24 13:13:55 - [TEST_STEP][PASSED] - M4_spin_reels = reels: null

2019-08-24 13:13:55 - [TEST_STEP][PASSED] - for ([i = 0, i &lt; M4_spin_reels.size(), (i++)]): null

2019-08-24 13:13:55 - [TEST_STEP][PASSED] - symbols = symbols: null

2019-08-24 13:13:55 - [TEST_STEP][PASSED] - for ([j = 0, j &lt; symbols.size(), (j++)]): null

2019-08-24 13:13:55 - [TEST_STEP][PASSED] - symbol = symbol: null

2019-08-24 13:13:55 - [TEST_STEP][PASSED] - println(symbol): null

2019-08-24 13:13:55 - [TEST_STEP][PASSED] - if (i == 2 &amp;&amp; wildList.indexOf(symbol) != -1): null

2019-08-24 13:13:55 - [TEST_STEP][PASSED] - if (i == 3 &amp;&amp; wildList.indexOf(symbol) != -1): null

2019-08-24 13:13:55 - [TEST_STEP][PASSED] - if (i == 4 &amp;&amp; wildList.indexOf(symbol) != -1): null

2019-08-24 13:13:55 - [TEST_STEP][PASSED] - symbol = symbol: null

2019-08-24 13:13:55 - [TEST_STEP][PASSED] - println(symbol): null

2019-08-24 13:13:55 - [TEST_STEP][PASSED] - if (i == 2 &amp;&amp; wildList.indexOf(symbol) != -1): null

2019-08-24 13:13:55 - [TEST_STEP][PASSED] - if (i == 3 &amp;&amp; wildList.indexOf(symbol) != -1): null

2019-08-24 13:13:55 - [TEST_STEP][PASSED] - if (i == 4 &amp;&amp; wildList.indexOf(symbol) != -1): null

2019-08-24 13:13:55 - [TEST_STEP][PASSED] - symbol = symbol: null

2019-08-24 13:13:55 - [TEST_STEP][PASSED] - println(symbol): null

2019-08-24 13:13:55 - [TEST_STEP][PASSED] - if (i == 2 &amp;&amp; wildList.indexOf(symbol) != -1): null

2019-08-24 13:13:55 - [TEST_STEP][PASSED] - if (i == 3 &amp;&amp; wildList.indexOf(symbol) != -1): null

2019-08-24 13:13:55 - [TEST_STEP][PASSED] - if (i == 4 &amp;&amp; wildList.indexOf(symbol) != -1): null

2019-08-24 13:13:55 - [TEST_STEP][PASSED] - symbols = symbols: null

2019-08-24 13:13:55 - [TEST_STEP][PASSED] - for ([j = 0, j &lt; symbols.size(), (j++)]): null

2019-08-24 13:13:55 - [TEST_STEP][PASSED] - symbol = symbol: null

2019-08-24 13:13:55 - [TEST_STEP][PASSED] - println(symbol): null

2019-08-24 13:13:55 - [TEST_STEP][PASSED] - if (i == 2 &amp;&amp; wildList.indexOf(symbol) != -1): null

2019-08-24 13:13:55 - [TEST_STEP][PASSED] - if (i == 3 &amp;&amp; wildList.indexOf(symbol) != -1): null

2019-08-24 13:13:55 - [TEST_STEP][PASSED] - if (i == 4 &amp;&amp; wildList.indexOf(symbol) != -1): null

2019-08-24 13:13:55 - [TEST_STEP][PASSED] - symbol = symbol: null

2019-08-24 13:13:55 - [TEST_STEP][PASSED] - println(symbol): null

2019-08-24 13:13:55 - [TEST_STEP][PASSED] - if (i == 2 &amp;&amp; wildList.indexOf(symbol) != -1): null

2019-08-24 13:13:55 - [TEST_STEP][PASSED] - if (i == 3 &amp;&amp; wildList.indexOf(symbol) != -1): null

2019-08-24 13:13:55 - [TEST_STEP][PASSED] - if (i == 4 &amp;&amp; wildList.indexOf(symbol) != -1): null

2019-08-24 13:13:55 - [TEST_STEP][PASSED] - symbol = symbol: null

2019-08-24 13:13:55 - [TEST_STEP][PASSED] - println(symbol): null

2019-08-24 13:13:55 - [TEST_STEP][PASSED] - if (i == 2 &amp;&amp; wildList.indexOf(symbol) != -1): null

2019-08-24 13:13:55 - [TEST_STEP][PASSED] - if (i == 3 &amp;&amp; wildList.indexOf(symbol) != -1): null

2019-08-24 13:13:55 - [TEST_STEP][PASSED] - if (i == 4 &amp;&amp; wildList.indexOf(symbol) != -1): null

2019-08-24 13:13:55 - [TEST_STEP][PASSED] - symbols = symbols: null

2019-08-24 13:13:55 - [TEST_STEP][PASSED] - for ([j = 0, j &lt; symbols.size(), (j++)]): null

2019-08-24 13:13:55 - [TEST_STEP][PASSED] - symbol = symbol: null

2019-08-24 13:13:55 - [TEST_STEP][PASSED] - println(symbol): null

2019-08-24 13:13:55 - [TEST_STEP][PASSED] - if (i == 2 &amp;&amp; wildList.indexOf(symbol) != -1): null

2019-08-24 13:13:55 - [TEST_STEP][PASSED] - if (i == 3 &amp;&amp; wildList.indexOf(symbol) != -1): null

2019-08-24 13:13:55 - [TEST_STEP][PASSED] - if (i == 4 &amp;&amp; wildList.indexOf(symbol) != -1): null

2019-08-24 13:13:55 - [TEST_STEP][PASSED] - symbol = symbol: null

2019-08-24 13:13:55 - [TEST_STEP][PASSED] - println(symbol): null

2019-08-24 13:13:55 - [TEST_STEP][PASSED] - if (i == 2 &amp;&amp; wildList.indexOf(symbol) != -1): null

2019-08-24 13:13:55 - [TEST_STEP][PASSED] - if (i == 3 &amp;&amp; wildList.indexOf(symbol) != -1): null

2019-08-24 13:13:55 - [TEST_STEP][PASSED] - if (i == 4 &amp;&amp; wildList.indexOf(symbol) != -1): null

2019-08-24 13:13:55 - [TEST_STEP][PASSED] - symbol = symbol: null

2019-08-24 13:13:55 - [TEST_STEP][PASSED] - println(symbol): null

2019-08-24 13:13:55 - [TEST_STEP][PASSED] - if (i == 2 &amp;&amp; wildList.indexOf(symbol) != -1): null

2019-08-24 13:13:55 - [TEST_STEP][PASSED] - if (i == 3 &amp;&amp; wildList.indexOf(symbol) != -1): null

2019-08-24 13:13:55 - [TEST_STEP][PASSED] - if (i == 4 &amp;&amp; wildList.indexOf(symbol) != -1): null

2019-08-24 13:13:55 - [TEST_STEP][PASSED] - symbols = symbols: null

2019-08-24 13:13:55 - [TEST_STEP][PASSED] - for ([j = 0, j &lt; symbols.size(), (j++)]): null

2019-08-24 13:13:55 - [TEST_STEP][PASSED] - symbol = symbol: null

2019-08-24 13:13:55 - [TEST_STEP][PASSED] - println(symbol): null

2019-08-24 13:13:55 - [TEST_STEP][PASSED] - if (i == 2 &amp;&amp; wildList.indexOf(symbol) != -1): null

2019-08-24 13:13:55 - [TEST_STEP][PASSED] - if (i == 3 &amp;&amp; wildList.indexOf(symbol) != -1): null

2019-08-24 13:13:55 - [TEST_STEP][PASSED] - if (i == 4 &amp;&amp; wildList.indexOf(symbol) != -1): null

2019-08-24 13:13:55 - [TEST_STEP][PASSED] - symbol = symbol: null

2019-08-24 13:13:55 - [TEST_STEP][PASSED] - println(symbol): null

2019-08-24 13:13:55 - [TEST_STEP][PASSED] - if (i == 2 &amp;&amp; wildList.indexOf(symbol) != -1): null

2019-08-24 13:13:55 - [TEST_STEP][PASSED] - if (i == 3 &amp;&amp; wildList.indexOf(symbol) != -1): null

2019-08-24 13:13:55 - [TEST_STEP][PASSED] - if (i == 4 &amp;&amp; wildList.indexOf(symbol) != -1): null

2019-08-24 13:13:55 - [TEST_STEP][PASSED] - symbol = symbol: null

2019-08-24 13:13:55 - [TEST_STEP][PASSED] - println(symbol): null

2019-08-24 13:13:55 - [TEST_STEP][PASSED] - if (i == 2 &amp;&amp; wildList.indexOf(symbol) != -1): null

2019-08-24 13:13:55 - [TEST_STEP][PASSED] - if (i == 3 &amp;&amp; wildList.indexOf(symbol) != -1): null

2019-08-24 13:13:55 - [TEST_STEP][PASSED] - if (i == 4 &amp;&amp; wildList.indexOf(symbol) != -1): null

2019-08-24 13:13:55 - [TEST_STEP][PASSED] - symbols = symbols: null

2019-08-24 13:13:55 - [TEST_STEP][PASSED] - for ([j = 0, j &lt; symbols.size(), (j++)]): null

2019-08-24 13:13:55 - [TEST_STEP][PASSED] - symbol = symbol: null

2019-08-24 13:13:55 - [TEST_STEP][PASSED] - println(symbol): null

2019-08-24 13:13:55 - [TEST_STEP][PASSED] - if (i == 2 &amp;&amp; wildList.indexOf(symbol) != -1): null

2019-08-24 13:13:55 - [TEST_STEP][PASSED] - if (i == 3 &amp;&amp; wildList.indexOf(symbol) != -1): null

2019-08-24 13:13:55 - [TEST_STEP][PASSED] - if (i == 4 &amp;&amp; wildList.indexOf(symbol) != -1): null

2019-08-24 13:13:55 - [TEST_STEP][PASSED] - symbol = symbol: null

2019-08-24 13:13:55 - [TEST_STEP][PASSED] - println(symbol): null

2019-08-24 13:13:55 - [TEST_STEP][PASSED] - if (i == 2 &amp;&amp; wildList.indexOf(symbol) != -1): null

2019-08-24 13:13:55 - [TEST_STEP][PASSED] - if (i == 3 &amp;&amp; wildList.indexOf(symbol) != -1): null

2019-08-24 13:13:55 - [TEST_STEP][PASSED] - if (i == 4 &amp;&amp; wildList.indexOf(symbol) != -1): null

2019-08-24 13:13:55 - [TEST_STEP][PASSED] - symbol = symbol: null

2019-08-24 13:13:55 - [TEST_STEP][PASSED] - println(symbol): null

2019-08-24 13:13:55 - [TEST_STEP][PASSED] - if (i == 2 &amp;&amp; wildList.indexOf(symbol) != -1): null

2019-08-24 13:13:55 - [TEST_STEP][PASSED] - if (i == 3 &amp;&amp; wildList.indexOf(symbol) != -1): null

2019-08-24 13:13:55 - [TEST_STEP][PASSED] - if (i == 4 &amp;&amp; wildList.indexOf(symbol) != -1): null

2019-08-24 13:13:55 - [TEST_STEP][PASSED] - free_spin_reel_counter = free_spin_reel_counter: null

2019-08-24 13:13:55 - [TEST_STEP][PASSED] - println("reel 3 wild found: " + free_spin_reel_counter[0]): null

2019-08-24 13:13:55 - [TEST_STEP][PASSED] - println("reel 4 wild found: " + free_spin_reel_counter[1]): null

2019-08-24 13:13:55 - [TEST_STEP][PASSED] - println("reel 5 wild found: " + free_spin_reel_counter[2]): null

2019-08-24 13:13:55 - [TEST_STEP][PASSED] - M4_spin_reels = M4_spin_reels: null

2019-08-24 13:13:55 - [TEST_STEP][PASSED] - M4_spin_reels_symbols = symbol: null

2019-08-24 13:13:55 - [TEST_STEP][PASSED] - M4_spin_reels_symbols = M4_spin_reels_symbols: null

2019-08-24 13:13:55 - [TEST_STEP][PASSED] - M4_spin_reel_wins = reel_wins: null

2019-08-24 13:13:55 - [TEST_STEP][PASSED] - M4_spin_reel_wins = M4_spin_reel_wins: null

2019-08-24 13:13:55 - [TEST_STEP][PASSED] - println("GlobalVariable.M4_spin_reel_wins is: " + M4_spin_reel_wins): null

2019-08-24 13:13:55 - [TEST_STEP][PASSED] - M4_spin_total_bonus_win_this_round = total_bonus_win_this_round: null

2019-08-24 13:13:55 - [TEST_STEP][PASSED] - M4_spin_total_bonus_win_this_round = M4_spin_total_bonus_win_this_round: null

2019-08-24 13:13:55 - [TEST_STEP][PASSED] - println("GlobalVariable.M4_spin_total_bonus_win_this_round is: " + M4_spin_total_bonus_win_this_round): null

2019-08-24 13:13:55 - [TEST_STEP][PASSED] - M4_spin_bonus_spin_result = spin_result: null

2019-08-24 13:13:55 - [TEST_STEP][PASSED] - M4_spin_bonus_spin_result = M4_spin_bonus_spin_result: null

2019-08-24 13:13:55 - [MESSAGE][PASSED] - Verify response successfully

2019-08-24 13:13:55 - [MESSAGE][PASSED] - Send request and verify the response successfully

2019-08-24 13:13:55 - [TEST_STEP][PASSED] - if (M4_total_bonus_spins_int != 0 &amp;&amp; M4_spin_reels_symbols[2].contains("WILD_Expanding")): null

2019-08-24 13:13:55 - [TEST_STEP][PASSED] - free_spin_reel_counter = free_spin_reel_counter: null

2019-08-24 13:13:55 - [TEST_STEP][PASSED] - M4_spin_reels_symbols = M4_spin_reels_symbols: null

2019-08-24 13:13:55 - [TEST_STEP][PASSED] - M4_total_bonus_spins = M4_total_bonus_spins: null

2019-08-24 13:13:55 - [TEST_STEP][PASSED] - spin_result = sendRequestAndVerify(findTestObject("INT/RGS(M4)/1_M4_spin", ["M4_login_user_id":M4_login_user_id, "rgs_session_token":rgs_session_token, "partner":Partner])): Send request and verify the response successfully

2019-08-24 13:13:55 - [MESSAGE][INFO] - HAR: /Users/eiralee/Katalon_Script/SuperWild/Reports/20190824_125957/INT/superWild_5/20190824_125957/requests/main/245.har

2019-08-24 13:13:55 - [TEST_CASE][PASSED] - Start Test Case : Verification: Verification accomplished successfully

2019-08-24 13:13:55 - [TEST_STEP][PASSED] - request = getInstance().getCurrentRequest(): null

2019-08-24 13:13:56 - [TEST_STEP][PASSED] - response = getInstance().getCurrentResponse(): null

2019-08-24 13:13:56 - [TEST_STEP][PASSED] - verifyResponseStatusCode(response, 200): Verify response status code successfully

2019-08-24 13:13:56 - [MESSAGE][PASSED] - Verify response status code successfully

2019-08-24 13:13:56 - [TEST_STEP][PASSED] - getStatusCode()).isEqualTo(200): null

2019-08-24 13:13:56 - [TEST_STEP][PASSED] - newline = System.getProperty("line.separator"): null

2019-08-24 13:13:56 - [TEST_STEP][PASSED] - M4_spin = new groovy.json.JsonSlurper(): null

2019-08-24 13:13:56 - [TEST_STEP][PASSED] - result_M4_spin = M4_spin.parseText(response.getResponseBodyContent()): null

2019-08-24 13:13:56 - [TEST_STEP][PASSED] - M4_spin_current_balance = current_balance: null

2019-08-24 13:13:56 - [TEST_STEP][PASSED] - M4_spin_current_balance = M4_spin_current_balance: null

2019-08-24 13:13:56 - [TEST_STEP][PASSED] - M4_spin_transaction_id = causality: null

2019-08-24 13:13:56 - [TEST_STEP][PASSED] - M4_spin_transaction_id = M4_spin_transaction_id: null

2019-08-24 13:13:56 - [TEST_STEP][PASSED] - M4_spin_round_id = round_id: null

2019-08-24 13:13:56 - [TEST_STEP][PASSED] - M4_spin_round_id = M4_spin_round_id: null

2019-08-24 13:13:56 - [TEST_STEP][PASSED] - M4_spin_line_wins = line_wins: null

2019-08-24 13:13:56 - [TEST_STEP][PASSED] - M4_spin_line_wins = M4_spin_line_wins: null

2019-08-24 13:13:56 - [TEST_STEP][PASSED] - M4_total_bonus_spins_int = total_bonus_spins: null

2019-08-24 13:13:56 - [TEST_STEP][PASSED] - println("******M4_total_bonus_spins type is:*******" + newline + getClass().getName()): null

2019-08-24 13:13:56 - [TEST_STEP][PASSED] - M4_total_bonus_spins_int = M4_total_bonus_spins_int: null

2019-08-24 13:13:56 - [TEST_STEP][PASSED] - M4_total_bonus_spins = Integer.toString(M4_total_bonus_spins_int): null

2019-08-24 13:13:56 - [TEST_STEP][PASSED] - M4_total_bonus_spins = M4_total_bonus_spins: null

2019-08-24 13:13:56 - [TEST_STEP][PASSED] - println("M4_total_bonus_spins is:" + M4_total_bonus_spins): null

2019-08-24 13:13:56 - [TEST_STEP][PASSED] - M4_spin_bonus_data = bonus_data: null

2019-08-24 13:13:56 - [TEST_STEP][PASSED] - M4_spin_features_triggered = result_M4_spin: null

2019-08-24 13:13:56 - [TEST_STEP][PASSED] - wild = []: null

2019-08-24 13:13:56 - [TEST_STEP][PASSED] - wild[0] = "WILD_Expanding": null

2019-08-24 13:13:56 - [TEST_STEP][PASSED] - wild[1] = "WILD_Normal": null

2019-08-24 13:13:56 - [TEST_STEP][PASSED] - wild[2] = "WILD_Double": null

2019-08-24 13:13:56 - [TEST_STEP][PASSED] - wild[3] = "WILD_ExtraFG": null

2019-08-24 13:13:56 - [TEST_STEP][PASSED] - wild[4] = "WILD_Triple": null

2019-08-24 13:13:56 - [TEST_STEP][PASSED] - wildList = Arrays.asList(wild): null

2019-08-24 13:13:56 - [TEST_STEP][PASSED] - wildList = wildList: null

2019-08-24 13:13:56 - [TEST_STEP][PASSED] - free_spin_reel_counter = []: null

2019-08-24 13:13:56 - [TEST_STEP][PASSED] - free_spin_reel_counter[0] = 0: null

2019-08-24 13:13:56 - [TEST_STEP][PASSED] - free_spin_reel_counter[1] = 0: null

2019-08-24 13:13:56 - [TEST_STEP][PASSED] - free_spin_reel_counter[2] = 0: null

2019-08-24 13:13:56 - [TEST_STEP][PASSED] - M4_spin_reels = reels: null

2019-08-24 13:13:56 - [TEST_STEP][PASSED] - for ([i = 0, i &lt; M4_spin_reels.size(), (i++)]): null

2019-08-24 13:13:56 - [TEST_STEP][PASSED] - symbols = symbols: null

2019-08-24 13:13:56 - [TEST_STEP][PASSED] - for ([j = 0, j &lt; symbols.size(), (j++)]): null

2019-08-24 13:13:56 - [TEST_STEP][PASSED] - symbol = symbol: null

2019-08-24 13:13:56 - [TEST_STEP][PASSED] - println(symbol): null

2019-08-24 13:13:56 - [TEST_STEP][PASSED] - if (i == 2 &amp;&amp; wildList.indexOf(symbol) != -1): null

2019-08-24 13:13:56 - [TEST_STEP][PASSED] - if (i == 3 &amp;&amp; wildList.indexOf(symbol) != -1): null

2019-08-24 13:13:56 - [TEST_STEP][PASSED] - if (i == 4 &amp;&amp; wildList.indexOf(symbol) != -1): null

2019-08-24 13:13:56 - [TEST_STEP][PASSED] - symbol = symbol: null

2019-08-24 13:13:56 - [TEST_STEP][PASSED] - println(symbol): null

2019-08-24 13:13:56 - [TEST_STEP][PASSED] - if (i == 2 &amp;&amp; wildList.indexOf(symbol) != -1): null

2019-08-24 13:13:56 - [TEST_STEP][PASSED] - if (i == 3 &amp;&amp; wildList.indexOf(symbol) != -1): null

2019-08-24 13:13:56 - [TEST_STEP][PASSED] - if (i == 4 &amp;&amp; wildList.indexOf(symbol) != -1): null

2019-08-24 13:13:56 - [TEST_STEP][PASSED] - symbol = symbol: null

2019-08-24 13:13:56 - [TEST_STEP][PASSED] - println(symbol): null

2019-08-24 13:13:56 - [TEST_STEP][PASSED] - if (i == 2 &amp;&amp; wildList.indexOf(symbol) != -1): null

2019-08-24 13:13:56 - [TEST_STEP][PASSED] - if (i == 3 &amp;&amp; wildList.indexOf(symbol) != -1): null

2019-08-24 13:13:56 - [TEST_STEP][PASSED] - if (i == 4 &amp;&amp; wildList.indexOf(symbol) != -1): null

2019-08-24 13:13:56 - [TEST_STEP][PASSED] - symbols = symbols: null

2019-08-24 13:13:56 - [TEST_STEP][PASSED] - for ([j = 0, j &lt; symbols.size(), (j++)]): null

2019-08-24 13:13:56 - [TEST_STEP][PASSED] - symbol = symbol: null

2019-08-24 13:13:56 - [TEST_STEP][PASSED] - println(symbol): null

2019-08-24 13:13:56 - [TEST_STEP][PASSED] - if (i == 2 &amp;&amp; wildList.indexOf(symbol) != -1): null

2019-08-24 13:13:56 - [TEST_STEP][PASSED] - if (i == 3 &amp;&amp; wildList.indexOf(symbol) != -1): null

2019-08-24 13:13:56 - [TEST_STEP][PASSED] - if (i == 4 &amp;&amp; wildList.indexOf(symbol) != -1): null

2019-08-24 13:13:56 - [TEST_STEP][PASSED] - symbol = symbol: null

2019-08-24 13:13:56 - [TEST_STEP][PASSED] - println(symbol): null

2019-08-24 13:13:56 - [TEST_STEP][PASSED] - if (i == 2 &amp;&amp; wildList.indexOf(symbol) != -1): null

2019-08-24 13:13:56 - [TEST_STEP][PASSED] - if (i == 3 &amp;&amp; wildList.indexOf(symbol) != -1): null

2019-08-24 13:13:56 - [TEST_STEP][PASSED] - if (i == 4 &amp;&amp; wildList.indexOf(symbol) != -1): null

2019-08-24 13:13:56 - [TEST_STEP][PASSED] - symbol = symbol: null

2019-08-24 13:13:56 - [TEST_STEP][PASSED] - println(symbol): null

2019-08-24 13:13:56 - [TEST_STEP][PASSED] - if (i == 2 &amp;&amp; wildList.indexOf(symbol) != -1): null

2019-08-24 13:13:56 - [TEST_STEP][PASSED] - if (i == 3 &amp;&amp; wildList.indexOf(symbol) != -1): null

2019-08-24 13:13:56 - [TEST_STEP][PASSED] - if (i == 4 &amp;&amp; wildList.indexOf(symbol) != -1): null

2019-08-24 13:13:56 - [TEST_STEP][PASSED] - symbols = symbols: null

2019-08-24 13:13:56 - [TEST_STEP][PASSED] - for ([j = 0, j &lt; symbols.size(), (j++)]): null

2019-08-24 13:13:56 - [TEST_STEP][PASSED] - symbol = symbol: null

2019-08-24 13:13:56 - [TEST_STEP][PASSED] - println(symbol): null

2019-08-24 13:13:56 - [TEST_STEP][PASSED] - if (i == 2 &amp;&amp; wildList.indexOf(symbol) != -1): null

2019-08-24 13:13:56 - [TEST_STEP][PASSED] - if (i == 3 &amp;&amp; wildList.indexOf(symbol) != -1): null

2019-08-24 13:13:56 - [TEST_STEP][PASSED] - if (i == 4 &amp;&amp; wildList.indexOf(symbol) != -1): null

2019-08-24 13:13:56 - [TEST_STEP][PASSED] - symbol = symbol: null

2019-08-24 13:13:56 - [TEST_STEP][PASSED] - println(symbol): null

2019-08-24 13:13:56 - [TEST_STEP][PASSED] - if (i == 2 &amp;&amp; wildList.indexOf(symbol) != -1): null

2019-08-24 13:13:56 - [TEST_STEP][PASSED] - if (i == 3 &amp;&amp; wildList.indexOf(symbol) != -1): null

2019-08-24 13:13:56 - [TEST_STEP][PASSED] - if (i == 4 &amp;&amp; wildList.indexOf(symbol) != -1): null

2019-08-24 13:13:56 - [TEST_STEP][PASSED] - symbol = symbol: null

2019-08-24 13:13:56 - [TEST_STEP][PASSED] - println(symbol): null

2019-08-24 13:13:56 - [TEST_STEP][PASSED] - if (i == 2 &amp;&amp; wildList.indexOf(symbol) != -1): null

2019-08-24 13:13:56 - [TEST_STEP][PASSED] - if (i == 3 &amp;&amp; wildList.indexOf(symbol) != -1): null

2019-08-24 13:13:56 - [TEST_STEP][PASSED] - if (i == 4 &amp;&amp; wildList.indexOf(symbol) != -1): null

2019-08-24 13:13:56 - [TEST_STEP][PASSED] - symbols = symbols: null

2019-08-24 13:13:56 - [TEST_STEP][PASSED] - for ([j = 0, j &lt; symbols.size(), (j++)]): null

2019-08-24 13:13:56 - [TEST_STEP][PASSED] - symbol = symbol: null

2019-08-24 13:13:56 - [TEST_STEP][PASSED] - println(symbol): null

2019-08-24 13:13:56 - [TEST_STEP][PASSED] - if (i == 2 &amp;&amp; wildList.indexOf(symbol) != -1): null

2019-08-24 13:13:56 - [TEST_STEP][PASSED] - if (i == 3 &amp;&amp; wildList.indexOf(symbol) != -1): null

2019-08-24 13:13:56 - [TEST_STEP][PASSED] - if (i == 4 &amp;&amp; wildList.indexOf(symbol) != -1): null

2019-08-24 13:13:56 - [TEST_STEP][PASSED] - symbol = symbol: null

2019-08-24 13:13:56 - [TEST_STEP][PASSED] - println(symbol): null

2019-08-24 13:13:56 - [TEST_STEP][PASSED] - if (i == 2 &amp;&amp; wildList.indexOf(symbol) != -1): null

2019-08-24 13:13:56 - [TEST_STEP][PASSED] - if (i == 3 &amp;&amp; wildList.indexOf(symbol) != -1): null

2019-08-24 13:13:56 - [TEST_STEP][PASSED] - if (i == 4 &amp;&amp; wildList.indexOf(symbol) != -1): null

2019-08-24 13:13:56 - [TEST_STEP][PASSED] - symbol = symbol: null

2019-08-24 13:13:56 - [TEST_STEP][PASSED] - println(symbol): null

2019-08-24 13:13:56 - [TEST_STEP][PASSED] - if (i == 2 &amp;&amp; wildList.indexOf(symbol) != -1): null

2019-08-24 13:13:56 - [TEST_STEP][PASSED] - if (i == 3 &amp;&amp; wildList.indexOf(symbol) != -1): null

2019-08-24 13:13:56 - [TEST_STEP][PASSED] - if (i == 4 &amp;&amp; wildList.indexOf(symbol) != -1): null

2019-08-24 13:13:56 - [TEST_STEP][PASSED] - symbols = symbols: null

2019-08-24 13:13:56 - [TEST_STEP][PASSED] - for ([j = 0, j &lt; symbols.size(), (j++)]): null

2019-08-24 13:13:56 - [TEST_STEP][PASSED] - symbol = symbol: null

2019-08-24 13:13:56 - [TEST_STEP][PASSED] - println(symbol): null

2019-08-24 13:13:56 - [TEST_STEP][PASSED] - if (i == 2 &amp;&amp; wildList.indexOf(symbol) != -1): null

2019-08-24 13:13:56 - [TEST_STEP][PASSED] - if (i == 3 &amp;&amp; wildList.indexOf(symbol) != -1): null

2019-08-24 13:13:56 - [TEST_STEP][PASSED] - if (i == 4 &amp;&amp; wildList.indexOf(symbol) != -1): null

2019-08-24 13:13:56 - [TEST_STEP][PASSED] - symbol = symbol: null

2019-08-24 13:13:56 - [TEST_STEP][PASSED] - println(symbol): null

2019-08-24 13:13:59 - [TEST_STEP][PASSED] - if (i == 2 &amp;&amp; wildList.indexOf(symbol) != -1): null

2019-08-24 13:13:59 - [TEST_STEP][PASSED] - if (i == 3 &amp;&amp; wildList.indexOf(symbol) != -1): null

2019-08-24 13:13:59 - [TEST_STEP][PASSED] - if (i == 4 &amp;&amp; wildList.indexOf(symbol) != -1): null

2019-08-24 13:13:59 - [TEST_STEP][PASSED] - symbol = symbol: null

2019-08-24 13:13:59 - [TEST_STEP][PASSED] - println(symbol): null

2019-08-24 13:13:59 - [TEST_STEP][PASSED] - if (i == 2 &amp;&amp; wildList.indexOf(symbol) != -1): null

2019-08-24 13:13:59 - [TEST_STEP][PASSED] - if (i == 3 &amp;&amp; wildList.indexOf(symbol) != -1): null

2019-08-24 13:13:59 - [TEST_STEP][PASSED] - if (i == 4 &amp;&amp; wildList.indexOf(symbol) != -1): null

2019-08-24 13:13:59 - [TEST_STEP][PASSED] - free_spin_reel_counter = free_spin_reel_counter: null

2019-08-24 13:13:59 - [TEST_STEP][PASSED] - println("reel 3 wild found: " + free_spin_reel_counter[0]): null

2019-08-24 13:13:59 - [TEST_STEP][PASSED] - println("reel 4 wild found: " + free_spin_reel_counter[1]): null

2019-08-24 13:13:59 - [TEST_STEP][PASSED] - println("reel 5 wild found: " + free_spin_reel_counter[2]): null

2019-08-24 13:13:59 - [TEST_STEP][PASSED] - M4_spin_reels = M4_spin_reels: null

2019-08-24 13:13:59 - [TEST_STEP][PASSED] - M4_spin_reels_symbols = symbol: null

2019-08-24 13:13:59 - [TEST_STEP][PASSED] - M4_spin_reels_symbols = M4_spin_reels_symbols: null

2019-08-24 13:13:59 - [TEST_STEP][PASSED] - M4_spin_reel_wins = reel_wins: null

2019-08-24 13:13:59 - [TEST_STEP][PASSED] - M4_spin_reel_wins = M4_spin_reel_wins: null

2019-08-24 13:13:59 - [TEST_STEP][PASSED] - println("GlobalVariable.M4_spin_reel_wins is: " + M4_spin_reel_wins): null

2019-08-24 13:13:59 - [TEST_STEP][PASSED] - M4_spin_total_bonus_win_this_round = total_bonus_win_this_round: null

2019-08-24 13:13:59 - [TEST_STEP][PASSED] - M4_spin_total_bonus_win_this_round = M4_spin_total_bonus_win_this_round: null

2019-08-24 13:13:59 - [TEST_STEP][PASSED] - println("GlobalVariable.M4_spin_total_bonus_win_this_round is: " + M4_spin_total_bonus_win_this_round): null

2019-08-24 13:13:59 - [TEST_STEP][PASSED] - M4_spin_bonus_spin_result = spin_result: null

2019-08-24 13:13:59 - [TEST_STEP][PASSED] - M4_spin_bonus_spin_result = M4_spin_bonus_spin_result: null

2019-08-24 13:13:59 - [MESSAGE][PASSED] - Verify response successfully

2019-08-24 13:13:59 - [MESSAGE][PASSED] - Send request and verify the response successfully

2019-08-24 13:13:59 - [TEST_STEP][PASSED] - if (M4_total_bonus_spins_int != 0 &amp;&amp; M4_spin_reels_symbols[2].contains("WILD_Expanding")): null

2019-08-24 13:13:59 - [TEST_STEP][PASSED] - free_spin_reel_counter = free_spin_reel_counter: null

2019-08-24 13:13:59 - [TEST_STEP][PASSED] - M4_spin_reels_symbols = M4_spin_reels_symbols: null

2019-08-24 13:13:59 - [TEST_STEP][PASSED] - M4_total_bonus_spins = M4_total_bonus_spins: null

2019-08-24 13:13:59 - [TEST_STEP][PASSED] - spin_result = sendRequestAndVerify(findTestObject("INT/RGS(M4)/1_M4_spin", ["M4_login_user_id":M4_login_user_id, "rgs_session_token":rgs_session_token, "partner":Partner])): Send request and verify the response successfully

2019-08-24 13:13:59 - [MESSAGE][INFO] - HAR: /Users/eiralee/Katalon_Script/SuperWild/Reports/20190824_125957/INT/superWild_5/20190824_125957/requests/main/246.har

2019-08-24 13:13:59 - [TEST_CASE][PASSED] - Start Test Case : Verification: Verification accomplished successfully

2019-08-24 13:13:59 - [TEST_STEP][PASSED] - request = getInstance().getCurrentRequest(): null

2019-08-24 13:13:59 - [TEST_STEP][PASSED] - response = getInstance().getCurrentResponse(): null

2019-08-24 13:13:59 - [TEST_STEP][PASSED] - verifyResponseStatusCode(response, 200): Verify response status code successfully

2019-08-24 13:13:59 - [MESSAGE][PASSED] - Verify response status code successfully

2019-08-24 13:13:59 - [TEST_STEP][PASSED] - getStatusCode()).isEqualTo(200): null

2019-08-24 13:13:59 - [TEST_STEP][PASSED] - newline = System.getProperty("line.separator"): null

2019-08-24 13:13:59 - [TEST_STEP][PASSED] - M4_spin = new groovy.json.JsonSlurper(): null

2019-08-24 13:13:59 - [TEST_STEP][PASSED] - result_M4_spin = M4_spin.parseText(response.getResponseBodyContent()): null

2019-08-24 13:13:59 - [TEST_STEP][PASSED] - M4_spin_current_balance = current_balance: null

2019-08-24 13:13:59 - [TEST_STEP][PASSED] - M4_spin_current_balance = M4_spin_current_balance: null

2019-08-24 13:13:59 - [TEST_STEP][PASSED] - M4_spin_transaction_id = causality: null

2019-08-24 13:13:59 - [TEST_STEP][PASSED] - M4_spin_transaction_id = M4_spin_transaction_id: null

2019-08-24 13:13:59 - [TEST_STEP][PASSED] - M4_spin_round_id = round_id: null

2019-08-24 13:13:59 - [TEST_STEP][PASSED] - M4_spin_round_id = M4_spin_round_id: null

2019-08-24 13:13:59 - [TEST_STEP][PASSED] - M4_spin_line_wins = line_wins: null

2019-08-24 13:13:59 - [TEST_STEP][PASSED] - M4_spin_line_wins = M4_spin_line_wins: null

2019-08-24 13:13:59 - [TEST_STEP][PASSED] - M4_total_bonus_spins_int = total_bonus_spins: null

2019-08-24 13:13:59 - [TEST_STEP][PASSED] - println("******M4_total_bonus_spins type is:*******" + newline + getClass().getName()): null

2019-08-24 13:13:59 - [TEST_STEP][PASSED] - M4_total_bonus_spins_int = M4_total_bonus_spins_int: null

2019-08-24 13:13:59 - [TEST_STEP][PASSED] - M4_total_bonus_spins = Integer.toString(M4_total_bonus_spins_int): null

2019-08-24 13:13:59 - [TEST_STEP][PASSED] - M4_total_bonus_spins = M4_total_bonus_spins: null

2019-08-24 13:13:59 - [TEST_STEP][PASSED] - println("M4_total_bonus_spins is:" + M4_total_bonus_spins): null

2019-08-24 13:13:59 - [TEST_STEP][PASSED] - M4_spin_bonus_data = bonus_data: null

2019-08-24 13:13:59 - [TEST_STEP][PASSED] - M4_spin_features_triggered = result_M4_spin: null

2019-08-24 13:13:59 - [TEST_STEP][PASSED] - wild = []: null

2019-08-24 13:13:59 - [TEST_STEP][PASSED] - wild[0] = "WILD_Expanding": null

2019-08-24 13:13:59 - [TEST_STEP][PASSED] - wild[1] = "WILD_Normal": null

2019-08-24 13:13:59 - [TEST_STEP][PASSED] - wild[2] = "WILD_Double": null

2019-08-24 13:13:59 - [TEST_STEP][PASSED] - wild[3] = "WILD_ExtraFG": null

2019-08-24 13:13:59 - [TEST_STEP][PASSED] - wild[4] = "WILD_Triple": null

2019-08-24 13:13:59 - [TEST_STEP][PASSED] - wildList = Arrays.asList(wild): null

2019-08-24 13:13:59 - [TEST_STEP][PASSED] - wildList = wildList: null

2019-08-24 13:13:59 - [TEST_STEP][PASSED] - free_spin_reel_counter = []: null

2019-08-24 13:13:59 - [TEST_STEP][PASSED] - free_spin_reel_counter[0] = 0: null

2019-08-24 13:13:59 - [TEST_STEP][PASSED] - free_spin_reel_counter[1] = 0: null

2019-08-24 13:13:59 - [TEST_STEP][PASSED] - free_spin_reel_counter[2] = 0: null

2019-08-24 13:13:59 - [TEST_STEP][PASSED] - M4_spin_reels = reels: null

2019-08-24 13:13:59 - [TEST_STEP][PASSED] - for ([i = 0, i &lt; M4_spin_reels.size(), (i++)]): null

2019-08-24 13:13:59 - [TEST_STEP][PASSED] - symbols = symbols: null

2019-08-24 13:13:59 - [TEST_STEP][PASSED] - for ([j = 0, j &lt; symbols.size(), (j++)]): null

2019-08-24 13:13:59 - [TEST_STEP][PASSED] - symbol = symbol: null

2019-08-24 13:13:59 - [TEST_STEP][PASSED] - println(symbol): null

2019-08-24 13:13:59 - [TEST_STEP][PASSED] - if (i == 2 &amp;&amp; wildList.indexOf(symbol) != -1): null

2019-08-24 13:13:59 - [TEST_STEP][PASSED] - if (i == 3 &amp;&amp; wildList.indexOf(symbol) != -1): null

2019-08-24 13:13:59 - [TEST_STEP][PASSED] - if (i == 4 &amp;&amp; wildList.indexOf(symbol) != -1): null

2019-08-24 13:13:59 - [TEST_STEP][PASSED] - symbol = symbol: null

2019-08-24 13:13:59 - [TEST_STEP][PASSED] - println(symbol): null

2019-08-24 13:13:59 - [TEST_STEP][PASSED] - if (i == 2 &amp;&amp; wildList.indexOf(symbol) != -1): null

2019-08-24 13:13:59 - [TEST_STEP][PASSED] - if (i == 3 &amp;&amp; wildList.indexOf(symbol) != -1): null

2019-08-24 13:13:59 - [TEST_STEP][PASSED] - if (i == 4 &amp;&amp; wildList.indexOf(symbol) != -1): null

2019-08-24 13:13:59 - [TEST_STEP][PASSED] - symbol = symbol: null

2019-08-24 13:13:59 - [TEST_STEP][PASSED] - println(symbol): null

2019-08-24 13:13:59 - [TEST_STEP][PASSED] - if (i == 2 &amp;&amp; wildList.indexOf(symbol) != -1): null

2019-08-24 13:13:59 - [TEST_STEP][PASSED] - if (i == 3 &amp;&amp; wildList.indexOf(symbol) != -1): null

2019-08-24 13:13:59 - [TEST_STEP][PASSED] - if (i == 4 &amp;&amp; wildList.indexOf(symbol) != -1): null

2019-08-24 13:13:59 - [TEST_STEP][PASSED] - symbols = symbols: null

2019-08-24 13:13:59 - [TEST_STEP][PASSED] - for ([j = 0, j &lt; symbols.size(), (j++)]): null

2019-08-24 13:13:59 - [TEST_STEP][PASSED] - symbol = symbol: null

2019-08-24 13:13:59 - [TEST_STEP][PASSED] - println(symbol): null

2019-08-24 13:13:59 - [TEST_STEP][PASSED] - if (i == 2 &amp;&amp; wildList.indexOf(symbol) != -1): null

2019-08-24 13:13:59 - [TEST_STEP][PASSED] - if (i == 3 &amp;&amp; wildList.indexOf(symbol) != -1): null

2019-08-24 13:13:59 - [TEST_STEP][PASSED] - if (i == 4 &amp;&amp; wildList.indexOf(symbol) != -1): null

2019-08-24 13:13:59 - [TEST_STEP][PASSED] - symbol = symbol: null

2019-08-24 13:13:59 - [TEST_STEP][PASSED] - println(symbol): null

2019-08-24 13:13:59 - [TEST_STEP][PASSED] - if (i == 2 &amp;&amp; wildList.indexOf(symbol) != -1): null

2019-08-24 13:13:59 - [TEST_STEP][PASSED] - if (i == 3 &amp;&amp; wildList.indexOf(symbol) != -1): null

2019-08-24 13:13:59 - [TEST_STEP][PASSED] - if (i == 4 &amp;&amp; wildList.indexOf(symbol) != -1): null

2019-08-24 13:13:59 - [TEST_STEP][PASSED] - symbol = symbol: null

2019-08-24 13:13:59 - [TEST_STEP][PASSED] - println(symbol): null

2019-08-24 13:13:59 - [TEST_STEP][PASSED] - if (i == 2 &amp;&amp; wildList.indexOf(symbol) != -1): null

2019-08-24 13:13:59 - [TEST_STEP][PASSED] - if (i == 3 &amp;&amp; wildList.indexOf(symbol) != -1): null

2019-08-24 13:13:59 - [TEST_STEP][PASSED] - if (i == 4 &amp;&amp; wildList.indexOf(symbol) != -1): null

2019-08-24 13:13:59 - [TEST_STEP][PASSED] - symbols = symbols: null

2019-08-24 13:13:59 - [TEST_STEP][PASSED] - for ([j = 0, j &lt; symbols.size(), (j++)]): null

2019-08-24 13:13:59 - [TEST_STEP][PASSED] - symbol = symbol: null

2019-08-24 13:13:59 - [TEST_STEP][PASSED] - println(symbol): null

2019-08-24 13:13:59 - [TEST_STEP][PASSED] - if (i == 2 &amp;&amp; wildList.indexOf(symbol) != -1): null

2019-08-24 13:13:59 - [TEST_STEP][PASSED] - if (i == 3 &amp;&amp; wildList.indexOf(symbol) != -1): null

2019-08-24 13:13:59 - [TEST_STEP][PASSED] - if (i == 4 &amp;&amp; wildList.indexOf(symbol) != -1): null

2019-08-24 13:13:59 - [TEST_STEP][PASSED] - symbol = symbol: null

2019-08-24 13:13:59 - [TEST_STEP][PASSED] - println(symbol): null

2019-08-24 13:13:59 - [TEST_STEP][PASSED] - if (i == 2 &amp;&amp; wildList.indexOf(symbol) != -1): null

2019-08-24 13:13:59 - [TEST_STEP][PASSED] - if (i == 3 &amp;&amp; wildList.indexOf(symbol) != -1): null

2019-08-24 13:13:59 - [TEST_STEP][PASSED] - if (i == 4 &amp;&amp; wildList.indexOf(symbol) != -1): null

2019-08-24 13:13:59 - [TEST_STEP][PASSED] - symbol = symbol: null

2019-08-24 13:13:59 - [TEST_STEP][PASSED] - println(symbol): null

2019-08-24 13:13:59 - [TEST_STEP][PASSED] - if (i == 2 &amp;&amp; wildList.indexOf(symbol) != -1): null

2019-08-24 13:13:59 - [TEST_STEP][PASSED] - if (i == 3 &amp;&amp; wildList.indexOf(symbol) != -1): null

2019-08-24 13:13:59 - [TEST_STEP][PASSED] - if (i == 4 &amp;&amp; wildList.indexOf(symbol) != -1): null

2019-08-24 13:13:59 - [TEST_STEP][PASSED] - symbols = symbols: null

2019-08-24 13:13:59 - [TEST_STEP][PASSED] - for ([j = 0, j &lt; symbols.size(), (j++)]): null

2019-08-24 13:13:59 - [TEST_STEP][PASSED] - symbol = symbol: null

2019-08-24 13:13:59 - [TEST_STEP][PASSED] - println(symbol): null

2019-08-24 13:13:59 - [TEST_STEP][PASSED] - if (i == 2 &amp;&amp; wildList.indexOf(symbol) != -1): null

2019-08-24 13:13:59 - [TEST_STEP][PASSED] - if (i == 3 &amp;&amp; wildList.indexOf(symbol) != -1): null

2019-08-24 13:13:59 - [TEST_STEP][PASSED] - if (i == 4 &amp;&amp; wildList.indexOf(symbol) != -1): null

2019-08-24 13:13:59 - [TEST_STEP][PASSED] - symbol = symbol: null

2019-08-24 13:13:59 - [TEST_STEP][PASSED] - println(symbol): null

2019-08-24 13:13:59 - [TEST_STEP][PASSED] - if (i == 2 &amp;&amp; wildList.indexOf(symbol) != -1): null

2019-08-24 13:13:59 - [TEST_STEP][PASSED] - if (i == 3 &amp;&amp; wildList.indexOf(symbol) != -1): null

2019-08-24 13:13:59 - [TEST_STEP][PASSED] - if (i == 4 &amp;&amp; wildList.indexOf(symbol) != -1): null

2019-08-24 13:13:59 - [TEST_STEP][PASSED] - symbol = symbol: null

2019-08-24 13:13:59 - [TEST_STEP][PASSED] - println(symbol): null

2019-08-24 13:13:59 - [TEST_STEP][PASSED] - if (i == 2 &amp;&amp; wildList.indexOf(symbol) != -1): null

2019-08-24 13:13:59 - [TEST_STEP][PASSED] - if (i == 3 &amp;&amp; wildList.indexOf(symbol) != -1): null

2019-08-24 13:13:59 - [TEST_STEP][PASSED] - if (i == 4 &amp;&amp; wildList.indexOf(symbol) != -1): null

2019-08-24 13:13:59 - [TEST_STEP][PASSED] - symbols = symbols: null

2019-08-24 13:13:59 - [TEST_STEP][PASSED] - for ([j = 0, j &lt; symbols.size(), (j++)]): null

2019-08-24 13:13:59 - [TEST_STEP][PASSED] - symbol = symbol: null

2019-08-24 13:13:59 - [TEST_STEP][PASSED] - println(symbol): null

2019-08-24 13:13:59 - [TEST_STEP][PASSED] - if (i == 2 &amp;&amp; wildList.indexOf(symbol) != -1): null

2019-08-24 13:13:59 - [TEST_STEP][PASSED] - if (i == 3 &amp;&amp; wildList.indexOf(symbol) != -1): null

2019-08-24 13:13:59 - [TEST_STEP][PASSED] - if (i == 4 &amp;&amp; wildList.indexOf(symbol) != -1): null

2019-08-24 13:13:59 - [TEST_STEP][PASSED] - symbol = symbol: null

2019-08-24 13:13:59 - [TEST_STEP][PASSED] - println(symbol): null

2019-08-24 13:13:59 - [TEST_STEP][PASSED] - if (i == 2 &amp;&amp; wildList.indexOf(symbol) != -1): null

2019-08-24 13:13:59 - [TEST_STEP][PASSED] - if (i == 3 &amp;&amp; wildList.indexOf(symbol) != -1): null

2019-08-24 13:13:59 - [TEST_STEP][PASSED] - if (i == 4 &amp;&amp; wildList.indexOf(symbol) != -1): null

2019-08-24 13:13:59 - [TEST_STEP][PASSED] - symbol = symbol: null

2019-08-24 13:13:59 - [TEST_STEP][PASSED] - println(symbol): null

2019-08-24 13:13:59 - [TEST_STEP][PASSED] - if (i == 2 &amp;&amp; wildList.indexOf(symbol) != -1): null

2019-08-24 13:13:59 - [TEST_STEP][PASSED] - if (i == 3 &amp;&amp; wildList.indexOf(symbol) != -1): null

2019-08-24 13:13:59 - [TEST_STEP][PASSED] - if (i == 4 &amp;&amp; wildList.indexOf(symbol) != -1): null

2019-08-24 13:13:59 - [TEST_STEP][PASSED] - free_spin_reel_counter = free_spin_reel_counter: null

2019-08-24 13:13:59 - [TEST_STEP][PASSED] - println("reel 3 wild found: " + free_spin_reel_counter[0]): null

2019-08-24 13:13:59 - [TEST_STEP][PASSED] - println("reel 4 wild found: " + free_spin_reel_counter[1]): null

2019-08-24 13:13:59 - [TEST_STEP][PASSED] - println("reel 5 wild found: " + free_spin_reel_counter[2]): null

2019-08-24 13:13:59 - [TEST_STEP][PASSED] - M4_spin_reels = M4_spin_reels: null

2019-08-24 13:13:59 - [TEST_STEP][PASSED] - M4_spin_reels_symbols = symbol: null

2019-08-24 13:13:59 - [TEST_STEP][PASSED] - M4_spin_reels_symbols = M4_spin_reels_symbols: null

2019-08-24 13:13:59 - [TEST_STEP][PASSED] - M4_spin_reel_wins = reel_wins: null

2019-08-24 13:13:59 - [TEST_STEP][PASSED] - M4_spin_reel_wins = M4_spin_reel_wins: null

2019-08-24 13:13:59 - [TEST_STEP][PASSED] - println("GlobalVariable.M4_spin_reel_wins is: " + M4_spin_reel_wins): null

2019-08-24 13:13:59 - [TEST_STEP][PASSED] - M4_spin_total_bonus_win_this_round = total_bonus_win_this_round: null

2019-08-24 13:13:59 - [TEST_STEP][PASSED] - M4_spin_total_bonus_win_this_round = M4_spin_total_bonus_win_this_round: null

2019-08-24 13:13:59 - [TEST_STEP][PASSED] - println("GlobalVariable.M4_spin_total_bonus_win_this_round is: " + M4_spin_total_bonus_win_this_round): null

2019-08-24 13:13:59 - [TEST_STEP][PASSED] - M4_spin_bonus_spin_result = spin_result: null

2019-08-24 13:13:59 - [TEST_STEP][PASSED] - M4_spin_bonus_spin_result = M4_spin_bonus_spin_result: null

2019-08-24 13:13:59 - [MESSAGE][PASSED] - Verify response successfully

2019-08-24 13:13:59 - [MESSAGE][PASSED] - Send request and verify the response successfully

2019-08-24 13:13:59 - [TEST_STEP][PASSED] - if (M4_total_bonus_spins_int != 0 &amp;&amp; M4_spin_reels_symbols[2].contains("WILD_Expanding")): null

2019-08-24 13:13:59 - [TEST_STEP][PASSED] - free_spin_reel_counter = free_spin_reel_counter: null

2019-08-24 13:13:59 - [TEST_STEP][PASSED] - M4_spin_reels_symbols = M4_spin_reels_symbols: null

2019-08-24 13:13:59 - [TEST_STEP][PASSED] - M4_total_bonus_spins = M4_total_bonus_spins: null

2019-08-24 13:13:59 - [TEST_STEP][PASSED] - spin_result = sendRequestAndVerify(findTestObject("INT/RGS(M4)/1_M4_spin", ["M4_login_user_id":M4_login_user_id, "rgs_session_token":rgs_session_token, "partner":Partner])): Send request and verify the response successfully

2019-08-24 13:14:00 - [MESSAGE][INFO] - HAR: /Users/eiralee/Katalon_Script/SuperWild/Reports/20190824_125957/INT/superWild_5/20190824_125957/requests/main/247.har

2019-08-24 13:14:00 - [TEST_CASE][PASSED] - Start Test Case : Verification: Verification accomplished successfully

2019-08-24 13:14:00 - [TEST_STEP][PASSED] - request = getInstance().getCurrentRequest(): null

2019-08-24 13:14:00 - [TEST_STEP][PASSED] - response = getInstance().getCurrentResponse(): null

2019-08-24 13:14:00 - [TEST_STEP][PASSED] - verifyResponseStatusCode(response, 200): Verify response status code successfully

2019-08-24 13:14:00 - [MESSAGE][PASSED] - Verify response status code successfully

2019-08-24 13:14:00 - [TEST_STEP][PASSED] - getStatusCode()).isEqualTo(200): null

2019-08-24 13:14:00 - [TEST_STEP][PASSED] - newline = System.getProperty("line.separator"): null

2019-08-24 13:14:00 - [TEST_STEP][PASSED] - M4_spin = new groovy.json.JsonSlurper(): null

2019-08-24 13:14:00 - [TEST_STEP][PASSED] - result_M4_spin = M4_spin.parseText(response.getResponseBodyContent()): null

2019-08-24 13:14:00 - [TEST_STEP][PASSED] - M4_spin_current_balance = current_balance: null

2019-08-24 13:14:00 - [TEST_STEP][PASSED] - M4_spin_current_balance = M4_spin_current_balance: null

2019-08-24 13:14:00 - [TEST_STEP][PASSED] - M4_spin_transaction_id = causality: null

2019-08-24 13:14:00 - [TEST_STEP][PASSED] - M4_spin_transaction_id = M4_spin_transaction_id: null

2019-08-24 13:14:00 - [TEST_STEP][PASSED] - M4_spin_round_id = round_id: null

2019-08-24 13:14:00 - [TEST_STEP][PASSED] - M4_spin_round_id = M4_spin_round_id: null

2019-08-24 13:14:00 - [TEST_STEP][PASSED] - M4_spin_line_wins = line_wins: null

2019-08-24 13:14:00 - [TEST_STEP][PASSED] - M4_spin_line_wins = M4_spin_line_wins: null

2019-08-24 13:14:00 - [TEST_STEP][PASSED] - M4_total_bonus_spins_int = total_bonus_spins: null

2019-08-24 13:14:00 - [TEST_STEP][PASSED] - println("******M4_total_bonus_spins type is:*******" + newline + getClass().getName()): null

2019-08-24 13:14:00 - [TEST_STEP][PASSED] - M4_total_bonus_spins_int = M4_total_bonus_spins_int: null

2019-08-24 13:14:00 - [TEST_STEP][PASSED] - M4_total_bonus_spins = Integer.toString(M4_total_bonus_spins_int): null

2019-08-24 13:14:00 - [TEST_STEP][PASSED] - M4_total_bonus_spins = M4_total_bonus_spins: null

2019-08-24 13:14:00 - [TEST_STEP][PASSED] - println("M4_total_bonus_spins is:" + M4_total_bonus_spins): null

2019-08-24 13:14:00 - [TEST_STEP][PASSED] - M4_spin_bonus_data = bonus_data: null

2019-08-24 13:14:00 - [TEST_STEP][PASSED] - M4_spin_features_triggered = result_M4_spin: null

2019-08-24 13:14:00 - [TEST_STEP][PASSED] - wild = []: null

2019-08-24 13:14:00 - [TEST_STEP][PASSED] - wild[0] = "WILD_Expanding": null

2019-08-24 13:14:00 - [TEST_STEP][PASSED] - wild[1] = "WILD_Normal": null

2019-08-24 13:14:00 - [TEST_STEP][PASSED] - wild[2] = "WILD_Double": null

2019-08-24 13:14:00 - [TEST_STEP][PASSED] - wild[3] = "WILD_ExtraFG": null

2019-08-24 13:14:00 - [TEST_STEP][PASSED] - wild[4] = "WILD_Triple": null

2019-08-24 13:14:00 - [TEST_STEP][PASSED] - wildList = Arrays.asList(wild): null

2019-08-24 13:14:00 - [TEST_STEP][PASSED] - wildList = wildList: null

2019-08-24 13:14:00 - [TEST_STEP][PASSED] - free_spin_reel_counter = []: null

2019-08-24 13:14:00 - [TEST_STEP][PASSED] - free_spin_reel_counter[0] = 0: null

2019-08-24 13:14:00 - [TEST_STEP][PASSED] - free_spin_reel_counter[1] = 0: null

2019-08-24 13:14:00 - [TEST_STEP][PASSED] - free_spin_reel_counter[2] = 0: null

2019-08-24 13:14:00 - [TEST_STEP][PASSED] - M4_spin_reels = reels: null

2019-08-24 13:14:00 - [TEST_STEP][PASSED] - for ([i = 0, i &lt; M4_spin_reels.size(), (i++)]): null

2019-08-24 13:14:00 - [TEST_STEP][PASSED] - symbols = symbols: null

2019-08-24 13:14:00 - [TEST_STEP][PASSED] - for ([j = 0, j &lt; symbols.size(), (j++)]): null

2019-08-24 13:14:00 - [TEST_STEP][PASSED] - symbol = symbol: null

2019-08-24 13:14:00 - [TEST_STEP][PASSED] - println(symbol): null

2019-08-24 13:14:00 - [TEST_STEP][PASSED] - if (i == 2 &amp;&amp; wildList.indexOf(symbol) != -1): null

2019-08-24 13:14:00 - [TEST_STEP][PASSED] - if (i == 3 &amp;&amp; wildList.indexOf(symbol) != -1): null

2019-08-24 13:14:00 - [TEST_STEP][PASSED] - if (i == 4 &amp;&amp; wildList.indexOf(symbol) != -1): null

2019-08-24 13:14:00 - [TEST_STEP][PASSED] - symbol = symbol: null

2019-08-24 13:14:00 - [TEST_STEP][PASSED] - println(symbol): null

2019-08-24 13:14:00 - [TEST_STEP][PASSED] - if (i == 2 &amp;&amp; wildList.indexOf(symbol) != -1): null

2019-08-24 13:14:00 - [TEST_STEP][PASSED] - if (i == 3 &amp;&amp; wildList.indexOf(symbol) != -1): null

2019-08-24 13:14:00 - [TEST_STEP][PASSED] - if (i == 4 &amp;&amp; wildList.indexOf(symbol) != -1): null

2019-08-24 13:14:00 - [TEST_STEP][PASSED] - symbol = symbol: null

2019-08-24 13:14:00 - [TEST_STEP][PASSED] - println(symbol): null

2019-08-24 13:14:00 - [TEST_STEP][PASSED] - if (i == 2 &amp;&amp; wildList.indexOf(symbol) != -1): null

2019-08-24 13:14:00 - [TEST_STEP][PASSED] - if (i == 3 &amp;&amp; wildList.indexOf(symbol) != -1): null

2019-08-24 13:14:00 - [TEST_STEP][PASSED] - if (i == 4 &amp;&amp; wildList.indexOf(symbol) != -1): null

2019-08-24 13:14:00 - [TEST_STEP][PASSED] - symbols = symbols: null

2019-08-24 13:14:00 - [TEST_STEP][PASSED] - for ([j = 0, j &lt; symbols.size(), (j++)]): null

2019-08-24 13:14:00 - [TEST_STEP][PASSED] - symbol = symbol: null

2019-08-24 13:14:00 - [TEST_STEP][PASSED] - println(symbol): null

2019-08-24 13:14:00 - [TEST_STEP][PASSED] - if (i == 2 &amp;&amp; wildList.indexOf(symbol) != -1): null

2019-08-24 13:14:00 - [TEST_STEP][PASSED] - if (i == 3 &amp;&amp; wildList.indexOf(symbol) != -1): null

2019-08-24 13:14:00 - [TEST_STEP][PASSED] - if (i == 4 &amp;&amp; wildList.indexOf(symbol) != -1): null

2019-08-24 13:14:00 - [TEST_STEP][PASSED] - symbol = symbol: null

2019-08-24 13:14:00 - [TEST_STEP][PASSED] - println(symbol): null

2019-08-24 13:14:00 - [TEST_STEP][PASSED] - if (i == 2 &amp;&amp; wildList.indexOf(symbol) != -1): null

2019-08-24 13:14:00 - [TEST_STEP][PASSED] - if (i == 3 &amp;&amp; wildList.indexOf(symbol) != -1): null

2019-08-24 13:14:00 - [TEST_STEP][PASSED] - if (i == 4 &amp;&amp; wildList.indexOf(symbol) != -1): null

2019-08-24 13:14:00 - [TEST_STEP][PASSED] - symbol = symbol: null

2019-08-24 13:14:00 - [TEST_STEP][PASSED] - println(symbol): null

2019-08-24 13:14:00 - [TEST_STEP][PASSED] - if (i == 2 &amp;&amp; wildList.indexOf(symbol) != -1): null

2019-08-24 13:14:00 - [TEST_STEP][PASSED] - if (i == 3 &amp;&amp; wildList.indexOf(symbol) != -1): null

2019-08-24 13:14:00 - [TEST_STEP][PASSED] - if (i == 4 &amp;&amp; wildList.indexOf(symbol) != -1): null

2019-08-24 13:14:00 - [TEST_STEP][PASSED] - symbols = symbols: null

2019-08-24 13:14:00 - [TEST_STEP][PASSED] - for ([j = 0, j &lt; symbols.size(), (j++)]): null

2019-08-24 13:14:00 - [TEST_STEP][PASSED] - symbol = symbol: null

2019-08-24 13:14:00 - [TEST_STEP][PASSED] - println(symbol): null

2019-08-24 13:14:00 - [TEST_STEP][PASSED] - if (i == 2 &amp;&amp; wildList.indexOf(symbol) != -1): null

2019-08-24 13:14:00 - [TEST_STEP][PASSED] - if (i == 3 &amp;&amp; wildList.indexOf(symbol) != -1): null

2019-08-24 13:14:00 - [TEST_STEP][PASSED] - if (i == 4 &amp;&amp; wildList.indexOf(symbol) != -1): null

2019-08-24 13:14:00 - [TEST_STEP][PASSED] - symbol = symbol: null

2019-08-24 13:14:00 - [TEST_STEP][PASSED] - println(symbol): null

2019-08-24 13:14:00 - [TEST_STEP][PASSED] - if (i == 2 &amp;&amp; wildList.indexOf(symbol) != -1): null

2019-08-24 13:14:00 - [TEST_STEP][PASSED] - if (i == 3 &amp;&amp; wildList.indexOf(symbol) != -1): null

2019-08-24 13:14:00 - [TEST_STEP][PASSED] - if (i == 4 &amp;&amp; wildList.indexOf(symbol) != -1): null

2019-08-24 13:14:00 - [TEST_STEP][PASSED] - symbol = symbol: null

2019-08-24 13:14:00 - [TEST_STEP][PASSED] - println(symbol): null

2019-08-24 13:14:00 - [TEST_STEP][PASSED] - if (i == 2 &amp;&amp; wildList.indexOf(symbol) != -1): null

2019-08-24 13:14:00 - [TEST_STEP][PASSED] - println("wild found on reel 3, adding counter by 1"): null

2019-08-24 13:14:00 - [TEST_STEP][PASSED] - free_spin_reel_counter[0] = free_spin_reel_counter[0] + 1: null

2019-08-24 13:14:00 - [TEST_STEP][PASSED] - if (i == 3 &amp;&amp; wildList.indexOf(symbol) != -1): null

2019-08-24 13:14:00 - [TEST_STEP][PASSED] - if (i == 4 &amp;&amp; wildList.indexOf(symbol) != -1): null

2019-08-24 13:14:00 - [TEST_STEP][PASSED] - symbols = symbols: null

2019-08-24 13:14:00 - [TEST_STEP][PASSED] - for ([j = 0, j &lt; symbols.size(), (j++)]): null

2019-08-24 13:14:00 - [TEST_STEP][PASSED] - symbol = symbol: null

2019-08-24 13:14:00 - [TEST_STEP][PASSED] - println(symbol): null

2019-08-24 13:14:00 - [TEST_STEP][PASSED] - if (i == 2 &amp;&amp; wildList.indexOf(symbol) != -1): null

2019-08-24 13:14:00 - [TEST_STEP][PASSED] - if (i == 3 &amp;&amp; wildList.indexOf(symbol) != -1): null

2019-08-24 13:14:00 - [TEST_STEP][PASSED] - if (i == 4 &amp;&amp; wildList.indexOf(symbol) != -1): null

2019-08-24 13:14:00 - [TEST_STEP][PASSED] - symbol = symbol: null

2019-08-24 13:14:00 - [TEST_STEP][PASSED] - println(symbol): null

2019-08-24 13:14:00 - [TEST_STEP][PASSED] - if (i == 2 &amp;&amp; wildList.indexOf(symbol) != -1): null

2019-08-24 13:14:00 - [TEST_STEP][PASSED] - if (i == 3 &amp;&amp; wildList.indexOf(symbol) != -1): null

2019-08-24 13:14:00 - [TEST_STEP][PASSED] - if (i == 4 &amp;&amp; wildList.indexOf(symbol) != -1): null

2019-08-24 13:14:00 - [TEST_STEP][PASSED] - symbol = symbol: null

2019-08-24 13:14:00 - [TEST_STEP][PASSED] - println(symbol): null

2019-08-24 13:14:00 - [TEST_STEP][PASSED] - if (i == 2 &amp;&amp; wildList.indexOf(symbol) != -1): null

2019-08-24 13:14:00 - [TEST_STEP][PASSED] - if (i == 3 &amp;&amp; wildList.indexOf(symbol) != -1): null

2019-08-24 13:14:00 - [TEST_STEP][PASSED] - if (i == 4 &amp;&amp; wildList.indexOf(symbol) != -1): null

2019-08-24 13:14:00 - [TEST_STEP][PASSED] - symbols = symbols: null

2019-08-24 13:14:00 - [TEST_STEP][PASSED] - for ([j = 0, j &lt; symbols.size(), (j++)]): null

2019-08-24 13:14:00 - [TEST_STEP][PASSED] - symbol = symbol: null

2019-08-24 13:14:00 - [TEST_STEP][PASSED] - println(symbol): null

2019-08-24 13:14:00 - [TEST_STEP][PASSED] - if (i == 2 &amp;&amp; wildList.indexOf(symbol) != -1): null

2019-08-24 13:14:00 - [TEST_STEP][PASSED] - if (i == 3 &amp;&amp; wildList.indexOf(symbol) != -1): null

2019-08-24 13:14:00 - [TEST_STEP][PASSED] - if (i == 4 &amp;&amp; wildList.indexOf(symbol) != -1): null

2019-08-24 13:14:00 - [TEST_STEP][PASSED] - symbol = symbol: null

2019-08-24 13:14:00 - [TEST_STEP][PASSED] - println(symbol): null

2019-08-24 13:14:00 - [TEST_STEP][PASSED] - if (i == 2 &amp;&amp; wildList.indexOf(symbol) != -1): null

2019-08-24 13:14:00 - [TEST_STEP][PASSED] - if (i == 3 &amp;&amp; wildList.indexOf(symbol) != -1): null

2019-08-24 13:14:00 - [TEST_STEP][PASSED] - if (i == 4 &amp;&amp; wildList.indexOf(symbol) != -1): null

2019-08-24 13:14:00 - [TEST_STEP][PASSED] - symbol = symbol: null

2019-08-24 13:14:00 - [TEST_STEP][PASSED] - println(symbol): null

2019-08-24 13:14:00 - [TEST_STEP][PASSED] - if (i == 2 &amp;&amp; wildList.indexOf(symbol) != -1): null

2019-08-24 13:14:00 - [TEST_STEP][PASSED] - if (i == 3 &amp;&amp; wildList.indexOf(symbol) != -1): null

2019-08-24 13:14:00 - [TEST_STEP][PASSED] - if (i == 4 &amp;&amp; wildList.indexOf(symbol) != -1): null

2019-08-24 13:14:00 - [TEST_STEP][PASSED] - free_spin_reel_counter = free_spin_reel_counter: null

2019-08-24 13:14:00 - [TEST_STEP][PASSED] - println("reel 3 wild found: " + free_spin_reel_counter[0]): null

2019-08-24 13:14:00 - [TEST_STEP][PASSED] - println("reel 4 wild found: " + free_spin_reel_counter[1]): null

2019-08-24 13:14:00 - [TEST_STEP][PASSED] - println("reel 5 wild found: " + free_spin_reel_counter[2]): null

2019-08-24 13:14:00 - [TEST_STEP][PASSED] - M4_spin_reels = M4_spin_reels: null

2019-08-24 13:14:00 - [TEST_STEP][PASSED] - M4_spin_reels_symbols = symbol: null

2019-08-24 13:14:00 - [TEST_STEP][PASSED] - M4_spin_reels_symbols = M4_spin_reels_symbols: null

2019-08-24 13:14:00 - [TEST_STEP][PASSED] - M4_spin_reel_wins = reel_wins: null

2019-08-24 13:14:00 - [TEST_STEP][PASSED] - M4_spin_reel_wins = M4_spin_reel_wins: null

2019-08-24 13:14:00 - [TEST_STEP][PASSED] - println("GlobalVariable.M4_spin_reel_wins is: " + M4_spin_reel_wins): null

2019-08-24 13:14:00 - [TEST_STEP][PASSED] - M4_spin_total_bonus_win_this_round = total_bonus_win_this_round: null

2019-08-24 13:14:00 - [TEST_STEP][PASSED] - M4_spin_total_bonus_win_this_round = M4_spin_total_bonus_win_this_round: null

2019-08-24 13:14:00 - [TEST_STEP][PASSED] - println("GlobalVariable.M4_spin_total_bonus_win_this_round is: " + M4_spin_total_bonus_win_this_round): null

2019-08-24 13:14:00 - [TEST_STEP][PASSED] - M4_spin_bonus_spin_result = spin_result: null

2019-08-24 13:14:00 - [TEST_STEP][PASSED] - M4_spin_bonus_spin_result = M4_spin_bonus_spin_result: null

2019-08-24 13:14:00 - [MESSAGE][PASSED] - Verify response successfully

2019-08-24 13:14:00 - [MESSAGE][PASSED] - Send request and verify the response successfully

2019-08-24 13:14:04 - [TEST_STEP][PASSED] - if (M4_total_bonus_spins_int != 0 &amp;&amp; M4_spin_reels_symbols[2].contains("WILD_Expanding")): null

2019-08-24 13:14:04 - [TEST_STEP][PASSED] - free_spin_reel_counter = free_spin_reel_counter: null

2019-08-24 13:14:04 - [TEST_STEP][PASSED] - M4_spin_reels_symbols = M4_spin_reels_symbols: null

2019-08-24 13:14:04 - [TEST_STEP][PASSED] - M4_total_bonus_spins = M4_total_bonus_spins: null

2019-08-24 13:14:04 - [TEST_STEP][PASSED] - spin_result = sendRequestAndVerify(findTestObject("INT/RGS(M4)/1_M4_spin", ["M4_login_user_id":M4_login_user_id, "rgs_session_token":rgs_session_token, "partner":Partner])): Send request and verify the response successfully

2019-08-24 13:14:05 - [MESSAGE][INFO] - HAR: /Users/eiralee/Katalon_Script/SuperWild/Reports/20190824_125957/INT/superWild_5/20190824_125957/requests/main/248.har

2019-08-24 13:14:05 - [TEST_CASE][PASSED] - Start Test Case : Verification: Verification accomplished successfully

2019-08-24 13:14:05 - [TEST_STEP][PASSED] - request = getInstance().getCurrentRequest(): null

2019-08-24 13:14:05 - [TEST_STEP][PASSED] - response = getInstance().getCurrentResponse(): null

2019-08-24 13:14:05 - [TEST_STEP][PASSED] - verifyResponseStatusCode(response, 200): Verify response status code successfully

2019-08-24 13:14:05 - [MESSAGE][PASSED] - Verify response status code successfully

2019-08-24 13:14:05 - [TEST_STEP][PASSED] - getStatusCode()).isEqualTo(200): null

2019-08-24 13:14:09 - [TEST_STEP][PASSED] - newline = System.getProperty("line.separator"): null

2019-08-24 13:14:09 - [TEST_STEP][PASSED] - M4_spin = new groovy.json.JsonSlurper(): null

2019-08-24 13:14:09 - [TEST_STEP][PASSED] - result_M4_spin = M4_spin.parseText(response.getResponseBodyContent()): null

2019-08-24 13:14:09 - [TEST_STEP][PASSED] - M4_spin_current_balance = current_balance: null

2019-08-24 13:14:09 - [TEST_STEP][PASSED] - M4_spin_current_balance = M4_spin_current_balance: null

2019-08-24 13:14:14 - [TEST_STEP][PASSED] - M4_spin_transaction_id = causality: null

2019-08-24 13:14:14 - [TEST_STEP][PASSED] - M4_spin_transaction_id = M4_spin_transaction_id: null

2019-08-24 13:14:14 - [TEST_STEP][PASSED] - M4_spin_round_id = round_id: null

2019-08-24 13:14:14 - [TEST_STEP][PASSED] - M4_spin_round_id = M4_spin_round_id: null

2019-08-24 13:14:14 - [TEST_STEP][PASSED] - M4_spin_line_wins = line_wins: null

2019-08-24 13:14:14 - [TEST_STEP][PASSED] - M4_spin_line_wins = M4_spin_line_wins: null

2019-08-24 13:14:14 - [TEST_STEP][PASSED] - M4_total_bonus_spins_int = total_bonus_spins: null

2019-08-24 13:14:14 - [TEST_STEP][PASSED] - println("******M4_total_bonus_spins type is:*******" + newline + getClass().getName()): null

2019-08-24 13:14:14 - [TEST_STEP][PASSED] - M4_total_bonus_spins_int = M4_total_bonus_spins_int: null

2019-08-24 13:14:14 - [TEST_STEP][PASSED] - M4_total_bonus_spins = Integer.toString(M4_total_bonus_spins_int): null

2019-08-24 13:14:14 - [TEST_STEP][PASSED] - M4_total_bonus_spins = M4_total_bonus_spins: null

2019-08-24 13:14:14 - [TEST_STEP][PASSED] - println("M4_total_bonus_spins is:" + M4_total_bonus_spins): null

2019-08-24 13:14:14 - [TEST_STEP][PASSED] - M4_spin_bonus_data = bonus_data: null

2019-08-24 13:14:14 - [TEST_STEP][PASSED] - M4_spin_features_triggered = result_M4_spin: null

2019-08-24 13:14:14 - [TEST_STEP][PASSED] - wild = []: null

2019-08-24 13:14:14 - [TEST_STEP][PASSED] - wild[0] = "WILD_Expanding": null

2019-08-24 13:14:14 - [TEST_STEP][PASSED] - wild[1] = "WILD_Normal": null

2019-08-24 13:14:14 - [TEST_STEP][PASSED] - wild[2] = "WILD_Double": null

2019-08-24 13:14:14 - [TEST_STEP][PASSED] - wild[3] = "WILD_ExtraFG": null

2019-08-24 13:14:14 - [TEST_STEP][PASSED] - wild[4] = "WILD_Triple": null

2019-08-24 13:14:14 - [TEST_STEP][PASSED] - wildList = Arrays.asList(wild): null

2019-08-24 13:14:14 - [TEST_STEP][PASSED] - wildList = wildList: null

2019-08-24 13:14:14 - [TEST_STEP][PASSED] - free_spin_reel_counter = []: null

2019-08-24 13:14:14 - [TEST_STEP][PASSED] - free_spin_reel_counter[0] = 0: null

2019-08-24 13:14:14 - [TEST_STEP][PASSED] - free_spin_reel_counter[1] = 0: null

2019-08-24 13:14:14 - [TEST_STEP][PASSED] - free_spin_reel_counter[2] = 0: null

2019-08-24 13:14:14 - [TEST_STEP][PASSED] - M4_spin_reels = reels: null

2019-08-24 13:14:14 - [TEST_STEP][PASSED] - for ([i = 0, i &lt; M4_spin_reels.size(), (i++)]): null

2019-08-24 13:14:14 - [TEST_STEP][PASSED] - symbols = symbols: null

2019-08-24 13:14:14 - [TEST_STEP][PASSED] - for ([j = 0, j &lt; symbols.size(), (j++)]): null

2019-08-24 13:14:14 - [TEST_STEP][PASSED] - symbol = symbol: null

2019-08-24 13:14:14 - [TEST_STEP][PASSED] - println(symbol): null

2019-08-24 13:14:14 - [TEST_STEP][PASSED] - if (i == 2 &amp;&amp; wildList.indexOf(symbol) != -1): null

2019-08-24 13:14:14 - [TEST_STEP][PASSED] - if (i == 3 &amp;&amp; wildList.indexOf(symbol) != -1): null

2019-08-24 13:14:14 - [TEST_STEP][PASSED] - if (i == 4 &amp;&amp; wildList.indexOf(symbol) != -1): null

2019-08-24 13:14:14 - [TEST_STEP][PASSED] - symbol = symbol: null

2019-08-24 13:14:14 - [TEST_STEP][PASSED] - println(symbol): null

2019-08-24 13:14:14 - [TEST_STEP][PASSED] - if (i == 2 &amp;&amp; wildList.indexOf(symbol) != -1): null

2019-08-24 13:14:14 - [TEST_STEP][PASSED] - if (i == 3 &amp;&amp; wildList.indexOf(symbol) != -1): null

2019-08-24 13:14:14 - [TEST_STEP][PASSED] - if (i == 4 &amp;&amp; wildList.indexOf(symbol) != -1): null

2019-08-24 13:14:14 - [TEST_STEP][PASSED] - symbol = symbol: null

2019-08-24 13:14:14 - [TEST_STEP][PASSED] - println(symbol): null

2019-08-24 13:14:14 - [TEST_STEP][PASSED] - if (i == 2 &amp;&amp; wildList.indexOf(symbol) != -1): null

2019-08-24 13:14:14 - [TEST_STEP][PASSED] - if (i == 3 &amp;&amp; wildList.indexOf(symbol) != -1): null

2019-08-24 13:14:14 - [TEST_STEP][PASSED] - if (i == 4 &amp;&amp; wildList.indexOf(symbol) != -1): null

2019-08-24 13:14:14 - [TEST_STEP][PASSED] - symbols = symbols: null

2019-08-24 13:14:14 - [TEST_STEP][PASSED] - for ([j = 0, j &lt; symbols.size(), (j++)]): null

2019-08-24 13:14:14 - [TEST_STEP][PASSED] - symbol = symbol: null

2019-08-24 13:14:14 - [TEST_STEP][PASSED] - println(symbol): null

2019-08-24 13:14:14 - [TEST_STEP][PASSED] - if (i == 2 &amp;&amp; wildList.indexOf(symbol) != -1): null

2019-08-24 13:14:14 - [TEST_STEP][PASSED] - if (i == 3 &amp;&amp; wildList.indexOf(symbol) != -1): null

2019-08-24 13:14:14 - [TEST_STEP][PASSED] - if (i == 4 &amp;&amp; wildList.indexOf(symbol) != -1): null

2019-08-24 13:14:14 - [TEST_STEP][PASSED] - symbol = symbol: null

2019-08-24 13:14:14 - [TEST_STEP][PASSED] - println(symbol): null

2019-08-24 13:14:14 - [TEST_STEP][PASSED] - if (i == 2 &amp;&amp; wildList.indexOf(symbol) != -1): null

2019-08-24 13:14:14 - [TEST_STEP][PASSED] - if (i == 3 &amp;&amp; wildList.indexOf(symbol) != -1): null

2019-08-24 13:14:14 - [TEST_STEP][PASSED] - if (i == 4 &amp;&amp; wildList.indexOf(symbol) != -1): null

2019-08-24 13:14:14 - [TEST_STEP][PASSED] - symbol = symbol: null

2019-08-24 13:14:14 - [TEST_STEP][PASSED] - println(symbol): null

2019-08-24 13:14:14 - [TEST_STEP][PASSED] - if (i == 2 &amp;&amp; wildList.indexOf(symbol) != -1): null

2019-08-24 13:14:14 - [TEST_STEP][PASSED] - if (i == 3 &amp;&amp; wildList.indexOf(symbol) != -1): null

2019-08-24 13:14:14 - [TEST_STEP][PASSED] - if (i == 4 &amp;&amp; wildList.indexOf(symbol) != -1): null

2019-08-24 13:14:14 - [TEST_STEP][PASSED] - symbols = symbols: null

2019-08-24 13:14:14 - [TEST_STEP][PASSED] - for ([j = 0, j &lt; symbols.size(), (j++)]): null

2019-08-24 13:14:14 - [TEST_STEP][PASSED] - symbol = symbol: null

2019-08-24 13:14:14 - [TEST_STEP][PASSED] - println(symbol): null

2019-08-24 13:14:14 - [TEST_STEP][PASSED] - if (i == 2 &amp;&amp; wildList.indexOf(symbol) != -1): null

2019-08-24 13:14:14 - [TEST_STEP][PASSED] - if (i == 3 &amp;&amp; wildList.indexOf(symbol) != -1): null

2019-08-24 13:14:14 - [TEST_STEP][PASSED] - if (i == 4 &amp;&amp; wildList.indexOf(symbol) != -1): null

2019-08-24 13:14:14 - [TEST_STEP][PASSED] - symbol = symbol: null

2019-08-24 13:14:14 - [TEST_STEP][PASSED] - println(symbol): null

2019-08-24 13:14:14 - [TEST_STEP][PASSED] - if (i == 2 &amp;&amp; wildList.indexOf(symbol) != -1): null

2019-08-24 13:14:14 - [TEST_STEP][PASSED] - if (i == 3 &amp;&amp; wildList.indexOf(symbol) != -1): null

2019-08-24 13:14:14 - [TEST_STEP][PASSED] - if (i == 4 &amp;&amp; wildList.indexOf(symbol) != -1): null

2019-08-24 13:14:14 - [TEST_STEP][PASSED] - symbol = symbol: null

2019-08-24 13:14:14 - [TEST_STEP][PASSED] - println(symbol): null

2019-08-24 13:14:14 - [TEST_STEP][PASSED] - if (i == 2 &amp;&amp; wildList.indexOf(symbol) != -1): null

2019-08-24 13:14:14 - [TEST_STEP][PASSED] - println("wild found on reel 3, adding counter by 1"): null

2019-08-24 13:14:14 - [TEST_STEP][PASSED] - free_spin_reel_counter[0] = free_spin_reel_counter[0] + 1: null

2019-08-24 13:14:14 - [TEST_STEP][PASSED] - if (i == 3 &amp;&amp; wildList.indexOf(symbol) != -1): null

2019-08-24 13:14:14 - [TEST_STEP][PASSED] - if (i == 4 &amp;&amp; wildList.indexOf(symbol) != -1): null

2019-08-24 13:14:14 - [TEST_STEP][PASSED] - symbols = symbols: null

2019-08-24 13:14:14 - [TEST_STEP][PASSED] - for ([j = 0, j &lt; symbols.size(), (j++)]): null

2019-08-24 13:14:14 - [TEST_STEP][PASSED] - symbol = symbol: null

2019-08-24 13:14:14 - [TEST_STEP][PASSED] - println(symbol): null

2019-08-24 13:14:14 - [TEST_STEP][PASSED] - if (i == 2 &amp;&amp; wildList.indexOf(symbol) != -1): null

2019-08-24 13:14:14 - [TEST_STEP][PASSED] - if (i == 3 &amp;&amp; wildList.indexOf(symbol) != -1): null

2019-08-24 13:14:14 - [TEST_STEP][PASSED] - if (i == 4 &amp;&amp; wildList.indexOf(symbol) != -1): null

2019-08-24 13:14:14 - [TEST_STEP][PASSED] - symbol = symbol: null

2019-08-24 13:14:14 - [TEST_STEP][PASSED] - println(symbol): null

2019-08-24 13:14:14 - [TEST_STEP][PASSED] - if (i == 2 &amp;&amp; wildList.indexOf(symbol) != -1): null

2019-08-24 13:14:14 - [TEST_STEP][PASSED] - if (i == 3 &amp;&amp; wildList.indexOf(symbol) != -1): null

2019-08-24 13:14:14 - [TEST_STEP][PASSED] - if (i == 4 &amp;&amp; wildList.indexOf(symbol) != -1): null

2019-08-24 13:14:14 - [TEST_STEP][PASSED] - symbol = symbol: null

2019-08-24 13:14:14 - [TEST_STEP][PASSED] - println(symbol): null

2019-08-24 13:14:14 - [TEST_STEP][PASSED] - if (i == 2 &amp;&amp; wildList.indexOf(symbol) != -1): null

2019-08-24 13:14:14 - [TEST_STEP][PASSED] - if (i == 3 &amp;&amp; wildList.indexOf(symbol) != -1): null

2019-08-24 13:14:14 - [TEST_STEP][PASSED] - if (i == 4 &amp;&amp; wildList.indexOf(symbol) != -1): null

2019-08-24 13:14:14 - [TEST_STEP][PASSED] - symbols = symbols: null

2019-08-24 13:14:14 - [TEST_STEP][PASSED] - for ([j = 0, j &lt; symbols.size(), (j++)]): null

2019-08-24 13:14:14 - [TEST_STEP][PASSED] - symbol = symbol: null

2019-08-24 13:14:14 - [TEST_STEP][PASSED] - println(symbol): null

2019-08-24 13:14:14 - [TEST_STEP][PASSED] - if (i == 2 &amp;&amp; wildList.indexOf(symbol) != -1): null

2019-08-24 13:14:14 - [TEST_STEP][PASSED] - if (i == 3 &amp;&amp; wildList.indexOf(symbol) != -1): null

2019-08-24 13:14:14 - [TEST_STEP][PASSED] - if (i == 4 &amp;&amp; wildList.indexOf(symbol) != -1): null

2019-08-24 13:14:14 - [TEST_STEP][PASSED] - symbol = symbol: null

2019-08-24 13:14:14 - [TEST_STEP][PASSED] - println(symbol): null

2019-08-24 13:14:14 - [TEST_STEP][PASSED] - if (i == 2 &amp;&amp; wildList.indexOf(symbol) != -1): null

2019-08-24 13:14:14 - [TEST_STEP][PASSED] - if (i == 3 &amp;&amp; wildList.indexOf(symbol) != -1): null

2019-08-24 13:14:14 - [TEST_STEP][PASSED] - if (i == 4 &amp;&amp; wildList.indexOf(symbol) != -1): null

2019-08-24 13:14:14 - [TEST_STEP][PASSED] - symbol = symbol: null

2019-08-24 13:14:14 - [TEST_STEP][PASSED] - println(symbol): null

2019-08-24 13:14:14 - [TEST_STEP][PASSED] - if (i == 2 &amp;&amp; wildList.indexOf(symbol) != -1): null

2019-08-24 13:14:14 - [TEST_STEP][PASSED] - if (i == 3 &amp;&amp; wildList.indexOf(symbol) != -1): null

2019-08-24 13:14:14 - [TEST_STEP][PASSED] - if (i == 4 &amp;&amp; wildList.indexOf(symbol) != -1): null

2019-08-24 13:14:14 - [TEST_STEP][PASSED] - println("wild found on reel 5, adding counter by 1"): null

2019-08-24 13:14:14 - [TEST_STEP][PASSED] - free_spin_reel_counter[2] = free_spin_reel_counter[2] + 1: null

2019-08-24 13:14:14 - [TEST_STEP][PASSED] - free_spin_reel_counter = free_spin_reel_counter: null

2019-08-24 13:14:14 - [TEST_STEP][PASSED] - println("reel 3 wild found: " + free_spin_reel_counter[0]): null

2019-08-24 13:14:14 - [TEST_STEP][PASSED] - println("reel 4 wild found: " + free_spin_reel_counter[1]): null

2019-08-24 13:14:14 - [TEST_STEP][PASSED] - println("reel 5 wild found: " + free_spin_reel_counter[2]): null

2019-08-24 13:14:14 - [TEST_STEP][PASSED] - M4_spin_reels = M4_spin_reels: null

2019-08-24 13:14:14 - [TEST_STEP][PASSED] - M4_spin_reels_symbols = symbol: null

2019-08-24 13:14:14 - [TEST_STEP][PASSED] - M4_spin_reels_symbols = M4_spin_reels_symbols: null

2019-08-24 13:14:14 - [TEST_STEP][PASSED] - M4_spin_reel_wins = reel_wins: null

2019-08-24 13:14:14 - [TEST_STEP][PASSED] - M4_spin_reel_wins = M4_spin_reel_wins: null

2019-08-24 13:14:14 - [TEST_STEP][PASSED] - println("GlobalVariable.M4_spin_reel_wins is: " + M4_spin_reel_wins): null

2019-08-24 13:14:14 - [TEST_STEP][PASSED] - M4_spin_total_bonus_win_this_round = total_bonus_win_this_round: null

2019-08-24 13:14:14 - [TEST_STEP][PASSED] - M4_spin_total_bonus_win_this_round = M4_spin_total_bonus_win_this_round: null

2019-08-24 13:14:14 - [TEST_STEP][PASSED] - println("GlobalVariable.M4_spin_total_bonus_win_this_round is: " + M4_spin_total_bonus_win_this_round): null

2019-08-24 13:14:14 - [TEST_STEP][PASSED] - M4_spin_bonus_spin_result = spin_result: null

2019-08-24 13:14:14 - [TEST_STEP][PASSED] - M4_spin_bonus_spin_result = M4_spin_bonus_spin_result: null

2019-08-24 13:14:14 - [MESSAGE][PASSED] - Verify response successfully

2019-08-24 13:14:14 - [MESSAGE][PASSED] - Send request and verify the response successfully

2019-08-24 13:14:14 - [TEST_STEP][PASSED] - if (M4_total_bonus_spins_int != 0 &amp;&amp; M4_spin_reels_symbols[2].contains("WILD_Expanding")): null

2019-08-24 13:14:14 - [TEST_STEP][PASSED] - free_spin_reel_counter = free_spin_reel_counter: null

2019-08-24 13:14:14 - [TEST_STEP][PASSED] - M4_spin_reels_symbols = M4_spin_reels_symbols: null

2019-08-24 13:14:14 - [TEST_STEP][PASSED] - M4_total_bonus_spins = M4_total_bonus_spins: null

2019-08-24 13:14:14 - [TEST_STEP][PASSED] - spin_result = sendRequestAndVerify(findTestObject("INT/RGS(M4)/1_M4_spin", ["M4_login_user_id":M4_login_user_id, "rgs_session_token":rgs_session_token, "partner":Partner])): Send request and verify the response successfully

2019-08-24 13:14:15 - [MESSAGE][INFO] - HAR: /Users/eiralee/Katalon_Script/SuperWild/Reports/20190824_125957/INT/superWild_5/20190824_125957/requests/main/249.har

2019-08-24 13:14:15 - [TEST_CASE][PASSED] - Start Test Case : Verification: Verification accomplished successfully

2019-08-24 13:14:15 - [TEST_STEP][PASSED] - request = getInstance().getCurrentRequest(): null

2019-08-24 13:14:15 - [TEST_STEP][PASSED] - response = getInstance().getCurrentResponse(): null

2019-08-24 13:14:15 - [TEST_STEP][PASSED] - verifyResponseStatusCode(response, 200): Verify response status code successfully

2019-08-24 13:14:15 - [MESSAGE][PASSED] - Verify response status code successfully

2019-08-24 13:14:15 - [TEST_STEP][PASSED] - getStatusCode()).isEqualTo(200): null

2019-08-24 13:14:15 - [TEST_STEP][PASSED] - newline = System.getProperty("line.separator"): null

2019-08-24 13:14:15 - [TEST_STEP][PASSED] - M4_spin = new groovy.json.JsonSlurper(): null

2019-08-24 13:14:15 - [TEST_STEP][PASSED] - result_M4_spin = M4_spin.parseText(response.getResponseBodyContent()): null

2019-08-24 13:14:15 - [TEST_STEP][PASSED] - M4_spin_current_balance = current_balance: null

2019-08-24 13:14:15 - [TEST_STEP][PASSED] - M4_spin_current_balance = M4_spin_current_balance: null

2019-08-24 13:14:15 - [TEST_STEP][PASSED] - M4_spin_transaction_id = causality: null

2019-08-24 13:14:15 - [TEST_STEP][PASSED] - M4_spin_transaction_id = M4_spin_transaction_id: null

2019-08-24 13:14:15 - [TEST_STEP][PASSED] - M4_spin_round_id = round_id: null

2019-08-24 13:14:15 - [TEST_STEP][PASSED] - M4_spin_round_id = M4_spin_round_id: null

2019-08-24 13:14:15 - [TEST_STEP][PASSED] - M4_spin_line_wins = line_wins: null

2019-08-24 13:14:15 - [TEST_STEP][PASSED] - M4_spin_line_wins = M4_spin_line_wins: null

2019-08-24 13:14:15 - [TEST_STEP][PASSED] - M4_total_bonus_spins_int = total_bonus_spins: null

2019-08-24 13:14:15 - [TEST_STEP][PASSED] - println("******M4_total_bonus_spins type is:*******" + newline + getClass().getName()): null

2019-08-24 13:14:15 - [TEST_STEP][PASSED] - M4_total_bonus_spins_int = M4_total_bonus_spins_int: null

2019-08-24 13:14:15 - [TEST_STEP][PASSED] - M4_total_bonus_spins = Integer.toString(M4_total_bonus_spins_int): null

2019-08-24 13:14:15 - [TEST_STEP][PASSED] - M4_total_bonus_spins = M4_total_bonus_spins: null

2019-08-24 13:14:15 - [TEST_STEP][PASSED] - println("M4_total_bonus_spins is:" + M4_total_bonus_spins): null

2019-08-24 13:14:15 - [TEST_STEP][PASSED] - M4_spin_bonus_data = bonus_data: null

2019-08-24 13:14:15 - [TEST_STEP][PASSED] - M4_spin_features_triggered = result_M4_spin: null

2019-08-24 13:14:15 - [TEST_STEP][PASSED] - wild = []: null

2019-08-24 13:14:15 - [TEST_STEP][PASSED] - wild[0] = "WILD_Expanding": null

2019-08-24 13:14:15 - [TEST_STEP][PASSED] - wild[1] = "WILD_Normal": null

2019-08-24 13:14:15 - [TEST_STEP][PASSED] - wild[2] = "WILD_Double": null

2019-08-24 13:14:15 - [TEST_STEP][PASSED] - wild[3] = "WILD_ExtraFG": null

2019-08-24 13:14:15 - [TEST_STEP][PASSED] - wild[4] = "WILD_Triple": null

2019-08-24 13:14:15 - [TEST_STEP][PASSED] - wildList = Arrays.asList(wild): null

2019-08-24 13:14:15 - [TEST_STEP][PASSED] - wildList = wildList: null

2019-08-24 13:14:15 - [TEST_STEP][PASSED] - free_spin_reel_counter = []: null

2019-08-24 13:14:15 - [TEST_STEP][PASSED] - free_spin_reel_counter[0] = 0: null

2019-08-24 13:14:15 - [TEST_STEP][PASSED] - free_spin_reel_counter[1] = 0: null

2019-08-24 13:14:15 - [TEST_STEP][PASSED] - free_spin_reel_counter[2] = 0: null

2019-08-24 13:14:15 - [TEST_STEP][PASSED] - M4_spin_reels = reels: null

2019-08-24 13:14:15 - [TEST_STEP][PASSED] - for ([i = 0, i &lt; M4_spin_reels.size(), (i++)]): null

2019-08-24 13:14:15 - [TEST_STEP][PASSED] - symbols = symbols: null

2019-08-24 13:14:15 - [TEST_STEP][PASSED] - for ([j = 0, j &lt; symbols.size(), (j++)]): null

2019-08-24 13:14:15 - [TEST_STEP][PASSED] - symbol = symbol: null

2019-08-24 13:14:15 - [TEST_STEP][PASSED] - println(symbol): null

2019-08-24 13:14:15 - [TEST_STEP][PASSED] - if (i == 2 &amp;&amp; wildList.indexOf(symbol) != -1): null

2019-08-24 13:14:15 - [TEST_STEP][PASSED] - if (i == 3 &amp;&amp; wildList.indexOf(symbol) != -1): null

2019-08-24 13:14:15 - [TEST_STEP][PASSED] - if (i == 4 &amp;&amp; wildList.indexOf(symbol) != -1): null

2019-08-24 13:14:15 - [TEST_STEP][PASSED] - symbol = symbol: null

2019-08-24 13:14:15 - [TEST_STEP][PASSED] - println(symbol): null

2019-08-24 13:14:15 - [TEST_STEP][PASSED] - if (i == 2 &amp;&amp; wildList.indexOf(symbol) != -1): null

2019-08-24 13:14:15 - [TEST_STEP][PASSED] - if (i == 3 &amp;&amp; wildList.indexOf(symbol) != -1): null

2019-08-24 13:14:15 - [TEST_STEP][PASSED] - if (i == 4 &amp;&amp; wildList.indexOf(symbol) != -1): null

2019-08-24 13:14:15 - [TEST_STEP][PASSED] - symbol = symbol: null

2019-08-24 13:14:15 - [TEST_STEP][PASSED] - println(symbol): null

2019-08-24 13:14:15 - [TEST_STEP][PASSED] - if (i == 2 &amp;&amp; wildList.indexOf(symbol) != -1): null

2019-08-24 13:14:15 - [TEST_STEP][PASSED] - if (i == 3 &amp;&amp; wildList.indexOf(symbol) != -1): null

2019-08-24 13:14:15 - [TEST_STEP][PASSED] - if (i == 4 &amp;&amp; wildList.indexOf(symbol) != -1): null

2019-08-24 13:14:15 - [TEST_STEP][PASSED] - symbols = symbols: null

2019-08-24 13:14:15 - [TEST_STEP][PASSED] - for ([j = 0, j &lt; symbols.size(), (j++)]): null

2019-08-24 13:14:15 - [TEST_STEP][PASSED] - symbol = symbol: null

2019-08-24 13:14:15 - [TEST_STEP][PASSED] - println(symbol): null

2019-08-24 13:14:15 - [TEST_STEP][PASSED] - if (i == 2 &amp;&amp; wildList.indexOf(symbol) != -1): null

2019-08-24 13:14:15 - [TEST_STEP][PASSED] - if (i == 3 &amp;&amp; wildList.indexOf(symbol) != -1): null

2019-08-24 13:14:15 - [TEST_STEP][PASSED] - if (i == 4 &amp;&amp; wildList.indexOf(symbol) != -1): null

2019-08-24 13:14:15 - [TEST_STEP][PASSED] - symbol = symbol: null

2019-08-24 13:14:15 - [TEST_STEP][PASSED] - println(symbol): null

2019-08-24 13:14:15 - [TEST_STEP][PASSED] - if (i == 2 &amp;&amp; wildList.indexOf(symbol) != -1): null

2019-08-24 13:14:15 - [TEST_STEP][PASSED] - if (i == 3 &amp;&amp; wildList.indexOf(symbol) != -1): null

2019-08-24 13:14:15 - [TEST_STEP][PASSED] - if (i == 4 &amp;&amp; wildList.indexOf(symbol) != -1): null

2019-08-24 13:14:15 - [TEST_STEP][PASSED] - symbol = symbol: null

2019-08-24 13:14:15 - [TEST_STEP][PASSED] - println(symbol): null

2019-08-24 13:14:15 - [TEST_STEP][PASSED] - if (i == 2 &amp;&amp; wildList.indexOf(symbol) != -1): null

2019-08-24 13:14:15 - [TEST_STEP][PASSED] - if (i == 3 &amp;&amp; wildList.indexOf(symbol) != -1): null

2019-08-24 13:14:15 - [TEST_STEP][PASSED] - if (i == 4 &amp;&amp; wildList.indexOf(symbol) != -1): null

2019-08-24 13:14:15 - [TEST_STEP][PASSED] - symbols = symbols: null

2019-08-24 13:14:15 - [TEST_STEP][PASSED] - for ([j = 0, j &lt; symbols.size(), (j++)]): null

2019-08-24 13:14:15 - [TEST_STEP][PASSED] - symbol = symbol: null

2019-08-24 13:14:15 - [TEST_STEP][PASSED] - println(symbol): null

2019-08-24 13:14:15 - [TEST_STEP][PASSED] - if (i == 2 &amp;&amp; wildList.indexOf(symbol) != -1): null

2019-08-24 13:14:15 - [TEST_STEP][PASSED] - println("wild found on reel 3, adding counter by 1"): null

2019-08-24 13:14:15 - [TEST_STEP][PASSED] - free_spin_reel_counter[0] = free_spin_reel_counter[0] + 1: null

2019-08-24 13:14:15 - [TEST_STEP][PASSED] - if (i == 3 &amp;&amp; wildList.indexOf(symbol) != -1): null

2019-08-24 13:14:15 - [TEST_STEP][PASSED] - if (i == 4 &amp;&amp; wildList.indexOf(symbol) != -1): null

2019-08-24 13:14:15 - [TEST_STEP][PASSED] - symbol = symbol: null

2019-08-24 13:14:15 - [TEST_STEP][PASSED] - println(symbol): null

2019-08-24 13:14:15 - [TEST_STEP][PASSED] - if (i == 2 &amp;&amp; wildList.indexOf(symbol) != -1): null

2019-08-24 13:14:15 - [TEST_STEP][PASSED] - if (i == 3 &amp;&amp; wildList.indexOf(symbol) != -1): null

2019-08-24 13:14:15 - [TEST_STEP][PASSED] - if (i == 4 &amp;&amp; wildList.indexOf(symbol) != -1): null

2019-08-24 13:14:15 - [TEST_STEP][PASSED] - symbol = symbol: null

2019-08-24 13:14:15 - [TEST_STEP][PASSED] - println(symbol): null

2019-08-24 13:14:15 - [TEST_STEP][PASSED] - if (i == 2 &amp;&amp; wildList.indexOf(symbol) != -1): null

2019-08-24 13:14:15 - [TEST_STEP][PASSED] - if (i == 3 &amp;&amp; wildList.indexOf(symbol) != -1): null

2019-08-24 13:14:15 - [TEST_STEP][PASSED] - if (i == 4 &amp;&amp; wildList.indexOf(symbol) != -1): null

2019-08-24 13:14:15 - [TEST_STEP][PASSED] - symbols = symbols: null

2019-08-24 13:14:15 - [TEST_STEP][PASSED] - for ([j = 0, j &lt; symbols.size(), (j++)]): null

2019-08-24 13:14:15 - [TEST_STEP][PASSED] - symbol = symbol: null

2019-08-24 13:14:15 - [TEST_STEP][PASSED] - println(symbol): null

2019-08-24 13:14:15 - [TEST_STEP][PASSED] - if (i == 2 &amp;&amp; wildList.indexOf(symbol) != -1): null

2019-08-24 13:14:15 - [TEST_STEP][PASSED] - if (i == 3 &amp;&amp; wildList.indexOf(symbol) != -1): null

2019-08-24 13:14:15 - [TEST_STEP][PASSED] - if (i == 4 &amp;&amp; wildList.indexOf(symbol) != -1): null

2019-08-24 13:14:15 - [TEST_STEP][PASSED] - symbol = symbol: null

2019-08-24 13:14:15 - [TEST_STEP][PASSED] - println(symbol): null

2019-08-24 13:14:15 - [TEST_STEP][PASSED] - if (i == 2 &amp;&amp; wildList.indexOf(symbol) != -1): null

2019-08-24 13:14:15 - [TEST_STEP][PASSED] - if (i == 3 &amp;&amp; wildList.indexOf(symbol) != -1): null

2019-08-24 13:14:15 - [TEST_STEP][PASSED] - if (i == 4 &amp;&amp; wildList.indexOf(symbol) != -1): null

2019-08-24 13:14:15 - [TEST_STEP][PASSED] - symbol = symbol: null

2019-08-24 13:14:15 - [TEST_STEP][PASSED] - println(symbol): null

2019-08-24 13:14:15 - [TEST_STEP][PASSED] - if (i == 2 &amp;&amp; wildList.indexOf(symbol) != -1): null

2019-08-24 13:14:15 - [TEST_STEP][PASSED] - if (i == 3 &amp;&amp; wildList.indexOf(symbol) != -1): null

2019-08-24 13:14:15 - [TEST_STEP][PASSED] - if (i == 4 &amp;&amp; wildList.indexOf(symbol) != -1): null

2019-08-24 13:14:15 - [TEST_STEP][PASSED] - symbols = symbols: null

2019-08-24 13:14:15 - [TEST_STEP][PASSED] - for ([j = 0, j &lt; symbols.size(), (j++)]): null

2019-08-24 13:14:15 - [TEST_STEP][PASSED] - symbol = symbol: null

2019-08-24 13:14:15 - [TEST_STEP][PASSED] - println(symbol): null

2019-08-24 13:14:15 - [TEST_STEP][PASSED] - if (i == 2 &amp;&amp; wildList.indexOf(symbol) != -1): null

2019-08-24 13:14:15 - [TEST_STEP][PASSED] - if (i == 3 &amp;&amp; wildList.indexOf(symbol) != -1): null

2019-08-24 13:14:15 - [TEST_STEP][PASSED] - if (i == 4 &amp;&amp; wildList.indexOf(symbol) != -1): null

2019-08-24 13:14:15 - [TEST_STEP][PASSED] - symbol = symbol: null

2019-08-24 13:14:15 - [TEST_STEP][PASSED] - println(symbol): null

2019-08-24 13:14:15 - [TEST_STEP][PASSED] - if (i == 2 &amp;&amp; wildList.indexOf(symbol) != -1): null

2019-08-24 13:14:15 - [TEST_STEP][PASSED] - if (i == 3 &amp;&amp; wildList.indexOf(symbol) != -1): null

2019-08-24 13:14:15 - [TEST_STEP][PASSED] - if (i == 4 &amp;&amp; wildList.indexOf(symbol) != -1): null

2019-08-24 13:14:15 - [TEST_STEP][PASSED] - symbol = symbol: null

2019-08-24 13:14:15 - [TEST_STEP][PASSED] - println(symbol): null

2019-08-24 13:14:15 - [TEST_STEP][PASSED] - if (i == 2 &amp;&amp; wildList.indexOf(symbol) != -1): null

2019-08-24 13:14:15 - [TEST_STEP][PASSED] - if (i == 3 &amp;&amp; wildList.indexOf(symbol) != -1): null

2019-08-24 13:14:15 - [TEST_STEP][PASSED] - if (i == 4 &amp;&amp; wildList.indexOf(symbol) != -1): null

2019-08-24 13:14:15 - [TEST_STEP][PASSED] - free_spin_reel_counter = free_spin_reel_counter: null

2019-08-24 13:14:15 - [TEST_STEP][PASSED] - println("reel 3 wild found: " + free_spin_reel_counter[0]): null

2019-08-24 13:14:15 - [TEST_STEP][PASSED] - println("reel 4 wild found: " + free_spin_reel_counter[1]): null

2019-08-24 13:14:15 - [TEST_STEP][PASSED] - println("reel 5 wild found: " + free_spin_reel_counter[2]): null

2019-08-24 13:14:15 - [TEST_STEP][PASSED] - M4_spin_reels = M4_spin_reels: null

2019-08-24 13:14:15 - [TEST_STEP][PASSED] - M4_spin_reels_symbols = symbol: null

2019-08-24 13:14:15 - [TEST_STEP][PASSED] - M4_spin_reels_symbols = M4_spin_reels_symbols: null

2019-08-24 13:14:15 - [TEST_STEP][PASSED] - M4_spin_reel_wins = reel_wins: null

2019-08-24 13:14:15 - [TEST_STEP][PASSED] - M4_spin_reel_wins = M4_spin_reel_wins: null

2019-08-24 13:14:15 - [TEST_STEP][PASSED] - println("GlobalVariable.M4_spin_reel_wins is: " + M4_spin_reel_wins): null

2019-08-24 13:14:15 - [TEST_STEP][PASSED] - M4_spin_total_bonus_win_this_round = total_bonus_win_this_round: null

2019-08-24 13:14:15 - [TEST_STEP][PASSED] - M4_spin_total_bonus_win_this_round = M4_spin_total_bonus_win_this_round: null

2019-08-24 13:14:15 - [TEST_STEP][PASSED] - println("GlobalVariable.M4_spin_total_bonus_win_this_round is: " + M4_spin_total_bonus_win_this_round): null

2019-08-24 13:14:15 - [TEST_STEP][PASSED] - M4_spin_bonus_spin_result = spin_result: null

2019-08-24 13:14:15 - [TEST_STEP][PASSED] - M4_spin_bonus_spin_result = M4_spin_bonus_spin_result: null

2019-08-24 13:14:15 - [MESSAGE][PASSED] - Verify response successfully

2019-08-24 13:14:15 - [MESSAGE][PASSED] - Send request and verify the response successfully

2019-08-24 13:14:15 - [TEST_STEP][PASSED] - if (M4_total_bonus_spins_int != 0 &amp;&amp; M4_spin_reels_symbols[2].contains("WILD_Expanding")): null

2019-08-24 13:14:15 - [TEST_STEP][PASSED] - free_spin_reel_counter = free_spin_reel_counter: null

2019-08-24 13:14:15 - [TEST_STEP][PASSED] - M4_spin_reels_symbols = M4_spin_reels_symbols: null

2019-08-24 13:14:15 - [TEST_STEP][PASSED] - M4_total_bonus_spins = M4_total_bonus_spins: null

2019-08-24 13:14:15 - [TEST_STEP][PASSED] - spin_result = sendRequestAndVerify(findTestObject("INT/RGS(M4)/1_M4_spin", ["M4_login_user_id":M4_login_user_id, "rgs_session_token":rgs_session_token, "partner":Partner])): Send request and verify the response successfully

2019-08-24 13:14:16 - [MESSAGE][INFO] - HAR: /Users/eiralee/Katalon_Script/SuperWild/Reports/20190824_125957/INT/superWild_5/20190824_125957/requests/main/250.har

2019-08-24 13:14:16 - [TEST_CASE][PASSED] - Start Test Case : Verification: Verification accomplished successfully

2019-08-24 13:14:16 - [TEST_STEP][PASSED] - request = getInstance().getCurrentRequest(): null

2019-08-24 13:14:16 - [TEST_STEP][PASSED] - response = getInstance().getCurrentResponse(): null

2019-08-24 13:14:16 - [TEST_STEP][PASSED] - verifyResponseStatusCode(response, 200): Verify response status code successfully

2019-08-24 13:14:16 - [MESSAGE][PASSED] - Verify response status code successfully

2019-08-24 13:14:16 - [TEST_STEP][PASSED] - getStatusCode()).isEqualTo(200): null

2019-08-24 13:14:16 - [TEST_STEP][PASSED] - newline = System.getProperty("line.separator"): null

2019-08-24 13:14:16 - [TEST_STEP][PASSED] - M4_spin = new groovy.json.JsonSlurper(): null

2019-08-24 13:14:16 - [TEST_STEP][PASSED] - result_M4_spin = M4_spin.parseText(response.getResponseBodyContent()): null

2019-08-24 13:14:16 - [TEST_STEP][PASSED] - M4_spin_current_balance = current_balance: null

2019-08-24 13:14:16 - [TEST_STEP][PASSED] - M4_spin_current_balance = M4_spin_current_balance: null

2019-08-24 13:14:16 - [TEST_STEP][PASSED] - M4_spin_transaction_id = causality: null

2019-08-24 13:14:16 - [TEST_STEP][PASSED] - M4_spin_transaction_id = M4_spin_transaction_id: null

2019-08-24 13:14:16 - [TEST_STEP][PASSED] - M4_spin_round_id = round_id: null

2019-08-24 13:14:16 - [TEST_STEP][PASSED] - M4_spin_round_id = M4_spin_round_id: null

2019-08-24 13:14:16 - [TEST_STEP][PASSED] - M4_spin_line_wins = line_wins: null

2019-08-24 13:14:16 - [TEST_STEP][PASSED] - M4_spin_line_wins = M4_spin_line_wins: null

2019-08-24 13:14:16 - [TEST_STEP][PASSED] - M4_total_bonus_spins_int = total_bonus_spins: null

2019-08-24 13:14:16 - [TEST_STEP][PASSED] - println("******M4_total_bonus_spins type is:*******" + newline + getClass().getName()): null

2019-08-24 13:14:16 - [TEST_STEP][PASSED] - M4_total_bonus_spins_int = M4_total_bonus_spins_int: null

2019-08-24 13:14:16 - [TEST_STEP][PASSED] - M4_total_bonus_spins = Integer.toString(M4_total_bonus_spins_int): null

2019-08-24 13:14:16 - [TEST_STEP][PASSED] - M4_total_bonus_spins = M4_total_bonus_spins: null

2019-08-24 13:14:16 - [TEST_STEP][PASSED] - println("M4_total_bonus_spins is:" + M4_total_bonus_spins): null

2019-08-24 13:14:16 - [TEST_STEP][PASSED] - M4_spin_bonus_data = bonus_data: null

2019-08-24 13:14:16 - [TEST_STEP][PASSED] - M4_spin_features_triggered = result_M4_spin: null

2019-08-24 13:14:16 - [TEST_STEP][PASSED] - wild = []: null

2019-08-24 13:14:16 - [TEST_STEP][PASSED] - wild[0] = "WILD_Expanding": null

2019-08-24 13:14:16 - [TEST_STEP][PASSED] - wild[1] = "WILD_Normal": null

2019-08-24 13:14:16 - [TEST_STEP][PASSED] - wild[2] = "WILD_Double": null

2019-08-24 13:14:16 - [TEST_STEP][PASSED] - wild[3] = "WILD_ExtraFG": null

2019-08-24 13:14:16 - [TEST_STEP][PASSED] - wild[4] = "WILD_Triple": null

2019-08-24 13:14:16 - [TEST_STEP][PASSED] - wildList = Arrays.asList(wild): null

2019-08-24 13:14:16 - [TEST_STEP][PASSED] - wildList = wildList: null

2019-08-24 13:14:16 - [TEST_STEP][PASSED] - free_spin_reel_counter = []: null

2019-08-24 13:14:16 - [TEST_STEP][PASSED] - free_spin_reel_counter[0] = 0: null

2019-08-24 13:14:16 - [TEST_STEP][PASSED] - free_spin_reel_counter[1] = 0: null

2019-08-24 13:14:16 - [TEST_STEP][PASSED] - free_spin_reel_counter[2] = 0: null

2019-08-24 13:14:16 - [TEST_STEP][PASSED] - M4_spin_reels = reels: null

2019-08-24 13:14:16 - [TEST_STEP][PASSED] - for ([i = 0, i &lt; M4_spin_reels.size(), (i++)]): null

2019-08-24 13:14:16 - [TEST_STEP][PASSED] - symbols = symbols: null

2019-08-24 13:14:16 - [TEST_STEP][PASSED] - for ([j = 0, j &lt; symbols.size(), (j++)]): null

2019-08-24 13:14:16 - [TEST_STEP][PASSED] - symbol = symbol: null

2019-08-24 13:14:16 - [TEST_STEP][PASSED] - println(symbol): null

2019-08-24 13:14:16 - [TEST_STEP][PASSED] - if (i == 2 &amp;&amp; wildList.indexOf(symbol) != -1): null

2019-08-24 13:14:16 - [TEST_STEP][PASSED] - if (i == 3 &amp;&amp; wildList.indexOf(symbol) != -1): null

2019-08-24 13:14:16 - [TEST_STEP][PASSED] - if (i == 4 &amp;&amp; wildList.indexOf(symbol) != -1): null

2019-08-24 13:14:16 - [TEST_STEP][PASSED] - symbol = symbol: null

2019-08-24 13:14:16 - [TEST_STEP][PASSED] - println(symbol): null

2019-08-24 13:14:16 - [TEST_STEP][PASSED] - if (i == 2 &amp;&amp; wildList.indexOf(symbol) != -1): null

2019-08-24 13:14:16 - [TEST_STEP][PASSED] - if (i == 3 &amp;&amp; wildList.indexOf(symbol) != -1): null

2019-08-24 13:14:16 - [TEST_STEP][PASSED] - if (i == 4 &amp;&amp; wildList.indexOf(symbol) != -1): null

2019-08-24 13:14:16 - [TEST_STEP][PASSED] - symbol = symbol: null

2019-08-24 13:14:16 - [TEST_STEP][PASSED] - println(symbol): null

2019-08-24 13:14:16 - [TEST_STEP][PASSED] - if (i == 2 &amp;&amp; wildList.indexOf(symbol) != -1): null

2019-08-24 13:14:16 - [TEST_STEP][PASSED] - if (i == 3 &amp;&amp; wildList.indexOf(symbol) != -1): null

2019-08-24 13:14:16 - [TEST_STEP][PASSED] - if (i == 4 &amp;&amp; wildList.indexOf(symbol) != -1): null

2019-08-24 13:14:16 - [TEST_STEP][PASSED] - symbols = symbols: null

2019-08-24 13:14:16 - [TEST_STEP][PASSED] - for ([j = 0, j &lt; symbols.size(), (j++)]): null

2019-08-24 13:14:16 - [TEST_STEP][PASSED] - symbol = symbol: null

2019-08-24 13:14:16 - [TEST_STEP][PASSED] - println(symbol): null

2019-08-24 13:14:16 - [TEST_STEP][PASSED] - if (i == 2 &amp;&amp; wildList.indexOf(symbol) != -1): null

2019-08-24 13:14:16 - [TEST_STEP][PASSED] - if (i == 3 &amp;&amp; wildList.indexOf(symbol) != -1): null

2019-08-24 13:14:16 - [TEST_STEP][PASSED] - if (i == 4 &amp;&amp; wildList.indexOf(symbol) != -1): null

2019-08-24 13:14:16 - [TEST_STEP][PASSED] - symbol = symbol: null

2019-08-24 13:14:16 - [TEST_STEP][PASSED] - println(symbol): null

2019-08-24 13:14:16 - [TEST_STEP][PASSED] - if (i == 2 &amp;&amp; wildList.indexOf(symbol) != -1): null

2019-08-24 13:14:16 - [TEST_STEP][PASSED] - if (i == 3 &amp;&amp; wildList.indexOf(symbol) != -1): null

2019-08-24 13:14:16 - [TEST_STEP][PASSED] - if (i == 4 &amp;&amp; wildList.indexOf(symbol) != -1): null

2019-08-24 13:14:16 - [TEST_STEP][PASSED] - symbol = symbol: null

2019-08-24 13:14:16 - [TEST_STEP][PASSED] - println(symbol): null

2019-08-24 13:14:16 - [TEST_STEP][PASSED] - if (i == 2 &amp;&amp; wildList.indexOf(symbol) != -1): null

2019-08-24 13:14:16 - [TEST_STEP][PASSED] - if (i == 3 &amp;&amp; wildList.indexOf(symbol) != -1): null

2019-08-24 13:14:16 - [TEST_STEP][PASSED] - if (i == 4 &amp;&amp; wildList.indexOf(symbol) != -1): null

2019-08-24 13:14:16 - [TEST_STEP][PASSED] - symbols = symbols: null

2019-08-24 13:14:16 - [TEST_STEP][PASSED] - for ([j = 0, j &lt; symbols.size(), (j++)]): null

2019-08-24 13:14:16 - [TEST_STEP][PASSED] - symbol = symbol: null

2019-08-24 13:14:16 - [TEST_STEP][PASSED] - println(symbol): null

2019-08-24 13:14:16 - [TEST_STEP][PASSED] - if (i == 2 &amp;&amp; wildList.indexOf(symbol) != -1): null

2019-08-24 13:14:16 - [TEST_STEP][PASSED] - if (i == 3 &amp;&amp; wildList.indexOf(symbol) != -1): null

2019-08-24 13:14:16 - [TEST_STEP][PASSED] - if (i == 4 &amp;&amp; wildList.indexOf(symbol) != -1): null

2019-08-24 13:14:16 - [TEST_STEP][PASSED] - symbol = symbol: null

2019-08-24 13:14:16 - [TEST_STEP][PASSED] - println(symbol): null

2019-08-24 13:14:16 - [TEST_STEP][PASSED] - if (i == 2 &amp;&amp; wildList.indexOf(symbol) != -1): null

2019-08-24 13:14:16 - [TEST_STEP][PASSED] - if (i == 3 &amp;&amp; wildList.indexOf(symbol) != -1): null

2019-08-24 13:14:16 - [TEST_STEP][PASSED] - if (i == 4 &amp;&amp; wildList.indexOf(symbol) != -1): null

2019-08-24 13:14:16 - [TEST_STEP][PASSED] - symbol = symbol: null

2019-08-24 13:14:16 - [TEST_STEP][PASSED] - println(symbol): null

2019-08-24 13:14:16 - [TEST_STEP][PASSED] - if (i == 2 &amp;&amp; wildList.indexOf(symbol) != -1): null

2019-08-24 13:14:16 - [TEST_STEP][PASSED] - if (i == 3 &amp;&amp; wildList.indexOf(symbol) != -1): null

2019-08-24 13:14:16 - [TEST_STEP][PASSED] - if (i == 4 &amp;&amp; wildList.indexOf(symbol) != -1): null

2019-08-24 13:14:16 - [TEST_STEP][PASSED] - symbols = symbols: null

2019-08-24 13:14:16 - [TEST_STEP][PASSED] - for ([j = 0, j &lt; symbols.size(), (j++)]): null

2019-08-24 13:14:16 - [TEST_STEP][PASSED] - symbol = symbol: null

2019-08-24 13:14:16 - [TEST_STEP][PASSED] - println(symbol): null

2019-08-24 13:14:16 - [TEST_STEP][PASSED] - if (i == 2 &amp;&amp; wildList.indexOf(symbol) != -1): null

2019-08-24 13:14:16 - [TEST_STEP][PASSED] - if (i == 3 &amp;&amp; wildList.indexOf(symbol) != -1): null

2019-08-24 13:14:16 - [TEST_STEP][PASSED] - if (i == 4 &amp;&amp; wildList.indexOf(symbol) != -1): null

2019-08-24 13:14:16 - [TEST_STEP][PASSED] - symbol = symbol: null

2019-08-24 13:14:16 - [TEST_STEP][PASSED] - println(symbol): null

2019-08-24 13:14:16 - [TEST_STEP][PASSED] - if (i == 2 &amp;&amp; wildList.indexOf(symbol) != -1): null

2019-08-24 13:14:16 - [TEST_STEP][PASSED] - if (i == 3 &amp;&amp; wildList.indexOf(symbol) != -1): null

2019-08-24 13:14:16 - [TEST_STEP][PASSED] - if (i == 4 &amp;&amp; wildList.indexOf(symbol) != -1): null

2019-08-24 13:14:16 - [TEST_STEP][PASSED] - symbol = symbol: null

2019-08-24 13:14:16 - [TEST_STEP][PASSED] - println(symbol): null

2019-08-24 13:14:16 - [TEST_STEP][PASSED] - if (i == 2 &amp;&amp; wildList.indexOf(symbol) != -1): null

2019-08-24 13:14:16 - [TEST_STEP][PASSED] - if (i == 3 &amp;&amp; wildList.indexOf(symbol) != -1): null

2019-08-24 13:14:16 - [TEST_STEP][PASSED] - if (i == 4 &amp;&amp; wildList.indexOf(symbol) != -1): null

2019-08-24 13:14:16 - [TEST_STEP][PASSED] - symbols = symbols: null

2019-08-24 13:14:16 - [TEST_STEP][PASSED] - for ([j = 0, j &lt; symbols.size(), (j++)]): null

2019-08-24 13:14:16 - [TEST_STEP][PASSED] - symbol = symbol: null

2019-08-24 13:14:16 - [TEST_STEP][PASSED] - println(symbol): null

2019-08-24 13:14:16 - [TEST_STEP][PASSED] - if (i == 2 &amp;&amp; wildList.indexOf(symbol) != -1): null

2019-08-24 13:14:16 - [TEST_STEP][PASSED] - if (i == 3 &amp;&amp; wildList.indexOf(symbol) != -1): null

2019-08-24 13:14:16 - [TEST_STEP][PASSED] - if (i == 4 &amp;&amp; wildList.indexOf(symbol) != -1): null

2019-08-24 13:14:16 - [TEST_STEP][PASSED] - symbol = symbol: null

2019-08-24 13:14:16 - [TEST_STEP][PASSED] - println(symbol): null

2019-08-24 13:14:16 - [TEST_STEP][PASSED] - if (i == 2 &amp;&amp; wildList.indexOf(symbol) != -1): null

2019-08-24 13:14:16 - [TEST_STEP][PASSED] - if (i == 3 &amp;&amp; wildList.indexOf(symbol) != -1): null

2019-08-24 13:14:16 - [TEST_STEP][PASSED] - if (i == 4 &amp;&amp; wildList.indexOf(symbol) != -1): null

2019-08-24 13:14:16 - [TEST_STEP][PASSED] - symbol = symbol: null

2019-08-24 13:14:16 - [TEST_STEP][PASSED] - println(symbol): null

2019-08-24 13:14:16 - [TEST_STEP][PASSED] - if (i == 2 &amp;&amp; wildList.indexOf(symbol) != -1): null

2019-08-24 13:14:16 - [TEST_STEP][PASSED] - if (i == 3 &amp;&amp; wildList.indexOf(symbol) != -1): null

2019-08-24 13:14:16 - [TEST_STEP][PASSED] - if (i == 4 &amp;&amp; wildList.indexOf(symbol) != -1): null

2019-08-24 13:14:16 - [TEST_STEP][PASSED] - free_spin_reel_counter = free_spin_reel_counter: null

2019-08-24 13:14:16 - [TEST_STEP][PASSED] - println("reel 3 wild found: " + free_spin_reel_counter[0]): null

2019-08-24 13:14:16 - [TEST_STEP][PASSED] - println("reel 4 wild found: " + free_spin_reel_counter[1]): null

2019-08-24 13:14:16 - [TEST_STEP][PASSED] - println("reel 5 wild found: " + free_spin_reel_counter[2]): null

2019-08-24 13:14:16 - [TEST_STEP][PASSED] - M4_spin_reels = M4_spin_reels: null

2019-08-24 13:14:16 - [TEST_STEP][PASSED] - M4_spin_reels_symbols = symbol: null

2019-08-24 13:14:16 - [TEST_STEP][PASSED] - M4_spin_reels_symbols = M4_spin_reels_symbols: null

2019-08-24 13:14:16 - [TEST_STEP][PASSED] - M4_spin_reel_wins = reel_wins: null

2019-08-24 13:14:16 - [TEST_STEP][PASSED] - M4_spin_reel_wins = M4_spin_reel_wins: null

2019-08-24 13:14:16 - [TEST_STEP][PASSED] - println("GlobalVariable.M4_spin_reel_wins is: " + M4_spin_reel_wins): null

2019-08-24 13:14:16 - [TEST_STEP][PASSED] - M4_spin_total_bonus_win_this_round = total_bonus_win_this_round: null

2019-08-24 13:14:16 - [TEST_STEP][PASSED] - M4_spin_total_bonus_win_this_round = M4_spin_total_bonus_win_this_round: null

2019-08-24 13:14:16 - [TEST_STEP][PASSED] - println("GlobalVariable.M4_spin_total_bonus_win_this_round is: " + M4_spin_total_bonus_win_this_round): null

2019-08-24 13:14:16 - [TEST_STEP][PASSED] - M4_spin_bonus_spin_result = spin_result: null

2019-08-24 13:14:16 - [TEST_STEP][PASSED] - M4_spin_bonus_spin_result = M4_spin_bonus_spin_result: null

2019-08-24 13:14:16 - [MESSAGE][PASSED] - Verify response successfully

2019-08-24 13:14:16 - [MESSAGE][PASSED] - Send request and verify the response successfully

2019-08-24 13:14:16 - [TEST_STEP][PASSED] - if (M4_total_bonus_spins_int != 0 &amp;&amp; M4_spin_reels_symbols[2].contains("WILD_Expanding")): null

2019-08-24 13:14:16 - [TEST_STEP][PASSED] - free_spin_reel_counter = free_spin_reel_counter: null

2019-08-24 13:14:16 - [TEST_STEP][PASSED] - M4_spin_reels_symbols = M4_spin_reels_symbols: null

2019-08-24 13:14:16 - [TEST_STEP][PASSED] - M4_total_bonus_spins = M4_total_bonus_spins: null

2019-08-24 13:14:16 - [TEST_STEP][PASSED] - spin_result = sendRequestAndVerify(findTestObject("INT/RGS(M4)/1_M4_spin", ["M4_login_user_id":M4_login_user_id, "rgs_session_token":rgs_session_token, "partner":Partner])): Send request and verify the response successfully

2019-08-24 13:14:16 - [MESSAGE][INFO] - HAR: /Users/eiralee/Katalon_Script/SuperWild/Reports/20190824_125957/INT/superWild_5/20190824_125957/requests/main/251.har

2019-08-24 13:14:16 - [TEST_CASE][PASSED] - Start Test Case : Verification: Verification accomplished successfully

2019-08-24 13:14:16 - [TEST_STEP][PASSED] - request = getInstance().getCurrentRequest(): null

2019-08-24 13:14:17 - [TEST_STEP][PASSED] - response = getInstance().getCurrentResponse(): null

2019-08-24 13:14:17 - [TEST_STEP][PASSED] - verifyResponseStatusCode(response, 200): Verify response status code successfully

2019-08-24 13:14:17 - [MESSAGE][PASSED] - Verify response status code successfully

2019-08-24 13:14:17 - [TEST_STEP][PASSED] - getStatusCode()).isEqualTo(200): null

2019-08-24 13:14:17 - [TEST_STEP][PASSED] - newline = System.getProperty("line.separator"): null

2019-08-24 13:14:17 - [TEST_STEP][PASSED] - M4_spin = new groovy.json.JsonSlurper(): null

2019-08-24 13:14:17 - [TEST_STEP][PASSED] - result_M4_spin = M4_spin.parseText(response.getResponseBodyContent()): null

2019-08-24 13:14:17 - [TEST_STEP][PASSED] - M4_spin_current_balance = current_balance: null

2019-08-24 13:14:17 - [TEST_STEP][PASSED] - M4_spin_current_balance = M4_spin_current_balance: null

2019-08-24 13:14:17 - [TEST_STEP][PASSED] - M4_spin_transaction_id = causality: null

2019-08-24 13:14:17 - [TEST_STEP][PASSED] - M4_spin_transaction_id = M4_spin_transaction_id: null

2019-08-24 13:14:17 - [TEST_STEP][PASSED] - M4_spin_round_id = round_id: null

2019-08-24 13:14:17 - [TEST_STEP][PASSED] - M4_spin_round_id = M4_spin_round_id: null

2019-08-24 13:14:17 - [TEST_STEP][PASSED] - M4_spin_line_wins = line_wins: null

2019-08-24 13:14:17 - [TEST_STEP][PASSED] - M4_spin_line_wins = M4_spin_line_wins: null

2019-08-24 13:14:17 - [TEST_STEP][PASSED] - M4_total_bonus_spins_int = total_bonus_spins: null

2019-08-24 13:14:17 - [TEST_STEP][PASSED] - println("******M4_total_bonus_spins type is:*******" + newline + getClass().getName()): null

2019-08-24 13:14:17 - [TEST_STEP][PASSED] - M4_total_bonus_spins_int = M4_total_bonus_spins_int: null

2019-08-24 13:14:17 - [TEST_STEP][PASSED] - M4_total_bonus_spins = Integer.toString(M4_total_bonus_spins_int): null

2019-08-24 13:14:17 - [TEST_STEP][PASSED] - M4_total_bonus_spins = M4_total_bonus_spins: null

2019-08-24 13:14:17 - [TEST_STEP][PASSED] - println("M4_total_bonus_spins is:" + M4_total_bonus_spins): null

2019-08-24 13:14:17 - [TEST_STEP][PASSED] - M4_spin_bonus_data = bonus_data: null

2019-08-24 13:14:17 - [TEST_STEP][PASSED] - M4_spin_features_triggered = result_M4_spin: null

2019-08-24 13:14:17 - [TEST_STEP][PASSED] - wild = []: null

2019-08-24 13:14:17 - [TEST_STEP][PASSED] - wild[0] = "WILD_Expanding": null

2019-08-24 13:14:17 - [TEST_STEP][PASSED] - wild[1] = "WILD_Normal": null

2019-08-24 13:14:17 - [TEST_STEP][PASSED] - wild[2] = "WILD_Double": null

2019-08-24 13:14:17 - [TEST_STEP][PASSED] - wild[3] = "WILD_ExtraFG": null

2019-08-24 13:14:17 - [TEST_STEP][PASSED] - wild[4] = "WILD_Triple": null

2019-08-24 13:14:17 - [TEST_STEP][PASSED] - wildList = Arrays.asList(wild): null

2019-08-24 13:14:17 - [TEST_STEP][PASSED] - wildList = wildList: null

2019-08-24 13:14:17 - [TEST_STEP][PASSED] - free_spin_reel_counter = []: null

2019-08-24 13:14:17 - [TEST_STEP][PASSED] - free_spin_reel_counter[0] = 0: null

2019-08-24 13:14:17 - [TEST_STEP][PASSED] - free_spin_reel_counter[1] = 0: null

2019-08-24 13:14:17 - [TEST_STEP][PASSED] - free_spin_reel_counter[2] = 0: null

2019-08-24 13:14:17 - [TEST_STEP][PASSED] - M4_spin_reels = reels: null

2019-08-24 13:14:17 - [TEST_STEP][PASSED] - for ([i = 0, i &lt; M4_spin_reels.size(), (i++)]): null

2019-08-24 13:14:17 - [TEST_STEP][PASSED] - symbols = symbols: null

2019-08-24 13:14:17 - [TEST_STEP][PASSED] - for ([j = 0, j &lt; symbols.size(), (j++)]): null

2019-08-24 13:14:17 - [TEST_STEP][PASSED] - symbol = symbol: null

2019-08-24 13:14:17 - [TEST_STEP][PASSED] - println(symbol): null

2019-08-24 13:14:17 - [TEST_STEP][PASSED] - if (i == 2 &amp;&amp; wildList.indexOf(symbol) != -1): null

2019-08-24 13:14:17 - [TEST_STEP][PASSED] - if (i == 3 &amp;&amp; wildList.indexOf(symbol) != -1): null

2019-08-24 13:14:17 - [TEST_STEP][PASSED] - if (i == 4 &amp;&amp; wildList.indexOf(symbol) != -1): null

2019-08-24 13:14:17 - [TEST_STEP][PASSED] - symbol = symbol: null

2019-08-24 13:14:17 - [TEST_STEP][PASSED] - println(symbol): null

2019-08-24 13:14:17 - [TEST_STEP][PASSED] - if (i == 2 &amp;&amp; wildList.indexOf(symbol) != -1): null

2019-08-24 13:14:17 - [TEST_STEP][PASSED] - if (i == 3 &amp;&amp; wildList.indexOf(symbol) != -1): null

2019-08-24 13:14:17 - [TEST_STEP][PASSED] - if (i == 4 &amp;&amp; wildList.indexOf(symbol) != -1): null

2019-08-24 13:14:17 - [TEST_STEP][PASSED] - symbol = symbol: null

2019-08-24 13:14:17 - [TEST_STEP][PASSED] - println(symbol): null

2019-08-24 13:14:17 - [TEST_STEP][PASSED] - if (i == 2 &amp;&amp; wildList.indexOf(symbol) != -1): null

2019-08-24 13:14:17 - [TEST_STEP][PASSED] - if (i == 3 &amp;&amp; wildList.indexOf(symbol) != -1): null

2019-08-24 13:14:17 - [TEST_STEP][PASSED] - if (i == 4 &amp;&amp; wildList.indexOf(symbol) != -1): null

2019-08-24 13:14:17 - [TEST_STEP][PASSED] - symbols = symbols: null

2019-08-24 13:14:17 - [TEST_STEP][PASSED] - for ([j = 0, j &lt; symbols.size(), (j++)]): null

2019-08-24 13:14:17 - [TEST_STEP][PASSED] - symbol = symbol: null

2019-08-24 13:14:17 - [TEST_STEP][PASSED] - println(symbol): null

2019-08-24 13:14:17 - [TEST_STEP][PASSED] - if (i == 2 &amp;&amp; wildList.indexOf(symbol) != -1): null

2019-08-24 13:14:17 - [TEST_STEP][PASSED] - if (i == 3 &amp;&amp; wildList.indexOf(symbol) != -1): null

2019-08-24 13:14:17 - [TEST_STEP][PASSED] - if (i == 4 &amp;&amp; wildList.indexOf(symbol) != -1): null

2019-08-24 13:14:17 - [TEST_STEP][PASSED] - symbol = symbol: null

2019-08-24 13:14:17 - [TEST_STEP][PASSED] - println(symbol): null

2019-08-24 13:14:17 - [TEST_STEP][PASSED] - if (i == 2 &amp;&amp; wildList.indexOf(symbol) != -1): null

2019-08-24 13:14:17 - [TEST_STEP][PASSED] - if (i == 3 &amp;&amp; wildList.indexOf(symbol) != -1): null

2019-08-24 13:14:17 - [TEST_STEP][PASSED] - if (i == 4 &amp;&amp; wildList.indexOf(symbol) != -1): null

2019-08-24 13:14:17 - [TEST_STEP][PASSED] - symbol = symbol: null

2019-08-24 13:14:17 - [TEST_STEP][PASSED] - println(symbol): null

2019-08-24 13:14:17 - [TEST_STEP][PASSED] - if (i == 2 &amp;&amp; wildList.indexOf(symbol) != -1): null

2019-08-24 13:14:17 - [TEST_STEP][PASSED] - if (i == 3 &amp;&amp; wildList.indexOf(symbol) != -1): null

2019-08-24 13:14:17 - [TEST_STEP][PASSED] - if (i == 4 &amp;&amp; wildList.indexOf(symbol) != -1): null

2019-08-24 13:14:17 - [TEST_STEP][PASSED] - symbols = symbols: null

2019-08-24 13:14:17 - [TEST_STEP][PASSED] - for ([j = 0, j &lt; symbols.size(), (j++)]): null

2019-08-24 13:14:17 - [TEST_STEP][PASSED] - symbol = symbol: null

2019-08-24 13:14:17 - [TEST_STEP][PASSED] - println(symbol): null

2019-08-24 13:14:17 - [TEST_STEP][PASSED] - if (i == 2 &amp;&amp; wildList.indexOf(symbol) != -1): null

2019-08-24 13:14:17 - [TEST_STEP][PASSED] - if (i == 3 &amp;&amp; wildList.indexOf(symbol) != -1): null

2019-08-24 13:14:17 - [TEST_STEP][PASSED] - if (i == 4 &amp;&amp; wildList.indexOf(symbol) != -1): null

2019-08-24 13:14:17 - [TEST_STEP][PASSED] - symbol = symbol: null

2019-08-24 13:14:17 - [TEST_STEP][PASSED] - println(symbol): null

2019-08-24 13:14:17 - [TEST_STEP][PASSED] - if (i == 2 &amp;&amp; wildList.indexOf(symbol) != -1): null

2019-08-24 13:14:17 - [TEST_STEP][PASSED] - if (i == 3 &amp;&amp; wildList.indexOf(symbol) != -1): null

2019-08-24 13:14:17 - [TEST_STEP][PASSED] - if (i == 4 &amp;&amp; wildList.indexOf(symbol) != -1): null

2019-08-24 13:14:17 - [TEST_STEP][PASSED] - symbol = symbol: null

2019-08-24 13:14:17 - [TEST_STEP][PASSED] - println(symbol): null

2019-08-24 13:14:17 - [TEST_STEP][PASSED] - if (i == 2 &amp;&amp; wildList.indexOf(symbol) != -1): null

2019-08-24 13:14:17 - [TEST_STEP][PASSED] - if (i == 3 &amp;&amp; wildList.indexOf(symbol) != -1): null

2019-08-24 13:14:17 - [TEST_STEP][PASSED] - if (i == 4 &amp;&amp; wildList.indexOf(symbol) != -1): null

2019-08-24 13:14:17 - [TEST_STEP][PASSED] - symbols = symbols: null

2019-08-24 13:14:17 - [TEST_STEP][PASSED] - for ([j = 0, j &lt; symbols.size(), (j++)]): null

2019-08-24 13:14:17 - [TEST_STEP][PASSED] - symbol = symbol: null

2019-08-24 13:14:17 - [TEST_STEP][PASSED] - println(symbol): null

2019-08-24 13:14:17 - [TEST_STEP][PASSED] - if (i == 2 &amp;&amp; wildList.indexOf(symbol) != -1): null

2019-08-24 13:14:17 - [TEST_STEP][PASSED] - if (i == 3 &amp;&amp; wildList.indexOf(symbol) != -1): null

2019-08-24 13:14:17 - [TEST_STEP][PASSED] - if (i == 4 &amp;&amp; wildList.indexOf(symbol) != -1): null

2019-08-24 13:14:17 - [TEST_STEP][PASSED] - symbol = symbol: null

2019-08-24 13:14:17 - [TEST_STEP][PASSED] - println(symbol): null

2019-08-24 13:14:17 - [TEST_STEP][PASSED] - if (i == 2 &amp;&amp; wildList.indexOf(symbol) != -1): null

2019-08-24 13:14:17 - [TEST_STEP][PASSED] - if (i == 3 &amp;&amp; wildList.indexOf(symbol) != -1): null

2019-08-24 13:14:17 - [TEST_STEP][PASSED] - if (i == 4 &amp;&amp; wildList.indexOf(symbol) != -1): null

2019-08-24 13:14:17 - [TEST_STEP][PASSED] - symbol = symbol: null

2019-08-24 13:14:17 - [TEST_STEP][PASSED] - println(symbol): null

2019-08-24 13:14:17 - [TEST_STEP][PASSED] - if (i == 2 &amp;&amp; wildList.indexOf(symbol) != -1): null

2019-08-24 13:14:17 - [TEST_STEP][PASSED] - if (i == 3 &amp;&amp; wildList.indexOf(symbol) != -1): null

2019-08-24 13:14:17 - [TEST_STEP][PASSED] - if (i == 4 &amp;&amp; wildList.indexOf(symbol) != -1): null

2019-08-24 13:14:17 - [TEST_STEP][PASSED] - symbols = symbols: null

2019-08-24 13:14:17 - [TEST_STEP][PASSED] - for ([j = 0, j &lt; symbols.size(), (j++)]): null

2019-08-24 13:14:17 - [TEST_STEP][PASSED] - symbol = symbol: null

2019-08-24 13:14:17 - [TEST_STEP][PASSED] - println(symbol): null

2019-08-24 13:14:17 - [TEST_STEP][PASSED] - if (i == 2 &amp;&amp; wildList.indexOf(symbol) != -1): null

2019-08-24 13:14:17 - [TEST_STEP][PASSED] - if (i == 3 &amp;&amp; wildList.indexOf(symbol) != -1): null

2019-08-24 13:14:17 - [TEST_STEP][PASSED] - if (i == 4 &amp;&amp; wildList.indexOf(symbol) != -1): null

2019-08-24 13:14:17 - [TEST_STEP][PASSED] - symbol = symbol: null

2019-08-24 13:14:17 - [TEST_STEP][PASSED] - println(symbol): null

2019-08-24 13:14:17 - [TEST_STEP][PASSED] - if (i == 2 &amp;&amp; wildList.indexOf(symbol) != -1): null

2019-08-24 13:14:17 - [TEST_STEP][PASSED] - if (i == 3 &amp;&amp; wildList.indexOf(symbol) != -1): null

2019-08-24 13:14:17 - [TEST_STEP][PASSED] - if (i == 4 &amp;&amp; wildList.indexOf(symbol) != -1): null

2019-08-24 13:14:17 - [TEST_STEP][PASSED] - symbol = symbol: null

2019-08-24 13:14:17 - [TEST_STEP][PASSED] - println(symbol): null

2019-08-24 13:14:17 - [TEST_STEP][PASSED] - if (i == 2 &amp;&amp; wildList.indexOf(symbol) != -1): null

2019-08-24 13:14:17 - [TEST_STEP][PASSED] - if (i == 3 &amp;&amp; wildList.indexOf(symbol) != -1): null

2019-08-24 13:14:17 - [TEST_STEP][PASSED] - if (i == 4 &amp;&amp; wildList.indexOf(symbol) != -1): null

2019-08-24 13:14:17 - [TEST_STEP][PASSED] - free_spin_reel_counter = free_spin_reel_counter: null

2019-08-24 13:14:17 - [TEST_STEP][PASSED] - println("reel 3 wild found: " + free_spin_reel_counter[0]): null

2019-08-24 13:14:17 - [TEST_STEP][PASSED] - println("reel 4 wild found: " + free_spin_reel_counter[1]): null

2019-08-24 13:14:17 - [TEST_STEP][PASSED] - println("reel 5 wild found: " + free_spin_reel_counter[2]): null

2019-08-24 13:14:17 - [TEST_STEP][PASSED] - M4_spin_reels = M4_spin_reels: null

2019-08-24 13:14:17 - [TEST_STEP][PASSED] - M4_spin_reels_symbols = symbol: null

2019-08-24 13:14:17 - [TEST_STEP][PASSED] - M4_spin_reels_symbols = M4_spin_reels_symbols: null

2019-08-24 13:14:17 - [TEST_STEP][PASSED] - M4_spin_reel_wins = reel_wins: null

2019-08-24 13:14:17 - [TEST_STEP][PASSED] - M4_spin_reel_wins = M4_spin_reel_wins: null

2019-08-24 13:14:17 - [TEST_STEP][PASSED] - println("GlobalVariable.M4_spin_reel_wins is: " + M4_spin_reel_wins): null

2019-08-24 13:14:17 - [TEST_STEP][PASSED] - M4_spin_total_bonus_win_this_round = total_bonus_win_this_round: null

2019-08-24 13:14:17 - [TEST_STEP][PASSED] - M4_spin_total_bonus_win_this_round = M4_spin_total_bonus_win_this_round: null

2019-08-24 13:14:17 - [TEST_STEP][PASSED] - println("GlobalVariable.M4_spin_total_bonus_win_this_round is: " + M4_spin_total_bonus_win_this_round): null

2019-08-24 13:14:17 - [TEST_STEP][PASSED] - M4_spin_bonus_spin_result = spin_result: null

2019-08-24 13:14:17 - [TEST_STEP][PASSED] - M4_spin_bonus_spin_result = M4_spin_bonus_spin_result: null

2019-08-24 13:14:17 - [MESSAGE][PASSED] - Verify response successfully

2019-08-24 13:14:17 - [MESSAGE][PASSED] - Send request and verify the response successfully

2019-08-24 13:14:17 - [TEST_STEP][PASSED] - if (M4_total_bonus_spins_int != 0 &amp;&amp; M4_spin_reels_symbols[2].contains("WILD_Expanding")): null

2019-08-24 13:14:17 - [TEST_STEP][PASSED] - free_spin_reel_counter = free_spin_reel_counter: null

2019-08-24 13:14:17 - [TEST_STEP][PASSED] - M4_spin_reels_symbols = M4_spin_reels_symbols: null

2019-08-24 13:14:17 - [TEST_STEP][PASSED] - M4_total_bonus_spins = M4_total_bonus_spins: null

2019-08-24 13:14:17 - [TEST_STEP][PASSED] - spin_result = sendRequestAndVerify(findTestObject("INT/RGS(M4)/1_M4_spin", ["M4_login_user_id":M4_login_user_id, "rgs_session_token":rgs_session_token, "partner":Partner])): Send request and verify the response successfully

2019-08-24 13:14:17 - [MESSAGE][INFO] - HAR: /Users/eiralee/Katalon_Script/SuperWild/Reports/20190824_125957/INT/superWild_5/20190824_125957/requests/main/252.har

2019-08-24 13:14:17 - [TEST_CASE][PASSED] - Start Test Case : Verification: Verification accomplished successfully

2019-08-24 13:14:17 - [TEST_STEP][PASSED] - request = getInstance().getCurrentRequest(): null

2019-08-24 13:14:17 - [TEST_STEP][PASSED] - response = getInstance().getCurrentResponse(): null

2019-08-24 13:14:17 - [TEST_STEP][PASSED] - verifyResponseStatusCode(response, 200): Verify response status code successfully

2019-08-24 13:14:17 - [MESSAGE][PASSED] - Verify response status code successfully

2019-08-24 13:14:17 - [TEST_STEP][PASSED] - getStatusCode()).isEqualTo(200): null

2019-08-24 13:14:17 - [TEST_STEP][PASSED] - newline = System.getProperty("line.separator"): null

2019-08-24 13:14:17 - [TEST_STEP][PASSED] - M4_spin = new groovy.json.JsonSlurper(): null

2019-08-24 13:14:17 - [TEST_STEP][PASSED] - result_M4_spin = M4_spin.parseText(response.getResponseBodyContent()): null

2019-08-24 13:14:17 - [TEST_STEP][PASSED] - M4_spin_current_balance = current_balance: null

2019-08-24 13:14:17 - [TEST_STEP][PASSED] - M4_spin_current_balance = M4_spin_current_balance: null

2019-08-24 13:14:17 - [TEST_STEP][PASSED] - M4_spin_transaction_id = causality: null

2019-08-24 13:14:17 - [TEST_STEP][PASSED] - M4_spin_transaction_id = M4_spin_transaction_id: null

2019-08-24 13:14:17 - [TEST_STEP][PASSED] - M4_spin_round_id = round_id: null

2019-08-24 13:14:17 - [TEST_STEP][PASSED] - M4_spin_round_id = M4_spin_round_id: null

2019-08-24 13:14:17 - [TEST_STEP][PASSED] - M4_spin_line_wins = line_wins: null

2019-08-24 13:14:17 - [TEST_STEP][PASSED] - M4_spin_line_wins = M4_spin_line_wins: null

2019-08-24 13:14:17 - [TEST_STEP][PASSED] - M4_total_bonus_spins_int = total_bonus_spins: null

2019-08-24 13:14:17 - [TEST_STEP][PASSED] - println("******M4_total_bonus_spins type is:*******" + newline + getClass().getName()): null

2019-08-24 13:14:17 - [TEST_STEP][PASSED] - M4_total_bonus_spins_int = M4_total_bonus_spins_int: null

2019-08-24 13:14:17 - [TEST_STEP][PASSED] - M4_total_bonus_spins = Integer.toString(M4_total_bonus_spins_int): null

2019-08-24 13:14:17 - [TEST_STEP][PASSED] - M4_total_bonus_spins = M4_total_bonus_spins: null

2019-08-24 13:14:17 - [TEST_STEP][PASSED] - println("M4_total_bonus_spins is:" + M4_total_bonus_spins): null

2019-08-24 13:14:17 - [TEST_STEP][PASSED] - M4_spin_bonus_data = bonus_data: null

2019-08-24 13:14:17 - [TEST_STEP][PASSED] - M4_spin_features_triggered = result_M4_spin: null

2019-08-24 13:14:17 - [TEST_STEP][PASSED] - wild = []: null

2019-08-24 13:14:17 - [TEST_STEP][PASSED] - wild[0] = "WILD_Expanding": null

2019-08-24 13:14:17 - [TEST_STEP][PASSED] - wild[1] = "WILD_Normal": null

2019-08-24 13:14:17 - [TEST_STEP][PASSED] - wild[2] = "WILD_Double": null

2019-08-24 13:14:17 - [TEST_STEP][PASSED] - wild[3] = "WILD_ExtraFG": null

2019-08-24 13:14:17 - [TEST_STEP][PASSED] - wild[4] = "WILD_Triple": null

2019-08-24 13:14:17 - [TEST_STEP][PASSED] - wildList = Arrays.asList(wild): null

2019-08-24 13:14:17 - [TEST_STEP][PASSED] - wildList = wildList: null

2019-08-24 13:14:17 - [TEST_STEP][PASSED] - free_spin_reel_counter = []: null

2019-08-24 13:14:17 - [TEST_STEP][PASSED] - free_spin_reel_counter[0] = 0: null

2019-08-24 13:14:17 - [TEST_STEP][PASSED] - free_spin_reel_counter[1] = 0: null

2019-08-24 13:14:17 - [TEST_STEP][PASSED] - free_spin_reel_counter[2] = 0: null

2019-08-24 13:14:17 - [TEST_STEP][PASSED] - M4_spin_reels = reels: null

2019-08-24 13:14:17 - [TEST_STEP][PASSED] - for ([i = 0, i &lt; M4_spin_reels.size(), (i++)]): null

2019-08-24 13:14:17 - [TEST_STEP][PASSED] - symbols = symbols: null

2019-08-24 13:14:17 - [TEST_STEP][PASSED] - for ([j = 0, j &lt; symbols.size(), (j++)]): null

2019-08-24 13:14:17 - [TEST_STEP][PASSED] - symbol = symbol: null

2019-08-24 13:14:17 - [TEST_STEP][PASSED] - println(symbol): null

2019-08-24 13:14:17 - [TEST_STEP][PASSED] - if (i == 2 &amp;&amp; wildList.indexOf(symbol) != -1): null

2019-08-24 13:14:17 - [TEST_STEP][PASSED] - if (i == 3 &amp;&amp; wildList.indexOf(symbol) != -1): null

2019-08-24 13:14:17 - [TEST_STEP][PASSED] - if (i == 4 &amp;&amp; wildList.indexOf(symbol) != -1): null

2019-08-24 13:14:17 - [TEST_STEP][PASSED] - symbol = symbol: null

2019-08-24 13:14:17 - [TEST_STEP][PASSED] - println(symbol): null

2019-08-24 13:14:17 - [TEST_STEP][PASSED] - if (i == 2 &amp;&amp; wildList.indexOf(symbol) != -1): null

2019-08-24 13:14:17 - [TEST_STEP][PASSED] - if (i == 3 &amp;&amp; wildList.indexOf(symbol) != -1): null

2019-08-24 13:14:17 - [TEST_STEP][PASSED] - if (i == 4 &amp;&amp; wildList.indexOf(symbol) != -1): null

2019-08-24 13:14:17 - [TEST_STEP][PASSED] - symbol = symbol: null

2019-08-24 13:14:17 - [TEST_STEP][PASSED] - println(symbol): null

2019-08-24 13:14:17 - [TEST_STEP][PASSED] - if (i == 2 &amp;&amp; wildList.indexOf(symbol) != -1): null

2019-08-24 13:14:17 - [TEST_STEP][PASSED] - if (i == 3 &amp;&amp; wildList.indexOf(symbol) != -1): null

2019-08-24 13:14:17 - [TEST_STEP][PASSED] - if (i == 4 &amp;&amp; wildList.indexOf(symbol) != -1): null

2019-08-24 13:14:17 - [TEST_STEP][PASSED] - symbols = symbols: null

2019-08-24 13:14:17 - [TEST_STEP][PASSED] - for ([j = 0, j &lt; symbols.size(), (j++)]): null

2019-08-24 13:14:17 - [TEST_STEP][PASSED] - symbol = symbol: null

2019-08-24 13:14:17 - [TEST_STEP][PASSED] - println(symbol): null

2019-08-24 13:14:17 - [TEST_STEP][PASSED] - if (i == 2 &amp;&amp; wildList.indexOf(symbol) != -1): null

2019-08-24 13:14:17 - [TEST_STEP][PASSED] - if (i == 3 &amp;&amp; wildList.indexOf(symbol) != -1): null

2019-08-24 13:14:17 - [TEST_STEP][PASSED] - if (i == 4 &amp;&amp; wildList.indexOf(symbol) != -1): null

2019-08-24 13:14:17 - [TEST_STEP][PASSED] - symbol = symbol: null

2019-08-24 13:14:17 - [TEST_STEP][PASSED] - println(symbol): null

2019-08-24 13:14:17 - [TEST_STEP][PASSED] - if (i == 2 &amp;&amp; wildList.indexOf(symbol) != -1): null

2019-08-24 13:14:17 - [TEST_STEP][PASSED] - if (i == 3 &amp;&amp; wildList.indexOf(symbol) != -1): null

2019-08-24 13:14:17 - [TEST_STEP][PASSED] - if (i == 4 &amp;&amp; wildList.indexOf(symbol) != -1): null

2019-08-24 13:14:17 - [TEST_STEP][PASSED] - symbol = symbol: null

2019-08-24 13:14:17 - [TEST_STEP][PASSED] - println(symbol): null

2019-08-24 13:14:17 - [TEST_STEP][PASSED] - if (i == 2 &amp;&amp; wildList.indexOf(symbol) != -1): null

2019-08-24 13:14:23 - [TEST_STEP][PASSED] - if (i == 3 &amp;&amp; wildList.indexOf(symbol) != -1): null

2019-08-24 13:14:23 - [TEST_STEP][PASSED] - if (i == 4 &amp;&amp; wildList.indexOf(symbol) != -1): null

2019-08-24 13:14:23 - [TEST_STEP][PASSED] - symbols = symbols: null

2019-08-24 13:14:23 - [TEST_STEP][PASSED] - for ([j = 0, j &lt; symbols.size(), (j++)]): null

2019-08-24 13:14:23 - [TEST_STEP][PASSED] - symbol = symbol: null

2019-08-24 13:14:23 - [TEST_STEP][PASSED] - println(symbol): null

2019-08-24 13:14:23 - [TEST_STEP][PASSED] - if (i == 2 &amp;&amp; wildList.indexOf(symbol) != -1): null

2019-08-24 13:14:23 - [TEST_STEP][PASSED] - println("wild found on reel 3, adding counter by 1"): null

2019-08-24 13:14:23 - [TEST_STEP][PASSED] - free_spin_reel_counter[0] = free_spin_reel_counter[0] + 1: null

2019-08-24 13:14:23 - [TEST_STEP][PASSED] - if (i == 3 &amp;&amp; wildList.indexOf(symbol) != -1): null

2019-08-24 13:14:23 - [TEST_STEP][PASSED] - if (i == 4 &amp;&amp; wildList.indexOf(symbol) != -1): null

2019-08-24 13:14:23 - [TEST_STEP][PASSED] - symbol = symbol: null

2019-08-24 13:14:23 - [TEST_STEP][PASSED] - println(symbol): null

2019-08-24 13:14:23 - [TEST_STEP][PASSED] - if (i == 2 &amp;&amp; wildList.indexOf(symbol) != -1): null

2019-08-24 13:14:23 - [TEST_STEP][PASSED] - if (i == 3 &amp;&amp; wildList.indexOf(symbol) != -1): null

2019-08-24 13:14:23 - [TEST_STEP][PASSED] - if (i == 4 &amp;&amp; wildList.indexOf(symbol) != -1): null

2019-08-24 13:14:23 - [TEST_STEP][PASSED] - symbol = symbol: null

2019-08-24 13:14:23 - [TEST_STEP][PASSED] - println(symbol): null

2019-08-24 13:14:23 - [TEST_STEP][PASSED] - if (i == 2 &amp;&amp; wildList.indexOf(symbol) != -1): null

2019-08-24 13:14:23 - [TEST_STEP][PASSED] - if (i == 3 &amp;&amp; wildList.indexOf(symbol) != -1): null

2019-08-24 13:14:23 - [TEST_STEP][PASSED] - if (i == 4 &amp;&amp; wildList.indexOf(symbol) != -1): null

2019-08-24 13:14:23 - [TEST_STEP][PASSED] - symbols = symbols: null

2019-08-24 13:14:23 - [TEST_STEP][PASSED] - for ([j = 0, j &lt; symbols.size(), (j++)]): null

2019-08-24 13:14:23 - [TEST_STEP][PASSED] - symbol = symbol: null

2019-08-24 13:14:23 - [TEST_STEP][PASSED] - println(symbol): null

2019-08-24 13:14:23 - [TEST_STEP][PASSED] - if (i == 2 &amp;&amp; wildList.indexOf(symbol) != -1): null

2019-08-24 13:14:23 - [TEST_STEP][PASSED] - if (i == 3 &amp;&amp; wildList.indexOf(symbol) != -1): null

2019-08-24 13:14:23 - [TEST_STEP][PASSED] - if (i == 4 &amp;&amp; wildList.indexOf(symbol) != -1): null

2019-08-24 13:14:23 - [TEST_STEP][PASSED] - symbol = symbol: null

2019-08-24 13:14:23 - [TEST_STEP][PASSED] - println(symbol): null

2019-08-24 13:14:23 - [TEST_STEP][PASSED] - if (i == 2 &amp;&amp; wildList.indexOf(symbol) != -1): null

2019-08-24 13:14:23 - [TEST_STEP][PASSED] - if (i == 3 &amp;&amp; wildList.indexOf(symbol) != -1): null

2019-08-24 13:14:23 - [TEST_STEP][PASSED] - if (i == 4 &amp;&amp; wildList.indexOf(symbol) != -1): null

2019-08-24 13:14:23 - [TEST_STEP][PASSED] - symbol = symbol: null

2019-08-24 13:14:23 - [TEST_STEP][PASSED] - println(symbol): null

2019-08-24 13:14:23 - [TEST_STEP][PASSED] - if (i == 2 &amp;&amp; wildList.indexOf(symbol) != -1): null

2019-08-24 13:14:23 - [TEST_STEP][PASSED] - if (i == 3 &amp;&amp; wildList.indexOf(symbol) != -1): null

2019-08-24 13:14:23 - [TEST_STEP][PASSED] - println("wild found on reel 4, adding counter by 1"): null

2019-08-24 13:14:23 - [TEST_STEP][PASSED] - free_spin_reel_counter[1] = free_spin_reel_counter[1] + 1: null

2019-08-24 13:14:23 - [TEST_STEP][PASSED] - if (i == 4 &amp;&amp; wildList.indexOf(symbol) != -1): null

2019-08-24 13:14:23 - [TEST_STEP][PASSED] - symbols = symbols: null

2019-08-24 13:14:23 - [TEST_STEP][PASSED] - for ([j = 0, j &lt; symbols.size(), (j++)]): null

2019-08-24 13:14:23 - [TEST_STEP][PASSED] - symbol = symbol: null

2019-08-24 13:14:23 - [TEST_STEP][PASSED] - println(symbol): null

2019-08-24 13:14:23 - [TEST_STEP][PASSED] - if (i == 2 &amp;&amp; wildList.indexOf(symbol) != -1): null

2019-08-24 13:14:23 - [TEST_STEP][PASSED] - if (i == 3 &amp;&amp; wildList.indexOf(symbol) != -1): null

2019-08-24 13:14:23 - [TEST_STEP][PASSED] - if (i == 4 &amp;&amp; wildList.indexOf(symbol) != -1): null

2019-08-24 13:14:23 - [TEST_STEP][PASSED] - symbol = symbol: null

2019-08-24 13:14:23 - [TEST_STEP][PASSED] - println(symbol): null

2019-08-24 13:14:23 - [TEST_STEP][PASSED] - if (i == 2 &amp;&amp; wildList.indexOf(symbol) != -1): null

2019-08-24 13:14:23 - [TEST_STEP][PASSED] - if (i == 3 &amp;&amp; wildList.indexOf(symbol) != -1): null

2019-08-24 13:14:23 - [TEST_STEP][PASSED] - if (i == 4 &amp;&amp; wildList.indexOf(symbol) != -1): null

2019-08-24 13:14:23 - [TEST_STEP][PASSED] - symbol = symbol: null

2019-08-24 13:14:23 - [TEST_STEP][PASSED] - println(symbol): null

2019-08-24 13:14:23 - [TEST_STEP][PASSED] - if (i == 2 &amp;&amp; wildList.indexOf(symbol) != -1): null

2019-08-24 13:14:23 - [TEST_STEP][PASSED] - if (i == 3 &amp;&amp; wildList.indexOf(symbol) != -1): null

2019-08-24 13:14:23 - [TEST_STEP][PASSED] - if (i == 4 &amp;&amp; wildList.indexOf(symbol) != -1): null

2019-08-24 13:14:23 - [TEST_STEP][PASSED] - println("wild found on reel 5, adding counter by 1"): null

2019-08-24 13:14:23 - [TEST_STEP][PASSED] - free_spin_reel_counter[2] = free_spin_reel_counter[2] + 1: null

2019-08-24 13:14:23 - [TEST_STEP][PASSED] - free_spin_reel_counter = free_spin_reel_counter: null

2019-08-24 13:14:23 - [TEST_STEP][PASSED] - println("reel 3 wild found: " + free_spin_reel_counter[0]): null

2019-08-24 13:14:23 - [TEST_STEP][PASSED] - println("reel 4 wild found: " + free_spin_reel_counter[1]): null

2019-08-24 13:14:23 - [TEST_STEP][PASSED] - println("reel 5 wild found: " + free_spin_reel_counter[2]): null

2019-08-24 13:14:23 - [TEST_STEP][PASSED] - M4_spin_reels = M4_spin_reels: null

2019-08-24 13:14:23 - [TEST_STEP][PASSED] - M4_spin_reels_symbols = symbol: null

2019-08-24 13:14:23 - [TEST_STEP][PASSED] - M4_spin_reels_symbols = M4_spin_reels_symbols: null

2019-08-24 13:14:23 - [TEST_STEP][PASSED] - M4_spin_reel_wins = reel_wins: null

2019-08-24 13:14:23 - [TEST_STEP][PASSED] - M4_spin_reel_wins = M4_spin_reel_wins: null

2019-08-24 13:14:23 - [TEST_STEP][PASSED] - println("GlobalVariable.M4_spin_reel_wins is: " + M4_spin_reel_wins): null

2019-08-24 13:14:23 - [TEST_STEP][PASSED] - M4_spin_total_bonus_win_this_round = total_bonus_win_this_round: null

2019-08-24 13:14:23 - [TEST_STEP][PASSED] - M4_spin_total_bonus_win_this_round = M4_spin_total_bonus_win_this_round: null

2019-08-24 13:14:23 - [TEST_STEP][PASSED] - println("GlobalVariable.M4_spin_total_bonus_win_this_round is: " + M4_spin_total_bonus_win_this_round): null

2019-08-24 13:14:23 - [TEST_STEP][PASSED] - M4_spin_bonus_spin_result = spin_result: null

2019-08-24 13:14:23 - [TEST_STEP][PASSED] - M4_spin_bonus_spin_result = M4_spin_bonus_spin_result: null

2019-08-24 13:14:23 - [MESSAGE][PASSED] - Verify response successfully

2019-08-24 13:14:23 - [MESSAGE][PASSED] - Send request and verify the response successfully

2019-08-24 13:14:23 - [TEST_STEP][PASSED] - if (M4_total_bonus_spins_int != 0 &amp;&amp; M4_spin_reels_symbols[2].contains("WILD_Expanding")): null

2019-08-24 13:14:23 - [TEST_STEP][PASSED] - break: null

2019-08-24 13:14:23 - [TEST_STEP][PASSED] - sendRequestAndVerify(findTestObject("INT/RGS(M4)/1_Round_detail", ["partner":Partner, "M4_spin_round_id":M4_spin_round_id])): Send request and verify the response successfully

2019-08-24 13:14:24 - [MESSAGE][INFO] - HAR: /Users/eiralee/Katalon_Script/SuperWild/Reports/20190824_125957/INT/superWild_5/20190824_125957/requests/main/253.har

2019-08-24 13:14:24 - [TEST_CASE][PASSED] - Start Test Case : Verification: Verification accomplished successfully

2019-08-24 13:14:24 - [TEST_STEP][PASSED] - request = getInstance().getCurrentRequest(): null

2019-08-24 13:14:24 - [TEST_STEP][PASSED] - response = getInstance().getCurrentResponse(): null

2019-08-24 13:14:24 - [TEST_STEP][PASSED] - verifyResponseStatusCode(response, 200): Verify response status code successfully

2019-08-24 13:14:24 - [MESSAGE][PASSED] - Verify response status code successfully

2019-08-24 13:14:24 - [TEST_STEP][PASSED] - getStatusCode()).isEqualTo(200): null

2019-08-24 13:14:24 - [TEST_STEP][PASSED] - newline = System.getProperty("line.separator"): null

2019-08-24 13:14:24 - [TEST_STEP][PASSED] - M4_round = new groovy.json.JsonSlurper(): null

2019-08-24 13:14:24 - [TEST_STEP][PASSED] - M4_round_detail = M4_round.parseText(response.getResponseBodyContent()): null

2019-08-24 13:14:24 - [TEST_STEP][PASSED] - M4_round_object = M4_round_detail: null

2019-08-24 13:14:24 - [TEST_STEP][PASSED] - M4_round_object = M4_round_object: null

2019-08-24 13:14:24 - [TEST_STEP][PASSED] - M4_round_transaction_type = transaction_type: null

2019-08-24 13:14:24 - [TEST_STEP][PASSED] - M4_round_transaction_type = M4_round_transaction_type: null

2019-08-24 13:14:24 - [TEST_STEP][PASSED] - M4_round_player_id = player_id: null

2019-08-24 13:14:24 - [TEST_STEP][PASSED] - M4_round_player_id = M4_round_player_id: null

2019-08-24 13:14:24 - [TEST_STEP][PASSED] - M4_round_booster_type = booster_type: null

2019-08-24 13:14:24 - [TEST_STEP][PASSED] - M4_round_booster_type = M4_round_booster_type: null

2019-08-24 13:14:24 - [TEST_STEP][PASSED] - M4_round_currency = currency: null

2019-08-24 13:14:24 - [TEST_STEP][PASSED] - M4_round_currency = M4_round_currency: null

2019-08-24 13:14:24 - [TEST_STEP][PASSED] - M4_round_id = round_id: null

2019-08-24 13:14:24 - [TEST_STEP][PASSED] - M4_round_id = M4_round_id: null

2019-08-24 13:14:24 - [TEST_STEP][PASSED] - M4_round_transaction_id = transaction_id: null

2019-08-24 13:14:24 - [TEST_STEP][PASSED] - M4_round_transaction_id = M4_round_transaction_id: null

2019-08-24 13:14:24 - [TEST_STEP][PASSED] - M4_round_transaction_time = transaction_time: null

2019-08-24 13:14:24 - [TEST_STEP][PASSED] - M4_round_transaction_time = M4_round_transaction_time: null

2019-08-24 13:14:24 - [TEST_STEP][PASSED] - M4_round_total_win = total_win: null

2019-08-24 13:14:24 - [TEST_STEP][PASSED] - M4_round_total_win = M4_round_total_win: null

2019-08-24 13:14:24 - [TEST_STEP][PASSED] - M4_round_balance_long = balance: null

2019-08-24 13:14:24 - [TEST_STEP][PASSED] - M4_round_balance = Long.toString(M4_round_balance_long): null

2019-08-24 13:14:24 - [TEST_STEP][PASSED] - M4_round_balance = M4_round_balance: null

2019-08-24 13:14:24 - [TEST_STEP][PASSED] - M4_round_total_bet = total_bet: null

2019-08-24 13:14:24 - [TEST_STEP][PASSED] - M4_round_total_bet = M4_round_total_bet: null

2019-08-24 13:14:24 - [TEST_STEP][PASSED] - M4_round_bet_value = bet_value: null

2019-08-24 13:14:24 - [TEST_STEP][PASSED] - M4_round_bet_value = M4_round_bet_value: null

2019-08-24 13:14:24 - [TEST_STEP][PASSED] - M4_round_line = line: null

2019-08-24 13:14:24 - [TEST_STEP][PASSED] - M4_round_line = M4_round_line: null

2019-08-24 13:14:24 - [TEST_STEP][PASSED] - M4_round_reels1 = reels[0]: null

2019-08-24 13:14:24 - [TEST_STEP][PASSED] - M4_round_reels1 = M4_round_reels1: null

2019-08-24 13:14:24 - [TEST_STEP][PASSED] - M4_round_reels2 = reels[1]: null

2019-08-24 13:14:24 - [TEST_STEP][PASSED] - M4_round_reels2 = M4_round_reels2: null

2019-08-24 13:14:24 - [TEST_STEP][PASSED] - M4_round_reels3 = reels[2]: null

2019-08-24 13:14:24 - [TEST_STEP][PASSED] - M4_round_reels3 = M4_round_reels3: null

2019-08-24 13:14:24 - [TEST_STEP][PASSED] - M4_round_reels4 = reels[3]: null

2019-08-24 13:14:24 - [TEST_STEP][PASSED] - M4_round_reels4 = M4_round_reels4: null

2019-08-24 13:14:24 - [TEST_STEP][PASSED] - M4_round_reels5 = reels[4]: null

2019-08-24 13:14:24 - [TEST_STEP][PASSED] - M4_round_reels5 = M4_round_reels5: null

2019-08-24 13:14:24 - [TEST_STEP][PASSED] - M4_round_F_reels1 = reels[0]: null

2019-08-24 13:14:24 - [TEST_STEP][PASSED] - M4_round_F_reels1 = M4_round_F_reels1: null

2019-08-24 13:14:24 - [TEST_STEP][PASSED] - M4_round_F_reels2 = reels[1]: null

2019-08-24 13:14:24 - [TEST_STEP][PASSED] - M4_round_F_reels2 = M4_round_F_reels2: null

2019-08-24 13:14:24 - [TEST_STEP][PASSED] - M4_round_F_reels3 = reels[2]: null

2019-08-24 13:14:24 - [TEST_STEP][PASSED] - M4_round_F_reels3 = M4_round_F_reels3: null

2019-08-24 13:14:24 - [TEST_STEP][PASSED] - M4_round_F_reels4 = reels[3]: null

2019-08-24 13:14:24 - [TEST_STEP][PASSED] - M4_round_F_reels4 = M4_round_F_reels4: null

2019-08-24 13:14:24 - [TEST_STEP][PASSED] - M4_round_F_reels5 = reels[4]: null

2019-08-24 13:14:24 - [TEST_STEP][PASSED] - M4_round_F_reels5 = M4_round_F_reels5: null

2019-08-24 13:14:24 - [TEST_STEP][PASSED] - M4_round_reels0_symbols1 = symbols[0]: null

2019-08-24 13:14:24 - [TEST_STEP][PASSED] - M4_round_reels0_symbols1 = M4_round_reels0_symbols1: null

2019-08-24 13:14:24 - [TEST_STEP][PASSED] - M4_round_reels0_symbols2 = symbols[1]: null

2019-08-24 13:14:24 - [TEST_STEP][PASSED] - M4_round_reels0_symbols2 = M4_round_reels0_symbols2: null

2019-08-24 13:14:24 - [TEST_STEP][PASSED] - M4_round_reels0_symbols3 = symbols[2]: null

2019-08-24 13:14:24 - [TEST_STEP][PASSED] - M4_round_reels0_symbols3 = M4_round_reels0_symbols3: null

2019-08-24 13:14:24 - [TEST_STEP][PASSED] - M4_round_reels1_symbols1 = symbols[0]: null

2019-08-24 13:14:24 - [TEST_STEP][PASSED] - M4_round_reels1_symbols1 = M4_round_reels1_symbols1: null

2019-08-24 13:14:24 - [TEST_STEP][PASSED] - M4_round_reels1_symbols2 = symbols[1]: null

2019-08-24 13:14:24 - [TEST_STEP][PASSED] - M4_round_reels1_symbols2 = M4_round_reels1_symbols2: null

2019-08-24 13:14:24 - [TEST_STEP][PASSED] - M4_round_reels1_symbols3 = symbols[2]: null

2019-08-24 13:14:24 - [TEST_STEP][PASSED] - M4_round_reels1_symbols3 = M4_round_reels1_symbols3: null

2019-08-24 13:14:24 - [TEST_STEP][PASSED] - M4_round_reels1_symbols4 = symbols[3]: null

2019-08-24 13:14:24 - [TEST_STEP][PASSED] - M4_round_reels_symbols_all = symbol: null

2019-08-24 13:14:24 - [TEST_STEP][PASSED] - M4_round_reels_symbols_all = M4_round_reels_symbols_all: null

2019-08-24 13:14:24 - [TEST_STEP][PASSED] - M4_round_features_triggered = features_triggered: null

2019-08-24 13:14:24 - [TEST_STEP][PASSED] - M4_round_features_triggered = M4_round_features_triggered: null

2019-08-24 13:14:24 - [TEST_STEP][PASSED] - M4_round_features_complete = complete: null

2019-08-24 13:14:24 - [TEST_STEP][PASSED] - M4_round_features_complete = M4_round_features_complete: null

2019-08-24 13:14:24 - [TEST_STEP][PASSED] - M4_round_free_spins_left = free_spins_left: null

2019-08-24 13:14:24 - [TEST_STEP][PASSED] - M4_round_free_spins_left = M4_round_free_spins_left: null

2019-08-24 13:14:24 - [TEST_STEP][PASSED] - M4_round_total_free_spin_count = total_free_spin_count: null

2019-08-24 13:14:24 - [TEST_STEP][PASSED] - M4_round_total_free_spin_count = M4_round_total_free_spin_count: null

2019-08-24 13:14:24 - [TEST_STEP][PASSED] - M4_round_total_free_spin_win_amount = total_free_spin_win_amount: null

2019-08-24 13:14:24 - [TEST_STEP][PASSED] - M4_round_total_free_spin_win_amount = M4_round_total_free_spin_win_amount: null

2019-08-24 13:14:24 - [TEST_STEP][PASSED] - M4_round_subfeatures = subfeatures: null

2019-08-24 13:14:24 - [TEST_STEP][PASSED] - M4_round_subfeatures = M4_round_subfeatures: null

2019-08-24 13:14:24 - [TEST_STEP][PASSED] - M4_round_wild_multiplier = wild_multiplier: null

2019-08-24 13:14:24 - [TEST_STEP][PASSED] - M4_round_wild_multiplier = M4_round_wild_multiplier: null

2019-08-24 13:14:24 - [TEST_STEP][PASSED] - M4_round_wild_config = wild_config: null

2019-08-24 13:14:24 - [TEST_STEP][PASSED] - M4_round_wild_config = M4_round_wild_config: null

2019-08-24 13:14:24 - [TEST_STEP][PASSED] - M4_round_wild_config_index = index: null

2019-08-24 13:14:24 - [TEST_STEP][PASSED] - M4_round_free_spin_left = free_spins_lef: null

2019-08-24 13:14:24 - [TEST_STEP][PASSED] - M4_round_free_spin_left = M4_round_free_spin_left: null

2019-08-24 13:14:24 - [TEST_STEP][PASSED] - M4_round_original_reels = original_reels: null

2019-08-24 13:14:24 - [TEST_STEP][PASSED] - M4_round_original_reels = M4_round_original_reels: null

2019-08-24 13:14:24 - [TEST_STEP][PASSED] - M4_round_swapped_reels = swapped_reels: null

2019-08-24 13:14:24 - [TEST_STEP][PASSED] - M4_round_swapped_reels = M4_round_swapped_reels: null

2019-08-24 13:14:24 - [TEST_STEP][PASSED] - M4_round_free_spins_added = free_spins_added: null

2019-08-24 13:14:24 - [TEST_STEP][PASSED] - M4_round_spin_result_list = spin_results[0]: null

2019-08-24 13:14:24 - [TEST_STEP][PASSED] - M4_round_spin_result_list = M4_round_spin_result_list: null

2019-08-24 13:14:24 - [TEST_STEP][PASSED] - M4_round_feature_state = feature_state: null

2019-08-24 13:14:24 - [TEST_STEP][PASSED] - M4_round_feature_state = M4_round_feature_state: null

2019-08-24 13:14:24 - [TEST_STEP][PASSED] - M4_round_feature_state_all = feature_state: null

2019-08-24 13:14:24 - [TEST_STEP][PASSED] - M4_round_feature_state_all = M4_round_feature_state_all: null

2019-08-24 13:14:24 - [TEST_STEP][PASSED] - M4_round_features_type = type: null

2019-08-24 13:14:24 - [TEST_STEP][PASSED] - M4_round_features_type = M4_round_features_type: null

2019-08-24 13:14:24 - [TEST_STEP][PASSED] - M4_round_scatter_win = scatter_win: null

2019-08-24 13:14:24 - [TEST_STEP][PASSED] - M4_round_scatter_win = M4_round_scatter_win: null

2019-08-24 13:14:24 - [TEST_STEP][PASSED] - M4_round_spin_result1 = spin_results[1]: null

2019-08-24 13:14:24 - [TEST_STEP][PASSED] - M4_round_spin_result1 = M4_round_spin_result1: null

2019-08-24 13:14:24 - [MESSAGE][PASSED] - Verify response successfully

2019-08-24 13:14:24 - [MESSAGE][PASSED] - Send request and verify the response successfully

2019-08-24 13:14:24 - [TEST_STEP][PASSED] - M4_round_features_triggered = M4_round_features_triggered: null

2019-08-24 13:14:24 - [TEST_STEP][PASSED] - wildExpandingIndex = -1: null

2019-08-24 13:14:24 - [TEST_STEP][PASSED] - wildExpandingFeatureStateKeys = null: null

2019-08-24 13:14:24 - [TEST_STEP][PASSED] - for ([i = 0, i &lt; M4_round_features_triggered.size(), (i++)]): null

2019-08-24 13:14:24 - [TEST_STEP][PASSED] - if (type.equals("EXPANDING_WILD")): null

2019-08-24 13:14:24 - [TEST_STEP][PASSED] - if (type.equals("EXPANDING_WILD")): null

2019-08-24 13:14:24 - [TEST_STEP][PASSED] - if (type.equals("EXPANDING_WILD")): null

2019-08-24 13:14:24 - [TEST_STEP][PASSED] - wildExpandingIndex = i: null

2019-08-24 13:14:24 - [TEST_STEP][PASSED] - wildExpandingFeatureStateKeys = feature_state.keySet(): null

2019-08-24 13:14:24 - [TEST_STEP][PASSED] - if (type.equals("EXPANDING_WILD")): null

2019-08-24 13:14:24 - [TEST_STEP][PASSED] - println(wildExpandingIndex): null

2019-08-24 13:14:24 - [TEST_STEP][PASSED] - println(wildExpandingFeatureStateKeys): null

2019-08-24 13:14:24 - [TEST_STEP][PASSED] - Expanding_keys = new java.util.ArrayList(wildExpandingFeatureStateKeys): null

2019-08-24 13:14:24 - [TEST_STEP][PASSED] - Collections.sort(Expanding): null

2019-08-24 13:14:24 - [TEST_STEP][PASSED] - Collections.sort(Expanding_keys): null

2019-08-24 13:14:24 - [TEST_STEP][PASSED] - println("Expanding is:" + Expanding): null

2019-08-24 13:14:24 - [TEST_STEP][PASSED] - println("Expanding_keys is:" + Expanding_keys): null

2019-08-24 13:14:24 - [TEST_STEP][PASSED] - assert Expanding.equals(Expanding_keys): null

2019-08-24 13:14:24 - [TEST_STEP][PASSED] - callTestCase(findTestCase("INT_env/compare_values/5_Expanding_verify_value_and_summary"), ["Partner":Partner, "Userid":Userid, "Game_code":Game_code, "url_krug_gw":url_krug_gw, "secret_key":secret_key, "gameId":gameId, ... ]): Call Test Case 'Test Cases/INT_env/compare_values/5_Expanding_verify_value_and_summary' successfully

2019-08-24 13:14:24 - [TEST_CASE][PASSED] - Test Cases/INT_env/compare_values/5_Expanding_verify_value_and_summary: Test Cases/INT_env/compare_values/5_Expanding_verify_value_and_summary

2019-08-24 13:14:24 - [TEST_STEP][PASSED] - sendRequestAndVerify(findTestObject("INT/Wallet/Get_Session_Token", ["url_krug_gw":url_krug_gw, "partner":Partner, "secret_key":secret_key, "userid":Userid])): Send request and verify the response successfully

2019-08-24 13:14:24 - [MESSAGE][INFO] - HAR: /Users/eiralee/Katalon_Script/SuperWild/Reports/20190824_125957/INT/superWild_5/20190824_125957/requests/main/254.har

2019-08-24 13:14:24 - [TEST_CASE][PASSED] - Start Test Case : Verification: Verification accomplished successfully

2019-08-24 13:14:24 - [TEST_STEP][PASSED] - request = getInstance().getCurrentRequest(): null

2019-08-24 13:14:25 - [TEST_STEP][PASSED] - response = getInstance().getCurrentResponse(): null

2019-08-24 13:14:25 - [TEST_STEP][PASSED] - verifyResponseStatusCode(response, 200): Verify response status code successfully

2019-08-24 13:14:25 - [MESSAGE][PASSED] - Verify response status code successfully

2019-08-24 13:14:25 - [TEST_STEP][PASSED] - getStatusCode()).isEqualTo(200): null

2019-08-24 13:14:25 - [TEST_STEP][PASSED] - getResponseText()).contains("session_token"): null

2019-08-24 13:14:25 - [TEST_STEP][PASSED] - getsession = new groovy.json.JsonSlurper(): null

2019-08-24 13:14:25 - [TEST_STEP][PASSED] - result_getsession = getsession.parseText(response.getResponseBodyContent()): null

2019-08-24 13:14:25 - [TEST_STEP][PASSED] - session_token = session_token: null

2019-08-24 13:14:25 - [TEST_STEP][PASSED] - println("...value extracted is :" + session_token): null

2019-08-24 13:14:25 - [TEST_STEP][PASSED] - session_token = session_token: null

2019-08-24 13:14:25 - [TEST_STEP][PASSED] - println("GlobalVariable is :" + session_token): null

2019-08-24 13:14:25 - [TEST_STEP][PASSED] - internal_balance = internal_balance: null

2019-08-24 13:14:25 - [TEST_STEP][PASSED] - internal_balance = internal_balance: null

2019-08-24 13:14:25 - [MESSAGE][PASSED] - Verify response successfully

2019-08-24 13:14:25 - [MESSAGE][PASSED] - Send request and verify the response successfully

2019-08-24 13:14:25 - [TEST_STEP][PASSED] - M4_login = sendRequestAndVerify(findTestObject("INT/RGS(M4)/M4_Login", ["partner":Partner, "game_code":Game_code, "session_token":session_token])): Send request and verify the response successfully

2019-08-24 13:14:25 - [MESSAGE][INFO] - HAR: /Users/eiralee/Katalon_Script/SuperWild/Reports/20190824_125957/INT/superWild_5/20190824_125957/requests/main/255.har

2019-08-24 13:14:25 - [TEST_CASE][PASSED] - Start Test Case : Verification: Verification accomplished successfully

2019-08-24 13:14:25 - [TEST_STEP][PASSED] - request = getInstance().getCurrentRequest(): null

2019-08-24 13:14:25 - [TEST_STEP][PASSED] - response = getInstance().getCurrentResponse(): null

2019-08-24 13:14:25 - [TEST_STEP][PASSED] - verifyResponseStatusCode(response, 200): Verify response status code successfully

2019-08-24 13:14:25 - [MESSAGE][PASSED] - Verify response status code successfully

2019-08-24 13:14:25 - [TEST_STEP][PASSED] - getStatusCode()).isEqualTo(200): null

2019-08-24 13:14:25 - [TEST_STEP][PASSED] - newline = System.getProperty("line.separator"): null

2019-08-24 13:14:25 - [TEST_STEP][PASSED] - M4_login = new groovy.json.JsonSlurper(): null

2019-08-24 13:14:25 - [TEST_STEP][PASSED] - result_M4_login = M4_login.parseText(response.getResponseBodyContent()): null

2019-08-24 13:14:25 - [TEST_STEP][PASSED] - M4_login_user_id = user_id: null

2019-08-24 13:14:25 - [TEST_STEP][PASSED] - println("playerid is: " + M4_login_user_id): null

2019-08-24 13:14:25 - [TEST_STEP][PASSED] - M4_login_user_id = M4_login_user_id: null

2019-08-24 13:14:25 - [MESSAGE][PASSED] - Verify response successfully

2019-08-24 13:14:25 - [MESSAGE][PASSED] - Send request and verify the response successfully

2019-08-24 13:14:25 - [TEST_STEP][PASSED] - M4_login_user_id = M4_login_user_id: null

2019-08-24 13:14:25 - [TEST_STEP][PASSED] - M4_init = sendRequestAndVerify(findTestObject("INT/RGS(M4)/M4_init", ["partner":Partner, "gameId":gameId, "M4_login_user_id":M4_login_user_id])): Send request and verify the response successfully

2019-08-24 13:14:25 - [MESSAGE][INFO] - HAR: /Users/eiralee/Katalon_Script/SuperWild/Reports/20190824_125957/INT/superWild_5/20190824_125957/requests/main/256.har

2019-08-24 13:14:25 - [TEST_CASE][PASSED] - Start Test Case : Verification: Verification accomplished successfully

2019-08-24 13:14:25 - [TEST_STEP][PASSED] - request = getInstance().getCurrentRequest(): null

2019-08-24 13:14:26 - [TEST_STEP][PASSED] - response = getInstance().getCurrentResponse(): null

2019-08-24 13:14:26 - [TEST_STEP][PASSED] - verifyResponseStatusCode(response, 200): Verify response status code successfully

2019-08-24 13:14:26 - [MESSAGE][PASSED] - Verify response status code successfully

2019-08-24 13:14:26 - [TEST_STEP][PASSED] - getStatusCode()).isEqualTo(200): null

2019-08-24 13:14:26 - [TEST_STEP][PASSED] - newline = System.getProperty("line.separator"): null

2019-08-24 13:14:26 - [TEST_STEP][PASSED] - M4_init = new groovy.json.JsonSlurper(): null

2019-08-24 13:14:26 - [TEST_STEP][PASSED] - result_M4_init = M4_init.parseText(response.getResponseBodyContent()): null

2019-08-24 13:14:26 - [TEST_STEP][PASSED] - rgs_session_token = session_token: null

2019-08-24 13:14:26 - [TEST_STEP][PASSED] - rgs_session_token = rgs_session_token: null

2019-08-24 13:14:26 - [TEST_STEP][PASSED] - M4_init_balance = balance: null

2019-08-24 13:14:26 - [TEST_STEP][PASSED] - M4_init_balance = M4_init_balance: null

2019-08-24 13:14:26 - [TEST_STEP][PASSED] - game_code = genesis_id: null

2019-08-24 13:14:26 - [TEST_STEP][PASSED] - game_code = game_code: null

2019-08-24 13:14:26 - [TEST_STEP][PASSED] - M4_free_round = free_round: null

2019-08-24 13:14:26 - [TEST_STEP][PASSED] - M4_free_round = M4_free_round: null

2019-08-24 13:14:26 - [MESSAGE][PASSED] - Verify response successfully

2019-08-24 13:14:26 - [MESSAGE][PASSED] - Send request and verify the response successfully

2019-08-24 13:14:26 - [TEST_STEP][PASSED] - rgs_session_token = rgs_session_token: null

2019-08-24 13:14:26 - [TEST_STEP][PASSED] - sendRequestAndVerify(findTestObject("INT/RGS(M4)/1_Round_detail", ["partner":Partner, "M4_spin_round_id":M4_spin_round_id])): Send request and verify the response successfully

2019-08-24 13:14:26 - [MESSAGE][INFO] - HAR: /Users/eiralee/Katalon_Script/SuperWild/Reports/20190824_125957/INT/superWild_5/20190824_125957/requests/main/257.har

2019-08-24 13:14:26 - [TEST_CASE][PASSED] - Start Test Case : Verification: Verification accomplished successfully

2019-08-24 13:14:26 - [TEST_STEP][PASSED] - request = getInstance().getCurrentRequest(): null

2019-08-24 13:14:26 - [TEST_STEP][PASSED] - response = getInstance().getCurrentResponse(): null

2019-08-24 13:14:26 - [TEST_STEP][PASSED] - verifyResponseStatusCode(response, 200): Verify response status code successfully

2019-08-24 13:14:26 - [MESSAGE][PASSED] - Verify response status code successfully

2019-08-24 13:14:26 - [TEST_STEP][PASSED] - getStatusCode()).isEqualTo(200): null

2019-08-24 13:14:26 - [TEST_STEP][PASSED] - newline = System.getProperty("line.separator"): null

2019-08-24 13:14:26 - [TEST_STEP][PASSED] - M4_round = new groovy.json.JsonSlurper(): null

2019-08-24 13:14:26 - [TEST_STEP][PASSED] - M4_round_detail = M4_round.parseText(response.getResponseBodyContent()): null

2019-08-24 13:14:26 - [TEST_STEP][PASSED] - M4_round_object = M4_round_detail: null

2019-08-24 13:14:26 - [TEST_STEP][PASSED] - M4_round_object = M4_round_object: null

2019-08-24 13:14:26 - [TEST_STEP][PASSED] - M4_round_transaction_type = transaction_type: null

2019-08-24 13:14:26 - [TEST_STEP][PASSED] - M4_round_transaction_type = M4_round_transaction_type: null

2019-08-24 13:14:26 - [TEST_STEP][PASSED] - M4_round_player_id = player_id: null

2019-08-24 13:14:26 - [TEST_STEP][PASSED] - M4_round_player_id = M4_round_player_id: null

2019-08-24 13:14:26 - [TEST_STEP][PASSED] - M4_round_booster_type = booster_type: null

2019-08-24 13:14:26 - [TEST_STEP][PASSED] - M4_round_booster_type = M4_round_booster_type: null

2019-08-24 13:14:26 - [TEST_STEP][PASSED] - M4_round_currency = currency: null

2019-08-24 13:14:26 - [TEST_STEP][PASSED] - M4_round_currency = M4_round_currency: null

2019-08-24 13:14:26 - [TEST_STEP][PASSED] - M4_round_id = round_id: null

2019-08-24 13:14:26 - [TEST_STEP][PASSED] - M4_round_id = M4_round_id: null

2019-08-24 13:14:26 - [TEST_STEP][PASSED] - M4_round_transaction_id = transaction_id: null

2019-08-24 13:14:26 - [TEST_STEP][PASSED] - M4_round_transaction_id = M4_round_transaction_id: null

2019-08-24 13:14:26 - [TEST_STEP][PASSED] - M4_round_transaction_time = transaction_time: null

2019-08-24 13:14:26 - [TEST_STEP][PASSED] - M4_round_transaction_time = M4_round_transaction_time: null

2019-08-24 13:14:26 - [TEST_STEP][PASSED] - M4_round_total_win = total_win: null

2019-08-24 13:14:26 - [TEST_STEP][PASSED] - M4_round_total_win = M4_round_total_win: null

2019-08-24 13:14:26 - [TEST_STEP][PASSED] - M4_round_balance_long = balance: null

2019-08-24 13:14:26 - [TEST_STEP][PASSED] - M4_round_balance = Long.toString(M4_round_balance_long): null

2019-08-24 13:14:26 - [TEST_STEP][PASSED] - M4_round_balance = M4_round_balance: null

2019-08-24 13:14:26 - [TEST_STEP][PASSED] - M4_round_total_bet = total_bet: null

2019-08-24 13:14:26 - [TEST_STEP][PASSED] - M4_round_total_bet = M4_round_total_bet: null

2019-08-24 13:14:26 - [TEST_STEP][PASSED] - M4_round_bet_value = bet_value: null

2019-08-24 13:14:26 - [TEST_STEP][PASSED] - M4_round_bet_value = M4_round_bet_value: null

2019-08-24 13:14:26 - [TEST_STEP][PASSED] - M4_round_line = line: null

2019-08-24 13:14:26 - [TEST_STEP][PASSED] - M4_round_line = M4_round_line: null

2019-08-24 13:14:26 - [TEST_STEP][PASSED] - M4_round_reels1 = reels[0]: null

2019-08-24 13:14:26 - [TEST_STEP][PASSED] - M4_round_reels1 = M4_round_reels1: null

2019-08-24 13:14:26 - [TEST_STEP][PASSED] - M4_round_reels2 = reels[1]: null

2019-08-24 13:14:26 - [TEST_STEP][PASSED] - M4_round_reels2 = M4_round_reels2: null

2019-08-24 13:14:26 - [TEST_STEP][PASSED] - M4_round_reels3 = reels[2]: null

2019-08-24 13:14:26 - [TEST_STEP][PASSED] - M4_round_reels3 = M4_round_reels3: null

2019-08-24 13:14:26 - [TEST_STEP][PASSED] - M4_round_reels4 = reels[3]: null

2019-08-24 13:14:26 - [TEST_STEP][PASSED] - M4_round_reels4 = M4_round_reels4: null

2019-08-24 13:14:26 - [TEST_STEP][PASSED] - M4_round_reels5 = reels[4]: null

2019-08-24 13:14:26 - [TEST_STEP][PASSED] - M4_round_reels5 = M4_round_reels5: null

2019-08-24 13:14:26 - [TEST_STEP][PASSED] - M4_round_F_reels1 = reels[0]: null

2019-08-24 13:14:26 - [TEST_STEP][PASSED] - M4_round_F_reels1 = M4_round_F_reels1: null

2019-08-24 13:14:26 - [TEST_STEP][PASSED] - M4_round_F_reels2 = reels[1]: null

2019-08-24 13:14:26 - [TEST_STEP][PASSED] - M4_round_F_reels2 = M4_round_F_reels2: null

2019-08-24 13:14:26 - [TEST_STEP][PASSED] - M4_round_F_reels3 = reels[2]: null

2019-08-24 13:14:26 - [TEST_STEP][PASSED] - M4_round_F_reels3 = M4_round_F_reels3: null

2019-08-24 13:14:26 - [TEST_STEP][PASSED] - M4_round_F_reels4 = reels[3]: null

2019-08-24 13:14:26 - [TEST_STEP][PASSED] - M4_round_F_reels4 = M4_round_F_reels4: null

2019-08-24 13:14:26 - [TEST_STEP][PASSED] - M4_round_F_reels5 = reels[4]: null

2019-08-24 13:14:26 - [TEST_STEP][PASSED] - M4_round_F_reels5 = M4_round_F_reels5: null

2019-08-24 13:14:28 - [TEST_STEP][PASSED] - M4_round_reels0_symbols1 = symbols[0]: null

2019-08-24 13:14:28 - [TEST_STEP][PASSED] - M4_round_reels0_symbols1 = M4_round_reels0_symbols1: null

2019-08-24 13:14:28 - [TEST_STEP][PASSED] - M4_round_reels0_symbols2 = symbols[1]: null

2019-08-24 13:14:28 - [TEST_STEP][PASSED] - M4_round_reels0_symbols2 = M4_round_reels0_symbols2: null

2019-08-24 13:14:28 - [TEST_STEP][PASSED] - M4_round_reels0_symbols3 = symbols[2]: null

2019-08-24 13:14:28 - [TEST_STEP][PASSED] - M4_round_reels0_symbols3 = M4_round_reels0_symbols3: null

2019-08-24 13:14:28 - [TEST_STEP][PASSED] - M4_round_reels1_symbols1 = symbols[0]: null

2019-08-24 13:14:28 - [TEST_STEP][PASSED] - M4_round_reels1_symbols1 = M4_round_reels1_symbols1: null

2019-08-24 13:14:28 - [TEST_STEP][PASSED] - M4_round_reels1_symbols2 = symbols[1]: null

2019-08-24 13:14:28 - [TEST_STEP][PASSED] - M4_round_reels1_symbols2 = M4_round_reels1_symbols2: null

2019-08-24 13:14:33 - [TEST_STEP][PASSED] - M4_round_reels1_symbols3 = symbols[2]: null

2019-08-24 13:14:33 - [TEST_STEP][PASSED] - M4_round_reels1_symbols3 = M4_round_reels1_symbols3: null

2019-08-24 13:14:33 - [TEST_STEP][PASSED] - M4_round_reels1_symbols4 = symbols[3]: null

2019-08-24 13:14:33 - [TEST_STEP][PASSED] - M4_round_reels_symbols_all = symbol: null

2019-08-24 13:14:33 - [TEST_STEP][PASSED] - M4_round_reels_symbols_all = M4_round_reels_symbols_all: null

2019-08-24 13:14:33 - [TEST_STEP][PASSED] - M4_round_features_triggered = features_triggered: null

2019-08-24 13:14:38 - [TEST_STEP][PASSED] - M4_round_features_triggered = M4_round_features_triggered: null

2019-08-24 13:14:38 - [TEST_STEP][PASSED] - M4_round_features_complete = complete: null

2019-08-24 13:14:38 - [TEST_STEP][PASSED] - M4_round_features_complete = M4_round_features_complete: null

2019-08-24 13:14:38 - [TEST_STEP][PASSED] - M4_round_free_spins_left = free_spins_left: null

2019-08-24 13:14:38 - [TEST_STEP][PASSED] - M4_round_free_spins_left = M4_round_free_spins_left: null

2019-08-24 13:14:38 - [TEST_STEP][PASSED] - M4_round_total_free_spin_count = total_free_spin_count: null

2019-08-24 13:14:38 - [TEST_STEP][PASSED] - M4_round_total_free_spin_count = M4_round_total_free_spin_count: null

2019-08-24 13:14:38 - [TEST_STEP][PASSED] - M4_round_total_free_spin_win_amount = total_free_spin_win_amount: null

2019-08-24 13:14:38 - [TEST_STEP][PASSED] - M4_round_total_free_spin_win_amount = M4_round_total_free_spin_win_amount: null

2019-08-24 13:14:38 - [TEST_STEP][PASSED] - M4_round_subfeatures = subfeatures: null

2019-08-24 13:14:39 - [TEST_STEP][PASSED] - M4_round_subfeatures = M4_round_subfeatures: null

2019-08-24 13:14:39 - [TEST_STEP][PASSED] - M4_round_wild_multiplier = wild_multiplier: null

2019-08-24 13:14:39 - [TEST_STEP][PASSED] - M4_round_wild_multiplier = M4_round_wild_multiplier: null

2019-08-24 13:14:39 - [TEST_STEP][PASSED] - M4_round_wild_config = wild_config: null

2019-08-24 13:14:39 - [TEST_STEP][PASSED] - M4_round_wild_config = M4_round_wild_config: null

2019-08-24 13:14:39 - [TEST_STEP][PASSED] - M4_round_wild_config_index = index: null

2019-08-24 13:14:39 - [TEST_STEP][PASSED] - M4_round_free_spin_left = free_spins_lef: null

2019-08-24 13:14:39 - [TEST_STEP][PASSED] - M4_round_free_spin_left = M4_round_free_spin_left: null

2019-08-24 13:14:39 - [TEST_STEP][PASSED] - M4_round_original_reels = original_reels: null

2019-08-24 13:14:39 - [TEST_STEP][PASSED] - M4_round_original_reels = M4_round_original_reels: null

2019-08-24 13:14:39 - [TEST_STEP][PASSED] - M4_round_swapped_reels = swapped_reels: null

2019-08-24 13:14:39 - [TEST_STEP][PASSED] - M4_round_swapped_reels = M4_round_swapped_reels: null

2019-08-24 13:14:39 - [TEST_STEP][PASSED] - M4_round_free_spins_added = free_spins_added: null

2019-08-24 13:14:39 - [TEST_STEP][PASSED] - M4_round_spin_result_list = spin_results[0]: null

2019-08-24 13:14:39 - [TEST_STEP][PASSED] - M4_round_spin_result_list = M4_round_spin_result_list: null

2019-08-24 13:14:39 - [TEST_STEP][PASSED] - M4_round_feature_state = feature_state: null

2019-08-24 13:14:39 - [TEST_STEP][PASSED] - M4_round_feature_state = M4_round_feature_state: null

2019-08-24 13:14:39 - [TEST_STEP][PASSED] - M4_round_feature_state_all = feature_state: null

2019-08-24 13:14:39 - [TEST_STEP][PASSED] - M4_round_feature_state_all = M4_round_feature_state_all: null

2019-08-24 13:14:39 - [TEST_STEP][PASSED] - M4_round_features_type = type: null

2019-08-24 13:14:39 - [TEST_STEP][PASSED] - M4_round_features_type = M4_round_features_type: null

2019-08-24 13:14:39 - [TEST_STEP][PASSED] - M4_round_scatter_win = scatter_win: null

2019-08-24 13:14:39 - [TEST_STEP][PASSED] - M4_round_scatter_win = M4_round_scatter_win: null

2019-08-24 13:14:39 - [TEST_STEP][PASSED] - M4_round_spin_result1 = spin_results[1]: null

2019-08-24 13:14:39 - [TEST_STEP][PASSED] - M4_round_spin_result1 = M4_round_spin_result1: null

2019-08-24 13:14:39 - [MESSAGE][PASSED] - Verify response successfully

2019-08-24 13:14:39 - [MESSAGE][PASSED] - Send request and verify the response successfully

2019-08-24 13:14:39 - [TEST_STEP][PASSED] - M4_round_features_triggered = M4_round_features_triggered: null

2019-08-24 13:14:39 - [TEST_STEP][PASSED] - extraFreeSpinTypeAndComplete = false: null

2019-08-24 13:14:39 - [TEST_STEP][PASSED] - original = "": null

2019-08-24 13:14:39 - [TEST_STEP][PASSED] - swapped = "": null

2019-08-24 13:14:39 - [TEST_STEP][PASSED] - for ([i = 0, i &lt; M4_round_features_triggered.size(), (i++)]): null

2019-08-24 13:14:39 - [TEST_STEP][PASSED] - trigger = M4_round_features_triggered[i]: null

2019-08-24 13:14:39 - [TEST_STEP][PASSED] - if (type.equals("EXPANDING_WILD") &amp;&amp; complete == true): null

2019-08-24 13:14:39 - [TEST_STEP][PASSED] - trigger = M4_round_features_triggered[i]: null

2019-08-24 13:14:39 - [TEST_STEP][PASSED] - if (type.equals("EXPANDING_WILD") &amp;&amp; complete == true): null

2019-08-24 13:14:39 - [TEST_STEP][PASSED] - trigger = M4_round_features_triggered[i]: null

2019-08-24 13:14:39 - [TEST_STEP][PASSED] - if (type.equals("EXPANDING_WILD") &amp;&amp; complete == true): null

2019-08-24 13:14:39 - [TEST_STEP][PASSED] - extraFreeSpinTypeAndComplete = true: null

2019-08-24 13:14:39 - [TEST_STEP][PASSED] - original = original_reels: null

2019-08-24 13:14:39 - [TEST_STEP][PASSED] - swapped = swapped_reels: null

2019-08-24 13:14:39 - [TEST_STEP][PASSED] - trigger = M4_round_features_triggered[i]: null

2019-08-24 13:14:39 - [TEST_STEP][PASSED] - if (type.equals("EXPANDING_WILD") &amp;&amp; complete == true): null

2019-08-24 13:14:39 - [TEST_STEP][PASSED] - println("original is:" + original): null

2019-08-24 13:14:39 - [TEST_STEP][PASSED] - println("swapped is: " + swapped): null

2019-08-24 13:14:39 - [TEST_STEP][PASSED] - subfeatures = new java.util.ArrayList(): null

2019-08-24 13:14:39 - [TEST_STEP][PASSED] - subfeatures.add("FREE_SPIN"): null

2019-08-24 13:14:39 - [TEST_STEP][PASSED] - M4_round_spin_result_list = M4_round_spin_result_list: null

2019-08-24 13:14:39 - [TEST_STEP][PASSED] - feature_trigger = features_triggered: null

2019-08-24 13:14:39 - [TEST_STEP][PASSED] - total_free_spin_count = "": null

2019-08-24 13:14:39 - [TEST_STEP][PASSED] - free_spins_left = "": null

2019-08-24 13:14:39 - [TEST_STEP][PASSED] - total_free_spin_win_amount = "": null

2019-08-24 13:14:39 - [TEST_STEP][PASSED] - for ([i = 0, i &lt; feature_trigger.size(), (i++)]): null

2019-08-24 13:14:39 - [TEST_STEP][PASSED] - feature_type = type: null

2019-08-24 13:14:39 - [TEST_STEP][PASSED] - if (feature_type == "FREE_SPIN"): null

2019-08-24 13:14:39 - [TEST_STEP][PASSED] - feature_type = type: null

2019-08-24 13:14:39 - [TEST_STEP][PASSED] - if (feature_type == "FREE_SPIN"): null

2019-08-24 13:14:39 - [TEST_STEP][PASSED] - feature_type = type: null

2019-08-24 13:14:39 - [TEST_STEP][PASSED] - if (feature_type == "FREE_SPIN"): null

2019-08-24 13:14:39 - [TEST_STEP][PASSED] - feature_type = type: null

2019-08-24 13:14:39 - [TEST_STEP][PASSED] - if (feature_type == "FREE_SPIN"): null

2019-08-24 13:14:39 - [TEST_STEP][PASSED] - subfeatures_list = subfeatures: null

2019-08-24 13:14:39 - [TEST_STEP][PASSED] - for ([j = 0, j &lt; subfeatures_list.size(), (j++)]): null

2019-08-24 13:14:39 - [TEST_STEP][PASSED] - subfeatures.add(subfeatures_list[j]): null

2019-08-24 13:14:39 - [TEST_STEP][PASSED] - subfeatures.add(subfeatures_list[j]): null

2019-08-24 13:14:39 - [TEST_STEP][PASSED] - subfeatures.add(subfeatures_list[j]): null

2019-08-24 13:14:39 - [TEST_STEP][PASSED] - sendRequestAndVerify(findTestObject("INT/RGS(M4)/Summary_history", ["partner_code":partner_code, "game_code":Game_code, "partner":Partner, "userid":Userid])): Send request and verify the response successfully

2019-08-24 13:14:39 - [MESSAGE][INFO] - HAR: /Users/eiralee/Katalon_Script/SuperWild/Reports/20190824_125957/INT/superWild_5/20190824_125957/requests/main/258.har

2019-08-24 13:14:39 - [TEST_CASE][PASSED] - Start Test Case : Verification: Verification accomplished successfully

2019-08-24 13:14:39 - [TEST_STEP][PASSED] - request = getInstance().getCurrentRequest(): null

2019-08-24 13:14:39 - [TEST_STEP][PASSED] - response = getInstance().getCurrentResponse(): null

2019-08-24 13:14:39 - [TEST_STEP][PASSED] - verifyResponseStatusCode(response, 200): Verify response status code successfully

2019-08-24 13:14:39 - [MESSAGE][PASSED] - Verify response status code successfully

2019-08-24 13:14:39 - [TEST_STEP][PASSED] - getStatusCode()).isEqualTo(200): null

2019-08-24 13:14:39 - [TEST_STEP][PASSED] - summary_detail = new groovy.json.JsonSlurper(): null

2019-08-24 13:14:39 - [TEST_STEP][PASSED] - summary_history = summary_detail.parseText(response.getResponseBodyContent()): null

2019-08-24 13:14:39 - [TEST_STEP][PASSED] - summary_top_level = summary_history: null

2019-08-24 13:14:39 - [TEST_STEP][PASSED] - summary_top_level = summary_top_level: null

2019-08-24 13:14:39 - [TEST_STEP][PASSED] - summary_data = data: null

2019-08-24 13:14:39 - [TEST_STEP][PASSED] - summary_data = summary_data: null

2019-08-24 13:14:39 - [TEST_STEP][PASSED] - summary_query = query: null

2019-08-24 13:14:39 - [TEST_STEP][PASSED] - summary_query = summary_query: null

2019-08-24 13:14:39 - [TEST_STEP][PASSED] - summary_payload = payload: null

2019-08-24 13:14:39 - [TEST_STEP][PASSED] - summary_payload = summary_payload: null

2019-08-24 13:14:39 - [TEST_STEP][PASSED] - summary_round_id_1 = round_id: null

2019-08-24 13:14:39 - [TEST_STEP][PASSED] - summary_round_id_1 = summary_round_id_1: null

2019-08-24 13:14:39 - [TEST_STEP][PASSED] - summary_total_bet_1 = total_bet: null

2019-08-24 13:14:39 - [TEST_STEP][PASSED] - summary_total_bet_1 = summary_total_bet_1: null

2019-08-24 13:14:39 - [TEST_STEP][PASSED] - summary_bet_value_1 = bet_value: null

2019-08-24 13:14:39 - [TEST_STEP][PASSED] - summary_bet_value_1 = summary_bet_value_1: null

2019-08-24 13:14:39 - [TEST_STEP][PASSED] - summary_total_win_1 = total_win: null

2019-08-24 13:14:39 - [TEST_STEP][PASSED] - summary_total_win_1 = summary_total_win_1: null

2019-08-24 13:14:39 - [TEST_STEP][PASSED] - summary_balance_1 = balance: null

2019-08-24 13:14:39 - [TEST_STEP][PASSED] - summary_balance_1 = summary_balance_1: null

2019-08-24 13:14:39 - [TEST_STEP][PASSED] - summary_date_1 = date: null

2019-08-24 13:14:39 - [TEST_STEP][PASSED] - summary_date_1 = summary_date_1: null

2019-08-24 13:14:39 - [TEST_STEP][PASSED] - summary_round_type_1 = round_type: null

2019-08-24 13:14:39 - [TEST_STEP][PASSED] - summary_round_type_1 = summary_round_type_1: null

2019-08-24 13:14:39 - [TEST_STEP][PASSED] - summary_bonus_provider_1 = bonus_provider: null

2019-08-24 13:14:39 - [TEST_STEP][PASSED] - summary_bonus_provider_1 = summary_bonus_provider_1: null

2019-08-24 13:14:39 - [TEST_STEP][PASSED] - summary_booster_type_1 = booster_type: null

2019-08-24 13:14:39 - [TEST_STEP][PASSED] - summary_booster_type_1 = summary_booster_type_1: null

2019-08-24 13:14:39 - [TEST_STEP][PASSED] - summary_with_free_spin_1 = with_free_spin: null

2019-08-24 13:14:39 - [TEST_STEP][PASSED] - summary_with_free_spin_1 = summary_with_free_spin_1: null

2019-08-24 13:14:39 - [TEST_STEP][PASSED] - summary_feature_track_1 = feature_track: null

2019-08-24 13:14:39 - [TEST_STEP][PASSED] - summary_feature_track_1 = summary_feature_track_1: null

2019-08-24 13:14:39 - [TEST_STEP][PASSED] - summary_totalCount = totalCount: null

2019-08-24 13:14:39 - [TEST_STEP][PASSED] - summary_totalCount = summary_totalCount: null

2019-08-24 13:14:39 - [MESSAGE][PASSED] - Verify response successfully

2019-08-24 13:14:39 - [MESSAGE][PASSED] - Send request and verify the response successfully

2019-08-24 13:14:39 - [TEST_STEP][PASSED] - Collections.sort(subfeatures): null

2019-08-24 13:14:39 - [TEST_STEP][PASSED] - Collections.sort(summary_feature_track_1): null

2019-08-24 13:14:39 - [TEST_STEP][PASSED] - println("GlobalVariable.summary_feature_track_1 is: " + summary_feature_track_1): null

2019-08-24 13:14:39 - [TEST_STEP][PASSED] - println("subfeatures is: " + subfeatures): null

2019-08-24 13:14:39 - [TEST_STEP][PASSED] - println("original is:" + original): null

2019-08-24 13:14:39 - [TEST_STEP][PASSED] - println("swapped is: " + swapped): null

2019-08-24 13:14:39 - [TEST_STEP][PASSED] - println("GlobalVariable.summary_with_free_spin_1 is: " + summary_with_free_spin_1): null

2019-08-24 13:14:39 - [TEST_STEP][PASSED] - assert extraFreeSpinTypeAndComplete == true: null

2019-08-24 13:14:39 - [TEST_STEP][PASSED] - assert original.size() == 0: null

2019-08-24 13:14:39 - [TEST_STEP][PASSED] - assert swapped == null: null

2019-08-24 13:14:39 - [TEST_STEP][PASSED] - assert subfeatures.equals(summary_feature_track_1): null

2019-08-24 13:14:39 - [TEST_STEP][PASSED] - assert summary_with_free_spin_1 == true: null

2019-08-24 13:14:39 - [MESSAGE][PASSED] - Call Test Case 'Test Cases/INT_env/compare_values/5_Expanding_verify_value_and_summary' successfully</system-out>
            <system-err></system-err>
        </testcase>
        <system-out>2019-08-24 13:00:11 - [TEST_SUITE][PASSED] - superWild_5: Test Cases/INT_env/5_Expanding_CALL</system-out>
        <system-err></system-err>
    </testsuite>
</testsuites>
