<?xml version="1.0" encoding="UTF-8" standalone="yes"?>
<testsuites name="superWild_1" time="22" tests="1" failures="0" errors="0">
    <testsuite name="superWild_1" tests="1" failures="0" errors="0" time="22" timestamp="2019-08-23 17:16:48" hostname="eiralee - 172.16.60.194" id="Test Suites/INT/superWild_1">
        <properties>
            <property name="deviceName" value=""/>
            <property name="devicePlatform" value=""/>
            <property name="logFolder" value="/Users/eiralee/Katalon_Script/SuperWild/Reports/20190823_171636/INT/superWild_1/20190823_171636"/>
            <property name="logFiles" value="/Users/eiralee/Katalon_Script/SuperWild/Reports/20190823_171636/INT/superWild_1/20190823_171636/execution0.log"/>
            <property name="attachments" value=""/>
            <property name="hostName" value="eiralee - 172.16.60.194"/>
            <property name="hostAddress" value="172.16.60.194"/>
            <property name="os" value="Mac OS X 64bit"/>
            <property name="katalonVersion" value="6.3.1.2"/>
        </properties>
        <testcase name="Test Cases/INT_env/1_Free_Spin_CALL" classname="Test Cases/INT_env/1_Free_Spin_CALL" status="PASSED">
            <system-out>2019-08-23 17:16:48 - [TEST_CASE][PASSED] - Test Cases/INT_env/1_Free_Spin_CALL: Test Cases/INT_env/1_Free_Spin_CALL

2019-08-23 17:16:50 - [TEST_STEP][PASSED] - NG_top_level = new java.util.ArrayList(): null

2019-08-23 17:16:50 - [TEST_STEP][PASSED] - NG_top_level.add("booster_type"): null

2019-08-23 17:16:50 - [TEST_STEP][PASSED] - NG_top_level.add("currency"): null

2019-08-23 17:16:50 - [TEST_STEP][PASSED] - NG_top_level.add("player_id"): null

2019-08-23 17:16:50 - [TEST_STEP][PASSED] - NG_top_level.add("round_id"): null

2019-08-23 17:16:50 - [TEST_STEP][PASSED] - NG_top_level.add("spin_results"): null

2019-08-23 17:16:50 - [TEST_STEP][PASSED] - NG_spin_result = new java.util.ArrayList(): null

2019-08-23 17:16:50 - [TEST_STEP][PASSED] - NG_spin_result.add("balance"): null

2019-08-23 17:16:50 - [TEST_STEP][PASSED] - NG_spin_result.add("bet_value"): null

2019-08-23 17:16:50 - [TEST_STEP][PASSED] - NG_spin_result.add("features_triggered"): null

2019-08-23 17:16:50 - [TEST_STEP][PASSED] - NG_spin_result.add("line"): null

2019-08-23 17:16:50 - [TEST_STEP][PASSED] - NG_spin_result.add("reel_wins"): null

2019-08-23 17:16:50 - [TEST_STEP][PASSED] - NG_spin_result.add("reels"): null

2019-08-23 17:16:50 - [TEST_STEP][PASSED] - NG_spin_result.add("scatter_win"): null

2019-08-23 17:16:50 - [TEST_STEP][PASSED] - NG_spin_result.add("total_bet"): null

2019-08-23 17:16:50 - [TEST_STEP][PASSED] - NG_spin_result.add("total_win"): null

2019-08-23 17:16:50 - [TEST_STEP][PASSED] - NG_spin_result.add("transaction_id"): null

2019-08-23 17:16:50 - [TEST_STEP][PASSED] - NG_spin_result.add("transaction_time"): null

2019-08-23 17:16:50 - [TEST_STEP][PASSED] - NG_spin_result.add("transaction_type"): null

2019-08-23 17:16:50 - [TEST_STEP][PASSED] - NG_feature_trigger = new java.util.ArrayList(): null

2019-08-23 17:16:50 - [TEST_STEP][PASSED] - NG_feature_trigger.add("complete"): null

2019-08-23 17:16:50 - [TEST_STEP][PASSED] - NG_feature_trigger.add("feature_state"): null

2019-08-23 17:16:50 - [TEST_STEP][PASSED] - NG_feature_trigger.add("subfeatures"): null

2019-08-23 17:16:50 - [TEST_STEP][PASSED] - NG_feature_trigger.add("type"): null

2019-08-23 17:16:50 - [TEST_STEP][PASSED] - NG_feature_state = new java.util.ArrayList(): null

2019-08-23 17:16:50 - [TEST_STEP][PASSED] - NG_feature_state.add("free_spins_left"): null

2019-08-23 17:16:50 - [TEST_STEP][PASSED] - NG_feature_state.add("total_free_spin_count"): null

2019-08-23 17:16:50 - [TEST_STEP][PASSED] - NG_feature_state.add("total_free_spin_win_amount"): null

2019-08-23 17:16:50 - [TEST_STEP][PASSED] - NG_reel = new java.util.ArrayList(): null

2019-08-23 17:16:50 - [TEST_STEP][PASSED] - NG_reel.add("symbols"): null

2019-08-23 17:16:50 - [TEST_STEP][PASSED] - NG_reel_symbol1 = new java.util.ArrayList(): null

2019-08-23 17:16:50 - [TEST_STEP][PASSED] - NG_reel_symbol1.add("symbol"): null

2019-08-23 17:16:50 - [TEST_STEP][PASSED] - NG_reel_symbol2 = new java.util.ArrayList(): null

2019-08-23 17:16:50 - [TEST_STEP][PASSED] - NG_reel_symbol2.add("symbol"): null

2019-08-23 17:16:50 - [TEST_STEP][PASSED] - NG_reel_symbol3 = new java.util.ArrayList(): null

2019-08-23 17:16:50 - [TEST_STEP][PASSED] - NG_reel_symbol3.add("symbol"): null

2019-08-23 17:16:50 - [TEST_STEP][PASSED] - sendRequestAndVerify(findTestObject("INT/Wallet/Get_Session_Token", ["url_krug_gw":url_krug_gw, "partner":Partner, "secret_key":secret_key, "userid":Userid])): Send request and verify the response successfully

2019-08-23 17:16:50 - [MESSAGE][INFO] - HAR: /Users/eiralee/Katalon_Script/SuperWild/Reports/20190823_171636/INT/superWild_1/20190823_171636/requests/main/0.har

2019-08-23 17:16:51 - [TEST_CASE][PASSED] - Start Test Case : Verification: Verification accomplished successfully

2019-08-23 17:16:51 - [TEST_STEP][PASSED] - request = getInstance().getCurrentRequest(): null

2019-08-23 17:16:51 - [TEST_STEP][PASSED] - response = getInstance().getCurrentResponse(): null

2019-08-23 17:16:51 - [TEST_STEP][PASSED] - verifyResponseStatusCode(response, 200): Verify response status code successfully

2019-08-23 17:16:51 - [MESSAGE][PASSED] - Verify response status code successfully

2019-08-23 17:16:51 - [TEST_STEP][PASSED] - getStatusCode()).isEqualTo(200): null

2019-08-23 17:16:51 - [TEST_STEP][PASSED] - getResponseText()).contains("session_token"): null

2019-08-23 17:16:51 - [TEST_STEP][PASSED] - getsession = new groovy.json.JsonSlurper(): null

2019-08-23 17:16:51 - [TEST_STEP][PASSED] - result_getsession = getsession.parseText(response.getResponseBodyContent()): null

2019-08-23 17:16:51 - [TEST_STEP][PASSED] - session_token = session_token: null

2019-08-23 17:16:51 - [TEST_STEP][PASSED] - println("...value extracted is :" + session_token): null

2019-08-23 17:16:51 - [TEST_STEP][PASSED] - session_token = session_token: null

2019-08-23 17:16:53 - [TEST_STEP][PASSED] - println("GlobalVariable is :" + session_token): null

2019-08-23 17:16:53 - [TEST_STEP][PASSED] - internal_balance = internal_balance: null

2019-08-23 17:16:53 - [TEST_STEP][PASSED] - internal_balance = internal_balance: null

2019-08-23 17:16:53 - [MESSAGE][PASSED] - Verify response successfully

2019-08-23 17:16:53 - [MESSAGE][PASSED] - Send request and verify the response successfully

2019-08-23 17:16:53 - [TEST_STEP][PASSED] - M4_login = sendRequestAndVerify(findTestObject("INT/RGS(M4)/M4_Login", ["partner":Partner, "game_code":Game_code, "session_token":session_token])): Send request and verify the response successfully

2019-08-23 17:16:53 - [MESSAGE][INFO] - HAR: /Users/eiralee/Katalon_Script/SuperWild/Reports/20190823_171636/INT/superWild_1/20190823_171636/requests/main/1.har

2019-08-23 17:16:53 - [TEST_CASE][PASSED] - Start Test Case : Verification: Verification accomplished successfully

2019-08-23 17:16:53 - [TEST_STEP][PASSED] - request = getInstance().getCurrentRequest(): null

2019-08-23 17:16:54 - [TEST_STEP][PASSED] - response = getInstance().getCurrentResponse(): null

2019-08-23 17:16:54 - [TEST_STEP][PASSED] - verifyResponseStatusCode(response, 200): Verify response status code successfully

2019-08-23 17:16:54 - [MESSAGE][PASSED] - Verify response status code successfully

2019-08-23 17:16:54 - [TEST_STEP][PASSED] - getStatusCode()).isEqualTo(200): null

2019-08-23 17:16:54 - [TEST_STEP][PASSED] - newline = System.getProperty("line.separator"): null

2019-08-23 17:16:54 - [TEST_STEP][PASSED] - M4_login = new groovy.json.JsonSlurper(): null

2019-08-23 17:16:54 - [TEST_STEP][PASSED] - result_M4_login = M4_login.parseText(response.getResponseBodyContent()): null

2019-08-23 17:16:54 - [TEST_STEP][PASSED] - M4_login_user_id = user_id: null

2019-08-23 17:16:54 - [TEST_STEP][PASSED] - println("playerid is: " + M4_login_user_id): null

2019-08-23 17:16:54 - [TEST_STEP][PASSED] - M4_login_user_id = M4_login_user_id: null

2019-08-23 17:16:54 - [MESSAGE][PASSED] - Verify response successfully

2019-08-23 17:16:54 - [MESSAGE][PASSED] - Send request and verify the response successfully

2019-08-23 17:16:54 - [TEST_STEP][PASSED] - M4_init = sendRequestAndVerify(findTestObject("INT/RGS(M4)/M4_init", ["partner":Partner, "M4_recorder":M4_recorder, "M4_login_user_id":M4_login_user_id])): Send request and verify the response successfully

2019-08-23 17:16:54 - [MESSAGE][INFO] - HAR: /Users/eiralee/Katalon_Script/SuperWild/Reports/20190823_171636/INT/superWild_1/20190823_171636/requests/main/2.har

2019-08-23 17:16:54 - [TEST_CASE][PASSED] - Start Test Case : Verification: Verification accomplished successfully

2019-08-23 17:16:54 - [TEST_STEP][PASSED] - request = getInstance().getCurrentRequest(): null

2019-08-23 17:16:54 - [TEST_STEP][PASSED] - response = getInstance().getCurrentResponse(): null

2019-08-23 17:16:54 - [TEST_STEP][PASSED] - verifyResponseStatusCode(response, 200): Verify response status code successfully

2019-08-23 17:16:54 - [MESSAGE][PASSED] - Verify response status code successfully

2019-08-23 17:16:54 - [TEST_STEP][PASSED] - getStatusCode()).isEqualTo(200): null

2019-08-23 17:16:54 - [TEST_STEP][PASSED] - newline = System.getProperty("line.separator"): null

2019-08-23 17:16:54 - [TEST_STEP][PASSED] - M4_init = new groovy.json.JsonSlurper(): null

2019-08-23 17:16:54 - [TEST_STEP][PASSED] - result_M4_init = M4_init.parseText(response.getResponseBodyContent()): null

2019-08-23 17:16:54 - [TEST_STEP][PASSED] - rgs_session_token = session_token: null

2019-08-23 17:16:54 - [TEST_STEP][PASSED] - rgs_session_token = rgs_session_token: null

2019-08-23 17:16:54 - [TEST_STEP][PASSED] - M4_init_balance = balance: null

2019-08-23 17:16:54 - [TEST_STEP][PASSED] - M4_init_balance = M4_init_balance: null

2019-08-23 17:16:54 - [TEST_STEP][PASSED] - game_code = genesis_id: null

2019-08-23 17:16:54 - [TEST_STEP][PASSED] - game_code = game_code: null

2019-08-23 17:16:54 - [TEST_STEP][PASSED] - M4_free_round = free_round: null

2019-08-23 17:16:54 - [TEST_STEP][PASSED] - M4_free_round = M4_free_round: null

2019-08-23 17:16:54 - [MESSAGE][PASSED] - Verify response successfully

2019-08-23 17:16:54 - [MESSAGE][PASSED] - Send request and verify the response successfully

2019-08-23 17:16:54 - [TEST_STEP][PASSED] - for ([i = 0, i &lt;= 300, (i++)]): null

2019-08-23 17:16:54 - [TEST_STEP][PASSED] - spin_result = sendRequestAndVerify(findTestObject("INT/RGS(M4)/1_M4_spin", ["M4_login_user_id":M4_login_user_id, "rgs_session_token":rgs_session_token, "partner":Partner])): Send request and verify the response successfully

2019-08-23 17:16:54 - [MESSAGE][INFO] - HAR: /Users/eiralee/Katalon_Script/SuperWild/Reports/20190823_171636/INT/superWild_1/20190823_171636/requests/main/3.har

2019-08-23 17:16:54 - [TEST_CASE][PASSED] - Start Test Case : Verification: Verification accomplished successfully

2019-08-23 17:16:54 - [TEST_STEP][PASSED] - request = getInstance().getCurrentRequest(): null

2019-08-23 17:16:55 - [TEST_STEP][PASSED] - response = getInstance().getCurrentResponse(): null

2019-08-23 17:16:55 - [TEST_STEP][PASSED] - verifyResponseStatusCode(response, 200): Verify response status code successfully

2019-08-23 17:16:55 - [MESSAGE][PASSED] - Verify response status code successfully

2019-08-23 17:16:55 - [TEST_STEP][PASSED] - getStatusCode()).isEqualTo(200): null

2019-08-23 17:16:55 - [TEST_STEP][PASSED] - newline = System.getProperty("line.separator"): null

2019-08-23 17:16:55 - [TEST_STEP][PASSED] - M4_spin = new groovy.json.JsonSlurper(): null

2019-08-23 17:16:55 - [TEST_STEP][PASSED] - result_M4_spin = M4_spin.parseText(response.getResponseBodyContent()): null

2019-08-23 17:16:55 - [TEST_STEP][PASSED] - M4_spin_current_balance = current_balance: null

2019-08-23 17:16:55 - [TEST_STEP][PASSED] - M4_spin_current_balance = M4_spin_current_balance: null

2019-08-23 17:16:55 - [TEST_STEP][PASSED] - M4_spin_transaction_id = causality: null

2019-08-23 17:16:55 - [TEST_STEP][PASSED] - M4_spin_transaction_id = M4_spin_transaction_id: null

2019-08-23 17:16:55 - [TEST_STEP][PASSED] - M4_spin_round_id = round_id: null

2019-08-23 17:16:55 - [TEST_STEP][PASSED] - M4_spin_round_id = M4_spin_round_id: null

2019-08-23 17:16:55 - [TEST_STEP][PASSED] - M4_spin_line_wins = line_wins: null

2019-08-23 17:16:55 - [TEST_STEP][PASSED] - M4_spin_line_wins = M4_spin_line_wins: null

2019-08-23 17:16:55 - [TEST_STEP][PASSED] - M4_total_bonus_spins_int = total_bonus_spins: null

2019-08-23 17:16:55 - [TEST_STEP][PASSED] - println("******M4_total_bonus_spins type is:*******" + newline + getClass().getName()): null

2019-08-23 17:16:55 - [TEST_STEP][PASSED] - M4_total_bonus_spins_int = M4_total_bonus_spins_int: null

2019-08-23 17:16:55 - [TEST_STEP][PASSED] - M4_total_bonus_spins = Integer.toString(M4_total_bonus_spins_int): null

2019-08-23 17:16:55 - [TEST_STEP][PASSED] - M4_total_bonus_spins = M4_total_bonus_spins: null

2019-08-23 17:16:55 - [TEST_STEP][PASSED] - println("M4_total_bonus_spins is:" + M4_total_bonus_spins): null

2019-08-23 17:16:55 - [TEST_STEP][PASSED] - M4_spin_bonus_data = bonus_data: null

2019-08-23 17:16:55 - [TEST_STEP][PASSED] - M4_spin_features_triggered = result_M4_spin: null

2019-08-23 17:16:55 - [TEST_STEP][PASSED] - wild = []: null

2019-08-23 17:16:55 - [TEST_STEP][PASSED] - wild[0] = "WILD_Expanding": null

2019-08-23 17:16:55 - [TEST_STEP][PASSED] - wild[1] = "WILD_Normal": null

2019-08-23 17:16:55 - [TEST_STEP][PASSED] - wild[2] = "WILD_Double": null

2019-08-23 17:16:55 - [TEST_STEP][PASSED] - wild[3] = "WILD_ExtraFG": null

2019-08-23 17:16:55 - [TEST_STEP][PASSED] - wild[4] = "WILD_Triple": null

2019-08-23 17:16:55 - [TEST_STEP][PASSED] - wildList = Arrays.asList(wild): null

2019-08-23 17:16:55 - [TEST_STEP][PASSED] - wildList = wildList: null

2019-08-23 17:16:55 - [TEST_STEP][PASSED] - free_spin_reel_counter = []: null

2019-08-23 17:16:55 - [TEST_STEP][PASSED] - free_spin_reel_counter[0] = 0: null

2019-08-23 17:16:55 - [TEST_STEP][PASSED] - free_spin_reel_counter[1] = 0: null

2019-08-23 17:16:55 - [TEST_STEP][PASSED] - free_spin_reel_counter[2] = 0: null

2019-08-23 17:16:55 - [TEST_STEP][PASSED] - M4_spin_reels = reels: null

2019-08-23 17:16:55 - [TEST_STEP][PASSED] - for ([i = 0, i &lt; M4_spin_reels.size(), (i++)]): null

2019-08-23 17:16:55 - [TEST_STEP][PASSED] - symbols = symbols: null

2019-08-23 17:16:55 - [TEST_STEP][PASSED] - for ([j = 0, j &lt; symbols.size(), (j++)]): null

2019-08-23 17:16:55 - [TEST_STEP][PASSED] - symbol = symbol: null

2019-08-23 17:16:55 - [TEST_STEP][PASSED] - println(symbol): null

2019-08-23 17:16:55 - [TEST_STEP][PASSED] - if (i == 2 &amp;&amp; wildList.indexOf(symbol) != -1): null

2019-08-23 17:16:55 - [TEST_STEP][PASSED] - if (i == 3 &amp;&amp; wildList.indexOf(symbol) != -1): null

2019-08-23 17:16:55 - [TEST_STEP][PASSED] - if (i == 4 &amp;&amp; wildList.indexOf(symbol) != -1): null

2019-08-23 17:16:55 - [TEST_STEP][PASSED] - symbol = symbol: null

2019-08-23 17:16:55 - [TEST_STEP][PASSED] - println(symbol): null

2019-08-23 17:16:55 - [TEST_STEP][PASSED] - if (i == 2 &amp;&amp; wildList.indexOf(symbol) != -1): null

2019-08-23 17:16:55 - [TEST_STEP][PASSED] - if (i == 3 &amp;&amp; wildList.indexOf(symbol) != -1): null

2019-08-23 17:16:55 - [TEST_STEP][PASSED] - if (i == 4 &amp;&amp; wildList.indexOf(symbol) != -1): null

2019-08-23 17:16:55 - [TEST_STEP][PASSED] - symbol = symbol: null

2019-08-23 17:16:55 - [TEST_STEP][PASSED] - println(symbol): null

2019-08-23 17:16:55 - [TEST_STEP][PASSED] - if (i == 2 &amp;&amp; wildList.indexOf(symbol) != -1): null

2019-08-23 17:16:55 - [TEST_STEP][PASSED] - if (i == 3 &amp;&amp; wildList.indexOf(symbol) != -1): null

2019-08-23 17:16:55 - [TEST_STEP][PASSED] - if (i == 4 &amp;&amp; wildList.indexOf(symbol) != -1): null

2019-08-23 17:16:55 - [TEST_STEP][PASSED] - symbols = symbols: null

2019-08-23 17:16:55 - [TEST_STEP][PASSED] - for ([j = 0, j &lt; symbols.size(), (j++)]): null

2019-08-23 17:16:55 - [TEST_STEP][PASSED] - symbol = symbol: null

2019-08-23 17:16:55 - [TEST_STEP][PASSED] - println(symbol): null

2019-08-23 17:16:55 - [TEST_STEP][PASSED] - if (i == 2 &amp;&amp; wildList.indexOf(symbol) != -1): null

2019-08-23 17:16:55 - [TEST_STEP][PASSED] - if (i == 3 &amp;&amp; wildList.indexOf(symbol) != -1): null

2019-08-23 17:16:55 - [TEST_STEP][PASSED] - if (i == 4 &amp;&amp; wildList.indexOf(symbol) != -1): null

2019-08-23 17:16:55 - [TEST_STEP][PASSED] - symbol = symbol: null

2019-08-23 17:16:55 - [TEST_STEP][PASSED] - println(symbol): null

2019-08-23 17:16:55 - [TEST_STEP][PASSED] - if (i == 2 &amp;&amp; wildList.indexOf(symbol) != -1): null

2019-08-23 17:16:55 - [TEST_STEP][PASSED] - if (i == 3 &amp;&amp; wildList.indexOf(symbol) != -1): null

2019-08-23 17:16:55 - [TEST_STEP][PASSED] - if (i == 4 &amp;&amp; wildList.indexOf(symbol) != -1): null

2019-08-23 17:16:55 - [TEST_STEP][PASSED] - symbol = symbol: null

2019-08-23 17:16:55 - [TEST_STEP][PASSED] - println(symbol): null

2019-08-23 17:16:55 - [TEST_STEP][PASSED] - if (i == 2 &amp;&amp; wildList.indexOf(symbol) != -1): null

2019-08-23 17:16:55 - [TEST_STEP][PASSED] - if (i == 3 &amp;&amp; wildList.indexOf(symbol) != -1): null

2019-08-23 17:16:55 - [TEST_STEP][PASSED] - if (i == 4 &amp;&amp; wildList.indexOf(symbol) != -1): null

2019-08-23 17:16:55 - [TEST_STEP][PASSED] - symbols = symbols: null

2019-08-23 17:16:55 - [TEST_STEP][PASSED] - for ([j = 0, j &lt; symbols.size(), (j++)]): null

2019-08-23 17:16:55 - [TEST_STEP][PASSED] - symbol = symbol: null

2019-08-23 17:16:55 - [TEST_STEP][PASSED] - println(symbol): null

2019-08-23 17:16:55 - [TEST_STEP][PASSED] - if (i == 2 &amp;&amp; wildList.indexOf(symbol) != -1): null

2019-08-23 17:16:55 - [TEST_STEP][PASSED] - if (i == 3 &amp;&amp; wildList.indexOf(symbol) != -1): null

2019-08-23 17:16:55 - [TEST_STEP][PASSED] - if (i == 4 &amp;&amp; wildList.indexOf(symbol) != -1): null

2019-08-23 17:16:55 - [TEST_STEP][PASSED] - symbol = symbol: null

2019-08-23 17:16:55 - [TEST_STEP][PASSED] - println(symbol): null

2019-08-23 17:16:55 - [TEST_STEP][PASSED] - if (i == 2 &amp;&amp; wildList.indexOf(symbol) != -1): null

2019-08-23 17:16:55 - [TEST_STEP][PASSED] - if (i == 3 &amp;&amp; wildList.indexOf(symbol) != -1): null

2019-08-23 17:16:55 - [TEST_STEP][PASSED] - if (i == 4 &amp;&amp; wildList.indexOf(symbol) != -1): null

2019-08-23 17:16:55 - [TEST_STEP][PASSED] - symbol = symbol: null

2019-08-23 17:16:55 - [TEST_STEP][PASSED] - println(symbol): null

2019-08-23 17:16:55 - [TEST_STEP][PASSED] - if (i == 2 &amp;&amp; wildList.indexOf(symbol) != -1): null

2019-08-23 17:16:55 - [TEST_STEP][PASSED] - println("wild found on reel 3, adding counter by 1"): null

2019-08-23 17:16:55 - [TEST_STEP][PASSED] - free_spin_reel_counter[0] = free_spin_reel_counter[0] + 1: null

2019-08-23 17:16:55 - [TEST_STEP][PASSED] - if (i == 3 &amp;&amp; wildList.indexOf(symbol) != -1): null

2019-08-23 17:16:55 - [TEST_STEP][PASSED] - if (i == 4 &amp;&amp; wildList.indexOf(symbol) != -1): null

2019-08-23 17:16:55 - [TEST_STEP][PASSED] - symbols = symbols: null

2019-08-23 17:16:55 - [TEST_STEP][PASSED] - for ([j = 0, j &lt; symbols.size(), (j++)]): null

2019-08-23 17:16:55 - [TEST_STEP][PASSED] - symbol = symbol: null

2019-08-23 17:16:55 - [TEST_STEP][PASSED] - println(symbol): null

2019-08-23 17:16:55 - [TEST_STEP][PASSED] - if (i == 2 &amp;&amp; wildList.indexOf(symbol) != -1): null

2019-08-23 17:16:55 - [TEST_STEP][PASSED] - if (i == 3 &amp;&amp; wildList.indexOf(symbol) != -1): null

2019-08-23 17:16:55 - [TEST_STEP][PASSED] - if (i == 4 &amp;&amp; wildList.indexOf(symbol) != -1): null

2019-08-23 17:16:55 - [TEST_STEP][PASSED] - symbol = symbol: null

2019-08-23 17:16:55 - [TEST_STEP][PASSED] - println(symbol): null

2019-08-23 17:16:55 - [TEST_STEP][PASSED] - if (i == 2 &amp;&amp; wildList.indexOf(symbol) != -1): null

2019-08-23 17:16:55 - [TEST_STEP][PASSED] - if (i == 3 &amp;&amp; wildList.indexOf(symbol) != -1): null

2019-08-23 17:16:55 - [TEST_STEP][PASSED] - if (i == 4 &amp;&amp; wildList.indexOf(symbol) != -1): null

2019-08-23 17:16:55 - [TEST_STEP][PASSED] - symbol = symbol: null

2019-08-23 17:16:55 - [TEST_STEP][PASSED] - println(symbol): null

2019-08-23 17:16:55 - [TEST_STEP][PASSED] - if (i == 2 &amp;&amp; wildList.indexOf(symbol) != -1): null

2019-08-23 17:16:55 - [TEST_STEP][PASSED] - if (i == 3 &amp;&amp; wildList.indexOf(symbol) != -1): null

2019-08-23 17:16:55 - [TEST_STEP][PASSED] - println("wild found on reel 4, adding counter by 1"): null

2019-08-23 17:16:55 - [TEST_STEP][PASSED] - free_spin_reel_counter[1] = free_spin_reel_counter[1] + 1: null

2019-08-23 17:16:55 - [TEST_STEP][PASSED] - if (i == 4 &amp;&amp; wildList.indexOf(symbol) != -1): null

2019-08-23 17:16:55 - [TEST_STEP][PASSED] - symbols = symbols: null

2019-08-23 17:16:55 - [TEST_STEP][PASSED] - for ([j = 0, j &lt; symbols.size(), (j++)]): null

2019-08-23 17:16:55 - [TEST_STEP][PASSED] - symbol = symbol: null

2019-08-23 17:16:55 - [TEST_STEP][PASSED] - println(symbol): null

2019-08-23 17:16:55 - [TEST_STEP][PASSED] - if (i == 2 &amp;&amp; wildList.indexOf(symbol) != -1): null

2019-08-23 17:16:55 - [TEST_STEP][PASSED] - if (i == 3 &amp;&amp; wildList.indexOf(symbol) != -1): null

2019-08-23 17:16:55 - [TEST_STEP][PASSED] - if (i == 4 &amp;&amp; wildList.indexOf(symbol) != -1): null

2019-08-23 17:16:55 - [TEST_STEP][PASSED] - symbol = symbol: null

2019-08-23 17:16:55 - [TEST_STEP][PASSED] - println(symbol): null

2019-08-23 17:16:55 - [TEST_STEP][PASSED] - if (i == 2 &amp;&amp; wildList.indexOf(symbol) != -1): null

2019-08-23 17:16:55 - [TEST_STEP][PASSED] - if (i == 3 &amp;&amp; wildList.indexOf(symbol) != -1): null

2019-08-23 17:16:55 - [TEST_STEP][PASSED] - if (i == 4 &amp;&amp; wildList.indexOf(symbol) != -1): null

2019-08-23 17:16:55 - [TEST_STEP][PASSED] - println("wild found on reel 5, adding counter by 1"): null

2019-08-23 17:16:55 - [TEST_STEP][PASSED] - free_spin_reel_counter[2] = free_spin_reel_counter[2] + 1: null

2019-08-23 17:16:55 - [TEST_STEP][PASSED] - symbol = symbol: null

2019-08-23 17:16:55 - [TEST_STEP][PASSED] - println(symbol): null

2019-08-23 17:16:55 - [TEST_STEP][PASSED] - if (i == 2 &amp;&amp; wildList.indexOf(symbol) != -1): null

2019-08-23 17:16:55 - [TEST_STEP][PASSED] - if (i == 3 &amp;&amp; wildList.indexOf(symbol) != -1): null

2019-08-23 17:16:55 - [TEST_STEP][PASSED] - if (i == 4 &amp;&amp; wildList.indexOf(symbol) != -1): null

2019-08-23 17:16:55 - [TEST_STEP][PASSED] - free_spin_reel_counter = free_spin_reel_counter: null

2019-08-23 17:16:55 - [TEST_STEP][PASSED] - println("reel 3 wild found: " + free_spin_reel_counter[0]): null

2019-08-23 17:16:55 - [TEST_STEP][PASSED] - println("reel 4 wild found: " + free_spin_reel_counter[1]): null

2019-08-23 17:16:55 - [TEST_STEP][PASSED] - println("reel 5 wild found: " + free_spin_reel_counter[2]): null

2019-08-23 17:16:55 - [TEST_STEP][PASSED] - M4_spin_reels = M4_spin_reels: null

2019-08-23 17:16:55 - [TEST_STEP][PASSED] - M4_spin_reels_symbols = symbol: null

2019-08-23 17:16:55 - [TEST_STEP][PASSED] - M4_spin_reels_symbols = M4_spin_reels_symbols: null

2019-08-23 17:16:55 - [TEST_STEP][PASSED] - M4_spin_reel_wins = reel_wins: null

2019-08-23 17:16:55 - [TEST_STEP][PASSED] - M4_spin_reel_wins = M4_spin_reel_wins: null

2019-08-23 17:16:55 - [TEST_STEP][PASSED] - println("GlobalVariable.M4_spin_reel_wins is: " + M4_spin_reel_wins): null

2019-08-23 17:16:55 - [TEST_STEP][PASSED] - M4_spin_total_bonus_win_this_round = total_bonus_win_this_round: null

2019-08-23 17:16:55 - [TEST_STEP][PASSED] - M4_spin_total_bonus_win_this_round = M4_spin_total_bonus_win_this_round: null

2019-08-23 17:16:55 - [TEST_STEP][PASSED] - println("GlobalVariable.M4_spin_total_bonus_win_this_round is: " + M4_spin_total_bonus_win_this_round): null

2019-08-23 17:16:55 - [TEST_STEP][PASSED] - M4_spin_bonus_spin_result = spin_result: null

2019-08-23 17:16:55 - [TEST_STEP][PASSED] - M4_spin_bonus_spin_result = M4_spin_bonus_spin_result: null

2019-08-23 17:16:55 - [MESSAGE][PASSED] - Verify response successfully

2019-08-23 17:16:55 - [MESSAGE][PASSED] - Send request and verify the response successfully

2019-08-23 17:16:55 - [TEST_STEP][PASSED] - if (free_spin_reel_counter[0] &gt;= 1 &amp;&amp; free_spin_reel_counter[1] &gt;= 1 &amp;&amp; free_spin_reel_counter[2] &gt;= 1): null

2019-08-23 17:16:55 - [TEST_STEP][PASSED] - break: null

2019-08-23 17:16:55 - [TEST_STEP][PASSED] - println("GlobalVariable.M4_spin_round_id is: " + M4_spin_round_id): null

2019-08-23 17:16:55 - [TEST_STEP][PASSED] - sendRequestAndVerify(findTestObject("INT/RGS(M4)/1_Round_detail", ["partner":Partner, "M4_spin_round_id":M4_spin_round_id])): Send request and verify the response successfully

2019-08-23 17:16:55 - [MESSAGE][INFO] - HAR: /Users/eiralee/Katalon_Script/SuperWild/Reports/20190823_171636/INT/superWild_1/20190823_171636/requests/main/4.har

2019-08-23 17:16:55 - [TEST_CASE][PASSED] - Start Test Case : Verification: Verification accomplished successfully

2019-08-23 17:16:55 - [TEST_STEP][PASSED] - request = getInstance().getCurrentRequest(): null

2019-08-23 17:16:55 - [TEST_STEP][PASSED] - response = getInstance().getCurrentResponse(): null

2019-08-23 17:16:55 - [TEST_STEP][PASSED] - verifyResponseStatusCode(response, 200): Verify response status code successfully

2019-08-23 17:16:55 - [MESSAGE][PASSED] - Verify response status code successfully

2019-08-23 17:16:55 - [TEST_STEP][PASSED] - getStatusCode()).isEqualTo(200): null

2019-08-23 17:16:55 - [TEST_STEP][PASSED] - newline = System.getProperty("line.separator"): null

2019-08-23 17:16:55 - [TEST_STEP][PASSED] - M4_round = new groovy.json.JsonSlurper(): null

2019-08-23 17:16:55 - [TEST_STEP][PASSED] - M4_round_detail = M4_round.parseText(response.getResponseBodyContent()): null

2019-08-23 17:16:55 - [TEST_STEP][PASSED] - M4_round_object = M4_round_detail: null

2019-08-23 17:16:55 - [TEST_STEP][PASSED] - M4_round_object = M4_round_object: null

2019-08-23 17:16:55 - [TEST_STEP][PASSED] - M4_round_transaction_type = transaction_type: null

2019-08-23 17:16:55 - [TEST_STEP][PASSED] - M4_round_transaction_type = M4_round_transaction_type: null

2019-08-23 17:16:55 - [TEST_STEP][PASSED] - M4_round_player_id = player_id: null

2019-08-23 17:16:55 - [TEST_STEP][PASSED] - M4_round_player_id = M4_round_player_id: null

2019-08-23 17:16:55 - [TEST_STEP][PASSED] - M4_round_booster_type = booster_type: null

2019-08-23 17:16:55 - [TEST_STEP][PASSED] - M4_round_booster_type = M4_round_booster_type: null

2019-08-23 17:16:55 - [TEST_STEP][PASSED] - M4_round_currency = currency: null

2019-08-23 17:16:55 - [TEST_STEP][PASSED] - M4_round_currency = M4_round_currency: null

2019-08-23 17:16:55 - [TEST_STEP][PASSED] - M4_round_id = round_id: null

2019-08-23 17:16:55 - [TEST_STEP][PASSED] - M4_round_id = M4_round_id: null

2019-08-23 17:16:55 - [TEST_STEP][PASSED] - M4_round_transaction_id = transaction_id: null

2019-08-23 17:16:55 - [TEST_STEP][PASSED] - M4_round_transaction_id = M4_round_transaction_id: null

2019-08-23 17:16:55 - [TEST_STEP][PASSED] - M4_round_transaction_time = transaction_time: null

2019-08-23 17:16:55 - [TEST_STEP][PASSED] - M4_round_transaction_time = M4_round_transaction_time: null

2019-08-23 17:16:55 - [TEST_STEP][PASSED] - M4_round_total_win = total_win: null

2019-08-23 17:16:55 - [TEST_STEP][PASSED] - M4_round_total_win = M4_round_total_win: null

2019-08-23 17:16:55 - [TEST_STEP][PASSED] - M4_round_balance_long = balance: null

2019-08-23 17:16:55 - [TEST_STEP][PASSED] - M4_round_balance = Long.toString(M4_round_balance_long): null

2019-08-23 17:16:55 - [TEST_STEP][PASSED] - M4_round_balance = M4_round_balance: null

2019-08-23 17:16:55 - [TEST_STEP][PASSED] - M4_round_total_bet = total_bet: null

2019-08-23 17:16:55 - [TEST_STEP][PASSED] - M4_round_total_bet = M4_round_total_bet: null

2019-08-23 17:16:55 - [TEST_STEP][PASSED] - M4_round_bet_value = bet_value: null

2019-08-23 17:16:55 - [TEST_STEP][PASSED] - M4_round_bet_value = M4_round_bet_value: null

2019-08-23 17:16:55 - [TEST_STEP][PASSED] - M4_round_line = line: null

2019-08-23 17:16:55 - [TEST_STEP][PASSED] - M4_round_line = M4_round_line: null

2019-08-23 17:16:55 - [TEST_STEP][PASSED] - M4_round_reels1 = reels[0]: null

2019-08-23 17:16:55 - [TEST_STEP][PASSED] - M4_round_reels1 = M4_round_reels1: null

2019-08-23 17:16:55 - [TEST_STEP][PASSED] - M4_round_reels2 = reels[1]: null

2019-08-23 17:16:55 - [TEST_STEP][PASSED] - M4_round_reels2 = M4_round_reels2: null

2019-08-23 17:16:55 - [TEST_STEP][PASSED] - M4_round_reels3 = reels[2]: null

2019-08-23 17:16:55 - [TEST_STEP][PASSED] - M4_round_reels3 = M4_round_reels3: null

2019-08-23 17:16:55 - [TEST_STEP][PASSED] - M4_round_reels4 = reels[3]: null

2019-08-23 17:16:55 - [TEST_STEP][PASSED] - M4_round_reels4 = M4_round_reels4: null

2019-08-23 17:16:55 - [TEST_STEP][PASSED] - M4_round_reels5 = reels[4]: null

2019-08-23 17:16:55 - [TEST_STEP][PASSED] - M4_round_reels5 = M4_round_reels5: null

2019-08-23 17:16:55 - [TEST_STEP][PASSED] - M4_round_F_reels1 = reels[0]: null

2019-08-23 17:16:55 - [TEST_STEP][PASSED] - M4_round_F_reels1 = M4_round_F_reels1: null

2019-08-23 17:16:55 - [TEST_STEP][PASSED] - M4_round_F_reels2 = reels[1]: null

2019-08-23 17:16:55 - [TEST_STEP][PASSED] - M4_round_F_reels2 = M4_round_F_reels2: null

2019-08-23 17:16:55 - [TEST_STEP][PASSED] - M4_round_F_reels3 = reels[2]: null

2019-08-23 17:16:55 - [TEST_STEP][PASSED] - M4_round_F_reels3 = M4_round_F_reels3: null

2019-08-23 17:16:55 - [TEST_STEP][PASSED] - M4_round_F_reels4 = reels[3]: null

2019-08-23 17:16:55 - [TEST_STEP][PASSED] - M4_round_F_reels4 = M4_round_F_reels4: null

2019-08-23 17:16:55 - [TEST_STEP][PASSED] - M4_round_F_reels5 = reels[4]: null

2019-08-23 17:16:55 - [TEST_STEP][PASSED] - M4_round_F_reels5 = M4_round_F_reels5: null

2019-08-23 17:16:55 - [TEST_STEP][PASSED] - M4_round_reels0_symbols1 = symbols[0]: null

2019-08-23 17:16:55 - [TEST_STEP][PASSED] - M4_round_reels0_symbols1 = M4_round_reels0_symbols1: null

2019-08-23 17:16:55 - [TEST_STEP][PASSED] - M4_round_reels0_symbols2 = symbols[1]: null

2019-08-23 17:16:55 - [TEST_STEP][PASSED] - M4_round_reels0_symbols2 = M4_round_reels0_symbols2: null

2019-08-23 17:16:55 - [TEST_STEP][PASSED] - M4_round_reels0_symbols3 = symbols[2]: null

2019-08-23 17:16:55 - [TEST_STEP][PASSED] - M4_round_reels0_symbols3 = M4_round_reels0_symbols3: null

2019-08-23 17:16:55 - [TEST_STEP][PASSED] - M4_round_reels1_symbols1 = symbols[0]: null

2019-08-23 17:16:55 - [TEST_STEP][PASSED] - M4_round_reels1_symbols1 = M4_round_reels1_symbols1: null

2019-08-23 17:16:55 - [TEST_STEP][PASSED] - M4_round_reels1_symbols2 = symbols[1]: null

2019-08-23 17:16:55 - [TEST_STEP][PASSED] - M4_round_reels1_symbols2 = M4_round_reels1_symbols2: null

2019-08-23 17:16:55 - [TEST_STEP][PASSED] - M4_round_reels1_symbols3 = symbols[2]: null

2019-08-23 17:16:55 - [TEST_STEP][PASSED] - M4_round_reels1_symbols3 = M4_round_reels1_symbols3: null

2019-08-23 17:16:55 - [TEST_STEP][PASSED] - M4_round_reels1_symbols4 = symbols[3]: null

2019-08-23 17:16:55 - [TEST_STEP][PASSED] - M4_round_reels_symbols_all = symbol: null

2019-08-23 17:16:55 - [TEST_STEP][PASSED] - M4_round_reels_symbols_all = M4_round_reels_symbols_all: null

2019-08-23 17:16:55 - [TEST_STEP][PASSED] - M4_round_features_triggered = features_triggered: null

2019-08-23 17:16:55 - [TEST_STEP][PASSED] - M4_round_features_triggered = M4_round_features_triggered: null

2019-08-23 17:16:55 - [TEST_STEP][PASSED] - M4_round_features_complete = complete: null

2019-08-23 17:16:55 - [TEST_STEP][PASSED] - M4_round_features_complete = M4_round_features_complete: null

2019-08-23 17:16:55 - [TEST_STEP][PASSED] - M4_round_free_spins_left = free_spins_left: null

2019-08-23 17:16:55 - [TEST_STEP][PASSED] - M4_round_free_spins_left = M4_round_free_spins_left: null

2019-08-23 17:16:55 - [TEST_STEP][PASSED] - M4_round_total_free_spin_count = total_free_spin_count: null

2019-08-23 17:16:55 - [TEST_STEP][PASSED] - M4_round_total_free_spin_count = M4_round_total_free_spin_count: null

2019-08-23 17:16:55 - [TEST_STEP][PASSED] - M4_round_total_free_spin_win_amount = total_free_spin_win_amount: null

2019-08-23 17:16:55 - [TEST_STEP][PASSED] - M4_round_total_free_spin_win_amount = M4_round_total_free_spin_win_amount: null

2019-08-23 17:16:55 - [TEST_STEP][PASSED] - M4_round_subfeatures = subfeatures: null

2019-08-23 17:16:55 - [TEST_STEP][PASSED] - M4_round_subfeatures = M4_round_subfeatures: null

2019-08-23 17:16:55 - [TEST_STEP][PASSED] - M4_round_wild_multiplier = wild_multiplier: null

2019-08-23 17:16:55 - [TEST_STEP][PASSED] - M4_round_wild_multiplier = M4_round_wild_multiplier: null

2019-08-23 17:16:55 - [TEST_STEP][PASSED] - M4_round_wild_config = wild_config: null

2019-08-23 17:16:55 - [TEST_STEP][PASSED] - M4_round_wild_config = M4_round_wild_config: null

2019-08-23 17:16:55 - [TEST_STEP][PASSED] - M4_round_wild_config_index = index: null

2019-08-23 17:16:55 - [TEST_STEP][PASSED] - M4_round_free_spin_left = free_spins_lef: null

2019-08-23 17:16:55 - [TEST_STEP][PASSED] - M4_round_free_spin_left = M4_round_free_spin_left: null

2019-08-23 17:16:55 - [TEST_STEP][PASSED] - M4_round_original_reels = original_reels: null

2019-08-23 17:16:55 - [TEST_STEP][PASSED] - M4_round_original_reels = M4_round_original_reels: null

2019-08-23 17:16:55 - [TEST_STEP][PASSED] - M4_round_swapped_reels = swapped_reels: null

2019-08-23 17:16:55 - [TEST_STEP][PASSED] - M4_round_swapped_reels = M4_round_swapped_reels: null

2019-08-23 17:16:55 - [TEST_STEP][PASSED] - M4_round_free_spins_added = free_spins_added: null

2019-08-23 17:16:55 - [TEST_STEP][PASSED] - M4_round_spin_result_list = spin_results[0]: null

2019-08-23 17:16:55 - [TEST_STEP][PASSED] - M4_round_spin_result_list = M4_round_spin_result_list: null

2019-08-23 17:16:55 - [TEST_STEP][PASSED] - M4_round_feature_state = feature_state: null

2019-08-23 17:16:55 - [TEST_STEP][PASSED] - M4_round_feature_state = M4_round_feature_state: null

2019-08-23 17:16:55 - [TEST_STEP][PASSED] - M4_round_feature_state_all = feature_state: null

2019-08-23 17:16:55 - [TEST_STEP][PASSED] - M4_round_feature_state_all = M4_round_feature_state_all: null

2019-08-23 17:16:55 - [TEST_STEP][PASSED] - M4_round_features_type = type: null

2019-08-23 17:16:55 - [TEST_STEP][PASSED] - M4_round_features_type = M4_round_features_type: null

2019-08-23 17:16:55 - [TEST_STEP][PASSED] - M4_round_scatter_win = scatter_win: null

2019-08-23 17:16:55 - [TEST_STEP][PASSED] - M4_round_scatter_win = M4_round_scatter_win: null

2019-08-23 17:16:55 - [TEST_STEP][PASSED] - M4_round_spin_result1 = spin_results[1]: null

2019-08-23 17:16:55 - [TEST_STEP][PASSED] - M4_round_spin_result1 = M4_round_spin_result1: null

2019-08-23 17:16:55 - [MESSAGE][PASSED] - Verify response successfully

2019-08-23 17:16:55 - [MESSAGE][PASSED] - Send request and verify the response successfully

2019-08-23 17:16:55 - [TEST_STEP][PASSED] - M4_round_object_key = M4_round_object.keySet(): null

2019-08-23 17:16:55 - [TEST_STEP][PASSED] - M4_round_spin_result_key = M4_round_spin_result_list.keySet(): null

2019-08-23 17:16:55 - [TEST_STEP][PASSED] - M4_round_reel_key = M4_round_reels1.keySet(): null

2019-08-23 17:16:55 - [TEST_STEP][PASSED] - M4_round_feature_state_key = M4_round_feature_state.keySet(): null

2019-08-23 17:16:55 - [TEST_STEP][PASSED] - M4_round_reels_symbols_key_1 = M4_round_reels0_symbols1.keySet(): null

2019-08-23 17:16:55 - [TEST_STEP][PASSED] - M4_round_reels_symbols_key_2 = M4_round_reels0_symbols2.keySet(): null

2019-08-23 17:16:55 - [TEST_STEP][PASSED] - M4_round_reels_symbols_key_3 = M4_round_reels0_symbols3.keySet(): null

2019-08-23 17:16:55 - [TEST_STEP][PASSED] - M4_round_object_key_list = new java.util.ArrayList(M4_round_object_key): null

2019-08-23 17:16:55 - [TEST_STEP][PASSED] - M4_round_spin_result_key_list = new java.util.ArrayList(M4_round_spin_result_key): null

2019-08-23 17:16:55 - [TEST_STEP][PASSED] - M4_round_reel_key_list = new java.util.ArrayList(M4_round_reel_key): null

2019-08-23 17:16:55 - [TEST_STEP][PASSED] - M4_round_feature_state_key_list = new java.util.ArrayList(M4_round_feature_state_key): null

2019-08-23 17:16:55 - [TEST_STEP][PASSED] - M4_round_reels_symbols_key1 = new java.util.ArrayList(M4_round_reels_symbols_key_1): null

2019-08-23 17:16:55 - [TEST_STEP][PASSED] - M4_round_reels_symbols_key2 = new java.util.ArrayList(M4_round_reels_symbols_key_2): null

2019-08-23 17:16:55 - [TEST_STEP][PASSED] - M4_round_reels_symbols_key3 = new java.util.ArrayList(M4_round_reels_symbols_key_3): null

2019-08-23 17:16:55 - [TEST_STEP][PASSED] - M4_round_spin_result_list = M4_round_spin_result_list: null

2019-08-23 17:16:55 - [TEST_STEP][PASSED] - features_trigger = features_triggered: null

2019-08-23 17:16:55 - [TEST_STEP][PASSED] - feature_state_key = "": null

2019-08-23 17:16:55 - [TEST_STEP][PASSED] - features_triggered = "": null

2019-08-23 17:16:55 - [TEST_STEP][PASSED] - for ([i = 0, i &lt; features_trigger.size(), (i++)]): null

2019-08-23 17:16:55 - [TEST_STEP][PASSED] - feature_type = type: null

2019-08-23 17:16:55 - [TEST_STEP][PASSED] - if (feature_type == "FREE_SPIN"): null

2019-08-23 17:16:55 - [TEST_STEP][PASSED] - feature_type = type: null

2019-08-23 17:16:55 - [TEST_STEP][PASSED] - if (feature_type == "FREE_SPIN"): null

2019-08-23 17:16:55 - [TEST_STEP][PASSED] - feature_type = type: null

2019-08-23 17:16:55 - [TEST_STEP][PASSED] - if (feature_type == "FREE_SPIN"): null

2019-08-23 17:16:55 - [TEST_STEP][PASSED] - println("feature_type is:" + feature_type): null

2019-08-23 17:16:55 - [TEST_STEP][PASSED] - feature_state = feature_state: null

2019-08-23 17:16:55 - [TEST_STEP][PASSED] - feature_state_key = feature_state.keySet(): null

2019-08-23 17:16:55 - [TEST_STEP][PASSED] - features_triggered = features_trigger[i].keySet(): null

2019-08-23 17:16:55 - [TEST_STEP][PASSED] - features_triggered_list = new java.util.ArrayList(features_triggered): null

2019-08-23 17:16:55 - [TEST_STEP][PASSED] - feature_state_list = new java.util.ArrayList(feature_state_key): null

2019-08-23 17:16:55 - [TEST_STEP][PASSED] - println("M4_round_object_key_list is:" + M4_round_object_key_list): null

2019-08-23 17:16:55 - [TEST_STEP][PASSED] - println("M4_round_spin_result_key_list is: " + M4_round_spin_result_key_list): null

2019-08-23 17:16:55 - [TEST_STEP][PASSED] - println("features_triggered_list is: " + features_triggered_list): null

2019-08-23 17:16:55 - [TEST_STEP][PASSED] - println("M4_round_reel_key_list is: " + M4_round_reel_key_list): null

2019-08-23 17:16:55 - [TEST_STEP][PASSED] - println("M4_round_feature_state_key_list is: " + M4_round_feature_state_key_list): null

2019-08-23 17:16:55 - [TEST_STEP][PASSED] - println("M4_round_reels_symbols_key_1 is: " + M4_round_reels_symbols_key_1): null

2019-08-23 17:16:55 - [TEST_STEP][PASSED] - println("M4_round_reels_symbols_key_2 is: " + M4_round_reels_symbols_key_2): null

2019-08-23 17:16:55 - [TEST_STEP][PASSED] - println("M4_round_reels_symbols_key_3 is: " + M4_round_reels_symbols_key_3): null

2019-08-23 17:16:55 - [TEST_STEP][PASSED] - println("NG_top_level is: " + NG_top_level): null

2019-08-23 17:16:55 - [TEST_STEP][PASSED] - println("NG_spin_result is:" + NG_spin_result): null

2019-08-23 17:16:55 - [TEST_STEP][PASSED] - println("NG_feature_trigger is:" + NG_feature_trigger): null

2019-08-23 17:16:55 - [TEST_STEP][PASSED] - println("NG_reel is: " + NG_reel): null

2019-08-23 17:16:55 - [TEST_STEP][PASSED] - println("NG_feature_state is: " + NG_feature_state): null

2019-08-23 17:16:55 - [TEST_STEP][PASSED] - println("NG_reel_symbol1 is: " + NG_reel_symbol1): null

2019-08-23 17:16:55 - [TEST_STEP][PASSED] - println("NG_reel_symbol2 is: " + NG_reel_symbol2): null

2019-08-23 17:16:55 - [TEST_STEP][PASSED] - println("NG_reel_symbol3 is: " + NG_reel_symbol3): null

2019-08-23 17:16:55 - [TEST_STEP][PASSED] - println("feature_state_list is: " + feature_state_list): null

2019-08-23 17:16:55 - [TEST_STEP][PASSED] - assert NG_top_level.equals(M4_round_object_key_list): null

2019-08-23 17:16:55 - [TEST_STEP][PASSED] - assert NG_spin_result.equals(M4_round_spin_result_key_list): null

2019-08-23 17:16:55 - [TEST_STEP][PASSED] - assert NG_feature_trigger.equals(features_triggered_list): null

2019-08-23 17:16:55 - [TEST_STEP][PASSED] - assert NG_reel.equals(M4_round_reel_key_list): null

2019-08-23 17:16:55 - [TEST_STEP][PASSED] - assert NG_feature_state.equals(feature_state_list): null

2019-08-23 17:16:55 - [TEST_STEP][PASSED] - assert NG_reel_symbol1.equals(M4_round_reels_symbols_key1): null

2019-08-23 17:16:55 - [TEST_STEP][PASSED] - assert NG_reel_symbol2.equals(M4_round_reels_symbols_key2): null

2019-08-23 17:16:55 - [TEST_STEP][PASSED] - assert NG_reel_symbol3.equals(M4_round_reels_symbols_key3): null

2019-08-23 17:16:55 - [TEST_STEP][PASSED] - callTestCase(findTestCase("INT_env/compare_values/1_freeSpin_verify_value"), ["Partner":Partner, "Userid":Userid, "Game_code":Game_code, "url_krug_gw":url_krug_gw, "secret_key":secret_key, "M4_recorder":M4_recorder]): Call Test Case 'Test Cases/INT_env/compare_values/1_freeSpin_verify_value' successfully

2019-08-23 17:16:55 - [TEST_CASE][PASSED] - Test Cases/INT_env/compare_values/1_freeSpin_verify_value: Test Cases/INT_env/compare_values/1_freeSpin_verify_value

2019-08-23 17:16:56 - [TEST_STEP][PASSED] - excelTestFile02 = "/Users/eiralee/Katalon_Script/SuperWild/Reports/TestFile02.xls": null

2019-08-23 17:16:56 - [TEST_STEP][PASSED] - createExcelFile(excelTestFile02): null

2019-08-23 17:16:56 - [TEST_STEP][PASSED] - testfile = new java.io.File(excelTestFile02): null

2019-08-23 17:16:56 - [TEST_STEP][PASSED] - assert testfile.exists() == true: null

2019-08-23 17:16:56 - [TEST_STEP][PASSED] - workbook01 = getWorkbook(excelTestFile02): null

2019-08-23 17:16:56 - [TEST_STEP][PASSED] - createExcelSheets(workbook01, ["NuRGS", "M4_historyOrOthersAPI"]): null

2019-08-23 17:16:56 - [TEST_STEP][PASSED] - saveWorkbook(excelTestFile02, workbook01): null

2019-08-23 17:16:56 - [TEST_STEP][PASSED] - SheetCreated01 = ["Sheet0", "NuRGS", "M4_historyOrOthersAPI"]: null

2019-08-23 17:16:56 - [TEST_STEP][PASSED] - workbook01 = getWorkbook(excelTestFile02): null

2019-08-23 17:16:56 - [TEST_STEP][PASSED] - assert SheetCreated01 == getSheetNames(workbook01): null

2019-08-23 17:16:56 - [TEST_STEP][PASSED] - NuRGS = getExcelSheet(workbook01, "NuRGS"): null

2019-08-23 17:16:56 - [TEST_STEP][PASSED] - content = new java.util.HashMap(): null

2019-08-23 17:16:56 - [TEST_STEP][PASSED] - content.putAt("A2", "currency"): null

2019-08-23 17:16:56 - [TEST_STEP][PASSED] - content.putAt("A3", "round_id"): null

2019-08-23 17:16:56 - [TEST_STEP][PASSED] - content.putAt("A4", "balance"): null

2019-08-23 17:16:56 - [TEST_STEP][PASSED] - content.putAt("A5", "bet_value"): null

2019-08-23 17:16:56 - [TEST_STEP][PASSED] - content.putAt("A6", "total_bet"): null

2019-08-23 17:16:56 - [TEST_STEP][PASSED] - content.putAt("A7", "total_win"): null

2019-08-23 17:16:56 - [TEST_STEP][PASSED] - content.putAt("A8", "transaction_id"): null

2019-08-23 17:16:56 - [TEST_STEP][PASSED] - content.putAt("A9", "transaction_type"): null

2019-08-23 17:16:56 - [TEST_STEP][PASSED] - content.putAt("A10", "reels0_01_symbols"): null

2019-08-23 17:16:56 - [TEST_STEP][PASSED] - content.putAt("A11", "reels0_02_symbols"): null

2019-08-23 17:16:56 - [TEST_STEP][PASSED] - content.putAt("A12", "reels0_03_symbols"): null

2019-08-23 17:16:56 - [TEST_STEP][PASSED] - content.putAt("A13", "reels1_01_symbols"): null

2019-08-23 17:16:56 - [TEST_STEP][PASSED] - content.putAt("A14", "reels1_02_symbols"): null

2019-08-23 17:16:56 - [TEST_STEP][PASSED] - content.putAt("A15", "reels1_03_symbols"): null

2019-08-23 17:16:56 - [TEST_STEP][PASSED] - content.putAt("A16", "reels2_01_symbols"): null

2019-08-23 17:16:56 - [TEST_STEP][PASSED] - content.putAt("A17", "reels2_02_symbols"): null

2019-08-23 17:16:56 - [TEST_STEP][PASSED] - content.putAt("A18", "reels2_03_symbols"): null

2019-08-23 17:16:56 - [TEST_STEP][PASSED] - content.putAt("A19", "reels3_01_symbols"): null

2019-08-23 17:16:56 - [TEST_STEP][PASSED] - content.putAt("A20", "reels3_02_symbols"): null

2019-08-23 17:16:56 - [TEST_STEP][PASSED] - content.putAt("A21", "reels3_03_symbols"): null

2019-08-23 17:16:56 - [TEST_STEP][PASSED] - content.putAt("A22", "reels4_01_symbols"): null

2019-08-23 17:16:56 - [TEST_STEP][PASSED] - content.putAt("A23", "reels4_02_symbols"): null

2019-08-23 17:16:56 - [TEST_STEP][PASSED] - content.putAt("A24", "reels4_03_symbols"): null

2019-08-23 17:16:56 - [TEST_STEP][PASSED] - content.putAt("A25", "F_reels0_01_symbols"): null

2019-08-23 17:16:56 - [TEST_STEP][PASSED] - content.putAt("A26", "F_reels0_02_symbols"): null

2019-08-23 17:16:56 - [TEST_STEP][PASSED] - content.putAt("A27", "F_reels0_03_symbols"): null

2019-08-23 17:16:56 - [TEST_STEP][PASSED] - content.putAt("A28", "F_reels1_01_symbols"): null

2019-08-23 17:16:56 - [TEST_STEP][PASSED] - content.putAt("A29", "F_reels1_02_symbols"): null

2019-08-23 17:16:56 - [TEST_STEP][PASSED] - content.putAt("A30", "F_reels1_03_symbols"): null

2019-08-23 17:16:56 - [TEST_STEP][PASSED] - content.putAt("A31", "F_reels2_01_symbols"): null

2019-08-23 17:16:56 - [TEST_STEP][PASSED] - content.putAt("A32", "F_reels2_02_symbols"): null

2019-08-23 17:16:56 - [TEST_STEP][PASSED] - content.putAt("A33", "F_reels2_03_symbols"): null

2019-08-23 17:16:56 - [TEST_STEP][PASSED] - content.putAt("A34", "F_reels3_01_symbols"): null

2019-08-23 17:16:56 - [TEST_STEP][PASSED] - content.putAt("A35", "F_reels3_02_symbols"): null

2019-08-23 17:16:56 - [TEST_STEP][PASSED] - content.putAt("A36", "F_reels3_03_symbols"): null

2019-08-23 17:16:56 - [TEST_STEP][PASSED] - content.putAt("A37", "F_reels4_01_symbols"): null

2019-08-23 17:16:56 - [TEST_STEP][PASSED] - content.putAt("A38", "F_reels4_02_symbols"): null

2019-08-23 17:16:56 - [TEST_STEP][PASSED] - content.putAt("A39", "F_reels4_03_symbols"): null

2019-08-23 17:16:56 - [TEST_STEP][PASSED] - content.putAt("A40", "free_spins_left"): null

2019-08-23 17:16:56 - [TEST_STEP][PASSED] - content.putAt("A41", "total_free_spin_count"): null

2019-08-23 17:16:56 - [TEST_STEP][PASSED] - content.putAt("A42", "total_free_spin_win_amount"): null

2019-08-23 17:16:56 - [TEST_STEP][PASSED] - setValueToCellByAddresses(NuRGS, content): null

2019-08-23 17:16:56 - [TEST_STEP][PASSED] - saveWorkbook(excelTestFile02, workbook01): null

2019-08-23 17:16:56 - [TEST_STEP][PASSED] - M4_historyOrOthersAPI = getExcelSheet(workbook01, "M4_historyOrOthersAPI"): null

2019-08-23 17:16:56 - [TEST_STEP][PASSED] - content1 = new java.util.HashMap(): null

2019-08-23 17:16:56 - [TEST_STEP][PASSED] - content1.putAt("A2", "currency"): null

2019-08-23 17:16:56 - [TEST_STEP][PASSED] - content1.putAt("A3", "round_id"): null

2019-08-23 17:16:56 - [TEST_STEP][PASSED] - content1.putAt("A4", "balance"): null

2019-08-23 17:16:56 - [TEST_STEP][PASSED] - content1.putAt("A5", "bet_value"): null

2019-08-23 17:16:56 - [TEST_STEP][PASSED] - content1.putAt("A6", "total_bet"): null

2019-08-23 17:16:56 - [TEST_STEP][PASSED] - content1.putAt("A7", "total_win"): null

2019-08-23 17:16:56 - [TEST_STEP][PASSED] - content1.putAt("A8", "transaction_id"): null

2019-08-23 17:16:56 - [TEST_STEP][PASSED] - content1.putAt("A9", "transaction_type"): null

2019-08-23 17:16:56 - [TEST_STEP][PASSED] - content1.putAt("A10", "reels0_01_symbols"): null

2019-08-23 17:16:56 - [TEST_STEP][PASSED] - content1.putAt("A11", "reels0_02_symbols"): null

2019-08-23 17:16:56 - [TEST_STEP][PASSED] - content1.putAt("A12", "reels0_03_symbols"): null

2019-08-23 17:16:56 - [TEST_STEP][PASSED] - content1.putAt("A13", "reels1_01_symbols"): null

2019-08-23 17:16:56 - [TEST_STEP][PASSED] - content1.putAt("A14", "reels1_02_symbols"): null

2019-08-23 17:16:56 - [TEST_STEP][PASSED] - content1.putAt("A15", "reels1_03_symbols"): null

2019-08-23 17:16:56 - [TEST_STEP][PASSED] - content1.putAt("A16", "reels2_01_symbols"): null

2019-08-23 17:16:56 - [TEST_STEP][PASSED] - content1.putAt("A17", "reels2_02_symbols"): null

2019-08-23 17:16:56 - [TEST_STEP][PASSED] - content1.putAt("A18", "reels2_03_symbols"): null

2019-08-23 17:16:56 - [TEST_STEP][PASSED] - content1.putAt("A19", "reels3_01_symbols"): null

2019-08-23 17:16:56 - [TEST_STEP][PASSED] - content1.putAt("A20", "reels3_02_symbols"): null

2019-08-23 17:16:56 - [TEST_STEP][PASSED] - content1.putAt("A21", "reels3_03_symbols"): null

2019-08-23 17:16:56 - [TEST_STEP][PASSED] - content1.putAt("A22", "reels4_01_symbols"): null

2019-08-23 17:16:56 - [TEST_STEP][PASSED] - content1.putAt("A23", "reels4_02_symbols"): null

2019-08-23 17:16:56 - [TEST_STEP][PASSED] - content1.putAt("A24", "reels4_03_symbols"): null

2019-08-23 17:16:56 - [TEST_STEP][PASSED] - content1.putAt("A25", "F_reels0_01_symbols"): null

2019-08-23 17:16:56 - [TEST_STEP][PASSED] - content1.putAt("A26", "F_reels0_02_symbols"): null

2019-08-23 17:16:56 - [TEST_STEP][PASSED] - content1.putAt("A27", "F_reels0_03_symbols"): null

2019-08-23 17:16:56 - [TEST_STEP][PASSED] - content1.putAt("A28", "F_reels1_01_symbols"): null

2019-08-23 17:16:56 - [TEST_STEP][PASSED] - content1.putAt("A29", "F_reels1_02_symbols"): null

2019-08-23 17:16:56 - [TEST_STEP][PASSED] - content1.putAt("A30", "F_reels1_03_symbols"): null

2019-08-23 17:16:56 - [TEST_STEP][PASSED] - content1.putAt("A31", "F_reels2_01_symbols"): null

2019-08-23 17:16:56 - [TEST_STEP][PASSED] - content1.putAt("A32", "F_reels2_02_symbols"): null

2019-08-23 17:16:56 - [TEST_STEP][PASSED] - content1.putAt("A33", "F_reels2_03_symbols"): null

2019-08-23 17:16:56 - [TEST_STEP][PASSED] - content1.putAt("A34", "F_reels3_01_symbols"): null

2019-08-23 17:16:56 - [TEST_STEP][PASSED] - content1.putAt("A35", "F_reels3_02_symbols"): null

2019-08-23 17:16:56 - [TEST_STEP][PASSED] - content1.putAt("A36", "F_reels3_03_symbols"): null

2019-08-23 17:16:56 - [TEST_STEP][PASSED] - content1.putAt("A37", "F_reels4_01_symbols"): null

2019-08-23 17:16:56 - [TEST_STEP][PASSED] - content1.putAt("A38", "F_reels4_02_symbols"): null

2019-08-23 17:16:56 - [TEST_STEP][PASSED] - content1.putAt("A39", "F_reels4_03_symbols"): null

2019-08-23 17:16:56 - [TEST_STEP][PASSED] - content1.putAt("A40", "free_spins_left"): null

2019-08-23 17:16:56 - [TEST_STEP][PASSED] - content1.putAt("A41", "total_free_spin_count"): null

2019-08-23 17:16:56 - [TEST_STEP][PASSED] - content1.putAt("A42", "total_free_spin_win_amount"): null

2019-08-23 17:16:56 - [TEST_STEP][PASSED] - setValueToCellByAddresses(M4_historyOrOthersAPI, content1): null

2019-08-23 17:16:56 - [TEST_STEP][PASSED] - saveWorkbook(excelTestFile02, workbook01): null

2019-08-23 17:16:56 - [TEST_STEP][PASSED] - sendRequestAndVerify(findTestObject("INT/Wallet/Get_Session_Token", ["url_krug_gw":url_krug_gw, "partner":Partner, "secret_key":secret_key, "userid":Userid])): Send request and verify the response successfully

2019-08-23 17:16:56 - [MESSAGE][INFO] - HAR: /Users/eiralee/Katalon_Script/SuperWild/Reports/20190823_171636/INT/superWild_1/20190823_171636/requests/main/5.har

2019-08-23 17:16:56 - [TEST_CASE][PASSED] - Start Test Case : Verification: Verification accomplished successfully

2019-08-23 17:16:56 - [TEST_STEP][PASSED] - request = getInstance().getCurrentRequest(): null

2019-08-23 17:16:56 - [TEST_STEP][PASSED] - response = getInstance().getCurrentResponse(): null

2019-08-23 17:16:56 - [TEST_STEP][PASSED] - verifyResponseStatusCode(response, 200): Verify response status code successfully

2019-08-23 17:16:56 - [MESSAGE][PASSED] - Verify response status code successfully

2019-08-23 17:16:56 - [TEST_STEP][PASSED] - getStatusCode()).isEqualTo(200): null

2019-08-23 17:16:56 - [TEST_STEP][PASSED] - getResponseText()).contains("session_token"): null

2019-08-23 17:16:56 - [TEST_STEP][PASSED] - getsession = new groovy.json.JsonSlurper(): null

2019-08-23 17:16:56 - [TEST_STEP][PASSED] - result_getsession = getsession.parseText(response.getResponseBodyContent()): null

2019-08-23 17:16:56 - [TEST_STEP][PASSED] - session_token = session_token: null

2019-08-23 17:16:56 - [TEST_STEP][PASSED] - println("...value extracted is :" + session_token): null

2019-08-23 17:16:56 - [TEST_STEP][PASSED] - session_token = session_token: null

2019-08-23 17:16:56 - [TEST_STEP][PASSED] - println("GlobalVariable is :" + session_token): null

2019-08-23 17:16:56 - [TEST_STEP][PASSED] - internal_balance = internal_balance: null

2019-08-23 17:16:56 - [TEST_STEP][PASSED] - internal_balance = internal_balance: null

2019-08-23 17:16:56 - [MESSAGE][PASSED] - Verify response successfully

2019-08-23 17:16:56 - [MESSAGE][PASSED] - Send request and verify the response successfully

2019-08-23 17:16:56 - [TEST_STEP][PASSED] - M4_login = sendRequestAndVerify(findTestObject("INT/RGS(M4)/M4_Login", ["partner":Partner, "game_code":Game_code, "session_token":session_token])): Send request and verify the response successfully

2019-08-23 17:16:57 - [MESSAGE][INFO] - HAR: /Users/eiralee/Katalon_Script/SuperWild/Reports/20190823_171636/INT/superWild_1/20190823_171636/requests/main/6.har

2019-08-23 17:16:57 - [TEST_CASE][PASSED] - Start Test Case : Verification: Verification accomplished successfully

2019-08-23 17:16:57 - [TEST_STEP][PASSED] - request = getInstance().getCurrentRequest(): null

2019-08-23 17:16:57 - [TEST_STEP][PASSED] - response = getInstance().getCurrentResponse(): null

2019-08-23 17:16:57 - [TEST_STEP][PASSED] - verifyResponseStatusCode(response, 200): Verify response status code successfully

2019-08-23 17:16:57 - [MESSAGE][PASSED] - Verify response status code successfully

2019-08-23 17:16:57 - [TEST_STEP][PASSED] - getStatusCode()).isEqualTo(200): null

2019-08-23 17:16:57 - [TEST_STEP][PASSED] - newline = System.getProperty("line.separator"): null

2019-08-23 17:16:57 - [TEST_STEP][PASSED] - M4_login = new groovy.json.JsonSlurper(): null

2019-08-23 17:16:57 - [TEST_STEP][PASSED] - result_M4_login = M4_login.parseText(response.getResponseBodyContent()): null

2019-08-23 17:16:57 - [TEST_STEP][PASSED] - M4_login_user_id = user_id: null

2019-08-23 17:16:57 - [TEST_STEP][PASSED] - println("playerid is: " + M4_login_user_id): null

2019-08-23 17:16:57 - [TEST_STEP][PASSED] - M4_login_user_id = M4_login_user_id: null

2019-08-23 17:16:57 - [MESSAGE][PASSED] - Verify response successfully

2019-08-23 17:16:57 - [MESSAGE][PASSED] - Send request and verify the response successfully

2019-08-23 17:16:57 - [TEST_STEP][PASSED] - M4_login_user_id = M4_login_user_id: null

2019-08-23 17:16:57 - [TEST_STEP][PASSED] - M4_init = sendRequestAndVerify(findTestObject("INT/RGS(M4)/M4_init", ["partner":Partner, "M4_recorder":M4_recorder, "M4_login_user_id":M4_login_user_id])): Send request and verify the response successfully

2019-08-23 17:16:57 - [MESSAGE][INFO] - HAR: /Users/eiralee/Katalon_Script/SuperWild/Reports/20190823_171636/INT/superWild_1/20190823_171636/requests/main/7.har

2019-08-23 17:16:57 - [TEST_CASE][PASSED] - Start Test Case : Verification: Verification accomplished successfully

2019-08-23 17:16:57 - [TEST_STEP][PASSED] - request = getInstance().getCurrentRequest(): null

2019-08-23 17:16:57 - [TEST_STEP][PASSED] - response = getInstance().getCurrentResponse(): null

2019-08-23 17:16:57 - [TEST_STEP][PASSED] - verifyResponseStatusCode(response, 200): Verify response status code successfully

2019-08-23 17:16:57 - [MESSAGE][PASSED] - Verify response status code successfully

2019-08-23 17:16:57 - [TEST_STEP][PASSED] - getStatusCode()).isEqualTo(200): null

2019-08-23 17:16:57 - [TEST_STEP][PASSED] - newline = System.getProperty("line.separator"): null

2019-08-23 17:16:57 - [TEST_STEP][PASSED] - M4_init = new groovy.json.JsonSlurper(): null

2019-08-23 17:16:57 - [TEST_STEP][PASSED] - result_M4_init = M4_init.parseText(response.getResponseBodyContent()): null

2019-08-23 17:16:57 - [TEST_STEP][PASSED] - rgs_session_token = session_token: null

2019-08-23 17:16:57 - [TEST_STEP][PASSED] - rgs_session_token = rgs_session_token: null

2019-08-23 17:16:57 - [TEST_STEP][PASSED] - M4_init_balance = balance: null

2019-08-23 17:16:57 - [TEST_STEP][PASSED] - M4_init_balance = M4_init_balance: null

2019-08-23 17:16:57 - [TEST_STEP][PASSED] - game_code = genesis_id: null

2019-08-23 17:16:57 - [TEST_STEP][PASSED] - game_code = game_code: null

2019-08-23 17:16:57 - [TEST_STEP][PASSED] - M4_free_round = free_round: null

2019-08-23 17:16:57 - [TEST_STEP][PASSED] - M4_free_round = M4_free_round: null

2019-08-23 17:16:57 - [MESSAGE][PASSED] - Verify response successfully

2019-08-23 17:16:57 - [MESSAGE][PASSED] - Send request and verify the response successfully

2019-08-23 17:16:57 - [TEST_STEP][PASSED] - rgs_session_token = rgs_session_token: null

2019-08-23 17:16:57 - [TEST_STEP][PASSED] - M4_spin_reels_symbols = M4_spin_reels_symbols: null

2019-08-23 17:16:57 - [TEST_STEP][PASSED] - sendRequestAndVerify(findTestObject("INT/RGS(M4)/1_Round_detail", ["partner":Partner, "M4_spin_round_id":M4_spin_round_id])): Send request and verify the response successfully

2019-08-23 17:16:57 - [MESSAGE][INFO] - HAR: /Users/eiralee/Katalon_Script/SuperWild/Reports/20190823_171636/INT/superWild_1/20190823_171636/requests/main/8.har

2019-08-23 17:16:57 - [TEST_CASE][PASSED] - Start Test Case : Verification: Verification accomplished successfully

2019-08-23 17:16:57 - [TEST_STEP][PASSED] - request = getInstance().getCurrentRequest(): null

2019-08-23 17:16:58 - [TEST_STEP][PASSED] - response = getInstance().getCurrentResponse(): null

2019-08-23 17:16:58 - [TEST_STEP][PASSED] - verifyResponseStatusCode(response, 200): Verify response status code successfully

2019-08-23 17:16:58 - [MESSAGE][PASSED] - Verify response status code successfully

2019-08-23 17:16:58 - [TEST_STEP][PASSED] - getStatusCode()).isEqualTo(200): null

2019-08-23 17:16:58 - [TEST_STEP][PASSED] - newline = System.getProperty("line.separator"): null

2019-08-23 17:16:58 - [TEST_STEP][PASSED] - M4_round = new groovy.json.JsonSlurper(): null

2019-08-23 17:16:58 - [TEST_STEP][PASSED] - M4_round_detail = M4_round.parseText(response.getResponseBodyContent()): null

2019-08-23 17:16:58 - [TEST_STEP][PASSED] - M4_round_object = M4_round_detail: null

2019-08-23 17:16:58 - [TEST_STEP][PASSED] - M4_round_object = M4_round_object: null

2019-08-23 17:16:58 - [TEST_STEP][PASSED] - M4_round_transaction_type = transaction_type: null

2019-08-23 17:16:58 - [TEST_STEP][PASSED] - M4_round_transaction_type = M4_round_transaction_type: null

2019-08-23 17:16:58 - [TEST_STEP][PASSED] - M4_round_player_id = player_id: null

2019-08-23 17:16:58 - [TEST_STEP][PASSED] - M4_round_player_id = M4_round_player_id: null

2019-08-23 17:16:58 - [TEST_STEP][PASSED] - M4_round_booster_type = booster_type: null

2019-08-23 17:16:58 - [TEST_STEP][PASSED] - M4_round_booster_type = M4_round_booster_type: null

2019-08-23 17:16:58 - [TEST_STEP][PASSED] - M4_round_currency = currency: null

2019-08-23 17:16:58 - [TEST_STEP][PASSED] - M4_round_currency = M4_round_currency: null

2019-08-23 17:16:58 - [TEST_STEP][PASSED] - M4_round_id = round_id: null

2019-08-23 17:16:58 - [TEST_STEP][PASSED] - M4_round_id = M4_round_id: null

2019-08-23 17:16:58 - [TEST_STEP][PASSED] - M4_round_transaction_id = transaction_id: null

2019-08-23 17:16:58 - [TEST_STEP][PASSED] - M4_round_transaction_id = M4_round_transaction_id: null

2019-08-23 17:16:58 - [TEST_STEP][PASSED] - M4_round_transaction_time = transaction_time: null

2019-08-23 17:16:58 - [TEST_STEP][PASSED] - M4_round_transaction_time = M4_round_transaction_time: null

2019-08-23 17:16:58 - [TEST_STEP][PASSED] - M4_round_total_win = total_win: null

2019-08-23 17:16:58 - [TEST_STEP][PASSED] - M4_round_total_win = M4_round_total_win: null

2019-08-23 17:16:58 - [TEST_STEP][PASSED] - M4_round_balance_long = balance: null

2019-08-23 17:16:58 - [TEST_STEP][PASSED] - M4_round_balance = Long.toString(M4_round_balance_long): null

2019-08-23 17:16:58 - [TEST_STEP][PASSED] - M4_round_balance = M4_round_balance: null

2019-08-23 17:16:58 - [TEST_STEP][PASSED] - M4_round_total_bet = total_bet: null

2019-08-23 17:16:58 - [TEST_STEP][PASSED] - M4_round_total_bet = M4_round_total_bet: null

2019-08-23 17:16:58 - [TEST_STEP][PASSED] - M4_round_bet_value = bet_value: null

2019-08-23 17:16:58 - [TEST_STEP][PASSED] - M4_round_bet_value = M4_round_bet_value: null

2019-08-23 17:16:58 - [TEST_STEP][PASSED] - M4_round_line = line: null

2019-08-23 17:16:58 - [TEST_STEP][PASSED] - M4_round_line = M4_round_line: null

2019-08-23 17:16:58 - [TEST_STEP][PASSED] - M4_round_reels1 = reels[0]: null

2019-08-23 17:16:58 - [TEST_STEP][PASSED] - M4_round_reels1 = M4_round_reels1: null

2019-08-23 17:16:58 - [TEST_STEP][PASSED] - M4_round_reels2 = reels[1]: null

2019-08-23 17:16:58 - [TEST_STEP][PASSED] - M4_round_reels2 = M4_round_reels2: null

2019-08-23 17:16:58 - [TEST_STEP][PASSED] - M4_round_reels3 = reels[2]: null

2019-08-23 17:16:58 - [TEST_STEP][PASSED] - M4_round_reels3 = M4_round_reels3: null

2019-08-23 17:16:58 - [TEST_STEP][PASSED] - M4_round_reels4 = reels[3]: null

2019-08-23 17:16:58 - [TEST_STEP][PASSED] - M4_round_reels4 = M4_round_reels4: null

2019-08-23 17:16:58 - [TEST_STEP][PASSED] - M4_round_reels5 = reels[4]: null

2019-08-23 17:16:58 - [TEST_STEP][PASSED] - M4_round_reels5 = M4_round_reels5: null

2019-08-23 17:16:58 - [TEST_STEP][PASSED] - M4_round_F_reels1 = reels[0]: null

2019-08-23 17:16:58 - [TEST_STEP][PASSED] - M4_round_F_reels1 = M4_round_F_reels1: null

2019-08-23 17:16:58 - [TEST_STEP][PASSED] - M4_round_F_reels2 = reels[1]: null

2019-08-23 17:16:58 - [TEST_STEP][PASSED] - M4_round_F_reels2 = M4_round_F_reels2: null

2019-08-23 17:16:58 - [TEST_STEP][PASSED] - M4_round_F_reels3 = reels[2]: null

2019-08-23 17:16:58 - [TEST_STEP][PASSED] - M4_round_F_reels3 = M4_round_F_reels3: null

2019-08-23 17:16:58 - [TEST_STEP][PASSED] - M4_round_F_reels4 = reels[3]: null

2019-08-23 17:16:58 - [TEST_STEP][PASSED] - M4_round_F_reels4 = M4_round_F_reels4: null

2019-08-23 17:16:58 - [TEST_STEP][PASSED] - M4_round_F_reels5 = reels[4]: null

2019-08-23 17:16:58 - [TEST_STEP][PASSED] - M4_round_F_reels5 = M4_round_F_reels5: null

2019-08-23 17:16:58 - [TEST_STEP][PASSED] - M4_round_reels0_symbols1 = symbols[0]: null

2019-08-23 17:16:58 - [TEST_STEP][PASSED] - M4_round_reels0_symbols1 = M4_round_reels0_symbols1: null

2019-08-23 17:16:58 - [TEST_STEP][PASSED] - M4_round_reels0_symbols2 = symbols[1]: null

2019-08-23 17:16:58 - [TEST_STEP][PASSED] - M4_round_reels0_symbols2 = M4_round_reels0_symbols2: null

2019-08-23 17:16:58 - [TEST_STEP][PASSED] - M4_round_reels0_symbols3 = symbols[2]: null

2019-08-23 17:16:58 - [TEST_STEP][PASSED] - M4_round_reels0_symbols3 = M4_round_reels0_symbols3: null

2019-08-23 17:16:58 - [TEST_STEP][PASSED] - M4_round_reels1_symbols1 = symbols[0]: null

2019-08-23 17:16:58 - [TEST_STEP][PASSED] - M4_round_reels1_symbols1 = M4_round_reels1_symbols1: null

2019-08-23 17:16:58 - [TEST_STEP][PASSED] - M4_round_reels1_symbols2 = symbols[1]: null

2019-08-23 17:16:58 - [TEST_STEP][PASSED] - M4_round_reels1_symbols2 = M4_round_reels1_symbols2: null

2019-08-23 17:16:58 - [TEST_STEP][PASSED] - M4_round_reels1_symbols3 = symbols[2]: null

2019-08-23 17:16:58 - [TEST_STEP][PASSED] - M4_round_reels1_symbols3 = M4_round_reels1_symbols3: null

2019-08-23 17:16:58 - [TEST_STEP][PASSED] - M4_round_reels1_symbols4 = symbols[3]: null

2019-08-23 17:16:58 - [TEST_STEP][PASSED] - M4_round_reels_symbols_all = symbol: null

2019-08-23 17:16:58 - [TEST_STEP][PASSED] - M4_round_reels_symbols_all = M4_round_reels_symbols_all: null

2019-08-23 17:16:58 - [TEST_STEP][PASSED] - M4_round_features_triggered = features_triggered: null

2019-08-23 17:16:58 - [TEST_STEP][PASSED] - M4_round_features_triggered = M4_round_features_triggered: null

2019-08-23 17:16:58 - [TEST_STEP][PASSED] - M4_round_features_complete = complete: null

2019-08-23 17:16:58 - [TEST_STEP][PASSED] - M4_round_features_complete = M4_round_features_complete: null

2019-08-23 17:16:58 - [TEST_STEP][PASSED] - M4_round_free_spins_left = free_spins_left: null

2019-08-23 17:16:58 - [TEST_STEP][PASSED] - M4_round_free_spins_left = M4_round_free_spins_left: null

2019-08-23 17:16:58 - [TEST_STEP][PASSED] - M4_round_total_free_spin_count = total_free_spin_count: null

2019-08-23 17:16:58 - [TEST_STEP][PASSED] - M4_round_total_free_spin_count = M4_round_total_free_spin_count: null

2019-08-23 17:16:58 - [TEST_STEP][PASSED] - M4_round_total_free_spin_win_amount = total_free_spin_win_amount: null

2019-08-23 17:16:58 - [TEST_STEP][PASSED] - M4_round_total_free_spin_win_amount = M4_round_total_free_spin_win_amount: null

2019-08-23 17:16:58 - [TEST_STEP][PASSED] - M4_round_subfeatures = subfeatures: null

2019-08-23 17:16:58 - [TEST_STEP][PASSED] - M4_round_subfeatures = M4_round_subfeatures: null

2019-08-23 17:16:58 - [TEST_STEP][PASSED] - M4_round_wild_multiplier = wild_multiplier: null

2019-08-23 17:16:58 - [TEST_STEP][PASSED] - M4_round_wild_multiplier = M4_round_wild_multiplier: null

2019-08-23 17:16:58 - [TEST_STEP][PASSED] - M4_round_wild_config = wild_config: null

2019-08-23 17:16:58 - [TEST_STEP][PASSED] - M4_round_wild_config = M4_round_wild_config: null

2019-08-23 17:16:58 - [TEST_STEP][PASSED] - M4_round_wild_config_index = index: null

2019-08-23 17:16:58 - [TEST_STEP][PASSED] - M4_round_free_spin_left = free_spins_lef: null

2019-08-23 17:16:58 - [TEST_STEP][PASSED] - M4_round_free_spin_left = M4_round_free_spin_left: null

2019-08-23 17:16:58 - [TEST_STEP][PASSED] - M4_round_original_reels = original_reels: null

2019-08-23 17:16:58 - [TEST_STEP][PASSED] - M4_round_original_reels = M4_round_original_reels: null

2019-08-23 17:16:58 - [TEST_STEP][PASSED] - M4_round_swapped_reels = swapped_reels: null

2019-08-23 17:16:58 - [TEST_STEP][PASSED] - M4_round_swapped_reels = M4_round_swapped_reels: null

2019-08-23 17:16:58 - [TEST_STEP][PASSED] - M4_round_free_spins_added = free_spins_added: null

2019-08-23 17:16:58 - [TEST_STEP][PASSED] - M4_round_spin_result_list = spin_results[0]: null

2019-08-23 17:16:58 - [TEST_STEP][PASSED] - M4_round_spin_result_list = M4_round_spin_result_list: null

2019-08-23 17:16:58 - [TEST_STEP][PASSED] - M4_round_feature_state = feature_state: null

2019-08-23 17:16:58 - [TEST_STEP][PASSED] - M4_round_feature_state = M4_round_feature_state: null

2019-08-23 17:16:58 - [TEST_STEP][PASSED] - M4_round_feature_state_all = feature_state: null

2019-08-23 17:16:58 - [TEST_STEP][PASSED] - M4_round_feature_state_all = M4_round_feature_state_all: null

2019-08-23 17:16:58 - [TEST_STEP][PASSED] - M4_round_features_type = type: null

2019-08-23 17:16:58 - [TEST_STEP][PASSED] - M4_round_features_type = M4_round_features_type: null

2019-08-23 17:16:58 - [TEST_STEP][PASSED] - M4_round_scatter_win = scatter_win: null

2019-08-23 17:16:58 - [TEST_STEP][PASSED] - M4_round_scatter_win = M4_round_scatter_win: null

2019-08-23 17:16:58 - [TEST_STEP][PASSED] - M4_round_spin_result1 = spin_results[1]: null

2019-08-23 17:16:58 - [TEST_STEP][PASSED] - M4_round_spin_result1 = M4_round_spin_result1: null

2019-08-23 17:16:58 - [MESSAGE][PASSED] - Verify response successfully

2019-08-23 17:16:58 - [MESSAGE][PASSED] - Send request and verify the response successfully

2019-08-23 17:16:58 - [TEST_STEP][PASSED] - M4_round_spin_result_list = M4_round_spin_result_list: null

2019-08-23 17:16:58 - [TEST_STEP][PASSED] - features_trigger = features_triggered: null

2019-08-23 17:16:58 - [TEST_STEP][PASSED] - total_free_spin_count = "": null

2019-08-23 17:16:58 - [TEST_STEP][PASSED] - free_spins_left = "": null

2019-08-23 17:16:58 - [TEST_STEP][PASSED] - total_free_spin_win_amount = "": null

2019-08-23 17:16:58 - [TEST_STEP][PASSED] - for ([i = 0, i &lt; features_trigger.size(), (i++)]): null

2019-08-23 17:16:58 - [TEST_STEP][PASSED] - feature_type = type: null

2019-08-23 17:16:58 - [TEST_STEP][PASSED] - println("M4_round_spin_result_list is: " + M4_round_spin_result_list): null

2019-08-23 17:16:58 - [TEST_STEP][PASSED] - println(i): null

2019-08-23 17:16:58 - [TEST_STEP][PASSED] - if (feature_type == "FREE_SPIN"): null

2019-08-23 17:16:58 - [TEST_STEP][PASSED] - feature_type = type: null

2019-08-23 17:16:58 - [TEST_STEP][PASSED] - println("M4_round_spin_result_list is: " + M4_round_spin_result_list): null

2019-08-23 17:16:58 - [TEST_STEP][PASSED] - println(i): null

2019-08-23 17:16:58 - [TEST_STEP][PASSED] - if (feature_type == "FREE_SPIN"): null

2019-08-23 17:16:58 - [TEST_STEP][PASSED] - feature_type = type: null

2019-08-23 17:16:58 - [TEST_STEP][PASSED] - println("M4_round_spin_result_list is: " + M4_round_spin_result_list): null

2019-08-23 17:16:58 - [TEST_STEP][PASSED] - println(i): null

2019-08-23 17:16:58 - [TEST_STEP][PASSED] - if (feature_type == "FREE_SPIN"): null

2019-08-23 17:16:58 - [TEST_STEP][PASSED] - println("feature_type is:" + feature_type): null

2019-08-23 17:16:58 - [TEST_STEP][PASSED] - total_free_spin_count = total_free_spin_count: null

2019-08-23 17:16:58 - [TEST_STEP][PASSED] - free_spins_left = free_spins_left: null

2019-08-23 17:16:58 - [TEST_STEP][PASSED] - total_free_spin_win_amount = total_free_spin_win_amount: null

2019-08-23 17:16:58 - [TEST_STEP][PASSED] - M4_balance = M4_round_balance: null

2019-08-23 17:16:58 - [TEST_STEP][PASSED] - M4_round_balance = Long.valueOf(M4_balance): null

2019-08-23 17:16:58 - [TEST_STEP][PASSED] - M4_round_spin_result = spin_results: null

2019-08-23 17:16:58 - [TEST_STEP][PASSED] - M4_round_free_spin_totalWin_result = "": null

2019-08-23 17:16:58 - [TEST_STEP][PASSED] - M4_total_win = 0: null

2019-08-23 17:16:58 - [TEST_STEP][PASSED] - for ([i = 0, i &lt; M4_round_spin_result.size(), (i++)]): null

2019-08-23 17:16:58 - [TEST_STEP][PASSED] - last_spin_result = balance: null

2019-08-23 17:16:58 - [TEST_STEP][PASSED] - M4_round_free_spin_totalWin = total_win: null

2019-08-23 17:16:58 - [TEST_STEP][PASSED] - println(last_spin_result): null

2019-08-23 17:16:58 - [TEST_STEP][PASSED] - println(M4_round_free_spin_totalWin): null

2019-08-23 17:16:58 - [TEST_STEP][PASSED] - M4_total_win = M4_round_free_spin_totalWin + M4_total_win: null

2019-08-23 17:16:58 - [TEST_STEP][PASSED] - println("M4_round_free_spin_totalWin_result is: " + M4_round_free_spin_totalWin_result): null

2019-08-23 17:16:58 - [TEST_STEP][PASSED] - if (last_spin_result &gt;= M4_round_balance): null

2019-08-23 17:16:58 - [TEST_STEP][PASSED] - M4_round_balance = last_spin_result: null

2019-08-23 17:16:58 - [TEST_STEP][PASSED] - last_spin_result = balance: null

2019-08-23 17:16:58 - [TEST_STEP][PASSED] - M4_round_free_spin_totalWin = total_win: null

2019-08-23 17:16:58 - [TEST_STEP][PASSED] - println(last_spin_result): null

2019-08-23 17:16:58 - [TEST_STEP][PASSED] - println(M4_round_free_spin_totalWin): null

2019-08-23 17:16:58 - [TEST_STEP][PASSED] - M4_total_win = M4_round_free_spin_totalWin + M4_total_win: null

2019-08-23 17:16:58 - [TEST_STEP][PASSED] - println("M4_round_free_spin_totalWin_result is: " + M4_round_free_spin_totalWin_result): null

2019-08-23 17:16:58 - [TEST_STEP][PASSED] - if (last_spin_result &gt;= M4_round_balance): null

2019-08-23 17:16:58 - [TEST_STEP][PASSED] - M4_round_balance = last_spin_result: null

2019-08-23 17:16:58 - [TEST_STEP][PASSED] - last_spin_result = balance: null

2019-08-23 17:16:58 - [TEST_STEP][PASSED] - M4_round_free_spin_totalWin = total_win: null

2019-08-23 17:16:58 - [TEST_STEP][PASSED] - println(last_spin_result): null

2019-08-23 17:16:58 - [TEST_STEP][PASSED] - println(M4_round_free_spin_totalWin): null

2019-08-23 17:16:58 - [TEST_STEP][PASSED] - M4_total_win = M4_round_free_spin_totalWin + M4_total_win: null

2019-08-23 17:16:58 - [TEST_STEP][PASSED] - println("M4_round_free_spin_totalWin_result is: " + M4_round_free_spin_totalWin_result): null

2019-08-23 17:16:58 - [TEST_STEP][PASSED] - if (last_spin_result &gt;= M4_round_balance): null

2019-08-23 17:16:58 - [TEST_STEP][PASSED] - M4_round_balance = last_spin_result: null

2019-08-23 17:16:58 - [TEST_STEP][PASSED] - last_spin_result = balance: null

2019-08-23 17:16:58 - [TEST_STEP][PASSED] - M4_round_free_spin_totalWin = total_win: null

2019-08-23 17:16:58 - [TEST_STEP][PASSED] - println(last_spin_result): null

2019-08-23 17:16:58 - [TEST_STEP][PASSED] - println(M4_round_free_spin_totalWin): null

2019-08-23 17:16:58 - [TEST_STEP][PASSED] - M4_total_win = M4_round_free_spin_totalWin + M4_total_win: null

2019-08-23 17:16:58 - [TEST_STEP][PASSED] - println("M4_round_free_spin_totalWin_result is: " + M4_round_free_spin_totalWin_result): null

2019-08-23 17:16:58 - [TEST_STEP][PASSED] - if (last_spin_result &gt;= M4_round_balance): null

2019-08-23 17:16:58 - [TEST_STEP][PASSED] - M4_round_balance = last_spin_result: null

2019-08-23 17:16:58 - [TEST_STEP][PASSED] - last_spin_result = balance: null

2019-08-23 17:16:58 - [TEST_STEP][PASSED] - M4_round_free_spin_totalWin = total_win: null

2019-08-23 17:16:58 - [TEST_STEP][PASSED] - println(last_spin_result): null

2019-08-23 17:16:58 - [TEST_STEP][PASSED] - println(M4_round_free_spin_totalWin): null

2019-08-23 17:16:58 - [TEST_STEP][PASSED] - M4_total_win = M4_round_free_spin_totalWin + M4_total_win: null

2019-08-23 17:16:58 - [TEST_STEP][PASSED] - println("M4_round_free_spin_totalWin_result is: " + M4_round_free_spin_totalWin_result): null

2019-08-23 17:16:58 - [TEST_STEP][PASSED] - if (last_spin_result &gt;= M4_round_balance): null

2019-08-23 17:16:58 - [TEST_STEP][PASSED] - M4_round_balance = last_spin_result: null

2019-08-23 17:16:58 - [TEST_STEP][PASSED] - last_spin_result = balance: null

2019-08-23 17:16:58 - [TEST_STEP][PASSED] - M4_round_free_spin_totalWin = total_win: null

2019-08-23 17:16:58 - [TEST_STEP][PASSED] - println(last_spin_result): null

2019-08-23 17:16:58 - [TEST_STEP][PASSED] - println(M4_round_free_spin_totalWin): null

2019-08-23 17:16:58 - [TEST_STEP][PASSED] - M4_total_win = M4_round_free_spin_totalWin + M4_total_win: null

2019-08-23 17:16:58 - [TEST_STEP][PASSED] - println("M4_round_free_spin_totalWin_result is: " + M4_round_free_spin_totalWin_result): null

2019-08-23 17:16:58 - [TEST_STEP][PASSED] - if (last_spin_result &gt;= M4_round_balance): null

2019-08-23 17:16:58 - [TEST_STEP][PASSED] - M4_round_balance = last_spin_result: null

2019-08-23 17:16:58 - [TEST_STEP][PASSED] - last_spin_result = balance: null

2019-08-23 17:16:58 - [TEST_STEP][PASSED] - M4_round_free_spin_totalWin = total_win: null

2019-08-23 17:16:58 - [TEST_STEP][PASSED] - println(last_spin_result): null

2019-08-23 17:16:58 - [TEST_STEP][PASSED] - println(M4_round_free_spin_totalWin): null

2019-08-23 17:16:58 - [TEST_STEP][PASSED] - M4_total_win = M4_round_free_spin_totalWin + M4_total_win: null

2019-08-23 17:16:58 - [TEST_STEP][PASSED] - println("M4_round_free_spin_totalWin_result is: " + M4_round_free_spin_totalWin_result): null

2019-08-23 17:16:58 - [TEST_STEP][PASSED] - if (last_spin_result &gt;= M4_round_balance): null

2019-08-23 17:16:58 - [TEST_STEP][PASSED] - M4_round_balance = last_spin_result: null

2019-08-23 17:16:58 - [TEST_STEP][PASSED] - last_spin_result = balance: null

2019-08-23 17:16:58 - [TEST_STEP][PASSED] - M4_round_free_spin_totalWin = total_win: null

2019-08-23 17:16:58 - [TEST_STEP][PASSED] - println(last_spin_result): null

2019-08-23 17:16:58 - [TEST_STEP][PASSED] - println(M4_round_free_spin_totalWin): null

2019-08-23 17:16:58 - [TEST_STEP][PASSED] - M4_total_win = M4_round_free_spin_totalWin + M4_total_win: null

2019-08-23 17:16:58 - [TEST_STEP][PASSED] - println("M4_round_free_spin_totalWin_result is: " + M4_round_free_spin_totalWin_result): null

2019-08-23 17:16:58 - [TEST_STEP][PASSED] - if (last_spin_result &gt;= M4_round_balance): null

2019-08-23 17:16:58 - [TEST_STEP][PASSED] - M4_round_balance = last_spin_result: null

2019-08-23 17:16:58 - [TEST_STEP][PASSED] - last_spin_result = balance: null

2019-08-23 17:16:58 - [TEST_STEP][PASSED] - M4_round_free_spin_totalWin = total_win: null

2019-08-23 17:16:58 - [TEST_STEP][PASSED] - println(last_spin_result): null

2019-08-23 17:16:58 - [TEST_STEP][PASSED] - println(M4_round_free_spin_totalWin): null

2019-08-23 17:16:58 - [TEST_STEP][PASSED] - M4_total_win = M4_round_free_spin_totalWin + M4_total_win: null

2019-08-23 17:16:58 - [TEST_STEP][PASSED] - println("M4_round_free_spin_totalWin_result is: " + M4_round_free_spin_totalWin_result): null

2019-08-23 17:16:58 - [TEST_STEP][PASSED] - if (last_spin_result &gt;= M4_round_balance): null

2019-08-23 17:16:58 - [TEST_STEP][PASSED] - M4_round_balance = last_spin_result: null

2019-08-23 17:16:58 - [TEST_STEP][PASSED] - last_spin_result = balance: null

2019-08-23 17:16:58 - [TEST_STEP][PASSED] - M4_round_free_spin_totalWin = total_win: null

2019-08-23 17:16:58 - [TEST_STEP][PASSED] - println(last_spin_result): null

2019-08-23 17:16:58 - [TEST_STEP][PASSED] - println(M4_round_free_spin_totalWin): null

2019-08-23 17:16:58 - [TEST_STEP][PASSED] - M4_total_win = M4_round_free_spin_totalWin + M4_total_win: null

2019-08-23 17:16:58 - [TEST_STEP][PASSED] - println("M4_round_free_spin_totalWin_result is: " + M4_round_free_spin_totalWin_result): null

2019-08-23 17:16:58 - [TEST_STEP][PASSED] - if (last_spin_result &gt;= M4_round_balance): null

2019-08-23 17:16:58 - [TEST_STEP][PASSED] - M4_round_balance = last_spin_result: null

2019-08-23 17:16:58 - [TEST_STEP][PASSED] - last_spin_result = balance: null

2019-08-23 17:16:58 - [TEST_STEP][PASSED] - M4_round_free_spin_totalWin = total_win: null

2019-08-23 17:16:58 - [TEST_STEP][PASSED] - println(last_spin_result): null

2019-08-23 17:16:58 - [TEST_STEP][PASSED] - println(M4_round_free_spin_totalWin): null

2019-08-23 17:16:58 - [TEST_STEP][PASSED] - M4_total_win = M4_round_free_spin_totalWin + M4_total_win: null

2019-08-23 17:16:58 - [TEST_STEP][PASSED] - println("M4_round_free_spin_totalWin_result is: " + M4_round_free_spin_totalWin_result): null

2019-08-23 17:16:58 - [TEST_STEP][PASSED] - if (last_spin_result &gt;= M4_round_balance): null

2019-08-23 17:16:58 - [TEST_STEP][PASSED] - M4_round_balance = last_spin_result: null

2019-08-23 17:16:58 - [TEST_STEP][PASSED] - sendRequestAndVerify(findTestObject("INT/RGS(M4)/in_game_history_detail", ["partner":Partner, "M4_spin_transaction_id":M4_spin_transaction_id, "M4_login_user_id":M4_login_user_id])): Send request and verify the response successfully

2019-08-23 17:16:58 - [MESSAGE][INFO] - HAR: /Users/eiralee/Katalon_Script/SuperWild/Reports/20190823_171636/INT/superWild_1/20190823_171636/requests/main/9.har

2019-08-23 17:16:58 - [TEST_CASE][PASSED] - Start Test Case : Verification: Verification accomplished successfully

2019-08-23 17:16:58 - [TEST_STEP][PASSED] - request = getInstance().getCurrentRequest(): null

2019-08-23 17:16:58 - [TEST_STEP][PASSED] - response = getInstance().getCurrentResponse(): null

2019-08-23 17:16:58 - [TEST_STEP][PASSED] - verifyResponseStatusCode(response, 200): Verify response status code successfully

2019-08-23 17:16:58 - [MESSAGE][PASSED] - Verify response status code successfully

2019-08-23 17:16:58 - [TEST_STEP][PASSED] - getStatusCode()).isEqualTo(200): null

2019-08-23 17:16:58 - [TEST_STEP][PASSED] - newline = System.getProperty("line.separator"): null

2019-08-23 17:16:58 - [TEST_STEP][PASSED] - M4_game_history = new groovy.json.JsonSlurper(): null

2019-08-23 17:16:58 - [TEST_STEP][PASSED] - M4_history = M4_game_history.parseText(response.getResponseBodyContent()): null

2019-08-23 17:16:58 - [TEST_STEP][PASSED] - M4_history_currency = currency: null

2019-08-23 17:16:58 - [TEST_STEP][PASSED] - M4_history_currency = M4_history_currency: null

2019-08-23 17:16:58 - [TEST_STEP][PASSED] - M4_history_spin_transaction = spin_transaction: null

2019-08-23 17:16:58 - [TEST_STEP][PASSED] - M4_history_spin_transaction = M4_history_spin_transaction: null

2019-08-23 17:16:58 - [TEST_STEP][PASSED] - M4_history_date = date: null

2019-08-23 17:16:58 - [TEST_STEP][PASSED] - M4_history_date = M4_history_date: null

2019-08-23 17:16:58 - [TEST_STEP][PASSED] - M4_history_game_id = game_id: null

2019-08-23 17:16:58 - [TEST_STEP][PASSED] - M4_history_tx_id = tx_id: null

2019-08-23 17:16:58 - [TEST_STEP][PASSED] - M4_history_causality = causality: null

2019-08-23 17:16:58 - [TEST_STEP][PASSED] - M4_history_causality = M4_history_causality: null

2019-08-23 17:16:58 - [TEST_STEP][PASSED] - M4_history_round_id = round_id: null

2019-08-23 17:16:58 - [TEST_STEP][PASSED] - M4_history_round_id = M4_history_round_id: null

2019-08-23 17:16:58 - [TEST_STEP][PASSED] - M4_history_game_total_won = total_won: null

2019-08-23 17:16:58 - [TEST_STEP][PASSED] - M4_history_game_total_won = M4_history_game_total_won: null

2019-08-23 17:16:58 - [TEST_STEP][PASSED] - M4_history_game_total_bet = total_bet: null

2019-08-23 17:16:58 - [TEST_STEP][PASSED] - M4_history_total_bet = M4_history_game_total_bet: null

2019-08-23 17:16:58 - [TEST_STEP][PASSED] - M4_history_lines = lines: null

2019-08-23 17:16:58 - [TEST_STEP][PASSED] - M4_history_total_won = total_won: null

2019-08-23 17:16:58 - [TEST_STEP][PASSED] - M4_history_total_won = M4_history_total_won: null

2019-08-23 17:16:58 - [TEST_STEP][PASSED] - M4_history_bonus_name = bonus_name: null

2019-08-23 17:16:58 - [TEST_STEP][PASSED] - M4_history_bonus_retrigger = bonus_retrigger: null

2019-08-23 17:16:58 - [TEST_STEP][PASSED] - M4_history_key = key: null

2019-08-23 17:16:58 - [TEST_STEP][PASSED] - M4_history_data = data: null

2019-08-23 17:16:58 - [TEST_STEP][PASSED] - M4_history_total_bet = total_bet: null

2019-08-23 17:16:58 - [TEST_STEP][PASSED] - M4_history_total_bet = M4_history_total_bet: null

2019-08-23 17:16:58 - [TEST_STEP][PASSED] - M4_history_balance = balance: null

2019-08-23 17:16:58 - [TEST_STEP][PASSED] - M4_history_balance = M4_history_balance: null

2019-08-23 17:16:58 - [TEST_STEP][PASSED] - M4_history_type = type: null

2019-08-23 17:16:58 - [TEST_STEP][PASSED] - M4_history_type = M4_history_type: null

2019-08-23 17:16:58 - [TEST_STEP][PASSED] - M4_history_reel_symbol = symbols: null

2019-08-23 17:16:58 - [TEST_STEP][PASSED] - M4_history_reel_symbol = M4_history_reel_symbol: null

2019-08-23 17:16:58 - [TEST_STEP][PASSED] - M4_history_reels = reels: null

2019-08-23 17:16:58 - [TEST_STEP][PASSED] - M4_history_reels = M4_history_reels: null

2019-08-23 17:16:58 - [TEST_STEP][PASSED] - M4_history_F_reels1 = reels: null

2019-08-23 17:16:58 - [TEST_STEP][PASSED] - M4_history_F_reels = M4_history_F_reels1: null

2019-08-23 17:16:58 - [TEST_STEP][PASSED] - M4_history_multiplier = multiplier: null

2019-08-23 17:16:58 - [TEST_STEP][PASSED] - M4_history_multiplier = M4_history_multiplier: null

2019-08-23 17:16:58 - [TEST_STEP][PASSED] - M4_history_bonuses1 = bonuses[1]: null

2019-08-23 17:16:58 - [TEST_STEP][PASSED] - M4_history_bonuses1 = M4_history_bonuses1: null

2019-08-23 17:16:58 - [MESSAGE][PASSED] - Verify response successfully

2019-08-23 17:16:58 - [MESSAGE][PASSED] - Send request and verify the response successfully

2019-08-23 17:16:58 - [TEST_STEP][PASSED] - M4_spin_number = "": null

2019-08-23 17:16:58 - [TEST_STEP][PASSED] - M4_history_bonuses1 = M4_history_bonuses1: null

2019-08-23 17:16:58 - [TEST_STEP][PASSED] - spin_data = extra_spins_data: null

2019-08-23 17:16:58 - [TEST_STEP][PASSED] - for ([i = 0, i &lt; spin_data.size(), (i++)]): null

2019-08-23 17:16:58 - [TEST_STEP][PASSED] - println(spin_data.size()): null

2019-08-23 17:16:58 - [TEST_STEP][PASSED] - spin_number_value = spin_number: null

2019-08-23 17:16:58 - [TEST_STEP][PASSED] - if (i == spin_data.size() - 1): null

2019-08-23 17:16:58 - [TEST_STEP][PASSED] - println(M4_spin_number): null

2019-08-23 17:16:58 - [TEST_STEP][PASSED] - println(spin_data.size()): null

2019-08-23 17:16:58 - [TEST_STEP][PASSED] - spin_number_value = spin_number: null

2019-08-23 17:16:58 - [TEST_STEP][PASSED] - if (i == spin_data.size() - 1): null

2019-08-23 17:16:58 - [TEST_STEP][PASSED] - println(M4_spin_number): null

2019-08-23 17:16:58 - [TEST_STEP][PASSED] - println(spin_data.size()): null

2019-08-23 17:16:58 - [TEST_STEP][PASSED] - spin_number_value = spin_number: null

2019-08-23 17:16:58 - [TEST_STEP][PASSED] - if (i == spin_data.size() - 1): null

2019-08-23 17:16:58 - [TEST_STEP][PASSED] - println(M4_spin_number): null

2019-08-23 17:16:58 - [TEST_STEP][PASSED] - println(spin_data.size()): null

2019-08-23 17:16:58 - [TEST_STEP][PASSED] - spin_number_value = spin_number: null

2019-08-23 17:16:58 - [TEST_STEP][PASSED] - if (i == spin_data.size() - 1): null

2019-08-23 17:16:58 - [TEST_STEP][PASSED] - println(M4_spin_number): null

2019-08-23 17:16:58 - [TEST_STEP][PASSED] - println(spin_data.size()): null

2019-08-23 17:16:58 - [TEST_STEP][PASSED] - spin_number_value = spin_number: null

2019-08-23 17:16:58 - [TEST_STEP][PASSED] - if (i == spin_data.size() - 1): null

2019-08-23 17:16:58 - [TEST_STEP][PASSED] - println(M4_spin_number): null

2019-08-23 17:16:58 - [TEST_STEP][PASSED] - println(spin_data.size()): null

2019-08-23 17:16:58 - [TEST_STEP][PASSED] - spin_number_value = spin_number: null

2019-08-23 17:16:58 - [TEST_STEP][PASSED] - if (i == spin_data.size() - 1): null

2019-08-23 17:16:58 - [TEST_STEP][PASSED] - println(M4_spin_number): null

2019-08-23 17:16:58 - [TEST_STEP][PASSED] - println(spin_data.size()): null

2019-08-23 17:16:58 - [TEST_STEP][PASSED] - spin_number_value = spin_number: null

2019-08-23 17:16:58 - [TEST_STEP][PASSED] - if (i == spin_data.size() - 1): null

2019-08-23 17:16:58 - [TEST_STEP][PASSED] - println(M4_spin_number): null

2019-08-23 17:16:58 - [TEST_STEP][PASSED] - println(spin_data.size()): null

2019-08-23 17:16:58 - [TEST_STEP][PASSED] - spin_number_value = spin_number: null

2019-08-23 17:16:58 - [TEST_STEP][PASSED] - if (i == spin_data.size() - 1): null

2019-08-23 17:16:58 - [TEST_STEP][PASSED] - println(M4_spin_number): null

2019-08-23 17:16:58 - [TEST_STEP][PASSED] - println(spin_data.size()): null

2019-08-23 17:16:58 - [TEST_STEP][PASSED] - spin_number_value = spin_number: null

2019-08-23 17:16:58 - [TEST_STEP][PASSED] - if (i == spin_data.size() - 1): null

2019-08-23 17:16:58 - [TEST_STEP][PASSED] - println(M4_spin_number): null

2019-08-23 17:16:58 - [TEST_STEP][PASSED] - println(spin_data.size()): null

2019-08-23 17:16:58 - [TEST_STEP][PASSED] - spin_number_value = spin_number: null

2019-08-23 17:16:58 - [TEST_STEP][PASSED] - if (i == spin_data.size() - 1): null

2019-08-23 17:16:58 - [TEST_STEP][PASSED] - M4_spin_number = spin_number_value: null

2019-08-23 17:16:58 - [TEST_STEP][PASSED] - println(M4_spin_number): null

2019-08-23 17:16:58 - [TEST_STEP][PASSED] - sendRequestAndVerify(findTestObject("INT/RGS(M4)/Summary_history", ["game_code":"SW_M4_V1_RECORDER", "partner":Partner, "userid":Userid])): Send request and verify the response successfully

2019-08-23 17:16:58 - [MESSAGE][INFO] - HAR: /Users/eiralee/Katalon_Script/SuperWild/Reports/20190823_171636/INT/superWild_1/20190823_171636/requests/main/10.har

2019-08-23 17:16:58 - [TEST_CASE][PASSED] - Start Test Case : Verification: Verification accomplished successfully

2019-08-23 17:16:58 - [TEST_STEP][PASSED] - request = getInstance().getCurrentRequest(): null

2019-08-23 17:16:58 - [TEST_STEP][PASSED] - response = getInstance().getCurrentResponse(): null

2019-08-23 17:16:58 - [TEST_STEP][PASSED] - verifyResponseStatusCode(response, 200): Verify response status code successfully

2019-08-23 17:16:58 - [MESSAGE][PASSED] - Verify response status code successfully

2019-08-23 17:16:58 - [TEST_STEP][PASSED] - getStatusCode()).isEqualTo(200): null

2019-08-23 17:16:58 - [TEST_STEP][PASSED] - summary_detail = new groovy.json.JsonSlurper(): null

2019-08-23 17:16:58 - [TEST_STEP][PASSED] - summary_history = summary_detail.parseText(response.getResponseBodyContent()): null

2019-08-23 17:16:58 - [TEST_STEP][PASSED] - summary_top_level = summary_history: null

2019-08-23 17:16:58 - [TEST_STEP][PASSED] - summary_top_level = summary_top_level: null

2019-08-23 17:16:58 - [TEST_STEP][PASSED] - summary_data = data: null

2019-08-23 17:16:58 - [TEST_STEP][PASSED] - summary_data = summary_data: null

2019-08-23 17:16:58 - [TEST_STEP][PASSED] - summary_query = query: null

2019-08-23 17:16:58 - [TEST_STEP][PASSED] - summary_query = summary_query: null

2019-08-23 17:16:58 - [TEST_STEP][PASSED] - summary_payload = payload: null

2019-08-23 17:16:58 - [TEST_STEP][PASSED] - summary_payload = summary_payload: null

2019-08-23 17:16:58 - [TEST_STEP][PASSED] - summary_round_id_1 = round_id: null

2019-08-23 17:16:58 - [TEST_STEP][PASSED] - summary_round_id_1 = summary_round_id_1: null

2019-08-23 17:16:58 - [TEST_STEP][PASSED] - summary_total_bet_1 = total_bet: null

2019-08-23 17:16:58 - [TEST_STEP][PASSED] - summary_total_bet_1 = summary_total_bet_1: null

2019-08-23 17:16:58 - [TEST_STEP][PASSED] - summary_bet_value_1 = bet_value: null

2019-08-23 17:16:58 - [TEST_STEP][PASSED] - summary_bet_value_1 = summary_bet_value_1: null

2019-08-23 17:16:58 - [TEST_STEP][PASSED] - summary_total_win_1 = total_win: null

2019-08-23 17:16:58 - [TEST_STEP][PASSED] - summary_total_win_1 = summary_total_win_1: null

2019-08-23 17:16:58 - [TEST_STEP][PASSED] - summary_balance_1 = balance: null

2019-08-23 17:16:58 - [TEST_STEP][PASSED] - summary_balance_1 = summary_balance_1: null

2019-08-23 17:16:58 - [TEST_STEP][PASSED] - summary_date_1 = date: null

2019-08-23 17:16:58 - [TEST_STEP][PASSED] - summary_date_1 = summary_date_1: null

2019-08-23 17:16:58 - [TEST_STEP][PASSED] - summary_round_type_1 = round_type: null

2019-08-23 17:16:58 - [TEST_STEP][PASSED] - summary_round_type_1 = summary_round_type_1: null

2019-08-23 17:16:58 - [TEST_STEP][PASSED] - summary_bonus_provider_1 = bonus_provider: null

2019-08-23 17:16:58 - [TEST_STEP][PASSED] - summary_bonus_provider_1 = summary_bonus_provider_1: null

2019-08-23 17:16:58 - [TEST_STEP][PASSED] - summary_booster_type_1 = booster_type: null

2019-08-23 17:16:58 - [TEST_STEP][PASSED] - summary_booster_type_1 = summary_booster_type_1: null

2019-08-23 17:16:58 - [TEST_STEP][PASSED] - summary_with_free_spin_1 = with_free_spin: null

2019-08-23 17:16:58 - [TEST_STEP][PASSED] - summary_with_free_spin_1 = summary_with_free_spin_1: null

2019-08-23 17:16:58 - [TEST_STEP][PASSED] - summary_feature_track_1 = feature_track: null

2019-08-23 17:16:58 - [TEST_STEP][PASSED] - summary_feature_track_1 = summary_feature_track_1: null

2019-08-23 17:16:58 - [TEST_STEP][PASSED] - summary_totalCount = totalCount: null

2019-08-23 17:16:58 - [TEST_STEP][PASSED] - summary_totalCount = summary_totalCount: null

2019-08-23 17:16:58 - [MESSAGE][PASSED] - Verify response successfully

2019-08-23 17:16:58 - [MESSAGE][PASSED] - Send request and verify the response successfully

2019-08-23 17:16:58 - [TEST_STEP][PASSED] - reels01 = symbol: null

2019-08-23 17:16:58 - [TEST_STEP][PASSED] - println(reels01): null

2019-08-23 17:16:58 - [TEST_STEP][PASSED] - reels02 = symbol: null

2019-08-23 17:16:58 - [TEST_STEP][PASSED] - reels03 = symbol: null

2019-08-23 17:16:58 - [TEST_STEP][PASSED] - reels11 = symbol: null

2019-08-23 17:16:58 - [TEST_STEP][PASSED] - reels12 = symbol: null

2019-08-23 17:16:58 - [TEST_STEP][PASSED] - reels13 = symbol: null

2019-08-23 17:16:58 - [TEST_STEP][PASSED] - reels21 = symbol: null

2019-08-23 17:16:58 - [TEST_STEP][PASSED] - reels22 = symbol: null

2019-08-23 17:16:58 - [TEST_STEP][PASSED] - reels23 = symbol: null

2019-08-23 17:16:58 - [TEST_STEP][PASSED] - reels31 = symbol: null

2019-08-23 17:16:58 - [TEST_STEP][PASSED] - reels32 = symbol: null

2019-08-23 17:16:58 - [TEST_STEP][PASSED] - reels33 = symbol: null

2019-08-23 17:16:58 - [TEST_STEP][PASSED] - reels41 = symbol: null

2019-08-23 17:16:58 - [TEST_STEP][PASSED] - reels42 = symbol: null

2019-08-23 17:16:58 - [TEST_STEP][PASSED] - reels43 = symbol: null

2019-08-23 17:16:58 - [TEST_STEP][PASSED] - F_reels01 = symbol: null

2019-08-23 17:16:58 - [TEST_STEP][PASSED] - F_reels02 = symbol: null

2019-08-23 17:16:58 - [TEST_STEP][PASSED] - F_reels03 = symbol: null

2019-08-23 17:16:58 - [TEST_STEP][PASSED] - F_reels11 = symbol: null

2019-08-23 17:16:58 - [TEST_STEP][PASSED] - F_reels12 = symbol: null

2019-08-23 17:16:58 - [TEST_STEP][PASSED] - F_reels13 = symbol: null

2019-08-23 17:16:58 - [TEST_STEP][PASSED] - F_reels21 = symbol: null

2019-08-23 17:16:58 - [TEST_STEP][PASSED] - F_reels22 = symbol: null

2019-08-23 17:16:58 - [TEST_STEP][PASSED] - F_reels23 = symbol: null

2019-08-23 17:16:58 - [TEST_STEP][PASSED] - F_reels31 = symbol: null

2019-08-23 17:16:58 - [TEST_STEP][PASSED] - F_reels32 = symbol: null

2019-08-23 17:16:58 - [TEST_STEP][PASSED] - F_reels33 = symbol: null

2019-08-23 17:16:58 - [TEST_STEP][PASSED] - F_reels41 = symbol: null

2019-08-23 17:16:58 - [TEST_STEP][PASSED] - F_reels42 = symbol: null

2019-08-23 17:16:58 - [TEST_STEP][PASSED] - F_reels43 = symbol: null

2019-08-23 17:16:58 - [TEST_STEP][PASSED] - wildList = wildList: null

2019-08-23 17:16:58 - [TEST_STEP][PASSED] - free_spin_reels = reels: null

2019-08-23 17:16:58 - [TEST_STEP][PASSED] - for ([i = 0, i &lt; free_spin_reels.size(), (i++)]): null

2019-08-23 17:16:58 - [TEST_STEP][PASSED] - symbols = symbols: null

2019-08-23 17:16:58 - [TEST_STEP][PASSED] - if (i == 2 || i == 3 || i == 4): null

2019-08-23 17:16:58 - [TEST_STEP][PASSED] - symbols = symbols: null

2019-08-23 17:16:58 - [TEST_STEP][PASSED] - if (i == 2 || i == 3 || i == 4): null

2019-08-23 17:16:58 - [TEST_STEP][PASSED] - symbols = symbols: null

2019-08-23 17:16:58 - [TEST_STEP][PASSED] - if (i == 2 || i == 3 || i == 4): null

2019-08-23 17:16:58 - [TEST_STEP][PASSED] - for ([j = 0, j &lt; symbols.size(), (j++)]): null

2019-08-23 17:16:58 - [TEST_STEP][PASSED] - symbol = symbol: null

2019-08-23 17:16:58 - [TEST_STEP][PASSED] - println(symbol): null

2019-08-23 17:16:58 - [TEST_STEP][PASSED] - println(i): null

2019-08-23 17:16:58 - [TEST_STEP][PASSED] - if (i == 2): null

2019-08-23 17:16:58 - [TEST_STEP][PASSED] - if (j == 0 &amp;&amp; wildList.indexOf(symbol) != -1): null

2019-08-23 17:16:58 - [TEST_STEP][PASSED] - if (j == 1 &amp;&amp; wildList.indexOf(symbol) != -1): null

2019-08-23 17:16:58 - [TEST_STEP][PASSED] - if (j == 2 &amp;&amp; wildList.indexOf(symbol) != -1): null

2019-08-23 17:16:58 - [TEST_STEP][PASSED] - if (i == 3): null

2019-08-23 17:16:58 - [TEST_STEP][PASSED] - if (i == 4 &amp;&amp; wildList.indexOf(symbol) != -1): null

2019-08-23 17:16:58 - [TEST_STEP][PASSED] - symbol = symbol: null

2019-08-23 17:16:58 - [TEST_STEP][PASSED] - println(symbol): null

2019-08-23 17:16:58 - [TEST_STEP][PASSED] - println(i): null

2019-08-23 17:16:58 - [TEST_STEP][PASSED] - if (i == 2): null

2019-08-23 17:16:58 - [TEST_STEP][PASSED] - if (j == 0 &amp;&amp; wildList.indexOf(symbol) != -1): null

2019-08-23 17:16:58 - [TEST_STEP][PASSED] - if (j == 1 &amp;&amp; wildList.indexOf(symbol) != -1): null

2019-08-23 17:16:58 - [TEST_STEP][PASSED] - if (j == 2 &amp;&amp; wildList.indexOf(symbol) != -1): null

2019-08-23 17:16:58 - [TEST_STEP][PASSED] - if (i == 3): null

2019-08-23 17:16:58 - [TEST_STEP][PASSED] - if (i == 4 &amp;&amp; wildList.indexOf(symbol) != -1): null

2019-08-23 17:16:58 - [TEST_STEP][PASSED] - symbol = symbol: null

2019-08-23 17:16:58 - [TEST_STEP][PASSED] - println(symbol): null

2019-08-23 17:16:58 - [TEST_STEP][PASSED] - println(i): null

2019-08-23 17:16:58 - [TEST_STEP][PASSED] - if (i == 2): null

2019-08-23 17:16:58 - [TEST_STEP][PASSED] - if (j == 0 &amp;&amp; wildList.indexOf(symbol) != -1): null

2019-08-23 17:16:58 - [TEST_STEP][PASSED] - if (j == 1 &amp;&amp; wildList.indexOf(symbol) != -1): null

2019-08-23 17:16:58 - [TEST_STEP][PASSED] - if (j == 2 &amp;&amp; wildList.indexOf(symbol) != -1): null

2019-08-23 17:16:58 - [TEST_STEP][PASSED] - if (i == 3): null

2019-08-23 17:16:58 - [TEST_STEP][PASSED] - if (i == 4 &amp;&amp; wildList.indexOf(symbol) != -1): null

2019-08-23 17:16:58 - [TEST_STEP][PASSED] - symbols = symbols: null

2019-08-23 17:17:03 - [TEST_STEP][PASSED] - if (i == 2 || i == 3 || i == 4): null

2019-08-23 17:17:10 - [TEST_STEP][PASSED] - for ([j = 0, j &lt; symbols.size(), (j++)]): null

2019-08-23 17:17:10 - [TEST_STEP][PASSED] - symbol = symbol: null

2019-08-23 17:17:10 - [TEST_STEP][PASSED] - println(symbol): null

2019-08-23 17:17:10 - [TEST_STEP][PASSED] - println(i): null

2019-08-23 17:17:10 - [TEST_STEP][PASSED] - if (i == 2): null

2019-08-23 17:17:10 - [TEST_STEP][PASSED] - if (i == 3): null

2019-08-23 17:17:10 - [TEST_STEP][PASSED] - if (j == 0 &amp;&amp; wildList.indexOf(symbol) != -1): null

2019-08-23 17:17:10 - [TEST_STEP][PASSED] - if (j == 1 &amp;&amp; wildList.indexOf(symbol) != -1): null

2019-08-23 17:17:10 - [TEST_STEP][PASSED] - if (j == 2 &amp;&amp; wildList.indexOf(symbol) != -1): null

2019-08-23 17:17:10 - [TEST_STEP][PASSED] - if (i == 4 &amp;&amp; wildList.indexOf(symbol) != -1): null

2019-08-23 17:17:10 - [TEST_STEP][PASSED] - symbol = symbol: null

2019-08-23 17:17:10 - [TEST_STEP][PASSED] - println(symbol): null

2019-08-23 17:17:10 - [TEST_STEP][PASSED] - println(i): null

2019-08-23 17:17:10 - [TEST_STEP][PASSED] - if (i == 2): null

2019-08-23 17:17:10 - [TEST_STEP][PASSED] - if (i == 3): null

2019-08-23 17:17:10 - [TEST_STEP][PASSED] - if (j == 0 &amp;&amp; wildList.indexOf(symbol) != -1): null

2019-08-23 17:17:10 - [TEST_STEP][PASSED] - if (j == 1 &amp;&amp; wildList.indexOf(symbol) != -1): null

2019-08-23 17:17:10 - [TEST_STEP][PASSED] - if (j == 2 &amp;&amp; wildList.indexOf(symbol) != -1): null

2019-08-23 17:17:10 - [TEST_STEP][PASSED] - if (i == 4 &amp;&amp; wildList.indexOf(symbol) != -1): null

2019-08-23 17:17:10 - [TEST_STEP][PASSED] - symbol = symbol: null

2019-08-23 17:17:10 - [TEST_STEP][PASSED] - println(symbol): null

2019-08-23 17:17:10 - [TEST_STEP][PASSED] - println(i): null

2019-08-23 17:17:10 - [TEST_STEP][PASSED] - if (i == 2): null

2019-08-23 17:17:10 - [TEST_STEP][PASSED] - if (i == 3): null

2019-08-23 17:17:10 - [TEST_STEP][PASSED] - if (j == 0 &amp;&amp; wildList.indexOf(symbol) != -1): null

2019-08-23 17:17:10 - [TEST_STEP][PASSED] - if (j == 1 &amp;&amp; wildList.indexOf(symbol) != -1): null

2019-08-23 17:17:10 - [TEST_STEP][PASSED] - if (j == 2 &amp;&amp; wildList.indexOf(symbol) != -1): null

2019-08-23 17:17:10 - [TEST_STEP][PASSED] - if (i == 4 &amp;&amp; wildList.indexOf(symbol) != -1): null

2019-08-23 17:17:10 - [TEST_STEP][PASSED] - symbols = symbols: null

2019-08-23 17:17:10 - [TEST_STEP][PASSED] - if (i == 2 || i == 3 || i == 4): null

2019-08-23 17:17:10 - [TEST_STEP][PASSED] - for ([j = 0, j &lt; symbols.size(), (j++)]): null

2019-08-23 17:17:10 - [TEST_STEP][PASSED] - symbol = symbol: null

2019-08-23 17:17:10 - [TEST_STEP][PASSED] - println(symbol): null

2019-08-23 17:17:10 - [TEST_STEP][PASSED] - println(i): null

2019-08-23 17:17:10 - [TEST_STEP][PASSED] - if (i == 2): null

2019-08-23 17:17:10 - [TEST_STEP][PASSED] - if (i == 3): null

2019-08-23 17:17:10 - [TEST_STEP][PASSED] - if (i == 4 &amp;&amp; wildList.indexOf(symbol) != -1): null

2019-08-23 17:17:10 - [TEST_STEP][PASSED] - symbol = symbol: null

2019-08-23 17:17:10 - [TEST_STEP][PASSED] - println(symbol): null

2019-08-23 17:17:10 - [TEST_STEP][PASSED] - println(i): null

2019-08-23 17:17:10 - [TEST_STEP][PASSED] - if (i == 2): null

2019-08-23 17:17:10 - [TEST_STEP][PASSED] - if (i == 3): null

2019-08-23 17:17:10 - [TEST_STEP][PASSED] - if (i == 4 &amp;&amp; wildList.indexOf(symbol) != -1): null

2019-08-23 17:17:10 - [TEST_STEP][PASSED] - symbol = symbol: null

2019-08-23 17:17:10 - [TEST_STEP][PASSED] - println(symbol): null

2019-08-23 17:17:10 - [TEST_STEP][PASSED] - println(i): null

2019-08-23 17:17:10 - [TEST_STEP][PASSED] - if (i == 2): null

2019-08-23 17:17:10 - [TEST_STEP][PASSED] - if (i == 3): null

2019-08-23 17:17:10 - [TEST_STEP][PASSED] - if (i == 4 &amp;&amp; wildList.indexOf(symbol) != -1): null

2019-08-23 17:17:10 - [TEST_STEP][PASSED] - M4_history_reels = M4_history_reels: null

2019-08-23 17:17:10 - [TEST_STEP][PASSED] - M4reels01 = symbol: null

2019-08-23 17:17:10 - [TEST_STEP][PASSED] - println(M4reels01): null

2019-08-23 17:17:10 - [TEST_STEP][PASSED] - M4reels02 = symbol: null

2019-08-23 17:17:10 - [TEST_STEP][PASSED] - M4reels03 = symbol: null

2019-08-23 17:17:10 - [TEST_STEP][PASSED] - M4reels11 = symbol: null

2019-08-23 17:17:10 - [TEST_STEP][PASSED] - M4reels12 = symbol: null

2019-08-23 17:17:10 - [TEST_STEP][PASSED] - M4reels13 = symbol: null

2019-08-23 17:17:10 - [TEST_STEP][PASSED] - M4reels21 = symbol: null

2019-08-23 17:17:10 - [TEST_STEP][PASSED] - M4reels22 = symbol: null

2019-08-23 17:17:10 - [TEST_STEP][PASSED] - M4reels23 = symbol: null

2019-08-23 17:17:10 - [TEST_STEP][PASSED] - M4reels31 = symbol: null

2019-08-23 17:17:10 - [TEST_STEP][PASSED] - M4reels32 = symbol: null

2019-08-23 17:17:10 - [TEST_STEP][PASSED] - M4reels33 = symbol: null

2019-08-23 17:17:10 - [TEST_STEP][PASSED] - M4reels41 = symbol: null

2019-08-23 17:17:10 - [TEST_STEP][PASSED] - M4reels42 = symbol: null

2019-08-23 17:17:10 - [TEST_STEP][PASSED] - M4reels43 = symbol: null

2019-08-23 17:17:10 - [TEST_STEP][PASSED] - F_M4reels01 = symbol: null

2019-08-23 17:17:10 - [TEST_STEP][PASSED] - println(F_M4reels01): null

2019-08-23 17:17:10 - [TEST_STEP][PASSED] - F_M4reels02 = symbol: null

2019-08-23 17:17:10 - [TEST_STEP][PASSED] - F_M4reels03 = symbol: null

2019-08-23 17:17:10 - [TEST_STEP][PASSED] - F_M4reels11 = symbol: null

2019-08-23 17:17:10 - [TEST_STEP][PASSED] - F_M4reels12 = symbol: null

2019-08-23 17:17:10 - [TEST_STEP][PASSED] - F_M4reels13 = symbol: null

2019-08-23 17:17:10 - [TEST_STEP][PASSED] - F_M4reels21 = symbol: null

2019-08-23 17:17:10 - [TEST_STEP][PASSED] - F_M4reels22 = symbol: null

2019-08-23 17:17:10 - [TEST_STEP][PASSED] - F_M4reels23 = symbol: null

2019-08-23 17:17:10 - [TEST_STEP][PASSED] - F_M4reels31 = symbol: null

2019-08-23 17:17:10 - [TEST_STEP][PASSED] - F_M4reels32 = symbol: null

2019-08-23 17:17:10 - [TEST_STEP][PASSED] - F_M4reels33 = symbol: null

2019-08-23 17:17:10 - [TEST_STEP][PASSED] - F_M4reels41 = symbol: null

2019-08-23 17:17:10 - [TEST_STEP][PASSED] - F_M4reels42 = symbol: null

2019-08-23 17:17:10 - [TEST_STEP][PASSED] - F_M4reels43 = symbol: null

2019-08-23 17:17:10 - [TEST_STEP][PASSED] - M4_history_balance = M4_history_balance: null

2019-08-23 17:17:10 - [TEST_STEP][PASSED] - M4_history_balance_result = new java.lang.Long(M4_history_balance): null

2019-08-23 17:17:10 - [TEST_STEP][PASSED] - setValueToCellByIndex(NuRGS, 1, 1, M4_round_currency): null

2019-08-23 17:17:10 - [TEST_STEP][PASSED] - setValueToCellByIndex(M4_historyOrOthersAPI, 1, 1, M4_history_currency): null

2019-08-23 17:17:10 - [TEST_STEP][PASSED] - setValueToCellByIndex(NuRGS, 2, 1, M4_round_id): null

2019-08-23 17:17:10 - [TEST_STEP][PASSED] - setValueToCellByIndex(M4_historyOrOthersAPI, 2, 1, M4_history_round_id): null

2019-08-23 17:17:10 - [TEST_STEP][PASSED] - setValueToCellByIndex(NuRGS, 3, 1, M4_round_balance): null

2019-08-23 17:17:10 - [TEST_STEP][PASSED] - setValueToCellByIndex(M4_historyOrOthersAPI, 3, 1, M4_history_balance_result): null

2019-08-23 17:17:10 - [TEST_STEP][PASSED] - setValueToCellByIndex(NuRGS, 4, 1, M4_round_bet_value): null

2019-08-23 17:17:10 - [TEST_STEP][PASSED] - setValueToCellByIndex(M4_historyOrOthersAPI, 4, 1, M4_history_total_bet): null

2019-08-23 17:17:10 - [TEST_STEP][PASSED] - setValueToCellByIndex(NuRGS, 5, 1, M4_round_total_bet): null

2019-08-23 17:17:10 - [TEST_STEP][PASSED] - setValueToCellByIndex(M4_historyOrOthersAPI, 5, 1, M4_history_total_bet): null

2019-08-23 17:17:10 - [TEST_STEP][PASSED] - setValueToCellByIndex(NuRGS, 6, 1, M4_total_win): null

2019-08-23 17:17:10 - [TEST_STEP][PASSED] - setValueToCellByIndex(M4_historyOrOthersAPI, 6, 1, M4_history_total_won): null

2019-08-23 17:17:10 - [TEST_STEP][PASSED] - setValueToCellByIndex(NuRGS, 7, 1, M4_round_transaction_id): null

2019-08-23 17:17:10 - [TEST_STEP][PASSED] - setValueToCellByIndex(M4_historyOrOthersAPI, 7, 1, M4_history_spin_transaction): null

2019-08-23 17:17:10 - [TEST_STEP][PASSED] - setValueToCellByIndex(NuRGS, 8, 1, M4_round_transaction_type): null

2019-08-23 17:17:10 - [TEST_STEP][PASSED] - setValueToCellByIndex(M4_historyOrOthersAPI, 8, 1, "BASE"): null

2019-08-23 17:17:10 - [TEST_STEP][PASSED] - setValueToCellByIndex(NuRGS, 9, 1, reels01): null

2019-08-23 17:17:10 - [TEST_STEP][PASSED] - setValueToCellByIndex(NuRGS, 10, 1, reels02): null

2019-08-23 17:17:10 - [TEST_STEP][PASSED] - setValueToCellByIndex(NuRGS, 11, 1, reels03): null

2019-08-23 17:17:10 - [TEST_STEP][PASSED] - setValueToCellByIndex(NuRGS, 12, 1, reels11): null

2019-08-23 17:17:10 - [TEST_STEP][PASSED] - setValueToCellByIndex(NuRGS, 13, 1, reels12): null

2019-08-23 17:17:10 - [TEST_STEP][PASSED] - setValueToCellByIndex(NuRGS, 14, 1, reels13): null

2019-08-23 17:17:10 - [TEST_STEP][PASSED] - setValueToCellByIndex(NuRGS, 15, 1, reels21): null

2019-08-23 17:17:10 - [TEST_STEP][PASSED] - setValueToCellByIndex(NuRGS, 16, 1, reels22): null

2019-08-23 17:17:10 - [TEST_STEP][PASSED] - setValueToCellByIndex(NuRGS, 17, 1, reels23): null

2019-08-23 17:17:10 - [TEST_STEP][PASSED] - setValueToCellByIndex(NuRGS, 18, 1, reels31): null

2019-08-23 17:17:10 - [TEST_STEP][PASSED] - setValueToCellByIndex(NuRGS, 19, 1, reels32): null

2019-08-23 17:17:10 - [TEST_STEP][PASSED] - setValueToCellByIndex(NuRGS, 20, 1, reels33): null

2019-08-23 17:17:10 - [TEST_STEP][PASSED] - setValueToCellByIndex(NuRGS, 21, 1, reels41): null

2019-08-23 17:17:10 - [TEST_STEP][PASSED] - setValueToCellByIndex(NuRGS, 22, 1, reels42): null

2019-08-23 17:17:10 - [TEST_STEP][PASSED] - setValueToCellByIndex(NuRGS, 23, 1, reels43): null

2019-08-23 17:17:10 - [TEST_STEP][PASSED] - setValueToCellByIndex(NuRGS, 24, 1, F_reels01): null

2019-08-23 17:17:10 - [TEST_STEP][PASSED] - setValueToCellByIndex(NuRGS, 25, 1, F_reels02): null

2019-08-23 17:17:10 - [TEST_STEP][PASSED] - setValueToCellByIndex(NuRGS, 26, 1, F_reels03): null

2019-08-23 17:17:10 - [TEST_STEP][PASSED] - setValueToCellByIndex(NuRGS, 27, 1, F_reels11): null

2019-08-23 17:17:10 - [TEST_STEP][PASSED] - setValueToCellByIndex(NuRGS, 28, 1, F_reels12): null

2019-08-23 17:17:10 - [TEST_STEP][PASSED] - setValueToCellByIndex(NuRGS, 29, 1, F_reels13): null

2019-08-23 17:17:10 - [TEST_STEP][PASSED] - setValueToCellByIndex(NuRGS, 30, 1, F_reels21): null

2019-08-23 17:17:10 - [TEST_STEP][PASSED] - setValueToCellByIndex(NuRGS, 31, 1, F_reels22): null

2019-08-23 17:17:10 - [TEST_STEP][PASSED] - setValueToCellByIndex(NuRGS, 32, 1, F_reels23): null

2019-08-23 17:17:10 - [TEST_STEP][PASSED] - setValueToCellByIndex(NuRGS, 33, 1, F_reels31): null

2019-08-23 17:17:10 - [TEST_STEP][PASSED] - setValueToCellByIndex(NuRGS, 34, 1, F_reels32): null

2019-08-23 17:17:10 - [TEST_STEP][PASSED] - setValueToCellByIndex(NuRGS, 35, 1, F_reels33): null

2019-08-23 17:17:10 - [TEST_STEP][PASSED] - setValueToCellByIndex(NuRGS, 36, 1, F_reels41): null

2019-08-23 17:17:10 - [TEST_STEP][PASSED] - setValueToCellByIndex(NuRGS, 37, 1, F_reels42): null

2019-08-23 17:17:10 - [TEST_STEP][PASSED] - setValueToCellByIndex(NuRGS, 38, 1, F_reels43): null

2019-08-23 17:17:10 - [TEST_STEP][PASSED] - setValueToCellByIndex(NuRGS, 39, 1, free_spins_left): null

2019-08-23 17:17:10 - [TEST_STEP][PASSED] - setValueToCellByIndex(NuRGS, 40, 1, total_free_spin_count): null

2019-08-23 17:17:10 - [TEST_STEP][PASSED] - setValueToCellByIndex(NuRGS, 41, 1, total_free_spin_win_amount): null

2019-08-23 17:17:10 - [TEST_STEP][PASSED] - setValueToCellByIndex(M4_historyOrOthersAPI, 9, 1, M4reels01): null

2019-08-23 17:17:10 - [TEST_STEP][PASSED] - setValueToCellByIndex(M4_historyOrOthersAPI, 10, 1, M4reels02): null

2019-08-23 17:17:10 - [TEST_STEP][PASSED] - setValueToCellByIndex(M4_historyOrOthersAPI, 11, 1, M4reels03): null

2019-08-23 17:17:10 - [TEST_STEP][PASSED] - setValueToCellByIndex(M4_historyOrOthersAPI, 12, 1, M4reels11): null

2019-08-23 17:17:10 - [TEST_STEP][PASSED] - setValueToCellByIndex(M4_historyOrOthersAPI, 13, 1, M4reels12): null

2019-08-23 17:17:10 - [TEST_STEP][PASSED] - setValueToCellByIndex(M4_historyOrOthersAPI, 14, 1, M4reels13): null

2019-08-23 17:17:10 - [TEST_STEP][PASSED] - setValueToCellByIndex(M4_historyOrOthersAPI, 15, 1, M4reels21): null

2019-08-23 17:17:10 - [TEST_STEP][PASSED] - setValueToCellByIndex(M4_historyOrOthersAPI, 16, 1, M4reels22): null

2019-08-23 17:17:10 - [TEST_STEP][PASSED] - setValueToCellByIndex(M4_historyOrOthersAPI, 17, 1, M4reels23): null

2019-08-23 17:17:10 - [TEST_STEP][PASSED] - setValueToCellByIndex(M4_historyOrOthersAPI, 18, 1, M4reels31): null

2019-08-23 17:17:10 - [TEST_STEP][PASSED] - setValueToCellByIndex(M4_historyOrOthersAPI, 19, 1, M4reels32): null

2019-08-23 17:17:10 - [TEST_STEP][PASSED] - setValueToCellByIndex(M4_historyOrOthersAPI, 20, 1, M4reels33): null

2019-08-23 17:17:10 - [TEST_STEP][PASSED] - setValueToCellByIndex(M4_historyOrOthersAPI, 21, 1, M4reels41): null

2019-08-23 17:17:10 - [TEST_STEP][PASSED] - setValueToCellByIndex(M4_historyOrOthersAPI, 22, 1, M4reels42): null

2019-08-23 17:17:10 - [TEST_STEP][PASSED] - setValueToCellByIndex(M4_historyOrOthersAPI, 23, 1, M4reels43): null

2019-08-23 17:17:10 - [TEST_STEP][PASSED] - setValueToCellByIndex(M4_historyOrOthersAPI, 24, 1, F_M4reels01): null

2019-08-23 17:17:10 - [TEST_STEP][PASSED] - setValueToCellByIndex(M4_historyOrOthersAPI, 25, 1, F_M4reels02): null

2019-08-23 17:17:10 - [TEST_STEP][PASSED] - setValueToCellByIndex(M4_historyOrOthersAPI, 26, 1, F_M4reels03): null

2019-08-23 17:17:10 - [TEST_STEP][PASSED] - setValueToCellByIndex(M4_historyOrOthersAPI, 27, 1, F_M4reels11): null

2019-08-23 17:17:10 - [TEST_STEP][PASSED] - setValueToCellByIndex(M4_historyOrOthersAPI, 28, 1, F_M4reels12): null

2019-08-23 17:17:10 - [TEST_STEP][PASSED] - setValueToCellByIndex(M4_historyOrOthersAPI, 29, 1, F_M4reels13): null

2019-08-23 17:17:10 - [TEST_STEP][PASSED] - setValueToCellByIndex(M4_historyOrOthersAPI, 30, 1, F_M4reels21): null

2019-08-23 17:17:10 - [TEST_STEP][PASSED] - setValueToCellByIndex(M4_historyOrOthersAPI, 31, 1, F_M4reels22): null

2019-08-23 17:17:10 - [TEST_STEP][PASSED] - setValueToCellByIndex(M4_historyOrOthersAPI, 32, 1, F_M4reels23): null

2019-08-23 17:17:10 - [TEST_STEP][PASSED] - setValueToCellByIndex(M4_historyOrOthersAPI, 33, 1, F_M4reels31): null

2019-08-23 17:17:10 - [TEST_STEP][PASSED] - setValueToCellByIndex(M4_historyOrOthersAPI, 34, 1, F_M4reels32): null

2019-08-23 17:17:10 - [TEST_STEP][PASSED] - setValueToCellByIndex(M4_historyOrOthersAPI, 35, 1, F_M4reels33): null

2019-08-23 17:17:10 - [TEST_STEP][PASSED] - setValueToCellByIndex(M4_historyOrOthersAPI, 36, 1, F_M4reels41): null

2019-08-23 17:17:10 - [TEST_STEP][PASSED] - setValueToCellByIndex(M4_historyOrOthersAPI, 37, 1, F_M4reels42): null

2019-08-23 17:17:10 - [TEST_STEP][PASSED] - setValueToCellByIndex(M4_historyOrOthersAPI, 38, 1, F_M4reels43): null

2019-08-23 17:17:10 - [TEST_STEP][PASSED] - setValueToCellByIndex(M4_historyOrOthersAPI, 39, 1, 0): null

2019-08-23 17:17:10 - [TEST_STEP][PASSED] - setValueToCellByIndex(M4_historyOrOthersAPI, 40, 1, M4_spin_number): null

2019-08-23 17:17:10 - [TEST_STEP][PASSED] - setValueToCellByIndex(M4_historyOrOthersAPI, 41, 1, M4_history_total_won): null

2019-08-23 17:17:10 - [TEST_STEP][PASSED] - setValueToCellByAddresses(M4_historyOrOthersAPI, content1): null

2019-08-23 17:17:10 - [TEST_STEP][PASSED] - setValueToCellByAddresses(NuRGS, content): null

2019-08-23 17:17:10 - [TEST_STEP][PASSED] - saveWorkbook(excelTestFile02, workbook01): null

2019-08-23 17:17:10 - [TEST_STEP][PASSED] - CompareSheet_result = compareTwoSheets(NuRGS, M4_historyOrOthersAPI): Row 41 not equals

2019-08-23 17:17:10 - [MESSAGE][INFO] - Cell 1 not equal - Value of cell 1 is 0.0, value of cell 2 is 192000.0

2019-08-23 17:17:10 - [MESSAGE][INFO] - Row 41 not equals

2019-08-23 17:17:10 - [TEST_STEP][PASSED] - println("Result of compare sheet01 of File01Sheet01 and File02Sheet01 is: " + CompareSheet_result): null

2019-08-23 17:17:10 - [TEST_STEP][PASSED] - println("reels01 is: " + reels01): null

2019-08-23 17:17:10 - [TEST_STEP][PASSED] - println("M4reels01 is: " + M4reels01): null

2019-08-23 17:17:10 - [TEST_STEP][PASSED] - println("F_reels01 is: " + F_reels01): null

2019-08-23 17:17:10 - [TEST_STEP][PASSED] - println("F_M4reels01 is: " + F_M4reels01): null

2019-08-23 17:17:10 - [TEST_STEP][PASSED] - feature_trigger_complete = complete: null

2019-08-23 17:17:10 - [TEST_STEP][PASSED] - println("feature_trigger_complete" + feature_trigger_complete): null

2019-08-23 17:17:10 - [TEST_STEP][PASSED] - println("GlobalVariable.summary_total_win_1 is: " + summary_total_win_1): null

2019-08-23 17:17:10 - [TEST_STEP][PASSED] - println("GlobalVariable.M4_history_total_won is: " + M4_history_total_won): null

2019-08-23 17:17:10 - [TEST_STEP][PASSED] - println("GlobalVariable.summary_round_id_1 is:" + summary_round_id_1): null

2019-08-23 17:17:10 - [TEST_STEP][PASSED] - println("GlobalVariable.summary_total_win_1 is:" + summary_total_win_1): null

2019-08-23 17:17:10 - [TEST_STEP][PASSED] - println("GlobalVariable.M4_history_total_won is: " + M4_history_total_won): null

2019-08-23 17:17:10 - [TEST_STEP][PASSED] - println("GlobalVariable.summary_with_free_spin_1 is: " + summary_with_free_spin_1): null

2019-08-23 17:17:10 - [TEST_STEP][PASSED] - assert reels01 == M4reels01: null

2019-08-23 17:17:10 - [TEST_STEP][PASSED] - assert F_reels01 == F_M4reels01: null

2019-08-23 17:17:10 - [TEST_STEP][PASSED] - assert feature_trigger_complete == true: null

2019-08-23 17:17:10 - [TEST_STEP][PASSED] - assert summary_with_free_spin_1 == true: null

2019-08-23 17:17:10 - [TEST_STEP][PASSED] - assert summary_total_win_1 == M4_history_total_won: null

2019-08-23 17:17:10 - [MESSAGE][PASSED] - Call Test Case 'Test Cases/INT_env/compare_values/1_freeSpin_verify_value' successfully</system-out>
            <system-err></system-err>
        </testcase>
        <system-out>2019-08-23 17:16:48 - [TEST_SUITE][INCOMPLETE] - superWild_1: null</system-out>
        <system-err>2019-08-23 17:16:48 - [TEST_SUITE][INCOMPLETE] - superWild_1: null</system-err>
    </testsuite>
</testsuites>
